<?xml version="1.0" encoding="UTF-8"?>
<testsuite xmlns:xsi="http://www.w3.org/2001/XMLSchema-instance" xsi:noNamespaceSchemaLocation="https://maven.apache.org/surefire/maven-surefire-plugin/xsd/surefire-test-report.xsd" name="org.apache.hadoop.ozone.om.TestOzoneManagerPrepare" time="312.439" tests="6" errors="4" skipped="1" failures="0">
  <properties>
    <property name="awt.toolkit" value="sun.awt.X11.XToolkit"/>
    <property name="file.encoding.pkg" value="sun.io"/>
    <property name="java.specification.version" value="1.8"/>
    <property name="sun.cpu.isalist" value=""/>
    <property name="sun.jnu.encoding" value="UTF-8"/>
    <property name="java.class.path" value="/home/runner/work/ozone/ozone/hadoop-ozone/integration-test/target/test-classes:/home/runner/work/ozone/ozone/hadoop-ozone/integration-test/target/classes:/home/runner/.m2/repository/org/apache/ozone/ozone-common/1.2.0-SNAPSHOT/ozone-common-1.2.0-SNAPSHOT.jar:/home/runner/.m2/repository/org/apache/commons/commons-compress/1.20/commons-compress-1.20.jar:/home/runner/.m2/repository/org/apache/ozone/hdds-common/1.2.0-SNAPSHOT/hdds-common-1.2.0-SNAPSHOT.jar:/home/runner/.m2/repository/org/apache/ozone/hdds-client/1.2.0-SNAPSHOT/hdds-client-1.2.0-SNAPSHOT.jar:/home/runner/.m2/repository/org/apache/ozone/ozone-interface-client/1.2.0-SNAPSHOT/ozone-interface-client-1.2.0-SNAPSHOT.jar:/home/runner/.m2/repository/org/apache/ozone/hdds-server-framework/1.2.0-SNAPSHOT/hdds-server-framework-1.2.0-SNAPSHOT.jar:/home/runner/.m2/repository/org/apache/ozone/hdds-interface-server/1.2.0-SNAPSHOT/hdds-interface-server-1.2.0-SNAPSHOT.jar:/home/runner/.m2/repository/org/eclipse/jetty/jetty-servlet/9.4.43.v20210629/jetty-servlet-9.4.43.v20210629.jar:/home/runner/.m2/repository/org/eclipse/jetty/jetty-security/9.4.43.v20210629/jetty-security-9.4.43.v20210629.jar:/home/runner/.m2/repository/org/rocksdb/rocksdbjni/6.20.3/rocksdbjni-6.20.3.jar:/home/runner/.m2/repository/io/prometheus/simpleclient_dropwizard/0.7.0/simpleclient_dropwizard-0.7.0.jar:/home/runner/.m2/repository/io/prometheus/simpleclient/0.7.0/simpleclient-0.7.0.jar:/home/runner/.m2/repository/io/prometheus/simpleclient_common/0.7.0/simpleclient_common-0.7.0.jar:/home/runner/.m2/repository/com/fasterxml/jackson/datatype/jackson-datatype-jsr310/2.12.1/jackson-datatype-jsr310-2.12.1.jar:/home/runner/.m2/repository/org/apache/ozone/hdds-test-utils/1.2.0-SNAPSHOT/hdds-test-utils-1.2.0-SNAPSHOT.jar:/home/runner/.m2/repository/com/google/guava/guava/30.1.1-jre/guava-30.1.1-jre.jar:/home/runner/.m2/repository/com/google/guava/failureaccess/1.0.1/failureaccess-1.0.1.jar:/home/runner/.m2/repository/com/google/guava/listenablefuture/9999.0-empty-to-avoid-conflict-with-guava/listenablefuture-9999.0-empty-to-avoid-conflict-with-guava.jar:/home/runner/.m2/repository/com/google/code/findbugs/jsr305/3.0.0/jsr305-3.0.0.jar:/home/runner/.m2/repository/org/checkerframework/checker-qual/3.8.0/checker-qual-3.8.0.jar:/home/runner/.m2/repository/com/google/errorprone/error_prone_annotations/2.2.0/error_prone_annotations-2.2.0.jar:/home/runner/.m2/repository/com/google/j2objc/j2objc-annotations/1.3/j2objc-annotations-1.3.jar:/home/runner/.m2/repository/commons-io/commons-io/2.11.0/commons-io-2.11.0.jar:/home/runner/.m2/repository/commons-logging/commons-logging/1.2/commons-logging-1.2.jar:/home/runner/.m2/repository/log4j/log4j/1.2.17/log4j-1.2.17.jar:/home/runner/.m2/repository/org/slf4j/slf4j-api/1.7.30/slf4j-api-1.7.30.jar:/home/runner/.m2/repository/org/apache/ozone/hdds-server-scm/1.2.0-SNAPSHOT/hdds-server-scm-1.2.0-SNAPSHOT.jar:/home/runner/.m2/repository/org/apache/ozone/hdds-container-service/1.2.0-SNAPSHOT/hdds-container-service-1.2.0-SNAPSHOT.jar:/home/runner/.m2/repository/org/apache/ozone/hdds-hadoop-dependency-server/1.2.0-SNAPSHOT/hdds-hadoop-dependency-server-1.2.0-SNAPSHOT.jar:/home/runner/.m2/repository/org/apache/hadoop/hadoop-hdfs/3.3.1/hadoop-hdfs-3.3.1.jar:/home/runner/.m2/repository/io/dropwizard/metrics/metrics-core/3.2.4/metrics-core-3.2.4.jar:/home/runner/.m2/repository/org/apache/hadoop/hadoop-hdfs-client/3.3.1/hadoop-hdfs-client-3.3.1.jar:/home/runner/.m2/repository/org/bouncycastle/bcprov-jdk15on/1.67/bcprov-jdk15on-1.67.jar:/home/runner/.m2/repository/com/google/protobuf/protobuf-java/2.5.0/protobuf-java-2.5.0.jar:/home/runner/.m2/repository/org/apache/ozone/ozone-manager/1.2.0-SNAPSHOT/ozone-manager-1.2.0-SNAPSHOT.jar:/home/runner/.m2/repository/org/aspectj/aspectjrt/1.9.7/aspectjrt-1.9.7.jar:/home/runner/.m2/repository/org/aspectj/aspectjweaver/1.9.7/aspectjweaver-1.9.7.jar:/home/runner/.m2/repository/org/apache/ozone/hdds-interface-client/1.2.0-SNAPSHOT/hdds-interface-client-1.2.0-SNAPSHOT.jar:/home/runner/.m2/repository/org/apache/hadoop/thirdparty/hadoop-shaded-protobuf_3_7/1.1.1/hadoop-shaded-protobuf_3_7-1.1.1.jar:/home/runner/.m2/repository/org/apache/ozone/ozone-interface-storage/1.2.0-SNAPSHOT/ozone-interface-storage-1.2.0-SNAPSHOT.jar:/home/runner/.m2/repository/org/reflections/reflections/0.9.11/reflections-0.9.11.jar:/home/runner/.m2/repository/org/apache/hadoop/hadoop-minikdc/3.3.1/hadoop-minikdc-3.3.1.jar:/home/runner/.m2/repository/org/apache/kerby/kerb-simplekdc/1.0.1/kerb-simplekdc-1.0.1.jar:/home/runner/.m2/repository/org/apache/kerby/kerb-client/1.0.1/kerb-client-1.0.1.jar:/home/runner/.m2/repository/org/apache/kerby/kerby-config/1.0.1/kerby-config-1.0.1.jar:/home/runner/.m2/repository/org/apache/kerby/kerb-common/1.0.1/kerb-common-1.0.1.jar:/home/runner/.m2/repository/org/apache/kerby/kerb-crypto/1.0.1/kerb-crypto-1.0.1.jar:/home/runner/.m2/repository/org/apache/kerby/kerb-util/1.0.1/kerb-util-1.0.1.jar:/home/runner/.m2/repository/org/apache/kerby/token-provider/1.0.1/token-provider-1.0.1.jar:/home/runner/.m2/repository/org/apache/kerby/kerb-admin/1.0.1/kerb-admin-1.0.1.jar:/home/runner/.m2/repository/org/apache/kerby/kerb-server/1.0.1/kerb-server-1.0.1.jar:/home/runner/.m2/repository/org/apache/kerby/kerb-identity/1.0.1/kerb-identity-1.0.1.jar:/home/runner/.m2/repository/org/apache/kerby/kerby-xdr/1.0.1/kerby-xdr-1.0.1.jar:/home/runner/.m2/repository/org/slf4j/slf4j-log4j12/1.7.30/slf4j-log4j12-1.7.30.jar:/home/runner/.m2/repository/org/apache/ozone/ozone-s3gateway/1.2.0-SNAPSHOT/ozone-s3gateway-1.2.0-SNAPSHOT.jar:/home/runner/.m2/repository/org/javassist/javassist/3.21.0-GA/javassist-3.21.0-GA.jar:/home/runner/.m2/repository/org/jboss/weld/servlet/weld-servlet/2.4.7.Final/weld-servlet-2.4.7.Final.jar:/home/runner/.m2/repository/org/glassfish/jersey/containers/jersey-container-servlet-core/2.33/jersey-container-servlet-core-2.33.jar:/home/runner/.m2/repository/org/glassfish/hk2/external/jakarta.inject/2.6.1/jakarta.inject-2.6.1.jar:/home/runner/.m2/repository/org/glassfish/jersey/core/jersey-common/2.33/jersey-common-2.33.jar:/home/runner/.m2/repository/jakarta/ws/rs/jakarta.ws.rs-api/2.1.6/jakarta.ws.rs-api-2.1.6.jar:/home/runner/.m2/repository/org/glassfish/jersey/ext/cdi/jersey-cdi1x/2.33/jersey-cdi1x-2.33.jar:/home/runner/.m2/repository/org/glassfish/jersey/inject/jersey-hk2/2.33/jersey-hk2-2.33.jar:/home/runner/.m2/repository/org/glassfish/hk2/hk2-locator/2.6.1/hk2-locator-2.6.1.jar:/home/runner/.m2/repository/org/glassfish/jersey/media/jersey-media-jaxb/2.33/jersey-media-jaxb-2.33.jar:/home/runner/.m2/repository/org/glassfish/hk2/osgi-resource-locator/1.0.3/osgi-resource-locator-1.0.3.jar:/home/runner/.m2/repository/org/glassfish/hk2/hk2-api/2.5.0/hk2-api-2.5.0.jar:/home/runner/.m2/repository/org/glassfish/hk2/hk2-utils/2.5.0/hk2-utils-2.5.0.jar:/home/runner/.m2/repository/org/glassfish/hk2/external/aopalliance-repackaged/2.5.0/aopalliance-repackaged-2.5.0.jar:/home/runner/.m2/repository/com/fasterxml/jackson/dataformat/jackson-dataformat-xml/2.12.1/jackson-dataformat-xml-2.12.1.jar:/home/runner/.m2/repository/com/fasterxml/jackson/core/jackson-core/2.12.1/jackson-core-2.12.1.jar:/home/runner/.m2/repository/com/fasterxml/jackson/module/jackson-module-jaxb-annotations/2.12.1/jackson-module-jaxb-annotations-2.12.1.jar:/home/runner/.m2/repository/jakarta/xml/bind/jakarta.xml.bind-api/2.3.2/jakarta.xml.bind-api-2.3.2.jar:/home/runner/.m2/repository/org/codehaus/woodstox/stax2-api/3.1.4/stax2-api-3.1.4.jar:/home/runner/.m2/repository/com/fasterxml/woodstox/woodstox-core/5.0.3/woodstox-core-5.0.3.jar:/home/runner/.m2/repository/javax/enterprise/cdi-api/1.2/cdi-api-1.2.jar:/home/runner/.m2/repository/javax/el/javax.el-api/3.0.0/javax.el-api-3.0.0.jar:/home/runner/.m2/repository/javax/interceptor/javax.interceptor-api/1.2/javax.interceptor-api-1.2.jar:/home/runner/.m2/repository/javax/inject/javax.inject/1/javax.inject-1.jar:/home/runner/.m2/repository/javax/xml/bind/jaxb-api/2.3.0/jaxb-api-2.3.0.jar:/home/runner/.m2/repository/org/glassfish/jaxb/jaxb-runtime/2.3.0.1/jaxb-runtime-2.3.0.1.jar:/home/runner/.m2/repository/org/glassfish/jaxb/jaxb-core/2.3.0.1/jaxb-core-2.3.0.1.jar:/home/runner/.m2/repository/org/glassfish/jaxb/txw2/2.3.0.1/txw2-2.3.0.1.jar:/home/runner/.m2/repository/com/sun/istack/istack-commons-runtime/3.0.5/istack-commons-runtime-3.0.5.jar:/home/runner/.m2/repository/org/jvnet/staxex/stax-ex/1.7.8/stax-ex-1.7.8.jar:/home/runner/.m2/repository/com/sun/xml/fastinfoset/FastInfoset/1.2.13/FastInfoset-1.2.13.jar:/home/runner/.m2/repository/javax/activation/activation/1.1.1/activation-1.1.1.jar:/home/runner/.m2/repository/org/apache/ozone/ozone-csi/1.2.0-SNAPSHOT/ozone-csi-1.2.0-SNAPSHOT.jar:/home/runner/.m2/repository/com/google/protobuf/protobuf-java-util/3.12.0/protobuf-java-util-3.12.0.jar:/home/runner/.m2/repository/com/google/code/gson/gson/2.2.4/gson-2.2.4.jar:/home/runner/.m2/repository/org/apache/ozone/hdds-config/1.2.0-SNAPSHOT/hdds-config-1.2.0-SNAPSHOT.jar:/home/runner/.m2/repository/io/grpc/grpc-netty/1.33.0/grpc-netty-1.33.0.jar:/home/runner/.m2/repository/io/grpc/grpc-core/1.33.0/grpc-core-1.33.0.jar:/home/runner/.m2/repository/com/google/android/annotations/4.1.1.4/annotations-4.1.1.4.jar:/home/runner/.m2/repository/io/netty/netty-codec-http2/4.1.63.Final/netty-codec-http2-4.1.63.Final.jar:/home/runner/.m2/repository/io/netty/netty-codec-http/4.1.63.Final/netty-codec-http-4.1.63.Final.jar:/home/runner/.m2/repository/io/netty/netty-handler-proxy/4.1.63.Final/netty-handler-proxy-4.1.63.Final.jar:/home/runner/.m2/repository/io/netty/netty-codec-socks/4.1.63.Final/netty-codec-socks-4.1.63.Final.jar:/home/runner/.m2/repository/io/perfmark/perfmark-api/0.19.0/perfmark-api-0.19.0.jar:/home/runner/.m2/repository/org/codehaus/mojo/animal-sniffer-annotations/1.18/animal-sniffer-annotations-1.18.jar:/home/runner/.m2/repository/io/netty/netty-transport-native-epoll/4.1.63.Final/netty-transport-native-epoll-4.1.63.Final.jar:/home/runner/.m2/repository/io/netty/netty-common/4.1.63.Final/netty-common-4.1.63.Final.jar:/home/runner/.m2/repository/io/netty/netty-buffer/4.1.63.Final/netty-buffer-4.1.63.Final.jar:/home/runner/.m2/repository/io/netty/netty-transport-native-unix-common/4.1.63.Final/netty-transport-native-unix-common-4.1.63.Final.jar:/home/runner/.m2/repository/io/grpc/grpc-protobuf/1.33.0/grpc-protobuf-1.33.0.jar:/home/runner/.m2/repository/io/grpc/grpc-api/1.33.0/grpc-api-1.33.0.jar:/home/runner/.m2/repository/io/grpc/grpc-context/1.33.0/grpc-context-1.33.0.jar:/home/runner/.m2/repository/com/google/api/grpc/proto-google-common-protos/1.17.0/proto-google-common-protos-1.17.0.jar:/home/runner/.m2/repository/io/grpc/grpc-protobuf-lite/1.33.0/grpc-protobuf-lite-1.33.0.jar:/home/runner/.m2/repository/io/grpc/grpc-stub/1.33.0/grpc-stub-1.33.0.jar:/home/runner/.m2/repository/org/apache/ozone/ozone-recon/1.2.0-SNAPSHOT/ozone-recon-1.2.0-SNAPSHOT.jar:/home/runner/.m2/repository/org/apache/ozone/ozone-reconcodegen/1.2.0-SNAPSHOT/ozone-reconcodegen-1.2.0-SNAPSHOT.jar:/home/runner/.m2/repository/com/google/inject/extensions/guice-multibindings/4.0/guice-multibindings-4.0.jar:/home/runner/.m2/repository/com/google/inject/guice/4.0/guice-4.0.jar:/home/runner/.m2/repository/aopalliance/aopalliance/1.0/aopalliance-1.0.jar:/home/runner/.m2/repository/com/google/inject/extensions/guice-assistedinject/4.0/guice-assistedinject-4.0.jar:/home/runner/.m2/repository/com/google/inject/extensions/guice-servlet/4.0/guice-servlet-4.0.jar:/home/runner/.m2/repository/org/glassfish/jersey/containers/jersey-container-servlet/2.33/jersey-container-servlet-2.33.jar:/home/runner/.m2/repository/org/glassfish/hk2/guice-bridge/2.5.0/guice-bridge-2.5.0.jar:/home/runner/.m2/repository/org/glassfish/jersey/core/jersey-server/2.33/jersey-server-2.33.jar:/home/runner/.m2/repository/org/glassfish/jersey/core/jersey-client/2.33/jersey-client-2.33.jar:/home/runner/.m2/repository/jakarta/annotation/jakarta.annotation-api/1.3.5/jakarta.annotation-api-1.3.5.jar:/home/runner/.m2/repository/jakarta/validation/jakarta.validation-api/2.0.2/jakarta.validation-api-2.0.2.jar:/home/runner/.m2/repository/org/glassfish/jersey/media/jersey-media-json-jackson/2.33/jersey-media-json-jackson-2.33.jar:/home/runner/.m2/repository/org/glassfish/jersey/ext/jersey-entity-filtering/2.33/jersey-entity-filtering-2.33.jar:/home/runner/.m2/repository/org/jooq/jooq/3.11.10/jooq-3.11.10.jar:/home/runner/.m2/repository/org/jooq/jooq-meta/3.11.10/jooq-meta-3.11.10.jar:/home/runner/.m2/repository/org/jooq/jooq-codegen/3.11.10/jooq-codegen-3.11.10.jar:/home/runner/.m2/repository/com/jolbox/bonecp/0.8.0.RELEASE/bonecp-0.8.0.RELEASE.jar:/home/runner/.m2/repository/org/apache/derby/derby/10.14.2.0/derby-10.14.2.0.jar:/home/runner/.m2/repository/org/xerial/sqlite-jdbc/3.25.2/sqlite-jdbc-3.25.2.jar:/home/runner/.m2/repository/org/springframework/spring-jdbc/5.2.11.RELEASE/spring-jdbc-5.2.11.RELEASE.jar:/home/runner/.m2/repository/org/springframework/spring-beans/5.2.11.RELEASE/spring-beans-5.2.11.RELEASE.jar:/home/runner/.m2/repository/org/springframework/spring-core/5.2.11.RELEASE/spring-core-5.2.11.RELEASE.jar:/home/runner/.m2/repository/org/springframework/spring-jcl/5.2.11.RELEASE/spring-jcl-5.2.11.RELEASE.jar:/home/runner/.m2/repository/org/springframework/spring-tx/5.2.11.RELEASE/spring-tx-5.2.11.RELEASE.jar:/home/runner/.m2/repository/org/apache/ozone/ozone-client/1.2.0-SNAPSHOT/ozone-client-1.2.0-SNAPSHOT.jar:/home/runner/.m2/repository/org/apache/ozone/ozone-filesystem/1.2.0-SNAPSHOT/ozone-filesystem-1.2.0-SNAPSHOT.jar:/home/runner/.m2/repository/org/apache/ozone/ozone-filesystem-common/1.2.0-SNAPSHOT/ozone-filesystem-common-1.2.0-SNAPSHOT.jar:/home/runner/.m2/repository/org/apache/ozone/ozone-tools/1.2.0-SNAPSHOT/ozone-tools-1.2.0-SNAPSHOT.jar:/home/runner/.m2/repository/org/apache/ratis/ratis-tools/2.1.0-03f3b68-SNAPSHOT/ratis-tools-2.1.0-03f3b68-SNAPSHOT.jar:/home/runner/.m2/repository/com/amazonaws/aws-java-sdk-core/1.11.901/aws-java-sdk-core-1.11.901.jar:/home/runner/.m2/repository/org/apache/httpcomponents/httpclient/4.5.13/httpclient-4.5.13.jar:/home/runner/.m2/repository/org/apache/httpcomponents/httpcore/4.4.13/httpcore-4.4.13.jar:/home/runner/.m2/repository/software/amazon/ion/ion-java/1.0.2/ion-java-1.0.2.jar:/home/runner/.m2/repository/com/fasterxml/jackson/dataformat/jackson-dataformat-cbor/2.12.1/jackson-dataformat-cbor-2.12.1.jar:/home/runner/.m2/repository/joda-time/joda-time/2.8.1/joda-time-2.8.1.jar:/home/runner/.m2/repository/com/amazonaws/aws-java-sdk-s3/1.11.901/aws-java-sdk-s3-1.11.901.jar:/home/runner/.m2/repository/com/amazonaws/aws-java-sdk-kms/1.11.901/aws-java-sdk-kms-1.11.901.jar:/home/runner/.m2/repository/com/amazonaws/jmespath-java/1.11.901/jmespath-java-1.11.901.jar:/home/runner/.m2/repository/org/kohsuke/metainf-services/metainf-services/1.8/metainf-services-1.8.jar:/home/runner/.m2/repository/org/apache/ozone/hdds-tools/1.2.0-SNAPSHOT/hdds-tools-1.2.0-SNAPSHOT.jar:/home/runner/.m2/repository/commons-cli/commons-cli/1.2/commons-cli-1.2.jar:/home/runner/.m2/repository/org/apache/commons/commons-lang3/3.7/commons-lang3-3.7.jar:/home/runner/.m2/repository/org/apache/ozone/ozone-manager/1.2.0-SNAPSHOT/ozone-manager-1.2.0-SNAPSHOT-tests.jar:/home/runner/.m2/repository/org/apache/ozone/hdds-common/1.2.0-SNAPSHOT/hdds-common-1.2.0-SNAPSHOT-tests.jar:/home/runner/.m2/repository/org/apache/ozone/hdds-hadoop-dependency-client/1.2.0-SNAPSHOT/hdds-hadoop-dependency-client-1.2.0-SNAPSHOT.jar:/home/runner/.m2/repository/info/picocli/picocli/4.6.1/picocli-4.6.1.jar:/home/runner/.m2/repository/com/fasterxml/jackson/core/jackson-annotations/2.12.1/jackson-annotations-2.12.1.jar:/home/runner/.m2/repository/javax/annotation/javax.annotation-api/1.2/javax.annotation-api-1.2.jar:/home/runner/.m2/repository/org/apache/ratis/ratis-server/2.1.0-03f3b68-SNAPSHOT/ratis-server-2.1.0-03f3b68-SNAPSHOT.jar:/home/runner/.m2/repository/org/apache/ratis/ratis-client/2.1.0-03f3b68-SNAPSHOT/ratis-client-2.1.0-03f3b68-SNAPSHOT.jar:/home/runner/.m2/repository/org/apache/ratis/ratis-server-api/2.1.0-03f3b68-SNAPSHOT/ratis-server-api-2.1.0-03f3b68-SNAPSHOT.jar:/home/runner/.m2/repository/org/apache/ratis/ratis-metrics/2.1.0-03f3b68-SNAPSHOT/ratis-metrics-2.1.0-03f3b68-SNAPSHOT.jar:/home/runner/.m2/repository/org/apache/ratis/ratis-netty/2.1.0-03f3b68-SNAPSHOT/ratis-netty-2.1.0-03f3b68-SNAPSHOT.jar:/home/runner/.m2/repository/org/apache/ratis/ratis-grpc/2.1.0-03f3b68-SNAPSHOT/ratis-grpc-2.1.0-03f3b68-SNAPSHOT.jar:/home/runner/.m2/repository/org/apache/logging/log4j/log4j-api/2.13.3/log4j-api-2.13.3.jar:/home/runner/.m2/repository/org/apache/logging/log4j/log4j-core/2.13.3/log4j-core-2.13.3.jar:/home/runner/.m2/repository/com/lmax/disruptor/3.4.2/disruptor-3.4.2.jar:/home/runner/.m2/repository/org/apache/commons/commons-pool2/2.6.0/commons-pool2-2.6.0.jar:/home/runner/.m2/repository/org/bouncycastle/bcpkix-jdk15on/1.67/bcpkix-jdk15on-1.67.jar:/home/runner/.m2/repository/commons-validator/commons-validator/1.6/commons-validator-1.6.jar:/home/runner/.m2/repository/commons-beanutils/commons-beanutils/1.9.4/commons-beanutils-1.9.4.jar:/home/runner/.m2/repository/commons-digester/commons-digester/1.8.1/commons-digester-1.8.1.jar:/home/runner/.m2/repository/commons-collections/commons-collections/3.2.2/commons-collections-3.2.2.jar:/home/runner/.m2/repository/io/jaegertracing/jaeger-client/1.6.0/jaeger-client-1.6.0.jar:/home/runner/.m2/repository/io/jaegertracing/jaeger-thrift/1.6.0/jaeger-thrift-1.6.0.jar:/home/runner/.m2/repository/org/apache/thrift/libthrift/0.14.1/libthrift-0.14.1.jar:/home/runner/.m2/repository/com/squareup/okhttp3/okhttp/4.9.0/okhttp-4.9.0.jar:/home/runner/.m2/repository/com/squareup/okio/okio/2.8.0/okio-2.8.0.jar:/home/runner/.m2/repository/io/jaegertracing/jaeger-core/1.6.0/jaeger-core-1.6.0.jar:/home/runner/.m2/repository/io/jaegertracing/jaeger-tracerresolver/1.6.0/jaeger-tracerresolver-1.6.0.jar:/home/runner/.m2/repository/io/opentracing/contrib/opentracing-tracerresolver/0.1.8/opentracing-tracerresolver-0.1.8.jar:/home/runner/.m2/repository/org/jetbrains/kotlin/kotlin-stdlib/1.4.31/kotlin-stdlib-1.4.31.jar:/home/runner/.m2/repository/org/jetbrains/kotlin/kotlin-stdlib-common/1.4.31/kotlin-stdlib-common-1.4.31.jar:/home/runner/.m2/repository/org/jetbrains/annotations/13.0/annotations-13.0.jar:/home/runner/.m2/repository/io/opentracing/opentracing-util/0.33.0/opentracing-util-0.33.0.jar:/home/runner/.m2/repository/io/opentracing/opentracing-api/0.33.0/opentracing-api-0.33.0.jar:/home/runner/.m2/repository/io/opentracing/opentracing-noop/0.33.0/opentracing-noop-0.33.0.jar:/home/runner/.m2/repository/org/yaml/snakeyaml/1.26/snakeyaml-1.26.jar:/home/runner/.m2/repository/org/apache/ozone/hdds-interface-admin/1.2.0-SNAPSHOT/hdds-interface-admin-1.2.0-SNAPSHOT.jar:/home/runner/.m2/repository/junit/junit/4.13.1/junit-4.13.1.jar:/home/runner/.m2/repository/org/hamcrest/hamcrest-core/1.3/hamcrest-core-1.3.jar:/home/runner/.m2/repository/org/junit/jupiter/junit-jupiter-api/5.7.0/junit-jupiter-api-5.7.0.jar:/home/runner/.m2/repository/org/apiguardian/apiguardian-api/1.1.0/apiguardian-api-1.1.0.jar:/home/runner/.m2/repository/org/opentest4j/opentest4j/1.2.0/opentest4j-1.2.0.jar:/home/runner/.m2/repository/org/junit/platform/junit-platform-commons/1.7.0/junit-platform-commons-1.7.0.jar:/home/runner/.m2/repository/org/junit/jupiter/junit-jupiter-engine/5.7.0/junit-jupiter-engine-5.7.0.jar:/home/runner/.m2/repository/org/junit/platform/junit-platform-engine/1.7.0/junit-platform-engine-1.7.0.jar:/home/runner/.m2/repository/org/junit/vintage/junit-vintage-engine/5.7.0/junit-vintage-engine-5.7.0.jar:/home/runner/.m2/repository/org/junit/platform/junit-platform-launcher/1.7.0/junit-platform-launcher-1.7.0.jar:/home/runner/.m2/repository/org/openjdk/jmh/jmh-core/1.19/jmh-core-1.19.jar:/home/runner/.m2/repository/net/sf/jopt-simple/jopt-simple/4.6/jopt-simple-4.6.jar:/home/runner/.m2/repository/org/apache/commons/commons-math3/3.1.1/commons-math3-3.1.1.jar:/home/runner/.m2/repository/org/openjdk/jmh/jmh-generator-annprocess/1.19/jmh-generator-annprocess-1.19.jar:/home/runner/.m2/repository/org/mockito/mockito-core/2.28.2/mockito-core-2.28.2.jar:/home/runner/.m2/repository/net/bytebuddy/byte-buddy/1.9.10/byte-buddy-1.9.10.jar:/home/runner/.m2/repository/net/bytebuddy/byte-buddy-agent/1.9.10/byte-buddy-agent-1.9.10.jar:/home/runner/.m2/repository/org/objenesis/objenesis/1.0/objenesis-1.0.jar:/home/runner/.m2/repository/org/apache/hadoop/hadoop-kms/3.3.1/hadoop-kms-3.3.1.jar:/home/runner/.m2/repository/org/apache/hadoop/hadoop-auth/3.3.1/hadoop-auth-3.3.1.jar:/home/runner/.m2/repository/com/nimbusds/nimbus-jose-jwt/7.9/nimbus-jose-jwt-7.9.jar:/home/runner/.m2/repository/com/github/stephenc/jcip/jcip-annotations/1.0-1/jcip-annotations-1.0-1.jar:/home/runner/.m2/repository/net/minidev/json-smart/2.3/json-smart-2.3.jar:/home/runner/.m2/repository/net/minidev/accessors-smart/1.2/accessors-smart-1.2.jar:/home/runner/.m2/repository/org/ow2/asm/asm/5.0.4/asm-5.0.4.jar:/home/runner/.m2/repository/org/apache/zookeeper/zookeeper/3.5.6/zookeeper-3.5.6.jar:/home/runner/.m2/repository/org/apache/zookeeper/zookeeper-jute/3.5.6/zookeeper-jute-3.5.6.jar:/home/runner/.m2/repository/org/apache/yetus/audience-annotations/0.5.0/audience-annotations-0.5.0.jar:/home/runner/.m2/repository/org/apache/curator/curator-framework/4.2.0/curator-framework-4.2.0.jar:/home/runner/.m2/repository/org/apache/hadoop/thirdparty/hadoop-shaded-guava/1.1.1/hadoop-shaded-guava-1.1.1.jar:/home/runner/.m2/repository/com/sun/jersey/jersey-core/1.19/jersey-core-1.19.jar:/home/runner/.m2/repository/javax/ws/rs/jsr311-api/1.1.1/jsr311-api-1.1.1.jar:/home/runner/.m2/repository/com/sun/jersey/jersey-server/1.19/jersey-server-1.19.jar:/home/runner/.m2/repository/javax/servlet/javax.servlet-api/3.1.0/javax.servlet-api-3.1.0.jar:/home/runner/.m2/repository/org/eclipse/jetty/jetty-server/9.4.43.v20210629/jetty-server-9.4.43.v20210629.jar:/home/runner/.m2/repository/org/eclipse/jetty/jetty-http/9.4.43.v20210629/jetty-http-9.4.43.v20210629.jar:/home/runner/.m2/repository/org/eclipse/jetty/jetty-io/9.4.43.v20210629/jetty-io-9.4.43.v20210629.jar:/home/runner/.m2/repository/org/eclipse/jetty/jetty-webapp/9.4.43.v20210629/jetty-webapp-9.4.43.v20210629.jar:/home/runner/.m2/repository/org/eclipse/jetty/jetty-xml/9.4.43.v20210629/jetty-xml-9.4.43.v20210629.jar:/home/runner/.m2/repository/org/apache/hadoop/hadoop-common/3.3.1/hadoop-common-3.3.1.jar:/home/runner/.m2/repository/commons-net/commons-net/3.6/commons-net-3.6.jar:/home/runner/.m2/repository/jakarta/activation/jakarta.activation-api/1.2.1/jakarta.activation-api-1.2.1.jar:/home/runner/.m2/repository/com/sun/jersey/jersey-servlet/1.19/jersey-servlet-1.19.jar:/home/runner/.m2/repository/com/sun/jersey/jersey-json/1.19/jersey-json-1.19.jar:/home/runner/.m2/repository/org/codehaus/jettison/jettison/1.1/jettison-1.1.jar:/home/runner/.m2/repository/com/sun/xml/bind/jaxb-impl/2.2.3-1/jaxb-impl-2.2.3-1.jar:/home/runner/.m2/repository/org/codehaus/jackson/jackson-jaxrs/1.9.2/jackson-jaxrs-1.9.2.jar:/home/runner/.m2/repository/org/codehaus/jackson/jackson-xc/1.9.2/jackson-xc-1.9.2.jar:/home/runner/.m2/repository/org/apache/commons/commons-configuration2/2.1.1/commons-configuration2-2.1.1.jar:/home/runner/.m2/repository/org/apache/commons/commons-text/1.4/commons-text-1.4.jar:/home/runner/.m2/repository/com/google/re2j/re2j/1.1/re2j-1.1.jar:/home/runner/.m2/repository/com/jcraft/jsch/0.1.54/jsch-0.1.54.jar:/home/runner/.m2/repository/org/apache/curator/curator-client/4.2.0/curator-client-4.2.0.jar:/home/runner/.m2/repository/org/apache/curator/curator-recipes/4.2.0/curator-recipes-4.2.0.jar:/home/runner/.m2/repository/org/apache/kerby/kerb-core/1.0.1/kerb-core-1.0.1.jar:/home/runner/.m2/repository/org/apache/kerby/kerby-pkix/1.0.1/kerby-pkix-1.0.1.jar:/home/runner/.m2/repository/org/apache/kerby/kerby-asn1/1.0.1/kerby-asn1-1.0.1.jar:/home/runner/.m2/repository/org/apache/kerby/kerby-util/1.0.1/kerby-util-1.0.1.jar:/home/runner/.m2/repository/dnsjava/dnsjava/2.1.7/dnsjava-2.1.7.jar:/home/runner/.m2/repository/org/xerial/snappy/snappy-java/1.1.8.2/snappy-java-1.1.8.2.jar:/home/runner/.m2/repository/org/slf4j/jul-to-slf4j/1.7.30/jul-to-slf4j-1.7.30.jar:/home/runner/.m2/repository/org/eclipse/jetty/jetty-util/9.4.43.v20210629/jetty-util-9.4.43.v20210629.jar:/home/runner/.m2/repository/com/fasterxml/jackson/core/jackson-databind/2.12.1/jackson-databind-2.12.1.jar:/home/runner/.m2/repository/org/apache/hadoop/hadoop-kms/3.3.1/hadoop-kms-3.3.1-tests.jar:/home/runner/.m2/repository/org/apache/ozone/hdds-server-scm/1.2.0-SNAPSHOT/hdds-server-scm-1.2.0-SNAPSHOT-tests.jar:/home/runner/.m2/repository/org/apache/ozone/hdds-container-service/1.2.0-SNAPSHOT/hdds-container-service-1.2.0-SNAPSHOT-tests.jar:/home/runner/.m2/repository/commons-codec/commons-codec/1.11/commons-codec-1.11.jar:/home/runner/.m2/repository/io/netty/netty-transport/4.1.63.Final/netty-transport-4.1.63.Final.jar:/home/runner/.m2/repository/io/netty/netty-resolver/4.1.63.Final/netty-resolver-4.1.63.Final.jar:/home/runner/.m2/repository/io/netty/netty-codec/4.1.63.Final/netty-codec-4.1.63.Final.jar:/home/runner/.m2/repository/io/netty/netty-handler/4.1.63.Final/netty-handler-4.1.63.Final.jar:/home/runner/.m2/repository/org/apache/ozone/hdds-hadoop-dependency-test/1.2.0-SNAPSHOT/hdds-hadoop-dependency-test-1.2.0-SNAPSHOT.jar:/home/runner/.m2/repository/org/apache/hadoop/hadoop-common/3.3.1/hadoop-common-3.3.1-tests.jar:/home/runner/.m2/repository/org/assertj/assertj-core/3.12.2/assertj-core-3.12.2.jar:/home/runner/.m2/repository/org/apache/hadoop/hadoop-hdfs/3.3.1/hadoop-hdfs-3.3.1-tests.jar:/home/runner/.m2/repository/org/eclipse/jetty/jetty-util-ajax/9.4.43.v20210629/jetty-util-ajax-9.4.43.v20210629.jar:/home/runner/.m2/repository/commons-daemon/commons-daemon/1.0.13/commons-daemon-1.0.13.jar:/home/runner/.m2/repository/io/netty/netty/3.10.6.Final/netty-3.10.6.Final.jar:/home/runner/.m2/repository/io/netty/netty-all/4.1.63.Final/netty-all-4.1.63.Final.jar:/home/runner/.m2/repository/org/apache/htrace/htrace-core4/4.1.0-incubating/htrace-core4-4.1.0-incubating.jar:/home/runner/.m2/repository/org/fusesource/leveldbjni/leveldbjni-all/1.8/leveldbjni-all-1.8.jar:/home/runner/.m2/repository/org/apache/hadoop/hadoop-distcp/3.3.1/hadoop-distcp-3.3.1.jar:/home/runner/.m2/repository/org/apache/hadoop/hadoop-mapreduce-client-jobclient/3.3.1/hadoop-mapreduce-client-jobclient-3.3.1.jar:/home/runner/.m2/repository/org/apache/hadoop/hadoop-mapreduce-client-common/3.3.1/hadoop-mapreduce-client-common-3.3.1.jar:/home/runner/.m2/repository/org/apache/hadoop/hadoop-yarn-common/3.3.1/hadoop-yarn-common-3.3.1.jar:/home/runner/.m2/repository/org/apache/hadoop/hadoop-yarn-api/3.3.1/hadoop-yarn-api-3.3.1.jar:/home/runner/.m2/repository/com/sun/jersey/jersey-client/1.19/jersey-client-1.19.jar:/home/runner/.m2/repository/com/sun/jersey/contribs/jersey-guice/1.19/jersey-guice-1.19.jar:/home/runner/.m2/repository/com/fasterxml/jackson/jaxrs/jackson-jaxrs-json-provider/2.12.1/jackson-jaxrs-json-provider-2.12.1.jar:/home/runner/.m2/repository/com/fasterxml/jackson/jaxrs/jackson-jaxrs-base/2.12.1/jackson-jaxrs-base-2.12.1.jar:/home/runner/.m2/repository/org/apache/hadoop/hadoop-yarn-client/3.3.1/hadoop-yarn-client-3.3.1.jar:/home/runner/.m2/repository/org/eclipse/jetty/websocket/websocket-client/9.4.40.v20210413/websocket-client-9.4.40.v20210413.jar:/home/runner/.m2/repository/org/eclipse/jetty/jetty-client/9.4.40.v20210413/jetty-client-9.4.40.v20210413.jar:/home/runner/.m2/repository/org/eclipse/jetty/websocket/websocket-common/9.4.40.v20210413/websocket-common-9.4.40.v20210413.jar:/home/runner/.m2/repository/org/eclipse/jetty/websocket/websocket-api/9.4.40.v20210413/websocket-api-9.4.40.v20210413.jar:/home/runner/.m2/repository/org/jline/jline/3.9.0/jline-3.9.0.jar:/home/runner/.m2/repository/org/apache/hadoop/hadoop-mapreduce-client-core/3.3.1/hadoop-mapreduce-client-core-3.3.1.jar:/home/runner/.m2/repository/org/apache/avro/avro/1.7.7/avro-1.7.7.jar:/home/runner/.m2/repository/org/codehaus/jackson/jackson-core-asl/1.9.13/jackson-core-asl-1.9.13.jar:/home/runner/.m2/repository/org/codehaus/jackson/jackson-mapper-asl/1.9.13/jackson-mapper-asl-1.9.13.jar:/home/runner/.m2/repository/com/thoughtworks/paranamer/paranamer/2.3/paranamer-2.3.jar:/home/runner/.m2/repository/org/apache/hadoop/hadoop-annotations/3.3.1/hadoop-annotations-3.3.1.jar:/usr/lib/jvm/adoptopenjdk-8-hotspot-amd64/jre/../lib/tools.jar:/home/runner/.m2/repository/org/apache/hadoop/hadoop-distcp/3.3.1/hadoop-distcp-3.3.1-tests.jar:/home/runner/.m2/repository/org/apache/ratis/ratis-common/2.1.0-03f3b68-SNAPSHOT/ratis-common-2.1.0-03f3b68-SNAPSHOT.jar:/home/runner/.m2/repository/org/apache/ratis/ratis-thirdparty-misc/0.7.0/ratis-thirdparty-misc-0.7.0.jar:/home/runner/.m2/repository/org/apache/ratis/ratis-proto/2.1.0-03f3b68-SNAPSHOT/ratis-proto-2.1.0-03f3b68-SNAPSHOT.jar:"/>
    <property name="java.vm.vendor" value="AdoptOpenJDK"/>
    <property name="sun.arch.data.model" value="64"/>
    <property name="test.build.dir" value="/home/runner/work/ozone/ozone/hadoop-ozone/integration-test/target/test-dir"/>
    <property name="test.cache.data" value=""/>
    <property name="java.vendor.url" value="https://adoptopenjdk.net/"/>
    <property name="user.timezone" value=""/>
    <property name="java.vm.specification.version" value="1.8"/>
    <property name="os.name" value="Linux"/>
    <property name="test.build.data" value="/home/runner/work/ozone/ozone/hadoop-ozone/integration-test/target/test-dir"/>
    <property name="sun.java.launcher" value="SUN_STANDARD"/>
    <property name="sun.boot.library.path" value="/usr/lib/jvm/adoptopenjdk-8-hotspot-amd64/jre/lib/amd64"/>
    <property name="sun.java.command" value="/home/runner/work/ozone/ozone/hadoop-ozone/integration-test/target/surefire/surefirebooter710458678235920173.jar /home/runner/work/ozone/ozone/hadoop-ozone/integration-test/target/surefire 2021-10-05T12-12-59_683-jvmRun1 surefire2042257262865628268tmp surefire_263699772499832193700tmp"/>
    <property name="surefire.test.class.path" value="/home/runner/work/ozone/ozone/hadoop-ozone/integration-test/target/test-classes:/home/runner/work/ozone/ozone/hadoop-ozone/integration-test/target/classes:/home/runner/.m2/repository/org/apache/ozone/ozone-common/1.2.0-SNAPSHOT/ozone-common-1.2.0-SNAPSHOT.jar:/home/runner/.m2/repository/org/apache/commons/commons-compress/1.20/commons-compress-1.20.jar:/home/runner/.m2/repository/org/apache/ozone/hdds-common/1.2.0-SNAPSHOT/hdds-common-1.2.0-SNAPSHOT.jar:/home/runner/.m2/repository/org/apache/ozone/hdds-client/1.2.0-SNAPSHOT/hdds-client-1.2.0-SNAPSHOT.jar:/home/runner/.m2/repository/org/apache/ozone/ozone-interface-client/1.2.0-SNAPSHOT/ozone-interface-client-1.2.0-SNAPSHOT.jar:/home/runner/.m2/repository/org/apache/ozone/hdds-server-framework/1.2.0-SNAPSHOT/hdds-server-framework-1.2.0-SNAPSHOT.jar:/home/runner/.m2/repository/org/apache/ozone/hdds-interface-server/1.2.0-SNAPSHOT/hdds-interface-server-1.2.0-SNAPSHOT.jar:/home/runner/.m2/repository/org/eclipse/jetty/jetty-servlet/9.4.43.v20210629/jetty-servlet-9.4.43.v20210629.jar:/home/runner/.m2/repository/org/eclipse/jetty/jetty-security/9.4.43.v20210629/jetty-security-9.4.43.v20210629.jar:/home/runner/.m2/repository/org/rocksdb/rocksdbjni/6.20.3/rocksdbjni-6.20.3.jar:/home/runner/.m2/repository/io/prometheus/simpleclient_dropwizard/0.7.0/simpleclient_dropwizard-0.7.0.jar:/home/runner/.m2/repository/io/prometheus/simpleclient/0.7.0/simpleclient-0.7.0.jar:/home/runner/.m2/repository/io/prometheus/simpleclient_common/0.7.0/simpleclient_common-0.7.0.jar:/home/runner/.m2/repository/com/fasterxml/jackson/datatype/jackson-datatype-jsr310/2.12.1/jackson-datatype-jsr310-2.12.1.jar:/home/runner/.m2/repository/org/apache/ozone/hdds-test-utils/1.2.0-SNAPSHOT/hdds-test-utils-1.2.0-SNAPSHOT.jar:/home/runner/.m2/repository/com/google/guava/guava/30.1.1-jre/guava-30.1.1-jre.jar:/home/runner/.m2/repository/com/google/guava/failureaccess/1.0.1/failureaccess-1.0.1.jar:/home/runner/.m2/repository/com/google/guava/listenablefuture/9999.0-empty-to-avoid-conflict-with-guava/listenablefuture-9999.0-empty-to-avoid-conflict-with-guava.jar:/home/runner/.m2/repository/com/google/code/findbugs/jsr305/3.0.0/jsr305-3.0.0.jar:/home/runner/.m2/repository/org/checkerframework/checker-qual/3.8.0/checker-qual-3.8.0.jar:/home/runner/.m2/repository/com/google/errorprone/error_prone_annotations/2.2.0/error_prone_annotations-2.2.0.jar:/home/runner/.m2/repository/com/google/j2objc/j2objc-annotations/1.3/j2objc-annotations-1.3.jar:/home/runner/.m2/repository/commons-io/commons-io/2.11.0/commons-io-2.11.0.jar:/home/runner/.m2/repository/commons-logging/commons-logging/1.2/commons-logging-1.2.jar:/home/runner/.m2/repository/log4j/log4j/1.2.17/log4j-1.2.17.jar:/home/runner/.m2/repository/org/slf4j/slf4j-api/1.7.30/slf4j-api-1.7.30.jar:/home/runner/.m2/repository/org/apache/ozone/hdds-server-scm/1.2.0-SNAPSHOT/hdds-server-scm-1.2.0-SNAPSHOT.jar:/home/runner/.m2/repository/org/apache/ozone/hdds-container-service/1.2.0-SNAPSHOT/hdds-container-service-1.2.0-SNAPSHOT.jar:/home/runner/.m2/repository/org/apache/ozone/hdds-hadoop-dependency-server/1.2.0-SNAPSHOT/hdds-hadoop-dependency-server-1.2.0-SNAPSHOT.jar:/home/runner/.m2/repository/org/apache/hadoop/hadoop-hdfs/3.3.1/hadoop-hdfs-3.3.1.jar:/home/runner/.m2/repository/io/dropwizard/metrics/metrics-core/3.2.4/metrics-core-3.2.4.jar:/home/runner/.m2/repository/org/apache/hadoop/hadoop-hdfs-client/3.3.1/hadoop-hdfs-client-3.3.1.jar:/home/runner/.m2/repository/org/bouncycastle/bcprov-jdk15on/1.67/bcprov-jdk15on-1.67.jar:/home/runner/.m2/repository/com/google/protobuf/protobuf-java/2.5.0/protobuf-java-2.5.0.jar:/home/runner/.m2/repository/org/apache/ozone/ozone-manager/1.2.0-SNAPSHOT/ozone-manager-1.2.0-SNAPSHOT.jar:/home/runner/.m2/repository/org/aspectj/aspectjrt/1.9.7/aspectjrt-1.9.7.jar:/home/runner/.m2/repository/org/aspectj/aspectjweaver/1.9.7/aspectjweaver-1.9.7.jar:/home/runner/.m2/repository/org/apache/ozone/hdds-interface-client/1.2.0-SNAPSHOT/hdds-interface-client-1.2.0-SNAPSHOT.jar:/home/runner/.m2/repository/org/apache/hadoop/thirdparty/hadoop-shaded-protobuf_3_7/1.1.1/hadoop-shaded-protobuf_3_7-1.1.1.jar:/home/runner/.m2/repository/org/apache/ozone/ozone-interface-storage/1.2.0-SNAPSHOT/ozone-interface-storage-1.2.0-SNAPSHOT.jar:/home/runner/.m2/repository/org/reflections/reflections/0.9.11/reflections-0.9.11.jar:/home/runner/.m2/repository/org/apache/hadoop/hadoop-minikdc/3.3.1/hadoop-minikdc-3.3.1.jar:/home/runner/.m2/repository/org/apache/kerby/kerb-simplekdc/1.0.1/kerb-simplekdc-1.0.1.jar:/home/runner/.m2/repository/org/apache/kerby/kerb-client/1.0.1/kerb-client-1.0.1.jar:/home/runner/.m2/repository/org/apache/kerby/kerby-config/1.0.1/kerby-config-1.0.1.jar:/home/runner/.m2/repository/org/apache/kerby/kerb-common/1.0.1/kerb-common-1.0.1.jar:/home/runner/.m2/repository/org/apache/kerby/kerb-crypto/1.0.1/kerb-crypto-1.0.1.jar:/home/runner/.m2/repository/org/apache/kerby/kerb-util/1.0.1/kerb-util-1.0.1.jar:/home/runner/.m2/repository/org/apache/kerby/token-provider/1.0.1/token-provider-1.0.1.jar:/home/runner/.m2/repository/org/apache/kerby/kerb-admin/1.0.1/kerb-admin-1.0.1.jar:/home/runner/.m2/repository/org/apache/kerby/kerb-server/1.0.1/kerb-server-1.0.1.jar:/home/runner/.m2/repository/org/apache/kerby/kerb-identity/1.0.1/kerb-identity-1.0.1.jar:/home/runner/.m2/repository/org/apache/kerby/kerby-xdr/1.0.1/kerby-xdr-1.0.1.jar:/home/runner/.m2/repository/org/slf4j/slf4j-log4j12/1.7.30/slf4j-log4j12-1.7.30.jar:/home/runner/.m2/repository/org/apache/ozone/ozone-s3gateway/1.2.0-SNAPSHOT/ozone-s3gateway-1.2.0-SNAPSHOT.jar:/home/runner/.m2/repository/org/javassist/javassist/3.21.0-GA/javassist-3.21.0-GA.jar:/home/runner/.m2/repository/org/jboss/weld/servlet/weld-servlet/2.4.7.Final/weld-servlet-2.4.7.Final.jar:/home/runner/.m2/repository/org/glassfish/jersey/containers/jersey-container-servlet-core/2.33/jersey-container-servlet-core-2.33.jar:/home/runner/.m2/repository/org/glassfish/hk2/external/jakarta.inject/2.6.1/jakarta.inject-2.6.1.jar:/home/runner/.m2/repository/org/glassfish/jersey/core/jersey-common/2.33/jersey-common-2.33.jar:/home/runner/.m2/repository/jakarta/ws/rs/jakarta.ws.rs-api/2.1.6/jakarta.ws.rs-api-2.1.6.jar:/home/runner/.m2/repository/org/glassfish/jersey/ext/cdi/jersey-cdi1x/2.33/jersey-cdi1x-2.33.jar:/home/runner/.m2/repository/org/glassfish/jersey/inject/jersey-hk2/2.33/jersey-hk2-2.33.jar:/home/runner/.m2/repository/org/glassfish/hk2/hk2-locator/2.6.1/hk2-locator-2.6.1.jar:/home/runner/.m2/repository/org/glassfish/jersey/media/jersey-media-jaxb/2.33/jersey-media-jaxb-2.33.jar:/home/runner/.m2/repository/org/glassfish/hk2/osgi-resource-locator/1.0.3/osgi-resource-locator-1.0.3.jar:/home/runner/.m2/repository/org/glassfish/hk2/hk2-api/2.5.0/hk2-api-2.5.0.jar:/home/runner/.m2/repository/org/glassfish/hk2/hk2-utils/2.5.0/hk2-utils-2.5.0.jar:/home/runner/.m2/repository/org/glassfish/hk2/external/aopalliance-repackaged/2.5.0/aopalliance-repackaged-2.5.0.jar:/home/runner/.m2/repository/com/fasterxml/jackson/dataformat/jackson-dataformat-xml/2.12.1/jackson-dataformat-xml-2.12.1.jar:/home/runner/.m2/repository/com/fasterxml/jackson/core/jackson-core/2.12.1/jackson-core-2.12.1.jar:/home/runner/.m2/repository/com/fasterxml/jackson/module/jackson-module-jaxb-annotations/2.12.1/jackson-module-jaxb-annotations-2.12.1.jar:/home/runner/.m2/repository/jakarta/xml/bind/jakarta.xml.bind-api/2.3.2/jakarta.xml.bind-api-2.3.2.jar:/home/runner/.m2/repository/org/codehaus/woodstox/stax2-api/3.1.4/stax2-api-3.1.4.jar:/home/runner/.m2/repository/com/fasterxml/woodstox/woodstox-core/5.0.3/woodstox-core-5.0.3.jar:/home/runner/.m2/repository/javax/enterprise/cdi-api/1.2/cdi-api-1.2.jar:/home/runner/.m2/repository/javax/el/javax.el-api/3.0.0/javax.el-api-3.0.0.jar:/home/runner/.m2/repository/javax/interceptor/javax.interceptor-api/1.2/javax.interceptor-api-1.2.jar:/home/runner/.m2/repository/javax/inject/javax.inject/1/javax.inject-1.jar:/home/runner/.m2/repository/javax/xml/bind/jaxb-api/2.3.0/jaxb-api-2.3.0.jar:/home/runner/.m2/repository/org/glassfish/jaxb/jaxb-runtime/2.3.0.1/jaxb-runtime-2.3.0.1.jar:/home/runner/.m2/repository/org/glassfish/jaxb/jaxb-core/2.3.0.1/jaxb-core-2.3.0.1.jar:/home/runner/.m2/repository/org/glassfish/jaxb/txw2/2.3.0.1/txw2-2.3.0.1.jar:/home/runner/.m2/repository/com/sun/istack/istack-commons-runtime/3.0.5/istack-commons-runtime-3.0.5.jar:/home/runner/.m2/repository/org/jvnet/staxex/stax-ex/1.7.8/stax-ex-1.7.8.jar:/home/runner/.m2/repository/com/sun/xml/fastinfoset/FastInfoset/1.2.13/FastInfoset-1.2.13.jar:/home/runner/.m2/repository/javax/activation/activation/1.1.1/activation-1.1.1.jar:/home/runner/.m2/repository/org/apache/ozone/ozone-csi/1.2.0-SNAPSHOT/ozone-csi-1.2.0-SNAPSHOT.jar:/home/runner/.m2/repository/com/google/protobuf/protobuf-java-util/3.12.0/protobuf-java-util-3.12.0.jar:/home/runner/.m2/repository/com/google/code/gson/gson/2.2.4/gson-2.2.4.jar:/home/runner/.m2/repository/org/apache/ozone/hdds-config/1.2.0-SNAPSHOT/hdds-config-1.2.0-SNAPSHOT.jar:/home/runner/.m2/repository/io/grpc/grpc-netty/1.33.0/grpc-netty-1.33.0.jar:/home/runner/.m2/repository/io/grpc/grpc-core/1.33.0/grpc-core-1.33.0.jar:/home/runner/.m2/repository/com/google/android/annotations/4.1.1.4/annotations-4.1.1.4.jar:/home/runner/.m2/repository/io/netty/netty-codec-http2/4.1.63.Final/netty-codec-http2-4.1.63.Final.jar:/home/runner/.m2/repository/io/netty/netty-codec-http/4.1.63.Final/netty-codec-http-4.1.63.Final.jar:/home/runner/.m2/repository/io/netty/netty-handler-proxy/4.1.63.Final/netty-handler-proxy-4.1.63.Final.jar:/home/runner/.m2/repository/io/netty/netty-codec-socks/4.1.63.Final/netty-codec-socks-4.1.63.Final.jar:/home/runner/.m2/repository/io/perfmark/perfmark-api/0.19.0/perfmark-api-0.19.0.jar:/home/runner/.m2/repository/org/codehaus/mojo/animal-sniffer-annotations/1.18/animal-sniffer-annotations-1.18.jar:/home/runner/.m2/repository/io/netty/netty-transport-native-epoll/4.1.63.Final/netty-transport-native-epoll-4.1.63.Final.jar:/home/runner/.m2/repository/io/netty/netty-common/4.1.63.Final/netty-common-4.1.63.Final.jar:/home/runner/.m2/repository/io/netty/netty-buffer/4.1.63.Final/netty-buffer-4.1.63.Final.jar:/home/runner/.m2/repository/io/netty/netty-transport-native-unix-common/4.1.63.Final/netty-transport-native-unix-common-4.1.63.Final.jar:/home/runner/.m2/repository/io/grpc/grpc-protobuf/1.33.0/grpc-protobuf-1.33.0.jar:/home/runner/.m2/repository/io/grpc/grpc-api/1.33.0/grpc-api-1.33.0.jar:/home/runner/.m2/repository/io/grpc/grpc-context/1.33.0/grpc-context-1.33.0.jar:/home/runner/.m2/repository/com/google/api/grpc/proto-google-common-protos/1.17.0/proto-google-common-protos-1.17.0.jar:/home/runner/.m2/repository/io/grpc/grpc-protobuf-lite/1.33.0/grpc-protobuf-lite-1.33.0.jar:/home/runner/.m2/repository/io/grpc/grpc-stub/1.33.0/grpc-stub-1.33.0.jar:/home/runner/.m2/repository/org/apache/ozone/ozone-recon/1.2.0-SNAPSHOT/ozone-recon-1.2.0-SNAPSHOT.jar:/home/runner/.m2/repository/org/apache/ozone/ozone-reconcodegen/1.2.0-SNAPSHOT/ozone-reconcodegen-1.2.0-SNAPSHOT.jar:/home/runner/.m2/repository/com/google/inject/extensions/guice-multibindings/4.0/guice-multibindings-4.0.jar:/home/runner/.m2/repository/com/google/inject/guice/4.0/guice-4.0.jar:/home/runner/.m2/repository/aopalliance/aopalliance/1.0/aopalliance-1.0.jar:/home/runner/.m2/repository/com/google/inject/extensions/guice-assistedinject/4.0/guice-assistedinject-4.0.jar:/home/runner/.m2/repository/com/google/inject/extensions/guice-servlet/4.0/guice-servlet-4.0.jar:/home/runner/.m2/repository/org/glassfish/jersey/containers/jersey-container-servlet/2.33/jersey-container-servlet-2.33.jar:/home/runner/.m2/repository/org/glassfish/hk2/guice-bridge/2.5.0/guice-bridge-2.5.0.jar:/home/runner/.m2/repository/org/glassfish/jersey/core/jersey-server/2.33/jersey-server-2.33.jar:/home/runner/.m2/repository/org/glassfish/jersey/core/jersey-client/2.33/jersey-client-2.33.jar:/home/runner/.m2/repository/jakarta/annotation/jakarta.annotation-api/1.3.5/jakarta.annotation-api-1.3.5.jar:/home/runner/.m2/repository/jakarta/validation/jakarta.validation-api/2.0.2/jakarta.validation-api-2.0.2.jar:/home/runner/.m2/repository/org/glassfish/jersey/media/jersey-media-json-jackson/2.33/jersey-media-json-jackson-2.33.jar:/home/runner/.m2/repository/org/glassfish/jersey/ext/jersey-entity-filtering/2.33/jersey-entity-filtering-2.33.jar:/home/runner/.m2/repository/org/jooq/jooq/3.11.10/jooq-3.11.10.jar:/home/runner/.m2/repository/org/jooq/jooq-meta/3.11.10/jooq-meta-3.11.10.jar:/home/runner/.m2/repository/org/jooq/jooq-codegen/3.11.10/jooq-codegen-3.11.10.jar:/home/runner/.m2/repository/com/jolbox/bonecp/0.8.0.RELEASE/bonecp-0.8.0.RELEASE.jar:/home/runner/.m2/repository/org/apache/derby/derby/10.14.2.0/derby-10.14.2.0.jar:/home/runner/.m2/repository/org/xerial/sqlite-jdbc/3.25.2/sqlite-jdbc-3.25.2.jar:/home/runner/.m2/repository/org/springframework/spring-jdbc/5.2.11.RELEASE/spring-jdbc-5.2.11.RELEASE.jar:/home/runner/.m2/repository/org/springframework/spring-beans/5.2.11.RELEASE/spring-beans-5.2.11.RELEASE.jar:/home/runner/.m2/repository/org/springframework/spring-core/5.2.11.RELEASE/spring-core-5.2.11.RELEASE.jar:/home/runner/.m2/repository/org/springframework/spring-jcl/5.2.11.RELEASE/spring-jcl-5.2.11.RELEASE.jar:/home/runner/.m2/repository/org/springframework/spring-tx/5.2.11.RELEASE/spring-tx-5.2.11.RELEASE.jar:/home/runner/.m2/repository/org/apache/ozone/ozone-client/1.2.0-SNAPSHOT/ozone-client-1.2.0-SNAPSHOT.jar:/home/runner/.m2/repository/org/apache/ozone/ozone-filesystem/1.2.0-SNAPSHOT/ozone-filesystem-1.2.0-SNAPSHOT.jar:/home/runner/.m2/repository/org/apache/ozone/ozone-filesystem-common/1.2.0-SNAPSHOT/ozone-filesystem-common-1.2.0-SNAPSHOT.jar:/home/runner/.m2/repository/org/apache/ozone/ozone-tools/1.2.0-SNAPSHOT/ozone-tools-1.2.0-SNAPSHOT.jar:/home/runner/.m2/repository/org/apache/ratis/ratis-tools/2.1.0-03f3b68-SNAPSHOT/ratis-tools-2.1.0-03f3b68-SNAPSHOT.jar:/home/runner/.m2/repository/com/amazonaws/aws-java-sdk-core/1.11.901/aws-java-sdk-core-1.11.901.jar:/home/runner/.m2/repository/org/apache/httpcomponents/httpclient/4.5.13/httpclient-4.5.13.jar:/home/runner/.m2/repository/org/apache/httpcomponents/httpcore/4.4.13/httpcore-4.4.13.jar:/home/runner/.m2/repository/software/amazon/ion/ion-java/1.0.2/ion-java-1.0.2.jar:/home/runner/.m2/repository/com/fasterxml/jackson/dataformat/jackson-dataformat-cbor/2.12.1/jackson-dataformat-cbor-2.12.1.jar:/home/runner/.m2/repository/joda-time/joda-time/2.8.1/joda-time-2.8.1.jar:/home/runner/.m2/repository/com/amazonaws/aws-java-sdk-s3/1.11.901/aws-java-sdk-s3-1.11.901.jar:/home/runner/.m2/repository/com/amazonaws/aws-java-sdk-kms/1.11.901/aws-java-sdk-kms-1.11.901.jar:/home/runner/.m2/repository/com/amazonaws/jmespath-java/1.11.901/jmespath-java-1.11.901.jar:/home/runner/.m2/repository/org/kohsuke/metainf-services/metainf-services/1.8/metainf-services-1.8.jar:/home/runner/.m2/repository/org/apache/ozone/hdds-tools/1.2.0-SNAPSHOT/hdds-tools-1.2.0-SNAPSHOT.jar:/home/runner/.m2/repository/commons-cli/commons-cli/1.2/commons-cli-1.2.jar:/home/runner/.m2/repository/org/apache/commons/commons-lang3/3.7/commons-lang3-3.7.jar:/home/runner/.m2/repository/org/apache/ozone/ozone-manager/1.2.0-SNAPSHOT/ozone-manager-1.2.0-SNAPSHOT-tests.jar:/home/runner/.m2/repository/org/apache/ozone/hdds-common/1.2.0-SNAPSHOT/hdds-common-1.2.0-SNAPSHOT-tests.jar:/home/runner/.m2/repository/org/apache/ozone/hdds-hadoop-dependency-client/1.2.0-SNAPSHOT/hdds-hadoop-dependency-client-1.2.0-SNAPSHOT.jar:/home/runner/.m2/repository/info/picocli/picocli/4.6.1/picocli-4.6.1.jar:/home/runner/.m2/repository/com/fasterxml/jackson/core/jackson-annotations/2.12.1/jackson-annotations-2.12.1.jar:/home/runner/.m2/repository/javax/annotation/javax.annotation-api/1.2/javax.annotation-api-1.2.jar:/home/runner/.m2/repository/org/apache/ratis/ratis-server/2.1.0-03f3b68-SNAPSHOT/ratis-server-2.1.0-03f3b68-SNAPSHOT.jar:/home/runner/.m2/repository/org/apache/ratis/ratis-client/2.1.0-03f3b68-SNAPSHOT/ratis-client-2.1.0-03f3b68-SNAPSHOT.jar:/home/runner/.m2/repository/org/apache/ratis/ratis-server-api/2.1.0-03f3b68-SNAPSHOT/ratis-server-api-2.1.0-03f3b68-SNAPSHOT.jar:/home/runner/.m2/repository/org/apache/ratis/ratis-metrics/2.1.0-03f3b68-SNAPSHOT/ratis-metrics-2.1.0-03f3b68-SNAPSHOT.jar:/home/runner/.m2/repository/org/apache/ratis/ratis-netty/2.1.0-03f3b68-SNAPSHOT/ratis-netty-2.1.0-03f3b68-SNAPSHOT.jar:/home/runner/.m2/repository/org/apache/ratis/ratis-grpc/2.1.0-03f3b68-SNAPSHOT/ratis-grpc-2.1.0-03f3b68-SNAPSHOT.jar:/home/runner/.m2/repository/org/apache/logging/log4j/log4j-api/2.13.3/log4j-api-2.13.3.jar:/home/runner/.m2/repository/org/apache/logging/log4j/log4j-core/2.13.3/log4j-core-2.13.3.jar:/home/runner/.m2/repository/com/lmax/disruptor/3.4.2/disruptor-3.4.2.jar:/home/runner/.m2/repository/org/apache/commons/commons-pool2/2.6.0/commons-pool2-2.6.0.jar:/home/runner/.m2/repository/org/bouncycastle/bcpkix-jdk15on/1.67/bcpkix-jdk15on-1.67.jar:/home/runner/.m2/repository/commons-validator/commons-validator/1.6/commons-validator-1.6.jar:/home/runner/.m2/repository/commons-beanutils/commons-beanutils/1.9.4/commons-beanutils-1.9.4.jar:/home/runner/.m2/repository/commons-digester/commons-digester/1.8.1/commons-digester-1.8.1.jar:/home/runner/.m2/repository/commons-collections/commons-collections/3.2.2/commons-collections-3.2.2.jar:/home/runner/.m2/repository/io/jaegertracing/jaeger-client/1.6.0/jaeger-client-1.6.0.jar:/home/runner/.m2/repository/io/jaegertracing/jaeger-thrift/1.6.0/jaeger-thrift-1.6.0.jar:/home/runner/.m2/repository/org/apache/thrift/libthrift/0.14.1/libthrift-0.14.1.jar:/home/runner/.m2/repository/com/squareup/okhttp3/okhttp/4.9.0/okhttp-4.9.0.jar:/home/runner/.m2/repository/com/squareup/okio/okio/2.8.0/okio-2.8.0.jar:/home/runner/.m2/repository/io/jaegertracing/jaeger-core/1.6.0/jaeger-core-1.6.0.jar:/home/runner/.m2/repository/io/jaegertracing/jaeger-tracerresolver/1.6.0/jaeger-tracerresolver-1.6.0.jar:/home/runner/.m2/repository/io/opentracing/contrib/opentracing-tracerresolver/0.1.8/opentracing-tracerresolver-0.1.8.jar:/home/runner/.m2/repository/org/jetbrains/kotlin/kotlin-stdlib/1.4.31/kotlin-stdlib-1.4.31.jar:/home/runner/.m2/repository/org/jetbrains/kotlin/kotlin-stdlib-common/1.4.31/kotlin-stdlib-common-1.4.31.jar:/home/runner/.m2/repository/org/jetbrains/annotations/13.0/annotations-13.0.jar:/home/runner/.m2/repository/io/opentracing/opentracing-util/0.33.0/opentracing-util-0.33.0.jar:/home/runner/.m2/repository/io/opentracing/opentracing-api/0.33.0/opentracing-api-0.33.0.jar:/home/runner/.m2/repository/io/opentracing/opentracing-noop/0.33.0/opentracing-noop-0.33.0.jar:/home/runner/.m2/repository/org/yaml/snakeyaml/1.26/snakeyaml-1.26.jar:/home/runner/.m2/repository/org/apache/ozone/hdds-interface-admin/1.2.0-SNAPSHOT/hdds-interface-admin-1.2.0-SNAPSHOT.jar:/home/runner/.m2/repository/junit/junit/4.13.1/junit-4.13.1.jar:/home/runner/.m2/repository/org/hamcrest/hamcrest-core/1.3/hamcrest-core-1.3.jar:/home/runner/.m2/repository/org/junit/jupiter/junit-jupiter-api/5.7.0/junit-jupiter-api-5.7.0.jar:/home/runner/.m2/repository/org/apiguardian/apiguardian-api/1.1.0/apiguardian-api-1.1.0.jar:/home/runner/.m2/repository/org/opentest4j/opentest4j/1.2.0/opentest4j-1.2.0.jar:/home/runner/.m2/repository/org/junit/platform/junit-platform-commons/1.7.0/junit-platform-commons-1.7.0.jar:/home/runner/.m2/repository/org/junit/jupiter/junit-jupiter-engine/5.7.0/junit-jupiter-engine-5.7.0.jar:/home/runner/.m2/repository/org/junit/platform/junit-platform-engine/1.7.0/junit-platform-engine-1.7.0.jar:/home/runner/.m2/repository/org/junit/vintage/junit-vintage-engine/5.7.0/junit-vintage-engine-5.7.0.jar:/home/runner/.m2/repository/org/junit/platform/junit-platform-launcher/1.7.0/junit-platform-launcher-1.7.0.jar:/home/runner/.m2/repository/org/openjdk/jmh/jmh-core/1.19/jmh-core-1.19.jar:/home/runner/.m2/repository/net/sf/jopt-simple/jopt-simple/4.6/jopt-simple-4.6.jar:/home/runner/.m2/repository/org/apache/commons/commons-math3/3.1.1/commons-math3-3.1.1.jar:/home/runner/.m2/repository/org/openjdk/jmh/jmh-generator-annprocess/1.19/jmh-generator-annprocess-1.19.jar:/home/runner/.m2/repository/org/mockito/mockito-core/2.28.2/mockito-core-2.28.2.jar:/home/runner/.m2/repository/net/bytebuddy/byte-buddy/1.9.10/byte-buddy-1.9.10.jar:/home/runner/.m2/repository/net/bytebuddy/byte-buddy-agent/1.9.10/byte-buddy-agent-1.9.10.jar:/home/runner/.m2/repository/org/objenesis/objenesis/1.0/objenesis-1.0.jar:/home/runner/.m2/repository/org/apache/hadoop/hadoop-kms/3.3.1/hadoop-kms-3.3.1.jar:/home/runner/.m2/repository/org/apache/hadoop/hadoop-auth/3.3.1/hadoop-auth-3.3.1.jar:/home/runner/.m2/repository/com/nimbusds/nimbus-jose-jwt/7.9/nimbus-jose-jwt-7.9.jar:/home/runner/.m2/repository/com/github/stephenc/jcip/jcip-annotations/1.0-1/jcip-annotations-1.0-1.jar:/home/runner/.m2/repository/net/minidev/json-smart/2.3/json-smart-2.3.jar:/home/runner/.m2/repository/net/minidev/accessors-smart/1.2/accessors-smart-1.2.jar:/home/runner/.m2/repository/org/ow2/asm/asm/5.0.4/asm-5.0.4.jar:/home/runner/.m2/repository/org/apache/zookeeper/zookeeper/3.5.6/zookeeper-3.5.6.jar:/home/runner/.m2/repository/org/apache/zookeeper/zookeeper-jute/3.5.6/zookeeper-jute-3.5.6.jar:/home/runner/.m2/repository/org/apache/yetus/audience-annotations/0.5.0/audience-annotations-0.5.0.jar:/home/runner/.m2/repository/org/apache/curator/curator-framework/4.2.0/curator-framework-4.2.0.jar:/home/runner/.m2/repository/org/apache/hadoop/thirdparty/hadoop-shaded-guava/1.1.1/hadoop-shaded-guava-1.1.1.jar:/home/runner/.m2/repository/com/sun/jersey/jersey-core/1.19/jersey-core-1.19.jar:/home/runner/.m2/repository/javax/ws/rs/jsr311-api/1.1.1/jsr311-api-1.1.1.jar:/home/runner/.m2/repository/com/sun/jersey/jersey-server/1.19/jersey-server-1.19.jar:/home/runner/.m2/repository/javax/servlet/javax.servlet-api/3.1.0/javax.servlet-api-3.1.0.jar:/home/runner/.m2/repository/org/eclipse/jetty/jetty-server/9.4.43.v20210629/jetty-server-9.4.43.v20210629.jar:/home/runner/.m2/repository/org/eclipse/jetty/jetty-http/9.4.43.v20210629/jetty-http-9.4.43.v20210629.jar:/home/runner/.m2/repository/org/eclipse/jetty/jetty-io/9.4.43.v20210629/jetty-io-9.4.43.v20210629.jar:/home/runner/.m2/repository/org/eclipse/jetty/jetty-webapp/9.4.43.v20210629/jetty-webapp-9.4.43.v20210629.jar:/home/runner/.m2/repository/org/eclipse/jetty/jetty-xml/9.4.43.v20210629/jetty-xml-9.4.43.v20210629.jar:/home/runner/.m2/repository/org/apache/hadoop/hadoop-common/3.3.1/hadoop-common-3.3.1.jar:/home/runner/.m2/repository/commons-net/commons-net/3.6/commons-net-3.6.jar:/home/runner/.m2/repository/jakarta/activation/jakarta.activation-api/1.2.1/jakarta.activation-api-1.2.1.jar:/home/runner/.m2/repository/com/sun/jersey/jersey-servlet/1.19/jersey-servlet-1.19.jar:/home/runner/.m2/repository/com/sun/jersey/jersey-json/1.19/jersey-json-1.19.jar:/home/runner/.m2/repository/org/codehaus/jettison/jettison/1.1/jettison-1.1.jar:/home/runner/.m2/repository/com/sun/xml/bind/jaxb-impl/2.2.3-1/jaxb-impl-2.2.3-1.jar:/home/runner/.m2/repository/org/codehaus/jackson/jackson-jaxrs/1.9.2/jackson-jaxrs-1.9.2.jar:/home/runner/.m2/repository/org/codehaus/jackson/jackson-xc/1.9.2/jackson-xc-1.9.2.jar:/home/runner/.m2/repository/org/apache/commons/commons-configuration2/2.1.1/commons-configuration2-2.1.1.jar:/home/runner/.m2/repository/org/apache/commons/commons-text/1.4/commons-text-1.4.jar:/home/runner/.m2/repository/com/google/re2j/re2j/1.1/re2j-1.1.jar:/home/runner/.m2/repository/com/jcraft/jsch/0.1.54/jsch-0.1.54.jar:/home/runner/.m2/repository/org/apache/curator/curator-client/4.2.0/curator-client-4.2.0.jar:/home/runner/.m2/repository/org/apache/curator/curator-recipes/4.2.0/curator-recipes-4.2.0.jar:/home/runner/.m2/repository/org/apache/kerby/kerb-core/1.0.1/kerb-core-1.0.1.jar:/home/runner/.m2/repository/org/apache/kerby/kerby-pkix/1.0.1/kerby-pkix-1.0.1.jar:/home/runner/.m2/repository/org/apache/kerby/kerby-asn1/1.0.1/kerby-asn1-1.0.1.jar:/home/runner/.m2/repository/org/apache/kerby/kerby-util/1.0.1/kerby-util-1.0.1.jar:/home/runner/.m2/repository/dnsjava/dnsjava/2.1.7/dnsjava-2.1.7.jar:/home/runner/.m2/repository/org/xerial/snappy/snappy-java/1.1.8.2/snappy-java-1.1.8.2.jar:/home/runner/.m2/repository/org/slf4j/jul-to-slf4j/1.7.30/jul-to-slf4j-1.7.30.jar:/home/runner/.m2/repository/org/eclipse/jetty/jetty-util/9.4.43.v20210629/jetty-util-9.4.43.v20210629.jar:/home/runner/.m2/repository/com/fasterxml/jackson/core/jackson-databind/2.12.1/jackson-databind-2.12.1.jar:/home/runner/.m2/repository/org/apache/hadoop/hadoop-kms/3.3.1/hadoop-kms-3.3.1-tests.jar:/home/runner/.m2/repository/org/apache/ozone/hdds-server-scm/1.2.0-SNAPSHOT/hdds-server-scm-1.2.0-SNAPSHOT-tests.jar:/home/runner/.m2/repository/org/apache/ozone/hdds-container-service/1.2.0-SNAPSHOT/hdds-container-service-1.2.0-SNAPSHOT-tests.jar:/home/runner/.m2/repository/commons-codec/commons-codec/1.11/commons-codec-1.11.jar:/home/runner/.m2/repository/io/netty/netty-transport/4.1.63.Final/netty-transport-4.1.63.Final.jar:/home/runner/.m2/repository/io/netty/netty-resolver/4.1.63.Final/netty-resolver-4.1.63.Final.jar:/home/runner/.m2/repository/io/netty/netty-codec/4.1.63.Final/netty-codec-4.1.63.Final.jar:/home/runner/.m2/repository/io/netty/netty-handler/4.1.63.Final/netty-handler-4.1.63.Final.jar:/home/runner/.m2/repository/org/apache/ozone/hdds-hadoop-dependency-test/1.2.0-SNAPSHOT/hdds-hadoop-dependency-test-1.2.0-SNAPSHOT.jar:/home/runner/.m2/repository/org/apache/hadoop/hadoop-common/3.3.1/hadoop-common-3.3.1-tests.jar:/home/runner/.m2/repository/org/assertj/assertj-core/3.12.2/assertj-core-3.12.2.jar:/home/runner/.m2/repository/org/apache/hadoop/hadoop-hdfs/3.3.1/hadoop-hdfs-3.3.1-tests.jar:/home/runner/.m2/repository/org/eclipse/jetty/jetty-util-ajax/9.4.43.v20210629/jetty-util-ajax-9.4.43.v20210629.jar:/home/runner/.m2/repository/commons-daemon/commons-daemon/1.0.13/commons-daemon-1.0.13.jar:/home/runner/.m2/repository/io/netty/netty/3.10.6.Final/netty-3.10.6.Final.jar:/home/runner/.m2/repository/io/netty/netty-all/4.1.63.Final/netty-all-4.1.63.Final.jar:/home/runner/.m2/repository/org/apache/htrace/htrace-core4/4.1.0-incubating/htrace-core4-4.1.0-incubating.jar:/home/runner/.m2/repository/org/fusesource/leveldbjni/leveldbjni-all/1.8/leveldbjni-all-1.8.jar:/home/runner/.m2/repository/org/apache/hadoop/hadoop-distcp/3.3.1/hadoop-distcp-3.3.1.jar:/home/runner/.m2/repository/org/apache/hadoop/hadoop-mapreduce-client-jobclient/3.3.1/hadoop-mapreduce-client-jobclient-3.3.1.jar:/home/runner/.m2/repository/org/apache/hadoop/hadoop-mapreduce-client-common/3.3.1/hadoop-mapreduce-client-common-3.3.1.jar:/home/runner/.m2/repository/org/apache/hadoop/hadoop-yarn-common/3.3.1/hadoop-yarn-common-3.3.1.jar:/home/runner/.m2/repository/org/apache/hadoop/hadoop-yarn-api/3.3.1/hadoop-yarn-api-3.3.1.jar:/home/runner/.m2/repository/com/sun/jersey/jersey-client/1.19/jersey-client-1.19.jar:/home/runner/.m2/repository/com/sun/jersey/contribs/jersey-guice/1.19/jersey-guice-1.19.jar:/home/runner/.m2/repository/com/fasterxml/jackson/jaxrs/jackson-jaxrs-json-provider/2.12.1/jackson-jaxrs-json-provider-2.12.1.jar:/home/runner/.m2/repository/com/fasterxml/jackson/jaxrs/jackson-jaxrs-base/2.12.1/jackson-jaxrs-base-2.12.1.jar:/home/runner/.m2/repository/org/apache/hadoop/hadoop-yarn-client/3.3.1/hadoop-yarn-client-3.3.1.jar:/home/runner/.m2/repository/org/eclipse/jetty/websocket/websocket-client/9.4.40.v20210413/websocket-client-9.4.40.v20210413.jar:/home/runner/.m2/repository/org/eclipse/jetty/jetty-client/9.4.40.v20210413/jetty-client-9.4.40.v20210413.jar:/home/runner/.m2/repository/org/eclipse/jetty/websocket/websocket-common/9.4.40.v20210413/websocket-common-9.4.40.v20210413.jar:/home/runner/.m2/repository/org/eclipse/jetty/websocket/websocket-api/9.4.40.v20210413/websocket-api-9.4.40.v20210413.jar:/home/runner/.m2/repository/org/jline/jline/3.9.0/jline-3.9.0.jar:/home/runner/.m2/repository/org/apache/hadoop/hadoop-mapreduce-client-core/3.3.1/hadoop-mapreduce-client-core-3.3.1.jar:/home/runner/.m2/repository/org/apache/avro/avro/1.7.7/avro-1.7.7.jar:/home/runner/.m2/repository/org/codehaus/jackson/jackson-core-asl/1.9.13/jackson-core-asl-1.9.13.jar:/home/runner/.m2/repository/org/codehaus/jackson/jackson-mapper-asl/1.9.13/jackson-mapper-asl-1.9.13.jar:/home/runner/.m2/repository/com/thoughtworks/paranamer/paranamer/2.3/paranamer-2.3.jar:/home/runner/.m2/repository/org/apache/hadoop/hadoop-annotations/3.3.1/hadoop-annotations-3.3.1.jar:/usr/lib/jvm/adoptopenjdk-8-hotspot-amd64/jre/../lib/tools.jar:/home/runner/.m2/repository/org/apache/hadoop/hadoop-distcp/3.3.1/hadoop-distcp-3.3.1-tests.jar:/home/runner/.m2/repository/org/apache/ratis/ratis-common/2.1.0-03f3b68-SNAPSHOT/ratis-common-2.1.0-03f3b68-SNAPSHOT.jar:/home/runner/.m2/repository/org/apache/ratis/ratis-thirdparty-misc/0.7.0/ratis-thirdparty-misc-0.7.0.jar:/home/runner/.m2/repository/org/apache/ratis/ratis-proto/2.1.0-03f3b68-SNAPSHOT/ratis-proto-2.1.0-03f3b68-SNAPSHOT.jar:"/>
    <property name="sun.cpu.endian" value="little"/>
    <property name="user.home" value="/home/runner"/>
    <property name="user.language" value="en"/>
    <property name="java.specification.vendor" value="Oracle Corporation"/>
    <property name="java.home" value="/usr/lib/jvm/adoptopenjdk-8-hotspot-amd64/jre"/>
    <property name="java.security.krb5.conf" value="/home/runner/work/ozone/ozone/hadoop-ozone/integration-test/target/test-classes/krb5.conf"/>
    <property name="basedir" value="/home/runner/work/ozone/ozone/hadoop-ozone/integration-test"/>
    <property name="file.separator" value="/"/>
    <property name="line.separator" value="&#10;"/>
    <property name="java.vm.specification.vendor" value="Oracle Corporation"/>
    <property name="java.specification.name" value="Java Platform API Specification"/>
    <property name="java.awt.graphicsenv" value="sun.awt.X11GraphicsEnvironment"/>
    <property name="skip.installnpx" value="true"/>
    <property name="surefire.real.class.path" value="/home/runner/work/ozone/ozone/hadoop-ozone/integration-test/target/surefire/surefirebooter710458678235920173.jar:/home/runner/.m2/repository/org/jacoco/org.jacoco.agent/0.8.5/org.jacoco.agent-0.8.5-runtime.jar"/>
    <property name="hadoop.log.dir" value="/home/runner/work/ozone/ozone/hadoop-ozone/integration-test/target/log"/>
    <property name="sun.boot.class.path" value="/usr/lib/jvm/adoptopenjdk-8-hotspot-amd64/jre/lib/resources.jar:/usr/lib/jvm/adoptopenjdk-8-hotspot-amd64/jre/lib/rt.jar:/usr/lib/jvm/adoptopenjdk-8-hotspot-amd64/jre/lib/sunrsasign.jar:/usr/lib/jvm/adoptopenjdk-8-hotspot-amd64/jre/lib/jsse.jar:/usr/lib/jvm/adoptopenjdk-8-hotspot-amd64/jre/lib/jce.jar:/usr/lib/jvm/adoptopenjdk-8-hotspot-amd64/jre/lib/charsets.jar:/usr/lib/jvm/adoptopenjdk-8-hotspot-amd64/jre/lib/jfr.jar:/usr/lib/jvm/adoptopenjdk-8-hotspot-amd64/jre/classes"/>
    <property name="sun.management.compiler" value="HotSpot 64-Bit Tiered Compilers"/>
    <property name="skip.npx" value="true"/>
    <property name="java.runtime.version" value="1.8.0_292-b10"/>
    <property name="java.net.preferIPv4Stack" value="true"/>
    <property name="user.name" value="runner"/>
    <property name="path.separator" value=":"/>
    <property name="java.security.egd" value="file:///dev/urandom"/>
    <property name="os.version" value="5.4.0-1059-azure"/>
    <property name="java.endorsed.dirs" value="/usr/lib/jvm/adoptopenjdk-8-hotspot-amd64/jre/lib/endorsed"/>
    <property name="java.runtime.name" value="OpenJDK Runtime Environment"/>
    <property name="file.encoding" value="UTF-8"/>
    <property name="java.vm.name" value="OpenJDK 64-Bit Server VM"/>
    <property name="test.build.webapps" value=""/>
    <property name="localRepository" value="/home/runner/.m2/repository"/>
    <property name="java.vendor.url.bug" value="https://github.com/AdoptOpenJDK/openjdk-support/issues"/>
    <property name="java.io.tmpdir" value="/tmp"/>
    <property name="require.test.libhadoop" value=""/>
    <property name="java.version" value="1.8.0_292"/>
    <property name="user.dir" value="/home/runner/work/ozone/ozone/hadoop-ozone/integration-test"/>
    <property name="os.arch" value="amd64"/>
    <property name="java.vm.specification.name" value="Java Virtual Machine Specification"/>
    <property name="test.build.classes" value="/home/runner/work/ozone/ozone/hadoop-ozone/integration-test/target/test-classes"/>
    <property name="java.awt.printerjob" value="sun.print.PSPrinterJob"/>
    <property name="sun.os.patch.level" value="unknown"/>
    <property name="hadoop.tmp.dir" value="/home/runner/work/ozone/ozone/hadoop-ozone/integration-test/target/tmp"/>
    <property name="java.library.path" value="/usr/java/packages/lib/amd64:/usr/lib64:/lib64:/lib:/usr/lib"/>
    <property name="java.vm.info" value="mixed mode"/>
    <property name="java.vendor" value="AdoptOpenJDK"/>
    <property name="java.vm.version" value="25.292-b10"/>
    <property name="java.ext.dirs" value="/usr/lib/jvm/adoptopenjdk-8-hotspot-amd64/jre/lib/ext:/usr/java/packages/lib/ext"/>
    <property name="sun.io.unicode.encoding" value="UnicodeLittle"/>
    <property name="java.class.version" value="52.0"/>
  </properties>
  <testcase name="testPrepareFailsWhenTwoOmsAreDown" classname="org.apache.hadoop.ozone.om.TestOzoneManagerPrepare" time="0">
    <skipped message="Saving on CI time since this is a pessimistic test. We should not be able to do anything with 2 OMs down."/>
    <system-out><![CDATA[2021-10-05 12:30:31,723 [main] WARN  server.ServerUtils (ServerUtils.java:getScmDbDir(148)) - ozone.scm.db.dirs is not configured. We recommend adding this setting. Falling back to ozone.metadata.dirs instead.
2021-10-05 12:30:31,792 [main] INFO  ha.SCMHANodeDetails (SCMHANodeDetails.java:loadSCMHAConfig(157)) - ServiceID for StorageContainerManager is null
2021-10-05 12:30:31,792 [main] INFO  ha.SCMHANodeDetails (SCMHANodeDetails.java:loadSCMHAConfig(162)) - ozone.scm.default.service.id is not defined, falling back to ozone.scm.service.ids to find serviceID for StorageContainerManager if it is HA enabled cluster
2021-10-05 12:30:31,864 [main] WARN  server.ServerUtils (ServerUtils.java:getScmDbDir(148)) - ozone.scm.db.dirs is not configured. We recommend adding this setting. Falling back to ozone.metadata.dirs instead.
2021-10-05 12:30:31,866 [main] INFO  upgrade.AbstractLayoutVersionManager (AbstractLayoutVersionManager.java:init(79)) - Initializing Layout version manager with metadata layout = SCM_HA (version = 2), software layout = SCM_HA (version = 2)
2021-10-05 12:30:32,052 [main] INFO  reflections.Reflections (Reflections.java:scan(232)) - Reflections took 126 ms to scan 7 urls, producing 119 keys and 275 values 
2021-10-05 12:30:32,602 [main] WARN  utils.HAUtils (HAUtils.java:getMetaDir(342)) - ozone.scm.db.dirs is not configured. We recommend adding this setting. Falling back to ozone.metadata.dirs instead.
2021-10-05 12:30:32,708 [main] WARN  db.DBStoreBuilder (DBStoreBuilder.java:applyDBDefinition(145)) - ozone.scm.db.dirs is not configured. We recommend adding this setting. Falling back to ozone.metadata.dirs instead.
2021-10-05 12:30:32,846 [main] INFO  net.NodeSchemaLoader (NodeSchemaLoader.java:loadSchemaFromFile(129)) - Loading schema from [jar:file:/home/runner/.m2/repository/org/apache/ozone/hdds-common/1.2.0-SNAPSHOT/hdds-common-1.2.0-SNAPSHOT.jar!/network-topology-default.xml]
2021-10-05 12:30:32,847 [main] INFO  net.NodeSchemaLoader (NodeSchemaLoader.java:loadSchema(176)) - Loading network topology layer schema file
2021-10-05 12:30:32,881 [main] INFO  metrics.MetricRegistries (MetricRegistriesLoader.java:load(64)) - Loaded MetricRegistries class org.apache.ratis.metrics.impl.MetricRegistriesImpl
2021-10-05 12:30:32,893 [main] INFO  ha.SequenceIdGenerator (SequenceIdGenerator.java:upgradeToSequenceId(347)) - upgrade localId to 107544261427200000
2021-10-05 12:30:32,893 [main] INFO  ha.SequenceIdGenerator (SequenceIdGenerator.java:upgradeToSequenceId(357)) - upgrade delTxnId to 0
2021-10-05 12:30:32,896 [main] INFO  ha.SequenceIdGenerator (SequenceIdGenerator.java:upgradeToSequenceId(371)) - upgrade containerId to 0
2021-10-05 12:30:32,898 [main] INFO  ha.SequenceIdGenerator (SequenceIdGenerator.java:<init>(218)) - Init the HA SequenceIdGenerator.
2021-10-05 12:30:32,929 [main] WARN  server.ServerUtils (ServerUtils.java:sanitizeUserArgs(73)) - ozone.scm.stale.node.interval value = 300000 is larger than max = 100000 based on the key value of ozone.scm.heartbeat.thread.interval, reset to the max value 100000.
2021-10-05 12:30:32,930 [main] WARN  server.ServerUtils (ServerUtils.java:sanitizeUserArgs(73)) - ozone.scm.stale.node.interval value = 300000 is larger than max = 100000 based on the key value of ozone.scm.heartbeat.thread.interval, reset to the max value 100000.
2021-10-05 12:30:32,934 [main] INFO  node.SCMNodeManager (SCMNodeManager.java:<init>(144)) - Entering startup safe mode.
2021-10-05 12:30:32,978 [main] INFO  algorithms.ContainerPlacementPolicyFactory (ContainerPlacementPolicyFactory.java:getPolicy(60)) - Create container placement policy of type org.apache.hadoop.hdds.scm.container.placement.algorithms.SCMContainerPlacementRandom
2021-10-05 12:30:32,985 [main] INFO  pipeline.PipelineStateManagerImpl (PipelineStateManagerImpl.java:initialize(78)) - No pipeline exists in current db
2021-10-05 12:30:33,012 [main] INFO  algorithms.LeaderChoosePolicyFactory (LeaderChoosePolicyFactory.java:getPolicy(57)) - Create leader choose policy of type org.apache.hadoop.hdds.scm.pipeline.leader.choose.algorithms.MinLeaderCountChoosePolicy
2021-10-05 12:30:33,018 [main] INFO  ha.SCMServiceManager (SCMServiceManager.java:register(43)) - Registering service BackgroundPipelineCreator.
2021-10-05 12:30:33,018 [main] INFO  pipeline.BackgroundPipelineCreator (BackgroundPipelineCreatorV2.java:start(130)) - Starting RatisPipelineUtilsThread.
2021-10-05 12:30:33,049 [main] INFO  algorithms.PipelineChoosePolicyFactory (PipelineChoosePolicyFactory.java:createPipelineChoosePolicyFromClass(73)) - Create pipeline choose policy of type org.apache.hadoop.hdds.scm.pipeline.choose.algorithms.RandomPipelineChoosePolicy
2021-10-05 12:30:33,064 [main] INFO  ha.SCMServiceManager (SCMServiceManager.java:register(43)) - Registering service SCMBlockDeletingService.
2021-10-05 12:30:33,092 [main] INFO  ha.SCMServiceManager (SCMServiceManager.java:register(43)) - Registering service ReplicationManager.
2021-10-05 12:30:33,094 [main] INFO  container.ReplicationManager (ReplicationManager.java:start(319)) - Starting Replication Monitor Thread.
2021-10-05 12:30:33,103 [ReplicationMonitor] INFO  container.ReplicationManager (ReplicationManager.java:processAll(371)) - Replication Monitor Thread took 0 milliseconds for processing 0 containers.
2021-10-05 12:30:33,103 [main] INFO  safemode.ContainerSafeModeRule (ContainerSafeModeRule.java:<init>(89)) - containers with one replica threshold count 0
2021-10-05 12:30:33,106 [main] INFO  safemode.HealthyPipelineSafeModeRule (HealthyPipelineSafeModeRule.java:initializeRule(156)) - Total pipeline count is 0, healthy pipeline threshold count is 1
2021-10-05 12:30:33,109 [main] INFO  safemode.OneReplicaPipelineSafeModeRule (OneReplicaPipelineSafeModeRule.java:initializeRule(180)) - Total pipeline count is 0, pipeline's with at least one datanode reported threshold count is 0
2021-10-05 12:30:33,431 [main] INFO  ipc.CallQueueManager (CallQueueManager.java:<init>(90)) - Using callQueue: class java.util.concurrent.LinkedBlockingQueue, queueCapacity: 2000, scheduler: class org.apache.hadoop.ipc.DefaultRpcScheduler, ipcBackoff: false.
2021-10-05 12:30:33,465 [Socket Reader #1 for port 0] INFO  ipc.Server (Server.java:run(1265)) - Starting Socket Reader #1 for port 0
2021-10-05 12:30:33,506 [Listener at 0.0.0.0/46051] INFO  ipc.CallQueueManager (CallQueueManager.java:<init>(90)) - Using callQueue: class java.util.concurrent.LinkedBlockingQueue, queueCapacity: 2000, scheduler: class org.apache.hadoop.ipc.DefaultRpcScheduler, ipcBackoff: false.
2021-10-05 12:30:33,507 [Socket Reader #1 for port 0] INFO  ipc.Server (Server.java:run(1265)) - Starting Socket Reader #1 for port 0
2021-10-05 12:30:33,525 [Listener at 0.0.0.0/33019] INFO  ipc.CallQueueManager (CallQueueManager.java:<init>(90)) - Using callQueue: class java.util.concurrent.LinkedBlockingQueue, queueCapacity: 2000, scheduler: class org.apache.hadoop.ipc.DefaultRpcScheduler, ipcBackoff: false.
2021-10-05 12:30:33,525 [Socket Reader #1 for port 0] INFO  ipc.Server (Server.java:run(1265)) - Starting Socket Reader #1 for port 0
2021-10-05 12:30:33,570 [Listener at 0.0.0.0/36551] INFO  algorithms.ContainerPlacementPolicyFactory (ContainerPlacementPolicyFactory.java:getPolicy(60)) - Create container placement policy of type org.apache.hadoop.hdds.scm.container.placement.algorithms.SCMContainerPlacementRandom
2021-10-05 12:30:33,577 [Listener at 0.0.0.0/36551] INFO  server.StorageContainerManager (StorageContainerManager.java:<init>(388)) - 
Container Balancer status:
Key                            Value
Running                        false
Container Balancer Configuration values:
Key                                                Value
Threshold                                          0.1
Max Datanodes to Involve per Iteration(ratio)      0.2
Max Size to Move per Iteration                     32212254720B

2021-10-05 12:30:33,577 [Listener at 0.0.0.0/36551] WARN  events.EventQueue (EventQueue.java:fireEvent(194)) - No event handler registered for event TypedEvent{payloadType=SafeModeStatus, name='Safe mode status'}
2021-10-05 12:30:33,578 [Listener at 0.0.0.0/36551] INFO  ha.SCMContext (SCMContext.java:updateSafeModeStatus(205)) - Update SafeModeStatus from SafeModeStatus{safeModeStatus=true, preCheckPassed=false} to SafeModeStatus{safeModeStatus=true, preCheckPassed=false}.
2021-10-05 12:30:33,581 [Listener at 0.0.0.0/36551] INFO  server.StorageContainerManager (StorageContainerManager.java:start(1303)) - StorageContainerLocationProtocol RPC server is listening at /0.0.0.0:36551
2021-10-05 12:30:33,648 [Listener at 0.0.0.0/36551] WARN  impl.MetricsConfig (MetricsConfig.java:loadFirst(136)) - Cannot locate configuration: tried hadoop-metrics2-storagecontainermanager.properties,hadoop-metrics2.properties
2021-10-05 12:30:33,664 [Listener at 0.0.0.0/36551] INFO  impl.MetricsSystemImpl (MetricsSystemImpl.java:startTimer(378)) - Scheduled Metric snapshot period at 10 second(s).
2021-10-05 12:30:33,664 [Listener at 0.0.0.0/36551] INFO  impl.MetricsSystemImpl (MetricsSystemImpl.java:start(191)) - StorageContainerManager metrics system started
2021-10-05 12:30:33,962 [Listener at 0.0.0.0/36551] INFO  server.SCMClientProtocolServer (SCMClientProtocolServer.java:start(164)) - RPC server for Client  is listening at /0.0.0.0:36551
2021-10-05 12:30:33,963 [IPC Server Responder] INFO  ipc.Server (Server.java:run(1507)) - IPC Server Responder: starting
2021-10-05 12:30:33,964 [IPC Server listener on 0] INFO  ipc.Server (Server.java:run(1344)) - IPC Server listener on 0: starting
2021-10-05 12:30:33,972 [Listener at 0.0.0.0/36551] INFO  server.StorageContainerManager (StorageContainerManager.java:start(1318)) - ScmBlockLocationProtocol RPC server is listening at /0.0.0.0:33019
2021-10-05 12:30:33,973 [Listener at 0.0.0.0/36551] INFO  server.SCMBlockProtocolServer (SCMBlockProtocolServer.java:start(151)) - RPC server for Block Protocol is listening at /0.0.0.0:33019
2021-10-05 12:30:33,973 [IPC Server Responder] INFO  ipc.Server (Server.java:run(1507)) - IPC Server Responder: starting
2021-10-05 12:30:33,973 [IPC Server listener on 0] INFO  ipc.Server (Server.java:run(1344)) - IPC Server listener on 0: starting
2021-10-05 12:30:33,977 [Listener at 0.0.0.0/36551] INFO  server.StorageContainerManager (StorageContainerManager.java:start(1324)) - ScmDatanodeProtocl RPC server is listening at /0.0.0.0:46051
2021-10-05 12:30:33,977 [Listener at 0.0.0.0/36551] INFO  server.SCMDatanodeProtocolServer (SCMDatanodeProtocolServer.java:start(181)) - RPC server for DataNodes is listening at /0.0.0.0:46051
2021-10-05 12:30:33,978 [IPC Server Responder] INFO  ipc.Server (Server.java:run(1507)) - IPC Server Responder: starting
2021-10-05 12:30:33,978 [IPC Server listener on 0] INFO  ipc.Server (Server.java:run(1344)) - IPC Server listener on 0: starting
2021-10-05 12:30:33,996 [org.apache.hadoop.util.JvmPauseMonitor$Monitor@188ae8d2] INFO  util.JvmPauseMonitor (JvmPauseMonitor.java:run(188)) - Starting JVM pause monitor
2021-10-05 12:30:34,005 [Listener at 0.0.0.0/36551] INFO  http.BaseHttpServer (BaseHttpServer.java:newHttpServer2BuilderForOzone(209)) - Starting Web-server for scm at: http://0.0.0.0:0
2021-10-05 12:30:34,006 [Listener at 0.0.0.0/36551] INFO  http.BaseHttpServer (BaseHttpServer.java:<init>(107)) - Hadoop Security Enabled: false Ozone Security Enabled: false Ozone HTTP Security Enabled: false 
2021-10-05 12:30:34,029 [Listener at 0.0.0.0/36551] INFO  util.log (Log.java:initialized(170)) - Logging initialized @3512ms to org.eclipse.jetty.util.log.Slf4jLog
2021-10-05 12:30:34,120 [Listener at 0.0.0.0/36551] INFO  server.AuthenticationFilter (AuthenticationFilter.java:constructSecretProvider(240)) - Unable to initialize FileSignerSecretProvider, falling back to use random secrets.
2021-10-05 12:30:34,125 [Listener at 0.0.0.0/36551] WARN  http.HttpRequestLog (HttpRequestLog.java:getRequestLog(103)) - Jetty request log can only be enabled using Log4j
2021-10-05 12:30:34,130 [Listener at 0.0.0.0/36551] INFO  http.HttpServer2 (HttpServer2.java:addGlobalFilter(1030)) - Added global filter 'safety' (class=org.apache.hadoop.hdds.server.http.HttpServer2$QuotingInputFilter)
2021-10-05 12:30:34,132 [Listener at 0.0.0.0/36551] INFO  http.HttpServer2 (HttpServer2.java:addFilter(1006)) - Added filter static_user_filter (class=org.apache.hadoop.http.lib.StaticUserWebFilter$StaticUserFilter) to context scm
2021-10-05 12:30:34,132 [Listener at 0.0.0.0/36551] INFO  http.HttpServer2 (HttpServer2.java:addFilter(1014)) - Added filter static_user_filter (class=org.apache.hadoop.http.lib.StaticUserWebFilter$StaticUserFilter) to context logs
2021-10-05 12:30:34,132 [Listener at 0.0.0.0/36551] INFO  http.HttpServer2 (HttpServer2.java:addFilter(1014)) - Added filter static_user_filter (class=org.apache.hadoop.http.lib.StaticUserWebFilter$StaticUserFilter) to context static
2021-10-05 12:30:34,165 [Listener at 0.0.0.0/36551] INFO  http.HttpServer2 (HttpServer2.java:bindListener(1249)) - Jetty bound to port 40881
2021-10-05 12:30:34,167 [Listener at 0.0.0.0/36551] INFO  server.Server (Server.java:doStart(375)) - jetty-9.4.43.v20210629; built: 2021-06-30T11:07:22.254Z; git: 526006ecfa3af7f1a27ef3a288e2bef7ea9dd7e8; jvm 1.8.0_292-b10
2021-10-05 12:30:34,197 [Listener at 0.0.0.0/36551] INFO  server.session (DefaultSessionIdManager.java:doStart(334)) - DefaultSessionIdManager workerName=node0
2021-10-05 12:30:34,197 [Listener at 0.0.0.0/36551] INFO  server.session (DefaultSessionIdManager.java:doStart(339)) - No SessionScavenger set, using defaults
2021-10-05 12:30:34,199 [Listener at 0.0.0.0/36551] INFO  server.session (HouseKeeper.java:startScavenging(132)) - node0 Scavenging every 660000ms
2021-10-05 12:30:34,209 [Listener at 0.0.0.0/36551] INFO  handler.ContextHandler (ContextHandler.java:doStart(915)) - Started o.e.j.s.ServletContextHandler@7741507c{logs,/logs,file:///home/runner/work/ozone/ozone/hadoop-ozone/integration-test/target/log,AVAILABLE}
2021-10-05 12:30:34,210 [Listener at 0.0.0.0/36551] INFO  handler.ContextHandler (ContextHandler.java:doStart(915)) - Started o.e.j.s.ServletContextHandler@41cf4272{static,/static,file:///home/runner/work/ozone/ozone/hadoop-ozone/integration-test/target/test-classes/webapps/static,AVAILABLE}
2021-10-05 12:30:34,246 [Listener at 0.0.0.0/36551] INFO  handler.ContextHandler (ContextHandler.java:doStart(915)) - Started o.e.j.w.WebAppContext@2ebcbf9d{scm,/,file:///home/runner/work/ozone/ozone/hadoop-ozone/integration-test/target/test-classes/webapps/scm/,AVAILABLE}{file:/home/runner/work/ozone/ozone/hadoop-ozone/integration-test/target/test-classes/webapps/scm}
2021-10-05 12:30:34,254 [Listener at 0.0.0.0/36551] INFO  server.AbstractConnector (AbstractConnector.java:doStart(331)) - Started ServerConnector@6fdd3382{HTTP/1.1, (http/1.1)}{0.0.0.0:40881}
2021-10-05 12:30:34,255 [Listener at 0.0.0.0/36551] INFO  server.Server (Server.java:doStart(415)) - Started @3738ms
2021-10-05 12:30:34,256 [Listener at 0.0.0.0/36551] INFO  impl.MetricsSinkAdapter (MetricsSinkAdapter.java:start(204)) - Sink prometheus started
2021-10-05 12:30:34,257 [Listener at 0.0.0.0/36551] INFO  impl.MetricsSystemImpl (MetricsSystemImpl.java:registerSink(305)) - Registered sink prometheus
2021-10-05 12:30:34,258 [Listener at 0.0.0.0/36551] INFO  http.BaseHttpServer (BaseHttpServer.java:updateConnectorAddress(329)) - HTTP server of scm listening at http://0.0.0.0:40881
2021-10-05 12:30:34,358 [Listener at 0.0.0.0/36551] INFO  ha.OMHANodeDetails (OMHANodeDetails.java:loadOMHAConfig(118)) - ServiceID for OzoneManager is om-service-test1
2021-10-05 12:30:34,364 [Listener at 0.0.0.0/36551] INFO  ha.OMHANodeDetails (OMHANodeDetails.java:loadOMHAConfig(194)) - Found matching OM address with OMServiceId: om-service-test1, OMNodeId: omNode-1, RPC Address: localhost:10600 and Ratis port: 10604
2021-10-05 12:30:34,364 [Listener at 0.0.0.0/36551] INFO  ha.OMHANodeDetails (ConfUtils.java:setNodeSpecificConfigs(108)) - Setting configuration key ozone.om.http-address with value of key ozone.om.http-address.om-service-test1.omNode-1: 127.0.0.1:10602
2021-10-05 12:30:34,364 [Listener at 0.0.0.0/36551] INFO  ha.OMHANodeDetails (ConfUtils.java:setNodeSpecificConfigs(108)) - Setting configuration key ozone.om.https-address with value of key ozone.om.https-address.om-service-test1.omNode-1: 127.0.0.1:10603
2021-10-05 12:30:34,364 [Listener at 0.0.0.0/36551] INFO  ha.OMHANodeDetails (ConfUtils.java:setNodeSpecificConfigs(108)) - Setting configuration key ozone.om.address with value of key ozone.om.address.om-service-test1.omNode-1: 127.0.0.1:10600
2021-10-05 12:30:34,365 [Listener at 0.0.0.0/36551] WARN  server.ServerUtils (ServerUtils.java:getDBPath(225)) - ozone.om.db.dirs is not configured. We recommend adding this setting. Falling back to ozone.metadata.dirs instead.
OM initialization succeeded.Current cluster id for sd=/home/runner/work/ozone/ozone/hadoop-ozone/integration-test/target/test-dir/MiniOzoneClusterImpl-37ac24e5-edd8-4d0c-a990-01310c91afa3/omNode-1/om;cid=37ac24e5-edd8-4d0c-a990-01310c91afa3;layoutVersion=0
2021-10-05 12:30:34,612 [Listener at 0.0.0.0/36551] INFO  ha.OMHANodeDetails (OMHANodeDetails.java:loadOMHAConfig(118)) - ServiceID for OzoneManager is om-service-test1
2021-10-05 12:30:34,613 [Listener at 0.0.0.0/36551] INFO  ha.OMHANodeDetails (OMHANodeDetails.java:loadOMHAConfig(194)) - Found matching OM address with OMServiceId: om-service-test1, OMNodeId: omNode-1, RPC Address: localhost:10600 and Ratis port: 10604
2021-10-05 12:30:34,613 [Listener at 0.0.0.0/36551] INFO  ha.OMHANodeDetails (ConfUtils.java:setNodeSpecificConfigs(108)) - Setting configuration key ozone.om.http-address with value of key ozone.om.http-address.om-service-test1.omNode-1: 127.0.0.1:10602
2021-10-05 12:30:34,613 [Listener at 0.0.0.0/36551] INFO  ha.OMHANodeDetails (ConfUtils.java:setNodeSpecificConfigs(108)) - Setting configuration key ozone.om.https-address with value of key ozone.om.https-address.om-service-test1.omNode-1: 127.0.0.1:10603
2021-10-05 12:30:34,613 [Listener at 0.0.0.0/36551] INFO  ha.OMHANodeDetails (ConfUtils.java:setNodeSpecificConfigs(108)) - Setting configuration key ozone.om.address with value of key ozone.om.address.om-service-test1.omNode-1: 127.0.0.1:10600
2021-10-05 12:30:34,614 [Listener at 0.0.0.0/36551] WARN  server.ServerUtils (ServerUtils.java:getDBPath(225)) - ozone.om.db.dirs is not configured. We recommend adding this setting. Falling back to ozone.metadata.dirs instead.
2021-10-05 12:30:34,615 [Listener at 0.0.0.0/36551] INFO  upgrade.AbstractLayoutVersionManager (AbstractLayoutVersionManager.java:init(79)) - Initializing Layout version manager with metadata layout = INITIAL_VERSION (version = 0), software layout = INITIAL_VERSION (version = 0)
2021-10-05 12:30:34,677 [Listener at 0.0.0.0/36551] INFO  reflections.Reflections (Reflections.java:scan(232)) - Reflections took 58 ms to scan 2 urls, producing 131 keys and 342 values [using 2 cores]
2021-10-05 12:30:34,681 [Listener at 0.0.0.0/36551] INFO  upgrade.OMLayoutVersionManager (OMLayoutVersionManager.java:lambda$0(115)) - Skipping Upgrade Action MockOmUpgradeAction since it has been finalized.
2021-10-05 12:30:34,682 [Listener at 0.0.0.0/36551] WARN  server.ServerUtils (ServerUtils.java:getDBPath(225)) - ozone.om.db.dirs is not configured. We recommend adding this setting. Falling back to ozone.metadata.dirs instead.
2021-10-05 12:30:34,808 [Listener at 0.0.0.0/36551] WARN  server.ServerUtils (ServerUtils.java:getDBPath(225)) - ozone.om.db.dirs is not configured. We recommend adding this setting. Falling back to ozone.metadata.dirs instead.
2021-10-05 12:30:34,814 [Listener at 0.0.0.0/36551] INFO  codec.OmKeyInfoCodec (OmKeyInfoCodec.java:<init>(51)) - OmKeyInfoCodec ignorePipeline = true
2021-10-05 12:30:34,815 [Listener at 0.0.0.0/36551] INFO  codec.RepeatedOmKeyInfoCodec (RepeatedOmKeyInfoCodec.java:<init>(42)) - RepeatedOmKeyInfoCodec ignorePipeline = true
2021-10-05 12:30:35,011 [Listener at 0.0.0.0/36551] INFO  om.OzoneManager (OzoneManager.java:addS3GVolumeToDB(4127)) - Created Volume s3v With Owner runner required for S3Gateway operations.
2021-10-05 12:30:35,073 [Listener at 0.0.0.0/36551] WARN  server.ServerUtils (ServerUtils.java:getDefaultRatisDirectory(237)) - Storage directory for Ratis is not configured. It is a good idea to map this to an SSD disk. Falling back to ozone.metadata.dirs
2021-10-05 12:30:35,074 [Listener at 0.0.0.0/36551] WARN  utils.OzoneManagerRatisUtils (OzoneManagerRatisUtils.java:getOMRatisSnapshotDirectory(435)) - ozone.om.ratis.snapshot.dir is not configured. Falling back to ozone.metadata.dirs config
2021-10-05 12:30:35,096 [Listener at 0.0.0.0/36551] INFO  snapshot.OzoneManagerSnapshotProvider (OzoneManagerSnapshotProvider.java:<init>(76)) - Initializing OM Snapshot Provider
2021-10-05 12:30:35,186 [Listener at 0.0.0.0/36551] WARN  server.ServerUtils (ServerUtils.java:getDefaultRatisDirectory(237)) - Storage directory for Ratis is not configured. It is a good idea to map this to an SSD disk. Falling back to ozone.metadata.dirs
2021-10-05 12:30:35,211 [Listener at 0.0.0.0/36551] INFO  ratis.OzoneManagerRatisServer (OzoneManagerRatisServer.java:<init>(158)) - Instantiating OM Ratis server with groupID: om-service-test1 and peers: localhost:10604, localhost:10616, localhost:10610
2021-10-05 12:30:35,219 [Listener at 0.0.0.0/36551] INFO  ratis.OzoneManagerStateMachine (OzoneManagerStateMachine.java:loadSnapshotInfoFromDB(605)) - LastAppliedIndex is set from TransactionInfo from OM DB as (t:0, i:~)
2021-10-05 12:30:35,248 [Listener at 0.0.0.0/36551] INFO  server.RaftServer (ConfUtils.java:logGet(44)) - raft.rpc.type = GRPC (default)
2021-10-05 12:30:35,319 [Listener at 0.0.0.0/36551] INFO  grpc.GrpcFactory (GrpcFactory.java:checkPooledByteBufAllocatorUseCacheForAllThreads(48)) - PERFORMANCE WARNING: useCacheForAllThreads is true that may cause Netty to create a lot garbage objects and, as a result, trigger GC.
	It is recommended to disable useCacheForAllThreads by setting -Dorg.apache.ratis.thirdparty.io.netty.allocator.useCacheForAllThreads=false in command line.
2021-10-05 12:30:35,323 [Listener at 0.0.0.0/36551] INFO  grpc.GrpcConfigKeys (ConfUtils.java:logGet(44)) - raft.grpc.admin.port = -1 (default)
2021-10-05 12:30:35,324 [Listener at 0.0.0.0/36551] INFO  grpc.GrpcConfigKeys (ConfUtils.java:logGet(44)) - raft.grpc.server.port = 10604 (custom)
2021-10-05 12:30:35,324 [Listener at 0.0.0.0/36551] INFO  grpc.GrpcConfigKeys (ConfUtils.java:logGet(44)) - raft.grpc.client.port = -1 (default)
2021-10-05 12:30:35,325 [Listener at 0.0.0.0/36551] INFO  grpc.GrpcConfigKeys (ConfUtils.java:logGet(44)) - raft.grpc.server.port = 10604 (custom)
2021-10-05 12:30:35,325 [Listener at 0.0.0.0/36551] INFO  grpc.GrpcConfigKeys (ConfUtils.java:logGet(44)) - raft.grpc.server.port = 10604 (custom)
2021-10-05 12:30:35,325 [Listener at 0.0.0.0/36551] INFO  server.GrpcService (ConfUtils.java:logGet(44)) - raft.grpc.message.size.max = 33554432 (custom)
2021-10-05 12:30:35,327 [Listener at 0.0.0.0/36551] INFO  server.RaftServerConfigKeys (ConfUtils.java:logGet(44)) - raft.server.log.appender.buffer.byte-limit = 33554432 (custom)
2021-10-05 12:30:35,327 [Listener at 0.0.0.0/36551] INFO  server.GrpcService (ConfUtils.java:logGet(44)) - raft.grpc.flow.control.window = 1MB (=1048576) (default)
2021-10-05 12:30:35,328 [Listener at 0.0.0.0/36551] INFO  server.RaftServerConfigKeys (ConfUtils.java:logGet(44)) - raft.server.rpc.request.timeout = 3000ms (default)
2021-10-05 12:30:35,625 [Listener at 0.0.0.0/36551] INFO  impl.DataStreamServerImpl (ConfUtils.java:logGet(44)) - raft.datastream.type = DISABLED (default)
2021-10-05 12:30:35,628 [Listener at 0.0.0.0/36551] INFO  server.RaftServerConfigKeys (ConfUtils.java:logGet(44)) - raft.server.rpc.slowness.timeout = 2s (custom)
2021-10-05 12:30:35,629 [Listener at 0.0.0.0/36551] INFO  server.RaftServerConfigKeys (ConfUtils.java:logGet(44)) - raft.server.leaderelection.leader.step-down.wait-time = 10s (default)
2021-10-05 12:30:35,645 [Listener at 0.0.0.0/36551] INFO  server.RaftServerConfigKeys (ConfUtils.java:logGet(44)) - raft.server.storage.dir = [/home/runner/work/ozone/ozone/hadoop-ozone/integration-test/target/test-dir/MiniOzoneClusterImpl-37ac24e5-edd8-4d0c-a990-01310c91afa3/omNode-1/ratis] (custom)
2021-10-05 12:30:35,651 [Listener at 0.0.0.0/36551] INFO  server.RaftServer (RaftServerProxy.java:addNew(95)) - omNode-1: addNew group-523986131536:[omNode-3|rpc:localhost:10616|priority:0, omNode-1|rpc:localhost:10604|priority:0, omNode-2|rpc:localhost:10610|priority:0] returns group-523986131536:java.util.concurrent.CompletableFuture@4e42beba[Not completed]
2021-10-05 12:30:35,652 [Listener at 0.0.0.0/36551] INFO  om.OzoneManager (OzoneManager.java:initializeRatisServer(1585)) - OzoneManager Ratis server initialized at port 10604
2021-10-05 12:30:35,683 [Listener at 0.0.0.0/36551] INFO  ipc.CallQueueManager (CallQueueManager.java:<init>(90)) - Using callQueue: class java.util.concurrent.LinkedBlockingQueue, queueCapacity: 2000, scheduler: class org.apache.hadoop.ipc.DefaultRpcScheduler, ipcBackoff: false.
2021-10-05 12:30:35,699 [Socket Reader #1 for port 10600] INFO  ipc.Server (Server.java:run(1265)) - Starting Socket Reader #1 for port 10600
2021-10-05 12:30:35,702 [pool-39-thread-1] INFO  server.RaftServer$Division (RaftServerImpl.java:<init>(181)) - omNode-1: new RaftServerImpl for group-523986131536:[omNode-3|rpc:localhost:10616|priority:0, omNode-1|rpc:localhost:10604|priority:0, omNode-2|rpc:localhost:10610|priority:0] with OzoneManagerStateMachine:uninitialized
2021-10-05 12:30:35,710 [pool-39-thread-1] INFO  server.RaftServerConfigKeys (ConfUtils.java:logGet(44)) - raft.server.rpc.timeout.min = 1s (custom)
2021-10-05 12:30:35,711 [pool-39-thread-1] INFO  server.RaftServerConfigKeys (ConfUtils.java:logGet(44)) - raft.server.rpc.timeout.max = 1200ms (custom)
2021-10-05 12:30:35,711 [pool-39-thread-1] INFO  server.RaftServerConfigKeys (ConfUtils.java:logGet(44)) - raft.server.rpc.sleep.time = 25ms (default)
2021-10-05 12:30:35,712 [pool-39-thread-1] INFO  server.RaftServerConfigKeys (ConfUtils.java:logGet(44)) - raft.server.rpc.slowness.timeout = 2s (custom)
2021-10-05 12:30:35,712 [pool-39-thread-1] INFO  server.RaftServerConfigKeys (ConfUtils.java:logGet(44)) - raft.server.leaderelection.leader.step-down.wait-time = 10s (default)
2021-10-05 12:30:35,712 [pool-39-thread-1] INFO  server.RaftServerConfigKeys (ConfUtils.java:logGet(44)) - raft.server.sleep.deviation.threshold = 300ms (default)
2021-10-05 12:30:35,713 [pool-39-thread-1] INFO  server.RaftServerConfigKeys (ConfUtils.java:logGet(44)) - raft.server.log.appender.install.snapshot.enabled = false (custom)
2021-10-05 12:30:35,718 [pool-39-thread-1] INFO  server.RaftServer$Division (ServerState.java:<init>(105)) - omNode-1@group-523986131536: ConfigurationManager, init=-1: [omNode-3|rpc:localhost:10616|priority:0, omNode-1|rpc:localhost:10604|priority:0, omNode-2|rpc:localhost:10610|priority:0], old=null, confs=<EMPTY_MAP>
2021-10-05 12:30:35,731 [pool-39-thread-1] INFO  server.RaftServerConfigKeys (ConfUtils.java:logGet(44)) - raft.server.storage.dir = [/home/runner/work/ozone/ozone/hadoop-ozone/integration-test/target/test-dir/MiniOzoneClusterImpl-37ac24e5-edd8-4d0c-a990-01310c91afa3/omNode-1/ratis] (custom)
2021-10-05 12:30:35,741 [Listener at 127.0.0.1/10600] INFO  om.OzoneManager (OzoneManager.java:initFSOLayout(4333)) - Configured ozone.om.metadata.layout=SIMPLE and disabled optimized OM FS operations
2021-10-05 12:30:35,741 [pool-39-thread-1] INFO  server.RaftServerConfigKeys (ConfUtils.java:logGet(44)) - raft.server.log.corruption.policy = EXCEPTION (default)
2021-10-05 12:30:35,742 [pool-39-thread-1] INFO  server.RaftServerConfigKeys (ConfUtils.java:logGet(44)) - raft.server.storage.free-space.min = 0MB (=0) (default)
2021-10-05 12:30:35,743 [pool-39-thread-1] INFO  storage.RaftStorageDirectory (RaftStorageDirectoryImpl.java:analyzeStorage(135)) - The storage directory /home/runner/work/ozone/ozone/hadoop-ozone/integration-test/target/test-dir/MiniOzoneClusterImpl-37ac24e5-edd8-4d0c-a990-01310c91afa3/omNode-1/ratis/c9bc4cf4-3bc3-3c60-a66b-523986131536 does not exist. Creating ...
2021-10-05 12:30:35,743 [Listener at 127.0.0.1/10600] INFO  impl.MetricsSystemImpl (MetricsSystemImpl.java:init(158)) - OzoneManager metrics system started (again)
2021-10-05 12:30:35,759 [pool-39-thread-1] INFO  storage.RaftStorageDirectory (RaftStorageDirectoryImpl.java:tryLock(230)) - Lock on /home/runner/work/ozone/ozone/hadoop-ozone/integration-test/target/test-dir/MiniOzoneClusterImpl-37ac24e5-edd8-4d0c-a990-01310c91afa3/omNode-1/ratis/c9bc4cf4-3bc3-3c60-a66b-523986131536/in_use.lock acquired by nodename 8782@fv-az270-324
2021-10-05 12:30:35,767 [pool-39-thread-1] INFO  storage.RaftStorage (RaftStorageImpl.java:format(89)) - Storage directory /home/runner/work/ozone/ozone/hadoop-ozone/integration-test/target/test-dir/MiniOzoneClusterImpl-37ac24e5-edd8-4d0c-a990-01310c91afa3/omNode-1/ratis/c9bc4cf4-3bc3-3c60-a66b-523986131536 has been successfully formatted.
2021-10-05 12:30:35,768 [Listener at 127.0.0.1/10600] INFO  om.OzoneManager (OzoneManager.java:start(1281)) - OzoneManager RPC server is listening at localhost/127.0.0.1:10600
2021-10-05 12:30:35,768 [Listener at 127.0.0.1/10600] INFO  ratis.OzoneManagerRatisServer (OzoneManagerRatisServer.java:start(516)) - Starting OzoneManagerRatisServer omNode-1 at port 10604
2021-10-05 12:30:35,774 [pool-39-thread-1] INFO  server.RaftServerConfigKeys (ConfUtils.java:logGet(44)) - raft.server.notification.no-leader.timeout = 2s (custom)
2021-10-05 12:30:35,776 [pool-39-thread-1] INFO  server.RaftServerConfigKeys (ConfUtils.java:logGet(44)) - raft.server.log.use.memory = false (default)
2021-10-05 12:30:35,787 [pool-39-thread-1] INFO  server.RaftServerConfigKeys (ConfUtils.java:logGet(44)) - raft.server.log.purge.gap = 50 (custom)
2021-10-05 12:30:35,788 [pool-39-thread-1] INFO  server.RaftServerConfigKeys (ConfUtils.java:logGet(44)) - raft.server.log.appender.buffer.byte-limit = 33554432 (custom)
2021-10-05 12:30:35,804 [pool-39-thread-1] INFO  server.RaftServerConfigKeys (ConfUtils.java:logGet(44)) - raft.server.log.segment.size.max = 4194304 (custom)
2021-10-05 12:30:35,812 [pool-39-thread-1] INFO  server.RaftServerConfigKeys (ConfUtils.java:logGet(44)) - raft.server.log.segment.cache.num.max = 2 (custom)
2021-10-05 12:30:35,812 [pool-39-thread-1] INFO  server.RaftServerConfigKeys (ConfUtils.java:logGet(44)) - raft.server.log.segment.cache.size.max = 200MB (=209715200) (default)
2021-10-05 12:30:35,819 [pool-39-thread-1] INFO  segmented.SegmentedRaftLogWorker (SegmentedRaftLogWorker.java:<init>(182)) - new omNode-1@group-523986131536-SegmentedRaftLogWorker for RaftStorageImpl:Storage Directory /home/runner/work/ozone/ozone/hadoop-ozone/integration-test/target/test-dir/MiniOzoneClusterImpl-37ac24e5-edd8-4d0c-a990-01310c91afa3/omNode-1/ratis/c9bc4cf4-3bc3-3c60-a66b-523986131536
2021-10-05 12:30:35,819 [pool-39-thread-1] INFO  server.RaftServerConfigKeys (ConfUtils.java:logGet(44)) - raft.server.log.queue.byte-limit = 64MB (=67108864) (default)
2021-10-05 12:30:35,820 [pool-39-thread-1] INFO  server.RaftServerConfigKeys (ConfUtils.java:logGet(44)) - raft.server.log.queue.element-limit = 4096 (default)
2021-10-05 12:30:35,821 [pool-39-thread-1] INFO  server.RaftServerConfigKeys (ConfUtils.java:logGet(44)) - raft.server.log.segment.size.max = 4194304 (custom)
2021-10-05 12:30:35,821 [pool-39-thread-1] INFO  server.RaftServerConfigKeys (ConfUtils.java:logGet(44)) - raft.server.log.preallocated.size = 4194304 (custom)
2021-10-05 12:30:35,821 [pool-39-thread-1] INFO  server.RaftServerConfigKeys (ConfUtils.java:logGet(44)) - raft.server.log.force.sync.num = 128 (default)
2021-10-05 12:30:35,823 [pool-39-thread-1] INFO  server.RaftServerConfigKeys (ConfUtils.java:logGet(44)) - raft.server.log.statemachine.data.sync = true (default)
2021-10-05 12:30:35,823 [pool-39-thread-1] INFO  server.RaftServerConfigKeys (ConfUtils.java:logGet(44)) - raft.server.log.statemachine.data.sync.timeout = 10s (default)
2021-10-05 12:30:35,824 [pool-39-thread-1] INFO  server.RaftServerConfigKeys (ConfUtils.java:logGet(44)) - raft.server.log.statemachine.data.sync.timeout.retry = -1 (default)
2021-10-05 12:30:35,833 [pool-39-thread-1] INFO  server.RaftServerConfigKeys (ConfUtils.java:logGet(44)) - raft.server.log.write.buffer.size = 64KB (=65536) (default)
2021-10-05 12:30:35,834 [pool-39-thread-1] INFO  server.RaftServerConfigKeys (ConfUtils.java:logGet(44)) - raft.server.log.statemachine.data.caching.enabled = false (default)
2021-10-05 12:30:35,841 [pool-39-thread-1] INFO  segmented.SegmentedRaftLogWorker (SegmentedRaftLogWorker.java:lambda$new$0(133)) - omNode-1@group-523986131536-SegmentedRaftLogWorker: flushIndex: setUnconditionally 0 -> -1
2021-10-05 12:30:35,841 [pool-39-thread-1] INFO  segmented.SegmentedRaftLogWorker (SegmentedRaftLogWorker.java:lambda$new$0(133)) - omNode-1@group-523986131536-SegmentedRaftLogWorker: safeCacheEvictIndex: setUnconditionally 0 -> -1
2021-10-05 12:30:35,845 [pool-39-thread-1] INFO  server.RaftServerConfigKeys (ConfUtils.java:logGet(44)) - raft.server.snapshot.auto.trigger.enabled = true (custom)
2021-10-05 12:30:35,846 [pool-39-thread-1] INFO  server.RaftServerConfigKeys (ConfUtils.java:logGet(44)) - raft.server.snapshot.auto.trigger.threshold = 50 (custom)
2021-10-05 12:30:35,847 [pool-39-thread-1] INFO  server.RaftServerConfigKeys (ConfUtils.java:logGet(44)) - raft.server.snapshot.retention.file.num = -1 (default)
2021-10-05 12:30:35,847 [pool-39-thread-1] INFO  server.RaftServerConfigKeys (ConfUtils.java:logGet(44)) - raft.server.log.purge.upto.snapshot.index = true (custom)
2021-10-05 12:30:35,849 [pool-39-thread-1] INFO  server.RaftServerConfigKeys (ConfUtils.java:logGet(44)) - raft.server.retrycache.expirytime = 30000ms (custom)
2021-10-05 12:30:35,849 [pool-39-thread-1] INFO  server.RaftServerConfigKeys (ConfUtils.java:logGet(44)) - raft.server.retrycache.statistics.expirytime = 100μs (default)
2021-10-05 12:30:35,901 [Listener at 127.0.0.1/10600] INFO  server.RaftServer$Division (RaftServerImpl.java:start(296)) - omNode-1@group-523986131536: start as a follower, conf=-1: [omNode-3|rpc:localhost:10616|priority:0, omNode-1|rpc:localhost:10604|priority:0, omNode-2|rpc:localhost:10610|priority:0], old=null
2021-10-05 12:30:35,902 [Listener at 127.0.0.1/10600] INFO  server.RaftServer$Division (RaftServerImpl.java:setRole(285)) - omNode-1@group-523986131536: changes role from      null to FOLLOWER at term 0 for startAsFollower
2021-10-05 12:30:35,903 [Listener at 127.0.0.1/10600] INFO  impl.RoleInfo (RoleInfo.java:updateAndGet(130)) - omNode-1: start omNode-1@group-523986131536-FollowerState
2021-10-05 12:30:35,905 [Listener at 127.0.0.1/10600] INFO  util.JmxRegister (JmxRegister.java:tryRegister(44)) - Successfully registered JMX Bean with object name Ratis:service=RaftServer,group=group-523986131536,id=omNode-1
2021-10-05 12:30:35,914 [Listener at 127.0.0.1/10600] INFO  server.RaftServer (RaftServerProxy.java:lambda$start$5(374)) - omNode-1: start RPC server
2021-10-05 12:30:35,976 [Listener at 127.0.0.1/10600] INFO  server.GrpcService (GrpcService.java:startImpl(253)) - omNode-1: GrpcService started, listening on 10604
2021-10-05 12:30:35,978 [Listener at 127.0.0.1/10600] INFO  om.OzoneManager (OzoneManager.java:start(1299)) - Version File has different layout version (0) than OM DB (null). That is expected if this OM has never been finalized to a newer layout version.
2021-10-05 12:30:35,979 [org.apache.ratis.util.JvmPauseMonitor$$Lambda$523/2137356424@2ec3d746] INFO  util.JvmPauseMonitor (JvmPauseMonitor.java:run(103)) - JvmPauseMonitor-omNode-1: Started
2021-10-05 12:30:35,985 [Listener at 127.0.0.1/10600] INFO  http.BaseHttpServer (BaseHttpServer.java:newHttpServer2BuilderForOzone(209)) - Starting Web-server for ozoneManager at: http://0.0.0.0:10602
2021-10-05 12:30:35,985 [Listener at 127.0.0.1/10600] INFO  http.BaseHttpServer (BaseHttpServer.java:<init>(107)) - Hadoop Security Enabled: false Ozone Security Enabled: false Ozone HTTP Security Enabled: false 
2021-10-05 12:30:35,987 [Listener at 127.0.0.1/10600] INFO  server.AuthenticationFilter (AuthenticationFilter.java:constructSecretProvider(240)) - Unable to initialize FileSignerSecretProvider, falling back to use random secrets.
2021-10-05 12:30:35,995 [Listener at 127.0.0.1/10600] WARN  http.HttpRequestLog (HttpRequestLog.java:getRequestLog(103)) - Jetty request log can only be enabled using Log4j
2021-10-05 12:30:35,999 [Listener at 127.0.0.1/10600] INFO  http.HttpServer2 (HttpServer2.java:addGlobalFilter(1030)) - Added global filter 'safety' (class=org.apache.hadoop.hdds.server.http.HttpServer2$QuotingInputFilter)
2021-10-05 12:30:36,000 [Listener at 127.0.0.1/10600] INFO  http.HttpServer2 (HttpServer2.java:addFilter(1006)) - Added filter static_user_filter (class=org.apache.hadoop.http.lib.StaticUserWebFilter$StaticUserFilter) to context ozoneManager
2021-10-05 12:30:36,000 [Listener at 127.0.0.1/10600] INFO  http.HttpServer2 (HttpServer2.java:addFilter(1014)) - Added filter static_user_filter (class=org.apache.hadoop.http.lib.StaticUserWebFilter$StaticUserFilter) to context logs
2021-10-05 12:30:36,000 [Listener at 127.0.0.1/10600] INFO  http.HttpServer2 (HttpServer2.java:addFilter(1014)) - Added filter static_user_filter (class=org.apache.hadoop.http.lib.StaticUserWebFilter$StaticUserFilter) to context static
2021-10-05 12:30:36,002 [Listener at 127.0.0.1/10600] INFO  http.HttpServer2 (HttpServer2.java:bindListener(1249)) - Jetty bound to port 10602
2021-10-05 12:30:36,002 [Listener at 127.0.0.1/10600] INFO  server.Server (Server.java:doStart(375)) - jetty-9.4.43.v20210629; built: 2021-06-30T11:07:22.254Z; git: 526006ecfa3af7f1a27ef3a288e2bef7ea9dd7e8; jvm 1.8.0_292-b10
2021-10-05 12:30:36,005 [Listener at 127.0.0.1/10600] INFO  server.session (DefaultSessionIdManager.java:doStart(334)) - DefaultSessionIdManager workerName=node0
2021-10-05 12:30:36,005 [Listener at 127.0.0.1/10600] INFO  server.session (DefaultSessionIdManager.java:doStart(339)) - No SessionScavenger set, using defaults
2021-10-05 12:30:36,005 [Listener at 127.0.0.1/10600] INFO  server.session (HouseKeeper.java:startScavenging(132)) - node0 Scavenging every 600000ms
2021-10-05 12:30:36,007 [Listener at 127.0.0.1/10600] INFO  handler.ContextHandler (ContextHandler.java:doStart(915)) - Started o.e.j.s.ServletContextHandler@6364e814{logs,/logs,file:///home/runner/work/ozone/ozone/hadoop-ozone/integration-test/target/log,AVAILABLE}
2021-10-05 12:30:36,008 [Listener at 127.0.0.1/10600] INFO  handler.ContextHandler (ContextHandler.java:doStart(915)) - Started o.e.j.s.ServletContextHandler@4654fe3b{static,/static,file:///home/runner/work/ozone/ozone/hadoop-ozone/integration-test/target/test-classes/webapps/static,AVAILABLE}
2021-10-05 12:30:36,012 [Listener at 127.0.0.1/10600] INFO  handler.ContextHandler (ContextHandler.java:doStart(915)) - Started o.e.j.w.WebAppContext@48405f04{ozoneManager,/,file:///home/runner/work/ozone/ozone/hadoop-ozone/integration-test/target/test-classes/webapps/ozoneManager/,AVAILABLE}{file:/home/runner/work/ozone/ozone/hadoop-ozone/integration-test/target/test-classes/webapps/ozoneManager}
2021-10-05 12:30:36,013 [Listener at 127.0.0.1/10600] INFO  server.AbstractConnector (AbstractConnector.java:doStart(331)) - Started ServerConnector@3107833{HTTP/1.1, (http/1.1)}{0.0.0.0:10602}
2021-10-05 12:30:36,013 [Listener at 127.0.0.1/10600] INFO  server.Server (Server.java:doStart(415)) - Started @5496ms
2021-10-05 12:30:36,013 [Listener at 127.0.0.1/10600] WARN  impl.MetricsSystemImpl (MetricsSystemImpl.java:register(279)) - Sink prometheus already exists!
2021-10-05 12:30:36,014 [Listener at 127.0.0.1/10600] INFO  http.BaseHttpServer (BaseHttpServer.java:updateConnectorAddress(329)) - HTTP server of ozoneManager listening at http://0.0.0.0:10602
2021-10-05 12:30:36,014 [IPC Server Responder] INFO  ipc.Server (Server.java:run(1507)) - IPC Server Responder: starting
2021-10-05 12:30:36,015 [IPC Server listener on 10600] INFO  ipc.Server (Server.java:run(1344)) - IPC Server listener on 10600: starting
2021-10-05 12:30:36,030 [Listener at 127.0.0.1/10600] INFO  om.OzoneManager (OzoneManager.java:startTrashEmptier(1543)) - Trash Interval set to 0. Files deleted will not move to trash
2021-10-05 12:30:36,031 [Listener at 127.0.0.1/10600] INFO  ozone.MiniOzoneHAClusterImpl (MiniOzoneHAClusterImpl.java:createOMService(485)) - Started OzoneManager omNode-1 RPC server at localhost/127.0.0.1:10600
2021-10-05 12:30:36,032 [Listener at 127.0.0.1/10600] INFO  ha.OMHANodeDetails (OMHANodeDetails.java:loadOMHAConfig(118)) - ServiceID for OzoneManager is om-service-test1
2021-10-05 12:30:36,032 [Listener at 127.0.0.1/10600] INFO  ha.OMHANodeDetails (OMHANodeDetails.java:loadOMHAConfig(194)) - Found matching OM address with OMServiceId: om-service-test1, OMNodeId: omNode-2, RPC Address: localhost:10606 and Ratis port: 10610
2021-10-05 12:30:36,033 [Listener at 127.0.0.1/10600] INFO  ha.OMHANodeDetails (ConfUtils.java:setNodeSpecificConfigs(108)) - Setting configuration key ozone.om.http-address with value of key ozone.om.http-address.om-service-test1.omNode-2: 127.0.0.1:10608
2021-10-05 12:30:36,033 [Listener at 127.0.0.1/10600] INFO  ha.OMHANodeDetails (ConfUtils.java:setNodeSpecificConfigs(108)) - Setting configuration key ozone.om.https-address with value of key ozone.om.https-address.om-service-test1.omNode-2: 127.0.0.1:10609
2021-10-05 12:30:36,033 [Listener at 127.0.0.1/10600] INFO  ha.OMHANodeDetails (ConfUtils.java:setNodeSpecificConfigs(108)) - Setting configuration key ozone.om.address with value of key ozone.om.address.om-service-test1.omNode-2: 127.0.0.1:10606
2021-10-05 12:30:36,033 [Listener at 127.0.0.1/10600] WARN  server.ServerUtils (ServerUtils.java:getDBPath(225)) - ozone.om.db.dirs is not configured. We recommend adding this setting. Falling back to ozone.metadata.dirs instead.
2021-10-05 12:30:36,039 [org.apache.hadoop.util.JvmPauseMonitor$Monitor@52971afb] INFO  util.JvmPauseMonitor (JvmPauseMonitor.java:run(188)) - Starting JVM pause monitor
OM initialization succeeded.Current cluster id for sd=/home/runner/work/ozone/ozone/hadoop-ozone/integration-test/target/test-dir/MiniOzoneClusterImpl-37ac24e5-edd8-4d0c-a990-01310c91afa3/omNode-2/om;cid=37ac24e5-edd8-4d0c-a990-01310c91afa3;layoutVersion=0
2021-10-05 12:30:36,051 [Listener at 127.0.0.1/10600] INFO  ha.OMHANodeDetails (OMHANodeDetails.java:loadOMHAConfig(118)) - ServiceID for OzoneManager is om-service-test1
2021-10-05 12:30:36,051 [Listener at 127.0.0.1/10600] INFO  ha.OMHANodeDetails (OMHANodeDetails.java:loadOMHAConfig(194)) - Found matching OM address with OMServiceId: om-service-test1, OMNodeId: omNode-2, RPC Address: localhost:10606 and Ratis port: 10610
2021-10-05 12:30:36,052 [Listener at 127.0.0.1/10600] INFO  ha.OMHANodeDetails (ConfUtils.java:setNodeSpecificConfigs(108)) - Setting configuration key ozone.om.http-address with value of key ozone.om.http-address.om-service-test1.omNode-2: 127.0.0.1:10608
2021-10-05 12:30:36,052 [Listener at 127.0.0.1/10600] INFO  ha.OMHANodeDetails (ConfUtils.java:setNodeSpecificConfigs(108)) - Setting configuration key ozone.om.https-address with value of key ozone.om.https-address.om-service-test1.omNode-2: 127.0.0.1:10609
2021-10-05 12:30:36,052 [Listener at 127.0.0.1/10600] INFO  ha.OMHANodeDetails (ConfUtils.java:setNodeSpecificConfigs(108)) - Setting configuration key ozone.om.address with value of key ozone.om.address.om-service-test1.omNode-2: 127.0.0.1:10606
2021-10-05 12:30:36,052 [Listener at 127.0.0.1/10600] WARN  server.ServerUtils (ServerUtils.java:getDBPath(225)) - ozone.om.db.dirs is not configured. We recommend adding this setting. Falling back to ozone.metadata.dirs instead.
2021-10-05 12:30:36,052 [Listener at 127.0.0.1/10600] INFO  upgrade.AbstractLayoutVersionManager (AbstractLayoutVersionManager.java:init(79)) - Initializing Layout version manager with metadata layout = INITIAL_VERSION (version = 0), software layout = INITIAL_VERSION (version = 0)
2021-10-05 12:30:36,105 [Listener at 127.0.0.1/10600] INFO  reflections.Reflections (Reflections.java:scan(232)) - Reflections took 52 ms to scan 2 urls, producing 131 keys and 342 values [using 2 cores]
2021-10-05 12:30:36,106 [Listener at 127.0.0.1/10600] INFO  upgrade.OMLayoutVersionManager (OMLayoutVersionManager.java:lambda$0(115)) - Skipping Upgrade Action MockOmUpgradeAction since it has been finalized.
2021-10-05 12:30:36,106 [Listener at 127.0.0.1/10600] WARN  server.ServerUtils (ServerUtils.java:getDBPath(225)) - ozone.om.db.dirs is not configured. We recommend adding this setting. Falling back to ozone.metadata.dirs instead.
2021-10-05 12:30:36,115 [Listener at 127.0.0.1/10600] WARN  server.ServerUtils (ServerUtils.java:getDBPath(225)) - ozone.om.db.dirs is not configured. We recommend adding this setting. Falling back to ozone.metadata.dirs instead.
2021-10-05 12:30:36,116 [Listener at 127.0.0.1/10600] INFO  codec.OmKeyInfoCodec (OmKeyInfoCodec.java:<init>(51)) - OmKeyInfoCodec ignorePipeline = true
2021-10-05 12:30:36,116 [Listener at 127.0.0.1/10600] INFO  codec.RepeatedOmKeyInfoCodec (RepeatedOmKeyInfoCodec.java:<init>(42)) - RepeatedOmKeyInfoCodec ignorePipeline = true
2021-10-05 12:30:36,229 [Listener at 127.0.0.1/10600] INFO  om.OzoneManager (OzoneManager.java:addS3GVolumeToDB(4127)) - Created Volume s3v With Owner runner required for S3Gateway operations.
2021-10-05 12:30:36,229 [Listener at 127.0.0.1/10600] WARN  server.ServerUtils (ServerUtils.java:getDefaultRatisDirectory(237)) - Storage directory for Ratis is not configured. It is a good idea to map this to an SSD disk. Falling back to ozone.metadata.dirs
2021-10-05 12:30:36,229 [Listener at 127.0.0.1/10600] WARN  utils.OzoneManagerRatisUtils (OzoneManagerRatisUtils.java:getOMRatisSnapshotDirectory(435)) - ozone.om.ratis.snapshot.dir is not configured. Falling back to ozone.metadata.dirs config
2021-10-05 12:30:36,230 [Listener at 127.0.0.1/10600] INFO  snapshot.OzoneManagerSnapshotProvider (OzoneManagerSnapshotProvider.java:<init>(76)) - Initializing OM Snapshot Provider
2021-10-05 12:30:36,231 [Listener at 127.0.0.1/10600] WARN  impl.MetricRegistriesImpl (MetricRegistriesImpl.java:addReporterRegistration(111)) - New reporters are added after registries were created. Some metrics will be missing from the reporter. Please add reporter before adding any new registry.
2021-10-05 12:30:36,232 [Listener at 127.0.0.1/10600] WARN  impl.MetricRegistriesImpl (MetricRegistriesImpl.java:addReporterRegistration(111)) - New reporters are added after registries were created. Some metrics will be missing from the reporter. Please add reporter before adding any new registry.
2021-10-05 12:30:36,232 [Listener at 127.0.0.1/10600] WARN  server.ServerUtils (ServerUtils.java:getDefaultRatisDirectory(237)) - Storage directory for Ratis is not configured. It is a good idea to map this to an SSD disk. Falling back to ozone.metadata.dirs
2021-10-05 12:30:36,235 [Listener at 127.0.0.1/10600] INFO  ratis.OzoneManagerRatisServer (OzoneManagerRatisServer.java:<init>(158)) - Instantiating OM Ratis server with groupID: om-service-test1 and peers: localhost:10610, localhost:10616, localhost:10604
2021-10-05 12:30:36,235 [Listener at 127.0.0.1/10600] INFO  ratis.OzoneManagerStateMachine (OzoneManagerStateMachine.java:loadSnapshotInfoFromDB(605)) - LastAppliedIndex is set from TransactionInfo from OM DB as (t:0, i:~)
2021-10-05 12:30:36,236 [Listener at 127.0.0.1/10600] INFO  server.RaftServer (ConfUtils.java:logGet(44)) - raft.rpc.type = GRPC (default)
2021-10-05 12:30:36,236 [Listener at 127.0.0.1/10600] INFO  grpc.GrpcFactory (GrpcFactory.java:checkPooledByteBufAllocatorUseCacheForAllThreads(48)) - PERFORMANCE WARNING: useCacheForAllThreads is true that may cause Netty to create a lot garbage objects and, as a result, trigger GC.
	It is recommended to disable useCacheForAllThreads by setting -Dorg.apache.ratis.thirdparty.io.netty.allocator.useCacheForAllThreads=false in command line.
2021-10-05 12:30:36,236 [Listener at 127.0.0.1/10600] INFO  grpc.GrpcConfigKeys (ConfUtils.java:logGet(44)) - raft.grpc.admin.port = -1 (default)
2021-10-05 12:30:36,236 [Listener at 127.0.0.1/10600] INFO  grpc.GrpcConfigKeys (ConfUtils.java:logGet(44)) - raft.grpc.server.port = 10610 (custom)
2021-10-05 12:30:36,236 [Listener at 127.0.0.1/10600] INFO  grpc.GrpcConfigKeys (ConfUtils.java:logGet(44)) - raft.grpc.client.port = -1 (default)
2021-10-05 12:30:36,236 [Listener at 127.0.0.1/10600] INFO  grpc.GrpcConfigKeys (ConfUtils.java:logGet(44)) - raft.grpc.server.port = 10610 (custom)
2021-10-05 12:30:36,237 [Listener at 127.0.0.1/10600] INFO  grpc.GrpcConfigKeys (ConfUtils.java:logGet(44)) - raft.grpc.server.port = 10610 (custom)
2021-10-05 12:30:36,237 [Listener at 127.0.0.1/10600] INFO  server.GrpcService (ConfUtils.java:logGet(44)) - raft.grpc.message.size.max = 33554432 (custom)
2021-10-05 12:30:36,237 [Listener at 127.0.0.1/10600] INFO  server.RaftServerConfigKeys (ConfUtils.java:logGet(44)) - raft.server.log.appender.buffer.byte-limit = 33554432 (custom)
2021-10-05 12:30:36,237 [Listener at 127.0.0.1/10600] INFO  server.GrpcService (ConfUtils.java:logGet(44)) - raft.grpc.flow.control.window = 1MB (=1048576) (default)
2021-10-05 12:30:36,237 [Listener at 127.0.0.1/10600] INFO  server.RaftServerConfigKeys (ConfUtils.java:logGet(44)) - raft.server.rpc.request.timeout = 3000ms (default)
2021-10-05 12:30:36,238 [Listener at 127.0.0.1/10600] INFO  impl.DataStreamServerImpl (ConfUtils.java:logGet(44)) - raft.datastream.type = DISABLED (default)
2021-10-05 12:30:36,238 [Listener at 127.0.0.1/10600] INFO  server.RaftServerConfigKeys (ConfUtils.java:logGet(44)) - raft.server.rpc.slowness.timeout = 2s (custom)
2021-10-05 12:30:36,239 [Listener at 127.0.0.1/10600] INFO  server.RaftServerConfigKeys (ConfUtils.java:logGet(44)) - raft.server.leaderelection.leader.step-down.wait-time = 10s (default)
2021-10-05 12:30:36,239 [Listener at 127.0.0.1/10600] INFO  server.RaftServerConfigKeys (ConfUtils.java:logGet(44)) - raft.server.storage.dir = [/home/runner/work/ozone/ozone/hadoop-ozone/integration-test/target/test-dir/MiniOzoneClusterImpl-37ac24e5-edd8-4d0c-a990-01310c91afa3/omNode-2/ratis] (custom)
2021-10-05 12:30:36,242 [Listener at 127.0.0.1/10600] INFO  server.RaftServer (RaftServerProxy.java:addNew(95)) - omNode-2: addNew group-523986131536:[omNode-3|rpc:localhost:10616|priority:0, omNode-1|rpc:localhost:10604|priority:0, omNode-2|rpc:localhost:10610|priority:0] returns group-523986131536:java.util.concurrent.CompletableFuture@b627ffa[Not completed]
2021-10-05 12:30:36,242 [Listener at 127.0.0.1/10600] INFO  om.OzoneManager (OzoneManager.java:initializeRatisServer(1585)) - OzoneManager Ratis server initialized at port 10610
2021-10-05 12:30:36,245 [Listener at 127.0.0.1/10600] INFO  ipc.CallQueueManager (CallQueueManager.java:<init>(90)) - Using callQueue: class java.util.concurrent.LinkedBlockingQueue, queueCapacity: 2000, scheduler: class org.apache.hadoop.ipc.DefaultRpcScheduler, ipcBackoff: false.
2021-10-05 12:30:36,246 [pool-62-thread-1] INFO  server.RaftServer$Division (RaftServerImpl.java:<init>(181)) - omNode-2: new RaftServerImpl for group-523986131536:[omNode-3|rpc:localhost:10616|priority:0, omNode-1|rpc:localhost:10604|priority:0, omNode-2|rpc:localhost:10610|priority:0] with OzoneManagerStateMachine:uninitialized
2021-10-05 12:30:36,250 [pool-62-thread-1] INFO  server.RaftServerConfigKeys (ConfUtils.java:logGet(44)) - raft.server.rpc.timeout.min = 1s (custom)
2021-10-05 12:30:36,250 [pool-62-thread-1] INFO  server.RaftServerConfigKeys (ConfUtils.java:logGet(44)) - raft.server.rpc.timeout.max = 1200ms (custom)
2021-10-05 12:30:36,251 [pool-62-thread-1] INFO  server.RaftServerConfigKeys (ConfUtils.java:logGet(44)) - raft.server.rpc.sleep.time = 25ms (default)
2021-10-05 12:30:36,251 [pool-62-thread-1] INFO  server.RaftServerConfigKeys (ConfUtils.java:logGet(44)) - raft.server.rpc.slowness.timeout = 2s (custom)
2021-10-05 12:30:36,251 [pool-62-thread-1] INFO  server.RaftServerConfigKeys (ConfUtils.java:logGet(44)) - raft.server.leaderelection.leader.step-down.wait-time = 10s (default)
2021-10-05 12:30:36,251 [pool-62-thread-1] INFO  server.RaftServerConfigKeys (ConfUtils.java:logGet(44)) - raft.server.sleep.deviation.threshold = 300ms (default)
2021-10-05 12:30:36,251 [pool-62-thread-1] INFO  server.RaftServerConfigKeys (ConfUtils.java:logGet(44)) - raft.server.log.appender.install.snapshot.enabled = false (custom)
2021-10-05 12:30:36,251 [pool-62-thread-1] INFO  server.RaftServer$Division (ServerState.java:<init>(105)) - omNode-2@group-523986131536: ConfigurationManager, init=-1: [omNode-3|rpc:localhost:10616|priority:0, omNode-1|rpc:localhost:10604|priority:0, omNode-2|rpc:localhost:10610|priority:0], old=null, confs=<EMPTY_MAP>
2021-10-05 12:30:36,251 [pool-62-thread-1] INFO  server.RaftServerConfigKeys (ConfUtils.java:logGet(44)) - raft.server.storage.dir = [/home/runner/work/ozone/ozone/hadoop-ozone/integration-test/target/test-dir/MiniOzoneClusterImpl-37ac24e5-edd8-4d0c-a990-01310c91afa3/omNode-2/ratis] (custom)
2021-10-05 12:30:36,251 [pool-62-thread-1] INFO  server.RaftServerConfigKeys (ConfUtils.java:logGet(44)) - raft.server.log.corruption.policy = EXCEPTION (default)
2021-10-05 12:30:36,251 [pool-62-thread-1] INFO  server.RaftServerConfigKeys (ConfUtils.java:logGet(44)) - raft.server.storage.free-space.min = 0MB (=0) (default)
2021-10-05 12:30:36,252 [pool-62-thread-1] INFO  storage.RaftStorageDirectory (RaftStorageDirectoryImpl.java:analyzeStorage(135)) - The storage directory /home/runner/work/ozone/ozone/hadoop-ozone/integration-test/target/test-dir/MiniOzoneClusterImpl-37ac24e5-edd8-4d0c-a990-01310c91afa3/omNode-2/ratis/c9bc4cf4-3bc3-3c60-a66b-523986131536 does not exist. Creating ...
2021-10-05 12:30:36,263 [Socket Reader #1 for port 10606] INFO  ipc.Server (Server.java:run(1265)) - Starting Socket Reader #1 for port 10606
2021-10-05 12:30:36,265 [pool-62-thread-1] INFO  storage.RaftStorageDirectory (RaftStorageDirectoryImpl.java:tryLock(230)) - Lock on /home/runner/work/ozone/ozone/hadoop-ozone/integration-test/target/test-dir/MiniOzoneClusterImpl-37ac24e5-edd8-4d0c-a990-01310c91afa3/omNode-2/ratis/c9bc4cf4-3bc3-3c60-a66b-523986131536/in_use.lock acquired by nodename 8782@fv-az270-324
2021-10-05 12:30:36,269 [pool-62-thread-1] INFO  storage.RaftStorage (RaftStorageImpl.java:format(89)) - Storage directory /home/runner/work/ozone/ozone/hadoop-ozone/integration-test/target/test-dir/MiniOzoneClusterImpl-37ac24e5-edd8-4d0c-a990-01310c91afa3/omNode-2/ratis/c9bc4cf4-3bc3-3c60-a66b-523986131536 has been successfully formatted.
2021-10-05 12:30:36,272 [pool-62-thread-1] INFO  server.RaftServerConfigKeys (ConfUtils.java:logGet(44)) - raft.server.notification.no-leader.timeout = 2s (custom)
2021-10-05 12:30:36,272 [pool-62-thread-1] INFO  server.RaftServerConfigKeys (ConfUtils.java:logGet(44)) - raft.server.log.use.memory = false (default)
2021-10-05 12:30:36,272 [pool-62-thread-1] INFO  server.RaftServerConfigKeys (ConfUtils.java:logGet(44)) - raft.server.log.purge.gap = 50 (custom)
2021-10-05 12:30:36,272 [pool-62-thread-1] INFO  server.RaftServerConfigKeys (ConfUtils.java:logGet(44)) - raft.server.log.appender.buffer.byte-limit = 33554432 (custom)
2021-10-05 12:30:36,272 [pool-62-thread-1] INFO  server.RaftServerConfigKeys (ConfUtils.java:logGet(44)) - raft.server.log.segment.size.max = 4194304 (custom)
2021-10-05 12:30:36,273 [pool-62-thread-1] INFO  server.RaftServerConfigKeys (ConfUtils.java:logGet(44)) - raft.server.log.segment.cache.num.max = 2 (custom)
2021-10-05 12:30:36,273 [pool-62-thread-1] INFO  server.RaftServerConfigKeys (ConfUtils.java:logGet(44)) - raft.server.log.segment.cache.size.max = 200MB (=209715200) (default)
2021-10-05 12:30:36,275 [pool-62-thread-1] INFO  segmented.SegmentedRaftLogWorker (SegmentedRaftLogWorker.java:<init>(182)) - new omNode-2@group-523986131536-SegmentedRaftLogWorker for RaftStorageImpl:Storage Directory /home/runner/work/ozone/ozone/hadoop-ozone/integration-test/target/test-dir/MiniOzoneClusterImpl-37ac24e5-edd8-4d0c-a990-01310c91afa3/omNode-2/ratis/c9bc4cf4-3bc3-3c60-a66b-523986131536
2021-10-05 12:30:36,276 [pool-62-thread-1] INFO  server.RaftServerConfigKeys (ConfUtils.java:logGet(44)) - raft.server.log.queue.byte-limit = 64MB (=67108864) (default)
2021-10-05 12:30:36,276 [pool-62-thread-1] INFO  server.RaftServerConfigKeys (ConfUtils.java:logGet(44)) - raft.server.log.queue.element-limit = 4096 (default)
2021-10-05 12:30:36,276 [pool-62-thread-1] INFO  server.RaftServerConfigKeys (ConfUtils.java:logGet(44)) - raft.server.log.segment.size.max = 4194304 (custom)
2021-10-05 12:30:36,276 [pool-62-thread-1] INFO  server.RaftServerConfigKeys (ConfUtils.java:logGet(44)) - raft.server.log.preallocated.size = 4194304 (custom)
2021-10-05 12:30:36,276 [pool-62-thread-1] INFO  server.RaftServerConfigKeys (ConfUtils.java:logGet(44)) - raft.server.log.force.sync.num = 128 (default)
2021-10-05 12:30:36,276 [pool-62-thread-1] INFO  server.RaftServerConfigKeys (ConfUtils.java:logGet(44)) - raft.server.log.statemachine.data.sync = true (default)
2021-10-05 12:30:36,276 [pool-62-thread-1] INFO  server.RaftServerConfigKeys (ConfUtils.java:logGet(44)) - raft.server.log.statemachine.data.sync.timeout = 10s (default)
2021-10-05 12:30:36,276 [pool-62-thread-1] INFO  server.RaftServerConfigKeys (ConfUtils.java:logGet(44)) - raft.server.log.statemachine.data.sync.timeout.retry = -1 (default)
2021-10-05 12:30:36,277 [pool-62-thread-1] INFO  server.RaftServerConfigKeys (ConfUtils.java:logGet(44)) - raft.server.log.write.buffer.size = 64KB (=65536) (default)
2021-10-05 12:30:36,277 [pool-62-thread-1] INFO  server.RaftServerConfigKeys (ConfUtils.java:logGet(44)) - raft.server.log.statemachine.data.caching.enabled = false (default)
2021-10-05 12:30:36,277 [pool-62-thread-1] INFO  segmented.SegmentedRaftLogWorker (SegmentedRaftLogWorker.java:lambda$new$0(133)) - omNode-2@group-523986131536-SegmentedRaftLogWorker: flushIndex: setUnconditionally 0 -> -1
2021-10-05 12:30:36,278 [pool-62-thread-1] INFO  segmented.SegmentedRaftLogWorker (SegmentedRaftLogWorker.java:lambda$new$0(133)) - omNode-2@group-523986131536-SegmentedRaftLogWorker: safeCacheEvictIndex: setUnconditionally 0 -> -1
2021-10-05 12:30:36,278 [pool-62-thread-1] INFO  server.RaftServerConfigKeys (ConfUtils.java:logGet(44)) - raft.server.snapshot.auto.trigger.enabled = true (custom)
2021-10-05 12:30:36,278 [pool-62-thread-1] INFO  server.RaftServerConfigKeys (ConfUtils.java:logGet(44)) - raft.server.snapshot.auto.trigger.threshold = 50 (custom)
2021-10-05 12:30:36,279 [pool-62-thread-1] INFO  server.RaftServerConfigKeys (ConfUtils.java:logGet(44)) - raft.server.snapshot.retention.file.num = -1 (default)
2021-10-05 12:30:36,279 [pool-62-thread-1] INFO  server.RaftServerConfigKeys (ConfUtils.java:logGet(44)) - raft.server.log.purge.upto.snapshot.index = true (custom)
2021-10-05 12:30:36,279 [pool-62-thread-1] INFO  server.RaftServerConfigKeys (ConfUtils.java:logGet(44)) - raft.server.retrycache.expirytime = 30000ms (custom)
2021-10-05 12:30:36,279 [pool-62-thread-1] INFO  server.RaftServerConfigKeys (ConfUtils.java:logGet(44)) - raft.server.retrycache.statistics.expirytime = 100μs (default)
2021-10-05 12:30:36,295 [Listener at 127.0.0.1/10606] INFO  om.OzoneManager (OzoneManager.java:initFSOLayout(4333)) - Configured ozone.om.metadata.layout=SIMPLE and disabled optimized OM FS operations
2021-10-05 12:30:36,298 [Listener at 127.0.0.1/10606] INFO  impl.MetricsSystemImpl (MetricsSystemImpl.java:init(158)) - OzoneManager metrics system started (again)
2021-10-05 12:30:36,315 [Listener at 127.0.0.1/10606] INFO  om.OzoneManager (OzoneManager.java:start(1281)) - OzoneManager RPC server is listening at localhost/127.0.0.1:10606
2021-10-05 12:30:36,315 [Listener at 127.0.0.1/10606] INFO  ratis.OzoneManagerRatisServer (OzoneManagerRatisServer.java:start(516)) - Starting OzoneManagerRatisServer omNode-2 at port 10610
2021-10-05 12:30:36,315 [Listener at 127.0.0.1/10606] INFO  server.RaftServer$Division (RaftServerImpl.java:start(296)) - omNode-2@group-523986131536: start as a follower, conf=-1: [omNode-3|rpc:localhost:10616|priority:0, omNode-1|rpc:localhost:10604|priority:0, omNode-2|rpc:localhost:10610|priority:0], old=null
2021-10-05 12:30:36,315 [Listener at 127.0.0.1/10606] INFO  server.RaftServer$Division (RaftServerImpl.java:setRole(285)) - omNode-2@group-523986131536: changes role from      null to FOLLOWER at term 0 for startAsFollower
2021-10-05 12:30:36,315 [Listener at 127.0.0.1/10606] INFO  impl.RoleInfo (RoleInfo.java:updateAndGet(130)) - omNode-2: start omNode-2@group-523986131536-FollowerState
2021-10-05 12:30:36,316 [Listener at 127.0.0.1/10606] INFO  util.JmxRegister (JmxRegister.java:tryRegister(44)) - Successfully registered JMX Bean with object name Ratis:service=RaftServer,group=group-523986131536,id=omNode-2
2021-10-05 12:30:36,317 [Listener at 127.0.0.1/10606] INFO  server.RaftServer (RaftServerProxy.java:lambda$start$5(374)) - omNode-2: start RPC server
2021-10-05 12:30:36,319 [Listener at 127.0.0.1/10606] INFO  server.GrpcService (GrpcService.java:startImpl(253)) - omNode-2: GrpcService started, listening on 10610
2021-10-05 12:30:36,319 [Listener at 127.0.0.1/10606] INFO  om.OzoneManager (OzoneManager.java:start(1299)) - Version File has different layout version (0) than OM DB (null). That is expected if this OM has never been finalized to a newer layout version.
2021-10-05 12:30:36,319 [org.apache.ratis.util.JvmPauseMonitor$$Lambda$523/2137356424@1791040d] INFO  util.JvmPauseMonitor (JvmPauseMonitor.java:run(103)) - JvmPauseMonitor-omNode-2: Started
2021-10-05 12:30:36,324 [Listener at 127.0.0.1/10606] INFO  http.BaseHttpServer (BaseHttpServer.java:newHttpServer2BuilderForOzone(209)) - Starting Web-server for ozoneManager at: http://0.0.0.0:10608
2021-10-05 12:30:36,324 [Listener at 127.0.0.1/10606] INFO  http.BaseHttpServer (BaseHttpServer.java:<init>(107)) - Hadoop Security Enabled: false Ozone Security Enabled: false Ozone HTTP Security Enabled: false 
2021-10-05 12:30:36,325 [Listener at 127.0.0.1/10606] INFO  server.AuthenticationFilter (AuthenticationFilter.java:constructSecretProvider(240)) - Unable to initialize FileSignerSecretProvider, falling back to use random secrets.
2021-10-05 12:30:36,326 [Listener at 127.0.0.1/10606] WARN  http.HttpRequestLog (HttpRequestLog.java:getRequestLog(103)) - Jetty request log can only be enabled using Log4j
2021-10-05 12:30:36,327 [Listener at 127.0.0.1/10606] INFO  http.HttpServer2 (HttpServer2.java:addGlobalFilter(1030)) - Added global filter 'safety' (class=org.apache.hadoop.hdds.server.http.HttpServer2$QuotingInputFilter)
2021-10-05 12:30:36,328 [Listener at 127.0.0.1/10606] INFO  http.HttpServer2 (HttpServer2.java:addFilter(1006)) - Added filter static_user_filter (class=org.apache.hadoop.http.lib.StaticUserWebFilter$StaticUserFilter) to context ozoneManager
2021-10-05 12:30:36,328 [Listener at 127.0.0.1/10606] INFO  http.HttpServer2 (HttpServer2.java:addFilter(1014)) - Added filter static_user_filter (class=org.apache.hadoop.http.lib.StaticUserWebFilter$StaticUserFilter) to context static
2021-10-05 12:30:36,328 [Listener at 127.0.0.1/10606] INFO  http.HttpServer2 (HttpServer2.java:addFilter(1014)) - Added filter static_user_filter (class=org.apache.hadoop.http.lib.StaticUserWebFilter$StaticUserFilter) to context logs
2021-10-05 12:30:36,329 [Listener at 127.0.0.1/10606] INFO  http.HttpServer2 (HttpServer2.java:bindListener(1249)) - Jetty bound to port 10608
2021-10-05 12:30:36,329 [Listener at 127.0.0.1/10606] INFO  server.Server (Server.java:doStart(375)) - jetty-9.4.43.v20210629; built: 2021-06-30T11:07:22.254Z; git: 526006ecfa3af7f1a27ef3a288e2bef7ea9dd7e8; jvm 1.8.0_292-b10
2021-10-05 12:30:36,335 [Listener at 127.0.0.1/10606] INFO  server.session (DefaultSessionIdManager.java:doStart(334)) - DefaultSessionIdManager workerName=node0
2021-10-05 12:30:36,335 [Listener at 127.0.0.1/10606] INFO  server.session (DefaultSessionIdManager.java:doStart(339)) - No SessionScavenger set, using defaults
2021-10-05 12:30:36,335 [Listener at 127.0.0.1/10606] INFO  server.session (HouseKeeper.java:startScavenging(132)) - node0 Scavenging every 600000ms
2021-10-05 12:30:36,336 [Listener at 127.0.0.1/10606] INFO  handler.ContextHandler (ContextHandler.java:doStart(915)) - Started o.e.j.s.ServletContextHandler@5a7810e1{logs,/logs,file:///home/runner/work/ozone/ozone/hadoop-ozone/integration-test/target/log,AVAILABLE}
2021-10-05 12:30:36,336 [Listener at 127.0.0.1/10606] INFO  handler.ContextHandler (ContextHandler.java:doStart(915)) - Started o.e.j.s.ServletContextHandler@7c09fdb8{static,/static,file:///home/runner/work/ozone/ozone/hadoop-ozone/integration-test/target/test-classes/webapps/static,AVAILABLE}
2021-10-05 12:30:36,340 [Listener at 127.0.0.1/10606] INFO  handler.ContextHandler (ContextHandler.java:doStart(915)) - Started o.e.j.w.WebAppContext@26838837{ozoneManager,/,file:///home/runner/work/ozone/ozone/hadoop-ozone/integration-test/target/test-classes/webapps/ozoneManager/,AVAILABLE}{file:/home/runner/work/ozone/ozone/hadoop-ozone/integration-test/target/test-classes/webapps/ozoneManager}
2021-10-05 12:30:36,341 [Listener at 127.0.0.1/10606] INFO  server.AbstractConnector (AbstractConnector.java:doStart(331)) - Started ServerConnector@5e3c8272{HTTP/1.1, (http/1.1)}{0.0.0.0:10608}
2021-10-05 12:30:36,341 [Listener at 127.0.0.1/10606] INFO  server.Server (Server.java:doStart(415)) - Started @5825ms
2021-10-05 12:30:36,342 [Listener at 127.0.0.1/10606] WARN  impl.MetricsSystemImpl (MetricsSystemImpl.java:register(279)) - Sink prometheus already exists!
2021-10-05 12:30:36,342 [Listener at 127.0.0.1/10606] INFO  http.BaseHttpServer (BaseHttpServer.java:updateConnectorAddress(329)) - HTTP server of ozoneManager listening at http://0.0.0.0:10608
2021-10-05 12:30:36,343 [IPC Server Responder] INFO  ipc.Server (Server.java:run(1507)) - IPC Server Responder: starting
2021-10-05 12:30:36,348 [IPC Server listener on 10606] INFO  ipc.Server (Server.java:run(1344)) - IPC Server listener on 10606: starting
2021-10-05 12:30:36,356 [Listener at 127.0.0.1/10606] INFO  om.OzoneManager (OzoneManager.java:startTrashEmptier(1543)) - Trash Interval set to 0. Files deleted will not move to trash
2021-10-05 12:30:36,359 [Listener at 127.0.0.1/10606] INFO  ozone.MiniOzoneHAClusterImpl (MiniOzoneHAClusterImpl.java:createOMService(485)) - Started OzoneManager omNode-2 RPC server at localhost/127.0.0.1:10606
2021-10-05 12:30:36,360 [Listener at 127.0.0.1/10606] INFO  ha.OMHANodeDetails (OMHANodeDetails.java:loadOMHAConfig(118)) - ServiceID for OzoneManager is om-service-test1
2021-10-05 12:30:36,360 [Listener at 127.0.0.1/10606] INFO  ha.OMHANodeDetails (OMHANodeDetails.java:loadOMHAConfig(194)) - Found matching OM address with OMServiceId: om-service-test1, OMNodeId: omNode-3, RPC Address: localhost:10612 and Ratis port: 10616
2021-10-05 12:30:36,361 [Listener at 127.0.0.1/10606] INFO  ha.OMHANodeDetails (ConfUtils.java:setNodeSpecificConfigs(108)) - Setting configuration key ozone.om.http-address with value of key ozone.om.http-address.om-service-test1.omNode-3: 127.0.0.1:10614
2021-10-05 12:30:36,361 [Listener at 127.0.0.1/10606] INFO  ha.OMHANodeDetails (ConfUtils.java:setNodeSpecificConfigs(108)) - Setting configuration key ozone.om.https-address with value of key ozone.om.https-address.om-service-test1.omNode-3: 127.0.0.1:10615
2021-10-05 12:30:36,361 [Listener at 127.0.0.1/10606] INFO  ha.OMHANodeDetails (ConfUtils.java:setNodeSpecificConfigs(108)) - Setting configuration key ozone.om.address with value of key ozone.om.address.om-service-test1.omNode-3: 127.0.0.1:10612
2021-10-05 12:30:36,361 [Listener at 127.0.0.1/10606] WARN  server.ServerUtils (ServerUtils.java:getDBPath(225)) - ozone.om.db.dirs is not configured. We recommend adding this setting. Falling back to ozone.metadata.dirs instead.
2021-10-05 12:30:36,364 [org.apache.hadoop.util.JvmPauseMonitor$Monitor@4140f94c] INFO  util.JvmPauseMonitor (JvmPauseMonitor.java:run(188)) - Starting JVM pause monitor
OM initialization succeeded.Current cluster id for sd=/home/runner/work/ozone/ozone/hadoop-ozone/integration-test/target/test-dir/MiniOzoneClusterImpl-37ac24e5-edd8-4d0c-a990-01310c91afa3/omNode-3/om;cid=37ac24e5-edd8-4d0c-a990-01310c91afa3;layoutVersion=0
2021-10-05 12:30:36,374 [Listener at 127.0.0.1/10606] INFO  ha.OMHANodeDetails (OMHANodeDetails.java:loadOMHAConfig(118)) - ServiceID for OzoneManager is om-service-test1
2021-10-05 12:30:36,375 [Listener at 127.0.0.1/10606] INFO  ha.OMHANodeDetails (OMHANodeDetails.java:loadOMHAConfig(194)) - Found matching OM address with OMServiceId: om-service-test1, OMNodeId: omNode-3, RPC Address: localhost:10612 and Ratis port: 10616
2021-10-05 12:30:36,375 [Listener at 127.0.0.1/10606] INFO  ha.OMHANodeDetails (ConfUtils.java:setNodeSpecificConfigs(108)) - Setting configuration key ozone.om.http-address with value of key ozone.om.http-address.om-service-test1.omNode-3: 127.0.0.1:10614
2021-10-05 12:30:36,375 [Listener at 127.0.0.1/10606] INFO  ha.OMHANodeDetails (ConfUtils.java:setNodeSpecificConfigs(108)) - Setting configuration key ozone.om.https-address with value of key ozone.om.https-address.om-service-test1.omNode-3: 127.0.0.1:10615
2021-10-05 12:30:36,375 [Listener at 127.0.0.1/10606] INFO  ha.OMHANodeDetails (ConfUtils.java:setNodeSpecificConfigs(108)) - Setting configuration key ozone.om.address with value of key ozone.om.address.om-service-test1.omNode-3: 127.0.0.1:10612
2021-10-05 12:30:36,375 [Listener at 127.0.0.1/10606] WARN  server.ServerUtils (ServerUtils.java:getDBPath(225)) - ozone.om.db.dirs is not configured. We recommend adding this setting. Falling back to ozone.metadata.dirs instead.
2021-10-05 12:30:36,375 [Listener at 127.0.0.1/10606] INFO  upgrade.AbstractLayoutVersionManager (AbstractLayoutVersionManager.java:init(79)) - Initializing Layout version manager with metadata layout = INITIAL_VERSION (version = 0), software layout = INITIAL_VERSION (version = 0)
2021-10-05 12:30:36,422 [Listener at 127.0.0.1/10606] INFO  reflections.Reflections (Reflections.java:scan(232)) - Reflections took 46 ms to scan 2 urls, producing 131 keys and 342 values [using 2 cores]
2021-10-05 12:30:36,423 [Listener at 127.0.0.1/10606] INFO  upgrade.OMLayoutVersionManager (OMLayoutVersionManager.java:lambda$0(115)) - Skipping Upgrade Action MockOmUpgradeAction since it has been finalized.
2021-10-05 12:30:36,423 [Listener at 127.0.0.1/10606] WARN  server.ServerUtils (ServerUtils.java:getDBPath(225)) - ozone.om.db.dirs is not configured. We recommend adding this setting. Falling back to ozone.metadata.dirs instead.
2021-10-05 12:30:36,429 [Listener at 127.0.0.1/10606] WARN  server.ServerUtils (ServerUtils.java:getDBPath(225)) - ozone.om.db.dirs is not configured. We recommend adding this setting. Falling back to ozone.metadata.dirs instead.
2021-10-05 12:30:36,430 [Listener at 127.0.0.1/10606] INFO  codec.OmKeyInfoCodec (OmKeyInfoCodec.java:<init>(51)) - OmKeyInfoCodec ignorePipeline = true
2021-10-05 12:30:36,430 [Listener at 127.0.0.1/10606] INFO  codec.RepeatedOmKeyInfoCodec (RepeatedOmKeyInfoCodec.java:<init>(42)) - RepeatedOmKeyInfoCodec ignorePipeline = true
2021-10-05 12:30:36,536 [Listener at 127.0.0.1/10606] INFO  om.OzoneManager (OzoneManager.java:addS3GVolumeToDB(4127)) - Created Volume s3v With Owner runner required for S3Gateway operations.
2021-10-05 12:30:36,536 [Listener at 127.0.0.1/10606] WARN  server.ServerUtils (ServerUtils.java:getDefaultRatisDirectory(237)) - Storage directory for Ratis is not configured. It is a good idea to map this to an SSD disk. Falling back to ozone.metadata.dirs
2021-10-05 12:30:36,537 [Listener at 127.0.0.1/10606] WARN  utils.OzoneManagerRatisUtils (OzoneManagerRatisUtils.java:getOMRatisSnapshotDirectory(435)) - ozone.om.ratis.snapshot.dir is not configured. Falling back to ozone.metadata.dirs config
2021-10-05 12:30:36,537 [Listener at 127.0.0.1/10606] INFO  snapshot.OzoneManagerSnapshotProvider (OzoneManagerSnapshotProvider.java:<init>(76)) - Initializing OM Snapshot Provider
2021-10-05 12:30:36,539 [Listener at 127.0.0.1/10606] WARN  impl.MetricRegistriesImpl (MetricRegistriesImpl.java:addReporterRegistration(111)) - New reporters are added after registries were created. Some metrics will be missing from the reporter. Please add reporter before adding any new registry.
2021-10-05 12:30:36,539 [Listener at 127.0.0.1/10606] WARN  impl.MetricRegistriesImpl (MetricRegistriesImpl.java:addReporterRegistration(111)) - New reporters are added after registries were created. Some metrics will be missing from the reporter. Please add reporter before adding any new registry.
2021-10-05 12:30:36,539 [Listener at 127.0.0.1/10606] WARN  server.ServerUtils (ServerUtils.java:getDefaultRatisDirectory(237)) - Storage directory for Ratis is not configured. It is a good idea to map this to an SSD disk. Falling back to ozone.metadata.dirs
2021-10-05 12:30:36,544 [Listener at 127.0.0.1/10606] INFO  ratis.OzoneManagerRatisServer (OzoneManagerRatisServer.java:<init>(158)) - Instantiating OM Ratis server with groupID: om-service-test1 and peers: localhost:10616, localhost:10604, localhost:10610
2021-10-05 12:30:36,545 [Listener at 127.0.0.1/10606] INFO  ratis.OzoneManagerStateMachine (OzoneManagerStateMachine.java:loadSnapshotInfoFromDB(605)) - LastAppliedIndex is set from TransactionInfo from OM DB as (t:0, i:~)
2021-10-05 12:30:36,545 [Listener at 127.0.0.1/10606] INFO  server.RaftServer (ConfUtils.java:logGet(44)) - raft.rpc.type = GRPC (default)
2021-10-05 12:30:36,545 [Listener at 127.0.0.1/10606] INFO  grpc.GrpcFactory (GrpcFactory.java:checkPooledByteBufAllocatorUseCacheForAllThreads(48)) - PERFORMANCE WARNING: useCacheForAllThreads is true that may cause Netty to create a lot garbage objects and, as a result, trigger GC.
	It is recommended to disable useCacheForAllThreads by setting -Dorg.apache.ratis.thirdparty.io.netty.allocator.useCacheForAllThreads=false in command line.
2021-10-05 12:30:36,545 [Listener at 127.0.0.1/10606] INFO  grpc.GrpcConfigKeys (ConfUtils.java:logGet(44)) - raft.grpc.admin.port = -1 (default)
2021-10-05 12:30:36,545 [Listener at 127.0.0.1/10606] INFO  grpc.GrpcConfigKeys (ConfUtils.java:logGet(44)) - raft.grpc.server.port = 10616 (custom)
2021-10-05 12:30:36,545 [Listener at 127.0.0.1/10606] INFO  grpc.GrpcConfigKeys (ConfUtils.java:logGet(44)) - raft.grpc.client.port = -1 (default)
2021-10-05 12:30:36,546 [Listener at 127.0.0.1/10606] INFO  grpc.GrpcConfigKeys (ConfUtils.java:logGet(44)) - raft.grpc.server.port = 10616 (custom)
2021-10-05 12:30:36,546 [Listener at 127.0.0.1/10606] INFO  grpc.GrpcConfigKeys (ConfUtils.java:logGet(44)) - raft.grpc.server.port = 10616 (custom)
2021-10-05 12:30:36,546 [Listener at 127.0.0.1/10606] INFO  server.GrpcService (ConfUtils.java:logGet(44)) - raft.grpc.message.size.max = 33554432 (custom)
2021-10-05 12:30:36,546 [Listener at 127.0.0.1/10606] INFO  server.RaftServerConfigKeys (ConfUtils.java:logGet(44)) - raft.server.log.appender.buffer.byte-limit = 33554432 (custom)
2021-10-05 12:30:36,546 [Listener at 127.0.0.1/10606] INFO  server.GrpcService (ConfUtils.java:logGet(44)) - raft.grpc.flow.control.window = 1MB (=1048576) (default)
2021-10-05 12:30:36,546 [Listener at 127.0.0.1/10606] INFO  server.RaftServerConfigKeys (ConfUtils.java:logGet(44)) - raft.server.rpc.request.timeout = 3000ms (default)
2021-10-05 12:30:36,547 [Listener at 127.0.0.1/10606] INFO  impl.DataStreamServerImpl (ConfUtils.java:logGet(44)) - raft.datastream.type = DISABLED (default)
2021-10-05 12:30:36,547 [Listener at 127.0.0.1/10606] INFO  server.RaftServerConfigKeys (ConfUtils.java:logGet(44)) - raft.server.rpc.slowness.timeout = 2s (custom)
2021-10-05 12:30:36,547 [Listener at 127.0.0.1/10606] INFO  server.RaftServerConfigKeys (ConfUtils.java:logGet(44)) - raft.server.leaderelection.leader.step-down.wait-time = 10s (default)
2021-10-05 12:30:36,548 [Listener at 127.0.0.1/10606] INFO  server.RaftServerConfigKeys (ConfUtils.java:logGet(44)) - raft.server.storage.dir = [/home/runner/work/ozone/ozone/hadoop-ozone/integration-test/target/test-dir/MiniOzoneClusterImpl-37ac24e5-edd8-4d0c-a990-01310c91afa3/omNode-3/ratis] (custom)
2021-10-05 12:30:36,548 [Listener at 127.0.0.1/10606] INFO  server.RaftServer (RaftServerProxy.java:addNew(95)) - omNode-3: addNew group-523986131536:[omNode-3|rpc:localhost:10616|priority:0, omNode-1|rpc:localhost:10604|priority:0, omNode-2|rpc:localhost:10610|priority:0] returns group-523986131536:java.util.concurrent.CompletableFuture@235babaf[Not completed]
2021-10-05 12:30:36,548 [Listener at 127.0.0.1/10606] INFO  om.OzoneManager (OzoneManager.java:initializeRatisServer(1585)) - OzoneManager Ratis server initialized at port 10616
2021-10-05 12:30:36,550 [Listener at 127.0.0.1/10606] INFO  ipc.CallQueueManager (CallQueueManager.java:<init>(90)) - Using callQueue: class java.util.concurrent.LinkedBlockingQueue, queueCapacity: 2000, scheduler: class org.apache.hadoop.ipc.DefaultRpcScheduler, ipcBackoff: false.
2021-10-05 12:30:36,551 [pool-83-thread-1] INFO  server.RaftServer$Division (RaftServerImpl.java:<init>(181)) - omNode-3: new RaftServerImpl for group-523986131536:[omNode-3|rpc:localhost:10616|priority:0, omNode-1|rpc:localhost:10604|priority:0, omNode-2|rpc:localhost:10610|priority:0] with OzoneManagerStateMachine:uninitialized
2021-10-05 12:30:36,552 [Socket Reader #1 for port 10612] INFO  ipc.Server (Server.java:run(1265)) - Starting Socket Reader #1 for port 10612
2021-10-05 12:30:36,558 [pool-83-thread-1] INFO  server.RaftServerConfigKeys (ConfUtils.java:logGet(44)) - raft.server.rpc.timeout.min = 1s (custom)
2021-10-05 12:30:36,558 [pool-83-thread-1] INFO  server.RaftServerConfigKeys (ConfUtils.java:logGet(44)) - raft.server.rpc.timeout.max = 1200ms (custom)
2021-10-05 12:30:36,558 [pool-83-thread-1] INFO  server.RaftServerConfigKeys (ConfUtils.java:logGet(44)) - raft.server.rpc.sleep.time = 25ms (default)
2021-10-05 12:30:36,558 [pool-83-thread-1] INFO  server.RaftServerConfigKeys (ConfUtils.java:logGet(44)) - raft.server.rpc.slowness.timeout = 2s (custom)
2021-10-05 12:30:36,558 [pool-83-thread-1] INFO  server.RaftServerConfigKeys (ConfUtils.java:logGet(44)) - raft.server.leaderelection.leader.step-down.wait-time = 10s (default)
2021-10-05 12:30:36,558 [pool-83-thread-1] INFO  server.RaftServerConfigKeys (ConfUtils.java:logGet(44)) - raft.server.sleep.deviation.threshold = 300ms (default)
2021-10-05 12:30:36,558 [pool-83-thread-1] INFO  server.RaftServerConfigKeys (ConfUtils.java:logGet(44)) - raft.server.log.appender.install.snapshot.enabled = false (custom)
2021-10-05 12:30:36,560 [pool-83-thread-1] INFO  server.RaftServer$Division (ServerState.java:<init>(105)) - omNode-3@group-523986131536: ConfigurationManager, init=-1: [omNode-3|rpc:localhost:10616|priority:0, omNode-1|rpc:localhost:10604|priority:0, omNode-2|rpc:localhost:10610|priority:0], old=null, confs=<EMPTY_MAP>
2021-10-05 12:30:36,560 [pool-83-thread-1] INFO  server.RaftServerConfigKeys (ConfUtils.java:logGet(44)) - raft.server.storage.dir = [/home/runner/work/ozone/ozone/hadoop-ozone/integration-test/target/test-dir/MiniOzoneClusterImpl-37ac24e5-edd8-4d0c-a990-01310c91afa3/omNode-3/ratis] (custom)
2021-10-05 12:30:36,567 [pool-83-thread-1] INFO  server.RaftServerConfigKeys (ConfUtils.java:logGet(44)) - raft.server.log.corruption.policy = EXCEPTION (default)
2021-10-05 12:30:36,567 [pool-83-thread-1] INFO  server.RaftServerConfigKeys (ConfUtils.java:logGet(44)) - raft.server.storage.free-space.min = 0MB (=0) (default)
2021-10-05 12:30:36,568 [pool-83-thread-1] INFO  storage.RaftStorageDirectory (RaftStorageDirectoryImpl.java:analyzeStorage(135)) - The storage directory /home/runner/work/ozone/ozone/hadoop-ozone/integration-test/target/test-dir/MiniOzoneClusterImpl-37ac24e5-edd8-4d0c-a990-01310c91afa3/omNode-3/ratis/c9bc4cf4-3bc3-3c60-a66b-523986131536 does not exist. Creating ...
2021-10-05 12:30:36,571 [pool-83-thread-1] INFO  storage.RaftStorageDirectory (RaftStorageDirectoryImpl.java:tryLock(230)) - Lock on /home/runner/work/ozone/ozone/hadoop-ozone/integration-test/target/test-dir/MiniOzoneClusterImpl-37ac24e5-edd8-4d0c-a990-01310c91afa3/omNode-3/ratis/c9bc4cf4-3bc3-3c60-a66b-523986131536/in_use.lock acquired by nodename 8782@fv-az270-324
2021-10-05 12:30:36,572 [pool-83-thread-1] INFO  storage.RaftStorage (RaftStorageImpl.java:format(89)) - Storage directory /home/runner/work/ozone/ozone/hadoop-ozone/integration-test/target/test-dir/MiniOzoneClusterImpl-37ac24e5-edd8-4d0c-a990-01310c91afa3/omNode-3/ratis/c9bc4cf4-3bc3-3c60-a66b-523986131536 has been successfully formatted.
2021-10-05 12:30:36,573 [pool-83-thread-1] INFO  server.RaftServerConfigKeys (ConfUtils.java:logGet(44)) - raft.server.notification.no-leader.timeout = 2s (custom)
2021-10-05 12:30:36,573 [pool-83-thread-1] INFO  server.RaftServerConfigKeys (ConfUtils.java:logGet(44)) - raft.server.log.use.memory = false (default)
2021-10-05 12:30:36,573 [pool-83-thread-1] INFO  server.RaftServerConfigKeys (ConfUtils.java:logGet(44)) - raft.server.log.purge.gap = 50 (custom)
2021-10-05 12:30:36,576 [pool-83-thread-1] INFO  server.RaftServerConfigKeys (ConfUtils.java:logGet(44)) - raft.server.log.appender.buffer.byte-limit = 33554432 (custom)
2021-10-05 12:30:36,577 [pool-83-thread-1] INFO  server.RaftServerConfigKeys (ConfUtils.java:logGet(44)) - raft.server.log.segment.size.max = 4194304 (custom)
2021-10-05 12:30:36,580 [pool-83-thread-1] INFO  server.RaftServerConfigKeys (ConfUtils.java:logGet(44)) - raft.server.log.segment.cache.num.max = 2 (custom)
2021-10-05 12:30:36,580 [pool-83-thread-1] INFO  server.RaftServerConfigKeys (ConfUtils.java:logGet(44)) - raft.server.log.segment.cache.size.max = 200MB (=209715200) (default)
2021-10-05 12:30:36,581 [pool-83-thread-1] INFO  segmented.SegmentedRaftLogWorker (SegmentedRaftLogWorker.java:<init>(182)) - new omNode-3@group-523986131536-SegmentedRaftLogWorker for RaftStorageImpl:Storage Directory /home/runner/work/ozone/ozone/hadoop-ozone/integration-test/target/test-dir/MiniOzoneClusterImpl-37ac24e5-edd8-4d0c-a990-01310c91afa3/omNode-3/ratis/c9bc4cf4-3bc3-3c60-a66b-523986131536
2021-10-05 12:30:36,581 [pool-83-thread-1] INFO  server.RaftServerConfigKeys (ConfUtils.java:logGet(44)) - raft.server.log.queue.byte-limit = 64MB (=67108864) (default)
2021-10-05 12:30:36,581 [pool-83-thread-1] INFO  server.RaftServerConfigKeys (ConfUtils.java:logGet(44)) - raft.server.log.queue.element-limit = 4096 (default)
2021-10-05 12:30:36,581 [pool-83-thread-1] INFO  server.RaftServerConfigKeys (ConfUtils.java:logGet(44)) - raft.server.log.segment.size.max = 4194304 (custom)
2021-10-05 12:30:36,581 [pool-83-thread-1] INFO  server.RaftServerConfigKeys (ConfUtils.java:logGet(44)) - raft.server.log.preallocated.size = 4194304 (custom)
2021-10-05 12:30:36,581 [pool-83-thread-1] INFO  server.RaftServerConfigKeys (ConfUtils.java:logGet(44)) - raft.server.log.force.sync.num = 128 (default)
2021-10-05 12:30:36,581 [pool-83-thread-1] INFO  server.RaftServerConfigKeys (ConfUtils.java:logGet(44)) - raft.server.log.statemachine.data.sync = true (default)
2021-10-05 12:30:36,581 [pool-83-thread-1] INFO  server.RaftServerConfigKeys (ConfUtils.java:logGet(44)) - raft.server.log.statemachine.data.sync.timeout = 10s (default)
2021-10-05 12:30:36,581 [pool-83-thread-1] INFO  server.RaftServerConfigKeys (ConfUtils.java:logGet(44)) - raft.server.log.statemachine.data.sync.timeout.retry = -1 (default)
2021-10-05 12:30:36,582 [pool-83-thread-1] INFO  server.RaftServerConfigKeys (ConfUtils.java:logGet(44)) - raft.server.log.write.buffer.size = 64KB (=65536) (default)
2021-10-05 12:30:36,583 [pool-83-thread-1] INFO  server.RaftServerConfigKeys (ConfUtils.java:logGet(44)) - raft.server.log.statemachine.data.caching.enabled = false (default)
2021-10-05 12:30:36,583 [pool-83-thread-1] INFO  segmented.SegmentedRaftLogWorker (SegmentedRaftLogWorker.java:lambda$new$0(133)) - omNode-3@group-523986131536-SegmentedRaftLogWorker: flushIndex: setUnconditionally 0 -> -1
2021-10-05 12:30:36,583 [pool-83-thread-1] INFO  segmented.SegmentedRaftLogWorker (SegmentedRaftLogWorker.java:lambda$new$0(133)) - omNode-3@group-523986131536-SegmentedRaftLogWorker: safeCacheEvictIndex: setUnconditionally 0 -> -1
2021-10-05 12:30:36,587 [pool-83-thread-1] INFO  server.RaftServerConfigKeys (ConfUtils.java:logGet(44)) - raft.server.snapshot.auto.trigger.enabled = true (custom)
2021-10-05 12:30:36,587 [pool-83-thread-1] INFO  server.RaftServerConfigKeys (ConfUtils.java:logGet(44)) - raft.server.snapshot.auto.trigger.threshold = 50 (custom)
2021-10-05 12:30:36,587 [pool-83-thread-1] INFO  server.RaftServerConfigKeys (ConfUtils.java:logGet(44)) - raft.server.snapshot.retention.file.num = -1 (default)
2021-10-05 12:30:36,587 [pool-83-thread-1] INFO  server.RaftServerConfigKeys (ConfUtils.java:logGet(44)) - raft.server.log.purge.upto.snapshot.index = true (custom)
2021-10-05 12:30:36,588 [pool-83-thread-1] INFO  server.RaftServerConfigKeys (ConfUtils.java:logGet(44)) - raft.server.retrycache.expirytime = 30000ms (custom)
2021-10-05 12:30:36,588 [pool-83-thread-1] INFO  server.RaftServerConfigKeys (ConfUtils.java:logGet(44)) - raft.server.retrycache.statistics.expirytime = 100μs (default)
2021-10-05 12:30:36,601 [Listener at 127.0.0.1/10612] INFO  om.OzoneManager (OzoneManager.java:initFSOLayout(4333)) - Configured ozone.om.metadata.layout=SIMPLE and disabled optimized OM FS operations
2021-10-05 12:30:36,601 [Listener at 127.0.0.1/10612] INFO  impl.MetricsSystemImpl (MetricsSystemImpl.java:init(158)) - OzoneManager metrics system started (again)
2021-10-05 12:30:36,613 [Listener at 127.0.0.1/10612] INFO  om.OzoneManager (OzoneManager.java:start(1281)) - OzoneManager RPC server is listening at localhost/127.0.0.1:10612
2021-10-05 12:30:36,613 [Listener at 127.0.0.1/10612] INFO  ratis.OzoneManagerRatisServer (OzoneManagerRatisServer.java:start(516)) - Starting OzoneManagerRatisServer omNode-3 at port 10616
2021-10-05 12:30:36,614 [Listener at 127.0.0.1/10612] INFO  server.RaftServer$Division (RaftServerImpl.java:start(296)) - omNode-3@group-523986131536: start as a follower, conf=-1: [omNode-3|rpc:localhost:10616|priority:0, omNode-1|rpc:localhost:10604|priority:0, omNode-2|rpc:localhost:10610|priority:0], old=null
2021-10-05 12:30:36,614 [Listener at 127.0.0.1/10612] INFO  server.RaftServer$Division (RaftServerImpl.java:setRole(285)) - omNode-3@group-523986131536: changes role from      null to FOLLOWER at term 0 for startAsFollower
2021-10-05 12:30:36,614 [Listener at 127.0.0.1/10612] INFO  impl.RoleInfo (RoleInfo.java:updateAndGet(130)) - omNode-3: start omNode-3@group-523986131536-FollowerState
2021-10-05 12:30:36,614 [Listener at 127.0.0.1/10612] INFO  util.JmxRegister (JmxRegister.java:tryRegister(44)) - Successfully registered JMX Bean with object name Ratis:service=RaftServer,group=group-523986131536,id=omNode-3
2021-10-05 12:30:36,616 [Listener at 127.0.0.1/10612] INFO  server.RaftServer (RaftServerProxy.java:lambda$start$5(374)) - omNode-3: start RPC server
2021-10-05 12:30:36,621 [Listener at 127.0.0.1/10612] INFO  server.GrpcService (GrpcService.java:startImpl(253)) - omNode-3: GrpcService started, listening on 10616
2021-10-05 12:30:36,623 [Listener at 127.0.0.1/10612] INFO  om.OzoneManager (OzoneManager.java:start(1299)) - Version File has different layout version (0) than OM DB (null). That is expected if this OM has never been finalized to a newer layout version.
2021-10-05 12:30:36,624 [org.apache.ratis.util.JvmPauseMonitor$$Lambda$523/2137356424@37533190] INFO  util.JvmPauseMonitor (JvmPauseMonitor.java:run(103)) - JvmPauseMonitor-omNode-3: Started
2021-10-05 12:30:36,625 [Listener at 127.0.0.1/10612] INFO  http.BaseHttpServer (BaseHttpServer.java:newHttpServer2BuilderForOzone(209)) - Starting Web-server for ozoneManager at: http://0.0.0.0:10614
2021-10-05 12:30:36,625 [Listener at 127.0.0.1/10612] INFO  http.BaseHttpServer (BaseHttpServer.java:<init>(107)) - Hadoop Security Enabled: false Ozone Security Enabled: false Ozone HTTP Security Enabled: false 
2021-10-05 12:30:36,626 [Listener at 127.0.0.1/10612] INFO  server.AuthenticationFilter (AuthenticationFilter.java:constructSecretProvider(240)) - Unable to initialize FileSignerSecretProvider, falling back to use random secrets.
2021-10-05 12:30:36,627 [Listener at 127.0.0.1/10612] WARN  http.HttpRequestLog (HttpRequestLog.java:getRequestLog(103)) - Jetty request log can only be enabled using Log4j
2021-10-05 12:30:36,628 [Listener at 127.0.0.1/10612] INFO  http.HttpServer2 (HttpServer2.java:addGlobalFilter(1030)) - Added global filter 'safety' (class=org.apache.hadoop.hdds.server.http.HttpServer2$QuotingInputFilter)
2021-10-05 12:30:36,628 [Listener at 127.0.0.1/10612] INFO  http.HttpServer2 (HttpServer2.java:addFilter(1006)) - Added filter static_user_filter (class=org.apache.hadoop.http.lib.StaticUserWebFilter$StaticUserFilter) to context ozoneManager
2021-10-05 12:30:36,629 [Listener at 127.0.0.1/10612] INFO  http.HttpServer2 (HttpServer2.java:addFilter(1014)) - Added filter static_user_filter (class=org.apache.hadoop.http.lib.StaticUserWebFilter$StaticUserFilter) to context static
2021-10-05 12:30:36,629 [Listener at 127.0.0.1/10612] INFO  http.HttpServer2 (HttpServer2.java:addFilter(1014)) - Added filter static_user_filter (class=org.apache.hadoop.http.lib.StaticUserWebFilter$StaticUserFilter) to context logs
2021-10-05 12:30:36,629 [Listener at 127.0.0.1/10612] INFO  http.HttpServer2 (HttpServer2.java:bindListener(1249)) - Jetty bound to port 10614
2021-10-05 12:30:36,629 [Listener at 127.0.0.1/10612] INFO  server.Server (Server.java:doStart(375)) - jetty-9.4.43.v20210629; built: 2021-06-30T11:07:22.254Z; git: 526006ecfa3af7f1a27ef3a288e2bef7ea9dd7e8; jvm 1.8.0_292-b10
2021-10-05 12:30:36,632 [Listener at 127.0.0.1/10612] INFO  server.session (DefaultSessionIdManager.java:doStart(334)) - DefaultSessionIdManager workerName=node0
2021-10-05 12:30:36,632 [Listener at 127.0.0.1/10612] INFO  server.session (DefaultSessionIdManager.java:doStart(339)) - No SessionScavenger set, using defaults
2021-10-05 12:30:36,632 [Listener at 127.0.0.1/10612] INFO  server.session (HouseKeeper.java:startScavenging(132)) - node0 Scavenging every 660000ms
2021-10-05 12:30:36,633 [Listener at 127.0.0.1/10612] INFO  handler.ContextHandler (ContextHandler.java:doStart(915)) - Started o.e.j.s.ServletContextHandler@78d0baeb{logs,/logs,file:///home/runner/work/ozone/ozone/hadoop-ozone/integration-test/target/log,AVAILABLE}
2021-10-05 12:30:36,634 [Listener at 127.0.0.1/10612] INFO  handler.ContextHandler (ContextHandler.java:doStart(915)) - Started o.e.j.s.ServletContextHandler@5944fbf0{static,/static,file:///home/runner/work/ozone/ozone/hadoop-ozone/integration-test/target/test-classes/webapps/static,AVAILABLE}
2021-10-05 12:30:36,637 [Listener at 127.0.0.1/10612] INFO  handler.ContextHandler (ContextHandler.java:doStart(915)) - Started o.e.j.w.WebAppContext@4a716a73{ozoneManager,/,file:///home/runner/work/ozone/ozone/hadoop-ozone/integration-test/target/test-classes/webapps/ozoneManager/,AVAILABLE}{file:/home/runner/work/ozone/ozone/hadoop-ozone/integration-test/target/test-classes/webapps/ozoneManager}
2021-10-05 12:30:36,638 [Listener at 127.0.0.1/10612] INFO  server.AbstractConnector (AbstractConnector.java:doStart(331)) - Started ServerConnector@3dbdc1f6{HTTP/1.1, (http/1.1)}{0.0.0.0:10614}
2021-10-05 12:30:36,638 [Listener at 127.0.0.1/10612] INFO  server.Server (Server.java:doStart(415)) - Started @6121ms
2021-10-05 12:30:36,638 [Listener at 127.0.0.1/10612] WARN  impl.MetricsSystemImpl (MetricsSystemImpl.java:register(279)) - Sink prometheus already exists!
2021-10-05 12:30:36,639 [Listener at 127.0.0.1/10612] INFO  http.BaseHttpServer (BaseHttpServer.java:updateConnectorAddress(329)) - HTTP server of ozoneManager listening at http://0.0.0.0:10614
2021-10-05 12:30:36,639 [IPC Server Responder] INFO  ipc.Server (Server.java:run(1507)) - IPC Server Responder: starting
2021-10-05 12:30:36,643 [IPC Server listener on 10612] INFO  ipc.Server (Server.java:run(1344)) - IPC Server listener on 10612: starting
2021-10-05 12:30:36,650 [Listener at 127.0.0.1/10612] INFO  om.OzoneManager (OzoneManager.java:startTrashEmptier(1543)) - Trash Interval set to 0. Files deleted will not move to trash
2021-10-05 12:30:36,651 [Listener at 127.0.0.1/10612] INFO  ozone.MiniOzoneHAClusterImpl (MiniOzoneHAClusterImpl.java:createOMService(485)) - Started OzoneManager omNode-3 RPC server at localhost/127.0.0.1:10612
2021-10-05 12:30:36,651 [org.apache.hadoop.util.JvmPauseMonitor$Monitor@70a416c] INFO  util.JvmPauseMonitor (JvmPauseMonitor.java:run(188)) - Starting JVM pause monitor
2021-10-05 12:30:36,781 [Listener at 127.0.0.1/10612] WARN  impl.MetricRegistriesImpl (MetricRegistriesImpl.java:addReporterRegistration(111)) - New reporters are added after registries were created. Some metrics will be missing from the reporter. Please add reporter before adding any new registry.
2021-10-05 12:30:36,781 [Listener at 127.0.0.1/10612] WARN  impl.MetricRegistriesImpl (MetricRegistriesImpl.java:addReporterRegistration(111)) - New reporters are added after registries were created. Some metrics will be missing from the reporter. Please add reporter before adding any new registry.
2021-10-05 12:30:36,781 [Listener at 127.0.0.1/10612] INFO  impl.MetricsSystemImpl (MetricsSystemImpl.java:init(158)) - HddsDatanode metrics system started (again)
2021-10-05 12:30:36,822 [Listener at 127.0.0.1/10612] INFO  ozone.HddsDatanodeService (HddsDatanodeService.java:start(234)) - HddsDatanodeService host:fv-az270-324.tacnzluakwdehk1hpragurqkma.bx.internal.cloudapp.net ip:10.1.0.10
2021-10-05 12:30:36,850 [Listener at 127.0.0.1/10612] INFO  upgrade.AbstractLayoutVersionManager (AbstractLayoutVersionManager.java:init(79)) - Initializing Layout version manager with metadata layout = SCM_HA (version = 2), software layout = SCM_HA (version = 2)
2021-10-05 12:30:36,890 [Listener at 127.0.0.1/10612] INFO  reflections.Reflections (Reflections.java:scan(232)) - Reflections took 37 ms to scan 7 urls, producing 119 keys and 275 values 
2021-10-05 12:30:36,941 [Listener at 127.0.0.1/10612] INFO  volume.HddsVolume (HddsVolume.java:<init>(120)) - Creating HddsVolume: /home/runner/work/ozone/ozone/hadoop-ozone/integration-test/target/test-dir/MiniOzoneClusterImpl-37ac24e5-edd8-4d0c-a990-01310c91afa3/datanode-0/data-0/containers/hdds of storage type : DISK capacity : 9223372036854775807
2021-10-05 12:30:36,943 [Listener at 127.0.0.1/10612] INFO  volume.MutableVolumeSet (MutableVolumeSet.java:initializeVolumeSet(168)) - Added Volume : /home/runner/work/ozone/ozone/hadoop-ozone/integration-test/target/test-dir/MiniOzoneClusterImpl-37ac24e5-edd8-4d0c-a990-01310c91afa3/datanode-0/data-0/containers/hdds to VolumeSet
2021-10-05 12:30:36,944 [Listener at 127.0.0.1/10612] INFO  volume.ThrottledAsyncChecker (ThrottledAsyncChecker.java:schedule(141)) - Scheduling a check for /home/runner/work/ozone/ozone/hadoop-ozone/integration-test/target/test-dir/MiniOzoneClusterImpl-37ac24e5-edd8-4d0c-a990-01310c91afa3/datanode-0/data-0/containers/hdds
2021-10-05 12:30:36,959 [Listener at 127.0.0.1/10612] INFO  volume.StorageVolumeChecker (StorageVolumeChecker.java:checkAllVolumes(202)) - Scheduled health check for volume /home/runner/work/ozone/ozone/hadoop-ozone/integration-test/target/test-dir/MiniOzoneClusterImpl-37ac24e5-edd8-4d0c-a990-01310c91afa3/datanode-0/data-0/containers/hdds
2021-10-05 12:30:36,977 [Listener at 127.0.0.1/10612] INFO  volume.MutableVolumeSet (MutableVolumeSet.java:initializeVolumeSet(168)) - Added Volume : /home/runner/work/ozone/ozone/hadoop-ozone/integration-test/target/test-dir/MiniOzoneClusterImpl-37ac24e5-edd8-4d0c-a990-01310c91afa3/datanode-0/data/ratis to VolumeSet
2021-10-05 12:30:36,977 [Listener at 127.0.0.1/10612] INFO  volume.ThrottledAsyncChecker (ThrottledAsyncChecker.java:schedule(141)) - Scheduling a check for /home/runner/work/ozone/ozone/hadoop-ozone/integration-test/target/test-dir/MiniOzoneClusterImpl-37ac24e5-edd8-4d0c-a990-01310c91afa3/datanode-0/data/ratis
2021-10-05 12:30:36,977 [Listener at 127.0.0.1/10612] INFO  volume.StorageVolumeChecker (StorageVolumeChecker.java:checkAllVolumes(202)) - Scheduled health check for volume /home/runner/work/ozone/ozone/hadoop-ozone/integration-test/target/test-dir/MiniOzoneClusterImpl-37ac24e5-edd8-4d0c-a990-01310c91afa3/datanode-0/data/ratis
2021-10-05 12:30:36,996 [Thread-215] INFO  ozoneimpl.ContainerReader (ContainerReader.java:readVolume(172)) - Finish verifying containers on volume /home/runner/work/ozone/ozone/hadoop-ozone/integration-test/target/test-dir/MiniOzoneClusterImpl-37ac24e5-edd8-4d0c-a990-01310c91afa3/datanode-0/data-0/containers/hdds
2021-10-05 12:30:36,996 [Listener at 127.0.0.1/10612] INFO  ozoneimpl.OzoneContainer (OzoneContainer.java:buildContainerSet(236)) - Build ContainerSet costs 0s
2021-10-05 12:30:37,032 [omNode-1@group-523986131536-FollowerState] INFO  impl.FollowerState (FollowerState.java:run(134)) - omNode-1@group-523986131536-FollowerState: change to CANDIDATE, lastRpcElapsedTime:1129125528ns, electionTimeout:1125ms
2021-10-05 12:30:37,033 [omNode-1@group-523986131536-FollowerState] INFO  impl.RoleInfo (RoleInfo.java:shutdownFollowerState(108)) - omNode-1: shutdown omNode-1@group-523986131536-FollowerState
2021-10-05 12:30:37,034 [omNode-1@group-523986131536-FollowerState] INFO  server.RaftServer$Division (RaftServerImpl.java:setRole(285)) - omNode-1@group-523986131536: changes role from  FOLLOWER to CANDIDATE at term 0 for changeToCandidate
2021-10-05 12:30:37,036 [omNode-1@group-523986131536-FollowerState] INFO  server.RaftServerConfigKeys (ConfUtils.java:logGet(44)) - raft.server.leaderelection.pre-vote = false (custom)
2021-10-05 12:30:37,036 [omNode-1@group-523986131536-FollowerState] INFO  impl.RoleInfo (RoleInfo.java:updateAndGet(130)) - omNode-1: start omNode-1@group-523986131536-LeaderElection1
2021-10-05 12:30:37,052 [omNode-1@group-523986131536-LeaderElection1] INFO  impl.LeaderElection (LeaderElection.java:askForVotes(306)) - omNode-1@group-523986131536-LeaderElection1 ELECTION round 0: submit vote requests at term 1 for -1: [omNode-3|rpc:localhost:10616|priority:0, omNode-1|rpc:localhost:10604|priority:0, omNode-2|rpc:localhost:10610|priority:0], old=null
2021-10-05 12:30:37,240 [Listener at 127.0.0.1/10612] INFO  server.RaftServer (ConfUtils.java:logGet(44)) - raft.rpc.type = GRPC (default)
2021-10-05 12:30:37,240 [Listener at 127.0.0.1/10612] INFO  grpc.GrpcFactory (GrpcFactory.java:checkPooledByteBufAllocatorUseCacheForAllThreads(48)) - PERFORMANCE WARNING: useCacheForAllThreads is true that may cause Netty to create a lot garbage objects and, as a result, trigger GC.
	It is recommended to disable useCacheForAllThreads by setting -Dorg.apache.ratis.thirdparty.io.netty.allocator.useCacheForAllThreads=false in command line.
2021-10-05 12:30:37,240 [Listener at 127.0.0.1/10612] INFO  grpc.GrpcConfigKeys (ConfUtils.java:logGet(44)) - raft.grpc.admin.port = 0 (custom)
2021-10-05 12:30:37,240 [Listener at 127.0.0.1/10612] INFO  grpc.GrpcConfigKeys (ConfUtils.java:logGet(44)) - raft.grpc.client.port = 0 (custom)
2021-10-05 12:30:37,241 [Listener at 127.0.0.1/10612] INFO  grpc.GrpcConfigKeys (ConfUtils.java:logGet(44)) - raft.grpc.server.port = 0 (default)
2021-10-05 12:30:37,241 [Listener at 127.0.0.1/10612] INFO  server.GrpcService (ConfUtils.java:logGet(44)) - raft.grpc.message.size.max = 32MB (=33554432) (custom)
2021-10-05 12:30:37,241 [Listener at 127.0.0.1/10612] INFO  server.RaftServerConfigKeys (ConfUtils.java:logGet(44)) - raft.server.log.appender.buffer.byte-limit = 33554432 (custom)
2021-10-05 12:30:37,241 [Listener at 127.0.0.1/10612] INFO  server.GrpcService (ConfUtils.java:logGet(44)) - raft.grpc.flow.control.window = 5MB (=5242880) (custom)
2021-10-05 12:30:37,241 [Listener at 127.0.0.1/10612] INFO  server.RaftServerConfigKeys (ConfUtils.java:logGet(44)) - raft.server.rpc.request.timeout = 60s (custom)
2021-10-05 12:30:37,242 [Listener at 127.0.0.1/10612] INFO  impl.DataStreamServerImpl (ConfUtils.java:logGet(44)) - raft.datastream.type = DISABLED (default)
2021-10-05 12:30:37,243 [Listener at 127.0.0.1/10612] INFO  server.RaftServerConfigKeys (ConfUtils.java:logGet(44)) - raft.server.rpc.slowness.timeout = 300s (custom)
2021-10-05 12:30:37,243 [Listener at 127.0.0.1/10612] INFO  server.RaftServerConfigKeys (ConfUtils.java:logGet(44)) - raft.server.leaderelection.leader.step-down.wait-time = 10s (default)
2021-10-05 12:30:37,243 [Listener at 127.0.0.1/10612] INFO  server.RaftServerConfigKeys (ConfUtils.java:logGet(44)) - raft.server.storage.dir = [/home/runner/work/ozone/ozone/hadoop-ozone/integration-test/target/test-dir/MiniOzoneClusterImpl-37ac24e5-edd8-4d0c-a990-01310c91afa3/datanode-0/data/ratis] (custom)
2021-10-05 12:30:37,331 [Listener at 127.0.0.1/10612] INFO  http.BaseHttpServer (BaseHttpServer.java:newHttpServer2BuilderForOzone(209)) - Starting Web-server for hddsDatanode at: http://0.0.0.0:0
2021-10-05 12:30:37,332 [Listener at 127.0.0.1/10612] INFO  http.BaseHttpServer (BaseHttpServer.java:<init>(107)) - Hadoop Security Enabled: false Ozone Security Enabled: false Ozone HTTP Security Enabled: false 
2021-10-05 12:30:37,333 [Listener at 127.0.0.1/10612] INFO  server.AuthenticationFilter (AuthenticationFilter.java:constructSecretProvider(240)) - Unable to initialize FileSignerSecretProvider, falling back to use random secrets.
2021-10-05 12:30:37,334 [Listener at 127.0.0.1/10612] WARN  http.HttpRequestLog (HttpRequestLog.java:getRequestLog(103)) - Jetty request log can only be enabled using Log4j
2021-10-05 12:30:37,335 [Listener at 127.0.0.1/10612] INFO  http.HttpServer2 (HttpServer2.java:addGlobalFilter(1030)) - Added global filter 'safety' (class=org.apache.hadoop.hdds.server.http.HttpServer2$QuotingInputFilter)
2021-10-05 12:30:37,335 [Listener at 127.0.0.1/10612] INFO  http.HttpServer2 (HttpServer2.java:addFilter(1006)) - Added filter static_user_filter (class=org.apache.hadoop.http.lib.StaticUserWebFilter$StaticUserFilter) to context hddsDatanode
2021-10-05 12:30:37,335 [Listener at 127.0.0.1/10612] INFO  http.HttpServer2 (HttpServer2.java:addFilter(1014)) - Added filter static_user_filter (class=org.apache.hadoop.http.lib.StaticUserWebFilter$StaticUserFilter) to context logs
2021-10-05 12:30:37,335 [Listener at 127.0.0.1/10612] INFO  http.HttpServer2 (HttpServer2.java:addFilter(1014)) - Added filter static_user_filter (class=org.apache.hadoop.http.lib.StaticUserWebFilter$StaticUserFilter) to context static
2021-10-05 12:30:37,336 [Listener at 127.0.0.1/10612] INFO  http.HttpServer2 (HttpServer2.java:bindListener(1249)) - Jetty bound to port 42375
2021-10-05 12:30:37,336 [Listener at 127.0.0.1/10612] INFO  server.Server (Server.java:doStart(375)) - jetty-9.4.43.v20210629; built: 2021-06-30T11:07:22.254Z; git: 526006ecfa3af7f1a27ef3a288e2bef7ea9dd7e8; jvm 1.8.0_292-b10
2021-10-05 12:30:37,343 [Listener at 127.0.0.1/10612] INFO  server.session (DefaultSessionIdManager.java:doStart(334)) - DefaultSessionIdManager workerName=node0
2021-10-05 12:30:37,344 [Listener at 127.0.0.1/10612] INFO  server.session (DefaultSessionIdManager.java:doStart(339)) - No SessionScavenger set, using defaults
2021-10-05 12:30:37,344 [Listener at 127.0.0.1/10612] INFO  server.session (HouseKeeper.java:startScavenging(132)) - node0 Scavenging every 660000ms
2021-10-05 12:30:37,345 [Listener at 127.0.0.1/10612] INFO  handler.ContextHandler (ContextHandler.java:doStart(915)) - Started o.e.j.s.ServletContextHandler@6801536{logs,/logs,file:///home/runner/work/ozone/ozone/hadoop-ozone/integration-test/target/log,AVAILABLE}
2021-10-05 12:30:37,346 [Listener at 127.0.0.1/10612] INFO  handler.ContextHandler (ContextHandler.java:doStart(915)) - Started o.e.j.s.ServletContextHandler@4966454a{static,/static,jar:file:/home/runner/.m2/repository/org/apache/ozone/hdds-container-service/1.2.0-SNAPSHOT/hdds-container-service-1.2.0-SNAPSHOT.jar!/webapps/static,AVAILABLE}
2021-10-05 12:30:37,363 [omNode-2@group-523986131536-FollowerState] INFO  impl.FollowerState (FollowerState.java:run(134)) - omNode-2@group-523986131536-FollowerState: change to CANDIDATE, lastRpcElapsedTime:1047313511ns, electionTimeout:1046ms
2021-10-05 12:30:37,364 [omNode-2@group-523986131536-FollowerState] INFO  impl.RoleInfo (RoleInfo.java:shutdownFollowerState(108)) - omNode-2: shutdown omNode-2@group-523986131536-FollowerState
2021-10-05 12:30:37,364 [omNode-2@group-523986131536-FollowerState] INFO  server.RaftServer$Division (RaftServerImpl.java:setRole(285)) - omNode-2@group-523986131536: changes role from  FOLLOWER to CANDIDATE at term 0 for changeToCandidate
2021-10-05 12:30:37,364 [omNode-2@group-523986131536-FollowerState] INFO  server.RaftServerConfigKeys (ConfUtils.java:logGet(44)) - raft.server.leaderelection.pre-vote = false (custom)
2021-10-05 12:30:37,364 [omNode-2@group-523986131536-FollowerState] INFO  impl.RoleInfo (RoleInfo.java:updateAndGet(130)) - omNode-2: start omNode-2@group-523986131536-LeaderElection2
2021-10-05 12:30:37,382 [omNode-2@group-523986131536-LeaderElection2] INFO  impl.LeaderElection (LeaderElection.java:askForVotes(306)) - omNode-2@group-523986131536-LeaderElection2 ELECTION round 0: submit vote requests at term 1 for -1: [omNode-3|rpc:localhost:10616|priority:0, omNode-1|rpc:localhost:10604|priority:0, omNode-2|rpc:localhost:10610|priority:0], old=null
2021-10-05 12:30:37,487 [Listener at 127.0.0.1/10612] INFO  handler.ContextHandler (ContextHandler.java:doStart(915)) - Started o.e.j.w.WebAppContext@4c56e671{hddsDatanode,/,file:///tmp/jetty-0_0_0_0-42375-hdds-container-service-1_2_0-SNAPSHOT_jar-_-any-4609374217977086723/webapp/,AVAILABLE}{jar:file:/home/runner/.m2/repository/org/apache/ozone/hdds-container-service/1.2.0-SNAPSHOT/hdds-container-service-1.2.0-SNAPSHOT.jar!/webapps/hddsDatanode}
2021-10-05 12:30:37,490 [Listener at 127.0.0.1/10612] INFO  server.AbstractConnector (AbstractConnector.java:doStart(331)) - Started ServerConnector@f337f10{HTTP/1.1, (http/1.1)}{0.0.0.0:42375}
2021-10-05 12:30:37,490 [Listener at 127.0.0.1/10612] INFO  server.Server (Server.java:doStart(415)) - Started @6973ms
2021-10-05 12:30:37,490 [Listener at 127.0.0.1/10612] WARN  impl.MetricsSystemImpl (MetricsSystemImpl.java:register(279)) - Sink prometheus already exists!
2021-10-05 12:30:37,491 [Listener at 127.0.0.1/10612] INFO  http.BaseHttpServer (BaseHttpServer.java:updateConnectorAddress(329)) - HTTP server of hddsDatanode listening at http://0.0.0.0:42375
2021-10-05 12:30:37,508 [Listener at 127.0.0.1/10612] WARN  impl.MetricRegistriesImpl (MetricRegistriesImpl.java:addReporterRegistration(111)) - New reporters are added after registries were created. Some metrics will be missing from the reporter. Please add reporter before adding any new registry.
2021-10-05 12:30:37,508 [Listener at 127.0.0.1/10612] WARN  impl.MetricRegistriesImpl (MetricRegistriesImpl.java:addReporterRegistration(111)) - New reporters are added after registries were created. Some metrics will be missing from the reporter. Please add reporter before adding any new registry.
2021-10-05 12:30:37,508 [Listener at 127.0.0.1/10612] INFO  impl.MetricsSystemImpl (MetricsSystemImpl.java:init(158)) - HddsDatanode metrics system started (again)
2021-10-05 12:30:37,508 [Datanode State Machine Thread - 0] INFO  statemachine.DatanodeStateMachine (DatanodeStateMachine.java:lambda$startDaemon$0(456)) - Ozone container server started.
2021-10-05 12:30:37,529 [Listener at 127.0.0.1/10612] INFO  ozone.HddsDatanodeService (HddsDatanodeService.java:start(234)) - HddsDatanodeService host:fv-az270-324.tacnzluakwdehk1hpragurqkma.bx.internal.cloudapp.net ip:10.1.0.10
2021-10-05 12:30:37,539 [org.apache.hadoop.util.JvmPauseMonitor$Monitor@2cc41510] INFO  util.JvmPauseMonitor (JvmPauseMonitor.java:run(188)) - Starting JVM pause monitor
2021-10-05 12:30:37,583 [Listener at 127.0.0.1/10612] INFO  upgrade.AbstractLayoutVersionManager (AbstractLayoutVersionManager.java:init(79)) - Initializing Layout version manager with metadata layout = SCM_HA (version = 2), software layout = SCM_HA (version = 2)
2021-10-05 12:30:37,625 [Listener at 127.0.0.1/10612] INFO  reflections.Reflections (Reflections.java:scan(232)) - Reflections took 37 ms to scan 7 urls, producing 119 keys and 275 values 
2021-10-05 12:30:37,628 [Listener at 127.0.0.1/10612] INFO  volume.HddsVolume (HddsVolume.java:<init>(120)) - Creating HddsVolume: /home/runner/work/ozone/ozone/hadoop-ozone/integration-test/target/test-dir/MiniOzoneClusterImpl-37ac24e5-edd8-4d0c-a990-01310c91afa3/datanode-1/data-0/containers/hdds of storage type : DISK capacity : 9223372036854775807
2021-10-05 12:30:37,629 [Listener at 127.0.0.1/10612] INFO  volume.MutableVolumeSet (MutableVolumeSet.java:initializeVolumeSet(168)) - Added Volume : /home/runner/work/ozone/ozone/hadoop-ozone/integration-test/target/test-dir/MiniOzoneClusterImpl-37ac24e5-edd8-4d0c-a990-01310c91afa3/datanode-1/data-0/containers/hdds to VolumeSet
2021-10-05 12:30:37,629 [Listener at 127.0.0.1/10612] INFO  volume.ThrottledAsyncChecker (ThrottledAsyncChecker.java:schedule(141)) - Scheduling a check for /home/runner/work/ozone/ozone/hadoop-ozone/integration-test/target/test-dir/MiniOzoneClusterImpl-37ac24e5-edd8-4d0c-a990-01310c91afa3/datanode-1/data-0/containers/hdds
2021-10-05 12:30:37,629 [Listener at 127.0.0.1/10612] INFO  volume.StorageVolumeChecker (StorageVolumeChecker.java:checkAllVolumes(202)) - Scheduled health check for volume /home/runner/work/ozone/ozone/hadoop-ozone/integration-test/target/test-dir/MiniOzoneClusterImpl-37ac24e5-edd8-4d0c-a990-01310c91afa3/datanode-1/data-0/containers/hdds
2021-10-05 12:30:37,642 [Listener at 127.0.0.1/10612] INFO  volume.MutableVolumeSet (MutableVolumeSet.java:initializeVolumeSet(168)) - Added Volume : /home/runner/work/ozone/ozone/hadoop-ozone/integration-test/target/test-dir/MiniOzoneClusterImpl-37ac24e5-edd8-4d0c-a990-01310c91afa3/datanode-1/data/ratis to VolumeSet
2021-10-05 12:30:37,642 [Listener at 127.0.0.1/10612] INFO  volume.ThrottledAsyncChecker (ThrottledAsyncChecker.java:schedule(141)) - Scheduling a check for /home/runner/work/ozone/ozone/hadoop-ozone/integration-test/target/test-dir/MiniOzoneClusterImpl-37ac24e5-edd8-4d0c-a990-01310c91afa3/datanode-1/data/ratis
2021-10-05 12:30:37,643 [Listener at 127.0.0.1/10612] INFO  volume.StorageVolumeChecker (StorageVolumeChecker.java:checkAllVolumes(202)) - Scheduled health check for volume /home/runner/work/ozone/ozone/hadoop-ozone/integration-test/target/test-dir/MiniOzoneClusterImpl-37ac24e5-edd8-4d0c-a990-01310c91afa3/datanode-1/data/ratis
2021-10-05 12:30:37,682 [Thread-233] INFO  ozoneimpl.ContainerReader (ContainerReader.java:readVolume(172)) - Finish verifying containers on volume /home/runner/work/ozone/ozone/hadoop-ozone/integration-test/target/test-dir/MiniOzoneClusterImpl-37ac24e5-edd8-4d0c-a990-01310c91afa3/datanode-1/data-0/containers/hdds
2021-10-05 12:30:37,683 [Listener at 127.0.0.1/10612] INFO  ozoneimpl.OzoneContainer (OzoneContainer.java:buildContainerSet(236)) - Build ContainerSet costs 0s
2021-10-05 12:30:37,684 [omNode-3@group-523986131536-FollowerState] INFO  impl.FollowerState (FollowerState.java:run(134)) - omNode-3@group-523986131536-FollowerState: change to CANDIDATE, lastRpcElapsedTime:1070549897ns, electionTimeout:1060ms
2021-10-05 12:30:37,685 [omNode-3@group-523986131536-FollowerState] INFO  impl.RoleInfo (RoleInfo.java:shutdownFollowerState(108)) - omNode-3: shutdown omNode-3@group-523986131536-FollowerState
2021-10-05 12:30:37,685 [omNode-3@group-523986131536-FollowerState] INFO  server.RaftServer$Division (RaftServerImpl.java:setRole(285)) - omNode-3@group-523986131536: changes role from  FOLLOWER to CANDIDATE at term 0 for changeToCandidate
2021-10-05 12:30:37,685 [omNode-3@group-523986131536-FollowerState] INFO  server.RaftServerConfigKeys (ConfUtils.java:logGet(44)) - raft.server.leaderelection.pre-vote = false (custom)
2021-10-05 12:30:37,685 [omNode-3@group-523986131536-FollowerState] INFO  impl.RoleInfo (RoleInfo.java:updateAndGet(130)) - omNode-3: start omNode-3@group-523986131536-LeaderElection3
2021-10-05 12:30:37,687 [Listener at 127.0.0.1/10612] INFO  server.RaftServer (ConfUtils.java:logGet(44)) - raft.rpc.type = GRPC (default)
2021-10-05 12:30:37,687 [Listener at 127.0.0.1/10612] INFO  grpc.GrpcFactory (GrpcFactory.java:checkPooledByteBufAllocatorUseCacheForAllThreads(48)) - PERFORMANCE WARNING: useCacheForAllThreads is true that may cause Netty to create a lot garbage objects and, as a result, trigger GC.
	It is recommended to disable useCacheForAllThreads by setting -Dorg.apache.ratis.thirdparty.io.netty.allocator.useCacheForAllThreads=false in command line.
2021-10-05 12:30:37,688 [Listener at 127.0.0.1/10612] INFO  grpc.GrpcConfigKeys (ConfUtils.java:logGet(44)) - raft.grpc.admin.port = 0 (custom)
2021-10-05 12:30:37,688 [Listener at 127.0.0.1/10612] INFO  grpc.GrpcConfigKeys (ConfUtils.java:logGet(44)) - raft.grpc.client.port = 0 (custom)
2021-10-05 12:30:37,688 [Listener at 127.0.0.1/10612] INFO  grpc.GrpcConfigKeys (ConfUtils.java:logGet(44)) - raft.grpc.server.port = 0 (default)
2021-10-05 12:30:37,688 [Listener at 127.0.0.1/10612] INFO  server.GrpcService (ConfUtils.java:logGet(44)) - raft.grpc.message.size.max = 32MB (=33554432) (custom)
2021-10-05 12:30:37,688 [Listener at 127.0.0.1/10612] INFO  server.RaftServerConfigKeys (ConfUtils.java:logGet(44)) - raft.server.log.appender.buffer.byte-limit = 33554432 (custom)
2021-10-05 12:30:37,688 [Listener at 127.0.0.1/10612] INFO  server.GrpcService (ConfUtils.java:logGet(44)) - raft.grpc.flow.control.window = 5MB (=5242880) (custom)
2021-10-05 12:30:37,689 [Listener at 127.0.0.1/10612] INFO  server.RaftServerConfigKeys (ConfUtils.java:logGet(44)) - raft.server.rpc.request.timeout = 60s (custom)
2021-10-05 12:30:37,690 [Listener at 127.0.0.1/10612] INFO  impl.DataStreamServerImpl (ConfUtils.java:logGet(44)) - raft.datastream.type = DISABLED (default)
2021-10-05 12:30:37,691 [Listener at 127.0.0.1/10612] INFO  server.RaftServerConfigKeys (ConfUtils.java:logGet(44)) - raft.server.rpc.slowness.timeout = 300s (custom)
2021-10-05 12:30:37,691 [Listener at 127.0.0.1/10612] INFO  server.RaftServerConfigKeys (ConfUtils.java:logGet(44)) - raft.server.leaderelection.leader.step-down.wait-time = 10s (default)
2021-10-05 12:30:37,691 [Listener at 127.0.0.1/10612] INFO  server.RaftServerConfigKeys (ConfUtils.java:logGet(44)) - raft.server.storage.dir = [/home/runner/work/ozone/ozone/hadoop-ozone/integration-test/target/test-dir/MiniOzoneClusterImpl-37ac24e5-edd8-4d0c-a990-01310c91afa3/datanode-1/data/ratis] (custom)
2021-10-05 12:30:37,708 [Listener at 127.0.0.1/10612] INFO  http.BaseHttpServer (BaseHttpServer.java:newHttpServer2BuilderForOzone(209)) - Starting Web-server for hddsDatanode at: http://0.0.0.0:0
2021-10-05 12:30:37,708 [Listener at 127.0.0.1/10612] INFO  http.BaseHttpServer (BaseHttpServer.java:<init>(107)) - Hadoop Security Enabled: false Ozone Security Enabled: false Ozone HTTP Security Enabled: false 
2021-10-05 12:30:37,709 [Listener at 127.0.0.1/10612] INFO  server.AuthenticationFilter (AuthenticationFilter.java:constructSecretProvider(240)) - Unable to initialize FileSignerSecretProvider, falling back to use random secrets.
2021-10-05 12:30:37,712 [omNode-3@group-523986131536-LeaderElection3] INFO  impl.LeaderElection (LeaderElection.java:askForVotes(306)) - omNode-3@group-523986131536-LeaderElection3 ELECTION round 0: submit vote requests at term 1 for -1: [omNode-3|rpc:localhost:10616|priority:0, omNode-1|rpc:localhost:10604|priority:0, omNode-2|rpc:localhost:10610|priority:0], old=null
2021-10-05 12:30:37,724 [Listener at 127.0.0.1/10612] WARN  http.HttpRequestLog (HttpRequestLog.java:getRequestLog(103)) - Jetty request log can only be enabled using Log4j
2021-10-05 12:30:37,725 [Listener at 127.0.0.1/10612] INFO  http.HttpServer2 (HttpServer2.java:addGlobalFilter(1030)) - Added global filter 'safety' (class=org.apache.hadoop.hdds.server.http.HttpServer2$QuotingInputFilter)
2021-10-05 12:30:37,726 [Listener at 127.0.0.1/10612] INFO  http.HttpServer2 (HttpServer2.java:addFilter(1006)) - Added filter static_user_filter (class=org.apache.hadoop.http.lib.StaticUserWebFilter$StaticUserFilter) to context hddsDatanode
2021-10-05 12:30:37,726 [Listener at 127.0.0.1/10612] INFO  http.HttpServer2 (HttpServer2.java:addFilter(1014)) - Added filter static_user_filter (class=org.apache.hadoop.http.lib.StaticUserWebFilter$StaticUserFilter) to context static
2021-10-05 12:30:37,726 [Listener at 127.0.0.1/10612] INFO  http.HttpServer2 (HttpServer2.java:addFilter(1014)) - Added filter static_user_filter (class=org.apache.hadoop.http.lib.StaticUserWebFilter$StaticUserFilter) to context logs
2021-10-05 12:30:37,727 [Listener at 127.0.0.1/10612] INFO  http.HttpServer2 (HttpServer2.java:bindListener(1249)) - Jetty bound to port 41125
2021-10-05 12:30:37,727 [Listener at 127.0.0.1/10612] INFO  server.Server (Server.java:doStart(375)) - jetty-9.4.43.v20210629; built: 2021-06-30T11:07:22.254Z; git: 526006ecfa3af7f1a27ef3a288e2bef7ea9dd7e8; jvm 1.8.0_292-b10
2021-10-05 12:30:37,738 [Listener at 127.0.0.1/10612] INFO  server.session (DefaultSessionIdManager.java:doStart(334)) - DefaultSessionIdManager workerName=node0
2021-10-05 12:30:37,738 [Listener at 127.0.0.1/10612] INFO  server.session (DefaultSessionIdManager.java:doStart(339)) - No SessionScavenger set, using defaults
2021-10-05 12:30:37,738 [Listener at 127.0.0.1/10612] INFO  server.session (HouseKeeper.java:startScavenging(132)) - node0 Scavenging every 660000ms
2021-10-05 12:30:37,760 [Listener at 127.0.0.1/10612] INFO  handler.ContextHandler (ContextHandler.java:doStart(915)) - Started o.e.j.s.ServletContextHandler@52ce11b5{logs,/logs,file:///home/runner/work/ozone/ozone/hadoop-ozone/integration-test/target/log,AVAILABLE}
2021-10-05 12:30:37,760 [Listener at 127.0.0.1/10612] INFO  handler.ContextHandler (ContextHandler.java:doStart(915)) - Started o.e.j.s.ServletContextHandler@52d48643{static,/static,jar:file:/home/runner/.m2/repository/org/apache/ozone/hdds-container-service/1.2.0-SNAPSHOT/hdds-container-service-1.2.0-SNAPSHOT.jar!/webapps/static,AVAILABLE}
2021-10-05 12:30:37,783 [Datanode State Machine Task Thread - 0] INFO  datanode.InitDatanodeState (InitDatanodeState.java:persistContainerDatanodeDetails(145)) - DatanodeDetails is persisted to /home/runner/work/ozone/ozone/hadoop-ozone/integration-test/target/test-dir/MiniOzoneClusterImpl-37ac24e5-edd8-4d0c-a990-01310c91afa3/datanode-0/meta/datanode.id
2021-10-05 12:30:37,821 [Listener at 127.0.0.1/10612] INFO  handler.ContextHandler (ContextHandler.java:doStart(915)) - Started o.e.j.w.WebAppContext@d031623{hddsDatanode,/,file:///tmp/jetty-0_0_0_0-41125-hdds-container-service-1_2_0-SNAPSHOT_jar-_-any-1536407918947746366/webapp/,AVAILABLE}{jar:file:/home/runner/.m2/repository/org/apache/ozone/hdds-container-service/1.2.0-SNAPSHOT/hdds-container-service-1.2.0-SNAPSHOT.jar!/webapps/hddsDatanode}
2021-10-05 12:30:37,831 [Listener at 127.0.0.1/10612] INFO  server.AbstractConnector (AbstractConnector.java:doStart(331)) - Started ServerConnector@3d426638{HTTP/1.1, (http/1.1)}{0.0.0.0:41125}
2021-10-05 12:30:37,832 [Listener at 127.0.0.1/10612] INFO  server.Server (Server.java:doStart(415)) - Started @7315ms
2021-10-05 12:30:37,832 [Listener at 127.0.0.1/10612] WARN  impl.MetricsSystemImpl (MetricsSystemImpl.java:register(279)) - Sink prometheus already exists!
2021-10-05 12:30:37,833 [Listener at 127.0.0.1/10612] INFO  http.BaseHttpServer (BaseHttpServer.java:updateConnectorAddress(329)) - HTTP server of hddsDatanode listening at http://0.0.0.0:41125
2021-10-05 12:30:37,834 [Listener at 127.0.0.1/10612] WARN  impl.MetricRegistriesImpl (MetricRegistriesImpl.java:addReporterRegistration(111)) - New reporters are added after registries were created. Some metrics will be missing from the reporter. Please add reporter before adding any new registry.
2021-10-05 12:30:37,843 [Listener at 127.0.0.1/10612] WARN  impl.MetricRegistriesImpl (MetricRegistriesImpl.java:addReporterRegistration(111)) - New reporters are added after registries were created. Some metrics will be missing from the reporter. Please add reporter before adding any new registry.
2021-10-05 12:30:37,843 [Listener at 127.0.0.1/10612] INFO  impl.MetricsSystemImpl (MetricsSystemImpl.java:init(158)) - HddsDatanode metrics system started (again)
2021-10-05 12:30:37,849 [Datanode State Machine Thread - 0] INFO  statemachine.DatanodeStateMachine (DatanodeStateMachine.java:lambda$startDaemon$0(456)) - Ozone container server started.
2021-10-05 12:30:37,887 [org.apache.hadoop.util.JvmPauseMonitor$Monitor@4b94b3b4] INFO  util.JvmPauseMonitor (JvmPauseMonitor.java:run(188)) - Starting JVM pause monitor
2021-10-05 12:30:37,899 [Listener at 127.0.0.1/10612] INFO  ozone.HddsDatanodeService (HddsDatanodeService.java:start(234)) - HddsDatanodeService host:fv-az270-324.tacnzluakwdehk1hpragurqkma.bx.internal.cloudapp.net ip:10.1.0.10
2021-10-05 12:30:37,921 [Datanode State Machine Task Thread - 0] INFO  datanode.InitDatanodeState (InitDatanodeState.java:persistContainerDatanodeDetails(145)) - DatanodeDetails is persisted to /home/runner/work/ozone/ozone/hadoop-ozone/integration-test/target/test-dir/MiniOzoneClusterImpl-37ac24e5-edd8-4d0c-a990-01310c91afa3/datanode-1/meta/datanode.id
2021-10-05 12:30:37,942 [Listener at 127.0.0.1/10612] INFO  upgrade.AbstractLayoutVersionManager (AbstractLayoutVersionManager.java:init(79)) - Initializing Layout version manager with metadata layout = SCM_HA (version = 2), software layout = SCM_HA (version = 2)
2021-10-05 12:30:38,051 [Listener at 127.0.0.1/10612] INFO  reflections.Reflections (Reflections.java:scan(232)) - Reflections took 106 ms to scan 7 urls, producing 119 keys and 275 values 
2021-10-05 12:30:38,072 [Listener at 127.0.0.1/10612] INFO  volume.HddsVolume (HddsVolume.java:<init>(120)) - Creating HddsVolume: /home/runner/work/ozone/ozone/hadoop-ozone/integration-test/target/test-dir/MiniOzoneClusterImpl-37ac24e5-edd8-4d0c-a990-01310c91afa3/datanode-2/data-0/containers/hdds of storage type : DISK capacity : 9223372036854775807
2021-10-05 12:30:38,074 [Listener at 127.0.0.1/10612] INFO  volume.MutableVolumeSet (MutableVolumeSet.java:initializeVolumeSet(168)) - Added Volume : /home/runner/work/ozone/ozone/hadoop-ozone/integration-test/target/test-dir/MiniOzoneClusterImpl-37ac24e5-edd8-4d0c-a990-01310c91afa3/datanode-2/data-0/containers/hdds to VolumeSet
2021-10-05 12:30:38,074 [Listener at 127.0.0.1/10612] INFO  volume.ThrottledAsyncChecker (ThrottledAsyncChecker.java:schedule(141)) - Scheduling a check for /home/runner/work/ozone/ozone/hadoop-ozone/integration-test/target/test-dir/MiniOzoneClusterImpl-37ac24e5-edd8-4d0c-a990-01310c91afa3/datanode-2/data-0/containers/hdds
2021-10-05 12:30:38,079 [Listener at 127.0.0.1/10612] INFO  volume.StorageVolumeChecker (StorageVolumeChecker.java:checkAllVolumes(202)) - Scheduled health check for volume /home/runner/work/ozone/ozone/hadoop-ozone/integration-test/target/test-dir/MiniOzoneClusterImpl-37ac24e5-edd8-4d0c-a990-01310c91afa3/datanode-2/data-0/containers/hdds
2021-10-05 12:30:38,086 [grpc-default-executor-4] INFO  server.RaftServer$Division (RaftServerImpl.java:requestVote(1043)) - omNode-1@group-523986131536: receive requestVote(ELECTION, omNode-3, group-523986131536, 1, (t:0, i:~))
2021-10-05 12:30:38,086 [grpc-default-executor-0] INFO  server.RaftServer$Division (RaftServerImpl.java:requestVote(1043)) - omNode-1@group-523986131536: receive requestVote(ELECTION, omNode-2, group-523986131536, 1, (t:0, i:~))
2021-10-05 12:30:38,086 [grpc-default-executor-1] INFO  server.RaftServer$Division (RaftServerImpl.java:requestVote(1043)) - omNode-3@group-523986131536: receive requestVote(ELECTION, omNode-2, group-523986131536, 1, (t:0, i:~))
2021-10-05 12:30:38,086 [grpc-default-executor-3] INFO  server.RaftServer$Division (RaftServerImpl.java:requestVote(1043)) - omNode-3@group-523986131536: receive requestVote(ELECTION, omNode-1, group-523986131536, 1, (t:0, i:~))
2021-10-05 12:30:38,086 [grpc-default-executor-2] INFO  server.RaftServer$Division (RaftServerImpl.java:requestVote(1043)) - omNode-2@group-523986131536: receive requestVote(ELECTION, omNode-3, group-523986131536, 1, (t:0, i:~))
2021-10-05 12:30:38,088 [grpc-default-executor-1] INFO  impl.VoteContext (VoteContext.java:log(48)) - omNode-3@group-523986131536-CANDIDATE: reject ELECTION from omNode-2: already has voted for omNode-3 at current term 1
2021-10-05 12:30:38,092 [grpc-default-executor-0] INFO  impl.VoteContext (VoteContext.java:log(48)) - omNode-1@group-523986131536-CANDIDATE: reject ELECTION from omNode-2: already has voted for omNode-1 at current term 1
2021-10-05 12:30:38,092 [grpc-default-executor-5] INFO  server.RaftServer$Division (RaftServerImpl.java:requestVote(1043)) - omNode-2@group-523986131536: receive requestVote(ELECTION, omNode-1, group-523986131536, 1, (t:0, i:~))
2021-10-05 12:30:38,088 [grpc-default-executor-2] INFO  impl.VoteContext (VoteContext.java:log(48)) - omNode-2@group-523986131536-CANDIDATE: reject ELECTION from omNode-3: already has voted for omNode-2 at current term 1
2021-10-05 12:30:38,101 [grpc-default-executor-2] INFO  server.RaftServer$Division (RaftServerImpl.java:requestVote(1075)) - omNode-2@group-523986131536 replies to ELECTION vote request: omNode-3<-omNode-2#0:FAIL-t1. Peer's state: omNode-2@group-523986131536:t1, leader=null, voted=omNode-2, raftlog=omNode-2@group-523986131536-SegmentedRaftLog:OPENED:c-1,f-1,i0, conf=-1: [omNode-3|rpc:localhost:10616|priority:0, omNode-1|rpc:localhost:10604|priority:0, omNode-2|rpc:localhost:10610|priority:0], old=null
2021-10-05 12:30:38,103 [grpc-default-executor-1] INFO  server.RaftServer$Division (RaftServerImpl.java:requestVote(1075)) - omNode-3@group-523986131536 replies to ELECTION vote request: omNode-2<-omNode-3#0:FAIL-t1. Peer's state: omNode-3@group-523986131536:t1, leader=null, voted=omNode-3, raftlog=omNode-3@group-523986131536-SegmentedRaftLog:OPENED:c-1,f-1,i0, conf=-1: [omNode-3|rpc:localhost:10616|priority:0, omNode-1|rpc:localhost:10604|priority:0, omNode-2|rpc:localhost:10610|priority:0], old=null
2021-10-05 12:30:38,108 [grpc-default-executor-3] INFO  impl.VoteContext (VoteContext.java:log(48)) - omNode-3@group-523986131536-CANDIDATE: reject ELECTION from omNode-1: already has voted for omNode-3 at current term 1
2021-10-05 12:30:38,108 [grpc-default-executor-3] INFO  server.RaftServer$Division (RaftServerImpl.java:requestVote(1075)) - omNode-3@group-523986131536 replies to ELECTION vote request: omNode-1<-omNode-3#0:FAIL-t1. Peer's state: omNode-3@group-523986131536:t1, leader=null, voted=omNode-3, raftlog=omNode-3@group-523986131536-SegmentedRaftLog:OPENED:c-1,f-1,i0, conf=-1: [omNode-3|rpc:localhost:10616|priority:0, omNode-1|rpc:localhost:10604|priority:0, omNode-2|rpc:localhost:10610|priority:0], old=null
2021-10-05 12:30:38,102 [grpc-default-executor-0] INFO  server.RaftServer$Division (RaftServerImpl.java:requestVote(1075)) - omNode-1@group-523986131536 replies to ELECTION vote request: omNode-2<-omNode-1#0:FAIL-t1. Peer's state: omNode-1@group-523986131536:t1, leader=null, voted=omNode-1, raftlog=omNode-1@group-523986131536-SegmentedRaftLog:OPENED:c-1,f-1,i0, conf=-1: [omNode-3|rpc:localhost:10616|priority:0, omNode-1|rpc:localhost:10604|priority:0, omNode-2|rpc:localhost:10610|priority:0], old=null
2021-10-05 12:30:38,106 [grpc-default-executor-5] INFO  impl.VoteContext (VoteContext.java:log(48)) - omNode-2@group-523986131536-CANDIDATE: reject ELECTION from omNode-1: already has voted for omNode-2 at current term 1
2021-10-05 12:30:38,109 [grpc-default-executor-5] INFO  server.RaftServer$Division (RaftServerImpl.java:requestVote(1075)) - omNode-2@group-523986131536 replies to ELECTION vote request: omNode-1<-omNode-2#0:FAIL-t1. Peer's state: omNode-2@group-523986131536:t1, leader=null, voted=omNode-2, raftlog=omNode-2@group-523986131536-SegmentedRaftLog:OPENED:c-1,f-1,i0, conf=-1: [omNode-3|rpc:localhost:10616|priority:0, omNode-1|rpc:localhost:10604|priority:0, omNode-2|rpc:localhost:10610|priority:0], old=null
2021-10-05 12:30:38,110 [grpc-default-executor-4] INFO  impl.VoteContext (VoteContext.java:log(48)) - omNode-1@group-523986131536-CANDIDATE: reject ELECTION from omNode-3: already has voted for omNode-1 at current term 1
2021-10-05 12:30:38,110 [grpc-default-executor-4] INFO  server.RaftServer$Division (RaftServerImpl.java:requestVote(1075)) - omNode-1@group-523986131536 replies to ELECTION vote request: omNode-3<-omNode-1#0:FAIL-t1. Peer's state: omNode-1@group-523986131536:t1, leader=null, voted=omNode-1, raftlog=omNode-1@group-523986131536-SegmentedRaftLog:OPENED:c-1,f-1,i0, conf=-1: [omNode-3|rpc:localhost:10616|priority:0, omNode-1|rpc:localhost:10604|priority:0, omNode-2|rpc:localhost:10610|priority:0], old=null
2021-10-05 12:30:38,133 [Listener at 127.0.0.1/10612] INFO  volume.MutableVolumeSet (MutableVolumeSet.java:initializeVolumeSet(168)) - Added Volume : /home/runner/work/ozone/ozone/hadoop-ozone/integration-test/target/test-dir/MiniOzoneClusterImpl-37ac24e5-edd8-4d0c-a990-01310c91afa3/datanode-2/data/ratis to VolumeSet
2021-10-05 12:30:38,134 [Listener at 127.0.0.1/10612] INFO  volume.ThrottledAsyncChecker (ThrottledAsyncChecker.java:schedule(141)) - Scheduling a check for /home/runner/work/ozone/ozone/hadoop-ozone/integration-test/target/test-dir/MiniOzoneClusterImpl-37ac24e5-edd8-4d0c-a990-01310c91afa3/datanode-2/data/ratis
2021-10-05 12:30:38,135 [omNode-1@group-523986131536-LeaderElection1] INFO  impl.LeaderElection (LeaderElection.java:logAndReturn(89)) - omNode-1@group-523986131536-LeaderElection1: ELECTION REJECTED received 2 response(s) and 0 exception(s):
2021-10-05 12:30:38,135 [omNode-1@group-523986131536-LeaderElection1] INFO  impl.LeaderElection (LeaderElection.java:logAndReturn(93)) -   Response 0: omNode-1<-omNode-3#0:FAIL-t1
2021-10-05 12:30:38,135 [omNode-1@group-523986131536-LeaderElection1] INFO  impl.LeaderElection (LeaderElection.java:logAndReturn(93)) -   Response 1: omNode-1<-omNode-2#0:FAIL-t1
2021-10-05 12:30:38,135 [Listener at 127.0.0.1/10612] INFO  volume.StorageVolumeChecker (StorageVolumeChecker.java:checkAllVolumes(202)) - Scheduled health check for volume /home/runner/work/ozone/ozone/hadoop-ozone/integration-test/target/test-dir/MiniOzoneClusterImpl-37ac24e5-edd8-4d0c-a990-01310c91afa3/datanode-2/data/ratis
2021-10-05 12:30:38,135 [omNode-1@group-523986131536-LeaderElection1] INFO  impl.LeaderElection (LeaderElection.java:askForVotes(308)) - omNode-1@group-523986131536-LeaderElection1 ELECTION round 0: result REJECTED
2021-10-05 12:30:38,136 [omNode-1@group-523986131536-LeaderElection1] INFO  server.RaftServer$Division (RaftServerImpl.java:setRole(285)) - omNode-1@group-523986131536: changes role from CANDIDATE to FOLLOWER at term 1 for REJECTED
2021-10-05 12:30:38,136 [omNode-1@group-523986131536-LeaderElection1] INFO  impl.RoleInfo (RoleInfo.java:shutdownLeaderElection(121)) - omNode-1: shutdown omNode-1@group-523986131536-LeaderElection1
2021-10-05 12:30:38,136 [omNode-1@group-523986131536-LeaderElection1] INFO  impl.RoleInfo (RoleInfo.java:updateAndGet(130)) - omNode-1: start omNode-1@group-523986131536-FollowerState
2021-10-05 12:30:38,145 [omNode-2@group-523986131536-LeaderElection2] INFO  impl.LeaderElection (LeaderElection.java:logAndReturn(89)) - omNode-2@group-523986131536-LeaderElection2: ELECTION REJECTED received 2 response(s) and 0 exception(s):
2021-10-05 12:30:38,145 [omNode-2@group-523986131536-LeaderElection2] INFO  impl.LeaderElection (LeaderElection.java:logAndReturn(93)) -   Response 0: omNode-2<-omNode-3#0:FAIL-t1
2021-10-05 12:30:38,145 [omNode-2@group-523986131536-LeaderElection2] INFO  impl.LeaderElection (LeaderElection.java:logAndReturn(93)) -   Response 1: omNode-2<-omNode-1#0:FAIL-t1
2021-10-05 12:30:38,145 [omNode-2@group-523986131536-LeaderElection2] INFO  impl.LeaderElection (LeaderElection.java:askForVotes(308)) - omNode-2@group-523986131536-LeaderElection2 ELECTION round 0: result REJECTED
2021-10-05 12:30:38,145 [omNode-2@group-523986131536-LeaderElection2] INFO  server.RaftServer$Division (RaftServerImpl.java:setRole(285)) - omNode-2@group-523986131536: changes role from CANDIDATE to FOLLOWER at term 1 for REJECTED
2021-10-05 12:30:38,145 [omNode-2@group-523986131536-LeaderElection2] INFO  impl.RoleInfo (RoleInfo.java:shutdownLeaderElection(121)) - omNode-2: shutdown omNode-2@group-523986131536-LeaderElection2
2021-10-05 12:30:38,145 [omNode-2@group-523986131536-LeaderElection2] INFO  impl.RoleInfo (RoleInfo.java:updateAndGet(130)) - omNode-2: start omNode-2@group-523986131536-FollowerState
2021-10-05 12:30:38,146 [omNode-3@group-523986131536-LeaderElection3] INFO  impl.LeaderElection (LeaderElection.java:logAndReturn(89)) - omNode-3@group-523986131536-LeaderElection3: ELECTION REJECTED received 2 response(s) and 0 exception(s):
2021-10-05 12:30:38,146 [omNode-3@group-523986131536-LeaderElection3] INFO  impl.LeaderElection (LeaderElection.java:logAndReturn(93)) -   Response 0: omNode-3<-omNode-1#0:FAIL-t1
2021-10-05 12:30:38,146 [omNode-3@group-523986131536-LeaderElection3] INFO  impl.LeaderElection (LeaderElection.java:logAndReturn(93)) -   Response 1: omNode-3<-omNode-2#0:FAIL-t1
2021-10-05 12:30:38,146 [omNode-3@group-523986131536-LeaderElection3] INFO  impl.LeaderElection (LeaderElection.java:askForVotes(308)) - omNode-3@group-523986131536-LeaderElection3 ELECTION round 0: result REJECTED
2021-10-05 12:30:38,146 [omNode-3@group-523986131536-LeaderElection3] INFO  server.RaftServer$Division (RaftServerImpl.java:setRole(285)) - omNode-3@group-523986131536: changes role from CANDIDATE to FOLLOWER at term 1 for REJECTED
2021-10-05 12:30:38,146 [omNode-3@group-523986131536-LeaderElection3] INFO  impl.RoleInfo (RoleInfo.java:shutdownLeaderElection(121)) - omNode-3: shutdown omNode-3@group-523986131536-LeaderElection3
2021-10-05 12:30:38,146 [omNode-3@group-523986131536-LeaderElection3] INFO  impl.RoleInfo (RoleInfo.java:updateAndGet(130)) - omNode-3: start omNode-3@group-523986131536-FollowerState
2021-10-05 12:30:38,159 [Thread-251] INFO  ozoneimpl.ContainerReader (ContainerReader.java:readVolume(172)) - Finish verifying containers on volume /home/runner/work/ozone/ozone/hadoop-ozone/integration-test/target/test-dir/MiniOzoneClusterImpl-37ac24e5-edd8-4d0c-a990-01310c91afa3/datanode-2/data-0/containers/hdds
2021-10-05 12:30:38,159 [Listener at 127.0.0.1/10612] INFO  ozoneimpl.OzoneContainer (OzoneContainer.java:buildContainerSet(236)) - Build ContainerSet costs 0s
2021-10-05 12:30:38,161 [Listener at 127.0.0.1/10612] INFO  server.RaftServer (ConfUtils.java:logGet(44)) - raft.rpc.type = GRPC (default)
2021-10-05 12:30:38,162 [Listener at 127.0.0.1/10612] INFO  grpc.GrpcFactory (GrpcFactory.java:checkPooledByteBufAllocatorUseCacheForAllThreads(48)) - PERFORMANCE WARNING: useCacheForAllThreads is true that may cause Netty to create a lot garbage objects and, as a result, trigger GC.
	It is recommended to disable useCacheForAllThreads by setting -Dorg.apache.ratis.thirdparty.io.netty.allocator.useCacheForAllThreads=false in command line.
2021-10-05 12:30:38,162 [Listener at 127.0.0.1/10612] INFO  grpc.GrpcConfigKeys (ConfUtils.java:logGet(44)) - raft.grpc.admin.port = 0 (custom)
2021-10-05 12:30:38,162 [Listener at 127.0.0.1/10612] INFO  grpc.GrpcConfigKeys (ConfUtils.java:logGet(44)) - raft.grpc.client.port = 0 (custom)
2021-10-05 12:30:38,162 [Listener at 127.0.0.1/10612] INFO  grpc.GrpcConfigKeys (ConfUtils.java:logGet(44)) - raft.grpc.server.port = 0 (default)
2021-10-05 12:30:38,162 [Listener at 127.0.0.1/10612] INFO  server.GrpcService (ConfUtils.java:logGet(44)) - raft.grpc.message.size.max = 32MB (=33554432) (custom)
2021-10-05 12:30:38,162 [Listener at 127.0.0.1/10612] INFO  server.RaftServerConfigKeys (ConfUtils.java:logGet(44)) - raft.server.log.appender.buffer.byte-limit = 33554432 (custom)
2021-10-05 12:30:38,162 [Listener at 127.0.0.1/10612] INFO  server.GrpcService (ConfUtils.java:logGet(44)) - raft.grpc.flow.control.window = 5MB (=5242880) (custom)
2021-10-05 12:30:38,162 [Listener at 127.0.0.1/10612] INFO  server.RaftServerConfigKeys (ConfUtils.java:logGet(44)) - raft.server.rpc.request.timeout = 60s (custom)
2021-10-05 12:30:38,163 [Listener at 127.0.0.1/10612] INFO  impl.DataStreamServerImpl (ConfUtils.java:logGet(44)) - raft.datastream.type = DISABLED (default)
2021-10-05 12:30:38,163 [Listener at 127.0.0.1/10612] INFO  server.RaftServerConfigKeys (ConfUtils.java:logGet(44)) - raft.server.rpc.slowness.timeout = 300s (custom)
2021-10-05 12:30:38,163 [Listener at 127.0.0.1/10612] INFO  server.RaftServerConfigKeys (ConfUtils.java:logGet(44)) - raft.server.leaderelection.leader.step-down.wait-time = 10s (default)
2021-10-05 12:30:38,164 [Listener at 127.0.0.1/10612] INFO  server.RaftServerConfigKeys (ConfUtils.java:logGet(44)) - raft.server.storage.dir = [/home/runner/work/ozone/ozone/hadoop-ozone/integration-test/target/test-dir/MiniOzoneClusterImpl-37ac24e5-edd8-4d0c-a990-01310c91afa3/datanode-2/data/ratis] (custom)
2021-10-05 12:30:38,168 [Listener at 127.0.0.1/10612] INFO  http.BaseHttpServer (BaseHttpServer.java:newHttpServer2BuilderForOzone(209)) - Starting Web-server for hddsDatanode at: http://0.0.0.0:0
2021-10-05 12:30:38,168 [Listener at 127.0.0.1/10612] INFO  http.BaseHttpServer (BaseHttpServer.java:<init>(107)) - Hadoop Security Enabled: false Ozone Security Enabled: false Ozone HTTP Security Enabled: false 
2021-10-05 12:30:38,169 [Listener at 127.0.0.1/10612] INFO  server.AuthenticationFilter (AuthenticationFilter.java:constructSecretProvider(240)) - Unable to initialize FileSignerSecretProvider, falling back to use random secrets.
2021-10-05 12:30:38,169 [Listener at 127.0.0.1/10612] WARN  http.HttpRequestLog (HttpRequestLog.java:getRequestLog(103)) - Jetty request log can only be enabled using Log4j
2021-10-05 12:30:38,170 [Listener at 127.0.0.1/10612] INFO  http.HttpServer2 (HttpServer2.java:addGlobalFilter(1030)) - Added global filter 'safety' (class=org.apache.hadoop.hdds.server.http.HttpServer2$QuotingInputFilter)
2021-10-05 12:30:38,171 [Listener at 127.0.0.1/10612] INFO  http.HttpServer2 (HttpServer2.java:addFilter(1006)) - Added filter static_user_filter (class=org.apache.hadoop.http.lib.StaticUserWebFilter$StaticUserFilter) to context hddsDatanode
2021-10-05 12:30:38,171 [Listener at 127.0.0.1/10612] INFO  http.HttpServer2 (HttpServer2.java:addFilter(1014)) - Added filter static_user_filter (class=org.apache.hadoop.http.lib.StaticUserWebFilter$StaticUserFilter) to context static
2021-10-05 12:30:38,171 [Listener at 127.0.0.1/10612] INFO  http.HttpServer2 (HttpServer2.java:addFilter(1014)) - Added filter static_user_filter (class=org.apache.hadoop.http.lib.StaticUserWebFilter$StaticUserFilter) to context logs
2021-10-05 12:30:38,171 [Listener at 127.0.0.1/10612] INFO  http.HttpServer2 (HttpServer2.java:bindListener(1249)) - Jetty bound to port 37903
2021-10-05 12:30:38,171 [Listener at 127.0.0.1/10612] INFO  server.Server (Server.java:doStart(375)) - jetty-9.4.43.v20210629; built: 2021-06-30T11:07:22.254Z; git: 526006ecfa3af7f1a27ef3a288e2bef7ea9dd7e8; jvm 1.8.0_292-b10
2021-10-05 12:30:38,173 [Listener at 127.0.0.1/10612] INFO  server.session (DefaultSessionIdManager.java:doStart(334)) - DefaultSessionIdManager workerName=node0
2021-10-05 12:30:38,173 [Listener at 127.0.0.1/10612] INFO  server.session (DefaultSessionIdManager.java:doStart(339)) - No SessionScavenger set, using defaults
2021-10-05 12:30:38,173 [Listener at 127.0.0.1/10612] INFO  server.session (HouseKeeper.java:startScavenging(132)) - node0 Scavenging every 600000ms
2021-10-05 12:30:38,174 [Listener at 127.0.0.1/10612] INFO  handler.ContextHandler (ContextHandler.java:doStart(915)) - Started o.e.j.s.ServletContextHandler@444d2bb6{logs,/logs,file:///home/runner/work/ozone/ozone/hadoop-ozone/integration-test/target/log,AVAILABLE}
2021-10-05 12:30:38,174 [Listener at 127.0.0.1/10612] INFO  handler.ContextHandler (ContextHandler.java:doStart(915)) - Started o.e.j.s.ServletContextHandler@64298cad{static,/static,jar:file:/home/runner/.m2/repository/org/apache/ozone/hdds-container-service/1.2.0-SNAPSHOT/hdds-container-service-1.2.0-SNAPSHOT.jar!/webapps/static,AVAILABLE}
2021-10-05 12:30:38,211 [Listener at 127.0.0.1/10612] INFO  handler.ContextHandler (ContextHandler.java:doStart(915)) - Started o.e.j.w.WebAppContext@12a4937c{hddsDatanode,/,file:///tmp/jetty-0_0_0_0-37903-hdds-container-service-1_2_0-SNAPSHOT_jar-_-any-8340404809805306467/webapp/,AVAILABLE}{jar:file:/home/runner/.m2/repository/org/apache/ozone/hdds-container-service/1.2.0-SNAPSHOT/hdds-container-service-1.2.0-SNAPSHOT.jar!/webapps/hddsDatanode}
2021-10-05 12:30:38,212 [Listener at 127.0.0.1/10612] INFO  server.AbstractConnector (AbstractConnector.java:doStart(331)) - Started ServerConnector@4ba5272e{HTTP/1.1, (http/1.1)}{0.0.0.0:37903}
2021-10-05 12:30:38,212 [Listener at 127.0.0.1/10612] INFO  server.Server (Server.java:doStart(415)) - Started @7696ms
2021-10-05 12:30:38,213 [Listener at 127.0.0.1/10612] WARN  impl.MetricsSystemImpl (MetricsSystemImpl.java:register(279)) - Sink prometheus already exists!
2021-10-05 12:30:38,213 [Listener at 127.0.0.1/10612] INFO  http.BaseHttpServer (BaseHttpServer.java:updateConnectorAddress(329)) - HTTP server of hddsDatanode listening at http://0.0.0.0:37903
2021-10-05 12:30:38,214 [Datanode State Machine Thread - 0] INFO  statemachine.DatanodeStateMachine (DatanodeStateMachine.java:lambda$startDaemon$0(456)) - Ozone container server started.
2021-10-05 12:30:38,217 [Listener at 127.0.0.1/10612] INFO  ozone.MiniOzoneClusterImpl (MiniOzoneClusterImpl.java:lambda$waitForClusterToBeReady$0(235)) - Waiting for nodes to be ready. Got 0 of 3 DN Heartbeats.
2021-10-05 12:30:38,217 [Listener at 127.0.0.1/10612] INFO  ozone.MiniOzoneClusterImpl (MiniOzoneClusterImpl.java:lambda$waitForClusterToBeReady$0(238)) - Waiting for cluster to exit safe mode
2021-10-05 12:30:38,217 [Listener at 127.0.0.1/10612] INFO  ozone.MiniOzoneClusterImpl (MiniOzoneClusterImpl.java:lambda$waitForClusterToBeReady$0(240)) - SCM became leader
2021-10-05 12:30:38,228 [org.apache.hadoop.util.JvmPauseMonitor$Monitor@72a7c094] INFO  util.JvmPauseMonitor (JvmPauseMonitor.java:run(188)) - Starting JVM pause monitor
2021-10-05 12:30:38,234 [Datanode State Machine Task Thread - 0] INFO  datanode.InitDatanodeState (InitDatanodeState.java:persistContainerDatanodeDetails(145)) - DatanodeDetails is persisted to /home/runner/work/ozone/ozone/hadoop-ozone/integration-test/target/test-dir/MiniOzoneClusterImpl-37ac24e5-edd8-4d0c-a990-01310c91afa3/datanode-2/meta/datanode.id
2021-10-05 12:30:39,217 [Listener at 127.0.0.1/10612] INFO  ozone.MiniOzoneClusterImpl (MiniOzoneClusterImpl.java:lambda$waitForClusterToBeReady$0(235)) - Waiting for nodes to be ready. Got 0 of 3 DN Heartbeats.
2021-10-05 12:30:39,218 [Listener at 127.0.0.1/10612] INFO  ozone.MiniOzoneClusterImpl (MiniOzoneClusterImpl.java:lambda$waitForClusterToBeReady$0(238)) - Waiting for cluster to exit safe mode
2021-10-05 12:30:39,218 [Listener at 127.0.0.1/10612] INFO  ozone.MiniOzoneClusterImpl (MiniOzoneClusterImpl.java:lambda$waitForClusterToBeReady$0(240)) - SCM became leader
2021-10-05 12:30:39,241 [omNode-1@group-523986131536-FollowerState] INFO  impl.FollowerState (FollowerState.java:run(134)) - omNode-1@group-523986131536-FollowerState: change to CANDIDATE, lastRpcElapsedTime:1104493993ns, electionTimeout:1097ms
2021-10-05 12:30:39,241 [omNode-1@group-523986131536-FollowerState] INFO  impl.RoleInfo (RoleInfo.java:shutdownFollowerState(108)) - omNode-1: shutdown omNode-1@group-523986131536-FollowerState
2021-10-05 12:30:39,241 [omNode-1@group-523986131536-FollowerState] INFO  server.RaftServer$Division (RaftServerImpl.java:setRole(285)) - omNode-1@group-523986131536: changes role from  FOLLOWER to CANDIDATE at term 1 for changeToCandidate
2021-10-05 12:30:39,264 [omNode-1@group-523986131536-FollowerState] INFO  server.RaftServerConfigKeys (ConfUtils.java:logGet(44)) - raft.server.leaderelection.pre-vote = false (custom)
2021-10-05 12:30:39,264 [omNode-1@group-523986131536-FollowerState] INFO  impl.RoleInfo (RoleInfo.java:updateAndGet(130)) - omNode-1: start omNode-1@group-523986131536-LeaderElection4
2021-10-05 12:30:39,266 [omNode-1@group-523986131536-LeaderElection4] INFO  impl.LeaderElection (LeaderElection.java:askForVotes(306)) - omNode-1@group-523986131536-LeaderElection4 ELECTION round 0: submit vote requests at term 2 for -1: [omNode-3|rpc:localhost:10616|priority:0, omNode-1|rpc:localhost:10604|priority:0, omNode-2|rpc:localhost:10610|priority:0], old=null
2021-10-05 12:30:39,269 [omNode-2@group-523986131536-FollowerState] INFO  impl.FollowerState (FollowerState.java:run(134)) - omNode-2@group-523986131536-FollowerState: change to CANDIDATE, lastRpcElapsedTime:1123306768ns, electionTimeout:1122ms
2021-10-05 12:30:39,269 [omNode-2@group-523986131536-FollowerState] INFO  impl.RoleInfo (RoleInfo.java:shutdownFollowerState(108)) - omNode-2: shutdown omNode-2@group-523986131536-FollowerState
2021-10-05 12:30:39,269 [omNode-2@group-523986131536-FollowerState] INFO  server.RaftServer$Division (RaftServerImpl.java:setRole(285)) - omNode-2@group-523986131536: changes role from  FOLLOWER to CANDIDATE at term 1 for changeToCandidate
2021-10-05 12:30:39,275 [omNode-2@group-523986131536-FollowerState] INFO  server.RaftServerConfigKeys (ConfUtils.java:logGet(44)) - raft.server.leaderelection.pre-vote = false (custom)
2021-10-05 12:30:39,275 [omNode-2@group-523986131536-FollowerState] INFO  impl.RoleInfo (RoleInfo.java:updateAndGet(130)) - omNode-2: start omNode-2@group-523986131536-LeaderElection5
2021-10-05 12:30:39,280 [grpc-default-executor-2] INFO  server.RaftServer$Division (RaftServerImpl.java:requestVote(1043)) - omNode-2@group-523986131536: receive requestVote(ELECTION, omNode-1, group-523986131536, 2, (t:0, i:~))
2021-10-05 12:30:39,282 [grpc-default-executor-2] INFO  impl.VoteContext (VoteContext.java:log(48)) - omNode-2@group-523986131536-CANDIDATE: accept ELECTION from omNode-1: our priority 0 <= candidate's priority 0
2021-10-05 12:30:39,282 [grpc-default-executor-2] INFO  server.RaftServer$Division (RaftServerImpl.java:setRole(285)) - omNode-2@group-523986131536: changes role from CANDIDATE to FOLLOWER at term 2 for candidate:omNode-1
2021-10-05 12:30:39,282 [grpc-default-executor-2] INFO  impl.RoleInfo (RoleInfo.java:shutdownLeaderElection(121)) - omNode-2: shutdown omNode-2@group-523986131536-LeaderElection5
2021-10-05 12:30:39,282 [grpc-default-executor-2] INFO  impl.RoleInfo (RoleInfo.java:updateAndGet(130)) - omNode-2: start omNode-2@group-523986131536-FollowerState
2021-10-05 12:30:39,284 [grpc-default-executor-4] INFO  server.RaftServer$Division (RaftServerImpl.java:requestVote(1043)) - omNode-3@group-523986131536: receive requestVote(ELECTION, omNode-1, group-523986131536, 2, (t:0, i:~))
2021-10-05 12:30:39,284 [grpc-default-executor-4] INFO  impl.VoteContext (VoteContext.java:log(48)) - omNode-3@group-523986131536-FOLLOWER: accept ELECTION from omNode-1: our priority 0 <= candidate's priority 0
2021-10-05 12:30:39,284 [grpc-default-executor-4] INFO  server.RaftServer$Division (RaftServerImpl.java:setRole(285)) - omNode-3@group-523986131536: changes role from  FOLLOWER to FOLLOWER at term 2 for candidate:omNode-1
2021-10-05 12:30:39,284 [grpc-default-executor-4] INFO  impl.RoleInfo (RoleInfo.java:shutdownFollowerState(108)) - omNode-3: shutdown omNode-3@group-523986131536-FollowerState
2021-10-05 12:30:39,284 [grpc-default-executor-4] INFO  impl.RoleInfo (RoleInfo.java:updateAndGet(130)) - omNode-3: start omNode-3@group-523986131536-FollowerState
2021-10-05 12:30:39,285 [omNode-3@group-523986131536-FollowerState] INFO  impl.FollowerState (FollowerState.java:run(143)) - omNode-3@group-523986131536-FollowerState was interrupted: {}
java.lang.InterruptedException: sleep interrupted
	at java.lang.Thread.sleep(Native Method)
	at java.lang.Thread.sleep(Thread.java:340)
	at java.util.concurrent.TimeUnit.sleep(TimeUnit.java:386)
	at org.apache.ratis.util.TimeDuration.sleep(TimeDuration.java:324)
	at org.apache.ratis.util.TimeDuration.sleep(TimeDuration.java:309)
	at org.apache.ratis.server.impl.FollowerState.run(FollowerState.java:118)
2021-10-05 12:30:39,286 [grpc-default-executor-2] INFO  server.RaftServer$Division (RaftServerImpl.java:requestVote(1075)) - omNode-2@group-523986131536 replies to ELECTION vote request: omNode-1<-omNode-2#0:OK-t2. Peer's state: omNode-2@group-523986131536:t2, leader=null, voted=omNode-1, raftlog=omNode-2@group-523986131536-SegmentedRaftLog:OPENED:c-1,f-1,i0, conf=-1: [omNode-3|rpc:localhost:10616|priority:0, omNode-1|rpc:localhost:10604|priority:0, omNode-2|rpc:localhost:10610|priority:0], old=null
2021-10-05 12:30:39,293 [grpc-default-executor-4] INFO  server.RaftServer$Division (RaftServerImpl.java:requestVote(1075)) - omNode-3@group-523986131536 replies to ELECTION vote request: omNode-1<-omNode-3#0:OK-t2. Peer's state: omNode-3@group-523986131536:t2, leader=null, voted=omNode-1, raftlog=omNode-3@group-523986131536-SegmentedRaftLog:OPENED:c-1,f-1,i0, conf=-1: [omNode-3|rpc:localhost:10616|priority:0, omNode-1|rpc:localhost:10604|priority:0, omNode-2|rpc:localhost:10610|priority:0], old=null
2021-10-05 12:30:39,294 [omNode-1@group-523986131536-LeaderElection4] INFO  impl.LeaderElection (LeaderElection.java:logAndReturn(89)) - omNode-1@group-523986131536-LeaderElection4: ELECTION PASSED received 1 response(s) and 0 exception(s):
2021-10-05 12:30:39,294 [omNode-1@group-523986131536-LeaderElection4] INFO  impl.LeaderElection (LeaderElection.java:logAndReturn(93)) -   Response 0: omNode-1<-omNode-2#0:OK-t2
2021-10-05 12:30:39,294 [omNode-1@group-523986131536-LeaderElection4] INFO  impl.LeaderElection (LeaderElection.java:askForVotes(308)) - omNode-1@group-523986131536-LeaderElection4 ELECTION round 0: result PASSED
2021-10-05 12:30:39,294 [omNode-1@group-523986131536-LeaderElection4] INFO  impl.RoleInfo (RoleInfo.java:shutdownLeaderElection(121)) - omNode-1: shutdown omNode-1@group-523986131536-LeaderElection4
2021-10-05 12:30:39,294 [omNode-1@group-523986131536-LeaderElection4] INFO  server.RaftServer$Division (RaftServerImpl.java:setRole(285)) - omNode-1@group-523986131536: changes role from CANDIDATE to LEADER at term 2 for changeToLeader
2021-10-05 12:30:39,294 [omNode-1@group-523986131536-LeaderElection4] INFO  server.RaftServer$Division (ServerState.java:setLeader(285)) - omNode-1@group-523986131536: change Leader from null to omNode-1 at term 2 for becomeLeader, leader elected after 3520ms
2021-10-05 12:30:39,300 [omNode-1@group-523986131536-LeaderElection4] INFO  server.RaftServerConfigKeys (ConfUtils.java:logGet(44)) - raft.server.staging.catchup.gap = 1000 (default)
2021-10-05 12:30:39,306 [omNode-1@group-523986131536-LeaderElection4] INFO  server.RaftServerConfigKeys (ConfUtils.java:logGet(44)) - raft.server.write.element-limit = 4096 (default)
2021-10-05 12:30:39,307 [omNode-1@group-523986131536-LeaderElection4] INFO  server.RaftServerConfigKeys (ConfUtils.java:logGet(44)) - raft.server.write.byte-limit = 64MB (=67108864) (default)
2021-10-05 12:30:39,314 [omNode-1@group-523986131536-LeaderElection4] INFO  server.RaftServerConfigKeys (ConfUtils.java:logGet(44)) - raft.server.watch.timeout = 10s (default)
2021-10-05 12:30:39,314 [omNode-1@group-523986131536-LeaderElection4] INFO  server.RaftServerConfigKeys (ConfUtils.java:logGet(44)) - raft.server.watch.timeout.denomination = 1s (default)
2021-10-05 12:30:39,314 [omNode-1@group-523986131536-LeaderElection4] INFO  server.RaftServerConfigKeys (ConfUtils.java:logGet(44)) - raft.server.watch.element-limit = 65536 (default)
2021-10-05 12:30:39,324 [omNode-1@group-523986131536-LeaderElection4] INFO  server.RaftServerConfigKeys (ConfUtils.java:logGet(44)) - raft.server.log.appender.snapshot.chunk.size.max = 16MB (=16777216) (default)
2021-10-05 12:30:39,324 [omNode-1@group-523986131536-LeaderElection4] INFO  server.RaftServerConfigKeys (ConfUtils.java:logGet(44)) - raft.server.log.appender.buffer.byte-limit = 33554432 (custom)
2021-10-05 12:30:39,324 [omNode-1@group-523986131536-LeaderElection4] INFO  server.RaftServerConfigKeys (ConfUtils.java:logGet(44)) - raft.server.log.appender.buffer.element-limit = 1024 (custom)
2021-10-05 12:30:39,327 [omNode-1@group-523986131536-LeaderElection4] INFO  grpc.GrpcConfigKeys (ConfUtils.java:logGet(44)) - raft.grpc.server.leader.outstanding.appends.max = 128 (default)
2021-10-05 12:30:39,327 [omNode-1@group-523986131536-LeaderElection4] INFO  server.RaftServerConfigKeys (ConfUtils.java:logGet(44)) - raft.server.rpc.request.timeout = 3000ms (default)
2021-10-05 12:30:39,327 [omNode-1@group-523986131536-LeaderElection4] INFO  server.RaftServerConfigKeys (ConfUtils.java:logGet(44)) - raft.server.log.appender.install.snapshot.enabled = false (custom)
2021-10-05 12:30:39,332 [omNode-1@group-523986131536-LeaderElection4] INFO  server.RaftServerConfigKeys (ConfUtils.java:logGet(44)) - raft.server.log.appender.snapshot.chunk.size.max = 16MB (=16777216) (default)
2021-10-05 12:30:39,332 [omNode-1@group-523986131536-LeaderElection4] INFO  server.RaftServerConfigKeys (ConfUtils.java:logGet(44)) - raft.server.log.appender.buffer.byte-limit = 33554432 (custom)
2021-10-05 12:30:39,332 [omNode-1@group-523986131536-LeaderElection4] INFO  server.RaftServerConfigKeys (ConfUtils.java:logGet(44)) - raft.server.log.appender.buffer.element-limit = 1024 (custom)
2021-10-05 12:30:39,332 [omNode-1@group-523986131536-LeaderElection4] INFO  grpc.GrpcConfigKeys (ConfUtils.java:logGet(44)) - raft.grpc.server.leader.outstanding.appends.max = 128 (default)
2021-10-05 12:30:39,332 [omNode-1@group-523986131536-LeaderElection4] INFO  server.RaftServerConfigKeys (ConfUtils.java:logGet(44)) - raft.server.rpc.request.timeout = 3000ms (default)
2021-10-05 12:30:39,332 [omNode-1@group-523986131536-LeaderElection4] INFO  server.RaftServerConfigKeys (ConfUtils.java:logGet(44)) - raft.server.log.appender.install.snapshot.enabled = false (custom)
2021-10-05 12:30:39,335 [omNode-1@group-523986131536-LeaderElection4] INFO  impl.RoleInfo (RoleInfo.java:updateAndGet(130)) - omNode-1: start omNode-1@group-523986131536-LeaderStateImpl
2021-10-05 12:30:39,353 [omNode-1@group-523986131536-LeaderElection4] INFO  segmented.SegmentedRaftLogWorker (SegmentedRaftLogWorker.java:startLogSegment(394)) - omNode-1@group-523986131536-SegmentedRaftLogWorker: Starting segment from index:0
2021-10-05 12:30:39,374 [omNode-1@group-523986131536-LeaderElection4] INFO  server.RaftServer$Division (ServerState.java:setRaftConf(387)) - omNode-1@group-523986131536: set configuration 0: [omNode-3|rpc:localhost:10616|admin:|client:|dataStream:|priority:0, omNode-1|rpc:localhost:10604|admin:|client:|dataStream:|priority:0, omNode-2|rpc:localhost:10610|admin:|client:|dataStream:|priority:0], old=null
2021-10-05 12:30:39,408 [grpc-default-executor-4] INFO  server.RaftServer$Division (ServerState.java:setLeader(285)) - omNode-2@group-523986131536: change Leader from null to omNode-1 at term 2 for appendEntries, leader elected after 3136ms
2021-10-05 12:30:39,410 [grpc-default-executor-2] INFO  server.RaftServer$Division (ServerState.java:setLeader(285)) - omNode-3@group-523986131536: change Leader from null to omNode-1 at term 2 for appendEntries, leader elected after 2837ms
2021-10-05 12:30:39,461 [grpc-default-executor-0] INFO  server.RaftServer$Division (ServerState.java:setRaftConf(387)) - omNode-2@group-523986131536: set configuration 0: [omNode-3|rpc:localhost:10616|admin:|client:|dataStream:|priority:0, omNode-1|rpc:localhost:10604|admin:|client:|dataStream:|priority:0, omNode-2|rpc:localhost:10610|admin:|client:|dataStream:|priority:0], old=null
2021-10-05 12:30:39,461 [grpc-default-executor-0] INFO  segmented.SegmentedRaftLogWorker (SegmentedRaftLogWorker.java:startLogSegment(394)) - omNode-2@group-523986131536-SegmentedRaftLogWorker: Starting segment from index:0
2021-10-05 12:30:39,469 [grpc-default-executor-2] INFO  server.RaftServer$Division (ServerState.java:setRaftConf(387)) - omNode-3@group-523986131536: set configuration 0: [omNode-3|rpc:localhost:10616|admin:|client:|dataStream:|priority:0, omNode-1|rpc:localhost:10604|admin:|client:|dataStream:|priority:0, omNode-2|rpc:localhost:10610|admin:|client:|dataStream:|priority:0], old=null
2021-10-05 12:30:39,469 [grpc-default-executor-2] INFO  segmented.SegmentedRaftLogWorker (SegmentedRaftLogWorker.java:startLogSegment(394)) - omNode-3@group-523986131536-SegmentedRaftLogWorker: Starting segment from index:0
2021-10-05 12:30:39,526 [omNode-2@group-523986131536-SegmentedRaftLogWorker] INFO  segmented.SegmentedRaftLogWorker (SegmentedRaftLogWorker.java:execute(601)) - omNode-2@group-523986131536-SegmentedRaftLogWorker: created new log segment /home/runner/work/ozone/ozone/hadoop-ozone/integration-test/target/test-dir/MiniOzoneClusterImpl-37ac24e5-edd8-4d0c-a990-01310c91afa3/omNode-2/ratis/c9bc4cf4-3bc3-3c60-a66b-523986131536/current/log_inprogress_0
2021-10-05 12:30:39,526 [omNode-3@group-523986131536-SegmentedRaftLogWorker] INFO  segmented.SegmentedRaftLogWorker (SegmentedRaftLogWorker.java:execute(601)) - omNode-3@group-523986131536-SegmentedRaftLogWorker: created new log segment /home/runner/work/ozone/ozone/hadoop-ozone/integration-test/target/test-dir/MiniOzoneClusterImpl-37ac24e5-edd8-4d0c-a990-01310c91afa3/omNode-3/ratis/c9bc4cf4-3bc3-3c60-a66b-523986131536/current/log_inprogress_0
2021-10-05 12:30:39,526 [omNode-1@group-523986131536-SegmentedRaftLogWorker] INFO  segmented.SegmentedRaftLogWorker (SegmentedRaftLogWorker.java:execute(601)) - omNode-1@group-523986131536-SegmentedRaftLogWorker: created new log segment /home/runner/work/ozone/ozone/hadoop-ozone/integration-test/target/test-dir/MiniOzoneClusterImpl-37ac24e5-edd8-4d0c-a990-01310c91afa3/omNode-1/ratis/c9bc4cf4-3bc3-3c60-a66b-523986131536/current/log_inprogress_0
2021-10-05 12:30:39,607 [EndpointStateMachine task thread for /0.0.0.0:46051 - 0 ] INFO  ozoneimpl.OzoneContainer (OzoneContainer.java:start(304)) - Attempting to start container services.
2021-10-05 12:30:39,609 [EndpointStateMachine task thread for /0.0.0.0:46051 - 0 ] INFO  ozoneimpl.OzoneContainer (OzoneContainer.java:startContainerScrub(249)) - Background container scanner has been disabled.
2021-10-05 12:30:39,615 [EndpointStateMachine task thread for /0.0.0.0:46051 - 0 ] INFO  replication.ReplicationServer (ReplicationServer.java:start(107)) - ReplicationServer is started using port 36547
2021-10-05 12:30:39,620 [EndpointStateMachine task thread for /0.0.0.0:46051 - 0 ] INFO  ratis.XceiverServerRatis (XceiverServerRatis.java:start(482)) - Starting XceiverServerRatis 2bb368a1-0b98-4d80-88d0-01e7dc221ebc
2021-10-05 12:30:39,628 [EndpointStateMachine task thread for /0.0.0.0:46051 - 0 ] INFO  server.RaftServer (RaftServerProxy.java:lambda$start$5(374)) - 2bb368a1-0b98-4d80-88d0-01e7dc221ebc: start RPC server
2021-10-05 12:30:39,633 [EndpointStateMachine task thread for /0.0.0.0:46051 - 0 ] INFO  server.GrpcService (GrpcService.java:startImpl(253)) - 2bb368a1-0b98-4d80-88d0-01e7dc221ebc: GrpcService started, listening on 46877
2021-10-05 12:30:39,637 [EndpointStateMachine task thread for /0.0.0.0:46051 - 0 ] INFO  ratis.XceiverServerRatis (XceiverServerRatis.java:getRealPort(503)) - XceiverServerRatis 2bb368a1-0b98-4d80-88d0-01e7dc221ebc is started using port 46877 for RATIS
2021-10-05 12:30:39,637 [EndpointStateMachine task thread for /0.0.0.0:46051 - 0 ] INFO  ratis.XceiverServerRatis (XceiverServerRatis.java:getRealPort(503)) - XceiverServerRatis 2bb368a1-0b98-4d80-88d0-01e7dc221ebc is started using port 46877 for RATIS_ADMIN
2021-10-05 12:30:39,637 [EndpointStateMachine task thread for /0.0.0.0:46051 - 0 ] INFO  ratis.XceiverServerRatis (XceiverServerRatis.java:getRealPort(503)) - XceiverServerRatis 2bb368a1-0b98-4d80-88d0-01e7dc221ebc is started using port 46877 for RATIS_SERVER
2021-10-05 12:30:39,638 [EndpointStateMachine task thread for /0.0.0.0:46051 - 0 ] INFO  server.XceiverServerGrpc (XceiverServerGrpc.java:start(135)) - XceiverServerGrpc 2bb368a1-0b98-4d80-88d0-01e7dc221ebc is started using port 46537
2021-10-05 12:30:39,645 [org.apache.ratis.util.JvmPauseMonitor$$Lambda$523/2137356424@29ee0d9] INFO  util.JvmPauseMonitor (JvmPauseMonitor.java:run(103)) - JvmPauseMonitor-2bb368a1-0b98-4d80-88d0-01e7dc221ebc: Started
2021-10-05 12:30:39,651 [omNode-1@group-523986131536-StateMachineUpdater] INFO  ratis.OzoneManagerStateMachine (OzoneManagerStateMachine.java:notifyConfigurationChanged(188)) - Received Configuration change notification from Ratis. New Peer list:
[id: "omNode-3"
address: "localhost:10616"
, id: "omNode-1"
address: "localhost:10604"
, id: "omNode-2"
address: "localhost:10610"
]
2021-10-05 12:30:39,895 [EndpointStateMachine task thread for /0.0.0.0:46051 - 0 ] INFO  ozoneimpl.OzoneContainer (OzoneContainer.java:start(304)) - Attempting to start container services.
2021-10-05 12:30:39,895 [EndpointStateMachine task thread for /0.0.0.0:46051 - 0 ] INFO  ozoneimpl.OzoneContainer (OzoneContainer.java:startContainerScrub(249)) - Background container scanner has been disabled.
2021-10-05 12:30:39,897 [EndpointStateMachine task thread for /0.0.0.0:46051 - 0 ] INFO  replication.ReplicationServer (ReplicationServer.java:start(107)) - ReplicationServer is started using port 42787
2021-10-05 12:30:39,899 [EndpointStateMachine task thread for /0.0.0.0:46051 - 0 ] INFO  ratis.XceiverServerRatis (XceiverServerRatis.java:start(482)) - Starting XceiverServerRatis d71bc4e1-8510-48b6-bd5d-14418744517b
2021-10-05 12:30:39,902 [EndpointStateMachine task thread for /0.0.0.0:46051 - 0 ] INFO  server.RaftServer (RaftServerProxy.java:lambda$start$5(374)) - d71bc4e1-8510-48b6-bd5d-14418744517b: start RPC server
2021-10-05 12:30:39,904 [EndpointStateMachine task thread for /0.0.0.0:46051 - 0 ] INFO  server.GrpcService (GrpcService.java:startImpl(253)) - d71bc4e1-8510-48b6-bd5d-14418744517b: GrpcService started, listening on 34433
2021-10-05 12:30:39,904 [EndpointStateMachine task thread for /0.0.0.0:46051 - 0 ] INFO  ratis.XceiverServerRatis (XceiverServerRatis.java:getRealPort(503)) - XceiverServerRatis d71bc4e1-8510-48b6-bd5d-14418744517b is started using port 34433 for RATIS
2021-10-05 12:30:39,904 [EndpointStateMachine task thread for /0.0.0.0:46051 - 0 ] INFO  ratis.XceiverServerRatis (XceiverServerRatis.java:getRealPort(503)) - XceiverServerRatis d71bc4e1-8510-48b6-bd5d-14418744517b is started using port 34433 for RATIS_ADMIN
2021-10-05 12:30:39,904 [org.apache.ratis.util.JvmPauseMonitor$$Lambda$523/2137356424@4fda3765] INFO  util.JvmPauseMonitor (JvmPauseMonitor.java:run(103)) - JvmPauseMonitor-d71bc4e1-8510-48b6-bd5d-14418744517b: Started
2021-10-05 12:30:39,904 [EndpointStateMachine task thread for /0.0.0.0:46051 - 0 ] INFO  ratis.XceiverServerRatis (XceiverServerRatis.java:getRealPort(503)) - XceiverServerRatis d71bc4e1-8510-48b6-bd5d-14418744517b is started using port 34433 for RATIS_SERVER
2021-10-05 12:30:39,905 [EndpointStateMachine task thread for /0.0.0.0:46051 - 0 ] INFO  server.XceiverServerGrpc (XceiverServerGrpc.java:start(135)) - XceiverServerGrpc d71bc4e1-8510-48b6-bd5d-14418744517b is started using port 38027
2021-10-05 12:30:40,045 [omNode-3@group-523986131536-StateMachineUpdater] INFO  ratis.OzoneManagerStateMachine (OzoneManagerStateMachine.java:notifyConfigurationChanged(188)) - Received Configuration change notification from Ratis. New Peer list:
[id: "omNode-3"
address: "localhost:10616"
, id: "omNode-1"
address: "localhost:10604"
, id: "omNode-2"
address: "localhost:10610"
]
2021-10-05 12:30:40,058 [omNode-2@group-523986131536-StateMachineUpdater] INFO  ratis.OzoneManagerStateMachine (OzoneManagerStateMachine.java:notifyConfigurationChanged(188)) - Received Configuration change notification from Ratis. New Peer list:
[id: "omNode-3"
address: "localhost:10616"
, id: "omNode-1"
address: "localhost:10604"
, id: "omNode-2"
address: "localhost:10610"
]
2021-10-05 12:30:40,218 [Listener at 127.0.0.1/10612] INFO  ozone.MiniOzoneClusterImpl (MiniOzoneClusterImpl.java:lambda$waitForClusterToBeReady$0(235)) - Waiting for nodes to be ready. Got 0 of 3 DN Heartbeats.
2021-10-05 12:30:40,219 [Listener at 127.0.0.1/10612] INFO  ozone.MiniOzoneClusterImpl (MiniOzoneClusterImpl.java:lambda$waitForClusterToBeReady$0(238)) - Waiting for cluster to exit safe mode
2021-10-05 12:30:40,219 [Listener at 127.0.0.1/10612] INFO  ozone.MiniOzoneClusterImpl (MiniOzoneClusterImpl.java:lambda$waitForClusterToBeReady$0(240)) - SCM became leader
2021-10-05 12:30:40,234 [EndpointStateMachine task thread for /0.0.0.0:46051 - 0 ] INFO  ozoneimpl.OzoneContainer (OzoneContainer.java:start(304)) - Attempting to start container services.
2021-10-05 12:30:40,234 [EndpointStateMachine task thread for /0.0.0.0:46051 - 0 ] INFO  ozoneimpl.OzoneContainer (OzoneContainer.java:startContainerScrub(249)) - Background container scanner has been disabled.
2021-10-05 12:30:40,235 [EndpointStateMachine task thread for /0.0.0.0:46051 - 0 ] INFO  replication.ReplicationServer (ReplicationServer.java:start(107)) - ReplicationServer is started using port 40847
2021-10-05 12:30:40,236 [EndpointStateMachine task thread for /0.0.0.0:46051 - 0 ] INFO  ratis.XceiverServerRatis (XceiverServerRatis.java:start(482)) - Starting XceiverServerRatis 68bb5eda-bd33-4c69-8072-1d50c624965b
2021-10-05 12:30:40,237 [EndpointStateMachine task thread for /0.0.0.0:46051 - 0 ] INFO  server.RaftServer (RaftServerProxy.java:lambda$start$5(374)) - 68bb5eda-bd33-4c69-8072-1d50c624965b: start RPC server
2021-10-05 12:30:40,237 [EndpointStateMachine task thread for /0.0.0.0:46051 - 0 ] INFO  server.GrpcService (GrpcService.java:startImpl(253)) - 68bb5eda-bd33-4c69-8072-1d50c624965b: GrpcService started, listening on 36961
2021-10-05 12:30:40,238 [EndpointStateMachine task thread for /0.0.0.0:46051 - 0 ] INFO  ratis.XceiverServerRatis (XceiverServerRatis.java:getRealPort(503)) - XceiverServerRatis 68bb5eda-bd33-4c69-8072-1d50c624965b is started using port 36961 for RATIS
2021-10-05 12:30:40,238 [EndpointStateMachine task thread for /0.0.0.0:46051 - 0 ] INFO  ratis.XceiverServerRatis (XceiverServerRatis.java:getRealPort(503)) - XceiverServerRatis 68bb5eda-bd33-4c69-8072-1d50c624965b is started using port 36961 for RATIS_ADMIN
2021-10-05 12:30:40,238 [EndpointStateMachine task thread for /0.0.0.0:46051 - 0 ] INFO  ratis.XceiverServerRatis (XceiverServerRatis.java:getRealPort(503)) - XceiverServerRatis 68bb5eda-bd33-4c69-8072-1d50c624965b is started using port 36961 for RATIS_SERVER
2021-10-05 12:30:40,239 [org.apache.ratis.util.JvmPauseMonitor$$Lambda$523/2137356424@5d39117c] INFO  util.JvmPauseMonitor (JvmPauseMonitor.java:run(103)) - JvmPauseMonitor-68bb5eda-bd33-4c69-8072-1d50c624965b: Started
2021-10-05 12:30:40,239 [EndpointStateMachine task thread for /0.0.0.0:46051 - 0 ] INFO  server.XceiverServerGrpc (XceiverServerGrpc.java:start(135)) - XceiverServerGrpc 68bb5eda-bd33-4c69-8072-1d50c624965b is started using port 35975
2021-10-05 12:30:41,219 [Listener at 127.0.0.1/10612] INFO  ozone.MiniOzoneClusterImpl (MiniOzoneClusterImpl.java:lambda$waitForClusterToBeReady$0(235)) - Waiting for nodes to be ready. Got 0 of 3 DN Heartbeats.
2021-10-05 12:30:41,220 [Listener at 127.0.0.1/10612] INFO  ozone.MiniOzoneClusterImpl (MiniOzoneClusterImpl.java:lambda$waitForClusterToBeReady$0(238)) - Waiting for cluster to exit safe mode
2021-10-05 12:30:41,220 [Listener at 127.0.0.1/10612] INFO  ozone.MiniOzoneClusterImpl (MiniOzoneClusterImpl.java:lambda$waitForClusterToBeReady$0(240)) - SCM became leader
2021-10-05 12:30:41,568 [IPC Server handler 2 on default port 46051] INFO  net.NetworkTopologyImpl (NetworkTopologyImpl.java:add(112)) - Added a new node: /default-rack/2bb368a1-0b98-4d80-88d0-01e7dc221ebc
2021-10-05 12:30:41,570 [IPC Server handler 2 on default port 46051] INFO  node.SCMNodeManager (SCMNodeManager.java:register(389)) - Registered Data node : 2bb368a1-0b98-4d80-88d0-01e7dc221ebc{ip: 10.1.0.10, host: fv-az270-324.tacnzluakwdehk1hpragurqkma.bx.internal.cloudapp.net, ports: [REPLICATION=36547, RATIS=46877, RATIS_ADMIN=46877, RATIS_SERVER=46877, STANDALONE=46537], networkLocation: /default-rack, certSerialId: null, persistedOpState: null, persistedOpStateExpiryEpochSec: 0}
2021-10-05 12:30:41,581 [EventQueue-NewNodeForNewNodeHandler] INFO  pipeline.BackgroundPipelineCreator (BackgroundPipelineCreatorV2.java:notifyEventTriggered(285)) - trigger a one-shot run on RatisPipelineUtilsThread.
2021-10-05 12:30:41,590 [RatisPipelineUtilsThread - 0] INFO  pipeline.RatisPipelineProvider (RatisPipelineProvider.java:lambda$create$0(183)) - Sending CreatePipelineCommand for pipeline:PipelineID=107bf997-8cb4-49e4-b439-34c35d03d31d to datanode:2bb368a1-0b98-4d80-88d0-01e7dc221ebc
2021-10-05 12:30:41,591 [EventQueue-NodeRegistrationContainerReportForContainerSafeModeRule] INFO  safemode.SCMSafeModeManager (SCMSafeModeManager.java:validateSafeModeExitRules(204)) - ContainerSafeModeRule rule is successfully validated
2021-10-05 12:30:41,592 [EventQueue-NodeRegistrationContainerReportForDataNodeSafeModeRule] INFO  safemode.SCMSafeModeManager (DataNodeSafeModeRule.java:process(71)) - SCM in safe mode. 1 DataNodes registered, 3 required.
2021-10-05 12:30:41,595 [EventQueue-PipelineReportForOneReplicaPipelineSafeModeRule] INFO  safemode.SCMSafeModeManager (SCMSafeModeManager.java:validateSafeModeExitRules(204)) - AtleastOneDatanodeReportedRule rule is successfully validated
2021-10-05 12:30:41,602 [RatisPipelineUtilsThread - 0] INFO  pipeline.PipelineStateManagerImpl (PipelineStateManagerImpl.java:addPipeline(101)) - Created pipeline Pipeline[ Id: 107bf997-8cb4-49e4-b439-34c35d03d31d, Nodes: 2bb368a1-0b98-4d80-88d0-01e7dc221ebc{ip: 10.1.0.10, host: fv-az270-324.tacnzluakwdehk1hpragurqkma.bx.internal.cloudapp.net, ports: [REPLICATION=36547, RATIS=46877, RATIS_ADMIN=46877, RATIS_SERVER=46877, STANDALONE=46537], networkLocation: /default-rack, certSerialId: null, persistedOpState: IN_SERVICE, persistedOpStateExpiryEpochSec: 0}, ReplicationConfig: RATIS/ONE, State:ALLOCATED, leaderId:, CreationTimestamp2021-10-05T12:30:41.588Z[Etc/UTC]].
2021-10-05 12:30:41,893 [IPC Server handler 3 on default port 46051] INFO  net.NetworkTopologyImpl (NetworkTopologyImpl.java:add(112)) - Added a new node: /default-rack/d71bc4e1-8510-48b6-bd5d-14418744517b
2021-10-05 12:30:41,893 [IPC Server handler 3 on default port 46051] INFO  node.SCMNodeManager (SCMNodeManager.java:register(389)) - Registered Data node : d71bc4e1-8510-48b6-bd5d-14418744517b{ip: 10.1.0.10, host: fv-az270-324.tacnzluakwdehk1hpragurqkma.bx.internal.cloudapp.net, ports: [REPLICATION=42787, RATIS=34433, RATIS_ADMIN=34433, RATIS_SERVER=34433, STANDALONE=38027], networkLocation: /default-rack, certSerialId: null, persistedOpState: null, persistedOpStateExpiryEpochSec: 0}
2021-10-05 12:30:41,893 [EventQueue-NewNodeForNewNodeHandler] INFO  pipeline.BackgroundPipelineCreator (BackgroundPipelineCreatorV2.java:notifyEventTriggered(285)) - trigger a one-shot run on RatisPipelineUtilsThread.
2021-10-05 12:30:41,895 [EventQueue-NodeRegistrationContainerReportForDataNodeSafeModeRule] INFO  safemode.SCMSafeModeManager (DataNodeSafeModeRule.java:process(71)) - SCM in safe mode. 2 DataNodes registered, 3 required.
2021-10-05 12:30:41,897 [RatisPipelineUtilsThread - 0] INFO  pipeline.RatisPipelineProvider (RatisPipelineProvider.java:lambda$create$0(183)) - Sending CreatePipelineCommand for pipeline:PipelineID=1c36bc61-91bb-463a-a034-3c3686484471 to datanode:d71bc4e1-8510-48b6-bd5d-14418744517b
2021-10-05 12:30:41,898 [RatisPipelineUtilsThread - 0] INFO  pipeline.PipelineStateManagerImpl (PipelineStateManagerImpl.java:addPipeline(101)) - Created pipeline Pipeline[ Id: 1c36bc61-91bb-463a-a034-3c3686484471, Nodes: d71bc4e1-8510-48b6-bd5d-14418744517b{ip: 10.1.0.10, host: fv-az270-324.tacnzluakwdehk1hpragurqkma.bx.internal.cloudapp.net, ports: [REPLICATION=42787, RATIS=34433, RATIS_ADMIN=34433, RATIS_SERVER=34433, STANDALONE=38027], networkLocation: /default-rack, certSerialId: null, persistedOpState: IN_SERVICE, persistedOpStateExpiryEpochSec: 0}, ReplicationConfig: RATIS/ONE, State:ALLOCATED, leaderId:, CreationTimestamp2021-10-05T12:30:41.897Z[Etc/UTC]].
2021-10-05 12:30:42,220 [Listener at 127.0.0.1/10612] INFO  ozone.MiniOzoneClusterImpl (MiniOzoneClusterImpl.java:lambda$waitForClusterToBeReady$0(235)) - Waiting for nodes to be ready. Got 2 of 3 DN Heartbeats.
2021-10-05 12:30:42,221 [Listener at 127.0.0.1/10612] INFO  ozone.MiniOzoneClusterImpl (MiniOzoneClusterImpl.java:lambda$waitForClusterToBeReady$0(238)) - Waiting for cluster to exit safe mode
2021-10-05 12:30:42,221 [Listener at 127.0.0.1/10612] INFO  ozone.MiniOzoneClusterImpl (MiniOzoneClusterImpl.java:lambda$waitForClusterToBeReady$0(240)) - SCM became leader
2021-10-05 12:30:42,231 [IPC Server handler 1 on default port 46051] INFO  net.NetworkTopologyImpl (NetworkTopologyImpl.java:add(112)) - Added a new node: /default-rack/68bb5eda-bd33-4c69-8072-1d50c624965b
2021-10-05 12:30:42,232 [IPC Server handler 1 on default port 46051] INFO  node.SCMNodeManager (SCMNodeManager.java:register(389)) - Registered Data node : 68bb5eda-bd33-4c69-8072-1d50c624965b{ip: 10.1.0.10, host: fv-az270-324.tacnzluakwdehk1hpragurqkma.bx.internal.cloudapp.net, ports: [REPLICATION=40847, RATIS=36961, RATIS_ADMIN=36961, RATIS_SERVER=36961, STANDALONE=35975], networkLocation: /default-rack, certSerialId: null, persistedOpState: null, persistedOpStateExpiryEpochSec: 0}
2021-10-05 12:30:42,232 [EventQueue-NewNodeForNewNodeHandler] INFO  pipeline.BackgroundPipelineCreator (BackgroundPipelineCreatorV2.java:notifyEventTriggered(285)) - trigger a one-shot run on RatisPipelineUtilsThread.
2021-10-05 12:30:42,233 [EventQueue-NodeRegistrationContainerReportForDataNodeSafeModeRule] INFO  safemode.SCMSafeModeManager (DataNodeSafeModeRule.java:process(71)) - SCM in safe mode. 3 DataNodes registered, 3 required.
2021-10-05 12:30:42,233 [EventQueue-NodeRegistrationContainerReportForDataNodeSafeModeRule] INFO  safemode.SCMSafeModeManager (SCMSafeModeManager.java:validateSafeModeExitRules(204)) - DataNodeSafeModeRule rule is successfully validated
2021-10-05 12:30:42,233 [EventQueue-NodeRegistrationContainerReportForDataNodeSafeModeRule] INFO  safemode.SCMSafeModeManager (SCMSafeModeManager.java:completePreCheck(233)) - All SCM safe mode pre check rules have passed
2021-10-05 12:30:42,233 [EventQueue-NodeRegistrationContainerReportForDataNodeSafeModeRule] WARN  events.EventQueue (EventQueue.java:fireEvent(194)) - No event handler registered for event TypedEvent{payloadType=SafeModeStatus, name='Safe mode status'}
2021-10-05 12:30:42,233 [EventQueue-NodeRegistrationContainerReportForDataNodeSafeModeRule] INFO  ha.SCMContext (SCMContext.java:updateSafeModeStatus(205)) - Update SafeModeStatus from SafeModeStatus{safeModeStatus=true, preCheckPassed=false} to SafeModeStatus{safeModeStatus=true, preCheckPassed=true}.
2021-10-05 12:30:42,233 [EventQueue-NodeRegistrationContainerReportForDataNodeSafeModeRule] INFO  pipeline.BackgroundPipelineCreator (BackgroundPipelineCreatorV2.java:notifyEventTriggered(285)) - trigger a one-shot run on RatisPipelineUtilsThread.
2021-10-05 12:30:42,233 [RatisPipelineUtilsThread - 0] INFO  pipeline.RatisPipelineProvider (RatisPipelineProvider.java:lambda$create$0(183)) - Sending CreatePipelineCommand for pipeline:PipelineID=c81109c1-8177-4c91-a7df-ccb1dbfec880 to datanode:68bb5eda-bd33-4c69-8072-1d50c624965b
2021-10-05 12:30:42,234 [RatisPipelineUtilsThread - 0] INFO  pipeline.PipelineStateManagerImpl (PipelineStateManagerImpl.java:addPipeline(101)) - Created pipeline Pipeline[ Id: c81109c1-8177-4c91-a7df-ccb1dbfec880, Nodes: 68bb5eda-bd33-4c69-8072-1d50c624965b{ip: 10.1.0.10, host: fv-az270-324.tacnzluakwdehk1hpragurqkma.bx.internal.cloudapp.net, ports: [REPLICATION=40847, RATIS=36961, RATIS_ADMIN=36961, RATIS_SERVER=36961, STANDALONE=35975], networkLocation: /default-rack, certSerialId: null, persistedOpState: IN_SERVICE, persistedOpStateExpiryEpochSec: 0}, ReplicationConfig: RATIS/ONE, State:ALLOCATED, leaderId:, CreationTimestamp2021-10-05T12:30:42.233Z[Etc/UTC]].
2021-10-05 12:30:42,236 [RatisPipelineUtilsThread - 0] INFO  pipeline.RatisPipelineProvider (RatisPipelineProvider.java:lambda$create$0(183)) - Sending CreatePipelineCommand for pipeline:PipelineID=a82d5243-1bde-479a-8100-fe0ee74e4c2e to datanode:68bb5eda-bd33-4c69-8072-1d50c624965b
2021-10-05 12:30:42,236 [RatisPipelineUtilsThread - 0] INFO  pipeline.RatisPipelineProvider (RatisPipelineProvider.java:lambda$create$0(183)) - Sending CreatePipelineCommand for pipeline:PipelineID=a82d5243-1bde-479a-8100-fe0ee74e4c2e to datanode:2bb368a1-0b98-4d80-88d0-01e7dc221ebc
2021-10-05 12:30:42,237 [RatisPipelineUtilsThread - 0] INFO  pipeline.RatisPipelineProvider (RatisPipelineProvider.java:lambda$create$0(183)) - Sending CreatePipelineCommand for pipeline:PipelineID=a82d5243-1bde-479a-8100-fe0ee74e4c2e to datanode:d71bc4e1-8510-48b6-bd5d-14418744517b
2021-10-05 12:30:42,237 [RatisPipelineUtilsThread - 0] INFO  pipeline.PipelineStateManagerImpl (PipelineStateManagerImpl.java:addPipeline(101)) - Created pipeline Pipeline[ Id: a82d5243-1bde-479a-8100-fe0ee74e4c2e, Nodes: 68bb5eda-bd33-4c69-8072-1d50c624965b{ip: 10.1.0.10, host: fv-az270-324.tacnzluakwdehk1hpragurqkma.bx.internal.cloudapp.net, ports: [REPLICATION=40847, RATIS=36961, RATIS_ADMIN=36961, RATIS_SERVER=36961, STANDALONE=35975], networkLocation: /default-rack, certSerialId: null, persistedOpState: IN_SERVICE, persistedOpStateExpiryEpochSec: 0}2bb368a1-0b98-4d80-88d0-01e7dc221ebc{ip: 10.1.0.10, host: fv-az270-324.tacnzluakwdehk1hpragurqkma.bx.internal.cloudapp.net, ports: [REPLICATION=36547, RATIS=46877, RATIS_ADMIN=46877, RATIS_SERVER=46877, STANDALONE=46537], networkLocation: /default-rack, certSerialId: null, persistedOpState: IN_SERVICE, persistedOpStateExpiryEpochSec: 0}d71bc4e1-8510-48b6-bd5d-14418744517b{ip: 10.1.0.10, host: fv-az270-324.tacnzluakwdehk1hpragurqkma.bx.internal.cloudapp.net, ports: [REPLICATION=42787, RATIS=34433, RATIS_ADMIN=34433, RATIS_SERVER=34433, STANDALONE=38027], networkLocation: /default-rack, certSerialId: null, persistedOpState: IN_SERVICE, persistedOpStateExpiryEpochSec: 0}, ReplicationConfig: RATIS/THREE, State:ALLOCATED, leaderId:, CreationTimestamp2021-10-05T12:30:42.236Z[Etc/UTC]].
2021-10-05 12:30:42,239 [RatisPipelineUtilsThread - 0] INFO  pipeline.RatisPipelineProvider (RatisPipelineProvider.java:lambda$create$0(183)) - Sending CreatePipelineCommand for pipeline:PipelineID=ac70e5ca-e02c-45e9-99a0-6cec28450f41 to datanode:68bb5eda-bd33-4c69-8072-1d50c624965b
2021-10-05 12:30:42,239 [RatisPipelineUtilsThread - 0] INFO  pipeline.RatisPipelineProvider (RatisPipelineProvider.java:lambda$create$0(183)) - Sending CreatePipelineCommand for pipeline:PipelineID=ac70e5ca-e02c-45e9-99a0-6cec28450f41 to datanode:d71bc4e1-8510-48b6-bd5d-14418744517b
2021-10-05 12:30:42,239 [RatisPipelineUtilsThread - 0] INFO  pipeline.RatisPipelineProvider (RatisPipelineProvider.java:lambda$create$0(183)) - Sending CreatePipelineCommand for pipeline:PipelineID=ac70e5ca-e02c-45e9-99a0-6cec28450f41 to datanode:2bb368a1-0b98-4d80-88d0-01e7dc221ebc
2021-10-05 12:30:42,240 [RatisPipelineUtilsThread - 0] INFO  pipeline.PipelineStateManagerImpl (PipelineStateManagerImpl.java:addPipeline(101)) - Created pipeline Pipeline[ Id: ac70e5ca-e02c-45e9-99a0-6cec28450f41, Nodes: 68bb5eda-bd33-4c69-8072-1d50c624965b{ip: 10.1.0.10, host: fv-az270-324.tacnzluakwdehk1hpragurqkma.bx.internal.cloudapp.net, ports: [REPLICATION=40847, RATIS=36961, RATIS_ADMIN=36961, RATIS_SERVER=36961, STANDALONE=35975], networkLocation: /default-rack, certSerialId: null, persistedOpState: IN_SERVICE, persistedOpStateExpiryEpochSec: 0}d71bc4e1-8510-48b6-bd5d-14418744517b{ip: 10.1.0.10, host: fv-az270-324.tacnzluakwdehk1hpragurqkma.bx.internal.cloudapp.net, ports: [REPLICATION=42787, RATIS=34433, RATIS_ADMIN=34433, RATIS_SERVER=34433, STANDALONE=38027], networkLocation: /default-rack, certSerialId: null, persistedOpState: IN_SERVICE, persistedOpStateExpiryEpochSec: 0}2bb368a1-0b98-4d80-88d0-01e7dc221ebc{ip: 10.1.0.10, host: fv-az270-324.tacnzluakwdehk1hpragurqkma.bx.internal.cloudapp.net, ports: [REPLICATION=36547, RATIS=46877, RATIS_ADMIN=46877, RATIS_SERVER=46877, STANDALONE=46537], networkLocation: /default-rack, certSerialId: null, persistedOpState: IN_SERVICE, persistedOpStateExpiryEpochSec: 0}, ReplicationConfig: RATIS/THREE, State:ALLOCATED, leaderId:, CreationTimestamp2021-10-05T12:30:42.238Z[Etc/UTC]].
2021-10-05 12:30:42,240 [RatisPipelineUtilsThread - 0] INFO  pipeline.PipelineManagerImpl (PipelineManagerImpl.java:recordMetricsForPipeline(613)) - Pipeline: PipelineID=ac70e5ca-e02c-45e9-99a0-6cec28450f41 contains same datanodes as previous pipelines: PipelineID=a82d5243-1bde-479a-8100-fe0ee74e4c2e nodeIds: 68bb5eda-bd33-4c69-8072-1d50c624965b, d71bc4e1-8510-48b6-bd5d-14418744517b, 2bb368a1-0b98-4d80-88d0-01e7dc221ebc
2021-10-05 12:30:43,221 [Listener at 127.0.0.1/10612] INFO  ozone.MiniOzoneClusterImpl (MiniOzoneClusterImpl.java:lambda$waitForClusterToBeReady$0(235)) - Nodes are ready. Got 3 of 3 DN Heartbeats.
2021-10-05 12:30:43,223 [Listener at 127.0.0.1/10612] INFO  ozone.MiniOzoneClusterImpl (MiniOzoneClusterImpl.java:lambda$waitForClusterToBeReady$0(238)) - Waiting for cluster to exit safe mode
2021-10-05 12:30:43,223 [Listener at 127.0.0.1/10612] INFO  ozone.MiniOzoneClusterImpl (MiniOzoneClusterImpl.java:lambda$waitForClusterToBeReady$0(240)) - SCM became leader
2021-10-05 12:30:44,224 [Listener at 127.0.0.1/10612] INFO  ozone.MiniOzoneClusterImpl (MiniOzoneClusterImpl.java:lambda$waitForClusterToBeReady$0(235)) - Nodes are ready. Got 3 of 3 DN Heartbeats.
2021-10-05 12:30:44,224 [Listener at 127.0.0.1/10612] INFO  ozone.MiniOzoneClusterImpl (MiniOzoneClusterImpl.java:lambda$waitForClusterToBeReady$0(238)) - Waiting for cluster to exit safe mode
2021-10-05 12:30:44,224 [Listener at 127.0.0.1/10612] INFO  ozone.MiniOzoneClusterImpl (MiniOzoneClusterImpl.java:lambda$waitForClusterToBeReady$0(240)) - SCM became leader
2021-10-05 12:30:44,549 [Command processor thread] INFO  server.RaftServer (RaftServerProxy.java:addNew(95)) - 2bb368a1-0b98-4d80-88d0-01e7dc221ebc: addNew group-34C35D03D31D:[2bb368a1-0b98-4d80-88d0-01e7dc221ebc|rpc:10.1.0.10:46877|priority:1] returns group-34C35D03D31D:java.util.concurrent.CompletableFuture@7ad314e3[Not completed]
2021-10-05 12:30:44,556 [pool-97-thread-1] INFO  server.RaftServer$Division (RaftServerImpl.java:<init>(181)) - 2bb368a1-0b98-4d80-88d0-01e7dc221ebc: new RaftServerImpl for group-34C35D03D31D:[2bb368a1-0b98-4d80-88d0-01e7dc221ebc|rpc:10.1.0.10:46877|priority:1] with ContainerStateMachine:uninitialized
2021-10-05 12:30:44,556 [pool-97-thread-1] INFO  server.RaftServerConfigKeys (ConfUtils.java:logGet(44)) - raft.server.rpc.timeout.min = 5s (custom)
2021-10-05 12:30:44,557 [pool-97-thread-1] INFO  server.RaftServerConfigKeys (ConfUtils.java:logGet(44)) - raft.server.rpc.timeout.max = 5200ms (custom)
2021-10-05 12:30:44,557 [pool-97-thread-1] INFO  server.RaftServerConfigKeys (ConfUtils.java:logGet(44)) - raft.server.rpc.sleep.time = 25ms (default)
2021-10-05 12:30:44,557 [pool-97-thread-1] INFO  server.RaftServerConfigKeys (ConfUtils.java:logGet(44)) - raft.server.rpc.slowness.timeout = 300s (custom)
2021-10-05 12:30:44,557 [pool-97-thread-1] INFO  server.RaftServerConfigKeys (ConfUtils.java:logGet(44)) - raft.server.leaderelection.leader.step-down.wait-time = 10s (default)
2021-10-05 12:30:44,557 [pool-97-thread-1] INFO  server.RaftServerConfigKeys (ConfUtils.java:logGet(44)) - raft.server.sleep.deviation.threshold = 300ms (default)
2021-10-05 12:30:44,557 [pool-97-thread-1] INFO  server.RaftServerConfigKeys (ConfUtils.java:logGet(44)) - raft.server.log.appender.install.snapshot.enabled = false (custom)
2021-10-05 12:30:44,557 [pool-97-thread-1] INFO  server.RaftServer$Division (ServerState.java:<init>(105)) - 2bb368a1-0b98-4d80-88d0-01e7dc221ebc@group-34C35D03D31D: ConfigurationManager, init=-1: [2bb368a1-0b98-4d80-88d0-01e7dc221ebc|rpc:10.1.0.10:46877|priority:1], old=null, confs=<EMPTY_MAP>
2021-10-05 12:30:44,557 [pool-97-thread-1] INFO  server.RaftServerConfigKeys (ConfUtils.java:logGet(44)) - raft.server.storage.dir = [/home/runner/work/ozone/ozone/hadoop-ozone/integration-test/target/test-dir/MiniOzoneClusterImpl-37ac24e5-edd8-4d0c-a990-01310c91afa3/datanode-0/data/ratis] (custom)
2021-10-05 12:30:44,557 [pool-97-thread-1] INFO  server.RaftServerConfigKeys (ConfUtils.java:logGet(44)) - raft.server.log.corruption.policy = EXCEPTION (default)
2021-10-05 12:30:44,557 [pool-97-thread-1] INFO  server.RaftServerConfigKeys (ConfUtils.java:logGet(44)) - raft.server.storage.free-space.min = 0MB (=0) (default)
2021-10-05 12:30:44,558 [pool-97-thread-1] INFO  storage.RaftStorageDirectory (RaftStorageDirectoryImpl.java:analyzeStorage(135)) - The storage directory /home/runner/work/ozone/ozone/hadoop-ozone/integration-test/target/test-dir/MiniOzoneClusterImpl-37ac24e5-edd8-4d0c-a990-01310c91afa3/datanode-0/data/ratis/107bf997-8cb4-49e4-b439-34c35d03d31d does not exist. Creating ...
2021-10-05 12:30:44,559 [pool-97-thread-1] INFO  storage.RaftStorageDirectory (RaftStorageDirectoryImpl.java:tryLock(230)) - Lock on /home/runner/work/ozone/ozone/hadoop-ozone/integration-test/target/test-dir/MiniOzoneClusterImpl-37ac24e5-edd8-4d0c-a990-01310c91afa3/datanode-0/data/ratis/107bf997-8cb4-49e4-b439-34c35d03d31d/in_use.lock acquired by nodename 8782@fv-az270-324
2021-10-05 12:30:44,560 [pool-97-thread-1] INFO  storage.RaftStorage (RaftStorageImpl.java:format(89)) - Storage directory /home/runner/work/ozone/ozone/hadoop-ozone/integration-test/target/test-dir/MiniOzoneClusterImpl-37ac24e5-edd8-4d0c-a990-01310c91afa3/datanode-0/data/ratis/107bf997-8cb4-49e4-b439-34c35d03d31d has been successfully formatted.
2021-10-05 12:30:44,564 [pool-97-thread-1] INFO  ratis.ContainerStateMachine (ContainerStateMachine.java:loadSnapshot(224)) - group-34C35D03D31D: The snapshot info is null. Setting the last applied indexto:(t:0, i:~)
2021-10-05 12:30:44,565 [pool-97-thread-1] INFO  server.RaftServerConfigKeys (ConfUtils.java:logGet(44)) - raft.server.notification.no-leader.timeout = 300s (custom)
2021-10-05 12:30:44,565 [pool-97-thread-1] INFO  server.RaftServerConfigKeys (ConfUtils.java:logGet(44)) - raft.server.log.use.memory = false (default)
2021-10-05 12:30:44,565 [pool-97-thread-1] INFO  server.RaftServerConfigKeys (ConfUtils.java:logGet(44)) - raft.server.log.purge.gap = 1000000 (custom)
2021-10-05 12:30:44,567 [pool-97-thread-1] INFO  server.RaftServerConfigKeys (ConfUtils.java:logGet(44)) - raft.server.log.appender.buffer.byte-limit = 33554432 (custom)
2021-10-05 12:30:44,567 [pool-97-thread-1] INFO  server.RaftServerConfigKeys (ConfUtils.java:logGet(44)) - raft.server.log.segment.size.max = 1048576 (custom)
2021-10-05 12:30:44,568 [pool-97-thread-1] INFO  server.RaftServerConfigKeys (ConfUtils.java:logGet(44)) - raft.server.log.segment.cache.num.max = 2 (custom)
2021-10-05 12:30:44,568 [pool-97-thread-1] INFO  server.RaftServerConfigKeys (ConfUtils.java:logGet(44)) - raft.server.log.segment.cache.size.max = 200MB (=209715200) (default)
2021-10-05 12:30:44,568 [pool-97-thread-1] INFO  segmented.SegmentedRaftLogWorker (SegmentedRaftLogWorker.java:<init>(182)) - new 2bb368a1-0b98-4d80-88d0-01e7dc221ebc@group-34C35D03D31D-SegmentedRaftLogWorker for RaftStorageImpl:Storage Directory /home/runner/work/ozone/ozone/hadoop-ozone/integration-test/target/test-dir/MiniOzoneClusterImpl-37ac24e5-edd8-4d0c-a990-01310c91afa3/datanode-0/data/ratis/107bf997-8cb4-49e4-b439-34c35d03d31d
2021-10-05 12:30:44,570 [pool-97-thread-1] INFO  server.RaftServerConfigKeys (ConfUtils.java:logGet(44)) - raft.server.log.queue.byte-limit = 2147483647 (custom)
2021-10-05 12:30:44,570 [pool-97-thread-1] INFO  server.RaftServerConfigKeys (ConfUtils.java:logGet(44)) - raft.server.log.queue.element-limit = 1024 (custom)
2021-10-05 12:30:44,570 [pool-97-thread-1] INFO  server.RaftServerConfigKeys (ConfUtils.java:logGet(44)) - raft.server.log.segment.size.max = 1048576 (custom)
2021-10-05 12:30:44,570 [pool-97-thread-1] INFO  server.RaftServerConfigKeys (ConfUtils.java:logGet(44)) - raft.server.log.preallocated.size = 16384 (custom)
2021-10-05 12:30:44,570 [pool-97-thread-1] INFO  server.RaftServerConfigKeys (ConfUtils.java:logGet(44)) - raft.server.log.force.sync.num = 128 (default)
2021-10-05 12:30:44,570 [pool-97-thread-1] INFO  server.RaftServerConfigKeys (ConfUtils.java:logGet(44)) - raft.server.log.statemachine.data.sync = true (default)
2021-10-05 12:30:44,570 [pool-97-thread-1] INFO  server.RaftServerConfigKeys (ConfUtils.java:logGet(44)) - raft.server.log.statemachine.data.sync.timeout = 10s (default)
2021-10-05 12:30:44,571 [pool-97-thread-1] INFO  server.RaftServerConfigKeys (ConfUtils.java:logGet(44)) - raft.server.log.statemachine.data.sync.timeout.retry = -1 (default)
2021-10-05 12:30:44,572 [pool-97-thread-1] INFO  server.RaftServerConfigKeys (ConfUtils.java:logGet(44)) - raft.server.log.write.buffer.size = 1048576 (custom)
2021-10-05 12:30:44,574 [pool-97-thread-1] INFO  server.RaftServerConfigKeys (ConfUtils.java:logGet(44)) - raft.server.log.statemachine.data.caching.enabled = true (custom)
2021-10-05 12:30:44,575 [pool-97-thread-1] INFO  segmented.SegmentedRaftLogWorker (SegmentedRaftLogWorker.java:lambda$new$0(133)) - 2bb368a1-0b98-4d80-88d0-01e7dc221ebc@group-34C35D03D31D-SegmentedRaftLogWorker: flushIndex: setUnconditionally 0 -> -1
2021-10-05 12:30:44,575 [pool-97-thread-1] INFO  segmented.SegmentedRaftLogWorker (SegmentedRaftLogWorker.java:lambda$new$0(133)) - 2bb368a1-0b98-4d80-88d0-01e7dc221ebc@group-34C35D03D31D-SegmentedRaftLogWorker: safeCacheEvictIndex: setUnconditionally 0 -> -1
2021-10-05 12:30:44,575 [pool-97-thread-1] INFO  server.RaftServerConfigKeys (ConfUtils.java:logGet(44)) - raft.server.snapshot.auto.trigger.enabled = true (custom)
2021-10-05 12:30:44,575 [pool-97-thread-1] INFO  server.RaftServerConfigKeys (ConfUtils.java:logGet(44)) - raft.server.snapshot.auto.trigger.threshold = 10000 (custom)
2021-10-05 12:30:44,575 [pool-97-thread-1] INFO  server.RaftServerConfigKeys (ConfUtils.java:logGet(44)) - raft.server.snapshot.retention.file.num = 5 (custom)
2021-10-05 12:30:44,575 [pool-97-thread-1] INFO  server.RaftServerConfigKeys (ConfUtils.java:logGet(44)) - raft.server.log.purge.upto.snapshot.index = false (default)
2021-10-05 12:30:44,575 [pool-97-thread-1] INFO  server.RaftServerConfigKeys (ConfUtils.java:logGet(44)) - raft.server.retrycache.expirytime = 600000ms (custom)
2021-10-05 12:30:44,575 [pool-97-thread-1] INFO  server.RaftServerConfigKeys (ConfUtils.java:logGet(44)) - raft.server.retrycache.statistics.expirytime = 100μs (default)
2021-10-05 12:30:44,576 [pool-97-thread-1] INFO  server.RaftServer$Division (RaftServerImpl.java:start(296)) - 2bb368a1-0b98-4d80-88d0-01e7dc221ebc@group-34C35D03D31D: start as a follower, conf=-1: [2bb368a1-0b98-4d80-88d0-01e7dc221ebc|rpc:10.1.0.10:46877|priority:1], old=null
2021-10-05 12:30:44,576 [pool-97-thread-1] INFO  server.RaftServer$Division (RaftServerImpl.java:setRole(285)) - 2bb368a1-0b98-4d80-88d0-01e7dc221ebc@group-34C35D03D31D: changes role from      null to FOLLOWER at term 0 for startAsFollower
2021-10-05 12:30:44,576 [pool-97-thread-1] INFO  impl.RoleInfo (RoleInfo.java:updateAndGet(130)) - 2bb368a1-0b98-4d80-88d0-01e7dc221ebc: start 2bb368a1-0b98-4d80-88d0-01e7dc221ebc@group-34C35D03D31D-FollowerState
2021-10-05 12:30:44,579 [pool-97-thread-1] INFO  util.JmxRegister (JmxRegister.java:tryRegister(44)) - Successfully registered JMX Bean with object name Ratis:service=RaftServer,group=group-34C35D03D31D,id=2bb368a1-0b98-4d80-88d0-01e7dc221ebc
2021-10-05 12:30:44,581 [EventQueue-PipelineReportForPipelineReportHandler] INFO  pipeline.PipelineManagerImpl (PipelineManagerImpl.java:openPipeline(282)) - Pipeline Pipeline[ Id: 107bf997-8cb4-49e4-b439-34c35d03d31d, Nodes: 2bb368a1-0b98-4d80-88d0-01e7dc221ebc{ip: 10.1.0.10, host: fv-az270-324.tacnzluakwdehk1hpragurqkma.bx.internal.cloudapp.net, ports: [REPLICATION=36547, RATIS=46877, RATIS_ADMIN=46877, RATIS_SERVER=46877, STANDALONE=46537], networkLocation: /default-rack, certSerialId: null, persistedOpState: IN_SERVICE, persistedOpStateExpiryEpochSec: 0}, ReplicationConfig: RATIS/ONE, State:ALLOCATED, leaderId:2bb368a1-0b98-4d80-88d0-01e7dc221ebc, CreationTimestamp2021-10-05T12:30:41.588Z[Etc/UTC]] moved to OPEN state
2021-10-05 12:30:44,583 [EventQueue-OpenPipelineForHealthyPipelineSafeModeRule] INFO  safemode.SCMSafeModeManager (HealthyPipelineSafeModeRule.java:process(124)) - SCM in safe mode. Healthy pipelines reported count is 0, required healthy pipeline reported count is 1
2021-10-05 12:30:44,584 [Command processor thread] INFO  ratis.XceiverServerRatis (XceiverServerRatis.java:addGroup(763)) - Created group PipelineID=107bf997-8cb4-49e4-b439-34c35d03d31d
2021-10-05 12:30:44,585 [Command processor thread] INFO  commandhandler.CreatePipelineCommandHandler (CreatePipelineCommandHandler.java:handle(106)) - Created Pipeline RATIS ONE PipelineID=107bf997-8cb4-49e4-b439-34c35d03d31d.
2021-10-05 12:30:44,585 [Command processor thread] INFO  server.RaftServer (RaftServerProxy.java:addNew(95)) - 2bb368a1-0b98-4d80-88d0-01e7dc221ebc: addNew group-FE0EE74E4C2E:[2bb368a1-0b98-4d80-88d0-01e7dc221ebc|rpc:10.1.0.10:46877|priority:1, d71bc4e1-8510-48b6-bd5d-14418744517b|rpc:10.1.0.10:34433|priority:0, 68bb5eda-bd33-4c69-8072-1d50c624965b|rpc:10.1.0.10:36961|priority:0] returns group-FE0EE74E4C2E:java.util.concurrent.CompletableFuture@238bbcf8[Not completed]
2021-10-05 12:30:44,587 [pool-97-thread-1] INFO  server.RaftServer$Division (RaftServerImpl.java:<init>(181)) - 2bb368a1-0b98-4d80-88d0-01e7dc221ebc: new RaftServerImpl for group-FE0EE74E4C2E:[2bb368a1-0b98-4d80-88d0-01e7dc221ebc|rpc:10.1.0.10:46877|priority:1, d71bc4e1-8510-48b6-bd5d-14418744517b|rpc:10.1.0.10:34433|priority:0, 68bb5eda-bd33-4c69-8072-1d50c624965b|rpc:10.1.0.10:36961|priority:0] with ContainerStateMachine:uninitialized
2021-10-05 12:30:44,587 [pool-97-thread-1] INFO  server.RaftServerConfigKeys (ConfUtils.java:logGet(44)) - raft.server.rpc.timeout.min = 5s (custom)
2021-10-05 12:30:44,587 [pool-97-thread-1] INFO  server.RaftServerConfigKeys (ConfUtils.java:logGet(44)) - raft.server.rpc.timeout.max = 5200ms (custom)
2021-10-05 12:30:44,587 [pool-97-thread-1] INFO  server.RaftServerConfigKeys (ConfUtils.java:logGet(44)) - raft.server.rpc.sleep.time = 25ms (default)
2021-10-05 12:30:44,587 [pool-97-thread-1] INFO  server.RaftServerConfigKeys (ConfUtils.java:logGet(44)) - raft.server.rpc.slowness.timeout = 300s (custom)
2021-10-05 12:30:44,587 [pool-97-thread-1] INFO  server.RaftServerConfigKeys (ConfUtils.java:logGet(44)) - raft.server.leaderelection.leader.step-down.wait-time = 10s (default)
2021-10-05 12:30:44,587 [pool-97-thread-1] INFO  server.RaftServerConfigKeys (ConfUtils.java:logGet(44)) - raft.server.sleep.deviation.threshold = 300ms (default)
2021-10-05 12:30:44,587 [pool-97-thread-1] INFO  server.RaftServerConfigKeys (ConfUtils.java:logGet(44)) - raft.server.log.appender.install.snapshot.enabled = false (custom)
2021-10-05 12:30:44,587 [pool-97-thread-1] INFO  server.RaftServer$Division (ServerState.java:<init>(105)) - 2bb368a1-0b98-4d80-88d0-01e7dc221ebc@group-FE0EE74E4C2E: ConfigurationManager, init=-1: [2bb368a1-0b98-4d80-88d0-01e7dc221ebc|rpc:10.1.0.10:46877|priority:1, d71bc4e1-8510-48b6-bd5d-14418744517b|rpc:10.1.0.10:34433|priority:0, 68bb5eda-bd33-4c69-8072-1d50c624965b|rpc:10.1.0.10:36961|priority:0], old=null, confs=<EMPTY_MAP>
2021-10-05 12:30:44,588 [pool-97-thread-1] INFO  server.RaftServerConfigKeys (ConfUtils.java:logGet(44)) - raft.server.storage.dir = [/home/runner/work/ozone/ozone/hadoop-ozone/integration-test/target/test-dir/MiniOzoneClusterImpl-37ac24e5-edd8-4d0c-a990-01310c91afa3/datanode-0/data/ratis] (custom)
2021-10-05 12:30:44,588 [pool-97-thread-1] INFO  server.RaftServerConfigKeys (ConfUtils.java:logGet(44)) - raft.server.log.corruption.policy = EXCEPTION (default)
2021-10-05 12:30:44,588 [pool-97-thread-1] INFO  server.RaftServerConfigKeys (ConfUtils.java:logGet(44)) - raft.server.storage.free-space.min = 0MB (=0) (default)
2021-10-05 12:30:44,588 [pool-97-thread-1] INFO  storage.RaftStorageDirectory (RaftStorageDirectoryImpl.java:analyzeStorage(135)) - The storage directory /home/runner/work/ozone/ozone/hadoop-ozone/integration-test/target/test-dir/MiniOzoneClusterImpl-37ac24e5-edd8-4d0c-a990-01310c91afa3/datanode-0/data/ratis/a82d5243-1bde-479a-8100-fe0ee74e4c2e does not exist. Creating ...
2021-10-05 12:30:44,590 [pool-97-thread-1] INFO  storage.RaftStorageDirectory (RaftStorageDirectoryImpl.java:tryLock(230)) - Lock on /home/runner/work/ozone/ozone/hadoop-ozone/integration-test/target/test-dir/MiniOzoneClusterImpl-37ac24e5-edd8-4d0c-a990-01310c91afa3/datanode-0/data/ratis/a82d5243-1bde-479a-8100-fe0ee74e4c2e/in_use.lock acquired by nodename 8782@fv-az270-324
2021-10-05 12:30:44,594 [pool-97-thread-1] INFO  storage.RaftStorage (RaftStorageImpl.java:format(89)) - Storage directory /home/runner/work/ozone/ozone/hadoop-ozone/integration-test/target/test-dir/MiniOzoneClusterImpl-37ac24e5-edd8-4d0c-a990-01310c91afa3/datanode-0/data/ratis/a82d5243-1bde-479a-8100-fe0ee74e4c2e has been successfully formatted.
2021-10-05 12:30:44,595 [pool-97-thread-1] INFO  ratis.ContainerStateMachine (ContainerStateMachine.java:loadSnapshot(224)) - group-FE0EE74E4C2E: The snapshot info is null. Setting the last applied indexto:(t:0, i:~)
2021-10-05 12:30:44,595 [pool-97-thread-1] INFO  server.RaftServerConfigKeys (ConfUtils.java:logGet(44)) - raft.server.notification.no-leader.timeout = 300s (custom)
2021-10-05 12:30:44,595 [pool-97-thread-1] INFO  server.RaftServerConfigKeys (ConfUtils.java:logGet(44)) - raft.server.log.use.memory = false (default)
2021-10-05 12:30:44,595 [pool-97-thread-1] INFO  server.RaftServerConfigKeys (ConfUtils.java:logGet(44)) - raft.server.log.purge.gap = 1000000 (custom)
2021-10-05 12:30:44,595 [pool-97-thread-1] INFO  server.RaftServerConfigKeys (ConfUtils.java:logGet(44)) - raft.server.log.appender.buffer.byte-limit = 33554432 (custom)
2021-10-05 12:30:44,595 [pool-97-thread-1] INFO  server.RaftServerConfigKeys (ConfUtils.java:logGet(44)) - raft.server.log.segment.size.max = 1048576 (custom)
2021-10-05 12:30:44,596 [pool-97-thread-1] INFO  server.RaftServerConfigKeys (ConfUtils.java:logGet(44)) - raft.server.log.segment.cache.num.max = 2 (custom)
2021-10-05 12:30:44,596 [pool-97-thread-1] INFO  server.RaftServerConfigKeys (ConfUtils.java:logGet(44)) - raft.server.log.segment.cache.size.max = 200MB (=209715200) (default)
2021-10-05 12:30:44,596 [pool-97-thread-1] INFO  segmented.SegmentedRaftLogWorker (SegmentedRaftLogWorker.java:<init>(182)) - new 2bb368a1-0b98-4d80-88d0-01e7dc221ebc@group-FE0EE74E4C2E-SegmentedRaftLogWorker for RaftStorageImpl:Storage Directory /home/runner/work/ozone/ozone/hadoop-ozone/integration-test/target/test-dir/MiniOzoneClusterImpl-37ac24e5-edd8-4d0c-a990-01310c91afa3/datanode-0/data/ratis/a82d5243-1bde-479a-8100-fe0ee74e4c2e
2021-10-05 12:30:44,596 [pool-97-thread-1] INFO  server.RaftServerConfigKeys (ConfUtils.java:logGet(44)) - raft.server.log.queue.byte-limit = 2147483647 (custom)
2021-10-05 12:30:44,597 [pool-97-thread-1] INFO  server.RaftServerConfigKeys (ConfUtils.java:logGet(44)) - raft.server.log.queue.element-limit = 1024 (custom)
2021-10-05 12:30:44,597 [EventQueue-OpenPipelineForHealthyPipelineSafeModeRule] INFO  safemode.SCMSafeModeManager (HealthyPipelineSafeModeRule.java:process(124)) - SCM in safe mode. Healthy pipelines reported count is 0, required healthy pipeline reported count is 1
2021-10-05 12:30:44,597 [pool-97-thread-1] INFO  server.RaftServerConfigKeys (ConfUtils.java:logGet(44)) - raft.server.log.segment.size.max = 1048576 (custom)
2021-10-05 12:30:44,597 [pool-97-thread-1] INFO  server.RaftServerConfigKeys (ConfUtils.java:logGet(44)) - raft.server.log.preallocated.size = 16384 (custom)
2021-10-05 12:30:44,597 [pool-97-thread-1] INFO  server.RaftServerConfigKeys (ConfUtils.java:logGet(44)) - raft.server.log.force.sync.num = 128 (default)
2021-10-05 12:30:44,597 [pool-97-thread-1] INFO  server.RaftServerConfigKeys (ConfUtils.java:logGet(44)) - raft.server.log.statemachine.data.sync = true (default)
2021-10-05 12:30:44,597 [pool-97-thread-1] INFO  server.RaftServerConfigKeys (ConfUtils.java:logGet(44)) - raft.server.log.statemachine.data.sync.timeout = 10s (default)
2021-10-05 12:30:44,597 [pool-97-thread-1] INFO  server.RaftServerConfigKeys (ConfUtils.java:logGet(44)) - raft.server.log.statemachine.data.sync.timeout.retry = -1 (default)
2021-10-05 12:30:44,600 [pool-97-thread-1] INFO  server.RaftServerConfigKeys (ConfUtils.java:logGet(44)) - raft.server.log.write.buffer.size = 1048576 (custom)
2021-10-05 12:30:44,601 [pool-97-thread-1] INFO  server.RaftServerConfigKeys (ConfUtils.java:logGet(44)) - raft.server.log.statemachine.data.caching.enabled = true (custom)
2021-10-05 12:30:44,602 [pool-97-thread-1] INFO  segmented.SegmentedRaftLogWorker (SegmentedRaftLogWorker.java:lambda$new$0(133)) - 2bb368a1-0b98-4d80-88d0-01e7dc221ebc@group-FE0EE74E4C2E-SegmentedRaftLogWorker: flushIndex: setUnconditionally 0 -> -1
2021-10-05 12:30:44,602 [pool-97-thread-1] INFO  segmented.SegmentedRaftLogWorker (SegmentedRaftLogWorker.java:lambda$new$0(133)) - 2bb368a1-0b98-4d80-88d0-01e7dc221ebc@group-FE0EE74E4C2E-SegmentedRaftLogWorker: safeCacheEvictIndex: setUnconditionally 0 -> -1
2021-10-05 12:30:44,605 [pool-97-thread-1] INFO  server.RaftServerConfigKeys (ConfUtils.java:logGet(44)) - raft.server.snapshot.auto.trigger.enabled = true (custom)
2021-10-05 12:30:44,605 [pool-97-thread-1] INFO  server.RaftServerConfigKeys (ConfUtils.java:logGet(44)) - raft.server.snapshot.auto.trigger.threshold = 10000 (custom)
2021-10-05 12:30:44,605 [pool-97-thread-1] INFO  server.RaftServerConfigKeys (ConfUtils.java:logGet(44)) - raft.server.snapshot.retention.file.num = 5 (custom)
2021-10-05 12:30:44,605 [pool-97-thread-1] INFO  server.RaftServerConfigKeys (ConfUtils.java:logGet(44)) - raft.server.log.purge.upto.snapshot.index = false (default)
2021-10-05 12:30:44,605 [pool-97-thread-1] INFO  server.RaftServerConfigKeys (ConfUtils.java:logGet(44)) - raft.server.retrycache.expirytime = 600000ms (custom)
2021-10-05 12:30:44,605 [pool-97-thread-1] INFO  server.RaftServerConfigKeys (ConfUtils.java:logGet(44)) - raft.server.retrycache.statistics.expirytime = 100μs (default)
2021-10-05 12:30:44,606 [pool-97-thread-1] INFO  server.RaftServer$Division (RaftServerImpl.java:start(296)) - 2bb368a1-0b98-4d80-88d0-01e7dc221ebc@group-FE0EE74E4C2E: start as a follower, conf=-1: [2bb368a1-0b98-4d80-88d0-01e7dc221ebc|rpc:10.1.0.10:46877|priority:1, d71bc4e1-8510-48b6-bd5d-14418744517b|rpc:10.1.0.10:34433|priority:0, 68bb5eda-bd33-4c69-8072-1d50c624965b|rpc:10.1.0.10:36961|priority:0], old=null
2021-10-05 12:30:44,606 [pool-97-thread-1] INFO  server.RaftServer$Division (RaftServerImpl.java:setRole(285)) - 2bb368a1-0b98-4d80-88d0-01e7dc221ebc@group-FE0EE74E4C2E: changes role from      null to FOLLOWER at term 0 for startAsFollower
2021-10-05 12:30:44,606 [pool-97-thread-1] INFO  impl.RoleInfo (RoleInfo.java:updateAndGet(130)) - 2bb368a1-0b98-4d80-88d0-01e7dc221ebc: start 2bb368a1-0b98-4d80-88d0-01e7dc221ebc@group-FE0EE74E4C2E-FollowerState
2021-10-05 12:30:44,610 [pool-97-thread-1] INFO  util.JmxRegister (JmxRegister.java:tryRegister(44)) - Successfully registered JMX Bean with object name Ratis:service=RaftServer,group=group-FE0EE74E4C2E,id=2bb368a1-0b98-4d80-88d0-01e7dc221ebc
2021-10-05 12:30:44,616 [Command processor thread] INFO  ratis.XceiverServerRatis (XceiverServerRatis.java:addGroup(763)) - Created group PipelineID=a82d5243-1bde-479a-8100-fe0ee74e4c2e
2021-10-05 12:30:44,670 [grpc-default-executor-4] INFO  server.RaftServer (RaftServerProxy.java:addNew(95)) - 68bb5eda-bd33-4c69-8072-1d50c624965b: addNew group-FE0EE74E4C2E:[2bb368a1-0b98-4d80-88d0-01e7dc221ebc|rpc:10.1.0.10:46877|dataStream:|priority:1, d71bc4e1-8510-48b6-bd5d-14418744517b|rpc:10.1.0.10:34433|dataStream:|priority:0, 68bb5eda-bd33-4c69-8072-1d50c624965b|rpc:10.1.0.10:36961|dataStream:|priority:0] returns group-FE0EE74E4C2E:java.util.concurrent.CompletableFuture@72121690[Not completed]
2021-10-05 12:30:44,672 [pool-135-thread-1] INFO  server.RaftServer$Division (RaftServerImpl.java:<init>(181)) - 68bb5eda-bd33-4c69-8072-1d50c624965b: new RaftServerImpl for group-FE0EE74E4C2E:[2bb368a1-0b98-4d80-88d0-01e7dc221ebc|rpc:10.1.0.10:46877|dataStream:|priority:1, d71bc4e1-8510-48b6-bd5d-14418744517b|rpc:10.1.0.10:34433|dataStream:|priority:0, 68bb5eda-bd33-4c69-8072-1d50c624965b|rpc:10.1.0.10:36961|dataStream:|priority:0] with ContainerStateMachine:uninitialized
2021-10-05 12:30:44,673 [pool-135-thread-1] INFO  server.RaftServerConfigKeys (ConfUtils.java:logGet(44)) - raft.server.rpc.timeout.min = 5s (custom)
2021-10-05 12:30:44,674 [pool-135-thread-1] INFO  server.RaftServerConfigKeys (ConfUtils.java:logGet(44)) - raft.server.rpc.timeout.max = 5200ms (custom)
2021-10-05 12:30:44,674 [pool-135-thread-1] INFO  server.RaftServerConfigKeys (ConfUtils.java:logGet(44)) - raft.server.rpc.sleep.time = 25ms (default)
2021-10-05 12:30:44,674 [pool-135-thread-1] INFO  server.RaftServerConfigKeys (ConfUtils.java:logGet(44)) - raft.server.rpc.slowness.timeout = 300s (custom)
2021-10-05 12:30:44,674 [pool-135-thread-1] INFO  server.RaftServerConfigKeys (ConfUtils.java:logGet(44)) - raft.server.leaderelection.leader.step-down.wait-time = 10s (default)
2021-10-05 12:30:44,674 [pool-135-thread-1] INFO  server.RaftServerConfigKeys (ConfUtils.java:logGet(44)) - raft.server.sleep.deviation.threshold = 300ms (default)
2021-10-05 12:30:44,674 [pool-135-thread-1] INFO  server.RaftServerConfigKeys (ConfUtils.java:logGet(44)) - raft.server.log.appender.install.snapshot.enabled = false (custom)
2021-10-05 12:30:44,674 [pool-135-thread-1] INFO  server.RaftServer$Division (ServerState.java:<init>(105)) - 68bb5eda-bd33-4c69-8072-1d50c624965b@group-FE0EE74E4C2E: ConfigurationManager, init=-1: [2bb368a1-0b98-4d80-88d0-01e7dc221ebc|rpc:10.1.0.10:46877|dataStream:|priority:1, d71bc4e1-8510-48b6-bd5d-14418744517b|rpc:10.1.0.10:34433|dataStream:|priority:0, 68bb5eda-bd33-4c69-8072-1d50c624965b|rpc:10.1.0.10:36961|dataStream:|priority:0], old=null, confs=<EMPTY_MAP>
2021-10-05 12:30:44,674 [pool-135-thread-1] INFO  server.RaftServerConfigKeys (ConfUtils.java:logGet(44)) - raft.server.storage.dir = [/home/runner/work/ozone/ozone/hadoop-ozone/integration-test/target/test-dir/MiniOzoneClusterImpl-37ac24e5-edd8-4d0c-a990-01310c91afa3/datanode-2/data/ratis] (custom)
2021-10-05 12:30:44,675 [pool-135-thread-1] INFO  server.RaftServerConfigKeys (ConfUtils.java:logGet(44)) - raft.server.log.corruption.policy = EXCEPTION (default)
2021-10-05 12:30:44,675 [pool-135-thread-1] INFO  server.RaftServerConfigKeys (ConfUtils.java:logGet(44)) - raft.server.storage.free-space.min = 0MB (=0) (default)
2021-10-05 12:30:44,675 [pool-135-thread-1] INFO  storage.RaftStorageDirectory (RaftStorageDirectoryImpl.java:analyzeStorage(135)) - The storage directory /home/runner/work/ozone/ozone/hadoop-ozone/integration-test/target/test-dir/MiniOzoneClusterImpl-37ac24e5-edd8-4d0c-a990-01310c91afa3/datanode-2/data/ratis/a82d5243-1bde-479a-8100-fe0ee74e4c2e does not exist. Creating ...
2021-10-05 12:30:44,676 [pool-135-thread-1] INFO  storage.RaftStorageDirectory (RaftStorageDirectoryImpl.java:tryLock(230)) - Lock on /home/runner/work/ozone/ozone/hadoop-ozone/integration-test/target/test-dir/MiniOzoneClusterImpl-37ac24e5-edd8-4d0c-a990-01310c91afa3/datanode-2/data/ratis/a82d5243-1bde-479a-8100-fe0ee74e4c2e/in_use.lock acquired by nodename 8782@fv-az270-324
2021-10-05 12:30:44,678 [pool-135-thread-1] INFO  storage.RaftStorage (RaftStorageImpl.java:format(89)) - Storage directory /home/runner/work/ozone/ozone/hadoop-ozone/integration-test/target/test-dir/MiniOzoneClusterImpl-37ac24e5-edd8-4d0c-a990-01310c91afa3/datanode-2/data/ratis/a82d5243-1bde-479a-8100-fe0ee74e4c2e has been successfully formatted.
2021-10-05 12:30:44,678 [pool-135-thread-1] INFO  ratis.ContainerStateMachine (ContainerStateMachine.java:loadSnapshot(224)) - group-FE0EE74E4C2E: The snapshot info is null. Setting the last applied indexto:(t:0, i:~)
2021-10-05 12:30:44,680 [pool-135-thread-1] INFO  server.RaftServerConfigKeys (ConfUtils.java:logGet(44)) - raft.server.notification.no-leader.timeout = 300s (custom)
2021-10-05 12:30:44,680 [pool-135-thread-1] INFO  server.RaftServerConfigKeys (ConfUtils.java:logGet(44)) - raft.server.log.use.memory = false (default)
2021-10-05 12:30:44,680 [pool-135-thread-1] INFO  server.RaftServerConfigKeys (ConfUtils.java:logGet(44)) - raft.server.log.purge.gap = 1000000 (custom)
2021-10-05 12:30:44,680 [pool-135-thread-1] INFO  server.RaftServerConfigKeys (ConfUtils.java:logGet(44)) - raft.server.log.appender.buffer.byte-limit = 33554432 (custom)
2021-10-05 12:30:44,681 [pool-135-thread-1] INFO  server.RaftServerConfigKeys (ConfUtils.java:logGet(44)) - raft.server.log.segment.size.max = 1048576 (custom)
2021-10-05 12:30:44,691 [pool-135-thread-1] INFO  server.RaftServerConfigKeys (ConfUtils.java:logGet(44)) - raft.server.log.segment.cache.num.max = 2 (custom)
2021-10-05 12:30:44,691 [pool-135-thread-1] INFO  server.RaftServerConfigKeys (ConfUtils.java:logGet(44)) - raft.server.log.segment.cache.size.max = 200MB (=209715200) (default)
2021-10-05 12:30:44,691 [pool-135-thread-1] INFO  segmented.SegmentedRaftLogWorker (SegmentedRaftLogWorker.java:<init>(182)) - new 68bb5eda-bd33-4c69-8072-1d50c624965b@group-FE0EE74E4C2E-SegmentedRaftLogWorker for RaftStorageImpl:Storage Directory /home/runner/work/ozone/ozone/hadoop-ozone/integration-test/target/test-dir/MiniOzoneClusterImpl-37ac24e5-edd8-4d0c-a990-01310c91afa3/datanode-2/data/ratis/a82d5243-1bde-479a-8100-fe0ee74e4c2e
2021-10-05 12:30:44,691 [pool-135-thread-1] INFO  server.RaftServerConfigKeys (ConfUtils.java:logGet(44)) - raft.server.log.queue.byte-limit = 2147483647 (custom)
2021-10-05 12:30:44,691 [pool-135-thread-1] INFO  server.RaftServerConfigKeys (ConfUtils.java:logGet(44)) - raft.server.log.queue.element-limit = 1024 (custom)
2021-10-05 12:30:44,691 [pool-135-thread-1] INFO  server.RaftServerConfigKeys (ConfUtils.java:logGet(44)) - raft.server.log.segment.size.max = 1048576 (custom)
2021-10-05 12:30:44,691 [pool-135-thread-1] INFO  server.RaftServerConfigKeys (ConfUtils.java:logGet(44)) - raft.server.log.preallocated.size = 16384 (custom)
2021-10-05 12:30:44,692 [pool-135-thread-1] INFO  server.RaftServerConfigKeys (ConfUtils.java:logGet(44)) - raft.server.log.force.sync.num = 128 (default)
2021-10-05 12:30:44,692 [pool-135-thread-1] INFO  server.RaftServerConfigKeys (ConfUtils.java:logGet(44)) - raft.server.log.statemachine.data.sync = true (default)
2021-10-05 12:30:44,692 [pool-135-thread-1] INFO  server.RaftServerConfigKeys (ConfUtils.java:logGet(44)) - raft.server.log.statemachine.data.sync.timeout = 10s (default)
2021-10-05 12:30:44,692 [pool-135-thread-1] INFO  server.RaftServerConfigKeys (ConfUtils.java:logGet(44)) - raft.server.log.statemachine.data.sync.timeout.retry = -1 (default)
2021-10-05 12:30:44,693 [pool-135-thread-1] INFO  server.RaftServerConfigKeys (ConfUtils.java:logGet(44)) - raft.server.log.write.buffer.size = 1048576 (custom)
2021-10-05 12:30:44,693 [pool-135-thread-1] INFO  server.RaftServerConfigKeys (ConfUtils.java:logGet(44)) - raft.server.log.statemachine.data.caching.enabled = true (custom)
2021-10-05 12:30:44,694 [pool-135-thread-1] INFO  segmented.SegmentedRaftLogWorker (SegmentedRaftLogWorker.java:lambda$new$0(133)) - 68bb5eda-bd33-4c69-8072-1d50c624965b@group-FE0EE74E4C2E-SegmentedRaftLogWorker: flushIndex: setUnconditionally 0 -> -1
2021-10-05 12:30:44,694 [pool-135-thread-1] INFO  segmented.SegmentedRaftLogWorker (SegmentedRaftLogWorker.java:lambda$new$0(133)) - 68bb5eda-bd33-4c69-8072-1d50c624965b@group-FE0EE74E4C2E-SegmentedRaftLogWorker: safeCacheEvictIndex: setUnconditionally 0 -> -1
2021-10-05 12:30:44,694 [pool-135-thread-1] INFO  server.RaftServerConfigKeys (ConfUtils.java:logGet(44)) - raft.server.snapshot.auto.trigger.enabled = true (custom)
2021-10-05 12:30:44,694 [pool-135-thread-1] INFO  server.RaftServerConfigKeys (ConfUtils.java:logGet(44)) - raft.server.snapshot.auto.trigger.threshold = 10000 (custom)
2021-10-05 12:30:44,694 [pool-135-thread-1] INFO  server.RaftServerConfigKeys (ConfUtils.java:logGet(44)) - raft.server.snapshot.retention.file.num = 5 (custom)
2021-10-05 12:30:44,694 [pool-135-thread-1] INFO  server.RaftServerConfigKeys (ConfUtils.java:logGet(44)) - raft.server.log.purge.upto.snapshot.index = false (default)
2021-10-05 12:30:44,694 [pool-135-thread-1] INFO  server.RaftServerConfigKeys (ConfUtils.java:logGet(44)) - raft.server.retrycache.expirytime = 600000ms (custom)
2021-10-05 12:30:44,694 [pool-135-thread-1] INFO  server.RaftServerConfigKeys (ConfUtils.java:logGet(44)) - raft.server.retrycache.statistics.expirytime = 100μs (default)
2021-10-05 12:30:44,695 [pool-135-thread-1] INFO  server.RaftServer$Division (RaftServerImpl.java:start(296)) - 68bb5eda-bd33-4c69-8072-1d50c624965b@group-FE0EE74E4C2E: start as a follower, conf=-1: [2bb368a1-0b98-4d80-88d0-01e7dc221ebc|rpc:10.1.0.10:46877|dataStream:|priority:1, d71bc4e1-8510-48b6-bd5d-14418744517b|rpc:10.1.0.10:34433|dataStream:|priority:0, 68bb5eda-bd33-4c69-8072-1d50c624965b|rpc:10.1.0.10:36961|dataStream:|priority:0], old=null
2021-10-05 12:30:44,695 [pool-135-thread-1] INFO  server.RaftServer$Division (RaftServerImpl.java:setRole(285)) - 68bb5eda-bd33-4c69-8072-1d50c624965b@group-FE0EE74E4C2E: changes role from      null to FOLLOWER at term 0 for startAsFollower
2021-10-05 12:30:44,695 [pool-135-thread-1] INFO  impl.RoleInfo (RoleInfo.java:updateAndGet(130)) - 68bb5eda-bd33-4c69-8072-1d50c624965b: start 68bb5eda-bd33-4c69-8072-1d50c624965b@group-FE0EE74E4C2E-FollowerState
2021-10-05 12:30:44,696 [pool-135-thread-1] INFO  util.JmxRegister (JmxRegister.java:tryRegister(44)) - Successfully registered JMX Bean with object name Ratis:service=RaftServer,group=group-FE0EE74E4C2E,id=68bb5eda-bd33-4c69-8072-1d50c624965b
2021-10-05 12:30:44,746 [grpc-default-executor-4] INFO  server.RaftServer (RaftServerProxy.java:addNew(95)) - d71bc4e1-8510-48b6-bd5d-14418744517b: addNew group-FE0EE74E4C2E:[2bb368a1-0b98-4d80-88d0-01e7dc221ebc|rpc:10.1.0.10:46877|dataStream:|priority:1, d71bc4e1-8510-48b6-bd5d-14418744517b|rpc:10.1.0.10:34433|dataStream:|priority:0, 68bb5eda-bd33-4c69-8072-1d50c624965b|rpc:10.1.0.10:36961|dataStream:|priority:0] returns group-FE0EE74E4C2E:java.util.concurrent.CompletableFuture@3fcb7363[Not completed]
2021-10-05 12:30:44,747 [pool-116-thread-1] INFO  server.RaftServer$Division (RaftServerImpl.java:<init>(181)) - d71bc4e1-8510-48b6-bd5d-14418744517b: new RaftServerImpl for group-FE0EE74E4C2E:[2bb368a1-0b98-4d80-88d0-01e7dc221ebc|rpc:10.1.0.10:46877|dataStream:|priority:1, d71bc4e1-8510-48b6-bd5d-14418744517b|rpc:10.1.0.10:34433|dataStream:|priority:0, 68bb5eda-bd33-4c69-8072-1d50c624965b|rpc:10.1.0.10:36961|dataStream:|priority:0] with ContainerStateMachine:uninitialized
2021-10-05 12:30:44,748 [pool-116-thread-1] INFO  server.RaftServerConfigKeys (ConfUtils.java:logGet(44)) - raft.server.rpc.timeout.min = 5s (custom)
2021-10-05 12:30:44,748 [pool-116-thread-1] INFO  server.RaftServerConfigKeys (ConfUtils.java:logGet(44)) - raft.server.rpc.timeout.max = 5200ms (custom)
2021-10-05 12:30:44,748 [pool-116-thread-1] INFO  server.RaftServerConfigKeys (ConfUtils.java:logGet(44)) - raft.server.rpc.sleep.time = 25ms (default)
2021-10-05 12:30:44,749 [pool-116-thread-1] INFO  server.RaftServerConfigKeys (ConfUtils.java:logGet(44)) - raft.server.rpc.slowness.timeout = 300s (custom)
2021-10-05 12:30:44,749 [pool-116-thread-1] INFO  server.RaftServerConfigKeys (ConfUtils.java:logGet(44)) - raft.server.leaderelection.leader.step-down.wait-time = 10s (default)
2021-10-05 12:30:44,749 [pool-116-thread-1] INFO  server.RaftServerConfigKeys (ConfUtils.java:logGet(44)) - raft.server.sleep.deviation.threshold = 300ms (default)
2021-10-05 12:30:44,749 [pool-116-thread-1] INFO  server.RaftServerConfigKeys (ConfUtils.java:logGet(44)) - raft.server.log.appender.install.snapshot.enabled = false (custom)
2021-10-05 12:30:44,749 [pool-116-thread-1] INFO  server.RaftServer$Division (ServerState.java:<init>(105)) - d71bc4e1-8510-48b6-bd5d-14418744517b@group-FE0EE74E4C2E: ConfigurationManager, init=-1: [2bb368a1-0b98-4d80-88d0-01e7dc221ebc|rpc:10.1.0.10:46877|dataStream:|priority:1, d71bc4e1-8510-48b6-bd5d-14418744517b|rpc:10.1.0.10:34433|dataStream:|priority:0, 68bb5eda-bd33-4c69-8072-1d50c624965b|rpc:10.1.0.10:36961|dataStream:|priority:0], old=null, confs=<EMPTY_MAP>
2021-10-05 12:30:44,749 [pool-116-thread-1] INFO  server.RaftServerConfigKeys (ConfUtils.java:logGet(44)) - raft.server.storage.dir = [/home/runner/work/ozone/ozone/hadoop-ozone/integration-test/target/test-dir/MiniOzoneClusterImpl-37ac24e5-edd8-4d0c-a990-01310c91afa3/datanode-1/data/ratis] (custom)
2021-10-05 12:30:44,749 [pool-116-thread-1] INFO  server.RaftServerConfigKeys (ConfUtils.java:logGet(44)) - raft.server.log.corruption.policy = EXCEPTION (default)
2021-10-05 12:30:44,749 [pool-116-thread-1] INFO  server.RaftServerConfigKeys (ConfUtils.java:logGet(44)) - raft.server.storage.free-space.min = 0MB (=0) (default)
2021-10-05 12:30:44,750 [pool-116-thread-1] INFO  storage.RaftStorageDirectory (RaftStorageDirectoryImpl.java:analyzeStorage(135)) - The storage directory /home/runner/work/ozone/ozone/hadoop-ozone/integration-test/target/test-dir/MiniOzoneClusterImpl-37ac24e5-edd8-4d0c-a990-01310c91afa3/datanode-1/data/ratis/a82d5243-1bde-479a-8100-fe0ee74e4c2e does not exist. Creating ...
2021-10-05 12:30:44,751 [pool-116-thread-1] INFO  storage.RaftStorageDirectory (RaftStorageDirectoryImpl.java:tryLock(230)) - Lock on /home/runner/work/ozone/ozone/hadoop-ozone/integration-test/target/test-dir/MiniOzoneClusterImpl-37ac24e5-edd8-4d0c-a990-01310c91afa3/datanode-1/data/ratis/a82d5243-1bde-479a-8100-fe0ee74e4c2e/in_use.lock acquired by nodename 8782@fv-az270-324
2021-10-05 12:30:44,752 [pool-116-thread-1] INFO  storage.RaftStorage (RaftStorageImpl.java:format(89)) - Storage directory /home/runner/work/ozone/ozone/hadoop-ozone/integration-test/target/test-dir/MiniOzoneClusterImpl-37ac24e5-edd8-4d0c-a990-01310c91afa3/datanode-1/data/ratis/a82d5243-1bde-479a-8100-fe0ee74e4c2e has been successfully formatted.
2021-10-05 12:30:44,753 [pool-116-thread-1] INFO  ratis.ContainerStateMachine (ContainerStateMachine.java:loadSnapshot(224)) - group-FE0EE74E4C2E: The snapshot info is null. Setting the last applied indexto:(t:0, i:~)
2021-10-05 12:30:44,754 [pool-116-thread-1] INFO  server.RaftServerConfigKeys (ConfUtils.java:logGet(44)) - raft.server.notification.no-leader.timeout = 300s (custom)
2021-10-05 12:30:44,754 [pool-116-thread-1] INFO  server.RaftServerConfigKeys (ConfUtils.java:logGet(44)) - raft.server.log.use.memory = false (default)
2021-10-05 12:30:44,754 [pool-116-thread-1] INFO  server.RaftServerConfigKeys (ConfUtils.java:logGet(44)) - raft.server.log.purge.gap = 1000000 (custom)
2021-10-05 12:30:44,755 [pool-116-thread-1] INFO  server.RaftServerConfigKeys (ConfUtils.java:logGet(44)) - raft.server.log.appender.buffer.byte-limit = 33554432 (custom)
2021-10-05 12:30:44,759 [pool-116-thread-1] INFO  server.RaftServerConfigKeys (ConfUtils.java:logGet(44)) - raft.server.log.segment.size.max = 1048576 (custom)
2021-10-05 12:30:44,767 [pool-116-thread-1] INFO  server.RaftServerConfigKeys (ConfUtils.java:logGet(44)) - raft.server.log.segment.cache.num.max = 2 (custom)
2021-10-05 12:30:44,767 [pool-116-thread-1] INFO  server.RaftServerConfigKeys (ConfUtils.java:logGet(44)) - raft.server.log.segment.cache.size.max = 200MB (=209715200) (default)
2021-10-05 12:30:44,767 [pool-116-thread-1] INFO  segmented.SegmentedRaftLogWorker (SegmentedRaftLogWorker.java:<init>(182)) - new d71bc4e1-8510-48b6-bd5d-14418744517b@group-FE0EE74E4C2E-SegmentedRaftLogWorker for RaftStorageImpl:Storage Directory /home/runner/work/ozone/ozone/hadoop-ozone/integration-test/target/test-dir/MiniOzoneClusterImpl-37ac24e5-edd8-4d0c-a990-01310c91afa3/datanode-1/data/ratis/a82d5243-1bde-479a-8100-fe0ee74e4c2e
2021-10-05 12:30:44,768 [pool-116-thread-1] INFO  server.RaftServerConfigKeys (ConfUtils.java:logGet(44)) - raft.server.log.queue.byte-limit = 2147483647 (custom)
2021-10-05 12:30:44,768 [pool-116-thread-1] INFO  server.RaftServerConfigKeys (ConfUtils.java:logGet(44)) - raft.server.log.queue.element-limit = 1024 (custom)
2021-10-05 12:30:44,768 [pool-116-thread-1] INFO  server.RaftServerConfigKeys (ConfUtils.java:logGet(44)) - raft.server.log.segment.size.max = 1048576 (custom)
2021-10-05 12:30:44,768 [pool-116-thread-1] INFO  server.RaftServerConfigKeys (ConfUtils.java:logGet(44)) - raft.server.log.preallocated.size = 16384 (custom)
2021-10-05 12:30:44,768 [pool-116-thread-1] INFO  server.RaftServerConfigKeys (ConfUtils.java:logGet(44)) - raft.server.log.force.sync.num = 128 (default)
2021-10-05 12:30:44,768 [pool-116-thread-1] INFO  server.RaftServerConfigKeys (ConfUtils.java:logGet(44)) - raft.server.log.statemachine.data.sync = true (default)
2021-10-05 12:30:44,768 [pool-116-thread-1] INFO  server.RaftServerConfigKeys (ConfUtils.java:logGet(44)) - raft.server.log.statemachine.data.sync.timeout = 10s (default)
2021-10-05 12:30:44,768 [pool-116-thread-1] INFO  server.RaftServerConfigKeys (ConfUtils.java:logGet(44)) - raft.server.log.statemachine.data.sync.timeout.retry = -1 (default)
2021-10-05 12:30:44,769 [pool-116-thread-1] INFO  server.RaftServerConfigKeys (ConfUtils.java:logGet(44)) - raft.server.log.write.buffer.size = 1048576 (custom)
2021-10-05 12:30:44,770 [pool-116-thread-1] INFO  server.RaftServerConfigKeys (ConfUtils.java:logGet(44)) - raft.server.log.statemachine.data.caching.enabled = true (custom)
2021-10-05 12:30:44,770 [pool-116-thread-1] INFO  segmented.SegmentedRaftLogWorker (SegmentedRaftLogWorker.java:lambda$new$0(133)) - d71bc4e1-8510-48b6-bd5d-14418744517b@group-FE0EE74E4C2E-SegmentedRaftLogWorker: flushIndex: setUnconditionally 0 -> -1
2021-10-05 12:30:44,770 [pool-116-thread-1] INFO  segmented.SegmentedRaftLogWorker (SegmentedRaftLogWorker.java:lambda$new$0(133)) - d71bc4e1-8510-48b6-bd5d-14418744517b@group-FE0EE74E4C2E-SegmentedRaftLogWorker: safeCacheEvictIndex: setUnconditionally 0 -> -1
2021-10-05 12:30:44,770 [pool-116-thread-1] INFO  server.RaftServerConfigKeys (ConfUtils.java:logGet(44)) - raft.server.snapshot.auto.trigger.enabled = true (custom)
2021-10-05 12:30:44,770 [pool-116-thread-1] INFO  server.RaftServerConfigKeys (ConfUtils.java:logGet(44)) - raft.server.snapshot.auto.trigger.threshold = 10000 (custom)
2021-10-05 12:30:44,770 [pool-116-thread-1] INFO  server.RaftServerConfigKeys (ConfUtils.java:logGet(44)) - raft.server.snapshot.retention.file.num = 5 (custom)
2021-10-05 12:30:44,770 [pool-116-thread-1] INFO  server.RaftServerConfigKeys (ConfUtils.java:logGet(44)) - raft.server.log.purge.upto.snapshot.index = false (default)
2021-10-05 12:30:44,770 [pool-116-thread-1] INFO  server.RaftServerConfigKeys (ConfUtils.java:logGet(44)) - raft.server.retrycache.expirytime = 600000ms (custom)
2021-10-05 12:30:44,770 [pool-116-thread-1] INFO  server.RaftServerConfigKeys (ConfUtils.java:logGet(44)) - raft.server.retrycache.statistics.expirytime = 100μs (default)
2021-10-05 12:30:44,772 [pool-116-thread-1] INFO  server.RaftServer$Division (RaftServerImpl.java:start(296)) - d71bc4e1-8510-48b6-bd5d-14418744517b@group-FE0EE74E4C2E: start as a follower, conf=-1: [2bb368a1-0b98-4d80-88d0-01e7dc221ebc|rpc:10.1.0.10:46877|dataStream:|priority:1, d71bc4e1-8510-48b6-bd5d-14418744517b|rpc:10.1.0.10:34433|dataStream:|priority:0, 68bb5eda-bd33-4c69-8072-1d50c624965b|rpc:10.1.0.10:36961|dataStream:|priority:0], old=null
2021-10-05 12:30:44,772 [pool-116-thread-1] INFO  server.RaftServer$Division (RaftServerImpl.java:setRole(285)) - d71bc4e1-8510-48b6-bd5d-14418744517b@group-FE0EE74E4C2E: changes role from      null to FOLLOWER at term 0 for startAsFollower
2021-10-05 12:30:44,772 [pool-116-thread-1] INFO  impl.RoleInfo (RoleInfo.java:updateAndGet(130)) - d71bc4e1-8510-48b6-bd5d-14418744517b: start d71bc4e1-8510-48b6-bd5d-14418744517b@group-FE0EE74E4C2E-FollowerState
2021-10-05 12:30:44,775 [pool-116-thread-1] INFO  util.JmxRegister (JmxRegister.java:tryRegister(44)) - Successfully registered JMX Bean with object name Ratis:service=RaftServer,group=group-FE0EE74E4C2E,id=d71bc4e1-8510-48b6-bd5d-14418744517b
2021-10-05 12:30:44,784 [Command processor thread] INFO  commandhandler.CreatePipelineCommandHandler (CreatePipelineCommandHandler.java:handle(106)) - Created Pipeline RATIS THREE PipelineID=a82d5243-1bde-479a-8100-fe0ee74e4c2e.
2021-10-05 12:30:44,785 [Command processor thread] INFO  server.RaftServer (RaftServerProxy.java:addNew(95)) - 2bb368a1-0b98-4d80-88d0-01e7dc221ebc: addNew group-6CEC28450F41:[2bb368a1-0b98-4d80-88d0-01e7dc221ebc|rpc:10.1.0.10:46877|priority:0, d71bc4e1-8510-48b6-bd5d-14418744517b|rpc:10.1.0.10:34433|priority:0, 68bb5eda-bd33-4c69-8072-1d50c624965b|rpc:10.1.0.10:36961|priority:1] returns group-6CEC28450F41:java.util.concurrent.CompletableFuture@464f281d[Not completed]
2021-10-05 12:30:44,786 [pool-97-thread-1] INFO  server.RaftServer$Division (RaftServerImpl.java:<init>(181)) - 2bb368a1-0b98-4d80-88d0-01e7dc221ebc: new RaftServerImpl for group-6CEC28450F41:[2bb368a1-0b98-4d80-88d0-01e7dc221ebc|rpc:10.1.0.10:46877|priority:0, d71bc4e1-8510-48b6-bd5d-14418744517b|rpc:10.1.0.10:34433|priority:0, 68bb5eda-bd33-4c69-8072-1d50c624965b|rpc:10.1.0.10:36961|priority:1] with ContainerStateMachine:uninitialized
2021-10-05 12:30:44,786 [pool-97-thread-1] INFO  server.RaftServerConfigKeys (ConfUtils.java:logGet(44)) - raft.server.rpc.timeout.min = 5s (custom)
2021-10-05 12:30:44,786 [pool-97-thread-1] INFO  server.RaftServerConfigKeys (ConfUtils.java:logGet(44)) - raft.server.rpc.timeout.max = 5200ms (custom)
2021-10-05 12:30:44,786 [pool-97-thread-1] INFO  server.RaftServerConfigKeys (ConfUtils.java:logGet(44)) - raft.server.rpc.sleep.time = 25ms (default)
2021-10-05 12:30:44,786 [pool-97-thread-1] INFO  server.RaftServerConfigKeys (ConfUtils.java:logGet(44)) - raft.server.rpc.slowness.timeout = 300s (custom)
2021-10-05 12:30:44,786 [pool-97-thread-1] INFO  server.RaftServerConfigKeys (ConfUtils.java:logGet(44)) - raft.server.leaderelection.leader.step-down.wait-time = 10s (default)
2021-10-05 12:30:44,786 [pool-97-thread-1] INFO  server.RaftServerConfigKeys (ConfUtils.java:logGet(44)) - raft.server.sleep.deviation.threshold = 300ms (default)
2021-10-05 12:30:44,786 [pool-97-thread-1] INFO  server.RaftServerConfigKeys (ConfUtils.java:logGet(44)) - raft.server.log.appender.install.snapshot.enabled = false (custom)
2021-10-05 12:30:44,786 [pool-97-thread-1] INFO  server.RaftServer$Division (ServerState.java:<init>(105)) - 2bb368a1-0b98-4d80-88d0-01e7dc221ebc@group-6CEC28450F41: ConfigurationManager, init=-1: [2bb368a1-0b98-4d80-88d0-01e7dc221ebc|rpc:10.1.0.10:46877|priority:0, d71bc4e1-8510-48b6-bd5d-14418744517b|rpc:10.1.0.10:34433|priority:0, 68bb5eda-bd33-4c69-8072-1d50c624965b|rpc:10.1.0.10:36961|priority:1], old=null, confs=<EMPTY_MAP>
2021-10-05 12:30:44,786 [pool-97-thread-1] INFO  server.RaftServerConfigKeys (ConfUtils.java:logGet(44)) - raft.server.storage.dir = [/home/runner/work/ozone/ozone/hadoop-ozone/integration-test/target/test-dir/MiniOzoneClusterImpl-37ac24e5-edd8-4d0c-a990-01310c91afa3/datanode-0/data/ratis] (custom)
2021-10-05 12:30:44,786 [pool-97-thread-1] INFO  server.RaftServerConfigKeys (ConfUtils.java:logGet(44)) - raft.server.log.corruption.policy = EXCEPTION (default)
2021-10-05 12:30:44,786 [pool-97-thread-1] INFO  server.RaftServerConfigKeys (ConfUtils.java:logGet(44)) - raft.server.storage.free-space.min = 0MB (=0) (default)
2021-10-05 12:30:44,787 [pool-97-thread-1] INFO  storage.RaftStorageDirectory (RaftStorageDirectoryImpl.java:analyzeStorage(135)) - The storage directory /home/runner/work/ozone/ozone/hadoop-ozone/integration-test/target/test-dir/MiniOzoneClusterImpl-37ac24e5-edd8-4d0c-a990-01310c91afa3/datanode-0/data/ratis/ac70e5ca-e02c-45e9-99a0-6cec28450f41 does not exist. Creating ...
2021-10-05 12:30:44,788 [pool-97-thread-1] INFO  storage.RaftStorageDirectory (RaftStorageDirectoryImpl.java:tryLock(230)) - Lock on /home/runner/work/ozone/ozone/hadoop-ozone/integration-test/target/test-dir/MiniOzoneClusterImpl-37ac24e5-edd8-4d0c-a990-01310c91afa3/datanode-0/data/ratis/ac70e5ca-e02c-45e9-99a0-6cec28450f41/in_use.lock acquired by nodename 8782@fv-az270-324
2021-10-05 12:30:44,789 [pool-97-thread-1] INFO  storage.RaftStorage (RaftStorageImpl.java:format(89)) - Storage directory /home/runner/work/ozone/ozone/hadoop-ozone/integration-test/target/test-dir/MiniOzoneClusterImpl-37ac24e5-edd8-4d0c-a990-01310c91afa3/datanode-0/data/ratis/ac70e5ca-e02c-45e9-99a0-6cec28450f41 has been successfully formatted.
2021-10-05 12:30:44,790 [Datanode State Machine Thread - 0] WARN  statemachine.StateContext (StateContext.java:execute(621)) - No available thread in pool for past 1 seconds.
2021-10-05 12:30:44,791 [pool-97-thread-1] INFO  ratis.ContainerStateMachine (ContainerStateMachine.java:loadSnapshot(224)) - group-6CEC28450F41: The snapshot info is null. Setting the last applied indexto:(t:0, i:~)
2021-10-05 12:30:44,792 [pool-97-thread-1] INFO  server.RaftServerConfigKeys (ConfUtils.java:logGet(44)) - raft.server.notification.no-leader.timeout = 300s (custom)
2021-10-05 12:30:44,792 [pool-97-thread-1] INFO  server.RaftServerConfigKeys (ConfUtils.java:logGet(44)) - raft.server.log.use.memory = false (default)
2021-10-05 12:30:44,793 [EventQueue-OpenPipelineForHealthyPipelineSafeModeRule] INFO  safemode.SCMSafeModeManager (HealthyPipelineSafeModeRule.java:process(124)) - SCM in safe mode. Healthy pipelines reported count is 0, required healthy pipeline reported count is 1
2021-10-05 12:30:44,799 [pool-97-thread-1] INFO  server.RaftServerConfigKeys (ConfUtils.java:logGet(44)) - raft.server.log.purge.gap = 1000000 (custom)
2021-10-05 12:30:44,799 [pool-97-thread-1] INFO  server.RaftServerConfigKeys (ConfUtils.java:logGet(44)) - raft.server.log.appender.buffer.byte-limit = 33554432 (custom)
2021-10-05 12:30:44,800 [pool-97-thread-1] INFO  server.RaftServerConfigKeys (ConfUtils.java:logGet(44)) - raft.server.log.segment.size.max = 1048576 (custom)
2021-10-05 12:30:44,800 [pool-97-thread-1] INFO  server.RaftServerConfigKeys (ConfUtils.java:logGet(44)) - raft.server.log.segment.cache.num.max = 2 (custom)
2021-10-05 12:30:44,800 [pool-97-thread-1] INFO  server.RaftServerConfigKeys (ConfUtils.java:logGet(44)) - raft.server.log.segment.cache.size.max = 200MB (=209715200) (default)
2021-10-05 12:30:44,800 [pool-97-thread-1] INFO  segmented.SegmentedRaftLogWorker (SegmentedRaftLogWorker.java:<init>(182)) - new 2bb368a1-0b98-4d80-88d0-01e7dc221ebc@group-6CEC28450F41-SegmentedRaftLogWorker for RaftStorageImpl:Storage Directory /home/runner/work/ozone/ozone/hadoop-ozone/integration-test/target/test-dir/MiniOzoneClusterImpl-37ac24e5-edd8-4d0c-a990-01310c91afa3/datanode-0/data/ratis/ac70e5ca-e02c-45e9-99a0-6cec28450f41
2021-10-05 12:30:44,800 [pool-97-thread-1] INFO  server.RaftServerConfigKeys (ConfUtils.java:logGet(44)) - raft.server.log.queue.byte-limit = 2147483647 (custom)
2021-10-05 12:30:44,800 [pool-97-thread-1] INFO  server.RaftServerConfigKeys (ConfUtils.java:logGet(44)) - raft.server.log.queue.element-limit = 1024 (custom)
2021-10-05 12:30:44,800 [pool-97-thread-1] INFO  server.RaftServerConfigKeys (ConfUtils.java:logGet(44)) - raft.server.log.segment.size.max = 1048576 (custom)
2021-10-05 12:30:44,800 [pool-97-thread-1] INFO  server.RaftServerConfigKeys (ConfUtils.java:logGet(44)) - raft.server.log.preallocated.size = 16384 (custom)
2021-10-05 12:30:44,801 [pool-97-thread-1] INFO  server.RaftServerConfigKeys (ConfUtils.java:logGet(44)) - raft.server.log.force.sync.num = 128 (default)
2021-10-05 12:30:44,801 [pool-97-thread-1] INFO  server.RaftServerConfigKeys (ConfUtils.java:logGet(44)) - raft.server.log.statemachine.data.sync = true (default)
2021-10-05 12:30:44,801 [pool-97-thread-1] INFO  server.RaftServerConfigKeys (ConfUtils.java:logGet(44)) - raft.server.log.statemachine.data.sync.timeout = 10s (default)
2021-10-05 12:30:44,801 [pool-97-thread-1] INFO  server.RaftServerConfigKeys (ConfUtils.java:logGet(44)) - raft.server.log.statemachine.data.sync.timeout.retry = -1 (default)
2021-10-05 12:30:44,801 [pool-97-thread-1] INFO  server.RaftServerConfigKeys (ConfUtils.java:logGet(44)) - raft.server.log.write.buffer.size = 1048576 (custom)
2021-10-05 12:30:44,802 [pool-97-thread-1] INFO  server.RaftServerConfigKeys (ConfUtils.java:logGet(44)) - raft.server.log.statemachine.data.caching.enabled = true (custom)
2021-10-05 12:30:44,803 [pool-97-thread-1] INFO  segmented.SegmentedRaftLogWorker (SegmentedRaftLogWorker.java:lambda$new$0(133)) - 2bb368a1-0b98-4d80-88d0-01e7dc221ebc@group-6CEC28450F41-SegmentedRaftLogWorker: flushIndex: setUnconditionally 0 -> -1
2021-10-05 12:30:44,803 [pool-97-thread-1] INFO  segmented.SegmentedRaftLogWorker (SegmentedRaftLogWorker.java:lambda$new$0(133)) - 2bb368a1-0b98-4d80-88d0-01e7dc221ebc@group-6CEC28450F41-SegmentedRaftLogWorker: safeCacheEvictIndex: setUnconditionally 0 -> -1
2021-10-05 12:30:44,806 [pool-97-thread-1] INFO  server.RaftServerConfigKeys (ConfUtils.java:logGet(44)) - raft.server.snapshot.auto.trigger.enabled = true (custom)
2021-10-05 12:30:44,806 [pool-97-thread-1] INFO  server.RaftServerConfigKeys (ConfUtils.java:logGet(44)) - raft.server.snapshot.auto.trigger.threshold = 10000 (custom)
2021-10-05 12:30:44,807 [pool-97-thread-1] INFO  server.RaftServerConfigKeys (ConfUtils.java:logGet(44)) - raft.server.snapshot.retention.file.num = 5 (custom)
2021-10-05 12:30:44,807 [pool-97-thread-1] INFO  server.RaftServerConfigKeys (ConfUtils.java:logGet(44)) - raft.server.log.purge.upto.snapshot.index = false (default)
2021-10-05 12:30:44,807 [pool-97-thread-1] INFO  server.RaftServerConfigKeys (ConfUtils.java:logGet(44)) - raft.server.retrycache.expirytime = 600000ms (custom)
2021-10-05 12:30:44,807 [pool-97-thread-1] INFO  server.RaftServerConfigKeys (ConfUtils.java:logGet(44)) - raft.server.retrycache.statistics.expirytime = 100μs (default)
2021-10-05 12:30:44,808 [pool-97-thread-1] INFO  server.RaftServer$Division (RaftServerImpl.java:start(296)) - 2bb368a1-0b98-4d80-88d0-01e7dc221ebc@group-6CEC28450F41: start as a follower, conf=-1: [2bb368a1-0b98-4d80-88d0-01e7dc221ebc|rpc:10.1.0.10:46877|priority:0, d71bc4e1-8510-48b6-bd5d-14418744517b|rpc:10.1.0.10:34433|priority:0, 68bb5eda-bd33-4c69-8072-1d50c624965b|rpc:10.1.0.10:36961|priority:1], old=null
2021-10-05 12:30:44,808 [pool-97-thread-1] INFO  server.RaftServer$Division (RaftServerImpl.java:setRole(285)) - 2bb368a1-0b98-4d80-88d0-01e7dc221ebc@group-6CEC28450F41: changes role from      null to FOLLOWER at term 0 for startAsFollower
2021-10-05 12:30:44,808 [pool-97-thread-1] INFO  impl.RoleInfo (RoleInfo.java:updateAndGet(130)) - 2bb368a1-0b98-4d80-88d0-01e7dc221ebc: start 2bb368a1-0b98-4d80-88d0-01e7dc221ebc@group-6CEC28450F41-FollowerState
2021-10-05 12:30:44,808 [pool-97-thread-1] INFO  util.JmxRegister (JmxRegister.java:tryRegister(44)) - Successfully registered JMX Bean with object name Ratis:service=RaftServer,group=group-6CEC28450F41,id=2bb368a1-0b98-4d80-88d0-01e7dc221ebc
2021-10-05 12:30:44,809 [Command processor thread] INFO  ratis.XceiverServerRatis (XceiverServerRatis.java:addGroup(763)) - Created group PipelineID=ac70e5ca-e02c-45e9-99a0-6cec28450f41
2021-10-05 12:30:44,820 [grpc-default-executor-4] INFO  server.RaftServer (RaftServerProxy.java:addNew(95)) - 68bb5eda-bd33-4c69-8072-1d50c624965b: addNew group-6CEC28450F41:[2bb368a1-0b98-4d80-88d0-01e7dc221ebc|rpc:10.1.0.10:46877|dataStream:|priority:0, d71bc4e1-8510-48b6-bd5d-14418744517b|rpc:10.1.0.10:34433|dataStream:|priority:0, 68bb5eda-bd33-4c69-8072-1d50c624965b|rpc:10.1.0.10:36961|dataStream:|priority:1] returns group-6CEC28450F41:java.util.concurrent.CompletableFuture@508fa2b5[Not completed]
2021-10-05 12:30:44,821 [pool-135-thread-1] INFO  server.RaftServer$Division (RaftServerImpl.java:<init>(181)) - 68bb5eda-bd33-4c69-8072-1d50c624965b: new RaftServerImpl for group-6CEC28450F41:[2bb368a1-0b98-4d80-88d0-01e7dc221ebc|rpc:10.1.0.10:46877|dataStream:|priority:0, d71bc4e1-8510-48b6-bd5d-14418744517b|rpc:10.1.0.10:34433|dataStream:|priority:0, 68bb5eda-bd33-4c69-8072-1d50c624965b|rpc:10.1.0.10:36961|dataStream:|priority:1] with ContainerStateMachine:uninitialized
2021-10-05 12:30:44,821 [pool-135-thread-1] INFO  server.RaftServerConfigKeys (ConfUtils.java:logGet(44)) - raft.server.rpc.timeout.min = 5s (custom)
2021-10-05 12:30:44,822 [pool-135-thread-1] INFO  server.RaftServerConfigKeys (ConfUtils.java:logGet(44)) - raft.server.rpc.timeout.max = 5200ms (custom)
2021-10-05 12:30:44,822 [pool-135-thread-1] INFO  server.RaftServerConfigKeys (ConfUtils.java:logGet(44)) - raft.server.rpc.sleep.time = 25ms (default)
2021-10-05 12:30:44,822 [pool-135-thread-1] INFO  server.RaftServerConfigKeys (ConfUtils.java:logGet(44)) - raft.server.rpc.slowness.timeout = 300s (custom)
2021-10-05 12:30:44,822 [pool-135-thread-1] INFO  server.RaftServerConfigKeys (ConfUtils.java:logGet(44)) - raft.server.leaderelection.leader.step-down.wait-time = 10s (default)
2021-10-05 12:30:44,822 [pool-135-thread-1] INFO  server.RaftServerConfigKeys (ConfUtils.java:logGet(44)) - raft.server.sleep.deviation.threshold = 300ms (default)
2021-10-05 12:30:44,822 [pool-135-thread-1] INFO  server.RaftServerConfigKeys (ConfUtils.java:logGet(44)) - raft.server.log.appender.install.snapshot.enabled = false (custom)
2021-10-05 12:30:44,822 [pool-135-thread-1] INFO  server.RaftServer$Division (ServerState.java:<init>(105)) - 68bb5eda-bd33-4c69-8072-1d50c624965b@group-6CEC28450F41: ConfigurationManager, init=-1: [2bb368a1-0b98-4d80-88d0-01e7dc221ebc|rpc:10.1.0.10:46877|dataStream:|priority:0, d71bc4e1-8510-48b6-bd5d-14418744517b|rpc:10.1.0.10:34433|dataStream:|priority:0, 68bb5eda-bd33-4c69-8072-1d50c624965b|rpc:10.1.0.10:36961|dataStream:|priority:1], old=null, confs=<EMPTY_MAP>
2021-10-05 12:30:44,822 [pool-135-thread-1] INFO  server.RaftServerConfigKeys (ConfUtils.java:logGet(44)) - raft.server.storage.dir = [/home/runner/work/ozone/ozone/hadoop-ozone/integration-test/target/test-dir/MiniOzoneClusterImpl-37ac24e5-edd8-4d0c-a990-01310c91afa3/datanode-2/data/ratis] (custom)
2021-10-05 12:30:44,822 [pool-135-thread-1] INFO  server.RaftServerConfigKeys (ConfUtils.java:logGet(44)) - raft.server.log.corruption.policy = EXCEPTION (default)
2021-10-05 12:30:44,822 [pool-135-thread-1] INFO  server.RaftServerConfigKeys (ConfUtils.java:logGet(44)) - raft.server.storage.free-space.min = 0MB (=0) (default)
2021-10-05 12:30:44,822 [pool-135-thread-1] INFO  storage.RaftStorageDirectory (RaftStorageDirectoryImpl.java:analyzeStorage(135)) - The storage directory /home/runner/work/ozone/ozone/hadoop-ozone/integration-test/target/test-dir/MiniOzoneClusterImpl-37ac24e5-edd8-4d0c-a990-01310c91afa3/datanode-2/data/ratis/ac70e5ca-e02c-45e9-99a0-6cec28450f41 does not exist. Creating ...
2021-10-05 12:30:44,824 [pool-135-thread-1] INFO  storage.RaftStorageDirectory (RaftStorageDirectoryImpl.java:tryLock(230)) - Lock on /home/runner/work/ozone/ozone/hadoop-ozone/integration-test/target/test-dir/MiniOzoneClusterImpl-37ac24e5-edd8-4d0c-a990-01310c91afa3/datanode-2/data/ratis/ac70e5ca-e02c-45e9-99a0-6cec28450f41/in_use.lock acquired by nodename 8782@fv-az270-324
2021-10-05 12:30:44,825 [pool-135-thread-1] INFO  storage.RaftStorage (RaftStorageImpl.java:format(89)) - Storage directory /home/runner/work/ozone/ozone/hadoop-ozone/integration-test/target/test-dir/MiniOzoneClusterImpl-37ac24e5-edd8-4d0c-a990-01310c91afa3/datanode-2/data/ratis/ac70e5ca-e02c-45e9-99a0-6cec28450f41 has been successfully formatted.
2021-10-05 12:30:44,826 [Datanode State Machine Thread - 0] WARN  statemachine.StateContext (StateContext.java:execute(621)) - No available thread in pool for past 1 seconds.
2021-10-05 12:30:44,829 [pool-135-thread-1] INFO  ratis.ContainerStateMachine (ContainerStateMachine.java:loadSnapshot(224)) - group-6CEC28450F41: The snapshot info is null. Setting the last applied indexto:(t:0, i:~)
2021-10-05 12:30:44,829 [pool-135-thread-1] INFO  server.RaftServerConfigKeys (ConfUtils.java:logGet(44)) - raft.server.notification.no-leader.timeout = 300s (custom)
2021-10-05 12:30:44,829 [pool-135-thread-1] INFO  server.RaftServerConfigKeys (ConfUtils.java:logGet(44)) - raft.server.log.use.memory = false (default)
2021-10-05 12:30:44,830 [pool-135-thread-1] INFO  server.RaftServerConfigKeys (ConfUtils.java:logGet(44)) - raft.server.log.purge.gap = 1000000 (custom)
2021-10-05 12:30:44,830 [pool-135-thread-1] INFO  server.RaftServerConfigKeys (ConfUtils.java:logGet(44)) - raft.server.log.appender.buffer.byte-limit = 33554432 (custom)
2021-10-05 12:30:44,830 [pool-135-thread-1] INFO  server.RaftServerConfigKeys (ConfUtils.java:logGet(44)) - raft.server.log.segment.size.max = 1048576 (custom)
2021-10-05 12:30:44,830 [pool-135-thread-1] INFO  server.RaftServerConfigKeys (ConfUtils.java:logGet(44)) - raft.server.log.segment.cache.num.max = 2 (custom)
2021-10-05 12:30:44,830 [pool-135-thread-1] INFO  server.RaftServerConfigKeys (ConfUtils.java:logGet(44)) - raft.server.log.segment.cache.size.max = 200MB (=209715200) (default)
2021-10-05 12:30:44,831 [pool-135-thread-1] INFO  segmented.SegmentedRaftLogWorker (SegmentedRaftLogWorker.java:<init>(182)) - new 68bb5eda-bd33-4c69-8072-1d50c624965b@group-6CEC28450F41-SegmentedRaftLogWorker for RaftStorageImpl:Storage Directory /home/runner/work/ozone/ozone/hadoop-ozone/integration-test/target/test-dir/MiniOzoneClusterImpl-37ac24e5-edd8-4d0c-a990-01310c91afa3/datanode-2/data/ratis/ac70e5ca-e02c-45e9-99a0-6cec28450f41
2021-10-05 12:30:44,831 [pool-135-thread-1] INFO  server.RaftServerConfigKeys (ConfUtils.java:logGet(44)) - raft.server.log.queue.byte-limit = 2147483647 (custom)
2021-10-05 12:30:44,831 [pool-135-thread-1] INFO  server.RaftServerConfigKeys (ConfUtils.java:logGet(44)) - raft.server.log.queue.element-limit = 1024 (custom)
2021-10-05 12:30:44,831 [pool-135-thread-1] INFO  server.RaftServerConfigKeys (ConfUtils.java:logGet(44)) - raft.server.log.segment.size.max = 1048576 (custom)
2021-10-05 12:30:44,831 [pool-135-thread-1] INFO  server.RaftServerConfigKeys (ConfUtils.java:logGet(44)) - raft.server.log.preallocated.size = 16384 (custom)
2021-10-05 12:30:44,831 [pool-135-thread-1] INFO  server.RaftServerConfigKeys (ConfUtils.java:logGet(44)) - raft.server.log.force.sync.num = 128 (default)
2021-10-05 12:30:44,831 [pool-135-thread-1] INFO  server.RaftServerConfigKeys (ConfUtils.java:logGet(44)) - raft.server.log.statemachine.data.sync = true (default)
2021-10-05 12:30:44,831 [pool-135-thread-1] INFO  server.RaftServerConfigKeys (ConfUtils.java:logGet(44)) - raft.server.log.statemachine.data.sync.timeout = 10s (default)
2021-10-05 12:30:44,831 [pool-135-thread-1] INFO  server.RaftServerConfigKeys (ConfUtils.java:logGet(44)) - raft.server.log.statemachine.data.sync.timeout.retry = -1 (default)
2021-10-05 12:30:44,832 [pool-135-thread-1] INFO  server.RaftServerConfigKeys (ConfUtils.java:logGet(44)) - raft.server.log.write.buffer.size = 1048576 (custom)
2021-10-05 12:30:44,833 [pool-135-thread-1] INFO  server.RaftServerConfigKeys (ConfUtils.java:logGet(44)) - raft.server.log.statemachine.data.caching.enabled = true (custom)
2021-10-05 12:30:44,833 [pool-135-thread-1] INFO  segmented.SegmentedRaftLogWorker (SegmentedRaftLogWorker.java:lambda$new$0(133)) - 68bb5eda-bd33-4c69-8072-1d50c624965b@group-6CEC28450F41-SegmentedRaftLogWorker: flushIndex: setUnconditionally 0 -> -1
2021-10-05 12:30:44,833 [pool-135-thread-1] INFO  segmented.SegmentedRaftLogWorker (SegmentedRaftLogWorker.java:lambda$new$0(133)) - 68bb5eda-bd33-4c69-8072-1d50c624965b@group-6CEC28450F41-SegmentedRaftLogWorker: safeCacheEvictIndex: setUnconditionally 0 -> -1
2021-10-05 12:30:44,833 [pool-135-thread-1] INFO  server.RaftServerConfigKeys (ConfUtils.java:logGet(44)) - raft.server.snapshot.auto.trigger.enabled = true (custom)
2021-10-05 12:30:44,833 [pool-135-thread-1] INFO  server.RaftServerConfigKeys (ConfUtils.java:logGet(44)) - raft.server.snapshot.auto.trigger.threshold = 10000 (custom)
2021-10-05 12:30:44,834 [pool-135-thread-1] INFO  server.RaftServerConfigKeys (ConfUtils.java:logGet(44)) - raft.server.snapshot.retention.file.num = 5 (custom)
2021-10-05 12:30:44,834 [pool-135-thread-1] INFO  server.RaftServerConfigKeys (ConfUtils.java:logGet(44)) - raft.server.log.purge.upto.snapshot.index = false (default)
2021-10-05 12:30:44,834 [pool-135-thread-1] INFO  server.RaftServerConfigKeys (ConfUtils.java:logGet(44)) - raft.server.retrycache.expirytime = 600000ms (custom)
2021-10-05 12:30:44,834 [pool-135-thread-1] INFO  server.RaftServerConfigKeys (ConfUtils.java:logGet(44)) - raft.server.retrycache.statistics.expirytime = 100μs (default)
2021-10-05 12:30:44,835 [pool-135-thread-1] INFO  server.RaftServer$Division (RaftServerImpl.java:start(296)) - 68bb5eda-bd33-4c69-8072-1d50c624965b@group-6CEC28450F41: start as a follower, conf=-1: [2bb368a1-0b98-4d80-88d0-01e7dc221ebc|rpc:10.1.0.10:46877|dataStream:|priority:0, d71bc4e1-8510-48b6-bd5d-14418744517b|rpc:10.1.0.10:34433|dataStream:|priority:0, 68bb5eda-bd33-4c69-8072-1d50c624965b|rpc:10.1.0.10:36961|dataStream:|priority:1], old=null
2021-10-05 12:30:44,835 [pool-135-thread-1] INFO  server.RaftServer$Division (RaftServerImpl.java:setRole(285)) - 68bb5eda-bd33-4c69-8072-1d50c624965b@group-6CEC28450F41: changes role from      null to FOLLOWER at term 0 for startAsFollower
2021-10-05 12:30:44,835 [pool-135-thread-1] INFO  impl.RoleInfo (RoleInfo.java:updateAndGet(130)) - 68bb5eda-bd33-4c69-8072-1d50c624965b: start 68bb5eda-bd33-4c69-8072-1d50c624965b@group-6CEC28450F41-FollowerState
2021-10-05 12:30:44,835 [pool-135-thread-1] INFO  util.JmxRegister (JmxRegister.java:tryRegister(44)) - Successfully registered JMX Bean with object name Ratis:service=RaftServer,group=group-6CEC28450F41,id=68bb5eda-bd33-4c69-8072-1d50c624965b
2021-10-05 12:30:44,853 [grpc-default-executor-4] INFO  server.RaftServer (RaftServerProxy.java:addNew(95)) - d71bc4e1-8510-48b6-bd5d-14418744517b: addNew group-6CEC28450F41:[2bb368a1-0b98-4d80-88d0-01e7dc221ebc|rpc:10.1.0.10:46877|dataStream:|priority:0, d71bc4e1-8510-48b6-bd5d-14418744517b|rpc:10.1.0.10:34433|dataStream:|priority:0, 68bb5eda-bd33-4c69-8072-1d50c624965b|rpc:10.1.0.10:36961|dataStream:|priority:1] returns group-6CEC28450F41:java.util.concurrent.CompletableFuture@589680b1[Not completed]
2021-10-05 12:30:44,855 [pool-116-thread-1] INFO  server.RaftServer$Division (RaftServerImpl.java:<init>(181)) - d71bc4e1-8510-48b6-bd5d-14418744517b: new RaftServerImpl for group-6CEC28450F41:[2bb368a1-0b98-4d80-88d0-01e7dc221ebc|rpc:10.1.0.10:46877|dataStream:|priority:0, d71bc4e1-8510-48b6-bd5d-14418744517b|rpc:10.1.0.10:34433|dataStream:|priority:0, 68bb5eda-bd33-4c69-8072-1d50c624965b|rpc:10.1.0.10:36961|dataStream:|priority:1] with ContainerStateMachine:uninitialized
2021-10-05 12:30:44,855 [pool-116-thread-1] INFO  server.RaftServerConfigKeys (ConfUtils.java:logGet(44)) - raft.server.rpc.timeout.min = 5s (custom)
2021-10-05 12:30:44,855 [pool-116-thread-1] INFO  server.RaftServerConfigKeys (ConfUtils.java:logGet(44)) - raft.server.rpc.timeout.max = 5200ms (custom)
2021-10-05 12:30:44,855 [pool-116-thread-1] INFO  server.RaftServerConfigKeys (ConfUtils.java:logGet(44)) - raft.server.rpc.sleep.time = 25ms (default)
2021-10-05 12:30:44,855 [pool-116-thread-1] INFO  server.RaftServerConfigKeys (ConfUtils.java:logGet(44)) - raft.server.rpc.slowness.timeout = 300s (custom)
2021-10-05 12:30:44,855 [pool-116-thread-1] INFO  server.RaftServerConfigKeys (ConfUtils.java:logGet(44)) - raft.server.leaderelection.leader.step-down.wait-time = 10s (default)
2021-10-05 12:30:44,855 [pool-116-thread-1] INFO  server.RaftServerConfigKeys (ConfUtils.java:logGet(44)) - raft.server.sleep.deviation.threshold = 300ms (default)
2021-10-05 12:30:44,855 [pool-116-thread-1] INFO  server.RaftServerConfigKeys (ConfUtils.java:logGet(44)) - raft.server.log.appender.install.snapshot.enabled = false (custom)
2021-10-05 12:30:44,855 [pool-116-thread-1] INFO  server.RaftServer$Division (ServerState.java:<init>(105)) - d71bc4e1-8510-48b6-bd5d-14418744517b@group-6CEC28450F41: ConfigurationManager, init=-1: [2bb368a1-0b98-4d80-88d0-01e7dc221ebc|rpc:10.1.0.10:46877|dataStream:|priority:0, d71bc4e1-8510-48b6-bd5d-14418744517b|rpc:10.1.0.10:34433|dataStream:|priority:0, 68bb5eda-bd33-4c69-8072-1d50c624965b|rpc:10.1.0.10:36961|dataStream:|priority:1], old=null, confs=<EMPTY_MAP>
2021-10-05 12:30:44,855 [pool-116-thread-1] INFO  server.RaftServerConfigKeys (ConfUtils.java:logGet(44)) - raft.server.storage.dir = [/home/runner/work/ozone/ozone/hadoop-ozone/integration-test/target/test-dir/MiniOzoneClusterImpl-37ac24e5-edd8-4d0c-a990-01310c91afa3/datanode-1/data/ratis] (custom)
2021-10-05 12:30:44,856 [pool-116-thread-1] INFO  server.RaftServerConfigKeys (ConfUtils.java:logGet(44)) - raft.server.log.corruption.policy = EXCEPTION (default)
2021-10-05 12:30:44,856 [pool-116-thread-1] INFO  server.RaftServerConfigKeys (ConfUtils.java:logGet(44)) - raft.server.storage.free-space.min = 0MB (=0) (default)
2021-10-05 12:30:44,856 [pool-116-thread-1] INFO  storage.RaftStorageDirectory (RaftStorageDirectoryImpl.java:analyzeStorage(135)) - The storage directory /home/runner/work/ozone/ozone/hadoop-ozone/integration-test/target/test-dir/MiniOzoneClusterImpl-37ac24e5-edd8-4d0c-a990-01310c91afa3/datanode-1/data/ratis/ac70e5ca-e02c-45e9-99a0-6cec28450f41 does not exist. Creating ...
2021-10-05 12:30:44,857 [pool-116-thread-1] INFO  storage.RaftStorageDirectory (RaftStorageDirectoryImpl.java:tryLock(230)) - Lock on /home/runner/work/ozone/ozone/hadoop-ozone/integration-test/target/test-dir/MiniOzoneClusterImpl-37ac24e5-edd8-4d0c-a990-01310c91afa3/datanode-1/data/ratis/ac70e5ca-e02c-45e9-99a0-6cec28450f41/in_use.lock acquired by nodename 8782@fv-az270-324
2021-10-05 12:30:44,858 [pool-116-thread-1] INFO  storage.RaftStorage (RaftStorageImpl.java:format(89)) - Storage directory /home/runner/work/ozone/ozone/hadoop-ozone/integration-test/target/test-dir/MiniOzoneClusterImpl-37ac24e5-edd8-4d0c-a990-01310c91afa3/datanode-1/data/ratis/ac70e5ca-e02c-45e9-99a0-6cec28450f41 has been successfully formatted.
2021-10-05 12:30:44,858 [pool-116-thread-1] INFO  ratis.ContainerStateMachine (ContainerStateMachine.java:loadSnapshot(224)) - group-6CEC28450F41: The snapshot info is null. Setting the last applied indexto:(t:0, i:~)
2021-10-05 12:30:44,859 [pool-116-thread-1] INFO  server.RaftServerConfigKeys (ConfUtils.java:logGet(44)) - raft.server.notification.no-leader.timeout = 300s (custom)
2021-10-05 12:30:44,859 [Datanode State Machine Thread - 0] WARN  statemachine.StateContext (StateContext.java:execute(621)) - No available thread in pool for past 1 seconds.
2021-10-05 12:30:44,859 [pool-116-thread-1] INFO  server.RaftServerConfigKeys (ConfUtils.java:logGet(44)) - raft.server.log.use.memory = false (default)
2021-10-05 12:30:44,859 [pool-116-thread-1] INFO  server.RaftServerConfigKeys (ConfUtils.java:logGet(44)) - raft.server.log.purge.gap = 1000000 (custom)
2021-10-05 12:30:44,859 [pool-116-thread-1] INFO  server.RaftServerConfigKeys (ConfUtils.java:logGet(44)) - raft.server.log.appender.buffer.byte-limit = 33554432 (custom)
2021-10-05 12:30:44,863 [pool-116-thread-1] INFO  server.RaftServerConfigKeys (ConfUtils.java:logGet(44)) - raft.server.log.segment.size.max = 1048576 (custom)
2021-10-05 12:30:44,863 [pool-116-thread-1] INFO  server.RaftServerConfigKeys (ConfUtils.java:logGet(44)) - raft.server.log.segment.cache.num.max = 2 (custom)
2021-10-05 12:30:44,863 [pool-116-thread-1] INFO  server.RaftServerConfigKeys (ConfUtils.java:logGet(44)) - raft.server.log.segment.cache.size.max = 200MB (=209715200) (default)
2021-10-05 12:30:44,864 [pool-116-thread-1] INFO  segmented.SegmentedRaftLogWorker (SegmentedRaftLogWorker.java:<init>(182)) - new d71bc4e1-8510-48b6-bd5d-14418744517b@group-6CEC28450F41-SegmentedRaftLogWorker for RaftStorageImpl:Storage Directory /home/runner/work/ozone/ozone/hadoop-ozone/integration-test/target/test-dir/MiniOzoneClusterImpl-37ac24e5-edd8-4d0c-a990-01310c91afa3/datanode-1/data/ratis/ac70e5ca-e02c-45e9-99a0-6cec28450f41
2021-10-05 12:30:44,864 [pool-116-thread-1] INFO  server.RaftServerConfigKeys (ConfUtils.java:logGet(44)) - raft.server.log.queue.byte-limit = 2147483647 (custom)
2021-10-05 12:30:44,864 [pool-116-thread-1] INFO  server.RaftServerConfigKeys (ConfUtils.java:logGet(44)) - raft.server.log.queue.element-limit = 1024 (custom)
2021-10-05 12:30:44,864 [pool-116-thread-1] INFO  server.RaftServerConfigKeys (ConfUtils.java:logGet(44)) - raft.server.log.segment.size.max = 1048576 (custom)
2021-10-05 12:30:44,864 [pool-116-thread-1] INFO  server.RaftServerConfigKeys (ConfUtils.java:logGet(44)) - raft.server.log.preallocated.size = 16384 (custom)
2021-10-05 12:30:44,864 [pool-116-thread-1] INFO  server.RaftServerConfigKeys (ConfUtils.java:logGet(44)) - raft.server.log.force.sync.num = 128 (default)
2021-10-05 12:30:44,864 [pool-116-thread-1] INFO  server.RaftServerConfigKeys (ConfUtils.java:logGet(44)) - raft.server.log.statemachine.data.sync = true (default)
2021-10-05 12:30:44,864 [pool-116-thread-1] INFO  server.RaftServerConfigKeys (ConfUtils.java:logGet(44)) - raft.server.log.statemachine.data.sync.timeout = 10s (default)
2021-10-05 12:30:44,864 [pool-116-thread-1] INFO  server.RaftServerConfigKeys (ConfUtils.java:logGet(44)) - raft.server.log.statemachine.data.sync.timeout.retry = -1 (default)
2021-10-05 12:30:44,865 [pool-116-thread-1] INFO  server.RaftServerConfigKeys (ConfUtils.java:logGet(44)) - raft.server.log.write.buffer.size = 1048576 (custom)
2021-10-05 12:30:44,865 [pool-116-thread-1] INFO  server.RaftServerConfigKeys (ConfUtils.java:logGet(44)) - raft.server.log.statemachine.data.caching.enabled = true (custom)
2021-10-05 12:30:44,866 [pool-116-thread-1] INFO  segmented.SegmentedRaftLogWorker (SegmentedRaftLogWorker.java:lambda$new$0(133)) - d71bc4e1-8510-48b6-bd5d-14418744517b@group-6CEC28450F41-SegmentedRaftLogWorker: flushIndex: setUnconditionally 0 -> -1
2021-10-05 12:30:44,866 [pool-116-thread-1] INFO  segmented.SegmentedRaftLogWorker (SegmentedRaftLogWorker.java:lambda$new$0(133)) - d71bc4e1-8510-48b6-bd5d-14418744517b@group-6CEC28450F41-SegmentedRaftLogWorker: safeCacheEvictIndex: setUnconditionally 0 -> -1
2021-10-05 12:30:44,869 [pool-116-thread-1] INFO  server.RaftServerConfigKeys (ConfUtils.java:logGet(44)) - raft.server.snapshot.auto.trigger.enabled = true (custom)
2021-10-05 12:30:44,870 [pool-116-thread-1] INFO  server.RaftServerConfigKeys (ConfUtils.java:logGet(44)) - raft.server.snapshot.auto.trigger.threshold = 10000 (custom)
2021-10-05 12:30:44,870 [pool-116-thread-1] INFO  server.RaftServerConfigKeys (ConfUtils.java:logGet(44)) - raft.server.snapshot.retention.file.num = 5 (custom)
2021-10-05 12:30:44,870 [pool-116-thread-1] INFO  server.RaftServerConfigKeys (ConfUtils.java:logGet(44)) - raft.server.log.purge.upto.snapshot.index = false (default)
2021-10-05 12:30:44,870 [pool-116-thread-1] INFO  server.RaftServerConfigKeys (ConfUtils.java:logGet(44)) - raft.server.retrycache.expirytime = 600000ms (custom)
2021-10-05 12:30:44,870 [pool-116-thread-1] INFO  server.RaftServerConfigKeys (ConfUtils.java:logGet(44)) - raft.server.retrycache.statistics.expirytime = 100μs (default)
2021-10-05 12:30:44,871 [pool-116-thread-1] INFO  server.RaftServer$Division (RaftServerImpl.java:start(296)) - d71bc4e1-8510-48b6-bd5d-14418744517b@group-6CEC28450F41: start as a follower, conf=-1: [2bb368a1-0b98-4d80-88d0-01e7dc221ebc|rpc:10.1.0.10:46877|dataStream:|priority:0, d71bc4e1-8510-48b6-bd5d-14418744517b|rpc:10.1.0.10:34433|dataStream:|priority:0, 68bb5eda-bd33-4c69-8072-1d50c624965b|rpc:10.1.0.10:36961|dataStream:|priority:1], old=null
2021-10-05 12:30:44,871 [pool-116-thread-1] INFO  server.RaftServer$Division (RaftServerImpl.java:setRole(285)) - d71bc4e1-8510-48b6-bd5d-14418744517b@group-6CEC28450F41: changes role from      null to FOLLOWER at term 0 for startAsFollower
2021-10-05 12:30:44,871 [pool-116-thread-1] INFO  impl.RoleInfo (RoleInfo.java:updateAndGet(130)) - d71bc4e1-8510-48b6-bd5d-14418744517b: start d71bc4e1-8510-48b6-bd5d-14418744517b@group-6CEC28450F41-FollowerState
2021-10-05 12:30:44,872 [pool-116-thread-1] INFO  util.JmxRegister (JmxRegister.java:tryRegister(44)) - Successfully registered JMX Bean with object name Ratis:service=RaftServer,group=group-6CEC28450F41,id=d71bc4e1-8510-48b6-bd5d-14418744517b
2021-10-05 12:30:44,876 [Command processor thread] INFO  commandhandler.CreatePipelineCommandHandler (CreatePipelineCommandHandler.java:handle(106)) - Created Pipeline RATIS THREE PipelineID=ac70e5ca-e02c-45e9-99a0-6cec28450f41.
2021-10-05 12:30:44,888 [Command processor thread] INFO  server.RaftServer (RaftServerProxy.java:addNew(95)) - d71bc4e1-8510-48b6-bd5d-14418744517b: addNew group-3C3686484471:[d71bc4e1-8510-48b6-bd5d-14418744517b|rpc:10.1.0.10:34433|priority:1] returns group-3C3686484471:java.util.concurrent.CompletableFuture@3f32f1a9[Not completed]
2021-10-05 12:30:44,889 [pool-116-thread-1] INFO  server.RaftServer$Division (RaftServerImpl.java:<init>(181)) - d71bc4e1-8510-48b6-bd5d-14418744517b: new RaftServerImpl for group-3C3686484471:[d71bc4e1-8510-48b6-bd5d-14418744517b|rpc:10.1.0.10:34433|priority:1] with ContainerStateMachine:uninitialized
2021-10-05 12:30:44,889 [pool-116-thread-1] INFO  server.RaftServerConfigKeys (ConfUtils.java:logGet(44)) - raft.server.rpc.timeout.min = 5s (custom)
2021-10-05 12:30:44,889 [pool-116-thread-1] INFO  server.RaftServerConfigKeys (ConfUtils.java:logGet(44)) - raft.server.rpc.timeout.max = 5200ms (custom)
2021-10-05 12:30:44,889 [pool-116-thread-1] INFO  server.RaftServerConfigKeys (ConfUtils.java:logGet(44)) - raft.server.rpc.sleep.time = 25ms (default)
2021-10-05 12:30:44,889 [pool-116-thread-1] INFO  server.RaftServerConfigKeys (ConfUtils.java:logGet(44)) - raft.server.rpc.slowness.timeout = 300s (custom)
2021-10-05 12:30:44,889 [pool-116-thread-1] INFO  server.RaftServerConfigKeys (ConfUtils.java:logGet(44)) - raft.server.leaderelection.leader.step-down.wait-time = 10s (default)
2021-10-05 12:30:44,890 [pool-116-thread-1] INFO  server.RaftServerConfigKeys (ConfUtils.java:logGet(44)) - raft.server.sleep.deviation.threshold = 300ms (default)
2021-10-05 12:30:44,890 [pool-116-thread-1] INFO  server.RaftServerConfigKeys (ConfUtils.java:logGet(44)) - raft.server.log.appender.install.snapshot.enabled = false (custom)
2021-10-05 12:30:44,890 [pool-116-thread-1] INFO  server.RaftServer$Division (ServerState.java:<init>(105)) - d71bc4e1-8510-48b6-bd5d-14418744517b@group-3C3686484471: ConfigurationManager, init=-1: [d71bc4e1-8510-48b6-bd5d-14418744517b|rpc:10.1.0.10:34433|priority:1], old=null, confs=<EMPTY_MAP>
2021-10-05 12:30:44,890 [pool-116-thread-1] INFO  server.RaftServerConfigKeys (ConfUtils.java:logGet(44)) - raft.server.storage.dir = [/home/runner/work/ozone/ozone/hadoop-ozone/integration-test/target/test-dir/MiniOzoneClusterImpl-37ac24e5-edd8-4d0c-a990-01310c91afa3/datanode-1/data/ratis] (custom)
2021-10-05 12:30:44,890 [pool-116-thread-1] INFO  server.RaftServerConfigKeys (ConfUtils.java:logGet(44)) - raft.server.log.corruption.policy = EXCEPTION (default)
2021-10-05 12:30:44,890 [pool-116-thread-1] INFO  server.RaftServerConfigKeys (ConfUtils.java:logGet(44)) - raft.server.storage.free-space.min = 0MB (=0) (default)
2021-10-05 12:30:44,890 [pool-116-thread-1] INFO  storage.RaftStorageDirectory (RaftStorageDirectoryImpl.java:analyzeStorage(135)) - The storage directory /home/runner/work/ozone/ozone/hadoop-ozone/integration-test/target/test-dir/MiniOzoneClusterImpl-37ac24e5-edd8-4d0c-a990-01310c91afa3/datanode-1/data/ratis/1c36bc61-91bb-463a-a034-3c3686484471 does not exist. Creating ...
2021-10-05 12:30:44,891 [pool-116-thread-1] INFO  storage.RaftStorageDirectory (RaftStorageDirectoryImpl.java:tryLock(230)) - Lock on /home/runner/work/ozone/ozone/hadoop-ozone/integration-test/target/test-dir/MiniOzoneClusterImpl-37ac24e5-edd8-4d0c-a990-01310c91afa3/datanode-1/data/ratis/1c36bc61-91bb-463a-a034-3c3686484471/in_use.lock acquired by nodename 8782@fv-az270-324
2021-10-05 12:30:44,893 [pool-116-thread-1] INFO  storage.RaftStorage (RaftStorageImpl.java:format(89)) - Storage directory /home/runner/work/ozone/ozone/hadoop-ozone/integration-test/target/test-dir/MiniOzoneClusterImpl-37ac24e5-edd8-4d0c-a990-01310c91afa3/datanode-1/data/ratis/1c36bc61-91bb-463a-a034-3c3686484471 has been successfully formatted.
2021-10-05 12:30:44,894 [pool-116-thread-1] INFO  ratis.ContainerStateMachine (ContainerStateMachine.java:loadSnapshot(224)) - group-3C3686484471: The snapshot info is null. Setting the last applied indexto:(t:0, i:~)
2021-10-05 12:30:44,894 [pool-116-thread-1] INFO  server.RaftServerConfigKeys (ConfUtils.java:logGet(44)) - raft.server.notification.no-leader.timeout = 300s (custom)
2021-10-05 12:30:44,894 [pool-116-thread-1] INFO  server.RaftServerConfigKeys (ConfUtils.java:logGet(44)) - raft.server.log.use.memory = false (default)
2021-10-05 12:30:44,895 [pool-116-thread-1] INFO  server.RaftServerConfigKeys (ConfUtils.java:logGet(44)) - raft.server.log.purge.gap = 1000000 (custom)
2021-10-05 12:30:44,895 [pool-116-thread-1] INFO  server.RaftServerConfigKeys (ConfUtils.java:logGet(44)) - raft.server.log.appender.buffer.byte-limit = 33554432 (custom)
2021-10-05 12:30:44,895 [EventQueue-PipelineReportForPipelineReportHandler] INFO  pipeline.PipelineManagerImpl (PipelineManagerImpl.java:openPipeline(282)) - Pipeline Pipeline[ Id: 1c36bc61-91bb-463a-a034-3c3686484471, Nodes: d71bc4e1-8510-48b6-bd5d-14418744517b{ip: 10.1.0.10, host: fv-az270-324.tacnzluakwdehk1hpragurqkma.bx.internal.cloudapp.net, ports: [REPLICATION=42787, RATIS=34433, RATIS_ADMIN=34433, RATIS_SERVER=34433, STANDALONE=38027], networkLocation: /default-rack, certSerialId: null, persistedOpState: IN_SERVICE, persistedOpStateExpiryEpochSec: 0}, ReplicationConfig: RATIS/ONE, State:ALLOCATED, leaderId:d71bc4e1-8510-48b6-bd5d-14418744517b, CreationTimestamp2021-10-05T12:30:41.897Z[Etc/UTC]] moved to OPEN state
2021-10-05 12:30:44,896 [EventQueue-OpenPipelineForHealthyPipelineSafeModeRule] INFO  safemode.SCMSafeModeManager (HealthyPipelineSafeModeRule.java:process(124)) - SCM in safe mode. Healthy pipelines reported count is 0, required healthy pipeline reported count is 1
2021-10-05 12:30:44,896 [pool-116-thread-1] INFO  server.RaftServerConfigKeys (ConfUtils.java:logGet(44)) - raft.server.log.segment.size.max = 1048576 (custom)
2021-10-05 12:30:44,897 [pool-116-thread-1] INFO  server.RaftServerConfigKeys (ConfUtils.java:logGet(44)) - raft.server.log.segment.cache.num.max = 2 (custom)
2021-10-05 12:30:44,899 [pool-116-thread-1] INFO  server.RaftServerConfigKeys (ConfUtils.java:logGet(44)) - raft.server.log.segment.cache.size.max = 200MB (=209715200) (default)
2021-10-05 12:30:44,899 [pool-116-thread-1] INFO  segmented.SegmentedRaftLogWorker (SegmentedRaftLogWorker.java:<init>(182)) - new d71bc4e1-8510-48b6-bd5d-14418744517b@group-3C3686484471-SegmentedRaftLogWorker for RaftStorageImpl:Storage Directory /home/runner/work/ozone/ozone/hadoop-ozone/integration-test/target/test-dir/MiniOzoneClusterImpl-37ac24e5-edd8-4d0c-a990-01310c91afa3/datanode-1/data/ratis/1c36bc61-91bb-463a-a034-3c3686484471
2021-10-05 12:30:44,899 [pool-116-thread-1] INFO  server.RaftServerConfigKeys (ConfUtils.java:logGet(44)) - raft.server.log.queue.byte-limit = 2147483647 (custom)
2021-10-05 12:30:44,899 [pool-116-thread-1] INFO  server.RaftServerConfigKeys (ConfUtils.java:logGet(44)) - raft.server.log.queue.element-limit = 1024 (custom)
2021-10-05 12:30:44,899 [pool-116-thread-1] INFO  server.RaftServerConfigKeys (ConfUtils.java:logGet(44)) - raft.server.log.segment.size.max = 1048576 (custom)
2021-10-05 12:30:44,899 [pool-116-thread-1] INFO  server.RaftServerConfigKeys (ConfUtils.java:logGet(44)) - raft.server.log.preallocated.size = 16384 (custom)
2021-10-05 12:30:44,899 [pool-116-thread-1] INFO  server.RaftServerConfigKeys (ConfUtils.java:logGet(44)) - raft.server.log.force.sync.num = 128 (default)
2021-10-05 12:30:44,899 [pool-116-thread-1] INFO  server.RaftServerConfigKeys (ConfUtils.java:logGet(44)) - raft.server.log.statemachine.data.sync = true (default)
2021-10-05 12:30:44,899 [pool-116-thread-1] INFO  server.RaftServerConfigKeys (ConfUtils.java:logGet(44)) - raft.server.log.statemachine.data.sync.timeout = 10s (default)
2021-10-05 12:30:44,900 [pool-116-thread-1] INFO  server.RaftServerConfigKeys (ConfUtils.java:logGet(44)) - raft.server.log.statemachine.data.sync.timeout.retry = -1 (default)
2021-10-05 12:30:44,900 [pool-116-thread-1] INFO  server.RaftServerConfigKeys (ConfUtils.java:logGet(44)) - raft.server.log.write.buffer.size = 1048576 (custom)
2021-10-05 12:30:44,901 [pool-116-thread-1] INFO  server.RaftServerConfigKeys (ConfUtils.java:logGet(44)) - raft.server.log.statemachine.data.caching.enabled = true (custom)
2021-10-05 12:30:44,903 [pool-116-thread-1] INFO  segmented.SegmentedRaftLogWorker (SegmentedRaftLogWorker.java:lambda$new$0(133)) - d71bc4e1-8510-48b6-bd5d-14418744517b@group-3C3686484471-SegmentedRaftLogWorker: flushIndex: setUnconditionally 0 -> -1
2021-10-05 12:30:44,903 [pool-116-thread-1] INFO  segmented.SegmentedRaftLogWorker (SegmentedRaftLogWorker.java:lambda$new$0(133)) - d71bc4e1-8510-48b6-bd5d-14418744517b@group-3C3686484471-SegmentedRaftLogWorker: safeCacheEvictIndex: setUnconditionally 0 -> -1
2021-10-05 12:30:44,903 [pool-116-thread-1] INFO  server.RaftServerConfigKeys (ConfUtils.java:logGet(44)) - raft.server.snapshot.auto.trigger.enabled = true (custom)
2021-10-05 12:30:44,903 [pool-116-thread-1] INFO  server.RaftServerConfigKeys (ConfUtils.java:logGet(44)) - raft.server.snapshot.auto.trigger.threshold = 10000 (custom)
2021-10-05 12:30:44,903 [pool-116-thread-1] INFO  server.RaftServerConfigKeys (ConfUtils.java:logGet(44)) - raft.server.snapshot.retention.file.num = 5 (custom)
2021-10-05 12:30:44,903 [pool-116-thread-1] INFO  server.RaftServerConfigKeys (ConfUtils.java:logGet(44)) - raft.server.log.purge.upto.snapshot.index = false (default)
2021-10-05 12:30:44,903 [pool-116-thread-1] INFO  server.RaftServerConfigKeys (ConfUtils.java:logGet(44)) - raft.server.retrycache.expirytime = 600000ms (custom)
2021-10-05 12:30:44,903 [pool-116-thread-1] INFO  server.RaftServerConfigKeys (ConfUtils.java:logGet(44)) - raft.server.retrycache.statistics.expirytime = 100μs (default)
2021-10-05 12:30:44,904 [pool-116-thread-1] INFO  server.RaftServer$Division (RaftServerImpl.java:start(296)) - d71bc4e1-8510-48b6-bd5d-14418744517b@group-3C3686484471: start as a follower, conf=-1: [d71bc4e1-8510-48b6-bd5d-14418744517b|rpc:10.1.0.10:34433|priority:1], old=null
2021-10-05 12:30:44,904 [pool-116-thread-1] INFO  server.RaftServer$Division (RaftServerImpl.java:setRole(285)) - d71bc4e1-8510-48b6-bd5d-14418744517b@group-3C3686484471: changes role from      null to FOLLOWER at term 0 for startAsFollower
2021-10-05 12:30:44,904 [pool-116-thread-1] INFO  impl.RoleInfo (RoleInfo.java:updateAndGet(130)) - d71bc4e1-8510-48b6-bd5d-14418744517b: start d71bc4e1-8510-48b6-bd5d-14418744517b@group-3C3686484471-FollowerState
2021-10-05 12:30:44,906 [pool-116-thread-1] INFO  util.JmxRegister (JmxRegister.java:tryRegister(44)) - Successfully registered JMX Bean with object name Ratis:service=RaftServer,group=group-3C3686484471,id=d71bc4e1-8510-48b6-bd5d-14418744517b
2021-10-05 12:30:44,907 [Command processor thread] INFO  ratis.XceiverServerRatis (XceiverServerRatis.java:addGroup(763)) - Created group PipelineID=1c36bc61-91bb-463a-a034-3c3686484471
2021-10-05 12:30:44,907 [Command processor thread] INFO  commandhandler.CreatePipelineCommandHandler (CreatePipelineCommandHandler.java:handle(106)) - Created Pipeline RATIS ONE PipelineID=1c36bc61-91bb-463a-a034-3c3686484471.
2021-10-05 12:30:45,225 [Listener at 127.0.0.1/10612] INFO  ozone.MiniOzoneClusterImpl (MiniOzoneClusterImpl.java:lambda$waitForClusterToBeReady$0(235)) - Nodes are ready. Got 3 of 3 DN Heartbeats.
2021-10-05 12:30:45,225 [Listener at 127.0.0.1/10612] INFO  ozone.MiniOzoneClusterImpl (MiniOzoneClusterImpl.java:lambda$waitForClusterToBeReady$0(238)) - Waiting for cluster to exit safe mode
2021-10-05 12:30:45,225 [Listener at 127.0.0.1/10612] INFO  ozone.MiniOzoneClusterImpl (MiniOzoneClusterImpl.java:lambda$waitForClusterToBeReady$0(240)) - SCM became leader
2021-10-05 12:30:45,228 [Command processor thread] INFO  server.RaftServer (RaftServerProxy.java:addNew(95)) - 68bb5eda-bd33-4c69-8072-1d50c624965b: addNew group-CCB1DBFEC880:[68bb5eda-bd33-4c69-8072-1d50c624965b|rpc:10.1.0.10:36961|priority:1] returns group-CCB1DBFEC880:java.util.concurrent.CompletableFuture@5399a251[Not completed]
2021-10-05 12:30:45,230 [pool-135-thread-1] INFO  server.RaftServer$Division (RaftServerImpl.java:<init>(181)) - 68bb5eda-bd33-4c69-8072-1d50c624965b: new RaftServerImpl for group-CCB1DBFEC880:[68bb5eda-bd33-4c69-8072-1d50c624965b|rpc:10.1.0.10:36961|priority:1] with ContainerStateMachine:uninitialized
2021-10-05 12:30:45,230 [pool-135-thread-1] INFO  server.RaftServerConfigKeys (ConfUtils.java:logGet(44)) - raft.server.rpc.timeout.min = 5s (custom)
2021-10-05 12:30:45,230 [pool-135-thread-1] INFO  server.RaftServerConfigKeys (ConfUtils.java:logGet(44)) - raft.server.rpc.timeout.max = 5200ms (custom)
2021-10-05 12:30:45,231 [pool-135-thread-1] INFO  server.RaftServerConfigKeys (ConfUtils.java:logGet(44)) - raft.server.rpc.sleep.time = 25ms (default)
2021-10-05 12:30:45,231 [pool-135-thread-1] INFO  server.RaftServerConfigKeys (ConfUtils.java:logGet(44)) - raft.server.rpc.slowness.timeout = 300s (custom)
2021-10-05 12:30:45,231 [pool-135-thread-1] INFO  server.RaftServerConfigKeys (ConfUtils.java:logGet(44)) - raft.server.leaderelection.leader.step-down.wait-time = 10s (default)
2021-10-05 12:30:45,231 [pool-135-thread-1] INFO  server.RaftServerConfigKeys (ConfUtils.java:logGet(44)) - raft.server.sleep.deviation.threshold = 300ms (default)
2021-10-05 12:30:45,231 [pool-135-thread-1] INFO  server.RaftServerConfigKeys (ConfUtils.java:logGet(44)) - raft.server.log.appender.install.snapshot.enabled = false (custom)
2021-10-05 12:30:45,231 [pool-135-thread-1] INFO  server.RaftServer$Division (ServerState.java:<init>(105)) - 68bb5eda-bd33-4c69-8072-1d50c624965b@group-CCB1DBFEC880: ConfigurationManager, init=-1: [68bb5eda-bd33-4c69-8072-1d50c624965b|rpc:10.1.0.10:36961|priority:1], old=null, confs=<EMPTY_MAP>
2021-10-05 12:30:45,231 [pool-135-thread-1] INFO  server.RaftServerConfigKeys (ConfUtils.java:logGet(44)) - raft.server.storage.dir = [/home/runner/work/ozone/ozone/hadoop-ozone/integration-test/target/test-dir/MiniOzoneClusterImpl-37ac24e5-edd8-4d0c-a990-01310c91afa3/datanode-2/data/ratis] (custom)
2021-10-05 12:30:45,232 [pool-135-thread-1] INFO  server.RaftServerConfigKeys (ConfUtils.java:logGet(44)) - raft.server.log.corruption.policy = EXCEPTION (default)
2021-10-05 12:30:45,232 [pool-135-thread-1] INFO  server.RaftServerConfigKeys (ConfUtils.java:logGet(44)) - raft.server.storage.free-space.min = 0MB (=0) (default)
2021-10-05 12:30:45,232 [pool-135-thread-1] INFO  storage.RaftStorageDirectory (RaftStorageDirectoryImpl.java:analyzeStorage(135)) - The storage directory /home/runner/work/ozone/ozone/hadoop-ozone/integration-test/target/test-dir/MiniOzoneClusterImpl-37ac24e5-edd8-4d0c-a990-01310c91afa3/datanode-2/data/ratis/c81109c1-8177-4c91-a7df-ccb1dbfec880 does not exist. Creating ...
2021-10-05 12:30:45,233 [pool-135-thread-1] INFO  storage.RaftStorageDirectory (RaftStorageDirectoryImpl.java:tryLock(230)) - Lock on /home/runner/work/ozone/ozone/hadoop-ozone/integration-test/target/test-dir/MiniOzoneClusterImpl-37ac24e5-edd8-4d0c-a990-01310c91afa3/datanode-2/data/ratis/c81109c1-8177-4c91-a7df-ccb1dbfec880/in_use.lock acquired by nodename 8782@fv-az270-324
2021-10-05 12:30:45,234 [pool-135-thread-1] INFO  storage.RaftStorage (RaftStorageImpl.java:format(89)) - Storage directory /home/runner/work/ozone/ozone/hadoop-ozone/integration-test/target/test-dir/MiniOzoneClusterImpl-37ac24e5-edd8-4d0c-a990-01310c91afa3/datanode-2/data/ratis/c81109c1-8177-4c91-a7df-ccb1dbfec880 has been successfully formatted.
2021-10-05 12:30:45,235 [Datanode State Machine Thread - 0] WARN  statemachine.StateContext (StateContext.java:execute(621)) - No available thread in pool for past 1 seconds.
2021-10-05 12:30:45,236 [pool-135-thread-1] INFO  ratis.ContainerStateMachine (ContainerStateMachine.java:loadSnapshot(224)) - group-CCB1DBFEC880: The snapshot info is null. Setting the last applied indexto:(t:0, i:~)
2021-10-05 12:30:45,237 [pool-135-thread-1] INFO  server.RaftServerConfigKeys (ConfUtils.java:logGet(44)) - raft.server.notification.no-leader.timeout = 300s (custom)
2021-10-05 12:30:45,237 [pool-135-thread-1] INFO  server.RaftServerConfigKeys (ConfUtils.java:logGet(44)) - raft.server.log.use.memory = false (default)
2021-10-05 12:30:45,237 [pool-135-thread-1] INFO  server.RaftServerConfigKeys (ConfUtils.java:logGet(44)) - raft.server.log.purge.gap = 1000000 (custom)
2021-10-05 12:30:45,237 [pool-135-thread-1] INFO  server.RaftServerConfigKeys (ConfUtils.java:logGet(44)) - raft.server.log.appender.buffer.byte-limit = 33554432 (custom)
2021-10-05 12:30:45,237 [EventQueue-PipelineReportForPipelineReportHandler] INFO  pipeline.PipelineManagerImpl (PipelineManagerImpl.java:openPipeline(282)) - Pipeline Pipeline[ Id: c81109c1-8177-4c91-a7df-ccb1dbfec880, Nodes: 68bb5eda-bd33-4c69-8072-1d50c624965b{ip: 10.1.0.10, host: fv-az270-324.tacnzluakwdehk1hpragurqkma.bx.internal.cloudapp.net, ports: [REPLICATION=40847, RATIS=36961, RATIS_ADMIN=36961, RATIS_SERVER=36961, STANDALONE=35975], networkLocation: /default-rack, certSerialId: null, persistedOpState: IN_SERVICE, persistedOpStateExpiryEpochSec: 0}, ReplicationConfig: RATIS/ONE, State:ALLOCATED, leaderId:68bb5eda-bd33-4c69-8072-1d50c624965b, CreationTimestamp2021-10-05T12:30:42.233Z[Etc/UTC]] moved to OPEN state
2021-10-05 12:30:45,239 [pool-135-thread-1] INFO  server.RaftServerConfigKeys (ConfUtils.java:logGet(44)) - raft.server.log.segment.size.max = 1048576 (custom)
2021-10-05 12:30:45,239 [EventQueue-OpenPipelineForHealthyPipelineSafeModeRule] INFO  safemode.SCMSafeModeManager (HealthyPipelineSafeModeRule.java:process(124)) - SCM in safe mode. Healthy pipelines reported count is 0, required healthy pipeline reported count is 1
2021-10-05 12:30:45,242 [pool-135-thread-1] INFO  server.RaftServerConfigKeys (ConfUtils.java:logGet(44)) - raft.server.log.segment.cache.num.max = 2 (custom)
2021-10-05 12:30:45,242 [pool-135-thread-1] INFO  server.RaftServerConfigKeys (ConfUtils.java:logGet(44)) - raft.server.log.segment.cache.size.max = 200MB (=209715200) (default)
2021-10-05 12:30:45,242 [pool-135-thread-1] INFO  segmented.SegmentedRaftLogWorker (SegmentedRaftLogWorker.java:<init>(182)) - new 68bb5eda-bd33-4c69-8072-1d50c624965b@group-CCB1DBFEC880-SegmentedRaftLogWorker for RaftStorageImpl:Storage Directory /home/runner/work/ozone/ozone/hadoop-ozone/integration-test/target/test-dir/MiniOzoneClusterImpl-37ac24e5-edd8-4d0c-a990-01310c91afa3/datanode-2/data/ratis/c81109c1-8177-4c91-a7df-ccb1dbfec880
2021-10-05 12:30:45,242 [pool-135-thread-1] INFO  server.RaftServerConfigKeys (ConfUtils.java:logGet(44)) - raft.server.log.queue.byte-limit = 2147483647 (custom)
2021-10-05 12:30:45,242 [pool-135-thread-1] INFO  server.RaftServerConfigKeys (ConfUtils.java:logGet(44)) - raft.server.log.queue.element-limit = 1024 (custom)
2021-10-05 12:30:45,242 [pool-135-thread-1] INFO  server.RaftServerConfigKeys (ConfUtils.java:logGet(44)) - raft.server.log.segment.size.max = 1048576 (custom)
2021-10-05 12:30:45,242 [pool-135-thread-1] INFO  server.RaftServerConfigKeys (ConfUtils.java:logGet(44)) - raft.server.log.preallocated.size = 16384 (custom)
2021-10-05 12:30:45,242 [pool-135-thread-1] INFO  server.RaftServerConfigKeys (ConfUtils.java:logGet(44)) - raft.server.log.force.sync.num = 128 (default)
2021-10-05 12:30:45,242 [pool-135-thread-1] INFO  server.RaftServerConfigKeys (ConfUtils.java:logGet(44)) - raft.server.log.statemachine.data.sync = true (default)
2021-10-05 12:30:45,242 [pool-135-thread-1] INFO  server.RaftServerConfigKeys (ConfUtils.java:logGet(44)) - raft.server.log.statemachine.data.sync.timeout = 10s (default)
2021-10-05 12:30:45,243 [pool-135-thread-1] INFO  server.RaftServerConfigKeys (ConfUtils.java:logGet(44)) - raft.server.log.statemachine.data.sync.timeout.retry = -1 (default)
2021-10-05 12:30:45,243 [pool-135-thread-1] INFO  server.RaftServerConfigKeys (ConfUtils.java:logGet(44)) - raft.server.log.write.buffer.size = 1048576 (custom)
2021-10-05 12:30:45,244 [pool-135-thread-1] INFO  server.RaftServerConfigKeys (ConfUtils.java:logGet(44)) - raft.server.log.statemachine.data.caching.enabled = true (custom)
2021-10-05 12:30:45,244 [pool-135-thread-1] INFO  segmented.SegmentedRaftLogWorker (SegmentedRaftLogWorker.java:lambda$new$0(133)) - 68bb5eda-bd33-4c69-8072-1d50c624965b@group-CCB1DBFEC880-SegmentedRaftLogWorker: flushIndex: setUnconditionally 0 -> -1
2021-10-05 12:30:45,244 [pool-135-thread-1] INFO  segmented.SegmentedRaftLogWorker (SegmentedRaftLogWorker.java:lambda$new$0(133)) - 68bb5eda-bd33-4c69-8072-1d50c624965b@group-CCB1DBFEC880-SegmentedRaftLogWorker: safeCacheEvictIndex: setUnconditionally 0 -> -1
2021-10-05 12:30:45,245 [pool-135-thread-1] INFO  server.RaftServerConfigKeys (ConfUtils.java:logGet(44)) - raft.server.snapshot.auto.trigger.enabled = true (custom)
2021-10-05 12:30:45,245 [pool-135-thread-1] INFO  server.RaftServerConfigKeys (ConfUtils.java:logGet(44)) - raft.server.snapshot.auto.trigger.threshold = 10000 (custom)
2021-10-05 12:30:45,245 [pool-135-thread-1] INFO  server.RaftServerConfigKeys (ConfUtils.java:logGet(44)) - raft.server.snapshot.retention.file.num = 5 (custom)
2021-10-05 12:30:45,245 [pool-135-thread-1] INFO  server.RaftServerConfigKeys (ConfUtils.java:logGet(44)) - raft.server.log.purge.upto.snapshot.index = false (default)
2021-10-05 12:30:45,245 [pool-135-thread-1] INFO  server.RaftServerConfigKeys (ConfUtils.java:logGet(44)) - raft.server.retrycache.expirytime = 600000ms (custom)
2021-10-05 12:30:45,245 [pool-135-thread-1] INFO  server.RaftServerConfigKeys (ConfUtils.java:logGet(44)) - raft.server.retrycache.statistics.expirytime = 100μs (default)
2021-10-05 12:30:45,246 [pool-135-thread-1] INFO  server.RaftServer$Division (RaftServerImpl.java:start(296)) - 68bb5eda-bd33-4c69-8072-1d50c624965b@group-CCB1DBFEC880: start as a follower, conf=-1: [68bb5eda-bd33-4c69-8072-1d50c624965b|rpc:10.1.0.10:36961|priority:1], old=null
2021-10-05 12:30:45,246 [pool-135-thread-1] INFO  server.RaftServer$Division (RaftServerImpl.java:setRole(285)) - 68bb5eda-bd33-4c69-8072-1d50c624965b@group-CCB1DBFEC880: changes role from      null to FOLLOWER at term 0 for startAsFollower
2021-10-05 12:30:45,246 [pool-135-thread-1] INFO  impl.RoleInfo (RoleInfo.java:updateAndGet(130)) - 68bb5eda-bd33-4c69-8072-1d50c624965b: start 68bb5eda-bd33-4c69-8072-1d50c624965b@group-CCB1DBFEC880-FollowerState
2021-10-05 12:30:45,247 [pool-135-thread-1] INFO  util.JmxRegister (JmxRegister.java:tryRegister(44)) - Successfully registered JMX Bean with object name Ratis:service=RaftServer,group=group-CCB1DBFEC880,id=68bb5eda-bd33-4c69-8072-1d50c624965b
2021-10-05 12:30:45,247 [Command processor thread] INFO  ratis.XceiverServerRatis (XceiverServerRatis.java:addGroup(763)) - Created group PipelineID=c81109c1-8177-4c91-a7df-ccb1dbfec880
2021-10-05 12:30:45,247 [Command processor thread] INFO  commandhandler.CreatePipelineCommandHandler (CreatePipelineCommandHandler.java:handle(106)) - Created Pipeline RATIS ONE PipelineID=c81109c1-8177-4c91-a7df-ccb1dbfec880.
2021-10-05 12:30:46,225 [Listener at 127.0.0.1/10612] INFO  ozone.MiniOzoneClusterImpl (MiniOzoneClusterImpl.java:lambda$waitForClusterToBeReady$0(235)) - Nodes are ready. Got 3 of 3 DN Heartbeats.
2021-10-05 12:30:46,226 [Listener at 127.0.0.1/10612] INFO  ozone.MiniOzoneClusterImpl (MiniOzoneClusterImpl.java:lambda$waitForClusterToBeReady$0(238)) - Waiting for cluster to exit safe mode
2021-10-05 12:30:46,226 [Listener at 127.0.0.1/10612] INFO  ozone.MiniOzoneClusterImpl (MiniOzoneClusterImpl.java:lambda$waitForClusterToBeReady$0(240)) - SCM became leader
2021-10-05 12:30:47,226 [Listener at 127.0.0.1/10612] INFO  ozone.MiniOzoneClusterImpl (MiniOzoneClusterImpl.java:lambda$waitForClusterToBeReady$0(235)) - Nodes are ready. Got 3 of 3 DN Heartbeats.
2021-10-05 12:30:47,227 [Listener at 127.0.0.1/10612] INFO  ozone.MiniOzoneClusterImpl (MiniOzoneClusterImpl.java:lambda$waitForClusterToBeReady$0(238)) - Waiting for cluster to exit safe mode
2021-10-05 12:30:47,227 [Listener at 127.0.0.1/10612] INFO  ozone.MiniOzoneClusterImpl (MiniOzoneClusterImpl.java:lambda$waitForClusterToBeReady$0(240)) - SCM became leader
2021-10-05 12:30:48,227 [Listener at 127.0.0.1/10612] INFO  ozone.MiniOzoneClusterImpl (MiniOzoneClusterImpl.java:lambda$waitForClusterToBeReady$0(235)) - Nodes are ready. Got 3 of 3 DN Heartbeats.
2021-10-05 12:30:48,228 [Listener at 127.0.0.1/10612] INFO  ozone.MiniOzoneClusterImpl (MiniOzoneClusterImpl.java:lambda$waitForClusterToBeReady$0(238)) - Waiting for cluster to exit safe mode
2021-10-05 12:30:48,228 [Listener at 127.0.0.1/10612] INFO  ozone.MiniOzoneClusterImpl (MiniOzoneClusterImpl.java:lambda$waitForClusterToBeReady$0(240)) - SCM became leader
2021-10-05 12:30:49,228 [Listener at 127.0.0.1/10612] INFO  ozone.MiniOzoneClusterImpl (MiniOzoneClusterImpl.java:lambda$waitForClusterToBeReady$0(235)) - Nodes are ready. Got 3 of 3 DN Heartbeats.
2021-10-05 12:30:49,229 [Listener at 127.0.0.1/10612] INFO  ozone.MiniOzoneClusterImpl (MiniOzoneClusterImpl.java:lambda$waitForClusterToBeReady$0(238)) - Waiting for cluster to exit safe mode
2021-10-05 12:30:49,229 [Listener at 127.0.0.1/10612] INFO  ozone.MiniOzoneClusterImpl (MiniOzoneClusterImpl.java:lambda$waitForClusterToBeReady$0(240)) - SCM became leader
2021-10-05 12:30:49,688 [2bb368a1-0b98-4d80-88d0-01e7dc221ebc@group-34C35D03D31D-FollowerState] INFO  impl.FollowerState (FollowerState.java:run(134)) - 2bb368a1-0b98-4d80-88d0-01e7dc221ebc@group-34C35D03D31D-FollowerState: change to CANDIDATE, lastRpcElapsedTime:5111544527ns, electionTimeout:5109ms
2021-10-05 12:30:49,688 [2bb368a1-0b98-4d80-88d0-01e7dc221ebc@group-34C35D03D31D-FollowerState] INFO  impl.RoleInfo (RoleInfo.java:shutdownFollowerState(108)) - 2bb368a1-0b98-4d80-88d0-01e7dc221ebc: shutdown 2bb368a1-0b98-4d80-88d0-01e7dc221ebc@group-34C35D03D31D-FollowerState
2021-10-05 12:30:49,689 [2bb368a1-0b98-4d80-88d0-01e7dc221ebc@group-34C35D03D31D-FollowerState] INFO  server.RaftServer$Division (RaftServerImpl.java:setRole(285)) - 2bb368a1-0b98-4d80-88d0-01e7dc221ebc@group-34C35D03D31D: changes role from  FOLLOWER to CANDIDATE at term 0 for changeToCandidate
2021-10-05 12:30:49,689 [2bb368a1-0b98-4d80-88d0-01e7dc221ebc@group-34C35D03D31D-FollowerState] INFO  server.RaftServerConfigKeys (ConfUtils.java:logGet(44)) - raft.server.leaderelection.pre-vote = false (custom)
2021-10-05 12:30:49,689 [2bb368a1-0b98-4d80-88d0-01e7dc221ebc@group-34C35D03D31D-FollowerState] INFO  impl.RoleInfo (RoleInfo.java:updateAndGet(130)) - 2bb368a1-0b98-4d80-88d0-01e7dc221ebc: start 2bb368a1-0b98-4d80-88d0-01e7dc221ebc@group-34C35D03D31D-LeaderElection6
2021-10-05 12:30:49,693 [2bb368a1-0b98-4d80-88d0-01e7dc221ebc@group-34C35D03D31D-LeaderElection6] INFO  impl.LeaderElection (LeaderElection.java:askForVotes(306)) - 2bb368a1-0b98-4d80-88d0-01e7dc221ebc@group-34C35D03D31D-LeaderElection6 ELECTION round 0: submit vote requests at term 1 for -1: [2bb368a1-0b98-4d80-88d0-01e7dc221ebc|rpc:10.1.0.10:46877|priority:1], old=null
2021-10-05 12:30:49,693 [2bb368a1-0b98-4d80-88d0-01e7dc221ebc@group-34C35D03D31D-LeaderElection6] INFO  impl.LeaderElection (LeaderElection.java:askForVotes(308)) - 2bb368a1-0b98-4d80-88d0-01e7dc221ebc@group-34C35D03D31D-LeaderElection6 ELECTION round 0: result PASSED (term=1)
2021-10-05 12:30:49,694 [2bb368a1-0b98-4d80-88d0-01e7dc221ebc@group-34C35D03D31D-LeaderElection6] INFO  impl.RoleInfo (RoleInfo.java:shutdownLeaderElection(121)) - 2bb368a1-0b98-4d80-88d0-01e7dc221ebc: shutdown 2bb368a1-0b98-4d80-88d0-01e7dc221ebc@group-34C35D03D31D-LeaderElection6
2021-10-05 12:30:49,694 [2bb368a1-0b98-4d80-88d0-01e7dc221ebc@group-34C35D03D31D-LeaderElection6] INFO  server.RaftServer$Division (RaftServerImpl.java:setRole(285)) - 2bb368a1-0b98-4d80-88d0-01e7dc221ebc@group-34C35D03D31D: changes role from CANDIDATE to LEADER at term 1 for changeToLeader
2021-10-05 12:30:49,694 [2bb368a1-0b98-4d80-88d0-01e7dc221ebc@group-34C35D03D31D-LeaderElection6] INFO  ratis.XceiverServerRatis (XceiverServerRatis.java:handleLeaderChangedNotification(861)) - Leader change notification received for group: group-34C35D03D31D with new leaderId: 2bb368a1-0b98-4d80-88d0-01e7dc221ebc
2021-10-05 12:30:49,694 [2bb368a1-0b98-4d80-88d0-01e7dc221ebc@group-34C35D03D31D-LeaderElection6] INFO  server.RaftServer$Division (ServerState.java:setLeader(285)) - 2bb368a1-0b98-4d80-88d0-01e7dc221ebc@group-34C35D03D31D: change Leader from null to 2bb368a1-0b98-4d80-88d0-01e7dc221ebc at term 1 for becomeLeader, leader elected after 5129ms
2021-10-05 12:30:49,697 [2bb368a1-0b98-4d80-88d0-01e7dc221ebc@group-34C35D03D31D-LeaderElection6] INFO  server.RaftServerConfigKeys (ConfUtils.java:logGet(44)) - raft.server.staging.catchup.gap = 1000 (default)
2021-10-05 12:30:49,697 [2bb368a1-0b98-4d80-88d0-01e7dc221ebc@group-34C35D03D31D-LeaderElection6] INFO  server.RaftServerConfigKeys (ConfUtils.java:logGet(44)) - raft.server.write.element-limit = 1024 (custom)
2021-10-05 12:30:49,695 [Datanode State Machine Thread - 0] WARN  statemachine.StateContext (StateContext.java:execute(621)) - No available thread in pool for past 1 seconds.
2021-10-05 12:30:49,698 [2bb368a1-0b98-4d80-88d0-01e7dc221ebc@group-34C35D03D31D-LeaderElection6] INFO  server.RaftServerConfigKeys (ConfUtils.java:logGet(44)) - raft.server.write.byte-limit = 1024 M (=1073741824) (custom)
2021-10-05 12:30:49,698 [EventQueue-OpenPipelineForHealthyPipelineSafeModeRule] INFO  safemode.SCMSafeModeManager (HealthyPipelineSafeModeRule.java:process(124)) - SCM in safe mode. Healthy pipelines reported count is 0, required healthy pipeline reported count is 1
2021-10-05 12:30:49,698 [2bb368a1-0b98-4d80-88d0-01e7dc221ebc@group-34C35D03D31D-LeaderElection6] INFO  server.RaftServerConfigKeys (ConfUtils.java:logGet(44)) - raft.server.watch.timeout = 180s (custom)
2021-10-05 12:30:49,698 [2bb368a1-0b98-4d80-88d0-01e7dc221ebc@group-34C35D03D31D-LeaderElection6] INFO  server.RaftServerConfigKeys (ConfUtils.java:logGet(44)) - raft.server.watch.timeout.denomination = 1s (default)
2021-10-05 12:30:49,698 [2bb368a1-0b98-4d80-88d0-01e7dc221ebc@group-34C35D03D31D-LeaderElection6] INFO  server.RaftServerConfigKeys (ConfUtils.java:logGet(44)) - raft.server.watch.element-limit = 65536 (default)
2021-10-05 12:30:49,699 [2bb368a1-0b98-4d80-88d0-01e7dc221ebc@group-34C35D03D31D-LeaderElection6] INFO  impl.RoleInfo (RoleInfo.java:updateAndGet(130)) - 2bb368a1-0b98-4d80-88d0-01e7dc221ebc: start 2bb368a1-0b98-4d80-88d0-01e7dc221ebc@group-34C35D03D31D-LeaderStateImpl
2021-10-05 12:30:49,699 [2bb368a1-0b98-4d80-88d0-01e7dc221ebc@group-34C35D03D31D-LeaderElection6] INFO  segmented.SegmentedRaftLogWorker (SegmentedRaftLogWorker.java:startLogSegment(394)) - 2bb368a1-0b98-4d80-88d0-01e7dc221ebc@group-34C35D03D31D-SegmentedRaftLogWorker: Starting segment from index:0
2021-10-05 12:30:49,700 [2bb368a1-0b98-4d80-88d0-01e7dc221ebc@group-34C35D03D31D-LeaderElection6] INFO  server.RaftServer$Division (ServerState.java:setRaftConf(387)) - 2bb368a1-0b98-4d80-88d0-01e7dc221ebc@group-34C35D03D31D: set configuration 0: [2bb368a1-0b98-4d80-88d0-01e7dc221ebc|rpc:10.1.0.10:46877|dataStream:|priority:1], old=null
2021-10-05 12:30:49,702 [2bb368a1-0b98-4d80-88d0-01e7dc221ebc@group-34C35D03D31D-SegmentedRaftLogWorker] INFO  segmented.SegmentedRaftLogWorker (SegmentedRaftLogWorker.java:execute(601)) - 2bb368a1-0b98-4d80-88d0-01e7dc221ebc@group-34C35D03D31D-SegmentedRaftLogWorker: created new log segment /home/runner/work/ozone/ozone/hadoop-ozone/integration-test/target/test-dir/MiniOzoneClusterImpl-37ac24e5-edd8-4d0c-a990-01310c91afa3/datanode-0/data/ratis/107bf997-8cb4-49e4-b439-34c35d03d31d/current/log_inprogress_0
2021-10-05 12:30:49,741 [68bb5eda-bd33-4c69-8072-1d50c624965b@group-FE0EE74E4C2E-FollowerState] INFO  impl.FollowerState (FollowerState.java:run(134)) - 68bb5eda-bd33-4c69-8072-1d50c624965b@group-FE0EE74E4C2E-FollowerState: change to CANDIDATE, lastRpcElapsedTime:5045719118ns, electionTimeout:5042ms
2021-10-05 12:30:49,741 [68bb5eda-bd33-4c69-8072-1d50c624965b@group-FE0EE74E4C2E-FollowerState] INFO  impl.RoleInfo (RoleInfo.java:shutdownFollowerState(108)) - 68bb5eda-bd33-4c69-8072-1d50c624965b: shutdown 68bb5eda-bd33-4c69-8072-1d50c624965b@group-FE0EE74E4C2E-FollowerState
2021-10-05 12:30:49,742 [68bb5eda-bd33-4c69-8072-1d50c624965b@group-FE0EE74E4C2E-FollowerState] INFO  server.RaftServer$Division (RaftServerImpl.java:setRole(285)) - 68bb5eda-bd33-4c69-8072-1d50c624965b@group-FE0EE74E4C2E: changes role from  FOLLOWER to CANDIDATE at term 0 for changeToCandidate
2021-10-05 12:30:49,742 [68bb5eda-bd33-4c69-8072-1d50c624965b@group-FE0EE74E4C2E-FollowerState] INFO  server.RaftServerConfigKeys (ConfUtils.java:logGet(44)) - raft.server.leaderelection.pre-vote = false (custom)
2021-10-05 12:30:49,742 [68bb5eda-bd33-4c69-8072-1d50c624965b@group-FE0EE74E4C2E-FollowerState] INFO  impl.RoleInfo (RoleInfo.java:updateAndGet(130)) - 68bb5eda-bd33-4c69-8072-1d50c624965b: start 68bb5eda-bd33-4c69-8072-1d50c624965b@group-FE0EE74E4C2E-LeaderElection7
2021-10-05 12:30:49,746 [68bb5eda-bd33-4c69-8072-1d50c624965b@group-FE0EE74E4C2E-LeaderElection7] INFO  impl.LeaderElection (LeaderElection.java:askForVotes(306)) - 68bb5eda-bd33-4c69-8072-1d50c624965b@group-FE0EE74E4C2E-LeaderElection7 ELECTION round 0: submit vote requests at term 1 for -1: [2bb368a1-0b98-4d80-88d0-01e7dc221ebc|rpc:10.1.0.10:46877|dataStream:|priority:1, d71bc4e1-8510-48b6-bd5d-14418744517b|rpc:10.1.0.10:34433|dataStream:|priority:0, 68bb5eda-bd33-4c69-8072-1d50c624965b|rpc:10.1.0.10:36961|dataStream:|priority:0], old=null
2021-10-05 12:30:49,759 [grpc-default-executor-4] INFO  server.RaftServer$Division (RaftServerImpl.java:requestVote(1043)) - d71bc4e1-8510-48b6-bd5d-14418744517b@group-FE0EE74E4C2E: receive requestVote(ELECTION, 68bb5eda-bd33-4c69-8072-1d50c624965b, group-FE0EE74E4C2E, 1, (t:0, i:0))
2021-10-05 12:30:49,759 [grpc-default-executor-4] INFO  impl.VoteContext (VoteContext.java:log(48)) - d71bc4e1-8510-48b6-bd5d-14418744517b@group-FE0EE74E4C2E-FOLLOWER: accept ELECTION from 68bb5eda-bd33-4c69-8072-1d50c624965b: our priority 0 <= candidate's priority 0
2021-10-05 12:30:49,759 [grpc-default-executor-4] INFO  server.RaftServer$Division (RaftServerImpl.java:setRole(285)) - d71bc4e1-8510-48b6-bd5d-14418744517b@group-FE0EE74E4C2E: changes role from  FOLLOWER to FOLLOWER at term 1 for candidate:68bb5eda-bd33-4c69-8072-1d50c624965b
2021-10-05 12:30:49,759 [grpc-default-executor-4] INFO  impl.RoleInfo (RoleInfo.java:shutdownFollowerState(108)) - d71bc4e1-8510-48b6-bd5d-14418744517b: shutdown d71bc4e1-8510-48b6-bd5d-14418744517b@group-FE0EE74E4C2E-FollowerState
2021-10-05 12:30:49,760 [grpc-default-executor-4] INFO  impl.RoleInfo (RoleInfo.java:updateAndGet(130)) - d71bc4e1-8510-48b6-bd5d-14418744517b: start d71bc4e1-8510-48b6-bd5d-14418744517b@group-FE0EE74E4C2E-FollowerState
2021-10-05 12:30:49,760 [d71bc4e1-8510-48b6-bd5d-14418744517b@group-FE0EE74E4C2E-FollowerState] INFO  impl.FollowerState (FollowerState.java:run(143)) - d71bc4e1-8510-48b6-bd5d-14418744517b@group-FE0EE74E4C2E-FollowerState was interrupted: {}
java.lang.InterruptedException: sleep interrupted
	at java.lang.Thread.sleep(Native Method)
	at java.lang.Thread.sleep(Thread.java:340)
	at java.util.concurrent.TimeUnit.sleep(TimeUnit.java:386)
	at org.apache.ratis.util.TimeDuration.sleep(TimeDuration.java:324)
	at org.apache.ratis.util.TimeDuration.sleep(TimeDuration.java:309)
	at org.apache.ratis.server.impl.FollowerState.run(FollowerState.java:118)
2021-10-05 12:30:49,762 [grpc-default-executor-4] INFO  server.RaftServer$Division (RaftServerImpl.java:requestVote(1075)) - d71bc4e1-8510-48b6-bd5d-14418744517b@group-FE0EE74E4C2E replies to ELECTION vote request: 68bb5eda-bd33-4c69-8072-1d50c624965b<-d71bc4e1-8510-48b6-bd5d-14418744517b#0:OK-t1. Peer's state: d71bc4e1-8510-48b6-bd5d-14418744517b@group-FE0EE74E4C2E:t1, leader=null, voted=68bb5eda-bd33-4c69-8072-1d50c624965b, raftlog=d71bc4e1-8510-48b6-bd5d-14418744517b@group-FE0EE74E4C2E-SegmentedRaftLog:OPENED:c-1,f-1,i0, conf=-1: [2bb368a1-0b98-4d80-88d0-01e7dc221ebc|rpc:10.1.0.10:46877|dataStream:|priority:1, d71bc4e1-8510-48b6-bd5d-14418744517b|rpc:10.1.0.10:34433|dataStream:|priority:0, 68bb5eda-bd33-4c69-8072-1d50c624965b|rpc:10.1.0.10:36961|dataStream:|priority:0], old=null
2021-10-05 12:30:49,766 [grpc-default-executor-4] INFO  server.RaftServer$Division (RaftServerImpl.java:requestVote(1043)) - 2bb368a1-0b98-4d80-88d0-01e7dc221ebc@group-FE0EE74E4C2E: receive requestVote(ELECTION, 68bb5eda-bd33-4c69-8072-1d50c624965b, group-FE0EE74E4C2E, 1, (t:0, i:0))
2021-10-05 12:30:49,766 [grpc-default-executor-4] INFO  impl.VoteContext (VoteContext.java:log(48)) - 2bb368a1-0b98-4d80-88d0-01e7dc221ebc@group-FE0EE74E4C2E-FOLLOWER: reject ELECTION from 68bb5eda-bd33-4c69-8072-1d50c624965b: our priority 1 > candidate's priority 0
2021-10-05 12:30:49,766 [grpc-default-executor-4] INFO  server.RaftServer$Division (RaftServerImpl.java:setRole(285)) - 2bb368a1-0b98-4d80-88d0-01e7dc221ebc@group-FE0EE74E4C2E: changes role from  FOLLOWER to FOLLOWER at term 1 for candidate:68bb5eda-bd33-4c69-8072-1d50c624965b
2021-10-05 12:30:49,766 [grpc-default-executor-4] INFO  impl.RoleInfo (RoleInfo.java:shutdownFollowerState(108)) - 2bb368a1-0b98-4d80-88d0-01e7dc221ebc: shutdown 2bb368a1-0b98-4d80-88d0-01e7dc221ebc@group-FE0EE74E4C2E-FollowerState
2021-10-05 12:30:49,766 [2bb368a1-0b98-4d80-88d0-01e7dc221ebc@group-FE0EE74E4C2E-FollowerState] INFO  impl.FollowerState (FollowerState.java:run(143)) - 2bb368a1-0b98-4d80-88d0-01e7dc221ebc@group-FE0EE74E4C2E-FollowerState was interrupted: {}
java.lang.InterruptedException: sleep interrupted
	at java.lang.Thread.sleep(Native Method)
	at java.lang.Thread.sleep(Thread.java:340)
	at java.util.concurrent.TimeUnit.sleep(TimeUnit.java:386)
	at org.apache.ratis.util.TimeDuration.sleep(TimeDuration.java:324)
	at org.apache.ratis.util.TimeDuration.sleep(TimeDuration.java:309)
	at org.apache.ratis.server.impl.FollowerState.run(FollowerState.java:118)
2021-10-05 12:30:49,768 [grpc-default-executor-4] INFO  impl.RoleInfo (RoleInfo.java:updateAndGet(130)) - 2bb368a1-0b98-4d80-88d0-01e7dc221ebc: start 2bb368a1-0b98-4d80-88d0-01e7dc221ebc@group-FE0EE74E4C2E-FollowerState
2021-10-05 12:30:49,769 [grpc-default-executor-4] INFO  server.RaftServer$Division (RaftServerImpl.java:requestVote(1075)) - 2bb368a1-0b98-4d80-88d0-01e7dc221ebc@group-FE0EE74E4C2E replies to ELECTION vote request: 68bb5eda-bd33-4c69-8072-1d50c624965b<-2bb368a1-0b98-4d80-88d0-01e7dc221ebc#0:FAIL-t1. Peer's state: 2bb368a1-0b98-4d80-88d0-01e7dc221ebc@group-FE0EE74E4C2E:t1, leader=null, voted=null, raftlog=2bb368a1-0b98-4d80-88d0-01e7dc221ebc@group-FE0EE74E4C2E-SegmentedRaftLog:OPENED:c-1,f-1,i0, conf=-1: [2bb368a1-0b98-4d80-88d0-01e7dc221ebc|rpc:10.1.0.10:46877|priority:1, d71bc4e1-8510-48b6-bd5d-14418744517b|rpc:10.1.0.10:34433|priority:0, 68bb5eda-bd33-4c69-8072-1d50c624965b|rpc:10.1.0.10:36961|priority:0], old=null
2021-10-05 12:30:49,771 [68bb5eda-bd33-4c69-8072-1d50c624965b@group-FE0EE74E4C2E-LeaderElection7] INFO  impl.LeaderElection (LeaderElection.java:logAndReturn(89)) - 68bb5eda-bd33-4c69-8072-1d50c624965b@group-FE0EE74E4C2E-LeaderElection7: ELECTION REJECTED received 2 response(s) and 0 exception(s):
2021-10-05 12:30:49,771 [68bb5eda-bd33-4c69-8072-1d50c624965b@group-FE0EE74E4C2E-LeaderElection7] INFO  impl.LeaderElection (LeaderElection.java:logAndReturn(93)) -   Response 0: 68bb5eda-bd33-4c69-8072-1d50c624965b<-2bb368a1-0b98-4d80-88d0-01e7dc221ebc#0:FAIL-t1
2021-10-05 12:30:49,771 [68bb5eda-bd33-4c69-8072-1d50c624965b@group-FE0EE74E4C2E-LeaderElection7] INFO  impl.LeaderElection (LeaderElection.java:logAndReturn(93)) -   Response 1: 68bb5eda-bd33-4c69-8072-1d50c624965b<-d71bc4e1-8510-48b6-bd5d-14418744517b#0:OK-t1
2021-10-05 12:30:49,771 [68bb5eda-bd33-4c69-8072-1d50c624965b@group-FE0EE74E4C2E-LeaderElection7] INFO  impl.LeaderElection (LeaderElection.java:askForVotes(308)) - 68bb5eda-bd33-4c69-8072-1d50c624965b@group-FE0EE74E4C2E-LeaderElection7 ELECTION round 0: result REJECTED
2021-10-05 12:30:49,771 [68bb5eda-bd33-4c69-8072-1d50c624965b@group-FE0EE74E4C2E-LeaderElection7] INFO  server.RaftServer$Division (RaftServerImpl.java:setRole(285)) - 68bb5eda-bd33-4c69-8072-1d50c624965b@group-FE0EE74E4C2E: changes role from CANDIDATE to FOLLOWER at term 1 for REJECTED
2021-10-05 12:30:49,771 [68bb5eda-bd33-4c69-8072-1d50c624965b@group-FE0EE74E4C2E-LeaderElection7] INFO  impl.RoleInfo (RoleInfo.java:shutdownLeaderElection(121)) - 68bb5eda-bd33-4c69-8072-1d50c624965b: shutdown 68bb5eda-bd33-4c69-8072-1d50c624965b@group-FE0EE74E4C2E-LeaderElection7
2021-10-05 12:30:49,771 [68bb5eda-bd33-4c69-8072-1d50c624965b@group-FE0EE74E4C2E-LeaderElection7] INFO  impl.RoleInfo (RoleInfo.java:updateAndGet(130)) - 68bb5eda-bd33-4c69-8072-1d50c624965b: start 68bb5eda-bd33-4c69-8072-1d50c624965b@group-FE0EE74E4C2E-FollowerState
2021-10-05 12:30:49,916 [d71bc4e1-8510-48b6-bd5d-14418744517b@group-6CEC28450F41-FollowerState] INFO  impl.FollowerState (FollowerState.java:run(134)) - d71bc4e1-8510-48b6-bd5d-14418744517b@group-6CEC28450F41-FollowerState: change to CANDIDATE, lastRpcElapsedTime:5044429180ns, electionTimeout:5044ms
2021-10-05 12:30:49,917 [d71bc4e1-8510-48b6-bd5d-14418744517b@group-6CEC28450F41-FollowerState] INFO  impl.RoleInfo (RoleInfo.java:shutdownFollowerState(108)) - d71bc4e1-8510-48b6-bd5d-14418744517b: shutdown d71bc4e1-8510-48b6-bd5d-14418744517b@group-6CEC28450F41-FollowerState
2021-10-05 12:30:49,917 [d71bc4e1-8510-48b6-bd5d-14418744517b@group-6CEC28450F41-FollowerState] INFO  server.RaftServer$Division (RaftServerImpl.java:setRole(285)) - d71bc4e1-8510-48b6-bd5d-14418744517b@group-6CEC28450F41: changes role from  FOLLOWER to CANDIDATE at term 0 for changeToCandidate
2021-10-05 12:30:49,917 [d71bc4e1-8510-48b6-bd5d-14418744517b@group-6CEC28450F41-FollowerState] INFO  server.RaftServerConfigKeys (ConfUtils.java:logGet(44)) - raft.server.leaderelection.pre-vote = false (custom)
2021-10-05 12:30:49,917 [d71bc4e1-8510-48b6-bd5d-14418744517b@group-6CEC28450F41-FollowerState] INFO  impl.RoleInfo (RoleInfo.java:updateAndGet(130)) - d71bc4e1-8510-48b6-bd5d-14418744517b: start d71bc4e1-8510-48b6-bd5d-14418744517b@group-6CEC28450F41-LeaderElection8
2021-10-05 12:30:49,919 [d71bc4e1-8510-48b6-bd5d-14418744517b@group-6CEC28450F41-LeaderElection8] INFO  impl.LeaderElection (LeaderElection.java:askForVotes(306)) - d71bc4e1-8510-48b6-bd5d-14418744517b@group-6CEC28450F41-LeaderElection8 ELECTION round 0: submit vote requests at term 1 for -1: [2bb368a1-0b98-4d80-88d0-01e7dc221ebc|rpc:10.1.0.10:46877|dataStream:|priority:0, d71bc4e1-8510-48b6-bd5d-14418744517b|rpc:10.1.0.10:34433|dataStream:|priority:0, 68bb5eda-bd33-4c69-8072-1d50c624965b|rpc:10.1.0.10:36961|dataStream:|priority:1], old=null
2021-10-05 12:30:49,920 [d71bc4e1-8510-48b6-bd5d-14418744517b@group-3C3686484471-FollowerState] INFO  impl.FollowerState (FollowerState.java:run(134)) - d71bc4e1-8510-48b6-bd5d-14418744517b@group-3C3686484471-FollowerState: change to CANDIDATE, lastRpcElapsedTime:5015547376ns, electionTimeout:5013ms
2021-10-05 12:30:49,920 [d71bc4e1-8510-48b6-bd5d-14418744517b@group-3C3686484471-FollowerState] INFO  impl.RoleInfo (RoleInfo.java:shutdownFollowerState(108)) - d71bc4e1-8510-48b6-bd5d-14418744517b: shutdown d71bc4e1-8510-48b6-bd5d-14418744517b@group-3C3686484471-FollowerState
2021-10-05 12:30:49,920 [d71bc4e1-8510-48b6-bd5d-14418744517b@group-3C3686484471-FollowerState] INFO  server.RaftServer$Division (RaftServerImpl.java:setRole(285)) - d71bc4e1-8510-48b6-bd5d-14418744517b@group-3C3686484471: changes role from  FOLLOWER to CANDIDATE at term 0 for changeToCandidate
2021-10-05 12:30:49,923 [d71bc4e1-8510-48b6-bd5d-14418744517b@group-3C3686484471-FollowerState] INFO  server.RaftServerConfigKeys (ConfUtils.java:logGet(44)) - raft.server.leaderelection.pre-vote = false (custom)
2021-10-05 12:30:49,923 [d71bc4e1-8510-48b6-bd5d-14418744517b@group-3C3686484471-FollowerState] INFO  impl.RoleInfo (RoleInfo.java:updateAndGet(130)) - d71bc4e1-8510-48b6-bd5d-14418744517b: start d71bc4e1-8510-48b6-bd5d-14418744517b@group-3C3686484471-LeaderElection9
2021-10-05 12:30:49,927 [2bb368a1-0b98-4d80-88d0-01e7dc221ebc@group-6CEC28450F41-FollowerState] INFO  impl.FollowerState (FollowerState.java:run(134)) - 2bb368a1-0b98-4d80-88d0-01e7dc221ebc@group-6CEC28450F41-FollowerState: change to CANDIDATE, lastRpcElapsedTime:5118860400ns, electionTimeout:5118ms
2021-10-05 12:30:49,927 [2bb368a1-0b98-4d80-88d0-01e7dc221ebc@group-6CEC28450F41-FollowerState] INFO  impl.RoleInfo (RoleInfo.java:shutdownFollowerState(108)) - 2bb368a1-0b98-4d80-88d0-01e7dc221ebc: shutdown 2bb368a1-0b98-4d80-88d0-01e7dc221ebc@group-6CEC28450F41-FollowerState
2021-10-05 12:30:49,927 [2bb368a1-0b98-4d80-88d0-01e7dc221ebc@group-6CEC28450F41-FollowerState] INFO  server.RaftServer$Division (RaftServerImpl.java:setRole(285)) - 2bb368a1-0b98-4d80-88d0-01e7dc221ebc@group-6CEC28450F41: changes role from  FOLLOWER to CANDIDATE at term 0 for changeToCandidate
2021-10-05 12:30:49,927 [2bb368a1-0b98-4d80-88d0-01e7dc221ebc@group-6CEC28450F41-FollowerState] INFO  server.RaftServerConfigKeys (ConfUtils.java:logGet(44)) - raft.server.leaderelection.pre-vote = false (custom)
2021-10-05 12:30:49,927 [2bb368a1-0b98-4d80-88d0-01e7dc221ebc@group-6CEC28450F41-FollowerState] INFO  impl.RoleInfo (RoleInfo.java:updateAndGet(130)) - 2bb368a1-0b98-4d80-88d0-01e7dc221ebc: start 2bb368a1-0b98-4d80-88d0-01e7dc221ebc@group-6CEC28450F41-LeaderElection10
2021-10-05 12:30:49,938 [d71bc4e1-8510-48b6-bd5d-14418744517b@group-3C3686484471-LeaderElection9] INFO  impl.LeaderElection (LeaderElection.java:askForVotes(306)) - d71bc4e1-8510-48b6-bd5d-14418744517b@group-3C3686484471-LeaderElection9 ELECTION round 0: submit vote requests at term 1 for -1: [d71bc4e1-8510-48b6-bd5d-14418744517b|rpc:10.1.0.10:34433|priority:1], old=null
2021-10-05 12:30:49,940 [grpc-default-executor-2] INFO  server.RaftServer$Division (RaftServerImpl.java:requestVote(1043)) - 68bb5eda-bd33-4c69-8072-1d50c624965b@group-6CEC28450F41: receive requestVote(ELECTION, d71bc4e1-8510-48b6-bd5d-14418744517b, group-6CEC28450F41, 1, (t:0, i:0))
2021-10-05 12:30:49,941 [grpc-default-executor-2] INFO  impl.VoteContext (VoteContext.java:log(48)) - 68bb5eda-bd33-4c69-8072-1d50c624965b@group-6CEC28450F41-FOLLOWER: reject ELECTION from d71bc4e1-8510-48b6-bd5d-14418744517b: our priority 1 > candidate's priority 0
2021-10-05 12:30:49,941 [grpc-default-executor-2] INFO  server.RaftServer$Division (RaftServerImpl.java:setRole(285)) - 68bb5eda-bd33-4c69-8072-1d50c624965b@group-6CEC28450F41: changes role from  FOLLOWER to FOLLOWER at term 1 for candidate:d71bc4e1-8510-48b6-bd5d-14418744517b
2021-10-05 12:30:49,941 [grpc-default-executor-2] INFO  impl.RoleInfo (RoleInfo.java:shutdownFollowerState(108)) - 68bb5eda-bd33-4c69-8072-1d50c624965b: shutdown 68bb5eda-bd33-4c69-8072-1d50c624965b@group-6CEC28450F41-FollowerState
2021-10-05 12:30:49,941 [grpc-default-executor-2] INFO  impl.RoleInfo (RoleInfo.java:updateAndGet(130)) - 68bb5eda-bd33-4c69-8072-1d50c624965b: start 68bb5eda-bd33-4c69-8072-1d50c624965b@group-6CEC28450F41-FollowerState
2021-10-05 12:30:49,938 [grpc-default-executor-4] INFO  server.RaftServer$Division (RaftServerImpl.java:requestVote(1043)) - 2bb368a1-0b98-4d80-88d0-01e7dc221ebc@group-6CEC28450F41: receive requestVote(ELECTION, d71bc4e1-8510-48b6-bd5d-14418744517b, group-6CEC28450F41, 1, (t:0, i:0))
2021-10-05 12:30:49,941 [d71bc4e1-8510-48b6-bd5d-14418744517b@group-3C3686484471-LeaderElection9] INFO  impl.LeaderElection (LeaderElection.java:askForVotes(308)) - d71bc4e1-8510-48b6-bd5d-14418744517b@group-3C3686484471-LeaderElection9 ELECTION round 0: result PASSED (term=1)
2021-10-05 12:30:49,941 [68bb5eda-bd33-4c69-8072-1d50c624965b@group-6CEC28450F41-FollowerState] INFO  impl.FollowerState (FollowerState.java:run(143)) - 68bb5eda-bd33-4c69-8072-1d50c624965b@group-6CEC28450F41-FollowerState was interrupted: {}
java.lang.InterruptedException: sleep interrupted
	at java.lang.Thread.sleep(Native Method)
	at java.lang.Thread.sleep(Thread.java:340)
	at java.util.concurrent.TimeUnit.sleep(TimeUnit.java:386)
	at org.apache.ratis.util.TimeDuration.sleep(TimeDuration.java:324)
	at org.apache.ratis.util.TimeDuration.sleep(TimeDuration.java:309)
	at org.apache.ratis.server.impl.FollowerState.run(FollowerState.java:118)
2021-10-05 12:30:49,941 [d71bc4e1-8510-48b6-bd5d-14418744517b@group-3C3686484471-LeaderElection9] INFO  impl.RoleInfo (RoleInfo.java:shutdownLeaderElection(121)) - d71bc4e1-8510-48b6-bd5d-14418744517b: shutdown d71bc4e1-8510-48b6-bd5d-14418744517b@group-3C3686484471-LeaderElection9
2021-10-05 12:30:49,942 [d71bc4e1-8510-48b6-bd5d-14418744517b@group-3C3686484471-LeaderElection9] INFO  server.RaftServer$Division (RaftServerImpl.java:setRole(285)) - d71bc4e1-8510-48b6-bd5d-14418744517b@group-3C3686484471: changes role from CANDIDATE to LEADER at term 1 for changeToLeader
2021-10-05 12:30:49,942 [d71bc4e1-8510-48b6-bd5d-14418744517b@group-3C3686484471-LeaderElection9] INFO  ratis.XceiverServerRatis (XceiverServerRatis.java:handleLeaderChangedNotification(861)) - Leader change notification received for group: group-3C3686484471 with new leaderId: d71bc4e1-8510-48b6-bd5d-14418744517b
2021-10-05 12:30:49,942 [d71bc4e1-8510-48b6-bd5d-14418744517b@group-3C3686484471-LeaderElection9] INFO  server.RaftServer$Division (ServerState.java:setLeader(285)) - d71bc4e1-8510-48b6-bd5d-14418744517b@group-3C3686484471: change Leader from null to d71bc4e1-8510-48b6-bd5d-14418744517b at term 1 for becomeLeader, leader elected after 5047ms
2021-10-05 12:30:49,942 [d71bc4e1-8510-48b6-bd5d-14418744517b@group-3C3686484471-LeaderElection9] INFO  server.RaftServerConfigKeys (ConfUtils.java:logGet(44)) - raft.server.staging.catchup.gap = 1000 (default)
2021-10-05 12:30:49,943 [grpc-default-executor-2] INFO  server.RaftServer$Division (RaftServerImpl.java:requestVote(1075)) - 68bb5eda-bd33-4c69-8072-1d50c624965b@group-6CEC28450F41 replies to ELECTION vote request: d71bc4e1-8510-48b6-bd5d-14418744517b<-68bb5eda-bd33-4c69-8072-1d50c624965b#0:FAIL-t1. Peer's state: 68bb5eda-bd33-4c69-8072-1d50c624965b@group-6CEC28450F41:t1, leader=null, voted=null, raftlog=68bb5eda-bd33-4c69-8072-1d50c624965b@group-6CEC28450F41-SegmentedRaftLog:OPENED:c-1,f-1,i0, conf=-1: [2bb368a1-0b98-4d80-88d0-01e7dc221ebc|rpc:10.1.0.10:46877|dataStream:|priority:0, d71bc4e1-8510-48b6-bd5d-14418744517b|rpc:10.1.0.10:34433|dataStream:|priority:0, 68bb5eda-bd33-4c69-8072-1d50c624965b|rpc:10.1.0.10:36961|dataStream:|priority:1], old=null
2021-10-05 12:30:49,943 [2bb368a1-0b98-4d80-88d0-01e7dc221ebc@group-6CEC28450F41-LeaderElection10] INFO  impl.LeaderElection (LeaderElection.java:askForVotes(306)) - 2bb368a1-0b98-4d80-88d0-01e7dc221ebc@group-6CEC28450F41-LeaderElection10 ELECTION round 0: submit vote requests at term 1 for -1: [2bb368a1-0b98-4d80-88d0-01e7dc221ebc|rpc:10.1.0.10:46877|priority:0, d71bc4e1-8510-48b6-bd5d-14418744517b|rpc:10.1.0.10:34433|priority:0, 68bb5eda-bd33-4c69-8072-1d50c624965b|rpc:10.1.0.10:36961|priority:1], old=null
2021-10-05 12:30:49,943 [d71bc4e1-8510-48b6-bd5d-14418744517b@group-3C3686484471-LeaderElection9] INFO  server.RaftServerConfigKeys (ConfUtils.java:logGet(44)) - raft.server.write.element-limit = 1024 (custom)
2021-10-05 12:30:49,944 [grpc-default-executor-4] INFO  impl.VoteContext (VoteContext.java:log(48)) - 2bb368a1-0b98-4d80-88d0-01e7dc221ebc@group-6CEC28450F41-CANDIDATE: reject ELECTION from d71bc4e1-8510-48b6-bd5d-14418744517b: already has voted for 2bb368a1-0b98-4d80-88d0-01e7dc221ebc at current term 1
2021-10-05 12:30:49,948 [grpc-default-executor-4] INFO  server.RaftServer$Division (RaftServerImpl.java:requestVote(1075)) - 2bb368a1-0b98-4d80-88d0-01e7dc221ebc@group-6CEC28450F41 replies to ELECTION vote request: d71bc4e1-8510-48b6-bd5d-14418744517b<-2bb368a1-0b98-4d80-88d0-01e7dc221ebc#0:FAIL-t1. Peer's state: 2bb368a1-0b98-4d80-88d0-01e7dc221ebc@group-6CEC28450F41:t1, leader=null, voted=2bb368a1-0b98-4d80-88d0-01e7dc221ebc, raftlog=2bb368a1-0b98-4d80-88d0-01e7dc221ebc@group-6CEC28450F41-SegmentedRaftLog:OPENED:c-1,f-1,i0, conf=-1: [2bb368a1-0b98-4d80-88d0-01e7dc221ebc|rpc:10.1.0.10:46877|priority:0, d71bc4e1-8510-48b6-bd5d-14418744517b|rpc:10.1.0.10:34433|priority:0, 68bb5eda-bd33-4c69-8072-1d50c624965b|rpc:10.1.0.10:36961|priority:1], old=null
2021-10-05 12:30:49,944 [EventQueue-OpenPipelineForHealthyPipelineSafeModeRule] INFO  safemode.SCMSafeModeManager (HealthyPipelineSafeModeRule.java:process(124)) - SCM in safe mode. Healthy pipelines reported count is 0, required healthy pipeline reported count is 1
2021-10-05 12:30:49,947 [d71bc4e1-8510-48b6-bd5d-14418744517b@group-3C3686484471-LeaderElection9] INFO  server.RaftServerConfigKeys (ConfUtils.java:logGet(44)) - raft.server.write.byte-limit = 1024 M (=1073741824) (custom)
2021-10-05 12:30:49,948 [d71bc4e1-8510-48b6-bd5d-14418744517b@group-3C3686484471-LeaderElection9] INFO  server.RaftServerConfigKeys (ConfUtils.java:logGet(44)) - raft.server.watch.timeout = 180s (custom)
2021-10-05 12:30:49,949 [d71bc4e1-8510-48b6-bd5d-14418744517b@group-3C3686484471-LeaderElection9] INFO  server.RaftServerConfigKeys (ConfUtils.java:logGet(44)) - raft.server.watch.timeout.denomination = 1s (default)
2021-10-05 12:30:49,949 [d71bc4e1-8510-48b6-bd5d-14418744517b@group-3C3686484471-LeaderElection9] INFO  server.RaftServerConfigKeys (ConfUtils.java:logGet(44)) - raft.server.watch.element-limit = 65536 (default)
2021-10-05 12:30:49,949 [d71bc4e1-8510-48b6-bd5d-14418744517b@group-3C3686484471-LeaderElection9] INFO  impl.RoleInfo (RoleInfo.java:updateAndGet(130)) - d71bc4e1-8510-48b6-bd5d-14418744517b: start d71bc4e1-8510-48b6-bd5d-14418744517b@group-3C3686484471-LeaderStateImpl
2021-10-05 12:30:49,949 [d71bc4e1-8510-48b6-bd5d-14418744517b@group-3C3686484471-LeaderElection9] INFO  segmented.SegmentedRaftLogWorker (SegmentedRaftLogWorker.java:startLogSegment(394)) - d71bc4e1-8510-48b6-bd5d-14418744517b@group-3C3686484471-SegmentedRaftLogWorker: Starting segment from index:0
2021-10-05 12:30:49,949 [d71bc4e1-8510-48b6-bd5d-14418744517b@group-6CEC28450F41-LeaderElection8] INFO  impl.LeaderElection (LeaderElection.java:logAndReturn(89)) - d71bc4e1-8510-48b6-bd5d-14418744517b@group-6CEC28450F41-LeaderElection8: ELECTION REJECTED received 1 response(s) and 0 exception(s):
2021-10-05 12:30:49,949 [d71bc4e1-8510-48b6-bd5d-14418744517b@group-6CEC28450F41-LeaderElection8] INFO  impl.LeaderElection (LeaderElection.java:logAndReturn(93)) -   Response 0: d71bc4e1-8510-48b6-bd5d-14418744517b<-68bb5eda-bd33-4c69-8072-1d50c624965b#0:FAIL-t1
2021-10-05 12:30:49,951 [d71bc4e1-8510-48b6-bd5d-14418744517b@group-3C3686484471-SegmentedRaftLogWorker] INFO  segmented.SegmentedRaftLogWorker (SegmentedRaftLogWorker.java:execute(601)) - d71bc4e1-8510-48b6-bd5d-14418744517b@group-3C3686484471-SegmentedRaftLogWorker: created new log segment /home/runner/work/ozone/ozone/hadoop-ozone/integration-test/target/test-dir/MiniOzoneClusterImpl-37ac24e5-edd8-4d0c-a990-01310c91afa3/datanode-1/data/ratis/1c36bc61-91bb-463a-a034-3c3686484471/current/log_inprogress_0
2021-10-05 12:30:49,955 [d71bc4e1-8510-48b6-bd5d-14418744517b@group-6CEC28450F41-LeaderElection8] INFO  impl.LeaderElection (LeaderElection.java:askForVotes(308)) - d71bc4e1-8510-48b6-bd5d-14418744517b@group-6CEC28450F41-LeaderElection8 ELECTION round 0: result REJECTED
2021-10-05 12:30:49,956 [d71bc4e1-8510-48b6-bd5d-14418744517b@group-6CEC28450F41-LeaderElection8] INFO  server.RaftServer$Division (RaftServerImpl.java:setRole(285)) - d71bc4e1-8510-48b6-bd5d-14418744517b@group-6CEC28450F41: changes role from CANDIDATE to FOLLOWER at term 1 for REJECTED
2021-10-05 12:30:49,956 [d71bc4e1-8510-48b6-bd5d-14418744517b@group-6CEC28450F41-LeaderElection8] INFO  impl.RoleInfo (RoleInfo.java:shutdownLeaderElection(121)) - d71bc4e1-8510-48b6-bd5d-14418744517b: shutdown d71bc4e1-8510-48b6-bd5d-14418744517b@group-6CEC28450F41-LeaderElection8
2021-10-05 12:30:49,956 [d71bc4e1-8510-48b6-bd5d-14418744517b@group-6CEC28450F41-LeaderElection8] INFO  impl.RoleInfo (RoleInfo.java:updateAndGet(130)) - d71bc4e1-8510-48b6-bd5d-14418744517b: start d71bc4e1-8510-48b6-bd5d-14418744517b@group-6CEC28450F41-FollowerState
2021-10-05 12:30:49,960 [d71bc4e1-8510-48b6-bd5d-14418744517b@group-3C3686484471-LeaderElection9] INFO  server.RaftServer$Division (ServerState.java:setRaftConf(387)) - d71bc4e1-8510-48b6-bd5d-14418744517b@group-3C3686484471: set configuration 0: [d71bc4e1-8510-48b6-bd5d-14418744517b|rpc:10.1.0.10:34433|dataStream:|priority:1], old=null
2021-10-05 12:30:49,963 [grpc-default-executor-2] INFO  server.RaftServer$Division (RaftServerImpl.java:requestVote(1043)) - d71bc4e1-8510-48b6-bd5d-14418744517b@group-6CEC28450F41: receive requestVote(ELECTION, 2bb368a1-0b98-4d80-88d0-01e7dc221ebc, group-6CEC28450F41, 1, (t:0, i:0))
2021-10-05 12:30:49,963 [grpc-default-executor-2] INFO  impl.VoteContext (VoteContext.java:log(48)) - d71bc4e1-8510-48b6-bd5d-14418744517b@group-6CEC28450F41-FOLLOWER: reject ELECTION from 2bb368a1-0b98-4d80-88d0-01e7dc221ebc: already has voted for d71bc4e1-8510-48b6-bd5d-14418744517b at current term 1
2021-10-05 12:30:49,963 [grpc-default-executor-2] INFO  server.RaftServer$Division (RaftServerImpl.java:requestVote(1075)) - d71bc4e1-8510-48b6-bd5d-14418744517b@group-6CEC28450F41 replies to ELECTION vote request: 2bb368a1-0b98-4d80-88d0-01e7dc221ebc<-d71bc4e1-8510-48b6-bd5d-14418744517b#0:FAIL-t1. Peer's state: d71bc4e1-8510-48b6-bd5d-14418744517b@group-6CEC28450F41:t1, leader=null, voted=d71bc4e1-8510-48b6-bd5d-14418744517b, raftlog=d71bc4e1-8510-48b6-bd5d-14418744517b@group-6CEC28450F41-SegmentedRaftLog:OPENED:c-1,f-1,i0, conf=-1: [2bb368a1-0b98-4d80-88d0-01e7dc221ebc|rpc:10.1.0.10:46877|dataStream:|priority:0, d71bc4e1-8510-48b6-bd5d-14418744517b|rpc:10.1.0.10:34433|dataStream:|priority:0, 68bb5eda-bd33-4c69-8072-1d50c624965b|rpc:10.1.0.10:36961|dataStream:|priority:1], old=null
2021-10-05 12:30:49,966 [grpc-default-executor-2] INFO  server.RaftServer$Division (RaftServerImpl.java:requestVote(1043)) - 68bb5eda-bd33-4c69-8072-1d50c624965b@group-6CEC28450F41: receive requestVote(ELECTION, 2bb368a1-0b98-4d80-88d0-01e7dc221ebc, group-6CEC28450F41, 1, (t:0, i:0))
2021-10-05 12:30:49,966 [grpc-default-executor-2] INFO  impl.VoteContext (VoteContext.java:log(48)) - 68bb5eda-bd33-4c69-8072-1d50c624965b@group-6CEC28450F41-FOLLOWER: reject ELECTION from 2bb368a1-0b98-4d80-88d0-01e7dc221ebc: our priority 1 > candidate's priority 0
2021-10-05 12:30:49,966 [grpc-default-executor-2] INFO  server.RaftServer$Division (RaftServerImpl.java:setRole(285)) - 68bb5eda-bd33-4c69-8072-1d50c624965b@group-6CEC28450F41: changes role from  FOLLOWER to FOLLOWER at term 1 for candidate:2bb368a1-0b98-4d80-88d0-01e7dc221ebc
2021-10-05 12:30:49,966 [grpc-default-executor-2] INFO  impl.RoleInfo (RoleInfo.java:shutdownFollowerState(108)) - 68bb5eda-bd33-4c69-8072-1d50c624965b: shutdown 68bb5eda-bd33-4c69-8072-1d50c624965b@group-6CEC28450F41-FollowerState
2021-10-05 12:30:49,966 [grpc-default-executor-2] INFO  impl.RoleInfo (RoleInfo.java:updateAndGet(130)) - 68bb5eda-bd33-4c69-8072-1d50c624965b: start 68bb5eda-bd33-4c69-8072-1d50c624965b@group-6CEC28450F41-FollowerState
2021-10-05 12:30:49,966 [68bb5eda-bd33-4c69-8072-1d50c624965b@group-6CEC28450F41-FollowerState] INFO  impl.FollowerState (FollowerState.java:run(143)) - 68bb5eda-bd33-4c69-8072-1d50c624965b@group-6CEC28450F41-FollowerState was interrupted: {}
java.lang.InterruptedException: sleep interrupted
	at java.lang.Thread.sleep(Native Method)
	at java.lang.Thread.sleep(Thread.java:340)
	at java.util.concurrent.TimeUnit.sleep(TimeUnit.java:386)
	at org.apache.ratis.util.TimeDuration.sleep(TimeDuration.java:324)
	at org.apache.ratis.util.TimeDuration.sleep(TimeDuration.java:309)
	at org.apache.ratis.server.impl.FollowerState.run(FollowerState.java:118)
2021-10-05 12:30:49,972 [grpc-default-executor-2] INFO  server.RaftServer$Division (RaftServerImpl.java:requestVote(1075)) - 68bb5eda-bd33-4c69-8072-1d50c624965b@group-6CEC28450F41 replies to ELECTION vote request: 2bb368a1-0b98-4d80-88d0-01e7dc221ebc<-68bb5eda-bd33-4c69-8072-1d50c624965b#0:FAIL-t1. Peer's state: 68bb5eda-bd33-4c69-8072-1d50c624965b@group-6CEC28450F41:t1, leader=null, voted=null, raftlog=68bb5eda-bd33-4c69-8072-1d50c624965b@group-6CEC28450F41-SegmentedRaftLog:OPENED:c-1,f-1,i0, conf=-1: [2bb368a1-0b98-4d80-88d0-01e7dc221ebc|rpc:10.1.0.10:46877|dataStream:|priority:0, d71bc4e1-8510-48b6-bd5d-14418744517b|rpc:10.1.0.10:34433|dataStream:|priority:0, 68bb5eda-bd33-4c69-8072-1d50c624965b|rpc:10.1.0.10:36961|dataStream:|priority:1], old=null
2021-10-05 12:30:49,973 [2bb368a1-0b98-4d80-88d0-01e7dc221ebc@group-6CEC28450F41-LeaderElection10] INFO  impl.LeaderElection (LeaderElection.java:logAndReturn(89)) - 2bb368a1-0b98-4d80-88d0-01e7dc221ebc@group-6CEC28450F41-LeaderElection10: ELECTION REJECTED received 2 response(s) and 0 exception(s):
2021-10-05 12:30:49,973 [2bb368a1-0b98-4d80-88d0-01e7dc221ebc@group-6CEC28450F41-LeaderElection10] INFO  impl.LeaderElection (LeaderElection.java:logAndReturn(93)) -   Response 0: 2bb368a1-0b98-4d80-88d0-01e7dc221ebc<-d71bc4e1-8510-48b6-bd5d-14418744517b#0:FAIL-t1
2021-10-05 12:30:49,973 [2bb368a1-0b98-4d80-88d0-01e7dc221ebc@group-6CEC28450F41-LeaderElection10] INFO  impl.LeaderElection (LeaderElection.java:logAndReturn(93)) -   Response 1: 2bb368a1-0b98-4d80-88d0-01e7dc221ebc<-68bb5eda-bd33-4c69-8072-1d50c624965b#0:FAIL-t1
2021-10-05 12:30:49,973 [2bb368a1-0b98-4d80-88d0-01e7dc221ebc@group-6CEC28450F41-LeaderElection10] INFO  impl.LeaderElection (LeaderElection.java:askForVotes(308)) - 2bb368a1-0b98-4d80-88d0-01e7dc221ebc@group-6CEC28450F41-LeaderElection10 ELECTION round 0: result REJECTED
2021-10-05 12:30:49,973 [2bb368a1-0b98-4d80-88d0-01e7dc221ebc@group-6CEC28450F41-LeaderElection10] INFO  server.RaftServer$Division (RaftServerImpl.java:setRole(285)) - 2bb368a1-0b98-4d80-88d0-01e7dc221ebc@group-6CEC28450F41: changes role from CANDIDATE to FOLLOWER at term 1 for REJECTED
2021-10-05 12:30:49,973 [2bb368a1-0b98-4d80-88d0-01e7dc221ebc@group-6CEC28450F41-LeaderElection10] INFO  impl.RoleInfo (RoleInfo.java:shutdownLeaderElection(121)) - 2bb368a1-0b98-4d80-88d0-01e7dc221ebc: shutdown 2bb368a1-0b98-4d80-88d0-01e7dc221ebc@group-6CEC28450F41-LeaderElection10
2021-10-05 12:30:49,973 [2bb368a1-0b98-4d80-88d0-01e7dc221ebc@group-6CEC28450F41-LeaderElection10] INFO  impl.RoleInfo (RoleInfo.java:updateAndGet(130)) - 2bb368a1-0b98-4d80-88d0-01e7dc221ebc: start 2bb368a1-0b98-4d80-88d0-01e7dc221ebc@group-6CEC28450F41-FollowerState
2021-10-05 12:30:50,229 [Listener at 127.0.0.1/10612] INFO  ozone.MiniOzoneClusterImpl (MiniOzoneClusterImpl.java:lambda$waitForClusterToBeReady$0(235)) - Nodes are ready. Got 3 of 3 DN Heartbeats.
2021-10-05 12:30:50,231 [Listener at 127.0.0.1/10612] INFO  ozone.MiniOzoneClusterImpl (MiniOzoneClusterImpl.java:lambda$waitForClusterToBeReady$0(238)) - Waiting for cluster to exit safe mode
2021-10-05 12:30:50,231 [Listener at 127.0.0.1/10612] INFO  ozone.MiniOzoneClusterImpl (MiniOzoneClusterImpl.java:lambda$waitForClusterToBeReady$0(240)) - SCM became leader
2021-10-05 12:30:50,410 [68bb5eda-bd33-4c69-8072-1d50c624965b@group-CCB1DBFEC880-FollowerState] INFO  impl.FollowerState (FollowerState.java:run(134)) - 68bb5eda-bd33-4c69-8072-1d50c624965b@group-CCB1DBFEC880-FollowerState: change to CANDIDATE, lastRpcElapsedTime:5163790045ns, electionTimeout:5163ms
2021-10-05 12:30:50,411 [68bb5eda-bd33-4c69-8072-1d50c624965b@group-CCB1DBFEC880-FollowerState] INFO  impl.RoleInfo (RoleInfo.java:shutdownFollowerState(108)) - 68bb5eda-bd33-4c69-8072-1d50c624965b: shutdown 68bb5eda-bd33-4c69-8072-1d50c624965b@group-CCB1DBFEC880-FollowerState
2021-10-05 12:30:50,411 [68bb5eda-bd33-4c69-8072-1d50c624965b@group-CCB1DBFEC880-FollowerState] INFO  server.RaftServer$Division (RaftServerImpl.java:setRole(285)) - 68bb5eda-bd33-4c69-8072-1d50c624965b@group-CCB1DBFEC880: changes role from  FOLLOWER to CANDIDATE at term 0 for changeToCandidate
2021-10-05 12:30:50,411 [68bb5eda-bd33-4c69-8072-1d50c624965b@group-CCB1DBFEC880-FollowerState] INFO  server.RaftServerConfigKeys (ConfUtils.java:logGet(44)) - raft.server.leaderelection.pre-vote = false (custom)
2021-10-05 12:30:50,411 [68bb5eda-bd33-4c69-8072-1d50c624965b@group-CCB1DBFEC880-FollowerState] INFO  impl.RoleInfo (RoleInfo.java:updateAndGet(130)) - 68bb5eda-bd33-4c69-8072-1d50c624965b: start 68bb5eda-bd33-4c69-8072-1d50c624965b@group-CCB1DBFEC880-LeaderElection11
2021-10-05 12:30:50,414 [68bb5eda-bd33-4c69-8072-1d50c624965b@group-CCB1DBFEC880-LeaderElection11] INFO  impl.LeaderElection (LeaderElection.java:askForVotes(306)) - 68bb5eda-bd33-4c69-8072-1d50c624965b@group-CCB1DBFEC880-LeaderElection11 ELECTION round 0: submit vote requests at term 1 for -1: [68bb5eda-bd33-4c69-8072-1d50c624965b|rpc:10.1.0.10:36961|priority:1], old=null
2021-10-05 12:30:50,414 [68bb5eda-bd33-4c69-8072-1d50c624965b@group-CCB1DBFEC880-LeaderElection11] INFO  impl.LeaderElection (LeaderElection.java:askForVotes(308)) - 68bb5eda-bd33-4c69-8072-1d50c624965b@group-CCB1DBFEC880-LeaderElection11 ELECTION round 0: result PASSED (term=1)
2021-10-05 12:30:50,414 [68bb5eda-bd33-4c69-8072-1d50c624965b@group-CCB1DBFEC880-LeaderElection11] INFO  impl.RoleInfo (RoleInfo.java:shutdownLeaderElection(121)) - 68bb5eda-bd33-4c69-8072-1d50c624965b: shutdown 68bb5eda-bd33-4c69-8072-1d50c624965b@group-CCB1DBFEC880-LeaderElection11
2021-10-05 12:30:50,415 [68bb5eda-bd33-4c69-8072-1d50c624965b@group-CCB1DBFEC880-LeaderElection11] INFO  server.RaftServer$Division (RaftServerImpl.java:setRole(285)) - 68bb5eda-bd33-4c69-8072-1d50c624965b@group-CCB1DBFEC880: changes role from CANDIDATE to LEADER at term 1 for changeToLeader
2021-10-05 12:30:50,415 [68bb5eda-bd33-4c69-8072-1d50c624965b@group-CCB1DBFEC880-LeaderElection11] INFO  ratis.XceiverServerRatis (XceiverServerRatis.java:handleLeaderChangedNotification(861)) - Leader change notification received for group: group-CCB1DBFEC880 with new leaderId: 68bb5eda-bd33-4c69-8072-1d50c624965b
2021-10-05 12:30:50,415 [68bb5eda-bd33-4c69-8072-1d50c624965b@group-CCB1DBFEC880-LeaderElection11] INFO  server.RaftServer$Division (ServerState.java:setLeader(285)) - 68bb5eda-bd33-4c69-8072-1d50c624965b@group-CCB1DBFEC880: change Leader from null to 68bb5eda-bd33-4c69-8072-1d50c624965b at term 1 for becomeLeader, leader elected after 5178ms
2021-10-05 12:30:50,416 [68bb5eda-bd33-4c69-8072-1d50c624965b@group-CCB1DBFEC880-LeaderElection11] INFO  server.RaftServerConfigKeys (ConfUtils.java:logGet(44)) - raft.server.staging.catchup.gap = 1000 (default)
2021-10-05 12:30:50,416 [Datanode State Machine Thread - 0] WARN  statemachine.StateContext (StateContext.java:execute(621)) - No available thread in pool for past 1 seconds.
2021-10-05 12:30:50,416 [68bb5eda-bd33-4c69-8072-1d50c624965b@group-CCB1DBFEC880-LeaderElection11] INFO  server.RaftServerConfigKeys (ConfUtils.java:logGet(44)) - raft.server.write.element-limit = 1024 (custom)
2021-10-05 12:30:50,416 [68bb5eda-bd33-4c69-8072-1d50c624965b@group-CCB1DBFEC880-LeaderElection11] INFO  server.RaftServerConfigKeys (ConfUtils.java:logGet(44)) - raft.server.write.byte-limit = 1024 M (=1073741824) (custom)
2021-10-05 12:30:50,416 [68bb5eda-bd33-4c69-8072-1d50c624965b@group-CCB1DBFEC880-LeaderElection11] INFO  server.RaftServerConfigKeys (ConfUtils.java:logGet(44)) - raft.server.watch.timeout = 180s (custom)
2021-10-05 12:30:50,416 [68bb5eda-bd33-4c69-8072-1d50c624965b@group-CCB1DBFEC880-LeaderElection11] INFO  server.RaftServerConfigKeys (ConfUtils.java:logGet(44)) - raft.server.watch.timeout.denomination = 1s (default)
2021-10-05 12:30:50,416 [68bb5eda-bd33-4c69-8072-1d50c624965b@group-CCB1DBFEC880-LeaderElection11] INFO  server.RaftServerConfigKeys (ConfUtils.java:logGet(44)) - raft.server.watch.element-limit = 65536 (default)
2021-10-05 12:30:50,416 [68bb5eda-bd33-4c69-8072-1d50c624965b@group-CCB1DBFEC880-LeaderElection11] INFO  impl.RoleInfo (RoleInfo.java:updateAndGet(130)) - 68bb5eda-bd33-4c69-8072-1d50c624965b: start 68bb5eda-bd33-4c69-8072-1d50c624965b@group-CCB1DBFEC880-LeaderStateImpl
2021-10-05 12:30:50,417 [68bb5eda-bd33-4c69-8072-1d50c624965b@group-CCB1DBFEC880-LeaderElection11] INFO  segmented.SegmentedRaftLogWorker (SegmentedRaftLogWorker.java:startLogSegment(394)) - 68bb5eda-bd33-4c69-8072-1d50c624965b@group-CCB1DBFEC880-SegmentedRaftLogWorker: Starting segment from index:0
2021-10-05 12:30:50,417 [EventQueue-OpenPipelineForHealthyPipelineSafeModeRule] INFO  safemode.SCMSafeModeManager (HealthyPipelineSafeModeRule.java:process(124)) - SCM in safe mode. Healthy pipelines reported count is 0, required healthy pipeline reported count is 1
2021-10-05 12:30:50,424 [68bb5eda-bd33-4c69-8072-1d50c624965b@group-CCB1DBFEC880-LeaderElection11] INFO  server.RaftServer$Division (ServerState.java:setRaftConf(387)) - 68bb5eda-bd33-4c69-8072-1d50c624965b@group-CCB1DBFEC880: set configuration 0: [68bb5eda-bd33-4c69-8072-1d50c624965b|rpc:10.1.0.10:36961|dataStream:|priority:1], old=null
2021-10-05 12:30:50,424 [68bb5eda-bd33-4c69-8072-1d50c624965b@group-CCB1DBFEC880-SegmentedRaftLogWorker] INFO  segmented.SegmentedRaftLogWorker (SegmentedRaftLogWorker.java:execute(601)) - 68bb5eda-bd33-4c69-8072-1d50c624965b@group-CCB1DBFEC880-SegmentedRaftLogWorker: created new log segment /home/runner/work/ozone/ozone/hadoop-ozone/integration-test/target/test-dir/MiniOzoneClusterImpl-37ac24e5-edd8-4d0c-a990-01310c91afa3/datanode-2/data/ratis/c81109c1-8177-4c91-a7df-ccb1dbfec880/current/log_inprogress_0
2021-10-05 12:30:51,232 [Listener at 127.0.0.1/10612] INFO  ozone.MiniOzoneClusterImpl (MiniOzoneClusterImpl.java:lambda$waitForClusterToBeReady$0(235)) - Nodes are ready. Got 3 of 3 DN Heartbeats.
2021-10-05 12:30:51,232 [Listener at 127.0.0.1/10612] INFO  ozone.MiniOzoneClusterImpl (MiniOzoneClusterImpl.java:lambda$waitForClusterToBeReady$0(238)) - Waiting for cluster to exit safe mode
2021-10-05 12:30:51,232 [Listener at 127.0.0.1/10612] INFO  ozone.MiniOzoneClusterImpl (MiniOzoneClusterImpl.java:lambda$waitForClusterToBeReady$0(240)) - SCM became leader
2021-10-05 12:30:52,233 [Listener at 127.0.0.1/10612] INFO  ozone.MiniOzoneClusterImpl (MiniOzoneClusterImpl.java:lambda$waitForClusterToBeReady$0(235)) - Nodes are ready. Got 3 of 3 DN Heartbeats.
2021-10-05 12:30:52,233 [Listener at 127.0.0.1/10612] INFO  ozone.MiniOzoneClusterImpl (MiniOzoneClusterImpl.java:lambda$waitForClusterToBeReady$0(238)) - Waiting for cluster to exit safe mode
2021-10-05 12:30:52,233 [Listener at 127.0.0.1/10612] INFO  ozone.MiniOzoneClusterImpl (MiniOzoneClusterImpl.java:lambda$waitForClusterToBeReady$0(240)) - SCM became leader
2021-10-05 12:30:53,233 [Listener at 127.0.0.1/10612] INFO  ozone.MiniOzoneClusterImpl (MiniOzoneClusterImpl.java:lambda$waitForClusterToBeReady$0(235)) - Nodes are ready. Got 3 of 3 DN Heartbeats.
2021-10-05 12:30:53,234 [Listener at 127.0.0.1/10612] INFO  ozone.MiniOzoneClusterImpl (MiniOzoneClusterImpl.java:lambda$waitForClusterToBeReady$0(238)) - Waiting for cluster to exit safe mode
2021-10-05 12:30:53,234 [Listener at 127.0.0.1/10612] INFO  ozone.MiniOzoneClusterImpl (MiniOzoneClusterImpl.java:lambda$waitForClusterToBeReady$0(240)) - SCM became leader
2021-10-05 12:30:54,234 [Listener at 127.0.0.1/10612] INFO  ozone.MiniOzoneClusterImpl (MiniOzoneClusterImpl.java:lambda$waitForClusterToBeReady$0(235)) - Nodes are ready. Got 3 of 3 DN Heartbeats.
2021-10-05 12:30:54,235 [Listener at 127.0.0.1/10612] INFO  ozone.MiniOzoneClusterImpl (MiniOzoneClusterImpl.java:lambda$waitForClusterToBeReady$0(238)) - Waiting for cluster to exit safe mode
2021-10-05 12:30:54,235 [Listener at 127.0.0.1/10612] INFO  ozone.MiniOzoneClusterImpl (MiniOzoneClusterImpl.java:lambda$waitForClusterToBeReady$0(240)) - SCM became leader
2021-10-05 12:30:54,854 [68bb5eda-bd33-4c69-8072-1d50c624965b@group-FE0EE74E4C2E-FollowerState] INFO  impl.FollowerState (FollowerState.java:run(134)) - 68bb5eda-bd33-4c69-8072-1d50c624965b@group-FE0EE74E4C2E-FollowerState: change to CANDIDATE, lastRpcElapsedTime:5082640624ns, electionTimeout:5080ms
2021-10-05 12:30:54,854 [68bb5eda-bd33-4c69-8072-1d50c624965b@group-FE0EE74E4C2E-FollowerState] INFO  impl.RoleInfo (RoleInfo.java:shutdownFollowerState(108)) - 68bb5eda-bd33-4c69-8072-1d50c624965b: shutdown 68bb5eda-bd33-4c69-8072-1d50c624965b@group-FE0EE74E4C2E-FollowerState
2021-10-05 12:30:54,854 [68bb5eda-bd33-4c69-8072-1d50c624965b@group-FE0EE74E4C2E-FollowerState] INFO  server.RaftServer$Division (RaftServerImpl.java:setRole(285)) - 68bb5eda-bd33-4c69-8072-1d50c624965b@group-FE0EE74E4C2E: changes role from  FOLLOWER to CANDIDATE at term 1 for changeToCandidate
2021-10-05 12:30:54,855 [68bb5eda-bd33-4c69-8072-1d50c624965b@group-FE0EE74E4C2E-FollowerState] INFO  server.RaftServerConfigKeys (ConfUtils.java:logGet(44)) - raft.server.leaderelection.pre-vote = false (custom)
2021-10-05 12:30:54,855 [68bb5eda-bd33-4c69-8072-1d50c624965b@group-FE0EE74E4C2E-FollowerState] INFO  impl.RoleInfo (RoleInfo.java:updateAndGet(130)) - 68bb5eda-bd33-4c69-8072-1d50c624965b: start 68bb5eda-bd33-4c69-8072-1d50c624965b@group-FE0EE74E4C2E-LeaderElection12
2021-10-05 12:30:54,858 [68bb5eda-bd33-4c69-8072-1d50c624965b@group-FE0EE74E4C2E-LeaderElection12] INFO  impl.LeaderElection (LeaderElection.java:askForVotes(306)) - 68bb5eda-bd33-4c69-8072-1d50c624965b@group-FE0EE74E4C2E-LeaderElection12 ELECTION round 0: submit vote requests at term 2 for -1: [2bb368a1-0b98-4d80-88d0-01e7dc221ebc|rpc:10.1.0.10:46877|dataStream:|priority:1, d71bc4e1-8510-48b6-bd5d-14418744517b|rpc:10.1.0.10:34433|dataStream:|priority:0, 68bb5eda-bd33-4c69-8072-1d50c624965b|rpc:10.1.0.10:36961|dataStream:|priority:0], old=null
2021-10-05 12:30:54,863 [grpc-default-executor-2] INFO  server.RaftServer$Division (RaftServerImpl.java:requestVote(1043)) - 2bb368a1-0b98-4d80-88d0-01e7dc221ebc@group-FE0EE74E4C2E: receive requestVote(ELECTION, 68bb5eda-bd33-4c69-8072-1d50c624965b, group-FE0EE74E4C2E, 2, (t:0, i:0))
2021-10-05 12:30:54,863 [grpc-default-executor-4] INFO  server.RaftServer$Division (RaftServerImpl.java:requestVote(1043)) - d71bc4e1-8510-48b6-bd5d-14418744517b@group-FE0EE74E4C2E: receive requestVote(ELECTION, 68bb5eda-bd33-4c69-8072-1d50c624965b, group-FE0EE74E4C2E, 2, (t:0, i:0))
2021-10-05 12:30:54,864 [grpc-default-executor-4] INFO  impl.VoteContext (VoteContext.java:log(48)) - d71bc4e1-8510-48b6-bd5d-14418744517b@group-FE0EE74E4C2E-FOLLOWER: accept ELECTION from 68bb5eda-bd33-4c69-8072-1d50c624965b: our priority 0 <= candidate's priority 0
2021-10-05 12:30:54,864 [grpc-default-executor-4] INFO  server.RaftServer$Division (RaftServerImpl.java:setRole(285)) - d71bc4e1-8510-48b6-bd5d-14418744517b@group-FE0EE74E4C2E: changes role from  FOLLOWER to FOLLOWER at term 2 for candidate:68bb5eda-bd33-4c69-8072-1d50c624965b
2021-10-05 12:30:54,864 [grpc-default-executor-4] INFO  impl.RoleInfo (RoleInfo.java:shutdownFollowerState(108)) - d71bc4e1-8510-48b6-bd5d-14418744517b: shutdown d71bc4e1-8510-48b6-bd5d-14418744517b@group-FE0EE74E4C2E-FollowerState
2021-10-05 12:30:54,863 [grpc-default-executor-2] INFO  impl.VoteContext (VoteContext.java:log(48)) - 2bb368a1-0b98-4d80-88d0-01e7dc221ebc@group-FE0EE74E4C2E-FOLLOWER: reject ELECTION from 68bb5eda-bd33-4c69-8072-1d50c624965b: our priority 1 > candidate's priority 0
2021-10-05 12:30:54,864 [d71bc4e1-8510-48b6-bd5d-14418744517b@group-FE0EE74E4C2E-FollowerState] INFO  impl.FollowerState (FollowerState.java:run(143)) - d71bc4e1-8510-48b6-bd5d-14418744517b@group-FE0EE74E4C2E-FollowerState was interrupted: {}
java.lang.InterruptedException: sleep interrupted
	at java.lang.Thread.sleep(Native Method)
	at java.lang.Thread.sleep(Thread.java:340)
	at java.util.concurrent.TimeUnit.sleep(TimeUnit.java:386)
	at org.apache.ratis.util.TimeDuration.sleep(TimeDuration.java:324)
	at org.apache.ratis.util.TimeDuration.sleep(TimeDuration.java:309)
	at org.apache.ratis.server.impl.FollowerState.run(FollowerState.java:118)
2021-10-05 12:30:54,864 [grpc-default-executor-4] INFO  impl.RoleInfo (RoleInfo.java:updateAndGet(130)) - d71bc4e1-8510-48b6-bd5d-14418744517b: start d71bc4e1-8510-48b6-bd5d-14418744517b@group-FE0EE74E4C2E-FollowerState
2021-10-05 12:30:54,864 [grpc-default-executor-2] INFO  server.RaftServer$Division (RaftServerImpl.java:setRole(285)) - 2bb368a1-0b98-4d80-88d0-01e7dc221ebc@group-FE0EE74E4C2E: changes role from  FOLLOWER to FOLLOWER at term 2 for candidate:68bb5eda-bd33-4c69-8072-1d50c624965b
2021-10-05 12:30:54,864 [grpc-default-executor-2] INFO  impl.RoleInfo (RoleInfo.java:shutdownFollowerState(108)) - 2bb368a1-0b98-4d80-88d0-01e7dc221ebc: shutdown 2bb368a1-0b98-4d80-88d0-01e7dc221ebc@group-FE0EE74E4C2E-FollowerState
2021-10-05 12:30:54,865 [grpc-default-executor-2] INFO  impl.RoleInfo (RoleInfo.java:updateAndGet(130)) - 2bb368a1-0b98-4d80-88d0-01e7dc221ebc: start 2bb368a1-0b98-4d80-88d0-01e7dc221ebc@group-FE0EE74E4C2E-FollowerState
2021-10-05 12:30:54,872 [grpc-default-executor-4] INFO  server.RaftServer$Division (RaftServerImpl.java:requestVote(1075)) - d71bc4e1-8510-48b6-bd5d-14418744517b@group-FE0EE74E4C2E replies to ELECTION vote request: 68bb5eda-bd33-4c69-8072-1d50c624965b<-d71bc4e1-8510-48b6-bd5d-14418744517b#0:OK-t2. Peer's state: d71bc4e1-8510-48b6-bd5d-14418744517b@group-FE0EE74E4C2E:t2, leader=null, voted=68bb5eda-bd33-4c69-8072-1d50c624965b, raftlog=d71bc4e1-8510-48b6-bd5d-14418744517b@group-FE0EE74E4C2E-SegmentedRaftLog:OPENED:c-1,f-1,i0, conf=-1: [2bb368a1-0b98-4d80-88d0-01e7dc221ebc|rpc:10.1.0.10:46877|dataStream:|priority:1, d71bc4e1-8510-48b6-bd5d-14418744517b|rpc:10.1.0.10:34433|dataStream:|priority:0, 68bb5eda-bd33-4c69-8072-1d50c624965b|rpc:10.1.0.10:36961|dataStream:|priority:0], old=null
2021-10-05 12:30:54,872 [grpc-default-executor-2] INFO  server.RaftServer$Division (RaftServerImpl.java:requestVote(1075)) - 2bb368a1-0b98-4d80-88d0-01e7dc221ebc@group-FE0EE74E4C2E replies to ELECTION vote request: 68bb5eda-bd33-4c69-8072-1d50c624965b<-2bb368a1-0b98-4d80-88d0-01e7dc221ebc#0:FAIL-t2. Peer's state: 2bb368a1-0b98-4d80-88d0-01e7dc221ebc@group-FE0EE74E4C2E:t2, leader=null, voted=null, raftlog=2bb368a1-0b98-4d80-88d0-01e7dc221ebc@group-FE0EE74E4C2E-SegmentedRaftLog:OPENED:c-1,f-1,i0, conf=-1: [2bb368a1-0b98-4d80-88d0-01e7dc221ebc|rpc:10.1.0.10:46877|priority:1, d71bc4e1-8510-48b6-bd5d-14418744517b|rpc:10.1.0.10:34433|priority:0, 68bb5eda-bd33-4c69-8072-1d50c624965b|rpc:10.1.0.10:36961|priority:0], old=null
2021-10-05 12:30:54,872 [2bb368a1-0b98-4d80-88d0-01e7dc221ebc@group-FE0EE74E4C2E-FollowerState] INFO  impl.FollowerState (FollowerState.java:run(143)) - 2bb368a1-0b98-4d80-88d0-01e7dc221ebc@group-FE0EE74E4C2E-FollowerState was interrupted: {}
java.lang.InterruptedException: sleep interrupted
	at java.lang.Thread.sleep(Native Method)
	at java.lang.Thread.sleep(Thread.java:340)
	at java.util.concurrent.TimeUnit.sleep(TimeUnit.java:386)
	at org.apache.ratis.util.TimeDuration.sleep(TimeDuration.java:324)
	at org.apache.ratis.util.TimeDuration.sleep(TimeDuration.java:309)
	at org.apache.ratis.server.impl.FollowerState.run(FollowerState.java:118)
2021-10-05 12:30:54,874 [68bb5eda-bd33-4c69-8072-1d50c624965b@group-FE0EE74E4C2E-LeaderElection12] INFO  impl.LeaderElection (LeaderElection.java:logAndReturn(89)) - 68bb5eda-bd33-4c69-8072-1d50c624965b@group-FE0EE74E4C2E-LeaderElection12: ELECTION REJECTED received 1 response(s) and 0 exception(s):
2021-10-05 12:30:54,875 [68bb5eda-bd33-4c69-8072-1d50c624965b@group-FE0EE74E4C2E-LeaderElection12] INFO  impl.LeaderElection (LeaderElection.java:logAndReturn(93)) -   Response 0: 68bb5eda-bd33-4c69-8072-1d50c624965b<-2bb368a1-0b98-4d80-88d0-01e7dc221ebc#0:FAIL-t2
2021-10-05 12:30:54,875 [68bb5eda-bd33-4c69-8072-1d50c624965b@group-FE0EE74E4C2E-LeaderElection12] INFO  impl.LeaderElection (LeaderElection.java:askForVotes(308)) - 68bb5eda-bd33-4c69-8072-1d50c624965b@group-FE0EE74E4C2E-LeaderElection12 ELECTION round 0: result REJECTED
2021-10-05 12:30:54,875 [68bb5eda-bd33-4c69-8072-1d50c624965b@group-FE0EE74E4C2E-LeaderElection12] INFO  server.RaftServer$Division (RaftServerImpl.java:setRole(285)) - 68bb5eda-bd33-4c69-8072-1d50c624965b@group-FE0EE74E4C2E: changes role from CANDIDATE to FOLLOWER at term 2 for REJECTED
2021-10-05 12:30:54,875 [68bb5eda-bd33-4c69-8072-1d50c624965b@group-FE0EE74E4C2E-LeaderElection12] INFO  impl.RoleInfo (RoleInfo.java:shutdownLeaderElection(121)) - 68bb5eda-bd33-4c69-8072-1d50c624965b: shutdown 68bb5eda-bd33-4c69-8072-1d50c624965b@group-FE0EE74E4C2E-LeaderElection12
2021-10-05 12:30:54,875 [68bb5eda-bd33-4c69-8072-1d50c624965b@group-FE0EE74E4C2E-LeaderElection12] INFO  impl.RoleInfo (RoleInfo.java:updateAndGet(130)) - 68bb5eda-bd33-4c69-8072-1d50c624965b: start 68bb5eda-bd33-4c69-8072-1d50c624965b@group-FE0EE74E4C2E-FollowerState
2021-10-05 12:30:54,977 [d71bc4e1-8510-48b6-bd5d-14418744517b@group-6CEC28450F41-FollowerState] INFO  impl.FollowerState (FollowerState.java:run(134)) - d71bc4e1-8510-48b6-bd5d-14418744517b@group-6CEC28450F41-FollowerState: change to CANDIDATE, lastRpcElapsedTime:5020892211ns, electionTimeout:5016ms
2021-10-05 12:30:54,977 [d71bc4e1-8510-48b6-bd5d-14418744517b@group-6CEC28450F41-FollowerState] INFO  impl.RoleInfo (RoleInfo.java:shutdownFollowerState(108)) - d71bc4e1-8510-48b6-bd5d-14418744517b: shutdown d71bc4e1-8510-48b6-bd5d-14418744517b@group-6CEC28450F41-FollowerState
2021-10-05 12:30:54,977 [d71bc4e1-8510-48b6-bd5d-14418744517b@group-6CEC28450F41-FollowerState] INFO  server.RaftServer$Division (RaftServerImpl.java:setRole(285)) - d71bc4e1-8510-48b6-bd5d-14418744517b@group-6CEC28450F41: changes role from  FOLLOWER to CANDIDATE at term 1 for changeToCandidate
2021-10-05 12:30:54,977 [d71bc4e1-8510-48b6-bd5d-14418744517b@group-6CEC28450F41-FollowerState] INFO  server.RaftServerConfigKeys (ConfUtils.java:logGet(44)) - raft.server.leaderelection.pre-vote = false (custom)
2021-10-05 12:30:54,977 [d71bc4e1-8510-48b6-bd5d-14418744517b@group-6CEC28450F41-FollowerState] INFO  impl.RoleInfo (RoleInfo.java:updateAndGet(130)) - d71bc4e1-8510-48b6-bd5d-14418744517b: start d71bc4e1-8510-48b6-bd5d-14418744517b@group-6CEC28450F41-LeaderElection13
2021-10-05 12:30:54,981 [d71bc4e1-8510-48b6-bd5d-14418744517b@group-6CEC28450F41-LeaderElection13] INFO  impl.LeaderElection (LeaderElection.java:askForVotes(306)) - d71bc4e1-8510-48b6-bd5d-14418744517b@group-6CEC28450F41-LeaderElection13 ELECTION round 0: submit vote requests at term 2 for -1: [2bb368a1-0b98-4d80-88d0-01e7dc221ebc|rpc:10.1.0.10:46877|dataStream:|priority:0, d71bc4e1-8510-48b6-bd5d-14418744517b|rpc:10.1.0.10:34433|dataStream:|priority:0, 68bb5eda-bd33-4c69-8072-1d50c624965b|rpc:10.1.0.10:36961|dataStream:|priority:1], old=null
2021-10-05 12:30:54,985 [grpc-default-executor-2] INFO  server.RaftServer$Division (RaftServerImpl.java:requestVote(1043)) - 2bb368a1-0b98-4d80-88d0-01e7dc221ebc@group-6CEC28450F41: receive requestVote(ELECTION, d71bc4e1-8510-48b6-bd5d-14418744517b, group-6CEC28450F41, 2, (t:0, i:0))
2021-10-05 12:30:54,985 [grpc-default-executor-4] INFO  server.RaftServer$Division (RaftServerImpl.java:requestVote(1043)) - 68bb5eda-bd33-4c69-8072-1d50c624965b@group-6CEC28450F41: receive requestVote(ELECTION, d71bc4e1-8510-48b6-bd5d-14418744517b, group-6CEC28450F41, 2, (t:0, i:0))
2021-10-05 12:30:54,986 [grpc-default-executor-4] INFO  impl.VoteContext (VoteContext.java:log(48)) - 68bb5eda-bd33-4c69-8072-1d50c624965b@group-6CEC28450F41-FOLLOWER: reject ELECTION from d71bc4e1-8510-48b6-bd5d-14418744517b: our priority 1 > candidate's priority 0
2021-10-05 12:30:54,986 [grpc-default-executor-2] INFO  impl.VoteContext (VoteContext.java:log(48)) - 2bb368a1-0b98-4d80-88d0-01e7dc221ebc@group-6CEC28450F41-FOLLOWER: accept ELECTION from d71bc4e1-8510-48b6-bd5d-14418744517b: our priority 0 <= candidate's priority 0
2021-10-05 12:30:54,986 [grpc-default-executor-4] INFO  server.RaftServer$Division (RaftServerImpl.java:setRole(285)) - 68bb5eda-bd33-4c69-8072-1d50c624965b@group-6CEC28450F41: changes role from  FOLLOWER to FOLLOWER at term 2 for candidate:d71bc4e1-8510-48b6-bd5d-14418744517b
2021-10-05 12:30:54,987 [grpc-default-executor-4] INFO  impl.RoleInfo (RoleInfo.java:shutdownFollowerState(108)) - 68bb5eda-bd33-4c69-8072-1d50c624965b: shutdown 68bb5eda-bd33-4c69-8072-1d50c624965b@group-6CEC28450F41-FollowerState
2021-10-05 12:30:54,986 [grpc-default-executor-2] INFO  server.RaftServer$Division (RaftServerImpl.java:setRole(285)) - 2bb368a1-0b98-4d80-88d0-01e7dc221ebc@group-6CEC28450F41: changes role from  FOLLOWER to FOLLOWER at term 2 for candidate:d71bc4e1-8510-48b6-bd5d-14418744517b
2021-10-05 12:30:54,987 [68bb5eda-bd33-4c69-8072-1d50c624965b@group-6CEC28450F41-FollowerState] INFO  impl.FollowerState (FollowerState.java:run(143)) - 68bb5eda-bd33-4c69-8072-1d50c624965b@group-6CEC28450F41-FollowerState was interrupted: {}
java.lang.InterruptedException: sleep interrupted
	at java.lang.Thread.sleep(Native Method)
	at java.lang.Thread.sleep(Thread.java:340)
	at java.util.concurrent.TimeUnit.sleep(TimeUnit.java:386)
	at org.apache.ratis.util.TimeDuration.sleep(TimeDuration.java:324)
	at org.apache.ratis.util.TimeDuration.sleep(TimeDuration.java:309)
	at org.apache.ratis.server.impl.FollowerState.run(FollowerState.java:118)
2021-10-05 12:30:54,987 [grpc-default-executor-4] INFO  impl.RoleInfo (RoleInfo.java:updateAndGet(130)) - 68bb5eda-bd33-4c69-8072-1d50c624965b: start 68bb5eda-bd33-4c69-8072-1d50c624965b@group-6CEC28450F41-FollowerState
2021-10-05 12:30:54,987 [grpc-default-executor-2] INFO  impl.RoleInfo (RoleInfo.java:shutdownFollowerState(108)) - 2bb368a1-0b98-4d80-88d0-01e7dc221ebc: shutdown 2bb368a1-0b98-4d80-88d0-01e7dc221ebc@group-6CEC28450F41-FollowerState
2021-10-05 12:30:54,990 [grpc-default-executor-2] INFO  impl.RoleInfo (RoleInfo.java:updateAndGet(130)) - 2bb368a1-0b98-4d80-88d0-01e7dc221ebc: start 2bb368a1-0b98-4d80-88d0-01e7dc221ebc@group-6CEC28450F41-FollowerState
2021-10-05 12:30:54,990 [2bb368a1-0b98-4d80-88d0-01e7dc221ebc@group-6CEC28450F41-FollowerState] INFO  impl.FollowerState (FollowerState.java:run(143)) - 2bb368a1-0b98-4d80-88d0-01e7dc221ebc@group-6CEC28450F41-FollowerState was interrupted: {}
java.lang.InterruptedException: sleep interrupted
	at java.lang.Thread.sleep(Native Method)
	at java.lang.Thread.sleep(Thread.java:340)
	at java.util.concurrent.TimeUnit.sleep(TimeUnit.java:386)
	at org.apache.ratis.util.TimeDuration.sleep(TimeDuration.java:324)
	at org.apache.ratis.util.TimeDuration.sleep(TimeDuration.java:309)
	at org.apache.ratis.server.impl.FollowerState.run(FollowerState.java:118)
2021-10-05 12:30:54,991 [grpc-default-executor-4] INFO  server.RaftServer$Division (RaftServerImpl.java:requestVote(1075)) - 68bb5eda-bd33-4c69-8072-1d50c624965b@group-6CEC28450F41 replies to ELECTION vote request: d71bc4e1-8510-48b6-bd5d-14418744517b<-68bb5eda-bd33-4c69-8072-1d50c624965b#0:FAIL-t2. Peer's state: 68bb5eda-bd33-4c69-8072-1d50c624965b@group-6CEC28450F41:t2, leader=null, voted=null, raftlog=68bb5eda-bd33-4c69-8072-1d50c624965b@group-6CEC28450F41-SegmentedRaftLog:OPENED:c-1,f-1,i0, conf=-1: [2bb368a1-0b98-4d80-88d0-01e7dc221ebc|rpc:10.1.0.10:46877|dataStream:|priority:0, d71bc4e1-8510-48b6-bd5d-14418744517b|rpc:10.1.0.10:34433|dataStream:|priority:0, 68bb5eda-bd33-4c69-8072-1d50c624965b|rpc:10.1.0.10:36961|dataStream:|priority:1], old=null
2021-10-05 12:30:54,992 [d71bc4e1-8510-48b6-bd5d-14418744517b@group-6CEC28450F41-LeaderElection13] INFO  impl.LeaderElection (LeaderElection.java:logAndReturn(89)) - d71bc4e1-8510-48b6-bd5d-14418744517b@group-6CEC28450F41-LeaderElection13: ELECTION REJECTED received 1 response(s) and 0 exception(s):
2021-10-05 12:30:54,992 [d71bc4e1-8510-48b6-bd5d-14418744517b@group-6CEC28450F41-LeaderElection13] INFO  impl.LeaderElection (LeaderElection.java:logAndReturn(93)) -   Response 0: d71bc4e1-8510-48b6-bd5d-14418744517b<-68bb5eda-bd33-4c69-8072-1d50c624965b#0:FAIL-t2
2021-10-05 12:30:54,992 [d71bc4e1-8510-48b6-bd5d-14418744517b@group-6CEC28450F41-LeaderElection13] INFO  impl.LeaderElection (LeaderElection.java:askForVotes(308)) - d71bc4e1-8510-48b6-bd5d-14418744517b@group-6CEC28450F41-LeaderElection13 ELECTION round 0: result REJECTED
2021-10-05 12:30:54,992 [d71bc4e1-8510-48b6-bd5d-14418744517b@group-6CEC28450F41-LeaderElection13] INFO  server.RaftServer$Division (RaftServerImpl.java:setRole(285)) - d71bc4e1-8510-48b6-bd5d-14418744517b@group-6CEC28450F41: changes role from CANDIDATE to FOLLOWER at term 2 for REJECTED
2021-10-05 12:30:54,992 [grpc-default-executor-2] INFO  server.RaftServer$Division (RaftServerImpl.java:requestVote(1075)) - 2bb368a1-0b98-4d80-88d0-01e7dc221ebc@group-6CEC28450F41 replies to ELECTION vote request: d71bc4e1-8510-48b6-bd5d-14418744517b<-2bb368a1-0b98-4d80-88d0-01e7dc221ebc#0:OK-t2. Peer's state: 2bb368a1-0b98-4d80-88d0-01e7dc221ebc@group-6CEC28450F41:t2, leader=null, voted=d71bc4e1-8510-48b6-bd5d-14418744517b, raftlog=2bb368a1-0b98-4d80-88d0-01e7dc221ebc@group-6CEC28450F41-SegmentedRaftLog:OPENED:c-1,f-1,i0, conf=-1: [2bb368a1-0b98-4d80-88d0-01e7dc221ebc|rpc:10.1.0.10:46877|priority:0, d71bc4e1-8510-48b6-bd5d-14418744517b|rpc:10.1.0.10:34433|priority:0, 68bb5eda-bd33-4c69-8072-1d50c624965b|rpc:10.1.0.10:36961|priority:1], old=null
2021-10-05 12:30:54,992 [d71bc4e1-8510-48b6-bd5d-14418744517b@group-6CEC28450F41-LeaderElection13] INFO  impl.RoleInfo (RoleInfo.java:shutdownLeaderElection(121)) - d71bc4e1-8510-48b6-bd5d-14418744517b: shutdown d71bc4e1-8510-48b6-bd5d-14418744517b@group-6CEC28450F41-LeaderElection13
2021-10-05 12:30:54,993 [d71bc4e1-8510-48b6-bd5d-14418744517b@group-6CEC28450F41-LeaderElection13] INFO  impl.RoleInfo (RoleInfo.java:updateAndGet(130)) - d71bc4e1-8510-48b6-bd5d-14418744517b: start d71bc4e1-8510-48b6-bd5d-14418744517b@group-6CEC28450F41-FollowerState
2021-10-05 12:30:55,235 [Listener at 127.0.0.1/10612] INFO  ozone.MiniOzoneClusterImpl (MiniOzoneClusterImpl.java:lambda$waitForClusterToBeReady$0(235)) - Nodes are ready. Got 3 of 3 DN Heartbeats.
2021-10-05 12:30:55,238 [Listener at 127.0.0.1/10612] INFO  ozone.MiniOzoneClusterImpl (MiniOzoneClusterImpl.java:lambda$waitForClusterToBeReady$0(238)) - Waiting for cluster to exit safe mode
2021-10-05 12:30:55,238 [Listener at 127.0.0.1/10612] INFO  ozone.MiniOzoneClusterImpl (MiniOzoneClusterImpl.java:lambda$waitForClusterToBeReady$0(240)) - SCM became leader
2021-10-05 12:30:56,239 [Listener at 127.0.0.1/10612] INFO  ozone.MiniOzoneClusterImpl (MiniOzoneClusterImpl.java:lambda$waitForClusterToBeReady$0(235)) - Nodes are ready. Got 3 of 3 DN Heartbeats.
2021-10-05 12:30:56,239 [Listener at 127.0.0.1/10612] INFO  ozone.MiniOzoneClusterImpl (MiniOzoneClusterImpl.java:lambda$waitForClusterToBeReady$0(238)) - Waiting for cluster to exit safe mode
2021-10-05 12:30:56,239 [Listener at 127.0.0.1/10612] INFO  ozone.MiniOzoneClusterImpl (MiniOzoneClusterImpl.java:lambda$waitForClusterToBeReady$0(240)) - SCM became leader
2021-10-05 12:30:57,239 [Listener at 127.0.0.1/10612] INFO  ozone.MiniOzoneClusterImpl (MiniOzoneClusterImpl.java:lambda$waitForClusterToBeReady$0(235)) - Nodes are ready. Got 3 of 3 DN Heartbeats.
2021-10-05 12:30:57,240 [Listener at 127.0.0.1/10612] INFO  ozone.MiniOzoneClusterImpl (MiniOzoneClusterImpl.java:lambda$waitForClusterToBeReady$0(238)) - Waiting for cluster to exit safe mode
2021-10-05 12:30:57,240 [Listener at 127.0.0.1/10612] INFO  ozone.MiniOzoneClusterImpl (MiniOzoneClusterImpl.java:lambda$waitForClusterToBeReady$0(240)) - SCM became leader
2021-10-05 12:30:58,240 [Listener at 127.0.0.1/10612] INFO  ozone.MiniOzoneClusterImpl (MiniOzoneClusterImpl.java:lambda$waitForClusterToBeReady$0(235)) - Nodes are ready. Got 3 of 3 DN Heartbeats.
2021-10-05 12:30:58,241 [Listener at 127.0.0.1/10612] INFO  ozone.MiniOzoneClusterImpl (MiniOzoneClusterImpl.java:lambda$waitForClusterToBeReady$0(238)) - Waiting for cluster to exit safe mode
2021-10-05 12:30:58,241 [Listener at 127.0.0.1/10612] INFO  ozone.MiniOzoneClusterImpl (MiniOzoneClusterImpl.java:lambda$waitForClusterToBeReady$0(240)) - SCM became leader
2021-10-05 12:30:59,241 [Listener at 127.0.0.1/10612] INFO  ozone.MiniOzoneClusterImpl (MiniOzoneClusterImpl.java:lambda$waitForClusterToBeReady$0(235)) - Nodes are ready. Got 3 of 3 DN Heartbeats.
2021-10-05 12:30:59,241 [Listener at 127.0.0.1/10612] INFO  ozone.MiniOzoneClusterImpl (MiniOzoneClusterImpl.java:lambda$waitForClusterToBeReady$0(238)) - Waiting for cluster to exit safe mode
2021-10-05 12:30:59,241 [Listener at 127.0.0.1/10612] INFO  ozone.MiniOzoneClusterImpl (MiniOzoneClusterImpl.java:lambda$waitForClusterToBeReady$0(240)) - SCM became leader
2021-10-05 12:31:00,055 [68bb5eda-bd33-4c69-8072-1d50c624965b@group-FE0EE74E4C2E-FollowerState] INFO  impl.FollowerState (FollowerState.java:run(134)) - 68bb5eda-bd33-4c69-8072-1d50c624965b@group-FE0EE74E4C2E-FollowerState: change to CANDIDATE, lastRpcElapsedTime:5179602461ns, electionTimeout:5168ms
2021-10-05 12:31:00,056 [68bb5eda-bd33-4c69-8072-1d50c624965b@group-FE0EE74E4C2E-FollowerState] INFO  impl.RoleInfo (RoleInfo.java:shutdownFollowerState(108)) - 68bb5eda-bd33-4c69-8072-1d50c624965b: shutdown 68bb5eda-bd33-4c69-8072-1d50c624965b@group-FE0EE74E4C2E-FollowerState
2021-10-05 12:31:00,056 [68bb5eda-bd33-4c69-8072-1d50c624965b@group-FE0EE74E4C2E-FollowerState] INFO  server.RaftServer$Division (RaftServerImpl.java:setRole(285)) - 68bb5eda-bd33-4c69-8072-1d50c624965b@group-FE0EE74E4C2E: changes role from  FOLLOWER to CANDIDATE at term 2 for changeToCandidate
2021-10-05 12:31:00,056 [68bb5eda-bd33-4c69-8072-1d50c624965b@group-FE0EE74E4C2E-FollowerState] INFO  server.RaftServerConfigKeys (ConfUtils.java:logGet(44)) - raft.server.leaderelection.pre-vote = false (custom)
2021-10-05 12:31:00,056 [68bb5eda-bd33-4c69-8072-1d50c624965b@group-FE0EE74E4C2E-FollowerState] INFO  impl.RoleInfo (RoleInfo.java:updateAndGet(130)) - 68bb5eda-bd33-4c69-8072-1d50c624965b: start 68bb5eda-bd33-4c69-8072-1d50c624965b@group-FE0EE74E4C2E-LeaderElection14
2021-10-05 12:31:00,059 [68bb5eda-bd33-4c69-8072-1d50c624965b@group-FE0EE74E4C2E-LeaderElection14] INFO  impl.LeaderElection (LeaderElection.java:askForVotes(306)) - 68bb5eda-bd33-4c69-8072-1d50c624965b@group-FE0EE74E4C2E-LeaderElection14 ELECTION round 0: submit vote requests at term 3 for -1: [2bb368a1-0b98-4d80-88d0-01e7dc221ebc|rpc:10.1.0.10:46877|dataStream:|priority:1, d71bc4e1-8510-48b6-bd5d-14418744517b|rpc:10.1.0.10:34433|dataStream:|priority:0, 68bb5eda-bd33-4c69-8072-1d50c624965b|rpc:10.1.0.10:36961|dataStream:|priority:0], old=null
2021-10-05 12:31:00,060 [2bb368a1-0b98-4d80-88d0-01e7dc221ebc@group-FE0EE74E4C2E-FollowerState] INFO  impl.FollowerState (FollowerState.java:run(134)) - 2bb368a1-0b98-4d80-88d0-01e7dc221ebc@group-FE0EE74E4C2E-FollowerState: change to CANDIDATE, lastRpcElapsedTime:5194994073ns, electionTimeout:5188ms
2021-10-05 12:31:00,060 [2bb368a1-0b98-4d80-88d0-01e7dc221ebc@group-FE0EE74E4C2E-FollowerState] INFO  impl.RoleInfo (RoleInfo.java:shutdownFollowerState(108)) - 2bb368a1-0b98-4d80-88d0-01e7dc221ebc: shutdown 2bb368a1-0b98-4d80-88d0-01e7dc221ebc@group-FE0EE74E4C2E-FollowerState
2021-10-05 12:31:00,060 [2bb368a1-0b98-4d80-88d0-01e7dc221ebc@group-FE0EE74E4C2E-FollowerState] INFO  server.RaftServer$Division (RaftServerImpl.java:setRole(285)) - 2bb368a1-0b98-4d80-88d0-01e7dc221ebc@group-FE0EE74E4C2E: changes role from  FOLLOWER to CANDIDATE at term 2 for changeToCandidate
2021-10-05 12:31:00,060 [2bb368a1-0b98-4d80-88d0-01e7dc221ebc@group-FE0EE74E4C2E-FollowerState] INFO  server.RaftServerConfigKeys (ConfUtils.java:logGet(44)) - raft.server.leaderelection.pre-vote = false (custom)
2021-10-05 12:31:00,060 [2bb368a1-0b98-4d80-88d0-01e7dc221ebc@group-FE0EE74E4C2E-FollowerState] INFO  impl.RoleInfo (RoleInfo.java:updateAndGet(130)) - 2bb368a1-0b98-4d80-88d0-01e7dc221ebc: start 2bb368a1-0b98-4d80-88d0-01e7dc221ebc@group-FE0EE74E4C2E-LeaderElection15
2021-10-05 12:31:00,063 [2bb368a1-0b98-4d80-88d0-01e7dc221ebc@group-FE0EE74E4C2E-LeaderElection15] INFO  impl.LeaderElection (LeaderElection.java:askForVotes(306)) - 2bb368a1-0b98-4d80-88d0-01e7dc221ebc@group-FE0EE74E4C2E-LeaderElection15 ELECTION round 0: submit vote requests at term 3 for -1: [2bb368a1-0b98-4d80-88d0-01e7dc221ebc|rpc:10.1.0.10:46877|priority:1, d71bc4e1-8510-48b6-bd5d-14418744517b|rpc:10.1.0.10:34433|priority:0, 68bb5eda-bd33-4c69-8072-1d50c624965b|rpc:10.1.0.10:36961|priority:0], old=null
2021-10-05 12:31:00,063 [68bb5eda-bd33-4c69-8072-1d50c624965b@group-6CEC28450F41-FollowerState] INFO  impl.FollowerState (FollowerState.java:run(134)) - 68bb5eda-bd33-4c69-8072-1d50c624965b@group-6CEC28450F41-FollowerState: change to CANDIDATE, lastRpcElapsedTime:5076653509ns, electionTimeout:5071ms
2021-10-05 12:31:00,073 [68bb5eda-bd33-4c69-8072-1d50c624965b@group-6CEC28450F41-FollowerState] INFO  impl.RoleInfo (RoleInfo.java:shutdownFollowerState(108)) - 68bb5eda-bd33-4c69-8072-1d50c624965b: shutdown 68bb5eda-bd33-4c69-8072-1d50c624965b@group-6CEC28450F41-FollowerState
2021-10-05 12:31:00,073 [68bb5eda-bd33-4c69-8072-1d50c624965b@group-6CEC28450F41-FollowerState] INFO  server.RaftServer$Division (RaftServerImpl.java:setRole(285)) - 68bb5eda-bd33-4c69-8072-1d50c624965b@group-6CEC28450F41: changes role from  FOLLOWER to CANDIDATE at term 2 for changeToCandidate
2021-10-05 12:31:00,073 [68bb5eda-bd33-4c69-8072-1d50c624965b@group-6CEC28450F41-FollowerState] INFO  server.RaftServerConfigKeys (ConfUtils.java:logGet(44)) - raft.server.leaderelection.pre-vote = false (custom)
2021-10-05 12:31:00,073 [68bb5eda-bd33-4c69-8072-1d50c624965b@group-6CEC28450F41-FollowerState] INFO  impl.RoleInfo (RoleInfo.java:updateAndGet(130)) - 68bb5eda-bd33-4c69-8072-1d50c624965b: start 68bb5eda-bd33-4c69-8072-1d50c624965b@group-6CEC28450F41-LeaderElection16
2021-10-05 12:31:00,074 [grpc-default-executor-2] INFO  server.RaftServer$Division (RaftServerImpl.java:requestVote(1043)) - 2bb368a1-0b98-4d80-88d0-01e7dc221ebc@group-FE0EE74E4C2E: receive requestVote(ELECTION, 68bb5eda-bd33-4c69-8072-1d50c624965b, group-FE0EE74E4C2E, 3, (t:0, i:0))
2021-10-05 12:31:00,074 [grpc-default-executor-2] INFO  impl.VoteContext (VoteContext.java:log(48)) - 2bb368a1-0b98-4d80-88d0-01e7dc221ebc@group-FE0EE74E4C2E-CANDIDATE: reject ELECTION from 68bb5eda-bd33-4c69-8072-1d50c624965b: already has voted for 2bb368a1-0b98-4d80-88d0-01e7dc221ebc at current term 3
2021-10-05 12:31:00,074 [grpc-default-executor-2] INFO  server.RaftServer$Division (RaftServerImpl.java:requestVote(1075)) - 2bb368a1-0b98-4d80-88d0-01e7dc221ebc@group-FE0EE74E4C2E replies to ELECTION vote request: 68bb5eda-bd33-4c69-8072-1d50c624965b<-2bb368a1-0b98-4d80-88d0-01e7dc221ebc#0:FAIL-t3. Peer's state: 2bb368a1-0b98-4d80-88d0-01e7dc221ebc@group-FE0EE74E4C2E:t3, leader=null, voted=2bb368a1-0b98-4d80-88d0-01e7dc221ebc, raftlog=2bb368a1-0b98-4d80-88d0-01e7dc221ebc@group-FE0EE74E4C2E-SegmentedRaftLog:OPENED:c-1,f-1,i0, conf=-1: [2bb368a1-0b98-4d80-88d0-01e7dc221ebc|rpc:10.1.0.10:46877|priority:1, d71bc4e1-8510-48b6-bd5d-14418744517b|rpc:10.1.0.10:34433|priority:0, 68bb5eda-bd33-4c69-8072-1d50c624965b|rpc:10.1.0.10:36961|priority:0], old=null
2021-10-05 12:31:00,076 [68bb5eda-bd33-4c69-8072-1d50c624965b@group-FE0EE74E4C2E-LeaderElection14] INFO  impl.LeaderElection (LeaderElection.java:logAndReturn(89)) - 68bb5eda-bd33-4c69-8072-1d50c624965b@group-FE0EE74E4C2E-LeaderElection14: ELECTION REJECTED received 1 response(s) and 0 exception(s):
2021-10-05 12:31:00,076 [68bb5eda-bd33-4c69-8072-1d50c624965b@group-FE0EE74E4C2E-LeaderElection14] INFO  impl.LeaderElection (LeaderElection.java:logAndReturn(93)) -   Response 0: 68bb5eda-bd33-4c69-8072-1d50c624965b<-2bb368a1-0b98-4d80-88d0-01e7dc221ebc#0:FAIL-t3
2021-10-05 12:31:00,076 [68bb5eda-bd33-4c69-8072-1d50c624965b@group-FE0EE74E4C2E-LeaderElection14] INFO  impl.LeaderElection (LeaderElection.java:askForVotes(308)) - 68bb5eda-bd33-4c69-8072-1d50c624965b@group-FE0EE74E4C2E-LeaderElection14 ELECTION round 0: result REJECTED
2021-10-05 12:31:00,076 [68bb5eda-bd33-4c69-8072-1d50c624965b@group-FE0EE74E4C2E-LeaderElection14] INFO  server.RaftServer$Division (RaftServerImpl.java:setRole(285)) - 68bb5eda-bd33-4c69-8072-1d50c624965b@group-FE0EE74E4C2E: changes role from CANDIDATE to FOLLOWER at term 3 for REJECTED
2021-10-05 12:31:00,076 [68bb5eda-bd33-4c69-8072-1d50c624965b@group-FE0EE74E4C2E-LeaderElection14] INFO  impl.RoleInfo (RoleInfo.java:shutdownLeaderElection(121)) - 68bb5eda-bd33-4c69-8072-1d50c624965b: shutdown 68bb5eda-bd33-4c69-8072-1d50c624965b@group-FE0EE74E4C2E-LeaderElection14
2021-10-05 12:31:00,076 [68bb5eda-bd33-4c69-8072-1d50c624965b@group-FE0EE74E4C2E-LeaderElection14] INFO  impl.RoleInfo (RoleInfo.java:updateAndGet(130)) - 68bb5eda-bd33-4c69-8072-1d50c624965b: start 68bb5eda-bd33-4c69-8072-1d50c624965b@group-FE0EE74E4C2E-FollowerState
2021-10-05 12:31:00,078 [68bb5eda-bd33-4c69-8072-1d50c624965b@group-6CEC28450F41-LeaderElection16] INFO  impl.LeaderElection (LeaderElection.java:askForVotes(306)) - 68bb5eda-bd33-4c69-8072-1d50c624965b@group-6CEC28450F41-LeaderElection16 ELECTION round 0: submit vote requests at term 3 for -1: [2bb368a1-0b98-4d80-88d0-01e7dc221ebc|rpc:10.1.0.10:46877|dataStream:|priority:0, d71bc4e1-8510-48b6-bd5d-14418744517b|rpc:10.1.0.10:34433|dataStream:|priority:0, 68bb5eda-bd33-4c69-8072-1d50c624965b|rpc:10.1.0.10:36961|dataStream:|priority:1], old=null
2021-10-05 12:31:00,080 [grpc-default-executor-0] INFO  server.RaftServer$Division (RaftServerImpl.java:requestVote(1043)) - 68bb5eda-bd33-4c69-8072-1d50c624965b@group-FE0EE74E4C2E: receive requestVote(ELECTION, 2bb368a1-0b98-4d80-88d0-01e7dc221ebc, group-FE0EE74E4C2E, 3, (t:0, i:0))
2021-10-05 12:31:00,080 [grpc-default-executor-0] INFO  impl.VoteContext (VoteContext.java:log(48)) - 68bb5eda-bd33-4c69-8072-1d50c624965b@group-FE0EE74E4C2E-FOLLOWER: reject ELECTION from 2bb368a1-0b98-4d80-88d0-01e7dc221ebc: already has voted for 68bb5eda-bd33-4c69-8072-1d50c624965b at current term 3
2021-10-05 12:31:00,080 [grpc-default-executor-0] INFO  server.RaftServer$Division (RaftServerImpl.java:requestVote(1075)) - 68bb5eda-bd33-4c69-8072-1d50c624965b@group-FE0EE74E4C2E replies to ELECTION vote request: 2bb368a1-0b98-4d80-88d0-01e7dc221ebc<-68bb5eda-bd33-4c69-8072-1d50c624965b#0:FAIL-t3. Peer's state: 68bb5eda-bd33-4c69-8072-1d50c624965b@group-FE0EE74E4C2E:t3, leader=null, voted=68bb5eda-bd33-4c69-8072-1d50c624965b, raftlog=68bb5eda-bd33-4c69-8072-1d50c624965b@group-FE0EE74E4C2E-SegmentedRaftLog:OPENED:c-1,f-1,i0, conf=-1: [2bb368a1-0b98-4d80-88d0-01e7dc221ebc|rpc:10.1.0.10:46877|dataStream:|priority:1, d71bc4e1-8510-48b6-bd5d-14418744517b|rpc:10.1.0.10:34433|dataStream:|priority:0, 68bb5eda-bd33-4c69-8072-1d50c624965b|rpc:10.1.0.10:36961|dataStream:|priority:0], old=null
2021-10-05 12:31:00,080 [grpc-default-executor-2] INFO  server.RaftServer$Division (RaftServerImpl.java:requestVote(1043)) - d71bc4e1-8510-48b6-bd5d-14418744517b@group-FE0EE74E4C2E: receive requestVote(ELECTION, 2bb368a1-0b98-4d80-88d0-01e7dc221ebc, group-FE0EE74E4C2E, 3, (t:0, i:0))
2021-10-05 12:31:00,083 [grpc-default-executor-0] INFO  server.RaftServer$Division (RaftServerImpl.java:requestVote(1043)) - 2bb368a1-0b98-4d80-88d0-01e7dc221ebc@group-6CEC28450F41: receive requestVote(ELECTION, 68bb5eda-bd33-4c69-8072-1d50c624965b, group-6CEC28450F41, 3, (t:0, i:0))
2021-10-05 12:31:00,083 [grpc-default-executor-0] INFO  impl.VoteContext (VoteContext.java:log(48)) - 2bb368a1-0b98-4d80-88d0-01e7dc221ebc@group-6CEC28450F41-FOLLOWER: accept ELECTION from 68bb5eda-bd33-4c69-8072-1d50c624965b: our priority 0 <= candidate's priority 1
2021-10-05 12:31:00,083 [grpc-default-executor-0] INFO  server.RaftServer$Division (RaftServerImpl.java:setRole(285)) - 2bb368a1-0b98-4d80-88d0-01e7dc221ebc@group-6CEC28450F41: changes role from  FOLLOWER to FOLLOWER at term 3 for candidate:68bb5eda-bd33-4c69-8072-1d50c624965b
2021-10-05 12:31:00,083 [grpc-default-executor-0] INFO  impl.RoleInfo (RoleInfo.java:shutdownFollowerState(108)) - 2bb368a1-0b98-4d80-88d0-01e7dc221ebc: shutdown 2bb368a1-0b98-4d80-88d0-01e7dc221ebc@group-6CEC28450F41-FollowerState
2021-10-05 12:31:00,084 [grpc-default-executor-0] INFO  impl.RoleInfo (RoleInfo.java:updateAndGet(130)) - 2bb368a1-0b98-4d80-88d0-01e7dc221ebc: start 2bb368a1-0b98-4d80-88d0-01e7dc221ebc@group-6CEC28450F41-FollowerState
2021-10-05 12:31:00,084 [2bb368a1-0b98-4d80-88d0-01e7dc221ebc@group-6CEC28450F41-FollowerState] INFO  impl.FollowerState (FollowerState.java:run(143)) - 2bb368a1-0b98-4d80-88d0-01e7dc221ebc@group-6CEC28450F41-FollowerState was interrupted: {}
java.lang.InterruptedException: sleep interrupted
	at java.lang.Thread.sleep(Native Method)
	at java.lang.Thread.sleep(Thread.java:340)
	at java.util.concurrent.TimeUnit.sleep(TimeUnit.java:386)
	at org.apache.ratis.util.TimeDuration.sleep(TimeDuration.java:324)
	at org.apache.ratis.util.TimeDuration.sleep(TimeDuration.java:309)
	at org.apache.ratis.server.impl.FollowerState.run(FollowerState.java:118)
2021-10-05 12:31:00,080 [grpc-default-executor-4] INFO  server.RaftServer$Division (RaftServerImpl.java:requestVote(1043)) - d71bc4e1-8510-48b6-bd5d-14418744517b@group-FE0EE74E4C2E: receive requestVote(ELECTION, 68bb5eda-bd33-4c69-8072-1d50c624965b, group-FE0EE74E4C2E, 3, (t:0, i:0))
2021-10-05 12:31:00,083 [grpc-default-executor-2] INFO  impl.VoteContext (VoteContext.java:log(48)) - d71bc4e1-8510-48b6-bd5d-14418744517b@group-FE0EE74E4C2E-FOLLOWER: accept ELECTION from 2bb368a1-0b98-4d80-88d0-01e7dc221ebc: our priority 0 <= candidate's priority 1
2021-10-05 12:31:00,084 [grpc-default-executor-2] INFO  server.RaftServer$Division (RaftServerImpl.java:setRole(285)) - d71bc4e1-8510-48b6-bd5d-14418744517b@group-FE0EE74E4C2E: changes role from  FOLLOWER to FOLLOWER at term 3 for candidate:2bb368a1-0b98-4d80-88d0-01e7dc221ebc
2021-10-05 12:31:00,084 [grpc-default-executor-2] INFO  impl.RoleInfo (RoleInfo.java:shutdownFollowerState(108)) - d71bc4e1-8510-48b6-bd5d-14418744517b: shutdown d71bc4e1-8510-48b6-bd5d-14418744517b@group-FE0EE74E4C2E-FollowerState
2021-10-05 12:31:00,086 [grpc-default-executor-2] INFO  impl.RoleInfo (RoleInfo.java:updateAndGet(130)) - d71bc4e1-8510-48b6-bd5d-14418744517b: start d71bc4e1-8510-48b6-bd5d-14418744517b@group-FE0EE74E4C2E-FollowerState
2021-10-05 12:31:00,086 [grpc-default-executor-0] INFO  server.RaftServer$Division (RaftServerImpl.java:requestVote(1075)) - 2bb368a1-0b98-4d80-88d0-01e7dc221ebc@group-6CEC28450F41 replies to ELECTION vote request: 68bb5eda-bd33-4c69-8072-1d50c624965b<-2bb368a1-0b98-4d80-88d0-01e7dc221ebc#0:OK-t3. Peer's state: 2bb368a1-0b98-4d80-88d0-01e7dc221ebc@group-6CEC28450F41:t3, leader=null, voted=68bb5eda-bd33-4c69-8072-1d50c624965b, raftlog=2bb368a1-0b98-4d80-88d0-01e7dc221ebc@group-6CEC28450F41-SegmentedRaftLog:OPENED:c-1,f-1,i0, conf=-1: [2bb368a1-0b98-4d80-88d0-01e7dc221ebc|rpc:10.1.0.10:46877|priority:0, d71bc4e1-8510-48b6-bd5d-14418744517b|rpc:10.1.0.10:34433|priority:0, 68bb5eda-bd33-4c69-8072-1d50c624965b|rpc:10.1.0.10:36961|priority:1], old=null
2021-10-05 12:31:00,086 [d71bc4e1-8510-48b6-bd5d-14418744517b@group-FE0EE74E4C2E-FollowerState] INFO  impl.FollowerState (FollowerState.java:run(143)) - d71bc4e1-8510-48b6-bd5d-14418744517b@group-FE0EE74E4C2E-FollowerState was interrupted: {}
java.lang.InterruptedException: sleep interrupted
	at java.lang.Thread.sleep(Native Method)
	at java.lang.Thread.sleep(Thread.java:340)
	at java.util.concurrent.TimeUnit.sleep(TimeUnit.java:386)
	at org.apache.ratis.util.TimeDuration.sleep(TimeDuration.java:324)
	at org.apache.ratis.util.TimeDuration.sleep(TimeDuration.java:309)
	at org.apache.ratis.server.impl.FollowerState.run(FollowerState.java:118)
2021-10-05 12:31:00,088 [grpc-default-executor-1] INFO  server.RaftServer$Division (RaftServerImpl.java:requestVote(1043)) - d71bc4e1-8510-48b6-bd5d-14418744517b@group-6CEC28450F41: receive requestVote(ELECTION, 68bb5eda-bd33-4c69-8072-1d50c624965b, group-6CEC28450F41, 3, (t:0, i:0))
2021-10-05 12:31:00,089 [grpc-default-executor-1] INFO  impl.VoteContext (VoteContext.java:log(48)) - d71bc4e1-8510-48b6-bd5d-14418744517b@group-6CEC28450F41-FOLLOWER: accept ELECTION from 68bb5eda-bd33-4c69-8072-1d50c624965b: our priority 0 <= candidate's priority 1
2021-10-05 12:31:00,089 [grpc-default-executor-1] INFO  server.RaftServer$Division (RaftServerImpl.java:setRole(285)) - d71bc4e1-8510-48b6-bd5d-14418744517b@group-6CEC28450F41: changes role from  FOLLOWER to FOLLOWER at term 3 for candidate:68bb5eda-bd33-4c69-8072-1d50c624965b
2021-10-05 12:31:00,089 [grpc-default-executor-1] INFO  impl.RoleInfo (RoleInfo.java:shutdownFollowerState(108)) - d71bc4e1-8510-48b6-bd5d-14418744517b: shutdown d71bc4e1-8510-48b6-bd5d-14418744517b@group-6CEC28450F41-FollowerState
2021-10-05 12:31:00,089 [grpc-default-executor-1] INFO  impl.RoleInfo (RoleInfo.java:updateAndGet(130)) - d71bc4e1-8510-48b6-bd5d-14418744517b: start d71bc4e1-8510-48b6-bd5d-14418744517b@group-6CEC28450F41-FollowerState
2021-10-05 12:31:00,090 [d71bc4e1-8510-48b6-bd5d-14418744517b@group-6CEC28450F41-FollowerState] INFO  impl.FollowerState (FollowerState.java:run(143)) - d71bc4e1-8510-48b6-bd5d-14418744517b@group-6CEC28450F41-FollowerState was interrupted: {}
java.lang.InterruptedException: sleep interrupted
	at java.lang.Thread.sleep(Native Method)
	at java.lang.Thread.sleep(Thread.java:340)
	at java.util.concurrent.TimeUnit.sleep(TimeUnit.java:386)
	at org.apache.ratis.util.TimeDuration.sleep(TimeDuration.java:324)
	at org.apache.ratis.util.TimeDuration.sleep(TimeDuration.java:309)
	at org.apache.ratis.server.impl.FollowerState.run(FollowerState.java:118)
2021-10-05 12:31:00,089 [grpc-default-executor-2] INFO  server.RaftServer$Division (RaftServerImpl.java:requestVote(1075)) - d71bc4e1-8510-48b6-bd5d-14418744517b@group-FE0EE74E4C2E replies to ELECTION vote request: 2bb368a1-0b98-4d80-88d0-01e7dc221ebc<-d71bc4e1-8510-48b6-bd5d-14418744517b#0:OK-t3. Peer's state: d71bc4e1-8510-48b6-bd5d-14418744517b@group-FE0EE74E4C2E:t3, leader=null, voted=2bb368a1-0b98-4d80-88d0-01e7dc221ebc, raftlog=d71bc4e1-8510-48b6-bd5d-14418744517b@group-FE0EE74E4C2E-SegmentedRaftLog:OPENED:c-1,f-1,i0, conf=-1: [2bb368a1-0b98-4d80-88d0-01e7dc221ebc|rpc:10.1.0.10:46877|dataStream:|priority:1, d71bc4e1-8510-48b6-bd5d-14418744517b|rpc:10.1.0.10:34433|dataStream:|priority:0, 68bb5eda-bd33-4c69-8072-1d50c624965b|rpc:10.1.0.10:36961|dataStream:|priority:0], old=null
2021-10-05 12:31:00,088 [68bb5eda-bd33-4c69-8072-1d50c624965b@group-6CEC28450F41-LeaderElection16] INFO  impl.LeaderElection (LeaderElection.java:logAndReturn(89)) - 68bb5eda-bd33-4c69-8072-1d50c624965b@group-6CEC28450F41-LeaderElection16: ELECTION PASSED received 1 response(s) and 0 exception(s):
2021-10-05 12:31:00,090 [68bb5eda-bd33-4c69-8072-1d50c624965b@group-6CEC28450F41-LeaderElection16] INFO  impl.LeaderElection (LeaderElection.java:logAndReturn(93)) -   Response 0: 68bb5eda-bd33-4c69-8072-1d50c624965b<-2bb368a1-0b98-4d80-88d0-01e7dc221ebc#0:OK-t3
2021-10-05 12:31:00,090 [grpc-default-executor-4] INFO  impl.VoteContext (VoteContext.java:log(48)) - d71bc4e1-8510-48b6-bd5d-14418744517b@group-FE0EE74E4C2E-FOLLOWER: reject ELECTION from 68bb5eda-bd33-4c69-8072-1d50c624965b: already has voted for 2bb368a1-0b98-4d80-88d0-01e7dc221ebc at current term 3
2021-10-05 12:31:00,092 [grpc-default-executor-1] INFO  server.RaftServer$Division (RaftServerImpl.java:requestVote(1075)) - d71bc4e1-8510-48b6-bd5d-14418744517b@group-6CEC28450F41 replies to ELECTION vote request: 68bb5eda-bd33-4c69-8072-1d50c624965b<-d71bc4e1-8510-48b6-bd5d-14418744517b#0:OK-t3. Peer's state: d71bc4e1-8510-48b6-bd5d-14418744517b@group-6CEC28450F41:t3, leader=null, voted=68bb5eda-bd33-4c69-8072-1d50c624965b, raftlog=d71bc4e1-8510-48b6-bd5d-14418744517b@group-6CEC28450F41-SegmentedRaftLog:OPENED:c-1,f-1,i0, conf=-1: [2bb368a1-0b98-4d80-88d0-01e7dc221ebc|rpc:10.1.0.10:46877|dataStream:|priority:0, d71bc4e1-8510-48b6-bd5d-14418744517b|rpc:10.1.0.10:34433|dataStream:|priority:0, 68bb5eda-bd33-4c69-8072-1d50c624965b|rpc:10.1.0.10:36961|dataStream:|priority:1], old=null
2021-10-05 12:31:00,092 [68bb5eda-bd33-4c69-8072-1d50c624965b@group-6CEC28450F41-LeaderElection16] INFO  impl.LeaderElection (LeaderElection.java:askForVotes(308)) - 68bb5eda-bd33-4c69-8072-1d50c624965b@group-6CEC28450F41-LeaderElection16 ELECTION round 0: result PASSED
2021-10-05 12:31:00,092 [68bb5eda-bd33-4c69-8072-1d50c624965b@group-6CEC28450F41-LeaderElection16] INFO  impl.RoleInfo (RoleInfo.java:shutdownLeaderElection(121)) - 68bb5eda-bd33-4c69-8072-1d50c624965b: shutdown 68bb5eda-bd33-4c69-8072-1d50c624965b@group-6CEC28450F41-LeaderElection16
2021-10-05 12:31:00,092 [68bb5eda-bd33-4c69-8072-1d50c624965b@group-6CEC28450F41-LeaderElection16] INFO  server.RaftServer$Division (RaftServerImpl.java:setRole(285)) - 68bb5eda-bd33-4c69-8072-1d50c624965b@group-6CEC28450F41: changes role from CANDIDATE to LEADER at term 3 for changeToLeader
2021-10-05 12:31:00,092 [68bb5eda-bd33-4c69-8072-1d50c624965b@group-6CEC28450F41-LeaderElection16] INFO  ratis.XceiverServerRatis (XceiverServerRatis.java:handleLeaderChangedNotification(861)) - Leader change notification received for group: group-6CEC28450F41 with new leaderId: 68bb5eda-bd33-4c69-8072-1d50c624965b
2021-10-05 12:31:00,092 [grpc-default-executor-4] INFO  server.RaftServer$Division (RaftServerImpl.java:requestVote(1075)) - d71bc4e1-8510-48b6-bd5d-14418744517b@group-FE0EE74E4C2E replies to ELECTION vote request: 68bb5eda-bd33-4c69-8072-1d50c624965b<-d71bc4e1-8510-48b6-bd5d-14418744517b#0:FAIL-t3. Peer's state: d71bc4e1-8510-48b6-bd5d-14418744517b@group-FE0EE74E4C2E:t3, leader=null, voted=2bb368a1-0b98-4d80-88d0-01e7dc221ebc, raftlog=d71bc4e1-8510-48b6-bd5d-14418744517b@group-FE0EE74E4C2E-SegmentedRaftLog:OPENED:c-1,f-1,i0, conf=-1: [2bb368a1-0b98-4d80-88d0-01e7dc221ebc|rpc:10.1.0.10:46877|dataStream:|priority:1, d71bc4e1-8510-48b6-bd5d-14418744517b|rpc:10.1.0.10:34433|dataStream:|priority:0, 68bb5eda-bd33-4c69-8072-1d50c624965b|rpc:10.1.0.10:36961|dataStream:|priority:0], old=null
2021-10-05 12:31:00,094 [2bb368a1-0b98-4d80-88d0-01e7dc221ebc@group-FE0EE74E4C2E-LeaderElection15] INFO  impl.LeaderElection (LeaderElection.java:logAndReturn(89)) - 2bb368a1-0b98-4d80-88d0-01e7dc221ebc@group-FE0EE74E4C2E-LeaderElection15: ELECTION PASSED received 2 response(s) and 0 exception(s):
2021-10-05 12:31:00,094 [2bb368a1-0b98-4d80-88d0-01e7dc221ebc@group-FE0EE74E4C2E-LeaderElection15] INFO  impl.LeaderElection (LeaderElection.java:logAndReturn(93)) -   Response 0: 2bb368a1-0b98-4d80-88d0-01e7dc221ebc<-d71bc4e1-8510-48b6-bd5d-14418744517b#0:OK-t3
2021-10-05 12:31:00,094 [2bb368a1-0b98-4d80-88d0-01e7dc221ebc@group-FE0EE74E4C2E-LeaderElection15] INFO  impl.LeaderElection (LeaderElection.java:logAndReturn(93)) -   Response 1: 2bb368a1-0b98-4d80-88d0-01e7dc221ebc<-68bb5eda-bd33-4c69-8072-1d50c624965b#0:FAIL-t3
2021-10-05 12:31:00,094 [2bb368a1-0b98-4d80-88d0-01e7dc221ebc@group-FE0EE74E4C2E-LeaderElection15] INFO  impl.LeaderElection (LeaderElection.java:askForVotes(308)) - 2bb368a1-0b98-4d80-88d0-01e7dc221ebc@group-FE0EE74E4C2E-LeaderElection15 ELECTION round 0: result PASSED
2021-10-05 12:31:00,094 [2bb368a1-0b98-4d80-88d0-01e7dc221ebc@group-FE0EE74E4C2E-LeaderElection15] INFO  impl.RoleInfo (RoleInfo.java:shutdownLeaderElection(121)) - 2bb368a1-0b98-4d80-88d0-01e7dc221ebc: shutdown 2bb368a1-0b98-4d80-88d0-01e7dc221ebc@group-FE0EE74E4C2E-LeaderElection15
2021-10-05 12:31:00,094 [2bb368a1-0b98-4d80-88d0-01e7dc221ebc@group-FE0EE74E4C2E-LeaderElection15] INFO  server.RaftServer$Division (RaftServerImpl.java:setRole(285)) - 2bb368a1-0b98-4d80-88d0-01e7dc221ebc@group-FE0EE74E4C2E: changes role from CANDIDATE to LEADER at term 3 for changeToLeader
2021-10-05 12:31:00,094 [2bb368a1-0b98-4d80-88d0-01e7dc221ebc@group-FE0EE74E4C2E-LeaderElection15] INFO  ratis.XceiverServerRatis (XceiverServerRatis.java:handleLeaderChangedNotification(861)) - Leader change notification received for group: group-FE0EE74E4C2E with new leaderId: 2bb368a1-0b98-4d80-88d0-01e7dc221ebc
2021-10-05 12:31:00,094 [2bb368a1-0b98-4d80-88d0-01e7dc221ebc@group-FE0EE74E4C2E-LeaderElection15] INFO  server.RaftServer$Division (ServerState.java:setLeader(285)) - 2bb368a1-0b98-4d80-88d0-01e7dc221ebc@group-FE0EE74E4C2E: change Leader from null to 2bb368a1-0b98-4d80-88d0-01e7dc221ebc at term 3 for becomeLeader, leader elected after 15499ms
2021-10-05 12:31:00,094 [2bb368a1-0b98-4d80-88d0-01e7dc221ebc@group-FE0EE74E4C2E-LeaderElection15] INFO  server.RaftServerConfigKeys (ConfUtils.java:logGet(44)) - raft.server.staging.catchup.gap = 1000 (default)
2021-10-05 12:31:00,095 [68bb5eda-bd33-4c69-8072-1d50c624965b@group-6CEC28450F41-LeaderElection16] INFO  server.RaftServer$Division (ServerState.java:setLeader(285)) - 68bb5eda-bd33-4c69-8072-1d50c624965b@group-6CEC28450F41: change Leader from null to 68bb5eda-bd33-4c69-8072-1d50c624965b at term 3 for becomeLeader, leader elected after 15262ms
2021-10-05 12:31:00,098 [68bb5eda-bd33-4c69-8072-1d50c624965b@group-6CEC28450F41-LeaderElection16] INFO  server.RaftServerConfigKeys (ConfUtils.java:logGet(44)) - raft.server.staging.catchup.gap = 1000 (default)
2021-10-05 12:31:00,098 [2bb368a1-0b98-4d80-88d0-01e7dc221ebc@group-FE0EE74E4C2E-LeaderElection15] INFO  server.RaftServerConfigKeys (ConfUtils.java:logGet(44)) - raft.server.write.element-limit = 1024 (custom)
2021-10-05 12:31:00,098 [68bb5eda-bd33-4c69-8072-1d50c624965b@group-6CEC28450F41-LeaderElection16] INFO  server.RaftServerConfigKeys (ConfUtils.java:logGet(44)) - raft.server.write.element-limit = 1024 (custom)
2021-10-05 12:31:00,098 [68bb5eda-bd33-4c69-8072-1d50c624965b@group-6CEC28450F41-LeaderElection16] INFO  server.RaftServerConfigKeys (ConfUtils.java:logGet(44)) - raft.server.write.byte-limit = 1024 M (=1073741824) (custom)
2021-10-05 12:31:00,098 [68bb5eda-bd33-4c69-8072-1d50c624965b@group-6CEC28450F41-LeaderElection16] INFO  server.RaftServerConfigKeys (ConfUtils.java:logGet(44)) - raft.server.watch.timeout = 180s (custom)
2021-10-05 12:31:00,098 [68bb5eda-bd33-4c69-8072-1d50c624965b@group-6CEC28450F41-LeaderElection16] INFO  server.RaftServerConfigKeys (ConfUtils.java:logGet(44)) - raft.server.watch.timeout.denomination = 1s (default)
2021-10-05 12:31:00,096 [EventQueue-OpenPipelineForHealthyPipelineSafeModeRule] INFO  safemode.SCMSafeModeManager (HealthyPipelineSafeModeRule.java:process(124)) - SCM in safe mode. Healthy pipelines reported count is 0, required healthy pipeline reported count is 1
2021-10-05 12:31:00,096 [Datanode State Machine Thread - 0] WARN  statemachine.StateContext (StateContext.java:execute(621)) - No available thread in pool for past 1 seconds.
2021-10-05 12:31:00,096 [EventQueue-PipelineReportForPipelineReportHandler] INFO  pipeline.PipelineManagerImpl (PipelineManagerImpl.java:openPipeline(282)) - Pipeline Pipeline[ Id: ac70e5ca-e02c-45e9-99a0-6cec28450f41, Nodes: 68bb5eda-bd33-4c69-8072-1d50c624965b{ip: 10.1.0.10, host: fv-az270-324.tacnzluakwdehk1hpragurqkma.bx.internal.cloudapp.net, ports: [REPLICATION=40847, RATIS=36961, RATIS_ADMIN=36961, RATIS_SERVER=36961, STANDALONE=35975], networkLocation: /default-rack, certSerialId: null, persistedOpState: IN_SERVICE, persistedOpStateExpiryEpochSec: 0}d71bc4e1-8510-48b6-bd5d-14418744517b{ip: 10.1.0.10, host: fv-az270-324.tacnzluakwdehk1hpragurqkma.bx.internal.cloudapp.net, ports: [REPLICATION=42787, RATIS=34433, RATIS_ADMIN=34433, RATIS_SERVER=34433, STANDALONE=38027], networkLocation: /default-rack, certSerialId: null, persistedOpState: IN_SERVICE, persistedOpStateExpiryEpochSec: 0}2bb368a1-0b98-4d80-88d0-01e7dc221ebc{ip: 10.1.0.10, host: fv-az270-324.tacnzluakwdehk1hpragurqkma.bx.internal.cloudapp.net, ports: [REPLICATION=36547, RATIS=46877, RATIS_ADMIN=46877, RATIS_SERVER=46877, STANDALONE=46537], networkLocation: /default-rack, certSerialId: null, persistedOpState: IN_SERVICE, persistedOpStateExpiryEpochSec: 0}, ReplicationConfig: RATIS/THREE, State:ALLOCATED, leaderId:68bb5eda-bd33-4c69-8072-1d50c624965b, CreationTimestamp2021-10-05T12:30:42.238Z[Etc/UTC]] moved to OPEN state
2021-10-05 12:31:00,100 [EventQueue-PipelineReportForPipelineReportHandler] INFO  pipeline.PipelineManagerImpl (PipelineManagerImpl.java:openPipeline(282)) - Pipeline Pipeline[ Id: a82d5243-1bde-479a-8100-fe0ee74e4c2e, Nodes: 68bb5eda-bd33-4c69-8072-1d50c624965b{ip: 10.1.0.10, host: fv-az270-324.tacnzluakwdehk1hpragurqkma.bx.internal.cloudapp.net, ports: [REPLICATION=40847, RATIS=36961, RATIS_ADMIN=36961, RATIS_SERVER=36961, STANDALONE=35975], networkLocation: /default-rack, certSerialId: null, persistedOpState: IN_SERVICE, persistedOpStateExpiryEpochSec: 0}2bb368a1-0b98-4d80-88d0-01e7dc221ebc{ip: 10.1.0.10, host: fv-az270-324.tacnzluakwdehk1hpragurqkma.bx.internal.cloudapp.net, ports: [REPLICATION=36547, RATIS=46877, RATIS_ADMIN=46877, RATIS_SERVER=46877, STANDALONE=46537], networkLocation: /default-rack, certSerialId: null, persistedOpState: IN_SERVICE, persistedOpStateExpiryEpochSec: 0}d71bc4e1-8510-48b6-bd5d-14418744517b{ip: 10.1.0.10, host: fv-az270-324.tacnzluakwdehk1hpragurqkma.bx.internal.cloudapp.net, ports: [REPLICATION=42787, RATIS=34433, RATIS_ADMIN=34433, RATIS_SERVER=34433, STANDALONE=38027], networkLocation: /default-rack, certSerialId: null, persistedOpState: IN_SERVICE, persistedOpStateExpiryEpochSec: 0}, ReplicationConfig: RATIS/THREE, State:ALLOCATED, leaderId:2bb368a1-0b98-4d80-88d0-01e7dc221ebc, CreationTimestamp2021-10-05T12:30:42.236Z[Etc/UTC]] moved to OPEN state
2021-10-05 12:31:00,098 [68bb5eda-bd33-4c69-8072-1d50c624965b@group-6CEC28450F41-LeaderElection16] INFO  server.RaftServerConfigKeys (ConfUtils.java:logGet(44)) - raft.server.watch.element-limit = 65536 (default)
2021-10-05 12:31:00,098 [2bb368a1-0b98-4d80-88d0-01e7dc221ebc@group-FE0EE74E4C2E-LeaderElection15] INFO  server.RaftServerConfigKeys (ConfUtils.java:logGet(44)) - raft.server.write.byte-limit = 1024 M (=1073741824) (custom)
2021-10-05 12:31:00,102 [2bb368a1-0b98-4d80-88d0-01e7dc221ebc@group-FE0EE74E4C2E-LeaderElection15] INFO  server.RaftServerConfigKeys (ConfUtils.java:logGet(44)) - raft.server.watch.timeout = 180s (custom)
2021-10-05 12:31:00,102 [2bb368a1-0b98-4d80-88d0-01e7dc221ebc@group-FE0EE74E4C2E-LeaderElection15] INFO  server.RaftServerConfigKeys (ConfUtils.java:logGet(44)) - raft.server.watch.timeout.denomination = 1s (default)
2021-10-05 12:31:00,102 [2bb368a1-0b98-4d80-88d0-01e7dc221ebc@group-FE0EE74E4C2E-LeaderElection15] INFO  server.RaftServerConfigKeys (ConfUtils.java:logGet(44)) - raft.server.watch.element-limit = 65536 (default)
2021-10-05 12:31:00,102 [2bb368a1-0b98-4d80-88d0-01e7dc221ebc@group-FE0EE74E4C2E-LeaderElection15] INFO  server.RaftServerConfigKeys (ConfUtils.java:logGet(44)) - raft.server.log.appender.snapshot.chunk.size.max = 16MB (=16777216) (default)
2021-10-05 12:31:00,102 [2bb368a1-0b98-4d80-88d0-01e7dc221ebc@group-FE0EE74E4C2E-LeaderElection15] INFO  server.RaftServerConfigKeys (ConfUtils.java:logGet(44)) - raft.server.log.appender.buffer.byte-limit = 33554432 (custom)
2021-10-05 12:31:00,102 [2bb368a1-0b98-4d80-88d0-01e7dc221ebc@group-FE0EE74E4C2E-LeaderElection15] INFO  server.RaftServerConfigKeys (ConfUtils.java:logGet(44)) - raft.server.log.appender.buffer.element-limit = 1 (custom)
2021-10-05 12:31:00,102 [2bb368a1-0b98-4d80-88d0-01e7dc221ebc@group-FE0EE74E4C2E-LeaderElection15] INFO  grpc.GrpcConfigKeys (ConfUtils.java:logGet(44)) - raft.grpc.server.leader.outstanding.appends.max = 128 (default)
2021-10-05 12:31:00,102 [2bb368a1-0b98-4d80-88d0-01e7dc221ebc@group-FE0EE74E4C2E-LeaderElection15] INFO  server.RaftServerConfigKeys (ConfUtils.java:logGet(44)) - raft.server.rpc.request.timeout = 60s (custom)
2021-10-05 12:31:00,102 [2bb368a1-0b98-4d80-88d0-01e7dc221ebc@group-FE0EE74E4C2E-LeaderElection15] INFO  server.RaftServerConfigKeys (ConfUtils.java:logGet(44)) - raft.server.log.appender.install.snapshot.enabled = false (custom)
2021-10-05 12:31:00,101 [68bb5eda-bd33-4c69-8072-1d50c624965b@group-6CEC28450F41-LeaderElection16] INFO  server.RaftServerConfigKeys (ConfUtils.java:logGet(44)) - raft.server.log.appender.snapshot.chunk.size.max = 16MB (=16777216) (default)
2021-10-05 12:31:00,102 [68bb5eda-bd33-4c69-8072-1d50c624965b@group-6CEC28450F41-LeaderElection16] INFO  server.RaftServerConfigKeys (ConfUtils.java:logGet(44)) - raft.server.log.appender.buffer.byte-limit = 33554432 (custom)
2021-10-05 12:31:00,102 [68bb5eda-bd33-4c69-8072-1d50c624965b@group-6CEC28450F41-LeaderElection16] INFO  server.RaftServerConfigKeys (ConfUtils.java:logGet(44)) - raft.server.log.appender.buffer.element-limit = 1 (custom)
2021-10-05 12:31:00,102 [68bb5eda-bd33-4c69-8072-1d50c624965b@group-6CEC28450F41-LeaderElection16] INFO  grpc.GrpcConfigKeys (ConfUtils.java:logGet(44)) - raft.grpc.server.leader.outstanding.appends.max = 128 (default)
2021-10-05 12:31:00,102 [68bb5eda-bd33-4c69-8072-1d50c624965b@group-6CEC28450F41-LeaderElection16] INFO  server.RaftServerConfigKeys (ConfUtils.java:logGet(44)) - raft.server.rpc.request.timeout = 60s (custom)
2021-10-05 12:31:00,103 [68bb5eda-bd33-4c69-8072-1d50c624965b@group-6CEC28450F41-LeaderElection16] INFO  server.RaftServerConfigKeys (ConfUtils.java:logGet(44)) - raft.server.log.appender.install.snapshot.enabled = false (custom)
2021-10-05 12:31:00,103 [2bb368a1-0b98-4d80-88d0-01e7dc221ebc@group-FE0EE74E4C2E-LeaderElection15] INFO  server.RaftServerConfigKeys (ConfUtils.java:logGet(44)) - raft.server.log.appender.snapshot.chunk.size.max = 16MB (=16777216) (default)
2021-10-05 12:31:00,103 [2bb368a1-0b98-4d80-88d0-01e7dc221ebc@group-FE0EE74E4C2E-LeaderElection15] INFO  server.RaftServerConfigKeys (ConfUtils.java:logGet(44)) - raft.server.log.appender.buffer.byte-limit = 33554432 (custom)
2021-10-05 12:31:00,103 [2bb368a1-0b98-4d80-88d0-01e7dc221ebc@group-FE0EE74E4C2E-LeaderElection15] INFO  server.RaftServerConfigKeys (ConfUtils.java:logGet(44)) - raft.server.log.appender.buffer.element-limit = 1 (custom)
2021-10-05 12:31:00,103 [2bb368a1-0b98-4d80-88d0-01e7dc221ebc@group-FE0EE74E4C2E-LeaderElection15] INFO  grpc.GrpcConfigKeys (ConfUtils.java:logGet(44)) - raft.grpc.server.leader.outstanding.appends.max = 128 (default)
2021-10-05 12:31:00,103 [2bb368a1-0b98-4d80-88d0-01e7dc221ebc@group-FE0EE74E4C2E-LeaderElection15] INFO  server.RaftServerConfigKeys (ConfUtils.java:logGet(44)) - raft.server.rpc.request.timeout = 60s (custom)
2021-10-05 12:31:00,103 [2bb368a1-0b98-4d80-88d0-01e7dc221ebc@group-FE0EE74E4C2E-LeaderElection15] INFO  server.RaftServerConfigKeys (ConfUtils.java:logGet(44)) - raft.server.log.appender.install.snapshot.enabled = false (custom)
2021-10-05 12:31:00,101 [EventQueue-OpenPipelineForHealthyPipelineSafeModeRule] INFO  safemode.SCMSafeModeManager (HealthyPipelineSafeModeRule.java:process(124)) - SCM in safe mode. Healthy pipelines reported count is 1, required healthy pipeline reported count is 1
2021-10-05 12:31:00,104 [EventQueue-OpenPipelineForHealthyPipelineSafeModeRule] INFO  safemode.SCMSafeModeManager (SCMSafeModeManager.java:validateSafeModeExitRules(204)) - HealthyPipelineSafeModeRule rule is successfully validated
2021-10-05 12:31:00,104 [EventQueue-OpenPipelineForHealthyPipelineSafeModeRule] INFO  safemode.SCMSafeModeManager (SCMSafeModeManager.java:validateSafeModeExitRules(219)) - ScmSafeModeManager, all rules are successfully validated
2021-10-05 12:31:00,104 [EventQueue-OpenPipelineForHealthyPipelineSafeModeRule] INFO  safemode.SCMSafeModeManager (SCMSafeModeManager.java:exitSafeMode(248)) - SCM exiting safe mode.
2021-10-05 12:31:00,104 [EventQueue-OpenPipelineForHealthyPipelineSafeModeRule] WARN  events.EventQueue (EventQueue.java:fireEvent(194)) - No event handler registered for event TypedEvent{payloadType=SafeModeStatus, name='Safe mode status'}
2021-10-05 12:31:00,104 [EventQueue-OpenPipelineForHealthyPipelineSafeModeRule] INFO  ha.SCMContext (SCMContext.java:updateSafeModeStatus(205)) - Update SafeModeStatus from SafeModeStatus{safeModeStatus=true, preCheckPassed=true} to SafeModeStatus{safeModeStatus=false, preCheckPassed=true}.
2021-10-05 12:31:00,104 [EventQueue-OpenPipelineForHealthyPipelineSafeModeRule] INFO  pipeline.BackgroundPipelineCreator (BackgroundPipelineCreatorV2.java:notifyStatusChanged(264)) - Service BackgroundPipelineCreator transitions to RUNNING.
2021-10-05 12:31:00,104 [EventQueue-OpenPipelineForHealthyPipelineSafeModeRule] INFO  container.ReplicationManager (ReplicationManager.java:notifyStatusChanged(1743)) - Service ReplicationManager transitions to RUNNING.
2021-10-05 12:31:00,105 [68bb5eda-bd33-4c69-8072-1d50c624965b@group-6CEC28450F41-LeaderElection16] INFO  server.RaftServerConfigKeys (ConfUtils.java:logGet(44)) - raft.server.log.appender.snapshot.chunk.size.max = 16MB (=16777216) (default)
2021-10-05 12:31:00,105 [68bb5eda-bd33-4c69-8072-1d50c624965b@group-6CEC28450F41-LeaderElection16] INFO  server.RaftServerConfigKeys (ConfUtils.java:logGet(44)) - raft.server.log.appender.buffer.byte-limit = 33554432 (custom)
2021-10-05 12:31:00,105 [68bb5eda-bd33-4c69-8072-1d50c624965b@group-6CEC28450F41-LeaderElection16] INFO  server.RaftServerConfigKeys (ConfUtils.java:logGet(44)) - raft.server.log.appender.buffer.element-limit = 1 (custom)
2021-10-05 12:31:00,105 [2bb368a1-0b98-4d80-88d0-01e7dc221ebc@group-FE0EE74E4C2E-LeaderElection15] INFO  impl.RoleInfo (RoleInfo.java:updateAndGet(130)) - 2bb368a1-0b98-4d80-88d0-01e7dc221ebc: start 2bb368a1-0b98-4d80-88d0-01e7dc221ebc@group-FE0EE74E4C2E-LeaderStateImpl
2021-10-05 12:31:00,105 [68bb5eda-bd33-4c69-8072-1d50c624965b@group-6CEC28450F41-LeaderElection16] INFO  grpc.GrpcConfigKeys (ConfUtils.java:logGet(44)) - raft.grpc.server.leader.outstanding.appends.max = 128 (default)
2021-10-05 12:31:00,105 [68bb5eda-bd33-4c69-8072-1d50c624965b@group-6CEC28450F41-LeaderElection16] INFO  server.RaftServerConfigKeys (ConfUtils.java:logGet(44)) - raft.server.rpc.request.timeout = 60s (custom)
2021-10-05 12:31:00,105 [68bb5eda-bd33-4c69-8072-1d50c624965b@group-6CEC28450F41-LeaderElection16] INFO  server.RaftServerConfigKeys (ConfUtils.java:logGet(44)) - raft.server.log.appender.install.snapshot.enabled = false (custom)
2021-10-05 12:31:00,105 [2bb368a1-0b98-4d80-88d0-01e7dc221ebc@group-FE0EE74E4C2E-LeaderElection15] INFO  segmented.SegmentedRaftLogWorker (SegmentedRaftLogWorker.java:startLogSegment(394)) - 2bb368a1-0b98-4d80-88d0-01e7dc221ebc@group-FE0EE74E4C2E-SegmentedRaftLogWorker: Starting segment from index:0
2021-10-05 12:31:00,107 [2bb368a1-0b98-4d80-88d0-01e7dc221ebc@group-FE0EE74E4C2E-LeaderElection15] INFO  server.RaftServer$Division (ServerState.java:setRaftConf(387)) - 2bb368a1-0b98-4d80-88d0-01e7dc221ebc@group-FE0EE74E4C2E: set configuration 0: [2bb368a1-0b98-4d80-88d0-01e7dc221ebc|rpc:10.1.0.10:46877|dataStream:|priority:1, d71bc4e1-8510-48b6-bd5d-14418744517b|rpc:10.1.0.10:34433|dataStream:|priority:0, 68bb5eda-bd33-4c69-8072-1d50c624965b|rpc:10.1.0.10:36961|dataStream:|priority:0], old=null
2021-10-05 12:31:00,111 [2bb368a1-0b98-4d80-88d0-01e7dc221ebc@group-FE0EE74E4C2E-SegmentedRaftLogWorker] INFO  segmented.SegmentedRaftLogWorker (SegmentedRaftLogWorker.java:execute(601)) - 2bb368a1-0b98-4d80-88d0-01e7dc221ebc@group-FE0EE74E4C2E-SegmentedRaftLogWorker: created new log segment /home/runner/work/ozone/ozone/hadoop-ozone/integration-test/target/test-dir/MiniOzoneClusterImpl-37ac24e5-edd8-4d0c-a990-01310c91afa3/datanode-0/data/ratis/a82d5243-1bde-479a-8100-fe0ee74e4c2e/current/log_inprogress_0
2021-10-05 12:31:00,113 [68bb5eda-bd33-4c69-8072-1d50c624965b@group-6CEC28450F41-LeaderElection16] INFO  impl.RoleInfo (RoleInfo.java:updateAndGet(130)) - 68bb5eda-bd33-4c69-8072-1d50c624965b: start 68bb5eda-bd33-4c69-8072-1d50c624965b@group-6CEC28450F41-LeaderStateImpl
2021-10-05 12:31:00,115 [grpc-default-executor-1] INFO  ratis.XceiverServerRatis (XceiverServerRatis.java:handleLeaderChangedNotification(861)) - Leader change notification received for group: group-FE0EE74E4C2E with new leaderId: 2bb368a1-0b98-4d80-88d0-01e7dc221ebc
2021-10-05 12:31:00,115 [grpc-default-executor-1] INFO  server.RaftServer$Division (ServerState.java:setLeader(285)) - d71bc4e1-8510-48b6-bd5d-14418744517b@group-FE0EE74E4C2E: change Leader from null to 2bb368a1-0b98-4d80-88d0-01e7dc221ebc at term 3 for appendEntries, leader elected after 15360ms
2021-10-05 12:31:00,115 [68bb5eda-bd33-4c69-8072-1d50c624965b@group-6CEC28450F41-LeaderElection16] INFO  segmented.SegmentedRaftLogWorker (SegmentedRaftLogWorker.java:startLogSegment(394)) - 68bb5eda-bd33-4c69-8072-1d50c624965b@group-6CEC28450F41-SegmentedRaftLogWorker: Starting segment from index:0
2021-10-05 12:31:00,122 [grpc-default-executor-1] INFO  server.RaftServer$Division (ServerState.java:setRaftConf(387)) - d71bc4e1-8510-48b6-bd5d-14418744517b@group-FE0EE74E4C2E: set configuration 0: [2bb368a1-0b98-4d80-88d0-01e7dc221ebc|rpc:10.1.0.10:46877|dataStream:|priority:1, d71bc4e1-8510-48b6-bd5d-14418744517b|rpc:10.1.0.10:34433|dataStream:|priority:0, 68bb5eda-bd33-4c69-8072-1d50c624965b|rpc:10.1.0.10:36961|dataStream:|priority:0], old=null
2021-10-05 12:31:00,122 [grpc-default-executor-1] INFO  segmented.SegmentedRaftLogWorker (SegmentedRaftLogWorker.java:startLogSegment(394)) - d71bc4e1-8510-48b6-bd5d-14418744517b@group-FE0EE74E4C2E-SegmentedRaftLogWorker: Starting segment from index:0
2021-10-05 12:31:00,125 [grpc-default-executor-1] INFO  ratis.XceiverServerRatis (XceiverServerRatis.java:handleLeaderChangedNotification(861)) - Leader change notification received for group: group-6CEC28450F41 with new leaderId: 68bb5eda-bd33-4c69-8072-1d50c624965b
2021-10-05 12:31:00,125 [grpc-default-executor-1] INFO  server.RaftServer$Division (ServerState.java:setLeader(285)) - 2bb368a1-0b98-4d80-88d0-01e7dc221ebc@group-6CEC28450F41: change Leader from null to 68bb5eda-bd33-4c69-8072-1d50c624965b at term 3 for appendEntries, leader elected after 15333ms
2021-10-05 12:31:00,126 [d71bc4e1-8510-48b6-bd5d-14418744517b@group-FE0EE74E4C2E-SegmentedRaftLogWorker] INFO  segmented.SegmentedRaftLogWorker (SegmentedRaftLogWorker.java:execute(601)) - d71bc4e1-8510-48b6-bd5d-14418744517b@group-FE0EE74E4C2E-SegmentedRaftLogWorker: created new log segment /home/runner/work/ozone/ozone/hadoop-ozone/integration-test/target/test-dir/MiniOzoneClusterImpl-37ac24e5-edd8-4d0c-a990-01310c91afa3/datanode-1/data/ratis/a82d5243-1bde-479a-8100-fe0ee74e4c2e/current/log_inprogress_0
2021-10-05 12:31:00,127 [68bb5eda-bd33-4c69-8072-1d50c624965b@group-6CEC28450F41-SegmentedRaftLogWorker] INFO  segmented.SegmentedRaftLogWorker (SegmentedRaftLogWorker.java:execute(601)) - 68bb5eda-bd33-4c69-8072-1d50c624965b@group-6CEC28450F41-SegmentedRaftLogWorker: created new log segment /home/runner/work/ozone/ozone/hadoop-ozone/integration-test/target/test-dir/MiniOzoneClusterImpl-37ac24e5-edd8-4d0c-a990-01310c91afa3/datanode-2/data/ratis/ac70e5ca-e02c-45e9-99a0-6cec28450f41/current/log_inprogress_0
2021-10-05 12:31:00,135 [68bb5eda-bd33-4c69-8072-1d50c624965b@group-6CEC28450F41-LeaderElection16] INFO  server.RaftServer$Division (ServerState.java:setRaftConf(387)) - 68bb5eda-bd33-4c69-8072-1d50c624965b@group-6CEC28450F41: set configuration 0: [2bb368a1-0b98-4d80-88d0-01e7dc221ebc|rpc:10.1.0.10:46877|dataStream:|priority:0, d71bc4e1-8510-48b6-bd5d-14418744517b|rpc:10.1.0.10:34433|dataStream:|priority:0, 68bb5eda-bd33-4c69-8072-1d50c624965b|rpc:10.1.0.10:36961|dataStream:|priority:1], old=null
2021-10-05 12:31:00,149 [grpc-default-executor-1] INFO  server.RaftServer$Division (ServerState.java:setRaftConf(387)) - 2bb368a1-0b98-4d80-88d0-01e7dc221ebc@group-6CEC28450F41: set configuration 0: [2bb368a1-0b98-4d80-88d0-01e7dc221ebc|rpc:10.1.0.10:46877|dataStream:|priority:0, d71bc4e1-8510-48b6-bd5d-14418744517b|rpc:10.1.0.10:34433|dataStream:|priority:0, 68bb5eda-bd33-4c69-8072-1d50c624965b|rpc:10.1.0.10:36961|dataStream:|priority:1], old=null
2021-10-05 12:31:00,149 [grpc-default-executor-1] INFO  segmented.SegmentedRaftLogWorker (SegmentedRaftLogWorker.java:startLogSegment(394)) - 2bb368a1-0b98-4d80-88d0-01e7dc221ebc@group-6CEC28450F41-SegmentedRaftLogWorker: Starting segment from index:0
2021-10-05 12:31:00,152 [grpc-default-executor-2] INFO  ratis.XceiverServerRatis (XceiverServerRatis.java:handleLeaderChangedNotification(861)) - Leader change notification received for group: group-6CEC28450F41 with new leaderId: 68bb5eda-bd33-4c69-8072-1d50c624965b
2021-10-05 12:31:00,152 [grpc-default-executor-2] INFO  server.RaftServer$Division (ServerState.java:setLeader(285)) - d71bc4e1-8510-48b6-bd5d-14418744517b@group-6CEC28450F41: change Leader from null to 68bb5eda-bd33-4c69-8072-1d50c624965b at term 3 for appendEntries, leader elected after 15293ms
2021-10-05 12:31:00,153 [2bb368a1-0b98-4d80-88d0-01e7dc221ebc@group-6CEC28450F41-SegmentedRaftLogWorker] INFO  segmented.SegmentedRaftLogWorker (SegmentedRaftLogWorker.java:execute(601)) - 2bb368a1-0b98-4d80-88d0-01e7dc221ebc@group-6CEC28450F41-SegmentedRaftLogWorker: created new log segment /home/runner/work/ozone/ozone/hadoop-ozone/integration-test/target/test-dir/MiniOzoneClusterImpl-37ac24e5-edd8-4d0c-a990-01310c91afa3/datanode-0/data/ratis/ac70e5ca-e02c-45e9-99a0-6cec28450f41/current/log_inprogress_0
2021-10-05 12:31:00,153 [grpc-default-executor-1] INFO  ratis.XceiverServerRatis (XceiverServerRatis.java:handleLeaderChangedNotification(861)) - Leader change notification received for group: group-FE0EE74E4C2E with new leaderId: 2bb368a1-0b98-4d80-88d0-01e7dc221ebc
2021-10-05 12:31:00,154 [grpc-default-executor-1] INFO  server.RaftServer$Division (ServerState.java:setLeader(285)) - 68bb5eda-bd33-4c69-8072-1d50c624965b@group-FE0EE74E4C2E: change Leader from null to 2bb368a1-0b98-4d80-88d0-01e7dc221ebc at term 3 for appendEntries, leader elected after 15473ms
2021-10-05 12:31:00,162 [grpc-default-executor-1] INFO  server.RaftServer$Division (ServerState.java:setRaftConf(387)) - 68bb5eda-bd33-4c69-8072-1d50c624965b@group-FE0EE74E4C2E: set configuration 0: [2bb368a1-0b98-4d80-88d0-01e7dc221ebc|rpc:10.1.0.10:46877|dataStream:|priority:1, d71bc4e1-8510-48b6-bd5d-14418744517b|rpc:10.1.0.10:34433|dataStream:|priority:0, 68bb5eda-bd33-4c69-8072-1d50c624965b|rpc:10.1.0.10:36961|dataStream:|priority:0], old=null
2021-10-05 12:31:00,162 [grpc-default-executor-1] INFO  segmented.SegmentedRaftLogWorker (SegmentedRaftLogWorker.java:startLogSegment(394)) - 68bb5eda-bd33-4c69-8072-1d50c624965b@group-FE0EE74E4C2E-SegmentedRaftLogWorker: Starting segment from index:0
2021-10-05 12:31:00,165 [grpc-default-executor-2] INFO  server.RaftServer$Division (ServerState.java:setRaftConf(387)) - d71bc4e1-8510-48b6-bd5d-14418744517b@group-6CEC28450F41: set configuration 0: [2bb368a1-0b98-4d80-88d0-01e7dc221ebc|rpc:10.1.0.10:46877|dataStream:|priority:0, d71bc4e1-8510-48b6-bd5d-14418744517b|rpc:10.1.0.10:34433|dataStream:|priority:0, 68bb5eda-bd33-4c69-8072-1d50c624965b|rpc:10.1.0.10:36961|dataStream:|priority:1], old=null
2021-10-05 12:31:00,165 [grpc-default-executor-2] INFO  segmented.SegmentedRaftLogWorker (SegmentedRaftLogWorker.java:startLogSegment(394)) - d71bc4e1-8510-48b6-bd5d-14418744517b@group-6CEC28450F41-SegmentedRaftLogWorker: Starting segment from index:0
2021-10-05 12:31:00,166 [68bb5eda-bd33-4c69-8072-1d50c624965b@group-FE0EE74E4C2E-SegmentedRaftLogWorker] INFO  segmented.SegmentedRaftLogWorker (SegmentedRaftLogWorker.java:execute(601)) - 68bb5eda-bd33-4c69-8072-1d50c624965b@group-FE0EE74E4C2E-SegmentedRaftLogWorker: created new log segment /home/runner/work/ozone/ozone/hadoop-ozone/integration-test/target/test-dir/MiniOzoneClusterImpl-37ac24e5-edd8-4d0c-a990-01310c91afa3/datanode-2/data/ratis/a82d5243-1bde-479a-8100-fe0ee74e4c2e/current/log_inprogress_0
2021-10-05 12:31:00,166 [d71bc4e1-8510-48b6-bd5d-14418744517b@group-6CEC28450F41-SegmentedRaftLogWorker] INFO  segmented.SegmentedRaftLogWorker (SegmentedRaftLogWorker.java:execute(601)) - d71bc4e1-8510-48b6-bd5d-14418744517b@group-6CEC28450F41-SegmentedRaftLogWorker: created new log segment /home/runner/work/ozone/ozone/hadoop-ozone/integration-test/target/test-dir/MiniOzoneClusterImpl-37ac24e5-edd8-4d0c-a990-01310c91afa3/datanode-1/data/ratis/ac70e5ca-e02c-45e9-99a0-6cec28450f41/current/log_inprogress_0
2021-10-05 12:31:00,242 [Listener at 127.0.0.1/10612] INFO  ozone.MiniOzoneClusterImpl (MiniOzoneClusterImpl.java:lambda$waitForClusterToBeReady$0(235)) - Nodes are ready. Got 3 of 3 DN Heartbeats.
2021-10-05 12:31:00,242 [Listener at 127.0.0.1/10612] INFO  ozone.MiniOzoneClusterImpl (MiniOzoneClusterImpl.java:lambda$waitForClusterToBeReady$0(238)) - Cluster exits safe mode
2021-10-05 12:31:00,242 [Listener at 127.0.0.1/10612] INFO  ozone.MiniOzoneClusterImpl (MiniOzoneClusterImpl.java:lambda$waitForClusterToBeReady$0(240)) - SCM became leader
]]></system-out>
  </testcase>
  <testcase name="testPrepareWithMultipleThreads" classname="org.apache.hadoop.ozone.om.TestOzoneManagerPrepare" time="9.98"/>
  <testcase name="testCancelPrepare" classname="org.apache.hadoop.ozone.om.TestOzoneManagerPrepare" time="122.461">
    <error message="timeout: after 120000 millis" type="java.util.concurrent.TimeoutException">java.util.concurrent.TimeoutException: timeout: after 120000 millis
	at org.apache.ozone.test.LambdaTestUtils$GenerateTimeout.evaluate(LambdaTestUtils.java:677)
	at org.apache.ozone.test.LambdaTestUtils.await(LambdaTestUtils.java:154)
	at org.apache.ozone.test.LambdaTestUtils.await(LambdaTestUtils.java:192)
	at org.apache.hadoop.ozone.om.TestOzoneManagerPrepare.assertClusterNotPrepared(TestOzoneManagerPrepare.java:484)
	at org.apache.hadoop.ozone.om.TestOzoneManagerPrepare.assertClusterNotPrepared(TestOzoneManagerPrepare.java:478)
	at org.apache.hadoop.ozone.om.TestOzoneManagerPrepare.initOM(TestOzoneManagerPrepare.java:91)
	at sun.reflect.NativeMethodAccessorImpl.invoke0(Native Method)
	at sun.reflect.NativeMethodAccessorImpl.invoke(NativeMethodAccessorImpl.java:62)
	at sun.reflect.DelegatingMethodAccessorImpl.invoke(DelegatingMethodAccessorImpl.java:43)
	at java.lang.reflect.Method.invoke(Method.java:498)
	at org.junit.runners.model.FrameworkMethod$1.runReflectiveCall(FrameworkMethod.java:59)
	at org.junit.internal.runners.model.ReflectiveCallable.run(ReflectiveCallable.java:12)
	at org.junit.runners.model.FrameworkMethod.invokeExplosively(FrameworkMethod.java:56)
	at org.junit.internal.runners.statements.RunBefores.invokeMethod(RunBefores.java:33)
	at org.junit.internal.runners.statements.RunBefores.evaluate(RunBefores.java:24)
	at org.junit.internal.runners.statements.RunAfters.evaluate(RunAfters.java:27)
	at org.junit.rules.ExpectedException$ExpectedExceptionStatement.evaluate(ExpectedException.java:258)
	at org.junit.internal.runners.statements.FailOnTimeout$CallableStatement.call(FailOnTimeout.java:288)
	at org.junit.internal.runners.statements.FailOnTimeout$CallableStatement.call(FailOnTimeout.java:282)
	at java.util.concurrent.FutureTask.run(FutureTask.java:266)
	at java.lang.Thread.run(Thread.java:748)
</error>
    <system-out><![CDATA[2021-10-05 12:31:10,711 [Time-limited test] INFO  retry.RetryInvocationHandler (RetryInvocationHandler.java:log(411)) - com.google.protobuf.ServiceException: java.io.EOFException: End of File Exception between local host is: "fv-az270-324/10.1.0.10"; destination host is: "localhost":10600; : java.io.EOFException; For more details see:  http://wiki.apache.org/hadoop/EOFException, while invoking $Proxy52.submitRequest over nodeId=omNode-1,nodeAddress=127.0.0.1:10600. Trying to failover immediately.
2021-10-05 12:31:10,718 [Time-limited test] INFO  retry.RetryInvocationHandler (RetryInvocationHandler.java:log(411)) - com.google.protobuf.ServiceException: org.apache.hadoop.ipc.RemoteException(org.apache.hadoop.ozone.om.exceptions.OMNotLeaderException): OM:omNode-2 is not the leader. Could not determine the leader node.
	at org.apache.hadoop.ozone.om.ratis.utils.OzoneManagerRatisUtils.createNotLeaderException(OzoneManagerRatisUtils.java:465)
	at org.apache.hadoop.ozone.om.ratis.utils.OzoneManagerRatisUtils.checkLeaderStatus(OzoneManagerRatisUtils.java:451)
	at org.apache.hadoop.ozone.protocolPB.OzoneManagerProtocolServerSideTranslatorPB.checkLeaderStatus(OzoneManagerProtocolServerSideTranslatorPB.java:242)
	at org.apache.hadoop.ozone.protocolPB.OzoneManagerProtocolServerSideTranslatorPB.processRequest(OzoneManagerProtocolServerSideTranslatorPB.java:135)
	at org.apache.hadoop.hdds.server.OzoneProtocolMessageDispatcher.processRequest(OzoneProtocolMessageDispatcher.java:87)
	at org.apache.hadoop.ozone.protocolPB.OzoneManagerProtocolServerSideTranslatorPB.submitRequest(OzoneManagerProtocolServerSideTranslatorPB.java:123)
	at org.apache.hadoop.ozone.protocol.proto.OzoneManagerProtocolProtos$OzoneManagerService$2.callBlockingMethod(OzoneManagerProtocolProtos.java)
	at org.apache.hadoop.ipc.ProtobufRpcEngine$Server.processCall(ProtobufRpcEngine.java:466)
	at org.apache.hadoop.ipc.ProtobufRpcEngine2$Server$ProtoBufRpcInvoker.call(ProtobufRpcEngine2.java:574)
	at org.apache.hadoop.ipc.ProtobufRpcEngine2$Server$ProtoBufRpcInvoker.call(ProtobufRpcEngine2.java:552)
	at org.apache.hadoop.ipc.RPC$Server.call(RPC.java:1093)
	at org.apache.hadoop.ipc.Server$RpcCall.run(Server.java:1035)
	at org.apache.hadoop.ipc.Server$RpcCall.run(Server.java:963)
	at java.security.AccessController.doPrivileged(Native Method)
	at javax.security.auth.Subject.doAs(Subject.java:422)
	at org.apache.hadoop.security.UserGroupInformation.doAs(UserGroupInformation.java:1878)
	at org.apache.hadoop.ipc.Server$Handler.run(Server.java:2966)
, while invoking $Proxy52.submitRequest over nodeId=omNode-2,nodeAddress=127.0.0.1:10606 after 1 failover attempts. Trying to failover immediately.
2021-10-05 12:31:10,722 [Time-limited test] INFO  retry.RetryInvocationHandler (RetryInvocationHandler.java:log(411)) - com.google.protobuf.ServiceException: org.apache.hadoop.ipc.RemoteException(org.apache.hadoop.ozone.om.exceptions.OMNotLeaderException): OM:omNode-3 is not the leader. Could not determine the leader node.
	at org.apache.hadoop.ozone.om.ratis.utils.OzoneManagerRatisUtils.createNotLeaderException(OzoneManagerRatisUtils.java:465)
	at org.apache.hadoop.ozone.om.ratis.utils.OzoneManagerRatisUtils.checkLeaderStatus(OzoneManagerRatisUtils.java:451)
	at org.apache.hadoop.ozone.protocolPB.OzoneManagerProtocolServerSideTranslatorPB.checkLeaderStatus(OzoneManagerProtocolServerSideTranslatorPB.java:242)
	at org.apache.hadoop.ozone.protocolPB.OzoneManagerProtocolServerSideTranslatorPB.processRequest(OzoneManagerProtocolServerSideTranslatorPB.java:135)
	at org.apache.hadoop.hdds.server.OzoneProtocolMessageDispatcher.processRequest(OzoneProtocolMessageDispatcher.java:87)
	at org.apache.hadoop.ozone.protocolPB.OzoneManagerProtocolServerSideTranslatorPB.submitRequest(OzoneManagerProtocolServerSideTranslatorPB.java:123)
	at org.apache.hadoop.ozone.protocol.proto.OzoneManagerProtocolProtos$OzoneManagerService$2.callBlockingMethod(OzoneManagerProtocolProtos.java)
	at org.apache.hadoop.ipc.ProtobufRpcEngine$Server.processCall(ProtobufRpcEngine.java:466)
	at org.apache.hadoop.ipc.ProtobufRpcEngine2$Server$ProtoBufRpcInvoker.call(ProtobufRpcEngine2.java:574)
	at org.apache.hadoop.ipc.ProtobufRpcEngine2$Server$ProtoBufRpcInvoker.call(ProtobufRpcEngine2.java:552)
	at org.apache.hadoop.ipc.RPC$Server.call(RPC.java:1093)
	at org.apache.hadoop.ipc.Server$RpcCall.run(Server.java:1035)
	at org.apache.hadoop.ipc.Server$RpcCall.run(Server.java:963)
	at java.security.AccessController.doPrivileged(Native Method)
	at javax.security.auth.Subject.doAs(Subject.java:422)
	at org.apache.hadoop.security.UserGroupInformation.doAs(UserGroupInformation.java:1878)
	at org.apache.hadoop.ipc.Server$Handler.run(Server.java:2966)
, while invoking $Proxy52.submitRequest over nodeId=omNode-3,nodeAddress=127.0.0.1:10612 after 2 failover attempts. Trying to failover after sleeping for 2000ms.
2021-10-05 12:31:11,672 [omNode-1@group-523986131536-FollowerState] INFO  impl.FollowerState (FollowerState.java:run(134)) - omNode-1@group-523986131536-FollowerState: change to CANDIDATE, lastRpcElapsedTime:1194844131ns, electionTimeout:1189ms
2021-10-05 12:31:11,674 [omNode-1@group-523986131536-FollowerState] INFO  impl.RoleInfo (RoleInfo.java:shutdownFollowerState(108)) - omNode-1: shutdown omNode-1@group-523986131536-FollowerState
2021-10-05 12:31:11,674 [omNode-1@group-523986131536-FollowerState] INFO  server.RaftServer$Division (RaftServerImpl.java:setRole(285)) - omNode-1@group-523986131536: changes role from  FOLLOWER to CANDIDATE at term 2 for changeToCandidate
2021-10-05 12:31:11,675 [omNode-1@group-523986131536-FollowerState] INFO  server.RaftServerConfigKeys (ConfUtils.java:logGet(44)) - raft.server.leaderelection.pre-vote = false (custom)
2021-10-05 12:31:11,675 [omNode-1@group-523986131536-FollowerState] INFO  impl.RoleInfo (RoleInfo.java:updateAndGet(130)) - omNode-1: start omNode-1@group-523986131536-LeaderElection18
2021-10-05 12:31:11,687 [omNode-1@group-523986131536-LeaderElection18] INFO  impl.LeaderElection (LeaderElection.java:askForVotes(306)) - omNode-1@group-523986131536-LeaderElection18 ELECTION round 0: submit vote requests at term 3 for 0: [omNode-3|rpc:localhost:10616|admin:|client:|dataStream:|priority:0, omNode-1|rpc:localhost:10604|admin:|client:|dataStream:|priority:0, omNode-2|rpc:localhost:10610|admin:|client:|dataStream:|priority:0], old=null
2021-10-05 12:31:11,697 [grpc-default-executor-1] INFO  server.RaftServer$Division (RaftServerImpl.java:requestVote(1043)) - omNode-3@group-523986131536: receive requestVote(ELECTION, omNode-1, group-523986131536, 3, (t:2, i:17))
2021-10-05 12:31:11,697 [grpc-default-executor-1] INFO  impl.VoteContext (VoteContext.java:log(48)) - omNode-3@group-523986131536-FOLLOWER: reject ELECTION from omNode-1: already has voted for omNode-2 at current term 3
2021-10-05 12:31:11,697 [grpc-default-executor-1] INFO  server.RaftServer$Division (RaftServerImpl.java:requestVote(1075)) - omNode-3@group-523986131536 replies to ELECTION vote request: omNode-1<-omNode-3#0:FAIL-t3. Peer's state: omNode-3@group-523986131536:t3, leader=omNode-2, voted=omNode-2, raftlog=omNode-3@group-523986131536-SegmentedRaftLog:OPENED:c19,f19,i19, conf=18: [omNode-3|rpc:localhost:10616|admin:|client:|dataStream:|priority:0, omNode-1|rpc:localhost:10604|admin:|client:|dataStream:|priority:0, omNode-2|rpc:localhost:10610|admin:|client:|dataStream:|priority:0], old=null
2021-10-05 12:31:11,700 [grpc-default-executor-0] INFO  server.RaftServer$Division (RaftServerImpl.java:requestVote(1043)) - omNode-2@group-523986131536: receive requestVote(ELECTION, omNode-1, group-523986131536, 3, (t:2, i:17))
2021-10-05 12:31:11,700 [grpc-default-executor-0] INFO  impl.VoteContext (VoteContext.java:log(48)) - omNode-2@group-523986131536-FOLLOWER: reject ELECTION from omNode-1: already has voted for omNode-2 at current term 3
2021-10-05 12:31:11,700 [grpc-default-executor-0] INFO  server.RaftServer$Division (RaftServerImpl.java:requestVote(1075)) - omNode-2@group-523986131536 replies to ELECTION vote request: omNode-1<-omNode-2#0:FAIL-t3. Peer's state: omNode-2@group-523986131536:t3, leader=null, voted=omNode-2, raftlog=omNode-2@group-523986131536-SegmentedRaftLog:OPENED:c19,f19,i19, conf=18: [omNode-3|rpc:localhost:10616|admin:|client:|dataStream:|priority:0, omNode-1|rpc:localhost:10604|admin:|client:|dataStream:|priority:0, omNode-2|rpc:localhost:10610|admin:|client:|dataStream:|priority:0], old=null
2021-10-05 12:31:11,704 [omNode-1@group-523986131536-LeaderElection18] INFO  impl.LeaderElection (LeaderElection.java:logAndReturn(89)) - omNode-1@group-523986131536-LeaderElection18: ELECTION REJECTED received 2 response(s) and 0 exception(s):
2021-10-05 12:31:11,705 [omNode-1@group-523986131536-LeaderElection18] INFO  impl.LeaderElection (LeaderElection.java:logAndReturn(93)) -   Response 0: omNode-1<-omNode-3#0:FAIL-t3
2021-10-05 12:31:11,705 [omNode-1@group-523986131536-LeaderElection18] INFO  impl.LeaderElection (LeaderElection.java:logAndReturn(93)) -   Response 1: omNode-1<-omNode-2#0:FAIL-t3
2021-10-05 12:31:11,705 [omNode-1@group-523986131536-LeaderElection18] INFO  impl.LeaderElection (LeaderElection.java:askForVotes(308)) - omNode-1@group-523986131536-LeaderElection18 ELECTION round 0: result REJECTED
2021-10-05 12:31:11,705 [omNode-1@group-523986131536-LeaderElection18] INFO  server.RaftServer$Division (RaftServerImpl.java:setRole(285)) - omNode-1@group-523986131536: changes role from CANDIDATE to FOLLOWER at term 3 for REJECTED
2021-10-05 12:31:11,705 [omNode-1@group-523986131536-LeaderElection18] INFO  impl.RoleInfo (RoleInfo.java:shutdownLeaderElection(121)) - omNode-1: shutdown omNode-1@group-523986131536-LeaderElection18
2021-10-05 12:31:11,705 [omNode-1@group-523986131536-LeaderElection18] INFO  impl.RoleInfo (RoleInfo.java:updateAndGet(130)) - omNode-1: start omNode-1@group-523986131536-FollowerState
2021-10-05 12:31:11,771 [omNode-2@group-523986131536-FollowerState] INFO  impl.FollowerState (FollowerState.java:run(134)) - omNode-2@group-523986131536-FollowerState: change to CANDIDATE, lastRpcElapsedTime:1114422068ns, electionTimeout:1113ms
2021-10-05 12:31:11,772 [omNode-2@group-523986131536-FollowerState] INFO  impl.RoleInfo (RoleInfo.java:shutdownFollowerState(108)) - omNode-2: shutdown omNode-2@group-523986131536-FollowerState
2021-10-05 12:31:11,773 [omNode-2@group-523986131536-FollowerState] INFO  server.RaftServer$Division (RaftServerImpl.java:setRole(285)) - omNode-2@group-523986131536: changes role from  FOLLOWER to CANDIDATE at term 3 for changeToCandidate
2021-10-05 12:31:11,773 [omNode-2@group-523986131536-FollowerState] INFO  server.RaftServerConfigKeys (ConfUtils.java:logGet(44)) - raft.server.leaderelection.pre-vote = false (custom)
2021-10-05 12:31:11,773 [omNode-2@group-523986131536-FollowerState] INFO  impl.RoleInfo (RoleInfo.java:updateAndGet(130)) - omNode-2: start omNode-2@group-523986131536-LeaderElection19
2021-10-05 12:31:11,776 [omNode-2@group-523986131536-LeaderElection19] INFO  impl.LeaderElection (LeaderElection.java:askForVotes(306)) - omNode-2@group-523986131536-LeaderElection19 ELECTION round 0: submit vote requests at term 4 for 18: [omNode-3|rpc:localhost:10616|admin:|client:|dataStream:|priority:0, omNode-1|rpc:localhost:10604|admin:|client:|dataStream:|priority:0, omNode-2|rpc:localhost:10610|admin:|client:|dataStream:|priority:0], old=null
2021-10-05 12:31:11,789 [grpc-default-executor-0] INFO  server.RaftServer$Division (RaftServerImpl.java:requestVote(1043)) - omNode-3@group-523986131536: receive requestVote(ELECTION, omNode-2, group-523986131536, 4, (t:3, i:19))
2021-10-05 12:31:11,789 [grpc-default-executor-1] INFO  server.RaftServer$Division (RaftServerImpl.java:requestVote(1043)) - omNode-1@group-523986131536: receive requestVote(ELECTION, omNode-2, group-523986131536, 4, (t:3, i:19))
2021-10-05 12:31:11,789 [grpc-default-executor-0] INFO  impl.VoteContext (VoteContext.java:log(48)) - omNode-3@group-523986131536-FOLLOWER: accept ELECTION from omNode-2: our priority 0 <= candidate's priority 0
2021-10-05 12:31:11,789 [grpc-default-executor-1] INFO  impl.VoteContext (VoteContext.java:log(48)) - omNode-1@group-523986131536-FOLLOWER: accept ELECTION from omNode-2: our last entry (t:2, i:17) < candidate's last entry (t:3, i:19)
2021-10-05 12:31:11,789 [grpc-default-executor-0] INFO  server.RaftServer$Division (ServerState.java:setLeader(285)) - omNode-3@group-523986131536: change Leader from omNode-2 to null at term 4 for updateCurrentTerm
2021-10-05 12:31:11,790 [grpc-default-executor-0] INFO  server.RaftServer$Division (RaftServerImpl.java:setRole(285)) - omNode-3@group-523986131536: changes role from  FOLLOWER to FOLLOWER at term 4 for candidate:omNode-2
2021-10-05 12:31:11,790 [grpc-default-executor-0] INFO  impl.RoleInfo (RoleInfo.java:shutdownFollowerState(108)) - omNode-3: shutdown omNode-3@group-523986131536-FollowerState
2021-10-05 12:31:11,790 [grpc-default-executor-1] INFO  server.RaftServer$Division (RaftServerImpl.java:setRole(285)) - omNode-1@group-523986131536: changes role from  FOLLOWER to FOLLOWER at term 4 for candidate:omNode-2
2021-10-05 12:31:11,790 [omNode-3@group-523986131536-FollowerState] INFO  impl.FollowerState (FollowerState.java:run(143)) - omNode-3@group-523986131536-FollowerState was interrupted: {}
java.lang.InterruptedException: sleep interrupted
	at java.lang.Thread.sleep(Native Method)
	at java.lang.Thread.sleep(Thread.java:340)
	at java.util.concurrent.TimeUnit.sleep(TimeUnit.java:386)
	at org.apache.ratis.util.TimeDuration.sleep(TimeDuration.java:324)
	at org.apache.ratis.util.TimeDuration.sleep(TimeDuration.java:309)
	at org.apache.ratis.server.impl.FollowerState.run(FollowerState.java:118)
2021-10-05 12:31:11,790 [grpc-default-executor-0] INFO  impl.RoleInfo (RoleInfo.java:updateAndGet(130)) - omNode-3: start omNode-3@group-523986131536-FollowerState
2021-10-05 12:31:11,790 [grpc-default-executor-1] INFO  impl.RoleInfo (RoleInfo.java:shutdownFollowerState(108)) - omNode-1: shutdown omNode-1@group-523986131536-FollowerState
2021-10-05 12:31:11,791 [grpc-default-executor-1] INFO  impl.RoleInfo (RoleInfo.java:updateAndGet(130)) - omNode-1: start omNode-1@group-523986131536-FollowerState
2021-10-05 12:31:11,791 [omNode-1@group-523986131536-FollowerState] INFO  impl.FollowerState (FollowerState.java:run(143)) - omNode-1@group-523986131536-FollowerState was interrupted: {}
java.lang.InterruptedException: sleep interrupted
	at java.lang.Thread.sleep(Native Method)
	at java.lang.Thread.sleep(Thread.java:340)
	at java.util.concurrent.TimeUnit.sleep(TimeUnit.java:386)
	at org.apache.ratis.util.TimeDuration.sleep(TimeDuration.java:324)
	at org.apache.ratis.util.TimeDuration.sleep(TimeDuration.java:309)
	at org.apache.ratis.server.impl.FollowerState.run(FollowerState.java:118)
2021-10-05 12:31:11,792 [grpc-default-executor-0] INFO  server.RaftServer$Division (RaftServerImpl.java:requestVote(1075)) - omNode-3@group-523986131536 replies to ELECTION vote request: omNode-2<-omNode-3#0:OK-t4. Peer's state: omNode-3@group-523986131536:t4, leader=null, voted=omNode-2, raftlog=omNode-3@group-523986131536-SegmentedRaftLog:OPENED:c19,f19,i19, conf=18: [omNode-3|rpc:localhost:10616|admin:|client:|dataStream:|priority:0, omNode-1|rpc:localhost:10604|admin:|client:|dataStream:|priority:0, omNode-2|rpc:localhost:10610|admin:|client:|dataStream:|priority:0], old=null
2021-10-05 12:31:11,793 [grpc-default-executor-1] INFO  server.RaftServer$Division (RaftServerImpl.java:requestVote(1075)) - omNode-1@group-523986131536 replies to ELECTION vote request: omNode-2<-omNode-1#0:OK-t4. Peer's state: omNode-1@group-523986131536:t4, leader=null, voted=omNode-2, raftlog=omNode-1@group-523986131536-SegmentedRaftLog:OPENED:c17,f17,i0, conf=0: [omNode-3|rpc:localhost:10616|admin:|client:|dataStream:|priority:0, omNode-1|rpc:localhost:10604|admin:|client:|dataStream:|priority:0, omNode-2|rpc:localhost:10610|admin:|client:|dataStream:|priority:0], old=null
2021-10-05 12:31:11,797 [omNode-2@group-523986131536-LeaderElection19] INFO  impl.LeaderElection (LeaderElection.java:logAndReturn(89)) - omNode-2@group-523986131536-LeaderElection19: ELECTION PASSED received 1 response(s) and 0 exception(s):
2021-10-05 12:31:11,798 [omNode-2@group-523986131536-LeaderElection19] INFO  impl.LeaderElection (LeaderElection.java:logAndReturn(93)) -   Response 0: omNode-2<-omNode-3#0:OK-t4
2021-10-05 12:31:11,799 [omNode-2@group-523986131536-LeaderElection19] INFO  impl.LeaderElection (LeaderElection.java:askForVotes(308)) - omNode-2@group-523986131536-LeaderElection19 ELECTION round 0: result PASSED
2021-10-05 12:31:11,799 [omNode-2@group-523986131536-LeaderElection19] INFO  impl.RoleInfo (RoleInfo.java:shutdownLeaderElection(121)) - omNode-2: shutdown omNode-2@group-523986131536-LeaderElection19
2021-10-05 12:31:11,799 [omNode-2@group-523986131536-LeaderElection19] INFO  server.RaftServer$Division (RaftServerImpl.java:setRole(285)) - omNode-2@group-523986131536: changes role from CANDIDATE to LEADER at term 4 for changeToLeader
2021-10-05 12:31:11,799 [omNode-2@group-523986131536-LeaderElection19] INFO  server.RaftServer$Division (ServerState.java:setLeader(285)) - omNode-2@group-523986131536: change Leader from null to omNode-2 at term 4 for becomeLeader, leader elected after 1156ms
2021-10-05 12:31:11,799 [omNode-2@group-523986131536-LeaderElection19] INFO  server.RaftServerConfigKeys (ConfUtils.java:logGet(44)) - raft.server.staging.catchup.gap = 1000 (default)
2021-10-05 12:31:11,799 [omNode-2@group-523986131536-LeaderElection19] INFO  server.RaftServerConfigKeys (ConfUtils.java:logGet(44)) - raft.server.write.element-limit = 4096 (default)
2021-10-05 12:31:11,799 [omNode-2@group-523986131536-LeaderElection19] INFO  server.RaftServerConfigKeys (ConfUtils.java:logGet(44)) - raft.server.write.byte-limit = 64MB (=67108864) (default)
2021-10-05 12:31:11,799 [omNode-2@group-523986131536-LeaderElection19] INFO  server.RaftServerConfigKeys (ConfUtils.java:logGet(44)) - raft.server.watch.timeout = 10s (default)
2021-10-05 12:31:11,799 [omNode-2@group-523986131536-LeaderElection19] INFO  server.RaftServerConfigKeys (ConfUtils.java:logGet(44)) - raft.server.watch.timeout.denomination = 1s (default)
2021-10-05 12:31:11,799 [omNode-2@group-523986131536-LeaderElection19] INFO  server.RaftServerConfigKeys (ConfUtils.java:logGet(44)) - raft.server.watch.element-limit = 65536 (default)
2021-10-05 12:31:11,799 [omNode-2@group-523986131536-LeaderElection19] INFO  server.RaftServerConfigKeys (ConfUtils.java:logGet(44)) - raft.server.log.appender.snapshot.chunk.size.max = 16MB (=16777216) (default)
2021-10-05 12:31:11,800 [omNode-2@group-523986131536-LeaderElection19] INFO  server.RaftServerConfigKeys (ConfUtils.java:logGet(44)) - raft.server.log.appender.buffer.byte-limit = 33554432 (custom)
2021-10-05 12:31:11,800 [omNode-2@group-523986131536-LeaderElection19] INFO  server.RaftServerConfigKeys (ConfUtils.java:logGet(44)) - raft.server.log.appender.buffer.element-limit = 1024 (custom)
2021-10-05 12:31:11,800 [omNode-2@group-523986131536-LeaderElection19] INFO  grpc.GrpcConfigKeys (ConfUtils.java:logGet(44)) - raft.grpc.server.leader.outstanding.appends.max = 128 (default)
2021-10-05 12:31:11,800 [omNode-2@group-523986131536-LeaderElection19] INFO  server.RaftServerConfigKeys (ConfUtils.java:logGet(44)) - raft.server.rpc.request.timeout = 3000ms (default)
2021-10-05 12:31:11,800 [omNode-2@group-523986131536-LeaderElection19] INFO  server.RaftServerConfigKeys (ConfUtils.java:logGet(44)) - raft.server.log.appender.install.snapshot.enabled = false (custom)
2021-10-05 12:31:11,801 [omNode-2@group-523986131536-LeaderElection19] INFO  server.RaftServerConfigKeys (ConfUtils.java:logGet(44)) - raft.server.log.appender.snapshot.chunk.size.max = 16MB (=16777216) (default)
2021-10-05 12:31:11,801 [omNode-2@group-523986131536-LeaderElection19] INFO  server.RaftServerConfigKeys (ConfUtils.java:logGet(44)) - raft.server.log.appender.buffer.byte-limit = 33554432 (custom)
2021-10-05 12:31:11,801 [omNode-2@group-523986131536-LeaderElection19] INFO  server.RaftServerConfigKeys (ConfUtils.java:logGet(44)) - raft.server.log.appender.buffer.element-limit = 1024 (custom)
2021-10-05 12:31:11,802 [omNode-2@group-523986131536-LeaderElection19] INFO  grpc.GrpcConfigKeys (ConfUtils.java:logGet(44)) - raft.grpc.server.leader.outstanding.appends.max = 128 (default)
2021-10-05 12:31:11,802 [omNode-2@group-523986131536-LeaderElection19] INFO  server.RaftServerConfigKeys (ConfUtils.java:logGet(44)) - raft.server.rpc.request.timeout = 3000ms (default)
2021-10-05 12:31:11,802 [omNode-2@group-523986131536-LeaderElection19] INFO  server.RaftServerConfigKeys (ConfUtils.java:logGet(44)) - raft.server.log.appender.install.snapshot.enabled = false (custom)
2021-10-05 12:31:11,802 [omNode-2@group-523986131536-LeaderElection19] INFO  impl.RoleInfo (RoleInfo.java:updateAndGet(130)) - omNode-2: start omNode-2@group-523986131536-LeaderStateImpl
2021-10-05 12:31:11,803 [omNode-2@group-523986131536-LeaderElection19] INFO  segmented.SegmentedRaftLogWorker (SegmentedRaftLogWorker.java:rollLogSegment(399)) - omNode-2@group-523986131536-SegmentedRaftLogWorker: Rolling segment log-18_19 to index:19
2021-10-05 12:31:11,805 [omNode-2@group-523986131536-SegmentedRaftLogWorker] INFO  segmented.SegmentedRaftLogWorker (SegmentedRaftLogWorker.java:execute(558)) - omNode-2@group-523986131536-SegmentedRaftLogWorker: Rolled log segment from /home/runner/work/ozone/ozone/hadoop-ozone/integration-test/target/test-dir/MiniOzoneClusterImpl-37ac24e5-edd8-4d0c-a990-01310c91afa3/omNode-2/ratis/c9bc4cf4-3bc3-3c60-a66b-523986131536/current/log_inprogress_18 to /home/runner/work/ozone/ozone/hadoop-ozone/integration-test/target/test-dir/MiniOzoneClusterImpl-37ac24e5-edd8-4d0c-a990-01310c91afa3/omNode-2/ratis/c9bc4cf4-3bc3-3c60-a66b-523986131536/current/log_18-19
2021-10-05 12:31:11,812 [omNode-2@group-523986131536-SegmentedRaftLogWorker] INFO  segmented.SegmentedRaftLogWorker (SegmentedRaftLogWorker.java:execute(601)) - omNode-2@group-523986131536-SegmentedRaftLogWorker: created new log segment /home/runner/work/ozone/ozone/hadoop-ozone/integration-test/target/test-dir/MiniOzoneClusterImpl-37ac24e5-edd8-4d0c-a990-01310c91afa3/omNode-2/ratis/c9bc4cf4-3bc3-3c60-a66b-523986131536/current/log_inprogress_20
2021-10-05 12:31:11,821 [grpc-default-executor-1] INFO  server.RaftServer$Division (ServerState.java:setLeader(285)) - omNode-3@group-523986131536: change Leader from null to omNode-2 at term 4 for appendEntries, leader elected after 31ms
2021-10-05 12:31:11,828 [grpc-default-executor-0] INFO  server.RaftServer$Division (ServerState.java:setLeader(285)) - omNode-1@group-523986131536: change Leader from null to omNode-2 at term 4 for appendEntries, leader elected after 1363ms
2021-10-05 12:31:11,828 [grpc-default-executor-0] INFO  server.RaftServer$Division (RaftServerImpl.java:checkInconsistentAppendEntries(1319)) - omNode-1@group-523986131536: Failed appendEntries as previous log entry ((t:3, i:19)) is not found
2021-10-05 12:31:11,828 [grpc-default-executor-0] INFO  server.RaftServer$Division (RaftServerImpl.java:checkInconsistentAppendEntries(1285)) - omNode-1@group-523986131536: inconsistency entries. Reply:omNode-2<-omNode-1#0:FAIL-t4,INCONSISTENCY,nextIndex=18,followerCommit=17
2021-10-05 12:31:11,830 [grpc-default-executor-2] INFO  server.RaftServer$Division (RaftServerImpl.java:checkInconsistentAppendEntries(1319)) - omNode-1@group-523986131536: Failed appendEntries as previous log entry ((t:3, i:19)) is not found
2021-10-05 12:31:11,830 [grpc-default-executor-2] INFO  server.RaftServer$Division (RaftServerImpl.java:checkInconsistentAppendEntries(1285)) - omNode-1@group-523986131536: inconsistency entries. Reply:omNode-2<-omNode-1#1:FAIL-t4,INCONSISTENCY,nextIndex=18,followerCommit=17
2021-10-05 12:31:11,839 [omNode-2@group-523986131536-LeaderElection19] INFO  server.RaftServer$Division (ServerState.java:setRaftConf(387)) - omNode-2@group-523986131536: set configuration 20: [omNode-3|rpc:localhost:10616|admin:|client:|dataStream:|priority:0, omNode-1|rpc:localhost:10604|admin:|client:|dataStream:|priority:0, omNode-2|rpc:localhost:10610|admin:|client:|dataStream:|priority:0], old=null
2021-10-05 12:31:11,839 [grpc-default-executor-0] INFO  leader.FollowerInfo (FollowerInfoImpl.java:lambda$new$0(46)) - omNode-2@group-523986131536->omNode-1: nextIndex: updateUnconditionally 21 -> 18
2021-10-05 12:31:11,840 [grpc-default-executor-1] INFO  server.RaftServer$Division (ServerState.java:setRaftConf(387)) - omNode-3@group-523986131536: set configuration 20: [omNode-3|rpc:localhost:10616|admin:|client:|dataStream:|priority:0, omNode-1|rpc:localhost:10604|admin:|client:|dataStream:|priority:0, omNode-2|rpc:localhost:10610|admin:|client:|dataStream:|priority:0], old=null
2021-10-05 12:31:11,840 [grpc-default-executor-1] INFO  segmented.SegmentedRaftLogWorker (SegmentedRaftLogWorker.java:rollLogSegment(399)) - omNode-3@group-523986131536-SegmentedRaftLogWorker: Rolling segment log-18_19 to index:19
2021-10-05 12:31:11,840 [grpc-default-executor-1] INFO  leader.FollowerInfo (FollowerInfoImpl.java:lambda$new$0(46)) - omNode-2@group-523986131536->omNode-1: nextIndex: updateUnconditionally 18 -> 18
2021-10-05 12:31:11,841 [omNode-2@group-523986131536->omNode-1-GrpcLogAppender-LogAppenderDaemon] ERROR leader.LogAppenderDaemon (LogAppenderDaemon.java:run(86)) - omNode-2@group-523986131536->omNode-1-GrpcLogAppender-LogAppenderDaemon failed
java.lang.NullPointerException: omNode-2@group-523986131536->omNode-1: Previous TermIndex not found for firstIndex = 18
	at java.util.Objects.requireNonNull(Objects.java:290)
	at org.apache.ratis.server.leader.LogAppenderBase.assertProtos(LogAppenderBase.java:169)
	at org.apache.ratis.server.leader.LogAppenderBase.newAppendEntriesRequest(LogAppenderBase.java:154)
	at org.apache.ratis.grpc.server.GrpcLogAppender.appendLog(GrpcLogAppender.java:211)
	at org.apache.ratis.grpc.server.GrpcLogAppender.run(GrpcLogAppender.java:145)
	at org.apache.ratis.server.leader.LogAppenderDaemon.run(LogAppenderDaemon.java:77)
	at java.lang.Thread.run(Thread.java:748)
2021-10-05 12:31:11,841 [omNode-3@group-523986131536-SegmentedRaftLogWorker] INFO  segmented.SegmentedRaftLogWorker (SegmentedRaftLogWorker.java:execute(558)) - omNode-3@group-523986131536-SegmentedRaftLogWorker: Rolled log segment from /home/runner/work/ozone/ozone/hadoop-ozone/integration-test/target/test-dir/MiniOzoneClusterImpl-37ac24e5-edd8-4d0c-a990-01310c91afa3/omNode-3/ratis/c9bc4cf4-3bc3-3c60-a66b-523986131536/current/log_inprogress_18 to /home/runner/work/ozone/ozone/hadoop-ozone/integration-test/target/test-dir/MiniOzoneClusterImpl-37ac24e5-edd8-4d0c-a990-01310c91afa3/omNode-3/ratis/c9bc4cf4-3bc3-3c60-a66b-523986131536/current/log_18-19
2021-10-05 12:31:11,841 [omNode-2@group-523986131536->omNode-1-GrpcLogAppender-LogAppenderDaemon] INFO  server.RaftServer$Division (LeaderStateImpl.java:restart(501)) - omNode-2@group-523986131536-LeaderStateImpl: Restarting GrpcLogAppender for omNode-2@group-523986131536->omNode-1
2021-10-05 12:31:11,841 [omNode-2@group-523986131536->omNode-1-GrpcLogAppender-LogAppenderDaemon] INFO  server.RaftServerConfigKeys (ConfUtils.java:logGet(44)) - raft.server.log.appender.snapshot.chunk.size.max = 16MB (=16777216) (default)
2021-10-05 12:31:11,841 [omNode-2@group-523986131536->omNode-1-GrpcLogAppender-LogAppenderDaemon] INFO  server.RaftServerConfigKeys (ConfUtils.java:logGet(44)) - raft.server.log.appender.buffer.byte-limit = 33554432 (custom)
2021-10-05 12:31:11,841 [omNode-2@group-523986131536->omNode-1-GrpcLogAppender-LogAppenderDaemon] INFO  server.RaftServerConfigKeys (ConfUtils.java:logGet(44)) - raft.server.log.appender.buffer.element-limit = 1024 (custom)
2021-10-05 12:31:11,842 [omNode-2@group-523986131536->omNode-1-GrpcLogAppender-LogAppenderDaemon] INFO  grpc.GrpcConfigKeys (ConfUtils.java:logGet(44)) - raft.grpc.server.leader.outstanding.appends.max = 128 (default)
2021-10-05 12:31:11,842 [omNode-2@group-523986131536->omNode-1-GrpcLogAppender-LogAppenderDaemon] INFO  server.RaftServerConfigKeys (ConfUtils.java:logGet(44)) - raft.server.rpc.request.timeout = 3000ms (default)
2021-10-05 12:31:11,842 [omNode-2@group-523986131536->omNode-1-GrpcLogAppender-LogAppenderDaemon] INFO  server.RaftServerConfigKeys (ConfUtils.java:logGet(44)) - raft.server.log.appender.install.snapshot.enabled = false (custom)
2021-10-05 12:31:11,844 [omNode-2@group-523986131536->omNode-1-GrpcLogAppender-LogAppenderDaemon] INFO  server.GrpcLogAppender (GrpcLogAppender.java:installSnapshot(524)) - omNode-2@group-523986131536->omNode-1-GrpcLogAppender: followerNextIndex = 0 but logStartIndex = 18, notify follower to install snapshot-(t:3, i:18)
2021-10-05 12:31:11,844 [omNode-2@group-523986131536->omNode-1-GrpcLogAppender-LogAppenderDaemon] INFO  server.GrpcLogAppender (GrpcLogAppender.java:installSnapshot(532)) - omNode-2@group-523986131536->omNode-1-GrpcLogAppender: send omNode-2->omNode-1#0-t4,notify:(t:3, i:18)
2021-10-05 12:31:11,848 [grpc-default-executor-0] INFO  server.RaftServer$Division (RaftServerImpl.java:installSnapshot(1329)) - omNode-1@group-523986131536: receive installSnapshot: omNode-2->omNode-1#0-t4,notify:(t:3, i:18)
2021-10-05 12:31:11,848 [grpc-default-executor-0] INFO  server.RaftServer$Division (RaftServerImpl.java:notifyStateMachineToInstallSnapshot(1560)) - omNode-1@group-523986131536: StateMachine snapshotIndex is 17
2021-10-05 12:31:11,848 [grpc-default-executor-0] INFO  server.RaftServer$Division (RaftServerImpl.java:installSnapshotImpl(1459)) - omNode-1@group-523986131536: set new configuration index: 20
configurationEntry {
  peers {
    id: "omNode-3"
    address: "localhost:10616"
  }
  peers {
    id: "omNode-1"
    address: "localhost:10604"
  }
  peers {
    id: "omNode-2"
    address: "localhost:10610"
  }
}
 from snapshot
2021-10-05 12:31:11,849 [grpc-default-executor-0] INFO  server.RaftServer$Division (ServerState.java:setRaftConf(387)) - omNode-1@group-523986131536: set configuration 20: [omNode-3|rpc:localhost:10616|admin:|client:|dataStream:|priority:0, omNode-1|rpc:localhost:10604|admin:|client:|dataStream:|priority:0, omNode-2|rpc:localhost:10610|admin:|client:|dataStream:|priority:0], old=null
2021-10-05 12:31:11,849 [grpc-default-executor-0] INFO  ratis.OzoneManagerStateMachine (OzoneManagerStateMachine.java:notifyConfigurationChanged(188)) - Received Configuration change notification from Ratis. New Peer list:
[id: "omNode-3"
address: "localhost:10616"
, id: "omNode-1"
address: "localhost:10604"
, id: "omNode-2"
address: "localhost:10610"
]
2021-10-05 12:31:11,849 [grpc-default-executor-0] INFO  server.RaftServer$Division (RaftServerImpl.java:installSnapshot(1340)) - omNode-1@group-523986131536: reply installSnapshot: omNode-2<-omNode-1#0:FAIL-t4,ALREADY_INSTALLED,snapshotIndex=17
2021-10-05 12:31:11,850 [grpc-default-executor-2] INFO  server.GrpcLogAppender (GrpcLogAppender.java:onNext(400)) - omNode-2@group-523986131536->omNode-1-InstallSnapshotResponseHandler: received the first reply omNode-2<-omNode-1#0:FAIL-t4,ALREADY_INSTALLED,snapshotIndex=17
2021-10-05 12:31:11,850 [grpc-default-executor-2] INFO  server.GrpcLogAppender (GrpcLogAppender.java:onNext(422)) - omNode-2@group-523986131536->omNode-1-InstallSnapshotResponseHandler: Already Installed Snapshot Index 17.
2021-10-05 12:31:11,850 [grpc-default-executor-2] INFO  leader.FollowerInfo (FollowerInfoImpl.java:lambda$new$0(46)) - omNode-2@group-523986131536->omNode-1: snapshotIndex: setUnconditionally 0 -> 17
2021-10-05 12:31:11,850 [grpc-default-executor-2] INFO  leader.FollowerInfo (FollowerInfoImpl.java:lambda$new$0(46)) - omNode-2@group-523986131536->omNode-1: matchIndex: setUnconditionally 0 -> 17
2021-10-05 12:31:11,850 [grpc-default-executor-2] INFO  leader.FollowerInfo (FollowerInfoImpl.java:lambda$new$0(46)) - omNode-2@group-523986131536->omNode-1: nextIndex: setUnconditionally 0 -> 18
2021-10-05 12:31:11,850 [grpc-default-executor-2] INFO  leader.FollowerInfo (FollowerInfoImpl.java:lambda$new$0(46)) - omNode-2@group-523986131536->omNode-1: nextIndex: updateToMax old=18, new=18, updated? false
2021-10-05 12:31:11,851 [grpc-default-executor-0] INFO  server.GrpcServerProtocolService (GrpcServerProtocolService.java:onCompleted(140)) - omNode-1: Completed INSTALL_SNAPSHOT, lastRequest: omNode-2->omNode-1#0-t4,notify:(t:3, i:18)
2021-10-05 12:31:11,852 [omNode-3@group-523986131536-SegmentedRaftLogWorker] INFO  segmented.SegmentedRaftLogWorker (SegmentedRaftLogWorker.java:execute(601)) - omNode-3@group-523986131536-SegmentedRaftLogWorker: created new log segment /home/runner/work/ozone/ozone/hadoop-ozone/integration-test/target/test-dir/MiniOzoneClusterImpl-37ac24e5-edd8-4d0c-a990-01310c91afa3/omNode-3/ratis/c9bc4cf4-3bc3-3c60-a66b-523986131536/current/log_inprogress_20
2021-10-05 12:31:11,855 [omNode-2@group-523986131536-StateMachineUpdater] INFO  ratis.OzoneManagerStateMachine (OzoneManagerStateMachine.java:notifyConfigurationChanged(188)) - Received Configuration change notification from Ratis. New Peer list:
[id: "omNode-3"
address: "localhost:10616"
, id: "omNode-1"
address: "localhost:10604"
, id: "omNode-2"
address: "localhost:10610"
]
2021-10-05 12:31:11,863 [omNode-3@group-523986131536-StateMachineUpdater] INFO  ratis.OzoneManagerStateMachine (OzoneManagerStateMachine.java:notifyConfigurationChanged(188)) - Received Configuration change notification from Ratis. New Peer list:
[id: "omNode-3"
address: "localhost:10616"
, id: "omNode-1"
address: "localhost:10604"
, id: "omNode-2"
address: "localhost:10610"
]
2021-10-05 12:31:12,364 [grpc-default-executor-0] INFO  server.RaftServer$Division (RaftServerImpl.java:checkInconsistentAppendEntries(1319)) - omNode-1@group-523986131536: Failed appendEntries as previous log entry ((t:4, i:21)) is not found
2021-10-05 12:31:12,364 [grpc-default-executor-0] INFO  server.RaftServer$Division (RaftServerImpl.java:checkInconsistentAppendEntries(1285)) - omNode-1@group-523986131536: inconsistency entries. Reply:omNode-2<-omNode-1#52:FAIL-t4,INCONSISTENCY,nextIndex=18,followerCommit=17
2021-10-05 12:31:12,366 [grpc-default-executor-2] INFO  leader.FollowerInfo (FollowerInfoImpl.java:lambda$new$0(46)) - omNode-2@group-523986131536->omNode-1: nextIndex: updateUnconditionally 22 -> 18
2021-10-05 12:31:12,727 [Time-limited test] INFO  retry.RetryInvocationHandler (RetryInvocationHandler.java:log(411)) - com.google.protobuf.ServiceException: org.apache.hadoop.ipc.RemoteException(org.apache.hadoop.ozone.om.exceptions.OMNotLeaderException): OM:omNode-1 is not the leader. Could not determine the leader node.
	at org.apache.hadoop.ozone.om.ratis.utils.OzoneManagerRatisUtils.createNotLeaderException(OzoneManagerRatisUtils.java:465)
	at org.apache.hadoop.ozone.om.ratis.utils.OzoneManagerRatisUtils.checkLeaderStatus(OzoneManagerRatisUtils.java:451)
	at org.apache.hadoop.ozone.protocolPB.OzoneManagerProtocolServerSideTranslatorPB.checkLeaderStatus(OzoneManagerProtocolServerSideTranslatorPB.java:242)
	at org.apache.hadoop.ozone.protocolPB.OzoneManagerProtocolServerSideTranslatorPB.processRequest(OzoneManagerProtocolServerSideTranslatorPB.java:135)
	at org.apache.hadoop.hdds.server.OzoneProtocolMessageDispatcher.processRequest(OzoneProtocolMessageDispatcher.java:87)
	at org.apache.hadoop.ozone.protocolPB.OzoneManagerProtocolServerSideTranslatorPB.submitRequest(OzoneManagerProtocolServerSideTranslatorPB.java:123)
	at org.apache.hadoop.ozone.protocol.proto.OzoneManagerProtocolProtos$OzoneManagerService$2.callBlockingMethod(OzoneManagerProtocolProtos.java)
	at org.apache.hadoop.ipc.ProtobufRpcEngine$Server.processCall(ProtobufRpcEngine.java:466)
	at org.apache.hadoop.ipc.ProtobufRpcEngine2$Server$ProtoBufRpcInvoker.call(ProtobufRpcEngine2.java:574)
	at org.apache.hadoop.ipc.ProtobufRpcEngine2$Server$ProtoBufRpcInvoker.call(ProtobufRpcEngine2.java:552)
	at org.apache.hadoop.ipc.RPC$Server.call(RPC.java:1093)
	at org.apache.hadoop.ipc.Server$RpcCall.run(Server.java:1035)
	at org.apache.hadoop.ipc.Server$RpcCall.run(Server.java:963)
	at java.security.AccessController.doPrivileged(Native Method)
	at javax.security.auth.Subject.doAs(Subject.java:422)
	at org.apache.hadoop.security.UserGroupInformation.doAs(UserGroupInformation.java:1878)
	at org.apache.hadoop.ipc.Server$Handler.run(Server.java:2966)
, while invoking $Proxy52.submitRequest over nodeId=omNode-1,nodeAddress=127.0.0.1:10600 after 3 failover attempts. Trying to failover immediately.
2021-10-05 12:31:12,731 [grpc-default-executor-0] INFO  server.RaftServer$Division (RaftServerImpl.java:checkInconsistentAppendEntries(1319)) - omNode-1@group-523986131536: Failed appendEntries as previous log entry ((t:4, i:21)) is not found
2021-10-05 12:31:12,731 [grpc-default-executor-0] INFO  server.RaftServer$Division (RaftServerImpl.java:checkInconsistentAppendEntries(1285)) - omNode-1@group-523986131536: inconsistency entries. Reply:omNode-2<-omNode-1#89:FAIL-t4,INCONSISTENCY,nextIndex=18,followerCommit=17
2021-10-05 12:31:12,734 [grpc-default-executor-2] INFO  server.RaftServer$Division (RaftServerImpl.java:checkInconsistentAppendEntries(1319)) - omNode-1@group-523986131536: Failed appendEntries as previous log entry ((t:4, i:22)) is not found
2021-10-05 12:31:12,734 [grpc-default-executor-2] INFO  server.RaftServer$Division (RaftServerImpl.java:checkInconsistentAppendEntries(1285)) - omNode-1@group-523986131536: inconsistency entries. Reply:omNode-2<-omNode-1#90:FAIL-t4,INCONSISTENCY,nextIndex=18,followerCommit=17
2021-10-05 12:31:12,735 [OM StateMachine ApplyTransaction Thread - 0] INFO  upgrade.OMCancelPrepareRequest (OMCancelPrepareRequest.java:validateAndUpdateCache(55)) - OM omNode-2 Received cancel prepare request with log index 22
2021-10-05 12:31:12,735 [OM StateMachine ApplyTransaction Thread - 0] INFO  om.OzoneManagerPrepareState (OzoneManagerPrepareState.java:deletePrepareMarkerFile(271)) - Deleted prepare marker file: /home/runner/work/ozone/ozone/hadoop-ozone/integration-test/target/test-dir/MiniOzoneClusterImpl-37ac24e5-edd8-4d0c-a990-01310c91afa3/omNode-2/current/prepareMarker
2021-10-05 12:31:12,735 [OM StateMachine ApplyTransaction Thread - 0] INFO  upgrade.OMCancelPrepareRequest (OMCancelPrepareRequest.java:validateAndUpdateCache(84)) - OM omNode-2 prepare state cancelled at log index 22. Returning response 
2021-10-05 12:31:12,741 [OM StateMachine ApplyTransaction Thread - 0] INFO  upgrade.OMCancelPrepareRequest (OMCancelPrepareRequest.java:validateAndUpdateCache(55)) - OM omNode-3 Received cancel prepare request with log index 22
2021-10-05 12:31:12,742 [OM StateMachine ApplyTransaction Thread - 0] INFO  om.OzoneManagerPrepareState (OzoneManagerPrepareState.java:deletePrepareMarkerFile(271)) - Deleted prepare marker file: /home/runner/work/ozone/ozone/hadoop-ozone/integration-test/target/test-dir/MiniOzoneClusterImpl-37ac24e5-edd8-4d0c-a990-01310c91afa3/omNode-3/current/prepareMarker
2021-10-05 12:31:12,743 [OM StateMachine ApplyTransaction Thread - 0] INFO  upgrade.OMCancelPrepareRequest (OMCancelPrepareRequest.java:validateAndUpdateCache(84)) - OM omNode-3 prepare state cancelled at log index 22. Returning response 
2021-10-05 12:31:13,235 [grpc-default-executor-2] INFO  server.RaftServer$Division (RaftServerImpl.java:checkInconsistentAppendEntries(1319)) - omNode-1@group-523986131536: Failed appendEntries as previous log entry ((t:4, i:23)) is not found
2021-10-05 12:31:13,236 [grpc-default-executor-2] INFO  server.RaftServer$Division (RaftServerImpl.java:checkInconsistentAppendEntries(1285)) - omNode-1@group-523986131536: inconsistency entries. Reply:omNode-2<-omNode-1#141:FAIL-t4,INCONSISTENCY,nextIndex=18,followerCommit=17
2021-10-05 12:31:13,237 [grpc-default-executor-2] INFO  leader.FollowerInfo (FollowerInfoImpl.java:lambda$new$0(46)) - omNode-2@group-523986131536->omNode-1: nextIndex: updateUnconditionally 24 -> 18
2021-10-05 12:31:13,739 [grpc-default-executor-2] INFO  server.RaftServer$Division (RaftServerImpl.java:checkInconsistentAppendEntries(1319)) - omNode-1@group-523986131536: Failed appendEntries as previous log entry ((t:4, i:23)) is not found
2021-10-05 12:31:13,739 [grpc-default-executor-2] INFO  server.RaftServer$Division (RaftServerImpl.java:checkInconsistentAppendEntries(1285)) - omNode-1@group-523986131536: inconsistency entries. Reply:omNode-2<-omNode-1#192:FAIL-t4,INCONSISTENCY,nextIndex=18,followerCommit=17
2021-10-05 12:31:13,740 [grpc-default-executor-2] INFO  leader.FollowerInfo (FollowerInfoImpl.java:lambda$new$0(46)) - omNode-2@group-523986131536->omNode-1: nextIndex: updateUnconditionally 24 -> 18
2021-10-05 12:31:14,242 [grpc-default-executor-2] INFO  server.RaftServer$Division (RaftServerImpl.java:checkInconsistentAppendEntries(1319)) - omNode-1@group-523986131536: Failed appendEntries as previous log entry ((t:4, i:23)) is not found
2021-10-05 12:31:14,242 [grpc-default-executor-2] INFO  server.RaftServer$Division (RaftServerImpl.java:checkInconsistentAppendEntries(1285)) - omNode-1@group-523986131536: inconsistency entries. Reply:omNode-2<-omNode-1#243:FAIL-t4,INCONSISTENCY,nextIndex=18,followerCommit=17
2021-10-05 12:31:14,243 [grpc-default-executor-2] INFO  leader.FollowerInfo (FollowerInfoImpl.java:lambda$new$0(46)) - omNode-2@group-523986131536->omNode-1: nextIndex: updateUnconditionally 24 -> 18
2021-10-05 12:31:14,745 [grpc-default-executor-2] INFO  server.RaftServer$Division (RaftServerImpl.java:checkInconsistentAppendEntries(1319)) - omNode-1@group-523986131536: Failed appendEntries as previous log entry ((t:4, i:23)) is not found
2021-10-05 12:31:14,746 [grpc-default-executor-2] INFO  server.RaftServer$Division (RaftServerImpl.java:checkInconsistentAppendEntries(1285)) - omNode-1@group-523986131536: inconsistency entries. Reply:omNode-2<-omNode-1#294:FAIL-t4,INCONSISTENCY,nextIndex=18,followerCommit=17
2021-10-05 12:31:14,747 [grpc-default-executor-2] INFO  leader.FollowerInfo (FollowerInfoImpl.java:lambda$new$0(46)) - omNode-2@group-523986131536->omNode-1: nextIndex: updateUnconditionally 24 -> 18
2021-10-05 12:31:15,248 [grpc-default-executor-2] INFO  server.RaftServer$Division (RaftServerImpl.java:checkInconsistentAppendEntries(1319)) - omNode-1@group-523986131536: Failed appendEntries as previous log entry ((t:4, i:23)) is not found
2021-10-05 12:31:15,249 [grpc-default-executor-2] INFO  server.RaftServer$Division (RaftServerImpl.java:checkInconsistentAppendEntries(1285)) - omNode-1@group-523986131536: inconsistency entries. Reply:omNode-2<-omNode-1#345:FAIL-t4,INCONSISTENCY,nextIndex=18,followerCommit=17
2021-10-05 12:31:15,249 [grpc-default-executor-2] INFO  leader.FollowerInfo (FollowerInfoImpl.java:lambda$new$0(46)) - omNode-2@group-523986131536->omNode-1: nextIndex: updateUnconditionally 24 -> 18
2021-10-05 12:31:15,752 [grpc-default-executor-0] INFO  server.RaftServer$Division (RaftServerImpl.java:checkInconsistentAppendEntries(1319)) - omNode-1@group-523986131536: Failed appendEntries as previous log entry ((t:4, i:23)) is not found
2021-10-05 12:31:15,752 [grpc-default-executor-0] INFO  server.RaftServer$Division (RaftServerImpl.java:checkInconsistentAppendEntries(1285)) - omNode-1@group-523986131536: inconsistency entries. Reply:omNode-2<-omNode-1#396:FAIL-t4,INCONSISTENCY,nextIndex=18,followerCommit=17
2021-10-05 12:31:15,753 [grpc-default-executor-0] INFO  leader.FollowerInfo (FollowerInfoImpl.java:lambda$new$0(46)) - omNode-2@group-523986131536->omNode-1: nextIndex: updateUnconditionally 24 -> 18
2021-10-05 12:31:16,255 [grpc-default-executor-2] INFO  server.RaftServer$Division (RaftServerImpl.java:checkInconsistentAppendEntries(1319)) - omNode-1@group-523986131536: Failed appendEntries as previous log entry ((t:4, i:23)) is not found
2021-10-05 12:31:16,255 [grpc-default-executor-2] INFO  server.RaftServer$Division (RaftServerImpl.java:checkInconsistentAppendEntries(1285)) - omNode-1@group-523986131536: inconsistency entries. Reply:omNode-2<-omNode-1#447:FAIL-t4,INCONSISTENCY,nextIndex=18,followerCommit=17
2021-10-05 12:31:16,256 [grpc-default-executor-2] INFO  leader.FollowerInfo (FollowerInfoImpl.java:lambda$new$0(46)) - omNode-2@group-523986131536->omNode-1: nextIndex: updateUnconditionally 24 -> 18
2021-10-05 12:31:16,759 [grpc-default-executor-2] INFO  server.RaftServer$Division (RaftServerImpl.java:checkInconsistentAppendEntries(1319)) - omNode-1@group-523986131536: Failed appendEntries as previous log entry ((t:4, i:23)) is not found
2021-10-05 12:31:16,760 [grpc-default-executor-2] INFO  server.RaftServer$Division (RaftServerImpl.java:checkInconsistentAppendEntries(1285)) - omNode-1@group-523986131536: inconsistency entries. Reply:omNode-2<-omNode-1#498:FAIL-t4,INCONSISTENCY,nextIndex=18,followerCommit=17
2021-10-05 12:31:16,760 [grpc-default-executor-2] INFO  leader.FollowerInfo (FollowerInfoImpl.java:lambda$new$0(46)) - omNode-2@group-523986131536->omNode-1: nextIndex: updateUnconditionally 24 -> 18
2021-10-05 12:31:17,263 [grpc-default-executor-2] INFO  server.RaftServer$Division (RaftServerImpl.java:checkInconsistentAppendEntries(1319)) - omNode-1@group-523986131536: Failed appendEntries as previous log entry ((t:4, i:23)) is not found
2021-10-05 12:31:17,263 [grpc-default-executor-2] INFO  server.RaftServer$Division (RaftServerImpl.java:checkInconsistentAppendEntries(1285)) - omNode-1@group-523986131536: inconsistency entries. Reply:omNode-2<-omNode-1#549:FAIL-t4,INCONSISTENCY,nextIndex=18,followerCommit=17
2021-10-05 12:31:17,264 [grpc-default-executor-2] INFO  leader.FollowerInfo (FollowerInfoImpl.java:lambda$new$0(46)) - omNode-2@group-523986131536->omNode-1: nextIndex: updateUnconditionally 24 -> 18
2021-10-05 12:31:17,767 [grpc-default-executor-2] INFO  server.RaftServer$Division (RaftServerImpl.java:checkInconsistentAppendEntries(1319)) - omNode-1@group-523986131536: Failed appendEntries as previous log entry ((t:4, i:23)) is not found
2021-10-05 12:31:17,768 [grpc-default-executor-2] INFO  server.RaftServer$Division (RaftServerImpl.java:checkInconsistentAppendEntries(1285)) - omNode-1@group-523986131536: inconsistency entries. Reply:omNode-2<-omNode-1#600:FAIL-t4,INCONSISTENCY,nextIndex=18,followerCommit=17
2021-10-05 12:31:17,768 [grpc-default-executor-2] INFO  leader.FollowerInfo (FollowerInfoImpl.java:lambda$new$0(46)) - omNode-2@group-523986131536->omNode-1: nextIndex: updateUnconditionally 24 -> 18
2021-10-05 12:31:18,271 [grpc-default-executor-2] INFO  server.RaftServer$Division (RaftServerImpl.java:checkInconsistentAppendEntries(1319)) - omNode-1@group-523986131536: Failed appendEntries as previous log entry ((t:4, i:23)) is not found
2021-10-05 12:31:18,271 [grpc-default-executor-2] INFO  server.RaftServer$Division (RaftServerImpl.java:checkInconsistentAppendEntries(1285)) - omNode-1@group-523986131536: inconsistency entries. Reply:omNode-2<-omNode-1#651:FAIL-t4,INCONSISTENCY,nextIndex=18,followerCommit=17
2021-10-05 12:31:18,272 [grpc-default-executor-0] INFO  leader.FollowerInfo (FollowerInfoImpl.java:lambda$new$0(46)) - omNode-2@group-523986131536->omNode-1: nextIndex: updateUnconditionally 24 -> 18
2021-10-05 12:31:18,775 [grpc-default-executor-0] INFO  server.RaftServer$Division (RaftServerImpl.java:checkInconsistentAppendEntries(1319)) - omNode-1@group-523986131536: Failed appendEntries as previous log entry ((t:4, i:23)) is not found
2021-10-05 12:31:18,775 [grpc-default-executor-0] INFO  server.RaftServer$Division (RaftServerImpl.java:checkInconsistentAppendEntries(1285)) - omNode-1@group-523986131536: inconsistency entries. Reply:omNode-2<-omNode-1#702:FAIL-t4,INCONSISTENCY,nextIndex=18,followerCommit=17
2021-10-05 12:31:18,776 [grpc-default-executor-2] INFO  leader.FollowerInfo (FollowerInfoImpl.java:lambda$new$0(46)) - omNode-2@group-523986131536->omNode-1: nextIndex: updateUnconditionally 24 -> 18
2021-10-05 12:31:19,279 [grpc-default-executor-0] INFO  server.RaftServer$Division (RaftServerImpl.java:checkInconsistentAppendEntries(1319)) - omNode-1@group-523986131536: Failed appendEntries as previous log entry ((t:4, i:23)) is not found
2021-10-05 12:31:19,279 [grpc-default-executor-0] INFO  server.RaftServer$Division (RaftServerImpl.java:checkInconsistentAppendEntries(1285)) - omNode-1@group-523986131536: inconsistency entries. Reply:omNode-2<-omNode-1#753:FAIL-t4,INCONSISTENCY,nextIndex=18,followerCommit=17
2021-10-05 12:31:19,280 [grpc-default-executor-2] INFO  leader.FollowerInfo (FollowerInfoImpl.java:lambda$new$0(46)) - omNode-2@group-523986131536->omNode-1: nextIndex: updateUnconditionally 24 -> 18
2021-10-05 12:31:19,784 [grpc-default-executor-2] INFO  server.RaftServer$Division (RaftServerImpl.java:checkInconsistentAppendEntries(1319)) - omNode-1@group-523986131536: Failed appendEntries as previous log entry ((t:4, i:23)) is not found
2021-10-05 12:31:19,784 [grpc-default-executor-2] INFO  server.RaftServer$Division (RaftServerImpl.java:checkInconsistentAppendEntries(1285)) - omNode-1@group-523986131536: inconsistency entries. Reply:omNode-2<-omNode-1#804:FAIL-t4,INCONSISTENCY,nextIndex=18,followerCommit=17
2021-10-05 12:31:19,785 [grpc-default-executor-2] INFO  leader.FollowerInfo (FollowerInfoImpl.java:lambda$new$0(46)) - omNode-2@group-523986131536->omNode-1: nextIndex: updateUnconditionally 24 -> 18
2021-10-05 12:31:20,287 [grpc-default-executor-0] INFO  server.RaftServer$Division (RaftServerImpl.java:checkInconsistentAppendEntries(1319)) - omNode-1@group-523986131536: Failed appendEntries as previous log entry ((t:4, i:23)) is not found
2021-10-05 12:31:20,288 [grpc-default-executor-0] INFO  server.RaftServer$Division (RaftServerImpl.java:checkInconsistentAppendEntries(1285)) - omNode-1@group-523986131536: inconsistency entries. Reply:omNode-2<-omNode-1#855:FAIL-t4,INCONSISTENCY,nextIndex=18,followerCommit=17
2021-10-05 12:31:20,288 [grpc-default-executor-0] INFO  leader.FollowerInfo (FollowerInfoImpl.java:lambda$new$0(46)) - omNode-2@group-523986131536->omNode-1: nextIndex: updateUnconditionally 24 -> 18
2021-10-05 12:31:20,792 [grpc-default-executor-2] INFO  server.RaftServer$Division (RaftServerImpl.java:checkInconsistentAppendEntries(1319)) - omNode-1@group-523986131536: Failed appendEntries as previous log entry ((t:4, i:23)) is not found
2021-10-05 12:31:20,792 [grpc-default-executor-2] INFO  server.RaftServer$Division (RaftServerImpl.java:checkInconsistentAppendEntries(1285)) - omNode-1@group-523986131536: inconsistency entries. Reply:omNode-2<-omNode-1#906:FAIL-t4,INCONSISTENCY,nextIndex=18,followerCommit=17
2021-10-05 12:31:20,794 [grpc-default-executor-2] INFO  leader.FollowerInfo (FollowerInfoImpl.java:lambda$new$0(46)) - omNode-2@group-523986131536->omNode-1: nextIndex: updateUnconditionally 24 -> 18
2021-10-05 12:31:21,300 [grpc-default-executor-2] INFO  server.RaftServer$Division (RaftServerImpl.java:checkInconsistentAppendEntries(1319)) - omNode-1@group-523986131536: Failed appendEntries as previous log entry ((t:4, i:23)) is not found
2021-10-05 12:31:21,301 [grpc-default-executor-2] INFO  server.RaftServer$Division (RaftServerImpl.java:checkInconsistentAppendEntries(1285)) - omNode-1@group-523986131536: inconsistency entries. Reply:omNode-2<-omNode-1#957:FAIL-t4,INCONSISTENCY,nextIndex=18,followerCommit=17
2021-10-05 12:31:21,302 [grpc-default-executor-2] INFO  leader.FollowerInfo (FollowerInfoImpl.java:lambda$new$0(46)) - omNode-2@group-523986131536->omNode-1: nextIndex: updateUnconditionally 24 -> 18
2021-10-05 12:31:21,805 [grpc-default-executor-2] INFO  server.RaftServer$Division (RaftServerImpl.java:checkInconsistentAppendEntries(1319)) - omNode-1@group-523986131536: Failed appendEntries as previous log entry ((t:4, i:23)) is not found
2021-10-05 12:31:21,805 [grpc-default-executor-2] INFO  server.RaftServer$Division (RaftServerImpl.java:checkInconsistentAppendEntries(1285)) - omNode-1@group-523986131536: inconsistency entries. Reply:omNode-2<-omNode-1#1008:FAIL-t4,INCONSISTENCY,nextIndex=18,followerCommit=17
2021-10-05 12:31:21,806 [grpc-default-executor-2] INFO  leader.FollowerInfo (FollowerInfoImpl.java:lambda$new$0(46)) - omNode-2@group-523986131536->omNode-1: nextIndex: updateUnconditionally 24 -> 18
2021-10-05 12:31:22,309 [grpc-default-executor-2] INFO  server.RaftServer$Division (RaftServerImpl.java:checkInconsistentAppendEntries(1319)) - omNode-1@group-523986131536: Failed appendEntries as previous log entry ((t:4, i:23)) is not found
2021-10-05 12:31:22,309 [grpc-default-executor-2] INFO  server.RaftServer$Division (RaftServerImpl.java:checkInconsistentAppendEntries(1285)) - omNode-1@group-523986131536: inconsistency entries. Reply:omNode-2<-omNode-1#1059:FAIL-t4,INCONSISTENCY,nextIndex=18,followerCommit=17
2021-10-05 12:31:22,310 [grpc-default-executor-2] INFO  leader.FollowerInfo (FollowerInfoImpl.java:lambda$new$0(46)) - omNode-2@group-523986131536->omNode-1: nextIndex: updateUnconditionally 24 -> 18
2021-10-05 12:31:22,812 [grpc-default-executor-2] INFO  server.RaftServer$Division (RaftServerImpl.java:checkInconsistentAppendEntries(1319)) - omNode-1@group-523986131536: Failed appendEntries as previous log entry ((t:4, i:23)) is not found
2021-10-05 12:31:22,813 [grpc-default-executor-2] INFO  server.RaftServer$Division (RaftServerImpl.java:checkInconsistentAppendEntries(1285)) - omNode-1@group-523986131536: inconsistency entries. Reply:omNode-2<-omNode-1#1110:FAIL-t4,INCONSISTENCY,nextIndex=18,followerCommit=17
2021-10-05 12:31:22,813 [grpc-default-executor-2] INFO  leader.FollowerInfo (FollowerInfoImpl.java:lambda$new$0(46)) - omNode-2@group-523986131536->omNode-1: nextIndex: updateUnconditionally 24 -> 18
2021-10-05 12:31:23,316 [grpc-default-executor-2] INFO  server.RaftServer$Division (RaftServerImpl.java:checkInconsistentAppendEntries(1319)) - omNode-1@group-523986131536: Failed appendEntries as previous log entry ((t:4, i:23)) is not found
2021-10-05 12:31:23,317 [grpc-default-executor-2] INFO  server.RaftServer$Division (RaftServerImpl.java:checkInconsistentAppendEntries(1285)) - omNode-1@group-523986131536: inconsistency entries. Reply:omNode-2<-omNode-1#1161:FAIL-t4,INCONSISTENCY,nextIndex=18,followerCommit=17
2021-10-05 12:31:23,317 [grpc-default-executor-2] INFO  leader.FollowerInfo (FollowerInfoImpl.java:lambda$new$0(46)) - omNode-2@group-523986131536->omNode-1: nextIndex: updateUnconditionally 24 -> 18
2021-10-05 12:31:23,822 [grpc-default-executor-0] INFO  server.RaftServer$Division (RaftServerImpl.java:checkInconsistentAppendEntries(1319)) - omNode-1@group-523986131536: Failed appendEntries as previous log entry ((t:4, i:23)) is not found
2021-10-05 12:31:23,823 [grpc-default-executor-0] INFO  server.RaftServer$Division (RaftServerImpl.java:checkInconsistentAppendEntries(1285)) - omNode-1@group-523986131536: inconsistency entries. Reply:omNode-2<-omNode-1#1212:FAIL-t4,INCONSISTENCY,nextIndex=18,followerCommit=17
2021-10-05 12:31:23,823 [grpc-default-executor-0] INFO  leader.FollowerInfo (FollowerInfoImpl.java:lambda$new$0(46)) - omNode-2@group-523986131536->omNode-1: nextIndex: updateUnconditionally 24 -> 18
2021-10-05 12:31:24,326 [grpc-default-executor-2] INFO  server.RaftServer$Division (RaftServerImpl.java:checkInconsistentAppendEntries(1319)) - omNode-1@group-523986131536: Failed appendEntries as previous log entry ((t:4, i:23)) is not found
2021-10-05 12:31:24,326 [grpc-default-executor-2] INFO  server.RaftServer$Division (RaftServerImpl.java:checkInconsistentAppendEntries(1285)) - omNode-1@group-523986131536: inconsistency entries. Reply:omNode-2<-omNode-1#1263:FAIL-t4,INCONSISTENCY,nextIndex=18,followerCommit=17
2021-10-05 12:31:24,327 [grpc-default-executor-0] INFO  leader.FollowerInfo (FollowerInfoImpl.java:lambda$new$0(46)) - omNode-2@group-523986131536->omNode-1: nextIndex: updateUnconditionally 24 -> 18
2021-10-05 12:31:24,829 [grpc-default-executor-2] INFO  server.RaftServer$Division (RaftServerImpl.java:checkInconsistentAppendEntries(1319)) - omNode-1@group-523986131536: Failed appendEntries as previous log entry ((t:4, i:23)) is not found
2021-10-05 12:31:24,829 [grpc-default-executor-2] INFO  server.RaftServer$Division (RaftServerImpl.java:checkInconsistentAppendEntries(1285)) - omNode-1@group-523986131536: inconsistency entries. Reply:omNode-2<-omNode-1#1314:FAIL-t4,INCONSISTENCY,nextIndex=18,followerCommit=17
2021-10-05 12:31:24,830 [grpc-default-executor-0] INFO  leader.FollowerInfo (FollowerInfoImpl.java:lambda$new$0(46)) - omNode-2@group-523986131536->omNode-1: nextIndex: updateUnconditionally 24 -> 18
2021-10-05 12:31:25,332 [grpc-default-executor-0] INFO  server.RaftServer$Division (RaftServerImpl.java:checkInconsistentAppendEntries(1319)) - omNode-1@group-523986131536: Failed appendEntries as previous log entry ((t:4, i:23)) is not found
2021-10-05 12:31:25,332 [grpc-default-executor-0] INFO  server.RaftServer$Division (RaftServerImpl.java:checkInconsistentAppendEntries(1285)) - omNode-1@group-523986131536: inconsistency entries. Reply:omNode-2<-omNode-1#1365:FAIL-t4,INCONSISTENCY,nextIndex=18,followerCommit=17
2021-10-05 12:31:25,333 [grpc-default-executor-2] INFO  leader.FollowerInfo (FollowerInfoImpl.java:lambda$new$0(46)) - omNode-2@group-523986131536->omNode-1: nextIndex: updateUnconditionally 24 -> 18
2021-10-05 12:31:25,835 [grpc-default-executor-0] INFO  server.RaftServer$Division (RaftServerImpl.java:checkInconsistentAppendEntries(1319)) - omNode-1@group-523986131536: Failed appendEntries as previous log entry ((t:4, i:23)) is not found
2021-10-05 12:31:25,835 [grpc-default-executor-0] INFO  server.RaftServer$Division (RaftServerImpl.java:checkInconsistentAppendEntries(1285)) - omNode-1@group-523986131536: inconsistency entries. Reply:omNode-2<-omNode-1#1416:FAIL-t4,INCONSISTENCY,nextIndex=18,followerCommit=17
2021-10-05 12:31:25,836 [grpc-default-executor-0] INFO  leader.FollowerInfo (FollowerInfoImpl.java:lambda$new$0(46)) - omNode-2@group-523986131536->omNode-1: nextIndex: updateUnconditionally 24 -> 18
2021-10-05 12:31:26,337 [grpc-default-executor-0] INFO  server.RaftServer$Division (RaftServerImpl.java:checkInconsistentAppendEntries(1319)) - omNode-1@group-523986131536: Failed appendEntries as previous log entry ((t:4, i:23)) is not found
2021-10-05 12:31:26,338 [grpc-default-executor-0] INFO  server.RaftServer$Division (RaftServerImpl.java:checkInconsistentAppendEntries(1285)) - omNode-1@group-523986131536: inconsistency entries. Reply:omNode-2<-omNode-1#1467:FAIL-t4,INCONSISTENCY,nextIndex=18,followerCommit=17
2021-10-05 12:31:26,339 [grpc-default-executor-2] INFO  leader.FollowerInfo (FollowerInfoImpl.java:lambda$new$0(46)) - omNode-2@group-523986131536->omNode-1: nextIndex: updateUnconditionally 24 -> 18
2021-10-05 12:31:26,841 [grpc-default-executor-2] INFO  server.RaftServer$Division (RaftServerImpl.java:checkInconsistentAppendEntries(1319)) - omNode-1@group-523986131536: Failed appendEntries as previous log entry ((t:4, i:23)) is not found
2021-10-05 12:31:26,842 [grpc-default-executor-2] INFO  server.RaftServer$Division (RaftServerImpl.java:checkInconsistentAppendEntries(1285)) - omNode-1@group-523986131536: inconsistency entries. Reply:omNode-2<-omNode-1#1518:FAIL-t4,INCONSISTENCY,nextIndex=18,followerCommit=17
2021-10-05 12:31:26,843 [grpc-default-executor-2] INFO  leader.FollowerInfo (FollowerInfoImpl.java:lambda$new$0(46)) - omNode-2@group-523986131536->omNode-1: nextIndex: updateUnconditionally 24 -> 18
2021-10-05 12:31:27,346 [grpc-default-executor-0] INFO  server.RaftServer$Division (RaftServerImpl.java:checkInconsistentAppendEntries(1319)) - omNode-1@group-523986131536: Failed appendEntries as previous log entry ((t:4, i:23)) is not found
2021-10-05 12:31:27,346 [grpc-default-executor-0] INFO  server.RaftServer$Division (RaftServerImpl.java:checkInconsistentAppendEntries(1285)) - omNode-1@group-523986131536: inconsistency entries. Reply:omNode-2<-omNode-1#1569:FAIL-t4,INCONSISTENCY,nextIndex=18,followerCommit=17
2021-10-05 12:31:27,347 [grpc-default-executor-0] INFO  leader.FollowerInfo (FollowerInfoImpl.java:lambda$new$0(46)) - omNode-2@group-523986131536->omNode-1: nextIndex: updateUnconditionally 24 -> 18
2021-10-05 12:31:27,851 [grpc-default-executor-2] INFO  server.RaftServer$Division (RaftServerImpl.java:checkInconsistentAppendEntries(1319)) - omNode-1@group-523986131536: Failed appendEntries as previous log entry ((t:4, i:23)) is not found
2021-10-05 12:31:27,851 [grpc-default-executor-2] INFO  server.RaftServer$Division (RaftServerImpl.java:checkInconsistentAppendEntries(1285)) - omNode-1@group-523986131536: inconsistency entries. Reply:omNode-2<-omNode-1#1620:FAIL-t4,INCONSISTENCY,nextIndex=18,followerCommit=17
2021-10-05 12:31:27,852 [grpc-default-executor-2] INFO  leader.FollowerInfo (FollowerInfoImpl.java:lambda$new$0(46)) - omNode-2@group-523986131536->omNode-1: nextIndex: updateUnconditionally 24 -> 18
2021-10-05 12:31:28,355 [grpc-default-executor-0] INFO  server.RaftServer$Division (RaftServerImpl.java:checkInconsistentAppendEntries(1319)) - omNode-1@group-523986131536: Failed appendEntries as previous log entry ((t:4, i:23)) is not found
2021-10-05 12:31:28,355 [grpc-default-executor-0] INFO  server.RaftServer$Division (RaftServerImpl.java:checkInconsistentAppendEntries(1285)) - omNode-1@group-523986131536: inconsistency entries. Reply:omNode-2<-omNode-1#1671:FAIL-t4,INCONSISTENCY,nextIndex=18,followerCommit=17
2021-10-05 12:31:28,356 [grpc-default-executor-0] INFO  leader.FollowerInfo (FollowerInfoImpl.java:lambda$new$0(46)) - omNode-2@group-523986131536->omNode-1: nextIndex: updateUnconditionally 24 -> 18
2021-10-05 12:31:28,861 [grpc-default-executor-2] INFO  server.RaftServer$Division (RaftServerImpl.java:checkInconsistentAppendEntries(1319)) - omNode-1@group-523986131536: Failed appendEntries as previous log entry ((t:4, i:23)) is not found
2021-10-05 12:31:28,861 [grpc-default-executor-2] INFO  server.RaftServer$Division (RaftServerImpl.java:checkInconsistentAppendEntries(1285)) - omNode-1@group-523986131536: inconsistency entries. Reply:omNode-2<-omNode-1#1722:FAIL-t4,INCONSISTENCY,nextIndex=18,followerCommit=17
2021-10-05 12:31:28,863 [grpc-default-executor-2] INFO  leader.FollowerInfo (FollowerInfoImpl.java:lambda$new$0(46)) - omNode-2@group-523986131536->omNode-1: nextIndex: updateUnconditionally 24 -> 18
2021-10-05 12:31:29,364 [grpc-default-executor-2] INFO  server.RaftServer$Division (RaftServerImpl.java:checkInconsistentAppendEntries(1319)) - omNode-1@group-523986131536: Failed appendEntries as previous log entry ((t:4, i:23)) is not found
2021-10-05 12:31:29,365 [grpc-default-executor-2] INFO  server.RaftServer$Division (RaftServerImpl.java:checkInconsistentAppendEntries(1285)) - omNode-1@group-523986131536: inconsistency entries. Reply:omNode-2<-omNode-1#1773:FAIL-t4,INCONSISTENCY,nextIndex=18,followerCommit=17
2021-10-05 12:31:29,365 [grpc-default-executor-2] INFO  leader.FollowerInfo (FollowerInfoImpl.java:lambda$new$0(46)) - omNode-2@group-523986131536->omNode-1: nextIndex: updateUnconditionally 24 -> 18
2021-10-05 12:31:29,868 [grpc-default-executor-2] INFO  server.RaftServer$Division (RaftServerImpl.java:checkInconsistentAppendEntries(1319)) - omNode-1@group-523986131536: Failed appendEntries as previous log entry ((t:4, i:23)) is not found
2021-10-05 12:31:29,869 [grpc-default-executor-2] INFO  server.RaftServer$Division (RaftServerImpl.java:checkInconsistentAppendEntries(1285)) - omNode-1@group-523986131536: inconsistency entries. Reply:omNode-2<-omNode-1#1824:FAIL-t4,INCONSISTENCY,nextIndex=18,followerCommit=17
2021-10-05 12:31:29,869 [grpc-default-executor-2] INFO  leader.FollowerInfo (FollowerInfoImpl.java:lambda$new$0(46)) - omNode-2@group-523986131536->omNode-1: nextIndex: updateUnconditionally 24 -> 18
2021-10-05 12:31:30,372 [grpc-default-executor-0] INFO  server.RaftServer$Division (RaftServerImpl.java:checkInconsistentAppendEntries(1319)) - omNode-1@group-523986131536: Failed appendEntries as previous log entry ((t:4, i:23)) is not found
2021-10-05 12:31:30,372 [grpc-default-executor-0] INFO  server.RaftServer$Division (RaftServerImpl.java:checkInconsistentAppendEntries(1285)) - omNode-1@group-523986131536: inconsistency entries. Reply:omNode-2<-omNode-1#1875:FAIL-t4,INCONSISTENCY,nextIndex=18,followerCommit=17
2021-10-05 12:31:30,373 [grpc-default-executor-0] INFO  leader.FollowerInfo (FollowerInfoImpl.java:lambda$new$0(46)) - omNode-2@group-523986131536->omNode-1: nextIndex: updateUnconditionally 24 -> 18
2021-10-05 12:31:30,876 [grpc-default-executor-0] INFO  server.RaftServer$Division (RaftServerImpl.java:checkInconsistentAppendEntries(1319)) - omNode-1@group-523986131536: Failed appendEntries as previous log entry ((t:4, i:23)) is not found
2021-10-05 12:31:30,876 [grpc-default-executor-0] INFO  server.RaftServer$Division (RaftServerImpl.java:checkInconsistentAppendEntries(1285)) - omNode-1@group-523986131536: inconsistency entries. Reply:omNode-2<-omNode-1#1926:FAIL-t4,INCONSISTENCY,nextIndex=18,followerCommit=17
2021-10-05 12:31:30,877 [grpc-default-executor-0] INFO  leader.FollowerInfo (FollowerInfoImpl.java:lambda$new$0(46)) - omNode-2@group-523986131536->omNode-1: nextIndex: updateUnconditionally 24 -> 18
2021-10-05 12:31:31,379 [grpc-default-executor-0] INFO  server.RaftServer$Division (RaftServerImpl.java:checkInconsistentAppendEntries(1319)) - omNode-1@group-523986131536: Failed appendEntries as previous log entry ((t:4, i:23)) is not found
2021-10-05 12:31:31,380 [grpc-default-executor-0] INFO  server.RaftServer$Division (RaftServerImpl.java:checkInconsistentAppendEntries(1285)) - omNode-1@group-523986131536: inconsistency entries. Reply:omNode-2<-omNode-1#1977:FAIL-t4,INCONSISTENCY,nextIndex=18,followerCommit=17
2021-10-05 12:31:31,380 [grpc-default-executor-0] INFO  leader.FollowerInfo (FollowerInfoImpl.java:lambda$new$0(46)) - omNode-2@group-523986131536->omNode-1: nextIndex: updateUnconditionally 24 -> 18
2021-10-05 12:31:31,883 [grpc-default-executor-0] INFO  server.RaftServer$Division (RaftServerImpl.java:checkInconsistentAppendEntries(1319)) - omNode-1@group-523986131536: Failed appendEntries as previous log entry ((t:4, i:23)) is not found
2021-10-05 12:31:31,883 [grpc-default-executor-0] INFO  server.RaftServer$Division (RaftServerImpl.java:checkInconsistentAppendEntries(1285)) - omNode-1@group-523986131536: inconsistency entries. Reply:omNode-2<-omNode-1#2028:FAIL-t4,INCONSISTENCY,nextIndex=18,followerCommit=17
2021-10-05 12:31:31,885 [grpc-default-executor-0] INFO  leader.FollowerInfo (FollowerInfoImpl.java:lambda$new$0(46)) - omNode-2@group-523986131536->omNode-1: nextIndex: updateUnconditionally 24 -> 18
2021-10-05 12:31:32,387 [grpc-default-executor-2] INFO  server.RaftServer$Division (RaftServerImpl.java:checkInconsistentAppendEntries(1319)) - omNode-1@group-523986131536: Failed appendEntries as previous log entry ((t:4, i:23)) is not found
2021-10-05 12:31:32,387 [grpc-default-executor-2] INFO  server.RaftServer$Division (RaftServerImpl.java:checkInconsistentAppendEntries(1285)) - omNode-1@group-523986131536: inconsistency entries. Reply:omNode-2<-omNode-1#2079:FAIL-t4,INCONSISTENCY,nextIndex=18,followerCommit=17
2021-10-05 12:31:32,388 [grpc-default-executor-2] INFO  leader.FollowerInfo (FollowerInfoImpl.java:lambda$new$0(46)) - omNode-2@group-523986131536->omNode-1: nextIndex: updateUnconditionally 24 -> 18
2021-10-05 12:31:32,890 [grpc-default-executor-0] INFO  server.RaftServer$Division (RaftServerImpl.java:checkInconsistentAppendEntries(1319)) - omNode-1@group-523986131536: Failed appendEntries as previous log entry ((t:4, i:23)) is not found
2021-10-05 12:31:32,891 [grpc-default-executor-0] INFO  server.RaftServer$Division (RaftServerImpl.java:checkInconsistentAppendEntries(1285)) - omNode-1@group-523986131536: inconsistency entries. Reply:omNode-2<-omNode-1#2130:FAIL-t4,INCONSISTENCY,nextIndex=18,followerCommit=17
2021-10-05 12:31:32,891 [grpc-default-executor-0] INFO  leader.FollowerInfo (FollowerInfoImpl.java:lambda$new$0(46)) - omNode-2@group-523986131536->omNode-1: nextIndex: updateUnconditionally 24 -> 18
2021-10-05 12:31:33,394 [grpc-default-executor-2] INFO  server.RaftServer$Division (RaftServerImpl.java:checkInconsistentAppendEntries(1319)) - omNode-1@group-523986131536: Failed appendEntries as previous log entry ((t:4, i:23)) is not found
2021-10-05 12:31:33,394 [grpc-default-executor-2] INFO  server.RaftServer$Division (RaftServerImpl.java:checkInconsistentAppendEntries(1285)) - omNode-1@group-523986131536: inconsistency entries. Reply:omNode-2<-omNode-1#2181:FAIL-t4,INCONSISTENCY,nextIndex=18,followerCommit=17
2021-10-05 12:31:33,395 [grpc-default-executor-0] INFO  leader.FollowerInfo (FollowerInfoImpl.java:lambda$new$0(46)) - omNode-2@group-523986131536->omNode-1: nextIndex: updateUnconditionally 24 -> 18
2021-10-05 12:31:33,898 [grpc-default-executor-2] INFO  server.RaftServer$Division (RaftServerImpl.java:checkInconsistentAppendEntries(1319)) - omNode-1@group-523986131536: Failed appendEntries as previous log entry ((t:4, i:23)) is not found
2021-10-05 12:31:33,898 [grpc-default-executor-2] INFO  server.RaftServer$Division (RaftServerImpl.java:checkInconsistentAppendEntries(1285)) - omNode-1@group-523986131536: inconsistency entries. Reply:omNode-2<-omNode-1#2231:FAIL-t4,INCONSISTENCY,nextIndex=18,followerCommit=17
2021-10-05 12:31:33,899 [grpc-default-executor-2] INFO  leader.FollowerInfo (FollowerInfoImpl.java:lambda$new$0(46)) - omNode-2@group-523986131536->omNode-1: nextIndex: updateUnconditionally 24 -> 18
2021-10-05 12:31:34,401 [grpc-default-executor-0] INFO  server.RaftServer$Division (RaftServerImpl.java:checkInconsistentAppendEntries(1319)) - omNode-1@group-523986131536: Failed appendEntries as previous log entry ((t:4, i:23)) is not found
2021-10-05 12:31:34,402 [grpc-default-executor-0] INFO  server.RaftServer$Division (RaftServerImpl.java:checkInconsistentAppendEntries(1285)) - omNode-1@group-523986131536: inconsistency entries. Reply:omNode-2<-omNode-1#2282:FAIL-t4,INCONSISTENCY,nextIndex=18,followerCommit=17
2021-10-05 12:31:34,402 [grpc-default-executor-0] INFO  leader.FollowerInfo (FollowerInfoImpl.java:lambda$new$0(46)) - omNode-2@group-523986131536->omNode-1: nextIndex: updateUnconditionally 24 -> 18
2021-10-05 12:31:34,906 [grpc-default-executor-0] INFO  server.RaftServer$Division (RaftServerImpl.java:checkInconsistentAppendEntries(1319)) - omNode-1@group-523986131536: Failed appendEntries as previous log entry ((t:4, i:23)) is not found
2021-10-05 12:31:34,906 [grpc-default-executor-0] INFO  server.RaftServer$Division (RaftServerImpl.java:checkInconsistentAppendEntries(1285)) - omNode-1@group-523986131536: inconsistency entries. Reply:omNode-2<-omNode-1#2333:FAIL-t4,INCONSISTENCY,nextIndex=18,followerCommit=17
2021-10-05 12:31:34,907 [grpc-default-executor-2] INFO  leader.FollowerInfo (FollowerInfoImpl.java:lambda$new$0(46)) - omNode-2@group-523986131536->omNode-1: nextIndex: updateUnconditionally 24 -> 18
2021-10-05 12:31:35,409 [grpc-default-executor-0] INFO  server.RaftServer$Division (RaftServerImpl.java:checkInconsistentAppendEntries(1319)) - omNode-1@group-523986131536: Failed appendEntries as previous log entry ((t:4, i:23)) is not found
2021-10-05 12:31:35,410 [grpc-default-executor-0] INFO  server.RaftServer$Division (RaftServerImpl.java:checkInconsistentAppendEntries(1285)) - omNode-1@group-523986131536: inconsistency entries. Reply:omNode-2<-omNode-1#2384:FAIL-t4,INCONSISTENCY,nextIndex=18,followerCommit=17
2021-10-05 12:31:35,411 [grpc-default-executor-0] INFO  leader.FollowerInfo (FollowerInfoImpl.java:lambda$new$0(46)) - omNode-2@group-523986131536->omNode-1: nextIndex: updateUnconditionally 24 -> 18
2021-10-05 12:31:35,913 [grpc-default-executor-2] INFO  server.RaftServer$Division (RaftServerImpl.java:checkInconsistentAppendEntries(1319)) - omNode-1@group-523986131536: Failed appendEntries as previous log entry ((t:4, i:23)) is not found
2021-10-05 12:31:35,914 [grpc-default-executor-2] INFO  server.RaftServer$Division (RaftServerImpl.java:checkInconsistentAppendEntries(1285)) - omNode-1@group-523986131536: inconsistency entries. Reply:omNode-2<-omNode-1#2435:FAIL-t4,INCONSISTENCY,nextIndex=18,followerCommit=17
2021-10-05 12:31:35,915 [grpc-default-executor-0] INFO  leader.FollowerInfo (FollowerInfoImpl.java:lambda$new$0(46)) - omNode-2@group-523986131536->omNode-1: nextIndex: updateUnconditionally 24 -> 18
2021-10-05 12:31:36,418 [grpc-default-executor-0] INFO  server.RaftServer$Division (RaftServerImpl.java:checkInconsistentAppendEntries(1319)) - omNode-1@group-523986131536: Failed appendEntries as previous log entry ((t:4, i:23)) is not found
2021-10-05 12:31:36,418 [grpc-default-executor-0] INFO  server.RaftServer$Division (RaftServerImpl.java:checkInconsistentAppendEntries(1285)) - omNode-1@group-523986131536: inconsistency entries. Reply:omNode-2<-omNode-1#2486:FAIL-t4,INCONSISTENCY,nextIndex=18,followerCommit=17
2021-10-05 12:31:36,419 [grpc-default-executor-0] INFO  leader.FollowerInfo (FollowerInfoImpl.java:lambda$new$0(46)) - omNode-2@group-523986131536->omNode-1: nextIndex: updateUnconditionally 24 -> 18
2021-10-05 12:31:36,921 [grpc-default-executor-0] INFO  server.RaftServer$Division (RaftServerImpl.java:checkInconsistentAppendEntries(1319)) - omNode-1@group-523986131536: Failed appendEntries as previous log entry ((t:4, i:23)) is not found
2021-10-05 12:31:36,921 [grpc-default-executor-0] INFO  server.RaftServer$Division (RaftServerImpl.java:checkInconsistentAppendEntries(1285)) - omNode-1@group-523986131536: inconsistency entries. Reply:omNode-2<-omNode-1#2537:FAIL-t4,INCONSISTENCY,nextIndex=18,followerCommit=17
2021-10-05 12:31:36,923 [grpc-default-executor-2] INFO  leader.FollowerInfo (FollowerInfoImpl.java:lambda$new$0(46)) - omNode-2@group-523986131536->omNode-1: nextIndex: updateUnconditionally 24 -> 18
2021-10-05 12:31:37,425 [grpc-default-executor-2] INFO  server.RaftServer$Division (RaftServerImpl.java:checkInconsistentAppendEntries(1319)) - omNode-1@group-523986131536: Failed appendEntries as previous log entry ((t:4, i:23)) is not found
2021-10-05 12:31:37,425 [grpc-default-executor-2] INFO  server.RaftServer$Division (RaftServerImpl.java:checkInconsistentAppendEntries(1285)) - omNode-1@group-523986131536: inconsistency entries. Reply:omNode-2<-omNode-1#2588:FAIL-t4,INCONSISTENCY,nextIndex=18,followerCommit=17
2021-10-05 12:31:37,426 [grpc-default-executor-0] INFO  leader.FollowerInfo (FollowerInfoImpl.java:lambda$new$0(46)) - omNode-2@group-523986131536->omNode-1: nextIndex: updateUnconditionally 24 -> 18
2021-10-05 12:31:37,929 [grpc-default-executor-2] INFO  server.RaftServer$Division (RaftServerImpl.java:checkInconsistentAppendEntries(1319)) - omNode-1@group-523986131536: Failed appendEntries as previous log entry ((t:4, i:23)) is not found
2021-10-05 12:31:37,929 [grpc-default-executor-2] INFO  server.RaftServer$Division (RaftServerImpl.java:checkInconsistentAppendEntries(1285)) - omNode-1@group-523986131536: inconsistency entries. Reply:omNode-2<-omNode-1#2639:FAIL-t4,INCONSISTENCY,nextIndex=18,followerCommit=17
2021-10-05 12:31:37,931 [grpc-default-executor-2] INFO  leader.FollowerInfo (FollowerInfoImpl.java:lambda$new$0(46)) - omNode-2@group-523986131536->omNode-1: nextIndex: updateUnconditionally 24 -> 18
2021-10-05 12:31:38,433 [grpc-default-executor-2] INFO  server.RaftServer$Division (RaftServerImpl.java:checkInconsistentAppendEntries(1319)) - omNode-1@group-523986131536: Failed appendEntries as previous log entry ((t:4, i:23)) is not found
2021-10-05 12:31:38,433 [grpc-default-executor-2] INFO  server.RaftServer$Division (RaftServerImpl.java:checkInconsistentAppendEntries(1285)) - omNode-1@group-523986131536: inconsistency entries. Reply:omNode-2<-omNode-1#2690:FAIL-t4,INCONSISTENCY,nextIndex=18,followerCommit=17
2021-10-05 12:31:38,434 [grpc-default-executor-0] INFO  leader.FollowerInfo (FollowerInfoImpl.java:lambda$new$0(46)) - omNode-2@group-523986131536->omNode-1: nextIndex: updateUnconditionally 24 -> 18
2021-10-05 12:31:38,936 [grpc-default-executor-2] INFO  server.RaftServer$Division (RaftServerImpl.java:checkInconsistentAppendEntries(1319)) - omNode-1@group-523986131536: Failed appendEntries as previous log entry ((t:4, i:23)) is not found
2021-10-05 12:31:38,936 [grpc-default-executor-2] INFO  server.RaftServer$Division (RaftServerImpl.java:checkInconsistentAppendEntries(1285)) - omNode-1@group-523986131536: inconsistency entries. Reply:omNode-2<-omNode-1#2741:FAIL-t4,INCONSISTENCY,nextIndex=18,followerCommit=17
2021-10-05 12:31:38,937 [grpc-default-executor-2] INFO  leader.FollowerInfo (FollowerInfoImpl.java:lambda$new$0(46)) - omNode-2@group-523986131536->omNode-1: nextIndex: updateUnconditionally 24 -> 18
2021-10-05 12:31:39,439 [grpc-default-executor-0] INFO  server.RaftServer$Division (RaftServerImpl.java:checkInconsistentAppendEntries(1319)) - omNode-1@group-523986131536: Failed appendEntries as previous log entry ((t:4, i:23)) is not found
2021-10-05 12:31:39,440 [grpc-default-executor-0] INFO  server.RaftServer$Division (RaftServerImpl.java:checkInconsistentAppendEntries(1285)) - omNode-1@group-523986131536: inconsistency entries. Reply:omNode-2<-omNode-1#2792:FAIL-t4,INCONSISTENCY,nextIndex=18,followerCommit=17
2021-10-05 12:31:39,440 [grpc-default-executor-0] INFO  leader.FollowerInfo (FollowerInfoImpl.java:lambda$new$0(46)) - omNode-2@group-523986131536->omNode-1: nextIndex: updateUnconditionally 24 -> 18
2021-10-05 12:31:39,943 [grpc-default-executor-0] INFO  server.RaftServer$Division (RaftServerImpl.java:checkInconsistentAppendEntries(1319)) - omNode-1@group-523986131536: Failed appendEntries as previous log entry ((t:4, i:23)) is not found
2021-10-05 12:31:39,943 [grpc-default-executor-0] INFO  server.RaftServer$Division (RaftServerImpl.java:checkInconsistentAppendEntries(1285)) - omNode-1@group-523986131536: inconsistency entries. Reply:omNode-2<-omNode-1#2843:FAIL-t4,INCONSISTENCY,nextIndex=18,followerCommit=17
2021-10-05 12:31:39,944 [grpc-default-executor-0] INFO  leader.FollowerInfo (FollowerInfoImpl.java:lambda$new$0(46)) - omNode-2@group-523986131536->omNode-1: nextIndex: updateUnconditionally 24 -> 18
2021-10-05 12:31:40,445 [grpc-default-executor-2] INFO  server.RaftServer$Division (RaftServerImpl.java:checkInconsistentAppendEntries(1319)) - omNode-1@group-523986131536: Failed appendEntries as previous log entry ((t:4, i:23)) is not found
2021-10-05 12:31:40,446 [grpc-default-executor-2] INFO  server.RaftServer$Division (RaftServerImpl.java:checkInconsistentAppendEntries(1285)) - omNode-1@group-523986131536: inconsistency entries. Reply:omNode-2<-omNode-1#2894:FAIL-t4,INCONSISTENCY,nextIndex=18,followerCommit=17
2021-10-05 12:31:40,446 [grpc-default-executor-0] INFO  leader.FollowerInfo (FollowerInfoImpl.java:lambda$new$0(46)) - omNode-2@group-523986131536->omNode-1: nextIndex: updateUnconditionally 24 -> 18
2021-10-05 12:31:40,948 [grpc-default-executor-0] INFO  server.RaftServer$Division (RaftServerImpl.java:checkInconsistentAppendEntries(1319)) - omNode-1@group-523986131536: Failed appendEntries as previous log entry ((t:4, i:23)) is not found
2021-10-05 12:31:40,949 [grpc-default-executor-0] INFO  server.RaftServer$Division (RaftServerImpl.java:checkInconsistentAppendEntries(1285)) - omNode-1@group-523986131536: inconsistency entries. Reply:omNode-2<-omNode-1#2944:FAIL-t4,INCONSISTENCY,nextIndex=18,followerCommit=17
2021-10-05 12:31:40,950 [grpc-default-executor-2] INFO  leader.FollowerInfo (FollowerInfoImpl.java:lambda$new$0(46)) - omNode-2@group-523986131536->omNode-1: nextIndex: updateUnconditionally 24 -> 18
2021-10-05 12:31:41,455 [grpc-default-executor-2] INFO  server.RaftServer$Division (RaftServerImpl.java:checkInconsistentAppendEntries(1319)) - omNode-1@group-523986131536: Failed appendEntries as previous log entry ((t:4, i:23)) is not found
2021-10-05 12:31:41,456 [grpc-default-executor-2] INFO  server.RaftServer$Division (RaftServerImpl.java:checkInconsistentAppendEntries(1285)) - omNode-1@group-523986131536: inconsistency entries. Reply:omNode-2<-omNode-1#2995:FAIL-t4,INCONSISTENCY,nextIndex=18,followerCommit=17
2021-10-05 12:31:41,456 [grpc-default-executor-2] INFO  leader.FollowerInfo (FollowerInfoImpl.java:lambda$new$0(46)) - omNode-2@group-523986131536->omNode-1: nextIndex: updateUnconditionally 24 -> 18
2021-10-05 12:31:41,958 [grpc-default-executor-2] INFO  server.RaftServer$Division (RaftServerImpl.java:checkInconsistentAppendEntries(1319)) - omNode-1@group-523986131536: Failed appendEntries as previous log entry ((t:4, i:23)) is not found
2021-10-05 12:31:41,959 [grpc-default-executor-2] INFO  server.RaftServer$Division (RaftServerImpl.java:checkInconsistentAppendEntries(1285)) - omNode-1@group-523986131536: inconsistency entries. Reply:omNode-2<-omNode-1#3046:FAIL-t4,INCONSISTENCY,nextIndex=18,followerCommit=17
2021-10-05 12:31:41,959 [grpc-default-executor-2] INFO  leader.FollowerInfo (FollowerInfoImpl.java:lambda$new$0(46)) - omNode-2@group-523986131536->omNode-1: nextIndex: updateUnconditionally 24 -> 18
2021-10-05 12:31:42,461 [grpc-default-executor-2] INFO  server.RaftServer$Division (RaftServerImpl.java:checkInconsistentAppendEntries(1319)) - omNode-1@group-523986131536: Failed appendEntries as previous log entry ((t:4, i:23)) is not found
2021-10-05 12:31:42,462 [grpc-default-executor-2] INFO  server.RaftServer$Division (RaftServerImpl.java:checkInconsistentAppendEntries(1285)) - omNode-1@group-523986131536: inconsistency entries. Reply:omNode-2<-omNode-1#3097:FAIL-t4,INCONSISTENCY,nextIndex=18,followerCommit=17
2021-10-05 12:31:42,462 [grpc-default-executor-2] INFO  leader.FollowerInfo (FollowerInfoImpl.java:lambda$new$0(46)) - omNode-2@group-523986131536->omNode-1: nextIndex: updateUnconditionally 24 -> 18
2021-10-05 12:31:42,964 [grpc-default-executor-2] INFO  server.RaftServer$Division (RaftServerImpl.java:checkInconsistentAppendEntries(1319)) - omNode-1@group-523986131536: Failed appendEntries as previous log entry ((t:4, i:23)) is not found
2021-10-05 12:31:42,964 [grpc-default-executor-2] INFO  server.RaftServer$Division (RaftServerImpl.java:checkInconsistentAppendEntries(1285)) - omNode-1@group-523986131536: inconsistency entries. Reply:omNode-2<-omNode-1#3148:FAIL-t4,INCONSISTENCY,nextIndex=18,followerCommit=17
2021-10-05 12:31:42,965 [grpc-default-executor-2] INFO  leader.FollowerInfo (FollowerInfoImpl.java:lambda$new$0(46)) - omNode-2@group-523986131536->omNode-1: nextIndex: updateUnconditionally 24 -> 18
2021-10-05 12:31:43,466 [grpc-default-executor-2] INFO  server.RaftServer$Division (RaftServerImpl.java:checkInconsistentAppendEntries(1319)) - omNode-1@group-523986131536: Failed appendEntries as previous log entry ((t:4, i:23)) is not found
2021-10-05 12:31:43,467 [grpc-default-executor-2] INFO  server.RaftServer$Division (RaftServerImpl.java:checkInconsistentAppendEntries(1285)) - omNode-1@group-523986131536: inconsistency entries. Reply:omNode-2<-omNode-1#3199:FAIL-t4,INCONSISTENCY,nextIndex=18,followerCommit=17
2021-10-05 12:31:43,467 [grpc-default-executor-2] INFO  leader.FollowerInfo (FollowerInfoImpl.java:lambda$new$0(46)) - omNode-2@group-523986131536->omNode-1: nextIndex: updateUnconditionally 24 -> 18
2021-10-05 12:31:43,970 [grpc-default-executor-2] INFO  server.RaftServer$Division (RaftServerImpl.java:checkInconsistentAppendEntries(1319)) - omNode-1@group-523986131536: Failed appendEntries as previous log entry ((t:4, i:23)) is not found
2021-10-05 12:31:43,970 [grpc-default-executor-2] INFO  server.RaftServer$Division (RaftServerImpl.java:checkInconsistentAppendEntries(1285)) - omNode-1@group-523986131536: inconsistency entries. Reply:omNode-2<-omNode-1#3250:FAIL-t4,INCONSISTENCY,nextIndex=18,followerCommit=17
2021-10-05 12:31:43,970 [grpc-default-executor-2] INFO  leader.FollowerInfo (FollowerInfoImpl.java:lambda$new$0(46)) - omNode-2@group-523986131536->omNode-1: nextIndex: updateUnconditionally 24 -> 18
2021-10-05 12:31:44,472 [grpc-default-executor-2] INFO  server.RaftServer$Division (RaftServerImpl.java:checkInconsistentAppendEntries(1319)) - omNode-1@group-523986131536: Failed appendEntries as previous log entry ((t:4, i:23)) is not found
2021-10-05 12:31:44,472 [grpc-default-executor-2] INFO  server.RaftServer$Division (RaftServerImpl.java:checkInconsistentAppendEntries(1285)) - omNode-1@group-523986131536: inconsistency entries. Reply:omNode-2<-omNode-1#3301:FAIL-t4,INCONSISTENCY,nextIndex=18,followerCommit=17
2021-10-05 12:31:44,473 [grpc-default-executor-2] INFO  leader.FollowerInfo (FollowerInfoImpl.java:lambda$new$0(46)) - omNode-2@group-523986131536->omNode-1: nextIndex: updateUnconditionally 24 -> 18
2021-10-05 12:31:44,975 [grpc-default-executor-2] INFO  server.RaftServer$Division (RaftServerImpl.java:checkInconsistentAppendEntries(1319)) - omNode-1@group-523986131536: Failed appendEntries as previous log entry ((t:4, i:23)) is not found
2021-10-05 12:31:44,975 [grpc-default-executor-2] INFO  server.RaftServer$Division (RaftServerImpl.java:checkInconsistentAppendEntries(1285)) - omNode-1@group-523986131536: inconsistency entries. Reply:omNode-2<-omNode-1#3352:FAIL-t4,INCONSISTENCY,nextIndex=18,followerCommit=17
2021-10-05 12:31:44,976 [grpc-default-executor-2] INFO  leader.FollowerInfo (FollowerInfoImpl.java:lambda$new$0(46)) - omNode-2@group-523986131536->omNode-1: nextIndex: updateUnconditionally 24 -> 18
2021-10-05 12:31:45,478 [grpc-default-executor-2] INFO  server.RaftServer$Division (RaftServerImpl.java:checkInconsistentAppendEntries(1319)) - omNode-1@group-523986131536: Failed appendEntries as previous log entry ((t:4, i:23)) is not found
2021-10-05 12:31:45,478 [grpc-default-executor-2] INFO  server.RaftServer$Division (RaftServerImpl.java:checkInconsistentAppendEntries(1285)) - omNode-1@group-523986131536: inconsistency entries. Reply:omNode-2<-omNode-1#3403:FAIL-t4,INCONSISTENCY,nextIndex=18,followerCommit=17
2021-10-05 12:31:45,479 [grpc-default-executor-2] INFO  leader.FollowerInfo (FollowerInfoImpl.java:lambda$new$0(46)) - omNode-2@group-523986131536->omNode-1: nextIndex: updateUnconditionally 24 -> 18
2021-10-05 12:31:45,980 [grpc-default-executor-2] INFO  server.RaftServer$Division (RaftServerImpl.java:checkInconsistentAppendEntries(1319)) - omNode-1@group-523986131536: Failed appendEntries as previous log entry ((t:4, i:23)) is not found
2021-10-05 12:31:45,980 [grpc-default-executor-2] INFO  server.RaftServer$Division (RaftServerImpl.java:checkInconsistentAppendEntries(1285)) - omNode-1@group-523986131536: inconsistency entries. Reply:omNode-2<-omNode-1#3454:FAIL-t4,INCONSISTENCY,nextIndex=18,followerCommit=17
2021-10-05 12:31:45,981 [grpc-default-executor-2] INFO  leader.FollowerInfo (FollowerInfoImpl.java:lambda$new$0(46)) - omNode-2@group-523986131536->omNode-1: nextIndex: updateUnconditionally 24 -> 18
2021-10-05 12:31:46,483 [grpc-default-executor-2] INFO  server.RaftServer$Division (RaftServerImpl.java:checkInconsistentAppendEntries(1319)) - omNode-1@group-523986131536: Failed appendEntries as previous log entry ((t:4, i:23)) is not found
2021-10-05 12:31:46,483 [grpc-default-executor-2] INFO  server.RaftServer$Division (RaftServerImpl.java:checkInconsistentAppendEntries(1285)) - omNode-1@group-523986131536: inconsistency entries. Reply:omNode-2<-omNode-1#3505:FAIL-t4,INCONSISTENCY,nextIndex=18,followerCommit=17
2021-10-05 12:31:46,484 [grpc-default-executor-2] INFO  leader.FollowerInfo (FollowerInfoImpl.java:lambda$new$0(46)) - omNode-2@group-523986131536->omNode-1: nextIndex: updateUnconditionally 24 -> 18
2021-10-05 12:31:46,985 [grpc-default-executor-2] INFO  server.RaftServer$Division (RaftServerImpl.java:checkInconsistentAppendEntries(1319)) - omNode-1@group-523986131536: Failed appendEntries as previous log entry ((t:4, i:23)) is not found
2021-10-05 12:31:46,985 [grpc-default-executor-2] INFO  server.RaftServer$Division (RaftServerImpl.java:checkInconsistentAppendEntries(1285)) - omNode-1@group-523986131536: inconsistency entries. Reply:omNode-2<-omNode-1#3556:FAIL-t4,INCONSISTENCY,nextIndex=18,followerCommit=17
2021-10-05 12:31:46,986 [grpc-default-executor-2] INFO  leader.FollowerInfo (FollowerInfoImpl.java:lambda$new$0(46)) - omNode-2@group-523986131536->omNode-1: nextIndex: updateUnconditionally 24 -> 18
2021-10-05 12:31:47,487 [grpc-default-executor-2] INFO  server.RaftServer$Division (RaftServerImpl.java:checkInconsistentAppendEntries(1319)) - omNode-1@group-523986131536: Failed appendEntries as previous log entry ((t:4, i:23)) is not found
2021-10-05 12:31:47,487 [grpc-default-executor-2] INFO  server.RaftServer$Division (RaftServerImpl.java:checkInconsistentAppendEntries(1285)) - omNode-1@group-523986131536: inconsistency entries. Reply:omNode-2<-omNode-1#3607:FAIL-t4,INCONSISTENCY,nextIndex=18,followerCommit=17
2021-10-05 12:31:47,488 [grpc-default-executor-2] INFO  leader.FollowerInfo (FollowerInfoImpl.java:lambda$new$0(46)) - omNode-2@group-523986131536->omNode-1: nextIndex: updateUnconditionally 24 -> 18
2021-10-05 12:31:47,990 [grpc-default-executor-0] INFO  server.RaftServer$Division (RaftServerImpl.java:checkInconsistentAppendEntries(1319)) - omNode-1@group-523986131536: Failed appendEntries as previous log entry ((t:4, i:23)) is not found
2021-10-05 12:31:47,990 [grpc-default-executor-0] INFO  server.RaftServer$Division (RaftServerImpl.java:checkInconsistentAppendEntries(1285)) - omNode-1@group-523986131536: inconsistency entries. Reply:omNode-2<-omNode-1#3658:FAIL-t4,INCONSISTENCY,nextIndex=18,followerCommit=17
2021-10-05 12:31:47,991 [grpc-default-executor-0] INFO  leader.FollowerInfo (FollowerInfoImpl.java:lambda$new$0(46)) - omNode-2@group-523986131536->omNode-1: nextIndex: updateUnconditionally 24 -> 18
2021-10-05 12:31:48,495 [grpc-default-executor-0] INFO  server.RaftServer$Division (RaftServerImpl.java:checkInconsistentAppendEntries(1319)) - omNode-1@group-523986131536: Failed appendEntries as previous log entry ((t:4, i:23)) is not found
2021-10-05 12:31:48,496 [grpc-default-executor-0] INFO  server.RaftServer$Division (RaftServerImpl.java:checkInconsistentAppendEntries(1285)) - omNode-1@group-523986131536: inconsistency entries. Reply:omNode-2<-omNode-1#3709:FAIL-t4,INCONSISTENCY,nextIndex=18,followerCommit=17
2021-10-05 12:31:48,496 [grpc-default-executor-0] INFO  leader.FollowerInfo (FollowerInfoImpl.java:lambda$new$0(46)) - omNode-2@group-523986131536->omNode-1: nextIndex: updateUnconditionally 24 -> 18
2021-10-05 12:31:48,997 [grpc-default-executor-0] INFO  server.RaftServer$Division (RaftServerImpl.java:checkInconsistentAppendEntries(1319)) - omNode-1@group-523986131536: Failed appendEntries as previous log entry ((t:4, i:23)) is not found
2021-10-05 12:31:48,998 [grpc-default-executor-0] INFO  server.RaftServer$Division (RaftServerImpl.java:checkInconsistentAppendEntries(1285)) - omNode-1@group-523986131536: inconsistency entries. Reply:omNode-2<-omNode-1#3760:FAIL-t4,INCONSISTENCY,nextIndex=18,followerCommit=17
2021-10-05 12:31:48,998 [grpc-default-executor-0] INFO  leader.FollowerInfo (FollowerInfoImpl.java:lambda$new$0(46)) - omNode-2@group-523986131536->omNode-1: nextIndex: updateUnconditionally 24 -> 18
2021-10-05 12:31:49,499 [grpc-default-executor-0] INFO  server.RaftServer$Division (RaftServerImpl.java:checkInconsistentAppendEntries(1319)) - omNode-1@group-523986131536: Failed appendEntries as previous log entry ((t:4, i:23)) is not found
2021-10-05 12:31:49,499 [grpc-default-executor-0] INFO  server.RaftServer$Division (RaftServerImpl.java:checkInconsistentAppendEntries(1285)) - omNode-1@group-523986131536: inconsistency entries. Reply:omNode-2<-omNode-1#3811:FAIL-t4,INCONSISTENCY,nextIndex=18,followerCommit=17
2021-10-05 12:31:49,500 [grpc-default-executor-0] INFO  leader.FollowerInfo (FollowerInfoImpl.java:lambda$new$0(46)) - omNode-2@group-523986131536->omNode-1: nextIndex: updateUnconditionally 24 -> 18
2021-10-05 12:31:50,001 [grpc-default-executor-0] INFO  server.RaftServer$Division (RaftServerImpl.java:checkInconsistentAppendEntries(1319)) - omNode-1@group-523986131536: Failed appendEntries as previous log entry ((t:4, i:23)) is not found
2021-10-05 12:31:50,001 [grpc-default-executor-0] INFO  server.RaftServer$Division (RaftServerImpl.java:checkInconsistentAppendEntries(1285)) - omNode-1@group-523986131536: inconsistency entries. Reply:omNode-2<-omNode-1#3862:FAIL-t4,INCONSISTENCY,nextIndex=18,followerCommit=17
2021-10-05 12:31:50,002 [grpc-default-executor-0] INFO  leader.FollowerInfo (FollowerInfoImpl.java:lambda$new$0(46)) - omNode-2@group-523986131536->omNode-1: nextIndex: updateUnconditionally 24 -> 18
2021-10-05 12:31:50,504 [grpc-default-executor-0] INFO  server.RaftServer$Division (RaftServerImpl.java:checkInconsistentAppendEntries(1319)) - omNode-1@group-523986131536: Failed appendEntries as previous log entry ((t:4, i:23)) is not found
2021-10-05 12:31:50,504 [grpc-default-executor-0] INFO  server.RaftServer$Division (RaftServerImpl.java:checkInconsistentAppendEntries(1285)) - omNode-1@group-523986131536: inconsistency entries. Reply:omNode-2<-omNode-1#3913:FAIL-t4,INCONSISTENCY,nextIndex=18,followerCommit=17
2021-10-05 12:31:50,504 [grpc-default-executor-0] INFO  leader.FollowerInfo (FollowerInfoImpl.java:lambda$new$0(46)) - omNode-2@group-523986131536->omNode-1: nextIndex: updateUnconditionally 24 -> 18
2021-10-05 12:31:51,006 [grpc-default-executor-0] INFO  server.RaftServer$Division (RaftServerImpl.java:checkInconsistentAppendEntries(1319)) - omNode-1@group-523986131536: Failed appendEntries as previous log entry ((t:4, i:23)) is not found
2021-10-05 12:31:51,006 [grpc-default-executor-0] INFO  server.RaftServer$Division (RaftServerImpl.java:checkInconsistentAppendEntries(1285)) - omNode-1@group-523986131536: inconsistency entries. Reply:omNode-2<-omNode-1#3964:FAIL-t4,INCONSISTENCY,nextIndex=18,followerCommit=17
2021-10-05 12:31:51,007 [grpc-default-executor-0] INFO  leader.FollowerInfo (FollowerInfoImpl.java:lambda$new$0(46)) - omNode-2@group-523986131536->omNode-1: nextIndex: updateUnconditionally 24 -> 18
2021-10-05 12:31:51,508 [grpc-default-executor-0] INFO  server.RaftServer$Division (RaftServerImpl.java:checkInconsistentAppendEntries(1319)) - omNode-1@group-523986131536: Failed appendEntries as previous log entry ((t:4, i:23)) is not found
2021-10-05 12:31:51,509 [grpc-default-executor-0] INFO  server.RaftServer$Division (RaftServerImpl.java:checkInconsistentAppendEntries(1285)) - omNode-1@group-523986131536: inconsistency entries. Reply:omNode-2<-omNode-1#4015:FAIL-t4,INCONSISTENCY,nextIndex=18,followerCommit=17
2021-10-05 12:31:51,509 [grpc-default-executor-0] INFO  leader.FollowerInfo (FollowerInfoImpl.java:lambda$new$0(46)) - omNode-2@group-523986131536->omNode-1: nextIndex: updateUnconditionally 24 -> 18
2021-10-05 12:31:52,011 [grpc-default-executor-0] INFO  server.RaftServer$Division (RaftServerImpl.java:checkInconsistentAppendEntries(1319)) - omNode-1@group-523986131536: Failed appendEntries as previous log entry ((t:4, i:23)) is not found
2021-10-05 12:31:52,011 [grpc-default-executor-0] INFO  server.RaftServer$Division (RaftServerImpl.java:checkInconsistentAppendEntries(1285)) - omNode-1@group-523986131536: inconsistency entries. Reply:omNode-2<-omNode-1#4066:FAIL-t4,INCONSISTENCY,nextIndex=18,followerCommit=17
2021-10-05 12:31:52,012 [grpc-default-executor-0] INFO  leader.FollowerInfo (FollowerInfoImpl.java:lambda$new$0(46)) - omNode-2@group-523986131536->omNode-1: nextIndex: updateUnconditionally 24 -> 18
2021-10-05 12:31:52,514 [grpc-default-executor-0] INFO  server.RaftServer$Division (RaftServerImpl.java:checkInconsistentAppendEntries(1319)) - omNode-1@group-523986131536: Failed appendEntries as previous log entry ((t:4, i:23)) is not found
2021-10-05 12:31:52,514 [grpc-default-executor-0] INFO  server.RaftServer$Division (RaftServerImpl.java:checkInconsistentAppendEntries(1285)) - omNode-1@group-523986131536: inconsistency entries. Reply:omNode-2<-omNode-1#4117:FAIL-t4,INCONSISTENCY,nextIndex=18,followerCommit=17
2021-10-05 12:31:52,515 [grpc-default-executor-0] INFO  leader.FollowerInfo (FollowerInfoImpl.java:lambda$new$0(46)) - omNode-2@group-523986131536->omNode-1: nextIndex: updateUnconditionally 24 -> 18
2021-10-05 12:31:53,016 [grpc-default-executor-0] INFO  server.RaftServer$Division (RaftServerImpl.java:checkInconsistentAppendEntries(1319)) - omNode-1@group-523986131536: Failed appendEntries as previous log entry ((t:4, i:23)) is not found
2021-10-05 12:31:53,016 [grpc-default-executor-0] INFO  server.RaftServer$Division (RaftServerImpl.java:checkInconsistentAppendEntries(1285)) - omNode-1@group-523986131536: inconsistency entries. Reply:omNode-2<-omNode-1#4168:FAIL-t4,INCONSISTENCY,nextIndex=18,followerCommit=17
2021-10-05 12:31:53,017 [grpc-default-executor-0] INFO  leader.FollowerInfo (FollowerInfoImpl.java:lambda$new$0(46)) - omNode-2@group-523986131536->omNode-1: nextIndex: updateUnconditionally 24 -> 18
2021-10-05 12:31:53,519 [grpc-default-executor-1] INFO  server.RaftServer$Division (RaftServerImpl.java:checkInconsistentAppendEntries(1319)) - omNode-1@group-523986131536: Failed appendEntries as previous log entry ((t:4, i:23)) is not found
2021-10-05 12:31:53,519 [grpc-default-executor-1] INFO  server.RaftServer$Division (RaftServerImpl.java:checkInconsistentAppendEntries(1285)) - omNode-1@group-523986131536: inconsistency entries. Reply:omNode-2<-omNode-1#4219:FAIL-t4,INCONSISTENCY,nextIndex=18,followerCommit=17
2021-10-05 12:31:53,519 [grpc-default-executor-1] INFO  leader.FollowerInfo (FollowerInfoImpl.java:lambda$new$0(46)) - omNode-2@group-523986131536->omNode-1: nextIndex: updateUnconditionally 24 -> 18
2021-10-05 12:31:54,021 [grpc-default-executor-1] INFO  server.RaftServer$Division (RaftServerImpl.java:checkInconsistentAppendEntries(1319)) - omNode-1@group-523986131536: Failed appendEntries as previous log entry ((t:4, i:23)) is not found
2021-10-05 12:31:54,021 [grpc-default-executor-1] INFO  server.RaftServer$Division (RaftServerImpl.java:checkInconsistentAppendEntries(1285)) - omNode-1@group-523986131536: inconsistency entries. Reply:omNode-2<-omNode-1#4270:FAIL-t4,INCONSISTENCY,nextIndex=18,followerCommit=17
2021-10-05 12:31:54,022 [grpc-default-executor-1] INFO  leader.FollowerInfo (FollowerInfoImpl.java:lambda$new$0(46)) - omNode-2@group-523986131536->omNode-1: nextIndex: updateUnconditionally 24 -> 18
2021-10-05 12:31:54,523 [grpc-default-executor-1] INFO  server.RaftServer$Division (RaftServerImpl.java:checkInconsistentAppendEntries(1319)) - omNode-1@group-523986131536: Failed appendEntries as previous log entry ((t:4, i:23)) is not found
2021-10-05 12:31:54,523 [grpc-default-executor-1] INFO  server.RaftServer$Division (RaftServerImpl.java:checkInconsistentAppendEntries(1285)) - omNode-1@group-523986131536: inconsistency entries. Reply:omNode-2<-omNode-1#4320:FAIL-t4,INCONSISTENCY,nextIndex=18,followerCommit=17
2021-10-05 12:31:54,524 [grpc-default-executor-1] INFO  leader.FollowerInfo (FollowerInfoImpl.java:lambda$new$0(46)) - omNode-2@group-523986131536->omNode-1: nextIndex: updateUnconditionally 24 -> 18
2021-10-05 12:31:55,027 [grpc-default-executor-1] INFO  server.RaftServer$Division (RaftServerImpl.java:checkInconsistentAppendEntries(1319)) - omNode-1@group-523986131536: Failed appendEntries as previous log entry ((t:4, i:23)) is not found
2021-10-05 12:31:55,027 [grpc-default-executor-1] INFO  server.RaftServer$Division (RaftServerImpl.java:checkInconsistentAppendEntries(1285)) - omNode-1@group-523986131536: inconsistency entries. Reply:omNode-2<-omNode-1#4371:FAIL-t4,INCONSISTENCY,nextIndex=18,followerCommit=17
2021-10-05 12:31:55,027 [grpc-default-executor-1] INFO  leader.FollowerInfo (FollowerInfoImpl.java:lambda$new$0(46)) - omNode-2@group-523986131536->omNode-1: nextIndex: updateUnconditionally 24 -> 18
2021-10-05 12:31:55,529 [grpc-default-executor-0] INFO  server.RaftServer$Division (RaftServerImpl.java:checkInconsistentAppendEntries(1319)) - omNode-1@group-523986131536: Failed appendEntries as previous log entry ((t:4, i:23)) is not found
2021-10-05 12:31:55,530 [grpc-default-executor-0] INFO  server.RaftServer$Division (RaftServerImpl.java:checkInconsistentAppendEntries(1285)) - omNode-1@group-523986131536: inconsistency entries. Reply:omNode-2<-omNode-1#4422:FAIL-t4,INCONSISTENCY,nextIndex=18,followerCommit=17
2021-10-05 12:31:55,531 [grpc-default-executor-1] INFO  leader.FollowerInfo (FollowerInfoImpl.java:lambda$new$0(46)) - omNode-2@group-523986131536->omNode-1: nextIndex: updateUnconditionally 24 -> 18
2021-10-05 12:31:56,032 [grpc-default-executor-1] INFO  server.RaftServer$Division (RaftServerImpl.java:checkInconsistentAppendEntries(1319)) - omNode-1@group-523986131536: Failed appendEntries as previous log entry ((t:4, i:23)) is not found
2021-10-05 12:31:56,033 [grpc-default-executor-1] INFO  server.RaftServer$Division (RaftServerImpl.java:checkInconsistentAppendEntries(1285)) - omNode-1@group-523986131536: inconsistency entries. Reply:omNode-2<-omNode-1#4473:FAIL-t4,INCONSISTENCY,nextIndex=18,followerCommit=17
2021-10-05 12:31:56,033 [grpc-default-executor-1] INFO  leader.FollowerInfo (FollowerInfoImpl.java:lambda$new$0(46)) - omNode-2@group-523986131536->omNode-1: nextIndex: updateUnconditionally 24 -> 18
2021-10-05 12:31:56,535 [grpc-default-executor-0] INFO  server.RaftServer$Division (RaftServerImpl.java:checkInconsistentAppendEntries(1319)) - omNode-1@group-523986131536: Failed appendEntries as previous log entry ((t:4, i:23)) is not found
2021-10-05 12:31:56,536 [grpc-default-executor-0] INFO  server.RaftServer$Division (RaftServerImpl.java:checkInconsistentAppendEntries(1285)) - omNode-1@group-523986131536: inconsistency entries. Reply:omNode-2<-omNode-1#4524:FAIL-t4,INCONSISTENCY,nextIndex=18,followerCommit=17
2021-10-05 12:31:56,537 [grpc-default-executor-1] INFO  leader.FollowerInfo (FollowerInfoImpl.java:lambda$new$0(46)) - omNode-2@group-523986131536->omNode-1: nextIndex: updateUnconditionally 24 -> 18
2021-10-05 12:31:57,039 [grpc-default-executor-1] INFO  server.RaftServer$Division (RaftServerImpl.java:checkInconsistentAppendEntries(1319)) - omNode-1@group-523986131536: Failed appendEntries as previous log entry ((t:4, i:23)) is not found
2021-10-05 12:31:57,040 [grpc-default-executor-1] INFO  server.RaftServer$Division (RaftServerImpl.java:checkInconsistentAppendEntries(1285)) - omNode-1@group-523986131536: inconsistency entries. Reply:omNode-2<-omNode-1#4575:FAIL-t4,INCONSISTENCY,nextIndex=18,followerCommit=17
2021-10-05 12:31:57,040 [grpc-default-executor-0] INFO  leader.FollowerInfo (FollowerInfoImpl.java:lambda$new$0(46)) - omNode-2@group-523986131536->omNode-1: nextIndex: updateUnconditionally 24 -> 18
2021-10-05 12:31:57,542 [grpc-default-executor-1] INFO  server.RaftServer$Division (RaftServerImpl.java:checkInconsistentAppendEntries(1319)) - omNode-1@group-523986131536: Failed appendEntries as previous log entry ((t:4, i:23)) is not found
2021-10-05 12:31:57,543 [grpc-default-executor-1] INFO  server.RaftServer$Division (RaftServerImpl.java:checkInconsistentAppendEntries(1285)) - omNode-1@group-523986131536: inconsistency entries. Reply:omNode-2<-omNode-1#4626:FAIL-t4,INCONSISTENCY,nextIndex=18,followerCommit=17
2021-10-05 12:31:57,543 [grpc-default-executor-0] INFO  leader.FollowerInfo (FollowerInfoImpl.java:lambda$new$0(46)) - omNode-2@group-523986131536->omNode-1: nextIndex: updateUnconditionally 24 -> 18
2021-10-05 12:31:58,045 [grpc-default-executor-1] INFO  server.RaftServer$Division (RaftServerImpl.java:checkInconsistentAppendEntries(1319)) - omNode-1@group-523986131536: Failed appendEntries as previous log entry ((t:4, i:23)) is not found
2021-10-05 12:31:58,045 [grpc-default-executor-1] INFO  server.RaftServer$Division (RaftServerImpl.java:checkInconsistentAppendEntries(1285)) - omNode-1@group-523986131536: inconsistency entries. Reply:omNode-2<-omNode-1#4677:FAIL-t4,INCONSISTENCY,nextIndex=18,followerCommit=17
2021-10-05 12:31:58,046 [grpc-default-executor-0] INFO  leader.FollowerInfo (FollowerInfoImpl.java:lambda$new$0(46)) - omNode-2@group-523986131536->omNode-1: nextIndex: updateUnconditionally 24 -> 18
2021-10-05 12:31:58,548 [grpc-default-executor-1] INFO  server.RaftServer$Division (RaftServerImpl.java:checkInconsistentAppendEntries(1319)) - omNode-1@group-523986131536: Failed appendEntries as previous log entry ((t:4, i:23)) is not found
2021-10-05 12:31:58,548 [grpc-default-executor-1] INFO  server.RaftServer$Division (RaftServerImpl.java:checkInconsistentAppendEntries(1285)) - omNode-1@group-523986131536: inconsistency entries. Reply:omNode-2<-omNode-1#4728:FAIL-t4,INCONSISTENCY,nextIndex=18,followerCommit=17
2021-10-05 12:31:58,549 [grpc-default-executor-0] INFO  leader.FollowerInfo (FollowerInfoImpl.java:lambda$new$0(46)) - omNode-2@group-523986131536->omNode-1: nextIndex: updateUnconditionally 24 -> 18
2021-10-05 12:31:59,051 [grpc-default-executor-0] INFO  server.RaftServer$Division (RaftServerImpl.java:checkInconsistentAppendEntries(1319)) - omNode-1@group-523986131536: Failed appendEntries as previous log entry ((t:4, i:23)) is not found
2021-10-05 12:31:59,051 [grpc-default-executor-0] INFO  server.RaftServer$Division (RaftServerImpl.java:checkInconsistentAppendEntries(1285)) - omNode-1@group-523986131536: inconsistency entries. Reply:omNode-2<-omNode-1#4779:FAIL-t4,INCONSISTENCY,nextIndex=18,followerCommit=17
2021-10-05 12:31:59,052 [grpc-default-executor-1] INFO  leader.FollowerInfo (FollowerInfoImpl.java:lambda$new$0(46)) - omNode-2@group-523986131536->omNode-1: nextIndex: updateUnconditionally 24 -> 18
2021-10-05 12:31:59,554 [grpc-default-executor-1] INFO  server.RaftServer$Division (RaftServerImpl.java:checkInconsistentAppendEntries(1319)) - omNode-1@group-523986131536: Failed appendEntries as previous log entry ((t:4, i:23)) is not found
2021-10-05 12:31:59,554 [grpc-default-executor-1] INFO  server.RaftServer$Division (RaftServerImpl.java:checkInconsistentAppendEntries(1285)) - omNode-1@group-523986131536: inconsistency entries. Reply:omNode-2<-omNode-1#4830:FAIL-t4,INCONSISTENCY,nextIndex=18,followerCommit=17
2021-10-05 12:31:59,555 [grpc-default-executor-0] INFO  leader.FollowerInfo (FollowerInfoImpl.java:lambda$new$0(46)) - omNode-2@group-523986131536->omNode-1: nextIndex: updateUnconditionally 24 -> 18
2021-10-05 12:32:00,056 [grpc-default-executor-0] INFO  server.RaftServer$Division (RaftServerImpl.java:checkInconsistentAppendEntries(1319)) - omNode-1@group-523986131536: Failed appendEntries as previous log entry ((t:4, i:23)) is not found
2021-10-05 12:32:00,056 [grpc-default-executor-0] INFO  server.RaftServer$Division (RaftServerImpl.java:checkInconsistentAppendEntries(1285)) - omNode-1@group-523986131536: inconsistency entries. Reply:omNode-2<-omNode-1#4881:FAIL-t4,INCONSISTENCY,nextIndex=18,followerCommit=17
2021-10-05 12:32:00,057 [grpc-default-executor-0] INFO  leader.FollowerInfo (FollowerInfoImpl.java:lambda$new$0(46)) - omNode-2@group-523986131536->omNode-1: nextIndex: updateUnconditionally 24 -> 18
2021-10-05 12:32:00,559 [grpc-default-executor-1] INFO  server.RaftServer$Division (RaftServerImpl.java:checkInconsistentAppendEntries(1319)) - omNode-1@group-523986131536: Failed appendEntries as previous log entry ((t:4, i:23)) is not found
2021-10-05 12:32:00,559 [grpc-default-executor-1] INFO  server.RaftServer$Division (RaftServerImpl.java:checkInconsistentAppendEntries(1285)) - omNode-1@group-523986131536: inconsistency entries. Reply:omNode-2<-omNode-1#4932:FAIL-t4,INCONSISTENCY,nextIndex=18,followerCommit=17
2021-10-05 12:32:00,560 [grpc-default-executor-0] INFO  leader.FollowerInfo (FollowerInfoImpl.java:lambda$new$0(46)) - omNode-2@group-523986131536->omNode-1: nextIndex: updateUnconditionally 24 -> 18
2021-10-05 12:32:01,062 [grpc-default-executor-1] INFO  server.RaftServer$Division (RaftServerImpl.java:checkInconsistentAppendEntries(1319)) - omNode-1@group-523986131536: Failed appendEntries as previous log entry ((t:4, i:23)) is not found
2021-10-05 12:32:01,063 [grpc-default-executor-1] INFO  server.RaftServer$Division (RaftServerImpl.java:checkInconsistentAppendEntries(1285)) - omNode-1@group-523986131536: inconsistency entries. Reply:omNode-2<-omNode-1#4983:FAIL-t4,INCONSISTENCY,nextIndex=18,followerCommit=17
2021-10-05 12:32:01,063 [grpc-default-executor-1] INFO  leader.FollowerInfo (FollowerInfoImpl.java:lambda$new$0(46)) - omNode-2@group-523986131536->omNode-1: nextIndex: updateUnconditionally 24 -> 18
2021-10-05 12:32:01,565 [grpc-default-executor-1] INFO  server.RaftServer$Division (RaftServerImpl.java:checkInconsistentAppendEntries(1319)) - omNode-1@group-523986131536: Failed appendEntries as previous log entry ((t:4, i:23)) is not found
2021-10-05 12:32:01,566 [grpc-default-executor-1] INFO  server.RaftServer$Division (RaftServerImpl.java:checkInconsistentAppendEntries(1285)) - omNode-1@group-523986131536: inconsistency entries. Reply:omNode-2<-omNode-1#5034:FAIL-t4,INCONSISTENCY,nextIndex=18,followerCommit=17
2021-10-05 12:32:01,567 [grpc-default-executor-0] INFO  leader.FollowerInfo (FollowerInfoImpl.java:lambda$new$0(46)) - omNode-2@group-523986131536->omNode-1: nextIndex: updateUnconditionally 24 -> 18
2021-10-05 12:32:02,072 [grpc-default-executor-0] INFO  server.RaftServer$Division (RaftServerImpl.java:checkInconsistentAppendEntries(1319)) - omNode-1@group-523986131536: Failed appendEntries as previous log entry ((t:4, i:23)) is not found
2021-10-05 12:32:02,072 [grpc-default-executor-0] INFO  server.RaftServer$Division (RaftServerImpl.java:checkInconsistentAppendEntries(1285)) - omNode-1@group-523986131536: inconsistency entries. Reply:omNode-2<-omNode-1#5085:FAIL-t4,INCONSISTENCY,nextIndex=18,followerCommit=17
2021-10-05 12:32:02,072 [grpc-default-executor-0] INFO  leader.FollowerInfo (FollowerInfoImpl.java:lambda$new$0(46)) - omNode-2@group-523986131536->omNode-1: nextIndex: updateUnconditionally 24 -> 18
2021-10-05 12:32:02,575 [grpc-default-executor-0] INFO  server.RaftServer$Division (RaftServerImpl.java:checkInconsistentAppendEntries(1319)) - omNode-1@group-523986131536: Failed appendEntries as previous log entry ((t:4, i:23)) is not found
2021-10-05 12:32:02,575 [grpc-default-executor-0] INFO  server.RaftServer$Division (RaftServerImpl.java:checkInconsistentAppendEntries(1285)) - omNode-1@group-523986131536: inconsistency entries. Reply:omNode-2<-omNode-1#5136:FAIL-t4,INCONSISTENCY,nextIndex=18,followerCommit=17
2021-10-05 12:32:02,576 [grpc-default-executor-0] INFO  leader.FollowerInfo (FollowerInfoImpl.java:lambda$new$0(46)) - omNode-2@group-523986131536->omNode-1: nextIndex: updateUnconditionally 24 -> 18
2021-10-05 12:32:03,078 [grpc-default-executor-1] INFO  server.RaftServer$Division (RaftServerImpl.java:checkInconsistentAppendEntries(1319)) - omNode-1@group-523986131536: Failed appendEntries as previous log entry ((t:4, i:23)) is not found
2021-10-05 12:32:03,078 [grpc-default-executor-1] INFO  server.RaftServer$Division (RaftServerImpl.java:checkInconsistentAppendEntries(1285)) - omNode-1@group-523986131536: inconsistency entries. Reply:omNode-2<-omNode-1#5187:FAIL-t4,INCONSISTENCY,nextIndex=18,followerCommit=17
2021-10-05 12:32:03,079 [grpc-default-executor-1] INFO  leader.FollowerInfo (FollowerInfoImpl.java:lambda$new$0(46)) - omNode-2@group-523986131536->omNode-1: nextIndex: updateUnconditionally 24 -> 18
2021-10-05 12:32:03,581 [grpc-default-executor-1] INFO  server.RaftServer$Division (RaftServerImpl.java:checkInconsistentAppendEntries(1319)) - omNode-1@group-523986131536: Failed appendEntries as previous log entry ((t:4, i:23)) is not found
2021-10-05 12:32:03,581 [grpc-default-executor-1] INFO  server.RaftServer$Division (RaftServerImpl.java:checkInconsistentAppendEntries(1285)) - omNode-1@group-523986131536: inconsistency entries. Reply:omNode-2<-omNode-1#5238:FAIL-t4,INCONSISTENCY,nextIndex=18,followerCommit=17
2021-10-05 12:32:03,582 [grpc-default-executor-1] INFO  leader.FollowerInfo (FollowerInfoImpl.java:lambda$new$0(46)) - omNode-2@group-523986131536->omNode-1: nextIndex: updateUnconditionally 24 -> 18
2021-10-05 12:32:04,083 [grpc-default-executor-1] INFO  server.RaftServer$Division (RaftServerImpl.java:checkInconsistentAppendEntries(1319)) - omNode-1@group-523986131536: Failed appendEntries as previous log entry ((t:4, i:23)) is not found
2021-10-05 12:32:04,084 [grpc-default-executor-1] INFO  server.RaftServer$Division (RaftServerImpl.java:checkInconsistentAppendEntries(1285)) - omNode-1@group-523986131536: inconsistency entries. Reply:omNode-2<-omNode-1#5288:FAIL-t4,INCONSISTENCY,nextIndex=18,followerCommit=17
2021-10-05 12:32:04,084 [grpc-default-executor-1] INFO  leader.FollowerInfo (FollowerInfoImpl.java:lambda$new$0(46)) - omNode-2@group-523986131536->omNode-1: nextIndex: updateUnconditionally 24 -> 18
2021-10-05 12:32:04,586 [grpc-default-executor-1] INFO  server.RaftServer$Division (RaftServerImpl.java:checkInconsistentAppendEntries(1319)) - omNode-1@group-523986131536: Failed appendEntries as previous log entry ((t:4, i:23)) is not found
2021-10-05 12:32:04,587 [grpc-default-executor-1] INFO  server.RaftServer$Division (RaftServerImpl.java:checkInconsistentAppendEntries(1285)) - omNode-1@group-523986131536: inconsistency entries. Reply:omNode-2<-omNode-1#5339:FAIL-t4,INCONSISTENCY,nextIndex=18,followerCommit=17
2021-10-05 12:32:04,587 [grpc-default-executor-1] INFO  leader.FollowerInfo (FollowerInfoImpl.java:lambda$new$0(46)) - omNode-2@group-523986131536->omNode-1: nextIndex: updateUnconditionally 24 -> 18
2021-10-05 12:32:05,088 [grpc-default-executor-1] INFO  server.RaftServer$Division (RaftServerImpl.java:checkInconsistentAppendEntries(1319)) - omNode-1@group-523986131536: Failed appendEntries as previous log entry ((t:4, i:23)) is not found
2021-10-05 12:32:05,088 [grpc-default-executor-1] INFO  server.RaftServer$Division (RaftServerImpl.java:checkInconsistentAppendEntries(1285)) - omNode-1@group-523986131536: inconsistency entries. Reply:omNode-2<-omNode-1#5390:FAIL-t4,INCONSISTENCY,nextIndex=18,followerCommit=17
2021-10-05 12:32:05,089 [grpc-default-executor-0] INFO  leader.FollowerInfo (FollowerInfoImpl.java:lambda$new$0(46)) - omNode-2@group-523986131536->omNode-1: nextIndex: updateUnconditionally 24 -> 18
2021-10-05 12:32:05,591 [grpc-default-executor-0] INFO  server.RaftServer$Division (RaftServerImpl.java:checkInconsistentAppendEntries(1319)) - omNode-1@group-523986131536: Failed appendEntries as previous log entry ((t:4, i:23)) is not found
2021-10-05 12:32:05,591 [grpc-default-executor-0] INFO  server.RaftServer$Division (RaftServerImpl.java:checkInconsistentAppendEntries(1285)) - omNode-1@group-523986131536: inconsistency entries. Reply:omNode-2<-omNode-1#5441:FAIL-t4,INCONSISTENCY,nextIndex=18,followerCommit=17
2021-10-05 12:32:05,592 [grpc-default-executor-0] INFO  leader.FollowerInfo (FollowerInfoImpl.java:lambda$new$0(46)) - omNode-2@group-523986131536->omNode-1: nextIndex: updateUnconditionally 24 -> 18
2021-10-05 12:32:06,094 [grpc-default-executor-0] INFO  server.RaftServer$Division (RaftServerImpl.java:checkInconsistentAppendEntries(1319)) - omNode-1@group-523986131536: Failed appendEntries as previous log entry ((t:4, i:23)) is not found
2021-10-05 12:32:06,094 [grpc-default-executor-0] INFO  server.RaftServer$Division (RaftServerImpl.java:checkInconsistentAppendEntries(1285)) - omNode-1@group-523986131536: inconsistency entries. Reply:omNode-2<-omNode-1#5492:FAIL-t4,INCONSISTENCY,nextIndex=18,followerCommit=17
2021-10-05 12:32:06,094 [grpc-default-executor-0] INFO  leader.FollowerInfo (FollowerInfoImpl.java:lambda$new$0(46)) - omNode-2@group-523986131536->omNode-1: nextIndex: updateUnconditionally 24 -> 18
2021-10-05 12:32:06,596 [grpc-default-executor-0] INFO  server.RaftServer$Division (RaftServerImpl.java:checkInconsistentAppendEntries(1319)) - omNode-1@group-523986131536: Failed appendEntries as previous log entry ((t:4, i:23)) is not found
2021-10-05 12:32:06,597 [grpc-default-executor-0] INFO  server.RaftServer$Division (RaftServerImpl.java:checkInconsistentAppendEntries(1285)) - omNode-1@group-523986131536: inconsistency entries. Reply:omNode-2<-omNode-1#5543:FAIL-t4,INCONSISTENCY,nextIndex=18,followerCommit=17
2021-10-05 12:32:06,597 [grpc-default-executor-0] INFO  leader.FollowerInfo (FollowerInfoImpl.java:lambda$new$0(46)) - omNode-2@group-523986131536->omNode-1: nextIndex: updateUnconditionally 24 -> 18
2021-10-05 12:32:07,100 [grpc-default-executor-0] INFO  server.RaftServer$Division (RaftServerImpl.java:checkInconsistentAppendEntries(1319)) - omNode-1@group-523986131536: Failed appendEntries as previous log entry ((t:4, i:23)) is not found
2021-10-05 12:32:07,100 [grpc-default-executor-0] INFO  server.RaftServer$Division (RaftServerImpl.java:checkInconsistentAppendEntries(1285)) - omNode-1@group-523986131536: inconsistency entries. Reply:omNode-2<-omNode-1#5594:FAIL-t4,INCONSISTENCY,nextIndex=18,followerCommit=17
2021-10-05 12:32:07,100 [grpc-default-executor-0] INFO  leader.FollowerInfo (FollowerInfoImpl.java:lambda$new$0(46)) - omNode-2@group-523986131536->omNode-1: nextIndex: updateUnconditionally 24 -> 18
2021-10-05 12:32:07,602 [grpc-default-executor-0] INFO  server.RaftServer$Division (RaftServerImpl.java:checkInconsistentAppendEntries(1319)) - omNode-1@group-523986131536: Failed appendEntries as previous log entry ((t:4, i:23)) is not found
2021-10-05 12:32:07,602 [grpc-default-executor-0] INFO  server.RaftServer$Division (RaftServerImpl.java:checkInconsistentAppendEntries(1285)) - omNode-1@group-523986131536: inconsistency entries. Reply:omNode-2<-omNode-1#5645:FAIL-t4,INCONSISTENCY,nextIndex=18,followerCommit=17
2021-10-05 12:32:07,603 [grpc-default-executor-0] INFO  leader.FollowerInfo (FollowerInfoImpl.java:lambda$new$0(46)) - omNode-2@group-523986131536->omNode-1: nextIndex: updateUnconditionally 24 -> 18
2021-10-05 12:32:08,105 [grpc-default-executor-1] INFO  server.RaftServer$Division (RaftServerImpl.java:checkInconsistentAppendEntries(1319)) - omNode-1@group-523986131536: Failed appendEntries as previous log entry ((t:4, i:23)) is not found
2021-10-05 12:32:08,106 [grpc-default-executor-1] INFO  server.RaftServer$Division (RaftServerImpl.java:checkInconsistentAppendEntries(1285)) - omNode-1@group-523986131536: inconsistency entries. Reply:omNode-2<-omNode-1#5696:FAIL-t4,INCONSISTENCY,nextIndex=18,followerCommit=17
2021-10-05 12:32:08,106 [grpc-default-executor-1] INFO  leader.FollowerInfo (FollowerInfoImpl.java:lambda$new$0(46)) - omNode-2@group-523986131536->omNode-1: nextIndex: updateUnconditionally 24 -> 18
2021-10-05 12:32:08,608 [grpc-default-executor-1] INFO  server.RaftServer$Division (RaftServerImpl.java:checkInconsistentAppendEntries(1319)) - omNode-1@group-523986131536: Failed appendEntries as previous log entry ((t:4, i:23)) is not found
2021-10-05 12:32:08,608 [grpc-default-executor-1] INFO  server.RaftServer$Division (RaftServerImpl.java:checkInconsistentAppendEntries(1285)) - omNode-1@group-523986131536: inconsistency entries. Reply:omNode-2<-omNode-1#5747:FAIL-t4,INCONSISTENCY,nextIndex=18,followerCommit=17
2021-10-05 12:32:08,608 [grpc-default-executor-1] INFO  leader.FollowerInfo (FollowerInfoImpl.java:lambda$new$0(46)) - omNode-2@group-523986131536->omNode-1: nextIndex: updateUnconditionally 24 -> 18
2021-10-05 12:32:09,110 [grpc-default-executor-1] INFO  server.RaftServer$Division (RaftServerImpl.java:checkInconsistentAppendEntries(1319)) - omNode-1@group-523986131536: Failed appendEntries as previous log entry ((t:4, i:23)) is not found
2021-10-05 12:32:09,111 [grpc-default-executor-1] INFO  server.RaftServer$Division (RaftServerImpl.java:checkInconsistentAppendEntries(1285)) - omNode-1@group-523986131536: inconsistency entries. Reply:omNode-2<-omNode-1#5798:FAIL-t4,INCONSISTENCY,nextIndex=18,followerCommit=17
2021-10-05 12:32:09,111 [grpc-default-executor-1] INFO  leader.FollowerInfo (FollowerInfoImpl.java:lambda$new$0(46)) - omNode-2@group-523986131536->omNode-1: nextIndex: updateUnconditionally 24 -> 18
2021-10-05 12:32:09,612 [grpc-default-executor-1] INFO  server.RaftServer$Division (RaftServerImpl.java:checkInconsistentAppendEntries(1319)) - omNode-1@group-523986131536: Failed appendEntries as previous log entry ((t:4, i:23)) is not found
2021-10-05 12:32:09,612 [grpc-default-executor-1] INFO  server.RaftServer$Division (RaftServerImpl.java:checkInconsistentAppendEntries(1285)) - omNode-1@group-523986131536: inconsistency entries. Reply:omNode-2<-omNode-1#5849:FAIL-t4,INCONSISTENCY,nextIndex=18,followerCommit=17
2021-10-05 12:32:09,613 [grpc-default-executor-1] INFO  leader.FollowerInfo (FollowerInfoImpl.java:lambda$new$0(46)) - omNode-2@group-523986131536->omNode-1: nextIndex: updateUnconditionally 24 -> 18
2021-10-05 12:32:10,114 [grpc-default-executor-1] INFO  server.RaftServer$Division (RaftServerImpl.java:checkInconsistentAppendEntries(1319)) - omNode-1@group-523986131536: Failed appendEntries as previous log entry ((t:4, i:23)) is not found
2021-10-05 12:32:10,115 [grpc-default-executor-1] INFO  server.RaftServer$Division (RaftServerImpl.java:checkInconsistentAppendEntries(1285)) - omNode-1@group-523986131536: inconsistency entries. Reply:omNode-2<-omNode-1#5900:FAIL-t4,INCONSISTENCY,nextIndex=18,followerCommit=17
2021-10-05 12:32:10,115 [grpc-default-executor-1] INFO  leader.FollowerInfo (FollowerInfoImpl.java:lambda$new$0(46)) - omNode-2@group-523986131536->omNode-1: nextIndex: updateUnconditionally 24 -> 18
2021-10-05 12:32:10,616 [grpc-default-executor-0] INFO  server.RaftServer$Division (RaftServerImpl.java:checkInconsistentAppendEntries(1319)) - omNode-1@group-523986131536: Failed appendEntries as previous log entry ((t:4, i:23)) is not found
2021-10-05 12:32:10,617 [grpc-default-executor-0] INFO  server.RaftServer$Division (RaftServerImpl.java:checkInconsistentAppendEntries(1285)) - omNode-1@group-523986131536: inconsistency entries. Reply:omNode-2<-omNode-1#5951:FAIL-t4,INCONSISTENCY,nextIndex=18,followerCommit=17
2021-10-05 12:32:10,617 [grpc-default-executor-0] INFO  leader.FollowerInfo (FollowerInfoImpl.java:lambda$new$0(46)) - omNode-2@group-523986131536->omNode-1: nextIndex: updateUnconditionally 24 -> 18
2021-10-05 12:32:11,119 [grpc-default-executor-0] INFO  server.RaftServer$Division (RaftServerImpl.java:checkInconsistentAppendEntries(1319)) - omNode-1@group-523986131536: Failed appendEntries as previous log entry ((t:4, i:23)) is not found
2021-10-05 12:32:11,119 [grpc-default-executor-0] INFO  server.RaftServer$Division (RaftServerImpl.java:checkInconsistentAppendEntries(1285)) - omNode-1@group-523986131536: inconsistency entries. Reply:omNode-2<-omNode-1#6002:FAIL-t4,INCONSISTENCY,nextIndex=18,followerCommit=17
2021-10-05 12:32:11,119 [grpc-default-executor-0] INFO  leader.FollowerInfo (FollowerInfoImpl.java:lambda$new$0(46)) - omNode-2@group-523986131536->omNode-1: nextIndex: updateUnconditionally 24 -> 18
2021-10-05 12:32:11,621 [grpc-default-executor-0] INFO  server.RaftServer$Division (RaftServerImpl.java:checkInconsistentAppendEntries(1319)) - omNode-1@group-523986131536: Failed appendEntries as previous log entry ((t:4, i:23)) is not found
2021-10-05 12:32:11,621 [grpc-default-executor-0] INFO  server.RaftServer$Division (RaftServerImpl.java:checkInconsistentAppendEntries(1285)) - omNode-1@group-523986131536: inconsistency entries. Reply:omNode-2<-omNode-1#6053:FAIL-t4,INCONSISTENCY,nextIndex=18,followerCommit=17
2021-10-05 12:32:11,622 [grpc-default-executor-0] INFO  leader.FollowerInfo (FollowerInfoImpl.java:lambda$new$0(46)) - omNode-2@group-523986131536->omNode-1: nextIndex: updateUnconditionally 24 -> 18
2021-10-05 12:32:12,124 [grpc-default-executor-0] INFO  server.RaftServer$Division (RaftServerImpl.java:checkInconsistentAppendEntries(1319)) - omNode-1@group-523986131536: Failed appendEntries as previous log entry ((t:4, i:23)) is not found
2021-10-05 12:32:12,124 [grpc-default-executor-0] INFO  server.RaftServer$Division (RaftServerImpl.java:checkInconsistentAppendEntries(1285)) - omNode-1@group-523986131536: inconsistency entries. Reply:omNode-2<-omNode-1#6104:FAIL-t4,INCONSISTENCY,nextIndex=18,followerCommit=17
2021-10-05 12:32:12,125 [grpc-default-executor-0] INFO  leader.FollowerInfo (FollowerInfoImpl.java:lambda$new$0(46)) - omNode-2@group-523986131536->omNode-1: nextIndex: updateUnconditionally 24 -> 18
2021-10-05 12:32:12,627 [grpc-default-executor-0] INFO  server.RaftServer$Division (RaftServerImpl.java:checkInconsistentAppendEntries(1319)) - omNode-1@group-523986131536: Failed appendEntries as previous log entry ((t:4, i:23)) is not found
2021-10-05 12:32:12,628 [grpc-default-executor-0] INFO  server.RaftServer$Division (RaftServerImpl.java:checkInconsistentAppendEntries(1285)) - omNode-1@group-523986131536: inconsistency entries. Reply:omNode-2<-omNode-1#6155:FAIL-t4,INCONSISTENCY,nextIndex=18,followerCommit=17
2021-10-05 12:32:12,628 [grpc-default-executor-0] INFO  leader.FollowerInfo (FollowerInfoImpl.java:lambda$new$0(46)) - omNode-2@group-523986131536->omNode-1: nextIndex: updateUnconditionally 24 -> 18
2021-10-05 12:32:13,130 [grpc-default-executor-0] INFO  server.RaftServer$Division (RaftServerImpl.java:checkInconsistentAppendEntries(1319)) - omNode-1@group-523986131536: Failed appendEntries as previous log entry ((t:4, i:23)) is not found
2021-10-05 12:32:13,130 [grpc-default-executor-0] INFO  server.RaftServer$Division (RaftServerImpl.java:checkInconsistentAppendEntries(1285)) - omNode-1@group-523986131536: inconsistency entries. Reply:omNode-2<-omNode-1#6206:FAIL-t4,INCONSISTENCY,nextIndex=18,followerCommit=17
2021-10-05 12:32:13,130 [grpc-default-executor-0] INFO  leader.FollowerInfo (FollowerInfoImpl.java:lambda$new$0(46)) - omNode-2@group-523986131536->omNode-1: nextIndex: updateUnconditionally 24 -> 18
2021-10-05 12:32:13,632 [grpc-default-executor-0] INFO  server.RaftServer$Division (RaftServerImpl.java:checkInconsistentAppendEntries(1319)) - omNode-1@group-523986131536: Failed appendEntries as previous log entry ((t:4, i:23)) is not found
2021-10-05 12:32:13,632 [grpc-default-executor-0] INFO  server.RaftServer$Division (RaftServerImpl.java:checkInconsistentAppendEntries(1285)) - omNode-1@group-523986131536: inconsistency entries. Reply:omNode-2<-omNode-1#6257:FAIL-t4,INCONSISTENCY,nextIndex=18,followerCommit=17
2021-10-05 12:32:13,632 [grpc-default-executor-0] INFO  leader.FollowerInfo (FollowerInfoImpl.java:lambda$new$0(46)) - omNode-2@group-523986131536->omNode-1: nextIndex: updateUnconditionally 24 -> 18
2021-10-05 12:32:14,134 [grpc-default-executor-0] INFO  server.RaftServer$Division (RaftServerImpl.java:checkInconsistentAppendEntries(1319)) - omNode-1@group-523986131536: Failed appendEntries as previous log entry ((t:4, i:23)) is not found
2021-10-05 12:32:14,134 [grpc-default-executor-0] INFO  server.RaftServer$Division (RaftServerImpl.java:checkInconsistentAppendEntries(1285)) - omNode-1@group-523986131536: inconsistency entries. Reply:omNode-2<-omNode-1#6308:FAIL-t4,INCONSISTENCY,nextIndex=18,followerCommit=17
2021-10-05 12:32:14,135 [grpc-default-executor-0] INFO  leader.FollowerInfo (FollowerInfoImpl.java:lambda$new$0(46)) - omNode-2@group-523986131536->omNode-1: nextIndex: updateUnconditionally 24 -> 18
2021-10-05 12:32:14,636 [grpc-default-executor-0] INFO  server.RaftServer$Division (RaftServerImpl.java:checkInconsistentAppendEntries(1319)) - omNode-1@group-523986131536: Failed appendEntries as previous log entry ((t:4, i:23)) is not found
2021-10-05 12:32:14,636 [grpc-default-executor-0] INFO  server.RaftServer$Division (RaftServerImpl.java:checkInconsistentAppendEntries(1285)) - omNode-1@group-523986131536: inconsistency entries. Reply:omNode-2<-omNode-1#6359:FAIL-t4,INCONSISTENCY,nextIndex=18,followerCommit=17
2021-10-05 12:32:14,636 [grpc-default-executor-0] INFO  leader.FollowerInfo (FollowerInfoImpl.java:lambda$new$0(46)) - omNode-2@group-523986131536->omNode-1: nextIndex: updateUnconditionally 24 -> 18
2021-10-05 12:32:15,138 [grpc-default-executor-0] INFO  server.RaftServer$Division (RaftServerImpl.java:checkInconsistentAppendEntries(1319)) - omNode-1@group-523986131536: Failed appendEntries as previous log entry ((t:4, i:23)) is not found
2021-10-05 12:32:15,139 [grpc-default-executor-0] INFO  server.RaftServer$Division (RaftServerImpl.java:checkInconsistentAppendEntries(1285)) - omNode-1@group-523986131536: inconsistency entries. Reply:omNode-2<-omNode-1#6410:FAIL-t4,INCONSISTENCY,nextIndex=18,followerCommit=17
2021-10-05 12:32:15,139 [grpc-default-executor-0] INFO  leader.FollowerInfo (FollowerInfoImpl.java:lambda$new$0(46)) - omNode-2@group-523986131536->omNode-1: nextIndex: updateUnconditionally 24 -> 18
2021-10-05 12:32:15,640 [grpc-default-executor-0] INFO  server.RaftServer$Division (RaftServerImpl.java:checkInconsistentAppendEntries(1319)) - omNode-1@group-523986131536: Failed appendEntries as previous log entry ((t:4, i:23)) is not found
2021-10-05 12:32:15,640 [grpc-default-executor-0] INFO  server.RaftServer$Division (RaftServerImpl.java:checkInconsistentAppendEntries(1285)) - omNode-1@group-523986131536: inconsistency entries. Reply:omNode-2<-omNode-1#6461:FAIL-t4,INCONSISTENCY,nextIndex=18,followerCommit=17
2021-10-05 12:32:15,641 [grpc-default-executor-0] INFO  leader.FollowerInfo (FollowerInfoImpl.java:lambda$new$0(46)) - omNode-2@group-523986131536->omNode-1: nextIndex: updateUnconditionally 24 -> 18
2021-10-05 12:32:16,142 [grpc-default-executor-0] INFO  server.RaftServer$Division (RaftServerImpl.java:checkInconsistentAppendEntries(1319)) - omNode-1@group-523986131536: Failed appendEntries as previous log entry ((t:4, i:23)) is not found
2021-10-05 12:32:16,142 [grpc-default-executor-0] INFO  server.RaftServer$Division (RaftServerImpl.java:checkInconsistentAppendEntries(1285)) - omNode-1@group-523986131536: inconsistency entries. Reply:omNode-2<-omNode-1#6512:FAIL-t4,INCONSISTENCY,nextIndex=18,followerCommit=17
2021-10-05 12:32:16,143 [grpc-default-executor-0] INFO  leader.FollowerInfo (FollowerInfoImpl.java:lambda$new$0(46)) - omNode-2@group-523986131536->omNode-1: nextIndex: updateUnconditionally 24 -> 18
2021-10-05 12:32:16,644 [grpc-default-executor-0] INFO  server.RaftServer$Division (RaftServerImpl.java:checkInconsistentAppendEntries(1319)) - omNode-1@group-523986131536: Failed appendEntries as previous log entry ((t:4, i:23)) is not found
2021-10-05 12:32:16,644 [grpc-default-executor-0] INFO  server.RaftServer$Division (RaftServerImpl.java:checkInconsistentAppendEntries(1285)) - omNode-1@group-523986131536: inconsistency entries. Reply:omNode-2<-omNode-1#6563:FAIL-t4,INCONSISTENCY,nextIndex=18,followerCommit=17
2021-10-05 12:32:16,645 [grpc-default-executor-0] INFO  leader.FollowerInfo (FollowerInfoImpl.java:lambda$new$0(46)) - omNode-2@group-523986131536->omNode-1: nextIndex: updateUnconditionally 24 -> 18
2021-10-05 12:32:17,146 [grpc-default-executor-0] INFO  server.RaftServer$Division (RaftServerImpl.java:checkInconsistentAppendEntries(1319)) - omNode-1@group-523986131536: Failed appendEntries as previous log entry ((t:4, i:23)) is not found
2021-10-05 12:32:17,146 [grpc-default-executor-0] INFO  server.RaftServer$Division (RaftServerImpl.java:checkInconsistentAppendEntries(1285)) - omNode-1@group-523986131536: inconsistency entries. Reply:omNode-2<-omNode-1#6614:FAIL-t4,INCONSISTENCY,nextIndex=18,followerCommit=17
2021-10-05 12:32:17,147 [grpc-default-executor-0] INFO  leader.FollowerInfo (FollowerInfoImpl.java:lambda$new$0(46)) - omNode-2@group-523986131536->omNode-1: nextIndex: updateUnconditionally 24 -> 18
2021-10-05 12:32:17,648 [grpc-default-executor-0] INFO  server.RaftServer$Division (RaftServerImpl.java:checkInconsistentAppendEntries(1319)) - omNode-1@group-523986131536: Failed appendEntries as previous log entry ((t:4, i:23)) is not found
2021-10-05 12:32:17,649 [grpc-default-executor-0] INFO  server.RaftServer$Division (RaftServerImpl.java:checkInconsistentAppendEntries(1285)) - omNode-1@group-523986131536: inconsistency entries. Reply:omNode-2<-omNode-1#6665:FAIL-t4,INCONSISTENCY,nextIndex=18,followerCommit=17
2021-10-05 12:32:17,649 [grpc-default-executor-0] INFO  leader.FollowerInfo (FollowerInfoImpl.java:lambda$new$0(46)) - omNode-2@group-523986131536->omNode-1: nextIndex: updateUnconditionally 24 -> 18
2021-10-05 12:32:18,150 [grpc-default-executor-0] INFO  server.RaftServer$Division (RaftServerImpl.java:checkInconsistentAppendEntries(1319)) - omNode-1@group-523986131536: Failed appendEntries as previous log entry ((t:4, i:23)) is not found
2021-10-05 12:32:18,151 [grpc-default-executor-0] INFO  server.RaftServer$Division (RaftServerImpl.java:checkInconsistentAppendEntries(1285)) - omNode-1@group-523986131536: inconsistency entries. Reply:omNode-2<-omNode-1#6716:FAIL-t4,INCONSISTENCY,nextIndex=18,followerCommit=17
2021-10-05 12:32:18,151 [grpc-default-executor-0] INFO  leader.FollowerInfo (FollowerInfoImpl.java:lambda$new$0(46)) - omNode-2@group-523986131536->omNode-1: nextIndex: updateUnconditionally 24 -> 18
2021-10-05 12:32:18,653 [grpc-default-executor-0] INFO  server.RaftServer$Division (RaftServerImpl.java:checkInconsistentAppendEntries(1319)) - omNode-1@group-523986131536: Failed appendEntries as previous log entry ((t:4, i:23)) is not found
2021-10-05 12:32:18,653 [grpc-default-executor-0] INFO  server.RaftServer$Division (RaftServerImpl.java:checkInconsistentAppendEntries(1285)) - omNode-1@group-523986131536: inconsistency entries. Reply:omNode-2<-omNode-1#6767:FAIL-t4,INCONSISTENCY,nextIndex=18,followerCommit=17
2021-10-05 12:32:18,654 [grpc-default-executor-0] INFO  leader.FollowerInfo (FollowerInfoImpl.java:lambda$new$0(46)) - omNode-2@group-523986131536->omNode-1: nextIndex: updateUnconditionally 24 -> 18
2021-10-05 12:32:19,156 [grpc-default-executor-0] INFO  server.RaftServer$Division (RaftServerImpl.java:checkInconsistentAppendEntries(1319)) - omNode-1@group-523986131536: Failed appendEntries as previous log entry ((t:4, i:23)) is not found
2021-10-05 12:32:19,156 [grpc-default-executor-0] INFO  server.RaftServer$Division (RaftServerImpl.java:checkInconsistentAppendEntries(1285)) - omNode-1@group-523986131536: inconsistency entries. Reply:omNode-2<-omNode-1#6818:FAIL-t4,INCONSISTENCY,nextIndex=18,followerCommit=17
2021-10-05 12:32:19,157 [grpc-default-executor-0] INFO  leader.FollowerInfo (FollowerInfoImpl.java:lambda$new$0(46)) - omNode-2@group-523986131536->omNode-1: nextIndex: updateUnconditionally 24 -> 18
2021-10-05 12:32:19,659 [grpc-default-executor-0] INFO  server.RaftServer$Division (RaftServerImpl.java:checkInconsistentAppendEntries(1319)) - omNode-1@group-523986131536: Failed appendEntries as previous log entry ((t:4, i:23)) is not found
2021-10-05 12:32:19,659 [grpc-default-executor-0] INFO  server.RaftServer$Division (RaftServerImpl.java:checkInconsistentAppendEntries(1285)) - omNode-1@group-523986131536: inconsistency entries. Reply:omNode-2<-omNode-1#6869:FAIL-t4,INCONSISTENCY,nextIndex=18,followerCommit=17
2021-10-05 12:32:19,659 [grpc-default-executor-0] INFO  leader.FollowerInfo (FollowerInfoImpl.java:lambda$new$0(46)) - omNode-2@group-523986131536->omNode-1: nextIndex: updateUnconditionally 24 -> 18
2021-10-05 12:32:20,160 [grpc-default-executor-0] INFO  server.RaftServer$Division (RaftServerImpl.java:checkInconsistentAppendEntries(1319)) - omNode-1@group-523986131536: Failed appendEntries as previous log entry ((t:4, i:23)) is not found
2021-10-05 12:32:20,161 [grpc-default-executor-0] INFO  server.RaftServer$Division (RaftServerImpl.java:checkInconsistentAppendEntries(1285)) - omNode-1@group-523986131536: inconsistency entries. Reply:omNode-2<-omNode-1#6920:FAIL-t4,INCONSISTENCY,nextIndex=18,followerCommit=17
2021-10-05 12:32:20,161 [grpc-default-executor-0] INFO  leader.FollowerInfo (FollowerInfoImpl.java:lambda$new$0(46)) - omNode-2@group-523986131536->omNode-1: nextIndex: updateUnconditionally 24 -> 18
2021-10-05 12:32:20,662 [grpc-default-executor-1] INFO  server.RaftServer$Division (RaftServerImpl.java:checkInconsistentAppendEntries(1319)) - omNode-1@group-523986131536: Failed appendEntries as previous log entry ((t:4, i:23)) is not found
2021-10-05 12:32:20,663 [grpc-default-executor-1] INFO  server.RaftServer$Division (RaftServerImpl.java:checkInconsistentAppendEntries(1285)) - omNode-1@group-523986131536: inconsistency entries. Reply:omNode-2<-omNode-1#6971:FAIL-t4,INCONSISTENCY,nextIndex=18,followerCommit=17
2021-10-05 12:32:20,663 [grpc-default-executor-1] INFO  leader.FollowerInfo (FollowerInfoImpl.java:lambda$new$0(46)) - omNode-2@group-523986131536->omNode-1: nextIndex: updateUnconditionally 24 -> 18
2021-10-05 12:32:21,165 [grpc-default-executor-1] INFO  server.RaftServer$Division (RaftServerImpl.java:checkInconsistentAppendEntries(1319)) - omNode-1@group-523986131536: Failed appendEntries as previous log entry ((t:4, i:23)) is not found
2021-10-05 12:32:21,165 [grpc-default-executor-1] INFO  server.RaftServer$Division (RaftServerImpl.java:checkInconsistentAppendEntries(1285)) - omNode-1@group-523986131536: inconsistency entries. Reply:omNode-2<-omNode-1#7022:FAIL-t4,INCONSISTENCY,nextIndex=18,followerCommit=17
2021-10-05 12:32:21,165 [grpc-default-executor-1] INFO  leader.FollowerInfo (FollowerInfoImpl.java:lambda$new$0(46)) - omNode-2@group-523986131536->omNode-1: nextIndex: updateUnconditionally 24 -> 18
2021-10-05 12:32:21,667 [grpc-default-executor-1] INFO  server.RaftServer$Division (RaftServerImpl.java:checkInconsistentAppendEntries(1319)) - omNode-1@group-523986131536: Failed appendEntries as previous log entry ((t:4, i:23)) is not found
2021-10-05 12:32:21,668 [grpc-default-executor-1] INFO  server.RaftServer$Division (RaftServerImpl.java:checkInconsistentAppendEntries(1285)) - omNode-1@group-523986131536: inconsistency entries. Reply:omNode-2<-omNode-1#7073:FAIL-t4,INCONSISTENCY,nextIndex=18,followerCommit=17
2021-10-05 12:32:21,668 [grpc-default-executor-1] INFO  leader.FollowerInfo (FollowerInfoImpl.java:lambda$new$0(46)) - omNode-2@group-523986131536->omNode-1: nextIndex: updateUnconditionally 24 -> 18
2021-10-05 12:32:22,170 [grpc-default-executor-1] INFO  server.RaftServer$Division (RaftServerImpl.java:checkInconsistentAppendEntries(1319)) - omNode-1@group-523986131536: Failed appendEntries as previous log entry ((t:4, i:23)) is not found
2021-10-05 12:32:22,171 [grpc-default-executor-1] INFO  server.RaftServer$Division (RaftServerImpl.java:checkInconsistentAppendEntries(1285)) - omNode-1@group-523986131536: inconsistency entries. Reply:omNode-2<-omNode-1#7124:FAIL-t4,INCONSISTENCY,nextIndex=18,followerCommit=17
2021-10-05 12:32:22,171 [grpc-default-executor-1] INFO  leader.FollowerInfo (FollowerInfoImpl.java:lambda$new$0(46)) - omNode-2@group-523986131536->omNode-1: nextIndex: updateUnconditionally 24 -> 18
2021-10-05 12:32:22,673 [grpc-default-executor-1] INFO  server.RaftServer$Division (RaftServerImpl.java:checkInconsistentAppendEntries(1319)) - omNode-1@group-523986131536: Failed appendEntries as previous log entry ((t:4, i:23)) is not found
2021-10-05 12:32:22,673 [grpc-default-executor-1] INFO  server.RaftServer$Division (RaftServerImpl.java:checkInconsistentAppendEntries(1285)) - omNode-1@group-523986131536: inconsistency entries. Reply:omNode-2<-omNode-1#7175:FAIL-t4,INCONSISTENCY,nextIndex=18,followerCommit=17
2021-10-05 12:32:22,673 [grpc-default-executor-1] INFO  leader.FollowerInfo (FollowerInfoImpl.java:lambda$new$0(46)) - omNode-2@group-523986131536->omNode-1: nextIndex: updateUnconditionally 24 -> 18
2021-10-05 12:32:23,175 [grpc-default-executor-0] INFO  server.RaftServer$Division (RaftServerImpl.java:checkInconsistentAppendEntries(1319)) - omNode-1@group-523986131536: Failed appendEntries as previous log entry ((t:4, i:23)) is not found
2021-10-05 12:32:23,175 [grpc-default-executor-0] INFO  server.RaftServer$Division (RaftServerImpl.java:checkInconsistentAppendEntries(1285)) - omNode-1@group-523986131536: inconsistency entries. Reply:omNode-2<-omNode-1#7226:FAIL-t4,INCONSISTENCY,nextIndex=18,followerCommit=17
2021-10-05 12:32:23,176 [grpc-default-executor-0] INFO  leader.FollowerInfo (FollowerInfoImpl.java:lambda$new$0(46)) - omNode-2@group-523986131536->omNode-1: nextIndex: updateUnconditionally 24 -> 18
2021-10-05 12:32:23,677 [grpc-default-executor-1] INFO  server.RaftServer$Division (RaftServerImpl.java:checkInconsistentAppendEntries(1319)) - omNode-1@group-523986131536: Failed appendEntries as previous log entry ((t:4, i:23)) is not found
2021-10-05 12:32:23,678 [grpc-default-executor-1] INFO  server.RaftServer$Division (RaftServerImpl.java:checkInconsistentAppendEntries(1285)) - omNode-1@group-523986131536: inconsistency entries. Reply:omNode-2<-omNode-1#7277:FAIL-t4,INCONSISTENCY,nextIndex=18,followerCommit=17
2021-10-05 12:32:23,678 [grpc-default-executor-1] INFO  leader.FollowerInfo (FollowerInfoImpl.java:lambda$new$0(46)) - omNode-2@group-523986131536->omNode-1: nextIndex: updateUnconditionally 24 -> 18
2021-10-05 12:32:24,180 [grpc-default-executor-0] INFO  server.RaftServer$Division (RaftServerImpl.java:checkInconsistentAppendEntries(1319)) - omNode-1@group-523986131536: Failed appendEntries as previous log entry ((t:4, i:23)) is not found
2021-10-05 12:32:24,180 [grpc-default-executor-0] INFO  server.RaftServer$Division (RaftServerImpl.java:checkInconsistentAppendEntries(1285)) - omNode-1@group-523986131536: inconsistency entries. Reply:omNode-2<-omNode-1#7328:FAIL-t4,INCONSISTENCY,nextIndex=18,followerCommit=17
2021-10-05 12:32:24,181 [grpc-default-executor-0] INFO  leader.FollowerInfo (FollowerInfoImpl.java:lambda$new$0(46)) - omNode-2@group-523986131536->omNode-1: nextIndex: updateUnconditionally 24 -> 18
2021-10-05 12:32:24,683 [grpc-default-executor-0] INFO  server.RaftServer$Division (RaftServerImpl.java:checkInconsistentAppendEntries(1319)) - omNode-1@group-523986131536: Failed appendEntries as previous log entry ((t:4, i:23)) is not found
2021-10-05 12:32:24,683 [grpc-default-executor-0] INFO  server.RaftServer$Division (RaftServerImpl.java:checkInconsistentAppendEntries(1285)) - omNode-1@group-523986131536: inconsistency entries. Reply:omNode-2<-omNode-1#7379:FAIL-t4,INCONSISTENCY,nextIndex=18,followerCommit=17
2021-10-05 12:32:24,684 [grpc-default-executor-0] INFO  leader.FollowerInfo (FollowerInfoImpl.java:lambda$new$0(46)) - omNode-2@group-523986131536->omNode-1: nextIndex: updateUnconditionally 24 -> 18
2021-10-05 12:32:25,186 [grpc-default-executor-0] INFO  server.RaftServer$Division (RaftServerImpl.java:checkInconsistentAppendEntries(1319)) - omNode-1@group-523986131536: Failed appendEntries as previous log entry ((t:4, i:23)) is not found
2021-10-05 12:32:25,187 [grpc-default-executor-0] INFO  server.RaftServer$Division (RaftServerImpl.java:checkInconsistentAppendEntries(1285)) - omNode-1@group-523986131536: inconsistency entries. Reply:omNode-2<-omNode-1#7430:FAIL-t4,INCONSISTENCY,nextIndex=18,followerCommit=17
2021-10-05 12:32:25,189 [grpc-default-executor-0] INFO  leader.FollowerInfo (FollowerInfoImpl.java:lambda$new$0(46)) - omNode-2@group-523986131536->omNode-1: nextIndex: updateUnconditionally 24 -> 18
2021-10-05 12:32:25,691 [grpc-default-executor-1] INFO  server.RaftServer$Division (RaftServerImpl.java:checkInconsistentAppendEntries(1319)) - omNode-1@group-523986131536: Failed appendEntries as previous log entry ((t:4, i:23)) is not found
2021-10-05 12:32:25,691 [grpc-default-executor-1] INFO  server.RaftServer$Division (RaftServerImpl.java:checkInconsistentAppendEntries(1285)) - omNode-1@group-523986131536: inconsistency entries. Reply:omNode-2<-omNode-1#7481:FAIL-t4,INCONSISTENCY,nextIndex=18,followerCommit=17
2021-10-05 12:32:25,691 [grpc-default-executor-1] INFO  leader.FollowerInfo (FollowerInfoImpl.java:lambda$new$0(46)) - omNode-2@group-523986131536->omNode-1: nextIndex: updateUnconditionally 24 -> 18
2021-10-05 12:32:26,194 [grpc-default-executor-0] INFO  server.RaftServer$Division (RaftServerImpl.java:checkInconsistentAppendEntries(1319)) - omNode-1@group-523986131536: Failed appendEntries as previous log entry ((t:4, i:23)) is not found
2021-10-05 12:32:26,194 [grpc-default-executor-0] INFO  server.RaftServer$Division (RaftServerImpl.java:checkInconsistentAppendEntries(1285)) - omNode-1@group-523986131536: inconsistency entries. Reply:omNode-2<-omNode-1#7532:FAIL-t4,INCONSISTENCY,nextIndex=18,followerCommit=17
2021-10-05 12:32:26,195 [grpc-default-executor-1] INFO  leader.FollowerInfo (FollowerInfoImpl.java:lambda$new$0(46)) - omNode-2@group-523986131536->omNode-1: nextIndex: updateUnconditionally 24 -> 18
2021-10-05 12:32:26,698 [grpc-default-executor-1] INFO  server.RaftServer$Division (RaftServerImpl.java:checkInconsistentAppendEntries(1319)) - omNode-1@group-523986131536: Failed appendEntries as previous log entry ((t:4, i:23)) is not found
2021-10-05 12:32:26,698 [grpc-default-executor-1] INFO  server.RaftServer$Division (RaftServerImpl.java:checkInconsistentAppendEntries(1285)) - omNode-1@group-523986131536: inconsistency entries. Reply:omNode-2<-omNode-1#7583:FAIL-t4,INCONSISTENCY,nextIndex=18,followerCommit=17
2021-10-05 12:32:26,699 [grpc-default-executor-1] INFO  leader.FollowerInfo (FollowerInfoImpl.java:lambda$new$0(46)) - omNode-2@group-523986131536->omNode-1: nextIndex: updateUnconditionally 24 -> 18
2021-10-05 12:32:27,201 [grpc-default-executor-1] INFO  server.RaftServer$Division (RaftServerImpl.java:checkInconsistentAppendEntries(1319)) - omNode-1@group-523986131536: Failed appendEntries as previous log entry ((t:4, i:23)) is not found
2021-10-05 12:32:27,201 [grpc-default-executor-1] INFO  server.RaftServer$Division (RaftServerImpl.java:checkInconsistentAppendEntries(1285)) - omNode-1@group-523986131536: inconsistency entries. Reply:omNode-2<-omNode-1#7634:FAIL-t4,INCONSISTENCY,nextIndex=18,followerCommit=17
2021-10-05 12:32:27,202 [grpc-default-executor-1] INFO  leader.FollowerInfo (FollowerInfoImpl.java:lambda$new$0(46)) - omNode-2@group-523986131536->omNode-1: nextIndex: updateUnconditionally 24 -> 18
2021-10-05 12:32:27,705 [grpc-default-executor-1] INFO  server.RaftServer$Division (RaftServerImpl.java:checkInconsistentAppendEntries(1319)) - omNode-1@group-523986131536: Failed appendEntries as previous log entry ((t:4, i:23)) is not found
2021-10-05 12:32:27,705 [grpc-default-executor-1] INFO  server.RaftServer$Division (RaftServerImpl.java:checkInconsistentAppendEntries(1285)) - omNode-1@group-523986131536: inconsistency entries. Reply:omNode-2<-omNode-1#7685:FAIL-t4,INCONSISTENCY,nextIndex=18,followerCommit=17
2021-10-05 12:32:27,706 [grpc-default-executor-1] INFO  leader.FollowerInfo (FollowerInfoImpl.java:lambda$new$0(46)) - omNode-2@group-523986131536->omNode-1: nextIndex: updateUnconditionally 24 -> 18
2021-10-05 12:32:28,208 [grpc-default-executor-0] INFO  server.RaftServer$Division (RaftServerImpl.java:checkInconsistentAppendEntries(1319)) - omNode-1@group-523986131536: Failed appendEntries as previous log entry ((t:4, i:23)) is not found
2021-10-05 12:32:28,208 [grpc-default-executor-0] INFO  server.RaftServer$Division (RaftServerImpl.java:checkInconsistentAppendEntries(1285)) - omNode-1@group-523986131536: inconsistency entries. Reply:omNode-2<-omNode-1#7736:FAIL-t4,INCONSISTENCY,nextIndex=18,followerCommit=17
2021-10-05 12:32:28,251 [grpc-default-executor-1] INFO  leader.FollowerInfo (FollowerInfoImpl.java:lambda$new$0(46)) - omNode-2@group-523986131536->omNode-1: nextIndex: updateUnconditionally 24 -> 18
2021-10-05 12:32:28,753 [grpc-default-executor-0] INFO  server.RaftServer$Division (RaftServerImpl.java:checkInconsistentAppendEntries(1319)) - omNode-1@group-523986131536: Failed appendEntries as previous log entry ((t:4, i:23)) is not found
2021-10-05 12:32:28,753 [grpc-default-executor-0] INFO  server.RaftServer$Division (RaftServerImpl.java:checkInconsistentAppendEntries(1285)) - omNode-1@group-523986131536: inconsistency entries. Reply:omNode-2<-omNode-1#7788:FAIL-t4,INCONSISTENCY,nextIndex=18,followerCommit=17
2021-10-05 12:32:28,754 [grpc-default-executor-0] INFO  leader.FollowerInfo (FollowerInfoImpl.java:lambda$new$0(46)) - omNode-2@group-523986131536->omNode-1: nextIndex: updateUnconditionally 24 -> 18
2021-10-05 12:32:29,256 [grpc-default-executor-0] INFO  server.RaftServer$Division (RaftServerImpl.java:checkInconsistentAppendEntries(1319)) - omNode-1@group-523986131536: Failed appendEntries as previous log entry ((t:4, i:23)) is not found
2021-10-05 12:32:29,257 [grpc-default-executor-0] INFO  server.RaftServer$Division (RaftServerImpl.java:checkInconsistentAppendEntries(1285)) - omNode-1@group-523986131536: inconsistency entries. Reply:omNode-2<-omNode-1#7839:FAIL-t4,INCONSISTENCY,nextIndex=18,followerCommit=17
2021-10-05 12:32:29,258 [grpc-default-executor-0] INFO  leader.FollowerInfo (FollowerInfoImpl.java:lambda$new$0(46)) - omNode-2@group-523986131536->omNode-1: nextIndex: updateUnconditionally 24 -> 18
2021-10-05 12:32:29,760 [grpc-default-executor-1] INFO  server.RaftServer$Division (RaftServerImpl.java:checkInconsistentAppendEntries(1319)) - omNode-1@group-523986131536: Failed appendEntries as previous log entry ((t:4, i:23)) is not found
2021-10-05 12:32:29,760 [grpc-default-executor-1] INFO  server.RaftServer$Division (RaftServerImpl.java:checkInconsistentAppendEntries(1285)) - omNode-1@group-523986131536: inconsistency entries. Reply:omNode-2<-omNode-1#7890:FAIL-t4,INCONSISTENCY,nextIndex=18,followerCommit=17
2021-10-05 12:32:29,761 [grpc-default-executor-1] INFO  leader.FollowerInfo (FollowerInfoImpl.java:lambda$new$0(46)) - omNode-2@group-523986131536->omNode-1: nextIndex: updateUnconditionally 24 -> 18
2021-10-05 12:32:30,262 [grpc-default-executor-1] INFO  server.RaftServer$Division (RaftServerImpl.java:checkInconsistentAppendEntries(1319)) - omNode-1@group-523986131536: Failed appendEntries as previous log entry ((t:4, i:23)) is not found
2021-10-05 12:32:30,262 [grpc-default-executor-1] INFO  server.RaftServer$Division (RaftServerImpl.java:checkInconsistentAppendEntries(1285)) - omNode-1@group-523986131536: inconsistency entries. Reply:omNode-2<-omNode-1#7941:FAIL-t4,INCONSISTENCY,nextIndex=18,followerCommit=17
2021-10-05 12:32:30,263 [grpc-default-executor-0] INFO  leader.FollowerInfo (FollowerInfoImpl.java:lambda$new$0(46)) - omNode-2@group-523986131536->omNode-1: nextIndex: updateUnconditionally 24 -> 18
2021-10-05 12:32:30,764 [grpc-default-executor-0] INFO  server.RaftServer$Division (RaftServerImpl.java:checkInconsistentAppendEntries(1319)) - omNode-1@group-523986131536: Failed appendEntries as previous log entry ((t:4, i:23)) is not found
2021-10-05 12:32:30,764 [grpc-default-executor-0] INFO  server.RaftServer$Division (RaftServerImpl.java:checkInconsistentAppendEntries(1285)) - omNode-1@group-523986131536: inconsistency entries. Reply:omNode-2<-omNode-1#7992:FAIL-t4,INCONSISTENCY,nextIndex=18,followerCommit=17
2021-10-05 12:32:30,765 [grpc-default-executor-1] INFO  leader.FollowerInfo (FollowerInfoImpl.java:lambda$new$0(46)) - omNode-2@group-523986131536->omNode-1: nextIndex: updateUnconditionally 24 -> 18
2021-10-05 12:32:31,268 [grpc-default-executor-0] INFO  server.RaftServer$Division (RaftServerImpl.java:checkInconsistentAppendEntries(1319)) - omNode-1@group-523986131536: Failed appendEntries as previous log entry ((t:4, i:23)) is not found
2021-10-05 12:32:31,268 [grpc-default-executor-0] INFO  server.RaftServer$Division (RaftServerImpl.java:checkInconsistentAppendEntries(1285)) - omNode-1@group-523986131536: inconsistency entries. Reply:omNode-2<-omNode-1#8043:FAIL-t4,INCONSISTENCY,nextIndex=18,followerCommit=17
2021-10-05 12:32:31,268 [grpc-default-executor-0] INFO  leader.FollowerInfo (FollowerInfoImpl.java:lambda$new$0(46)) - omNode-2@group-523986131536->omNode-1: nextIndex: updateUnconditionally 24 -> 18
2021-10-05 12:32:31,771 [grpc-default-executor-1] INFO  server.RaftServer$Division (RaftServerImpl.java:checkInconsistentAppendEntries(1319)) - omNode-1@group-523986131536: Failed appendEntries as previous log entry ((t:4, i:23)) is not found
2021-10-05 12:32:31,771 [grpc-default-executor-1] INFO  server.RaftServer$Division (RaftServerImpl.java:checkInconsistentAppendEntries(1285)) - omNode-1@group-523986131536: inconsistency entries. Reply:omNode-2<-omNode-1#8094:FAIL-t4,INCONSISTENCY,nextIndex=18,followerCommit=17
2021-10-05 12:32:31,772 [grpc-default-executor-0] INFO  leader.FollowerInfo (FollowerInfoImpl.java:lambda$new$0(46)) - omNode-2@group-523986131536->omNode-1: nextIndex: updateUnconditionally 24 -> 18
2021-10-05 12:32:32,274 [grpc-default-executor-1] INFO  server.RaftServer$Division (RaftServerImpl.java:checkInconsistentAppendEntries(1319)) - omNode-1@group-523986131536: Failed appendEntries as previous log entry ((t:4, i:23)) is not found
2021-10-05 12:32:32,275 [grpc-default-executor-1] INFO  server.RaftServer$Division (RaftServerImpl.java:checkInconsistentAppendEntries(1285)) - omNode-1@group-523986131536: inconsistency entries. Reply:omNode-2<-omNode-1#8145:FAIL-t4,INCONSISTENCY,nextIndex=18,followerCommit=17
2021-10-05 12:32:32,276 [grpc-default-executor-1] INFO  leader.FollowerInfo (FollowerInfoImpl.java:lambda$new$0(46)) - omNode-2@group-523986131536->omNode-1: nextIndex: updateUnconditionally 24 -> 18
2021-10-05 12:32:32,777 [grpc-default-executor-1] INFO  server.RaftServer$Division (RaftServerImpl.java:checkInconsistentAppendEntries(1319)) - omNode-1@group-523986131536: Failed appendEntries as previous log entry ((t:4, i:23)) is not found
2021-10-05 12:32:32,777 [grpc-default-executor-1] INFO  server.RaftServer$Division (RaftServerImpl.java:checkInconsistentAppendEntries(1285)) - omNode-1@group-523986131536: inconsistency entries. Reply:omNode-2<-omNode-1#8196:FAIL-t4,INCONSISTENCY,nextIndex=18,followerCommit=17
2021-10-05 12:32:32,778 [grpc-default-executor-1] INFO  leader.FollowerInfo (FollowerInfoImpl.java:lambda$new$0(46)) - omNode-2@group-523986131536->omNode-1: nextIndex: updateUnconditionally 24 -> 18
2021-10-05 12:32:33,279 [grpc-default-executor-0] INFO  server.RaftServer$Division (RaftServerImpl.java:checkInconsistentAppendEntries(1319)) - omNode-1@group-523986131536: Failed appendEntries as previous log entry ((t:4, i:23)) is not found
2021-10-05 12:32:33,279 [grpc-default-executor-0] INFO  server.RaftServer$Division (RaftServerImpl.java:checkInconsistentAppendEntries(1285)) - omNode-1@group-523986131536: inconsistency entries. Reply:omNode-2<-omNode-1#8247:FAIL-t4,INCONSISTENCY,nextIndex=18,followerCommit=17
2021-10-05 12:32:33,280 [grpc-default-executor-1] INFO  leader.FollowerInfo (FollowerInfoImpl.java:lambda$new$0(46)) - omNode-2@group-523986131536->omNode-1: nextIndex: updateUnconditionally 24 -> 18
2021-10-05 12:32:33,782 [grpc-default-executor-0] INFO  server.RaftServer$Division (RaftServerImpl.java:checkInconsistentAppendEntries(1319)) - omNode-1@group-523986131536: Failed appendEntries as previous log entry ((t:4, i:23)) is not found
2021-10-05 12:32:33,782 [grpc-default-executor-0] INFO  server.RaftServer$Division (RaftServerImpl.java:checkInconsistentAppendEntries(1285)) - omNode-1@group-523986131536: inconsistency entries. Reply:omNode-2<-omNode-1#8298:FAIL-t4,INCONSISTENCY,nextIndex=18,followerCommit=17
2021-10-05 12:32:33,783 [grpc-default-executor-1] INFO  leader.FollowerInfo (FollowerInfoImpl.java:lambda$new$0(46)) - omNode-2@group-523986131536->omNode-1: nextIndex: updateUnconditionally 24 -> 18
2021-10-05 12:32:34,285 [grpc-default-executor-1] INFO  server.RaftServer$Division (RaftServerImpl.java:checkInconsistentAppendEntries(1319)) - omNode-1@group-523986131536: Failed appendEntries as previous log entry ((t:4, i:23)) is not found
2021-10-05 12:32:34,285 [grpc-default-executor-1] INFO  server.RaftServer$Division (RaftServerImpl.java:checkInconsistentAppendEntries(1285)) - omNode-1@group-523986131536: inconsistency entries. Reply:omNode-2<-omNode-1#8349:FAIL-t4,INCONSISTENCY,nextIndex=18,followerCommit=17
2021-10-05 12:32:34,285 [grpc-default-executor-1] INFO  leader.FollowerInfo (FollowerInfoImpl.java:lambda$new$0(46)) - omNode-2@group-523986131536->omNode-1: nextIndex: updateUnconditionally 24 -> 18
2021-10-05 12:32:34,787 [grpc-default-executor-1] INFO  server.RaftServer$Division (RaftServerImpl.java:checkInconsistentAppendEntries(1319)) - omNode-1@group-523986131536: Failed appendEntries as previous log entry ((t:4, i:23)) is not found
2021-10-05 12:32:34,788 [grpc-default-executor-1] INFO  server.RaftServer$Division (RaftServerImpl.java:checkInconsistentAppendEntries(1285)) - omNode-1@group-523986131536: inconsistency entries. Reply:omNode-2<-omNode-1#8400:FAIL-t4,INCONSISTENCY,nextIndex=18,followerCommit=17
2021-10-05 12:32:34,788 [grpc-default-executor-1] INFO  leader.FollowerInfo (FollowerInfoImpl.java:lambda$new$0(46)) - omNode-2@group-523986131536->omNode-1: nextIndex: updateUnconditionally 24 -> 18
2021-10-05 12:32:35,290 [grpc-default-executor-1] INFO  server.RaftServer$Division (RaftServerImpl.java:checkInconsistentAppendEntries(1319)) - omNode-1@group-523986131536: Failed appendEntries as previous log entry ((t:4, i:23)) is not found
2021-10-05 12:32:35,291 [grpc-default-executor-1] INFO  server.RaftServer$Division (RaftServerImpl.java:checkInconsistentAppendEntries(1285)) - omNode-1@group-523986131536: inconsistency entries. Reply:omNode-2<-omNode-1#8451:FAIL-t4,INCONSISTENCY,nextIndex=18,followerCommit=17
2021-10-05 12:32:35,291 [grpc-default-executor-1] INFO  leader.FollowerInfo (FollowerInfoImpl.java:lambda$new$0(46)) - omNode-2@group-523986131536->omNode-1: nextIndex: updateUnconditionally 24 -> 18
2021-10-05 12:32:35,793 [grpc-default-executor-1] INFO  server.RaftServer$Division (RaftServerImpl.java:checkInconsistentAppendEntries(1319)) - omNode-1@group-523986131536: Failed appendEntries as previous log entry ((t:4, i:23)) is not found
2021-10-05 12:32:35,793 [grpc-default-executor-1] INFO  server.RaftServer$Division (RaftServerImpl.java:checkInconsistentAppendEntries(1285)) - omNode-1@group-523986131536: inconsistency entries. Reply:omNode-2<-omNode-1#8502:FAIL-t4,INCONSISTENCY,nextIndex=18,followerCommit=17
2021-10-05 12:32:35,794 [grpc-default-executor-1] INFO  leader.FollowerInfo (FollowerInfoImpl.java:lambda$new$0(46)) - omNode-2@group-523986131536->omNode-1: nextIndex: updateUnconditionally 24 -> 18
2021-10-05 12:32:36,296 [grpc-default-executor-1] INFO  server.RaftServer$Division (RaftServerImpl.java:checkInconsistentAppendEntries(1319)) - omNode-1@group-523986131536: Failed appendEntries as previous log entry ((t:4, i:23)) is not found
2021-10-05 12:32:36,296 [grpc-default-executor-1] INFO  server.RaftServer$Division (RaftServerImpl.java:checkInconsistentAppendEntries(1285)) - omNode-1@group-523986131536: inconsistency entries. Reply:omNode-2<-omNode-1#8553:FAIL-t4,INCONSISTENCY,nextIndex=18,followerCommit=17
2021-10-05 12:32:36,297 [grpc-default-executor-1] INFO  leader.FollowerInfo (FollowerInfoImpl.java:lambda$new$0(46)) - omNode-2@group-523986131536->omNode-1: nextIndex: updateUnconditionally 24 -> 18
2021-10-05 12:32:36,799 [grpc-default-executor-1] INFO  server.RaftServer$Division (RaftServerImpl.java:checkInconsistentAppendEntries(1319)) - omNode-1@group-523986131536: Failed appendEntries as previous log entry ((t:4, i:23)) is not found
2021-10-05 12:32:36,799 [grpc-default-executor-1] INFO  server.RaftServer$Division (RaftServerImpl.java:checkInconsistentAppendEntries(1285)) - omNode-1@group-523986131536: inconsistency entries. Reply:omNode-2<-omNode-1#8604:FAIL-t4,INCONSISTENCY,nextIndex=18,followerCommit=17
2021-10-05 12:32:36,801 [grpc-default-executor-1] INFO  leader.FollowerInfo (FollowerInfoImpl.java:lambda$new$0(46)) - omNode-2@group-523986131536->omNode-1: nextIndex: updateUnconditionally 24 -> 18
2021-10-05 12:32:37,303 [grpc-default-executor-1] INFO  server.RaftServer$Division (RaftServerImpl.java:checkInconsistentAppendEntries(1319)) - omNode-1@group-523986131536: Failed appendEntries as previous log entry ((t:4, i:23)) is not found
2021-10-05 12:32:37,304 [grpc-default-executor-1] INFO  server.RaftServer$Division (RaftServerImpl.java:checkInconsistentAppendEntries(1285)) - omNode-1@group-523986131536: inconsistency entries. Reply:omNode-2<-omNode-1#8655:FAIL-t4,INCONSISTENCY,nextIndex=18,followerCommit=17
2021-10-05 12:32:37,304 [grpc-default-executor-1] INFO  leader.FollowerInfo (FollowerInfoImpl.java:lambda$new$0(46)) - omNode-2@group-523986131536->omNode-1: nextIndex: updateUnconditionally 24 -> 18
2021-10-05 12:32:37,806 [grpc-default-executor-1] INFO  server.RaftServer$Division (RaftServerImpl.java:checkInconsistentAppendEntries(1319)) - omNode-1@group-523986131536: Failed appendEntries as previous log entry ((t:4, i:23)) is not found
2021-10-05 12:32:37,806 [grpc-default-executor-1] INFO  server.RaftServer$Division (RaftServerImpl.java:checkInconsistentAppendEntries(1285)) - omNode-1@group-523986131536: inconsistency entries. Reply:omNode-2<-omNode-1#8706:FAIL-t4,INCONSISTENCY,nextIndex=18,followerCommit=17
2021-10-05 12:32:37,807 [grpc-default-executor-1] INFO  leader.FollowerInfo (FollowerInfoImpl.java:lambda$new$0(46)) - omNode-2@group-523986131536->omNode-1: nextIndex: updateUnconditionally 24 -> 18
2021-10-05 12:32:38,308 [grpc-default-executor-1] INFO  server.RaftServer$Division (RaftServerImpl.java:checkInconsistentAppendEntries(1319)) - omNode-1@group-523986131536: Failed appendEntries as previous log entry ((t:4, i:23)) is not found
2021-10-05 12:32:38,308 [grpc-default-executor-1] INFO  server.RaftServer$Division (RaftServerImpl.java:checkInconsistentAppendEntries(1285)) - omNode-1@group-523986131536: inconsistency entries. Reply:omNode-2<-omNode-1#8757:FAIL-t4,INCONSISTENCY,nextIndex=18,followerCommit=17
2021-10-05 12:32:38,309 [grpc-default-executor-1] INFO  leader.FollowerInfo (FollowerInfoImpl.java:lambda$new$0(46)) - omNode-2@group-523986131536->omNode-1: nextIndex: updateUnconditionally 24 -> 18
2021-10-05 12:32:38,810 [grpc-default-executor-1] INFO  server.RaftServer$Division (RaftServerImpl.java:checkInconsistentAppendEntries(1319)) - omNode-1@group-523986131536: Failed appendEntries as previous log entry ((t:4, i:23)) is not found
2021-10-05 12:32:38,810 [grpc-default-executor-1] INFO  server.RaftServer$Division (RaftServerImpl.java:checkInconsistentAppendEntries(1285)) - omNode-1@group-523986131536: inconsistency entries. Reply:omNode-2<-omNode-1#8808:FAIL-t4,INCONSISTENCY,nextIndex=18,followerCommit=17
2021-10-05 12:32:38,810 [grpc-default-executor-1] INFO  leader.FollowerInfo (FollowerInfoImpl.java:lambda$new$0(46)) - omNode-2@group-523986131536->omNode-1: nextIndex: updateUnconditionally 24 -> 18
2021-10-05 12:32:39,312 [grpc-default-executor-1] INFO  server.RaftServer$Division (RaftServerImpl.java:checkInconsistentAppendEntries(1319)) - omNode-1@group-523986131536: Failed appendEntries as previous log entry ((t:4, i:23)) is not found
2021-10-05 12:32:39,312 [grpc-default-executor-1] INFO  server.RaftServer$Division (RaftServerImpl.java:checkInconsistentAppendEntries(1285)) - omNode-1@group-523986131536: inconsistency entries. Reply:omNode-2<-omNode-1#8859:FAIL-t4,INCONSISTENCY,nextIndex=18,followerCommit=17
2021-10-05 12:32:39,313 [grpc-default-executor-1] INFO  leader.FollowerInfo (FollowerInfoImpl.java:lambda$new$0(46)) - omNode-2@group-523986131536->omNode-1: nextIndex: updateUnconditionally 24 -> 18
2021-10-05 12:32:39,815 [grpc-default-executor-1] INFO  server.RaftServer$Division (RaftServerImpl.java:checkInconsistentAppendEntries(1319)) - omNode-1@group-523986131536: Failed appendEntries as previous log entry ((t:4, i:23)) is not found
2021-10-05 12:32:39,815 [grpc-default-executor-1] INFO  server.RaftServer$Division (RaftServerImpl.java:checkInconsistentAppendEntries(1285)) - omNode-1@group-523986131536: inconsistency entries. Reply:omNode-2<-omNode-1#8910:FAIL-t4,INCONSISTENCY,nextIndex=18,followerCommit=17
2021-10-05 12:32:39,815 [grpc-default-executor-1] INFO  leader.FollowerInfo (FollowerInfoImpl.java:lambda$new$0(46)) - omNode-2@group-523986131536->omNode-1: nextIndex: updateUnconditionally 24 -> 18
2021-10-05 12:32:40,317 [grpc-default-executor-1] INFO  server.RaftServer$Division (RaftServerImpl.java:checkInconsistentAppendEntries(1319)) - omNode-1@group-523986131536: Failed appendEntries as previous log entry ((t:4, i:23)) is not found
2021-10-05 12:32:40,317 [grpc-default-executor-1] INFO  server.RaftServer$Division (RaftServerImpl.java:checkInconsistentAppendEntries(1285)) - omNode-1@group-523986131536: inconsistency entries. Reply:omNode-2<-omNode-1#8961:FAIL-t4,INCONSISTENCY,nextIndex=18,followerCommit=17
2021-10-05 12:32:40,318 [grpc-default-executor-1] INFO  leader.FollowerInfo (FollowerInfoImpl.java:lambda$new$0(46)) - omNode-2@group-523986131536->omNode-1: nextIndex: updateUnconditionally 24 -> 18
2021-10-05 12:32:40,819 [grpc-default-executor-1] INFO  server.RaftServer$Division (RaftServerImpl.java:checkInconsistentAppendEntries(1319)) - omNode-1@group-523986131536: Failed appendEntries as previous log entry ((t:4, i:23)) is not found
2021-10-05 12:32:40,819 [grpc-default-executor-1] INFO  server.RaftServer$Division (RaftServerImpl.java:checkInconsistentAppendEntries(1285)) - omNode-1@group-523986131536: inconsistency entries. Reply:omNode-2<-omNode-1#9012:FAIL-t4,INCONSISTENCY,nextIndex=18,followerCommit=17
2021-10-05 12:32:40,820 [grpc-default-executor-1] INFO  leader.FollowerInfo (FollowerInfoImpl.java:lambda$new$0(46)) - omNode-2@group-523986131536->omNode-1: nextIndex: updateUnconditionally 24 -> 18
2021-10-05 12:32:41,321 [grpc-default-executor-1] INFO  server.RaftServer$Division (RaftServerImpl.java:checkInconsistentAppendEntries(1319)) - omNode-1@group-523986131536: Failed appendEntries as previous log entry ((t:4, i:23)) is not found
2021-10-05 12:32:41,322 [grpc-default-executor-1] INFO  server.RaftServer$Division (RaftServerImpl.java:checkInconsistentAppendEntries(1285)) - omNode-1@group-523986131536: inconsistency entries. Reply:omNode-2<-omNode-1#9063:FAIL-t4,INCONSISTENCY,nextIndex=18,followerCommit=17
2021-10-05 12:32:41,322 [grpc-default-executor-1] INFO  leader.FollowerInfo (FollowerInfoImpl.java:lambda$new$0(46)) - omNode-2@group-523986131536->omNode-1: nextIndex: updateUnconditionally 24 -> 18
2021-10-05 12:32:41,823 [grpc-default-executor-1] INFO  server.RaftServer$Division (RaftServerImpl.java:checkInconsistentAppendEntries(1319)) - omNode-1@group-523986131536: Failed appendEntries as previous log entry ((t:4, i:23)) is not found
2021-10-05 12:32:41,824 [grpc-default-executor-1] INFO  server.RaftServer$Division (RaftServerImpl.java:checkInconsistentAppendEntries(1285)) - omNode-1@group-523986131536: inconsistency entries. Reply:omNode-2<-omNode-1#9114:FAIL-t4,INCONSISTENCY,nextIndex=18,followerCommit=17
2021-10-05 12:32:41,824 [grpc-default-executor-1] INFO  leader.FollowerInfo (FollowerInfoImpl.java:lambda$new$0(46)) - omNode-2@group-523986131536->omNode-1: nextIndex: updateUnconditionally 24 -> 18
2021-10-05 12:32:42,326 [grpc-default-executor-1] INFO  server.RaftServer$Division (RaftServerImpl.java:checkInconsistentAppendEntries(1319)) - omNode-1@group-523986131536: Failed appendEntries as previous log entry ((t:4, i:23)) is not found
2021-10-05 12:32:42,327 [grpc-default-executor-1] INFO  server.RaftServer$Division (RaftServerImpl.java:checkInconsistentAppendEntries(1285)) - omNode-1@group-523986131536: inconsistency entries. Reply:omNode-2<-omNode-1#9165:FAIL-t4,INCONSISTENCY,nextIndex=18,followerCommit=17
2021-10-05 12:32:42,327 [grpc-default-executor-1] INFO  leader.FollowerInfo (FollowerInfoImpl.java:lambda$new$0(46)) - omNode-2@group-523986131536->omNode-1: nextIndex: updateUnconditionally 24 -> 18
2021-10-05 12:32:42,829 [grpc-default-executor-1] INFO  server.RaftServer$Division (RaftServerImpl.java:checkInconsistentAppendEntries(1319)) - omNode-1@group-523986131536: Failed appendEntries as previous log entry ((t:4, i:23)) is not found
2021-10-05 12:32:42,829 [grpc-default-executor-1] INFO  server.RaftServer$Division (RaftServerImpl.java:checkInconsistentAppendEntries(1285)) - omNode-1@group-523986131536: inconsistency entries. Reply:omNode-2<-omNode-1#9216:FAIL-t4,INCONSISTENCY,nextIndex=18,followerCommit=17
2021-10-05 12:32:42,829 [grpc-default-executor-1] INFO  leader.FollowerInfo (FollowerInfoImpl.java:lambda$new$0(46)) - omNode-2@group-523986131536->omNode-1: nextIndex: updateUnconditionally 24 -> 18
2021-10-05 12:32:43,331 [grpc-default-executor-1] INFO  server.RaftServer$Division (RaftServerImpl.java:checkInconsistentAppendEntries(1319)) - omNode-1@group-523986131536: Failed appendEntries as previous log entry ((t:4, i:23)) is not found
2021-10-05 12:32:43,331 [grpc-default-executor-1] INFO  server.RaftServer$Division (RaftServerImpl.java:checkInconsistentAppendEntries(1285)) - omNode-1@group-523986131536: inconsistency entries. Reply:omNode-2<-omNode-1#9267:FAIL-t4,INCONSISTENCY,nextIndex=18,followerCommit=17
2021-10-05 12:32:43,332 [grpc-default-executor-1] INFO  leader.FollowerInfo (FollowerInfoImpl.java:lambda$new$0(46)) - omNode-2@group-523986131536->omNode-1: nextIndex: updateUnconditionally 24 -> 18
2021-10-05 12:32:43,834 [grpc-default-executor-1] INFO  server.RaftServer$Division (RaftServerImpl.java:checkInconsistentAppendEntries(1319)) - omNode-1@group-523986131536: Failed appendEntries as previous log entry ((t:4, i:23)) is not found
2021-10-05 12:32:43,834 [grpc-default-executor-1] INFO  server.RaftServer$Division (RaftServerImpl.java:checkInconsistentAppendEntries(1285)) - omNode-1@group-523986131536: inconsistency entries. Reply:omNode-2<-omNode-1#9317:FAIL-t4,INCONSISTENCY,nextIndex=18,followerCommit=17
2021-10-05 12:32:43,835 [grpc-default-executor-1] INFO  leader.FollowerInfo (FollowerInfoImpl.java:lambda$new$0(46)) - omNode-2@group-523986131536->omNode-1: nextIndex: updateUnconditionally 24 -> 18
2021-10-05 12:32:44,336 [grpc-default-executor-1] INFO  server.RaftServer$Division (RaftServerImpl.java:checkInconsistentAppendEntries(1319)) - omNode-1@group-523986131536: Failed appendEntries as previous log entry ((t:4, i:23)) is not found
2021-10-05 12:32:44,337 [grpc-default-executor-1] INFO  server.RaftServer$Division (RaftServerImpl.java:checkInconsistentAppendEntries(1285)) - omNode-1@group-523986131536: inconsistency entries. Reply:omNode-2<-omNode-1#9368:FAIL-t4,INCONSISTENCY,nextIndex=18,followerCommit=17
2021-10-05 12:32:44,339 [grpc-default-executor-1] INFO  leader.FollowerInfo (FollowerInfoImpl.java:lambda$new$0(46)) - omNode-2@group-523986131536->omNode-1: nextIndex: updateUnconditionally 24 -> 18
2021-10-05 12:32:44,840 [grpc-default-executor-1] INFO  server.RaftServer$Division (RaftServerImpl.java:checkInconsistentAppendEntries(1319)) - omNode-1@group-523986131536: Failed appendEntries as previous log entry ((t:4, i:23)) is not found
2021-10-05 12:32:44,841 [grpc-default-executor-1] INFO  server.RaftServer$Division (RaftServerImpl.java:checkInconsistentAppendEntries(1285)) - omNode-1@group-523986131536: inconsistency entries. Reply:omNode-2<-omNode-1#9419:FAIL-t4,INCONSISTENCY,nextIndex=18,followerCommit=17
2021-10-05 12:32:44,841 [grpc-default-executor-1] INFO  leader.FollowerInfo (FollowerInfoImpl.java:lambda$new$0(46)) - omNode-2@group-523986131536->omNode-1: nextIndex: updateUnconditionally 24 -> 18
2021-10-05 12:32:45,342 [grpc-default-executor-1] INFO  server.RaftServer$Division (RaftServerImpl.java:checkInconsistentAppendEntries(1319)) - omNode-1@group-523986131536: Failed appendEntries as previous log entry ((t:4, i:23)) is not found
2021-10-05 12:32:45,342 [grpc-default-executor-1] INFO  server.RaftServer$Division (RaftServerImpl.java:checkInconsistentAppendEntries(1285)) - omNode-1@group-523986131536: inconsistency entries. Reply:omNode-2<-omNode-1#9470:FAIL-t4,INCONSISTENCY,nextIndex=18,followerCommit=17
2021-10-05 12:32:45,343 [grpc-default-executor-1] INFO  leader.FollowerInfo (FollowerInfoImpl.java:lambda$new$0(46)) - omNode-2@group-523986131536->omNode-1: nextIndex: updateUnconditionally 24 -> 18
2021-10-05 12:32:45,845 [grpc-default-executor-1] INFO  server.RaftServer$Division (RaftServerImpl.java:checkInconsistentAppendEntries(1319)) - omNode-1@group-523986131536: Failed appendEntries as previous log entry ((t:4, i:23)) is not found
2021-10-05 12:32:45,845 [grpc-default-executor-1] INFO  server.RaftServer$Division (RaftServerImpl.java:checkInconsistentAppendEntries(1285)) - omNode-1@group-523986131536: inconsistency entries. Reply:omNode-2<-omNode-1#9521:FAIL-t4,INCONSISTENCY,nextIndex=18,followerCommit=17
2021-10-05 12:32:45,845 [grpc-default-executor-1] INFO  leader.FollowerInfo (FollowerInfoImpl.java:lambda$new$0(46)) - omNode-2@group-523986131536->omNode-1: nextIndex: updateUnconditionally 24 -> 18
2021-10-05 12:32:46,347 [grpc-default-executor-1] INFO  server.RaftServer$Division (RaftServerImpl.java:checkInconsistentAppendEntries(1319)) - omNode-1@group-523986131536: Failed appendEntries as previous log entry ((t:4, i:23)) is not found
2021-10-05 12:32:46,347 [grpc-default-executor-1] INFO  server.RaftServer$Division (RaftServerImpl.java:checkInconsistentAppendEntries(1285)) - omNode-1@group-523986131536: inconsistency entries. Reply:omNode-2<-omNode-1#9572:FAIL-t4,INCONSISTENCY,nextIndex=18,followerCommit=17
2021-10-05 12:32:46,348 [grpc-default-executor-1] INFO  leader.FollowerInfo (FollowerInfoImpl.java:lambda$new$0(46)) - omNode-2@group-523986131536->omNode-1: nextIndex: updateUnconditionally 24 -> 18
2021-10-05 12:32:46,849 [grpc-default-executor-1] INFO  server.RaftServer$Division (RaftServerImpl.java:checkInconsistentAppendEntries(1319)) - omNode-1@group-523986131536: Failed appendEntries as previous log entry ((t:4, i:23)) is not found
2021-10-05 12:32:46,849 [grpc-default-executor-1] INFO  server.RaftServer$Division (RaftServerImpl.java:checkInconsistentAppendEntries(1285)) - omNode-1@group-523986131536: inconsistency entries. Reply:omNode-2<-omNode-1#9623:FAIL-t4,INCONSISTENCY,nextIndex=18,followerCommit=17
2021-10-05 12:32:46,850 [grpc-default-executor-1] INFO  leader.FollowerInfo (FollowerInfoImpl.java:lambda$new$0(46)) - omNode-2@group-523986131536->omNode-1: nextIndex: updateUnconditionally 24 -> 18
2021-10-05 12:32:47,352 [grpc-default-executor-1] INFO  server.RaftServer$Division (RaftServerImpl.java:checkInconsistentAppendEntries(1319)) - omNode-1@group-523986131536: Failed appendEntries as previous log entry ((t:4, i:23)) is not found
2021-10-05 12:32:47,352 [grpc-default-executor-1] INFO  server.RaftServer$Division (RaftServerImpl.java:checkInconsistentAppendEntries(1285)) - omNode-1@group-523986131536: inconsistency entries. Reply:omNode-2<-omNode-1#9674:FAIL-t4,INCONSISTENCY,nextIndex=18,followerCommit=17
2021-10-05 12:32:47,353 [grpc-default-executor-1] INFO  leader.FollowerInfo (FollowerInfoImpl.java:lambda$new$0(46)) - omNode-2@group-523986131536->omNode-1: nextIndex: updateUnconditionally 24 -> 18
2021-10-05 12:32:47,854 [grpc-default-executor-1] INFO  server.RaftServer$Division (RaftServerImpl.java:checkInconsistentAppendEntries(1319)) - omNode-1@group-523986131536: Failed appendEntries as previous log entry ((t:4, i:23)) is not found
2021-10-05 12:32:47,854 [grpc-default-executor-1] INFO  server.RaftServer$Division (RaftServerImpl.java:checkInconsistentAppendEntries(1285)) - omNode-1@group-523986131536: inconsistency entries. Reply:omNode-2<-omNode-1#9725:FAIL-t4,INCONSISTENCY,nextIndex=18,followerCommit=17
2021-10-05 12:32:47,855 [grpc-default-executor-1] INFO  leader.FollowerInfo (FollowerInfoImpl.java:lambda$new$0(46)) - omNode-2@group-523986131536->omNode-1: nextIndex: updateUnconditionally 24 -> 18
2021-10-05 12:32:48,357 [grpc-default-executor-1] INFO  server.RaftServer$Division (RaftServerImpl.java:checkInconsistentAppendEntries(1319)) - omNode-1@group-523986131536: Failed appendEntries as previous log entry ((t:4, i:23)) is not found
2021-10-05 12:32:48,357 [grpc-default-executor-1] INFO  server.RaftServer$Division (RaftServerImpl.java:checkInconsistentAppendEntries(1285)) - omNode-1@group-523986131536: inconsistency entries. Reply:omNode-2<-omNode-1#9776:FAIL-t4,INCONSISTENCY,nextIndex=18,followerCommit=17
2021-10-05 12:32:48,357 [grpc-default-executor-1] INFO  leader.FollowerInfo (FollowerInfoImpl.java:lambda$new$0(46)) - omNode-2@group-523986131536->omNode-1: nextIndex: updateUnconditionally 24 -> 18
2021-10-05 12:32:48,859 [grpc-default-executor-1] INFO  server.RaftServer$Division (RaftServerImpl.java:checkInconsistentAppendEntries(1319)) - omNode-1@group-523986131536: Failed appendEntries as previous log entry ((t:4, i:23)) is not found
2021-10-05 12:32:48,859 [grpc-default-executor-1] INFO  server.RaftServer$Division (RaftServerImpl.java:checkInconsistentAppendEntries(1285)) - omNode-1@group-523986131536: inconsistency entries. Reply:omNode-2<-omNode-1#9827:FAIL-t4,INCONSISTENCY,nextIndex=18,followerCommit=17
2021-10-05 12:32:48,860 [grpc-default-executor-1] INFO  leader.FollowerInfo (FollowerInfoImpl.java:lambda$new$0(46)) - omNode-2@group-523986131536->omNode-1: nextIndex: updateUnconditionally 24 -> 18
2021-10-05 12:32:49,361 [grpc-default-executor-1] INFO  server.RaftServer$Division (RaftServerImpl.java:checkInconsistentAppendEntries(1319)) - omNode-1@group-523986131536: Failed appendEntries as previous log entry ((t:4, i:23)) is not found
2021-10-05 12:32:49,361 [grpc-default-executor-1] INFO  server.RaftServer$Division (RaftServerImpl.java:checkInconsistentAppendEntries(1285)) - omNode-1@group-523986131536: inconsistency entries. Reply:omNode-2<-omNode-1#9878:FAIL-t4,INCONSISTENCY,nextIndex=18,followerCommit=17
2021-10-05 12:32:49,362 [grpc-default-executor-1] INFO  leader.FollowerInfo (FollowerInfoImpl.java:lambda$new$0(46)) - omNode-2@group-523986131536->omNode-1: nextIndex: updateUnconditionally 24 -> 18
2021-10-05 12:32:49,865 [grpc-default-executor-1] INFO  server.RaftServer$Division (RaftServerImpl.java:checkInconsistentAppendEntries(1319)) - omNode-1@group-523986131536: Failed appendEntries as previous log entry ((t:4, i:23)) is not found
2021-10-05 12:32:49,865 [grpc-default-executor-1] INFO  server.RaftServer$Division (RaftServerImpl.java:checkInconsistentAppendEntries(1285)) - omNode-1@group-523986131536: inconsistency entries. Reply:omNode-2<-omNode-1#9929:FAIL-t4,INCONSISTENCY,nextIndex=18,followerCommit=17
2021-10-05 12:32:49,865 [grpc-default-executor-1] INFO  leader.FollowerInfo (FollowerInfoImpl.java:lambda$new$0(46)) - omNode-2@group-523986131536->omNode-1: nextIndex: updateUnconditionally 24 -> 18
2021-10-05 12:32:50,367 [grpc-default-executor-1] INFO  server.RaftServer$Division (RaftServerImpl.java:checkInconsistentAppendEntries(1319)) - omNode-1@group-523986131536: Failed appendEntries as previous log entry ((t:4, i:23)) is not found
2021-10-05 12:32:50,367 [grpc-default-executor-1] INFO  server.RaftServer$Division (RaftServerImpl.java:checkInconsistentAppendEntries(1285)) - omNode-1@group-523986131536: inconsistency entries. Reply:omNode-2<-omNode-1#9980:FAIL-t4,INCONSISTENCY,nextIndex=18,followerCommit=17
2021-10-05 12:32:50,367 [grpc-default-executor-1] INFO  leader.FollowerInfo (FollowerInfoImpl.java:lambda$new$0(46)) - omNode-2@group-523986131536->omNode-1: nextIndex: updateUnconditionally 24 -> 18
2021-10-05 12:32:50,868 [grpc-default-executor-1] INFO  server.RaftServer$Division (RaftServerImpl.java:checkInconsistentAppendEntries(1319)) - omNode-1@group-523986131536: Failed appendEntries as previous log entry ((t:4, i:23)) is not found
2021-10-05 12:32:50,869 [grpc-default-executor-1] INFO  server.RaftServer$Division (RaftServerImpl.java:checkInconsistentAppendEntries(1285)) - omNode-1@group-523986131536: inconsistency entries. Reply:omNode-2<-omNode-1#10031:FAIL-t4,INCONSISTENCY,nextIndex=18,followerCommit=17
2021-10-05 12:32:50,869 [grpc-default-executor-1] INFO  leader.FollowerInfo (FollowerInfoImpl.java:lambda$new$0(46)) - omNode-2@group-523986131536->omNode-1: nextIndex: updateUnconditionally 24 -> 18
2021-10-05 12:32:51,370 [grpc-default-executor-1] INFO  server.RaftServer$Division (RaftServerImpl.java:checkInconsistentAppendEntries(1319)) - omNode-1@group-523986131536: Failed appendEntries as previous log entry ((t:4, i:23)) is not found
2021-10-05 12:32:51,371 [grpc-default-executor-1] INFO  server.RaftServer$Division (RaftServerImpl.java:checkInconsistentAppendEntries(1285)) - omNode-1@group-523986131536: inconsistency entries. Reply:omNode-2<-omNode-1#10082:FAIL-t4,INCONSISTENCY,nextIndex=18,followerCommit=17
2021-10-05 12:32:51,371 [grpc-default-executor-1] INFO  leader.FollowerInfo (FollowerInfoImpl.java:lambda$new$0(46)) - omNode-2@group-523986131536->omNode-1: nextIndex: updateUnconditionally 24 -> 18
2021-10-05 12:32:51,873 [grpc-default-executor-1] INFO  server.RaftServer$Division (RaftServerImpl.java:checkInconsistentAppendEntries(1319)) - omNode-1@group-523986131536: Failed appendEntries as previous log entry ((t:4, i:23)) is not found
2021-10-05 12:32:51,873 [grpc-default-executor-1] INFO  server.RaftServer$Division (RaftServerImpl.java:checkInconsistentAppendEntries(1285)) - omNode-1@group-523986131536: inconsistency entries. Reply:omNode-2<-omNode-1#10133:FAIL-t4,INCONSISTENCY,nextIndex=18,followerCommit=17
2021-10-05 12:32:51,874 [grpc-default-executor-1] INFO  leader.FollowerInfo (FollowerInfoImpl.java:lambda$new$0(46)) - omNode-2@group-523986131536->omNode-1: nextIndex: updateUnconditionally 24 -> 18
2021-10-05 12:32:52,376 [grpc-default-executor-1] INFO  server.RaftServer$Division (RaftServerImpl.java:checkInconsistentAppendEntries(1319)) - omNode-1@group-523986131536: Failed appendEntries as previous log entry ((t:4, i:23)) is not found
2021-10-05 12:32:52,376 [grpc-default-executor-1] INFO  server.RaftServer$Division (RaftServerImpl.java:checkInconsistentAppendEntries(1285)) - omNode-1@group-523986131536: inconsistency entries. Reply:omNode-2<-omNode-1#10184:FAIL-t4,INCONSISTENCY,nextIndex=18,followerCommit=17
2021-10-05 12:32:52,376 [grpc-default-executor-1] INFO  leader.FollowerInfo (FollowerInfoImpl.java:lambda$new$0(46)) - omNode-2@group-523986131536->omNode-1: nextIndex: updateUnconditionally 24 -> 18
2021-10-05 12:32:52,878 [grpc-default-executor-1] INFO  server.RaftServer$Division (RaftServerImpl.java:checkInconsistentAppendEntries(1319)) - omNode-1@group-523986131536: Failed appendEntries as previous log entry ((t:4, i:23)) is not found
2021-10-05 12:32:52,878 [grpc-default-executor-1] INFO  server.RaftServer$Division (RaftServerImpl.java:checkInconsistentAppendEntries(1285)) - omNode-1@group-523986131536: inconsistency entries. Reply:omNode-2<-omNode-1#10235:FAIL-t4,INCONSISTENCY,nextIndex=18,followerCommit=17
2021-10-05 12:32:52,878 [grpc-default-executor-1] INFO  leader.FollowerInfo (FollowerInfoImpl.java:lambda$new$0(46)) - omNode-2@group-523986131536->omNode-1: nextIndex: updateUnconditionally 24 -> 18
2021-10-05 12:32:53,379 [grpc-default-executor-1] INFO  server.RaftServer$Division (RaftServerImpl.java:checkInconsistentAppendEntries(1319)) - omNode-1@group-523986131536: Failed appendEntries as previous log entry ((t:4, i:23)) is not found
2021-10-05 12:32:53,380 [grpc-default-executor-1] INFO  server.RaftServer$Division (RaftServerImpl.java:checkInconsistentAppendEntries(1285)) - omNode-1@group-523986131536: inconsistency entries. Reply:omNode-2<-omNode-1#10286:FAIL-t4,INCONSISTENCY,nextIndex=18,followerCommit=17
2021-10-05 12:32:53,380 [grpc-default-executor-1] INFO  leader.FollowerInfo (FollowerInfoImpl.java:lambda$new$0(46)) - omNode-2@group-523986131536->omNode-1: nextIndex: updateUnconditionally 24 -> 18
2021-10-05 12:32:53,882 [grpc-default-executor-1] INFO  server.RaftServer$Division (RaftServerImpl.java:checkInconsistentAppendEntries(1319)) - omNode-1@group-523986131536: Failed appendEntries as previous log entry ((t:4, i:23)) is not found
2021-10-05 12:32:53,882 [grpc-default-executor-1] INFO  server.RaftServer$Division (RaftServerImpl.java:checkInconsistentAppendEntries(1285)) - omNode-1@group-523986131536: inconsistency entries. Reply:omNode-2<-omNode-1#10337:FAIL-t4,INCONSISTENCY,nextIndex=18,followerCommit=17
2021-10-05 12:32:53,882 [grpc-default-executor-1] INFO  leader.FollowerInfo (FollowerInfoImpl.java:lambda$new$0(46)) - omNode-2@group-523986131536->omNode-1: nextIndex: updateUnconditionally 24 -> 18
2021-10-05 12:32:54,384 [grpc-default-executor-1] INFO  server.RaftServer$Division (RaftServerImpl.java:checkInconsistentAppendEntries(1319)) - omNode-1@group-523986131536: Failed appendEntries as previous log entry ((t:4, i:23)) is not found
2021-10-05 12:32:54,384 [grpc-default-executor-1] INFO  server.RaftServer$Division (RaftServerImpl.java:checkInconsistentAppendEntries(1285)) - omNode-1@group-523986131536: inconsistency entries. Reply:omNode-2<-omNode-1#10388:FAIL-t4,INCONSISTENCY,nextIndex=18,followerCommit=17
2021-10-05 12:32:54,384 [grpc-default-executor-1] INFO  leader.FollowerInfo (FollowerInfoImpl.java:lambda$new$0(46)) - omNode-2@group-523986131536->omNode-1: nextIndex: updateUnconditionally 24 -> 18
2021-10-05 12:32:54,886 [grpc-default-executor-1] INFO  server.RaftServer$Division (RaftServerImpl.java:checkInconsistentAppendEntries(1319)) - omNode-1@group-523986131536: Failed appendEntries as previous log entry ((t:4, i:23)) is not found
2021-10-05 12:32:54,886 [grpc-default-executor-1] INFO  server.RaftServer$Division (RaftServerImpl.java:checkInconsistentAppendEntries(1285)) - omNode-1@group-523986131536: inconsistency entries. Reply:omNode-2<-omNode-1#10439:FAIL-t4,INCONSISTENCY,nextIndex=18,followerCommit=17
2021-10-05 12:32:54,886 [grpc-default-executor-1] INFO  leader.FollowerInfo (FollowerInfoImpl.java:lambda$new$0(46)) - omNode-2@group-523986131536->omNode-1: nextIndex: updateUnconditionally 24 -> 18
2021-10-05 12:32:55,388 [grpc-default-executor-1] INFO  server.RaftServer$Division (RaftServerImpl.java:checkInconsistentAppendEntries(1319)) - omNode-1@group-523986131536: Failed appendEntries as previous log entry ((t:4, i:23)) is not found
2021-10-05 12:32:55,388 [grpc-default-executor-1] INFO  server.RaftServer$Division (RaftServerImpl.java:checkInconsistentAppendEntries(1285)) - omNode-1@group-523986131536: inconsistency entries. Reply:omNode-2<-omNode-1#10490:FAIL-t4,INCONSISTENCY,nextIndex=18,followerCommit=17
2021-10-05 12:32:55,389 [grpc-default-executor-1] INFO  leader.FollowerInfo (FollowerInfoImpl.java:lambda$new$0(46)) - omNode-2@group-523986131536->omNode-1: nextIndex: updateUnconditionally 24 -> 18
2021-10-05 12:32:55,890 [grpc-default-executor-1] INFO  server.RaftServer$Division (RaftServerImpl.java:checkInconsistentAppendEntries(1319)) - omNode-1@group-523986131536: Failed appendEntries as previous log entry ((t:4, i:23)) is not found
2021-10-05 12:32:55,891 [grpc-default-executor-1] INFO  server.RaftServer$Division (RaftServerImpl.java:checkInconsistentAppendEntries(1285)) - omNode-1@group-523986131536: inconsistency entries. Reply:omNode-2<-omNode-1#10541:FAIL-t4,INCONSISTENCY,nextIndex=18,followerCommit=17
2021-10-05 12:32:55,891 [grpc-default-executor-1] INFO  leader.FollowerInfo (FollowerInfoImpl.java:lambda$new$0(46)) - omNode-2@group-523986131536->omNode-1: nextIndex: updateUnconditionally 24 -> 18
2021-10-05 12:32:56,393 [grpc-default-executor-1] INFO  server.RaftServer$Division (RaftServerImpl.java:checkInconsistentAppendEntries(1319)) - omNode-1@group-523986131536: Failed appendEntries as previous log entry ((t:4, i:23)) is not found
2021-10-05 12:32:56,393 [grpc-default-executor-1] INFO  server.RaftServer$Division (RaftServerImpl.java:checkInconsistentAppendEntries(1285)) - omNode-1@group-523986131536: inconsistency entries. Reply:omNode-2<-omNode-1#10592:FAIL-t4,INCONSISTENCY,nextIndex=18,followerCommit=17
2021-10-05 12:32:56,394 [grpc-default-executor-1] INFO  leader.FollowerInfo (FollowerInfoImpl.java:lambda$new$0(46)) - omNode-2@group-523986131536->omNode-1: nextIndex: updateUnconditionally 24 -> 18
2021-10-05 12:32:56,896 [grpc-default-executor-1] INFO  server.RaftServer$Division (RaftServerImpl.java:checkInconsistentAppendEntries(1319)) - omNode-1@group-523986131536: Failed appendEntries as previous log entry ((t:4, i:23)) is not found
2021-10-05 12:32:56,896 [grpc-default-executor-1] INFO  server.RaftServer$Division (RaftServerImpl.java:checkInconsistentAppendEntries(1285)) - omNode-1@group-523986131536: inconsistency entries. Reply:omNode-2<-omNode-1#10643:FAIL-t4,INCONSISTENCY,nextIndex=18,followerCommit=17
2021-10-05 12:32:56,896 [grpc-default-executor-1] INFO  leader.FollowerInfo (FollowerInfoImpl.java:lambda$new$0(46)) - omNode-2@group-523986131536->omNode-1: nextIndex: updateUnconditionally 24 -> 18
2021-10-05 12:32:57,399 [grpc-default-executor-1] INFO  server.RaftServer$Division (RaftServerImpl.java:checkInconsistentAppendEntries(1319)) - omNode-1@group-523986131536: Failed appendEntries as previous log entry ((t:4, i:23)) is not found
2021-10-05 12:32:57,399 [grpc-default-executor-1] INFO  server.RaftServer$Division (RaftServerImpl.java:checkInconsistentAppendEntries(1285)) - omNode-1@group-523986131536: inconsistency entries. Reply:omNode-2<-omNode-1#10694:FAIL-t4,INCONSISTENCY,nextIndex=18,followerCommit=17
2021-10-05 12:32:57,400 [grpc-default-executor-1] INFO  leader.FollowerInfo (FollowerInfoImpl.java:lambda$new$0(46)) - omNode-2@group-523986131536->omNode-1: nextIndex: updateUnconditionally 24 -> 18
2021-10-05 12:32:57,902 [grpc-default-executor-1] INFO  server.RaftServer$Division (RaftServerImpl.java:checkInconsistentAppendEntries(1319)) - omNode-1@group-523986131536: Failed appendEntries as previous log entry ((t:4, i:23)) is not found
2021-10-05 12:32:57,902 [grpc-default-executor-1] INFO  server.RaftServer$Division (RaftServerImpl.java:checkInconsistentAppendEntries(1285)) - omNode-1@group-523986131536: inconsistency entries. Reply:omNode-2<-omNode-1#10745:FAIL-t4,INCONSISTENCY,nextIndex=18,followerCommit=17
2021-10-05 12:32:57,902 [grpc-default-executor-1] INFO  leader.FollowerInfo (FollowerInfoImpl.java:lambda$new$0(46)) - omNode-2@group-523986131536->omNode-1: nextIndex: updateUnconditionally 24 -> 18
2021-10-05 12:32:58,404 [grpc-default-executor-1] INFO  server.RaftServer$Division (RaftServerImpl.java:checkInconsistentAppendEntries(1319)) - omNode-1@group-523986131536: Failed appendEntries as previous log entry ((t:4, i:23)) is not found
2021-10-05 12:32:58,404 [grpc-default-executor-1] INFO  server.RaftServer$Division (RaftServerImpl.java:checkInconsistentAppendEntries(1285)) - omNode-1@group-523986131536: inconsistency entries. Reply:omNode-2<-omNode-1#10796:FAIL-t4,INCONSISTENCY,nextIndex=18,followerCommit=17
2021-10-05 12:32:58,405 [grpc-default-executor-1] INFO  leader.FollowerInfo (FollowerInfoImpl.java:lambda$new$0(46)) - omNode-2@group-523986131536->omNode-1: nextIndex: updateUnconditionally 24 -> 18
2021-10-05 12:32:58,907 [grpc-default-executor-1] INFO  server.RaftServer$Division (RaftServerImpl.java:checkInconsistentAppendEntries(1319)) - omNode-1@group-523986131536: Failed appendEntries as previous log entry ((t:4, i:23)) is not found
2021-10-05 12:32:58,907 [grpc-default-executor-1] INFO  server.RaftServer$Division (RaftServerImpl.java:checkInconsistentAppendEntries(1285)) - omNode-1@group-523986131536: inconsistency entries. Reply:omNode-2<-omNode-1#10847:FAIL-t4,INCONSISTENCY,nextIndex=18,followerCommit=17
2021-10-05 12:32:58,907 [grpc-default-executor-1] INFO  leader.FollowerInfo (FollowerInfoImpl.java:lambda$new$0(46)) - omNode-2@group-523986131536->omNode-1: nextIndex: updateUnconditionally 24 -> 18
2021-10-05 12:32:59,409 [grpc-default-executor-1] INFO  server.RaftServer$Division (RaftServerImpl.java:checkInconsistentAppendEntries(1319)) - omNode-1@group-523986131536: Failed appendEntries as previous log entry ((t:4, i:23)) is not found
2021-10-05 12:32:59,409 [grpc-default-executor-1] INFO  server.RaftServer$Division (RaftServerImpl.java:checkInconsistentAppendEntries(1285)) - omNode-1@group-523986131536: inconsistency entries. Reply:omNode-2<-omNode-1#10898:FAIL-t4,INCONSISTENCY,nextIndex=18,followerCommit=17
2021-10-05 12:32:59,409 [grpc-default-executor-1] INFO  leader.FollowerInfo (FollowerInfoImpl.java:lambda$new$0(46)) - omNode-2@group-523986131536->omNode-1: nextIndex: updateUnconditionally 24 -> 18
2021-10-05 12:32:59,910 [grpc-default-executor-1] INFO  server.RaftServer$Division (RaftServerImpl.java:checkInconsistentAppendEntries(1319)) - omNode-1@group-523986131536: Failed appendEntries as previous log entry ((t:4, i:23)) is not found
2021-10-05 12:32:59,910 [grpc-default-executor-1] INFO  server.RaftServer$Division (RaftServerImpl.java:checkInconsistentAppendEntries(1285)) - omNode-1@group-523986131536: inconsistency entries. Reply:omNode-2<-omNode-1#10949:FAIL-t4,INCONSISTENCY,nextIndex=18,followerCommit=17
2021-10-05 12:32:59,911 [grpc-default-executor-1] INFO  leader.FollowerInfo (FollowerInfoImpl.java:lambda$new$0(46)) - omNode-2@group-523986131536->omNode-1: nextIndex: updateUnconditionally 24 -> 18
2021-10-05 12:33:00,413 [grpc-default-executor-1] INFO  server.RaftServer$Division (RaftServerImpl.java:checkInconsistentAppendEntries(1319)) - omNode-1@group-523986131536: Failed appendEntries as previous log entry ((t:4, i:23)) is not found
2021-10-05 12:33:00,414 [grpc-default-executor-1] INFO  server.RaftServer$Division (RaftServerImpl.java:checkInconsistentAppendEntries(1285)) - omNode-1@group-523986131536: inconsistency entries. Reply:omNode-2<-omNode-1#11000:FAIL-t4,INCONSISTENCY,nextIndex=18,followerCommit=17
2021-10-05 12:33:00,414 [grpc-default-executor-1] INFO  leader.FollowerInfo (FollowerInfoImpl.java:lambda$new$0(46)) - omNode-2@group-523986131536->omNode-1: nextIndex: updateUnconditionally 24 -> 18
2021-10-05 12:33:00,916 [grpc-default-executor-1] INFO  server.RaftServer$Division (RaftServerImpl.java:checkInconsistentAppendEntries(1319)) - omNode-1@group-523986131536: Failed appendEntries as previous log entry ((t:4, i:23)) is not found
2021-10-05 12:33:00,916 [grpc-default-executor-1] INFO  server.RaftServer$Division (RaftServerImpl.java:checkInconsistentAppendEntries(1285)) - omNode-1@group-523986131536: inconsistency entries. Reply:omNode-2<-omNode-1#11051:FAIL-t4,INCONSISTENCY,nextIndex=18,followerCommit=17
2021-10-05 12:33:00,917 [grpc-default-executor-1] INFO  leader.FollowerInfo (FollowerInfoImpl.java:lambda$new$0(46)) - omNode-2@group-523986131536->omNode-1: nextIndex: updateUnconditionally 24 -> 18
2021-10-05 12:33:01,418 [grpc-default-executor-1] INFO  server.RaftServer$Division (RaftServerImpl.java:checkInconsistentAppendEntries(1319)) - omNode-1@group-523986131536: Failed appendEntries as previous log entry ((t:4, i:23)) is not found
2021-10-05 12:33:01,418 [grpc-default-executor-1] INFO  server.RaftServer$Division (RaftServerImpl.java:checkInconsistentAppendEntries(1285)) - omNode-1@group-523986131536: inconsistency entries. Reply:omNode-2<-omNode-1#11102:FAIL-t4,INCONSISTENCY,nextIndex=18,followerCommit=17
2021-10-05 12:33:01,418 [grpc-default-executor-1] INFO  leader.FollowerInfo (FollowerInfoImpl.java:lambda$new$0(46)) - omNode-2@group-523986131536->omNode-1: nextIndex: updateUnconditionally 24 -> 18
2021-10-05 12:33:01,920 [grpc-default-executor-1] INFO  server.RaftServer$Division (RaftServerImpl.java:checkInconsistentAppendEntries(1319)) - omNode-1@group-523986131536: Failed appendEntries as previous log entry ((t:4, i:23)) is not found
2021-10-05 12:33:01,920 [grpc-default-executor-1] INFO  server.RaftServer$Division (RaftServerImpl.java:checkInconsistentAppendEntries(1285)) - omNode-1@group-523986131536: inconsistency entries. Reply:omNode-2<-omNode-1#11153:FAIL-t4,INCONSISTENCY,nextIndex=18,followerCommit=17
2021-10-05 12:33:01,921 [grpc-default-executor-1] INFO  leader.FollowerInfo (FollowerInfoImpl.java:lambda$new$0(46)) - omNode-2@group-523986131536->omNode-1: nextIndex: updateUnconditionally 24 -> 18
2021-10-05 12:33:02,422 [grpc-default-executor-1] INFO  server.RaftServer$Division (RaftServerImpl.java:checkInconsistentAppendEntries(1319)) - omNode-1@group-523986131536: Failed appendEntries as previous log entry ((t:4, i:23)) is not found
2021-10-05 12:33:02,422 [grpc-default-executor-1] INFO  server.RaftServer$Division (RaftServerImpl.java:checkInconsistentAppendEntries(1285)) - omNode-1@group-523986131536: inconsistency entries. Reply:omNode-2<-omNode-1#11204:FAIL-t4,INCONSISTENCY,nextIndex=18,followerCommit=17
2021-10-05 12:33:02,423 [grpc-default-executor-1] INFO  leader.FollowerInfo (FollowerInfoImpl.java:lambda$new$0(46)) - omNode-2@group-523986131536->omNode-1: nextIndex: updateUnconditionally 24 -> 18
2021-10-05 12:33:02,924 [grpc-default-executor-1] INFO  server.RaftServer$Division (RaftServerImpl.java:checkInconsistentAppendEntries(1319)) - omNode-1@group-523986131536: Failed appendEntries as previous log entry ((t:4, i:23)) is not found
2021-10-05 12:33:02,924 [grpc-default-executor-1] INFO  server.RaftServer$Division (RaftServerImpl.java:checkInconsistentAppendEntries(1285)) - omNode-1@group-523986131536: inconsistency entries. Reply:omNode-2<-omNode-1#11255:FAIL-t4,INCONSISTENCY,nextIndex=18,followerCommit=17
2021-10-05 12:33:02,925 [grpc-default-executor-1] INFO  leader.FollowerInfo (FollowerInfoImpl.java:lambda$new$0(46)) - omNode-2@group-523986131536->omNode-1: nextIndex: updateUnconditionally 24 -> 18
2021-10-05 12:33:03,426 [grpc-default-executor-1] INFO  server.RaftServer$Division (RaftServerImpl.java:checkInconsistentAppendEntries(1319)) - omNode-1@group-523986131536: Failed appendEntries as previous log entry ((t:4, i:23)) is not found
2021-10-05 12:33:03,427 [grpc-default-executor-1] INFO  server.RaftServer$Division (RaftServerImpl.java:checkInconsistentAppendEntries(1285)) - omNode-1@group-523986131536: inconsistency entries. Reply:omNode-2<-omNode-1#11306:FAIL-t4,INCONSISTENCY,nextIndex=18,followerCommit=17
2021-10-05 12:33:03,427 [grpc-default-executor-1] INFO  leader.FollowerInfo (FollowerInfoImpl.java:lambda$new$0(46)) - omNode-2@group-523986131536->omNode-1: nextIndex: updateUnconditionally 24 -> 18
2021-10-05 12:33:03,928 [grpc-default-executor-1] INFO  server.RaftServer$Division (RaftServerImpl.java:checkInconsistentAppendEntries(1319)) - omNode-1@group-523986131536: Failed appendEntries as previous log entry ((t:4, i:23)) is not found
2021-10-05 12:33:03,929 [grpc-default-executor-1] INFO  server.RaftServer$Division (RaftServerImpl.java:checkInconsistentAppendEntries(1285)) - omNode-1@group-523986131536: inconsistency entries. Reply:omNode-2<-omNode-1#11357:FAIL-t4,INCONSISTENCY,nextIndex=18,followerCommit=17
2021-10-05 12:33:03,929 [grpc-default-executor-1] INFO  leader.FollowerInfo (FollowerInfoImpl.java:lambda$new$0(46)) - omNode-2@group-523986131536->omNode-1: nextIndex: updateUnconditionally 24 -> 18
2021-10-05 12:33:04,430 [grpc-default-executor-1] INFO  server.RaftServer$Division (RaftServerImpl.java:checkInconsistentAppendEntries(1319)) - omNode-1@group-523986131536: Failed appendEntries as previous log entry ((t:4, i:23)) is not found
2021-10-05 12:33:04,430 [grpc-default-executor-1] INFO  server.RaftServer$Division (RaftServerImpl.java:checkInconsistentAppendEntries(1285)) - omNode-1@group-523986131536: inconsistency entries. Reply:omNode-2<-omNode-1#11408:FAIL-t4,INCONSISTENCY,nextIndex=18,followerCommit=17
2021-10-05 12:33:04,431 [grpc-default-executor-1] INFO  leader.FollowerInfo (FollowerInfoImpl.java:lambda$new$0(46)) - omNode-2@group-523986131536->omNode-1: nextIndex: updateUnconditionally 24 -> 18
2021-10-05 12:33:04,932 [grpc-default-executor-1] INFO  server.RaftServer$Division (RaftServerImpl.java:checkInconsistentAppendEntries(1319)) - omNode-1@group-523986131536: Failed appendEntries as previous log entry ((t:4, i:23)) is not found
2021-10-05 12:33:04,932 [grpc-default-executor-1] INFO  server.RaftServer$Division (RaftServerImpl.java:checkInconsistentAppendEntries(1285)) - omNode-1@group-523986131536: inconsistency entries. Reply:omNode-2<-omNode-1#11459:FAIL-t4,INCONSISTENCY,nextIndex=18,followerCommit=17
2021-10-05 12:33:04,932 [grpc-default-executor-1] INFO  leader.FollowerInfo (FollowerInfoImpl.java:lambda$new$0(46)) - omNode-2@group-523986131536->omNode-1: nextIndex: updateUnconditionally 24 -> 18
2021-10-05 12:33:05,433 [grpc-default-executor-1] INFO  server.RaftServer$Division (RaftServerImpl.java:checkInconsistentAppendEntries(1319)) - omNode-1@group-523986131536: Failed appendEntries as previous log entry ((t:4, i:23)) is not found
2021-10-05 12:33:05,433 [grpc-default-executor-1] INFO  server.RaftServer$Division (RaftServerImpl.java:checkInconsistentAppendEntries(1285)) - omNode-1@group-523986131536: inconsistency entries. Reply:omNode-2<-omNode-1#11510:FAIL-t4,INCONSISTENCY,nextIndex=18,followerCommit=17
2021-10-05 12:33:05,434 [grpc-default-executor-1] INFO  leader.FollowerInfo (FollowerInfoImpl.java:lambda$new$0(46)) - omNode-2@group-523986131536->omNode-1: nextIndex: updateUnconditionally 24 -> 18
2021-10-05 12:33:05,935 [grpc-default-executor-1] INFO  server.RaftServer$Division (RaftServerImpl.java:checkInconsistentAppendEntries(1319)) - omNode-1@group-523986131536: Failed appendEntries as previous log entry ((t:4, i:23)) is not found
2021-10-05 12:33:05,935 [grpc-default-executor-1] INFO  server.RaftServer$Division (RaftServerImpl.java:checkInconsistentAppendEntries(1285)) - omNode-1@group-523986131536: inconsistency entries. Reply:omNode-2<-omNode-1#11561:FAIL-t4,INCONSISTENCY,nextIndex=18,followerCommit=17
2021-10-05 12:33:05,936 [grpc-default-executor-1] INFO  leader.FollowerInfo (FollowerInfoImpl.java:lambda$new$0(46)) - omNode-2@group-523986131536->omNode-1: nextIndex: updateUnconditionally 24 -> 18
2021-10-05 12:33:06,437 [grpc-default-executor-1] INFO  server.RaftServer$Division (RaftServerImpl.java:checkInconsistentAppendEntries(1319)) - omNode-1@group-523986131536: Failed appendEntries as previous log entry ((t:4, i:23)) is not found
2021-10-05 12:33:06,438 [grpc-default-executor-1] INFO  server.RaftServer$Division (RaftServerImpl.java:checkInconsistentAppendEntries(1285)) - omNode-1@group-523986131536: inconsistency entries. Reply:omNode-2<-omNode-1#11612:FAIL-t4,INCONSISTENCY,nextIndex=18,followerCommit=17
2021-10-05 12:33:06,438 [grpc-default-executor-1] INFO  leader.FollowerInfo (FollowerInfoImpl.java:lambda$new$0(46)) - omNode-2@group-523986131536->omNode-1: nextIndex: updateUnconditionally 24 -> 18
2021-10-05 12:33:06,940 [grpc-default-executor-1] INFO  server.RaftServer$Division (RaftServerImpl.java:checkInconsistentAppendEntries(1319)) - omNode-1@group-523986131536: Failed appendEntries as previous log entry ((t:4, i:23)) is not found
2021-10-05 12:33:06,940 [grpc-default-executor-1] INFO  server.RaftServer$Division (RaftServerImpl.java:checkInconsistentAppendEntries(1285)) - omNode-1@group-523986131536: inconsistency entries. Reply:omNode-2<-omNode-1#11663:FAIL-t4,INCONSISTENCY,nextIndex=18,followerCommit=17
2021-10-05 12:33:06,940 [grpc-default-executor-1] INFO  leader.FollowerInfo (FollowerInfoImpl.java:lambda$new$0(46)) - omNode-2@group-523986131536->omNode-1: nextIndex: updateUnconditionally 24 -> 18
2021-10-05 12:33:07,441 [grpc-default-executor-1] INFO  server.RaftServer$Division (RaftServerImpl.java:checkInconsistentAppendEntries(1319)) - omNode-1@group-523986131536: Failed appendEntries as previous log entry ((t:4, i:23)) is not found
2021-10-05 12:33:07,441 [grpc-default-executor-1] INFO  server.RaftServer$Division (RaftServerImpl.java:checkInconsistentAppendEntries(1285)) - omNode-1@group-523986131536: inconsistency entries. Reply:omNode-2<-omNode-1#11714:FAIL-t4,INCONSISTENCY,nextIndex=18,followerCommit=17
2021-10-05 12:33:07,442 [grpc-default-executor-1] INFO  leader.FollowerInfo (FollowerInfoImpl.java:lambda$new$0(46)) - omNode-2@group-523986131536->omNode-1: nextIndex: updateUnconditionally 24 -> 18
2021-10-05 12:33:07,943 [grpc-default-executor-1] INFO  server.RaftServer$Division (RaftServerImpl.java:checkInconsistentAppendEntries(1319)) - omNode-1@group-523986131536: Failed appendEntries as previous log entry ((t:4, i:23)) is not found
2021-10-05 12:33:07,944 [grpc-default-executor-1] INFO  server.RaftServer$Division (RaftServerImpl.java:checkInconsistentAppendEntries(1285)) - omNode-1@group-523986131536: inconsistency entries. Reply:omNode-2<-omNode-1#11765:FAIL-t4,INCONSISTENCY,nextIndex=18,followerCommit=17
2021-10-05 12:33:07,946 [grpc-default-executor-1] INFO  leader.FollowerInfo (FollowerInfoImpl.java:lambda$new$0(46)) - omNode-2@group-523986131536->omNode-1: nextIndex: updateUnconditionally 24 -> 18
2021-10-05 12:33:08,447 [grpc-default-executor-1] INFO  server.RaftServer$Division (RaftServerImpl.java:checkInconsistentAppendEntries(1319)) - omNode-1@group-523986131536: Failed appendEntries as previous log entry ((t:4, i:23)) is not found
2021-10-05 12:33:08,447 [grpc-default-executor-1] INFO  server.RaftServer$Division (RaftServerImpl.java:checkInconsistentAppendEntries(1285)) - omNode-1@group-523986131536: inconsistency entries. Reply:omNode-2<-omNode-1#11816:FAIL-t4,INCONSISTENCY,nextIndex=18,followerCommit=17
2021-10-05 12:33:08,448 [grpc-default-executor-1] INFO  leader.FollowerInfo (FollowerInfoImpl.java:lambda$new$0(46)) - omNode-2@group-523986131536->omNode-1: nextIndex: updateUnconditionally 24 -> 18
2021-10-05 12:33:08,950 [grpc-default-executor-1] INFO  server.RaftServer$Division (RaftServerImpl.java:checkInconsistentAppendEntries(1319)) - omNode-1@group-523986131536: Failed appendEntries as previous log entry ((t:4, i:23)) is not found
2021-10-05 12:33:08,950 [grpc-default-executor-1] INFO  server.RaftServer$Division (RaftServerImpl.java:checkInconsistentAppendEntries(1285)) - omNode-1@group-523986131536: inconsistency entries. Reply:omNode-2<-omNode-1#11867:FAIL-t4,INCONSISTENCY,nextIndex=18,followerCommit=17
2021-10-05 12:33:08,950 [grpc-default-executor-1] INFO  leader.FollowerInfo (FollowerInfoImpl.java:lambda$new$0(46)) - omNode-2@group-523986131536->omNode-1: nextIndex: updateUnconditionally 24 -> 18
2021-10-05 12:33:09,451 [grpc-default-executor-1] INFO  server.RaftServer$Division (RaftServerImpl.java:checkInconsistentAppendEntries(1319)) - omNode-1@group-523986131536: Failed appendEntries as previous log entry ((t:4, i:23)) is not found
2021-10-05 12:33:09,452 [grpc-default-executor-1] INFO  server.RaftServer$Division (RaftServerImpl.java:checkInconsistentAppendEntries(1285)) - omNode-1@group-523986131536: inconsistency entries. Reply:omNode-2<-omNode-1#11918:FAIL-t4,INCONSISTENCY,nextIndex=18,followerCommit=17
2021-10-05 12:33:09,452 [grpc-default-executor-1] INFO  leader.FollowerInfo (FollowerInfoImpl.java:lambda$new$0(46)) - omNode-2@group-523986131536->omNode-1: nextIndex: updateUnconditionally 24 -> 18
2021-10-05 12:33:09,953 [grpc-default-executor-1] INFO  server.RaftServer$Division (RaftServerImpl.java:checkInconsistentAppendEntries(1319)) - omNode-1@group-523986131536: Failed appendEntries as previous log entry ((t:4, i:23)) is not found
2021-10-05 12:33:09,953 [grpc-default-executor-1] INFO  server.RaftServer$Division (RaftServerImpl.java:checkInconsistentAppendEntries(1285)) - omNode-1@group-523986131536: inconsistency entries. Reply:omNode-2<-omNode-1#11969:FAIL-t4,INCONSISTENCY,nextIndex=18,followerCommit=17
2021-10-05 12:33:09,954 [grpc-default-executor-1] INFO  leader.FollowerInfo (FollowerInfoImpl.java:lambda$new$0(46)) - omNode-2@group-523986131536->omNode-1: nextIndex: updateUnconditionally 24 -> 18
2021-10-05 12:33:10,456 [grpc-default-executor-1] INFO  server.RaftServer$Division (RaftServerImpl.java:checkInconsistentAppendEntries(1319)) - omNode-1@group-523986131536: Failed appendEntries as previous log entry ((t:4, i:23)) is not found
2021-10-05 12:33:10,456 [grpc-default-executor-1] INFO  server.RaftServer$Division (RaftServerImpl.java:checkInconsistentAppendEntries(1285)) - omNode-1@group-523986131536: inconsistency entries. Reply:omNode-2<-omNode-1#12020:FAIL-t4,INCONSISTENCY,nextIndex=18,followerCommit=17
2021-10-05 12:33:10,457 [grpc-default-executor-1] INFO  leader.FollowerInfo (FollowerInfoImpl.java:lambda$new$0(46)) - omNode-2@group-523986131536->omNode-1: nextIndex: updateUnconditionally 24 -> 18
2021-10-05 12:33:10,957 [grpc-default-executor-1] INFO  server.RaftServer$Division (RaftServerImpl.java:checkInconsistentAppendEntries(1319)) - omNode-1@group-523986131536: Failed appendEntries as previous log entry ((t:4, i:23)) is not found
2021-10-05 12:33:10,958 [grpc-default-executor-1] INFO  server.RaftServer$Division (RaftServerImpl.java:checkInconsistentAppendEntries(1285)) - omNode-1@group-523986131536: inconsistency entries. Reply:omNode-2<-omNode-1#12070:FAIL-t4,INCONSISTENCY,nextIndex=18,followerCommit=17
2021-10-05 12:33:10,958 [grpc-default-executor-1] INFO  leader.FollowerInfo (FollowerInfoImpl.java:lambda$new$0(46)) - omNode-2@group-523986131536->omNode-1: nextIndex: updateUnconditionally 24 -> 18
2021-10-05 12:33:11,459 [grpc-default-executor-1] INFO  server.RaftServer$Division (RaftServerImpl.java:checkInconsistentAppendEntries(1319)) - omNode-1@group-523986131536: Failed appendEntries as previous log entry ((t:4, i:23)) is not found
2021-10-05 12:33:11,459 [grpc-default-executor-1] INFO  server.RaftServer$Division (RaftServerImpl.java:checkInconsistentAppendEntries(1285)) - omNode-1@group-523986131536: inconsistency entries. Reply:omNode-2<-omNode-1#12121:FAIL-t4,INCONSISTENCY,nextIndex=18,followerCommit=17
2021-10-05 12:33:11,460 [grpc-default-executor-1] INFO  leader.FollowerInfo (FollowerInfoImpl.java:lambda$new$0(46)) - omNode-2@group-523986131536->omNode-1: nextIndex: updateUnconditionally 24 -> 18
2021-10-05 12:33:11,961 [grpc-default-executor-1] INFO  server.RaftServer$Division (RaftServerImpl.java:checkInconsistentAppendEntries(1319)) - omNode-1@group-523986131536: Failed appendEntries as previous log entry ((t:4, i:23)) is not found
2021-10-05 12:33:11,961 [grpc-default-executor-1] INFO  server.RaftServer$Division (RaftServerImpl.java:checkInconsistentAppendEntries(1285)) - omNode-1@group-523986131536: inconsistency entries. Reply:omNode-2<-omNode-1#12172:FAIL-t4,INCONSISTENCY,nextIndex=18,followerCommit=17
2021-10-05 12:33:11,961 [grpc-default-executor-1] INFO  leader.FollowerInfo (FollowerInfoImpl.java:lambda$new$0(46)) - omNode-2@group-523986131536->omNode-1: nextIndex: updateUnconditionally 24 -> 18
2021-10-05 12:33:12,463 [grpc-default-executor-1] INFO  server.RaftServer$Division (RaftServerImpl.java:checkInconsistentAppendEntries(1319)) - omNode-1@group-523986131536: Failed appendEntries as previous log entry ((t:4, i:23)) is not found
2021-10-05 12:33:12,463 [grpc-default-executor-1] INFO  server.RaftServer$Division (RaftServerImpl.java:checkInconsistentAppendEntries(1285)) - omNode-1@group-523986131536: inconsistency entries. Reply:omNode-2<-omNode-1#12223:FAIL-t4,INCONSISTENCY,nextIndex=18,followerCommit=17
2021-10-05 12:33:12,464 [grpc-default-executor-1] INFO  leader.FollowerInfo (FollowerInfoImpl.java:lambda$new$0(46)) - omNode-2@group-523986131536->omNode-1: nextIndex: updateUnconditionally 24 -> 18
2021-10-05 12:33:12,761 [Time-limited test] INFO  om.OzoneManager (OzoneManager.java:stop(1644)) - Stopping Ozone Manager
2021-10-05 12:33:12,762 [Time-limited test] INFO  ipc.Server (Server.java:stop(3414)) - Stopping server on 10612
2021-10-05 12:33:12,768 [IPC Server listener on 10612] INFO  ipc.Server (Server.java:run(1376)) - Stopping IPC Server listener on 10612
2021-10-05 12:33:12,769 [IPC Server Responder] INFO  ipc.Server (Server.java:run(1512)) - Stopping IPC Server Responder
2021-10-05 12:33:12,769 [Time-limited test] INFO  server.RaftServer (RaftServerProxy.java:lambda$close$6(391)) - omNode-3: close
2021-10-05 12:33:12,770 [Time-limited test] INFO  server.RaftServer$Division (RaftServerImpl.java:lambda$close$4(407)) - omNode-3@group-523986131536: shutdown
2021-10-05 12:33:12,770 [Time-limited test] INFO  util.JmxRegister (JmxRegister.java:unregister(73)) - Successfully un-registered JMX Bean with object name Ratis:service=RaftServer,group=group-523986131536,id=omNode-3
2021-10-05 12:33:12,770 [Time-limited test] INFO  impl.RoleInfo (RoleInfo.java:shutdownFollowerState(108)) - omNode-3: shutdown omNode-3@group-523986131536-FollowerState
2021-10-05 12:33:12,770 [Time-limited test] INFO  impl.StateMachineUpdater (StateMachineUpdater.java:stopAndJoin(149)) - omNode-3@group-523986131536-StateMachineUpdater: set stopIndex = 23
2021-10-05 12:33:12,770 [omNode-3@group-523986131536-FollowerState] INFO  impl.FollowerState (FollowerState.java:run(143)) - omNode-3@group-523986131536-FollowerState was interrupted: {}
java.lang.InterruptedException: sleep interrupted
	at java.lang.Thread.sleep(Native Method)
	at java.lang.Thread.sleep(Thread.java:340)
	at java.util.concurrent.TimeUnit.sleep(TimeUnit.java:386)
	at org.apache.ratis.util.TimeDuration.sleep(TimeDuration.java:324)
	at org.apache.ratis.util.TimeDuration.sleep(TimeDuration.java:309)
	at org.apache.ratis.server.impl.FollowerState.run(FollowerState.java:118)
2021-10-05 12:33:12,771 [omNode-3@group-523986131536-StateMachineUpdater] INFO  ratis.OzoneManagerStateMachine (OzoneManagerStateMachine.java:takeSnapshot(417)) - Current Snapshot Index (t:4, i:23)
2021-10-05 12:33:12,771 [omNode-3@group-523986131536-StateMachineUpdater] INFO  impl.StateMachineUpdater (StateMachineUpdater.java:takeSnapshot(281)) - omNode-3@group-523986131536-StateMachineUpdater: Took a snapshot at index 23
2021-10-05 12:33:12,771 [omNode-3@group-523986131536-StateMachineUpdater] INFO  impl.StateMachineUpdater (StateMachineUpdater.java:lambda$new$0(89)) - omNode-3@group-523986131536-StateMachineUpdater: snapshotIndex: updateIncreasingly 17 -> 23
2021-10-05 12:33:12,771 [omNode-3@group-523986131536-StateMachineUpdater] INFO  ratis.OzoneManagerStateMachine (OzoneManagerStateMachine.java:close(471)) - StateMachine has shutdown. Shutdown OzoneManager if not already shutdown.
2021-10-05 12:33:12,771 [Time-limited test] INFO  server.RaftServer$Division (ServerState.java:close(419)) - omNode-3@group-523986131536: closes. applyIndex: 23
2021-10-05 12:33:12,772 [omNode-3@group-523986131536-SegmentedRaftLogWorker] INFO  segmented.SegmentedRaftLogWorker (SegmentedRaftLogWorker.java:run(327)) - omNode-3@group-523986131536-SegmentedRaftLogWorker was interrupted, exiting. There are 0 tasks remaining in the queue.
2021-10-05 12:33:12,776 [Time-limited test] INFO  segmented.SegmentedRaftLogWorker (SegmentedRaftLogWorker.java:close(237)) - omNode-3@group-523986131536-SegmentedRaftLogWorker close()
2021-10-05 12:33:12,777 [Time-limited test] INFO  server.GrpcService (GrpcService.java:closeImpl(262)) - omNode-3: shutdown server with port 10616 now
2021-10-05 12:33:12,778 [grpc-default-executor-0] WARN  server.GrpcServerProtocolService (LogUtils.java:warn(122)) - omNode-3: installSnapshot onError, lastRequest: omNode-2->omNode-3#55-t4,previous=(t:4, i:22),leaderCommit=22,initializing? true,entries: size=1, first=(t:4, i:23), METADATAENTRY(c:22): org.apache.ratis.thirdparty.io.grpc.StatusRuntimeException: CANCELLED: client cancelled
2021-10-05 12:33:12,783 [Time-limited test] INFO  server.GrpcService (GrpcService.java:closeImpl(271)) - omNode-3: shutdown server with port 10616 successfully
2021-10-05 12:33:12,788 [org.apache.ratis.util.JvmPauseMonitor$$Lambda$523/2137356424@3472b0d7] INFO  util.JvmPauseMonitor (JvmPauseMonitor.java:run(109)) - JvmPauseMonitor-omNode-3: Stopped
2021-10-05 12:33:12,789 [grpc-default-executor-1] WARN  server.GrpcLogAppender (LogUtils.java:warn(122)) - omNode-2@group-523986131536->omNode-3-AppendLogResponseHandler: Failed appendEntries: org.apache.ratis.thirdparty.io.grpc.StatusRuntimeException: CANCELLED: HTTP/2 error code: CANCEL
Received Rst Stream
2021-10-05 12:33:12,789 [grpc-default-executor-1] INFO  leader.FollowerInfo (FollowerInfoImpl.java:lambda$new$0(46)) - omNode-2@group-523986131536->omNode-3: nextIndex: updateUnconditionally 24 -> 23
2021-10-05 12:33:12,789 [Time-limited test] INFO  ratis.OzoneManagerDoubleBuffer (OzoneManagerDoubleBuffer.java:stop(437)) - Stopping OMDoubleBuffer flush thread
2021-10-05 12:33:12,791 [OMDoubleBufferFlushThread] INFO  ratis.OzoneManagerDoubleBuffer (OzoneManagerDoubleBuffer.java:flushTransactions(356)) - OMDoubleBuffer flush thread OMDoubleBufferFlushThread is interrupted and will exit. OMDoubleBufferFlushThread
2021-10-05 12:33:12,792 [Time-limited test] INFO  handler.ContextHandler (ContextHandler.java:doStop(1153)) - Stopped o.e.j.w.WebAppContext@7469a911{ozoneManager,/,null,STOPPED}{file:/home/runner/work/ozone/ozone/hadoop-ozone/integration-test/target/test-classes/webapps/ozoneManager}
2021-10-05 12:33:12,793 [Time-limited test] INFO  server.AbstractConnector (AbstractConnector.java:doStop(381)) - Stopped ServerConnector@2a03eb3d{HTTP/1.1, (http/1.1)}{0.0.0.0:10614}
2021-10-05 12:33:12,793 [Time-limited test] INFO  server.session (HouseKeeper.java:stopScavenging(149)) - node0 Stopped scavenging
2021-10-05 12:33:12,794 [Time-limited test] INFO  handler.ContextHandler (ContextHandler.java:doStop(1153)) - Stopped o.e.j.s.ServletContextHandler@235f0bcc{static,/static,file:///home/runner/work/ozone/ozone/hadoop-ozone/integration-test/target/test-classes/webapps/static,STOPPED}
2021-10-05 12:33:12,794 [Time-limited test] INFO  handler.ContextHandler (ContextHandler.java:doStop(1153)) - Stopped o.e.j.s.ServletContextHandler@2d7d64d3{logs,/logs,file:///home/runner/work/ozone/ozone/hadoop-ozone/integration-test/target/log,STOPPED}
2021-10-05 12:33:12,796 [grpc-default-executor-0] WARN  server.GrpcLogAppender (LogUtils.java:warn(122)) - omNode-2@group-523986131536->omNode-3-AppendLogResponseHandler: Failed appendEntries: org.apache.ratis.thirdparty.io.grpc.StatusRuntimeException: UNAVAILABLE: io exception
2021-10-05 12:33:12,796 [grpc-default-executor-0] INFO  leader.FollowerInfo (FollowerInfoImpl.java:lambda$new$0(46)) - omNode-2@group-523986131536->omNode-3: nextIndex: updateUnconditionally 24 -> 23
2021-10-05 12:33:12,801 [Time-limited test] INFO  om.OzoneManager (OzoneManager.java:initFSOLayout(4333)) - Configured ozone.om.metadata.layout=SIMPLE and disabled optimized OM FS operations
2021-10-05 12:33:12,801 [Time-limited test] INFO  om.OzoneManager (OzoneManager.java:restart(1365)) - OzoneManager RPC server is listening at localhost/127.0.0.1:10612
2021-10-05 12:33:12,801 [Time-limited test] INFO  impl.MetricsSystemImpl (MetricsSystemImpl.java:init(158)) - OzoneManager metrics system started (again)
2021-10-05 12:33:12,817 [Time-limited test] WARN  server.ServerUtils (ServerUtils.java:getDBPath(225)) - ozone.om.db.dirs is not configured. We recommend adding this setting. Falling back to ozone.metadata.dirs instead.
2021-10-05 12:33:12,818 [Time-limited test] INFO  codec.OmKeyInfoCodec (OmKeyInfoCodec.java:<init>(51)) - OmKeyInfoCodec ignorePipeline = true
2021-10-05 12:33:12,818 [Time-limited test] INFO  codec.RepeatedOmKeyInfoCodec (RepeatedOmKeyInfoCodec.java:<init>(42)) - RepeatedOmKeyInfoCodec ignorePipeline = true
2021-10-05 12:33:12,863 [Time-limited test] WARN  impl.MetricRegistriesImpl (MetricRegistriesImpl.java:addReporterRegistration(111)) - New reporters are added after registries were created. Some metrics will be missing from the reporter. Please add reporter before adding any new registry.
2021-10-05 12:33:12,863 [Time-limited test] WARN  impl.MetricRegistriesImpl (MetricRegistriesImpl.java:addReporterRegistration(111)) - New reporters are added after registries were created. Some metrics will be missing from the reporter. Please add reporter before adding any new registry.
2021-10-05 12:33:12,863 [Time-limited test] WARN  server.ServerUtils (ServerUtils.java:getDefaultRatisDirectory(237)) - Storage directory for Ratis is not configured. It is a good idea to map this to an SSD disk. Falling back to ozone.metadata.dirs
2021-10-05 12:33:12,868 [Time-limited test] INFO  ratis.OzoneManagerRatisServer (OzoneManagerRatisServer.java:<init>(158)) - Instantiating OM Ratis server with groupID: om-service-test1 and peers: localhost:10616, localhost:10604, localhost:10610
2021-10-05 12:33:12,868 [Time-limited test] INFO  ratis.OzoneManagerStateMachine (OzoneManagerStateMachine.java:loadSnapshotInfoFromDB(605)) - LastAppliedIndex is set from TransactionInfo from OM DB as (t:4, i:23)
2021-10-05 12:33:12,871 [Time-limited test] INFO  server.RaftServer (ConfUtils.java:logGet(44)) - raft.rpc.type = GRPC (default)
2021-10-05 12:33:12,871 [Time-limited test] INFO  grpc.GrpcFactory (GrpcFactory.java:checkPooledByteBufAllocatorUseCacheForAllThreads(48)) - PERFORMANCE WARNING: useCacheForAllThreads is true that may cause Netty to create a lot garbage objects and, as a result, trigger GC.
	It is recommended to disable useCacheForAllThreads by setting -Dorg.apache.ratis.thirdparty.io.netty.allocator.useCacheForAllThreads=false in command line.
2021-10-05 12:33:12,871 [Time-limited test] INFO  grpc.GrpcConfigKeys (ConfUtils.java:logGet(44)) - raft.grpc.admin.port = -1 (default)
2021-10-05 12:33:12,871 [Time-limited test] INFO  grpc.GrpcConfigKeys (ConfUtils.java:logGet(44)) - raft.grpc.server.port = 10616 (custom)
2021-10-05 12:33:12,872 [Time-limited test] INFO  grpc.GrpcConfigKeys (ConfUtils.java:logGet(44)) - raft.grpc.client.port = -1 (default)
2021-10-05 12:33:12,872 [Time-limited test] INFO  grpc.GrpcConfigKeys (ConfUtils.java:logGet(44)) - raft.grpc.server.port = 10616 (custom)
2021-10-05 12:33:12,872 [Time-limited test] INFO  grpc.GrpcConfigKeys (ConfUtils.java:logGet(44)) - raft.grpc.server.port = 10616 (custom)
2021-10-05 12:33:12,872 [Time-limited test] INFO  server.GrpcService (ConfUtils.java:logGet(44)) - raft.grpc.message.size.max = 33554432 (custom)
2021-10-05 12:33:12,872 [Time-limited test] INFO  server.RaftServerConfigKeys (ConfUtils.java:logGet(44)) - raft.server.log.appender.buffer.byte-limit = 33554432 (custom)
2021-10-05 12:33:12,872 [Time-limited test] INFO  server.GrpcService (ConfUtils.java:logGet(44)) - raft.grpc.flow.control.window = 1MB (=1048576) (default)
2021-10-05 12:33:12,872 [Time-limited test] INFO  server.RaftServerConfigKeys (ConfUtils.java:logGet(44)) - raft.server.rpc.request.timeout = 3000ms (default)
2021-10-05 12:33:12,873 [Time-limited test] INFO  impl.DataStreamServerImpl (ConfUtils.java:logGet(44)) - raft.datastream.type = DISABLED (default)
2021-10-05 12:33:12,873 [Time-limited test] INFO  server.RaftServerConfigKeys (ConfUtils.java:logGet(44)) - raft.server.rpc.slowness.timeout = 2s (custom)
2021-10-05 12:33:12,873 [Time-limited test] INFO  server.RaftServerConfigKeys (ConfUtils.java:logGet(44)) - raft.server.leaderelection.leader.step-down.wait-time = 10s (default)
2021-10-05 12:33:12,873 [Time-limited test] INFO  server.RaftServerConfigKeys (ConfUtils.java:logGet(44)) - raft.server.storage.dir = [/home/runner/work/ozone/ozone/hadoop-ozone/integration-test/target/test-dir/MiniOzoneClusterImpl-37ac24e5-edd8-4d0c-a990-01310c91afa3/omNode-3/ratis] (custom)
2021-10-05 12:33:12,874 [Time-limited test] INFO  server.RaftServer (RaftServerProxy.java:lambda$null$1(235)) - omNode-3: found a subdirectory /home/runner/work/ozone/ozone/hadoop-ozone/integration-test/target/test-dir/MiniOzoneClusterImpl-37ac24e5-edd8-4d0c-a990-01310c91afa3/omNode-3/ratis/c9bc4cf4-3bc3-3c60-a66b-523986131536
2021-10-05 12:33:12,875 [Time-limited test] INFO  server.RaftServer (RaftServerProxy.java:addNew(95)) - omNode-3: addNew group-523986131536:[omNode-3|rpc:localhost:10616|priority:0, omNode-1|rpc:localhost:10604|priority:0, omNode-2|rpc:localhost:10610|priority:0] returns group-523986131536:java.util.concurrent.CompletableFuture@678e79be[Not completed]
2021-10-05 12:33:12,875 [Time-limited test] INFO  om.OzoneManager (OzoneManager.java:initializeRatisServer(1585)) - OzoneManager Ratis server initialized at port 10616
2021-10-05 12:33:12,875 [Time-limited test] INFO  ratis.OzoneManagerRatisServer (OzoneManagerRatisServer.java:start(516)) - Starting OzoneManagerRatisServer omNode-3 at port 10616
2021-10-05 12:33:12,876 [pool-231-thread-1] INFO  server.RaftServer$Division (RaftServerImpl.java:<init>(181)) - omNode-3: new RaftServerImpl for group-523986131536:[omNode-3|rpc:localhost:10616|priority:0, omNode-1|rpc:localhost:10604|priority:0, omNode-2|rpc:localhost:10610|priority:0] with OzoneManagerStateMachine:uninitialized
2021-10-05 12:33:12,876 [pool-231-thread-1] INFO  server.RaftServerConfigKeys (ConfUtils.java:logGet(44)) - raft.server.rpc.timeout.min = 1s (custom)
2021-10-05 12:33:12,877 [pool-231-thread-1] INFO  server.RaftServerConfigKeys (ConfUtils.java:logGet(44)) - raft.server.rpc.timeout.max = 1200ms (custom)
2021-10-05 12:33:12,877 [pool-231-thread-1] INFO  server.RaftServerConfigKeys (ConfUtils.java:logGet(44)) - raft.server.rpc.sleep.time = 25ms (default)
2021-10-05 12:33:12,877 [pool-231-thread-1] INFO  server.RaftServerConfigKeys (ConfUtils.java:logGet(44)) - raft.server.rpc.slowness.timeout = 2s (custom)
2021-10-05 12:33:12,877 [pool-231-thread-1] INFO  server.RaftServerConfigKeys (ConfUtils.java:logGet(44)) - raft.server.leaderelection.leader.step-down.wait-time = 10s (default)
2021-10-05 12:33:12,877 [pool-231-thread-1] INFO  server.RaftServerConfigKeys (ConfUtils.java:logGet(44)) - raft.server.sleep.deviation.threshold = 300ms (default)
2021-10-05 12:33:12,877 [pool-231-thread-1] INFO  server.RaftServerConfigKeys (ConfUtils.java:logGet(44)) - raft.server.log.appender.install.snapshot.enabled = false (custom)
2021-10-05 12:33:12,877 [pool-231-thread-1] INFO  server.RaftServer$Division (ServerState.java:<init>(105)) - omNode-3@group-523986131536: ConfigurationManager, init=-1: [omNode-3|rpc:localhost:10616|priority:0, omNode-1|rpc:localhost:10604|priority:0, omNode-2|rpc:localhost:10610|priority:0], old=null, confs=<EMPTY_MAP>
2021-10-05 12:33:12,877 [pool-231-thread-1] INFO  server.RaftServerConfigKeys (ConfUtils.java:logGet(44)) - raft.server.storage.dir = [/home/runner/work/ozone/ozone/hadoop-ozone/integration-test/target/test-dir/MiniOzoneClusterImpl-37ac24e5-edd8-4d0c-a990-01310c91afa3/omNode-3/ratis] (custom)
2021-10-05 12:33:12,877 [pool-231-thread-1] INFO  server.RaftServerConfigKeys (ConfUtils.java:logGet(44)) - raft.server.log.corruption.policy = EXCEPTION (default)
2021-10-05 12:33:12,877 [pool-231-thread-1] INFO  server.RaftServerConfigKeys (ConfUtils.java:logGet(44)) - raft.server.storage.free-space.min = 0MB (=0) (default)
2021-10-05 12:33:12,878 [pool-231-thread-1] INFO  storage.RaftStorageDirectory (RaftStorageDirectoryImpl.java:tryLock(230)) - Lock on /home/runner/work/ozone/ozone/hadoop-ozone/integration-test/target/test-dir/MiniOzoneClusterImpl-37ac24e5-edd8-4d0c-a990-01310c91afa3/omNode-3/ratis/c9bc4cf4-3bc3-3c60-a66b-523986131536/in_use.lock acquired by nodename 8782@fv-az270-324
2021-10-05 12:33:12,878 [pool-231-thread-1] INFO  storage.RaftStorage (RaftStorageImpl.java:analyzeAndRecoverStorage(110)) - Read RaftStorageMetadata{term=4, votedFor=omNode-2} from /home/runner/work/ozone/ozone/hadoop-ozone/integration-test/target/test-dir/MiniOzoneClusterImpl-37ac24e5-edd8-4d0c-a990-01310c91afa3/omNode-3/ratis/c9bc4cf4-3bc3-3c60-a66b-523986131536/current/raft-meta
2021-10-05 12:33:12,879 [pool-231-thread-1] INFO  server.RaftServer$Division (ServerState.java:setRaftConf(387)) - omNode-3@group-523986131536: set configuration 20: [omNode-3|rpc:localhost:10616|admin:|client:|dataStream:|priority:0, omNode-1|rpc:localhost:10604|admin:|client:|dataStream:|priority:0, omNode-2|rpc:localhost:10610|admin:|client:|dataStream:|priority:0], old=null
2021-10-05 12:33:12,879 [pool-231-thread-1] INFO  server.RaftServerConfigKeys (ConfUtils.java:logGet(44)) - raft.server.notification.no-leader.timeout = 2s (custom)
2021-10-05 12:33:12,879 [pool-231-thread-1] INFO  server.RaftServerConfigKeys (ConfUtils.java:logGet(44)) - raft.server.log.use.memory = false (default)
2021-10-05 12:33:12,879 [pool-231-thread-1] INFO  server.RaftServerConfigKeys (ConfUtils.java:logGet(44)) - raft.server.log.purge.gap = 50 (custom)
2021-10-05 12:33:12,879 [pool-231-thread-1] INFO  server.RaftServerConfigKeys (ConfUtils.java:logGet(44)) - raft.server.log.appender.buffer.byte-limit = 33554432 (custom)
2021-10-05 12:33:12,879 [pool-231-thread-1] INFO  server.RaftServerConfigKeys (ConfUtils.java:logGet(44)) - raft.server.log.segment.size.max = 4194304 (custom)
2021-10-05 12:33:12,880 [pool-231-thread-1] INFO  server.RaftServerConfigKeys (ConfUtils.java:logGet(44)) - raft.server.log.segment.cache.num.max = 2 (custom)
2021-10-05 12:33:12,880 [pool-231-thread-1] INFO  server.RaftServerConfigKeys (ConfUtils.java:logGet(44)) - raft.server.log.segment.cache.size.max = 200MB (=209715200) (default)
2021-10-05 12:33:12,880 [pool-231-thread-1] INFO  segmented.SegmentedRaftLogWorker (SegmentedRaftLogWorker.java:<init>(182)) - new omNode-3@group-523986131536-SegmentedRaftLogWorker for RaftStorageImpl:Storage Directory /home/runner/work/ozone/ozone/hadoop-ozone/integration-test/target/test-dir/MiniOzoneClusterImpl-37ac24e5-edd8-4d0c-a990-01310c91afa3/omNode-3/ratis/c9bc4cf4-3bc3-3c60-a66b-523986131536
2021-10-05 12:33:12,880 [pool-231-thread-1] INFO  server.RaftServerConfigKeys (ConfUtils.java:logGet(44)) - raft.server.log.queue.byte-limit = 64MB (=67108864) (default)
2021-10-05 12:33:12,880 [pool-231-thread-1] INFO  server.RaftServerConfigKeys (ConfUtils.java:logGet(44)) - raft.server.log.queue.element-limit = 4096 (default)
2021-10-05 12:33:12,880 [pool-231-thread-1] INFO  server.RaftServerConfigKeys (ConfUtils.java:logGet(44)) - raft.server.log.segment.size.max = 4194304 (custom)
2021-10-05 12:33:12,880 [pool-231-thread-1] INFO  server.RaftServerConfigKeys (ConfUtils.java:logGet(44)) - raft.server.log.preallocated.size = 4194304 (custom)
2021-10-05 12:33:12,880 [pool-231-thread-1] INFO  server.RaftServerConfigKeys (ConfUtils.java:logGet(44)) - raft.server.log.force.sync.num = 128 (default)
2021-10-05 12:33:12,880 [pool-231-thread-1] INFO  server.RaftServerConfigKeys (ConfUtils.java:logGet(44)) - raft.server.log.statemachine.data.sync = true (default)
2021-10-05 12:33:12,880 [pool-231-thread-1] INFO  server.RaftServerConfigKeys (ConfUtils.java:logGet(44)) - raft.server.log.statemachine.data.sync.timeout = 10s (default)
2021-10-05 12:33:12,881 [pool-231-thread-1] INFO  server.RaftServerConfigKeys (ConfUtils.java:logGet(44)) - raft.server.log.statemachine.data.sync.timeout.retry = -1 (default)
2021-10-05 12:33:12,881 [pool-231-thread-1] INFO  server.RaftServerConfigKeys (ConfUtils.java:logGet(44)) - raft.server.log.write.buffer.size = 64KB (=65536) (default)
2021-10-05 12:33:12,881 [pool-231-thread-1] INFO  server.RaftServerConfigKeys (ConfUtils.java:logGet(44)) - raft.server.log.statemachine.data.caching.enabled = false (default)
2021-10-05 12:33:12,883 [pool-231-thread-1] INFO  server.RaftServer$Division (ServerState.java:setRaftConf(387)) - omNode-3@group-523986131536: set configuration 18: [omNode-3|rpc:localhost:10616|admin:|client:|dataStream:|priority:0, omNode-1|rpc:localhost:10604|admin:|client:|dataStream:|priority:0, omNode-2|rpc:localhost:10610|admin:|client:|dataStream:|priority:0], old=null
2021-10-05 12:33:12,883 [pool-231-thread-1] INFO  segmented.LogSegment (LogSegment.java:loadSegment(173)) - Successfully read 2 entries from segment file /home/runner/work/ozone/ozone/hadoop-ozone/integration-test/target/test-dir/MiniOzoneClusterImpl-37ac24e5-edd8-4d0c-a990-01310c91afa3/omNode-3/ratis/c9bc4cf4-3bc3-3c60-a66b-523986131536/current/log_18-19
2021-10-05 12:33:12,884 [pool-231-thread-1] INFO  server.RaftServer$Division (ServerState.java:setRaftConf(387)) - omNode-3@group-523986131536: set configuration 20: [omNode-3|rpc:localhost:10616|admin:|client:|dataStream:|priority:0, omNode-1|rpc:localhost:10604|admin:|client:|dataStream:|priority:0, omNode-2|rpc:localhost:10610|admin:|client:|dataStream:|priority:0], old=null
2021-10-05 12:33:12,884 [pool-231-thread-1] INFO  segmented.LogSegment (LogSegment.java:loadSegment(173)) - Successfully read 4 entries from segment file /home/runner/work/ozone/ozone/hadoop-ozone/integration-test/target/test-dir/MiniOzoneClusterImpl-37ac24e5-edd8-4d0c-a990-01310c91afa3/omNode-3/ratis/c9bc4cf4-3bc3-3c60-a66b-523986131536/current/log_inprogress_20
2021-10-05 12:33:12,884 [pool-231-thread-1] INFO  segmented.SegmentedRaftLogWorker (SegmentedRaftLogWorker.java:lambda$new$0(133)) - omNode-3@group-523986131536-SegmentedRaftLogWorker: flushIndex: setUnconditionally 0 -> 23
2021-10-05 12:33:12,884 [pool-231-thread-1] INFO  segmented.SegmentedRaftLogWorker (SegmentedRaftLogWorker.java:lambda$new$0(133)) - omNode-3@group-523986131536-SegmentedRaftLogWorker: safeCacheEvictIndex: setUnconditionally 0 -> 19
2021-10-05 12:33:12,887 [pool-231-thread-1] INFO  raftlog.RaftLog (RaftLogBase.java:lambda$new$0(53)) - omNode-3@group-523986131536-SegmentedRaftLog: commitIndex: updateToMax old=23, new=22, updated? false
2021-10-05 12:33:12,887 [pool-231-thread-1] INFO  raftlog.RaftLog (RaftLogBase.java:lambda$new$0(53)) - omNode-3@group-523986131536-SegmentedRaftLog: purgeIndex: updateIncreasingly -1 -> 17
2021-10-05 12:33:12,887 [pool-231-thread-1] INFO  server.RaftServerConfigKeys (ConfUtils.java:logGet(44)) - raft.server.snapshot.auto.trigger.enabled = true (custom)
2021-10-05 12:33:12,887 [pool-231-thread-1] INFO  server.RaftServerConfigKeys (ConfUtils.java:logGet(44)) - raft.server.snapshot.auto.trigger.threshold = 50 (custom)
2021-10-05 12:33:12,887 [pool-231-thread-1] INFO  server.RaftServerConfigKeys (ConfUtils.java:logGet(44)) - raft.server.snapshot.retention.file.num = -1 (default)
2021-10-05 12:33:12,887 [pool-231-thread-1] INFO  server.RaftServerConfigKeys (ConfUtils.java:logGet(44)) - raft.server.log.purge.upto.snapshot.index = true (custom)
2021-10-05 12:33:12,887 [pool-231-thread-1] INFO  server.RaftServerConfigKeys (ConfUtils.java:logGet(44)) - raft.server.retrycache.expirytime = 30000ms (custom)
2021-10-05 12:33:12,888 [pool-231-thread-1] INFO  server.RaftServerConfigKeys (ConfUtils.java:logGet(44)) - raft.server.retrycache.statistics.expirytime = 100μs (default)
2021-10-05 12:33:12,890 [Time-limited test] INFO  server.RaftServer$Division (RaftServerImpl.java:start(296)) - omNode-3@group-523986131536: start as a follower, conf=20: [omNode-3|rpc:localhost:10616|admin:|client:|dataStream:|priority:0, omNode-1|rpc:localhost:10604|admin:|client:|dataStream:|priority:0, omNode-2|rpc:localhost:10610|admin:|client:|dataStream:|priority:0], old=null
2021-10-05 12:33:12,890 [Time-limited test] INFO  server.RaftServer$Division (RaftServerImpl.java:setRole(285)) - omNode-3@group-523986131536: changes role from      null to FOLLOWER at term 4 for startAsFollower
2021-10-05 12:33:12,890 [Time-limited test] INFO  impl.RoleInfo (RoleInfo.java:updateAndGet(130)) - omNode-3: start omNode-3@group-523986131536-FollowerState
2021-10-05 12:33:12,890 [Time-limited test] INFO  util.JmxRegister (JmxRegister.java:tryRegister(44)) - Successfully registered JMX Bean with object name Ratis:service=RaftServer,group=group-523986131536,id=omNode-3
2021-10-05 12:33:12,895 [Time-limited test] INFO  server.RaftServer (RaftServerProxy.java:lambda$start$5(374)) - omNode-3: start RPC server
2021-10-05 12:33:12,896 [Time-limited test] INFO  server.GrpcService (GrpcService.java:startImpl(253)) - omNode-3: GrpcService started, listening on 10616
2021-10-05 12:33:12,900 [Time-limited test] INFO  ipc.CallQueueManager (CallQueueManager.java:<init>(90)) - Using callQueue: class java.util.concurrent.LinkedBlockingQueue, queueCapacity: 2000, scheduler: class org.apache.hadoop.ipc.DefaultRpcScheduler, ipcBackoff: false.
2021-10-05 12:33:12,900 [org.apache.ratis.util.JvmPauseMonitor$$Lambda$523/2137356424@2f91b5b0] INFO  util.JvmPauseMonitor (JvmPauseMonitor.java:run(103)) - JvmPauseMonitor-omNode-3: Started
2021-10-05 12:33:12,901 [Socket Reader #1 for port 10612] INFO  ipc.Server (Server.java:run(1265)) - Starting Socket Reader #1 for port 10612
2021-10-05 12:33:12,904 [Listener at localhost/10612] INFO  http.BaseHttpServer (BaseHttpServer.java:newHttpServer2BuilderForOzone(209)) - Starting Web-server for ozoneManager at: http://0.0.0.0:10614
2021-10-05 12:33:12,904 [Listener at localhost/10612] INFO  http.BaseHttpServer (BaseHttpServer.java:<init>(107)) - Hadoop Security Enabled: false Ozone Security Enabled: false Ozone HTTP Security Enabled: false 
2021-10-05 12:33:12,905 [Listener at localhost/10612] INFO  server.AuthenticationFilter (AuthenticationFilter.java:constructSecretProvider(240)) - Unable to initialize FileSignerSecretProvider, falling back to use random secrets.
2021-10-05 12:33:12,906 [Listener at localhost/10612] WARN  http.HttpRequestLog (HttpRequestLog.java:getRequestLog(103)) - Jetty request log can only be enabled using Log4j
2021-10-05 12:33:12,906 [Listener at localhost/10612] INFO  http.HttpServer2 (HttpServer2.java:addGlobalFilter(1030)) - Added global filter 'safety' (class=org.apache.hadoop.hdds.server.http.HttpServer2$QuotingInputFilter)
2021-10-05 12:33:12,907 [Listener at localhost/10612] INFO  http.HttpServer2 (HttpServer2.java:addFilter(1006)) - Added filter static_user_filter (class=org.apache.hadoop.http.lib.StaticUserWebFilter$StaticUserFilter) to context ozoneManager
2021-10-05 12:33:12,907 [Listener at localhost/10612] INFO  http.HttpServer2 (HttpServer2.java:addFilter(1014)) - Added filter static_user_filter (class=org.apache.hadoop.http.lib.StaticUserWebFilter$StaticUserFilter) to context logs
2021-10-05 12:33:12,907 [Listener at localhost/10612] INFO  http.HttpServer2 (HttpServer2.java:addFilter(1014)) - Added filter static_user_filter (class=org.apache.hadoop.http.lib.StaticUserWebFilter$StaticUserFilter) to context static
2021-10-05 12:33:12,907 [Listener at localhost/10612] INFO  http.HttpServer2 (HttpServer2.java:bindListener(1249)) - Jetty bound to port 10614
2021-10-05 12:33:12,907 [Listener at localhost/10612] INFO  server.Server (Server.java:doStart(375)) - jetty-9.4.43.v20210629; built: 2021-06-30T11:07:22.254Z; git: 526006ecfa3af7f1a27ef3a288e2bef7ea9dd7e8; jvm 1.8.0_292-b10
2021-10-05 12:33:12,909 [Listener at localhost/10612] INFO  server.session (DefaultSessionIdManager.java:doStart(334)) - DefaultSessionIdManager workerName=node0
2021-10-05 12:33:12,909 [Listener at localhost/10612] INFO  server.session (DefaultSessionIdManager.java:doStart(339)) - No SessionScavenger set, using defaults
2021-10-05 12:33:12,909 [Listener at localhost/10612] INFO  server.session (HouseKeeper.java:startScavenging(132)) - node0 Scavenging every 600000ms
2021-10-05 12:33:12,910 [Listener at localhost/10612] INFO  handler.ContextHandler (ContextHandler.java:doStart(915)) - Started o.e.j.s.ServletContextHandler@78580c4b{logs,/logs,file:///home/runner/work/ozone/ozone/hadoop-ozone/integration-test/target/log,AVAILABLE}
2021-10-05 12:33:12,910 [Listener at localhost/10612] INFO  handler.ContextHandler (ContextHandler.java:doStart(915)) - Started o.e.j.s.ServletContextHandler@2a7315e4{static,/static,file:///home/runner/work/ozone/ozone/hadoop-ozone/integration-test/target/test-classes/webapps/static,AVAILABLE}
2021-10-05 12:33:12,912 [Listener at localhost/10612] INFO  handler.ContextHandler (ContextHandler.java:doStart(915)) - Started o.e.j.w.WebAppContext@74646822{ozoneManager,/,file:///home/runner/work/ozone/ozone/hadoop-ozone/integration-test/target/test-classes/webapps/ozoneManager/,AVAILABLE}{file:/home/runner/work/ozone/ozone/hadoop-ozone/integration-test/target/test-classes/webapps/ozoneManager}
2021-10-05 12:33:12,914 [Listener at localhost/10612] INFO  server.AbstractConnector (AbstractConnector.java:doStart(331)) - Started ServerConnector@6ef147bd{HTTP/1.1, (http/1.1)}{0.0.0.0:10614}
2021-10-05 12:33:12,914 [Listener at localhost/10612] INFO  server.Server (Server.java:doStart(415)) - Started @162398ms
2021-10-05 12:33:12,915 [Listener at localhost/10612] WARN  impl.MetricsSystemImpl (MetricsSystemImpl.java:register(279)) - Sink prometheus already exists!
2021-10-05 12:33:12,915 [Listener at localhost/10612] INFO  http.BaseHttpServer (BaseHttpServer.java:updateConnectorAddress(329)) - HTTP server of ozoneManager listening at http://0.0.0.0:10614
2021-10-05 12:33:12,915 [IPC Server Responder] INFO  ipc.Server (Server.java:run(1507)) - IPC Server Responder: starting
2021-10-05 12:33:12,916 [IPC Server listener on 10612] INFO  ipc.Server (Server.java:run(1344)) - IPC Server listener on 10612: starting
2021-10-05 12:33:12,919 [Listener at localhost/10612] INFO  om.OzoneManager (OzoneManager.java:startTrashEmptier(1543)) - Trash Interval set to 0. Files deleted will not move to trash
2021-10-05 12:33:12,919 [Listener at localhost/10612] INFO  om.OzoneManager (OzoneManager.java:stop(1644)) - Stopping Ozone Manager
2021-10-05 12:33:12,919 [Listener at localhost/10612] INFO  ipc.Server (Server.java:stop(3414)) - Stopping server on 10600
2021-10-05 12:33:12,921 [IPC Server listener on 10600] INFO  ipc.Server (Server.java:run(1376)) - Stopping IPC Server listener on 10600
2021-10-05 12:33:12,922 [IPC Server Responder] INFO  ipc.Server (Server.java:run(1512)) - Stopping IPC Server Responder
2021-10-05 12:33:12,923 [Listener at localhost/10612] INFO  server.RaftServer (RaftServerProxy.java:lambda$close$6(391)) - omNode-1: close
2021-10-05 12:33:12,923 [Listener at localhost/10612] INFO  server.RaftServer$Division (RaftServerImpl.java:lambda$close$4(407)) - omNode-1@group-523986131536: shutdown
2021-10-05 12:33:12,923 [Listener at localhost/10612] INFO  util.JmxRegister (JmxRegister.java:unregister(73)) - Successfully un-registered JMX Bean with object name Ratis:service=RaftServer,group=group-523986131536,id=omNode-1
2021-10-05 12:33:12,923 [Listener at localhost/10612] INFO  impl.RoleInfo (RoleInfo.java:shutdownFollowerState(108)) - omNode-1: shutdown omNode-1@group-523986131536-FollowerState
2021-10-05 12:33:12,923 [Listener at localhost/10612] INFO  impl.StateMachineUpdater (StateMachineUpdater.java:stopAndJoin(149)) - omNode-1@group-523986131536-StateMachineUpdater: set stopIndex = 17
2021-10-05 12:33:12,923 [omNode-1@group-523986131536-FollowerState] INFO  impl.FollowerState (FollowerState.java:run(143)) - omNode-1@group-523986131536-FollowerState was interrupted: {}
java.lang.InterruptedException: sleep interrupted
	at java.lang.Thread.sleep(Native Method)
	at java.lang.Thread.sleep(Thread.java:340)
	at java.util.concurrent.TimeUnit.sleep(TimeUnit.java:386)
	at org.apache.ratis.util.TimeDuration.sleep(TimeDuration.java:324)
	at org.apache.ratis.util.TimeDuration.sleep(TimeDuration.java:309)
	at org.apache.ratis.server.impl.FollowerState.run(FollowerState.java:118)
2021-10-05 12:33:12,923 [omNode-1@group-523986131536-StateMachineUpdater] INFO  ratis.OzoneManagerStateMachine (OzoneManagerStateMachine.java:close(471)) - StateMachine has shutdown. Shutdown OzoneManager if not already shutdown.
2021-10-05 12:33:12,924 [Listener at localhost/10612] INFO  server.RaftServer$Division (ServerState.java:close(419)) - omNode-1@group-523986131536: closes. applyIndex: 17
2021-10-05 12:33:12,924 [omNode-1@group-523986131536-SegmentedRaftLogWorker] INFO  segmented.SegmentedRaftLogWorker (SegmentedRaftLogWorker.java:run(327)) - omNode-1@group-523986131536-SegmentedRaftLogWorker was interrupted, exiting. There are 0 tasks remaining in the queue.
2021-10-05 12:33:12,924 [Listener at localhost/10612] INFO  segmented.SegmentedRaftLogWorker (SegmentedRaftLogWorker.java:close(237)) - omNode-1@group-523986131536-SegmentedRaftLogWorker close()
2021-10-05 12:33:12,925 [Listener at localhost/10612] INFO  server.GrpcService (GrpcService.java:closeImpl(262)) - omNode-1: shutdown server with port 10604 now
2021-10-05 12:33:12,925 [org.apache.hadoop.util.JvmPauseMonitor$Monitor@3477ae8f] INFO  util.JvmPauseMonitor (JvmPauseMonitor.java:run(188)) - Starting JVM pause monitor
2021-10-05 12:33:12,926 [grpc-default-executor-1] WARN  server.GrpcServerProtocolService (LogUtils.java:warn(122)) - omNode-1: installSnapshot onError, lastRequest: omNode-2->omNode-1#1-t4,previous=(t:3, i:19),leaderCommit=19,initializing? true,entries: size=1, first=(t:4, i:20), CONFIGURATIONENTRY: org.apache.ratis.thirdparty.io.grpc.StatusRuntimeException: CANCELLED: client cancelled
2021-10-05 12:33:12,928 [grpc-default-executor-1] WARN  server.GrpcLogAppender (LogUtils.java:warn(122)) - omNode-2@group-523986131536->omNode-1-AppendLogResponseHandler: Failed appendEntries: org.apache.ratis.thirdparty.io.grpc.StatusRuntimeException: CANCELLED: HTTP/2 error code: CANCEL
Received Rst Stream
2021-10-05 12:33:12,929 [grpc-default-executor-1] INFO  leader.FollowerInfo (FollowerInfoImpl.java:lambda$new$0(46)) - omNode-2@group-523986131536->omNode-1: nextIndex: updateUnconditionally 24 -> 18
2021-10-05 12:33:12,929 [grpc-default-executor-8] INFO  server.GrpcLogAppender (GrpcLogAppender.java:onError(333)) - omNode-2@group-523986131536->omNode-1-GrpcLogAppender is stopped
2021-10-05 12:33:12,929 [grpc-default-executor-7] WARN  server.GrpcServerProtocolService (LogUtils.java:warn(122)) - omNode-1: installSnapshot onError, lastRequest: omNode-2->omNode-1#12224-t4,previous=(t:0, i:0),leaderCommit=6,initializing? false,entries: size=6, first=(t:3, i:18), CONFIGURATIONENTRY: org.apache.ratis.thirdparty.io.grpc.StatusRuntimeException: CANCELLED: client cancelled
2021-10-05 12:33:12,931 [Listener at localhost/10612] INFO  server.GrpcService (GrpcService.java:closeImpl(271)) - omNode-1: shutdown server with port 10604 successfully
2021-10-05 12:33:12,931 [org.apache.ratis.util.JvmPauseMonitor$$Lambda$523/2137356424@95eb3af] INFO  util.JvmPauseMonitor (JvmPauseMonitor.java:run(109)) - JvmPauseMonitor-omNode-1: Stopped
2021-10-05 12:33:12,931 [Listener at localhost/10612] INFO  ratis.OzoneManagerDoubleBuffer (OzoneManagerDoubleBuffer.java:stop(437)) - Stopping OMDoubleBuffer flush thread
2021-10-05 12:33:12,931 [OMDoubleBufferFlushThread] INFO  ratis.OzoneManagerDoubleBuffer (OzoneManagerDoubleBuffer.java:flushTransactions(356)) - OMDoubleBuffer flush thread OMDoubleBufferFlushThread is interrupted and will exit. OMDoubleBufferFlushThread
2021-10-05 12:33:12,932 [Listener at localhost/10612] INFO  handler.ContextHandler (ContextHandler.java:doStop(1153)) - Stopped o.e.j.w.WebAppContext@3ca9cce0{ozoneManager,/,null,STOPPED}{file:/home/runner/work/ozone/ozone/hadoop-ozone/integration-test/target/test-classes/webapps/ozoneManager}
2021-10-05 12:33:12,932 [Listener at localhost/10612] INFO  server.AbstractConnector (AbstractConnector.java:doStop(381)) - Stopped ServerConnector@43d870ee{HTTP/1.1, (http/1.1)}{0.0.0.0:10602}
2021-10-05 12:33:12,932 [Listener at localhost/10612] INFO  server.session (HouseKeeper.java:stopScavenging(149)) - node0 Stopped scavenging
2021-10-05 12:33:12,932 [Listener at localhost/10612] INFO  handler.ContextHandler (ContextHandler.java:doStop(1153)) - Stopped o.e.j.s.ServletContextHandler@32309b19{static,/static,file:///home/runner/work/ozone/ozone/hadoop-ozone/integration-test/target/test-classes/webapps/static,STOPPED}
2021-10-05 12:33:12,932 [Listener at localhost/10612] INFO  handler.ContextHandler (ContextHandler.java:doStop(1153)) - Stopped o.e.j.s.ServletContextHandler@36eaa8f6{logs,/logs,file:///home/runner/work/ozone/ozone/hadoop-ozone/integration-test/target/log,STOPPED}
2021-10-05 12:33:12,934 [Listener at localhost/10612] INFO  om.OzoneManager (OzoneManager.java:initFSOLayout(4333)) - Configured ozone.om.metadata.layout=SIMPLE and disabled optimized OM FS operations
2021-10-05 12:33:12,934 [Listener at localhost/10612] INFO  om.OzoneManager (OzoneManager.java:restart(1365)) - OzoneManager RPC server is listening at localhost/127.0.0.1:10600
2021-10-05 12:33:12,935 [Listener at localhost/10612] INFO  impl.MetricsSystemImpl (MetricsSystemImpl.java:init(158)) - OzoneManager metrics system started (again)
2021-10-05 12:33:12,941 [grpc-default-executor-8] WARN  server.GrpcLogAppender (LogUtils.java:warn(122)) - omNode-2@group-523986131536->omNode-1-AppendLogResponseHandler: Failed appendEntries: org.apache.ratis.thirdparty.io.grpc.StatusRuntimeException: UNAVAILABLE: io exception
2021-10-05 12:33:12,941 [grpc-default-executor-8] INFO  leader.FollowerInfo (FollowerInfoImpl.java:lambda$new$0(46)) - omNode-2@group-523986131536->omNode-1: nextIndex: updateUnconditionally 24 -> 18
2021-10-05 12:33:12,951 [Listener at localhost/10612] WARN  server.ServerUtils (ServerUtils.java:getDBPath(225)) - ozone.om.db.dirs is not configured. We recommend adding this setting. Falling back to ozone.metadata.dirs instead.
2021-10-05 12:33:12,952 [Listener at localhost/10612] INFO  codec.OmKeyInfoCodec (OmKeyInfoCodec.java:<init>(51)) - OmKeyInfoCodec ignorePipeline = true
2021-10-05 12:33:12,952 [Listener at localhost/10612] INFO  codec.RepeatedOmKeyInfoCodec (RepeatedOmKeyInfoCodec.java:<init>(42)) - RepeatedOmKeyInfoCodec ignorePipeline = true
2021-10-05 12:33:12,983 [Listener at localhost/10612] WARN  om.OzoneManager (OzoneManager.java:instantiatePrepareStateOnStartup(4212)) - Prepare marker file index 17 does not match DB prepare index 14. Writing DB index to prepare file and maintaining prepared state.
2021-10-05 12:33:12,984 [Listener at localhost/10612] INFO  om.OzoneManagerPrepareState (OzoneManagerPrepareState.java:writePrepareMarkerFile(262)) - Prepare marker file written with log index 14 to file /home/runner/work/ozone/ozone/hadoop-ozone/integration-test/target/test-dir/MiniOzoneClusterImpl-37ac24e5-edd8-4d0c-a990-01310c91afa3/omNode-1/current/prepareMarker
2021-10-05 12:33:12,984 [Listener at localhost/10612] WARN  impl.MetricRegistriesImpl (MetricRegistriesImpl.java:addReporterRegistration(111)) - New reporters are added after registries were created. Some metrics will be missing from the reporter. Please add reporter before adding any new registry.
2021-10-05 12:33:12,984 [Listener at localhost/10612] WARN  impl.MetricRegistriesImpl (MetricRegistriesImpl.java:addReporterRegistration(111)) - New reporters are added after registries were created. Some metrics will be missing from the reporter. Please add reporter before adding any new registry.
2021-10-05 12:33:12,985 [Listener at localhost/10612] WARN  server.ServerUtils (ServerUtils.java:getDefaultRatisDirectory(237)) - Storage directory for Ratis is not configured. It is a good idea to map this to an SSD disk. Falling back to ozone.metadata.dirs
2021-10-05 12:33:12,985 [Listener at localhost/10612] INFO  ratis.OzoneManagerRatisServer (OzoneManagerRatisServer.java:<init>(158)) - Instantiating OM Ratis server with groupID: om-service-test1 and peers: localhost:10604, localhost:10616, localhost:10610
2021-10-05 12:33:12,986 [Listener at localhost/10612] INFO  ratis.OzoneManagerStateMachine (OzoneManagerStateMachine.java:loadSnapshotInfoFromDB(605)) - LastAppliedIndex is set from TransactionInfo from OM DB as (t:2, i:17)
2021-10-05 12:33:12,987 [Listener at localhost/10612] INFO  server.RaftServer (ConfUtils.java:logGet(44)) - raft.rpc.type = GRPC (default)
2021-10-05 12:33:12,987 [Listener at localhost/10612] INFO  grpc.GrpcFactory (GrpcFactory.java:checkPooledByteBufAllocatorUseCacheForAllThreads(48)) - PERFORMANCE WARNING: useCacheForAllThreads is true that may cause Netty to create a lot garbage objects and, as a result, trigger GC.
	It is recommended to disable useCacheForAllThreads by setting -Dorg.apache.ratis.thirdparty.io.netty.allocator.useCacheForAllThreads=false in command line.
2021-10-05 12:33:12,987 [Listener at localhost/10612] INFO  grpc.GrpcConfigKeys (ConfUtils.java:logGet(44)) - raft.grpc.admin.port = -1 (default)
2021-10-05 12:33:12,988 [Listener at localhost/10612] INFO  grpc.GrpcConfigKeys (ConfUtils.java:logGet(44)) - raft.grpc.server.port = 10604 (custom)
2021-10-05 12:33:12,988 [Listener at localhost/10612] INFO  grpc.GrpcConfigKeys (ConfUtils.java:logGet(44)) - raft.grpc.client.port = -1 (default)
2021-10-05 12:33:12,988 [Listener at localhost/10612] INFO  grpc.GrpcConfigKeys (ConfUtils.java:logGet(44)) - raft.grpc.server.port = 10604 (custom)
2021-10-05 12:33:12,988 [Listener at localhost/10612] INFO  grpc.GrpcConfigKeys (ConfUtils.java:logGet(44)) - raft.grpc.server.port = 10604 (custom)
2021-10-05 12:33:12,988 [Listener at localhost/10612] INFO  server.GrpcService (ConfUtils.java:logGet(44)) - raft.grpc.message.size.max = 33554432 (custom)
2021-10-05 12:33:12,988 [Listener at localhost/10612] INFO  server.RaftServerConfigKeys (ConfUtils.java:logGet(44)) - raft.server.log.appender.buffer.byte-limit = 33554432 (custom)
2021-10-05 12:33:12,988 [Listener at localhost/10612] INFO  server.GrpcService (ConfUtils.java:logGet(44)) - raft.grpc.flow.control.window = 1MB (=1048576) (default)
2021-10-05 12:33:12,988 [Listener at localhost/10612] INFO  server.RaftServerConfigKeys (ConfUtils.java:logGet(44)) - raft.server.rpc.request.timeout = 3000ms (default)
2021-10-05 12:33:12,989 [Listener at localhost/10612] INFO  impl.DataStreamServerImpl (ConfUtils.java:logGet(44)) - raft.datastream.type = DISABLED (default)
2021-10-05 12:33:12,989 [Listener at localhost/10612] INFO  server.RaftServerConfigKeys (ConfUtils.java:logGet(44)) - raft.server.rpc.slowness.timeout = 2s (custom)
2021-10-05 12:33:12,989 [Listener at localhost/10612] INFO  server.RaftServerConfigKeys (ConfUtils.java:logGet(44)) - raft.server.leaderelection.leader.step-down.wait-time = 10s (default)
2021-10-05 12:33:12,989 [Listener at localhost/10612] INFO  server.RaftServerConfigKeys (ConfUtils.java:logGet(44)) - raft.server.storage.dir = [/home/runner/work/ozone/ozone/hadoop-ozone/integration-test/target/test-dir/MiniOzoneClusterImpl-37ac24e5-edd8-4d0c-a990-01310c91afa3/omNode-1/ratis] (custom)
2021-10-05 12:33:12,990 [Listener at localhost/10612] INFO  server.RaftServer (RaftServerProxy.java:lambda$null$1(235)) - omNode-1: found a subdirectory /home/runner/work/ozone/ozone/hadoop-ozone/integration-test/target/test-dir/MiniOzoneClusterImpl-37ac24e5-edd8-4d0c-a990-01310c91afa3/omNode-1/ratis/c9bc4cf4-3bc3-3c60-a66b-523986131536
2021-10-05 12:33:12,990 [Listener at localhost/10612] INFO  server.RaftServer (RaftServerProxy.java:addNew(95)) - omNode-1: addNew group-523986131536:[omNode-3|rpc:localhost:10616|priority:0, omNode-1|rpc:localhost:10604|priority:0, omNode-2|rpc:localhost:10610|priority:0] returns group-523986131536:java.util.concurrent.CompletableFuture@1e684eda[Not completed]
2021-10-05 12:33:12,990 [Listener at localhost/10612] INFO  om.OzoneManager (OzoneManager.java:initializeRatisServer(1585)) - OzoneManager Ratis server initialized at port 10604
2021-10-05 12:33:12,990 [pool-251-thread-1] INFO  server.RaftServer$Division (RaftServerImpl.java:<init>(181)) - omNode-1: new RaftServerImpl for group-523986131536:[omNode-3|rpc:localhost:10616|priority:0, omNode-1|rpc:localhost:10604|priority:0, omNode-2|rpc:localhost:10610|priority:0] with OzoneManagerStateMachine:uninitialized
2021-10-05 12:33:12,990 [Listener at localhost/10612] INFO  ratis.OzoneManagerRatisServer (OzoneManagerRatisServer.java:start(516)) - Starting OzoneManagerRatisServer omNode-1 at port 10604
2021-10-05 12:33:12,991 [pool-251-thread-1] INFO  server.RaftServerConfigKeys (ConfUtils.java:logGet(44)) - raft.server.rpc.timeout.min = 1s (custom)
2021-10-05 12:33:12,991 [pool-251-thread-1] INFO  server.RaftServerConfigKeys (ConfUtils.java:logGet(44)) - raft.server.rpc.timeout.max = 1200ms (custom)
2021-10-05 12:33:12,991 [pool-251-thread-1] INFO  server.RaftServerConfigKeys (ConfUtils.java:logGet(44)) - raft.server.rpc.sleep.time = 25ms (default)
2021-10-05 12:33:12,992 [pool-251-thread-1] INFO  server.RaftServerConfigKeys (ConfUtils.java:logGet(44)) - raft.server.rpc.slowness.timeout = 2s (custom)
2021-10-05 12:33:12,992 [pool-251-thread-1] INFO  server.RaftServerConfigKeys (ConfUtils.java:logGet(44)) - raft.server.leaderelection.leader.step-down.wait-time = 10s (default)
2021-10-05 12:33:12,992 [pool-251-thread-1] INFO  server.RaftServerConfigKeys (ConfUtils.java:logGet(44)) - raft.server.sleep.deviation.threshold = 300ms (default)
2021-10-05 12:33:12,992 [pool-251-thread-1] INFO  server.RaftServerConfigKeys (ConfUtils.java:logGet(44)) - raft.server.log.appender.install.snapshot.enabled = false (custom)
2021-10-05 12:33:12,992 [pool-251-thread-1] INFO  server.RaftServer$Division (ServerState.java:<init>(105)) - omNode-1@group-523986131536: ConfigurationManager, init=-1: [omNode-3|rpc:localhost:10616|priority:0, omNode-1|rpc:localhost:10604|priority:0, omNode-2|rpc:localhost:10610|priority:0], old=null, confs=<EMPTY_MAP>
2021-10-05 12:33:12,992 [pool-251-thread-1] INFO  server.RaftServerConfigKeys (ConfUtils.java:logGet(44)) - raft.server.storage.dir = [/home/runner/work/ozone/ozone/hadoop-ozone/integration-test/target/test-dir/MiniOzoneClusterImpl-37ac24e5-edd8-4d0c-a990-01310c91afa3/omNode-1/ratis] (custom)
2021-10-05 12:33:12,992 [pool-251-thread-1] INFO  server.RaftServerConfigKeys (ConfUtils.java:logGet(44)) - raft.server.log.corruption.policy = EXCEPTION (default)
2021-10-05 12:33:12,992 [pool-251-thread-1] INFO  server.RaftServerConfigKeys (ConfUtils.java:logGet(44)) - raft.server.storage.free-space.min = 0MB (=0) (default)
2021-10-05 12:33:12,993 [pool-251-thread-1] INFO  storage.RaftStorageDirectory (RaftStorageDirectoryImpl.java:tryLock(230)) - Lock on /home/runner/work/ozone/ozone/hadoop-ozone/integration-test/target/test-dir/MiniOzoneClusterImpl-37ac24e5-edd8-4d0c-a990-01310c91afa3/omNode-1/ratis/c9bc4cf4-3bc3-3c60-a66b-523986131536/in_use.lock acquired by nodename 8782@fv-az270-324
2021-10-05 12:33:12,994 [pool-251-thread-1] INFO  storage.RaftStorage (RaftStorageImpl.java:analyzeAndRecoverStorage(110)) - Read RaftStorageMetadata{term=4, votedFor=omNode-2} from /home/runner/work/ozone/ozone/hadoop-ozone/integration-test/target/test-dir/MiniOzoneClusterImpl-37ac24e5-edd8-4d0c-a990-01310c91afa3/omNode-1/ratis/c9bc4cf4-3bc3-3c60-a66b-523986131536/current/raft-meta
2021-10-05 12:33:12,994 [pool-251-thread-1] INFO  server.RaftServer$Division (ServerState.java:setRaftConf(387)) - omNode-1@group-523986131536: set configuration 20: [omNode-3|rpc:localhost:10616|admin:|client:|dataStream:|priority:0, omNode-1|rpc:localhost:10604|admin:|client:|dataStream:|priority:0, omNode-2|rpc:localhost:10610|admin:|client:|dataStream:|priority:0], old=null
2021-10-05 12:33:12,994 [pool-251-thread-1] INFO  server.RaftServerConfigKeys (ConfUtils.java:logGet(44)) - raft.server.notification.no-leader.timeout = 2s (custom)
2021-10-05 12:33:12,994 [pool-251-thread-1] INFO  server.RaftServerConfigKeys (ConfUtils.java:logGet(44)) - raft.server.log.use.memory = false (default)
2021-10-05 12:33:12,994 [pool-251-thread-1] INFO  server.RaftServerConfigKeys (ConfUtils.java:logGet(44)) - raft.server.log.purge.gap = 50 (custom)
2021-10-05 12:33:12,994 [pool-251-thread-1] INFO  server.RaftServerConfigKeys (ConfUtils.java:logGet(44)) - raft.server.log.appender.buffer.byte-limit = 33554432 (custom)
2021-10-05 12:33:12,994 [pool-251-thread-1] INFO  server.RaftServerConfigKeys (ConfUtils.java:logGet(44)) - raft.server.log.segment.size.max = 4194304 (custom)
2021-10-05 12:33:12,995 [pool-251-thread-1] INFO  server.RaftServerConfigKeys (ConfUtils.java:logGet(44)) - raft.server.log.segment.cache.num.max = 2 (custom)
2021-10-05 12:33:12,995 [pool-251-thread-1] INFO  server.RaftServerConfigKeys (ConfUtils.java:logGet(44)) - raft.server.log.segment.cache.size.max = 200MB (=209715200) (default)
2021-10-05 12:33:12,995 [pool-251-thread-1] INFO  segmented.SegmentedRaftLogWorker (SegmentedRaftLogWorker.java:<init>(182)) - new omNode-1@group-523986131536-SegmentedRaftLogWorker for RaftStorageImpl:Storage Directory /home/runner/work/ozone/ozone/hadoop-ozone/integration-test/target/test-dir/MiniOzoneClusterImpl-37ac24e5-edd8-4d0c-a990-01310c91afa3/omNode-1/ratis/c9bc4cf4-3bc3-3c60-a66b-523986131536
2021-10-05 12:33:12,995 [pool-251-thread-1] INFO  server.RaftServerConfigKeys (ConfUtils.java:logGet(44)) - raft.server.log.queue.byte-limit = 64MB (=67108864) (default)
2021-10-05 12:33:12,995 [pool-251-thread-1] INFO  server.RaftServerConfigKeys (ConfUtils.java:logGet(44)) - raft.server.log.queue.element-limit = 4096 (default)
2021-10-05 12:33:12,995 [pool-251-thread-1] INFO  server.RaftServerConfigKeys (ConfUtils.java:logGet(44)) - raft.server.log.segment.size.max = 4194304 (custom)
2021-10-05 12:33:12,995 [pool-251-thread-1] INFO  server.RaftServerConfigKeys (ConfUtils.java:logGet(44)) - raft.server.log.preallocated.size = 4194304 (custom)
2021-10-05 12:33:12,995 [pool-251-thread-1] INFO  server.RaftServerConfigKeys (ConfUtils.java:logGet(44)) - raft.server.log.force.sync.num = 128 (default)
2021-10-05 12:33:12,995 [pool-251-thread-1] INFO  server.RaftServerConfigKeys (ConfUtils.java:logGet(44)) - raft.server.log.statemachine.data.sync = true (default)
2021-10-05 12:33:12,995 [pool-251-thread-1] INFO  server.RaftServerConfigKeys (ConfUtils.java:logGet(44)) - raft.server.log.statemachine.data.sync.timeout = 10s (default)
2021-10-05 12:33:12,996 [pool-251-thread-1] INFO  server.RaftServerConfigKeys (ConfUtils.java:logGet(44)) - raft.server.log.statemachine.data.sync.timeout.retry = -1 (default)
2021-10-05 12:33:12,996 [pool-251-thread-1] INFO  server.RaftServerConfigKeys (ConfUtils.java:logGet(44)) - raft.server.log.write.buffer.size = 64KB (=65536) (default)
2021-10-05 12:33:12,997 [pool-251-thread-1] INFO  server.RaftServerConfigKeys (ConfUtils.java:logGet(44)) - raft.server.log.statemachine.data.caching.enabled = false (default)
2021-10-05 12:33:12,997 [pool-251-thread-1] INFO  segmented.SegmentedRaftLogWorker (SegmentedRaftLogWorker.java:lambda$new$0(133)) - omNode-1@group-523986131536-SegmentedRaftLogWorker: flushIndex: setUnconditionally 0 -> 17
2021-10-05 12:33:12,997 [pool-251-thread-1] INFO  segmented.SegmentedRaftLogWorker (SegmentedRaftLogWorker.java:lambda$new$0(133)) - omNode-1@group-523986131536-SegmentedRaftLogWorker: safeCacheEvictIndex: setUnconditionally 0 -> -1
2021-10-05 12:33:12,997 [pool-251-thread-1] INFO  server.RaftServerConfigKeys (ConfUtils.java:logGet(44)) - raft.server.snapshot.auto.trigger.enabled = true (custom)
2021-10-05 12:33:12,997 [pool-251-thread-1] INFO  server.RaftServerConfigKeys (ConfUtils.java:logGet(44)) - raft.server.snapshot.auto.trigger.threshold = 50 (custom)
2021-10-05 12:33:12,997 [pool-251-thread-1] INFO  server.RaftServerConfigKeys (ConfUtils.java:logGet(44)) - raft.server.snapshot.retention.file.num = -1 (default)
2021-10-05 12:33:12,997 [pool-251-thread-1] INFO  server.RaftServerConfigKeys (ConfUtils.java:logGet(44)) - raft.server.log.purge.upto.snapshot.index = true (custom)
2021-10-05 12:33:12,997 [pool-251-thread-1] INFO  server.RaftServerConfigKeys (ConfUtils.java:logGet(44)) - raft.server.retrycache.expirytime = 30000ms (custom)
2021-10-05 12:33:12,997 [pool-251-thread-1] INFO  server.RaftServerConfigKeys (ConfUtils.java:logGet(44)) - raft.server.retrycache.statistics.expirytime = 100μs (default)
2021-10-05 12:33:12,998 [Listener at localhost/10612] INFO  server.RaftServer$Division (RaftServerImpl.java:start(296)) - omNode-1@group-523986131536: start as a follower, conf=20: [omNode-3|rpc:localhost:10616|admin:|client:|dataStream:|priority:0, omNode-1|rpc:localhost:10604|admin:|client:|dataStream:|priority:0, omNode-2|rpc:localhost:10610|admin:|client:|dataStream:|priority:0], old=null
2021-10-05 12:33:12,998 [Listener at localhost/10612] INFO  server.RaftServer$Division (RaftServerImpl.java:setRole(285)) - omNode-1@group-523986131536: changes role from      null to FOLLOWER at term 4 for startAsFollower
2021-10-05 12:33:12,999 [Listener at localhost/10612] INFO  impl.RoleInfo (RoleInfo.java:updateAndGet(130)) - omNode-1: start omNode-1@group-523986131536-FollowerState
2021-10-05 12:33:13,005 [Listener at localhost/10612] INFO  util.JmxRegister (JmxRegister.java:tryRegister(44)) - Successfully registered JMX Bean with object name Ratis:service=RaftServer,group=group-523986131536,id=omNode-1
2021-10-05 12:33:13,006 [Listener at localhost/10612] INFO  server.RaftServer (RaftServerProxy.java:lambda$start$5(374)) - omNode-1: start RPC server
2021-10-05 12:33:13,010 [Listener at localhost/10612] INFO  server.GrpcService (GrpcService.java:startImpl(253)) - omNode-1: GrpcService started, listening on 10604
2021-10-05 12:33:13,010 [Listener at localhost/10612] INFO  ipc.CallQueueManager (CallQueueManager.java:<init>(90)) - Using callQueue: class java.util.concurrent.LinkedBlockingQueue, queueCapacity: 2000, scheduler: class org.apache.hadoop.ipc.DefaultRpcScheduler, ipcBackoff: false.
2021-10-05 12:33:13,011 [org.apache.ratis.util.JvmPauseMonitor$$Lambda$523/2137356424@1898b3d] INFO  util.JvmPauseMonitor (JvmPauseMonitor.java:run(103)) - JvmPauseMonitor-omNode-1: Started
2021-10-05 12:33:13,012 [Socket Reader #1 for port 10600] INFO  ipc.Server (Server.java:run(1265)) - Starting Socket Reader #1 for port 10600
2021-10-05 12:33:13,016 [Listener at localhost/10600] INFO  http.BaseHttpServer (BaseHttpServer.java:newHttpServer2BuilderForOzone(209)) - Starting Web-server for ozoneManager at: http://0.0.0.0:10602
2021-10-05 12:33:13,016 [Listener at localhost/10600] INFO  http.BaseHttpServer (BaseHttpServer.java:<init>(107)) - Hadoop Security Enabled: false Ozone Security Enabled: false Ozone HTTP Security Enabled: false 
2021-10-05 12:33:13,017 [Listener at localhost/10600] INFO  server.AuthenticationFilter (AuthenticationFilter.java:constructSecretProvider(240)) - Unable to initialize FileSignerSecretProvider, falling back to use random secrets.
2021-10-05 12:33:13,017 [Listener at localhost/10600] WARN  http.HttpRequestLog (HttpRequestLog.java:getRequestLog(103)) - Jetty request log can only be enabled using Log4j
2021-10-05 12:33:13,018 [Listener at localhost/10600] INFO  http.HttpServer2 (HttpServer2.java:addGlobalFilter(1030)) - Added global filter 'safety' (class=org.apache.hadoop.hdds.server.http.HttpServer2$QuotingInputFilter)
2021-10-05 12:33:13,019 [Listener at localhost/10600] INFO  http.HttpServer2 (HttpServer2.java:addFilter(1006)) - Added filter static_user_filter (class=org.apache.hadoop.http.lib.StaticUserWebFilter$StaticUserFilter) to context ozoneManager
2021-10-05 12:33:13,019 [Listener at localhost/10600] INFO  http.HttpServer2 (HttpServer2.java:addFilter(1014)) - Added filter static_user_filter (class=org.apache.hadoop.http.lib.StaticUserWebFilter$StaticUserFilter) to context logs
2021-10-05 12:33:13,019 [Listener at localhost/10600] INFO  http.HttpServer2 (HttpServer2.java:addFilter(1014)) - Added filter static_user_filter (class=org.apache.hadoop.http.lib.StaticUserWebFilter$StaticUserFilter) to context static
2021-10-05 12:33:13,019 [Listener at localhost/10600] INFO  http.HttpServer2 (HttpServer2.java:bindListener(1249)) - Jetty bound to port 10602
2021-10-05 12:33:13,019 [Listener at localhost/10600] INFO  server.Server (Server.java:doStart(375)) - jetty-9.4.43.v20210629; built: 2021-06-30T11:07:22.254Z; git: 526006ecfa3af7f1a27ef3a288e2bef7ea9dd7e8; jvm 1.8.0_292-b10
2021-10-05 12:33:13,021 [Listener at localhost/10600] INFO  server.session (DefaultSessionIdManager.java:doStart(334)) - DefaultSessionIdManager workerName=node0
2021-10-05 12:33:13,021 [Listener at localhost/10600] INFO  server.session (DefaultSessionIdManager.java:doStart(339)) - No SessionScavenger set, using defaults
2021-10-05 12:33:13,021 [Listener at localhost/10600] INFO  server.session (HouseKeeper.java:startScavenging(132)) - node0 Scavenging every 600000ms
2021-10-05 12:33:13,022 [Listener at localhost/10600] INFO  handler.ContextHandler (ContextHandler.java:doStart(915)) - Started o.e.j.s.ServletContextHandler@24606c12{logs,/logs,file:///home/runner/work/ozone/ozone/hadoop-ozone/integration-test/target/log,AVAILABLE}
2021-10-05 12:33:13,022 [Listener at localhost/10600] INFO  handler.ContextHandler (ContextHandler.java:doStart(915)) - Started o.e.j.s.ServletContextHandler@4959b77{static,/static,file:///home/runner/work/ozone/ozone/hadoop-ozone/integration-test/target/test-classes/webapps/static,AVAILABLE}
2021-10-05 12:33:13,024 [Listener at localhost/10600] INFO  handler.ContextHandler (ContextHandler.java:doStart(915)) - Started o.e.j.w.WebAppContext@699cee9c{ozoneManager,/,file:///home/runner/work/ozone/ozone/hadoop-ozone/integration-test/target/test-classes/webapps/ozoneManager/,AVAILABLE}{file:/home/runner/work/ozone/ozone/hadoop-ozone/integration-test/target/test-classes/webapps/ozoneManager}
2021-10-05 12:33:13,026 [Listener at localhost/10600] INFO  server.AbstractConnector (AbstractConnector.java:doStart(331)) - Started ServerConnector@75487dee{HTTP/1.1, (http/1.1)}{0.0.0.0:10602}
2021-10-05 12:33:13,026 [Listener at localhost/10600] INFO  server.Server (Server.java:doStart(415)) - Started @162509ms
2021-10-05 12:33:13,026 [Listener at localhost/10600] WARN  impl.MetricsSystemImpl (MetricsSystemImpl.java:register(279)) - Sink prometheus already exists!
2021-10-05 12:33:13,027 [Listener at localhost/10600] INFO  http.BaseHttpServer (BaseHttpServer.java:updateConnectorAddress(329)) - HTTP server of ozoneManager listening at http://0.0.0.0:10602
2021-10-05 12:33:13,027 [IPC Server Responder] INFO  ipc.Server (Server.java:run(1507)) - IPC Server Responder: starting
2021-10-05 12:33:13,027 [IPC Server listener on 10600] INFO  ipc.Server (Server.java:run(1344)) - IPC Server listener on 10600: starting
2021-10-05 12:33:13,033 [Listener at localhost/10600] INFO  om.OzoneManager (OzoneManager.java:startTrashEmptier(1543)) - Trash Interval set to 0. Files deleted will not move to trash
2021-10-05 12:33:13,034 [Listener at localhost/10600] INFO  om.OzoneManager (OzoneManager.java:stop(1644)) - Stopping Ozone Manager
2021-10-05 12:33:13,034 [Listener at localhost/10600] INFO  ipc.Server (Server.java:stop(3414)) - Stopping server on 10606
2021-10-05 12:33:13,040 [org.apache.hadoop.util.JvmPauseMonitor$Monitor@599d39e0] INFO  util.JvmPauseMonitor (JvmPauseMonitor.java:run(188)) - Starting JVM pause monitor
2021-10-05 12:33:13,041 [IPC Server Responder] INFO  ipc.Server (Server.java:run(1512)) - Stopping IPC Server Responder
2021-10-05 12:33:13,041 [Listener at localhost/10600] INFO  server.RaftServer (RaftServerProxy.java:lambda$close$6(391)) - omNode-2: close
2021-10-05 12:33:13,041 [IPC Server listener on 10606] INFO  ipc.Server (Server.java:run(1376)) - Stopping IPC Server listener on 10606
2021-10-05 12:33:13,042 [Listener at localhost/10600] INFO  server.RaftServer$Division (RaftServerImpl.java:lambda$close$4(407)) - omNode-2@group-523986131536: shutdown
2021-10-05 12:33:13,042 [Listener at localhost/10600] INFO  util.JmxRegister (JmxRegister.java:unregister(73)) - Successfully un-registered JMX Bean with object name Ratis:service=RaftServer,group=group-523986131536,id=omNode-2
2021-10-05 12:33:13,042 [Listener at localhost/10600] INFO  impl.RoleInfo (RoleInfo.java:shutdownLeaderState(91)) - omNode-2: shutdown omNode-2@group-523986131536-LeaderStateImpl
2021-10-05 12:33:13,042 [omNode-2@group-523986131536->omNode-3-GrpcLogAppender-LogAppenderDaemon] WARN  server.GrpcLogAppender (GrpcLogAppender.java:mayWait(175)) - omNode-2@group-523986131536->omNode-3-GrpcLogAppender: Wait interrupted by java.lang.InterruptedException
2021-10-05 12:33:13,042 [omNode-2@group-523986131536->omNode-1-GrpcLogAppender-LogAppenderDaemon] WARN  server.GrpcLogAppender (GrpcLogAppender.java:mayWait(175)) - omNode-2@group-523986131536->omNode-1-GrpcLogAppender: Wait interrupted by java.lang.InterruptedException
2021-10-05 12:33:13,042 [Listener at localhost/10600] INFO  impl.PendingRequests (PendingRequests.java:sendNotLeaderResponses(282)) - omNode-2@group-523986131536-PendingRequests: sendNotLeaderResponses
2021-10-05 12:33:13,044 [Listener at localhost/10600] INFO  impl.StateMachineUpdater (StateMachineUpdater.java:stopAndJoin(149)) - omNode-2@group-523986131536-StateMachineUpdater: set stopIndex = 23
2021-10-05 12:33:13,044 [omNode-2@group-523986131536-StateMachineUpdater] INFO  ratis.OzoneManagerStateMachine (OzoneManagerStateMachine.java:takeSnapshot(417)) - Current Snapshot Index (t:4, i:23)
2021-10-05 12:33:13,045 [omNode-2@group-523986131536-StateMachineUpdater] INFO  impl.StateMachineUpdater (StateMachineUpdater.java:takeSnapshot(281)) - omNode-2@group-523986131536-StateMachineUpdater: Took a snapshot at index 23
2021-10-05 12:33:13,045 [omNode-2@group-523986131536-StateMachineUpdater] INFO  impl.StateMachineUpdater (StateMachineUpdater.java:lambda$new$0(89)) - omNode-2@group-523986131536-StateMachineUpdater: snapshotIndex: updateIncreasingly 19 -> 23
2021-10-05 12:33:13,045 [omNode-2@group-523986131536-StateMachineUpdater] INFO  ratis.OzoneManagerStateMachine (OzoneManagerStateMachine.java:close(471)) - StateMachine has shutdown. Shutdown OzoneManager if not already shutdown.
2021-10-05 12:33:13,045 [Listener at localhost/10600] INFO  server.RaftServer$Division (ServerState.java:close(419)) - omNode-2@group-523986131536: closes. applyIndex: 23
2021-10-05 12:33:13,047 [omNode-2@group-523986131536-SegmentedRaftLogWorker] INFO  segmented.SegmentedRaftLogWorker (SegmentedRaftLogWorker.java:run(327)) - omNode-2@group-523986131536-SegmentedRaftLogWorker was interrupted, exiting. There are 0 tasks remaining in the queue.
2021-10-05 12:33:13,052 [Listener at localhost/10600] INFO  segmented.SegmentedRaftLogWorker (SegmentedRaftLogWorker.java:close(237)) - omNode-2@group-523986131536-SegmentedRaftLogWorker close()
2021-10-05 12:33:13,053 [Listener at localhost/10600] INFO  server.GrpcService (GrpcService.java:closeImpl(262)) - omNode-2: shutdown server with port 10610 now
2021-10-05 12:33:13,054 [Listener at localhost/10600] INFO  server.GrpcService (GrpcService.java:closeImpl(271)) - omNode-2: shutdown server with port 10610 successfully
2021-10-05 12:33:13,054 [org.apache.ratis.util.JvmPauseMonitor$$Lambda$523/2137356424@7405235] INFO  util.JvmPauseMonitor (JvmPauseMonitor.java:run(109)) - JvmPauseMonitor-omNode-2: Stopped
2021-10-05 12:33:13,054 [Listener at localhost/10600] INFO  ratis.OzoneManagerDoubleBuffer (OzoneManagerDoubleBuffer.java:stop(437)) - Stopping OMDoubleBuffer flush thread
2021-10-05 12:33:13,054 [OMDoubleBufferFlushThread] INFO  ratis.OzoneManagerDoubleBuffer (OzoneManagerDoubleBuffer.java:flushTransactions(356)) - OMDoubleBuffer flush thread OMDoubleBufferFlushThread is interrupted and will exit. OMDoubleBufferFlushThread
2021-10-05 12:33:13,056 [Listener at localhost/10600] INFO  handler.ContextHandler (ContextHandler.java:doStop(1153)) - Stopped o.e.j.w.WebAppContext@7a3146b9{ozoneManager,/,null,STOPPED}{file:/home/runner/work/ozone/ozone/hadoop-ozone/integration-test/target/test-classes/webapps/ozoneManager}
2021-10-05 12:33:13,056 [Listener at localhost/10600] INFO  server.AbstractConnector (AbstractConnector.java:doStop(381)) - Stopped ServerConnector@2df07141{HTTP/1.1, (http/1.1)}{0.0.0.0:10608}
2021-10-05 12:33:13,057 [Listener at localhost/10600] INFO  server.session (HouseKeeper.java:stopScavenging(149)) - node0 Stopped scavenging
2021-10-05 12:33:13,057 [Listener at localhost/10600] INFO  handler.ContextHandler (ContextHandler.java:doStop(1153)) - Stopped o.e.j.s.ServletContextHandler@348c3840{static,/static,file:///home/runner/work/ozone/ozone/hadoop-ozone/integration-test/target/test-classes/webapps/static,STOPPED}
2021-10-05 12:33:13,057 [Listener at localhost/10600] INFO  handler.ContextHandler (ContextHandler.java:doStop(1153)) - Stopped o.e.j.s.ServletContextHandler@101bbb90{logs,/logs,file:///home/runner/work/ozone/ozone/hadoop-ozone/integration-test/target/log,STOPPED}
2021-10-05 12:33:13,060 [Listener at localhost/10600] INFO  om.OzoneManager (OzoneManager.java:initFSOLayout(4333)) - Configured ozone.om.metadata.layout=SIMPLE and disabled optimized OM FS operations
2021-10-05 12:33:13,060 [Listener at localhost/10600] INFO  om.OzoneManager (OzoneManager.java:restart(1365)) - OzoneManager RPC server is listening at localhost/127.0.0.1:10606
2021-10-05 12:33:13,060 [Listener at localhost/10600] INFO  impl.MetricsSystemImpl (MetricsSystemImpl.java:init(158)) - OzoneManager metrics system started (again)
2021-10-05 12:33:13,074 [Listener at localhost/10600] WARN  server.ServerUtils (ServerUtils.java:getDBPath(225)) - ozone.om.db.dirs is not configured. We recommend adding this setting. Falling back to ozone.metadata.dirs instead.
2021-10-05 12:33:13,075 [Listener at localhost/10600] INFO  codec.OmKeyInfoCodec (OmKeyInfoCodec.java:<init>(51)) - OmKeyInfoCodec ignorePipeline = true
2021-10-05 12:33:13,075 [Listener at localhost/10600] INFO  codec.RepeatedOmKeyInfoCodec (RepeatedOmKeyInfoCodec.java:<init>(42)) - RepeatedOmKeyInfoCodec ignorePipeline = true
2021-10-05 12:33:13,112 [Listener at localhost/10600] WARN  impl.MetricRegistriesImpl (MetricRegistriesImpl.java:addReporterRegistration(111)) - New reporters are added after registries were created. Some metrics will be missing from the reporter. Please add reporter before adding any new registry.
2021-10-05 12:33:13,112 [Listener at localhost/10600] WARN  impl.MetricRegistriesImpl (MetricRegistriesImpl.java:addReporterRegistration(111)) - New reporters are added after registries were created. Some metrics will be missing from the reporter. Please add reporter before adding any new registry.
2021-10-05 12:33:13,112 [Listener at localhost/10600] WARN  server.ServerUtils (ServerUtils.java:getDefaultRatisDirectory(237)) - Storage directory for Ratis is not configured. It is a good idea to map this to an SSD disk. Falling back to ozone.metadata.dirs
2021-10-05 12:33:13,113 [Listener at localhost/10600] INFO  ratis.OzoneManagerRatisServer (OzoneManagerRatisServer.java:<init>(158)) - Instantiating OM Ratis server with groupID: om-service-test1 and peers: localhost:10610, localhost:10616, localhost:10604
2021-10-05 12:33:13,113 [Listener at localhost/10600] INFO  ratis.OzoneManagerStateMachine (OzoneManagerStateMachine.java:loadSnapshotInfoFromDB(605)) - LastAppliedIndex is set from TransactionInfo from OM DB as (t:4, i:23)
2021-10-05 12:33:13,113 [Listener at localhost/10600] INFO  server.RaftServer (ConfUtils.java:logGet(44)) - raft.rpc.type = GRPC (default)
2021-10-05 12:33:13,114 [Listener at localhost/10600] INFO  grpc.GrpcFactory (GrpcFactory.java:checkPooledByteBufAllocatorUseCacheForAllThreads(48)) - PERFORMANCE WARNING: useCacheForAllThreads is true that may cause Netty to create a lot garbage objects and, as a result, trigger GC.
	It is recommended to disable useCacheForAllThreads by setting -Dorg.apache.ratis.thirdparty.io.netty.allocator.useCacheForAllThreads=false in command line.
2021-10-05 12:33:13,114 [Listener at localhost/10600] INFO  grpc.GrpcConfigKeys (ConfUtils.java:logGet(44)) - raft.grpc.admin.port = -1 (default)
2021-10-05 12:33:13,114 [Listener at localhost/10600] INFO  grpc.GrpcConfigKeys (ConfUtils.java:logGet(44)) - raft.grpc.server.port = 10610 (custom)
2021-10-05 12:33:13,114 [Listener at localhost/10600] INFO  grpc.GrpcConfigKeys (ConfUtils.java:logGet(44)) - raft.grpc.client.port = -1 (default)
2021-10-05 12:33:13,114 [Listener at localhost/10600] INFO  grpc.GrpcConfigKeys (ConfUtils.java:logGet(44)) - raft.grpc.server.port = 10610 (custom)
2021-10-05 12:33:13,114 [Listener at localhost/10600] INFO  grpc.GrpcConfigKeys (ConfUtils.java:logGet(44)) - raft.grpc.server.port = 10610 (custom)
2021-10-05 12:33:13,114 [Listener at localhost/10600] INFO  server.GrpcService (ConfUtils.java:logGet(44)) - raft.grpc.message.size.max = 33554432 (custom)
2021-10-05 12:33:13,114 [Listener at localhost/10600] INFO  server.RaftServerConfigKeys (ConfUtils.java:logGet(44)) - raft.server.log.appender.buffer.byte-limit = 33554432 (custom)
2021-10-05 12:33:13,114 [Listener at localhost/10600] INFO  server.GrpcService (ConfUtils.java:logGet(44)) - raft.grpc.flow.control.window = 1MB (=1048576) (default)
2021-10-05 12:33:13,114 [Listener at localhost/10600] INFO  server.RaftServerConfigKeys (ConfUtils.java:logGet(44)) - raft.server.rpc.request.timeout = 3000ms (default)
2021-10-05 12:33:13,115 [Listener at localhost/10600] INFO  impl.DataStreamServerImpl (ConfUtils.java:logGet(44)) - raft.datastream.type = DISABLED (default)
2021-10-05 12:33:13,115 [Listener at localhost/10600] INFO  server.RaftServerConfigKeys (ConfUtils.java:logGet(44)) - raft.server.rpc.slowness.timeout = 2s (custom)
2021-10-05 12:33:13,116 [Listener at localhost/10600] INFO  server.RaftServerConfigKeys (ConfUtils.java:logGet(44)) - raft.server.leaderelection.leader.step-down.wait-time = 10s (default)
2021-10-05 12:33:13,116 [Listener at localhost/10600] INFO  server.RaftServerConfigKeys (ConfUtils.java:logGet(44)) - raft.server.storage.dir = [/home/runner/work/ozone/ozone/hadoop-ozone/integration-test/target/test-dir/MiniOzoneClusterImpl-37ac24e5-edd8-4d0c-a990-01310c91afa3/omNode-2/ratis] (custom)
2021-10-05 12:33:13,116 [Listener at localhost/10600] INFO  server.RaftServer (RaftServerProxy.java:lambda$null$1(235)) - omNode-2: found a subdirectory /home/runner/work/ozone/ozone/hadoop-ozone/integration-test/target/test-dir/MiniOzoneClusterImpl-37ac24e5-edd8-4d0c-a990-01310c91afa3/omNode-2/ratis/c9bc4cf4-3bc3-3c60-a66b-523986131536
2021-10-05 12:33:13,117 [Listener at localhost/10600] INFO  server.RaftServer (RaftServerProxy.java:addNew(95)) - omNode-2: addNew group-523986131536:[omNode-3|rpc:localhost:10616|priority:0, omNode-1|rpc:localhost:10604|priority:0, omNode-2|rpc:localhost:10610|priority:0] returns group-523986131536:java.util.concurrent.CompletableFuture@34cd7909[Not completed]
2021-10-05 12:33:13,117 [pool-271-thread-1] INFO  server.RaftServer$Division (RaftServerImpl.java:<init>(181)) - omNode-2: new RaftServerImpl for group-523986131536:[omNode-3|rpc:localhost:10616|priority:0, omNode-1|rpc:localhost:10604|priority:0, omNode-2|rpc:localhost:10610|priority:0] with OzoneManagerStateMachine:uninitialized
2021-10-05 12:33:13,117 [Listener at localhost/10600] INFO  om.OzoneManager (OzoneManager.java:initializeRatisServer(1585)) - OzoneManager Ratis server initialized at port 10610
2021-10-05 12:33:13,117 [Listener at localhost/10600] INFO  ratis.OzoneManagerRatisServer (OzoneManagerRatisServer.java:start(516)) - Starting OzoneManagerRatisServer omNode-2 at port 10610
2021-10-05 12:33:13,118 [pool-271-thread-1] INFO  server.RaftServerConfigKeys (ConfUtils.java:logGet(44)) - raft.server.rpc.timeout.min = 1s (custom)
2021-10-05 12:33:13,118 [pool-271-thread-1] INFO  server.RaftServerConfigKeys (ConfUtils.java:logGet(44)) - raft.server.rpc.timeout.max = 1200ms (custom)
2021-10-05 12:33:13,118 [pool-271-thread-1] INFO  server.RaftServerConfigKeys (ConfUtils.java:logGet(44)) - raft.server.rpc.sleep.time = 25ms (default)
2021-10-05 12:33:13,118 [pool-271-thread-1] INFO  server.RaftServerConfigKeys (ConfUtils.java:logGet(44)) - raft.server.rpc.slowness.timeout = 2s (custom)
2021-10-05 12:33:13,118 [pool-271-thread-1] INFO  server.RaftServerConfigKeys (ConfUtils.java:logGet(44)) - raft.server.leaderelection.leader.step-down.wait-time = 10s (default)
2021-10-05 12:33:13,118 [pool-271-thread-1] INFO  server.RaftServerConfigKeys (ConfUtils.java:logGet(44)) - raft.server.sleep.deviation.threshold = 300ms (default)
2021-10-05 12:33:13,118 [pool-271-thread-1] INFO  server.RaftServerConfigKeys (ConfUtils.java:logGet(44)) - raft.server.log.appender.install.snapshot.enabled = false (custom)
2021-10-05 12:33:13,118 [pool-271-thread-1] INFO  server.RaftServer$Division (ServerState.java:<init>(105)) - omNode-2@group-523986131536: ConfigurationManager, init=-1: [omNode-3|rpc:localhost:10616|priority:0, omNode-1|rpc:localhost:10604|priority:0, omNode-2|rpc:localhost:10610|priority:0], old=null, confs=<EMPTY_MAP>
2021-10-05 12:33:13,118 [pool-271-thread-1] INFO  server.RaftServerConfigKeys (ConfUtils.java:logGet(44)) - raft.server.storage.dir = [/home/runner/work/ozone/ozone/hadoop-ozone/integration-test/target/test-dir/MiniOzoneClusterImpl-37ac24e5-edd8-4d0c-a990-01310c91afa3/omNode-2/ratis] (custom)
2021-10-05 12:33:13,118 [pool-271-thread-1] INFO  server.RaftServerConfigKeys (ConfUtils.java:logGet(44)) - raft.server.log.corruption.policy = EXCEPTION (default)
2021-10-05 12:33:13,118 [pool-271-thread-1] INFO  server.RaftServerConfigKeys (ConfUtils.java:logGet(44)) - raft.server.storage.free-space.min = 0MB (=0) (default)
2021-10-05 12:33:13,119 [pool-271-thread-1] INFO  storage.RaftStorageDirectory (RaftStorageDirectoryImpl.java:tryLock(230)) - Lock on /home/runner/work/ozone/ozone/hadoop-ozone/integration-test/target/test-dir/MiniOzoneClusterImpl-37ac24e5-edd8-4d0c-a990-01310c91afa3/omNode-2/ratis/c9bc4cf4-3bc3-3c60-a66b-523986131536/in_use.lock acquired by nodename 8782@fv-az270-324
2021-10-05 12:33:13,119 [pool-271-thread-1] INFO  storage.RaftStorage (RaftStorageImpl.java:analyzeAndRecoverStorage(110)) - Read RaftStorageMetadata{term=4, votedFor=omNode-2} from /home/runner/work/ozone/ozone/hadoop-ozone/integration-test/target/test-dir/MiniOzoneClusterImpl-37ac24e5-edd8-4d0c-a990-01310c91afa3/omNode-2/ratis/c9bc4cf4-3bc3-3c60-a66b-523986131536/current/raft-meta
2021-10-05 12:33:13,120 [pool-271-thread-1] INFO  server.RaftServer$Division (ServerState.java:setRaftConf(387)) - omNode-2@group-523986131536: set configuration 20: [omNode-3|rpc:localhost:10616|admin:|client:|dataStream:|priority:0, omNode-1|rpc:localhost:10604|admin:|client:|dataStream:|priority:0, omNode-2|rpc:localhost:10610|admin:|client:|dataStream:|priority:0], old=null
2021-10-05 12:33:13,120 [pool-271-thread-1] INFO  server.RaftServerConfigKeys (ConfUtils.java:logGet(44)) - raft.server.notification.no-leader.timeout = 2s (custom)
2021-10-05 12:33:13,120 [pool-271-thread-1] INFO  server.RaftServerConfigKeys (ConfUtils.java:logGet(44)) - raft.server.log.use.memory = false (default)
2021-10-05 12:33:13,120 [pool-271-thread-1] INFO  server.RaftServerConfigKeys (ConfUtils.java:logGet(44)) - raft.server.log.purge.gap = 50 (custom)
2021-10-05 12:33:13,120 [pool-271-thread-1] INFO  server.RaftServerConfigKeys (ConfUtils.java:logGet(44)) - raft.server.log.appender.buffer.byte-limit = 33554432 (custom)
2021-10-05 12:33:13,120 [pool-271-thread-1] INFO  server.RaftServerConfigKeys (ConfUtils.java:logGet(44)) - raft.server.log.segment.size.max = 4194304 (custom)
2021-10-05 12:33:13,121 [pool-271-thread-1] INFO  server.RaftServerConfigKeys (ConfUtils.java:logGet(44)) - raft.server.log.segment.cache.num.max = 2 (custom)
2021-10-05 12:33:13,121 [pool-271-thread-1] INFO  server.RaftServerConfigKeys (ConfUtils.java:logGet(44)) - raft.server.log.segment.cache.size.max = 200MB (=209715200) (default)
2021-10-05 12:33:13,121 [pool-271-thread-1] INFO  segmented.SegmentedRaftLogWorker (SegmentedRaftLogWorker.java:<init>(182)) - new omNode-2@group-523986131536-SegmentedRaftLogWorker for RaftStorageImpl:Storage Directory /home/runner/work/ozone/ozone/hadoop-ozone/integration-test/target/test-dir/MiniOzoneClusterImpl-37ac24e5-edd8-4d0c-a990-01310c91afa3/omNode-2/ratis/c9bc4cf4-3bc3-3c60-a66b-523986131536
2021-10-05 12:33:13,121 [pool-271-thread-1] INFO  server.RaftServerConfigKeys (ConfUtils.java:logGet(44)) - raft.server.log.queue.byte-limit = 64MB (=67108864) (default)
2021-10-05 12:33:13,121 [pool-271-thread-1] INFO  server.RaftServerConfigKeys (ConfUtils.java:logGet(44)) - raft.server.log.queue.element-limit = 4096 (default)
2021-10-05 12:33:13,121 [pool-271-thread-1] INFO  server.RaftServerConfigKeys (ConfUtils.java:logGet(44)) - raft.server.log.segment.size.max = 4194304 (custom)
2021-10-05 12:33:13,121 [pool-271-thread-1] INFO  server.RaftServerConfigKeys (ConfUtils.java:logGet(44)) - raft.server.log.preallocated.size = 4194304 (custom)
2021-10-05 12:33:13,121 [pool-271-thread-1] INFO  server.RaftServerConfigKeys (ConfUtils.java:logGet(44)) - raft.server.log.force.sync.num = 128 (default)
2021-10-05 12:33:13,121 [pool-271-thread-1] INFO  server.RaftServerConfigKeys (ConfUtils.java:logGet(44)) - raft.server.log.statemachine.data.sync = true (default)
2021-10-05 12:33:13,121 [pool-271-thread-1] INFO  server.RaftServerConfigKeys (ConfUtils.java:logGet(44)) - raft.server.log.statemachine.data.sync.timeout = 10s (default)
2021-10-05 12:33:13,121 [pool-271-thread-1] INFO  server.RaftServerConfigKeys (ConfUtils.java:logGet(44)) - raft.server.log.statemachine.data.sync.timeout.retry = -1 (default)
2021-10-05 12:33:13,123 [pool-271-thread-1] INFO  server.RaftServerConfigKeys (ConfUtils.java:logGet(44)) - raft.server.log.write.buffer.size = 64KB (=65536) (default)
2021-10-05 12:33:13,123 [pool-271-thread-1] INFO  server.RaftServerConfigKeys (ConfUtils.java:logGet(44)) - raft.server.log.statemachine.data.caching.enabled = false (default)
2021-10-05 12:33:13,124 [pool-271-thread-1] INFO  server.RaftServer$Division (ServerState.java:setRaftConf(387)) - omNode-2@group-523986131536: set configuration 18: [omNode-3|rpc:localhost:10616|admin:|client:|dataStream:|priority:0, omNode-1|rpc:localhost:10604|admin:|client:|dataStream:|priority:0, omNode-2|rpc:localhost:10610|admin:|client:|dataStream:|priority:0], old=null
2021-10-05 12:33:13,124 [pool-271-thread-1] INFO  segmented.LogSegment (LogSegment.java:loadSegment(173)) - Successfully read 2 entries from segment file /home/runner/work/ozone/ozone/hadoop-ozone/integration-test/target/test-dir/MiniOzoneClusterImpl-37ac24e5-edd8-4d0c-a990-01310c91afa3/omNode-2/ratis/c9bc4cf4-3bc3-3c60-a66b-523986131536/current/log_18-19
2021-10-05 12:33:13,124 [pool-271-thread-1] INFO  server.RaftServer$Division (ServerState.java:setRaftConf(387)) - omNode-2@group-523986131536: set configuration 20: [omNode-3|rpc:localhost:10616|admin:|client:|dataStream:|priority:0, omNode-1|rpc:localhost:10604|admin:|client:|dataStream:|priority:0, omNode-2|rpc:localhost:10610|admin:|client:|dataStream:|priority:0], old=null
2021-10-05 12:33:13,124 [pool-271-thread-1] INFO  segmented.LogSegment (LogSegment.java:loadSegment(173)) - Successfully read 4 entries from segment file /home/runner/work/ozone/ozone/hadoop-ozone/integration-test/target/test-dir/MiniOzoneClusterImpl-37ac24e5-edd8-4d0c-a990-01310c91afa3/omNode-2/ratis/c9bc4cf4-3bc3-3c60-a66b-523986131536/current/log_inprogress_20
2021-10-05 12:33:13,125 [pool-271-thread-1] INFO  segmented.SegmentedRaftLogWorker (SegmentedRaftLogWorker.java:lambda$new$0(133)) - omNode-2@group-523986131536-SegmentedRaftLogWorker: flushIndex: setUnconditionally 0 -> 23
2021-10-05 12:33:13,125 [pool-271-thread-1] INFO  segmented.SegmentedRaftLogWorker (SegmentedRaftLogWorker.java:lambda$new$0(133)) - omNode-2@group-523986131536-SegmentedRaftLogWorker: safeCacheEvictIndex: setUnconditionally 0 -> 19
2021-10-05 12:33:13,125 [pool-271-thread-1] INFO  raftlog.RaftLog (RaftLogBase.java:lambda$new$0(53)) - omNode-2@group-523986131536-SegmentedRaftLog: commitIndex: updateToMax old=23, new=22, updated? false
2021-10-05 12:33:13,125 [pool-271-thread-1] INFO  raftlog.RaftLog (RaftLogBase.java:lambda$new$0(53)) - omNode-2@group-523986131536-SegmentedRaftLog: purgeIndex: updateIncreasingly -1 -> 17
2021-10-05 12:33:13,125 [pool-271-thread-1] INFO  server.RaftServerConfigKeys (ConfUtils.java:logGet(44)) - raft.server.snapshot.auto.trigger.enabled = true (custom)
2021-10-05 12:33:13,125 [pool-271-thread-1] INFO  server.RaftServerConfigKeys (ConfUtils.java:logGet(44)) - raft.server.snapshot.auto.trigger.threshold = 50 (custom)
2021-10-05 12:33:13,125 [pool-271-thread-1] INFO  server.RaftServerConfigKeys (ConfUtils.java:logGet(44)) - raft.server.snapshot.retention.file.num = -1 (default)
2021-10-05 12:33:13,125 [pool-271-thread-1] INFO  server.RaftServerConfigKeys (ConfUtils.java:logGet(44)) - raft.server.log.purge.upto.snapshot.index = true (custom)
2021-10-05 12:33:13,125 [pool-271-thread-1] INFO  server.RaftServerConfigKeys (ConfUtils.java:logGet(44)) - raft.server.retrycache.expirytime = 30000ms (custom)
2021-10-05 12:33:13,125 [pool-271-thread-1] INFO  server.RaftServerConfigKeys (ConfUtils.java:logGet(44)) - raft.server.retrycache.statistics.expirytime = 100μs (default)
2021-10-05 12:33:13,126 [Listener at localhost/10600] INFO  server.RaftServer$Division (RaftServerImpl.java:start(296)) - omNode-2@group-523986131536: start as a follower, conf=20: [omNode-3|rpc:localhost:10616|admin:|client:|dataStream:|priority:0, omNode-1|rpc:localhost:10604|admin:|client:|dataStream:|priority:0, omNode-2|rpc:localhost:10610|admin:|client:|dataStream:|priority:0], old=null
2021-10-05 12:33:13,126 [Listener at localhost/10600] INFO  server.RaftServer$Division (RaftServerImpl.java:setRole(285)) - omNode-2@group-523986131536: changes role from      null to FOLLOWER at term 4 for startAsFollower
2021-10-05 12:33:13,126 [Listener at localhost/10600] INFO  impl.RoleInfo (RoleInfo.java:updateAndGet(130)) - omNode-2: start omNode-2@group-523986131536-FollowerState
2021-10-05 12:33:13,127 [Listener at localhost/10600] INFO  util.JmxRegister (JmxRegister.java:tryRegister(44)) - Successfully registered JMX Bean with object name Ratis:service=RaftServer,group=group-523986131536,id=omNode-2
2021-10-05 12:33:13,127 [Listener at localhost/10600] INFO  server.RaftServer (RaftServerProxy.java:lambda$start$5(374)) - omNode-2: start RPC server
2021-10-05 12:33:13,128 [Listener at localhost/10600] INFO  server.GrpcService (GrpcService.java:startImpl(253)) - omNode-2: GrpcService started, listening on 10610
2021-10-05 12:33:13,129 [org.apache.ratis.util.JvmPauseMonitor$$Lambda$523/2137356424@6e20294f] INFO  util.JvmPauseMonitor (JvmPauseMonitor.java:run(103)) - JvmPauseMonitor-omNode-2: Started
2021-10-05 12:33:13,129 [Listener at localhost/10600] INFO  ipc.CallQueueManager (CallQueueManager.java:<init>(90)) - Using callQueue: class java.util.concurrent.LinkedBlockingQueue, queueCapacity: 2000, scheduler: class org.apache.hadoop.ipc.DefaultRpcScheduler, ipcBackoff: false.
2021-10-05 12:33:13,130 [Socket Reader #1 for port 10606] INFO  ipc.Server (Server.java:run(1265)) - Starting Socket Reader #1 for port 10606
2021-10-05 12:33:13,137 [Listener at localhost/10606] INFO  http.BaseHttpServer (BaseHttpServer.java:newHttpServer2BuilderForOzone(209)) - Starting Web-server for ozoneManager at: http://0.0.0.0:10608
2021-10-05 12:33:13,137 [Listener at localhost/10606] INFO  http.BaseHttpServer (BaseHttpServer.java:<init>(107)) - Hadoop Security Enabled: false Ozone Security Enabled: false Ozone HTTP Security Enabled: false 
2021-10-05 12:33:13,138 [Listener at localhost/10606] INFO  server.AuthenticationFilter (AuthenticationFilter.java:constructSecretProvider(240)) - Unable to initialize FileSignerSecretProvider, falling back to use random secrets.
2021-10-05 12:33:13,138 [Listener at localhost/10606] WARN  http.HttpRequestLog (HttpRequestLog.java:getRequestLog(103)) - Jetty request log can only be enabled using Log4j
2021-10-05 12:33:13,139 [Listener at localhost/10606] INFO  http.HttpServer2 (HttpServer2.java:addGlobalFilter(1030)) - Added global filter 'safety' (class=org.apache.hadoop.hdds.server.http.HttpServer2$QuotingInputFilter)
2021-10-05 12:33:13,140 [Listener at localhost/10606] INFO  http.HttpServer2 (HttpServer2.java:addFilter(1006)) - Added filter static_user_filter (class=org.apache.hadoop.http.lib.StaticUserWebFilter$StaticUserFilter) to context ozoneManager
2021-10-05 12:33:13,140 [Listener at localhost/10606] INFO  http.HttpServer2 (HttpServer2.java:addFilter(1014)) - Added filter static_user_filter (class=org.apache.hadoop.http.lib.StaticUserWebFilter$StaticUserFilter) to context logs
2021-10-05 12:33:13,140 [Listener at localhost/10606] INFO  http.HttpServer2 (HttpServer2.java:addFilter(1014)) - Added filter static_user_filter (class=org.apache.hadoop.http.lib.StaticUserWebFilter$StaticUserFilter) to context static
2021-10-05 12:33:13,141 [Listener at localhost/10606] INFO  http.HttpServer2 (HttpServer2.java:bindListener(1249)) - Jetty bound to port 10608
2021-10-05 12:33:13,141 [Listener at localhost/10606] INFO  server.Server (Server.java:doStart(375)) - jetty-9.4.43.v20210629; built: 2021-06-30T11:07:22.254Z; git: 526006ecfa3af7f1a27ef3a288e2bef7ea9dd7e8; jvm 1.8.0_292-b10
2021-10-05 12:33:13,142 [Listener at localhost/10606] INFO  server.session (DefaultSessionIdManager.java:doStart(334)) - DefaultSessionIdManager workerName=node0
2021-10-05 12:33:13,142 [Listener at localhost/10606] INFO  server.session (DefaultSessionIdManager.java:doStart(339)) - No SessionScavenger set, using defaults
2021-10-05 12:33:13,142 [Listener at localhost/10606] INFO  server.session (HouseKeeper.java:startScavenging(132)) - node0 Scavenging every 660000ms
2021-10-05 12:33:13,143 [Listener at localhost/10606] INFO  handler.ContextHandler (ContextHandler.java:doStart(915)) - Started o.e.j.s.ServletContextHandler@40e7cce6{logs,/logs,file:///home/runner/work/ozone/ozone/hadoop-ozone/integration-test/target/log,AVAILABLE}
2021-10-05 12:33:13,143 [Listener at localhost/10606] INFO  handler.ContextHandler (ContextHandler.java:doStart(915)) - Started o.e.j.s.ServletContextHandler@6f37574{static,/static,file:///home/runner/work/ozone/ozone/hadoop-ozone/integration-test/target/test-classes/webapps/static,AVAILABLE}
2021-10-05 12:33:13,146 [Listener at localhost/10606] INFO  handler.ContextHandler (ContextHandler.java:doStart(915)) - Started o.e.j.w.WebAppContext@156699b8{ozoneManager,/,file:///home/runner/work/ozone/ozone/hadoop-ozone/integration-test/target/test-classes/webapps/ozoneManager/,AVAILABLE}{file:/home/runner/work/ozone/ozone/hadoop-ozone/integration-test/target/test-classes/webapps/ozoneManager}
2021-10-05 12:33:13,147 [Listener at localhost/10606] INFO  server.AbstractConnector (AbstractConnector.java:doStart(331)) - Started ServerConnector@267f57b9{HTTP/1.1, (http/1.1)}{0.0.0.0:10608}
2021-10-05 12:33:13,147 [Listener at localhost/10606] INFO  server.Server (Server.java:doStart(415)) - Started @162630ms
2021-10-05 12:33:13,147 [Listener at localhost/10606] WARN  impl.MetricsSystemImpl (MetricsSystemImpl.java:register(279)) - Sink prometheus already exists!
2021-10-05 12:33:13,147 [Listener at localhost/10606] INFO  http.BaseHttpServer (BaseHttpServer.java:updateConnectorAddress(329)) - HTTP server of ozoneManager listening at http://0.0.0.0:10608
2021-10-05 12:33:13,153 [IPC Server Responder] INFO  ipc.Server (Server.java:run(1507)) - IPC Server Responder: starting
2021-10-05 12:33:13,154 [IPC Server listener on 10606] INFO  ipc.Server (Server.java:run(1344)) - IPC Server listener on 10606: starting
2021-10-05 12:33:13,158 [Listener at localhost/10606] INFO  om.OzoneManager (OzoneManager.java:startTrashEmptier(1543)) - Trash Interval set to 0. Files deleted will not move to trash
2021-10-05 12:33:13,158 [org.apache.hadoop.util.JvmPauseMonitor$Monitor@2cc43cc2] INFO  util.JvmPauseMonitor (JvmPauseMonitor.java:run(188)) - Starting JVM pause monitor
]]></system-out>
  </testcase>
  <testcase name="testPrepareWithTransactions" classname="org.apache.hadoop.ozone.om.TestOzoneManagerPrepare" time="4.432">
    <error message="Could not determine or connect to OM Leader." type="java.io.IOException">java.io.IOException: Could not determine or connect to OM Leader.
	at org.apache.hadoop.ozone.om.protocolPB.Hadoop3OmTransport.submitRequest(Hadoop3OmTransport.java:96)
	at org.apache.hadoop.ozone.om.protocolPB.OzoneManagerProtocolClientSideTranslatorPB.submitRequest(OzoneManagerProtocolClientSideTranslatorPB.java:230)
	at org.apache.hadoop.ozone.om.protocolPB.OzoneManagerProtocolClientSideTranslatorPB.cancelOzoneManagerPrepare(OzoneManagerProtocolClientSideTranslatorPB.java:1640)
	at org.apache.hadoop.ozone.om.TestOzoneManagerPrepare.submitCancelPrepareRequest(TestOzoneManagerPrepare.java:430)
	at org.apache.hadoop.ozone.om.TestOzoneManagerPrepare.initOM(TestOzoneManagerPrepare.java:90)
	at sun.reflect.NativeMethodAccessorImpl.invoke0(Native Method)
	at sun.reflect.NativeMethodAccessorImpl.invoke(NativeMethodAccessorImpl.java:62)
	at sun.reflect.DelegatingMethodAccessorImpl.invoke(DelegatingMethodAccessorImpl.java:43)
	at java.lang.reflect.Method.invoke(Method.java:498)
	at org.junit.runners.model.FrameworkMethod$1.runReflectiveCall(FrameworkMethod.java:59)
	at org.junit.internal.runners.model.ReflectiveCallable.run(ReflectiveCallable.java:12)
	at org.junit.runners.model.FrameworkMethod.invokeExplosively(FrameworkMethod.java:56)
	at org.junit.internal.runners.statements.RunBefores.invokeMethod(RunBefores.java:33)
	at org.junit.internal.runners.statements.RunBefores.evaluate(RunBefores.java:24)
	at org.junit.internal.runners.statements.RunAfters.evaluate(RunAfters.java:27)
	at org.junit.rules.ExpectedException$ExpectedExceptionStatement.evaluate(ExpectedException.java:258)
	at org.junit.internal.runners.statements.FailOnTimeout$CallableStatement.call(FailOnTimeout.java:288)
	at org.junit.internal.runners.statements.FailOnTimeout$CallableStatement.call(FailOnTimeout.java:282)
	at java.util.concurrent.FutureTask.run(FutureTask.java:266)
	at java.lang.Thread.run(Thread.java:748)
</error>
    <system-out><![CDATA[2021-10-05 12:33:13,173 [Time-limited test] INFO  retry.RetryInvocationHandler (RetryInvocationHandler.java:log(411)) - com.google.protobuf.ServiceException: org.apache.hadoop.ipc.RemoteException(org.apache.hadoop.ozone.om.exceptions.OMNotLeaderException): OM:omNode-2 is not the leader. Could not determine the leader node.
	at org.apache.hadoop.ozone.om.ratis.utils.OzoneManagerRatisUtils.createNotLeaderException(OzoneManagerRatisUtils.java:465)
	at org.apache.hadoop.ozone.om.ratis.utils.OzoneManagerRatisUtils.checkLeaderStatus(OzoneManagerRatisUtils.java:451)
	at org.apache.hadoop.ozone.protocolPB.OzoneManagerProtocolServerSideTranslatorPB.checkLeaderStatus(OzoneManagerProtocolServerSideTranslatorPB.java:242)
	at org.apache.hadoop.ozone.protocolPB.OzoneManagerProtocolServerSideTranslatorPB.processRequest(OzoneManagerProtocolServerSideTranslatorPB.java:135)
	at org.apache.hadoop.hdds.server.OzoneProtocolMessageDispatcher.processRequest(OzoneProtocolMessageDispatcher.java:87)
	at org.apache.hadoop.ozone.protocolPB.OzoneManagerProtocolServerSideTranslatorPB.submitRequest(OzoneManagerProtocolServerSideTranslatorPB.java:123)
	at org.apache.hadoop.ozone.protocol.proto.OzoneManagerProtocolProtos$OzoneManagerService$2.callBlockingMethod(OzoneManagerProtocolProtos.java)
	at org.apache.hadoop.ipc.ProtobufRpcEngine$Server.processCall(ProtobufRpcEngine.java:466)
	at org.apache.hadoop.ipc.ProtobufRpcEngine2$Server$ProtoBufRpcInvoker.call(ProtobufRpcEngine2.java:574)
	at org.apache.hadoop.ipc.ProtobufRpcEngine2$Server$ProtoBufRpcInvoker.call(ProtobufRpcEngine2.java:552)
	at org.apache.hadoop.ipc.RPC$Server.call(RPC.java:1093)
	at org.apache.hadoop.ipc.Server$RpcCall.run(Server.java:1035)
	at org.apache.hadoop.ipc.Server$RpcCall.run(Server.java:963)
	at java.security.AccessController.doPrivileged(Native Method)
	at javax.security.auth.Subject.doAs(Subject.java:422)
	at org.apache.hadoop.security.UserGroupInformation.doAs(UserGroupInformation.java:1878)
	at org.apache.hadoop.ipc.Server$Handler.run(Server.java:2966)
, while invoking $Proxy52.submitRequest over nodeId=omNode-2,nodeAddress=127.0.0.1:10606. Trying to failover immediately.
2021-10-05 12:33:13,176 [Time-limited test] INFO  retry.RetryInvocationHandler (RetryInvocationHandler.java:log(411)) - com.google.protobuf.ServiceException: org.apache.hadoop.ipc.RemoteException(org.apache.hadoop.ozone.om.exceptions.OMNotLeaderException): OM:omNode-3 is not the leader. Could not determine the leader node.
	at org.apache.hadoop.ozone.om.ratis.utils.OzoneManagerRatisUtils.createNotLeaderException(OzoneManagerRatisUtils.java:465)
	at org.apache.hadoop.ozone.om.ratis.utils.OzoneManagerRatisUtils.checkLeaderStatus(OzoneManagerRatisUtils.java:451)
	at org.apache.hadoop.ozone.protocolPB.OzoneManagerProtocolServerSideTranslatorPB.checkLeaderStatus(OzoneManagerProtocolServerSideTranslatorPB.java:242)
	at org.apache.hadoop.ozone.protocolPB.OzoneManagerProtocolServerSideTranslatorPB.processRequest(OzoneManagerProtocolServerSideTranslatorPB.java:135)
	at org.apache.hadoop.hdds.server.OzoneProtocolMessageDispatcher.processRequest(OzoneProtocolMessageDispatcher.java:87)
	at org.apache.hadoop.ozone.protocolPB.OzoneManagerProtocolServerSideTranslatorPB.submitRequest(OzoneManagerProtocolServerSideTranslatorPB.java:123)
	at org.apache.hadoop.ozone.protocol.proto.OzoneManagerProtocolProtos$OzoneManagerService$2.callBlockingMethod(OzoneManagerProtocolProtos.java)
	at org.apache.hadoop.ipc.ProtobufRpcEngine$Server.processCall(ProtobufRpcEngine.java:466)
	at org.apache.hadoop.ipc.ProtobufRpcEngine2$Server$ProtoBufRpcInvoker.call(ProtobufRpcEngine2.java:574)
	at org.apache.hadoop.ipc.ProtobufRpcEngine2$Server$ProtoBufRpcInvoker.call(ProtobufRpcEngine2.java:552)
	at org.apache.hadoop.ipc.RPC$Server.call(RPC.java:1093)
	at org.apache.hadoop.ipc.Server$RpcCall.run(Server.java:1035)
	at org.apache.hadoop.ipc.Server$RpcCall.run(Server.java:963)
	at java.security.AccessController.doPrivileged(Native Method)
	at javax.security.auth.Subject.doAs(Subject.java:422)
	at org.apache.hadoop.security.UserGroupInformation.doAs(UserGroupInformation.java:1878)
	at org.apache.hadoop.ipc.Server$Handler.run(Server.java:2966)
, while invoking $Proxy52.submitRequest over nodeId=omNode-3,nodeAddress=127.0.0.1:10612 after 1 failover attempts. Trying to failover after sleeping for 2000ms.
2021-10-05 12:33:14,073 [omNode-1@group-523986131536-FollowerState] INFO  impl.FollowerState (FollowerState.java:run(134)) - omNode-1@group-523986131536-FollowerState: change to CANDIDATE, lastRpcElapsedTime:1074192846ns, electionTimeout:1067ms
2021-10-05 12:33:14,073 [omNode-1@group-523986131536-FollowerState] INFO  impl.RoleInfo (RoleInfo.java:shutdownFollowerState(108)) - omNode-1: shutdown omNode-1@group-523986131536-FollowerState
2021-10-05 12:33:14,074 [omNode-1@group-523986131536-FollowerState] INFO  server.RaftServer$Division (RaftServerImpl.java:setRole(285)) - omNode-1@group-523986131536: changes role from  FOLLOWER to CANDIDATE at term 4 for changeToCandidate
2021-10-05 12:33:14,074 [omNode-1@group-523986131536-FollowerState] INFO  server.RaftServerConfigKeys (ConfUtils.java:logGet(44)) - raft.server.leaderelection.pre-vote = false (custom)
2021-10-05 12:33:14,074 [omNode-1@group-523986131536-FollowerState] INFO  impl.RoleInfo (RoleInfo.java:updateAndGet(130)) - omNode-1: start omNode-1@group-523986131536-LeaderElection20
2021-10-05 12:33:14,085 [omNode-1@group-523986131536-LeaderElection20] INFO  impl.LeaderElection (LeaderElection.java:askForVotes(306)) - omNode-1@group-523986131536-LeaderElection20 ELECTION round 0: submit vote requests at term 5 for 20: [omNode-3|rpc:localhost:10616|admin:|client:|dataStream:|priority:0, omNode-1|rpc:localhost:10604|admin:|client:|dataStream:|priority:0, omNode-2|rpc:localhost:10610|admin:|client:|dataStream:|priority:0], old=null
2021-10-05 12:33:14,089 [omNode-3@group-523986131536-FollowerState] INFO  impl.FollowerState (FollowerState.java:run(134)) - omNode-3@group-523986131536-FollowerState: change to CANDIDATE, lastRpcElapsedTime:1199000832ns, electionTimeout:1193ms
2021-10-05 12:33:14,089 [omNode-3@group-523986131536-FollowerState] INFO  impl.RoleInfo (RoleInfo.java:shutdownFollowerState(108)) - omNode-3: shutdown omNode-3@group-523986131536-FollowerState
2021-10-05 12:33:14,089 [omNode-3@group-523986131536-FollowerState] INFO  server.RaftServer$Division (RaftServerImpl.java:setRole(285)) - omNode-3@group-523986131536: changes role from  FOLLOWER to CANDIDATE at term 4 for changeToCandidate
2021-10-05 12:33:14,089 [omNode-3@group-523986131536-FollowerState] INFO  server.RaftServerConfigKeys (ConfUtils.java:logGet(44)) - raft.server.leaderelection.pre-vote = false (custom)
2021-10-05 12:33:14,089 [omNode-3@group-523986131536-FollowerState] INFO  impl.RoleInfo (RoleInfo.java:updateAndGet(130)) - omNode-3: start omNode-3@group-523986131536-LeaderElection21
2021-10-05 12:33:14,095 [grpc-default-executor-8] INFO  server.RaftServer$Division (RaftServerImpl.java:requestVote(1043)) - omNode-3@group-523986131536: receive requestVote(ELECTION, omNode-1, group-523986131536, 5, (t:2, i:17))
2021-10-05 12:33:14,100 [grpc-default-executor-8] INFO  impl.VoteContext (VoteContext.java:log(48)) - omNode-3@group-523986131536-CANDIDATE: reject ELECTION from omNode-1: our last entry (t:4, i:23) > candidate's last entry (t:2, i:17)
2021-10-05 12:33:14,100 [grpc-default-executor-8] INFO  server.RaftServer$Division (RaftServerImpl.java:setRole(285)) - omNode-3@group-523986131536: changes role from CANDIDATE to FOLLOWER at term 5 for candidate:omNode-1
2021-10-05 12:33:14,100 [grpc-default-executor-8] INFO  impl.RoleInfo (RoleInfo.java:shutdownLeaderElection(121)) - omNode-3: shutdown omNode-3@group-523986131536-LeaderElection21
2021-10-05 12:33:14,100 [grpc-default-executor-8] INFO  impl.RoleInfo (RoleInfo.java:updateAndGet(130)) - omNode-3: start omNode-3@group-523986131536-FollowerState
2021-10-05 12:33:14,102 [grpc-default-executor-8] INFO  server.RaftServer$Division (RaftServerImpl.java:requestVote(1075)) - omNode-3@group-523986131536 replies to ELECTION vote request: omNode-1<-omNode-3#0:FAIL-t5. Peer's state: omNode-3@group-523986131536:t5, leader=null, voted=null, raftlog=omNode-3@group-523986131536-SegmentedRaftLog:OPENED:c23,f23,i23, conf=20: [omNode-3|rpc:localhost:10616|admin:|client:|dataStream:|priority:0, omNode-1|rpc:localhost:10604|admin:|client:|dataStream:|priority:0, omNode-2|rpc:localhost:10610|admin:|client:|dataStream:|priority:0], old=null
2021-10-05 12:33:14,103 [omNode-3@group-523986131536-LeaderElection21] INFO  impl.LeaderElection (LeaderElection.java:run(230)) - omNode-3@group-523986131536-LeaderElection21: skip running since this is already CLOSING
2021-10-05 12:33:14,103 [grpc-default-executor-7] INFO  server.RaftServer$Division (RaftServerImpl.java:requestVote(1043)) - omNode-2@group-523986131536: receive requestVote(ELECTION, omNode-1, group-523986131536, 5, (t:2, i:17))
2021-10-05 12:33:14,103 [grpc-default-executor-7] INFO  impl.VoteContext (VoteContext.java:log(48)) - omNode-2@group-523986131536-FOLLOWER: reject ELECTION from omNode-1: our last entry (t:4, i:23) > candidate's last entry (t:2, i:17)
2021-10-05 12:33:14,103 [grpc-default-executor-7] INFO  server.RaftServer$Division (RaftServerImpl.java:setRole(285)) - omNode-2@group-523986131536: changes role from  FOLLOWER to FOLLOWER at term 5 for candidate:omNode-1
2021-10-05 12:33:14,103 [grpc-default-executor-7] INFO  impl.RoleInfo (RoleInfo.java:shutdownFollowerState(108)) - omNode-2: shutdown omNode-2@group-523986131536-FollowerState
2021-10-05 12:33:14,103 [grpc-default-executor-7] INFO  impl.RoleInfo (RoleInfo.java:updateAndGet(130)) - omNode-2: start omNode-2@group-523986131536-FollowerState
2021-10-05 12:33:14,103 [omNode-2@group-523986131536-FollowerState] INFO  impl.FollowerState (FollowerState.java:run(143)) - omNode-2@group-523986131536-FollowerState was interrupted: {}
java.lang.InterruptedException: sleep interrupted
	at java.lang.Thread.sleep(Native Method)
	at java.lang.Thread.sleep(Thread.java:340)
	at java.util.concurrent.TimeUnit.sleep(TimeUnit.java:386)
	at org.apache.ratis.util.TimeDuration.sleep(TimeDuration.java:324)
	at org.apache.ratis.util.TimeDuration.sleep(TimeDuration.java:309)
	at org.apache.ratis.server.impl.FollowerState.run(FollowerState.java:118)
2021-10-05 12:33:14,107 [grpc-default-executor-7] INFO  server.RaftServer$Division (RaftServerImpl.java:requestVote(1075)) - omNode-2@group-523986131536 replies to ELECTION vote request: omNode-1<-omNode-2#0:FAIL-t5. Peer's state: omNode-2@group-523986131536:t5, leader=null, voted=null, raftlog=omNode-2@group-523986131536-SegmentedRaftLog:OPENED:c23,f23,i23, conf=20: [omNode-3|rpc:localhost:10616|admin:|client:|dataStream:|priority:0, omNode-1|rpc:localhost:10604|admin:|client:|dataStream:|priority:0, omNode-2|rpc:localhost:10610|admin:|client:|dataStream:|priority:0], old=null
2021-10-05 12:33:14,111 [omNode-1@group-523986131536-LeaderElection20] INFO  impl.LeaderElection (LeaderElection.java:logAndReturn(89)) - omNode-1@group-523986131536-LeaderElection20: ELECTION REJECTED received 2 response(s) and 0 exception(s):
2021-10-05 12:33:14,111 [omNode-1@group-523986131536-LeaderElection20] INFO  impl.LeaderElection (LeaderElection.java:logAndReturn(93)) -   Response 0: omNode-1<-omNode-3#0:FAIL-t5
2021-10-05 12:33:14,111 [omNode-1@group-523986131536-LeaderElection20] INFO  impl.LeaderElection (LeaderElection.java:logAndReturn(93)) -   Response 1: omNode-1<-omNode-2#0:FAIL-t5
2021-10-05 12:33:14,111 [omNode-1@group-523986131536-LeaderElection20] INFO  impl.LeaderElection (LeaderElection.java:askForVotes(308)) - omNode-1@group-523986131536-LeaderElection20 ELECTION round 0: result REJECTED
2021-10-05 12:33:14,111 [omNode-1@group-523986131536-LeaderElection20] INFO  server.RaftServer$Division (RaftServerImpl.java:setRole(285)) - omNode-1@group-523986131536: changes role from CANDIDATE to FOLLOWER at term 5 for REJECTED
2021-10-05 12:33:14,111 [omNode-1@group-523986131536-LeaderElection20] INFO  impl.RoleInfo (RoleInfo.java:shutdownLeaderElection(121)) - omNode-1: shutdown omNode-1@group-523986131536-LeaderElection20
2021-10-05 12:33:14,111 [omNode-1@group-523986131536-LeaderElection20] INFO  impl.RoleInfo (RoleInfo.java:updateAndGet(130)) - omNode-1: start omNode-1@group-523986131536-FollowerState
2021-10-05 12:33:15,128 [omNode-1@group-523986131536-FollowerState] INFO  impl.FollowerState (FollowerState.java:run(134)) - omNode-1@group-523986131536-FollowerState: change to CANDIDATE, lastRpcElapsedTime:1016632151ns, electionTimeout:1016ms
2021-10-05 12:33:15,128 [omNode-1@group-523986131536-FollowerState] INFO  impl.RoleInfo (RoleInfo.java:shutdownFollowerState(108)) - omNode-1: shutdown omNode-1@group-523986131536-FollowerState
2021-10-05 12:33:15,128 [omNode-1@group-523986131536-FollowerState] INFO  server.RaftServer$Division (RaftServerImpl.java:setRole(285)) - omNode-1@group-523986131536: changes role from  FOLLOWER to CANDIDATE at term 5 for changeToCandidate
2021-10-05 12:33:15,128 [omNode-1@group-523986131536-FollowerState] INFO  server.RaftServerConfigKeys (ConfUtils.java:logGet(44)) - raft.server.leaderelection.pre-vote = false (custom)
2021-10-05 12:33:15,128 [omNode-1@group-523986131536-FollowerState] INFO  impl.RoleInfo (RoleInfo.java:updateAndGet(130)) - omNode-1: start omNode-1@group-523986131536-LeaderElection22
2021-10-05 12:33:15,130 [omNode-1@group-523986131536-LeaderElection22] INFO  impl.LeaderElection (LeaderElection.java:askForVotes(306)) - omNode-1@group-523986131536-LeaderElection22 ELECTION round 0: submit vote requests at term 6 for 20: [omNode-3|rpc:localhost:10616|admin:|client:|dataStream:|priority:0, omNode-1|rpc:localhost:10604|admin:|client:|dataStream:|priority:0, omNode-2|rpc:localhost:10610|admin:|client:|dataStream:|priority:0], old=null
2021-10-05 12:33:15,133 [grpc-default-executor-7] INFO  server.RaftServer$Division (RaftServerImpl.java:requestVote(1043)) - omNode-3@group-523986131536: receive requestVote(ELECTION, omNode-1, group-523986131536, 6, (t:2, i:17))
2021-10-05 12:33:15,133 [grpc-default-executor-7] INFO  impl.VoteContext (VoteContext.java:log(48)) - omNode-3@group-523986131536-FOLLOWER: reject ELECTION from omNode-1: our last entry (t:4, i:23) > candidate's last entry (t:2, i:17)
2021-10-05 12:33:15,133 [grpc-default-executor-7] INFO  server.RaftServer$Division (RaftServerImpl.java:setRole(285)) - omNode-3@group-523986131536: changes role from  FOLLOWER to FOLLOWER at term 6 for candidate:omNode-1
2021-10-05 12:33:15,133 [grpc-default-executor-7] INFO  impl.RoleInfo (RoleInfo.java:shutdownFollowerState(108)) - omNode-3: shutdown omNode-3@group-523986131536-FollowerState
2021-10-05 12:33:15,133 [grpc-default-executor-7] INFO  impl.RoleInfo (RoleInfo.java:updateAndGet(130)) - omNode-3: start omNode-3@group-523986131536-FollowerState
2021-10-05 12:33:15,133 [omNode-3@group-523986131536-FollowerState] INFO  impl.FollowerState (FollowerState.java:run(143)) - omNode-3@group-523986131536-FollowerState was interrupted: {}
java.lang.InterruptedException: sleep interrupted
	at java.lang.Thread.sleep(Native Method)
	at java.lang.Thread.sleep(Thread.java:340)
	at java.util.concurrent.TimeUnit.sleep(TimeUnit.java:386)
	at org.apache.ratis.util.TimeDuration.sleep(TimeDuration.java:324)
	at org.apache.ratis.util.TimeDuration.sleep(TimeDuration.java:309)
	at org.apache.ratis.server.impl.FollowerState.run(FollowerState.java:118)
2021-10-05 12:33:15,134 [grpc-default-executor-8] INFO  server.RaftServer$Division (RaftServerImpl.java:requestVote(1043)) - omNode-2@group-523986131536: receive requestVote(ELECTION, omNode-1, group-523986131536, 6, (t:2, i:17))
2021-10-05 12:33:15,137 [grpc-default-executor-8] INFO  impl.VoteContext (VoteContext.java:log(48)) - omNode-2@group-523986131536-FOLLOWER: reject ELECTION from omNode-1: our last entry (t:4, i:23) > candidate's last entry (t:2, i:17)
2021-10-05 12:33:15,138 [grpc-default-executor-8] INFO  server.RaftServer$Division (RaftServerImpl.java:setRole(285)) - omNode-2@group-523986131536: changes role from  FOLLOWER to FOLLOWER at term 6 for candidate:omNode-1
2021-10-05 12:33:15,138 [grpc-default-executor-8] INFO  impl.RoleInfo (RoleInfo.java:shutdownFollowerState(108)) - omNode-2: shutdown omNode-2@group-523986131536-FollowerState
2021-10-05 12:33:15,138 [grpc-default-executor-8] INFO  impl.RoleInfo (RoleInfo.java:updateAndGet(130)) - omNode-2: start omNode-2@group-523986131536-FollowerState
2021-10-05 12:33:15,138 [omNode-2@group-523986131536-FollowerState] INFO  impl.FollowerState (FollowerState.java:run(143)) - omNode-2@group-523986131536-FollowerState was interrupted: {}
java.lang.InterruptedException: sleep interrupted
	at java.lang.Thread.sleep(Native Method)
	at java.lang.Thread.sleep(Thread.java:340)
	at java.util.concurrent.TimeUnit.sleep(TimeUnit.java:386)
	at org.apache.ratis.util.TimeDuration.sleep(TimeDuration.java:324)
	at org.apache.ratis.util.TimeDuration.sleep(TimeDuration.java:309)
	at org.apache.ratis.server.impl.FollowerState.run(FollowerState.java:118)
2021-10-05 12:33:15,139 [grpc-default-executor-7] INFO  server.RaftServer$Division (RaftServerImpl.java:requestVote(1075)) - omNode-3@group-523986131536 replies to ELECTION vote request: omNode-1<-omNode-3#0:FAIL-t6. Peer's state: omNode-3@group-523986131536:t6, leader=null, voted=null, raftlog=omNode-3@group-523986131536-SegmentedRaftLog:OPENED:c23,f23,i23, conf=20: [omNode-3|rpc:localhost:10616|admin:|client:|dataStream:|priority:0, omNode-1|rpc:localhost:10604|admin:|client:|dataStream:|priority:0, omNode-2|rpc:localhost:10610|admin:|client:|dataStream:|priority:0], old=null
2021-10-05 12:33:15,148 [grpc-default-executor-8] INFO  server.RaftServer$Division (RaftServerImpl.java:requestVote(1075)) - omNode-2@group-523986131536 replies to ELECTION vote request: omNode-1<-omNode-2#0:FAIL-t6. Peer's state: omNode-2@group-523986131536:t6, leader=null, voted=null, raftlog=omNode-2@group-523986131536-SegmentedRaftLog:OPENED:c23,f23,i23, conf=20: [omNode-3|rpc:localhost:10616|admin:|client:|dataStream:|priority:0, omNode-1|rpc:localhost:10604|admin:|client:|dataStream:|priority:0, omNode-2|rpc:localhost:10610|admin:|client:|dataStream:|priority:0], old=null
2021-10-05 12:33:15,149 [omNode-1@group-523986131536-LeaderElection22] INFO  impl.LeaderElection (LeaderElection.java:logAndReturn(89)) - omNode-1@group-523986131536-LeaderElection22: ELECTION REJECTED received 2 response(s) and 0 exception(s):
2021-10-05 12:33:15,149 [omNode-1@group-523986131536-LeaderElection22] INFO  impl.LeaderElection (LeaderElection.java:logAndReturn(93)) -   Response 0: omNode-1<-omNode-3#0:FAIL-t6
2021-10-05 12:33:15,149 [omNode-1@group-523986131536-LeaderElection22] INFO  impl.LeaderElection (LeaderElection.java:logAndReturn(93)) -   Response 1: omNode-1<-omNode-2#0:FAIL-t6
2021-10-05 12:33:15,149 [omNode-1@group-523986131536-LeaderElection22] INFO  impl.LeaderElection (LeaderElection.java:askForVotes(308)) - omNode-1@group-523986131536-LeaderElection22 ELECTION round 0: result REJECTED
2021-10-05 12:33:15,149 [omNode-1@group-523986131536-LeaderElection22] INFO  server.RaftServer$Division (RaftServerImpl.java:setRole(285)) - omNode-1@group-523986131536: changes role from CANDIDATE to FOLLOWER at term 6 for REJECTED
2021-10-05 12:33:15,149 [omNode-1@group-523986131536-LeaderElection22] INFO  impl.RoleInfo (RoleInfo.java:shutdownLeaderElection(121)) - omNode-1: shutdown omNode-1@group-523986131536-LeaderElection22
2021-10-05 12:33:15,149 [omNode-1@group-523986131536-LeaderElection22] INFO  impl.RoleInfo (RoleInfo.java:updateAndGet(130)) - omNode-1: start omNode-1@group-523986131536-FollowerState
2021-10-05 12:33:15,182 [Time-limited test] INFO  retry.RetryInvocationHandler (RetryInvocationHandler.java:log(411)) - com.google.protobuf.ServiceException: org.apache.hadoop.ipc.RemoteException(org.apache.hadoop.ozone.om.exceptions.OMNotLeaderException): OM:omNode-1 is not the leader. Could not determine the leader node.
	at org.apache.hadoop.ozone.om.ratis.utils.OzoneManagerRatisUtils.createNotLeaderException(OzoneManagerRatisUtils.java:465)
	at org.apache.hadoop.ozone.om.ratis.utils.OzoneManagerRatisUtils.checkLeaderStatus(OzoneManagerRatisUtils.java:451)
	at org.apache.hadoop.ozone.protocolPB.OzoneManagerProtocolServerSideTranslatorPB.checkLeaderStatus(OzoneManagerProtocolServerSideTranslatorPB.java:242)
	at org.apache.hadoop.ozone.protocolPB.OzoneManagerProtocolServerSideTranslatorPB.processRequest(OzoneManagerProtocolServerSideTranslatorPB.java:135)
	at org.apache.hadoop.hdds.server.OzoneProtocolMessageDispatcher.processRequest(OzoneProtocolMessageDispatcher.java:87)
	at org.apache.hadoop.ozone.protocolPB.OzoneManagerProtocolServerSideTranslatorPB.submitRequest(OzoneManagerProtocolServerSideTranslatorPB.java:123)
	at org.apache.hadoop.ozone.protocol.proto.OzoneManagerProtocolProtos$OzoneManagerService$2.callBlockingMethod(OzoneManagerProtocolProtos.java)
	at org.apache.hadoop.ipc.ProtobufRpcEngine$Server.processCall(ProtobufRpcEngine.java:466)
	at org.apache.hadoop.ipc.ProtobufRpcEngine2$Server$ProtoBufRpcInvoker.call(ProtobufRpcEngine2.java:574)
	at org.apache.hadoop.ipc.ProtobufRpcEngine2$Server$ProtoBufRpcInvoker.call(ProtobufRpcEngine2.java:552)
	at org.apache.hadoop.ipc.RPC$Server.call(RPC.java:1093)
	at org.apache.hadoop.ipc.Server$RpcCall.run(Server.java:1035)
	at org.apache.hadoop.ipc.Server$RpcCall.run(Server.java:963)
	at java.security.AccessController.doPrivileged(Native Method)
	at javax.security.auth.Subject.doAs(Subject.java:422)
	at org.apache.hadoop.security.UserGroupInformation.doAs(UserGroupInformation.java:1878)
	at org.apache.hadoop.ipc.Server$Handler.run(Server.java:2966)
, while invoking $Proxy52.submitRequest over nodeId=omNode-1,nodeAddress=127.0.0.1:10600 after 2 failover attempts. Trying to failover immediately.
2021-10-05 12:33:15,185 [Time-limited test] INFO  retry.RetryInvocationHandler (RetryInvocationHandler.java:log(411)) - com.google.protobuf.ServiceException: org.apache.hadoop.ipc.RemoteException(org.apache.hadoop.ozone.om.exceptions.OMNotLeaderException): OM:omNode-2 is not the leader. Could not determine the leader node.
	at org.apache.hadoop.ozone.om.ratis.utils.OzoneManagerRatisUtils.createNotLeaderException(OzoneManagerRatisUtils.java:465)
	at org.apache.hadoop.ozone.om.ratis.utils.OzoneManagerRatisUtils.checkLeaderStatus(OzoneManagerRatisUtils.java:451)
	at org.apache.hadoop.ozone.protocolPB.OzoneManagerProtocolServerSideTranslatorPB.checkLeaderStatus(OzoneManagerProtocolServerSideTranslatorPB.java:242)
	at org.apache.hadoop.ozone.protocolPB.OzoneManagerProtocolServerSideTranslatorPB.processRequest(OzoneManagerProtocolServerSideTranslatorPB.java:135)
	at org.apache.hadoop.hdds.server.OzoneProtocolMessageDispatcher.processRequest(OzoneProtocolMessageDispatcher.java:87)
	at org.apache.hadoop.ozone.protocolPB.OzoneManagerProtocolServerSideTranslatorPB.submitRequest(OzoneManagerProtocolServerSideTranslatorPB.java:123)
	at org.apache.hadoop.ozone.protocol.proto.OzoneManagerProtocolProtos$OzoneManagerService$2.callBlockingMethod(OzoneManagerProtocolProtos.java)
	at org.apache.hadoop.ipc.ProtobufRpcEngine$Server.processCall(ProtobufRpcEngine.java:466)
	at org.apache.hadoop.ipc.ProtobufRpcEngine2$Server$ProtoBufRpcInvoker.call(ProtobufRpcEngine2.java:574)
	at org.apache.hadoop.ipc.ProtobufRpcEngine2$Server$ProtoBufRpcInvoker.call(ProtobufRpcEngine2.java:552)
	at org.apache.hadoop.ipc.RPC$Server.call(RPC.java:1093)
	at org.apache.hadoop.ipc.Server$RpcCall.run(Server.java:1035)
	at org.apache.hadoop.ipc.Server$RpcCall.run(Server.java:963)
	at java.security.AccessController.doPrivileged(Native Method)
	at javax.security.auth.Subject.doAs(Subject.java:422)
	at org.apache.hadoop.security.UserGroupInformation.doAs(UserGroupInformation.java:1878)
	at org.apache.hadoop.ipc.Server$Handler.run(Server.java:2966)
, while invoking $Proxy52.submitRequest over nodeId=omNode-2,nodeAddress=127.0.0.1:10606 after 3 failover attempts. Trying to failover immediately.
2021-10-05 12:33:15,187 [Time-limited test] INFO  retry.RetryInvocationHandler (RetryInvocationHandler.java:log(411)) - com.google.protobuf.ServiceException: org.apache.hadoop.ipc.RemoteException(org.apache.hadoop.ozone.om.exceptions.OMNotLeaderException): OM:omNode-3 is not the leader. Could not determine the leader node.
	at org.apache.hadoop.ozone.om.ratis.utils.OzoneManagerRatisUtils.createNotLeaderException(OzoneManagerRatisUtils.java:465)
	at org.apache.hadoop.ozone.om.ratis.utils.OzoneManagerRatisUtils.checkLeaderStatus(OzoneManagerRatisUtils.java:451)
	at org.apache.hadoop.ozone.protocolPB.OzoneManagerProtocolServerSideTranslatorPB.checkLeaderStatus(OzoneManagerProtocolServerSideTranslatorPB.java:242)
	at org.apache.hadoop.ozone.protocolPB.OzoneManagerProtocolServerSideTranslatorPB.processRequest(OzoneManagerProtocolServerSideTranslatorPB.java:135)
	at org.apache.hadoop.hdds.server.OzoneProtocolMessageDispatcher.processRequest(OzoneProtocolMessageDispatcher.java:87)
	at org.apache.hadoop.ozone.protocolPB.OzoneManagerProtocolServerSideTranslatorPB.submitRequest(OzoneManagerProtocolServerSideTranslatorPB.java:123)
	at org.apache.hadoop.ozone.protocol.proto.OzoneManagerProtocolProtos$OzoneManagerService$2.callBlockingMethod(OzoneManagerProtocolProtos.java)
	at org.apache.hadoop.ipc.ProtobufRpcEngine$Server.processCall(ProtobufRpcEngine.java:466)
	at org.apache.hadoop.ipc.ProtobufRpcEngine2$Server$ProtoBufRpcInvoker.call(ProtobufRpcEngine2.java:574)
	at org.apache.hadoop.ipc.ProtobufRpcEngine2$Server$ProtoBufRpcInvoker.call(ProtobufRpcEngine2.java:552)
	at org.apache.hadoop.ipc.RPC$Server.call(RPC.java:1093)
	at org.apache.hadoop.ipc.Server$RpcCall.run(Server.java:1035)
	at org.apache.hadoop.ipc.Server$RpcCall.run(Server.java:963)
	at java.security.AccessController.doPrivileged(Native Method)
	at javax.security.auth.Subject.doAs(Subject.java:422)
	at org.apache.hadoop.security.UserGroupInformation.doAs(UserGroupInformation.java:1878)
	at org.apache.hadoop.ipc.Server$Handler.run(Server.java:2966)
, while invoking $Proxy52.submitRequest over nodeId=omNode-3,nodeAddress=127.0.0.1:10612 after 4 failover attempts. Trying to failover after sleeping for 2000ms.
2021-10-05 12:33:16,206 [omNode-1@group-523986131536-FollowerState] INFO  impl.FollowerState (FollowerState.java:run(134)) - omNode-1@group-523986131536-FollowerState: change to CANDIDATE, lastRpcElapsedTime:1056826017ns, electionTimeout:1052ms
2021-10-05 12:33:16,206 [omNode-1@group-523986131536-FollowerState] INFO  impl.RoleInfo (RoleInfo.java:shutdownFollowerState(108)) - omNode-1: shutdown omNode-1@group-523986131536-FollowerState
2021-10-05 12:33:16,206 [omNode-1@group-523986131536-FollowerState] INFO  server.RaftServer$Division (RaftServerImpl.java:setRole(285)) - omNode-1@group-523986131536: changes role from  FOLLOWER to CANDIDATE at term 6 for changeToCandidate
2021-10-05 12:33:16,206 [omNode-1@group-523986131536-FollowerState] INFO  server.RaftServerConfigKeys (ConfUtils.java:logGet(44)) - raft.server.leaderelection.pre-vote = false (custom)
2021-10-05 12:33:16,206 [omNode-1@group-523986131536-FollowerState] INFO  impl.RoleInfo (RoleInfo.java:updateAndGet(130)) - omNode-1: start omNode-1@group-523986131536-LeaderElection23
2021-10-05 12:33:16,209 [omNode-1@group-523986131536-LeaderElection23] INFO  impl.LeaderElection (LeaderElection.java:askForVotes(306)) - omNode-1@group-523986131536-LeaderElection23 ELECTION round 0: submit vote requests at term 7 for 20: [omNode-3|rpc:localhost:10616|admin:|client:|dataStream:|priority:0, omNode-1|rpc:localhost:10604|admin:|client:|dataStream:|priority:0, omNode-2|rpc:localhost:10610|admin:|client:|dataStream:|priority:0], old=null
2021-10-05 12:33:16,212 [grpc-default-executor-8] INFO  server.RaftServer$Division (RaftServerImpl.java:requestVote(1043)) - omNode-3@group-523986131536: receive requestVote(ELECTION, omNode-1, group-523986131536, 7, (t:2, i:17))
2021-10-05 12:33:16,212 [grpc-default-executor-8] INFO  impl.VoteContext (VoteContext.java:log(48)) - omNode-3@group-523986131536-FOLLOWER: reject ELECTION from omNode-1: our last entry (t:4, i:23) > candidate's last entry (t:2, i:17)
2021-10-05 12:33:16,212 [grpc-default-executor-8] INFO  server.RaftServer$Division (RaftServerImpl.java:setRole(285)) - omNode-3@group-523986131536: changes role from  FOLLOWER to FOLLOWER at term 7 for candidate:omNode-1
2021-10-05 12:33:16,212 [grpc-default-executor-8] INFO  impl.RoleInfo (RoleInfo.java:shutdownFollowerState(108)) - omNode-3: shutdown omNode-3@group-523986131536-FollowerState
2021-10-05 12:33:16,212 [grpc-default-executor-8] INFO  impl.RoleInfo (RoleInfo.java:updateAndGet(130)) - omNode-3: start omNode-3@group-523986131536-FollowerState
2021-10-05 12:33:16,212 [omNode-3@group-523986131536-FollowerState] INFO  impl.FollowerState (FollowerState.java:run(143)) - omNode-3@group-523986131536-FollowerState was interrupted: {}
java.lang.InterruptedException: sleep interrupted
	at java.lang.Thread.sleep(Native Method)
	at java.lang.Thread.sleep(Thread.java:340)
	at java.util.concurrent.TimeUnit.sleep(TimeUnit.java:386)
	at org.apache.ratis.util.TimeDuration.sleep(TimeDuration.java:324)
	at org.apache.ratis.util.TimeDuration.sleep(TimeDuration.java:309)
	at org.apache.ratis.server.impl.FollowerState.run(FollowerState.java:118)
2021-10-05 12:33:16,214 [grpc-default-executor-7] INFO  server.RaftServer$Division (RaftServerImpl.java:requestVote(1043)) - omNode-2@group-523986131536: receive requestVote(ELECTION, omNode-1, group-523986131536, 7, (t:2, i:17))
2021-10-05 12:33:16,214 [grpc-default-executor-8] INFO  server.RaftServer$Division (RaftServerImpl.java:requestVote(1075)) - omNode-3@group-523986131536 replies to ELECTION vote request: omNode-1<-omNode-3#0:FAIL-t7. Peer's state: omNode-3@group-523986131536:t7, leader=null, voted=null, raftlog=omNode-3@group-523986131536-SegmentedRaftLog:OPENED:c23,f23,i23, conf=20: [omNode-3|rpc:localhost:10616|admin:|client:|dataStream:|priority:0, omNode-1|rpc:localhost:10604|admin:|client:|dataStream:|priority:0, omNode-2|rpc:localhost:10610|admin:|client:|dataStream:|priority:0], old=null
2021-10-05 12:33:16,214 [grpc-default-executor-7] INFO  impl.VoteContext (VoteContext.java:log(48)) - omNode-2@group-523986131536-FOLLOWER: reject ELECTION from omNode-1: our last entry (t:4, i:23) > candidate's last entry (t:2, i:17)
2021-10-05 12:33:16,215 [grpc-default-executor-7] INFO  server.RaftServer$Division (RaftServerImpl.java:setRole(285)) - omNode-2@group-523986131536: changes role from  FOLLOWER to FOLLOWER at term 7 for candidate:omNode-1
2021-10-05 12:33:16,215 [grpc-default-executor-7] INFO  impl.RoleInfo (RoleInfo.java:shutdownFollowerState(108)) - omNode-2: shutdown omNode-2@group-523986131536-FollowerState
2021-10-05 12:33:16,215 [grpc-default-executor-7] INFO  impl.RoleInfo (RoleInfo.java:updateAndGet(130)) - omNode-2: start omNode-2@group-523986131536-FollowerState
2021-10-05 12:33:16,215 [omNode-2@group-523986131536-FollowerState] INFO  impl.FollowerState (FollowerState.java:run(143)) - omNode-2@group-523986131536-FollowerState was interrupted: {}
java.lang.InterruptedException: sleep interrupted
	at java.lang.Thread.sleep(Native Method)
	at java.lang.Thread.sleep(Thread.java:340)
	at java.util.concurrent.TimeUnit.sleep(TimeUnit.java:386)
	at org.apache.ratis.util.TimeDuration.sleep(TimeDuration.java:324)
	at org.apache.ratis.util.TimeDuration.sleep(TimeDuration.java:309)
	at org.apache.ratis.server.impl.FollowerState.run(FollowerState.java:118)
2021-10-05 12:33:16,221 [grpc-default-executor-7] INFO  server.RaftServer$Division (RaftServerImpl.java:requestVote(1075)) - omNode-2@group-523986131536 replies to ELECTION vote request: omNode-1<-omNode-2#0:FAIL-t7. Peer's state: omNode-2@group-523986131536:t7, leader=null, voted=null, raftlog=omNode-2@group-523986131536-SegmentedRaftLog:OPENED:c23,f23,i23, conf=20: [omNode-3|rpc:localhost:10616|admin:|client:|dataStream:|priority:0, omNode-1|rpc:localhost:10604|admin:|client:|dataStream:|priority:0, omNode-2|rpc:localhost:10610|admin:|client:|dataStream:|priority:0], old=null
2021-10-05 12:33:16,224 [omNode-1@group-523986131536-LeaderElection23] INFO  impl.LeaderElection (LeaderElection.java:logAndReturn(89)) - omNode-1@group-523986131536-LeaderElection23: ELECTION REJECTED received 2 response(s) and 0 exception(s):
2021-10-05 12:33:16,224 [omNode-1@group-523986131536-LeaderElection23] INFO  impl.LeaderElection (LeaderElection.java:logAndReturn(93)) -   Response 0: omNode-1<-omNode-3#0:FAIL-t7
2021-10-05 12:33:16,224 [omNode-1@group-523986131536-LeaderElection23] INFO  impl.LeaderElection (LeaderElection.java:logAndReturn(93)) -   Response 1: omNode-1<-omNode-2#0:FAIL-t7
2021-10-05 12:33:16,224 [omNode-1@group-523986131536-LeaderElection23] INFO  impl.LeaderElection (LeaderElection.java:askForVotes(308)) - omNode-1@group-523986131536-LeaderElection23 ELECTION round 0: result REJECTED
2021-10-05 12:33:16,224 [omNode-1@group-523986131536-LeaderElection23] INFO  server.RaftServer$Division (RaftServerImpl.java:setRole(285)) - omNode-1@group-523986131536: changes role from CANDIDATE to FOLLOWER at term 7 for REJECTED
2021-10-05 12:33:16,224 [omNode-1@group-523986131536-LeaderElection23] INFO  impl.RoleInfo (RoleInfo.java:shutdownLeaderElection(121)) - omNode-1: shutdown omNode-1@group-523986131536-LeaderElection23
2021-10-05 12:33:16,224 [omNode-1@group-523986131536-LeaderElection23] INFO  impl.RoleInfo (RoleInfo.java:updateAndGet(130)) - omNode-1: start omNode-1@group-523986131536-FollowerState
2021-10-05 12:33:17,191 [Time-limited test] ERROR ha.OMFailoverProxyProvider (OMFailoverProxyProvider.java:getRetryAction(292)) - Failed to connect to OMs: [nodeId=omNode-3,nodeAddress=127.0.0.1:10612, nodeId=omNode-1,nodeAddress=127.0.0.1:10600, nodeId=omNode-2,nodeAddress=127.0.0.1:10606]. Attempted 5 failovers.
2021-10-05 12:33:17,191 [Time-limited test] INFO  om.OzoneManager (OzoneManager.java:stop(1644)) - Stopping Ozone Manager
2021-10-05 12:33:17,192 [Time-limited test] INFO  ipc.Server (Server.java:stop(3414)) - Stopping server on 10612
2021-10-05 12:33:17,197 [IPC Server listener on 10612] INFO  ipc.Server (Server.java:run(1376)) - Stopping IPC Server listener on 10612
2021-10-05 12:33:17,198 [IPC Server Responder] INFO  ipc.Server (Server.java:run(1512)) - Stopping IPC Server Responder
2021-10-05 12:33:17,198 [Time-limited test] INFO  server.RaftServer (RaftServerProxy.java:lambda$close$6(391)) - omNode-3: close
2021-10-05 12:33:17,199 [Time-limited test] INFO  server.RaftServer$Division (RaftServerImpl.java:lambda$close$4(407)) - omNode-3@group-523986131536: shutdown
2021-10-05 12:33:17,199 [Time-limited test] INFO  util.JmxRegister (JmxRegister.java:unregister(73)) - Successfully un-registered JMX Bean with object name Ratis:service=RaftServer,group=group-523986131536,id=omNode-3
2021-10-05 12:33:17,199 [Time-limited test] INFO  impl.RoleInfo (RoleInfo.java:shutdownFollowerState(108)) - omNode-3: shutdown omNode-3@group-523986131536-FollowerState
2021-10-05 12:33:17,199 [omNode-3@group-523986131536-FollowerState] INFO  impl.FollowerState (FollowerState.java:run(143)) - omNode-3@group-523986131536-FollowerState was interrupted: {}
java.lang.InterruptedException: sleep interrupted
	at java.lang.Thread.sleep(Native Method)
	at java.lang.Thread.sleep(Thread.java:340)
	at java.util.concurrent.TimeUnit.sleep(TimeUnit.java:386)
	at org.apache.ratis.util.TimeDuration.sleep(TimeDuration.java:324)
	at org.apache.ratis.util.TimeDuration.sleep(TimeDuration.java:309)
	at org.apache.ratis.server.impl.FollowerState.run(FollowerState.java:118)
2021-10-05 12:33:17,199 [Time-limited test] INFO  impl.StateMachineUpdater (StateMachineUpdater.java:stopAndJoin(149)) - omNode-3@group-523986131536-StateMachineUpdater: set stopIndex = 23
2021-10-05 12:33:17,199 [omNode-3@group-523986131536-StateMachineUpdater] INFO  ratis.OzoneManagerStateMachine (OzoneManagerStateMachine.java:close(471)) - StateMachine has shutdown. Shutdown OzoneManager if not already shutdown.
2021-10-05 12:33:17,200 [Time-limited test] INFO  server.RaftServer$Division (ServerState.java:close(419)) - omNode-3@group-523986131536: closes. applyIndex: 23
2021-10-05 12:33:17,202 [omNode-3@group-523986131536-SegmentedRaftLogWorker] INFO  segmented.SegmentedRaftLogWorker (SegmentedRaftLogWorker.java:run(327)) - omNode-3@group-523986131536-SegmentedRaftLogWorker was interrupted, exiting. There are 0 tasks remaining in the queue.
2021-10-05 12:33:17,203 [Time-limited test] INFO  segmented.SegmentedRaftLogWorker (SegmentedRaftLogWorker.java:close(237)) - omNode-3@group-523986131536-SegmentedRaftLogWorker close()
2021-10-05 12:33:17,204 [Time-limited test] INFO  server.GrpcService (GrpcService.java:closeImpl(262)) - omNode-3: shutdown server with port 10616 now
2021-10-05 12:33:17,206 [Time-limited test] INFO  server.GrpcService (GrpcService.java:closeImpl(271)) - omNode-3: shutdown server with port 10616 successfully
2021-10-05 12:33:17,207 [org.apache.ratis.util.JvmPauseMonitor$$Lambda$523/2137356424@2f91b5b0] INFO  util.JvmPauseMonitor (JvmPauseMonitor.java:run(109)) - JvmPauseMonitor-omNode-3: Stopped
2021-10-05 12:33:17,207 [Time-limited test] INFO  ratis.OzoneManagerDoubleBuffer (OzoneManagerDoubleBuffer.java:stop(437)) - Stopping OMDoubleBuffer flush thread
2021-10-05 12:33:17,207 [OMDoubleBufferFlushThread] INFO  ratis.OzoneManagerDoubleBuffer (OzoneManagerDoubleBuffer.java:flushTransactions(356)) - OMDoubleBuffer flush thread OMDoubleBufferFlushThread is interrupted and will exit. OMDoubleBufferFlushThread
2021-10-05 12:33:17,208 [Time-limited test] INFO  handler.ContextHandler (ContextHandler.java:doStop(1153)) - Stopped o.e.j.w.WebAppContext@74646822{ozoneManager,/,null,STOPPED}{file:/home/runner/work/ozone/ozone/hadoop-ozone/integration-test/target/test-classes/webapps/ozoneManager}
2021-10-05 12:33:17,209 [Time-limited test] INFO  server.AbstractConnector (AbstractConnector.java:doStop(381)) - Stopped ServerConnector@6ef147bd{HTTP/1.1, (http/1.1)}{0.0.0.0:10614}
2021-10-05 12:33:17,209 [Time-limited test] INFO  server.session (HouseKeeper.java:stopScavenging(149)) - node0 Stopped scavenging
2021-10-05 12:33:17,209 [Time-limited test] INFO  handler.ContextHandler (ContextHandler.java:doStop(1153)) - Stopped o.e.j.s.ServletContextHandler@2a7315e4{static,/static,file:///home/runner/work/ozone/ozone/hadoop-ozone/integration-test/target/test-classes/webapps/static,STOPPED}
2021-10-05 12:33:17,210 [Time-limited test] INFO  handler.ContextHandler (ContextHandler.java:doStop(1153)) - Stopped o.e.j.s.ServletContextHandler@78580c4b{logs,/logs,file:///home/runner/work/ozone/ozone/hadoop-ozone/integration-test/target/log,STOPPED}
2021-10-05 12:33:17,215 [Time-limited test] INFO  om.OzoneManager (OzoneManager.java:initFSOLayout(4333)) - Configured ozone.om.metadata.layout=SIMPLE and disabled optimized OM FS operations
2021-10-05 12:33:17,215 [Time-limited test] INFO  om.OzoneManager (OzoneManager.java:restart(1365)) - OzoneManager RPC server is listening at localhost/127.0.0.1:10612
2021-10-05 12:33:17,215 [Time-limited test] INFO  impl.MetricsSystemImpl (MetricsSystemImpl.java:init(158)) - OzoneManager metrics system started (again)
2021-10-05 12:33:17,228 [Time-limited test] WARN  server.ServerUtils (ServerUtils.java:getDBPath(225)) - ozone.om.db.dirs is not configured. We recommend adding this setting. Falling back to ozone.metadata.dirs instead.
2021-10-05 12:33:17,229 [Time-limited test] INFO  codec.OmKeyInfoCodec (OmKeyInfoCodec.java:<init>(51)) - OmKeyInfoCodec ignorePipeline = true
2021-10-05 12:33:17,229 [Time-limited test] INFO  codec.RepeatedOmKeyInfoCodec (RepeatedOmKeyInfoCodec.java:<init>(42)) - RepeatedOmKeyInfoCodec ignorePipeline = true
2021-10-05 12:33:17,238 [omNode-1@group-523986131536-FollowerState] INFO  impl.FollowerState (FollowerState.java:run(134)) - omNode-1@group-523986131536-FollowerState: change to CANDIDATE, lastRpcElapsedTime:1013288766ns, electionTimeout:1013ms
2021-10-05 12:33:17,238 [omNode-1@group-523986131536-FollowerState] INFO  impl.RoleInfo (RoleInfo.java:shutdownFollowerState(108)) - omNode-1: shutdown omNode-1@group-523986131536-FollowerState
2021-10-05 12:33:17,238 [omNode-1@group-523986131536-FollowerState] INFO  server.RaftServer$Division (RaftServerImpl.java:setRole(285)) - omNode-1@group-523986131536: changes role from  FOLLOWER to CANDIDATE at term 7 for changeToCandidate
2021-10-05 12:33:17,238 [omNode-1@group-523986131536-FollowerState] INFO  server.RaftServerConfigKeys (ConfUtils.java:logGet(44)) - raft.server.leaderelection.pre-vote = false (custom)
2021-10-05 12:33:17,238 [omNode-1@group-523986131536-FollowerState] INFO  impl.RoleInfo (RoleInfo.java:updateAndGet(130)) - omNode-1: start omNode-1@group-523986131536-LeaderElection24
2021-10-05 12:33:17,246 [omNode-1@group-523986131536-LeaderElection24] INFO  impl.LeaderElection (LeaderElection.java:askForVotes(306)) - omNode-1@group-523986131536-LeaderElection24 ELECTION round 0: submit vote requests at term 8 for 20: [omNode-3|rpc:localhost:10616|admin:|client:|dataStream:|priority:0, omNode-1|rpc:localhost:10604|admin:|client:|dataStream:|priority:0, omNode-2|rpc:localhost:10610|admin:|client:|dataStream:|priority:0], old=null
2021-10-05 12:33:17,249 [omNode-1@group-523986131536-LeaderElection24] INFO  impl.LeaderElection (LogUtils.java:infoOrTrace(137)) - omNode-1@group-523986131536-LeaderElection24 got exception when requesting votes: java.util.concurrent.ExecutionException: org.apache.ratis.thirdparty.io.grpc.StatusRuntimeException: UNAVAILABLE: io exception
2021-10-05 12:33:17,251 [grpc-default-executor-7] INFO  server.RaftServer$Division (RaftServerImpl.java:requestVote(1043)) - omNode-2@group-523986131536: receive requestVote(ELECTION, omNode-1, group-523986131536, 8, (t:2, i:17))
2021-10-05 12:33:17,251 [grpc-default-executor-7] INFO  impl.VoteContext (VoteContext.java:log(48)) - omNode-2@group-523986131536-FOLLOWER: reject ELECTION from omNode-1: our last entry (t:4, i:23) > candidate's last entry (t:2, i:17)
2021-10-05 12:33:17,251 [grpc-default-executor-7] INFO  server.RaftServer$Division (RaftServerImpl.java:setRole(285)) - omNode-2@group-523986131536: changes role from  FOLLOWER to FOLLOWER at term 8 for candidate:omNode-1
2021-10-05 12:33:17,251 [grpc-default-executor-7] INFO  impl.RoleInfo (RoleInfo.java:shutdownFollowerState(108)) - omNode-2: shutdown omNode-2@group-523986131536-FollowerState
2021-10-05 12:33:17,251 [grpc-default-executor-7] INFO  impl.RoleInfo (RoleInfo.java:updateAndGet(130)) - omNode-2: start omNode-2@group-523986131536-FollowerState
2021-10-05 12:33:17,251 [omNode-2@group-523986131536-FollowerState] INFO  impl.FollowerState (FollowerState.java:run(143)) - omNode-2@group-523986131536-FollowerState was interrupted: {}
java.lang.InterruptedException: sleep interrupted
	at java.lang.Thread.sleep(Native Method)
	at java.lang.Thread.sleep(Thread.java:340)
	at java.util.concurrent.TimeUnit.sleep(TimeUnit.java:386)
	at org.apache.ratis.util.TimeDuration.sleep(TimeDuration.java:324)
	at org.apache.ratis.util.TimeDuration.sleep(TimeDuration.java:309)
	at org.apache.ratis.server.impl.FollowerState.run(FollowerState.java:118)
2021-10-05 12:33:17,253 [grpc-default-executor-7] INFO  server.RaftServer$Division (RaftServerImpl.java:requestVote(1075)) - omNode-2@group-523986131536 replies to ELECTION vote request: omNode-1<-omNode-2#0:FAIL-t8. Peer's state: omNode-2@group-523986131536:t8, leader=null, voted=null, raftlog=omNode-2@group-523986131536-SegmentedRaftLog:OPENED:c23,f23,i23, conf=20: [omNode-3|rpc:localhost:10616|admin:|client:|dataStream:|priority:0, omNode-1|rpc:localhost:10604|admin:|client:|dataStream:|priority:0, omNode-2|rpc:localhost:10610|admin:|client:|dataStream:|priority:0], old=null
2021-10-05 12:33:17,255 [omNode-1@group-523986131536-LeaderElection24] INFO  impl.LeaderElection (LeaderElection.java:logAndReturn(89)) - omNode-1@group-523986131536-LeaderElection24: ELECTION REJECTED received 1 response(s) and 1 exception(s):
2021-10-05 12:33:17,255 [omNode-1@group-523986131536-LeaderElection24] INFO  impl.LeaderElection (LeaderElection.java:logAndReturn(93)) -   Response 0: omNode-1<-omNode-2#0:FAIL-t8
2021-10-05 12:33:17,255 [omNode-1@group-523986131536-LeaderElection24] INFO  impl.LeaderElection (LogUtils.java:infoOrTrace(137)) -   Exception 1: java.util.concurrent.ExecutionException: org.apache.ratis.thirdparty.io.grpc.StatusRuntimeException: UNAVAILABLE: io exception
2021-10-05 12:33:17,255 [omNode-1@group-523986131536-LeaderElection24] INFO  impl.LeaderElection (LeaderElection.java:askForVotes(308)) - omNode-1@group-523986131536-LeaderElection24 ELECTION round 0: result REJECTED
2021-10-05 12:33:17,255 [omNode-1@group-523986131536-LeaderElection24] INFO  server.RaftServer$Division (RaftServerImpl.java:setRole(285)) - omNode-1@group-523986131536: changes role from CANDIDATE to FOLLOWER at term 8 for REJECTED
2021-10-05 12:33:17,255 [omNode-1@group-523986131536-LeaderElection24] INFO  impl.RoleInfo (RoleInfo.java:shutdownLeaderElection(121)) - omNode-1: shutdown omNode-1@group-523986131536-LeaderElection24
2021-10-05 12:33:17,255 [omNode-1@group-523986131536-LeaderElection24] INFO  impl.RoleInfo (RoleInfo.java:updateAndGet(130)) - omNode-1: start omNode-1@group-523986131536-FollowerState
2021-10-05 12:33:17,267 [Time-limited test] WARN  impl.MetricRegistriesImpl (MetricRegistriesImpl.java:addReporterRegistration(111)) - New reporters are added after registries were created. Some metrics will be missing from the reporter. Please add reporter before adding any new registry.
2021-10-05 12:33:17,267 [Time-limited test] WARN  impl.MetricRegistriesImpl (MetricRegistriesImpl.java:addReporterRegistration(111)) - New reporters are added after registries were created. Some metrics will be missing from the reporter. Please add reporter before adding any new registry.
2021-10-05 12:33:17,267 [Time-limited test] WARN  server.ServerUtils (ServerUtils.java:getDefaultRatisDirectory(237)) - Storage directory for Ratis is not configured. It is a good idea to map this to an SSD disk. Falling back to ozone.metadata.dirs
2021-10-05 12:33:17,268 [Time-limited test] INFO  ratis.OzoneManagerRatisServer (OzoneManagerRatisServer.java:<init>(158)) - Instantiating OM Ratis server with groupID: om-service-test1 and peers: localhost:10616, localhost:10604, localhost:10610
2021-10-05 12:33:17,268 [Time-limited test] INFO  ratis.OzoneManagerStateMachine (OzoneManagerStateMachine.java:loadSnapshotInfoFromDB(605)) - LastAppliedIndex is set from TransactionInfo from OM DB as (t:4, i:23)
2021-10-05 12:33:17,271 [Time-limited test] INFO  server.RaftServer (ConfUtils.java:logGet(44)) - raft.rpc.type = GRPC (default)
2021-10-05 12:33:17,271 [Time-limited test] INFO  grpc.GrpcFactory (GrpcFactory.java:checkPooledByteBufAllocatorUseCacheForAllThreads(48)) - PERFORMANCE WARNING: useCacheForAllThreads is true that may cause Netty to create a lot garbage objects and, as a result, trigger GC.
	It is recommended to disable useCacheForAllThreads by setting -Dorg.apache.ratis.thirdparty.io.netty.allocator.useCacheForAllThreads=false in command line.
2021-10-05 12:33:17,272 [Time-limited test] INFO  grpc.GrpcConfigKeys (ConfUtils.java:logGet(44)) - raft.grpc.admin.port = -1 (default)
2021-10-05 12:33:17,272 [Time-limited test] INFO  grpc.GrpcConfigKeys (ConfUtils.java:logGet(44)) - raft.grpc.server.port = 10616 (custom)
2021-10-05 12:33:17,272 [Time-limited test] INFO  grpc.GrpcConfigKeys (ConfUtils.java:logGet(44)) - raft.grpc.client.port = -1 (default)
2021-10-05 12:33:17,272 [Time-limited test] INFO  grpc.GrpcConfigKeys (ConfUtils.java:logGet(44)) - raft.grpc.server.port = 10616 (custom)
2021-10-05 12:33:17,272 [Time-limited test] INFO  grpc.GrpcConfigKeys (ConfUtils.java:logGet(44)) - raft.grpc.server.port = 10616 (custom)
2021-10-05 12:33:17,272 [Time-limited test] INFO  server.GrpcService (ConfUtils.java:logGet(44)) - raft.grpc.message.size.max = 33554432 (custom)
2021-10-05 12:33:17,272 [Time-limited test] INFO  server.RaftServerConfigKeys (ConfUtils.java:logGet(44)) - raft.server.log.appender.buffer.byte-limit = 33554432 (custom)
2021-10-05 12:33:17,272 [Time-limited test] INFO  server.GrpcService (ConfUtils.java:logGet(44)) - raft.grpc.flow.control.window = 1MB (=1048576) (default)
2021-10-05 12:33:17,272 [Time-limited test] INFO  server.RaftServerConfigKeys (ConfUtils.java:logGet(44)) - raft.server.rpc.request.timeout = 3000ms (default)
2021-10-05 12:33:17,273 [Time-limited test] INFO  impl.DataStreamServerImpl (ConfUtils.java:logGet(44)) - raft.datastream.type = DISABLED (default)
2021-10-05 12:33:17,273 [Time-limited test] INFO  server.RaftServerConfigKeys (ConfUtils.java:logGet(44)) - raft.server.rpc.slowness.timeout = 2s (custom)
2021-10-05 12:33:17,273 [Time-limited test] INFO  server.RaftServerConfigKeys (ConfUtils.java:logGet(44)) - raft.server.leaderelection.leader.step-down.wait-time = 10s (default)
2021-10-05 12:33:17,273 [Time-limited test] INFO  server.RaftServerConfigKeys (ConfUtils.java:logGet(44)) - raft.server.storage.dir = [/home/runner/work/ozone/ozone/hadoop-ozone/integration-test/target/test-dir/MiniOzoneClusterImpl-37ac24e5-edd8-4d0c-a990-01310c91afa3/omNode-3/ratis] (custom)
2021-10-05 12:33:17,273 [Time-limited test] INFO  server.RaftServer (RaftServerProxy.java:lambda$null$1(235)) - omNode-3: found a subdirectory /home/runner/work/ozone/ozone/hadoop-ozone/integration-test/target/test-dir/MiniOzoneClusterImpl-37ac24e5-edd8-4d0c-a990-01310c91afa3/omNode-3/ratis/c9bc4cf4-3bc3-3c60-a66b-523986131536
2021-10-05 12:33:17,274 [Time-limited test] INFO  server.RaftServer (RaftServerProxy.java:addNew(95)) - omNode-3: addNew group-523986131536:[omNode-3|rpc:localhost:10616|priority:0, omNode-1|rpc:localhost:10604|priority:0, omNode-2|rpc:localhost:10610|priority:0] returns group-523986131536:java.util.concurrent.CompletableFuture@1841cc97[Not completed]
2021-10-05 12:33:17,274 [Time-limited test] INFO  om.OzoneManager (OzoneManager.java:initializeRatisServer(1585)) - OzoneManager Ratis server initialized at port 10616
2021-10-05 12:33:17,274 [Time-limited test] INFO  ratis.OzoneManagerRatisServer (OzoneManagerRatisServer.java:start(516)) - Starting OzoneManagerRatisServer omNode-3 at port 10616
2021-10-05 12:33:17,275 [pool-291-thread-1] INFO  server.RaftServer$Division (RaftServerImpl.java:<init>(181)) - omNode-3: new RaftServerImpl for group-523986131536:[omNode-3|rpc:localhost:10616|priority:0, omNode-1|rpc:localhost:10604|priority:0, omNode-2|rpc:localhost:10610|priority:0] with OzoneManagerStateMachine:uninitialized
2021-10-05 12:33:17,276 [pool-291-thread-1] INFO  server.RaftServerConfigKeys (ConfUtils.java:logGet(44)) - raft.server.rpc.timeout.min = 1s (custom)
2021-10-05 12:33:17,277 [pool-291-thread-1] INFO  server.RaftServerConfigKeys (ConfUtils.java:logGet(44)) - raft.server.rpc.timeout.max = 1200ms (custom)
2021-10-05 12:33:17,277 [pool-291-thread-1] INFO  server.RaftServerConfigKeys (ConfUtils.java:logGet(44)) - raft.server.rpc.sleep.time = 25ms (default)
2021-10-05 12:33:17,277 [pool-291-thread-1] INFO  server.RaftServerConfigKeys (ConfUtils.java:logGet(44)) - raft.server.rpc.slowness.timeout = 2s (custom)
2021-10-05 12:33:17,277 [pool-291-thread-1] INFO  server.RaftServerConfigKeys (ConfUtils.java:logGet(44)) - raft.server.leaderelection.leader.step-down.wait-time = 10s (default)
2021-10-05 12:33:17,277 [pool-291-thread-1] INFO  server.RaftServerConfigKeys (ConfUtils.java:logGet(44)) - raft.server.sleep.deviation.threshold = 300ms (default)
2021-10-05 12:33:17,277 [pool-291-thread-1] INFO  server.RaftServerConfigKeys (ConfUtils.java:logGet(44)) - raft.server.log.appender.install.snapshot.enabled = false (custom)
2021-10-05 12:33:17,277 [pool-291-thread-1] INFO  server.RaftServer$Division (ServerState.java:<init>(105)) - omNode-3@group-523986131536: ConfigurationManager, init=-1: [omNode-3|rpc:localhost:10616|priority:0, omNode-1|rpc:localhost:10604|priority:0, omNode-2|rpc:localhost:10610|priority:0], old=null, confs=<EMPTY_MAP>
2021-10-05 12:33:17,277 [pool-291-thread-1] INFO  server.RaftServerConfigKeys (ConfUtils.java:logGet(44)) - raft.server.storage.dir = [/home/runner/work/ozone/ozone/hadoop-ozone/integration-test/target/test-dir/MiniOzoneClusterImpl-37ac24e5-edd8-4d0c-a990-01310c91afa3/omNode-3/ratis] (custom)
2021-10-05 12:33:17,278 [pool-291-thread-1] INFO  server.RaftServerConfigKeys (ConfUtils.java:logGet(44)) - raft.server.log.corruption.policy = EXCEPTION (default)
2021-10-05 12:33:17,278 [pool-291-thread-1] INFO  server.RaftServerConfigKeys (ConfUtils.java:logGet(44)) - raft.server.storage.free-space.min = 0MB (=0) (default)
2021-10-05 12:33:17,279 [pool-291-thread-1] INFO  storage.RaftStorageDirectory (RaftStorageDirectoryImpl.java:tryLock(230)) - Lock on /home/runner/work/ozone/ozone/hadoop-ozone/integration-test/target/test-dir/MiniOzoneClusterImpl-37ac24e5-edd8-4d0c-a990-01310c91afa3/omNode-3/ratis/c9bc4cf4-3bc3-3c60-a66b-523986131536/in_use.lock acquired by nodename 8782@fv-az270-324
2021-10-05 12:33:17,279 [pool-291-thread-1] INFO  storage.RaftStorage (RaftStorageImpl.java:analyzeAndRecoverStorage(110)) - Read RaftStorageMetadata{term=7, votedFor=} from /home/runner/work/ozone/ozone/hadoop-ozone/integration-test/target/test-dir/MiniOzoneClusterImpl-37ac24e5-edd8-4d0c-a990-01310c91afa3/omNode-3/ratis/c9bc4cf4-3bc3-3c60-a66b-523986131536/current/raft-meta
2021-10-05 12:33:17,280 [pool-291-thread-1] INFO  server.RaftServer$Division (ServerState.java:setRaftConf(387)) - omNode-3@group-523986131536: set configuration 20: [omNode-3|rpc:localhost:10616|admin:|client:|dataStream:|priority:0, omNode-1|rpc:localhost:10604|admin:|client:|dataStream:|priority:0, omNode-2|rpc:localhost:10610|admin:|client:|dataStream:|priority:0], old=null
2021-10-05 12:33:17,280 [pool-291-thread-1] INFO  server.RaftServerConfigKeys (ConfUtils.java:logGet(44)) - raft.server.notification.no-leader.timeout = 2s (custom)
2021-10-05 12:33:17,280 [pool-291-thread-1] INFO  server.RaftServerConfigKeys (ConfUtils.java:logGet(44)) - raft.server.log.use.memory = false (default)
2021-10-05 12:33:17,280 [pool-291-thread-1] INFO  server.RaftServerConfigKeys (ConfUtils.java:logGet(44)) - raft.server.log.purge.gap = 50 (custom)
2021-10-05 12:33:17,280 [pool-291-thread-1] INFO  server.RaftServerConfigKeys (ConfUtils.java:logGet(44)) - raft.server.log.appender.buffer.byte-limit = 33554432 (custom)
2021-10-05 12:33:17,281 [pool-291-thread-1] INFO  server.RaftServerConfigKeys (ConfUtils.java:logGet(44)) - raft.server.log.segment.size.max = 4194304 (custom)
2021-10-05 12:33:17,281 [pool-291-thread-1] INFO  server.RaftServerConfigKeys (ConfUtils.java:logGet(44)) - raft.server.log.segment.cache.num.max = 2 (custom)
2021-10-05 12:33:17,281 [pool-291-thread-1] INFO  server.RaftServerConfigKeys (ConfUtils.java:logGet(44)) - raft.server.log.segment.cache.size.max = 200MB (=209715200) (default)
2021-10-05 12:33:17,281 [pool-291-thread-1] INFO  segmented.SegmentedRaftLogWorker (SegmentedRaftLogWorker.java:<init>(182)) - new omNode-3@group-523986131536-SegmentedRaftLogWorker for RaftStorageImpl:Storage Directory /home/runner/work/ozone/ozone/hadoop-ozone/integration-test/target/test-dir/MiniOzoneClusterImpl-37ac24e5-edd8-4d0c-a990-01310c91afa3/omNode-3/ratis/c9bc4cf4-3bc3-3c60-a66b-523986131536
2021-10-05 12:33:17,281 [pool-291-thread-1] INFO  server.RaftServerConfigKeys (ConfUtils.java:logGet(44)) - raft.server.log.queue.byte-limit = 64MB (=67108864) (default)
2021-10-05 12:33:17,281 [pool-291-thread-1] INFO  server.RaftServerConfigKeys (ConfUtils.java:logGet(44)) - raft.server.log.queue.element-limit = 4096 (default)
2021-10-05 12:33:17,281 [pool-291-thread-1] INFO  server.RaftServerConfigKeys (ConfUtils.java:logGet(44)) - raft.server.log.segment.size.max = 4194304 (custom)
2021-10-05 12:33:17,281 [pool-291-thread-1] INFO  server.RaftServerConfigKeys (ConfUtils.java:logGet(44)) - raft.server.log.preallocated.size = 4194304 (custom)
2021-10-05 12:33:17,281 [pool-291-thread-1] INFO  server.RaftServerConfigKeys (ConfUtils.java:logGet(44)) - raft.server.log.force.sync.num = 128 (default)
2021-10-05 12:33:17,282 [pool-291-thread-1] INFO  server.RaftServerConfigKeys (ConfUtils.java:logGet(44)) - raft.server.log.statemachine.data.sync = true (default)
2021-10-05 12:33:17,282 [pool-291-thread-1] INFO  server.RaftServerConfigKeys (ConfUtils.java:logGet(44)) - raft.server.log.statemachine.data.sync.timeout = 10s (default)
2021-10-05 12:33:17,282 [pool-291-thread-1] INFO  server.RaftServerConfigKeys (ConfUtils.java:logGet(44)) - raft.server.log.statemachine.data.sync.timeout.retry = -1 (default)
2021-10-05 12:33:17,282 [pool-291-thread-1] INFO  server.RaftServerConfigKeys (ConfUtils.java:logGet(44)) - raft.server.log.write.buffer.size = 64KB (=65536) (default)
2021-10-05 12:33:17,283 [pool-291-thread-1] INFO  server.RaftServerConfigKeys (ConfUtils.java:logGet(44)) - raft.server.log.statemachine.data.caching.enabled = false (default)
2021-10-05 12:33:17,283 [pool-291-thread-1] INFO  server.RaftServer$Division (ServerState.java:setRaftConf(387)) - omNode-3@group-523986131536: set configuration 18: [omNode-3|rpc:localhost:10616|admin:|client:|dataStream:|priority:0, omNode-1|rpc:localhost:10604|admin:|client:|dataStream:|priority:0, omNode-2|rpc:localhost:10610|admin:|client:|dataStream:|priority:0], old=null
2021-10-05 12:33:17,283 [pool-291-thread-1] INFO  segmented.LogSegment (LogSegment.java:loadSegment(173)) - Successfully read 2 entries from segment file /home/runner/work/ozone/ozone/hadoop-ozone/integration-test/target/test-dir/MiniOzoneClusterImpl-37ac24e5-edd8-4d0c-a990-01310c91afa3/omNode-3/ratis/c9bc4cf4-3bc3-3c60-a66b-523986131536/current/log_18-19
2021-10-05 12:33:17,284 [pool-291-thread-1] INFO  server.RaftServer$Division (ServerState.java:setRaftConf(387)) - omNode-3@group-523986131536: set configuration 20: [omNode-3|rpc:localhost:10616|admin:|client:|dataStream:|priority:0, omNode-1|rpc:localhost:10604|admin:|client:|dataStream:|priority:0, omNode-2|rpc:localhost:10610|admin:|client:|dataStream:|priority:0], old=null
2021-10-05 12:33:17,284 [pool-291-thread-1] INFO  segmented.LogSegment (LogSegment.java:loadSegment(173)) - Successfully read 4 entries from segment file /home/runner/work/ozone/ozone/hadoop-ozone/integration-test/target/test-dir/MiniOzoneClusterImpl-37ac24e5-edd8-4d0c-a990-01310c91afa3/omNode-3/ratis/c9bc4cf4-3bc3-3c60-a66b-523986131536/current/log_inprogress_20
2021-10-05 12:33:17,284 [pool-291-thread-1] INFO  segmented.SegmentedRaftLogWorker (SegmentedRaftLogWorker.java:lambda$new$0(133)) - omNode-3@group-523986131536-SegmentedRaftLogWorker: flushIndex: setUnconditionally 0 -> 23
2021-10-05 12:33:17,284 [pool-291-thread-1] INFO  segmented.SegmentedRaftLogWorker (SegmentedRaftLogWorker.java:lambda$new$0(133)) - omNode-3@group-523986131536-SegmentedRaftLogWorker: safeCacheEvictIndex: setUnconditionally 0 -> 19
2021-10-05 12:33:17,284 [pool-291-thread-1] INFO  raftlog.RaftLog (RaftLogBase.java:lambda$new$0(53)) - omNode-3@group-523986131536-SegmentedRaftLog: commitIndex: updateToMax old=23, new=22, updated? false
2021-10-05 12:33:17,284 [pool-291-thread-1] INFO  raftlog.RaftLog (RaftLogBase.java:lambda$new$0(53)) - omNode-3@group-523986131536-SegmentedRaftLog: purgeIndex: updateIncreasingly -1 -> 17
2021-10-05 12:33:17,284 [pool-291-thread-1] INFO  server.RaftServerConfigKeys (ConfUtils.java:logGet(44)) - raft.server.snapshot.auto.trigger.enabled = true (custom)
2021-10-05 12:33:17,284 [pool-291-thread-1] INFO  server.RaftServerConfigKeys (ConfUtils.java:logGet(44)) - raft.server.snapshot.auto.trigger.threshold = 50 (custom)
2021-10-05 12:33:17,284 [pool-291-thread-1] INFO  server.RaftServerConfigKeys (ConfUtils.java:logGet(44)) - raft.server.snapshot.retention.file.num = -1 (default)
2021-10-05 12:33:17,284 [pool-291-thread-1] INFO  server.RaftServerConfigKeys (ConfUtils.java:logGet(44)) - raft.server.log.purge.upto.snapshot.index = true (custom)
2021-10-05 12:33:17,285 [pool-291-thread-1] INFO  server.RaftServerConfigKeys (ConfUtils.java:logGet(44)) - raft.server.retrycache.expirytime = 30000ms (custom)
2021-10-05 12:33:17,285 [pool-291-thread-1] INFO  server.RaftServerConfigKeys (ConfUtils.java:logGet(44)) - raft.server.retrycache.statistics.expirytime = 100μs (default)
2021-10-05 12:33:17,286 [Time-limited test] INFO  server.RaftServer$Division (RaftServerImpl.java:start(296)) - omNode-3@group-523986131536: start as a follower, conf=20: [omNode-3|rpc:localhost:10616|admin:|client:|dataStream:|priority:0, omNode-1|rpc:localhost:10604|admin:|client:|dataStream:|priority:0, omNode-2|rpc:localhost:10610|admin:|client:|dataStream:|priority:0], old=null
2021-10-05 12:33:17,286 [Time-limited test] INFO  server.RaftServer$Division (RaftServerImpl.java:setRole(285)) - omNode-3@group-523986131536: changes role from      null to FOLLOWER at term 7 for startAsFollower
2021-10-05 12:33:17,286 [Time-limited test] INFO  impl.RoleInfo (RoleInfo.java:updateAndGet(130)) - omNode-3: start omNode-3@group-523986131536-FollowerState
2021-10-05 12:33:17,287 [Time-limited test] INFO  util.JmxRegister (JmxRegister.java:tryRegister(44)) - Successfully registered JMX Bean with object name Ratis:service=RaftServer,group=group-523986131536,id=omNode-3
2021-10-05 12:33:17,288 [Time-limited test] INFO  server.RaftServer (RaftServerProxy.java:lambda$start$5(374)) - omNode-3: start RPC server
2021-10-05 12:33:17,288 [Time-limited test] INFO  server.GrpcService (GrpcService.java:startImpl(253)) - omNode-3: GrpcService started, listening on 10616
2021-10-05 12:33:17,288 [org.apache.ratis.util.JvmPauseMonitor$$Lambda$523/2137356424@3c714fb9] INFO  util.JvmPauseMonitor (JvmPauseMonitor.java:run(103)) - JvmPauseMonitor-omNode-3: Started
2021-10-05 12:33:17,289 [Time-limited test] INFO  ipc.CallQueueManager (CallQueueManager.java:<init>(90)) - Using callQueue: class java.util.concurrent.LinkedBlockingQueue, queueCapacity: 2000, scheduler: class org.apache.hadoop.ipc.DefaultRpcScheduler, ipcBackoff: false.
2021-10-05 12:33:17,289 [Socket Reader #1 for port 10612] INFO  ipc.Server (Server.java:run(1265)) - Starting Socket Reader #1 for port 10612
2021-10-05 12:33:17,301 [Listener at localhost/10612] INFO  http.BaseHttpServer (BaseHttpServer.java:newHttpServer2BuilderForOzone(209)) - Starting Web-server for ozoneManager at: http://0.0.0.0:10614
2021-10-05 12:33:17,301 [Listener at localhost/10612] INFO  http.BaseHttpServer (BaseHttpServer.java:<init>(107)) - Hadoop Security Enabled: false Ozone Security Enabled: false Ozone HTTP Security Enabled: false 
2021-10-05 12:33:17,302 [Listener at localhost/10612] INFO  server.AuthenticationFilter (AuthenticationFilter.java:constructSecretProvider(240)) - Unable to initialize FileSignerSecretProvider, falling back to use random secrets.
2021-10-05 12:33:17,303 [Listener at localhost/10612] WARN  http.HttpRequestLog (HttpRequestLog.java:getRequestLog(103)) - Jetty request log can only be enabled using Log4j
2021-10-05 12:33:17,304 [Listener at localhost/10612] INFO  http.HttpServer2 (HttpServer2.java:addGlobalFilter(1030)) - Added global filter 'safety' (class=org.apache.hadoop.hdds.server.http.HttpServer2$QuotingInputFilter)
2021-10-05 12:33:17,305 [Listener at localhost/10612] INFO  http.HttpServer2 (HttpServer2.java:addFilter(1006)) - Added filter static_user_filter (class=org.apache.hadoop.http.lib.StaticUserWebFilter$StaticUserFilter) to context ozoneManager
2021-10-05 12:33:17,305 [Listener at localhost/10612] INFO  http.HttpServer2 (HttpServer2.java:addFilter(1014)) - Added filter static_user_filter (class=org.apache.hadoop.http.lib.StaticUserWebFilter$StaticUserFilter) to context logs
2021-10-05 12:33:17,305 [Listener at localhost/10612] INFO  http.HttpServer2 (HttpServer2.java:addFilter(1014)) - Added filter static_user_filter (class=org.apache.hadoop.http.lib.StaticUserWebFilter$StaticUserFilter) to context static
2021-10-05 12:33:17,305 [Listener at localhost/10612] INFO  http.HttpServer2 (HttpServer2.java:bindListener(1249)) - Jetty bound to port 10614
2021-10-05 12:33:17,305 [Listener at localhost/10612] INFO  server.Server (Server.java:doStart(375)) - jetty-9.4.43.v20210629; built: 2021-06-30T11:07:22.254Z; git: 526006ecfa3af7f1a27ef3a288e2bef7ea9dd7e8; jvm 1.8.0_292-b10
2021-10-05 12:33:17,311 [Listener at localhost/10612] INFO  server.session (DefaultSessionIdManager.java:doStart(334)) - DefaultSessionIdManager workerName=node0
2021-10-05 12:33:17,311 [Listener at localhost/10612] INFO  server.session (DefaultSessionIdManager.java:doStart(339)) - No SessionScavenger set, using defaults
2021-10-05 12:33:17,312 [Listener at localhost/10612] INFO  server.session (HouseKeeper.java:startScavenging(132)) - node0 Scavenging every 600000ms
2021-10-05 12:33:17,312 [Listener at localhost/10612] INFO  handler.ContextHandler (ContextHandler.java:doStart(915)) - Started o.e.j.s.ServletContextHandler@31fd5578{logs,/logs,file:///home/runner/work/ozone/ozone/hadoop-ozone/integration-test/target/log,AVAILABLE}
2021-10-05 12:33:17,313 [Listener at localhost/10612] INFO  handler.ContextHandler (ContextHandler.java:doStart(915)) - Started o.e.j.s.ServletContextHandler@53af1859{static,/static,file:///home/runner/work/ozone/ozone/hadoop-ozone/integration-test/target/test-classes/webapps/static,AVAILABLE}
2021-10-05 12:33:17,316 [Listener at localhost/10612] INFO  handler.ContextHandler (ContextHandler.java:doStart(915)) - Started o.e.j.w.WebAppContext@2cb9f40d{ozoneManager,/,file:///home/runner/work/ozone/ozone/hadoop-ozone/integration-test/target/test-classes/webapps/ozoneManager/,AVAILABLE}{file:/home/runner/work/ozone/ozone/hadoop-ozone/integration-test/target/test-classes/webapps/ozoneManager}
2021-10-05 12:33:17,325 [Listener at localhost/10612] INFO  server.AbstractConnector (AbstractConnector.java:doStart(331)) - Started ServerConnector@63e0e2d{HTTP/1.1, (http/1.1)}{0.0.0.0:10614}
2021-10-05 12:33:17,325 [Listener at localhost/10612] INFO  server.Server (Server.java:doStart(415)) - Started @166808ms
2021-10-05 12:33:17,325 [Listener at localhost/10612] WARN  impl.MetricsSystemImpl (MetricsSystemImpl.java:register(279)) - Sink prometheus already exists!
2021-10-05 12:33:17,325 [Listener at localhost/10612] INFO  http.BaseHttpServer (BaseHttpServer.java:updateConnectorAddress(329)) - HTTP server of ozoneManager listening at http://0.0.0.0:10614
2021-10-05 12:33:17,327 [IPC Server Responder] INFO  ipc.Server (Server.java:run(1507)) - IPC Server Responder: starting
2021-10-05 12:33:17,335 [IPC Server listener on 10612] INFO  ipc.Server (Server.java:run(1344)) - IPC Server listener on 10612: starting
2021-10-05 12:33:17,371 [Listener at localhost/10612] INFO  om.OzoneManager (OzoneManager.java:startTrashEmptier(1543)) - Trash Interval set to 0. Files deleted will not move to trash
2021-10-05 12:33:17,372 [Listener at localhost/10612] INFO  om.OzoneManager (OzoneManager.java:stop(1644)) - Stopping Ozone Manager
2021-10-05 12:33:17,372 [Listener at localhost/10612] INFO  ipc.Server (Server.java:stop(3414)) - Stopping server on 10600
2021-10-05 12:33:17,378 [org.apache.hadoop.util.JvmPauseMonitor$Monitor@3dc17cee] INFO  util.JvmPauseMonitor (JvmPauseMonitor.java:run(188)) - Starting JVM pause monitor
2021-10-05 12:33:17,378 [IPC Server listener on 10600] INFO  ipc.Server (Server.java:run(1376)) - Stopping IPC Server listener on 10600
2021-10-05 12:33:17,379 [IPC Server Responder] INFO  ipc.Server (Server.java:run(1512)) - Stopping IPC Server Responder
2021-10-05 12:33:17,379 [Listener at localhost/10612] INFO  server.RaftServer (RaftServerProxy.java:lambda$close$6(391)) - omNode-1: close
2021-10-05 12:33:17,379 [Listener at localhost/10612] INFO  server.RaftServer$Division (RaftServerImpl.java:lambda$close$4(407)) - omNode-1@group-523986131536: shutdown
2021-10-05 12:33:17,379 [Listener at localhost/10612] INFO  util.JmxRegister (JmxRegister.java:unregister(73)) - Successfully un-registered JMX Bean with object name Ratis:service=RaftServer,group=group-523986131536,id=omNode-1
2021-10-05 12:33:17,379 [Listener at localhost/10612] INFO  impl.RoleInfo (RoleInfo.java:shutdownFollowerState(108)) - omNode-1: shutdown omNode-1@group-523986131536-FollowerState
2021-10-05 12:33:17,379 [Listener at localhost/10612] INFO  impl.StateMachineUpdater (StateMachineUpdater.java:stopAndJoin(149)) - omNode-1@group-523986131536-StateMachineUpdater: set stopIndex = 17
2021-10-05 12:33:17,379 [omNode-1@group-523986131536-FollowerState] INFO  impl.FollowerState (FollowerState.java:run(143)) - omNode-1@group-523986131536-FollowerState was interrupted: {}
java.lang.InterruptedException: sleep interrupted
	at java.lang.Thread.sleep(Native Method)
	at java.lang.Thread.sleep(Thread.java:340)
	at java.util.concurrent.TimeUnit.sleep(TimeUnit.java:386)
	at org.apache.ratis.util.TimeDuration.sleep(TimeDuration.java:324)
	at org.apache.ratis.util.TimeDuration.sleep(TimeDuration.java:309)
	at org.apache.ratis.server.impl.FollowerState.run(FollowerState.java:118)
2021-10-05 12:33:17,379 [omNode-1@group-523986131536-StateMachineUpdater] INFO  ratis.OzoneManagerStateMachine (OzoneManagerStateMachine.java:close(471)) - StateMachine has shutdown. Shutdown OzoneManager if not already shutdown.
2021-10-05 12:33:17,380 [Listener at localhost/10612] INFO  server.RaftServer$Division (ServerState.java:close(419)) - omNode-1@group-523986131536: closes. applyIndex: 17
2021-10-05 12:33:17,381 [omNode-1@group-523986131536-SegmentedRaftLogWorker] INFO  segmented.SegmentedRaftLogWorker (SegmentedRaftLogWorker.java:run(327)) - omNode-1@group-523986131536-SegmentedRaftLogWorker was interrupted, exiting. There are 0 tasks remaining in the queue.
2021-10-05 12:33:17,381 [Listener at localhost/10612] INFO  segmented.SegmentedRaftLogWorker (SegmentedRaftLogWorker.java:close(237)) - omNode-1@group-523986131536-SegmentedRaftLogWorker close()
2021-10-05 12:33:17,383 [Listener at localhost/10612] INFO  server.GrpcService (GrpcService.java:closeImpl(262)) - omNode-1: shutdown server with port 10604 now
2021-10-05 12:33:17,388 [Listener at localhost/10612] INFO  server.GrpcService (GrpcService.java:closeImpl(271)) - omNode-1: shutdown server with port 10604 successfully
2021-10-05 12:33:17,388 [org.apache.ratis.util.JvmPauseMonitor$$Lambda$523/2137356424@1898b3d] INFO  util.JvmPauseMonitor (JvmPauseMonitor.java:run(109)) - JvmPauseMonitor-omNode-1: Stopped
2021-10-05 12:33:17,388 [Listener at localhost/10612] INFO  ratis.OzoneManagerDoubleBuffer (OzoneManagerDoubleBuffer.java:stop(437)) - Stopping OMDoubleBuffer flush thread
2021-10-05 12:33:17,388 [OMDoubleBufferFlushThread] INFO  ratis.OzoneManagerDoubleBuffer (OzoneManagerDoubleBuffer.java:flushTransactions(356)) - OMDoubleBuffer flush thread OMDoubleBufferFlushThread is interrupted and will exit. OMDoubleBufferFlushThread
2021-10-05 12:33:17,390 [Listener at localhost/10612] INFO  handler.ContextHandler (ContextHandler.java:doStop(1153)) - Stopped o.e.j.w.WebAppContext@699cee9c{ozoneManager,/,null,STOPPED}{file:/home/runner/work/ozone/ozone/hadoop-ozone/integration-test/target/test-classes/webapps/ozoneManager}
2021-10-05 12:33:17,390 [Listener at localhost/10612] INFO  server.AbstractConnector (AbstractConnector.java:doStop(381)) - Stopped ServerConnector@75487dee{HTTP/1.1, (http/1.1)}{0.0.0.0:10602}
2021-10-05 12:33:17,390 [Listener at localhost/10612] INFO  server.session (HouseKeeper.java:stopScavenging(149)) - node0 Stopped scavenging
2021-10-05 12:33:17,390 [Listener at localhost/10612] INFO  handler.ContextHandler (ContextHandler.java:doStop(1153)) - Stopped o.e.j.s.ServletContextHandler@4959b77{static,/static,file:///home/runner/work/ozone/ozone/hadoop-ozone/integration-test/target/test-classes/webapps/static,STOPPED}
2021-10-05 12:33:17,390 [Listener at localhost/10612] INFO  handler.ContextHandler (ContextHandler.java:doStop(1153)) - Stopped o.e.j.s.ServletContextHandler@24606c12{logs,/logs,file:///home/runner/work/ozone/ozone/hadoop-ozone/integration-test/target/log,STOPPED}
2021-10-05 12:33:17,394 [Listener at localhost/10612] INFO  om.OzoneManager (OzoneManager.java:initFSOLayout(4333)) - Configured ozone.om.metadata.layout=SIMPLE and disabled optimized OM FS operations
2021-10-05 12:33:17,394 [Listener at localhost/10612] INFO  om.OzoneManager (OzoneManager.java:restart(1365)) - OzoneManager RPC server is listening at localhost/127.0.0.1:10600
2021-10-05 12:33:17,394 [Listener at localhost/10612] INFO  impl.MetricsSystemImpl (MetricsSystemImpl.java:init(158)) - OzoneManager metrics system started (again)
2021-10-05 12:33:17,408 [Listener at localhost/10612] WARN  server.ServerUtils (ServerUtils.java:getDBPath(225)) - ozone.om.db.dirs is not configured. We recommend adding this setting. Falling back to ozone.metadata.dirs instead.
2021-10-05 12:33:17,409 [Listener at localhost/10612] INFO  codec.OmKeyInfoCodec (OmKeyInfoCodec.java:<init>(51)) - OmKeyInfoCodec ignorePipeline = true
2021-10-05 12:33:17,409 [Listener at localhost/10612] INFO  codec.RepeatedOmKeyInfoCodec (RepeatedOmKeyInfoCodec.java:<init>(42)) - RepeatedOmKeyInfoCodec ignorePipeline = true
2021-10-05 12:33:17,446 [Listener at localhost/10612] WARN  om.OzoneManager (OzoneManager.java:instantiatePrepareStateOnStartup(4212)) - Prepare marker file index 17 does not match DB prepare index 14. Writing DB index to prepare file and maintaining prepared state.
2021-10-05 12:33:17,446 [Listener at localhost/10612] INFO  om.OzoneManagerPrepareState (OzoneManagerPrepareState.java:writePrepareMarkerFile(262)) - Prepare marker file written with log index 14 to file /home/runner/work/ozone/ozone/hadoop-ozone/integration-test/target/test-dir/MiniOzoneClusterImpl-37ac24e5-edd8-4d0c-a990-01310c91afa3/omNode-1/current/prepareMarker
2021-10-05 12:33:17,447 [Listener at localhost/10612] WARN  impl.MetricRegistriesImpl (MetricRegistriesImpl.java:addReporterRegistration(111)) - New reporters are added after registries were created. Some metrics will be missing from the reporter. Please add reporter before adding any new registry.
2021-10-05 12:33:17,447 [Listener at localhost/10612] WARN  impl.MetricRegistriesImpl (MetricRegistriesImpl.java:addReporterRegistration(111)) - New reporters are added after registries were created. Some metrics will be missing from the reporter. Please add reporter before adding any new registry.
2021-10-05 12:33:17,447 [Listener at localhost/10612] WARN  server.ServerUtils (ServerUtils.java:getDefaultRatisDirectory(237)) - Storage directory for Ratis is not configured. It is a good idea to map this to an SSD disk. Falling back to ozone.metadata.dirs
2021-10-05 12:33:17,448 [Listener at localhost/10612] INFO  ratis.OzoneManagerRatisServer (OzoneManagerRatisServer.java:<init>(158)) - Instantiating OM Ratis server with groupID: om-service-test1 and peers: localhost:10604, localhost:10616, localhost:10610
2021-10-05 12:33:17,448 [Listener at localhost/10612] INFO  ratis.OzoneManagerStateMachine (OzoneManagerStateMachine.java:loadSnapshotInfoFromDB(605)) - LastAppliedIndex is set from TransactionInfo from OM DB as (t:2, i:17)
2021-10-05 12:33:17,448 [Listener at localhost/10612] INFO  server.RaftServer (ConfUtils.java:logGet(44)) - raft.rpc.type = GRPC (default)
2021-10-05 12:33:17,448 [Listener at localhost/10612] INFO  grpc.GrpcFactory (GrpcFactory.java:checkPooledByteBufAllocatorUseCacheForAllThreads(48)) - PERFORMANCE WARNING: useCacheForAllThreads is true that may cause Netty to create a lot garbage objects and, as a result, trigger GC.
	It is recommended to disable useCacheForAllThreads by setting -Dorg.apache.ratis.thirdparty.io.netty.allocator.useCacheForAllThreads=false in command line.
2021-10-05 12:33:17,448 [Listener at localhost/10612] INFO  grpc.GrpcConfigKeys (ConfUtils.java:logGet(44)) - raft.grpc.admin.port = -1 (default)
2021-10-05 12:33:17,448 [Listener at localhost/10612] INFO  grpc.GrpcConfigKeys (ConfUtils.java:logGet(44)) - raft.grpc.server.port = 10604 (custom)
2021-10-05 12:33:17,449 [Listener at localhost/10612] INFO  grpc.GrpcConfigKeys (ConfUtils.java:logGet(44)) - raft.grpc.client.port = -1 (default)
2021-10-05 12:33:17,449 [Listener at localhost/10612] INFO  grpc.GrpcConfigKeys (ConfUtils.java:logGet(44)) - raft.grpc.server.port = 10604 (custom)
2021-10-05 12:33:17,449 [Listener at localhost/10612] INFO  grpc.GrpcConfigKeys (ConfUtils.java:logGet(44)) - raft.grpc.server.port = 10604 (custom)
2021-10-05 12:33:17,449 [Listener at localhost/10612] INFO  server.GrpcService (ConfUtils.java:logGet(44)) - raft.grpc.message.size.max = 33554432 (custom)
2021-10-05 12:33:17,449 [Listener at localhost/10612] INFO  server.RaftServerConfigKeys (ConfUtils.java:logGet(44)) - raft.server.log.appender.buffer.byte-limit = 33554432 (custom)
2021-10-05 12:33:17,449 [Listener at localhost/10612] INFO  server.GrpcService (ConfUtils.java:logGet(44)) - raft.grpc.flow.control.window = 1MB (=1048576) (default)
2021-10-05 12:33:17,449 [Listener at localhost/10612] INFO  server.RaftServerConfigKeys (ConfUtils.java:logGet(44)) - raft.server.rpc.request.timeout = 3000ms (default)
2021-10-05 12:33:17,450 [Listener at localhost/10612] INFO  impl.DataStreamServerImpl (ConfUtils.java:logGet(44)) - raft.datastream.type = DISABLED (default)
2021-10-05 12:33:17,450 [Listener at localhost/10612] INFO  server.RaftServerConfigKeys (ConfUtils.java:logGet(44)) - raft.server.rpc.slowness.timeout = 2s (custom)
2021-10-05 12:33:17,450 [Listener at localhost/10612] INFO  server.RaftServerConfigKeys (ConfUtils.java:logGet(44)) - raft.server.leaderelection.leader.step-down.wait-time = 10s (default)
2021-10-05 12:33:17,450 [Listener at localhost/10612] INFO  server.RaftServerConfigKeys (ConfUtils.java:logGet(44)) - raft.server.storage.dir = [/home/runner/work/ozone/ozone/hadoop-ozone/integration-test/target/test-dir/MiniOzoneClusterImpl-37ac24e5-edd8-4d0c-a990-01310c91afa3/omNode-1/ratis] (custom)
2021-10-05 12:33:17,450 [Listener at localhost/10612] INFO  server.RaftServer (RaftServerProxy.java:lambda$null$1(235)) - omNode-1: found a subdirectory /home/runner/work/ozone/ozone/hadoop-ozone/integration-test/target/test-dir/MiniOzoneClusterImpl-37ac24e5-edd8-4d0c-a990-01310c91afa3/omNode-1/ratis/c9bc4cf4-3bc3-3c60-a66b-523986131536
2021-10-05 12:33:17,451 [Listener at localhost/10612] INFO  server.RaftServer (RaftServerProxy.java:addNew(95)) - omNode-1: addNew group-523986131536:[omNode-3|rpc:localhost:10616|priority:0, omNode-1|rpc:localhost:10604|priority:0, omNode-2|rpc:localhost:10610|priority:0] returns group-523986131536:java.util.concurrent.CompletableFuture@686c9096[Not completed]
2021-10-05 12:33:17,451 [Listener at localhost/10612] INFO  om.OzoneManager (OzoneManager.java:initializeRatisServer(1585)) - OzoneManager Ratis server initialized at port 10604
2021-10-05 12:33:17,451 [Listener at localhost/10612] INFO  ratis.OzoneManagerRatisServer (OzoneManagerRatisServer.java:start(516)) - Starting OzoneManagerRatisServer omNode-1 at port 10604
2021-10-05 12:33:17,451 [pool-311-thread-1] INFO  server.RaftServer$Division (RaftServerImpl.java:<init>(181)) - omNode-1: new RaftServerImpl for group-523986131536:[omNode-3|rpc:localhost:10616|priority:0, omNode-1|rpc:localhost:10604|priority:0, omNode-2|rpc:localhost:10610|priority:0] with OzoneManagerStateMachine:uninitialized
2021-10-05 12:33:17,452 [pool-311-thread-1] INFO  server.RaftServerConfigKeys (ConfUtils.java:logGet(44)) - raft.server.rpc.timeout.min = 1s (custom)
2021-10-05 12:33:17,452 [pool-311-thread-1] INFO  server.RaftServerConfigKeys (ConfUtils.java:logGet(44)) - raft.server.rpc.timeout.max = 1200ms (custom)
2021-10-05 12:33:17,452 [pool-311-thread-1] INFO  server.RaftServerConfigKeys (ConfUtils.java:logGet(44)) - raft.server.rpc.sleep.time = 25ms (default)
2021-10-05 12:33:17,452 [pool-311-thread-1] INFO  server.RaftServerConfigKeys (ConfUtils.java:logGet(44)) - raft.server.rpc.slowness.timeout = 2s (custom)
2021-10-05 12:33:17,452 [pool-311-thread-1] INFO  server.RaftServerConfigKeys (ConfUtils.java:logGet(44)) - raft.server.leaderelection.leader.step-down.wait-time = 10s (default)
2021-10-05 12:33:17,452 [pool-311-thread-1] INFO  server.RaftServerConfigKeys (ConfUtils.java:logGet(44)) - raft.server.sleep.deviation.threshold = 300ms (default)
2021-10-05 12:33:17,452 [pool-311-thread-1] INFO  server.RaftServerConfigKeys (ConfUtils.java:logGet(44)) - raft.server.log.appender.install.snapshot.enabled = false (custom)
2021-10-05 12:33:17,452 [pool-311-thread-1] INFO  server.RaftServer$Division (ServerState.java:<init>(105)) - omNode-1@group-523986131536: ConfigurationManager, init=-1: [omNode-3|rpc:localhost:10616|priority:0, omNode-1|rpc:localhost:10604|priority:0, omNode-2|rpc:localhost:10610|priority:0], old=null, confs=<EMPTY_MAP>
2021-10-05 12:33:17,452 [pool-311-thread-1] INFO  server.RaftServerConfigKeys (ConfUtils.java:logGet(44)) - raft.server.storage.dir = [/home/runner/work/ozone/ozone/hadoop-ozone/integration-test/target/test-dir/MiniOzoneClusterImpl-37ac24e5-edd8-4d0c-a990-01310c91afa3/omNode-1/ratis] (custom)
2021-10-05 12:33:17,453 [pool-311-thread-1] INFO  server.RaftServerConfigKeys (ConfUtils.java:logGet(44)) - raft.server.log.corruption.policy = EXCEPTION (default)
2021-10-05 12:33:17,453 [pool-311-thread-1] INFO  server.RaftServerConfigKeys (ConfUtils.java:logGet(44)) - raft.server.storage.free-space.min = 0MB (=0) (default)
2021-10-05 12:33:17,453 [pool-311-thread-1] INFO  storage.RaftStorageDirectory (RaftStorageDirectoryImpl.java:tryLock(230)) - Lock on /home/runner/work/ozone/ozone/hadoop-ozone/integration-test/target/test-dir/MiniOzoneClusterImpl-37ac24e5-edd8-4d0c-a990-01310c91afa3/omNode-1/ratis/c9bc4cf4-3bc3-3c60-a66b-523986131536/in_use.lock acquired by nodename 8782@fv-az270-324
2021-10-05 12:33:17,454 [pool-311-thread-1] INFO  storage.RaftStorage (RaftStorageImpl.java:analyzeAndRecoverStorage(110)) - Read RaftStorageMetadata{term=8, votedFor=omNode-1} from /home/runner/work/ozone/ozone/hadoop-ozone/integration-test/target/test-dir/MiniOzoneClusterImpl-37ac24e5-edd8-4d0c-a990-01310c91afa3/omNode-1/ratis/c9bc4cf4-3bc3-3c60-a66b-523986131536/current/raft-meta
2021-10-05 12:33:17,454 [pool-311-thread-1] INFO  server.RaftServer$Division (ServerState.java:setRaftConf(387)) - omNode-1@group-523986131536: set configuration 20: [omNode-3|rpc:localhost:10616|admin:|client:|dataStream:|priority:0, omNode-1|rpc:localhost:10604|admin:|client:|dataStream:|priority:0, omNode-2|rpc:localhost:10610|admin:|client:|dataStream:|priority:0], old=null
2021-10-05 12:33:17,454 [pool-311-thread-1] INFO  server.RaftServerConfigKeys (ConfUtils.java:logGet(44)) - raft.server.notification.no-leader.timeout = 2s (custom)
2021-10-05 12:33:17,454 [pool-311-thread-1] INFO  server.RaftServerConfigKeys (ConfUtils.java:logGet(44)) - raft.server.log.use.memory = false (default)
2021-10-05 12:33:17,454 [pool-311-thread-1] INFO  server.RaftServerConfigKeys (ConfUtils.java:logGet(44)) - raft.server.log.purge.gap = 50 (custom)
2021-10-05 12:33:17,454 [pool-311-thread-1] INFO  server.RaftServerConfigKeys (ConfUtils.java:logGet(44)) - raft.server.log.appender.buffer.byte-limit = 33554432 (custom)
2021-10-05 12:33:17,454 [pool-311-thread-1] INFO  server.RaftServerConfigKeys (ConfUtils.java:logGet(44)) - raft.server.log.segment.size.max = 4194304 (custom)
2021-10-05 12:33:17,455 [pool-311-thread-1] INFO  server.RaftServerConfigKeys (ConfUtils.java:logGet(44)) - raft.server.log.segment.cache.num.max = 2 (custom)
2021-10-05 12:33:17,455 [pool-311-thread-1] INFO  server.RaftServerConfigKeys (ConfUtils.java:logGet(44)) - raft.server.log.segment.cache.size.max = 200MB (=209715200) (default)
2021-10-05 12:33:17,455 [pool-311-thread-1] INFO  segmented.SegmentedRaftLogWorker (SegmentedRaftLogWorker.java:<init>(182)) - new omNode-1@group-523986131536-SegmentedRaftLogWorker for RaftStorageImpl:Storage Directory /home/runner/work/ozone/ozone/hadoop-ozone/integration-test/target/test-dir/MiniOzoneClusterImpl-37ac24e5-edd8-4d0c-a990-01310c91afa3/omNode-1/ratis/c9bc4cf4-3bc3-3c60-a66b-523986131536
2021-10-05 12:33:17,455 [pool-311-thread-1] INFO  server.RaftServerConfigKeys (ConfUtils.java:logGet(44)) - raft.server.log.queue.byte-limit = 64MB (=67108864) (default)
2021-10-05 12:33:17,455 [pool-311-thread-1] INFO  server.RaftServerConfigKeys (ConfUtils.java:logGet(44)) - raft.server.log.queue.element-limit = 4096 (default)
2021-10-05 12:33:17,455 [pool-311-thread-1] INFO  server.RaftServerConfigKeys (ConfUtils.java:logGet(44)) - raft.server.log.segment.size.max = 4194304 (custom)
2021-10-05 12:33:17,455 [pool-311-thread-1] INFO  server.RaftServerConfigKeys (ConfUtils.java:logGet(44)) - raft.server.log.preallocated.size = 4194304 (custom)
2021-10-05 12:33:17,455 [pool-311-thread-1] INFO  server.RaftServerConfigKeys (ConfUtils.java:logGet(44)) - raft.server.log.force.sync.num = 128 (default)
2021-10-05 12:33:17,455 [pool-311-thread-1] INFO  server.RaftServerConfigKeys (ConfUtils.java:logGet(44)) - raft.server.log.statemachine.data.sync = true (default)
2021-10-05 12:33:17,455 [pool-311-thread-1] INFO  server.RaftServerConfigKeys (ConfUtils.java:logGet(44)) - raft.server.log.statemachine.data.sync.timeout = 10s (default)
2021-10-05 12:33:17,455 [pool-311-thread-1] INFO  server.RaftServerConfigKeys (ConfUtils.java:logGet(44)) - raft.server.log.statemachine.data.sync.timeout.retry = -1 (default)
2021-10-05 12:33:17,456 [pool-311-thread-1] INFO  server.RaftServerConfigKeys (ConfUtils.java:logGet(44)) - raft.server.log.write.buffer.size = 64KB (=65536) (default)
2021-10-05 12:33:17,456 [pool-311-thread-1] INFO  server.RaftServerConfigKeys (ConfUtils.java:logGet(44)) - raft.server.log.statemachine.data.caching.enabled = false (default)
2021-10-05 12:33:17,457 [pool-311-thread-1] INFO  segmented.SegmentedRaftLogWorker (SegmentedRaftLogWorker.java:lambda$new$0(133)) - omNode-1@group-523986131536-SegmentedRaftLogWorker: flushIndex: setUnconditionally 0 -> 17
2021-10-05 12:33:17,457 [pool-311-thread-1] INFO  segmented.SegmentedRaftLogWorker (SegmentedRaftLogWorker.java:lambda$new$0(133)) - omNode-1@group-523986131536-SegmentedRaftLogWorker: safeCacheEvictIndex: setUnconditionally 0 -> -1
2021-10-05 12:33:17,459 [pool-311-thread-1] INFO  server.RaftServerConfigKeys (ConfUtils.java:logGet(44)) - raft.server.snapshot.auto.trigger.enabled = true (custom)
2021-10-05 12:33:17,459 [pool-311-thread-1] INFO  server.RaftServerConfigKeys (ConfUtils.java:logGet(44)) - raft.server.snapshot.auto.trigger.threshold = 50 (custom)
2021-10-05 12:33:17,459 [pool-311-thread-1] INFO  server.RaftServerConfigKeys (ConfUtils.java:logGet(44)) - raft.server.snapshot.retention.file.num = -1 (default)
2021-10-05 12:33:17,459 [pool-311-thread-1] INFO  server.RaftServerConfigKeys (ConfUtils.java:logGet(44)) - raft.server.log.purge.upto.snapshot.index = true (custom)
2021-10-05 12:33:17,459 [pool-311-thread-1] INFO  server.RaftServerConfigKeys (ConfUtils.java:logGet(44)) - raft.server.retrycache.expirytime = 30000ms (custom)
2021-10-05 12:33:17,459 [pool-311-thread-1] INFO  server.RaftServerConfigKeys (ConfUtils.java:logGet(44)) - raft.server.retrycache.statistics.expirytime = 100μs (default)
2021-10-05 12:33:17,460 [Listener at localhost/10612] INFO  server.RaftServer$Division (RaftServerImpl.java:start(296)) - omNode-1@group-523986131536: start as a follower, conf=20: [omNode-3|rpc:localhost:10616|admin:|client:|dataStream:|priority:0, omNode-1|rpc:localhost:10604|admin:|client:|dataStream:|priority:0, omNode-2|rpc:localhost:10610|admin:|client:|dataStream:|priority:0], old=null
2021-10-05 12:33:17,461 [Listener at localhost/10612] INFO  server.RaftServer$Division (RaftServerImpl.java:setRole(285)) - omNode-1@group-523986131536: changes role from      null to FOLLOWER at term 8 for startAsFollower
2021-10-05 12:33:17,461 [Listener at localhost/10612] INFO  impl.RoleInfo (RoleInfo.java:updateAndGet(130)) - omNode-1: start omNode-1@group-523986131536-FollowerState
2021-10-05 12:33:17,468 [Listener at localhost/10612] INFO  util.JmxRegister (JmxRegister.java:tryRegister(44)) - Successfully registered JMX Bean with object name Ratis:service=RaftServer,group=group-523986131536,id=omNode-1
2021-10-05 12:33:17,469 [Listener at localhost/10612] INFO  server.RaftServer (RaftServerProxy.java:lambda$start$5(374)) - omNode-1: start RPC server
2021-10-05 12:33:17,469 [Listener at localhost/10612] INFO  server.GrpcService (GrpcService.java:startImpl(253)) - omNode-1: GrpcService started, listening on 10604
2021-10-05 12:33:17,471 [org.apache.ratis.util.JvmPauseMonitor$$Lambda$523/2137356424@50f207b6] INFO  util.JvmPauseMonitor (JvmPauseMonitor.java:run(103)) - JvmPauseMonitor-omNode-1: Started
2021-10-05 12:33:17,471 [Listener at localhost/10612] INFO  ipc.CallQueueManager (CallQueueManager.java:<init>(90)) - Using callQueue: class java.util.concurrent.LinkedBlockingQueue, queueCapacity: 2000, scheduler: class org.apache.hadoop.ipc.DefaultRpcScheduler, ipcBackoff: false.
2021-10-05 12:33:17,472 [Socket Reader #1 for port 10600] INFO  ipc.Server (Server.java:run(1265)) - Starting Socket Reader #1 for port 10600
2021-10-05 12:33:17,474 [Listener at localhost/10600] INFO  http.BaseHttpServer (BaseHttpServer.java:newHttpServer2BuilderForOzone(209)) - Starting Web-server for ozoneManager at: http://0.0.0.0:10602
2021-10-05 12:33:17,474 [Listener at localhost/10600] INFO  http.BaseHttpServer (BaseHttpServer.java:<init>(107)) - Hadoop Security Enabled: false Ozone Security Enabled: false Ozone HTTP Security Enabled: false 
2021-10-05 12:33:17,475 [Listener at localhost/10600] INFO  server.AuthenticationFilter (AuthenticationFilter.java:constructSecretProvider(240)) - Unable to initialize FileSignerSecretProvider, falling back to use random secrets.
2021-10-05 12:33:17,475 [Listener at localhost/10600] WARN  http.HttpRequestLog (HttpRequestLog.java:getRequestLog(103)) - Jetty request log can only be enabled using Log4j
2021-10-05 12:33:17,476 [Listener at localhost/10600] INFO  http.HttpServer2 (HttpServer2.java:addGlobalFilter(1030)) - Added global filter 'safety' (class=org.apache.hadoop.hdds.server.http.HttpServer2$QuotingInputFilter)
2021-10-05 12:33:17,476 [Listener at localhost/10600] INFO  http.HttpServer2 (HttpServer2.java:addFilter(1006)) - Added filter static_user_filter (class=org.apache.hadoop.http.lib.StaticUserWebFilter$StaticUserFilter) to context ozoneManager
2021-10-05 12:33:17,476 [Listener at localhost/10600] INFO  http.HttpServer2 (HttpServer2.java:addFilter(1014)) - Added filter static_user_filter (class=org.apache.hadoop.http.lib.StaticUserWebFilter$StaticUserFilter) to context logs
2021-10-05 12:33:17,477 [Listener at localhost/10600] INFO  http.HttpServer2 (HttpServer2.java:addFilter(1014)) - Added filter static_user_filter (class=org.apache.hadoop.http.lib.StaticUserWebFilter$StaticUserFilter) to context static
2021-10-05 12:33:17,477 [Listener at localhost/10600] INFO  http.HttpServer2 (HttpServer2.java:bindListener(1249)) - Jetty bound to port 10602
2021-10-05 12:33:17,477 [Listener at localhost/10600] INFO  server.Server (Server.java:doStart(375)) - jetty-9.4.43.v20210629; built: 2021-06-30T11:07:22.254Z; git: 526006ecfa3af7f1a27ef3a288e2bef7ea9dd7e8; jvm 1.8.0_292-b10
2021-10-05 12:33:17,478 [Listener at localhost/10600] INFO  server.session (DefaultSessionIdManager.java:doStart(334)) - DefaultSessionIdManager workerName=node0
2021-10-05 12:33:17,478 [Listener at localhost/10600] INFO  server.session (DefaultSessionIdManager.java:doStart(339)) - No SessionScavenger set, using defaults
2021-10-05 12:33:17,478 [Listener at localhost/10600] INFO  server.session (HouseKeeper.java:startScavenging(132)) - node0 Scavenging every 660000ms
2021-10-05 12:33:17,479 [Listener at localhost/10600] INFO  handler.ContextHandler (ContextHandler.java:doStart(915)) - Started o.e.j.s.ServletContextHandler@18d50385{logs,/logs,file:///home/runner/work/ozone/ozone/hadoop-ozone/integration-test/target/log,AVAILABLE}
2021-10-05 12:33:17,479 [Listener at localhost/10600] INFO  handler.ContextHandler (ContextHandler.java:doStart(915)) - Started o.e.j.s.ServletContextHandler@236d3261{static,/static,file:///home/runner/work/ozone/ozone/hadoop-ozone/integration-test/target/test-classes/webapps/static,AVAILABLE}
2021-10-05 12:33:17,481 [Listener at localhost/10600] INFO  handler.ContextHandler (ContextHandler.java:doStart(915)) - Started o.e.j.w.WebAppContext@2d8f6fa7{ozoneManager,/,file:///home/runner/work/ozone/ozone/hadoop-ozone/integration-test/target/test-classes/webapps/ozoneManager/,AVAILABLE}{file:/home/runner/work/ozone/ozone/hadoop-ozone/integration-test/target/test-classes/webapps/ozoneManager}
2021-10-05 12:33:17,482 [Listener at localhost/10600] INFO  server.AbstractConnector (AbstractConnector.java:doStart(331)) - Started ServerConnector@2ec50707{HTTP/1.1, (http/1.1)}{0.0.0.0:10602}
2021-10-05 12:33:17,483 [Listener at localhost/10600] INFO  server.Server (Server.java:doStart(415)) - Started @166966ms
2021-10-05 12:33:17,483 [Listener at localhost/10600] WARN  impl.MetricsSystemImpl (MetricsSystemImpl.java:register(279)) - Sink prometheus already exists!
2021-10-05 12:33:17,484 [Listener at localhost/10600] INFO  http.BaseHttpServer (BaseHttpServer.java:updateConnectorAddress(329)) - HTTP server of ozoneManager listening at http://0.0.0.0:10602
2021-10-05 12:33:17,485 [IPC Server Responder] INFO  ipc.Server (Server.java:run(1507)) - IPC Server Responder: starting
2021-10-05 12:33:17,485 [IPC Server listener on 10600] INFO  ipc.Server (Server.java:run(1344)) - IPC Server listener on 10600: starting
2021-10-05 12:33:17,493 [Listener at localhost/10600] INFO  om.OzoneManager (OzoneManager.java:startTrashEmptier(1543)) - Trash Interval set to 0. Files deleted will not move to trash
2021-10-05 12:33:17,493 [Listener at localhost/10600] INFO  om.OzoneManager (OzoneManager.java:stop(1644)) - Stopping Ozone Manager
2021-10-05 12:33:17,493 [org.apache.hadoop.util.JvmPauseMonitor$Monitor@2bdc9c0c] INFO  util.JvmPauseMonitor (JvmPauseMonitor.java:run(188)) - Starting JVM pause monitor
2021-10-05 12:33:17,493 [Listener at localhost/10600] INFO  ipc.Server (Server.java:stop(3414)) - Stopping server on 10606
2021-10-05 12:33:17,495 [IPC Server listener on 10606] INFO  ipc.Server (Server.java:run(1376)) - Stopping IPC Server listener on 10606
2021-10-05 12:33:17,495 [IPC Server Responder] INFO  ipc.Server (Server.java:run(1512)) - Stopping IPC Server Responder
2021-10-05 12:33:17,496 [Listener at localhost/10600] INFO  server.RaftServer (RaftServerProxy.java:lambda$close$6(391)) - omNode-2: close
2021-10-05 12:33:17,496 [Listener at localhost/10600] INFO  server.RaftServer$Division (RaftServerImpl.java:lambda$close$4(407)) - omNode-2@group-523986131536: shutdown
2021-10-05 12:33:17,496 [Listener at localhost/10600] INFO  util.JmxRegister (JmxRegister.java:unregister(73)) - Successfully un-registered JMX Bean with object name Ratis:service=RaftServer,group=group-523986131536,id=omNode-2
2021-10-05 12:33:17,496 [Listener at localhost/10600] INFO  impl.RoleInfo (RoleInfo.java:shutdownFollowerState(108)) - omNode-2: shutdown omNode-2@group-523986131536-FollowerState
2021-10-05 12:33:17,496 [Listener at localhost/10600] INFO  impl.StateMachineUpdater (StateMachineUpdater.java:stopAndJoin(149)) - omNode-2@group-523986131536-StateMachineUpdater: set stopIndex = 23
2021-10-05 12:33:17,496 [omNode-2@group-523986131536-StateMachineUpdater] INFO  ratis.OzoneManagerStateMachine (OzoneManagerStateMachine.java:close(471)) - StateMachine has shutdown. Shutdown OzoneManager if not already shutdown.
2021-10-05 12:33:17,496 [omNode-2@group-523986131536-FollowerState] INFO  impl.FollowerState (FollowerState.java:run(143)) - omNode-2@group-523986131536-FollowerState was interrupted: {}
java.lang.InterruptedException: sleep interrupted
	at java.lang.Thread.sleep(Native Method)
	at java.lang.Thread.sleep(Thread.java:340)
	at java.util.concurrent.TimeUnit.sleep(TimeUnit.java:386)
	at org.apache.ratis.util.TimeDuration.sleep(TimeDuration.java:324)
	at org.apache.ratis.util.TimeDuration.sleep(TimeDuration.java:309)
	at org.apache.ratis.server.impl.FollowerState.run(FollowerState.java:118)
2021-10-05 12:33:17,497 [Listener at localhost/10600] INFO  server.RaftServer$Division (ServerState.java:close(419)) - omNode-2@group-523986131536: closes. applyIndex: 23
2021-10-05 12:33:17,497 [omNode-2@group-523986131536-SegmentedRaftLogWorker] INFO  segmented.SegmentedRaftLogWorker (SegmentedRaftLogWorker.java:run(327)) - omNode-2@group-523986131536-SegmentedRaftLogWorker was interrupted, exiting. There are 0 tasks remaining in the queue.
2021-10-05 12:33:17,498 [Listener at localhost/10600] INFO  segmented.SegmentedRaftLogWorker (SegmentedRaftLogWorker.java:close(237)) - omNode-2@group-523986131536-SegmentedRaftLogWorker close()
2021-10-05 12:33:17,499 [Listener at localhost/10600] INFO  server.GrpcService (GrpcService.java:closeImpl(262)) - omNode-2: shutdown server with port 10610 now
2021-10-05 12:33:17,499 [Listener at localhost/10600] INFO  server.GrpcService (GrpcService.java:closeImpl(271)) - omNode-2: shutdown server with port 10610 successfully
2021-10-05 12:33:17,499 [org.apache.ratis.util.JvmPauseMonitor$$Lambda$523/2137356424@6e20294f] INFO  util.JvmPauseMonitor (JvmPauseMonitor.java:run(109)) - JvmPauseMonitor-omNode-2: Stopped
2021-10-05 12:33:17,500 [Listener at localhost/10600] INFO  ratis.OzoneManagerDoubleBuffer (OzoneManagerDoubleBuffer.java:stop(437)) - Stopping OMDoubleBuffer flush thread
2021-10-05 12:33:17,500 [OMDoubleBufferFlushThread] INFO  ratis.OzoneManagerDoubleBuffer (OzoneManagerDoubleBuffer.java:flushTransactions(356)) - OMDoubleBuffer flush thread OMDoubleBufferFlushThread is interrupted and will exit. OMDoubleBufferFlushThread
2021-10-05 12:33:17,500 [Listener at localhost/10600] INFO  handler.ContextHandler (ContextHandler.java:doStop(1153)) - Stopped o.e.j.w.WebAppContext@156699b8{ozoneManager,/,null,STOPPED}{file:/home/runner/work/ozone/ozone/hadoop-ozone/integration-test/target/test-classes/webapps/ozoneManager}
2021-10-05 12:33:17,501 [Listener at localhost/10600] INFO  server.AbstractConnector (AbstractConnector.java:doStop(381)) - Stopped ServerConnector@267f57b9{HTTP/1.1, (http/1.1)}{0.0.0.0:10608}
2021-10-05 12:33:17,501 [Listener at localhost/10600] INFO  server.session (HouseKeeper.java:stopScavenging(149)) - node0 Stopped scavenging
2021-10-05 12:33:17,501 [Listener at localhost/10600] INFO  handler.ContextHandler (ContextHandler.java:doStop(1153)) - Stopped o.e.j.s.ServletContextHandler@6f37574{static,/static,file:///home/runner/work/ozone/ozone/hadoop-ozone/integration-test/target/test-classes/webapps/static,STOPPED}
2021-10-05 12:33:17,501 [Listener at localhost/10600] INFO  handler.ContextHandler (ContextHandler.java:doStop(1153)) - Stopped o.e.j.s.ServletContextHandler@40e7cce6{logs,/logs,file:///home/runner/work/ozone/ozone/hadoop-ozone/integration-test/target/log,STOPPED}
2021-10-05 12:33:17,503 [Listener at localhost/10600] INFO  om.OzoneManager (OzoneManager.java:initFSOLayout(4333)) - Configured ozone.om.metadata.layout=SIMPLE and disabled optimized OM FS operations
2021-10-05 12:33:17,503 [Listener at localhost/10600] INFO  om.OzoneManager (OzoneManager.java:restart(1365)) - OzoneManager RPC server is listening at localhost/127.0.0.1:10606
2021-10-05 12:33:17,503 [Listener at localhost/10600] INFO  impl.MetricsSystemImpl (MetricsSystemImpl.java:init(158)) - OzoneManager metrics system started (again)
2021-10-05 12:33:17,515 [Listener at localhost/10600] WARN  server.ServerUtils (ServerUtils.java:getDBPath(225)) - ozone.om.db.dirs is not configured. We recommend adding this setting. Falling back to ozone.metadata.dirs instead.
2021-10-05 12:33:17,516 [Listener at localhost/10600] INFO  codec.OmKeyInfoCodec (OmKeyInfoCodec.java:<init>(51)) - OmKeyInfoCodec ignorePipeline = true
2021-10-05 12:33:17,516 [Listener at localhost/10600] INFO  codec.RepeatedOmKeyInfoCodec (RepeatedOmKeyInfoCodec.java:<init>(42)) - RepeatedOmKeyInfoCodec ignorePipeline = true
2021-10-05 12:33:17,545 [Listener at localhost/10600] WARN  impl.MetricRegistriesImpl (MetricRegistriesImpl.java:addReporterRegistration(111)) - New reporters are added after registries were created. Some metrics will be missing from the reporter. Please add reporter before adding any new registry.
2021-10-05 12:33:17,545 [Listener at localhost/10600] WARN  impl.MetricRegistriesImpl (MetricRegistriesImpl.java:addReporterRegistration(111)) - New reporters are added after registries were created. Some metrics will be missing from the reporter. Please add reporter before adding any new registry.
2021-10-05 12:33:17,545 [Listener at localhost/10600] WARN  server.ServerUtils (ServerUtils.java:getDefaultRatisDirectory(237)) - Storage directory for Ratis is not configured. It is a good idea to map this to an SSD disk. Falling back to ozone.metadata.dirs
2021-10-05 12:33:17,546 [Listener at localhost/10600] INFO  ratis.OzoneManagerRatisServer (OzoneManagerRatisServer.java:<init>(158)) - Instantiating OM Ratis server with groupID: om-service-test1 and peers: localhost:10610, localhost:10616, localhost:10604
2021-10-05 12:33:17,546 [Listener at localhost/10600] INFO  ratis.OzoneManagerStateMachine (OzoneManagerStateMachine.java:loadSnapshotInfoFromDB(605)) - LastAppliedIndex is set from TransactionInfo from OM DB as (t:4, i:23)
2021-10-05 12:33:17,546 [Listener at localhost/10600] INFO  server.RaftServer (ConfUtils.java:logGet(44)) - raft.rpc.type = GRPC (default)
2021-10-05 12:33:17,546 [Listener at localhost/10600] INFO  grpc.GrpcFactory (GrpcFactory.java:checkPooledByteBufAllocatorUseCacheForAllThreads(48)) - PERFORMANCE WARNING: useCacheForAllThreads is true that may cause Netty to create a lot garbage objects and, as a result, trigger GC.
	It is recommended to disable useCacheForAllThreads by setting -Dorg.apache.ratis.thirdparty.io.netty.allocator.useCacheForAllThreads=false in command line.
2021-10-05 12:33:17,546 [Listener at localhost/10600] INFO  grpc.GrpcConfigKeys (ConfUtils.java:logGet(44)) - raft.grpc.admin.port = -1 (default)
2021-10-05 12:33:17,547 [Listener at localhost/10600] INFO  grpc.GrpcConfigKeys (ConfUtils.java:logGet(44)) - raft.grpc.server.port = 10610 (custom)
2021-10-05 12:33:17,547 [Listener at localhost/10600] INFO  grpc.GrpcConfigKeys (ConfUtils.java:logGet(44)) - raft.grpc.client.port = -1 (default)
2021-10-05 12:33:17,547 [Listener at localhost/10600] INFO  grpc.GrpcConfigKeys (ConfUtils.java:logGet(44)) - raft.grpc.server.port = 10610 (custom)
2021-10-05 12:33:17,547 [Listener at localhost/10600] INFO  grpc.GrpcConfigKeys (ConfUtils.java:logGet(44)) - raft.grpc.server.port = 10610 (custom)
2021-10-05 12:33:17,547 [Listener at localhost/10600] INFO  server.GrpcService (ConfUtils.java:logGet(44)) - raft.grpc.message.size.max = 33554432 (custom)
2021-10-05 12:33:17,547 [Listener at localhost/10600] INFO  server.RaftServerConfigKeys (ConfUtils.java:logGet(44)) - raft.server.log.appender.buffer.byte-limit = 33554432 (custom)
2021-10-05 12:33:17,547 [Listener at localhost/10600] INFO  server.GrpcService (ConfUtils.java:logGet(44)) - raft.grpc.flow.control.window = 1MB (=1048576) (default)
2021-10-05 12:33:17,547 [Listener at localhost/10600] INFO  server.RaftServerConfigKeys (ConfUtils.java:logGet(44)) - raft.server.rpc.request.timeout = 3000ms (default)
2021-10-05 12:33:17,548 [Listener at localhost/10600] INFO  impl.DataStreamServerImpl (ConfUtils.java:logGet(44)) - raft.datastream.type = DISABLED (default)
2021-10-05 12:33:17,548 [Listener at localhost/10600] INFO  server.RaftServerConfigKeys (ConfUtils.java:logGet(44)) - raft.server.rpc.slowness.timeout = 2s (custom)
2021-10-05 12:33:17,548 [Listener at localhost/10600] INFO  server.RaftServerConfigKeys (ConfUtils.java:logGet(44)) - raft.server.leaderelection.leader.step-down.wait-time = 10s (default)
2021-10-05 12:33:17,548 [Listener at localhost/10600] INFO  server.RaftServerConfigKeys (ConfUtils.java:logGet(44)) - raft.server.storage.dir = [/home/runner/work/ozone/ozone/hadoop-ozone/integration-test/target/test-dir/MiniOzoneClusterImpl-37ac24e5-edd8-4d0c-a990-01310c91afa3/omNode-2/ratis] (custom)
2021-10-05 12:33:17,548 [Listener at localhost/10600] INFO  server.RaftServer (RaftServerProxy.java:lambda$null$1(235)) - omNode-2: found a subdirectory /home/runner/work/ozone/ozone/hadoop-ozone/integration-test/target/test-dir/MiniOzoneClusterImpl-37ac24e5-edd8-4d0c-a990-01310c91afa3/omNode-2/ratis/c9bc4cf4-3bc3-3c60-a66b-523986131536
2021-10-05 12:33:17,549 [Listener at localhost/10600] INFO  server.RaftServer (RaftServerProxy.java:addNew(95)) - omNode-2: addNew group-523986131536:[omNode-3|rpc:localhost:10616|priority:0, omNode-1|rpc:localhost:10604|priority:0, omNode-2|rpc:localhost:10610|priority:0] returns group-523986131536:java.util.concurrent.CompletableFuture@9b73084[Not completed]
2021-10-05 12:33:17,549 [Listener at localhost/10600] INFO  om.OzoneManager (OzoneManager.java:initializeRatisServer(1585)) - OzoneManager Ratis server initialized at port 10610
2021-10-05 12:33:17,549 [Listener at localhost/10600] INFO  ratis.OzoneManagerRatisServer (OzoneManagerRatisServer.java:start(516)) - Starting OzoneManagerRatisServer omNode-2 at port 10610
2021-10-05 12:33:17,549 [pool-331-thread-1] INFO  server.RaftServer$Division (RaftServerImpl.java:<init>(181)) - omNode-2: new RaftServerImpl for group-523986131536:[omNode-3|rpc:localhost:10616|priority:0, omNode-1|rpc:localhost:10604|priority:0, omNode-2|rpc:localhost:10610|priority:0] with OzoneManagerStateMachine:uninitialized
2021-10-05 12:33:17,550 [pool-331-thread-1] INFO  server.RaftServerConfigKeys (ConfUtils.java:logGet(44)) - raft.server.rpc.timeout.min = 1s (custom)
2021-10-05 12:33:17,550 [pool-331-thread-1] INFO  server.RaftServerConfigKeys (ConfUtils.java:logGet(44)) - raft.server.rpc.timeout.max = 1200ms (custom)
2021-10-05 12:33:17,550 [pool-331-thread-1] INFO  server.RaftServerConfigKeys (ConfUtils.java:logGet(44)) - raft.server.rpc.sleep.time = 25ms (default)
2021-10-05 12:33:17,550 [pool-331-thread-1] INFO  server.RaftServerConfigKeys (ConfUtils.java:logGet(44)) - raft.server.rpc.slowness.timeout = 2s (custom)
2021-10-05 12:33:17,550 [pool-331-thread-1] INFO  server.RaftServerConfigKeys (ConfUtils.java:logGet(44)) - raft.server.leaderelection.leader.step-down.wait-time = 10s (default)
2021-10-05 12:33:17,550 [pool-331-thread-1] INFO  server.RaftServerConfigKeys (ConfUtils.java:logGet(44)) - raft.server.sleep.deviation.threshold = 300ms (default)
2021-10-05 12:33:17,550 [pool-331-thread-1] INFO  server.RaftServerConfigKeys (ConfUtils.java:logGet(44)) - raft.server.log.appender.install.snapshot.enabled = false (custom)
2021-10-05 12:33:17,550 [pool-331-thread-1] INFO  server.RaftServer$Division (ServerState.java:<init>(105)) - omNode-2@group-523986131536: ConfigurationManager, init=-1: [omNode-3|rpc:localhost:10616|priority:0, omNode-1|rpc:localhost:10604|priority:0, omNode-2|rpc:localhost:10610|priority:0], old=null, confs=<EMPTY_MAP>
2021-10-05 12:33:17,550 [pool-331-thread-1] INFO  server.RaftServerConfigKeys (ConfUtils.java:logGet(44)) - raft.server.storage.dir = [/home/runner/work/ozone/ozone/hadoop-ozone/integration-test/target/test-dir/MiniOzoneClusterImpl-37ac24e5-edd8-4d0c-a990-01310c91afa3/omNode-2/ratis] (custom)
2021-10-05 12:33:17,550 [pool-331-thread-1] INFO  server.RaftServerConfigKeys (ConfUtils.java:logGet(44)) - raft.server.log.corruption.policy = EXCEPTION (default)
2021-10-05 12:33:17,550 [pool-331-thread-1] INFO  server.RaftServerConfigKeys (ConfUtils.java:logGet(44)) - raft.server.storage.free-space.min = 0MB (=0) (default)
2021-10-05 12:33:17,551 [pool-331-thread-1] INFO  storage.RaftStorageDirectory (RaftStorageDirectoryImpl.java:tryLock(230)) - Lock on /home/runner/work/ozone/ozone/hadoop-ozone/integration-test/target/test-dir/MiniOzoneClusterImpl-37ac24e5-edd8-4d0c-a990-01310c91afa3/omNode-2/ratis/c9bc4cf4-3bc3-3c60-a66b-523986131536/in_use.lock acquired by nodename 8782@fv-az270-324
2021-10-05 12:33:17,552 [pool-331-thread-1] INFO  storage.RaftStorage (RaftStorageImpl.java:analyzeAndRecoverStorage(110)) - Read RaftStorageMetadata{term=8, votedFor=} from /home/runner/work/ozone/ozone/hadoop-ozone/integration-test/target/test-dir/MiniOzoneClusterImpl-37ac24e5-edd8-4d0c-a990-01310c91afa3/omNode-2/ratis/c9bc4cf4-3bc3-3c60-a66b-523986131536/current/raft-meta
2021-10-05 12:33:17,552 [pool-331-thread-1] INFO  server.RaftServer$Division (ServerState.java:setRaftConf(387)) - omNode-2@group-523986131536: set configuration 20: [omNode-3|rpc:localhost:10616|admin:|client:|dataStream:|priority:0, omNode-1|rpc:localhost:10604|admin:|client:|dataStream:|priority:0, omNode-2|rpc:localhost:10610|admin:|client:|dataStream:|priority:0], old=null
2021-10-05 12:33:17,552 [pool-331-thread-1] INFO  server.RaftServerConfigKeys (ConfUtils.java:logGet(44)) - raft.server.notification.no-leader.timeout = 2s (custom)
2021-10-05 12:33:17,552 [pool-331-thread-1] INFO  server.RaftServerConfigKeys (ConfUtils.java:logGet(44)) - raft.server.log.use.memory = false (default)
2021-10-05 12:33:17,552 [pool-331-thread-1] INFO  server.RaftServerConfigKeys (ConfUtils.java:logGet(44)) - raft.server.log.purge.gap = 50 (custom)
2021-10-05 12:33:17,552 [pool-331-thread-1] INFO  server.RaftServerConfigKeys (ConfUtils.java:logGet(44)) - raft.server.log.appender.buffer.byte-limit = 33554432 (custom)
2021-10-05 12:33:17,552 [pool-331-thread-1] INFO  server.RaftServerConfigKeys (ConfUtils.java:logGet(44)) - raft.server.log.segment.size.max = 4194304 (custom)
2021-10-05 12:33:17,553 [pool-331-thread-1] INFO  server.RaftServerConfigKeys (ConfUtils.java:logGet(44)) - raft.server.log.segment.cache.num.max = 2 (custom)
2021-10-05 12:33:17,553 [pool-331-thread-1] INFO  server.RaftServerConfigKeys (ConfUtils.java:logGet(44)) - raft.server.log.segment.cache.size.max = 200MB (=209715200) (default)
2021-10-05 12:33:17,553 [pool-331-thread-1] INFO  segmented.SegmentedRaftLogWorker (SegmentedRaftLogWorker.java:<init>(182)) - new omNode-2@group-523986131536-SegmentedRaftLogWorker for RaftStorageImpl:Storage Directory /home/runner/work/ozone/ozone/hadoop-ozone/integration-test/target/test-dir/MiniOzoneClusterImpl-37ac24e5-edd8-4d0c-a990-01310c91afa3/omNode-2/ratis/c9bc4cf4-3bc3-3c60-a66b-523986131536
2021-10-05 12:33:17,553 [pool-331-thread-1] INFO  server.RaftServerConfigKeys (ConfUtils.java:logGet(44)) - raft.server.log.queue.byte-limit = 64MB (=67108864) (default)
2021-10-05 12:33:17,553 [pool-331-thread-1] INFO  server.RaftServerConfigKeys (ConfUtils.java:logGet(44)) - raft.server.log.queue.element-limit = 4096 (default)
2021-10-05 12:33:17,553 [pool-331-thread-1] INFO  server.RaftServerConfigKeys (ConfUtils.java:logGet(44)) - raft.server.log.segment.size.max = 4194304 (custom)
2021-10-05 12:33:17,553 [pool-331-thread-1] INFO  server.RaftServerConfigKeys (ConfUtils.java:logGet(44)) - raft.server.log.preallocated.size = 4194304 (custom)
2021-10-05 12:33:17,553 [pool-331-thread-1] INFO  server.RaftServerConfigKeys (ConfUtils.java:logGet(44)) - raft.server.log.force.sync.num = 128 (default)
2021-10-05 12:33:17,553 [pool-331-thread-1] INFO  server.RaftServerConfigKeys (ConfUtils.java:logGet(44)) - raft.server.log.statemachine.data.sync = true (default)
2021-10-05 12:33:17,553 [pool-331-thread-1] INFO  server.RaftServerConfigKeys (ConfUtils.java:logGet(44)) - raft.server.log.statemachine.data.sync.timeout = 10s (default)
2021-10-05 12:33:17,553 [pool-331-thread-1] INFO  server.RaftServerConfigKeys (ConfUtils.java:logGet(44)) - raft.server.log.statemachine.data.sync.timeout.retry = -1 (default)
2021-10-05 12:33:17,554 [pool-331-thread-1] INFO  server.RaftServerConfigKeys (ConfUtils.java:logGet(44)) - raft.server.log.write.buffer.size = 64KB (=65536) (default)
2021-10-05 12:33:17,554 [pool-331-thread-1] INFO  server.RaftServerConfigKeys (ConfUtils.java:logGet(44)) - raft.server.log.statemachine.data.caching.enabled = false (default)
2021-10-05 12:33:17,555 [pool-331-thread-1] INFO  server.RaftServer$Division (ServerState.java:setRaftConf(387)) - omNode-2@group-523986131536: set configuration 18: [omNode-3|rpc:localhost:10616|admin:|client:|dataStream:|priority:0, omNode-1|rpc:localhost:10604|admin:|client:|dataStream:|priority:0, omNode-2|rpc:localhost:10610|admin:|client:|dataStream:|priority:0], old=null
2021-10-05 12:33:17,555 [pool-331-thread-1] INFO  segmented.LogSegment (LogSegment.java:loadSegment(173)) - Successfully read 2 entries from segment file /home/runner/work/ozone/ozone/hadoop-ozone/integration-test/target/test-dir/MiniOzoneClusterImpl-37ac24e5-edd8-4d0c-a990-01310c91afa3/omNode-2/ratis/c9bc4cf4-3bc3-3c60-a66b-523986131536/current/log_18-19
2021-10-05 12:33:17,555 [pool-331-thread-1] INFO  server.RaftServer$Division (ServerState.java:setRaftConf(387)) - omNode-2@group-523986131536: set configuration 20: [omNode-3|rpc:localhost:10616|admin:|client:|dataStream:|priority:0, omNode-1|rpc:localhost:10604|admin:|client:|dataStream:|priority:0, omNode-2|rpc:localhost:10610|admin:|client:|dataStream:|priority:0], old=null
2021-10-05 12:33:17,556 [pool-331-thread-1] INFO  segmented.LogSegment (LogSegment.java:loadSegment(173)) - Successfully read 4 entries from segment file /home/runner/work/ozone/ozone/hadoop-ozone/integration-test/target/test-dir/MiniOzoneClusterImpl-37ac24e5-edd8-4d0c-a990-01310c91afa3/omNode-2/ratis/c9bc4cf4-3bc3-3c60-a66b-523986131536/current/log_inprogress_20
2021-10-05 12:33:17,556 [pool-331-thread-1] INFO  segmented.SegmentedRaftLogWorker (SegmentedRaftLogWorker.java:lambda$new$0(133)) - omNode-2@group-523986131536-SegmentedRaftLogWorker: flushIndex: setUnconditionally 0 -> 23
2021-10-05 12:33:17,556 [pool-331-thread-1] INFO  segmented.SegmentedRaftLogWorker (SegmentedRaftLogWorker.java:lambda$new$0(133)) - omNode-2@group-523986131536-SegmentedRaftLogWorker: safeCacheEvictIndex: setUnconditionally 0 -> 19
2021-10-05 12:33:17,559 [pool-331-thread-1] INFO  raftlog.RaftLog (RaftLogBase.java:lambda$new$0(53)) - omNode-2@group-523986131536-SegmentedRaftLog: commitIndex: updateToMax old=23, new=22, updated? false
2021-10-05 12:33:17,559 [pool-331-thread-1] INFO  raftlog.RaftLog (RaftLogBase.java:lambda$new$0(53)) - omNode-2@group-523986131536-SegmentedRaftLog: purgeIndex: updateIncreasingly -1 -> 17
2021-10-05 12:33:17,559 [pool-331-thread-1] INFO  server.RaftServerConfigKeys (ConfUtils.java:logGet(44)) - raft.server.snapshot.auto.trigger.enabled = true (custom)
2021-10-05 12:33:17,559 [pool-331-thread-1] INFO  server.RaftServerConfigKeys (ConfUtils.java:logGet(44)) - raft.server.snapshot.auto.trigger.threshold = 50 (custom)
2021-10-05 12:33:17,559 [pool-331-thread-1] INFO  server.RaftServerConfigKeys (ConfUtils.java:logGet(44)) - raft.server.snapshot.retention.file.num = -1 (default)
2021-10-05 12:33:17,559 [pool-331-thread-1] INFO  server.RaftServerConfigKeys (ConfUtils.java:logGet(44)) - raft.server.log.purge.upto.snapshot.index = true (custom)
2021-10-05 12:33:17,559 [pool-331-thread-1] INFO  server.RaftServerConfigKeys (ConfUtils.java:logGet(44)) - raft.server.retrycache.expirytime = 30000ms (custom)
2021-10-05 12:33:17,559 [pool-331-thread-1] INFO  server.RaftServerConfigKeys (ConfUtils.java:logGet(44)) - raft.server.retrycache.statistics.expirytime = 100μs (default)
2021-10-05 12:33:17,561 [Listener at localhost/10600] INFO  server.RaftServer$Division (RaftServerImpl.java:start(296)) - omNode-2@group-523986131536: start as a follower, conf=20: [omNode-3|rpc:localhost:10616|admin:|client:|dataStream:|priority:0, omNode-1|rpc:localhost:10604|admin:|client:|dataStream:|priority:0, omNode-2|rpc:localhost:10610|admin:|client:|dataStream:|priority:0], old=null
2021-10-05 12:33:17,561 [Listener at localhost/10600] INFO  server.RaftServer$Division (RaftServerImpl.java:setRole(285)) - omNode-2@group-523986131536: changes role from      null to FOLLOWER at term 8 for startAsFollower
2021-10-05 12:33:17,561 [Listener at localhost/10600] INFO  impl.RoleInfo (RoleInfo.java:updateAndGet(130)) - omNode-2: start omNode-2@group-523986131536-FollowerState
2021-10-05 12:33:17,561 [Listener at localhost/10600] INFO  util.JmxRegister (JmxRegister.java:tryRegister(44)) - Successfully registered JMX Bean with object name Ratis:service=RaftServer,group=group-523986131536,id=omNode-2
2021-10-05 12:33:17,562 [Listener at localhost/10600] INFO  server.RaftServer (RaftServerProxy.java:lambda$start$5(374)) - omNode-2: start RPC server
2021-10-05 12:33:17,569 [Listener at localhost/10600] INFO  server.GrpcService (GrpcService.java:startImpl(253)) - omNode-2: GrpcService started, listening on 10610
2021-10-05 12:33:17,569 [Listener at localhost/10600] INFO  ipc.CallQueueManager (CallQueueManager.java:<init>(90)) - Using callQueue: class java.util.concurrent.LinkedBlockingQueue, queueCapacity: 2000, scheduler: class org.apache.hadoop.ipc.DefaultRpcScheduler, ipcBackoff: false.
2021-10-05 12:33:17,569 [org.apache.ratis.util.JvmPauseMonitor$$Lambda$523/2137356424@58b8ad4e] INFO  util.JvmPauseMonitor (JvmPauseMonitor.java:run(103)) - JvmPauseMonitor-omNode-2: Started
2021-10-05 12:33:17,571 [Socket Reader #1 for port 10606] INFO  ipc.Server (Server.java:run(1265)) - Starting Socket Reader #1 for port 10606
2021-10-05 12:33:17,574 [Listener at localhost/10606] INFO  http.BaseHttpServer (BaseHttpServer.java:newHttpServer2BuilderForOzone(209)) - Starting Web-server for ozoneManager at: http://0.0.0.0:10608
2021-10-05 12:33:17,574 [Listener at localhost/10606] INFO  http.BaseHttpServer (BaseHttpServer.java:<init>(107)) - Hadoop Security Enabled: false Ozone Security Enabled: false Ozone HTTP Security Enabled: false 
2021-10-05 12:33:17,575 [Listener at localhost/10606] INFO  server.AuthenticationFilter (AuthenticationFilter.java:constructSecretProvider(240)) - Unable to initialize FileSignerSecretProvider, falling back to use random secrets.
2021-10-05 12:33:17,579 [Listener at localhost/10606] WARN  http.HttpRequestLog (HttpRequestLog.java:getRequestLog(103)) - Jetty request log can only be enabled using Log4j
2021-10-05 12:33:17,579 [Listener at localhost/10606] INFO  http.HttpServer2 (HttpServer2.java:addGlobalFilter(1030)) - Added global filter 'safety' (class=org.apache.hadoop.hdds.server.http.HttpServer2$QuotingInputFilter)
2021-10-05 12:33:17,581 [Listener at localhost/10606] INFO  http.HttpServer2 (HttpServer2.java:addFilter(1006)) - Added filter static_user_filter (class=org.apache.hadoop.http.lib.StaticUserWebFilter$StaticUserFilter) to context ozoneManager
2021-10-05 12:33:17,581 [Listener at localhost/10606] INFO  http.HttpServer2 (HttpServer2.java:addFilter(1014)) - Added filter static_user_filter (class=org.apache.hadoop.http.lib.StaticUserWebFilter$StaticUserFilter) to context static
2021-10-05 12:33:17,582 [Listener at localhost/10606] INFO  http.HttpServer2 (HttpServer2.java:addFilter(1014)) - Added filter static_user_filter (class=org.apache.hadoop.http.lib.StaticUserWebFilter$StaticUserFilter) to context logs
2021-10-05 12:33:17,583 [Listener at localhost/10606] INFO  http.HttpServer2 (HttpServer2.java:bindListener(1249)) - Jetty bound to port 10608
2021-10-05 12:33:17,583 [Listener at localhost/10606] INFO  server.Server (Server.java:doStart(375)) - jetty-9.4.43.v20210629; built: 2021-06-30T11:07:22.254Z; git: 526006ecfa3af7f1a27ef3a288e2bef7ea9dd7e8; jvm 1.8.0_292-b10
2021-10-05 12:33:17,584 [Listener at localhost/10606] INFO  server.session (DefaultSessionIdManager.java:doStart(334)) - DefaultSessionIdManager workerName=node0
2021-10-05 12:33:17,585 [Listener at localhost/10606] INFO  server.session (DefaultSessionIdManager.java:doStart(339)) - No SessionScavenger set, using defaults
2021-10-05 12:33:17,585 [Listener at localhost/10606] INFO  server.session (HouseKeeper.java:startScavenging(132)) - node0 Scavenging every 600000ms
2021-10-05 12:33:17,586 [Listener at localhost/10606] INFO  handler.ContextHandler (ContextHandler.java:doStart(915)) - Started o.e.j.s.ServletContextHandler@41c3562c{logs,/logs,file:///home/runner/work/ozone/ozone/hadoop-ozone/integration-test/target/log,AVAILABLE}
2021-10-05 12:33:17,586 [Listener at localhost/10606] INFO  handler.ContextHandler (ContextHandler.java:doStart(915)) - Started o.e.j.s.ServletContextHandler@5503c4fa{static,/static,file:///home/runner/work/ozone/ozone/hadoop-ozone/integration-test/target/test-classes/webapps/static,AVAILABLE}
2021-10-05 12:33:17,591 [Listener at localhost/10606] INFO  handler.ContextHandler (ContextHandler.java:doStart(915)) - Started o.e.j.w.WebAppContext@241e3f01{ozoneManager,/,file:///home/runner/work/ozone/ozone/hadoop-ozone/integration-test/target/test-classes/webapps/ozoneManager/,AVAILABLE}{file:/home/runner/work/ozone/ozone/hadoop-ozone/integration-test/target/test-classes/webapps/ozoneManager}
2021-10-05 12:33:17,593 [Listener at localhost/10606] INFO  server.AbstractConnector (AbstractConnector.java:doStart(331)) - Started ServerConnector@72015c96{HTTP/1.1, (http/1.1)}{0.0.0.0:10608}
2021-10-05 12:33:17,593 [Listener at localhost/10606] INFO  server.Server (Server.java:doStart(415)) - Started @167076ms
2021-10-05 12:33:17,593 [Listener at localhost/10606] WARN  impl.MetricsSystemImpl (MetricsSystemImpl.java:register(279)) - Sink prometheus already exists!
2021-10-05 12:33:17,593 [Listener at localhost/10606] INFO  http.BaseHttpServer (BaseHttpServer.java:updateConnectorAddress(329)) - HTTP server of ozoneManager listening at http://0.0.0.0:10608
2021-10-05 12:33:17,595 [IPC Server Responder] INFO  ipc.Server (Server.java:run(1507)) - IPC Server Responder: starting
2021-10-05 12:33:17,596 [IPC Server listener on 10606] INFO  ipc.Server (Server.java:run(1344)) - IPC Server listener on 10606: starting
2021-10-05 12:33:17,598 [Listener at localhost/10606] INFO  om.OzoneManager (OzoneManager.java:startTrashEmptier(1543)) - Trash Interval set to 0. Files deleted will not move to trash
]]></system-out>
  </testcase>
  <testcase name="testPrepareDownedOM" classname="org.apache.hadoop.ozone.om.TestOzoneManagerPrepare" time="4.45">
    <error message="Could not determine or connect to OM Leader." type="java.io.IOException">java.io.IOException: Could not determine or connect to OM Leader.
	at org.apache.hadoop.ozone.om.protocolPB.Hadoop3OmTransport.submitRequest(Hadoop3OmTransport.java:96)
	at org.apache.hadoop.ozone.om.protocolPB.OzoneManagerProtocolClientSideTranslatorPB.submitRequest(OzoneManagerProtocolClientSideTranslatorPB.java:230)
	at org.apache.hadoop.ozone.om.protocolPB.OzoneManagerProtocolClientSideTranslatorPB.cancelOzoneManagerPrepare(OzoneManagerProtocolClientSideTranslatorPB.java:1640)
	at org.apache.hadoop.ozone.om.TestOzoneManagerPrepare.submitCancelPrepareRequest(TestOzoneManagerPrepare.java:430)
	at org.apache.hadoop.ozone.om.TestOzoneManagerPrepare.initOM(TestOzoneManagerPrepare.java:90)
	at sun.reflect.NativeMethodAccessorImpl.invoke0(Native Method)
	at sun.reflect.NativeMethodAccessorImpl.invoke(NativeMethodAccessorImpl.java:62)
	at sun.reflect.DelegatingMethodAccessorImpl.invoke(DelegatingMethodAccessorImpl.java:43)
	at java.lang.reflect.Method.invoke(Method.java:498)
	at org.junit.runners.model.FrameworkMethod$1.runReflectiveCall(FrameworkMethod.java:59)
	at org.junit.internal.runners.model.ReflectiveCallable.run(ReflectiveCallable.java:12)
	at org.junit.runners.model.FrameworkMethod.invokeExplosively(FrameworkMethod.java:56)
	at org.junit.internal.runners.statements.RunBefores.invokeMethod(RunBefores.java:33)
	at org.junit.internal.runners.statements.RunBefores.evaluate(RunBefores.java:24)
	at org.junit.internal.runners.statements.RunAfters.evaluate(RunAfters.java:27)
	at org.junit.rules.ExpectedException$ExpectedExceptionStatement.evaluate(ExpectedException.java:258)
	at org.junit.internal.runners.statements.FailOnTimeout$CallableStatement.call(FailOnTimeout.java:288)
	at org.junit.internal.runners.statements.FailOnTimeout$CallableStatement.call(FailOnTimeout.java:282)
	at java.util.concurrent.FutureTask.run(FutureTask.java:266)
	at java.lang.Thread.run(Thread.java:748)
</error>
    <system-out><![CDATA[2021-10-05 12:33:17,603 [org.apache.hadoop.util.JvmPauseMonitor$Monitor@6a5bcb7a] INFO  util.JvmPauseMonitor (JvmPauseMonitor.java:run(188)) - Starting JVM pause monitor
2021-10-05 12:33:17,604 [Time-limited test] INFO  retry.RetryInvocationHandler (RetryInvocationHandler.java:log(411)) - com.google.protobuf.ServiceException: java.io.EOFException: End of File Exception between local host is: "fv-az270-324/10.1.0.10"; destination host is: "localhost":10600; : java.io.EOFException; For more details see:  http://wiki.apache.org/hadoop/EOFException, while invoking $Proxy52.submitRequest over nodeId=omNode-1,nodeAddress=127.0.0.1:10600. Trying to failover immediately.
2021-10-05 12:33:17,605 [Time-limited test] INFO  retry.RetryInvocationHandler (RetryInvocationHandler.java:log(411)) - com.google.protobuf.ServiceException: java.io.EOFException: End of File Exception between local host is: "fv-az270-324/10.1.0.10"; destination host is: "localhost":10612; : java.io.EOFException; For more details see:  http://wiki.apache.org/hadoop/EOFException, while invoking $Proxy52.submitRequest over nodeId=omNode-3,nodeAddress=127.0.0.1:10612 after 1 failover attempts. Trying to failover after sleeping for 2000ms.
2021-10-05 12:33:18,472 [omNode-3@group-523986131536-FollowerState] INFO  impl.FollowerState (FollowerState.java:run(134)) - omNode-3@group-523986131536-FollowerState: change to CANDIDATE, lastRpcElapsedTime:1186548349ns, electionTimeout:1185ms
2021-10-05 12:33:18,473 [omNode-3@group-523986131536-FollowerState] INFO  impl.RoleInfo (RoleInfo.java:shutdownFollowerState(108)) - omNode-3: shutdown omNode-3@group-523986131536-FollowerState
2021-10-05 12:33:18,473 [omNode-3@group-523986131536-FollowerState] INFO  server.RaftServer$Division (RaftServerImpl.java:setRole(285)) - omNode-3@group-523986131536: changes role from  FOLLOWER to CANDIDATE at term 7 for changeToCandidate
2021-10-05 12:33:18,473 [omNode-3@group-523986131536-FollowerState] INFO  server.RaftServerConfigKeys (ConfUtils.java:logGet(44)) - raft.server.leaderelection.pre-vote = false (custom)
2021-10-05 12:33:18,473 [omNode-3@group-523986131536-FollowerState] INFO  impl.RoleInfo (RoleInfo.java:updateAndGet(130)) - omNode-3: start omNode-3@group-523986131536-LeaderElection25
2021-10-05 12:33:18,481 [omNode-3@group-523986131536-LeaderElection25] INFO  impl.LeaderElection (LeaderElection.java:askForVotes(306)) - omNode-3@group-523986131536-LeaderElection25 ELECTION round 0: submit vote requests at term 8 for 20: [omNode-3|rpc:localhost:10616|admin:|client:|dataStream:|priority:0, omNode-1|rpc:localhost:10604|admin:|client:|dataStream:|priority:0, omNode-2|rpc:localhost:10610|admin:|client:|dataStream:|priority:0], old=null
2021-10-05 12:33:18,488 [grpc-default-executor-8] INFO  server.RaftServer$Division (RaftServerImpl.java:requestVote(1043)) - omNode-1@group-523986131536: receive requestVote(ELECTION, omNode-3, group-523986131536, 8, (t:4, i:23))
2021-10-05 12:33:18,488 [grpc-default-executor-8] INFO  impl.VoteContext (VoteContext.java:log(48)) - omNode-1@group-523986131536-FOLLOWER: reject ELECTION from omNode-3: already has voted for omNode-1 at current term 8
2021-10-05 12:33:18,488 [grpc-default-executor-8] INFO  server.RaftServer$Division (RaftServerImpl.java:requestVote(1075)) - omNode-1@group-523986131536 replies to ELECTION vote request: omNode-3<-omNode-1#0:FAIL-t8. Peer's state: omNode-1@group-523986131536:t8, leader=null, voted=omNode-1, raftlog=omNode-1@group-523986131536-SegmentedRaftLog:OPENED:c17,f17,i0, conf=20: [omNode-3|rpc:localhost:10616|admin:|client:|dataStream:|priority:0, omNode-1|rpc:localhost:10604|admin:|client:|dataStream:|priority:0, omNode-2|rpc:localhost:10610|admin:|client:|dataStream:|priority:0], old=null
2021-10-05 12:33:18,494 [grpc-default-executor-8] INFO  server.RaftServer$Division (RaftServerImpl.java:requestVote(1043)) - omNode-2@group-523986131536: receive requestVote(ELECTION, omNode-3, group-523986131536, 8, (t:4, i:23))
2021-10-05 12:33:18,494 [grpc-default-executor-8] INFO  impl.VoteContext (VoteContext.java:log(48)) - omNode-2@group-523986131536-FOLLOWER: reject ELECTION from omNode-3: already has voted for  at current term 8
2021-10-05 12:33:18,494 [grpc-default-executor-8] INFO  server.RaftServer$Division (RaftServerImpl.java:requestVote(1075)) - omNode-2@group-523986131536 replies to ELECTION vote request: omNode-3<-omNode-2#0:FAIL-t8. Peer's state: omNode-2@group-523986131536:t8, leader=null, voted=, raftlog=omNode-2@group-523986131536-SegmentedRaftLog:OPENED:c23,f23,i23, conf=20: [omNode-3|rpc:localhost:10616|admin:|client:|dataStream:|priority:0, omNode-1|rpc:localhost:10604|admin:|client:|dataStream:|priority:0, omNode-2|rpc:localhost:10610|admin:|client:|dataStream:|priority:0], old=null
2021-10-05 12:33:18,496 [omNode-3@group-523986131536-LeaderElection25] INFO  impl.LeaderElection (LeaderElection.java:logAndReturn(89)) - omNode-3@group-523986131536-LeaderElection25: ELECTION REJECTED received 2 response(s) and 0 exception(s):
2021-10-05 12:33:18,496 [omNode-3@group-523986131536-LeaderElection25] INFO  impl.LeaderElection (LeaderElection.java:logAndReturn(93)) -   Response 0: omNode-3<-omNode-1#0:FAIL-t8
2021-10-05 12:33:18,496 [omNode-3@group-523986131536-LeaderElection25] INFO  impl.LeaderElection (LeaderElection.java:logAndReturn(93)) -   Response 1: omNode-3<-omNode-2#0:FAIL-t8
2021-10-05 12:33:18,496 [omNode-3@group-523986131536-LeaderElection25] INFO  impl.LeaderElection (LeaderElection.java:askForVotes(308)) - omNode-3@group-523986131536-LeaderElection25 ELECTION round 0: result REJECTED
2021-10-05 12:33:18,496 [omNode-3@group-523986131536-LeaderElection25] INFO  server.RaftServer$Division (RaftServerImpl.java:setRole(285)) - omNode-3@group-523986131536: changes role from CANDIDATE to FOLLOWER at term 8 for REJECTED
2021-10-05 12:33:18,496 [omNode-3@group-523986131536-LeaderElection25] INFO  impl.RoleInfo (RoleInfo.java:shutdownLeaderElection(121)) - omNode-3: shutdown omNode-3@group-523986131536-LeaderElection25
2021-10-05 12:33:18,496 [omNode-3@group-523986131536-LeaderElection25] INFO  impl.RoleInfo (RoleInfo.java:updateAndGet(130)) - omNode-3: start omNode-3@group-523986131536-FollowerState
2021-10-05 12:33:18,530 [omNode-1@group-523986131536-FollowerState] INFO  impl.FollowerState (FollowerState.java:run(134)) - omNode-1@group-523986131536-FollowerState: change to CANDIDATE, lastRpcElapsedTime:1068933461ns, electionTimeout:1060ms
2021-10-05 12:33:18,530 [omNode-1@group-523986131536-FollowerState] INFO  impl.RoleInfo (RoleInfo.java:shutdownFollowerState(108)) - omNode-1: shutdown omNode-1@group-523986131536-FollowerState
2021-10-05 12:33:18,530 [omNode-1@group-523986131536-FollowerState] INFO  server.RaftServer$Division (RaftServerImpl.java:setRole(285)) - omNode-1@group-523986131536: changes role from  FOLLOWER to CANDIDATE at term 8 for changeToCandidate
2021-10-05 12:33:18,530 [omNode-1@group-523986131536-FollowerState] INFO  server.RaftServerConfigKeys (ConfUtils.java:logGet(44)) - raft.server.leaderelection.pre-vote = false (custom)
2021-10-05 12:33:18,530 [omNode-1@group-523986131536-FollowerState] INFO  impl.RoleInfo (RoleInfo.java:updateAndGet(130)) - omNode-1: start omNode-1@group-523986131536-LeaderElection26
2021-10-05 12:33:18,533 [omNode-1@group-523986131536-LeaderElection26] INFO  impl.LeaderElection (LeaderElection.java:askForVotes(306)) - omNode-1@group-523986131536-LeaderElection26 ELECTION round 0: submit vote requests at term 9 for 20: [omNode-3|rpc:localhost:10616|admin:|client:|dataStream:|priority:0, omNode-1|rpc:localhost:10604|admin:|client:|dataStream:|priority:0, omNode-2|rpc:localhost:10610|admin:|client:|dataStream:|priority:0], old=null
2021-10-05 12:33:18,547 [grpc-default-executor-7] INFO  server.RaftServer$Division (RaftServerImpl.java:requestVote(1043)) - omNode-2@group-523986131536: receive requestVote(ELECTION, omNode-1, group-523986131536, 9, (t:2, i:17))
2021-10-05 12:33:18,547 [grpc-default-executor-8] INFO  server.RaftServer$Division (RaftServerImpl.java:requestVote(1043)) - omNode-3@group-523986131536: receive requestVote(ELECTION, omNode-1, group-523986131536, 9, (t:2, i:17))
2021-10-05 12:33:18,548 [grpc-default-executor-7] INFO  impl.VoteContext (VoteContext.java:log(48)) - omNode-2@group-523986131536-FOLLOWER: reject ELECTION from omNode-1: our last entry (t:4, i:23) > candidate's last entry (t:2, i:17)
2021-10-05 12:33:18,548 [grpc-default-executor-7] INFO  server.RaftServer$Division (RaftServerImpl.java:setRole(285)) - omNode-2@group-523986131536: changes role from  FOLLOWER to FOLLOWER at term 9 for candidate:omNode-1
2021-10-05 12:33:18,548 [grpc-default-executor-7] INFO  impl.RoleInfo (RoleInfo.java:shutdownFollowerState(108)) - omNode-2: shutdown omNode-2@group-523986131536-FollowerState
2021-10-05 12:33:18,548 [grpc-default-executor-7] INFO  impl.RoleInfo (RoleInfo.java:updateAndGet(130)) - omNode-2: start omNode-2@group-523986131536-FollowerState
2021-10-05 12:33:18,548 [grpc-default-executor-8] INFO  impl.VoteContext (VoteContext.java:log(48)) - omNode-3@group-523986131536-FOLLOWER: reject ELECTION from omNode-1: our last entry (t:4, i:23) > candidate's last entry (t:2, i:17)
2021-10-05 12:33:18,548 [grpc-default-executor-8] INFO  server.RaftServer$Division (RaftServerImpl.java:setRole(285)) - omNode-3@group-523986131536: changes role from  FOLLOWER to FOLLOWER at term 9 for candidate:omNode-1
2021-10-05 12:33:18,548 [grpc-default-executor-8] INFO  impl.RoleInfo (RoleInfo.java:shutdownFollowerState(108)) - omNode-3: shutdown omNode-3@group-523986131536-FollowerState
2021-10-05 12:33:18,548 [omNode-2@group-523986131536-FollowerState] INFO  impl.FollowerState (FollowerState.java:run(143)) - omNode-2@group-523986131536-FollowerState was interrupted: {}
java.lang.InterruptedException: sleep interrupted
	at java.lang.Thread.sleep(Native Method)
	at java.lang.Thread.sleep(Thread.java:340)
	at java.util.concurrent.TimeUnit.sleep(TimeUnit.java:386)
	at org.apache.ratis.util.TimeDuration.sleep(TimeDuration.java:324)
	at org.apache.ratis.util.TimeDuration.sleep(TimeDuration.java:309)
	at org.apache.ratis.server.impl.FollowerState.run(FollowerState.java:118)
2021-10-05 12:33:18,552 [grpc-default-executor-8] INFO  impl.RoleInfo (RoleInfo.java:updateAndGet(130)) - omNode-3: start omNode-3@group-523986131536-FollowerState
2021-10-05 12:33:18,552 [omNode-3@group-523986131536-FollowerState] INFO  impl.FollowerState (FollowerState.java:run(143)) - omNode-3@group-523986131536-FollowerState was interrupted: {}
java.lang.InterruptedException: sleep interrupted
	at java.lang.Thread.sleep(Native Method)
	at java.lang.Thread.sleep(Thread.java:340)
	at java.util.concurrent.TimeUnit.sleep(TimeUnit.java:386)
	at org.apache.ratis.util.TimeDuration.sleep(TimeDuration.java:324)
	at org.apache.ratis.util.TimeDuration.sleep(TimeDuration.java:309)
	at org.apache.ratis.server.impl.FollowerState.run(FollowerState.java:118)
2021-10-05 12:33:18,557 [grpc-default-executor-7] INFO  server.RaftServer$Division (RaftServerImpl.java:requestVote(1075)) - omNode-2@group-523986131536 replies to ELECTION vote request: omNode-1<-omNode-2#0:FAIL-t9. Peer's state: omNode-2@group-523986131536:t9, leader=null, voted=null, raftlog=omNode-2@group-523986131536-SegmentedRaftLog:OPENED:c23,f23,i23, conf=20: [omNode-3|rpc:localhost:10616|admin:|client:|dataStream:|priority:0, omNode-1|rpc:localhost:10604|admin:|client:|dataStream:|priority:0, omNode-2|rpc:localhost:10610|admin:|client:|dataStream:|priority:0], old=null
2021-10-05 12:33:18,558 [grpc-default-executor-8] INFO  server.RaftServer$Division (RaftServerImpl.java:requestVote(1075)) - omNode-3@group-523986131536 replies to ELECTION vote request: omNode-1<-omNode-3#0:FAIL-t9. Peer's state: omNode-3@group-523986131536:t9, leader=null, voted=null, raftlog=omNode-3@group-523986131536-SegmentedRaftLog:OPENED:c23,f23,i23, conf=20: [omNode-3|rpc:localhost:10616|admin:|client:|dataStream:|priority:0, omNode-1|rpc:localhost:10604|admin:|client:|dataStream:|priority:0, omNode-2|rpc:localhost:10610|admin:|client:|dataStream:|priority:0], old=null
2021-10-05 12:33:18,564 [omNode-1@group-523986131536-LeaderElection26] INFO  impl.LeaderElection (LeaderElection.java:logAndReturn(89)) - omNode-1@group-523986131536-LeaderElection26: ELECTION REJECTED received 2 response(s) and 0 exception(s):
2021-10-05 12:33:18,564 [omNode-1@group-523986131536-LeaderElection26] INFO  impl.LeaderElection (LeaderElection.java:logAndReturn(93)) -   Response 0: omNode-1<-omNode-3#0:FAIL-t9
2021-10-05 12:33:18,564 [omNode-1@group-523986131536-LeaderElection26] INFO  impl.LeaderElection (LeaderElection.java:logAndReturn(93)) -   Response 1: omNode-1<-omNode-2#0:FAIL-t9
2021-10-05 12:33:18,564 [omNode-1@group-523986131536-LeaderElection26] INFO  impl.LeaderElection (LeaderElection.java:askForVotes(308)) - omNode-1@group-523986131536-LeaderElection26 ELECTION round 0: result REJECTED
2021-10-05 12:33:18,564 [omNode-1@group-523986131536-LeaderElection26] INFO  server.RaftServer$Division (RaftServerImpl.java:setRole(285)) - omNode-1@group-523986131536: changes role from CANDIDATE to FOLLOWER at term 9 for REJECTED
2021-10-05 12:33:18,564 [omNode-1@group-523986131536-LeaderElection26] INFO  impl.RoleInfo (RoleInfo.java:shutdownLeaderElection(121)) - omNode-1: shutdown omNode-1@group-523986131536-LeaderElection26
2021-10-05 12:33:18,564 [omNode-1@group-523986131536-LeaderElection26] INFO  impl.RoleInfo (RoleInfo.java:updateAndGet(130)) - omNode-1: start omNode-1@group-523986131536-FollowerState
2021-10-05 12:33:19,588 [omNode-2@group-523986131536-FollowerState] INFO  impl.FollowerState (FollowerState.java:run(134)) - omNode-2@group-523986131536-FollowerState: change to CANDIDATE, lastRpcElapsedTime:1039969789ns, electionTimeout:1024ms
2021-10-05 12:33:19,588 [omNode-2@group-523986131536-FollowerState] INFO  impl.RoleInfo (RoleInfo.java:shutdownFollowerState(108)) - omNode-2: shutdown omNode-2@group-523986131536-FollowerState
2021-10-05 12:33:19,589 [omNode-2@group-523986131536-FollowerState] INFO  server.RaftServer$Division (RaftServerImpl.java:setRole(285)) - omNode-2@group-523986131536: changes role from  FOLLOWER to CANDIDATE at term 9 for changeToCandidate
2021-10-05 12:33:19,589 [omNode-2@group-523986131536-FollowerState] INFO  server.RaftServerConfigKeys (ConfUtils.java:logGet(44)) - raft.server.leaderelection.pre-vote = false (custom)
2021-10-05 12:33:19,589 [omNode-2@group-523986131536-FollowerState] INFO  impl.RoleInfo (RoleInfo.java:updateAndGet(130)) - omNode-2: start omNode-2@group-523986131536-LeaderElection27
2021-10-05 12:33:19,592 [omNode-2@group-523986131536-LeaderElection27] INFO  impl.LeaderElection (LeaderElection.java:askForVotes(306)) - omNode-2@group-523986131536-LeaderElection27 ELECTION round 0: submit vote requests at term 10 for 20: [omNode-3|rpc:localhost:10616|admin:|client:|dataStream:|priority:0, omNode-1|rpc:localhost:10604|admin:|client:|dataStream:|priority:0, omNode-2|rpc:localhost:10610|admin:|client:|dataStream:|priority:0], old=null
2021-10-05 12:33:19,603 [grpc-default-executor-7] INFO  server.RaftServer$Division (RaftServerImpl.java:requestVote(1043)) - omNode-1@group-523986131536: receive requestVote(ELECTION, omNode-2, group-523986131536, 10, (t:4, i:23))
2021-10-05 12:33:19,603 [grpc-default-executor-7] INFO  impl.VoteContext (VoteContext.java:log(48)) - omNode-1@group-523986131536-FOLLOWER: accept ELECTION from omNode-2: our last entry (t:2, i:17) < candidate's last entry (t:4, i:23)
2021-10-05 12:33:19,603 [grpc-default-executor-7] INFO  server.RaftServer$Division (RaftServerImpl.java:setRole(285)) - omNode-1@group-523986131536: changes role from  FOLLOWER to FOLLOWER at term 10 for candidate:omNode-2
2021-10-05 12:33:19,603 [grpc-default-executor-7] INFO  impl.RoleInfo (RoleInfo.java:shutdownFollowerState(108)) - omNode-1: shutdown omNode-1@group-523986131536-FollowerState
2021-10-05 12:33:19,603 [grpc-default-executor-7] INFO  impl.RoleInfo (RoleInfo.java:updateAndGet(130)) - omNode-1: start omNode-1@group-523986131536-FollowerState
2021-10-05 12:33:19,603 [omNode-1@group-523986131536-FollowerState] INFO  impl.FollowerState (FollowerState.java:run(143)) - omNode-1@group-523986131536-FollowerState was interrupted: {}
java.lang.InterruptedException: sleep interrupted
	at java.lang.Thread.sleep(Native Method)
	at java.lang.Thread.sleep(Thread.java:340)
	at java.util.concurrent.TimeUnit.sleep(TimeUnit.java:386)
	at org.apache.ratis.util.TimeDuration.sleep(TimeDuration.java:324)
	at org.apache.ratis.util.TimeDuration.sleep(TimeDuration.java:309)
	at org.apache.ratis.server.impl.FollowerState.run(FollowerState.java:118)
2021-10-05 12:33:19,603 [grpc-default-executor-8] INFO  server.RaftServer$Division (RaftServerImpl.java:requestVote(1043)) - omNode-3@group-523986131536: receive requestVote(ELECTION, omNode-2, group-523986131536, 10, (t:4, i:23))
2021-10-05 12:33:19,604 [grpc-default-executor-8] INFO  impl.VoteContext (VoteContext.java:log(48)) - omNode-3@group-523986131536-FOLLOWER: accept ELECTION from omNode-2: our priority 0 <= candidate's priority 0
2021-10-05 12:33:19,604 [grpc-default-executor-8] INFO  server.RaftServer$Division (RaftServerImpl.java:setRole(285)) - omNode-3@group-523986131536: changes role from  FOLLOWER to FOLLOWER at term 10 for candidate:omNode-2
2021-10-05 12:33:19,604 [grpc-default-executor-8] INFO  impl.RoleInfo (RoleInfo.java:shutdownFollowerState(108)) - omNode-3: shutdown omNode-3@group-523986131536-FollowerState
2021-10-05 12:33:19,604 [grpc-default-executor-8] INFO  impl.RoleInfo (RoleInfo.java:updateAndGet(130)) - omNode-3: start omNode-3@group-523986131536-FollowerState
2021-10-05 12:33:19,604 [omNode-3@group-523986131536-FollowerState] INFO  impl.FollowerState (FollowerState.java:run(143)) - omNode-3@group-523986131536-FollowerState was interrupted: {}
java.lang.InterruptedException: sleep interrupted
	at java.lang.Thread.sleep(Native Method)
	at java.lang.Thread.sleep(Thread.java:340)
	at java.util.concurrent.TimeUnit.sleep(TimeUnit.java:386)
	at org.apache.ratis.util.TimeDuration.sleep(TimeDuration.java:324)
	at org.apache.ratis.util.TimeDuration.sleep(TimeDuration.java:309)
	at org.apache.ratis.server.impl.FollowerState.run(FollowerState.java:118)
2021-10-05 12:33:19,614 [grpc-default-executor-7] INFO  server.RaftServer$Division (RaftServerImpl.java:requestVote(1075)) - omNode-1@group-523986131536 replies to ELECTION vote request: omNode-2<-omNode-1#0:OK-t10. Peer's state: omNode-1@group-523986131536:t10, leader=null, voted=omNode-2, raftlog=omNode-1@group-523986131536-SegmentedRaftLog:OPENED:c17,f17,i0, conf=20: [omNode-3|rpc:localhost:10616|admin:|client:|dataStream:|priority:0, omNode-1|rpc:localhost:10604|admin:|client:|dataStream:|priority:0, omNode-2|rpc:localhost:10610|admin:|client:|dataStream:|priority:0], old=null
2021-10-05 12:33:19,615 [grpc-default-executor-8] INFO  server.RaftServer$Division (RaftServerImpl.java:requestVote(1075)) - omNode-3@group-523986131536 replies to ELECTION vote request: omNode-2<-omNode-3#0:OK-t10. Peer's state: omNode-3@group-523986131536:t10, leader=null, voted=omNode-2, raftlog=omNode-3@group-523986131536-SegmentedRaftLog:OPENED:c23,f23,i23, conf=20: [omNode-3|rpc:localhost:10616|admin:|client:|dataStream:|priority:0, omNode-1|rpc:localhost:10604|admin:|client:|dataStream:|priority:0, omNode-2|rpc:localhost:10610|admin:|client:|dataStream:|priority:0], old=null
2021-10-05 12:33:19,617 [omNode-2@group-523986131536-LeaderElection27] INFO  impl.LeaderElection (LeaderElection.java:logAndReturn(89)) - omNode-2@group-523986131536-LeaderElection27: ELECTION PASSED received 1 response(s) and 0 exception(s):
2021-10-05 12:33:19,617 [omNode-2@group-523986131536-LeaderElection27] INFO  impl.LeaderElection (LeaderElection.java:logAndReturn(93)) -   Response 0: omNode-2<-omNode-1#0:OK-t10
2021-10-05 12:33:19,617 [omNode-2@group-523986131536-LeaderElection27] INFO  impl.LeaderElection (LeaderElection.java:askForVotes(308)) - omNode-2@group-523986131536-LeaderElection27 ELECTION round 0: result PASSED
2021-10-05 12:33:19,617 [omNode-2@group-523986131536-LeaderElection27] INFO  impl.RoleInfo (RoleInfo.java:shutdownLeaderElection(121)) - omNode-2: shutdown omNode-2@group-523986131536-LeaderElection27
2021-10-05 12:33:19,617 [omNode-2@group-523986131536-LeaderElection27] INFO  server.RaftServer$Division (RaftServerImpl.java:setRole(285)) - omNode-2@group-523986131536: changes role from CANDIDATE to LEADER at term 10 for changeToLeader
2021-10-05 12:33:19,618 [omNode-2@group-523986131536-LeaderElection27] INFO  server.RaftServer$Division (ServerState.java:setLeader(285)) - omNode-2@group-523986131536: change Leader from null to omNode-2 at term 10 for becomeLeader, leader elected after 2065ms
2021-10-05 12:33:19,618 [omNode-2@group-523986131536-LeaderElection27] INFO  server.RaftServerConfigKeys (ConfUtils.java:logGet(44)) - raft.server.staging.catchup.gap = 1000 (default)
2021-10-05 12:33:19,618 [omNode-2@group-523986131536-LeaderElection27] INFO  server.RaftServerConfigKeys (ConfUtils.java:logGet(44)) - raft.server.write.element-limit = 4096 (default)
2021-10-05 12:33:19,618 [omNode-2@group-523986131536-LeaderElection27] INFO  server.RaftServerConfigKeys (ConfUtils.java:logGet(44)) - raft.server.write.byte-limit = 64MB (=67108864) (default)
2021-10-05 12:33:19,618 [omNode-2@group-523986131536-LeaderElection27] INFO  server.RaftServerConfigKeys (ConfUtils.java:logGet(44)) - raft.server.watch.timeout = 10s (default)
2021-10-05 12:33:19,618 [omNode-2@group-523986131536-LeaderElection27] INFO  server.RaftServerConfigKeys (ConfUtils.java:logGet(44)) - raft.server.watch.timeout.denomination = 1s (default)
2021-10-05 12:33:19,618 [omNode-2@group-523986131536-LeaderElection27] INFO  server.RaftServerConfigKeys (ConfUtils.java:logGet(44)) - raft.server.watch.element-limit = 65536 (default)
2021-10-05 12:33:19,618 [omNode-2@group-523986131536-LeaderElection27] INFO  server.RaftServerConfigKeys (ConfUtils.java:logGet(44)) - raft.server.log.appender.snapshot.chunk.size.max = 16MB (=16777216) (default)
2021-10-05 12:33:19,619 [omNode-2@group-523986131536-LeaderElection27] INFO  server.RaftServerConfigKeys (ConfUtils.java:logGet(44)) - raft.server.log.appender.buffer.byte-limit = 33554432 (custom)
2021-10-05 12:33:19,619 [omNode-2@group-523986131536-LeaderElection27] INFO  server.RaftServerConfigKeys (ConfUtils.java:logGet(44)) - raft.server.log.appender.buffer.element-limit = 1024 (custom)
2021-10-05 12:33:19,619 [omNode-2@group-523986131536-LeaderElection27] INFO  grpc.GrpcConfigKeys (ConfUtils.java:logGet(44)) - raft.grpc.server.leader.outstanding.appends.max = 128 (default)
2021-10-05 12:33:19,619 [omNode-2@group-523986131536-LeaderElection27] INFO  server.RaftServerConfigKeys (ConfUtils.java:logGet(44)) - raft.server.rpc.request.timeout = 3000ms (default)
2021-10-05 12:33:19,619 [omNode-2@group-523986131536-LeaderElection27] INFO  server.RaftServerConfigKeys (ConfUtils.java:logGet(44)) - raft.server.log.appender.install.snapshot.enabled = false (custom)
2021-10-05 12:33:19,620 [omNode-2@group-523986131536-LeaderElection27] INFO  server.RaftServerConfigKeys (ConfUtils.java:logGet(44)) - raft.server.log.appender.snapshot.chunk.size.max = 16MB (=16777216) (default)
2021-10-05 12:33:19,620 [omNode-2@group-523986131536-LeaderElection27] INFO  server.RaftServerConfigKeys (ConfUtils.java:logGet(44)) - raft.server.log.appender.buffer.byte-limit = 33554432 (custom)
2021-10-05 12:33:19,620 [omNode-2@group-523986131536-LeaderElection27] INFO  server.RaftServerConfigKeys (ConfUtils.java:logGet(44)) - raft.server.log.appender.buffer.element-limit = 1024 (custom)
2021-10-05 12:33:19,620 [omNode-2@group-523986131536-LeaderElection27] INFO  grpc.GrpcConfigKeys (ConfUtils.java:logGet(44)) - raft.grpc.server.leader.outstanding.appends.max = 128 (default)
2021-10-05 12:33:19,620 [omNode-2@group-523986131536-LeaderElection27] INFO  server.RaftServerConfigKeys (ConfUtils.java:logGet(44)) - raft.server.rpc.request.timeout = 3000ms (default)
2021-10-05 12:33:19,620 [omNode-2@group-523986131536-LeaderElection27] INFO  server.RaftServerConfigKeys (ConfUtils.java:logGet(44)) - raft.server.log.appender.install.snapshot.enabled = false (custom)
2021-10-05 12:33:19,621 [omNode-2@group-523986131536-LeaderElection27] INFO  impl.RoleInfo (RoleInfo.java:updateAndGet(130)) - omNode-2: start omNode-2@group-523986131536-LeaderStateImpl
2021-10-05 12:33:19,621 [omNode-2@group-523986131536-LeaderElection27] INFO  segmented.SegmentedRaftLogWorker (SegmentedRaftLogWorker.java:rollLogSegment(399)) - omNode-2@group-523986131536-SegmentedRaftLogWorker: Rolling segment log-20_23 to index:23
2021-10-05 12:33:19,631 [omNode-2@group-523986131536-SegmentedRaftLogWorker] INFO  segmented.SegmentedRaftLogWorker (SegmentedRaftLogWorker.java:execute(558)) - omNode-2@group-523986131536-SegmentedRaftLogWorker: Rolled log segment from /home/runner/work/ozone/ozone/hadoop-ozone/integration-test/target/test-dir/MiniOzoneClusterImpl-37ac24e5-edd8-4d0c-a990-01310c91afa3/omNode-2/ratis/c9bc4cf4-3bc3-3c60-a66b-523986131536/current/log_inprogress_20 to /home/runner/work/ozone/ozone/hadoop-ozone/integration-test/target/test-dir/MiniOzoneClusterImpl-37ac24e5-edd8-4d0c-a990-01310c91afa3/omNode-2/ratis/c9bc4cf4-3bc3-3c60-a66b-523986131536/current/log_20-23
2021-10-05 12:33:19,637 [omNode-2@group-523986131536-LeaderElection27] INFO  server.RaftServer$Division (ServerState.java:setRaftConf(387)) - omNode-2@group-523986131536: set configuration 24: [omNode-3|rpc:localhost:10616|admin:|client:|dataStream:|priority:0, omNode-1|rpc:localhost:10604|admin:|client:|dataStream:|priority:0, omNode-2|rpc:localhost:10610|admin:|client:|dataStream:|priority:0], old=null
2021-10-05 12:33:19,637 [Time-limited test] INFO  retry.RetryInvocationHandler (RetryInvocationHandler.java:log(411)) - com.google.protobuf.ServiceException: org.apache.hadoop.ipc.RemoteException(org.apache.hadoop.ozone.om.exceptions.OMNotLeaderException): OM:omNode-1 is not the leader. Could not determine the leader node.
	at org.apache.hadoop.ozone.om.ratis.utils.OzoneManagerRatisUtils.createNotLeaderException(OzoneManagerRatisUtils.java:465)
	at org.apache.hadoop.ozone.om.ratis.utils.OzoneManagerRatisUtils.checkLeaderStatus(OzoneManagerRatisUtils.java:451)
	at org.apache.hadoop.ozone.protocolPB.OzoneManagerProtocolServerSideTranslatorPB.checkLeaderStatus(OzoneManagerProtocolServerSideTranslatorPB.java:242)
	at org.apache.hadoop.ozone.protocolPB.OzoneManagerProtocolServerSideTranslatorPB.processRequest(OzoneManagerProtocolServerSideTranslatorPB.java:135)
	at org.apache.hadoop.hdds.server.OzoneProtocolMessageDispatcher.processRequest(OzoneProtocolMessageDispatcher.java:87)
	at org.apache.hadoop.ozone.protocolPB.OzoneManagerProtocolServerSideTranslatorPB.submitRequest(OzoneManagerProtocolServerSideTranslatorPB.java:123)
	at org.apache.hadoop.ozone.protocol.proto.OzoneManagerProtocolProtos$OzoneManagerService$2.callBlockingMethod(OzoneManagerProtocolProtos.java)
	at org.apache.hadoop.ipc.ProtobufRpcEngine$Server.processCall(ProtobufRpcEngine.java:466)
	at org.apache.hadoop.ipc.ProtobufRpcEngine2$Server$ProtoBufRpcInvoker.call(ProtobufRpcEngine2.java:574)
	at org.apache.hadoop.ipc.ProtobufRpcEngine2$Server$ProtoBufRpcInvoker.call(ProtobufRpcEngine2.java:552)
	at org.apache.hadoop.ipc.RPC$Server.call(RPC.java:1093)
	at org.apache.hadoop.ipc.Server$RpcCall.run(Server.java:1035)
	at org.apache.hadoop.ipc.Server$RpcCall.run(Server.java:963)
	at java.security.AccessController.doPrivileged(Native Method)
	at javax.security.auth.Subject.doAs(Subject.java:422)
	at org.apache.hadoop.security.UserGroupInformation.doAs(UserGroupInformation.java:1878)
	at org.apache.hadoop.ipc.Server$Handler.run(Server.java:2966)
, while invoking $Proxy52.submitRequest over nodeId=omNode-1,nodeAddress=127.0.0.1:10600 after 2 failover attempts. Trying to failover immediately.
2021-10-05 12:33:19,638 [grpc-default-executor-7] INFO  server.RaftServer$Division (ServerState.java:setLeader(285)) - omNode-3@group-523986131536: change Leader from null to omNode-2 at term 10 for appendEntries, leader elected after 2357ms
2021-10-05 12:33:19,639 [Time-limited test] INFO  retry.RetryInvocationHandler (RetryInvocationHandler.java:log(411)) - com.google.protobuf.ServiceException: java.io.EOFException: End of File Exception between local host is: "fv-az270-324/10.1.0.10"; destination host is: "localhost":10606; : java.io.EOFException; For more details see:  http://wiki.apache.org/hadoop/EOFException, while invoking $Proxy52.submitRequest over nodeId=omNode-2,nodeAddress=127.0.0.1:10606 after 3 failover attempts. Trying to failover immediately.
2021-10-05 12:33:19,640 [grpc-default-executor-7] INFO  server.RaftServer$Division (ServerState.java:setRaftConf(387)) - omNode-3@group-523986131536: set configuration 24: [omNode-3|rpc:localhost:10616|admin:|client:|dataStream:|priority:0, omNode-1|rpc:localhost:10604|admin:|client:|dataStream:|priority:0, omNode-2|rpc:localhost:10610|admin:|client:|dataStream:|priority:0], old=null
2021-10-05 12:33:19,644 [omNode-2@group-523986131536-SegmentedRaftLogWorker] INFO  segmented.SegmentedRaftLogWorker (SegmentedRaftLogWorker.java:execute(601)) - omNode-2@group-523986131536-SegmentedRaftLogWorker: created new log segment /home/runner/work/ozone/ozone/hadoop-ozone/integration-test/target/test-dir/MiniOzoneClusterImpl-37ac24e5-edd8-4d0c-a990-01310c91afa3/omNode-2/ratis/c9bc4cf4-3bc3-3c60-a66b-523986131536/current/log_inprogress_24
2021-10-05 12:33:19,647 [Time-limited test] INFO  retry.RetryInvocationHandler (RetryInvocationHandler.java:log(411)) - com.google.protobuf.ServiceException: org.apache.hadoop.ipc.RemoteException(org.apache.hadoop.ozone.om.exceptions.OMNotLeaderException): OM:omNode-3 is not the leader. Could not determine the leader node.
	at org.apache.hadoop.ozone.om.ratis.utils.OzoneManagerRatisUtils.createNotLeaderException(OzoneManagerRatisUtils.java:465)
	at org.apache.hadoop.ozone.om.ratis.utils.OzoneManagerRatisUtils.checkLeaderStatus(OzoneManagerRatisUtils.java:451)
	at org.apache.hadoop.ozone.protocolPB.OzoneManagerProtocolServerSideTranslatorPB.checkLeaderStatus(OzoneManagerProtocolServerSideTranslatorPB.java:242)
	at org.apache.hadoop.ozone.protocolPB.OzoneManagerProtocolServerSideTranslatorPB.processRequest(OzoneManagerProtocolServerSideTranslatorPB.java:135)
	at org.apache.hadoop.hdds.server.OzoneProtocolMessageDispatcher.processRequest(OzoneProtocolMessageDispatcher.java:87)
	at org.apache.hadoop.ozone.protocolPB.OzoneManagerProtocolServerSideTranslatorPB.submitRequest(OzoneManagerProtocolServerSideTranslatorPB.java:123)
	at org.apache.hadoop.ozone.protocol.proto.OzoneManagerProtocolProtos$OzoneManagerService$2.callBlockingMethod(OzoneManagerProtocolProtos.java)
	at org.apache.hadoop.ipc.ProtobufRpcEngine$Server.processCall(ProtobufRpcEngine.java:466)
	at org.apache.hadoop.ipc.ProtobufRpcEngine2$Server$ProtoBufRpcInvoker.call(ProtobufRpcEngine2.java:574)
	at org.apache.hadoop.ipc.ProtobufRpcEngine2$Server$ProtoBufRpcInvoker.call(ProtobufRpcEngine2.java:552)
	at org.apache.hadoop.ipc.RPC$Server.call(RPC.java:1093)
	at org.apache.hadoop.ipc.Server$RpcCall.run(Server.java:1035)
	at org.apache.hadoop.ipc.Server$RpcCall.run(Server.java:963)
	at java.security.AccessController.doPrivileged(Native Method)
	at javax.security.auth.Subject.doAs(Subject.java:422)
	at org.apache.hadoop.security.UserGroupInformation.doAs(UserGroupInformation.java:1878)
	at org.apache.hadoop.ipc.Server$Handler.run(Server.java:2966)
, while invoking $Proxy52.submitRequest over nodeId=omNode-3,nodeAddress=127.0.0.1:10612 after 4 failover attempts. Trying to failover after sleeping for 2000ms.
2021-10-05 12:33:19,648 [grpc-default-executor-7] INFO  segmented.SegmentedRaftLogWorker (SegmentedRaftLogWorker.java:rollLogSegment(399)) - omNode-3@group-523986131536-SegmentedRaftLogWorker: Rolling segment log-20_23 to index:23
2021-10-05 12:33:19,649 [grpc-default-executor-8] INFO  server.RaftServer$Division (ServerState.java:setLeader(285)) - omNode-1@group-523986131536: change Leader from null to omNode-2 at term 10 for appendEntries, leader elected after 2195ms
2021-10-05 12:33:19,650 [grpc-default-executor-8] INFO  server.RaftServer$Division (RaftServerImpl.java:checkInconsistentAppendEntries(1319)) - omNode-1@group-523986131536: Failed appendEntries as previous log entry ((t:4, i:23)) is not found
2021-10-05 12:33:19,650 [grpc-default-executor-8] INFO  server.RaftServer$Division (RaftServerImpl.java:checkInconsistentAppendEntries(1285)) - omNode-1@group-523986131536: inconsistency entries. Reply:omNode-2<-omNode-1#0:FAIL-t10,INCONSISTENCY,nextIndex=18,followerCommit=17
2021-10-05 12:33:19,651 [omNode-3@group-523986131536-SegmentedRaftLogWorker] INFO  segmented.SegmentedRaftLogWorker (SegmentedRaftLogWorker.java:execute(558)) - omNode-3@group-523986131536-SegmentedRaftLogWorker: Rolled log segment from /home/runner/work/ozone/ozone/hadoop-ozone/integration-test/target/test-dir/MiniOzoneClusterImpl-37ac24e5-edd8-4d0c-a990-01310c91afa3/omNode-3/ratis/c9bc4cf4-3bc3-3c60-a66b-523986131536/current/log_inprogress_20 to /home/runner/work/ozone/ozone/hadoop-ozone/integration-test/target/test-dir/MiniOzoneClusterImpl-37ac24e5-edd8-4d0c-a990-01310c91afa3/omNode-3/ratis/c9bc4cf4-3bc3-3c60-a66b-523986131536/current/log_20-23
2021-10-05 12:33:19,655 [grpc-default-executor-7] INFO  leader.FollowerInfo (FollowerInfoImpl.java:lambda$new$0(46)) - omNode-2@group-523986131536->omNode-1: nextIndex: updateUnconditionally 25 -> 18
2021-10-05 12:33:19,655 [omNode-2@group-523986131536->omNode-1-GrpcLogAppender-LogAppenderDaemon] ERROR leader.LogAppenderDaemon (LogAppenderDaemon.java:run(86)) - omNode-2@group-523986131536->omNode-1-GrpcLogAppender-LogAppenderDaemon failed
java.lang.NullPointerException: omNode-2@group-523986131536->omNode-1: Previous TermIndex not found for firstIndex = 18
	at java.util.Objects.requireNonNull(Objects.java:290)
	at org.apache.ratis.server.leader.LogAppenderBase.assertProtos(LogAppenderBase.java:169)
	at org.apache.ratis.server.leader.LogAppenderBase.newAppendEntriesRequest(LogAppenderBase.java:154)
	at org.apache.ratis.grpc.server.GrpcLogAppender.appendLog(GrpcLogAppender.java:211)
	at org.apache.ratis.grpc.server.GrpcLogAppender.run(GrpcLogAppender.java:145)
	at org.apache.ratis.server.leader.LogAppenderDaemon.run(LogAppenderDaemon.java:77)
	at java.lang.Thread.run(Thread.java:748)
2021-10-05 12:33:19,656 [omNode-2@group-523986131536->omNode-1-GrpcLogAppender-LogAppenderDaemon] INFO  server.RaftServer$Division (LeaderStateImpl.java:restart(501)) - omNode-2@group-523986131536-LeaderStateImpl: Restarting GrpcLogAppender for omNode-2@group-523986131536->omNode-1
2021-10-05 12:33:19,656 [omNode-2@group-523986131536->omNode-1-GrpcLogAppender-LogAppenderDaemon] INFO  server.RaftServerConfigKeys (ConfUtils.java:logGet(44)) - raft.server.log.appender.snapshot.chunk.size.max = 16MB (=16777216) (default)
2021-10-05 12:33:19,656 [omNode-2@group-523986131536->omNode-1-GrpcLogAppender-LogAppenderDaemon] INFO  server.RaftServerConfigKeys (ConfUtils.java:logGet(44)) - raft.server.log.appender.buffer.byte-limit = 33554432 (custom)
2021-10-05 12:33:19,656 [omNode-2@group-523986131536->omNode-1-GrpcLogAppender-LogAppenderDaemon] INFO  server.RaftServerConfigKeys (ConfUtils.java:logGet(44)) - raft.server.log.appender.buffer.element-limit = 1024 (custom)
2021-10-05 12:33:19,656 [omNode-2@group-523986131536->omNode-1-GrpcLogAppender-LogAppenderDaemon] INFO  grpc.GrpcConfigKeys (ConfUtils.java:logGet(44)) - raft.grpc.server.leader.outstanding.appends.max = 128 (default)
2021-10-05 12:33:19,657 [grpc-default-executor-8] INFO  server.RaftServer$Division (RaftServerImpl.java:checkInconsistentAppendEntries(1319)) - omNode-1@group-523986131536: Failed appendEntries as previous log entry ((t:4, i:23)) is not found
2021-10-05 12:33:19,657 [grpc-default-executor-8] INFO  server.RaftServer$Division (RaftServerImpl.java:checkInconsistentAppendEntries(1285)) - omNode-1@group-523986131536: inconsistency entries. Reply:omNode-2<-omNode-1#1:FAIL-t10,INCONSISTENCY,nextIndex=18,followerCommit=17
2021-10-05 12:33:19,657 [omNode-2@group-523986131536->omNode-1-GrpcLogAppender-LogAppenderDaemon] INFO  server.RaftServerConfigKeys (ConfUtils.java:logGet(44)) - raft.server.rpc.request.timeout = 3000ms (default)
2021-10-05 12:33:19,657 [omNode-2@group-523986131536->omNode-1-GrpcLogAppender-LogAppenderDaemon] INFO  server.RaftServerConfigKeys (ConfUtils.java:logGet(44)) - raft.server.log.appender.install.snapshot.enabled = false (custom)
2021-10-05 12:33:19,659 [grpc-default-executor-8] INFO  leader.FollowerInfo (FollowerInfoImpl.java:lambda$new$0(46)) - omNode-2@group-523986131536->omNode-1: nextIndex: updateUnconditionally 18 -> 18
2021-10-05 12:33:19,665 [omNode-3@group-523986131536-SegmentedRaftLogWorker] INFO  segmented.SegmentedRaftLogWorker (SegmentedRaftLogWorker.java:execute(601)) - omNode-3@group-523986131536-SegmentedRaftLogWorker: created new log segment /home/runner/work/ozone/ozone/hadoop-ozone/integration-test/target/test-dir/MiniOzoneClusterImpl-37ac24e5-edd8-4d0c-a990-01310c91afa3/omNode-3/ratis/c9bc4cf4-3bc3-3c60-a66b-523986131536/current/log_inprogress_24
2021-10-05 12:33:19,666 [omNode-2@group-523986131536->omNode-1-GrpcLogAppender-LogAppenderDaemon] INFO  server.GrpcLogAppender (GrpcLogAppender.java:installSnapshot(524)) - omNode-2@group-523986131536->omNode-1-GrpcLogAppender: followerNextIndex = 0 but logStartIndex = 18, notify follower to install snapshot-(t:3, i:18)
2021-10-05 12:33:19,666 [omNode-2@group-523986131536->omNode-1-GrpcLogAppender-LogAppenderDaemon] INFO  server.GrpcLogAppender (GrpcLogAppender.java:installSnapshot(532)) - omNode-2@group-523986131536->omNode-1-GrpcLogAppender: send omNode-2->omNode-1#0-t10,notify:(t:3, i:18)
2021-10-05 12:33:19,668 [grpc-default-executor-8] INFO  server.RaftServer$Division (RaftServerImpl.java:installSnapshot(1329)) - omNode-1@group-523986131536: receive installSnapshot: omNode-2->omNode-1#0-t10,notify:(t:3, i:18)
2021-10-05 12:33:19,668 [grpc-default-executor-8] INFO  server.RaftServer$Division (RaftServerImpl.java:notifyStateMachineToInstallSnapshot(1560)) - omNode-1@group-523986131536: StateMachine snapshotIndex is 17
2021-10-05 12:33:19,669 [grpc-default-executor-8] INFO  server.RaftServer$Division (RaftServerImpl.java:installSnapshotImpl(1459)) - omNode-1@group-523986131536: set new configuration index: 24
configurationEntry {
  peers {
    id: "omNode-3"
    address: "localhost:10616"
  }
  peers {
    id: "omNode-1"
    address: "localhost:10604"
  }
  peers {
    id: "omNode-2"
    address: "localhost:10610"
  }
}
 from snapshot
2021-10-05 12:33:19,671 [grpc-default-executor-8] INFO  server.RaftServer$Division (ServerState.java:setRaftConf(387)) - omNode-1@group-523986131536: set configuration 24: [omNode-3|rpc:localhost:10616|admin:|client:|dataStream:|priority:0, omNode-1|rpc:localhost:10604|admin:|client:|dataStream:|priority:0, omNode-2|rpc:localhost:10610|admin:|client:|dataStream:|priority:0], old=null
2021-10-05 12:33:19,672 [grpc-default-executor-8] INFO  ratis.OzoneManagerStateMachine (OzoneManagerStateMachine.java:notifyConfigurationChanged(188)) - Received Configuration change notification from Ratis. New Peer list:
[id: "omNode-3"
address: "localhost:10616"
, id: "omNode-1"
address: "localhost:10604"
, id: "omNode-2"
address: "localhost:10610"
]
2021-10-05 12:33:19,672 [grpc-default-executor-8] INFO  server.RaftServer$Division (RaftServerImpl.java:installSnapshot(1340)) - omNode-1@group-523986131536: reply installSnapshot: omNode-2<-omNode-1#0:FAIL-t10,ALREADY_INSTALLED,snapshotIndex=17
2021-10-05 12:33:19,672 [grpc-default-executor-1] INFO  server.GrpcLogAppender (GrpcLogAppender.java:onNext(400)) - omNode-2@group-523986131536->omNode-1-InstallSnapshotResponseHandler: received the first reply omNode-2<-omNode-1#0:FAIL-t10,ALREADY_INSTALLED,snapshotIndex=17
2021-10-05 12:33:19,673 [grpc-default-executor-1] INFO  server.GrpcLogAppender (GrpcLogAppender.java:onNext(422)) - omNode-2@group-523986131536->omNode-1-InstallSnapshotResponseHandler: Already Installed Snapshot Index 17.
2021-10-05 12:33:19,673 [grpc-default-executor-1] INFO  leader.FollowerInfo (FollowerInfoImpl.java:lambda$new$0(46)) - omNode-2@group-523986131536->omNode-1: snapshotIndex: setUnconditionally 0 -> 17
2021-10-05 12:33:19,673 [grpc-default-executor-1] INFO  leader.FollowerInfo (FollowerInfoImpl.java:lambda$new$0(46)) - omNode-2@group-523986131536->omNode-1: matchIndex: setUnconditionally 0 -> 17
2021-10-05 12:33:19,673 [grpc-default-executor-1] INFO  leader.FollowerInfo (FollowerInfoImpl.java:lambda$new$0(46)) - omNode-2@group-523986131536->omNode-1: nextIndex: setUnconditionally 0 -> 18
2021-10-05 12:33:19,673 [grpc-default-executor-1] INFO  leader.FollowerInfo (FollowerInfoImpl.java:lambda$new$0(46)) - omNode-2@group-523986131536->omNode-1: nextIndex: updateToMax old=18, new=18, updated? false
2021-10-05 12:33:19,673 [omNode-2@group-523986131536-StateMachineUpdater] INFO  ratis.OzoneManagerStateMachine (OzoneManagerStateMachine.java:notifyConfigurationChanged(188)) - Received Configuration change notification from Ratis. New Peer list:
[id: "omNode-3"
address: "localhost:10616"
, id: "omNode-1"
address: "localhost:10604"
, id: "omNode-2"
address: "localhost:10610"
]
2021-10-05 12:33:19,673 [grpc-default-executor-8] INFO  server.GrpcServerProtocolService (GrpcServerProtocolService.java:onCompleted(140)) - omNode-1: Completed INSTALL_SNAPSHOT, lastRequest: omNode-2->omNode-1#0-t10,notify:(t:3, i:18)
2021-10-05 12:33:19,682 [omNode-3@group-523986131536-StateMachineUpdater] INFO  ratis.OzoneManagerStateMachine (OzoneManagerStateMachine.java:notifyConfigurationChanged(188)) - Received Configuration change notification from Ratis. New Peer list:
[id: "omNode-3"
address: "localhost:10616"
, id: "omNode-1"
address: "localhost:10604"
, id: "omNode-2"
address: "localhost:10610"
]
2021-10-05 12:33:20,183 [grpc-default-executor-1] INFO  server.RaftServer$Division (RaftServerImpl.java:checkInconsistentAppendEntries(1319)) - omNode-1@group-523986131536: Failed appendEntries as previous log entry ((t:10, i:25)) is not found
2021-10-05 12:33:20,183 [grpc-default-executor-1] INFO  server.RaftServer$Division (RaftServerImpl.java:checkInconsistentAppendEntries(1285)) - omNode-1@group-523986131536: inconsistency entries. Reply:omNode-2<-omNode-1#54:FAIL-t10,INCONSISTENCY,nextIndex=18,followerCommit=17
2021-10-05 12:33:20,185 [grpc-default-executor-1] INFO  leader.FollowerInfo (FollowerInfoImpl.java:lambda$new$0(46)) - omNode-2@group-523986131536->omNode-1: nextIndex: updateUnconditionally 26 -> 18
2021-10-05 12:33:20,688 [grpc-default-executor-1] INFO  server.RaftServer$Division (RaftServerImpl.java:checkInconsistentAppendEntries(1319)) - omNode-1@group-523986131536: Failed appendEntries as previous log entry ((t:10, i:25)) is not found
2021-10-05 12:33:20,688 [grpc-default-executor-1] INFO  server.RaftServer$Division (RaftServerImpl.java:checkInconsistentAppendEntries(1285)) - omNode-1@group-523986131536: inconsistency entries. Reply:omNode-2<-omNode-1#106:FAIL-t10,INCONSISTENCY,nextIndex=18,followerCommit=17
2021-10-05 12:33:20,689 [grpc-default-executor-1] INFO  leader.FollowerInfo (FollowerInfoImpl.java:lambda$new$0(46)) - omNode-2@group-523986131536->omNode-1: nextIndex: updateUnconditionally 26 -> 18
2021-10-05 12:33:21,190 [grpc-default-executor-1] INFO  server.RaftServer$Division (RaftServerImpl.java:checkInconsistentAppendEntries(1319)) - omNode-1@group-523986131536: Failed appendEntries as previous log entry ((t:10, i:25)) is not found
2021-10-05 12:33:21,190 [grpc-default-executor-1] INFO  server.RaftServer$Division (RaftServerImpl.java:checkInconsistentAppendEntries(1285)) - omNode-1@group-523986131536: inconsistency entries. Reply:omNode-2<-omNode-1#157:FAIL-t10,INCONSISTENCY,nextIndex=18,followerCommit=17
2021-10-05 12:33:21,191 [grpc-default-executor-8] INFO  leader.FollowerInfo (FollowerInfoImpl.java:lambda$new$0(46)) - omNode-2@group-523986131536->omNode-1: nextIndex: updateUnconditionally 26 -> 18
2021-10-05 12:33:21,651 [Time-limited test] ERROR ha.OMFailoverProxyProvider (OMFailoverProxyProvider.java:getRetryAction(292)) - Failed to connect to OMs: [nodeId=omNode-3,nodeAddress=127.0.0.1:10612, nodeId=omNode-1,nodeAddress=127.0.0.1:10600, nodeId=omNode-2,nodeAddress=127.0.0.1:10606]. Attempted 5 failovers.
2021-10-05 12:33:21,651 [Time-limited test] INFO  om.OzoneManager (OzoneManager.java:stop(1644)) - Stopping Ozone Manager
2021-10-05 12:33:21,651 [Time-limited test] INFO  ipc.Server (Server.java:stop(3414)) - Stopping server on 10612
2021-10-05 12:33:21,654 [IPC Server Responder] INFO  ipc.Server (Server.java:run(1512)) - Stopping IPC Server Responder
2021-10-05 12:33:21,654 [IPC Server listener on 10612] INFO  ipc.Server (Server.java:run(1376)) - Stopping IPC Server listener on 10612
2021-10-05 12:33:21,656 [Time-limited test] INFO  server.RaftServer (RaftServerProxy.java:lambda$close$6(391)) - omNode-3: close
2021-10-05 12:33:21,656 [Time-limited test] INFO  server.RaftServer$Division (RaftServerImpl.java:lambda$close$4(407)) - omNode-3@group-523986131536: shutdown
2021-10-05 12:33:21,656 [Time-limited test] INFO  util.JmxRegister (JmxRegister.java:unregister(73)) - Successfully un-registered JMX Bean with object name Ratis:service=RaftServer,group=group-523986131536,id=omNode-3
2021-10-05 12:33:21,656 [Time-limited test] INFO  impl.RoleInfo (RoleInfo.java:shutdownFollowerState(108)) - omNode-3: shutdown omNode-3@group-523986131536-FollowerState
2021-10-05 12:33:21,656 [Time-limited test] INFO  impl.StateMachineUpdater (StateMachineUpdater.java:stopAndJoin(149)) - omNode-3@group-523986131536-StateMachineUpdater: set stopIndex = 25
2021-10-05 12:33:21,656 [omNode-3@group-523986131536-FollowerState] INFO  impl.FollowerState (FollowerState.java:run(143)) - omNode-3@group-523986131536-FollowerState was interrupted: {}
java.lang.InterruptedException: sleep interrupted
	at java.lang.Thread.sleep(Native Method)
	at java.lang.Thread.sleep(Thread.java:340)
	at java.util.concurrent.TimeUnit.sleep(TimeUnit.java:386)
	at org.apache.ratis.util.TimeDuration.sleep(TimeDuration.java:324)
	at org.apache.ratis.util.TimeDuration.sleep(TimeDuration.java:309)
	at org.apache.ratis.server.impl.FollowerState.run(FollowerState.java:118)
2021-10-05 12:33:21,657 [omNode-3@group-523986131536-StateMachineUpdater] INFO  ratis.OzoneManagerStateMachine (OzoneManagerStateMachine.java:takeSnapshot(417)) - Current Snapshot Index (t:10, i:25)
2021-10-05 12:33:21,657 [omNode-3@group-523986131536-StateMachineUpdater] INFO  impl.StateMachineUpdater (StateMachineUpdater.java:takeSnapshot(281)) - omNode-3@group-523986131536-StateMachineUpdater: Took a snapshot at index 25
2021-10-05 12:33:21,657 [omNode-3@group-523986131536-StateMachineUpdater] INFO  impl.StateMachineUpdater (StateMachineUpdater.java:lambda$new$0(89)) - omNode-3@group-523986131536-StateMachineUpdater: snapshotIndex: updateIncreasingly 23 -> 25
2021-10-05 12:33:21,657 [omNode-3@group-523986131536-StateMachineUpdater] INFO  ratis.OzoneManagerStateMachine (OzoneManagerStateMachine.java:close(471)) - StateMachine has shutdown. Shutdown OzoneManager if not already shutdown.
2021-10-05 12:33:21,657 [Time-limited test] INFO  server.RaftServer$Division (ServerState.java:close(419)) - omNode-3@group-523986131536: closes. applyIndex: 25
2021-10-05 12:33:21,658 [omNode-3@group-523986131536-SegmentedRaftLogWorker] INFO  segmented.SegmentedRaftLogWorker (SegmentedRaftLogWorker.java:run(327)) - omNode-3@group-523986131536-SegmentedRaftLogWorker was interrupted, exiting. There are 0 tasks remaining in the queue.
2021-10-05 12:33:21,659 [Time-limited test] INFO  segmented.SegmentedRaftLogWorker (SegmentedRaftLogWorker.java:close(237)) - omNode-3@group-523986131536-SegmentedRaftLogWorker close()
2021-10-05 12:33:21,660 [Time-limited test] INFO  server.GrpcService (GrpcService.java:closeImpl(262)) - omNode-3: shutdown server with port 10616 now
2021-10-05 12:33:21,661 [grpc-default-executor-1] WARN  server.GrpcServerProtocolService (LogUtils.java:warn(122)) - omNode-3: installSnapshot onError, lastRequest: omNode-2->omNode-3#2-t10,previous=(t:10, i:24),leaderCommit=24,initializing? true,entries: size=1, first=(t:10, i:25), METADATAENTRY(c:24): org.apache.ratis.thirdparty.io.grpc.StatusRuntimeException: CANCELLED: client cancelled
2021-10-05 12:33:21,661 [grpc-default-executor-7] WARN  server.GrpcLogAppender (LogUtils.java:warn(122)) - omNode-2@group-523986131536->omNode-3-AppendLogResponseHandler: Failed appendEntries: org.apache.ratis.thirdparty.io.grpc.StatusRuntimeException: CANCELLED: HTTP/2 error code: CANCEL
Received Rst Stream
2021-10-05 12:33:21,663 [grpc-default-executor-7] INFO  leader.FollowerInfo (FollowerInfoImpl.java:lambda$new$0(46)) - omNode-2@group-523986131536->omNode-3: nextIndex: updateUnconditionally 26 -> 25
2021-10-05 12:33:21,666 [Time-limited test] INFO  server.GrpcService (GrpcService.java:closeImpl(271)) - omNode-3: shutdown server with port 10616 successfully
2021-10-05 12:33:21,666 [org.apache.ratis.util.JvmPauseMonitor$$Lambda$523/2137356424@3c714fb9] INFO  util.JvmPauseMonitor (JvmPauseMonitor.java:run(109)) - JvmPauseMonitor-omNode-3: Stopped
2021-10-05 12:33:21,666 [Time-limited test] INFO  ratis.OzoneManagerDoubleBuffer (OzoneManagerDoubleBuffer.java:stop(437)) - Stopping OMDoubleBuffer flush thread
2021-10-05 12:33:21,666 [OMDoubleBufferFlushThread] INFO  ratis.OzoneManagerDoubleBuffer (OzoneManagerDoubleBuffer.java:flushTransactions(356)) - OMDoubleBuffer flush thread OMDoubleBufferFlushThread is interrupted and will exit. OMDoubleBufferFlushThread
2021-10-05 12:33:21,667 [Time-limited test] INFO  handler.ContextHandler (ContextHandler.java:doStop(1153)) - Stopped o.e.j.w.WebAppContext@2cb9f40d{ozoneManager,/,null,STOPPED}{file:/home/runner/work/ozone/ozone/hadoop-ozone/integration-test/target/test-classes/webapps/ozoneManager}
2021-10-05 12:33:21,667 [Time-limited test] INFO  server.AbstractConnector (AbstractConnector.java:doStop(381)) - Stopped ServerConnector@63e0e2d{HTTP/1.1, (http/1.1)}{0.0.0.0:10614}
2021-10-05 12:33:21,667 [Time-limited test] INFO  server.session (HouseKeeper.java:stopScavenging(149)) - node0 Stopped scavenging
2021-10-05 12:33:21,667 [Time-limited test] INFO  handler.ContextHandler (ContextHandler.java:doStop(1153)) - Stopped o.e.j.s.ServletContextHandler@53af1859{static,/static,file:///home/runner/work/ozone/ozone/hadoop-ozone/integration-test/target/test-classes/webapps/static,STOPPED}
2021-10-05 12:33:21,668 [Time-limited test] INFO  handler.ContextHandler (ContextHandler.java:doStop(1153)) - Stopped o.e.j.s.ServletContextHandler@31fd5578{logs,/logs,file:///home/runner/work/ozone/ozone/hadoop-ozone/integration-test/target/log,STOPPED}
2021-10-05 12:33:21,669 [Time-limited test] INFO  om.OzoneManager (OzoneManager.java:initFSOLayout(4333)) - Configured ozone.om.metadata.layout=SIMPLE and disabled optimized OM FS operations
2021-10-05 12:33:21,669 [Time-limited test] INFO  om.OzoneManager (OzoneManager.java:restart(1365)) - OzoneManager RPC server is listening at localhost/127.0.0.1:10612
2021-10-05 12:33:21,669 [Time-limited test] INFO  impl.MetricsSystemImpl (MetricsSystemImpl.java:init(158)) - OzoneManager metrics system started (again)
2021-10-05 12:33:21,672 [grpc-default-executor-8] WARN  server.GrpcLogAppender (LogUtils.java:warn(122)) - omNode-2@group-523986131536->omNode-3-AppendLogResponseHandler: Failed appendEntries: org.apache.ratis.thirdparty.io.grpc.StatusRuntimeException: UNAVAILABLE: io exception
2021-10-05 12:33:21,672 [grpc-default-executor-8] INFO  leader.FollowerInfo (FollowerInfoImpl.java:lambda$new$0(46)) - omNode-2@group-523986131536->omNode-3: nextIndex: updateUnconditionally 26 -> 25
2021-10-05 12:33:21,686 [Time-limited test] WARN  server.ServerUtils (ServerUtils.java:getDBPath(225)) - ozone.om.db.dirs is not configured. We recommend adding this setting. Falling back to ozone.metadata.dirs instead.
2021-10-05 12:33:21,686 [Time-limited test] INFO  codec.OmKeyInfoCodec (OmKeyInfoCodec.java:<init>(51)) - OmKeyInfoCodec ignorePipeline = true
2021-10-05 12:33:21,686 [Time-limited test] INFO  codec.RepeatedOmKeyInfoCodec (RepeatedOmKeyInfoCodec.java:<init>(42)) - RepeatedOmKeyInfoCodec ignorePipeline = true
2021-10-05 12:33:21,692 [grpc-default-executor-8] INFO  server.RaftServer$Division (RaftServerImpl.java:checkInconsistentAppendEntries(1319)) - omNode-1@group-523986131536: Failed appendEntries as previous log entry ((t:10, i:25)) is not found
2021-10-05 12:33:21,692 [grpc-default-executor-8] INFO  server.RaftServer$Division (RaftServerImpl.java:checkInconsistentAppendEntries(1285)) - omNode-1@group-523986131536: inconsistency entries. Reply:omNode-2<-omNode-1#208:FAIL-t10,INCONSISTENCY,nextIndex=18,followerCommit=17
2021-10-05 12:33:21,692 [grpc-default-executor-8] INFO  leader.FollowerInfo (FollowerInfoImpl.java:lambda$new$0(46)) - omNode-2@group-523986131536->omNode-1: nextIndex: updateUnconditionally 26 -> 18
2021-10-05 12:33:21,733 [Time-limited test] WARN  impl.MetricRegistriesImpl (MetricRegistriesImpl.java:addReporterRegistration(111)) - New reporters are added after registries were created. Some metrics will be missing from the reporter. Please add reporter before adding any new registry.
2021-10-05 12:33:21,733 [Time-limited test] WARN  impl.MetricRegistriesImpl (MetricRegistriesImpl.java:addReporterRegistration(111)) - New reporters are added after registries were created. Some metrics will be missing from the reporter. Please add reporter before adding any new registry.
2021-10-05 12:33:21,733 [Time-limited test] WARN  server.ServerUtils (ServerUtils.java:getDefaultRatisDirectory(237)) - Storage directory for Ratis is not configured. It is a good idea to map this to an SSD disk. Falling back to ozone.metadata.dirs
2021-10-05 12:33:21,734 [Time-limited test] INFO  ratis.OzoneManagerRatisServer (OzoneManagerRatisServer.java:<init>(158)) - Instantiating OM Ratis server with groupID: om-service-test1 and peers: localhost:10616, localhost:10604, localhost:10610
2021-10-05 12:33:21,734 [Time-limited test] INFO  ratis.OzoneManagerStateMachine (OzoneManagerStateMachine.java:loadSnapshotInfoFromDB(605)) - LastAppliedIndex is set from TransactionInfo from OM DB as (t:10, i:25)
2021-10-05 12:33:21,735 [Time-limited test] INFO  server.RaftServer (ConfUtils.java:logGet(44)) - raft.rpc.type = GRPC (default)
2021-10-05 12:33:21,735 [Time-limited test] INFO  grpc.GrpcFactory (GrpcFactory.java:checkPooledByteBufAllocatorUseCacheForAllThreads(48)) - PERFORMANCE WARNING: useCacheForAllThreads is true that may cause Netty to create a lot garbage objects and, as a result, trigger GC.
	It is recommended to disable useCacheForAllThreads by setting -Dorg.apache.ratis.thirdparty.io.netty.allocator.useCacheForAllThreads=false in command line.
2021-10-05 12:33:21,736 [Time-limited test] INFO  grpc.GrpcConfigKeys (ConfUtils.java:logGet(44)) - raft.grpc.admin.port = -1 (default)
2021-10-05 12:33:21,736 [Time-limited test] INFO  grpc.GrpcConfigKeys (ConfUtils.java:logGet(44)) - raft.grpc.server.port = 10616 (custom)
2021-10-05 12:33:21,736 [Time-limited test] INFO  grpc.GrpcConfigKeys (ConfUtils.java:logGet(44)) - raft.grpc.client.port = -1 (default)
2021-10-05 12:33:21,736 [Time-limited test] INFO  grpc.GrpcConfigKeys (ConfUtils.java:logGet(44)) - raft.grpc.server.port = 10616 (custom)
2021-10-05 12:33:21,736 [Time-limited test] INFO  grpc.GrpcConfigKeys (ConfUtils.java:logGet(44)) - raft.grpc.server.port = 10616 (custom)
2021-10-05 12:33:21,736 [Time-limited test] INFO  server.GrpcService (ConfUtils.java:logGet(44)) - raft.grpc.message.size.max = 33554432 (custom)
2021-10-05 12:33:21,736 [Time-limited test] INFO  server.RaftServerConfigKeys (ConfUtils.java:logGet(44)) - raft.server.log.appender.buffer.byte-limit = 33554432 (custom)
2021-10-05 12:33:21,736 [Time-limited test] INFO  server.GrpcService (ConfUtils.java:logGet(44)) - raft.grpc.flow.control.window = 1MB (=1048576) (default)
2021-10-05 12:33:21,736 [Time-limited test] INFO  server.RaftServerConfigKeys (ConfUtils.java:logGet(44)) - raft.server.rpc.request.timeout = 3000ms (default)
2021-10-05 12:33:21,737 [Time-limited test] INFO  impl.DataStreamServerImpl (ConfUtils.java:logGet(44)) - raft.datastream.type = DISABLED (default)
2021-10-05 12:33:21,738 [Time-limited test] INFO  server.RaftServerConfigKeys (ConfUtils.java:logGet(44)) - raft.server.rpc.slowness.timeout = 2s (custom)
2021-10-05 12:33:21,738 [Time-limited test] INFO  server.RaftServerConfigKeys (ConfUtils.java:logGet(44)) - raft.server.leaderelection.leader.step-down.wait-time = 10s (default)
2021-10-05 12:33:21,738 [Time-limited test] INFO  server.RaftServerConfigKeys (ConfUtils.java:logGet(44)) - raft.server.storage.dir = [/home/runner/work/ozone/ozone/hadoop-ozone/integration-test/target/test-dir/MiniOzoneClusterImpl-37ac24e5-edd8-4d0c-a990-01310c91afa3/omNode-3/ratis] (custom)
2021-10-05 12:33:21,738 [Time-limited test] INFO  server.RaftServer (RaftServerProxy.java:lambda$null$1(235)) - omNode-3: found a subdirectory /home/runner/work/ozone/ozone/hadoop-ozone/integration-test/target/test-dir/MiniOzoneClusterImpl-37ac24e5-edd8-4d0c-a990-01310c91afa3/omNode-3/ratis/c9bc4cf4-3bc3-3c60-a66b-523986131536
2021-10-05 12:33:21,738 [Time-limited test] INFO  server.RaftServer (RaftServerProxy.java:addNew(95)) - omNode-3: addNew group-523986131536:[omNode-3|rpc:localhost:10616|priority:0, omNode-1|rpc:localhost:10604|priority:0, omNode-2|rpc:localhost:10610|priority:0] returns group-523986131536:java.util.concurrent.CompletableFuture@d45d31e[Not completed]
2021-10-05 12:33:21,739 [Time-limited test] INFO  om.OzoneManager (OzoneManager.java:initializeRatisServer(1585)) - OzoneManager Ratis server initialized at port 10616
2021-10-05 12:33:21,739 [pool-351-thread-1] INFO  server.RaftServer$Division (RaftServerImpl.java:<init>(181)) - omNode-3: new RaftServerImpl for group-523986131536:[omNode-3|rpc:localhost:10616|priority:0, omNode-1|rpc:localhost:10604|priority:0, omNode-2|rpc:localhost:10610|priority:0] with OzoneManagerStateMachine:uninitialized
2021-10-05 12:33:21,739 [Time-limited test] INFO  ratis.OzoneManagerRatisServer (OzoneManagerRatisServer.java:start(516)) - Starting OzoneManagerRatisServer omNode-3 at port 10616
2021-10-05 12:33:21,740 [pool-351-thread-1] INFO  server.RaftServerConfigKeys (ConfUtils.java:logGet(44)) - raft.server.rpc.timeout.min = 1s (custom)
2021-10-05 12:33:21,740 [pool-351-thread-1] INFO  server.RaftServerConfigKeys (ConfUtils.java:logGet(44)) - raft.server.rpc.timeout.max = 1200ms (custom)
2021-10-05 12:33:21,740 [pool-351-thread-1] INFO  server.RaftServerConfigKeys (ConfUtils.java:logGet(44)) - raft.server.rpc.sleep.time = 25ms (default)
2021-10-05 12:33:21,740 [pool-351-thread-1] INFO  server.RaftServerConfigKeys (ConfUtils.java:logGet(44)) - raft.server.rpc.slowness.timeout = 2s (custom)
2021-10-05 12:33:21,740 [pool-351-thread-1] INFO  server.RaftServerConfigKeys (ConfUtils.java:logGet(44)) - raft.server.leaderelection.leader.step-down.wait-time = 10s (default)
2021-10-05 12:33:21,740 [pool-351-thread-1] INFO  server.RaftServerConfigKeys (ConfUtils.java:logGet(44)) - raft.server.sleep.deviation.threshold = 300ms (default)
2021-10-05 12:33:21,740 [pool-351-thread-1] INFO  server.RaftServerConfigKeys (ConfUtils.java:logGet(44)) - raft.server.log.appender.install.snapshot.enabled = false (custom)
2021-10-05 12:33:21,740 [pool-351-thread-1] INFO  server.RaftServer$Division (ServerState.java:<init>(105)) - omNode-3@group-523986131536: ConfigurationManager, init=-1: [omNode-3|rpc:localhost:10616|priority:0, omNode-1|rpc:localhost:10604|priority:0, omNode-2|rpc:localhost:10610|priority:0], old=null, confs=<EMPTY_MAP>
2021-10-05 12:33:21,740 [pool-351-thread-1] INFO  server.RaftServerConfigKeys (ConfUtils.java:logGet(44)) - raft.server.storage.dir = [/home/runner/work/ozone/ozone/hadoop-ozone/integration-test/target/test-dir/MiniOzoneClusterImpl-37ac24e5-edd8-4d0c-a990-01310c91afa3/omNode-3/ratis] (custom)
2021-10-05 12:33:21,740 [pool-351-thread-1] INFO  server.RaftServerConfigKeys (ConfUtils.java:logGet(44)) - raft.server.log.corruption.policy = EXCEPTION (default)
2021-10-05 12:33:21,740 [pool-351-thread-1] INFO  server.RaftServerConfigKeys (ConfUtils.java:logGet(44)) - raft.server.storage.free-space.min = 0MB (=0) (default)
2021-10-05 12:33:21,741 [pool-351-thread-1] INFO  storage.RaftStorageDirectory (RaftStorageDirectoryImpl.java:tryLock(230)) - Lock on /home/runner/work/ozone/ozone/hadoop-ozone/integration-test/target/test-dir/MiniOzoneClusterImpl-37ac24e5-edd8-4d0c-a990-01310c91afa3/omNode-3/ratis/c9bc4cf4-3bc3-3c60-a66b-523986131536/in_use.lock acquired by nodename 8782@fv-az270-324
2021-10-05 12:33:21,741 [pool-351-thread-1] INFO  storage.RaftStorage (RaftStorageImpl.java:analyzeAndRecoverStorage(110)) - Read RaftStorageMetadata{term=10, votedFor=omNode-2} from /home/runner/work/ozone/ozone/hadoop-ozone/integration-test/target/test-dir/MiniOzoneClusterImpl-37ac24e5-edd8-4d0c-a990-01310c91afa3/omNode-3/ratis/c9bc4cf4-3bc3-3c60-a66b-523986131536/current/raft-meta
2021-10-05 12:33:21,742 [pool-351-thread-1] INFO  server.RaftServer$Division (ServerState.java:setRaftConf(387)) - omNode-3@group-523986131536: set configuration 24: [omNode-3|rpc:localhost:10616|admin:|client:|dataStream:|priority:0, omNode-1|rpc:localhost:10604|admin:|client:|dataStream:|priority:0, omNode-2|rpc:localhost:10610|admin:|client:|dataStream:|priority:0], old=null
2021-10-05 12:33:21,742 [pool-351-thread-1] INFO  server.RaftServerConfigKeys (ConfUtils.java:logGet(44)) - raft.server.notification.no-leader.timeout = 2s (custom)
2021-10-05 12:33:21,742 [pool-351-thread-1] INFO  server.RaftServerConfigKeys (ConfUtils.java:logGet(44)) - raft.server.log.use.memory = false (default)
2021-10-05 12:33:21,742 [pool-351-thread-1] INFO  server.RaftServerConfigKeys (ConfUtils.java:logGet(44)) - raft.server.log.purge.gap = 50 (custom)
2021-10-05 12:33:21,742 [pool-351-thread-1] INFO  server.RaftServerConfigKeys (ConfUtils.java:logGet(44)) - raft.server.log.appender.buffer.byte-limit = 33554432 (custom)
2021-10-05 12:33:21,742 [pool-351-thread-1] INFO  server.RaftServerConfigKeys (ConfUtils.java:logGet(44)) - raft.server.log.segment.size.max = 4194304 (custom)
2021-10-05 12:33:21,743 [pool-351-thread-1] INFO  server.RaftServerConfigKeys (ConfUtils.java:logGet(44)) - raft.server.log.segment.cache.num.max = 2 (custom)
2021-10-05 12:33:21,743 [pool-351-thread-1] INFO  server.RaftServerConfigKeys (ConfUtils.java:logGet(44)) - raft.server.log.segment.cache.size.max = 200MB (=209715200) (default)
2021-10-05 12:33:21,743 [pool-351-thread-1] INFO  segmented.SegmentedRaftLogWorker (SegmentedRaftLogWorker.java:<init>(182)) - new omNode-3@group-523986131536-SegmentedRaftLogWorker for RaftStorageImpl:Storage Directory /home/runner/work/ozone/ozone/hadoop-ozone/integration-test/target/test-dir/MiniOzoneClusterImpl-37ac24e5-edd8-4d0c-a990-01310c91afa3/omNode-3/ratis/c9bc4cf4-3bc3-3c60-a66b-523986131536
2021-10-05 12:33:21,743 [pool-351-thread-1] INFO  server.RaftServerConfigKeys (ConfUtils.java:logGet(44)) - raft.server.log.queue.byte-limit = 64MB (=67108864) (default)
2021-10-05 12:33:21,743 [pool-351-thread-1] INFO  server.RaftServerConfigKeys (ConfUtils.java:logGet(44)) - raft.server.log.queue.element-limit = 4096 (default)
2021-10-05 12:33:21,743 [pool-351-thread-1] INFO  server.RaftServerConfigKeys (ConfUtils.java:logGet(44)) - raft.server.log.segment.size.max = 4194304 (custom)
2021-10-05 12:33:21,743 [pool-351-thread-1] INFO  server.RaftServerConfigKeys (ConfUtils.java:logGet(44)) - raft.server.log.preallocated.size = 4194304 (custom)
2021-10-05 12:33:21,743 [pool-351-thread-1] INFO  server.RaftServerConfigKeys (ConfUtils.java:logGet(44)) - raft.server.log.force.sync.num = 128 (default)
2021-10-05 12:33:21,743 [pool-351-thread-1] INFO  server.RaftServerConfigKeys (ConfUtils.java:logGet(44)) - raft.server.log.statemachine.data.sync = true (default)
2021-10-05 12:33:21,743 [pool-351-thread-1] INFO  server.RaftServerConfigKeys (ConfUtils.java:logGet(44)) - raft.server.log.statemachine.data.sync.timeout = 10s (default)
2021-10-05 12:33:21,743 [pool-351-thread-1] INFO  server.RaftServerConfigKeys (ConfUtils.java:logGet(44)) - raft.server.log.statemachine.data.sync.timeout.retry = -1 (default)
2021-10-05 12:33:21,744 [pool-351-thread-1] INFO  server.RaftServerConfigKeys (ConfUtils.java:logGet(44)) - raft.server.log.write.buffer.size = 64KB (=65536) (default)
2021-10-05 12:33:21,744 [pool-351-thread-1] INFO  server.RaftServerConfigKeys (ConfUtils.java:logGet(44)) - raft.server.log.statemachine.data.caching.enabled = false (default)
2021-10-05 12:33:21,745 [pool-351-thread-1] INFO  server.RaftServer$Division (ServerState.java:setRaftConf(387)) - omNode-3@group-523986131536: set configuration 18: [omNode-3|rpc:localhost:10616|admin:|client:|dataStream:|priority:0, omNode-1|rpc:localhost:10604|admin:|client:|dataStream:|priority:0, omNode-2|rpc:localhost:10610|admin:|client:|dataStream:|priority:0], old=null
2021-10-05 12:33:21,745 [pool-351-thread-1] INFO  segmented.LogSegment (LogSegment.java:loadSegment(173)) - Successfully read 2 entries from segment file /home/runner/work/ozone/ozone/hadoop-ozone/integration-test/target/test-dir/MiniOzoneClusterImpl-37ac24e5-edd8-4d0c-a990-01310c91afa3/omNode-3/ratis/c9bc4cf4-3bc3-3c60-a66b-523986131536/current/log_18-19
2021-10-05 12:33:21,746 [pool-351-thread-1] INFO  server.RaftServer$Division (ServerState.java:setRaftConf(387)) - omNode-3@group-523986131536: set configuration 20: [omNode-3|rpc:localhost:10616|admin:|client:|dataStream:|priority:0, omNode-1|rpc:localhost:10604|admin:|client:|dataStream:|priority:0, omNode-2|rpc:localhost:10610|admin:|client:|dataStream:|priority:0], old=null
2021-10-05 12:33:21,746 [pool-351-thread-1] INFO  segmented.LogSegment (LogSegment.java:loadSegment(173)) - Successfully read 4 entries from segment file /home/runner/work/ozone/ozone/hadoop-ozone/integration-test/target/test-dir/MiniOzoneClusterImpl-37ac24e5-edd8-4d0c-a990-01310c91afa3/omNode-3/ratis/c9bc4cf4-3bc3-3c60-a66b-523986131536/current/log_20-23
2021-10-05 12:33:21,746 [pool-351-thread-1] INFO  server.RaftServer$Division (ServerState.java:setRaftConf(387)) - omNode-3@group-523986131536: set configuration 24: [omNode-3|rpc:localhost:10616|admin:|client:|dataStream:|priority:0, omNode-1|rpc:localhost:10604|admin:|client:|dataStream:|priority:0, omNode-2|rpc:localhost:10610|admin:|client:|dataStream:|priority:0], old=null
2021-10-05 12:33:21,746 [pool-351-thread-1] INFO  segmented.LogSegment (LogSegment.java:loadSegment(173)) - Successfully read 2 entries from segment file /home/runner/work/ozone/ozone/hadoop-ozone/integration-test/target/test-dir/MiniOzoneClusterImpl-37ac24e5-edd8-4d0c-a990-01310c91afa3/omNode-3/ratis/c9bc4cf4-3bc3-3c60-a66b-523986131536/current/log_inprogress_24
2021-10-05 12:33:21,746 [pool-351-thread-1] INFO  segmented.SegmentedRaftLogWorker (SegmentedRaftLogWorker.java:lambda$new$0(133)) - omNode-3@group-523986131536-SegmentedRaftLogWorker: flushIndex: setUnconditionally 0 -> 25
2021-10-05 12:33:21,746 [pool-351-thread-1] INFO  segmented.SegmentedRaftLogWorker (SegmentedRaftLogWorker.java:lambda$new$0(133)) - omNode-3@group-523986131536-SegmentedRaftLogWorker: safeCacheEvictIndex: setUnconditionally 0 -> 23
2021-10-05 12:33:21,746 [pool-351-thread-1] INFO  raftlog.RaftLog (RaftLogBase.java:lambda$new$0(53)) - omNode-3@group-523986131536-SegmentedRaftLog: commitIndex: updateToMax old=25, new=24, updated? false
2021-10-05 12:33:21,747 [pool-351-thread-1] INFO  raftlog.RaftLog (RaftLogBase.java:lambda$new$0(53)) - omNode-3@group-523986131536-SegmentedRaftLog: purgeIndex: updateIncreasingly -1 -> 17
2021-10-05 12:33:21,747 [pool-351-thread-1] INFO  server.RaftServerConfigKeys (ConfUtils.java:logGet(44)) - raft.server.snapshot.auto.trigger.enabled = true (custom)
2021-10-05 12:33:21,747 [pool-351-thread-1] INFO  server.RaftServerConfigKeys (ConfUtils.java:logGet(44)) - raft.server.snapshot.auto.trigger.threshold = 50 (custom)
2021-10-05 12:33:21,747 [pool-351-thread-1] INFO  server.RaftServerConfigKeys (ConfUtils.java:logGet(44)) - raft.server.snapshot.retention.file.num = -1 (default)
2021-10-05 12:33:21,747 [pool-351-thread-1] INFO  server.RaftServerConfigKeys (ConfUtils.java:logGet(44)) - raft.server.log.purge.upto.snapshot.index = true (custom)
2021-10-05 12:33:21,747 [pool-351-thread-1] INFO  server.RaftServerConfigKeys (ConfUtils.java:logGet(44)) - raft.server.retrycache.expirytime = 30000ms (custom)
2021-10-05 12:33:21,747 [pool-351-thread-1] INFO  server.RaftServerConfigKeys (ConfUtils.java:logGet(44)) - raft.server.retrycache.statistics.expirytime = 100μs (default)
2021-10-05 12:33:21,748 [Time-limited test] INFO  server.RaftServer$Division (RaftServerImpl.java:start(296)) - omNode-3@group-523986131536: start as a follower, conf=24: [omNode-3|rpc:localhost:10616|admin:|client:|dataStream:|priority:0, omNode-1|rpc:localhost:10604|admin:|client:|dataStream:|priority:0, omNode-2|rpc:localhost:10610|admin:|client:|dataStream:|priority:0], old=null
2021-10-05 12:33:21,748 [Time-limited test] INFO  server.RaftServer$Division (RaftServerImpl.java:setRole(285)) - omNode-3@group-523986131536: changes role from      null to FOLLOWER at term 10 for startAsFollower
2021-10-05 12:33:21,748 [Time-limited test] INFO  impl.RoleInfo (RoleInfo.java:updateAndGet(130)) - omNode-3: start omNode-3@group-523986131536-FollowerState
2021-10-05 12:33:21,751 [Time-limited test] INFO  util.JmxRegister (JmxRegister.java:tryRegister(44)) - Successfully registered JMX Bean with object name Ratis:service=RaftServer,group=group-523986131536,id=omNode-3
2021-10-05 12:33:21,753 [Time-limited test] INFO  server.RaftServer (RaftServerProxy.java:lambda$start$5(374)) - omNode-3: start RPC server
2021-10-05 12:33:21,754 [Time-limited test] INFO  server.GrpcService (GrpcService.java:startImpl(253)) - omNode-3: GrpcService started, listening on 10616
2021-10-05 12:33:21,755 [Time-limited test] INFO  ipc.CallQueueManager (CallQueueManager.java:<init>(90)) - Using callQueue: class java.util.concurrent.LinkedBlockingQueue, queueCapacity: 2000, scheduler: class org.apache.hadoop.ipc.DefaultRpcScheduler, ipcBackoff: false.
2021-10-05 12:33:21,755 [org.apache.ratis.util.JvmPauseMonitor$$Lambda$523/2137356424@5beebc16] INFO  util.JvmPauseMonitor (JvmPauseMonitor.java:run(103)) - JvmPauseMonitor-omNode-3: Started
2021-10-05 12:33:21,756 [Socket Reader #1 for port 10612] INFO  ipc.Server (Server.java:run(1265)) - Starting Socket Reader #1 for port 10612
2021-10-05 12:33:21,766 [Listener at localhost/10612] INFO  http.BaseHttpServer (BaseHttpServer.java:newHttpServer2BuilderForOzone(209)) - Starting Web-server for ozoneManager at: http://0.0.0.0:10614
2021-10-05 12:33:21,766 [Listener at localhost/10612] INFO  http.BaseHttpServer (BaseHttpServer.java:<init>(107)) - Hadoop Security Enabled: false Ozone Security Enabled: false Ozone HTTP Security Enabled: false 
2021-10-05 12:33:21,767 [Listener at localhost/10612] INFO  server.AuthenticationFilter (AuthenticationFilter.java:constructSecretProvider(240)) - Unable to initialize FileSignerSecretProvider, falling back to use random secrets.
2021-10-05 12:33:21,768 [Listener at localhost/10612] WARN  http.HttpRequestLog (HttpRequestLog.java:getRequestLog(103)) - Jetty request log can only be enabled using Log4j
2021-10-05 12:33:21,769 [Listener at localhost/10612] INFO  http.HttpServer2 (HttpServer2.java:addGlobalFilter(1030)) - Added global filter 'safety' (class=org.apache.hadoop.hdds.server.http.HttpServer2$QuotingInputFilter)
2021-10-05 12:33:21,770 [Listener at localhost/10612] INFO  http.HttpServer2 (HttpServer2.java:addFilter(1006)) - Added filter static_user_filter (class=org.apache.hadoop.http.lib.StaticUserWebFilter$StaticUserFilter) to context ozoneManager
2021-10-05 12:33:21,770 [Listener at localhost/10612] INFO  http.HttpServer2 (HttpServer2.java:addFilter(1014)) - Added filter static_user_filter (class=org.apache.hadoop.http.lib.StaticUserWebFilter$StaticUserFilter) to context static
2021-10-05 12:33:21,770 [Listener at localhost/10612] INFO  http.HttpServer2 (HttpServer2.java:addFilter(1014)) - Added filter static_user_filter (class=org.apache.hadoop.http.lib.StaticUserWebFilter$StaticUserFilter) to context logs
2021-10-05 12:33:21,770 [Listener at localhost/10612] INFO  http.HttpServer2 (HttpServer2.java:bindListener(1249)) - Jetty bound to port 10614
2021-10-05 12:33:21,770 [Listener at localhost/10612] INFO  server.Server (Server.java:doStart(375)) - jetty-9.4.43.v20210629; built: 2021-06-30T11:07:22.254Z; git: 526006ecfa3af7f1a27ef3a288e2bef7ea9dd7e8; jvm 1.8.0_292-b10
2021-10-05 12:33:21,772 [Listener at localhost/10612] INFO  server.session (DefaultSessionIdManager.java:doStart(334)) - DefaultSessionIdManager workerName=node0
2021-10-05 12:33:21,772 [Listener at localhost/10612] INFO  server.session (DefaultSessionIdManager.java:doStart(339)) - No SessionScavenger set, using defaults
2021-10-05 12:33:21,772 [Listener at localhost/10612] INFO  server.session (HouseKeeper.java:startScavenging(132)) - node0 Scavenging every 660000ms
2021-10-05 12:33:21,773 [Listener at localhost/10612] INFO  handler.ContextHandler (ContextHandler.java:doStart(915)) - Started o.e.j.s.ServletContextHandler@47213ab2{logs,/logs,file:///home/runner/work/ozone/ozone/hadoop-ozone/integration-test/target/log,AVAILABLE}
2021-10-05 12:33:21,773 [Listener at localhost/10612] INFO  handler.ContextHandler (ContextHandler.java:doStart(915)) - Started o.e.j.s.ServletContextHandler@7b0cea7c{static,/static,file:///home/runner/work/ozone/ozone/hadoop-ozone/integration-test/target/test-classes/webapps/static,AVAILABLE}
2021-10-05 12:33:21,776 [Listener at localhost/10612] INFO  handler.ContextHandler (ContextHandler.java:doStart(915)) - Started o.e.j.w.WebAppContext@7f32bf2c{ozoneManager,/,file:///home/runner/work/ozone/ozone/hadoop-ozone/integration-test/target/test-classes/webapps/ozoneManager/,AVAILABLE}{file:/home/runner/work/ozone/ozone/hadoop-ozone/integration-test/target/test-classes/webapps/ozoneManager}
2021-10-05 12:33:21,780 [Listener at localhost/10612] INFO  server.AbstractConnector (AbstractConnector.java:doStart(331)) - Started ServerConnector@515627e1{HTTP/1.1, (http/1.1)}{0.0.0.0:10614}
2021-10-05 12:33:21,780 [Listener at localhost/10612] INFO  server.Server (Server.java:doStart(415)) - Started @171263ms
2021-10-05 12:33:21,780 [Listener at localhost/10612] WARN  impl.MetricsSystemImpl (MetricsSystemImpl.java:register(279)) - Sink prometheus already exists!
2021-10-05 12:33:21,781 [Listener at localhost/10612] INFO  http.BaseHttpServer (BaseHttpServer.java:updateConnectorAddress(329)) - HTTP server of ozoneManager listening at http://0.0.0.0:10614
2021-10-05 12:33:21,781 [IPC Server Responder] INFO  ipc.Server (Server.java:run(1507)) - IPC Server Responder: starting
2021-10-05 12:33:21,784 [IPC Server listener on 10612] INFO  ipc.Server (Server.java:run(1344)) - IPC Server listener on 10612: starting
2021-10-05 12:33:21,796 [Listener at localhost/10612] INFO  om.OzoneManager (OzoneManager.java:startTrashEmptier(1543)) - Trash Interval set to 0. Files deleted will not move to trash
2021-10-05 12:33:21,797 [Listener at localhost/10612] INFO  om.OzoneManager (OzoneManager.java:stop(1644)) - Stopping Ozone Manager
2021-10-05 12:33:21,797 [org.apache.hadoop.util.JvmPauseMonitor$Monitor@76295cc] INFO  util.JvmPauseMonitor (JvmPauseMonitor.java:run(188)) - Starting JVM pause monitor
2021-10-05 12:33:21,797 [Listener at localhost/10612] INFO  ipc.Server (Server.java:stop(3414)) - Stopping server on 10600
2021-10-05 12:33:21,798 [IPC Server listener on 10600] INFO  ipc.Server (Server.java:run(1376)) - Stopping IPC Server listener on 10600
2021-10-05 12:33:21,799 [IPC Server Responder] INFO  ipc.Server (Server.java:run(1512)) - Stopping IPC Server Responder
2021-10-05 12:33:21,799 [Listener at localhost/10612] INFO  server.RaftServer (RaftServerProxy.java:lambda$close$6(391)) - omNode-1: close
2021-10-05 12:33:21,799 [Listener at localhost/10612] INFO  server.RaftServer$Division (RaftServerImpl.java:lambda$close$4(407)) - omNode-1@group-523986131536: shutdown
2021-10-05 12:33:21,799 [Listener at localhost/10612] INFO  util.JmxRegister (JmxRegister.java:unregister(73)) - Successfully un-registered JMX Bean with object name Ratis:service=RaftServer,group=group-523986131536,id=omNode-1
2021-10-05 12:33:21,799 [Listener at localhost/10612] INFO  impl.RoleInfo (RoleInfo.java:shutdownFollowerState(108)) - omNode-1: shutdown omNode-1@group-523986131536-FollowerState
2021-10-05 12:33:21,799 [Listener at localhost/10612] INFO  impl.StateMachineUpdater (StateMachineUpdater.java:stopAndJoin(149)) - omNode-1@group-523986131536-StateMachineUpdater: set stopIndex = 17
2021-10-05 12:33:21,799 [omNode-1@group-523986131536-FollowerState] INFO  impl.FollowerState (FollowerState.java:run(143)) - omNode-1@group-523986131536-FollowerState was interrupted: {}
java.lang.InterruptedException: sleep interrupted
	at java.lang.Thread.sleep(Native Method)
	at java.lang.Thread.sleep(Thread.java:340)
	at java.util.concurrent.TimeUnit.sleep(TimeUnit.java:386)
	at org.apache.ratis.util.TimeDuration.sleep(TimeDuration.java:324)
	at org.apache.ratis.util.TimeDuration.sleep(TimeDuration.java:309)
	at org.apache.ratis.server.impl.FollowerState.run(FollowerState.java:118)
2021-10-05 12:33:21,799 [omNode-1@group-523986131536-StateMachineUpdater] INFO  ratis.OzoneManagerStateMachine (OzoneManagerStateMachine.java:close(471)) - StateMachine has shutdown. Shutdown OzoneManager if not already shutdown.
2021-10-05 12:33:21,800 [Listener at localhost/10612] INFO  server.RaftServer$Division (ServerState.java:close(419)) - omNode-1@group-523986131536: closes. applyIndex: 17
2021-10-05 12:33:21,800 [omNode-1@group-523986131536-SegmentedRaftLogWorker] INFO  segmented.SegmentedRaftLogWorker (SegmentedRaftLogWorker.java:run(327)) - omNode-1@group-523986131536-SegmentedRaftLogWorker was interrupted, exiting. There are 0 tasks remaining in the queue.
2021-10-05 12:33:21,800 [Listener at localhost/10612] INFO  segmented.SegmentedRaftLogWorker (SegmentedRaftLogWorker.java:close(237)) - omNode-1@group-523986131536-SegmentedRaftLogWorker close()
2021-10-05 12:33:21,802 [Listener at localhost/10612] INFO  server.GrpcService (GrpcService.java:closeImpl(262)) - omNode-1: shutdown server with port 10604 now
2021-10-05 12:33:21,804 [grpc-default-executor-8] INFO  server.GrpcLogAppender (GrpcLogAppender.java:onError(333)) - omNode-2@group-523986131536->omNode-1-GrpcLogAppender is stopped
2021-10-05 12:33:21,804 [grpc-default-executor-6] WARN  server.GrpcLogAppender (LogUtils.java:warn(122)) - omNode-2@group-523986131536->omNode-1-AppendLogResponseHandler: Failed appendEntries: org.apache.ratis.thirdparty.io.grpc.StatusRuntimeException: CANCELLED: HTTP/2 error code: CANCEL
Received Rst Stream
2021-10-05 12:33:21,804 [grpc-default-executor-7] WARN  server.GrpcServerProtocolService (LogUtils.java:warn(122)) - omNode-1: installSnapshot onError, lastRequest: omNode-2->omNode-1#1-t10,previous=(t:4, i:23),leaderCommit=23,initializing? true,entries: size=1, first=(t:10, i:24), CONFIGURATIONENTRY: org.apache.ratis.thirdparty.io.grpc.StatusRuntimeException: CANCELLED: client cancelled
2021-10-05 12:33:21,804 [grpc-default-executor-6] INFO  leader.FollowerInfo (FollowerInfoImpl.java:lambda$new$0(46)) - omNode-2@group-523986131536->omNode-1: nextIndex: updateUnconditionally 26 -> 18
2021-10-05 12:33:21,804 [grpc-default-executor-1] WARN  server.GrpcServerProtocolService (LogUtils.java:warn(122)) - omNode-1: installSnapshot onError, lastRequest: omNode-2->omNode-1#209-t10,previous=(t:0, i:0),leaderCommit=8,initializing? false,entries: size=8, first=(t:3, i:18), CONFIGURATIONENTRY: org.apache.ratis.thirdparty.io.grpc.StatusRuntimeException: CANCELLED: client cancelled
2021-10-05 12:33:21,810 [Listener at localhost/10612] INFO  server.GrpcService (GrpcService.java:closeImpl(271)) - omNode-1: shutdown server with port 10604 successfully
2021-10-05 12:33:21,810 [grpc-default-executor-7] WARN  server.GrpcLogAppender (LogUtils.java:warn(122)) - omNode-2@group-523986131536->omNode-1-AppendLogResponseHandler: Failed appendEntries: org.apache.ratis.thirdparty.io.grpc.StatusRuntimeException: UNAVAILABLE: io exception
2021-10-05 12:33:21,812 [grpc-default-executor-7] INFO  leader.FollowerInfo (FollowerInfoImpl.java:lambda$new$0(46)) - omNode-2@group-523986131536->omNode-1: nextIndex: updateUnconditionally 26 -> 18
2021-10-05 12:33:21,813 [org.apache.ratis.util.JvmPauseMonitor$$Lambda$523/2137356424@50f207b6] INFO  util.JvmPauseMonitor (JvmPauseMonitor.java:run(109)) - JvmPauseMonitor-omNode-1: Stopped
2021-10-05 12:33:21,813 [Listener at localhost/10612] INFO  ratis.OzoneManagerDoubleBuffer (OzoneManagerDoubleBuffer.java:stop(437)) - Stopping OMDoubleBuffer flush thread
2021-10-05 12:33:21,813 [OMDoubleBufferFlushThread] INFO  ratis.OzoneManagerDoubleBuffer (OzoneManagerDoubleBuffer.java:flushTransactions(356)) - OMDoubleBuffer flush thread OMDoubleBufferFlushThread is interrupted and will exit. OMDoubleBufferFlushThread
2021-10-05 12:33:21,814 [Listener at localhost/10612] INFO  handler.ContextHandler (ContextHandler.java:doStop(1153)) - Stopped o.e.j.w.WebAppContext@2d8f6fa7{ozoneManager,/,null,STOPPED}{file:/home/runner/work/ozone/ozone/hadoop-ozone/integration-test/target/test-classes/webapps/ozoneManager}
2021-10-05 12:33:21,814 [Listener at localhost/10612] INFO  server.AbstractConnector (AbstractConnector.java:doStop(381)) - Stopped ServerConnector@2ec50707{HTTP/1.1, (http/1.1)}{0.0.0.0:10602}
2021-10-05 12:33:21,814 [Listener at localhost/10612] INFO  server.session (HouseKeeper.java:stopScavenging(149)) - node0 Stopped scavenging
2021-10-05 12:33:21,815 [Listener at localhost/10612] INFO  handler.ContextHandler (ContextHandler.java:doStop(1153)) - Stopped o.e.j.s.ServletContextHandler@236d3261{static,/static,file:///home/runner/work/ozone/ozone/hadoop-ozone/integration-test/target/test-classes/webapps/static,STOPPED}
2021-10-05 12:33:21,815 [Listener at localhost/10612] INFO  handler.ContextHandler (ContextHandler.java:doStop(1153)) - Stopped o.e.j.s.ServletContextHandler@18d50385{logs,/logs,file:///home/runner/work/ozone/ozone/hadoop-ozone/integration-test/target/log,STOPPED}
2021-10-05 12:33:21,816 [Listener at localhost/10612] INFO  om.OzoneManager (OzoneManager.java:initFSOLayout(4333)) - Configured ozone.om.metadata.layout=SIMPLE and disabled optimized OM FS operations
2021-10-05 12:33:21,817 [Listener at localhost/10612] INFO  om.OzoneManager (OzoneManager.java:restart(1365)) - OzoneManager RPC server is listening at localhost/127.0.0.1:10600
2021-10-05 12:33:21,817 [Listener at localhost/10612] INFO  impl.MetricsSystemImpl (MetricsSystemImpl.java:init(158)) - OzoneManager metrics system started (again)
2021-10-05 12:33:21,831 [Listener at localhost/10612] WARN  server.ServerUtils (ServerUtils.java:getDBPath(225)) - ozone.om.db.dirs is not configured. We recommend adding this setting. Falling back to ozone.metadata.dirs instead.
2021-10-05 12:33:21,832 [Listener at localhost/10612] INFO  codec.OmKeyInfoCodec (OmKeyInfoCodec.java:<init>(51)) - OmKeyInfoCodec ignorePipeline = true
2021-10-05 12:33:21,832 [Listener at localhost/10612] INFO  codec.RepeatedOmKeyInfoCodec (RepeatedOmKeyInfoCodec.java:<init>(42)) - RepeatedOmKeyInfoCodec ignorePipeline = true
2021-10-05 12:33:21,875 [Listener at localhost/10612] WARN  om.OzoneManager (OzoneManager.java:instantiatePrepareStateOnStartup(4212)) - Prepare marker file index 17 does not match DB prepare index 14. Writing DB index to prepare file and maintaining prepared state.
2021-10-05 12:33:21,876 [Listener at localhost/10612] INFO  om.OzoneManagerPrepareState (OzoneManagerPrepareState.java:writePrepareMarkerFile(262)) - Prepare marker file written with log index 14 to file /home/runner/work/ozone/ozone/hadoop-ozone/integration-test/target/test-dir/MiniOzoneClusterImpl-37ac24e5-edd8-4d0c-a990-01310c91afa3/omNode-1/current/prepareMarker
2021-10-05 12:33:21,879 [Listener at localhost/10612] WARN  impl.MetricRegistriesImpl (MetricRegistriesImpl.java:addReporterRegistration(111)) - New reporters are added after registries were created. Some metrics will be missing from the reporter. Please add reporter before adding any new registry.
2021-10-05 12:33:21,879 [Listener at localhost/10612] WARN  impl.MetricRegistriesImpl (MetricRegistriesImpl.java:addReporterRegistration(111)) - New reporters are added after registries were created. Some metrics will be missing from the reporter. Please add reporter before adding any new registry.
2021-10-05 12:33:21,879 [Listener at localhost/10612] WARN  server.ServerUtils (ServerUtils.java:getDefaultRatisDirectory(237)) - Storage directory for Ratis is not configured. It is a good idea to map this to an SSD disk. Falling back to ozone.metadata.dirs
2021-10-05 12:33:21,880 [Listener at localhost/10612] INFO  ratis.OzoneManagerRatisServer (OzoneManagerRatisServer.java:<init>(158)) - Instantiating OM Ratis server with groupID: om-service-test1 and peers: localhost:10604, localhost:10616, localhost:10610
2021-10-05 12:33:21,880 [Listener at localhost/10612] INFO  ratis.OzoneManagerStateMachine (OzoneManagerStateMachine.java:loadSnapshotInfoFromDB(605)) - LastAppliedIndex is set from TransactionInfo from OM DB as (t:2, i:17)
2021-10-05 12:33:21,883 [Listener at localhost/10612] INFO  server.RaftServer (ConfUtils.java:logGet(44)) - raft.rpc.type = GRPC (default)
2021-10-05 12:33:21,883 [Listener at localhost/10612] INFO  grpc.GrpcFactory (GrpcFactory.java:checkPooledByteBufAllocatorUseCacheForAllThreads(48)) - PERFORMANCE WARNING: useCacheForAllThreads is true that may cause Netty to create a lot garbage objects and, as a result, trigger GC.
	It is recommended to disable useCacheForAllThreads by setting -Dorg.apache.ratis.thirdparty.io.netty.allocator.useCacheForAllThreads=false in command line.
2021-10-05 12:33:21,883 [Listener at localhost/10612] INFO  grpc.GrpcConfigKeys (ConfUtils.java:logGet(44)) - raft.grpc.admin.port = -1 (default)
2021-10-05 12:33:21,883 [Listener at localhost/10612] INFO  grpc.GrpcConfigKeys (ConfUtils.java:logGet(44)) - raft.grpc.server.port = 10604 (custom)
2021-10-05 12:33:21,884 [Listener at localhost/10612] INFO  grpc.GrpcConfigKeys (ConfUtils.java:logGet(44)) - raft.grpc.client.port = -1 (default)
2021-10-05 12:33:21,884 [Listener at localhost/10612] INFO  grpc.GrpcConfigKeys (ConfUtils.java:logGet(44)) - raft.grpc.server.port = 10604 (custom)
2021-10-05 12:33:21,884 [Listener at localhost/10612] INFO  grpc.GrpcConfigKeys (ConfUtils.java:logGet(44)) - raft.grpc.server.port = 10604 (custom)
2021-10-05 12:33:21,884 [Listener at localhost/10612] INFO  server.GrpcService (ConfUtils.java:logGet(44)) - raft.grpc.message.size.max = 33554432 (custom)
2021-10-05 12:33:21,884 [Listener at localhost/10612] INFO  server.RaftServerConfigKeys (ConfUtils.java:logGet(44)) - raft.server.log.appender.buffer.byte-limit = 33554432 (custom)
2021-10-05 12:33:21,884 [Listener at localhost/10612] INFO  server.GrpcService (ConfUtils.java:logGet(44)) - raft.grpc.flow.control.window = 1MB (=1048576) (default)
2021-10-05 12:33:21,884 [Listener at localhost/10612] INFO  server.RaftServerConfigKeys (ConfUtils.java:logGet(44)) - raft.server.rpc.request.timeout = 3000ms (default)
2021-10-05 12:33:21,885 [Listener at localhost/10612] INFO  impl.DataStreamServerImpl (ConfUtils.java:logGet(44)) - raft.datastream.type = DISABLED (default)
2021-10-05 12:33:21,885 [Listener at localhost/10612] INFO  server.RaftServerConfigKeys (ConfUtils.java:logGet(44)) - raft.server.rpc.slowness.timeout = 2s (custom)
2021-10-05 12:33:21,885 [Listener at localhost/10612] INFO  server.RaftServerConfigKeys (ConfUtils.java:logGet(44)) - raft.server.leaderelection.leader.step-down.wait-time = 10s (default)
2021-10-05 12:33:21,885 [Listener at localhost/10612] INFO  server.RaftServerConfigKeys (ConfUtils.java:logGet(44)) - raft.server.storage.dir = [/home/runner/work/ozone/ozone/hadoop-ozone/integration-test/target/test-dir/MiniOzoneClusterImpl-37ac24e5-edd8-4d0c-a990-01310c91afa3/omNode-1/ratis] (custom)
2021-10-05 12:33:21,885 [Listener at localhost/10612] INFO  server.RaftServer (RaftServerProxy.java:lambda$null$1(235)) - omNode-1: found a subdirectory /home/runner/work/ozone/ozone/hadoop-ozone/integration-test/target/test-dir/MiniOzoneClusterImpl-37ac24e5-edd8-4d0c-a990-01310c91afa3/omNode-1/ratis/c9bc4cf4-3bc3-3c60-a66b-523986131536
2021-10-05 12:33:21,886 [Listener at localhost/10612] INFO  server.RaftServer (RaftServerProxy.java:addNew(95)) - omNode-1: addNew group-523986131536:[omNode-3|rpc:localhost:10616|priority:0, omNode-1|rpc:localhost:10604|priority:0, omNode-2|rpc:localhost:10610|priority:0] returns group-523986131536:java.util.concurrent.CompletableFuture@203154a[Not completed]
2021-10-05 12:33:21,886 [Listener at localhost/10612] INFO  om.OzoneManager (OzoneManager.java:initializeRatisServer(1585)) - OzoneManager Ratis server initialized at port 10604
2021-10-05 12:33:21,886 [Listener at localhost/10612] INFO  ratis.OzoneManagerRatisServer (OzoneManagerRatisServer.java:start(516)) - Starting OzoneManagerRatisServer omNode-1 at port 10604
2021-10-05 12:33:21,886 [pool-371-thread-1] INFO  server.RaftServer$Division (RaftServerImpl.java:<init>(181)) - omNode-1: new RaftServerImpl for group-523986131536:[omNode-3|rpc:localhost:10616|priority:0, omNode-1|rpc:localhost:10604|priority:0, omNode-2|rpc:localhost:10610|priority:0] with OzoneManagerStateMachine:uninitialized
2021-10-05 12:33:21,887 [pool-371-thread-1] INFO  server.RaftServerConfigKeys (ConfUtils.java:logGet(44)) - raft.server.rpc.timeout.min = 1s (custom)
2021-10-05 12:33:21,887 [pool-371-thread-1] INFO  server.RaftServerConfigKeys (ConfUtils.java:logGet(44)) - raft.server.rpc.timeout.max = 1200ms (custom)
2021-10-05 12:33:21,887 [pool-371-thread-1] INFO  server.RaftServerConfigKeys (ConfUtils.java:logGet(44)) - raft.server.rpc.sleep.time = 25ms (default)
2021-10-05 12:33:21,887 [pool-371-thread-1] INFO  server.RaftServerConfigKeys (ConfUtils.java:logGet(44)) - raft.server.rpc.slowness.timeout = 2s (custom)
2021-10-05 12:33:21,887 [pool-371-thread-1] INFO  server.RaftServerConfigKeys (ConfUtils.java:logGet(44)) - raft.server.leaderelection.leader.step-down.wait-time = 10s (default)
2021-10-05 12:33:21,887 [pool-371-thread-1] INFO  server.RaftServerConfigKeys (ConfUtils.java:logGet(44)) - raft.server.sleep.deviation.threshold = 300ms (default)
2021-10-05 12:33:21,887 [pool-371-thread-1] INFO  server.RaftServerConfigKeys (ConfUtils.java:logGet(44)) - raft.server.log.appender.install.snapshot.enabled = false (custom)
2021-10-05 12:33:21,887 [pool-371-thread-1] INFO  server.RaftServer$Division (ServerState.java:<init>(105)) - omNode-1@group-523986131536: ConfigurationManager, init=-1: [omNode-3|rpc:localhost:10616|priority:0, omNode-1|rpc:localhost:10604|priority:0, omNode-2|rpc:localhost:10610|priority:0], old=null, confs=<EMPTY_MAP>
2021-10-05 12:33:21,889 [pool-371-thread-1] INFO  server.RaftServerConfigKeys (ConfUtils.java:logGet(44)) - raft.server.storage.dir = [/home/runner/work/ozone/ozone/hadoop-ozone/integration-test/target/test-dir/MiniOzoneClusterImpl-37ac24e5-edd8-4d0c-a990-01310c91afa3/omNode-1/ratis] (custom)
2021-10-05 12:33:21,890 [pool-371-thread-1] INFO  server.RaftServerConfigKeys (ConfUtils.java:logGet(44)) - raft.server.log.corruption.policy = EXCEPTION (default)
2021-10-05 12:33:21,890 [pool-371-thread-1] INFO  server.RaftServerConfigKeys (ConfUtils.java:logGet(44)) - raft.server.storage.free-space.min = 0MB (=0) (default)
2021-10-05 12:33:21,890 [pool-371-thread-1] INFO  storage.RaftStorageDirectory (RaftStorageDirectoryImpl.java:tryLock(230)) - Lock on /home/runner/work/ozone/ozone/hadoop-ozone/integration-test/target/test-dir/MiniOzoneClusterImpl-37ac24e5-edd8-4d0c-a990-01310c91afa3/omNode-1/ratis/c9bc4cf4-3bc3-3c60-a66b-523986131536/in_use.lock acquired by nodename 8782@fv-az270-324
2021-10-05 12:33:21,891 [pool-371-thread-1] INFO  storage.RaftStorage (RaftStorageImpl.java:analyzeAndRecoverStorage(110)) - Read RaftStorageMetadata{term=10, votedFor=omNode-2} from /home/runner/work/ozone/ozone/hadoop-ozone/integration-test/target/test-dir/MiniOzoneClusterImpl-37ac24e5-edd8-4d0c-a990-01310c91afa3/omNode-1/ratis/c9bc4cf4-3bc3-3c60-a66b-523986131536/current/raft-meta
2021-10-05 12:33:21,891 [pool-371-thread-1] INFO  server.RaftServer$Division (ServerState.java:setRaftConf(387)) - omNode-1@group-523986131536: set configuration 24: [omNode-3|rpc:localhost:10616|admin:|client:|dataStream:|priority:0, omNode-1|rpc:localhost:10604|admin:|client:|dataStream:|priority:0, omNode-2|rpc:localhost:10610|admin:|client:|dataStream:|priority:0], old=null
2021-10-05 12:33:21,891 [pool-371-thread-1] INFO  server.RaftServerConfigKeys (ConfUtils.java:logGet(44)) - raft.server.notification.no-leader.timeout = 2s (custom)
2021-10-05 12:33:21,891 [pool-371-thread-1] INFO  server.RaftServerConfigKeys (ConfUtils.java:logGet(44)) - raft.server.log.use.memory = false (default)
2021-10-05 12:33:21,891 [pool-371-thread-1] INFO  server.RaftServerConfigKeys (ConfUtils.java:logGet(44)) - raft.server.log.purge.gap = 50 (custom)
2021-10-05 12:33:21,891 [pool-371-thread-1] INFO  server.RaftServerConfigKeys (ConfUtils.java:logGet(44)) - raft.server.log.appender.buffer.byte-limit = 33554432 (custom)
2021-10-05 12:33:21,891 [pool-371-thread-1] INFO  server.RaftServerConfigKeys (ConfUtils.java:logGet(44)) - raft.server.log.segment.size.max = 4194304 (custom)
2021-10-05 12:33:21,892 [pool-371-thread-1] INFO  server.RaftServerConfigKeys (ConfUtils.java:logGet(44)) - raft.server.log.segment.cache.num.max = 2 (custom)
2021-10-05 12:33:21,892 [pool-371-thread-1] INFO  server.RaftServerConfigKeys (ConfUtils.java:logGet(44)) - raft.server.log.segment.cache.size.max = 200MB (=209715200) (default)
2021-10-05 12:33:21,892 [pool-371-thread-1] INFO  segmented.SegmentedRaftLogWorker (SegmentedRaftLogWorker.java:<init>(182)) - new omNode-1@group-523986131536-SegmentedRaftLogWorker for RaftStorageImpl:Storage Directory /home/runner/work/ozone/ozone/hadoop-ozone/integration-test/target/test-dir/MiniOzoneClusterImpl-37ac24e5-edd8-4d0c-a990-01310c91afa3/omNode-1/ratis/c9bc4cf4-3bc3-3c60-a66b-523986131536
2021-10-05 12:33:21,892 [pool-371-thread-1] INFO  server.RaftServerConfigKeys (ConfUtils.java:logGet(44)) - raft.server.log.queue.byte-limit = 64MB (=67108864) (default)
2021-10-05 12:33:21,892 [pool-371-thread-1] INFO  server.RaftServerConfigKeys (ConfUtils.java:logGet(44)) - raft.server.log.queue.element-limit = 4096 (default)
2021-10-05 12:33:21,892 [pool-371-thread-1] INFO  server.RaftServerConfigKeys (ConfUtils.java:logGet(44)) - raft.server.log.segment.size.max = 4194304 (custom)
2021-10-05 12:33:21,892 [pool-371-thread-1] INFO  server.RaftServerConfigKeys (ConfUtils.java:logGet(44)) - raft.server.log.preallocated.size = 4194304 (custom)
2021-10-05 12:33:21,892 [pool-371-thread-1] INFO  server.RaftServerConfigKeys (ConfUtils.java:logGet(44)) - raft.server.log.force.sync.num = 128 (default)
2021-10-05 12:33:21,892 [pool-371-thread-1] INFO  server.RaftServerConfigKeys (ConfUtils.java:logGet(44)) - raft.server.log.statemachine.data.sync = true (default)
2021-10-05 12:33:21,892 [pool-371-thread-1] INFO  server.RaftServerConfigKeys (ConfUtils.java:logGet(44)) - raft.server.log.statemachine.data.sync.timeout = 10s (default)
2021-10-05 12:33:21,892 [pool-371-thread-1] INFO  server.RaftServerConfigKeys (ConfUtils.java:logGet(44)) - raft.server.log.statemachine.data.sync.timeout.retry = -1 (default)
2021-10-05 12:33:21,893 [pool-371-thread-1] INFO  server.RaftServerConfigKeys (ConfUtils.java:logGet(44)) - raft.server.log.write.buffer.size = 64KB (=65536) (default)
2021-10-05 12:33:21,893 [pool-371-thread-1] INFO  server.RaftServerConfigKeys (ConfUtils.java:logGet(44)) - raft.server.log.statemachine.data.caching.enabled = false (default)
2021-10-05 12:33:21,894 [pool-371-thread-1] INFO  segmented.SegmentedRaftLogWorker (SegmentedRaftLogWorker.java:lambda$new$0(133)) - omNode-1@group-523986131536-SegmentedRaftLogWorker: flushIndex: setUnconditionally 0 -> 17
2021-10-05 12:33:21,894 [pool-371-thread-1] INFO  segmented.SegmentedRaftLogWorker (SegmentedRaftLogWorker.java:lambda$new$0(133)) - omNode-1@group-523986131536-SegmentedRaftLogWorker: safeCacheEvictIndex: setUnconditionally 0 -> -1
2021-10-05 12:33:21,894 [pool-371-thread-1] INFO  server.RaftServerConfigKeys (ConfUtils.java:logGet(44)) - raft.server.snapshot.auto.trigger.enabled = true (custom)
2021-10-05 12:33:21,894 [pool-371-thread-1] INFO  server.RaftServerConfigKeys (ConfUtils.java:logGet(44)) - raft.server.snapshot.auto.trigger.threshold = 50 (custom)
2021-10-05 12:33:21,894 [pool-371-thread-1] INFO  server.RaftServerConfigKeys (ConfUtils.java:logGet(44)) - raft.server.snapshot.retention.file.num = -1 (default)
2021-10-05 12:33:21,894 [pool-371-thread-1] INFO  server.RaftServerConfigKeys (ConfUtils.java:logGet(44)) - raft.server.log.purge.upto.snapshot.index = true (custom)
2021-10-05 12:33:21,894 [pool-371-thread-1] INFO  server.RaftServerConfigKeys (ConfUtils.java:logGet(44)) - raft.server.retrycache.expirytime = 30000ms (custom)
2021-10-05 12:33:21,894 [pool-371-thread-1] INFO  server.RaftServerConfigKeys (ConfUtils.java:logGet(44)) - raft.server.retrycache.statistics.expirytime = 100μs (default)
2021-10-05 12:33:21,895 [Listener at localhost/10612] INFO  server.RaftServer$Division (RaftServerImpl.java:start(296)) - omNode-1@group-523986131536: start as a follower, conf=24: [omNode-3|rpc:localhost:10616|admin:|client:|dataStream:|priority:0, omNode-1|rpc:localhost:10604|admin:|client:|dataStream:|priority:0, omNode-2|rpc:localhost:10610|admin:|client:|dataStream:|priority:0], old=null
2021-10-05 12:33:21,896 [Listener at localhost/10612] INFO  server.RaftServer$Division (RaftServerImpl.java:setRole(285)) - omNode-1@group-523986131536: changes role from      null to FOLLOWER at term 10 for startAsFollower
2021-10-05 12:33:21,896 [Listener at localhost/10612] INFO  impl.RoleInfo (RoleInfo.java:updateAndGet(130)) - omNode-1: start omNode-1@group-523986131536-FollowerState
2021-10-05 12:33:21,896 [Listener at localhost/10612] INFO  util.JmxRegister (JmxRegister.java:tryRegister(44)) - Successfully registered JMX Bean with object name Ratis:service=RaftServer,group=group-523986131536,id=omNode-1
2021-10-05 12:33:21,897 [Listener at localhost/10612] INFO  server.RaftServer (RaftServerProxy.java:lambda$start$5(374)) - omNode-1: start RPC server
2021-10-05 12:33:21,897 [Listener at localhost/10612] INFO  server.GrpcService (GrpcService.java:startImpl(253)) - omNode-1: GrpcService started, listening on 10604
2021-10-05 12:33:21,898 [org.apache.ratis.util.JvmPauseMonitor$$Lambda$523/2137356424@65bc8076] INFO  util.JvmPauseMonitor (JvmPauseMonitor.java:run(103)) - JvmPauseMonitor-omNode-1: Started
2021-10-05 12:33:21,898 [Listener at localhost/10612] INFO  ipc.CallQueueManager (CallQueueManager.java:<init>(90)) - Using callQueue: class java.util.concurrent.LinkedBlockingQueue, queueCapacity: 2000, scheduler: class org.apache.hadoop.ipc.DefaultRpcScheduler, ipcBackoff: false.
2021-10-05 12:33:21,899 [Socket Reader #1 for port 10600] INFO  ipc.Server (Server.java:run(1265)) - Starting Socket Reader #1 for port 10600
2021-10-05 12:33:21,901 [Listener at localhost/10600] INFO  http.BaseHttpServer (BaseHttpServer.java:newHttpServer2BuilderForOzone(209)) - Starting Web-server for ozoneManager at: http://0.0.0.0:10602
2021-10-05 12:33:21,901 [Listener at localhost/10600] INFO  http.BaseHttpServer (BaseHttpServer.java:<init>(107)) - Hadoop Security Enabled: false Ozone Security Enabled: false Ozone HTTP Security Enabled: false 
2021-10-05 12:33:21,902 [Listener at localhost/10600] INFO  server.AuthenticationFilter (AuthenticationFilter.java:constructSecretProvider(240)) - Unable to initialize FileSignerSecretProvider, falling back to use random secrets.
2021-10-05 12:33:21,902 [Listener at localhost/10600] WARN  http.HttpRequestLog (HttpRequestLog.java:getRequestLog(103)) - Jetty request log can only be enabled using Log4j
2021-10-05 12:33:21,903 [Listener at localhost/10600] INFO  http.HttpServer2 (HttpServer2.java:addGlobalFilter(1030)) - Added global filter 'safety' (class=org.apache.hadoop.hdds.server.http.HttpServer2$QuotingInputFilter)
2021-10-05 12:33:21,904 [Listener at localhost/10600] INFO  http.HttpServer2 (HttpServer2.java:addFilter(1006)) - Added filter static_user_filter (class=org.apache.hadoop.http.lib.StaticUserWebFilter$StaticUserFilter) to context ozoneManager
2021-10-05 12:33:21,904 [Listener at localhost/10600] INFO  http.HttpServer2 (HttpServer2.java:addFilter(1014)) - Added filter static_user_filter (class=org.apache.hadoop.http.lib.StaticUserWebFilter$StaticUserFilter) to context logs
2021-10-05 12:33:21,904 [Listener at localhost/10600] INFO  http.HttpServer2 (HttpServer2.java:addFilter(1014)) - Added filter static_user_filter (class=org.apache.hadoop.http.lib.StaticUserWebFilter$StaticUserFilter) to context static
2021-10-05 12:33:21,904 [Listener at localhost/10600] INFO  http.HttpServer2 (HttpServer2.java:bindListener(1249)) - Jetty bound to port 10602
2021-10-05 12:33:21,904 [Listener at localhost/10600] INFO  server.Server (Server.java:doStart(375)) - jetty-9.4.43.v20210629; built: 2021-06-30T11:07:22.254Z; git: 526006ecfa3af7f1a27ef3a288e2bef7ea9dd7e8; jvm 1.8.0_292-b10
2021-10-05 12:33:21,905 [Listener at localhost/10600] INFO  server.session (DefaultSessionIdManager.java:doStart(334)) - DefaultSessionIdManager workerName=node0
2021-10-05 12:33:21,906 [Listener at localhost/10600] INFO  server.session (DefaultSessionIdManager.java:doStart(339)) - No SessionScavenger set, using defaults
2021-10-05 12:33:21,906 [Listener at localhost/10600] INFO  server.session (HouseKeeper.java:startScavenging(132)) - node0 Scavenging every 660000ms
2021-10-05 12:33:21,906 [Listener at localhost/10600] INFO  handler.ContextHandler (ContextHandler.java:doStart(915)) - Started o.e.j.s.ServletContextHandler@5ec95e4a{logs,/logs,file:///home/runner/work/ozone/ozone/hadoop-ozone/integration-test/target/log,AVAILABLE}
2021-10-05 12:33:21,907 [Listener at localhost/10600] INFO  handler.ContextHandler (ContextHandler.java:doStart(915)) - Started o.e.j.s.ServletContextHandler@2bb6287b{static,/static,file:///home/runner/work/ozone/ozone/hadoop-ozone/integration-test/target/test-classes/webapps/static,AVAILABLE}
2021-10-05 12:33:21,909 [Listener at localhost/10600] INFO  handler.ContextHandler (ContextHandler.java:doStart(915)) - Started o.e.j.w.WebAppContext@6265a690{ozoneManager,/,file:///home/runner/work/ozone/ozone/hadoop-ozone/integration-test/target/test-classes/webapps/ozoneManager/,AVAILABLE}{file:/home/runner/work/ozone/ozone/hadoop-ozone/integration-test/target/test-classes/webapps/ozoneManager}
2021-10-05 12:33:21,910 [Listener at localhost/10600] INFO  server.AbstractConnector (AbstractConnector.java:doStart(331)) - Started ServerConnector@7db4fd75{HTTP/1.1, (http/1.1)}{0.0.0.0:10602}
2021-10-05 12:33:21,910 [Listener at localhost/10600] INFO  server.Server (Server.java:doStart(415)) - Started @171394ms
2021-10-05 12:33:21,911 [Listener at localhost/10600] WARN  impl.MetricsSystemImpl (MetricsSystemImpl.java:register(279)) - Sink prometheus already exists!
2021-10-05 12:33:21,911 [Listener at localhost/10600] INFO  http.BaseHttpServer (BaseHttpServer.java:updateConnectorAddress(329)) - HTTP server of ozoneManager listening at http://0.0.0.0:10602
2021-10-05 12:33:21,915 [IPC Server Responder] INFO  ipc.Server (Server.java:run(1507)) - IPC Server Responder: starting
2021-10-05 12:33:21,915 [IPC Server listener on 10600] INFO  ipc.Server (Server.java:run(1344)) - IPC Server listener on 10600: starting
2021-10-05 12:33:21,917 [Listener at localhost/10600] INFO  om.OzoneManager (OzoneManager.java:startTrashEmptier(1543)) - Trash Interval set to 0. Files deleted will not move to trash
2021-10-05 12:33:21,919 [Listener at localhost/10600] INFO  om.OzoneManager (OzoneManager.java:stop(1644)) - Stopping Ozone Manager
2021-10-05 12:33:21,919 [Listener at localhost/10600] INFO  ipc.Server (Server.java:stop(3414)) - Stopping server on 10606
2021-10-05 12:33:21,928 [org.apache.hadoop.util.JvmPauseMonitor$Monitor@3446b61e] INFO  util.JvmPauseMonitor (JvmPauseMonitor.java:run(188)) - Starting JVM pause monitor
2021-10-05 12:33:21,930 [IPC Server listener on 10606] INFO  ipc.Server (Server.java:run(1376)) - Stopping IPC Server listener on 10606
2021-10-05 12:33:21,930 [Listener at localhost/10600] INFO  server.RaftServer (RaftServerProxy.java:lambda$close$6(391)) - omNode-2: close
2021-10-05 12:33:21,930 [Listener at localhost/10600] INFO  server.RaftServer$Division (RaftServerImpl.java:lambda$close$4(407)) - omNode-2@group-523986131536: shutdown
2021-10-05 12:33:21,930 [Listener at localhost/10600] INFO  util.JmxRegister (JmxRegister.java:unregister(73)) - Successfully un-registered JMX Bean with object name Ratis:service=RaftServer,group=group-523986131536,id=omNode-2
2021-10-05 12:33:21,930 [Listener at localhost/10600] INFO  impl.RoleInfo (RoleInfo.java:shutdownLeaderState(91)) - omNode-2: shutdown omNode-2@group-523986131536-LeaderStateImpl
2021-10-05 12:33:21,930 [IPC Server Responder] INFO  ipc.Server (Server.java:run(1512)) - Stopping IPC Server Responder
2021-10-05 12:33:21,930 [Listener at localhost/10600] INFO  impl.PendingRequests (PendingRequests.java:sendNotLeaderResponses(282)) - omNode-2@group-523986131536-PendingRequests: sendNotLeaderResponses
2021-10-05 12:33:21,931 [omNode-2@group-523986131536->omNode-1-GrpcLogAppender-LogAppenderDaemon] WARN  server.GrpcLogAppender (GrpcLogAppender.java:mayWait(175)) - omNode-2@group-523986131536->omNode-1-GrpcLogAppender: Wait interrupted by java.lang.InterruptedException
2021-10-05 12:33:21,931 [omNode-2@group-523986131536->omNode-3-GrpcLogAppender-LogAppenderDaemon] WARN  server.GrpcLogAppender (GrpcLogAppender.java:mayWait(175)) - omNode-2@group-523986131536->omNode-3-GrpcLogAppender: Wait interrupted by java.lang.InterruptedException
2021-10-05 12:33:21,932 [Listener at localhost/10600] INFO  impl.StateMachineUpdater (StateMachineUpdater.java:stopAndJoin(149)) - omNode-2@group-523986131536-StateMachineUpdater: set stopIndex = 25
2021-10-05 12:33:21,933 [omNode-2@group-523986131536-StateMachineUpdater] INFO  ratis.OzoneManagerStateMachine (OzoneManagerStateMachine.java:takeSnapshot(417)) - Current Snapshot Index (t:10, i:25)
2021-10-05 12:33:21,933 [omNode-2@group-523986131536-StateMachineUpdater] INFO  impl.StateMachineUpdater (StateMachineUpdater.java:takeSnapshot(281)) - omNode-2@group-523986131536-StateMachineUpdater: Took a snapshot at index 25
2021-10-05 12:33:21,933 [omNode-2@group-523986131536-StateMachineUpdater] INFO  impl.StateMachineUpdater (StateMachineUpdater.java:lambda$new$0(89)) - omNode-2@group-523986131536-StateMachineUpdater: snapshotIndex: updateIncreasingly 23 -> 25
2021-10-05 12:33:21,933 [omNode-2@group-523986131536-StateMachineUpdater] INFO  ratis.OzoneManagerStateMachine (OzoneManagerStateMachine.java:close(471)) - StateMachine has shutdown. Shutdown OzoneManager if not already shutdown.
2021-10-05 12:33:21,933 [Listener at localhost/10600] INFO  server.RaftServer$Division (ServerState.java:close(419)) - omNode-2@group-523986131536: closes. applyIndex: 25
2021-10-05 12:33:21,933 [omNode-2@group-523986131536-SegmentedRaftLogWorker] INFO  segmented.SegmentedRaftLogWorker (SegmentedRaftLogWorker.java:run(327)) - omNode-2@group-523986131536-SegmentedRaftLogWorker was interrupted, exiting. There are 0 tasks remaining in the queue.
2021-10-05 12:33:21,934 [Listener at localhost/10600] INFO  segmented.SegmentedRaftLogWorker (SegmentedRaftLogWorker.java:close(237)) - omNode-2@group-523986131536-SegmentedRaftLogWorker close()
2021-10-05 12:33:21,934 [Listener at localhost/10600] INFO  server.GrpcService (GrpcService.java:closeImpl(262)) - omNode-2: shutdown server with port 10610 now
2021-10-05 12:33:21,936 [Listener at localhost/10600] INFO  server.GrpcService (GrpcService.java:closeImpl(271)) - omNode-2: shutdown server with port 10610 successfully
2021-10-05 12:33:21,936 [org.apache.ratis.util.JvmPauseMonitor$$Lambda$523/2137356424@58b8ad4e] INFO  util.JvmPauseMonitor (JvmPauseMonitor.java:run(109)) - JvmPauseMonitor-omNode-2: Stopped
2021-10-05 12:33:21,936 [Listener at localhost/10600] INFO  ratis.OzoneManagerDoubleBuffer (OzoneManagerDoubleBuffer.java:stop(437)) - Stopping OMDoubleBuffer flush thread
2021-10-05 12:33:21,936 [OMDoubleBufferFlushThread] INFO  ratis.OzoneManagerDoubleBuffer (OzoneManagerDoubleBuffer.java:flushTransactions(356)) - OMDoubleBuffer flush thread OMDoubleBufferFlushThread is interrupted and will exit. OMDoubleBufferFlushThread
2021-10-05 12:33:21,937 [Listener at localhost/10600] INFO  handler.ContextHandler (ContextHandler.java:doStop(1153)) - Stopped o.e.j.w.WebAppContext@241e3f01{ozoneManager,/,null,STOPPED}{file:/home/runner/work/ozone/ozone/hadoop-ozone/integration-test/target/test-classes/webapps/ozoneManager}
2021-10-05 12:33:21,938 [Listener at localhost/10600] INFO  server.AbstractConnector (AbstractConnector.java:doStop(381)) - Stopped ServerConnector@72015c96{HTTP/1.1, (http/1.1)}{0.0.0.0:10608}
2021-10-05 12:33:21,938 [Listener at localhost/10600] INFO  server.session (HouseKeeper.java:stopScavenging(149)) - node0 Stopped scavenging
2021-10-05 12:33:21,939 [Listener at localhost/10600] INFO  handler.ContextHandler (ContextHandler.java:doStop(1153)) - Stopped o.e.j.s.ServletContextHandler@5503c4fa{static,/static,file:///home/runner/work/ozone/ozone/hadoop-ozone/integration-test/target/test-classes/webapps/static,STOPPED}
2021-10-05 12:33:21,939 [Listener at localhost/10600] INFO  handler.ContextHandler (ContextHandler.java:doStop(1153)) - Stopped o.e.j.s.ServletContextHandler@41c3562c{logs,/logs,file:///home/runner/work/ozone/ozone/hadoop-ozone/integration-test/target/log,STOPPED}
2021-10-05 12:33:21,940 [Listener at localhost/10600] INFO  om.OzoneManager (OzoneManager.java:initFSOLayout(4333)) - Configured ozone.om.metadata.layout=SIMPLE and disabled optimized OM FS operations
2021-10-05 12:33:21,940 [Listener at localhost/10600] INFO  om.OzoneManager (OzoneManager.java:restart(1365)) - OzoneManager RPC server is listening at localhost/127.0.0.1:10606
2021-10-05 12:33:21,940 [Listener at localhost/10600] INFO  impl.MetricsSystemImpl (MetricsSystemImpl.java:init(158)) - OzoneManager metrics system started (again)
2021-10-05 12:33:21,955 [Listener at localhost/10600] WARN  server.ServerUtils (ServerUtils.java:getDBPath(225)) - ozone.om.db.dirs is not configured. We recommend adding this setting. Falling back to ozone.metadata.dirs instead.
2021-10-05 12:33:21,956 [Listener at localhost/10600] INFO  codec.OmKeyInfoCodec (OmKeyInfoCodec.java:<init>(51)) - OmKeyInfoCodec ignorePipeline = true
2021-10-05 12:33:21,956 [Listener at localhost/10600] INFO  codec.RepeatedOmKeyInfoCodec (RepeatedOmKeyInfoCodec.java:<init>(42)) - RepeatedOmKeyInfoCodec ignorePipeline = true
2021-10-05 12:33:21,986 [Listener at localhost/10600] WARN  impl.MetricRegistriesImpl (MetricRegistriesImpl.java:addReporterRegistration(111)) - New reporters are added after registries were created. Some metrics will be missing from the reporter. Please add reporter before adding any new registry.
2021-10-05 12:33:21,987 [Listener at localhost/10600] WARN  impl.MetricRegistriesImpl (MetricRegistriesImpl.java:addReporterRegistration(111)) - New reporters are added after registries were created. Some metrics will be missing from the reporter. Please add reporter before adding any new registry.
2021-10-05 12:33:21,987 [Listener at localhost/10600] WARN  server.ServerUtils (ServerUtils.java:getDefaultRatisDirectory(237)) - Storage directory for Ratis is not configured. It is a good idea to map this to an SSD disk. Falling back to ozone.metadata.dirs
2021-10-05 12:33:21,988 [Listener at localhost/10600] INFO  ratis.OzoneManagerRatisServer (OzoneManagerRatisServer.java:<init>(158)) - Instantiating OM Ratis server with groupID: om-service-test1 and peers: localhost:10610, localhost:10616, localhost:10604
2021-10-05 12:33:21,988 [Listener at localhost/10600] INFO  ratis.OzoneManagerStateMachine (OzoneManagerStateMachine.java:loadSnapshotInfoFromDB(605)) - LastAppliedIndex is set from TransactionInfo from OM DB as (t:10, i:25)
2021-10-05 12:33:21,989 [Listener at localhost/10600] INFO  server.RaftServer (ConfUtils.java:logGet(44)) - raft.rpc.type = GRPC (default)
2021-10-05 12:33:21,989 [Listener at localhost/10600] INFO  grpc.GrpcFactory (GrpcFactory.java:checkPooledByteBufAllocatorUseCacheForAllThreads(48)) - PERFORMANCE WARNING: useCacheForAllThreads is true that may cause Netty to create a lot garbage objects and, as a result, trigger GC.
	It is recommended to disable useCacheForAllThreads by setting -Dorg.apache.ratis.thirdparty.io.netty.allocator.useCacheForAllThreads=false in command line.
2021-10-05 12:33:21,989 [Listener at localhost/10600] INFO  grpc.GrpcConfigKeys (ConfUtils.java:logGet(44)) - raft.grpc.admin.port = -1 (default)
2021-10-05 12:33:21,989 [Listener at localhost/10600] INFO  grpc.GrpcConfigKeys (ConfUtils.java:logGet(44)) - raft.grpc.server.port = 10610 (custom)
2021-10-05 12:33:21,989 [Listener at localhost/10600] INFO  grpc.GrpcConfigKeys (ConfUtils.java:logGet(44)) - raft.grpc.client.port = -1 (default)
2021-10-05 12:33:21,989 [Listener at localhost/10600] INFO  grpc.GrpcConfigKeys (ConfUtils.java:logGet(44)) - raft.grpc.server.port = 10610 (custom)
2021-10-05 12:33:21,989 [Listener at localhost/10600] INFO  grpc.GrpcConfigKeys (ConfUtils.java:logGet(44)) - raft.grpc.server.port = 10610 (custom)
2021-10-05 12:33:21,990 [Listener at localhost/10600] INFO  server.GrpcService (ConfUtils.java:logGet(44)) - raft.grpc.message.size.max = 33554432 (custom)
2021-10-05 12:33:21,990 [Listener at localhost/10600] INFO  server.RaftServerConfigKeys (ConfUtils.java:logGet(44)) - raft.server.log.appender.buffer.byte-limit = 33554432 (custom)
2021-10-05 12:33:21,990 [Listener at localhost/10600] INFO  server.GrpcService (ConfUtils.java:logGet(44)) - raft.grpc.flow.control.window = 1MB (=1048576) (default)
2021-10-05 12:33:21,990 [Listener at localhost/10600] INFO  server.RaftServerConfigKeys (ConfUtils.java:logGet(44)) - raft.server.rpc.request.timeout = 3000ms (default)
2021-10-05 12:33:21,991 [Listener at localhost/10600] INFO  impl.DataStreamServerImpl (ConfUtils.java:logGet(44)) - raft.datastream.type = DISABLED (default)
2021-10-05 12:33:21,991 [Listener at localhost/10600] INFO  server.RaftServerConfigKeys (ConfUtils.java:logGet(44)) - raft.server.rpc.slowness.timeout = 2s (custom)
2021-10-05 12:33:21,991 [Listener at localhost/10600] INFO  server.RaftServerConfigKeys (ConfUtils.java:logGet(44)) - raft.server.leaderelection.leader.step-down.wait-time = 10s (default)
2021-10-05 12:33:21,991 [Listener at localhost/10600] INFO  server.RaftServerConfigKeys (ConfUtils.java:logGet(44)) - raft.server.storage.dir = [/home/runner/work/ozone/ozone/hadoop-ozone/integration-test/target/test-dir/MiniOzoneClusterImpl-37ac24e5-edd8-4d0c-a990-01310c91afa3/omNode-2/ratis] (custom)
2021-10-05 12:33:21,991 [Listener at localhost/10600] INFO  server.RaftServer (RaftServerProxy.java:lambda$null$1(235)) - omNode-2: found a subdirectory /home/runner/work/ozone/ozone/hadoop-ozone/integration-test/target/test-dir/MiniOzoneClusterImpl-37ac24e5-edd8-4d0c-a990-01310c91afa3/omNode-2/ratis/c9bc4cf4-3bc3-3c60-a66b-523986131536
2021-10-05 12:33:21,992 [Listener at localhost/10600] INFO  server.RaftServer (RaftServerProxy.java:addNew(95)) - omNode-2: addNew group-523986131536:[omNode-3|rpc:localhost:10616|priority:0, omNode-1|rpc:localhost:10604|priority:0, omNode-2|rpc:localhost:10610|priority:0] returns group-523986131536:java.util.concurrent.CompletableFuture@160b0b[Not completed]
2021-10-05 12:33:21,992 [Listener at localhost/10600] INFO  om.OzoneManager (OzoneManager.java:initializeRatisServer(1585)) - OzoneManager Ratis server initialized at port 10610
2021-10-05 12:33:21,992 [Listener at localhost/10600] INFO  ratis.OzoneManagerRatisServer (OzoneManagerRatisServer.java:start(516)) - Starting OzoneManagerRatisServer omNode-2 at port 10610
2021-10-05 12:33:21,992 [pool-391-thread-1] INFO  server.RaftServer$Division (RaftServerImpl.java:<init>(181)) - omNode-2: new RaftServerImpl for group-523986131536:[omNode-3|rpc:localhost:10616|priority:0, omNode-1|rpc:localhost:10604|priority:0, omNode-2|rpc:localhost:10610|priority:0] with OzoneManagerStateMachine:uninitialized
2021-10-05 12:33:21,993 [pool-391-thread-1] INFO  server.RaftServerConfigKeys (ConfUtils.java:logGet(44)) - raft.server.rpc.timeout.min = 1s (custom)
2021-10-05 12:33:21,993 [pool-391-thread-1] INFO  server.RaftServerConfigKeys (ConfUtils.java:logGet(44)) - raft.server.rpc.timeout.max = 1200ms (custom)
2021-10-05 12:33:21,993 [pool-391-thread-1] INFO  server.RaftServerConfigKeys (ConfUtils.java:logGet(44)) - raft.server.rpc.sleep.time = 25ms (default)
2021-10-05 12:33:21,993 [pool-391-thread-1] INFO  server.RaftServerConfigKeys (ConfUtils.java:logGet(44)) - raft.server.rpc.slowness.timeout = 2s (custom)
2021-10-05 12:33:21,993 [pool-391-thread-1] INFO  server.RaftServerConfigKeys (ConfUtils.java:logGet(44)) - raft.server.leaderelection.leader.step-down.wait-time = 10s (default)
2021-10-05 12:33:21,993 [pool-391-thread-1] INFO  server.RaftServerConfigKeys (ConfUtils.java:logGet(44)) - raft.server.sleep.deviation.threshold = 300ms (default)
2021-10-05 12:33:21,993 [pool-391-thread-1] INFO  server.RaftServerConfigKeys (ConfUtils.java:logGet(44)) - raft.server.log.appender.install.snapshot.enabled = false (custom)
2021-10-05 12:33:21,993 [pool-391-thread-1] INFO  server.RaftServer$Division (ServerState.java:<init>(105)) - omNode-2@group-523986131536: ConfigurationManager, init=-1: [omNode-3|rpc:localhost:10616|priority:0, omNode-1|rpc:localhost:10604|priority:0, omNode-2|rpc:localhost:10610|priority:0], old=null, confs=<EMPTY_MAP>
2021-10-05 12:33:21,993 [pool-391-thread-1] INFO  server.RaftServerConfigKeys (ConfUtils.java:logGet(44)) - raft.server.storage.dir = [/home/runner/work/ozone/ozone/hadoop-ozone/integration-test/target/test-dir/MiniOzoneClusterImpl-37ac24e5-edd8-4d0c-a990-01310c91afa3/omNode-2/ratis] (custom)
2021-10-05 12:33:21,993 [pool-391-thread-1] INFO  server.RaftServerConfigKeys (ConfUtils.java:logGet(44)) - raft.server.log.corruption.policy = EXCEPTION (default)
2021-10-05 12:33:21,993 [pool-391-thread-1] INFO  server.RaftServerConfigKeys (ConfUtils.java:logGet(44)) - raft.server.storage.free-space.min = 0MB (=0) (default)
2021-10-05 12:33:21,994 [pool-391-thread-1] INFO  storage.RaftStorageDirectory (RaftStorageDirectoryImpl.java:tryLock(230)) - Lock on /home/runner/work/ozone/ozone/hadoop-ozone/integration-test/target/test-dir/MiniOzoneClusterImpl-37ac24e5-edd8-4d0c-a990-01310c91afa3/omNode-2/ratis/c9bc4cf4-3bc3-3c60-a66b-523986131536/in_use.lock acquired by nodename 8782@fv-az270-324
2021-10-05 12:33:21,995 [pool-391-thread-1] INFO  storage.RaftStorage (RaftStorageImpl.java:analyzeAndRecoverStorage(110)) - Read RaftStorageMetadata{term=10, votedFor=omNode-2} from /home/runner/work/ozone/ozone/hadoop-ozone/integration-test/target/test-dir/MiniOzoneClusterImpl-37ac24e5-edd8-4d0c-a990-01310c91afa3/omNode-2/ratis/c9bc4cf4-3bc3-3c60-a66b-523986131536/current/raft-meta
2021-10-05 12:33:21,995 [pool-391-thread-1] INFO  server.RaftServer$Division (ServerState.java:setRaftConf(387)) - omNode-2@group-523986131536: set configuration 24: [omNode-3|rpc:localhost:10616|admin:|client:|dataStream:|priority:0, omNode-1|rpc:localhost:10604|admin:|client:|dataStream:|priority:0, omNode-2|rpc:localhost:10610|admin:|client:|dataStream:|priority:0], old=null
2021-10-05 12:33:21,996 [pool-391-thread-1] INFO  server.RaftServerConfigKeys (ConfUtils.java:logGet(44)) - raft.server.notification.no-leader.timeout = 2s (custom)
2021-10-05 12:33:21,996 [pool-391-thread-1] INFO  server.RaftServerConfigKeys (ConfUtils.java:logGet(44)) - raft.server.log.use.memory = false (default)
2021-10-05 12:33:21,996 [pool-391-thread-1] INFO  server.RaftServerConfigKeys (ConfUtils.java:logGet(44)) - raft.server.log.purge.gap = 50 (custom)
2021-10-05 12:33:21,996 [pool-391-thread-1] INFO  server.RaftServerConfigKeys (ConfUtils.java:logGet(44)) - raft.server.log.appender.buffer.byte-limit = 33554432 (custom)
2021-10-05 12:33:21,996 [pool-391-thread-1] INFO  server.RaftServerConfigKeys (ConfUtils.java:logGet(44)) - raft.server.log.segment.size.max = 4194304 (custom)
2021-10-05 12:33:21,996 [pool-391-thread-1] INFO  server.RaftServerConfigKeys (ConfUtils.java:logGet(44)) - raft.server.log.segment.cache.num.max = 2 (custom)
2021-10-05 12:33:21,996 [pool-391-thread-1] INFO  server.RaftServerConfigKeys (ConfUtils.java:logGet(44)) - raft.server.log.segment.cache.size.max = 200MB (=209715200) (default)
2021-10-05 12:33:21,997 [pool-391-thread-1] INFO  segmented.SegmentedRaftLogWorker (SegmentedRaftLogWorker.java:<init>(182)) - new omNode-2@group-523986131536-SegmentedRaftLogWorker for RaftStorageImpl:Storage Directory /home/runner/work/ozone/ozone/hadoop-ozone/integration-test/target/test-dir/MiniOzoneClusterImpl-37ac24e5-edd8-4d0c-a990-01310c91afa3/omNode-2/ratis/c9bc4cf4-3bc3-3c60-a66b-523986131536
2021-10-05 12:33:21,997 [pool-391-thread-1] INFO  server.RaftServerConfigKeys (ConfUtils.java:logGet(44)) - raft.server.log.queue.byte-limit = 64MB (=67108864) (default)
2021-10-05 12:33:21,997 [pool-391-thread-1] INFO  server.RaftServerConfigKeys (ConfUtils.java:logGet(44)) - raft.server.log.queue.element-limit = 4096 (default)
2021-10-05 12:33:21,997 [pool-391-thread-1] INFO  server.RaftServerConfigKeys (ConfUtils.java:logGet(44)) - raft.server.log.segment.size.max = 4194304 (custom)
2021-10-05 12:33:21,997 [pool-391-thread-1] INFO  server.RaftServerConfigKeys (ConfUtils.java:logGet(44)) - raft.server.log.preallocated.size = 4194304 (custom)
2021-10-05 12:33:21,997 [pool-391-thread-1] INFO  server.RaftServerConfigKeys (ConfUtils.java:logGet(44)) - raft.server.log.force.sync.num = 128 (default)
2021-10-05 12:33:21,997 [pool-391-thread-1] INFO  server.RaftServerConfigKeys (ConfUtils.java:logGet(44)) - raft.server.log.statemachine.data.sync = true (default)
2021-10-05 12:33:21,997 [pool-391-thread-1] INFO  server.RaftServerConfigKeys (ConfUtils.java:logGet(44)) - raft.server.log.statemachine.data.sync.timeout = 10s (default)
2021-10-05 12:33:21,997 [pool-391-thread-1] INFO  server.RaftServerConfigKeys (ConfUtils.java:logGet(44)) - raft.server.log.statemachine.data.sync.timeout.retry = -1 (default)
2021-10-05 12:33:21,998 [pool-391-thread-1] INFO  server.RaftServerConfigKeys (ConfUtils.java:logGet(44)) - raft.server.log.write.buffer.size = 64KB (=65536) (default)
2021-10-05 12:33:21,998 [pool-391-thread-1] INFO  server.RaftServerConfigKeys (ConfUtils.java:logGet(44)) - raft.server.log.statemachine.data.caching.enabled = false (default)
2021-10-05 12:33:21,999 [pool-391-thread-1] INFO  server.RaftServer$Division (ServerState.java:setRaftConf(387)) - omNode-2@group-523986131536: set configuration 18: [omNode-3|rpc:localhost:10616|admin:|client:|dataStream:|priority:0, omNode-1|rpc:localhost:10604|admin:|client:|dataStream:|priority:0, omNode-2|rpc:localhost:10610|admin:|client:|dataStream:|priority:0], old=null
2021-10-05 12:33:21,999 [pool-391-thread-1] INFO  segmented.LogSegment (LogSegment.java:loadSegment(173)) - Successfully read 2 entries from segment file /home/runner/work/ozone/ozone/hadoop-ozone/integration-test/target/test-dir/MiniOzoneClusterImpl-37ac24e5-edd8-4d0c-a990-01310c91afa3/omNode-2/ratis/c9bc4cf4-3bc3-3c60-a66b-523986131536/current/log_18-19
2021-10-05 12:33:21,999 [pool-391-thread-1] INFO  server.RaftServer$Division (ServerState.java:setRaftConf(387)) - omNode-2@group-523986131536: set configuration 20: [omNode-3|rpc:localhost:10616|admin:|client:|dataStream:|priority:0, omNode-1|rpc:localhost:10604|admin:|client:|dataStream:|priority:0, omNode-2|rpc:localhost:10610|admin:|client:|dataStream:|priority:0], old=null
2021-10-05 12:33:22,000 [pool-391-thread-1] INFO  segmented.LogSegment (LogSegment.java:loadSegment(173)) - Successfully read 4 entries from segment file /home/runner/work/ozone/ozone/hadoop-ozone/integration-test/target/test-dir/MiniOzoneClusterImpl-37ac24e5-edd8-4d0c-a990-01310c91afa3/omNode-2/ratis/c9bc4cf4-3bc3-3c60-a66b-523986131536/current/log_20-23
2021-10-05 12:33:22,000 [pool-391-thread-1] INFO  server.RaftServer$Division (ServerState.java:setRaftConf(387)) - omNode-2@group-523986131536: set configuration 24: [omNode-3|rpc:localhost:10616|admin:|client:|dataStream:|priority:0, omNode-1|rpc:localhost:10604|admin:|client:|dataStream:|priority:0, omNode-2|rpc:localhost:10610|admin:|client:|dataStream:|priority:0], old=null
2021-10-05 12:33:22,000 [pool-391-thread-1] INFO  segmented.LogSegment (LogSegment.java:loadSegment(173)) - Successfully read 2 entries from segment file /home/runner/work/ozone/ozone/hadoop-ozone/integration-test/target/test-dir/MiniOzoneClusterImpl-37ac24e5-edd8-4d0c-a990-01310c91afa3/omNode-2/ratis/c9bc4cf4-3bc3-3c60-a66b-523986131536/current/log_inprogress_24
2021-10-05 12:33:22,000 [pool-391-thread-1] INFO  segmented.SegmentedRaftLogWorker (SegmentedRaftLogWorker.java:lambda$new$0(133)) - omNode-2@group-523986131536-SegmentedRaftLogWorker: flushIndex: setUnconditionally 0 -> 25
2021-10-05 12:33:22,000 [pool-391-thread-1] INFO  segmented.SegmentedRaftLogWorker (SegmentedRaftLogWorker.java:lambda$new$0(133)) - omNode-2@group-523986131536-SegmentedRaftLogWorker: safeCacheEvictIndex: setUnconditionally 0 -> 23
2021-10-05 12:33:22,000 [pool-391-thread-1] INFO  raftlog.RaftLog (RaftLogBase.java:lambda$new$0(53)) - omNode-2@group-523986131536-SegmentedRaftLog: commitIndex: updateToMax old=25, new=24, updated? false
2021-10-05 12:33:22,000 [pool-391-thread-1] INFO  raftlog.RaftLog (RaftLogBase.java:lambda$new$0(53)) - omNode-2@group-523986131536-SegmentedRaftLog: purgeIndex: updateIncreasingly -1 -> 17
2021-10-05 12:33:22,000 [pool-391-thread-1] INFO  server.RaftServerConfigKeys (ConfUtils.java:logGet(44)) - raft.server.snapshot.auto.trigger.enabled = true (custom)
2021-10-05 12:33:22,000 [pool-391-thread-1] INFO  server.RaftServerConfigKeys (ConfUtils.java:logGet(44)) - raft.server.snapshot.auto.trigger.threshold = 50 (custom)
2021-10-05 12:33:22,000 [pool-391-thread-1] INFO  server.RaftServerConfigKeys (ConfUtils.java:logGet(44)) - raft.server.snapshot.retention.file.num = -1 (default)
2021-10-05 12:33:22,001 [pool-391-thread-1] INFO  server.RaftServerConfigKeys (ConfUtils.java:logGet(44)) - raft.server.log.purge.upto.snapshot.index = true (custom)
2021-10-05 12:33:22,001 [pool-391-thread-1] INFO  server.RaftServerConfigKeys (ConfUtils.java:logGet(44)) - raft.server.retrycache.expirytime = 30000ms (custom)
2021-10-05 12:33:22,001 [pool-391-thread-1] INFO  server.RaftServerConfigKeys (ConfUtils.java:logGet(44)) - raft.server.retrycache.statistics.expirytime = 100μs (default)
2021-10-05 12:33:22,002 [Listener at localhost/10600] INFO  server.RaftServer$Division (RaftServerImpl.java:start(296)) - omNode-2@group-523986131536: start as a follower, conf=24: [omNode-3|rpc:localhost:10616|admin:|client:|dataStream:|priority:0, omNode-1|rpc:localhost:10604|admin:|client:|dataStream:|priority:0, omNode-2|rpc:localhost:10610|admin:|client:|dataStream:|priority:0], old=null
2021-10-05 12:33:22,002 [Listener at localhost/10600] INFO  server.RaftServer$Division (RaftServerImpl.java:setRole(285)) - omNode-2@group-523986131536: changes role from      null to FOLLOWER at term 10 for startAsFollower
2021-10-05 12:33:22,002 [Listener at localhost/10600] INFO  impl.RoleInfo (RoleInfo.java:updateAndGet(130)) - omNode-2: start omNode-2@group-523986131536-FollowerState
2021-10-05 12:33:22,003 [Listener at localhost/10600] INFO  util.JmxRegister (JmxRegister.java:tryRegister(44)) - Successfully registered JMX Bean with object name Ratis:service=RaftServer,group=group-523986131536,id=omNode-2
2021-10-05 12:33:22,011 [Listener at localhost/10600] INFO  server.RaftServer (RaftServerProxy.java:lambda$start$5(374)) - omNode-2: start RPC server
2021-10-05 12:33:22,012 [Listener at localhost/10600] INFO  server.GrpcService (GrpcService.java:startImpl(253)) - omNode-2: GrpcService started, listening on 10610
2021-10-05 12:33:22,013 [Listener at localhost/10600] INFO  ipc.CallQueueManager (CallQueueManager.java:<init>(90)) - Using callQueue: class java.util.concurrent.LinkedBlockingQueue, queueCapacity: 2000, scheduler: class org.apache.hadoop.ipc.DefaultRpcScheduler, ipcBackoff: false.
2021-10-05 12:33:22,013 [org.apache.ratis.util.JvmPauseMonitor$$Lambda$523/2137356424@719dd1c4] INFO  util.JvmPauseMonitor (JvmPauseMonitor.java:run(103)) - JvmPauseMonitor-omNode-2: Started
2021-10-05 12:33:22,013 [Socket Reader #1 for port 10606] INFO  ipc.Server (Server.java:run(1265)) - Starting Socket Reader #1 for port 10606
2021-10-05 12:33:22,016 [Listener at localhost/10606] INFO  http.BaseHttpServer (BaseHttpServer.java:newHttpServer2BuilderForOzone(209)) - Starting Web-server for ozoneManager at: http://0.0.0.0:10608
2021-10-05 12:33:22,016 [Listener at localhost/10606] INFO  http.BaseHttpServer (BaseHttpServer.java:<init>(107)) - Hadoop Security Enabled: false Ozone Security Enabled: false Ozone HTTP Security Enabled: false 
2021-10-05 12:33:22,017 [Listener at localhost/10606] INFO  server.AuthenticationFilter (AuthenticationFilter.java:constructSecretProvider(240)) - Unable to initialize FileSignerSecretProvider, falling back to use random secrets.
2021-10-05 12:33:22,017 [Listener at localhost/10606] WARN  http.HttpRequestLog (HttpRequestLog.java:getRequestLog(103)) - Jetty request log can only be enabled using Log4j
2021-10-05 12:33:22,018 [Listener at localhost/10606] INFO  http.HttpServer2 (HttpServer2.java:addGlobalFilter(1030)) - Added global filter 'safety' (class=org.apache.hadoop.hdds.server.http.HttpServer2$QuotingInputFilter)
2021-10-05 12:33:22,019 [Listener at localhost/10606] INFO  http.HttpServer2 (HttpServer2.java:addFilter(1006)) - Added filter static_user_filter (class=org.apache.hadoop.http.lib.StaticUserWebFilter$StaticUserFilter) to context ozoneManager
2021-10-05 12:33:22,019 [Listener at localhost/10606] INFO  http.HttpServer2 (HttpServer2.java:addFilter(1014)) - Added filter static_user_filter (class=org.apache.hadoop.http.lib.StaticUserWebFilter$StaticUserFilter) to context logs
2021-10-05 12:33:22,019 [Listener at localhost/10606] INFO  http.HttpServer2 (HttpServer2.java:addFilter(1014)) - Added filter static_user_filter (class=org.apache.hadoop.http.lib.StaticUserWebFilter$StaticUserFilter) to context static
2021-10-05 12:33:22,022 [Listener at localhost/10606] INFO  http.HttpServer2 (HttpServer2.java:bindListener(1249)) - Jetty bound to port 10608
2021-10-05 12:33:22,022 [Listener at localhost/10606] INFO  server.Server (Server.java:doStart(375)) - jetty-9.4.43.v20210629; built: 2021-06-30T11:07:22.254Z; git: 526006ecfa3af7f1a27ef3a288e2bef7ea9dd7e8; jvm 1.8.0_292-b10
2021-10-05 12:33:22,028 [Listener at localhost/10606] INFO  server.session (DefaultSessionIdManager.java:doStart(334)) - DefaultSessionIdManager workerName=node0
2021-10-05 12:33:22,028 [Listener at localhost/10606] INFO  server.session (DefaultSessionIdManager.java:doStart(339)) - No SessionScavenger set, using defaults
2021-10-05 12:33:22,028 [Listener at localhost/10606] INFO  server.session (HouseKeeper.java:startScavenging(132)) - node0 Scavenging every 660000ms
2021-10-05 12:33:22,029 [Listener at localhost/10606] INFO  handler.ContextHandler (ContextHandler.java:doStart(915)) - Started o.e.j.s.ServletContextHandler@63f5bb76{logs,/logs,file:///home/runner/work/ozone/ozone/hadoop-ozone/integration-test/target/log,AVAILABLE}
2021-10-05 12:33:22,029 [Listener at localhost/10606] INFO  handler.ContextHandler (ContextHandler.java:doStart(915)) - Started o.e.j.s.ServletContextHandler@1b3388c5{static,/static,file:///home/runner/work/ozone/ozone/hadoop-ozone/integration-test/target/test-classes/webapps/static,AVAILABLE}
2021-10-05 12:33:22,034 [Listener at localhost/10606] INFO  handler.ContextHandler (ContextHandler.java:doStart(915)) - Started o.e.j.w.WebAppContext@42b4d205{ozoneManager,/,file:///home/runner/work/ozone/ozone/hadoop-ozone/integration-test/target/test-classes/webapps/ozoneManager/,AVAILABLE}{file:/home/runner/work/ozone/ozone/hadoop-ozone/integration-test/target/test-classes/webapps/ozoneManager}
2021-10-05 12:33:22,035 [Listener at localhost/10606] INFO  server.AbstractConnector (AbstractConnector.java:doStart(331)) - Started ServerConnector@1d5aa4b3{HTTP/1.1, (http/1.1)}{0.0.0.0:10608}
2021-10-05 12:33:22,036 [Listener at localhost/10606] INFO  server.Server (Server.java:doStart(415)) - Started @171519ms
2021-10-05 12:33:22,036 [Listener at localhost/10606] WARN  impl.MetricsSystemImpl (MetricsSystemImpl.java:register(279)) - Sink prometheus already exists!
2021-10-05 12:33:22,038 [Listener at localhost/10606] INFO  http.BaseHttpServer (BaseHttpServer.java:updateConnectorAddress(329)) - HTTP server of ozoneManager listening at http://0.0.0.0:10608
2021-10-05 12:33:22,039 [IPC Server Responder] INFO  ipc.Server (Server.java:run(1507)) - IPC Server Responder: starting
2021-10-05 12:33:22,043 [IPC Server listener on 10606] INFO  ipc.Server (Server.java:run(1344)) - IPC Server listener on 10606: starting
2021-10-05 12:33:22,045 [Listener at localhost/10606] INFO  om.OzoneManager (OzoneManager.java:startTrashEmptier(1543)) - Trash Interval set to 0. Files deleted will not move to trash
]]></system-out>
  </testcase>
  <testcase name="testPrepareWithRestart" classname="org.apache.hadoop.ozone.om.TestOzoneManagerPrepare" time="125.552">
    <error message="timeout: after 120000 millis" type="java.util.concurrent.TimeoutException">java.util.concurrent.TimeoutException: timeout: after 120000 millis
	at org.apache.ozone.test.LambdaTestUtils$GenerateTimeout.evaluate(LambdaTestUtils.java:677)
	at org.apache.ozone.test.LambdaTestUtils.await(LambdaTestUtils.java:154)
	at org.apache.ozone.test.LambdaTestUtils.await(LambdaTestUtils.java:192)
	at org.apache.hadoop.ozone.om.TestOzoneManagerPrepare.assertClusterNotPrepared(TestOzoneManagerPrepare.java:484)
	at org.apache.hadoop.ozone.om.TestOzoneManagerPrepare.assertClusterNotPrepared(TestOzoneManagerPrepare.java:478)
	at org.apache.hadoop.ozone.om.TestOzoneManagerPrepare.initOM(TestOzoneManagerPrepare.java:91)
	at sun.reflect.NativeMethodAccessorImpl.invoke0(Native Method)
	at sun.reflect.NativeMethodAccessorImpl.invoke(NativeMethodAccessorImpl.java:62)
	at sun.reflect.DelegatingMethodAccessorImpl.invoke(DelegatingMethodAccessorImpl.java:43)
	at java.lang.reflect.Method.invoke(Method.java:498)
	at org.junit.runners.model.FrameworkMethod$1.runReflectiveCall(FrameworkMethod.java:59)
	at org.junit.internal.runners.model.ReflectiveCallable.run(ReflectiveCallable.java:12)
	at org.junit.runners.model.FrameworkMethod.invokeExplosively(FrameworkMethod.java:56)
	at org.junit.internal.runners.statements.RunBefores.invokeMethod(RunBefores.java:33)
	at org.junit.internal.runners.statements.RunBefores.evaluate(RunBefores.java:24)
	at org.junit.internal.runners.statements.RunAfters.evaluate(RunAfters.java:27)
	at org.junit.rules.ExpectedException$ExpectedExceptionStatement.evaluate(ExpectedException.java:258)
	at org.junit.internal.runners.statements.FailOnTimeout$CallableStatement.call(FailOnTimeout.java:288)
	at org.junit.internal.runners.statements.FailOnTimeout$CallableStatement.call(FailOnTimeout.java:282)
	at java.util.concurrent.FutureTask.run(FutureTask.java:266)
	at java.lang.Thread.run(Thread.java:748)
</error>
    <system-out><![CDATA[2021-10-05 12:33:22,055 [org.apache.hadoop.util.JvmPauseMonitor$Monitor@4a081e4] INFO  util.JvmPauseMonitor (JvmPauseMonitor.java:run(188)) - Starting JVM pause monitor
2021-10-05 12:33:22,058 [Time-limited test] INFO  retry.RetryInvocationHandler (RetryInvocationHandler.java:log(411)) - com.google.protobuf.ServiceException: java.io.EOFException: End of File Exception between local host is: "fv-az270-324/10.1.0.10"; destination host is: "localhost":10600; : java.io.EOFException; For more details see:  http://wiki.apache.org/hadoop/EOFException, while invoking $Proxy52.submitRequest over nodeId=omNode-1,nodeAddress=127.0.0.1:10600. Trying to failover immediately.
2021-10-05 12:33:22,061 [Time-limited test] INFO  retry.RetryInvocationHandler (RetryInvocationHandler.java:log(411)) - com.google.protobuf.ServiceException: java.io.EOFException: End of File Exception between local host is: "fv-az270-324/10.1.0.10"; destination host is: "localhost":10612; : java.io.EOFException; For more details see:  http://wiki.apache.org/hadoop/EOFException, while invoking $Proxy52.submitRequest over nodeId=omNode-3,nodeAddress=127.0.0.1:10612 after 1 failover attempts. Trying to failover after sleeping for 2000ms.
2021-10-05 12:33:22,917 [omNode-3@group-523986131536-FollowerState] INFO  impl.FollowerState (FollowerState.java:run(134)) - omNode-3@group-523986131536-FollowerState: change to CANDIDATE, lastRpcElapsedTime:1168727714ns, electionTimeout:1165ms
2021-10-05 12:33:22,917 [omNode-3@group-523986131536-FollowerState] INFO  impl.RoleInfo (RoleInfo.java:shutdownFollowerState(108)) - omNode-3: shutdown omNode-3@group-523986131536-FollowerState
2021-10-05 12:33:22,917 [omNode-3@group-523986131536-FollowerState] INFO  server.RaftServer$Division (RaftServerImpl.java:setRole(285)) - omNode-3@group-523986131536: changes role from  FOLLOWER to CANDIDATE at term 10 for changeToCandidate
2021-10-05 12:33:22,918 [omNode-3@group-523986131536-FollowerState] INFO  server.RaftServerConfigKeys (ConfUtils.java:logGet(44)) - raft.server.leaderelection.pre-vote = false (custom)
2021-10-05 12:33:22,918 [omNode-3@group-523986131536-FollowerState] INFO  impl.RoleInfo (RoleInfo.java:updateAndGet(130)) - omNode-3: start omNode-3@group-523986131536-LeaderElection28
2021-10-05 12:33:22,922 [omNode-3@group-523986131536-LeaderElection28] INFO  impl.LeaderElection (LeaderElection.java:askForVotes(306)) - omNode-3@group-523986131536-LeaderElection28 ELECTION round 0: submit vote requests at term 11 for 24: [omNode-3|rpc:localhost:10616|admin:|client:|dataStream:|priority:0, omNode-1|rpc:localhost:10604|admin:|client:|dataStream:|priority:0, omNode-2|rpc:localhost:10610|admin:|client:|dataStream:|priority:0], old=null
2021-10-05 12:33:22,936 [grpc-default-executor-1] INFO  server.RaftServer$Division (RaftServerImpl.java:requestVote(1043)) - omNode-2@group-523986131536: receive requestVote(ELECTION, omNode-3, group-523986131536, 11, (t:10, i:25))
2021-10-05 12:33:22,936 [grpc-default-executor-1] INFO  impl.VoteContext (VoteContext.java:log(48)) - omNode-2@group-523986131536-FOLLOWER: accept ELECTION from omNode-3: our priority 0 <= candidate's priority 0
2021-10-05 12:33:22,936 [grpc-default-executor-1] INFO  server.RaftServer$Division (RaftServerImpl.java:setRole(285)) - omNode-2@group-523986131536: changes role from  FOLLOWER to FOLLOWER at term 11 for candidate:omNode-3
2021-10-05 12:33:22,936 [grpc-default-executor-1] INFO  impl.RoleInfo (RoleInfo.java:shutdownFollowerState(108)) - omNode-2: shutdown omNode-2@group-523986131536-FollowerState
2021-10-05 12:33:22,936 [grpc-default-executor-1] INFO  impl.RoleInfo (RoleInfo.java:updateAndGet(130)) - omNode-2: start omNode-2@group-523986131536-FollowerState
2021-10-05 12:33:22,936 [omNode-2@group-523986131536-FollowerState] INFO  impl.FollowerState (FollowerState.java:run(143)) - omNode-2@group-523986131536-FollowerState was interrupted: {}
java.lang.InterruptedException: sleep interrupted
	at java.lang.Thread.sleep(Native Method)
	at java.lang.Thread.sleep(Thread.java:340)
	at java.util.concurrent.TimeUnit.sleep(TimeUnit.java:386)
	at org.apache.ratis.util.TimeDuration.sleep(TimeDuration.java:324)
	at org.apache.ratis.util.TimeDuration.sleep(TimeDuration.java:309)
	at org.apache.ratis.server.impl.FollowerState.run(FollowerState.java:118)
2021-10-05 12:33:22,940 [grpc-default-executor-7] INFO  server.RaftServer$Division (RaftServerImpl.java:requestVote(1043)) - omNode-1@group-523986131536: receive requestVote(ELECTION, omNode-3, group-523986131536, 11, (t:10, i:25))
2021-10-05 12:33:22,940 [grpc-default-executor-7] INFO  impl.VoteContext (VoteContext.java:log(48)) - omNode-1@group-523986131536-FOLLOWER: accept ELECTION from omNode-3: our last entry (t:2, i:17) < candidate's last entry (t:10, i:25)
2021-10-05 12:33:22,940 [grpc-default-executor-7] INFO  server.RaftServer$Division (RaftServerImpl.java:setRole(285)) - omNode-1@group-523986131536: changes role from  FOLLOWER to FOLLOWER at term 11 for candidate:omNode-3
2021-10-05 12:33:22,940 [grpc-default-executor-7] INFO  impl.RoleInfo (RoleInfo.java:shutdownFollowerState(108)) - omNode-1: shutdown omNode-1@group-523986131536-FollowerState
2021-10-05 12:33:22,940 [grpc-default-executor-7] INFO  impl.RoleInfo (RoleInfo.java:updateAndGet(130)) - omNode-1: start omNode-1@group-523986131536-FollowerState
2021-10-05 12:33:22,940 [omNode-1@group-523986131536-FollowerState] INFO  impl.FollowerState (FollowerState.java:run(143)) - omNode-1@group-523986131536-FollowerState was interrupted: {}
java.lang.InterruptedException: sleep interrupted
	at java.lang.Thread.sleep(Native Method)
	at java.lang.Thread.sleep(Thread.java:340)
	at java.util.concurrent.TimeUnit.sleep(TimeUnit.java:386)
	at org.apache.ratis.util.TimeDuration.sleep(TimeDuration.java:324)
	at org.apache.ratis.util.TimeDuration.sleep(TimeDuration.java:309)
	at org.apache.ratis.server.impl.FollowerState.run(FollowerState.java:118)
2021-10-05 12:33:22,941 [grpc-default-executor-7] INFO  server.RaftServer$Division (RaftServerImpl.java:requestVote(1075)) - omNode-1@group-523986131536 replies to ELECTION vote request: omNode-3<-omNode-1#0:OK-t11. Peer's state: omNode-1@group-523986131536:t11, leader=null, voted=omNode-3, raftlog=omNode-1@group-523986131536-SegmentedRaftLog:OPENED:c17,f17,i0, conf=24: [omNode-3|rpc:localhost:10616|admin:|client:|dataStream:|priority:0, omNode-1|rpc:localhost:10604|admin:|client:|dataStream:|priority:0, omNode-2|rpc:localhost:10610|admin:|client:|dataStream:|priority:0], old=null
2021-10-05 12:33:22,943 [grpc-default-executor-1] INFO  server.RaftServer$Division (RaftServerImpl.java:requestVote(1075)) - omNode-2@group-523986131536 replies to ELECTION vote request: omNode-3<-omNode-2#0:OK-t11. Peer's state: omNode-2@group-523986131536:t11, leader=null, voted=omNode-3, raftlog=omNode-2@group-523986131536-SegmentedRaftLog:OPENED:c25,f25,i25, conf=24: [omNode-3|rpc:localhost:10616|admin:|client:|dataStream:|priority:0, omNode-1|rpc:localhost:10604|admin:|client:|dataStream:|priority:0, omNode-2|rpc:localhost:10610|admin:|client:|dataStream:|priority:0], old=null
2021-10-05 12:33:22,944 [omNode-3@group-523986131536-LeaderElection28] INFO  impl.LeaderElection (LeaderElection.java:logAndReturn(89)) - omNode-3@group-523986131536-LeaderElection28: ELECTION PASSED received 1 response(s) and 0 exception(s):
2021-10-05 12:33:22,944 [omNode-3@group-523986131536-LeaderElection28] INFO  impl.LeaderElection (LeaderElection.java:logAndReturn(93)) -   Response 0: omNode-3<-omNode-1#0:OK-t11
2021-10-05 12:33:22,944 [omNode-3@group-523986131536-LeaderElection28] INFO  impl.LeaderElection (LeaderElection.java:askForVotes(308)) - omNode-3@group-523986131536-LeaderElection28 ELECTION round 0: result PASSED
2021-10-05 12:33:22,944 [omNode-3@group-523986131536-LeaderElection28] INFO  impl.RoleInfo (RoleInfo.java:shutdownLeaderElection(121)) - omNode-3: shutdown omNode-3@group-523986131536-LeaderElection28
2021-10-05 12:33:22,944 [omNode-3@group-523986131536-LeaderElection28] INFO  server.RaftServer$Division (RaftServerImpl.java:setRole(285)) - omNode-3@group-523986131536: changes role from CANDIDATE to LEADER at term 11 for changeToLeader
2021-10-05 12:33:22,944 [omNode-3@group-523986131536-LeaderElection28] INFO  server.RaftServer$Division (ServerState.java:setLeader(285)) - omNode-3@group-523986131536: change Leader from null to omNode-3 at term 11 for becomeLeader, leader elected after 1202ms
2021-10-05 12:33:22,944 [omNode-3@group-523986131536-LeaderElection28] INFO  server.RaftServerConfigKeys (ConfUtils.java:logGet(44)) - raft.server.staging.catchup.gap = 1000 (default)
2021-10-05 12:33:22,945 [omNode-3@group-523986131536-LeaderElection28] INFO  server.RaftServerConfigKeys (ConfUtils.java:logGet(44)) - raft.server.write.element-limit = 4096 (default)
2021-10-05 12:33:22,945 [omNode-3@group-523986131536-LeaderElection28] INFO  server.RaftServerConfigKeys (ConfUtils.java:logGet(44)) - raft.server.write.byte-limit = 64MB (=67108864) (default)
2021-10-05 12:33:22,945 [omNode-3@group-523986131536-LeaderElection28] INFO  server.RaftServerConfigKeys (ConfUtils.java:logGet(44)) - raft.server.watch.timeout = 10s (default)
2021-10-05 12:33:22,945 [omNode-3@group-523986131536-LeaderElection28] INFO  server.RaftServerConfigKeys (ConfUtils.java:logGet(44)) - raft.server.watch.timeout.denomination = 1s (default)
2021-10-05 12:33:22,945 [omNode-3@group-523986131536-LeaderElection28] INFO  server.RaftServerConfigKeys (ConfUtils.java:logGet(44)) - raft.server.watch.element-limit = 65536 (default)
2021-10-05 12:33:22,945 [omNode-3@group-523986131536-LeaderElection28] INFO  server.RaftServerConfigKeys (ConfUtils.java:logGet(44)) - raft.server.log.appender.snapshot.chunk.size.max = 16MB (=16777216) (default)
2021-10-05 12:33:22,945 [omNode-3@group-523986131536-LeaderElection28] INFO  server.RaftServerConfigKeys (ConfUtils.java:logGet(44)) - raft.server.log.appender.buffer.byte-limit = 33554432 (custom)
2021-10-05 12:33:22,945 [omNode-3@group-523986131536-LeaderElection28] INFO  server.RaftServerConfigKeys (ConfUtils.java:logGet(44)) - raft.server.log.appender.buffer.element-limit = 1024 (custom)
2021-10-05 12:33:22,946 [omNode-3@group-523986131536-LeaderElection28] INFO  grpc.GrpcConfigKeys (ConfUtils.java:logGet(44)) - raft.grpc.server.leader.outstanding.appends.max = 128 (default)
2021-10-05 12:33:22,946 [omNode-3@group-523986131536-LeaderElection28] INFO  server.RaftServerConfigKeys (ConfUtils.java:logGet(44)) - raft.server.rpc.request.timeout = 3000ms (default)
2021-10-05 12:33:22,946 [omNode-3@group-523986131536-LeaderElection28] INFO  server.RaftServerConfigKeys (ConfUtils.java:logGet(44)) - raft.server.log.appender.install.snapshot.enabled = false (custom)
2021-10-05 12:33:22,947 [omNode-3@group-523986131536-LeaderElection28] INFO  server.RaftServerConfigKeys (ConfUtils.java:logGet(44)) - raft.server.log.appender.snapshot.chunk.size.max = 16MB (=16777216) (default)
2021-10-05 12:33:22,947 [omNode-3@group-523986131536-LeaderElection28] INFO  server.RaftServerConfigKeys (ConfUtils.java:logGet(44)) - raft.server.log.appender.buffer.byte-limit = 33554432 (custom)
2021-10-05 12:33:22,947 [omNode-3@group-523986131536-LeaderElection28] INFO  server.RaftServerConfigKeys (ConfUtils.java:logGet(44)) - raft.server.log.appender.buffer.element-limit = 1024 (custom)
2021-10-05 12:33:22,947 [omNode-3@group-523986131536-LeaderElection28] INFO  grpc.GrpcConfigKeys (ConfUtils.java:logGet(44)) - raft.grpc.server.leader.outstanding.appends.max = 128 (default)
2021-10-05 12:33:22,947 [omNode-3@group-523986131536-LeaderElection28] INFO  server.RaftServerConfigKeys (ConfUtils.java:logGet(44)) - raft.server.rpc.request.timeout = 3000ms (default)
2021-10-05 12:33:22,947 [omNode-3@group-523986131536-LeaderElection28] INFO  server.RaftServerConfigKeys (ConfUtils.java:logGet(44)) - raft.server.log.appender.install.snapshot.enabled = false (custom)
2021-10-05 12:33:22,948 [omNode-3@group-523986131536-LeaderElection28] INFO  impl.RoleInfo (RoleInfo.java:updateAndGet(130)) - omNode-3: start omNode-3@group-523986131536-LeaderStateImpl
2021-10-05 12:33:22,948 [omNode-3@group-523986131536-LeaderElection28] INFO  segmented.SegmentedRaftLogWorker (SegmentedRaftLogWorker.java:rollLogSegment(399)) - omNode-3@group-523986131536-SegmentedRaftLogWorker: Rolling segment log-24_25 to index:25
2021-10-05 12:33:22,948 [omNode-3@group-523986131536-SegmentedRaftLogWorker] INFO  segmented.SegmentedRaftLogWorker (SegmentedRaftLogWorker.java:execute(558)) - omNode-3@group-523986131536-SegmentedRaftLogWorker: Rolled log segment from /home/runner/work/ozone/ozone/hadoop-ozone/integration-test/target/test-dir/MiniOzoneClusterImpl-37ac24e5-edd8-4d0c-a990-01310c91afa3/omNode-3/ratis/c9bc4cf4-3bc3-3c60-a66b-523986131536/current/log_inprogress_24 to /home/runner/work/ozone/ozone/hadoop-ozone/integration-test/target/test-dir/MiniOzoneClusterImpl-37ac24e5-edd8-4d0c-a990-01310c91afa3/omNode-3/ratis/c9bc4cf4-3bc3-3c60-a66b-523986131536/current/log_24-25
2021-10-05 12:33:22,958 [grpc-default-executor-1] INFO  server.RaftServer$Division (ServerState.java:setLeader(285)) - omNode-1@group-523986131536: change Leader from null to omNode-3 at term 11 for appendEntries, leader elected after 1067ms
2021-10-05 12:33:22,958 [grpc-default-executor-1] INFO  server.RaftServer$Division (RaftServerImpl.java:checkInconsistentAppendEntries(1319)) - omNode-1@group-523986131536: Failed appendEntries as previous log entry ((t:10, i:25)) is not found
2021-10-05 12:33:22,958 [grpc-default-executor-1] INFO  server.RaftServer$Division (RaftServerImpl.java:checkInconsistentAppendEntries(1285)) - omNode-1@group-523986131536: inconsistency entries. Reply:omNode-3<-omNode-1#0:FAIL-t11,INCONSISTENCY,nextIndex=18,followerCommit=17
2021-10-05 12:33:22,959 [omNode-3@group-523986131536-LeaderElection28] INFO  server.RaftServer$Division (ServerState.java:setRaftConf(387)) - omNode-3@group-523986131536: set configuration 26: [omNode-3|rpc:localhost:10616|admin:|client:|dataStream:|priority:0, omNode-1|rpc:localhost:10604|admin:|client:|dataStream:|priority:0, omNode-2|rpc:localhost:10610|admin:|client:|dataStream:|priority:0], old=null
2021-10-05 12:33:22,959 [omNode-3@group-523986131536-SegmentedRaftLogWorker] INFO  segmented.SegmentedRaftLogWorker (SegmentedRaftLogWorker.java:execute(601)) - omNode-3@group-523986131536-SegmentedRaftLogWorker: created new log segment /home/runner/work/ozone/ozone/hadoop-ozone/integration-test/target/test-dir/MiniOzoneClusterImpl-37ac24e5-edd8-4d0c-a990-01310c91afa3/omNode-3/ratis/c9bc4cf4-3bc3-3c60-a66b-523986131536/current/log_inprogress_26
2021-10-05 12:33:22,967 [grpc-default-executor-1] INFO  server.RaftServer$Division (RaftServerImpl.java:checkInconsistentAppendEntries(1319)) - omNode-1@group-523986131536: Failed appendEntries as previous log entry ((t:10, i:25)) is not found
2021-10-05 12:33:22,967 [grpc-default-executor-7] INFO  leader.FollowerInfo (FollowerInfoImpl.java:lambda$new$0(46)) - omNode-3@group-523986131536->omNode-1: nextIndex: updateUnconditionally 27 -> 18
2021-10-05 12:33:22,967 [grpc-default-executor-1] INFO  server.RaftServer$Division (RaftServerImpl.java:checkInconsistentAppendEntries(1285)) - omNode-1@group-523986131536: inconsistency entries. Reply:omNode-3<-omNode-1#1:FAIL-t11,INCONSISTENCY,nextIndex=18,followerCommit=17
2021-10-05 12:33:22,969 [omNode-3@group-523986131536->omNode-1-GrpcLogAppender-LogAppenderDaemon] ERROR leader.LogAppenderDaemon (LogAppenderDaemon.java:run(86)) - omNode-3@group-523986131536->omNode-1-GrpcLogAppender-LogAppenderDaemon failed
java.lang.NullPointerException: omNode-3@group-523986131536->omNode-1: Previous TermIndex not found for firstIndex = 18
	at java.util.Objects.requireNonNull(Objects.java:290)
	at org.apache.ratis.server.leader.LogAppenderBase.assertProtos(LogAppenderBase.java:169)
	at org.apache.ratis.server.leader.LogAppenderBase.newAppendEntriesRequest(LogAppenderBase.java:154)
	at org.apache.ratis.grpc.server.GrpcLogAppender.appendLog(GrpcLogAppender.java:211)
	at org.apache.ratis.grpc.server.GrpcLogAppender.run(GrpcLogAppender.java:145)
	at org.apache.ratis.server.leader.LogAppenderDaemon.run(LogAppenderDaemon.java:77)
	at java.lang.Thread.run(Thread.java:748)
2021-10-05 12:33:22,969 [omNode-3@group-523986131536->omNode-1-GrpcLogAppender-LogAppenderDaemon] INFO  server.RaftServer$Division (LeaderStateImpl.java:restart(501)) - omNode-3@group-523986131536-LeaderStateImpl: Restarting GrpcLogAppender for omNode-3@group-523986131536->omNode-1
2021-10-05 12:33:22,969 [omNode-3@group-523986131536->omNode-1-GrpcLogAppender-LogAppenderDaemon] INFO  server.RaftServerConfigKeys (ConfUtils.java:logGet(44)) - raft.server.log.appender.snapshot.chunk.size.max = 16MB (=16777216) (default)
2021-10-05 12:33:22,969 [omNode-3@group-523986131536->omNode-1-GrpcLogAppender-LogAppenderDaemon] INFO  server.RaftServerConfigKeys (ConfUtils.java:logGet(44)) - raft.server.log.appender.buffer.byte-limit = 33554432 (custom)
2021-10-05 12:33:22,969 [omNode-3@group-523986131536->omNode-1-GrpcLogAppender-LogAppenderDaemon] INFO  server.RaftServerConfigKeys (ConfUtils.java:logGet(44)) - raft.server.log.appender.buffer.element-limit = 1024 (custom)
2021-10-05 12:33:22,969 [omNode-3@group-523986131536->omNode-1-GrpcLogAppender-LogAppenderDaemon] INFO  grpc.GrpcConfigKeys (ConfUtils.java:logGet(44)) - raft.grpc.server.leader.outstanding.appends.max = 128 (default)
2021-10-05 12:33:22,969 [omNode-3@group-523986131536->omNode-1-GrpcLogAppender-LogAppenderDaemon] INFO  server.RaftServerConfigKeys (ConfUtils.java:logGet(44)) - raft.server.rpc.request.timeout = 3000ms (default)
2021-10-05 12:33:22,970 [omNode-3@group-523986131536->omNode-1-GrpcLogAppender-LogAppenderDaemon] INFO  server.RaftServerConfigKeys (ConfUtils.java:logGet(44)) - raft.server.log.appender.install.snapshot.enabled = false (custom)
2021-10-05 12:33:22,972 [grpc-default-executor-1] INFO  leader.FollowerInfo (FollowerInfoImpl.java:lambda$new$0(46)) - omNode-3@group-523986131536->omNode-1: nextIndex: updateUnconditionally 18 -> 18
2021-10-05 12:33:22,973 [grpc-default-executor-1] INFO  server.RaftServer$Division (ServerState.java:setLeader(285)) - omNode-2@group-523986131536: change Leader from null to omNode-3 at term 11 for appendEntries, leader elected after 977ms
2021-10-05 12:33:22,975 [omNode-3@group-523986131536->omNode-1-GrpcLogAppender-LogAppenderDaemon] INFO  server.GrpcLogAppender (GrpcLogAppender.java:installSnapshot(524)) - omNode-3@group-523986131536->omNode-1-GrpcLogAppender: followerNextIndex = 0 but logStartIndex = 18, notify follower to install snapshot-(t:3, i:18)
2021-10-05 12:33:22,975 [omNode-3@group-523986131536->omNode-1-GrpcLogAppender-LogAppenderDaemon] INFO  server.GrpcLogAppender (GrpcLogAppender.java:installSnapshot(532)) - omNode-3@group-523986131536->omNode-1-GrpcLogAppender: send omNode-3->omNode-1#0-t11,notify:(t:3, i:18)
2021-10-05 12:33:22,977 [grpc-default-executor-6] INFO  server.RaftServer$Division (RaftServerImpl.java:installSnapshot(1329)) - omNode-1@group-523986131536: receive installSnapshot: omNode-3->omNode-1#0-t11,notify:(t:3, i:18)
2021-10-05 12:33:22,977 [grpc-default-executor-6] INFO  server.RaftServer$Division (RaftServerImpl.java:notifyStateMachineToInstallSnapshot(1560)) - omNode-1@group-523986131536: StateMachine snapshotIndex is 17
2021-10-05 12:33:22,977 [grpc-default-executor-6] INFO  server.RaftServer$Division (RaftServerImpl.java:installSnapshotImpl(1459)) - omNode-1@group-523986131536: set new configuration index: 26
configurationEntry {
  peers {
    id: "omNode-3"
    address: "localhost:10616"
  }
  peers {
    id: "omNode-1"
    address: "localhost:10604"
  }
  peers {
    id: "omNode-2"
    address: "localhost:10610"
  }
}
 from snapshot
2021-10-05 12:33:22,980 [grpc-default-executor-1] INFO  server.RaftServer$Division (ServerState.java:setRaftConf(387)) - omNode-2@group-523986131536: set configuration 26: [omNode-3|rpc:localhost:10616|admin:|client:|dataStream:|priority:0, omNode-1|rpc:localhost:10604|admin:|client:|dataStream:|priority:0, omNode-2|rpc:localhost:10610|admin:|client:|dataStream:|priority:0], old=null
2021-10-05 12:33:22,980 [grpc-default-executor-1] INFO  segmented.SegmentedRaftLogWorker (SegmentedRaftLogWorker.java:rollLogSegment(399)) - omNode-2@group-523986131536-SegmentedRaftLogWorker: Rolling segment log-24_25 to index:25
2021-10-05 12:33:22,980 [grpc-default-executor-6] INFO  server.RaftServer$Division (ServerState.java:setRaftConf(387)) - omNode-1@group-523986131536: set configuration 26: [omNode-3|rpc:localhost:10616|admin:|client:|dataStream:|priority:0, omNode-1|rpc:localhost:10604|admin:|client:|dataStream:|priority:0, omNode-2|rpc:localhost:10610|admin:|client:|dataStream:|priority:0], old=null
2021-10-05 12:33:22,981 [grpc-default-executor-6] INFO  ratis.OzoneManagerStateMachine (OzoneManagerStateMachine.java:notifyConfigurationChanged(188)) - Received Configuration change notification from Ratis. New Peer list:
[id: "omNode-3"
address: "localhost:10616"
, id: "omNode-1"
address: "localhost:10604"
, id: "omNode-2"
address: "localhost:10610"
]
2021-10-05 12:33:22,981 [grpc-default-executor-6] INFO  server.RaftServer$Division (RaftServerImpl.java:installSnapshot(1340)) - omNode-1@group-523986131536: reply installSnapshot: omNode-3<-omNode-1#0:FAIL-t11,ALREADY_INSTALLED,snapshotIndex=17
2021-10-05 12:33:22,981 [grpc-default-executor-6] INFO  server.GrpcServerProtocolService (GrpcServerProtocolService.java:onCompleted(140)) - omNode-1: Completed INSTALL_SNAPSHOT, lastRequest: omNode-3->omNode-1#0-t11,notify:(t:3, i:18)
2021-10-05 12:33:22,982 [grpc-default-executor-1] INFO  server.GrpcLogAppender (GrpcLogAppender.java:onNext(400)) - omNode-3@group-523986131536->omNode-1-InstallSnapshotResponseHandler: received the first reply omNode-3<-omNode-1#0:FAIL-t11,ALREADY_INSTALLED,snapshotIndex=17
2021-10-05 12:33:22,982 [grpc-default-executor-1] INFO  server.GrpcLogAppender (GrpcLogAppender.java:onNext(422)) - omNode-3@group-523986131536->omNode-1-InstallSnapshotResponseHandler: Already Installed Snapshot Index 17.
2021-10-05 12:33:22,982 [grpc-default-executor-1] INFO  leader.FollowerInfo (FollowerInfoImpl.java:lambda$new$0(46)) - omNode-3@group-523986131536->omNode-1: snapshotIndex: setUnconditionally 0 -> 17
2021-10-05 12:33:22,982 [grpc-default-executor-1] INFO  leader.FollowerInfo (FollowerInfoImpl.java:lambda$new$0(46)) - omNode-3@group-523986131536->omNode-1: matchIndex: setUnconditionally 0 -> 17
2021-10-05 12:33:22,982 [grpc-default-executor-1] INFO  leader.FollowerInfo (FollowerInfoImpl.java:lambda$new$0(46)) - omNode-3@group-523986131536->omNode-1: nextIndex: setUnconditionally 0 -> 18
2021-10-05 12:33:22,982 [grpc-default-executor-1] INFO  leader.FollowerInfo (FollowerInfoImpl.java:lambda$new$0(46)) - omNode-3@group-523986131536->omNode-1: nextIndex: updateToMax old=18, new=18, updated? false
2021-10-05 12:33:22,984 [omNode-2@group-523986131536-SegmentedRaftLogWorker] INFO  segmented.SegmentedRaftLogWorker (SegmentedRaftLogWorker.java:execute(558)) - omNode-2@group-523986131536-SegmentedRaftLogWorker: Rolled log segment from /home/runner/work/ozone/ozone/hadoop-ozone/integration-test/target/test-dir/MiniOzoneClusterImpl-37ac24e5-edd8-4d0c-a990-01310c91afa3/omNode-2/ratis/c9bc4cf4-3bc3-3c60-a66b-523986131536/current/log_inprogress_24 to /home/runner/work/ozone/ozone/hadoop-ozone/integration-test/target/test-dir/MiniOzoneClusterImpl-37ac24e5-edd8-4d0c-a990-01310c91afa3/omNode-2/ratis/c9bc4cf4-3bc3-3c60-a66b-523986131536/current/log_24-25
2021-10-05 12:33:22,999 [omNode-2@group-523986131536-SegmentedRaftLogWorker] INFO  segmented.SegmentedRaftLogWorker (SegmentedRaftLogWorker.java:execute(601)) - omNode-2@group-523986131536-SegmentedRaftLogWorker: created new log segment /home/runner/work/ozone/ozone/hadoop-ozone/integration-test/target/test-dir/MiniOzoneClusterImpl-37ac24e5-edd8-4d0c-a990-01310c91afa3/omNode-2/ratis/c9bc4cf4-3bc3-3c60-a66b-523986131536/current/log_inprogress_26
2021-10-05 12:33:23,006 [omNode-3@group-523986131536-StateMachineUpdater] INFO  ratis.OzoneManagerStateMachine (OzoneManagerStateMachine.java:notifyConfigurationChanged(188)) - Received Configuration change notification from Ratis. New Peer list:
[id: "omNode-3"
address: "localhost:10616"
, id: "omNode-1"
address: "localhost:10604"
, id: "omNode-2"
address: "localhost:10610"
]
2021-10-05 12:33:23,007 [grpc-default-executor-1] INFO  server.RaftServer$Division (RaftServerImpl.java:checkInconsistentAppendEntries(1319)) - omNode-1@group-523986131536: Failed appendEntries as previous log entry ((t:11, i:26)) is not found
2021-10-05 12:33:23,008 [grpc-default-executor-1] INFO  server.RaftServer$Division (RaftServerImpl.java:checkInconsistentAppendEntries(1285)) - omNode-1@group-523986131536: inconsistency entries. Reply:omNode-3<-omNode-1#2:FAIL-t11,INCONSISTENCY,nextIndex=18,followerCommit=17
2021-10-05 12:33:23,009 [omNode-2@group-523986131536-StateMachineUpdater] INFO  ratis.OzoneManagerStateMachine (OzoneManagerStateMachine.java:notifyConfigurationChanged(188)) - Received Configuration change notification from Ratis. New Peer list:
[id: "omNode-3"
address: "localhost:10616"
, id: "omNode-1"
address: "localhost:10604"
, id: "omNode-2"
address: "localhost:10610"
]
2021-10-05 12:33:23,509 [grpc-default-executor-6] INFO  server.RaftServer$Division (RaftServerImpl.java:checkInconsistentAppendEntries(1319)) - omNode-1@group-523986131536: Failed appendEntries as previous log entry ((t:11, i:27)) is not found
2021-10-05 12:33:23,509 [grpc-default-executor-6] INFO  server.RaftServer$Division (RaftServerImpl.java:checkInconsistentAppendEntries(1285)) - omNode-1@group-523986131536: inconsistency entries. Reply:omNode-3<-omNode-1#52:FAIL-t11,INCONSISTENCY,nextIndex=18,followerCommit=17
2021-10-05 12:33:23,512 [grpc-default-executor-6] INFO  leader.FollowerInfo (FollowerInfoImpl.java:lambda$new$0(46)) - omNode-3@group-523986131536->omNode-1: nextIndex: updateUnconditionally 28 -> 18
2021-10-05 12:33:24,015 [grpc-default-executor-6] INFO  server.RaftServer$Division (RaftServerImpl.java:checkInconsistentAppendEntries(1319)) - omNode-1@group-523986131536: Failed appendEntries as previous log entry ((t:11, i:27)) is not found
2021-10-05 12:33:24,015 [grpc-default-executor-6] INFO  server.RaftServer$Division (RaftServerImpl.java:checkInconsistentAppendEntries(1285)) - omNode-1@group-523986131536: inconsistency entries. Reply:omNode-3<-omNode-1#102:FAIL-t11,INCONSISTENCY,nextIndex=18,followerCommit=17
2021-10-05 12:33:24,016 [grpc-default-executor-6] INFO  leader.FollowerInfo (FollowerInfoImpl.java:lambda$new$0(46)) - omNode-3@group-523986131536->omNode-1: nextIndex: updateUnconditionally 28 -> 18
2021-10-05 12:33:24,072 [Time-limited test] INFO  retry.RetryInvocationHandler (RetryInvocationHandler.java:log(411)) - com.google.protobuf.ServiceException: org.apache.hadoop.ipc.RemoteException(org.apache.hadoop.ozone.om.exceptions.OMNotLeaderException): OM:omNode-1 is not the leader. Could not determine the leader node.
	at org.apache.hadoop.ozone.om.ratis.utils.OzoneManagerRatisUtils.createNotLeaderException(OzoneManagerRatisUtils.java:465)
	at org.apache.hadoop.ozone.om.ratis.utils.OzoneManagerRatisUtils.checkLeaderStatus(OzoneManagerRatisUtils.java:451)
	at org.apache.hadoop.ozone.protocolPB.OzoneManagerProtocolServerSideTranslatorPB.checkLeaderStatus(OzoneManagerProtocolServerSideTranslatorPB.java:242)
	at org.apache.hadoop.ozone.protocolPB.OzoneManagerProtocolServerSideTranslatorPB.processRequest(OzoneManagerProtocolServerSideTranslatorPB.java:135)
	at org.apache.hadoop.hdds.server.OzoneProtocolMessageDispatcher.processRequest(OzoneProtocolMessageDispatcher.java:87)
	at org.apache.hadoop.ozone.protocolPB.OzoneManagerProtocolServerSideTranslatorPB.submitRequest(OzoneManagerProtocolServerSideTranslatorPB.java:123)
	at org.apache.hadoop.ozone.protocol.proto.OzoneManagerProtocolProtos$OzoneManagerService$2.callBlockingMethod(OzoneManagerProtocolProtos.java)
	at org.apache.hadoop.ipc.ProtobufRpcEngine$Server.processCall(ProtobufRpcEngine.java:466)
	at org.apache.hadoop.ipc.ProtobufRpcEngine2$Server$ProtoBufRpcInvoker.call(ProtobufRpcEngine2.java:574)
	at org.apache.hadoop.ipc.ProtobufRpcEngine2$Server$ProtoBufRpcInvoker.call(ProtobufRpcEngine2.java:552)
	at org.apache.hadoop.ipc.RPC$Server.call(RPC.java:1093)
	at org.apache.hadoop.ipc.Server$RpcCall.run(Server.java:1035)
	at org.apache.hadoop.ipc.Server$RpcCall.run(Server.java:963)
	at java.security.AccessController.doPrivileged(Native Method)
	at javax.security.auth.Subject.doAs(Subject.java:422)
	at org.apache.hadoop.security.UserGroupInformation.doAs(UserGroupInformation.java:1878)
	at org.apache.hadoop.ipc.Server$Handler.run(Server.java:2966)
, while invoking $Proxy52.submitRequest over nodeId=omNode-1,nodeAddress=127.0.0.1:10600 after 2 failover attempts. Trying to failover immediately.
2021-10-05 12:33:24,088 [Time-limited test] INFO  retry.RetryInvocationHandler (RetryInvocationHandler.java:log(411)) - com.google.protobuf.ServiceException: org.apache.hadoop.ipc.RemoteException(org.apache.hadoop.ozone.om.exceptions.OMNotLeaderException): OM:omNode-2 is not the leader. Could not determine the leader node.
	at org.apache.hadoop.ozone.om.ratis.utils.OzoneManagerRatisUtils.createNotLeaderException(OzoneManagerRatisUtils.java:465)
	at org.apache.hadoop.ozone.om.ratis.utils.OzoneManagerRatisUtils.checkLeaderStatus(OzoneManagerRatisUtils.java:451)
	at org.apache.hadoop.ozone.protocolPB.OzoneManagerProtocolServerSideTranslatorPB.checkLeaderStatus(OzoneManagerProtocolServerSideTranslatorPB.java:242)
	at org.apache.hadoop.ozone.protocolPB.OzoneManagerProtocolServerSideTranslatorPB.processRequest(OzoneManagerProtocolServerSideTranslatorPB.java:135)
	at org.apache.hadoop.hdds.server.OzoneProtocolMessageDispatcher.processRequest(OzoneProtocolMessageDispatcher.java:87)
	at org.apache.hadoop.ozone.protocolPB.OzoneManagerProtocolServerSideTranslatorPB.submitRequest(OzoneManagerProtocolServerSideTranslatorPB.java:123)
	at org.apache.hadoop.ozone.protocol.proto.OzoneManagerProtocolProtos$OzoneManagerService$2.callBlockingMethod(OzoneManagerProtocolProtos.java)
	at org.apache.hadoop.ipc.ProtobufRpcEngine$Server.processCall(ProtobufRpcEngine.java:466)
	at org.apache.hadoop.ipc.ProtobufRpcEngine2$Server$ProtoBufRpcInvoker.call(ProtobufRpcEngine2.java:574)
	at org.apache.hadoop.ipc.ProtobufRpcEngine2$Server$ProtoBufRpcInvoker.call(ProtobufRpcEngine2.java:552)
	at org.apache.hadoop.ipc.RPC$Server.call(RPC.java:1093)
	at org.apache.hadoop.ipc.Server$RpcCall.run(Server.java:1035)
	at org.apache.hadoop.ipc.Server$RpcCall.run(Server.java:963)
	at java.security.AccessController.doPrivileged(Native Method)
	at javax.security.auth.Subject.doAs(Subject.java:422)
	at org.apache.hadoop.security.UserGroupInformation.doAs(UserGroupInformation.java:1878)
	at org.apache.hadoop.ipc.Server$Handler.run(Server.java:2966)
, while invoking $Proxy52.submitRequest over nodeId=omNode-2,nodeAddress=127.0.0.1:10606 after 3 failover attempts. Trying to failover immediately.
2021-10-05 12:33:24,093 [grpc-default-executor-1] INFO  server.RaftServer$Division (RaftServerImpl.java:checkInconsistentAppendEntries(1319)) - omNode-1@group-523986131536: Failed appendEntries as previous log entry ((t:11, i:27)) is not found
2021-10-05 12:33:24,093 [grpc-default-executor-1] INFO  server.RaftServer$Division (RaftServerImpl.java:checkInconsistentAppendEntries(1285)) - omNode-1@group-523986131536: inconsistency entries. Reply:omNode-3<-omNode-1#111:FAIL-t11,INCONSISTENCY,nextIndex=18,followerCommit=17
2021-10-05 12:33:24,095 [grpc-default-executor-1] INFO  server.RaftServer$Division (RaftServerImpl.java:checkInconsistentAppendEntries(1319)) - omNode-1@group-523986131536: Failed appendEntries as previous log entry ((t:11, i:28)) is not found
2021-10-05 12:33:24,095 [grpc-default-executor-1] INFO  server.RaftServer$Division (RaftServerImpl.java:checkInconsistentAppendEntries(1285)) - omNode-1@group-523986131536: inconsistency entries. Reply:omNode-3<-omNode-1#112:FAIL-t11,INCONSISTENCY,nextIndex=18,followerCommit=17
2021-10-05 12:33:24,095 [OM StateMachine ApplyTransaction Thread - 0] INFO  upgrade.OMCancelPrepareRequest (OMCancelPrepareRequest.java:validateAndUpdateCache(55)) - OM omNode-3 Received cancel prepare request with log index 28
2021-10-05 12:33:24,097 [OM StateMachine ApplyTransaction Thread - 0] INFO  upgrade.OMCancelPrepareRequest (OMCancelPrepareRequest.java:validateAndUpdateCache(84)) - OM omNode-3 prepare state cancelled at log index 28. Returning response 
2021-10-05 12:33:24,098 [OM StateMachine ApplyTransaction Thread - 0] INFO  upgrade.OMCancelPrepareRequest (OMCancelPrepareRequest.java:validateAndUpdateCache(55)) - OM omNode-2 Received cancel prepare request with log index 28
2021-10-05 12:33:24,099 [OM StateMachine ApplyTransaction Thread - 0] INFO  upgrade.OMCancelPrepareRequest (OMCancelPrepareRequest.java:validateAndUpdateCache(84)) - OM omNode-2 prepare state cancelled at log index 28. Returning response 
2021-10-05 12:33:24,596 [grpc-default-executor-6] INFO  server.RaftServer$Division (RaftServerImpl.java:checkInconsistentAppendEntries(1319)) - omNode-1@group-523986131536: Failed appendEntries as previous log entry ((t:11, i:29)) is not found
2021-10-05 12:33:24,597 [grpc-default-executor-6] INFO  server.RaftServer$Division (RaftServerImpl.java:checkInconsistentAppendEntries(1285)) - omNode-1@group-523986131536: inconsistency entries. Reply:omNode-3<-omNode-1#164:FAIL-t11,INCONSISTENCY,nextIndex=18,followerCommit=17
2021-10-05 12:33:24,597 [grpc-default-executor-6] INFO  leader.FollowerInfo (FollowerInfoImpl.java:lambda$new$0(46)) - omNode-3@group-523986131536->omNode-1: nextIndex: updateUnconditionally 30 -> 18
2021-10-05 12:33:25,101 [grpc-default-executor-1] INFO  server.RaftServer$Division (RaftServerImpl.java:checkInconsistentAppendEntries(1319)) - omNode-1@group-523986131536: Failed appendEntries as previous log entry ((t:11, i:29)) is not found
2021-10-05 12:33:25,101 [grpc-default-executor-1] INFO  server.RaftServer$Division (RaftServerImpl.java:checkInconsistentAppendEntries(1285)) - omNode-1@group-523986131536: inconsistency entries. Reply:omNode-3<-omNode-1#216:FAIL-t11,INCONSISTENCY,nextIndex=18,followerCommit=17
2021-10-05 12:33:25,102 [grpc-default-executor-6] INFO  leader.FollowerInfo (FollowerInfoImpl.java:lambda$new$0(46)) - omNode-3@group-523986131536->omNode-1: nextIndex: updateUnconditionally 30 -> 18
2021-10-05 12:33:25,603 [grpc-default-executor-1] INFO  server.RaftServer$Division (RaftServerImpl.java:checkInconsistentAppendEntries(1319)) - omNode-1@group-523986131536: Failed appendEntries as previous log entry ((t:11, i:29)) is not found
2021-10-05 12:33:25,604 [grpc-default-executor-1] INFO  server.RaftServer$Division (RaftServerImpl.java:checkInconsistentAppendEntries(1285)) - omNode-1@group-523986131536: inconsistency entries. Reply:omNode-3<-omNode-1#267:FAIL-t11,INCONSISTENCY,nextIndex=18,followerCommit=17
2021-10-05 12:33:25,604 [grpc-default-executor-6] INFO  leader.FollowerInfo (FollowerInfoImpl.java:lambda$new$0(46)) - omNode-3@group-523986131536->omNode-1: nextIndex: updateUnconditionally 30 -> 18
2021-10-05 12:33:26,106 [grpc-default-executor-6] INFO  server.RaftServer$Division (RaftServerImpl.java:checkInconsistentAppendEntries(1319)) - omNode-1@group-523986131536: Failed appendEntries as previous log entry ((t:11, i:29)) is not found
2021-10-05 12:33:26,106 [grpc-default-executor-6] INFO  server.RaftServer$Division (RaftServerImpl.java:checkInconsistentAppendEntries(1285)) - omNode-1@group-523986131536: inconsistency entries. Reply:omNode-3<-omNode-1#318:FAIL-t11,INCONSISTENCY,nextIndex=18,followerCommit=17
2021-10-05 12:33:26,106 [grpc-default-executor-6] INFO  leader.FollowerInfo (FollowerInfoImpl.java:lambda$new$0(46)) - omNode-3@group-523986131536->omNode-1: nextIndex: updateUnconditionally 30 -> 18
2021-10-05 12:33:26,608 [grpc-default-executor-6] INFO  server.RaftServer$Division (RaftServerImpl.java:checkInconsistentAppendEntries(1319)) - omNode-1@group-523986131536: Failed appendEntries as previous log entry ((t:11, i:29)) is not found
2021-10-05 12:33:26,608 [grpc-default-executor-6] INFO  server.RaftServer$Division (RaftServerImpl.java:checkInconsistentAppendEntries(1285)) - omNode-1@group-523986131536: inconsistency entries. Reply:omNode-3<-omNode-1#369:FAIL-t11,INCONSISTENCY,nextIndex=18,followerCommit=17
2021-10-05 12:33:26,609 [grpc-default-executor-1] INFO  leader.FollowerInfo (FollowerInfoImpl.java:lambda$new$0(46)) - omNode-3@group-523986131536->omNode-1: nextIndex: updateUnconditionally 30 -> 18
2021-10-05 12:33:27,111 [grpc-default-executor-1] INFO  server.RaftServer$Division (RaftServerImpl.java:checkInconsistentAppendEntries(1319)) - omNode-1@group-523986131536: Failed appendEntries as previous log entry ((t:11, i:29)) is not found
2021-10-05 12:33:27,111 [grpc-default-executor-1] INFO  server.RaftServer$Division (RaftServerImpl.java:checkInconsistentAppendEntries(1285)) - omNode-1@group-523986131536: inconsistency entries. Reply:omNode-3<-omNode-1#420:FAIL-t11,INCONSISTENCY,nextIndex=18,followerCommit=17
2021-10-05 12:33:27,112 [grpc-default-executor-1] INFO  leader.FollowerInfo (FollowerInfoImpl.java:lambda$new$0(46)) - omNode-3@group-523986131536->omNode-1: nextIndex: updateUnconditionally 30 -> 18
2021-10-05 12:33:27,614 [grpc-default-executor-6] INFO  server.RaftServer$Division (RaftServerImpl.java:checkInconsistentAppendEntries(1319)) - omNode-1@group-523986131536: Failed appendEntries as previous log entry ((t:11, i:29)) is not found
2021-10-05 12:33:27,614 [grpc-default-executor-6] INFO  server.RaftServer$Division (RaftServerImpl.java:checkInconsistentAppendEntries(1285)) - omNode-1@group-523986131536: inconsistency entries. Reply:omNode-3<-omNode-1#471:FAIL-t11,INCONSISTENCY,nextIndex=18,followerCommit=17
2021-10-05 12:33:27,615 [grpc-default-executor-1] INFO  leader.FollowerInfo (FollowerInfoImpl.java:lambda$new$0(46)) - omNode-3@group-523986131536->omNode-1: nextIndex: updateUnconditionally 30 -> 18
2021-10-05 12:33:28,117 [grpc-default-executor-1] INFO  server.RaftServer$Division (RaftServerImpl.java:checkInconsistentAppendEntries(1319)) - omNode-1@group-523986131536: Failed appendEntries as previous log entry ((t:11, i:29)) is not found
2021-10-05 12:33:28,117 [grpc-default-executor-1] INFO  server.RaftServer$Division (RaftServerImpl.java:checkInconsistentAppendEntries(1285)) - omNode-1@group-523986131536: inconsistency entries. Reply:omNode-3<-omNode-1#522:FAIL-t11,INCONSISTENCY,nextIndex=18,followerCommit=17
2021-10-05 12:33:28,118 [grpc-default-executor-1] INFO  leader.FollowerInfo (FollowerInfoImpl.java:lambda$new$0(46)) - omNode-3@group-523986131536->omNode-1: nextIndex: updateUnconditionally 30 -> 18
2021-10-05 12:33:28,619 [grpc-default-executor-1] INFO  server.RaftServer$Division (RaftServerImpl.java:checkInconsistentAppendEntries(1319)) - omNode-1@group-523986131536: Failed appendEntries as previous log entry ((t:11, i:29)) is not found
2021-10-05 12:33:28,620 [grpc-default-executor-1] INFO  server.RaftServer$Division (RaftServerImpl.java:checkInconsistentAppendEntries(1285)) - omNode-1@group-523986131536: inconsistency entries. Reply:omNode-3<-omNode-1#573:FAIL-t11,INCONSISTENCY,nextIndex=18,followerCommit=17
2021-10-05 12:33:28,620 [grpc-default-executor-1] INFO  leader.FollowerInfo (FollowerInfoImpl.java:lambda$new$0(46)) - omNode-3@group-523986131536->omNode-1: nextIndex: updateUnconditionally 30 -> 18
2021-10-05 12:33:29,122 [grpc-default-executor-1] INFO  server.RaftServer$Division (RaftServerImpl.java:checkInconsistentAppendEntries(1319)) - omNode-1@group-523986131536: Failed appendEntries as previous log entry ((t:11, i:29)) is not found
2021-10-05 12:33:29,122 [grpc-default-executor-1] INFO  server.RaftServer$Division (RaftServerImpl.java:checkInconsistentAppendEntries(1285)) - omNode-1@group-523986131536: inconsistency entries. Reply:omNode-3<-omNode-1#624:FAIL-t11,INCONSISTENCY,nextIndex=18,followerCommit=17
2021-10-05 12:33:29,123 [grpc-default-executor-6] INFO  leader.FollowerInfo (FollowerInfoImpl.java:lambda$new$0(46)) - omNode-3@group-523986131536->omNode-1: nextIndex: updateUnconditionally 30 -> 18
2021-10-05 12:33:29,625 [grpc-default-executor-6] INFO  server.RaftServer$Division (RaftServerImpl.java:checkInconsistentAppendEntries(1319)) - omNode-1@group-523986131536: Failed appendEntries as previous log entry ((t:11, i:29)) is not found
2021-10-05 12:33:29,625 [grpc-default-executor-6] INFO  server.RaftServer$Division (RaftServerImpl.java:checkInconsistentAppendEntries(1285)) - omNode-1@group-523986131536: inconsistency entries. Reply:omNode-3<-omNode-1#675:FAIL-t11,INCONSISTENCY,nextIndex=18,followerCommit=17
2021-10-05 12:33:29,626 [grpc-default-executor-6] INFO  leader.FollowerInfo (FollowerInfoImpl.java:lambda$new$0(46)) - omNode-3@group-523986131536->omNode-1: nextIndex: updateUnconditionally 30 -> 18
2021-10-05 12:33:30,127 [grpc-default-executor-1] INFO  server.RaftServer$Division (RaftServerImpl.java:checkInconsistentAppendEntries(1319)) - omNode-1@group-523986131536: Failed appendEntries as previous log entry ((t:11, i:29)) is not found
2021-10-05 12:33:30,127 [grpc-default-executor-1] INFO  server.RaftServer$Division (RaftServerImpl.java:checkInconsistentAppendEntries(1285)) - omNode-1@group-523986131536: inconsistency entries. Reply:omNode-3<-omNode-1#726:FAIL-t11,INCONSISTENCY,nextIndex=18,followerCommit=17
2021-10-05 12:33:30,127 [grpc-default-executor-6] INFO  leader.FollowerInfo (FollowerInfoImpl.java:lambda$new$0(46)) - omNode-3@group-523986131536->omNode-1: nextIndex: updateUnconditionally 30 -> 18
2021-10-05 12:33:30,630 [grpc-default-executor-6] INFO  server.RaftServer$Division (RaftServerImpl.java:checkInconsistentAppendEntries(1319)) - omNode-1@group-523986131536: Failed appendEntries as previous log entry ((t:11, i:29)) is not found
2021-10-05 12:33:30,630 [grpc-default-executor-6] INFO  server.RaftServer$Division (RaftServerImpl.java:checkInconsistentAppendEntries(1285)) - omNode-1@group-523986131536: inconsistency entries. Reply:omNode-3<-omNode-1#777:FAIL-t11,INCONSISTENCY,nextIndex=18,followerCommit=17
2021-10-05 12:33:30,631 [grpc-default-executor-1] INFO  leader.FollowerInfo (FollowerInfoImpl.java:lambda$new$0(46)) - omNode-3@group-523986131536->omNode-1: nextIndex: updateUnconditionally 30 -> 18
2021-10-05 12:33:31,132 [grpc-default-executor-6] INFO  server.RaftServer$Division (RaftServerImpl.java:checkInconsistentAppendEntries(1319)) - omNode-1@group-523986131536: Failed appendEntries as previous log entry ((t:11, i:29)) is not found
2021-10-05 12:33:31,132 [grpc-default-executor-6] INFO  server.RaftServer$Division (RaftServerImpl.java:checkInconsistentAppendEntries(1285)) - omNode-1@group-523986131536: inconsistency entries. Reply:omNode-3<-omNode-1#828:FAIL-t11,INCONSISTENCY,nextIndex=18,followerCommit=17
2021-10-05 12:33:31,133 [grpc-default-executor-6] INFO  leader.FollowerInfo (FollowerInfoImpl.java:lambda$new$0(46)) - omNode-3@group-523986131536->omNode-1: nextIndex: updateUnconditionally 30 -> 18
2021-10-05 12:33:31,635 [grpc-default-executor-1] INFO  server.RaftServer$Division (RaftServerImpl.java:checkInconsistentAppendEntries(1319)) - omNode-1@group-523986131536: Failed appendEntries as previous log entry ((t:11, i:29)) is not found
2021-10-05 12:33:31,635 [grpc-default-executor-1] INFO  server.RaftServer$Division (RaftServerImpl.java:checkInconsistentAppendEntries(1285)) - omNode-1@group-523986131536: inconsistency entries. Reply:omNode-3<-omNode-1#879:FAIL-t11,INCONSISTENCY,nextIndex=18,followerCommit=17
2021-10-05 12:33:31,636 [grpc-default-executor-1] INFO  leader.FollowerInfo (FollowerInfoImpl.java:lambda$new$0(46)) - omNode-3@group-523986131536->omNode-1: nextIndex: updateUnconditionally 30 -> 18
2021-10-05 12:33:32,137 [grpc-default-executor-6] INFO  server.RaftServer$Division (RaftServerImpl.java:checkInconsistentAppendEntries(1319)) - omNode-1@group-523986131536: Failed appendEntries as previous log entry ((t:11, i:29)) is not found
2021-10-05 12:33:32,137 [grpc-default-executor-6] INFO  server.RaftServer$Division (RaftServerImpl.java:checkInconsistentAppendEntries(1285)) - omNode-1@group-523986131536: inconsistency entries. Reply:omNode-3<-omNode-1#930:FAIL-t11,INCONSISTENCY,nextIndex=18,followerCommit=17
2021-10-05 12:33:32,138 [grpc-default-executor-6] INFO  leader.FollowerInfo (FollowerInfoImpl.java:lambda$new$0(46)) - omNode-3@group-523986131536->omNode-1: nextIndex: updateUnconditionally 30 -> 18
2021-10-05 12:33:32,639 [grpc-default-executor-1] INFO  server.RaftServer$Division (RaftServerImpl.java:checkInconsistentAppendEntries(1319)) - omNode-1@group-523986131536: Failed appendEntries as previous log entry ((t:11, i:29)) is not found
2021-10-05 12:33:32,639 [grpc-default-executor-1] INFO  server.RaftServer$Division (RaftServerImpl.java:checkInconsistentAppendEntries(1285)) - omNode-1@group-523986131536: inconsistency entries. Reply:omNode-3<-omNode-1#981:FAIL-t11,INCONSISTENCY,nextIndex=18,followerCommit=17
2021-10-05 12:33:32,640 [grpc-default-executor-1] INFO  leader.FollowerInfo (FollowerInfoImpl.java:lambda$new$0(46)) - omNode-3@group-523986131536->omNode-1: nextIndex: updateUnconditionally 30 -> 18
2021-10-05 12:33:33,142 [grpc-default-executor-1] INFO  server.RaftServer$Division (RaftServerImpl.java:checkInconsistentAppendEntries(1319)) - omNode-1@group-523986131536: Failed appendEntries as previous log entry ((t:11, i:29)) is not found
2021-10-05 12:33:33,142 [grpc-default-executor-1] INFO  server.RaftServer$Division (RaftServerImpl.java:checkInconsistentAppendEntries(1285)) - omNode-1@group-523986131536: inconsistency entries. Reply:omNode-3<-omNode-1#1032:FAIL-t11,INCONSISTENCY,nextIndex=18,followerCommit=17
2021-10-05 12:33:33,142 [grpc-default-executor-1] INFO  leader.FollowerInfo (FollowerInfoImpl.java:lambda$new$0(46)) - omNode-3@group-523986131536->omNode-1: nextIndex: updateUnconditionally 30 -> 18
2021-10-05 12:33:33,644 [grpc-default-executor-1] INFO  server.RaftServer$Division (RaftServerImpl.java:checkInconsistentAppendEntries(1319)) - omNode-1@group-523986131536: Failed appendEntries as previous log entry ((t:11, i:29)) is not found
2021-10-05 12:33:33,644 [grpc-default-executor-1] INFO  server.RaftServer$Division (RaftServerImpl.java:checkInconsistentAppendEntries(1285)) - omNode-1@group-523986131536: inconsistency entries. Reply:omNode-3<-omNode-1#1083:FAIL-t11,INCONSISTENCY,nextIndex=18,followerCommit=17
2021-10-05 12:33:33,645 [grpc-default-executor-1] INFO  leader.FollowerInfo (FollowerInfoImpl.java:lambda$new$0(46)) - omNode-3@group-523986131536->omNode-1: nextIndex: updateUnconditionally 30 -> 18
2021-10-05 12:33:34,146 [grpc-default-executor-6] INFO  server.RaftServer$Division (RaftServerImpl.java:checkInconsistentAppendEntries(1319)) - omNode-1@group-523986131536: Failed appendEntries as previous log entry ((t:11, i:29)) is not found
2021-10-05 12:33:34,146 [grpc-default-executor-6] INFO  server.RaftServer$Division (RaftServerImpl.java:checkInconsistentAppendEntries(1285)) - omNode-1@group-523986131536: inconsistency entries. Reply:omNode-3<-omNode-1#1134:FAIL-t11,INCONSISTENCY,nextIndex=18,followerCommit=17
2021-10-05 12:33:34,147 [grpc-default-executor-6] INFO  leader.FollowerInfo (FollowerInfoImpl.java:lambda$new$0(46)) - omNode-3@group-523986131536->omNode-1: nextIndex: updateUnconditionally 30 -> 18
2021-10-05 12:33:34,648 [grpc-default-executor-1] INFO  server.RaftServer$Division (RaftServerImpl.java:checkInconsistentAppendEntries(1319)) - omNode-1@group-523986131536: Failed appendEntries as previous log entry ((t:11, i:29)) is not found
2021-10-05 12:33:34,649 [grpc-default-executor-1] INFO  server.RaftServer$Division (RaftServerImpl.java:checkInconsistentAppendEntries(1285)) - omNode-1@group-523986131536: inconsistency entries. Reply:omNode-3<-omNode-1#1185:FAIL-t11,INCONSISTENCY,nextIndex=18,followerCommit=17
2021-10-05 12:33:34,649 [grpc-default-executor-1] INFO  leader.FollowerInfo (FollowerInfoImpl.java:lambda$new$0(46)) - omNode-3@group-523986131536->omNode-1: nextIndex: updateUnconditionally 30 -> 18
2021-10-05 12:33:35,151 [grpc-default-executor-6] INFO  server.RaftServer$Division (RaftServerImpl.java:checkInconsistentAppendEntries(1319)) - omNode-1@group-523986131536: Failed appendEntries as previous log entry ((t:11, i:29)) is not found
2021-10-05 12:33:35,151 [grpc-default-executor-6] INFO  server.RaftServer$Division (RaftServerImpl.java:checkInconsistentAppendEntries(1285)) - omNode-1@group-523986131536: inconsistency entries. Reply:omNode-3<-omNode-1#1236:FAIL-t11,INCONSISTENCY,nextIndex=18,followerCommit=17
2021-10-05 12:33:35,151 [grpc-default-executor-6] INFO  leader.FollowerInfo (FollowerInfoImpl.java:lambda$new$0(46)) - omNode-3@group-523986131536->omNode-1: nextIndex: updateUnconditionally 30 -> 18
2021-10-05 12:33:35,653 [grpc-default-executor-6] INFO  server.RaftServer$Division (RaftServerImpl.java:checkInconsistentAppendEntries(1319)) - omNode-1@group-523986131536: Failed appendEntries as previous log entry ((t:11, i:29)) is not found
2021-10-05 12:33:35,654 [grpc-default-executor-6] INFO  server.RaftServer$Division (RaftServerImpl.java:checkInconsistentAppendEntries(1285)) - omNode-1@group-523986131536: inconsistency entries. Reply:omNode-3<-omNode-1#1287:FAIL-t11,INCONSISTENCY,nextIndex=18,followerCommit=17
2021-10-05 12:33:35,654 [grpc-default-executor-6] INFO  leader.FollowerInfo (FollowerInfoImpl.java:lambda$new$0(46)) - omNode-3@group-523986131536->omNode-1: nextIndex: updateUnconditionally 30 -> 18
2021-10-05 12:33:36,156 [grpc-default-executor-6] INFO  server.RaftServer$Division (RaftServerImpl.java:checkInconsistentAppendEntries(1319)) - omNode-1@group-523986131536: Failed appendEntries as previous log entry ((t:11, i:29)) is not found
2021-10-05 12:33:36,156 [grpc-default-executor-6] INFO  server.RaftServer$Division (RaftServerImpl.java:checkInconsistentAppendEntries(1285)) - omNode-1@group-523986131536: inconsistency entries. Reply:omNode-3<-omNode-1#1338:FAIL-t11,INCONSISTENCY,nextIndex=18,followerCommit=17
2021-10-05 12:33:36,156 [grpc-default-executor-6] INFO  leader.FollowerInfo (FollowerInfoImpl.java:lambda$new$0(46)) - omNode-3@group-523986131536->omNode-1: nextIndex: updateUnconditionally 30 -> 18
2021-10-05 12:33:36,658 [grpc-default-executor-6] INFO  server.RaftServer$Division (RaftServerImpl.java:checkInconsistentAppendEntries(1319)) - omNode-1@group-523986131536: Failed appendEntries as previous log entry ((t:11, i:29)) is not found
2021-10-05 12:33:36,658 [grpc-default-executor-6] INFO  server.RaftServer$Division (RaftServerImpl.java:checkInconsistentAppendEntries(1285)) - omNode-1@group-523986131536: inconsistency entries. Reply:omNode-3<-omNode-1#1389:FAIL-t11,INCONSISTENCY,nextIndex=18,followerCommit=17
2021-10-05 12:33:36,659 [grpc-default-executor-6] INFO  leader.FollowerInfo (FollowerInfoImpl.java:lambda$new$0(46)) - omNode-3@group-523986131536->omNode-1: nextIndex: updateUnconditionally 30 -> 18
2021-10-05 12:33:37,160 [grpc-default-executor-6] INFO  server.RaftServer$Division (RaftServerImpl.java:checkInconsistentAppendEntries(1319)) - omNode-1@group-523986131536: Failed appendEntries as previous log entry ((t:11, i:29)) is not found
2021-10-05 12:33:37,161 [grpc-default-executor-6] INFO  server.RaftServer$Division (RaftServerImpl.java:checkInconsistentAppendEntries(1285)) - omNode-1@group-523986131536: inconsistency entries. Reply:omNode-3<-omNode-1#1440:FAIL-t11,INCONSISTENCY,nextIndex=18,followerCommit=17
2021-10-05 12:33:37,161 [grpc-default-executor-6] INFO  leader.FollowerInfo (FollowerInfoImpl.java:lambda$new$0(46)) - omNode-3@group-523986131536->omNode-1: nextIndex: updateUnconditionally 30 -> 18
2021-10-05 12:33:37,662 [grpc-default-executor-6] INFO  server.RaftServer$Division (RaftServerImpl.java:checkInconsistentAppendEntries(1319)) - omNode-1@group-523986131536: Failed appendEntries as previous log entry ((t:11, i:29)) is not found
2021-10-05 12:33:37,663 [grpc-default-executor-6] INFO  server.RaftServer$Division (RaftServerImpl.java:checkInconsistentAppendEntries(1285)) - omNode-1@group-523986131536: inconsistency entries. Reply:omNode-3<-omNode-1#1491:FAIL-t11,INCONSISTENCY,nextIndex=18,followerCommit=17
2021-10-05 12:33:37,663 [grpc-default-executor-6] INFO  leader.FollowerInfo (FollowerInfoImpl.java:lambda$new$0(46)) - omNode-3@group-523986131536->omNode-1: nextIndex: updateUnconditionally 30 -> 18
2021-10-05 12:33:38,165 [grpc-default-executor-1] INFO  server.RaftServer$Division (RaftServerImpl.java:checkInconsistentAppendEntries(1319)) - omNode-1@group-523986131536: Failed appendEntries as previous log entry ((t:11, i:29)) is not found
2021-10-05 12:33:38,165 [grpc-default-executor-1] INFO  server.RaftServer$Division (RaftServerImpl.java:checkInconsistentAppendEntries(1285)) - omNode-1@group-523986131536: inconsistency entries. Reply:omNode-3<-omNode-1#1542:FAIL-t11,INCONSISTENCY,nextIndex=18,followerCommit=17
2021-10-05 12:33:38,166 [grpc-default-executor-1] INFO  leader.FollowerInfo (FollowerInfoImpl.java:lambda$new$0(46)) - omNode-3@group-523986131536->omNode-1: nextIndex: updateUnconditionally 30 -> 18
2021-10-05 12:33:38,668 [grpc-default-executor-1] INFO  server.RaftServer$Division (RaftServerImpl.java:checkInconsistentAppendEntries(1319)) - omNode-1@group-523986131536: Failed appendEntries as previous log entry ((t:11, i:29)) is not found
2021-10-05 12:33:38,668 [grpc-default-executor-1] INFO  server.RaftServer$Division (RaftServerImpl.java:checkInconsistentAppendEntries(1285)) - omNode-1@group-523986131536: inconsistency entries. Reply:omNode-3<-omNode-1#1593:FAIL-t11,INCONSISTENCY,nextIndex=18,followerCommit=17
2021-10-05 12:33:38,669 [grpc-default-executor-1] INFO  leader.FollowerInfo (FollowerInfoImpl.java:lambda$new$0(46)) - omNode-3@group-523986131536->omNode-1: nextIndex: updateUnconditionally 30 -> 18
2021-10-05 12:33:39,171 [grpc-default-executor-6] INFO  server.RaftServer$Division (RaftServerImpl.java:checkInconsistentAppendEntries(1319)) - omNode-1@group-523986131536: Failed appendEntries as previous log entry ((t:11, i:29)) is not found
2021-10-05 12:33:39,171 [grpc-default-executor-6] INFO  server.RaftServer$Division (RaftServerImpl.java:checkInconsistentAppendEntries(1285)) - omNode-1@group-523986131536: inconsistency entries. Reply:omNode-3<-omNode-1#1644:FAIL-t11,INCONSISTENCY,nextIndex=18,followerCommit=17
2021-10-05 12:33:39,172 [grpc-default-executor-1] INFO  leader.FollowerInfo (FollowerInfoImpl.java:lambda$new$0(46)) - omNode-3@group-523986131536->omNode-1: nextIndex: updateUnconditionally 30 -> 18
2021-10-05 12:33:39,674 [grpc-default-executor-6] INFO  server.RaftServer$Division (RaftServerImpl.java:checkInconsistentAppendEntries(1319)) - omNode-1@group-523986131536: Failed appendEntries as previous log entry ((t:11, i:29)) is not found
2021-10-05 12:33:39,675 [grpc-default-executor-6] INFO  server.RaftServer$Division (RaftServerImpl.java:checkInconsistentAppendEntries(1285)) - omNode-1@group-523986131536: inconsistency entries. Reply:omNode-3<-omNode-1#1695:FAIL-t11,INCONSISTENCY,nextIndex=18,followerCommit=17
2021-10-05 12:33:39,675 [grpc-default-executor-6] INFO  leader.FollowerInfo (FollowerInfoImpl.java:lambda$new$0(46)) - omNode-3@group-523986131536->omNode-1: nextIndex: updateUnconditionally 30 -> 18
2021-10-05 12:33:40,176 [grpc-default-executor-6] INFO  server.RaftServer$Division (RaftServerImpl.java:checkInconsistentAppendEntries(1319)) - omNode-1@group-523986131536: Failed appendEntries as previous log entry ((t:11, i:29)) is not found
2021-10-05 12:33:40,177 [grpc-default-executor-6] INFO  server.RaftServer$Division (RaftServerImpl.java:checkInconsistentAppendEntries(1285)) - omNode-1@group-523986131536: inconsistency entries. Reply:omNode-3<-omNode-1#1746:FAIL-t11,INCONSISTENCY,nextIndex=18,followerCommit=17
2021-10-05 12:33:40,177 [grpc-default-executor-6] INFO  leader.FollowerInfo (FollowerInfoImpl.java:lambda$new$0(46)) - omNode-3@group-523986131536->omNode-1: nextIndex: updateUnconditionally 30 -> 18
2021-10-05 12:33:40,679 [grpc-default-executor-1] INFO  server.RaftServer$Division (RaftServerImpl.java:checkInconsistentAppendEntries(1319)) - omNode-1@group-523986131536: Failed appendEntries as previous log entry ((t:11, i:29)) is not found
2021-10-05 12:33:40,679 [grpc-default-executor-1] INFO  server.RaftServer$Division (RaftServerImpl.java:checkInconsistentAppendEntries(1285)) - omNode-1@group-523986131536: inconsistency entries. Reply:omNode-3<-omNode-1#1797:FAIL-t11,INCONSISTENCY,nextIndex=18,followerCommit=17
2021-10-05 12:33:40,680 [grpc-default-executor-1] INFO  leader.FollowerInfo (FollowerInfoImpl.java:lambda$new$0(46)) - omNode-3@group-523986131536->omNode-1: nextIndex: updateUnconditionally 30 -> 18
2021-10-05 12:33:41,182 [grpc-default-executor-6] INFO  server.RaftServer$Division (RaftServerImpl.java:checkInconsistentAppendEntries(1319)) - omNode-1@group-523986131536: Failed appendEntries as previous log entry ((t:11, i:29)) is not found
2021-10-05 12:33:41,182 [grpc-default-executor-6] INFO  server.RaftServer$Division (RaftServerImpl.java:checkInconsistentAppendEntries(1285)) - omNode-1@group-523986131536: inconsistency entries. Reply:omNode-3<-omNode-1#1848:FAIL-t11,INCONSISTENCY,nextIndex=18,followerCommit=17
2021-10-05 12:33:41,182 [grpc-default-executor-6] INFO  leader.FollowerInfo (FollowerInfoImpl.java:lambda$new$0(46)) - omNode-3@group-523986131536->omNode-1: nextIndex: updateUnconditionally 30 -> 18
2021-10-05 12:33:41,684 [grpc-default-executor-1] INFO  server.RaftServer$Division (RaftServerImpl.java:checkInconsistentAppendEntries(1319)) - omNode-1@group-523986131536: Failed appendEntries as previous log entry ((t:11, i:29)) is not found
2021-10-05 12:33:41,684 [grpc-default-executor-1] INFO  server.RaftServer$Division (RaftServerImpl.java:checkInconsistentAppendEntries(1285)) - omNode-1@group-523986131536: inconsistency entries. Reply:omNode-3<-omNode-1#1899:FAIL-t11,INCONSISTENCY,nextIndex=18,followerCommit=17
2021-10-05 12:33:41,685 [grpc-default-executor-6] INFO  leader.FollowerInfo (FollowerInfoImpl.java:lambda$new$0(46)) - omNode-3@group-523986131536->omNode-1: nextIndex: updateUnconditionally 30 -> 18
2021-10-05 12:33:42,186 [grpc-default-executor-6] INFO  server.RaftServer$Division (RaftServerImpl.java:checkInconsistentAppendEntries(1319)) - omNode-1@group-523986131536: Failed appendEntries as previous log entry ((t:11, i:29)) is not found
2021-10-05 12:33:42,187 [grpc-default-executor-6] INFO  server.RaftServer$Division (RaftServerImpl.java:checkInconsistentAppendEntries(1285)) - omNode-1@group-523986131536: inconsistency entries. Reply:omNode-3<-omNode-1#1950:FAIL-t11,INCONSISTENCY,nextIndex=18,followerCommit=17
2021-10-05 12:33:42,187 [grpc-default-executor-6] INFO  leader.FollowerInfo (FollowerInfoImpl.java:lambda$new$0(46)) - omNode-3@group-523986131536->omNode-1: nextIndex: updateUnconditionally 30 -> 18
2021-10-05 12:33:42,689 [grpc-default-executor-1] INFO  server.RaftServer$Division (RaftServerImpl.java:checkInconsistentAppendEntries(1319)) - omNode-1@group-523986131536: Failed appendEntries as previous log entry ((t:11, i:29)) is not found
2021-10-05 12:33:42,689 [grpc-default-executor-1] INFO  server.RaftServer$Division (RaftServerImpl.java:checkInconsistentAppendEntries(1285)) - omNode-1@group-523986131536: inconsistency entries. Reply:omNode-3<-omNode-1#2001:FAIL-t11,INCONSISTENCY,nextIndex=18,followerCommit=17
2021-10-05 12:33:42,689 [grpc-default-executor-1] INFO  leader.FollowerInfo (FollowerInfoImpl.java:lambda$new$0(46)) - omNode-3@group-523986131536->omNode-1: nextIndex: updateUnconditionally 30 -> 18
2021-10-05 12:33:43,191 [grpc-default-executor-7] INFO  server.RaftServer$Division (RaftServerImpl.java:checkInconsistentAppendEntries(1319)) - omNode-1@group-523986131536: Failed appendEntries as previous log entry ((t:11, i:29)) is not found
2021-10-05 12:33:43,192 [grpc-default-executor-7] INFO  server.RaftServer$Division (RaftServerImpl.java:checkInconsistentAppendEntries(1285)) - omNode-1@group-523986131536: inconsistency entries. Reply:omNode-3<-omNode-1#2052:FAIL-t11,INCONSISTENCY,nextIndex=18,followerCommit=17
2021-10-05 12:33:43,193 [grpc-default-executor-6] INFO  leader.FollowerInfo (FollowerInfoImpl.java:lambda$new$0(46)) - omNode-3@group-523986131536->omNode-1: nextIndex: updateUnconditionally 30 -> 18
2021-10-05 12:33:43,694 [grpc-default-executor-7] INFO  server.RaftServer$Division (RaftServerImpl.java:checkInconsistentAppendEntries(1319)) - omNode-1@group-523986131536: Failed appendEntries as previous log entry ((t:11, i:29)) is not found
2021-10-05 12:33:43,694 [grpc-default-executor-7] INFO  server.RaftServer$Division (RaftServerImpl.java:checkInconsistentAppendEntries(1285)) - omNode-1@group-523986131536: inconsistency entries. Reply:omNode-3<-omNode-1#2102:FAIL-t11,INCONSISTENCY,nextIndex=18,followerCommit=17
2021-10-05 12:33:43,694 [grpc-default-executor-7] INFO  leader.FollowerInfo (FollowerInfoImpl.java:lambda$new$0(46)) - omNode-3@group-523986131536->omNode-1: nextIndex: updateUnconditionally 30 -> 18
2021-10-05 12:33:44,196 [grpc-default-executor-6] INFO  server.RaftServer$Division (RaftServerImpl.java:checkInconsistentAppendEntries(1319)) - omNode-1@group-523986131536: Failed appendEntries as previous log entry ((t:11, i:29)) is not found
2021-10-05 12:33:44,196 [grpc-default-executor-6] INFO  server.RaftServer$Division (RaftServerImpl.java:checkInconsistentAppendEntries(1285)) - omNode-1@group-523986131536: inconsistency entries. Reply:omNode-3<-omNode-1#2153:FAIL-t11,INCONSISTENCY,nextIndex=18,followerCommit=17
2021-10-05 12:33:44,197 [grpc-default-executor-7] INFO  leader.FollowerInfo (FollowerInfoImpl.java:lambda$new$0(46)) - omNode-3@group-523986131536->omNode-1: nextIndex: updateUnconditionally 30 -> 18
2021-10-05 12:33:44,698 [grpc-default-executor-7] INFO  server.RaftServer$Division (RaftServerImpl.java:checkInconsistentAppendEntries(1319)) - omNode-1@group-523986131536: Failed appendEntries as previous log entry ((t:11, i:29)) is not found
2021-10-05 12:33:44,699 [grpc-default-executor-7] INFO  server.RaftServer$Division (RaftServerImpl.java:checkInconsistentAppendEntries(1285)) - omNode-1@group-523986131536: inconsistency entries. Reply:omNode-3<-omNode-1#2204:FAIL-t11,INCONSISTENCY,nextIndex=18,followerCommit=17
2021-10-05 12:33:44,699 [grpc-default-executor-7] INFO  leader.FollowerInfo (FollowerInfoImpl.java:lambda$new$0(46)) - omNode-3@group-523986131536->omNode-1: nextIndex: updateUnconditionally 30 -> 18
2021-10-05 12:33:45,201 [grpc-default-executor-7] INFO  server.RaftServer$Division (RaftServerImpl.java:checkInconsistentAppendEntries(1319)) - omNode-1@group-523986131536: Failed appendEntries as previous log entry ((t:11, i:29)) is not found
2021-10-05 12:33:45,201 [grpc-default-executor-7] INFO  server.RaftServer$Division (RaftServerImpl.java:checkInconsistentAppendEntries(1285)) - omNode-1@group-523986131536: inconsistency entries. Reply:omNode-3<-omNode-1#2255:FAIL-t11,INCONSISTENCY,nextIndex=18,followerCommit=17
2021-10-05 12:33:45,202 [grpc-default-executor-7] INFO  leader.FollowerInfo (FollowerInfoImpl.java:lambda$new$0(46)) - omNode-3@group-523986131536->omNode-1: nextIndex: updateUnconditionally 30 -> 18
2021-10-05 12:33:45,704 [grpc-default-executor-7] INFO  server.RaftServer$Division (RaftServerImpl.java:checkInconsistentAppendEntries(1319)) - omNode-1@group-523986131536: Failed appendEntries as previous log entry ((t:11, i:29)) is not found
2021-10-05 12:33:45,704 [grpc-default-executor-7] INFO  server.RaftServer$Division (RaftServerImpl.java:checkInconsistentAppendEntries(1285)) - omNode-1@group-523986131536: inconsistency entries. Reply:omNode-3<-omNode-1#2306:FAIL-t11,INCONSISTENCY,nextIndex=18,followerCommit=17
2021-10-05 12:33:45,705 [grpc-default-executor-7] INFO  leader.FollowerInfo (FollowerInfoImpl.java:lambda$new$0(46)) - omNode-3@group-523986131536->omNode-1: nextIndex: updateUnconditionally 30 -> 18
2021-10-05 12:33:46,206 [grpc-default-executor-7] INFO  server.RaftServer$Division (RaftServerImpl.java:checkInconsistentAppendEntries(1319)) - omNode-1@group-523986131536: Failed appendEntries as previous log entry ((t:11, i:29)) is not found
2021-10-05 12:33:46,206 [grpc-default-executor-7] INFO  server.RaftServer$Division (RaftServerImpl.java:checkInconsistentAppendEntries(1285)) - omNode-1@group-523986131536: inconsistency entries. Reply:omNode-3<-omNode-1#2357:FAIL-t11,INCONSISTENCY,nextIndex=18,followerCommit=17
2021-10-05 12:33:46,207 [grpc-default-executor-7] INFO  leader.FollowerInfo (FollowerInfoImpl.java:lambda$new$0(46)) - omNode-3@group-523986131536->omNode-1: nextIndex: updateUnconditionally 30 -> 18
2021-10-05 12:33:46,709 [grpc-default-executor-7] INFO  server.RaftServer$Division (RaftServerImpl.java:checkInconsistentAppendEntries(1319)) - omNode-1@group-523986131536: Failed appendEntries as previous log entry ((t:11, i:29)) is not found
2021-10-05 12:33:46,709 [grpc-default-executor-7] INFO  server.RaftServer$Division (RaftServerImpl.java:checkInconsistentAppendEntries(1285)) - omNode-1@group-523986131536: inconsistency entries. Reply:omNode-3<-omNode-1#2408:FAIL-t11,INCONSISTENCY,nextIndex=18,followerCommit=17
2021-10-05 12:33:46,710 [grpc-default-executor-7] INFO  leader.FollowerInfo (FollowerInfoImpl.java:lambda$new$0(46)) - omNode-3@group-523986131536->omNode-1: nextIndex: updateUnconditionally 30 -> 18
2021-10-05 12:33:47,211 [grpc-default-executor-7] INFO  server.RaftServer$Division (RaftServerImpl.java:checkInconsistentAppendEntries(1319)) - omNode-1@group-523986131536: Failed appendEntries as previous log entry ((t:11, i:29)) is not found
2021-10-05 12:33:47,212 [grpc-default-executor-7] INFO  server.RaftServer$Division (RaftServerImpl.java:checkInconsistentAppendEntries(1285)) - omNode-1@group-523986131536: inconsistency entries. Reply:omNode-3<-omNode-1#2459:FAIL-t11,INCONSISTENCY,nextIndex=18,followerCommit=17
2021-10-05 12:33:47,212 [grpc-default-executor-7] INFO  leader.FollowerInfo (FollowerInfoImpl.java:lambda$new$0(46)) - omNode-3@group-523986131536->omNode-1: nextIndex: updateUnconditionally 30 -> 18
2021-10-05 12:33:47,714 [grpc-default-executor-7] INFO  server.RaftServer$Division (RaftServerImpl.java:checkInconsistentAppendEntries(1319)) - omNode-1@group-523986131536: Failed appendEntries as previous log entry ((t:11, i:29)) is not found
2021-10-05 12:33:47,714 [grpc-default-executor-7] INFO  server.RaftServer$Division (RaftServerImpl.java:checkInconsistentAppendEntries(1285)) - omNode-1@group-523986131536: inconsistency entries. Reply:omNode-3<-omNode-1#2510:FAIL-t11,INCONSISTENCY,nextIndex=18,followerCommit=17
2021-10-05 12:33:47,715 [grpc-default-executor-7] INFO  leader.FollowerInfo (FollowerInfoImpl.java:lambda$new$0(46)) - omNode-3@group-523986131536->omNode-1: nextIndex: updateUnconditionally 30 -> 18
2021-10-05 12:33:48,216 [grpc-default-executor-7] INFO  server.RaftServer$Division (RaftServerImpl.java:checkInconsistentAppendEntries(1319)) - omNode-1@group-523986131536: Failed appendEntries as previous log entry ((t:11, i:29)) is not found
2021-10-05 12:33:48,217 [grpc-default-executor-7] INFO  server.RaftServer$Division (RaftServerImpl.java:checkInconsistentAppendEntries(1285)) - omNode-1@group-523986131536: inconsistency entries. Reply:omNode-3<-omNode-1#2561:FAIL-t11,INCONSISTENCY,nextIndex=18,followerCommit=17
2021-10-05 12:33:48,217 [grpc-default-executor-6] INFO  leader.FollowerInfo (FollowerInfoImpl.java:lambda$new$0(46)) - omNode-3@group-523986131536->omNode-1: nextIndex: updateUnconditionally 30 -> 18
2021-10-05 12:33:48,719 [grpc-default-executor-6] INFO  server.RaftServer$Division (RaftServerImpl.java:checkInconsistentAppendEntries(1319)) - omNode-1@group-523986131536: Failed appendEntries as previous log entry ((t:11, i:29)) is not found
2021-10-05 12:33:48,719 [grpc-default-executor-6] INFO  server.RaftServer$Division (RaftServerImpl.java:checkInconsistentAppendEntries(1285)) - omNode-1@group-523986131536: inconsistency entries. Reply:omNode-3<-omNode-1#2612:FAIL-t11,INCONSISTENCY,nextIndex=18,followerCommit=17
2021-10-05 12:33:48,720 [grpc-default-executor-7] INFO  leader.FollowerInfo (FollowerInfoImpl.java:lambda$new$0(46)) - omNode-3@group-523986131536->omNode-1: nextIndex: updateUnconditionally 30 -> 18
2021-10-05 12:33:49,221 [grpc-default-executor-6] INFO  server.RaftServer$Division (RaftServerImpl.java:checkInconsistentAppendEntries(1319)) - omNode-1@group-523986131536: Failed appendEntries as previous log entry ((t:11, i:29)) is not found
2021-10-05 12:33:49,221 [grpc-default-executor-6] INFO  server.RaftServer$Division (RaftServerImpl.java:checkInconsistentAppendEntries(1285)) - omNode-1@group-523986131536: inconsistency entries. Reply:omNode-3<-omNode-1#2663:FAIL-t11,INCONSISTENCY,nextIndex=18,followerCommit=17
2021-10-05 12:33:49,222 [grpc-default-executor-6] INFO  leader.FollowerInfo (FollowerInfoImpl.java:lambda$new$0(46)) - omNode-3@group-523986131536->omNode-1: nextIndex: updateUnconditionally 30 -> 18
2021-10-05 12:33:49,723 [grpc-default-executor-7] INFO  server.RaftServer$Division (RaftServerImpl.java:checkInconsistentAppendEntries(1319)) - omNode-1@group-523986131536: Failed appendEntries as previous log entry ((t:11, i:29)) is not found
2021-10-05 12:33:49,724 [grpc-default-executor-7] INFO  server.RaftServer$Division (RaftServerImpl.java:checkInconsistentAppendEntries(1285)) - omNode-1@group-523986131536: inconsistency entries. Reply:omNode-3<-omNode-1#2714:FAIL-t11,INCONSISTENCY,nextIndex=18,followerCommit=17
2021-10-05 12:33:49,724 [grpc-default-executor-7] INFO  leader.FollowerInfo (FollowerInfoImpl.java:lambda$new$0(46)) - omNode-3@group-523986131536->omNode-1: nextIndex: updateUnconditionally 30 -> 18
2021-10-05 12:33:50,225 [grpc-default-executor-7] INFO  server.RaftServer$Division (RaftServerImpl.java:checkInconsistentAppendEntries(1319)) - omNode-1@group-523986131536: Failed appendEntries as previous log entry ((t:11, i:29)) is not found
2021-10-05 12:33:50,226 [grpc-default-executor-7] INFO  server.RaftServer$Division (RaftServerImpl.java:checkInconsistentAppendEntries(1285)) - omNode-1@group-523986131536: inconsistency entries. Reply:omNode-3<-omNode-1#2765:FAIL-t11,INCONSISTENCY,nextIndex=18,followerCommit=17
2021-10-05 12:33:50,226 [grpc-default-executor-7] INFO  leader.FollowerInfo (FollowerInfoImpl.java:lambda$new$0(46)) - omNode-3@group-523986131536->omNode-1: nextIndex: updateUnconditionally 30 -> 18
2021-10-05 12:33:50,728 [grpc-default-executor-6] INFO  server.RaftServer$Division (RaftServerImpl.java:checkInconsistentAppendEntries(1319)) - omNode-1@group-523986131536: Failed appendEntries as previous log entry ((t:11, i:29)) is not found
2021-10-05 12:33:50,728 [grpc-default-executor-6] INFO  server.RaftServer$Division (RaftServerImpl.java:checkInconsistentAppendEntries(1285)) - omNode-1@group-523986131536: inconsistency entries. Reply:omNode-3<-omNode-1#2816:FAIL-t11,INCONSISTENCY,nextIndex=18,followerCommit=17
2021-10-05 12:33:50,729 [grpc-default-executor-7] INFO  leader.FollowerInfo (FollowerInfoImpl.java:lambda$new$0(46)) - omNode-3@group-523986131536->omNode-1: nextIndex: updateUnconditionally 30 -> 18
2021-10-05 12:33:51,231 [grpc-default-executor-6] INFO  server.RaftServer$Division (RaftServerImpl.java:checkInconsistentAppendEntries(1319)) - omNode-1@group-523986131536: Failed appendEntries as previous log entry ((t:11, i:29)) is not found
2021-10-05 12:33:51,231 [grpc-default-executor-6] INFO  server.RaftServer$Division (RaftServerImpl.java:checkInconsistentAppendEntries(1285)) - omNode-1@group-523986131536: inconsistency entries. Reply:omNode-3<-omNode-1#2867:FAIL-t11,INCONSISTENCY,nextIndex=18,followerCommit=17
2021-10-05 12:33:51,232 [grpc-default-executor-7] INFO  leader.FollowerInfo (FollowerInfoImpl.java:lambda$new$0(46)) - omNode-3@group-523986131536->omNode-1: nextIndex: updateUnconditionally 30 -> 18
2021-10-05 12:33:51,733 [grpc-default-executor-6] INFO  server.RaftServer$Division (RaftServerImpl.java:checkInconsistentAppendEntries(1319)) - omNode-1@group-523986131536: Failed appendEntries as previous log entry ((t:11, i:29)) is not found
2021-10-05 12:33:51,734 [grpc-default-executor-6] INFO  server.RaftServer$Division (RaftServerImpl.java:checkInconsistentAppendEntries(1285)) - omNode-1@group-523986131536: inconsistency entries. Reply:omNode-3<-omNode-1#2918:FAIL-t11,INCONSISTENCY,nextIndex=18,followerCommit=17
2021-10-05 12:33:51,734 [grpc-default-executor-7] INFO  leader.FollowerInfo (FollowerInfoImpl.java:lambda$new$0(46)) - omNode-3@group-523986131536->omNode-1: nextIndex: updateUnconditionally 30 -> 18
2021-10-05 12:33:52,236 [grpc-default-executor-6] INFO  server.RaftServer$Division (RaftServerImpl.java:checkInconsistentAppendEntries(1319)) - omNode-1@group-523986131536: Failed appendEntries as previous log entry ((t:11, i:29)) is not found
2021-10-05 12:33:52,236 [grpc-default-executor-6] INFO  server.RaftServer$Division (RaftServerImpl.java:checkInconsistentAppendEntries(1285)) - omNode-1@group-523986131536: inconsistency entries. Reply:omNode-3<-omNode-1#2969:FAIL-t11,INCONSISTENCY,nextIndex=18,followerCommit=17
2021-10-05 12:33:52,237 [grpc-default-executor-7] INFO  leader.FollowerInfo (FollowerInfoImpl.java:lambda$new$0(46)) - omNode-3@group-523986131536->omNode-1: nextIndex: updateUnconditionally 30 -> 18
2021-10-05 12:33:52,739 [grpc-default-executor-6] INFO  server.RaftServer$Division (RaftServerImpl.java:checkInconsistentAppendEntries(1319)) - omNode-1@group-523986131536: Failed appendEntries as previous log entry ((t:11, i:29)) is not found
2021-10-05 12:33:52,739 [grpc-default-executor-6] INFO  server.RaftServer$Division (RaftServerImpl.java:checkInconsistentAppendEntries(1285)) - omNode-1@group-523986131536: inconsistency entries. Reply:omNode-3<-omNode-1#3020:FAIL-t11,INCONSISTENCY,nextIndex=18,followerCommit=17
2021-10-05 12:33:52,740 [grpc-default-executor-7] INFO  leader.FollowerInfo (FollowerInfoImpl.java:lambda$new$0(46)) - omNode-3@group-523986131536->omNode-1: nextIndex: updateUnconditionally 30 -> 18
2021-10-05 12:33:53,241 [grpc-default-executor-7] INFO  server.RaftServer$Division (RaftServerImpl.java:checkInconsistentAppendEntries(1319)) - omNode-1@group-523986131536: Failed appendEntries as previous log entry ((t:11, i:29)) is not found
2021-10-05 12:33:53,241 [grpc-default-executor-7] INFO  server.RaftServer$Division (RaftServerImpl.java:checkInconsistentAppendEntries(1285)) - omNode-1@group-523986131536: inconsistency entries. Reply:omNode-3<-omNode-1#3071:FAIL-t11,INCONSISTENCY,nextIndex=18,followerCommit=17
2021-10-05 12:33:53,242 [grpc-default-executor-6] INFO  leader.FollowerInfo (FollowerInfoImpl.java:lambda$new$0(46)) - omNode-3@group-523986131536->omNode-1: nextIndex: updateUnconditionally 30 -> 18
2021-10-05 12:33:53,744 [grpc-default-executor-6] INFO  server.RaftServer$Division (RaftServerImpl.java:checkInconsistentAppendEntries(1319)) - omNode-1@group-523986131536: Failed appendEntries as previous log entry ((t:11, i:29)) is not found
2021-10-05 12:33:53,744 [grpc-default-executor-6] INFO  server.RaftServer$Division (RaftServerImpl.java:checkInconsistentAppendEntries(1285)) - omNode-1@group-523986131536: inconsistency entries. Reply:omNode-3<-omNode-1#3122:FAIL-t11,INCONSISTENCY,nextIndex=18,followerCommit=17
2021-10-05 12:33:53,745 [grpc-default-executor-6] INFO  leader.FollowerInfo (FollowerInfoImpl.java:lambda$new$0(46)) - omNode-3@group-523986131536->omNode-1: nextIndex: updateUnconditionally 30 -> 18
2021-10-05 12:33:54,246 [grpc-default-executor-6] INFO  server.RaftServer$Division (RaftServerImpl.java:checkInconsistentAppendEntries(1319)) - omNode-1@group-523986131536: Failed appendEntries as previous log entry ((t:11, i:29)) is not found
2021-10-05 12:33:54,247 [grpc-default-executor-6] INFO  server.RaftServer$Division (RaftServerImpl.java:checkInconsistentAppendEntries(1285)) - omNode-1@group-523986131536: inconsistency entries. Reply:omNode-3<-omNode-1#3173:FAIL-t11,INCONSISTENCY,nextIndex=18,followerCommit=17
2021-10-05 12:33:54,247 [grpc-default-executor-7] INFO  leader.FollowerInfo (FollowerInfoImpl.java:lambda$new$0(46)) - omNode-3@group-523986131536->omNode-1: nextIndex: updateUnconditionally 30 -> 18
2021-10-05 12:33:54,749 [grpc-default-executor-6] INFO  server.RaftServer$Division (RaftServerImpl.java:checkInconsistentAppendEntries(1319)) - omNode-1@group-523986131536: Failed appendEntries as previous log entry ((t:11, i:29)) is not found
2021-10-05 12:33:54,749 [grpc-default-executor-6] INFO  server.RaftServer$Division (RaftServerImpl.java:checkInconsistentAppendEntries(1285)) - omNode-1@group-523986131536: inconsistency entries. Reply:omNode-3<-omNode-1#3224:FAIL-t11,INCONSISTENCY,nextIndex=18,followerCommit=17
2021-10-05 12:33:54,750 [grpc-default-executor-7] INFO  leader.FollowerInfo (FollowerInfoImpl.java:lambda$new$0(46)) - omNode-3@group-523986131536->omNode-1: nextIndex: updateUnconditionally 30 -> 18
2021-10-05 12:33:55,252 [grpc-default-executor-6] INFO  server.RaftServer$Division (RaftServerImpl.java:checkInconsistentAppendEntries(1319)) - omNode-1@group-523986131536: Failed appendEntries as previous log entry ((t:11, i:29)) is not found
2021-10-05 12:33:55,252 [grpc-default-executor-6] INFO  server.RaftServer$Division (RaftServerImpl.java:checkInconsistentAppendEntries(1285)) - omNode-1@group-523986131536: inconsistency entries. Reply:omNode-3<-omNode-1#3275:FAIL-t11,INCONSISTENCY,nextIndex=18,followerCommit=17
2021-10-05 12:33:55,252 [grpc-default-executor-6] INFO  leader.FollowerInfo (FollowerInfoImpl.java:lambda$new$0(46)) - omNode-3@group-523986131536->omNode-1: nextIndex: updateUnconditionally 30 -> 18
2021-10-05 12:33:55,754 [grpc-default-executor-7] INFO  server.RaftServer$Division (RaftServerImpl.java:checkInconsistentAppendEntries(1319)) - omNode-1@group-523986131536: Failed appendEntries as previous log entry ((t:11, i:29)) is not found
2021-10-05 12:33:55,754 [grpc-default-executor-7] INFO  server.RaftServer$Division (RaftServerImpl.java:checkInconsistentAppendEntries(1285)) - omNode-1@group-523986131536: inconsistency entries. Reply:omNode-3<-omNode-1#3326:FAIL-t11,INCONSISTENCY,nextIndex=18,followerCommit=17
2021-10-05 12:33:55,755 [grpc-default-executor-7] INFO  leader.FollowerInfo (FollowerInfoImpl.java:lambda$new$0(46)) - omNode-3@group-523986131536->omNode-1: nextIndex: updateUnconditionally 30 -> 18
2021-10-05 12:33:56,257 [grpc-default-executor-6] INFO  server.RaftServer$Division (RaftServerImpl.java:checkInconsistentAppendEntries(1319)) - omNode-1@group-523986131536: Failed appendEntries as previous log entry ((t:11, i:29)) is not found
2021-10-05 12:33:56,257 [grpc-default-executor-6] INFO  server.RaftServer$Division (RaftServerImpl.java:checkInconsistentAppendEntries(1285)) - omNode-1@group-523986131536: inconsistency entries. Reply:omNode-3<-omNode-1#3377:FAIL-t11,INCONSISTENCY,nextIndex=18,followerCommit=17
2021-10-05 12:33:56,258 [grpc-default-executor-6] INFO  leader.FollowerInfo (FollowerInfoImpl.java:lambda$new$0(46)) - omNode-3@group-523986131536->omNode-1: nextIndex: updateUnconditionally 30 -> 18
2021-10-05 12:33:56,759 [grpc-default-executor-7] INFO  server.RaftServer$Division (RaftServerImpl.java:checkInconsistentAppendEntries(1319)) - omNode-1@group-523986131536: Failed appendEntries as previous log entry ((t:11, i:29)) is not found
2021-10-05 12:33:56,760 [grpc-default-executor-7] INFO  server.RaftServer$Division (RaftServerImpl.java:checkInconsistentAppendEntries(1285)) - omNode-1@group-523986131536: inconsistency entries. Reply:omNode-3<-omNode-1#3428:FAIL-t11,INCONSISTENCY,nextIndex=18,followerCommit=17
2021-10-05 12:33:56,760 [grpc-default-executor-7] INFO  leader.FollowerInfo (FollowerInfoImpl.java:lambda$new$0(46)) - omNode-3@group-523986131536->omNode-1: nextIndex: updateUnconditionally 30 -> 18
2021-10-05 12:33:57,262 [grpc-default-executor-7] INFO  server.RaftServer$Division (RaftServerImpl.java:checkInconsistentAppendEntries(1319)) - omNode-1@group-523986131536: Failed appendEntries as previous log entry ((t:11, i:29)) is not found
2021-10-05 12:33:57,262 [grpc-default-executor-7] INFO  server.RaftServer$Division (RaftServerImpl.java:checkInconsistentAppendEntries(1285)) - omNode-1@group-523986131536: inconsistency entries. Reply:omNode-3<-omNode-1#3479:FAIL-t11,INCONSISTENCY,nextIndex=18,followerCommit=17
2021-10-05 12:33:57,263 [grpc-default-executor-7] INFO  leader.FollowerInfo (FollowerInfoImpl.java:lambda$new$0(46)) - omNode-3@group-523986131536->omNode-1: nextIndex: updateUnconditionally 30 -> 18
2021-10-05 12:33:57,764 [grpc-default-executor-7] INFO  server.RaftServer$Division (RaftServerImpl.java:checkInconsistentAppendEntries(1319)) - omNode-1@group-523986131536: Failed appendEntries as previous log entry ((t:11, i:29)) is not found
2021-10-05 12:33:57,765 [grpc-default-executor-7] INFO  server.RaftServer$Division (RaftServerImpl.java:checkInconsistentAppendEntries(1285)) - omNode-1@group-523986131536: inconsistency entries. Reply:omNode-3<-omNode-1#3530:FAIL-t11,INCONSISTENCY,nextIndex=18,followerCommit=17
2021-10-05 12:33:57,765 [grpc-default-executor-6] INFO  leader.FollowerInfo (FollowerInfoImpl.java:lambda$new$0(46)) - omNode-3@group-523986131536->omNode-1: nextIndex: updateUnconditionally 30 -> 18
2021-10-05 12:33:58,266 [grpc-default-executor-6] INFO  server.RaftServer$Division (RaftServerImpl.java:checkInconsistentAppendEntries(1319)) - omNode-1@group-523986131536: Failed appendEntries as previous log entry ((t:11, i:29)) is not found
2021-10-05 12:33:58,267 [grpc-default-executor-6] INFO  server.RaftServer$Division (RaftServerImpl.java:checkInconsistentAppendEntries(1285)) - omNode-1@group-523986131536: inconsistency entries. Reply:omNode-3<-omNode-1#3581:FAIL-t11,INCONSISTENCY,nextIndex=18,followerCommit=17
2021-10-05 12:33:58,267 [grpc-default-executor-6] INFO  leader.FollowerInfo (FollowerInfoImpl.java:lambda$new$0(46)) - omNode-3@group-523986131536->omNode-1: nextIndex: updateUnconditionally 30 -> 18
2021-10-05 12:33:58,769 [grpc-default-executor-7] INFO  server.RaftServer$Division (RaftServerImpl.java:checkInconsistentAppendEntries(1319)) - omNode-1@group-523986131536: Failed appendEntries as previous log entry ((t:11, i:29)) is not found
2021-10-05 12:33:58,769 [grpc-default-executor-7] INFO  server.RaftServer$Division (RaftServerImpl.java:checkInconsistentAppendEntries(1285)) - omNode-1@group-523986131536: inconsistency entries. Reply:omNode-3<-omNode-1#3632:FAIL-t11,INCONSISTENCY,nextIndex=18,followerCommit=17
2021-10-05 12:33:58,770 [grpc-default-executor-7] INFO  leader.FollowerInfo (FollowerInfoImpl.java:lambda$new$0(46)) - omNode-3@group-523986131536->omNode-1: nextIndex: updateUnconditionally 30 -> 18
2021-10-05 12:33:59,272 [grpc-default-executor-7] INFO  server.RaftServer$Division (RaftServerImpl.java:checkInconsistentAppendEntries(1319)) - omNode-1@group-523986131536: Failed appendEntries as previous log entry ((t:11, i:29)) is not found
2021-10-05 12:33:59,272 [grpc-default-executor-7] INFO  server.RaftServer$Division (RaftServerImpl.java:checkInconsistentAppendEntries(1285)) - omNode-1@group-523986131536: inconsistency entries. Reply:omNode-3<-omNode-1#3683:FAIL-t11,INCONSISTENCY,nextIndex=18,followerCommit=17
2021-10-05 12:33:59,273 [grpc-default-executor-6] INFO  leader.FollowerInfo (FollowerInfoImpl.java:lambda$new$0(46)) - omNode-3@group-523986131536->omNode-1: nextIndex: updateUnconditionally 30 -> 18
2021-10-05 12:33:59,774 [grpc-default-executor-6] INFO  server.RaftServer$Division (RaftServerImpl.java:checkInconsistentAppendEntries(1319)) - omNode-1@group-523986131536: Failed appendEntries as previous log entry ((t:11, i:29)) is not found
2021-10-05 12:33:59,775 [grpc-default-executor-6] INFO  server.RaftServer$Division (RaftServerImpl.java:checkInconsistentAppendEntries(1285)) - omNode-1@group-523986131536: inconsistency entries. Reply:omNode-3<-omNode-1#3734:FAIL-t11,INCONSISTENCY,nextIndex=18,followerCommit=17
2021-10-05 12:33:59,775 [grpc-default-executor-6] INFO  leader.FollowerInfo (FollowerInfoImpl.java:lambda$new$0(46)) - omNode-3@group-523986131536->omNode-1: nextIndex: updateUnconditionally 30 -> 18
2021-10-05 12:34:00,277 [grpc-default-executor-7] INFO  server.RaftServer$Division (RaftServerImpl.java:checkInconsistentAppendEntries(1319)) - omNode-1@group-523986131536: Failed appendEntries as previous log entry ((t:11, i:29)) is not found
2021-10-05 12:34:00,277 [grpc-default-executor-7] INFO  server.RaftServer$Division (RaftServerImpl.java:checkInconsistentAppendEntries(1285)) - omNode-1@group-523986131536: inconsistency entries. Reply:omNode-3<-omNode-1#3785:FAIL-t11,INCONSISTENCY,nextIndex=18,followerCommit=17
2021-10-05 12:34:00,278 [grpc-default-executor-7] INFO  leader.FollowerInfo (FollowerInfoImpl.java:lambda$new$0(46)) - omNode-3@group-523986131536->omNode-1: nextIndex: updateUnconditionally 30 -> 18
2021-10-05 12:34:00,779 [grpc-default-executor-7] INFO  server.RaftServer$Division (RaftServerImpl.java:checkInconsistentAppendEntries(1319)) - omNode-1@group-523986131536: Failed appendEntries as previous log entry ((t:11, i:29)) is not found
2021-10-05 12:34:00,780 [grpc-default-executor-7] INFO  server.RaftServer$Division (RaftServerImpl.java:checkInconsistentAppendEntries(1285)) - omNode-1@group-523986131536: inconsistency entries. Reply:omNode-3<-omNode-1#3836:FAIL-t11,INCONSISTENCY,nextIndex=18,followerCommit=17
2021-10-05 12:34:00,780 [grpc-default-executor-7] INFO  leader.FollowerInfo (FollowerInfoImpl.java:lambda$new$0(46)) - omNode-3@group-523986131536->omNode-1: nextIndex: updateUnconditionally 30 -> 18
2021-10-05 12:34:01,282 [grpc-default-executor-1] INFO  server.RaftServer$Division (RaftServerImpl.java:checkInconsistentAppendEntries(1319)) - omNode-1@group-523986131536: Failed appendEntries as previous log entry ((t:11, i:29)) is not found
2021-10-05 12:34:01,282 [grpc-default-executor-1] INFO  server.RaftServer$Division (RaftServerImpl.java:checkInconsistentAppendEntries(1285)) - omNode-1@group-523986131536: inconsistency entries. Reply:omNode-3<-omNode-1#3887:FAIL-t11,INCONSISTENCY,nextIndex=18,followerCommit=17
2021-10-05 12:34:01,283 [grpc-default-executor-7] INFO  leader.FollowerInfo (FollowerInfoImpl.java:lambda$new$0(46)) - omNode-3@group-523986131536->omNode-1: nextIndex: updateUnconditionally 30 -> 18
2021-10-05 12:34:01,785 [grpc-default-executor-7] INFO  server.RaftServer$Division (RaftServerImpl.java:checkInconsistentAppendEntries(1319)) - omNode-1@group-523986131536: Failed appendEntries as previous log entry ((t:11, i:29)) is not found
2021-10-05 12:34:01,785 [grpc-default-executor-7] INFO  server.RaftServer$Division (RaftServerImpl.java:checkInconsistentAppendEntries(1285)) - omNode-1@group-523986131536: inconsistency entries. Reply:omNode-3<-omNode-1#3938:FAIL-t11,INCONSISTENCY,nextIndex=18,followerCommit=17
2021-10-05 12:34:01,786 [grpc-default-executor-1] INFO  leader.FollowerInfo (FollowerInfoImpl.java:lambda$new$0(46)) - omNode-3@group-523986131536->omNode-1: nextIndex: updateUnconditionally 30 -> 18
2021-10-05 12:34:02,287 [grpc-default-executor-7] INFO  server.RaftServer$Division (RaftServerImpl.java:checkInconsistentAppendEntries(1319)) - omNode-1@group-523986131536: Failed appendEntries as previous log entry ((t:11, i:29)) is not found
2021-10-05 12:34:02,287 [grpc-default-executor-7] INFO  server.RaftServer$Division (RaftServerImpl.java:checkInconsistentAppendEntries(1285)) - omNode-1@group-523986131536: inconsistency entries. Reply:omNode-3<-omNode-1#3989:FAIL-t11,INCONSISTENCY,nextIndex=18,followerCommit=17
2021-10-05 12:34:02,288 [grpc-default-executor-1] INFO  leader.FollowerInfo (FollowerInfoImpl.java:lambda$new$0(46)) - omNode-3@group-523986131536->omNode-1: nextIndex: updateUnconditionally 30 -> 18
2021-10-05 12:34:02,789 [grpc-default-executor-7] INFO  server.RaftServer$Division (RaftServerImpl.java:checkInconsistentAppendEntries(1319)) - omNode-1@group-523986131536: Failed appendEntries as previous log entry ((t:11, i:29)) is not found
2021-10-05 12:34:02,790 [grpc-default-executor-7] INFO  server.RaftServer$Division (RaftServerImpl.java:checkInconsistentAppendEntries(1285)) - omNode-1@group-523986131536: inconsistency entries. Reply:omNode-3<-omNode-1#4040:FAIL-t11,INCONSISTENCY,nextIndex=18,followerCommit=17
2021-10-05 12:34:02,790 [grpc-default-executor-7] INFO  leader.FollowerInfo (FollowerInfoImpl.java:lambda$new$0(46)) - omNode-3@group-523986131536->omNode-1: nextIndex: updateUnconditionally 30 -> 18
2021-10-05 12:34:03,292 [grpc-default-executor-1] INFO  server.RaftServer$Division (RaftServerImpl.java:checkInconsistentAppendEntries(1319)) - omNode-1@group-523986131536: Failed appendEntries as previous log entry ((t:11, i:29)) is not found
2021-10-05 12:34:03,292 [grpc-default-executor-1] INFO  server.RaftServer$Division (RaftServerImpl.java:checkInconsistentAppendEntries(1285)) - omNode-1@group-523986131536: inconsistency entries. Reply:omNode-3<-omNode-1#4091:FAIL-t11,INCONSISTENCY,nextIndex=18,followerCommit=17
2021-10-05 12:34:03,292 [grpc-default-executor-1] INFO  leader.FollowerInfo (FollowerInfoImpl.java:lambda$new$0(46)) - omNode-3@group-523986131536->omNode-1: nextIndex: updateUnconditionally 30 -> 18
2021-10-05 12:34:03,794 [grpc-default-executor-6] INFO  server.RaftServer$Division (RaftServerImpl.java:checkInconsistentAppendEntries(1319)) - omNode-1@group-523986131536: Failed appendEntries as previous log entry ((t:11, i:29)) is not found
2021-10-05 12:34:03,794 [grpc-default-executor-6] INFO  server.RaftServer$Division (RaftServerImpl.java:checkInconsistentAppendEntries(1285)) - omNode-1@group-523986131536: inconsistency entries. Reply:omNode-3<-omNode-1#4142:FAIL-t11,INCONSISTENCY,nextIndex=18,followerCommit=17
2021-10-05 12:34:03,795 [grpc-default-executor-6] INFO  leader.FollowerInfo (FollowerInfoImpl.java:lambda$new$0(46)) - omNode-3@group-523986131536->omNode-1: nextIndex: updateUnconditionally 30 -> 18
2021-10-05 12:34:04,297 [grpc-default-executor-1] INFO  server.RaftServer$Division (RaftServerImpl.java:checkInconsistentAppendEntries(1319)) - omNode-1@group-523986131536: Failed appendEntries as previous log entry ((t:11, i:29)) is not found
2021-10-05 12:34:04,297 [grpc-default-executor-1] INFO  server.RaftServer$Division (RaftServerImpl.java:checkInconsistentAppendEntries(1285)) - omNode-1@group-523986131536: inconsistency entries. Reply:omNode-3<-omNode-1#4193:FAIL-t11,INCONSISTENCY,nextIndex=18,followerCommit=17
2021-10-05 12:34:04,298 [grpc-default-executor-1] INFO  leader.FollowerInfo (FollowerInfoImpl.java:lambda$new$0(46)) - omNode-3@group-523986131536->omNode-1: nextIndex: updateUnconditionally 30 -> 18
2021-10-05 12:34:04,799 [grpc-default-executor-1] INFO  server.RaftServer$Division (RaftServerImpl.java:checkInconsistentAppendEntries(1319)) - omNode-1@group-523986131536: Failed appendEntries as previous log entry ((t:11, i:29)) is not found
2021-10-05 12:34:04,800 [grpc-default-executor-1] INFO  server.RaftServer$Division (RaftServerImpl.java:checkInconsistentAppendEntries(1285)) - omNode-1@group-523986131536: inconsistency entries. Reply:omNode-3<-omNode-1#4244:FAIL-t11,INCONSISTENCY,nextIndex=18,followerCommit=17
2021-10-05 12:34:04,800 [grpc-default-executor-1] INFO  leader.FollowerInfo (FollowerInfoImpl.java:lambda$new$0(46)) - omNode-3@group-523986131536->omNode-1: nextIndex: updateUnconditionally 30 -> 18
2021-10-05 12:34:05,302 [grpc-default-executor-1] INFO  server.RaftServer$Division (RaftServerImpl.java:checkInconsistentAppendEntries(1319)) - omNode-1@group-523986131536: Failed appendEntries as previous log entry ((t:11, i:29)) is not found
2021-10-05 12:34:05,302 [grpc-default-executor-1] INFO  server.RaftServer$Division (RaftServerImpl.java:checkInconsistentAppendEntries(1285)) - omNode-1@group-523986131536: inconsistency entries. Reply:omNode-3<-omNode-1#4295:FAIL-t11,INCONSISTENCY,nextIndex=18,followerCommit=17
2021-10-05 12:34:05,302 [grpc-default-executor-1] INFO  leader.FollowerInfo (FollowerInfoImpl.java:lambda$new$0(46)) - omNode-3@group-523986131536->omNode-1: nextIndex: updateUnconditionally 30 -> 18
2021-10-05 12:34:05,804 [grpc-default-executor-1] INFO  server.RaftServer$Division (RaftServerImpl.java:checkInconsistentAppendEntries(1319)) - omNode-1@group-523986131536: Failed appendEntries as previous log entry ((t:11, i:29)) is not found
2021-10-05 12:34:05,804 [grpc-default-executor-1] INFO  server.RaftServer$Division (RaftServerImpl.java:checkInconsistentAppendEntries(1285)) - omNode-1@group-523986131536: inconsistency entries. Reply:omNode-3<-omNode-1#4346:FAIL-t11,INCONSISTENCY,nextIndex=18,followerCommit=17
2021-10-05 12:34:05,805 [grpc-default-executor-1] INFO  leader.FollowerInfo (FollowerInfoImpl.java:lambda$new$0(46)) - omNode-3@group-523986131536->omNode-1: nextIndex: updateUnconditionally 30 -> 18
2021-10-05 12:34:06,306 [grpc-default-executor-1] INFO  server.RaftServer$Division (RaftServerImpl.java:checkInconsistentAppendEntries(1319)) - omNode-1@group-523986131536: Failed appendEntries as previous log entry ((t:11, i:29)) is not found
2021-10-05 12:34:06,306 [grpc-default-executor-1] INFO  server.RaftServer$Division (RaftServerImpl.java:checkInconsistentAppendEntries(1285)) - omNode-1@group-523986131536: inconsistency entries. Reply:omNode-3<-omNode-1#4397:FAIL-t11,INCONSISTENCY,nextIndex=18,followerCommit=17
2021-10-05 12:34:06,307 [grpc-default-executor-1] INFO  leader.FollowerInfo (FollowerInfoImpl.java:lambda$new$0(46)) - omNode-3@group-523986131536->omNode-1: nextIndex: updateUnconditionally 30 -> 18
2021-10-05 12:34:06,809 [grpc-default-executor-1] INFO  server.RaftServer$Division (RaftServerImpl.java:checkInconsistentAppendEntries(1319)) - omNode-1@group-523986131536: Failed appendEntries as previous log entry ((t:11, i:29)) is not found
2021-10-05 12:34:06,809 [grpc-default-executor-1] INFO  server.RaftServer$Division (RaftServerImpl.java:checkInconsistentAppendEntries(1285)) - omNode-1@group-523986131536: inconsistency entries. Reply:omNode-3<-omNode-1#4448:FAIL-t11,INCONSISTENCY,nextIndex=18,followerCommit=17
2021-10-05 12:34:06,810 [grpc-default-executor-1] INFO  leader.FollowerInfo (FollowerInfoImpl.java:lambda$new$0(46)) - omNode-3@group-523986131536->omNode-1: nextIndex: updateUnconditionally 30 -> 18
2021-10-05 12:34:07,311 [grpc-default-executor-1] INFO  server.RaftServer$Division (RaftServerImpl.java:checkInconsistentAppendEntries(1319)) - omNode-1@group-523986131536: Failed appendEntries as previous log entry ((t:11, i:29)) is not found
2021-10-05 12:34:07,312 [grpc-default-executor-1] INFO  server.RaftServer$Division (RaftServerImpl.java:checkInconsistentAppendEntries(1285)) - omNode-1@group-523986131536: inconsistency entries. Reply:omNode-3<-omNode-1#4499:FAIL-t11,INCONSISTENCY,nextIndex=18,followerCommit=17
2021-10-05 12:34:07,312 [grpc-default-executor-1] INFO  leader.FollowerInfo (FollowerInfoImpl.java:lambda$new$0(46)) - omNode-3@group-523986131536->omNode-1: nextIndex: updateUnconditionally 30 -> 18
2021-10-05 12:34:07,814 [grpc-default-executor-1] INFO  server.RaftServer$Division (RaftServerImpl.java:checkInconsistentAppendEntries(1319)) - omNode-1@group-523986131536: Failed appendEntries as previous log entry ((t:11, i:29)) is not found
2021-10-05 12:34:07,815 [grpc-default-executor-1] INFO  server.RaftServer$Division (RaftServerImpl.java:checkInconsistentAppendEntries(1285)) - omNode-1@group-523986131536: inconsistency entries. Reply:omNode-3<-omNode-1#4550:FAIL-t11,INCONSISTENCY,nextIndex=18,followerCommit=17
2021-10-05 12:34:07,815 [grpc-default-executor-1] INFO  leader.FollowerInfo (FollowerInfoImpl.java:lambda$new$0(46)) - omNode-3@group-523986131536->omNode-1: nextIndex: updateUnconditionally 30 -> 18
2021-10-05 12:34:08,317 [grpc-default-executor-7] INFO  server.RaftServer$Division (RaftServerImpl.java:checkInconsistentAppendEntries(1319)) - omNode-1@group-523986131536: Failed appendEntries as previous log entry ((t:11, i:29)) is not found
2021-10-05 12:34:08,318 [grpc-default-executor-7] INFO  server.RaftServer$Division (RaftServerImpl.java:checkInconsistentAppendEntries(1285)) - omNode-1@group-523986131536: inconsistency entries. Reply:omNode-3<-omNode-1#4601:FAIL-t11,INCONSISTENCY,nextIndex=18,followerCommit=17
2021-10-05 12:34:08,318 [grpc-default-executor-1] INFO  leader.FollowerInfo (FollowerInfoImpl.java:lambda$new$0(46)) - omNode-3@group-523986131536->omNode-1: nextIndex: updateUnconditionally 30 -> 18
2021-10-05 12:34:08,821 [grpc-default-executor-1] INFO  server.RaftServer$Division (RaftServerImpl.java:checkInconsistentAppendEntries(1319)) - omNode-1@group-523986131536: Failed appendEntries as previous log entry ((t:11, i:29)) is not found
2021-10-05 12:34:08,821 [grpc-default-executor-1] INFO  server.RaftServer$Division (RaftServerImpl.java:checkInconsistentAppendEntries(1285)) - omNode-1@group-523986131536: inconsistency entries. Reply:omNode-3<-omNode-1#4652:FAIL-t11,INCONSISTENCY,nextIndex=18,followerCommit=17
2021-10-05 12:34:08,821 [grpc-default-executor-1] INFO  leader.FollowerInfo (FollowerInfoImpl.java:lambda$new$0(46)) - omNode-3@group-523986131536->omNode-1: nextIndex: updateUnconditionally 30 -> 18
2021-10-05 12:34:09,323 [grpc-default-executor-1] INFO  server.RaftServer$Division (RaftServerImpl.java:checkInconsistentAppendEntries(1319)) - omNode-1@group-523986131536: Failed appendEntries as previous log entry ((t:11, i:29)) is not found
2021-10-05 12:34:09,323 [grpc-default-executor-1] INFO  server.RaftServer$Division (RaftServerImpl.java:checkInconsistentAppendEntries(1285)) - omNode-1@group-523986131536: inconsistency entries. Reply:omNode-3<-omNode-1#4703:FAIL-t11,INCONSISTENCY,nextIndex=18,followerCommit=17
2021-10-05 12:34:09,324 [grpc-default-executor-1] INFO  leader.FollowerInfo (FollowerInfoImpl.java:lambda$new$0(46)) - omNode-3@group-523986131536->omNode-1: nextIndex: updateUnconditionally 30 -> 18
2021-10-05 12:34:09,826 [grpc-default-executor-1] INFO  server.RaftServer$Division (RaftServerImpl.java:checkInconsistentAppendEntries(1319)) - omNode-1@group-523986131536: Failed appendEntries as previous log entry ((t:11, i:29)) is not found
2021-10-05 12:34:09,826 [grpc-default-executor-1] INFO  server.RaftServer$Division (RaftServerImpl.java:checkInconsistentAppendEntries(1285)) - omNode-1@group-523986131536: inconsistency entries. Reply:omNode-3<-omNode-1#4754:FAIL-t11,INCONSISTENCY,nextIndex=18,followerCommit=17
2021-10-05 12:34:09,827 [grpc-default-executor-1] INFO  leader.FollowerInfo (FollowerInfoImpl.java:lambda$new$0(46)) - omNode-3@group-523986131536->omNode-1: nextIndex: updateUnconditionally 30 -> 18
2021-10-05 12:34:10,328 [grpc-default-executor-1] INFO  server.RaftServer$Division (RaftServerImpl.java:checkInconsistentAppendEntries(1319)) - omNode-1@group-523986131536: Failed appendEntries as previous log entry ((t:11, i:29)) is not found
2021-10-05 12:34:10,329 [grpc-default-executor-1] INFO  server.RaftServer$Division (RaftServerImpl.java:checkInconsistentAppendEntries(1285)) - omNode-1@group-523986131536: inconsistency entries. Reply:omNode-3<-omNode-1#4805:FAIL-t11,INCONSISTENCY,nextIndex=18,followerCommit=17
2021-10-05 12:34:10,330 [grpc-default-executor-7] INFO  leader.FollowerInfo (FollowerInfoImpl.java:lambda$new$0(46)) - omNode-3@group-523986131536->omNode-1: nextIndex: updateUnconditionally 30 -> 18
2021-10-05 12:34:10,832 [grpc-default-executor-1] INFO  server.RaftServer$Division (RaftServerImpl.java:checkInconsistentAppendEntries(1319)) - omNode-1@group-523986131536: Failed appendEntries as previous log entry ((t:11, i:29)) is not found
2021-10-05 12:34:10,832 [grpc-default-executor-1] INFO  server.RaftServer$Division (RaftServerImpl.java:checkInconsistentAppendEntries(1285)) - omNode-1@group-523986131536: inconsistency entries. Reply:omNode-3<-omNode-1#4856:FAIL-t11,INCONSISTENCY,nextIndex=18,followerCommit=17
2021-10-05 12:34:10,832 [grpc-default-executor-1] INFO  leader.FollowerInfo (FollowerInfoImpl.java:lambda$new$0(46)) - omNode-3@group-523986131536->omNode-1: nextIndex: updateUnconditionally 30 -> 18
2021-10-05 12:34:11,334 [grpc-default-executor-7] INFO  server.RaftServer$Division (RaftServerImpl.java:checkInconsistentAppendEntries(1319)) - omNode-1@group-523986131536: Failed appendEntries as previous log entry ((t:11, i:29)) is not found
2021-10-05 12:34:11,334 [grpc-default-executor-7] INFO  server.RaftServer$Division (RaftServerImpl.java:checkInconsistentAppendEntries(1285)) - omNode-1@group-523986131536: inconsistency entries. Reply:omNode-3<-omNode-1#4907:FAIL-t11,INCONSISTENCY,nextIndex=18,followerCommit=17
2021-10-05 12:34:11,334 [grpc-default-executor-7] INFO  leader.FollowerInfo (FollowerInfoImpl.java:lambda$new$0(46)) - omNode-3@group-523986131536->omNode-1: nextIndex: updateUnconditionally 30 -> 18
2021-10-05 12:34:11,836 [grpc-default-executor-1] INFO  server.RaftServer$Division (RaftServerImpl.java:checkInconsistentAppendEntries(1319)) - omNode-1@group-523986131536: Failed appendEntries as previous log entry ((t:11, i:29)) is not found
2021-10-05 12:34:11,836 [grpc-default-executor-1] INFO  server.RaftServer$Division (RaftServerImpl.java:checkInconsistentAppendEntries(1285)) - omNode-1@group-523986131536: inconsistency entries. Reply:omNode-3<-omNode-1#4958:FAIL-t11,INCONSISTENCY,nextIndex=18,followerCommit=17
2021-10-05 12:34:11,837 [grpc-default-executor-1] INFO  leader.FollowerInfo (FollowerInfoImpl.java:lambda$new$0(46)) - omNode-3@group-523986131536->omNode-1: nextIndex: updateUnconditionally 30 -> 18
2021-10-05 12:34:12,338 [grpc-default-executor-1] INFO  server.RaftServer$Division (RaftServerImpl.java:checkInconsistentAppendEntries(1319)) - omNode-1@group-523986131536: Failed appendEntries as previous log entry ((t:11, i:29)) is not found
2021-10-05 12:34:12,339 [grpc-default-executor-1] INFO  server.RaftServer$Division (RaftServerImpl.java:checkInconsistentAppendEntries(1285)) - omNode-1@group-523986131536: inconsistency entries. Reply:omNode-3<-omNode-1#5009:FAIL-t11,INCONSISTENCY,nextIndex=18,followerCommit=17
2021-10-05 12:34:12,339 [grpc-default-executor-1] INFO  leader.FollowerInfo (FollowerInfoImpl.java:lambda$new$0(46)) - omNode-3@group-523986131536->omNode-1: nextIndex: updateUnconditionally 30 -> 18
2021-10-05 12:34:12,841 [grpc-default-executor-1] INFO  server.RaftServer$Division (RaftServerImpl.java:checkInconsistentAppendEntries(1319)) - omNode-1@group-523986131536: Failed appendEntries as previous log entry ((t:11, i:29)) is not found
2021-10-05 12:34:12,841 [grpc-default-executor-1] INFO  server.RaftServer$Division (RaftServerImpl.java:checkInconsistentAppendEntries(1285)) - omNode-1@group-523986131536: inconsistency entries. Reply:omNode-3<-omNode-1#5060:FAIL-t11,INCONSISTENCY,nextIndex=18,followerCommit=17
2021-10-05 12:34:12,842 [grpc-default-executor-7] INFO  leader.FollowerInfo (FollowerInfoImpl.java:lambda$new$0(46)) - omNode-3@group-523986131536->omNode-1: nextIndex: updateUnconditionally 30 -> 18
2021-10-05 12:34:13,343 [grpc-default-executor-1] INFO  server.RaftServer$Division (RaftServerImpl.java:checkInconsistentAppendEntries(1319)) - omNode-1@group-523986131536: Failed appendEntries as previous log entry ((t:11, i:29)) is not found
2021-10-05 12:34:13,343 [grpc-default-executor-1] INFO  server.RaftServer$Division (RaftServerImpl.java:checkInconsistentAppendEntries(1285)) - omNode-1@group-523986131536: inconsistency entries. Reply:omNode-3<-omNode-1#5111:FAIL-t11,INCONSISTENCY,nextIndex=18,followerCommit=17
2021-10-05 12:34:13,344 [grpc-default-executor-1] INFO  leader.FollowerInfo (FollowerInfoImpl.java:lambda$new$0(46)) - omNode-3@group-523986131536->omNode-1: nextIndex: updateUnconditionally 30 -> 18
2021-10-05 12:34:13,846 [grpc-default-executor-1] INFO  server.RaftServer$Division (RaftServerImpl.java:checkInconsistentAppendEntries(1319)) - omNode-1@group-523986131536: Failed appendEntries as previous log entry ((t:11, i:29)) is not found
2021-10-05 12:34:13,846 [grpc-default-executor-1] INFO  server.RaftServer$Division (RaftServerImpl.java:checkInconsistentAppendEntries(1285)) - omNode-1@group-523986131536: inconsistency entries. Reply:omNode-3<-omNode-1#5162:FAIL-t11,INCONSISTENCY,nextIndex=18,followerCommit=17
2021-10-05 12:34:13,847 [grpc-default-executor-1] INFO  leader.FollowerInfo (FollowerInfoImpl.java:lambda$new$0(46)) - omNode-3@group-523986131536->omNode-1: nextIndex: updateUnconditionally 30 -> 18
2021-10-05 12:34:14,348 [grpc-default-executor-7] INFO  server.RaftServer$Division (RaftServerImpl.java:checkInconsistentAppendEntries(1319)) - omNode-1@group-523986131536: Failed appendEntries as previous log entry ((t:11, i:29)) is not found
2021-10-05 12:34:14,348 [grpc-default-executor-7] INFO  server.RaftServer$Division (RaftServerImpl.java:checkInconsistentAppendEntries(1285)) - omNode-1@group-523986131536: inconsistency entries. Reply:omNode-3<-omNode-1#5213:FAIL-t11,INCONSISTENCY,nextIndex=18,followerCommit=17
2021-10-05 12:34:14,349 [grpc-default-executor-1] INFO  leader.FollowerInfo (FollowerInfoImpl.java:lambda$new$0(46)) - omNode-3@group-523986131536->omNode-1: nextIndex: updateUnconditionally 30 -> 18
2021-10-05 12:34:14,850 [grpc-default-executor-7] INFO  server.RaftServer$Division (RaftServerImpl.java:checkInconsistentAppendEntries(1319)) - omNode-1@group-523986131536: Failed appendEntries as previous log entry ((t:11, i:29)) is not found
2021-10-05 12:34:14,851 [grpc-default-executor-7] INFO  server.RaftServer$Division (RaftServerImpl.java:checkInconsistentAppendEntries(1285)) - omNode-1@group-523986131536: inconsistency entries. Reply:omNode-3<-omNode-1#5264:FAIL-t11,INCONSISTENCY,nextIndex=18,followerCommit=17
2021-10-05 12:34:14,851 [grpc-default-executor-7] INFO  leader.FollowerInfo (FollowerInfoImpl.java:lambda$new$0(46)) - omNode-3@group-523986131536->omNode-1: nextIndex: updateUnconditionally 30 -> 18
2021-10-05 12:34:15,353 [grpc-default-executor-8] INFO  server.RaftServer$Division (RaftServerImpl.java:checkInconsistentAppendEntries(1319)) - omNode-1@group-523986131536: Failed appendEntries as previous log entry ((t:11, i:29)) is not found
2021-10-05 12:34:15,354 [grpc-default-executor-8] INFO  server.RaftServer$Division (RaftServerImpl.java:checkInconsistentAppendEntries(1285)) - omNode-1@group-523986131536: inconsistency entries. Reply:omNode-3<-omNode-1#5315:FAIL-t11,INCONSISTENCY,nextIndex=18,followerCommit=17
2021-10-05 12:34:15,354 [grpc-default-executor-8] INFO  leader.FollowerInfo (FollowerInfoImpl.java:lambda$new$0(46)) - omNode-3@group-523986131536->omNode-1: nextIndex: updateUnconditionally 30 -> 18
2021-10-05 12:34:15,855 [grpc-default-executor-6] INFO  server.RaftServer$Division (RaftServerImpl.java:checkInconsistentAppendEntries(1319)) - omNode-1@group-523986131536: Failed appendEntries as previous log entry ((t:11, i:29)) is not found
2021-10-05 12:34:15,856 [grpc-default-executor-6] INFO  server.RaftServer$Division (RaftServerImpl.java:checkInconsistentAppendEntries(1285)) - omNode-1@group-523986131536: inconsistency entries. Reply:omNode-3<-omNode-1#5366:FAIL-t11,INCONSISTENCY,nextIndex=18,followerCommit=17
2021-10-05 12:34:15,856 [grpc-default-executor-6] INFO  leader.FollowerInfo (FollowerInfoImpl.java:lambda$new$0(46)) - omNode-3@group-523986131536->omNode-1: nextIndex: updateUnconditionally 30 -> 18
2021-10-05 12:34:16,358 [grpc-default-executor-6] INFO  server.RaftServer$Division (RaftServerImpl.java:checkInconsistentAppendEntries(1319)) - omNode-1@group-523986131536: Failed appendEntries as previous log entry ((t:11, i:29)) is not found
2021-10-05 12:34:16,358 [grpc-default-executor-6] INFO  server.RaftServer$Division (RaftServerImpl.java:checkInconsistentAppendEntries(1285)) - omNode-1@group-523986131536: inconsistency entries. Reply:omNode-3<-omNode-1#5417:FAIL-t11,INCONSISTENCY,nextIndex=18,followerCommit=17
2021-10-05 12:34:16,359 [grpc-default-executor-6] INFO  leader.FollowerInfo (FollowerInfoImpl.java:lambda$new$0(46)) - omNode-3@group-523986131536->omNode-1: nextIndex: updateUnconditionally 30 -> 18
2021-10-05 12:34:16,861 [grpc-default-executor-6] INFO  server.RaftServer$Division (RaftServerImpl.java:checkInconsistentAppendEntries(1319)) - omNode-1@group-523986131536: Failed appendEntries as previous log entry ((t:11, i:29)) is not found
2021-10-05 12:34:16,861 [grpc-default-executor-6] INFO  server.RaftServer$Division (RaftServerImpl.java:checkInconsistentAppendEntries(1285)) - omNode-1@group-523986131536: inconsistency entries. Reply:omNode-3<-omNode-1#5468:FAIL-t11,INCONSISTENCY,nextIndex=18,followerCommit=17
2021-10-05 12:34:16,862 [grpc-default-executor-6] INFO  leader.FollowerInfo (FollowerInfoImpl.java:lambda$new$0(46)) - omNode-3@group-523986131536->omNode-1: nextIndex: updateUnconditionally 30 -> 18
2021-10-05 12:34:17,364 [grpc-default-executor-6] INFO  server.RaftServer$Division (RaftServerImpl.java:checkInconsistentAppendEntries(1319)) - omNode-1@group-523986131536: Failed appendEntries as previous log entry ((t:11, i:29)) is not found
2021-10-05 12:34:17,364 [grpc-default-executor-6] INFO  server.RaftServer$Division (RaftServerImpl.java:checkInconsistentAppendEntries(1285)) - omNode-1@group-523986131536: inconsistency entries. Reply:omNode-3<-omNode-1#5519:FAIL-t11,INCONSISTENCY,nextIndex=18,followerCommit=17
2021-10-05 12:34:17,364 [grpc-default-executor-6] INFO  leader.FollowerInfo (FollowerInfoImpl.java:lambda$new$0(46)) - omNode-3@group-523986131536->omNode-1: nextIndex: updateUnconditionally 30 -> 18
2021-10-05 12:34:17,866 [grpc-default-executor-1] INFO  server.RaftServer$Division (RaftServerImpl.java:checkInconsistentAppendEntries(1319)) - omNode-1@group-523986131536: Failed appendEntries as previous log entry ((t:11, i:29)) is not found
2021-10-05 12:34:17,866 [grpc-default-executor-1] INFO  server.RaftServer$Division (RaftServerImpl.java:checkInconsistentAppendEntries(1285)) - omNode-1@group-523986131536: inconsistency entries. Reply:omNode-3<-omNode-1#5570:FAIL-t11,INCONSISTENCY,nextIndex=18,followerCommit=17
2021-10-05 12:34:17,866 [grpc-default-executor-1] INFO  leader.FollowerInfo (FollowerInfoImpl.java:lambda$new$0(46)) - omNode-3@group-523986131536->omNode-1: nextIndex: updateUnconditionally 30 -> 18
2021-10-05 12:34:18,368 [grpc-default-executor-1] INFO  server.RaftServer$Division (RaftServerImpl.java:checkInconsistentAppendEntries(1319)) - omNode-1@group-523986131536: Failed appendEntries as previous log entry ((t:11, i:29)) is not found
2021-10-05 12:34:18,369 [grpc-default-executor-1] INFO  server.RaftServer$Division (RaftServerImpl.java:checkInconsistentAppendEntries(1285)) - omNode-1@group-523986131536: inconsistency entries. Reply:omNode-3<-omNode-1#5621:FAIL-t11,INCONSISTENCY,nextIndex=18,followerCommit=17
2021-10-05 12:34:18,369 [grpc-default-executor-1] INFO  leader.FollowerInfo (FollowerInfoImpl.java:lambda$new$0(46)) - omNode-3@group-523986131536->omNode-1: nextIndex: updateUnconditionally 30 -> 18
2021-10-05 12:34:18,871 [grpc-default-executor-7] INFO  server.RaftServer$Division (RaftServerImpl.java:checkInconsistentAppendEntries(1319)) - omNode-1@group-523986131536: Failed appendEntries as previous log entry ((t:11, i:29)) is not found
2021-10-05 12:34:18,871 [grpc-default-executor-7] INFO  server.RaftServer$Division (RaftServerImpl.java:checkInconsistentAppendEntries(1285)) - omNode-1@group-523986131536: inconsistency entries. Reply:omNode-3<-omNode-1#5672:FAIL-t11,INCONSISTENCY,nextIndex=18,followerCommit=17
2021-10-05 12:34:18,872 [grpc-default-executor-7] INFO  leader.FollowerInfo (FollowerInfoImpl.java:lambda$new$0(46)) - omNode-3@group-523986131536->omNode-1: nextIndex: updateUnconditionally 30 -> 18
2021-10-05 12:34:19,374 [grpc-default-executor-1] INFO  server.RaftServer$Division (RaftServerImpl.java:checkInconsistentAppendEntries(1319)) - omNode-1@group-523986131536: Failed appendEntries as previous log entry ((t:11, i:29)) is not found
2021-10-05 12:34:19,374 [grpc-default-executor-1] INFO  server.RaftServer$Division (RaftServerImpl.java:checkInconsistentAppendEntries(1285)) - omNode-1@group-523986131536: inconsistency entries. Reply:omNode-3<-omNode-1#5723:FAIL-t11,INCONSISTENCY,nextIndex=18,followerCommit=17
2021-10-05 12:34:19,374 [grpc-default-executor-7] INFO  leader.FollowerInfo (FollowerInfoImpl.java:lambda$new$0(46)) - omNode-3@group-523986131536->omNode-1: nextIndex: updateUnconditionally 30 -> 18
2021-10-05 12:34:19,876 [grpc-default-executor-7] INFO  server.RaftServer$Division (RaftServerImpl.java:checkInconsistentAppendEntries(1319)) - omNode-1@group-523986131536: Failed appendEntries as previous log entry ((t:11, i:29)) is not found
2021-10-05 12:34:19,876 [grpc-default-executor-7] INFO  server.RaftServer$Division (RaftServerImpl.java:checkInconsistentAppendEntries(1285)) - omNode-1@group-523986131536: inconsistency entries. Reply:omNode-3<-omNode-1#5774:FAIL-t11,INCONSISTENCY,nextIndex=18,followerCommit=17
2021-10-05 12:34:19,877 [grpc-default-executor-7] INFO  leader.FollowerInfo (FollowerInfoImpl.java:lambda$new$0(46)) - omNode-3@group-523986131536->omNode-1: nextIndex: updateUnconditionally 30 -> 18
2021-10-05 12:34:20,378 [grpc-default-executor-7] INFO  server.RaftServer$Division (RaftServerImpl.java:checkInconsistentAppendEntries(1319)) - omNode-1@group-523986131536: Failed appendEntries as previous log entry ((t:11, i:29)) is not found
2021-10-05 12:34:20,378 [grpc-default-executor-7] INFO  server.RaftServer$Division (RaftServerImpl.java:checkInconsistentAppendEntries(1285)) - omNode-1@group-523986131536: inconsistency entries. Reply:omNode-3<-omNode-1#5825:FAIL-t11,INCONSISTENCY,nextIndex=18,followerCommit=17
2021-10-05 12:34:20,379 [grpc-default-executor-7] INFO  leader.FollowerInfo (FollowerInfoImpl.java:lambda$new$0(46)) - omNode-3@group-523986131536->omNode-1: nextIndex: updateUnconditionally 30 -> 18
2021-10-05 12:34:20,880 [grpc-default-executor-1] INFO  server.RaftServer$Division (RaftServerImpl.java:checkInconsistentAppendEntries(1319)) - omNode-1@group-523986131536: Failed appendEntries as previous log entry ((t:11, i:29)) is not found
2021-10-05 12:34:20,880 [grpc-default-executor-1] INFO  server.RaftServer$Division (RaftServerImpl.java:checkInconsistentAppendEntries(1285)) - omNode-1@group-523986131536: inconsistency entries. Reply:omNode-3<-omNode-1#5876:FAIL-t11,INCONSISTENCY,nextIndex=18,followerCommit=17
2021-10-05 12:34:20,881 [grpc-default-executor-7] INFO  leader.FollowerInfo (FollowerInfoImpl.java:lambda$new$0(46)) - omNode-3@group-523986131536->omNode-1: nextIndex: updateUnconditionally 30 -> 18
2021-10-05 12:34:21,382 [grpc-default-executor-7] INFO  server.RaftServer$Division (RaftServerImpl.java:checkInconsistentAppendEntries(1319)) - omNode-1@group-523986131536: Failed appendEntries as previous log entry ((t:11, i:29)) is not found
2021-10-05 12:34:21,383 [grpc-default-executor-7] INFO  server.RaftServer$Division (RaftServerImpl.java:checkInconsistentAppendEntries(1285)) - omNode-1@group-523986131536: inconsistency entries. Reply:omNode-3<-omNode-1#5927:FAIL-t11,INCONSISTENCY,nextIndex=18,followerCommit=17
2021-10-05 12:34:21,383 [grpc-default-executor-7] INFO  leader.FollowerInfo (FollowerInfoImpl.java:lambda$new$0(46)) - omNode-3@group-523986131536->omNode-1: nextIndex: updateUnconditionally 30 -> 18
2021-10-05 12:34:21,885 [grpc-default-executor-7] INFO  server.RaftServer$Division (RaftServerImpl.java:checkInconsistentAppendEntries(1319)) - omNode-1@group-523986131536: Failed appendEntries as previous log entry ((t:11, i:29)) is not found
2021-10-05 12:34:21,885 [grpc-default-executor-7] INFO  server.RaftServer$Division (RaftServerImpl.java:checkInconsistentAppendEntries(1285)) - omNode-1@group-523986131536: inconsistency entries. Reply:omNode-3<-omNode-1#5978:FAIL-t11,INCONSISTENCY,nextIndex=18,followerCommit=17
2021-10-05 12:34:21,885 [grpc-default-executor-1] INFO  leader.FollowerInfo (FollowerInfoImpl.java:lambda$new$0(46)) - omNode-3@group-523986131536->omNode-1: nextIndex: updateUnconditionally 30 -> 18
2021-10-05 12:34:22,387 [grpc-default-executor-7] INFO  server.RaftServer$Division (RaftServerImpl.java:checkInconsistentAppendEntries(1319)) - omNode-1@group-523986131536: Failed appendEntries as previous log entry ((t:11, i:29)) is not found
2021-10-05 12:34:22,387 [grpc-default-executor-7] INFO  server.RaftServer$Division (RaftServerImpl.java:checkInconsistentAppendEntries(1285)) - omNode-1@group-523986131536: inconsistency entries. Reply:omNode-3<-omNode-1#6029:FAIL-t11,INCONSISTENCY,nextIndex=18,followerCommit=17
2021-10-05 12:34:22,388 [grpc-default-executor-7] INFO  leader.FollowerInfo (FollowerInfoImpl.java:lambda$new$0(46)) - omNode-3@group-523986131536->omNode-1: nextIndex: updateUnconditionally 30 -> 18
2021-10-05 12:34:22,889 [grpc-default-executor-6] INFO  server.RaftServer$Division (RaftServerImpl.java:checkInconsistentAppendEntries(1319)) - omNode-1@group-523986131536: Failed appendEntries as previous log entry ((t:11, i:29)) is not found
2021-10-05 12:34:22,889 [grpc-default-executor-6] INFO  server.RaftServer$Division (RaftServerImpl.java:checkInconsistentAppendEntries(1285)) - omNode-1@group-523986131536: inconsistency entries. Reply:omNode-3<-omNode-1#6080:FAIL-t11,INCONSISTENCY,nextIndex=18,followerCommit=17
2021-10-05 12:34:22,890 [grpc-default-executor-6] INFO  leader.FollowerInfo (FollowerInfoImpl.java:lambda$new$0(46)) - omNode-3@group-523986131536->omNode-1: nextIndex: updateUnconditionally 30 -> 18
2021-10-05 12:34:23,391 [grpc-default-executor-6] INFO  server.RaftServer$Division (RaftServerImpl.java:checkInconsistentAppendEntries(1319)) - omNode-1@group-523986131536: Failed appendEntries as previous log entry ((t:11, i:29)) is not found
2021-10-05 12:34:23,392 [grpc-default-executor-6] INFO  server.RaftServer$Division (RaftServerImpl.java:checkInconsistentAppendEntries(1285)) - omNode-1@group-523986131536: inconsistency entries. Reply:omNode-3<-omNode-1#6131:FAIL-t11,INCONSISTENCY,nextIndex=18,followerCommit=17
2021-10-05 12:34:23,392 [grpc-default-executor-6] INFO  leader.FollowerInfo (FollowerInfoImpl.java:lambda$new$0(46)) - omNode-3@group-523986131536->omNode-1: nextIndex: updateUnconditionally 30 -> 18
2021-10-05 12:34:23,894 [grpc-default-executor-1] INFO  server.RaftServer$Division (RaftServerImpl.java:checkInconsistentAppendEntries(1319)) - omNode-1@group-523986131536: Failed appendEntries as previous log entry ((t:11, i:29)) is not found
2021-10-05 12:34:23,894 [grpc-default-executor-1] INFO  server.RaftServer$Division (RaftServerImpl.java:checkInconsistentAppendEntries(1285)) - omNode-1@group-523986131536: inconsistency entries. Reply:omNode-3<-omNode-1#6182:FAIL-t11,INCONSISTENCY,nextIndex=18,followerCommit=17
2021-10-05 12:34:23,895 [grpc-default-executor-1] INFO  leader.FollowerInfo (FollowerInfoImpl.java:lambda$new$0(46)) - omNode-3@group-523986131536->omNode-1: nextIndex: updateUnconditionally 30 -> 18
2021-10-05 12:34:24,397 [grpc-default-executor-1] INFO  server.RaftServer$Division (RaftServerImpl.java:checkInconsistentAppendEntries(1319)) - omNode-1@group-523986131536: Failed appendEntries as previous log entry ((t:11, i:29)) is not found
2021-10-05 12:34:24,397 [grpc-default-executor-1] INFO  server.RaftServer$Division (RaftServerImpl.java:checkInconsistentAppendEntries(1285)) - omNode-1@group-523986131536: inconsistency entries. Reply:omNode-3<-omNode-1#6233:FAIL-t11,INCONSISTENCY,nextIndex=18,followerCommit=17
2021-10-05 12:34:24,398 [grpc-default-executor-6] INFO  leader.FollowerInfo (FollowerInfoImpl.java:lambda$new$0(46)) - omNode-3@group-523986131536->omNode-1: nextIndex: updateUnconditionally 30 -> 18
2021-10-05 12:34:24,899 [grpc-default-executor-1] INFO  server.RaftServer$Division (RaftServerImpl.java:checkInconsistentAppendEntries(1319)) - omNode-1@group-523986131536: Failed appendEntries as previous log entry ((t:11, i:29)) is not found
2021-10-05 12:34:24,899 [grpc-default-executor-1] INFO  server.RaftServer$Division (RaftServerImpl.java:checkInconsistentAppendEntries(1285)) - omNode-1@group-523986131536: inconsistency entries. Reply:omNode-3<-omNode-1#6284:FAIL-t11,INCONSISTENCY,nextIndex=18,followerCommit=17
2021-10-05 12:34:24,900 [grpc-default-executor-6] INFO  leader.FollowerInfo (FollowerInfoImpl.java:lambda$new$0(46)) - omNode-3@group-523986131536->omNode-1: nextIndex: updateUnconditionally 30 -> 18
2021-10-05 12:34:25,402 [grpc-default-executor-1] INFO  server.RaftServer$Division (RaftServerImpl.java:checkInconsistentAppendEntries(1319)) - omNode-1@group-523986131536: Failed appendEntries as previous log entry ((t:11, i:29)) is not found
2021-10-05 12:34:25,402 [grpc-default-executor-1] INFO  server.RaftServer$Division (RaftServerImpl.java:checkInconsistentAppendEntries(1285)) - omNode-1@group-523986131536: inconsistency entries. Reply:omNode-3<-omNode-1#6335:FAIL-t11,INCONSISTENCY,nextIndex=18,followerCommit=17
2021-10-05 12:34:25,403 [grpc-default-executor-1] INFO  leader.FollowerInfo (FollowerInfoImpl.java:lambda$new$0(46)) - omNode-3@group-523986131536->omNode-1: nextIndex: updateUnconditionally 30 -> 18
2021-10-05 12:34:25,904 [grpc-default-executor-7] INFO  server.RaftServer$Division (RaftServerImpl.java:checkInconsistentAppendEntries(1319)) - omNode-1@group-523986131536: Failed appendEntries as previous log entry ((t:11, i:29)) is not found
2021-10-05 12:34:25,904 [grpc-default-executor-7] INFO  server.RaftServer$Division (RaftServerImpl.java:checkInconsistentAppendEntries(1285)) - omNode-1@group-523986131536: inconsistency entries. Reply:omNode-3<-omNode-1#6386:FAIL-t11,INCONSISTENCY,nextIndex=18,followerCommit=17
2021-10-05 12:34:25,907 [grpc-default-executor-1] INFO  leader.FollowerInfo (FollowerInfoImpl.java:lambda$new$0(46)) - omNode-3@group-523986131536->omNode-1: nextIndex: updateUnconditionally 30 -> 18
2021-10-05 12:34:26,409 [grpc-default-executor-1] INFO  server.RaftServer$Division (RaftServerImpl.java:checkInconsistentAppendEntries(1319)) - omNode-1@group-523986131536: Failed appendEntries as previous log entry ((t:11, i:29)) is not found
2021-10-05 12:34:26,409 [grpc-default-executor-1] INFO  server.RaftServer$Division (RaftServerImpl.java:checkInconsistentAppendEntries(1285)) - omNode-1@group-523986131536: inconsistency entries. Reply:omNode-3<-omNode-1#6437:FAIL-t11,INCONSISTENCY,nextIndex=18,followerCommit=17
2021-10-05 12:34:26,410 [grpc-default-executor-1] INFO  leader.FollowerInfo (FollowerInfoImpl.java:lambda$new$0(46)) - omNode-3@group-523986131536->omNode-1: nextIndex: updateUnconditionally 30 -> 18
2021-10-05 12:34:26,912 [grpc-default-executor-7] INFO  server.RaftServer$Division (RaftServerImpl.java:checkInconsistentAppendEntries(1319)) - omNode-1@group-523986131536: Failed appendEntries as previous log entry ((t:11, i:29)) is not found
2021-10-05 12:34:26,912 [grpc-default-executor-7] INFO  server.RaftServer$Division (RaftServerImpl.java:checkInconsistentAppendEntries(1285)) - omNode-1@group-523986131536: inconsistency entries. Reply:omNode-3<-omNode-1#6488:FAIL-t11,INCONSISTENCY,nextIndex=18,followerCommit=17
2021-10-05 12:34:26,913 [grpc-default-executor-7] INFO  leader.FollowerInfo (FollowerInfoImpl.java:lambda$new$0(46)) - omNode-3@group-523986131536->omNode-1: nextIndex: updateUnconditionally 30 -> 18
2021-10-05 12:34:27,414 [grpc-default-executor-1] INFO  server.RaftServer$Division (RaftServerImpl.java:checkInconsistentAppendEntries(1319)) - omNode-1@group-523986131536: Failed appendEntries as previous log entry ((t:11, i:29)) is not found
2021-10-05 12:34:27,414 [grpc-default-executor-1] INFO  server.RaftServer$Division (RaftServerImpl.java:checkInconsistentAppendEntries(1285)) - omNode-1@group-523986131536: inconsistency entries. Reply:omNode-3<-omNode-1#6539:FAIL-t11,INCONSISTENCY,nextIndex=18,followerCommit=17
2021-10-05 12:34:27,415 [grpc-default-executor-7] INFO  leader.FollowerInfo (FollowerInfoImpl.java:lambda$new$0(46)) - omNode-3@group-523986131536->omNode-1: nextIndex: updateUnconditionally 30 -> 18
2021-10-05 12:34:27,917 [grpc-default-executor-7] INFO  server.RaftServer$Division (RaftServerImpl.java:checkInconsistentAppendEntries(1319)) - omNode-1@group-523986131536: Failed appendEntries as previous log entry ((t:11, i:29)) is not found
2021-10-05 12:34:27,917 [grpc-default-executor-7] INFO  server.RaftServer$Division (RaftServerImpl.java:checkInconsistentAppendEntries(1285)) - omNode-1@group-523986131536: inconsistency entries. Reply:omNode-3<-omNode-1#6590:FAIL-t11,INCONSISTENCY,nextIndex=18,followerCommit=17
2021-10-05 12:34:27,917 [grpc-default-executor-7] INFO  leader.FollowerInfo (FollowerInfoImpl.java:lambda$new$0(46)) - omNode-3@group-523986131536->omNode-1: nextIndex: updateUnconditionally 30 -> 18
2021-10-05 12:34:28,419 [grpc-default-executor-7] INFO  server.RaftServer$Division (RaftServerImpl.java:checkInconsistentAppendEntries(1319)) - omNode-1@group-523986131536: Failed appendEntries as previous log entry ((t:11, i:29)) is not found
2021-10-05 12:34:28,419 [grpc-default-executor-7] INFO  server.RaftServer$Division (RaftServerImpl.java:checkInconsistentAppendEntries(1285)) - omNode-1@group-523986131536: inconsistency entries. Reply:omNode-3<-omNode-1#6641:FAIL-t11,INCONSISTENCY,nextIndex=18,followerCommit=17
2021-10-05 12:34:28,420 [grpc-default-executor-6] INFO  leader.FollowerInfo (FollowerInfoImpl.java:lambda$new$0(46)) - omNode-3@group-523986131536->omNode-1: nextIndex: updateUnconditionally 30 -> 18
2021-10-05 12:34:28,921 [grpc-default-executor-6] INFO  server.RaftServer$Division (RaftServerImpl.java:checkInconsistentAppendEntries(1319)) - omNode-1@group-523986131536: Failed appendEntries as previous log entry ((t:11, i:29)) is not found
2021-10-05 12:34:28,921 [grpc-default-executor-6] INFO  server.RaftServer$Division (RaftServerImpl.java:checkInconsistentAppendEntries(1285)) - omNode-1@group-523986131536: inconsistency entries. Reply:omNode-3<-omNode-1#6692:FAIL-t11,INCONSISTENCY,nextIndex=18,followerCommit=17
2021-10-05 12:34:28,921 [grpc-default-executor-6] INFO  leader.FollowerInfo (FollowerInfoImpl.java:lambda$new$0(46)) - omNode-3@group-523986131536->omNode-1: nextIndex: updateUnconditionally 30 -> 18
2021-10-05 12:34:29,423 [grpc-default-executor-6] INFO  server.RaftServer$Division (RaftServerImpl.java:checkInconsistentAppendEntries(1319)) - omNode-1@group-523986131536: Failed appendEntries as previous log entry ((t:11, i:29)) is not found
2021-10-05 12:34:29,423 [grpc-default-executor-6] INFO  server.RaftServer$Division (RaftServerImpl.java:checkInconsistentAppendEntries(1285)) - omNode-1@group-523986131536: inconsistency entries. Reply:omNode-3<-omNode-1#6743:FAIL-t11,INCONSISTENCY,nextIndex=18,followerCommit=17
2021-10-05 12:34:29,424 [grpc-default-executor-7] INFO  leader.FollowerInfo (FollowerInfoImpl.java:lambda$new$0(46)) - omNode-3@group-523986131536->omNode-1: nextIndex: updateUnconditionally 30 -> 18
2021-10-05 12:34:29,925 [grpc-default-executor-7] INFO  server.RaftServer$Division (RaftServerImpl.java:checkInconsistentAppendEntries(1319)) - omNode-1@group-523986131536: Failed appendEntries as previous log entry ((t:11, i:29)) is not found
2021-10-05 12:34:29,926 [grpc-default-executor-7] INFO  server.RaftServer$Division (RaftServerImpl.java:checkInconsistentAppendEntries(1285)) - omNode-1@group-523986131536: inconsistency entries. Reply:omNode-3<-omNode-1#6793:FAIL-t11,INCONSISTENCY,nextIndex=18,followerCommit=17
2021-10-05 12:34:29,926 [grpc-default-executor-7] INFO  leader.FollowerInfo (FollowerInfoImpl.java:lambda$new$0(46)) - omNode-3@group-523986131536->omNode-1: nextIndex: updateUnconditionally 30 -> 18
2021-10-05 12:34:30,428 [grpc-default-executor-8] INFO  server.RaftServer$Division (RaftServerImpl.java:checkInconsistentAppendEntries(1319)) - omNode-1@group-523986131536: Failed appendEntries as previous log entry ((t:11, i:29)) is not found
2021-10-05 12:34:30,428 [grpc-default-executor-8] INFO  server.RaftServer$Division (RaftServerImpl.java:checkInconsistentAppendEntries(1285)) - omNode-1@group-523986131536: inconsistency entries. Reply:omNode-3<-omNode-1#6844:FAIL-t11,INCONSISTENCY,nextIndex=18,followerCommit=17
2021-10-05 12:34:30,429 [grpc-default-executor-8] INFO  leader.FollowerInfo (FollowerInfoImpl.java:lambda$new$0(46)) - omNode-3@group-523986131536->omNode-1: nextIndex: updateUnconditionally 30 -> 18
2021-10-05 12:34:30,930 [grpc-default-executor-1] INFO  server.RaftServer$Division (RaftServerImpl.java:checkInconsistentAppendEntries(1319)) - omNode-1@group-523986131536: Failed appendEntries as previous log entry ((t:11, i:29)) is not found
2021-10-05 12:34:30,930 [grpc-default-executor-1] INFO  server.RaftServer$Division (RaftServerImpl.java:checkInconsistentAppendEntries(1285)) - omNode-1@group-523986131536: inconsistency entries. Reply:omNode-3<-omNode-1#6895:FAIL-t11,INCONSISTENCY,nextIndex=18,followerCommit=17
2021-10-05 12:34:30,931 [grpc-default-executor-1] INFO  leader.FollowerInfo (FollowerInfoImpl.java:lambda$new$0(46)) - omNode-3@group-523986131536->omNode-1: nextIndex: updateUnconditionally 30 -> 18
2021-10-05 12:34:31,432 [grpc-default-executor-1] INFO  server.RaftServer$Division (RaftServerImpl.java:checkInconsistentAppendEntries(1319)) - omNode-1@group-523986131536: Failed appendEntries as previous log entry ((t:11, i:29)) is not found
2021-10-05 12:34:31,432 [grpc-default-executor-1] INFO  server.RaftServer$Division (RaftServerImpl.java:checkInconsistentAppendEntries(1285)) - omNode-1@group-523986131536: inconsistency entries. Reply:omNode-3<-omNode-1#6946:FAIL-t11,INCONSISTENCY,nextIndex=18,followerCommit=17
2021-10-05 12:34:31,433 [grpc-default-executor-8] INFO  leader.FollowerInfo (FollowerInfoImpl.java:lambda$new$0(46)) - omNode-3@group-523986131536->omNode-1: nextIndex: updateUnconditionally 30 -> 18
2021-10-05 12:34:31,934 [grpc-default-executor-1] INFO  server.RaftServer$Division (RaftServerImpl.java:checkInconsistentAppendEntries(1319)) - omNode-1@group-523986131536: Failed appendEntries as previous log entry ((t:11, i:29)) is not found
2021-10-05 12:34:31,934 [grpc-default-executor-1] INFO  server.RaftServer$Division (RaftServerImpl.java:checkInconsistentAppendEntries(1285)) - omNode-1@group-523986131536: inconsistency entries. Reply:omNode-3<-omNode-1#6997:FAIL-t11,INCONSISTENCY,nextIndex=18,followerCommit=17
2021-10-05 12:34:31,934 [grpc-default-executor-1] INFO  leader.FollowerInfo (FollowerInfoImpl.java:lambda$new$0(46)) - omNode-3@group-523986131536->omNode-1: nextIndex: updateUnconditionally 30 -> 18
2021-10-05 12:34:32,436 [grpc-default-executor-1] INFO  server.RaftServer$Division (RaftServerImpl.java:checkInconsistentAppendEntries(1319)) - omNode-1@group-523986131536: Failed appendEntries as previous log entry ((t:11, i:29)) is not found
2021-10-05 12:34:32,436 [grpc-default-executor-1] INFO  server.RaftServer$Division (RaftServerImpl.java:checkInconsistentAppendEntries(1285)) - omNode-1@group-523986131536: inconsistency entries. Reply:omNode-3<-omNode-1#7048:FAIL-t11,INCONSISTENCY,nextIndex=18,followerCommit=17
2021-10-05 12:34:32,437 [grpc-default-executor-1] INFO  leader.FollowerInfo (FollowerInfoImpl.java:lambda$new$0(46)) - omNode-3@group-523986131536->omNode-1: nextIndex: updateUnconditionally 30 -> 18
2021-10-05 12:34:32,939 [grpc-default-executor-1] INFO  server.RaftServer$Division (RaftServerImpl.java:checkInconsistentAppendEntries(1319)) - omNode-1@group-523986131536: Failed appendEntries as previous log entry ((t:11, i:29)) is not found
2021-10-05 12:34:32,939 [grpc-default-executor-1] INFO  server.RaftServer$Division (RaftServerImpl.java:checkInconsistentAppendEntries(1285)) - omNode-1@group-523986131536: inconsistency entries. Reply:omNode-3<-omNode-1#7099:FAIL-t11,INCONSISTENCY,nextIndex=18,followerCommit=17
2021-10-05 12:34:32,939 [grpc-default-executor-7] INFO  leader.FollowerInfo (FollowerInfoImpl.java:lambda$new$0(46)) - omNode-3@group-523986131536->omNode-1: nextIndex: updateUnconditionally 30 -> 18
2021-10-05 12:34:33,441 [grpc-default-executor-7] INFO  server.RaftServer$Division (RaftServerImpl.java:checkInconsistentAppendEntries(1319)) - omNode-1@group-523986131536: Failed appendEntries as previous log entry ((t:11, i:29)) is not found
2021-10-05 12:34:33,441 [grpc-default-executor-7] INFO  server.RaftServer$Division (RaftServerImpl.java:checkInconsistentAppendEntries(1285)) - omNode-1@group-523986131536: inconsistency entries. Reply:omNode-3<-omNode-1#7150:FAIL-t11,INCONSISTENCY,nextIndex=18,followerCommit=17
2021-10-05 12:34:33,444 [grpc-default-executor-1] INFO  leader.FollowerInfo (FollowerInfoImpl.java:lambda$new$0(46)) - omNode-3@group-523986131536->omNode-1: nextIndex: updateUnconditionally 30 -> 18
2021-10-05 12:34:33,946 [grpc-default-executor-1] INFO  server.RaftServer$Division (RaftServerImpl.java:checkInconsistentAppendEntries(1319)) - omNode-1@group-523986131536: Failed appendEntries as previous log entry ((t:11, i:29)) is not found
2021-10-05 12:34:33,946 [grpc-default-executor-1] INFO  server.RaftServer$Division (RaftServerImpl.java:checkInconsistentAppendEntries(1285)) - omNode-1@group-523986131536: inconsistency entries. Reply:omNode-3<-omNode-1#7201:FAIL-t11,INCONSISTENCY,nextIndex=18,followerCommit=17
2021-10-05 12:34:33,946 [grpc-default-executor-7] INFO  leader.FollowerInfo (FollowerInfoImpl.java:lambda$new$0(46)) - omNode-3@group-523986131536->omNode-1: nextIndex: updateUnconditionally 30 -> 18
2021-10-05 12:34:34,448 [grpc-default-executor-7] INFO  server.RaftServer$Division (RaftServerImpl.java:checkInconsistentAppendEntries(1319)) - omNode-1@group-523986131536: Failed appendEntries as previous log entry ((t:11, i:29)) is not found
2021-10-05 12:34:34,448 [grpc-default-executor-7] INFO  server.RaftServer$Division (RaftServerImpl.java:checkInconsistentAppendEntries(1285)) - omNode-1@group-523986131536: inconsistency entries. Reply:omNode-3<-omNode-1#7252:FAIL-t11,INCONSISTENCY,nextIndex=18,followerCommit=17
2021-10-05 12:34:34,449 [grpc-default-executor-1] INFO  leader.FollowerInfo (FollowerInfoImpl.java:lambda$new$0(46)) - omNode-3@group-523986131536->omNode-1: nextIndex: updateUnconditionally 30 -> 18
2021-10-05 12:34:34,950 [grpc-default-executor-1] INFO  server.RaftServer$Division (RaftServerImpl.java:checkInconsistentAppendEntries(1319)) - omNode-1@group-523986131536: Failed appendEntries as previous log entry ((t:11, i:29)) is not found
2021-10-05 12:34:34,950 [grpc-default-executor-1] INFO  server.RaftServer$Division (RaftServerImpl.java:checkInconsistentAppendEntries(1285)) - omNode-1@group-523986131536: inconsistency entries. Reply:omNode-3<-omNode-1#7303:FAIL-t11,INCONSISTENCY,nextIndex=18,followerCommit=17
2021-10-05 12:34:34,950 [grpc-default-executor-1] INFO  leader.FollowerInfo (FollowerInfoImpl.java:lambda$new$0(46)) - omNode-3@group-523986131536->omNode-1: nextIndex: updateUnconditionally 30 -> 18
2021-10-05 12:34:35,452 [grpc-default-executor-7] INFO  server.RaftServer$Division (RaftServerImpl.java:checkInconsistentAppendEntries(1319)) - omNode-1@group-523986131536: Failed appendEntries as previous log entry ((t:11, i:29)) is not found
2021-10-05 12:34:35,453 [grpc-default-executor-7] INFO  server.RaftServer$Division (RaftServerImpl.java:checkInconsistentAppendEntries(1285)) - omNode-1@group-523986131536: inconsistency entries. Reply:omNode-3<-omNode-1#7354:FAIL-t11,INCONSISTENCY,nextIndex=18,followerCommit=17
2021-10-05 12:34:35,453 [grpc-default-executor-7] INFO  leader.FollowerInfo (FollowerInfoImpl.java:lambda$new$0(46)) - omNode-3@group-523986131536->omNode-1: nextIndex: updateUnconditionally 30 -> 18
2021-10-05 12:34:35,954 [grpc-default-executor-7] INFO  server.RaftServer$Division (RaftServerImpl.java:checkInconsistentAppendEntries(1319)) - omNode-1@group-523986131536: Failed appendEntries as previous log entry ((t:11, i:29)) is not found
2021-10-05 12:34:35,955 [grpc-default-executor-7] INFO  server.RaftServer$Division (RaftServerImpl.java:checkInconsistentAppendEntries(1285)) - omNode-1@group-523986131536: inconsistency entries. Reply:omNode-3<-omNode-1#7405:FAIL-t11,INCONSISTENCY,nextIndex=18,followerCommit=17
2021-10-05 12:34:35,955 [grpc-default-executor-7] INFO  leader.FollowerInfo (FollowerInfoImpl.java:lambda$new$0(46)) - omNode-3@group-523986131536->omNode-1: nextIndex: updateUnconditionally 30 -> 18
2021-10-05 12:34:36,456 [grpc-default-executor-7] INFO  server.RaftServer$Division (RaftServerImpl.java:checkInconsistentAppendEntries(1319)) - omNode-1@group-523986131536: Failed appendEntries as previous log entry ((t:11, i:29)) is not found
2021-10-05 12:34:36,457 [grpc-default-executor-7] INFO  server.RaftServer$Division (RaftServerImpl.java:checkInconsistentAppendEntries(1285)) - omNode-1@group-523986131536: inconsistency entries. Reply:omNode-3<-omNode-1#7456:FAIL-t11,INCONSISTENCY,nextIndex=18,followerCommit=17
2021-10-05 12:34:36,457 [grpc-default-executor-7] INFO  leader.FollowerInfo (FollowerInfoImpl.java:lambda$new$0(46)) - omNode-3@group-523986131536->omNode-1: nextIndex: updateUnconditionally 30 -> 18
2021-10-05 12:34:36,959 [grpc-default-executor-7] INFO  server.RaftServer$Division (RaftServerImpl.java:checkInconsistentAppendEntries(1319)) - omNode-1@group-523986131536: Failed appendEntries as previous log entry ((t:11, i:29)) is not found
2021-10-05 12:34:36,959 [grpc-default-executor-7] INFO  server.RaftServer$Division (RaftServerImpl.java:checkInconsistentAppendEntries(1285)) - omNode-1@group-523986131536: inconsistency entries. Reply:omNode-3<-omNode-1#7507:FAIL-t11,INCONSISTENCY,nextIndex=18,followerCommit=17
2021-10-05 12:34:36,960 [grpc-default-executor-7] INFO  leader.FollowerInfo (FollowerInfoImpl.java:lambda$new$0(46)) - omNode-3@group-523986131536->omNode-1: nextIndex: updateUnconditionally 30 -> 18
2021-10-05 12:34:37,461 [grpc-default-executor-7] INFO  server.RaftServer$Division (RaftServerImpl.java:checkInconsistentAppendEntries(1319)) - omNode-1@group-523986131536: Failed appendEntries as previous log entry ((t:11, i:29)) is not found
2021-10-05 12:34:37,461 [grpc-default-executor-7] INFO  server.RaftServer$Division (RaftServerImpl.java:checkInconsistentAppendEntries(1285)) - omNode-1@group-523986131536: inconsistency entries. Reply:omNode-3<-omNode-1#7558:FAIL-t11,INCONSISTENCY,nextIndex=18,followerCommit=17
2021-10-05 12:34:37,462 [grpc-default-executor-7] INFO  leader.FollowerInfo (FollowerInfoImpl.java:lambda$new$0(46)) - omNode-3@group-523986131536->omNode-1: nextIndex: updateUnconditionally 30 -> 18
2021-10-05 12:34:37,963 [grpc-default-executor-1] INFO  server.RaftServer$Division (RaftServerImpl.java:checkInconsistentAppendEntries(1319)) - omNode-1@group-523986131536: Failed appendEntries as previous log entry ((t:11, i:29)) is not found
2021-10-05 12:34:37,964 [grpc-default-executor-1] INFO  server.RaftServer$Division (RaftServerImpl.java:checkInconsistentAppendEntries(1285)) - omNode-1@group-523986131536: inconsistency entries. Reply:omNode-3<-omNode-1#7609:FAIL-t11,INCONSISTENCY,nextIndex=18,followerCommit=17
2021-10-05 12:34:37,964 [grpc-default-executor-7] INFO  leader.FollowerInfo (FollowerInfoImpl.java:lambda$new$0(46)) - omNode-3@group-523986131536->omNode-1: nextIndex: updateUnconditionally 30 -> 18
2021-10-05 12:34:38,466 [grpc-default-executor-7] INFO  server.RaftServer$Division (RaftServerImpl.java:checkInconsistentAppendEntries(1319)) - omNode-1@group-523986131536: Failed appendEntries as previous log entry ((t:11, i:29)) is not found
2021-10-05 12:34:38,466 [grpc-default-executor-7] INFO  server.RaftServer$Division (RaftServerImpl.java:checkInconsistentAppendEntries(1285)) - omNode-1@group-523986131536: inconsistency entries. Reply:omNode-3<-omNode-1#7660:FAIL-t11,INCONSISTENCY,nextIndex=18,followerCommit=17
2021-10-05 12:34:38,466 [grpc-default-executor-7] INFO  leader.FollowerInfo (FollowerInfoImpl.java:lambda$new$0(46)) - omNode-3@group-523986131536->omNode-1: nextIndex: updateUnconditionally 30 -> 18
2021-10-05 12:34:38,968 [grpc-default-executor-1] INFO  server.RaftServer$Division (RaftServerImpl.java:checkInconsistentAppendEntries(1319)) - omNode-1@group-523986131536: Failed appendEntries as previous log entry ((t:11, i:29)) is not found
2021-10-05 12:34:38,969 [grpc-default-executor-1] INFO  server.RaftServer$Division (RaftServerImpl.java:checkInconsistentAppendEntries(1285)) - omNode-1@group-523986131536: inconsistency entries. Reply:omNode-3<-omNode-1#7711:FAIL-t11,INCONSISTENCY,nextIndex=18,followerCommit=17
2021-10-05 12:34:38,969 [grpc-default-executor-7] INFO  leader.FollowerInfo (FollowerInfoImpl.java:lambda$new$0(46)) - omNode-3@group-523986131536->omNode-1: nextIndex: updateUnconditionally 30 -> 18
2021-10-05 12:34:39,471 [grpc-default-executor-7] INFO  server.RaftServer$Division (RaftServerImpl.java:checkInconsistentAppendEntries(1319)) - omNode-1@group-523986131536: Failed appendEntries as previous log entry ((t:11, i:29)) is not found
2021-10-05 12:34:39,471 [grpc-default-executor-7] INFO  server.RaftServer$Division (RaftServerImpl.java:checkInconsistentAppendEntries(1285)) - omNode-1@group-523986131536: inconsistency entries. Reply:omNode-3<-omNode-1#7762:FAIL-t11,INCONSISTENCY,nextIndex=18,followerCommit=17
2021-10-05 12:34:39,472 [grpc-default-executor-7] INFO  leader.FollowerInfo (FollowerInfoImpl.java:lambda$new$0(46)) - omNode-3@group-523986131536->omNode-1: nextIndex: updateUnconditionally 30 -> 18
2021-10-05 12:34:39,974 [grpc-default-executor-1] INFO  server.RaftServer$Division (RaftServerImpl.java:checkInconsistentAppendEntries(1319)) - omNode-1@group-523986131536: Failed appendEntries as previous log entry ((t:11, i:29)) is not found
2021-10-05 12:34:39,974 [grpc-default-executor-1] INFO  server.RaftServer$Division (RaftServerImpl.java:checkInconsistentAppendEntries(1285)) - omNode-1@group-523986131536: inconsistency entries. Reply:omNode-3<-omNode-1#7813:FAIL-t11,INCONSISTENCY,nextIndex=18,followerCommit=17
2021-10-05 12:34:39,974 [grpc-default-executor-1] INFO  leader.FollowerInfo (FollowerInfoImpl.java:lambda$new$0(46)) - omNode-3@group-523986131536->omNode-1: nextIndex: updateUnconditionally 30 -> 18
2021-10-05 12:34:40,476 [grpc-default-executor-1] INFO  server.RaftServer$Division (RaftServerImpl.java:checkInconsistentAppendEntries(1319)) - omNode-1@group-523986131536: Failed appendEntries as previous log entry ((t:11, i:29)) is not found
2021-10-05 12:34:40,476 [grpc-default-executor-1] INFO  server.RaftServer$Division (RaftServerImpl.java:checkInconsistentAppendEntries(1285)) - omNode-1@group-523986131536: inconsistency entries. Reply:omNode-3<-omNode-1#7864:FAIL-t11,INCONSISTENCY,nextIndex=18,followerCommit=17
2021-10-05 12:34:40,476 [grpc-default-executor-1] INFO  leader.FollowerInfo (FollowerInfoImpl.java:lambda$new$0(46)) - omNode-3@group-523986131536->omNode-1: nextIndex: updateUnconditionally 30 -> 18
2021-10-05 12:34:40,978 [grpc-default-executor-1] INFO  server.RaftServer$Division (RaftServerImpl.java:checkInconsistentAppendEntries(1319)) - omNode-1@group-523986131536: Failed appendEntries as previous log entry ((t:11, i:29)) is not found
2021-10-05 12:34:40,979 [grpc-default-executor-1] INFO  server.RaftServer$Division (RaftServerImpl.java:checkInconsistentAppendEntries(1285)) - omNode-1@group-523986131536: inconsistency entries. Reply:omNode-3<-omNode-1#7915:FAIL-t11,INCONSISTENCY,nextIndex=18,followerCommit=17
2021-10-05 12:34:40,979 [grpc-default-executor-1] INFO  leader.FollowerInfo (FollowerInfoImpl.java:lambda$new$0(46)) - omNode-3@group-523986131536->omNode-1: nextIndex: updateUnconditionally 30 -> 18
2021-10-05 12:34:41,481 [grpc-default-executor-7] INFO  server.RaftServer$Division (RaftServerImpl.java:checkInconsistentAppendEntries(1319)) - omNode-1@group-523986131536: Failed appendEntries as previous log entry ((t:11, i:29)) is not found
2021-10-05 12:34:41,481 [grpc-default-executor-7] INFO  server.RaftServer$Division (RaftServerImpl.java:checkInconsistentAppendEntries(1285)) - omNode-1@group-523986131536: inconsistency entries. Reply:omNode-3<-omNode-1#7966:FAIL-t11,INCONSISTENCY,nextIndex=18,followerCommit=17
2021-10-05 12:34:41,481 [grpc-default-executor-7] INFO  leader.FollowerInfo (FollowerInfoImpl.java:lambda$new$0(46)) - omNode-3@group-523986131536->omNode-1: nextIndex: updateUnconditionally 30 -> 18
2021-10-05 12:34:41,983 [grpc-default-executor-1] INFO  server.RaftServer$Division (RaftServerImpl.java:checkInconsistentAppendEntries(1319)) - omNode-1@group-523986131536: Failed appendEntries as previous log entry ((t:11, i:29)) is not found
2021-10-05 12:34:41,983 [grpc-default-executor-1] INFO  server.RaftServer$Division (RaftServerImpl.java:checkInconsistentAppendEntries(1285)) - omNode-1@group-523986131536: inconsistency entries. Reply:omNode-3<-omNode-1#8017:FAIL-t11,INCONSISTENCY,nextIndex=18,followerCommit=17
2021-10-05 12:34:41,984 [grpc-default-executor-7] INFO  leader.FollowerInfo (FollowerInfoImpl.java:lambda$new$0(46)) - omNode-3@group-523986131536->omNode-1: nextIndex: updateUnconditionally 30 -> 18
2021-10-05 12:34:42,487 [grpc-default-executor-7] INFO  server.RaftServer$Division (RaftServerImpl.java:checkInconsistentAppendEntries(1319)) - omNode-1@group-523986131536: Failed appendEntries as previous log entry ((t:11, i:29)) is not found
2021-10-05 12:34:42,487 [grpc-default-executor-7] INFO  server.RaftServer$Division (RaftServerImpl.java:checkInconsistentAppendEntries(1285)) - omNode-1@group-523986131536: inconsistency entries. Reply:omNode-3<-omNode-1#8068:FAIL-t11,INCONSISTENCY,nextIndex=18,followerCommit=17
2021-10-05 12:34:42,488 [grpc-default-executor-7] INFO  leader.FollowerInfo (FollowerInfoImpl.java:lambda$new$0(46)) - omNode-3@group-523986131536->omNode-1: nextIndex: updateUnconditionally 30 -> 18
2021-10-05 12:34:42,989 [grpc-default-executor-1] INFO  server.RaftServer$Division (RaftServerImpl.java:checkInconsistentAppendEntries(1319)) - omNode-1@group-523986131536: Failed appendEntries as previous log entry ((t:11, i:29)) is not found
2021-10-05 12:34:42,990 [grpc-default-executor-1] INFO  server.RaftServer$Division (RaftServerImpl.java:checkInconsistentAppendEntries(1285)) - omNode-1@group-523986131536: inconsistency entries. Reply:omNode-3<-omNode-1#8119:FAIL-t11,INCONSISTENCY,nextIndex=18,followerCommit=17
2021-10-05 12:34:42,990 [grpc-default-executor-1] INFO  leader.FollowerInfo (FollowerInfoImpl.java:lambda$new$0(46)) - omNode-3@group-523986131536->omNode-1: nextIndex: updateUnconditionally 30 -> 18
2021-10-05 12:34:43,491 [grpc-default-executor-1] INFO  server.RaftServer$Division (RaftServerImpl.java:checkInconsistentAppendEntries(1319)) - omNode-1@group-523986131536: Failed appendEntries as previous log entry ((t:11, i:29)) is not found
2021-10-05 12:34:43,492 [grpc-default-executor-1] INFO  server.RaftServer$Division (RaftServerImpl.java:checkInconsistentAppendEntries(1285)) - omNode-1@group-523986131536: inconsistency entries. Reply:omNode-3<-omNode-1#8170:FAIL-t11,INCONSISTENCY,nextIndex=18,followerCommit=17
2021-10-05 12:34:43,492 [grpc-default-executor-1] INFO  leader.FollowerInfo (FollowerInfoImpl.java:lambda$new$0(46)) - omNode-3@group-523986131536->omNode-1: nextIndex: updateUnconditionally 30 -> 18
2021-10-05 12:34:43,993 [grpc-default-executor-1] INFO  server.RaftServer$Division (RaftServerImpl.java:checkInconsistentAppendEntries(1319)) - omNode-1@group-523986131536: Failed appendEntries as previous log entry ((t:11, i:29)) is not found
2021-10-05 12:34:43,993 [grpc-default-executor-1] INFO  server.RaftServer$Division (RaftServerImpl.java:checkInconsistentAppendEntries(1285)) - omNode-1@group-523986131536: inconsistency entries. Reply:omNode-3<-omNode-1#8221:FAIL-t11,INCONSISTENCY,nextIndex=18,followerCommit=17
2021-10-05 12:34:43,993 [grpc-default-executor-1] INFO  leader.FollowerInfo (FollowerInfoImpl.java:lambda$new$0(46)) - omNode-3@group-523986131536->omNode-1: nextIndex: updateUnconditionally 30 -> 18
2021-10-05 12:34:44,495 [grpc-default-executor-1] INFO  server.RaftServer$Division (RaftServerImpl.java:checkInconsistentAppendEntries(1319)) - omNode-1@group-523986131536: Failed appendEntries as previous log entry ((t:11, i:29)) is not found
2021-10-05 12:34:44,495 [grpc-default-executor-1] INFO  server.RaftServer$Division (RaftServerImpl.java:checkInconsistentAppendEntries(1285)) - omNode-1@group-523986131536: inconsistency entries. Reply:omNode-3<-omNode-1#8272:FAIL-t11,INCONSISTENCY,nextIndex=18,followerCommit=17
2021-10-05 12:34:44,495 [grpc-default-executor-1] INFO  leader.FollowerInfo (FollowerInfoImpl.java:lambda$new$0(46)) - omNode-3@group-523986131536->omNode-1: nextIndex: updateUnconditionally 30 -> 18
2021-10-05 12:34:45,001 [grpc-default-executor-1] INFO  server.RaftServer$Division (RaftServerImpl.java:checkInconsistentAppendEntries(1319)) - omNode-1@group-523986131536: Failed appendEntries as previous log entry ((t:11, i:29)) is not found
2021-10-05 12:34:45,002 [grpc-default-executor-1] INFO  server.RaftServer$Division (RaftServerImpl.java:checkInconsistentAppendEntries(1285)) - omNode-1@group-523986131536: inconsistency entries. Reply:omNode-3<-omNode-1#8323:FAIL-t11,INCONSISTENCY,nextIndex=18,followerCommit=17
2021-10-05 12:34:45,002 [grpc-default-executor-1] INFO  leader.FollowerInfo (FollowerInfoImpl.java:lambda$new$0(46)) - omNode-3@group-523986131536->omNode-1: nextIndex: updateUnconditionally 30 -> 18
2021-10-05 12:34:45,503 [grpc-default-executor-7] INFO  server.RaftServer$Division (RaftServerImpl.java:checkInconsistentAppendEntries(1319)) - omNode-1@group-523986131536: Failed appendEntries as previous log entry ((t:11, i:29)) is not found
2021-10-05 12:34:45,504 [grpc-default-executor-7] INFO  server.RaftServer$Division (RaftServerImpl.java:checkInconsistentAppendEntries(1285)) - omNode-1@group-523986131536: inconsistency entries. Reply:omNode-3<-omNode-1#8374:FAIL-t11,INCONSISTENCY,nextIndex=18,followerCommit=17
2021-10-05 12:34:45,504 [grpc-default-executor-7] INFO  leader.FollowerInfo (FollowerInfoImpl.java:lambda$new$0(46)) - omNode-3@group-523986131536->omNode-1: nextIndex: updateUnconditionally 30 -> 18
2021-10-05 12:34:46,005 [grpc-default-executor-7] INFO  server.RaftServer$Division (RaftServerImpl.java:checkInconsistentAppendEntries(1319)) - omNode-1@group-523986131536: Failed appendEntries as previous log entry ((t:11, i:29)) is not found
2021-10-05 12:34:46,005 [grpc-default-executor-7] INFO  server.RaftServer$Division (RaftServerImpl.java:checkInconsistentAppendEntries(1285)) - omNode-1@group-523986131536: inconsistency entries. Reply:omNode-3<-omNode-1#8425:FAIL-t11,INCONSISTENCY,nextIndex=18,followerCommit=17
2021-10-05 12:34:46,005 [grpc-default-executor-7] INFO  leader.FollowerInfo (FollowerInfoImpl.java:lambda$new$0(46)) - omNode-3@group-523986131536->omNode-1: nextIndex: updateUnconditionally 30 -> 18
2021-10-05 12:34:46,506 [grpc-default-executor-7] INFO  server.RaftServer$Division (RaftServerImpl.java:checkInconsistentAppendEntries(1319)) - omNode-1@group-523986131536: Failed appendEntries as previous log entry ((t:11, i:29)) is not found
2021-10-05 12:34:46,507 [grpc-default-executor-7] INFO  server.RaftServer$Division (RaftServerImpl.java:checkInconsistentAppendEntries(1285)) - omNode-1@group-523986131536: inconsistency entries. Reply:omNode-3<-omNode-1#8476:FAIL-t11,INCONSISTENCY,nextIndex=18,followerCommit=17
2021-10-05 12:34:46,507 [grpc-default-executor-7] INFO  leader.FollowerInfo (FollowerInfoImpl.java:lambda$new$0(46)) - omNode-3@group-523986131536->omNode-1: nextIndex: updateUnconditionally 30 -> 18
2021-10-05 12:34:47,009 [grpc-default-executor-7] INFO  server.RaftServer$Division (RaftServerImpl.java:checkInconsistentAppendEntries(1319)) - omNode-1@group-523986131536: Failed appendEntries as previous log entry ((t:11, i:29)) is not found
2021-10-05 12:34:47,009 [grpc-default-executor-7] INFO  server.RaftServer$Division (RaftServerImpl.java:checkInconsistentAppendEntries(1285)) - omNode-1@group-523986131536: inconsistency entries. Reply:omNode-3<-omNode-1#8527:FAIL-t11,INCONSISTENCY,nextIndex=18,followerCommit=17
2021-10-05 12:34:47,009 [grpc-default-executor-7] INFO  leader.FollowerInfo (FollowerInfoImpl.java:lambda$new$0(46)) - omNode-3@group-523986131536->omNode-1: nextIndex: updateUnconditionally 30 -> 18
2021-10-05 12:34:47,510 [grpc-default-executor-7] INFO  server.RaftServer$Division (RaftServerImpl.java:checkInconsistentAppendEntries(1319)) - omNode-1@group-523986131536: Failed appendEntries as previous log entry ((t:11, i:29)) is not found
2021-10-05 12:34:47,511 [grpc-default-executor-7] INFO  server.RaftServer$Division (RaftServerImpl.java:checkInconsistentAppendEntries(1285)) - omNode-1@group-523986131536: inconsistency entries. Reply:omNode-3<-omNode-1#8578:FAIL-t11,INCONSISTENCY,nextIndex=18,followerCommit=17
2021-10-05 12:34:47,511 [grpc-default-executor-7] INFO  leader.FollowerInfo (FollowerInfoImpl.java:lambda$new$0(46)) - omNode-3@group-523986131536->omNode-1: nextIndex: updateUnconditionally 30 -> 18
2021-10-05 12:34:48,012 [grpc-default-executor-1] INFO  server.RaftServer$Division (RaftServerImpl.java:checkInconsistentAppendEntries(1319)) - omNode-1@group-523986131536: Failed appendEntries as previous log entry ((t:11, i:29)) is not found
2021-10-05 12:34:48,012 [grpc-default-executor-1] INFO  server.RaftServer$Division (RaftServerImpl.java:checkInconsistentAppendEntries(1285)) - omNode-1@group-523986131536: inconsistency entries. Reply:omNode-3<-omNode-1#8629:FAIL-t11,INCONSISTENCY,nextIndex=18,followerCommit=17
2021-10-05 12:34:48,013 [grpc-default-executor-1] INFO  leader.FollowerInfo (FollowerInfoImpl.java:lambda$new$0(46)) - omNode-3@group-523986131536->omNode-1: nextIndex: updateUnconditionally 30 -> 18
2021-10-05 12:34:48,515 [grpc-default-executor-1] INFO  server.RaftServer$Division (RaftServerImpl.java:checkInconsistentAppendEntries(1319)) - omNode-1@group-523986131536: Failed appendEntries as previous log entry ((t:11, i:29)) is not found
2021-10-05 12:34:48,515 [grpc-default-executor-1] INFO  server.RaftServer$Division (RaftServerImpl.java:checkInconsistentAppendEntries(1285)) - omNode-1@group-523986131536: inconsistency entries. Reply:omNode-3<-omNode-1#8680:FAIL-t11,INCONSISTENCY,nextIndex=18,followerCommit=17
2021-10-05 12:34:48,515 [grpc-default-executor-1] INFO  leader.FollowerInfo (FollowerInfoImpl.java:lambda$new$0(46)) - omNode-3@group-523986131536->omNode-1: nextIndex: updateUnconditionally 30 -> 18
2021-10-05 12:34:49,017 [grpc-default-executor-1] INFO  server.RaftServer$Division (RaftServerImpl.java:checkInconsistentAppendEntries(1319)) - omNode-1@group-523986131536: Failed appendEntries as previous log entry ((t:11, i:29)) is not found
2021-10-05 12:34:49,017 [grpc-default-executor-1] INFO  server.RaftServer$Division (RaftServerImpl.java:checkInconsistentAppendEntries(1285)) - omNode-1@group-523986131536: inconsistency entries. Reply:omNode-3<-omNode-1#8731:FAIL-t11,INCONSISTENCY,nextIndex=18,followerCommit=17
2021-10-05 12:34:49,017 [grpc-default-executor-1] INFO  leader.FollowerInfo (FollowerInfoImpl.java:lambda$new$0(46)) - omNode-3@group-523986131536->omNode-1: nextIndex: updateUnconditionally 30 -> 18
2021-10-05 12:34:49,518 [grpc-default-executor-1] INFO  server.RaftServer$Division (RaftServerImpl.java:checkInconsistentAppendEntries(1319)) - omNode-1@group-523986131536: Failed appendEntries as previous log entry ((t:11, i:29)) is not found
2021-10-05 12:34:49,518 [grpc-default-executor-1] INFO  server.RaftServer$Division (RaftServerImpl.java:checkInconsistentAppendEntries(1285)) - omNode-1@group-523986131536: inconsistency entries. Reply:omNode-3<-omNode-1#8782:FAIL-t11,INCONSISTENCY,nextIndex=18,followerCommit=17
2021-10-05 12:34:49,519 [grpc-default-executor-1] INFO  leader.FollowerInfo (FollowerInfoImpl.java:lambda$new$0(46)) - omNode-3@group-523986131536->omNode-1: nextIndex: updateUnconditionally 30 -> 18
2021-10-05 12:34:50,020 [grpc-default-executor-1] INFO  server.RaftServer$Division (RaftServerImpl.java:checkInconsistentAppendEntries(1319)) - omNode-1@group-523986131536: Failed appendEntries as previous log entry ((t:11, i:29)) is not found
2021-10-05 12:34:50,020 [grpc-default-executor-1] INFO  server.RaftServer$Division (RaftServerImpl.java:checkInconsistentAppendEntries(1285)) - omNode-1@group-523986131536: inconsistency entries. Reply:omNode-3<-omNode-1#8833:FAIL-t11,INCONSISTENCY,nextIndex=18,followerCommit=17
2021-10-05 12:34:50,021 [grpc-default-executor-1] INFO  leader.FollowerInfo (FollowerInfoImpl.java:lambda$new$0(46)) - omNode-3@group-523986131536->omNode-1: nextIndex: updateUnconditionally 30 -> 18
2021-10-05 12:34:50,522 [grpc-default-executor-1] INFO  server.RaftServer$Division (RaftServerImpl.java:checkInconsistentAppendEntries(1319)) - omNode-1@group-523986131536: Failed appendEntries as previous log entry ((t:11, i:29)) is not found
2021-10-05 12:34:50,522 [grpc-default-executor-1] INFO  server.RaftServer$Division (RaftServerImpl.java:checkInconsistentAppendEntries(1285)) - omNode-1@group-523986131536: inconsistency entries. Reply:omNode-3<-omNode-1#8884:FAIL-t11,INCONSISTENCY,nextIndex=18,followerCommit=17
2021-10-05 12:34:50,523 [grpc-default-executor-1] INFO  leader.FollowerInfo (FollowerInfoImpl.java:lambda$new$0(46)) - omNode-3@group-523986131536->omNode-1: nextIndex: updateUnconditionally 30 -> 18
2021-10-05 12:34:51,024 [grpc-default-executor-1] INFO  server.RaftServer$Division (RaftServerImpl.java:checkInconsistentAppendEntries(1319)) - omNode-1@group-523986131536: Failed appendEntries as previous log entry ((t:11, i:29)) is not found
2021-10-05 12:34:51,024 [grpc-default-executor-1] INFO  server.RaftServer$Division (RaftServerImpl.java:checkInconsistentAppendEntries(1285)) - omNode-1@group-523986131536: inconsistency entries. Reply:omNode-3<-omNode-1#8935:FAIL-t11,INCONSISTENCY,nextIndex=18,followerCommit=17
2021-10-05 12:34:51,024 [grpc-default-executor-1] INFO  leader.FollowerInfo (FollowerInfoImpl.java:lambda$new$0(46)) - omNode-3@group-523986131536->omNode-1: nextIndex: updateUnconditionally 30 -> 18
2021-10-05 12:34:51,525 [grpc-default-executor-1] INFO  server.RaftServer$Division (RaftServerImpl.java:checkInconsistentAppendEntries(1319)) - omNode-1@group-523986131536: Failed appendEntries as previous log entry ((t:11, i:29)) is not found
2021-10-05 12:34:51,525 [grpc-default-executor-1] INFO  server.RaftServer$Division (RaftServerImpl.java:checkInconsistentAppendEntries(1285)) - omNode-1@group-523986131536: inconsistency entries. Reply:omNode-3<-omNode-1#8986:FAIL-t11,INCONSISTENCY,nextIndex=18,followerCommit=17
2021-10-05 12:34:51,526 [grpc-default-executor-1] INFO  leader.FollowerInfo (FollowerInfoImpl.java:lambda$new$0(46)) - omNode-3@group-523986131536->omNode-1: nextIndex: updateUnconditionally 30 -> 18
2021-10-05 12:34:52,027 [grpc-default-executor-1] INFO  server.RaftServer$Division (RaftServerImpl.java:checkInconsistentAppendEntries(1319)) - omNode-1@group-523986131536: Failed appendEntries as previous log entry ((t:11, i:29)) is not found
2021-10-05 12:34:52,027 [grpc-default-executor-1] INFO  server.RaftServer$Division (RaftServerImpl.java:checkInconsistentAppendEntries(1285)) - omNode-1@group-523986131536: inconsistency entries. Reply:omNode-3<-omNode-1#9037:FAIL-t11,INCONSISTENCY,nextIndex=18,followerCommit=17
2021-10-05 12:34:52,027 [grpc-default-executor-7] INFO  leader.FollowerInfo (FollowerInfoImpl.java:lambda$new$0(46)) - omNode-3@group-523986131536->omNode-1: nextIndex: updateUnconditionally 30 -> 18
2021-10-05 12:34:52,529 [grpc-default-executor-7] INFO  server.RaftServer$Division (RaftServerImpl.java:checkInconsistentAppendEntries(1319)) - omNode-1@group-523986131536: Failed appendEntries as previous log entry ((t:11, i:29)) is not found
2021-10-05 12:34:52,529 [grpc-default-executor-7] INFO  server.RaftServer$Division (RaftServerImpl.java:checkInconsistentAppendEntries(1285)) - omNode-1@group-523986131536: inconsistency entries. Reply:omNode-3<-omNode-1#9088:FAIL-t11,INCONSISTENCY,nextIndex=18,followerCommit=17
2021-10-05 12:34:52,530 [grpc-default-executor-7] INFO  leader.FollowerInfo (FollowerInfoImpl.java:lambda$new$0(46)) - omNode-3@group-523986131536->omNode-1: nextIndex: updateUnconditionally 30 -> 18
2021-10-05 12:34:53,032 [grpc-default-executor-7] INFO  server.RaftServer$Division (RaftServerImpl.java:checkInconsistentAppendEntries(1319)) - omNode-1@group-523986131536: Failed appendEntries as previous log entry ((t:11, i:29)) is not found
2021-10-05 12:34:53,032 [grpc-default-executor-7] INFO  server.RaftServer$Division (RaftServerImpl.java:checkInconsistentAppendEntries(1285)) - omNode-1@group-523986131536: inconsistency entries. Reply:omNode-3<-omNode-1#9139:FAIL-t11,INCONSISTENCY,nextIndex=18,followerCommit=17
2021-10-05 12:34:53,032 [grpc-default-executor-7] INFO  leader.FollowerInfo (FollowerInfoImpl.java:lambda$new$0(46)) - omNode-3@group-523986131536->omNode-1: nextIndex: updateUnconditionally 30 -> 18
2021-10-05 12:34:53,533 [grpc-default-executor-7] INFO  server.RaftServer$Division (RaftServerImpl.java:checkInconsistentAppendEntries(1319)) - omNode-1@group-523986131536: Failed appendEntries as previous log entry ((t:11, i:29)) is not found
2021-10-05 12:34:53,533 [grpc-default-executor-7] INFO  server.RaftServer$Division (RaftServerImpl.java:checkInconsistentAppendEntries(1285)) - omNode-1@group-523986131536: inconsistency entries. Reply:omNode-3<-omNode-1#9190:FAIL-t11,INCONSISTENCY,nextIndex=18,followerCommit=17
2021-10-05 12:34:53,534 [grpc-default-executor-1] INFO  leader.FollowerInfo (FollowerInfoImpl.java:lambda$new$0(46)) - omNode-3@group-523986131536->omNode-1: nextIndex: updateUnconditionally 30 -> 18
2021-10-05 12:34:54,035 [grpc-default-executor-7] INFO  server.RaftServer$Division (RaftServerImpl.java:checkInconsistentAppendEntries(1319)) - omNode-1@group-523986131536: Failed appendEntries as previous log entry ((t:11, i:29)) is not found
2021-10-05 12:34:54,035 [grpc-default-executor-7] INFO  server.RaftServer$Division (RaftServerImpl.java:checkInconsistentAppendEntries(1285)) - omNode-1@group-523986131536: inconsistency entries. Reply:omNode-3<-omNode-1#9241:FAIL-t11,INCONSISTENCY,nextIndex=18,followerCommit=17
2021-10-05 12:34:54,036 [grpc-default-executor-7] INFO  leader.FollowerInfo (FollowerInfoImpl.java:lambda$new$0(46)) - omNode-3@group-523986131536->omNode-1: nextIndex: updateUnconditionally 30 -> 18
2021-10-05 12:34:54,537 [grpc-default-executor-1] INFO  server.RaftServer$Division (RaftServerImpl.java:checkInconsistentAppendEntries(1319)) - omNode-1@group-523986131536: Failed appendEntries as previous log entry ((t:11, i:29)) is not found
2021-10-05 12:34:54,538 [grpc-default-executor-1] INFO  server.RaftServer$Division (RaftServerImpl.java:checkInconsistentAppendEntries(1285)) - omNode-1@group-523986131536: inconsistency entries. Reply:omNode-3<-omNode-1#9292:FAIL-t11,INCONSISTENCY,nextIndex=18,followerCommit=17
2021-10-05 12:34:54,538 [grpc-default-executor-7] INFO  leader.FollowerInfo (FollowerInfoImpl.java:lambda$new$0(46)) - omNode-3@group-523986131536->omNode-1: nextIndex: updateUnconditionally 30 -> 18
2021-10-05 12:34:55,039 [grpc-default-executor-1] INFO  server.RaftServer$Division (RaftServerImpl.java:checkInconsistentAppendEntries(1319)) - omNode-1@group-523986131536: Failed appendEntries as previous log entry ((t:11, i:29)) is not found
2021-10-05 12:34:55,039 [grpc-default-executor-1] INFO  server.RaftServer$Division (RaftServerImpl.java:checkInconsistentAppendEntries(1285)) - omNode-1@group-523986131536: inconsistency entries. Reply:omNode-3<-omNode-1#9343:FAIL-t11,INCONSISTENCY,nextIndex=18,followerCommit=17
2021-10-05 12:34:55,040 [grpc-default-executor-1] INFO  leader.FollowerInfo (FollowerInfoImpl.java:lambda$new$0(46)) - omNode-3@group-523986131536->omNode-1: nextIndex: updateUnconditionally 30 -> 18
2021-10-05 12:34:55,541 [grpc-default-executor-7] INFO  server.RaftServer$Division (RaftServerImpl.java:checkInconsistentAppendEntries(1319)) - omNode-1@group-523986131536: Failed appendEntries as previous log entry ((t:11, i:29)) is not found
2021-10-05 12:34:55,541 [grpc-default-executor-7] INFO  server.RaftServer$Division (RaftServerImpl.java:checkInconsistentAppendEntries(1285)) - omNode-1@group-523986131536: inconsistency entries. Reply:omNode-3<-omNode-1#9394:FAIL-t11,INCONSISTENCY,nextIndex=18,followerCommit=17
2021-10-05 12:34:55,542 [grpc-default-executor-7] INFO  leader.FollowerInfo (FollowerInfoImpl.java:lambda$new$0(46)) - omNode-3@group-523986131536->omNode-1: nextIndex: updateUnconditionally 30 -> 18
2021-10-05 12:34:56,043 [grpc-default-executor-1] INFO  server.RaftServer$Division (RaftServerImpl.java:checkInconsistentAppendEntries(1319)) - omNode-1@group-523986131536: Failed appendEntries as previous log entry ((t:11, i:29)) is not found
2021-10-05 12:34:56,044 [grpc-default-executor-1] INFO  server.RaftServer$Division (RaftServerImpl.java:checkInconsistentAppendEntries(1285)) - omNode-1@group-523986131536: inconsistency entries. Reply:omNode-3<-omNode-1#9445:FAIL-t11,INCONSISTENCY,nextIndex=18,followerCommit=17
2021-10-05 12:34:56,044 [grpc-default-executor-1] INFO  leader.FollowerInfo (FollowerInfoImpl.java:lambda$new$0(46)) - omNode-3@group-523986131536->omNode-1: nextIndex: updateUnconditionally 30 -> 18
2021-10-05 12:34:56,546 [grpc-default-executor-1] INFO  server.RaftServer$Division (RaftServerImpl.java:checkInconsistentAppendEntries(1319)) - omNode-1@group-523986131536: Failed appendEntries as previous log entry ((t:11, i:29)) is not found
2021-10-05 12:34:56,546 [grpc-default-executor-1] INFO  server.RaftServer$Division (RaftServerImpl.java:checkInconsistentAppendEntries(1285)) - omNode-1@group-523986131536: inconsistency entries. Reply:omNode-3<-omNode-1#9496:FAIL-t11,INCONSISTENCY,nextIndex=18,followerCommit=17
2021-10-05 12:34:56,546 [grpc-default-executor-7] INFO  leader.FollowerInfo (FollowerInfoImpl.java:lambda$new$0(46)) - omNode-3@group-523986131536->omNode-1: nextIndex: updateUnconditionally 30 -> 18
2021-10-05 12:34:57,048 [grpc-default-executor-7] INFO  server.RaftServer$Division (RaftServerImpl.java:checkInconsistentAppendEntries(1319)) - omNode-1@group-523986131536: Failed appendEntries as previous log entry ((t:11, i:29)) is not found
2021-10-05 12:34:57,048 [grpc-default-executor-7] INFO  server.RaftServer$Division (RaftServerImpl.java:checkInconsistentAppendEntries(1285)) - omNode-1@group-523986131536: inconsistency entries. Reply:omNode-3<-omNode-1#9547:FAIL-t11,INCONSISTENCY,nextIndex=18,followerCommit=17
2021-10-05 12:34:57,049 [grpc-default-executor-1] INFO  leader.FollowerInfo (FollowerInfoImpl.java:lambda$new$0(46)) - omNode-3@group-523986131536->omNode-1: nextIndex: updateUnconditionally 30 -> 18
2021-10-05 12:34:57,550 [grpc-default-executor-7] INFO  server.RaftServer$Division (RaftServerImpl.java:checkInconsistentAppendEntries(1319)) - omNode-1@group-523986131536: Failed appendEntries as previous log entry ((t:11, i:29)) is not found
2021-10-05 12:34:57,550 [grpc-default-executor-7] INFO  server.RaftServer$Division (RaftServerImpl.java:checkInconsistentAppendEntries(1285)) - omNode-1@group-523986131536: inconsistency entries. Reply:omNode-3<-omNode-1#9598:FAIL-t11,INCONSISTENCY,nextIndex=18,followerCommit=17
2021-10-05 12:34:57,551 [grpc-default-executor-7] INFO  leader.FollowerInfo (FollowerInfoImpl.java:lambda$new$0(46)) - omNode-3@group-523986131536->omNode-1: nextIndex: updateUnconditionally 30 -> 18
2021-10-05 12:34:58,052 [grpc-default-executor-1] INFO  server.RaftServer$Division (RaftServerImpl.java:checkInconsistentAppendEntries(1319)) - omNode-1@group-523986131536: Failed appendEntries as previous log entry ((t:11, i:29)) is not found
2021-10-05 12:34:58,053 [grpc-default-executor-1] INFO  server.RaftServer$Division (RaftServerImpl.java:checkInconsistentAppendEntries(1285)) - omNode-1@group-523986131536: inconsistency entries. Reply:omNode-3<-omNode-1#9649:FAIL-t11,INCONSISTENCY,nextIndex=18,followerCommit=17
2021-10-05 12:34:58,053 [grpc-default-executor-7] INFO  leader.FollowerInfo (FollowerInfoImpl.java:lambda$new$0(46)) - omNode-3@group-523986131536->omNode-1: nextIndex: updateUnconditionally 30 -> 18
2021-10-05 12:34:58,555 [grpc-default-executor-7] INFO  server.RaftServer$Division (RaftServerImpl.java:checkInconsistentAppendEntries(1319)) - omNode-1@group-523986131536: Failed appendEntries as previous log entry ((t:11, i:29)) is not found
2021-10-05 12:34:58,555 [grpc-default-executor-7] INFO  server.RaftServer$Division (RaftServerImpl.java:checkInconsistentAppendEntries(1285)) - omNode-1@group-523986131536: inconsistency entries. Reply:omNode-3<-omNode-1#9700:FAIL-t11,INCONSISTENCY,nextIndex=18,followerCommit=17
2021-10-05 12:34:58,556 [grpc-default-executor-1] INFO  leader.FollowerInfo (FollowerInfoImpl.java:lambda$new$0(46)) - omNode-3@group-523986131536->omNode-1: nextIndex: updateUnconditionally 30 -> 18
2021-10-05 12:34:59,057 [grpc-default-executor-7] INFO  server.RaftServer$Division (RaftServerImpl.java:checkInconsistentAppendEntries(1319)) - omNode-1@group-523986131536: Failed appendEntries as previous log entry ((t:11, i:29)) is not found
2021-10-05 12:34:59,058 [grpc-default-executor-7] INFO  server.RaftServer$Division (RaftServerImpl.java:checkInconsistentAppendEntries(1285)) - omNode-1@group-523986131536: inconsistency entries. Reply:omNode-3<-omNode-1#9751:FAIL-t11,INCONSISTENCY,nextIndex=18,followerCommit=17
2021-10-05 12:34:59,059 [grpc-default-executor-7] INFO  leader.FollowerInfo (FollowerInfoImpl.java:lambda$new$0(46)) - omNode-3@group-523986131536->omNode-1: nextIndex: updateUnconditionally 30 -> 18
2021-10-05 12:34:59,560 [grpc-default-executor-1] INFO  server.RaftServer$Division (RaftServerImpl.java:checkInconsistentAppendEntries(1319)) - omNode-1@group-523986131536: Failed appendEntries as previous log entry ((t:11, i:29)) is not found
2021-10-05 12:34:59,560 [grpc-default-executor-1] INFO  server.RaftServer$Division (RaftServerImpl.java:checkInconsistentAppendEntries(1285)) - omNode-1@group-523986131536: inconsistency entries. Reply:omNode-3<-omNode-1#9802:FAIL-t11,INCONSISTENCY,nextIndex=18,followerCommit=17
2021-10-05 12:34:59,561 [grpc-default-executor-7] INFO  leader.FollowerInfo (FollowerInfoImpl.java:lambda$new$0(46)) - omNode-3@group-523986131536->omNode-1: nextIndex: updateUnconditionally 30 -> 18
2021-10-05 12:35:00,063 [grpc-default-executor-7] INFO  server.RaftServer$Division (RaftServerImpl.java:checkInconsistentAppendEntries(1319)) - omNode-1@group-523986131536: Failed appendEntries as previous log entry ((t:11, i:29)) is not found
2021-10-05 12:35:00,063 [grpc-default-executor-7] INFO  server.RaftServer$Division (RaftServerImpl.java:checkInconsistentAppendEntries(1285)) - omNode-1@group-523986131536: inconsistency entries. Reply:omNode-3<-omNode-1#9853:FAIL-t11,INCONSISTENCY,nextIndex=18,followerCommit=17
2021-10-05 12:35:00,063 [grpc-default-executor-7] INFO  leader.FollowerInfo (FollowerInfoImpl.java:lambda$new$0(46)) - omNode-3@group-523986131536->omNode-1: nextIndex: updateUnconditionally 30 -> 18
2021-10-05 12:35:00,569 [grpc-default-executor-8] INFO  server.RaftServer$Division (RaftServerImpl.java:checkInconsistentAppendEntries(1319)) - omNode-1@group-523986131536: Failed appendEntries as previous log entry ((t:11, i:29)) is not found
2021-10-05 12:35:00,569 [grpc-default-executor-8] INFO  server.RaftServer$Division (RaftServerImpl.java:checkInconsistentAppendEntries(1285)) - omNode-1@group-523986131536: inconsistency entries. Reply:omNode-3<-omNode-1#9904:FAIL-t11,INCONSISTENCY,nextIndex=18,followerCommit=17
2021-10-05 12:35:00,569 [grpc-default-executor-1] INFO  leader.FollowerInfo (FollowerInfoImpl.java:lambda$new$0(46)) - omNode-3@group-523986131536->omNode-1: nextIndex: updateUnconditionally 30 -> 18
2021-10-05 12:35:01,071 [grpc-default-executor-1] INFO  server.RaftServer$Division (RaftServerImpl.java:checkInconsistentAppendEntries(1319)) - omNode-1@group-523986131536: Failed appendEntries as previous log entry ((t:11, i:29)) is not found
2021-10-05 12:35:01,071 [grpc-default-executor-1] INFO  server.RaftServer$Division (RaftServerImpl.java:checkInconsistentAppendEntries(1285)) - omNode-1@group-523986131536: inconsistency entries. Reply:omNode-3<-omNode-1#9955:FAIL-t11,INCONSISTENCY,nextIndex=18,followerCommit=17
2021-10-05 12:35:01,072 [grpc-default-executor-1] INFO  leader.FollowerInfo (FollowerInfoImpl.java:lambda$new$0(46)) - omNode-3@group-523986131536->omNode-1: nextIndex: updateUnconditionally 30 -> 18
2021-10-05 12:35:01,573 [grpc-default-executor-1] INFO  server.RaftServer$Division (RaftServerImpl.java:checkInconsistentAppendEntries(1319)) - omNode-1@group-523986131536: Failed appendEntries as previous log entry ((t:11, i:29)) is not found
2021-10-05 12:35:01,573 [grpc-default-executor-1] INFO  server.RaftServer$Division (RaftServerImpl.java:checkInconsistentAppendEntries(1285)) - omNode-1@group-523986131536: inconsistency entries. Reply:omNode-3<-omNode-1#10006:FAIL-t11,INCONSISTENCY,nextIndex=18,followerCommit=17
2021-10-05 12:35:01,574 [grpc-default-executor-1] INFO  leader.FollowerInfo (FollowerInfoImpl.java:lambda$new$0(46)) - omNode-3@group-523986131536->omNode-1: nextIndex: updateUnconditionally 30 -> 18
2021-10-05 12:35:02,075 [grpc-default-executor-1] INFO  server.RaftServer$Division (RaftServerImpl.java:checkInconsistentAppendEntries(1319)) - omNode-1@group-523986131536: Failed appendEntries as previous log entry ((t:11, i:29)) is not found
2021-10-05 12:35:02,076 [grpc-default-executor-1] INFO  server.RaftServer$Division (RaftServerImpl.java:checkInconsistentAppendEntries(1285)) - omNode-1@group-523986131536: inconsistency entries. Reply:omNode-3<-omNode-1#10057:FAIL-t11,INCONSISTENCY,nextIndex=18,followerCommit=17
2021-10-05 12:35:02,076 [grpc-default-executor-1] INFO  leader.FollowerInfo (FollowerInfoImpl.java:lambda$new$0(46)) - omNode-3@group-523986131536->omNode-1: nextIndex: updateUnconditionally 30 -> 18
2021-10-05 12:35:02,578 [grpc-default-executor-1] INFO  server.RaftServer$Division (RaftServerImpl.java:checkInconsistentAppendEntries(1319)) - omNode-1@group-523986131536: Failed appendEntries as previous log entry ((t:11, i:29)) is not found
2021-10-05 12:35:02,578 [grpc-default-executor-1] INFO  server.RaftServer$Division (RaftServerImpl.java:checkInconsistentAppendEntries(1285)) - omNode-1@group-523986131536: inconsistency entries. Reply:omNode-3<-omNode-1#10108:FAIL-t11,INCONSISTENCY,nextIndex=18,followerCommit=17
2021-10-05 12:35:02,579 [grpc-default-executor-1] INFO  leader.FollowerInfo (FollowerInfoImpl.java:lambda$new$0(46)) - omNode-3@group-523986131536->omNode-1: nextIndex: updateUnconditionally 30 -> 18
2021-10-05 12:35:03,081 [grpc-default-executor-8] INFO  server.RaftServer$Division (RaftServerImpl.java:checkInconsistentAppendEntries(1319)) - omNode-1@group-523986131536: Failed appendEntries as previous log entry ((t:11, i:29)) is not found
2021-10-05 12:35:03,081 [grpc-default-executor-8] INFO  server.RaftServer$Division (RaftServerImpl.java:checkInconsistentAppendEntries(1285)) - omNode-1@group-523986131536: inconsistency entries. Reply:omNode-3<-omNode-1#10159:FAIL-t11,INCONSISTENCY,nextIndex=18,followerCommit=17
2021-10-05 12:35:03,082 [grpc-default-executor-8] INFO  leader.FollowerInfo (FollowerInfoImpl.java:lambda$new$0(46)) - omNode-3@group-523986131536->omNode-1: nextIndex: updateUnconditionally 30 -> 18
2021-10-05 12:35:03,583 [grpc-default-executor-8] INFO  server.RaftServer$Division (RaftServerImpl.java:checkInconsistentAppendEntries(1319)) - omNode-1@group-523986131536: Failed appendEntries as previous log entry ((t:11, i:29)) is not found
2021-10-05 12:35:03,584 [grpc-default-executor-8] INFO  server.RaftServer$Division (RaftServerImpl.java:checkInconsistentAppendEntries(1285)) - omNode-1@group-523986131536: inconsistency entries. Reply:omNode-3<-omNode-1#10210:FAIL-t11,INCONSISTENCY,nextIndex=18,followerCommit=17
2021-10-05 12:35:03,584 [grpc-default-executor-8] INFO  leader.FollowerInfo (FollowerInfoImpl.java:lambda$new$0(46)) - omNode-3@group-523986131536->omNode-1: nextIndex: updateUnconditionally 30 -> 18
2021-10-05 12:35:04,086 [grpc-default-executor-8] INFO  server.RaftServer$Division (RaftServerImpl.java:checkInconsistentAppendEntries(1319)) - omNode-1@group-523986131536: Failed appendEntries as previous log entry ((t:11, i:29)) is not found
2021-10-05 12:35:04,086 [grpc-default-executor-8] INFO  server.RaftServer$Division (RaftServerImpl.java:checkInconsistentAppendEntries(1285)) - omNode-1@group-523986131536: inconsistency entries. Reply:omNode-3<-omNode-1#10261:FAIL-t11,INCONSISTENCY,nextIndex=18,followerCommit=17
2021-10-05 12:35:04,086 [grpc-default-executor-8] INFO  leader.FollowerInfo (FollowerInfoImpl.java:lambda$new$0(46)) - omNode-3@group-523986131536->omNode-1: nextIndex: updateUnconditionally 30 -> 18
2021-10-05 12:35:04,588 [grpc-default-executor-8] INFO  server.RaftServer$Division (RaftServerImpl.java:checkInconsistentAppendEntries(1319)) - omNode-1@group-523986131536: Failed appendEntries as previous log entry ((t:11, i:29)) is not found
2021-10-05 12:35:04,588 [grpc-default-executor-8] INFO  server.RaftServer$Division (RaftServerImpl.java:checkInconsistentAppendEntries(1285)) - omNode-1@group-523986131536: inconsistency entries. Reply:omNode-3<-omNode-1#10312:FAIL-t11,INCONSISTENCY,nextIndex=18,followerCommit=17
2021-10-05 12:35:04,588 [grpc-default-executor-1] INFO  leader.FollowerInfo (FollowerInfoImpl.java:lambda$new$0(46)) - omNode-3@group-523986131536->omNode-1: nextIndex: updateUnconditionally 30 -> 18
2021-10-05 12:35:05,090 [grpc-default-executor-1] INFO  server.RaftServer$Division (RaftServerImpl.java:checkInconsistentAppendEntries(1319)) - omNode-1@group-523986131536: Failed appendEntries as previous log entry ((t:11, i:29)) is not found
2021-10-05 12:35:05,091 [grpc-default-executor-1] INFO  server.RaftServer$Division (RaftServerImpl.java:checkInconsistentAppendEntries(1285)) - omNode-1@group-523986131536: inconsistency entries. Reply:omNode-3<-omNode-1#10363:FAIL-t11,INCONSISTENCY,nextIndex=18,followerCommit=17
2021-10-05 12:35:05,091 [grpc-default-executor-1] INFO  leader.FollowerInfo (FollowerInfoImpl.java:lambda$new$0(46)) - omNode-3@group-523986131536->omNode-1: nextIndex: updateUnconditionally 30 -> 18
2021-10-05 12:35:05,592 [grpc-default-executor-8] INFO  server.RaftServer$Division (RaftServerImpl.java:checkInconsistentAppendEntries(1319)) - omNode-1@group-523986131536: Failed appendEntries as previous log entry ((t:11, i:29)) is not found
2021-10-05 12:35:05,593 [grpc-default-executor-8] INFO  server.RaftServer$Division (RaftServerImpl.java:checkInconsistentAppendEntries(1285)) - omNode-1@group-523986131536: inconsistency entries. Reply:omNode-3<-omNode-1#10414:FAIL-t11,INCONSISTENCY,nextIndex=18,followerCommit=17
2021-10-05 12:35:05,593 [grpc-default-executor-8] INFO  leader.FollowerInfo (FollowerInfoImpl.java:lambda$new$0(46)) - omNode-3@group-523986131536->omNode-1: nextIndex: updateUnconditionally 30 -> 18
2021-10-05 12:35:06,094 [grpc-default-executor-8] INFO  server.RaftServer$Division (RaftServerImpl.java:checkInconsistentAppendEntries(1319)) - omNode-1@group-523986131536: Failed appendEntries as previous log entry ((t:11, i:29)) is not found
2021-10-05 12:35:06,095 [grpc-default-executor-8] INFO  server.RaftServer$Division (RaftServerImpl.java:checkInconsistentAppendEntries(1285)) - omNode-1@group-523986131536: inconsistency entries. Reply:omNode-3<-omNode-1#10465:FAIL-t11,INCONSISTENCY,nextIndex=18,followerCommit=17
2021-10-05 12:35:06,095 [grpc-default-executor-8] INFO  leader.FollowerInfo (FollowerInfoImpl.java:lambda$new$0(46)) - omNode-3@group-523986131536->omNode-1: nextIndex: updateUnconditionally 30 -> 18
2021-10-05 12:35:06,596 [grpc-default-executor-1] INFO  server.RaftServer$Division (RaftServerImpl.java:checkInconsistentAppendEntries(1319)) - omNode-1@group-523986131536: Failed appendEntries as previous log entry ((t:11, i:29)) is not found
2021-10-05 12:35:06,596 [grpc-default-executor-1] INFO  server.RaftServer$Division (RaftServerImpl.java:checkInconsistentAppendEntries(1285)) - omNode-1@group-523986131536: inconsistency entries. Reply:omNode-3<-omNode-1#10516:FAIL-t11,INCONSISTENCY,nextIndex=18,followerCommit=17
2021-10-05 12:35:06,597 [grpc-default-executor-1] INFO  leader.FollowerInfo (FollowerInfoImpl.java:lambda$new$0(46)) - omNode-3@group-523986131536->omNode-1: nextIndex: updateUnconditionally 30 -> 18
2021-10-05 12:35:07,099 [grpc-default-executor-8] INFO  server.RaftServer$Division (RaftServerImpl.java:checkInconsistentAppendEntries(1319)) - omNode-1@group-523986131536: Failed appendEntries as previous log entry ((t:11, i:29)) is not found
2021-10-05 12:35:07,099 [grpc-default-executor-8] INFO  server.RaftServer$Division (RaftServerImpl.java:checkInconsistentAppendEntries(1285)) - omNode-1@group-523986131536: inconsistency entries. Reply:omNode-3<-omNode-1#10567:FAIL-t11,INCONSISTENCY,nextIndex=18,followerCommit=17
2021-10-05 12:35:07,100 [grpc-default-executor-1] INFO  leader.FollowerInfo (FollowerInfoImpl.java:lambda$new$0(46)) - omNode-3@group-523986131536->omNode-1: nextIndex: updateUnconditionally 30 -> 18
2021-10-05 12:35:07,602 [grpc-default-executor-1] INFO  server.RaftServer$Division (RaftServerImpl.java:checkInconsistentAppendEntries(1319)) - omNode-1@group-523986131536: Failed appendEntries as previous log entry ((t:11, i:29)) is not found
2021-10-05 12:35:07,602 [grpc-default-executor-1] INFO  server.RaftServer$Division (RaftServerImpl.java:checkInconsistentAppendEntries(1285)) - omNode-1@group-523986131536: inconsistency entries. Reply:omNode-3<-omNode-1#10618:FAIL-t11,INCONSISTENCY,nextIndex=18,followerCommit=17
2021-10-05 12:35:07,602 [grpc-default-executor-1] INFO  leader.FollowerInfo (FollowerInfoImpl.java:lambda$new$0(46)) - omNode-3@group-523986131536->omNode-1: nextIndex: updateUnconditionally 30 -> 18
2021-10-05 12:35:08,104 [grpc-default-executor-1] INFO  server.RaftServer$Division (RaftServerImpl.java:checkInconsistentAppendEntries(1319)) - omNode-1@group-523986131536: Failed appendEntries as previous log entry ((t:11, i:29)) is not found
2021-10-05 12:35:08,104 [grpc-default-executor-1] INFO  server.RaftServer$Division (RaftServerImpl.java:checkInconsistentAppendEntries(1285)) - omNode-1@group-523986131536: inconsistency entries. Reply:omNode-3<-omNode-1#10669:FAIL-t11,INCONSISTENCY,nextIndex=18,followerCommit=17
2021-10-05 12:35:08,105 [grpc-default-executor-1] INFO  leader.FollowerInfo (FollowerInfoImpl.java:lambda$new$0(46)) - omNode-3@group-523986131536->omNode-1: nextIndex: updateUnconditionally 30 -> 18
2021-10-05 12:35:08,606 [grpc-default-executor-1] INFO  server.RaftServer$Division (RaftServerImpl.java:checkInconsistentAppendEntries(1319)) - omNode-1@group-523986131536: Failed appendEntries as previous log entry ((t:11, i:29)) is not found
2021-10-05 12:35:08,606 [grpc-default-executor-1] INFO  server.RaftServer$Division (RaftServerImpl.java:checkInconsistentAppendEntries(1285)) - omNode-1@group-523986131536: inconsistency entries. Reply:omNode-3<-omNode-1#10720:FAIL-t11,INCONSISTENCY,nextIndex=18,followerCommit=17
2021-10-05 12:35:08,607 [grpc-default-executor-8] INFO  leader.FollowerInfo (FollowerInfoImpl.java:lambda$new$0(46)) - omNode-3@group-523986131536->omNode-1: nextIndex: updateUnconditionally 30 -> 18
2021-10-05 12:35:09,108 [grpc-default-executor-1] INFO  server.RaftServer$Division (RaftServerImpl.java:checkInconsistentAppendEntries(1319)) - omNode-1@group-523986131536: Failed appendEntries as previous log entry ((t:11, i:29)) is not found
2021-10-05 12:35:09,108 [grpc-default-executor-1] INFO  server.RaftServer$Division (RaftServerImpl.java:checkInconsistentAppendEntries(1285)) - omNode-1@group-523986131536: inconsistency entries. Reply:omNode-3<-omNode-1#10771:FAIL-t11,INCONSISTENCY,nextIndex=18,followerCommit=17
2021-10-05 12:35:09,109 [grpc-default-executor-8] INFO  leader.FollowerInfo (FollowerInfoImpl.java:lambda$new$0(46)) - omNode-3@group-523986131536->omNode-1: nextIndex: updateUnconditionally 30 -> 18
2021-10-05 12:35:09,610 [grpc-default-executor-8] INFO  server.RaftServer$Division (RaftServerImpl.java:checkInconsistentAppendEntries(1319)) - omNode-1@group-523986131536: Failed appendEntries as previous log entry ((t:11, i:29)) is not found
2021-10-05 12:35:09,611 [grpc-default-executor-8] INFO  server.RaftServer$Division (RaftServerImpl.java:checkInconsistentAppendEntries(1285)) - omNode-1@group-523986131536: inconsistency entries. Reply:omNode-3<-omNode-1#10822:FAIL-t11,INCONSISTENCY,nextIndex=18,followerCommit=17
2021-10-05 12:35:09,611 [grpc-default-executor-1] INFO  leader.FollowerInfo (FollowerInfoImpl.java:lambda$new$0(46)) - omNode-3@group-523986131536->omNode-1: nextIndex: updateUnconditionally 30 -> 18
2021-10-05 12:35:10,113 [grpc-default-executor-1] INFO  server.RaftServer$Division (RaftServerImpl.java:checkInconsistentAppendEntries(1319)) - omNode-1@group-523986131536: Failed appendEntries as previous log entry ((t:11, i:29)) is not found
2021-10-05 12:35:10,114 [grpc-default-executor-1] INFO  server.RaftServer$Division (RaftServerImpl.java:checkInconsistentAppendEntries(1285)) - omNode-1@group-523986131536: inconsistency entries. Reply:omNode-3<-omNode-1#10873:FAIL-t11,INCONSISTENCY,nextIndex=18,followerCommit=17
2021-10-05 12:35:10,114 [grpc-default-executor-1] INFO  leader.FollowerInfo (FollowerInfoImpl.java:lambda$new$0(46)) - omNode-3@group-523986131536->omNode-1: nextIndex: updateUnconditionally 30 -> 18
2021-10-05 12:35:10,616 [grpc-default-executor-1] INFO  server.RaftServer$Division (RaftServerImpl.java:checkInconsistentAppendEntries(1319)) - omNode-1@group-523986131536: Failed appendEntries as previous log entry ((t:11, i:29)) is not found
2021-10-05 12:35:10,616 [grpc-default-executor-1] INFO  server.RaftServer$Division (RaftServerImpl.java:checkInconsistentAppendEntries(1285)) - omNode-1@group-523986131536: inconsistency entries. Reply:omNode-3<-omNode-1#10924:FAIL-t11,INCONSISTENCY,nextIndex=18,followerCommit=17
2021-10-05 12:35:10,617 [grpc-default-executor-8] INFO  leader.FollowerInfo (FollowerInfoImpl.java:lambda$new$0(46)) - omNode-3@group-523986131536->omNode-1: nextIndex: updateUnconditionally 30 -> 18
2021-10-05 12:35:11,119 [grpc-default-executor-1] INFO  server.RaftServer$Division (RaftServerImpl.java:checkInconsistentAppendEntries(1319)) - omNode-1@group-523986131536: Failed appendEntries as previous log entry ((t:11, i:29)) is not found
2021-10-05 12:35:11,119 [grpc-default-executor-1] INFO  server.RaftServer$Division (RaftServerImpl.java:checkInconsistentAppendEntries(1285)) - omNode-1@group-523986131536: inconsistency entries. Reply:omNode-3<-omNode-1#10975:FAIL-t11,INCONSISTENCY,nextIndex=18,followerCommit=17
2021-10-05 12:35:11,120 [grpc-default-executor-1] INFO  leader.FollowerInfo (FollowerInfoImpl.java:lambda$new$0(46)) - omNode-3@group-523986131536->omNode-1: nextIndex: updateUnconditionally 30 -> 18
2021-10-05 12:35:11,622 [grpc-default-executor-1] INFO  server.RaftServer$Division (RaftServerImpl.java:checkInconsistentAppendEntries(1319)) - omNode-1@group-523986131536: Failed appendEntries as previous log entry ((t:11, i:29)) is not found
2021-10-05 12:35:11,622 [grpc-default-executor-1] INFO  server.RaftServer$Division (RaftServerImpl.java:checkInconsistentAppendEntries(1285)) - omNode-1@group-523986131536: inconsistency entries. Reply:omNode-3<-omNode-1#11026:FAIL-t11,INCONSISTENCY,nextIndex=18,followerCommit=17
2021-10-05 12:35:11,622 [grpc-default-executor-8] INFO  leader.FollowerInfo (FollowerInfoImpl.java:lambda$new$0(46)) - omNode-3@group-523986131536->omNode-1: nextIndex: updateUnconditionally 30 -> 18
2021-10-05 12:35:12,124 [grpc-default-executor-8] INFO  server.RaftServer$Division (RaftServerImpl.java:checkInconsistentAppendEntries(1319)) - omNode-1@group-523986131536: Failed appendEntries as previous log entry ((t:11, i:29)) is not found
2021-10-05 12:35:12,124 [grpc-default-executor-8] INFO  server.RaftServer$Division (RaftServerImpl.java:checkInconsistentAppendEntries(1285)) - omNode-1@group-523986131536: inconsistency entries. Reply:omNode-3<-omNode-1#11077:FAIL-t11,INCONSISTENCY,nextIndex=18,followerCommit=17
2021-10-05 12:35:12,125 [grpc-default-executor-8] INFO  leader.FollowerInfo (FollowerInfoImpl.java:lambda$new$0(46)) - omNode-3@group-523986131536->omNode-1: nextIndex: updateUnconditionally 30 -> 18
2021-10-05 12:35:12,626 [grpc-default-executor-8] INFO  server.RaftServer$Division (RaftServerImpl.java:checkInconsistentAppendEntries(1319)) - omNode-1@group-523986131536: Failed appendEntries as previous log entry ((t:11, i:29)) is not found
2021-10-05 12:35:12,626 [grpc-default-executor-8] INFO  server.RaftServer$Division (RaftServerImpl.java:checkInconsistentAppendEntries(1285)) - omNode-1@group-523986131536: inconsistency entries. Reply:omNode-3<-omNode-1#11128:FAIL-t11,INCONSISTENCY,nextIndex=18,followerCommit=17
2021-10-05 12:35:12,627 [grpc-default-executor-8] INFO  leader.FollowerInfo (FollowerInfoImpl.java:lambda$new$0(46)) - omNode-3@group-523986131536->omNode-1: nextIndex: updateUnconditionally 30 -> 18
2021-10-05 12:35:13,129 [grpc-default-executor-8] INFO  server.RaftServer$Division (RaftServerImpl.java:checkInconsistentAppendEntries(1319)) - omNode-1@group-523986131536: Failed appendEntries as previous log entry ((t:11, i:29)) is not found
2021-10-05 12:35:13,129 [grpc-default-executor-8] INFO  server.RaftServer$Division (RaftServerImpl.java:checkInconsistentAppendEntries(1285)) - omNode-1@group-523986131536: inconsistency entries. Reply:omNode-3<-omNode-1#11179:FAIL-t11,INCONSISTENCY,nextIndex=18,followerCommit=17
2021-10-05 12:35:13,129 [grpc-default-executor-8] INFO  leader.FollowerInfo (FollowerInfoImpl.java:lambda$new$0(46)) - omNode-3@group-523986131536->omNode-1: nextIndex: updateUnconditionally 30 -> 18
2021-10-05 12:35:13,630 [grpc-default-executor-1] INFO  server.RaftServer$Division (RaftServerImpl.java:checkInconsistentAppendEntries(1319)) - omNode-1@group-523986131536: Failed appendEntries as previous log entry ((t:11, i:29)) is not found
2021-10-05 12:35:13,630 [grpc-default-executor-1] INFO  server.RaftServer$Division (RaftServerImpl.java:checkInconsistentAppendEntries(1285)) - omNode-1@group-523986131536: inconsistency entries. Reply:omNode-3<-omNode-1#11230:FAIL-t11,INCONSISTENCY,nextIndex=18,followerCommit=17
2021-10-05 12:35:13,631 [grpc-default-executor-8] INFO  leader.FollowerInfo (FollowerInfoImpl.java:lambda$new$0(46)) - omNode-3@group-523986131536->omNode-1: nextIndex: updateUnconditionally 30 -> 18
2021-10-05 12:35:14,133 [grpc-default-executor-1] INFO  server.RaftServer$Division (RaftServerImpl.java:checkInconsistentAppendEntries(1319)) - omNode-1@group-523986131536: Failed appendEntries as previous log entry ((t:11, i:29)) is not found
2021-10-05 12:35:14,133 [grpc-default-executor-1] INFO  server.RaftServer$Division (RaftServerImpl.java:checkInconsistentAppendEntries(1285)) - omNode-1@group-523986131536: inconsistency entries. Reply:omNode-3<-omNode-1#11281:FAIL-t11,INCONSISTENCY,nextIndex=18,followerCommit=17
2021-10-05 12:35:14,133 [grpc-default-executor-1] INFO  leader.FollowerInfo (FollowerInfoImpl.java:lambda$new$0(46)) - omNode-3@group-523986131536->omNode-1: nextIndex: updateUnconditionally 30 -> 18
2021-10-05 12:35:14,635 [grpc-default-executor-1] INFO  server.RaftServer$Division (RaftServerImpl.java:checkInconsistentAppendEntries(1319)) - omNode-1@group-523986131536: Failed appendEntries as previous log entry ((t:11, i:29)) is not found
2021-10-05 12:35:14,636 [grpc-default-executor-1] INFO  server.RaftServer$Division (RaftServerImpl.java:checkInconsistentAppendEntries(1285)) - omNode-1@group-523986131536: inconsistency entries. Reply:omNode-3<-omNode-1#11332:FAIL-t11,INCONSISTENCY,nextIndex=18,followerCommit=17
2021-10-05 12:35:14,636 [grpc-default-executor-1] INFO  leader.FollowerInfo (FollowerInfoImpl.java:lambda$new$0(46)) - omNode-3@group-523986131536->omNode-1: nextIndex: updateUnconditionally 30 -> 18
2021-10-05 12:35:15,138 [grpc-default-executor-8] INFO  server.RaftServer$Division (RaftServerImpl.java:checkInconsistentAppendEntries(1319)) - omNode-1@group-523986131536: Failed appendEntries as previous log entry ((t:11, i:29)) is not found
2021-10-05 12:35:15,138 [grpc-default-executor-8] INFO  server.RaftServer$Division (RaftServerImpl.java:checkInconsistentAppendEntries(1285)) - omNode-1@group-523986131536: inconsistency entries. Reply:omNode-3<-omNode-1#11383:FAIL-t11,INCONSISTENCY,nextIndex=18,followerCommit=17
2021-10-05 12:35:15,139 [grpc-default-executor-1] INFO  leader.FollowerInfo (FollowerInfoImpl.java:lambda$new$0(46)) - omNode-3@group-523986131536->omNode-1: nextIndex: updateUnconditionally 30 -> 18
2021-10-05 12:35:15,642 [grpc-default-executor-1] INFO  server.RaftServer$Division (RaftServerImpl.java:checkInconsistentAppendEntries(1319)) - omNode-1@group-523986131536: Failed appendEntries as previous log entry ((t:11, i:29)) is not found
2021-10-05 12:35:15,642 [grpc-default-executor-1] INFO  server.RaftServer$Division (RaftServerImpl.java:checkInconsistentAppendEntries(1285)) - omNode-1@group-523986131536: inconsistency entries. Reply:omNode-3<-omNode-1#11434:FAIL-t11,INCONSISTENCY,nextIndex=18,followerCommit=17
2021-10-05 12:35:15,643 [grpc-default-executor-1] INFO  leader.FollowerInfo (FollowerInfoImpl.java:lambda$new$0(46)) - omNode-3@group-523986131536->omNode-1: nextIndex: updateUnconditionally 30 -> 18
2021-10-05 12:35:16,144 [grpc-default-executor-1] INFO  server.RaftServer$Division (RaftServerImpl.java:checkInconsistentAppendEntries(1319)) - omNode-1@group-523986131536: Failed appendEntries as previous log entry ((t:11, i:29)) is not found
2021-10-05 12:35:16,145 [grpc-default-executor-1] INFO  server.RaftServer$Division (RaftServerImpl.java:checkInconsistentAppendEntries(1285)) - omNode-1@group-523986131536: inconsistency entries. Reply:omNode-3<-omNode-1#11485:FAIL-t11,INCONSISTENCY,nextIndex=18,followerCommit=17
2021-10-05 12:35:16,145 [grpc-default-executor-8] INFO  leader.FollowerInfo (FollowerInfoImpl.java:lambda$new$0(46)) - omNode-3@group-523986131536->omNode-1: nextIndex: updateUnconditionally 30 -> 18
2021-10-05 12:35:16,646 [grpc-default-executor-1] INFO  server.RaftServer$Division (RaftServerImpl.java:checkInconsistentAppendEntries(1319)) - omNode-1@group-523986131536: Failed appendEntries as previous log entry ((t:11, i:29)) is not found
2021-10-05 12:35:16,647 [grpc-default-executor-1] INFO  server.RaftServer$Division (RaftServerImpl.java:checkInconsistentAppendEntries(1285)) - omNode-1@group-523986131536: inconsistency entries. Reply:omNode-3<-omNode-1#11536:FAIL-t11,INCONSISTENCY,nextIndex=18,followerCommit=17
2021-10-05 12:35:16,647 [grpc-default-executor-1] INFO  leader.FollowerInfo (FollowerInfoImpl.java:lambda$new$0(46)) - omNode-3@group-523986131536->omNode-1: nextIndex: updateUnconditionally 30 -> 18
2021-10-05 12:35:17,149 [grpc-default-executor-1] INFO  server.RaftServer$Division (RaftServerImpl.java:checkInconsistentAppendEntries(1319)) - omNode-1@group-523986131536: Failed appendEntries as previous log entry ((t:11, i:29)) is not found
2021-10-05 12:35:17,149 [grpc-default-executor-1] INFO  server.RaftServer$Division (RaftServerImpl.java:checkInconsistentAppendEntries(1285)) - omNode-1@group-523986131536: inconsistency entries. Reply:omNode-3<-omNode-1#11587:FAIL-t11,INCONSISTENCY,nextIndex=18,followerCommit=17
2021-10-05 12:35:17,150 [grpc-default-executor-1] INFO  leader.FollowerInfo (FollowerInfoImpl.java:lambda$new$0(46)) - omNode-3@group-523986131536->omNode-1: nextIndex: updateUnconditionally 30 -> 18
2021-10-05 12:35:17,651 [grpc-default-executor-8] INFO  server.RaftServer$Division (RaftServerImpl.java:checkInconsistentAppendEntries(1319)) - omNode-1@group-523986131536: Failed appendEntries as previous log entry ((t:11, i:29)) is not found
2021-10-05 12:35:17,651 [grpc-default-executor-8] INFO  server.RaftServer$Division (RaftServerImpl.java:checkInconsistentAppendEntries(1285)) - omNode-1@group-523986131536: inconsistency entries. Reply:omNode-3<-omNode-1#11638:FAIL-t11,INCONSISTENCY,nextIndex=18,followerCommit=17
2021-10-05 12:35:17,651 [grpc-default-executor-8] INFO  leader.FollowerInfo (FollowerInfoImpl.java:lambda$new$0(46)) - omNode-3@group-523986131536->omNode-1: nextIndex: updateUnconditionally 30 -> 18
2021-10-05 12:35:18,153 [grpc-default-executor-1] INFO  server.RaftServer$Division (RaftServerImpl.java:checkInconsistentAppendEntries(1319)) - omNode-1@group-523986131536: Failed appendEntries as previous log entry ((t:11, i:29)) is not found
2021-10-05 12:35:18,153 [grpc-default-executor-1] INFO  server.RaftServer$Division (RaftServerImpl.java:checkInconsistentAppendEntries(1285)) - omNode-1@group-523986131536: inconsistency entries. Reply:omNode-3<-omNode-1#11689:FAIL-t11,INCONSISTENCY,nextIndex=18,followerCommit=17
2021-10-05 12:35:18,154 [grpc-default-executor-1] INFO  leader.FollowerInfo (FollowerInfoImpl.java:lambda$new$0(46)) - omNode-3@group-523986131536->omNode-1: nextIndex: updateUnconditionally 30 -> 18
2021-10-05 12:35:18,655 [grpc-default-executor-8] INFO  server.RaftServer$Division (RaftServerImpl.java:checkInconsistentAppendEntries(1319)) - omNode-1@group-523986131536: Failed appendEntries as previous log entry ((t:11, i:29)) is not found
2021-10-05 12:35:18,656 [grpc-default-executor-8] INFO  server.RaftServer$Division (RaftServerImpl.java:checkInconsistentAppendEntries(1285)) - omNode-1@group-523986131536: inconsistency entries. Reply:omNode-3<-omNode-1#11740:FAIL-t11,INCONSISTENCY,nextIndex=18,followerCommit=17
2021-10-05 12:35:18,656 [grpc-default-executor-1] INFO  leader.FollowerInfo (FollowerInfoImpl.java:lambda$new$0(46)) - omNode-3@group-523986131536->omNode-1: nextIndex: updateUnconditionally 30 -> 18
2021-10-05 12:35:19,158 [grpc-default-executor-8] INFO  server.RaftServer$Division (RaftServerImpl.java:checkInconsistentAppendEntries(1319)) - omNode-1@group-523986131536: Failed appendEntries as previous log entry ((t:11, i:29)) is not found
2021-10-05 12:35:19,158 [grpc-default-executor-8] INFO  server.RaftServer$Division (RaftServerImpl.java:checkInconsistentAppendEntries(1285)) - omNode-1@group-523986131536: inconsistency entries. Reply:omNode-3<-omNode-1#11791:FAIL-t11,INCONSISTENCY,nextIndex=18,followerCommit=17
2021-10-05 12:35:19,158 [grpc-default-executor-1] INFO  leader.FollowerInfo (FollowerInfoImpl.java:lambda$new$0(46)) - omNode-3@group-523986131536->omNode-1: nextIndex: updateUnconditionally 30 -> 18
2021-10-05 12:35:19,660 [grpc-default-executor-1] INFO  server.RaftServer$Division (RaftServerImpl.java:checkInconsistentAppendEntries(1319)) - omNode-1@group-523986131536: Failed appendEntries as previous log entry ((t:11, i:29)) is not found
2021-10-05 12:35:19,660 [grpc-default-executor-1] INFO  server.RaftServer$Division (RaftServerImpl.java:checkInconsistentAppendEntries(1285)) - omNode-1@group-523986131536: inconsistency entries. Reply:omNode-3<-omNode-1#11842:FAIL-t11,INCONSISTENCY,nextIndex=18,followerCommit=17
2021-10-05 12:35:19,660 [grpc-default-executor-8] INFO  leader.FollowerInfo (FollowerInfoImpl.java:lambda$new$0(46)) - omNode-3@group-523986131536->omNode-1: nextIndex: updateUnconditionally 30 -> 18
2021-10-05 12:35:20,162 [grpc-default-executor-8] INFO  server.RaftServer$Division (RaftServerImpl.java:checkInconsistentAppendEntries(1319)) - omNode-1@group-523986131536: Failed appendEntries as previous log entry ((t:11, i:29)) is not found
2021-10-05 12:35:20,162 [grpc-default-executor-8] INFO  server.RaftServer$Division (RaftServerImpl.java:checkInconsistentAppendEntries(1285)) - omNode-1@group-523986131536: inconsistency entries. Reply:omNode-3<-omNode-1#11893:FAIL-t11,INCONSISTENCY,nextIndex=18,followerCommit=17
2021-10-05 12:35:20,162 [grpc-default-executor-1] INFO  leader.FollowerInfo (FollowerInfoImpl.java:lambda$new$0(46)) - omNode-3@group-523986131536->omNode-1: nextIndex: updateUnconditionally 30 -> 18
2021-10-05 12:35:20,664 [grpc-default-executor-8] INFO  server.RaftServer$Division (RaftServerImpl.java:checkInconsistentAppendEntries(1319)) - omNode-1@group-523986131536: Failed appendEntries as previous log entry ((t:11, i:29)) is not found
2021-10-05 12:35:20,664 [grpc-default-executor-8] INFO  server.RaftServer$Division (RaftServerImpl.java:checkInconsistentAppendEntries(1285)) - omNode-1@group-523986131536: inconsistency entries. Reply:omNode-3<-omNode-1#11944:FAIL-t11,INCONSISTENCY,nextIndex=18,followerCommit=17
2021-10-05 12:35:20,665 [grpc-default-executor-8] INFO  leader.FollowerInfo (FollowerInfoImpl.java:lambda$new$0(46)) - omNode-3@group-523986131536->omNode-1: nextIndex: updateUnconditionally 30 -> 18
2021-10-05 12:35:21,167 [grpc-default-executor-1] INFO  server.RaftServer$Division (RaftServerImpl.java:checkInconsistentAppendEntries(1319)) - omNode-1@group-523986131536: Failed appendEntries as previous log entry ((t:11, i:29)) is not found
2021-10-05 12:35:21,167 [grpc-default-executor-1] INFO  server.RaftServer$Division (RaftServerImpl.java:checkInconsistentAppendEntries(1285)) - omNode-1@group-523986131536: inconsistency entries. Reply:omNode-3<-omNode-1#11995:FAIL-t11,INCONSISTENCY,nextIndex=18,followerCommit=17
2021-10-05 12:35:21,168 [grpc-default-executor-1] INFO  leader.FollowerInfo (FollowerInfoImpl.java:lambda$new$0(46)) - omNode-3@group-523986131536->omNode-1: nextIndex: updateUnconditionally 30 -> 18
2021-10-05 12:35:21,670 [grpc-default-executor-8] INFO  server.RaftServer$Division (RaftServerImpl.java:checkInconsistentAppendEntries(1319)) - omNode-1@group-523986131536: Failed appendEntries as previous log entry ((t:11, i:29)) is not found
2021-10-05 12:35:21,670 [grpc-default-executor-8] INFO  server.RaftServer$Division (RaftServerImpl.java:checkInconsistentAppendEntries(1285)) - omNode-1@group-523986131536: inconsistency entries. Reply:omNode-3<-omNode-1#12046:FAIL-t11,INCONSISTENCY,nextIndex=18,followerCommit=17
2021-10-05 12:35:21,670 [grpc-default-executor-1] INFO  leader.FollowerInfo (FollowerInfoImpl.java:lambda$new$0(46)) - omNode-3@group-523986131536->omNode-1: nextIndex: updateUnconditionally 30 -> 18
2021-10-05 12:35:22,172 [grpc-default-executor-1] INFO  server.RaftServer$Division (RaftServerImpl.java:checkInconsistentAppendEntries(1319)) - omNode-1@group-523986131536: Failed appendEntries as previous log entry ((t:11, i:29)) is not found
2021-10-05 12:35:22,172 [grpc-default-executor-1] INFO  server.RaftServer$Division (RaftServerImpl.java:checkInconsistentAppendEntries(1285)) - omNode-1@group-523986131536: inconsistency entries. Reply:omNode-3<-omNode-1#12097:FAIL-t11,INCONSISTENCY,nextIndex=18,followerCommit=17
2021-10-05 12:35:22,172 [grpc-default-executor-1] INFO  leader.FollowerInfo (FollowerInfoImpl.java:lambda$new$0(46)) - omNode-3@group-523986131536->omNode-1: nextIndex: updateUnconditionally 30 -> 18
2021-10-05 12:35:22,673 [grpc-default-executor-1] INFO  server.RaftServer$Division (RaftServerImpl.java:checkInconsistentAppendEntries(1319)) - omNode-1@group-523986131536: Failed appendEntries as previous log entry ((t:11, i:29)) is not found
2021-10-05 12:35:22,674 [grpc-default-executor-1] INFO  server.RaftServer$Division (RaftServerImpl.java:checkInconsistentAppendEntries(1285)) - omNode-1@group-523986131536: inconsistency entries. Reply:omNode-3<-omNode-1#12148:FAIL-t11,INCONSISTENCY,nextIndex=18,followerCommit=17
2021-10-05 12:35:22,674 [grpc-default-executor-8] INFO  leader.FollowerInfo (FollowerInfoImpl.java:lambda$new$0(46)) - omNode-3@group-523986131536->omNode-1: nextIndex: updateUnconditionally 30 -> 18
2021-10-05 12:35:23,176 [grpc-default-executor-6] INFO  server.RaftServer$Division (RaftServerImpl.java:checkInconsistentAppendEntries(1319)) - omNode-1@group-523986131536: Failed appendEntries as previous log entry ((t:11, i:29)) is not found
2021-10-05 12:35:23,176 [grpc-default-executor-6] INFO  server.RaftServer$Division (RaftServerImpl.java:checkInconsistentAppendEntries(1285)) - omNode-1@group-523986131536: inconsistency entries. Reply:omNode-3<-omNode-1#12199:FAIL-t11,INCONSISTENCY,nextIndex=18,followerCommit=17
2021-10-05 12:35:23,176 [grpc-default-executor-6] INFO  leader.FollowerInfo (FollowerInfoImpl.java:lambda$new$0(46)) - omNode-3@group-523986131536->omNode-1: nextIndex: updateUnconditionally 30 -> 18
2021-10-05 12:35:23,678 [grpc-default-executor-8] INFO  server.RaftServer$Division (RaftServerImpl.java:checkInconsistentAppendEntries(1319)) - omNode-1@group-523986131536: Failed appendEntries as previous log entry ((t:11, i:29)) is not found
2021-10-05 12:35:23,678 [grpc-default-executor-8] INFO  server.RaftServer$Division (RaftServerImpl.java:checkInconsistentAppendEntries(1285)) - omNode-1@group-523986131536: inconsistency entries. Reply:omNode-3<-omNode-1#12250:FAIL-t11,INCONSISTENCY,nextIndex=18,followerCommit=17
2021-10-05 12:35:23,678 [grpc-default-executor-8] INFO  leader.FollowerInfo (FollowerInfoImpl.java:lambda$new$0(46)) - omNode-3@group-523986131536->omNode-1: nextIndex: updateUnconditionally 30 -> 18
2021-10-05 12:35:24,116 [Time-limited test] INFO  om.OzoneManager (OzoneManager.java:stop(1644)) - Stopping Ozone Manager
2021-10-05 12:35:24,117 [Time-limited test] INFO  ipc.Server (Server.java:stop(3414)) - Stopping server on 10612
2021-10-05 12:35:24,121 [IPC Server Responder] INFO  ipc.Server (Server.java:run(1512)) - Stopping IPC Server Responder
2021-10-05 12:35:24,121 [Time-limited test] INFO  server.RaftServer (RaftServerProxy.java:lambda$close$6(391)) - omNode-3: close
2021-10-05 12:35:24,121 [Time-limited test] INFO  server.RaftServer$Division (RaftServerImpl.java:lambda$close$4(407)) - omNode-3@group-523986131536: shutdown
2021-10-05 12:35:24,121 [Time-limited test] INFO  util.JmxRegister (JmxRegister.java:unregister(73)) - Successfully un-registered JMX Bean with object name Ratis:service=RaftServer,group=group-523986131536,id=omNode-3
2021-10-05 12:35:24,121 [Time-limited test] INFO  impl.RoleInfo (RoleInfo.java:shutdownLeaderState(91)) - omNode-3: shutdown omNode-3@group-523986131536-LeaderStateImpl
2021-10-05 12:35:24,121 [IPC Server listener on 10612] INFO  ipc.Server (Server.java:run(1376)) - Stopping IPC Server listener on 10612
2021-10-05 12:35:24,122 [Time-limited test] INFO  impl.PendingRequests (PendingRequests.java:sendNotLeaderResponses(282)) - omNode-3@group-523986131536-PendingRequests: sendNotLeaderResponses
2021-10-05 12:35:24,124 [omNode-3@group-523986131536->omNode-2-GrpcLogAppender-LogAppenderDaemon] WARN  server.GrpcLogAppender (GrpcLogAppender.java:mayWait(175)) - omNode-3@group-523986131536->omNode-2-GrpcLogAppender: Wait interrupted by java.lang.InterruptedException
2021-10-05 12:35:24,125 [grpc-default-executor-6] INFO  server.GrpcServerProtocolService (GrpcServerProtocolService.java:onCompleted(140)) - omNode-2: Completed APPEND_ENTRIES, lastRequest: omNode-3->omNode-2#57-t11,previous=(t:11, i:28),leaderCommit=28,initializing? true,entries: size=1, first=(t:11, i:29), METADATAENTRY(c:28)
2021-10-05 12:35:24,126 [grpc-default-executor-8] INFO  server.GrpcLogAppender (GrpcLogAppender.java:onCompleted(344)) - omNode-3@group-523986131536->omNode-2-AppendLogResponseHandler: follower responses appendEntries COMPLETED
2021-10-05 12:35:24,126 [grpc-default-executor-8] INFO  leader.FollowerInfo (FollowerInfoImpl.java:lambda$new$0(46)) - omNode-3@group-523986131536->omNode-2: nextIndex: updateUnconditionally 30 -> 29
2021-10-05 12:35:24,127 [omNode-3@group-523986131536->omNode-1-GrpcLogAppender-LogAppenderDaemon] WARN  server.GrpcLogAppender (GrpcLogAppender.java:mayWait(175)) - omNode-3@group-523986131536->omNode-1-GrpcLogAppender: Wait interrupted by java.lang.InterruptedException
2021-10-05 12:35:24,127 [grpc-default-executor-6] INFO  server.GrpcServerProtocolService (GrpcServerProtocolService.java:onCompleted(140)) - omNode-1: Completed APPEND_ENTRIES, lastRequest: omNode-3->omNode-1#12251-t11,previous=(t:0, i:0),leaderCommit=12,initializing? false,entries: size=12, first=(t:3, i:18), CONFIGURATIONENTRY
2021-10-05 12:35:24,127 [grpc-default-executor-8] INFO  server.GrpcLogAppender (GrpcLogAppender.java:onCompleted(344)) - omNode-3@group-523986131536->omNode-1-AppendLogResponseHandler: follower responses appendEntries COMPLETED
2021-10-05 12:35:24,127 [grpc-default-executor-8] INFO  leader.FollowerInfo (FollowerInfoImpl.java:lambda$new$0(46)) - omNode-3@group-523986131536->omNode-1: nextIndex: updateUnconditionally 30 -> 18
2021-10-05 12:35:24,132 [Time-limited test] INFO  impl.StateMachineUpdater (StateMachineUpdater.java:stopAndJoin(149)) - omNode-3@group-523986131536-StateMachineUpdater: set stopIndex = 29
2021-10-05 12:35:24,132 [omNode-3@group-523986131536-StateMachineUpdater] INFO  ratis.OzoneManagerStateMachine (OzoneManagerStateMachine.java:takeSnapshot(417)) - Current Snapshot Index (t:11, i:29)
2021-10-05 12:35:24,132 [omNode-3@group-523986131536-StateMachineUpdater] INFO  impl.StateMachineUpdater (StateMachineUpdater.java:takeSnapshot(281)) - omNode-3@group-523986131536-StateMachineUpdater: Took a snapshot at index 29
2021-10-05 12:35:24,132 [omNode-3@group-523986131536-StateMachineUpdater] INFO  impl.StateMachineUpdater (StateMachineUpdater.java:lambda$new$0(89)) - omNode-3@group-523986131536-StateMachineUpdater: snapshotIndex: updateIncreasingly 25 -> 29
2021-10-05 12:35:24,132 [omNode-3@group-523986131536-StateMachineUpdater] INFO  ratis.OzoneManagerStateMachine (OzoneManagerStateMachine.java:close(471)) - StateMachine has shutdown. Shutdown OzoneManager if not already shutdown.
2021-10-05 12:35:24,132 [Time-limited test] INFO  server.RaftServer$Division (ServerState.java:close(419)) - omNode-3@group-523986131536: closes. applyIndex: 29
2021-10-05 12:35:24,133 [omNode-3@group-523986131536-SegmentedRaftLogWorker] INFO  segmented.SegmentedRaftLogWorker (SegmentedRaftLogWorker.java:run(327)) - omNode-3@group-523986131536-SegmentedRaftLogWorker was interrupted, exiting. There are 0 tasks remaining in the queue.
2021-10-05 12:35:24,134 [Time-limited test] INFO  segmented.SegmentedRaftLogWorker (SegmentedRaftLogWorker.java:close(237)) - omNode-3@group-523986131536-SegmentedRaftLogWorker close()
2021-10-05 12:35:24,135 [Time-limited test] INFO  server.GrpcService (GrpcService.java:closeImpl(262)) - omNode-3: shutdown server with port 10616 now
2021-10-05 12:35:24,969 [omNode-1@group-523986131536-FollowerState] INFO  impl.FollowerState (FollowerState.java:run(134)) - omNode-1@group-523986131536-FollowerState: change to CANDIDATE, lastRpcElapsedTime:1290694274ns, electionTimeout:1013ms
2021-10-05 12:35:24,969 [omNode-1@group-523986131536-FollowerState] INFO  impl.RoleInfo (RoleInfo.java:shutdownFollowerState(108)) - omNode-1: shutdown omNode-1@group-523986131536-FollowerState
2021-10-05 12:35:24,969 [omNode-1@group-523986131536-FollowerState] INFO  server.RaftServer$Division (RaftServerImpl.java:setRole(285)) - omNode-1@group-523986131536: changes role from  FOLLOWER to CANDIDATE at term 11 for changeToCandidate
2021-10-05 12:35:24,969 [omNode-1@group-523986131536-FollowerState] INFO  server.RaftServerConfigKeys (ConfUtils.java:logGet(44)) - raft.server.leaderelection.pre-vote = false (custom)
2021-10-05 12:35:24,970 [omNode-1@group-523986131536-FollowerState] INFO  impl.RoleInfo (RoleInfo.java:updateAndGet(130)) - omNode-1: start omNode-1@group-523986131536-LeaderElection29
2021-10-05 12:35:24,971 [omNode-1@group-523986131536-LeaderElection29] INFO  server.RaftServer$Division (ServerState.java:setLeader(285)) - omNode-1@group-523986131536: change Leader from omNode-3 to null at term 11 for ELECTION
2021-10-05 12:35:24,974 [omNode-1@group-523986131536-LeaderElection29] INFO  impl.LeaderElection (LeaderElection.java:askForVotes(306)) - omNode-1@group-523986131536-LeaderElection29 ELECTION round 0: submit vote requests at term 12 for 26: [omNode-3|rpc:localhost:10616|admin:|client:|dataStream:|priority:0, omNode-1|rpc:localhost:10604|admin:|client:|dataStream:|priority:0, omNode-2|rpc:localhost:10610|admin:|client:|dataStream:|priority:0], old=null
2021-10-05 12:35:24,984 [omNode-1@group-523986131536-LeaderElection29] INFO  impl.LeaderElection (LogUtils.java:infoOrTrace(137)) - omNode-1@group-523986131536-LeaderElection29 got exception when requesting votes: java.util.concurrent.ExecutionException: org.apache.ratis.thirdparty.io.grpc.StatusRuntimeException: UNAVAILABLE: io exception
2021-10-05 12:35:24,992 [grpc-default-executor-6] INFO  server.RaftServer$Division (RaftServerImpl.java:requestVote(1043)) - omNode-2@group-523986131536: receive requestVote(ELECTION, omNode-1, group-523986131536, 12, (t:2, i:17))
2021-10-05 12:35:24,992 [grpc-default-executor-6] INFO  impl.VoteContext (VoteContext.java:log(48)) - omNode-2@group-523986131536-FOLLOWER: reject ELECTION from omNode-1: our last entry (t:11, i:29) > candidate's last entry (t:2, i:17)
2021-10-05 12:35:24,992 [grpc-default-executor-6] INFO  server.RaftServer$Division (ServerState.java:setLeader(285)) - omNode-2@group-523986131536: change Leader from omNode-3 to null at term 12 for updateCurrentTerm
2021-10-05 12:35:24,992 [grpc-default-executor-6] INFO  server.RaftServer$Division (RaftServerImpl.java:setRole(285)) - omNode-2@group-523986131536: changes role from  FOLLOWER to FOLLOWER at term 12 for candidate:omNode-1
2021-10-05 12:35:24,992 [grpc-default-executor-6] INFO  impl.RoleInfo (RoleInfo.java:shutdownFollowerState(108)) - omNode-2: shutdown omNode-2@group-523986131536-FollowerState
2021-10-05 12:35:24,992 [grpc-default-executor-6] INFO  impl.RoleInfo (RoleInfo.java:updateAndGet(130)) - omNode-2: start omNode-2@group-523986131536-FollowerState
2021-10-05 12:35:24,992 [omNode-2@group-523986131536-FollowerState] INFO  impl.FollowerState (FollowerState.java:run(143)) - omNode-2@group-523986131536-FollowerState was interrupted: {}
java.lang.InterruptedException: sleep interrupted
	at java.lang.Thread.sleep(Native Method)
	at java.lang.Thread.sleep(Thread.java:340)
	at java.util.concurrent.TimeUnit.sleep(TimeUnit.java:386)
	at org.apache.ratis.util.TimeDuration.sleep(TimeDuration.java:324)
	at org.apache.ratis.util.TimeDuration.sleep(TimeDuration.java:309)
	at org.apache.ratis.server.impl.FollowerState.run(FollowerState.java:118)
2021-10-05 12:35:24,997 [grpc-default-executor-6] INFO  server.RaftServer$Division (RaftServerImpl.java:requestVote(1075)) - omNode-2@group-523986131536 replies to ELECTION vote request: omNode-1<-omNode-2#0:FAIL-t12. Peer's state: omNode-2@group-523986131536:t12, leader=null, voted=null, raftlog=omNode-2@group-523986131536-SegmentedRaftLog:OPENED:c29,f29,i29, conf=26: [omNode-3|rpc:localhost:10616|admin:|client:|dataStream:|priority:0, omNode-1|rpc:localhost:10604|admin:|client:|dataStream:|priority:0, omNode-2|rpc:localhost:10610|admin:|client:|dataStream:|priority:0], old=null
2021-10-05 12:35:24,998 [omNode-1@group-523986131536-LeaderElection29] INFO  impl.LeaderElection (LeaderElection.java:logAndReturn(89)) - omNode-1@group-523986131536-LeaderElection29: ELECTION REJECTED received 1 response(s) and 1 exception(s):
2021-10-05 12:35:24,998 [omNode-1@group-523986131536-LeaderElection29] INFO  impl.LeaderElection (LeaderElection.java:logAndReturn(93)) -   Response 0: omNode-1<-omNode-2#0:FAIL-t12
2021-10-05 12:35:24,998 [omNode-1@group-523986131536-LeaderElection29] INFO  impl.LeaderElection (LogUtils.java:infoOrTrace(137)) -   Exception 1: java.util.concurrent.ExecutionException: org.apache.ratis.thirdparty.io.grpc.StatusRuntimeException: UNAVAILABLE: io exception
2021-10-05 12:35:24,998 [omNode-1@group-523986131536-LeaderElection29] INFO  impl.LeaderElection (LeaderElection.java:askForVotes(308)) - omNode-1@group-523986131536-LeaderElection29 ELECTION round 0: result REJECTED
2021-10-05 12:35:24,998 [omNode-1@group-523986131536-LeaderElection29] INFO  server.RaftServer$Division (RaftServerImpl.java:setRole(285)) - omNode-1@group-523986131536: changes role from CANDIDATE to FOLLOWER at term 12 for REJECTED
2021-10-05 12:35:24,998 [omNode-1@group-523986131536-LeaderElection29] INFO  impl.RoleInfo (RoleInfo.java:shutdownLeaderElection(121)) - omNode-1: shutdown omNode-1@group-523986131536-LeaderElection29
2021-10-05 12:35:24,999 [omNode-1@group-523986131536-LeaderElection29] INFO  impl.RoleInfo (RoleInfo.java:updateAndGet(130)) - omNode-1: start omNode-1@group-523986131536-FollowerState
2021-10-05 12:35:26,081 [omNode-2@group-523986131536-FollowerState] INFO  impl.FollowerState (FollowerState.java:run(134)) - omNode-2@group-523986131536-FollowerState: change to CANDIDATE, lastRpcElapsedTime:1088373944ns, electionTimeout:1084ms
2021-10-05 12:35:26,081 [omNode-2@group-523986131536-FollowerState] INFO  impl.RoleInfo (RoleInfo.java:shutdownFollowerState(108)) - omNode-2: shutdown omNode-2@group-523986131536-FollowerState
2021-10-05 12:35:26,081 [omNode-2@group-523986131536-FollowerState] INFO  server.RaftServer$Division (RaftServerImpl.java:setRole(285)) - omNode-2@group-523986131536: changes role from  FOLLOWER to CANDIDATE at term 12 for changeToCandidate
2021-10-05 12:35:26,081 [omNode-2@group-523986131536-FollowerState] INFO  server.RaftServerConfigKeys (ConfUtils.java:logGet(44)) - raft.server.leaderelection.pre-vote = false (custom)
2021-10-05 12:35:26,081 [omNode-2@group-523986131536-FollowerState] INFO  impl.RoleInfo (RoleInfo.java:updateAndGet(130)) - omNode-2: start omNode-2@group-523986131536-LeaderElection30
2021-10-05 12:35:26,085 [omNode-2@group-523986131536-LeaderElection30] INFO  impl.LeaderElection (LeaderElection.java:askForVotes(306)) - omNode-2@group-523986131536-LeaderElection30 ELECTION round 0: submit vote requests at term 13 for 26: [omNode-3|rpc:localhost:10616|admin:|client:|dataStream:|priority:0, omNode-1|rpc:localhost:10604|admin:|client:|dataStream:|priority:0, omNode-2|rpc:localhost:10610|admin:|client:|dataStream:|priority:0], old=null
2021-10-05 12:35:26,092 [omNode-2@group-523986131536-LeaderElection30] INFO  impl.LeaderElection (LogUtils.java:infoOrTrace(137)) - omNode-2@group-523986131536-LeaderElection30 got exception when requesting votes: java.util.concurrent.ExecutionException: org.apache.ratis.thirdparty.io.grpc.StatusRuntimeException: UNAVAILABLE: io exception
2021-10-05 12:35:26,093 [grpc-default-executor-8] INFO  server.RaftServer$Division (RaftServerImpl.java:requestVote(1043)) - omNode-1@group-523986131536: receive requestVote(ELECTION, omNode-2, group-523986131536, 13, (t:11, i:29))
2021-10-05 12:35:26,093 [grpc-default-executor-8] INFO  impl.VoteContext (VoteContext.java:log(48)) - omNode-1@group-523986131536-FOLLOWER: accept ELECTION from omNode-2: our last entry (t:2, i:17) < candidate's last entry (t:11, i:29)
2021-10-05 12:35:26,093 [grpc-default-executor-8] INFO  server.RaftServer$Division (RaftServerImpl.java:setRole(285)) - omNode-1@group-523986131536: changes role from  FOLLOWER to FOLLOWER at term 13 for candidate:omNode-2
2021-10-05 12:35:26,093 [grpc-default-executor-8] INFO  impl.RoleInfo (RoleInfo.java:shutdownFollowerState(108)) - omNode-1: shutdown omNode-1@group-523986131536-FollowerState
2021-10-05 12:35:26,094 [grpc-default-executor-8] INFO  impl.RoleInfo (RoleInfo.java:updateAndGet(130)) - omNode-1: start omNode-1@group-523986131536-FollowerState
2021-10-05 12:35:26,094 [omNode-1@group-523986131536-FollowerState] INFO  impl.FollowerState (FollowerState.java:run(143)) - omNode-1@group-523986131536-FollowerState was interrupted: {}
java.lang.InterruptedException: sleep interrupted
	at java.lang.Thread.sleep(Native Method)
	at java.lang.Thread.sleep(Thread.java:340)
	at java.util.concurrent.TimeUnit.sleep(TimeUnit.java:386)
	at org.apache.ratis.util.TimeDuration.sleep(TimeDuration.java:324)
	at org.apache.ratis.util.TimeDuration.sleep(TimeDuration.java:309)
	at org.apache.ratis.server.impl.FollowerState.run(FollowerState.java:118)
2021-10-05 12:35:26,101 [grpc-default-executor-8] INFO  server.RaftServer$Division (RaftServerImpl.java:requestVote(1075)) - omNode-1@group-523986131536 replies to ELECTION vote request: omNode-2<-omNode-1#0:OK-t13. Peer's state: omNode-1@group-523986131536:t13, leader=null, voted=omNode-2, raftlog=omNode-1@group-523986131536-SegmentedRaftLog:OPENED:c17,f17,i0, conf=26: [omNode-3|rpc:localhost:10616|admin:|client:|dataStream:|priority:0, omNode-1|rpc:localhost:10604|admin:|client:|dataStream:|priority:0, omNode-2|rpc:localhost:10610|admin:|client:|dataStream:|priority:0], old=null
2021-10-05 12:35:26,102 [omNode-2@group-523986131536-LeaderElection30] INFO  impl.LeaderElection (LeaderElection.java:logAndReturn(89)) - omNode-2@group-523986131536-LeaderElection30: ELECTION PASSED received 1 response(s) and 1 exception(s):
2021-10-05 12:35:26,102 [omNode-2@group-523986131536-LeaderElection30] INFO  impl.LeaderElection (LeaderElection.java:logAndReturn(93)) -   Response 0: omNode-2<-omNode-1#0:OK-t13
2021-10-05 12:35:26,102 [omNode-2@group-523986131536-LeaderElection30] INFO  impl.LeaderElection (LogUtils.java:infoOrTrace(137)) -   Exception 1: java.util.concurrent.ExecutionException: org.apache.ratis.thirdparty.io.grpc.StatusRuntimeException: UNAVAILABLE: io exception
2021-10-05 12:35:26,102 [omNode-2@group-523986131536-LeaderElection30] INFO  impl.LeaderElection (LeaderElection.java:askForVotes(308)) - omNode-2@group-523986131536-LeaderElection30 ELECTION round 0: result PASSED
2021-10-05 12:35:26,102 [omNode-2@group-523986131536-LeaderElection30] INFO  impl.RoleInfo (RoleInfo.java:shutdownLeaderElection(121)) - omNode-2: shutdown omNode-2@group-523986131536-LeaderElection30
2021-10-05 12:35:26,102 [omNode-2@group-523986131536-LeaderElection30] INFO  server.RaftServer$Division (RaftServerImpl.java:setRole(285)) - omNode-2@group-523986131536: changes role from CANDIDATE to LEADER at term 13 for changeToLeader
2021-10-05 12:35:26,102 [omNode-2@group-523986131536-LeaderElection30] INFO  server.RaftServer$Division (ServerState.java:setLeader(285)) - omNode-2@group-523986131536: change Leader from null to omNode-2 at term 13 for becomeLeader, leader elected after 1109ms
2021-10-05 12:35:26,102 [omNode-2@group-523986131536-LeaderElection30] INFO  server.RaftServerConfigKeys (ConfUtils.java:logGet(44)) - raft.server.staging.catchup.gap = 1000 (default)
2021-10-05 12:35:26,102 [omNode-2@group-523986131536-LeaderElection30] INFO  server.RaftServerConfigKeys (ConfUtils.java:logGet(44)) - raft.server.write.element-limit = 4096 (default)
2021-10-05 12:35:26,102 [omNode-2@group-523986131536-LeaderElection30] INFO  server.RaftServerConfigKeys (ConfUtils.java:logGet(44)) - raft.server.write.byte-limit = 64MB (=67108864) (default)
2021-10-05 12:35:26,103 [omNode-2@group-523986131536-LeaderElection30] INFO  server.RaftServerConfigKeys (ConfUtils.java:logGet(44)) - raft.server.watch.timeout = 10s (default)
2021-10-05 12:35:26,103 [omNode-2@group-523986131536-LeaderElection30] INFO  server.RaftServerConfigKeys (ConfUtils.java:logGet(44)) - raft.server.watch.timeout.denomination = 1s (default)
2021-10-05 12:35:26,103 [omNode-2@group-523986131536-LeaderElection30] INFO  server.RaftServerConfigKeys (ConfUtils.java:logGet(44)) - raft.server.watch.element-limit = 65536 (default)
2021-10-05 12:35:26,103 [omNode-2@group-523986131536-LeaderElection30] INFO  server.RaftServerConfigKeys (ConfUtils.java:logGet(44)) - raft.server.log.appender.snapshot.chunk.size.max = 16MB (=16777216) (default)
2021-10-05 12:35:26,103 [omNode-2@group-523986131536-LeaderElection30] INFO  server.RaftServerConfigKeys (ConfUtils.java:logGet(44)) - raft.server.log.appender.buffer.byte-limit = 33554432 (custom)
2021-10-05 12:35:26,103 [omNode-2@group-523986131536-LeaderElection30] INFO  server.RaftServerConfigKeys (ConfUtils.java:logGet(44)) - raft.server.log.appender.buffer.element-limit = 1024 (custom)
2021-10-05 12:35:26,103 [omNode-2@group-523986131536-LeaderElection30] INFO  grpc.GrpcConfigKeys (ConfUtils.java:logGet(44)) - raft.grpc.server.leader.outstanding.appends.max = 128 (default)
2021-10-05 12:35:26,103 [omNode-2@group-523986131536-LeaderElection30] INFO  server.RaftServerConfigKeys (ConfUtils.java:logGet(44)) - raft.server.rpc.request.timeout = 3000ms (default)
2021-10-05 12:35:26,103 [omNode-2@group-523986131536-LeaderElection30] INFO  server.RaftServerConfigKeys (ConfUtils.java:logGet(44)) - raft.server.log.appender.install.snapshot.enabled = false (custom)
2021-10-05 12:35:26,104 [omNode-2@group-523986131536-LeaderElection30] INFO  server.RaftServerConfigKeys (ConfUtils.java:logGet(44)) - raft.server.log.appender.snapshot.chunk.size.max = 16MB (=16777216) (default)
2021-10-05 12:35:26,104 [omNode-2@group-523986131536-LeaderElection30] INFO  server.RaftServerConfigKeys (ConfUtils.java:logGet(44)) - raft.server.log.appender.buffer.byte-limit = 33554432 (custom)
2021-10-05 12:35:26,104 [omNode-2@group-523986131536-LeaderElection30] INFO  server.RaftServerConfigKeys (ConfUtils.java:logGet(44)) - raft.server.log.appender.buffer.element-limit = 1024 (custom)
2021-10-05 12:35:26,104 [omNode-2@group-523986131536-LeaderElection30] INFO  grpc.GrpcConfigKeys (ConfUtils.java:logGet(44)) - raft.grpc.server.leader.outstanding.appends.max = 128 (default)
2021-10-05 12:35:26,104 [omNode-2@group-523986131536-LeaderElection30] INFO  server.RaftServerConfigKeys (ConfUtils.java:logGet(44)) - raft.server.rpc.request.timeout = 3000ms (default)
2021-10-05 12:35:26,104 [omNode-2@group-523986131536-LeaderElection30] INFO  server.RaftServerConfigKeys (ConfUtils.java:logGet(44)) - raft.server.log.appender.install.snapshot.enabled = false (custom)
2021-10-05 12:35:26,105 [omNode-2@group-523986131536-LeaderElection30] INFO  impl.RoleInfo (RoleInfo.java:updateAndGet(130)) - omNode-2: start omNode-2@group-523986131536-LeaderStateImpl
2021-10-05 12:35:26,105 [omNode-2@group-523986131536-LeaderElection30] INFO  segmented.SegmentedRaftLogWorker (SegmentedRaftLogWorker.java:rollLogSegment(399)) - omNode-2@group-523986131536-SegmentedRaftLogWorker: Rolling segment log-26_29 to index:29
2021-10-05 12:35:26,106 [omNode-2@group-523986131536-SegmentedRaftLogWorker] INFO  segmented.SegmentedRaftLogWorker (SegmentedRaftLogWorker.java:execute(558)) - omNode-2@group-523986131536-SegmentedRaftLogWorker: Rolled log segment from /home/runner/work/ozone/ozone/hadoop-ozone/integration-test/target/test-dir/MiniOzoneClusterImpl-37ac24e5-edd8-4d0c-a990-01310c91afa3/omNode-2/ratis/c9bc4cf4-3bc3-3c60-a66b-523986131536/current/log_inprogress_26 to /home/runner/work/ozone/ozone/hadoop-ozone/integration-test/target/test-dir/MiniOzoneClusterImpl-37ac24e5-edd8-4d0c-a990-01310c91afa3/omNode-2/ratis/c9bc4cf4-3bc3-3c60-a66b-523986131536/current/log_26-29
2021-10-05 12:35:26,110 [omNode-2@group-523986131536-LeaderElection30] INFO  server.RaftServer$Division (ServerState.java:setRaftConf(387)) - omNode-2@group-523986131536: set configuration 30: [omNode-3|rpc:localhost:10616|admin:|client:|dataStream:|priority:0, omNode-1|rpc:localhost:10604|admin:|client:|dataStream:|priority:0, omNode-2|rpc:localhost:10610|admin:|client:|dataStream:|priority:0], old=null
2021-10-05 12:35:26,111 [grpc-default-executor-8] WARN  server.GrpcLogAppender (LogUtils.java:warn(122)) - omNode-2@group-523986131536->omNode-3-AppendLogResponseHandler: Failed appendEntries: org.apache.ratis.thirdparty.io.grpc.StatusRuntimeException: UNAVAILABLE: io exception
2021-10-05 12:35:26,112 [omNode-2@group-523986131536-SegmentedRaftLogWorker] INFO  segmented.SegmentedRaftLogWorker (SegmentedRaftLogWorker.java:execute(601)) - omNode-2@group-523986131536-SegmentedRaftLogWorker: created new log segment /home/runner/work/ozone/ozone/hadoop-ozone/integration-test/target/test-dir/MiniOzoneClusterImpl-37ac24e5-edd8-4d0c-a990-01310c91afa3/omNode-2/ratis/c9bc4cf4-3bc3-3c60-a66b-523986131536/current/log_inprogress_30
2021-10-05 12:35:26,113 [grpc-default-executor-1] INFO  server.RaftServer$Division (ServerState.java:setLeader(285)) - omNode-1@group-523986131536: change Leader from null to omNode-2 at term 13 for appendEntries, leader elected after 1141ms
2021-10-05 12:35:26,113 [grpc-default-executor-1] INFO  server.RaftServer$Division (RaftServerImpl.java:checkInconsistentAppendEntries(1319)) - omNode-1@group-523986131536: Failed appendEntries as previous log entry ((t:11, i:29)) is not found
2021-10-05 12:35:26,113 [grpc-default-executor-1] INFO  server.RaftServer$Division (RaftServerImpl.java:checkInconsistentAppendEntries(1285)) - omNode-1@group-523986131536: inconsistency entries. Reply:omNode-2<-omNode-1#0:FAIL-t13,INCONSISTENCY,nextIndex=18,followerCommit=17
2021-10-05 12:35:26,114 [grpc-default-executor-8] WARN  server.GrpcLogAppender (GrpcLogAppender.java:resetClient(111)) - omNode-2@group-523986131536->omNode-3-GrpcLogAppender: Leader has not got in touch with Follower omNode-2@group-523986131536->omNode-3(c-1,m0,n30, attendVote=true, lastRpcSendTime=1211, lastRpcResponseTime=1211) yet, just keep nextIndex unchanged and retry.
2021-10-05 12:35:26,116 [grpc-default-executor-8] INFO  leader.FollowerInfo (FollowerInfoImpl.java:lambda$new$0(46)) - omNode-2@group-523986131536->omNode-1: nextIndex: updateUnconditionally 31 -> 18
2021-10-05 12:35:26,116 [grpc-default-executor-7] WARN  server.GrpcLogAppender (LogUtils.java:warn(122)) - omNode-2@group-523986131536->omNode-3-AppendLogResponseHandler: Failed appendEntries: org.apache.ratis.thirdparty.io.grpc.StatusRuntimeException: UNAVAILABLE: io exception
2021-10-05 12:35:26,116 [grpc-default-executor-1] INFO  server.RaftServer$Division (RaftServerImpl.java:checkInconsistentAppendEntries(1319)) - omNode-1@group-523986131536: Failed appendEntries as previous log entry ((t:11, i:29)) is not found
2021-10-05 12:35:26,116 [grpc-default-executor-1] INFO  server.RaftServer$Division (RaftServerImpl.java:checkInconsistentAppendEntries(1285)) - omNode-1@group-523986131536: inconsistency entries. Reply:omNode-2<-omNode-1#1:FAIL-t13,INCONSISTENCY,nextIndex=18,followerCommit=17
2021-10-05 12:35:26,117 [grpc-default-executor-7] WARN  server.GrpcLogAppender (GrpcLogAppender.java:resetClient(111)) - omNode-2@group-523986131536->omNode-3-GrpcLogAppender: Leader has not got in touch with Follower omNode-2@group-523986131536->omNode-3(c-1,m0,n31, attendVote=true, lastRpcSendTime=1, lastRpcResponseTime=1213) yet, just keep nextIndex unchanged and retry.
2021-10-05 12:35:26,124 [grpc-default-executor-7] INFO  leader.FollowerInfo (FollowerInfoImpl.java:lambda$new$0(46)) - omNode-2@group-523986131536->omNode-1: nextIndex: updateUnconditionally 18 -> 18
2021-10-05 12:35:26,124 [omNode-2@group-523986131536->omNode-1-GrpcLogAppender-LogAppenderDaemon] ERROR leader.LogAppenderDaemon (LogAppenderDaemon.java:run(86)) - omNode-2@group-523986131536->omNode-1-GrpcLogAppender-LogAppenderDaemon failed
java.lang.NullPointerException: omNode-2@group-523986131536->omNode-1: Previous TermIndex not found for firstIndex = 18
	at java.util.Objects.requireNonNull(Objects.java:290)
	at org.apache.ratis.server.leader.LogAppenderBase.assertProtos(LogAppenderBase.java:169)
	at org.apache.ratis.server.leader.LogAppenderBase.newAppendEntriesRequest(LogAppenderBase.java:154)
	at org.apache.ratis.grpc.server.GrpcLogAppender.appendLog(GrpcLogAppender.java:211)
	at org.apache.ratis.grpc.server.GrpcLogAppender.run(GrpcLogAppender.java:145)
	at org.apache.ratis.server.leader.LogAppenderDaemon.run(LogAppenderDaemon.java:77)
	at java.lang.Thread.run(Thread.java:748)
2021-10-05 12:35:26,124 [omNode-2@group-523986131536->omNode-1-GrpcLogAppender-LogAppenderDaemon] INFO  server.RaftServer$Division (LeaderStateImpl.java:restart(501)) - omNode-2@group-523986131536-LeaderStateImpl: Restarting GrpcLogAppender for omNode-2@group-523986131536->omNode-1
2021-10-05 12:35:26,124 [omNode-2@group-523986131536->omNode-1-GrpcLogAppender-LogAppenderDaemon] INFO  server.RaftServerConfigKeys (ConfUtils.java:logGet(44)) - raft.server.log.appender.snapshot.chunk.size.max = 16MB (=16777216) (default)
2021-10-05 12:35:26,124 [omNode-2@group-523986131536->omNode-1-GrpcLogAppender-LogAppenderDaemon] INFO  server.RaftServerConfigKeys (ConfUtils.java:logGet(44)) - raft.server.log.appender.buffer.byte-limit = 33554432 (custom)
2021-10-05 12:35:26,125 [omNode-2@group-523986131536->omNode-1-GrpcLogAppender-LogAppenderDaemon] INFO  server.RaftServerConfigKeys (ConfUtils.java:logGet(44)) - raft.server.log.appender.buffer.element-limit = 1024 (custom)
2021-10-05 12:35:26,125 [omNode-2@group-523986131536->omNode-1-GrpcLogAppender-LogAppenderDaemon] INFO  grpc.GrpcConfigKeys (ConfUtils.java:logGet(44)) - raft.grpc.server.leader.outstanding.appends.max = 128 (default)
2021-10-05 12:35:26,125 [omNode-2@group-523986131536->omNode-1-GrpcLogAppender-LogAppenderDaemon] INFO  server.RaftServerConfigKeys (ConfUtils.java:logGet(44)) - raft.server.rpc.request.timeout = 3000ms (default)
2021-10-05 12:35:26,125 [omNode-2@group-523986131536->omNode-1-GrpcLogAppender-LogAppenderDaemon] INFO  server.RaftServerConfigKeys (ConfUtils.java:logGet(44)) - raft.server.log.appender.install.snapshot.enabled = false (custom)
2021-10-05 12:35:26,125 [omNode-2@group-523986131536->omNode-1-GrpcLogAppender-LogAppenderDaemon] INFO  server.GrpcLogAppender (GrpcLogAppender.java:installSnapshot(524)) - omNode-2@group-523986131536->omNode-1-GrpcLogAppender: followerNextIndex = 0 but logStartIndex = 18, notify follower to install snapshot-(t:3, i:18)
2021-10-05 12:35:26,126 [omNode-2@group-523986131536->omNode-1-GrpcLogAppender-LogAppenderDaemon] INFO  server.GrpcLogAppender (GrpcLogAppender.java:installSnapshot(532)) - omNode-2@group-523986131536->omNode-1-GrpcLogAppender: send omNode-2->omNode-1#0-t13,notify:(t:3, i:18)
2021-10-05 12:35:26,128 [grpc-default-executor-7] INFO  server.RaftServer$Division (RaftServerImpl.java:installSnapshot(1329)) - omNode-1@group-523986131536: receive installSnapshot: omNode-2->omNode-1#0-t13,notify:(t:3, i:18)
2021-10-05 12:35:26,128 [grpc-default-executor-7] INFO  server.RaftServer$Division (RaftServerImpl.java:notifyStateMachineToInstallSnapshot(1560)) - omNode-1@group-523986131536: StateMachine snapshotIndex is 17
2021-10-05 12:35:26,128 [grpc-default-executor-7] INFO  server.RaftServer$Division (RaftServerImpl.java:installSnapshotImpl(1459)) - omNode-1@group-523986131536: set new configuration index: 30
configurationEntry {
  peers {
    id: "omNode-3"
    address: "localhost:10616"
  }
  peers {
    id: "omNode-1"
    address: "localhost:10604"
  }
  peers {
    id: "omNode-2"
    address: "localhost:10610"
  }
}
 from snapshot
2021-10-05 12:35:26,128 [grpc-default-executor-7] INFO  server.RaftServer$Division (ServerState.java:setRaftConf(387)) - omNode-1@group-523986131536: set configuration 30: [omNode-3|rpc:localhost:10616|admin:|client:|dataStream:|priority:0, omNode-1|rpc:localhost:10604|admin:|client:|dataStream:|priority:0, omNode-2|rpc:localhost:10610|admin:|client:|dataStream:|priority:0], old=null
2021-10-05 12:35:26,128 [grpc-default-executor-7] INFO  ratis.OzoneManagerStateMachine (OzoneManagerStateMachine.java:notifyConfigurationChanged(188)) - Received Configuration change notification from Ratis. New Peer list:
[id: "omNode-3"
address: "localhost:10616"
, id: "omNode-1"
address: "localhost:10604"
, id: "omNode-2"
address: "localhost:10610"
]
2021-10-05 12:35:26,128 [grpc-default-executor-7] INFO  server.RaftServer$Division (RaftServerImpl.java:installSnapshot(1340)) - omNode-1@group-523986131536: reply installSnapshot: omNode-2<-omNode-1#0:FAIL-t13,ALREADY_INSTALLED,snapshotIndex=17
2021-10-05 12:35:26,129 [grpc-default-executor-1] INFO  server.GrpcLogAppender (GrpcLogAppender.java:onNext(400)) - omNode-2@group-523986131536->omNode-1-InstallSnapshotResponseHandler: received the first reply omNode-2<-omNode-1#0:FAIL-t13,ALREADY_INSTALLED,snapshotIndex=17
2021-10-05 12:35:26,129 [grpc-default-executor-1] INFO  server.GrpcLogAppender (GrpcLogAppender.java:onNext(422)) - omNode-2@group-523986131536->omNode-1-InstallSnapshotResponseHandler: Already Installed Snapshot Index 17.
2021-10-05 12:35:26,129 [grpc-default-executor-1] INFO  leader.FollowerInfo (FollowerInfoImpl.java:lambda$new$0(46)) - omNode-2@group-523986131536->omNode-1: snapshotIndex: setUnconditionally 0 -> 17
2021-10-05 12:35:26,129 [grpc-default-executor-1] INFO  leader.FollowerInfo (FollowerInfoImpl.java:lambda$new$0(46)) - omNode-2@group-523986131536->omNode-1: matchIndex: setUnconditionally 0 -> 17
2021-10-05 12:35:26,129 [grpc-default-executor-1] INFO  leader.FollowerInfo (FollowerInfoImpl.java:lambda$new$0(46)) - omNode-2@group-523986131536->omNode-1: nextIndex: setUnconditionally 0 -> 18
2021-10-05 12:35:26,129 [grpc-default-executor-1] INFO  leader.FollowerInfo (FollowerInfoImpl.java:lambda$new$0(46)) - omNode-2@group-523986131536->omNode-1: nextIndex: updateToMax old=18, new=18, updated? false
2021-10-05 12:35:26,129 [grpc-default-executor-7] INFO  server.GrpcServerProtocolService (GrpcServerProtocolService.java:onCompleted(140)) - omNode-1: Completed INSTALL_SNAPSHOT, lastRequest: omNode-2->omNode-1#0-t13,notify:(t:3, i:18)
2021-10-05 12:35:26,558 [org.apache.ratis.util.JvmPauseMonitor$$Lambda$523/2137356424@65bc8076] WARN  util.JvmPauseMonitor (JvmPauseMonitor.java:detectPause(124)) - JvmPauseMonitor-omNode-1: Detected pause in JVM or host machine (eg GC): pause of approximately 112339943ns.
GC pool 'PS MarkSweep' had collection(s): count=1 time=208ms
GC pool 'PS Scavenge' had collection(s): count=1 time=83ms
2021-10-05 12:35:26,558 [org.apache.ratis.util.JvmPauseMonitor$$Lambda$523/2137356424@5beebc16] WARN  util.JvmPauseMonitor (JvmPauseMonitor.java:detectPause(124)) - JvmPauseMonitor-omNode-3: Detected pause in JVM or host machine (eg GC): pause of approximately 254326068ns.
GC pool 'PS MarkSweep' had collection(s): count=1 time=208ms
GC pool 'PS Scavenge' had collection(s): count=1 time=83ms
2021-10-05 12:35:26,559 [org.apache.ratis.util.JvmPauseMonitor$$Lambda$523/2137356424@5d39117c] WARN  util.JvmPauseMonitor (JvmPauseMonitor.java:detectPause(124)) - JvmPauseMonitor-68bb5eda-bd33-4c69-8072-1d50c624965b: Detected pause in JVM or host machine (eg GC): pause of approximately 205765047ns.
GC pool 'PS MarkSweep' had collection(s): count=1 time=208ms
GC pool 'PS Scavenge' had collection(s): count=1 time=83ms
2021-10-05 12:35:26,559 [org.apache.ratis.util.JvmPauseMonitor$$Lambda$523/2137356424@29ee0d9] WARN  util.JvmPauseMonitor (JvmPauseMonitor.java:detectPause(124)) - JvmPauseMonitor-2bb368a1-0b98-4d80-88d0-01e7dc221ebc: Detected pause in JVM or host machine (eg GC): pause of approximately 245169279ns.
GC pool 'PS MarkSweep' had collection(s): count=1 time=208ms
GC pool 'PS Scavenge' had collection(s): count=1 time=83ms
2021-10-05 12:35:26,615 [grpc-default-executor-7] WARN  server.GrpcLogAppender (LogUtils.java:warn(122)) - omNode-2@group-523986131536->omNode-3-AppendLogResponseHandler: Failed appendEntries: org.apache.ratis.thirdparty.io.grpc.StatusRuntimeException: UNAVAILABLE: io exception
2021-10-05 12:35:26,616 [grpc-default-executor-7] WARN  server.GrpcLogAppender (GrpcLogAppender.java:resetClient(111)) - omNode-2@group-523986131536->omNode-3-GrpcLogAppender: Leader has not got in touch with Follower omNode-2@group-523986131536->omNode-3(c-1,m0,n31, attendVote=true, lastRpcSendTime=501, lastRpcResponseTime=1713) yet, just keep nextIndex unchanged and retry.
2021-10-05 12:35:26,637 [grpc-default-executor-7] INFO  server.RaftServer$Division (RaftServerImpl.java:checkInconsistentAppendEntries(1319)) - omNode-1@group-523986131536: Failed appendEntries as previous log entry ((t:13, i:30)) is not found
2021-10-05 12:35:26,637 [grpc-default-executor-7] INFO  server.RaftServer$Division (RaftServerImpl.java:checkInconsistentAppendEntries(1285)) - omNode-1@group-523986131536: inconsistency entries. Reply:omNode-2<-omNode-1#23:FAIL-t13,INCONSISTENCY,nextIndex=18,followerCommit=17
2021-10-05 12:35:26,640 [grpc-default-executor-7] INFO  leader.FollowerInfo (FollowerInfoImpl.java:lambda$new$0(46)) - omNode-2@group-523986131536->omNode-1: nextIndex: updateUnconditionally 31 -> 18
2021-10-05 12:35:27,137 [Time-limited test] WARN  grpc.GrpcUtil (GrpcUtil.java:shutdownManagedChannel(216)) - Timed out gracefully shutting down connection: ManagedChannelOrphanWrapper{delegate=ManagedChannelImpl{logId=367, target=localhost:10604}}. 
2021-10-05 12:35:27,137 [grpc-default-executor-7] WARN  server.GrpcLogAppender (LogUtils.java:warn(122)) - omNode-2@group-523986131536->omNode-3-AppendLogResponseHandler: Failed appendEntries: org.apache.ratis.thirdparty.io.grpc.StatusRuntimeException: UNAVAILABLE: io exception
2021-10-05 12:35:27,138 [grpc-default-executor-1] INFO  server.GrpcLogAppender (GrpcLogAppender.java:onError(333)) - omNode-3@group-523986131536->omNode-1-GrpcLogAppender is stopped
2021-10-05 12:35:27,138 [grpc-default-executor-7] WARN  server.GrpcLogAppender (GrpcLogAppender.java:resetClient(111)) - omNode-2@group-523986131536->omNode-3-GrpcLogAppender: Leader has not got in touch with Follower omNode-2@group-523986131536->omNode-3(c-1,m0,n31, attendVote=true, lastRpcSendTime=0, lastRpcResponseTime=2235) yet, just keep nextIndex unchanged and retry.
2021-10-05 12:35:27,140 [grpc-default-executor-1] WARN  server.GrpcServerProtocolService (LogUtils.java:warn(122)) - omNode-1: installSnapshot onError, lastRequest: omNode-3->omNode-1#1-t11,previous=(t:10, i:25),leaderCommit=25,initializing? true,entries: size=1, first=(t:11, i:26), CONFIGURATIONENTRY: org.apache.ratis.thirdparty.io.grpc.StatusRuntimeException: CANCELLED: client cancelled
2021-10-05 12:35:27,140 [Time-limited test] INFO  server.GrpcService (GrpcService.java:closeImpl(271)) - omNode-3: shutdown server with port 10616 successfully
2021-10-05 12:35:27,144 [org.apache.ratis.util.JvmPauseMonitor$$Lambda$523/2137356424@5beebc16] INFO  util.JvmPauseMonitor (JvmPauseMonitor.java:run(109)) - JvmPauseMonitor-omNode-3: Stopped
2021-10-05 12:35:27,144 [Time-limited test] INFO  ratis.OzoneManagerDoubleBuffer (OzoneManagerDoubleBuffer.java:stop(437)) - Stopping OMDoubleBuffer flush thread
2021-10-05 12:35:27,144 [OMDoubleBufferFlushThread] INFO  ratis.OzoneManagerDoubleBuffer (OzoneManagerDoubleBuffer.java:flushTransactions(356)) - OMDoubleBuffer flush thread OMDoubleBufferFlushThread is interrupted and will exit. OMDoubleBufferFlushThread
2021-10-05 12:35:27,145 [grpc-default-executor-1] INFO  server.RaftServer$Division (RaftServerImpl.java:checkInconsistentAppendEntries(1319)) - omNode-1@group-523986131536: Failed appendEntries as previous log entry ((t:13, i:30)) is not found
2021-10-05 12:35:27,145 [grpc-default-executor-1] INFO  server.RaftServer$Division (RaftServerImpl.java:checkInconsistentAppendEntries(1285)) - omNode-1@group-523986131536: inconsistency entries. Reply:omNode-2<-omNode-1#72:FAIL-t13,INCONSISTENCY,nextIndex=18,followerCommit=17
2021-10-05 12:35:27,145 [grpc-default-executor-1] INFO  leader.FollowerInfo (FollowerInfoImpl.java:lambda$new$0(46)) - omNode-2@group-523986131536->omNode-1: nextIndex: updateUnconditionally 31 -> 18
2021-10-05 12:35:27,146 [Time-limited test] INFO  handler.ContextHandler (ContextHandler.java:doStop(1153)) - Stopped o.e.j.w.WebAppContext@7f32bf2c{ozoneManager,/,null,STOPPED}{file:/home/runner/work/ozone/ozone/hadoop-ozone/integration-test/target/test-classes/webapps/ozoneManager}
2021-10-05 12:35:27,146 [Time-limited test] INFO  server.AbstractConnector (AbstractConnector.java:doStop(381)) - Stopped ServerConnector@515627e1{HTTP/1.1, (http/1.1)}{0.0.0.0:10614}
2021-10-05 12:35:27,146 [Time-limited test] INFO  server.session (HouseKeeper.java:stopScavenging(149)) - node0 Stopped scavenging
2021-10-05 12:35:27,147 [Time-limited test] INFO  handler.ContextHandler (ContextHandler.java:doStop(1153)) - Stopped o.e.j.s.ServletContextHandler@7b0cea7c{static,/static,file:///home/runner/work/ozone/ozone/hadoop-ozone/integration-test/target/test-classes/webapps/static,STOPPED}
2021-10-05 12:35:27,147 [Time-limited test] INFO  handler.ContextHandler (ContextHandler.java:doStop(1153)) - Stopped o.e.j.s.ServletContextHandler@47213ab2{logs,/logs,file:///home/runner/work/ozone/ozone/hadoop-ozone/integration-test/target/log,STOPPED}
2021-10-05 12:35:27,158 [Time-limited test] INFO  om.OzoneManager (OzoneManager.java:initFSOLayout(4333)) - Configured ozone.om.metadata.layout=SIMPLE and disabled optimized OM FS operations
2021-10-05 12:35:27,158 [Time-limited test] INFO  om.OzoneManager (OzoneManager.java:restart(1365)) - OzoneManager RPC server is listening at localhost/127.0.0.1:10612
2021-10-05 12:35:27,158 [Time-limited test] INFO  impl.MetricsSystemImpl (MetricsSystemImpl.java:init(158)) - OzoneManager metrics system started (again)
2021-10-05 12:35:27,184 [Time-limited test] WARN  server.ServerUtils (ServerUtils.java:getDBPath(225)) - ozone.om.db.dirs is not configured. We recommend adding this setting. Falling back to ozone.metadata.dirs instead.
2021-10-05 12:35:27,185 [Time-limited test] INFO  codec.OmKeyInfoCodec (OmKeyInfoCodec.java:<init>(51)) - OmKeyInfoCodec ignorePipeline = true
2021-10-05 12:35:27,186 [Time-limited test] INFO  codec.RepeatedOmKeyInfoCodec (RepeatedOmKeyInfoCodec.java:<init>(42)) - RepeatedOmKeyInfoCodec ignorePipeline = true
2021-10-05 12:35:27,235 [Time-limited test] WARN  impl.MetricRegistriesImpl (MetricRegistriesImpl.java:addReporterRegistration(111)) - New reporters are added after registries were created. Some metrics will be missing from the reporter. Please add reporter before adding any new registry.
2021-10-05 12:35:27,235 [Time-limited test] WARN  impl.MetricRegistriesImpl (MetricRegistriesImpl.java:addReporterRegistration(111)) - New reporters are added after registries were created. Some metrics will be missing from the reporter. Please add reporter before adding any new registry.
2021-10-05 12:35:27,235 [Time-limited test] WARN  server.ServerUtils (ServerUtils.java:getDefaultRatisDirectory(237)) - Storage directory for Ratis is not configured. It is a good idea to map this to an SSD disk. Falling back to ozone.metadata.dirs
2021-10-05 12:35:27,244 [Time-limited test] INFO  ratis.OzoneManagerRatisServer (OzoneManagerRatisServer.java:<init>(158)) - Instantiating OM Ratis server with groupID: om-service-test1 and peers: localhost:10616, localhost:10604, localhost:10610
2021-10-05 12:35:27,244 [Time-limited test] INFO  ratis.OzoneManagerStateMachine (OzoneManagerStateMachine.java:loadSnapshotInfoFromDB(605)) - LastAppliedIndex is set from TransactionInfo from OM DB as (t:11, i:29)
2021-10-05 12:35:27,249 [Time-limited test] INFO  server.RaftServer (ConfUtils.java:logGet(44)) - raft.rpc.type = GRPC (default)
2021-10-05 12:35:27,249 [Time-limited test] INFO  grpc.GrpcFactory (GrpcFactory.java:checkPooledByteBufAllocatorUseCacheForAllThreads(48)) - PERFORMANCE WARNING: useCacheForAllThreads is true that may cause Netty to create a lot garbage objects and, as a result, trigger GC.
	It is recommended to disable useCacheForAllThreads by setting -Dorg.apache.ratis.thirdparty.io.netty.allocator.useCacheForAllThreads=false in command line.
2021-10-05 12:35:27,249 [Time-limited test] INFO  grpc.GrpcConfigKeys (ConfUtils.java:logGet(44)) - raft.grpc.admin.port = -1 (default)
2021-10-05 12:35:27,249 [Time-limited test] INFO  grpc.GrpcConfigKeys (ConfUtils.java:logGet(44)) - raft.grpc.server.port = 10616 (custom)
2021-10-05 12:35:27,249 [Time-limited test] INFO  grpc.GrpcConfigKeys (ConfUtils.java:logGet(44)) - raft.grpc.client.port = -1 (default)
2021-10-05 12:35:27,249 [Time-limited test] INFO  grpc.GrpcConfigKeys (ConfUtils.java:logGet(44)) - raft.grpc.server.port = 10616 (custom)
2021-10-05 12:35:27,249 [Time-limited test] INFO  grpc.GrpcConfigKeys (ConfUtils.java:logGet(44)) - raft.grpc.server.port = 10616 (custom)
2021-10-05 12:35:27,249 [Time-limited test] INFO  server.GrpcService (ConfUtils.java:logGet(44)) - raft.grpc.message.size.max = 33554432 (custom)
2021-10-05 12:35:27,249 [Time-limited test] INFO  server.RaftServerConfigKeys (ConfUtils.java:logGet(44)) - raft.server.log.appender.buffer.byte-limit = 33554432 (custom)
2021-10-05 12:35:27,249 [Time-limited test] INFO  server.GrpcService (ConfUtils.java:logGet(44)) - raft.grpc.flow.control.window = 1MB (=1048576) (default)
2021-10-05 12:35:27,250 [Time-limited test] INFO  server.RaftServerConfigKeys (ConfUtils.java:logGet(44)) - raft.server.rpc.request.timeout = 3000ms (default)
2021-10-05 12:35:27,251 [Time-limited test] INFO  impl.DataStreamServerImpl (ConfUtils.java:logGet(44)) - raft.datastream.type = DISABLED (default)
2021-10-05 12:35:27,251 [Time-limited test] INFO  server.RaftServerConfigKeys (ConfUtils.java:logGet(44)) - raft.server.rpc.slowness.timeout = 2s (custom)
2021-10-05 12:35:27,251 [Time-limited test] INFO  server.RaftServerConfigKeys (ConfUtils.java:logGet(44)) - raft.server.leaderelection.leader.step-down.wait-time = 10s (default)
2021-10-05 12:35:27,251 [Time-limited test] INFO  server.RaftServerConfigKeys (ConfUtils.java:logGet(44)) - raft.server.storage.dir = [/home/runner/work/ozone/ozone/hadoop-ozone/integration-test/target/test-dir/MiniOzoneClusterImpl-37ac24e5-edd8-4d0c-a990-01310c91afa3/omNode-3/ratis] (custom)
2021-10-05 12:35:27,251 [Time-limited test] INFO  server.RaftServer (RaftServerProxy.java:lambda$null$1(235)) - omNode-3: found a subdirectory /home/runner/work/ozone/ozone/hadoop-ozone/integration-test/target/test-dir/MiniOzoneClusterImpl-37ac24e5-edd8-4d0c-a990-01310c91afa3/omNode-3/ratis/c9bc4cf4-3bc3-3c60-a66b-523986131536
2021-10-05 12:35:27,259 [Time-limited test] INFO  server.RaftServer (RaftServerProxy.java:addNew(95)) - omNode-3: addNew group-523986131536:[omNode-3|rpc:localhost:10616|priority:0, omNode-1|rpc:localhost:10604|priority:0, omNode-2|rpc:localhost:10610|priority:0] returns group-523986131536:java.util.concurrent.CompletableFuture@369d468a[Not completed]
2021-10-05 12:35:27,259 [Time-limited test] INFO  om.OzoneManager (OzoneManager.java:initializeRatisServer(1585)) - OzoneManager Ratis server initialized at port 10616
2021-10-05 12:35:27,259 [Time-limited test] INFO  ratis.OzoneManagerRatisServer (OzoneManagerRatisServer.java:start(516)) - Starting OzoneManagerRatisServer omNode-3 at port 10616
2021-10-05 12:35:27,259 [pool-411-thread-1] INFO  server.RaftServer$Division (RaftServerImpl.java:<init>(181)) - omNode-3: new RaftServerImpl for group-523986131536:[omNode-3|rpc:localhost:10616|priority:0, omNode-1|rpc:localhost:10604|priority:0, omNode-2|rpc:localhost:10610|priority:0] with OzoneManagerStateMachine:uninitialized
2021-10-05 12:35:27,261 [pool-411-thread-1] INFO  server.RaftServerConfigKeys (ConfUtils.java:logGet(44)) - raft.server.rpc.timeout.min = 1s (custom)
2021-10-05 12:35:27,261 [pool-411-thread-1] INFO  server.RaftServerConfigKeys (ConfUtils.java:logGet(44)) - raft.server.rpc.timeout.max = 1200ms (custom)
2021-10-05 12:35:27,261 [pool-411-thread-1] INFO  server.RaftServerConfigKeys (ConfUtils.java:logGet(44)) - raft.server.rpc.sleep.time = 25ms (default)
2021-10-05 12:35:27,261 [pool-411-thread-1] INFO  server.RaftServerConfigKeys (ConfUtils.java:logGet(44)) - raft.server.rpc.slowness.timeout = 2s (custom)
2021-10-05 12:35:27,261 [pool-411-thread-1] INFO  server.RaftServerConfigKeys (ConfUtils.java:logGet(44)) - raft.server.leaderelection.leader.step-down.wait-time = 10s (default)
2021-10-05 12:35:27,261 [pool-411-thread-1] INFO  server.RaftServerConfigKeys (ConfUtils.java:logGet(44)) - raft.server.sleep.deviation.threshold = 300ms (default)
2021-10-05 12:35:27,261 [pool-411-thread-1] INFO  server.RaftServerConfigKeys (ConfUtils.java:logGet(44)) - raft.server.log.appender.install.snapshot.enabled = false (custom)
2021-10-05 12:35:27,261 [pool-411-thread-1] INFO  server.RaftServer$Division (ServerState.java:<init>(105)) - omNode-3@group-523986131536: ConfigurationManager, init=-1: [omNode-3|rpc:localhost:10616|priority:0, omNode-1|rpc:localhost:10604|priority:0, omNode-2|rpc:localhost:10610|priority:0], old=null, confs=<EMPTY_MAP>
2021-10-05 12:35:27,261 [pool-411-thread-1] INFO  server.RaftServerConfigKeys (ConfUtils.java:logGet(44)) - raft.server.storage.dir = [/home/runner/work/ozone/ozone/hadoop-ozone/integration-test/target/test-dir/MiniOzoneClusterImpl-37ac24e5-edd8-4d0c-a990-01310c91afa3/omNode-3/ratis] (custom)
2021-10-05 12:35:27,262 [pool-411-thread-1] INFO  server.RaftServerConfigKeys (ConfUtils.java:logGet(44)) - raft.server.log.corruption.policy = EXCEPTION (default)
2021-10-05 12:35:27,262 [pool-411-thread-1] INFO  server.RaftServerConfigKeys (ConfUtils.java:logGet(44)) - raft.server.storage.free-space.min = 0MB (=0) (default)
2021-10-05 12:35:27,263 [pool-411-thread-1] INFO  storage.RaftStorageDirectory (RaftStorageDirectoryImpl.java:tryLock(230)) - Lock on /home/runner/work/ozone/ozone/hadoop-ozone/integration-test/target/test-dir/MiniOzoneClusterImpl-37ac24e5-edd8-4d0c-a990-01310c91afa3/omNode-3/ratis/c9bc4cf4-3bc3-3c60-a66b-523986131536/in_use.lock acquired by nodename 8782@fv-az270-324
2021-10-05 12:35:27,263 [pool-411-thread-1] INFO  storage.RaftStorage (RaftStorageImpl.java:analyzeAndRecoverStorage(110)) - Read RaftStorageMetadata{term=11, votedFor=omNode-3} from /home/runner/work/ozone/ozone/hadoop-ozone/integration-test/target/test-dir/MiniOzoneClusterImpl-37ac24e5-edd8-4d0c-a990-01310c91afa3/omNode-3/ratis/c9bc4cf4-3bc3-3c60-a66b-523986131536/current/raft-meta
2021-10-05 12:35:27,263 [pool-411-thread-1] INFO  server.RaftServer$Division (ServerState.java:setRaftConf(387)) - omNode-3@group-523986131536: set configuration 26: [omNode-3|rpc:localhost:10616|admin:|client:|dataStream:|priority:0, omNode-1|rpc:localhost:10604|admin:|client:|dataStream:|priority:0, omNode-2|rpc:localhost:10610|admin:|client:|dataStream:|priority:0], old=null
2021-10-05 12:35:27,264 [pool-411-thread-1] INFO  server.RaftServerConfigKeys (ConfUtils.java:logGet(44)) - raft.server.notification.no-leader.timeout = 2s (custom)
2021-10-05 12:35:27,264 [pool-411-thread-1] INFO  server.RaftServerConfigKeys (ConfUtils.java:logGet(44)) - raft.server.log.use.memory = false (default)
2021-10-05 12:35:27,264 [pool-411-thread-1] INFO  server.RaftServerConfigKeys (ConfUtils.java:logGet(44)) - raft.server.log.purge.gap = 50 (custom)
2021-10-05 12:35:27,264 [pool-411-thread-1] INFO  server.RaftServerConfigKeys (ConfUtils.java:logGet(44)) - raft.server.log.appender.buffer.byte-limit = 33554432 (custom)
2021-10-05 12:35:27,264 [pool-411-thread-1] INFO  server.RaftServerConfigKeys (ConfUtils.java:logGet(44)) - raft.server.log.segment.size.max = 4194304 (custom)
2021-10-05 12:35:27,264 [pool-411-thread-1] INFO  server.RaftServerConfigKeys (ConfUtils.java:logGet(44)) - raft.server.log.segment.cache.num.max = 2 (custom)
2021-10-05 12:35:27,264 [pool-411-thread-1] INFO  server.RaftServerConfigKeys (ConfUtils.java:logGet(44)) - raft.server.log.segment.cache.size.max = 200MB (=209715200) (default)
2021-10-05 12:35:27,264 [pool-411-thread-1] INFO  segmented.SegmentedRaftLogWorker (SegmentedRaftLogWorker.java:<init>(182)) - new omNode-3@group-523986131536-SegmentedRaftLogWorker for RaftStorageImpl:Storage Directory /home/runner/work/ozone/ozone/hadoop-ozone/integration-test/target/test-dir/MiniOzoneClusterImpl-37ac24e5-edd8-4d0c-a990-01310c91afa3/omNode-3/ratis/c9bc4cf4-3bc3-3c60-a66b-523986131536
2021-10-05 12:35:27,265 [pool-411-thread-1] INFO  server.RaftServerConfigKeys (ConfUtils.java:logGet(44)) - raft.server.log.queue.byte-limit = 64MB (=67108864) (default)
2021-10-05 12:35:27,265 [pool-411-thread-1] INFO  server.RaftServerConfigKeys (ConfUtils.java:logGet(44)) - raft.server.log.queue.element-limit = 4096 (default)
2021-10-05 12:35:27,265 [pool-411-thread-1] INFO  server.RaftServerConfigKeys (ConfUtils.java:logGet(44)) - raft.server.log.segment.size.max = 4194304 (custom)
2021-10-05 12:35:27,265 [pool-411-thread-1] INFO  server.RaftServerConfigKeys (ConfUtils.java:logGet(44)) - raft.server.log.preallocated.size = 4194304 (custom)
2021-10-05 12:35:27,265 [pool-411-thread-1] INFO  server.RaftServerConfigKeys (ConfUtils.java:logGet(44)) - raft.server.log.force.sync.num = 128 (default)
2021-10-05 12:35:27,265 [pool-411-thread-1] INFO  server.RaftServerConfigKeys (ConfUtils.java:logGet(44)) - raft.server.log.statemachine.data.sync = true (default)
2021-10-05 12:35:27,265 [pool-411-thread-1] INFO  server.RaftServerConfigKeys (ConfUtils.java:logGet(44)) - raft.server.log.statemachine.data.sync.timeout = 10s (default)
2021-10-05 12:35:27,265 [pool-411-thread-1] INFO  server.RaftServerConfigKeys (ConfUtils.java:logGet(44)) - raft.server.log.statemachine.data.sync.timeout.retry = -1 (default)
2021-10-05 12:35:27,266 [pool-411-thread-1] INFO  server.RaftServerConfigKeys (ConfUtils.java:logGet(44)) - raft.server.log.write.buffer.size = 64KB (=65536) (default)
2021-10-05 12:35:27,269 [pool-411-thread-1] INFO  server.RaftServerConfigKeys (ConfUtils.java:logGet(44)) - raft.server.log.statemachine.data.caching.enabled = false (default)
2021-10-05 12:35:27,270 [pool-411-thread-1] INFO  server.RaftServer$Division (ServerState.java:setRaftConf(387)) - omNode-3@group-523986131536: set configuration 18: [omNode-3|rpc:localhost:10616|admin:|client:|dataStream:|priority:0, omNode-1|rpc:localhost:10604|admin:|client:|dataStream:|priority:0, omNode-2|rpc:localhost:10610|admin:|client:|dataStream:|priority:0], old=null
2021-10-05 12:35:27,270 [pool-411-thread-1] INFO  segmented.LogSegment (LogSegment.java:loadSegment(173)) - Successfully read 2 entries from segment file /home/runner/work/ozone/ozone/hadoop-ozone/integration-test/target/test-dir/MiniOzoneClusterImpl-37ac24e5-edd8-4d0c-a990-01310c91afa3/omNode-3/ratis/c9bc4cf4-3bc3-3c60-a66b-523986131536/current/log_18-19
2021-10-05 12:35:27,270 [pool-411-thread-1] INFO  server.RaftServer$Division (ServerState.java:setRaftConf(387)) - omNode-3@group-523986131536: set configuration 20: [omNode-3|rpc:localhost:10616|admin:|client:|dataStream:|priority:0, omNode-1|rpc:localhost:10604|admin:|client:|dataStream:|priority:0, omNode-2|rpc:localhost:10610|admin:|client:|dataStream:|priority:0], old=null
2021-10-05 12:35:27,270 [pool-411-thread-1] INFO  segmented.LogSegment (LogSegment.java:loadSegment(173)) - Successfully read 4 entries from segment file /home/runner/work/ozone/ozone/hadoop-ozone/integration-test/target/test-dir/MiniOzoneClusterImpl-37ac24e5-edd8-4d0c-a990-01310c91afa3/omNode-3/ratis/c9bc4cf4-3bc3-3c60-a66b-523986131536/current/log_20-23
2021-10-05 12:35:27,271 [pool-411-thread-1] INFO  server.RaftServer$Division (ServerState.java:setRaftConf(387)) - omNode-3@group-523986131536: set configuration 24: [omNode-3|rpc:localhost:10616|admin:|client:|dataStream:|priority:0, omNode-1|rpc:localhost:10604|admin:|client:|dataStream:|priority:0, omNode-2|rpc:localhost:10610|admin:|client:|dataStream:|priority:0], old=null
2021-10-05 12:35:27,271 [pool-411-thread-1] INFO  segmented.LogSegment (LogSegment.java:loadSegment(173)) - Successfully read 2 entries from segment file /home/runner/work/ozone/ozone/hadoop-ozone/integration-test/target/test-dir/MiniOzoneClusterImpl-37ac24e5-edd8-4d0c-a990-01310c91afa3/omNode-3/ratis/c9bc4cf4-3bc3-3c60-a66b-523986131536/current/log_24-25
2021-10-05 12:35:27,271 [pool-411-thread-1] INFO  server.RaftServer$Division (ServerState.java:setRaftConf(387)) - omNode-3@group-523986131536: set configuration 26: [omNode-3|rpc:localhost:10616|admin:|client:|dataStream:|priority:0, omNode-1|rpc:localhost:10604|admin:|client:|dataStream:|priority:0, omNode-2|rpc:localhost:10610|admin:|client:|dataStream:|priority:0], old=null
2021-10-05 12:35:27,271 [pool-411-thread-1] INFO  segmented.LogSegment (LogSegment.java:loadSegment(173)) - Successfully read 4 entries from segment file /home/runner/work/ozone/ozone/hadoop-ozone/integration-test/target/test-dir/MiniOzoneClusterImpl-37ac24e5-edd8-4d0c-a990-01310c91afa3/omNode-3/ratis/c9bc4cf4-3bc3-3c60-a66b-523986131536/current/log_inprogress_26
2021-10-05 12:35:27,271 [pool-411-thread-1] INFO  segmented.SegmentedRaftLogWorker (SegmentedRaftLogWorker.java:lambda$new$0(133)) - omNode-3@group-523986131536-SegmentedRaftLogWorker: flushIndex: setUnconditionally 0 -> 29
2021-10-05 12:35:27,271 [pool-411-thread-1] INFO  segmented.SegmentedRaftLogWorker (SegmentedRaftLogWorker.java:lambda$new$0(133)) - omNode-3@group-523986131536-SegmentedRaftLogWorker: safeCacheEvictIndex: setUnconditionally 0 -> 25
2021-10-05 12:35:27,279 [pool-411-thread-1] INFO  raftlog.RaftLog (RaftLogBase.java:lambda$new$0(53)) - omNode-3@group-523986131536-SegmentedRaftLog: commitIndex: updateToMax old=29, new=28, updated? false
2021-10-05 12:35:27,279 [pool-411-thread-1] INFO  raftlog.RaftLog (RaftLogBase.java:lambda$new$0(53)) - omNode-3@group-523986131536-SegmentedRaftLog: purgeIndex: updateIncreasingly -1 -> 17
2021-10-05 12:35:27,279 [pool-411-thread-1] INFO  server.RaftServerConfigKeys (ConfUtils.java:logGet(44)) - raft.server.snapshot.auto.trigger.enabled = true (custom)
2021-10-05 12:35:27,279 [pool-411-thread-1] INFO  server.RaftServerConfigKeys (ConfUtils.java:logGet(44)) - raft.server.snapshot.auto.trigger.threshold = 50 (custom)
2021-10-05 12:35:27,279 [pool-411-thread-1] INFO  server.RaftServerConfigKeys (ConfUtils.java:logGet(44)) - raft.server.snapshot.retention.file.num = -1 (default)
2021-10-05 12:35:27,279 [pool-411-thread-1] INFO  server.RaftServerConfigKeys (ConfUtils.java:logGet(44)) - raft.server.log.purge.upto.snapshot.index = true (custom)
2021-10-05 12:35:27,279 [pool-411-thread-1] INFO  server.RaftServerConfigKeys (ConfUtils.java:logGet(44)) - raft.server.retrycache.expirytime = 30000ms (custom)
2021-10-05 12:35:27,279 [pool-411-thread-1] INFO  server.RaftServerConfigKeys (ConfUtils.java:logGet(44)) - raft.server.retrycache.statistics.expirytime = 100μs (default)
2021-10-05 12:35:27,280 [Time-limited test] INFO  server.RaftServer$Division (RaftServerImpl.java:start(296)) - omNode-3@group-523986131536: start as a follower, conf=26: [omNode-3|rpc:localhost:10616|admin:|client:|dataStream:|priority:0, omNode-1|rpc:localhost:10604|admin:|client:|dataStream:|priority:0, omNode-2|rpc:localhost:10610|admin:|client:|dataStream:|priority:0], old=null
2021-10-05 12:35:27,281 [Time-limited test] INFO  server.RaftServer$Division (RaftServerImpl.java:setRole(285)) - omNode-3@group-523986131536: changes role from      null to FOLLOWER at term 11 for startAsFollower
2021-10-05 12:35:27,281 [Time-limited test] INFO  impl.RoleInfo (RoleInfo.java:updateAndGet(130)) - omNode-3: start omNode-3@group-523986131536-FollowerState
2021-10-05 12:35:27,287 [Time-limited test] INFO  util.JmxRegister (JmxRegister.java:tryRegister(44)) - Successfully registered JMX Bean with object name Ratis:service=RaftServer,group=group-523986131536,id=omNode-3
2021-10-05 12:35:27,292 [Time-limited test] INFO  server.RaftServer (RaftServerProxy.java:lambda$start$5(374)) - omNode-3: start RPC server
2021-10-05 12:35:27,292 [Time-limited test] INFO  server.GrpcService (GrpcService.java:startImpl(253)) - omNode-3: GrpcService started, listening on 10616
2021-10-05 12:35:27,293 [org.apache.ratis.util.JvmPauseMonitor$$Lambda$523/2137356424@5d603601] INFO  util.JvmPauseMonitor (JvmPauseMonitor.java:run(103)) - JvmPauseMonitor-omNode-3: Started
2021-10-05 12:35:27,293 [Time-limited test] INFO  ipc.CallQueueManager (CallQueueManager.java:<init>(90)) - Using callQueue: class java.util.concurrent.LinkedBlockingQueue, queueCapacity: 2000, scheduler: class org.apache.hadoop.ipc.DefaultRpcScheduler, ipcBackoff: false.
2021-10-05 12:35:27,294 [Socket Reader #1 for port 10612] INFO  ipc.Server (Server.java:run(1265)) - Starting Socket Reader #1 for port 10612
2021-10-05 12:35:27,300 [Listener at localhost/10612] INFO  http.BaseHttpServer (BaseHttpServer.java:newHttpServer2BuilderForOzone(209)) - Starting Web-server for ozoneManager at: http://0.0.0.0:10614
2021-10-05 12:35:27,300 [Listener at localhost/10612] INFO  http.BaseHttpServer (BaseHttpServer.java:<init>(107)) - Hadoop Security Enabled: false Ozone Security Enabled: false Ozone HTTP Security Enabled: false 
2021-10-05 12:35:27,301 [Listener at localhost/10612] INFO  server.AuthenticationFilter (AuthenticationFilter.java:constructSecretProvider(240)) - Unable to initialize FileSignerSecretProvider, falling back to use random secrets.
2021-10-05 12:35:27,303 [Listener at localhost/10612] WARN  http.HttpRequestLog (HttpRequestLog.java:getRequestLog(103)) - Jetty request log can only be enabled using Log4j
2021-10-05 12:35:27,305 [Listener at localhost/10612] INFO  http.HttpServer2 (HttpServer2.java:addGlobalFilter(1030)) - Added global filter 'safety' (class=org.apache.hadoop.hdds.server.http.HttpServer2$QuotingInputFilter)
2021-10-05 12:35:27,305 [Listener at localhost/10612] INFO  http.HttpServer2 (HttpServer2.java:addFilter(1006)) - Added filter static_user_filter (class=org.apache.hadoop.http.lib.StaticUserWebFilter$StaticUserFilter) to context ozoneManager
2021-10-05 12:35:27,305 [Listener at localhost/10612] INFO  http.HttpServer2 (HttpServer2.java:addFilter(1014)) - Added filter static_user_filter (class=org.apache.hadoop.http.lib.StaticUserWebFilter$StaticUserFilter) to context static
2021-10-05 12:35:27,305 [Listener at localhost/10612] INFO  http.HttpServer2 (HttpServer2.java:addFilter(1014)) - Added filter static_user_filter (class=org.apache.hadoop.http.lib.StaticUserWebFilter$StaticUserFilter) to context logs
2021-10-05 12:35:27,306 [Listener at localhost/10612] INFO  http.HttpServer2 (HttpServer2.java:bindListener(1249)) - Jetty bound to port 10614
2021-10-05 12:35:27,306 [Listener at localhost/10612] INFO  server.Server (Server.java:doStart(375)) - jetty-9.4.43.v20210629; built: 2021-06-30T11:07:22.254Z; git: 526006ecfa3af7f1a27ef3a288e2bef7ea9dd7e8; jvm 1.8.0_292-b10
2021-10-05 12:35:27,307 [Listener at localhost/10612] INFO  server.session (DefaultSessionIdManager.java:doStart(334)) - DefaultSessionIdManager workerName=node0
2021-10-05 12:35:27,307 [Listener at localhost/10612] INFO  server.session (DefaultSessionIdManager.java:doStart(339)) - No SessionScavenger set, using defaults
2021-10-05 12:35:27,307 [Listener at localhost/10612] INFO  server.session (HouseKeeper.java:startScavenging(132)) - node0 Scavenging every 600000ms
2021-10-05 12:35:27,307 [Listener at localhost/10612] INFO  handler.ContextHandler (ContextHandler.java:doStart(915)) - Started o.e.j.s.ServletContextHandler@5e3e2480{logs,/logs,file:///home/runner/work/ozone/ozone/hadoop-ozone/integration-test/target/log,AVAILABLE}
2021-10-05 12:35:27,308 [Listener at localhost/10612] INFO  handler.ContextHandler (ContextHandler.java:doStart(915)) - Started o.e.j.s.ServletContextHandler@658457af{static,/static,file:///home/runner/work/ozone/ozone/hadoop-ozone/integration-test/target/test-classes/webapps/static,AVAILABLE}
2021-10-05 12:35:27,310 [Listener at localhost/10612] INFO  handler.ContextHandler (ContextHandler.java:doStart(915)) - Started o.e.j.w.WebAppContext@41697132{ozoneManager,/,file:///home/runner/work/ozone/ozone/hadoop-ozone/integration-test/target/test-classes/webapps/ozoneManager/,AVAILABLE}{file:/home/runner/work/ozone/ozone/hadoop-ozone/integration-test/target/test-classes/webapps/ozoneManager}
2021-10-05 12:35:27,316 [Listener at localhost/10612] INFO  server.AbstractConnector (AbstractConnector.java:doStart(331)) - Started ServerConnector@55cb988a{HTTP/1.1, (http/1.1)}{0.0.0.0:10614}
2021-10-05 12:35:27,316 [Listener at localhost/10612] INFO  server.Server (Server.java:doStart(415)) - Started @296799ms
2021-10-05 12:35:27,316 [Listener at localhost/10612] WARN  impl.MetricsSystemImpl (MetricsSystemImpl.java:register(279)) - Sink prometheus already exists!
2021-10-05 12:35:27,317 [Listener at localhost/10612] INFO  http.BaseHttpServer (BaseHttpServer.java:updateConnectorAddress(329)) - HTTP server of ozoneManager listening at http://0.0.0.0:10614
2021-10-05 12:35:27,317 [IPC Server Responder] INFO  ipc.Server (Server.java:run(1507)) - IPC Server Responder: starting
2021-10-05 12:35:27,317 [IPC Server listener on 10612] INFO  ipc.Server (Server.java:run(1344)) - IPC Server listener on 10612: starting
2021-10-05 12:35:27,318 [Listener at localhost/10612] INFO  om.OzoneManager (OzoneManager.java:startTrashEmptier(1543)) - Trash Interval set to 0. Files deleted will not move to trash
2021-10-05 12:35:27,319 [Listener at localhost/10612] INFO  om.OzoneManager (OzoneManager.java:stop(1644)) - Stopping Ozone Manager
2021-10-05 12:35:27,319 [Listener at localhost/10612] INFO  ipc.Server (Server.java:stop(3414)) - Stopping server on 10600
2021-10-05 12:35:27,327 [IPC Server listener on 10600] INFO  ipc.Server (Server.java:run(1376)) - Stopping IPC Server listener on 10600
2021-10-05 12:35:27,327 [IPC Server Responder] INFO  ipc.Server (Server.java:run(1512)) - Stopping IPC Server Responder
2021-10-05 12:35:27,327 [Listener at localhost/10612] INFO  server.RaftServer (RaftServerProxy.java:lambda$close$6(391)) - omNode-1: close
2021-10-05 12:35:27,327 [Listener at localhost/10612] INFO  server.RaftServer$Division (RaftServerImpl.java:lambda$close$4(407)) - omNode-1@group-523986131536: shutdown
2021-10-05 12:35:27,327 [Listener at localhost/10612] INFO  util.JmxRegister (JmxRegister.java:unregister(73)) - Successfully un-registered JMX Bean with object name Ratis:service=RaftServer,group=group-523986131536,id=omNode-1
2021-10-05 12:35:27,327 [Listener at localhost/10612] INFO  impl.RoleInfo (RoleInfo.java:shutdownFollowerState(108)) - omNode-1: shutdown omNode-1@group-523986131536-FollowerState
2021-10-05 12:35:27,327 [Listener at localhost/10612] INFO  impl.StateMachineUpdater (StateMachineUpdater.java:stopAndJoin(149)) - omNode-1@group-523986131536-StateMachineUpdater: set stopIndex = 17
2021-10-05 12:35:27,327 [omNode-1@group-523986131536-StateMachineUpdater] INFO  ratis.OzoneManagerStateMachine (OzoneManagerStateMachine.java:close(471)) - StateMachine has shutdown. Shutdown OzoneManager if not already shutdown.
2021-10-05 12:35:27,327 [org.apache.hadoop.util.JvmPauseMonitor$Monitor@74c16ab5] INFO  util.JvmPauseMonitor (JvmPauseMonitor.java:run(188)) - Starting JVM pause monitor
2021-10-05 12:35:27,327 [omNode-1@group-523986131536-FollowerState] INFO  impl.FollowerState (FollowerState.java:run(143)) - omNode-1@group-523986131536-FollowerState was interrupted: {}
java.lang.InterruptedException: sleep interrupted
	at java.lang.Thread.sleep(Native Method)
	at java.lang.Thread.sleep(Thread.java:340)
	at java.util.concurrent.TimeUnit.sleep(TimeUnit.java:386)
	at org.apache.ratis.util.TimeDuration.sleep(TimeDuration.java:324)
	at org.apache.ratis.util.TimeDuration.sleep(TimeDuration.java:309)
	at org.apache.ratis.server.impl.FollowerState.run(FollowerState.java:118)
2021-10-05 12:35:27,328 [Listener at localhost/10612] INFO  server.RaftServer$Division (ServerState.java:close(419)) - omNode-1@group-523986131536: closes. applyIndex: 17
2021-10-05 12:35:27,329 [omNode-1@group-523986131536-SegmentedRaftLogWorker] INFO  segmented.SegmentedRaftLogWorker (SegmentedRaftLogWorker.java:run(327)) - omNode-1@group-523986131536-SegmentedRaftLogWorker was interrupted, exiting. There are 0 tasks remaining in the queue.
2021-10-05 12:35:27,329 [Listener at localhost/10612] INFO  segmented.SegmentedRaftLogWorker (SegmentedRaftLogWorker.java:close(237)) - omNode-1@group-523986131536-SegmentedRaftLogWorker close()
2021-10-05 12:35:27,330 [Listener at localhost/10612] INFO  server.GrpcService (GrpcService.java:closeImpl(262)) - omNode-1: shutdown server with port 10604 now
2021-10-05 12:35:27,337 [grpc-default-executor-7] WARN  server.GrpcServerProtocolService (LogUtils.java:warn(122)) - omNode-1: installSnapshot onError, lastRequest: omNode-2->omNode-1#1-t13,previous=(t:11, i:29),leaderCommit=29,initializing? true,entries: size=1, first=(t:13, i:30), CONFIGURATIONENTRY: org.apache.ratis.thirdparty.io.grpc.StatusRuntimeException: CANCELLED: client cancelled
2021-10-05 12:35:27,338 [grpc-default-executor-6] WARN  server.GrpcServerProtocolService (LogUtils.java:warn(122)) - omNode-1: installSnapshot onError, lastRequest: omNode-2->omNode-1#73-t13,previous=(t:0, i:0),leaderCommit=13,initializing? false,entries: size=13, first=(t:3, i:18), CONFIGURATIONENTRY: org.apache.ratis.thirdparty.io.grpc.StatusRuntimeException: CANCELLED: client cancelled
2021-10-05 12:35:27,340 [grpc-default-executor-1] WARN  server.GrpcLogAppender (LogUtils.java:warn(122)) - omNode-2@group-523986131536->omNode-1-AppendLogResponseHandler: Failed appendEntries: org.apache.ratis.thirdparty.io.grpc.StatusRuntimeException: CANCELLED: HTTP/2 error code: CANCEL
Received Rst Stream
2021-10-05 12:35:27,340 [grpc-default-executor-1] INFO  leader.FollowerInfo (FollowerInfoImpl.java:lambda$new$0(46)) - omNode-2@group-523986131536->omNode-1: nextIndex: updateUnconditionally 31 -> 18
2021-10-05 12:35:27,344 [Listener at localhost/10612] INFO  server.GrpcService (GrpcService.java:closeImpl(271)) - omNode-1: shutdown server with port 10604 successfully
2021-10-05 12:35:27,344 [org.apache.ratis.util.JvmPauseMonitor$$Lambda$523/2137356424@65bc8076] INFO  util.JvmPauseMonitor (JvmPauseMonitor.java:run(109)) - JvmPauseMonitor-omNode-1: Stopped
2021-10-05 12:35:27,344 [Listener at localhost/10612] INFO  ratis.OzoneManagerDoubleBuffer (OzoneManagerDoubleBuffer.java:stop(437)) - Stopping OMDoubleBuffer flush thread
2021-10-05 12:35:27,344 [OMDoubleBufferFlushThread] INFO  ratis.OzoneManagerDoubleBuffer (OzoneManagerDoubleBuffer.java:flushTransactions(356)) - OMDoubleBuffer flush thread OMDoubleBufferFlushThread is interrupted and will exit. OMDoubleBufferFlushThread
2021-10-05 12:35:27,344 [Listener at localhost/10612] INFO  handler.ContextHandler (ContextHandler.java:doStop(1153)) - Stopped o.e.j.w.WebAppContext@6265a690{ozoneManager,/,null,STOPPED}{file:/home/runner/work/ozone/ozone/hadoop-ozone/integration-test/target/test-classes/webapps/ozoneManager}
2021-10-05 12:35:27,345 [Listener at localhost/10612] INFO  server.AbstractConnector (AbstractConnector.java:doStop(381)) - Stopped ServerConnector@7db4fd75{HTTP/1.1, (http/1.1)}{0.0.0.0:10602}
2021-10-05 12:35:27,345 [Listener at localhost/10612] INFO  server.session (HouseKeeper.java:stopScavenging(149)) - node0 Stopped scavenging
2021-10-05 12:35:27,345 [Listener at localhost/10612] INFO  handler.ContextHandler (ContextHandler.java:doStop(1153)) - Stopped o.e.j.s.ServletContextHandler@2bb6287b{static,/static,file:///home/runner/work/ozone/ozone/hadoop-ozone/integration-test/target/test-classes/webapps/static,STOPPED}
2021-10-05 12:35:27,345 [Listener at localhost/10612] INFO  handler.ContextHandler (ContextHandler.java:doStop(1153)) - Stopped o.e.j.s.ServletContextHandler@5ec95e4a{logs,/logs,file:///home/runner/work/ozone/ozone/hadoop-ozone/integration-test/target/log,STOPPED}
2021-10-05 12:35:27,349 [grpc-default-executor-8] WARN  server.GrpcLogAppender (LogUtils.java:warn(122)) - omNode-2@group-523986131536->omNode-1-AppendLogResponseHandler: Failed appendEntries: org.apache.ratis.thirdparty.io.grpc.StatusRuntimeException: UNAVAILABLE: io exception
2021-10-05 12:35:27,349 [grpc-default-executor-8] INFO  leader.FollowerInfo (FollowerInfoImpl.java:lambda$new$0(46)) - omNode-2@group-523986131536->omNode-1: nextIndex: updateUnconditionally 31 -> 18
2021-10-05 12:35:27,350 [grpc-default-executor-9] INFO  server.GrpcLogAppender (GrpcLogAppender.java:onError(333)) - omNode-2@group-523986131536->omNode-1-GrpcLogAppender is stopped
2021-10-05 12:35:27,351 [Listener at localhost/10612] INFO  om.OzoneManager (OzoneManager.java:initFSOLayout(4333)) - Configured ozone.om.metadata.layout=SIMPLE and disabled optimized OM FS operations
2021-10-05 12:35:27,351 [Listener at localhost/10612] INFO  om.OzoneManager (OzoneManager.java:restart(1365)) - OzoneManager RPC server is listening at localhost/127.0.0.1:10600
2021-10-05 12:35:27,351 [Listener at localhost/10612] INFO  impl.MetricsSystemImpl (MetricsSystemImpl.java:init(158)) - OzoneManager metrics system started (again)
2021-10-05 12:35:27,373 [Listener at localhost/10612] WARN  server.ServerUtils (ServerUtils.java:getDBPath(225)) - ozone.om.db.dirs is not configured. We recommend adding this setting. Falling back to ozone.metadata.dirs instead.
2021-10-05 12:35:27,373 [Listener at localhost/10612] INFO  codec.OmKeyInfoCodec (OmKeyInfoCodec.java:<init>(51)) - OmKeyInfoCodec ignorePipeline = true
2021-10-05 12:35:27,373 [Listener at localhost/10612] INFO  codec.RepeatedOmKeyInfoCodec (RepeatedOmKeyInfoCodec.java:<init>(42)) - RepeatedOmKeyInfoCodec ignorePipeline = true
2021-10-05 12:35:27,404 [Listener at localhost/10612] WARN  om.OzoneManager (OzoneManager.java:instantiatePrepareStateOnStartup(4212)) - Prepare marker file index 17 does not match DB prepare index 14. Writing DB index to prepare file and maintaining prepared state.
2021-10-05 12:35:27,404 [Listener at localhost/10612] INFO  om.OzoneManagerPrepareState (OzoneManagerPrepareState.java:writePrepareMarkerFile(262)) - Prepare marker file written with log index 14 to file /home/runner/work/ozone/ozone/hadoop-ozone/integration-test/target/test-dir/MiniOzoneClusterImpl-37ac24e5-edd8-4d0c-a990-01310c91afa3/omNode-1/current/prepareMarker
2021-10-05 12:35:27,407 [Listener at localhost/10612] WARN  impl.MetricRegistriesImpl (MetricRegistriesImpl.java:addReporterRegistration(111)) - New reporters are added after registries were created. Some metrics will be missing from the reporter. Please add reporter before adding any new registry.
2021-10-05 12:35:27,407 [Listener at localhost/10612] WARN  impl.MetricRegistriesImpl (MetricRegistriesImpl.java:addReporterRegistration(111)) - New reporters are added after registries were created. Some metrics will be missing from the reporter. Please add reporter before adding any new registry.
2021-10-05 12:35:27,407 [Listener at localhost/10612] WARN  server.ServerUtils (ServerUtils.java:getDefaultRatisDirectory(237)) - Storage directory for Ratis is not configured. It is a good idea to map this to an SSD disk. Falling back to ozone.metadata.dirs
2021-10-05 12:35:27,408 [Listener at localhost/10612] INFO  ratis.OzoneManagerRatisServer (OzoneManagerRatisServer.java:<init>(158)) - Instantiating OM Ratis server with groupID: om-service-test1 and peers: localhost:10604, localhost:10616, localhost:10610
2021-10-05 12:35:27,408 [Listener at localhost/10612] INFO  ratis.OzoneManagerStateMachine (OzoneManagerStateMachine.java:loadSnapshotInfoFromDB(605)) - LastAppliedIndex is set from TransactionInfo from OM DB as (t:2, i:17)
2021-10-05 12:35:27,411 [Listener at localhost/10612] INFO  server.RaftServer (ConfUtils.java:logGet(44)) - raft.rpc.type = GRPC (default)
2021-10-05 12:35:27,411 [Listener at localhost/10612] INFO  grpc.GrpcFactory (GrpcFactory.java:checkPooledByteBufAllocatorUseCacheForAllThreads(48)) - PERFORMANCE WARNING: useCacheForAllThreads is true that may cause Netty to create a lot garbage objects and, as a result, trigger GC.
	It is recommended to disable useCacheForAllThreads by setting -Dorg.apache.ratis.thirdparty.io.netty.allocator.useCacheForAllThreads=false in command line.
2021-10-05 12:35:27,411 [Listener at localhost/10612] INFO  grpc.GrpcConfigKeys (ConfUtils.java:logGet(44)) - raft.grpc.admin.port = -1 (default)
2021-10-05 12:35:27,411 [Listener at localhost/10612] INFO  grpc.GrpcConfigKeys (ConfUtils.java:logGet(44)) - raft.grpc.server.port = 10604 (custom)
2021-10-05 12:35:27,411 [Listener at localhost/10612] INFO  grpc.GrpcConfigKeys (ConfUtils.java:logGet(44)) - raft.grpc.client.port = -1 (default)
2021-10-05 12:35:27,412 [Listener at localhost/10612] INFO  grpc.GrpcConfigKeys (ConfUtils.java:logGet(44)) - raft.grpc.server.port = 10604 (custom)
2021-10-05 12:35:27,412 [Listener at localhost/10612] INFO  grpc.GrpcConfigKeys (ConfUtils.java:logGet(44)) - raft.grpc.server.port = 10604 (custom)
2021-10-05 12:35:27,412 [Listener at localhost/10612] INFO  server.GrpcService (ConfUtils.java:logGet(44)) - raft.grpc.message.size.max = 33554432 (custom)
2021-10-05 12:35:27,412 [Listener at localhost/10612] INFO  server.RaftServerConfigKeys (ConfUtils.java:logGet(44)) - raft.server.log.appender.buffer.byte-limit = 33554432 (custom)
2021-10-05 12:35:27,412 [Listener at localhost/10612] INFO  server.GrpcService (ConfUtils.java:logGet(44)) - raft.grpc.flow.control.window = 1MB (=1048576) (default)
2021-10-05 12:35:27,412 [Listener at localhost/10612] INFO  server.RaftServerConfigKeys (ConfUtils.java:logGet(44)) - raft.server.rpc.request.timeout = 3000ms (default)
2021-10-05 12:35:27,413 [Listener at localhost/10612] INFO  impl.DataStreamServerImpl (ConfUtils.java:logGet(44)) - raft.datastream.type = DISABLED (default)
2021-10-05 12:35:27,413 [Listener at localhost/10612] INFO  server.RaftServerConfigKeys (ConfUtils.java:logGet(44)) - raft.server.rpc.slowness.timeout = 2s (custom)
2021-10-05 12:35:27,413 [Listener at localhost/10612] INFO  server.RaftServerConfigKeys (ConfUtils.java:logGet(44)) - raft.server.leaderelection.leader.step-down.wait-time = 10s (default)
2021-10-05 12:35:27,413 [Listener at localhost/10612] INFO  server.RaftServerConfigKeys (ConfUtils.java:logGet(44)) - raft.server.storage.dir = [/home/runner/work/ozone/ozone/hadoop-ozone/integration-test/target/test-dir/MiniOzoneClusterImpl-37ac24e5-edd8-4d0c-a990-01310c91afa3/omNode-1/ratis] (custom)
2021-10-05 12:35:27,413 [Listener at localhost/10612] INFO  server.RaftServer (RaftServerProxy.java:lambda$null$1(235)) - omNode-1: found a subdirectory /home/runner/work/ozone/ozone/hadoop-ozone/integration-test/target/test-dir/MiniOzoneClusterImpl-37ac24e5-edd8-4d0c-a990-01310c91afa3/omNode-1/ratis/c9bc4cf4-3bc3-3c60-a66b-523986131536
2021-10-05 12:35:27,414 [Listener at localhost/10612] INFO  server.RaftServer (RaftServerProxy.java:addNew(95)) - omNode-1: addNew group-523986131536:[omNode-3|rpc:localhost:10616|priority:0, omNode-1|rpc:localhost:10604|priority:0, omNode-2|rpc:localhost:10610|priority:0] returns group-523986131536:java.util.concurrent.CompletableFuture@64ad0b1b[Not completed]
2021-10-05 12:35:27,414 [Listener at localhost/10612] INFO  om.OzoneManager (OzoneManager.java:initializeRatisServer(1585)) - OzoneManager Ratis server initialized at port 10604
2021-10-05 12:35:27,414 [Listener at localhost/10612] INFO  ratis.OzoneManagerRatisServer (OzoneManagerRatisServer.java:start(516)) - Starting OzoneManagerRatisServer omNode-1 at port 10604
2021-10-05 12:35:27,414 [pool-431-thread-1] INFO  server.RaftServer$Division (RaftServerImpl.java:<init>(181)) - omNode-1: new RaftServerImpl for group-523986131536:[omNode-3|rpc:localhost:10616|priority:0, omNode-1|rpc:localhost:10604|priority:0, omNode-2|rpc:localhost:10610|priority:0] with OzoneManagerStateMachine:uninitialized
2021-10-05 12:35:27,415 [pool-431-thread-1] INFO  server.RaftServerConfigKeys (ConfUtils.java:logGet(44)) - raft.server.rpc.timeout.min = 1s (custom)
2021-10-05 12:35:27,415 [pool-431-thread-1] INFO  server.RaftServerConfigKeys (ConfUtils.java:logGet(44)) - raft.server.rpc.timeout.max = 1200ms (custom)
2021-10-05 12:35:27,415 [pool-431-thread-1] INFO  server.RaftServerConfigKeys (ConfUtils.java:logGet(44)) - raft.server.rpc.sleep.time = 25ms (default)
2021-10-05 12:35:27,415 [pool-431-thread-1] INFO  server.RaftServerConfigKeys (ConfUtils.java:logGet(44)) - raft.server.rpc.slowness.timeout = 2s (custom)
2021-10-05 12:35:27,415 [pool-431-thread-1] INFO  server.RaftServerConfigKeys (ConfUtils.java:logGet(44)) - raft.server.leaderelection.leader.step-down.wait-time = 10s (default)
2021-10-05 12:35:27,415 [pool-431-thread-1] INFO  server.RaftServerConfigKeys (ConfUtils.java:logGet(44)) - raft.server.sleep.deviation.threshold = 300ms (default)
2021-10-05 12:35:27,415 [pool-431-thread-1] INFO  server.RaftServerConfigKeys (ConfUtils.java:logGet(44)) - raft.server.log.appender.install.snapshot.enabled = false (custom)
2021-10-05 12:35:27,415 [pool-431-thread-1] INFO  server.RaftServer$Division (ServerState.java:<init>(105)) - omNode-1@group-523986131536: ConfigurationManager, init=-1: [omNode-3|rpc:localhost:10616|priority:0, omNode-1|rpc:localhost:10604|priority:0, omNode-2|rpc:localhost:10610|priority:0], old=null, confs=<EMPTY_MAP>
2021-10-05 12:35:27,416 [pool-431-thread-1] INFO  server.RaftServerConfigKeys (ConfUtils.java:logGet(44)) - raft.server.storage.dir = [/home/runner/work/ozone/ozone/hadoop-ozone/integration-test/target/test-dir/MiniOzoneClusterImpl-37ac24e5-edd8-4d0c-a990-01310c91afa3/omNode-1/ratis] (custom)
2021-10-05 12:35:27,416 [pool-431-thread-1] INFO  server.RaftServerConfigKeys (ConfUtils.java:logGet(44)) - raft.server.log.corruption.policy = EXCEPTION (default)
2021-10-05 12:35:27,416 [pool-431-thread-1] INFO  server.RaftServerConfigKeys (ConfUtils.java:logGet(44)) - raft.server.storage.free-space.min = 0MB (=0) (default)
2021-10-05 12:35:27,417 [pool-431-thread-1] INFO  storage.RaftStorageDirectory (RaftStorageDirectoryImpl.java:tryLock(230)) - Lock on /home/runner/work/ozone/ozone/hadoop-ozone/integration-test/target/test-dir/MiniOzoneClusterImpl-37ac24e5-edd8-4d0c-a990-01310c91afa3/omNode-1/ratis/c9bc4cf4-3bc3-3c60-a66b-523986131536/in_use.lock acquired by nodename 8782@fv-az270-324
2021-10-05 12:35:27,417 [pool-431-thread-1] INFO  storage.RaftStorage (RaftStorageImpl.java:analyzeAndRecoverStorage(110)) - Read RaftStorageMetadata{term=13, votedFor=omNode-2} from /home/runner/work/ozone/ozone/hadoop-ozone/integration-test/target/test-dir/MiniOzoneClusterImpl-37ac24e5-edd8-4d0c-a990-01310c91afa3/omNode-1/ratis/c9bc4cf4-3bc3-3c60-a66b-523986131536/current/raft-meta
2021-10-05 12:35:27,417 [pool-431-thread-1] INFO  server.RaftServer$Division (ServerState.java:setRaftConf(387)) - omNode-1@group-523986131536: set configuration 30: [omNode-3|rpc:localhost:10616|admin:|client:|dataStream:|priority:0, omNode-1|rpc:localhost:10604|admin:|client:|dataStream:|priority:0, omNode-2|rpc:localhost:10610|admin:|client:|dataStream:|priority:0], old=null
2021-10-05 12:35:27,417 [pool-431-thread-1] INFO  server.RaftServerConfigKeys (ConfUtils.java:logGet(44)) - raft.server.notification.no-leader.timeout = 2s (custom)
2021-10-05 12:35:27,418 [pool-431-thread-1] INFO  server.RaftServerConfigKeys (ConfUtils.java:logGet(44)) - raft.server.log.use.memory = false (default)
2021-10-05 12:35:27,418 [pool-431-thread-1] INFO  server.RaftServerConfigKeys (ConfUtils.java:logGet(44)) - raft.server.log.purge.gap = 50 (custom)
2021-10-05 12:35:27,418 [pool-431-thread-1] INFO  server.RaftServerConfigKeys (ConfUtils.java:logGet(44)) - raft.server.log.appender.buffer.byte-limit = 33554432 (custom)
2021-10-05 12:35:27,418 [pool-431-thread-1] INFO  server.RaftServerConfigKeys (ConfUtils.java:logGet(44)) - raft.server.log.segment.size.max = 4194304 (custom)
2021-10-05 12:35:27,418 [pool-431-thread-1] INFO  server.RaftServerConfigKeys (ConfUtils.java:logGet(44)) - raft.server.log.segment.cache.num.max = 2 (custom)
2021-10-05 12:35:27,418 [pool-431-thread-1] INFO  server.RaftServerConfigKeys (ConfUtils.java:logGet(44)) - raft.server.log.segment.cache.size.max = 200MB (=209715200) (default)
2021-10-05 12:35:27,418 [pool-431-thread-1] INFO  segmented.SegmentedRaftLogWorker (SegmentedRaftLogWorker.java:<init>(182)) - new omNode-1@group-523986131536-SegmentedRaftLogWorker for RaftStorageImpl:Storage Directory /home/runner/work/ozone/ozone/hadoop-ozone/integration-test/target/test-dir/MiniOzoneClusterImpl-37ac24e5-edd8-4d0c-a990-01310c91afa3/omNode-1/ratis/c9bc4cf4-3bc3-3c60-a66b-523986131536
2021-10-05 12:35:27,418 [pool-431-thread-1] INFO  server.RaftServerConfigKeys (ConfUtils.java:logGet(44)) - raft.server.log.queue.byte-limit = 64MB (=67108864) (default)
2021-10-05 12:35:27,418 [pool-431-thread-1] INFO  server.RaftServerConfigKeys (ConfUtils.java:logGet(44)) - raft.server.log.queue.element-limit = 4096 (default)
2021-10-05 12:35:27,418 [pool-431-thread-1] INFO  server.RaftServerConfigKeys (ConfUtils.java:logGet(44)) - raft.server.log.segment.size.max = 4194304 (custom)
2021-10-05 12:35:27,418 [pool-431-thread-1] INFO  server.RaftServerConfigKeys (ConfUtils.java:logGet(44)) - raft.server.log.preallocated.size = 4194304 (custom)
2021-10-05 12:35:27,418 [pool-431-thread-1] INFO  server.RaftServerConfigKeys (ConfUtils.java:logGet(44)) - raft.server.log.force.sync.num = 128 (default)
2021-10-05 12:35:27,419 [pool-431-thread-1] INFO  server.RaftServerConfigKeys (ConfUtils.java:logGet(44)) - raft.server.log.statemachine.data.sync = true (default)
2021-10-05 12:35:27,419 [pool-431-thread-1] INFO  server.RaftServerConfigKeys (ConfUtils.java:logGet(44)) - raft.server.log.statemachine.data.sync.timeout = 10s (default)
2021-10-05 12:35:27,419 [pool-431-thread-1] INFO  server.RaftServerConfigKeys (ConfUtils.java:logGet(44)) - raft.server.log.statemachine.data.sync.timeout.retry = -1 (default)
2021-10-05 12:35:27,420 [pool-431-thread-1] INFO  server.RaftServerConfigKeys (ConfUtils.java:logGet(44)) - raft.server.log.write.buffer.size = 64KB (=65536) (default)
2021-10-05 12:35:27,420 [pool-431-thread-1] INFO  server.RaftServerConfigKeys (ConfUtils.java:logGet(44)) - raft.server.log.statemachine.data.caching.enabled = false (default)
2021-10-05 12:35:27,420 [pool-431-thread-1] INFO  segmented.SegmentedRaftLogWorker (SegmentedRaftLogWorker.java:lambda$new$0(133)) - omNode-1@group-523986131536-SegmentedRaftLogWorker: flushIndex: setUnconditionally 0 -> 17
2021-10-05 12:35:27,420 [pool-431-thread-1] INFO  segmented.SegmentedRaftLogWorker (SegmentedRaftLogWorker.java:lambda$new$0(133)) - omNode-1@group-523986131536-SegmentedRaftLogWorker: safeCacheEvictIndex: setUnconditionally 0 -> -1
2021-10-05 12:35:27,423 [pool-431-thread-1] INFO  server.RaftServerConfigKeys (ConfUtils.java:logGet(44)) - raft.server.snapshot.auto.trigger.enabled = true (custom)
2021-10-05 12:35:27,423 [pool-431-thread-1] INFO  server.RaftServerConfigKeys (ConfUtils.java:logGet(44)) - raft.server.snapshot.auto.trigger.threshold = 50 (custom)
2021-10-05 12:35:27,423 [pool-431-thread-1] INFO  server.RaftServerConfigKeys (ConfUtils.java:logGet(44)) - raft.server.snapshot.retention.file.num = -1 (default)
2021-10-05 12:35:27,423 [pool-431-thread-1] INFO  server.RaftServerConfigKeys (ConfUtils.java:logGet(44)) - raft.server.log.purge.upto.snapshot.index = true (custom)
2021-10-05 12:35:27,423 [pool-431-thread-1] INFO  server.RaftServerConfigKeys (ConfUtils.java:logGet(44)) - raft.server.retrycache.expirytime = 30000ms (custom)
2021-10-05 12:35:27,423 [pool-431-thread-1] INFO  server.RaftServerConfigKeys (ConfUtils.java:logGet(44)) - raft.server.retrycache.statistics.expirytime = 100μs (default)
2021-10-05 12:35:27,424 [Listener at localhost/10612] INFO  server.RaftServer$Division (RaftServerImpl.java:start(296)) - omNode-1@group-523986131536: start as a follower, conf=30: [omNode-3|rpc:localhost:10616|admin:|client:|dataStream:|priority:0, omNode-1|rpc:localhost:10604|admin:|client:|dataStream:|priority:0, omNode-2|rpc:localhost:10610|admin:|client:|dataStream:|priority:0], old=null
2021-10-05 12:35:27,424 [Listener at localhost/10612] INFO  server.RaftServer$Division (RaftServerImpl.java:setRole(285)) - omNode-1@group-523986131536: changes role from      null to FOLLOWER at term 13 for startAsFollower
2021-10-05 12:35:27,425 [Listener at localhost/10612] INFO  impl.RoleInfo (RoleInfo.java:updateAndGet(130)) - omNode-1: start omNode-1@group-523986131536-FollowerState
2021-10-05 12:35:27,425 [Listener at localhost/10612] INFO  util.JmxRegister (JmxRegister.java:tryRegister(44)) - Successfully registered JMX Bean with object name Ratis:service=RaftServer,group=group-523986131536,id=omNode-1
2021-10-05 12:35:27,426 [Listener at localhost/10612] INFO  server.RaftServer (RaftServerProxy.java:lambda$start$5(374)) - omNode-1: start RPC server
2021-10-05 12:35:27,426 [Listener at localhost/10612] INFO  server.GrpcService (GrpcService.java:startImpl(253)) - omNode-1: GrpcService started, listening on 10604
2021-10-05 12:35:27,427 [Listener at localhost/10612] INFO  ipc.CallQueueManager (CallQueueManager.java:<init>(90)) - Using callQueue: class java.util.concurrent.LinkedBlockingQueue, queueCapacity: 2000, scheduler: class org.apache.hadoop.ipc.DefaultRpcScheduler, ipcBackoff: false.
2021-10-05 12:35:27,427 [org.apache.ratis.util.JvmPauseMonitor$$Lambda$523/2137356424@238c6959] INFO  util.JvmPauseMonitor (JvmPauseMonitor.java:run(103)) - JvmPauseMonitor-omNode-1: Started
2021-10-05 12:35:27,427 [Socket Reader #1 for port 10600] INFO  ipc.Server (Server.java:run(1265)) - Starting Socket Reader #1 for port 10600
2021-10-05 12:35:27,432 [Listener at localhost/10600] INFO  http.BaseHttpServer (BaseHttpServer.java:newHttpServer2BuilderForOzone(209)) - Starting Web-server for ozoneManager at: http://0.0.0.0:10602
2021-10-05 12:35:27,432 [Listener at localhost/10600] INFO  http.BaseHttpServer (BaseHttpServer.java:<init>(107)) - Hadoop Security Enabled: false Ozone Security Enabled: false Ozone HTTP Security Enabled: false 
2021-10-05 12:35:27,434 [Listener at localhost/10600] INFO  server.AuthenticationFilter (AuthenticationFilter.java:constructSecretProvider(240)) - Unable to initialize FileSignerSecretProvider, falling back to use random secrets.
2021-10-05 12:35:27,435 [Listener at localhost/10600] WARN  http.HttpRequestLog (HttpRequestLog.java:getRequestLog(103)) - Jetty request log can only be enabled using Log4j
2021-10-05 12:35:27,436 [Listener at localhost/10600] INFO  http.HttpServer2 (HttpServer2.java:addGlobalFilter(1030)) - Added global filter 'safety' (class=org.apache.hadoop.hdds.server.http.HttpServer2$QuotingInputFilter)
2021-10-05 12:35:27,436 [Listener at localhost/10600] INFO  http.HttpServer2 (HttpServer2.java:addFilter(1006)) - Added filter static_user_filter (class=org.apache.hadoop.http.lib.StaticUserWebFilter$StaticUserFilter) to context ozoneManager
2021-10-05 12:35:27,436 [Listener at localhost/10600] INFO  http.HttpServer2 (HttpServer2.java:addFilter(1014)) - Added filter static_user_filter (class=org.apache.hadoop.http.lib.StaticUserWebFilter$StaticUserFilter) to context logs
2021-10-05 12:35:27,436 [Listener at localhost/10600] INFO  http.HttpServer2 (HttpServer2.java:addFilter(1014)) - Added filter static_user_filter (class=org.apache.hadoop.http.lib.StaticUserWebFilter$StaticUserFilter) to context static
2021-10-05 12:35:27,437 [Listener at localhost/10600] INFO  http.HttpServer2 (HttpServer2.java:bindListener(1249)) - Jetty bound to port 10602
2021-10-05 12:35:27,437 [Listener at localhost/10600] INFO  server.Server (Server.java:doStart(375)) - jetty-9.4.43.v20210629; built: 2021-06-30T11:07:22.254Z; git: 526006ecfa3af7f1a27ef3a288e2bef7ea9dd7e8; jvm 1.8.0_292-b10
2021-10-05 12:35:27,438 [Listener at localhost/10600] INFO  server.session (DefaultSessionIdManager.java:doStart(334)) - DefaultSessionIdManager workerName=node0
2021-10-05 12:35:27,438 [Listener at localhost/10600] INFO  server.session (DefaultSessionIdManager.java:doStart(339)) - No SessionScavenger set, using defaults
2021-10-05 12:35:27,440 [Listener at localhost/10600] INFO  server.session (HouseKeeper.java:startScavenging(132)) - node0 Scavenging every 660000ms
2021-10-05 12:35:27,441 [Listener at localhost/10600] INFO  handler.ContextHandler (ContextHandler.java:doStart(915)) - Started o.e.j.s.ServletContextHandler@4bea709a{logs,/logs,file:///home/runner/work/ozone/ozone/hadoop-ozone/integration-test/target/log,AVAILABLE}
2021-10-05 12:35:27,441 [Listener at localhost/10600] INFO  handler.ContextHandler (ContextHandler.java:doStart(915)) - Started o.e.j.s.ServletContextHandler@38793125{static,/static,file:///home/runner/work/ozone/ozone/hadoop-ozone/integration-test/target/test-classes/webapps/static,AVAILABLE}
2021-10-05 12:35:27,450 [Listener at localhost/10600] INFO  handler.ContextHandler (ContextHandler.java:doStart(915)) - Started o.e.j.w.WebAppContext@535fd25b{ozoneManager,/,file:///home/runner/work/ozone/ozone/hadoop-ozone/integration-test/target/test-classes/webapps/ozoneManager/,AVAILABLE}{file:/home/runner/work/ozone/ozone/hadoop-ozone/integration-test/target/test-classes/webapps/ozoneManager}
2021-10-05 12:35:27,474 [Listener at localhost/10600] INFO  server.AbstractConnector (AbstractConnector.java:doStart(331)) - Started ServerConnector@6f0495f8{HTTP/1.1, (http/1.1)}{0.0.0.0:10602}
2021-10-05 12:35:27,474 [Listener at localhost/10600] INFO  server.Server (Server.java:doStart(415)) - Started @296957ms
2021-10-05 12:35:27,474 [Listener at localhost/10600] WARN  impl.MetricsSystemImpl (MetricsSystemImpl.java:register(279)) - Sink prometheus already exists!
2021-10-05 12:35:27,474 [Listener at localhost/10600] INFO  http.BaseHttpServer (BaseHttpServer.java:updateConnectorAddress(329)) - HTTP server of ozoneManager listening at http://0.0.0.0:10602
2021-10-05 12:35:27,480 [IPC Server Responder] INFO  ipc.Server (Server.java:run(1507)) - IPC Server Responder: starting
2021-10-05 12:35:27,480 [IPC Server listener on 10600] INFO  ipc.Server (Server.java:run(1344)) - IPC Server listener on 10600: starting
2021-10-05 12:35:27,491 [Listener at localhost/10600] INFO  om.OzoneManager (OzoneManager.java:startTrashEmptier(1543)) - Trash Interval set to 0. Files deleted will not move to trash
2021-10-05 12:35:27,491 [Listener at localhost/10600] INFO  om.OzoneManager (OzoneManager.java:stop(1644)) - Stopping Ozone Manager
2021-10-05 12:35:27,492 [Listener at localhost/10600] INFO  ipc.Server (Server.java:stop(3414)) - Stopping server on 10606
2021-10-05 12:35:27,496 [org.apache.hadoop.util.JvmPauseMonitor$Monitor@1f046749] INFO  util.JvmPauseMonitor (JvmPauseMonitor.java:run(188)) - Starting JVM pause monitor
2021-10-05 12:35:27,498 [IPC Server listener on 10606] INFO  ipc.Server (Server.java:run(1376)) - Stopping IPC Server listener on 10606
2021-10-05 12:35:27,498 [IPC Server Responder] INFO  ipc.Server (Server.java:run(1512)) - Stopping IPC Server Responder
2021-10-05 12:35:27,498 [Listener at localhost/10600] INFO  server.RaftServer (RaftServerProxy.java:lambda$close$6(391)) - omNode-2: close
2021-10-05 12:35:27,499 [Listener at localhost/10600] INFO  server.RaftServer$Division (RaftServerImpl.java:lambda$close$4(407)) - omNode-2@group-523986131536: shutdown
2021-10-05 12:35:27,499 [Listener at localhost/10600] INFO  util.JmxRegister (JmxRegister.java:unregister(73)) - Successfully un-registered JMX Bean with object name Ratis:service=RaftServer,group=group-523986131536,id=omNode-2
2021-10-05 12:35:27,499 [Listener at localhost/10600] INFO  impl.RoleInfo (RoleInfo.java:shutdownLeaderState(91)) - omNode-2: shutdown omNode-2@group-523986131536-LeaderStateImpl
2021-10-05 12:35:27,499 [Listener at localhost/10600] INFO  impl.PendingRequests (PendingRequests.java:sendNotLeaderResponses(282)) - omNode-2@group-523986131536-PendingRequests: sendNotLeaderResponses
2021-10-05 12:35:27,499 [omNode-2@group-523986131536->omNode-1-GrpcLogAppender-LogAppenderDaemon] WARN  server.GrpcLogAppender (GrpcLogAppender.java:mayWait(175)) - omNode-2@group-523986131536->omNode-1-GrpcLogAppender: Wait interrupted by java.lang.InterruptedException
2021-10-05 12:35:27,501 [Listener at localhost/10600] INFO  impl.StateMachineUpdater (StateMachineUpdater.java:stopAndJoin(149)) - omNode-2@group-523986131536-StateMachineUpdater: set stopIndex = 29
2021-10-05 12:35:27,501 [omNode-2@group-523986131536-StateMachineUpdater] INFO  ratis.OzoneManagerStateMachine (OzoneManagerStateMachine.java:takeSnapshot(417)) - Current Snapshot Index (t:11, i:29)
2021-10-05 12:35:27,501 [omNode-2@group-523986131536-StateMachineUpdater] INFO  impl.StateMachineUpdater (StateMachineUpdater.java:takeSnapshot(281)) - omNode-2@group-523986131536-StateMachineUpdater: Took a snapshot at index 29
2021-10-05 12:35:27,501 [omNode-2@group-523986131536-StateMachineUpdater] INFO  impl.StateMachineUpdater (StateMachineUpdater.java:lambda$new$0(89)) - omNode-2@group-523986131536-StateMachineUpdater: snapshotIndex: updateIncreasingly 25 -> 29
2021-10-05 12:35:27,501 [omNode-2@group-523986131536-StateMachineUpdater] INFO  ratis.OzoneManagerStateMachine (OzoneManagerStateMachine.java:close(471)) - StateMachine has shutdown. Shutdown OzoneManager if not already shutdown.
2021-10-05 12:35:27,502 [Listener at localhost/10600] INFO  server.RaftServer$Division (ServerState.java:close(419)) - omNode-2@group-523986131536: closes. applyIndex: 29
2021-10-05 12:35:27,502 [omNode-2@group-523986131536-SegmentedRaftLogWorker] INFO  segmented.SegmentedRaftLogWorker (SegmentedRaftLogWorker.java:run(327)) - omNode-2@group-523986131536-SegmentedRaftLogWorker was interrupted, exiting. There are 0 tasks remaining in the queue.
2021-10-05 12:35:27,503 [Listener at localhost/10600] INFO  segmented.SegmentedRaftLogWorker (SegmentedRaftLogWorker.java:close(237)) - omNode-2@group-523986131536-SegmentedRaftLogWorker close()
2021-10-05 12:35:27,504 [Listener at localhost/10600] INFO  server.GrpcService (GrpcService.java:closeImpl(262)) - omNode-2: shutdown server with port 10610 now
2021-10-05 12:35:27,506 [Listener at localhost/10600] INFO  server.GrpcService (GrpcService.java:closeImpl(271)) - omNode-2: shutdown server with port 10610 successfully
2021-10-05 12:35:27,506 [org.apache.ratis.util.JvmPauseMonitor$$Lambda$523/2137356424@719dd1c4] INFO  util.JvmPauseMonitor (JvmPauseMonitor.java:run(109)) - JvmPauseMonitor-omNode-2: Stopped
2021-10-05 12:35:27,506 [Listener at localhost/10600] INFO  ratis.OzoneManagerDoubleBuffer (OzoneManagerDoubleBuffer.java:stop(437)) - Stopping OMDoubleBuffer flush thread
2021-10-05 12:35:27,506 [OMDoubleBufferFlushThread] INFO  ratis.OzoneManagerDoubleBuffer (OzoneManagerDoubleBuffer.java:flushTransactions(356)) - OMDoubleBuffer flush thread OMDoubleBufferFlushThread is interrupted and will exit. OMDoubleBufferFlushThread
2021-10-05 12:35:27,507 [Listener at localhost/10600] INFO  handler.ContextHandler (ContextHandler.java:doStop(1153)) - Stopped o.e.j.w.WebAppContext@42b4d205{ozoneManager,/,null,STOPPED}{file:/home/runner/work/ozone/ozone/hadoop-ozone/integration-test/target/test-classes/webapps/ozoneManager}
2021-10-05 12:35:27,508 [Listener at localhost/10600] INFO  server.AbstractConnector (AbstractConnector.java:doStop(381)) - Stopped ServerConnector@1d5aa4b3{HTTP/1.1, (http/1.1)}{0.0.0.0:10608}
2021-10-05 12:35:27,508 [Listener at localhost/10600] INFO  server.session (HouseKeeper.java:stopScavenging(149)) - node0 Stopped scavenging
2021-10-05 12:35:27,508 [Listener at localhost/10600] INFO  handler.ContextHandler (ContextHandler.java:doStop(1153)) - Stopped o.e.j.s.ServletContextHandler@1b3388c5{static,/static,file:///home/runner/work/ozone/ozone/hadoop-ozone/integration-test/target/test-classes/webapps/static,STOPPED}
2021-10-05 12:35:27,508 [Listener at localhost/10600] INFO  handler.ContextHandler (ContextHandler.java:doStop(1153)) - Stopped o.e.j.s.ServletContextHandler@63f5bb76{logs,/logs,file:///home/runner/work/ozone/ozone/hadoop-ozone/integration-test/target/log,STOPPED}
2021-10-05 12:35:27,510 [Listener at localhost/10600] INFO  om.OzoneManager (OzoneManager.java:initFSOLayout(4333)) - Configured ozone.om.metadata.layout=SIMPLE and disabled optimized OM FS operations
2021-10-05 12:35:27,510 [Listener at localhost/10600] INFO  om.OzoneManager (OzoneManager.java:restart(1365)) - OzoneManager RPC server is listening at localhost/127.0.0.1:10606
2021-10-05 12:35:27,510 [Listener at localhost/10600] INFO  impl.MetricsSystemImpl (MetricsSystemImpl.java:init(158)) - OzoneManager metrics system started (again)
2021-10-05 12:35:27,523 [Listener at localhost/10600] WARN  server.ServerUtils (ServerUtils.java:getDBPath(225)) - ozone.om.db.dirs is not configured. We recommend adding this setting. Falling back to ozone.metadata.dirs instead.
2021-10-05 12:35:27,524 [Listener at localhost/10600] INFO  codec.OmKeyInfoCodec (OmKeyInfoCodec.java:<init>(51)) - OmKeyInfoCodec ignorePipeline = true
2021-10-05 12:35:27,525 [Listener at localhost/10600] INFO  codec.RepeatedOmKeyInfoCodec (RepeatedOmKeyInfoCodec.java:<init>(42)) - RepeatedOmKeyInfoCodec ignorePipeline = true
2021-10-05 12:35:27,551 [Listener at localhost/10600] WARN  impl.MetricRegistriesImpl (MetricRegistriesImpl.java:addReporterRegistration(111)) - New reporters are added after registries were created. Some metrics will be missing from the reporter. Please add reporter before adding any new registry.
2021-10-05 12:35:27,551 [Listener at localhost/10600] WARN  impl.MetricRegistriesImpl (MetricRegistriesImpl.java:addReporterRegistration(111)) - New reporters are added after registries were created. Some metrics will be missing from the reporter. Please add reporter before adding any new registry.
2021-10-05 12:35:27,551 [Listener at localhost/10600] WARN  server.ServerUtils (ServerUtils.java:getDefaultRatisDirectory(237)) - Storage directory for Ratis is not configured. It is a good idea to map this to an SSD disk. Falling back to ozone.metadata.dirs
2021-10-05 12:35:27,552 [Listener at localhost/10600] INFO  ratis.OzoneManagerRatisServer (OzoneManagerRatisServer.java:<init>(158)) - Instantiating OM Ratis server with groupID: om-service-test1 and peers: localhost:10610, localhost:10616, localhost:10604
2021-10-05 12:35:27,552 [Listener at localhost/10600] INFO  ratis.OzoneManagerStateMachine (OzoneManagerStateMachine.java:loadSnapshotInfoFromDB(605)) - LastAppliedIndex is set from TransactionInfo from OM DB as (t:11, i:29)
2021-10-05 12:35:27,553 [Listener at localhost/10600] INFO  server.RaftServer (ConfUtils.java:logGet(44)) - raft.rpc.type = GRPC (default)
2021-10-05 12:35:27,553 [Listener at localhost/10600] INFO  grpc.GrpcFactory (GrpcFactory.java:checkPooledByteBufAllocatorUseCacheForAllThreads(48)) - PERFORMANCE WARNING: useCacheForAllThreads is true that may cause Netty to create a lot garbage objects and, as a result, trigger GC.
	It is recommended to disable useCacheForAllThreads by setting -Dorg.apache.ratis.thirdparty.io.netty.allocator.useCacheForAllThreads=false in command line.
2021-10-05 12:35:27,553 [Listener at localhost/10600] INFO  grpc.GrpcConfigKeys (ConfUtils.java:logGet(44)) - raft.grpc.admin.port = -1 (default)
2021-10-05 12:35:27,553 [Listener at localhost/10600] INFO  grpc.GrpcConfigKeys (ConfUtils.java:logGet(44)) - raft.grpc.server.port = 10610 (custom)
2021-10-05 12:35:27,553 [Listener at localhost/10600] INFO  grpc.GrpcConfigKeys (ConfUtils.java:logGet(44)) - raft.grpc.client.port = -1 (default)
2021-10-05 12:35:27,553 [Listener at localhost/10600] INFO  grpc.GrpcConfigKeys (ConfUtils.java:logGet(44)) - raft.grpc.server.port = 10610 (custom)
2021-10-05 12:35:27,553 [Listener at localhost/10600] INFO  grpc.GrpcConfigKeys (ConfUtils.java:logGet(44)) - raft.grpc.server.port = 10610 (custom)
2021-10-05 12:35:27,553 [Listener at localhost/10600] INFO  server.GrpcService (ConfUtils.java:logGet(44)) - raft.grpc.message.size.max = 33554432 (custom)
2021-10-05 12:35:27,553 [Listener at localhost/10600] INFO  server.RaftServerConfigKeys (ConfUtils.java:logGet(44)) - raft.server.log.appender.buffer.byte-limit = 33554432 (custom)
2021-10-05 12:35:27,553 [Listener at localhost/10600] INFO  server.GrpcService (ConfUtils.java:logGet(44)) - raft.grpc.flow.control.window = 1MB (=1048576) (default)
2021-10-05 12:35:27,554 [Listener at localhost/10600] INFO  server.RaftServerConfigKeys (ConfUtils.java:logGet(44)) - raft.server.rpc.request.timeout = 3000ms (default)
2021-10-05 12:35:27,555 [Listener at localhost/10600] INFO  impl.DataStreamServerImpl (ConfUtils.java:logGet(44)) - raft.datastream.type = DISABLED (default)
2021-10-05 12:35:27,555 [Listener at localhost/10600] INFO  server.RaftServerConfigKeys (ConfUtils.java:logGet(44)) - raft.server.rpc.slowness.timeout = 2s (custom)
2021-10-05 12:35:27,555 [Listener at localhost/10600] INFO  server.RaftServerConfigKeys (ConfUtils.java:logGet(44)) - raft.server.leaderelection.leader.step-down.wait-time = 10s (default)
2021-10-05 12:35:27,555 [Listener at localhost/10600] INFO  server.RaftServerConfigKeys (ConfUtils.java:logGet(44)) - raft.server.storage.dir = [/home/runner/work/ozone/ozone/hadoop-ozone/integration-test/target/test-dir/MiniOzoneClusterImpl-37ac24e5-edd8-4d0c-a990-01310c91afa3/omNode-2/ratis] (custom)
2021-10-05 12:35:27,555 [Listener at localhost/10600] INFO  server.RaftServer (RaftServerProxy.java:lambda$null$1(235)) - omNode-2: found a subdirectory /home/runner/work/ozone/ozone/hadoop-ozone/integration-test/target/test-dir/MiniOzoneClusterImpl-37ac24e5-edd8-4d0c-a990-01310c91afa3/omNode-2/ratis/c9bc4cf4-3bc3-3c60-a66b-523986131536
2021-10-05 12:35:27,555 [Listener at localhost/10600] INFO  server.RaftServer (RaftServerProxy.java:addNew(95)) - omNode-2: addNew group-523986131536:[omNode-3|rpc:localhost:10616|priority:0, omNode-1|rpc:localhost:10604|priority:0, omNode-2|rpc:localhost:10610|priority:0] returns group-523986131536:java.util.concurrent.CompletableFuture@c1ad6af[Not completed]
2021-10-05 12:35:27,555 [Listener at localhost/10600] INFO  om.OzoneManager (OzoneManager.java:initializeRatisServer(1585)) - OzoneManager Ratis server initialized at port 10610
2021-10-05 12:35:27,555 [Listener at localhost/10600] INFO  ratis.OzoneManagerRatisServer (OzoneManagerRatisServer.java:start(516)) - Starting OzoneManagerRatisServer omNode-2 at port 10610
2021-10-05 12:35:27,556 [pool-451-thread-1] INFO  server.RaftServer$Division (RaftServerImpl.java:<init>(181)) - omNode-2: new RaftServerImpl for group-523986131536:[omNode-3|rpc:localhost:10616|priority:0, omNode-1|rpc:localhost:10604|priority:0, omNode-2|rpc:localhost:10610|priority:0] with OzoneManagerStateMachine:uninitialized
2021-10-05 12:35:27,556 [pool-451-thread-1] INFO  server.RaftServerConfigKeys (ConfUtils.java:logGet(44)) - raft.server.rpc.timeout.min = 1s (custom)
2021-10-05 12:35:27,556 [pool-451-thread-1] INFO  server.RaftServerConfigKeys (ConfUtils.java:logGet(44)) - raft.server.rpc.timeout.max = 1200ms (custom)
2021-10-05 12:35:27,556 [pool-451-thread-1] INFO  server.RaftServerConfigKeys (ConfUtils.java:logGet(44)) - raft.server.rpc.sleep.time = 25ms (default)
2021-10-05 12:35:27,556 [pool-451-thread-1] INFO  server.RaftServerConfigKeys (ConfUtils.java:logGet(44)) - raft.server.rpc.slowness.timeout = 2s (custom)
2021-10-05 12:35:27,556 [pool-451-thread-1] INFO  server.RaftServerConfigKeys (ConfUtils.java:logGet(44)) - raft.server.leaderelection.leader.step-down.wait-time = 10s (default)
2021-10-05 12:35:27,557 [pool-451-thread-1] INFO  server.RaftServerConfigKeys (ConfUtils.java:logGet(44)) - raft.server.sleep.deviation.threshold = 300ms (default)
2021-10-05 12:35:27,557 [pool-451-thread-1] INFO  server.RaftServerConfigKeys (ConfUtils.java:logGet(44)) - raft.server.log.appender.install.snapshot.enabled = false (custom)
2021-10-05 12:35:27,557 [pool-451-thread-1] INFO  server.RaftServer$Division (ServerState.java:<init>(105)) - omNode-2@group-523986131536: ConfigurationManager, init=-1: [omNode-3|rpc:localhost:10616|priority:0, omNode-1|rpc:localhost:10604|priority:0, omNode-2|rpc:localhost:10610|priority:0], old=null, confs=<EMPTY_MAP>
2021-10-05 12:35:27,557 [pool-451-thread-1] INFO  server.RaftServerConfigKeys (ConfUtils.java:logGet(44)) - raft.server.storage.dir = [/home/runner/work/ozone/ozone/hadoop-ozone/integration-test/target/test-dir/MiniOzoneClusterImpl-37ac24e5-edd8-4d0c-a990-01310c91afa3/omNode-2/ratis] (custom)
2021-10-05 12:35:27,557 [pool-451-thread-1] INFO  server.RaftServerConfigKeys (ConfUtils.java:logGet(44)) - raft.server.log.corruption.policy = EXCEPTION (default)
2021-10-05 12:35:27,557 [pool-451-thread-1] INFO  server.RaftServerConfigKeys (ConfUtils.java:logGet(44)) - raft.server.storage.free-space.min = 0MB (=0) (default)
2021-10-05 12:35:27,558 [pool-451-thread-1] INFO  storage.RaftStorageDirectory (RaftStorageDirectoryImpl.java:tryLock(230)) - Lock on /home/runner/work/ozone/ozone/hadoop-ozone/integration-test/target/test-dir/MiniOzoneClusterImpl-37ac24e5-edd8-4d0c-a990-01310c91afa3/omNode-2/ratis/c9bc4cf4-3bc3-3c60-a66b-523986131536/in_use.lock acquired by nodename 8782@fv-az270-324
2021-10-05 12:35:27,558 [pool-451-thread-1] INFO  storage.RaftStorage (RaftStorageImpl.java:analyzeAndRecoverStorage(110)) - Read RaftStorageMetadata{term=13, votedFor=omNode-2} from /home/runner/work/ozone/ozone/hadoop-ozone/integration-test/target/test-dir/MiniOzoneClusterImpl-37ac24e5-edd8-4d0c-a990-01310c91afa3/omNode-2/ratis/c9bc4cf4-3bc3-3c60-a66b-523986131536/current/raft-meta
2021-10-05 12:35:27,558 [pool-451-thread-1] INFO  server.RaftServer$Division (ServerState.java:setRaftConf(387)) - omNode-2@group-523986131536: set configuration 26: [omNode-3|rpc:localhost:10616|admin:|client:|dataStream:|priority:0, omNode-1|rpc:localhost:10604|admin:|client:|dataStream:|priority:0, omNode-2|rpc:localhost:10610|admin:|client:|dataStream:|priority:0], old=null
2021-10-05 12:35:27,558 [pool-451-thread-1] INFO  server.RaftServerConfigKeys (ConfUtils.java:logGet(44)) - raft.server.notification.no-leader.timeout = 2s (custom)
2021-10-05 12:35:27,558 [pool-451-thread-1] INFO  server.RaftServerConfigKeys (ConfUtils.java:logGet(44)) - raft.server.log.use.memory = false (default)
2021-10-05 12:35:27,558 [pool-451-thread-1] INFO  server.RaftServerConfigKeys (ConfUtils.java:logGet(44)) - raft.server.log.purge.gap = 50 (custom)
2021-10-05 12:35:27,558 [pool-451-thread-1] INFO  server.RaftServerConfigKeys (ConfUtils.java:logGet(44)) - raft.server.log.appender.buffer.byte-limit = 33554432 (custom)
2021-10-05 12:35:27,559 [pool-451-thread-1] INFO  server.RaftServerConfigKeys (ConfUtils.java:logGet(44)) - raft.server.log.segment.size.max = 4194304 (custom)
2021-10-05 12:35:27,559 [pool-451-thread-1] INFO  server.RaftServerConfigKeys (ConfUtils.java:logGet(44)) - raft.server.log.segment.cache.num.max = 2 (custom)
2021-10-05 12:35:27,559 [pool-451-thread-1] INFO  server.RaftServerConfigKeys (ConfUtils.java:logGet(44)) - raft.server.log.segment.cache.size.max = 200MB (=209715200) (default)
2021-10-05 12:35:27,559 [pool-451-thread-1] INFO  segmented.SegmentedRaftLogWorker (SegmentedRaftLogWorker.java:<init>(182)) - new omNode-2@group-523986131536-SegmentedRaftLogWorker for RaftStorageImpl:Storage Directory /home/runner/work/ozone/ozone/hadoop-ozone/integration-test/target/test-dir/MiniOzoneClusterImpl-37ac24e5-edd8-4d0c-a990-01310c91afa3/omNode-2/ratis/c9bc4cf4-3bc3-3c60-a66b-523986131536
2021-10-05 12:35:27,559 [pool-451-thread-1] INFO  server.RaftServerConfigKeys (ConfUtils.java:logGet(44)) - raft.server.log.queue.byte-limit = 64MB (=67108864) (default)
2021-10-05 12:35:27,559 [pool-451-thread-1] INFO  server.RaftServerConfigKeys (ConfUtils.java:logGet(44)) - raft.server.log.queue.element-limit = 4096 (default)
2021-10-05 12:35:27,559 [pool-451-thread-1] INFO  server.RaftServerConfigKeys (ConfUtils.java:logGet(44)) - raft.server.log.segment.size.max = 4194304 (custom)
2021-10-05 12:35:27,559 [pool-451-thread-1] INFO  server.RaftServerConfigKeys (ConfUtils.java:logGet(44)) - raft.server.log.preallocated.size = 4194304 (custom)
2021-10-05 12:35:27,559 [pool-451-thread-1] INFO  server.RaftServerConfigKeys (ConfUtils.java:logGet(44)) - raft.server.log.force.sync.num = 128 (default)
2021-10-05 12:35:27,559 [pool-451-thread-1] INFO  server.RaftServerConfigKeys (ConfUtils.java:logGet(44)) - raft.server.log.statemachine.data.sync = true (default)
2021-10-05 12:35:27,560 [pool-451-thread-1] INFO  server.RaftServerConfigKeys (ConfUtils.java:logGet(44)) - raft.server.log.statemachine.data.sync.timeout = 10s (default)
2021-10-05 12:35:27,560 [pool-451-thread-1] INFO  server.RaftServerConfigKeys (ConfUtils.java:logGet(44)) - raft.server.log.statemachine.data.sync.timeout.retry = -1 (default)
2021-10-05 12:35:27,560 [pool-451-thread-1] INFO  server.RaftServerConfigKeys (ConfUtils.java:logGet(44)) - raft.server.log.write.buffer.size = 64KB (=65536) (default)
2021-10-05 12:35:27,560 [pool-451-thread-1] INFO  server.RaftServerConfigKeys (ConfUtils.java:logGet(44)) - raft.server.log.statemachine.data.caching.enabled = false (default)
2021-10-05 12:35:27,561 [pool-451-thread-1] INFO  server.RaftServer$Division (ServerState.java:setRaftConf(387)) - omNode-2@group-523986131536: set configuration 18: [omNode-3|rpc:localhost:10616|admin:|client:|dataStream:|priority:0, omNode-1|rpc:localhost:10604|admin:|client:|dataStream:|priority:0, omNode-2|rpc:localhost:10610|admin:|client:|dataStream:|priority:0], old=null
2021-10-05 12:35:27,561 [pool-451-thread-1] INFO  segmented.LogSegment (LogSegment.java:loadSegment(173)) - Successfully read 2 entries from segment file /home/runner/work/ozone/ozone/hadoop-ozone/integration-test/target/test-dir/MiniOzoneClusterImpl-37ac24e5-edd8-4d0c-a990-01310c91afa3/omNode-2/ratis/c9bc4cf4-3bc3-3c60-a66b-523986131536/current/log_18-19
2021-10-05 12:35:27,561 [pool-451-thread-1] INFO  server.RaftServer$Division (ServerState.java:setRaftConf(387)) - omNode-2@group-523986131536: set configuration 20: [omNode-3|rpc:localhost:10616|admin:|client:|dataStream:|priority:0, omNode-1|rpc:localhost:10604|admin:|client:|dataStream:|priority:0, omNode-2|rpc:localhost:10610|admin:|client:|dataStream:|priority:0], old=null
2021-10-05 12:35:27,562 [pool-451-thread-1] INFO  segmented.LogSegment (LogSegment.java:loadSegment(173)) - Successfully read 4 entries from segment file /home/runner/work/ozone/ozone/hadoop-ozone/integration-test/target/test-dir/MiniOzoneClusterImpl-37ac24e5-edd8-4d0c-a990-01310c91afa3/omNode-2/ratis/c9bc4cf4-3bc3-3c60-a66b-523986131536/current/log_20-23
2021-10-05 12:35:27,562 [pool-451-thread-1] INFO  server.RaftServer$Division (ServerState.java:setRaftConf(387)) - omNode-2@group-523986131536: set configuration 24: [omNode-3|rpc:localhost:10616|admin:|client:|dataStream:|priority:0, omNode-1|rpc:localhost:10604|admin:|client:|dataStream:|priority:0, omNode-2|rpc:localhost:10610|admin:|client:|dataStream:|priority:0], old=null
2021-10-05 12:35:27,562 [pool-451-thread-1] INFO  segmented.LogSegment (LogSegment.java:loadSegment(173)) - Successfully read 2 entries from segment file /home/runner/work/ozone/ozone/hadoop-ozone/integration-test/target/test-dir/MiniOzoneClusterImpl-37ac24e5-edd8-4d0c-a990-01310c91afa3/omNode-2/ratis/c9bc4cf4-3bc3-3c60-a66b-523986131536/current/log_24-25
2021-10-05 12:35:27,562 [pool-451-thread-1] INFO  server.RaftServer$Division (ServerState.java:setRaftConf(387)) - omNode-2@group-523986131536: set configuration 26: [omNode-3|rpc:localhost:10616|admin:|client:|dataStream:|priority:0, omNode-1|rpc:localhost:10604|admin:|client:|dataStream:|priority:0, omNode-2|rpc:localhost:10610|admin:|client:|dataStream:|priority:0], old=null
2021-10-05 12:35:27,562 [pool-451-thread-1] INFO  segmented.LogSegment (LogSegment.java:loadSegment(173)) - Successfully read 4 entries from segment file /home/runner/work/ozone/ozone/hadoop-ozone/integration-test/target/test-dir/MiniOzoneClusterImpl-37ac24e5-edd8-4d0c-a990-01310c91afa3/omNode-2/ratis/c9bc4cf4-3bc3-3c60-a66b-523986131536/current/log_26-29
2021-10-05 12:35:27,562 [pool-451-thread-1] INFO  server.RaftServer$Division (ServerState.java:setRaftConf(387)) - omNode-2@group-523986131536: set configuration 30: [omNode-3|rpc:localhost:10616|admin:|client:|dataStream:|priority:0, omNode-1|rpc:localhost:10604|admin:|client:|dataStream:|priority:0, omNode-2|rpc:localhost:10610|admin:|client:|dataStream:|priority:0], old=null
2021-10-05 12:35:27,562 [pool-451-thread-1] INFO  segmented.LogSegment (LogSegment.java:loadSegment(173)) - Successfully read 1 entries from segment file /home/runner/work/ozone/ozone/hadoop-ozone/integration-test/target/test-dir/MiniOzoneClusterImpl-37ac24e5-edd8-4d0c-a990-01310c91afa3/omNode-2/ratis/c9bc4cf4-3bc3-3c60-a66b-523986131536/current/log_inprogress_30
2021-10-05 12:35:27,563 [pool-451-thread-1] INFO  segmented.SegmentedRaftLogWorker (SegmentedRaftLogWorker.java:lambda$new$0(133)) - omNode-2@group-523986131536-SegmentedRaftLogWorker: flushIndex: setUnconditionally 0 -> 30
2021-10-05 12:35:27,563 [pool-451-thread-1] INFO  segmented.SegmentedRaftLogWorker (SegmentedRaftLogWorker.java:lambda$new$0(133)) - omNode-2@group-523986131536-SegmentedRaftLogWorker: safeCacheEvictIndex: setUnconditionally 0 -> 29
2021-10-05 12:35:27,563 [pool-451-thread-1] INFO  raftlog.RaftLog (RaftLogBase.java:lambda$new$0(53)) - omNode-2@group-523986131536-SegmentedRaftLog: commitIndex: updateToMax old=29, new=28, updated? false
2021-10-05 12:35:27,563 [pool-451-thread-1] INFO  raftlog.RaftLog (RaftLogBase.java:lambda$new$0(53)) - omNode-2@group-523986131536-SegmentedRaftLog: purgeIndex: updateIncreasingly -1 -> 17
2021-10-05 12:35:27,563 [pool-451-thread-1] INFO  server.RaftServerConfigKeys (ConfUtils.java:logGet(44)) - raft.server.snapshot.auto.trigger.enabled = true (custom)
2021-10-05 12:35:27,563 [pool-451-thread-1] INFO  server.RaftServerConfigKeys (ConfUtils.java:logGet(44)) - raft.server.snapshot.auto.trigger.threshold = 50 (custom)
2021-10-05 12:35:27,563 [pool-451-thread-1] INFO  server.RaftServerConfigKeys (ConfUtils.java:logGet(44)) - raft.server.snapshot.retention.file.num = -1 (default)
2021-10-05 12:35:27,563 [pool-451-thread-1] INFO  server.RaftServerConfigKeys (ConfUtils.java:logGet(44)) - raft.server.log.purge.upto.snapshot.index = true (custom)
2021-10-05 12:35:27,563 [pool-451-thread-1] INFO  server.RaftServerConfigKeys (ConfUtils.java:logGet(44)) - raft.server.retrycache.expirytime = 30000ms (custom)
2021-10-05 12:35:27,563 [pool-451-thread-1] INFO  server.RaftServerConfigKeys (ConfUtils.java:logGet(44)) - raft.server.retrycache.statistics.expirytime = 100μs (default)
2021-10-05 12:35:27,564 [Listener at localhost/10600] INFO  server.RaftServer$Division (RaftServerImpl.java:start(296)) - omNode-2@group-523986131536: start as a follower, conf=30: [omNode-3|rpc:localhost:10616|admin:|client:|dataStream:|priority:0, omNode-1|rpc:localhost:10604|admin:|client:|dataStream:|priority:0, omNode-2|rpc:localhost:10610|admin:|client:|dataStream:|priority:0], old=null
2021-10-05 12:35:27,564 [Listener at localhost/10600] INFO  server.RaftServer$Division (RaftServerImpl.java:setRole(285)) - omNode-2@group-523986131536: changes role from      null to FOLLOWER at term 13 for startAsFollower
2021-10-05 12:35:27,564 [Listener at localhost/10600] INFO  impl.RoleInfo (RoleInfo.java:updateAndGet(130)) - omNode-2: start omNode-2@group-523986131536-FollowerState
2021-10-05 12:35:27,565 [Listener at localhost/10600] INFO  util.JmxRegister (JmxRegister.java:tryRegister(44)) - Successfully registered JMX Bean with object name Ratis:service=RaftServer,group=group-523986131536,id=omNode-2
2021-10-05 12:35:27,565 [Listener at localhost/10600] INFO  server.RaftServer (RaftServerProxy.java:lambda$start$5(374)) - omNode-2: start RPC server
2021-10-05 12:35:27,566 [Listener at localhost/10600] INFO  server.GrpcService (GrpcService.java:startImpl(253)) - omNode-2: GrpcService started, listening on 10610
2021-10-05 12:35:27,566 [Listener at localhost/10600] INFO  ipc.CallQueueManager (CallQueueManager.java:<init>(90)) - Using callQueue: class java.util.concurrent.LinkedBlockingQueue, queueCapacity: 2000, scheduler: class org.apache.hadoop.ipc.DefaultRpcScheduler, ipcBackoff: false.
2021-10-05 12:35:27,567 [org.apache.ratis.util.JvmPauseMonitor$$Lambda$523/2137356424@5e896d44] INFO  util.JvmPauseMonitor (JvmPauseMonitor.java:run(103)) - JvmPauseMonitor-omNode-2: Started
2021-10-05 12:35:27,567 [Socket Reader #1 for port 10606] INFO  ipc.Server (Server.java:run(1265)) - Starting Socket Reader #1 for port 10606
2021-10-05 12:35:27,569 [Listener at localhost/10606] INFO  http.BaseHttpServer (BaseHttpServer.java:newHttpServer2BuilderForOzone(209)) - Starting Web-server for ozoneManager at: http://0.0.0.0:10608
2021-10-05 12:35:27,569 [Listener at localhost/10606] INFO  http.BaseHttpServer (BaseHttpServer.java:<init>(107)) - Hadoop Security Enabled: false Ozone Security Enabled: false Ozone HTTP Security Enabled: false 
2021-10-05 12:35:27,570 [Listener at localhost/10606] INFO  server.AuthenticationFilter (AuthenticationFilter.java:constructSecretProvider(240)) - Unable to initialize FileSignerSecretProvider, falling back to use random secrets.
2021-10-05 12:35:27,571 [Listener at localhost/10606] WARN  http.HttpRequestLog (HttpRequestLog.java:getRequestLog(103)) - Jetty request log can only be enabled using Log4j
2021-10-05 12:35:27,572 [Listener at localhost/10606] INFO  http.HttpServer2 (HttpServer2.java:addGlobalFilter(1030)) - Added global filter 'safety' (class=org.apache.hadoop.hdds.server.http.HttpServer2$QuotingInputFilter)
2021-10-05 12:35:27,572 [Listener at localhost/10606] INFO  http.HttpServer2 (HttpServer2.java:addFilter(1006)) - Added filter static_user_filter (class=org.apache.hadoop.http.lib.StaticUserWebFilter$StaticUserFilter) to context ozoneManager
2021-10-05 12:35:27,572 [Listener at localhost/10606] INFO  http.HttpServer2 (HttpServer2.java:addFilter(1014)) - Added filter static_user_filter (class=org.apache.hadoop.http.lib.StaticUserWebFilter$StaticUserFilter) to context logs
2021-10-05 12:35:27,572 [Listener at localhost/10606] INFO  http.HttpServer2 (HttpServer2.java:addFilter(1014)) - Added filter static_user_filter (class=org.apache.hadoop.http.lib.StaticUserWebFilter$StaticUserFilter) to context static
2021-10-05 12:35:27,573 [Listener at localhost/10606] INFO  http.HttpServer2 (HttpServer2.java:bindListener(1249)) - Jetty bound to port 10608
2021-10-05 12:35:27,573 [Listener at localhost/10606] INFO  server.Server (Server.java:doStart(375)) - jetty-9.4.43.v20210629; built: 2021-06-30T11:07:22.254Z; git: 526006ecfa3af7f1a27ef3a288e2bef7ea9dd7e8; jvm 1.8.0_292-b10
2021-10-05 12:35:27,576 [Listener at localhost/10606] INFO  server.session (DefaultSessionIdManager.java:doStart(334)) - DefaultSessionIdManager workerName=node0
2021-10-05 12:35:27,577 [Listener at localhost/10606] INFO  server.session (DefaultSessionIdManager.java:doStart(339)) - No SessionScavenger set, using defaults
2021-10-05 12:35:27,577 [Listener at localhost/10606] INFO  server.session (HouseKeeper.java:startScavenging(132)) - node0 Scavenging every 600000ms
2021-10-05 12:35:27,579 [Listener at localhost/10606] INFO  handler.ContextHandler (ContextHandler.java:doStart(915)) - Started o.e.j.s.ServletContextHandler@1ed5b1b3{logs,/logs,file:///home/runner/work/ozone/ozone/hadoop-ozone/integration-test/target/log,AVAILABLE}
2021-10-05 12:35:27,579 [Listener at localhost/10606] INFO  handler.ContextHandler (ContextHandler.java:doStart(915)) - Started o.e.j.s.ServletContextHandler@3e2583de{static,/static,file:///home/runner/work/ozone/ozone/hadoop-ozone/integration-test/target/test-classes/webapps/static,AVAILABLE}
2021-10-05 12:35:27,581 [Listener at localhost/10606] INFO  handler.ContextHandler (ContextHandler.java:doStart(915)) - Started o.e.j.w.WebAppContext@71015f86{ozoneManager,/,file:///home/runner/work/ozone/ozone/hadoop-ozone/integration-test/target/test-classes/webapps/ozoneManager/,AVAILABLE}{file:/home/runner/work/ozone/ozone/hadoop-ozone/integration-test/target/test-classes/webapps/ozoneManager}
2021-10-05 12:35:27,589 [Listener at localhost/10606] INFO  server.AbstractConnector (AbstractConnector.java:doStart(331)) - Started ServerConnector@484e72b3{HTTP/1.1, (http/1.1)}{0.0.0.0:10608}
2021-10-05 12:35:27,589 [Listener at localhost/10606] INFO  server.Server (Server.java:doStart(415)) - Started @297072ms
2021-10-05 12:35:27,589 [Listener at localhost/10606] WARN  impl.MetricsSystemImpl (MetricsSystemImpl.java:register(279)) - Sink prometheus already exists!
2021-10-05 12:35:27,590 [Listener at localhost/10606] INFO  http.BaseHttpServer (BaseHttpServer.java:updateConnectorAddress(329)) - HTTP server of ozoneManager listening at http://0.0.0.0:10608
2021-10-05 12:35:27,590 [IPC Server Responder] INFO  ipc.Server (Server.java:run(1507)) - IPC Server Responder: starting
2021-10-05 12:35:27,592 [IPC Server listener on 10606] INFO  ipc.Server (Server.java:run(1344)) - IPC Server listener on 10606: starting
2021-10-05 12:35:27,597 [Listener at localhost/10606] INFO  om.OzoneManager (OzoneManager.java:startTrashEmptier(1543)) - Trash Interval set to 0. Files deleted will not move to trash
]]></system-out>
  </testcase>
</testsuite>