<?xml version="1.0" encoding="UTF-8"?>
<testsuite xmlns:xsi="http://www.w3.org/2001/XMLSchema-instance" xsi:noNamespaceSchemaLocation="https://maven.apache.org/surefire/maven-surefire-plugin/xsd/surefire-test-report.xsd" name="org.apache.hadoop.ozone.scm.TestSCMInstallSnapshotWithHA" time="175.963" tests="3" errors="0" skipped="0" failures="1">
  <properties>
    <property name="awt.toolkit" value="sun.awt.X11.XToolkit"/>
    <property name="file.encoding.pkg" value="sun.io"/>
    <property name="java.specification.version" value="1.8"/>
    <property name="sun.cpu.isalist" value=""/>
    <property name="sun.jnu.encoding" value="UTF-8"/>
    <property name="java.class.path" value="/home/runner/work/ozone/ozone/hadoop-ozone/integration-test/target/test-classes:/home/runner/work/ozone/ozone/hadoop-ozone/integration-test/target/classes:/home/runner/.m2/repository/org/apache/ozone/ozone-common/1.2.0-SNAPSHOT/ozone-common-1.2.0-SNAPSHOT.jar:/home/runner/.m2/repository/org/apache/commons/commons-compress/1.20/commons-compress-1.20.jar:/home/runner/.m2/repository/org/apache/ozone/hdds-common/1.2.0-SNAPSHOT/hdds-common-1.2.0-SNAPSHOT.jar:/home/runner/.m2/repository/org/apache/ozone/hdds-client/1.2.0-SNAPSHOT/hdds-client-1.2.0-SNAPSHOT.jar:/home/runner/.m2/repository/org/apache/ozone/ozone-interface-client/1.2.0-SNAPSHOT/ozone-interface-client-1.2.0-SNAPSHOT.jar:/home/runner/.m2/repository/org/apache/ozone/hdds-server-framework/1.2.0-SNAPSHOT/hdds-server-framework-1.2.0-SNAPSHOT.jar:/home/runner/.m2/repository/org/apache/ozone/hdds-interface-server/1.2.0-SNAPSHOT/hdds-interface-server-1.2.0-SNAPSHOT.jar:/home/runner/.m2/repository/org/eclipse/jetty/jetty-servlet/9.4.43.v20210629/jetty-servlet-9.4.43.v20210629.jar:/home/runner/.m2/repository/org/eclipse/jetty/jetty-security/9.4.43.v20210629/jetty-security-9.4.43.v20210629.jar:/home/runner/.m2/repository/org/rocksdb/rocksdbjni/6.20.3/rocksdbjni-6.20.3.jar:/home/runner/.m2/repository/io/prometheus/simpleclient_dropwizard/0.7.0/simpleclient_dropwizard-0.7.0.jar:/home/runner/.m2/repository/io/prometheus/simpleclient/0.7.0/simpleclient-0.7.0.jar:/home/runner/.m2/repository/io/prometheus/simpleclient_common/0.7.0/simpleclient_common-0.7.0.jar:/home/runner/.m2/repository/com/fasterxml/jackson/datatype/jackson-datatype-jsr310/2.12.1/jackson-datatype-jsr310-2.12.1.jar:/home/runner/.m2/repository/org/apache/ozone/hdds-test-utils/1.2.0-SNAPSHOT/hdds-test-utils-1.2.0-SNAPSHOT.jar:/home/runner/.m2/repository/com/google/guava/guava/30.1.1-jre/guava-30.1.1-jre.jar:/home/runner/.m2/repository/com/google/guava/failureaccess/1.0.1/failureaccess-1.0.1.jar:/home/runner/.m2/repository/com/google/guava/listenablefuture/9999.0-empty-to-avoid-conflict-with-guava/listenablefuture-9999.0-empty-to-avoid-conflict-with-guava.jar:/home/runner/.m2/repository/com/google/code/findbugs/jsr305/3.0.0/jsr305-3.0.0.jar:/home/runner/.m2/repository/org/checkerframework/checker-qual/3.8.0/checker-qual-3.8.0.jar:/home/runner/.m2/repository/com/google/errorprone/error_prone_annotations/2.2.0/error_prone_annotations-2.2.0.jar:/home/runner/.m2/repository/com/google/j2objc/j2objc-annotations/1.3/j2objc-annotations-1.3.jar:/home/runner/.m2/repository/commons-io/commons-io/2.11.0/commons-io-2.11.0.jar:/home/runner/.m2/repository/commons-logging/commons-logging/1.2/commons-logging-1.2.jar:/home/runner/.m2/repository/log4j/log4j/1.2.17/log4j-1.2.17.jar:/home/runner/.m2/repository/org/slf4j/slf4j-api/1.7.30/slf4j-api-1.7.30.jar:/home/runner/.m2/repository/org/apache/ozone/hdds-server-scm/1.2.0-SNAPSHOT/hdds-server-scm-1.2.0-SNAPSHOT.jar:/home/runner/.m2/repository/org/apache/ozone/hdds-container-service/1.2.0-SNAPSHOT/hdds-container-service-1.2.0-SNAPSHOT.jar:/home/runner/.m2/repository/org/apache/ozone/hdds-hadoop-dependency-server/1.2.0-SNAPSHOT/hdds-hadoop-dependency-server-1.2.0-SNAPSHOT.jar:/home/runner/.m2/repository/org/apache/hadoop/hadoop-hdfs/3.3.1/hadoop-hdfs-3.3.1.jar:/home/runner/.m2/repository/io/dropwizard/metrics/metrics-core/3.2.4/metrics-core-3.2.4.jar:/home/runner/.m2/repository/org/apache/hadoop/hadoop-hdfs-client/3.3.1/hadoop-hdfs-client-3.3.1.jar:/home/runner/.m2/repository/org/bouncycastle/bcprov-jdk15on/1.67/bcprov-jdk15on-1.67.jar:/home/runner/.m2/repository/com/google/protobuf/protobuf-java/2.5.0/protobuf-java-2.5.0.jar:/home/runner/.m2/repository/org/apache/ozone/ozone-manager/1.2.0-SNAPSHOT/ozone-manager-1.2.0-SNAPSHOT.jar:/home/runner/.m2/repository/org/aspectj/aspectjrt/1.9.7/aspectjrt-1.9.7.jar:/home/runner/.m2/repository/org/aspectj/aspectjweaver/1.9.7/aspectjweaver-1.9.7.jar:/home/runner/.m2/repository/org/apache/ozone/hdds-interface-client/1.2.0-SNAPSHOT/hdds-interface-client-1.2.0-SNAPSHOT.jar:/home/runner/.m2/repository/org/apache/hadoop/thirdparty/hadoop-shaded-protobuf_3_7/1.1.1/hadoop-shaded-protobuf_3_7-1.1.1.jar:/home/runner/.m2/repository/org/apache/ozone/ozone-interface-storage/1.2.0-SNAPSHOT/ozone-interface-storage-1.2.0-SNAPSHOT.jar:/home/runner/.m2/repository/org/reflections/reflections/0.9.11/reflections-0.9.11.jar:/home/runner/.m2/repository/org/apache/hadoop/hadoop-minikdc/3.3.1/hadoop-minikdc-3.3.1.jar:/home/runner/.m2/repository/org/apache/kerby/kerb-simplekdc/1.0.1/kerb-simplekdc-1.0.1.jar:/home/runner/.m2/repository/org/apache/kerby/kerb-client/1.0.1/kerb-client-1.0.1.jar:/home/runner/.m2/repository/org/apache/kerby/kerby-config/1.0.1/kerby-config-1.0.1.jar:/home/runner/.m2/repository/org/apache/kerby/kerb-common/1.0.1/kerb-common-1.0.1.jar:/home/runner/.m2/repository/org/apache/kerby/kerb-crypto/1.0.1/kerb-crypto-1.0.1.jar:/home/runner/.m2/repository/org/apache/kerby/kerb-util/1.0.1/kerb-util-1.0.1.jar:/home/runner/.m2/repository/org/apache/kerby/token-provider/1.0.1/token-provider-1.0.1.jar:/home/runner/.m2/repository/org/apache/kerby/kerb-admin/1.0.1/kerb-admin-1.0.1.jar:/home/runner/.m2/repository/org/apache/kerby/kerb-server/1.0.1/kerb-server-1.0.1.jar:/home/runner/.m2/repository/org/apache/kerby/kerb-identity/1.0.1/kerb-identity-1.0.1.jar:/home/runner/.m2/repository/org/apache/kerby/kerby-xdr/1.0.1/kerby-xdr-1.0.1.jar:/home/runner/.m2/repository/org/slf4j/slf4j-log4j12/1.7.30/slf4j-log4j12-1.7.30.jar:/home/runner/.m2/repository/org/apache/ozone/ozone-s3gateway/1.2.0-SNAPSHOT/ozone-s3gateway-1.2.0-SNAPSHOT.jar:/home/runner/.m2/repository/org/javassist/javassist/3.21.0-GA/javassist-3.21.0-GA.jar:/home/runner/.m2/repository/org/jboss/weld/servlet/weld-servlet/2.4.7.Final/weld-servlet-2.4.7.Final.jar:/home/runner/.m2/repository/org/glassfish/jersey/containers/jersey-container-servlet-core/2.33/jersey-container-servlet-core-2.33.jar:/home/runner/.m2/repository/org/glassfish/hk2/external/jakarta.inject/2.6.1/jakarta.inject-2.6.1.jar:/home/runner/.m2/repository/org/glassfish/jersey/core/jersey-common/2.33/jersey-common-2.33.jar:/home/runner/.m2/repository/jakarta/ws/rs/jakarta.ws.rs-api/2.1.6/jakarta.ws.rs-api-2.1.6.jar:/home/runner/.m2/repository/org/glassfish/jersey/ext/cdi/jersey-cdi1x/2.33/jersey-cdi1x-2.33.jar:/home/runner/.m2/repository/org/glassfish/jersey/inject/jersey-hk2/2.33/jersey-hk2-2.33.jar:/home/runner/.m2/repository/org/glassfish/hk2/hk2-locator/2.6.1/hk2-locator-2.6.1.jar:/home/runner/.m2/repository/org/glassfish/jersey/media/jersey-media-jaxb/2.33/jersey-media-jaxb-2.33.jar:/home/runner/.m2/repository/org/glassfish/hk2/osgi-resource-locator/1.0.3/osgi-resource-locator-1.0.3.jar:/home/runner/.m2/repository/org/glassfish/hk2/hk2-api/2.5.0/hk2-api-2.5.0.jar:/home/runner/.m2/repository/org/glassfish/hk2/hk2-utils/2.5.0/hk2-utils-2.5.0.jar:/home/runner/.m2/repository/org/glassfish/hk2/external/aopalliance-repackaged/2.5.0/aopalliance-repackaged-2.5.0.jar:/home/runner/.m2/repository/com/fasterxml/jackson/dataformat/jackson-dataformat-xml/2.12.1/jackson-dataformat-xml-2.12.1.jar:/home/runner/.m2/repository/com/fasterxml/jackson/core/jackson-core/2.12.1/jackson-core-2.12.1.jar:/home/runner/.m2/repository/com/fasterxml/jackson/module/jackson-module-jaxb-annotations/2.12.1/jackson-module-jaxb-annotations-2.12.1.jar:/home/runner/.m2/repository/jakarta/xml/bind/jakarta.xml.bind-api/2.3.2/jakarta.xml.bind-api-2.3.2.jar:/home/runner/.m2/repository/org/codehaus/woodstox/stax2-api/3.1.4/stax2-api-3.1.4.jar:/home/runner/.m2/repository/com/fasterxml/woodstox/woodstox-core/5.0.3/woodstox-core-5.0.3.jar:/home/runner/.m2/repository/javax/enterprise/cdi-api/1.2/cdi-api-1.2.jar:/home/runner/.m2/repository/javax/el/javax.el-api/3.0.0/javax.el-api-3.0.0.jar:/home/runner/.m2/repository/javax/interceptor/javax.interceptor-api/1.2/javax.interceptor-api-1.2.jar:/home/runner/.m2/repository/javax/inject/javax.inject/1/javax.inject-1.jar:/home/runner/.m2/repository/javax/xml/bind/jaxb-api/2.3.0/jaxb-api-2.3.0.jar:/home/runner/.m2/repository/org/glassfish/jaxb/jaxb-runtime/2.3.0.1/jaxb-runtime-2.3.0.1.jar:/home/runner/.m2/repository/org/glassfish/jaxb/jaxb-core/2.3.0.1/jaxb-core-2.3.0.1.jar:/home/runner/.m2/repository/org/glassfish/jaxb/txw2/2.3.0.1/txw2-2.3.0.1.jar:/home/runner/.m2/repository/com/sun/istack/istack-commons-runtime/3.0.5/istack-commons-runtime-3.0.5.jar:/home/runner/.m2/repository/org/jvnet/staxex/stax-ex/1.7.8/stax-ex-1.7.8.jar:/home/runner/.m2/repository/com/sun/xml/fastinfoset/FastInfoset/1.2.13/FastInfoset-1.2.13.jar:/home/runner/.m2/repository/javax/activation/activation/1.1.1/activation-1.1.1.jar:/home/runner/.m2/repository/org/apache/ozone/ozone-csi/1.2.0-SNAPSHOT/ozone-csi-1.2.0-SNAPSHOT.jar:/home/runner/.m2/repository/com/google/protobuf/protobuf-java-util/3.12.0/protobuf-java-util-3.12.0.jar:/home/runner/.m2/repository/com/google/code/gson/gson/2.2.4/gson-2.2.4.jar:/home/runner/.m2/repository/org/apache/ozone/hdds-config/1.2.0-SNAPSHOT/hdds-config-1.2.0-SNAPSHOT.jar:/home/runner/.m2/repository/io/grpc/grpc-netty/1.33.0/grpc-netty-1.33.0.jar:/home/runner/.m2/repository/io/grpc/grpc-core/1.33.0/grpc-core-1.33.0.jar:/home/runner/.m2/repository/com/google/android/annotations/4.1.1.4/annotations-4.1.1.4.jar:/home/runner/.m2/repository/io/netty/netty-codec-http2/4.1.63.Final/netty-codec-http2-4.1.63.Final.jar:/home/runner/.m2/repository/io/netty/netty-codec-http/4.1.63.Final/netty-codec-http-4.1.63.Final.jar:/home/runner/.m2/repository/io/netty/netty-handler-proxy/4.1.63.Final/netty-handler-proxy-4.1.63.Final.jar:/home/runner/.m2/repository/io/netty/netty-codec-socks/4.1.63.Final/netty-codec-socks-4.1.63.Final.jar:/home/runner/.m2/repository/io/perfmark/perfmark-api/0.19.0/perfmark-api-0.19.0.jar:/home/runner/.m2/repository/org/codehaus/mojo/animal-sniffer-annotations/1.18/animal-sniffer-annotations-1.18.jar:/home/runner/.m2/repository/io/netty/netty-transport-native-epoll/4.1.63.Final/netty-transport-native-epoll-4.1.63.Final.jar:/home/runner/.m2/repository/io/netty/netty-common/4.1.63.Final/netty-common-4.1.63.Final.jar:/home/runner/.m2/repository/io/netty/netty-buffer/4.1.63.Final/netty-buffer-4.1.63.Final.jar:/home/runner/.m2/repository/io/netty/netty-transport-native-unix-common/4.1.63.Final/netty-transport-native-unix-common-4.1.63.Final.jar:/home/runner/.m2/repository/io/grpc/grpc-protobuf/1.33.0/grpc-protobuf-1.33.0.jar:/home/runner/.m2/repository/io/grpc/grpc-api/1.33.0/grpc-api-1.33.0.jar:/home/runner/.m2/repository/io/grpc/grpc-context/1.33.0/grpc-context-1.33.0.jar:/home/runner/.m2/repository/com/google/api/grpc/proto-google-common-protos/1.17.0/proto-google-common-protos-1.17.0.jar:/home/runner/.m2/repository/io/grpc/grpc-protobuf-lite/1.33.0/grpc-protobuf-lite-1.33.0.jar:/home/runner/.m2/repository/io/grpc/grpc-stub/1.33.0/grpc-stub-1.33.0.jar:/home/runner/.m2/repository/org/apache/ozone/ozone-recon/1.2.0-SNAPSHOT/ozone-recon-1.2.0-SNAPSHOT.jar:/home/runner/.m2/repository/org/apache/ozone/ozone-reconcodegen/1.2.0-SNAPSHOT/ozone-reconcodegen-1.2.0-SNAPSHOT.jar:/home/runner/.m2/repository/com/google/inject/extensions/guice-multibindings/4.0/guice-multibindings-4.0.jar:/home/runner/.m2/repository/com/google/inject/guice/4.0/guice-4.0.jar:/home/runner/.m2/repository/aopalliance/aopalliance/1.0/aopalliance-1.0.jar:/home/runner/.m2/repository/com/google/inject/extensions/guice-assistedinject/4.0/guice-assistedinject-4.0.jar:/home/runner/.m2/repository/com/google/inject/extensions/guice-servlet/4.0/guice-servlet-4.0.jar:/home/runner/.m2/repository/org/glassfish/jersey/containers/jersey-container-servlet/2.33/jersey-container-servlet-2.33.jar:/home/runner/.m2/repository/org/glassfish/hk2/guice-bridge/2.5.0/guice-bridge-2.5.0.jar:/home/runner/.m2/repository/org/glassfish/jersey/core/jersey-server/2.33/jersey-server-2.33.jar:/home/runner/.m2/repository/org/glassfish/jersey/core/jersey-client/2.33/jersey-client-2.33.jar:/home/runner/.m2/repository/jakarta/annotation/jakarta.annotation-api/1.3.5/jakarta.annotation-api-1.3.5.jar:/home/runner/.m2/repository/jakarta/validation/jakarta.validation-api/2.0.2/jakarta.validation-api-2.0.2.jar:/home/runner/.m2/repository/org/glassfish/jersey/media/jersey-media-json-jackson/2.33/jersey-media-json-jackson-2.33.jar:/home/runner/.m2/repository/org/glassfish/jersey/ext/jersey-entity-filtering/2.33/jersey-entity-filtering-2.33.jar:/home/runner/.m2/repository/org/jooq/jooq/3.11.10/jooq-3.11.10.jar:/home/runner/.m2/repository/org/jooq/jooq-meta/3.11.10/jooq-meta-3.11.10.jar:/home/runner/.m2/repository/org/jooq/jooq-codegen/3.11.10/jooq-codegen-3.11.10.jar:/home/runner/.m2/repository/com/jolbox/bonecp/0.8.0.RELEASE/bonecp-0.8.0.RELEASE.jar:/home/runner/.m2/repository/org/apache/derby/derby/10.14.2.0/derby-10.14.2.0.jar:/home/runner/.m2/repository/org/xerial/sqlite-jdbc/3.25.2/sqlite-jdbc-3.25.2.jar:/home/runner/.m2/repository/org/springframework/spring-jdbc/5.2.11.RELEASE/spring-jdbc-5.2.11.RELEASE.jar:/home/runner/.m2/repository/org/springframework/spring-beans/5.2.11.RELEASE/spring-beans-5.2.11.RELEASE.jar:/home/runner/.m2/repository/org/springframework/spring-core/5.2.11.RELEASE/spring-core-5.2.11.RELEASE.jar:/home/runner/.m2/repository/org/springframework/spring-jcl/5.2.11.RELEASE/spring-jcl-5.2.11.RELEASE.jar:/home/runner/.m2/repository/org/springframework/spring-tx/5.2.11.RELEASE/spring-tx-5.2.11.RELEASE.jar:/home/runner/.m2/repository/org/apache/ozone/ozone-client/1.2.0-SNAPSHOT/ozone-client-1.2.0-SNAPSHOT.jar:/home/runner/.m2/repository/org/apache/ozone/ozone-filesystem/1.2.0-SNAPSHOT/ozone-filesystem-1.2.0-SNAPSHOT.jar:/home/runner/.m2/repository/org/apache/ozone/ozone-filesystem-common/1.2.0-SNAPSHOT/ozone-filesystem-common-1.2.0-SNAPSHOT.jar:/home/runner/.m2/repository/org/apache/ozone/ozone-tools/1.2.0-SNAPSHOT/ozone-tools-1.2.0-SNAPSHOT.jar:/home/runner/.m2/repository/org/apache/ratis/ratis-tools/2.1.0-03f3b68-SNAPSHOT/ratis-tools-2.1.0-03f3b68-SNAPSHOT.jar:/home/runner/.m2/repository/com/amazonaws/aws-java-sdk-core/1.11.901/aws-java-sdk-core-1.11.901.jar:/home/runner/.m2/repository/org/apache/httpcomponents/httpclient/4.5.13/httpclient-4.5.13.jar:/home/runner/.m2/repository/org/apache/httpcomponents/httpcore/4.4.13/httpcore-4.4.13.jar:/home/runner/.m2/repository/software/amazon/ion/ion-java/1.0.2/ion-java-1.0.2.jar:/home/runner/.m2/repository/com/fasterxml/jackson/dataformat/jackson-dataformat-cbor/2.12.1/jackson-dataformat-cbor-2.12.1.jar:/home/runner/.m2/repository/joda-time/joda-time/2.8.1/joda-time-2.8.1.jar:/home/runner/.m2/repository/com/amazonaws/aws-java-sdk-s3/1.11.901/aws-java-sdk-s3-1.11.901.jar:/home/runner/.m2/repository/com/amazonaws/aws-java-sdk-kms/1.11.901/aws-java-sdk-kms-1.11.901.jar:/home/runner/.m2/repository/com/amazonaws/jmespath-java/1.11.901/jmespath-java-1.11.901.jar:/home/runner/.m2/repository/org/kohsuke/metainf-services/metainf-services/1.8/metainf-services-1.8.jar:/home/runner/.m2/repository/org/apache/ozone/hdds-tools/1.2.0-SNAPSHOT/hdds-tools-1.2.0-SNAPSHOT.jar:/home/runner/.m2/repository/commons-cli/commons-cli/1.2/commons-cli-1.2.jar:/home/runner/.m2/repository/org/apache/commons/commons-lang3/3.7/commons-lang3-3.7.jar:/home/runner/.m2/repository/org/apache/ozone/ozone-manager/1.2.0-SNAPSHOT/ozone-manager-1.2.0-SNAPSHOT-tests.jar:/home/runner/.m2/repository/org/apache/ozone/hdds-common/1.2.0-SNAPSHOT/hdds-common-1.2.0-SNAPSHOT-tests.jar:/home/runner/.m2/repository/org/apache/ozone/hdds-hadoop-dependency-client/1.2.0-SNAPSHOT/hdds-hadoop-dependency-client-1.2.0-SNAPSHOT.jar:/home/runner/.m2/repository/info/picocli/picocli/4.6.1/picocli-4.6.1.jar:/home/runner/.m2/repository/com/fasterxml/jackson/core/jackson-annotations/2.12.1/jackson-annotations-2.12.1.jar:/home/runner/.m2/repository/javax/annotation/javax.annotation-api/1.2/javax.annotation-api-1.2.jar:/home/runner/.m2/repository/org/apache/ratis/ratis-server/2.1.0-03f3b68-SNAPSHOT/ratis-server-2.1.0-03f3b68-SNAPSHOT.jar:/home/runner/.m2/repository/org/apache/ratis/ratis-client/2.1.0-03f3b68-SNAPSHOT/ratis-client-2.1.0-03f3b68-SNAPSHOT.jar:/home/runner/.m2/repository/org/apache/ratis/ratis-server-api/2.1.0-03f3b68-SNAPSHOT/ratis-server-api-2.1.0-03f3b68-SNAPSHOT.jar:/home/runner/.m2/repository/org/apache/ratis/ratis-metrics/2.1.0-03f3b68-SNAPSHOT/ratis-metrics-2.1.0-03f3b68-SNAPSHOT.jar:/home/runner/.m2/repository/org/apache/ratis/ratis-netty/2.1.0-03f3b68-SNAPSHOT/ratis-netty-2.1.0-03f3b68-SNAPSHOT.jar:/home/runner/.m2/repository/org/apache/ratis/ratis-grpc/2.1.0-03f3b68-SNAPSHOT/ratis-grpc-2.1.0-03f3b68-SNAPSHOT.jar:/home/runner/.m2/repository/org/apache/logging/log4j/log4j-api/2.13.3/log4j-api-2.13.3.jar:/home/runner/.m2/repository/org/apache/logging/log4j/log4j-core/2.13.3/log4j-core-2.13.3.jar:/home/runner/.m2/repository/com/lmax/disruptor/3.4.2/disruptor-3.4.2.jar:/home/runner/.m2/repository/org/apache/commons/commons-pool2/2.6.0/commons-pool2-2.6.0.jar:/home/runner/.m2/repository/org/bouncycastle/bcpkix-jdk15on/1.67/bcpkix-jdk15on-1.67.jar:/home/runner/.m2/repository/commons-validator/commons-validator/1.6/commons-validator-1.6.jar:/home/runner/.m2/repository/commons-beanutils/commons-beanutils/1.9.4/commons-beanutils-1.9.4.jar:/home/runner/.m2/repository/commons-digester/commons-digester/1.8.1/commons-digester-1.8.1.jar:/home/runner/.m2/repository/commons-collections/commons-collections/3.2.2/commons-collections-3.2.2.jar:/home/runner/.m2/repository/io/jaegertracing/jaeger-client/1.6.0/jaeger-client-1.6.0.jar:/home/runner/.m2/repository/io/jaegertracing/jaeger-thrift/1.6.0/jaeger-thrift-1.6.0.jar:/home/runner/.m2/repository/org/apache/thrift/libthrift/0.14.1/libthrift-0.14.1.jar:/home/runner/.m2/repository/com/squareup/okhttp3/okhttp/4.9.0/okhttp-4.9.0.jar:/home/runner/.m2/repository/com/squareup/okio/okio/2.8.0/okio-2.8.0.jar:/home/runner/.m2/repository/io/jaegertracing/jaeger-core/1.6.0/jaeger-core-1.6.0.jar:/home/runner/.m2/repository/io/jaegertracing/jaeger-tracerresolver/1.6.0/jaeger-tracerresolver-1.6.0.jar:/home/runner/.m2/repository/io/opentracing/contrib/opentracing-tracerresolver/0.1.8/opentracing-tracerresolver-0.1.8.jar:/home/runner/.m2/repository/org/jetbrains/kotlin/kotlin-stdlib/1.4.31/kotlin-stdlib-1.4.31.jar:/home/runner/.m2/repository/org/jetbrains/kotlin/kotlin-stdlib-common/1.4.31/kotlin-stdlib-common-1.4.31.jar:/home/runner/.m2/repository/org/jetbrains/annotations/13.0/annotations-13.0.jar:/home/runner/.m2/repository/io/opentracing/opentracing-util/0.33.0/opentracing-util-0.33.0.jar:/home/runner/.m2/repository/io/opentracing/opentracing-api/0.33.0/opentracing-api-0.33.0.jar:/home/runner/.m2/repository/io/opentracing/opentracing-noop/0.33.0/opentracing-noop-0.33.0.jar:/home/runner/.m2/repository/org/yaml/snakeyaml/1.26/snakeyaml-1.26.jar:/home/runner/.m2/repository/org/apache/ozone/hdds-interface-admin/1.2.0-SNAPSHOT/hdds-interface-admin-1.2.0-SNAPSHOT.jar:/home/runner/.m2/repository/junit/junit/4.13.1/junit-4.13.1.jar:/home/runner/.m2/repository/org/hamcrest/hamcrest-core/1.3/hamcrest-core-1.3.jar:/home/runner/.m2/repository/org/junit/jupiter/junit-jupiter-api/5.7.0/junit-jupiter-api-5.7.0.jar:/home/runner/.m2/repository/org/apiguardian/apiguardian-api/1.1.0/apiguardian-api-1.1.0.jar:/home/runner/.m2/repository/org/opentest4j/opentest4j/1.2.0/opentest4j-1.2.0.jar:/home/runner/.m2/repository/org/junit/platform/junit-platform-commons/1.7.0/junit-platform-commons-1.7.0.jar:/home/runner/.m2/repository/org/junit/jupiter/junit-jupiter-engine/5.7.0/junit-jupiter-engine-5.7.0.jar:/home/runner/.m2/repository/org/junit/platform/junit-platform-engine/1.7.0/junit-platform-engine-1.7.0.jar:/home/runner/.m2/repository/org/junit/vintage/junit-vintage-engine/5.7.0/junit-vintage-engine-5.7.0.jar:/home/runner/.m2/repository/org/junit/platform/junit-platform-launcher/1.7.0/junit-platform-launcher-1.7.0.jar:/home/runner/.m2/repository/org/openjdk/jmh/jmh-core/1.19/jmh-core-1.19.jar:/home/runner/.m2/repository/net/sf/jopt-simple/jopt-simple/4.6/jopt-simple-4.6.jar:/home/runner/.m2/repository/org/apache/commons/commons-math3/3.1.1/commons-math3-3.1.1.jar:/home/runner/.m2/repository/org/openjdk/jmh/jmh-generator-annprocess/1.19/jmh-generator-annprocess-1.19.jar:/home/runner/.m2/repository/org/mockito/mockito-core/2.28.2/mockito-core-2.28.2.jar:/home/runner/.m2/repository/net/bytebuddy/byte-buddy/1.9.10/byte-buddy-1.9.10.jar:/home/runner/.m2/repository/net/bytebuddy/byte-buddy-agent/1.9.10/byte-buddy-agent-1.9.10.jar:/home/runner/.m2/repository/org/objenesis/objenesis/1.0/objenesis-1.0.jar:/home/runner/.m2/repository/org/apache/hadoop/hadoop-kms/3.3.1/hadoop-kms-3.3.1.jar:/home/runner/.m2/repository/org/apache/hadoop/hadoop-auth/3.3.1/hadoop-auth-3.3.1.jar:/home/runner/.m2/repository/com/nimbusds/nimbus-jose-jwt/7.9/nimbus-jose-jwt-7.9.jar:/home/runner/.m2/repository/com/github/stephenc/jcip/jcip-annotations/1.0-1/jcip-annotations-1.0-1.jar:/home/runner/.m2/repository/net/minidev/json-smart/2.3/json-smart-2.3.jar:/home/runner/.m2/repository/net/minidev/accessors-smart/1.2/accessors-smart-1.2.jar:/home/runner/.m2/repository/org/ow2/asm/asm/5.0.4/asm-5.0.4.jar:/home/runner/.m2/repository/org/apache/zookeeper/zookeeper/3.5.6/zookeeper-3.5.6.jar:/home/runner/.m2/repository/org/apache/zookeeper/zookeeper-jute/3.5.6/zookeeper-jute-3.5.6.jar:/home/runner/.m2/repository/org/apache/yetus/audience-annotations/0.5.0/audience-annotations-0.5.0.jar:/home/runner/.m2/repository/org/apache/curator/curator-framework/4.2.0/curator-framework-4.2.0.jar:/home/runner/.m2/repository/org/apache/hadoop/thirdparty/hadoop-shaded-guava/1.1.1/hadoop-shaded-guava-1.1.1.jar:/home/runner/.m2/repository/com/sun/jersey/jersey-core/1.19/jersey-core-1.19.jar:/home/runner/.m2/repository/javax/ws/rs/jsr311-api/1.1.1/jsr311-api-1.1.1.jar:/home/runner/.m2/repository/com/sun/jersey/jersey-server/1.19/jersey-server-1.19.jar:/home/runner/.m2/repository/javax/servlet/javax.servlet-api/3.1.0/javax.servlet-api-3.1.0.jar:/home/runner/.m2/repository/org/eclipse/jetty/jetty-server/9.4.43.v20210629/jetty-server-9.4.43.v20210629.jar:/home/runner/.m2/repository/org/eclipse/jetty/jetty-http/9.4.43.v20210629/jetty-http-9.4.43.v20210629.jar:/home/runner/.m2/repository/org/eclipse/jetty/jetty-io/9.4.43.v20210629/jetty-io-9.4.43.v20210629.jar:/home/runner/.m2/repository/org/eclipse/jetty/jetty-webapp/9.4.43.v20210629/jetty-webapp-9.4.43.v20210629.jar:/home/runner/.m2/repository/org/eclipse/jetty/jetty-xml/9.4.43.v20210629/jetty-xml-9.4.43.v20210629.jar:/home/runner/.m2/repository/org/apache/hadoop/hadoop-common/3.3.1/hadoop-common-3.3.1.jar:/home/runner/.m2/repository/commons-net/commons-net/3.6/commons-net-3.6.jar:/home/runner/.m2/repository/jakarta/activation/jakarta.activation-api/1.2.1/jakarta.activation-api-1.2.1.jar:/home/runner/.m2/repository/com/sun/jersey/jersey-servlet/1.19/jersey-servlet-1.19.jar:/home/runner/.m2/repository/com/sun/jersey/jersey-json/1.19/jersey-json-1.19.jar:/home/runner/.m2/repository/org/codehaus/jettison/jettison/1.1/jettison-1.1.jar:/home/runner/.m2/repository/com/sun/xml/bind/jaxb-impl/2.2.3-1/jaxb-impl-2.2.3-1.jar:/home/runner/.m2/repository/org/codehaus/jackson/jackson-jaxrs/1.9.2/jackson-jaxrs-1.9.2.jar:/home/runner/.m2/repository/org/codehaus/jackson/jackson-xc/1.9.2/jackson-xc-1.9.2.jar:/home/runner/.m2/repository/org/apache/commons/commons-configuration2/2.1.1/commons-configuration2-2.1.1.jar:/home/runner/.m2/repository/org/apache/commons/commons-text/1.4/commons-text-1.4.jar:/home/runner/.m2/repository/com/google/re2j/re2j/1.1/re2j-1.1.jar:/home/runner/.m2/repository/com/jcraft/jsch/0.1.54/jsch-0.1.54.jar:/home/runner/.m2/repository/org/apache/curator/curator-client/4.2.0/curator-client-4.2.0.jar:/home/runner/.m2/repository/org/apache/curator/curator-recipes/4.2.0/curator-recipes-4.2.0.jar:/home/runner/.m2/repository/org/apache/kerby/kerb-core/1.0.1/kerb-core-1.0.1.jar:/home/runner/.m2/repository/org/apache/kerby/kerby-pkix/1.0.1/kerby-pkix-1.0.1.jar:/home/runner/.m2/repository/org/apache/kerby/kerby-asn1/1.0.1/kerby-asn1-1.0.1.jar:/home/runner/.m2/repository/org/apache/kerby/kerby-util/1.0.1/kerby-util-1.0.1.jar:/home/runner/.m2/repository/dnsjava/dnsjava/2.1.7/dnsjava-2.1.7.jar:/home/runner/.m2/repository/org/xerial/snappy/snappy-java/1.1.8.2/snappy-java-1.1.8.2.jar:/home/runner/.m2/repository/org/slf4j/jul-to-slf4j/1.7.30/jul-to-slf4j-1.7.30.jar:/home/runner/.m2/repository/org/eclipse/jetty/jetty-util/9.4.43.v20210629/jetty-util-9.4.43.v20210629.jar:/home/runner/.m2/repository/com/fasterxml/jackson/core/jackson-databind/2.12.1/jackson-databind-2.12.1.jar:/home/runner/.m2/repository/org/apache/hadoop/hadoop-kms/3.3.1/hadoop-kms-3.3.1-tests.jar:/home/runner/.m2/repository/org/apache/ozone/hdds-server-scm/1.2.0-SNAPSHOT/hdds-server-scm-1.2.0-SNAPSHOT-tests.jar:/home/runner/.m2/repository/org/apache/ozone/hdds-container-service/1.2.0-SNAPSHOT/hdds-container-service-1.2.0-SNAPSHOT-tests.jar:/home/runner/.m2/repository/commons-codec/commons-codec/1.11/commons-codec-1.11.jar:/home/runner/.m2/repository/io/netty/netty-transport/4.1.63.Final/netty-transport-4.1.63.Final.jar:/home/runner/.m2/repository/io/netty/netty-resolver/4.1.63.Final/netty-resolver-4.1.63.Final.jar:/home/runner/.m2/repository/io/netty/netty-codec/4.1.63.Final/netty-codec-4.1.63.Final.jar:/home/runner/.m2/repository/io/netty/netty-handler/4.1.63.Final/netty-handler-4.1.63.Final.jar:/home/runner/.m2/repository/org/apache/ozone/hdds-hadoop-dependency-test/1.2.0-SNAPSHOT/hdds-hadoop-dependency-test-1.2.0-SNAPSHOT.jar:/home/runner/.m2/repository/org/apache/hadoop/hadoop-common/3.3.1/hadoop-common-3.3.1-tests.jar:/home/runner/.m2/repository/org/assertj/assertj-core/3.12.2/assertj-core-3.12.2.jar:/home/runner/.m2/repository/org/apache/hadoop/hadoop-hdfs/3.3.1/hadoop-hdfs-3.3.1-tests.jar:/home/runner/.m2/repository/org/eclipse/jetty/jetty-util-ajax/9.4.43.v20210629/jetty-util-ajax-9.4.43.v20210629.jar:/home/runner/.m2/repository/commons-daemon/commons-daemon/1.0.13/commons-daemon-1.0.13.jar:/home/runner/.m2/repository/io/netty/netty/3.10.6.Final/netty-3.10.6.Final.jar:/home/runner/.m2/repository/io/netty/netty-all/4.1.63.Final/netty-all-4.1.63.Final.jar:/home/runner/.m2/repository/org/apache/htrace/htrace-core4/4.1.0-incubating/htrace-core4-4.1.0-incubating.jar:/home/runner/.m2/repository/org/fusesource/leveldbjni/leveldbjni-all/1.8/leveldbjni-all-1.8.jar:/home/runner/.m2/repository/org/apache/hadoop/hadoop-distcp/3.3.1/hadoop-distcp-3.3.1.jar:/home/runner/.m2/repository/org/apache/hadoop/hadoop-mapreduce-client-jobclient/3.3.1/hadoop-mapreduce-client-jobclient-3.3.1.jar:/home/runner/.m2/repository/org/apache/hadoop/hadoop-mapreduce-client-common/3.3.1/hadoop-mapreduce-client-common-3.3.1.jar:/home/runner/.m2/repository/org/apache/hadoop/hadoop-yarn-common/3.3.1/hadoop-yarn-common-3.3.1.jar:/home/runner/.m2/repository/org/apache/hadoop/hadoop-yarn-api/3.3.1/hadoop-yarn-api-3.3.1.jar:/home/runner/.m2/repository/com/sun/jersey/jersey-client/1.19/jersey-client-1.19.jar:/home/runner/.m2/repository/com/sun/jersey/contribs/jersey-guice/1.19/jersey-guice-1.19.jar:/home/runner/.m2/repository/com/fasterxml/jackson/jaxrs/jackson-jaxrs-json-provider/2.12.1/jackson-jaxrs-json-provider-2.12.1.jar:/home/runner/.m2/repository/com/fasterxml/jackson/jaxrs/jackson-jaxrs-base/2.12.1/jackson-jaxrs-base-2.12.1.jar:/home/runner/.m2/repository/org/apache/hadoop/hadoop-yarn-client/3.3.1/hadoop-yarn-client-3.3.1.jar:/home/runner/.m2/repository/org/eclipse/jetty/websocket/websocket-client/9.4.40.v20210413/websocket-client-9.4.40.v20210413.jar:/home/runner/.m2/repository/org/eclipse/jetty/jetty-client/9.4.40.v20210413/jetty-client-9.4.40.v20210413.jar:/home/runner/.m2/repository/org/eclipse/jetty/websocket/websocket-common/9.4.40.v20210413/websocket-common-9.4.40.v20210413.jar:/home/runner/.m2/repository/org/eclipse/jetty/websocket/websocket-api/9.4.40.v20210413/websocket-api-9.4.40.v20210413.jar:/home/runner/.m2/repository/org/jline/jline/3.9.0/jline-3.9.0.jar:/home/runner/.m2/repository/org/apache/hadoop/hadoop-mapreduce-client-core/3.3.1/hadoop-mapreduce-client-core-3.3.1.jar:/home/runner/.m2/repository/org/apache/avro/avro/1.7.7/avro-1.7.7.jar:/home/runner/.m2/repository/org/codehaus/jackson/jackson-core-asl/1.9.13/jackson-core-asl-1.9.13.jar:/home/runner/.m2/repository/org/codehaus/jackson/jackson-mapper-asl/1.9.13/jackson-mapper-asl-1.9.13.jar:/home/runner/.m2/repository/com/thoughtworks/paranamer/paranamer/2.3/paranamer-2.3.jar:/home/runner/.m2/repository/org/apache/hadoop/hadoop-annotations/3.3.1/hadoop-annotations-3.3.1.jar:/usr/lib/jvm/adoptopenjdk-8-hotspot-amd64/jre/../lib/tools.jar:/home/runner/.m2/repository/org/apache/hadoop/hadoop-distcp/3.3.1/hadoop-distcp-3.3.1-tests.jar:/home/runner/.m2/repository/org/apache/ratis/ratis-common/2.1.0-03f3b68-SNAPSHOT/ratis-common-2.1.0-03f3b68-SNAPSHOT.jar:/home/runner/.m2/repository/org/apache/ratis/ratis-thirdparty-misc/0.7.0/ratis-thirdparty-misc-0.7.0.jar:/home/runner/.m2/repository/org/apache/ratis/ratis-proto/2.1.0-03f3b68-SNAPSHOT/ratis-proto-2.1.0-03f3b68-SNAPSHOT.jar:"/>
    <property name="java.vm.vendor" value="AdoptOpenJDK"/>
    <property name="sun.arch.data.model" value="64"/>
    <property name="test.build.dir" value="/home/runner/work/ozone/ozone/hadoop-ozone/integration-test/target/test-dir"/>
    <property name="test.cache.data" value=""/>
    <property name="java.vendor.url" value="https://adoptopenjdk.net/"/>
    <property name="user.timezone" value=""/>
    <property name="java.vm.specification.version" value="1.8"/>
    <property name="os.name" value="Linux"/>
    <property name="test.build.data" value="/home/runner/work/ozone/ozone/hadoop-ozone/integration-test/target/test-dir"/>
    <property name="sun.java.launcher" value="SUN_STANDARD"/>
    <property name="sun.boot.library.path" value="/usr/lib/jvm/adoptopenjdk-8-hotspot-amd64/jre/lib/amd64"/>
    <property name="sun.java.command" value="/home/runner/work/ozone/ozone/hadoop-ozone/integration-test/target/surefire/surefirebooter8317055081084137242.jar /home/runner/work/ozone/ozone/hadoop-ozone/integration-test/target/surefire 2021-10-05T12-12-59_683-jvmRun1 surefire3471618518639123695tmp surefire_837989334716844142921tmp"/>
    <property name="surefire.test.class.path" value="/home/runner/work/ozone/ozone/hadoop-ozone/integration-test/target/test-classes:/home/runner/work/ozone/ozone/hadoop-ozone/integration-test/target/classes:/home/runner/.m2/repository/org/apache/ozone/ozone-common/1.2.0-SNAPSHOT/ozone-common-1.2.0-SNAPSHOT.jar:/home/runner/.m2/repository/org/apache/commons/commons-compress/1.20/commons-compress-1.20.jar:/home/runner/.m2/repository/org/apache/ozone/hdds-common/1.2.0-SNAPSHOT/hdds-common-1.2.0-SNAPSHOT.jar:/home/runner/.m2/repository/org/apache/ozone/hdds-client/1.2.0-SNAPSHOT/hdds-client-1.2.0-SNAPSHOT.jar:/home/runner/.m2/repository/org/apache/ozone/ozone-interface-client/1.2.0-SNAPSHOT/ozone-interface-client-1.2.0-SNAPSHOT.jar:/home/runner/.m2/repository/org/apache/ozone/hdds-server-framework/1.2.0-SNAPSHOT/hdds-server-framework-1.2.0-SNAPSHOT.jar:/home/runner/.m2/repository/org/apache/ozone/hdds-interface-server/1.2.0-SNAPSHOT/hdds-interface-server-1.2.0-SNAPSHOT.jar:/home/runner/.m2/repository/org/eclipse/jetty/jetty-servlet/9.4.43.v20210629/jetty-servlet-9.4.43.v20210629.jar:/home/runner/.m2/repository/org/eclipse/jetty/jetty-security/9.4.43.v20210629/jetty-security-9.4.43.v20210629.jar:/home/runner/.m2/repository/org/rocksdb/rocksdbjni/6.20.3/rocksdbjni-6.20.3.jar:/home/runner/.m2/repository/io/prometheus/simpleclient_dropwizard/0.7.0/simpleclient_dropwizard-0.7.0.jar:/home/runner/.m2/repository/io/prometheus/simpleclient/0.7.0/simpleclient-0.7.0.jar:/home/runner/.m2/repository/io/prometheus/simpleclient_common/0.7.0/simpleclient_common-0.7.0.jar:/home/runner/.m2/repository/com/fasterxml/jackson/datatype/jackson-datatype-jsr310/2.12.1/jackson-datatype-jsr310-2.12.1.jar:/home/runner/.m2/repository/org/apache/ozone/hdds-test-utils/1.2.0-SNAPSHOT/hdds-test-utils-1.2.0-SNAPSHOT.jar:/home/runner/.m2/repository/com/google/guava/guava/30.1.1-jre/guava-30.1.1-jre.jar:/home/runner/.m2/repository/com/google/guava/failureaccess/1.0.1/failureaccess-1.0.1.jar:/home/runner/.m2/repository/com/google/guava/listenablefuture/9999.0-empty-to-avoid-conflict-with-guava/listenablefuture-9999.0-empty-to-avoid-conflict-with-guava.jar:/home/runner/.m2/repository/com/google/code/findbugs/jsr305/3.0.0/jsr305-3.0.0.jar:/home/runner/.m2/repository/org/checkerframework/checker-qual/3.8.0/checker-qual-3.8.0.jar:/home/runner/.m2/repository/com/google/errorprone/error_prone_annotations/2.2.0/error_prone_annotations-2.2.0.jar:/home/runner/.m2/repository/com/google/j2objc/j2objc-annotations/1.3/j2objc-annotations-1.3.jar:/home/runner/.m2/repository/commons-io/commons-io/2.11.0/commons-io-2.11.0.jar:/home/runner/.m2/repository/commons-logging/commons-logging/1.2/commons-logging-1.2.jar:/home/runner/.m2/repository/log4j/log4j/1.2.17/log4j-1.2.17.jar:/home/runner/.m2/repository/org/slf4j/slf4j-api/1.7.30/slf4j-api-1.7.30.jar:/home/runner/.m2/repository/org/apache/ozone/hdds-server-scm/1.2.0-SNAPSHOT/hdds-server-scm-1.2.0-SNAPSHOT.jar:/home/runner/.m2/repository/org/apache/ozone/hdds-container-service/1.2.0-SNAPSHOT/hdds-container-service-1.2.0-SNAPSHOT.jar:/home/runner/.m2/repository/org/apache/ozone/hdds-hadoop-dependency-server/1.2.0-SNAPSHOT/hdds-hadoop-dependency-server-1.2.0-SNAPSHOT.jar:/home/runner/.m2/repository/org/apache/hadoop/hadoop-hdfs/3.3.1/hadoop-hdfs-3.3.1.jar:/home/runner/.m2/repository/io/dropwizard/metrics/metrics-core/3.2.4/metrics-core-3.2.4.jar:/home/runner/.m2/repository/org/apache/hadoop/hadoop-hdfs-client/3.3.1/hadoop-hdfs-client-3.3.1.jar:/home/runner/.m2/repository/org/bouncycastle/bcprov-jdk15on/1.67/bcprov-jdk15on-1.67.jar:/home/runner/.m2/repository/com/google/protobuf/protobuf-java/2.5.0/protobuf-java-2.5.0.jar:/home/runner/.m2/repository/org/apache/ozone/ozone-manager/1.2.0-SNAPSHOT/ozone-manager-1.2.0-SNAPSHOT.jar:/home/runner/.m2/repository/org/aspectj/aspectjrt/1.9.7/aspectjrt-1.9.7.jar:/home/runner/.m2/repository/org/aspectj/aspectjweaver/1.9.7/aspectjweaver-1.9.7.jar:/home/runner/.m2/repository/org/apache/ozone/hdds-interface-client/1.2.0-SNAPSHOT/hdds-interface-client-1.2.0-SNAPSHOT.jar:/home/runner/.m2/repository/org/apache/hadoop/thirdparty/hadoop-shaded-protobuf_3_7/1.1.1/hadoop-shaded-protobuf_3_7-1.1.1.jar:/home/runner/.m2/repository/org/apache/ozone/ozone-interface-storage/1.2.0-SNAPSHOT/ozone-interface-storage-1.2.0-SNAPSHOT.jar:/home/runner/.m2/repository/org/reflections/reflections/0.9.11/reflections-0.9.11.jar:/home/runner/.m2/repository/org/apache/hadoop/hadoop-minikdc/3.3.1/hadoop-minikdc-3.3.1.jar:/home/runner/.m2/repository/org/apache/kerby/kerb-simplekdc/1.0.1/kerb-simplekdc-1.0.1.jar:/home/runner/.m2/repository/org/apache/kerby/kerb-client/1.0.1/kerb-client-1.0.1.jar:/home/runner/.m2/repository/org/apache/kerby/kerby-config/1.0.1/kerby-config-1.0.1.jar:/home/runner/.m2/repository/org/apache/kerby/kerb-common/1.0.1/kerb-common-1.0.1.jar:/home/runner/.m2/repository/org/apache/kerby/kerb-crypto/1.0.1/kerb-crypto-1.0.1.jar:/home/runner/.m2/repository/org/apache/kerby/kerb-util/1.0.1/kerb-util-1.0.1.jar:/home/runner/.m2/repository/org/apache/kerby/token-provider/1.0.1/token-provider-1.0.1.jar:/home/runner/.m2/repository/org/apache/kerby/kerb-admin/1.0.1/kerb-admin-1.0.1.jar:/home/runner/.m2/repository/org/apache/kerby/kerb-server/1.0.1/kerb-server-1.0.1.jar:/home/runner/.m2/repository/org/apache/kerby/kerb-identity/1.0.1/kerb-identity-1.0.1.jar:/home/runner/.m2/repository/org/apache/kerby/kerby-xdr/1.0.1/kerby-xdr-1.0.1.jar:/home/runner/.m2/repository/org/slf4j/slf4j-log4j12/1.7.30/slf4j-log4j12-1.7.30.jar:/home/runner/.m2/repository/org/apache/ozone/ozone-s3gateway/1.2.0-SNAPSHOT/ozone-s3gateway-1.2.0-SNAPSHOT.jar:/home/runner/.m2/repository/org/javassist/javassist/3.21.0-GA/javassist-3.21.0-GA.jar:/home/runner/.m2/repository/org/jboss/weld/servlet/weld-servlet/2.4.7.Final/weld-servlet-2.4.7.Final.jar:/home/runner/.m2/repository/org/glassfish/jersey/containers/jersey-container-servlet-core/2.33/jersey-container-servlet-core-2.33.jar:/home/runner/.m2/repository/org/glassfish/hk2/external/jakarta.inject/2.6.1/jakarta.inject-2.6.1.jar:/home/runner/.m2/repository/org/glassfish/jersey/core/jersey-common/2.33/jersey-common-2.33.jar:/home/runner/.m2/repository/jakarta/ws/rs/jakarta.ws.rs-api/2.1.6/jakarta.ws.rs-api-2.1.6.jar:/home/runner/.m2/repository/org/glassfish/jersey/ext/cdi/jersey-cdi1x/2.33/jersey-cdi1x-2.33.jar:/home/runner/.m2/repository/org/glassfish/jersey/inject/jersey-hk2/2.33/jersey-hk2-2.33.jar:/home/runner/.m2/repository/org/glassfish/hk2/hk2-locator/2.6.1/hk2-locator-2.6.1.jar:/home/runner/.m2/repository/org/glassfish/jersey/media/jersey-media-jaxb/2.33/jersey-media-jaxb-2.33.jar:/home/runner/.m2/repository/org/glassfish/hk2/osgi-resource-locator/1.0.3/osgi-resource-locator-1.0.3.jar:/home/runner/.m2/repository/org/glassfish/hk2/hk2-api/2.5.0/hk2-api-2.5.0.jar:/home/runner/.m2/repository/org/glassfish/hk2/hk2-utils/2.5.0/hk2-utils-2.5.0.jar:/home/runner/.m2/repository/org/glassfish/hk2/external/aopalliance-repackaged/2.5.0/aopalliance-repackaged-2.5.0.jar:/home/runner/.m2/repository/com/fasterxml/jackson/dataformat/jackson-dataformat-xml/2.12.1/jackson-dataformat-xml-2.12.1.jar:/home/runner/.m2/repository/com/fasterxml/jackson/core/jackson-core/2.12.1/jackson-core-2.12.1.jar:/home/runner/.m2/repository/com/fasterxml/jackson/module/jackson-module-jaxb-annotations/2.12.1/jackson-module-jaxb-annotations-2.12.1.jar:/home/runner/.m2/repository/jakarta/xml/bind/jakarta.xml.bind-api/2.3.2/jakarta.xml.bind-api-2.3.2.jar:/home/runner/.m2/repository/org/codehaus/woodstox/stax2-api/3.1.4/stax2-api-3.1.4.jar:/home/runner/.m2/repository/com/fasterxml/woodstox/woodstox-core/5.0.3/woodstox-core-5.0.3.jar:/home/runner/.m2/repository/javax/enterprise/cdi-api/1.2/cdi-api-1.2.jar:/home/runner/.m2/repository/javax/el/javax.el-api/3.0.0/javax.el-api-3.0.0.jar:/home/runner/.m2/repository/javax/interceptor/javax.interceptor-api/1.2/javax.interceptor-api-1.2.jar:/home/runner/.m2/repository/javax/inject/javax.inject/1/javax.inject-1.jar:/home/runner/.m2/repository/javax/xml/bind/jaxb-api/2.3.0/jaxb-api-2.3.0.jar:/home/runner/.m2/repository/org/glassfish/jaxb/jaxb-runtime/2.3.0.1/jaxb-runtime-2.3.0.1.jar:/home/runner/.m2/repository/org/glassfish/jaxb/jaxb-core/2.3.0.1/jaxb-core-2.3.0.1.jar:/home/runner/.m2/repository/org/glassfish/jaxb/txw2/2.3.0.1/txw2-2.3.0.1.jar:/home/runner/.m2/repository/com/sun/istack/istack-commons-runtime/3.0.5/istack-commons-runtime-3.0.5.jar:/home/runner/.m2/repository/org/jvnet/staxex/stax-ex/1.7.8/stax-ex-1.7.8.jar:/home/runner/.m2/repository/com/sun/xml/fastinfoset/FastInfoset/1.2.13/FastInfoset-1.2.13.jar:/home/runner/.m2/repository/javax/activation/activation/1.1.1/activation-1.1.1.jar:/home/runner/.m2/repository/org/apache/ozone/ozone-csi/1.2.0-SNAPSHOT/ozone-csi-1.2.0-SNAPSHOT.jar:/home/runner/.m2/repository/com/google/protobuf/protobuf-java-util/3.12.0/protobuf-java-util-3.12.0.jar:/home/runner/.m2/repository/com/google/code/gson/gson/2.2.4/gson-2.2.4.jar:/home/runner/.m2/repository/org/apache/ozone/hdds-config/1.2.0-SNAPSHOT/hdds-config-1.2.0-SNAPSHOT.jar:/home/runner/.m2/repository/io/grpc/grpc-netty/1.33.0/grpc-netty-1.33.0.jar:/home/runner/.m2/repository/io/grpc/grpc-core/1.33.0/grpc-core-1.33.0.jar:/home/runner/.m2/repository/com/google/android/annotations/4.1.1.4/annotations-4.1.1.4.jar:/home/runner/.m2/repository/io/netty/netty-codec-http2/4.1.63.Final/netty-codec-http2-4.1.63.Final.jar:/home/runner/.m2/repository/io/netty/netty-codec-http/4.1.63.Final/netty-codec-http-4.1.63.Final.jar:/home/runner/.m2/repository/io/netty/netty-handler-proxy/4.1.63.Final/netty-handler-proxy-4.1.63.Final.jar:/home/runner/.m2/repository/io/netty/netty-codec-socks/4.1.63.Final/netty-codec-socks-4.1.63.Final.jar:/home/runner/.m2/repository/io/perfmark/perfmark-api/0.19.0/perfmark-api-0.19.0.jar:/home/runner/.m2/repository/org/codehaus/mojo/animal-sniffer-annotations/1.18/animal-sniffer-annotations-1.18.jar:/home/runner/.m2/repository/io/netty/netty-transport-native-epoll/4.1.63.Final/netty-transport-native-epoll-4.1.63.Final.jar:/home/runner/.m2/repository/io/netty/netty-common/4.1.63.Final/netty-common-4.1.63.Final.jar:/home/runner/.m2/repository/io/netty/netty-buffer/4.1.63.Final/netty-buffer-4.1.63.Final.jar:/home/runner/.m2/repository/io/netty/netty-transport-native-unix-common/4.1.63.Final/netty-transport-native-unix-common-4.1.63.Final.jar:/home/runner/.m2/repository/io/grpc/grpc-protobuf/1.33.0/grpc-protobuf-1.33.0.jar:/home/runner/.m2/repository/io/grpc/grpc-api/1.33.0/grpc-api-1.33.0.jar:/home/runner/.m2/repository/io/grpc/grpc-context/1.33.0/grpc-context-1.33.0.jar:/home/runner/.m2/repository/com/google/api/grpc/proto-google-common-protos/1.17.0/proto-google-common-protos-1.17.0.jar:/home/runner/.m2/repository/io/grpc/grpc-protobuf-lite/1.33.0/grpc-protobuf-lite-1.33.0.jar:/home/runner/.m2/repository/io/grpc/grpc-stub/1.33.0/grpc-stub-1.33.0.jar:/home/runner/.m2/repository/org/apache/ozone/ozone-recon/1.2.0-SNAPSHOT/ozone-recon-1.2.0-SNAPSHOT.jar:/home/runner/.m2/repository/org/apache/ozone/ozone-reconcodegen/1.2.0-SNAPSHOT/ozone-reconcodegen-1.2.0-SNAPSHOT.jar:/home/runner/.m2/repository/com/google/inject/extensions/guice-multibindings/4.0/guice-multibindings-4.0.jar:/home/runner/.m2/repository/com/google/inject/guice/4.0/guice-4.0.jar:/home/runner/.m2/repository/aopalliance/aopalliance/1.0/aopalliance-1.0.jar:/home/runner/.m2/repository/com/google/inject/extensions/guice-assistedinject/4.0/guice-assistedinject-4.0.jar:/home/runner/.m2/repository/com/google/inject/extensions/guice-servlet/4.0/guice-servlet-4.0.jar:/home/runner/.m2/repository/org/glassfish/jersey/containers/jersey-container-servlet/2.33/jersey-container-servlet-2.33.jar:/home/runner/.m2/repository/org/glassfish/hk2/guice-bridge/2.5.0/guice-bridge-2.5.0.jar:/home/runner/.m2/repository/org/glassfish/jersey/core/jersey-server/2.33/jersey-server-2.33.jar:/home/runner/.m2/repository/org/glassfish/jersey/core/jersey-client/2.33/jersey-client-2.33.jar:/home/runner/.m2/repository/jakarta/annotation/jakarta.annotation-api/1.3.5/jakarta.annotation-api-1.3.5.jar:/home/runner/.m2/repository/jakarta/validation/jakarta.validation-api/2.0.2/jakarta.validation-api-2.0.2.jar:/home/runner/.m2/repository/org/glassfish/jersey/media/jersey-media-json-jackson/2.33/jersey-media-json-jackson-2.33.jar:/home/runner/.m2/repository/org/glassfish/jersey/ext/jersey-entity-filtering/2.33/jersey-entity-filtering-2.33.jar:/home/runner/.m2/repository/org/jooq/jooq/3.11.10/jooq-3.11.10.jar:/home/runner/.m2/repository/org/jooq/jooq-meta/3.11.10/jooq-meta-3.11.10.jar:/home/runner/.m2/repository/org/jooq/jooq-codegen/3.11.10/jooq-codegen-3.11.10.jar:/home/runner/.m2/repository/com/jolbox/bonecp/0.8.0.RELEASE/bonecp-0.8.0.RELEASE.jar:/home/runner/.m2/repository/org/apache/derby/derby/10.14.2.0/derby-10.14.2.0.jar:/home/runner/.m2/repository/org/xerial/sqlite-jdbc/3.25.2/sqlite-jdbc-3.25.2.jar:/home/runner/.m2/repository/org/springframework/spring-jdbc/5.2.11.RELEASE/spring-jdbc-5.2.11.RELEASE.jar:/home/runner/.m2/repository/org/springframework/spring-beans/5.2.11.RELEASE/spring-beans-5.2.11.RELEASE.jar:/home/runner/.m2/repository/org/springframework/spring-core/5.2.11.RELEASE/spring-core-5.2.11.RELEASE.jar:/home/runner/.m2/repository/org/springframework/spring-jcl/5.2.11.RELEASE/spring-jcl-5.2.11.RELEASE.jar:/home/runner/.m2/repository/org/springframework/spring-tx/5.2.11.RELEASE/spring-tx-5.2.11.RELEASE.jar:/home/runner/.m2/repository/org/apache/ozone/ozone-client/1.2.0-SNAPSHOT/ozone-client-1.2.0-SNAPSHOT.jar:/home/runner/.m2/repository/org/apache/ozone/ozone-filesystem/1.2.0-SNAPSHOT/ozone-filesystem-1.2.0-SNAPSHOT.jar:/home/runner/.m2/repository/org/apache/ozone/ozone-filesystem-common/1.2.0-SNAPSHOT/ozone-filesystem-common-1.2.0-SNAPSHOT.jar:/home/runner/.m2/repository/org/apache/ozone/ozone-tools/1.2.0-SNAPSHOT/ozone-tools-1.2.0-SNAPSHOT.jar:/home/runner/.m2/repository/org/apache/ratis/ratis-tools/2.1.0-03f3b68-SNAPSHOT/ratis-tools-2.1.0-03f3b68-SNAPSHOT.jar:/home/runner/.m2/repository/com/amazonaws/aws-java-sdk-core/1.11.901/aws-java-sdk-core-1.11.901.jar:/home/runner/.m2/repository/org/apache/httpcomponents/httpclient/4.5.13/httpclient-4.5.13.jar:/home/runner/.m2/repository/org/apache/httpcomponents/httpcore/4.4.13/httpcore-4.4.13.jar:/home/runner/.m2/repository/software/amazon/ion/ion-java/1.0.2/ion-java-1.0.2.jar:/home/runner/.m2/repository/com/fasterxml/jackson/dataformat/jackson-dataformat-cbor/2.12.1/jackson-dataformat-cbor-2.12.1.jar:/home/runner/.m2/repository/joda-time/joda-time/2.8.1/joda-time-2.8.1.jar:/home/runner/.m2/repository/com/amazonaws/aws-java-sdk-s3/1.11.901/aws-java-sdk-s3-1.11.901.jar:/home/runner/.m2/repository/com/amazonaws/aws-java-sdk-kms/1.11.901/aws-java-sdk-kms-1.11.901.jar:/home/runner/.m2/repository/com/amazonaws/jmespath-java/1.11.901/jmespath-java-1.11.901.jar:/home/runner/.m2/repository/org/kohsuke/metainf-services/metainf-services/1.8/metainf-services-1.8.jar:/home/runner/.m2/repository/org/apache/ozone/hdds-tools/1.2.0-SNAPSHOT/hdds-tools-1.2.0-SNAPSHOT.jar:/home/runner/.m2/repository/commons-cli/commons-cli/1.2/commons-cli-1.2.jar:/home/runner/.m2/repository/org/apache/commons/commons-lang3/3.7/commons-lang3-3.7.jar:/home/runner/.m2/repository/org/apache/ozone/ozone-manager/1.2.0-SNAPSHOT/ozone-manager-1.2.0-SNAPSHOT-tests.jar:/home/runner/.m2/repository/org/apache/ozone/hdds-common/1.2.0-SNAPSHOT/hdds-common-1.2.0-SNAPSHOT-tests.jar:/home/runner/.m2/repository/org/apache/ozone/hdds-hadoop-dependency-client/1.2.0-SNAPSHOT/hdds-hadoop-dependency-client-1.2.0-SNAPSHOT.jar:/home/runner/.m2/repository/info/picocli/picocli/4.6.1/picocli-4.6.1.jar:/home/runner/.m2/repository/com/fasterxml/jackson/core/jackson-annotations/2.12.1/jackson-annotations-2.12.1.jar:/home/runner/.m2/repository/javax/annotation/javax.annotation-api/1.2/javax.annotation-api-1.2.jar:/home/runner/.m2/repository/org/apache/ratis/ratis-server/2.1.0-03f3b68-SNAPSHOT/ratis-server-2.1.0-03f3b68-SNAPSHOT.jar:/home/runner/.m2/repository/org/apache/ratis/ratis-client/2.1.0-03f3b68-SNAPSHOT/ratis-client-2.1.0-03f3b68-SNAPSHOT.jar:/home/runner/.m2/repository/org/apache/ratis/ratis-server-api/2.1.0-03f3b68-SNAPSHOT/ratis-server-api-2.1.0-03f3b68-SNAPSHOT.jar:/home/runner/.m2/repository/org/apache/ratis/ratis-metrics/2.1.0-03f3b68-SNAPSHOT/ratis-metrics-2.1.0-03f3b68-SNAPSHOT.jar:/home/runner/.m2/repository/org/apache/ratis/ratis-netty/2.1.0-03f3b68-SNAPSHOT/ratis-netty-2.1.0-03f3b68-SNAPSHOT.jar:/home/runner/.m2/repository/org/apache/ratis/ratis-grpc/2.1.0-03f3b68-SNAPSHOT/ratis-grpc-2.1.0-03f3b68-SNAPSHOT.jar:/home/runner/.m2/repository/org/apache/logging/log4j/log4j-api/2.13.3/log4j-api-2.13.3.jar:/home/runner/.m2/repository/org/apache/logging/log4j/log4j-core/2.13.3/log4j-core-2.13.3.jar:/home/runner/.m2/repository/com/lmax/disruptor/3.4.2/disruptor-3.4.2.jar:/home/runner/.m2/repository/org/apache/commons/commons-pool2/2.6.0/commons-pool2-2.6.0.jar:/home/runner/.m2/repository/org/bouncycastle/bcpkix-jdk15on/1.67/bcpkix-jdk15on-1.67.jar:/home/runner/.m2/repository/commons-validator/commons-validator/1.6/commons-validator-1.6.jar:/home/runner/.m2/repository/commons-beanutils/commons-beanutils/1.9.4/commons-beanutils-1.9.4.jar:/home/runner/.m2/repository/commons-digester/commons-digester/1.8.1/commons-digester-1.8.1.jar:/home/runner/.m2/repository/commons-collections/commons-collections/3.2.2/commons-collections-3.2.2.jar:/home/runner/.m2/repository/io/jaegertracing/jaeger-client/1.6.0/jaeger-client-1.6.0.jar:/home/runner/.m2/repository/io/jaegertracing/jaeger-thrift/1.6.0/jaeger-thrift-1.6.0.jar:/home/runner/.m2/repository/org/apache/thrift/libthrift/0.14.1/libthrift-0.14.1.jar:/home/runner/.m2/repository/com/squareup/okhttp3/okhttp/4.9.0/okhttp-4.9.0.jar:/home/runner/.m2/repository/com/squareup/okio/okio/2.8.0/okio-2.8.0.jar:/home/runner/.m2/repository/io/jaegertracing/jaeger-core/1.6.0/jaeger-core-1.6.0.jar:/home/runner/.m2/repository/io/jaegertracing/jaeger-tracerresolver/1.6.0/jaeger-tracerresolver-1.6.0.jar:/home/runner/.m2/repository/io/opentracing/contrib/opentracing-tracerresolver/0.1.8/opentracing-tracerresolver-0.1.8.jar:/home/runner/.m2/repository/org/jetbrains/kotlin/kotlin-stdlib/1.4.31/kotlin-stdlib-1.4.31.jar:/home/runner/.m2/repository/org/jetbrains/kotlin/kotlin-stdlib-common/1.4.31/kotlin-stdlib-common-1.4.31.jar:/home/runner/.m2/repository/org/jetbrains/annotations/13.0/annotations-13.0.jar:/home/runner/.m2/repository/io/opentracing/opentracing-util/0.33.0/opentracing-util-0.33.0.jar:/home/runner/.m2/repository/io/opentracing/opentracing-api/0.33.0/opentracing-api-0.33.0.jar:/home/runner/.m2/repository/io/opentracing/opentracing-noop/0.33.0/opentracing-noop-0.33.0.jar:/home/runner/.m2/repository/org/yaml/snakeyaml/1.26/snakeyaml-1.26.jar:/home/runner/.m2/repository/org/apache/ozone/hdds-interface-admin/1.2.0-SNAPSHOT/hdds-interface-admin-1.2.0-SNAPSHOT.jar:/home/runner/.m2/repository/junit/junit/4.13.1/junit-4.13.1.jar:/home/runner/.m2/repository/org/hamcrest/hamcrest-core/1.3/hamcrest-core-1.3.jar:/home/runner/.m2/repository/org/junit/jupiter/junit-jupiter-api/5.7.0/junit-jupiter-api-5.7.0.jar:/home/runner/.m2/repository/org/apiguardian/apiguardian-api/1.1.0/apiguardian-api-1.1.0.jar:/home/runner/.m2/repository/org/opentest4j/opentest4j/1.2.0/opentest4j-1.2.0.jar:/home/runner/.m2/repository/org/junit/platform/junit-platform-commons/1.7.0/junit-platform-commons-1.7.0.jar:/home/runner/.m2/repository/org/junit/jupiter/junit-jupiter-engine/5.7.0/junit-jupiter-engine-5.7.0.jar:/home/runner/.m2/repository/org/junit/platform/junit-platform-engine/1.7.0/junit-platform-engine-1.7.0.jar:/home/runner/.m2/repository/org/junit/vintage/junit-vintage-engine/5.7.0/junit-vintage-engine-5.7.0.jar:/home/runner/.m2/repository/org/junit/platform/junit-platform-launcher/1.7.0/junit-platform-launcher-1.7.0.jar:/home/runner/.m2/repository/org/openjdk/jmh/jmh-core/1.19/jmh-core-1.19.jar:/home/runner/.m2/repository/net/sf/jopt-simple/jopt-simple/4.6/jopt-simple-4.6.jar:/home/runner/.m2/repository/org/apache/commons/commons-math3/3.1.1/commons-math3-3.1.1.jar:/home/runner/.m2/repository/org/openjdk/jmh/jmh-generator-annprocess/1.19/jmh-generator-annprocess-1.19.jar:/home/runner/.m2/repository/org/mockito/mockito-core/2.28.2/mockito-core-2.28.2.jar:/home/runner/.m2/repository/net/bytebuddy/byte-buddy/1.9.10/byte-buddy-1.9.10.jar:/home/runner/.m2/repository/net/bytebuddy/byte-buddy-agent/1.9.10/byte-buddy-agent-1.9.10.jar:/home/runner/.m2/repository/org/objenesis/objenesis/1.0/objenesis-1.0.jar:/home/runner/.m2/repository/org/apache/hadoop/hadoop-kms/3.3.1/hadoop-kms-3.3.1.jar:/home/runner/.m2/repository/org/apache/hadoop/hadoop-auth/3.3.1/hadoop-auth-3.3.1.jar:/home/runner/.m2/repository/com/nimbusds/nimbus-jose-jwt/7.9/nimbus-jose-jwt-7.9.jar:/home/runner/.m2/repository/com/github/stephenc/jcip/jcip-annotations/1.0-1/jcip-annotations-1.0-1.jar:/home/runner/.m2/repository/net/minidev/json-smart/2.3/json-smart-2.3.jar:/home/runner/.m2/repository/net/minidev/accessors-smart/1.2/accessors-smart-1.2.jar:/home/runner/.m2/repository/org/ow2/asm/asm/5.0.4/asm-5.0.4.jar:/home/runner/.m2/repository/org/apache/zookeeper/zookeeper/3.5.6/zookeeper-3.5.6.jar:/home/runner/.m2/repository/org/apache/zookeeper/zookeeper-jute/3.5.6/zookeeper-jute-3.5.6.jar:/home/runner/.m2/repository/org/apache/yetus/audience-annotations/0.5.0/audience-annotations-0.5.0.jar:/home/runner/.m2/repository/org/apache/curator/curator-framework/4.2.0/curator-framework-4.2.0.jar:/home/runner/.m2/repository/org/apache/hadoop/thirdparty/hadoop-shaded-guava/1.1.1/hadoop-shaded-guava-1.1.1.jar:/home/runner/.m2/repository/com/sun/jersey/jersey-core/1.19/jersey-core-1.19.jar:/home/runner/.m2/repository/javax/ws/rs/jsr311-api/1.1.1/jsr311-api-1.1.1.jar:/home/runner/.m2/repository/com/sun/jersey/jersey-server/1.19/jersey-server-1.19.jar:/home/runner/.m2/repository/javax/servlet/javax.servlet-api/3.1.0/javax.servlet-api-3.1.0.jar:/home/runner/.m2/repository/org/eclipse/jetty/jetty-server/9.4.43.v20210629/jetty-server-9.4.43.v20210629.jar:/home/runner/.m2/repository/org/eclipse/jetty/jetty-http/9.4.43.v20210629/jetty-http-9.4.43.v20210629.jar:/home/runner/.m2/repository/org/eclipse/jetty/jetty-io/9.4.43.v20210629/jetty-io-9.4.43.v20210629.jar:/home/runner/.m2/repository/org/eclipse/jetty/jetty-webapp/9.4.43.v20210629/jetty-webapp-9.4.43.v20210629.jar:/home/runner/.m2/repository/org/eclipse/jetty/jetty-xml/9.4.43.v20210629/jetty-xml-9.4.43.v20210629.jar:/home/runner/.m2/repository/org/apache/hadoop/hadoop-common/3.3.1/hadoop-common-3.3.1.jar:/home/runner/.m2/repository/commons-net/commons-net/3.6/commons-net-3.6.jar:/home/runner/.m2/repository/jakarta/activation/jakarta.activation-api/1.2.1/jakarta.activation-api-1.2.1.jar:/home/runner/.m2/repository/com/sun/jersey/jersey-servlet/1.19/jersey-servlet-1.19.jar:/home/runner/.m2/repository/com/sun/jersey/jersey-json/1.19/jersey-json-1.19.jar:/home/runner/.m2/repository/org/codehaus/jettison/jettison/1.1/jettison-1.1.jar:/home/runner/.m2/repository/com/sun/xml/bind/jaxb-impl/2.2.3-1/jaxb-impl-2.2.3-1.jar:/home/runner/.m2/repository/org/codehaus/jackson/jackson-jaxrs/1.9.2/jackson-jaxrs-1.9.2.jar:/home/runner/.m2/repository/org/codehaus/jackson/jackson-xc/1.9.2/jackson-xc-1.9.2.jar:/home/runner/.m2/repository/org/apache/commons/commons-configuration2/2.1.1/commons-configuration2-2.1.1.jar:/home/runner/.m2/repository/org/apache/commons/commons-text/1.4/commons-text-1.4.jar:/home/runner/.m2/repository/com/google/re2j/re2j/1.1/re2j-1.1.jar:/home/runner/.m2/repository/com/jcraft/jsch/0.1.54/jsch-0.1.54.jar:/home/runner/.m2/repository/org/apache/curator/curator-client/4.2.0/curator-client-4.2.0.jar:/home/runner/.m2/repository/org/apache/curator/curator-recipes/4.2.0/curator-recipes-4.2.0.jar:/home/runner/.m2/repository/org/apache/kerby/kerb-core/1.0.1/kerb-core-1.0.1.jar:/home/runner/.m2/repository/org/apache/kerby/kerby-pkix/1.0.1/kerby-pkix-1.0.1.jar:/home/runner/.m2/repository/org/apache/kerby/kerby-asn1/1.0.1/kerby-asn1-1.0.1.jar:/home/runner/.m2/repository/org/apache/kerby/kerby-util/1.0.1/kerby-util-1.0.1.jar:/home/runner/.m2/repository/dnsjava/dnsjava/2.1.7/dnsjava-2.1.7.jar:/home/runner/.m2/repository/org/xerial/snappy/snappy-java/1.1.8.2/snappy-java-1.1.8.2.jar:/home/runner/.m2/repository/org/slf4j/jul-to-slf4j/1.7.30/jul-to-slf4j-1.7.30.jar:/home/runner/.m2/repository/org/eclipse/jetty/jetty-util/9.4.43.v20210629/jetty-util-9.4.43.v20210629.jar:/home/runner/.m2/repository/com/fasterxml/jackson/core/jackson-databind/2.12.1/jackson-databind-2.12.1.jar:/home/runner/.m2/repository/org/apache/hadoop/hadoop-kms/3.3.1/hadoop-kms-3.3.1-tests.jar:/home/runner/.m2/repository/org/apache/ozone/hdds-server-scm/1.2.0-SNAPSHOT/hdds-server-scm-1.2.0-SNAPSHOT-tests.jar:/home/runner/.m2/repository/org/apache/ozone/hdds-container-service/1.2.0-SNAPSHOT/hdds-container-service-1.2.0-SNAPSHOT-tests.jar:/home/runner/.m2/repository/commons-codec/commons-codec/1.11/commons-codec-1.11.jar:/home/runner/.m2/repository/io/netty/netty-transport/4.1.63.Final/netty-transport-4.1.63.Final.jar:/home/runner/.m2/repository/io/netty/netty-resolver/4.1.63.Final/netty-resolver-4.1.63.Final.jar:/home/runner/.m2/repository/io/netty/netty-codec/4.1.63.Final/netty-codec-4.1.63.Final.jar:/home/runner/.m2/repository/io/netty/netty-handler/4.1.63.Final/netty-handler-4.1.63.Final.jar:/home/runner/.m2/repository/org/apache/ozone/hdds-hadoop-dependency-test/1.2.0-SNAPSHOT/hdds-hadoop-dependency-test-1.2.0-SNAPSHOT.jar:/home/runner/.m2/repository/org/apache/hadoop/hadoop-common/3.3.1/hadoop-common-3.3.1-tests.jar:/home/runner/.m2/repository/org/assertj/assertj-core/3.12.2/assertj-core-3.12.2.jar:/home/runner/.m2/repository/org/apache/hadoop/hadoop-hdfs/3.3.1/hadoop-hdfs-3.3.1-tests.jar:/home/runner/.m2/repository/org/eclipse/jetty/jetty-util-ajax/9.4.43.v20210629/jetty-util-ajax-9.4.43.v20210629.jar:/home/runner/.m2/repository/commons-daemon/commons-daemon/1.0.13/commons-daemon-1.0.13.jar:/home/runner/.m2/repository/io/netty/netty/3.10.6.Final/netty-3.10.6.Final.jar:/home/runner/.m2/repository/io/netty/netty-all/4.1.63.Final/netty-all-4.1.63.Final.jar:/home/runner/.m2/repository/org/apache/htrace/htrace-core4/4.1.0-incubating/htrace-core4-4.1.0-incubating.jar:/home/runner/.m2/repository/org/fusesource/leveldbjni/leveldbjni-all/1.8/leveldbjni-all-1.8.jar:/home/runner/.m2/repository/org/apache/hadoop/hadoop-distcp/3.3.1/hadoop-distcp-3.3.1.jar:/home/runner/.m2/repository/org/apache/hadoop/hadoop-mapreduce-client-jobclient/3.3.1/hadoop-mapreduce-client-jobclient-3.3.1.jar:/home/runner/.m2/repository/org/apache/hadoop/hadoop-mapreduce-client-common/3.3.1/hadoop-mapreduce-client-common-3.3.1.jar:/home/runner/.m2/repository/org/apache/hadoop/hadoop-yarn-common/3.3.1/hadoop-yarn-common-3.3.1.jar:/home/runner/.m2/repository/org/apache/hadoop/hadoop-yarn-api/3.3.1/hadoop-yarn-api-3.3.1.jar:/home/runner/.m2/repository/com/sun/jersey/jersey-client/1.19/jersey-client-1.19.jar:/home/runner/.m2/repository/com/sun/jersey/contribs/jersey-guice/1.19/jersey-guice-1.19.jar:/home/runner/.m2/repository/com/fasterxml/jackson/jaxrs/jackson-jaxrs-json-provider/2.12.1/jackson-jaxrs-json-provider-2.12.1.jar:/home/runner/.m2/repository/com/fasterxml/jackson/jaxrs/jackson-jaxrs-base/2.12.1/jackson-jaxrs-base-2.12.1.jar:/home/runner/.m2/repository/org/apache/hadoop/hadoop-yarn-client/3.3.1/hadoop-yarn-client-3.3.1.jar:/home/runner/.m2/repository/org/eclipse/jetty/websocket/websocket-client/9.4.40.v20210413/websocket-client-9.4.40.v20210413.jar:/home/runner/.m2/repository/org/eclipse/jetty/jetty-client/9.4.40.v20210413/jetty-client-9.4.40.v20210413.jar:/home/runner/.m2/repository/org/eclipse/jetty/websocket/websocket-common/9.4.40.v20210413/websocket-common-9.4.40.v20210413.jar:/home/runner/.m2/repository/org/eclipse/jetty/websocket/websocket-api/9.4.40.v20210413/websocket-api-9.4.40.v20210413.jar:/home/runner/.m2/repository/org/jline/jline/3.9.0/jline-3.9.0.jar:/home/runner/.m2/repository/org/apache/hadoop/hadoop-mapreduce-client-core/3.3.1/hadoop-mapreduce-client-core-3.3.1.jar:/home/runner/.m2/repository/org/apache/avro/avro/1.7.7/avro-1.7.7.jar:/home/runner/.m2/repository/org/codehaus/jackson/jackson-core-asl/1.9.13/jackson-core-asl-1.9.13.jar:/home/runner/.m2/repository/org/codehaus/jackson/jackson-mapper-asl/1.9.13/jackson-mapper-asl-1.9.13.jar:/home/runner/.m2/repository/com/thoughtworks/paranamer/paranamer/2.3/paranamer-2.3.jar:/home/runner/.m2/repository/org/apache/hadoop/hadoop-annotations/3.3.1/hadoop-annotations-3.3.1.jar:/usr/lib/jvm/adoptopenjdk-8-hotspot-amd64/jre/../lib/tools.jar:/home/runner/.m2/repository/org/apache/hadoop/hadoop-distcp/3.3.1/hadoop-distcp-3.3.1-tests.jar:/home/runner/.m2/repository/org/apache/ratis/ratis-common/2.1.0-03f3b68-SNAPSHOT/ratis-common-2.1.0-03f3b68-SNAPSHOT.jar:/home/runner/.m2/repository/org/apache/ratis/ratis-thirdparty-misc/0.7.0/ratis-thirdparty-misc-0.7.0.jar:/home/runner/.m2/repository/org/apache/ratis/ratis-proto/2.1.0-03f3b68-SNAPSHOT/ratis-proto-2.1.0-03f3b68-SNAPSHOT.jar:"/>
    <property name="sun.cpu.endian" value="little"/>
    <property name="user.home" value="/home/runner"/>
    <property name="user.language" value="en"/>
    <property name="java.specification.vendor" value="Oracle Corporation"/>
    <property name="java.home" value="/usr/lib/jvm/adoptopenjdk-8-hotspot-amd64/jre"/>
    <property name="java.security.krb5.conf" value="/home/runner/work/ozone/ozone/hadoop-ozone/integration-test/target/test-classes/krb5.conf"/>
    <property name="basedir" value="/home/runner/work/ozone/ozone/hadoop-ozone/integration-test"/>
    <property name="file.separator" value="/"/>
    <property name="line.separator" value="&#10;"/>
    <property name="java.vm.specification.vendor" value="Oracle Corporation"/>
    <property name="java.specification.name" value="Java Platform API Specification"/>
    <property name="java.awt.graphicsenv" value="sun.awt.X11GraphicsEnvironment"/>
    <property name="skip.installnpx" value="true"/>
    <property name="surefire.real.class.path" value="/home/runner/work/ozone/ozone/hadoop-ozone/integration-test/target/surefire/surefirebooter8317055081084137242.jar:/home/runner/.m2/repository/org/jacoco/org.jacoco.agent/0.8.5/org.jacoco.agent-0.8.5-runtime.jar"/>
    <property name="hadoop.log.dir" value="/home/runner/work/ozone/ozone/hadoop-ozone/integration-test/target/log"/>
    <property name="sun.boot.class.path" value="/usr/lib/jvm/adoptopenjdk-8-hotspot-amd64/jre/lib/resources.jar:/usr/lib/jvm/adoptopenjdk-8-hotspot-amd64/jre/lib/rt.jar:/usr/lib/jvm/adoptopenjdk-8-hotspot-amd64/jre/lib/sunrsasign.jar:/usr/lib/jvm/adoptopenjdk-8-hotspot-amd64/jre/lib/jsse.jar:/usr/lib/jvm/adoptopenjdk-8-hotspot-amd64/jre/lib/jce.jar:/usr/lib/jvm/adoptopenjdk-8-hotspot-amd64/jre/lib/charsets.jar:/usr/lib/jvm/adoptopenjdk-8-hotspot-amd64/jre/lib/jfr.jar:/usr/lib/jvm/adoptopenjdk-8-hotspot-amd64/jre/classes"/>
    <property name="sun.management.compiler" value="HotSpot 64-Bit Tiered Compilers"/>
    <property name="skip.npx" value="true"/>
    <property name="java.runtime.version" value="1.8.0_292-b10"/>
    <property name="java.net.preferIPv4Stack" value="true"/>
    <property name="user.name" value="runner"/>
    <property name="path.separator" value=":"/>
    <property name="java.security.egd" value="file:///dev/urandom"/>
    <property name="os.version" value="5.4.0-1059-azure"/>
    <property name="java.endorsed.dirs" value="/usr/lib/jvm/adoptopenjdk-8-hotspot-amd64/jre/lib/endorsed"/>
    <property name="java.runtime.name" value="OpenJDK Runtime Environment"/>
    <property name="file.encoding" value="UTF-8"/>
    <property name="java.vm.name" value="OpenJDK 64-Bit Server VM"/>
    <property name="test.build.webapps" value=""/>
    <property name="localRepository" value="/home/runner/.m2/repository"/>
    <property name="java.vendor.url.bug" value="https://github.com/AdoptOpenJDK/openjdk-support/issues"/>
    <property name="java.io.tmpdir" value="/tmp"/>
    <property name="require.test.libhadoop" value=""/>
    <property name="java.version" value="1.8.0_292"/>
    <property name="user.dir" value="/home/runner/work/ozone/ozone/hadoop-ozone/integration-test"/>
    <property name="os.arch" value="amd64"/>
    <property name="java.vm.specification.name" value="Java Virtual Machine Specification"/>
    <property name="test.build.classes" value="/home/runner/work/ozone/ozone/hadoop-ozone/integration-test/target/test-classes"/>
    <property name="java.awt.printerjob" value="sun.print.PSPrinterJob"/>
    <property name="sun.os.patch.level" value="unknown"/>
    <property name="hadoop.tmp.dir" value="/home/runner/work/ozone/ozone/hadoop-ozone/integration-test/target/tmp"/>
    <property name="java.library.path" value="/usr/java/packages/lib/amd64:/usr/lib64:/lib64:/lib:/usr/lib"/>
    <property name="java.vm.info" value="mixed mode"/>
    <property name="java.vendor" value="AdoptOpenJDK"/>
    <property name="java.vm.version" value="25.292-b10"/>
    <property name="java.ext.dirs" value="/usr/lib/jvm/adoptopenjdk-8-hotspot-amd64/jre/lib/ext:/usr/java/packages/lib/ext"/>
    <property name="sun.io.unicode.encoding" value="UnicodeLittle"/>
    <property name="java.class.version" value="52.0"/>
  </properties>
  <testcase name="testInstallSnapshot" classname="org.apache.hadoop.ozone.scm.TestSCMInstallSnapshotWithHA" time="69.967"/>
  <testcase name="testInstallOldCheckpointFailure" classname="org.apache.hadoop.ozone.scm.TestSCMInstallSnapshotWithHA" time="55.952">
    <failure message="expected:&lt;(t:2, i:128)&gt; but was:&lt;(t:2, i:28)&gt;" type="java.lang.AssertionError"><![CDATA[java.lang.AssertionError: expected:<(t:2, i:128)> but was:<(t:2, i:28)>
	at org.junit.Assert.fail(Assert.java:89)
	at org.junit.Assert.failNotEquals(Assert.java:835)
	at org.junit.Assert.assertEquals(Assert.java:120)
	at org.junit.Assert.assertEquals(Assert.java:146)
	at org.apache.hadoop.ozone.scm.TestSCMInstallSnapshotWithHA.testInstallOldCheckpointFailure(TestSCMInstallSnapshotWithHA.java:207)
	at sun.reflect.NativeMethodAccessorImpl.invoke0(Native Method)
	at sun.reflect.NativeMethodAccessorImpl.invoke(NativeMethodAccessorImpl.java:62)
	at sun.reflect.DelegatingMethodAccessorImpl.invoke(DelegatingMethodAccessorImpl.java:43)
	at java.lang.reflect.Method.invoke(Method.java:498)
	at org.junit.platform.commons.util.ReflectionUtils.invokeMethod(ReflectionUtils.java:688)
	at org.junit.jupiter.engine.execution.MethodInvocation.proceed(MethodInvocation.java:60)
	at org.junit.jupiter.engine.execution.InvocationInterceptorChain$ValidatingInvocation.proceed(InvocationInterceptorChain.java:131)
	at org.junit.jupiter.engine.extension.TimeoutInvocation.proceed(TimeoutInvocation.java:46)
	at org.junit.jupiter.engine.extension.TimeoutExtension.intercept(TimeoutExtension.java:149)
	at org.junit.jupiter.engine.extension.TimeoutExtension.interceptTestableMethod(TimeoutExtension.java:140)
	at org.junit.jupiter.engine.extension.TimeoutExtension.interceptTestMethod(TimeoutExtension.java:84)
	at org.junit.jupiter.engine.execution.ExecutableInvoker$ReflectiveInterceptorCall.lambda$ofVoidMethod$0(ExecutableInvoker.java:115)
	at org.junit.jupiter.engine.execution.ExecutableInvoker.lambda$invoke$0(ExecutableInvoker.java:105)
	at org.junit.jupiter.engine.execution.InvocationInterceptorChain$InterceptedInvocation.proceed(InvocationInterceptorChain.java:106)
	at org.junit.jupiter.engine.execution.InvocationInterceptorChain.proceed(InvocationInterceptorChain.java:64)
	at org.junit.jupiter.engine.execution.InvocationInterceptorChain.chainAndInvoke(InvocationInterceptorChain.java:45)
	at org.junit.jupiter.engine.execution.InvocationInterceptorChain.invoke(InvocationInterceptorChain.java:37)
	at org.junit.jupiter.engine.execution.ExecutableInvoker.invoke(ExecutableInvoker.java:104)
	at org.junit.jupiter.engine.execution.ExecutableInvoker.invoke(ExecutableInvoker.java:98)
	at org.junit.jupiter.engine.descriptor.TestMethodTestDescriptor.lambda$invokeTestMethod$6(TestMethodTestDescriptor.java:210)
	at org.junit.platform.engine.support.hierarchical.ThrowableCollector.execute(ThrowableCollector.java:73)
	at org.junit.jupiter.engine.descriptor.TestMethodTestDescriptor.invokeTestMethod(TestMethodTestDescriptor.java:206)
	at org.junit.jupiter.engine.descriptor.TestMethodTestDescriptor.execute(TestMethodTestDescriptor.java:131)
	at org.junit.jupiter.engine.descriptor.TestMethodTestDescriptor.execute(TestMethodTestDescriptor.java:65)
	at org.junit.platform.engine.support.hierarchical.NodeTestTask.lambda$executeRecursively$5(NodeTestTask.java:139)
	at org.junit.platform.engine.support.hierarchical.ThrowableCollector.execute(ThrowableCollector.java:73)
	at org.junit.platform.engine.support.hierarchical.NodeTestTask.lambda$executeRecursively$7(NodeTestTask.java:129)
	at org.junit.platform.engine.support.hierarchical.Node.around(Node.java:137)
	at org.junit.platform.engine.support.hierarchical.NodeTestTask.lambda$executeRecursively$8(NodeTestTask.java:127)
	at org.junit.platform.engine.support.hierarchical.ThrowableCollector.execute(ThrowableCollector.java:73)
	at org.junit.platform.engine.support.hierarchical.NodeTestTask.executeRecursively(NodeTestTask.java:126)
	at org.junit.platform.engine.support.hierarchical.NodeTestTask.execute(NodeTestTask.java:84)
	at java.util.ArrayList.forEach(ArrayList.java:1259)
	at org.junit.platform.engine.support.hierarchical.SameThreadHierarchicalTestExecutorService.invokeAll(SameThreadHierarchicalTestExecutorService.java:38)
	at org.junit.platform.engine.support.hierarchical.NodeTestTask.lambda$executeRecursively$5(NodeTestTask.java:143)
	at org.junit.platform.engine.support.hierarchical.ThrowableCollector.execute(ThrowableCollector.java:73)
	at org.junit.platform.engine.support.hierarchical.NodeTestTask.lambda$executeRecursively$7(NodeTestTask.java:129)
	at org.junit.platform.engine.support.hierarchical.Node.around(Node.java:137)
	at org.junit.platform.engine.support.hierarchical.NodeTestTask.lambda$executeRecursively$8(NodeTestTask.java:127)
	at org.junit.platform.engine.support.hierarchical.ThrowableCollector.execute(ThrowableCollector.java:73)
	at org.junit.platform.engine.support.hierarchical.NodeTestTask.executeRecursively(NodeTestTask.java:126)
	at org.junit.platform.engine.support.hierarchical.NodeTestTask.execute(NodeTestTask.java:84)
	at java.util.ArrayList.forEach(ArrayList.java:1259)
	at org.junit.platform.engine.support.hierarchical.SameThreadHierarchicalTestExecutorService.invokeAll(SameThreadHierarchicalTestExecutorService.java:38)
	at org.junit.platform.engine.support.hierarchical.NodeTestTask.lambda$executeRecursively$5(NodeTestTask.java:143)
	at org.junit.platform.engine.support.hierarchical.ThrowableCollector.execute(ThrowableCollector.java:73)
	at org.junit.platform.engine.support.hierarchical.NodeTestTask.lambda$executeRecursively$7(NodeTestTask.java:129)
	at org.junit.platform.engine.support.hierarchical.Node.around(Node.java:137)
	at org.junit.platform.engine.support.hierarchical.NodeTestTask.lambda$executeRecursively$8(NodeTestTask.java:127)
	at org.junit.platform.engine.support.hierarchical.ThrowableCollector.execute(ThrowableCollector.java:73)
	at org.junit.platform.engine.support.hierarchical.NodeTestTask.executeRecursively(NodeTestTask.java:126)
	at org.junit.platform.engine.support.hierarchical.NodeTestTask.execute(NodeTestTask.java:84)
	at org.junit.platform.engine.support.hierarchical.SameThreadHierarchicalTestExecutorService.submit(SameThreadHierarchicalTestExecutorService.java:32)
	at org.junit.platform.engine.support.hierarchical.HierarchicalTestExecutor.execute(HierarchicalTestExecutor.java:57)
	at org.junit.platform.engine.support.hierarchical.HierarchicalTestEngine.execute(HierarchicalTestEngine.java:51)
	at org.junit.platform.launcher.core.EngineExecutionOrchestrator.execute(EngineExecutionOrchestrator.java:108)
	at org.junit.platform.launcher.core.EngineExecutionOrchestrator.execute(EngineExecutionOrchestrator.java:88)
	at org.junit.platform.launcher.core.EngineExecutionOrchestrator.lambda$execute$0(EngineExecutionOrchestrator.java:54)
	at org.junit.platform.launcher.core.EngineExecutionOrchestrator.withInterceptedStreams(EngineExecutionOrchestrator.java:67)
	at org.junit.platform.launcher.core.EngineExecutionOrchestrator.execute(EngineExecutionOrchestrator.java:52)
	at org.junit.platform.launcher.core.DefaultLauncher.execute(DefaultLauncher.java:96)
	at org.junit.platform.launcher.core.DefaultLauncher.execute(DefaultLauncher.java:75)
	at org.apache.maven.surefire.junitplatform.JUnitPlatformProvider.invokeAllTests(JUnitPlatformProvider.java:142)
	at org.apache.maven.surefire.junitplatform.JUnitPlatformProvider.invoke(JUnitPlatformProvider.java:113)
	at org.apache.maven.surefire.booter.ForkedBooter.invokeProviderInSameClassLoader(ForkedBooter.java:384)
	at org.apache.maven.surefire.booter.ForkedBooter.runSuitesInProcess(ForkedBooter.java:345)
	at org.apache.maven.surefire.booter.ForkedBooter.execute(ForkedBooter.java:126)
	at org.apache.maven.surefire.booter.ForkedBooter.main(ForkedBooter.java:418)
]]></failure>
    <system-out><![CDATA[2021-10-05 13:24:37,330 [Listener at 127.0.0.1/10356] WARN  server.ServerUtils (ServerUtils.java:getScmDbDir(148)) - ozone.scm.db.dirs is not configured. We recommend adding this setting. Falling back to ozone.metadata.dirs instead.
2021-10-05 13:24:37,334 [Listener at 127.0.0.1/10356] INFO  ha.SCMHANodeDetails (SCMHANodeDetails.java:loadSCMHAConfig(157)) - ServiceID for StorageContainerManager is scm-service-test1
2021-10-05 13:24:37,334 [Listener at 127.0.0.1/10356] INFO  ha.SCMHANodeDetails (SCMHANodeDetails.java:loadSCMHAConfig(168)) - ServiceID for StorageContainerManager is scm-service-test1
2021-10-05 13:24:37,334 [Listener at 127.0.0.1/10356] WARN  scm.ScmUtils (ScmUtils.java:logWarn(179)) - ConfigKey ozone.scm.block.client.address is deprecated, For configuring different ports for each SCM use PortConfigKey ozone.scm.block.client.port appended with serviceId and nodeId. If want to configure same port configure ozone.scm.block.client.port
2021-10-05 13:24:37,337 [Listener at 127.0.0.1/10356] WARN  scm.ScmUtils (ScmUtils.java:logWarn(179)) - ConfigKey ozone.scm.client.address is deprecated, For configuring different ports for each SCM use PortConfigKey ozone.scm.client.port appended with serviceId and nodeId. If want to configure same port configure ozone.scm.client.port
2021-10-05 13:24:37,337 [Listener at 127.0.0.1/10356] WARN  scm.ScmUtils (ScmUtils.java:logWarn(179)) - ConfigKey ozone.scm.datanode.address is deprecated, For configuring different ports for each SCM use PortConfigKey ozone.scm.datanode.port appended with serviceId and nodeId. If want to configure same port configure ozone.scm.datanode.port
2021-10-05 13:24:37,338 [Listener at 127.0.0.1/10356] WARN  scm.ScmUtils (ScmUtils.java:logWarn(179)) - ConfigKey ozone.scm.block.client.address is deprecated, For configuring different ports for each SCM use PortConfigKey ozone.scm.block.client.port appended with serviceId and nodeId. If want to configure same port configure ozone.scm.block.client.port
2021-10-05 13:24:37,339 [Listener at 127.0.0.1/10356] WARN  scm.ScmUtils (ScmUtils.java:logWarn(179)) - ConfigKey ozone.scm.client.address is deprecated, For configuring different ports for each SCM use PortConfigKey ozone.scm.client.port appended with serviceId and nodeId. If want to configure same port configure ozone.scm.client.port
2021-10-05 13:24:37,339 [Listener at 127.0.0.1/10356] WARN  scm.ScmUtils (ScmUtils.java:logWarn(179)) - ConfigKey ozone.scm.datanode.address is deprecated, For configuring different ports for each SCM use PortConfigKey ozone.scm.datanode.port appended with serviceId and nodeId. If want to configure same port configure ozone.scm.datanode.port
2021-10-05 13:24:37,339 [Listener at 127.0.0.1/10356] INFO  ha.SCMHANodeDetails (SCMHANodeDetails.java:loadSCMHAConfig(250)) - Found matching SCM address with SCMServiceId: scm-service-test1, SCMNodeId: scmNode-1, RPC Address: localhost:13528 and Ratis port: 13528
2021-10-05 13:24:37,339 [Listener at 127.0.0.1/10356] INFO  ha.SCMHANodeDetails (ConfUtils.java:setNodeSpecificConfigs(108)) - Setting configuration key ozone.scm.datanode.address with value of key ozone.scm.datanode.address.scm-service-test1.scmNode-1: 127.0.0.1:13529
2021-10-05 13:24:37,339 [Listener at 127.0.0.1/10356] INFO  ha.SCMHANodeDetails (ConfUtils.java:setNodeSpecificConfigs(108)) - Setting configuration key ozone.scm.block.client.address with value of key ozone.scm.block.client.address.scm-service-test1.scmNode-1: 127.0.0.1:13530
2021-10-05 13:24:37,339 [Listener at 127.0.0.1/10356] INFO  ha.SCMHANodeDetails (ConfUtils.java:setNodeSpecificConfigs(108)) - Setting configuration key ozone.scm.client.address with value of key ozone.scm.client.address.scm-service-test1.scmNode-1: 127.0.0.1:13531
2021-10-05 13:24:37,339 [Listener at 127.0.0.1/10356] INFO  ha.SCMHANodeDetails (ConfUtils.java:setNodeSpecificConfigs(108)) - Setting configuration key ozone.scm.ratis.port with value of key ozone.scm.ratis.port.scm-service-test1.scmNode-1: 13528
2021-10-05 13:24:37,339 [Listener at 127.0.0.1/10356] INFO  ha.SCMHANodeDetails (ConfUtils.java:setNodeSpecificConfigs(108)) - Setting configuration key ozone.scm.grpc.port with value of key ozone.scm.grpc.port.scm-service-test1.scmNode-1: 13532
2021-10-05 13:24:37,339 [Listener at 127.0.0.1/10356] INFO  ha.SCMHANodeDetails (ConfUtils.java:setNodeSpecificConfigs(108)) - Setting configuration key ozone.scm.http-address with value of key ozone.scm.http-address.scm-service-test1.scmNode-1: 127.0.0.1:13526
2021-10-05 13:24:37,339 [Listener at 127.0.0.1/10356] INFO  ha.SCMHANodeDetails (ConfUtils.java:setNodeSpecificConfigs(108)) - Setting configuration key ozone.scm.https-address with value of key ozone.scm.https-address.scm-service-test1.scmNode-1: 127.0.0.1:13527
2021-10-05 13:24:37,340 [Listener at 127.0.0.1/10356] INFO  ha.SCMHANodeDetails (ConfUtils.java:setNodeSpecificConfigs(108)) - Setting configuration key ozone.scm.address with value of key ozone.scm.address.scm-service-test1.scmNode-1: 127.0.0.1
2021-10-05 13:24:37,340 [Listener at 127.0.0.1/10356] WARN  scm.ScmUtils (ScmUtils.java:logWarn(179)) - ConfigKey ozone.scm.block.client.address is deprecated, For configuring different ports for each SCM use PortConfigKey ozone.scm.block.client.port appended with serviceId and nodeId. If want to configure same port configure ozone.scm.block.client.port
2021-10-05 13:24:37,340 [Listener at 127.0.0.1/10356] WARN  scm.ScmUtils (ScmUtils.java:logWarn(179)) - ConfigKey ozone.scm.client.address is deprecated, For configuring different ports for each SCM use PortConfigKey ozone.scm.client.port appended with serviceId and nodeId. If want to configure same port configure ozone.scm.client.port
2021-10-05 13:24:37,340 [Listener at 127.0.0.1/10356] WARN  scm.ScmUtils (ScmUtils.java:logWarn(179)) - ConfigKey ozone.scm.datanode.address is deprecated, For configuring different ports for each SCM use PortConfigKey ozone.scm.datanode.port appended with serviceId and nodeId. If want to configure same port configure ozone.scm.datanode.port
2021-10-05 13:24:37,362 [Listener at 127.0.0.1/10356] INFO  server.RaftServer (ConfUtils.java:logGet(44)) - raft.rpc.type = GRPC (default)
2021-10-05 13:24:37,362 [Listener at 127.0.0.1/10356] INFO  grpc.GrpcFactory (GrpcFactory.java:checkPooledByteBufAllocatorUseCacheForAllThreads(48)) - PERFORMANCE WARNING: useCacheForAllThreads is true that may cause Netty to create a lot garbage objects and, as a result, trigger GC.
	It is recommended to disable useCacheForAllThreads by setting -Dorg.apache.ratis.thirdparty.io.netty.allocator.useCacheForAllThreads=false in command line.
2021-10-05 13:24:37,362 [Listener at 127.0.0.1/10356] INFO  grpc.GrpcConfigKeys (ConfUtils.java:logGet(44)) - raft.grpc.admin.port = -1 (default)
2021-10-05 13:24:37,362 [Listener at 127.0.0.1/10356] INFO  grpc.GrpcConfigKeys (ConfUtils.java:logGet(44)) - raft.grpc.server.port = 13528 (custom)
2021-10-05 13:24:37,362 [Listener at 127.0.0.1/10356] INFO  grpc.GrpcConfigKeys (ConfUtils.java:logGet(44)) - raft.grpc.client.port = -1 (default)
2021-10-05 13:24:37,362 [Listener at 127.0.0.1/10356] INFO  grpc.GrpcConfigKeys (ConfUtils.java:logGet(44)) - raft.grpc.server.port = 13528 (custom)
2021-10-05 13:24:37,363 [Listener at 127.0.0.1/10356] INFO  grpc.GrpcConfigKeys (ConfUtils.java:logGet(44)) - raft.grpc.server.port = 13528 (custom)
2021-10-05 13:24:37,363 [Listener at 127.0.0.1/10356] INFO  server.GrpcService (ConfUtils.java:logGet(44)) - raft.grpc.message.size.max = 32m (=33554432) (custom)
2021-10-05 13:24:37,363 [Listener at 127.0.0.1/10356] INFO  server.RaftServerConfigKeys (ConfUtils.java:logGet(44)) - raft.server.log.appender.buffer.byte-limit = 33554432 (custom)
2021-10-05 13:24:37,363 [Listener at 127.0.0.1/10356] INFO  server.GrpcService (ConfUtils.java:logGet(44)) - raft.grpc.flow.control.window = 1MB (=1048576) (default)
2021-10-05 13:24:37,363 [Listener at 127.0.0.1/10356] INFO  server.RaftServerConfigKeys (ConfUtils.java:logGet(44)) - raft.server.rpc.request.timeout = 30000ms (custom)
2021-10-05 13:24:37,364 [Listener at 127.0.0.1/10356] INFO  impl.DataStreamServerImpl (ConfUtils.java:logGet(44)) - raft.datastream.type = DISABLED (default)
2021-10-05 13:24:37,365 [Listener at 127.0.0.1/10356] INFO  server.RaftServerConfigKeys (ConfUtils.java:logGet(44)) - raft.server.rpc.slowness.timeout = 120000ms (custom)
2021-10-05 13:24:37,365 [Listener at 127.0.0.1/10356] INFO  server.RaftServerConfigKeys (ConfUtils.java:logGet(44)) - raft.server.leaderelection.leader.step-down.wait-time = 10s (default)
2021-10-05 13:24:37,365 [Listener at 127.0.0.1/10356] INFO  server.RaftServerConfigKeys (ConfUtils.java:logGet(44)) - raft.server.storage.dir = [/home/runner/work/ozone/ozone/hadoop-ozone/integration-test/target/test-dir/MiniOzoneClusterImpl-36b87918-66c6-4e2c-9c49-5aa8dab94a1f/scmNode-1/scm-ha] (custom)
2021-10-05 13:24:37,367 [Listener at 127.0.0.1/10356] INFO  server.RaftServer (RaftServerProxy.java:addNew(95)) - 21490b65-0a55-46f3-b94a-dd719a327c14: addNew group-5AA8DAB94A1F:[21490b65-0a55-46f3-b94a-dd719a327c14|rpc:localhost:13528|priority:0] returns group-5AA8DAB94A1F:java.util.concurrent.CompletableFuture@6bd9a104[Not completed]
2021-10-05 13:24:37,371 [pool-174-thread-1] INFO  server.RaftServer$Division (RaftServerImpl.java:<init>(181)) - 21490b65-0a55-46f3-b94a-dd719a327c14: new RaftServerImpl for group-5AA8DAB94A1F:[21490b65-0a55-46f3-b94a-dd719a327c14|rpc:localhost:13528|priority:0] with SCMStateMachine:uninitialized
2021-10-05 13:24:37,376 [pool-174-thread-1] INFO  server.RaftServerConfigKeys (ConfUtils.java:logGet(44)) - raft.server.rpc.timeout.min = 5000ms (custom)
2021-10-05 13:24:37,376 [pool-174-thread-1] INFO  server.RaftServerConfigKeys (ConfUtils.java:logGet(44)) - raft.server.rpc.timeout.max = 5200ms (custom)
2021-10-05 13:24:37,376 [pool-174-thread-1] INFO  server.RaftServerConfigKeys (ConfUtils.java:logGet(44)) - raft.server.rpc.sleep.time = 25ms (default)
2021-10-05 13:24:37,376 [pool-174-thread-1] INFO  server.RaftServerConfigKeys (ConfUtils.java:logGet(44)) - raft.server.rpc.slowness.timeout = 120000ms (custom)
2021-10-05 13:24:37,376 [pool-174-thread-1] INFO  server.RaftServerConfigKeys (ConfUtils.java:logGet(44)) - raft.server.leaderelection.leader.step-down.wait-time = 10s (default)
2021-10-05 13:24:37,376 [pool-174-thread-1] INFO  server.RaftServerConfigKeys (ConfUtils.java:logGet(44)) - raft.server.sleep.deviation.threshold = 300ms (default)
2021-10-05 13:24:37,376 [pool-174-thread-1] INFO  server.RaftServerConfigKeys (ConfUtils.java:logGet(44)) - raft.server.log.appender.install.snapshot.enabled = false (custom)
2021-10-05 13:24:37,376 [pool-174-thread-1] INFO  server.RaftServer$Division (ServerState.java:<init>(105)) - 21490b65-0a55-46f3-b94a-dd719a327c14@group-5AA8DAB94A1F: ConfigurationManager, init=-1: [21490b65-0a55-46f3-b94a-dd719a327c14|rpc:localhost:13528|priority:0], old=null, confs=<EMPTY_MAP>
2021-10-05 13:24:37,376 [pool-174-thread-1] INFO  server.RaftServerConfigKeys (ConfUtils.java:logGet(44)) - raft.server.storage.dir = [/home/runner/work/ozone/ozone/hadoop-ozone/integration-test/target/test-dir/MiniOzoneClusterImpl-36b87918-66c6-4e2c-9c49-5aa8dab94a1f/scmNode-1/scm-ha] (custom)
2021-10-05 13:24:37,376 [pool-174-thread-1] INFO  server.RaftServerConfigKeys (ConfUtils.java:logGet(44)) - raft.server.log.corruption.policy = EXCEPTION (default)
2021-10-05 13:24:37,376 [pool-174-thread-1] INFO  server.RaftServerConfigKeys (ConfUtils.java:logGet(44)) - raft.server.storage.free-space.min = 0MB (=0) (default)
2021-10-05 13:24:37,377 [pool-174-thread-1] INFO  storage.RaftStorageDirectory (RaftStorageDirectoryImpl.java:analyzeStorage(135)) - The storage directory /home/runner/work/ozone/ozone/hadoop-ozone/integration-test/target/test-dir/MiniOzoneClusterImpl-36b87918-66c6-4e2c-9c49-5aa8dab94a1f/scmNode-1/scm-ha/36b87918-66c6-4e2c-9c49-5aa8dab94a1f does not exist. Creating ...
2021-10-05 13:24:37,381 [pool-174-thread-1] INFO  storage.RaftStorageDirectory (RaftStorageDirectoryImpl.java:tryLock(230)) - Lock on /home/runner/work/ozone/ozone/hadoop-ozone/integration-test/target/test-dir/MiniOzoneClusterImpl-36b87918-66c6-4e2c-9c49-5aa8dab94a1f/scmNode-1/scm-ha/36b87918-66c6-4e2c-9c49-5aa8dab94a1f/in_use.lock acquired by nodename 17451@fv-az270-324
2021-10-05 13:24:37,384 [pool-174-thread-1] INFO  storage.RaftStorage (RaftStorageImpl.java:format(89)) - Storage directory /home/runner/work/ozone/ozone/hadoop-ozone/integration-test/target/test-dir/MiniOzoneClusterImpl-36b87918-66c6-4e2c-9c49-5aa8dab94a1f/scmNode-1/scm-ha/36b87918-66c6-4e2c-9c49-5aa8dab94a1f has been successfully formatted.
2021-10-05 13:24:37,386 [pool-174-thread-1] INFO  server.RaftServerConfigKeys (ConfUtils.java:logGet(44)) - raft.server.notification.no-leader.timeout = 60s (default)
2021-10-05 13:24:37,386 [pool-174-thread-1] INFO  server.RaftServerConfigKeys (ConfUtils.java:logGet(44)) - raft.server.log.use.memory = false (default)
2021-10-05 13:24:37,386 [pool-174-thread-1] INFO  server.RaftServerConfigKeys (ConfUtils.java:logGet(44)) - raft.server.log.purge.gap = 5 (custom)
2021-10-05 13:24:37,386 [pool-174-thread-1] INFO  server.RaftServerConfigKeys (ConfUtils.java:logGet(44)) - raft.server.log.appender.buffer.byte-limit = 33554432 (custom)
2021-10-05 13:24:37,386 [pool-174-thread-1] INFO  server.RaftServerConfigKeys (ConfUtils.java:logGet(44)) - raft.server.log.segment.size.max = 16384 (custom)
2021-10-05 13:24:37,387 [pool-174-thread-1] INFO  server.RaftServerConfigKeys (ConfUtils.java:logGet(44)) - raft.server.log.segment.cache.num.max = 2 (custom)
2021-10-05 13:24:37,387 [pool-174-thread-1] INFO  server.RaftServerConfigKeys (ConfUtils.java:logGet(44)) - raft.server.log.segment.cache.size.max = 200MB (=209715200) (default)
2021-10-05 13:24:37,387 [pool-174-thread-1] INFO  segmented.SegmentedRaftLogWorker (SegmentedRaftLogWorker.java:<init>(182)) - new 21490b65-0a55-46f3-b94a-dd719a327c14@group-5AA8DAB94A1F-SegmentedRaftLogWorker for RaftStorageImpl:Storage Directory /home/runner/work/ozone/ozone/hadoop-ozone/integration-test/target/test-dir/MiniOzoneClusterImpl-36b87918-66c6-4e2c-9c49-5aa8dab94a1f/scmNode-1/scm-ha/36b87918-66c6-4e2c-9c49-5aa8dab94a1f
2021-10-05 13:24:37,387 [pool-174-thread-1] INFO  server.RaftServerConfigKeys (ConfUtils.java:logGet(44)) - raft.server.log.queue.byte-limit = 64MB (=67108864) (default)
2021-10-05 13:24:37,387 [pool-174-thread-1] INFO  server.RaftServerConfigKeys (ConfUtils.java:logGet(44)) - raft.server.log.queue.element-limit = 4096 (default)
2021-10-05 13:24:37,387 [pool-174-thread-1] INFO  server.RaftServerConfigKeys (ConfUtils.java:logGet(44)) - raft.server.log.segment.size.max = 16384 (custom)
2021-10-05 13:24:37,387 [pool-174-thread-1] INFO  server.RaftServerConfigKeys (ConfUtils.java:logGet(44)) - raft.server.log.preallocated.size = 16384 (custom)
2021-10-05 13:24:37,387 [pool-174-thread-1] INFO  server.RaftServerConfigKeys (ConfUtils.java:logGet(44)) - raft.server.log.force.sync.num = 128 (default)
2021-10-05 13:24:37,387 [pool-174-thread-1] INFO  server.RaftServerConfigKeys (ConfUtils.java:logGet(44)) - raft.server.log.statemachine.data.sync = true (default)
2021-10-05 13:24:37,387 [pool-174-thread-1] INFO  server.RaftServerConfigKeys (ConfUtils.java:logGet(44)) - raft.server.log.statemachine.data.sync.timeout = 10s (default)
2021-10-05 13:24:37,387 [pool-174-thread-1] INFO  server.RaftServerConfigKeys (ConfUtils.java:logGet(44)) - raft.server.log.statemachine.data.sync.timeout.retry = -1 (default)
2021-10-05 13:24:37,387 [pool-174-thread-1] INFO  server.RaftServerConfigKeys (ConfUtils.java:logGet(44)) - raft.server.log.write.buffer.size = 64KB (=65536) (default)
2021-10-05 13:24:37,388 [pool-174-thread-1] INFO  server.RaftServerConfigKeys (ConfUtils.java:logGet(44)) - raft.server.log.statemachine.data.caching.enabled = false (default)
2021-10-05 13:24:37,388 [pool-174-thread-1] INFO  segmented.SegmentedRaftLogWorker (SegmentedRaftLogWorker.java:lambda$new$0(133)) - 21490b65-0a55-46f3-b94a-dd719a327c14@group-5AA8DAB94A1F-SegmentedRaftLogWorker: flushIndex: setUnconditionally 0 -> -1
2021-10-05 13:24:37,388 [pool-174-thread-1] INFO  segmented.SegmentedRaftLogWorker (SegmentedRaftLogWorker.java:lambda$new$0(133)) - 21490b65-0a55-46f3-b94a-dd719a327c14@group-5AA8DAB94A1F-SegmentedRaftLogWorker: safeCacheEvictIndex: setUnconditionally 0 -> -1
2021-10-05 13:24:37,399 [pool-174-thread-1] INFO  server.RaftServerConfigKeys (ConfUtils.java:logGet(44)) - raft.server.snapshot.auto.trigger.enabled = true (custom)
2021-10-05 13:24:37,399 [pool-174-thread-1] INFO  server.RaftServerConfigKeys (ConfUtils.java:logGet(44)) - raft.server.snapshot.auto.trigger.threshold = 5 (custom)
2021-10-05 13:24:37,399 [pool-174-thread-1] INFO  server.RaftServerConfigKeys (ConfUtils.java:logGet(44)) - raft.server.snapshot.retention.file.num = -1 (default)
2021-10-05 13:24:37,399 [pool-174-thread-1] INFO  server.RaftServerConfigKeys (ConfUtils.java:logGet(44)) - raft.server.log.purge.upto.snapshot.index = true (custom)
2021-10-05 13:24:37,399 [pool-174-thread-1] INFO  server.RaftServerConfigKeys (ConfUtils.java:logGet(44)) - raft.server.retrycache.expirytime = 60000ms (default)
2021-10-05 13:24:37,399 [pool-174-thread-1] INFO  server.RaftServerConfigKeys (ConfUtils.java:logGet(44)) - raft.server.retrycache.statistics.expirytime = 100μs (default)
2021-10-05 13:24:37,400 [Listener at 127.0.0.1/10356] INFO  server.RaftServer$Division (RaftServerImpl.java:start(296)) - 21490b65-0a55-46f3-b94a-dd719a327c14@group-5AA8DAB94A1F: start as a follower, conf=-1: [21490b65-0a55-46f3-b94a-dd719a327c14|rpc:localhost:13528|priority:0], old=null
2021-10-05 13:24:37,400 [Listener at 127.0.0.1/10356] INFO  server.RaftServer$Division (RaftServerImpl.java:setRole(285)) - 21490b65-0a55-46f3-b94a-dd719a327c14@group-5AA8DAB94A1F: changes role from      null to FOLLOWER at term 0 for startAsFollower
2021-10-05 13:24:37,400 [Listener at 127.0.0.1/10356] INFO  impl.RoleInfo (RoleInfo.java:updateAndGet(130)) - 21490b65-0a55-46f3-b94a-dd719a327c14: start 21490b65-0a55-46f3-b94a-dd719a327c14@group-5AA8DAB94A1F-FollowerState
2021-10-05 13:24:37,407 [Listener at 127.0.0.1/10356] INFO  util.JmxRegister (JmxRegister.java:tryRegister(44)) - Successfully registered JMX Bean with object name Ratis:service=RaftServer,group=group-5AA8DAB94A1F,id=21490b65-0a55-46f3-b94a-dd719a327c14
2021-10-05 13:24:37,411 [Listener at 127.0.0.1/10356] INFO  server.RaftServer (RaftServerProxy.java:lambda$start$5(374)) - 21490b65-0a55-46f3-b94a-dd719a327c14: start RPC server
2021-10-05 13:24:37,427 [Listener at 127.0.0.1/10356] INFO  server.GrpcService (GrpcService.java:startImpl(253)) - 21490b65-0a55-46f3-b94a-dd719a327c14: GrpcService started, listening on 13528
2021-10-05 13:24:37,428 [org.apache.ratis.util.JvmPauseMonitor$$Lambda$499/1586779822@79a3499] INFO  util.JvmPauseMonitor (JvmPauseMonitor.java:run(103)) - JvmPauseMonitor-21490b65-0a55-46f3-b94a-dd719a327c14: Started
2021-10-05 13:24:37,722 [EndpointStateMachine task thread for /127.0.0.1:15041 - 0 ] INFO  ipc.Client (Client.java:handleConnectionFailure(977)) - Retrying connect to server: localhost/127.0.0.1:15041. Already tried 14 time(s); retry policy is RetryUpToMaximumCountWithFixedSleep(maxRetries=15, sleepTime=1000 MILLISECONDS)
2021-10-05 13:24:37,784 [EndpointStateMachine task thread for /127.0.0.1:15031 - 0 ] INFO  ipc.Client (Client.java:handleConnectionFailure(977)) - Retrying connect to server: localhost/127.0.0.1:15031. Already tried 3 time(s); retry policy is RetryUpToMaximumCountWithFixedSleep(maxRetries=15, sleepTime=1000 MILLISECONDS)
2021-10-05 13:24:37,786 [EndpointStateMachine task thread for /127.0.0.1:15021 - 0 ] INFO  ipc.Client (Client.java:handleConnectionFailure(977)) - Retrying connect to server: localhost/127.0.0.1:15021. Already tried 3 time(s); retry policy is RetryUpToMaximumCountWithFixedSleep(maxRetries=15, sleepTime=1000 MILLISECONDS)
2021-10-05 13:24:38,724 [EndpointStateMachine task thread for /127.0.0.1:15041 - 0 ] INFO  ipc.Client (Client.java:handleConnectionFailure(977)) - Retrying connect to server: localhost/127.0.0.1:15041. Already tried 0 time(s); retry policy is RetryUpToMaximumCountWithFixedSleep(maxRetries=15, sleepTime=1000 MILLISECONDS)
2021-10-05 13:24:38,784 [EndpointStateMachine task thread for /127.0.0.1:15031 - 0 ] INFO  ipc.Client (Client.java:handleConnectionFailure(977)) - Retrying connect to server: localhost/127.0.0.1:15031. Already tried 4 time(s); retry policy is RetryUpToMaximumCountWithFixedSleep(maxRetries=15, sleepTime=1000 MILLISECONDS)
2021-10-05 13:24:38,786 [EndpointStateMachine task thread for /127.0.0.1:15021 - 0 ] INFO  ipc.Client (Client.java:handleConnectionFailure(977)) - Retrying connect to server: localhost/127.0.0.1:15021. Already tried 4 time(s); retry policy is RetryUpToMaximumCountWithFixedSleep(maxRetries=15, sleepTime=1000 MILLISECONDS)
2021-10-05 13:24:39,725 [EndpointStateMachine task thread for /127.0.0.1:15041 - 0 ] INFO  ipc.Client (Client.java:handleConnectionFailure(977)) - Retrying connect to server: localhost/127.0.0.1:15041. Already tried 1 time(s); retry policy is RetryUpToMaximumCountWithFixedSleep(maxRetries=15, sleepTime=1000 MILLISECONDS)
2021-10-05 13:24:39,785 [EndpointStateMachine task thread for /127.0.0.1:15031 - 0 ] INFO  ipc.Client (Client.java:handleConnectionFailure(977)) - Retrying connect to server: localhost/127.0.0.1:15031. Already tried 5 time(s); retry policy is RetryUpToMaximumCountWithFixedSleep(maxRetries=15, sleepTime=1000 MILLISECONDS)
2021-10-05 13:24:39,787 [EndpointStateMachine task thread for /127.0.0.1:15021 - 0 ] INFO  ipc.Client (Client.java:handleConnectionFailure(977)) - Retrying connect to server: localhost/127.0.0.1:15021. Already tried 5 time(s); retry policy is RetryUpToMaximumCountWithFixedSleep(maxRetries=15, sleepTime=1000 MILLISECONDS)
2021-10-05 13:24:40,725 [EndpointStateMachine task thread for /127.0.0.1:15041 - 0 ] INFO  ipc.Client (Client.java:handleConnectionFailure(977)) - Retrying connect to server: localhost/127.0.0.1:15041. Already tried 2 time(s); retry policy is RetryUpToMaximumCountWithFixedSleep(maxRetries=15, sleepTime=1000 MILLISECONDS)
2021-10-05 13:24:40,786 [EndpointStateMachine task thread for /127.0.0.1:15031 - 0 ] INFO  ipc.Client (Client.java:handleConnectionFailure(977)) - Retrying connect to server: localhost/127.0.0.1:15031. Already tried 6 time(s); retry policy is RetryUpToMaximumCountWithFixedSleep(maxRetries=15, sleepTime=1000 MILLISECONDS)
2021-10-05 13:24:40,787 [EndpointStateMachine task thread for /127.0.0.1:15021 - 0 ] INFO  ipc.Client (Client.java:handleConnectionFailure(977)) - Retrying connect to server: localhost/127.0.0.1:15021. Already tried 6 time(s); retry policy is RetryUpToMaximumCountWithFixedSleep(maxRetries=15, sleepTime=1000 MILLISECONDS)
2021-10-05 13:24:41,726 [EndpointStateMachine task thread for /127.0.0.1:15041 - 0 ] INFO  ipc.Client (Client.java:handleConnectionFailure(977)) - Retrying connect to server: localhost/127.0.0.1:15041. Already tried 3 time(s); retry policy is RetryUpToMaximumCountWithFixedSleep(maxRetries=15, sleepTime=1000 MILLISECONDS)
2021-10-05 13:24:41,786 [EndpointStateMachine task thread for /127.0.0.1:15031 - 0 ] INFO  ipc.Client (Client.java:handleConnectionFailure(977)) - Retrying connect to server: localhost/127.0.0.1:15031. Already tried 7 time(s); retry policy is RetryUpToMaximumCountWithFixedSleep(maxRetries=15, sleepTime=1000 MILLISECONDS)
2021-10-05 13:24:41,788 [EndpointStateMachine task thread for /127.0.0.1:15021 - 0 ] INFO  ipc.Client (Client.java:handleConnectionFailure(977)) - Retrying connect to server: localhost/127.0.0.1:15021. Already tried 7 time(s); retry policy is RetryUpToMaximumCountWithFixedSleep(maxRetries=15, sleepTime=1000 MILLISECONDS)
2021-10-05 13:24:42,550 [21490b65-0a55-46f3-b94a-dd719a327c14@group-5AA8DAB94A1F-FollowerState] INFO  impl.FollowerState (FollowerState.java:run(134)) - 21490b65-0a55-46f3-b94a-dd719a327c14@group-5AA8DAB94A1F-FollowerState: change to CANDIDATE, lastRpcElapsedTime:5150068440ns, electionTimeout:5131ms
2021-10-05 13:24:42,551 [21490b65-0a55-46f3-b94a-dd719a327c14@group-5AA8DAB94A1F-FollowerState] INFO  impl.RoleInfo (RoleInfo.java:shutdownFollowerState(108)) - 21490b65-0a55-46f3-b94a-dd719a327c14: shutdown 21490b65-0a55-46f3-b94a-dd719a327c14@group-5AA8DAB94A1F-FollowerState
2021-10-05 13:24:42,551 [21490b65-0a55-46f3-b94a-dd719a327c14@group-5AA8DAB94A1F-FollowerState] INFO  server.RaftServer$Division (RaftServerImpl.java:setRole(285)) - 21490b65-0a55-46f3-b94a-dd719a327c14@group-5AA8DAB94A1F: changes role from  FOLLOWER to CANDIDATE at term 0 for changeToCandidate
2021-10-05 13:24:42,551 [21490b65-0a55-46f3-b94a-dd719a327c14@group-5AA8DAB94A1F-FollowerState] INFO  server.RaftServerConfigKeys (ConfUtils.java:logGet(44)) - raft.server.leaderelection.pre-vote = false (custom)
2021-10-05 13:24:42,551 [21490b65-0a55-46f3-b94a-dd719a327c14@group-5AA8DAB94A1F-FollowerState] INFO  impl.RoleInfo (RoleInfo.java:updateAndGet(130)) - 21490b65-0a55-46f3-b94a-dd719a327c14: start 21490b65-0a55-46f3-b94a-dd719a327c14@group-5AA8DAB94A1F-LeaderElection14
2021-10-05 13:24:42,570 [21490b65-0a55-46f3-b94a-dd719a327c14@group-5AA8DAB94A1F-LeaderElection14] INFO  impl.LeaderElection (LeaderElection.java:askForVotes(306)) - 21490b65-0a55-46f3-b94a-dd719a327c14@group-5AA8DAB94A1F-LeaderElection14 ELECTION round 0: submit vote requests at term 1 for -1: [21490b65-0a55-46f3-b94a-dd719a327c14|rpc:localhost:13528|priority:0], old=null
2021-10-05 13:24:42,570 [21490b65-0a55-46f3-b94a-dd719a327c14@group-5AA8DAB94A1F-LeaderElection14] INFO  impl.LeaderElection (LeaderElection.java:askForVotes(308)) - 21490b65-0a55-46f3-b94a-dd719a327c14@group-5AA8DAB94A1F-LeaderElection14 ELECTION round 0: result PASSED (term=1)
2021-10-05 13:24:42,570 [21490b65-0a55-46f3-b94a-dd719a327c14@group-5AA8DAB94A1F-LeaderElection14] INFO  impl.RoleInfo (RoleInfo.java:shutdownLeaderElection(121)) - 21490b65-0a55-46f3-b94a-dd719a327c14: shutdown 21490b65-0a55-46f3-b94a-dd719a327c14@group-5AA8DAB94A1F-LeaderElection14
2021-10-05 13:24:42,570 [21490b65-0a55-46f3-b94a-dd719a327c14@group-5AA8DAB94A1F-LeaderElection14] INFO  server.RaftServer$Division (RaftServerImpl.java:setRole(285)) - 21490b65-0a55-46f3-b94a-dd719a327c14@group-5AA8DAB94A1F: changes role from CANDIDATE to LEADER at term 1 for changeToLeader
2021-10-05 13:24:42,570 [21490b65-0a55-46f3-b94a-dd719a327c14@group-5AA8DAB94A1F-LeaderElection14] INFO  server.RaftServer$Division (ServerState.java:setLeader(285)) - 21490b65-0a55-46f3-b94a-dd719a327c14@group-5AA8DAB94A1F: change Leader from null to 21490b65-0a55-46f3-b94a-dd719a327c14 at term 1 for becomeLeader, leader elected after 5184ms
2021-10-05 13:24:42,570 [21490b65-0a55-46f3-b94a-dd719a327c14@group-5AA8DAB94A1F-LeaderElection14] INFO  server.RaftServerConfigKeys (ConfUtils.java:logGet(44)) - raft.server.staging.catchup.gap = 1000 (default)
2021-10-05 13:24:42,571 [21490b65-0a55-46f3-b94a-dd719a327c14@group-5AA8DAB94A1F-LeaderElection14] INFO  server.RaftServerConfigKeys (ConfUtils.java:logGet(44)) - raft.server.write.element-limit = 4096 (default)
2021-10-05 13:24:42,571 [21490b65-0a55-46f3-b94a-dd719a327c14@group-5AA8DAB94A1F-LeaderElection14] INFO  server.RaftServerConfigKeys (ConfUtils.java:logGet(44)) - raft.server.write.byte-limit = 64MB (=67108864) (default)
2021-10-05 13:24:42,571 [21490b65-0a55-46f3-b94a-dd719a327c14@group-5AA8DAB94A1F-LeaderElection14] INFO  server.RaftServerConfigKeys (ConfUtils.java:logGet(44)) - raft.server.watch.timeout = 10s (default)
2021-10-05 13:24:42,571 [21490b65-0a55-46f3-b94a-dd719a327c14@group-5AA8DAB94A1F-LeaderElection14] INFO  server.RaftServerConfigKeys (ConfUtils.java:logGet(44)) - raft.server.watch.timeout.denomination = 1s (default)
2021-10-05 13:24:42,571 [21490b65-0a55-46f3-b94a-dd719a327c14@group-5AA8DAB94A1F-LeaderElection14] INFO  server.RaftServerConfigKeys (ConfUtils.java:logGet(44)) - raft.server.watch.element-limit = 65536 (default)
2021-10-05 13:24:42,571 [21490b65-0a55-46f3-b94a-dd719a327c14@group-5AA8DAB94A1F-LeaderElection14] INFO  impl.RoleInfo (RoleInfo.java:updateAndGet(130)) - 21490b65-0a55-46f3-b94a-dd719a327c14: start 21490b65-0a55-46f3-b94a-dd719a327c14@group-5AA8DAB94A1F-LeaderStateImpl
2021-10-05 13:24:42,572 [21490b65-0a55-46f3-b94a-dd719a327c14@group-5AA8DAB94A1F-LeaderElection14] INFO  segmented.SegmentedRaftLogWorker (SegmentedRaftLogWorker.java:startLogSegment(394)) - 21490b65-0a55-46f3-b94a-dd719a327c14@group-5AA8DAB94A1F-SegmentedRaftLogWorker: Starting segment from index:0
2021-10-05 13:24:42,578 [21490b65-0a55-46f3-b94a-dd719a327c14@group-5AA8DAB94A1F-LeaderElection14] INFO  server.RaftServer$Division (ServerState.java:setRaftConf(387)) - 21490b65-0a55-46f3-b94a-dd719a327c14@group-5AA8DAB94A1F: set configuration 0: [21490b65-0a55-46f3-b94a-dd719a327c14|rpc:localhost:13528|admin:|client:|dataStream:|priority:0], old=null
2021-10-05 13:24:42,580 [21490b65-0a55-46f3-b94a-dd719a327c14@group-5AA8DAB94A1F-SegmentedRaftLogWorker] INFO  segmented.SegmentedRaftLogWorker (SegmentedRaftLogWorker.java:execute(601)) - 21490b65-0a55-46f3-b94a-dd719a327c14@group-5AA8DAB94A1F-SegmentedRaftLogWorker: created new log segment /home/runner/work/ozone/ozone/hadoop-ozone/integration-test/target/test-dir/MiniOzoneClusterImpl-36b87918-66c6-4e2c-9c49-5aa8dab94a1f/scmNode-1/scm-ha/36b87918-66c6-4e2c-9c49-5aa8dab94a1f/current/log_inprogress_0
2021-10-05 13:24:42,726 [EndpointStateMachine task thread for /127.0.0.1:15041 - 0 ] INFO  ipc.Client (Client.java:handleConnectionFailure(977)) - Retrying connect to server: localhost/127.0.0.1:15041. Already tried 4 time(s); retry policy is RetryUpToMaximumCountWithFixedSleep(maxRetries=15, sleepTime=1000 MILLISECONDS)
2021-10-05 13:24:42,787 [EndpointStateMachine task thread for /127.0.0.1:15031 - 0 ] INFO  ipc.Client (Client.java:handleConnectionFailure(977)) - Retrying connect to server: localhost/127.0.0.1:15031. Already tried 8 time(s); retry policy is RetryUpToMaximumCountWithFixedSleep(maxRetries=15, sleepTime=1000 MILLISECONDS)
2021-10-05 13:24:42,788 [EndpointStateMachine task thread for /127.0.0.1:15021 - 0 ] INFO  ipc.Client (Client.java:handleConnectionFailure(977)) - Retrying connect to server: localhost/127.0.0.1:15021. Already tried 8 time(s); retry policy is RetryUpToMaximumCountWithFixedSleep(maxRetries=15, sleepTime=1000 MILLISECONDS)
2021-10-05 13:24:43,428 [Listener at 127.0.0.1/10356] INFO  server.RaftServer (RaftServerProxy.java:lambda$close$6(391)) - 21490b65-0a55-46f3-b94a-dd719a327c14: close
2021-10-05 13:24:43,429 [Listener at 127.0.0.1/10356] INFO  server.RaftServer$Division (RaftServerImpl.java:lambda$close$4(407)) - 21490b65-0a55-46f3-b94a-dd719a327c14@group-5AA8DAB94A1F: shutdown
2021-10-05 13:24:43,429 [Listener at 127.0.0.1/10356] INFO  util.JmxRegister (JmxRegister.java:unregister(73)) - Successfully un-registered JMX Bean with object name Ratis:service=RaftServer,group=group-5AA8DAB94A1F,id=21490b65-0a55-46f3-b94a-dd719a327c14
2021-10-05 13:24:43,429 [Listener at 127.0.0.1/10356] INFO  impl.RoleInfo (RoleInfo.java:shutdownLeaderState(91)) - 21490b65-0a55-46f3-b94a-dd719a327c14: shutdown 21490b65-0a55-46f3-b94a-dd719a327c14@group-5AA8DAB94A1F-LeaderStateImpl
2021-10-05 13:24:43,429 [Listener at 127.0.0.1/10356] INFO  impl.PendingRequests (PendingRequests.java:sendNotLeaderResponses(282)) - 21490b65-0a55-46f3-b94a-dd719a327c14@group-5AA8DAB94A1F-PendingRequests: sendNotLeaderResponses
2021-10-05 13:24:43,430 [Listener at 127.0.0.1/10356] INFO  impl.StateMachineUpdater (StateMachineUpdater.java:stopAndJoin(149)) - 21490b65-0a55-46f3-b94a-dd719a327c14@group-5AA8DAB94A1F-StateMachineUpdater: set stopIndex = 0
2021-10-05 13:24:43,430 [21490b65-0a55-46f3-b94a-dd719a327c14@group-5AA8DAB94A1F-StateMachineUpdater] INFO  impl.StateMachineUpdater (StateMachineUpdater.java:takeSnapshot(281)) - 21490b65-0a55-46f3-b94a-dd719a327c14@group-5AA8DAB94A1F-StateMachineUpdater: Took a snapshot at index 0
2021-10-05 13:24:43,430 [21490b65-0a55-46f3-b94a-dd719a327c14@group-5AA8DAB94A1F-StateMachineUpdater] INFO  impl.StateMachineUpdater (StateMachineUpdater.java:lambda$new$0(89)) - 21490b65-0a55-46f3-b94a-dd719a327c14@group-5AA8DAB94A1F-StateMachineUpdater: snapshotIndex: updateIncreasingly -1 -> 0
2021-10-05 13:24:43,431 [Listener at 127.0.0.1/10356] INFO  server.RaftServer$Division (ServerState.java:close(419)) - 21490b65-0a55-46f3-b94a-dd719a327c14@group-5AA8DAB94A1F: closes. applyIndex: 0
2021-10-05 13:24:43,431 [21490b65-0a55-46f3-b94a-dd719a327c14@group-5AA8DAB94A1F-SegmentedRaftLogWorker] INFO  segmented.SegmentedRaftLogWorker (SegmentedRaftLogWorker.java:run(327)) - 21490b65-0a55-46f3-b94a-dd719a327c14@group-5AA8DAB94A1F-SegmentedRaftLogWorker was interrupted, exiting. There are 0 tasks remaining in the queue.
2021-10-05 13:24:43,432 [Listener at 127.0.0.1/10356] INFO  segmented.SegmentedRaftLogWorker (SegmentedRaftLogWorker.java:close(237)) - 21490b65-0a55-46f3-b94a-dd719a327c14@group-5AA8DAB94A1F-SegmentedRaftLogWorker close()
2021-10-05 13:24:43,435 [Listener at 127.0.0.1/10356] INFO  server.GrpcService (GrpcService.java:closeImpl(262)) - 21490b65-0a55-46f3-b94a-dd719a327c14: shutdown server with port 13528 now
2021-10-05 13:24:43,435 [Listener at 127.0.0.1/10356] INFO  server.GrpcService (GrpcService.java:closeImpl(271)) - 21490b65-0a55-46f3-b94a-dd719a327c14: shutdown server with port 13528 successfully
2021-10-05 13:24:43,436 [org.apache.ratis.util.JvmPauseMonitor$$Lambda$499/1586779822@79a3499] INFO  util.JvmPauseMonitor (JvmPauseMonitor.java:run(109)) - JvmPauseMonitor-21490b65-0a55-46f3-b94a-dd719a327c14: Stopped
2021-10-05 13:24:43,436 [Listener at 127.0.0.1/10356] WARN  server.ServerUtils (ServerUtils.java:getScmDbDir(148)) - ozone.scm.db.dirs is not configured. We recommend adding this setting. Falling back to ozone.metadata.dirs instead.
2021-10-05 13:24:43,444 [Listener at 127.0.0.1/10356] INFO  server.StorageContainerManager (StorageContainerManager.java:scmInit(1083)) - SCM initialization succeeded. Current cluster id for sd=/home/runner/work/ozone/ozone/hadoop-ozone/integration-test/target/test-dir/MiniOzoneClusterImpl-36b87918-66c6-4e2c-9c49-5aa8dab94a1f/scmNode-1/scm; cid=36b87918-66c6-4e2c-9c49-5aa8dab94a1f; layoutVersion=2; scmId=21490b65-0a55-46f3-b94a-dd719a327c14
2021-10-05 13:24:43,444 [Listener at 127.0.0.1/10356] INFO  ha.SCMHANodeDetails (SCMHANodeDetails.java:loadSCMHAConfig(157)) - ServiceID for StorageContainerManager is scm-service-test1
2021-10-05 13:24:43,444 [Listener at 127.0.0.1/10356] INFO  ha.SCMHANodeDetails (SCMHANodeDetails.java:loadSCMHAConfig(168)) - ServiceID for StorageContainerManager is scm-service-test1
2021-10-05 13:24:43,444 [Listener at 127.0.0.1/10356] WARN  scm.ScmUtils (ScmUtils.java:logWarn(179)) - ConfigKey ozone.scm.block.client.address is deprecated, For configuring different ports for each SCM use PortConfigKey ozone.scm.block.client.port appended with serviceId and nodeId. If want to configure same port configure ozone.scm.block.client.port
2021-10-05 13:24:43,445 [Listener at 127.0.0.1/10356] WARN  scm.ScmUtils (ScmUtils.java:logWarn(179)) - ConfigKey ozone.scm.client.address is deprecated, For configuring different ports for each SCM use PortConfigKey ozone.scm.client.port appended with serviceId and nodeId. If want to configure same port configure ozone.scm.client.port
2021-10-05 13:24:43,445 [Listener at 127.0.0.1/10356] WARN  scm.ScmUtils (ScmUtils.java:logWarn(179)) - ConfigKey ozone.scm.datanode.address is deprecated, For configuring different ports for each SCM use PortConfigKey ozone.scm.datanode.port appended with serviceId and nodeId. If want to configure same port configure ozone.scm.datanode.port
2021-10-05 13:24:43,445 [Listener at 127.0.0.1/10356] WARN  scm.ScmUtils (ScmUtils.java:logWarn(179)) - ConfigKey ozone.scm.block.client.address is deprecated, For configuring different ports for each SCM use PortConfigKey ozone.scm.block.client.port appended with serviceId and nodeId. If want to configure same port configure ozone.scm.block.client.port
2021-10-05 13:24:43,445 [Listener at 127.0.0.1/10356] WARN  scm.ScmUtils (ScmUtils.java:logWarn(179)) - ConfigKey ozone.scm.client.address is deprecated, For configuring different ports for each SCM use PortConfigKey ozone.scm.client.port appended with serviceId and nodeId. If want to configure same port configure ozone.scm.client.port
2021-10-05 13:24:43,445 [Listener at 127.0.0.1/10356] WARN  scm.ScmUtils (ScmUtils.java:logWarn(179)) - ConfigKey ozone.scm.datanode.address is deprecated, For configuring different ports for each SCM use PortConfigKey ozone.scm.datanode.port appended with serviceId and nodeId. If want to configure same port configure ozone.scm.datanode.port
2021-10-05 13:24:43,445 [Listener at 127.0.0.1/10356] INFO  ha.SCMHANodeDetails (SCMHANodeDetails.java:loadSCMHAConfig(250)) - Found matching SCM address with SCMServiceId: scm-service-test1, SCMNodeId: scmNode-1, RPC Address: localhost:13528 and Ratis port: 13528
2021-10-05 13:24:43,445 [Listener at 127.0.0.1/10356] INFO  ha.SCMHANodeDetails (ConfUtils.java:setNodeSpecificConfigs(108)) - Setting configuration key ozone.scm.datanode.address with value of key ozone.scm.datanode.address.scm-service-test1.scmNode-1: 127.0.0.1:13529
2021-10-05 13:24:43,445 [Listener at 127.0.0.1/10356] INFO  ha.SCMHANodeDetails (ConfUtils.java:setNodeSpecificConfigs(108)) - Setting configuration key ozone.scm.block.client.address with value of key ozone.scm.block.client.address.scm-service-test1.scmNode-1: 127.0.0.1:13530
2021-10-05 13:24:43,446 [Listener at 127.0.0.1/10356] INFO  ha.SCMHANodeDetails (ConfUtils.java:setNodeSpecificConfigs(108)) - Setting configuration key ozone.scm.client.address with value of key ozone.scm.client.address.scm-service-test1.scmNode-1: 127.0.0.1:13531
2021-10-05 13:24:43,446 [Listener at 127.0.0.1/10356] INFO  ha.SCMHANodeDetails (ConfUtils.java:setNodeSpecificConfigs(108)) - Setting configuration key ozone.scm.ratis.port with value of key ozone.scm.ratis.port.scm-service-test1.scmNode-1: 13528
2021-10-05 13:24:43,446 [Listener at 127.0.0.1/10356] INFO  ha.SCMHANodeDetails (ConfUtils.java:setNodeSpecificConfigs(108)) - Setting configuration key ozone.scm.grpc.port with value of key ozone.scm.grpc.port.scm-service-test1.scmNode-1: 13532
2021-10-05 13:24:43,446 [Listener at 127.0.0.1/10356] INFO  ha.SCMHANodeDetails (ConfUtils.java:setNodeSpecificConfigs(108)) - Setting configuration key ozone.scm.http-address with value of key ozone.scm.http-address.scm-service-test1.scmNode-1: 127.0.0.1:13526
2021-10-05 13:24:43,446 [Listener at 127.0.0.1/10356] INFO  ha.SCMHANodeDetails (ConfUtils.java:setNodeSpecificConfigs(108)) - Setting configuration key ozone.scm.https-address with value of key ozone.scm.https-address.scm-service-test1.scmNode-1: 127.0.0.1:13527
2021-10-05 13:24:43,446 [Listener at 127.0.0.1/10356] INFO  ha.SCMHANodeDetails (ConfUtils.java:setNodeSpecificConfigs(108)) - Setting configuration key ozone.scm.address with value of key ozone.scm.address.scm-service-test1.scmNode-1: 127.0.0.1
2021-10-05 13:24:43,446 [Listener at 127.0.0.1/10356] WARN  scm.ScmUtils (ScmUtils.java:logWarn(179)) - ConfigKey ozone.scm.block.client.address is deprecated, For configuring different ports for each SCM use PortConfigKey ozone.scm.block.client.port appended with serviceId and nodeId. If want to configure same port configure ozone.scm.block.client.port
2021-10-05 13:24:43,446 [Listener at 127.0.0.1/10356] WARN  scm.ScmUtils (ScmUtils.java:logWarn(179)) - ConfigKey ozone.scm.client.address is deprecated, For configuring different ports for each SCM use PortConfigKey ozone.scm.client.port appended with serviceId and nodeId. If want to configure same port configure ozone.scm.client.port
2021-10-05 13:24:43,446 [Listener at 127.0.0.1/10356] WARN  scm.ScmUtils (ScmUtils.java:logWarn(179)) - ConfigKey ozone.scm.datanode.address is deprecated, For configuring different ports for each SCM use PortConfigKey ozone.scm.datanode.port appended with serviceId and nodeId. If want to configure same port configure ozone.scm.datanode.port
2021-10-05 13:24:43,447 [Listener at 127.0.0.1/10356] WARN  server.ServerUtils (ServerUtils.java:getScmDbDir(148)) - ozone.scm.db.dirs is not configured. We recommend adding this setting. Falling back to ozone.metadata.dirs instead.
2021-10-05 13:24:43,448 [Listener at 127.0.0.1/10356] INFO  upgrade.AbstractLayoutVersionManager (AbstractLayoutVersionManager.java:init(79)) - Initializing Layout version manager with metadata layout = SCM_HA (version = 2), software layout = SCM_HA (version = 2)
2021-10-05 13:24:43,556 [Listener at 127.0.0.1/10356] INFO  reflections.Reflections (Reflections.java:scan(232)) - Reflections took 106 ms to scan 7 urls, producing 119 keys and 275 values 
2021-10-05 13:24:43,580 [Listener at 127.0.0.1/10356] WARN  utils.HAUtils (HAUtils.java:getMetaDir(342)) - ozone.scm.db.dirs is not configured. We recommend adding this setting. Falling back to ozone.metadata.dirs instead.
2021-10-05 13:24:43,588 [Listener at 127.0.0.1/10356] WARN  db.DBStoreBuilder (DBStoreBuilder.java:applyDBDefinition(145)) - ozone.scm.db.dirs is not configured. We recommend adding this setting. Falling back to ozone.metadata.dirs instead.
2021-10-05 13:24:43,727 [EndpointStateMachine task thread for /127.0.0.1:15041 - 0 ] INFO  ipc.Client (Client.java:handleConnectionFailure(977)) - Retrying connect to server: localhost/127.0.0.1:15041. Already tried 5 time(s); retry policy is RetryUpToMaximumCountWithFixedSleep(maxRetries=15, sleepTime=1000 MILLISECONDS)
2021-10-05 13:24:43,728 [Listener at 127.0.0.1/10356] INFO  net.NodeSchemaLoader (NodeSchemaLoader.java:loadSchemaFromFile(129)) - Loading schema from [jar:file:/home/runner/.m2/repository/org/apache/ozone/hdds-common/1.2.0-SNAPSHOT/hdds-common-1.2.0-SNAPSHOT.jar!/network-topology-default.xml]
2021-10-05 13:24:43,728 [Listener at 127.0.0.1/10356] INFO  net.NodeSchemaLoader (NodeSchemaLoader.java:loadSchema(176)) - Loading network topology layer schema file
2021-10-05 13:24:43,731 [Listener at 127.0.0.1/10356] INFO  ha.SCMRatisServerImpl (SCMRatisServerImpl.java:<init>(87)) - starting Raft server for scm:21490b65-0a55-46f3-b94a-dd719a327c14
2021-10-05 13:24:43,732 [Listener at 127.0.0.1/10356] INFO  server.RaftServer (ConfUtils.java:logGet(44)) - raft.rpc.type = GRPC (default)
2021-10-05 13:24:43,732 [Listener at 127.0.0.1/10356] INFO  grpc.GrpcFactory (GrpcFactory.java:checkPooledByteBufAllocatorUseCacheForAllThreads(48)) - PERFORMANCE WARNING: useCacheForAllThreads is true that may cause Netty to create a lot garbage objects and, as a result, trigger GC.
	It is recommended to disable useCacheForAllThreads by setting -Dorg.apache.ratis.thirdparty.io.netty.allocator.useCacheForAllThreads=false in command line.
2021-10-05 13:24:43,732 [Listener at 127.0.0.1/10356] INFO  grpc.GrpcConfigKeys (ConfUtils.java:logGet(44)) - raft.grpc.admin.port = -1 (default)
2021-10-05 13:24:43,732 [Listener at 127.0.0.1/10356] INFO  grpc.GrpcConfigKeys (ConfUtils.java:logGet(44)) - raft.grpc.server.port = 13528 (custom)
2021-10-05 13:24:43,732 [Listener at 127.0.0.1/10356] INFO  grpc.GrpcConfigKeys (ConfUtils.java:logGet(44)) - raft.grpc.client.port = -1 (default)
2021-10-05 13:24:43,733 [Listener at 127.0.0.1/10356] INFO  grpc.GrpcConfigKeys (ConfUtils.java:logGet(44)) - raft.grpc.server.port = 13528 (custom)
2021-10-05 13:24:43,733 [Listener at 127.0.0.1/10356] INFO  grpc.GrpcConfigKeys (ConfUtils.java:logGet(44)) - raft.grpc.server.port = 13528 (custom)
2021-10-05 13:24:43,733 [Listener at 127.0.0.1/10356] INFO  server.GrpcService (ConfUtils.java:logGet(44)) - raft.grpc.message.size.max = 32m (=33554432) (custom)
2021-10-05 13:24:43,733 [Listener at 127.0.0.1/10356] INFO  server.RaftServerConfigKeys (ConfUtils.java:logGet(44)) - raft.server.log.appender.buffer.byte-limit = 33554432 (custom)
2021-10-05 13:24:43,733 [Listener at 127.0.0.1/10356] INFO  server.GrpcService (ConfUtils.java:logGet(44)) - raft.grpc.flow.control.window = 1MB (=1048576) (default)
2021-10-05 13:24:43,733 [Listener at 127.0.0.1/10356] INFO  server.RaftServerConfigKeys (ConfUtils.java:logGet(44)) - raft.server.rpc.request.timeout = 30000ms (custom)
2021-10-05 13:24:43,735 [Listener at 127.0.0.1/10356] INFO  impl.DataStreamServerImpl (ConfUtils.java:logGet(44)) - raft.datastream.type = DISABLED (default)
2021-10-05 13:24:43,736 [Listener at 127.0.0.1/10356] INFO  server.RaftServerConfigKeys (ConfUtils.java:logGet(44)) - raft.server.rpc.slowness.timeout = 120000ms (custom)
2021-10-05 13:24:43,739 [Listener at 127.0.0.1/10356] INFO  server.RaftServerConfigKeys (ConfUtils.java:logGet(44)) - raft.server.leaderelection.leader.step-down.wait-time = 10s (default)
2021-10-05 13:24:43,739 [Listener at 127.0.0.1/10356] INFO  server.RaftServerConfigKeys (ConfUtils.java:logGet(44)) - raft.server.storage.dir = [/home/runner/work/ozone/ozone/hadoop-ozone/integration-test/target/test-dir/MiniOzoneClusterImpl-36b87918-66c6-4e2c-9c49-5aa8dab94a1f/scmNode-1/scm-ha] (custom)
2021-10-05 13:24:43,740 [Listener at 127.0.0.1/10356] INFO  server.RaftServer (RaftServerProxy.java:lambda$null$1(235)) - 21490b65-0a55-46f3-b94a-dd719a327c14: found a subdirectory /home/runner/work/ozone/ozone/hadoop-ozone/integration-test/target/test-dir/MiniOzoneClusterImpl-36b87918-66c6-4e2c-9c49-5aa8dab94a1f/scmNode-1/scm-ha/36b87918-66c6-4e2c-9c49-5aa8dab94a1f
2021-10-05 13:24:43,743 [Listener at 127.0.0.1/10356] INFO  server.RaftServer (RaftServerProxy.java:addNew(95)) - 21490b65-0a55-46f3-b94a-dd719a327c14: addNew group-5AA8DAB94A1F:[] returns group-5AA8DAB94A1F:java.util.concurrent.CompletableFuture@47f64e86[Not completed]
2021-10-05 13:24:43,743 [pool-189-thread-1] INFO  server.RaftServer$Division (RaftServerImpl.java:<init>(181)) - 21490b65-0a55-46f3-b94a-dd719a327c14: new RaftServerImpl for group-5AA8DAB94A1F:[] with SCMStateMachine:uninitialized
2021-10-05 13:24:43,751 [pool-189-thread-1] INFO  server.RaftServerConfigKeys (ConfUtils.java:logGet(44)) - raft.server.rpc.timeout.min = 5000ms (custom)
2021-10-05 13:24:43,759 [pool-189-thread-1] INFO  server.RaftServerConfigKeys (ConfUtils.java:logGet(44)) - raft.server.rpc.timeout.max = 5200ms (custom)
2021-10-05 13:24:43,759 [pool-189-thread-1] INFO  server.RaftServerConfigKeys (ConfUtils.java:logGet(44)) - raft.server.rpc.sleep.time = 25ms (default)
2021-10-05 13:24:43,759 [pool-189-thread-1] INFO  server.RaftServerConfigKeys (ConfUtils.java:logGet(44)) - raft.server.rpc.slowness.timeout = 120000ms (custom)
2021-10-05 13:24:43,759 [pool-189-thread-1] INFO  server.RaftServerConfigKeys (ConfUtils.java:logGet(44)) - raft.server.leaderelection.leader.step-down.wait-time = 10s (default)
2021-10-05 13:24:43,759 [pool-189-thread-1] INFO  server.RaftServerConfigKeys (ConfUtils.java:logGet(44)) - raft.server.sleep.deviation.threshold = 300ms (default)
2021-10-05 13:24:43,759 [pool-189-thread-1] INFO  server.RaftServerConfigKeys (ConfUtils.java:logGet(44)) - raft.server.log.appender.install.snapshot.enabled = false (custom)
2021-10-05 13:24:43,759 [pool-189-thread-1] INFO  server.RaftServer$Division (ServerState.java:<init>(105)) - 21490b65-0a55-46f3-b94a-dd719a327c14@group-5AA8DAB94A1F: ConfigurationManager, init=-1: [], old=null, confs=<EMPTY_MAP>
2021-10-05 13:24:43,760 [pool-189-thread-1] INFO  server.RaftServerConfigKeys (ConfUtils.java:logGet(44)) - raft.server.storage.dir = [/home/runner/work/ozone/ozone/hadoop-ozone/integration-test/target/test-dir/MiniOzoneClusterImpl-36b87918-66c6-4e2c-9c49-5aa8dab94a1f/scmNode-1/scm-ha] (custom)
2021-10-05 13:24:43,760 [pool-189-thread-1] INFO  server.RaftServerConfigKeys (ConfUtils.java:logGet(44)) - raft.server.log.corruption.policy = EXCEPTION (default)
2021-10-05 13:24:43,760 [pool-189-thread-1] INFO  server.RaftServerConfigKeys (ConfUtils.java:logGet(44)) - raft.server.storage.free-space.min = 0MB (=0) (default)
2021-10-05 13:24:43,762 [pool-189-thread-1] INFO  storage.RaftStorageDirectory (RaftStorageDirectoryImpl.java:tryLock(230)) - Lock on /home/runner/work/ozone/ozone/hadoop-ozone/integration-test/target/test-dir/MiniOzoneClusterImpl-36b87918-66c6-4e2c-9c49-5aa8dab94a1f/scmNode-1/scm-ha/36b87918-66c6-4e2c-9c49-5aa8dab94a1f/in_use.lock acquired by nodename 17451@fv-az270-324
2021-10-05 13:24:43,762 [pool-189-thread-1] INFO  storage.RaftStorage (RaftStorageImpl.java:analyzeAndRecoverStorage(110)) - Read RaftStorageMetadata{term=1, votedFor=21490b65-0a55-46f3-b94a-dd719a327c14} from /home/runner/work/ozone/ozone/hadoop-ozone/integration-test/target/test-dir/MiniOzoneClusterImpl-36b87918-66c6-4e2c-9c49-5aa8dab94a1f/scmNode-1/scm-ha/36b87918-66c6-4e2c-9c49-5aa8dab94a1f/current/raft-meta
2021-10-05 13:24:43,763 [pool-189-thread-1] INFO  server.RaftServer$Division (ServerState.java:setRaftConf(387)) - 21490b65-0a55-46f3-b94a-dd719a327c14@group-5AA8DAB94A1F: set configuration 0: [21490b65-0a55-46f3-b94a-dd719a327c14|rpc:localhost:13528|admin:|client:|dataStream:|priority:0], old=null
2021-10-05 13:24:43,763 [pool-189-thread-1] INFO  server.RaftServerConfigKeys (ConfUtils.java:logGet(44)) - raft.server.notification.no-leader.timeout = 60s (default)
2021-10-05 13:24:43,763 [pool-189-thread-1] INFO  server.RaftServerConfigKeys (ConfUtils.java:logGet(44)) - raft.server.log.use.memory = false (default)
2021-10-05 13:24:43,763 [pool-189-thread-1] INFO  server.RaftServerConfigKeys (ConfUtils.java:logGet(44)) - raft.server.log.purge.gap = 5 (custom)
2021-10-05 13:24:43,763 [pool-189-thread-1] INFO  server.RaftServerConfigKeys (ConfUtils.java:logGet(44)) - raft.server.log.appender.buffer.byte-limit = 33554432 (custom)
2021-10-05 13:24:43,763 [pool-189-thread-1] INFO  server.RaftServerConfigKeys (ConfUtils.java:logGet(44)) - raft.server.log.segment.size.max = 16384 (custom)
2021-10-05 13:24:43,763 [pool-189-thread-1] INFO  server.RaftServerConfigKeys (ConfUtils.java:logGet(44)) - raft.server.log.segment.cache.num.max = 2 (custom)
2021-10-05 13:24:43,764 [pool-189-thread-1] INFO  server.RaftServerConfigKeys (ConfUtils.java:logGet(44)) - raft.server.log.segment.cache.size.max = 200MB (=209715200) (default)
2021-10-05 13:24:43,764 [pool-189-thread-1] INFO  segmented.SegmentedRaftLogWorker (SegmentedRaftLogWorker.java:<init>(182)) - new 21490b65-0a55-46f3-b94a-dd719a327c14@group-5AA8DAB94A1F-SegmentedRaftLogWorker for RaftStorageImpl:Storage Directory /home/runner/work/ozone/ozone/hadoop-ozone/integration-test/target/test-dir/MiniOzoneClusterImpl-36b87918-66c6-4e2c-9c49-5aa8dab94a1f/scmNode-1/scm-ha/36b87918-66c6-4e2c-9c49-5aa8dab94a1f
2021-10-05 13:24:43,764 [pool-189-thread-1] INFO  server.RaftServerConfigKeys (ConfUtils.java:logGet(44)) - raft.server.log.queue.byte-limit = 64MB (=67108864) (default)
2021-10-05 13:24:43,764 [pool-189-thread-1] INFO  server.RaftServerConfigKeys (ConfUtils.java:logGet(44)) - raft.server.log.queue.element-limit = 4096 (default)
2021-10-05 13:24:43,764 [pool-189-thread-1] INFO  server.RaftServerConfigKeys (ConfUtils.java:logGet(44)) - raft.server.log.segment.size.max = 16384 (custom)
2021-10-05 13:24:43,764 [pool-189-thread-1] INFO  server.RaftServerConfigKeys (ConfUtils.java:logGet(44)) - raft.server.log.preallocated.size = 16384 (custom)
2021-10-05 13:24:43,764 [pool-189-thread-1] INFO  server.RaftServerConfigKeys (ConfUtils.java:logGet(44)) - raft.server.log.force.sync.num = 128 (default)
2021-10-05 13:24:43,764 [pool-189-thread-1] INFO  server.RaftServerConfigKeys (ConfUtils.java:logGet(44)) - raft.server.log.statemachine.data.sync = true (default)
2021-10-05 13:24:43,764 [pool-189-thread-1] INFO  server.RaftServerConfigKeys (ConfUtils.java:logGet(44)) - raft.server.log.statemachine.data.sync.timeout = 10s (default)
2021-10-05 13:24:43,764 [pool-189-thread-1] INFO  server.RaftServerConfigKeys (ConfUtils.java:logGet(44)) - raft.server.log.statemachine.data.sync.timeout.retry = -1 (default)
2021-10-05 13:24:43,764 [pool-189-thread-1] INFO  server.RaftServerConfigKeys (ConfUtils.java:logGet(44)) - raft.server.log.write.buffer.size = 64KB (=65536) (default)
2021-10-05 13:24:43,765 [pool-189-thread-1] INFO  server.RaftServerConfigKeys (ConfUtils.java:logGet(44)) - raft.server.log.statemachine.data.caching.enabled = false (default)
2021-10-05 13:24:43,765 [pool-189-thread-1] INFO  server.RaftServer$Division (ServerState.java:setRaftConf(387)) - 21490b65-0a55-46f3-b94a-dd719a327c14@group-5AA8DAB94A1F: set configuration 0: [21490b65-0a55-46f3-b94a-dd719a327c14|rpc:localhost:13528|admin:|client:|dataStream:|priority:0], old=null
2021-10-05 13:24:43,765 [pool-189-thread-1] INFO  segmented.LogSegment (LogSegment.java:loadSegment(173)) - Successfully read 1 entries from segment file /home/runner/work/ozone/ozone/hadoop-ozone/integration-test/target/test-dir/MiniOzoneClusterImpl-36b87918-66c6-4e2c-9c49-5aa8dab94a1f/scmNode-1/scm-ha/36b87918-66c6-4e2c-9c49-5aa8dab94a1f/current/log_inprogress_0
2021-10-05 13:24:43,765 [pool-189-thread-1] INFO  segmented.SegmentedRaftLogWorker (SegmentedRaftLogWorker.java:lambda$new$0(133)) - 21490b65-0a55-46f3-b94a-dd719a327c14@group-5AA8DAB94A1F-SegmentedRaftLogWorker: flushIndex: setUnconditionally 0 -> 0
2021-10-05 13:24:43,765 [pool-189-thread-1] INFO  segmented.SegmentedRaftLogWorker (SegmentedRaftLogWorker.java:lambda$new$0(133)) - 21490b65-0a55-46f3-b94a-dd719a327c14@group-5AA8DAB94A1F-SegmentedRaftLogWorker: safeCacheEvictIndex: setUnconditionally 0 -> -1
2021-10-05 13:24:43,771 [pool-189-thread-1] INFO  server.RaftServerConfigKeys (ConfUtils.java:logGet(44)) - raft.server.snapshot.auto.trigger.enabled = true (custom)
2021-10-05 13:24:43,771 [pool-189-thread-1] INFO  server.RaftServerConfigKeys (ConfUtils.java:logGet(44)) - raft.server.snapshot.auto.trigger.threshold = 5 (custom)
2021-10-05 13:24:43,772 [pool-189-thread-1] INFO  server.RaftServerConfigKeys (ConfUtils.java:logGet(44)) - raft.server.snapshot.retention.file.num = -1 (default)
2021-10-05 13:24:43,772 [pool-189-thread-1] INFO  server.RaftServerConfigKeys (ConfUtils.java:logGet(44)) - raft.server.log.purge.upto.snapshot.index = true (custom)
2021-10-05 13:24:43,772 [pool-189-thread-1] INFO  server.RaftServerConfigKeys (ConfUtils.java:logGet(44)) - raft.server.retrycache.expirytime = 60000ms (default)
2021-10-05 13:24:43,772 [pool-189-thread-1] INFO  server.RaftServerConfigKeys (ConfUtils.java:logGet(44)) - raft.server.retrycache.statistics.expirytime = 100μs (default)
2021-10-05 13:24:43,773 [Listener at 127.0.0.1/10356] INFO  ha.SCMSnapshotProvider (SCMSnapshotProvider.java:<init>(66)) - Initializing SCM Snapshot Provider
2021-10-05 13:24:43,773 [Listener at 127.0.0.1/10356] WARN  server.ServerUtils (ServerUtils.java:getDefaultRatisDirectory(237)) - Storage directory for Ratis is not configured. It is a good idea to map this to an SSD disk. Falling back to ozone.metadata.dirs
2021-10-05 13:24:43,773 [Listener at 127.0.0.1/10356] WARN  ha.SCMHAUtils (SCMHAUtils.java:getSCMRatisSnapshotDirectory(146)) - SCM snapshot dir is not configured. Falling back to ozone.metadata.dirs config
2021-10-05 13:24:43,784 [Listener at 127.0.0.1/10356] INFO  ha.SequenceIdGenerator (SequenceIdGenerator.java:upgradeToSequenceId(347)) - upgrade localId to 107544261427200000
2021-10-05 13:24:43,784 [Listener at 127.0.0.1/10356] INFO  ha.SequenceIdGenerator (SequenceIdGenerator.java:upgradeToSequenceId(357)) - upgrade delTxnId to 0
2021-10-05 13:24:43,784 [Listener at 127.0.0.1/10356] INFO  ha.SequenceIdGenerator (SequenceIdGenerator.java:upgradeToSequenceId(371)) - upgrade containerId to 0
2021-10-05 13:24:43,785 [Listener at 127.0.0.1/10356] INFO  ha.SequenceIdGenerator (SequenceIdGenerator.java:<init>(218)) - Init the HA SequenceIdGenerator.
2021-10-05 13:24:43,787 [EndpointStateMachine task thread for /127.0.0.1:15031 - 0 ] INFO  ipc.Client (Client.java:handleConnectionFailure(977)) - Retrying connect to server: localhost/127.0.0.1:15031. Already tried 9 time(s); retry policy is RetryUpToMaximumCountWithFixedSleep(maxRetries=15, sleepTime=1000 MILLISECONDS)
2021-10-05 13:24:43,788 [EndpointStateMachine task thread for /127.0.0.1:15021 - 0 ] INFO  ipc.Client (Client.java:handleConnectionFailure(977)) - Retrying connect to server: localhost/127.0.0.1:15021. Already tried 9 time(s); retry policy is RetryUpToMaximumCountWithFixedSleep(maxRetries=15, sleepTime=1000 MILLISECONDS)
2021-10-05 13:24:43,796 [Listener at 127.0.0.1/10356] INFO  node.SCMNodeManager (SCMNodeManager.java:<init>(144)) - Entering startup safe mode.
2021-10-05 13:24:43,796 [Listener at 127.0.0.1/10356] INFO  algorithms.ContainerPlacementPolicyFactory (ContainerPlacementPolicyFactory.java:getPolicy(60)) - Create container placement policy of type org.apache.hadoop.hdds.scm.container.placement.algorithms.SCMContainerPlacementRandom
2021-10-05 13:24:43,797 [Listener at 127.0.0.1/10356] INFO  pipeline.PipelineStateManagerImpl (PipelineStateManagerImpl.java:initialize(78)) - No pipeline exists in current db
2021-10-05 13:24:43,797 [Listener at 127.0.0.1/10356] INFO  algorithms.LeaderChoosePolicyFactory (LeaderChoosePolicyFactory.java:getPolicy(57)) - Create leader choose policy of type org.apache.hadoop.hdds.scm.pipeline.leader.choose.algorithms.MinLeaderCountChoosePolicy
2021-10-05 13:24:43,797 [Listener at 127.0.0.1/10356] INFO  ha.SCMServiceManager (SCMServiceManager.java:register(43)) - Registering service BackgroundPipelineCreator.
2021-10-05 13:24:43,797 [Listener at 127.0.0.1/10356] INFO  pipeline.BackgroundPipelineCreator (BackgroundPipelineCreatorV2.java:start(130)) - Starting RatisPipelineUtilsThread.
2021-10-05 13:24:43,807 [Listener at 127.0.0.1/10356] INFO  algorithms.PipelineChoosePolicyFactory (PipelineChoosePolicyFactory.java:createPipelineChoosePolicyFromClass(73)) - Create pipeline choose policy of type org.apache.hadoop.hdds.scm.pipeline.choose.algorithms.RandomPipelineChoosePolicy
2021-10-05 13:24:43,808 [Listener at 127.0.0.1/10356] INFO  ha.SCMServiceManager (SCMServiceManager.java:register(43)) - Registering service SCMBlockDeletingService.
2021-10-05 13:24:43,808 [Listener at 127.0.0.1/10356] INFO  ha.SCMServiceManager (SCMServiceManager.java:register(43)) - Registering service ReplicationManager.
2021-10-05 13:24:43,808 [Listener at 127.0.0.1/10356] INFO  container.ReplicationManager (ReplicationManager.java:start(319)) - Starting Replication Monitor Thread.
2021-10-05 13:24:43,820 [Listener at 127.0.0.1/10356] INFO  safemode.ContainerSafeModeRule (ContainerSafeModeRule.java:<init>(89)) - containers with one replica threshold count 0
2021-10-05 13:24:43,820 [Listener at 127.0.0.1/10356] INFO  safemode.HealthyPipelineSafeModeRule (HealthyPipelineSafeModeRule.java:initializeRule(156)) - Total pipeline count is 0, healthy pipeline threshold count is 1
2021-10-05 13:24:43,820 [Listener at 127.0.0.1/10356] INFO  safemode.OneReplicaPipelineSafeModeRule (OneReplicaPipelineSafeModeRule.java:initializeRule(180)) - Total pipeline count is 0, pipeline's with at least one datanode reported threshold count is 0
2021-10-05 13:24:43,823 [Listener at 127.0.0.1/10356] INFO  ipc.CallQueueManager (CallQueueManager.java:<init>(90)) - Using callQueue: class java.util.concurrent.LinkedBlockingQueue, queueCapacity: 10000, scheduler: class org.apache.hadoop.ipc.DefaultRpcScheduler, ipcBackoff: false.
2021-10-05 13:24:43,827 [Socket Reader #1 for port 13529] INFO  ipc.Server (Server.java:run(1265)) - Starting Socket Reader #1 for port 13529
2021-10-05 13:24:43,829 [Listener at 0.0.0.0/13529] INFO  ipc.CallQueueManager (CallQueueManager.java:<init>(90)) - Using callQueue: class java.util.concurrent.LinkedBlockingQueue, queueCapacity: 10000, scheduler: class org.apache.hadoop.ipc.DefaultRpcScheduler, ipcBackoff: false.
2021-10-05 13:24:43,830 [Socket Reader #1 for port 13530] INFO  ipc.Server (Server.java:run(1265)) - Starting Socket Reader #1 for port 13530
2021-10-05 13:24:43,831 [Listener at 0.0.0.0/13530] INFO  ipc.CallQueueManager (CallQueueManager.java:<init>(90)) - Using callQueue: class java.util.concurrent.LinkedBlockingQueue, queueCapacity: 10000, scheduler: class org.apache.hadoop.ipc.DefaultRpcScheduler, ipcBackoff: false.
2021-10-05 13:24:43,831 [Socket Reader #1 for port 13531] INFO  ipc.Server (Server.java:run(1265)) - Starting Socket Reader #1 for port 13531
2021-10-05 13:24:43,865 [ReplicationMonitor] INFO  container.ReplicationManager (ReplicationManager.java:processAll(371)) - Replication Monitor Thread took 0 milliseconds for processing 0 containers.
2021-10-05 13:24:43,887 [Listener at 0.0.0.0/13531] INFO  algorithms.ContainerPlacementPolicyFactory (ContainerPlacementPolicyFactory.java:getPolicy(60)) - Create container placement policy of type org.apache.hadoop.hdds.scm.container.placement.algorithms.SCMContainerPlacementRandom
2021-10-05 13:24:43,889 [Listener at 0.0.0.0/13531] INFO  server.StorageContainerManager (StorageContainerManager.java:<init>(388)) - 
Container Balancer status:
Key                            Value
Running                        false
Container Balancer Configuration values:
Key                                                Value
Threshold                                          0.1
Max Datanodes to Involve per Iteration(ratio)      0.2
Max Size to Move per Iteration                     32212254720B

2021-10-05 13:24:43,895 [Listener at 0.0.0.0/13531] WARN  events.EventQueue (EventQueue.java:fireEvent(194)) - No event handler registered for event TypedEvent{payloadType=SafeModeStatus, name='Safe mode status'}
2021-10-05 13:24:43,895 [Listener at 0.0.0.0/13531] INFO  ha.SCMContext (SCMContext.java:updateSafeModeStatus(205)) - Update SafeModeStatus from SafeModeStatus{safeModeStatus=true, preCheckPassed=false} to SafeModeStatus{safeModeStatus=true, preCheckPassed=false}.
2021-10-05 13:24:43,896 [Listener at 0.0.0.0/13531] INFO  server.StorageContainerManager (StorageContainerManager.java:start(1303)) - StorageContainerLocationProtocol RPC server is listening at /0.0.0.0:13531
2021-10-05 13:24:43,896 [Listener at 0.0.0.0/13531] INFO  ha.SCMRatisServerImpl (SCMRatisServerImpl.java:start(177)) - starting ratis server 0.0.0.0:13528
2021-10-05 13:24:43,896 [Listener at 0.0.0.0/13531] INFO  server.RaftServer$Division (RaftServerImpl.java:start(296)) - 21490b65-0a55-46f3-b94a-dd719a327c14@group-5AA8DAB94A1F: start as a follower, conf=0: [21490b65-0a55-46f3-b94a-dd719a327c14|rpc:localhost:13528|admin:|client:|dataStream:|priority:0], old=null
2021-10-05 13:24:43,896 [Listener at 0.0.0.0/13531] INFO  server.RaftServer$Division (RaftServerImpl.java:setRole(285)) - 21490b65-0a55-46f3-b94a-dd719a327c14@group-5AA8DAB94A1F: changes role from      null to FOLLOWER at term 1 for startAsFollower
2021-10-05 13:24:43,896 [Listener at 0.0.0.0/13531] INFO  impl.RoleInfo (RoleInfo.java:updateAndGet(130)) - 21490b65-0a55-46f3-b94a-dd719a327c14: start 21490b65-0a55-46f3-b94a-dd719a327c14@group-5AA8DAB94A1F-FollowerState
2021-10-05 13:24:43,897 [Listener at 0.0.0.0/13531] INFO  util.JmxRegister (JmxRegister.java:tryRegister(44)) - Successfully registered JMX Bean with object name Ratis:service=RaftServer,group=group-5AA8DAB94A1F,id=21490b65-0a55-46f3-b94a-dd719a327c14
2021-10-05 13:24:43,915 [Listener at 0.0.0.0/13531] INFO  server.RaftServer (RaftServerProxy.java:lambda$start$5(374)) - 21490b65-0a55-46f3-b94a-dd719a327c14: start RPC server
2021-10-05 13:24:43,916 [Listener at 0.0.0.0/13531] INFO  server.GrpcService (GrpcService.java:startImpl(253)) - 21490b65-0a55-46f3-b94a-dd719a327c14: GrpcService started, listening on 13528
2021-10-05 13:24:43,916 [Listener at 0.0.0.0/13531] INFO  ha.SCMHAManagerImpl (SCMHAManagerImpl.java:start(120)) -  scm role is FOLLOWER peers [21490b65-0a55-46f3-b94a-dd719a327c14|rpc:localhost:13528|admin:|client:|dataStream:|priority:0]
2021-10-05 13:24:43,917 [Listener at 0.0.0.0/13531] INFO  ha.InterSCMGrpcService (InterSCMGrpcProtocolService.java:start(94)) - Starting SCM Grpc Service at port 13532
2021-10-05 13:24:43,918 [Listener at 0.0.0.0/13531] WARN  impl.MetricsConfig (MetricsConfig.java:loadFirst(136)) - Cannot locate configuration: tried hadoop-metrics2-storagecontainermanager.properties,hadoop-metrics2.properties
2021-10-05 13:24:43,925 [Listener at 0.0.0.0/13531] INFO  impl.MetricsSystemImpl (MetricsSystemImpl.java:startTimer(378)) - Scheduled Metric snapshot period at 10 second(s).
2021-10-05 13:24:43,925 [Listener at 0.0.0.0/13531] INFO  impl.MetricsSystemImpl (MetricsSystemImpl.java:start(191)) - StorageContainerManager metrics system started
2021-10-05 13:24:43,927 [org.apache.ratis.util.JvmPauseMonitor$$Lambda$499/1586779822@561d0389] INFO  util.JvmPauseMonitor (JvmPauseMonitor.java:run(103)) - JvmPauseMonitor-21490b65-0a55-46f3-b94a-dd719a327c14: Started
2021-10-05 13:24:43,951 [Listener at 0.0.0.0/13531] INFO  impl.MetricsSinkAdapter (MetricsSinkAdapter.java:start(204)) - Sink prometheus started
2021-10-05 13:24:43,955 [Listener at 0.0.0.0/13531] INFO  impl.MetricsSystemImpl (MetricsSystemImpl.java:registerSink(305)) - Registered sink prometheus
2021-10-05 13:24:43,986 [Listener at 0.0.0.0/13531] INFO  server.SCMClientProtocolServer (SCMClientProtocolServer.java:start(164)) - RPC server for Client  is listening at /0.0.0.0:13531
2021-10-05 13:24:43,986 [IPC Server Responder] INFO  ipc.Server (Server.java:run(1507)) - IPC Server Responder: starting
2021-10-05 13:24:43,991 [IPC Server listener on 13531] INFO  ipc.Server (Server.java:run(1344)) - IPC Server listener on 13531: starting
2021-10-05 13:24:44,200 [Listener at 0.0.0.0/13531] INFO  server.StorageContainerManager (StorageContainerManager.java:start(1318)) - ScmBlockLocationProtocol RPC server is listening at /0.0.0.0:13530
2021-10-05 13:24:44,201 [Listener at 0.0.0.0/13531] INFO  server.SCMBlockProtocolServer (SCMBlockProtocolServer.java:start(151)) - RPC server for Block Protocol is listening at /0.0.0.0:13530
2021-10-05 13:24:44,204 [IPC Server Responder] INFO  ipc.Server (Server.java:run(1507)) - IPC Server Responder: starting
2021-10-05 13:24:44,219 [IPC Server listener on 13530] INFO  ipc.Server (Server.java:run(1344)) - IPC Server listener on 13530: starting
2021-10-05 13:24:44,287 [Listener at 0.0.0.0/13531] INFO  server.StorageContainerManager (StorageContainerManager.java:start(1324)) - ScmDatanodeProtocl RPC server is listening at /0.0.0.0:13529
2021-10-05 13:24:44,288 [Listener at 0.0.0.0/13531] INFO  http.BaseHttpServer (BaseHttpServer.java:newHttpServer2BuilderForOzone(209)) - Starting Web-server for scm at: http://0.0.0.0:13526
2021-10-05 13:24:44,288 [Listener at 0.0.0.0/13531] INFO  http.BaseHttpServer (BaseHttpServer.java:<init>(107)) - Hadoop Security Enabled: false Ozone Security Enabled: false Ozone HTTP Security Enabled: false 
2021-10-05 13:24:44,289 [Listener at 0.0.0.0/13531] INFO  server.AuthenticationFilter (AuthenticationFilter.java:constructSecretProvider(240)) - Unable to initialize FileSignerSecretProvider, falling back to use random secrets.
2021-10-05 13:24:44,304 [org.apache.hadoop.util.JvmPauseMonitor$Monitor@358a33e3] INFO  util.JvmPauseMonitor (JvmPauseMonitor.java:run(188)) - Starting JVM pause monitor
2021-10-05 13:24:44,309 [Listener at 0.0.0.0/13531] WARN  http.HttpRequestLog (HttpRequestLog.java:getRequestLog(103)) - Jetty request log can only be enabled using Log4j
2021-10-05 13:24:44,310 [Listener at 0.0.0.0/13531] INFO  http.HttpServer2 (HttpServer2.java:addGlobalFilter(1030)) - Added global filter 'safety' (class=org.apache.hadoop.hdds.server.http.HttpServer2$QuotingInputFilter)
2021-10-05 13:24:44,311 [Listener at 0.0.0.0/13531] INFO  http.HttpServer2 (HttpServer2.java:addFilter(1006)) - Added filter static_user_filter (class=org.apache.hadoop.http.lib.StaticUserWebFilter$StaticUserFilter) to context scm
2021-10-05 13:24:44,311 [Listener at 0.0.0.0/13531] INFO  http.HttpServer2 (HttpServer2.java:addFilter(1014)) - Added filter static_user_filter (class=org.apache.hadoop.http.lib.StaticUserWebFilter$StaticUserFilter) to context logs
2021-10-05 13:24:44,311 [Listener at 0.0.0.0/13531] INFO  http.HttpServer2 (HttpServer2.java:addFilter(1014)) - Added filter static_user_filter (class=org.apache.hadoop.http.lib.StaticUserWebFilter$StaticUserFilter) to context static
2021-10-05 13:24:44,312 [Listener at 0.0.0.0/13531] INFO  http.HttpServer2 (HttpServer2.java:bindListener(1249)) - Jetty bound to port 13526
2021-10-05 13:24:44,312 [Listener at 0.0.0.0/13531] INFO  server.Server (Server.java:doStart(375)) - jetty-9.4.43.v20210629; built: 2021-06-30T11:07:22.254Z; git: 526006ecfa3af7f1a27ef3a288e2bef7ea9dd7e8; jvm 1.8.0_292-b10
2021-10-05 13:24:44,321 [Listener at 0.0.0.0/13531] INFO  server.session (DefaultSessionIdManager.java:doStart(334)) - DefaultSessionIdManager workerName=node0
2021-10-05 13:24:44,321 [Listener at 0.0.0.0/13531] INFO  server.session (DefaultSessionIdManager.java:doStart(339)) - No SessionScavenger set, using defaults
2021-10-05 13:24:44,321 [Listener at 0.0.0.0/13531] INFO  server.session (HouseKeeper.java:startScavenging(132)) - node0 Scavenging every 600000ms
2021-10-05 13:24:44,327 [Listener at 0.0.0.0/13531] INFO  handler.ContextHandler (ContextHandler.java:doStart(915)) - Started o.e.j.s.ServletContextHandler@27d74f45{logs,/logs,file:///home/runner/work/ozone/ozone/hadoop-ozone/integration-test/target/log,AVAILABLE}
2021-10-05 13:24:44,328 [Listener at 0.0.0.0/13531] INFO  handler.ContextHandler (ContextHandler.java:doStart(915)) - Started o.e.j.s.ServletContextHandler@36d61bbf{static,/static,file:///home/runner/work/ozone/ozone/hadoop-ozone/integration-test/target/test-classes/webapps/static,AVAILABLE}
2021-10-05 13:24:44,331 [Listener at 0.0.0.0/13531] INFO  handler.ContextHandler (ContextHandler.java:doStart(915)) - Started o.e.j.w.WebAppContext@9d7522{scm,/,file:///home/runner/work/ozone/ozone/hadoop-ozone/integration-test/target/test-classes/webapps/scm/,AVAILABLE}{file:/home/runner/work/ozone/ozone/hadoop-ozone/integration-test/target/test-classes/webapps/scm}
2021-10-05 13:24:44,336 [Listener at 0.0.0.0/13531] INFO  server.AbstractConnector (AbstractConnector.java:doStart(331)) - Started ServerConnector@66b46edd{HTTP/1.1, (http/1.1)}{0.0.0.0:13526}
2021-10-05 13:24:44,337 [Listener at 0.0.0.0/13531] INFO  server.Server (Server.java:doStart(415)) - Started @77996ms
2021-10-05 13:24:44,337 [Listener at 0.0.0.0/13531] WARN  impl.MetricsSystemImpl (MetricsSystemImpl.java:register(279)) - Sink prometheus already exists!
2021-10-05 13:24:44,339 [Listener at 0.0.0.0/13531] INFO  http.BaseHttpServer (BaseHttpServer.java:updateConnectorAddress(329)) - HTTP server of scm listening at http://0.0.0.0:13526
2021-10-05 13:24:44,339 [Listener at 0.0.0.0/13531] INFO  ozone.MiniOzoneHAClusterImpl (MiniOzoneHAClusterImpl.java:createSCMService(564)) - Started SCM RPC server at org.apache.hadoop.hdds.scm.server.SCMClientProtocolServer@5914bf5f
2021-10-05 13:24:44,340 [Listener at 0.0.0.0/13531] INFO  ha.SCMHANodeDetails (SCMHANodeDetails.java:loadSCMHAConfig(157)) - ServiceID for StorageContainerManager is scm-service-test1
2021-10-05 13:24:44,340 [Listener at 0.0.0.0/13531] INFO  ha.SCMHANodeDetails (SCMHANodeDetails.java:loadSCMHAConfig(168)) - ServiceID for StorageContainerManager is scm-service-test1
2021-10-05 13:24:44,340 [Listener at 0.0.0.0/13531] WARN  scm.ScmUtils (ScmUtils.java:logWarn(179)) - ConfigKey ozone.scm.block.client.address is deprecated, For configuring different ports for each SCM use PortConfigKey ozone.scm.block.client.port appended with serviceId and nodeId. If want to configure same port configure ozone.scm.block.client.port
2021-10-05 13:24:44,340 [Listener at 0.0.0.0/13531] WARN  scm.ScmUtils (ScmUtils.java:logWarn(179)) - ConfigKey ozone.scm.client.address is deprecated, For configuring different ports for each SCM use PortConfigKey ozone.scm.client.port appended with serviceId and nodeId. If want to configure same port configure ozone.scm.client.port
2021-10-05 13:24:44,340 [Listener at 0.0.0.0/13531] WARN  scm.ScmUtils (ScmUtils.java:logWarn(179)) - ConfigKey ozone.scm.datanode.address is deprecated, For configuring different ports for each SCM use PortConfigKey ozone.scm.datanode.port appended with serviceId and nodeId. If want to configure same port configure ozone.scm.datanode.port
2021-10-05 13:24:44,341 [Listener at 0.0.0.0/13531] WARN  scm.ScmUtils (ScmUtils.java:logWarn(179)) - ConfigKey ozone.scm.block.client.address is deprecated, For configuring different ports for each SCM use PortConfigKey ozone.scm.block.client.port appended with serviceId and nodeId. If want to configure same port configure ozone.scm.block.client.port
2021-10-05 13:24:44,341 [Listener at 0.0.0.0/13531] WARN  scm.ScmUtils (ScmUtils.java:logWarn(179)) - ConfigKey ozone.scm.client.address is deprecated, For configuring different ports for each SCM use PortConfigKey ozone.scm.client.port appended with serviceId and nodeId. If want to configure same port configure ozone.scm.client.port
2021-10-05 13:24:44,341 [Listener at 0.0.0.0/13531] WARN  scm.ScmUtils (ScmUtils.java:logWarn(179)) - ConfigKey ozone.scm.datanode.address is deprecated, For configuring different ports for each SCM use PortConfigKey ozone.scm.datanode.port appended with serviceId and nodeId. If want to configure same port configure ozone.scm.datanode.port
2021-10-05 13:24:44,341 [Listener at 0.0.0.0/13531] INFO  ha.SCMHANodeDetails (SCMHANodeDetails.java:loadSCMHAConfig(250)) - Found matching SCM address with SCMServiceId: scm-service-test1, SCMNodeId: scmNode-2, RPC Address: localhost:13538 and Ratis port: 13538
2021-10-05 13:24:44,341 [Listener at 0.0.0.0/13531] INFO  ha.SCMHANodeDetails (ConfUtils.java:setNodeSpecificConfigs(108)) - Setting configuration key ozone.scm.datanode.address with value of key ozone.scm.datanode.address.scm-service-test1.scmNode-2: 127.0.0.1:13539
2021-10-05 13:24:44,341 [Listener at 0.0.0.0/13531] INFO  ha.SCMHANodeDetails (ConfUtils.java:setNodeSpecificConfigs(108)) - Setting configuration key ozone.scm.block.client.address with value of key ozone.scm.block.client.address.scm-service-test1.scmNode-2: 127.0.0.1:13540
2021-10-05 13:24:44,341 [Listener at 0.0.0.0/13531] INFO  ha.SCMHANodeDetails (ConfUtils.java:setNodeSpecificConfigs(108)) - Setting configuration key ozone.scm.client.address with value of key ozone.scm.client.address.scm-service-test1.scmNode-2: 127.0.0.1:13541
2021-10-05 13:24:44,341 [Listener at 0.0.0.0/13531] INFO  ha.SCMHANodeDetails (ConfUtils.java:setNodeSpecificConfigs(108)) - Setting configuration key ozone.scm.ratis.port with value of key ozone.scm.ratis.port.scm-service-test1.scmNode-2: 13538
2021-10-05 13:24:44,341 [Listener at 0.0.0.0/13531] INFO  ha.SCMHANodeDetails (ConfUtils.java:setNodeSpecificConfigs(108)) - Setting configuration key ozone.scm.grpc.port with value of key ozone.scm.grpc.port.scm-service-test1.scmNode-2: 13542
2021-10-05 13:24:44,342 [Listener at 0.0.0.0/13531] INFO  ha.SCMHANodeDetails (ConfUtils.java:setNodeSpecificConfigs(108)) - Setting configuration key ozone.scm.http-address with value of key ozone.scm.http-address.scm-service-test1.scmNode-2: 127.0.0.1:13536
2021-10-05 13:24:44,342 [Listener at 0.0.0.0/13531] INFO  ha.SCMHANodeDetails (ConfUtils.java:setNodeSpecificConfigs(108)) - Setting configuration key ozone.scm.https-address with value of key ozone.scm.https-address.scm-service-test1.scmNode-2: 127.0.0.1:13537
2021-10-05 13:24:44,342 [Listener at 0.0.0.0/13531] INFO  ha.SCMHANodeDetails (ConfUtils.java:setNodeSpecificConfigs(108)) - Setting configuration key ozone.scm.address with value of key ozone.scm.address.scm-service-test1.scmNode-2: 127.0.0.1
2021-10-05 13:24:44,342 [Listener at 0.0.0.0/13531] WARN  scm.ScmUtils (ScmUtils.java:logWarn(179)) - ConfigKey ozone.scm.block.client.address is deprecated, For configuring different ports for each SCM use PortConfigKey ozone.scm.block.client.port appended with serviceId and nodeId. If want to configure same port configure ozone.scm.block.client.port
2021-10-05 13:24:44,342 [Listener at 0.0.0.0/13531] WARN  scm.ScmUtils (ScmUtils.java:logWarn(179)) - ConfigKey ozone.scm.client.address is deprecated, For configuring different ports for each SCM use PortConfigKey ozone.scm.client.port appended with serviceId and nodeId. If want to configure same port configure ozone.scm.client.port
2021-10-05 13:24:44,342 [Listener at 0.0.0.0/13531] WARN  scm.ScmUtils (ScmUtils.java:logWarn(179)) - ConfigKey ozone.scm.datanode.address is deprecated, For configuring different ports for each SCM use PortConfigKey ozone.scm.datanode.port appended with serviceId and nodeId. If want to configure same port configure ozone.scm.datanode.port
2021-10-05 13:24:44,342 [Listener at 0.0.0.0/13531] WARN  server.ServerUtils (ServerUtils.java:getScmDbDir(148)) - ozone.scm.db.dirs is not configured. We recommend adding this setting. Falling back to ozone.metadata.dirs instead.
2021-10-05 13:24:44,344 [Listener at 0.0.0.0/13531] INFO  ha.SCMNodeInfo (SCMNodeInfo.java:getPort(197)) - ConfigKey ozone.scm.client.address is deprecated, For configuring different ports for each SCM use PortConfigKey ozone.scm.client.port appended with serviceId and nodeId
2021-10-05 13:24:44,344 [Listener at 0.0.0.0/13531] INFO  ha.SCMNodeInfo (SCMNodeInfo.java:getPort(197)) - ConfigKey ozone.scm.block.client.address is deprecated, For configuring different ports for each SCM use PortConfigKey ozone.scm.block.client.port appended with serviceId and nodeId
2021-10-05 13:24:44,344 [Listener at 0.0.0.0/13531] INFO  ha.SCMNodeInfo (SCMNodeInfo.java:getPort(197)) - ConfigKey ozone.scm.datanode.address is deprecated, For configuring different ports for each SCM use PortConfigKey ozone.scm.datanode.port appended with serviceId and nodeId
2021-10-05 13:24:44,344 [Listener at 0.0.0.0/13531] INFO  ha.SCMNodeInfo (SCMNodeInfo.java:getPort(197)) - ConfigKey ozone.scm.client.address is deprecated, For configuring different ports for each SCM use PortConfigKey ozone.scm.client.port appended with serviceId and nodeId
2021-10-05 13:24:44,344 [Listener at 0.0.0.0/13531] INFO  ha.SCMNodeInfo (SCMNodeInfo.java:getPort(197)) - ConfigKey ozone.scm.block.client.address is deprecated, For configuring different ports for each SCM use PortConfigKey ozone.scm.block.client.port appended with serviceId and nodeId
2021-10-05 13:24:44,344 [Listener at 0.0.0.0/13531] INFO  ha.SCMNodeInfo (SCMNodeInfo.java:getPort(197)) - ConfigKey ozone.scm.datanode.address is deprecated, For configuring different ports for each SCM use PortConfigKey ozone.scm.datanode.port appended with serviceId and nodeId
2021-10-05 13:24:44,344 [Listener at 0.0.0.0/13531] INFO  ha.SCMNodeInfo (SCMNodeInfo.java:getPort(197)) - ConfigKey ozone.scm.client.address is deprecated, For configuring different ports for each SCM use PortConfigKey ozone.scm.client.port appended with serviceId and nodeId
2021-10-05 13:24:44,345 [Listener at 0.0.0.0/13531] INFO  ha.SCMNodeInfo (SCMNodeInfo.java:getPort(197)) - ConfigKey ozone.scm.block.client.address is deprecated, For configuring different ports for each SCM use PortConfigKey ozone.scm.block.client.port appended with serviceId and nodeId
2021-10-05 13:24:44,345 [Listener at 0.0.0.0/13531] INFO  ha.SCMNodeInfo (SCMNodeInfo.java:getPort(197)) - ConfigKey ozone.scm.datanode.address is deprecated, For configuring different ports for each SCM use PortConfigKey ozone.scm.datanode.port appended with serviceId and nodeId
2021-10-05 13:24:44,728 [EndpointStateMachine task thread for /127.0.0.1:15041 - 0 ] INFO  ipc.Client (Client.java:handleConnectionFailure(977)) - Retrying connect to server: localhost/127.0.0.1:15041. Already tried 6 time(s); retry policy is RetryUpToMaximumCountWithFixedSleep(maxRetries=15, sleepTime=1000 MILLISECONDS)
2021-10-05 13:24:44,788 [EndpointStateMachine task thread for /127.0.0.1:15031 - 0 ] INFO  ipc.Client (Client.java:handleConnectionFailure(977)) - Retrying connect to server: localhost/127.0.0.1:15031. Already tried 10 time(s); retry policy is RetryUpToMaximumCountWithFixedSleep(maxRetries=15, sleepTime=1000 MILLISECONDS)
2021-10-05 13:24:44,789 [EndpointStateMachine task thread for /127.0.0.1:15021 - 0 ] INFO  ipc.Client (Client.java:handleConnectionFailure(977)) - Retrying connect to server: localhost/127.0.0.1:15021. Already tried 10 time(s); retry policy is RetryUpToMaximumCountWithFixedSleep(maxRetries=15, sleepTime=1000 MILLISECONDS)
2021-10-05 13:24:45,728 [EndpointStateMachine task thread for /127.0.0.1:15041 - 0 ] INFO  ipc.Client (Client.java:handleConnectionFailure(977)) - Retrying connect to server: localhost/127.0.0.1:15041. Already tried 7 time(s); retry policy is RetryUpToMaximumCountWithFixedSleep(maxRetries=15, sleepTime=1000 MILLISECONDS)
2021-10-05 13:24:45,788 [EndpointStateMachine task thread for /127.0.0.1:15031 - 0 ] INFO  ipc.Client (Client.java:handleConnectionFailure(977)) - Retrying connect to server: localhost/127.0.0.1:15031. Already tried 11 time(s); retry policy is RetryUpToMaximumCountWithFixedSleep(maxRetries=15, sleepTime=1000 MILLISECONDS)
2021-10-05 13:24:45,789 [EndpointStateMachine task thread for /127.0.0.1:15021 - 0 ] INFO  ipc.Client (Client.java:handleConnectionFailure(977)) - Retrying connect to server: localhost/127.0.0.1:15021. Already tried 11 time(s); retry policy is RetryUpToMaximumCountWithFixedSleep(maxRetries=15, sleepTime=1000 MILLISECONDS)
2021-10-05 13:24:46,357 [Listener at 0.0.0.0/13531] INFO  retry.RetryInvocationHandler (RetryInvocationHandler.java:log(411)) - com.google.protobuf.ServiceException: java.net.ConnectException: Call From fv-az270-324/10.1.0.10 to localhost:13540 failed on connection exception: java.net.ConnectException: Connection refused; For more details see:  http://wiki.apache.org/hadoop/ConnectionRefused, while invoking $Proxy39.send over nodeId=scmNode-2,nodeAddress=/127.0.0.1:13540 after 1 failover attempts. Trying to failover after sleeping for 2000ms.
2021-10-05 13:24:46,729 [EndpointStateMachine task thread for /127.0.0.1:15041 - 0 ] INFO  ipc.Client (Client.java:handleConnectionFailure(977)) - Retrying connect to server: localhost/127.0.0.1:15041. Already tried 8 time(s); retry policy is RetryUpToMaximumCountWithFixedSleep(maxRetries=15, sleepTime=1000 MILLISECONDS)
2021-10-05 13:24:46,789 [EndpointStateMachine task thread for /127.0.0.1:15031 - 0 ] INFO  ipc.Client (Client.java:handleConnectionFailure(977)) - Retrying connect to server: localhost/127.0.0.1:15031. Already tried 12 time(s); retry policy is RetryUpToMaximumCountWithFixedSleep(maxRetries=15, sleepTime=1000 MILLISECONDS)
2021-10-05 13:24:46,790 [EndpointStateMachine task thread for /127.0.0.1:15021 - 0 ] INFO  ipc.Client (Client.java:handleConnectionFailure(977)) - Retrying connect to server: localhost/127.0.0.1:15021. Already tried 12 time(s); retry policy is RetryUpToMaximumCountWithFixedSleep(maxRetries=15, sleepTime=1000 MILLISECONDS)
2021-10-05 13:24:47,730 [EndpointStateMachine task thread for /127.0.0.1:15041 - 0 ] INFO  ipc.Client (Client.java:handleConnectionFailure(977)) - Retrying connect to server: localhost/127.0.0.1:15041. Already tried 9 time(s); retry policy is RetryUpToMaximumCountWithFixedSleep(maxRetries=15, sleepTime=1000 MILLISECONDS)
2021-10-05 13:24:47,789 [EndpointStateMachine task thread for /127.0.0.1:15031 - 0 ] INFO  ipc.Client (Client.java:handleConnectionFailure(977)) - Retrying connect to server: localhost/127.0.0.1:15031. Already tried 13 time(s); retry policy is RetryUpToMaximumCountWithFixedSleep(maxRetries=15, sleepTime=1000 MILLISECONDS)
2021-10-05 13:24:47,790 [EndpointStateMachine task thread for /127.0.0.1:15021 - 0 ] INFO  ipc.Client (Client.java:handleConnectionFailure(977)) - Retrying connect to server: localhost/127.0.0.1:15021. Already tried 13 time(s); retry policy is RetryUpToMaximumCountWithFixedSleep(maxRetries=15, sleepTime=1000 MILLISECONDS)
2021-10-05 13:24:48,359 [Listener at 0.0.0.0/13531] INFO  retry.RetryInvocationHandler (RetryInvocationHandler.java:log(411)) - com.google.protobuf.ServiceException: java.net.ConnectException: Call From fv-az270-324/10.1.0.10 to localhost:13550 failed on connection exception: java.net.ConnectException: Connection refused; For more details see:  http://wiki.apache.org/hadoop/ConnectionRefused, while invoking $Proxy39.send over nodeId=scmNode-3,nodeAddress=/127.0.0.1:13550 after 2 failover attempts. Trying to failover after sleeping for 2000ms.
2021-10-05 13:24:48,730 [EndpointStateMachine task thread for /127.0.0.1:15041 - 0 ] INFO  ipc.Client (Client.java:handleConnectionFailure(977)) - Retrying connect to server: localhost/127.0.0.1:15041. Already tried 10 time(s); retry policy is RetryUpToMaximumCountWithFixedSleep(maxRetries=15, sleepTime=1000 MILLISECONDS)
2021-10-05 13:24:48,790 [EndpointStateMachine task thread for /127.0.0.1:15031 - 0 ] INFO  ipc.Client (Client.java:handleConnectionFailure(977)) - Retrying connect to server: localhost/127.0.0.1:15031. Already tried 14 time(s); retry policy is RetryUpToMaximumCountWithFixedSleep(maxRetries=15, sleepTime=1000 MILLISECONDS)
2021-10-05 13:24:48,791 [EndpointStateMachine task thread for /127.0.0.1:15021 - 0 ] INFO  ipc.Client (Client.java:handleConnectionFailure(977)) - Retrying connect to server: localhost/127.0.0.1:15021. Already tried 14 time(s); retry policy is RetryUpToMaximumCountWithFixedSleep(maxRetries=15, sleepTime=1000 MILLISECONDS)
2021-10-05 13:24:49,054 [21490b65-0a55-46f3-b94a-dd719a327c14@group-5AA8DAB94A1F-FollowerState] INFO  impl.FollowerState (FollowerState.java:run(134)) - 21490b65-0a55-46f3-b94a-dd719a327c14@group-5AA8DAB94A1F-FollowerState: change to CANDIDATE, lastRpcElapsedTime:5157278634ns, electionTimeout:5138ms
2021-10-05 13:24:49,054 [21490b65-0a55-46f3-b94a-dd719a327c14@group-5AA8DAB94A1F-FollowerState] INFO  impl.RoleInfo (RoleInfo.java:shutdownFollowerState(108)) - 21490b65-0a55-46f3-b94a-dd719a327c14: shutdown 21490b65-0a55-46f3-b94a-dd719a327c14@group-5AA8DAB94A1F-FollowerState
2021-10-05 13:24:49,054 [21490b65-0a55-46f3-b94a-dd719a327c14@group-5AA8DAB94A1F-FollowerState] INFO  server.RaftServer$Division (RaftServerImpl.java:setRole(285)) - 21490b65-0a55-46f3-b94a-dd719a327c14@group-5AA8DAB94A1F: changes role from  FOLLOWER to CANDIDATE at term 1 for changeToCandidate
2021-10-05 13:24:49,054 [21490b65-0a55-46f3-b94a-dd719a327c14@group-5AA8DAB94A1F-FollowerState] INFO  server.RaftServerConfigKeys (ConfUtils.java:logGet(44)) - raft.server.leaderelection.pre-vote = false (custom)
2021-10-05 13:24:49,054 [21490b65-0a55-46f3-b94a-dd719a327c14@group-5AA8DAB94A1F-FollowerState] INFO  impl.RoleInfo (RoleInfo.java:updateAndGet(130)) - 21490b65-0a55-46f3-b94a-dd719a327c14: start 21490b65-0a55-46f3-b94a-dd719a327c14@group-5AA8DAB94A1F-LeaderElection15
2021-10-05 13:24:49,070 [21490b65-0a55-46f3-b94a-dd719a327c14@group-5AA8DAB94A1F-LeaderElection15] INFO  impl.LeaderElection (LeaderElection.java:askForVotes(306)) - 21490b65-0a55-46f3-b94a-dd719a327c14@group-5AA8DAB94A1F-LeaderElection15 ELECTION round 0: submit vote requests at term 2 for 0: [21490b65-0a55-46f3-b94a-dd719a327c14|rpc:localhost:13528|admin:|client:|dataStream:|priority:0], old=null
2021-10-05 13:24:49,070 [21490b65-0a55-46f3-b94a-dd719a327c14@group-5AA8DAB94A1F-LeaderElection15] INFO  impl.LeaderElection (LeaderElection.java:askForVotes(308)) - 21490b65-0a55-46f3-b94a-dd719a327c14@group-5AA8DAB94A1F-LeaderElection15 ELECTION round 0: result PASSED (term=2)
2021-10-05 13:24:49,070 [21490b65-0a55-46f3-b94a-dd719a327c14@group-5AA8DAB94A1F-LeaderElection15] INFO  impl.RoleInfo (RoleInfo.java:shutdownLeaderElection(121)) - 21490b65-0a55-46f3-b94a-dd719a327c14: shutdown 21490b65-0a55-46f3-b94a-dd719a327c14@group-5AA8DAB94A1F-LeaderElection15
2021-10-05 13:24:49,070 [21490b65-0a55-46f3-b94a-dd719a327c14@group-5AA8DAB94A1F-LeaderElection15] INFO  server.RaftServer$Division (RaftServerImpl.java:setRole(285)) - 21490b65-0a55-46f3-b94a-dd719a327c14@group-5AA8DAB94A1F: changes role from CANDIDATE to LEADER at term 2 for changeToLeader
2021-10-05 13:24:49,070 [21490b65-0a55-46f3-b94a-dd719a327c14@group-5AA8DAB94A1F-LeaderElection15] INFO  ha.SCMStateMachine (SCMStateMachine.java:notifyLeaderChanged(252)) - current SCM becomes leader of term 2.
2021-10-05 13:24:49,070 [21490b65-0a55-46f3-b94a-dd719a327c14@group-5AA8DAB94A1F-LeaderElection15] INFO  ha.SCMContext (SCMContext.java:updateLeaderAndTerm(88)) - update <isLeader,term> from <false,0> to <true,2>
2021-10-05 13:24:49,071 [21490b65-0a55-46f3-b94a-dd719a327c14@group-5AA8DAB94A1F-LeaderElection15] INFO  server.RaftServer$Division (ServerState.java:setLeader(285)) - 21490b65-0a55-46f3-b94a-dd719a327c14@group-5AA8DAB94A1F: change Leader from null to 21490b65-0a55-46f3-b94a-dd719a327c14 at term 2 for becomeLeader, leader elected after 5307ms
2021-10-05 13:24:49,071 [21490b65-0a55-46f3-b94a-dd719a327c14@group-5AA8DAB94A1F-LeaderElection15] INFO  server.RaftServerConfigKeys (ConfUtils.java:logGet(44)) - raft.server.staging.catchup.gap = 1000 (default)
2021-10-05 13:24:49,071 [21490b65-0a55-46f3-b94a-dd719a327c14@group-5AA8DAB94A1F-LeaderElection15] INFO  server.RaftServerConfigKeys (ConfUtils.java:logGet(44)) - raft.server.write.element-limit = 4096 (default)
2021-10-05 13:24:49,071 [21490b65-0a55-46f3-b94a-dd719a327c14@group-5AA8DAB94A1F-LeaderElection15] INFO  server.RaftServerConfigKeys (ConfUtils.java:logGet(44)) - raft.server.write.byte-limit = 64MB (=67108864) (default)
2021-10-05 13:24:49,071 [21490b65-0a55-46f3-b94a-dd719a327c14@group-5AA8DAB94A1F-LeaderElection15] INFO  server.RaftServerConfigKeys (ConfUtils.java:logGet(44)) - raft.server.watch.timeout = 10s (default)
2021-10-05 13:24:49,071 [21490b65-0a55-46f3-b94a-dd719a327c14@group-5AA8DAB94A1F-LeaderElection15] INFO  server.RaftServerConfigKeys (ConfUtils.java:logGet(44)) - raft.server.watch.timeout.denomination = 1s (default)
2021-10-05 13:24:49,071 [21490b65-0a55-46f3-b94a-dd719a327c14@group-5AA8DAB94A1F-LeaderElection15] INFO  server.RaftServerConfigKeys (ConfUtils.java:logGet(44)) - raft.server.watch.element-limit = 65536 (default)
2021-10-05 13:24:49,072 [21490b65-0a55-46f3-b94a-dd719a327c14@group-5AA8DAB94A1F-LeaderElection15] INFO  impl.RoleInfo (RoleInfo.java:updateAndGet(130)) - 21490b65-0a55-46f3-b94a-dd719a327c14: start 21490b65-0a55-46f3-b94a-dd719a327c14@group-5AA8DAB94A1F-LeaderStateImpl
2021-10-05 13:24:49,072 [21490b65-0a55-46f3-b94a-dd719a327c14@group-5AA8DAB94A1F-LeaderElection15] INFO  segmented.SegmentedRaftLogWorker (SegmentedRaftLogWorker.java:rollLogSegment(399)) - 21490b65-0a55-46f3-b94a-dd719a327c14@group-5AA8DAB94A1F-SegmentedRaftLogWorker: Rolling segment log-0_0 to index:0
2021-10-05 13:24:49,073 [21490b65-0a55-46f3-b94a-dd719a327c14@group-5AA8DAB94A1F-SegmentedRaftLogWorker] INFO  segmented.SegmentedRaftLogWorker (SegmentedRaftLogWorker.java:execute(558)) - 21490b65-0a55-46f3-b94a-dd719a327c14@group-5AA8DAB94A1F-SegmentedRaftLogWorker: Rolled log segment from /home/runner/work/ozone/ozone/hadoop-ozone/integration-test/target/test-dir/MiniOzoneClusterImpl-36b87918-66c6-4e2c-9c49-5aa8dab94a1f/scmNode-1/scm-ha/36b87918-66c6-4e2c-9c49-5aa8dab94a1f/current/log_inprogress_0 to /home/runner/work/ozone/ozone/hadoop-ozone/integration-test/target/test-dir/MiniOzoneClusterImpl-36b87918-66c6-4e2c-9c49-5aa8dab94a1f/scmNode-1/scm-ha/36b87918-66c6-4e2c-9c49-5aa8dab94a1f/current/log_0-0
2021-10-05 13:24:49,080 [21490b65-0a55-46f3-b94a-dd719a327c14@group-5AA8DAB94A1F-SegmentedRaftLogWorker] INFO  segmented.SegmentedRaftLogWorker (SegmentedRaftLogWorker.java:execute(601)) - 21490b65-0a55-46f3-b94a-dd719a327c14@group-5AA8DAB94A1F-SegmentedRaftLogWorker: created new log segment /home/runner/work/ozone/ozone/hadoop-ozone/integration-test/target/test-dir/MiniOzoneClusterImpl-36b87918-66c6-4e2c-9c49-5aa8dab94a1f/scmNode-1/scm-ha/36b87918-66c6-4e2c-9c49-5aa8dab94a1f/current/log_inprogress_1
2021-10-05 13:24:49,093 [21490b65-0a55-46f3-b94a-dd719a327c14@group-5AA8DAB94A1F-LeaderElection15] INFO  server.RaftServer$Division (ServerState.java:setRaftConf(387)) - 21490b65-0a55-46f3-b94a-dd719a327c14@group-5AA8DAB94A1F: set configuration 1: [21490b65-0a55-46f3-b94a-dd719a327c14|rpc:localhost:13528|admin:|client:|dataStream:|priority:0], old=null
2021-10-05 13:24:49,094 [21490b65-0a55-46f3-b94a-dd719a327c14@group-5AA8DAB94A1F-StateMachineUpdater] INFO  ha.SCMContext (SCMContext.java:setLeaderReady(115)) - update <isLeaderReady> from <false> to <true>
2021-10-05 13:24:49,100 [21490b65-0a55-46f3-b94a-dd719a327c14@group-5AA8DAB94A1F-StateMachineUpdater] INFO  pipeline.BackgroundPipelineCreator (BackgroundPipelineCreatorV2.java:notifyStatusChanged(264)) - Service BackgroundPipelineCreator transitions to RUNNING.
2021-10-05 13:24:49,109 [21490b65-0a55-46f3-b94a-dd719a327c14@group-5AA8DAB94A1F-StateMachineUpdater] INFO  safemode.HealthyPipelineSafeModeRule (HealthyPipelineSafeModeRule.java:initializeRule(152)) - Refreshed total pipeline count is 0, healthy pipeline threshold count is 1
2021-10-05 13:24:49,109 [21490b65-0a55-46f3-b94a-dd719a327c14@group-5AA8DAB94A1F-StateMachineUpdater] INFO  safemode.ContainerSafeModeRule (ContainerSafeModeRule.java:reInitializeRule(177)) - Refreshed one replica container threshold 0, currentThreshold 0
2021-10-05 13:24:49,109 [21490b65-0a55-46f3-b94a-dd719a327c14@group-5AA8DAB94A1F-StateMachineUpdater] INFO  safemode.OneReplicaPipelineSafeModeRule (OneReplicaPipelineSafeModeRule.java:initializeRule(176)) - Refreshed Total pipeline count is 0, pipeline's with at least one datanode reported threshold count is 0
2021-10-05 13:24:49,109 [21490b65-0a55-46f3-b94a-dd719a327c14@group-5AA8DAB94A1F-StateMachineUpdater] INFO  server.SCMDatanodeProtocolServer (SCMDatanodeProtocolServer.java:start(181)) - RPC server for DataNodes is listening at /0.0.0.0:13529
2021-10-05 13:24:49,117 [IPC Server listener on 13529] INFO  ipc.Server (Server.java:run(1344)) - IPC Server listener on 13529: starting
2021-10-05 13:24:49,142 [IPC Server Responder] INFO  ipc.Server (Server.java:run(1507)) - IPC Server Responder: starting
2021-10-05 13:24:49,731 [EndpointStateMachine task thread for /127.0.0.1:15041 - 0 ] INFO  ipc.Client (Client.java:handleConnectionFailure(977)) - Retrying connect to server: localhost/127.0.0.1:15041. Already tried 11 time(s); retry policy is RetryUpToMaximumCountWithFixedSleep(maxRetries=15, sleepTime=1000 MILLISECONDS)
2021-10-05 13:24:49,791 [EndpointStateMachine task thread for /127.0.0.1:15031 - 0 ] INFO  ipc.Client (Client.java:handleConnectionFailure(977)) - Retrying connect to server: localhost/127.0.0.1:15031. Already tried 0 time(s); retry policy is RetryUpToMaximumCountWithFixedSleep(maxRetries=15, sleepTime=1000 MILLISECONDS)
2021-10-05 13:24:49,792 [EndpointStateMachine task thread for /127.0.0.1:15021 - 0 ] INFO  ipc.Client (Client.java:handleConnectionFailure(977)) - Retrying connect to server: localhost/127.0.0.1:15021. Already tried 0 time(s); retry policy is RetryUpToMaximumCountWithFixedSleep(maxRetries=15, sleepTime=1000 MILLISECONDS)
2021-10-05 13:24:50,364 [Listener at 0.0.0.0/13531] INFO  server.StorageContainerManager (StorageContainerManager.java:scmBootstrap(987)) - SCM BootStrap  is successful for ClusterID 36b87918-66c6-4e2c-9c49-5aa8dab94a1f, SCMID 6d234f4d-474a-4c74-a9e9-8f3885fce584
2021-10-05 13:24:50,364 [Listener at 0.0.0.0/13531] INFO  server.StorageContainerManager (StorageContainerManager.java:scmBootstrap(989)) - Primary SCM Node ID 21490b65-0a55-46f3-b94a-dd719a327c14
2021-10-05 13:24:50,365 [Listener at 0.0.0.0/13531] INFO  ha.SCMHANodeDetails (SCMHANodeDetails.java:loadSCMHAConfig(157)) - ServiceID for StorageContainerManager is scm-service-test1
2021-10-05 13:24:50,365 [Listener at 0.0.0.0/13531] INFO  ha.SCMHANodeDetails (SCMHANodeDetails.java:loadSCMHAConfig(168)) - ServiceID for StorageContainerManager is scm-service-test1
2021-10-05 13:24:50,365 [Listener at 0.0.0.0/13531] WARN  scm.ScmUtils (ScmUtils.java:logWarn(179)) - ConfigKey ozone.scm.block.client.address is deprecated, For configuring different ports for each SCM use PortConfigKey ozone.scm.block.client.port appended with serviceId and nodeId. If want to configure same port configure ozone.scm.block.client.port
2021-10-05 13:24:50,365 [Listener at 0.0.0.0/13531] WARN  scm.ScmUtils (ScmUtils.java:logWarn(179)) - ConfigKey ozone.scm.client.address is deprecated, For configuring different ports for each SCM use PortConfigKey ozone.scm.client.port appended with serviceId and nodeId. If want to configure same port configure ozone.scm.client.port
2021-10-05 13:24:50,365 [Listener at 0.0.0.0/13531] WARN  scm.ScmUtils (ScmUtils.java:logWarn(179)) - ConfigKey ozone.scm.datanode.address is deprecated, For configuring different ports for each SCM use PortConfigKey ozone.scm.datanode.port appended with serviceId and nodeId. If want to configure same port configure ozone.scm.datanode.port
2021-10-05 13:24:50,366 [Listener at 0.0.0.0/13531] WARN  scm.ScmUtils (ScmUtils.java:logWarn(179)) - ConfigKey ozone.scm.block.client.address is deprecated, For configuring different ports for each SCM use PortConfigKey ozone.scm.block.client.port appended with serviceId and nodeId. If want to configure same port configure ozone.scm.block.client.port
2021-10-05 13:24:50,366 [Listener at 0.0.0.0/13531] WARN  scm.ScmUtils (ScmUtils.java:logWarn(179)) - ConfigKey ozone.scm.client.address is deprecated, For configuring different ports for each SCM use PortConfigKey ozone.scm.client.port appended with serviceId and nodeId. If want to configure same port configure ozone.scm.client.port
2021-10-05 13:24:50,366 [Listener at 0.0.0.0/13531] WARN  scm.ScmUtils (ScmUtils.java:logWarn(179)) - ConfigKey ozone.scm.datanode.address is deprecated, For configuring different ports for each SCM use PortConfigKey ozone.scm.datanode.port appended with serviceId and nodeId. If want to configure same port configure ozone.scm.datanode.port
2021-10-05 13:24:50,366 [Listener at 0.0.0.0/13531] INFO  ha.SCMHANodeDetails (SCMHANodeDetails.java:loadSCMHAConfig(250)) - Found matching SCM address with SCMServiceId: scm-service-test1, SCMNodeId: scmNode-2, RPC Address: localhost:13538 and Ratis port: 13538
2021-10-05 13:24:50,366 [Listener at 0.0.0.0/13531] INFO  ha.SCMHANodeDetails (ConfUtils.java:setNodeSpecificConfigs(108)) - Setting configuration key ozone.scm.datanode.address with value of key ozone.scm.datanode.address.scm-service-test1.scmNode-2: 127.0.0.1:13539
2021-10-05 13:24:50,366 [Listener at 0.0.0.0/13531] INFO  ha.SCMHANodeDetails (ConfUtils.java:setNodeSpecificConfigs(108)) - Setting configuration key ozone.scm.block.client.address with value of key ozone.scm.block.client.address.scm-service-test1.scmNode-2: 127.0.0.1:13540
2021-10-05 13:24:50,366 [Listener at 0.0.0.0/13531] INFO  ha.SCMHANodeDetails (ConfUtils.java:setNodeSpecificConfigs(108)) - Setting configuration key ozone.scm.client.address with value of key ozone.scm.client.address.scm-service-test1.scmNode-2: 127.0.0.1:13541
2021-10-05 13:24:50,366 [Listener at 0.0.0.0/13531] INFO  ha.SCMHANodeDetails (ConfUtils.java:setNodeSpecificConfigs(108)) - Setting configuration key ozone.scm.ratis.port with value of key ozone.scm.ratis.port.scm-service-test1.scmNode-2: 13538
2021-10-05 13:24:50,367 [Listener at 0.0.0.0/13531] INFO  ha.SCMHANodeDetails (ConfUtils.java:setNodeSpecificConfigs(108)) - Setting configuration key ozone.scm.grpc.port with value of key ozone.scm.grpc.port.scm-service-test1.scmNode-2: 13542
2021-10-05 13:24:50,367 [Listener at 0.0.0.0/13531] INFO  ha.SCMHANodeDetails (ConfUtils.java:setNodeSpecificConfigs(108)) - Setting configuration key ozone.scm.http-address with value of key ozone.scm.http-address.scm-service-test1.scmNode-2: 127.0.0.1:13536
2021-10-05 13:24:50,367 [Listener at 0.0.0.0/13531] INFO  ha.SCMHANodeDetails (ConfUtils.java:setNodeSpecificConfigs(108)) - Setting configuration key ozone.scm.https-address with value of key ozone.scm.https-address.scm-service-test1.scmNode-2: 127.0.0.1:13537
2021-10-05 13:24:50,367 [Listener at 0.0.0.0/13531] INFO  ha.SCMHANodeDetails (ConfUtils.java:setNodeSpecificConfigs(108)) - Setting configuration key ozone.scm.address with value of key ozone.scm.address.scm-service-test1.scmNode-2: 127.0.0.1
2021-10-05 13:24:50,367 [Listener at 0.0.0.0/13531] WARN  scm.ScmUtils (ScmUtils.java:logWarn(179)) - ConfigKey ozone.scm.block.client.address is deprecated, For configuring different ports for each SCM use PortConfigKey ozone.scm.block.client.port appended with serviceId and nodeId. If want to configure same port configure ozone.scm.block.client.port
2021-10-05 13:24:50,367 [Listener at 0.0.0.0/13531] WARN  scm.ScmUtils (ScmUtils.java:logWarn(179)) - ConfigKey ozone.scm.client.address is deprecated, For configuring different ports for each SCM use PortConfigKey ozone.scm.client.port appended with serviceId and nodeId. If want to configure same port configure ozone.scm.client.port
2021-10-05 13:24:50,367 [Listener at 0.0.0.0/13531] WARN  scm.ScmUtils (ScmUtils.java:logWarn(179)) - ConfigKey ozone.scm.datanode.address is deprecated, For configuring different ports for each SCM use PortConfigKey ozone.scm.datanode.port appended with serviceId and nodeId. If want to configure same port configure ozone.scm.datanode.port
2021-10-05 13:24:50,368 [Listener at 0.0.0.0/13531] WARN  server.ServerUtils (ServerUtils.java:getScmDbDir(148)) - ozone.scm.db.dirs is not configured. We recommend adding this setting. Falling back to ozone.metadata.dirs instead.
2021-10-05 13:24:50,368 [Listener at 0.0.0.0/13531] INFO  upgrade.AbstractLayoutVersionManager (AbstractLayoutVersionManager.java:init(79)) - Initializing Layout version manager with metadata layout = SCM_HA (version = 2), software layout = SCM_HA (version = 2)
2021-10-05 13:24:50,401 [Listener at 0.0.0.0/13531] INFO  reflections.Reflections (Reflections.java:scan(232)) - Reflections took 32 ms to scan 7 urls, producing 119 keys and 275 values 
2021-10-05 13:24:50,402 [Listener at 0.0.0.0/13531] WARN  utils.HAUtils (HAUtils.java:getMetaDir(342)) - ozone.scm.db.dirs is not configured. We recommend adding this setting. Falling back to ozone.metadata.dirs instead.
2021-10-05 13:24:50,403 [Listener at 0.0.0.0/13531] WARN  db.DBStoreBuilder (DBStoreBuilder.java:applyDBDefinition(145)) - ozone.scm.db.dirs is not configured. We recommend adding this setting. Falling back to ozone.metadata.dirs instead.
2021-10-05 13:24:50,576 [Listener at 0.0.0.0/13531] INFO  net.NodeSchemaLoader (NodeSchemaLoader.java:loadSchemaFromFile(129)) - Loading schema from [jar:file:/home/runner/.m2/repository/org/apache/ozone/hdds-common/1.2.0-SNAPSHOT/hdds-common-1.2.0-SNAPSHOT.jar!/network-topology-default.xml]
2021-10-05 13:24:50,576 [Listener at 0.0.0.0/13531] INFO  net.NodeSchemaLoader (NodeSchemaLoader.java:loadSchema(176)) - Loading network topology layer schema file
2021-10-05 13:24:50,598 [Listener at 0.0.0.0/13531] WARN  impl.MetricRegistriesImpl (MetricRegistriesImpl.java:addReporterRegistration(111)) - New reporters are added after registries were created. Some metrics will be missing from the reporter. Please add reporter before adding any new registry.
2021-10-05 13:24:50,600 [Listener at 0.0.0.0/13531] WARN  impl.MetricRegistriesImpl (MetricRegistriesImpl.java:addReporterRegistration(111)) - New reporters are added after registries were created. Some metrics will be missing from the reporter. Please add reporter before adding any new registry.
2021-10-05 13:24:50,601 [Listener at 0.0.0.0/13531] INFO  ha.SCMRatisServerImpl (SCMRatisServerImpl.java:<init>(87)) - starting Raft server for scm:6d234f4d-474a-4c74-a9e9-8f3885fce584
2021-10-05 13:24:50,602 [Listener at 0.0.0.0/13531] INFO  server.RaftServer (ConfUtils.java:logGet(44)) - raft.rpc.type = GRPC (default)
2021-10-05 13:24:50,602 [Listener at 0.0.0.0/13531] INFO  grpc.GrpcFactory (GrpcFactory.java:checkPooledByteBufAllocatorUseCacheForAllThreads(48)) - PERFORMANCE WARNING: useCacheForAllThreads is true that may cause Netty to create a lot garbage objects and, as a result, trigger GC.
	It is recommended to disable useCacheForAllThreads by setting -Dorg.apache.ratis.thirdparty.io.netty.allocator.useCacheForAllThreads=false in command line.
2021-10-05 13:24:50,602 [Listener at 0.0.0.0/13531] INFO  grpc.GrpcConfigKeys (ConfUtils.java:logGet(44)) - raft.grpc.admin.port = -1 (default)
2021-10-05 13:24:50,602 [Listener at 0.0.0.0/13531] INFO  grpc.GrpcConfigKeys (ConfUtils.java:logGet(44)) - raft.grpc.server.port = 13538 (custom)
2021-10-05 13:24:50,603 [Listener at 0.0.0.0/13531] INFO  grpc.GrpcConfigKeys (ConfUtils.java:logGet(44)) - raft.grpc.client.port = -1 (default)
2021-10-05 13:24:50,603 [Listener at 0.0.0.0/13531] INFO  grpc.GrpcConfigKeys (ConfUtils.java:logGet(44)) - raft.grpc.server.port = 13538 (custom)
2021-10-05 13:24:50,603 [Listener at 0.0.0.0/13531] INFO  grpc.GrpcConfigKeys (ConfUtils.java:logGet(44)) - raft.grpc.server.port = 13538 (custom)
2021-10-05 13:24:50,603 [Listener at 0.0.0.0/13531] INFO  server.GrpcService (ConfUtils.java:logGet(44)) - raft.grpc.message.size.max = 32m (=33554432) (custom)
2021-10-05 13:24:50,603 [Listener at 0.0.0.0/13531] INFO  server.RaftServerConfigKeys (ConfUtils.java:logGet(44)) - raft.server.log.appender.buffer.byte-limit = 33554432 (custom)
2021-10-05 13:24:50,603 [Listener at 0.0.0.0/13531] INFO  server.GrpcService (ConfUtils.java:logGet(44)) - raft.grpc.flow.control.window = 1MB (=1048576) (default)
2021-10-05 13:24:50,603 [Listener at 0.0.0.0/13531] INFO  server.RaftServerConfigKeys (ConfUtils.java:logGet(44)) - raft.server.rpc.request.timeout = 30000ms (custom)
2021-10-05 13:24:50,605 [Listener at 0.0.0.0/13531] INFO  impl.DataStreamServerImpl (ConfUtils.java:logGet(44)) - raft.datastream.type = DISABLED (default)
2021-10-05 13:24:50,607 [Listener at 0.0.0.0/13531] INFO  server.RaftServerConfigKeys (ConfUtils.java:logGet(44)) - raft.server.rpc.slowness.timeout = 120000ms (custom)
2021-10-05 13:24:50,607 [Listener at 0.0.0.0/13531] INFO  server.RaftServerConfigKeys (ConfUtils.java:logGet(44)) - raft.server.leaderelection.leader.step-down.wait-time = 10s (default)
2021-10-05 13:24:50,607 [Listener at 0.0.0.0/13531] INFO  server.RaftServerConfigKeys (ConfUtils.java:logGet(44)) - raft.server.storage.dir = [/home/runner/work/ozone/ozone/hadoop-ozone/integration-test/target/test-dir/MiniOzoneClusterImpl-36b87918-66c6-4e2c-9c49-5aa8dab94a1f/scmNode-2/scm-ha] (custom)
2021-10-05 13:24:50,612 [Listener at 0.0.0.0/13531] INFO  server.RaftServer (RaftServerProxy.java:addNew(95)) - 6d234f4d-474a-4c74-a9e9-8f3885fce584: addNew group-5AA8DAB94A1F:[] returns group-5AA8DAB94A1F:java.util.concurrent.CompletableFuture@36971bef[Not completed]
2021-10-05 13:24:50,612 [pool-208-thread-1] INFO  server.RaftServer$Division (RaftServerImpl.java:<init>(181)) - 6d234f4d-474a-4c74-a9e9-8f3885fce584: new RaftServerImpl for group-5AA8DAB94A1F:[] with SCMStateMachine:uninitialized
2021-10-05 13:24:50,614 [pool-208-thread-1] INFO  server.RaftServerConfigKeys (ConfUtils.java:logGet(44)) - raft.server.rpc.timeout.min = 5000ms (custom)
2021-10-05 13:24:50,614 [pool-208-thread-1] INFO  server.RaftServerConfigKeys (ConfUtils.java:logGet(44)) - raft.server.rpc.timeout.max = 5200ms (custom)
2021-10-05 13:24:50,614 [pool-208-thread-1] INFO  server.RaftServerConfigKeys (ConfUtils.java:logGet(44)) - raft.server.rpc.sleep.time = 25ms (default)
2021-10-05 13:24:50,614 [pool-208-thread-1] INFO  server.RaftServerConfigKeys (ConfUtils.java:logGet(44)) - raft.server.rpc.slowness.timeout = 120000ms (custom)
2021-10-05 13:24:50,614 [pool-208-thread-1] INFO  server.RaftServerConfigKeys (ConfUtils.java:logGet(44)) - raft.server.leaderelection.leader.step-down.wait-time = 10s (default)
2021-10-05 13:24:50,614 [pool-208-thread-1] INFO  server.RaftServerConfigKeys (ConfUtils.java:logGet(44)) - raft.server.sleep.deviation.threshold = 300ms (default)
2021-10-05 13:24:50,614 [pool-208-thread-1] INFO  server.RaftServerConfigKeys (ConfUtils.java:logGet(44)) - raft.server.log.appender.install.snapshot.enabled = false (custom)
2021-10-05 13:24:50,614 [pool-208-thread-1] INFO  server.RaftServer$Division (ServerState.java:<init>(105)) - 6d234f4d-474a-4c74-a9e9-8f3885fce584@group-5AA8DAB94A1F: ConfigurationManager, init=-1: [], old=null, confs=<EMPTY_MAP>
2021-10-05 13:24:50,614 [pool-208-thread-1] INFO  server.RaftServerConfigKeys (ConfUtils.java:logGet(44)) - raft.server.storage.dir = [/home/runner/work/ozone/ozone/hadoop-ozone/integration-test/target/test-dir/MiniOzoneClusterImpl-36b87918-66c6-4e2c-9c49-5aa8dab94a1f/scmNode-2/scm-ha] (custom)
2021-10-05 13:24:50,614 [pool-208-thread-1] INFO  server.RaftServerConfigKeys (ConfUtils.java:logGet(44)) - raft.server.log.corruption.policy = EXCEPTION (default)
2021-10-05 13:24:50,614 [pool-208-thread-1] INFO  server.RaftServerConfigKeys (ConfUtils.java:logGet(44)) - raft.server.storage.free-space.min = 0MB (=0) (default)
2021-10-05 13:24:50,615 [pool-208-thread-1] INFO  storage.RaftStorageDirectory (RaftStorageDirectoryImpl.java:analyzeStorage(135)) - The storage directory /home/runner/work/ozone/ozone/hadoop-ozone/integration-test/target/test-dir/MiniOzoneClusterImpl-36b87918-66c6-4e2c-9c49-5aa8dab94a1f/scmNode-2/scm-ha/36b87918-66c6-4e2c-9c49-5aa8dab94a1f does not exist. Creating ...
2021-10-05 13:24:50,625 [pool-208-thread-1] INFO  storage.RaftStorageDirectory (RaftStorageDirectoryImpl.java:tryLock(230)) - Lock on /home/runner/work/ozone/ozone/hadoop-ozone/integration-test/target/test-dir/MiniOzoneClusterImpl-36b87918-66c6-4e2c-9c49-5aa8dab94a1f/scmNode-2/scm-ha/36b87918-66c6-4e2c-9c49-5aa8dab94a1f/in_use.lock acquired by nodename 17451@fv-az270-324
2021-10-05 13:24:50,630 [pool-208-thread-1] INFO  storage.RaftStorage (RaftStorageImpl.java:format(89)) - Storage directory /home/runner/work/ozone/ozone/hadoop-ozone/integration-test/target/test-dir/MiniOzoneClusterImpl-36b87918-66c6-4e2c-9c49-5aa8dab94a1f/scmNode-2/scm-ha/36b87918-66c6-4e2c-9c49-5aa8dab94a1f has been successfully formatted.
2021-10-05 13:24:50,630 [pool-208-thread-1] INFO  server.RaftServerConfigKeys (ConfUtils.java:logGet(44)) - raft.server.notification.no-leader.timeout = 60s (default)
2021-10-05 13:24:50,630 [pool-208-thread-1] INFO  server.RaftServerConfigKeys (ConfUtils.java:logGet(44)) - raft.server.log.use.memory = false (default)
2021-10-05 13:24:50,630 [pool-208-thread-1] INFO  server.RaftServerConfigKeys (ConfUtils.java:logGet(44)) - raft.server.log.purge.gap = 5 (custom)
2021-10-05 13:24:50,630 [pool-208-thread-1] INFO  server.RaftServerConfigKeys (ConfUtils.java:logGet(44)) - raft.server.log.appender.buffer.byte-limit = 33554432 (custom)
2021-10-05 13:24:50,630 [pool-208-thread-1] INFO  server.RaftServerConfigKeys (ConfUtils.java:logGet(44)) - raft.server.log.segment.size.max = 16384 (custom)
2021-10-05 13:24:50,631 [pool-208-thread-1] INFO  server.RaftServerConfigKeys (ConfUtils.java:logGet(44)) - raft.server.log.segment.cache.num.max = 2 (custom)
2021-10-05 13:24:50,631 [pool-208-thread-1] INFO  server.RaftServerConfigKeys (ConfUtils.java:logGet(44)) - raft.server.log.segment.cache.size.max = 200MB (=209715200) (default)
2021-10-05 13:24:50,631 [pool-208-thread-1] INFO  segmented.SegmentedRaftLogWorker (SegmentedRaftLogWorker.java:<init>(182)) - new 6d234f4d-474a-4c74-a9e9-8f3885fce584@group-5AA8DAB94A1F-SegmentedRaftLogWorker for RaftStorageImpl:Storage Directory /home/runner/work/ozone/ozone/hadoop-ozone/integration-test/target/test-dir/MiniOzoneClusterImpl-36b87918-66c6-4e2c-9c49-5aa8dab94a1f/scmNode-2/scm-ha/36b87918-66c6-4e2c-9c49-5aa8dab94a1f
2021-10-05 13:24:50,631 [pool-208-thread-1] INFO  server.RaftServerConfigKeys (ConfUtils.java:logGet(44)) - raft.server.log.queue.byte-limit = 64MB (=67108864) (default)
2021-10-05 13:24:50,631 [pool-208-thread-1] INFO  server.RaftServerConfigKeys (ConfUtils.java:logGet(44)) - raft.server.log.queue.element-limit = 4096 (default)
2021-10-05 13:24:50,631 [pool-208-thread-1] INFO  server.RaftServerConfigKeys (ConfUtils.java:logGet(44)) - raft.server.log.segment.size.max = 16384 (custom)
2021-10-05 13:24:50,631 [pool-208-thread-1] INFO  server.RaftServerConfigKeys (ConfUtils.java:logGet(44)) - raft.server.log.preallocated.size = 16384 (custom)
2021-10-05 13:24:50,631 [pool-208-thread-1] INFO  server.RaftServerConfigKeys (ConfUtils.java:logGet(44)) - raft.server.log.force.sync.num = 128 (default)
2021-10-05 13:24:50,631 [pool-208-thread-1] INFO  server.RaftServerConfigKeys (ConfUtils.java:logGet(44)) - raft.server.log.statemachine.data.sync = true (default)
2021-10-05 13:24:50,631 [pool-208-thread-1] INFO  server.RaftServerConfigKeys (ConfUtils.java:logGet(44)) - raft.server.log.statemachine.data.sync.timeout = 10s (default)
2021-10-05 13:24:50,631 [pool-208-thread-1] INFO  server.RaftServerConfigKeys (ConfUtils.java:logGet(44)) - raft.server.log.statemachine.data.sync.timeout.retry = -1 (default)
2021-10-05 13:24:50,632 [pool-208-thread-1] INFO  server.RaftServerConfigKeys (ConfUtils.java:logGet(44)) - raft.server.log.write.buffer.size = 64KB (=65536) (default)
2021-10-05 13:24:50,632 [pool-208-thread-1] INFO  server.RaftServerConfigKeys (ConfUtils.java:logGet(44)) - raft.server.log.statemachine.data.caching.enabled = false (default)
2021-10-05 13:24:50,632 [pool-208-thread-1] INFO  segmented.SegmentedRaftLogWorker (SegmentedRaftLogWorker.java:lambda$new$0(133)) - 6d234f4d-474a-4c74-a9e9-8f3885fce584@group-5AA8DAB94A1F-SegmentedRaftLogWorker: flushIndex: setUnconditionally 0 -> -1
2021-10-05 13:24:50,632 [pool-208-thread-1] INFO  segmented.SegmentedRaftLogWorker (SegmentedRaftLogWorker.java:lambda$new$0(133)) - 6d234f4d-474a-4c74-a9e9-8f3885fce584@group-5AA8DAB94A1F-SegmentedRaftLogWorker: safeCacheEvictIndex: setUnconditionally 0 -> -1
2021-10-05 13:24:50,635 [pool-208-thread-1] INFO  server.RaftServerConfigKeys (ConfUtils.java:logGet(44)) - raft.server.snapshot.auto.trigger.enabled = true (custom)
2021-10-05 13:24:50,635 [pool-208-thread-1] INFO  server.RaftServerConfigKeys (ConfUtils.java:logGet(44)) - raft.server.snapshot.auto.trigger.threshold = 5 (custom)
2021-10-05 13:24:50,635 [pool-208-thread-1] INFO  server.RaftServerConfigKeys (ConfUtils.java:logGet(44)) - raft.server.snapshot.retention.file.num = -1 (default)
2021-10-05 13:24:50,635 [pool-208-thread-1] INFO  server.RaftServerConfigKeys (ConfUtils.java:logGet(44)) - raft.server.log.purge.upto.snapshot.index = true (custom)
2021-10-05 13:24:50,635 [pool-208-thread-1] INFO  server.RaftServerConfigKeys (ConfUtils.java:logGet(44)) - raft.server.retrycache.expirytime = 60000ms (default)
2021-10-05 13:24:50,635 [pool-208-thread-1] INFO  server.RaftServerConfigKeys (ConfUtils.java:logGet(44)) - raft.server.retrycache.statistics.expirytime = 100μs (default)
2021-10-05 13:24:50,638 [Listener at 0.0.0.0/13531] INFO  ha.SCMSnapshotProvider (SCMSnapshotProvider.java:<init>(66)) - Initializing SCM Snapshot Provider
2021-10-05 13:24:50,638 [Listener at 0.0.0.0/13531] WARN  server.ServerUtils (ServerUtils.java:getDefaultRatisDirectory(237)) - Storage directory for Ratis is not configured. It is a good idea to map this to an SSD disk. Falling back to ozone.metadata.dirs
2021-10-05 13:24:50,639 [Listener at 0.0.0.0/13531] WARN  ha.SCMHAUtils (SCMHAUtils.java:getSCMRatisSnapshotDirectory(146)) - SCM snapshot dir is not configured. Falling back to ozone.metadata.dirs config
2021-10-05 13:24:50,640 [Listener at 0.0.0.0/13531] INFO  ha.SequenceIdGenerator (SequenceIdGenerator.java:upgradeToSequenceId(347)) - upgrade localId to 107544261427200000
2021-10-05 13:24:50,640 [Listener at 0.0.0.0/13531] INFO  ha.SequenceIdGenerator (SequenceIdGenerator.java:upgradeToSequenceId(357)) - upgrade delTxnId to 0
2021-10-05 13:24:50,640 [Listener at 0.0.0.0/13531] INFO  ha.SequenceIdGenerator (SequenceIdGenerator.java:upgradeToSequenceId(371)) - upgrade containerId to 0
2021-10-05 13:24:50,640 [Listener at 0.0.0.0/13531] INFO  ha.SequenceIdGenerator (SequenceIdGenerator.java:<init>(218)) - Init the HA SequenceIdGenerator.
2021-10-05 13:24:50,641 [Listener at 0.0.0.0/13531] WARN  server.ServerUtils (ServerUtils.java:sanitizeUserArgs(73)) - ozone.scm.stale.node.interval value = 300000 is larger than max = 100000 based on the key value of ozone.scm.heartbeat.thread.interval, reset to the max value 100000.
2021-10-05 13:24:50,641 [Listener at 0.0.0.0/13531] WARN  server.ServerUtils (ServerUtils.java:sanitizeUserArgs(73)) - ozone.scm.stale.node.interval value = 300000 is larger than max = 100000 based on the key value of ozone.scm.heartbeat.thread.interval, reset to the max value 100000.
2021-10-05 13:24:50,643 [Listener at 0.0.0.0/13531] INFO  node.SCMNodeManager (SCMNodeManager.java:<init>(144)) - Entering startup safe mode.
2021-10-05 13:24:50,644 [Listener at 0.0.0.0/13531] INFO  algorithms.ContainerPlacementPolicyFactory (ContainerPlacementPolicyFactory.java:getPolicy(60)) - Create container placement policy of type org.apache.hadoop.hdds.scm.container.placement.algorithms.SCMContainerPlacementRandom
2021-10-05 13:24:50,644 [Listener at 0.0.0.0/13531] INFO  pipeline.PipelineStateManagerImpl (PipelineStateManagerImpl.java:initialize(78)) - No pipeline exists in current db
2021-10-05 13:24:50,644 [Listener at 0.0.0.0/13531] INFO  algorithms.LeaderChoosePolicyFactory (LeaderChoosePolicyFactory.java:getPolicy(57)) - Create leader choose policy of type org.apache.hadoop.hdds.scm.pipeline.leader.choose.algorithms.MinLeaderCountChoosePolicy
2021-10-05 13:24:50,645 [Listener at 0.0.0.0/13531] INFO  ha.SCMServiceManager (SCMServiceManager.java:register(43)) - Registering service BackgroundPipelineCreator.
2021-10-05 13:24:50,645 [Listener at 0.0.0.0/13531] INFO  pipeline.BackgroundPipelineCreator (BackgroundPipelineCreatorV2.java:start(130)) - Starting RatisPipelineUtilsThread.
2021-10-05 13:24:50,654 [Listener at 0.0.0.0/13531] INFO  algorithms.PipelineChoosePolicyFactory (PipelineChoosePolicyFactory.java:createPipelineChoosePolicyFromClass(73)) - Create pipeline choose policy of type org.apache.hadoop.hdds.scm.pipeline.choose.algorithms.RandomPipelineChoosePolicy
2021-10-05 13:24:50,656 [Listener at 0.0.0.0/13531] INFO  ha.SCMServiceManager (SCMServiceManager.java:register(43)) - Registering service SCMBlockDeletingService.
2021-10-05 13:24:50,656 [Listener at 0.0.0.0/13531] INFO  ha.SCMServiceManager (SCMServiceManager.java:register(43)) - Registering service ReplicationManager.
2021-10-05 13:24:50,656 [Listener at 0.0.0.0/13531] INFO  container.ReplicationManager (ReplicationManager.java:start(319)) - Starting Replication Monitor Thread.
2021-10-05 13:24:50,660 [Listener at 0.0.0.0/13531] INFO  safemode.ContainerSafeModeRule (ContainerSafeModeRule.java:<init>(89)) - containers with one replica threshold count 0
2021-10-05 13:24:50,661 [Listener at 0.0.0.0/13531] INFO  safemode.HealthyPipelineSafeModeRule (HealthyPipelineSafeModeRule.java:initializeRule(156)) - Total pipeline count is 0, healthy pipeline threshold count is 1
2021-10-05 13:24:50,662 [Listener at 0.0.0.0/13531] INFO  safemode.OneReplicaPipelineSafeModeRule (OneReplicaPipelineSafeModeRule.java:initializeRule(180)) - Total pipeline count is 0, pipeline's with at least one datanode reported threshold count is 0
2021-10-05 13:24:50,665 [Listener at 0.0.0.0/13531] INFO  ipc.CallQueueManager (CallQueueManager.java:<init>(90)) - Using callQueue: class java.util.concurrent.LinkedBlockingQueue, queueCapacity: 2000, scheduler: class org.apache.hadoop.ipc.DefaultRpcScheduler, ipcBackoff: false.
2021-10-05 13:24:50,675 [Socket Reader #1 for port 13539] INFO  ipc.Server (Server.java:run(1265)) - Starting Socket Reader #1 for port 13539
2021-10-05 13:24:50,684 [ReplicationMonitor] INFO  container.ReplicationManager (ReplicationManager.java:processAll(371)) - Replication Monitor Thread took 0 milliseconds for processing 0 containers.
2021-10-05 13:24:50,692 [Listener at 0.0.0.0/13539] INFO  ipc.CallQueueManager (CallQueueManager.java:<init>(90)) - Using callQueue: class java.util.concurrent.LinkedBlockingQueue, queueCapacity: 2000, scheduler: class org.apache.hadoop.ipc.DefaultRpcScheduler, ipcBackoff: false.
2021-10-05 13:24:50,693 [Socket Reader #1 for port 13540] INFO  ipc.Server (Server.java:run(1265)) - Starting Socket Reader #1 for port 13540
2021-10-05 13:24:50,704 [Listener at 0.0.0.0/13540] INFO  ipc.CallQueueManager (CallQueueManager.java:<init>(90)) - Using callQueue: class java.util.concurrent.LinkedBlockingQueue, queueCapacity: 2000, scheduler: class org.apache.hadoop.ipc.DefaultRpcScheduler, ipcBackoff: false.
2021-10-05 13:24:50,711 [Socket Reader #1 for port 13541] INFO  ipc.Server (Server.java:run(1265)) - Starting Socket Reader #1 for port 13541
2021-10-05 13:24:50,735 [EndpointStateMachine task thread for /127.0.0.1:15041 - 0 ] INFO  ipc.Client (Client.java:handleConnectionFailure(977)) - Retrying connect to server: localhost/127.0.0.1:15041. Already tried 12 time(s); retry policy is RetryUpToMaximumCountWithFixedSleep(maxRetries=15, sleepTime=1000 MILLISECONDS)
2021-10-05 13:24:50,781 [Listener at 0.0.0.0/13541] INFO  algorithms.ContainerPlacementPolicyFactory (ContainerPlacementPolicyFactory.java:getPolicy(60)) - Create container placement policy of type org.apache.hadoop.hdds.scm.container.placement.algorithms.SCMContainerPlacementRandom
2021-10-05 13:24:50,792 [EndpointStateMachine task thread for /127.0.0.1:15031 - 0 ] INFO  ipc.Client (Client.java:handleConnectionFailure(977)) - Retrying connect to server: localhost/127.0.0.1:15031. Already tried 1 time(s); retry policy is RetryUpToMaximumCountWithFixedSleep(maxRetries=15, sleepTime=1000 MILLISECONDS)
2021-10-05 13:24:50,792 [EndpointStateMachine task thread for /127.0.0.1:15021 - 0 ] INFO  ipc.Client (Client.java:handleConnectionFailure(977)) - Retrying connect to server: localhost/127.0.0.1:15021. Already tried 1 time(s); retry policy is RetryUpToMaximumCountWithFixedSleep(maxRetries=15, sleepTime=1000 MILLISECONDS)
2021-10-05 13:24:50,793 [Listener at 0.0.0.0/13541] INFO  server.StorageContainerManager (StorageContainerManager.java:<init>(388)) - 
Container Balancer status:
Key                            Value
Running                        false
Container Balancer Configuration values:
Key                                                Value
Threshold                                          0.1
Max Datanodes to Involve per Iteration(ratio)      0.2
Max Size to Move per Iteration                     32212254720B

2021-10-05 13:24:50,793 [Listener at 0.0.0.0/13541] WARN  events.EventQueue (EventQueue.java:fireEvent(194)) - No event handler registered for event TypedEvent{payloadType=SafeModeStatus, name='Safe mode status'}
2021-10-05 13:24:50,793 [Listener at 0.0.0.0/13541] INFO  ha.SCMContext (SCMContext.java:updateSafeModeStatus(205)) - Update SafeModeStatus from SafeModeStatus{safeModeStatus=true, preCheckPassed=false} to SafeModeStatus{safeModeStatus=true, preCheckPassed=false}.
2021-10-05 13:24:50,794 [Listener at 0.0.0.0/13541] INFO  server.StorageContainerManager (StorageContainerManager.java:start(1303)) - StorageContainerLocationProtocol RPC server is listening at /0.0.0.0:13541
2021-10-05 13:24:50,794 [Listener at 0.0.0.0/13541] INFO  ha.SCMRatisServerImpl (SCMRatisServerImpl.java:start(177)) - starting ratis server 0.0.0.0:13538
2021-10-05 13:24:50,794 [Listener at 0.0.0.0/13541] INFO  server.RaftServer$Division (RaftServerImpl.java:start(299)) - 6d234f4d-474a-4c74-a9e9-8f3885fce584@group-5AA8DAB94A1F: start with initializing state, conf=-1: [], old=null
2021-10-05 13:24:50,794 [Listener at 0.0.0.0/13541] INFO  server.RaftServer$Division (RaftServerImpl.java:setRole(285)) - 6d234f4d-474a-4c74-a9e9-8f3885fce584@group-5AA8DAB94A1F: changes role from      null to FOLLOWER at term 0 for startInitializing
2021-10-05 13:24:50,794 [Listener at 0.0.0.0/13541] INFO  util.JmxRegister (JmxRegister.java:tryRegister(44)) - Successfully registered JMX Bean with object name Ratis:service=RaftServer,group=group-5AA8DAB94A1F,id=6d234f4d-474a-4c74-a9e9-8f3885fce584
2021-10-05 13:24:50,811 [Listener at 0.0.0.0/13541] INFO  server.RaftServer (RaftServerProxy.java:lambda$start$5(374)) - 6d234f4d-474a-4c74-a9e9-8f3885fce584: start RPC server
2021-10-05 13:24:50,812 [Listener at 0.0.0.0/13541] INFO  server.GrpcService (GrpcService.java:startImpl(253)) - 6d234f4d-474a-4c74-a9e9-8f3885fce584: GrpcService started, listening on 13538
2021-10-05 13:24:50,828 [org.apache.ratis.util.JvmPauseMonitor$$Lambda$499/1586779822@d2df0f5] INFO  util.JvmPauseMonitor (JvmPauseMonitor.java:run(103)) - JvmPauseMonitor-6d234f4d-474a-4c74-a9e9-8f3885fce584: Started
2021-10-05 13:24:50,828 [Listener at 0.0.0.0/13541] INFO  ha.SCMNodeInfo (SCMNodeInfo.java:getPort(197)) - ConfigKey ozone.scm.client.address is deprecated, For configuring different ports for each SCM use PortConfigKey ozone.scm.client.port appended with serviceId and nodeId
2021-10-05 13:24:50,828 [Listener at 0.0.0.0/13541] INFO  ha.SCMNodeInfo (SCMNodeInfo.java:getPort(197)) - ConfigKey ozone.scm.block.client.address is deprecated, For configuring different ports for each SCM use PortConfigKey ozone.scm.block.client.port appended with serviceId and nodeId
2021-10-05 13:24:50,828 [Listener at 0.0.0.0/13541] INFO  ha.SCMNodeInfo (SCMNodeInfo.java:getPort(197)) - ConfigKey ozone.scm.datanode.address is deprecated, For configuring different ports for each SCM use PortConfigKey ozone.scm.datanode.port appended with serviceId and nodeId
2021-10-05 13:24:50,829 [Listener at 0.0.0.0/13541] INFO  ha.SCMNodeInfo (SCMNodeInfo.java:getPort(197)) - ConfigKey ozone.scm.client.address is deprecated, For configuring different ports for each SCM use PortConfigKey ozone.scm.client.port appended with serviceId and nodeId
2021-10-05 13:24:50,829 [Listener at 0.0.0.0/13541] INFO  ha.SCMNodeInfo (SCMNodeInfo.java:getPort(197)) - ConfigKey ozone.scm.block.client.address is deprecated, For configuring different ports for each SCM use PortConfigKey ozone.scm.block.client.port appended with serviceId and nodeId
2021-10-05 13:24:50,829 [Listener at 0.0.0.0/13541] INFO  ha.SCMNodeInfo (SCMNodeInfo.java:getPort(197)) - ConfigKey ozone.scm.datanode.address is deprecated, For configuring different ports for each SCM use PortConfigKey ozone.scm.datanode.port appended with serviceId and nodeId
2021-10-05 13:24:50,829 [Listener at 0.0.0.0/13541] INFO  ha.SCMNodeInfo (SCMNodeInfo.java:getPort(197)) - ConfigKey ozone.scm.client.address is deprecated, For configuring different ports for each SCM use PortConfigKey ozone.scm.client.port appended with serviceId and nodeId
2021-10-05 13:24:50,829 [Listener at 0.0.0.0/13541] INFO  ha.SCMNodeInfo (SCMNodeInfo.java:getPort(197)) - ConfigKey ozone.scm.block.client.address is deprecated, For configuring different ports for each SCM use PortConfigKey ozone.scm.block.client.port appended with serviceId and nodeId
2021-10-05 13:24:50,829 [Listener at 0.0.0.0/13541] INFO  ha.SCMNodeInfo (SCMNodeInfo.java:getPort(197)) - ConfigKey ozone.scm.datanode.address is deprecated, For configuring different ports for each SCM use PortConfigKey ozone.scm.datanode.port appended with serviceId and nodeId
2021-10-05 13:24:50,845 [IPC Server handler 3 on default port 13530] INFO  ha.SCMRatisServerImpl (SCMRatisServerImpl.java:addSCM(291)) - 21490b65-0a55-46f3-b94a-dd719a327c14: Submitting SetConfiguration request to Ratis server with new SCM peers list: [21490b65-0a55-46f3-b94a-dd719a327c14|rpc:localhost:13528|admin:|client:|dataStream:|priority:0, 6d234f4d-474a-4c74-a9e9-8f3885fce584|rpc:localhost:13538|priority:0]
2021-10-05 13:24:50,845 [IPC Server handler 3 on default port 13530] INFO  server.RaftServer$Division (RaftServerImpl.java:setConfigurationAsync(971)) - 21490b65-0a55-46f3-b94a-dd719a327c14@group-5AA8DAB94A1F: receive setConfiguration SetConfigurationRequest:client-474D5F38DF1B->21490b65-0a55-46f3-b94a-dd719a327c14@group-5AA8DAB94A1F, cid=0, seq=0, RW, null, peers:[21490b65-0a55-46f3-b94a-dd719a327c14|rpc:localhost:13528|admin:|client:|dataStream:|priority:0, 6d234f4d-474a-4c74-a9e9-8f3885fce584|rpc:localhost:13538|priority:0]
2021-10-05 13:24:50,845 [IPC Server handler 3 on default port 13530] INFO  server.RaftServer$Division (LeaderStateImpl.java:startSetConfiguration(345)) - 21490b65-0a55-46f3-b94a-dd719a327c14@group-5AA8DAB94A1F-LeaderStateImpl: startSetConfiguration SetConfigurationRequest:client-474D5F38DF1B->21490b65-0a55-46f3-b94a-dd719a327c14@group-5AA8DAB94A1F, cid=0, seq=0, RW, null, peers:[21490b65-0a55-46f3-b94a-dd719a327c14|rpc:localhost:13528|admin:|client:|dataStream:|priority:0, 6d234f4d-474a-4c74-a9e9-8f3885fce584|rpc:localhost:13538|priority:0]
2021-10-05 13:24:50,846 [IPC Server handler 3 on default port 13530] INFO  server.RaftServerConfigKeys (ConfUtils.java:logGet(44)) - raft.server.log.appender.snapshot.chunk.size.max = 16MB (=16777216) (default)
2021-10-05 13:24:50,846 [IPC Server handler 3 on default port 13530] INFO  server.RaftServerConfigKeys (ConfUtils.java:logGet(44)) - raft.server.log.appender.buffer.byte-limit = 33554432 (custom)
2021-10-05 13:24:50,846 [IPC Server handler 3 on default port 13530] INFO  server.RaftServerConfigKeys (ConfUtils.java:logGet(44)) - raft.server.log.appender.buffer.element-limit = 1024 (custom)
2021-10-05 13:24:50,847 [IPC Server handler 3 on default port 13530] INFO  grpc.GrpcConfigKeys (ConfUtils.java:logGet(44)) - raft.grpc.server.leader.outstanding.appends.max = 128 (default)
2021-10-05 13:24:50,848 [IPC Server handler 3 on default port 13530] INFO  server.RaftServerConfigKeys (ConfUtils.java:logGet(44)) - raft.server.rpc.request.timeout = 30000ms (custom)
2021-10-05 13:24:50,848 [IPC Server handler 3 on default port 13530] INFO  server.RaftServerConfigKeys (ConfUtils.java:logGet(44)) - raft.server.log.appender.install.snapshot.enabled = false (custom)
2021-10-05 13:24:50,896 [grpc-default-executor-0] INFO  ha.SCMStateMachine (SCMStateMachine.java:notifyLeaderChanged(248)) - leader changed, yet current SCM is still follower.
2021-10-05 13:24:50,897 [grpc-default-executor-0] INFO  server.RaftServer$Division (ServerState.java:setLeader(285)) - 6d234f4d-474a-4c74-a9e9-8f3885fce584@group-5AA8DAB94A1F: change Leader from null to 21490b65-0a55-46f3-b94a-dd719a327c14 at term 2 for appendEntries, leader elected after 266ms
2021-10-05 13:24:50,897 [grpc-default-executor-0] INFO  impl.RoleInfo (RoleInfo.java:updateAndGet(130)) - 6d234f4d-474a-4c74-a9e9-8f3885fce584: start 6d234f4d-474a-4c74-a9e9-8f3885fce584@group-5AA8DAB94A1F-FollowerState
2021-10-05 13:24:50,916 [grpc-default-executor-2] INFO  server.RaftServer$Division (ServerState.java:setRaftConf(387)) - 6d234f4d-474a-4c74-a9e9-8f3885fce584@group-5AA8DAB94A1F: set configuration 0: [21490b65-0a55-46f3-b94a-dd719a327c14|rpc:localhost:13528|admin:|client:|dataStream:|priority:0], old=null
2021-10-05 13:24:50,916 [grpc-default-executor-2] INFO  server.RaftServer$Division (ServerState.java:setRaftConf(387)) - 6d234f4d-474a-4c74-a9e9-8f3885fce584@group-5AA8DAB94A1F: set configuration 1: [21490b65-0a55-46f3-b94a-dd719a327c14|rpc:localhost:13528|admin:|client:|dataStream:|priority:0], old=null
2021-10-05 13:24:50,917 [grpc-default-executor-2] INFO  segmented.SegmentedRaftLogWorker (SegmentedRaftLogWorker.java:startLogSegment(394)) - 6d234f4d-474a-4c74-a9e9-8f3885fce584@group-5AA8DAB94A1F-SegmentedRaftLogWorker: Starting segment from index:0
2021-10-05 13:24:50,917 [grpc-default-executor-2] INFO  segmented.SegmentedRaftLogWorker (SegmentedRaftLogWorker.java:rollLogSegment(399)) - 6d234f4d-474a-4c74-a9e9-8f3885fce584@group-5AA8DAB94A1F-SegmentedRaftLogWorker: Rolling segment log-0_0 to index:0
2021-10-05 13:24:50,927 [6d234f4d-474a-4c74-a9e9-8f3885fce584@group-5AA8DAB94A1F-SegmentedRaftLogWorker] INFO  segmented.SegmentedRaftLogWorker (SegmentedRaftLogWorker.java:execute(601)) - 6d234f4d-474a-4c74-a9e9-8f3885fce584@group-5AA8DAB94A1F-SegmentedRaftLogWorker: created new log segment /home/runner/work/ozone/ozone/hadoop-ozone/integration-test/target/test-dir/MiniOzoneClusterImpl-36b87918-66c6-4e2c-9c49-5aa8dab94a1f/scmNode-2/scm-ha/36b87918-66c6-4e2c-9c49-5aa8dab94a1f/current/log_inprogress_0
2021-10-05 13:24:50,931 [6d234f4d-474a-4c74-a9e9-8f3885fce584@group-5AA8DAB94A1F-SegmentedRaftLogWorker] INFO  segmented.SegmentedRaftLogWorker (SegmentedRaftLogWorker.java:execute(558)) - 6d234f4d-474a-4c74-a9e9-8f3885fce584@group-5AA8DAB94A1F-SegmentedRaftLogWorker: Rolled log segment from /home/runner/work/ozone/ozone/hadoop-ozone/integration-test/target/test-dir/MiniOzoneClusterImpl-36b87918-66c6-4e2c-9c49-5aa8dab94a1f/scmNode-2/scm-ha/36b87918-66c6-4e2c-9c49-5aa8dab94a1f/current/log_inprogress_0 to /home/runner/work/ozone/ozone/hadoop-ozone/integration-test/target/test-dir/MiniOzoneClusterImpl-36b87918-66c6-4e2c-9c49-5aa8dab94a1f/scmNode-2/scm-ha/36b87918-66c6-4e2c-9c49-5aa8dab94a1f/current/log_0-0
2021-10-05 13:24:50,932 [6d234f4d-474a-4c74-a9e9-8f3885fce584@group-5AA8DAB94A1F-SegmentedRaftLogWorker] INFO  segmented.SegmentedRaftLogWorker (SegmentedRaftLogWorker.java:execute(601)) - 6d234f4d-474a-4c74-a9e9-8f3885fce584@group-5AA8DAB94A1F-SegmentedRaftLogWorker: created new log segment /home/runner/work/ozone/ozone/hadoop-ozone/integration-test/target/test-dir/MiniOzoneClusterImpl-36b87918-66c6-4e2c-9c49-5aa8dab94a1f/scmNode-2/scm-ha/36b87918-66c6-4e2c-9c49-5aa8dab94a1f/current/log_inprogress_1
2021-10-05 13:24:50,940 [6d234f4d-474a-4c74-a9e9-8f3885fce584@group-5AA8DAB94A1F-StateMachineUpdater] INFO  safemode.HealthyPipelineSafeModeRule (HealthyPipelineSafeModeRule.java:initializeRule(152)) - Refreshed total pipeline count is 0, healthy pipeline threshold count is 1
2021-10-05 13:24:50,940 [6d234f4d-474a-4c74-a9e9-8f3885fce584@group-5AA8DAB94A1F-StateMachineUpdater] INFO  safemode.ContainerSafeModeRule (ContainerSafeModeRule.java:reInitializeRule(177)) - Refreshed one replica container threshold 0, currentThreshold 0
2021-10-05 13:24:50,940 [6d234f4d-474a-4c74-a9e9-8f3885fce584@group-5AA8DAB94A1F-StateMachineUpdater] INFO  safemode.OneReplicaPipelineSafeModeRule (OneReplicaPipelineSafeModeRule.java:initializeRule(176)) - Refreshed Total pipeline count is 0, pipeline's with at least one datanode reported threshold count is 0
2021-10-05 13:24:50,940 [6d234f4d-474a-4c74-a9e9-8f3885fce584@group-5AA8DAB94A1F-StateMachineUpdater] INFO  server.SCMDatanodeProtocolServer (SCMDatanodeProtocolServer.java:start(181)) - RPC server for DataNodes is listening at /0.0.0.0:13539
2021-10-05 13:24:50,943 [IPC Server listener on 13539] INFO  ipc.Server (Server.java:run(1344)) - IPC Server listener on 13539: starting
2021-10-05 13:24:50,946 [21490b65-0a55-46f3-b94a-dd719a327c14@group-5AA8DAB94A1F-LeaderStateImpl] INFO  server.RaftServer$Division (ServerState.java:setRaftConf(387)) - 21490b65-0a55-46f3-b94a-dd719a327c14@group-5AA8DAB94A1F: set configuration 3: [21490b65-0a55-46f3-b94a-dd719a327c14|rpc:localhost:13528|admin:|client:|dataStream:|priority:0, 6d234f4d-474a-4c74-a9e9-8f3885fce584|rpc:localhost:13538|priority:0], old=[21490b65-0a55-46f3-b94a-dd719a327c14|rpc:localhost:13528|admin:|client:|dataStream:|priority:0]
2021-10-05 13:24:50,947 [grpc-default-executor-2] INFO  server.RaftServer$Division (ServerState.java:setRaftConf(387)) - 6d234f4d-474a-4c74-a9e9-8f3885fce584@group-5AA8DAB94A1F: set configuration 3: [21490b65-0a55-46f3-b94a-dd719a327c14|rpc:localhost:13528|admin:|client:|dataStream:|priority:0, 6d234f4d-474a-4c74-a9e9-8f3885fce584|rpc:localhost:13538|admin:|client:|dataStream:|priority:0], old=[21490b65-0a55-46f3-b94a-dd719a327c14|rpc:localhost:13528|admin:|client:|dataStream:|priority:0]
2021-10-05 13:24:50,949 [21490b65-0a55-46f3-b94a-dd719a327c14@group-5AA8DAB94A1F-LeaderStateImpl] INFO  server.RaftServer$Division (ServerState.java:setRaftConf(387)) - 21490b65-0a55-46f3-b94a-dd719a327c14@group-5AA8DAB94A1F: set configuration 5: [21490b65-0a55-46f3-b94a-dd719a327c14|rpc:localhost:13528|admin:|client:|dataStream:|priority:0, 6d234f4d-474a-4c74-a9e9-8f3885fce584|rpc:localhost:13538|priority:0], old=null
2021-10-05 13:24:50,950 [grpc-default-executor-2] INFO  server.RaftServer$Division (ServerState.java:setRaftConf(387)) - 6d234f4d-474a-4c74-a9e9-8f3885fce584@group-5AA8DAB94A1F: set configuration 5: [21490b65-0a55-46f3-b94a-dd719a327c14|rpc:localhost:13528|admin:|client:|dataStream:|priority:0, 6d234f4d-474a-4c74-a9e9-8f3885fce584|rpc:localhost:13538|admin:|client:|dataStream:|priority:0], old=null
2021-10-05 13:24:50,952 [IPC Server Responder] INFO  ipc.Server (Server.java:run(1507)) - IPC Server Responder: starting
2021-10-05 13:24:50,987 [IPC Server handler 3 on default port 13530] INFO  ha.SCMRatisServerImpl (SCMRatisServerImpl.java:addSCM(302)) - Successfully added new SCM: 6d234f4d-474a-4c74-a9e9-8f3885fce584.
2021-10-05 13:24:50,988 [21490b65-0a55-46f3-b94a-dd719a327c14@group-5AA8DAB94A1F-StateMachineUpdater] INFO  ha.SCMStateMachine (SCMStateMachine.java:takeSnapshot(290)) - Current Snapshot Index 5, takeSnapshot took 0 ms
2021-10-05 13:24:50,988 [21490b65-0a55-46f3-b94a-dd719a327c14@group-5AA8DAB94A1F-StateMachineUpdater] INFO  impl.StateMachineUpdater (StateMachineUpdater.java:takeSnapshot(281)) - 21490b65-0a55-46f3-b94a-dd719a327c14@group-5AA8DAB94A1F-StateMachineUpdater: Took a snapshot at index 5
2021-10-05 13:24:50,988 [21490b65-0a55-46f3-b94a-dd719a327c14@group-5AA8DAB94A1F-StateMachineUpdater] INFO  impl.StateMachineUpdater (StateMachineUpdater.java:lambda$new$0(89)) - 21490b65-0a55-46f3-b94a-dd719a327c14@group-5AA8DAB94A1F-StateMachineUpdater: snapshotIndex: updateIncreasingly -1 -> 5
2021-10-05 13:24:50,988 [21490b65-0a55-46f3-b94a-dd719a327c14@group-5AA8DAB94A1F-StateMachineUpdater] INFO  raftlog.RaftLog (RaftLogBase.java:purge(306)) - 21490b65-0a55-46f3-b94a-dd719a327c14@group-5AA8DAB94A1F-SegmentedRaftLog: purge 5
2021-10-05 13:24:50,988 [21490b65-0a55-46f3-b94a-dd719a327c14@group-5AA8DAB94A1F-StateMachineUpdater] INFO  raftlog.RaftLog (RaftLogBase.java:lambda$new$0(53)) - 21490b65-0a55-46f3-b94a-dd719a327c14@group-5AA8DAB94A1F-SegmentedRaftLog: snapshotIndex: updateIncreasingly -1 -> 5
2021-10-05 13:24:50,989 [Listener at 0.0.0.0/13541] INFO  ha.SCMHAManagerImpl (SCMHAManagerImpl.java:start(116)) - Successfully added SCM scmNode-2 to group group-5AA8DAB94A1F:[21490b65-0a55-46f3-b94a-dd719a327c14|rpc:localhost:13528|admin:|client:|dataStream:|priority:0, 6d234f4d-474a-4c74-a9e9-8f3885fce584|rpc:localhost:13538|admin:|client:|dataStream:|priority:0]
2021-10-05 13:24:50,989 [Listener at 0.0.0.0/13541] INFO  ha.InterSCMGrpcService (InterSCMGrpcProtocolService.java:start(94)) - Starting SCM Grpc Service at port 13542
2021-10-05 13:24:50,989 [21490b65-0a55-46f3-b94a-dd719a327c14@group-5AA8DAB94A1F-SegmentedRaftLogWorker] INFO  raftlog.RaftLog (RaftLogBase.java:lambda$new$0(53)) - 21490b65-0a55-46f3-b94a-dd719a327c14@group-5AA8DAB94A1F-SegmentedRaftLog: purgeIndex: updateToMax old=-1, new=0, updated? true
2021-10-05 13:24:51,001 [Listener at 0.0.0.0/13541] INFO  impl.MetricsSystemImpl (MetricsSystemImpl.java:init(158)) - StorageContainerManager metrics system started (again)
2021-10-05 13:24:51,012 [6d234f4d-474a-4c74-a9e9-8f3885fce584@group-5AA8DAB94A1F-StateMachineUpdater] INFO  ha.SCMStateMachine (SCMStateMachine.java:takeSnapshot(290)) - Current Snapshot Index 5, takeSnapshot took 0 ms
2021-10-05 13:24:51,012 [6d234f4d-474a-4c74-a9e9-8f3885fce584@group-5AA8DAB94A1F-StateMachineUpdater] INFO  impl.StateMachineUpdater (StateMachineUpdater.java:takeSnapshot(281)) - 6d234f4d-474a-4c74-a9e9-8f3885fce584@group-5AA8DAB94A1F-StateMachineUpdater: Took a snapshot at index 5
2021-10-05 13:24:51,012 [6d234f4d-474a-4c74-a9e9-8f3885fce584@group-5AA8DAB94A1F-StateMachineUpdater] INFO  impl.StateMachineUpdater (StateMachineUpdater.java:lambda$new$0(89)) - 6d234f4d-474a-4c74-a9e9-8f3885fce584@group-5AA8DAB94A1F-StateMachineUpdater: snapshotIndex: updateIncreasingly -1 -> 5
2021-10-05 13:24:51,012 [6d234f4d-474a-4c74-a9e9-8f3885fce584@group-5AA8DAB94A1F-StateMachineUpdater] INFO  raftlog.RaftLog (RaftLogBase.java:purge(306)) - 6d234f4d-474a-4c74-a9e9-8f3885fce584@group-5AA8DAB94A1F-SegmentedRaftLog: purge 5
2021-10-05 13:24:51,012 [6d234f4d-474a-4c74-a9e9-8f3885fce584@group-5AA8DAB94A1F-StateMachineUpdater] INFO  raftlog.RaftLog (RaftLogBase.java:lambda$new$0(53)) - 6d234f4d-474a-4c74-a9e9-8f3885fce584@group-5AA8DAB94A1F-SegmentedRaftLog: snapshotIndex: updateIncreasingly -1 -> 5
2021-10-05 13:24:51,012 [6d234f4d-474a-4c74-a9e9-8f3885fce584@group-5AA8DAB94A1F-SegmentedRaftLogWorker] INFO  raftlog.RaftLog (RaftLogBase.java:lambda$new$0(53)) - 6d234f4d-474a-4c74-a9e9-8f3885fce584@group-5AA8DAB94A1F-SegmentedRaftLog: purgeIndex: updateToMax old=-1, new=0, updated? true
2021-10-05 13:24:51,025 [Listener at 0.0.0.0/13541] INFO  server.SCMClientProtocolServer (SCMClientProtocolServer.java:start(164)) - RPC server for Client  is listening at /0.0.0.0:13541
2021-10-05 13:24:51,026 [IPC Server Responder] INFO  ipc.Server (Server.java:run(1507)) - IPC Server Responder: starting
2021-10-05 13:24:51,026 [IPC Server listener on 13541] INFO  ipc.Server (Server.java:run(1344)) - IPC Server listener on 13541: starting
2021-10-05 13:24:51,060 [Listener at 0.0.0.0/13541] INFO  server.StorageContainerManager (StorageContainerManager.java:start(1318)) - ScmBlockLocationProtocol RPC server is listening at /0.0.0.0:13540
2021-10-05 13:24:51,060 [Listener at 0.0.0.0/13541] INFO  server.SCMBlockProtocolServer (SCMBlockProtocolServer.java:start(151)) - RPC server for Block Protocol is listening at /0.0.0.0:13540
2021-10-05 13:24:51,061 [IPC Server Responder] INFO  ipc.Server (Server.java:run(1507)) - IPC Server Responder: starting
2021-10-05 13:24:51,061 [IPC Server listener on 13540] INFO  ipc.Server (Server.java:run(1344)) - IPC Server listener on 13540: starting
2021-10-05 13:24:51,062 [Listener at 0.0.0.0/13541] INFO  server.StorageContainerManager (StorageContainerManager.java:start(1324)) - ScmDatanodeProtocl RPC server is listening at /0.0.0.0:13539
2021-10-05 13:24:51,068 [Listener at 0.0.0.0/13541] INFO  http.BaseHttpServer (BaseHttpServer.java:newHttpServer2BuilderForOzone(209)) - Starting Web-server for scm at: http://0.0.0.0:13536
2021-10-05 13:24:51,068 [Listener at 0.0.0.0/13541] INFO  http.BaseHttpServer (BaseHttpServer.java:<init>(107)) - Hadoop Security Enabled: false Ozone Security Enabled: false Ozone HTTP Security Enabled: false 
2021-10-05 13:24:51,069 [Listener at 0.0.0.0/13541] INFO  server.AuthenticationFilter (AuthenticationFilter.java:constructSecretProvider(240)) - Unable to initialize FileSignerSecretProvider, falling back to use random secrets.
2021-10-05 13:24:51,073 [Listener at 0.0.0.0/13541] WARN  http.HttpRequestLog (HttpRequestLog.java:getRequestLog(103)) - Jetty request log can only be enabled using Log4j
2021-10-05 13:24:51,074 [Listener at 0.0.0.0/13541] INFO  http.HttpServer2 (HttpServer2.java:addGlobalFilter(1030)) - Added global filter 'safety' (class=org.apache.hadoop.hdds.server.http.HttpServer2$QuotingInputFilter)
2021-10-05 13:24:51,075 [Listener at 0.0.0.0/13541] INFO  http.HttpServer2 (HttpServer2.java:addFilter(1006)) - Added filter static_user_filter (class=org.apache.hadoop.http.lib.StaticUserWebFilter$StaticUserFilter) to context scm
2021-10-05 13:24:51,076 [Listener at 0.0.0.0/13541] INFO  http.HttpServer2 (HttpServer2.java:addFilter(1014)) - Added filter static_user_filter (class=org.apache.hadoop.http.lib.StaticUserWebFilter$StaticUserFilter) to context logs
2021-10-05 13:24:51,076 [Listener at 0.0.0.0/13541] INFO  http.HttpServer2 (HttpServer2.java:addFilter(1014)) - Added filter static_user_filter (class=org.apache.hadoop.http.lib.StaticUserWebFilter$StaticUserFilter) to context static
2021-10-05 13:24:51,076 [Listener at 0.0.0.0/13541] INFO  http.HttpServer2 (HttpServer2.java:bindListener(1249)) - Jetty bound to port 13536
2021-10-05 13:24:51,077 [Listener at 0.0.0.0/13541] INFO  server.Server (Server.java:doStart(375)) - jetty-9.4.43.v20210629; built: 2021-06-30T11:07:22.254Z; git: 526006ecfa3af7f1a27ef3a288e2bef7ea9dd7e8; jvm 1.8.0_292-b10
2021-10-05 13:24:51,087 [org.apache.hadoop.util.JvmPauseMonitor$Monitor@3fc6ae7b] INFO  util.JvmPauseMonitor (JvmPauseMonitor.java:run(188)) - Starting JVM pause monitor
2021-10-05 13:24:51,118 [Listener at 0.0.0.0/13541] INFO  server.session (DefaultSessionIdManager.java:doStart(334)) - DefaultSessionIdManager workerName=node0
2021-10-05 13:24:51,118 [Listener at 0.0.0.0/13541] INFO  server.session (DefaultSessionIdManager.java:doStart(339)) - No SessionScavenger set, using defaults
2021-10-05 13:24:51,118 [Listener at 0.0.0.0/13541] INFO  server.session (HouseKeeper.java:startScavenging(132)) - node0 Scavenging every 660000ms
2021-10-05 13:24:51,120 [Listener at 0.0.0.0/13541] INFO  handler.ContextHandler (ContextHandler.java:doStart(915)) - Started o.e.j.s.ServletContextHandler@76838ab3{logs,/logs,file:///home/runner/work/ozone/ozone/hadoop-ozone/integration-test/target/log,AVAILABLE}
2021-10-05 13:24:51,120 [Listener at 0.0.0.0/13541] INFO  handler.ContextHandler (ContextHandler.java:doStart(915)) - Started o.e.j.s.ServletContextHandler@48cea80f{static,/static,file:///home/runner/work/ozone/ozone/hadoop-ozone/integration-test/target/test-classes/webapps/static,AVAILABLE}
2021-10-05 13:24:51,127 [Listener at 0.0.0.0/13541] INFO  handler.ContextHandler (ContextHandler.java:doStart(915)) - Started o.e.j.w.WebAppContext@14c4b3e1{scm,/,file:///home/runner/work/ozone/ozone/hadoop-ozone/integration-test/target/test-classes/webapps/scm/,AVAILABLE}{file:/home/runner/work/ozone/ozone/hadoop-ozone/integration-test/target/test-classes/webapps/scm}
2021-10-05 13:24:51,130 [Listener at 0.0.0.0/13541] INFO  server.AbstractConnector (AbstractConnector.java:doStart(331)) - Started ServerConnector@4dfb114e{HTTP/1.1, (http/1.1)}{0.0.0.0:13536}
2021-10-05 13:24:51,139 [Listener at 0.0.0.0/13541] INFO  server.Server (Server.java:doStart(415)) - Started @84798ms
2021-10-05 13:24:51,139 [Listener at 0.0.0.0/13541] WARN  impl.MetricsSystemImpl (MetricsSystemImpl.java:register(279)) - Sink prometheus already exists!
2021-10-05 13:24:51,140 [Listener at 0.0.0.0/13541] INFO  http.BaseHttpServer (BaseHttpServer.java:updateConnectorAddress(329)) - HTTP server of scm listening at http://0.0.0.0:13536
2021-10-05 13:24:51,140 [Listener at 0.0.0.0/13541] INFO  ozone.MiniOzoneHAClusterImpl (MiniOzoneHAClusterImpl.java:createSCMService(564)) - Started SCM RPC server at org.apache.hadoop.hdds.scm.server.SCMClientProtocolServer@8119d43
2021-10-05 13:24:51,144 [Listener at 0.0.0.0/13541] INFO  ha.SCMHANodeDetails (SCMHANodeDetails.java:loadSCMHAConfig(157)) - ServiceID for StorageContainerManager is scm-service-test1
2021-10-05 13:24:51,144 [Listener at 0.0.0.0/13541] INFO  ha.SCMHANodeDetails (SCMHANodeDetails.java:loadSCMHAConfig(168)) - ServiceID for StorageContainerManager is scm-service-test1
2021-10-05 13:24:51,144 [Listener at 0.0.0.0/13541] WARN  scm.ScmUtils (ScmUtils.java:logWarn(179)) - ConfigKey ozone.scm.block.client.address is deprecated, For configuring different ports for each SCM use PortConfigKey ozone.scm.block.client.port appended with serviceId and nodeId. If want to configure same port configure ozone.scm.block.client.port
2021-10-05 13:24:51,144 [Listener at 0.0.0.0/13541] WARN  scm.ScmUtils (ScmUtils.java:logWarn(179)) - ConfigKey ozone.scm.client.address is deprecated, For configuring different ports for each SCM use PortConfigKey ozone.scm.client.port appended with serviceId and nodeId. If want to configure same port configure ozone.scm.client.port
2021-10-05 13:24:51,145 [Listener at 0.0.0.0/13541] WARN  scm.ScmUtils (ScmUtils.java:logWarn(179)) - ConfigKey ozone.scm.datanode.address is deprecated, For configuring different ports for each SCM use PortConfigKey ozone.scm.datanode.port appended with serviceId and nodeId. If want to configure same port configure ozone.scm.datanode.port
2021-10-05 13:24:51,145 [Listener at 0.0.0.0/13541] WARN  scm.ScmUtils (ScmUtils.java:logWarn(179)) - ConfigKey ozone.scm.block.client.address is deprecated, For configuring different ports for each SCM use PortConfigKey ozone.scm.block.client.port appended with serviceId and nodeId. If want to configure same port configure ozone.scm.block.client.port
2021-10-05 13:24:51,145 [Listener at 0.0.0.0/13541] WARN  scm.ScmUtils (ScmUtils.java:logWarn(179)) - ConfigKey ozone.scm.client.address is deprecated, For configuring different ports for each SCM use PortConfigKey ozone.scm.client.port appended with serviceId and nodeId. If want to configure same port configure ozone.scm.client.port
2021-10-05 13:24:51,145 [Listener at 0.0.0.0/13541] WARN  scm.ScmUtils (ScmUtils.java:logWarn(179)) - ConfigKey ozone.scm.datanode.address is deprecated, For configuring different ports for each SCM use PortConfigKey ozone.scm.datanode.port appended with serviceId and nodeId. If want to configure same port configure ozone.scm.datanode.port
2021-10-05 13:24:51,145 [Listener at 0.0.0.0/13541] INFO  ha.SCMHANodeDetails (SCMHANodeDetails.java:loadSCMHAConfig(250)) - Found matching SCM address with SCMServiceId: scm-service-test1, SCMNodeId: scmNode-3, RPC Address: localhost:13548 and Ratis port: 13548
2021-10-05 13:24:51,145 [Listener at 0.0.0.0/13541] INFO  ha.SCMHANodeDetails (ConfUtils.java:setNodeSpecificConfigs(108)) - Setting configuration key ozone.scm.datanode.address with value of key ozone.scm.datanode.address.scm-service-test1.scmNode-3: 127.0.0.1:13549
2021-10-05 13:24:51,145 [Listener at 0.0.0.0/13541] INFO  ha.SCMHANodeDetails (ConfUtils.java:setNodeSpecificConfigs(108)) - Setting configuration key ozone.scm.block.client.address with value of key ozone.scm.block.client.address.scm-service-test1.scmNode-3: 127.0.0.1:13550
2021-10-05 13:24:51,146 [Listener at 0.0.0.0/13541] INFO  ha.SCMHANodeDetails (ConfUtils.java:setNodeSpecificConfigs(108)) - Setting configuration key ozone.scm.client.address with value of key ozone.scm.client.address.scm-service-test1.scmNode-3: 127.0.0.1:13551
2021-10-05 13:24:51,146 [Listener at 0.0.0.0/13541] INFO  ha.SCMHANodeDetails (ConfUtils.java:setNodeSpecificConfigs(108)) - Setting configuration key ozone.scm.ratis.port with value of key ozone.scm.ratis.port.scm-service-test1.scmNode-3: 13548
2021-10-05 13:24:51,146 [Listener at 0.0.0.0/13541] INFO  ha.SCMHANodeDetails (ConfUtils.java:setNodeSpecificConfigs(108)) - Setting configuration key ozone.scm.grpc.port with value of key ozone.scm.grpc.port.scm-service-test1.scmNode-3: 13552
2021-10-05 13:24:51,146 [Listener at 0.0.0.0/13541] INFO  ha.SCMHANodeDetails (ConfUtils.java:setNodeSpecificConfigs(108)) - Setting configuration key ozone.scm.http-address with value of key ozone.scm.http-address.scm-service-test1.scmNode-3: 127.0.0.1:13546
2021-10-05 13:24:51,146 [Listener at 0.0.0.0/13541] INFO  ha.SCMHANodeDetails (ConfUtils.java:setNodeSpecificConfigs(108)) - Setting configuration key ozone.scm.https-address with value of key ozone.scm.https-address.scm-service-test1.scmNode-3: 127.0.0.1:13547
2021-10-05 13:24:51,146 [Listener at 0.0.0.0/13541] INFO  ha.SCMHANodeDetails (ConfUtils.java:setNodeSpecificConfigs(108)) - Setting configuration key ozone.scm.address with value of key ozone.scm.address.scm-service-test1.scmNode-3: 127.0.0.1
2021-10-05 13:24:51,146 [Listener at 0.0.0.0/13541] WARN  scm.ScmUtils (ScmUtils.java:logWarn(179)) - ConfigKey ozone.scm.block.client.address is deprecated, For configuring different ports for each SCM use PortConfigKey ozone.scm.block.client.port appended with serviceId and nodeId. If want to configure same port configure ozone.scm.block.client.port
2021-10-05 13:24:51,146 [Listener at 0.0.0.0/13541] WARN  scm.ScmUtils (ScmUtils.java:logWarn(179)) - ConfigKey ozone.scm.client.address is deprecated, For configuring different ports for each SCM use PortConfigKey ozone.scm.client.port appended with serviceId and nodeId. If want to configure same port configure ozone.scm.client.port
2021-10-05 13:24:51,147 [Listener at 0.0.0.0/13541] WARN  scm.ScmUtils (ScmUtils.java:logWarn(179)) - ConfigKey ozone.scm.datanode.address is deprecated, For configuring different ports for each SCM use PortConfigKey ozone.scm.datanode.port appended with serviceId and nodeId. If want to configure same port configure ozone.scm.datanode.port
2021-10-05 13:24:51,149 [Listener at 0.0.0.0/13541] WARN  server.ServerUtils (ServerUtils.java:getScmDbDir(148)) - ozone.scm.db.dirs is not configured. We recommend adding this setting. Falling back to ozone.metadata.dirs instead.
2021-10-05 13:24:51,152 [Listener at 0.0.0.0/13541] INFO  ha.SCMNodeInfo (SCMNodeInfo.java:getPort(197)) - ConfigKey ozone.scm.client.address is deprecated, For configuring different ports for each SCM use PortConfigKey ozone.scm.client.port appended with serviceId and nodeId
2021-10-05 13:24:51,152 [Listener at 0.0.0.0/13541] INFO  ha.SCMNodeInfo (SCMNodeInfo.java:getPort(197)) - ConfigKey ozone.scm.block.client.address is deprecated, For configuring different ports for each SCM use PortConfigKey ozone.scm.block.client.port appended with serviceId and nodeId
2021-10-05 13:24:51,152 [Listener at 0.0.0.0/13541] INFO  ha.SCMNodeInfo (SCMNodeInfo.java:getPort(197)) - ConfigKey ozone.scm.datanode.address is deprecated, For configuring different ports for each SCM use PortConfigKey ozone.scm.datanode.port appended with serviceId and nodeId
2021-10-05 13:24:51,153 [Listener at 0.0.0.0/13541] INFO  ha.SCMNodeInfo (SCMNodeInfo.java:getPort(197)) - ConfigKey ozone.scm.client.address is deprecated, For configuring different ports for each SCM use PortConfigKey ozone.scm.client.port appended with serviceId and nodeId
2021-10-05 13:24:51,153 [Listener at 0.0.0.0/13541] INFO  ha.SCMNodeInfo (SCMNodeInfo.java:getPort(197)) - ConfigKey ozone.scm.block.client.address is deprecated, For configuring different ports for each SCM use PortConfigKey ozone.scm.block.client.port appended with serviceId and nodeId
2021-10-05 13:24:51,153 [Listener at 0.0.0.0/13541] INFO  ha.SCMNodeInfo (SCMNodeInfo.java:getPort(197)) - ConfigKey ozone.scm.datanode.address is deprecated, For configuring different ports for each SCM use PortConfigKey ozone.scm.datanode.port appended with serviceId and nodeId
2021-10-05 13:24:51,153 [Listener at 0.0.0.0/13541] INFO  ha.SCMNodeInfo (SCMNodeInfo.java:getPort(197)) - ConfigKey ozone.scm.client.address is deprecated, For configuring different ports for each SCM use PortConfigKey ozone.scm.client.port appended with serviceId and nodeId
2021-10-05 13:24:51,153 [Listener at 0.0.0.0/13541] INFO  ha.SCMNodeInfo (SCMNodeInfo.java:getPort(197)) - ConfigKey ozone.scm.block.client.address is deprecated, For configuring different ports for each SCM use PortConfigKey ozone.scm.block.client.port appended with serviceId and nodeId
2021-10-05 13:24:51,153 [Listener at 0.0.0.0/13541] INFO  ha.SCMNodeInfo (SCMNodeInfo.java:getPort(197)) - ConfigKey ozone.scm.datanode.address is deprecated, For configuring different ports for each SCM use PortConfigKey ozone.scm.datanode.port appended with serviceId and nodeId
2021-10-05 13:24:51,174 [Listener at 0.0.0.0/13541] INFO  server.StorageContainerManager (StorageContainerManager.java:scmBootstrap(987)) - SCM BootStrap  is successful for ClusterID 36b87918-66c6-4e2c-9c49-5aa8dab94a1f, SCMID b6de9022-5a0e-4aec-a94e-4e214b276ef3
2021-10-05 13:24:51,174 [Listener at 0.0.0.0/13541] INFO  server.StorageContainerManager (StorageContainerManager.java:scmBootstrap(989)) - Primary SCM Node ID 21490b65-0a55-46f3-b94a-dd719a327c14
2021-10-05 13:24:51,174 [Listener at 0.0.0.0/13541] INFO  ha.SCMHANodeDetails (SCMHANodeDetails.java:loadSCMHAConfig(157)) - ServiceID for StorageContainerManager is scm-service-test1
2021-10-05 13:24:51,174 [Listener at 0.0.0.0/13541] INFO  ha.SCMHANodeDetails (SCMHANodeDetails.java:loadSCMHAConfig(168)) - ServiceID for StorageContainerManager is scm-service-test1
2021-10-05 13:24:51,174 [Listener at 0.0.0.0/13541] WARN  scm.ScmUtils (ScmUtils.java:logWarn(179)) - ConfigKey ozone.scm.block.client.address is deprecated, For configuring different ports for each SCM use PortConfigKey ozone.scm.block.client.port appended with serviceId and nodeId. If want to configure same port configure ozone.scm.block.client.port
2021-10-05 13:24:51,174 [Listener at 0.0.0.0/13541] WARN  scm.ScmUtils (ScmUtils.java:logWarn(179)) - ConfigKey ozone.scm.client.address is deprecated, For configuring different ports for each SCM use PortConfigKey ozone.scm.client.port appended with serviceId and nodeId. If want to configure same port configure ozone.scm.client.port
2021-10-05 13:24:51,175 [Listener at 0.0.0.0/13541] WARN  scm.ScmUtils (ScmUtils.java:logWarn(179)) - ConfigKey ozone.scm.datanode.address is deprecated, For configuring different ports for each SCM use PortConfigKey ozone.scm.datanode.port appended with serviceId and nodeId. If want to configure same port configure ozone.scm.datanode.port
2021-10-05 13:24:51,175 [Listener at 0.0.0.0/13541] WARN  scm.ScmUtils (ScmUtils.java:logWarn(179)) - ConfigKey ozone.scm.block.client.address is deprecated, For configuring different ports for each SCM use PortConfigKey ozone.scm.block.client.port appended with serviceId and nodeId. If want to configure same port configure ozone.scm.block.client.port
2021-10-05 13:24:51,175 [Listener at 0.0.0.0/13541] WARN  scm.ScmUtils (ScmUtils.java:logWarn(179)) - ConfigKey ozone.scm.client.address is deprecated, For configuring different ports for each SCM use PortConfigKey ozone.scm.client.port appended with serviceId and nodeId. If want to configure same port configure ozone.scm.client.port
2021-10-05 13:24:51,175 [Listener at 0.0.0.0/13541] WARN  scm.ScmUtils (ScmUtils.java:logWarn(179)) - ConfigKey ozone.scm.datanode.address is deprecated, For configuring different ports for each SCM use PortConfigKey ozone.scm.datanode.port appended with serviceId and nodeId. If want to configure same port configure ozone.scm.datanode.port
2021-10-05 13:24:51,175 [Listener at 0.0.0.0/13541] INFO  ha.SCMHANodeDetails (SCMHANodeDetails.java:loadSCMHAConfig(250)) - Found matching SCM address with SCMServiceId: scm-service-test1, SCMNodeId: scmNode-3, RPC Address: localhost:13548 and Ratis port: 13548
2021-10-05 13:24:51,176 [Listener at 0.0.0.0/13541] INFO  ha.SCMHANodeDetails (ConfUtils.java:setNodeSpecificConfigs(108)) - Setting configuration key ozone.scm.datanode.address with value of key ozone.scm.datanode.address.scm-service-test1.scmNode-3: 127.0.0.1:13549
2021-10-05 13:24:51,176 [Listener at 0.0.0.0/13541] INFO  ha.SCMHANodeDetails (ConfUtils.java:setNodeSpecificConfigs(108)) - Setting configuration key ozone.scm.block.client.address with value of key ozone.scm.block.client.address.scm-service-test1.scmNode-3: 127.0.0.1:13550
2021-10-05 13:24:51,176 [Listener at 0.0.0.0/13541] INFO  ha.SCMHANodeDetails (ConfUtils.java:setNodeSpecificConfigs(108)) - Setting configuration key ozone.scm.client.address with value of key ozone.scm.client.address.scm-service-test1.scmNode-3: 127.0.0.1:13551
2021-10-05 13:24:51,176 [Listener at 0.0.0.0/13541] INFO  ha.SCMHANodeDetails (ConfUtils.java:setNodeSpecificConfigs(108)) - Setting configuration key ozone.scm.ratis.port with value of key ozone.scm.ratis.port.scm-service-test1.scmNode-3: 13548
2021-10-05 13:24:51,176 [Listener at 0.0.0.0/13541] INFO  ha.SCMHANodeDetails (ConfUtils.java:setNodeSpecificConfigs(108)) - Setting configuration key ozone.scm.grpc.port with value of key ozone.scm.grpc.port.scm-service-test1.scmNode-3: 13552
2021-10-05 13:24:51,176 [Listener at 0.0.0.0/13541] INFO  ha.SCMHANodeDetails (ConfUtils.java:setNodeSpecificConfigs(108)) - Setting configuration key ozone.scm.http-address with value of key ozone.scm.http-address.scm-service-test1.scmNode-3: 127.0.0.1:13546
2021-10-05 13:24:51,176 [Listener at 0.0.0.0/13541] INFO  ha.SCMHANodeDetails (ConfUtils.java:setNodeSpecificConfigs(108)) - Setting configuration key ozone.scm.https-address with value of key ozone.scm.https-address.scm-service-test1.scmNode-3: 127.0.0.1:13547
2021-10-05 13:24:51,177 [Listener at 0.0.0.0/13541] INFO  ha.SCMHANodeDetails (ConfUtils.java:setNodeSpecificConfigs(108)) - Setting configuration key ozone.scm.address with value of key ozone.scm.address.scm-service-test1.scmNode-3: 127.0.0.1
2021-10-05 13:24:51,177 [Listener at 0.0.0.0/13541] WARN  scm.ScmUtils (ScmUtils.java:logWarn(179)) - ConfigKey ozone.scm.block.client.address is deprecated, For configuring different ports for each SCM use PortConfigKey ozone.scm.block.client.port appended with serviceId and nodeId. If want to configure same port configure ozone.scm.block.client.port
2021-10-05 13:24:51,177 [Listener at 0.0.0.0/13541] WARN  scm.ScmUtils (ScmUtils.java:logWarn(179)) - ConfigKey ozone.scm.client.address is deprecated, For configuring different ports for each SCM use PortConfigKey ozone.scm.client.port appended with serviceId and nodeId. If want to configure same port configure ozone.scm.client.port
2021-10-05 13:24:51,177 [Listener at 0.0.0.0/13541] WARN  scm.ScmUtils (ScmUtils.java:logWarn(179)) - ConfigKey ozone.scm.datanode.address is deprecated, For configuring different ports for each SCM use PortConfigKey ozone.scm.datanode.port appended with serviceId and nodeId. If want to configure same port configure ozone.scm.datanode.port
2021-10-05 13:24:51,179 [Listener at 0.0.0.0/13541] WARN  server.ServerUtils (ServerUtils.java:getScmDbDir(148)) - ozone.scm.db.dirs is not configured. We recommend adding this setting. Falling back to ozone.metadata.dirs instead.
2021-10-05 13:24:51,179 [Listener at 0.0.0.0/13541] INFO  upgrade.AbstractLayoutVersionManager (AbstractLayoutVersionManager.java:init(79)) - Initializing Layout version manager with metadata layout = SCM_HA (version = 2), software layout = SCM_HA (version = 2)
2021-10-05 13:24:51,261 [Listener at 0.0.0.0/13541] INFO  reflections.Reflections (Reflections.java:scan(232)) - Reflections took 81 ms to scan 7 urls, producing 119 keys and 275 values 
2021-10-05 13:24:51,272 [Listener at 0.0.0.0/13541] WARN  utils.HAUtils (HAUtils.java:getMetaDir(342)) - ozone.scm.db.dirs is not configured. We recommend adding this setting. Falling back to ozone.metadata.dirs instead.
2021-10-05 13:24:51,274 [Listener at 0.0.0.0/13541] WARN  db.DBStoreBuilder (DBStoreBuilder.java:applyDBDefinition(145)) - ozone.scm.db.dirs is not configured. We recommend adding this setting. Falling back to ozone.metadata.dirs instead.
2021-10-05 13:24:51,431 [Listener at 0.0.0.0/13541] INFO  net.NodeSchemaLoader (NodeSchemaLoader.java:loadSchemaFromFile(129)) - Loading schema from [jar:file:/home/runner/.m2/repository/org/apache/ozone/hdds-common/1.2.0-SNAPSHOT/hdds-common-1.2.0-SNAPSHOT.jar!/network-topology-default.xml]
2021-10-05 13:24:51,431 [Listener at 0.0.0.0/13541] INFO  net.NodeSchemaLoader (NodeSchemaLoader.java:loadSchema(176)) - Loading network topology layer schema file
2021-10-05 13:24:51,435 [Listener at 0.0.0.0/13541] WARN  impl.MetricRegistriesImpl (MetricRegistriesImpl.java:addReporterRegistration(111)) - New reporters are added after registries were created. Some metrics will be missing from the reporter. Please add reporter before adding any new registry.
2021-10-05 13:24:51,436 [Listener at 0.0.0.0/13541] WARN  impl.MetricRegistriesImpl (MetricRegistriesImpl.java:addReporterRegistration(111)) - New reporters are added after registries were created. Some metrics will be missing from the reporter. Please add reporter before adding any new registry.
2021-10-05 13:24:51,437 [Listener at 0.0.0.0/13541] INFO  ha.SCMRatisServerImpl (SCMRatisServerImpl.java:<init>(87)) - starting Raft server for scm:b6de9022-5a0e-4aec-a94e-4e214b276ef3
2021-10-05 13:24:51,438 [Listener at 0.0.0.0/13541] INFO  server.RaftServer (ConfUtils.java:logGet(44)) - raft.rpc.type = GRPC (default)
2021-10-05 13:24:51,439 [Listener at 0.0.0.0/13541] INFO  grpc.GrpcFactory (GrpcFactory.java:checkPooledByteBufAllocatorUseCacheForAllThreads(48)) - PERFORMANCE WARNING: useCacheForAllThreads is true that may cause Netty to create a lot garbage objects and, as a result, trigger GC.
	It is recommended to disable useCacheForAllThreads by setting -Dorg.apache.ratis.thirdparty.io.netty.allocator.useCacheForAllThreads=false in command line.
2021-10-05 13:24:51,439 [Listener at 0.0.0.0/13541] INFO  grpc.GrpcConfigKeys (ConfUtils.java:logGet(44)) - raft.grpc.admin.port = -1 (default)
2021-10-05 13:24:51,439 [Listener at 0.0.0.0/13541] INFO  grpc.GrpcConfigKeys (ConfUtils.java:logGet(44)) - raft.grpc.server.port = 13548 (custom)
2021-10-05 13:24:51,440 [Listener at 0.0.0.0/13541] INFO  grpc.GrpcConfigKeys (ConfUtils.java:logGet(44)) - raft.grpc.client.port = -1 (default)
2021-10-05 13:24:51,440 [Listener at 0.0.0.0/13541] INFO  grpc.GrpcConfigKeys (ConfUtils.java:logGet(44)) - raft.grpc.server.port = 13548 (custom)
2021-10-05 13:24:51,440 [Listener at 0.0.0.0/13541] INFO  grpc.GrpcConfigKeys (ConfUtils.java:logGet(44)) - raft.grpc.server.port = 13548 (custom)
2021-10-05 13:24:51,440 [Listener at 0.0.0.0/13541] INFO  server.GrpcService (ConfUtils.java:logGet(44)) - raft.grpc.message.size.max = 32m (=33554432) (custom)
2021-10-05 13:24:51,440 [Listener at 0.0.0.0/13541] INFO  server.RaftServerConfigKeys (ConfUtils.java:logGet(44)) - raft.server.log.appender.buffer.byte-limit = 33554432 (custom)
2021-10-05 13:24:51,440 [Listener at 0.0.0.0/13541] INFO  server.GrpcService (ConfUtils.java:logGet(44)) - raft.grpc.flow.control.window = 1MB (=1048576) (default)
2021-10-05 13:24:51,441 [Listener at 0.0.0.0/13541] INFO  server.RaftServerConfigKeys (ConfUtils.java:logGet(44)) - raft.server.rpc.request.timeout = 30000ms (custom)
2021-10-05 13:24:51,442 [Listener at 0.0.0.0/13541] INFO  impl.DataStreamServerImpl (ConfUtils.java:logGet(44)) - raft.datastream.type = DISABLED (default)
2021-10-05 13:24:51,442 [Listener at 0.0.0.0/13541] INFO  server.RaftServerConfigKeys (ConfUtils.java:logGet(44)) - raft.server.rpc.slowness.timeout = 120000ms (custom)
2021-10-05 13:24:51,442 [Listener at 0.0.0.0/13541] INFO  server.RaftServerConfigKeys (ConfUtils.java:logGet(44)) - raft.server.leaderelection.leader.step-down.wait-time = 10s (default)
2021-10-05 13:24:51,442 [Listener at 0.0.0.0/13541] INFO  server.RaftServerConfigKeys (ConfUtils.java:logGet(44)) - raft.server.storage.dir = [/home/runner/work/ozone/ozone/hadoop-ozone/integration-test/target/test-dir/MiniOzoneClusterImpl-36b87918-66c6-4e2c-9c49-5aa8dab94a1f/scmNode-3/scm-ha] (custom)
2021-10-05 13:24:51,443 [Listener at 0.0.0.0/13541] INFO  server.RaftServer (RaftServerProxy.java:addNew(95)) - b6de9022-5a0e-4aec-a94e-4e214b276ef3: addNew group-5AA8DAB94A1F:[] returns group-5AA8DAB94A1F:java.util.concurrent.CompletableFuture@30845b6d[Not completed]
2021-10-05 13:24:51,444 [pool-227-thread-1] INFO  server.RaftServer$Division (RaftServerImpl.java:<init>(181)) - b6de9022-5a0e-4aec-a94e-4e214b276ef3: new RaftServerImpl for group-5AA8DAB94A1F:[] with SCMStateMachine:uninitialized
2021-10-05 13:24:51,450 [pool-227-thread-1] INFO  server.RaftServerConfigKeys (ConfUtils.java:logGet(44)) - raft.server.rpc.timeout.min = 5000ms (custom)
2021-10-05 13:24:51,450 [pool-227-thread-1] INFO  server.RaftServerConfigKeys (ConfUtils.java:logGet(44)) - raft.server.rpc.timeout.max = 5200ms (custom)
2021-10-05 13:24:51,450 [pool-227-thread-1] INFO  server.RaftServerConfigKeys (ConfUtils.java:logGet(44)) - raft.server.rpc.sleep.time = 25ms (default)
2021-10-05 13:24:51,451 [pool-227-thread-1] INFO  server.RaftServerConfigKeys (ConfUtils.java:logGet(44)) - raft.server.rpc.slowness.timeout = 120000ms (custom)
2021-10-05 13:24:51,451 [pool-227-thread-1] INFO  server.RaftServerConfigKeys (ConfUtils.java:logGet(44)) - raft.server.leaderelection.leader.step-down.wait-time = 10s (default)
2021-10-05 13:24:51,451 [pool-227-thread-1] INFO  server.RaftServerConfigKeys (ConfUtils.java:logGet(44)) - raft.server.sleep.deviation.threshold = 300ms (default)
2021-10-05 13:24:51,451 [pool-227-thread-1] INFO  server.RaftServerConfigKeys (ConfUtils.java:logGet(44)) - raft.server.log.appender.install.snapshot.enabled = false (custom)
2021-10-05 13:24:51,451 [pool-227-thread-1] INFO  server.RaftServer$Division (ServerState.java:<init>(105)) - b6de9022-5a0e-4aec-a94e-4e214b276ef3@group-5AA8DAB94A1F: ConfigurationManager, init=-1: [], old=null, confs=<EMPTY_MAP>
2021-10-05 13:24:51,451 [pool-227-thread-1] INFO  server.RaftServerConfigKeys (ConfUtils.java:logGet(44)) - raft.server.storage.dir = [/home/runner/work/ozone/ozone/hadoop-ozone/integration-test/target/test-dir/MiniOzoneClusterImpl-36b87918-66c6-4e2c-9c49-5aa8dab94a1f/scmNode-3/scm-ha] (custom)
2021-10-05 13:24:51,451 [pool-227-thread-1] INFO  server.RaftServerConfigKeys (ConfUtils.java:logGet(44)) - raft.server.log.corruption.policy = EXCEPTION (default)
2021-10-05 13:24:51,451 [pool-227-thread-1] INFO  server.RaftServerConfigKeys (ConfUtils.java:logGet(44)) - raft.server.storage.free-space.min = 0MB (=0) (default)
2021-10-05 13:24:51,451 [pool-227-thread-1] INFO  storage.RaftStorageDirectory (RaftStorageDirectoryImpl.java:analyzeStorage(135)) - The storage directory /home/runner/work/ozone/ozone/hadoop-ozone/integration-test/target/test-dir/MiniOzoneClusterImpl-36b87918-66c6-4e2c-9c49-5aa8dab94a1f/scmNode-3/scm-ha/36b87918-66c6-4e2c-9c49-5aa8dab94a1f does not exist. Creating ...
2021-10-05 13:24:51,456 [pool-227-thread-1] INFO  storage.RaftStorageDirectory (RaftStorageDirectoryImpl.java:tryLock(230)) - Lock on /home/runner/work/ozone/ozone/hadoop-ozone/integration-test/target/test-dir/MiniOzoneClusterImpl-36b87918-66c6-4e2c-9c49-5aa8dab94a1f/scmNode-3/scm-ha/36b87918-66c6-4e2c-9c49-5aa8dab94a1f/in_use.lock acquired by nodename 17451@fv-az270-324
2021-10-05 13:24:51,462 [pool-227-thread-1] INFO  storage.RaftStorage (RaftStorageImpl.java:format(89)) - Storage directory /home/runner/work/ozone/ozone/hadoop-ozone/integration-test/target/test-dir/MiniOzoneClusterImpl-36b87918-66c6-4e2c-9c49-5aa8dab94a1f/scmNode-3/scm-ha/36b87918-66c6-4e2c-9c49-5aa8dab94a1f has been successfully formatted.
2021-10-05 13:24:51,462 [pool-227-thread-1] INFO  server.RaftServerConfigKeys (ConfUtils.java:logGet(44)) - raft.server.notification.no-leader.timeout = 60s (default)
2021-10-05 13:24:51,462 [pool-227-thread-1] INFO  server.RaftServerConfigKeys (ConfUtils.java:logGet(44)) - raft.server.log.use.memory = false (default)
2021-10-05 13:24:51,462 [pool-227-thread-1] INFO  server.RaftServerConfigKeys (ConfUtils.java:logGet(44)) - raft.server.log.purge.gap = 5 (custom)
2021-10-05 13:24:51,462 [pool-227-thread-1] INFO  server.RaftServerConfigKeys (ConfUtils.java:logGet(44)) - raft.server.log.appender.buffer.byte-limit = 33554432 (custom)
2021-10-05 13:24:51,462 [pool-227-thread-1] INFO  server.RaftServerConfigKeys (ConfUtils.java:logGet(44)) - raft.server.log.segment.size.max = 16384 (custom)
2021-10-05 13:24:51,463 [pool-227-thread-1] INFO  server.RaftServerConfigKeys (ConfUtils.java:logGet(44)) - raft.server.log.segment.cache.num.max = 2 (custom)
2021-10-05 13:24:51,463 [pool-227-thread-1] INFO  server.RaftServerConfigKeys (ConfUtils.java:logGet(44)) - raft.server.log.segment.cache.size.max = 200MB (=209715200) (default)
2021-10-05 13:24:51,463 [pool-227-thread-1] INFO  segmented.SegmentedRaftLogWorker (SegmentedRaftLogWorker.java:<init>(182)) - new b6de9022-5a0e-4aec-a94e-4e214b276ef3@group-5AA8DAB94A1F-SegmentedRaftLogWorker for RaftStorageImpl:Storage Directory /home/runner/work/ozone/ozone/hadoop-ozone/integration-test/target/test-dir/MiniOzoneClusterImpl-36b87918-66c6-4e2c-9c49-5aa8dab94a1f/scmNode-3/scm-ha/36b87918-66c6-4e2c-9c49-5aa8dab94a1f
2021-10-05 13:24:51,463 [pool-227-thread-1] INFO  server.RaftServerConfigKeys (ConfUtils.java:logGet(44)) - raft.server.log.queue.byte-limit = 64MB (=67108864) (default)
2021-10-05 13:24:51,463 [pool-227-thread-1] INFO  server.RaftServerConfigKeys (ConfUtils.java:logGet(44)) - raft.server.log.queue.element-limit = 4096 (default)
2021-10-05 13:24:51,463 [pool-227-thread-1] INFO  server.RaftServerConfigKeys (ConfUtils.java:logGet(44)) - raft.server.log.segment.size.max = 16384 (custom)
2021-10-05 13:24:51,463 [pool-227-thread-1] INFO  server.RaftServerConfigKeys (ConfUtils.java:logGet(44)) - raft.server.log.preallocated.size = 16384 (custom)
2021-10-05 13:24:51,463 [pool-227-thread-1] INFO  server.RaftServerConfigKeys (ConfUtils.java:logGet(44)) - raft.server.log.force.sync.num = 128 (default)
2021-10-05 13:24:51,463 [pool-227-thread-1] INFO  server.RaftServerConfigKeys (ConfUtils.java:logGet(44)) - raft.server.log.statemachine.data.sync = true (default)
2021-10-05 13:24:51,463 [pool-227-thread-1] INFO  server.RaftServerConfigKeys (ConfUtils.java:logGet(44)) - raft.server.log.statemachine.data.sync.timeout = 10s (default)
2021-10-05 13:24:51,463 [pool-227-thread-1] INFO  server.RaftServerConfigKeys (ConfUtils.java:logGet(44)) - raft.server.log.statemachine.data.sync.timeout.retry = -1 (default)
2021-10-05 13:24:51,464 [pool-227-thread-1] INFO  server.RaftServerConfigKeys (ConfUtils.java:logGet(44)) - raft.server.log.write.buffer.size = 64KB (=65536) (default)
2021-10-05 13:24:51,464 [pool-227-thread-1] INFO  server.RaftServerConfigKeys (ConfUtils.java:logGet(44)) - raft.server.log.statemachine.data.caching.enabled = false (default)
2021-10-05 13:24:51,464 [pool-227-thread-1] INFO  segmented.SegmentedRaftLogWorker (SegmentedRaftLogWorker.java:lambda$new$0(133)) - b6de9022-5a0e-4aec-a94e-4e214b276ef3@group-5AA8DAB94A1F-SegmentedRaftLogWorker: flushIndex: setUnconditionally 0 -> -1
2021-10-05 13:24:51,464 [pool-227-thread-1] INFO  segmented.SegmentedRaftLogWorker (SegmentedRaftLogWorker.java:lambda$new$0(133)) - b6de9022-5a0e-4aec-a94e-4e214b276ef3@group-5AA8DAB94A1F-SegmentedRaftLogWorker: safeCacheEvictIndex: setUnconditionally 0 -> -1
2021-10-05 13:24:51,468 [pool-227-thread-1] INFO  server.RaftServerConfigKeys (ConfUtils.java:logGet(44)) - raft.server.snapshot.auto.trigger.enabled = true (custom)
2021-10-05 13:24:51,469 [pool-227-thread-1] INFO  server.RaftServerConfigKeys (ConfUtils.java:logGet(44)) - raft.server.snapshot.auto.trigger.threshold = 5 (custom)
2021-10-05 13:24:51,469 [pool-227-thread-1] INFO  server.RaftServerConfigKeys (ConfUtils.java:logGet(44)) - raft.server.snapshot.retention.file.num = -1 (default)
2021-10-05 13:24:51,469 [pool-227-thread-1] INFO  server.RaftServerConfigKeys (ConfUtils.java:logGet(44)) - raft.server.log.purge.upto.snapshot.index = true (custom)
2021-10-05 13:24:51,469 [pool-227-thread-1] INFO  server.RaftServerConfigKeys (ConfUtils.java:logGet(44)) - raft.server.retrycache.expirytime = 60000ms (default)
2021-10-05 13:24:51,469 [pool-227-thread-1] INFO  server.RaftServerConfigKeys (ConfUtils.java:logGet(44)) - raft.server.retrycache.statistics.expirytime = 100μs (default)
2021-10-05 13:24:51,472 [Listener at 0.0.0.0/13541] INFO  ha.SCMSnapshotProvider (SCMSnapshotProvider.java:<init>(66)) - Initializing SCM Snapshot Provider
2021-10-05 13:24:51,472 [Listener at 0.0.0.0/13541] WARN  server.ServerUtils (ServerUtils.java:getDefaultRatisDirectory(237)) - Storage directory for Ratis is not configured. It is a good idea to map this to an SSD disk. Falling back to ozone.metadata.dirs
2021-10-05 13:24:51,472 [Listener at 0.0.0.0/13541] WARN  ha.SCMHAUtils (SCMHAUtils.java:getSCMRatisSnapshotDirectory(146)) - SCM snapshot dir is not configured. Falling back to ozone.metadata.dirs config
2021-10-05 13:24:51,474 [Listener at 0.0.0.0/13541] INFO  ha.SequenceIdGenerator (SequenceIdGenerator.java:upgradeToSequenceId(347)) - upgrade localId to 107544261427200000
2021-10-05 13:24:51,474 [Listener at 0.0.0.0/13541] INFO  ha.SequenceIdGenerator (SequenceIdGenerator.java:upgradeToSequenceId(357)) - upgrade delTxnId to 0
2021-10-05 13:24:51,474 [Listener at 0.0.0.0/13541] INFO  ha.SequenceIdGenerator (SequenceIdGenerator.java:upgradeToSequenceId(371)) - upgrade containerId to 0
2021-10-05 13:24:51,474 [Listener at 0.0.0.0/13541] INFO  ha.SequenceIdGenerator (SequenceIdGenerator.java:<init>(218)) - Init the HA SequenceIdGenerator.
2021-10-05 13:24:51,475 [Listener at 0.0.0.0/13541] WARN  server.ServerUtils (ServerUtils.java:sanitizeUserArgs(73)) - ozone.scm.stale.node.interval value = 300000 is larger than max = 100000 based on the key value of ozone.scm.heartbeat.thread.interval, reset to the max value 100000.
2021-10-05 13:24:51,475 [Listener at 0.0.0.0/13541] WARN  server.ServerUtils (ServerUtils.java:sanitizeUserArgs(73)) - ozone.scm.stale.node.interval value = 300000 is larger than max = 100000 based on the key value of ozone.scm.heartbeat.thread.interval, reset to the max value 100000.
2021-10-05 13:24:51,483 [Listener at 0.0.0.0/13541] INFO  node.SCMNodeManager (SCMNodeManager.java:<init>(144)) - Entering startup safe mode.
2021-10-05 13:24:51,484 [Listener at 0.0.0.0/13541] INFO  algorithms.ContainerPlacementPolicyFactory (ContainerPlacementPolicyFactory.java:getPolicy(60)) - Create container placement policy of type org.apache.hadoop.hdds.scm.container.placement.algorithms.SCMContainerPlacementRandom
2021-10-05 13:24:51,484 [Listener at 0.0.0.0/13541] INFO  pipeline.PipelineStateManagerImpl (PipelineStateManagerImpl.java:initialize(78)) - No pipeline exists in current db
2021-10-05 13:24:51,485 [Listener at 0.0.0.0/13541] INFO  algorithms.LeaderChoosePolicyFactory (LeaderChoosePolicyFactory.java:getPolicy(57)) - Create leader choose policy of type org.apache.hadoop.hdds.scm.pipeline.leader.choose.algorithms.MinLeaderCountChoosePolicy
2021-10-05 13:24:51,485 [Listener at 0.0.0.0/13541] INFO  ha.SCMServiceManager (SCMServiceManager.java:register(43)) - Registering service BackgroundPipelineCreator.
2021-10-05 13:24:51,485 [Listener at 0.0.0.0/13541] INFO  pipeline.BackgroundPipelineCreator (BackgroundPipelineCreatorV2.java:start(130)) - Starting RatisPipelineUtilsThread.
2021-10-05 13:24:51,488 [Listener at 0.0.0.0/13541] INFO  algorithms.PipelineChoosePolicyFactory (PipelineChoosePolicyFactory.java:createPipelineChoosePolicyFromClass(73)) - Create pipeline choose policy of type org.apache.hadoop.hdds.scm.pipeline.choose.algorithms.RandomPipelineChoosePolicy
2021-10-05 13:24:51,489 [Listener at 0.0.0.0/13541] INFO  ha.SCMServiceManager (SCMServiceManager.java:register(43)) - Registering service SCMBlockDeletingService.
2021-10-05 13:24:51,491 [Listener at 0.0.0.0/13541] INFO  ha.SCMServiceManager (SCMServiceManager.java:register(43)) - Registering service ReplicationManager.
2021-10-05 13:24:51,491 [Listener at 0.0.0.0/13541] INFO  container.ReplicationManager (ReplicationManager.java:start(319)) - Starting Replication Monitor Thread.
2021-10-05 13:24:51,497 [Listener at 0.0.0.0/13541] INFO  safemode.ContainerSafeModeRule (ContainerSafeModeRule.java:<init>(89)) - containers with one replica threshold count 0
2021-10-05 13:24:51,498 [Listener at 0.0.0.0/13541] INFO  safemode.HealthyPipelineSafeModeRule (HealthyPipelineSafeModeRule.java:initializeRule(156)) - Total pipeline count is 0, healthy pipeline threshold count is 1
2021-10-05 13:24:51,498 [Listener at 0.0.0.0/13541] INFO  safemode.OneReplicaPipelineSafeModeRule (OneReplicaPipelineSafeModeRule.java:initializeRule(180)) - Total pipeline count is 0, pipeline's with at least one datanode reported threshold count is 0
2021-10-05 13:24:51,512 [ReplicationMonitor] INFO  container.ReplicationManager (ReplicationManager.java:processAll(371)) - Replication Monitor Thread took 0 milliseconds for processing 0 containers.
2021-10-05 13:24:51,515 [Listener at 0.0.0.0/13541] INFO  ipc.CallQueueManager (CallQueueManager.java:<init>(90)) - Using callQueue: class java.util.concurrent.LinkedBlockingQueue, queueCapacity: 2000, scheduler: class org.apache.hadoop.ipc.DefaultRpcScheduler, ipcBackoff: false.
2021-10-05 13:24:51,519 [Socket Reader #1 for port 13549] INFO  ipc.Server (Server.java:run(1265)) - Starting Socket Reader #1 for port 13549
2021-10-05 13:24:51,521 [Listener at 0.0.0.0/13549] INFO  ipc.CallQueueManager (CallQueueManager.java:<init>(90)) - Using callQueue: class java.util.concurrent.LinkedBlockingQueue, queueCapacity: 2000, scheduler: class org.apache.hadoop.ipc.DefaultRpcScheduler, ipcBackoff: false.
2021-10-05 13:24:51,527 [Socket Reader #1 for port 13550] INFO  ipc.Server (Server.java:run(1265)) - Starting Socket Reader #1 for port 13550
2021-10-05 13:24:51,538 [Listener at 0.0.0.0/13550] INFO  ipc.CallQueueManager (CallQueueManager.java:<init>(90)) - Using callQueue: class java.util.concurrent.LinkedBlockingQueue, queueCapacity: 2000, scheduler: class org.apache.hadoop.ipc.DefaultRpcScheduler, ipcBackoff: false.
2021-10-05 13:24:51,547 [Socket Reader #1 for port 13551] INFO  ipc.Server (Server.java:run(1265)) - Starting Socket Reader #1 for port 13551
2021-10-05 13:24:51,593 [Listener at 0.0.0.0/13551] INFO  algorithms.ContainerPlacementPolicyFactory (ContainerPlacementPolicyFactory.java:getPolicy(60)) - Create container placement policy of type org.apache.hadoop.hdds.scm.container.placement.algorithms.SCMContainerPlacementRandom
2021-10-05 13:24:51,596 [Listener at 0.0.0.0/13551] INFO  server.StorageContainerManager (StorageContainerManager.java:<init>(388)) - 
Container Balancer status:
Key                            Value
Running                        false
Container Balancer Configuration values:
Key                                                Value
Threshold                                          0.1
Max Datanodes to Involve per Iteration(ratio)      0.2
Max Size to Move per Iteration                     32212254720B

2021-10-05 13:24:51,596 [Listener at 0.0.0.0/13551] WARN  events.EventQueue (EventQueue.java:fireEvent(194)) - No event handler registered for event TypedEvent{payloadType=SafeModeStatus, name='Safe mode status'}
2021-10-05 13:24:51,598 [Listener at 0.0.0.0/13551] INFO  ha.SCMContext (SCMContext.java:updateSafeModeStatus(205)) - Update SafeModeStatus from SafeModeStatus{safeModeStatus=true, preCheckPassed=false} to SafeModeStatus{safeModeStatus=true, preCheckPassed=false}.
2021-10-05 13:24:51,599 [Listener at 0.0.0.0/13551] INFO  ozone.MiniOzoneHAClusterImpl (MiniOzoneHAClusterImpl.java:createSCMService(568)) - Intialized SCM at org.apache.hadoop.hdds.scm.server.SCMClientProtocolServer@1d6d2b60. This SCM is currently inactive (not running).
2021-10-05 13:24:51,600 [Listener at 0.0.0.0/13551] INFO  ha.OMHANodeDetails (OMHANodeDetails.java:loadOMHAConfig(118)) - ServiceID for OzoneManager is om-service-test1
2021-10-05 13:24:51,600 [Listener at 0.0.0.0/13551] INFO  ha.OMHANodeDetails (OMHANodeDetails.java:loadOMHAConfig(194)) - Found matching OM address with OMServiceId: om-service-test1, OMNodeId: omNode-1, RPC Address: localhost:13296 and Ratis port: 13300
2021-10-05 13:24:51,600 [Listener at 0.0.0.0/13551] INFO  ha.OMHANodeDetails (ConfUtils.java:setNodeSpecificConfigs(108)) - Setting configuration key ozone.om.http-address with value of key ozone.om.http-address.om-service-test1.omNode-1: 127.0.0.1:13298
2021-10-05 13:24:51,600 [Listener at 0.0.0.0/13551] INFO  ha.OMHANodeDetails (ConfUtils.java:setNodeSpecificConfigs(108)) - Setting configuration key ozone.om.https-address with value of key ozone.om.https-address.om-service-test1.omNode-1: 127.0.0.1:13299
2021-10-05 13:24:51,600 [Listener at 0.0.0.0/13551] INFO  ha.OMHANodeDetails (ConfUtils.java:setNodeSpecificConfigs(108)) - Setting configuration key ozone.om.address with value of key ozone.om.address.om-service-test1.omNode-1: 127.0.0.1:13296
2021-10-05 13:24:51,601 [Listener at 0.0.0.0/13551] WARN  server.ServerUtils (ServerUtils.java:getDBPath(225)) - ozone.om.db.dirs is not configured. We recommend adding this setting. Falling back to ozone.metadata.dirs instead.
2021-10-05 13:24:51,602 [Listener at 0.0.0.0/13551] INFO  ha.SCMNodeInfo (SCMNodeInfo.java:getPort(197)) - ConfigKey ozone.scm.client.address is deprecated, For configuring different ports for each SCM use PortConfigKey ozone.scm.client.port appended with serviceId and nodeId
2021-10-05 13:24:51,602 [Listener at 0.0.0.0/13551] INFO  ha.SCMNodeInfo (SCMNodeInfo.java:getPort(197)) - ConfigKey ozone.scm.block.client.address is deprecated, For configuring different ports for each SCM use PortConfigKey ozone.scm.block.client.port appended with serviceId and nodeId
2021-10-05 13:24:51,602 [Listener at 0.0.0.0/13551] INFO  ha.SCMNodeInfo (SCMNodeInfo.java:getPort(197)) - ConfigKey ozone.scm.datanode.address is deprecated, For configuring different ports for each SCM use PortConfigKey ozone.scm.datanode.port appended with serviceId and nodeId
2021-10-05 13:24:51,602 [Listener at 0.0.0.0/13551] INFO  ha.SCMNodeInfo (SCMNodeInfo.java:getPort(197)) - ConfigKey ozone.scm.client.address is deprecated, For configuring different ports for each SCM use PortConfigKey ozone.scm.client.port appended with serviceId and nodeId
2021-10-05 13:24:51,602 [Listener at 0.0.0.0/13551] INFO  ha.SCMNodeInfo (SCMNodeInfo.java:getPort(197)) - ConfigKey ozone.scm.block.client.address is deprecated, For configuring different ports for each SCM use PortConfigKey ozone.scm.block.client.port appended with serviceId and nodeId
2021-10-05 13:24:51,602 [Listener at 0.0.0.0/13551] INFO  ha.SCMNodeInfo (SCMNodeInfo.java:getPort(197)) - ConfigKey ozone.scm.datanode.address is deprecated, For configuring different ports for each SCM use PortConfigKey ozone.scm.datanode.port appended with serviceId and nodeId
2021-10-05 13:24:51,603 [Listener at 0.0.0.0/13551] INFO  ha.SCMNodeInfo (SCMNodeInfo.java:getPort(197)) - ConfigKey ozone.scm.client.address is deprecated, For configuring different ports for each SCM use PortConfigKey ozone.scm.client.port appended with serviceId and nodeId
2021-10-05 13:24:51,603 [Listener at 0.0.0.0/13551] INFO  ha.SCMNodeInfo (SCMNodeInfo.java:getPort(197)) - ConfigKey ozone.scm.block.client.address is deprecated, For configuring different ports for each SCM use PortConfigKey ozone.scm.block.client.port appended with serviceId and nodeId
2021-10-05 13:24:51,603 [Listener at 0.0.0.0/13551] INFO  ha.SCMNodeInfo (SCMNodeInfo.java:getPort(197)) - ConfigKey ozone.scm.datanode.address is deprecated, For configuring different ports for each SCM use PortConfigKey ozone.scm.datanode.port appended with serviceId and nodeId
OM initialization succeeded.Current cluster id for sd=/home/runner/work/ozone/ozone/hadoop-ozone/integration-test/target/test-dir/MiniOzoneClusterImpl-36b87918-66c6-4e2c-9c49-5aa8dab94a1f/omNode-1/om;cid=36b87918-66c6-4e2c-9c49-5aa8dab94a1f;layoutVersion=0
2021-10-05 13:24:51,623 [Listener at 0.0.0.0/13551] INFO  ha.OMHANodeDetails (OMHANodeDetails.java:loadOMHAConfig(118)) - ServiceID for OzoneManager is om-service-test1
2021-10-05 13:24:51,624 [Listener at 0.0.0.0/13551] INFO  ha.OMHANodeDetails (OMHANodeDetails.java:loadOMHAConfig(194)) - Found matching OM address with OMServiceId: om-service-test1, OMNodeId: omNode-1, RPC Address: localhost:13296 and Ratis port: 13300
2021-10-05 13:24:51,624 [Listener at 0.0.0.0/13551] INFO  ha.OMHANodeDetails (ConfUtils.java:setNodeSpecificConfigs(108)) - Setting configuration key ozone.om.http-address with value of key ozone.om.http-address.om-service-test1.omNode-1: 127.0.0.1:13298
2021-10-05 13:24:51,624 [Listener at 0.0.0.0/13551] INFO  ha.OMHANodeDetails (ConfUtils.java:setNodeSpecificConfigs(108)) - Setting configuration key ozone.om.https-address with value of key ozone.om.https-address.om-service-test1.omNode-1: 127.0.0.1:13299
2021-10-05 13:24:51,624 [Listener at 0.0.0.0/13551] INFO  ha.OMHANodeDetails (ConfUtils.java:setNodeSpecificConfigs(108)) - Setting configuration key ozone.om.address with value of key ozone.om.address.om-service-test1.omNode-1: 127.0.0.1:13296
2021-10-05 13:24:51,624 [Listener at 0.0.0.0/13551] WARN  server.ServerUtils (ServerUtils.java:getDBPath(225)) - ozone.om.db.dirs is not configured. We recommend adding this setting. Falling back to ozone.metadata.dirs instead.
2021-10-05 13:24:51,624 [Listener at 0.0.0.0/13551] INFO  upgrade.AbstractLayoutVersionManager (AbstractLayoutVersionManager.java:init(79)) - Initializing Layout version manager with metadata layout = INITIAL_VERSION (version = 0), software layout = INITIAL_VERSION (version = 0)
2021-10-05 13:24:51,723 [Listener at 0.0.0.0/13551] INFO  reflections.Reflections (Reflections.java:scan(232)) - Reflections took 97 ms to scan 2 urls, producing 131 keys and 342 values [using 2 cores]
2021-10-05 13:24:51,723 [Listener at 0.0.0.0/13551] INFO  upgrade.OMLayoutVersionManager (OMLayoutVersionManager.java:lambda$0(115)) - Skipping Upgrade Action MockOmUpgradeAction since it has been finalized.
2021-10-05 13:24:51,723 [Listener at 0.0.0.0/13551] WARN  server.ServerUtils (ServerUtils.java:getDBPath(225)) - ozone.om.db.dirs is not configured. We recommend adding this setting. Falling back to ozone.metadata.dirs instead.
2021-10-05 13:24:51,724 [Listener at 0.0.0.0/13551] INFO  ha.SCMNodeInfo (SCMNodeInfo.java:getPort(197)) - ConfigKey ozone.scm.client.address is deprecated, For configuring different ports for each SCM use PortConfigKey ozone.scm.client.port appended with serviceId and nodeId
2021-10-05 13:24:51,724 [Listener at 0.0.0.0/13551] INFO  ha.SCMNodeInfo (SCMNodeInfo.java:getPort(197)) - ConfigKey ozone.scm.block.client.address is deprecated, For configuring different ports for each SCM use PortConfigKey ozone.scm.block.client.port appended with serviceId and nodeId
2021-10-05 13:24:51,724 [Listener at 0.0.0.0/13551] INFO  ha.SCMNodeInfo (SCMNodeInfo.java:getPort(197)) - ConfigKey ozone.scm.datanode.address is deprecated, For configuring different ports for each SCM use PortConfigKey ozone.scm.datanode.port appended with serviceId and nodeId
2021-10-05 13:24:51,724 [Listener at 0.0.0.0/13551] INFO  ha.SCMNodeInfo (SCMNodeInfo.java:getPort(197)) - ConfigKey ozone.scm.client.address is deprecated, For configuring different ports for each SCM use PortConfigKey ozone.scm.client.port appended with serviceId and nodeId
2021-10-05 13:24:51,724 [Listener at 0.0.0.0/13551] INFO  ha.SCMNodeInfo (SCMNodeInfo.java:getPort(197)) - ConfigKey ozone.scm.block.client.address is deprecated, For configuring different ports for each SCM use PortConfigKey ozone.scm.block.client.port appended with serviceId and nodeId
2021-10-05 13:24:51,724 [Listener at 0.0.0.0/13551] INFO  ha.SCMNodeInfo (SCMNodeInfo.java:getPort(197)) - ConfigKey ozone.scm.datanode.address is deprecated, For configuring different ports for each SCM use PortConfigKey ozone.scm.datanode.port appended with serviceId and nodeId
2021-10-05 13:24:51,724 [Listener at 0.0.0.0/13551] INFO  ha.SCMNodeInfo (SCMNodeInfo.java:getPort(197)) - ConfigKey ozone.scm.client.address is deprecated, For configuring different ports for each SCM use PortConfigKey ozone.scm.client.port appended with serviceId and nodeId
2021-10-05 13:24:51,724 [Listener at 0.0.0.0/13551] INFO  ha.SCMNodeInfo (SCMNodeInfo.java:getPort(197)) - ConfigKey ozone.scm.block.client.address is deprecated, For configuring different ports for each SCM use PortConfigKey ozone.scm.block.client.port appended with serviceId and nodeId
2021-10-05 13:24:51,724 [Listener at 0.0.0.0/13551] INFO  ha.SCMNodeInfo (SCMNodeInfo.java:getPort(197)) - ConfigKey ozone.scm.datanode.address is deprecated, For configuring different ports for each SCM use PortConfigKey ozone.scm.datanode.port appended with serviceId and nodeId
2021-10-05 13:24:51,725 [Listener at 0.0.0.0/13551] INFO  ha.SCMNodeInfo (SCMNodeInfo.java:getPort(197)) - ConfigKey ozone.scm.client.address is deprecated, For configuring different ports for each SCM use PortConfigKey ozone.scm.client.port appended with serviceId and nodeId
2021-10-05 13:24:51,725 [Listener at 0.0.0.0/13551] INFO  ha.SCMNodeInfo (SCMNodeInfo.java:getPort(197)) - ConfigKey ozone.scm.block.client.address is deprecated, For configuring different ports for each SCM use PortConfigKey ozone.scm.block.client.port appended with serviceId and nodeId
2021-10-05 13:24:51,725 [Listener at 0.0.0.0/13551] INFO  ha.SCMNodeInfo (SCMNodeInfo.java:getPort(197)) - ConfigKey ozone.scm.datanode.address is deprecated, For configuring different ports for each SCM use PortConfigKey ozone.scm.datanode.port appended with serviceId and nodeId
2021-10-05 13:24:51,725 [Listener at 0.0.0.0/13551] INFO  ha.SCMNodeInfo (SCMNodeInfo.java:getPort(197)) - ConfigKey ozone.scm.client.address is deprecated, For configuring different ports for each SCM use PortConfigKey ozone.scm.client.port appended with serviceId and nodeId
2021-10-05 13:24:51,725 [Listener at 0.0.0.0/13551] INFO  ha.SCMNodeInfo (SCMNodeInfo.java:getPort(197)) - ConfigKey ozone.scm.block.client.address is deprecated, For configuring different ports for each SCM use PortConfigKey ozone.scm.block.client.port appended with serviceId and nodeId
2021-10-05 13:24:51,725 [Listener at 0.0.0.0/13551] INFO  ha.SCMNodeInfo (SCMNodeInfo.java:getPort(197)) - ConfigKey ozone.scm.datanode.address is deprecated, For configuring different ports for each SCM use PortConfigKey ozone.scm.datanode.port appended with serviceId and nodeId
2021-10-05 13:24:51,726 [Listener at 0.0.0.0/13551] INFO  ha.SCMNodeInfo (SCMNodeInfo.java:getPort(197)) - ConfigKey ozone.scm.client.address is deprecated, For configuring different ports for each SCM use PortConfigKey ozone.scm.client.port appended with serviceId and nodeId
2021-10-05 13:24:51,726 [Listener at 0.0.0.0/13551] INFO  ha.SCMNodeInfo (SCMNodeInfo.java:getPort(197)) - ConfigKey ozone.scm.block.client.address is deprecated, For configuring different ports for each SCM use PortConfigKey ozone.scm.block.client.port appended with serviceId and nodeId
2021-10-05 13:24:51,726 [Listener at 0.0.0.0/13551] INFO  ha.SCMNodeInfo (SCMNodeInfo.java:getPort(197)) - ConfigKey ozone.scm.datanode.address is deprecated, For configuring different ports for each SCM use PortConfigKey ozone.scm.datanode.port appended with serviceId and nodeId
2021-10-05 13:24:51,727 [Listener at 0.0.0.0/13551] INFO  ha.SCMNodeInfo (SCMNodeInfo.java:getPort(197)) - ConfigKey ozone.scm.client.address is deprecated, For configuring different ports for each SCM use PortConfigKey ozone.scm.client.port appended with serviceId and nodeId
2021-10-05 13:24:51,727 [Listener at 0.0.0.0/13551] INFO  ha.SCMNodeInfo (SCMNodeInfo.java:getPort(197)) - ConfigKey ozone.scm.block.client.address is deprecated, For configuring different ports for each SCM use PortConfigKey ozone.scm.block.client.port appended with serviceId and nodeId
2021-10-05 13:24:51,727 [Listener at 0.0.0.0/13551] INFO  ha.SCMNodeInfo (SCMNodeInfo.java:getPort(197)) - ConfigKey ozone.scm.datanode.address is deprecated, For configuring different ports for each SCM use PortConfigKey ozone.scm.datanode.port appended with serviceId and nodeId
2021-10-05 13:24:51,727 [Listener at 0.0.0.0/13551] INFO  ha.SCMNodeInfo (SCMNodeInfo.java:getPort(197)) - ConfigKey ozone.scm.client.address is deprecated, For configuring different ports for each SCM use PortConfigKey ozone.scm.client.port appended with serviceId and nodeId
2021-10-05 13:24:51,727 [Listener at 0.0.0.0/13551] INFO  ha.SCMNodeInfo (SCMNodeInfo.java:getPort(197)) - ConfigKey ozone.scm.block.client.address is deprecated, For configuring different ports for each SCM use PortConfigKey ozone.scm.block.client.port appended with serviceId and nodeId
2021-10-05 13:24:51,727 [Listener at 0.0.0.0/13551] INFO  ha.SCMNodeInfo (SCMNodeInfo.java:getPort(197)) - ConfigKey ozone.scm.datanode.address is deprecated, For configuring different ports for each SCM use PortConfigKey ozone.scm.datanode.port appended with serviceId and nodeId
2021-10-05 13:24:51,727 [Listener at 0.0.0.0/13551] INFO  ha.SCMNodeInfo (SCMNodeInfo.java:getPort(197)) - ConfigKey ozone.scm.client.address is deprecated, For configuring different ports for each SCM use PortConfigKey ozone.scm.client.port appended with serviceId and nodeId
2021-10-05 13:24:51,727 [Listener at 0.0.0.0/13551] INFO  ha.SCMNodeInfo (SCMNodeInfo.java:getPort(197)) - ConfigKey ozone.scm.block.client.address is deprecated, For configuring different ports for each SCM use PortConfigKey ozone.scm.block.client.port appended with serviceId and nodeId
2021-10-05 13:24:51,728 [Listener at 0.0.0.0/13551] INFO  ha.SCMNodeInfo (SCMNodeInfo.java:getPort(197)) - ConfigKey ozone.scm.datanode.address is deprecated, For configuring different ports for each SCM use PortConfigKey ozone.scm.datanode.port appended with serviceId and nodeId
2021-10-05 13:24:51,735 [EndpointStateMachine task thread for /127.0.0.1:15041 - 0 ] INFO  ipc.Client (Client.java:handleConnectionFailure(977)) - Retrying connect to server: localhost/127.0.0.1:15041. Already tried 13 time(s); retry policy is RetryUpToMaximumCountWithFixedSleep(maxRetries=15, sleepTime=1000 MILLISECONDS)
2021-10-05 13:24:51,788 [Listener at 0.0.0.0/13551] WARN  server.ServerUtils (ServerUtils.java:getDBPath(225)) - ozone.om.db.dirs is not configured. We recommend adding this setting. Falling back to ozone.metadata.dirs instead.
2021-10-05 13:24:51,790 [Listener at 0.0.0.0/13551] INFO  codec.OmKeyInfoCodec (OmKeyInfoCodec.java:<init>(51)) - OmKeyInfoCodec ignorePipeline = true
2021-10-05 13:24:51,790 [Listener at 0.0.0.0/13551] INFO  codec.RepeatedOmKeyInfoCodec (RepeatedOmKeyInfoCodec.java:<init>(42)) - RepeatedOmKeyInfoCodec ignorePipeline = true
2021-10-05 13:24:51,792 [EndpointStateMachine task thread for /127.0.0.1:15031 - 0 ] INFO  ipc.Client (Client.java:handleConnectionFailure(977)) - Retrying connect to server: localhost/127.0.0.1:15031. Already tried 2 time(s); retry policy is RetryUpToMaximumCountWithFixedSleep(maxRetries=15, sleepTime=1000 MILLISECONDS)
2021-10-05 13:24:51,793 [EndpointStateMachine task thread for /127.0.0.1:15021 - 0 ] INFO  ipc.Client (Client.java:handleConnectionFailure(977)) - Retrying connect to server: localhost/127.0.0.1:15021. Already tried 2 time(s); retry policy is RetryUpToMaximumCountWithFixedSleep(maxRetries=15, sleepTime=1000 MILLISECONDS)
2021-10-05 13:24:52,026 [Listener at 0.0.0.0/13551] INFO  om.OzoneManager (OzoneManager.java:addS3GVolumeToDB(4127)) - Created Volume s3v With Owner runner required for S3Gateway operations.
2021-10-05 13:24:52,026 [Listener at 0.0.0.0/13551] WARN  server.ServerUtils (ServerUtils.java:getDefaultRatisDirectory(237)) - Storage directory for Ratis is not configured. It is a good idea to map this to an SSD disk. Falling back to ozone.metadata.dirs
2021-10-05 13:24:52,027 [Listener at 0.0.0.0/13551] WARN  utils.OzoneManagerRatisUtils (OzoneManagerRatisUtils.java:getOMRatisSnapshotDirectory(435)) - ozone.om.ratis.snapshot.dir is not configured. Falling back to ozone.metadata.dirs config
2021-10-05 13:24:52,028 [Listener at 0.0.0.0/13551] WARN  impl.MetricRegistriesImpl (MetricRegistriesImpl.java:addReporterRegistration(111)) - New reporters are added after registries were created. Some metrics will be missing from the reporter. Please add reporter before adding any new registry.
2021-10-05 13:24:52,030 [Listener at 0.0.0.0/13551] WARN  impl.MetricRegistriesImpl (MetricRegistriesImpl.java:addReporterRegistration(111)) - New reporters are added after registries were created. Some metrics will be missing from the reporter. Please add reporter before adding any new registry.
2021-10-05 13:24:52,031 [Listener at 0.0.0.0/13551] WARN  server.ServerUtils (ServerUtils.java:getDefaultRatisDirectory(237)) - Storage directory for Ratis is not configured. It is a good idea to map this to an SSD disk. Falling back to ozone.metadata.dirs
2021-10-05 13:24:52,035 [Listener at 0.0.0.0/13551] INFO  ratis.OzoneManagerRatisServer (OzoneManagerRatisServer.java:<init>(158)) - Instantiating OM Ratis server with groupID: om-service-test1 and peers: localhost:13300
2021-10-05 13:24:52,035 [Listener at 0.0.0.0/13551] INFO  ratis.OzoneManagerStateMachine (OzoneManagerStateMachine.java:loadSnapshotInfoFromDB(605)) - LastAppliedIndex is set from TransactionInfo from OM DB as (t:0, i:~)
2021-10-05 13:24:52,047 [Listener at 0.0.0.0/13551] INFO  server.RaftServer (ConfUtils.java:logGet(44)) - raft.rpc.type = GRPC (default)
2021-10-05 13:24:52,047 [Listener at 0.0.0.0/13551] INFO  grpc.GrpcFactory (GrpcFactory.java:checkPooledByteBufAllocatorUseCacheForAllThreads(48)) - PERFORMANCE WARNING: useCacheForAllThreads is true that may cause Netty to create a lot garbage objects and, as a result, trigger GC.
	It is recommended to disable useCacheForAllThreads by setting -Dorg.apache.ratis.thirdparty.io.netty.allocator.useCacheForAllThreads=false in command line.
2021-10-05 13:24:52,048 [Listener at 0.0.0.0/13551] INFO  grpc.GrpcConfigKeys (ConfUtils.java:logGet(44)) - raft.grpc.admin.port = -1 (default)
2021-10-05 13:24:52,048 [Listener at 0.0.0.0/13551] INFO  grpc.GrpcConfigKeys (ConfUtils.java:logGet(44)) - raft.grpc.server.port = 13300 (custom)
2021-10-05 13:24:52,048 [Listener at 0.0.0.0/13551] INFO  grpc.GrpcConfigKeys (ConfUtils.java:logGet(44)) - raft.grpc.client.port = -1 (default)
2021-10-05 13:24:52,048 [Listener at 0.0.0.0/13551] INFO  grpc.GrpcConfigKeys (ConfUtils.java:logGet(44)) - raft.grpc.server.port = 13300 (custom)
2021-10-05 13:24:52,048 [Listener at 0.0.0.0/13551] INFO  grpc.GrpcConfigKeys (ConfUtils.java:logGet(44)) - raft.grpc.server.port = 13300 (custom)
2021-10-05 13:24:52,048 [Listener at 0.0.0.0/13551] INFO  server.GrpcService (ConfUtils.java:logGet(44)) - raft.grpc.message.size.max = 33554432 (custom)
2021-10-05 13:24:52,048 [Listener at 0.0.0.0/13551] INFO  server.RaftServerConfigKeys (ConfUtils.java:logGet(44)) - raft.server.log.appender.buffer.byte-limit = 33554432 (custom)
2021-10-05 13:24:52,048 [Listener at 0.0.0.0/13551] INFO  server.GrpcService (ConfUtils.java:logGet(44)) - raft.grpc.flow.control.window = 1MB (=1048576) (default)
2021-10-05 13:24:52,049 [Listener at 0.0.0.0/13551] INFO  server.RaftServerConfigKeys (ConfUtils.java:logGet(44)) - raft.server.rpc.request.timeout = 3000ms (default)
2021-10-05 13:24:52,050 [Listener at 0.0.0.0/13551] INFO  impl.DataStreamServerImpl (ConfUtils.java:logGet(44)) - raft.datastream.type = DISABLED (default)
2021-10-05 13:24:52,050 [Listener at 0.0.0.0/13551] INFO  server.RaftServerConfigKeys (ConfUtils.java:logGet(44)) - raft.server.rpc.slowness.timeout = 2s (custom)
2021-10-05 13:24:52,050 [Listener at 0.0.0.0/13551] INFO  server.RaftServerConfigKeys (ConfUtils.java:logGet(44)) - raft.server.leaderelection.leader.step-down.wait-time = 10s (default)
2021-10-05 13:24:52,050 [Listener at 0.0.0.0/13551] INFO  server.RaftServerConfigKeys (ConfUtils.java:logGet(44)) - raft.server.storage.dir = [/home/runner/work/ozone/ozone/hadoop-ozone/integration-test/target/test-dir/MiniOzoneClusterImpl-36b87918-66c6-4e2c-9c49-5aa8dab94a1f/omNode-1/ratis] (custom)
2021-10-05 13:24:52,060 [Listener at 0.0.0.0/13551] INFO  server.RaftServer (RaftServerProxy.java:addNew(95)) - omNode-1: addNew group-523986131536:[omNode-1|rpc:localhost:13300|priority:0] returns group-523986131536:java.util.concurrent.CompletableFuture@231e72e1[Not completed]
2021-10-05 13:24:52,060 [Listener at 0.0.0.0/13551] INFO  om.OzoneManager (OzoneManager.java:initializeRatisServer(1585)) - OzoneManager Ratis server initialized at port 13300
2021-10-05 13:24:52,061 [Listener at 0.0.0.0/13551] INFO  ipc.CallQueueManager (CallQueueManager.java:<init>(90)) - Using callQueue: class java.util.concurrent.LinkedBlockingQueue, queueCapacity: 2000, scheduler: class org.apache.hadoop.ipc.DefaultRpcScheduler, ipcBackoff: false.
2021-10-05 13:24:52,062 [pool-251-thread-1] INFO  server.RaftServer$Division (RaftServerImpl.java:<init>(181)) - omNode-1: new RaftServerImpl for group-523986131536:[omNode-1|rpc:localhost:13300|priority:0] with OzoneManagerStateMachine:uninitialized
2021-10-05 13:24:52,063 [pool-251-thread-1] INFO  server.RaftServerConfigKeys (ConfUtils.java:logGet(44)) - raft.server.rpc.timeout.min = 1s (custom)
2021-10-05 13:24:52,063 [pool-251-thread-1] INFO  server.RaftServerConfigKeys (ConfUtils.java:logGet(44)) - raft.server.rpc.timeout.max = 1200ms (custom)
2021-10-05 13:24:52,063 [pool-251-thread-1] INFO  server.RaftServerConfigKeys (ConfUtils.java:logGet(44)) - raft.server.rpc.sleep.time = 25ms (default)
2021-10-05 13:24:52,063 [pool-251-thread-1] INFO  server.RaftServerConfigKeys (ConfUtils.java:logGet(44)) - raft.server.rpc.slowness.timeout = 2s (custom)
2021-10-05 13:24:52,063 [pool-251-thread-1] INFO  server.RaftServerConfigKeys (ConfUtils.java:logGet(44)) - raft.server.leaderelection.leader.step-down.wait-time = 10s (default)
2021-10-05 13:24:52,063 [pool-251-thread-1] INFO  server.RaftServerConfigKeys (ConfUtils.java:logGet(44)) - raft.server.sleep.deviation.threshold = 300ms (default)
2021-10-05 13:24:52,063 [pool-251-thread-1] INFO  server.RaftServerConfigKeys (ConfUtils.java:logGet(44)) - raft.server.log.appender.install.snapshot.enabled = false (custom)
2021-10-05 13:24:52,063 [pool-251-thread-1] INFO  server.RaftServer$Division (ServerState.java:<init>(105)) - omNode-1@group-523986131536: ConfigurationManager, init=-1: [omNode-1|rpc:localhost:13300|priority:0], old=null, confs=<EMPTY_MAP>
2021-10-05 13:24:52,064 [pool-251-thread-1] INFO  server.RaftServerConfigKeys (ConfUtils.java:logGet(44)) - raft.server.storage.dir = [/home/runner/work/ozone/ozone/hadoop-ozone/integration-test/target/test-dir/MiniOzoneClusterImpl-36b87918-66c6-4e2c-9c49-5aa8dab94a1f/omNode-1/ratis] (custom)
2021-10-05 13:24:52,064 [pool-251-thread-1] INFO  server.RaftServerConfigKeys (ConfUtils.java:logGet(44)) - raft.server.log.corruption.policy = EXCEPTION (default)
2021-10-05 13:24:52,064 [pool-251-thread-1] INFO  server.RaftServerConfigKeys (ConfUtils.java:logGet(44)) - raft.server.storage.free-space.min = 0MB (=0) (default)
2021-10-05 13:24:52,064 [pool-251-thread-1] INFO  storage.RaftStorageDirectory (RaftStorageDirectoryImpl.java:analyzeStorage(135)) - The storage directory /home/runner/work/ozone/ozone/hadoop-ozone/integration-test/target/test-dir/MiniOzoneClusterImpl-36b87918-66c6-4e2c-9c49-5aa8dab94a1f/omNode-1/ratis/c9bc4cf4-3bc3-3c60-a66b-523986131536 does not exist. Creating ...
2021-10-05 13:24:52,065 [Socket Reader #1 for port 13296] INFO  ipc.Server (Server.java:run(1265)) - Starting Socket Reader #1 for port 13296
2021-10-05 13:24:52,066 [pool-251-thread-1] INFO  storage.RaftStorageDirectory (RaftStorageDirectoryImpl.java:tryLock(230)) - Lock on /home/runner/work/ozone/ozone/hadoop-ozone/integration-test/target/test-dir/MiniOzoneClusterImpl-36b87918-66c6-4e2c-9c49-5aa8dab94a1f/omNode-1/ratis/c9bc4cf4-3bc3-3c60-a66b-523986131536/in_use.lock acquired by nodename 17451@fv-az270-324
2021-10-05 13:24:52,067 [pool-251-thread-1] INFO  storage.RaftStorage (RaftStorageImpl.java:format(89)) - Storage directory /home/runner/work/ozone/ozone/hadoop-ozone/integration-test/target/test-dir/MiniOzoneClusterImpl-36b87918-66c6-4e2c-9c49-5aa8dab94a1f/omNode-1/ratis/c9bc4cf4-3bc3-3c60-a66b-523986131536 has been successfully formatted.
2021-10-05 13:24:52,067 [pool-251-thread-1] INFO  server.RaftServerConfigKeys (ConfUtils.java:logGet(44)) - raft.server.notification.no-leader.timeout = 2s (custom)
2021-10-05 13:24:52,068 [pool-251-thread-1] INFO  server.RaftServerConfigKeys (ConfUtils.java:logGet(44)) - raft.server.log.use.memory = false (default)
2021-10-05 13:24:52,068 [pool-251-thread-1] INFO  server.RaftServerConfigKeys (ConfUtils.java:logGet(44)) - raft.server.log.purge.gap = 1000000 (custom)
2021-10-05 13:24:52,068 [pool-251-thread-1] INFO  server.RaftServerConfigKeys (ConfUtils.java:logGet(44)) - raft.server.log.appender.buffer.byte-limit = 33554432 (custom)
2021-10-05 13:24:52,068 [pool-251-thread-1] INFO  server.RaftServerConfigKeys (ConfUtils.java:logGet(44)) - raft.server.log.segment.size.max = 4194304 (custom)
2021-10-05 13:24:52,068 [pool-251-thread-1] INFO  server.RaftServerConfigKeys (ConfUtils.java:logGet(44)) - raft.server.log.segment.cache.num.max = 2 (custom)
2021-10-05 13:24:52,069 [pool-251-thread-1] INFO  server.RaftServerConfigKeys (ConfUtils.java:logGet(44)) - raft.server.log.segment.cache.size.max = 200MB (=209715200) (default)
2021-10-05 13:24:52,069 [pool-251-thread-1] INFO  segmented.SegmentedRaftLogWorker (SegmentedRaftLogWorker.java:<init>(182)) - new omNode-1@group-523986131536-SegmentedRaftLogWorker for RaftStorageImpl:Storage Directory /home/runner/work/ozone/ozone/hadoop-ozone/integration-test/target/test-dir/MiniOzoneClusterImpl-36b87918-66c6-4e2c-9c49-5aa8dab94a1f/omNode-1/ratis/c9bc4cf4-3bc3-3c60-a66b-523986131536
2021-10-05 13:24:52,069 [pool-251-thread-1] INFO  server.RaftServerConfigKeys (ConfUtils.java:logGet(44)) - raft.server.log.queue.byte-limit = 64MB (=67108864) (default)
2021-10-05 13:24:52,069 [pool-251-thread-1] INFO  server.RaftServerConfigKeys (ConfUtils.java:logGet(44)) - raft.server.log.queue.element-limit = 4096 (default)
2021-10-05 13:24:52,069 [pool-251-thread-1] INFO  server.RaftServerConfigKeys (ConfUtils.java:logGet(44)) - raft.server.log.segment.size.max = 4194304 (custom)
2021-10-05 13:24:52,069 [pool-251-thread-1] INFO  server.RaftServerConfigKeys (ConfUtils.java:logGet(44)) - raft.server.log.preallocated.size = 4194304 (custom)
2021-10-05 13:24:52,069 [pool-251-thread-1] INFO  server.RaftServerConfigKeys (ConfUtils.java:logGet(44)) - raft.server.log.force.sync.num = 128 (default)
2021-10-05 13:24:52,069 [pool-251-thread-1] INFO  server.RaftServerConfigKeys (ConfUtils.java:logGet(44)) - raft.server.log.statemachine.data.sync = true (default)
2021-10-05 13:24:52,069 [pool-251-thread-1] INFO  server.RaftServerConfigKeys (ConfUtils.java:logGet(44)) - raft.server.log.statemachine.data.sync.timeout = 10s (default)
2021-10-05 13:24:52,069 [pool-251-thread-1] INFO  server.RaftServerConfigKeys (ConfUtils.java:logGet(44)) - raft.server.log.statemachine.data.sync.timeout.retry = -1 (default)
2021-10-05 13:24:52,076 [pool-251-thread-1] INFO  server.RaftServerConfigKeys (ConfUtils.java:logGet(44)) - raft.server.log.write.buffer.size = 64KB (=65536) (default)
2021-10-05 13:24:52,076 [pool-251-thread-1] INFO  server.RaftServerConfigKeys (ConfUtils.java:logGet(44)) - raft.server.log.statemachine.data.caching.enabled = false (default)
2021-10-05 13:24:52,076 [pool-251-thread-1] INFO  segmented.SegmentedRaftLogWorker (SegmentedRaftLogWorker.java:lambda$new$0(133)) - omNode-1@group-523986131536-SegmentedRaftLogWorker: flushIndex: setUnconditionally 0 -> -1
2021-10-05 13:24:52,099 [pool-251-thread-1] INFO  segmented.SegmentedRaftLogWorker (SegmentedRaftLogWorker.java:lambda$new$0(133)) - omNode-1@group-523986131536-SegmentedRaftLogWorker: safeCacheEvictIndex: setUnconditionally 0 -> -1
2021-10-05 13:24:52,103 [pool-251-thread-1] INFO  server.RaftServerConfigKeys (ConfUtils.java:logGet(44)) - raft.server.snapshot.auto.trigger.enabled = true (custom)
2021-10-05 13:24:52,103 [pool-251-thread-1] INFO  server.RaftServerConfigKeys (ConfUtils.java:logGet(44)) - raft.server.snapshot.auto.trigger.threshold = 400000 (default)
2021-10-05 13:24:52,103 [pool-251-thread-1] INFO  server.RaftServerConfigKeys (ConfUtils.java:logGet(44)) - raft.server.snapshot.retention.file.num = -1 (default)
2021-10-05 13:24:52,103 [pool-251-thread-1] INFO  server.RaftServerConfigKeys (ConfUtils.java:logGet(44)) - raft.server.log.purge.upto.snapshot.index = true (custom)
2021-10-05 13:24:52,103 [pool-251-thread-1] INFO  server.RaftServerConfigKeys (ConfUtils.java:logGet(44)) - raft.server.retrycache.expirytime = 300s (custom)
2021-10-05 13:24:52,107 [pool-251-thread-1] INFO  server.RaftServerConfigKeys (ConfUtils.java:logGet(44)) - raft.server.retrycache.statistics.expirytime = 100μs (default)
2021-10-05 13:24:52,114 [Listener at 127.0.0.1/13296] INFO  om.OzoneManager (OzoneManager.java:initFSOLayout(4333)) - Configured ozone.om.metadata.layout=SIMPLE and disabled optimized OM FS operations
2021-10-05 13:24:52,118 [Listener at 127.0.0.1/13296] INFO  impl.MetricsSystemImpl (MetricsSystemImpl.java:init(158)) - OzoneManager metrics system started (again)
2021-10-05 13:24:52,142 [Listener at 127.0.0.1/13296] INFO  om.OzoneManager (OzoneManager.java:start(1281)) - OzoneManager RPC server is listening at localhost/127.0.0.1:13296
2021-10-05 13:24:52,142 [Listener at 127.0.0.1/13296] INFO  ratis.OzoneManagerRatisServer (OzoneManagerRatisServer.java:start(516)) - Starting OzoneManagerRatisServer omNode-1 at port 13300
2021-10-05 13:24:52,142 [Listener at 127.0.0.1/13296] INFO  server.RaftServer$Division (RaftServerImpl.java:start(296)) - omNode-1@group-523986131536: start as a follower, conf=-1: [omNode-1|rpc:localhost:13300|priority:0], old=null
2021-10-05 13:24:52,142 [Listener at 127.0.0.1/13296] INFO  server.RaftServer$Division (RaftServerImpl.java:setRole(285)) - omNode-1@group-523986131536: changes role from      null to FOLLOWER at term 0 for startAsFollower
2021-10-05 13:24:52,149 [Listener at 127.0.0.1/13296] INFO  impl.RoleInfo (RoleInfo.java:updateAndGet(130)) - omNode-1: start omNode-1@group-523986131536-FollowerState
2021-10-05 13:24:52,150 [Listener at 127.0.0.1/13296] INFO  util.JmxRegister (JmxRegister.java:tryRegister(44)) - Successfully registered JMX Bean with object name Ratis:service=RaftServer,group=group-523986131536,id=omNode-1
2021-10-05 13:24:52,152 [Listener at 127.0.0.1/13296] INFO  server.RaftServer (RaftServerProxy.java:lambda$start$5(374)) - omNode-1: start RPC server
2021-10-05 13:24:52,154 [Listener at 127.0.0.1/13296] INFO  server.GrpcService (GrpcService.java:startImpl(253)) - omNode-1: GrpcService started, listening on 13300
2021-10-05 13:24:52,160 [Listener at 127.0.0.1/13296] INFO  om.OzoneManager (OzoneManager.java:start(1299)) - Version File has different layout version (0) than OM DB (null). That is expected if this OM has never been finalized to a newer layout version.
2021-10-05 13:24:52,160 [org.apache.ratis.util.JvmPauseMonitor$$Lambda$499/1586779822@7f4358b8] INFO  util.JvmPauseMonitor (JvmPauseMonitor.java:run(103)) - JvmPauseMonitor-omNode-1: Started
2021-10-05 13:24:52,199 [Listener at 127.0.0.1/13296] INFO  http.BaseHttpServer (BaseHttpServer.java:newHttpServer2BuilderForOzone(209)) - Starting Web-server for ozoneManager at: http://0.0.0.0:13298
2021-10-05 13:24:52,199 [Listener at 127.0.0.1/13296] INFO  http.BaseHttpServer (BaseHttpServer.java:<init>(107)) - Hadoop Security Enabled: false Ozone Security Enabled: false Ozone HTTP Security Enabled: false 
2021-10-05 13:24:52,200 [Listener at 127.0.0.1/13296] INFO  server.AuthenticationFilter (AuthenticationFilter.java:constructSecretProvider(240)) - Unable to initialize FileSignerSecretProvider, falling back to use random secrets.
2021-10-05 13:24:52,205 [Listener at 127.0.0.1/13296] WARN  http.HttpRequestLog (HttpRequestLog.java:getRequestLog(103)) - Jetty request log can only be enabled using Log4j
2021-10-05 13:24:52,206 [Listener at 127.0.0.1/13296] INFO  http.HttpServer2 (HttpServer2.java:addGlobalFilter(1030)) - Added global filter 'safety' (class=org.apache.hadoop.hdds.server.http.HttpServer2$QuotingInputFilter)
2021-10-05 13:24:52,207 [Listener at 127.0.0.1/13296] INFO  http.HttpServer2 (HttpServer2.java:addFilter(1006)) - Added filter static_user_filter (class=org.apache.hadoop.http.lib.StaticUserWebFilter$StaticUserFilter) to context ozoneManager
2021-10-05 13:24:52,207 [Listener at 127.0.0.1/13296] INFO  http.HttpServer2 (HttpServer2.java:addFilter(1014)) - Added filter static_user_filter (class=org.apache.hadoop.http.lib.StaticUserWebFilter$StaticUserFilter) to context logs
2021-10-05 13:24:52,207 [Listener at 127.0.0.1/13296] INFO  http.HttpServer2 (HttpServer2.java:addFilter(1014)) - Added filter static_user_filter (class=org.apache.hadoop.http.lib.StaticUserWebFilter$StaticUserFilter) to context static
2021-10-05 13:24:52,208 [Listener at 127.0.0.1/13296] INFO  http.HttpServer2 (HttpServer2.java:bindListener(1249)) - Jetty bound to port 13298
2021-10-05 13:24:52,208 [Listener at 127.0.0.1/13296] INFO  server.Server (Server.java:doStart(375)) - jetty-9.4.43.v20210629; built: 2021-06-30T11:07:22.254Z; git: 526006ecfa3af7f1a27ef3a288e2bef7ea9dd7e8; jvm 1.8.0_292-b10
2021-10-05 13:24:52,260 [Listener at 127.0.0.1/13296] INFO  server.session (DefaultSessionIdManager.java:doStart(334)) - DefaultSessionIdManager workerName=node0
2021-10-05 13:24:52,260 [Listener at 127.0.0.1/13296] INFO  server.session (DefaultSessionIdManager.java:doStart(339)) - No SessionScavenger set, using defaults
2021-10-05 13:24:52,260 [Listener at 127.0.0.1/13296] INFO  server.session (HouseKeeper.java:startScavenging(132)) - node0 Scavenging every 660000ms
2021-10-05 13:24:52,270 [Listener at 127.0.0.1/13296] INFO  handler.ContextHandler (ContextHandler.java:doStart(915)) - Started o.e.j.s.ServletContextHandler@25dc4d01{logs,/logs,file:///home/runner/work/ozone/ozone/hadoop-ozone/integration-test/target/log,AVAILABLE}
2021-10-05 13:24:52,271 [Listener at 127.0.0.1/13296] INFO  handler.ContextHandler (ContextHandler.java:doStart(915)) - Started o.e.j.s.ServletContextHandler@3dfabb85{static,/static,file:///home/runner/work/ozone/ozone/hadoop-ozone/integration-test/target/test-classes/webapps/static,AVAILABLE}
2021-10-05 13:24:52,275 [Listener at 127.0.0.1/13296] INFO  handler.ContextHandler (ContextHandler.java:doStart(915)) - Started o.e.j.w.WebAppContext@5f3f31df{ozoneManager,/,file:///home/runner/work/ozone/ozone/hadoop-ozone/integration-test/target/test-classes/webapps/ozoneManager/,AVAILABLE}{file:/home/runner/work/ozone/ozone/hadoop-ozone/integration-test/target/test-classes/webapps/ozoneManager}
2021-10-05 13:24:52,279 [Listener at 127.0.0.1/13296] INFO  server.AbstractConnector (AbstractConnector.java:doStart(331)) - Started ServerConnector@403eab3{HTTP/1.1, (http/1.1)}{0.0.0.0:13298}
2021-10-05 13:24:52,279 [Listener at 127.0.0.1/13296] INFO  server.Server (Server.java:doStart(415)) - Started @85939ms
2021-10-05 13:24:52,279 [Listener at 127.0.0.1/13296] WARN  impl.MetricsSystemImpl (MetricsSystemImpl.java:register(279)) - Sink prometheus already exists!
2021-10-05 13:24:52,281 [Listener at 127.0.0.1/13296] INFO  http.BaseHttpServer (BaseHttpServer.java:updateConnectorAddress(329)) - HTTP server of ozoneManager listening at http://0.0.0.0:13298
2021-10-05 13:24:52,286 [IPC Server Responder] INFO  ipc.Server (Server.java:run(1507)) - IPC Server Responder: starting
2021-10-05 13:24:52,455 [Listener at 127.0.0.1/13296] INFO  om.OzoneManager (OzoneManager.java:startTrashEmptier(1543)) - Trash Interval set to 0. Files deleted will not move to trash
2021-10-05 13:24:52,460 [Listener at 127.0.0.1/13296] INFO  ozone.MiniOzoneHAClusterImpl (MiniOzoneHAClusterImpl.java:createOMService(485)) - Started OzoneManager omNode-1 RPC server at localhost/127.0.0.1:13296
2021-10-05 13:24:52,463 [IPC Server listener on 13296] INFO  ipc.Server (Server.java:run(1344)) - IPC Server listener on 13296: starting
2021-10-05 13:24:52,470 [org.apache.hadoop.util.JvmPauseMonitor$Monitor@38f42298] INFO  util.JvmPauseMonitor (JvmPauseMonitor.java:run(188)) - Starting JVM pause monitor
2021-10-05 13:24:52,485 [Listener at 127.0.0.1/13296] WARN  impl.MetricRegistriesImpl (MetricRegistriesImpl.java:addReporterRegistration(111)) - New reporters are added after registries were created. Some metrics will be missing from the reporter. Please add reporter before adding any new registry.
2021-10-05 13:24:52,486 [Listener at 127.0.0.1/13296] WARN  impl.MetricRegistriesImpl (MetricRegistriesImpl.java:addReporterRegistration(111)) - New reporters are added after registries were created. Some metrics will be missing from the reporter. Please add reporter before adding any new registry.
2021-10-05 13:24:52,486 [Listener at 127.0.0.1/13296] INFO  impl.MetricsSystemImpl (MetricsSystemImpl.java:init(158)) - HddsDatanode metrics system started (again)
2021-10-05 13:24:52,521 [Listener at 127.0.0.1/13296] INFO  ozone.HddsDatanodeService (HddsDatanodeService.java:start(234)) - HddsDatanodeService host:fv-az270-324.tacnzluakwdehk1hpragurqkma.bx.internal.cloudapp.net ip:10.1.0.10
2021-10-05 13:24:52,585 [Listener at 127.0.0.1/13296] INFO  upgrade.AbstractLayoutVersionManager (AbstractLayoutVersionManager.java:init(79)) - Initializing Layout version manager with metadata layout = SCM_HA (version = 2), software layout = SCM_HA (version = 2)
2021-10-05 13:24:52,687 [Listener at 127.0.0.1/13296] INFO  reflections.Reflections (Reflections.java:scan(232)) - Reflections took 100 ms to scan 7 urls, producing 119 keys and 275 values 
2021-10-05 13:24:52,689 [Listener at 127.0.0.1/13296] INFO  ha.SCMNodeInfo (SCMNodeInfo.java:getPort(197)) - ConfigKey ozone.scm.client.address is deprecated, For configuring different ports for each SCM use PortConfigKey ozone.scm.client.port appended with serviceId and nodeId
2021-10-05 13:24:52,689 [Listener at 127.0.0.1/13296] INFO  ha.SCMNodeInfo (SCMNodeInfo.java:getPort(197)) - ConfigKey ozone.scm.block.client.address is deprecated, For configuring different ports for each SCM use PortConfigKey ozone.scm.block.client.port appended with serviceId and nodeId
2021-10-05 13:24:52,689 [Listener at 127.0.0.1/13296] INFO  ha.SCMNodeInfo (SCMNodeInfo.java:getPort(197)) - ConfigKey ozone.scm.datanode.address is deprecated, For configuring different ports for each SCM use PortConfigKey ozone.scm.datanode.port appended with serviceId and nodeId
2021-10-05 13:24:52,689 [Listener at 127.0.0.1/13296] INFO  ha.SCMNodeInfo (SCMNodeInfo.java:getPort(197)) - ConfigKey ozone.scm.client.address is deprecated, For configuring different ports for each SCM use PortConfigKey ozone.scm.client.port appended with serviceId and nodeId
2021-10-05 13:24:52,689 [Listener at 127.0.0.1/13296] INFO  ha.SCMNodeInfo (SCMNodeInfo.java:getPort(197)) - ConfigKey ozone.scm.block.client.address is deprecated, For configuring different ports for each SCM use PortConfigKey ozone.scm.block.client.port appended with serviceId and nodeId
2021-10-05 13:24:52,689 [Listener at 127.0.0.1/13296] INFO  ha.SCMNodeInfo (SCMNodeInfo.java:getPort(197)) - ConfigKey ozone.scm.datanode.address is deprecated, For configuring different ports for each SCM use PortConfigKey ozone.scm.datanode.port appended with serviceId and nodeId
2021-10-05 13:24:52,689 [Listener at 127.0.0.1/13296] INFO  ha.SCMNodeInfo (SCMNodeInfo.java:getPort(197)) - ConfigKey ozone.scm.client.address is deprecated, For configuring different ports for each SCM use PortConfigKey ozone.scm.client.port appended with serviceId and nodeId
2021-10-05 13:24:52,689 [Listener at 127.0.0.1/13296] INFO  ha.SCMNodeInfo (SCMNodeInfo.java:getPort(197)) - ConfigKey ozone.scm.block.client.address is deprecated, For configuring different ports for each SCM use PortConfigKey ozone.scm.block.client.port appended with serviceId and nodeId
2021-10-05 13:24:52,689 [Listener at 127.0.0.1/13296] INFO  ha.SCMNodeInfo (SCMNodeInfo.java:getPort(197)) - ConfigKey ozone.scm.datanode.address is deprecated, For configuring different ports for each SCM use PortConfigKey ozone.scm.datanode.port appended with serviceId and nodeId
2021-10-05 13:24:52,699 [Listener at 127.0.0.1/13296] INFO  volume.HddsVolume (HddsVolume.java:<init>(120)) - Creating HddsVolume: /home/runner/work/ozone/ozone/hadoop-ozone/integration-test/target/test-dir/MiniOzoneClusterImpl-36b87918-66c6-4e2c-9c49-5aa8dab94a1f/datanode-0/data-0/containers/hdds of storage type : DISK capacity : 9223372036854775807
2021-10-05 13:24:52,700 [Listener at 127.0.0.1/13296] INFO  volume.MutableVolumeSet (MutableVolumeSet.java:initializeVolumeSet(168)) - Added Volume : /home/runner/work/ozone/ozone/hadoop-ozone/integration-test/target/test-dir/MiniOzoneClusterImpl-36b87918-66c6-4e2c-9c49-5aa8dab94a1f/datanode-0/data-0/containers/hdds to VolumeSet
2021-10-05 13:24:52,700 [Listener at 127.0.0.1/13296] INFO  volume.ThrottledAsyncChecker (ThrottledAsyncChecker.java:schedule(141)) - Scheduling a check for /home/runner/work/ozone/ozone/hadoop-ozone/integration-test/target/test-dir/MiniOzoneClusterImpl-36b87918-66c6-4e2c-9c49-5aa8dab94a1f/datanode-0/data-0/containers/hdds
2021-10-05 13:24:52,719 [Listener at 127.0.0.1/13296] INFO  volume.StorageVolumeChecker (StorageVolumeChecker.java:checkAllVolumes(202)) - Scheduled health check for volume /home/runner/work/ozone/ozone/hadoop-ozone/integration-test/target/test-dir/MiniOzoneClusterImpl-36b87918-66c6-4e2c-9c49-5aa8dab94a1f/datanode-0/data-0/containers/hdds
2021-10-05 13:24:52,736 [EndpointStateMachine task thread for /127.0.0.1:15041 - 0 ] INFO  ipc.Client (Client.java:handleConnectionFailure(977)) - Retrying connect to server: localhost/127.0.0.1:15041. Already tried 14 time(s); retry policy is RetryUpToMaximumCountWithFixedSleep(maxRetries=15, sleepTime=1000 MILLISECONDS)
2021-10-05 13:24:52,741 [Listener at 127.0.0.1/13296] INFO  volume.MutableVolumeSet (MutableVolumeSet.java:initializeVolumeSet(168)) - Added Volume : /home/runner/work/ozone/ozone/hadoop-ozone/integration-test/target/test-dir/MiniOzoneClusterImpl-36b87918-66c6-4e2c-9c49-5aa8dab94a1f/datanode-0/data/ratis to VolumeSet
2021-10-05 13:24:52,741 [Listener at 127.0.0.1/13296] INFO  volume.ThrottledAsyncChecker (ThrottledAsyncChecker.java:schedule(141)) - Scheduling a check for /home/runner/work/ozone/ozone/hadoop-ozone/integration-test/target/test-dir/MiniOzoneClusterImpl-36b87918-66c6-4e2c-9c49-5aa8dab94a1f/datanode-0/data/ratis
2021-10-05 13:24:52,741 [Listener at 127.0.0.1/13296] INFO  volume.StorageVolumeChecker (StorageVolumeChecker.java:checkAllVolumes(202)) - Scheduled health check for volume /home/runner/work/ozone/ozone/hadoop-ozone/integration-test/target/test-dir/MiniOzoneClusterImpl-36b87918-66c6-4e2c-9c49-5aa8dab94a1f/datanode-0/data/ratis
2021-10-05 13:24:52,793 [EndpointStateMachine task thread for /127.0.0.1:15021 - 0 ] INFO  ipc.Client (Client.java:handleConnectionFailure(977)) - Retrying connect to server: localhost/127.0.0.1:15021. Already tried 3 time(s); retry policy is RetryUpToMaximumCountWithFixedSleep(maxRetries=15, sleepTime=1000 MILLISECONDS)
2021-10-05 13:24:52,793 [EndpointStateMachine task thread for /127.0.0.1:15031 - 0 ] INFO  ipc.Client (Client.java:handleConnectionFailure(977)) - Retrying connect to server: localhost/127.0.0.1:15031. Already tried 3 time(s); retry policy is RetryUpToMaximumCountWithFixedSleep(maxRetries=15, sleepTime=1000 MILLISECONDS)
2021-10-05 13:24:52,803 [Thread-1462] INFO  ozoneimpl.ContainerReader (ContainerReader.java:readVolume(172)) - Finish verifying containers on volume /home/runner/work/ozone/ozone/hadoop-ozone/integration-test/target/test-dir/MiniOzoneClusterImpl-36b87918-66c6-4e2c-9c49-5aa8dab94a1f/datanode-0/data-0/containers/hdds
2021-10-05 13:24:52,803 [Listener at 127.0.0.1/13296] INFO  ozoneimpl.OzoneContainer (OzoneContainer.java:buildContainerSet(236)) - Build ContainerSet costs 0s
2021-10-05 13:24:52,806 [Listener at 127.0.0.1/13296] INFO  server.RaftServer (ConfUtils.java:logGet(44)) - raft.rpc.type = GRPC (default)
2021-10-05 13:24:52,806 [Listener at 127.0.0.1/13296] INFO  grpc.GrpcFactory (GrpcFactory.java:checkPooledByteBufAllocatorUseCacheForAllThreads(48)) - PERFORMANCE WARNING: useCacheForAllThreads is true that may cause Netty to create a lot garbage objects and, as a result, trigger GC.
	It is recommended to disable useCacheForAllThreads by setting -Dorg.apache.ratis.thirdparty.io.netty.allocator.useCacheForAllThreads=false in command line.
2021-10-05 13:24:52,806 [Listener at 127.0.0.1/13296] INFO  grpc.GrpcConfigKeys (ConfUtils.java:logGet(44)) - raft.grpc.admin.port = 0 (custom)
2021-10-05 13:24:52,806 [Listener at 127.0.0.1/13296] INFO  grpc.GrpcConfigKeys (ConfUtils.java:logGet(44)) - raft.grpc.client.port = 0 (custom)
2021-10-05 13:24:52,806 [Listener at 127.0.0.1/13296] INFO  grpc.GrpcConfigKeys (ConfUtils.java:logGet(44)) - raft.grpc.server.port = 0 (default)
2021-10-05 13:24:52,806 [Listener at 127.0.0.1/13296] INFO  server.GrpcService (ConfUtils.java:logGet(44)) - raft.grpc.message.size.max = 32MB (=33554432) (custom)
2021-10-05 13:24:52,806 [Listener at 127.0.0.1/13296] INFO  server.RaftServerConfigKeys (ConfUtils.java:logGet(44)) - raft.server.log.appender.buffer.byte-limit = 33554432 (custom)
2021-10-05 13:24:52,807 [Listener at 127.0.0.1/13296] INFO  server.GrpcService (ConfUtils.java:logGet(44)) - raft.grpc.flow.control.window = 5MB (=5242880) (custom)
2021-10-05 13:24:52,807 [Listener at 127.0.0.1/13296] INFO  server.RaftServerConfigKeys (ConfUtils.java:logGet(44)) - raft.server.rpc.request.timeout = 60s (custom)
2021-10-05 13:24:52,808 [Listener at 127.0.0.1/13296] INFO  impl.DataStreamServerImpl (ConfUtils.java:logGet(44)) - raft.datastream.type = DISABLED (default)
2021-10-05 13:24:52,808 [Listener at 127.0.0.1/13296] INFO  server.RaftServerConfigKeys (ConfUtils.java:logGet(44)) - raft.server.rpc.slowness.timeout = 300s (custom)
2021-10-05 13:24:52,808 [Listener at 127.0.0.1/13296] INFO  server.RaftServerConfigKeys (ConfUtils.java:logGet(44)) - raft.server.leaderelection.leader.step-down.wait-time = 10s (default)
2021-10-05 13:24:52,808 [Listener at 127.0.0.1/13296] INFO  server.RaftServerConfigKeys (ConfUtils.java:logGet(44)) - raft.server.storage.dir = [/home/runner/work/ozone/ozone/hadoop-ozone/integration-test/target/test-dir/MiniOzoneClusterImpl-36b87918-66c6-4e2c-9c49-5aa8dab94a1f/datanode-0/data/ratis] (custom)
2021-10-05 13:24:52,823 [Listener at 127.0.0.1/13296] INFO  http.BaseHttpServer (BaseHttpServer.java:newHttpServer2BuilderForOzone(209)) - Starting Web-server for hddsDatanode at: http://0.0.0.0:0
2021-10-05 13:24:52,823 [Listener at 127.0.0.1/13296] INFO  http.BaseHttpServer (BaseHttpServer.java:<init>(107)) - Hadoop Security Enabled: false Ozone Security Enabled: false Ozone HTTP Security Enabled: false 
2021-10-05 13:24:52,832 [Listener at 127.0.0.1/13296] INFO  server.AuthenticationFilter (AuthenticationFilter.java:constructSecretProvider(240)) - Unable to initialize FileSignerSecretProvider, falling back to use random secrets.
2021-10-05 13:24:52,835 [Listener at 127.0.0.1/13296] WARN  http.HttpRequestLog (HttpRequestLog.java:getRequestLog(103)) - Jetty request log can only be enabled using Log4j
2021-10-05 13:24:52,836 [Listener at 127.0.0.1/13296] INFO  http.HttpServer2 (HttpServer2.java:addGlobalFilter(1030)) - Added global filter 'safety' (class=org.apache.hadoop.hdds.server.http.HttpServer2$QuotingInputFilter)
2021-10-05 13:24:52,837 [Listener at 127.0.0.1/13296] INFO  http.HttpServer2 (HttpServer2.java:addFilter(1006)) - Added filter static_user_filter (class=org.apache.hadoop.http.lib.StaticUserWebFilter$StaticUserFilter) to context hddsDatanode
2021-10-05 13:24:52,837 [Listener at 127.0.0.1/13296] INFO  http.HttpServer2 (HttpServer2.java:addFilter(1014)) - Added filter static_user_filter (class=org.apache.hadoop.http.lib.StaticUserWebFilter$StaticUserFilter) to context static
2021-10-05 13:24:52,837 [Listener at 127.0.0.1/13296] INFO  http.HttpServer2 (HttpServer2.java:addFilter(1014)) - Added filter static_user_filter (class=org.apache.hadoop.http.lib.StaticUserWebFilter$StaticUserFilter) to context logs
2021-10-05 13:24:52,837 [Listener at 127.0.0.1/13296] INFO  http.HttpServer2 (HttpServer2.java:bindListener(1249)) - Jetty bound to port 37557
2021-10-05 13:24:52,838 [Listener at 127.0.0.1/13296] INFO  server.Server (Server.java:doStart(375)) - jetty-9.4.43.v20210629; built: 2021-06-30T11:07:22.254Z; git: 526006ecfa3af7f1a27ef3a288e2bef7ea9dd7e8; jvm 1.8.0_292-b10
2021-10-05 13:24:52,856 [Listener at 127.0.0.1/13296] INFO  server.session (DefaultSessionIdManager.java:doStart(334)) - DefaultSessionIdManager workerName=node0
2021-10-05 13:24:52,856 [Listener at 127.0.0.1/13296] INFO  server.session (DefaultSessionIdManager.java:doStart(339)) - No SessionScavenger set, using defaults
2021-10-05 13:24:52,856 [Listener at 127.0.0.1/13296] INFO  server.session (HouseKeeper.java:startScavenging(132)) - node0 Scavenging every 660000ms
2021-10-05 13:24:52,864 [Listener at 127.0.0.1/13296] INFO  handler.ContextHandler (ContextHandler.java:doStart(915)) - Started o.e.j.s.ServletContextHandler@544f5414{logs,/logs,file:///home/runner/work/ozone/ozone/hadoop-ozone/integration-test/target/log,AVAILABLE}
2021-10-05 13:24:52,864 [Listener at 127.0.0.1/13296] INFO  handler.ContextHandler (ContextHandler.java:doStart(915)) - Started o.e.j.s.ServletContextHandler@5af08862{static,/static,jar:file:/home/runner/.m2/repository/org/apache/ozone/hdds-container-service/1.2.0-SNAPSHOT/hdds-container-service-1.2.0-SNAPSHOT.jar!/webapps/static,AVAILABLE}
2021-10-05 13:24:52,944 [Listener at 127.0.0.1/13296] INFO  handler.ContextHandler (ContextHandler.java:doStart(915)) - Started o.e.j.w.WebAppContext@20afcc5c{hddsDatanode,/,file:///tmp/jetty-0_0_0_0-37557-hdds-container-service-1_2_0-SNAPSHOT_jar-_-any-5658527191666595328/webapp/,AVAILABLE}{jar:file:/home/runner/.m2/repository/org/apache/ozone/hdds-container-service/1.2.0-SNAPSHOT/hdds-container-service-1.2.0-SNAPSHOT.jar!/webapps/hddsDatanode}
2021-10-05 13:24:52,955 [Listener at 127.0.0.1/13296] INFO  server.AbstractConnector (AbstractConnector.java:doStart(331)) - Started ServerConnector@4a314ae4{HTTP/1.1, (http/1.1)}{0.0.0.0:37557}
2021-10-05 13:24:52,956 [Listener at 127.0.0.1/13296] INFO  server.Server (Server.java:doStart(415)) - Started @86615ms
2021-10-05 13:24:52,956 [Listener at 127.0.0.1/13296] WARN  impl.MetricsSystemImpl (MetricsSystemImpl.java:register(279)) - Sink prometheus already exists!
2021-10-05 13:24:52,957 [Listener at 127.0.0.1/13296] INFO  http.BaseHttpServer (BaseHttpServer.java:updateConnectorAddress(329)) - HTTP server of hddsDatanode listening at http://0.0.0.0:37557
2021-10-05 13:24:52,961 [Listener at 127.0.0.1/13296] WARN  impl.MetricRegistriesImpl (MetricRegistriesImpl.java:addReporterRegistration(111)) - New reporters are added after registries were created. Some metrics will be missing from the reporter. Please add reporter before adding any new registry.
2021-10-05 13:24:52,961 [Listener at 127.0.0.1/13296] WARN  impl.MetricRegistriesImpl (MetricRegistriesImpl.java:addReporterRegistration(111)) - New reporters are added after registries were created. Some metrics will be missing from the reporter. Please add reporter before adding any new registry.
2021-10-05 13:24:52,961 [Listener at 127.0.0.1/13296] INFO  impl.MetricsSystemImpl (MetricsSystemImpl.java:init(158)) - HddsDatanode metrics system started (again)
2021-10-05 13:24:52,967 [Datanode State Machine Thread - 0] INFO  statemachine.DatanodeStateMachine (DatanodeStateMachine.java:lambda$startDaemon$0(456)) - Ozone container server started.
2021-10-05 13:24:52,995 [org.apache.hadoop.util.JvmPauseMonitor$Monitor@3e43cd9c] INFO  util.JvmPauseMonitor (JvmPauseMonitor.java:run(188)) - Starting JVM pause monitor
2021-10-05 13:24:52,998 [Listener at 127.0.0.1/13296] INFO  ozone.HddsDatanodeService (HddsDatanodeService.java:start(234)) - HddsDatanodeService host:fv-az270-324.tacnzluakwdehk1hpragurqkma.bx.internal.cloudapp.net ip:10.1.0.10
2021-10-05 13:24:53,007 [Datanode State Machine Task Thread - 0] INFO  ha.SCMNodeInfo (SCMNodeInfo.java:getPort(197)) - ConfigKey ozone.scm.client.address is deprecated, For configuring different ports for each SCM use PortConfigKey ozone.scm.client.port appended with serviceId and nodeId
2021-10-05 13:24:53,007 [Datanode State Machine Task Thread - 0] INFO  ha.SCMNodeInfo (SCMNodeInfo.java:getPort(197)) - ConfigKey ozone.scm.block.client.address is deprecated, For configuring different ports for each SCM use PortConfigKey ozone.scm.block.client.port appended with serviceId and nodeId
2021-10-05 13:24:53,007 [Datanode State Machine Task Thread - 0] INFO  ha.SCMNodeInfo (SCMNodeInfo.java:getPort(197)) - ConfigKey ozone.scm.datanode.address is deprecated, For configuring different ports for each SCM use PortConfigKey ozone.scm.datanode.port appended with serviceId and nodeId
2021-10-05 13:24:53,007 [Datanode State Machine Task Thread - 0] INFO  ha.SCMNodeInfo (SCMNodeInfo.java:getPort(197)) - ConfigKey ozone.scm.client.address is deprecated, For configuring different ports for each SCM use PortConfigKey ozone.scm.client.port appended with serviceId and nodeId
2021-10-05 13:24:53,008 [Datanode State Machine Task Thread - 0] INFO  ha.SCMNodeInfo (SCMNodeInfo.java:getPort(197)) - ConfigKey ozone.scm.block.client.address is deprecated, For configuring different ports for each SCM use PortConfigKey ozone.scm.block.client.port appended with serviceId and nodeId
2021-10-05 13:24:53,008 [Datanode State Machine Task Thread - 0] INFO  ha.SCMNodeInfo (SCMNodeInfo.java:getPort(197)) - ConfigKey ozone.scm.datanode.address is deprecated, For configuring different ports for each SCM use PortConfigKey ozone.scm.datanode.port appended with serviceId and nodeId
2021-10-05 13:24:53,008 [Datanode State Machine Task Thread - 0] INFO  ha.SCMNodeInfo (SCMNodeInfo.java:getPort(197)) - ConfigKey ozone.scm.client.address is deprecated, For configuring different ports for each SCM use PortConfigKey ozone.scm.client.port appended with serviceId and nodeId
2021-10-05 13:24:53,008 [Datanode State Machine Task Thread - 0] INFO  ha.SCMNodeInfo (SCMNodeInfo.java:getPort(197)) - ConfigKey ozone.scm.block.client.address is deprecated, For configuring different ports for each SCM use PortConfigKey ozone.scm.block.client.port appended with serviceId and nodeId
2021-10-05 13:24:53,008 [Datanode State Machine Task Thread - 0] INFO  ha.SCMNodeInfo (SCMNodeInfo.java:getPort(197)) - ConfigKey ozone.scm.datanode.address is deprecated, For configuring different ports for each SCM use PortConfigKey ozone.scm.datanode.port appended with serviceId and nodeId
2021-10-05 13:24:53,009 [Datanode State Machine Task Thread - 0] INFO  datanode.InitDatanodeState (InitDatanodeState.java:persistContainerDatanodeDetails(145)) - DatanodeDetails is persisted to /home/runner/work/ozone/ozone/hadoop-ozone/integration-test/target/test-dir/MiniOzoneClusterImpl-36b87918-66c6-4e2c-9c49-5aa8dab94a1f/datanode-0/meta/datanode.id
2021-10-05 13:24:53,058 [Listener at 127.0.0.1/13296] INFO  upgrade.AbstractLayoutVersionManager (AbstractLayoutVersionManager.java:init(79)) - Initializing Layout version manager with metadata layout = SCM_HA (version = 2), software layout = SCM_HA (version = 2)
2021-10-05 13:24:53,134 [Listener at 127.0.0.1/13296] INFO  reflections.Reflections (Reflections.java:scan(232)) - Reflections took 74 ms to scan 7 urls, producing 119 keys and 275 values 
2021-10-05 13:24:53,138 [Listener at 127.0.0.1/13296] INFO  ha.SCMNodeInfo (SCMNodeInfo.java:getPort(197)) - ConfigKey ozone.scm.client.address is deprecated, For configuring different ports for each SCM use PortConfigKey ozone.scm.client.port appended with serviceId and nodeId
2021-10-05 13:24:53,139 [Listener at 127.0.0.1/13296] INFO  ha.SCMNodeInfo (SCMNodeInfo.java:getPort(197)) - ConfigKey ozone.scm.block.client.address is deprecated, For configuring different ports for each SCM use PortConfigKey ozone.scm.block.client.port appended with serviceId and nodeId
2021-10-05 13:24:53,140 [Listener at 127.0.0.1/13296] INFO  ha.SCMNodeInfo (SCMNodeInfo.java:getPort(197)) - ConfigKey ozone.scm.datanode.address is deprecated, For configuring different ports for each SCM use PortConfigKey ozone.scm.datanode.port appended with serviceId and nodeId
2021-10-05 13:24:53,142 [Listener at 127.0.0.1/13296] INFO  ha.SCMNodeInfo (SCMNodeInfo.java:getPort(197)) - ConfigKey ozone.scm.client.address is deprecated, For configuring different ports for each SCM use PortConfigKey ozone.scm.client.port appended with serviceId and nodeId
2021-10-05 13:24:53,142 [Listener at 127.0.0.1/13296] INFO  ha.SCMNodeInfo (SCMNodeInfo.java:getPort(197)) - ConfigKey ozone.scm.block.client.address is deprecated, For configuring different ports for each SCM use PortConfigKey ozone.scm.block.client.port appended with serviceId and nodeId
2021-10-05 13:24:53,142 [Listener at 127.0.0.1/13296] INFO  ha.SCMNodeInfo (SCMNodeInfo.java:getPort(197)) - ConfigKey ozone.scm.datanode.address is deprecated, For configuring different ports for each SCM use PortConfigKey ozone.scm.datanode.port appended with serviceId and nodeId
2021-10-05 13:24:53,142 [Listener at 127.0.0.1/13296] INFO  ha.SCMNodeInfo (SCMNodeInfo.java:getPort(197)) - ConfigKey ozone.scm.client.address is deprecated, For configuring different ports for each SCM use PortConfigKey ozone.scm.client.port appended with serviceId and nodeId
2021-10-05 13:24:53,142 [Listener at 127.0.0.1/13296] INFO  ha.SCMNodeInfo (SCMNodeInfo.java:getPort(197)) - ConfigKey ozone.scm.block.client.address is deprecated, For configuring different ports for each SCM use PortConfigKey ozone.scm.block.client.port appended with serviceId and nodeId
2021-10-05 13:24:53,142 [Listener at 127.0.0.1/13296] INFO  ha.SCMNodeInfo (SCMNodeInfo.java:getPort(197)) - ConfigKey ozone.scm.datanode.address is deprecated, For configuring different ports for each SCM use PortConfigKey ozone.scm.datanode.port appended with serviceId and nodeId
2021-10-05 13:24:53,144 [Listener at 127.0.0.1/13296] INFO  volume.HddsVolume (HddsVolume.java:<init>(120)) - Creating HddsVolume: /home/runner/work/ozone/ozone/hadoop-ozone/integration-test/target/test-dir/MiniOzoneClusterImpl-36b87918-66c6-4e2c-9c49-5aa8dab94a1f/datanode-1/data-0/containers/hdds of storage type : DISK capacity : 9223372036854775807
2021-10-05 13:24:53,145 [Listener at 127.0.0.1/13296] INFO  volume.MutableVolumeSet (MutableVolumeSet.java:initializeVolumeSet(168)) - Added Volume : /home/runner/work/ozone/ozone/hadoop-ozone/integration-test/target/test-dir/MiniOzoneClusterImpl-36b87918-66c6-4e2c-9c49-5aa8dab94a1f/datanode-1/data-0/containers/hdds to VolumeSet
2021-10-05 13:24:53,151 [Listener at 127.0.0.1/13296] INFO  volume.ThrottledAsyncChecker (ThrottledAsyncChecker.java:schedule(141)) - Scheduling a check for /home/runner/work/ozone/ozone/hadoop-ozone/integration-test/target/test-dir/MiniOzoneClusterImpl-36b87918-66c6-4e2c-9c49-5aa8dab94a1f/datanode-1/data-0/containers/hdds
2021-10-05 13:24:53,155 [Listener at 127.0.0.1/13296] INFO  volume.StorageVolumeChecker (StorageVolumeChecker.java:checkAllVolumes(202)) - Scheduled health check for volume /home/runner/work/ozone/ozone/hadoop-ozone/integration-test/target/test-dir/MiniOzoneClusterImpl-36b87918-66c6-4e2c-9c49-5aa8dab94a1f/datanode-1/data-0/containers/hdds
2021-10-05 13:24:53,176 [Listener at 127.0.0.1/13296] INFO  volume.MutableVolumeSet (MutableVolumeSet.java:initializeVolumeSet(168)) - Added Volume : /home/runner/work/ozone/ozone/hadoop-ozone/integration-test/target/test-dir/MiniOzoneClusterImpl-36b87918-66c6-4e2c-9c49-5aa8dab94a1f/datanode-1/data/ratis to VolumeSet
2021-10-05 13:24:53,177 [Listener at 127.0.0.1/13296] INFO  volume.ThrottledAsyncChecker (ThrottledAsyncChecker.java:schedule(141)) - Scheduling a check for /home/runner/work/ozone/ozone/hadoop-ozone/integration-test/target/test-dir/MiniOzoneClusterImpl-36b87918-66c6-4e2c-9c49-5aa8dab94a1f/datanode-1/data/ratis
2021-10-05 13:24:53,177 [Listener at 127.0.0.1/13296] INFO  volume.StorageVolumeChecker (StorageVolumeChecker.java:checkAllVolumes(202)) - Scheduled health check for volume /home/runner/work/ozone/ozone/hadoop-ozone/integration-test/target/test-dir/MiniOzoneClusterImpl-36b87918-66c6-4e2c-9c49-5aa8dab94a1f/datanode-1/data/ratis
2021-10-05 13:24:53,229 [Thread-1474] INFO  ozoneimpl.ContainerReader (ContainerReader.java:readVolume(172)) - Finish verifying containers on volume /home/runner/work/ozone/ozone/hadoop-ozone/integration-test/target/test-dir/MiniOzoneClusterImpl-36b87918-66c6-4e2c-9c49-5aa8dab94a1f/datanode-1/data-0/containers/hdds
2021-10-05 13:24:53,233 [Listener at 127.0.0.1/13296] INFO  ozoneimpl.OzoneContainer (OzoneContainer.java:buildContainerSet(236)) - Build ContainerSet costs 0s
2021-10-05 13:24:53,236 [Listener at 127.0.0.1/13296] INFO  server.RaftServer (ConfUtils.java:logGet(44)) - raft.rpc.type = GRPC (default)
2021-10-05 13:24:53,236 [Listener at 127.0.0.1/13296] INFO  grpc.GrpcFactory (GrpcFactory.java:checkPooledByteBufAllocatorUseCacheForAllThreads(48)) - PERFORMANCE WARNING: useCacheForAllThreads is true that may cause Netty to create a lot garbage objects and, as a result, trigger GC.
	It is recommended to disable useCacheForAllThreads by setting -Dorg.apache.ratis.thirdparty.io.netty.allocator.useCacheForAllThreads=false in command line.
2021-10-05 13:24:53,236 [Listener at 127.0.0.1/13296] INFO  grpc.GrpcConfigKeys (ConfUtils.java:logGet(44)) - raft.grpc.admin.port = 0 (custom)
2021-10-05 13:24:53,236 [Listener at 127.0.0.1/13296] INFO  grpc.GrpcConfigKeys (ConfUtils.java:logGet(44)) - raft.grpc.client.port = 0 (custom)
2021-10-05 13:24:53,237 [Listener at 127.0.0.1/13296] INFO  grpc.GrpcConfigKeys (ConfUtils.java:logGet(44)) - raft.grpc.server.port = 0 (default)
2021-10-05 13:24:53,237 [Listener at 127.0.0.1/13296] INFO  server.GrpcService (ConfUtils.java:logGet(44)) - raft.grpc.message.size.max = 32MB (=33554432) (custom)
2021-10-05 13:24:53,237 [Listener at 127.0.0.1/13296] INFO  server.RaftServerConfigKeys (ConfUtils.java:logGet(44)) - raft.server.log.appender.buffer.byte-limit = 33554432 (custom)
2021-10-05 13:24:53,237 [Listener at 127.0.0.1/13296] INFO  server.GrpcService (ConfUtils.java:logGet(44)) - raft.grpc.flow.control.window = 5MB (=5242880) (custom)
2021-10-05 13:24:53,237 [Listener at 127.0.0.1/13296] INFO  server.RaftServerConfigKeys (ConfUtils.java:logGet(44)) - raft.server.rpc.request.timeout = 60s (custom)
2021-10-05 13:24:53,238 [Listener at 127.0.0.1/13296] INFO  impl.DataStreamServerImpl (ConfUtils.java:logGet(44)) - raft.datastream.type = DISABLED (default)
2021-10-05 13:24:53,239 [Listener at 127.0.0.1/13296] INFO  server.RaftServerConfigKeys (ConfUtils.java:logGet(44)) - raft.server.rpc.slowness.timeout = 300s (custom)
2021-10-05 13:24:53,239 [Listener at 127.0.0.1/13296] INFO  server.RaftServerConfigKeys (ConfUtils.java:logGet(44)) - raft.server.leaderelection.leader.step-down.wait-time = 10s (default)
2021-10-05 13:24:53,239 [Listener at 127.0.0.1/13296] INFO  server.RaftServerConfigKeys (ConfUtils.java:logGet(44)) - raft.server.storage.dir = [/home/runner/work/ozone/ozone/hadoop-ozone/integration-test/target/test-dir/MiniOzoneClusterImpl-36b87918-66c6-4e2c-9c49-5aa8dab94a1f/datanode-1/data/ratis] (custom)
2021-10-05 13:24:53,244 [Listener at 127.0.0.1/13296] INFO  http.BaseHttpServer (BaseHttpServer.java:newHttpServer2BuilderForOzone(209)) - Starting Web-server for hddsDatanode at: http://0.0.0.0:0
2021-10-05 13:24:53,244 [Listener at 127.0.0.1/13296] INFO  http.BaseHttpServer (BaseHttpServer.java:<init>(107)) - Hadoop Security Enabled: false Ozone Security Enabled: false Ozone HTTP Security Enabled: false 
2021-10-05 13:24:53,250 [Listener at 127.0.0.1/13296] INFO  server.AuthenticationFilter (AuthenticationFilter.java:constructSecretProvider(240)) - Unable to initialize FileSignerSecretProvider, falling back to use random secrets.
2021-10-05 13:24:53,256 [Listener at 127.0.0.1/13296] WARN  http.HttpRequestLog (HttpRequestLog.java:getRequestLog(103)) - Jetty request log can only be enabled using Log4j
2021-10-05 13:24:53,256 [Listener at 127.0.0.1/13296] INFO  http.HttpServer2 (HttpServer2.java:addGlobalFilter(1030)) - Added global filter 'safety' (class=org.apache.hadoop.hdds.server.http.HttpServer2$QuotingInputFilter)
2021-10-05 13:24:53,257 [Listener at 127.0.0.1/13296] INFO  http.HttpServer2 (HttpServer2.java:addFilter(1006)) - Added filter static_user_filter (class=org.apache.hadoop.http.lib.StaticUserWebFilter$StaticUserFilter) to context hddsDatanode
2021-10-05 13:24:53,257 [Listener at 127.0.0.1/13296] INFO  http.HttpServer2 (HttpServer2.java:addFilter(1014)) - Added filter static_user_filter (class=org.apache.hadoop.http.lib.StaticUserWebFilter$StaticUserFilter) to context static
2021-10-05 13:24:53,257 [Listener at 127.0.0.1/13296] INFO  http.HttpServer2 (HttpServer2.java:addFilter(1014)) - Added filter static_user_filter (class=org.apache.hadoop.http.lib.StaticUserWebFilter$StaticUserFilter) to context logs
2021-10-05 13:24:53,258 [Listener at 127.0.0.1/13296] INFO  http.HttpServer2 (HttpServer2.java:bindListener(1249)) - Jetty bound to port 34503
2021-10-05 13:24:53,258 [Listener at 127.0.0.1/13296] INFO  server.Server (Server.java:doStart(375)) - jetty-9.4.43.v20210629; built: 2021-06-30T11:07:22.254Z; git: 526006ecfa3af7f1a27ef3a288e2bef7ea9dd7e8; jvm 1.8.0_292-b10
2021-10-05 13:24:53,326 [Listener at 127.0.0.1/13296] INFO  server.session (DefaultSessionIdManager.java:doStart(334)) - DefaultSessionIdManager workerName=node0
2021-10-05 13:24:53,326 [Listener at 127.0.0.1/13296] INFO  server.session (DefaultSessionIdManager.java:doStart(339)) - No SessionScavenger set, using defaults
2021-10-05 13:24:53,326 [Listener at 127.0.0.1/13296] INFO  server.session (HouseKeeper.java:startScavenging(132)) - node0 Scavenging every 660000ms
2021-10-05 13:24:53,333 [Listener at 127.0.0.1/13296] INFO  handler.ContextHandler (ContextHandler.java:doStart(915)) - Started o.e.j.s.ServletContextHandler@3b111f64{logs,/logs,file:///home/runner/work/ozone/ozone/hadoop-ozone/integration-test/target/log,AVAILABLE}
2021-10-05 13:24:53,333 [Listener at 127.0.0.1/13296] INFO  handler.ContextHandler (ContextHandler.java:doStart(915)) - Started o.e.j.s.ServletContextHandler@70163ce4{static,/static,jar:file:/home/runner/.m2/repository/org/apache/ozone/hdds-container-service/1.2.0-SNAPSHOT/hdds-container-service-1.2.0-SNAPSHOT.jar!/webapps/static,AVAILABLE}
2021-10-05 13:24:53,351 [omNode-1@group-523986131536-FollowerState] INFO  impl.FollowerState (FollowerState.java:run(134)) - omNode-1@group-523986131536-FollowerState: change to CANDIDATE, lastRpcElapsedTime:1201932246ns, electionTimeout:1169ms
2021-10-05 13:24:53,352 [omNode-1@group-523986131536-FollowerState] INFO  impl.RoleInfo (RoleInfo.java:shutdownFollowerState(108)) - omNode-1: shutdown omNode-1@group-523986131536-FollowerState
2021-10-05 13:24:53,352 [omNode-1@group-523986131536-FollowerState] INFO  server.RaftServer$Division (RaftServerImpl.java:setRole(285)) - omNode-1@group-523986131536: changes role from  FOLLOWER to CANDIDATE at term 0 for changeToCandidate
2021-10-05 13:24:53,352 [omNode-1@group-523986131536-FollowerState] INFO  server.RaftServerConfigKeys (ConfUtils.java:logGet(44)) - raft.server.leaderelection.pre-vote = false (custom)
2021-10-05 13:24:53,352 [omNode-1@group-523986131536-FollowerState] INFO  impl.RoleInfo (RoleInfo.java:updateAndGet(130)) - omNode-1: start omNode-1@group-523986131536-LeaderElection16
2021-10-05 13:24:53,377 [omNode-1@group-523986131536-LeaderElection16] INFO  impl.LeaderElection (LeaderElection.java:askForVotes(306)) - omNode-1@group-523986131536-LeaderElection16 ELECTION round 0: submit vote requests at term 1 for -1: [omNode-1|rpc:localhost:13300|priority:0], old=null
2021-10-05 13:24:53,377 [omNode-1@group-523986131536-LeaderElection16] INFO  impl.LeaderElection (LeaderElection.java:askForVotes(308)) - omNode-1@group-523986131536-LeaderElection16 ELECTION round 0: result PASSED (term=1)
2021-10-05 13:24:53,377 [omNode-1@group-523986131536-LeaderElection16] INFO  impl.RoleInfo (RoleInfo.java:shutdownLeaderElection(121)) - omNode-1: shutdown omNode-1@group-523986131536-LeaderElection16
2021-10-05 13:24:53,377 [omNode-1@group-523986131536-LeaderElection16] INFO  server.RaftServer$Division (RaftServerImpl.java:setRole(285)) - omNode-1@group-523986131536: changes role from CANDIDATE to LEADER at term 1 for changeToLeader
2021-10-05 13:24:53,377 [omNode-1@group-523986131536-LeaderElection16] INFO  server.RaftServer$Division (ServerState.java:setLeader(285)) - omNode-1@group-523986131536: change Leader from null to omNode-1 at term 1 for becomeLeader, leader elected after 1309ms
2021-10-05 13:24:53,377 [omNode-1@group-523986131536-LeaderElection16] INFO  server.RaftServerConfigKeys (ConfUtils.java:logGet(44)) - raft.server.staging.catchup.gap = 1000 (default)
2021-10-05 13:24:53,378 [omNode-1@group-523986131536-LeaderElection16] INFO  server.RaftServerConfigKeys (ConfUtils.java:logGet(44)) - raft.server.write.element-limit = 4096 (default)
2021-10-05 13:24:53,378 [omNode-1@group-523986131536-LeaderElection16] INFO  server.RaftServerConfigKeys (ConfUtils.java:logGet(44)) - raft.server.write.byte-limit = 64MB (=67108864) (default)
2021-10-05 13:24:53,378 [omNode-1@group-523986131536-LeaderElection16] INFO  server.RaftServerConfigKeys (ConfUtils.java:logGet(44)) - raft.server.watch.timeout = 10s (default)
2021-10-05 13:24:53,378 [omNode-1@group-523986131536-LeaderElection16] INFO  server.RaftServerConfigKeys (ConfUtils.java:logGet(44)) - raft.server.watch.timeout.denomination = 1s (default)
2021-10-05 13:24:53,378 [omNode-1@group-523986131536-LeaderElection16] INFO  server.RaftServerConfigKeys (ConfUtils.java:logGet(44)) - raft.server.watch.element-limit = 65536 (default)
2021-10-05 13:24:53,378 [omNode-1@group-523986131536-LeaderElection16] INFO  impl.RoleInfo (RoleInfo.java:updateAndGet(130)) - omNode-1: start omNode-1@group-523986131536-LeaderStateImpl
2021-10-05 13:24:53,378 [omNode-1@group-523986131536-LeaderElection16] INFO  segmented.SegmentedRaftLogWorker (SegmentedRaftLogWorker.java:startLogSegment(394)) - omNode-1@group-523986131536-SegmentedRaftLogWorker: Starting segment from index:0
2021-10-05 13:24:53,387 [omNode-1@group-523986131536-SegmentedRaftLogWorker] INFO  segmented.SegmentedRaftLogWorker (SegmentedRaftLogWorker.java:execute(601)) - omNode-1@group-523986131536-SegmentedRaftLogWorker: created new log segment /home/runner/work/ozone/ozone/hadoop-ozone/integration-test/target/test-dir/MiniOzoneClusterImpl-36b87918-66c6-4e2c-9c49-5aa8dab94a1f/omNode-1/ratis/c9bc4cf4-3bc3-3c60-a66b-523986131536/current/log_inprogress_0
2021-10-05 13:24:53,396 [omNode-1@group-523986131536-LeaderElection16] INFO  server.RaftServer$Division (ServerState.java:setRaftConf(387)) - omNode-1@group-523986131536: set configuration 0: [omNode-1|rpc:localhost:13300|admin:|client:|dataStream:|priority:0], old=null
2021-10-05 13:24:53,412 [omNode-1@group-523986131536-StateMachineUpdater] INFO  ratis.OzoneManagerStateMachine (OzoneManagerStateMachine.java:notifyConfigurationChanged(188)) - Received Configuration change notification from Ratis. New Peer list:
[id: "omNode-1"
address: "localhost:13300"
]
2021-10-05 13:24:53,448 [Listener at 127.0.0.1/13296] INFO  handler.ContextHandler (ContextHandler.java:doStart(915)) - Started o.e.j.w.WebAppContext@59412c{hddsDatanode,/,file:///tmp/jetty-0_0_0_0-34503-hdds-container-service-1_2_0-SNAPSHOT_jar-_-any-2141869463484394449/webapp/,AVAILABLE}{jar:file:/home/runner/.m2/repository/org/apache/ozone/hdds-container-service/1.2.0-SNAPSHOT/hdds-container-service-1.2.0-SNAPSHOT.jar!/webapps/hddsDatanode}
2021-10-05 13:24:53,459 [Listener at 127.0.0.1/13296] INFO  server.AbstractConnector (AbstractConnector.java:doStart(331)) - Started ServerConnector@46c805be{HTTP/1.1, (http/1.1)}{0.0.0.0:34503}
2021-10-05 13:24:53,459 [Listener at 127.0.0.1/13296] INFO  server.Server (Server.java:doStart(415)) - Started @87119ms
2021-10-05 13:24:53,460 [Listener at 127.0.0.1/13296] WARN  impl.MetricsSystemImpl (MetricsSystemImpl.java:register(279)) - Sink prometheus already exists!
2021-10-05 13:24:53,460 [Listener at 127.0.0.1/13296] INFO  http.BaseHttpServer (BaseHttpServer.java:updateConnectorAddress(329)) - HTTP server of hddsDatanode listening at http://0.0.0.0:34503
2021-10-05 13:24:53,466 [Listener at 127.0.0.1/13296] WARN  impl.MetricRegistriesImpl (MetricRegistriesImpl.java:addReporterRegistration(111)) - New reporters are added after registries were created. Some metrics will be missing from the reporter. Please add reporter before adding any new registry.
2021-10-05 13:24:53,466 [Listener at 127.0.0.1/13296] WARN  impl.MetricRegistriesImpl (MetricRegistriesImpl.java:addReporterRegistration(111)) - New reporters are added after registries were created. Some metrics will be missing from the reporter. Please add reporter before adding any new registry.
2021-10-05 13:24:53,467 [Listener at 127.0.0.1/13296] INFO  impl.MetricsSystemImpl (MetricsSystemImpl.java:init(158)) - HddsDatanode metrics system started (again)
2021-10-05 13:24:53,475 [Datanode State Machine Thread - 0] INFO  statemachine.DatanodeStateMachine (DatanodeStateMachine.java:lambda$startDaemon$0(456)) - Ozone container server started.
2021-10-05 13:24:53,487 [org.apache.hadoop.util.JvmPauseMonitor$Monitor@3f73fd1] INFO  util.JvmPauseMonitor (JvmPauseMonitor.java:run(188)) - Starting JVM pause monitor
2021-10-05 13:24:53,500 [Listener at 127.0.0.1/13296] INFO  ozone.HddsDatanodeService (HddsDatanodeService.java:start(234)) - HddsDatanodeService host:fv-az270-324.tacnzluakwdehk1hpragurqkma.bx.internal.cloudapp.net ip:10.1.0.10
2021-10-05 13:24:53,503 [Datanode State Machine Task Thread - 0] INFO  ha.SCMNodeInfo (SCMNodeInfo.java:getPort(197)) - ConfigKey ozone.scm.client.address is deprecated, For configuring different ports for each SCM use PortConfigKey ozone.scm.client.port appended with serviceId and nodeId
2021-10-05 13:24:53,505 [Datanode State Machine Task Thread - 0] INFO  ha.SCMNodeInfo (SCMNodeInfo.java:getPort(197)) - ConfigKey ozone.scm.block.client.address is deprecated, For configuring different ports for each SCM use PortConfigKey ozone.scm.block.client.port appended with serviceId and nodeId
2021-10-05 13:24:53,505 [Datanode State Machine Task Thread - 0] INFO  ha.SCMNodeInfo (SCMNodeInfo.java:getPort(197)) - ConfigKey ozone.scm.datanode.address is deprecated, For configuring different ports for each SCM use PortConfigKey ozone.scm.datanode.port appended with serviceId and nodeId
2021-10-05 13:24:53,505 [Datanode State Machine Task Thread - 0] INFO  ha.SCMNodeInfo (SCMNodeInfo.java:getPort(197)) - ConfigKey ozone.scm.client.address is deprecated, For configuring different ports for each SCM use PortConfigKey ozone.scm.client.port appended with serviceId and nodeId
2021-10-05 13:24:53,505 [Datanode State Machine Task Thread - 0] INFO  ha.SCMNodeInfo (SCMNodeInfo.java:getPort(197)) - ConfigKey ozone.scm.block.client.address is deprecated, For configuring different ports for each SCM use PortConfigKey ozone.scm.block.client.port appended with serviceId and nodeId
2021-10-05 13:24:53,505 [Datanode State Machine Task Thread - 0] INFO  ha.SCMNodeInfo (SCMNodeInfo.java:getPort(197)) - ConfigKey ozone.scm.datanode.address is deprecated, For configuring different ports for each SCM use PortConfigKey ozone.scm.datanode.port appended with serviceId and nodeId
2021-10-05 13:24:53,505 [Datanode State Machine Task Thread - 0] INFO  ha.SCMNodeInfo (SCMNodeInfo.java:getPort(197)) - ConfigKey ozone.scm.client.address is deprecated, For configuring different ports for each SCM use PortConfigKey ozone.scm.client.port appended with serviceId and nodeId
2021-10-05 13:24:53,505 [Datanode State Machine Task Thread - 0] INFO  ha.SCMNodeInfo (SCMNodeInfo.java:getPort(197)) - ConfigKey ozone.scm.block.client.address is deprecated, For configuring different ports for each SCM use PortConfigKey ozone.scm.block.client.port appended with serviceId and nodeId
2021-10-05 13:24:53,505 [Datanode State Machine Task Thread - 0] INFO  ha.SCMNodeInfo (SCMNodeInfo.java:getPort(197)) - ConfigKey ozone.scm.datanode.address is deprecated, For configuring different ports for each SCM use PortConfigKey ozone.scm.datanode.port appended with serviceId and nodeId
2021-10-05 13:24:53,506 [Datanode State Machine Task Thread - 0] INFO  datanode.InitDatanodeState (InitDatanodeState.java:persistContainerDatanodeDetails(145)) - DatanodeDetails is persisted to /home/runner/work/ozone/ozone/hadoop-ozone/integration-test/target/test-dir/MiniOzoneClusterImpl-36b87918-66c6-4e2c-9c49-5aa8dab94a1f/datanode-1/meta/datanode.id
2021-10-05 13:24:53,544 [Listener at 127.0.0.1/13296] INFO  upgrade.AbstractLayoutVersionManager (AbstractLayoutVersionManager.java:init(79)) - Initializing Layout version manager with metadata layout = SCM_HA (version = 2), software layout = SCM_HA (version = 2)
2021-10-05 13:24:53,577 [Listener at 127.0.0.1/13296] INFO  reflections.Reflections (Reflections.java:scan(232)) - Reflections took 31 ms to scan 7 urls, producing 119 keys and 275 values 
2021-10-05 13:24:53,578 [Listener at 127.0.0.1/13296] INFO  ha.SCMNodeInfo (SCMNodeInfo.java:getPort(197)) - ConfigKey ozone.scm.client.address is deprecated, For configuring different ports for each SCM use PortConfigKey ozone.scm.client.port appended with serviceId and nodeId
2021-10-05 13:24:53,578 [Listener at 127.0.0.1/13296] INFO  ha.SCMNodeInfo (SCMNodeInfo.java:getPort(197)) - ConfigKey ozone.scm.block.client.address is deprecated, For configuring different ports for each SCM use PortConfigKey ozone.scm.block.client.port appended with serviceId and nodeId
2021-10-05 13:24:53,578 [Listener at 127.0.0.1/13296] INFO  ha.SCMNodeInfo (SCMNodeInfo.java:getPort(197)) - ConfigKey ozone.scm.datanode.address is deprecated, For configuring different ports for each SCM use PortConfigKey ozone.scm.datanode.port appended with serviceId and nodeId
2021-10-05 13:24:53,579 [Listener at 127.0.0.1/13296] INFO  ha.SCMNodeInfo (SCMNodeInfo.java:getPort(197)) - ConfigKey ozone.scm.client.address is deprecated, For configuring different ports for each SCM use PortConfigKey ozone.scm.client.port appended with serviceId and nodeId
2021-10-05 13:24:53,579 [Listener at 127.0.0.1/13296] INFO  ha.SCMNodeInfo (SCMNodeInfo.java:getPort(197)) - ConfigKey ozone.scm.block.client.address is deprecated, For configuring different ports for each SCM use PortConfigKey ozone.scm.block.client.port appended with serviceId and nodeId
2021-10-05 13:24:53,579 [Listener at 127.0.0.1/13296] INFO  ha.SCMNodeInfo (SCMNodeInfo.java:getPort(197)) - ConfigKey ozone.scm.datanode.address is deprecated, For configuring different ports for each SCM use PortConfigKey ozone.scm.datanode.port appended with serviceId and nodeId
2021-10-05 13:24:53,579 [Listener at 127.0.0.1/13296] INFO  ha.SCMNodeInfo (SCMNodeInfo.java:getPort(197)) - ConfigKey ozone.scm.client.address is deprecated, For configuring different ports for each SCM use PortConfigKey ozone.scm.client.port appended with serviceId and nodeId
2021-10-05 13:24:53,579 [Listener at 127.0.0.1/13296] INFO  ha.SCMNodeInfo (SCMNodeInfo.java:getPort(197)) - ConfigKey ozone.scm.block.client.address is deprecated, For configuring different ports for each SCM use PortConfigKey ozone.scm.block.client.port appended with serviceId and nodeId
2021-10-05 13:24:53,579 [Listener at 127.0.0.1/13296] INFO  ha.SCMNodeInfo (SCMNodeInfo.java:getPort(197)) - ConfigKey ozone.scm.datanode.address is deprecated, For configuring different ports for each SCM use PortConfigKey ozone.scm.datanode.port appended with serviceId and nodeId
2021-10-05 13:24:53,580 [Listener at 127.0.0.1/13296] INFO  volume.HddsVolume (HddsVolume.java:<init>(120)) - Creating HddsVolume: /home/runner/work/ozone/ozone/hadoop-ozone/integration-test/target/test-dir/MiniOzoneClusterImpl-36b87918-66c6-4e2c-9c49-5aa8dab94a1f/datanode-2/data-0/containers/hdds of storage type : DISK capacity : 9223372036854775807
2021-10-05 13:24:53,581 [Listener at 127.0.0.1/13296] INFO  volume.MutableVolumeSet (MutableVolumeSet.java:initializeVolumeSet(168)) - Added Volume : /home/runner/work/ozone/ozone/hadoop-ozone/integration-test/target/test-dir/MiniOzoneClusterImpl-36b87918-66c6-4e2c-9c49-5aa8dab94a1f/datanode-2/data-0/containers/hdds to VolumeSet
2021-10-05 13:24:53,581 [Listener at 127.0.0.1/13296] INFO  volume.ThrottledAsyncChecker (ThrottledAsyncChecker.java:schedule(141)) - Scheduling a check for /home/runner/work/ozone/ozone/hadoop-ozone/integration-test/target/test-dir/MiniOzoneClusterImpl-36b87918-66c6-4e2c-9c49-5aa8dab94a1f/datanode-2/data-0/containers/hdds
2021-10-05 13:24:53,581 [Listener at 127.0.0.1/13296] INFO  volume.StorageVolumeChecker (StorageVolumeChecker.java:checkAllVolumes(202)) - Scheduled health check for volume /home/runner/work/ozone/ozone/hadoop-ozone/integration-test/target/test-dir/MiniOzoneClusterImpl-36b87918-66c6-4e2c-9c49-5aa8dab94a1f/datanode-2/data-0/containers/hdds
2021-10-05 13:24:53,593 [Listener at 127.0.0.1/13296] INFO  volume.MutableVolumeSet (MutableVolumeSet.java:initializeVolumeSet(168)) - Added Volume : /home/runner/work/ozone/ozone/hadoop-ozone/integration-test/target/test-dir/MiniOzoneClusterImpl-36b87918-66c6-4e2c-9c49-5aa8dab94a1f/datanode-2/data/ratis to VolumeSet
2021-10-05 13:24:53,594 [Listener at 127.0.0.1/13296] INFO  volume.ThrottledAsyncChecker (ThrottledAsyncChecker.java:schedule(141)) - Scheduling a check for /home/runner/work/ozone/ozone/hadoop-ozone/integration-test/target/test-dir/MiniOzoneClusterImpl-36b87918-66c6-4e2c-9c49-5aa8dab94a1f/datanode-2/data/ratis
2021-10-05 13:24:53,594 [Listener at 127.0.0.1/13296] INFO  volume.StorageVolumeChecker (StorageVolumeChecker.java:checkAllVolumes(202)) - Scheduled health check for volume /home/runner/work/ozone/ozone/hadoop-ozone/integration-test/target/test-dir/MiniOzoneClusterImpl-36b87918-66c6-4e2c-9c49-5aa8dab94a1f/datanode-2/data/ratis
2021-10-05 13:24:53,622 [Thread-1489] INFO  ozoneimpl.ContainerReader (ContainerReader.java:readVolume(172)) - Finish verifying containers on volume /home/runner/work/ozone/ozone/hadoop-ozone/integration-test/target/test-dir/MiniOzoneClusterImpl-36b87918-66c6-4e2c-9c49-5aa8dab94a1f/datanode-2/data-0/containers/hdds
2021-10-05 13:24:53,622 [Listener at 127.0.0.1/13296] INFO  ozoneimpl.OzoneContainer (OzoneContainer.java:buildContainerSet(236)) - Build ContainerSet costs 0s
2021-10-05 13:24:53,624 [Listener at 127.0.0.1/13296] INFO  server.RaftServer (ConfUtils.java:logGet(44)) - raft.rpc.type = GRPC (default)
2021-10-05 13:24:53,625 [Listener at 127.0.0.1/13296] INFO  grpc.GrpcFactory (GrpcFactory.java:checkPooledByteBufAllocatorUseCacheForAllThreads(48)) - PERFORMANCE WARNING: useCacheForAllThreads is true that may cause Netty to create a lot garbage objects and, as a result, trigger GC.
	It is recommended to disable useCacheForAllThreads by setting -Dorg.apache.ratis.thirdparty.io.netty.allocator.useCacheForAllThreads=false in command line.
2021-10-05 13:24:53,625 [Listener at 127.0.0.1/13296] INFO  grpc.GrpcConfigKeys (ConfUtils.java:logGet(44)) - raft.grpc.admin.port = 0 (custom)
2021-10-05 13:24:53,625 [Listener at 127.0.0.1/13296] INFO  grpc.GrpcConfigKeys (ConfUtils.java:logGet(44)) - raft.grpc.client.port = 0 (custom)
2021-10-05 13:24:53,625 [Listener at 127.0.0.1/13296] INFO  grpc.GrpcConfigKeys (ConfUtils.java:logGet(44)) - raft.grpc.server.port = 0 (default)
2021-10-05 13:24:53,625 [Listener at 127.0.0.1/13296] INFO  server.GrpcService (ConfUtils.java:logGet(44)) - raft.grpc.message.size.max = 32MB (=33554432) (custom)
2021-10-05 13:24:53,625 [Listener at 127.0.0.1/13296] INFO  server.RaftServerConfigKeys (ConfUtils.java:logGet(44)) - raft.server.log.appender.buffer.byte-limit = 33554432 (custom)
2021-10-05 13:24:53,625 [Listener at 127.0.0.1/13296] INFO  server.GrpcService (ConfUtils.java:logGet(44)) - raft.grpc.flow.control.window = 5MB (=5242880) (custom)
2021-10-05 13:24:53,626 [Listener at 127.0.0.1/13296] INFO  server.RaftServerConfigKeys (ConfUtils.java:logGet(44)) - raft.server.rpc.request.timeout = 60s (custom)
2021-10-05 13:24:53,627 [Listener at 127.0.0.1/13296] INFO  impl.DataStreamServerImpl (ConfUtils.java:logGet(44)) - raft.datastream.type = DISABLED (default)
2021-10-05 13:24:53,627 [Listener at 127.0.0.1/13296] INFO  server.RaftServerConfigKeys (ConfUtils.java:logGet(44)) - raft.server.rpc.slowness.timeout = 300s (custom)
2021-10-05 13:24:53,627 [Listener at 127.0.0.1/13296] INFO  server.RaftServerConfigKeys (ConfUtils.java:logGet(44)) - raft.server.leaderelection.leader.step-down.wait-time = 10s (default)
2021-10-05 13:24:53,627 [Listener at 127.0.0.1/13296] INFO  server.RaftServerConfigKeys (ConfUtils.java:logGet(44)) - raft.server.storage.dir = [/home/runner/work/ozone/ozone/hadoop-ozone/integration-test/target/test-dir/MiniOzoneClusterImpl-36b87918-66c6-4e2c-9c49-5aa8dab94a1f/datanode-2/data/ratis] (custom)
2021-10-05 13:24:53,631 [Listener at 127.0.0.1/13296] INFO  http.BaseHttpServer (BaseHttpServer.java:newHttpServer2BuilderForOzone(209)) - Starting Web-server for hddsDatanode at: http://0.0.0.0:0
2021-10-05 13:24:53,631 [Listener at 127.0.0.1/13296] INFO  http.BaseHttpServer (BaseHttpServer.java:<init>(107)) - Hadoop Security Enabled: false Ozone Security Enabled: false Ozone HTTP Security Enabled: false 
2021-10-05 13:24:53,632 [Listener at 127.0.0.1/13296] INFO  server.AuthenticationFilter (AuthenticationFilter.java:constructSecretProvider(240)) - Unable to initialize FileSignerSecretProvider, falling back to use random secrets.
2021-10-05 13:24:53,632 [Listener at 127.0.0.1/13296] WARN  http.HttpRequestLog (HttpRequestLog.java:getRequestLog(103)) - Jetty request log can only be enabled using Log4j
2021-10-05 13:24:53,633 [Listener at 127.0.0.1/13296] INFO  http.HttpServer2 (HttpServer2.java:addGlobalFilter(1030)) - Added global filter 'safety' (class=org.apache.hadoop.hdds.server.http.HttpServer2$QuotingInputFilter)
2021-10-05 13:24:53,634 [Listener at 127.0.0.1/13296] INFO  http.HttpServer2 (HttpServer2.java:addFilter(1006)) - Added filter static_user_filter (class=org.apache.hadoop.http.lib.StaticUserWebFilter$StaticUserFilter) to context hddsDatanode
2021-10-05 13:24:53,634 [Listener at 127.0.0.1/13296] INFO  http.HttpServer2 (HttpServer2.java:addFilter(1014)) - Added filter static_user_filter (class=org.apache.hadoop.http.lib.StaticUserWebFilter$StaticUserFilter) to context static
2021-10-05 13:24:53,634 [Listener at 127.0.0.1/13296] INFO  http.HttpServer2 (HttpServer2.java:addFilter(1014)) - Added filter static_user_filter (class=org.apache.hadoop.http.lib.StaticUserWebFilter$StaticUserFilter) to context logs
2021-10-05 13:24:53,634 [Listener at 127.0.0.1/13296] INFO  http.HttpServer2 (HttpServer2.java:bindListener(1249)) - Jetty bound to port 42865
2021-10-05 13:24:53,635 [Listener at 127.0.0.1/13296] INFO  server.Server (Server.java:doStart(375)) - jetty-9.4.43.v20210629; built: 2021-06-30T11:07:22.254Z; git: 526006ecfa3af7f1a27ef3a288e2bef7ea9dd7e8; jvm 1.8.0_292-b10
2021-10-05 13:24:53,646 [Listener at 127.0.0.1/13296] INFO  server.session (DefaultSessionIdManager.java:doStart(334)) - DefaultSessionIdManager workerName=node0
2021-10-05 13:24:53,647 [Listener at 127.0.0.1/13296] INFO  server.session (DefaultSessionIdManager.java:doStart(339)) - No SessionScavenger set, using defaults
2021-10-05 13:24:53,647 [Listener at 127.0.0.1/13296] INFO  server.session (HouseKeeper.java:startScavenging(132)) - node0 Scavenging every 600000ms
2021-10-05 13:24:53,647 [Listener at 127.0.0.1/13296] INFO  handler.ContextHandler (ContextHandler.java:doStart(915)) - Started o.e.j.s.ServletContextHandler@430bcbd4{logs,/logs,file:///home/runner/work/ozone/ozone/hadoop-ozone/integration-test/target/log,AVAILABLE}
2021-10-05 13:24:53,648 [Listener at 127.0.0.1/13296] INFO  handler.ContextHandler (ContextHandler.java:doStart(915)) - Started o.e.j.s.ServletContextHandler@6834f33a{static,/static,jar:file:/home/runner/.m2/repository/org/apache/ozone/hdds-container-service/1.2.0-SNAPSHOT/hdds-container-service-1.2.0-SNAPSHOT.jar!/webapps/static,AVAILABLE}
2021-10-05 13:24:53,730 [Listener at 127.0.0.1/13296] INFO  handler.ContextHandler (ContextHandler.java:doStart(915)) - Started o.e.j.w.WebAppContext@3989e022{hddsDatanode,/,file:///tmp/jetty-0_0_0_0-42865-hdds-container-service-1_2_0-SNAPSHOT_jar-_-any-7130100187940521289/webapp/,AVAILABLE}{jar:file:/home/runner/.m2/repository/org/apache/ozone/hdds-container-service/1.2.0-SNAPSHOT/hdds-container-service-1.2.0-SNAPSHOT.jar!/webapps/hddsDatanode}
2021-10-05 13:24:53,737 [EndpointStateMachine task thread for /127.0.0.1:15041 - 0 ] INFO  ipc.Client (Client.java:handleConnectionFailure(977)) - Retrying connect to server: localhost/127.0.0.1:15041. Already tried 0 time(s); retry policy is RetryUpToMaximumCountWithFixedSleep(maxRetries=15, sleepTime=1000 MILLISECONDS)
2021-10-05 13:24:53,738 [Listener at 127.0.0.1/13296] INFO  server.AbstractConnector (AbstractConnector.java:doStart(331)) - Started ServerConnector@3b2a3542{HTTP/1.1, (http/1.1)}{0.0.0.0:42865}
2021-10-05 13:24:53,739 [Listener at 127.0.0.1/13296] INFO  server.Server (Server.java:doStart(415)) - Started @87398ms
2021-10-05 13:24:53,739 [Listener at 127.0.0.1/13296] WARN  impl.MetricsSystemImpl (MetricsSystemImpl.java:register(279)) - Sink prometheus already exists!
2021-10-05 13:24:53,741 [Listener at 127.0.0.1/13296] INFO  http.BaseHttpServer (BaseHttpServer.java:updateConnectorAddress(329)) - HTTP server of hddsDatanode listening at http://0.0.0.0:42865
2021-10-05 13:24:53,743 [Listener at 127.0.0.1/13296] INFO  ozone.MiniOzoneClusterImpl (MiniOzoneClusterImpl.java:lambda$waitForClusterToBeReady$0(235)) - Waiting for nodes to be ready. Got 0 of 3 DN Heartbeats.
2021-10-05 13:24:53,743 [Listener at 127.0.0.1/13296] INFO  ozone.MiniOzoneClusterImpl (MiniOzoneClusterImpl.java:lambda$waitForClusterToBeReady$0(238)) - Waiting for cluster to exit safe mode
2021-10-05 13:24:53,744 [Listener at 127.0.0.1/13296] INFO  ozone.MiniOzoneClusterImpl (MiniOzoneClusterImpl.java:lambda$waitForClusterToBeReady$0(240)) - SCM became leader
2021-10-05 13:24:53,744 [Datanode State Machine Thread - 0] INFO  statemachine.DatanodeStateMachine (DatanodeStateMachine.java:lambda$startDaemon$0(456)) - Ozone container server started.
2021-10-05 13:24:53,761 [org.apache.hadoop.util.JvmPauseMonitor$Monitor@6b569fd7] INFO  util.JvmPauseMonitor (JvmPauseMonitor.java:run(188)) - Starting JVM pause monitor
2021-10-05 13:24:53,777 [Datanode State Machine Task Thread - 0] INFO  ha.SCMNodeInfo (SCMNodeInfo.java:getPort(197)) - ConfigKey ozone.scm.client.address is deprecated, For configuring different ports for each SCM use PortConfigKey ozone.scm.client.port appended with serviceId and nodeId
2021-10-05 13:24:53,777 [Datanode State Machine Task Thread - 0] INFO  ha.SCMNodeInfo (SCMNodeInfo.java:getPort(197)) - ConfigKey ozone.scm.block.client.address is deprecated, For configuring different ports for each SCM use PortConfigKey ozone.scm.block.client.port appended with serviceId and nodeId
2021-10-05 13:24:53,777 [Datanode State Machine Task Thread - 0] INFO  ha.SCMNodeInfo (SCMNodeInfo.java:getPort(197)) - ConfigKey ozone.scm.datanode.address is deprecated, For configuring different ports for each SCM use PortConfigKey ozone.scm.datanode.port appended with serviceId and nodeId
2021-10-05 13:24:53,777 [Datanode State Machine Task Thread - 0] INFO  ha.SCMNodeInfo (SCMNodeInfo.java:getPort(197)) - ConfigKey ozone.scm.client.address is deprecated, For configuring different ports for each SCM use PortConfigKey ozone.scm.client.port appended with serviceId and nodeId
2021-10-05 13:24:53,777 [Datanode State Machine Task Thread - 0] INFO  ha.SCMNodeInfo (SCMNodeInfo.java:getPort(197)) - ConfigKey ozone.scm.block.client.address is deprecated, For configuring different ports for each SCM use PortConfigKey ozone.scm.block.client.port appended with serviceId and nodeId
2021-10-05 13:24:53,781 [Datanode State Machine Task Thread - 0] INFO  ha.SCMNodeInfo (SCMNodeInfo.java:getPort(197)) - ConfigKey ozone.scm.datanode.address is deprecated, For configuring different ports for each SCM use PortConfigKey ozone.scm.datanode.port appended with serviceId and nodeId
2021-10-05 13:24:53,781 [Datanode State Machine Task Thread - 0] INFO  ha.SCMNodeInfo (SCMNodeInfo.java:getPort(197)) - ConfigKey ozone.scm.client.address is deprecated, For configuring different ports for each SCM use PortConfigKey ozone.scm.client.port appended with serviceId and nodeId
2021-10-05 13:24:53,781 [Datanode State Machine Task Thread - 0] INFO  ha.SCMNodeInfo (SCMNodeInfo.java:getPort(197)) - ConfigKey ozone.scm.block.client.address is deprecated, For configuring different ports for each SCM use PortConfigKey ozone.scm.block.client.port appended with serviceId and nodeId
2021-10-05 13:24:53,781 [Datanode State Machine Task Thread - 0] INFO  ha.SCMNodeInfo (SCMNodeInfo.java:getPort(197)) - ConfigKey ozone.scm.datanode.address is deprecated, For configuring different ports for each SCM use PortConfigKey ozone.scm.datanode.port appended with serviceId and nodeId
2021-10-05 13:24:53,783 [Datanode State Machine Task Thread - 0] INFO  datanode.InitDatanodeState (InitDatanodeState.java:persistContainerDatanodeDetails(145)) - DatanodeDetails is persisted to /home/runner/work/ozone/ozone/hadoop-ozone/integration-test/target/test-dir/MiniOzoneClusterImpl-36b87918-66c6-4e2c-9c49-5aa8dab94a1f/datanode-2/meta/datanode.id
2021-10-05 13:24:53,794 [EndpointStateMachine task thread for /127.0.0.1:15031 - 0 ] INFO  ipc.Client (Client.java:handleConnectionFailure(977)) - Retrying connect to server: localhost/127.0.0.1:15031. Already tried 4 time(s); retry policy is RetryUpToMaximumCountWithFixedSleep(maxRetries=15, sleepTime=1000 MILLISECONDS)
2021-10-05 13:24:53,794 [EndpointStateMachine task thread for /127.0.0.1:15021 - 0 ] INFO  ipc.Client (Client.java:handleConnectionFailure(977)) - Retrying connect to server: localhost/127.0.0.1:15021. Already tried 4 time(s); retry policy is RetryUpToMaximumCountWithFixedSleep(maxRetries=15, sleepTime=1000 MILLISECONDS)
2021-10-05 13:24:54,738 [EndpointStateMachine task thread for /127.0.0.1:15041 - 0 ] INFO  ipc.Client (Client.java:handleConnectionFailure(977)) - Retrying connect to server: localhost/127.0.0.1:15041. Already tried 1 time(s); retry policy is RetryUpToMaximumCountWithFixedSleep(maxRetries=15, sleepTime=1000 MILLISECONDS)
2021-10-05 13:24:54,744 [Listener at 127.0.0.1/13296] INFO  ozone.MiniOzoneClusterImpl (MiniOzoneClusterImpl.java:lambda$waitForClusterToBeReady$0(235)) - Waiting for nodes to be ready. Got 0 of 3 DN Heartbeats.
2021-10-05 13:24:54,744 [Listener at 127.0.0.1/13296] INFO  ozone.MiniOzoneClusterImpl (MiniOzoneClusterImpl.java:lambda$waitForClusterToBeReady$0(238)) - Waiting for cluster to exit safe mode
2021-10-05 13:24:54,744 [Listener at 127.0.0.1/13296] INFO  ozone.MiniOzoneClusterImpl (MiniOzoneClusterImpl.java:lambda$waitForClusterToBeReady$0(240)) - SCM became leader
2021-10-05 13:24:54,794 [EndpointStateMachine task thread for /127.0.0.1:15031 - 0 ] INFO  ipc.Client (Client.java:handleConnectionFailure(977)) - Retrying connect to server: localhost/127.0.0.1:15031. Already tried 5 time(s); retry policy is RetryUpToMaximumCountWithFixedSleep(maxRetries=15, sleepTime=1000 MILLISECONDS)
2021-10-05 13:24:54,794 [EndpointStateMachine task thread for /127.0.0.1:15021 - 0 ] INFO  ipc.Client (Client.java:handleConnectionFailure(977)) - Retrying connect to server: localhost/127.0.0.1:15021. Already tried 5 time(s); retry policy is RetryUpToMaximumCountWithFixedSleep(maxRetries=15, sleepTime=1000 MILLISECONDS)
2021-10-05 13:24:55,050 [EndpointStateMachine task thread for /127.0.0.1:13539 - 0 ] INFO  ozoneimpl.OzoneContainer (OzoneContainer.java:start(304)) - Attempting to start container services.
2021-10-05 13:24:55,051 [EndpointStateMachine task thread for /127.0.0.1:13539 - 0 ] INFO  ozoneimpl.OzoneContainer (OzoneContainer.java:startContainerScrub(249)) - Background container scanner has been disabled.
2021-10-05 13:24:55,052 [EndpointStateMachine task thread for /127.0.0.1:13539 - 0 ] INFO  replication.ReplicationServer (ReplicationServer.java:start(107)) - ReplicationServer is started using port 42285
2021-10-05 13:24:55,056 [EndpointStateMachine task thread for /127.0.0.1:13539 - 0 ] INFO  ratis.XceiverServerRatis (XceiverServerRatis.java:start(482)) - Starting XceiverServerRatis b668fbba-0931-4533-8c87-c6849aaa836f
2021-10-05 13:24:55,056 [EndpointStateMachine task thread for /127.0.0.1:13539 - 0 ] INFO  server.RaftServer (RaftServerProxy.java:lambda$start$5(374)) - b668fbba-0931-4533-8c87-c6849aaa836f: start RPC server
2021-10-05 13:24:55,059 [EndpointStateMachine task thread for /127.0.0.1:13539 - 0 ] INFO  server.GrpcService (GrpcService.java:startImpl(253)) - b668fbba-0931-4533-8c87-c6849aaa836f: GrpcService started, listening on 40511
2021-10-05 13:24:55,073 [EndpointStateMachine task thread for /127.0.0.1:13539 - 0 ] INFO  ratis.XceiverServerRatis (XceiverServerRatis.java:getRealPort(503)) - XceiverServerRatis b668fbba-0931-4533-8c87-c6849aaa836f is started using port 40511 for RATIS
2021-10-05 13:24:55,073 [EndpointStateMachine task thread for /127.0.0.1:13539 - 0 ] INFO  ratis.XceiverServerRatis (XceiverServerRatis.java:getRealPort(503)) - XceiverServerRatis b668fbba-0931-4533-8c87-c6849aaa836f is started using port 40511 for RATIS_ADMIN
2021-10-05 13:24:55,073 [EndpointStateMachine task thread for /127.0.0.1:13539 - 0 ] INFO  ratis.XceiverServerRatis (XceiverServerRatis.java:getRealPort(503)) - XceiverServerRatis b668fbba-0931-4533-8c87-c6849aaa836f is started using port 40511 for RATIS_SERVER
2021-10-05 13:24:55,073 [EndpointStateMachine task thread for /127.0.0.1:13539 - 0 ] INFO  server.XceiverServerGrpc (XceiverServerGrpc.java:start(135)) - XceiverServerGrpc b668fbba-0931-4533-8c87-c6849aaa836f is started using port 44361
2021-10-05 13:24:55,074 [org.apache.ratis.util.JvmPauseMonitor$$Lambda$499/1586779822@12ddb026] INFO  util.JvmPauseMonitor (JvmPauseMonitor.java:run(103)) - JvmPauseMonitor-b668fbba-0931-4533-8c87-c6849aaa836f: Started
2021-10-05 13:24:55,079 [EndpointStateMachine task thread for /127.0.0.1:13529 - 0 ] INFO  ozoneimpl.OzoneContainer (OzoneContainer.java:start(300)) - Ignore. OzoneContainer already started.
2021-10-05 13:24:55,521 [EndpointStateMachine task thread for /127.0.0.1:13529 - 0 ] INFO  ozoneimpl.OzoneContainer (OzoneContainer.java:start(304)) - Attempting to start container services.
2021-10-05 13:24:55,521 [EndpointStateMachine task thread for /127.0.0.1:13529 - 0 ] INFO  ozoneimpl.OzoneContainer (OzoneContainer.java:startContainerScrub(249)) - Background container scanner has been disabled.
2021-10-05 13:24:55,523 [EndpointStateMachine task thread for /127.0.0.1:13529 - 0 ] INFO  replication.ReplicationServer (ReplicationServer.java:start(107)) - ReplicationServer is started using port 34867
2021-10-05 13:24:55,528 [EndpointStateMachine task thread for /127.0.0.1:13529 - 0 ] INFO  ratis.XceiverServerRatis (XceiverServerRatis.java:start(482)) - Starting XceiverServerRatis 830d4653-8da7-4c59-a1a4-1cd595539218
2021-10-05 13:24:55,535 [EndpointStateMachine task thread for /127.0.0.1:13529 - 0 ] INFO  server.RaftServer (RaftServerProxy.java:lambda$start$5(374)) - 830d4653-8da7-4c59-a1a4-1cd595539218: start RPC server
2021-10-05 13:24:55,542 [EndpointStateMachine task thread for /127.0.0.1:13529 - 0 ] INFO  server.GrpcService (GrpcService.java:startImpl(253)) - 830d4653-8da7-4c59-a1a4-1cd595539218: GrpcService started, listening on 42995
2021-10-05 13:24:55,563 [EndpointStateMachine task thread for /127.0.0.1:13529 - 0 ] INFO  ratis.XceiverServerRatis (XceiverServerRatis.java:getRealPort(503)) - XceiverServerRatis 830d4653-8da7-4c59-a1a4-1cd595539218 is started using port 42995 for RATIS
2021-10-05 13:24:55,563 [EndpointStateMachine task thread for /127.0.0.1:13529 - 0 ] INFO  ratis.XceiverServerRatis (XceiverServerRatis.java:getRealPort(503)) - XceiverServerRatis 830d4653-8da7-4c59-a1a4-1cd595539218 is started using port 42995 for RATIS_ADMIN
2021-10-05 13:24:55,563 [EndpointStateMachine task thread for /127.0.0.1:13529 - 0 ] INFO  ratis.XceiverServerRatis (XceiverServerRatis.java:getRealPort(503)) - XceiverServerRatis 830d4653-8da7-4c59-a1a4-1cd595539218 is started using port 42995 for RATIS_SERVER
2021-10-05 13:24:55,563 [org.apache.ratis.util.JvmPauseMonitor$$Lambda$499/1586779822@2b7b94bd] INFO  util.JvmPauseMonitor (JvmPauseMonitor.java:run(103)) - JvmPauseMonitor-830d4653-8da7-4c59-a1a4-1cd595539218: Started
2021-10-05 13:24:55,564 [EndpointStateMachine task thread for /127.0.0.1:13529 - 0 ] INFO  server.XceiverServerGrpc (XceiverServerGrpc.java:start(135)) - XceiverServerGrpc 830d4653-8da7-4c59-a1a4-1cd595539218 is started using port 44359
2021-10-05 13:24:55,569 [EndpointStateMachine task thread for /127.0.0.1:13539 - 0 ] INFO  ozoneimpl.OzoneContainer (OzoneContainer.java:start(300)) - Ignore. OzoneContainer already started.
2021-10-05 13:24:55,738 [EndpointStateMachine task thread for /127.0.0.1:15041 - 0 ] INFO  ipc.Client (Client.java:handleConnectionFailure(977)) - Retrying connect to server: localhost/127.0.0.1:15041. Already tried 2 time(s); retry policy is RetryUpToMaximumCountWithFixedSleep(maxRetries=15, sleepTime=1000 MILLISECONDS)
2021-10-05 13:24:55,744 [Listener at 127.0.0.1/13296] INFO  ozone.MiniOzoneClusterImpl (MiniOzoneClusterImpl.java:lambda$waitForClusterToBeReady$0(235)) - Waiting for nodes to be ready. Got 0 of 3 DN Heartbeats.
2021-10-05 13:24:55,745 [Listener at 127.0.0.1/13296] INFO  ozone.MiniOzoneClusterImpl (MiniOzoneClusterImpl.java:lambda$waitForClusterToBeReady$0(238)) - Waiting for cluster to exit safe mode
2021-10-05 13:24:55,745 [Listener at 127.0.0.1/13296] INFO  ozone.MiniOzoneClusterImpl (MiniOzoneClusterImpl.java:lambda$waitForClusterToBeReady$0(240)) - SCM became leader
2021-10-05 13:24:55,787 [EndpointStateMachine task thread for /127.0.0.1:13539 - 0 ] INFO  ozoneimpl.OzoneContainer (OzoneContainer.java:start(304)) - Attempting to start container services.
2021-10-05 13:24:55,787 [EndpointStateMachine task thread for /127.0.0.1:13539 - 0 ] INFO  ozoneimpl.OzoneContainer (OzoneContainer.java:startContainerScrub(249)) - Background container scanner has been disabled.
2021-10-05 13:24:55,788 [EndpointStateMachine task thread for /127.0.0.1:13539 - 0 ] INFO  replication.ReplicationServer (ReplicationServer.java:start(107)) - ReplicationServer is started using port 45905
2021-10-05 13:24:55,789 [EndpointStateMachine task thread for /127.0.0.1:13539 - 0 ] INFO  ratis.XceiverServerRatis (XceiverServerRatis.java:start(482)) - Starting XceiverServerRatis 9cad18a2-4b78-4cb8-813e-2348ce620e43
2021-10-05 13:24:55,791 [EndpointStateMachine task thread for /127.0.0.1:13539 - 0 ] INFO  server.RaftServer (RaftServerProxy.java:lambda$start$5(374)) - 9cad18a2-4b78-4cb8-813e-2348ce620e43: start RPC server
2021-10-05 13:24:55,795 [EndpointStateMachine task thread for /127.0.0.1:15031 - 0 ] INFO  ipc.Client (Client.java:handleConnectionFailure(977)) - Retrying connect to server: localhost/127.0.0.1:15031. Already tried 6 time(s); retry policy is RetryUpToMaximumCountWithFixedSleep(maxRetries=15, sleepTime=1000 MILLISECONDS)
2021-10-05 13:24:55,795 [EndpointStateMachine task thread for /127.0.0.1:15021 - 0 ] INFO  ipc.Client (Client.java:handleConnectionFailure(977)) - Retrying connect to server: localhost/127.0.0.1:15021. Already tried 6 time(s); retry policy is RetryUpToMaximumCountWithFixedSleep(maxRetries=15, sleepTime=1000 MILLISECONDS)
2021-10-05 13:24:55,801 [EndpointStateMachine task thread for /127.0.0.1:13539 - 0 ] INFO  server.GrpcService (GrpcService.java:startImpl(253)) - 9cad18a2-4b78-4cb8-813e-2348ce620e43: GrpcService started, listening on 34379
2021-10-05 13:24:55,802 [EndpointStateMachine task thread for /127.0.0.1:13539 - 0 ] INFO  ratis.XceiverServerRatis (XceiverServerRatis.java:getRealPort(503)) - XceiverServerRatis 9cad18a2-4b78-4cb8-813e-2348ce620e43 is started using port 34379 for RATIS
2021-10-05 13:24:55,802 [EndpointStateMachine task thread for /127.0.0.1:13539 - 0 ] INFO  ratis.XceiverServerRatis (XceiverServerRatis.java:getRealPort(503)) - XceiverServerRatis 9cad18a2-4b78-4cb8-813e-2348ce620e43 is started using port 34379 for RATIS_ADMIN
2021-10-05 13:24:55,802 [EndpointStateMachine task thread for /127.0.0.1:13539 - 0 ] INFO  ratis.XceiverServerRatis (XceiverServerRatis.java:getRealPort(503)) - XceiverServerRatis 9cad18a2-4b78-4cb8-813e-2348ce620e43 is started using port 34379 for RATIS_SERVER
2021-10-05 13:24:55,803 [EndpointStateMachine task thread for /127.0.0.1:13539 - 0 ] INFO  server.XceiverServerGrpc (XceiverServerGrpc.java:start(135)) - XceiverServerGrpc 9cad18a2-4b78-4cb8-813e-2348ce620e43 is started using port 41383
2021-10-05 13:24:55,804 [EndpointStateMachine task thread for /127.0.0.1:13529 - 0 ] INFO  ozoneimpl.OzoneContainer (OzoneContainer.java:start(300)) - Ignore. OzoneContainer already started.
2021-10-05 13:24:55,816 [org.apache.ratis.util.JvmPauseMonitor$$Lambda$499/1586779822@6e58f4d1] INFO  util.JvmPauseMonitor (JvmPauseMonitor.java:run(103)) - JvmPauseMonitor-9cad18a2-4b78-4cb8-813e-2348ce620e43: Started
2021-10-05 13:24:56,739 [EndpointStateMachine task thread for /127.0.0.1:15041 - 0 ] INFO  ipc.Client (Client.java:handleConnectionFailure(977)) - Retrying connect to server: localhost/127.0.0.1:15041. Already tried 3 time(s); retry policy is RetryUpToMaximumCountWithFixedSleep(maxRetries=15, sleepTime=1000 MILLISECONDS)
2021-10-05 13:24:56,745 [Listener at 127.0.0.1/13296] INFO  ozone.MiniOzoneClusterImpl (MiniOzoneClusterImpl.java:lambda$waitForClusterToBeReady$0(235)) - Waiting for nodes to be ready. Got 0 of 3 DN Heartbeats.
2021-10-05 13:24:56,745 [Listener at 127.0.0.1/13296] INFO  ozone.MiniOzoneClusterImpl (MiniOzoneClusterImpl.java:lambda$waitForClusterToBeReady$0(238)) - Waiting for cluster to exit safe mode
2021-10-05 13:24:56,745 [Listener at 127.0.0.1/13296] INFO  ozone.MiniOzoneClusterImpl (MiniOzoneClusterImpl.java:lambda$waitForClusterToBeReady$0(240)) - SCM became leader
2021-10-05 13:24:56,795 [EndpointStateMachine task thread for /127.0.0.1:15021 - 0 ] INFO  ipc.Client (Client.java:handleConnectionFailure(977)) - Retrying connect to server: localhost/127.0.0.1:15021. Already tried 7 time(s); retry policy is RetryUpToMaximumCountWithFixedSleep(maxRetries=15, sleepTime=1000 MILLISECONDS)
2021-10-05 13:24:56,802 [EndpointStateMachine task thread for /127.0.0.1:15031 - 0 ] INFO  ipc.Client (Client.java:handleConnectionFailure(977)) - Retrying connect to server: localhost/127.0.0.1:15031. Already tried 7 time(s); retry policy is RetryUpToMaximumCountWithFixedSleep(maxRetries=15, sleepTime=1000 MILLISECONDS)
2021-10-05 13:24:57,007 [IPC Server handler 2 on default port 13529] INFO  net.NetworkTopologyImpl (NetworkTopologyImpl.java:add(112)) - Added a new node: /default-rack/b668fbba-0931-4533-8c87-c6849aaa836f
2021-10-05 13:24:57,008 [IPC Server handler 2 on default port 13529] INFO  node.SCMNodeManager (SCMNodeManager.java:register(389)) - Registered Data node : b668fbba-0931-4533-8c87-c6849aaa836f{ip: 127.0.0.1, host: localhost, ports: [REPLICATION=42285, RATIS=40511, RATIS_ADMIN=40511, RATIS_SERVER=40511, STANDALONE=44361], networkLocation: /default-rack, certSerialId: null, persistedOpState: null, persistedOpStateExpiryEpochSec: 0}
2021-10-05 13:24:57,009 [EventQueue-NewNodeForNewNodeHandler] INFO  pipeline.BackgroundPipelineCreator (BackgroundPipelineCreatorV2.java:notifyEventTriggered(285)) - trigger a one-shot run on RatisPipelineUtilsThread.
2021-10-05 13:24:57,010 [EventQueue-NodeRegistrationContainerReportForDataNodeSafeModeRule] INFO  safemode.SCMSafeModeManager (DataNodeSafeModeRule.java:process(71)) - SCM in safe mode. 1 DataNodes registered, 3 required.
2021-10-05 13:24:57,010 [RatisPipelineUtilsThread - 0] INFO  pipeline.RatisPipelineProvider (RatisPipelineProvider.java:lambda$create$0(183)) - Sending CreatePipelineCommand for pipeline:PipelineID=fb43a933-1c8b-4815-9314-16677137c488 to datanode:b668fbba-0931-4533-8c87-c6849aaa836f
2021-10-05 13:24:57,012 [EventQueue-NodeRegistrationContainerReportForContainerSafeModeRule] INFO  safemode.SCMSafeModeManager (SCMSafeModeManager.java:validateSafeModeExitRules(204)) - ContainerSafeModeRule rule is successfully validated
2021-10-05 13:24:57,020 [IPC Server handler 0 on default port 13539] INFO  net.NetworkTopologyImpl (NetworkTopologyImpl.java:add(112)) - Added a new node: /default-rack/b668fbba-0931-4533-8c87-c6849aaa836f
2021-10-05 13:24:57,020 [IPC Server handler 0 on default port 13539] INFO  node.SCMNodeManager (SCMNodeManager.java:register(389)) - Registered Data node : b668fbba-0931-4533-8c87-c6849aaa836f{ip: 127.0.0.1, host: localhost, ports: [REPLICATION=42285, RATIS=40511, RATIS_ADMIN=40511, RATIS_SERVER=40511, STANDALONE=44361], networkLocation: /default-rack, certSerialId: null, persistedOpState: null, persistedOpStateExpiryEpochSec: 0}
2021-10-05 13:24:57,023 [EventQueue-PipelineReportForOneReplicaPipelineSafeModeRule] INFO  safemode.SCMSafeModeManager (SCMSafeModeManager.java:validateSafeModeExitRules(204)) - AtleastOneDatanodeReportedRule rule is successfully validated
2021-10-05 13:24:57,028 [EventQueue-NodeRegistrationContainerReportForDataNodeSafeModeRule] INFO  safemode.SCMSafeModeManager (DataNodeSafeModeRule.java:process(71)) - SCM in safe mode. 1 DataNodes registered, 3 required.
2021-10-05 13:24:57,031 [EventQueue-NewNodeForNewNodeHandler] INFO  pipeline.BackgroundPipelineCreator (BackgroundPipelineCreatorV2.java:notifyEventTriggered(279)) - ignore, not leader SCM.
2021-10-05 13:24:57,031 [EventQueue-NodeRegistrationContainerReportForContainerSafeModeRule] INFO  safemode.SCMSafeModeManager (SCMSafeModeManager.java:validateSafeModeExitRules(204)) - ContainerSafeModeRule rule is successfully validated
2021-10-05 13:24:57,042 [EventQueue-PipelineReportForOneReplicaPipelineSafeModeRule] INFO  safemode.SCMSafeModeManager (SCMSafeModeManager.java:validateSafeModeExitRules(204)) - AtleastOneDatanodeReportedRule rule is successfully validated
2021-10-05 13:24:57,084 [21490b65-0a55-46f3-b94a-dd719a327c14@group-5AA8DAB94A1F-StateMachineUpdater] INFO  pipeline.PipelineStateManagerImpl (PipelineStateManagerImpl.java:addPipeline(101)) - Created pipeline Pipeline[ Id: fb43a933-1c8b-4815-9314-16677137c488, Nodes: b668fbba-0931-4533-8c87-c6849aaa836f{ip: 127.0.0.1, host: localhost, ports: [REPLICATION=42285, RATIS=40511, RATIS_ADMIN=40511, RATIS_SERVER=40511, STANDALONE=44361], networkLocation: /default-rack, certSerialId: null, persistedOpState: IN_SERVICE, persistedOpStateExpiryEpochSec: 0}, ReplicationConfig: RATIS/ONE, State:ALLOCATED, leaderId:, CreationTimestamp2021-10-05T13:24:57.010Z[Etc/UTC]].
2021-10-05 13:24:57,084 [21490b65-0a55-46f3-b94a-dd719a327c14@group-5AA8DAB94A1F-StateMachineUpdater] INFO  safemode.HealthyPipelineSafeModeRule (HealthyPipelineSafeModeRule.java:initializeRule(152)) - Refreshed total pipeline count is 0, healthy pipeline threshold count is 1
2021-10-05 13:24:57,087 [RatisPipelineUtilsThread - 0] INFO  ha.SCMHAInvocationHandler (SCMHAInvocationHandler.java:invokeRatis(113)) - Invoking method public abstract void org.apache.hadoop.hdds.scm.pipeline.PipelineStateManager.addPipeline(org.apache.hadoop.hdds.protocol.proto.HddsProtos$Pipeline) throws java.io.IOException on target org.apache.hadoop.hdds.scm.ha.SCMRatisServerImpl@7efc167c, cost 74397.566us
2021-10-05 13:24:57,116 [6d234f4d-474a-4c74-a9e9-8f3885fce584@group-5AA8DAB94A1F-StateMachineUpdater] INFO  pipeline.PipelineStateManagerImpl (PipelineStateManagerImpl.java:addPipeline(101)) - Created pipeline Pipeline[ Id: fb43a933-1c8b-4815-9314-16677137c488, Nodes: b668fbba-0931-4533-8c87-c6849aaa836f{ip: 127.0.0.1, host: localhost, ports: [REPLICATION=42285, RATIS=40511, RATIS_ADMIN=40511, RATIS_SERVER=40511, STANDALONE=44361], networkLocation: /default-rack, certSerialId: null, persistedOpState: IN_SERVICE, persistedOpStateExpiryEpochSec: 0}, ReplicationConfig: RATIS/ONE, State:ALLOCATED, leaderId:, CreationTimestamp2021-10-05T13:24:57.010Z[Etc/UTC]].
2021-10-05 13:24:57,116 [6d234f4d-474a-4c74-a9e9-8f3885fce584@group-5AA8DAB94A1F-StateMachineUpdater] INFO  safemode.HealthyPipelineSafeModeRule (HealthyPipelineSafeModeRule.java:initializeRule(152)) - Refreshed total pipeline count is 0, healthy pipeline threshold count is 1
2021-10-05 13:24:57,506 [IPC Server handler 1 on default port 13529] INFO  net.NetworkTopologyImpl (NetworkTopologyImpl.java:add(112)) - Added a new node: /default-rack/830d4653-8da7-4c59-a1a4-1cd595539218
2021-10-05 13:24:57,506 [IPC Server handler 1 on default port 13539] INFO  net.NetworkTopologyImpl (NetworkTopologyImpl.java:add(112)) - Added a new node: /default-rack/830d4653-8da7-4c59-a1a4-1cd595539218
2021-10-05 13:24:57,506 [IPC Server handler 1 on default port 13529] INFO  node.SCMNodeManager (SCMNodeManager.java:register(389)) - Registered Data node : 830d4653-8da7-4c59-a1a4-1cd595539218{ip: 127.0.0.1, host: localhost, ports: [REPLICATION=34867, RATIS=42995, RATIS_ADMIN=42995, RATIS_SERVER=42995, STANDALONE=44359], networkLocation: /default-rack, certSerialId: null, persistedOpState: null, persistedOpStateExpiryEpochSec: 0}
2021-10-05 13:24:57,506 [IPC Server handler 1 on default port 13539] INFO  node.SCMNodeManager (SCMNodeManager.java:register(389)) - Registered Data node : 830d4653-8da7-4c59-a1a4-1cd595539218{ip: 127.0.0.1, host: localhost, ports: [REPLICATION=34867, RATIS=42995, RATIS_ADMIN=42995, RATIS_SERVER=42995, STANDALONE=44359], networkLocation: /default-rack, certSerialId: null, persistedOpState: null, persistedOpStateExpiryEpochSec: 0}
2021-10-05 13:24:57,507 [EventQueue-NewNodeForNewNodeHandler] INFO  pipeline.BackgroundPipelineCreator (BackgroundPipelineCreatorV2.java:notifyEventTriggered(285)) - trigger a one-shot run on RatisPipelineUtilsThread.
2021-10-05 13:24:57,507 [EventQueue-NewNodeForNewNodeHandler] INFO  pipeline.BackgroundPipelineCreator (BackgroundPipelineCreatorV2.java:notifyEventTriggered(279)) - ignore, not leader SCM.
2021-10-05 13:24:57,511 [EventQueue-NodeRegistrationContainerReportForDataNodeSafeModeRule] INFO  safemode.SCMSafeModeManager (DataNodeSafeModeRule.java:process(71)) - SCM in safe mode. 2 DataNodes registered, 3 required.
2021-10-05 13:24:57,513 [RatisPipelineUtilsThread - 0] INFO  pipeline.RatisPipelineProvider (RatisPipelineProvider.java:lambda$create$0(183)) - Sending CreatePipelineCommand for pipeline:PipelineID=41685362-6c68-4243-9411-8307c7c0d048 to datanode:830d4653-8da7-4c59-a1a4-1cd595539218
2021-10-05 13:24:57,516 [EventQueue-NodeRegistrationContainerReportForDataNodeSafeModeRule] INFO  safemode.SCMSafeModeManager (DataNodeSafeModeRule.java:process(71)) - SCM in safe mode. 2 DataNodes registered, 3 required.
2021-10-05 13:24:57,520 [21490b65-0a55-46f3-b94a-dd719a327c14@group-5AA8DAB94A1F-StateMachineUpdater] INFO  pipeline.PipelineStateManagerImpl (PipelineStateManagerImpl.java:addPipeline(101)) - Created pipeline Pipeline[ Id: 41685362-6c68-4243-9411-8307c7c0d048, Nodes: 830d4653-8da7-4c59-a1a4-1cd595539218{ip: 127.0.0.1, host: localhost, ports: [REPLICATION=34867, RATIS=42995, RATIS_ADMIN=42995, RATIS_SERVER=42995, STANDALONE=44359], networkLocation: /default-rack, certSerialId: null, persistedOpState: IN_SERVICE, persistedOpStateExpiryEpochSec: 0}, ReplicationConfig: RATIS/ONE, State:ALLOCATED, leaderId:, CreationTimestamp2021-10-05T13:24:57.513Z[Etc/UTC]].
2021-10-05 13:24:57,520 [21490b65-0a55-46f3-b94a-dd719a327c14@group-5AA8DAB94A1F-StateMachineUpdater] INFO  safemode.HealthyPipelineSafeModeRule (HealthyPipelineSafeModeRule.java:initializeRule(152)) - Refreshed total pipeline count is 0, healthy pipeline threshold count is 1
2021-10-05 13:24:57,521 [RatisPipelineUtilsThread - 0] INFO  ha.SCMHAInvocationHandler (SCMHAInvocationHandler.java:invokeRatis(113)) - Invoking method public abstract void org.apache.hadoop.hdds.scm.pipeline.PipelineStateManager.addPipeline(org.apache.hadoop.hdds.protocol.proto.HddsProtos$Pipeline) throws java.io.IOException on target org.apache.hadoop.hdds.scm.ha.SCMRatisServerImpl@7efc167c, cost 7779.17us
2021-10-05 13:24:57,536 [6d234f4d-474a-4c74-a9e9-8f3885fce584@group-5AA8DAB94A1F-StateMachineUpdater] INFO  pipeline.PipelineStateManagerImpl (PipelineStateManagerImpl.java:addPipeline(101)) - Created pipeline Pipeline[ Id: 41685362-6c68-4243-9411-8307c7c0d048, Nodes: 830d4653-8da7-4c59-a1a4-1cd595539218{ip: 127.0.0.1, host: localhost, ports: [REPLICATION=34867, RATIS=42995, RATIS_ADMIN=42995, RATIS_SERVER=42995, STANDALONE=44359], networkLocation: /default-rack, certSerialId: null, persistedOpState: IN_SERVICE, persistedOpStateExpiryEpochSec: 0}, ReplicationConfig: RATIS/ONE, State:ALLOCATED, leaderId:, CreationTimestamp2021-10-05T13:24:57.513Z[Etc/UTC]].
2021-10-05 13:24:57,536 [6d234f4d-474a-4c74-a9e9-8f3885fce584@group-5AA8DAB94A1F-StateMachineUpdater] INFO  safemode.HealthyPipelineSafeModeRule (HealthyPipelineSafeModeRule.java:initializeRule(152)) - Refreshed total pipeline count is 0, healthy pipeline threshold count is 1
2021-10-05 13:24:57,536 [21490b65-0a55-46f3-b94a-dd719a327c14@group-5AA8DAB94A1F-StateMachineUpdater] INFO  ha.SCMStateMachine (SCMStateMachine.java:takeSnapshot(290)) - Current Snapshot Index 10, takeSnapshot took 0 ms
2021-10-05 13:24:57,536 [21490b65-0a55-46f3-b94a-dd719a327c14@group-5AA8DAB94A1F-StateMachineUpdater] INFO  impl.StateMachineUpdater (StateMachineUpdater.java:takeSnapshot(281)) - 21490b65-0a55-46f3-b94a-dd719a327c14@group-5AA8DAB94A1F-StateMachineUpdater: Took a snapshot at index 10
2021-10-05 13:24:57,536 [21490b65-0a55-46f3-b94a-dd719a327c14@group-5AA8DAB94A1F-StateMachineUpdater] INFO  impl.StateMachineUpdater (StateMachineUpdater.java:lambda$new$0(89)) - 21490b65-0a55-46f3-b94a-dd719a327c14@group-5AA8DAB94A1F-StateMachineUpdater: snapshotIndex: updateIncreasingly 5 -> 10
2021-10-05 13:24:57,536 [21490b65-0a55-46f3-b94a-dd719a327c14@group-5AA8DAB94A1F-StateMachineUpdater] INFO  raftlog.RaftLog (RaftLogBase.java:purge(306)) - 21490b65-0a55-46f3-b94a-dd719a327c14@group-5AA8DAB94A1F-SegmentedRaftLog: purge 10
2021-10-05 13:24:57,536 [21490b65-0a55-46f3-b94a-dd719a327c14@group-5AA8DAB94A1F-StateMachineUpdater] INFO  raftlog.RaftLog (RaftLogBase.java:lambda$new$0(53)) - 21490b65-0a55-46f3-b94a-dd719a327c14@group-5AA8DAB94A1F-SegmentedRaftLog: snapshotIndex: updateIncreasingly 5 -> 10
2021-10-05 13:24:57,536 [21490b65-0a55-46f3-b94a-dd719a327c14@group-5AA8DAB94A1F-StateMachineUpdater] INFO  raftlog.RaftLog (RaftLogBase.java:lambda$new$0(53)) - 21490b65-0a55-46f3-b94a-dd719a327c14@group-5AA8DAB94A1F-SegmentedRaftLog: purgeIndex: updateToMax old=0, new=10, updated? true
2021-10-05 13:24:57,740 [EndpointStateMachine task thread for /127.0.0.1:15041 - 0 ] INFO  ipc.Client (Client.java:handleConnectionFailure(977)) - Retrying connect to server: localhost/127.0.0.1:15041. Already tried 4 time(s); retry policy is RetryUpToMaximumCountWithFixedSleep(maxRetries=15, sleepTime=1000 MILLISECONDS)
2021-10-05 13:24:57,746 [Listener at 127.0.0.1/13296] INFO  ozone.MiniOzoneClusterImpl (MiniOzoneClusterImpl.java:lambda$waitForClusterToBeReady$0(235)) - Waiting for nodes to be ready. Got 2 of 3 DN Heartbeats.
2021-10-05 13:24:57,746 [Listener at 127.0.0.1/13296] INFO  ozone.MiniOzoneClusterImpl (MiniOzoneClusterImpl.java:lambda$waitForClusterToBeReady$0(238)) - Waiting for cluster to exit safe mode
2021-10-05 13:24:57,746 [Listener at 127.0.0.1/13296] INFO  ozone.MiniOzoneClusterImpl (MiniOzoneClusterImpl.java:lambda$waitForClusterToBeReady$0(240)) - SCM became leader
2021-10-05 13:24:57,770 [IPC Server handler 19 on default port 13539] INFO  net.NetworkTopologyImpl (NetworkTopologyImpl.java:add(112)) - Added a new node: /default-rack/9cad18a2-4b78-4cb8-813e-2348ce620e43
2021-10-05 13:24:57,770 [IPC Server handler 19 on default port 13539] INFO  node.SCMNodeManager (SCMNodeManager.java:register(389)) - Registered Data node : 9cad18a2-4b78-4cb8-813e-2348ce620e43{ip: 127.0.0.1, host: localhost, ports: [REPLICATION=45905, RATIS=34379, RATIS_ADMIN=34379, RATIS_SERVER=34379, STANDALONE=41383], networkLocation: /default-rack, certSerialId: null, persistedOpState: null, persistedOpStateExpiryEpochSec: 0}
2021-10-05 13:24:57,770 [EventQueue-NewNodeForNewNodeHandler] INFO  pipeline.BackgroundPipelineCreator (BackgroundPipelineCreatorV2.java:notifyEventTriggered(279)) - ignore, not leader SCM.
2021-10-05 13:24:57,771 [IPC Server handler 0 on default port 13529] INFO  net.NetworkTopologyImpl (NetworkTopologyImpl.java:add(112)) - Added a new node: /default-rack/9cad18a2-4b78-4cb8-813e-2348ce620e43
2021-10-05 13:24:57,771 [IPC Server handler 0 on default port 13529] INFO  node.SCMNodeManager (SCMNodeManager.java:register(389)) - Registered Data node : 9cad18a2-4b78-4cb8-813e-2348ce620e43{ip: 127.0.0.1, host: localhost, ports: [REPLICATION=45905, RATIS=34379, RATIS_ADMIN=34379, RATIS_SERVER=34379, STANDALONE=41383], networkLocation: /default-rack, certSerialId: null, persistedOpState: null, persistedOpStateExpiryEpochSec: 0}
2021-10-05 13:24:57,771 [EventQueue-NewNodeForNewNodeHandler] INFO  pipeline.BackgroundPipelineCreator (BackgroundPipelineCreatorV2.java:notifyEventTriggered(285)) - trigger a one-shot run on RatisPipelineUtilsThread.
2021-10-05 13:24:57,771 [RatisPipelineUtilsThread - 0] INFO  pipeline.RatisPipelineProvider (RatisPipelineProvider.java:lambda$create$0(183)) - Sending CreatePipelineCommand for pipeline:PipelineID=698a69f9-cff2-4881-8cc2-9bc7fbf74007 to datanode:9cad18a2-4b78-4cb8-813e-2348ce620e43
2021-10-05 13:24:57,774 [EventQueue-NodeRegistrationContainerReportForDataNodeSafeModeRule] INFO  safemode.SCMSafeModeManager (DataNodeSafeModeRule.java:process(71)) - SCM in safe mode. 3 DataNodes registered, 3 required.
2021-10-05 13:24:57,774 [EventQueue-NodeRegistrationContainerReportForDataNodeSafeModeRule] INFO  safemode.SCMSafeModeManager (SCMSafeModeManager.java:validateSafeModeExitRules(204)) - DataNodeSafeModeRule rule is successfully validated
2021-10-05 13:24:57,774 [EventQueue-NodeRegistrationContainerReportForDataNodeSafeModeRule] INFO  safemode.SCMSafeModeManager (SCMSafeModeManager.java:completePreCheck(233)) - All SCM safe mode pre check rules have passed
2021-10-05 13:24:57,774 [EventQueue-NodeRegistrationContainerReportForDataNodeSafeModeRule] WARN  events.EventQueue (EventQueue.java:fireEvent(194)) - No event handler registered for event TypedEvent{payloadType=SafeModeStatus, name='Safe mode status'}
2021-10-05 13:24:57,774 [EventQueue-NodeRegistrationContainerReportForDataNodeSafeModeRule] INFO  ha.SCMContext (SCMContext.java:updateSafeModeStatus(205)) - Update SafeModeStatus from SafeModeStatus{safeModeStatus=true, preCheckPassed=false} to SafeModeStatus{safeModeStatus=true, preCheckPassed=true}.
2021-10-05 13:24:57,774 [EventQueue-NodeRegistrationContainerReportForDataNodeSafeModeRule] INFO  pipeline.BackgroundPipelineCreator (BackgroundPipelineCreatorV2.java:notifyEventTriggered(279)) - ignore, not leader SCM.
2021-10-05 13:24:57,779 [6d234f4d-474a-4c74-a9e9-8f3885fce584@group-5AA8DAB94A1F-StateMachineUpdater] INFO  ha.SCMStateMachine (SCMStateMachine.java:takeSnapshot(290)) - Current Snapshot Index 10, takeSnapshot took 0 ms
2021-10-05 13:24:57,779 [6d234f4d-474a-4c74-a9e9-8f3885fce584@group-5AA8DAB94A1F-StateMachineUpdater] INFO  impl.StateMachineUpdater (StateMachineUpdater.java:takeSnapshot(281)) - 6d234f4d-474a-4c74-a9e9-8f3885fce584@group-5AA8DAB94A1F-StateMachineUpdater: Took a snapshot at index 10
2021-10-05 13:24:57,779 [6d234f4d-474a-4c74-a9e9-8f3885fce584@group-5AA8DAB94A1F-StateMachineUpdater] INFO  impl.StateMachineUpdater (StateMachineUpdater.java:lambda$new$0(89)) - 6d234f4d-474a-4c74-a9e9-8f3885fce584@group-5AA8DAB94A1F-StateMachineUpdater: snapshotIndex: updateIncreasingly 5 -> 10
2021-10-05 13:24:57,779 [6d234f4d-474a-4c74-a9e9-8f3885fce584@group-5AA8DAB94A1F-StateMachineUpdater] INFO  raftlog.RaftLog (RaftLogBase.java:purge(306)) - 6d234f4d-474a-4c74-a9e9-8f3885fce584@group-5AA8DAB94A1F-SegmentedRaftLog: purge 10
2021-10-05 13:24:57,779 [6d234f4d-474a-4c74-a9e9-8f3885fce584@group-5AA8DAB94A1F-StateMachineUpdater] INFO  raftlog.RaftLog (RaftLogBase.java:lambda$new$0(53)) - 6d234f4d-474a-4c74-a9e9-8f3885fce584@group-5AA8DAB94A1F-SegmentedRaftLog: snapshotIndex: updateIncreasingly 5 -> 10
2021-10-05 13:24:57,779 [6d234f4d-474a-4c74-a9e9-8f3885fce584@group-5AA8DAB94A1F-StateMachineUpdater] INFO  raftlog.RaftLog (RaftLogBase.java:lambda$new$0(53)) - 6d234f4d-474a-4c74-a9e9-8f3885fce584@group-5AA8DAB94A1F-SegmentedRaftLog: purgeIndex: updateToMax old=0, new=10, updated? true
2021-10-05 13:24:57,780 [21490b65-0a55-46f3-b94a-dd719a327c14@group-5AA8DAB94A1F-StateMachineUpdater] INFO  pipeline.PipelineStateManagerImpl (PipelineStateManagerImpl.java:addPipeline(101)) - Created pipeline Pipeline[ Id: 698a69f9-cff2-4881-8cc2-9bc7fbf74007, Nodes: 9cad18a2-4b78-4cb8-813e-2348ce620e43{ip: 127.0.0.1, host: localhost, ports: [REPLICATION=45905, RATIS=34379, RATIS_ADMIN=34379, RATIS_SERVER=34379, STANDALONE=41383], networkLocation: /default-rack, certSerialId: null, persistedOpState: IN_SERVICE, persistedOpStateExpiryEpochSec: 0}, ReplicationConfig: RATIS/ONE, State:ALLOCATED, leaderId:, CreationTimestamp2021-10-05T13:24:57.771Z[Etc/UTC]].
2021-10-05 13:24:57,780 [21490b65-0a55-46f3-b94a-dd719a327c14@group-5AA8DAB94A1F-StateMachineUpdater] INFO  safemode.HealthyPipelineSafeModeRule (HealthyPipelineSafeModeRule.java:initializeRule(152)) - Refreshed total pipeline count is 0, healthy pipeline threshold count is 1
2021-10-05 13:24:57,780 [RatisPipelineUtilsThread - 0] INFO  ha.SCMHAInvocationHandler (SCMHAInvocationHandler.java:invokeRatis(113)) - Invoking method public abstract void org.apache.hadoop.hdds.scm.pipeline.PipelineStateManager.addPipeline(org.apache.hadoop.hdds.protocol.proto.HddsProtos$Pipeline) throws java.io.IOException on target org.apache.hadoop.hdds.scm.ha.SCMRatisServerImpl@7efc167c, cost 8772.668us
2021-10-05 13:24:57,783 [EventQueue-NodeRegistrationContainerReportForDataNodeSafeModeRule] INFO  safemode.SCMSafeModeManager (DataNodeSafeModeRule.java:process(71)) - SCM in safe mode. 3 DataNodes registered, 3 required.
2021-10-05 13:24:57,783 [EventQueue-NodeRegistrationContainerReportForDataNodeSafeModeRule] INFO  safemode.SCMSafeModeManager (SCMSafeModeManager.java:validateSafeModeExitRules(204)) - DataNodeSafeModeRule rule is successfully validated
2021-10-05 13:24:57,783 [EventQueue-NodeRegistrationContainerReportForDataNodeSafeModeRule] INFO  safemode.SCMSafeModeManager (SCMSafeModeManager.java:completePreCheck(233)) - All SCM safe mode pre check rules have passed
2021-10-05 13:24:57,783 [EventQueue-NodeRegistrationContainerReportForDataNodeSafeModeRule] WARN  events.EventQueue (EventQueue.java:fireEvent(194)) - No event handler registered for event TypedEvent{payloadType=SafeModeStatus, name='Safe mode status'}
2021-10-05 13:24:57,783 [EventQueue-NodeRegistrationContainerReportForDataNodeSafeModeRule] INFO  ha.SCMContext (SCMContext.java:updateSafeModeStatus(205)) - Update SafeModeStatus from SafeModeStatus{safeModeStatus=true, preCheckPassed=false} to SafeModeStatus{safeModeStatus=true, preCheckPassed=true}.
2021-10-05 13:24:57,784 [EventQueue-NodeRegistrationContainerReportForDataNodeSafeModeRule] INFO  pipeline.BackgroundPipelineCreator (BackgroundPipelineCreatorV2.java:notifyEventTriggered(285)) - trigger a one-shot run on RatisPipelineUtilsThread.
2021-10-05 13:24:57,784 [RatisPipelineUtilsThread - 0] INFO  pipeline.RatisPipelineProvider (RatisPipelineProvider.java:lambda$create$0(183)) - Sending CreatePipelineCommand for pipeline:PipelineID=5cfa055b-4c5c-4f3c-a5c0-62f8e1a01d1d to datanode:9cad18a2-4b78-4cb8-813e-2348ce620e43
2021-10-05 13:24:57,784 [RatisPipelineUtilsThread - 0] INFO  pipeline.RatisPipelineProvider (RatisPipelineProvider.java:lambda$create$0(183)) - Sending CreatePipelineCommand for pipeline:PipelineID=5cfa055b-4c5c-4f3c-a5c0-62f8e1a01d1d to datanode:b668fbba-0931-4533-8c87-c6849aaa836f
2021-10-05 13:24:57,784 [RatisPipelineUtilsThread - 0] INFO  pipeline.RatisPipelineProvider (RatisPipelineProvider.java:lambda$create$0(183)) - Sending CreatePipelineCommand for pipeline:PipelineID=5cfa055b-4c5c-4f3c-a5c0-62f8e1a01d1d to datanode:830d4653-8da7-4c59-a1a4-1cd595539218
2021-10-05 13:24:57,792 [6d234f4d-474a-4c74-a9e9-8f3885fce584@group-5AA8DAB94A1F-StateMachineUpdater] INFO  pipeline.PipelineStateManagerImpl (PipelineStateManagerImpl.java:addPipeline(101)) - Created pipeline Pipeline[ Id: 698a69f9-cff2-4881-8cc2-9bc7fbf74007, Nodes: 9cad18a2-4b78-4cb8-813e-2348ce620e43{ip: 127.0.0.1, host: localhost, ports: [REPLICATION=45905, RATIS=34379, RATIS_ADMIN=34379, RATIS_SERVER=34379, STANDALONE=41383], networkLocation: /default-rack, certSerialId: null, persistedOpState: IN_SERVICE, persistedOpStateExpiryEpochSec: 0}, ReplicationConfig: RATIS/ONE, State:ALLOCATED, leaderId:, CreationTimestamp2021-10-05T13:24:57.771Z[Etc/UTC]].
2021-10-05 13:24:57,793 [6d234f4d-474a-4c74-a9e9-8f3885fce584@group-5AA8DAB94A1F-StateMachineUpdater] INFO  safemode.HealthyPipelineSafeModeRule (HealthyPipelineSafeModeRule.java:initializeRule(152)) - Refreshed total pipeline count is 0, healthy pipeline threshold count is 1
2021-10-05 13:24:57,796 [EndpointStateMachine task thread for /127.0.0.1:15021 - 0 ] INFO  ipc.Client (Client.java:handleConnectionFailure(977)) - Retrying connect to server: localhost/127.0.0.1:15021. Already tried 8 time(s); retry policy is RetryUpToMaximumCountWithFixedSleep(maxRetries=15, sleepTime=1000 MILLISECONDS)
2021-10-05 13:24:57,798 [21490b65-0a55-46f3-b94a-dd719a327c14@group-5AA8DAB94A1F-StateMachineUpdater] INFO  pipeline.PipelineStateManagerImpl (PipelineStateManagerImpl.java:addPipeline(101)) - Created pipeline Pipeline[ Id: 5cfa055b-4c5c-4f3c-a5c0-62f8e1a01d1d, Nodes: 9cad18a2-4b78-4cb8-813e-2348ce620e43{ip: 127.0.0.1, host: localhost, ports: [REPLICATION=45905, RATIS=34379, RATIS_ADMIN=34379, RATIS_SERVER=34379, STANDALONE=41383], networkLocation: /default-rack, certSerialId: null, persistedOpState: IN_SERVICE, persistedOpStateExpiryEpochSec: 0}b668fbba-0931-4533-8c87-c6849aaa836f{ip: 127.0.0.1, host: localhost, ports: [REPLICATION=42285, RATIS=40511, RATIS_ADMIN=40511, RATIS_SERVER=40511, STANDALONE=44361], networkLocation: /default-rack, certSerialId: null, persistedOpState: IN_SERVICE, persistedOpStateExpiryEpochSec: 0}830d4653-8da7-4c59-a1a4-1cd595539218{ip: 127.0.0.1, host: localhost, ports: [REPLICATION=34867, RATIS=42995, RATIS_ADMIN=42995, RATIS_SERVER=42995, STANDALONE=44359], networkLocation: /default-rack, certSerialId: null, persistedOpState: IN_SERVICE, persistedOpStateExpiryEpochSec: 0}, ReplicationConfig: RATIS/THREE, State:ALLOCATED, leaderId:, CreationTimestamp2021-10-05T13:24:57.784Z[Etc/UTC]].
2021-10-05 13:24:57,798 [21490b65-0a55-46f3-b94a-dd719a327c14@group-5AA8DAB94A1F-StateMachineUpdater] INFO  safemode.HealthyPipelineSafeModeRule (HealthyPipelineSafeModeRule.java:initializeRule(152)) - Refreshed total pipeline count is 0, healthy pipeline threshold count is 1
2021-10-05 13:24:57,798 [RatisPipelineUtilsThread - 0] INFO  ha.SCMHAInvocationHandler (SCMHAInvocationHandler.java:invokeRatis(113)) - Invoking method public abstract void org.apache.hadoop.hdds.scm.pipeline.PipelineStateManager.addPipeline(org.apache.hadoop.hdds.protocol.proto.HddsProtos$Pipeline) throws java.io.IOException on target org.apache.hadoop.hdds.scm.ha.SCMRatisServerImpl@7efc167c, cost 13261.613us
2021-10-05 13:24:57,798 [RatisPipelineUtilsThread - 0] INFO  pipeline.RatisPipelineProvider (RatisPipelineProvider.java:lambda$create$0(183)) - Sending CreatePipelineCommand for pipeline:PipelineID=1cc8aba1-0118-4460-9a8d-9360a73a2abc to datanode:b668fbba-0931-4533-8c87-c6849aaa836f
2021-10-05 13:24:57,798 [RatisPipelineUtilsThread - 0] INFO  pipeline.RatisPipelineProvider (RatisPipelineProvider.java:lambda$create$0(183)) - Sending CreatePipelineCommand for pipeline:PipelineID=1cc8aba1-0118-4460-9a8d-9360a73a2abc to datanode:830d4653-8da7-4c59-a1a4-1cd595539218
2021-10-05 13:24:57,798 [RatisPipelineUtilsThread - 0] INFO  pipeline.RatisPipelineProvider (RatisPipelineProvider.java:lambda$create$0(183)) - Sending CreatePipelineCommand for pipeline:PipelineID=1cc8aba1-0118-4460-9a8d-9360a73a2abc to datanode:9cad18a2-4b78-4cb8-813e-2348ce620e43
2021-10-05 13:24:57,802 [EndpointStateMachine task thread for /127.0.0.1:15031 - 0 ] INFO  ipc.Client (Client.java:handleConnectionFailure(977)) - Retrying connect to server: localhost/127.0.0.1:15031. Already tried 8 time(s); retry policy is RetryUpToMaximumCountWithFixedSleep(maxRetries=15, sleepTime=1000 MILLISECONDS)
2021-10-05 13:24:57,807 [6d234f4d-474a-4c74-a9e9-8f3885fce584@group-5AA8DAB94A1F-StateMachineUpdater] INFO  pipeline.PipelineStateManagerImpl (PipelineStateManagerImpl.java:addPipeline(101)) - Created pipeline Pipeline[ Id: 5cfa055b-4c5c-4f3c-a5c0-62f8e1a01d1d, Nodes: 9cad18a2-4b78-4cb8-813e-2348ce620e43{ip: 127.0.0.1, host: localhost, ports: [REPLICATION=45905, RATIS=34379, RATIS_ADMIN=34379, RATIS_SERVER=34379, STANDALONE=41383], networkLocation: /default-rack, certSerialId: null, persistedOpState: IN_SERVICE, persistedOpStateExpiryEpochSec: 0}b668fbba-0931-4533-8c87-c6849aaa836f{ip: 127.0.0.1, host: localhost, ports: [REPLICATION=42285, RATIS=40511, RATIS_ADMIN=40511, RATIS_SERVER=40511, STANDALONE=44361], networkLocation: /default-rack, certSerialId: null, persistedOpState: IN_SERVICE, persistedOpStateExpiryEpochSec: 0}830d4653-8da7-4c59-a1a4-1cd595539218{ip: 127.0.0.1, host: localhost, ports: [REPLICATION=34867, RATIS=42995, RATIS_ADMIN=42995, RATIS_SERVER=42995, STANDALONE=44359], networkLocation: /default-rack, certSerialId: null, persistedOpState: IN_SERVICE, persistedOpStateExpiryEpochSec: 0}, ReplicationConfig: RATIS/THREE, State:ALLOCATED, leaderId:, CreationTimestamp2021-10-05T13:24:57.784Z[Etc/UTC]].
2021-10-05 13:24:57,807 [6d234f4d-474a-4c74-a9e9-8f3885fce584@group-5AA8DAB94A1F-StateMachineUpdater] INFO  safemode.HealthyPipelineSafeModeRule (HealthyPipelineSafeModeRule.java:initializeRule(152)) - Refreshed total pipeline count is 0, healthy pipeline threshold count is 1
2021-10-05 13:24:57,817 [21490b65-0a55-46f3-b94a-dd719a327c14@group-5AA8DAB94A1F-StateMachineUpdater] INFO  pipeline.PipelineStateManagerImpl (PipelineStateManagerImpl.java:addPipeline(101)) - Created pipeline Pipeline[ Id: 1cc8aba1-0118-4460-9a8d-9360a73a2abc, Nodes: b668fbba-0931-4533-8c87-c6849aaa836f{ip: 127.0.0.1, host: localhost, ports: [REPLICATION=42285, RATIS=40511, RATIS_ADMIN=40511, RATIS_SERVER=40511, STANDALONE=44361], networkLocation: /default-rack, certSerialId: null, persistedOpState: IN_SERVICE, persistedOpStateExpiryEpochSec: 0}830d4653-8da7-4c59-a1a4-1cd595539218{ip: 127.0.0.1, host: localhost, ports: [REPLICATION=34867, RATIS=42995, RATIS_ADMIN=42995, RATIS_SERVER=42995, STANDALONE=44359], networkLocation: /default-rack, certSerialId: null, persistedOpState: IN_SERVICE, persistedOpStateExpiryEpochSec: 0}9cad18a2-4b78-4cb8-813e-2348ce620e43{ip: 127.0.0.1, host: localhost, ports: [REPLICATION=45905, RATIS=34379, RATIS_ADMIN=34379, RATIS_SERVER=34379, STANDALONE=41383], networkLocation: /default-rack, certSerialId: null, persistedOpState: IN_SERVICE, persistedOpStateExpiryEpochSec: 0}, ReplicationConfig: RATIS/THREE, State:ALLOCATED, leaderId:, CreationTimestamp2021-10-05T13:24:57.798Z[Etc/UTC]].
2021-10-05 13:24:57,817 [21490b65-0a55-46f3-b94a-dd719a327c14@group-5AA8DAB94A1F-StateMachineUpdater] INFO  safemode.HealthyPipelineSafeModeRule (HealthyPipelineSafeModeRule.java:initializeRule(152)) - Refreshed total pipeline count is 0, healthy pipeline threshold count is 1
2021-10-05 13:24:57,817 [RatisPipelineUtilsThread - 0] INFO  ha.SCMHAInvocationHandler (SCMHAInvocationHandler.java:invokeRatis(113)) - Invoking method public abstract void org.apache.hadoop.hdds.scm.pipeline.PipelineStateManager.addPipeline(org.apache.hadoop.hdds.protocol.proto.HddsProtos$Pipeline) throws java.io.IOException on target org.apache.hadoop.hdds.scm.ha.SCMRatisServerImpl@7efc167c, cost 18573.739us
2021-10-05 13:24:57,817 [21490b65-0a55-46f3-b94a-dd719a327c14@group-5AA8DAB94A1F-StateMachineUpdater] INFO  ha.SCMStateMachine (SCMStateMachine.java:takeSnapshot(290)) - Current Snapshot Index 15, takeSnapshot took 1 ms
2021-10-05 13:24:57,817 [RatisPipelineUtilsThread - 0] INFO  pipeline.PipelineManagerImpl (PipelineManagerImpl.java:recordMetricsForPipeline(613)) - Pipeline: PipelineID=1cc8aba1-0118-4460-9a8d-9360a73a2abc contains same datanodes as previous pipelines: PipelineID=5cfa055b-4c5c-4f3c-a5c0-62f8e1a01d1d nodeIds: b668fbba-0931-4533-8c87-c6849aaa836f, 830d4653-8da7-4c59-a1a4-1cd595539218, 9cad18a2-4b78-4cb8-813e-2348ce620e43
2021-10-05 13:24:57,817 [21490b65-0a55-46f3-b94a-dd719a327c14@group-5AA8DAB94A1F-StateMachineUpdater] INFO  impl.StateMachineUpdater (StateMachineUpdater.java:takeSnapshot(281)) - 21490b65-0a55-46f3-b94a-dd719a327c14@group-5AA8DAB94A1F-StateMachineUpdater: Took a snapshot at index 15
2021-10-05 13:24:57,818 [21490b65-0a55-46f3-b94a-dd719a327c14@group-5AA8DAB94A1F-StateMachineUpdater] INFO  impl.StateMachineUpdater (StateMachineUpdater.java:lambda$new$0(89)) - 21490b65-0a55-46f3-b94a-dd719a327c14@group-5AA8DAB94A1F-StateMachineUpdater: snapshotIndex: updateIncreasingly 10 -> 15
2021-10-05 13:24:57,818 [21490b65-0a55-46f3-b94a-dd719a327c14@group-5AA8DAB94A1F-StateMachineUpdater] INFO  raftlog.RaftLog (RaftLogBase.java:purge(306)) - 21490b65-0a55-46f3-b94a-dd719a327c14@group-5AA8DAB94A1F-SegmentedRaftLog: purge 15
2021-10-05 13:24:57,818 [21490b65-0a55-46f3-b94a-dd719a327c14@group-5AA8DAB94A1F-StateMachineUpdater] INFO  raftlog.RaftLog (RaftLogBase.java:lambda$new$0(53)) - 21490b65-0a55-46f3-b94a-dd719a327c14@group-5AA8DAB94A1F-SegmentedRaftLog: snapshotIndex: updateIncreasingly 10 -> 15
2021-10-05 13:24:57,818 [21490b65-0a55-46f3-b94a-dd719a327c14@group-5AA8DAB94A1F-StateMachineUpdater] INFO  raftlog.RaftLog (RaftLogBase.java:lambda$new$0(53)) - 21490b65-0a55-46f3-b94a-dd719a327c14@group-5AA8DAB94A1F-SegmentedRaftLog: purgeIndex: updateToMax old=10, new=15, updated? true
2021-10-05 13:24:57,822 [6d234f4d-474a-4c74-a9e9-8f3885fce584@group-5AA8DAB94A1F-StateMachineUpdater] INFO  pipeline.PipelineStateManagerImpl (PipelineStateManagerImpl.java:addPipeline(101)) - Created pipeline Pipeline[ Id: 1cc8aba1-0118-4460-9a8d-9360a73a2abc, Nodes: b668fbba-0931-4533-8c87-c6849aaa836f{ip: 127.0.0.1, host: localhost, ports: [REPLICATION=42285, RATIS=40511, RATIS_ADMIN=40511, RATIS_SERVER=40511, STANDALONE=44361], networkLocation: /default-rack, certSerialId: null, persistedOpState: IN_SERVICE, persistedOpStateExpiryEpochSec: 0}830d4653-8da7-4c59-a1a4-1cd595539218{ip: 127.0.0.1, host: localhost, ports: [REPLICATION=34867, RATIS=42995, RATIS_ADMIN=42995, RATIS_SERVER=42995, STANDALONE=44359], networkLocation: /default-rack, certSerialId: null, persistedOpState: IN_SERVICE, persistedOpStateExpiryEpochSec: 0}9cad18a2-4b78-4cb8-813e-2348ce620e43{ip: 127.0.0.1, host: localhost, ports: [REPLICATION=45905, RATIS=34379, RATIS_ADMIN=34379, RATIS_SERVER=34379, STANDALONE=41383], networkLocation: /default-rack, certSerialId: null, persistedOpState: IN_SERVICE, persistedOpStateExpiryEpochSec: 0}, ReplicationConfig: RATIS/THREE, State:ALLOCATED, leaderId:, CreationTimestamp2021-10-05T13:24:57.798Z[Etc/UTC]].
2021-10-05 13:24:57,822 [6d234f4d-474a-4c74-a9e9-8f3885fce584@group-5AA8DAB94A1F-StateMachineUpdater] INFO  safemode.HealthyPipelineSafeModeRule (HealthyPipelineSafeModeRule.java:initializeRule(152)) - Refreshed total pipeline count is 0, healthy pipeline threshold count is 1
2021-10-05 13:24:57,825 [6d234f4d-474a-4c74-a9e9-8f3885fce584@group-5AA8DAB94A1F-StateMachineUpdater] INFO  ha.SCMStateMachine (SCMStateMachine.java:takeSnapshot(290)) - Current Snapshot Index 15, takeSnapshot took 0 ms
2021-10-05 13:24:57,826 [6d234f4d-474a-4c74-a9e9-8f3885fce584@group-5AA8DAB94A1F-StateMachineUpdater] INFO  impl.StateMachineUpdater (StateMachineUpdater.java:takeSnapshot(281)) - 6d234f4d-474a-4c74-a9e9-8f3885fce584@group-5AA8DAB94A1F-StateMachineUpdater: Took a snapshot at index 15
2021-10-05 13:24:57,826 [6d234f4d-474a-4c74-a9e9-8f3885fce584@group-5AA8DAB94A1F-StateMachineUpdater] INFO  impl.StateMachineUpdater (StateMachineUpdater.java:lambda$new$0(89)) - 6d234f4d-474a-4c74-a9e9-8f3885fce584@group-5AA8DAB94A1F-StateMachineUpdater: snapshotIndex: updateIncreasingly 10 -> 15
2021-10-05 13:24:57,826 [6d234f4d-474a-4c74-a9e9-8f3885fce584@group-5AA8DAB94A1F-StateMachineUpdater] INFO  raftlog.RaftLog (RaftLogBase.java:purge(306)) - 6d234f4d-474a-4c74-a9e9-8f3885fce584@group-5AA8DAB94A1F-SegmentedRaftLog: purge 15
2021-10-05 13:24:57,826 [6d234f4d-474a-4c74-a9e9-8f3885fce584@group-5AA8DAB94A1F-StateMachineUpdater] INFO  raftlog.RaftLog (RaftLogBase.java:lambda$new$0(53)) - 6d234f4d-474a-4c74-a9e9-8f3885fce584@group-5AA8DAB94A1F-SegmentedRaftLog: snapshotIndex: updateIncreasingly 10 -> 15
2021-10-05 13:24:57,826 [6d234f4d-474a-4c74-a9e9-8f3885fce584@group-5AA8DAB94A1F-StateMachineUpdater] INFO  raftlog.RaftLog (RaftLogBase.java:lambda$new$0(53)) - 6d234f4d-474a-4c74-a9e9-8f3885fce584@group-5AA8DAB94A1F-SegmentedRaftLog: purgeIndex: updateToMax old=10, new=15, updated? true
2021-10-05 13:24:58,740 [EndpointStateMachine task thread for /127.0.0.1:15041 - 0 ] INFO  ipc.Client (Client.java:handleConnectionFailure(977)) - Retrying connect to server: localhost/127.0.0.1:15041. Already tried 5 time(s); retry policy is RetryUpToMaximumCountWithFixedSleep(maxRetries=15, sleepTime=1000 MILLISECONDS)
2021-10-05 13:24:58,746 [Listener at 127.0.0.1/13296] INFO  ozone.MiniOzoneClusterImpl (MiniOzoneClusterImpl.java:lambda$waitForClusterToBeReady$0(235)) - Nodes are ready. Got 3 of 3 DN Heartbeats.
2021-10-05 13:24:58,746 [Listener at 127.0.0.1/13296] INFO  ozone.MiniOzoneClusterImpl (MiniOzoneClusterImpl.java:lambda$waitForClusterToBeReady$0(238)) - Waiting for cluster to exit safe mode
2021-10-05 13:24:58,746 [Listener at 127.0.0.1/13296] INFO  ozone.MiniOzoneClusterImpl (MiniOzoneClusterImpl.java:lambda$waitForClusterToBeReady$0(240)) - SCM became leader
2021-10-05 13:24:58,796 [EndpointStateMachine task thread for /127.0.0.1:15021 - 0 ] INFO  ipc.Client (Client.java:handleConnectionFailure(977)) - Retrying connect to server: localhost/127.0.0.1:15021. Already tried 9 time(s); retry policy is RetryUpToMaximumCountWithFixedSleep(maxRetries=15, sleepTime=1000 MILLISECONDS)
2021-10-05 13:24:58,803 [EndpointStateMachine task thread for /127.0.0.1:15031 - 0 ] INFO  ipc.Client (Client.java:handleConnectionFailure(977)) - Retrying connect to server: localhost/127.0.0.1:15031. Already tried 9 time(s); retry policy is RetryUpToMaximumCountWithFixedSleep(maxRetries=15, sleepTime=1000 MILLISECONDS)
2021-10-05 13:24:59,741 [EndpointStateMachine task thread for /127.0.0.1:15041 - 0 ] INFO  ipc.Client (Client.java:handleConnectionFailure(977)) - Retrying connect to server: localhost/127.0.0.1:15041. Already tried 6 time(s); retry policy is RetryUpToMaximumCountWithFixedSleep(maxRetries=15, sleepTime=1000 MILLISECONDS)
2021-10-05 13:24:59,747 [Listener at 127.0.0.1/13296] INFO  ozone.MiniOzoneClusterImpl (MiniOzoneClusterImpl.java:lambda$waitForClusterToBeReady$0(235)) - Nodes are ready. Got 3 of 3 DN Heartbeats.
2021-10-05 13:24:59,747 [Listener at 127.0.0.1/13296] INFO  ozone.MiniOzoneClusterImpl (MiniOzoneClusterImpl.java:lambda$waitForClusterToBeReady$0(238)) - Waiting for cluster to exit safe mode
2021-10-05 13:24:59,747 [Listener at 127.0.0.1/13296] INFO  ozone.MiniOzoneClusterImpl (MiniOzoneClusterImpl.java:lambda$waitForClusterToBeReady$0(240)) - SCM became leader
2021-10-05 13:24:59,797 [EndpointStateMachine task thread for /127.0.0.1:15021 - 0 ] INFO  ipc.Client (Client.java:handleConnectionFailure(977)) - Retrying connect to server: localhost/127.0.0.1:15021. Already tried 10 time(s); retry policy is RetryUpToMaximumCountWithFixedSleep(maxRetries=15, sleepTime=1000 MILLISECONDS)
2021-10-05 13:24:59,803 [EndpointStateMachine task thread for /127.0.0.1:15031 - 0 ] INFO  ipc.Client (Client.java:handleConnectionFailure(977)) - Retrying connect to server: localhost/127.0.0.1:15031. Already tried 10 time(s); retry policy is RetryUpToMaximumCountWithFixedSleep(maxRetries=15, sleepTime=1000 MILLISECONDS)
2021-10-05 13:25:00,002 [Datanode State Machine Thread - 0] ERROR datanode.RunningDatanodeState (RunningDatanodeState.java:computeNextContainerState(199)) - Error in executing end point task.
java.util.concurrent.ExecutionException: java.util.concurrent.TimeoutException
	at java.util.concurrent.FutureTask.report(FutureTask.java:122)
	at java.util.concurrent.FutureTask.get(FutureTask.java:192)
	at org.apache.hadoop.ozone.container.common.states.datanode.RunningDatanodeState.computeNextContainerState(RunningDatanodeState.java:191)
	at org.apache.hadoop.ozone.container.common.states.datanode.RunningDatanodeState.await(RunningDatanodeState.java:231)
	at org.apache.hadoop.ozone.container.common.states.datanode.RunningDatanodeState.await(RunningDatanodeState.java:50)
	at org.apache.hadoop.ozone.container.common.statemachine.StateContext.execute(StateContext.java:629)
	at org.apache.hadoop.ozone.container.common.statemachine.DatanodeStateMachine.start(DatanodeStateMachine.java:270)
	at org.apache.hadoop.ozone.container.common.statemachine.DatanodeStateMachine.lambda$startDaemon$0(DatanodeStateMachine.java:457)
	at java.lang.Thread.run(Thread.java:748)
Caused by: java.util.concurrent.TimeoutException
	at java.util.concurrent.FutureTask.get(FutureTask.java:205)
	at org.apache.hadoop.ozone.container.common.states.datanode.RunningDatanodeState.lambda$execute$0(RunningDatanodeState.java:149)
	at java.util.concurrent.FutureTask.run(FutureTask.java:266)
	at java.util.concurrent.Executors$RunnableAdapter.call(Executors.java:511)
	at java.util.concurrent.FutureTask.run(FutureTask.java:266)
	at java.util.concurrent.ThreadPoolExecutor.runWorker(ThreadPoolExecutor.java:1149)
	at java.util.concurrent.ThreadPoolExecutor$Worker.run(ThreadPoolExecutor.java:624)
	... 1 more
2021-10-05 13:25:00,019 [Command processor thread] INFO  server.RaftServer (RaftServerProxy.java:addNew(95)) - b668fbba-0931-4533-8c87-c6849aaa836f: addNew group-16677137C488:[b668fbba-0931-4533-8c87-c6849aaa836f|rpc:127.0.0.1:40511|priority:1] returns group-16677137C488:java.util.concurrent.CompletableFuture@456787ac[Not completed]
2021-10-05 13:25:00,028 [pool-264-thread-1] INFO  server.RaftServer$Division (RaftServerImpl.java:<init>(181)) - b668fbba-0931-4533-8c87-c6849aaa836f: new RaftServerImpl for group-16677137C488:[b668fbba-0931-4533-8c87-c6849aaa836f|rpc:127.0.0.1:40511|priority:1] with ContainerStateMachine:uninitialized
2021-10-05 13:25:00,035 [pool-264-thread-1] INFO  server.RaftServerConfigKeys (ConfUtils.java:logGet(44)) - raft.server.rpc.timeout.min = 5s (custom)
2021-10-05 13:25:00,035 [pool-264-thread-1] INFO  server.RaftServerConfigKeys (ConfUtils.java:logGet(44)) - raft.server.rpc.timeout.max = 5200ms (custom)
2021-10-05 13:25:00,035 [pool-264-thread-1] INFO  server.RaftServerConfigKeys (ConfUtils.java:logGet(44)) - raft.server.rpc.sleep.time = 25ms (default)
2021-10-05 13:25:00,035 [pool-264-thread-1] INFO  server.RaftServerConfigKeys (ConfUtils.java:logGet(44)) - raft.server.rpc.slowness.timeout = 300s (custom)
2021-10-05 13:25:00,035 [pool-264-thread-1] INFO  server.RaftServerConfigKeys (ConfUtils.java:logGet(44)) - raft.server.leaderelection.leader.step-down.wait-time = 10s (default)
2021-10-05 13:25:00,035 [pool-264-thread-1] INFO  server.RaftServerConfigKeys (ConfUtils.java:logGet(44)) - raft.server.sleep.deviation.threshold = 300ms (default)
2021-10-05 13:25:00,035 [pool-264-thread-1] INFO  server.RaftServerConfigKeys (ConfUtils.java:logGet(44)) - raft.server.log.appender.install.snapshot.enabled = false (custom)
2021-10-05 13:25:00,035 [pool-264-thread-1] INFO  server.RaftServer$Division (ServerState.java:<init>(105)) - b668fbba-0931-4533-8c87-c6849aaa836f@group-16677137C488: ConfigurationManager, init=-1: [b668fbba-0931-4533-8c87-c6849aaa836f|rpc:127.0.0.1:40511|priority:1], old=null, confs=<EMPTY_MAP>
2021-10-05 13:25:00,036 [pool-264-thread-1] INFO  server.RaftServerConfigKeys (ConfUtils.java:logGet(44)) - raft.server.storage.dir = [/home/runner/work/ozone/ozone/hadoop-ozone/integration-test/target/test-dir/MiniOzoneClusterImpl-36b87918-66c6-4e2c-9c49-5aa8dab94a1f/datanode-0/data/ratis] (custom)
2021-10-05 13:25:00,036 [pool-264-thread-1] INFO  server.RaftServerConfigKeys (ConfUtils.java:logGet(44)) - raft.server.log.corruption.policy = EXCEPTION (default)
2021-10-05 13:25:00,036 [pool-264-thread-1] INFO  server.RaftServerConfigKeys (ConfUtils.java:logGet(44)) - raft.server.storage.free-space.min = 0MB (=0) (default)
2021-10-05 13:25:00,036 [pool-264-thread-1] INFO  storage.RaftStorageDirectory (RaftStorageDirectoryImpl.java:analyzeStorage(135)) - The storage directory /home/runner/work/ozone/ozone/hadoop-ozone/integration-test/target/test-dir/MiniOzoneClusterImpl-36b87918-66c6-4e2c-9c49-5aa8dab94a1f/datanode-0/data/ratis/fb43a933-1c8b-4815-9314-16677137c488 does not exist. Creating ...
2021-10-05 13:25:00,038 [pool-264-thread-1] INFO  storage.RaftStorageDirectory (RaftStorageDirectoryImpl.java:tryLock(230)) - Lock on /home/runner/work/ozone/ozone/hadoop-ozone/integration-test/target/test-dir/MiniOzoneClusterImpl-36b87918-66c6-4e2c-9c49-5aa8dab94a1f/datanode-0/data/ratis/fb43a933-1c8b-4815-9314-16677137c488/in_use.lock acquired by nodename 17451@fv-az270-324
2021-10-05 13:25:00,039 [pool-264-thread-1] INFO  storage.RaftStorage (RaftStorageImpl.java:format(89)) - Storage directory /home/runner/work/ozone/ozone/hadoop-ozone/integration-test/target/test-dir/MiniOzoneClusterImpl-36b87918-66c6-4e2c-9c49-5aa8dab94a1f/datanode-0/data/ratis/fb43a933-1c8b-4815-9314-16677137c488 has been successfully formatted.
2021-10-05 13:25:00,039 [pool-264-thread-1] INFO  ratis.ContainerStateMachine (ContainerStateMachine.java:loadSnapshot(224)) - group-16677137C488: The snapshot info is null. Setting the last applied indexto:(t:0, i:~)
2021-10-05 13:25:00,039 [pool-264-thread-1] INFO  server.RaftServerConfigKeys (ConfUtils.java:logGet(44)) - raft.server.notification.no-leader.timeout = 300s (custom)
2021-10-05 13:25:00,039 [pool-264-thread-1] INFO  server.RaftServerConfigKeys (ConfUtils.java:logGet(44)) - raft.server.log.use.memory = false (default)
2021-10-05 13:25:00,039 [pool-264-thread-1] INFO  server.RaftServerConfigKeys (ConfUtils.java:logGet(44)) - raft.server.log.purge.gap = 1000000 (custom)
2021-10-05 13:25:00,039 [pool-264-thread-1] INFO  server.RaftServerConfigKeys (ConfUtils.java:logGet(44)) - raft.server.log.appender.buffer.byte-limit = 33554432 (custom)
2021-10-05 13:25:00,040 [pool-264-thread-1] INFO  server.RaftServerConfigKeys (ConfUtils.java:logGet(44)) - raft.server.log.segment.size.max = 1048576 (custom)
2021-10-05 13:25:00,041 [EventQueue-PipelineReportForPipelineReportHandler] INFO  pipeline.PipelineManagerImpl (PipelineManagerImpl.java:openPipeline(282)) - Pipeline Pipeline[ Id: fb43a933-1c8b-4815-9314-16677137c488, Nodes: b668fbba-0931-4533-8c87-c6849aaa836f{ip: 127.0.0.1, host: localhost, ports: [REPLICATION=42285, RATIS=40511, RATIS_ADMIN=40511, RATIS_SERVER=40511, STANDALONE=44361], networkLocation: /default-rack, certSerialId: null, persistedOpState: IN_SERVICE, persistedOpStateExpiryEpochSec: 0}, ReplicationConfig: RATIS/ONE, State:ALLOCATED, leaderId:b668fbba-0931-4533-8c87-c6849aaa836f, CreationTimestamp2021-10-05T13:24:57.010Z[Etc/UTC]] moved to OPEN state
2021-10-05 13:25:00,041 [EventQueue-PipelineReportForPipelineReportHandler] INFO  pipeline.PipelineManagerImpl (PipelineManagerImpl.java:openPipeline(282)) - Pipeline Pipeline[ Id: fb43a933-1c8b-4815-9314-16677137c488, Nodes: b668fbba-0931-4533-8c87-c6849aaa836f{ip: 127.0.0.1, host: localhost, ports: [REPLICATION=42285, RATIS=40511, RATIS_ADMIN=40511, RATIS_SERVER=40511, STANDALONE=44361], networkLocation: /default-rack, certSerialId: null, persistedOpState: IN_SERVICE, persistedOpStateExpiryEpochSec: 0}, ReplicationConfig: RATIS/ONE, State:ALLOCATED, leaderId:b668fbba-0931-4533-8c87-c6849aaa836f, CreationTimestamp2021-10-05T13:24:57.010Z[Etc/UTC]] moved to OPEN state
2021-10-05 13:25:00,052 [EndpointStateMachine task thread for /127.0.0.1:13549 - 0 ] WARN  statemachine.EndpointStateMachine (EndpointStateMachine.java:logIfNeeded(236)) - Unable to communicate to SCM server at 127.0.0.1:13549 for past 0 seconds.
java.net.SocketTimeoutException: Call From fv-az270-324/10.1.0.10 to localhost:13549 failed on socket timeout exception: java.net.SocketTimeoutException: 5000 millis timeout while waiting for channel to be ready for read. ch : java.nio.channels.SocketChannel[connected local=/127.0.0.1:47820 remote=/127.0.0.1:13549]; For more details see:  http://wiki.apache.org/hadoop/SocketTimeout
	at sun.reflect.GeneratedConstructorAccessor31.newInstance(Unknown Source)
	at sun.reflect.DelegatingConstructorAccessorImpl.newInstance(DelegatingConstructorAccessorImpl.java:45)
	at java.lang.reflect.Constructor.newInstance(Constructor.java:423)
	at org.apache.hadoop.net.NetUtils.wrapWithMessage(NetUtils.java:913)
	at org.apache.hadoop.net.NetUtils.wrapException(NetUtils.java:848)
	at org.apache.hadoop.ipc.Client.getRpcResponse(Client.java:1577)
	at org.apache.hadoop.ipc.Client.call(Client.java:1519)
	at org.apache.hadoop.ipc.Client.call(Client.java:1416)
	at org.apache.hadoop.ipc.ProtobufRpcEngine$Invoker.invoke(ProtobufRpcEngine.java:236)
	at org.apache.hadoop.ipc.ProtobufRpcEngine$Invoker.invoke(ProtobufRpcEngine.java:123)
	at com.sun.proxy.$Proxy48.submitRequest(Unknown Source)
	at org.apache.hadoop.ozone.protocolPB.StorageContainerDatanodeProtocolClientSideTranslatorPB.submitRequest(StorageContainerDatanodeProtocolClientSideTranslatorPB.java:117)
	at org.apache.hadoop.ozone.protocolPB.StorageContainerDatanodeProtocolClientSideTranslatorPB.getVersion(StorageContainerDatanodeProtocolClientSideTranslatorPB.java:133)
	at org.apache.hadoop.ozone.container.common.states.endpoint.VersionEndpointTask.call(VersionEndpointTask.java:71)
	at org.apache.hadoop.ozone.container.common.states.endpoint.VersionEndpointTask.call(VersionEndpointTask.java:42)
	at java.util.concurrent.FutureTask.run(FutureTask.java:266)
	at java.util.concurrent.ThreadPoolExecutor.runWorker(ThreadPoolExecutor.java:1149)
	at java.util.concurrent.ThreadPoolExecutor$Worker.run(ThreadPoolExecutor.java:624)
	at java.lang.Thread.run(Thread.java:748)
Caused by: java.net.SocketTimeoutException: 5000 millis timeout while waiting for channel to be ready for read. ch : java.nio.channels.SocketChannel[connected local=/127.0.0.1:47820 remote=/127.0.0.1:13549]
	at org.apache.hadoop.net.SocketIOWithTimeout.doIO(SocketIOWithTimeout.java:164)
	at org.apache.hadoop.net.SocketInputStream.read(SocketInputStream.java:161)
	at org.apache.hadoop.net.SocketInputStream.read(SocketInputStream.java:131)
	at java.io.FilterInputStream.read(FilterInputStream.java:133)
	at java.io.BufferedInputStream.fill(BufferedInputStream.java:246)
	at java.io.BufferedInputStream.read(BufferedInputStream.java:265)
	at java.io.FilterInputStream.read(FilterInputStream.java:83)
	at java.io.FilterInputStream.read(FilterInputStream.java:83)
	at org.apache.hadoop.ipc.Client$Connection$PingInputStream.read(Client.java:563)
	at java.io.DataInputStream.readInt(DataInputStream.java:387)
	at org.apache.hadoop.ipc.Client$IpcStreams.readResponse(Client.java:1892)
	at org.apache.hadoop.ipc.Client$Connection.receiveRpcResponse(Client.java:1202)
	at org.apache.hadoop.ipc.Client$Connection.run(Client.java:1098)
2021-10-05 13:25:00,053 [pool-264-thread-1] INFO  server.RaftServerConfigKeys (ConfUtils.java:logGet(44)) - raft.server.log.segment.cache.num.max = 2 (custom)
2021-10-05 13:25:00,069 [pool-264-thread-1] INFO  server.RaftServerConfigKeys (ConfUtils.java:logGet(44)) - raft.server.log.segment.cache.size.max = 200MB (=209715200) (default)
2021-10-05 13:25:00,069 [pool-264-thread-1] INFO  segmented.SegmentedRaftLogWorker (SegmentedRaftLogWorker.java:<init>(182)) - new b668fbba-0931-4533-8c87-c6849aaa836f@group-16677137C488-SegmentedRaftLogWorker for RaftStorageImpl:Storage Directory /home/runner/work/ozone/ozone/hadoop-ozone/integration-test/target/test-dir/MiniOzoneClusterImpl-36b87918-66c6-4e2c-9c49-5aa8dab94a1f/datanode-0/data/ratis/fb43a933-1c8b-4815-9314-16677137c488
2021-10-05 13:25:00,069 [pool-264-thread-1] INFO  server.RaftServerConfigKeys (ConfUtils.java:logGet(44)) - raft.server.log.queue.byte-limit = 2147483647 (custom)
2021-10-05 13:25:00,069 [pool-264-thread-1] INFO  server.RaftServerConfigKeys (ConfUtils.java:logGet(44)) - raft.server.log.queue.element-limit = 1024 (custom)
2021-10-05 13:25:00,069 [pool-264-thread-1] INFO  server.RaftServerConfigKeys (ConfUtils.java:logGet(44)) - raft.server.log.segment.size.max = 1048576 (custom)
2021-10-05 13:25:00,069 [pool-264-thread-1] INFO  server.RaftServerConfigKeys (ConfUtils.java:logGet(44)) - raft.server.log.preallocated.size = 16384 (custom)
2021-10-05 13:25:00,069 [pool-264-thread-1] INFO  server.RaftServerConfigKeys (ConfUtils.java:logGet(44)) - raft.server.log.force.sync.num = 128 (default)
2021-10-05 13:25:00,069 [pool-264-thread-1] INFO  server.RaftServerConfigKeys (ConfUtils.java:logGet(44)) - raft.server.log.statemachine.data.sync = true (default)
2021-10-05 13:25:00,069 [pool-264-thread-1] INFO  server.RaftServerConfigKeys (ConfUtils.java:logGet(44)) - raft.server.log.statemachine.data.sync.timeout = 10s (default)
2021-10-05 13:25:00,052 [EndpointStateMachine task thread for /127.0.0.1:13549 - 0 ] WARN  statemachine.EndpointStateMachine (EndpointStateMachine.java:logIfNeeded(236)) - Unable to communicate to SCM server at 127.0.0.1:13549 for past 0 seconds.
java.net.SocketTimeoutException: Call From fv-az270-324/10.1.0.10 to localhost:13549 failed on socket timeout exception: java.net.SocketTimeoutException: 5000 millis timeout while waiting for channel to be ready for read. ch : java.nio.channels.SocketChannel[connected local=/127.0.0.1:47820 remote=/127.0.0.1:13549]; For more details see:  http://wiki.apache.org/hadoop/SocketTimeout
	at sun.reflect.GeneratedConstructorAccessor31.newInstance(Unknown Source)
	at sun.reflect.DelegatingConstructorAccessorImpl.newInstance(DelegatingConstructorAccessorImpl.java:45)
	at java.lang.reflect.Constructor.newInstance(Constructor.java:423)
	at org.apache.hadoop.net.NetUtils.wrapWithMessage(NetUtils.java:913)
	at org.apache.hadoop.net.NetUtils.wrapException(NetUtils.java:848)
	at org.apache.hadoop.ipc.Client.getRpcResponse(Client.java:1577)
	at org.apache.hadoop.ipc.Client.call(Client.java:1519)
	at org.apache.hadoop.ipc.Client.call(Client.java:1416)
	at org.apache.hadoop.ipc.ProtobufRpcEngine$Invoker.invoke(ProtobufRpcEngine.java:236)
	at org.apache.hadoop.ipc.ProtobufRpcEngine$Invoker.invoke(ProtobufRpcEngine.java:123)
	at com.sun.proxy.$Proxy48.submitRequest(Unknown Source)
	at org.apache.hadoop.ozone.protocolPB.StorageContainerDatanodeProtocolClientSideTranslatorPB.submitRequest(StorageContainerDatanodeProtocolClientSideTranslatorPB.java:117)
	at org.apache.hadoop.ozone.protocolPB.StorageContainerDatanodeProtocolClientSideTranslatorPB.getVersion(StorageContainerDatanodeProtocolClientSideTranslatorPB.java:133)
	at org.apache.hadoop.ozone.container.common.states.endpoint.VersionEndpointTask.call(VersionEndpointTask.java:71)
	at org.apache.hadoop.ozone.container.common.states.endpoint.VersionEndpointTask.call(VersionEndpointTask.java:42)
	at java.util.concurrent.FutureTask.run(FutureTask.java:266)
	at java.util.concurrent.ThreadPoolExecutor.runWorker(ThreadPoolExecutor.java:1149)
	at java.util.concurrent.ThreadPoolExecutor$Worker.run(ThreadPoolExecutor.java:624)
	at java.lang.Thread.run(Thread.java:748)
Caused by: java.net.SocketTimeoutException: 5000 millis timeout while waiting for channel to be ready for read. ch : java.nio.channels.SocketChannel[connected local=/127.0.0.1:47820 remote=/127.0.0.1:13549]
	at org.apache.hadoop.net.SocketIOWithTimeout.doIO(SocketIOWithTimeout.java:164)
	at org.apache.hadoop.net.SocketInputStream.read(SocketInputStream.java:161)
	at org.apache.hadoop.net.SocketInputStream.read(SocketInputStream.java:131)
	at java.io.FilterInputStream.read(FilterInputStream.java:133)
	at java.io.BufferedInputStream.fill(BufferedInputStream.java:246)
	at java.io.BufferedInputStream.read(BufferedInputStream.java:265)
	at java.io.FilterInputStream.read(FilterInputStream.java:83)
	at java.io.FilterInputStream.read(FilterInputStream.java:83)
	at org.apache.hadoop.ipc.Client$Connection$PingInputStream.read(Client.java:563)
	at java.io.DataInputStream.readInt(DataInputStream.java:387)
	at org.apache.hadoop.ipc.Client$IpcStreams.readResponse(Client.java:1892)
	at org.apache.hadoop.ipc.Client$Connection.receiveRpcResponse(Client.java:1202)
	at org.apache.hadoop.ipc.Client$Connection.run(Client.java:1098)
2021-10-05 13:25:00,052 [EndpointStateMachine task thread for /127.0.0.1:13549 - 0 ] WARN  statemachine.EndpointStateMachine (EndpointStateMachine.java:logIfNeeded(236)) - Unable to communicate to SCM server at localhost:13549 for past 0 seconds.
java.net.SocketTimeoutException: Call From fv-az270-324/10.1.0.10 to localhost:13549 failed on socket timeout exception: java.net.SocketTimeoutException: 5000 millis timeout while waiting for channel to be ready for read. ch : java.nio.channels.SocketChannel[connected local=/127.0.0.1:47820 remote=/127.0.0.1:13549]; For more details see:  http://wiki.apache.org/hadoop/SocketTimeout
	at sun.reflect.GeneratedConstructorAccessor31.newInstance(Unknown Source)
	at sun.reflect.DelegatingConstructorAccessorImpl.newInstance(DelegatingConstructorAccessorImpl.java:45)
	at java.lang.reflect.Constructor.newInstance(Constructor.java:423)
	at org.apache.hadoop.net.NetUtils.wrapWithMessage(NetUtils.java:913)
	at org.apache.hadoop.net.NetUtils.wrapException(NetUtils.java:848)
	at org.apache.hadoop.ipc.Client.getRpcResponse(Client.java:1577)
	at org.apache.hadoop.ipc.Client.call(Client.java:1519)
	at org.apache.hadoop.ipc.Client.call(Client.java:1416)
	at org.apache.hadoop.ipc.ProtobufRpcEngine$Invoker.invoke(ProtobufRpcEngine.java:236)
	at org.apache.hadoop.ipc.ProtobufRpcEngine$Invoker.invoke(ProtobufRpcEngine.java:123)
	at com.sun.proxy.$Proxy48.submitRequest(Unknown Source)
	at org.apache.hadoop.ozone.protocolPB.StorageContainerDatanodeProtocolClientSideTranslatorPB.submitRequest(StorageContainerDatanodeProtocolClientSideTranslatorPB.java:117)
	at org.apache.hadoop.ozone.protocolPB.StorageContainerDatanodeProtocolClientSideTranslatorPB.getVersion(StorageContainerDatanodeProtocolClientSideTranslatorPB.java:133)
	at org.apache.hadoop.ozone.container.common.states.endpoint.VersionEndpointTask.call(VersionEndpointTask.java:71)
	at org.apache.hadoop.ozone.container.common.states.endpoint.VersionEndpointTask.call(VersionEndpointTask.java:42)
	at java.util.concurrent.FutureTask.run(FutureTask.java:266)
	at java.util.concurrent.ThreadPoolExecutor.runWorker(ThreadPoolExecutor.java:1149)
	at java.util.concurrent.ThreadPoolExecutor$Worker.run(ThreadPoolExecutor.java:624)
	at java.lang.Thread.run(Thread.java:748)
Caused by: java.net.SocketTimeoutException: 5000 millis timeout while waiting for channel to be ready for read. ch : java.nio.channels.SocketChannel[connected local=/127.0.0.1:47820 remote=/127.0.0.1:13549]
	at org.apache.hadoop.net.SocketIOWithTimeout.doIO(SocketIOWithTimeout.java:164)
	at org.apache.hadoop.net.SocketInputStream.read(SocketInputStream.java:161)
	at org.apache.hadoop.net.SocketInputStream.read(SocketInputStream.java:131)
	at java.io.FilterInputStream.read(FilterInputStream.java:133)
	at java.io.BufferedInputStream.fill(BufferedInputStream.java:246)
	at java.io.BufferedInputStream.read(BufferedInputStream.java:265)
	at java.io.FilterInputStream.read(FilterInputStream.java:83)
	at java.io.FilterInputStream.read(FilterInputStream.java:83)
	at org.apache.hadoop.ipc.Client$Connection$PingInputStream.read(Client.java:563)
	at java.io.DataInputStream.readInt(DataInputStream.java:387)
	at org.apache.hadoop.ipc.Client$IpcStreams.readResponse(Client.java:1892)
	at org.apache.hadoop.ipc.Client$Connection.receiveRpcResponse(Client.java:1202)
	at org.apache.hadoop.ipc.Client$Connection.run(Client.java:1098)
2021-10-05 13:25:00,069 [pool-264-thread-1] INFO  server.RaftServerConfigKeys (ConfUtils.java:logGet(44)) - raft.server.log.statemachine.data.sync.timeout.retry = -1 (default)
2021-10-05 13:25:00,080 [21490b65-0a55-46f3-b94a-dd719a327c14@group-5AA8DAB94A1F-StateMachineUpdater] INFO  safemode.HealthyPipelineSafeModeRule (HealthyPipelineSafeModeRule.java:initializeRule(152)) - Refreshed total pipeline count is 0, healthy pipeline threshold count is 1
2021-10-05 13:25:00,081 [EventQueue-PipelineReportForPipelineReportHandler] INFO  ha.SCMHAInvocationHandler (SCMHAInvocationHandler.java:invokeRatis(113)) - Invoking method public abstract void org.apache.hadoop.hdds.scm.pipeline.PipelineStateManager.updatePipelineState(org.apache.hadoop.hdds.protocol.proto.HddsProtos$PipelineID,org.apache.hadoop.hdds.protocol.proto.HddsProtos$PipelineState) throws java.io.IOException on target org.apache.hadoop.hdds.scm.ha.SCMRatisServerImpl@7efc167c, cost 37429.701us
2021-10-05 13:25:00,092 [EventQueue-PipelineReportForPipelineReportHandler] INFO  ha.SCMHAInvocationHandler (SCMHAInvocationHandler.java:invokeRatis(113)) - Invoking method public abstract void org.apache.hadoop.hdds.scm.pipeline.PipelineStateManager.updatePipelineState(org.apache.hadoop.hdds.protocol.proto.HddsProtos$PipelineID,org.apache.hadoop.hdds.protocol.proto.HddsProtos$PipelineState) throws java.io.IOException on target org.apache.hadoop.hdds.scm.ha.SCMRatisServerImpl@7c75acaa, cost 50312.874us
2021-10-05 13:25:00,093 [pool-264-thread-1] INFO  server.RaftServerConfigKeys (ConfUtils.java:logGet(44)) - raft.server.log.write.buffer.size = 1048576 (custom)
2021-10-05 13:25:00,093 [pool-264-thread-1] INFO  server.RaftServerConfigKeys (ConfUtils.java:logGet(44)) - raft.server.log.statemachine.data.caching.enabled = true (custom)
2021-10-05 13:25:00,093 [pool-264-thread-1] INFO  segmented.SegmentedRaftLogWorker (SegmentedRaftLogWorker.java:lambda$new$0(133)) - b668fbba-0931-4533-8c87-c6849aaa836f@group-16677137C488-SegmentedRaftLogWorker: flushIndex: setUnconditionally 0 -> -1
2021-10-05 13:25:00,093 [pool-264-thread-1] INFO  segmented.SegmentedRaftLogWorker (SegmentedRaftLogWorker.java:lambda$new$0(133)) - b668fbba-0931-4533-8c87-c6849aaa836f@group-16677137C488-SegmentedRaftLogWorker: safeCacheEvictIndex: setUnconditionally 0 -> -1
2021-10-05 13:25:00,107 [6d234f4d-474a-4c74-a9e9-8f3885fce584@group-5AA8DAB94A1F-StateMachineUpdater] INFO  safemode.HealthyPipelineSafeModeRule (HealthyPipelineSafeModeRule.java:initializeRule(152)) - Refreshed total pipeline count is 0, healthy pipeline threshold count is 1
2021-10-05 13:25:00,107 [pool-264-thread-1] INFO  server.RaftServerConfigKeys (ConfUtils.java:logGet(44)) - raft.server.snapshot.auto.trigger.enabled = true (custom)
2021-10-05 13:25:00,107 [pool-264-thread-1] INFO  server.RaftServerConfigKeys (ConfUtils.java:logGet(44)) - raft.server.snapshot.auto.trigger.threshold = 10000 (custom)
2021-10-05 13:25:00,115 [pool-264-thread-1] INFO  server.RaftServerConfigKeys (ConfUtils.java:logGet(44)) - raft.server.snapshot.retention.file.num = 5 (custom)
2021-10-05 13:25:00,115 [pool-264-thread-1] INFO  server.RaftServerConfigKeys (ConfUtils.java:logGet(44)) - raft.server.log.purge.upto.snapshot.index = false (default)
2021-10-05 13:25:00,115 [pool-264-thread-1] INFO  server.RaftServerConfigKeys (ConfUtils.java:logGet(44)) - raft.server.retrycache.expirytime = 600000ms (custom)
2021-10-05 13:25:00,115 [pool-264-thread-1] INFO  server.RaftServerConfigKeys (ConfUtils.java:logGet(44)) - raft.server.retrycache.statistics.expirytime = 100μs (default)
2021-10-05 13:25:00,117 [pool-264-thread-1] INFO  server.RaftServer$Division (RaftServerImpl.java:start(296)) - b668fbba-0931-4533-8c87-c6849aaa836f@group-16677137C488: start as a follower, conf=-1: [b668fbba-0931-4533-8c87-c6849aaa836f|rpc:127.0.0.1:40511|priority:1], old=null
2021-10-05 13:25:00,117 [pool-264-thread-1] INFO  server.RaftServer$Division (RaftServerImpl.java:setRole(285)) - b668fbba-0931-4533-8c87-c6849aaa836f@group-16677137C488: changes role from      null to FOLLOWER at term 0 for startAsFollower
2021-10-05 13:25:00,117 [pool-264-thread-1] INFO  impl.RoleInfo (RoleInfo.java:updateAndGet(130)) - b668fbba-0931-4533-8c87-c6849aaa836f: start b668fbba-0931-4533-8c87-c6849aaa836f@group-16677137C488-FollowerState
2021-10-05 13:25:00,127 [EventQueue-OpenPipelineForHealthyPipelineSafeModeRule] INFO  safemode.SCMSafeModeManager (HealthyPipelineSafeModeRule.java:process(124)) - SCM in safe mode. Healthy pipelines reported count is 0, required healthy pipeline reported count is 1
2021-10-05 13:25:00,132 [pool-264-thread-1] INFO  util.JmxRegister (JmxRegister.java:tryRegister(44)) - Successfully registered JMX Bean with object name Ratis:service=RaftServer,group=group-16677137C488,id=b668fbba-0931-4533-8c87-c6849aaa836f
2021-10-05 13:25:00,143 [Command processor thread] INFO  ratis.XceiverServerRatis (XceiverServerRatis.java:addGroup(763)) - Created group PipelineID=fb43a933-1c8b-4815-9314-16677137c488
2021-10-05 13:25:00,143 [Command processor thread] INFO  commandhandler.CreatePipelineCommandHandler (CreatePipelineCommandHandler.java:handle(106)) - Created Pipeline RATIS ONE PipelineID=fb43a933-1c8b-4815-9314-16677137c488.
2021-10-05 13:25:00,144 [Command processor thread] INFO  server.RaftServer (RaftServerProxy.java:addNew(95)) - b668fbba-0931-4533-8c87-c6849aaa836f: addNew group-62F8E1A01D1D:[b668fbba-0931-4533-8c87-c6849aaa836f|rpc:127.0.0.1:40511|priority:1, 830d4653-8da7-4c59-a1a4-1cd595539218|rpc:127.0.0.1:42995|priority:0, 9cad18a2-4b78-4cb8-813e-2348ce620e43|rpc:127.0.0.1:34379|priority:0] returns group-62F8E1A01D1D:java.util.concurrent.CompletableFuture@41581bd8[Not completed]
2021-10-05 13:25:00,144 [pool-264-thread-1] INFO  server.RaftServer$Division (RaftServerImpl.java:<init>(181)) - b668fbba-0931-4533-8c87-c6849aaa836f: new RaftServerImpl for group-62F8E1A01D1D:[b668fbba-0931-4533-8c87-c6849aaa836f|rpc:127.0.0.1:40511|priority:1, 830d4653-8da7-4c59-a1a4-1cd595539218|rpc:127.0.0.1:42995|priority:0, 9cad18a2-4b78-4cb8-813e-2348ce620e43|rpc:127.0.0.1:34379|priority:0] with ContainerStateMachine:uninitialized
2021-10-05 13:25:00,145 [pool-264-thread-1] INFO  server.RaftServerConfigKeys (ConfUtils.java:logGet(44)) - raft.server.rpc.timeout.min = 5s (custom)
2021-10-05 13:25:00,145 [pool-264-thread-1] INFO  server.RaftServerConfigKeys (ConfUtils.java:logGet(44)) - raft.server.rpc.timeout.max = 5200ms (custom)
2021-10-05 13:25:00,145 [pool-264-thread-1] INFO  server.RaftServerConfigKeys (ConfUtils.java:logGet(44)) - raft.server.rpc.sleep.time = 25ms (default)
2021-10-05 13:25:00,145 [pool-264-thread-1] INFO  server.RaftServerConfigKeys (ConfUtils.java:logGet(44)) - raft.server.rpc.slowness.timeout = 300s (custom)
2021-10-05 13:25:00,145 [pool-264-thread-1] INFO  server.RaftServerConfigKeys (ConfUtils.java:logGet(44)) - raft.server.leaderelection.leader.step-down.wait-time = 10s (default)
2021-10-05 13:25:00,145 [pool-264-thread-1] INFO  server.RaftServerConfigKeys (ConfUtils.java:logGet(44)) - raft.server.sleep.deviation.threshold = 300ms (default)
2021-10-05 13:25:00,145 [pool-264-thread-1] INFO  server.RaftServerConfigKeys (ConfUtils.java:logGet(44)) - raft.server.log.appender.install.snapshot.enabled = false (custom)
2021-10-05 13:25:00,145 [pool-264-thread-1] INFO  server.RaftServer$Division (ServerState.java:<init>(105)) - b668fbba-0931-4533-8c87-c6849aaa836f@group-62F8E1A01D1D: ConfigurationManager, init=-1: [b668fbba-0931-4533-8c87-c6849aaa836f|rpc:127.0.0.1:40511|priority:1, 830d4653-8da7-4c59-a1a4-1cd595539218|rpc:127.0.0.1:42995|priority:0, 9cad18a2-4b78-4cb8-813e-2348ce620e43|rpc:127.0.0.1:34379|priority:0], old=null, confs=<EMPTY_MAP>
2021-10-05 13:25:00,145 [pool-264-thread-1] INFO  server.RaftServerConfigKeys (ConfUtils.java:logGet(44)) - raft.server.storage.dir = [/home/runner/work/ozone/ozone/hadoop-ozone/integration-test/target/test-dir/MiniOzoneClusterImpl-36b87918-66c6-4e2c-9c49-5aa8dab94a1f/datanode-0/data/ratis] (custom)
2021-10-05 13:25:00,145 [pool-264-thread-1] INFO  server.RaftServerConfigKeys (ConfUtils.java:logGet(44)) - raft.server.log.corruption.policy = EXCEPTION (default)
2021-10-05 13:25:00,145 [pool-264-thread-1] INFO  server.RaftServerConfigKeys (ConfUtils.java:logGet(44)) - raft.server.storage.free-space.min = 0MB (=0) (default)
2021-10-05 13:25:00,145 [pool-264-thread-1] INFO  storage.RaftStorageDirectory (RaftStorageDirectoryImpl.java:analyzeStorage(135)) - The storage directory /home/runner/work/ozone/ozone/hadoop-ozone/integration-test/target/test-dir/MiniOzoneClusterImpl-36b87918-66c6-4e2c-9c49-5aa8dab94a1f/datanode-0/data/ratis/5cfa055b-4c5c-4f3c-a5c0-62f8e1a01d1d does not exist. Creating ...
2021-10-05 13:25:00,150 [pool-264-thread-1] INFO  storage.RaftStorageDirectory (RaftStorageDirectoryImpl.java:tryLock(230)) - Lock on /home/runner/work/ozone/ozone/hadoop-ozone/integration-test/target/test-dir/MiniOzoneClusterImpl-36b87918-66c6-4e2c-9c49-5aa8dab94a1f/datanode-0/data/ratis/5cfa055b-4c5c-4f3c-a5c0-62f8e1a01d1d/in_use.lock acquired by nodename 17451@fv-az270-324
2021-10-05 13:25:00,152 [pool-264-thread-1] INFO  storage.RaftStorage (RaftStorageImpl.java:format(89)) - Storage directory /home/runner/work/ozone/ozone/hadoop-ozone/integration-test/target/test-dir/MiniOzoneClusterImpl-36b87918-66c6-4e2c-9c49-5aa8dab94a1f/datanode-0/data/ratis/5cfa055b-4c5c-4f3c-a5c0-62f8e1a01d1d has been successfully formatted.
2021-10-05 13:25:00,155 [EventQueue-OpenPipelineForHealthyPipelineSafeModeRule] INFO  safemode.SCMSafeModeManager (HealthyPipelineSafeModeRule.java:process(124)) - SCM in safe mode. Healthy pipelines reported count is 0, required healthy pipeline reported count is 1
2021-10-05 13:25:00,160 [pool-264-thread-1] INFO  ratis.ContainerStateMachine (ContainerStateMachine.java:loadSnapshot(224)) - group-62F8E1A01D1D: The snapshot info is null. Setting the last applied indexto:(t:0, i:~)
2021-10-05 13:25:00,161 [pool-264-thread-1] INFO  server.RaftServerConfigKeys (ConfUtils.java:logGet(44)) - raft.server.notification.no-leader.timeout = 300s (custom)
2021-10-05 13:25:00,161 [pool-264-thread-1] INFO  server.RaftServerConfigKeys (ConfUtils.java:logGet(44)) - raft.server.log.use.memory = false (default)
2021-10-05 13:25:00,161 [pool-264-thread-1] INFO  server.RaftServerConfigKeys (ConfUtils.java:logGet(44)) - raft.server.log.purge.gap = 1000000 (custom)
2021-10-05 13:25:00,161 [pool-264-thread-1] INFO  server.RaftServerConfigKeys (ConfUtils.java:logGet(44)) - raft.server.log.appender.buffer.byte-limit = 33554432 (custom)
2021-10-05 13:25:00,161 [pool-264-thread-1] INFO  server.RaftServerConfigKeys (ConfUtils.java:logGet(44)) - raft.server.log.segment.size.max = 1048576 (custom)
2021-10-05 13:25:00,161 [pool-264-thread-1] INFO  server.RaftServerConfigKeys (ConfUtils.java:logGet(44)) - raft.server.log.segment.cache.num.max = 2 (custom)
2021-10-05 13:25:00,162 [pool-264-thread-1] INFO  server.RaftServerConfigKeys (ConfUtils.java:logGet(44)) - raft.server.log.segment.cache.size.max = 200MB (=209715200) (default)
2021-10-05 13:25:00,162 [pool-264-thread-1] INFO  segmented.SegmentedRaftLogWorker (SegmentedRaftLogWorker.java:<init>(182)) - new b668fbba-0931-4533-8c87-c6849aaa836f@group-62F8E1A01D1D-SegmentedRaftLogWorker for RaftStorageImpl:Storage Directory /home/runner/work/ozone/ozone/hadoop-ozone/integration-test/target/test-dir/MiniOzoneClusterImpl-36b87918-66c6-4e2c-9c49-5aa8dab94a1f/datanode-0/data/ratis/5cfa055b-4c5c-4f3c-a5c0-62f8e1a01d1d
2021-10-05 13:25:00,162 [pool-264-thread-1] INFO  server.RaftServerConfigKeys (ConfUtils.java:logGet(44)) - raft.server.log.queue.byte-limit = 2147483647 (custom)
2021-10-05 13:25:00,162 [pool-264-thread-1] INFO  server.RaftServerConfigKeys (ConfUtils.java:logGet(44)) - raft.server.log.queue.element-limit = 1024 (custom)
2021-10-05 13:25:00,162 [pool-264-thread-1] INFO  server.RaftServerConfigKeys (ConfUtils.java:logGet(44)) - raft.server.log.segment.size.max = 1048576 (custom)
2021-10-05 13:25:00,162 [pool-264-thread-1] INFO  server.RaftServerConfigKeys (ConfUtils.java:logGet(44)) - raft.server.log.preallocated.size = 16384 (custom)
2021-10-05 13:25:00,162 [pool-264-thread-1] INFO  server.RaftServerConfigKeys (ConfUtils.java:logGet(44)) - raft.server.log.force.sync.num = 128 (default)
2021-10-05 13:25:00,162 [pool-264-thread-1] INFO  server.RaftServerConfigKeys (ConfUtils.java:logGet(44)) - raft.server.log.statemachine.data.sync = true (default)
2021-10-05 13:25:00,162 [pool-264-thread-1] INFO  server.RaftServerConfigKeys (ConfUtils.java:logGet(44)) - raft.server.log.statemachine.data.sync.timeout = 10s (default)
2021-10-05 13:25:00,162 [pool-264-thread-1] INFO  server.RaftServerConfigKeys (ConfUtils.java:logGet(44)) - raft.server.log.statemachine.data.sync.timeout.retry = -1 (default)
2021-10-05 13:25:00,163 [pool-264-thread-1] INFO  server.RaftServerConfigKeys (ConfUtils.java:logGet(44)) - raft.server.log.write.buffer.size = 1048576 (custom)
2021-10-05 13:25:00,159 [EventQueue-OpenPipelineForHealthyPipelineSafeModeRule] INFO  safemode.SCMSafeModeManager (HealthyPipelineSafeModeRule.java:process(124)) - SCM in safe mode. Healthy pipelines reported count is 0, required healthy pipeline reported count is 1
2021-10-05 13:25:00,165 [pool-264-thread-1] INFO  server.RaftServerConfigKeys (ConfUtils.java:logGet(44)) - raft.server.log.statemachine.data.caching.enabled = true (custom)
2021-10-05 13:25:00,165 [pool-264-thread-1] INFO  segmented.SegmentedRaftLogWorker (SegmentedRaftLogWorker.java:lambda$new$0(133)) - b668fbba-0931-4533-8c87-c6849aaa836f@group-62F8E1A01D1D-SegmentedRaftLogWorker: flushIndex: setUnconditionally 0 -> -1
2021-10-05 13:25:00,165 [pool-264-thread-1] INFO  segmented.SegmentedRaftLogWorker (SegmentedRaftLogWorker.java:lambda$new$0(133)) - b668fbba-0931-4533-8c87-c6849aaa836f@group-62F8E1A01D1D-SegmentedRaftLogWorker: safeCacheEvictIndex: setUnconditionally 0 -> -1
2021-10-05 13:25:00,172 [pool-264-thread-1] INFO  server.RaftServerConfigKeys (ConfUtils.java:logGet(44)) - raft.server.snapshot.auto.trigger.enabled = true (custom)
2021-10-05 13:25:00,172 [pool-264-thread-1] INFO  server.RaftServerConfigKeys (ConfUtils.java:logGet(44)) - raft.server.snapshot.auto.trigger.threshold = 10000 (custom)
2021-10-05 13:25:00,172 [pool-264-thread-1] INFO  server.RaftServerConfigKeys (ConfUtils.java:logGet(44)) - raft.server.snapshot.retention.file.num = 5 (custom)
2021-10-05 13:25:00,172 [pool-264-thread-1] INFO  server.RaftServerConfigKeys (ConfUtils.java:logGet(44)) - raft.server.log.purge.upto.snapshot.index = false (default)
2021-10-05 13:25:00,172 [pool-264-thread-1] INFO  server.RaftServerConfigKeys (ConfUtils.java:logGet(44)) - raft.server.retrycache.expirytime = 600000ms (custom)
2021-10-05 13:25:00,172 [pool-264-thread-1] INFO  server.RaftServerConfigKeys (ConfUtils.java:logGet(44)) - raft.server.retrycache.statistics.expirytime = 100μs (default)
2021-10-05 13:25:00,173 [pool-264-thread-1] INFO  server.RaftServer$Division (RaftServerImpl.java:start(296)) - b668fbba-0931-4533-8c87-c6849aaa836f@group-62F8E1A01D1D: start as a follower, conf=-1: [b668fbba-0931-4533-8c87-c6849aaa836f|rpc:127.0.0.1:40511|priority:1, 830d4653-8da7-4c59-a1a4-1cd595539218|rpc:127.0.0.1:42995|priority:0, 9cad18a2-4b78-4cb8-813e-2348ce620e43|rpc:127.0.0.1:34379|priority:0], old=null
2021-10-05 13:25:00,173 [pool-264-thread-1] INFO  server.RaftServer$Division (RaftServerImpl.java:setRole(285)) - b668fbba-0931-4533-8c87-c6849aaa836f@group-62F8E1A01D1D: changes role from      null to FOLLOWER at term 0 for startAsFollower
2021-10-05 13:25:00,174 [pool-264-thread-1] INFO  impl.RoleInfo (RoleInfo.java:updateAndGet(130)) - b668fbba-0931-4533-8c87-c6849aaa836f: start b668fbba-0931-4533-8c87-c6849aaa836f@group-62F8E1A01D1D-FollowerState
2021-10-05 13:25:00,191 [pool-264-thread-1] INFO  util.JmxRegister (JmxRegister.java:tryRegister(44)) - Successfully registered JMX Bean with object name Ratis:service=RaftServer,group=group-62F8E1A01D1D,id=b668fbba-0931-4533-8c87-c6849aaa836f
2021-10-05 13:25:00,194 [Command processor thread] INFO  ratis.XceiverServerRatis (XceiverServerRatis.java:addGroup(763)) - Created group PipelineID=5cfa055b-4c5c-4f3c-a5c0-62f8e1a01d1d
2021-10-05 13:25:00,210 [grpc-default-executor-2] INFO  server.RaftServer (RaftServerProxy.java:addNew(95)) - 9cad18a2-4b78-4cb8-813e-2348ce620e43: addNew group-62F8E1A01D1D:[b668fbba-0931-4533-8c87-c6849aaa836f|rpc:127.0.0.1:40511|dataStream:|priority:1, 830d4653-8da7-4c59-a1a4-1cd595539218|rpc:127.0.0.1:42995|dataStream:|priority:0, 9cad18a2-4b78-4cb8-813e-2348ce620e43|rpc:127.0.0.1:34379|dataStream:|priority:0] returns group-62F8E1A01D1D:java.util.concurrent.CompletableFuture@3d40c228[Not completed]
2021-10-05 13:25:00,211 [pool-306-thread-1] INFO  server.RaftServer$Division (RaftServerImpl.java:<init>(181)) - 9cad18a2-4b78-4cb8-813e-2348ce620e43: new RaftServerImpl for group-62F8E1A01D1D:[b668fbba-0931-4533-8c87-c6849aaa836f|rpc:127.0.0.1:40511|dataStream:|priority:1, 830d4653-8da7-4c59-a1a4-1cd595539218|rpc:127.0.0.1:42995|dataStream:|priority:0, 9cad18a2-4b78-4cb8-813e-2348ce620e43|rpc:127.0.0.1:34379|dataStream:|priority:0] with ContainerStateMachine:uninitialized
2021-10-05 13:25:00,212 [pool-306-thread-1] INFO  server.RaftServerConfigKeys (ConfUtils.java:logGet(44)) - raft.server.rpc.timeout.min = 5s (custom)
2021-10-05 13:25:00,212 [pool-306-thread-1] INFO  server.RaftServerConfigKeys (ConfUtils.java:logGet(44)) - raft.server.rpc.timeout.max = 5200ms (custom)
2021-10-05 13:25:00,212 [pool-306-thread-1] INFO  server.RaftServerConfigKeys (ConfUtils.java:logGet(44)) - raft.server.rpc.sleep.time = 25ms (default)
2021-10-05 13:25:00,213 [pool-306-thread-1] INFO  server.RaftServerConfigKeys (ConfUtils.java:logGet(44)) - raft.server.rpc.slowness.timeout = 300s (custom)
2021-10-05 13:25:00,213 [pool-306-thread-1] INFO  server.RaftServerConfigKeys (ConfUtils.java:logGet(44)) - raft.server.leaderelection.leader.step-down.wait-time = 10s (default)
2021-10-05 13:25:00,213 [pool-306-thread-1] INFO  server.RaftServerConfigKeys (ConfUtils.java:logGet(44)) - raft.server.sleep.deviation.threshold = 300ms (default)
2021-10-05 13:25:00,213 [pool-306-thread-1] INFO  server.RaftServerConfigKeys (ConfUtils.java:logGet(44)) - raft.server.log.appender.install.snapshot.enabled = false (custom)
2021-10-05 13:25:00,213 [pool-306-thread-1] INFO  server.RaftServer$Division (ServerState.java:<init>(105)) - 9cad18a2-4b78-4cb8-813e-2348ce620e43@group-62F8E1A01D1D: ConfigurationManager, init=-1: [b668fbba-0931-4533-8c87-c6849aaa836f|rpc:127.0.0.1:40511|dataStream:|priority:1, 830d4653-8da7-4c59-a1a4-1cd595539218|rpc:127.0.0.1:42995|dataStream:|priority:0, 9cad18a2-4b78-4cb8-813e-2348ce620e43|rpc:127.0.0.1:34379|dataStream:|priority:0], old=null, confs=<EMPTY_MAP>
2021-10-05 13:25:00,213 [pool-306-thread-1] INFO  server.RaftServerConfigKeys (ConfUtils.java:logGet(44)) - raft.server.storage.dir = [/home/runner/work/ozone/ozone/hadoop-ozone/integration-test/target/test-dir/MiniOzoneClusterImpl-36b87918-66c6-4e2c-9c49-5aa8dab94a1f/datanode-2/data/ratis] (custom)
2021-10-05 13:25:00,213 [pool-306-thread-1] INFO  server.RaftServerConfigKeys (ConfUtils.java:logGet(44)) - raft.server.log.corruption.policy = EXCEPTION (default)
2021-10-05 13:25:00,213 [pool-306-thread-1] INFO  server.RaftServerConfigKeys (ConfUtils.java:logGet(44)) - raft.server.storage.free-space.min = 0MB (=0) (default)
2021-10-05 13:25:00,213 [pool-306-thread-1] INFO  storage.RaftStorageDirectory (RaftStorageDirectoryImpl.java:analyzeStorage(135)) - The storage directory /home/runner/work/ozone/ozone/hadoop-ozone/integration-test/target/test-dir/MiniOzoneClusterImpl-36b87918-66c6-4e2c-9c49-5aa8dab94a1f/datanode-2/data/ratis/5cfa055b-4c5c-4f3c-a5c0-62f8e1a01d1d does not exist. Creating ...
2021-10-05 13:25:00,214 [pool-306-thread-1] INFO  storage.RaftStorageDirectory (RaftStorageDirectoryImpl.java:tryLock(230)) - Lock on /home/runner/work/ozone/ozone/hadoop-ozone/integration-test/target/test-dir/MiniOzoneClusterImpl-36b87918-66c6-4e2c-9c49-5aa8dab94a1f/datanode-2/data/ratis/5cfa055b-4c5c-4f3c-a5c0-62f8e1a01d1d/in_use.lock acquired by nodename 17451@fv-az270-324
2021-10-05 13:25:00,224 [pool-306-thread-1] INFO  storage.RaftStorage (RaftStorageImpl.java:format(89)) - Storage directory /home/runner/work/ozone/ozone/hadoop-ozone/integration-test/target/test-dir/MiniOzoneClusterImpl-36b87918-66c6-4e2c-9c49-5aa8dab94a1f/datanode-2/data/ratis/5cfa055b-4c5c-4f3c-a5c0-62f8e1a01d1d has been successfully formatted.
2021-10-05 13:25:00,224 [pool-306-thread-1] INFO  ratis.ContainerStateMachine (ContainerStateMachine.java:loadSnapshot(224)) - group-62F8E1A01D1D: The snapshot info is null. Setting the last applied indexto:(t:0, i:~)
2021-10-05 13:25:00,224 [pool-306-thread-1] INFO  server.RaftServerConfigKeys (ConfUtils.java:logGet(44)) - raft.server.notification.no-leader.timeout = 300s (custom)
2021-10-05 13:25:00,224 [pool-306-thread-1] INFO  server.RaftServerConfigKeys (ConfUtils.java:logGet(44)) - raft.server.log.use.memory = false (default)
2021-10-05 13:25:00,224 [pool-306-thread-1] INFO  server.RaftServerConfigKeys (ConfUtils.java:logGet(44)) - raft.server.log.purge.gap = 1000000 (custom)
2021-10-05 13:25:00,225 [pool-306-thread-1] INFO  server.RaftServerConfigKeys (ConfUtils.java:logGet(44)) - raft.server.log.appender.buffer.byte-limit = 33554432 (custom)
2021-10-05 13:25:00,225 [pool-306-thread-1] INFO  server.RaftServerConfigKeys (ConfUtils.java:logGet(44)) - raft.server.log.segment.size.max = 1048576 (custom)
2021-10-05 13:25:00,225 [pool-306-thread-1] INFO  server.RaftServerConfigKeys (ConfUtils.java:logGet(44)) - raft.server.log.segment.cache.num.max = 2 (custom)
2021-10-05 13:25:00,225 [pool-306-thread-1] INFO  server.RaftServerConfigKeys (ConfUtils.java:logGet(44)) - raft.server.log.segment.cache.size.max = 200MB (=209715200) (default)
2021-10-05 13:25:00,225 [pool-306-thread-1] INFO  segmented.SegmentedRaftLogWorker (SegmentedRaftLogWorker.java:<init>(182)) - new 9cad18a2-4b78-4cb8-813e-2348ce620e43@group-62F8E1A01D1D-SegmentedRaftLogWorker for RaftStorageImpl:Storage Directory /home/runner/work/ozone/ozone/hadoop-ozone/integration-test/target/test-dir/MiniOzoneClusterImpl-36b87918-66c6-4e2c-9c49-5aa8dab94a1f/datanode-2/data/ratis/5cfa055b-4c5c-4f3c-a5c0-62f8e1a01d1d
2021-10-05 13:25:00,225 [pool-306-thread-1] INFO  server.RaftServerConfigKeys (ConfUtils.java:logGet(44)) - raft.server.log.queue.byte-limit = 2147483647 (custom)
2021-10-05 13:25:00,225 [pool-306-thread-1] INFO  server.RaftServerConfigKeys (ConfUtils.java:logGet(44)) - raft.server.log.queue.element-limit = 1024 (custom)
2021-10-05 13:25:00,225 [pool-306-thread-1] INFO  server.RaftServerConfigKeys (ConfUtils.java:logGet(44)) - raft.server.log.segment.size.max = 1048576 (custom)
2021-10-05 13:25:00,225 [pool-306-thread-1] INFO  server.RaftServerConfigKeys (ConfUtils.java:logGet(44)) - raft.server.log.preallocated.size = 16384 (custom)
2021-10-05 13:25:00,225 [pool-306-thread-1] INFO  server.RaftServerConfigKeys (ConfUtils.java:logGet(44)) - raft.server.log.force.sync.num = 128 (default)
2021-10-05 13:25:00,225 [pool-306-thread-1] INFO  server.RaftServerConfigKeys (ConfUtils.java:logGet(44)) - raft.server.log.statemachine.data.sync = true (default)
2021-10-05 13:25:00,225 [pool-306-thread-1] INFO  server.RaftServerConfigKeys (ConfUtils.java:logGet(44)) - raft.server.log.statemachine.data.sync.timeout = 10s (default)
2021-10-05 13:25:00,226 [pool-306-thread-1] INFO  server.RaftServerConfigKeys (ConfUtils.java:logGet(44)) - raft.server.log.statemachine.data.sync.timeout.retry = -1 (default)
2021-10-05 13:25:00,226 [pool-306-thread-1] INFO  server.RaftServerConfigKeys (ConfUtils.java:logGet(44)) - raft.server.log.write.buffer.size = 1048576 (custom)
2021-10-05 13:25:00,231 [pool-306-thread-1] INFO  server.RaftServerConfigKeys (ConfUtils.java:logGet(44)) - raft.server.log.statemachine.data.caching.enabled = true (custom)
2021-10-05 13:25:00,232 [pool-306-thread-1] INFO  segmented.SegmentedRaftLogWorker (SegmentedRaftLogWorker.java:lambda$new$0(133)) - 9cad18a2-4b78-4cb8-813e-2348ce620e43@group-62F8E1A01D1D-SegmentedRaftLogWorker: flushIndex: setUnconditionally 0 -> -1
2021-10-05 13:25:00,232 [pool-306-thread-1] INFO  segmented.SegmentedRaftLogWorker (SegmentedRaftLogWorker.java:lambda$new$0(133)) - 9cad18a2-4b78-4cb8-813e-2348ce620e43@group-62F8E1A01D1D-SegmentedRaftLogWorker: safeCacheEvictIndex: setUnconditionally 0 -> -1
2021-10-05 13:25:00,241 [pool-306-thread-1] INFO  server.RaftServerConfigKeys (ConfUtils.java:logGet(44)) - raft.server.snapshot.auto.trigger.enabled = true (custom)
2021-10-05 13:25:00,241 [pool-306-thread-1] INFO  server.RaftServerConfigKeys (ConfUtils.java:logGet(44)) - raft.server.snapshot.auto.trigger.threshold = 10000 (custom)
2021-10-05 13:25:00,241 [pool-306-thread-1] INFO  server.RaftServerConfigKeys (ConfUtils.java:logGet(44)) - raft.server.snapshot.retention.file.num = 5 (custom)
2021-10-05 13:25:00,241 [pool-306-thread-1] INFO  server.RaftServerConfigKeys (ConfUtils.java:logGet(44)) - raft.server.log.purge.upto.snapshot.index = false (default)
2021-10-05 13:25:00,241 [pool-306-thread-1] INFO  server.RaftServerConfigKeys (ConfUtils.java:logGet(44)) - raft.server.retrycache.expirytime = 600000ms (custom)
2021-10-05 13:25:00,241 [pool-306-thread-1] INFO  server.RaftServerConfigKeys (ConfUtils.java:logGet(44)) - raft.server.retrycache.statistics.expirytime = 100μs (default)
2021-10-05 13:25:00,242 [pool-306-thread-1] INFO  server.RaftServer$Division (RaftServerImpl.java:start(296)) - 9cad18a2-4b78-4cb8-813e-2348ce620e43@group-62F8E1A01D1D: start as a follower, conf=-1: [b668fbba-0931-4533-8c87-c6849aaa836f|rpc:127.0.0.1:40511|dataStream:|priority:1, 830d4653-8da7-4c59-a1a4-1cd595539218|rpc:127.0.0.1:42995|dataStream:|priority:0, 9cad18a2-4b78-4cb8-813e-2348ce620e43|rpc:127.0.0.1:34379|dataStream:|priority:0], old=null
2021-10-05 13:25:00,242 [pool-306-thread-1] INFO  server.RaftServer$Division (RaftServerImpl.java:setRole(285)) - 9cad18a2-4b78-4cb8-813e-2348ce620e43@group-62F8E1A01D1D: changes role from      null to FOLLOWER at term 0 for startAsFollower
2021-10-05 13:25:00,243 [pool-306-thread-1] INFO  impl.RoleInfo (RoleInfo.java:updateAndGet(130)) - 9cad18a2-4b78-4cb8-813e-2348ce620e43: start 9cad18a2-4b78-4cb8-813e-2348ce620e43@group-62F8E1A01D1D-FollowerState
2021-10-05 13:25:00,260 [pool-306-thread-1] INFO  util.JmxRegister (JmxRegister.java:tryRegister(44)) - Successfully registered JMX Bean with object name Ratis:service=RaftServer,group=group-62F8E1A01D1D,id=9cad18a2-4b78-4cb8-813e-2348ce620e43
2021-10-05 13:25:00,303 [grpc-default-executor-2] INFO  server.RaftServer (RaftServerProxy.java:addNew(95)) - 830d4653-8da7-4c59-a1a4-1cd595539218: addNew group-62F8E1A01D1D:[b668fbba-0931-4533-8c87-c6849aaa836f|rpc:127.0.0.1:40511|dataStream:|priority:1, 830d4653-8da7-4c59-a1a4-1cd595539218|rpc:127.0.0.1:42995|dataStream:|priority:0, 9cad18a2-4b78-4cb8-813e-2348ce620e43|rpc:127.0.0.1:34379|dataStream:|priority:0] returns group-62F8E1A01D1D:java.util.concurrent.CompletableFuture@fb06624[Not completed]
2021-10-05 13:25:00,304 [pool-285-thread-1] INFO  server.RaftServer$Division (RaftServerImpl.java:<init>(181)) - 830d4653-8da7-4c59-a1a4-1cd595539218: new RaftServerImpl for group-62F8E1A01D1D:[b668fbba-0931-4533-8c87-c6849aaa836f|rpc:127.0.0.1:40511|dataStream:|priority:1, 830d4653-8da7-4c59-a1a4-1cd595539218|rpc:127.0.0.1:42995|dataStream:|priority:0, 9cad18a2-4b78-4cb8-813e-2348ce620e43|rpc:127.0.0.1:34379|dataStream:|priority:0] with ContainerStateMachine:uninitialized
2021-10-05 13:25:00,310 [pool-285-thread-1] INFO  server.RaftServerConfigKeys (ConfUtils.java:logGet(44)) - raft.server.rpc.timeout.min = 5s (custom)
2021-10-05 13:25:00,310 [pool-285-thread-1] INFO  server.RaftServerConfigKeys (ConfUtils.java:logGet(44)) - raft.server.rpc.timeout.max = 5200ms (custom)
2021-10-05 13:25:00,310 [pool-285-thread-1] INFO  server.RaftServerConfigKeys (ConfUtils.java:logGet(44)) - raft.server.rpc.sleep.time = 25ms (default)
2021-10-05 13:25:00,310 [pool-285-thread-1] INFO  server.RaftServerConfigKeys (ConfUtils.java:logGet(44)) - raft.server.rpc.slowness.timeout = 300s (custom)
2021-10-05 13:25:00,310 [pool-285-thread-1] INFO  server.RaftServerConfigKeys (ConfUtils.java:logGet(44)) - raft.server.leaderelection.leader.step-down.wait-time = 10s (default)
2021-10-05 13:25:00,310 [pool-285-thread-1] INFO  server.RaftServerConfigKeys (ConfUtils.java:logGet(44)) - raft.server.sleep.deviation.threshold = 300ms (default)
2021-10-05 13:25:00,310 [pool-285-thread-1] INFO  server.RaftServerConfigKeys (ConfUtils.java:logGet(44)) - raft.server.log.appender.install.snapshot.enabled = false (custom)
2021-10-05 13:25:00,310 [pool-285-thread-1] INFO  server.RaftServer$Division (ServerState.java:<init>(105)) - 830d4653-8da7-4c59-a1a4-1cd595539218@group-62F8E1A01D1D: ConfigurationManager, init=-1: [b668fbba-0931-4533-8c87-c6849aaa836f|rpc:127.0.0.1:40511|dataStream:|priority:1, 830d4653-8da7-4c59-a1a4-1cd595539218|rpc:127.0.0.1:42995|dataStream:|priority:0, 9cad18a2-4b78-4cb8-813e-2348ce620e43|rpc:127.0.0.1:34379|dataStream:|priority:0], old=null, confs=<EMPTY_MAP>
2021-10-05 13:25:00,310 [pool-285-thread-1] INFO  server.RaftServerConfigKeys (ConfUtils.java:logGet(44)) - raft.server.storage.dir = [/home/runner/work/ozone/ozone/hadoop-ozone/integration-test/target/test-dir/MiniOzoneClusterImpl-36b87918-66c6-4e2c-9c49-5aa8dab94a1f/datanode-1/data/ratis] (custom)
2021-10-05 13:25:00,310 [pool-285-thread-1] INFO  server.RaftServerConfigKeys (ConfUtils.java:logGet(44)) - raft.server.log.corruption.policy = EXCEPTION (default)
2021-10-05 13:25:00,310 [pool-285-thread-1] INFO  server.RaftServerConfigKeys (ConfUtils.java:logGet(44)) - raft.server.storage.free-space.min = 0MB (=0) (default)
2021-10-05 13:25:00,311 [pool-285-thread-1] INFO  storage.RaftStorageDirectory (RaftStorageDirectoryImpl.java:analyzeStorage(135)) - The storage directory /home/runner/work/ozone/ozone/hadoop-ozone/integration-test/target/test-dir/MiniOzoneClusterImpl-36b87918-66c6-4e2c-9c49-5aa8dab94a1f/datanode-1/data/ratis/5cfa055b-4c5c-4f3c-a5c0-62f8e1a01d1d does not exist. Creating ...
2021-10-05 13:25:00,314 [pool-285-thread-1] INFO  storage.RaftStorageDirectory (RaftStorageDirectoryImpl.java:tryLock(230)) - Lock on /home/runner/work/ozone/ozone/hadoop-ozone/integration-test/target/test-dir/MiniOzoneClusterImpl-36b87918-66c6-4e2c-9c49-5aa8dab94a1f/datanode-1/data/ratis/5cfa055b-4c5c-4f3c-a5c0-62f8e1a01d1d/in_use.lock acquired by nodename 17451@fv-az270-324
2021-10-05 13:25:00,319 [pool-285-thread-1] INFO  storage.RaftStorage (RaftStorageImpl.java:format(89)) - Storage directory /home/runner/work/ozone/ozone/hadoop-ozone/integration-test/target/test-dir/MiniOzoneClusterImpl-36b87918-66c6-4e2c-9c49-5aa8dab94a1f/datanode-1/data/ratis/5cfa055b-4c5c-4f3c-a5c0-62f8e1a01d1d has been successfully formatted.
2021-10-05 13:25:00,319 [pool-285-thread-1] INFO  ratis.ContainerStateMachine (ContainerStateMachine.java:loadSnapshot(224)) - group-62F8E1A01D1D: The snapshot info is null. Setting the last applied indexto:(t:0, i:~)
2021-10-05 13:25:00,320 [pool-285-thread-1] INFO  server.RaftServerConfigKeys (ConfUtils.java:logGet(44)) - raft.server.notification.no-leader.timeout = 300s (custom)
2021-10-05 13:25:00,320 [pool-285-thread-1] INFO  server.RaftServerConfigKeys (ConfUtils.java:logGet(44)) - raft.server.log.use.memory = false (default)
2021-10-05 13:25:00,320 [pool-285-thread-1] INFO  server.RaftServerConfigKeys (ConfUtils.java:logGet(44)) - raft.server.log.purge.gap = 1000000 (custom)
2021-10-05 13:25:00,320 [pool-285-thread-1] INFO  server.RaftServerConfigKeys (ConfUtils.java:logGet(44)) - raft.server.log.appender.buffer.byte-limit = 33554432 (custom)
2021-10-05 13:25:00,320 [pool-285-thread-1] INFO  server.RaftServerConfigKeys (ConfUtils.java:logGet(44)) - raft.server.log.segment.size.max = 1048576 (custom)
2021-10-05 13:25:00,321 [pool-285-thread-1] INFO  server.RaftServerConfigKeys (ConfUtils.java:logGet(44)) - raft.server.log.segment.cache.num.max = 2 (custom)
2021-10-05 13:25:00,321 [pool-285-thread-1] INFO  server.RaftServerConfigKeys (ConfUtils.java:logGet(44)) - raft.server.log.segment.cache.size.max = 200MB (=209715200) (default)
2021-10-05 13:25:00,321 [pool-285-thread-1] INFO  segmented.SegmentedRaftLogWorker (SegmentedRaftLogWorker.java:<init>(182)) - new 830d4653-8da7-4c59-a1a4-1cd595539218@group-62F8E1A01D1D-SegmentedRaftLogWorker for RaftStorageImpl:Storage Directory /home/runner/work/ozone/ozone/hadoop-ozone/integration-test/target/test-dir/MiniOzoneClusterImpl-36b87918-66c6-4e2c-9c49-5aa8dab94a1f/datanode-1/data/ratis/5cfa055b-4c5c-4f3c-a5c0-62f8e1a01d1d
2021-10-05 13:25:00,321 [pool-285-thread-1] INFO  server.RaftServerConfigKeys (ConfUtils.java:logGet(44)) - raft.server.log.queue.byte-limit = 2147483647 (custom)
2021-10-05 13:25:00,321 [pool-285-thread-1] INFO  server.RaftServerConfigKeys (ConfUtils.java:logGet(44)) - raft.server.log.queue.element-limit = 1024 (custom)
2021-10-05 13:25:00,322 [pool-285-thread-1] INFO  server.RaftServerConfigKeys (ConfUtils.java:logGet(44)) - raft.server.log.segment.size.max = 1048576 (custom)
2021-10-05 13:25:00,322 [pool-285-thread-1] INFO  server.RaftServerConfigKeys (ConfUtils.java:logGet(44)) - raft.server.log.preallocated.size = 16384 (custom)
2021-10-05 13:25:00,322 [pool-285-thread-1] INFO  server.RaftServerConfigKeys (ConfUtils.java:logGet(44)) - raft.server.log.force.sync.num = 128 (default)
2021-10-05 13:25:00,323 [pool-285-thread-1] INFO  server.RaftServerConfigKeys (ConfUtils.java:logGet(44)) - raft.server.log.statemachine.data.sync = true (default)
2021-10-05 13:25:00,324 [pool-285-thread-1] INFO  server.RaftServerConfigKeys (ConfUtils.java:logGet(44)) - raft.server.log.statemachine.data.sync.timeout = 10s (default)
2021-10-05 13:25:00,324 [pool-285-thread-1] INFO  server.RaftServerConfigKeys (ConfUtils.java:logGet(44)) - raft.server.log.statemachine.data.sync.timeout.retry = -1 (default)
2021-10-05 13:25:00,325 [pool-285-thread-1] INFO  server.RaftServerConfigKeys (ConfUtils.java:logGet(44)) - raft.server.log.write.buffer.size = 1048576 (custom)
2021-10-05 13:25:00,325 [pool-285-thread-1] INFO  server.RaftServerConfigKeys (ConfUtils.java:logGet(44)) - raft.server.log.statemachine.data.caching.enabled = true (custom)
2021-10-05 13:25:00,325 [pool-285-thread-1] INFO  segmented.SegmentedRaftLogWorker (SegmentedRaftLogWorker.java:lambda$new$0(133)) - 830d4653-8da7-4c59-a1a4-1cd595539218@group-62F8E1A01D1D-SegmentedRaftLogWorker: flushIndex: setUnconditionally 0 -> -1
2021-10-05 13:25:00,325 [pool-285-thread-1] INFO  segmented.SegmentedRaftLogWorker (SegmentedRaftLogWorker.java:lambda$new$0(133)) - 830d4653-8da7-4c59-a1a4-1cd595539218@group-62F8E1A01D1D-SegmentedRaftLogWorker: safeCacheEvictIndex: setUnconditionally 0 -> -1
2021-10-05 13:25:00,331 [pool-285-thread-1] INFO  server.RaftServerConfigKeys (ConfUtils.java:logGet(44)) - raft.server.snapshot.auto.trigger.enabled = true (custom)
2021-10-05 13:25:00,331 [pool-285-thread-1] INFO  server.RaftServerConfigKeys (ConfUtils.java:logGet(44)) - raft.server.snapshot.auto.trigger.threshold = 10000 (custom)
2021-10-05 13:25:00,331 [pool-285-thread-1] INFO  server.RaftServerConfigKeys (ConfUtils.java:logGet(44)) - raft.server.snapshot.retention.file.num = 5 (custom)
2021-10-05 13:25:00,331 [pool-285-thread-1] INFO  server.RaftServerConfigKeys (ConfUtils.java:logGet(44)) - raft.server.log.purge.upto.snapshot.index = false (default)
2021-10-05 13:25:00,331 [pool-285-thread-1] INFO  server.RaftServerConfigKeys (ConfUtils.java:logGet(44)) - raft.server.retrycache.expirytime = 600000ms (custom)
2021-10-05 13:25:00,332 [pool-285-thread-1] INFO  server.RaftServerConfigKeys (ConfUtils.java:logGet(44)) - raft.server.retrycache.statistics.expirytime = 100μs (default)
2021-10-05 13:25:00,333 [pool-285-thread-1] INFO  server.RaftServer$Division (RaftServerImpl.java:start(296)) - 830d4653-8da7-4c59-a1a4-1cd595539218@group-62F8E1A01D1D: start as a follower, conf=-1: [b668fbba-0931-4533-8c87-c6849aaa836f|rpc:127.0.0.1:40511|dataStream:|priority:1, 830d4653-8da7-4c59-a1a4-1cd595539218|rpc:127.0.0.1:42995|dataStream:|priority:0, 9cad18a2-4b78-4cb8-813e-2348ce620e43|rpc:127.0.0.1:34379|dataStream:|priority:0], old=null
2021-10-05 13:25:00,335 [pool-285-thread-1] INFO  server.RaftServer$Division (RaftServerImpl.java:setRole(285)) - 830d4653-8da7-4c59-a1a4-1cd595539218@group-62F8E1A01D1D: changes role from      null to FOLLOWER at term 0 for startAsFollower
2021-10-05 13:25:00,335 [pool-285-thread-1] INFO  impl.RoleInfo (RoleInfo.java:updateAndGet(130)) - 830d4653-8da7-4c59-a1a4-1cd595539218: start 830d4653-8da7-4c59-a1a4-1cd595539218@group-62F8E1A01D1D-FollowerState
2021-10-05 13:25:00,343 [pool-285-thread-1] INFO  util.JmxRegister (JmxRegister.java:tryRegister(44)) - Successfully registered JMX Bean with object name Ratis:service=RaftServer,group=group-62F8E1A01D1D,id=830d4653-8da7-4c59-a1a4-1cd595539218
2021-10-05 13:25:00,353 [Command processor thread] INFO  commandhandler.CreatePipelineCommandHandler (CreatePipelineCommandHandler.java:handle(106)) - Created Pipeline RATIS THREE PipelineID=5cfa055b-4c5c-4f3c-a5c0-62f8e1a01d1d.
2021-10-05 13:25:00,354 [Command processor thread] INFO  server.RaftServer (RaftServerProxy.java:addNew(95)) - b668fbba-0931-4533-8c87-c6849aaa836f: addNew group-9360A73A2ABC:[b668fbba-0931-4533-8c87-c6849aaa836f|rpc:127.0.0.1:40511|priority:0, 830d4653-8da7-4c59-a1a4-1cd595539218|rpc:127.0.0.1:42995|priority:0, 9cad18a2-4b78-4cb8-813e-2348ce620e43|rpc:127.0.0.1:34379|priority:1] returns group-9360A73A2ABC:java.util.concurrent.CompletableFuture@5690230c[Not completed]
2021-10-05 13:25:00,355 [pool-264-thread-1] INFO  server.RaftServer$Division (RaftServerImpl.java:<init>(181)) - b668fbba-0931-4533-8c87-c6849aaa836f: new RaftServerImpl for group-9360A73A2ABC:[b668fbba-0931-4533-8c87-c6849aaa836f|rpc:127.0.0.1:40511|priority:0, 830d4653-8da7-4c59-a1a4-1cd595539218|rpc:127.0.0.1:42995|priority:0, 9cad18a2-4b78-4cb8-813e-2348ce620e43|rpc:127.0.0.1:34379|priority:1] with ContainerStateMachine:uninitialized
2021-10-05 13:25:00,355 [pool-264-thread-1] INFO  server.RaftServerConfigKeys (ConfUtils.java:logGet(44)) - raft.server.rpc.timeout.min = 5s (custom)
2021-10-05 13:25:00,355 [pool-264-thread-1] INFO  server.RaftServerConfigKeys (ConfUtils.java:logGet(44)) - raft.server.rpc.timeout.max = 5200ms (custom)
2021-10-05 13:25:00,355 [pool-264-thread-1] INFO  server.RaftServerConfigKeys (ConfUtils.java:logGet(44)) - raft.server.rpc.sleep.time = 25ms (default)
2021-10-05 13:25:00,355 [pool-264-thread-1] INFO  server.RaftServerConfigKeys (ConfUtils.java:logGet(44)) - raft.server.rpc.slowness.timeout = 300s (custom)
2021-10-05 13:25:00,355 [pool-264-thread-1] INFO  server.RaftServerConfigKeys (ConfUtils.java:logGet(44)) - raft.server.leaderelection.leader.step-down.wait-time = 10s (default)
2021-10-05 13:25:00,355 [pool-264-thread-1] INFO  server.RaftServerConfigKeys (ConfUtils.java:logGet(44)) - raft.server.sleep.deviation.threshold = 300ms (default)
2021-10-05 13:25:00,355 [pool-264-thread-1] INFO  server.RaftServerConfigKeys (ConfUtils.java:logGet(44)) - raft.server.log.appender.install.snapshot.enabled = false (custom)
2021-10-05 13:25:00,355 [pool-264-thread-1] INFO  server.RaftServer$Division (ServerState.java:<init>(105)) - b668fbba-0931-4533-8c87-c6849aaa836f@group-9360A73A2ABC: ConfigurationManager, init=-1: [b668fbba-0931-4533-8c87-c6849aaa836f|rpc:127.0.0.1:40511|priority:0, 830d4653-8da7-4c59-a1a4-1cd595539218|rpc:127.0.0.1:42995|priority:0, 9cad18a2-4b78-4cb8-813e-2348ce620e43|rpc:127.0.0.1:34379|priority:1], old=null, confs=<EMPTY_MAP>
2021-10-05 13:25:00,355 [pool-264-thread-1] INFO  server.RaftServerConfigKeys (ConfUtils.java:logGet(44)) - raft.server.storage.dir = [/home/runner/work/ozone/ozone/hadoop-ozone/integration-test/target/test-dir/MiniOzoneClusterImpl-36b87918-66c6-4e2c-9c49-5aa8dab94a1f/datanode-0/data/ratis] (custom)
2021-10-05 13:25:00,355 [pool-264-thread-1] INFO  server.RaftServerConfigKeys (ConfUtils.java:logGet(44)) - raft.server.log.corruption.policy = EXCEPTION (default)
2021-10-05 13:25:00,355 [pool-264-thread-1] INFO  server.RaftServerConfigKeys (ConfUtils.java:logGet(44)) - raft.server.storage.free-space.min = 0MB (=0) (default)
2021-10-05 13:25:00,355 [pool-264-thread-1] INFO  storage.RaftStorageDirectory (RaftStorageDirectoryImpl.java:analyzeStorage(135)) - The storage directory /home/runner/work/ozone/ozone/hadoop-ozone/integration-test/target/test-dir/MiniOzoneClusterImpl-36b87918-66c6-4e2c-9c49-5aa8dab94a1f/datanode-0/data/ratis/1cc8aba1-0118-4460-9a8d-9360a73a2abc does not exist. Creating ...
2021-10-05 13:25:00,357 [pool-264-thread-1] INFO  storage.RaftStorageDirectory (RaftStorageDirectoryImpl.java:tryLock(230)) - Lock on /home/runner/work/ozone/ozone/hadoop-ozone/integration-test/target/test-dir/MiniOzoneClusterImpl-36b87918-66c6-4e2c-9c49-5aa8dab94a1f/datanode-0/data/ratis/1cc8aba1-0118-4460-9a8d-9360a73a2abc/in_use.lock acquired by nodename 17451@fv-az270-324
2021-10-05 13:25:00,359 [pool-264-thread-1] INFO  storage.RaftStorage (RaftStorageImpl.java:format(89)) - Storage directory /home/runner/work/ozone/ozone/hadoop-ozone/integration-test/target/test-dir/MiniOzoneClusterImpl-36b87918-66c6-4e2c-9c49-5aa8dab94a1f/datanode-0/data/ratis/1cc8aba1-0118-4460-9a8d-9360a73a2abc has been successfully formatted.
2021-10-05 13:25:00,359 [pool-264-thread-1] INFO  ratis.ContainerStateMachine (ContainerStateMachine.java:loadSnapshot(224)) - group-9360A73A2ABC: The snapshot info is null. Setting the last applied indexto:(t:0, i:~)
2021-10-05 13:25:00,360 [pool-264-thread-1] INFO  server.RaftServerConfigKeys (ConfUtils.java:logGet(44)) - raft.server.notification.no-leader.timeout = 300s (custom)
2021-10-05 13:25:00,360 [pool-264-thread-1] INFO  server.RaftServerConfigKeys (ConfUtils.java:logGet(44)) - raft.server.log.use.memory = false (default)
2021-10-05 13:25:00,360 [pool-264-thread-1] INFO  server.RaftServerConfigKeys (ConfUtils.java:logGet(44)) - raft.server.log.purge.gap = 1000000 (custom)
2021-10-05 13:25:00,360 [pool-264-thread-1] INFO  server.RaftServerConfigKeys (ConfUtils.java:logGet(44)) - raft.server.log.appender.buffer.byte-limit = 33554432 (custom)
2021-10-05 13:25:00,360 [pool-264-thread-1] INFO  server.RaftServerConfigKeys (ConfUtils.java:logGet(44)) - raft.server.log.segment.size.max = 1048576 (custom)
2021-10-05 13:25:00,361 [EventQueue-OpenPipelineForHealthyPipelineSafeModeRule] INFO  safemode.SCMSafeModeManager (HealthyPipelineSafeModeRule.java:process(124)) - SCM in safe mode. Healthy pipelines reported count is 0, required healthy pipeline reported count is 1
2021-10-05 13:25:00,362 [pool-264-thread-1] INFO  server.RaftServerConfigKeys (ConfUtils.java:logGet(44)) - raft.server.log.segment.cache.num.max = 2 (custom)
2021-10-05 13:25:00,362 [pool-264-thread-1] INFO  server.RaftServerConfigKeys (ConfUtils.java:logGet(44)) - raft.server.log.segment.cache.size.max = 200MB (=209715200) (default)
2021-10-05 13:25:00,362 [pool-264-thread-1] INFO  segmented.SegmentedRaftLogWorker (SegmentedRaftLogWorker.java:<init>(182)) - new b668fbba-0931-4533-8c87-c6849aaa836f@group-9360A73A2ABC-SegmentedRaftLogWorker for RaftStorageImpl:Storage Directory /home/runner/work/ozone/ozone/hadoop-ozone/integration-test/target/test-dir/MiniOzoneClusterImpl-36b87918-66c6-4e2c-9c49-5aa8dab94a1f/datanode-0/data/ratis/1cc8aba1-0118-4460-9a8d-9360a73a2abc
2021-10-05 13:25:00,362 [pool-264-thread-1] INFO  server.RaftServerConfigKeys (ConfUtils.java:logGet(44)) - raft.server.log.queue.byte-limit = 2147483647 (custom)
2021-10-05 13:25:00,362 [pool-264-thread-1] INFO  server.RaftServerConfigKeys (ConfUtils.java:logGet(44)) - raft.server.log.queue.element-limit = 1024 (custom)
2021-10-05 13:25:00,362 [pool-264-thread-1] INFO  server.RaftServerConfigKeys (ConfUtils.java:logGet(44)) - raft.server.log.segment.size.max = 1048576 (custom)
2021-10-05 13:25:00,362 [pool-264-thread-1] INFO  server.RaftServerConfigKeys (ConfUtils.java:logGet(44)) - raft.server.log.preallocated.size = 16384 (custom)
2021-10-05 13:25:00,362 [pool-264-thread-1] INFO  server.RaftServerConfigKeys (ConfUtils.java:logGet(44)) - raft.server.log.force.sync.num = 128 (default)
2021-10-05 13:25:00,362 [EventQueue-OpenPipelineForHealthyPipelineSafeModeRule] INFO  safemode.SCMSafeModeManager (HealthyPipelineSafeModeRule.java:process(124)) - SCM in safe mode. Healthy pipelines reported count is 0, required healthy pipeline reported count is 1
2021-10-05 13:25:00,362 [pool-264-thread-1] INFO  server.RaftServerConfigKeys (ConfUtils.java:logGet(44)) - raft.server.log.statemachine.data.sync = true (default)
2021-10-05 13:25:00,362 [pool-264-thread-1] INFO  server.RaftServerConfigKeys (ConfUtils.java:logGet(44)) - raft.server.log.statemachine.data.sync.timeout = 10s (default)
2021-10-05 13:25:00,362 [pool-264-thread-1] INFO  server.RaftServerConfigKeys (ConfUtils.java:logGet(44)) - raft.server.log.statemachine.data.sync.timeout.retry = -1 (default)
2021-10-05 13:25:00,363 [pool-264-thread-1] INFO  server.RaftServerConfigKeys (ConfUtils.java:logGet(44)) - raft.server.log.write.buffer.size = 1048576 (custom)
2021-10-05 13:25:00,364 [pool-264-thread-1] INFO  server.RaftServerConfigKeys (ConfUtils.java:logGet(44)) - raft.server.log.statemachine.data.caching.enabled = true (custom)
2021-10-05 13:25:00,364 [pool-264-thread-1] INFO  segmented.SegmentedRaftLogWorker (SegmentedRaftLogWorker.java:lambda$new$0(133)) - b668fbba-0931-4533-8c87-c6849aaa836f@group-9360A73A2ABC-SegmentedRaftLogWorker: flushIndex: setUnconditionally 0 -> -1
2021-10-05 13:25:00,364 [pool-264-thread-1] INFO  segmented.SegmentedRaftLogWorker (SegmentedRaftLogWorker.java:lambda$new$0(133)) - b668fbba-0931-4533-8c87-c6849aaa836f@group-9360A73A2ABC-SegmentedRaftLogWorker: safeCacheEvictIndex: setUnconditionally 0 -> -1
2021-10-05 13:25:00,376 [pool-264-thread-1] INFO  server.RaftServerConfigKeys (ConfUtils.java:logGet(44)) - raft.server.snapshot.auto.trigger.enabled = true (custom)
2021-10-05 13:25:00,376 [pool-264-thread-1] INFO  server.RaftServerConfigKeys (ConfUtils.java:logGet(44)) - raft.server.snapshot.auto.trigger.threshold = 10000 (custom)
2021-10-05 13:25:00,376 [pool-264-thread-1] INFO  server.RaftServerConfigKeys (ConfUtils.java:logGet(44)) - raft.server.snapshot.retention.file.num = 5 (custom)
2021-10-05 13:25:00,376 [pool-264-thread-1] INFO  server.RaftServerConfigKeys (ConfUtils.java:logGet(44)) - raft.server.log.purge.upto.snapshot.index = false (default)
2021-10-05 13:25:00,376 [pool-264-thread-1] INFO  server.RaftServerConfigKeys (ConfUtils.java:logGet(44)) - raft.server.retrycache.expirytime = 600000ms (custom)
2021-10-05 13:25:00,376 [pool-264-thread-1] INFO  server.RaftServerConfigKeys (ConfUtils.java:logGet(44)) - raft.server.retrycache.statistics.expirytime = 100μs (default)
2021-10-05 13:25:00,377 [pool-264-thread-1] INFO  server.RaftServer$Division (RaftServerImpl.java:start(296)) - b668fbba-0931-4533-8c87-c6849aaa836f@group-9360A73A2ABC: start as a follower, conf=-1: [b668fbba-0931-4533-8c87-c6849aaa836f|rpc:127.0.0.1:40511|priority:0, 830d4653-8da7-4c59-a1a4-1cd595539218|rpc:127.0.0.1:42995|priority:0, 9cad18a2-4b78-4cb8-813e-2348ce620e43|rpc:127.0.0.1:34379|priority:1], old=null
2021-10-05 13:25:00,378 [pool-264-thread-1] INFO  server.RaftServer$Division (RaftServerImpl.java:setRole(285)) - b668fbba-0931-4533-8c87-c6849aaa836f@group-9360A73A2ABC: changes role from      null to FOLLOWER at term 0 for startAsFollower
2021-10-05 13:25:00,378 [pool-264-thread-1] INFO  impl.RoleInfo (RoleInfo.java:updateAndGet(130)) - b668fbba-0931-4533-8c87-c6849aaa836f: start b668fbba-0931-4533-8c87-c6849aaa836f@group-9360A73A2ABC-FollowerState
2021-10-05 13:25:00,391 [pool-264-thread-1] INFO  util.JmxRegister (JmxRegister.java:tryRegister(44)) - Successfully registered JMX Bean with object name Ratis:service=RaftServer,group=group-9360A73A2ABC,id=b668fbba-0931-4533-8c87-c6849aaa836f
2021-10-05 13:25:00,396 [Command processor thread] INFO  ratis.XceiverServerRatis (XceiverServerRatis.java:addGroup(763)) - Created group PipelineID=1cc8aba1-0118-4460-9a8d-9360a73a2abc
2021-10-05 13:25:00,402 [grpc-default-executor-2] INFO  server.RaftServer (RaftServerProxy.java:addNew(95)) - 830d4653-8da7-4c59-a1a4-1cd595539218: addNew group-9360A73A2ABC:[b668fbba-0931-4533-8c87-c6849aaa836f|rpc:127.0.0.1:40511|dataStream:|priority:0, 830d4653-8da7-4c59-a1a4-1cd595539218|rpc:127.0.0.1:42995|dataStream:|priority:0, 9cad18a2-4b78-4cb8-813e-2348ce620e43|rpc:127.0.0.1:34379|dataStream:|priority:1] returns group-9360A73A2ABC:java.util.concurrent.CompletableFuture@1742b25a[Not completed]
2021-10-05 13:25:00,403 [pool-285-thread-1] INFO  server.RaftServer$Division (RaftServerImpl.java:<init>(181)) - 830d4653-8da7-4c59-a1a4-1cd595539218: new RaftServerImpl for group-9360A73A2ABC:[b668fbba-0931-4533-8c87-c6849aaa836f|rpc:127.0.0.1:40511|dataStream:|priority:0, 830d4653-8da7-4c59-a1a4-1cd595539218|rpc:127.0.0.1:42995|dataStream:|priority:0, 9cad18a2-4b78-4cb8-813e-2348ce620e43|rpc:127.0.0.1:34379|dataStream:|priority:1] with ContainerStateMachine:uninitialized
2021-10-05 13:25:00,403 [pool-285-thread-1] INFO  server.RaftServerConfigKeys (ConfUtils.java:logGet(44)) - raft.server.rpc.timeout.min = 5s (custom)
2021-10-05 13:25:00,403 [pool-285-thread-1] INFO  server.RaftServerConfigKeys (ConfUtils.java:logGet(44)) - raft.server.rpc.timeout.max = 5200ms (custom)
2021-10-05 13:25:00,403 [pool-285-thread-1] INFO  server.RaftServerConfigKeys (ConfUtils.java:logGet(44)) - raft.server.rpc.sleep.time = 25ms (default)
2021-10-05 13:25:00,403 [pool-285-thread-1] INFO  server.RaftServerConfigKeys (ConfUtils.java:logGet(44)) - raft.server.rpc.slowness.timeout = 300s (custom)
2021-10-05 13:25:00,403 [pool-285-thread-1] INFO  server.RaftServerConfigKeys (ConfUtils.java:logGet(44)) - raft.server.leaderelection.leader.step-down.wait-time = 10s (default)
2021-10-05 13:25:00,404 [pool-285-thread-1] INFO  server.RaftServerConfigKeys (ConfUtils.java:logGet(44)) - raft.server.sleep.deviation.threshold = 300ms (default)
2021-10-05 13:25:00,404 [pool-285-thread-1] INFO  server.RaftServerConfigKeys (ConfUtils.java:logGet(44)) - raft.server.log.appender.install.snapshot.enabled = false (custom)
2021-10-05 13:25:00,404 [pool-285-thread-1] INFO  server.RaftServer$Division (ServerState.java:<init>(105)) - 830d4653-8da7-4c59-a1a4-1cd595539218@group-9360A73A2ABC: ConfigurationManager, init=-1: [b668fbba-0931-4533-8c87-c6849aaa836f|rpc:127.0.0.1:40511|dataStream:|priority:0, 830d4653-8da7-4c59-a1a4-1cd595539218|rpc:127.0.0.1:42995|dataStream:|priority:0, 9cad18a2-4b78-4cb8-813e-2348ce620e43|rpc:127.0.0.1:34379|dataStream:|priority:1], old=null, confs=<EMPTY_MAP>
2021-10-05 13:25:00,404 [pool-285-thread-1] INFO  server.RaftServerConfigKeys (ConfUtils.java:logGet(44)) - raft.server.storage.dir = [/home/runner/work/ozone/ozone/hadoop-ozone/integration-test/target/test-dir/MiniOzoneClusterImpl-36b87918-66c6-4e2c-9c49-5aa8dab94a1f/datanode-1/data/ratis] (custom)
2021-10-05 13:25:00,404 [pool-285-thread-1] INFO  server.RaftServerConfigKeys (ConfUtils.java:logGet(44)) - raft.server.log.corruption.policy = EXCEPTION (default)
2021-10-05 13:25:00,404 [pool-285-thread-1] INFO  server.RaftServerConfigKeys (ConfUtils.java:logGet(44)) - raft.server.storage.free-space.min = 0MB (=0) (default)
2021-10-05 13:25:00,404 [pool-285-thread-1] INFO  storage.RaftStorageDirectory (RaftStorageDirectoryImpl.java:analyzeStorage(135)) - The storage directory /home/runner/work/ozone/ozone/hadoop-ozone/integration-test/target/test-dir/MiniOzoneClusterImpl-36b87918-66c6-4e2c-9c49-5aa8dab94a1f/datanode-1/data/ratis/1cc8aba1-0118-4460-9a8d-9360a73a2abc does not exist. Creating ...
2021-10-05 13:25:00,405 [pool-285-thread-1] INFO  storage.RaftStorageDirectory (RaftStorageDirectoryImpl.java:tryLock(230)) - Lock on /home/runner/work/ozone/ozone/hadoop-ozone/integration-test/target/test-dir/MiniOzoneClusterImpl-36b87918-66c6-4e2c-9c49-5aa8dab94a1f/datanode-1/data/ratis/1cc8aba1-0118-4460-9a8d-9360a73a2abc/in_use.lock acquired by nodename 17451@fv-az270-324
2021-10-05 13:25:00,409 [pool-285-thread-1] INFO  storage.RaftStorage (RaftStorageImpl.java:format(89)) - Storage directory /home/runner/work/ozone/ozone/hadoop-ozone/integration-test/target/test-dir/MiniOzoneClusterImpl-36b87918-66c6-4e2c-9c49-5aa8dab94a1f/datanode-1/data/ratis/1cc8aba1-0118-4460-9a8d-9360a73a2abc has been successfully formatted.
2021-10-05 13:25:00,410 [pool-285-thread-1] INFO  ratis.ContainerStateMachine (ContainerStateMachine.java:loadSnapshot(224)) - group-9360A73A2ABC: The snapshot info is null. Setting the last applied indexto:(t:0, i:~)
2021-10-05 13:25:00,410 [pool-285-thread-1] INFO  server.RaftServerConfigKeys (ConfUtils.java:logGet(44)) - raft.server.notification.no-leader.timeout = 300s (custom)
2021-10-05 13:25:00,410 [pool-285-thread-1] INFO  server.RaftServerConfigKeys (ConfUtils.java:logGet(44)) - raft.server.log.use.memory = false (default)
2021-10-05 13:25:00,410 [pool-285-thread-1] INFO  server.RaftServerConfigKeys (ConfUtils.java:logGet(44)) - raft.server.log.purge.gap = 1000000 (custom)
2021-10-05 13:25:00,410 [pool-285-thread-1] INFO  server.RaftServerConfigKeys (ConfUtils.java:logGet(44)) - raft.server.log.appender.buffer.byte-limit = 33554432 (custom)
2021-10-05 13:25:00,410 [pool-285-thread-1] INFO  server.RaftServerConfigKeys (ConfUtils.java:logGet(44)) - raft.server.log.segment.size.max = 1048576 (custom)
2021-10-05 13:25:00,411 [pool-285-thread-1] INFO  server.RaftServerConfigKeys (ConfUtils.java:logGet(44)) - raft.server.log.segment.cache.num.max = 2 (custom)
2021-10-05 13:25:00,411 [pool-285-thread-1] INFO  server.RaftServerConfigKeys (ConfUtils.java:logGet(44)) - raft.server.log.segment.cache.size.max = 200MB (=209715200) (default)
2021-10-05 13:25:00,411 [pool-285-thread-1] INFO  segmented.SegmentedRaftLogWorker (SegmentedRaftLogWorker.java:<init>(182)) - new 830d4653-8da7-4c59-a1a4-1cd595539218@group-9360A73A2ABC-SegmentedRaftLogWorker for RaftStorageImpl:Storage Directory /home/runner/work/ozone/ozone/hadoop-ozone/integration-test/target/test-dir/MiniOzoneClusterImpl-36b87918-66c6-4e2c-9c49-5aa8dab94a1f/datanode-1/data/ratis/1cc8aba1-0118-4460-9a8d-9360a73a2abc
2021-10-05 13:25:00,411 [pool-285-thread-1] INFO  server.RaftServerConfigKeys (ConfUtils.java:logGet(44)) - raft.server.log.queue.byte-limit = 2147483647 (custom)
2021-10-05 13:25:00,411 [pool-285-thread-1] INFO  server.RaftServerConfigKeys (ConfUtils.java:logGet(44)) - raft.server.log.queue.element-limit = 1024 (custom)
2021-10-05 13:25:00,411 [pool-285-thread-1] INFO  server.RaftServerConfigKeys (ConfUtils.java:logGet(44)) - raft.server.log.segment.size.max = 1048576 (custom)
2021-10-05 13:25:00,411 [pool-285-thread-1] INFO  server.RaftServerConfigKeys (ConfUtils.java:logGet(44)) - raft.server.log.preallocated.size = 16384 (custom)
2021-10-05 13:25:00,411 [pool-285-thread-1] INFO  server.RaftServerConfigKeys (ConfUtils.java:logGet(44)) - raft.server.log.force.sync.num = 128 (default)
2021-10-05 13:25:00,411 [pool-285-thread-1] INFO  server.RaftServerConfigKeys (ConfUtils.java:logGet(44)) - raft.server.log.statemachine.data.sync = true (default)
2021-10-05 13:25:00,411 [pool-285-thread-1] INFO  server.RaftServerConfigKeys (ConfUtils.java:logGet(44)) - raft.server.log.statemachine.data.sync.timeout = 10s (default)
2021-10-05 13:25:00,411 [pool-285-thread-1] INFO  server.RaftServerConfigKeys (ConfUtils.java:logGet(44)) - raft.server.log.statemachine.data.sync.timeout.retry = -1 (default)
2021-10-05 13:25:00,412 [pool-285-thread-1] INFO  server.RaftServerConfigKeys (ConfUtils.java:logGet(44)) - raft.server.log.write.buffer.size = 1048576 (custom)
2021-10-05 13:25:00,412 [pool-285-thread-1] INFO  server.RaftServerConfigKeys (ConfUtils.java:logGet(44)) - raft.server.log.statemachine.data.caching.enabled = true (custom)
2021-10-05 13:25:00,412 [pool-285-thread-1] INFO  segmented.SegmentedRaftLogWorker (SegmentedRaftLogWorker.java:lambda$new$0(133)) - 830d4653-8da7-4c59-a1a4-1cd595539218@group-9360A73A2ABC-SegmentedRaftLogWorker: flushIndex: setUnconditionally 0 -> -1
2021-10-05 13:25:00,413 [pool-285-thread-1] INFO  segmented.SegmentedRaftLogWorker (SegmentedRaftLogWorker.java:lambda$new$0(133)) - 830d4653-8da7-4c59-a1a4-1cd595539218@group-9360A73A2ABC-SegmentedRaftLogWorker: safeCacheEvictIndex: setUnconditionally 0 -> -1
2021-10-05 13:25:00,423 [pool-285-thread-1] INFO  server.RaftServerConfigKeys (ConfUtils.java:logGet(44)) - raft.server.snapshot.auto.trigger.enabled = true (custom)
2021-10-05 13:25:00,423 [pool-285-thread-1] INFO  server.RaftServerConfigKeys (ConfUtils.java:logGet(44)) - raft.server.snapshot.auto.trigger.threshold = 10000 (custom)
2021-10-05 13:25:00,423 [pool-285-thread-1] INFO  server.RaftServerConfigKeys (ConfUtils.java:logGet(44)) - raft.server.snapshot.retention.file.num = 5 (custom)
2021-10-05 13:25:00,423 [pool-285-thread-1] INFO  server.RaftServerConfigKeys (ConfUtils.java:logGet(44)) - raft.server.log.purge.upto.snapshot.index = false (default)
2021-10-05 13:25:00,424 [pool-285-thread-1] INFO  server.RaftServerConfigKeys (ConfUtils.java:logGet(44)) - raft.server.retrycache.expirytime = 600000ms (custom)
2021-10-05 13:25:00,424 [pool-285-thread-1] INFO  server.RaftServerConfigKeys (ConfUtils.java:logGet(44)) - raft.server.retrycache.statistics.expirytime = 100μs (default)
2021-10-05 13:25:00,425 [pool-285-thread-1] INFO  server.RaftServer$Division (RaftServerImpl.java:start(296)) - 830d4653-8da7-4c59-a1a4-1cd595539218@group-9360A73A2ABC: start as a follower, conf=-1: [b668fbba-0931-4533-8c87-c6849aaa836f|rpc:127.0.0.1:40511|dataStream:|priority:0, 830d4653-8da7-4c59-a1a4-1cd595539218|rpc:127.0.0.1:42995|dataStream:|priority:0, 9cad18a2-4b78-4cb8-813e-2348ce620e43|rpc:127.0.0.1:34379|dataStream:|priority:1], old=null
2021-10-05 13:25:00,425 [pool-285-thread-1] INFO  server.RaftServer$Division (RaftServerImpl.java:setRole(285)) - 830d4653-8da7-4c59-a1a4-1cd595539218@group-9360A73A2ABC: changes role from      null to FOLLOWER at term 0 for startAsFollower
2021-10-05 13:25:00,425 [pool-285-thread-1] INFO  impl.RoleInfo (RoleInfo.java:updateAndGet(130)) - 830d4653-8da7-4c59-a1a4-1cd595539218: start 830d4653-8da7-4c59-a1a4-1cd595539218@group-9360A73A2ABC-FollowerState
2021-10-05 13:25:00,427 [pool-285-thread-1] INFO  util.JmxRegister (JmxRegister.java:tryRegister(44)) - Successfully registered JMX Bean with object name Ratis:service=RaftServer,group=group-9360A73A2ABC,id=830d4653-8da7-4c59-a1a4-1cd595539218
2021-10-05 13:25:00,448 [grpc-default-executor-2] INFO  server.RaftServer (RaftServerProxy.java:addNew(95)) - 9cad18a2-4b78-4cb8-813e-2348ce620e43: addNew group-9360A73A2ABC:[b668fbba-0931-4533-8c87-c6849aaa836f|rpc:127.0.0.1:40511|dataStream:|priority:0, 830d4653-8da7-4c59-a1a4-1cd595539218|rpc:127.0.0.1:42995|dataStream:|priority:0, 9cad18a2-4b78-4cb8-813e-2348ce620e43|rpc:127.0.0.1:34379|dataStream:|priority:1] returns group-9360A73A2ABC:java.util.concurrent.CompletableFuture@33707dc5[Not completed]
2021-10-05 13:25:00,449 [pool-306-thread-1] INFO  server.RaftServer$Division (RaftServerImpl.java:<init>(181)) - 9cad18a2-4b78-4cb8-813e-2348ce620e43: new RaftServerImpl for group-9360A73A2ABC:[b668fbba-0931-4533-8c87-c6849aaa836f|rpc:127.0.0.1:40511|dataStream:|priority:0, 830d4653-8da7-4c59-a1a4-1cd595539218|rpc:127.0.0.1:42995|dataStream:|priority:0, 9cad18a2-4b78-4cb8-813e-2348ce620e43|rpc:127.0.0.1:34379|dataStream:|priority:1] with ContainerStateMachine:uninitialized
2021-10-05 13:25:00,449 [pool-306-thread-1] INFO  server.RaftServerConfigKeys (ConfUtils.java:logGet(44)) - raft.server.rpc.timeout.min = 5s (custom)
2021-10-05 13:25:00,449 [pool-306-thread-1] INFO  server.RaftServerConfigKeys (ConfUtils.java:logGet(44)) - raft.server.rpc.timeout.max = 5200ms (custom)
2021-10-05 13:25:00,449 [pool-306-thread-1] INFO  server.RaftServerConfigKeys (ConfUtils.java:logGet(44)) - raft.server.rpc.sleep.time = 25ms (default)
2021-10-05 13:25:00,449 [pool-306-thread-1] INFO  server.RaftServerConfigKeys (ConfUtils.java:logGet(44)) - raft.server.rpc.slowness.timeout = 300s (custom)
2021-10-05 13:25:00,449 [pool-306-thread-1] INFO  server.RaftServerConfigKeys (ConfUtils.java:logGet(44)) - raft.server.leaderelection.leader.step-down.wait-time = 10s (default)
2021-10-05 13:25:00,449 [pool-306-thread-1] INFO  server.RaftServerConfigKeys (ConfUtils.java:logGet(44)) - raft.server.sleep.deviation.threshold = 300ms (default)
2021-10-05 13:25:00,449 [pool-306-thread-1] INFO  server.RaftServerConfigKeys (ConfUtils.java:logGet(44)) - raft.server.log.appender.install.snapshot.enabled = false (custom)
2021-10-05 13:25:00,449 [pool-306-thread-1] INFO  server.RaftServer$Division (ServerState.java:<init>(105)) - 9cad18a2-4b78-4cb8-813e-2348ce620e43@group-9360A73A2ABC: ConfigurationManager, init=-1: [b668fbba-0931-4533-8c87-c6849aaa836f|rpc:127.0.0.1:40511|dataStream:|priority:0, 830d4653-8da7-4c59-a1a4-1cd595539218|rpc:127.0.0.1:42995|dataStream:|priority:0, 9cad18a2-4b78-4cb8-813e-2348ce620e43|rpc:127.0.0.1:34379|dataStream:|priority:1], old=null, confs=<EMPTY_MAP>
2021-10-05 13:25:00,449 [pool-306-thread-1] INFO  server.RaftServerConfigKeys (ConfUtils.java:logGet(44)) - raft.server.storage.dir = [/home/runner/work/ozone/ozone/hadoop-ozone/integration-test/target/test-dir/MiniOzoneClusterImpl-36b87918-66c6-4e2c-9c49-5aa8dab94a1f/datanode-2/data/ratis] (custom)
2021-10-05 13:25:00,450 [pool-306-thread-1] INFO  server.RaftServerConfigKeys (ConfUtils.java:logGet(44)) - raft.server.log.corruption.policy = EXCEPTION (default)
2021-10-05 13:25:00,450 [pool-306-thread-1] INFO  server.RaftServerConfigKeys (ConfUtils.java:logGet(44)) - raft.server.storage.free-space.min = 0MB (=0) (default)
2021-10-05 13:25:00,450 [pool-306-thread-1] INFO  storage.RaftStorageDirectory (RaftStorageDirectoryImpl.java:analyzeStorage(135)) - The storage directory /home/runner/work/ozone/ozone/hadoop-ozone/integration-test/target/test-dir/MiniOzoneClusterImpl-36b87918-66c6-4e2c-9c49-5aa8dab94a1f/datanode-2/data/ratis/1cc8aba1-0118-4460-9a8d-9360a73a2abc does not exist. Creating ...
2021-10-05 13:25:00,455 [pool-306-thread-1] INFO  storage.RaftStorageDirectory (RaftStorageDirectoryImpl.java:tryLock(230)) - Lock on /home/runner/work/ozone/ozone/hadoop-ozone/integration-test/target/test-dir/MiniOzoneClusterImpl-36b87918-66c6-4e2c-9c49-5aa8dab94a1f/datanode-2/data/ratis/1cc8aba1-0118-4460-9a8d-9360a73a2abc/in_use.lock acquired by nodename 17451@fv-az270-324
2021-10-05 13:25:00,456 [pool-306-thread-1] INFO  storage.RaftStorage (RaftStorageImpl.java:format(89)) - Storage directory /home/runner/work/ozone/ozone/hadoop-ozone/integration-test/target/test-dir/MiniOzoneClusterImpl-36b87918-66c6-4e2c-9c49-5aa8dab94a1f/datanode-2/data/ratis/1cc8aba1-0118-4460-9a8d-9360a73a2abc has been successfully formatted.
2021-10-05 13:25:00,456 [pool-306-thread-1] INFO  ratis.ContainerStateMachine (ContainerStateMachine.java:loadSnapshot(224)) - group-9360A73A2ABC: The snapshot info is null. Setting the last applied indexto:(t:0, i:~)
2021-10-05 13:25:00,456 [pool-306-thread-1] INFO  server.RaftServerConfigKeys (ConfUtils.java:logGet(44)) - raft.server.notification.no-leader.timeout = 300s (custom)
2021-10-05 13:25:00,457 [pool-306-thread-1] INFO  server.RaftServerConfigKeys (ConfUtils.java:logGet(44)) - raft.server.log.use.memory = false (default)
2021-10-05 13:25:00,457 [pool-306-thread-1] INFO  server.RaftServerConfigKeys (ConfUtils.java:logGet(44)) - raft.server.log.purge.gap = 1000000 (custom)
2021-10-05 13:25:00,457 [pool-306-thread-1] INFO  server.RaftServerConfigKeys (ConfUtils.java:logGet(44)) - raft.server.log.appender.buffer.byte-limit = 33554432 (custom)
2021-10-05 13:25:00,457 [pool-306-thread-1] INFO  server.RaftServerConfigKeys (ConfUtils.java:logGet(44)) - raft.server.log.segment.size.max = 1048576 (custom)
2021-10-05 13:25:00,457 [pool-306-thread-1] INFO  server.RaftServerConfigKeys (ConfUtils.java:logGet(44)) - raft.server.log.segment.cache.num.max = 2 (custom)
2021-10-05 13:25:00,457 [pool-306-thread-1] INFO  server.RaftServerConfigKeys (ConfUtils.java:logGet(44)) - raft.server.log.segment.cache.size.max = 200MB (=209715200) (default)
2021-10-05 13:25:00,457 [pool-306-thread-1] INFO  segmented.SegmentedRaftLogWorker (SegmentedRaftLogWorker.java:<init>(182)) - new 9cad18a2-4b78-4cb8-813e-2348ce620e43@group-9360A73A2ABC-SegmentedRaftLogWorker for RaftStorageImpl:Storage Directory /home/runner/work/ozone/ozone/hadoop-ozone/integration-test/target/test-dir/MiniOzoneClusterImpl-36b87918-66c6-4e2c-9c49-5aa8dab94a1f/datanode-2/data/ratis/1cc8aba1-0118-4460-9a8d-9360a73a2abc
2021-10-05 13:25:00,457 [pool-306-thread-1] INFO  server.RaftServerConfigKeys (ConfUtils.java:logGet(44)) - raft.server.log.queue.byte-limit = 2147483647 (custom)
2021-10-05 13:25:00,457 [pool-306-thread-1] INFO  server.RaftServerConfigKeys (ConfUtils.java:logGet(44)) - raft.server.log.queue.element-limit = 1024 (custom)
2021-10-05 13:25:00,457 [pool-306-thread-1] INFO  server.RaftServerConfigKeys (ConfUtils.java:logGet(44)) - raft.server.log.segment.size.max = 1048576 (custom)
2021-10-05 13:25:00,457 [pool-306-thread-1] INFO  server.RaftServerConfigKeys (ConfUtils.java:logGet(44)) - raft.server.log.preallocated.size = 16384 (custom)
2021-10-05 13:25:00,458 [pool-306-thread-1] INFO  server.RaftServerConfigKeys (ConfUtils.java:logGet(44)) - raft.server.log.force.sync.num = 128 (default)
2021-10-05 13:25:00,458 [pool-306-thread-1] INFO  server.RaftServerConfigKeys (ConfUtils.java:logGet(44)) - raft.server.log.statemachine.data.sync = true (default)
2021-10-05 13:25:00,458 [pool-306-thread-1] INFO  server.RaftServerConfigKeys (ConfUtils.java:logGet(44)) - raft.server.log.statemachine.data.sync.timeout = 10s (default)
2021-10-05 13:25:00,458 [pool-306-thread-1] INFO  server.RaftServerConfigKeys (ConfUtils.java:logGet(44)) - raft.server.log.statemachine.data.sync.timeout.retry = -1 (default)
2021-10-05 13:25:00,458 [pool-306-thread-1] INFO  server.RaftServerConfigKeys (ConfUtils.java:logGet(44)) - raft.server.log.write.buffer.size = 1048576 (custom)
2021-10-05 13:25:00,460 [pool-306-thread-1] INFO  server.RaftServerConfigKeys (ConfUtils.java:logGet(44)) - raft.server.log.statemachine.data.caching.enabled = true (custom)
2021-10-05 13:25:00,460 [pool-306-thread-1] INFO  segmented.SegmentedRaftLogWorker (SegmentedRaftLogWorker.java:lambda$new$0(133)) - 9cad18a2-4b78-4cb8-813e-2348ce620e43@group-9360A73A2ABC-SegmentedRaftLogWorker: flushIndex: setUnconditionally 0 -> -1
2021-10-05 13:25:00,460 [pool-306-thread-1] INFO  segmented.SegmentedRaftLogWorker (SegmentedRaftLogWorker.java:lambda$new$0(133)) - 9cad18a2-4b78-4cb8-813e-2348ce620e43@group-9360A73A2ABC-SegmentedRaftLogWorker: safeCacheEvictIndex: setUnconditionally 0 -> -1
2021-10-05 13:25:00,470 [pool-306-thread-1] INFO  server.RaftServerConfigKeys (ConfUtils.java:logGet(44)) - raft.server.snapshot.auto.trigger.enabled = true (custom)
2021-10-05 13:25:00,470 [pool-306-thread-1] INFO  server.RaftServerConfigKeys (ConfUtils.java:logGet(44)) - raft.server.snapshot.auto.trigger.threshold = 10000 (custom)
2021-10-05 13:25:00,470 [pool-306-thread-1] INFO  server.RaftServerConfigKeys (ConfUtils.java:logGet(44)) - raft.server.snapshot.retention.file.num = 5 (custom)
2021-10-05 13:25:00,470 [pool-306-thread-1] INFO  server.RaftServerConfigKeys (ConfUtils.java:logGet(44)) - raft.server.log.purge.upto.snapshot.index = false (default)
2021-10-05 13:25:00,470 [pool-306-thread-1] INFO  server.RaftServerConfigKeys (ConfUtils.java:logGet(44)) - raft.server.retrycache.expirytime = 600000ms (custom)
2021-10-05 13:25:00,470 [pool-306-thread-1] INFO  server.RaftServerConfigKeys (ConfUtils.java:logGet(44)) - raft.server.retrycache.statistics.expirytime = 100μs (default)
2021-10-05 13:25:00,473 [pool-306-thread-1] INFO  server.RaftServer$Division (RaftServerImpl.java:start(296)) - 9cad18a2-4b78-4cb8-813e-2348ce620e43@group-9360A73A2ABC: start as a follower, conf=-1: [b668fbba-0931-4533-8c87-c6849aaa836f|rpc:127.0.0.1:40511|dataStream:|priority:0, 830d4653-8da7-4c59-a1a4-1cd595539218|rpc:127.0.0.1:42995|dataStream:|priority:0, 9cad18a2-4b78-4cb8-813e-2348ce620e43|rpc:127.0.0.1:34379|dataStream:|priority:1], old=null
2021-10-05 13:25:00,473 [pool-306-thread-1] INFO  server.RaftServer$Division (RaftServerImpl.java:setRole(285)) - 9cad18a2-4b78-4cb8-813e-2348ce620e43@group-9360A73A2ABC: changes role from      null to FOLLOWER at term 0 for startAsFollower
2021-10-05 13:25:00,473 [pool-306-thread-1] INFO  impl.RoleInfo (RoleInfo.java:updateAndGet(130)) - 9cad18a2-4b78-4cb8-813e-2348ce620e43: start 9cad18a2-4b78-4cb8-813e-2348ce620e43@group-9360A73A2ABC-FollowerState
2021-10-05 13:25:00,484 [pool-306-thread-1] INFO  util.JmxRegister (JmxRegister.java:tryRegister(44)) - Successfully registered JMX Bean with object name Ratis:service=RaftServer,group=group-9360A73A2ABC,id=9cad18a2-4b78-4cb8-813e-2348ce620e43
2021-10-05 13:25:00,491 [Command processor thread] INFO  commandhandler.CreatePipelineCommandHandler (CreatePipelineCommandHandler.java:handle(106)) - Created Pipeline RATIS THREE PipelineID=1cc8aba1-0118-4460-9a8d-9360a73a2abc.
2021-10-05 13:25:00,501 [Command processor thread] INFO  server.RaftServer (RaftServerProxy.java:addNew(95)) - 830d4653-8da7-4c59-a1a4-1cd595539218: addNew group-8307C7C0D048:[830d4653-8da7-4c59-a1a4-1cd595539218|rpc:127.0.0.1:42995|priority:1] returns group-8307C7C0D048:java.util.concurrent.CompletableFuture@4f3cff74[Not completed]
2021-10-05 13:25:00,502 [pool-285-thread-1] INFO  server.RaftServer$Division (RaftServerImpl.java:<init>(181)) - 830d4653-8da7-4c59-a1a4-1cd595539218: new RaftServerImpl for group-8307C7C0D048:[830d4653-8da7-4c59-a1a4-1cd595539218|rpc:127.0.0.1:42995|priority:1] with ContainerStateMachine:uninitialized
2021-10-05 13:25:00,502 [pool-285-thread-1] INFO  server.RaftServerConfigKeys (ConfUtils.java:logGet(44)) - raft.server.rpc.timeout.min = 5s (custom)
2021-10-05 13:25:00,502 [pool-285-thread-1] INFO  server.RaftServerConfigKeys (ConfUtils.java:logGet(44)) - raft.server.rpc.timeout.max = 5200ms (custom)
2021-10-05 13:25:00,502 [pool-285-thread-1] INFO  server.RaftServerConfigKeys (ConfUtils.java:logGet(44)) - raft.server.rpc.sleep.time = 25ms (default)
2021-10-05 13:25:00,502 [pool-285-thread-1] INFO  server.RaftServerConfigKeys (ConfUtils.java:logGet(44)) - raft.server.rpc.slowness.timeout = 300s (custom)
2021-10-05 13:25:00,502 [pool-285-thread-1] INFO  server.RaftServerConfigKeys (ConfUtils.java:logGet(44)) - raft.server.leaderelection.leader.step-down.wait-time = 10s (default)
2021-10-05 13:25:00,502 [pool-285-thread-1] INFO  server.RaftServerConfigKeys (ConfUtils.java:logGet(44)) - raft.server.sleep.deviation.threshold = 300ms (default)
2021-10-05 13:25:00,502 [pool-285-thread-1] INFO  server.RaftServerConfigKeys (ConfUtils.java:logGet(44)) - raft.server.log.appender.install.snapshot.enabled = false (custom)
2021-10-05 13:25:00,502 [pool-285-thread-1] INFO  server.RaftServer$Division (ServerState.java:<init>(105)) - 830d4653-8da7-4c59-a1a4-1cd595539218@group-8307C7C0D048: ConfigurationManager, init=-1: [830d4653-8da7-4c59-a1a4-1cd595539218|rpc:127.0.0.1:42995|priority:1], old=null, confs=<EMPTY_MAP>
2021-10-05 13:25:00,502 [pool-285-thread-1] INFO  server.RaftServerConfigKeys (ConfUtils.java:logGet(44)) - raft.server.storage.dir = [/home/runner/work/ozone/ozone/hadoop-ozone/integration-test/target/test-dir/MiniOzoneClusterImpl-36b87918-66c6-4e2c-9c49-5aa8dab94a1f/datanode-1/data/ratis] (custom)
2021-10-05 13:25:00,502 [pool-285-thread-1] INFO  server.RaftServerConfigKeys (ConfUtils.java:logGet(44)) - raft.server.log.corruption.policy = EXCEPTION (default)
2021-10-05 13:25:00,502 [pool-285-thread-1] INFO  server.RaftServerConfigKeys (ConfUtils.java:logGet(44)) - raft.server.storage.free-space.min = 0MB (=0) (default)
2021-10-05 13:25:00,502 [pool-285-thread-1] INFO  storage.RaftStorageDirectory (RaftStorageDirectoryImpl.java:analyzeStorage(135)) - The storage directory /home/runner/work/ozone/ozone/hadoop-ozone/integration-test/target/test-dir/MiniOzoneClusterImpl-36b87918-66c6-4e2c-9c49-5aa8dab94a1f/datanode-1/data/ratis/41685362-6c68-4243-9411-8307c7c0d048 does not exist. Creating ...
2021-10-05 13:25:00,504 [pool-285-thread-1] INFO  storage.RaftStorageDirectory (RaftStorageDirectoryImpl.java:tryLock(230)) - Lock on /home/runner/work/ozone/ozone/hadoop-ozone/integration-test/target/test-dir/MiniOzoneClusterImpl-36b87918-66c6-4e2c-9c49-5aa8dab94a1f/datanode-1/data/ratis/41685362-6c68-4243-9411-8307c7c0d048/in_use.lock acquired by nodename 17451@fv-az270-324
2021-10-05 13:25:00,505 [pool-285-thread-1] INFO  storage.RaftStorage (RaftStorageImpl.java:format(89)) - Storage directory /home/runner/work/ozone/ozone/hadoop-ozone/integration-test/target/test-dir/MiniOzoneClusterImpl-36b87918-66c6-4e2c-9c49-5aa8dab94a1f/datanode-1/data/ratis/41685362-6c68-4243-9411-8307c7c0d048 has been successfully formatted.
2021-10-05 13:25:00,505 [pool-285-thread-1] INFO  ratis.ContainerStateMachine (ContainerStateMachine.java:loadSnapshot(224)) - group-8307C7C0D048: The snapshot info is null. Setting the last applied indexto:(t:0, i:~)
2021-10-05 13:25:00,507 [EventQueue-PipelineReportForPipelineReportHandler] INFO  pipeline.PipelineManagerImpl (PipelineManagerImpl.java:openPipeline(282)) - Pipeline Pipeline[ Id: 41685362-6c68-4243-9411-8307c7c0d048, Nodes: 830d4653-8da7-4c59-a1a4-1cd595539218{ip: 127.0.0.1, host: localhost, ports: [REPLICATION=34867, RATIS=42995, RATIS_ADMIN=42995, RATIS_SERVER=42995, STANDALONE=44359], networkLocation: /default-rack, certSerialId: null, persistedOpState: IN_SERVICE, persistedOpStateExpiryEpochSec: 0}, ReplicationConfig: RATIS/ONE, State:ALLOCATED, leaderId:830d4653-8da7-4c59-a1a4-1cd595539218, CreationTimestamp2021-10-05T13:24:57.513Z[Etc/UTC]] moved to OPEN state
2021-10-05 13:25:00,507 [EventQueue-PipelineReportForPipelineReportHandler] INFO  ha.SCMHAInvocationHandler (SCMHAInvocationHandler.java:invokeRatis(113)) - Invoking method public abstract void org.apache.hadoop.hdds.scm.pipeline.PipelineStateManager.updatePipelineState(org.apache.hadoop.hdds.protocol.proto.HddsProtos$PipelineID,org.apache.hadoop.hdds.protocol.proto.HddsProtos$PipelineState) throws java.io.IOException on target org.apache.hadoop.hdds.scm.ha.SCMRatisServerImpl@7c75acaa, cost 286.228us
2021-10-05 13:25:00,508 [EventQueue-PipelineReportForPipelineReportHandler] INFO  pipeline.PipelineManagerImpl (PipelineManagerImpl.java:openPipeline(282)) - Pipeline Pipeline[ Id: 41685362-6c68-4243-9411-8307c7c0d048, Nodes: 830d4653-8da7-4c59-a1a4-1cd595539218{ip: 127.0.0.1, host: localhost, ports: [REPLICATION=34867, RATIS=42995, RATIS_ADMIN=42995, RATIS_SERVER=42995, STANDALONE=44359], networkLocation: /default-rack, certSerialId: null, persistedOpState: IN_SERVICE, persistedOpStateExpiryEpochSec: 0}, ReplicationConfig: RATIS/ONE, State:ALLOCATED, leaderId:830d4653-8da7-4c59-a1a4-1cd595539218, CreationTimestamp2021-10-05T13:24:57.513Z[Etc/UTC]] moved to OPEN state
2021-10-05 13:25:00,510 [pool-285-thread-1] INFO  server.RaftServerConfigKeys (ConfUtils.java:logGet(44)) - raft.server.notification.no-leader.timeout = 300s (custom)
2021-10-05 13:25:00,510 [pool-285-thread-1] INFO  server.RaftServerConfigKeys (ConfUtils.java:logGet(44)) - raft.server.log.use.memory = false (default)
2021-10-05 13:25:00,510 [pool-285-thread-1] INFO  server.RaftServerConfigKeys (ConfUtils.java:logGet(44)) - raft.server.log.purge.gap = 1000000 (custom)
2021-10-05 13:25:00,510 [pool-285-thread-1] INFO  server.RaftServerConfigKeys (ConfUtils.java:logGet(44)) - raft.server.log.appender.buffer.byte-limit = 33554432 (custom)
2021-10-05 13:25:00,510 [pool-285-thread-1] INFO  server.RaftServerConfigKeys (ConfUtils.java:logGet(44)) - raft.server.log.segment.size.max = 1048576 (custom)
2021-10-05 13:25:00,510 [pool-285-thread-1] INFO  server.RaftServerConfigKeys (ConfUtils.java:logGet(44)) - raft.server.log.segment.cache.num.max = 2 (custom)
2021-10-05 13:25:00,510 [pool-285-thread-1] INFO  server.RaftServerConfigKeys (ConfUtils.java:logGet(44)) - raft.server.log.segment.cache.size.max = 200MB (=209715200) (default)
2021-10-05 13:25:00,510 [pool-285-thread-1] INFO  segmented.SegmentedRaftLogWorker (SegmentedRaftLogWorker.java:<init>(182)) - new 830d4653-8da7-4c59-a1a4-1cd595539218@group-8307C7C0D048-SegmentedRaftLogWorker for RaftStorageImpl:Storage Directory /home/runner/work/ozone/ozone/hadoop-ozone/integration-test/target/test-dir/MiniOzoneClusterImpl-36b87918-66c6-4e2c-9c49-5aa8dab94a1f/datanode-1/data/ratis/41685362-6c68-4243-9411-8307c7c0d048
2021-10-05 13:25:00,510 [pool-285-thread-1] INFO  server.RaftServerConfigKeys (ConfUtils.java:logGet(44)) - raft.server.log.queue.byte-limit = 2147483647 (custom)
2021-10-05 13:25:00,510 [pool-285-thread-1] INFO  server.RaftServerConfigKeys (ConfUtils.java:logGet(44)) - raft.server.log.queue.element-limit = 1024 (custom)
2021-10-05 13:25:00,511 [pool-285-thread-1] INFO  server.RaftServerConfigKeys (ConfUtils.java:logGet(44)) - raft.server.log.segment.size.max = 1048576 (custom)
2021-10-05 13:25:00,511 [pool-285-thread-1] INFO  server.RaftServerConfigKeys (ConfUtils.java:logGet(44)) - raft.server.log.preallocated.size = 16384 (custom)
2021-10-05 13:25:00,511 [pool-285-thread-1] INFO  server.RaftServerConfigKeys (ConfUtils.java:logGet(44)) - raft.server.log.force.sync.num = 128 (default)
2021-10-05 13:25:00,511 [pool-285-thread-1] INFO  server.RaftServerConfigKeys (ConfUtils.java:logGet(44)) - raft.server.log.statemachine.data.sync = true (default)
2021-10-05 13:25:00,511 [pool-285-thread-1] INFO  server.RaftServerConfigKeys (ConfUtils.java:logGet(44)) - raft.server.log.statemachine.data.sync.timeout = 10s (default)
2021-10-05 13:25:00,511 [pool-285-thread-1] INFO  server.RaftServerConfigKeys (ConfUtils.java:logGet(44)) - raft.server.log.statemachine.data.sync.timeout.retry = -1 (default)
2021-10-05 13:25:00,520 [pool-285-thread-1] INFO  server.RaftServerConfigKeys (ConfUtils.java:logGet(44)) - raft.server.log.write.buffer.size = 1048576 (custom)
2021-10-05 13:25:00,521 [pool-285-thread-1] INFO  server.RaftServerConfigKeys (ConfUtils.java:logGet(44)) - raft.server.log.statemachine.data.caching.enabled = true (custom)
2021-10-05 13:25:00,521 [pool-285-thread-1] INFO  segmented.SegmentedRaftLogWorker (SegmentedRaftLogWorker.java:lambda$new$0(133)) - 830d4653-8da7-4c59-a1a4-1cd595539218@group-8307C7C0D048-SegmentedRaftLogWorker: flushIndex: setUnconditionally 0 -> -1
2021-10-05 13:25:00,521 [pool-285-thread-1] INFO  segmented.SegmentedRaftLogWorker (SegmentedRaftLogWorker.java:lambda$new$0(133)) - 830d4653-8da7-4c59-a1a4-1cd595539218@group-8307C7C0D048-SegmentedRaftLogWorker: safeCacheEvictIndex: setUnconditionally 0 -> -1
2021-10-05 13:25:00,521 [pool-285-thread-1] INFO  server.RaftServerConfigKeys (ConfUtils.java:logGet(44)) - raft.server.snapshot.auto.trigger.enabled = true (custom)
2021-10-05 13:25:00,522 [pool-285-thread-1] INFO  server.RaftServerConfigKeys (ConfUtils.java:logGet(44)) - raft.server.snapshot.auto.trigger.threshold = 10000 (custom)
2021-10-05 13:25:00,522 [pool-285-thread-1] INFO  server.RaftServerConfigKeys (ConfUtils.java:logGet(44)) - raft.server.snapshot.retention.file.num = 5 (custom)
2021-10-05 13:25:00,522 [pool-285-thread-1] INFO  server.RaftServerConfigKeys (ConfUtils.java:logGet(44)) - raft.server.log.purge.upto.snapshot.index = false (default)
2021-10-05 13:25:00,522 [pool-285-thread-1] INFO  server.RaftServerConfigKeys (ConfUtils.java:logGet(44)) - raft.server.retrycache.expirytime = 600000ms (custom)
2021-10-05 13:25:00,522 [pool-285-thread-1] INFO  server.RaftServerConfigKeys (ConfUtils.java:logGet(44)) - raft.server.retrycache.statistics.expirytime = 100μs (default)
2021-10-05 13:25:00,523 [pool-285-thread-1] INFO  server.RaftServer$Division (RaftServerImpl.java:start(296)) - 830d4653-8da7-4c59-a1a4-1cd595539218@group-8307C7C0D048: start as a follower, conf=-1: [830d4653-8da7-4c59-a1a4-1cd595539218|rpc:127.0.0.1:42995|priority:1], old=null
2021-10-05 13:25:00,523 [pool-285-thread-1] INFO  server.RaftServer$Division (RaftServerImpl.java:setRole(285)) - 830d4653-8da7-4c59-a1a4-1cd595539218@group-8307C7C0D048: changes role from      null to FOLLOWER at term 0 for startAsFollower
2021-10-05 13:25:00,523 [pool-285-thread-1] INFO  impl.RoleInfo (RoleInfo.java:updateAndGet(130)) - 830d4653-8da7-4c59-a1a4-1cd595539218: start 830d4653-8da7-4c59-a1a4-1cd595539218@group-8307C7C0D048-FollowerState
2021-10-05 13:25:00,523 [21490b65-0a55-46f3-b94a-dd719a327c14@group-5AA8DAB94A1F-StateMachineUpdater] INFO  safemode.HealthyPipelineSafeModeRule (HealthyPipelineSafeModeRule.java:initializeRule(152)) - Refreshed total pipeline count is 0, healthy pipeline threshold count is 1
2021-10-05 13:25:00,524 [EventQueue-PipelineReportForPipelineReportHandler] INFO  ha.SCMHAInvocationHandler (SCMHAInvocationHandler.java:invokeRatis(113)) - Invoking method public abstract void org.apache.hadoop.hdds.scm.pipeline.PipelineStateManager.updatePipelineState(org.apache.hadoop.hdds.protocol.proto.HddsProtos$PipelineID,org.apache.hadoop.hdds.protocol.proto.HddsProtos$PipelineState) throws java.io.IOException on target org.apache.hadoop.hdds.scm.ha.SCMRatisServerImpl@7efc167c, cost 15996.481us
2021-10-05 13:25:00,524 [EventQueue-OpenPipelineForHealthyPipelineSafeModeRule] INFO  safemode.SCMSafeModeManager (HealthyPipelineSafeModeRule.java:process(124)) - SCM in safe mode. Healthy pipelines reported count is 0, required healthy pipeline reported count is 1
2021-10-05 13:25:00,527 [pool-285-thread-1] INFO  util.JmxRegister (JmxRegister.java:tryRegister(44)) - Successfully registered JMX Bean with object name Ratis:service=RaftServer,group=group-8307C7C0D048,id=830d4653-8da7-4c59-a1a4-1cd595539218
2021-10-05 13:25:00,536 [Command processor thread] INFO  ratis.XceiverServerRatis (XceiverServerRatis.java:addGroup(763)) - Created group PipelineID=41685362-6c68-4243-9411-8307c7c0d048
2021-10-05 13:25:00,536 [Command processor thread] INFO  commandhandler.CreatePipelineCommandHandler (CreatePipelineCommandHandler.java:handle(106)) - Created Pipeline RATIS ONE PipelineID=41685362-6c68-4243-9411-8307c7c0d048.
2021-10-05 13:25:00,546 [6d234f4d-474a-4c74-a9e9-8f3885fce584@group-5AA8DAB94A1F-StateMachineUpdater] INFO  safemode.HealthyPipelineSafeModeRule (HealthyPipelineSafeModeRule.java:initializeRule(152)) - Refreshed total pipeline count is 0, healthy pipeline threshold count is 1
2021-10-05 13:25:00,546 [21490b65-0a55-46f3-b94a-dd719a327c14@group-5AA8DAB94A1F-StateMachineUpdater] INFO  ha.SCMStateMachine (SCMStateMachine.java:takeSnapshot(290)) - Current Snapshot Index 20, takeSnapshot took 0 ms
2021-10-05 13:25:00,547 [21490b65-0a55-46f3-b94a-dd719a327c14@group-5AA8DAB94A1F-StateMachineUpdater] INFO  impl.StateMachineUpdater (StateMachineUpdater.java:takeSnapshot(281)) - 21490b65-0a55-46f3-b94a-dd719a327c14@group-5AA8DAB94A1F-StateMachineUpdater: Took a snapshot at index 20
2021-10-05 13:25:00,547 [21490b65-0a55-46f3-b94a-dd719a327c14@group-5AA8DAB94A1F-StateMachineUpdater] INFO  impl.StateMachineUpdater (StateMachineUpdater.java:lambda$new$0(89)) - 21490b65-0a55-46f3-b94a-dd719a327c14@group-5AA8DAB94A1F-StateMachineUpdater: snapshotIndex: updateIncreasingly 15 -> 20
2021-10-05 13:25:00,547 [21490b65-0a55-46f3-b94a-dd719a327c14@group-5AA8DAB94A1F-StateMachineUpdater] INFO  raftlog.RaftLog (RaftLogBase.java:purge(306)) - 21490b65-0a55-46f3-b94a-dd719a327c14@group-5AA8DAB94A1F-SegmentedRaftLog: purge 20
2021-10-05 13:25:00,547 [21490b65-0a55-46f3-b94a-dd719a327c14@group-5AA8DAB94A1F-StateMachineUpdater] INFO  raftlog.RaftLog (RaftLogBase.java:lambda$new$0(53)) - 21490b65-0a55-46f3-b94a-dd719a327c14@group-5AA8DAB94A1F-SegmentedRaftLog: snapshotIndex: updateIncreasingly 15 -> 20
2021-10-05 13:25:00,547 [21490b65-0a55-46f3-b94a-dd719a327c14@group-5AA8DAB94A1F-StateMachineUpdater] INFO  raftlog.RaftLog (RaftLogBase.java:lambda$new$0(53)) - 21490b65-0a55-46f3-b94a-dd719a327c14@group-5AA8DAB94A1F-SegmentedRaftLog: purgeIndex: updateToMax old=15, new=20, updated? true
2021-10-05 13:25:00,742 [EndpointStateMachine task thread for /127.0.0.1:15041 - 0 ] INFO  ipc.Client (Client.java:handleConnectionFailure(977)) - Retrying connect to server: localhost/127.0.0.1:15041. Already tried 7 time(s); retry policy is RetryUpToMaximumCountWithFixedSleep(maxRetries=15, sleepTime=1000 MILLISECONDS)
2021-10-05 13:25:00,747 [Listener at 127.0.0.1/13296] INFO  ozone.MiniOzoneClusterImpl (MiniOzoneClusterImpl.java:lambda$waitForClusterToBeReady$0(235)) - Nodes are ready. Got 3 of 3 DN Heartbeats.
2021-10-05 13:25:00,747 [Listener at 127.0.0.1/13296] INFO  ozone.MiniOzoneClusterImpl (MiniOzoneClusterImpl.java:lambda$waitForClusterToBeReady$0(238)) - Waiting for cluster to exit safe mode
2021-10-05 13:25:00,748 [Listener at 127.0.0.1/13296] INFO  ozone.MiniOzoneClusterImpl (MiniOzoneClusterImpl.java:lambda$waitForClusterToBeReady$0(240)) - SCM became leader
2021-10-05 13:25:00,767 [Command processor thread] INFO  server.RaftServer (RaftServerProxy.java:addNew(95)) - 9cad18a2-4b78-4cb8-813e-2348ce620e43: addNew group-9BC7FBF74007:[9cad18a2-4b78-4cb8-813e-2348ce620e43|rpc:127.0.0.1:34379|priority:1] returns group-9BC7FBF74007:java.util.concurrent.CompletableFuture@785eaeea[Not completed]
2021-10-05 13:25:00,768 [pool-306-thread-1] INFO  server.RaftServer$Division (RaftServerImpl.java:<init>(181)) - 9cad18a2-4b78-4cb8-813e-2348ce620e43: new RaftServerImpl for group-9BC7FBF74007:[9cad18a2-4b78-4cb8-813e-2348ce620e43|rpc:127.0.0.1:34379|priority:1] with ContainerStateMachine:uninitialized
2021-10-05 13:25:00,768 [pool-306-thread-1] INFO  server.RaftServerConfigKeys (ConfUtils.java:logGet(44)) - raft.server.rpc.timeout.min = 5s (custom)
2021-10-05 13:25:00,768 [pool-306-thread-1] INFO  server.RaftServerConfigKeys (ConfUtils.java:logGet(44)) - raft.server.rpc.timeout.max = 5200ms (custom)
2021-10-05 13:25:00,768 [pool-306-thread-1] INFO  server.RaftServerConfigKeys (ConfUtils.java:logGet(44)) - raft.server.rpc.sleep.time = 25ms (default)
2021-10-05 13:25:00,768 [pool-306-thread-1] INFO  server.RaftServerConfigKeys (ConfUtils.java:logGet(44)) - raft.server.rpc.slowness.timeout = 300s (custom)
2021-10-05 13:25:00,768 [pool-306-thread-1] INFO  server.RaftServerConfigKeys (ConfUtils.java:logGet(44)) - raft.server.leaderelection.leader.step-down.wait-time = 10s (default)
2021-10-05 13:25:00,768 [pool-306-thread-1] INFO  server.RaftServerConfigKeys (ConfUtils.java:logGet(44)) - raft.server.sleep.deviation.threshold = 300ms (default)
2021-10-05 13:25:00,768 [pool-306-thread-1] INFO  server.RaftServerConfigKeys (ConfUtils.java:logGet(44)) - raft.server.log.appender.install.snapshot.enabled = false (custom)
2021-10-05 13:25:00,768 [pool-306-thread-1] INFO  server.RaftServer$Division (ServerState.java:<init>(105)) - 9cad18a2-4b78-4cb8-813e-2348ce620e43@group-9BC7FBF74007: ConfigurationManager, init=-1: [9cad18a2-4b78-4cb8-813e-2348ce620e43|rpc:127.0.0.1:34379|priority:1], old=null, confs=<EMPTY_MAP>
2021-10-05 13:25:00,768 [pool-306-thread-1] INFO  server.RaftServerConfigKeys (ConfUtils.java:logGet(44)) - raft.server.storage.dir = [/home/runner/work/ozone/ozone/hadoop-ozone/integration-test/target/test-dir/MiniOzoneClusterImpl-36b87918-66c6-4e2c-9c49-5aa8dab94a1f/datanode-2/data/ratis] (custom)
2021-10-05 13:25:00,768 [pool-306-thread-1] INFO  server.RaftServerConfigKeys (ConfUtils.java:logGet(44)) - raft.server.log.corruption.policy = EXCEPTION (default)
2021-10-05 13:25:00,768 [pool-306-thread-1] INFO  server.RaftServerConfigKeys (ConfUtils.java:logGet(44)) - raft.server.storage.free-space.min = 0MB (=0) (default)
2021-10-05 13:25:00,768 [pool-306-thread-1] INFO  storage.RaftStorageDirectory (RaftStorageDirectoryImpl.java:analyzeStorage(135)) - The storage directory /home/runner/work/ozone/ozone/hadoop-ozone/integration-test/target/test-dir/MiniOzoneClusterImpl-36b87918-66c6-4e2c-9c49-5aa8dab94a1f/datanode-2/data/ratis/698a69f9-cff2-4881-8cc2-9bc7fbf74007 does not exist. Creating ...
2021-10-05 13:25:00,775 [pool-306-thread-1] INFO  storage.RaftStorageDirectory (RaftStorageDirectoryImpl.java:tryLock(230)) - Lock on /home/runner/work/ozone/ozone/hadoop-ozone/integration-test/target/test-dir/MiniOzoneClusterImpl-36b87918-66c6-4e2c-9c49-5aa8dab94a1f/datanode-2/data/ratis/698a69f9-cff2-4881-8cc2-9bc7fbf74007/in_use.lock acquired by nodename 17451@fv-az270-324
2021-10-05 13:25:00,779 [pool-306-thread-1] INFO  storage.RaftStorage (RaftStorageImpl.java:format(89)) - Storage directory /home/runner/work/ozone/ozone/hadoop-ozone/integration-test/target/test-dir/MiniOzoneClusterImpl-36b87918-66c6-4e2c-9c49-5aa8dab94a1f/datanode-2/data/ratis/698a69f9-cff2-4881-8cc2-9bc7fbf74007 has been successfully formatted.
2021-10-05 13:25:00,780 [pool-306-thread-1] INFO  ratis.ContainerStateMachine (ContainerStateMachine.java:loadSnapshot(224)) - group-9BC7FBF74007: The snapshot info is null. Setting the last applied indexto:(t:0, i:~)
2021-10-05 13:25:00,781 [EventQueue-PipelineReportForPipelineReportHandler] INFO  pipeline.PipelineManagerImpl (PipelineManagerImpl.java:openPipeline(282)) - Pipeline Pipeline[ Id: 698a69f9-cff2-4881-8cc2-9bc7fbf74007, Nodes: 9cad18a2-4b78-4cb8-813e-2348ce620e43{ip: 127.0.0.1, host: localhost, ports: [REPLICATION=45905, RATIS=34379, RATIS_ADMIN=34379, RATIS_SERVER=34379, STANDALONE=41383], networkLocation: /default-rack, certSerialId: null, persistedOpState: IN_SERVICE, persistedOpStateExpiryEpochSec: 0}, ReplicationConfig: RATIS/ONE, State:ALLOCATED, leaderId:9cad18a2-4b78-4cb8-813e-2348ce620e43, CreationTimestamp2021-10-05T13:24:57.771Z[Etc/UTC]] moved to OPEN state
2021-10-05 13:25:00,781 [EventQueue-PipelineReportForPipelineReportHandler] INFO  ha.SCMHAInvocationHandler (SCMHAInvocationHandler.java:invokeRatis(113)) - Invoking method public abstract void org.apache.hadoop.hdds.scm.pipeline.PipelineStateManager.updatePipelineState(org.apache.hadoop.hdds.protocol.proto.HddsProtos$PipelineID,org.apache.hadoop.hdds.protocol.proto.HddsProtos$PipelineState) throws java.io.IOException on target org.apache.hadoop.hdds.scm.ha.SCMRatisServerImpl@7c75acaa, cost 214.721us
2021-10-05 13:25:00,781 [EventQueue-PipelineReportForPipelineReportHandler] INFO  pipeline.PipelineManagerImpl (PipelineManagerImpl.java:openPipeline(282)) - Pipeline Pipeline[ Id: 698a69f9-cff2-4881-8cc2-9bc7fbf74007, Nodes: 9cad18a2-4b78-4cb8-813e-2348ce620e43{ip: 127.0.0.1, host: localhost, ports: [REPLICATION=45905, RATIS=34379, RATIS_ADMIN=34379, RATIS_SERVER=34379, STANDALONE=41383], networkLocation: /default-rack, certSerialId: null, persistedOpState: IN_SERVICE, persistedOpStateExpiryEpochSec: 0}, ReplicationConfig: RATIS/ONE, State:ALLOCATED, leaderId:9cad18a2-4b78-4cb8-813e-2348ce620e43, CreationTimestamp2021-10-05T13:24:57.771Z[Etc/UTC]] moved to OPEN state
2021-10-05 13:25:00,783 [pool-306-thread-1] INFO  server.RaftServerConfigKeys (ConfUtils.java:logGet(44)) - raft.server.notification.no-leader.timeout = 300s (custom)
2021-10-05 13:25:00,783 [pool-306-thread-1] INFO  server.RaftServerConfigKeys (ConfUtils.java:logGet(44)) - raft.server.log.use.memory = false (default)
2021-10-05 13:25:00,783 [pool-306-thread-1] INFO  server.RaftServerConfigKeys (ConfUtils.java:logGet(44)) - raft.server.log.purge.gap = 1000000 (custom)
2021-10-05 13:25:00,784 [pool-306-thread-1] INFO  server.RaftServerConfigKeys (ConfUtils.java:logGet(44)) - raft.server.log.appender.buffer.byte-limit = 33554432 (custom)
2021-10-05 13:25:00,784 [pool-306-thread-1] INFO  server.RaftServerConfigKeys (ConfUtils.java:logGet(44)) - raft.server.log.segment.size.max = 1048576 (custom)
2021-10-05 13:25:00,784 [pool-306-thread-1] INFO  server.RaftServerConfigKeys (ConfUtils.java:logGet(44)) - raft.server.log.segment.cache.num.max = 2 (custom)
2021-10-05 13:25:00,784 [pool-306-thread-1] INFO  server.RaftServerConfigKeys (ConfUtils.java:logGet(44)) - raft.server.log.segment.cache.size.max = 200MB (=209715200) (default)
2021-10-05 13:25:00,784 [pool-306-thread-1] INFO  segmented.SegmentedRaftLogWorker (SegmentedRaftLogWorker.java:<init>(182)) - new 9cad18a2-4b78-4cb8-813e-2348ce620e43@group-9BC7FBF74007-SegmentedRaftLogWorker for RaftStorageImpl:Storage Directory /home/runner/work/ozone/ozone/hadoop-ozone/integration-test/target/test-dir/MiniOzoneClusterImpl-36b87918-66c6-4e2c-9c49-5aa8dab94a1f/datanode-2/data/ratis/698a69f9-cff2-4881-8cc2-9bc7fbf74007
2021-10-05 13:25:00,784 [pool-306-thread-1] INFO  server.RaftServerConfigKeys (ConfUtils.java:logGet(44)) - raft.server.log.queue.byte-limit = 2147483647 (custom)
2021-10-05 13:25:00,784 [pool-306-thread-1] INFO  server.RaftServerConfigKeys (ConfUtils.java:logGet(44)) - raft.server.log.queue.element-limit = 1024 (custom)
2021-10-05 13:25:00,784 [pool-306-thread-1] INFO  server.RaftServerConfigKeys (ConfUtils.java:logGet(44)) - raft.server.log.segment.size.max = 1048576 (custom)
2021-10-05 13:25:00,784 [pool-306-thread-1] INFO  server.RaftServerConfigKeys (ConfUtils.java:logGet(44)) - raft.server.log.preallocated.size = 16384 (custom)
2021-10-05 13:25:00,784 [pool-306-thread-1] INFO  server.RaftServerConfigKeys (ConfUtils.java:logGet(44)) - raft.server.log.force.sync.num = 128 (default)
2021-10-05 13:25:00,784 [pool-306-thread-1] INFO  server.RaftServerConfigKeys (ConfUtils.java:logGet(44)) - raft.server.log.statemachine.data.sync = true (default)
2021-10-05 13:25:00,785 [pool-306-thread-1] INFO  server.RaftServerConfigKeys (ConfUtils.java:logGet(44)) - raft.server.log.statemachine.data.sync.timeout = 10s (default)
2021-10-05 13:25:00,785 [pool-306-thread-1] INFO  server.RaftServerConfigKeys (ConfUtils.java:logGet(44)) - raft.server.log.statemachine.data.sync.timeout.retry = -1 (default)
2021-10-05 13:25:00,787 [6d234f4d-474a-4c74-a9e9-8f3885fce584@group-5AA8DAB94A1F-StateMachineUpdater] INFO  ha.SCMStateMachine (SCMStateMachine.java:takeSnapshot(290)) - Current Snapshot Index 20, takeSnapshot took 0 ms
2021-10-05 13:25:00,787 [6d234f4d-474a-4c74-a9e9-8f3885fce584@group-5AA8DAB94A1F-StateMachineUpdater] INFO  impl.StateMachineUpdater (StateMachineUpdater.java:takeSnapshot(281)) - 6d234f4d-474a-4c74-a9e9-8f3885fce584@group-5AA8DAB94A1F-StateMachineUpdater: Took a snapshot at index 20
2021-10-05 13:25:00,787 [6d234f4d-474a-4c74-a9e9-8f3885fce584@group-5AA8DAB94A1F-StateMachineUpdater] INFO  impl.StateMachineUpdater (StateMachineUpdater.java:lambda$new$0(89)) - 6d234f4d-474a-4c74-a9e9-8f3885fce584@group-5AA8DAB94A1F-StateMachineUpdater: snapshotIndex: updateIncreasingly 15 -> 20
2021-10-05 13:25:00,788 [6d234f4d-474a-4c74-a9e9-8f3885fce584@group-5AA8DAB94A1F-StateMachineUpdater] INFO  raftlog.RaftLog (RaftLogBase.java:purge(306)) - 6d234f4d-474a-4c74-a9e9-8f3885fce584@group-5AA8DAB94A1F-SegmentedRaftLog: purge 20
2021-10-05 13:25:00,788 [6d234f4d-474a-4c74-a9e9-8f3885fce584@group-5AA8DAB94A1F-StateMachineUpdater] INFO  raftlog.RaftLog (RaftLogBase.java:lambda$new$0(53)) - 6d234f4d-474a-4c74-a9e9-8f3885fce584@group-5AA8DAB94A1F-SegmentedRaftLog: snapshotIndex: updateIncreasingly 15 -> 20
2021-10-05 13:25:00,788 [6d234f4d-474a-4c74-a9e9-8f3885fce584@group-5AA8DAB94A1F-StateMachineUpdater] INFO  raftlog.RaftLog (RaftLogBase.java:lambda$new$0(53)) - 6d234f4d-474a-4c74-a9e9-8f3885fce584@group-5AA8DAB94A1F-SegmentedRaftLog: purgeIndex: updateToMax old=15, new=20, updated? true
2021-10-05 13:25:00,788 [pool-306-thread-1] INFO  server.RaftServerConfigKeys (ConfUtils.java:logGet(44)) - raft.server.log.write.buffer.size = 1048576 (custom)
2021-10-05 13:25:00,788 [pool-306-thread-1] INFO  server.RaftServerConfigKeys (ConfUtils.java:logGet(44)) - raft.server.log.statemachine.data.caching.enabled = true (custom)
2021-10-05 13:25:00,789 [pool-306-thread-1] INFO  segmented.SegmentedRaftLogWorker (SegmentedRaftLogWorker.java:lambda$new$0(133)) - 9cad18a2-4b78-4cb8-813e-2348ce620e43@group-9BC7FBF74007-SegmentedRaftLogWorker: flushIndex: setUnconditionally 0 -> -1
2021-10-05 13:25:00,789 [pool-306-thread-1] INFO  segmented.SegmentedRaftLogWorker (SegmentedRaftLogWorker.java:lambda$new$0(133)) - 9cad18a2-4b78-4cb8-813e-2348ce620e43@group-9BC7FBF74007-SegmentedRaftLogWorker: safeCacheEvictIndex: setUnconditionally 0 -> -1
2021-10-05 13:25:00,789 [pool-306-thread-1] INFO  server.RaftServerConfigKeys (ConfUtils.java:logGet(44)) - raft.server.snapshot.auto.trigger.enabled = true (custom)
2021-10-05 13:25:00,791 [pool-306-thread-1] INFO  server.RaftServerConfigKeys (ConfUtils.java:logGet(44)) - raft.server.snapshot.auto.trigger.threshold = 10000 (custom)
2021-10-05 13:25:00,791 [pool-306-thread-1] INFO  server.RaftServerConfigKeys (ConfUtils.java:logGet(44)) - raft.server.snapshot.retention.file.num = 5 (custom)
2021-10-05 13:25:00,791 [pool-306-thread-1] INFO  server.RaftServerConfigKeys (ConfUtils.java:logGet(44)) - raft.server.log.purge.upto.snapshot.index = false (default)
2021-10-05 13:25:00,791 [pool-306-thread-1] INFO  server.RaftServerConfigKeys (ConfUtils.java:logGet(44)) - raft.server.retrycache.expirytime = 600000ms (custom)
2021-10-05 13:25:00,791 [pool-306-thread-1] INFO  server.RaftServerConfigKeys (ConfUtils.java:logGet(44)) - raft.server.retrycache.statistics.expirytime = 100μs (default)
2021-10-05 13:25:00,790 [21490b65-0a55-46f3-b94a-dd719a327c14@group-5AA8DAB94A1F-StateMachineUpdater] INFO  safemode.HealthyPipelineSafeModeRule (HealthyPipelineSafeModeRule.java:initializeRule(152)) - Refreshed total pipeline count is 0, healthy pipeline threshold count is 1
2021-10-05 13:25:00,791 [EventQueue-PipelineReportForPipelineReportHandler] INFO  ha.SCMHAInvocationHandler (SCMHAInvocationHandler.java:invokeRatis(113)) - Invoking method public abstract void org.apache.hadoop.hdds.scm.pipeline.PipelineStateManager.updatePipelineState(org.apache.hadoop.hdds.protocol.proto.HddsProtos$PipelineID,org.apache.hadoop.hdds.protocol.proto.HddsProtos$PipelineState) throws java.io.IOException on target org.apache.hadoop.hdds.scm.ha.SCMRatisServerImpl@7efc167c, cost 9871.876us
2021-10-05 13:25:00,792 [EventQueue-OpenPipelineForHealthyPipelineSafeModeRule] INFO  safemode.SCMSafeModeManager (HealthyPipelineSafeModeRule.java:process(124)) - SCM in safe mode. Healthy pipelines reported count is 0, required healthy pipeline reported count is 1
2021-10-05 13:25:00,793 [pool-306-thread-1] INFO  server.RaftServer$Division (RaftServerImpl.java:start(296)) - 9cad18a2-4b78-4cb8-813e-2348ce620e43@group-9BC7FBF74007: start as a follower, conf=-1: [9cad18a2-4b78-4cb8-813e-2348ce620e43|rpc:127.0.0.1:34379|priority:1], old=null
2021-10-05 13:25:00,793 [pool-306-thread-1] INFO  server.RaftServer$Division (RaftServerImpl.java:setRole(285)) - 9cad18a2-4b78-4cb8-813e-2348ce620e43@group-9BC7FBF74007: changes role from      null to FOLLOWER at term 0 for startAsFollower
2021-10-05 13:25:00,797 [EndpointStateMachine task thread for /127.0.0.1:15021 - 0 ] INFO  ipc.Client (Client.java:handleConnectionFailure(977)) - Retrying connect to server: localhost/127.0.0.1:15021. Already tried 11 time(s); retry policy is RetryUpToMaximumCountWithFixedSleep(maxRetries=15, sleepTime=1000 MILLISECONDS)
2021-10-05 13:25:00,799 [6d234f4d-474a-4c74-a9e9-8f3885fce584@group-5AA8DAB94A1F-StateMachineUpdater] INFO  safemode.HealthyPipelineSafeModeRule (HealthyPipelineSafeModeRule.java:initializeRule(152)) - Refreshed total pipeline count is 0, healthy pipeline threshold count is 1
2021-10-05 13:25:00,800 [pool-306-thread-1] INFO  impl.RoleInfo (RoleInfo.java:updateAndGet(130)) - 9cad18a2-4b78-4cb8-813e-2348ce620e43: start 9cad18a2-4b78-4cb8-813e-2348ce620e43@group-9BC7FBF74007-FollowerState
2021-10-05 13:25:00,800 [pool-306-thread-1] INFO  util.JmxRegister (JmxRegister.java:tryRegister(44)) - Successfully registered JMX Bean with object name Ratis:service=RaftServer,group=group-9BC7FBF74007,id=9cad18a2-4b78-4cb8-813e-2348ce620e43
2021-10-05 13:25:00,803 [Command processor thread] INFO  ratis.XceiverServerRatis (XceiverServerRatis.java:addGroup(763)) - Created group PipelineID=698a69f9-cff2-4881-8cc2-9bc7fbf74007
2021-10-05 13:25:00,803 [Command processor thread] INFO  commandhandler.CreatePipelineCommandHandler (CreatePipelineCommandHandler.java:handle(106)) - Created Pipeline RATIS ONE PipelineID=698a69f9-cff2-4881-8cc2-9bc7fbf74007.
2021-10-05 13:25:00,804 [EndpointStateMachine task thread for /127.0.0.1:15031 - 0 ] INFO  ipc.Client (Client.java:handleConnectionFailure(977)) - Retrying connect to server: localhost/127.0.0.1:15031. Already tried 11 time(s); retry policy is RetryUpToMaximumCountWithFixedSleep(maxRetries=15, sleepTime=1000 MILLISECONDS)
2021-10-05 13:25:01,742 [EndpointStateMachine task thread for /127.0.0.1:15041 - 0 ] INFO  ipc.Client (Client.java:handleConnectionFailure(977)) - Retrying connect to server: localhost/127.0.0.1:15041. Already tried 8 time(s); retry policy is RetryUpToMaximumCountWithFixedSleep(maxRetries=15, sleepTime=1000 MILLISECONDS)
2021-10-05 13:25:01,748 [Listener at 127.0.0.1/13296] INFO  ozone.MiniOzoneClusterImpl (MiniOzoneClusterImpl.java:lambda$waitForClusterToBeReady$0(235)) - Nodes are ready. Got 3 of 3 DN Heartbeats.
2021-10-05 13:25:01,748 [Listener at 127.0.0.1/13296] INFO  ozone.MiniOzoneClusterImpl (MiniOzoneClusterImpl.java:lambda$waitForClusterToBeReady$0(238)) - Waiting for cluster to exit safe mode
2021-10-05 13:25:01,748 [Listener at 127.0.0.1/13296] INFO  ozone.MiniOzoneClusterImpl (MiniOzoneClusterImpl.java:lambda$waitForClusterToBeReady$0(240)) - SCM became leader
2021-10-05 13:25:01,798 [EndpointStateMachine task thread for /127.0.0.1:15021 - 0 ] INFO  ipc.Client (Client.java:handleConnectionFailure(977)) - Retrying connect to server: localhost/127.0.0.1:15021. Already tried 12 time(s); retry policy is RetryUpToMaximumCountWithFixedSleep(maxRetries=15, sleepTime=1000 MILLISECONDS)
2021-10-05 13:25:01,804 [EndpointStateMachine task thread for /127.0.0.1:15031 - 0 ] INFO  ipc.Client (Client.java:handleConnectionFailure(977)) - Retrying connect to server: localhost/127.0.0.1:15031. Already tried 12 time(s); retry policy is RetryUpToMaximumCountWithFixedSleep(maxRetries=15, sleepTime=1000 MILLISECONDS)
2021-10-05 13:25:02,360 [Datanode State Machine Thread - 0] ERROR datanode.RunningDatanodeState (RunningDatanodeState.java:computeNextContainerState(199)) - Error in executing end point task.
java.util.concurrent.ExecutionException: java.util.concurrent.TimeoutException
	at java.util.concurrent.FutureTask.report(FutureTask.java:122)
	at java.util.concurrent.FutureTask.get(FutureTask.java:192)
	at org.apache.hadoop.ozone.container.common.states.datanode.RunningDatanodeState.computeNextContainerState(RunningDatanodeState.java:191)
	at org.apache.hadoop.ozone.container.common.states.datanode.RunningDatanodeState.await(RunningDatanodeState.java:231)
	at org.apache.hadoop.ozone.container.common.states.datanode.RunningDatanodeState.await(RunningDatanodeState.java:50)
	at org.apache.hadoop.ozone.container.common.statemachine.StateContext.execute(StateContext.java:629)
	at org.apache.hadoop.ozone.container.common.statemachine.DatanodeStateMachine.start(DatanodeStateMachine.java:270)
	at org.apache.hadoop.ozone.container.common.statemachine.DatanodeStateMachine.lambda$startDaemon$0(DatanodeStateMachine.java:457)
	at java.lang.Thread.run(Thread.java:748)
Caused by: java.util.concurrent.TimeoutException
	at java.util.concurrent.FutureTask.get(FutureTask.java:205)
	at org.apache.hadoop.ozone.container.common.states.datanode.RunningDatanodeState.lambda$execute$0(RunningDatanodeState.java:149)
	at java.util.concurrent.FutureTask.run(FutureTask.java:266)
	at java.util.concurrent.Executors$RunnableAdapter.call(Executors.java:511)
	at java.util.concurrent.FutureTask.run(FutureTask.java:266)
	at java.util.concurrent.ThreadPoolExecutor.runWorker(ThreadPoolExecutor.java:1149)
	at java.util.concurrent.ThreadPoolExecutor$Worker.run(ThreadPoolExecutor.java:624)
	... 1 more
2021-10-05 13:25:02,743 [EndpointStateMachine task thread for /127.0.0.1:15041 - 0 ] INFO  ipc.Client (Client.java:handleConnectionFailure(977)) - Retrying connect to server: localhost/127.0.0.1:15041. Already tried 9 time(s); retry policy is RetryUpToMaximumCountWithFixedSleep(maxRetries=15, sleepTime=1000 MILLISECONDS)
2021-10-05 13:25:02,748 [Listener at 127.0.0.1/13296] INFO  ozone.MiniOzoneClusterImpl (MiniOzoneClusterImpl.java:lambda$waitForClusterToBeReady$0(235)) - Nodes are ready. Got 3 of 3 DN Heartbeats.
2021-10-05 13:25:02,749 [Listener at 127.0.0.1/13296] INFO  ozone.MiniOzoneClusterImpl (MiniOzoneClusterImpl.java:lambda$waitForClusterToBeReady$0(238)) - Waiting for cluster to exit safe mode
2021-10-05 13:25:02,749 [Listener at 127.0.0.1/13296] INFO  ozone.MiniOzoneClusterImpl (MiniOzoneClusterImpl.java:lambda$waitForClusterToBeReady$0(240)) - SCM became leader
2021-10-05 13:25:02,798 [EndpointStateMachine task thread for /127.0.0.1:15021 - 0 ] INFO  ipc.Client (Client.java:handleConnectionFailure(977)) - Retrying connect to server: localhost/127.0.0.1:15021. Already tried 13 time(s); retry policy is RetryUpToMaximumCountWithFixedSleep(maxRetries=15, sleepTime=1000 MILLISECONDS)
2021-10-05 13:25:02,804 [EndpointStateMachine task thread for /127.0.0.1:15031 - 0 ] INFO  ipc.Client (Client.java:handleConnectionFailure(977)) - Retrying connect to server: localhost/127.0.0.1:15031. Already tried 13 time(s); retry policy is RetryUpToMaximumCountWithFixedSleep(maxRetries=15, sleepTime=1000 MILLISECONDS)
2021-10-05 13:25:03,743 [EndpointStateMachine task thread for /127.0.0.1:15041 - 0 ] INFO  ipc.Client (Client.java:handleConnectionFailure(977)) - Retrying connect to server: localhost/127.0.0.1:15041. Already tried 10 time(s); retry policy is RetryUpToMaximumCountWithFixedSleep(maxRetries=15, sleepTime=1000 MILLISECONDS)
2021-10-05 13:25:03,749 [Listener at 127.0.0.1/13296] INFO  ozone.MiniOzoneClusterImpl (MiniOzoneClusterImpl.java:lambda$waitForClusterToBeReady$0(235)) - Nodes are ready. Got 3 of 3 DN Heartbeats.
2021-10-05 13:25:03,749 [Listener at 127.0.0.1/13296] INFO  ozone.MiniOzoneClusterImpl (MiniOzoneClusterImpl.java:lambda$waitForClusterToBeReady$0(238)) - Waiting for cluster to exit safe mode
2021-10-05 13:25:03,749 [Listener at 127.0.0.1/13296] INFO  ozone.MiniOzoneClusterImpl (MiniOzoneClusterImpl.java:lambda$waitForClusterToBeReady$0(240)) - SCM became leader
2021-10-05 13:25:03,799 [EndpointStateMachine task thread for /127.0.0.1:15021 - 0 ] INFO  ipc.Client (Client.java:handleConnectionFailure(977)) - Retrying connect to server: localhost/127.0.0.1:15021. Already tried 14 time(s); retry policy is RetryUpToMaximumCountWithFixedSleep(maxRetries=15, sleepTime=1000 MILLISECONDS)
2021-10-05 13:25:03,805 [EndpointStateMachine task thread for /127.0.0.1:15031 - 0 ] INFO  ipc.Client (Client.java:handleConnectionFailure(977)) - Retrying connect to server: localhost/127.0.0.1:15031. Already tried 14 time(s); retry policy is RetryUpToMaximumCountWithFixedSleep(maxRetries=15, sleepTime=1000 MILLISECONDS)
2021-10-05 13:25:04,369 [Datanode State Machine Thread - 0] ERROR datanode.RunningDatanodeState (RunningDatanodeState.java:computeNextContainerState(199)) - Error in executing end point task.
java.util.concurrent.ExecutionException: java.util.concurrent.TimeoutException
	at java.util.concurrent.FutureTask.report(FutureTask.java:122)
	at java.util.concurrent.FutureTask.get(FutureTask.java:192)
	at org.apache.hadoop.ozone.container.common.states.datanode.RunningDatanodeState.computeNextContainerState(RunningDatanodeState.java:191)
	at org.apache.hadoop.ozone.container.common.states.datanode.RunningDatanodeState.await(RunningDatanodeState.java:231)
	at org.apache.hadoop.ozone.container.common.states.datanode.RunningDatanodeState.await(RunningDatanodeState.java:50)
	at org.apache.hadoop.ozone.container.common.statemachine.StateContext.execute(StateContext.java:629)
	at org.apache.hadoop.ozone.container.common.statemachine.DatanodeStateMachine.start(DatanodeStateMachine.java:270)
	at org.apache.hadoop.ozone.container.common.statemachine.DatanodeStateMachine.lambda$startDaemon$0(DatanodeStateMachine.java:457)
	at java.lang.Thread.run(Thread.java:748)
Caused by: java.util.concurrent.TimeoutException
	at java.util.concurrent.FutureTask.get(FutureTask.java:205)
	at org.apache.hadoop.ozone.container.common.states.datanode.RunningDatanodeState.lambda$execute$0(RunningDatanodeState.java:149)
	at java.util.concurrent.FutureTask.run(FutureTask.java:266)
	at java.util.concurrent.Executors$RunnableAdapter.call(Executors.java:511)
	at java.util.concurrent.FutureTask.run(FutureTask.java:266)
	at java.util.concurrent.ThreadPoolExecutor.runWorker(ThreadPoolExecutor.java:1149)
	at java.util.concurrent.ThreadPoolExecutor$Worker.run(ThreadPoolExecutor.java:624)
	... 1 more
2021-10-05 13:25:04,744 [EndpointStateMachine task thread for /127.0.0.1:15041 - 0 ] INFO  ipc.Client (Client.java:handleConnectionFailure(977)) - Retrying connect to server: localhost/127.0.0.1:15041. Already tried 11 time(s); retry policy is RetryUpToMaximumCountWithFixedSleep(maxRetries=15, sleepTime=1000 MILLISECONDS)
2021-10-05 13:25:04,750 [Listener at 127.0.0.1/13296] INFO  ozone.MiniOzoneClusterImpl (MiniOzoneClusterImpl.java:lambda$waitForClusterToBeReady$0(235)) - Nodes are ready. Got 3 of 3 DN Heartbeats.
2021-10-05 13:25:04,750 [Listener at 127.0.0.1/13296] INFO  ozone.MiniOzoneClusterImpl (MiniOzoneClusterImpl.java:lambda$waitForClusterToBeReady$0(238)) - Waiting for cluster to exit safe mode
2021-10-05 13:25:04,750 [Listener at 127.0.0.1/13296] INFO  ozone.MiniOzoneClusterImpl (MiniOzoneClusterImpl.java:lambda$waitForClusterToBeReady$0(240)) - SCM became leader
2021-10-05 13:25:04,780 [Datanode State Machine Thread - 0] ERROR datanode.RunningDatanodeState (RunningDatanodeState.java:computeNextContainerState(199)) - Error in executing end point task.
java.util.concurrent.ExecutionException: java.util.concurrent.TimeoutException
	at java.util.concurrent.FutureTask.report(FutureTask.java:122)
	at java.util.concurrent.FutureTask.get(FutureTask.java:192)
	at org.apache.hadoop.ozone.container.common.states.datanode.RunningDatanodeState.computeNextContainerState(RunningDatanodeState.java:191)
	at org.apache.hadoop.ozone.container.common.states.datanode.RunningDatanodeState.await(RunningDatanodeState.java:231)
	at org.apache.hadoop.ozone.container.common.states.datanode.RunningDatanodeState.await(RunningDatanodeState.java:50)
	at org.apache.hadoop.ozone.container.common.statemachine.StateContext.execute(StateContext.java:629)
	at org.apache.hadoop.ozone.container.common.statemachine.DatanodeStateMachine.start(DatanodeStateMachine.java:270)
	at org.apache.hadoop.ozone.container.common.statemachine.DatanodeStateMachine.lambda$startDaemon$0(DatanodeStateMachine.java:457)
	at java.lang.Thread.run(Thread.java:748)
Caused by: java.util.concurrent.TimeoutException
	at java.util.concurrent.FutureTask.get(FutureTask.java:205)
	at org.apache.hadoop.ozone.container.common.states.datanode.RunningDatanodeState.lambda$execute$0(RunningDatanodeState.java:149)
	at java.util.concurrent.FutureTask.run(FutureTask.java:266)
	at java.util.concurrent.Executors$RunnableAdapter.call(Executors.java:511)
	at java.util.concurrent.FutureTask.run(FutureTask.java:266)
	at java.util.concurrent.ThreadPoolExecutor.runWorker(ThreadPoolExecutor.java:1149)
	at java.util.concurrent.ThreadPoolExecutor$Worker.run(ThreadPoolExecutor.java:624)
	... 1 more
2021-10-05 13:25:04,800 [EndpointStateMachine task thread for /127.0.0.1:15021 - 0 ] INFO  ipc.Client (Client.java:handleConnectionFailure(977)) - Retrying connect to server: localhost/127.0.0.1:15021. Already tried 0 time(s); retry policy is RetryUpToMaximumCountWithFixedSleep(maxRetries=15, sleepTime=1000 MILLISECONDS)
2021-10-05 13:25:04,805 [EndpointStateMachine task thread for /127.0.0.1:15031 - 0 ] INFO  ipc.Client (Client.java:handleConnectionFailure(977)) - Retrying connect to server: localhost/127.0.0.1:15031. Already tried 0 time(s); retry policy is RetryUpToMaximumCountWithFixedSleep(maxRetries=15, sleepTime=1000 MILLISECONDS)
2021-10-05 13:25:05,152 [b668fbba-0931-4533-8c87-c6849aaa836f@group-16677137C488-FollowerState] INFO  impl.FollowerState (FollowerState.java:run(134)) - b668fbba-0931-4533-8c87-c6849aaa836f@group-16677137C488-FollowerState: change to CANDIDATE, lastRpcElapsedTime:5035395179ns, electionTimeout:5005ms
2021-10-05 13:25:05,153 [b668fbba-0931-4533-8c87-c6849aaa836f@group-16677137C488-FollowerState] INFO  impl.RoleInfo (RoleInfo.java:shutdownFollowerState(108)) - b668fbba-0931-4533-8c87-c6849aaa836f: shutdown b668fbba-0931-4533-8c87-c6849aaa836f@group-16677137C488-FollowerState
2021-10-05 13:25:05,153 [b668fbba-0931-4533-8c87-c6849aaa836f@group-16677137C488-FollowerState] INFO  server.RaftServer$Division (RaftServerImpl.java:setRole(285)) - b668fbba-0931-4533-8c87-c6849aaa836f@group-16677137C488: changes role from  FOLLOWER to CANDIDATE at term 0 for changeToCandidate
2021-10-05 13:25:05,153 [b668fbba-0931-4533-8c87-c6849aaa836f@group-16677137C488-FollowerState] INFO  server.RaftServerConfigKeys (ConfUtils.java:logGet(44)) - raft.server.leaderelection.pre-vote = false (custom)
2021-10-05 13:25:05,153 [b668fbba-0931-4533-8c87-c6849aaa836f@group-16677137C488-FollowerState] INFO  impl.RoleInfo (RoleInfo.java:updateAndGet(130)) - b668fbba-0931-4533-8c87-c6849aaa836f: start b668fbba-0931-4533-8c87-c6849aaa836f@group-16677137C488-LeaderElection17
2021-10-05 13:25:05,166 [b668fbba-0931-4533-8c87-c6849aaa836f@group-16677137C488-LeaderElection17] INFO  impl.LeaderElection (LeaderElection.java:askForVotes(306)) - b668fbba-0931-4533-8c87-c6849aaa836f@group-16677137C488-LeaderElection17 ELECTION round 0: submit vote requests at term 1 for -1: [b668fbba-0931-4533-8c87-c6849aaa836f|rpc:127.0.0.1:40511|priority:1], old=null
2021-10-05 13:25:05,166 [b668fbba-0931-4533-8c87-c6849aaa836f@group-16677137C488-LeaderElection17] INFO  impl.LeaderElection (LeaderElection.java:askForVotes(308)) - b668fbba-0931-4533-8c87-c6849aaa836f@group-16677137C488-LeaderElection17 ELECTION round 0: result PASSED (term=1)
2021-10-05 13:25:05,166 [b668fbba-0931-4533-8c87-c6849aaa836f@group-16677137C488-LeaderElection17] INFO  impl.RoleInfo (RoleInfo.java:shutdownLeaderElection(121)) - b668fbba-0931-4533-8c87-c6849aaa836f: shutdown b668fbba-0931-4533-8c87-c6849aaa836f@group-16677137C488-LeaderElection17
2021-10-05 13:25:05,166 [b668fbba-0931-4533-8c87-c6849aaa836f@group-16677137C488-LeaderElection17] INFO  server.RaftServer$Division (RaftServerImpl.java:setRole(285)) - b668fbba-0931-4533-8c87-c6849aaa836f@group-16677137C488: changes role from CANDIDATE to LEADER at term 1 for changeToLeader
2021-10-05 13:25:05,166 [b668fbba-0931-4533-8c87-c6849aaa836f@group-16677137C488-LeaderElection17] INFO  ratis.XceiverServerRatis (XceiverServerRatis.java:handleLeaderChangedNotification(861)) - Leader change notification received for group: group-16677137C488 with new leaderId: b668fbba-0931-4533-8c87-c6849aaa836f
2021-10-05 13:25:05,167 [b668fbba-0931-4533-8c87-c6849aaa836f@group-16677137C488-LeaderElection17] INFO  server.RaftServer$Division (ServerState.java:setLeader(285)) - b668fbba-0931-4533-8c87-c6849aaa836f@group-16677137C488: change Leader from null to b668fbba-0931-4533-8c87-c6849aaa836f at term 1 for becomeLeader, leader elected after 5127ms
2021-10-05 13:25:05,167 [b668fbba-0931-4533-8c87-c6849aaa836f@group-16677137C488-LeaderElection17] INFO  server.RaftServerConfigKeys (ConfUtils.java:logGet(44)) - raft.server.staging.catchup.gap = 1000 (default)
2021-10-05 13:25:05,168 [EventQueue-OpenPipelineForHealthyPipelineSafeModeRule] INFO  safemode.SCMSafeModeManager (HealthyPipelineSafeModeRule.java:process(124)) - SCM in safe mode. Healthy pipelines reported count is 0, required healthy pipeline reported count is 1
2021-10-05 13:25:05,169 [b668fbba-0931-4533-8c87-c6849aaa836f@group-16677137C488-LeaderElection17] INFO  server.RaftServerConfigKeys (ConfUtils.java:logGet(44)) - raft.server.write.element-limit = 1024 (custom)
2021-10-05 13:25:05,169 [EventQueue-OpenPipelineForHealthyPipelineSafeModeRule] INFO  safemode.SCMSafeModeManager (HealthyPipelineSafeModeRule.java:process(124)) - SCM in safe mode. Healthy pipelines reported count is 0, required healthy pipeline reported count is 1
2021-10-05 13:25:05,169 [b668fbba-0931-4533-8c87-c6849aaa836f@group-16677137C488-LeaderElection17] INFO  server.RaftServerConfigKeys (ConfUtils.java:logGet(44)) - raft.server.write.byte-limit = 1024 M (=1073741824) (custom)
2021-10-05 13:25:05,169 [b668fbba-0931-4533-8c87-c6849aaa836f@group-16677137C488-LeaderElection17] INFO  server.RaftServerConfigKeys (ConfUtils.java:logGet(44)) - raft.server.watch.timeout = 180s (custom)
2021-10-05 13:25:05,169 [b668fbba-0931-4533-8c87-c6849aaa836f@group-16677137C488-LeaderElection17] INFO  server.RaftServerConfigKeys (ConfUtils.java:logGet(44)) - raft.server.watch.timeout.denomination = 1s (default)
2021-10-05 13:25:05,169 [b668fbba-0931-4533-8c87-c6849aaa836f@group-16677137C488-LeaderElection17] INFO  server.RaftServerConfigKeys (ConfUtils.java:logGet(44)) - raft.server.watch.element-limit = 65536 (default)
2021-10-05 13:25:05,170 [b668fbba-0931-4533-8c87-c6849aaa836f@group-16677137C488-LeaderElection17] INFO  impl.RoleInfo (RoleInfo.java:updateAndGet(130)) - b668fbba-0931-4533-8c87-c6849aaa836f: start b668fbba-0931-4533-8c87-c6849aaa836f@group-16677137C488-LeaderStateImpl
2021-10-05 13:25:05,170 [b668fbba-0931-4533-8c87-c6849aaa836f@group-16677137C488-LeaderElection17] INFO  segmented.SegmentedRaftLogWorker (SegmentedRaftLogWorker.java:startLogSegment(394)) - b668fbba-0931-4533-8c87-c6849aaa836f@group-16677137C488-SegmentedRaftLogWorker: Starting segment from index:0
2021-10-05 13:25:05,171 [b668fbba-0931-4533-8c87-c6849aaa836f@group-16677137C488-SegmentedRaftLogWorker] INFO  segmented.SegmentedRaftLogWorker (SegmentedRaftLogWorker.java:execute(601)) - b668fbba-0931-4533-8c87-c6849aaa836f@group-16677137C488-SegmentedRaftLogWorker: created new log segment /home/runner/work/ozone/ozone/hadoop-ozone/integration-test/target/test-dir/MiniOzoneClusterImpl-36b87918-66c6-4e2c-9c49-5aa8dab94a1f/datanode-0/data/ratis/fb43a933-1c8b-4815-9314-16677137c488/current/log_inprogress_0
2021-10-05 13:25:05,181 [b668fbba-0931-4533-8c87-c6849aaa836f@group-16677137C488-LeaderElection17] INFO  server.RaftServer$Division (ServerState.java:setRaftConf(387)) - b668fbba-0931-4533-8c87-c6849aaa836f@group-16677137C488: set configuration 0: [b668fbba-0931-4533-8c87-c6849aaa836f|rpc:127.0.0.1:40511|dataStream:|priority:1], old=null
2021-10-05 13:25:05,280 [9cad18a2-4b78-4cb8-813e-2348ce620e43@group-62F8E1A01D1D-FollowerState] INFO  impl.FollowerState (FollowerState.java:run(134)) - 9cad18a2-4b78-4cb8-813e-2348ce620e43@group-62F8E1A01D1D-FollowerState: change to CANDIDATE, lastRpcElapsedTime:5037014110ns, electionTimeout:5017ms
2021-10-05 13:25:05,280 [9cad18a2-4b78-4cb8-813e-2348ce620e43@group-62F8E1A01D1D-FollowerState] INFO  impl.RoleInfo (RoleInfo.java:shutdownFollowerState(108)) - 9cad18a2-4b78-4cb8-813e-2348ce620e43: shutdown 9cad18a2-4b78-4cb8-813e-2348ce620e43@group-62F8E1A01D1D-FollowerState
2021-10-05 13:25:05,280 [9cad18a2-4b78-4cb8-813e-2348ce620e43@group-62F8E1A01D1D-FollowerState] INFO  server.RaftServer$Division (RaftServerImpl.java:setRole(285)) - 9cad18a2-4b78-4cb8-813e-2348ce620e43@group-62F8E1A01D1D: changes role from  FOLLOWER to CANDIDATE at term 0 for changeToCandidate
2021-10-05 13:25:05,280 [9cad18a2-4b78-4cb8-813e-2348ce620e43@group-62F8E1A01D1D-FollowerState] INFO  server.RaftServerConfigKeys (ConfUtils.java:logGet(44)) - raft.server.leaderelection.pre-vote = false (custom)
2021-10-05 13:25:05,280 [9cad18a2-4b78-4cb8-813e-2348ce620e43@group-62F8E1A01D1D-FollowerState] INFO  impl.RoleInfo (RoleInfo.java:updateAndGet(130)) - 9cad18a2-4b78-4cb8-813e-2348ce620e43: start 9cad18a2-4b78-4cb8-813e-2348ce620e43@group-62F8E1A01D1D-LeaderElection18
2021-10-05 13:25:05,294 [9cad18a2-4b78-4cb8-813e-2348ce620e43@group-62F8E1A01D1D-LeaderElection18] INFO  impl.LeaderElection (LeaderElection.java:askForVotes(306)) - 9cad18a2-4b78-4cb8-813e-2348ce620e43@group-62F8E1A01D1D-LeaderElection18 ELECTION round 0: submit vote requests at term 1 for -1: [b668fbba-0931-4533-8c87-c6849aaa836f|rpc:127.0.0.1:40511|dataStream:|priority:1, 830d4653-8da7-4c59-a1a4-1cd595539218|rpc:127.0.0.1:42995|dataStream:|priority:0, 9cad18a2-4b78-4cb8-813e-2348ce620e43|rpc:127.0.0.1:34379|dataStream:|priority:0], old=null
2021-10-05 13:25:05,312 [grpc-default-executor-2] INFO  server.RaftServer$Division (RaftServerImpl.java:requestVote(1043)) - b668fbba-0931-4533-8c87-c6849aaa836f@group-62F8E1A01D1D: receive requestVote(ELECTION, 9cad18a2-4b78-4cb8-813e-2348ce620e43, group-62F8E1A01D1D, 1, (t:0, i:0))
2021-10-05 13:25:05,312 [grpc-default-executor-2] INFO  impl.VoteContext (VoteContext.java:log(48)) - b668fbba-0931-4533-8c87-c6849aaa836f@group-62F8E1A01D1D-FOLLOWER: reject ELECTION from 9cad18a2-4b78-4cb8-813e-2348ce620e43: our priority 1 > candidate's priority 0
2021-10-05 13:25:05,312 [grpc-default-executor-2] INFO  server.RaftServer$Division (RaftServerImpl.java:setRole(285)) - b668fbba-0931-4533-8c87-c6849aaa836f@group-62F8E1A01D1D: changes role from  FOLLOWER to FOLLOWER at term 1 for candidate:9cad18a2-4b78-4cb8-813e-2348ce620e43
2021-10-05 13:25:05,312 [grpc-default-executor-2] INFO  impl.RoleInfo (RoleInfo.java:shutdownFollowerState(108)) - b668fbba-0931-4533-8c87-c6849aaa836f: shutdown b668fbba-0931-4533-8c87-c6849aaa836f@group-62F8E1A01D1D-FollowerState
2021-10-05 13:25:05,319 [grpc-default-executor-2] INFO  impl.RoleInfo (RoleInfo.java:updateAndGet(130)) - b668fbba-0931-4533-8c87-c6849aaa836f: start b668fbba-0931-4533-8c87-c6849aaa836f@group-62F8E1A01D1D-FollowerState
2021-10-05 13:25:05,319 [b668fbba-0931-4533-8c87-c6849aaa836f@group-62F8E1A01D1D-FollowerState] INFO  impl.FollowerState (FollowerState.java:run(143)) - b668fbba-0931-4533-8c87-c6849aaa836f@group-62F8E1A01D1D-FollowerState was interrupted: {}
java.lang.InterruptedException: sleep interrupted
	at java.lang.Thread.sleep(Native Method)
	at java.lang.Thread.sleep(Thread.java:340)
	at java.util.concurrent.TimeUnit.sleep(TimeUnit.java:386)
	at org.apache.ratis.util.TimeDuration.sleep(TimeDuration.java:324)
	at org.apache.ratis.util.TimeDuration.sleep(TimeDuration.java:309)
	at org.apache.ratis.server.impl.FollowerState.run(FollowerState.java:118)
2021-10-05 13:25:05,326 [grpc-default-executor-2] INFO  server.RaftServer$Division (RaftServerImpl.java:requestVote(1075)) - b668fbba-0931-4533-8c87-c6849aaa836f@group-62F8E1A01D1D replies to ELECTION vote request: 9cad18a2-4b78-4cb8-813e-2348ce620e43<-b668fbba-0931-4533-8c87-c6849aaa836f#0:FAIL-t1. Peer's state: b668fbba-0931-4533-8c87-c6849aaa836f@group-62F8E1A01D1D:t1, leader=null, voted=null, raftlog=b668fbba-0931-4533-8c87-c6849aaa836f@group-62F8E1A01D1D-SegmentedRaftLog:OPENED:c-1,f-1,i0, conf=-1: [b668fbba-0931-4533-8c87-c6849aaa836f|rpc:127.0.0.1:40511|priority:1, 830d4653-8da7-4c59-a1a4-1cd595539218|rpc:127.0.0.1:42995|priority:0, 9cad18a2-4b78-4cb8-813e-2348ce620e43|rpc:127.0.0.1:34379|priority:0], old=null
2021-10-05 13:25:05,327 [9cad18a2-4b78-4cb8-813e-2348ce620e43@group-62F8E1A01D1D-LeaderElection18] INFO  impl.LeaderElection (LeaderElection.java:logAndReturn(89)) - 9cad18a2-4b78-4cb8-813e-2348ce620e43@group-62F8E1A01D1D-LeaderElection18: ELECTION REJECTED received 1 response(s) and 0 exception(s):
2021-10-05 13:25:05,327 [9cad18a2-4b78-4cb8-813e-2348ce620e43@group-62F8E1A01D1D-LeaderElection18] INFO  impl.LeaderElection (LeaderElection.java:logAndReturn(93)) -   Response 0: 9cad18a2-4b78-4cb8-813e-2348ce620e43<-b668fbba-0931-4533-8c87-c6849aaa836f#0:FAIL-t1
2021-10-05 13:25:05,327 [9cad18a2-4b78-4cb8-813e-2348ce620e43@group-62F8E1A01D1D-LeaderElection18] INFO  impl.LeaderElection (LeaderElection.java:askForVotes(308)) - 9cad18a2-4b78-4cb8-813e-2348ce620e43@group-62F8E1A01D1D-LeaderElection18 ELECTION round 0: result REJECTED
2021-10-05 13:25:05,327 [9cad18a2-4b78-4cb8-813e-2348ce620e43@group-62F8E1A01D1D-LeaderElection18] INFO  server.RaftServer$Division (RaftServerImpl.java:setRole(285)) - 9cad18a2-4b78-4cb8-813e-2348ce620e43@group-62F8E1A01D1D: changes role from CANDIDATE to FOLLOWER at term 1 for REJECTED
2021-10-05 13:25:05,327 [9cad18a2-4b78-4cb8-813e-2348ce620e43@group-62F8E1A01D1D-LeaderElection18] INFO  impl.RoleInfo (RoleInfo.java:shutdownLeaderElection(121)) - 9cad18a2-4b78-4cb8-813e-2348ce620e43: shutdown 9cad18a2-4b78-4cb8-813e-2348ce620e43@group-62F8E1A01D1D-LeaderElection18
2021-10-05 13:25:05,327 [9cad18a2-4b78-4cb8-813e-2348ce620e43@group-62F8E1A01D1D-LeaderElection18] INFO  impl.RoleInfo (RoleInfo.java:updateAndGet(130)) - 9cad18a2-4b78-4cb8-813e-2348ce620e43: start 9cad18a2-4b78-4cb8-813e-2348ce620e43@group-62F8E1A01D1D-FollowerState
2021-10-05 13:25:05,346 [grpc-default-executor-0] INFO  server.RaftServer$Division (RaftServerImpl.java:requestVote(1043)) - 830d4653-8da7-4c59-a1a4-1cd595539218@group-62F8E1A01D1D: receive requestVote(ELECTION, 9cad18a2-4b78-4cb8-813e-2348ce620e43, group-62F8E1A01D1D, 1, (t:0, i:0))
2021-10-05 13:25:05,346 [grpc-default-executor-0] INFO  impl.VoteContext (VoteContext.java:log(48)) - 830d4653-8da7-4c59-a1a4-1cd595539218@group-62F8E1A01D1D-FOLLOWER: accept ELECTION from 9cad18a2-4b78-4cb8-813e-2348ce620e43: our priority 0 <= candidate's priority 0
2021-10-05 13:25:05,346 [grpc-default-executor-0] INFO  server.RaftServer$Division (RaftServerImpl.java:setRole(285)) - 830d4653-8da7-4c59-a1a4-1cd595539218@group-62F8E1A01D1D: changes role from  FOLLOWER to FOLLOWER at term 1 for candidate:9cad18a2-4b78-4cb8-813e-2348ce620e43
2021-10-05 13:25:05,346 [grpc-default-executor-0] INFO  impl.RoleInfo (RoleInfo.java:shutdownFollowerState(108)) - 830d4653-8da7-4c59-a1a4-1cd595539218: shutdown 830d4653-8da7-4c59-a1a4-1cd595539218@group-62F8E1A01D1D-FollowerState
2021-10-05 13:25:05,346 [grpc-default-executor-0] INFO  impl.RoleInfo (RoleInfo.java:updateAndGet(130)) - 830d4653-8da7-4c59-a1a4-1cd595539218: start 830d4653-8da7-4c59-a1a4-1cd595539218@group-62F8E1A01D1D-FollowerState
2021-10-05 13:25:05,349 [830d4653-8da7-4c59-a1a4-1cd595539218@group-62F8E1A01D1D-FollowerState] INFO  impl.FollowerState (FollowerState.java:run(143)) - 830d4653-8da7-4c59-a1a4-1cd595539218@group-62F8E1A01D1D-FollowerState was interrupted: {}
java.lang.InterruptedException: sleep interrupted
	at java.lang.Thread.sleep(Native Method)
	at java.lang.Thread.sleep(Thread.java:340)
	at java.util.concurrent.TimeUnit.sleep(TimeUnit.java:386)
	at org.apache.ratis.util.TimeDuration.sleep(TimeDuration.java:324)
	at org.apache.ratis.util.TimeDuration.sleep(TimeDuration.java:309)
	at org.apache.ratis.server.impl.FollowerState.run(FollowerState.java:118)
2021-10-05 13:25:05,352 [grpc-default-executor-0] INFO  server.RaftServer$Division (RaftServerImpl.java:requestVote(1075)) - 830d4653-8da7-4c59-a1a4-1cd595539218@group-62F8E1A01D1D replies to ELECTION vote request: 9cad18a2-4b78-4cb8-813e-2348ce620e43<-830d4653-8da7-4c59-a1a4-1cd595539218#0:OK-t1. Peer's state: 830d4653-8da7-4c59-a1a4-1cd595539218@group-62F8E1A01D1D:t1, leader=null, voted=9cad18a2-4b78-4cb8-813e-2348ce620e43, raftlog=830d4653-8da7-4c59-a1a4-1cd595539218@group-62F8E1A01D1D-SegmentedRaftLog:OPENED:c-1,f-1,i0, conf=-1: [b668fbba-0931-4533-8c87-c6849aaa836f|rpc:127.0.0.1:40511|dataStream:|priority:1, 830d4653-8da7-4c59-a1a4-1cd595539218|rpc:127.0.0.1:42995|dataStream:|priority:0, 9cad18a2-4b78-4cb8-813e-2348ce620e43|rpc:127.0.0.1:34379|dataStream:|priority:0], old=null
2021-10-05 13:25:05,406 [b668fbba-0931-4533-8c87-c6849aaa836f@group-9360A73A2ABC-FollowerState] INFO  impl.FollowerState (FollowerState.java:run(134)) - b668fbba-0931-4533-8c87-c6849aaa836f@group-9360A73A2ABC-FollowerState: change to CANDIDATE, lastRpcElapsedTime:5028636054ns, electionTimeout:5015ms
2021-10-05 13:25:05,406 [b668fbba-0931-4533-8c87-c6849aaa836f@group-9360A73A2ABC-FollowerState] INFO  impl.RoleInfo (RoleInfo.java:shutdownFollowerState(108)) - b668fbba-0931-4533-8c87-c6849aaa836f: shutdown b668fbba-0931-4533-8c87-c6849aaa836f@group-9360A73A2ABC-FollowerState
2021-10-05 13:25:05,406 [b668fbba-0931-4533-8c87-c6849aaa836f@group-9360A73A2ABC-FollowerState] INFO  server.RaftServer$Division (RaftServerImpl.java:setRole(285)) - b668fbba-0931-4533-8c87-c6849aaa836f@group-9360A73A2ABC: changes role from  FOLLOWER to CANDIDATE at term 0 for changeToCandidate
2021-10-05 13:25:05,407 [b668fbba-0931-4533-8c87-c6849aaa836f@group-9360A73A2ABC-FollowerState] INFO  server.RaftServerConfigKeys (ConfUtils.java:logGet(44)) - raft.server.leaderelection.pre-vote = false (custom)
2021-10-05 13:25:05,407 [b668fbba-0931-4533-8c87-c6849aaa836f@group-9360A73A2ABC-FollowerState] INFO  impl.RoleInfo (RoleInfo.java:updateAndGet(130)) - b668fbba-0931-4533-8c87-c6849aaa836f: start b668fbba-0931-4533-8c87-c6849aaa836f@group-9360A73A2ABC-LeaderElection19
2021-10-05 13:25:05,423 [b668fbba-0931-4533-8c87-c6849aaa836f@group-9360A73A2ABC-LeaderElection19] INFO  impl.LeaderElection (LeaderElection.java:askForVotes(306)) - b668fbba-0931-4533-8c87-c6849aaa836f@group-9360A73A2ABC-LeaderElection19 ELECTION round 0: submit vote requests at term 1 for -1: [b668fbba-0931-4533-8c87-c6849aaa836f|rpc:127.0.0.1:40511|priority:0, 830d4653-8da7-4c59-a1a4-1cd595539218|rpc:127.0.0.1:42995|priority:0, 9cad18a2-4b78-4cb8-813e-2348ce620e43|rpc:127.0.0.1:34379|priority:1], old=null
2021-10-05 13:25:05,435 [grpc-default-executor-0] INFO  server.RaftServer$Division (RaftServerImpl.java:requestVote(1043)) - 830d4653-8da7-4c59-a1a4-1cd595539218@group-9360A73A2ABC: receive requestVote(ELECTION, b668fbba-0931-4533-8c87-c6849aaa836f, group-9360A73A2ABC, 1, (t:0, i:0))
2021-10-05 13:25:05,435 [grpc-default-executor-0] INFO  impl.VoteContext (VoteContext.java:log(48)) - 830d4653-8da7-4c59-a1a4-1cd595539218@group-9360A73A2ABC-FOLLOWER: accept ELECTION from b668fbba-0931-4533-8c87-c6849aaa836f: our priority 0 <= candidate's priority 0
2021-10-05 13:25:05,435 [grpc-default-executor-0] INFO  server.RaftServer$Division (RaftServerImpl.java:setRole(285)) - 830d4653-8da7-4c59-a1a4-1cd595539218@group-9360A73A2ABC: changes role from  FOLLOWER to FOLLOWER at term 1 for candidate:b668fbba-0931-4533-8c87-c6849aaa836f
2021-10-05 13:25:05,435 [grpc-default-executor-0] INFO  impl.RoleInfo (RoleInfo.java:shutdownFollowerState(108)) - 830d4653-8da7-4c59-a1a4-1cd595539218: shutdown 830d4653-8da7-4c59-a1a4-1cd595539218@group-9360A73A2ABC-FollowerState
2021-10-05 13:25:05,435 [grpc-default-executor-0] INFO  impl.RoleInfo (RoleInfo.java:updateAndGet(130)) - 830d4653-8da7-4c59-a1a4-1cd595539218: start 830d4653-8da7-4c59-a1a4-1cd595539218@group-9360A73A2ABC-FollowerState
2021-10-05 13:25:05,435 [830d4653-8da7-4c59-a1a4-1cd595539218@group-9360A73A2ABC-FollowerState] INFO  impl.FollowerState (FollowerState.java:run(143)) - 830d4653-8da7-4c59-a1a4-1cd595539218@group-9360A73A2ABC-FollowerState was interrupted: {}
java.lang.InterruptedException: sleep interrupted
	at java.lang.Thread.sleep(Native Method)
	at java.lang.Thread.sleep(Thread.java:340)
	at java.util.concurrent.TimeUnit.sleep(TimeUnit.java:386)
	at org.apache.ratis.util.TimeDuration.sleep(TimeDuration.java:324)
	at org.apache.ratis.util.TimeDuration.sleep(TimeDuration.java:309)
	at org.apache.ratis.server.impl.FollowerState.run(FollowerState.java:118)
2021-10-05 13:25:05,440 [grpc-default-executor-0] INFO  server.RaftServer$Division (RaftServerImpl.java:requestVote(1075)) - 830d4653-8da7-4c59-a1a4-1cd595539218@group-9360A73A2ABC replies to ELECTION vote request: b668fbba-0931-4533-8c87-c6849aaa836f<-830d4653-8da7-4c59-a1a4-1cd595539218#0:OK-t1. Peer's state: 830d4653-8da7-4c59-a1a4-1cd595539218@group-9360A73A2ABC:t1, leader=null, voted=b668fbba-0931-4533-8c87-c6849aaa836f, raftlog=830d4653-8da7-4c59-a1a4-1cd595539218@group-9360A73A2ABC-SegmentedRaftLog:OPENED:c-1,f-1,i0, conf=-1: [b668fbba-0931-4533-8c87-c6849aaa836f|rpc:127.0.0.1:40511|dataStream:|priority:0, 830d4653-8da7-4c59-a1a4-1cd595539218|rpc:127.0.0.1:42995|dataStream:|priority:0, 9cad18a2-4b78-4cb8-813e-2348ce620e43|rpc:127.0.0.1:34379|dataStream:|priority:1], old=null
2021-10-05 13:25:05,444 [grpc-default-executor-0] INFO  server.RaftServer$Division (RaftServerImpl.java:requestVote(1043)) - 9cad18a2-4b78-4cb8-813e-2348ce620e43@group-9360A73A2ABC: receive requestVote(ELECTION, b668fbba-0931-4533-8c87-c6849aaa836f, group-9360A73A2ABC, 1, (t:0, i:0))
2021-10-05 13:25:05,444 [grpc-default-executor-0] INFO  impl.VoteContext (VoteContext.java:log(48)) - 9cad18a2-4b78-4cb8-813e-2348ce620e43@group-9360A73A2ABC-FOLLOWER: reject ELECTION from b668fbba-0931-4533-8c87-c6849aaa836f: our priority 1 > candidate's priority 0
2021-10-05 13:25:05,444 [grpc-default-executor-0] INFO  server.RaftServer$Division (RaftServerImpl.java:setRole(285)) - 9cad18a2-4b78-4cb8-813e-2348ce620e43@group-9360A73A2ABC: changes role from  FOLLOWER to FOLLOWER at term 1 for candidate:b668fbba-0931-4533-8c87-c6849aaa836f
2021-10-05 13:25:05,444 [grpc-default-executor-0] INFO  impl.RoleInfo (RoleInfo.java:shutdownFollowerState(108)) - 9cad18a2-4b78-4cb8-813e-2348ce620e43: shutdown 9cad18a2-4b78-4cb8-813e-2348ce620e43@group-9360A73A2ABC-FollowerState
2021-10-05 13:25:05,444 [grpc-default-executor-0] INFO  impl.RoleInfo (RoleInfo.java:updateAndGet(130)) - 9cad18a2-4b78-4cb8-813e-2348ce620e43: start 9cad18a2-4b78-4cb8-813e-2348ce620e43@group-9360A73A2ABC-FollowerState
2021-10-05 13:25:05,445 [9cad18a2-4b78-4cb8-813e-2348ce620e43@group-9360A73A2ABC-FollowerState] INFO  impl.FollowerState (FollowerState.java:run(143)) - 9cad18a2-4b78-4cb8-813e-2348ce620e43@group-9360A73A2ABC-FollowerState was interrupted: {}
java.lang.InterruptedException: sleep interrupted
	at java.lang.Thread.sleep(Native Method)
	at java.lang.Thread.sleep(Thread.java:340)
	at java.util.concurrent.TimeUnit.sleep(TimeUnit.java:386)
	at org.apache.ratis.util.TimeDuration.sleep(TimeDuration.java:324)
	at org.apache.ratis.util.TimeDuration.sleep(TimeDuration.java:309)
	at org.apache.ratis.server.impl.FollowerState.run(FollowerState.java:118)
2021-10-05 13:25:05,455 [grpc-default-executor-0] INFO  server.RaftServer$Division (RaftServerImpl.java:requestVote(1075)) - 9cad18a2-4b78-4cb8-813e-2348ce620e43@group-9360A73A2ABC replies to ELECTION vote request: b668fbba-0931-4533-8c87-c6849aaa836f<-9cad18a2-4b78-4cb8-813e-2348ce620e43#0:FAIL-t1. Peer's state: 9cad18a2-4b78-4cb8-813e-2348ce620e43@group-9360A73A2ABC:t1, leader=null, voted=null, raftlog=9cad18a2-4b78-4cb8-813e-2348ce620e43@group-9360A73A2ABC-SegmentedRaftLog:OPENED:c-1,f-1,i0, conf=-1: [b668fbba-0931-4533-8c87-c6849aaa836f|rpc:127.0.0.1:40511|dataStream:|priority:0, 830d4653-8da7-4c59-a1a4-1cd595539218|rpc:127.0.0.1:42995|dataStream:|priority:0, 9cad18a2-4b78-4cb8-813e-2348ce620e43|rpc:127.0.0.1:34379|dataStream:|priority:1], old=null
2021-10-05 13:25:05,464 [b668fbba-0931-4533-8c87-c6849aaa836f@group-9360A73A2ABC-LeaderElection19] INFO  impl.LeaderElection (LeaderElection.java:logAndReturn(89)) - b668fbba-0931-4533-8c87-c6849aaa836f@group-9360A73A2ABC-LeaderElection19: ELECTION REJECTED received 2 response(s) and 0 exception(s):
2021-10-05 13:25:05,464 [b668fbba-0931-4533-8c87-c6849aaa836f@group-9360A73A2ABC-LeaderElection19] INFO  impl.LeaderElection (LeaderElection.java:logAndReturn(93)) -   Response 0: b668fbba-0931-4533-8c87-c6849aaa836f<-830d4653-8da7-4c59-a1a4-1cd595539218#0:OK-t1
2021-10-05 13:25:05,464 [b668fbba-0931-4533-8c87-c6849aaa836f@group-9360A73A2ABC-LeaderElection19] INFO  impl.LeaderElection (LeaderElection.java:logAndReturn(93)) -   Response 1: b668fbba-0931-4533-8c87-c6849aaa836f<-9cad18a2-4b78-4cb8-813e-2348ce620e43#0:FAIL-t1
2021-10-05 13:25:05,464 [b668fbba-0931-4533-8c87-c6849aaa836f@group-9360A73A2ABC-LeaderElection19] INFO  impl.LeaderElection (LeaderElection.java:askForVotes(308)) - b668fbba-0931-4533-8c87-c6849aaa836f@group-9360A73A2ABC-LeaderElection19 ELECTION round 0: result REJECTED
2021-10-05 13:25:05,464 [b668fbba-0931-4533-8c87-c6849aaa836f@group-9360A73A2ABC-LeaderElection19] INFO  server.RaftServer$Division (RaftServerImpl.java:setRole(285)) - b668fbba-0931-4533-8c87-c6849aaa836f@group-9360A73A2ABC: changes role from CANDIDATE to FOLLOWER at term 1 for REJECTED
2021-10-05 13:25:05,464 [b668fbba-0931-4533-8c87-c6849aaa836f@group-9360A73A2ABC-LeaderElection19] INFO  impl.RoleInfo (RoleInfo.java:shutdownLeaderElection(121)) - b668fbba-0931-4533-8c87-c6849aaa836f: shutdown b668fbba-0931-4533-8c87-c6849aaa836f@group-9360A73A2ABC-LeaderElection19
2021-10-05 13:25:05,464 [b668fbba-0931-4533-8c87-c6849aaa836f@group-9360A73A2ABC-LeaderElection19] INFO  impl.RoleInfo (RoleInfo.java:updateAndGet(130)) - b668fbba-0931-4533-8c87-c6849aaa836f: start b668fbba-0931-4533-8c87-c6849aaa836f@group-9360A73A2ABC-FollowerState
2021-10-05 13:25:05,719 [830d4653-8da7-4c59-a1a4-1cd595539218@group-8307C7C0D048-FollowerState] INFO  impl.FollowerState (FollowerState.java:run(134)) - 830d4653-8da7-4c59-a1a4-1cd595539218@group-8307C7C0D048-FollowerState: change to CANDIDATE, lastRpcElapsedTime:5196103943ns, electionTimeout:5191ms
2021-10-05 13:25:05,719 [830d4653-8da7-4c59-a1a4-1cd595539218@group-8307C7C0D048-FollowerState] INFO  impl.RoleInfo (RoleInfo.java:shutdownFollowerState(108)) - 830d4653-8da7-4c59-a1a4-1cd595539218: shutdown 830d4653-8da7-4c59-a1a4-1cd595539218@group-8307C7C0D048-FollowerState
2021-10-05 13:25:05,719 [830d4653-8da7-4c59-a1a4-1cd595539218@group-8307C7C0D048-FollowerState] INFO  server.RaftServer$Division (RaftServerImpl.java:setRole(285)) - 830d4653-8da7-4c59-a1a4-1cd595539218@group-8307C7C0D048: changes role from  FOLLOWER to CANDIDATE at term 0 for changeToCandidate
2021-10-05 13:25:05,721 [830d4653-8da7-4c59-a1a4-1cd595539218@group-8307C7C0D048-FollowerState] INFO  server.RaftServerConfigKeys (ConfUtils.java:logGet(44)) - raft.server.leaderelection.pre-vote = false (custom)
2021-10-05 13:25:05,721 [830d4653-8da7-4c59-a1a4-1cd595539218@group-8307C7C0D048-FollowerState] INFO  impl.RoleInfo (RoleInfo.java:updateAndGet(130)) - 830d4653-8da7-4c59-a1a4-1cd595539218: start 830d4653-8da7-4c59-a1a4-1cd595539218@group-8307C7C0D048-LeaderElection20
2021-10-05 13:25:05,736 [830d4653-8da7-4c59-a1a4-1cd595539218@group-8307C7C0D048-LeaderElection20] INFO  impl.LeaderElection (LeaderElection.java:askForVotes(306)) - 830d4653-8da7-4c59-a1a4-1cd595539218@group-8307C7C0D048-LeaderElection20 ELECTION round 0: submit vote requests at term 1 for -1: [830d4653-8da7-4c59-a1a4-1cd595539218|rpc:127.0.0.1:42995|priority:1], old=null
2021-10-05 13:25:05,736 [830d4653-8da7-4c59-a1a4-1cd595539218@group-8307C7C0D048-LeaderElection20] INFO  impl.LeaderElection (LeaderElection.java:askForVotes(308)) - 830d4653-8da7-4c59-a1a4-1cd595539218@group-8307C7C0D048-LeaderElection20 ELECTION round 0: result PASSED (term=1)
2021-10-05 13:25:05,736 [830d4653-8da7-4c59-a1a4-1cd595539218@group-8307C7C0D048-LeaderElection20] INFO  impl.RoleInfo (RoleInfo.java:shutdownLeaderElection(121)) - 830d4653-8da7-4c59-a1a4-1cd595539218: shutdown 830d4653-8da7-4c59-a1a4-1cd595539218@group-8307C7C0D048-LeaderElection20
2021-10-05 13:25:05,736 [830d4653-8da7-4c59-a1a4-1cd595539218@group-8307C7C0D048-LeaderElection20] INFO  server.RaftServer$Division (RaftServerImpl.java:setRole(285)) - 830d4653-8da7-4c59-a1a4-1cd595539218@group-8307C7C0D048: changes role from CANDIDATE to LEADER at term 1 for changeToLeader
2021-10-05 13:25:05,736 [830d4653-8da7-4c59-a1a4-1cd595539218@group-8307C7C0D048-LeaderElection20] INFO  ratis.XceiverServerRatis (XceiverServerRatis.java:handleLeaderChangedNotification(861)) - Leader change notification received for group: group-8307C7C0D048 with new leaderId: 830d4653-8da7-4c59-a1a4-1cd595539218
2021-10-05 13:25:05,736 [830d4653-8da7-4c59-a1a4-1cd595539218@group-8307C7C0D048-LeaderElection20] INFO  server.RaftServer$Division (ServerState.java:setLeader(285)) - 830d4653-8da7-4c59-a1a4-1cd595539218@group-8307C7C0D048: change Leader from null to 830d4653-8da7-4c59-a1a4-1cd595539218 at term 1 for becomeLeader, leader elected after 5226ms
2021-10-05 13:25:05,736 [830d4653-8da7-4c59-a1a4-1cd595539218@group-8307C7C0D048-LeaderElection20] INFO  server.RaftServerConfigKeys (ConfUtils.java:logGet(44)) - raft.server.staging.catchup.gap = 1000 (default)
2021-10-05 13:25:05,740 [EventQueue-OpenPipelineForHealthyPipelineSafeModeRule] INFO  safemode.SCMSafeModeManager (HealthyPipelineSafeModeRule.java:process(124)) - SCM in safe mode. Healthy pipelines reported count is 0, required healthy pipeline reported count is 1
2021-10-05 13:25:05,740 [EventQueue-OpenPipelineForHealthyPipelineSafeModeRule] INFO  safemode.SCMSafeModeManager (HealthyPipelineSafeModeRule.java:process(124)) - SCM in safe mode. Healthy pipelines reported count is 0, required healthy pipeline reported count is 1
2021-10-05 13:25:05,743 [830d4653-8da7-4c59-a1a4-1cd595539218@group-8307C7C0D048-LeaderElection20] INFO  server.RaftServerConfigKeys (ConfUtils.java:logGet(44)) - raft.server.write.element-limit = 1024 (custom)
2021-10-05 13:25:05,743 [830d4653-8da7-4c59-a1a4-1cd595539218@group-8307C7C0D048-LeaderElection20] INFO  server.RaftServerConfigKeys (ConfUtils.java:logGet(44)) - raft.server.write.byte-limit = 1024 M (=1073741824) (custom)
2021-10-05 13:25:05,743 [830d4653-8da7-4c59-a1a4-1cd595539218@group-8307C7C0D048-LeaderElection20] INFO  server.RaftServerConfigKeys (ConfUtils.java:logGet(44)) - raft.server.watch.timeout = 180s (custom)
2021-10-05 13:25:05,743 [830d4653-8da7-4c59-a1a4-1cd595539218@group-8307C7C0D048-LeaderElection20] INFO  server.RaftServerConfigKeys (ConfUtils.java:logGet(44)) - raft.server.watch.timeout.denomination = 1s (default)
2021-10-05 13:25:05,743 [830d4653-8da7-4c59-a1a4-1cd595539218@group-8307C7C0D048-LeaderElection20] INFO  server.RaftServerConfigKeys (ConfUtils.java:logGet(44)) - raft.server.watch.element-limit = 65536 (default)
2021-10-05 13:25:05,743 [830d4653-8da7-4c59-a1a4-1cd595539218@group-8307C7C0D048-LeaderElection20] INFO  impl.RoleInfo (RoleInfo.java:updateAndGet(130)) - 830d4653-8da7-4c59-a1a4-1cd595539218: start 830d4653-8da7-4c59-a1a4-1cd595539218@group-8307C7C0D048-LeaderStateImpl
2021-10-05 13:25:05,743 [830d4653-8da7-4c59-a1a4-1cd595539218@group-8307C7C0D048-LeaderElection20] INFO  segmented.SegmentedRaftLogWorker (SegmentedRaftLogWorker.java:startLogSegment(394)) - 830d4653-8da7-4c59-a1a4-1cd595539218@group-8307C7C0D048-SegmentedRaftLogWorker: Starting segment from index:0
2021-10-05 13:25:05,745 [EndpointStateMachine task thread for /127.0.0.1:15041 - 0 ] INFO  ipc.Client (Client.java:handleConnectionFailure(977)) - Retrying connect to server: localhost/127.0.0.1:15041. Already tried 12 time(s); retry policy is RetryUpToMaximumCountWithFixedSleep(maxRetries=15, sleepTime=1000 MILLISECONDS)
2021-10-05 13:25:05,751 [830d4653-8da7-4c59-a1a4-1cd595539218@group-8307C7C0D048-LeaderElection20] INFO  server.RaftServer$Division (ServerState.java:setRaftConf(387)) - 830d4653-8da7-4c59-a1a4-1cd595539218@group-8307C7C0D048: set configuration 0: [830d4653-8da7-4c59-a1a4-1cd595539218|rpc:127.0.0.1:42995|dataStream:|priority:1], old=null
2021-10-05 13:25:05,755 [830d4653-8da7-4c59-a1a4-1cd595539218@group-8307C7C0D048-SegmentedRaftLogWorker] INFO  segmented.SegmentedRaftLogWorker (SegmentedRaftLogWorker.java:execute(601)) - 830d4653-8da7-4c59-a1a4-1cd595539218@group-8307C7C0D048-SegmentedRaftLogWorker: created new log segment /home/runner/work/ozone/ozone/hadoop-ozone/integration-test/target/test-dir/MiniOzoneClusterImpl-36b87918-66c6-4e2c-9c49-5aa8dab94a1f/datanode-1/data/ratis/41685362-6c68-4243-9411-8307c7c0d048/current/log_inprogress_0
2021-10-05 13:25:05,756 [Listener at 127.0.0.1/13296] INFO  ozone.MiniOzoneClusterImpl (MiniOzoneClusterImpl.java:lambda$waitForClusterToBeReady$0(235)) - Nodes are ready. Got 3 of 3 DN Heartbeats.
2021-10-05 13:25:05,756 [Listener at 127.0.0.1/13296] INFO  ozone.MiniOzoneClusterImpl (MiniOzoneClusterImpl.java:lambda$waitForClusterToBeReady$0(238)) - Waiting for cluster to exit safe mode
2021-10-05 13:25:05,756 [Listener at 127.0.0.1/13296] INFO  ozone.MiniOzoneClusterImpl (MiniOzoneClusterImpl.java:lambda$waitForClusterToBeReady$0(240)) - SCM became leader
2021-10-05 13:25:05,800 [EndpointStateMachine task thread for /127.0.0.1:15021 - 0 ] INFO  ipc.Client (Client.java:handleConnectionFailure(977)) - Retrying connect to server: localhost/127.0.0.1:15021. Already tried 1 time(s); retry policy is RetryUpToMaximumCountWithFixedSleep(maxRetries=15, sleepTime=1000 MILLISECONDS)
2021-10-05 13:25:05,806 [EndpointStateMachine task thread for /127.0.0.1:15031 - 0 ] INFO  ipc.Client (Client.java:handleConnectionFailure(977)) - Retrying connect to server: localhost/127.0.0.1:15031. Already tried 1 time(s); retry policy is RetryUpToMaximumCountWithFixedSleep(maxRetries=15, sleepTime=1000 MILLISECONDS)
2021-10-05 13:25:05,866 [9cad18a2-4b78-4cb8-813e-2348ce620e43@group-9BC7FBF74007-FollowerState] INFO  impl.FollowerState (FollowerState.java:run(134)) - 9cad18a2-4b78-4cb8-813e-2348ce620e43@group-9BC7FBF74007-FollowerState: change to CANDIDATE, lastRpcElapsedTime:5065875735ns, electionTimeout:5065ms
2021-10-05 13:25:05,866 [9cad18a2-4b78-4cb8-813e-2348ce620e43@group-9BC7FBF74007-FollowerState] INFO  impl.RoleInfo (RoleInfo.java:shutdownFollowerState(108)) - 9cad18a2-4b78-4cb8-813e-2348ce620e43: shutdown 9cad18a2-4b78-4cb8-813e-2348ce620e43@group-9BC7FBF74007-FollowerState
2021-10-05 13:25:05,866 [9cad18a2-4b78-4cb8-813e-2348ce620e43@group-9BC7FBF74007-FollowerState] INFO  server.RaftServer$Division (RaftServerImpl.java:setRole(285)) - 9cad18a2-4b78-4cb8-813e-2348ce620e43@group-9BC7FBF74007: changes role from  FOLLOWER to CANDIDATE at term 0 for changeToCandidate
2021-10-05 13:25:05,866 [9cad18a2-4b78-4cb8-813e-2348ce620e43@group-9BC7FBF74007-FollowerState] INFO  server.RaftServerConfigKeys (ConfUtils.java:logGet(44)) - raft.server.leaderelection.pre-vote = false (custom)
2021-10-05 13:25:05,866 [9cad18a2-4b78-4cb8-813e-2348ce620e43@group-9BC7FBF74007-FollowerState] INFO  impl.RoleInfo (RoleInfo.java:updateAndGet(130)) - 9cad18a2-4b78-4cb8-813e-2348ce620e43: start 9cad18a2-4b78-4cb8-813e-2348ce620e43@group-9BC7FBF74007-LeaderElection21
2021-10-05 13:25:05,878 [9cad18a2-4b78-4cb8-813e-2348ce620e43@group-9BC7FBF74007-LeaderElection21] INFO  impl.LeaderElection (LeaderElection.java:askForVotes(306)) - 9cad18a2-4b78-4cb8-813e-2348ce620e43@group-9BC7FBF74007-LeaderElection21 ELECTION round 0: submit vote requests at term 1 for -1: [9cad18a2-4b78-4cb8-813e-2348ce620e43|rpc:127.0.0.1:34379|priority:1], old=null
2021-10-05 13:25:05,878 [9cad18a2-4b78-4cb8-813e-2348ce620e43@group-9BC7FBF74007-LeaderElection21] INFO  impl.LeaderElection (LeaderElection.java:askForVotes(308)) - 9cad18a2-4b78-4cb8-813e-2348ce620e43@group-9BC7FBF74007-LeaderElection21 ELECTION round 0: result PASSED (term=1)
2021-10-05 13:25:05,878 [9cad18a2-4b78-4cb8-813e-2348ce620e43@group-9BC7FBF74007-LeaderElection21] INFO  impl.RoleInfo (RoleInfo.java:shutdownLeaderElection(121)) - 9cad18a2-4b78-4cb8-813e-2348ce620e43: shutdown 9cad18a2-4b78-4cb8-813e-2348ce620e43@group-9BC7FBF74007-LeaderElection21
2021-10-05 13:25:05,878 [9cad18a2-4b78-4cb8-813e-2348ce620e43@group-9BC7FBF74007-LeaderElection21] INFO  server.RaftServer$Division (RaftServerImpl.java:setRole(285)) - 9cad18a2-4b78-4cb8-813e-2348ce620e43@group-9BC7FBF74007: changes role from CANDIDATE to LEADER at term 1 for changeToLeader
2021-10-05 13:25:05,878 [9cad18a2-4b78-4cb8-813e-2348ce620e43@group-9BC7FBF74007-LeaderElection21] INFO  ratis.XceiverServerRatis (XceiverServerRatis.java:handleLeaderChangedNotification(861)) - Leader change notification received for group: group-9BC7FBF74007 with new leaderId: 9cad18a2-4b78-4cb8-813e-2348ce620e43
2021-10-05 13:25:05,879 [9cad18a2-4b78-4cb8-813e-2348ce620e43@group-9BC7FBF74007-LeaderElection21] INFO  server.RaftServer$Division (ServerState.java:setLeader(285)) - 9cad18a2-4b78-4cb8-813e-2348ce620e43@group-9BC7FBF74007: change Leader from null to 9cad18a2-4b78-4cb8-813e-2348ce620e43 at term 1 for becomeLeader, leader elected after 5095ms
2021-10-05 13:25:05,879 [9cad18a2-4b78-4cb8-813e-2348ce620e43@group-9BC7FBF74007-LeaderElection21] INFO  server.RaftServerConfigKeys (ConfUtils.java:logGet(44)) - raft.server.staging.catchup.gap = 1000 (default)
2021-10-05 13:25:05,880 [9cad18a2-4b78-4cb8-813e-2348ce620e43@group-9BC7FBF74007-LeaderElection21] INFO  server.RaftServerConfigKeys (ConfUtils.java:logGet(44)) - raft.server.write.element-limit = 1024 (custom)
2021-10-05 13:25:05,880 [9cad18a2-4b78-4cb8-813e-2348ce620e43@group-9BC7FBF74007-LeaderElection21] INFO  server.RaftServerConfigKeys (ConfUtils.java:logGet(44)) - raft.server.write.byte-limit = 1024 M (=1073741824) (custom)
2021-10-05 13:25:05,880 [9cad18a2-4b78-4cb8-813e-2348ce620e43@group-9BC7FBF74007-LeaderElection21] INFO  server.RaftServerConfigKeys (ConfUtils.java:logGet(44)) - raft.server.watch.timeout = 180s (custom)
2021-10-05 13:25:05,880 [9cad18a2-4b78-4cb8-813e-2348ce620e43@group-9BC7FBF74007-LeaderElection21] INFO  server.RaftServerConfigKeys (ConfUtils.java:logGet(44)) - raft.server.watch.timeout.denomination = 1s (default)
2021-10-05 13:25:05,880 [9cad18a2-4b78-4cb8-813e-2348ce620e43@group-9BC7FBF74007-LeaderElection21] INFO  server.RaftServerConfigKeys (ConfUtils.java:logGet(44)) - raft.server.watch.element-limit = 65536 (default)
2021-10-05 13:25:05,880 [9cad18a2-4b78-4cb8-813e-2348ce620e43@group-9BC7FBF74007-LeaderElection21] INFO  impl.RoleInfo (RoleInfo.java:updateAndGet(130)) - 9cad18a2-4b78-4cb8-813e-2348ce620e43: start 9cad18a2-4b78-4cb8-813e-2348ce620e43@group-9BC7FBF74007-LeaderStateImpl
2021-10-05 13:25:05,881 [9cad18a2-4b78-4cb8-813e-2348ce620e43@group-9BC7FBF74007-LeaderElection21] INFO  segmented.SegmentedRaftLogWorker (SegmentedRaftLogWorker.java:startLogSegment(394)) - 9cad18a2-4b78-4cb8-813e-2348ce620e43@group-9BC7FBF74007-SegmentedRaftLogWorker: Starting segment from index:0
2021-10-05 13:25:05,885 [9cad18a2-4b78-4cb8-813e-2348ce620e43@group-9BC7FBF74007-SegmentedRaftLogWorker] INFO  segmented.SegmentedRaftLogWorker (SegmentedRaftLogWorker.java:execute(601)) - 9cad18a2-4b78-4cb8-813e-2348ce620e43@group-9BC7FBF74007-SegmentedRaftLogWorker: created new log segment /home/runner/work/ozone/ozone/hadoop-ozone/integration-test/target/test-dir/MiniOzoneClusterImpl-36b87918-66c6-4e2c-9c49-5aa8dab94a1f/datanode-2/data/ratis/698a69f9-cff2-4881-8cc2-9bc7fbf74007/current/log_inprogress_0
2021-10-05 13:25:05,894 [9cad18a2-4b78-4cb8-813e-2348ce620e43@group-9BC7FBF74007-LeaderElection21] INFO  server.RaftServer$Division (ServerState.java:setRaftConf(387)) - 9cad18a2-4b78-4cb8-813e-2348ce620e43@group-9BC7FBF74007: set configuration 0: [9cad18a2-4b78-4cb8-813e-2348ce620e43|rpc:127.0.0.1:34379|dataStream:|priority:1], old=null
2021-10-05 13:25:05,896 [EventQueue-OpenPipelineForHealthyPipelineSafeModeRule] INFO  safemode.SCMSafeModeManager (HealthyPipelineSafeModeRule.java:process(124)) - SCM in safe mode. Healthy pipelines reported count is 0, required healthy pipeline reported count is 1
2021-10-05 13:25:05,901 [EventQueue-OpenPipelineForHealthyPipelineSafeModeRule] INFO  safemode.SCMSafeModeManager (HealthyPipelineSafeModeRule.java:process(124)) - SCM in safe mode. Healthy pipelines reported count is 0, required healthy pipeline reported count is 1
2021-10-05 13:25:06,745 [EndpointStateMachine task thread for /127.0.0.1:15041 - 0 ] INFO  ipc.Client (Client.java:handleConnectionFailure(977)) - Retrying connect to server: localhost/127.0.0.1:15041. Already tried 13 time(s); retry policy is RetryUpToMaximumCountWithFixedSleep(maxRetries=15, sleepTime=1000 MILLISECONDS)
2021-10-05 13:25:06,756 [Listener at 127.0.0.1/13296] INFO  ozone.MiniOzoneClusterImpl (MiniOzoneClusterImpl.java:lambda$waitForClusterToBeReady$0(235)) - Nodes are ready. Got 3 of 3 DN Heartbeats.
2021-10-05 13:25:06,756 [Listener at 127.0.0.1/13296] INFO  ozone.MiniOzoneClusterImpl (MiniOzoneClusterImpl.java:lambda$waitForClusterToBeReady$0(238)) - Waiting for cluster to exit safe mode
2021-10-05 13:25:06,756 [Listener at 127.0.0.1/13296] INFO  ozone.MiniOzoneClusterImpl (MiniOzoneClusterImpl.java:lambda$waitForClusterToBeReady$0(240)) - SCM became leader
2021-10-05 13:25:06,801 [EndpointStateMachine task thread for /127.0.0.1:15021 - 0 ] INFO  ipc.Client (Client.java:handleConnectionFailure(977)) - Retrying connect to server: localhost/127.0.0.1:15021. Already tried 2 time(s); retry policy is RetryUpToMaximumCountWithFixedSleep(maxRetries=15, sleepTime=1000 MILLISECONDS)
2021-10-05 13:25:06,807 [EndpointStateMachine task thread for /127.0.0.1:15031 - 0 ] INFO  ipc.Client (Client.java:handleConnectionFailure(977)) - Retrying connect to server: localhost/127.0.0.1:15031. Already tried 2 time(s); retry policy is RetryUpToMaximumCountWithFixedSleep(maxRetries=15, sleepTime=1000 MILLISECONDS)
2021-10-05 13:25:07,167 [Datanode State Machine Thread - 0] ERROR datanode.RunningDatanodeState (RunningDatanodeState.java:computeNextContainerState(199)) - Error in executing end point task.
java.util.concurrent.ExecutionException: java.util.concurrent.TimeoutException
	at java.util.concurrent.FutureTask.report(FutureTask.java:122)
	at java.util.concurrent.FutureTask.get(FutureTask.java:192)
	at org.apache.hadoop.ozone.container.common.states.datanode.RunningDatanodeState.computeNextContainerState(RunningDatanodeState.java:191)
	at org.apache.hadoop.ozone.container.common.states.datanode.RunningDatanodeState.await(RunningDatanodeState.java:231)
	at org.apache.hadoop.ozone.container.common.states.datanode.RunningDatanodeState.await(RunningDatanodeState.java:50)
	at org.apache.hadoop.ozone.container.common.statemachine.StateContext.execute(StateContext.java:629)
	at org.apache.hadoop.ozone.container.common.statemachine.DatanodeStateMachine.start(DatanodeStateMachine.java:270)
	at org.apache.hadoop.ozone.container.common.statemachine.DatanodeStateMachine.lambda$startDaemon$0(DatanodeStateMachine.java:457)
	at java.lang.Thread.run(Thread.java:748)
Caused by: java.util.concurrent.TimeoutException
	at java.util.concurrent.FutureTask.get(FutureTask.java:205)
	at org.apache.hadoop.ozone.container.common.states.datanode.RunningDatanodeState.lambda$execute$0(RunningDatanodeState.java:149)
	at java.util.concurrent.FutureTask.run(FutureTask.java:266)
	at java.util.concurrent.Executors$RunnableAdapter.call(Executors.java:511)
	at java.util.concurrent.FutureTask.run(FutureTask.java:266)
	at java.util.concurrent.ThreadPoolExecutor.runWorker(ThreadPoolExecutor.java:1149)
	at java.util.concurrent.ThreadPoolExecutor$Worker.run(ThreadPoolExecutor.java:624)
	... 1 more
2021-10-05 13:25:07,746 [EndpointStateMachine task thread for /127.0.0.1:15041 - 0 ] INFO  ipc.Client (Client.java:handleConnectionFailure(977)) - Retrying connect to server: localhost/127.0.0.1:15041. Already tried 14 time(s); retry policy is RetryUpToMaximumCountWithFixedSleep(maxRetries=15, sleepTime=1000 MILLISECONDS)
2021-10-05 13:25:07,757 [Listener at 127.0.0.1/13296] INFO  ozone.MiniOzoneClusterImpl (MiniOzoneClusterImpl.java:lambda$waitForClusterToBeReady$0(235)) - Nodes are ready. Got 3 of 3 DN Heartbeats.
2021-10-05 13:25:07,757 [Listener at 127.0.0.1/13296] INFO  ozone.MiniOzoneClusterImpl (MiniOzoneClusterImpl.java:lambda$waitForClusterToBeReady$0(238)) - Waiting for cluster to exit safe mode
2021-10-05 13:25:07,757 [Listener at 127.0.0.1/13296] INFO  ozone.MiniOzoneClusterImpl (MiniOzoneClusterImpl.java:lambda$waitForClusterToBeReady$0(240)) - SCM became leader
2021-10-05 13:25:07,801 [EndpointStateMachine task thread for /127.0.0.1:15021 - 0 ] INFO  ipc.Client (Client.java:handleConnectionFailure(977)) - Retrying connect to server: localhost/127.0.0.1:15021. Already tried 3 time(s); retry policy is RetryUpToMaximumCountWithFixedSleep(maxRetries=15, sleepTime=1000 MILLISECONDS)
2021-10-05 13:25:07,807 [EndpointStateMachine task thread for /127.0.0.1:15031 - 0 ] INFO  ipc.Client (Client.java:handleConnectionFailure(977)) - Retrying connect to server: localhost/127.0.0.1:15031. Already tried 3 time(s); retry policy is RetryUpToMaximumCountWithFixedSleep(maxRetries=15, sleepTime=1000 MILLISECONDS)
2021-10-05 13:25:08,746 [EndpointStateMachine task thread for /127.0.0.1:15041 - 0 ] INFO  ipc.Client (Client.java:handleConnectionFailure(977)) - Retrying connect to server: localhost/127.0.0.1:15041. Already tried 0 time(s); retry policy is RetryUpToMaximumCountWithFixedSleep(maxRetries=15, sleepTime=1000 MILLISECONDS)
2021-10-05 13:25:08,757 [Listener at 127.0.0.1/13296] INFO  ozone.MiniOzoneClusterImpl (MiniOzoneClusterImpl.java:lambda$waitForClusterToBeReady$0(235)) - Nodes are ready. Got 3 of 3 DN Heartbeats.
2021-10-05 13:25:08,758 [Listener at 127.0.0.1/13296] INFO  ozone.MiniOzoneClusterImpl (MiniOzoneClusterImpl.java:lambda$waitForClusterToBeReady$0(238)) - Waiting for cluster to exit safe mode
2021-10-05 13:25:08,758 [Listener at 127.0.0.1/13296] INFO  ozone.MiniOzoneClusterImpl (MiniOzoneClusterImpl.java:lambda$waitForClusterToBeReady$0(240)) - SCM became leader
2021-10-05 13:25:08,801 [EndpointStateMachine task thread for /127.0.0.1:15021 - 0 ] INFO  ipc.Client (Client.java:handleConnectionFailure(977)) - Retrying connect to server: localhost/127.0.0.1:15021. Already tried 4 time(s); retry policy is RetryUpToMaximumCountWithFixedSleep(maxRetries=15, sleepTime=1000 MILLISECONDS)
2021-10-05 13:25:08,807 [EndpointStateMachine task thread for /127.0.0.1:15031 - 0 ] INFO  ipc.Client (Client.java:handleConnectionFailure(977)) - Retrying connect to server: localhost/127.0.0.1:15031. Already tried 4 time(s); retry policy is RetryUpToMaximumCountWithFixedSleep(maxRetries=15, sleepTime=1000 MILLISECONDS)
2021-10-05 13:25:09,747 [EndpointStateMachine task thread for /127.0.0.1:15041 - 0 ] INFO  ipc.Client (Client.java:handleConnectionFailure(977)) - Retrying connect to server: localhost/127.0.0.1:15041. Already tried 1 time(s); retry policy is RetryUpToMaximumCountWithFixedSleep(maxRetries=15, sleepTime=1000 MILLISECONDS)
2021-10-05 13:25:09,758 [Listener at 127.0.0.1/13296] INFO  ozone.MiniOzoneClusterImpl (MiniOzoneClusterImpl.java:lambda$waitForClusterToBeReady$0(235)) - Nodes are ready. Got 3 of 3 DN Heartbeats.
2021-10-05 13:25:09,758 [Listener at 127.0.0.1/13296] INFO  ozone.MiniOzoneClusterImpl (MiniOzoneClusterImpl.java:lambda$waitForClusterToBeReady$0(238)) - Waiting for cluster to exit safe mode
2021-10-05 13:25:09,758 [Listener at 127.0.0.1/13296] INFO  ozone.MiniOzoneClusterImpl (MiniOzoneClusterImpl.java:lambda$waitForClusterToBeReady$0(240)) - SCM became leader
2021-10-05 13:25:09,802 [EndpointStateMachine task thread for /127.0.0.1:15021 - 0 ] INFO  ipc.Client (Client.java:handleConnectionFailure(977)) - Retrying connect to server: localhost/127.0.0.1:15021. Already tried 5 time(s); retry policy is RetryUpToMaximumCountWithFixedSleep(maxRetries=15, sleepTime=1000 MILLISECONDS)
2021-10-05 13:25:09,808 [EndpointStateMachine task thread for /127.0.0.1:15031 - 0 ] INFO  ipc.Client (Client.java:handleConnectionFailure(977)) - Retrying connect to server: localhost/127.0.0.1:15031. Already tried 5 time(s); retry policy is RetryUpToMaximumCountWithFixedSleep(maxRetries=15, sleepTime=1000 MILLISECONDS)
2021-10-05 13:25:09,879 [Datanode State Machine Thread - 0] ERROR datanode.RunningDatanodeState (RunningDatanodeState.java:computeNextContainerState(199)) - Error in executing end point task.
java.util.concurrent.ExecutionException: java.util.concurrent.TimeoutException
	at java.util.concurrent.FutureTask.report(FutureTask.java:122)
	at java.util.concurrent.FutureTask.get(FutureTask.java:192)
	at org.apache.hadoop.ozone.container.common.states.datanode.RunningDatanodeState.computeNextContainerState(RunningDatanodeState.java:191)
	at org.apache.hadoop.ozone.container.common.states.datanode.RunningDatanodeState.await(RunningDatanodeState.java:231)
	at org.apache.hadoop.ozone.container.common.states.datanode.RunningDatanodeState.await(RunningDatanodeState.java:50)
	at org.apache.hadoop.ozone.container.common.statemachine.StateContext.execute(StateContext.java:629)
	at org.apache.hadoop.ozone.container.common.statemachine.DatanodeStateMachine.start(DatanodeStateMachine.java:270)
	at org.apache.hadoop.ozone.container.common.statemachine.DatanodeStateMachine.lambda$startDaemon$0(DatanodeStateMachine.java:457)
	at java.lang.Thread.run(Thread.java:748)
Caused by: java.util.concurrent.TimeoutException
	at java.util.concurrent.FutureTask.get(FutureTask.java:205)
	at org.apache.hadoop.ozone.container.common.states.datanode.RunningDatanodeState.lambda$execute$0(RunningDatanodeState.java:149)
	at java.util.concurrent.FutureTask.run(FutureTask.java:266)
	at java.util.concurrent.Executors$RunnableAdapter.call(Executors.java:511)
	at java.util.concurrent.FutureTask.run(FutureTask.java:266)
	at java.util.concurrent.ThreadPoolExecutor.runWorker(ThreadPoolExecutor.java:1149)
	at java.util.concurrent.ThreadPoolExecutor$Worker.run(ThreadPoolExecutor.java:624)
	... 1 more
2021-10-05 13:25:10,368 [b668fbba-0931-4533-8c87-c6849aaa836f@group-62F8E1A01D1D-FollowerState] INFO  impl.FollowerState (FollowerState.java:run(134)) - b668fbba-0931-4533-8c87-c6849aaa836f@group-62F8E1A01D1D-FollowerState: change to CANDIDATE, lastRpcElapsedTime:5049419116ns, electionTimeout:5029ms
2021-10-05 13:25:10,368 [b668fbba-0931-4533-8c87-c6849aaa836f@group-62F8E1A01D1D-FollowerState] INFO  impl.RoleInfo (RoleInfo.java:shutdownFollowerState(108)) - b668fbba-0931-4533-8c87-c6849aaa836f: shutdown b668fbba-0931-4533-8c87-c6849aaa836f@group-62F8E1A01D1D-FollowerState
2021-10-05 13:25:10,369 [b668fbba-0931-4533-8c87-c6849aaa836f@group-62F8E1A01D1D-FollowerState] INFO  server.RaftServer$Division (RaftServerImpl.java:setRole(285)) - b668fbba-0931-4533-8c87-c6849aaa836f@group-62F8E1A01D1D: changes role from  FOLLOWER to CANDIDATE at term 1 for changeToCandidate
2021-10-05 13:25:10,369 [b668fbba-0931-4533-8c87-c6849aaa836f@group-62F8E1A01D1D-FollowerState] INFO  server.RaftServerConfigKeys (ConfUtils.java:logGet(44)) - raft.server.leaderelection.pre-vote = false (custom)
2021-10-05 13:25:10,369 [b668fbba-0931-4533-8c87-c6849aaa836f@group-62F8E1A01D1D-FollowerState] INFO  impl.RoleInfo (RoleInfo.java:updateAndGet(130)) - b668fbba-0931-4533-8c87-c6849aaa836f: start b668fbba-0931-4533-8c87-c6849aaa836f@group-62F8E1A01D1D-LeaderElection22
2021-10-05 13:25:10,380 [b668fbba-0931-4533-8c87-c6849aaa836f@group-62F8E1A01D1D-LeaderElection22] INFO  impl.LeaderElection (LeaderElection.java:askForVotes(306)) - b668fbba-0931-4533-8c87-c6849aaa836f@group-62F8E1A01D1D-LeaderElection22 ELECTION round 0: submit vote requests at term 2 for -1: [b668fbba-0931-4533-8c87-c6849aaa836f|rpc:127.0.0.1:40511|priority:1, 830d4653-8da7-4c59-a1a4-1cd595539218|rpc:127.0.0.1:42995|priority:0, 9cad18a2-4b78-4cb8-813e-2348ce620e43|rpc:127.0.0.1:34379|priority:0], old=null
2021-10-05 13:25:10,386 [grpc-default-executor-0] INFO  server.RaftServer$Division (RaftServerImpl.java:requestVote(1043)) - 830d4653-8da7-4c59-a1a4-1cd595539218@group-62F8E1A01D1D: receive requestVote(ELECTION, b668fbba-0931-4533-8c87-c6849aaa836f, group-62F8E1A01D1D, 2, (t:0, i:0))
2021-10-05 13:25:10,386 [grpc-default-executor-0] INFO  impl.VoteContext (VoteContext.java:log(48)) - 830d4653-8da7-4c59-a1a4-1cd595539218@group-62F8E1A01D1D-FOLLOWER: accept ELECTION from b668fbba-0931-4533-8c87-c6849aaa836f: our priority 0 <= candidate's priority 1
2021-10-05 13:25:10,386 [grpc-default-executor-0] INFO  server.RaftServer$Division (RaftServerImpl.java:setRole(285)) - 830d4653-8da7-4c59-a1a4-1cd595539218@group-62F8E1A01D1D: changes role from  FOLLOWER to FOLLOWER at term 2 for candidate:b668fbba-0931-4533-8c87-c6849aaa836f
2021-10-05 13:25:10,386 [grpc-default-executor-0] INFO  impl.RoleInfo (RoleInfo.java:shutdownFollowerState(108)) - 830d4653-8da7-4c59-a1a4-1cd595539218: shutdown 830d4653-8da7-4c59-a1a4-1cd595539218@group-62F8E1A01D1D-FollowerState
2021-10-05 13:25:10,392 [830d4653-8da7-4c59-a1a4-1cd595539218@group-62F8E1A01D1D-FollowerState] INFO  impl.FollowerState (FollowerState.java:run(143)) - 830d4653-8da7-4c59-a1a4-1cd595539218@group-62F8E1A01D1D-FollowerState was interrupted: {}
java.lang.InterruptedException: sleep interrupted
	at java.lang.Thread.sleep(Native Method)
	at java.lang.Thread.sleep(Thread.java:340)
	at java.util.concurrent.TimeUnit.sleep(TimeUnit.java:386)
	at org.apache.ratis.util.TimeDuration.sleep(TimeDuration.java:324)
	at org.apache.ratis.util.TimeDuration.sleep(TimeDuration.java:309)
	at org.apache.ratis.server.impl.FollowerState.run(FollowerState.java:118)
2021-10-05 13:25:10,392 [grpc-default-executor-0] INFO  impl.RoleInfo (RoleInfo.java:updateAndGet(130)) - 830d4653-8da7-4c59-a1a4-1cd595539218: start 830d4653-8da7-4c59-a1a4-1cd595539218@group-62F8E1A01D1D-FollowerState
2021-10-05 13:25:10,394 [grpc-default-executor-2] INFO  server.RaftServer$Division (RaftServerImpl.java:requestVote(1043)) - 9cad18a2-4b78-4cb8-813e-2348ce620e43@group-62F8E1A01D1D: receive requestVote(ELECTION, b668fbba-0931-4533-8c87-c6849aaa836f, group-62F8E1A01D1D, 2, (t:0, i:0))
2021-10-05 13:25:10,395 [grpc-default-executor-2] INFO  impl.VoteContext (VoteContext.java:log(48)) - 9cad18a2-4b78-4cb8-813e-2348ce620e43@group-62F8E1A01D1D-FOLLOWER: accept ELECTION from b668fbba-0931-4533-8c87-c6849aaa836f: our priority 0 <= candidate's priority 1
2021-10-05 13:25:10,395 [grpc-default-executor-2] INFO  server.RaftServer$Division (RaftServerImpl.java:setRole(285)) - 9cad18a2-4b78-4cb8-813e-2348ce620e43@group-62F8E1A01D1D: changes role from  FOLLOWER to FOLLOWER at term 2 for candidate:b668fbba-0931-4533-8c87-c6849aaa836f
2021-10-05 13:25:10,395 [grpc-default-executor-2] INFO  impl.RoleInfo (RoleInfo.java:shutdownFollowerState(108)) - 9cad18a2-4b78-4cb8-813e-2348ce620e43: shutdown 9cad18a2-4b78-4cb8-813e-2348ce620e43@group-62F8E1A01D1D-FollowerState
2021-10-05 13:25:10,400 [grpc-default-executor-2] INFO  impl.RoleInfo (RoleInfo.java:updateAndGet(130)) - 9cad18a2-4b78-4cb8-813e-2348ce620e43: start 9cad18a2-4b78-4cb8-813e-2348ce620e43@group-62F8E1A01D1D-FollowerState
2021-10-05 13:25:10,400 [9cad18a2-4b78-4cb8-813e-2348ce620e43@group-62F8E1A01D1D-FollowerState] INFO  impl.FollowerState (FollowerState.java:run(143)) - 9cad18a2-4b78-4cb8-813e-2348ce620e43@group-62F8E1A01D1D-FollowerState was interrupted: {}
java.lang.InterruptedException: sleep interrupted
	at java.lang.Thread.sleep(Native Method)
	at java.lang.Thread.sleep(Thread.java:340)
	at java.util.concurrent.TimeUnit.sleep(TimeUnit.java:386)
	at org.apache.ratis.util.TimeDuration.sleep(TimeDuration.java:324)
	at org.apache.ratis.util.TimeDuration.sleep(TimeDuration.java:309)
	at org.apache.ratis.server.impl.FollowerState.run(FollowerState.java:118)
2021-10-05 13:25:10,411 [grpc-default-executor-0] INFO  server.RaftServer$Division (RaftServerImpl.java:requestVote(1075)) - 830d4653-8da7-4c59-a1a4-1cd595539218@group-62F8E1A01D1D replies to ELECTION vote request: b668fbba-0931-4533-8c87-c6849aaa836f<-830d4653-8da7-4c59-a1a4-1cd595539218#0:OK-t2. Peer's state: 830d4653-8da7-4c59-a1a4-1cd595539218@group-62F8E1A01D1D:t2, leader=null, voted=b668fbba-0931-4533-8c87-c6849aaa836f, raftlog=830d4653-8da7-4c59-a1a4-1cd595539218@group-62F8E1A01D1D-SegmentedRaftLog:OPENED:c-1,f-1,i0, conf=-1: [b668fbba-0931-4533-8c87-c6849aaa836f|rpc:127.0.0.1:40511|dataStream:|priority:1, 830d4653-8da7-4c59-a1a4-1cd595539218|rpc:127.0.0.1:42995|dataStream:|priority:0, 9cad18a2-4b78-4cb8-813e-2348ce620e43|rpc:127.0.0.1:34379|dataStream:|priority:0], old=null
2021-10-05 13:25:10,413 [b668fbba-0931-4533-8c87-c6849aaa836f@group-62F8E1A01D1D-LeaderElection22] INFO  impl.LeaderElection (LeaderElection.java:logAndReturn(89)) - b668fbba-0931-4533-8c87-c6849aaa836f@group-62F8E1A01D1D-LeaderElection22: ELECTION PASSED received 1 response(s) and 0 exception(s):
2021-10-05 13:25:10,413 [b668fbba-0931-4533-8c87-c6849aaa836f@group-62F8E1A01D1D-LeaderElection22] INFO  impl.LeaderElection (LeaderElection.java:logAndReturn(93)) -   Response 0: b668fbba-0931-4533-8c87-c6849aaa836f<-830d4653-8da7-4c59-a1a4-1cd595539218#0:OK-t2
2021-10-05 13:25:10,413 [b668fbba-0931-4533-8c87-c6849aaa836f@group-62F8E1A01D1D-LeaderElection22] INFO  impl.LeaderElection (LeaderElection.java:askForVotes(308)) - b668fbba-0931-4533-8c87-c6849aaa836f@group-62F8E1A01D1D-LeaderElection22 ELECTION round 0: result PASSED
2021-10-05 13:25:10,413 [b668fbba-0931-4533-8c87-c6849aaa836f@group-62F8E1A01D1D-LeaderElection22] INFO  impl.RoleInfo (RoleInfo.java:shutdownLeaderElection(121)) - b668fbba-0931-4533-8c87-c6849aaa836f: shutdown b668fbba-0931-4533-8c87-c6849aaa836f@group-62F8E1A01D1D-LeaderElection22
2021-10-05 13:25:10,413 [b668fbba-0931-4533-8c87-c6849aaa836f@group-62F8E1A01D1D-LeaderElection22] INFO  server.RaftServer$Division (RaftServerImpl.java:setRole(285)) - b668fbba-0931-4533-8c87-c6849aaa836f@group-62F8E1A01D1D: changes role from CANDIDATE to LEADER at term 2 for changeToLeader
2021-10-05 13:25:10,413 [b668fbba-0931-4533-8c87-c6849aaa836f@group-62F8E1A01D1D-LeaderElection22] INFO  ratis.XceiverServerRatis (XceiverServerRatis.java:handleLeaderChangedNotification(861)) - Leader change notification received for group: group-62F8E1A01D1D with new leaderId: b668fbba-0931-4533-8c87-c6849aaa836f
2021-10-05 13:25:10,413 [b668fbba-0931-4533-8c87-c6849aaa836f@group-62F8E1A01D1D-LeaderElection22] INFO  server.RaftServer$Division (ServerState.java:setLeader(285)) - b668fbba-0931-4533-8c87-c6849aaa836f@group-62F8E1A01D1D: change Leader from null to b668fbba-0931-4533-8c87-c6849aaa836f at term 2 for becomeLeader, leader elected after 10252ms
2021-10-05 13:25:10,413 [b668fbba-0931-4533-8c87-c6849aaa836f@group-62F8E1A01D1D-LeaderElection22] INFO  server.RaftServerConfigKeys (ConfUtils.java:logGet(44)) - raft.server.staging.catchup.gap = 1000 (default)
2021-10-05 13:25:10,413 [b668fbba-0931-4533-8c87-c6849aaa836f@group-62F8E1A01D1D-LeaderElection22] INFO  server.RaftServerConfigKeys (ConfUtils.java:logGet(44)) - raft.server.write.element-limit = 1024 (custom)
2021-10-05 13:25:10,413 [b668fbba-0931-4533-8c87-c6849aaa836f@group-62F8E1A01D1D-LeaderElection22] INFO  server.RaftServerConfigKeys (ConfUtils.java:logGet(44)) - raft.server.write.byte-limit = 1024 M (=1073741824) (custom)
2021-10-05 13:25:10,414 [b668fbba-0931-4533-8c87-c6849aaa836f@group-62F8E1A01D1D-LeaderElection22] INFO  server.RaftServerConfigKeys (ConfUtils.java:logGet(44)) - raft.server.watch.timeout = 180s (custom)
2021-10-05 13:25:10,414 [b668fbba-0931-4533-8c87-c6849aaa836f@group-62F8E1A01D1D-LeaderElection22] INFO  server.RaftServerConfigKeys (ConfUtils.java:logGet(44)) - raft.server.watch.timeout.denomination = 1s (default)
2021-10-05 13:25:10,414 [b668fbba-0931-4533-8c87-c6849aaa836f@group-62F8E1A01D1D-LeaderElection22] INFO  server.RaftServerConfigKeys (ConfUtils.java:logGet(44)) - raft.server.watch.element-limit = 65536 (default)
2021-10-05 13:25:10,414 [b668fbba-0931-4533-8c87-c6849aaa836f@group-62F8E1A01D1D-LeaderElection22] INFO  server.RaftServerConfigKeys (ConfUtils.java:logGet(44)) - raft.server.log.appender.snapshot.chunk.size.max = 16MB (=16777216) (default)
2021-10-05 13:25:10,414 [b668fbba-0931-4533-8c87-c6849aaa836f@group-62F8E1A01D1D-LeaderElection22] INFO  server.RaftServerConfigKeys (ConfUtils.java:logGet(44)) - raft.server.log.appender.buffer.byte-limit = 33554432 (custom)
2021-10-05 13:25:10,414 [b668fbba-0931-4533-8c87-c6849aaa836f@group-62F8E1A01D1D-LeaderElection22] INFO  server.RaftServerConfigKeys (ConfUtils.java:logGet(44)) - raft.server.log.appender.buffer.element-limit = 1 (custom)
2021-10-05 13:25:10,414 [b668fbba-0931-4533-8c87-c6849aaa836f@group-62F8E1A01D1D-LeaderElection22] INFO  grpc.GrpcConfigKeys (ConfUtils.java:logGet(44)) - raft.grpc.server.leader.outstanding.appends.max = 128 (default)
2021-10-05 13:25:10,414 [b668fbba-0931-4533-8c87-c6849aaa836f@group-62F8E1A01D1D-LeaderElection22] INFO  server.RaftServerConfigKeys (ConfUtils.java:logGet(44)) - raft.server.rpc.request.timeout = 60s (custom)
2021-10-05 13:25:10,414 [b668fbba-0931-4533-8c87-c6849aaa836f@group-62F8E1A01D1D-LeaderElection22] INFO  server.RaftServerConfigKeys (ConfUtils.java:logGet(44)) - raft.server.log.appender.install.snapshot.enabled = false (custom)
2021-10-05 13:25:10,415 [b668fbba-0931-4533-8c87-c6849aaa836f@group-62F8E1A01D1D-LeaderElection22] INFO  server.RaftServerConfigKeys (ConfUtils.java:logGet(44)) - raft.server.log.appender.snapshot.chunk.size.max = 16MB (=16777216) (default)
2021-10-05 13:25:10,415 [b668fbba-0931-4533-8c87-c6849aaa836f@group-62F8E1A01D1D-LeaderElection22] INFO  server.RaftServerConfigKeys (ConfUtils.java:logGet(44)) - raft.server.log.appender.buffer.byte-limit = 33554432 (custom)
2021-10-05 13:25:10,420 [grpc-default-executor-2] INFO  server.RaftServer$Division (RaftServerImpl.java:requestVote(1075)) - 9cad18a2-4b78-4cb8-813e-2348ce620e43@group-62F8E1A01D1D replies to ELECTION vote request: b668fbba-0931-4533-8c87-c6849aaa836f<-9cad18a2-4b78-4cb8-813e-2348ce620e43#0:OK-t2. Peer's state: 9cad18a2-4b78-4cb8-813e-2348ce620e43@group-62F8E1A01D1D:t2, leader=null, voted=b668fbba-0931-4533-8c87-c6849aaa836f, raftlog=9cad18a2-4b78-4cb8-813e-2348ce620e43@group-62F8E1A01D1D-SegmentedRaftLog:OPENED:c-1,f-1,i0, conf=-1: [b668fbba-0931-4533-8c87-c6849aaa836f|rpc:127.0.0.1:40511|dataStream:|priority:1, 830d4653-8da7-4c59-a1a4-1cd595539218|rpc:127.0.0.1:42995|dataStream:|priority:0, 9cad18a2-4b78-4cb8-813e-2348ce620e43|rpc:127.0.0.1:34379|dataStream:|priority:0], old=null
2021-10-05 13:25:10,416 [EventQueue-OpenPipelineForHealthyPipelineSafeModeRule] INFO  safemode.SCMSafeModeManager (HealthyPipelineSafeModeRule.java:process(124)) - SCM in safe mode. Healthy pipelines reported count is 0, required healthy pipeline reported count is 1
2021-10-05 13:25:10,421 [b668fbba-0931-4533-8c87-c6849aaa836f@group-62F8E1A01D1D-LeaderElection22] INFO  server.RaftServerConfigKeys (ConfUtils.java:logGet(44)) - raft.server.log.appender.buffer.element-limit = 1 (custom)
2021-10-05 13:25:10,421 [b668fbba-0931-4533-8c87-c6849aaa836f@group-62F8E1A01D1D-LeaderElection22] INFO  grpc.GrpcConfigKeys (ConfUtils.java:logGet(44)) - raft.grpc.server.leader.outstanding.appends.max = 128 (default)
2021-10-05 13:25:10,416 [EventQueue-PipelineReportForPipelineReportHandler] INFO  pipeline.PipelineManagerImpl (PipelineManagerImpl.java:openPipeline(282)) - Pipeline Pipeline[ Id: 5cfa055b-4c5c-4f3c-a5c0-62f8e1a01d1d, Nodes: 9cad18a2-4b78-4cb8-813e-2348ce620e43{ip: 127.0.0.1, host: localhost, ports: [REPLICATION=45905, RATIS=34379, RATIS_ADMIN=34379, RATIS_SERVER=34379, STANDALONE=41383], networkLocation: /default-rack, certSerialId: null, persistedOpState: IN_SERVICE, persistedOpStateExpiryEpochSec: 0}b668fbba-0931-4533-8c87-c6849aaa836f{ip: 127.0.0.1, host: localhost, ports: [REPLICATION=42285, RATIS=40511, RATIS_ADMIN=40511, RATIS_SERVER=40511, STANDALONE=44361], networkLocation: /default-rack, certSerialId: null, persistedOpState: IN_SERVICE, persistedOpStateExpiryEpochSec: 0}830d4653-8da7-4c59-a1a4-1cd595539218{ip: 127.0.0.1, host: localhost, ports: [REPLICATION=34867, RATIS=42995, RATIS_ADMIN=42995, RATIS_SERVER=42995, STANDALONE=44359], networkLocation: /default-rack, certSerialId: null, persistedOpState: IN_SERVICE, persistedOpStateExpiryEpochSec: 0}, ReplicationConfig: RATIS/THREE, State:ALLOCATED, leaderId:b668fbba-0931-4533-8c87-c6849aaa836f, CreationTimestamp2021-10-05T13:24:57.784Z[Etc/UTC]] moved to OPEN state
2021-10-05 13:25:10,416 [EventQueue-OpenPipelineForHealthyPipelineSafeModeRule] INFO  safemode.SCMSafeModeManager (HealthyPipelineSafeModeRule.java:process(124)) - SCM in safe mode. Healthy pipelines reported count is 0, required healthy pipeline reported count is 1
2021-10-05 13:25:10,416 [EventQueue-PipelineReportForPipelineReportHandler] INFO  pipeline.PipelineManagerImpl (PipelineManagerImpl.java:openPipeline(282)) - Pipeline Pipeline[ Id: 5cfa055b-4c5c-4f3c-a5c0-62f8e1a01d1d, Nodes: 9cad18a2-4b78-4cb8-813e-2348ce620e43{ip: 127.0.0.1, host: localhost, ports: [REPLICATION=45905, RATIS=34379, RATIS_ADMIN=34379, RATIS_SERVER=34379, STANDALONE=41383], networkLocation: /default-rack, certSerialId: null, persistedOpState: IN_SERVICE, persistedOpStateExpiryEpochSec: 0}b668fbba-0931-4533-8c87-c6849aaa836f{ip: 127.0.0.1, host: localhost, ports: [REPLICATION=42285, RATIS=40511, RATIS_ADMIN=40511, RATIS_SERVER=40511, STANDALONE=44361], networkLocation: /default-rack, certSerialId: null, persistedOpState: IN_SERVICE, persistedOpStateExpiryEpochSec: 0}830d4653-8da7-4c59-a1a4-1cd595539218{ip: 127.0.0.1, host: localhost, ports: [REPLICATION=34867, RATIS=42995, RATIS_ADMIN=42995, RATIS_SERVER=42995, STANDALONE=44359], networkLocation: /default-rack, certSerialId: null, persistedOpState: IN_SERVICE, persistedOpStateExpiryEpochSec: 0}, ReplicationConfig: RATIS/THREE, State:ALLOCATED, leaderId:b668fbba-0931-4533-8c87-c6849aaa836f, CreationTimestamp2021-10-05T13:24:57.784Z[Etc/UTC]] moved to OPEN state
2021-10-05 13:25:10,421 [EventQueue-PipelineReportForPipelineReportHandler] INFO  ha.SCMHAInvocationHandler (SCMHAInvocationHandler.java:invokeRatis(113)) - Invoking method public abstract void org.apache.hadoop.hdds.scm.pipeline.PipelineStateManager.updatePipelineState(org.apache.hadoop.hdds.protocol.proto.HddsProtos$PipelineID,org.apache.hadoop.hdds.protocol.proto.HddsProtos$PipelineState) throws java.io.IOException on target org.apache.hadoop.hdds.scm.ha.SCMRatisServerImpl@7c75acaa, cost 214.921us
2021-10-05 13:25:10,421 [b668fbba-0931-4533-8c87-c6849aaa836f@group-62F8E1A01D1D-LeaderElection22] INFO  server.RaftServerConfigKeys (ConfUtils.java:logGet(44)) - raft.server.rpc.request.timeout = 60s (custom)
2021-10-05 13:25:10,422 [b668fbba-0931-4533-8c87-c6849aaa836f@group-62F8E1A01D1D-LeaderElection22] INFO  server.RaftServerConfigKeys (ConfUtils.java:logGet(44)) - raft.server.log.appender.install.snapshot.enabled = false (custom)
2021-10-05 13:25:10,423 [b668fbba-0931-4533-8c87-c6849aaa836f@group-62F8E1A01D1D-LeaderElection22] INFO  impl.RoleInfo (RoleInfo.java:updateAndGet(130)) - b668fbba-0931-4533-8c87-c6849aaa836f: start b668fbba-0931-4533-8c87-c6849aaa836f@group-62F8E1A01D1D-LeaderStateImpl
2021-10-05 13:25:10,423 [b668fbba-0931-4533-8c87-c6849aaa836f@group-62F8E1A01D1D-LeaderElection22] INFO  segmented.SegmentedRaftLogWorker (SegmentedRaftLogWorker.java:startLogSegment(394)) - b668fbba-0931-4533-8c87-c6849aaa836f@group-62F8E1A01D1D-SegmentedRaftLogWorker: Starting segment from index:0
2021-10-05 13:25:10,426 [b668fbba-0931-4533-8c87-c6849aaa836f@group-62F8E1A01D1D-SegmentedRaftLogWorker] INFO  segmented.SegmentedRaftLogWorker (SegmentedRaftLogWorker.java:execute(601)) - b668fbba-0931-4533-8c87-c6849aaa836f@group-62F8E1A01D1D-SegmentedRaftLogWorker: created new log segment /home/runner/work/ozone/ozone/hadoop-ozone/integration-test/target/test-dir/MiniOzoneClusterImpl-36b87918-66c6-4e2c-9c49-5aa8dab94a1f/datanode-0/data/ratis/5cfa055b-4c5c-4f3c-a5c0-62f8e1a01d1d/current/log_inprogress_0
2021-10-05 13:25:10,447 [grpc-default-executor-2] INFO  ratis.XceiverServerRatis (XceiverServerRatis.java:handleLeaderChangedNotification(861)) - Leader change notification received for group: group-62F8E1A01D1D with new leaderId: b668fbba-0931-4533-8c87-c6849aaa836f
2021-10-05 13:25:10,447 [grpc-default-executor-2] INFO  server.RaftServer$Division (ServerState.java:setLeader(285)) - 830d4653-8da7-4c59-a1a4-1cd595539218@group-62F8E1A01D1D: change Leader from null to b668fbba-0931-4533-8c87-c6849aaa836f at term 2 for appendEntries, leader elected after 10127ms
2021-10-05 13:25:10,448 [21490b65-0a55-46f3-b94a-dd719a327c14@group-5AA8DAB94A1F-StateMachineUpdater] INFO  safemode.HealthyPipelineSafeModeRule (HealthyPipelineSafeModeRule.java:initializeRule(152)) - Refreshed total pipeline count is 1, healthy pipeline threshold count is 1
2021-10-05 13:25:10,448 [EventQueue-PipelineReportForPipelineReportHandler] INFO  ha.SCMHAInvocationHandler (SCMHAInvocationHandler.java:invokeRatis(113)) - Invoking method public abstract void org.apache.hadoop.hdds.scm.pipeline.PipelineStateManager.updatePipelineState(org.apache.hadoop.hdds.protocol.proto.HddsProtos$PipelineID,org.apache.hadoop.hdds.protocol.proto.HddsProtos$PipelineState) throws java.io.IOException on target org.apache.hadoop.hdds.scm.ha.SCMRatisServerImpl@7efc167c, cost 27477.104us
2021-10-05 13:25:10,449 [EventQueue-OpenPipelineForHealthyPipelineSafeModeRule] INFO  safemode.SCMSafeModeManager (HealthyPipelineSafeModeRule.java:process(124)) - SCM in safe mode. Healthy pipelines reported count is 1, required healthy pipeline reported count is 1
2021-10-05 13:25:10,449 [EventQueue-OpenPipelineForHealthyPipelineSafeModeRule] INFO  safemode.SCMSafeModeManager (SCMSafeModeManager.java:validateSafeModeExitRules(204)) - HealthyPipelineSafeModeRule rule is successfully validated
2021-10-05 13:25:10,449 [EventQueue-OpenPipelineForHealthyPipelineSafeModeRule] INFO  safemode.SCMSafeModeManager (SCMSafeModeManager.java:validateSafeModeExitRules(219)) - ScmSafeModeManager, all rules are successfully validated
2021-10-05 13:25:10,449 [EventQueue-OpenPipelineForHealthyPipelineSafeModeRule] INFO  safemode.SCMSafeModeManager (SCMSafeModeManager.java:exitSafeMode(248)) - SCM exiting safe mode.
2021-10-05 13:25:10,449 [EventQueue-OpenPipelineForHealthyPipelineSafeModeRule] WARN  events.EventQueue (EventQueue.java:fireEvent(194)) - No event handler registered for event TypedEvent{payloadType=SafeModeStatus, name='Safe mode status'}
2021-10-05 13:25:10,449 [EventQueue-OpenPipelineForHealthyPipelineSafeModeRule] INFO  ha.SCMContext (SCMContext.java:updateSafeModeStatus(205)) - Update SafeModeStatus from SafeModeStatus{safeModeStatus=true, preCheckPassed=true} to SafeModeStatus{safeModeStatus=false, preCheckPassed=true}.
2021-10-05 13:25:10,449 [EventQueue-OpenPipelineForHealthyPipelineSafeModeRule] INFO  container.ReplicationManager (ReplicationManager.java:notifyStatusChanged(1743)) - Service ReplicationManager transitions to RUNNING.
2021-10-05 13:25:10,451 [b668fbba-0931-4533-8c87-c6849aaa836f@group-62F8E1A01D1D-LeaderElection22] INFO  server.RaftServer$Division (ServerState.java:setRaftConf(387)) - b668fbba-0931-4533-8c87-c6849aaa836f@group-62F8E1A01D1D: set configuration 0: [b668fbba-0931-4533-8c87-c6849aaa836f|rpc:127.0.0.1:40511|dataStream:|priority:1, 830d4653-8da7-4c59-a1a4-1cd595539218|rpc:127.0.0.1:42995|dataStream:|priority:0, 9cad18a2-4b78-4cb8-813e-2348ce620e43|rpc:127.0.0.1:34379|dataStream:|priority:0], old=null
2021-10-05 13:25:10,464 [grpc-default-executor-3] INFO  ratis.XceiverServerRatis (XceiverServerRatis.java:handleLeaderChangedNotification(861)) - Leader change notification received for group: group-62F8E1A01D1D with new leaderId: b668fbba-0931-4533-8c87-c6849aaa836f
2021-10-05 13:25:10,464 [grpc-default-executor-3] INFO  server.RaftServer$Division (ServerState.java:setLeader(285)) - 9cad18a2-4b78-4cb8-813e-2348ce620e43@group-62F8E1A01D1D: change Leader from null to b668fbba-0931-4533-8c87-c6849aaa836f at term 2 for appendEntries, leader elected after 10239ms
2021-10-05 13:25:10,464 [grpc-default-executor-3] INFO  server.RaftServer$Division (ServerState.java:setRaftConf(387)) - 9cad18a2-4b78-4cb8-813e-2348ce620e43@group-62F8E1A01D1D: set configuration 0: [b668fbba-0931-4533-8c87-c6849aaa836f|rpc:127.0.0.1:40511|dataStream:|priority:1, 830d4653-8da7-4c59-a1a4-1cd595539218|rpc:127.0.0.1:42995|dataStream:|priority:0, 9cad18a2-4b78-4cb8-813e-2348ce620e43|rpc:127.0.0.1:34379|dataStream:|priority:0], old=null
2021-10-05 13:25:10,465 [grpc-default-executor-3] INFO  segmented.SegmentedRaftLogWorker (SegmentedRaftLogWorker.java:startLogSegment(394)) - 9cad18a2-4b78-4cb8-813e-2348ce620e43@group-62F8E1A01D1D-SegmentedRaftLogWorker: Starting segment from index:0
2021-10-05 13:25:10,469 [9cad18a2-4b78-4cb8-813e-2348ce620e43@group-62F8E1A01D1D-SegmentedRaftLogWorker] INFO  segmented.SegmentedRaftLogWorker (SegmentedRaftLogWorker.java:execute(601)) - 9cad18a2-4b78-4cb8-813e-2348ce620e43@group-62F8E1A01D1D-SegmentedRaftLogWorker: created new log segment /home/runner/work/ozone/ozone/hadoop-ozone/integration-test/target/test-dir/MiniOzoneClusterImpl-36b87918-66c6-4e2c-9c49-5aa8dab94a1f/datanode-2/data/ratis/5cfa055b-4c5c-4f3c-a5c0-62f8e1a01d1d/current/log_inprogress_0
2021-10-05 13:25:10,480 [grpc-default-executor-0] INFO  server.RaftServer$Division (ServerState.java:setRaftConf(387)) - 830d4653-8da7-4c59-a1a4-1cd595539218@group-62F8E1A01D1D: set configuration 0: [b668fbba-0931-4533-8c87-c6849aaa836f|rpc:127.0.0.1:40511|dataStream:|priority:1, 830d4653-8da7-4c59-a1a4-1cd595539218|rpc:127.0.0.1:42995|dataStream:|priority:0, 9cad18a2-4b78-4cb8-813e-2348ce620e43|rpc:127.0.0.1:34379|dataStream:|priority:0], old=null
2021-10-05 13:25:10,480 [grpc-default-executor-0] INFO  segmented.SegmentedRaftLogWorker (SegmentedRaftLogWorker.java:startLogSegment(394)) - 830d4653-8da7-4c59-a1a4-1cd595539218@group-62F8E1A01D1D-SegmentedRaftLogWorker: Starting segment from index:0
2021-10-05 13:25:10,483 [830d4653-8da7-4c59-a1a4-1cd595539218@group-62F8E1A01D1D-SegmentedRaftLogWorker] INFO  segmented.SegmentedRaftLogWorker (SegmentedRaftLogWorker.java:execute(601)) - 830d4653-8da7-4c59-a1a4-1cd595539218@group-62F8E1A01D1D-SegmentedRaftLogWorker: created new log segment /home/runner/work/ozone/ozone/hadoop-ozone/integration-test/target/test-dir/MiniOzoneClusterImpl-36b87918-66c6-4e2c-9c49-5aa8dab94a1f/datanode-1/data/ratis/5cfa055b-4c5c-4f3c-a5c0-62f8e1a01d1d/current/log_inprogress_0
2021-10-05 13:25:10,496 [6d234f4d-474a-4c74-a9e9-8f3885fce584@group-5AA8DAB94A1F-StateMachineUpdater] INFO  safemode.HealthyPipelineSafeModeRule (HealthyPipelineSafeModeRule.java:initializeRule(152)) - Refreshed total pipeline count is 1, healthy pipeline threshold count is 1
2021-10-05 13:25:10,541 [b668fbba-0931-4533-8c87-c6849aaa836f@group-9360A73A2ABC-FollowerState] INFO  impl.FollowerState (FollowerState.java:run(134)) - b668fbba-0931-4533-8c87-c6849aaa836f@group-9360A73A2ABC-FollowerState: change to CANDIDATE, lastRpcElapsedTime:5076488548ns, electionTimeout:5067ms
2021-10-05 13:25:10,541 [b668fbba-0931-4533-8c87-c6849aaa836f@group-9360A73A2ABC-FollowerState] INFO  impl.RoleInfo (RoleInfo.java:shutdownFollowerState(108)) - b668fbba-0931-4533-8c87-c6849aaa836f: shutdown b668fbba-0931-4533-8c87-c6849aaa836f@group-9360A73A2ABC-FollowerState
2021-10-05 13:25:10,541 [b668fbba-0931-4533-8c87-c6849aaa836f@group-9360A73A2ABC-FollowerState] INFO  server.RaftServer$Division (RaftServerImpl.java:setRole(285)) - b668fbba-0931-4533-8c87-c6849aaa836f@group-9360A73A2ABC: changes role from  FOLLOWER to CANDIDATE at term 1 for changeToCandidate
2021-10-05 13:25:10,541 [b668fbba-0931-4533-8c87-c6849aaa836f@group-9360A73A2ABC-FollowerState] INFO  server.RaftServerConfigKeys (ConfUtils.java:logGet(44)) - raft.server.leaderelection.pre-vote = false (custom)
2021-10-05 13:25:10,541 [b668fbba-0931-4533-8c87-c6849aaa836f@group-9360A73A2ABC-FollowerState] INFO  impl.RoleInfo (RoleInfo.java:updateAndGet(130)) - b668fbba-0931-4533-8c87-c6849aaa836f: start b668fbba-0931-4533-8c87-c6849aaa836f@group-9360A73A2ABC-LeaderElection23
2021-10-05 13:25:10,559 [b668fbba-0931-4533-8c87-c6849aaa836f@group-9360A73A2ABC-LeaderElection23] INFO  impl.LeaderElection (LeaderElection.java:askForVotes(306)) - b668fbba-0931-4533-8c87-c6849aaa836f@group-9360A73A2ABC-LeaderElection23 ELECTION round 0: submit vote requests at term 2 for -1: [b668fbba-0931-4533-8c87-c6849aaa836f|rpc:127.0.0.1:40511|priority:0, 830d4653-8da7-4c59-a1a4-1cd595539218|rpc:127.0.0.1:42995|priority:0, 9cad18a2-4b78-4cb8-813e-2348ce620e43|rpc:127.0.0.1:34379|priority:1], old=null
2021-10-05 13:25:10,563 [grpc-default-executor-2] INFO  server.RaftServer$Division (RaftServerImpl.java:requestVote(1043)) - 830d4653-8da7-4c59-a1a4-1cd595539218@group-9360A73A2ABC: receive requestVote(ELECTION, b668fbba-0931-4533-8c87-c6849aaa836f, group-9360A73A2ABC, 2, (t:0, i:0))
2021-10-05 13:25:10,575 [grpc-default-executor-2] INFO  impl.VoteContext (VoteContext.java:log(48)) - 830d4653-8da7-4c59-a1a4-1cd595539218@group-9360A73A2ABC-FOLLOWER: accept ELECTION from b668fbba-0931-4533-8c87-c6849aaa836f: our priority 0 <= candidate's priority 0
2021-10-05 13:25:10,575 [grpc-default-executor-2] INFO  server.RaftServer$Division (RaftServerImpl.java:setRole(285)) - 830d4653-8da7-4c59-a1a4-1cd595539218@group-9360A73A2ABC: changes role from  FOLLOWER to FOLLOWER at term 2 for candidate:b668fbba-0931-4533-8c87-c6849aaa836f
2021-10-05 13:25:10,575 [grpc-default-executor-2] INFO  impl.RoleInfo (RoleInfo.java:shutdownFollowerState(108)) - 830d4653-8da7-4c59-a1a4-1cd595539218: shutdown 830d4653-8da7-4c59-a1a4-1cd595539218@group-9360A73A2ABC-FollowerState
2021-10-05 13:25:10,575 [grpc-default-executor-2] INFO  impl.RoleInfo (RoleInfo.java:updateAndGet(130)) - 830d4653-8da7-4c59-a1a4-1cd595539218: start 830d4653-8da7-4c59-a1a4-1cd595539218@group-9360A73A2ABC-FollowerState
2021-10-05 13:25:10,575 [830d4653-8da7-4c59-a1a4-1cd595539218@group-9360A73A2ABC-FollowerState] INFO  impl.FollowerState (FollowerState.java:run(143)) - 830d4653-8da7-4c59-a1a4-1cd595539218@group-9360A73A2ABC-FollowerState was interrupted: {}
java.lang.InterruptedException: sleep interrupted
	at java.lang.Thread.sleep(Native Method)
	at java.lang.Thread.sleep(Thread.java:340)
	at java.util.concurrent.TimeUnit.sleep(TimeUnit.java:386)
	at org.apache.ratis.util.TimeDuration.sleep(TimeDuration.java:324)
	at org.apache.ratis.util.TimeDuration.sleep(TimeDuration.java:309)
	at org.apache.ratis.server.impl.FollowerState.run(FollowerState.java:118)
2021-10-05 13:25:10,578 [grpc-default-executor-2] INFO  server.RaftServer$Division (RaftServerImpl.java:requestVote(1075)) - 830d4653-8da7-4c59-a1a4-1cd595539218@group-9360A73A2ABC replies to ELECTION vote request: b668fbba-0931-4533-8c87-c6849aaa836f<-830d4653-8da7-4c59-a1a4-1cd595539218#0:OK-t2. Peer's state: 830d4653-8da7-4c59-a1a4-1cd595539218@group-9360A73A2ABC:t2, leader=null, voted=b668fbba-0931-4533-8c87-c6849aaa836f, raftlog=830d4653-8da7-4c59-a1a4-1cd595539218@group-9360A73A2ABC-SegmentedRaftLog:OPENED:c-1,f-1,i0, conf=-1: [b668fbba-0931-4533-8c87-c6849aaa836f|rpc:127.0.0.1:40511|dataStream:|priority:0, 830d4653-8da7-4c59-a1a4-1cd595539218|rpc:127.0.0.1:42995|dataStream:|priority:0, 9cad18a2-4b78-4cb8-813e-2348ce620e43|rpc:127.0.0.1:34379|dataStream:|priority:1], old=null
2021-10-05 13:25:10,581 [grpc-default-executor-2] INFO  server.RaftServer$Division (RaftServerImpl.java:requestVote(1043)) - 9cad18a2-4b78-4cb8-813e-2348ce620e43@group-9360A73A2ABC: receive requestVote(ELECTION, b668fbba-0931-4533-8c87-c6849aaa836f, group-9360A73A2ABC, 2, (t:0, i:0))
2021-10-05 13:25:10,583 [grpc-default-executor-2] INFO  impl.VoteContext (VoteContext.java:log(48)) - 9cad18a2-4b78-4cb8-813e-2348ce620e43@group-9360A73A2ABC-FOLLOWER: reject ELECTION from b668fbba-0931-4533-8c87-c6849aaa836f: our priority 1 > candidate's priority 0
2021-10-05 13:25:10,583 [grpc-default-executor-2] INFO  server.RaftServer$Division (RaftServerImpl.java:setRole(285)) - 9cad18a2-4b78-4cb8-813e-2348ce620e43@group-9360A73A2ABC: changes role from  FOLLOWER to FOLLOWER at term 2 for candidate:b668fbba-0931-4533-8c87-c6849aaa836f
2021-10-05 13:25:10,583 [grpc-default-executor-2] INFO  impl.RoleInfo (RoleInfo.java:shutdownFollowerState(108)) - 9cad18a2-4b78-4cb8-813e-2348ce620e43: shutdown 9cad18a2-4b78-4cb8-813e-2348ce620e43@group-9360A73A2ABC-FollowerState
2021-10-05 13:25:10,583 [grpc-default-executor-2] INFO  impl.RoleInfo (RoleInfo.java:updateAndGet(130)) - 9cad18a2-4b78-4cb8-813e-2348ce620e43: start 9cad18a2-4b78-4cb8-813e-2348ce620e43@group-9360A73A2ABC-FollowerState
2021-10-05 13:25:10,583 [9cad18a2-4b78-4cb8-813e-2348ce620e43@group-9360A73A2ABC-FollowerState] INFO  impl.FollowerState (FollowerState.java:run(143)) - 9cad18a2-4b78-4cb8-813e-2348ce620e43@group-9360A73A2ABC-FollowerState was interrupted: {}
java.lang.InterruptedException: sleep interrupted
	at java.lang.Thread.sleep(Native Method)
	at java.lang.Thread.sleep(Thread.java:340)
	at java.util.concurrent.TimeUnit.sleep(TimeUnit.java:386)
	at org.apache.ratis.util.TimeDuration.sleep(TimeDuration.java:324)
	at org.apache.ratis.util.TimeDuration.sleep(TimeDuration.java:309)
	at org.apache.ratis.server.impl.FollowerState.run(FollowerState.java:118)
2021-10-05 13:25:10,588 [grpc-default-executor-2] INFO  server.RaftServer$Division (RaftServerImpl.java:requestVote(1075)) - 9cad18a2-4b78-4cb8-813e-2348ce620e43@group-9360A73A2ABC replies to ELECTION vote request: b668fbba-0931-4533-8c87-c6849aaa836f<-9cad18a2-4b78-4cb8-813e-2348ce620e43#0:FAIL-t2. Peer's state: 9cad18a2-4b78-4cb8-813e-2348ce620e43@group-9360A73A2ABC:t2, leader=null, voted=null, raftlog=9cad18a2-4b78-4cb8-813e-2348ce620e43@group-9360A73A2ABC-SegmentedRaftLog:OPENED:c-1,f-1,i0, conf=-1: [b668fbba-0931-4533-8c87-c6849aaa836f|rpc:127.0.0.1:40511|dataStream:|priority:0, 830d4653-8da7-4c59-a1a4-1cd595539218|rpc:127.0.0.1:42995|dataStream:|priority:0, 9cad18a2-4b78-4cb8-813e-2348ce620e43|rpc:127.0.0.1:34379|dataStream:|priority:1], old=null
2021-10-05 13:25:10,601 [b668fbba-0931-4533-8c87-c6849aaa836f@group-9360A73A2ABC-LeaderElection23] INFO  impl.LeaderElection (LeaderElection.java:logAndReturn(89)) - b668fbba-0931-4533-8c87-c6849aaa836f@group-9360A73A2ABC-LeaderElection23: ELECTION REJECTED received 2 response(s) and 0 exception(s):
2021-10-05 13:25:10,601 [b668fbba-0931-4533-8c87-c6849aaa836f@group-9360A73A2ABC-LeaderElection23] INFO  impl.LeaderElection (LeaderElection.java:logAndReturn(93)) -   Response 0: b668fbba-0931-4533-8c87-c6849aaa836f<-830d4653-8da7-4c59-a1a4-1cd595539218#0:OK-t2
2021-10-05 13:25:10,601 [b668fbba-0931-4533-8c87-c6849aaa836f@group-9360A73A2ABC-LeaderElection23] INFO  impl.LeaderElection (LeaderElection.java:logAndReturn(93)) -   Response 1: b668fbba-0931-4533-8c87-c6849aaa836f<-9cad18a2-4b78-4cb8-813e-2348ce620e43#0:FAIL-t2
2021-10-05 13:25:10,601 [b668fbba-0931-4533-8c87-c6849aaa836f@group-9360A73A2ABC-LeaderElection23] INFO  impl.LeaderElection (LeaderElection.java:askForVotes(308)) - b668fbba-0931-4533-8c87-c6849aaa836f@group-9360A73A2ABC-LeaderElection23 ELECTION round 0: result REJECTED
2021-10-05 13:25:10,601 [b668fbba-0931-4533-8c87-c6849aaa836f@group-9360A73A2ABC-LeaderElection23] INFO  server.RaftServer$Division (RaftServerImpl.java:setRole(285)) - b668fbba-0931-4533-8c87-c6849aaa836f@group-9360A73A2ABC: changes role from CANDIDATE to FOLLOWER at term 2 for REJECTED
2021-10-05 13:25:10,601 [b668fbba-0931-4533-8c87-c6849aaa836f@group-9360A73A2ABC-LeaderElection23] INFO  impl.RoleInfo (RoleInfo.java:shutdownLeaderElection(121)) - b668fbba-0931-4533-8c87-c6849aaa836f: shutdown b668fbba-0931-4533-8c87-c6849aaa836f@group-9360A73A2ABC-LeaderElection23
2021-10-05 13:25:10,601 [b668fbba-0931-4533-8c87-c6849aaa836f@group-9360A73A2ABC-LeaderElection23] INFO  impl.RoleInfo (RoleInfo.java:updateAndGet(130)) - b668fbba-0931-4533-8c87-c6849aaa836f: start b668fbba-0931-4533-8c87-c6849aaa836f@group-9360A73A2ABC-FollowerState
2021-10-05 13:25:10,747 [EndpointStateMachine task thread for /127.0.0.1:15041 - 0 ] INFO  ipc.Client (Client.java:handleConnectionFailure(977)) - Retrying connect to server: localhost/127.0.0.1:15041. Already tried 2 time(s); retry policy is RetryUpToMaximumCountWithFixedSleep(maxRetries=15, sleepTime=1000 MILLISECONDS)
2021-10-05 13:25:10,758 [Listener at 127.0.0.1/13296] INFO  ozone.MiniOzoneClusterImpl (MiniOzoneClusterImpl.java:lambda$waitForClusterToBeReady$0(235)) - Nodes are ready. Got 3 of 3 DN Heartbeats.
2021-10-05 13:25:10,759 [Listener at 127.0.0.1/13296] INFO  ozone.MiniOzoneClusterImpl (MiniOzoneClusterImpl.java:lambda$waitForClusterToBeReady$0(238)) - Cluster exits safe mode
2021-10-05 13:25:10,759 [Listener at 127.0.0.1/13296] INFO  ozone.MiniOzoneClusterImpl (MiniOzoneClusterImpl.java:lambda$waitForClusterToBeReady$0(240)) - SCM became leader
2021-10-05 13:25:10,759 [Listener at 127.0.0.1/13296] INFO  server.StorageContainerManager (StorageContainerManager.java:start(1303)) - StorageContainerLocationProtocol RPC server is listening at /0.0.0.0:13551
2021-10-05 13:25:10,759 [Listener at 127.0.0.1/13296] INFO  ha.SCMRatisServerImpl (SCMRatisServerImpl.java:start(177)) - starting ratis server 0.0.0.0:13548
2021-10-05 13:25:10,760 [Listener at 127.0.0.1/13296] INFO  server.RaftServer$Division (RaftServerImpl.java:start(299)) - b6de9022-5a0e-4aec-a94e-4e214b276ef3@group-5AA8DAB94A1F: start with initializing state, conf=-1: [], old=null
2021-10-05 13:25:10,760 [Listener at 127.0.0.1/13296] INFO  server.RaftServer$Division (RaftServerImpl.java:setRole(285)) - b6de9022-5a0e-4aec-a94e-4e214b276ef3@group-5AA8DAB94A1F: changes role from      null to FOLLOWER at term 0 for startInitializing
2021-10-05 13:25:10,760 [Listener at 127.0.0.1/13296] INFO  util.JmxRegister (JmxRegister.java:tryRegister(44)) - Successfully registered JMX Bean with object name Ratis:service=RaftServer,group=group-5AA8DAB94A1F,id=b6de9022-5a0e-4aec-a94e-4e214b276ef3
2021-10-05 13:25:10,762 [Listener at 127.0.0.1/13296] INFO  server.RaftServer (RaftServerProxy.java:lambda$start$5(374)) - b6de9022-5a0e-4aec-a94e-4e214b276ef3: start RPC server
2021-10-05 13:25:10,763 [Listener at 127.0.0.1/13296] INFO  server.GrpcService (GrpcService.java:startImpl(253)) - b6de9022-5a0e-4aec-a94e-4e214b276ef3: GrpcService started, listening on 13548
2021-10-05 13:25:10,768 [Listener at 127.0.0.1/13296] INFO  ha.SCMNodeInfo (SCMNodeInfo.java:getPort(197)) - ConfigKey ozone.scm.client.address is deprecated, For configuring different ports for each SCM use PortConfigKey ozone.scm.client.port appended with serviceId and nodeId
2021-10-05 13:25:10,768 [Listener at 127.0.0.1/13296] INFO  ha.SCMNodeInfo (SCMNodeInfo.java:getPort(197)) - ConfigKey ozone.scm.block.client.address is deprecated, For configuring different ports for each SCM use PortConfigKey ozone.scm.block.client.port appended with serviceId and nodeId
2021-10-05 13:25:10,768 [Listener at 127.0.0.1/13296] INFO  ha.SCMNodeInfo (SCMNodeInfo.java:getPort(197)) - ConfigKey ozone.scm.datanode.address is deprecated, For configuring different ports for each SCM use PortConfigKey ozone.scm.datanode.port appended with serviceId and nodeId
2021-10-05 13:25:10,769 [Listener at 127.0.0.1/13296] INFO  ha.SCMNodeInfo (SCMNodeInfo.java:getPort(197)) - ConfigKey ozone.scm.client.address is deprecated, For configuring different ports for each SCM use PortConfigKey ozone.scm.client.port appended with serviceId and nodeId
2021-10-05 13:25:10,769 [Listener at 127.0.0.1/13296] INFO  ha.SCMNodeInfo (SCMNodeInfo.java:getPort(197)) - ConfigKey ozone.scm.block.client.address is deprecated, For configuring different ports for each SCM use PortConfigKey ozone.scm.block.client.port appended with serviceId and nodeId
2021-10-05 13:25:10,769 [Listener at 127.0.0.1/13296] INFO  ha.SCMNodeInfo (SCMNodeInfo.java:getPort(197)) - ConfigKey ozone.scm.datanode.address is deprecated, For configuring different ports for each SCM use PortConfigKey ozone.scm.datanode.port appended with serviceId and nodeId
2021-10-05 13:25:10,769 [Listener at 127.0.0.1/13296] INFO  ha.SCMNodeInfo (SCMNodeInfo.java:getPort(197)) - ConfigKey ozone.scm.client.address is deprecated, For configuring different ports for each SCM use PortConfigKey ozone.scm.client.port appended with serviceId and nodeId
2021-10-05 13:25:10,769 [Listener at 127.0.0.1/13296] INFO  ha.SCMNodeInfo (SCMNodeInfo.java:getPort(197)) - ConfigKey ozone.scm.block.client.address is deprecated, For configuring different ports for each SCM use PortConfigKey ozone.scm.block.client.port appended with serviceId and nodeId
2021-10-05 13:25:10,769 [Listener at 127.0.0.1/13296] INFO  ha.SCMNodeInfo (SCMNodeInfo.java:getPort(197)) - ConfigKey ozone.scm.datanode.address is deprecated, For configuring different ports for each SCM use PortConfigKey ozone.scm.datanode.port appended with serviceId and nodeId
2021-10-05 13:25:10,770 [org.apache.ratis.util.JvmPauseMonitor$$Lambda$499/1586779822@1520485a] INFO  util.JvmPauseMonitor (JvmPauseMonitor.java:run(103)) - JvmPauseMonitor-b6de9022-5a0e-4aec-a94e-4e214b276ef3: Started
2021-10-05 13:25:10,783 [IPC Server handler 2 on default port 13530] INFO  ha.SCMRatisServerImpl (SCMRatisServerImpl.java:addSCM(291)) - 21490b65-0a55-46f3-b94a-dd719a327c14: Submitting SetConfiguration request to Ratis server with new SCM peers list: [21490b65-0a55-46f3-b94a-dd719a327c14|rpc:localhost:13528|admin:|client:|dataStream:|priority:0, 6d234f4d-474a-4c74-a9e9-8f3885fce584|rpc:localhost:13538|priority:0, b6de9022-5a0e-4aec-a94e-4e214b276ef3|rpc:localhost:13548|priority:0]
2021-10-05 13:25:10,783 [IPC Server handler 2 on default port 13530] INFO  server.RaftServer$Division (RaftServerImpl.java:setConfigurationAsync(971)) - 21490b65-0a55-46f3-b94a-dd719a327c14@group-5AA8DAB94A1F: receive setConfiguration SetConfigurationRequest:client-474D5F38DF1B->21490b65-0a55-46f3-b94a-dd719a327c14@group-5AA8DAB94A1F, cid=10, seq=0, RW, null, peers:[21490b65-0a55-46f3-b94a-dd719a327c14|rpc:localhost:13528|admin:|client:|dataStream:|priority:0, 6d234f4d-474a-4c74-a9e9-8f3885fce584|rpc:localhost:13538|priority:0, b6de9022-5a0e-4aec-a94e-4e214b276ef3|rpc:localhost:13548|priority:0]
2021-10-05 13:25:10,783 [IPC Server handler 2 on default port 13530] INFO  server.RaftServer$Division (LeaderStateImpl.java:startSetConfiguration(345)) - 21490b65-0a55-46f3-b94a-dd719a327c14@group-5AA8DAB94A1F-LeaderStateImpl: startSetConfiguration SetConfigurationRequest:client-474D5F38DF1B->21490b65-0a55-46f3-b94a-dd719a327c14@group-5AA8DAB94A1F, cid=10, seq=0, RW, null, peers:[21490b65-0a55-46f3-b94a-dd719a327c14|rpc:localhost:13528|admin:|client:|dataStream:|priority:0, 6d234f4d-474a-4c74-a9e9-8f3885fce584|rpc:localhost:13538|priority:0, b6de9022-5a0e-4aec-a94e-4e214b276ef3|rpc:localhost:13548|priority:0]
2021-10-05 13:25:10,783 [IPC Server handler 2 on default port 13530] INFO  server.RaftServerConfigKeys (ConfUtils.java:logGet(44)) - raft.server.log.appender.snapshot.chunk.size.max = 16MB (=16777216) (default)
2021-10-05 13:25:10,783 [IPC Server handler 2 on default port 13530] INFO  server.RaftServerConfigKeys (ConfUtils.java:logGet(44)) - raft.server.log.appender.buffer.byte-limit = 33554432 (custom)
2021-10-05 13:25:10,783 [IPC Server handler 2 on default port 13530] INFO  server.RaftServerConfigKeys (ConfUtils.java:logGet(44)) - raft.server.log.appender.buffer.element-limit = 1024 (custom)
2021-10-05 13:25:10,784 [IPC Server handler 2 on default port 13530] INFO  grpc.GrpcConfigKeys (ConfUtils.java:logGet(44)) - raft.grpc.server.leader.outstanding.appends.max = 128 (default)
2021-10-05 13:25:10,784 [IPC Server handler 2 on default port 13530] INFO  server.RaftServerConfigKeys (ConfUtils.java:logGet(44)) - raft.server.rpc.request.timeout = 30000ms (custom)
2021-10-05 13:25:10,784 [IPC Server handler 2 on default port 13530] INFO  server.RaftServerConfigKeys (ConfUtils.java:logGet(44)) - raft.server.log.appender.install.snapshot.enabled = false (custom)
2021-10-05 13:25:10,786 [21490b65-0a55-46f3-b94a-dd719a327c14@group-5AA8DAB94A1F->b6de9022-5a0e-4aec-a94e-4e214b276ef3-GrpcLogAppender-LogAppenderDaemon] INFO  server.GrpcLogAppender (GrpcLogAppender.java:installSnapshot(524)) - 21490b65-0a55-46f3-b94a-dd719a327c14@group-5AA8DAB94A1F->b6de9022-5a0e-4aec-a94e-4e214b276ef3-GrpcLogAppender: followerNextIndex = 0 but logStartIndex = 1, notify follower to install snapshot-(t:2, i:1)
2021-10-05 13:25:10,786 [21490b65-0a55-46f3-b94a-dd719a327c14@group-5AA8DAB94A1F->b6de9022-5a0e-4aec-a94e-4e214b276ef3-GrpcLogAppender-LogAppenderDaemon] INFO  server.GrpcLogAppender (GrpcLogAppender.java:installSnapshot(532)) - 21490b65-0a55-46f3-b94a-dd719a327c14@group-5AA8DAB94A1F->b6de9022-5a0e-4aec-a94e-4e214b276ef3-GrpcLogAppender: send 21490b65-0a55-46f3-b94a-dd719a327c14->b6de9022-5a0e-4aec-a94e-4e214b276ef3#0-t2,notify:(t:2, i:1)
2021-10-05 13:25:10,803 [EndpointStateMachine task thread for /127.0.0.1:15021 - 0 ] INFO  ipc.Client (Client.java:handleConnectionFailure(977)) - Retrying connect to server: localhost/127.0.0.1:15021. Already tried 6 time(s); retry policy is RetryUpToMaximumCountWithFixedSleep(maxRetries=15, sleepTime=1000 MILLISECONDS)
2021-10-05 13:25:10,804 [grpc-default-executor-2] INFO  server.RaftServer$Division (RaftServerImpl.java:installSnapshot(1329)) - b6de9022-5a0e-4aec-a94e-4e214b276ef3@group-5AA8DAB94A1F: receive installSnapshot: 21490b65-0a55-46f3-b94a-dd719a327c14->b6de9022-5a0e-4aec-a94e-4e214b276ef3#0-t2,notify:(t:2, i:1)
2021-10-05 13:25:10,808 [EndpointStateMachine task thread for /127.0.0.1:15031 - 0 ] INFO  ipc.Client (Client.java:handleConnectionFailure(977)) - Retrying connect to server: localhost/127.0.0.1:15031. Already tried 6 time(s); retry policy is RetryUpToMaximumCountWithFixedSleep(maxRetries=15, sleepTime=1000 MILLISECONDS)
2021-10-05 13:25:10,810 [grpc-default-executor-2] INFO  ha.SCMStateMachine (SCMStateMachine.java:notifyLeaderChanged(248)) - leader changed, yet current SCM is still follower.
2021-10-05 13:25:10,810 [grpc-default-executor-2] INFO  server.RaftServer$Division (ServerState.java:setLeader(285)) - b6de9022-5a0e-4aec-a94e-4e214b276ef3@group-5AA8DAB94A1F: change Leader from null to 21490b65-0a55-46f3-b94a-dd719a327c14 at term 2 for installSnapshot, leader elected after 19347ms
2021-10-05 13:25:10,810 [grpc-default-executor-2] INFO  server.RaftServer$Division (RaftServerImpl.java:notifyStateMachineToInstallSnapshot(1581)) - b6de9022-5a0e-4aec-a94e-4e214b276ef3@group-5AA8DAB94A1F: notifyInstallSnapshot: nextIndex is 0 but the leader's first available index is 1.
2021-10-05 13:25:10,810 [grpc-default-executor-2] INFO  ha.SCMStateMachine (SCMStateMachine.java:notifyInstallSnapshotFromLeader(212)) - Received install snapshot notification from SCM leader: localhost:13528 with term index: (t:2, i:1)
2021-10-05 13:25:10,811 [grpc-default-executor-2] INFO  server.RaftServer$Division (RaftServerImpl.java:installSnapshotImpl(1459)) - b6de9022-5a0e-4aec-a94e-4e214b276ef3@group-5AA8DAB94A1F: set new configuration index: 5
configurationEntry {
  peers {
    id: "21490b65-0a55-46f3-b94a-dd719a327c14"
    address: "localhost:13528"
  }
  peers {
    id: "6d234f4d-474a-4c74-a9e9-8f3885fce584"
    address: "localhost:13538"
  }
}
 from snapshot
2021-10-05 13:25:10,811 [grpc-default-executor-2] INFO  server.RaftServer$Division (ServerState.java:setRaftConf(387)) - b6de9022-5a0e-4aec-a94e-4e214b276ef3@group-5AA8DAB94A1F: set configuration 5: [21490b65-0a55-46f3-b94a-dd719a327c14|rpc:localhost:13528|admin:|client:|dataStream:|priority:0, 6d234f4d-474a-4c74-a9e9-8f3885fce584|rpc:localhost:13538|admin:|client:|dataStream:|priority:0], old=null
2021-10-05 13:25:10,812 [grpc-default-executor-2] INFO  server.RaftServer$Division (RaftServerImpl.java:installSnapshot(1340)) - b6de9022-5a0e-4aec-a94e-4e214b276ef3@group-5AA8DAB94A1F: reply installSnapshot: 21490b65-0a55-46f3-b94a-dd719a327c14<-b6de9022-5a0e-4aec-a94e-4e214b276ef3#0:FAIL-t0,IN_PROGRESS
2021-10-05 13:25:10,812 [grpc-default-executor-2] INFO  server.GrpcServerProtocolService (GrpcServerProtocolService.java:onCompleted(140)) - b6de9022-5a0e-4aec-a94e-4e214b276ef3: Completed INSTALL_SNAPSHOT, lastRequest: 21490b65-0a55-46f3-b94a-dd719a327c14->b6de9022-5a0e-4aec-a94e-4e214b276ef3#0-t2,notify:(t:2, i:1)
2021-10-05 13:25:10,813 [grpc-default-executor-2] INFO  server.GrpcLogAppender (GrpcLogAppender.java:onNext(400)) - 21490b65-0a55-46f3-b94a-dd719a327c14@group-5AA8DAB94A1F->b6de9022-5a0e-4aec-a94e-4e214b276ef3-InstallSnapshotResponseHandler: received the first reply 21490b65-0a55-46f3-b94a-dd719a327c14<-b6de9022-5a0e-4aec-a94e-4e214b276ef3#0:FAIL-t0,IN_PROGRESS
2021-10-05 13:25:10,813 [grpc-default-executor-2] INFO  server.GrpcLogAppender (GrpcLogAppender.java:onNext(417)) - 21490b65-0a55-46f3-b94a-dd719a327c14@group-5AA8DAB94A1F->b6de9022-5a0e-4aec-a94e-4e214b276ef3-InstallSnapshotResponseHandler: InstallSnapshot in progress.
2021-10-05 13:25:10,815 [pool-228-thread-1] INFO  ha.SCMHAManagerImpl (SCMHAManagerImpl.java:getDBCheckpointFromLeader(206)) - Downloading checkpoint from leader SCM scmNode-1 and reloading state from the checkpoint.
2021-10-05 13:25:10,817 [grpc-default-executor-2] INFO  impl.RoleInfo (RoleInfo.java:updateAndGet(130)) - b6de9022-5a0e-4aec-a94e-4e214b276ef3: start b6de9022-5a0e-4aec-a94e-4e214b276ef3@group-5AA8DAB94A1F-FollowerState
2021-10-05 13:25:10,816 [21490b65-0a55-46f3-b94a-dd719a327c14@group-5AA8DAB94A1F->b6de9022-5a0e-4aec-a94e-4e214b276ef3-GrpcLogAppender-LogAppenderDaemon] INFO  server.GrpcLogAppender (GrpcLogAppender.java:installSnapshot(524)) - 21490b65-0a55-46f3-b94a-dd719a327c14@group-5AA8DAB94A1F->b6de9022-5a0e-4aec-a94e-4e214b276ef3-GrpcLogAppender: followerNextIndex = 0 but logStartIndex = 1, notify follower to install snapshot-(t:2, i:1)
2021-10-05 13:25:10,820 [21490b65-0a55-46f3-b94a-dd719a327c14@group-5AA8DAB94A1F->b6de9022-5a0e-4aec-a94e-4e214b276ef3-GrpcLogAppender-LogAppenderDaemon] INFO  server.GrpcLogAppender (GrpcLogAppender.java:installSnapshot(532)) - 21490b65-0a55-46f3-b94a-dd719a327c14@group-5AA8DAB94A1F->b6de9022-5a0e-4aec-a94e-4e214b276ef3-GrpcLogAppender: send 21490b65-0a55-46f3-b94a-dd719a327c14->b6de9022-5a0e-4aec-a94e-4e214b276ef3#0-t2,notify:(t:2, i:1)
2021-10-05 13:25:10,821 [grpc-default-executor-3] INFO  server.RaftServer$Division (RaftServerImpl.java:installSnapshot(1329)) - b6de9022-5a0e-4aec-a94e-4e214b276ef3@group-5AA8DAB94A1F: receive installSnapshot: 21490b65-0a55-46f3-b94a-dd719a327c14->b6de9022-5a0e-4aec-a94e-4e214b276ef3#0-t2,notify:(t:2, i:1)
2021-10-05 13:25:10,823 [grpc-default-executor-2] INFO  server.RaftServer$Division (RaftServerImpl.java:checkInconsistentAppendEntries(1293)) - b6de9022-5a0e-4aec-a94e-4e214b276ef3@group-5AA8DAB94A1F: Failed appendEntries as snapshot ((t:2, i:1)) installation is in progress
2021-10-05 13:25:10,823 [grpc-default-executor-2] INFO  server.RaftServer$Division (RaftServerImpl.java:checkInconsistentAppendEntries(1285)) - b6de9022-5a0e-4aec-a94e-4e214b276ef3@group-5AA8DAB94A1F: inconsistency entries. Reply:21490b65-0a55-46f3-b94a-dd719a327c14<-b6de9022-5a0e-4aec-a94e-4e214b276ef3#0:FAIL-t2,INCONSISTENCY,nextIndex=0,followerCommit=-1
2021-10-05 13:25:10,827 [grpc-default-executor-2] INFO  leader.FollowerInfo (FollowerInfoImpl.java:lambda$new$0(46)) - 21490b65-0a55-46f3-b94a-dd719a327c14@group-5AA8DAB94A1F->b6de9022-5a0e-4aec-a94e-4e214b276ef3: nextIndex: updateUnconditionally 0 -> 0
2021-10-05 13:25:10,835 [grpc-default-executor-3] INFO  server.RaftServer$Division (RaftServerImpl.java:notifyStateMachineToInstallSnapshot(1611)) - b6de9022-5a0e-4aec-a94e-4e214b276ef3@group-5AA8DAB94A1F: Snapshot Installation by StateMachine is in progress.
2021-10-05 13:25:10,835 [grpc-default-executor-3] INFO  server.RaftServer$Division (RaftServerImpl.java:installSnapshotImpl(1459)) - b6de9022-5a0e-4aec-a94e-4e214b276ef3@group-5AA8DAB94A1F: set new configuration index: 5
configurationEntry {
  peers {
    id: "21490b65-0a55-46f3-b94a-dd719a327c14"
    address: "localhost:13528"
  }
  peers {
    id: "6d234f4d-474a-4c74-a9e9-8f3885fce584"
    address: "localhost:13538"
  }
}
 from snapshot
2021-10-05 13:25:10,838 [grpc-default-executor-3] INFO  server.RaftServer$Division (ServerState.java:setRaftConf(387)) - b6de9022-5a0e-4aec-a94e-4e214b276ef3@group-5AA8DAB94A1F: set configuration 5: [21490b65-0a55-46f3-b94a-dd719a327c14|rpc:localhost:13528|admin:|client:|dataStream:|priority:0, 6d234f4d-474a-4c74-a9e9-8f3885fce584|rpc:localhost:13538|admin:|client:|dataStream:|priority:0], old=null
2021-10-05 13:25:10,838 [grpc-default-executor-3] INFO  server.RaftServer$Division (RaftServerImpl.java:installSnapshot(1340)) - b6de9022-5a0e-4aec-a94e-4e214b276ef3@group-5AA8DAB94A1F: reply installSnapshot: 21490b65-0a55-46f3-b94a-dd719a327c14<-b6de9022-5a0e-4aec-a94e-4e214b276ef3#0:FAIL-t2,IN_PROGRESS
2021-10-05 13:25:10,838 [grpc-default-executor-3] INFO  server.GrpcServerProtocolService (GrpcServerProtocolService.java:onCompleted(140)) - b6de9022-5a0e-4aec-a94e-4e214b276ef3: Completed INSTALL_SNAPSHOT, lastRequest: 21490b65-0a55-46f3-b94a-dd719a327c14->b6de9022-5a0e-4aec-a94e-4e214b276ef3#0-t2,notify:(t:2, i:1)
2021-10-05 13:25:10,847 [grpc-default-executor-3] INFO  server.GrpcLogAppender (GrpcLogAppender.java:onNext(400)) - 21490b65-0a55-46f3-b94a-dd719a327c14@group-5AA8DAB94A1F->b6de9022-5a0e-4aec-a94e-4e214b276ef3-InstallSnapshotResponseHandler: received a reply 21490b65-0a55-46f3-b94a-dd719a327c14<-b6de9022-5a0e-4aec-a94e-4e214b276ef3#0:FAIL-t2,IN_PROGRESS
2021-10-05 13:25:10,847 [grpc-default-executor-3] INFO  server.GrpcLogAppender (GrpcLogAppender.java:onNext(417)) - 21490b65-0a55-46f3-b94a-dd719a327c14@group-5AA8DAB94A1F->b6de9022-5a0e-4aec-a94e-4e214b276ef3-InstallSnapshotResponseHandler: InstallSnapshot in progress.
2021-10-05 13:25:10,851 [21490b65-0a55-46f3-b94a-dd719a327c14@group-5AA8DAB94A1F->b6de9022-5a0e-4aec-a94e-4e214b276ef3-GrpcLogAppender-LogAppenderDaemon] INFO  server.GrpcLogAppender (GrpcLogAppender.java:installSnapshot(524)) - 21490b65-0a55-46f3-b94a-dd719a327c14@group-5AA8DAB94A1F->b6de9022-5a0e-4aec-a94e-4e214b276ef3-GrpcLogAppender: followerNextIndex = 0 but logStartIndex = 1, notify follower to install snapshot-(t:2, i:1)
2021-10-05 13:25:10,851 [21490b65-0a55-46f3-b94a-dd719a327c14@group-5AA8DAB94A1F->b6de9022-5a0e-4aec-a94e-4e214b276ef3-GrpcLogAppender-LogAppenderDaemon] INFO  server.GrpcLogAppender (GrpcLogAppender.java:installSnapshot(532)) - 21490b65-0a55-46f3-b94a-dd719a327c14@group-5AA8DAB94A1F->b6de9022-5a0e-4aec-a94e-4e214b276ef3-GrpcLogAppender: send 21490b65-0a55-46f3-b94a-dd719a327c14->b6de9022-5a0e-4aec-a94e-4e214b276ef3#0-t2,notify:(t:2, i:1)
2021-10-05 13:25:10,854 [grpc-default-executor-0] INFO  server.RaftServer$Division (RaftServerImpl.java:installSnapshot(1329)) - b6de9022-5a0e-4aec-a94e-4e214b276ef3@group-5AA8DAB94A1F: receive installSnapshot: 21490b65-0a55-46f3-b94a-dd719a327c14->b6de9022-5a0e-4aec-a94e-4e214b276ef3#0-t2,notify:(t:2, i:1)
2021-10-05 13:25:10,854 [grpc-default-executor-0] INFO  server.RaftServer$Division (RaftServerImpl.java:notifyStateMachineToInstallSnapshot(1611)) - b6de9022-5a0e-4aec-a94e-4e214b276ef3@group-5AA8DAB94A1F: Snapshot Installation by StateMachine is in progress.
2021-10-05 13:25:10,854 [grpc-default-executor-0] INFO  server.RaftServer$Division (RaftServerImpl.java:installSnapshotImpl(1459)) - b6de9022-5a0e-4aec-a94e-4e214b276ef3@group-5AA8DAB94A1F: set new configuration index: 5
configurationEntry {
  peers {
    id: "21490b65-0a55-46f3-b94a-dd719a327c14"
    address: "localhost:13528"
  }
  peers {
    id: "6d234f4d-474a-4c74-a9e9-8f3885fce584"
    address: "localhost:13538"
  }
}
 from snapshot
2021-10-05 13:25:10,855 [grpc-default-executor-0] INFO  server.RaftServer$Division (ServerState.java:setRaftConf(387)) - b6de9022-5a0e-4aec-a94e-4e214b276ef3@group-5AA8DAB94A1F: set configuration 5: [21490b65-0a55-46f3-b94a-dd719a327c14|rpc:localhost:13528|admin:|client:|dataStream:|priority:0, 6d234f4d-474a-4c74-a9e9-8f3885fce584|rpc:localhost:13538|admin:|client:|dataStream:|priority:0], old=null
2021-10-05 13:25:10,855 [grpc-default-executor-1] INFO  server.RaftServer$Division (RaftServerImpl.java:checkInconsistentAppendEntries(1293)) - b6de9022-5a0e-4aec-a94e-4e214b276ef3@group-5AA8DAB94A1F: Failed appendEntries as snapshot ((t:2, i:1)) installation is in progress
2021-10-05 13:25:10,855 [grpc-default-executor-0] INFO  server.RaftServer$Division (RaftServerImpl.java:installSnapshot(1340)) - b6de9022-5a0e-4aec-a94e-4e214b276ef3@group-5AA8DAB94A1F: reply installSnapshot: 21490b65-0a55-46f3-b94a-dd719a327c14<-b6de9022-5a0e-4aec-a94e-4e214b276ef3#0:FAIL-t2,IN_PROGRESS
2021-10-05 13:25:10,855 [grpc-default-executor-1] INFO  server.RaftServer$Division (RaftServerImpl.java:checkInconsistentAppendEntries(1285)) - b6de9022-5a0e-4aec-a94e-4e214b276ef3@group-5AA8DAB94A1F: inconsistency entries. Reply:21490b65-0a55-46f3-b94a-dd719a327c14<-b6de9022-5a0e-4aec-a94e-4e214b276ef3#1:FAIL-t2,INCONSISTENCY,nextIndex=0,followerCommit=-1
2021-10-05 13:25:10,855 [grpc-default-executor-0] INFO  server.GrpcServerProtocolService (GrpcServerProtocolService.java:onCompleted(140)) - b6de9022-5a0e-4aec-a94e-4e214b276ef3: Completed INSTALL_SNAPSHOT, lastRequest: 21490b65-0a55-46f3-b94a-dd719a327c14->b6de9022-5a0e-4aec-a94e-4e214b276ef3#0-t2,notify:(t:2, i:1)
2021-10-05 13:25:10,857 [grpc-default-executor-2] INFO  server.GrpcLogAppender (GrpcLogAppender.java:onNext(400)) - 21490b65-0a55-46f3-b94a-dd719a327c14@group-5AA8DAB94A1F->b6de9022-5a0e-4aec-a94e-4e214b276ef3-InstallSnapshotResponseHandler: received a reply 21490b65-0a55-46f3-b94a-dd719a327c14<-b6de9022-5a0e-4aec-a94e-4e214b276ef3#0:FAIL-t2,IN_PROGRESS
2021-10-05 13:25:10,857 [grpc-default-executor-2] INFO  server.GrpcLogAppender (GrpcLogAppender.java:onNext(417)) - 21490b65-0a55-46f3-b94a-dd719a327c14@group-5AA8DAB94A1F->b6de9022-5a0e-4aec-a94e-4e214b276ef3-InstallSnapshotResponseHandler: InstallSnapshot in progress.
2021-10-05 13:25:10,858 [grpc-default-executor-0] INFO  ha.SCMDBCheckpointProvider (SCMDBCheckpointProvider.java:writeDBCheckPointToSream(48)) - Received request to obtain SCM DB checkpoint snapshot
2021-10-05 13:25:10,864 [21490b65-0a55-46f3-b94a-dd719a327c14@group-5AA8DAB94A1F->b6de9022-5a0e-4aec-a94e-4e214b276ef3-GrpcLogAppender-LogAppenderDaemon] INFO  server.GrpcLogAppender (GrpcLogAppender.java:installSnapshot(524)) - 21490b65-0a55-46f3-b94a-dd719a327c14@group-5AA8DAB94A1F->b6de9022-5a0e-4aec-a94e-4e214b276ef3-GrpcLogAppender: followerNextIndex = 0 but logStartIndex = 1, notify follower to install snapshot-(t:2, i:1)
2021-10-05 13:25:10,864 [21490b65-0a55-46f3-b94a-dd719a327c14@group-5AA8DAB94A1F->b6de9022-5a0e-4aec-a94e-4e214b276ef3-GrpcLogAppender-LogAppenderDaemon] INFO  server.GrpcLogAppender (GrpcLogAppender.java:installSnapshot(532)) - 21490b65-0a55-46f3-b94a-dd719a327c14@group-5AA8DAB94A1F->b6de9022-5a0e-4aec-a94e-4e214b276ef3-GrpcLogAppender: send 21490b65-0a55-46f3-b94a-dd719a327c14->b6de9022-5a0e-4aec-a94e-4e214b276ef3#0-t2,notify:(t:2, i:1)
2021-10-05 13:25:10,868 [grpc-default-executor-1] INFO  leader.FollowerInfo (FollowerInfoImpl.java:lambda$new$0(46)) - 21490b65-0a55-46f3-b94a-dd719a327c14@group-5AA8DAB94A1F->b6de9022-5a0e-4aec-a94e-4e214b276ef3: nextIndex: updateUnconditionally 0 -> 0
2021-10-05 13:25:10,876 [grpc-default-executor-1] INFO  server.RaftServer$Division (RaftServerImpl.java:installSnapshot(1329)) - b6de9022-5a0e-4aec-a94e-4e214b276ef3@group-5AA8DAB94A1F: receive installSnapshot: 21490b65-0a55-46f3-b94a-dd719a327c14->b6de9022-5a0e-4aec-a94e-4e214b276ef3#0-t2,notify:(t:2, i:1)
2021-10-05 13:25:10,876 [grpc-default-executor-1] INFO  server.RaftServer$Division (RaftServerImpl.java:notifyStateMachineToInstallSnapshot(1611)) - b6de9022-5a0e-4aec-a94e-4e214b276ef3@group-5AA8DAB94A1F: Snapshot Installation by StateMachine is in progress.
2021-10-05 13:25:10,876 [grpc-default-executor-1] INFO  server.RaftServer$Division (RaftServerImpl.java:installSnapshotImpl(1459)) - b6de9022-5a0e-4aec-a94e-4e214b276ef3@group-5AA8DAB94A1F: set new configuration index: 5
configurationEntry {
  peers {
    id: "21490b65-0a55-46f3-b94a-dd719a327c14"
    address: "localhost:13528"
  }
  peers {
    id: "6d234f4d-474a-4c74-a9e9-8f3885fce584"
    address: "localhost:13538"
  }
}
 from snapshot
2021-10-05 13:25:10,876 [grpc-default-executor-1] INFO  server.RaftServer$Division (ServerState.java:setRaftConf(387)) - b6de9022-5a0e-4aec-a94e-4e214b276ef3@group-5AA8DAB94A1F: set configuration 5: [21490b65-0a55-46f3-b94a-dd719a327c14|rpc:localhost:13528|admin:|client:|dataStream:|priority:0, 6d234f4d-474a-4c74-a9e9-8f3885fce584|rpc:localhost:13538|admin:|client:|dataStream:|priority:0], old=null
2021-10-05 13:25:10,877 [grpc-default-executor-1] INFO  server.RaftServer$Division (RaftServerImpl.java:installSnapshot(1340)) - b6de9022-5a0e-4aec-a94e-4e214b276ef3@group-5AA8DAB94A1F: reply installSnapshot: 21490b65-0a55-46f3-b94a-dd719a327c14<-b6de9022-5a0e-4aec-a94e-4e214b276ef3#0:FAIL-t2,IN_PROGRESS
2021-10-05 13:25:10,877 [grpc-default-executor-1] INFO  server.GrpcServerProtocolService (GrpcServerProtocolService.java:onCompleted(140)) - b6de9022-5a0e-4aec-a94e-4e214b276ef3: Completed INSTALL_SNAPSHOT, lastRequest: 21490b65-0a55-46f3-b94a-dd719a327c14->b6de9022-5a0e-4aec-a94e-4e214b276ef3#0-t2,notify:(t:2, i:1)
2021-10-05 13:25:10,879 [grpc-default-executor-2] INFO  server.GrpcLogAppender (GrpcLogAppender.java:onNext(400)) - 21490b65-0a55-46f3-b94a-dd719a327c14@group-5AA8DAB94A1F->b6de9022-5a0e-4aec-a94e-4e214b276ef3-InstallSnapshotResponseHandler: received a reply 21490b65-0a55-46f3-b94a-dd719a327c14<-b6de9022-5a0e-4aec-a94e-4e214b276ef3#0:FAIL-t2,IN_PROGRESS
2021-10-05 13:25:10,879 [grpc-default-executor-2] INFO  server.GrpcLogAppender (GrpcLogAppender.java:onNext(417)) - 21490b65-0a55-46f3-b94a-dd719a327c14@group-5AA8DAB94A1F->b6de9022-5a0e-4aec-a94e-4e214b276ef3-InstallSnapshotResponseHandler: InstallSnapshot in progress.
2021-10-05 13:25:10,880 [21490b65-0a55-46f3-b94a-dd719a327c14@group-5AA8DAB94A1F->b6de9022-5a0e-4aec-a94e-4e214b276ef3-GrpcLogAppender-LogAppenderDaemon] INFO  server.GrpcLogAppender (GrpcLogAppender.java:installSnapshot(524)) - 21490b65-0a55-46f3-b94a-dd719a327c14@group-5AA8DAB94A1F->b6de9022-5a0e-4aec-a94e-4e214b276ef3-GrpcLogAppender: followerNextIndex = 0 but logStartIndex = 1, notify follower to install snapshot-(t:2, i:1)
2021-10-05 13:25:10,880 [21490b65-0a55-46f3-b94a-dd719a327c14@group-5AA8DAB94A1F->b6de9022-5a0e-4aec-a94e-4e214b276ef3-GrpcLogAppender-LogAppenderDaemon] INFO  server.GrpcLogAppender (GrpcLogAppender.java:installSnapshot(532)) - 21490b65-0a55-46f3-b94a-dd719a327c14@group-5AA8DAB94A1F->b6de9022-5a0e-4aec-a94e-4e214b276ef3-GrpcLogAppender: send 21490b65-0a55-46f3-b94a-dd719a327c14->b6de9022-5a0e-4aec-a94e-4e214b276ef3#0-t2,notify:(t:2, i:1)
2021-10-05 13:25:10,882 [grpc-default-executor-1] INFO  server.RaftServer$Division (RaftServerImpl.java:installSnapshot(1329)) - b6de9022-5a0e-4aec-a94e-4e214b276ef3@group-5AA8DAB94A1F: receive installSnapshot: 21490b65-0a55-46f3-b94a-dd719a327c14->b6de9022-5a0e-4aec-a94e-4e214b276ef3#0-t2,notify:(t:2, i:1)
2021-10-05 13:25:10,882 [grpc-default-executor-1] INFO  server.RaftServer$Division (RaftServerImpl.java:notifyStateMachineToInstallSnapshot(1611)) - b6de9022-5a0e-4aec-a94e-4e214b276ef3@group-5AA8DAB94A1F: Snapshot Installation by StateMachine is in progress.
2021-10-05 13:25:10,883 [grpc-default-executor-1] INFO  server.RaftServer$Division (RaftServerImpl.java:installSnapshotImpl(1459)) - b6de9022-5a0e-4aec-a94e-4e214b276ef3@group-5AA8DAB94A1F: set new configuration index: 5
configurationEntry {
  peers {
    id: "21490b65-0a55-46f3-b94a-dd719a327c14"
    address: "localhost:13528"
  }
  peers {
    id: "6d234f4d-474a-4c74-a9e9-8f3885fce584"
    address: "localhost:13538"
  }
}
 from snapshot
2021-10-05 13:25:10,883 [grpc-default-executor-1] INFO  server.RaftServer$Division (ServerState.java:setRaftConf(387)) - b6de9022-5a0e-4aec-a94e-4e214b276ef3@group-5AA8DAB94A1F: set configuration 5: [21490b65-0a55-46f3-b94a-dd719a327c14|rpc:localhost:13528|admin:|client:|dataStream:|priority:0, 6d234f4d-474a-4c74-a9e9-8f3885fce584|rpc:localhost:13538|admin:|client:|dataStream:|priority:0], old=null
2021-10-05 13:25:10,883 [grpc-default-executor-1] INFO  server.RaftServer$Division (RaftServerImpl.java:installSnapshot(1340)) - b6de9022-5a0e-4aec-a94e-4e214b276ef3@group-5AA8DAB94A1F: reply installSnapshot: 21490b65-0a55-46f3-b94a-dd719a327c14<-b6de9022-5a0e-4aec-a94e-4e214b276ef3#0:FAIL-t2,IN_PROGRESS
2021-10-05 13:25:10,883 [grpc-default-executor-1] INFO  server.GrpcServerProtocolService (GrpcServerProtocolService.java:onCompleted(140)) - b6de9022-5a0e-4aec-a94e-4e214b276ef3: Completed INSTALL_SNAPSHOT, lastRequest: 21490b65-0a55-46f3-b94a-dd719a327c14->b6de9022-5a0e-4aec-a94e-4e214b276ef3#0-t2,notify:(t:2, i:1)
2021-10-05 13:25:10,884 [grpc-default-executor-2] INFO  server.GrpcLogAppender (GrpcLogAppender.java:onNext(400)) - 21490b65-0a55-46f3-b94a-dd719a327c14@group-5AA8DAB94A1F->b6de9022-5a0e-4aec-a94e-4e214b276ef3-InstallSnapshotResponseHandler: received a reply 21490b65-0a55-46f3-b94a-dd719a327c14<-b6de9022-5a0e-4aec-a94e-4e214b276ef3#0:FAIL-t2,IN_PROGRESS
2021-10-05 13:25:10,884 [grpc-default-executor-2] INFO  server.GrpcLogAppender (GrpcLogAppender.java:onNext(417)) - 21490b65-0a55-46f3-b94a-dd719a327c14@group-5AA8DAB94A1F->b6de9022-5a0e-4aec-a94e-4e214b276ef3-InstallSnapshotResponseHandler: InstallSnapshot in progress.
2021-10-05 13:25:10,891 [grpc-default-executor-5] INFO  server.RaftServer$Division (RaftServerImpl.java:checkInconsistentAppendEntries(1293)) - b6de9022-5a0e-4aec-a94e-4e214b276ef3@group-5AA8DAB94A1F: Failed appendEntries as snapshot ((t:2, i:1)) installation is in progress
2021-10-05 13:25:10,891 [grpc-default-executor-5] INFO  server.RaftServer$Division (RaftServerImpl.java:checkInconsistentAppendEntries(1285)) - b6de9022-5a0e-4aec-a94e-4e214b276ef3@group-5AA8DAB94A1F: inconsistency entries. Reply:21490b65-0a55-46f3-b94a-dd719a327c14<-b6de9022-5a0e-4aec-a94e-4e214b276ef3#2:FAIL-t2,INCONSISTENCY,nextIndex=0,followerCommit=-1
2021-10-05 13:25:10,892 [grpc-default-executor-2] INFO  leader.FollowerInfo (FollowerInfoImpl.java:lambda$new$0(46)) - 21490b65-0a55-46f3-b94a-dd719a327c14@group-5AA8DAB94A1F->b6de9022-5a0e-4aec-a94e-4e214b276ef3: nextIndex: updateUnconditionally 0 -> 0
2021-10-05 13:25:10,892 [grpc-default-executor-5] INFO  server.RaftServer$Division (RaftServerImpl.java:checkInconsistentAppendEntries(1293)) - b6de9022-5a0e-4aec-a94e-4e214b276ef3@group-5AA8DAB94A1F: Failed appendEntries as snapshot ((t:2, i:1)) installation is in progress
2021-10-05 13:25:10,892 [grpc-default-executor-5] INFO  server.RaftServer$Division (RaftServerImpl.java:checkInconsistentAppendEntries(1285)) - b6de9022-5a0e-4aec-a94e-4e214b276ef3@group-5AA8DAB94A1F: inconsistency entries. Reply:21490b65-0a55-46f3-b94a-dd719a327c14<-b6de9022-5a0e-4aec-a94e-4e214b276ef3#3:FAIL-t2,INCONSISTENCY,nextIndex=0,followerCommit=-1
2021-10-05 13:25:10,893 [grpc-default-executor-5] INFO  leader.FollowerInfo (FollowerInfoImpl.java:lambda$new$0(46)) - 21490b65-0a55-46f3-b94a-dd719a327c14@group-5AA8DAB94A1F->b6de9022-5a0e-4aec-a94e-4e214b276ef3: nextIndex: updateUnconditionally 0 -> 0
2021-10-05 13:25:10,895 [21490b65-0a55-46f3-b94a-dd719a327c14@group-5AA8DAB94A1F->b6de9022-5a0e-4aec-a94e-4e214b276ef3-GrpcLogAppender-LogAppenderDaemon] INFO  server.GrpcLogAppender (GrpcLogAppender.java:installSnapshot(524)) - 21490b65-0a55-46f3-b94a-dd719a327c14@group-5AA8DAB94A1F->b6de9022-5a0e-4aec-a94e-4e214b276ef3-GrpcLogAppender: followerNextIndex = 0 but logStartIndex = 1, notify follower to install snapshot-(t:2, i:1)
2021-10-05 13:25:10,895 [21490b65-0a55-46f3-b94a-dd719a327c14@group-5AA8DAB94A1F->b6de9022-5a0e-4aec-a94e-4e214b276ef3-GrpcLogAppender-LogAppenderDaemon] INFO  server.GrpcLogAppender (GrpcLogAppender.java:installSnapshot(532)) - 21490b65-0a55-46f3-b94a-dd719a327c14@group-5AA8DAB94A1F->b6de9022-5a0e-4aec-a94e-4e214b276ef3-GrpcLogAppender: send 21490b65-0a55-46f3-b94a-dd719a327c14->b6de9022-5a0e-4aec-a94e-4e214b276ef3#0-t2,notify:(t:2, i:1)
2021-10-05 13:25:10,893 [grpc-default-executor-0] INFO  db.RDBCheckpointManager (RDBCheckpointManager.java:createCheckpoint(86)) - Created checkpoint at /home/runner/work/ozone/ozone/hadoop-ozone/integration-test/target/test-dir/MiniOzoneClusterImpl-36b87918-66c6-4e2c-9c49-5aa8dab94a1f/scmNode-1/db.checkpoints/scm.db_checkpoint_1633440310863 in 30 milliseconds
2021-10-05 13:25:10,896 [grpc-default-executor-5] INFO  server.RaftServer$Division (RaftServerImpl.java:checkInconsistentAppendEntries(1293)) - b6de9022-5a0e-4aec-a94e-4e214b276ef3@group-5AA8DAB94A1F: Failed appendEntries as snapshot ((t:2, i:1)) installation is in progress
2021-10-05 13:25:10,896 [grpc-default-executor-5] INFO  server.RaftServer$Division (RaftServerImpl.java:checkInconsistentAppendEntries(1285)) - b6de9022-5a0e-4aec-a94e-4e214b276ef3@group-5AA8DAB94A1F: inconsistency entries. Reply:21490b65-0a55-46f3-b94a-dd719a327c14<-b6de9022-5a0e-4aec-a94e-4e214b276ef3#4:FAIL-t2,INCONSISTENCY,nextIndex=0,followerCommit=-1
2021-10-05 13:25:10,896 [grpc-default-executor-2] INFO  server.RaftServer$Division (RaftServerImpl.java:installSnapshot(1329)) - b6de9022-5a0e-4aec-a94e-4e214b276ef3@group-5AA8DAB94A1F: receive installSnapshot: 21490b65-0a55-46f3-b94a-dd719a327c14->b6de9022-5a0e-4aec-a94e-4e214b276ef3#0-t2,notify:(t:2, i:1)
2021-10-05 13:25:10,896 [grpc-default-executor-2] INFO  server.RaftServer$Division (RaftServerImpl.java:notifyStateMachineToInstallSnapshot(1611)) - b6de9022-5a0e-4aec-a94e-4e214b276ef3@group-5AA8DAB94A1F: Snapshot Installation by StateMachine is in progress.
2021-10-05 13:25:10,896 [grpc-default-executor-2] INFO  server.RaftServer$Division (RaftServerImpl.java:installSnapshotImpl(1459)) - b6de9022-5a0e-4aec-a94e-4e214b276ef3@group-5AA8DAB94A1F: set new configuration index: 5
configurationEntry {
  peers {
    id: "21490b65-0a55-46f3-b94a-dd719a327c14"
    address: "localhost:13528"
  }
  peers {
    id: "6d234f4d-474a-4c74-a9e9-8f3885fce584"
    address: "localhost:13538"
  }
}
 from snapshot
2021-10-05 13:25:10,896 [grpc-default-executor-2] INFO  server.RaftServer$Division (ServerState.java:setRaftConf(387)) - b6de9022-5a0e-4aec-a94e-4e214b276ef3@group-5AA8DAB94A1F: set configuration 5: [21490b65-0a55-46f3-b94a-dd719a327c14|rpc:localhost:13528|admin:|client:|dataStream:|priority:0, 6d234f4d-474a-4c74-a9e9-8f3885fce584|rpc:localhost:13538|admin:|client:|dataStream:|priority:0], old=null
2021-10-05 13:25:10,896 [grpc-default-executor-2] INFO  server.RaftServer$Division (RaftServerImpl.java:installSnapshot(1340)) - b6de9022-5a0e-4aec-a94e-4e214b276ef3@group-5AA8DAB94A1F: reply installSnapshot: 21490b65-0a55-46f3-b94a-dd719a327c14<-b6de9022-5a0e-4aec-a94e-4e214b276ef3#0:FAIL-t2,IN_PROGRESS
2021-10-05 13:25:10,897 [grpc-default-executor-2] INFO  server.GrpcServerProtocolService (GrpcServerProtocolService.java:onCompleted(140)) - b6de9022-5a0e-4aec-a94e-4e214b276ef3: Completed INSTALL_SNAPSHOT, lastRequest: 21490b65-0a55-46f3-b94a-dd719a327c14->b6de9022-5a0e-4aec-a94e-4e214b276ef3#0-t2,notify:(t:2, i:1)
2021-10-05 13:25:10,898 [grpc-default-executor-2] INFO  server.GrpcLogAppender (GrpcLogAppender.java:onNext(400)) - 21490b65-0a55-46f3-b94a-dd719a327c14@group-5AA8DAB94A1F->b6de9022-5a0e-4aec-a94e-4e214b276ef3-InstallSnapshotResponseHandler: received a reply 21490b65-0a55-46f3-b94a-dd719a327c14<-b6de9022-5a0e-4aec-a94e-4e214b276ef3#0:FAIL-t2,IN_PROGRESS
2021-10-05 13:25:10,898 [grpc-default-executor-2] INFO  server.GrpcLogAppender (GrpcLogAppender.java:onNext(417)) - 21490b65-0a55-46f3-b94a-dd719a327c14@group-5AA8DAB94A1F->b6de9022-5a0e-4aec-a94e-4e214b276ef3-InstallSnapshotResponseHandler: InstallSnapshot in progress.
2021-10-05 13:25:10,897 [grpc-default-executor-0] INFO  ha.SCMGrpcOutputStream (SCMGrpcOutputStream.java:close(111)) - Sent 6065 bytes for cluster 36b87918-66c6-4e2c-9c49-5aa8dab94a1f
2021-10-05 13:25:10,905 [grpc-default-executor-0] INFO  ha.SCMDBCheckpointProvider (SCMDBCheckpointProvider.java:writeDBCheckPointToSream(73)) - Time taken to write the checkpoint to response output stream: 10 milliseconds
2021-10-05 13:25:10,906 [21490b65-0a55-46f3-b94a-dd719a327c14@group-5AA8DAB94A1F->b6de9022-5a0e-4aec-a94e-4e214b276ef3-GrpcLogAppender-LogAppenderDaemon] INFO  server.GrpcLogAppender (GrpcLogAppender.java:installSnapshot(524)) - 21490b65-0a55-46f3-b94a-dd719a327c14@group-5AA8DAB94A1F->b6de9022-5a0e-4aec-a94e-4e214b276ef3-GrpcLogAppender: followerNextIndex = 0 but logStartIndex = 1, notify follower to install snapshot-(t:2, i:1)
2021-10-05 13:25:10,906 [21490b65-0a55-46f3-b94a-dd719a327c14@group-5AA8DAB94A1F->b6de9022-5a0e-4aec-a94e-4e214b276ef3-GrpcLogAppender-LogAppenderDaemon] INFO  server.GrpcLogAppender (GrpcLogAppender.java:installSnapshot(532)) - 21490b65-0a55-46f3-b94a-dd719a327c14@group-5AA8DAB94A1F->b6de9022-5a0e-4aec-a94e-4e214b276ef3-GrpcLogAppender: send 21490b65-0a55-46f3-b94a-dd719a327c14->b6de9022-5a0e-4aec-a94e-4e214b276ef3#0-t2,notify:(t:2, i:1)
2021-10-05 13:25:10,907 [grpc-default-executor-4] INFO  server.RaftServer$Division (RaftServerImpl.java:checkInconsistentAppendEntries(1293)) - b6de9022-5a0e-4aec-a94e-4e214b276ef3@group-5AA8DAB94A1F: Failed appendEntries as snapshot ((t:2, i:1)) installation is in progress
2021-10-05 13:25:10,907 [grpc-default-executor-4] INFO  server.RaftServer$Division (RaftServerImpl.java:checkInconsistentAppendEntries(1285)) - b6de9022-5a0e-4aec-a94e-4e214b276ef3@group-5AA8DAB94A1F: inconsistency entries. Reply:21490b65-0a55-46f3-b94a-dd719a327c14<-b6de9022-5a0e-4aec-a94e-4e214b276ef3#5:FAIL-t2,INCONSISTENCY,nextIndex=0,followerCommit=-1
2021-10-05 13:25:10,907 [grpc-default-executor-4] INFO  server.RaftServer$Division (RaftServerImpl.java:installSnapshot(1329)) - b6de9022-5a0e-4aec-a94e-4e214b276ef3@group-5AA8DAB94A1F: receive installSnapshot: 21490b65-0a55-46f3-b94a-dd719a327c14->b6de9022-5a0e-4aec-a94e-4e214b276ef3#0-t2,notify:(t:2, i:1)
2021-10-05 13:25:10,907 [grpc-default-executor-4] INFO  server.RaftServer$Division (RaftServerImpl.java:notifyStateMachineToInstallSnapshot(1611)) - b6de9022-5a0e-4aec-a94e-4e214b276ef3@group-5AA8DAB94A1F: Snapshot Installation by StateMachine is in progress.
2021-10-05 13:25:10,907 [grpc-default-executor-4] INFO  server.RaftServer$Division (RaftServerImpl.java:installSnapshotImpl(1459)) - b6de9022-5a0e-4aec-a94e-4e214b276ef3@group-5AA8DAB94A1F: set new configuration index: 5
configurationEntry {
  peers {
    id: "21490b65-0a55-46f3-b94a-dd719a327c14"
    address: "localhost:13528"
  }
  peers {
    id: "6d234f4d-474a-4c74-a9e9-8f3885fce584"
    address: "localhost:13538"
  }
}
 from snapshot
2021-10-05 13:25:10,908 [grpc-default-executor-4] INFO  server.RaftServer$Division (ServerState.java:setRaftConf(387)) - b6de9022-5a0e-4aec-a94e-4e214b276ef3@group-5AA8DAB94A1F: set configuration 5: [21490b65-0a55-46f3-b94a-dd719a327c14|rpc:localhost:13528|admin:|client:|dataStream:|priority:0, 6d234f4d-474a-4c74-a9e9-8f3885fce584|rpc:localhost:13538|admin:|client:|dataStream:|priority:0], old=null
2021-10-05 13:25:10,908 [grpc-default-executor-4] INFO  server.RaftServer$Division (RaftServerImpl.java:installSnapshot(1340)) - b6de9022-5a0e-4aec-a94e-4e214b276ef3@group-5AA8DAB94A1F: reply installSnapshot: 21490b65-0a55-46f3-b94a-dd719a327c14<-b6de9022-5a0e-4aec-a94e-4e214b276ef3#0:FAIL-t2,IN_PROGRESS
2021-10-05 13:25:10,908 [grpc-default-executor-4] INFO  server.GrpcServerProtocolService (GrpcServerProtocolService.java:onCompleted(140)) - b6de9022-5a0e-4aec-a94e-4e214b276ef3: Completed INSTALL_SNAPSHOT, lastRequest: 21490b65-0a55-46f3-b94a-dd719a327c14->b6de9022-5a0e-4aec-a94e-4e214b276ef3#0-t2,notify:(t:2, i:1)
2021-10-05 13:25:10,909 [grpc-default-executor-4] INFO  server.GrpcLogAppender (GrpcLogAppender.java:onNext(400)) - 21490b65-0a55-46f3-b94a-dd719a327c14@group-5AA8DAB94A1F->b6de9022-5a0e-4aec-a94e-4e214b276ef3-InstallSnapshotResponseHandler: received a reply 21490b65-0a55-46f3-b94a-dd719a327c14<-b6de9022-5a0e-4aec-a94e-4e214b276ef3#0:FAIL-t2,IN_PROGRESS
2021-10-05 13:25:10,909 [grpc-default-executor-4] INFO  server.GrpcLogAppender (GrpcLogAppender.java:onNext(417)) - 21490b65-0a55-46f3-b94a-dd719a327c14@group-5AA8DAB94A1F->b6de9022-5a0e-4aec-a94e-4e214b276ef3-InstallSnapshotResponseHandler: InstallSnapshot in progress.
2021-10-05 13:25:10,910 [Datanode State Machine Thread - 0] ERROR datanode.RunningDatanodeState (RunningDatanodeState.java:computeNextContainerState(199)) - Error in executing end point task.
java.util.concurrent.ExecutionException: java.util.concurrent.TimeoutException
	at java.util.concurrent.FutureTask.report(FutureTask.java:122)
	at java.util.concurrent.FutureTask.get(FutureTask.java:192)
	at org.apache.hadoop.ozone.container.common.states.datanode.RunningDatanodeState.computeNextContainerState(RunningDatanodeState.java:191)
	at org.apache.hadoop.ozone.container.common.states.datanode.RunningDatanodeState.await(RunningDatanodeState.java:231)
	at org.apache.hadoop.ozone.container.common.states.datanode.RunningDatanodeState.await(RunningDatanodeState.java:50)
	at org.apache.hadoop.ozone.container.common.statemachine.StateContext.execute(StateContext.java:629)
	at org.apache.hadoop.ozone.container.common.statemachine.DatanodeStateMachine.start(DatanodeStateMachine.java:270)
	at org.apache.hadoop.ozone.container.common.statemachine.DatanodeStateMachine.lambda$startDaemon$0(DatanodeStateMachine.java:457)
	at java.lang.Thread.run(Thread.java:748)
Caused by: java.util.concurrent.TimeoutException
	at java.util.concurrent.FutureTask.get(FutureTask.java:205)
	at org.apache.hadoop.ozone.container.common.states.datanode.RunningDatanodeState.lambda$execute$0(RunningDatanodeState.java:149)
	at java.util.concurrent.FutureTask.run(FutureTask.java:266)
	at java.util.concurrent.Executors$RunnableAdapter.call(Executors.java:511)
	at java.util.concurrent.FutureTask.run(FutureTask.java:266)
	at java.util.concurrent.ThreadPoolExecutor.runWorker(ThreadPoolExecutor.java:1149)
	at java.util.concurrent.ThreadPoolExecutor$Worker.run(ThreadPoolExecutor.java:624)
	... 1 more
2021-10-05 13:25:10,905 [grpc-default-executor-0] INFO  db.RocksDBCheckpoint (RocksDBCheckpoint.java:cleanupCheckpoint(78)) - Cleaning up RocksDB checkpoint at /home/runner/work/ozone/ozone/hadoop-ozone/integration-test/target/test-dir/MiniOzoneClusterImpl-36b87918-66c6-4e2c-9c49-5aa8dab94a1f/scmNode-1/db.checkpoints/scm.db_checkpoint_1633440310863
2021-10-05 13:25:10,915 [grpc-default-executor-1] INFO  leader.FollowerInfo (FollowerInfoImpl.java:lambda$new$0(46)) - 21490b65-0a55-46f3-b94a-dd719a327c14@group-5AA8DAB94A1F->b6de9022-5a0e-4aec-a94e-4e214b276ef3: nextIndex: updateUnconditionally 0 -> 0
2021-10-05 13:25:10,922 [21490b65-0a55-46f3-b94a-dd719a327c14@group-5AA8DAB94A1F->b6de9022-5a0e-4aec-a94e-4e214b276ef3-GrpcLogAppender-LogAppenderDaemon] INFO  server.GrpcLogAppender (GrpcLogAppender.java:installSnapshot(524)) - 21490b65-0a55-46f3-b94a-dd719a327c14@group-5AA8DAB94A1F->b6de9022-5a0e-4aec-a94e-4e214b276ef3-GrpcLogAppender: followerNextIndex = 0 but logStartIndex = 1, notify follower to install snapshot-(t:2, i:1)
2021-10-05 13:25:10,922 [21490b65-0a55-46f3-b94a-dd719a327c14@group-5AA8DAB94A1F->b6de9022-5a0e-4aec-a94e-4e214b276ef3-GrpcLogAppender-LogAppenderDaemon] INFO  server.GrpcLogAppender (GrpcLogAppender.java:installSnapshot(532)) - 21490b65-0a55-46f3-b94a-dd719a327c14@group-5AA8DAB94A1F->b6de9022-5a0e-4aec-a94e-4e214b276ef3-GrpcLogAppender: send 21490b65-0a55-46f3-b94a-dd719a327c14->b6de9022-5a0e-4aec-a94e-4e214b276ef3#0-t2,notify:(t:2, i:1)
2021-10-05 13:25:10,923 [grpc-default-executor-2] INFO  server.RaftServer$Division (RaftServerImpl.java:checkInconsistentAppendEntries(1293)) - b6de9022-5a0e-4aec-a94e-4e214b276ef3@group-5AA8DAB94A1F: Failed appendEntries as snapshot ((t:2, i:1)) installation is in progress
2021-10-05 13:25:10,923 [grpc-default-executor-0] INFO  server.RaftServer$Division (RaftServerImpl.java:installSnapshot(1329)) - b6de9022-5a0e-4aec-a94e-4e214b276ef3@group-5AA8DAB94A1F: receive installSnapshot: 21490b65-0a55-46f3-b94a-dd719a327c14->b6de9022-5a0e-4aec-a94e-4e214b276ef3#0-t2,notify:(t:2, i:1)
2021-10-05 13:25:10,923 [grpc-default-executor-2] INFO  server.RaftServer$Division (RaftServerImpl.java:checkInconsistentAppendEntries(1285)) - b6de9022-5a0e-4aec-a94e-4e214b276ef3@group-5AA8DAB94A1F: inconsistency entries. Reply:21490b65-0a55-46f3-b94a-dd719a327c14<-b6de9022-5a0e-4aec-a94e-4e214b276ef3#6:FAIL-t2,INCONSISTENCY,nextIndex=0,followerCommit=-1
2021-10-05 13:25:10,923 [grpc-default-executor-0] INFO  server.RaftServer$Division (RaftServerImpl.java:notifyStateMachineToInstallSnapshot(1611)) - b6de9022-5a0e-4aec-a94e-4e214b276ef3@group-5AA8DAB94A1F: Snapshot Installation by StateMachine is in progress.
2021-10-05 13:25:10,923 [grpc-default-executor-0] INFO  server.RaftServer$Division (RaftServerImpl.java:installSnapshotImpl(1459)) - b6de9022-5a0e-4aec-a94e-4e214b276ef3@group-5AA8DAB94A1F: set new configuration index: 5
configurationEntry {
  peers {
    id: "21490b65-0a55-46f3-b94a-dd719a327c14"
    address: "localhost:13528"
  }
  peers {
    id: "6d234f4d-474a-4c74-a9e9-8f3885fce584"
    address: "localhost:13538"
  }
}
 from snapshot
2021-10-05 13:25:10,924 [grpc-default-executor-0] INFO  server.RaftServer$Division (ServerState.java:setRaftConf(387)) - b6de9022-5a0e-4aec-a94e-4e214b276ef3@group-5AA8DAB94A1F: set configuration 5: [21490b65-0a55-46f3-b94a-dd719a327c14|rpc:localhost:13528|admin:|client:|dataStream:|priority:0, 6d234f4d-474a-4c74-a9e9-8f3885fce584|rpc:localhost:13538|admin:|client:|dataStream:|priority:0], old=null
2021-10-05 13:25:10,924 [grpc-default-executor-0] INFO  server.RaftServer$Division (RaftServerImpl.java:installSnapshot(1340)) - b6de9022-5a0e-4aec-a94e-4e214b276ef3@group-5AA8DAB94A1F: reply installSnapshot: 21490b65-0a55-46f3-b94a-dd719a327c14<-b6de9022-5a0e-4aec-a94e-4e214b276ef3#0:FAIL-t2,IN_PROGRESS
2021-10-05 13:25:10,924 [grpc-default-executor-0] INFO  server.GrpcServerProtocolService (GrpcServerProtocolService.java:onCompleted(140)) - b6de9022-5a0e-4aec-a94e-4e214b276ef3: Completed INSTALL_SNAPSHOT, lastRequest: 21490b65-0a55-46f3-b94a-dd719a327c14->b6de9022-5a0e-4aec-a94e-4e214b276ef3#0-t2,notify:(t:2, i:1)
2021-10-05 13:25:10,923 [grpc-default-executor-1] INFO  leader.FollowerInfo (FollowerInfoImpl.java:lambda$new$0(46)) - 21490b65-0a55-46f3-b94a-dd719a327c14@group-5AA8DAB94A1F->b6de9022-5a0e-4aec-a94e-4e214b276ef3: nextIndex: updateUnconditionally 0 -> 0
2021-10-05 13:25:10,919 [grpc-default-executor-5] INFO  ha.InterSCMGrpcClient (InterSCMGrpcClient.java:onCompleted(173)) - Checkpoint is downloaded to /home/runner/work/ozone/ozone/hadoop-ozone/integration-test/target/test-dir/MiniOzoneClusterImpl-36b87918-66c6-4e2c-9c49-5aa8dab94a1f/scmNode-3/snapshot/scm.db-scmNode-1-1633440310818.tar.gz
2021-10-05 13:25:10,934 [grpc-default-executor-0] INFO  leader.FollowerInfo (FollowerInfoImpl.java:lambda$new$0(46)) - 21490b65-0a55-46f3-b94a-dd719a327c14@group-5AA8DAB94A1F->b6de9022-5a0e-4aec-a94e-4e214b276ef3: nextIndex: updateUnconditionally 0 -> 0
2021-10-05 13:25:10,934 [grpc-default-executor-1] INFO  server.GrpcLogAppender (GrpcLogAppender.java:onNext(400)) - 21490b65-0a55-46f3-b94a-dd719a327c14@group-5AA8DAB94A1F->b6de9022-5a0e-4aec-a94e-4e214b276ef3-InstallSnapshotResponseHandler: received a reply 21490b65-0a55-46f3-b94a-dd719a327c14<-b6de9022-5a0e-4aec-a94e-4e214b276ef3#0:FAIL-t2,IN_PROGRESS
2021-10-05 13:25:10,934 [grpc-default-executor-1] INFO  server.GrpcLogAppender (GrpcLogAppender.java:onNext(417)) - 21490b65-0a55-46f3-b94a-dd719a327c14@group-5AA8DAB94A1F->b6de9022-5a0e-4aec-a94e-4e214b276ef3-InstallSnapshotResponseHandler: InstallSnapshot in progress.
2021-10-05 13:25:10,935 [21490b65-0a55-46f3-b94a-dd719a327c14@group-5AA8DAB94A1F->b6de9022-5a0e-4aec-a94e-4e214b276ef3-GrpcLogAppender-LogAppenderDaemon] INFO  server.GrpcLogAppender (GrpcLogAppender.java:installSnapshot(524)) - 21490b65-0a55-46f3-b94a-dd719a327c14@group-5AA8DAB94A1F->b6de9022-5a0e-4aec-a94e-4e214b276ef3-GrpcLogAppender: followerNextIndex = 0 but logStartIndex = 1, notify follower to install snapshot-(t:2, i:1)
2021-10-05 13:25:10,935 [21490b65-0a55-46f3-b94a-dd719a327c14@group-5AA8DAB94A1F->b6de9022-5a0e-4aec-a94e-4e214b276ef3-GrpcLogAppender-LogAppenderDaemon] INFO  server.GrpcLogAppender (GrpcLogAppender.java:installSnapshot(532)) - 21490b65-0a55-46f3-b94a-dd719a327c14@group-5AA8DAB94A1F->b6de9022-5a0e-4aec-a94e-4e214b276ef3-GrpcLogAppender: send 21490b65-0a55-46f3-b94a-dd719a327c14->b6de9022-5a0e-4aec-a94e-4e214b276ef3#0-t2,notify:(t:2, i:1)
2021-10-05 13:25:10,935 [grpc-default-executor-1] INFO  server.RaftServer$Division (RaftServerImpl.java:checkInconsistentAppendEntries(1293)) - b6de9022-5a0e-4aec-a94e-4e214b276ef3@group-5AA8DAB94A1F: Failed appendEntries as snapshot ((t:2, i:1)) installation is in progress
2021-10-05 13:25:10,935 [grpc-default-executor-1] INFO  server.RaftServer$Division (RaftServerImpl.java:checkInconsistentAppendEntries(1285)) - b6de9022-5a0e-4aec-a94e-4e214b276ef3@group-5AA8DAB94A1F: inconsistency entries. Reply:21490b65-0a55-46f3-b94a-dd719a327c14<-b6de9022-5a0e-4aec-a94e-4e214b276ef3#7:FAIL-t2,INCONSISTENCY,nextIndex=0,followerCommit=-1
2021-10-05 13:25:10,936 [grpc-default-executor-1] INFO  leader.FollowerInfo (FollowerInfoImpl.java:lambda$new$0(46)) - 21490b65-0a55-46f3-b94a-dd719a327c14@group-5AA8DAB94A1F->b6de9022-5a0e-4aec-a94e-4e214b276ef3: nextIndex: updateUnconditionally 0 -> 0
2021-10-05 13:25:10,944 [grpc-default-executor-0] INFO  server.RaftServer$Division (RaftServerImpl.java:installSnapshot(1329)) - b6de9022-5a0e-4aec-a94e-4e214b276ef3@group-5AA8DAB94A1F: receive installSnapshot: 21490b65-0a55-46f3-b94a-dd719a327c14->b6de9022-5a0e-4aec-a94e-4e214b276ef3#0-t2,notify:(t:2, i:1)
2021-10-05 13:25:10,944 [grpc-default-executor-0] INFO  server.RaftServer$Division (RaftServerImpl.java:notifyStateMachineToInstallSnapshot(1611)) - b6de9022-5a0e-4aec-a94e-4e214b276ef3@group-5AA8DAB94A1F: Snapshot Installation by StateMachine is in progress.
2021-10-05 13:25:10,944 [grpc-default-executor-0] INFO  server.RaftServer$Division (RaftServerImpl.java:installSnapshotImpl(1459)) - b6de9022-5a0e-4aec-a94e-4e214b276ef3@group-5AA8DAB94A1F: set new configuration index: 5
configurationEntry {
  peers {
    id: "21490b65-0a55-46f3-b94a-dd719a327c14"
    address: "localhost:13528"
  }
  peers {
    id: "6d234f4d-474a-4c74-a9e9-8f3885fce584"
    address: "localhost:13538"
  }
}
 from snapshot
2021-10-05 13:25:10,944 [grpc-default-executor-0] INFO  server.RaftServer$Division (ServerState.java:setRaftConf(387)) - b6de9022-5a0e-4aec-a94e-4e214b276ef3@group-5AA8DAB94A1F: set configuration 5: [21490b65-0a55-46f3-b94a-dd719a327c14|rpc:localhost:13528|admin:|client:|dataStream:|priority:0, 6d234f4d-474a-4c74-a9e9-8f3885fce584|rpc:localhost:13538|admin:|client:|dataStream:|priority:0], old=null
2021-10-05 13:25:10,944 [grpc-default-executor-0] INFO  server.RaftServer$Division (RaftServerImpl.java:installSnapshot(1340)) - b6de9022-5a0e-4aec-a94e-4e214b276ef3@group-5AA8DAB94A1F: reply installSnapshot: 21490b65-0a55-46f3-b94a-dd719a327c14<-b6de9022-5a0e-4aec-a94e-4e214b276ef3#0:FAIL-t2,IN_PROGRESS
2021-10-05 13:25:10,944 [grpc-default-executor-0] INFO  server.GrpcServerProtocolService (GrpcServerProtocolService.java:onCompleted(140)) - b6de9022-5a0e-4aec-a94e-4e214b276ef3: Completed INSTALL_SNAPSHOT, lastRequest: 21490b65-0a55-46f3-b94a-dd719a327c14->b6de9022-5a0e-4aec-a94e-4e214b276ef3#0-t2,notify:(t:2, i:1)
2021-10-05 13:25:10,945 [grpc-default-executor-0] INFO  server.GrpcLogAppender (GrpcLogAppender.java:onNext(400)) - 21490b65-0a55-46f3-b94a-dd719a327c14@group-5AA8DAB94A1F->b6de9022-5a0e-4aec-a94e-4e214b276ef3-InstallSnapshotResponseHandler: received a reply 21490b65-0a55-46f3-b94a-dd719a327c14<-b6de9022-5a0e-4aec-a94e-4e214b276ef3#0:FAIL-t2,IN_PROGRESS
2021-10-05 13:25:10,945 [grpc-default-executor-0] INFO  server.GrpcLogAppender (GrpcLogAppender.java:onNext(417)) - 21490b65-0a55-46f3-b94a-dd719a327c14@group-5AA8DAB94A1F->b6de9022-5a0e-4aec-a94e-4e214b276ef3-InstallSnapshotResponseHandler: InstallSnapshot in progress.
2021-10-05 13:25:10,954 [21490b65-0a55-46f3-b94a-dd719a327c14@group-5AA8DAB94A1F->b6de9022-5a0e-4aec-a94e-4e214b276ef3-GrpcLogAppender-LogAppenderDaemon] INFO  server.GrpcLogAppender (GrpcLogAppender.java:installSnapshot(524)) - 21490b65-0a55-46f3-b94a-dd719a327c14@group-5AA8DAB94A1F->b6de9022-5a0e-4aec-a94e-4e214b276ef3-GrpcLogAppender: followerNextIndex = 0 but logStartIndex = 1, notify follower to install snapshot-(t:2, i:1)
2021-10-05 13:25:10,954 [21490b65-0a55-46f3-b94a-dd719a327c14@group-5AA8DAB94A1F->b6de9022-5a0e-4aec-a94e-4e214b276ef3-GrpcLogAppender-LogAppenderDaemon] INFO  server.GrpcLogAppender (GrpcLogAppender.java:installSnapshot(532)) - 21490b65-0a55-46f3-b94a-dd719a327c14@group-5AA8DAB94A1F->b6de9022-5a0e-4aec-a94e-4e214b276ef3-GrpcLogAppender: send 21490b65-0a55-46f3-b94a-dd719a327c14->b6de9022-5a0e-4aec-a94e-4e214b276ef3#0-t2,notify:(t:2, i:1)
2021-10-05 13:25:10,955 [grpc-default-executor-0] INFO  server.RaftServer$Division (RaftServerImpl.java:checkInconsistentAppendEntries(1293)) - b6de9022-5a0e-4aec-a94e-4e214b276ef3@group-5AA8DAB94A1F: Failed appendEntries as snapshot ((t:2, i:1)) installation is in progress
2021-10-05 13:25:10,955 [grpc-default-executor-0] INFO  server.RaftServer$Division (RaftServerImpl.java:checkInconsistentAppendEntries(1285)) - b6de9022-5a0e-4aec-a94e-4e214b276ef3@group-5AA8DAB94A1F: inconsistency entries. Reply:21490b65-0a55-46f3-b94a-dd719a327c14<-b6de9022-5a0e-4aec-a94e-4e214b276ef3#8:FAIL-t2,INCONSISTENCY,nextIndex=0,followerCommit=-1
2021-10-05 13:25:10,957 [pool-228-thread-1] INFO  ha.SCMSnapshotProvider (SCMSnapshotProvider.java:getSCMDBSnapshot(131)) - Successfully downloaded latest checkpoint from leader SCM: scmNode-1 path /home/runner/work/ozone/ozone/hadoop-ozone/integration-test/target/test-dir/MiniOzoneClusterImpl-36b87918-66c6-4e2c-9c49-5aa8dab94a1f/scmNode-3/snapshot/scm.db-scmNode-1-1633440310818
2021-10-05 13:25:10,958 [pool-228-thread-1] INFO  ha.SCMHAManagerImpl (SCMHAManagerImpl.java:downloadCheckpointFromLeader(158)) - Downloaded checkpoint from Leader scmNode-1 to the location /home/runner/work/ozone/ozone/hadoop-ozone/integration-test/target/test-dir/MiniOzoneClusterImpl-36b87918-66c6-4e2c-9c49-5aa8dab94a1f/scmNode-3/snapshot/scm.db-scmNode-1-1633440310818
2021-10-05 13:25:10,962 [grpc-default-executor-1] INFO  leader.FollowerInfo (FollowerInfoImpl.java:lambda$new$0(46)) - 21490b65-0a55-46f3-b94a-dd719a327c14@group-5AA8DAB94A1F->b6de9022-5a0e-4aec-a94e-4e214b276ef3: nextIndex: updateUnconditionally 0 -> 0
2021-10-05 13:25:10,962 [grpc-default-executor-0] INFO  server.RaftServer$Division (RaftServerImpl.java:installSnapshot(1329)) - b6de9022-5a0e-4aec-a94e-4e214b276ef3@group-5AA8DAB94A1F: receive installSnapshot: 21490b65-0a55-46f3-b94a-dd719a327c14->b6de9022-5a0e-4aec-a94e-4e214b276ef3#0-t2,notify:(t:2, i:1)
2021-10-05 13:25:10,962 [grpc-default-executor-0] INFO  server.RaftServer$Division (RaftServerImpl.java:notifyStateMachineToInstallSnapshot(1611)) - b6de9022-5a0e-4aec-a94e-4e214b276ef3@group-5AA8DAB94A1F: Snapshot Installation by StateMachine is in progress.
2021-10-05 13:25:10,962 [grpc-default-executor-0] INFO  server.RaftServer$Division (RaftServerImpl.java:installSnapshotImpl(1459)) - b6de9022-5a0e-4aec-a94e-4e214b276ef3@group-5AA8DAB94A1F: set new configuration index: 5
configurationEntry {
  peers {
    id: "21490b65-0a55-46f3-b94a-dd719a327c14"
    address: "localhost:13528"
  }
  peers {
    id: "6d234f4d-474a-4c74-a9e9-8f3885fce584"
    address: "localhost:13538"
  }
}
 from snapshot
2021-10-05 13:25:10,962 [grpc-default-executor-0] INFO  server.RaftServer$Division (ServerState.java:setRaftConf(387)) - b6de9022-5a0e-4aec-a94e-4e214b276ef3@group-5AA8DAB94A1F: set configuration 5: [21490b65-0a55-46f3-b94a-dd719a327c14|rpc:localhost:13528|admin:|client:|dataStream:|priority:0, 6d234f4d-474a-4c74-a9e9-8f3885fce584|rpc:localhost:13538|admin:|client:|dataStream:|priority:0], old=null
2021-10-05 13:25:10,963 [grpc-default-executor-0] INFO  server.RaftServer$Division (RaftServerImpl.java:installSnapshot(1340)) - b6de9022-5a0e-4aec-a94e-4e214b276ef3@group-5AA8DAB94A1F: reply installSnapshot: 21490b65-0a55-46f3-b94a-dd719a327c14<-b6de9022-5a0e-4aec-a94e-4e214b276ef3#0:FAIL-t2,IN_PROGRESS
2021-10-05 13:25:10,963 [grpc-default-executor-0] INFO  server.GrpcServerProtocolService (GrpcServerProtocolService.java:onCompleted(140)) - b6de9022-5a0e-4aec-a94e-4e214b276ef3: Completed INSTALL_SNAPSHOT, lastRequest: 21490b65-0a55-46f3-b94a-dd719a327c14->b6de9022-5a0e-4aec-a94e-4e214b276ef3#0-t2,notify:(t:2, i:1)
2021-10-05 13:25:10,963 [grpc-default-executor-1] INFO  server.GrpcLogAppender (GrpcLogAppender.java:onNext(400)) - 21490b65-0a55-46f3-b94a-dd719a327c14@group-5AA8DAB94A1F->b6de9022-5a0e-4aec-a94e-4e214b276ef3-InstallSnapshotResponseHandler: received a reply 21490b65-0a55-46f3-b94a-dd719a327c14<-b6de9022-5a0e-4aec-a94e-4e214b276ef3#0:FAIL-t2,IN_PROGRESS
2021-10-05 13:25:10,964 [grpc-default-executor-1] INFO  server.GrpcLogAppender (GrpcLogAppender.java:onNext(417)) - 21490b65-0a55-46f3-b94a-dd719a327c14@group-5AA8DAB94A1F->b6de9022-5a0e-4aec-a94e-4e214b276ef3-InstallSnapshotResponseHandler: InstallSnapshot in progress.
2021-10-05 13:25:10,965 [21490b65-0a55-46f3-b94a-dd719a327c14@group-5AA8DAB94A1F->b6de9022-5a0e-4aec-a94e-4e214b276ef3-GrpcLogAppender-LogAppenderDaemon] INFO  server.GrpcLogAppender (GrpcLogAppender.java:installSnapshot(524)) - 21490b65-0a55-46f3-b94a-dd719a327c14@group-5AA8DAB94A1F->b6de9022-5a0e-4aec-a94e-4e214b276ef3-GrpcLogAppender: followerNextIndex = 0 but logStartIndex = 1, notify follower to install snapshot-(t:2, i:1)
2021-10-05 13:25:10,965 [grpc-default-executor-1] INFO  server.RaftServer$Division (RaftServerImpl.java:checkInconsistentAppendEntries(1293)) - b6de9022-5a0e-4aec-a94e-4e214b276ef3@group-5AA8DAB94A1F: Failed appendEntries as snapshot ((t:2, i:1)) installation is in progress
2021-10-05 13:25:10,965 [grpc-default-executor-1] INFO  server.RaftServer$Division (RaftServerImpl.java:checkInconsistentAppendEntries(1285)) - b6de9022-5a0e-4aec-a94e-4e214b276ef3@group-5AA8DAB94A1F: inconsistency entries. Reply:21490b65-0a55-46f3-b94a-dd719a327c14<-b6de9022-5a0e-4aec-a94e-4e214b276ef3#9:FAIL-t2,INCONSISTENCY,nextIndex=0,followerCommit=-1
2021-10-05 13:25:10,965 [grpc-default-executor-1] INFO  leader.FollowerInfo (FollowerInfoImpl.java:lambda$new$0(46)) - 21490b65-0a55-46f3-b94a-dd719a327c14@group-5AA8DAB94A1F->b6de9022-5a0e-4aec-a94e-4e214b276ef3: nextIndex: updateUnconditionally 0 -> 0
2021-10-05 13:25:10,967 [21490b65-0a55-46f3-b94a-dd719a327c14@group-5AA8DAB94A1F->b6de9022-5a0e-4aec-a94e-4e214b276ef3-GrpcLogAppender-LogAppenderDaemon] INFO  server.GrpcLogAppender (GrpcLogAppender.java:installSnapshot(532)) - 21490b65-0a55-46f3-b94a-dd719a327c14@group-5AA8DAB94A1F->b6de9022-5a0e-4aec-a94e-4e214b276ef3-GrpcLogAppender: send 21490b65-0a55-46f3-b94a-dd719a327c14->b6de9022-5a0e-4aec-a94e-4e214b276ef3#0-t2,notify:(t:2, i:1)
2021-10-05 13:25:10,970 [grpc-default-executor-1] INFO  server.RaftServer$Division (RaftServerImpl.java:installSnapshot(1329)) - b6de9022-5a0e-4aec-a94e-4e214b276ef3@group-5AA8DAB94A1F: receive installSnapshot: 21490b65-0a55-46f3-b94a-dd719a327c14->b6de9022-5a0e-4aec-a94e-4e214b276ef3#0-t2,notify:(t:2, i:1)
2021-10-05 13:25:10,970 [grpc-default-executor-1] INFO  server.RaftServer$Division (RaftServerImpl.java:notifyStateMachineToInstallSnapshot(1611)) - b6de9022-5a0e-4aec-a94e-4e214b276ef3@group-5AA8DAB94A1F: Snapshot Installation by StateMachine is in progress.
2021-10-05 13:25:10,970 [grpc-default-executor-1] INFO  server.RaftServer$Division (RaftServerImpl.java:installSnapshotImpl(1459)) - b6de9022-5a0e-4aec-a94e-4e214b276ef3@group-5AA8DAB94A1F: set new configuration index: 5
configurationEntry {
  peers {
    id: "21490b65-0a55-46f3-b94a-dd719a327c14"
    address: "localhost:13528"
  }
  peers {
    id: "6d234f4d-474a-4c74-a9e9-8f3885fce584"
    address: "localhost:13538"
  }
}
 from snapshot
2021-10-05 13:25:10,971 [grpc-default-executor-1] INFO  server.RaftServer$Division (ServerState.java:setRaftConf(387)) - b6de9022-5a0e-4aec-a94e-4e214b276ef3@group-5AA8DAB94A1F: set configuration 5: [21490b65-0a55-46f3-b94a-dd719a327c14|rpc:localhost:13528|admin:|client:|dataStream:|priority:0, 6d234f4d-474a-4c74-a9e9-8f3885fce584|rpc:localhost:13538|admin:|client:|dataStream:|priority:0], old=null
2021-10-05 13:25:10,971 [grpc-default-executor-1] INFO  server.RaftServer$Division (RaftServerImpl.java:installSnapshot(1340)) - b6de9022-5a0e-4aec-a94e-4e214b276ef3@group-5AA8DAB94A1F: reply installSnapshot: 21490b65-0a55-46f3-b94a-dd719a327c14<-b6de9022-5a0e-4aec-a94e-4e214b276ef3#0:FAIL-t2,IN_PROGRESS
2021-10-05 13:25:10,971 [grpc-default-executor-1] INFO  server.GrpcServerProtocolService (GrpcServerProtocolService.java:onCompleted(140)) - b6de9022-5a0e-4aec-a94e-4e214b276ef3: Completed INSTALL_SNAPSHOT, lastRequest: 21490b65-0a55-46f3-b94a-dd719a327c14->b6de9022-5a0e-4aec-a94e-4e214b276ef3#0-t2,notify:(t:2, i:1)
2021-10-05 13:25:10,972 [grpc-default-executor-0] INFO  server.GrpcLogAppender (GrpcLogAppender.java:onNext(400)) - 21490b65-0a55-46f3-b94a-dd719a327c14@group-5AA8DAB94A1F->b6de9022-5a0e-4aec-a94e-4e214b276ef3-InstallSnapshotResponseHandler: received a reply 21490b65-0a55-46f3-b94a-dd719a327c14<-b6de9022-5a0e-4aec-a94e-4e214b276ef3#0:FAIL-t2,IN_PROGRESS
2021-10-05 13:25:10,972 [grpc-default-executor-0] INFO  server.GrpcLogAppender (GrpcLogAppender.java:onNext(417)) - 21490b65-0a55-46f3-b94a-dd719a327c14@group-5AA8DAB94A1F->b6de9022-5a0e-4aec-a94e-4e214b276ef3-InstallSnapshotResponseHandler: InstallSnapshot in progress.
2021-10-05 13:25:10,974 [21490b65-0a55-46f3-b94a-dd719a327c14@group-5AA8DAB94A1F->b6de9022-5a0e-4aec-a94e-4e214b276ef3-GrpcLogAppender-LogAppenderDaemon] INFO  server.GrpcLogAppender (GrpcLogAppender.java:installSnapshot(524)) - 21490b65-0a55-46f3-b94a-dd719a327c14@group-5AA8DAB94A1F->b6de9022-5a0e-4aec-a94e-4e214b276ef3-GrpcLogAppender: followerNextIndex = 0 but logStartIndex = 1, notify follower to install snapshot-(t:2, i:1)
2021-10-05 13:25:10,974 [21490b65-0a55-46f3-b94a-dd719a327c14@group-5AA8DAB94A1F->b6de9022-5a0e-4aec-a94e-4e214b276ef3-GrpcLogAppender-LogAppenderDaemon] INFO  server.GrpcLogAppender (GrpcLogAppender.java:installSnapshot(532)) - 21490b65-0a55-46f3-b94a-dd719a327c14@group-5AA8DAB94A1F->b6de9022-5a0e-4aec-a94e-4e214b276ef3-GrpcLogAppender: send 21490b65-0a55-46f3-b94a-dd719a327c14->b6de9022-5a0e-4aec-a94e-4e214b276ef3#0-t2,notify:(t:2, i:1)
2021-10-05 13:25:10,975 [grpc-default-executor-0] INFO  server.RaftServer$Division (RaftServerImpl.java:installSnapshot(1329)) - b6de9022-5a0e-4aec-a94e-4e214b276ef3@group-5AA8DAB94A1F: receive installSnapshot: 21490b65-0a55-46f3-b94a-dd719a327c14->b6de9022-5a0e-4aec-a94e-4e214b276ef3#0-t2,notify:(t:2, i:1)
2021-10-05 13:25:10,975 [grpc-default-executor-0] INFO  server.RaftServer$Division (RaftServerImpl.java:notifyStateMachineToInstallSnapshot(1611)) - b6de9022-5a0e-4aec-a94e-4e214b276ef3@group-5AA8DAB94A1F: Snapshot Installation by StateMachine is in progress.
2021-10-05 13:25:10,975 [grpc-default-executor-0] INFO  server.RaftServer$Division (RaftServerImpl.java:installSnapshotImpl(1459)) - b6de9022-5a0e-4aec-a94e-4e214b276ef3@group-5AA8DAB94A1F: set new configuration index: 5
configurationEntry {
  peers {
    id: "21490b65-0a55-46f3-b94a-dd719a327c14"
    address: "localhost:13528"
  }
  peers {
    id: "6d234f4d-474a-4c74-a9e9-8f3885fce584"
    address: "localhost:13538"
  }
}
 from snapshot
2021-10-05 13:25:10,975 [grpc-default-executor-0] INFO  server.RaftServer$Division (ServerState.java:setRaftConf(387)) - b6de9022-5a0e-4aec-a94e-4e214b276ef3@group-5AA8DAB94A1F: set configuration 5: [21490b65-0a55-46f3-b94a-dd719a327c14|rpc:localhost:13528|admin:|client:|dataStream:|priority:0, 6d234f4d-474a-4c74-a9e9-8f3885fce584|rpc:localhost:13538|admin:|client:|dataStream:|priority:0], old=null
2021-10-05 13:25:10,975 [grpc-default-executor-0] INFO  server.RaftServer$Division (RaftServerImpl.java:installSnapshot(1340)) - b6de9022-5a0e-4aec-a94e-4e214b276ef3@group-5AA8DAB94A1F: reply installSnapshot: 21490b65-0a55-46f3-b94a-dd719a327c14<-b6de9022-5a0e-4aec-a94e-4e214b276ef3#0:FAIL-t2,IN_PROGRESS
2021-10-05 13:25:10,976 [grpc-default-executor-0] INFO  server.GrpcServerProtocolService (GrpcServerProtocolService.java:onCompleted(140)) - b6de9022-5a0e-4aec-a94e-4e214b276ef3: Completed INSTALL_SNAPSHOT, lastRequest: 21490b65-0a55-46f3-b94a-dd719a327c14->b6de9022-5a0e-4aec-a94e-4e214b276ef3#0-t2,notify:(t:2, i:1)
2021-10-05 13:25:10,976 [grpc-default-executor-5] INFO  server.GrpcLogAppender (GrpcLogAppender.java:onNext(400)) - 21490b65-0a55-46f3-b94a-dd719a327c14@group-5AA8DAB94A1F->b6de9022-5a0e-4aec-a94e-4e214b276ef3-InstallSnapshotResponseHandler: received a reply 21490b65-0a55-46f3-b94a-dd719a327c14<-b6de9022-5a0e-4aec-a94e-4e214b276ef3#0:FAIL-t2,IN_PROGRESS
2021-10-05 13:25:10,976 [grpc-default-executor-5] INFO  server.GrpcLogAppender (GrpcLogAppender.java:onNext(417)) - 21490b65-0a55-46f3-b94a-dd719a327c14@group-5AA8DAB94A1F->b6de9022-5a0e-4aec-a94e-4e214b276ef3-InstallSnapshotResponseHandler: InstallSnapshot in progress.
2021-10-05 13:25:10,977 [21490b65-0a55-46f3-b94a-dd719a327c14@group-5AA8DAB94A1F->b6de9022-5a0e-4aec-a94e-4e214b276ef3-GrpcLogAppender-LogAppenderDaemon] INFO  server.GrpcLogAppender (GrpcLogAppender.java:installSnapshot(524)) - 21490b65-0a55-46f3-b94a-dd719a327c14@group-5AA8DAB94A1F->b6de9022-5a0e-4aec-a94e-4e214b276ef3-GrpcLogAppender: followerNextIndex = 0 but logStartIndex = 1, notify follower to install snapshot-(t:2, i:1)
2021-10-05 13:25:10,977 [21490b65-0a55-46f3-b94a-dd719a327c14@group-5AA8DAB94A1F->b6de9022-5a0e-4aec-a94e-4e214b276ef3-GrpcLogAppender-LogAppenderDaemon] INFO  server.GrpcLogAppender (GrpcLogAppender.java:installSnapshot(532)) - 21490b65-0a55-46f3-b94a-dd719a327c14@group-5AA8DAB94A1F->b6de9022-5a0e-4aec-a94e-4e214b276ef3-GrpcLogAppender: send 21490b65-0a55-46f3-b94a-dd719a327c14->b6de9022-5a0e-4aec-a94e-4e214b276ef3#0-t2,notify:(t:2, i:1)
2021-10-05 13:25:10,978 [grpc-default-executor-5] INFO  server.RaftServer$Division (RaftServerImpl.java:installSnapshot(1329)) - b6de9022-5a0e-4aec-a94e-4e214b276ef3@group-5AA8DAB94A1F: receive installSnapshot: 21490b65-0a55-46f3-b94a-dd719a327c14->b6de9022-5a0e-4aec-a94e-4e214b276ef3#0-t2,notify:(t:2, i:1)
2021-10-05 13:25:10,978 [grpc-default-executor-5] INFO  server.RaftServer$Division (RaftServerImpl.java:notifyStateMachineToInstallSnapshot(1611)) - b6de9022-5a0e-4aec-a94e-4e214b276ef3@group-5AA8DAB94A1F: Snapshot Installation by StateMachine is in progress.
2021-10-05 13:25:10,978 [grpc-default-executor-5] INFO  server.RaftServer$Division (RaftServerImpl.java:installSnapshotImpl(1459)) - b6de9022-5a0e-4aec-a94e-4e214b276ef3@group-5AA8DAB94A1F: set new configuration index: 5
configurationEntry {
  peers {
    id: "21490b65-0a55-46f3-b94a-dd719a327c14"
    address: "localhost:13528"
  }
  peers {
    id: "6d234f4d-474a-4c74-a9e9-8f3885fce584"
    address: "localhost:13538"
  }
}
 from snapshot
2021-10-05 13:25:10,978 [grpc-default-executor-5] INFO  server.RaftServer$Division (ServerState.java:setRaftConf(387)) - b6de9022-5a0e-4aec-a94e-4e214b276ef3@group-5AA8DAB94A1F: set configuration 5: [21490b65-0a55-46f3-b94a-dd719a327c14|rpc:localhost:13528|admin:|client:|dataStream:|priority:0, 6d234f4d-474a-4c74-a9e9-8f3885fce584|rpc:localhost:13538|admin:|client:|dataStream:|priority:0], old=null
2021-10-05 13:25:10,979 [grpc-default-executor-5] INFO  server.RaftServer$Division (RaftServerImpl.java:installSnapshot(1340)) - b6de9022-5a0e-4aec-a94e-4e214b276ef3@group-5AA8DAB94A1F: reply installSnapshot: 21490b65-0a55-46f3-b94a-dd719a327c14<-b6de9022-5a0e-4aec-a94e-4e214b276ef3#0:FAIL-t2,IN_PROGRESS
2021-10-05 13:25:10,979 [grpc-default-executor-5] INFO  server.GrpcServerProtocolService (GrpcServerProtocolService.java:onCompleted(140)) - b6de9022-5a0e-4aec-a94e-4e214b276ef3: Completed INSTALL_SNAPSHOT, lastRequest: 21490b65-0a55-46f3-b94a-dd719a327c14->b6de9022-5a0e-4aec-a94e-4e214b276ef3#0-t2,notify:(t:2, i:1)
2021-10-05 13:25:10,979 [grpc-default-executor-1] INFO  server.GrpcLogAppender (GrpcLogAppender.java:onNext(400)) - 21490b65-0a55-46f3-b94a-dd719a327c14@group-5AA8DAB94A1F->b6de9022-5a0e-4aec-a94e-4e214b276ef3-InstallSnapshotResponseHandler: received a reply 21490b65-0a55-46f3-b94a-dd719a327c14<-b6de9022-5a0e-4aec-a94e-4e214b276ef3#0:FAIL-t2,IN_PROGRESS
2021-10-05 13:25:10,979 [grpc-default-executor-1] INFO  server.GrpcLogAppender (GrpcLogAppender.java:onNext(417)) - 21490b65-0a55-46f3-b94a-dd719a327c14@group-5AA8DAB94A1F->b6de9022-5a0e-4aec-a94e-4e214b276ef3-InstallSnapshotResponseHandler: InstallSnapshot in progress.
2021-10-05 13:25:10,985 [21490b65-0a55-46f3-b94a-dd719a327c14@group-5AA8DAB94A1F->b6de9022-5a0e-4aec-a94e-4e214b276ef3-GrpcLogAppender-LogAppenderDaemon] INFO  server.GrpcLogAppender (GrpcLogAppender.java:installSnapshot(524)) - 21490b65-0a55-46f3-b94a-dd719a327c14@group-5AA8DAB94A1F->b6de9022-5a0e-4aec-a94e-4e214b276ef3-GrpcLogAppender: followerNextIndex = 0 but logStartIndex = 1, notify follower to install snapshot-(t:2, i:1)
2021-10-05 13:25:10,985 [21490b65-0a55-46f3-b94a-dd719a327c14@group-5AA8DAB94A1F->b6de9022-5a0e-4aec-a94e-4e214b276ef3-GrpcLogAppender-LogAppenderDaemon] INFO  server.GrpcLogAppender (GrpcLogAppender.java:installSnapshot(532)) - 21490b65-0a55-46f3-b94a-dd719a327c14@group-5AA8DAB94A1F->b6de9022-5a0e-4aec-a94e-4e214b276ef3-GrpcLogAppender: send 21490b65-0a55-46f3-b94a-dd719a327c14->b6de9022-5a0e-4aec-a94e-4e214b276ef3#0-t2,notify:(t:2, i:1)
2021-10-05 13:25:10,986 [grpc-default-executor-1] INFO  server.RaftServer$Division (RaftServerImpl.java:installSnapshot(1329)) - b6de9022-5a0e-4aec-a94e-4e214b276ef3@group-5AA8DAB94A1F: receive installSnapshot: 21490b65-0a55-46f3-b94a-dd719a327c14->b6de9022-5a0e-4aec-a94e-4e214b276ef3#0-t2,notify:(t:2, i:1)
2021-10-05 13:25:10,986 [grpc-default-executor-1] INFO  server.RaftServer$Division (RaftServerImpl.java:notifyStateMachineToInstallSnapshot(1611)) - b6de9022-5a0e-4aec-a94e-4e214b276ef3@group-5AA8DAB94A1F: Snapshot Installation by StateMachine is in progress.
2021-10-05 13:25:10,986 [grpc-default-executor-1] INFO  server.RaftServer$Division (RaftServerImpl.java:installSnapshotImpl(1459)) - b6de9022-5a0e-4aec-a94e-4e214b276ef3@group-5AA8DAB94A1F: set new configuration index: 5
configurationEntry {
  peers {
    id: "21490b65-0a55-46f3-b94a-dd719a327c14"
    address: "localhost:13528"
  }
  peers {
    id: "6d234f4d-474a-4c74-a9e9-8f3885fce584"
    address: "localhost:13538"
  }
}
 from snapshot
2021-10-05 13:25:10,986 [grpc-default-executor-1] INFO  server.RaftServer$Division (ServerState.java:setRaftConf(387)) - b6de9022-5a0e-4aec-a94e-4e214b276ef3@group-5AA8DAB94A1F: set configuration 5: [21490b65-0a55-46f3-b94a-dd719a327c14|rpc:localhost:13528|admin:|client:|dataStream:|priority:0, 6d234f4d-474a-4c74-a9e9-8f3885fce584|rpc:localhost:13538|admin:|client:|dataStream:|priority:0], old=null
2021-10-05 13:25:10,986 [grpc-default-executor-1] INFO  server.RaftServer$Division (RaftServerImpl.java:installSnapshot(1340)) - b6de9022-5a0e-4aec-a94e-4e214b276ef3@group-5AA8DAB94A1F: reply installSnapshot: 21490b65-0a55-46f3-b94a-dd719a327c14<-b6de9022-5a0e-4aec-a94e-4e214b276ef3#0:FAIL-t2,IN_PROGRESS
2021-10-05 13:25:10,986 [grpc-default-executor-1] INFO  server.GrpcServerProtocolService (GrpcServerProtocolService.java:onCompleted(140)) - b6de9022-5a0e-4aec-a94e-4e214b276ef3: Completed INSTALL_SNAPSHOT, lastRequest: 21490b65-0a55-46f3-b94a-dd719a327c14->b6de9022-5a0e-4aec-a94e-4e214b276ef3#0-t2,notify:(t:2, i:1)
2021-10-05 13:25:10,987 [grpc-default-executor-4] INFO  server.GrpcLogAppender (GrpcLogAppender.java:onNext(400)) - 21490b65-0a55-46f3-b94a-dd719a327c14@group-5AA8DAB94A1F->b6de9022-5a0e-4aec-a94e-4e214b276ef3-InstallSnapshotResponseHandler: received a reply 21490b65-0a55-46f3-b94a-dd719a327c14<-b6de9022-5a0e-4aec-a94e-4e214b276ef3#0:FAIL-t2,IN_PROGRESS
2021-10-05 13:25:10,987 [grpc-default-executor-4] INFO  server.GrpcLogAppender (GrpcLogAppender.java:onNext(417)) - 21490b65-0a55-46f3-b94a-dd719a327c14@group-5AA8DAB94A1F->b6de9022-5a0e-4aec-a94e-4e214b276ef3-InstallSnapshotResponseHandler: InstallSnapshot in progress.
2021-10-05 13:25:10,988 [grpc-default-executor-2] INFO  server.RaftServer$Division (RaftServerImpl.java:checkInconsistentAppendEntries(1293)) - b6de9022-5a0e-4aec-a94e-4e214b276ef3@group-5AA8DAB94A1F: Failed appendEntries as snapshot ((t:2, i:1)) installation is in progress
2021-10-05 13:25:10,988 [grpc-default-executor-2] INFO  server.RaftServer$Division (RaftServerImpl.java:checkInconsistentAppendEntries(1285)) - b6de9022-5a0e-4aec-a94e-4e214b276ef3@group-5AA8DAB94A1F: inconsistency entries. Reply:21490b65-0a55-46f3-b94a-dd719a327c14<-b6de9022-5a0e-4aec-a94e-4e214b276ef3#10:FAIL-t2,INCONSISTENCY,nextIndex=0,followerCommit=-1
2021-10-05 13:25:10,988 [21490b65-0a55-46f3-b94a-dd719a327c14@group-5AA8DAB94A1F->b6de9022-5a0e-4aec-a94e-4e214b276ef3-GrpcLogAppender-LogAppenderDaemon] INFO  server.GrpcLogAppender (GrpcLogAppender.java:installSnapshot(524)) - 21490b65-0a55-46f3-b94a-dd719a327c14@group-5AA8DAB94A1F->b6de9022-5a0e-4aec-a94e-4e214b276ef3-GrpcLogAppender: followerNextIndex = 0 but logStartIndex = 1, notify follower to install snapshot-(t:2, i:1)
2021-10-05 13:25:10,989 [21490b65-0a55-46f3-b94a-dd719a327c14@group-5AA8DAB94A1F->b6de9022-5a0e-4aec-a94e-4e214b276ef3-GrpcLogAppender-LogAppenderDaemon] INFO  server.GrpcLogAppender (GrpcLogAppender.java:installSnapshot(532)) - 21490b65-0a55-46f3-b94a-dd719a327c14@group-5AA8DAB94A1F->b6de9022-5a0e-4aec-a94e-4e214b276ef3-GrpcLogAppender: send 21490b65-0a55-46f3-b94a-dd719a327c14->b6de9022-5a0e-4aec-a94e-4e214b276ef3#0-t2,notify:(t:2, i:1)
2021-10-05 13:25:10,990 [grpc-default-executor-0] INFO  leader.FollowerInfo (FollowerInfoImpl.java:lambda$new$0(46)) - 21490b65-0a55-46f3-b94a-dd719a327c14@group-5AA8DAB94A1F->b6de9022-5a0e-4aec-a94e-4e214b276ef3: nextIndex: updateUnconditionally 0 -> 0
2021-10-05 13:25:10,990 [grpc-default-executor-2] INFO  server.RaftServer$Division (RaftServerImpl.java:checkInconsistentAppendEntries(1293)) - b6de9022-5a0e-4aec-a94e-4e214b276ef3@group-5AA8DAB94A1F: Failed appendEntries as snapshot ((t:2, i:1)) installation is in progress
2021-10-05 13:25:10,990 [grpc-default-executor-2] INFO  server.RaftServer$Division (RaftServerImpl.java:checkInconsistentAppendEntries(1285)) - b6de9022-5a0e-4aec-a94e-4e214b276ef3@group-5AA8DAB94A1F: inconsistency entries. Reply:21490b65-0a55-46f3-b94a-dd719a327c14<-b6de9022-5a0e-4aec-a94e-4e214b276ef3#11:FAIL-t2,INCONSISTENCY,nextIndex=0,followerCommit=-1
2021-10-05 13:25:10,990 [grpc-default-executor-4] INFO  leader.FollowerInfo (FollowerInfoImpl.java:lambda$new$0(46)) - 21490b65-0a55-46f3-b94a-dd719a327c14@group-5AA8DAB94A1F->b6de9022-5a0e-4aec-a94e-4e214b276ef3: nextIndex: updateUnconditionally 0 -> 0
2021-10-05 13:25:10,990 [grpc-default-executor-2] INFO  server.RaftServer$Division (RaftServerImpl.java:checkInconsistentAppendEntries(1293)) - b6de9022-5a0e-4aec-a94e-4e214b276ef3@group-5AA8DAB94A1F: Failed appendEntries as snapshot ((t:2, i:1)) installation is in progress
2021-10-05 13:25:10,991 [grpc-default-executor-2] INFO  server.RaftServer$Division (RaftServerImpl.java:checkInconsistentAppendEntries(1285)) - b6de9022-5a0e-4aec-a94e-4e214b276ef3@group-5AA8DAB94A1F: inconsistency entries. Reply:21490b65-0a55-46f3-b94a-dd719a327c14<-b6de9022-5a0e-4aec-a94e-4e214b276ef3#12:FAIL-t2,INCONSISTENCY,nextIndex=0,followerCommit=-1
2021-10-05 13:25:10,991 [grpc-default-executor-3] INFO  leader.FollowerInfo (FollowerInfoImpl.java:lambda$new$0(46)) - 21490b65-0a55-46f3-b94a-dd719a327c14@group-5AA8DAB94A1F->b6de9022-5a0e-4aec-a94e-4e214b276ef3: nextIndex: updateUnconditionally 0 -> 0
2021-10-05 13:25:10,991 [grpc-default-executor-2] INFO  server.RaftServer$Division (RaftServerImpl.java:installSnapshot(1329)) - b6de9022-5a0e-4aec-a94e-4e214b276ef3@group-5AA8DAB94A1F: receive installSnapshot: 21490b65-0a55-46f3-b94a-dd719a327c14->b6de9022-5a0e-4aec-a94e-4e214b276ef3#0-t2,notify:(t:2, i:1)
2021-10-05 13:25:10,991 [grpc-default-executor-4] INFO  server.RaftServer$Division (RaftServerImpl.java:checkInconsistentAppendEntries(1293)) - b6de9022-5a0e-4aec-a94e-4e214b276ef3@group-5AA8DAB94A1F: Failed appendEntries as snapshot ((t:2, i:1)) installation is in progress
2021-10-05 13:25:10,991 [grpc-default-executor-4] INFO  server.RaftServer$Division (RaftServerImpl.java:checkInconsistentAppendEntries(1285)) - b6de9022-5a0e-4aec-a94e-4e214b276ef3@group-5AA8DAB94A1F: inconsistency entries. Reply:21490b65-0a55-46f3-b94a-dd719a327c14<-b6de9022-5a0e-4aec-a94e-4e214b276ef3#13:FAIL-t2,INCONSISTENCY,nextIndex=0,followerCommit=-1
2021-10-05 13:25:10,991 [grpc-default-executor-2] INFO  server.RaftServer$Division (RaftServerImpl.java:notifyStateMachineToInstallSnapshot(1611)) - b6de9022-5a0e-4aec-a94e-4e214b276ef3@group-5AA8DAB94A1F: Snapshot Installation by StateMachine is in progress.
2021-10-05 13:25:10,992 [grpc-default-executor-2] INFO  server.RaftServer$Division (RaftServerImpl.java:installSnapshotImpl(1459)) - b6de9022-5a0e-4aec-a94e-4e214b276ef3@group-5AA8DAB94A1F: set new configuration index: 5
configurationEntry {
  peers {
    id: "21490b65-0a55-46f3-b94a-dd719a327c14"
    address: "localhost:13528"
  }
  peers {
    id: "6d234f4d-474a-4c74-a9e9-8f3885fce584"
    address: "localhost:13538"
  }
}
 from snapshot
2021-10-05 13:25:10,992 [grpc-default-executor-2] INFO  server.RaftServer$Division (ServerState.java:setRaftConf(387)) - b6de9022-5a0e-4aec-a94e-4e214b276ef3@group-5AA8DAB94A1F: set configuration 5: [21490b65-0a55-46f3-b94a-dd719a327c14|rpc:localhost:13528|admin:|client:|dataStream:|priority:0, 6d234f4d-474a-4c74-a9e9-8f3885fce584|rpc:localhost:13538|admin:|client:|dataStream:|priority:0], old=null
2021-10-05 13:25:10,992 [grpc-default-executor-2] INFO  server.RaftServer$Division (RaftServerImpl.java:installSnapshot(1340)) - b6de9022-5a0e-4aec-a94e-4e214b276ef3@group-5AA8DAB94A1F: reply installSnapshot: 21490b65-0a55-46f3-b94a-dd719a327c14<-b6de9022-5a0e-4aec-a94e-4e214b276ef3#0:FAIL-t2,IN_PROGRESS
2021-10-05 13:25:10,992 [grpc-default-executor-2] INFO  server.GrpcServerProtocolService (GrpcServerProtocolService.java:onCompleted(140)) - b6de9022-5a0e-4aec-a94e-4e214b276ef3: Completed INSTALL_SNAPSHOT, lastRequest: 21490b65-0a55-46f3-b94a-dd719a327c14->b6de9022-5a0e-4aec-a94e-4e214b276ef3#0-t2,notify:(t:2, i:1)
2021-10-05 13:25:10,992 [grpc-default-executor-3] INFO  leader.FollowerInfo (FollowerInfoImpl.java:lambda$new$0(46)) - 21490b65-0a55-46f3-b94a-dd719a327c14@group-5AA8DAB94A1F->b6de9022-5a0e-4aec-a94e-4e214b276ef3: nextIndex: updateUnconditionally 0 -> 0
2021-10-05 13:25:10,992 [grpc-default-executor-4] INFO  server.GrpcLogAppender (GrpcLogAppender.java:onNext(400)) - 21490b65-0a55-46f3-b94a-dd719a327c14@group-5AA8DAB94A1F->b6de9022-5a0e-4aec-a94e-4e214b276ef3-InstallSnapshotResponseHandler: received a reply 21490b65-0a55-46f3-b94a-dd719a327c14<-b6de9022-5a0e-4aec-a94e-4e214b276ef3#0:FAIL-t2,IN_PROGRESS
2021-10-05 13:25:10,993 [grpc-default-executor-4] INFO  server.GrpcLogAppender (GrpcLogAppender.java:onNext(417)) - 21490b65-0a55-46f3-b94a-dd719a327c14@group-5AA8DAB94A1F->b6de9022-5a0e-4aec-a94e-4e214b276ef3-InstallSnapshotResponseHandler: InstallSnapshot in progress.
2021-10-05 13:25:10,999 [21490b65-0a55-46f3-b94a-dd719a327c14@group-5AA8DAB94A1F->b6de9022-5a0e-4aec-a94e-4e214b276ef3-GrpcLogAppender-LogAppenderDaemon] INFO  server.GrpcLogAppender (GrpcLogAppender.java:installSnapshot(524)) - 21490b65-0a55-46f3-b94a-dd719a327c14@group-5AA8DAB94A1F->b6de9022-5a0e-4aec-a94e-4e214b276ef3-GrpcLogAppender: followerNextIndex = 0 but logStartIndex = 1, notify follower to install snapshot-(t:2, i:1)
2021-10-05 13:25:10,999 [21490b65-0a55-46f3-b94a-dd719a327c14@group-5AA8DAB94A1F->b6de9022-5a0e-4aec-a94e-4e214b276ef3-GrpcLogAppender-LogAppenderDaemon] INFO  server.GrpcLogAppender (GrpcLogAppender.java:installSnapshot(532)) - 21490b65-0a55-46f3-b94a-dd719a327c14@group-5AA8DAB94A1F->b6de9022-5a0e-4aec-a94e-4e214b276ef3-GrpcLogAppender: send 21490b65-0a55-46f3-b94a-dd719a327c14->b6de9022-5a0e-4aec-a94e-4e214b276ef3#0-t2,notify:(t:2, i:1)
2021-10-05 13:25:11,008 [grpc-default-executor-4] INFO  server.RaftServer$Division (RaftServerImpl.java:checkInconsistentAppendEntries(1293)) - b6de9022-5a0e-4aec-a94e-4e214b276ef3@group-5AA8DAB94A1F: Failed appendEntries as snapshot ((t:2, i:1)) installation is in progress
2021-10-05 13:25:11,008 [grpc-default-executor-4] INFO  server.RaftServer$Division (RaftServerImpl.java:checkInconsistentAppendEntries(1285)) - b6de9022-5a0e-4aec-a94e-4e214b276ef3@group-5AA8DAB94A1F: inconsistency entries. Reply:21490b65-0a55-46f3-b94a-dd719a327c14<-b6de9022-5a0e-4aec-a94e-4e214b276ef3#14:FAIL-t2,INCONSISTENCY,nextIndex=0,followerCommit=-1
2021-10-05 13:25:11,008 [grpc-default-executor-4] INFO  server.RaftServer$Division (RaftServerImpl.java:installSnapshot(1329)) - b6de9022-5a0e-4aec-a94e-4e214b276ef3@group-5AA8DAB94A1F: receive installSnapshot: 21490b65-0a55-46f3-b94a-dd719a327c14->b6de9022-5a0e-4aec-a94e-4e214b276ef3#0-t2,notify:(t:2, i:1)
2021-10-05 13:25:11,008 [grpc-default-executor-4] INFO  server.RaftServer$Division (RaftServerImpl.java:notifyStateMachineToInstallSnapshot(1611)) - b6de9022-5a0e-4aec-a94e-4e214b276ef3@group-5AA8DAB94A1F: Snapshot Installation by StateMachine is in progress.
2021-10-05 13:25:11,008 [grpc-default-executor-4] INFO  server.RaftServer$Division (RaftServerImpl.java:installSnapshotImpl(1459)) - b6de9022-5a0e-4aec-a94e-4e214b276ef3@group-5AA8DAB94A1F: set new configuration index: 5
configurationEntry {
  peers {
    id: "21490b65-0a55-46f3-b94a-dd719a327c14"
    address: "localhost:13528"
  }
  peers {
    id: "6d234f4d-474a-4c74-a9e9-8f3885fce584"
    address: "localhost:13538"
  }
}
 from snapshot
2021-10-05 13:25:11,009 [grpc-default-executor-4] INFO  server.RaftServer$Division (ServerState.java:setRaftConf(387)) - b6de9022-5a0e-4aec-a94e-4e214b276ef3@group-5AA8DAB94A1F: set configuration 5: [21490b65-0a55-46f3-b94a-dd719a327c14|rpc:localhost:13528|admin:|client:|dataStream:|priority:0, 6d234f4d-474a-4c74-a9e9-8f3885fce584|rpc:localhost:13538|admin:|client:|dataStream:|priority:0], old=null
2021-10-05 13:25:11,009 [grpc-default-executor-4] INFO  server.RaftServer$Division (RaftServerImpl.java:installSnapshot(1340)) - b6de9022-5a0e-4aec-a94e-4e214b276ef3@group-5AA8DAB94A1F: reply installSnapshot: 21490b65-0a55-46f3-b94a-dd719a327c14<-b6de9022-5a0e-4aec-a94e-4e214b276ef3#0:FAIL-t2,IN_PROGRESS
2021-10-05 13:25:11,009 [grpc-default-executor-4] INFO  server.GrpcServerProtocolService (GrpcServerProtocolService.java:onCompleted(140)) - b6de9022-5a0e-4aec-a94e-4e214b276ef3: Completed INSTALL_SNAPSHOT, lastRequest: 21490b65-0a55-46f3-b94a-dd719a327c14->b6de9022-5a0e-4aec-a94e-4e214b276ef3#0-t2,notify:(t:2, i:1)
2021-10-05 13:25:11,009 [grpc-default-executor-2] INFO  leader.FollowerInfo (FollowerInfoImpl.java:lambda$new$0(46)) - 21490b65-0a55-46f3-b94a-dd719a327c14@group-5AA8DAB94A1F->b6de9022-5a0e-4aec-a94e-4e214b276ef3: nextIndex: updateUnconditionally 0 -> 0
2021-10-05 13:25:11,010 [grpc-default-executor-4] INFO  server.GrpcLogAppender (GrpcLogAppender.java:onNext(400)) - 21490b65-0a55-46f3-b94a-dd719a327c14@group-5AA8DAB94A1F->b6de9022-5a0e-4aec-a94e-4e214b276ef3-InstallSnapshotResponseHandler: received a reply 21490b65-0a55-46f3-b94a-dd719a327c14<-b6de9022-5a0e-4aec-a94e-4e214b276ef3#0:FAIL-t2,IN_PROGRESS
2021-10-05 13:25:11,010 [grpc-default-executor-4] INFO  server.GrpcLogAppender (GrpcLogAppender.java:onNext(417)) - 21490b65-0a55-46f3-b94a-dd719a327c14@group-5AA8DAB94A1F->b6de9022-5a0e-4aec-a94e-4e214b276ef3-InstallSnapshotResponseHandler: InstallSnapshot in progress.
2021-10-05 13:25:11,012 [21490b65-0a55-46f3-b94a-dd719a327c14@group-5AA8DAB94A1F->b6de9022-5a0e-4aec-a94e-4e214b276ef3-GrpcLogAppender-LogAppenderDaemon] INFO  server.GrpcLogAppender (GrpcLogAppender.java:installSnapshot(524)) - 21490b65-0a55-46f3-b94a-dd719a327c14@group-5AA8DAB94A1F->b6de9022-5a0e-4aec-a94e-4e214b276ef3-GrpcLogAppender: followerNextIndex = 0 but logStartIndex = 1, notify follower to install snapshot-(t:2, i:1)
2021-10-05 13:25:11,013 [21490b65-0a55-46f3-b94a-dd719a327c14@group-5AA8DAB94A1F->b6de9022-5a0e-4aec-a94e-4e214b276ef3-GrpcLogAppender-LogAppenderDaemon] INFO  server.GrpcLogAppender (GrpcLogAppender.java:installSnapshot(532)) - 21490b65-0a55-46f3-b94a-dd719a327c14@group-5AA8DAB94A1F->b6de9022-5a0e-4aec-a94e-4e214b276ef3-GrpcLogAppender: send 21490b65-0a55-46f3-b94a-dd719a327c14->b6de9022-5a0e-4aec-a94e-4e214b276ef3#0-t2,notify:(t:2, i:1)
2021-10-05 13:25:11,014 [grpc-default-executor-2] INFO  server.RaftServer$Division (RaftServerImpl.java:checkInconsistentAppendEntries(1293)) - b6de9022-5a0e-4aec-a94e-4e214b276ef3@group-5AA8DAB94A1F: Failed appendEntries as snapshot ((t:2, i:1)) installation is in progress
2021-10-05 13:25:11,014 [grpc-default-executor-2] INFO  server.RaftServer$Division (RaftServerImpl.java:checkInconsistentAppendEntries(1285)) - b6de9022-5a0e-4aec-a94e-4e214b276ef3@group-5AA8DAB94A1F: inconsistency entries. Reply:21490b65-0a55-46f3-b94a-dd719a327c14<-b6de9022-5a0e-4aec-a94e-4e214b276ef3#15:FAIL-t2,INCONSISTENCY,nextIndex=0,followerCommit=-1
2021-10-05 13:25:11,014 [grpc-default-executor-2] INFO  server.RaftServer$Division (RaftServerImpl.java:installSnapshot(1329)) - b6de9022-5a0e-4aec-a94e-4e214b276ef3@group-5AA8DAB94A1F: receive installSnapshot: 21490b65-0a55-46f3-b94a-dd719a327c14->b6de9022-5a0e-4aec-a94e-4e214b276ef3#0-t2,notify:(t:2, i:1)
2021-10-05 13:25:11,014 [grpc-default-executor-2] INFO  server.RaftServer$Division (RaftServerImpl.java:notifyStateMachineToInstallSnapshot(1611)) - b6de9022-5a0e-4aec-a94e-4e214b276ef3@group-5AA8DAB94A1F: Snapshot Installation by StateMachine is in progress.
2021-10-05 13:25:11,014 [grpc-default-executor-2] INFO  server.RaftServer$Division (RaftServerImpl.java:installSnapshotImpl(1459)) - b6de9022-5a0e-4aec-a94e-4e214b276ef3@group-5AA8DAB94A1F: set new configuration index: 5
configurationEntry {
  peers {
    id: "21490b65-0a55-46f3-b94a-dd719a327c14"
    address: "localhost:13528"
  }
  peers {
    id: "6d234f4d-474a-4c74-a9e9-8f3885fce584"
    address: "localhost:13538"
  }
}
 from snapshot
2021-10-05 13:25:11,014 [grpc-default-executor-2] INFO  server.RaftServer$Division (ServerState.java:setRaftConf(387)) - b6de9022-5a0e-4aec-a94e-4e214b276ef3@group-5AA8DAB94A1F: set configuration 5: [21490b65-0a55-46f3-b94a-dd719a327c14|rpc:localhost:13528|admin:|client:|dataStream:|priority:0, 6d234f4d-474a-4c74-a9e9-8f3885fce584|rpc:localhost:13538|admin:|client:|dataStream:|priority:0], old=null
2021-10-05 13:25:11,015 [grpc-default-executor-2] INFO  server.RaftServer$Division (RaftServerImpl.java:installSnapshot(1340)) - b6de9022-5a0e-4aec-a94e-4e214b276ef3@group-5AA8DAB94A1F: reply installSnapshot: 21490b65-0a55-46f3-b94a-dd719a327c14<-b6de9022-5a0e-4aec-a94e-4e214b276ef3#0:FAIL-t2,IN_PROGRESS
2021-10-05 13:25:11,015 [grpc-default-executor-2] INFO  server.GrpcServerProtocolService (GrpcServerProtocolService.java:onCompleted(140)) - b6de9022-5a0e-4aec-a94e-4e214b276ef3: Completed INSTALL_SNAPSHOT, lastRequest: 21490b65-0a55-46f3-b94a-dd719a327c14->b6de9022-5a0e-4aec-a94e-4e214b276ef3#0-t2,notify:(t:2, i:1)
2021-10-05 13:25:11,015 [grpc-default-executor-4] INFO  leader.FollowerInfo (FollowerInfoImpl.java:lambda$new$0(46)) - 21490b65-0a55-46f3-b94a-dd719a327c14@group-5AA8DAB94A1F->b6de9022-5a0e-4aec-a94e-4e214b276ef3: nextIndex: updateUnconditionally 0 -> 0
2021-10-05 13:25:11,016 [grpc-default-executor-4] INFO  server.GrpcLogAppender (GrpcLogAppender.java:onNext(400)) - 21490b65-0a55-46f3-b94a-dd719a327c14@group-5AA8DAB94A1F->b6de9022-5a0e-4aec-a94e-4e214b276ef3-InstallSnapshotResponseHandler: received a reply 21490b65-0a55-46f3-b94a-dd719a327c14<-b6de9022-5a0e-4aec-a94e-4e214b276ef3#0:FAIL-t2,IN_PROGRESS
2021-10-05 13:25:11,016 [grpc-default-executor-4] INFO  server.GrpcLogAppender (GrpcLogAppender.java:onNext(417)) - 21490b65-0a55-46f3-b94a-dd719a327c14@group-5AA8DAB94A1F->b6de9022-5a0e-4aec-a94e-4e214b276ef3-InstallSnapshotResponseHandler: InstallSnapshot in progress.
2021-10-05 13:25:11,023 [21490b65-0a55-46f3-b94a-dd719a327c14@group-5AA8DAB94A1F->b6de9022-5a0e-4aec-a94e-4e214b276ef3-GrpcLogAppender-LogAppenderDaemon] INFO  server.GrpcLogAppender (GrpcLogAppender.java:installSnapshot(524)) - 21490b65-0a55-46f3-b94a-dd719a327c14@group-5AA8DAB94A1F->b6de9022-5a0e-4aec-a94e-4e214b276ef3-GrpcLogAppender: followerNextIndex = 0 but logStartIndex = 1, notify follower to install snapshot-(t:2, i:1)
2021-10-05 13:25:11,023 [21490b65-0a55-46f3-b94a-dd719a327c14@group-5AA8DAB94A1F->b6de9022-5a0e-4aec-a94e-4e214b276ef3-GrpcLogAppender-LogAppenderDaemon] INFO  server.GrpcLogAppender (GrpcLogAppender.java:installSnapshot(532)) - 21490b65-0a55-46f3-b94a-dd719a327c14@group-5AA8DAB94A1F->b6de9022-5a0e-4aec-a94e-4e214b276ef3-GrpcLogAppender: send 21490b65-0a55-46f3-b94a-dd719a327c14->b6de9022-5a0e-4aec-a94e-4e214b276ef3#0-t2,notify:(t:2, i:1)
2021-10-05 13:25:11,024 [grpc-default-executor-5] INFO  server.RaftServer$Division (RaftServerImpl.java:checkInconsistentAppendEntries(1293)) - b6de9022-5a0e-4aec-a94e-4e214b276ef3@group-5AA8DAB94A1F: Failed appendEntries as snapshot ((t:2, i:1)) installation is in progress
2021-10-05 13:25:11,024 [grpc-default-executor-5] INFO  server.RaftServer$Division (RaftServerImpl.java:checkInconsistentAppendEntries(1285)) - b6de9022-5a0e-4aec-a94e-4e214b276ef3@group-5AA8DAB94A1F: inconsistency entries. Reply:21490b65-0a55-46f3-b94a-dd719a327c14<-b6de9022-5a0e-4aec-a94e-4e214b276ef3#16:FAIL-t2,INCONSISTENCY,nextIndex=0,followerCommit=-1
2021-10-05 13:25:11,024 [grpc-default-executor-2] INFO  leader.FollowerInfo (FollowerInfoImpl.java:lambda$new$0(46)) - 21490b65-0a55-46f3-b94a-dd719a327c14@group-5AA8DAB94A1F->b6de9022-5a0e-4aec-a94e-4e214b276ef3: nextIndex: updateUnconditionally 0 -> 0
2021-10-05 13:25:11,025 [grpc-default-executor-4] INFO  server.RaftServer$Division (RaftServerImpl.java:installSnapshot(1329)) - b6de9022-5a0e-4aec-a94e-4e214b276ef3@group-5AA8DAB94A1F: receive installSnapshot: 21490b65-0a55-46f3-b94a-dd719a327c14->b6de9022-5a0e-4aec-a94e-4e214b276ef3#0-t2,notify:(t:2, i:1)
2021-10-05 13:25:11,025 [grpc-default-executor-4] INFO  server.RaftServer$Division (RaftServerImpl.java:notifyStateMachineToInstallSnapshot(1611)) - b6de9022-5a0e-4aec-a94e-4e214b276ef3@group-5AA8DAB94A1F: Snapshot Installation by StateMachine is in progress.
2021-10-05 13:25:11,025 [grpc-default-executor-4] INFO  server.RaftServer$Division (RaftServerImpl.java:installSnapshotImpl(1459)) - b6de9022-5a0e-4aec-a94e-4e214b276ef3@group-5AA8DAB94A1F: set new configuration index: 5
configurationEntry {
  peers {
    id: "21490b65-0a55-46f3-b94a-dd719a327c14"
    address: "localhost:13528"
  }
  peers {
    id: "6d234f4d-474a-4c74-a9e9-8f3885fce584"
    address: "localhost:13538"
  }
}
 from snapshot
2021-10-05 13:25:11,025 [grpc-default-executor-4] INFO  server.RaftServer$Division (ServerState.java:setRaftConf(387)) - b6de9022-5a0e-4aec-a94e-4e214b276ef3@group-5AA8DAB94A1F: set configuration 5: [21490b65-0a55-46f3-b94a-dd719a327c14|rpc:localhost:13528|admin:|client:|dataStream:|priority:0, 6d234f4d-474a-4c74-a9e9-8f3885fce584|rpc:localhost:13538|admin:|client:|dataStream:|priority:0], old=null
2021-10-05 13:25:11,025 [grpc-default-executor-4] INFO  server.RaftServer$Division (RaftServerImpl.java:installSnapshot(1340)) - b6de9022-5a0e-4aec-a94e-4e214b276ef3@group-5AA8DAB94A1F: reply installSnapshot: 21490b65-0a55-46f3-b94a-dd719a327c14<-b6de9022-5a0e-4aec-a94e-4e214b276ef3#0:FAIL-t2,IN_PROGRESS
2021-10-05 13:25:11,025 [grpc-default-executor-4] INFO  server.GrpcServerProtocolService (GrpcServerProtocolService.java:onCompleted(140)) - b6de9022-5a0e-4aec-a94e-4e214b276ef3: Completed INSTALL_SNAPSHOT, lastRequest: 21490b65-0a55-46f3-b94a-dd719a327c14->b6de9022-5a0e-4aec-a94e-4e214b276ef3#0-t2,notify:(t:2, i:1)
2021-10-05 13:25:11,026 [grpc-default-executor-2] INFO  server.GrpcLogAppender (GrpcLogAppender.java:onNext(400)) - 21490b65-0a55-46f3-b94a-dd719a327c14@group-5AA8DAB94A1F->b6de9022-5a0e-4aec-a94e-4e214b276ef3-InstallSnapshotResponseHandler: received a reply 21490b65-0a55-46f3-b94a-dd719a327c14<-b6de9022-5a0e-4aec-a94e-4e214b276ef3#0:FAIL-t2,IN_PROGRESS
2021-10-05 13:25:11,026 [grpc-default-executor-2] INFO  server.GrpcLogAppender (GrpcLogAppender.java:onNext(417)) - 21490b65-0a55-46f3-b94a-dd719a327c14@group-5AA8DAB94A1F->b6de9022-5a0e-4aec-a94e-4e214b276ef3-InstallSnapshotResponseHandler: InstallSnapshot in progress.
2021-10-05 13:25:11,039 [pool-228-thread-1] INFO  ha.SCMHAManagerImpl (SCMHAManagerImpl.java:verifyCheckpointFromLeader(172)) - Installing checkpoint with SCMTransactionInfo 2#24
2021-10-05 13:25:11,039 [21490b65-0a55-46f3-b94a-dd719a327c14@group-5AA8DAB94A1F->b6de9022-5a0e-4aec-a94e-4e214b276ef3-GrpcLogAppender-LogAppenderDaemon] INFO  server.GrpcLogAppender (GrpcLogAppender.java:installSnapshot(524)) - 21490b65-0a55-46f3-b94a-dd719a327c14@group-5AA8DAB94A1F->b6de9022-5a0e-4aec-a94e-4e214b276ef3-GrpcLogAppender: followerNextIndex = 0 but logStartIndex = 1, notify follower to install snapshot-(t:2, i:1)
2021-10-05 13:25:11,039 [21490b65-0a55-46f3-b94a-dd719a327c14@group-5AA8DAB94A1F->b6de9022-5a0e-4aec-a94e-4e214b276ef3-GrpcLogAppender-LogAppenderDaemon] INFO  server.GrpcLogAppender (GrpcLogAppender.java:installSnapshot(532)) - 21490b65-0a55-46f3-b94a-dd719a327c14@group-5AA8DAB94A1F->b6de9022-5a0e-4aec-a94e-4e214b276ef3-GrpcLogAppender: send 21490b65-0a55-46f3-b94a-dd719a327c14->b6de9022-5a0e-4aec-a94e-4e214b276ef3#0-t2,notify:(t:2, i:1)
2021-10-05 13:25:11,040 [grpc-default-executor-5] INFO  server.RaftServer$Division (RaftServerImpl.java:checkInconsistentAppendEntries(1293)) - b6de9022-5a0e-4aec-a94e-4e214b276ef3@group-5AA8DAB94A1F: Failed appendEntries as snapshot ((t:2, i:1)) installation is in progress
2021-10-05 13:25:11,040 [grpc-default-executor-5] INFO  server.RaftServer$Division (RaftServerImpl.java:checkInconsistentAppendEntries(1285)) - b6de9022-5a0e-4aec-a94e-4e214b276ef3@group-5AA8DAB94A1F: inconsistency entries. Reply:21490b65-0a55-46f3-b94a-dd719a327c14<-b6de9022-5a0e-4aec-a94e-4e214b276ef3#17:FAIL-t2,INCONSISTENCY,nextIndex=0,followerCommit=-1
2021-10-05 13:25:11,041 [grpc-default-executor-2] INFO  server.RaftServer$Division (RaftServerImpl.java:installSnapshot(1329)) - b6de9022-5a0e-4aec-a94e-4e214b276ef3@group-5AA8DAB94A1F: receive installSnapshot: 21490b65-0a55-46f3-b94a-dd719a327c14->b6de9022-5a0e-4aec-a94e-4e214b276ef3#0-t2,notify:(t:2, i:1)
2021-10-05 13:25:11,041 [grpc-default-executor-2] INFO  server.RaftServer$Division (RaftServerImpl.java:notifyStateMachineToInstallSnapshot(1611)) - b6de9022-5a0e-4aec-a94e-4e214b276ef3@group-5AA8DAB94A1F: Snapshot Installation by StateMachine is in progress.
2021-10-05 13:25:11,041 [grpc-default-executor-2] INFO  server.RaftServer$Division (RaftServerImpl.java:installSnapshotImpl(1459)) - b6de9022-5a0e-4aec-a94e-4e214b276ef3@group-5AA8DAB94A1F: set new configuration index: 5
configurationEntry {
  peers {
    id: "21490b65-0a55-46f3-b94a-dd719a327c14"
    address: "localhost:13528"
  }
  peers {
    id: "6d234f4d-474a-4c74-a9e9-8f3885fce584"
    address: "localhost:13538"
  }
}
 from snapshot
2021-10-05 13:25:11,041 [grpc-default-executor-2] INFO  server.RaftServer$Division (ServerState.java:setRaftConf(387)) - b6de9022-5a0e-4aec-a94e-4e214b276ef3@group-5AA8DAB94A1F: set configuration 5: [21490b65-0a55-46f3-b94a-dd719a327c14|rpc:localhost:13528|admin:|client:|dataStream:|priority:0, 6d234f4d-474a-4c74-a9e9-8f3885fce584|rpc:localhost:13538|admin:|client:|dataStream:|priority:0], old=null
2021-10-05 13:25:11,041 [grpc-default-executor-2] INFO  server.RaftServer$Division (RaftServerImpl.java:installSnapshot(1340)) - b6de9022-5a0e-4aec-a94e-4e214b276ef3@group-5AA8DAB94A1F: reply installSnapshot: 21490b65-0a55-46f3-b94a-dd719a327c14<-b6de9022-5a0e-4aec-a94e-4e214b276ef3#0:FAIL-t2,IN_PROGRESS
2021-10-05 13:25:11,042 [grpc-default-executor-2] INFO  server.GrpcServerProtocolService (GrpcServerProtocolService.java:onCompleted(140)) - b6de9022-5a0e-4aec-a94e-4e214b276ef3: Completed INSTALL_SNAPSHOT, lastRequest: 21490b65-0a55-46f3-b94a-dd719a327c14->b6de9022-5a0e-4aec-a94e-4e214b276ef3#0-t2,notify:(t:2, i:1)
2021-10-05 13:25:11,042 [grpc-default-executor-5] INFO  leader.FollowerInfo (FollowerInfoImpl.java:lambda$new$0(46)) - 21490b65-0a55-46f3-b94a-dd719a327c14@group-5AA8DAB94A1F->b6de9022-5a0e-4aec-a94e-4e214b276ef3: nextIndex: updateUnconditionally 0 -> 0
2021-10-05 13:25:11,042 [pool-228-thread-1] INFO  server.RaftServer$Division (RaftServerImpl.java:lambda$notifyStateMachineToInstallSnapshot$30(1594)) - b6de9022-5a0e-4aec-a94e-4e214b276ef3@group-5AA8DAB94A1F: StateMachine successfully installed snapshot index 24. Reloading the StateMachine.
2021-10-05 13:25:11,042 [pool-228-thread-1] INFO  segmented.SegmentedRaftLogWorker (SegmentedRaftLogWorker.java:lambda$new$0(133)) - b6de9022-5a0e-4aec-a94e-4e214b276ef3@group-5AA8DAB94A1F-SegmentedRaftLogWorker: flushIndex: setUnconditionally -1 -> 24
2021-10-05 13:25:11,043 [pool-228-thread-1] INFO  segmented.SegmentedRaftLogWorker (SegmentedRaftLogWorker.java:lambda$new$0(133)) - b6de9022-5a0e-4aec-a94e-4e214b276ef3@group-5AA8DAB94A1F-SegmentedRaftLogWorker: safeCacheEvictIndex: setUnconditionally -1 -> 24
2021-10-05 13:25:11,043 [pool-228-thread-1] INFO  raftlog.RaftLog (RaftLogBase.java:lambda$new$0(53)) - b6de9022-5a0e-4aec-a94e-4e214b276ef3@group-5AA8DAB94A1F-SegmentedRaftLog: snapshotIndex: updateIncreasingly -1 -> 24
2021-10-05 13:25:11,043 [grpc-default-executor-2] INFO  server.GrpcLogAppender (GrpcLogAppender.java:onNext(400)) - 21490b65-0a55-46f3-b94a-dd719a327c14@group-5AA8DAB94A1F->b6de9022-5a0e-4aec-a94e-4e214b276ef3-InstallSnapshotResponseHandler: received a reply 21490b65-0a55-46f3-b94a-dd719a327c14<-b6de9022-5a0e-4aec-a94e-4e214b276ef3#0:FAIL-t2,IN_PROGRESS
2021-10-05 13:25:11,043 [grpc-default-executor-2] INFO  server.GrpcLogAppender (GrpcLogAppender.java:onNext(417)) - 21490b65-0a55-46f3-b94a-dd719a327c14@group-5AA8DAB94A1F->b6de9022-5a0e-4aec-a94e-4e214b276ef3-InstallSnapshotResponseHandler: InstallSnapshot in progress.
2021-10-05 13:25:11,048 [21490b65-0a55-46f3-b94a-dd719a327c14@group-5AA8DAB94A1F->b6de9022-5a0e-4aec-a94e-4e214b276ef3-GrpcLogAppender-LogAppenderDaemon] INFO  server.GrpcLogAppender (GrpcLogAppender.java:installSnapshot(524)) - 21490b65-0a55-46f3-b94a-dd719a327c14@group-5AA8DAB94A1F->b6de9022-5a0e-4aec-a94e-4e214b276ef3-GrpcLogAppender: followerNextIndex = 0 but logStartIndex = 1, notify follower to install snapshot-(t:2, i:1)
2021-10-05 13:25:11,048 [21490b65-0a55-46f3-b94a-dd719a327c14@group-5AA8DAB94A1F->b6de9022-5a0e-4aec-a94e-4e214b276ef3-GrpcLogAppender-LogAppenderDaemon] INFO  server.GrpcLogAppender (GrpcLogAppender.java:installSnapshot(532)) - 21490b65-0a55-46f3-b94a-dd719a327c14@group-5AA8DAB94A1F->b6de9022-5a0e-4aec-a94e-4e214b276ef3-GrpcLogAppender: send 21490b65-0a55-46f3-b94a-dd719a327c14->b6de9022-5a0e-4aec-a94e-4e214b276ef3#0-t2,notify:(t:2, i:1)
2021-10-05 13:25:11,049 [grpc-default-executor-5] INFO  server.RaftServer$Division (RaftServerImpl.java:installSnapshot(1329)) - b6de9022-5a0e-4aec-a94e-4e214b276ef3@group-5AA8DAB94A1F: receive installSnapshot: 21490b65-0a55-46f3-b94a-dd719a327c14->b6de9022-5a0e-4aec-a94e-4e214b276ef3#0-t2,notify:(t:2, i:1)
2021-10-05 13:25:11,049 [grpc-default-executor-5] INFO  server.RaftServer$Division (RaftServerImpl.java:notifyStateMachineToInstallSnapshot(1560)) - b6de9022-5a0e-4aec-a94e-4e214b276ef3@group-5AA8DAB94A1F: StateMachine snapshotIndex is 24
2021-10-05 13:25:11,049 [grpc-default-executor-5] INFO  server.RaftServer$Division (RaftServerImpl.java:installSnapshotImpl(1459)) - b6de9022-5a0e-4aec-a94e-4e214b276ef3@group-5AA8DAB94A1F: set new configuration index: 5
configurationEntry {
  peers {
    id: "21490b65-0a55-46f3-b94a-dd719a327c14"
    address: "localhost:13528"
  }
  peers {
    id: "6d234f4d-474a-4c74-a9e9-8f3885fce584"
    address: "localhost:13538"
  }
}
 from snapshot
2021-10-05 13:25:11,049 [grpc-default-executor-5] INFO  server.RaftServer$Division (ServerState.java:setRaftConf(387)) - b6de9022-5a0e-4aec-a94e-4e214b276ef3@group-5AA8DAB94A1F: set configuration 5: [21490b65-0a55-46f3-b94a-dd719a327c14|rpc:localhost:13528|admin:|client:|dataStream:|priority:0, 6d234f4d-474a-4c74-a9e9-8f3885fce584|rpc:localhost:13538|admin:|client:|dataStream:|priority:0], old=null
2021-10-05 13:25:11,049 [grpc-default-executor-5] INFO  server.RaftServer$Division (RaftServerImpl.java:installSnapshot(1340)) - b6de9022-5a0e-4aec-a94e-4e214b276ef3@group-5AA8DAB94A1F: reply installSnapshot: 21490b65-0a55-46f3-b94a-dd719a327c14<-b6de9022-5a0e-4aec-a94e-4e214b276ef3#0:FAIL-t2,ALREADY_INSTALLED,snapshotIndex=24
2021-10-05 13:25:11,050 [grpc-default-executor-5] INFO  server.GrpcServerProtocolService (GrpcServerProtocolService.java:onCompleted(140)) - b6de9022-5a0e-4aec-a94e-4e214b276ef3: Completed INSTALL_SNAPSHOT, lastRequest: 21490b65-0a55-46f3-b94a-dd719a327c14->b6de9022-5a0e-4aec-a94e-4e214b276ef3#0-t2,notify:(t:2, i:1)
2021-10-05 13:25:11,050 [grpc-default-executor-5] INFO  server.GrpcLogAppender (GrpcLogAppender.java:onNext(400)) - 21490b65-0a55-46f3-b94a-dd719a327c14@group-5AA8DAB94A1F->b6de9022-5a0e-4aec-a94e-4e214b276ef3-InstallSnapshotResponseHandler: received a reply 21490b65-0a55-46f3-b94a-dd719a327c14<-b6de9022-5a0e-4aec-a94e-4e214b276ef3#0:FAIL-t2,ALREADY_INSTALLED,snapshotIndex=24
2021-10-05 13:25:11,050 [grpc-default-executor-5] INFO  server.GrpcLogAppender (GrpcLogAppender.java:onNext(422)) - 21490b65-0a55-46f3-b94a-dd719a327c14@group-5AA8DAB94A1F->b6de9022-5a0e-4aec-a94e-4e214b276ef3-InstallSnapshotResponseHandler: Already Installed Snapshot Index 24.
2021-10-05 13:25:11,050 [grpc-default-executor-5] INFO  leader.FollowerInfo (FollowerInfoImpl.java:lambda$new$0(46)) - 21490b65-0a55-46f3-b94a-dd719a327c14@group-5AA8DAB94A1F->b6de9022-5a0e-4aec-a94e-4e214b276ef3: snapshotIndex: setUnconditionally 0 -> 24
2021-10-05 13:25:11,050 [grpc-default-executor-5] INFO  leader.FollowerInfo (FollowerInfoImpl.java:lambda$new$0(46)) - 21490b65-0a55-46f3-b94a-dd719a327c14@group-5AA8DAB94A1F->b6de9022-5a0e-4aec-a94e-4e214b276ef3: matchIndex: setUnconditionally 0 -> 24
2021-10-05 13:25:11,050 [grpc-default-executor-5] INFO  leader.FollowerInfo (FollowerInfoImpl.java:lambda$new$0(46)) - 21490b65-0a55-46f3-b94a-dd719a327c14@group-5AA8DAB94A1F->b6de9022-5a0e-4aec-a94e-4e214b276ef3: nextIndex: setUnconditionally 0 -> 25
2021-10-05 13:25:11,050 [grpc-default-executor-5] INFO  leader.FollowerInfo (FollowerInfoImpl.java:lambda$new$0(46)) - 21490b65-0a55-46f3-b94a-dd719a327c14@group-5AA8DAB94A1F->b6de9022-5a0e-4aec-a94e-4e214b276ef3: nextIndex: updateToMax old=25, new=25, updated? false
2021-10-05 13:25:11,110 [b6de9022-5a0e-4aec-a94e-4e214b276ef3@group-5AA8DAB94A1F-StateMachineUpdater] INFO  ha.SCMHAManagerImpl (SCMHAManagerImpl.java:installCheckpoint(227)) - Installing checkpoint with SCMTransactionInfo 2#24
2021-10-05 13:25:11,112 [b6de9022-5a0e-4aec-a94e-4e214b276ef3@group-5AA8DAB94A1F-StateMachineUpdater] INFO  ha.SCMHAManagerImpl (SCMHAManagerImpl.java:installCheckpoint(266)) - Replaced DB with checkpoint, term: 2, index: 24
2021-10-05 13:25:11,115 [b6de9022-5a0e-4aec-a94e-4e214b276ef3@group-5AA8DAB94A1F-StateMachineUpdater] WARN  utils.HAUtils (HAUtils.java:getMetaDir(342)) - ozone.scm.db.dirs is not configured. We recommend adding this setting. Falling back to ozone.metadata.dirs instead.
2021-10-05 13:25:11,116 [b6de9022-5a0e-4aec-a94e-4e214b276ef3@group-5AA8DAB94A1F-StateMachineUpdater] WARN  db.DBStoreBuilder (DBStoreBuilder.java:applyDBDefinition(145)) - ozone.scm.db.dirs is not configured. We recommend adding this setting. Falling back to ozone.metadata.dirs instead.
2021-10-05 13:25:11,164 [b6de9022-5a0e-4aec-a94e-4e214b276ef3@group-5AA8DAB94A1F-StateMachineUpdater] INFO  ha.SequenceIdGenerator (SequenceIdGenerator.java:reinitialize(166)) - reinitialize SequenceIdGenerator.
2021-10-05 13:25:11,168 [b6de9022-5a0e-4aec-a94e-4e214b276ef3@group-5AA8DAB94A1F-StateMachineUpdater] INFO  ha.SCMHAManagerImpl (SCMHAManagerImpl.java:installCheckpoint(277)) - Reloaded SCM state with Term: 2 and Index: 24
2021-10-05 13:25:11,169 [b6de9022-5a0e-4aec-a94e-4e214b276ef3@group-5AA8DAB94A1F-StateMachineUpdater] INFO  impl.StateMachineUpdater (StateMachineUpdater.java:lambda$new$0(89)) - b6de9022-5a0e-4aec-a94e-4e214b276ef3@group-5AA8DAB94A1F-StateMachineUpdater: snapshotIndex: setUnconditionally -1 -> 24
2021-10-05 13:25:11,170 [b6de9022-5a0e-4aec-a94e-4e214b276ef3@group-5AA8DAB94A1F-StateMachineUpdater] INFO  impl.StateMachineUpdater (StateMachineUpdater.java:lambda$new$0(89)) - b6de9022-5a0e-4aec-a94e-4e214b276ef3@group-5AA8DAB94A1F-StateMachineUpdater: appliedIndex: setUnconditionally -1 -> 24
2021-10-05 13:25:11,748 [EndpointStateMachine task thread for /127.0.0.1:15041 - 0 ] INFO  ipc.Client (Client.java:handleConnectionFailure(977)) - Retrying connect to server: localhost/127.0.0.1:15041. Already tried 3 time(s); retry policy is RetryUpToMaximumCountWithFixedSleep(maxRetries=15, sleepTime=1000 MILLISECONDS)
2021-10-05 13:25:11,807 [EndpointStateMachine task thread for /127.0.0.1:15021 - 0 ] INFO  ipc.Client (Client.java:handleConnectionFailure(977)) - Retrying connect to server: localhost/127.0.0.1:15021. Already tried 7 time(s); retry policy is RetryUpToMaximumCountWithFixedSleep(maxRetries=15, sleepTime=1000 MILLISECONDS)
2021-10-05 13:25:11,808 [EndpointStateMachine task thread for /127.0.0.1:15031 - 0 ] INFO  ipc.Client (Client.java:handleConnectionFailure(977)) - Retrying connect to server: localhost/127.0.0.1:15031. Already tried 7 time(s); retry policy is RetryUpToMaximumCountWithFixedSleep(maxRetries=15, sleepTime=1000 MILLISECONDS)
2021-10-05 13:25:12,748 [EndpointStateMachine task thread for /127.0.0.1:15041 - 0 ] INFO  ipc.Client (Client.java:handleConnectionFailure(977)) - Retrying connect to server: localhost/127.0.0.1:15041. Already tried 4 time(s); retry policy is RetryUpToMaximumCountWithFixedSleep(maxRetries=15, sleepTime=1000 MILLISECONDS)
2021-10-05 13:25:12,809 [EndpointStateMachine task thread for /127.0.0.1:15031 - 0 ] INFO  ipc.Client (Client.java:handleConnectionFailure(977)) - Retrying connect to server: localhost/127.0.0.1:15031. Already tried 8 time(s); retry policy is RetryUpToMaximumCountWithFixedSleep(maxRetries=15, sleepTime=1000 MILLISECONDS)
2021-10-05 13:25:12,812 [EndpointStateMachine task thread for /127.0.0.1:15021 - 0 ] INFO  ipc.Client (Client.java:handleConnectionFailure(977)) - Retrying connect to server: localhost/127.0.0.1:15021. Already tried 8 time(s); retry policy is RetryUpToMaximumCountWithFixedSleep(maxRetries=15, sleepTime=1000 MILLISECONDS)
2021-10-05 13:25:13,739 [Datanode State Machine Thread - 0] ERROR datanode.RunningDatanodeState (RunningDatanodeState.java:computeNextContainerState(199)) - Error in executing end point task.
java.util.concurrent.ExecutionException: java.util.concurrent.TimeoutException
	at java.util.concurrent.FutureTask.report(FutureTask.java:122)
	at java.util.concurrent.FutureTask.get(FutureTask.java:192)
	at org.apache.hadoop.ozone.container.common.states.datanode.RunningDatanodeState.computeNextContainerState(RunningDatanodeState.java:191)
	at org.apache.hadoop.ozone.container.common.states.datanode.RunningDatanodeState.await(RunningDatanodeState.java:231)
	at org.apache.hadoop.ozone.container.common.states.datanode.RunningDatanodeState.await(RunningDatanodeState.java:50)
	at org.apache.hadoop.ozone.container.common.statemachine.StateContext.execute(StateContext.java:629)
	at org.apache.hadoop.ozone.container.common.statemachine.DatanodeStateMachine.start(DatanodeStateMachine.java:270)
	at org.apache.hadoop.ozone.container.common.statemachine.DatanodeStateMachine.lambda$startDaemon$0(DatanodeStateMachine.java:457)
	at java.lang.Thread.run(Thread.java:748)
Caused by: java.util.concurrent.TimeoutException
	at java.util.concurrent.FutureTask.get(FutureTask.java:205)
	at org.apache.hadoop.ozone.container.common.states.datanode.RunningDatanodeState.lambda$execute$0(RunningDatanodeState.java:149)
	at java.util.concurrent.FutureTask.run(FutureTask.java:266)
	at java.util.concurrent.Executors$RunnableAdapter.call(Executors.java:511)
	at java.util.concurrent.FutureTask.run(FutureTask.java:266)
	at java.util.concurrent.ThreadPoolExecutor.runWorker(ThreadPoolExecutor.java:1149)
	at java.util.concurrent.ThreadPoolExecutor$Worker.run(ThreadPoolExecutor.java:624)
	... 1 more
2021-10-05 13:25:13,749 [EndpointStateMachine task thread for /127.0.0.1:15041 - 0 ] INFO  ipc.Client (Client.java:handleConnectionFailure(977)) - Retrying connect to server: localhost/127.0.0.1:15041. Already tried 5 time(s); retry policy is RetryUpToMaximumCountWithFixedSleep(maxRetries=15, sleepTime=1000 MILLISECONDS)
2021-10-05 13:25:13,809 [EndpointStateMachine task thread for /127.0.0.1:15031 - 0 ] INFO  ipc.Client (Client.java:handleConnectionFailure(977)) - Retrying connect to server: localhost/127.0.0.1:15031. Already tried 9 time(s); retry policy is RetryUpToMaximumCountWithFixedSleep(maxRetries=15, sleepTime=1000 MILLISECONDS)
2021-10-05 13:25:13,817 [EndpointStateMachine task thread for /127.0.0.1:15021 - 0 ] INFO  ipc.Client (Client.java:handleConnectionFailure(977)) - Retrying connect to server: localhost/127.0.0.1:15021. Already tried 9 time(s); retry policy is RetryUpToMaximumCountWithFixedSleep(maxRetries=15, sleepTime=1000 MILLISECONDS)
2021-10-05 13:25:13,920 [Datanode State Machine Thread - 0] ERROR datanode.RunningDatanodeState (RunningDatanodeState.java:computeNextContainerState(199)) - Error in executing end point task.
java.util.concurrent.ExecutionException: java.util.concurrent.TimeoutException
	at java.util.concurrent.FutureTask.report(FutureTask.java:122)
	at java.util.concurrent.FutureTask.get(FutureTask.java:192)
	at org.apache.hadoop.ozone.container.common.states.datanode.RunningDatanodeState.computeNextContainerState(RunningDatanodeState.java:191)
	at org.apache.hadoop.ozone.container.common.states.datanode.RunningDatanodeState.await(RunningDatanodeState.java:231)
	at org.apache.hadoop.ozone.container.common.states.datanode.RunningDatanodeState.await(RunningDatanodeState.java:50)
	at org.apache.hadoop.ozone.container.common.statemachine.StateContext.execute(StateContext.java:629)
	at org.apache.hadoop.ozone.container.common.statemachine.DatanodeStateMachine.start(DatanodeStateMachine.java:270)
	at org.apache.hadoop.ozone.container.common.statemachine.DatanodeStateMachine.lambda$startDaemon$0(DatanodeStateMachine.java:457)
	at java.lang.Thread.run(Thread.java:748)
Caused by: java.util.concurrent.TimeoutException
	at java.util.concurrent.FutureTask.get(FutureTask.java:205)
	at org.apache.hadoop.ozone.container.common.states.datanode.RunningDatanodeState.lambda$execute$0(RunningDatanodeState.java:149)
	at java.util.concurrent.FutureTask.run(FutureTask.java:266)
	at java.util.concurrent.Executors$RunnableAdapter.call(Executors.java:511)
	at java.util.concurrent.FutureTask.run(FutureTask.java:266)
	at java.util.concurrent.ThreadPoolExecutor.runWorker(ThreadPoolExecutor.java:1149)
	at java.util.concurrent.ThreadPoolExecutor$Worker.run(ThreadPoolExecutor.java:624)
	... 1 more
2021-10-05 13:25:14,749 [EndpointStateMachine task thread for /127.0.0.1:15041 - 0 ] INFO  ipc.Client (Client.java:handleConnectionFailure(977)) - Retrying connect to server: localhost/127.0.0.1:15041. Already tried 6 time(s); retry policy is RetryUpToMaximumCountWithFixedSleep(maxRetries=15, sleepTime=1000 MILLISECONDS)
2021-10-05 13:25:14,810 [EndpointStateMachine task thread for /127.0.0.1:15031 - 0 ] INFO  ipc.Client (Client.java:handleConnectionFailure(977)) - Retrying connect to server: localhost/127.0.0.1:15031. Already tried 10 time(s); retry policy is RetryUpToMaximumCountWithFixedSleep(maxRetries=15, sleepTime=1000 MILLISECONDS)
2021-10-05 13:25:14,817 [EndpointStateMachine task thread for /127.0.0.1:15021 - 0 ] INFO  ipc.Client (Client.java:handleConnectionFailure(977)) - Retrying connect to server: localhost/127.0.0.1:15021. Already tried 10 time(s); retry policy is RetryUpToMaximumCountWithFixedSleep(maxRetries=15, sleepTime=1000 MILLISECONDS)
2021-10-05 13:25:15,698 [21490b65-0a55-46f3-b94a-dd719a327c14@group-5AA8DAB94A1F-LeaderStateImpl] INFO  server.RaftServer$Division (ServerState.java:setRaftConf(387)) - 21490b65-0a55-46f3-b94a-dd719a327c14@group-5AA8DAB94A1F: set configuration 25: [b6de9022-5a0e-4aec-a94e-4e214b276ef3|rpc:localhost:13548|priority:0, 21490b65-0a55-46f3-b94a-dd719a327c14|rpc:localhost:13528|admin:|client:|dataStream:|priority:0, 6d234f4d-474a-4c74-a9e9-8f3885fce584|rpc:localhost:13538|priority:0], old=[21490b65-0a55-46f3-b94a-dd719a327c14|rpc:localhost:13528|admin:|client:|dataStream:|priority:0, 6d234f4d-474a-4c74-a9e9-8f3885fce584|rpc:localhost:13538|priority:0]
2021-10-05 13:25:15,699 [grpc-default-executor-5] INFO  server.RaftServer$Division (ServerState.java:setRaftConf(387)) - 6d234f4d-474a-4c74-a9e9-8f3885fce584@group-5AA8DAB94A1F: set configuration 25: [b6de9022-5a0e-4aec-a94e-4e214b276ef3|rpc:localhost:13548|admin:|client:|dataStream:|priority:0, 21490b65-0a55-46f3-b94a-dd719a327c14|rpc:localhost:13528|admin:|client:|dataStream:|priority:0, 6d234f4d-474a-4c74-a9e9-8f3885fce584|rpc:localhost:13538|admin:|client:|dataStream:|priority:0], old=[21490b65-0a55-46f3-b94a-dd719a327c14|rpc:localhost:13528|admin:|client:|dataStream:|priority:0, 6d234f4d-474a-4c74-a9e9-8f3885fce584|rpc:localhost:13538|admin:|client:|dataStream:|priority:0]
2021-10-05 13:25:15,699 [grpc-default-executor-4] INFO  server.RaftServer$Division (ServerState.java:setRaftConf(387)) - b6de9022-5a0e-4aec-a94e-4e214b276ef3@group-5AA8DAB94A1F: set configuration 25: [b6de9022-5a0e-4aec-a94e-4e214b276ef3|rpc:localhost:13548|admin:|client:|dataStream:|priority:0, 21490b65-0a55-46f3-b94a-dd719a327c14|rpc:localhost:13528|admin:|client:|dataStream:|priority:0, 6d234f4d-474a-4c74-a9e9-8f3885fce584|rpc:localhost:13538|admin:|client:|dataStream:|priority:0], old=[21490b65-0a55-46f3-b94a-dd719a327c14|rpc:localhost:13528|admin:|client:|dataStream:|priority:0, 6d234f4d-474a-4c74-a9e9-8f3885fce584|rpc:localhost:13538|admin:|client:|dataStream:|priority:0]
2021-10-05 13:25:15,699 [grpc-default-executor-4] INFO  segmented.SegmentedRaftLogWorker (SegmentedRaftLogWorker.java:startLogSegment(394)) - b6de9022-5a0e-4aec-a94e-4e214b276ef3@group-5AA8DAB94A1F-SegmentedRaftLogWorker: Starting segment from index:25
2021-10-05 13:25:15,703 [b6de9022-5a0e-4aec-a94e-4e214b276ef3@group-5AA8DAB94A1F-SegmentedRaftLogWorker] INFO  segmented.SegmentedRaftLogWorker (SegmentedRaftLogWorker.java:execute(601)) - b6de9022-5a0e-4aec-a94e-4e214b276ef3@group-5AA8DAB94A1F-SegmentedRaftLogWorker: created new log segment /home/runner/work/ozone/ozone/hadoop-ozone/integration-test/target/test-dir/MiniOzoneClusterImpl-36b87918-66c6-4e2c-9c49-5aa8dab94a1f/scmNode-3/scm-ha/36b87918-66c6-4e2c-9c49-5aa8dab94a1f/current/log_inprogress_25
2021-10-05 13:25:15,709 [21490b65-0a55-46f3-b94a-dd719a327c14@group-5AA8DAB94A1F-StateMachineUpdater] INFO  ha.SCMStateMachine (SCMStateMachine.java:takeSnapshot(290)) - Current Snapshot Index 25, takeSnapshot took 0 ms
2021-10-05 13:25:15,709 [21490b65-0a55-46f3-b94a-dd719a327c14@group-5AA8DAB94A1F-StateMachineUpdater] INFO  impl.StateMachineUpdater (StateMachineUpdater.java:takeSnapshot(281)) - 21490b65-0a55-46f3-b94a-dd719a327c14@group-5AA8DAB94A1F-StateMachineUpdater: Took a snapshot at index 25
2021-10-05 13:25:15,709 [21490b65-0a55-46f3-b94a-dd719a327c14@group-5AA8DAB94A1F-StateMachineUpdater] INFO  impl.StateMachineUpdater (StateMachineUpdater.java:lambda$new$0(89)) - 21490b65-0a55-46f3-b94a-dd719a327c14@group-5AA8DAB94A1F-StateMachineUpdater: snapshotIndex: updateIncreasingly 20 -> 25
2021-10-05 13:25:15,709 [21490b65-0a55-46f3-b94a-dd719a327c14@group-5AA8DAB94A1F-StateMachineUpdater] INFO  raftlog.RaftLog (RaftLogBase.java:purge(306)) - 21490b65-0a55-46f3-b94a-dd719a327c14@group-5AA8DAB94A1F-SegmentedRaftLog: purge 25
2021-10-05 13:25:15,712 [21490b65-0a55-46f3-b94a-dd719a327c14@group-5AA8DAB94A1F-LeaderStateImpl] INFO  server.RaftServer$Division (ServerState.java:setRaftConf(387)) - 21490b65-0a55-46f3-b94a-dd719a327c14@group-5AA8DAB94A1F: set configuration 27: [b6de9022-5a0e-4aec-a94e-4e214b276ef3|rpc:localhost:13548|priority:0, 21490b65-0a55-46f3-b94a-dd719a327c14|rpc:localhost:13528|admin:|client:|dataStream:|priority:0, 6d234f4d-474a-4c74-a9e9-8f3885fce584|rpc:localhost:13538|priority:0], old=null
2021-10-05 13:25:15,712 [21490b65-0a55-46f3-b94a-dd719a327c14@group-5AA8DAB94A1F-StateMachineUpdater] INFO  raftlog.RaftLog (RaftLogBase.java:lambda$new$0(53)) - 21490b65-0a55-46f3-b94a-dd719a327c14@group-5AA8DAB94A1F-SegmentedRaftLog: snapshotIndex: updateIncreasingly 20 -> 25
2021-10-05 13:25:15,712 [21490b65-0a55-46f3-b94a-dd719a327c14@group-5AA8DAB94A1F-StateMachineUpdater] INFO  raftlog.RaftLog (RaftLogBase.java:lambda$new$0(53)) - 21490b65-0a55-46f3-b94a-dd719a327c14@group-5AA8DAB94A1F-SegmentedRaftLog: purgeIndex: updateToMax old=20, new=25, updated? true
2021-10-05 13:25:15,714 [grpc-default-executor-5] INFO  server.RaftServer$Division (ServerState.java:setRaftConf(387)) - b6de9022-5a0e-4aec-a94e-4e214b276ef3@group-5AA8DAB94A1F: set configuration 27: [b6de9022-5a0e-4aec-a94e-4e214b276ef3|rpc:localhost:13548|admin:|client:|dataStream:|priority:0, 21490b65-0a55-46f3-b94a-dd719a327c14|rpc:localhost:13528|admin:|client:|dataStream:|priority:0, 6d234f4d-474a-4c74-a9e9-8f3885fce584|rpc:localhost:13538|admin:|client:|dataStream:|priority:0], old=null
2021-10-05 13:25:15,714 [grpc-default-executor-4] INFO  server.RaftServer$Division (ServerState.java:setRaftConf(387)) - 6d234f4d-474a-4c74-a9e9-8f3885fce584@group-5AA8DAB94A1F: set configuration 27: [b6de9022-5a0e-4aec-a94e-4e214b276ef3|rpc:localhost:13548|admin:|client:|dataStream:|priority:0, 21490b65-0a55-46f3-b94a-dd719a327c14|rpc:localhost:13528|admin:|client:|dataStream:|priority:0, 6d234f4d-474a-4c74-a9e9-8f3885fce584|rpc:localhost:13538|admin:|client:|dataStream:|priority:0], old=null
2021-10-05 13:25:15,719 [6d234f4d-474a-4c74-a9e9-8f3885fce584@group-5AA8DAB94A1F-StateMachineUpdater] INFO  ha.SCMStateMachine (SCMStateMachine.java:takeSnapshot(290)) - Current Snapshot Index 25, takeSnapshot took 0 ms
2021-10-05 13:25:15,719 [6d234f4d-474a-4c74-a9e9-8f3885fce584@group-5AA8DAB94A1F-StateMachineUpdater] INFO  impl.StateMachineUpdater (StateMachineUpdater.java:takeSnapshot(281)) - 6d234f4d-474a-4c74-a9e9-8f3885fce584@group-5AA8DAB94A1F-StateMachineUpdater: Took a snapshot at index 25
2021-10-05 13:25:15,720 [6d234f4d-474a-4c74-a9e9-8f3885fce584@group-5AA8DAB94A1F-StateMachineUpdater] INFO  impl.StateMachineUpdater (StateMachineUpdater.java:lambda$new$0(89)) - 6d234f4d-474a-4c74-a9e9-8f3885fce584@group-5AA8DAB94A1F-StateMachineUpdater: snapshotIndex: updateIncreasingly 20 -> 25
2021-10-05 13:25:15,720 [6d234f4d-474a-4c74-a9e9-8f3885fce584@group-5AA8DAB94A1F-StateMachineUpdater] INFO  raftlog.RaftLog (RaftLogBase.java:purge(306)) - 6d234f4d-474a-4c74-a9e9-8f3885fce584@group-5AA8DAB94A1F-SegmentedRaftLog: purge 25
2021-10-05 13:25:15,720 [6d234f4d-474a-4c74-a9e9-8f3885fce584@group-5AA8DAB94A1F-StateMachineUpdater] INFO  raftlog.RaftLog (RaftLogBase.java:lambda$new$0(53)) - 6d234f4d-474a-4c74-a9e9-8f3885fce584@group-5AA8DAB94A1F-SegmentedRaftLog: snapshotIndex: updateIncreasingly 20 -> 25
2021-10-05 13:25:15,720 [6d234f4d-474a-4c74-a9e9-8f3885fce584@group-5AA8DAB94A1F-StateMachineUpdater] INFO  raftlog.RaftLog (RaftLogBase.java:lambda$new$0(53)) - 6d234f4d-474a-4c74-a9e9-8f3885fce584@group-5AA8DAB94A1F-SegmentedRaftLog: purgeIndex: updateToMax old=20, new=25, updated? true
2021-10-05 13:25:15,720 [IPC Server handler 2 on default port 13530] INFO  ha.SCMRatisServerImpl (SCMRatisServerImpl.java:addSCM(302)) - Successfully added new SCM: b6de9022-5a0e-4aec-a94e-4e214b276ef3.
2021-10-05 13:25:15,721 [Listener at 127.0.0.1/13296] INFO  ha.SCMHAManagerImpl (SCMHAManagerImpl.java:start(116)) - Successfully added SCM scmNode-3 to group group-5AA8DAB94A1F:[b6de9022-5a0e-4aec-a94e-4e214b276ef3|rpc:localhost:13548|admin:|client:|dataStream:|priority:0, 21490b65-0a55-46f3-b94a-dd719a327c14|rpc:localhost:13528|admin:|client:|dataStream:|priority:0, 6d234f4d-474a-4c74-a9e9-8f3885fce584|rpc:localhost:13538|admin:|client:|dataStream:|priority:0]
2021-10-05 13:25:15,721 [Listener at 127.0.0.1/13296] INFO  ha.InterSCMGrpcService (InterSCMGrpcProtocolService.java:start(94)) - Starting SCM Grpc Service at port 13552
2021-10-05 13:25:15,723 [Listener at 127.0.0.1/13296] INFO  impl.MetricsSystemImpl (MetricsSystemImpl.java:init(158)) - StorageContainerManager metrics system started (again)
2021-10-05 13:25:15,741 [b6de9022-5a0e-4aec-a94e-4e214b276ef3@group-5AA8DAB94A1F-StateMachineUpdater] INFO  safemode.HealthyPipelineSafeModeRule (HealthyPipelineSafeModeRule.java:initializeRule(152)) - Refreshed total pipeline count is 1, healthy pipeline threshold count is 1
2021-10-05 13:25:15,742 [b6de9022-5a0e-4aec-a94e-4e214b276ef3@group-5AA8DAB94A1F-StateMachineUpdater] INFO  safemode.ContainerSafeModeRule (ContainerSafeModeRule.java:reInitializeRule(177)) - Refreshed one replica container threshold 0, currentThreshold 0
2021-10-05 13:25:15,742 [b6de9022-5a0e-4aec-a94e-4e214b276ef3@group-5AA8DAB94A1F-StateMachineUpdater] INFO  safemode.OneReplicaPipelineSafeModeRule (OneReplicaPipelineSafeModeRule.java:initializeRule(176)) - Refreshed Total pipeline count is 1, pipeline's with at least one datanode reported threshold count is 1
2021-10-05 13:25:15,742 [b6de9022-5a0e-4aec-a94e-4e214b276ef3@group-5AA8DAB94A1F-StateMachineUpdater] INFO  server.SCMDatanodeProtocolServer (SCMDatanodeProtocolServer.java:start(181)) - RPC server for DataNodes is listening at /0.0.0.0:13549
2021-10-05 13:25:15,750 [EndpointStateMachine task thread for /127.0.0.1:15041 - 0 ] INFO  ipc.Client (Client.java:handleConnectionFailure(977)) - Retrying connect to server: localhost/127.0.0.1:15041. Already tried 7 time(s); retry policy is RetryUpToMaximumCountWithFixedSleep(maxRetries=15, sleepTime=1000 MILLISECONDS)
2021-10-05 13:25:15,752 [9cad18a2-4b78-4cb8-813e-2348ce620e43@group-9360A73A2ABC-FollowerState] INFO  impl.FollowerState (FollowerState.java:run(134)) - 9cad18a2-4b78-4cb8-813e-2348ce620e43@group-9360A73A2ABC-FollowerState: change to CANDIDATE, lastRpcElapsedTime:5169289041ns, electionTimeout:5165ms
2021-10-05 13:25:15,753 [9cad18a2-4b78-4cb8-813e-2348ce620e43@group-9360A73A2ABC-FollowerState] INFO  impl.RoleInfo (RoleInfo.java:shutdownFollowerState(108)) - 9cad18a2-4b78-4cb8-813e-2348ce620e43: shutdown 9cad18a2-4b78-4cb8-813e-2348ce620e43@group-9360A73A2ABC-FollowerState
2021-10-05 13:25:15,753 [9cad18a2-4b78-4cb8-813e-2348ce620e43@group-9360A73A2ABC-FollowerState] INFO  server.RaftServer$Division (RaftServerImpl.java:setRole(285)) - 9cad18a2-4b78-4cb8-813e-2348ce620e43@group-9360A73A2ABC: changes role from  FOLLOWER to CANDIDATE at term 2 for changeToCandidate
2021-10-05 13:25:15,753 [9cad18a2-4b78-4cb8-813e-2348ce620e43@group-9360A73A2ABC-FollowerState] INFO  server.RaftServerConfigKeys (ConfUtils.java:logGet(44)) - raft.server.leaderelection.pre-vote = false (custom)
2021-10-05 13:25:15,753 [9cad18a2-4b78-4cb8-813e-2348ce620e43@group-9360A73A2ABC-FollowerState] INFO  impl.RoleInfo (RoleInfo.java:updateAndGet(130)) - 9cad18a2-4b78-4cb8-813e-2348ce620e43: start 9cad18a2-4b78-4cb8-813e-2348ce620e43@group-9360A73A2ABC-LeaderElection24
2021-10-05 13:25:15,757 [830d4653-8da7-4c59-a1a4-1cd595539218@group-9360A73A2ABC-FollowerState] INFO  impl.FollowerState (FollowerState.java:run(134)) - 830d4653-8da7-4c59-a1a4-1cd595539218@group-9360A73A2ABC-FollowerState: change to CANDIDATE, lastRpcElapsedTime:5178814378ns, electionTimeout:5174ms
2021-10-05 13:25:15,757 [830d4653-8da7-4c59-a1a4-1cd595539218@group-9360A73A2ABC-FollowerState] INFO  impl.RoleInfo (RoleInfo.java:shutdownFollowerState(108)) - 830d4653-8da7-4c59-a1a4-1cd595539218: shutdown 830d4653-8da7-4c59-a1a4-1cd595539218@group-9360A73A2ABC-FollowerState
2021-10-05 13:25:15,757 [830d4653-8da7-4c59-a1a4-1cd595539218@group-9360A73A2ABC-FollowerState] INFO  server.RaftServer$Division (RaftServerImpl.java:setRole(285)) - 830d4653-8da7-4c59-a1a4-1cd595539218@group-9360A73A2ABC: changes role from  FOLLOWER to CANDIDATE at term 2 for changeToCandidate
2021-10-05 13:25:15,765 [IPC Server Responder] INFO  ipc.Server (Server.java:run(1507)) - IPC Server Responder: starting
2021-10-05 13:25:15,772 [830d4653-8da7-4c59-a1a4-1cd595539218@group-9360A73A2ABC-FollowerState] INFO  server.RaftServerConfigKeys (ConfUtils.java:logGet(44)) - raft.server.leaderelection.pre-vote = false (custom)
2021-10-05 13:25:15,772 [830d4653-8da7-4c59-a1a4-1cd595539218@group-9360A73A2ABC-FollowerState] INFO  impl.RoleInfo (RoleInfo.java:updateAndGet(130)) - 830d4653-8da7-4c59-a1a4-1cd595539218: start 830d4653-8da7-4c59-a1a4-1cd595539218@group-9360A73A2ABC-LeaderElection25
2021-10-05 13:25:15,772 [IPC Server listener on 13549] INFO  ipc.Server (Server.java:run(1344)) - IPC Server listener on 13549: starting
2021-10-05 13:25:15,784 [9cad18a2-4b78-4cb8-813e-2348ce620e43@group-9360A73A2ABC-LeaderElection24] INFO  impl.LeaderElection (LeaderElection.java:askForVotes(306)) - 9cad18a2-4b78-4cb8-813e-2348ce620e43@group-9360A73A2ABC-LeaderElection24 ELECTION round 0: submit vote requests at term 3 for -1: [b668fbba-0931-4533-8c87-c6849aaa836f|rpc:127.0.0.1:40511|dataStream:|priority:0, 830d4653-8da7-4c59-a1a4-1cd595539218|rpc:127.0.0.1:42995|dataStream:|priority:0, 9cad18a2-4b78-4cb8-813e-2348ce620e43|rpc:127.0.0.1:34379|dataStream:|priority:1], old=null
2021-10-05 13:25:15,791 [b668fbba-0931-4533-8c87-c6849aaa836f@group-9360A73A2ABC-FollowerState] INFO  impl.FollowerState (FollowerState.java:run(134)) - b668fbba-0931-4533-8c87-c6849aaa836f@group-9360A73A2ABC-FollowerState: change to CANDIDATE, lastRpcElapsedTime:5189990970ns, electionTimeout:5182ms
2021-10-05 13:25:15,791 [b668fbba-0931-4533-8c87-c6849aaa836f@group-9360A73A2ABC-FollowerState] INFO  impl.RoleInfo (RoleInfo.java:shutdownFollowerState(108)) - b668fbba-0931-4533-8c87-c6849aaa836f: shutdown b668fbba-0931-4533-8c87-c6849aaa836f@group-9360A73A2ABC-FollowerState
2021-10-05 13:25:15,792 [b668fbba-0931-4533-8c87-c6849aaa836f@group-9360A73A2ABC-FollowerState] INFO  server.RaftServer$Division (RaftServerImpl.java:setRole(285)) - b668fbba-0931-4533-8c87-c6849aaa836f@group-9360A73A2ABC: changes role from  FOLLOWER to CANDIDATE at term 2 for changeToCandidate
2021-10-05 13:25:15,792 [Listener at 127.0.0.1/13296] INFO  server.SCMClientProtocolServer (SCMClientProtocolServer.java:start(164)) - RPC server for Client  is listening at /0.0.0.0:13551
2021-10-05 13:25:15,795 [IPC Server Responder] INFO  ipc.Server (Server.java:run(1507)) - IPC Server Responder: starting
2021-10-05 13:25:15,803 [IPC Server listener on 13551] INFO  ipc.Server (Server.java:run(1344)) - IPC Server listener on 13551: starting
2021-10-05 13:25:15,810 [EndpointStateMachine task thread for /127.0.0.1:15031 - 0 ] INFO  ipc.Client (Client.java:handleConnectionFailure(977)) - Retrying connect to server: localhost/127.0.0.1:15031. Already tried 11 time(s); retry policy is RetryUpToMaximumCountWithFixedSleep(maxRetries=15, sleepTime=1000 MILLISECONDS)
2021-10-05 13:25:15,817 [EndpointStateMachine task thread for /127.0.0.1:15021 - 0 ] INFO  ipc.Client (Client.java:handleConnectionFailure(977)) - Retrying connect to server: localhost/127.0.0.1:15021. Already tried 11 time(s); retry policy is RetryUpToMaximumCountWithFixedSleep(maxRetries=15, sleepTime=1000 MILLISECONDS)
2021-10-05 13:25:15,840 [Listener at 127.0.0.1/13296] INFO  server.StorageContainerManager (StorageContainerManager.java:start(1318)) - ScmBlockLocationProtocol RPC server is listening at /0.0.0.0:13550
2021-10-05 13:25:15,840 [Listener at 127.0.0.1/13296] INFO  server.SCMBlockProtocolServer (SCMBlockProtocolServer.java:start(151)) - RPC server for Block Protocol is listening at /0.0.0.0:13550
2021-10-05 13:25:15,841 [IPC Server Responder] INFO  ipc.Server (Server.java:run(1507)) - IPC Server Responder: starting
2021-10-05 13:25:15,841 [IPC Server listener on 13550] INFO  ipc.Server (Server.java:run(1344)) - IPC Server listener on 13550: starting
2021-10-05 13:25:15,842 [Listener at 127.0.0.1/13296] INFO  server.StorageContainerManager (StorageContainerManager.java:start(1324)) - ScmDatanodeProtocl RPC server is listening at /0.0.0.0:13549
2021-10-05 13:25:15,852 [Listener at 127.0.0.1/13296] INFO  http.BaseHttpServer (BaseHttpServer.java:newHttpServer2BuilderForOzone(209)) - Starting Web-server for scm at: http://0.0.0.0:13546
2021-10-05 13:25:15,852 [Listener at 127.0.0.1/13296] INFO  http.BaseHttpServer (BaseHttpServer.java:<init>(107)) - Hadoop Security Enabled: false Ozone Security Enabled: false Ozone HTTP Security Enabled: false 
2021-10-05 13:25:15,853 [Listener at 127.0.0.1/13296] INFO  server.AuthenticationFilter (AuthenticationFilter.java:constructSecretProvider(240)) - Unable to initialize FileSignerSecretProvider, falling back to use random secrets.
2021-10-05 13:25:15,859 [b668fbba-0931-4533-8c87-c6849aaa836f@group-9360A73A2ABC-FollowerState] INFO  server.RaftServerConfigKeys (ConfUtils.java:logGet(44)) - raft.server.leaderelection.pre-vote = false (custom)
2021-10-05 13:25:15,859 [b668fbba-0931-4533-8c87-c6849aaa836f@group-9360A73A2ABC-FollowerState] INFO  impl.RoleInfo (RoleInfo.java:updateAndGet(130)) - b668fbba-0931-4533-8c87-c6849aaa836f: start b668fbba-0931-4533-8c87-c6849aaa836f@group-9360A73A2ABC-LeaderElection26
2021-10-05 13:25:15,867 [org.apache.hadoop.util.JvmPauseMonitor$Monitor@3466cba1] INFO  util.JvmPauseMonitor (JvmPauseMonitor.java:run(188)) - Starting JVM pause monitor
2021-10-05 13:25:15,875 [grpc-default-executor-4] INFO  server.RaftServer$Division (RaftServerImpl.java:requestVote(1043)) - b668fbba-0931-4533-8c87-c6849aaa836f@group-9360A73A2ABC: receive requestVote(ELECTION, 9cad18a2-4b78-4cb8-813e-2348ce620e43, group-9360A73A2ABC, 3, (t:0, i:0))
2021-10-05 13:25:15,883 [830d4653-8da7-4c59-a1a4-1cd595539218@group-9360A73A2ABC-LeaderElection25] INFO  impl.LeaderElection (LeaderElection.java:askForVotes(306)) - 830d4653-8da7-4c59-a1a4-1cd595539218@group-9360A73A2ABC-LeaderElection25 ELECTION round 0: submit vote requests at term 3 for -1: [b668fbba-0931-4533-8c87-c6849aaa836f|rpc:127.0.0.1:40511|dataStream:|priority:0, 830d4653-8da7-4c59-a1a4-1cd595539218|rpc:127.0.0.1:42995|dataStream:|priority:0, 9cad18a2-4b78-4cb8-813e-2348ce620e43|rpc:127.0.0.1:34379|dataStream:|priority:1], old=null
2021-10-05 13:25:15,886 [grpc-default-executor-5] INFO  server.RaftServer$Division (RaftServerImpl.java:requestVote(1043)) - 830d4653-8da7-4c59-a1a4-1cd595539218@group-9360A73A2ABC: receive requestVote(ELECTION, 9cad18a2-4b78-4cb8-813e-2348ce620e43, group-9360A73A2ABC, 3, (t:0, i:0))
2021-10-05 13:25:15,887 [grpc-default-executor-5] INFO  impl.VoteContext (VoteContext.java:log(48)) - 830d4653-8da7-4c59-a1a4-1cd595539218@group-9360A73A2ABC-CANDIDATE: reject ELECTION from 9cad18a2-4b78-4cb8-813e-2348ce620e43: already has voted for 830d4653-8da7-4c59-a1a4-1cd595539218 at current term 3
2021-10-05 13:25:15,887 [grpc-default-executor-5] INFO  server.RaftServer$Division (RaftServerImpl.java:requestVote(1075)) - 830d4653-8da7-4c59-a1a4-1cd595539218@group-9360A73A2ABC replies to ELECTION vote request: 9cad18a2-4b78-4cb8-813e-2348ce620e43<-830d4653-8da7-4c59-a1a4-1cd595539218#0:FAIL-t3. Peer's state: 830d4653-8da7-4c59-a1a4-1cd595539218@group-9360A73A2ABC:t3, leader=null, voted=830d4653-8da7-4c59-a1a4-1cd595539218, raftlog=830d4653-8da7-4c59-a1a4-1cd595539218@group-9360A73A2ABC-SegmentedRaftLog:OPENED:c-1,f-1,i0, conf=-1: [b668fbba-0931-4533-8c87-c6849aaa836f|rpc:127.0.0.1:40511|dataStream:|priority:0, 830d4653-8da7-4c59-a1a4-1cd595539218|rpc:127.0.0.1:42995|dataStream:|priority:0, 9cad18a2-4b78-4cb8-813e-2348ce620e43|rpc:127.0.0.1:34379|dataStream:|priority:1], old=null
2021-10-05 13:25:15,888 [Listener at 127.0.0.1/13296] WARN  http.HttpRequestLog (HttpRequestLog.java:getRequestLog(103)) - Jetty request log can only be enabled using Log4j
2021-10-05 13:25:15,889 [Listener at 127.0.0.1/13296] INFO  http.HttpServer2 (HttpServer2.java:addGlobalFilter(1030)) - Added global filter 'safety' (class=org.apache.hadoop.hdds.server.http.HttpServer2$QuotingInputFilter)
2021-10-05 13:25:15,889 [Listener at 127.0.0.1/13296] INFO  http.HttpServer2 (HttpServer2.java:addFilter(1006)) - Added filter static_user_filter (class=org.apache.hadoop.http.lib.StaticUserWebFilter$StaticUserFilter) to context scm
2021-10-05 13:25:15,890 [Listener at 127.0.0.1/13296] INFO  http.HttpServer2 (HttpServer2.java:addFilter(1014)) - Added filter static_user_filter (class=org.apache.hadoop.http.lib.StaticUserWebFilter$StaticUserFilter) to context static
2021-10-05 13:25:15,890 [Listener at 127.0.0.1/13296] INFO  http.HttpServer2 (HttpServer2.java:addFilter(1014)) - Added filter static_user_filter (class=org.apache.hadoop.http.lib.StaticUserWebFilter$StaticUserFilter) to context logs
2021-10-05 13:25:15,890 [Listener at 127.0.0.1/13296] INFO  http.HttpServer2 (HttpServer2.java:bindListener(1249)) - Jetty bound to port 13546
2021-10-05 13:25:15,890 [Listener at 127.0.0.1/13296] INFO  server.Server (Server.java:doStart(375)) - jetty-9.4.43.v20210629; built: 2021-06-30T11:07:22.254Z; git: 526006ecfa3af7f1a27ef3a288e2bef7ea9dd7e8; jvm 1.8.0_292-b10
2021-10-05 13:25:15,902 [Listener at 127.0.0.1/13296] INFO  server.session (DefaultSessionIdManager.java:doStart(334)) - DefaultSessionIdManager workerName=node0
2021-10-05 13:25:15,902 [Listener at 127.0.0.1/13296] INFO  server.session (DefaultSessionIdManager.java:doStart(339)) - No SessionScavenger set, using defaults
2021-10-05 13:25:15,902 [Listener at 127.0.0.1/13296] INFO  server.session (HouseKeeper.java:startScavenging(132)) - node0 Scavenging every 660000ms
2021-10-05 13:25:15,903 [Listener at 127.0.0.1/13296] INFO  handler.ContextHandler (ContextHandler.java:doStart(915)) - Started o.e.j.s.ServletContextHandler@64ac6960{logs,/logs,file:///home/runner/work/ozone/ozone/hadoop-ozone/integration-test/target/log,AVAILABLE}
2021-10-05 13:25:15,904 [Listener at 127.0.0.1/13296] INFO  handler.ContextHandler (ContextHandler.java:doStart(915)) - Started o.e.j.s.ServletContextHandler@57c7e57{static,/static,file:///home/runner/work/ozone/ozone/hadoop-ozone/integration-test/target/test-classes/webapps/static,AVAILABLE}
2021-10-05 13:25:15,908 [Listener at 127.0.0.1/13296] INFO  handler.ContextHandler (ContextHandler.java:doStart(915)) - Started o.e.j.w.WebAppContext@1b01a0b4{scm,/,file:///home/runner/work/ozone/ozone/hadoop-ozone/integration-test/target/test-classes/webapps/scm/,AVAILABLE}{file:/home/runner/work/ozone/ozone/hadoop-ozone/integration-test/target/test-classes/webapps/scm}
2021-10-05 13:25:15,908 [grpc-default-executor-4] INFO  impl.VoteContext (VoteContext.java:log(48)) - b668fbba-0931-4533-8c87-c6849aaa836f@group-9360A73A2ABC-CANDIDATE: accept ELECTION from 9cad18a2-4b78-4cb8-813e-2348ce620e43: our priority 0 <= candidate's priority 1
2021-10-05 13:25:15,909 [grpc-default-executor-4] INFO  server.RaftServer$Division (RaftServerImpl.java:setRole(285)) - b668fbba-0931-4533-8c87-c6849aaa836f@group-9360A73A2ABC: changes role from CANDIDATE to FOLLOWER at term 3 for candidate:9cad18a2-4b78-4cb8-813e-2348ce620e43
2021-10-05 13:25:15,909 [grpc-default-executor-4] INFO  impl.RoleInfo (RoleInfo.java:shutdownLeaderElection(121)) - b668fbba-0931-4533-8c87-c6849aaa836f: shutdown b668fbba-0931-4533-8c87-c6849aaa836f@group-9360A73A2ABC-LeaderElection26
2021-10-05 13:25:15,909 [grpc-default-executor-4] INFO  impl.RoleInfo (RoleInfo.java:updateAndGet(130)) - b668fbba-0931-4533-8c87-c6849aaa836f: start b668fbba-0931-4533-8c87-c6849aaa836f@group-9360A73A2ABC-FollowerState
2021-10-05 13:25:15,909 [b668fbba-0931-4533-8c87-c6849aaa836f@group-9360A73A2ABC-LeaderElection26] INFO  impl.LeaderElection (LeaderElection.java:run(230)) - b668fbba-0931-4533-8c87-c6849aaa836f@group-9360A73A2ABC-LeaderElection26: skip running since this is already CLOSING
2021-10-05 13:25:15,911 [grpc-default-executor-4] INFO  server.RaftServer$Division (RaftServerImpl.java:requestVote(1075)) - b668fbba-0931-4533-8c87-c6849aaa836f@group-9360A73A2ABC replies to ELECTION vote request: 9cad18a2-4b78-4cb8-813e-2348ce620e43<-b668fbba-0931-4533-8c87-c6849aaa836f#0:OK-t3. Peer's state: b668fbba-0931-4533-8c87-c6849aaa836f@group-9360A73A2ABC:t3, leader=null, voted=9cad18a2-4b78-4cb8-813e-2348ce620e43, raftlog=b668fbba-0931-4533-8c87-c6849aaa836f@group-9360A73A2ABC-SegmentedRaftLog:OPENED:c-1,f-1,i0, conf=-1: [b668fbba-0931-4533-8c87-c6849aaa836f|rpc:127.0.0.1:40511|priority:0, 830d4653-8da7-4c59-a1a4-1cd595539218|rpc:127.0.0.1:42995|priority:0, 9cad18a2-4b78-4cb8-813e-2348ce620e43|rpc:127.0.0.1:34379|priority:1], old=null
2021-10-05 13:25:15,914 [IPC Server handler 0 on default port 13549] INFO  ipc.Server (Server.java:run(1026)) - IPC Server handler 0 on default port 13549: skipped Call#317 Retry#0 org.apache.hadoop.ozone.protocol.StorageContainerDatanodeProtocol.submitRequest from 127.0.0.1:47908
2021-10-05 13:25:15,915 [IPC Server handler 0 on default port 13549] INFO  ipc.Server (Server.java:run(1026)) - IPC Server handler 0 on default port 13549: skipped Call#272 Retry#0 org.apache.hadoop.ozone.protocol.StorageContainerDatanodeProtocol.submitRequest from 127.0.0.1:47858
2021-10-05 13:25:15,915 [IPC Server handler 0 on default port 13549] INFO  ipc.Server (Server.java:run(1026)) - IPC Server handler 0 on default port 13549: skipped Call#249 Retry#0 org.apache.hadoop.ozone.protocol.StorageContainerDatanodeProtocol.submitRequest from 127.0.0.1:47820
2021-10-05 13:25:15,915 [IPC Server handler 2 on default port 13549] INFO  ipc.Server (Server.java:run(1026)) - IPC Server handler 2 on default port 13549: skipped Call#355 Retry#0 org.apache.hadoop.ozone.protocol.StorageContainerDatanodeProtocol.submitRequest from 127.0.0.1:47960
2021-10-05 13:25:15,916 [IPC Server handler 2 on default port 13549] INFO  ipc.Server (Server.java:run(1026)) - IPC Server handler 2 on default port 13549: skipped Call#318 Retry#0 org.apache.hadoop.ozone.protocol.StorageContainerDatanodeProtocol.submitRequest from 127.0.0.1:47908
2021-10-05 13:25:15,916 [IPC Server handler 2 on default port 13549] INFO  ipc.Server (Server.java:run(1026)) - IPC Server handler 2 on default port 13549: skipped Call#273 Retry#0 org.apache.hadoop.ozone.protocol.StorageContainerDatanodeProtocol.submitRequest from 127.0.0.1:47858
2021-10-05 13:25:15,916 [IPC Server handler 2 on default port 13549] INFO  ipc.Server (Server.java:run(1026)) - IPC Server handler 2 on default port 13549: skipped Call#252 Retry#0 org.apache.hadoop.ozone.protocol.StorageContainerDatanodeProtocol.submitRequest from 127.0.0.1:47820
2021-10-05 13:25:15,921 [Listener at 127.0.0.1/13296] INFO  server.AbstractConnector (AbstractConnector.java:doStart(331)) - Started ServerConnector@119940b4{HTTP/1.1, (http/1.1)}{0.0.0.0:13546}
2021-10-05 13:25:15,921 [Listener at 127.0.0.1/13296] INFO  server.Server (Server.java:doStart(415)) - Started @109580ms
2021-10-05 13:25:15,921 [Listener at 127.0.0.1/13296] WARN  impl.MetricsSystemImpl (MetricsSystemImpl.java:register(279)) - Sink prometheus already exists!
2021-10-05 13:25:15,922 [IPC Server handler 0 on default port 13549] INFO  ipc.Server (Server.java:run(1026)) - IPC Server handler 0 on default port 13549: skipped Call#356 Retry#0 org.apache.hadoop.ozone.protocol.StorageContainerDatanodeProtocol.submitRequest from 127.0.0.1:47960
2021-10-05 13:25:15,922 [IPC Server handler 0 on default port 13549] INFO  ipc.Server (Server.java:run(1026)) - IPC Server handler 0 on default port 13549: skipped Call#319 Retry#0 org.apache.hadoop.ozone.protocol.StorageContainerDatanodeProtocol.submitRequest from 127.0.0.1:47908
2021-10-05 13:25:15,922 [IPC Server handler 0 on default port 13549] INFO  ipc.Server (Server.java:run(1026)) - IPC Server handler 0 on default port 13549: skipped Call#274 Retry#0 org.apache.hadoop.ozone.protocol.StorageContainerDatanodeProtocol.submitRequest from 127.0.0.1:47858
2021-10-05 13:25:15,923 [IPC Server handler 0 on default port 13549] INFO  ipc.Server (Server.java:run(1026)) - IPC Server handler 0 on default port 13549: skipped Call#255 Retry#0 org.apache.hadoop.ozone.protocol.StorageContainerDatanodeProtocol.submitRequest from 127.0.0.1:47820
2021-10-05 13:25:15,923 [IPC Server handler 0 on default port 13549] INFO  ipc.Server (Server.java:run(1026)) - IPC Server handler 0 on default port 13549: skipped Call#357 Retry#0 org.apache.hadoop.ozone.protocol.StorageContainerDatanodeProtocol.submitRequest from 127.0.0.1:47960
2021-10-05 13:25:15,924 [EndpointStateMachine task thread for /127.0.0.1:13549 - 0 ] INFO  ozoneimpl.OzoneContainer (OzoneContainer.java:start(300)) - Ignore. OzoneContainer already started.
2021-10-05 13:25:15,924 [Listener at 127.0.0.1/13296] INFO  http.BaseHttpServer (BaseHttpServer.java:updateConnectorAddress(329)) - HTTP server of scm listening at http://0.0.0.0:13546
2021-10-05 13:25:15,924 [Listener at 127.0.0.1/13296] INFO  safemode.SCMSafeModeManager (SCMSafeModeManager.java:exitSafeMode(248)) - SCM exiting safe mode.
2021-10-05 13:25:15,924 [Listener at 127.0.0.1/13296] WARN  events.EventQueue (EventQueue.java:fireEvent(194)) - No event handler registered for event TypedEvent{payloadType=SafeModeStatus, name='Safe mode status'}
2021-10-05 13:25:15,924 [Listener at 127.0.0.1/13296] INFO  ha.SCMContext (SCMContext.java:updateSafeModeStatus(205)) - Update SafeModeStatus from SafeModeStatus{safeModeStatus=true, preCheckPassed=false} to SafeModeStatus{safeModeStatus=false, preCheckPassed=true}.
2021-10-05 13:25:15,925 [EndpointStateMachine task thread for /127.0.0.1:13549 - 0 ] INFO  ozoneimpl.OzoneContainer (OzoneContainer.java:start(300)) - Ignore. OzoneContainer already started.
2021-10-05 13:25:15,927 [EndpointStateMachine task thread for /127.0.0.1:13549 - 0 ] INFO  ozoneimpl.OzoneContainer (OzoneContainer.java:start(300)) - Ignore. OzoneContainer already started.
2021-10-05 13:25:15,929 [9cad18a2-4b78-4cb8-813e-2348ce620e43@group-9360A73A2ABC-LeaderElection24] INFO  impl.LeaderElection (LeaderElection.java:logAndReturn(89)) - 9cad18a2-4b78-4cb8-813e-2348ce620e43@group-9360A73A2ABC-LeaderElection24: ELECTION PASSED received 2 response(s) and 0 exception(s):
2021-10-05 13:25:15,929 [9cad18a2-4b78-4cb8-813e-2348ce620e43@group-9360A73A2ABC-LeaderElection24] INFO  impl.LeaderElection (LeaderElection.java:logAndReturn(93)) -   Response 0: 9cad18a2-4b78-4cb8-813e-2348ce620e43<-b668fbba-0931-4533-8c87-c6849aaa836f#0:OK-t3
2021-10-05 13:25:15,929 [9cad18a2-4b78-4cb8-813e-2348ce620e43@group-9360A73A2ABC-LeaderElection24] INFO  impl.LeaderElection (LeaderElection.java:logAndReturn(93)) -   Response 1: 9cad18a2-4b78-4cb8-813e-2348ce620e43<-830d4653-8da7-4c59-a1a4-1cd595539218#0:FAIL-t3
2021-10-05 13:25:15,929 [9cad18a2-4b78-4cb8-813e-2348ce620e43@group-9360A73A2ABC-LeaderElection24] INFO  impl.LeaderElection (LeaderElection.java:askForVotes(308)) - 9cad18a2-4b78-4cb8-813e-2348ce620e43@group-9360A73A2ABC-LeaderElection24 ELECTION round 0: result PASSED
2021-10-05 13:25:15,929 [9cad18a2-4b78-4cb8-813e-2348ce620e43@group-9360A73A2ABC-LeaderElection24] INFO  impl.RoleInfo (RoleInfo.java:shutdownLeaderElection(121)) - 9cad18a2-4b78-4cb8-813e-2348ce620e43: shutdown 9cad18a2-4b78-4cb8-813e-2348ce620e43@group-9360A73A2ABC-LeaderElection24
2021-10-05 13:25:15,929 [9cad18a2-4b78-4cb8-813e-2348ce620e43@group-9360A73A2ABC-LeaderElection24] INFO  server.RaftServer$Division (RaftServerImpl.java:setRole(285)) - 9cad18a2-4b78-4cb8-813e-2348ce620e43@group-9360A73A2ABC: changes role from CANDIDATE to LEADER at term 3 for changeToLeader
2021-10-05 13:25:15,929 [9cad18a2-4b78-4cb8-813e-2348ce620e43@group-9360A73A2ABC-LeaderElection24] INFO  ratis.XceiverServerRatis (XceiverServerRatis.java:handleLeaderChangedNotification(861)) - Leader change notification received for group: group-9360A73A2ABC with new leaderId: 9cad18a2-4b78-4cb8-813e-2348ce620e43
2021-10-05 13:25:15,929 [9cad18a2-4b78-4cb8-813e-2348ce620e43@group-9360A73A2ABC-LeaderElection24] INFO  server.RaftServer$Division (ServerState.java:setLeader(285)) - 9cad18a2-4b78-4cb8-813e-2348ce620e43@group-9360A73A2ABC: change Leader from null to 9cad18a2-4b78-4cb8-813e-2348ce620e43 at term 3 for becomeLeader, leader elected after 15472ms
2021-10-05 13:25:15,929 [grpc-default-executor-4] INFO  server.RaftServer$Division (RaftServerImpl.java:requestVote(1043)) - b668fbba-0931-4533-8c87-c6849aaa836f@group-9360A73A2ABC: receive requestVote(ELECTION, 830d4653-8da7-4c59-a1a4-1cd595539218, group-9360A73A2ABC, 3, (t:0, i:0))
2021-10-05 13:25:15,929 [grpc-default-executor-4] INFO  impl.VoteContext (VoteContext.java:log(48)) - b668fbba-0931-4533-8c87-c6849aaa836f@group-9360A73A2ABC-FOLLOWER: reject ELECTION from 830d4653-8da7-4c59-a1a4-1cd595539218: already has voted for 9cad18a2-4b78-4cb8-813e-2348ce620e43 at current term 3
2021-10-05 13:25:15,929 [grpc-default-executor-4] INFO  server.RaftServer$Division (RaftServerImpl.java:requestVote(1075)) - b668fbba-0931-4533-8c87-c6849aaa836f@group-9360A73A2ABC replies to ELECTION vote request: 830d4653-8da7-4c59-a1a4-1cd595539218<-b668fbba-0931-4533-8c87-c6849aaa836f#0:FAIL-t3. Peer's state: b668fbba-0931-4533-8c87-c6849aaa836f@group-9360A73A2ABC:t3, leader=null, voted=9cad18a2-4b78-4cb8-813e-2348ce620e43, raftlog=b668fbba-0931-4533-8c87-c6849aaa836f@group-9360A73A2ABC-SegmentedRaftLog:OPENED:c-1,f-1,i0, conf=-1: [b668fbba-0931-4533-8c87-c6849aaa836f|rpc:127.0.0.1:40511|priority:0, 830d4653-8da7-4c59-a1a4-1cd595539218|rpc:127.0.0.1:42995|priority:0, 9cad18a2-4b78-4cb8-813e-2348ce620e43|rpc:127.0.0.1:34379|priority:1], old=null
2021-10-05 13:25:15,929 [9cad18a2-4b78-4cb8-813e-2348ce620e43@group-9360A73A2ABC-LeaderElection24] INFO  server.RaftServerConfigKeys (ConfUtils.java:logGet(44)) - raft.server.staging.catchup.gap = 1000 (default)
2021-10-05 13:25:15,930 [9cad18a2-4b78-4cb8-813e-2348ce620e43@group-9360A73A2ABC-LeaderElection24] INFO  server.RaftServerConfigKeys (ConfUtils.java:logGet(44)) - raft.server.write.element-limit = 1024 (custom)
2021-10-05 13:25:15,930 [9cad18a2-4b78-4cb8-813e-2348ce620e43@group-9360A73A2ABC-LeaderElection24] INFO  server.RaftServerConfigKeys (ConfUtils.java:logGet(44)) - raft.server.write.byte-limit = 1024 M (=1073741824) (custom)
2021-10-05 13:25:15,930 [9cad18a2-4b78-4cb8-813e-2348ce620e43@group-9360A73A2ABC-LeaderElection24] INFO  server.RaftServerConfigKeys (ConfUtils.java:logGet(44)) - raft.server.watch.timeout = 180s (custom)
2021-10-05 13:25:15,930 [9cad18a2-4b78-4cb8-813e-2348ce620e43@group-9360A73A2ABC-LeaderElection24] INFO  server.RaftServerConfigKeys (ConfUtils.java:logGet(44)) - raft.server.watch.timeout.denomination = 1s (default)
2021-10-05 13:25:15,930 [9cad18a2-4b78-4cb8-813e-2348ce620e43@group-9360A73A2ABC-LeaderElection24] INFO  server.RaftServerConfigKeys (ConfUtils.java:logGet(44)) - raft.server.watch.element-limit = 65536 (default)
2021-10-05 13:25:15,930 [9cad18a2-4b78-4cb8-813e-2348ce620e43@group-9360A73A2ABC-LeaderElection24] INFO  server.RaftServerConfigKeys (ConfUtils.java:logGet(44)) - raft.server.log.appender.snapshot.chunk.size.max = 16MB (=16777216) (default)
2021-10-05 13:25:15,931 [9cad18a2-4b78-4cb8-813e-2348ce620e43@group-9360A73A2ABC-LeaderElection24] INFO  server.RaftServerConfigKeys (ConfUtils.java:logGet(44)) - raft.server.log.appender.buffer.byte-limit = 33554432 (custom)
2021-10-05 13:25:15,931 [9cad18a2-4b78-4cb8-813e-2348ce620e43@group-9360A73A2ABC-LeaderElection24] INFO  server.RaftServerConfigKeys (ConfUtils.java:logGet(44)) - raft.server.log.appender.buffer.element-limit = 1 (custom)
2021-10-05 13:25:15,931 [9cad18a2-4b78-4cb8-813e-2348ce620e43@group-9360A73A2ABC-LeaderElection24] INFO  grpc.GrpcConfigKeys (ConfUtils.java:logGet(44)) - raft.grpc.server.leader.outstanding.appends.max = 128 (default)
2021-10-05 13:25:15,931 [9cad18a2-4b78-4cb8-813e-2348ce620e43@group-9360A73A2ABC-LeaderElection24] INFO  server.RaftServerConfigKeys (ConfUtils.java:logGet(44)) - raft.server.rpc.request.timeout = 60s (custom)
2021-10-05 13:25:15,931 [9cad18a2-4b78-4cb8-813e-2348ce620e43@group-9360A73A2ABC-LeaderElection24] INFO  server.RaftServerConfigKeys (ConfUtils.java:logGet(44)) - raft.server.log.appender.install.snapshot.enabled = false (custom)
2021-10-05 13:25:15,933 [9cad18a2-4b78-4cb8-813e-2348ce620e43@group-9360A73A2ABC-LeaderElection24] INFO  server.RaftServerConfigKeys (ConfUtils.java:logGet(44)) - raft.server.log.appender.snapshot.chunk.size.max = 16MB (=16777216) (default)
2021-10-05 13:25:15,933 [9cad18a2-4b78-4cb8-813e-2348ce620e43@group-9360A73A2ABC-LeaderElection24] INFO  server.RaftServerConfigKeys (ConfUtils.java:logGet(44)) - raft.server.log.appender.buffer.byte-limit = 33554432 (custom)
2021-10-05 13:25:15,933 [9cad18a2-4b78-4cb8-813e-2348ce620e43@group-9360A73A2ABC-LeaderElection24] INFO  server.RaftServerConfigKeys (ConfUtils.java:logGet(44)) - raft.server.log.appender.buffer.element-limit = 1 (custom)
2021-10-05 13:25:15,933 [9cad18a2-4b78-4cb8-813e-2348ce620e43@group-9360A73A2ABC-LeaderElection24] INFO  grpc.GrpcConfigKeys (ConfUtils.java:logGet(44)) - raft.grpc.server.leader.outstanding.appends.max = 128 (default)
2021-10-05 13:25:15,933 [9cad18a2-4b78-4cb8-813e-2348ce620e43@group-9360A73A2ABC-LeaderElection24] INFO  server.RaftServerConfigKeys (ConfUtils.java:logGet(44)) - raft.server.rpc.request.timeout = 60s (custom)
2021-10-05 13:25:15,933 [9cad18a2-4b78-4cb8-813e-2348ce620e43@group-9360A73A2ABC-LeaderElection24] INFO  server.RaftServerConfigKeys (ConfUtils.java:logGet(44)) - raft.server.log.appender.install.snapshot.enabled = false (custom)
2021-10-05 13:25:15,934 [9cad18a2-4b78-4cb8-813e-2348ce620e43@group-9360A73A2ABC-LeaderElection24] INFO  impl.RoleInfo (RoleInfo.java:updateAndGet(130)) - 9cad18a2-4b78-4cb8-813e-2348ce620e43: start 9cad18a2-4b78-4cb8-813e-2348ce620e43@group-9360A73A2ABC-LeaderStateImpl
2021-10-05 13:25:15,935 [9cad18a2-4b78-4cb8-813e-2348ce620e43@group-9360A73A2ABC-LeaderElection24] INFO  segmented.SegmentedRaftLogWorker (SegmentedRaftLogWorker.java:startLogSegment(394)) - 9cad18a2-4b78-4cb8-813e-2348ce620e43@group-9360A73A2ABC-SegmentedRaftLogWorker: Starting segment from index:0
2021-10-05 13:25:15,938 [9cad18a2-4b78-4cb8-813e-2348ce620e43@group-9360A73A2ABC-SegmentedRaftLogWorker] INFO  segmented.SegmentedRaftLogWorker (SegmentedRaftLogWorker.java:execute(601)) - 9cad18a2-4b78-4cb8-813e-2348ce620e43@group-9360A73A2ABC-SegmentedRaftLogWorker: created new log segment /home/runner/work/ozone/ozone/hadoop-ozone/integration-test/target/test-dir/MiniOzoneClusterImpl-36b87918-66c6-4e2c-9c49-5aa8dab94a1f/datanode-2/data/ratis/1cc8aba1-0118-4460-9a8d-9360a73a2abc/current/log_inprogress_0
2021-10-05 13:25:15,938 [Listener at 127.0.0.1/13296] INFO  db.RDBCheckpointManager (RDBCheckpointManager.java:createCheckpoint(86)) - Created checkpoint at /home/runner/work/ozone/ozone/hadoop-ozone/integration-test/target/test-dir/MiniOzoneClusterImpl-36b87918-66c6-4e2c-9c49-5aa8dab94a1f/scmNode-1/db.checkpoints/scm.db_checkpoint_1633440315924 in 14 milliseconds
2021-10-05 13:25:15,942 [grpc-default-executor-4] INFO  ratis.XceiverServerRatis (XceiverServerRatis.java:handleLeaderChangedNotification(861)) - Leader change notification received for group: group-9360A73A2ABC with new leaderId: 9cad18a2-4b78-4cb8-813e-2348ce620e43
2021-10-05 13:25:15,942 [grpc-default-executor-4] INFO  server.RaftServer$Division (ServerState.java:setLeader(285)) - b668fbba-0931-4533-8c87-c6849aaa836f@group-9360A73A2ABC: change Leader from null to 9cad18a2-4b78-4cb8-813e-2348ce620e43 at term 3 for appendEntries, leader elected after 15581ms
2021-10-05 13:25:15,942 [9cad18a2-4b78-4cb8-813e-2348ce620e43@group-9360A73A2ABC-LeaderElection24] INFO  server.RaftServer$Division (ServerState.java:setRaftConf(387)) - 9cad18a2-4b78-4cb8-813e-2348ce620e43@group-9360A73A2ABC: set configuration 0: [b668fbba-0931-4533-8c87-c6849aaa836f|rpc:127.0.0.1:40511|dataStream:|priority:0, 830d4653-8da7-4c59-a1a4-1cd595539218|rpc:127.0.0.1:42995|dataStream:|priority:0, 9cad18a2-4b78-4cb8-813e-2348ce620e43|rpc:127.0.0.1:34379|dataStream:|priority:1], old=null
2021-10-05 13:25:15,967 [EventQueue-PipelineReportForPipelineReportHandler] INFO  pipeline.PipelineManagerImpl (PipelineManagerImpl.java:openPipeline(282)) - Pipeline Pipeline[ Id: 1cc8aba1-0118-4460-9a8d-9360a73a2abc, Nodes: b668fbba-0931-4533-8c87-c6849aaa836f{ip: 127.0.0.1, host: localhost, ports: [REPLICATION=42285, RATIS=40511, RATIS_ADMIN=40511, RATIS_SERVER=40511, STANDALONE=44361], networkLocation: /default-rack, certSerialId: null, persistedOpState: IN_SERVICE, persistedOpStateExpiryEpochSec: 0}830d4653-8da7-4c59-a1a4-1cd595539218{ip: 127.0.0.1, host: localhost, ports: [REPLICATION=34867, RATIS=42995, RATIS_ADMIN=42995, RATIS_SERVER=42995, STANDALONE=44359], networkLocation: /default-rack, certSerialId: null, persistedOpState: IN_SERVICE, persistedOpStateExpiryEpochSec: 0}9cad18a2-4b78-4cb8-813e-2348ce620e43{ip: 127.0.0.1, host: localhost, ports: [REPLICATION=45905, RATIS=34379, RATIS_ADMIN=34379, RATIS_SERVER=34379, STANDALONE=41383], networkLocation: /default-rack, certSerialId: null, persistedOpState: IN_SERVICE, persistedOpStateExpiryEpochSec: 0}, ReplicationConfig: RATIS/THREE, State:ALLOCATED, leaderId:9cad18a2-4b78-4cb8-813e-2348ce620e43, CreationTimestamp2021-10-05T13:24:57.798Z[Etc/UTC]] moved to OPEN state
2021-10-05 13:25:15,967 [EventQueue-PipelineReportForPipelineReportHandler] INFO  pipeline.PipelineManagerImpl (PipelineManagerImpl.java:openPipeline(282)) - Pipeline Pipeline[ Id: 1cc8aba1-0118-4460-9a8d-9360a73a2abc, Nodes: b668fbba-0931-4533-8c87-c6849aaa836f{ip: 127.0.0.1, host: localhost, ports: [REPLICATION=42285, RATIS=40511, RATIS_ADMIN=40511, RATIS_SERVER=40511, STANDALONE=44361], networkLocation: /default-rack, certSerialId: null, persistedOpState: IN_SERVICE, persistedOpStateExpiryEpochSec: 0}830d4653-8da7-4c59-a1a4-1cd595539218{ip: 127.0.0.1, host: localhost, ports: [REPLICATION=34867, RATIS=42995, RATIS_ADMIN=42995, RATIS_SERVER=42995, STANDALONE=44359], networkLocation: /default-rack, certSerialId: null, persistedOpState: IN_SERVICE, persistedOpStateExpiryEpochSec: 0}9cad18a2-4b78-4cb8-813e-2348ce620e43{ip: 127.0.0.1, host: localhost, ports: [REPLICATION=45905, RATIS=34379, RATIS_ADMIN=34379, RATIS_SERVER=34379, STANDALONE=41383], networkLocation: /default-rack, certSerialId: null, persistedOpState: IN_SERVICE, persistedOpStateExpiryEpochSec: 0}, ReplicationConfig: RATIS/THREE, State:ALLOCATED, leaderId:9cad18a2-4b78-4cb8-813e-2348ce620e43, CreationTimestamp2021-10-05T13:24:57.798Z[Etc/UTC]] moved to OPEN state
2021-10-05 13:25:15,967 [EventQueue-PipelineReportForPipelineReportHandler] INFO  ha.SCMHAInvocationHandler (SCMHAInvocationHandler.java:invokeRatis(113)) - Invoking method public abstract void org.apache.hadoop.hdds.scm.pipeline.PipelineStateManager.updatePipelineState(org.apache.hadoop.hdds.protocol.proto.HddsProtos$PipelineID,org.apache.hadoop.hdds.protocol.proto.HddsProtos$PipelineState) throws java.io.IOException on target org.apache.hadoop.hdds.scm.ha.SCMRatisServerImpl@7c75acaa, cost 246.824us
2021-10-05 13:25:15,967 [EventQueue-OpenPipelineForHealthyPipelineSafeModeRule] INFO  safemode.SCMSafeModeManager (HealthyPipelineSafeModeRule.java:process(124)) - SCM in safe mode. Healthy pipelines reported count is 1, required healthy pipeline reported count is 1
2021-10-05 13:25:15,967 [EventQueue-OpenPipelineForHealthyPipelineSafeModeRule] INFO  safemode.SCMSafeModeManager (SCMSafeModeManager.java:validateSafeModeExitRules(204)) - HealthyPipelineSafeModeRule rule is successfully validated
2021-10-05 13:25:15,967 [EventQueue-OpenPipelineForHealthyPipelineSafeModeRule] INFO  safemode.SCMSafeModeManager (SCMSafeModeManager.java:validateSafeModeExitRules(219)) - ScmSafeModeManager, all rules are successfully validated
2021-10-05 13:25:15,967 [EventQueue-OpenPipelineForHealthyPipelineSafeModeRule] INFO  safemode.SCMSafeModeManager (SCMSafeModeManager.java:exitSafeMode(248)) - SCM exiting safe mode.
2021-10-05 13:25:15,967 [EventQueue-OpenPipelineForHealthyPipelineSafeModeRule] WARN  events.EventQueue (EventQueue.java:fireEvent(194)) - No event handler registered for event TypedEvent{payloadType=SafeModeStatus, name='Safe mode status'}
2021-10-05 13:25:15,967 [EventQueue-OpenPipelineForHealthyPipelineSafeModeRule] INFO  ha.SCMContext (SCMContext.java:updateSafeModeStatus(205)) - Update SafeModeStatus from SafeModeStatus{safeModeStatus=true, preCheckPassed=true} to SafeModeStatus{safeModeStatus=false, preCheckPassed=true}.
2021-10-05 13:25:15,970 [grpc-default-executor-2] INFO  server.RaftServer$Division (RaftServerImpl.java:setRole(285)) - 830d4653-8da7-4c59-a1a4-1cd595539218@group-9360A73A2ABC: changes role from CANDIDATE to FOLLOWER at term 3 for appendEntries
2021-10-05 13:25:15,970 [grpc-default-executor-2] INFO  impl.RoleInfo (RoleInfo.java:shutdownLeaderElection(121)) - 830d4653-8da7-4c59-a1a4-1cd595539218: shutdown 830d4653-8da7-4c59-a1a4-1cd595539218@group-9360A73A2ABC-LeaderElection25
2021-10-05 13:25:15,973 [grpc-default-executor-2] INFO  impl.RoleInfo (RoleInfo.java:updateAndGet(130)) - 830d4653-8da7-4c59-a1a4-1cd595539218: start 830d4653-8da7-4c59-a1a4-1cd595539218@group-9360A73A2ABC-FollowerState
2021-10-05 13:25:15,974 [grpc-default-executor-4] INFO  server.RaftServer$Division (ServerState.java:setRaftConf(387)) - b668fbba-0931-4533-8c87-c6849aaa836f@group-9360A73A2ABC: set configuration 0: [b668fbba-0931-4533-8c87-c6849aaa836f|rpc:127.0.0.1:40511|dataStream:|priority:0, 830d4653-8da7-4c59-a1a4-1cd595539218|rpc:127.0.0.1:42995|dataStream:|priority:0, 9cad18a2-4b78-4cb8-813e-2348ce620e43|rpc:127.0.0.1:34379|dataStream:|priority:1], old=null
2021-10-05 13:25:15,974 [grpc-default-executor-4] INFO  segmented.SegmentedRaftLogWorker (SegmentedRaftLogWorker.java:startLogSegment(394)) - b668fbba-0931-4533-8c87-c6849aaa836f@group-9360A73A2ABC-SegmentedRaftLogWorker: Starting segment from index:0
2021-10-05 13:25:15,975 [grpc-default-executor-2] INFO  ratis.XceiverServerRatis (XceiverServerRatis.java:handleLeaderChangedNotification(861)) - Leader change notification received for group: group-9360A73A2ABC with new leaderId: 9cad18a2-4b78-4cb8-813e-2348ce620e43
2021-10-05 13:25:15,975 [grpc-default-executor-2] INFO  server.RaftServer$Division (ServerState.java:setLeader(285)) - 830d4653-8da7-4c59-a1a4-1cd595539218@group-9360A73A2ABC: change Leader from null to 9cad18a2-4b78-4cb8-813e-2348ce620e43 at term 3 for appendEntries, leader elected after 15564ms
2021-10-05 13:25:15,976 [IPC Server handler 16 on default port 13549] INFO  net.NetworkTopologyImpl (NetworkTopologyImpl.java:add(112)) - Added a new node: /default-rack/9cad18a2-4b78-4cb8-813e-2348ce620e43
2021-10-05 13:25:15,977 [IPC Server handler 16 on default port 13549] INFO  node.SCMNodeManager (SCMNodeManager.java:register(389)) - Registered Data node : 9cad18a2-4b78-4cb8-813e-2348ce620e43{ip: 127.0.0.1, host: localhost, ports: [REPLICATION=45905, RATIS=34379, RATIS_ADMIN=34379, RATIS_SERVER=34379, STANDALONE=41383], networkLocation: /default-rack, certSerialId: null, persistedOpState: null, persistedOpStateExpiryEpochSec: 0}
2021-10-05 13:25:15,980 [grpc-default-executor-2] INFO  server.RaftServer$Division (ServerState.java:setRaftConf(387)) - 830d4653-8da7-4c59-a1a4-1cd595539218@group-9360A73A2ABC: set configuration 0: [b668fbba-0931-4533-8c87-c6849aaa836f|rpc:127.0.0.1:40511|dataStream:|priority:0, 830d4653-8da7-4c59-a1a4-1cd595539218|rpc:127.0.0.1:42995|dataStream:|priority:0, 9cad18a2-4b78-4cb8-813e-2348ce620e43|rpc:127.0.0.1:34379|dataStream:|priority:1], old=null
2021-10-05 13:25:15,981 [b668fbba-0931-4533-8c87-c6849aaa836f@group-9360A73A2ABC-SegmentedRaftLogWorker] INFO  segmented.SegmentedRaftLogWorker (SegmentedRaftLogWorker.java:execute(601)) - b668fbba-0931-4533-8c87-c6849aaa836f@group-9360A73A2ABC-SegmentedRaftLogWorker: created new log segment /home/runner/work/ozone/ozone/hadoop-ozone/integration-test/target/test-dir/MiniOzoneClusterImpl-36b87918-66c6-4e2c-9c49-5aa8dab94a1f/datanode-0/data/ratis/1cc8aba1-0118-4460-9a8d-9360a73a2abc/current/log_inprogress_0
2021-10-05 13:25:15,982 [grpc-default-executor-2] INFO  segmented.SegmentedRaftLogWorker (SegmentedRaftLogWorker.java:startLogSegment(394)) - 830d4653-8da7-4c59-a1a4-1cd595539218@group-9360A73A2ABC-SegmentedRaftLogWorker: Starting segment from index:0
2021-10-05 13:25:15,986 [grpc-default-executor-1] INFO  server.RaftServer$Division (RaftServerImpl.java:requestVote(1043)) - 9cad18a2-4b78-4cb8-813e-2348ce620e43@group-9360A73A2ABC: receive requestVote(ELECTION, 830d4653-8da7-4c59-a1a4-1cd595539218, group-9360A73A2ABC, 3, (t:0, i:0))
2021-10-05 13:25:15,986 [grpc-default-executor-1] INFO  impl.VoteContext (VoteContext.java:log(48)) - 9cad18a2-4b78-4cb8-813e-2348ce620e43@group-9360A73A2ABC-LEADER: reject ELECTION from 830d4653-8da7-4c59-a1a4-1cd595539218: already has voted for 9cad18a2-4b78-4cb8-813e-2348ce620e43 at current term 3
2021-10-05 13:25:15,986 [grpc-default-executor-1] INFO  server.RaftServer$Division (RaftServerImpl.java:requestVote(1075)) - 9cad18a2-4b78-4cb8-813e-2348ce620e43@group-9360A73A2ABC replies to ELECTION vote request: 830d4653-8da7-4c59-a1a4-1cd595539218<-9cad18a2-4b78-4cb8-813e-2348ce620e43#0:FAIL-t3. Peer's state: 9cad18a2-4b78-4cb8-813e-2348ce620e43@group-9360A73A2ABC:t3, leader=9cad18a2-4b78-4cb8-813e-2348ce620e43, voted=9cad18a2-4b78-4cb8-813e-2348ce620e43, raftlog=9cad18a2-4b78-4cb8-813e-2348ce620e43@group-9360A73A2ABC-SegmentedRaftLog:OPENED:c0,f0,i0, conf=0: [b668fbba-0931-4533-8c87-c6849aaa836f|rpc:127.0.0.1:40511|dataStream:|priority:0, 830d4653-8da7-4c59-a1a4-1cd595539218|rpc:127.0.0.1:42995|dataStream:|priority:0, 9cad18a2-4b78-4cb8-813e-2348ce620e43|rpc:127.0.0.1:34379|dataStream:|priority:1], old=null
2021-10-05 13:25:15,991 [b6de9022-5a0e-4aec-a94e-4e214b276ef3@group-5AA8DAB94A1F-StateMachineUpdater] ERROR impl.StateMachineUpdater (StateMachineUpdater.java:run(191)) - b6de9022-5a0e-4aec-a94e-4e214b276ef3@group-5AA8DAB94A1F-StateMachineUpdater caught a Throwable.
java.lang.IllegalStateException: b6de9022-5a0e-4aec-a94e-4e214b276ef3: Failed updateLastAppliedTermIndex: newTI = (t:2, i:28) < oldTI = (t:2, i:128)
	at org.apache.ratis.util.Preconditions.assertTrue(Preconditions.java:72)
	at org.apache.ratis.statemachine.impl.BaseStateMachine.updateLastAppliedTermIndex(BaseStateMachine.java:142)
	at org.apache.hadoop.hdds.scm.ha.SCMStateMachine.notifyTermIndexUpdated(SCMStateMachine.java:303)
	at org.apache.ratis.server.impl.RaftServerImpl.applyLogToStateMachine(RaftServerImpl.java:1669)
	at org.apache.ratis.server.impl.StateMachineUpdater.applyLog(StateMachineUpdater.java:234)
	at org.apache.ratis.server.impl.StateMachineUpdater.run(StateMachineUpdater.java:179)
	at java.lang.Thread.run(Thread.java:748)
2021-10-05 13:25:15,991 [b6de9022-5a0e-4aec-a94e-4e214b276ef3@group-5AA8DAB94A1F-StateMachineUpdater] INFO  server.RaftServer$Division (RaftServerImpl.java:lambda$close$4(407)) - b6de9022-5a0e-4aec-a94e-4e214b276ef3@group-5AA8DAB94A1F: shutdown
2021-10-05 13:25:15,991 [b6de9022-5a0e-4aec-a94e-4e214b276ef3@group-5AA8DAB94A1F-StateMachineUpdater] INFO  util.JmxRegister (JmxRegister.java:unregister(73)) - Successfully un-registered JMX Bean with object name Ratis:service=RaftServer,group=group-5AA8DAB94A1F,id=b6de9022-5a0e-4aec-a94e-4e214b276ef3
2021-10-05 13:25:15,991 [b6de9022-5a0e-4aec-a94e-4e214b276ef3@group-5AA8DAB94A1F-StateMachineUpdater] INFO  impl.RoleInfo (RoleInfo.java:shutdownFollowerState(108)) - b6de9022-5a0e-4aec-a94e-4e214b276ef3: shutdown b6de9022-5a0e-4aec-a94e-4e214b276ef3@group-5AA8DAB94A1F-FollowerState
2021-10-05 13:25:16,001 [830d4653-8da7-4c59-a1a4-1cd595539218@group-9360A73A2ABC-SegmentedRaftLogWorker] INFO  segmented.SegmentedRaftLogWorker (SegmentedRaftLogWorker.java:execute(601)) - 830d4653-8da7-4c59-a1a4-1cd595539218@group-9360A73A2ABC-SegmentedRaftLogWorker: created new log segment /home/runner/work/ozone/ozone/hadoop-ozone/integration-test/target/test-dir/MiniOzoneClusterImpl-36b87918-66c6-4e2c-9c49-5aa8dab94a1f/datanode-1/data/ratis/1cc8aba1-0118-4460-9a8d-9360a73a2abc/current/log_inprogress_0
2021-10-05 13:25:16,007 [830d4653-8da7-4c59-a1a4-1cd595539218@group-9360A73A2ABC-LeaderElection25] INFO  impl.LeaderElection (LeaderElection.java:logAndReturn(89)) - 830d4653-8da7-4c59-a1a4-1cd595539218@group-9360A73A2ABC-LeaderElection25: ELECTION REJECTED received 2 response(s) and 0 exception(s):
2021-10-05 13:25:16,007 [830d4653-8da7-4c59-a1a4-1cd595539218@group-9360A73A2ABC-LeaderElection25] INFO  impl.LeaderElection (LeaderElection.java:logAndReturn(93)) -   Response 0: 830d4653-8da7-4c59-a1a4-1cd595539218<-b668fbba-0931-4533-8c87-c6849aaa836f#0:FAIL-t3
2021-10-05 13:25:16,007 [830d4653-8da7-4c59-a1a4-1cd595539218@group-9360A73A2ABC-LeaderElection25] INFO  impl.LeaderElection (LeaderElection.java:logAndReturn(93)) -   Response 1: 830d4653-8da7-4c59-a1a4-1cd595539218<-9cad18a2-4b78-4cb8-813e-2348ce620e43#0:FAIL-t3
2021-10-05 13:25:16,008 [EventQueue-PipelineReportForPipelineReportHandler] INFO  ha.SCMHAInvocationHandler (SCMHAInvocationHandler.java:invokeRatis(113)) - Invoking method public abstract void org.apache.hadoop.hdds.scm.pipeline.PipelineStateManager.updatePipelineState(org.apache.hadoop.hdds.protocol.proto.HddsProtos$PipelineID,org.apache.hadoop.hdds.protocol.proto.HddsProtos$PipelineState) throws java.io.IOException on target org.apache.hadoop.hdds.scm.ha.SCMRatisServerImpl@7efc167c, cost 41207.748us
2021-10-05 13:25:16,020 [b6de9022-5a0e-4aec-a94e-4e214b276ef3@group-5AA8DAB94A1F-StateMachineUpdater] INFO  server.RaftServer$Division (ServerState.java:close(419)) - b6de9022-5a0e-4aec-a94e-4e214b276ef3@group-5AA8DAB94A1F: closes. applyIndex: 28
2021-10-05 13:25:16,023 [b6de9022-5a0e-4aec-a94e-4e214b276ef3@group-5AA8DAB94A1F-FollowerState] INFO  impl.FollowerState (FollowerState.java:run(143)) - b6de9022-5a0e-4aec-a94e-4e214b276ef3@group-5AA8DAB94A1F-FollowerState was interrupted: {}
java.lang.InterruptedException: sleep interrupted
	at java.lang.Thread.sleep(Native Method)
	at java.lang.Thread.sleep(Thread.java:340)
	at java.util.concurrent.TimeUnit.sleep(TimeUnit.java:386)
	at org.apache.ratis.util.TimeDuration.sleep(TimeDuration.java:324)
	at org.apache.ratis.util.TimeDuration.sleep(TimeDuration.java:309)
	at org.apache.ratis.server.impl.FollowerState.run(FollowerState.java:118)
2021-10-05 13:25:16,029 [EventQueue-NewNodeForNewNodeHandler] INFO  pipeline.BackgroundPipelineCreator (BackgroundPipelineCreatorV2.java:notifyEventTriggered(279)) - ignore, not leader SCM.
2021-10-05 13:25:16,029 [830d4653-8da7-4c59-a1a4-1cd595539218@group-9360A73A2ABC-LeaderElection25] INFO  impl.LeaderElection (LeaderElection.java:askForVotes(308)) - 830d4653-8da7-4c59-a1a4-1cd595539218@group-9360A73A2ABC-LeaderElection25 ELECTION round 0: result REJECTED
2021-10-05 13:25:16,035 [b6de9022-5a0e-4aec-a94e-4e214b276ef3@group-5AA8DAB94A1F-SegmentedRaftLogWorker] INFO  segmented.SegmentedRaftLogWorker (SegmentedRaftLogWorker.java:run(327)) - b6de9022-5a0e-4aec-a94e-4e214b276ef3@group-5AA8DAB94A1F-SegmentedRaftLogWorker was interrupted, exiting. There are 0 tasks remaining in the queue.
2021-10-05 13:25:16,038 [b6de9022-5a0e-4aec-a94e-4e214b276ef3@group-5AA8DAB94A1F-StateMachineUpdater] INFO  segmented.SegmentedRaftLogWorker (SegmentedRaftLogWorker.java:close(237)) - b6de9022-5a0e-4aec-a94e-4e214b276ef3@group-5AA8DAB94A1F-SegmentedRaftLogWorker close()
2021-10-05 13:25:16,043 [21490b65-0a55-46f3-b94a-dd719a327c14@group-5AA8DAB94A1F-StateMachineUpdater] INFO  ha.SCMStateMachine (SCMStateMachine.java:takeSnapshot(290)) - Current Snapshot Index 30, takeSnapshot took 1 ms
2021-10-05 13:25:16,043 [21490b65-0a55-46f3-b94a-dd719a327c14@group-5AA8DAB94A1F-StateMachineUpdater] INFO  impl.StateMachineUpdater (StateMachineUpdater.java:takeSnapshot(281)) - 21490b65-0a55-46f3-b94a-dd719a327c14@group-5AA8DAB94A1F-StateMachineUpdater: Took a snapshot at index 30
2021-10-05 13:25:16,043 [21490b65-0a55-46f3-b94a-dd719a327c14@group-5AA8DAB94A1F-StateMachineUpdater] INFO  impl.StateMachineUpdater (StateMachineUpdater.java:lambda$new$0(89)) - 21490b65-0a55-46f3-b94a-dd719a327c14@group-5AA8DAB94A1F-StateMachineUpdater: snapshotIndex: updateIncreasingly 25 -> 30
2021-10-05 13:25:16,043 [21490b65-0a55-46f3-b94a-dd719a327c14@group-5AA8DAB94A1F-StateMachineUpdater] INFO  raftlog.RaftLog (RaftLogBase.java:purge(306)) - 21490b65-0a55-46f3-b94a-dd719a327c14@group-5AA8DAB94A1F-SegmentedRaftLog: purge 30
2021-10-05 13:25:16,043 [21490b65-0a55-46f3-b94a-dd719a327c14@group-5AA8DAB94A1F-StateMachineUpdater] INFO  raftlog.RaftLog (RaftLogBase.java:lambda$new$0(53)) - 21490b65-0a55-46f3-b94a-dd719a327c14@group-5AA8DAB94A1F-SegmentedRaftLog: snapshotIndex: updateIncreasingly 25 -> 30
2021-10-05 13:25:16,043 [21490b65-0a55-46f3-b94a-dd719a327c14@group-5AA8DAB94A1F-StateMachineUpdater] INFO  raftlog.RaftLog (RaftLogBase.java:lambda$new$0(53)) - 21490b65-0a55-46f3-b94a-dd719a327c14@group-5AA8DAB94A1F-SegmentedRaftLog: purgeIndex: updateToMax old=25, new=30, updated? true
2021-10-05 13:25:16,054 [Listener at 127.0.0.1/13296] INFO  ha.SCMHAManagerImpl (SCMHAManagerImpl.java:installCheckpoint(227)) - Installing checkpoint with SCMTransactionInfo 2#25
2021-10-05 13:25:16,055 [Listener at 127.0.0.1/13296] WARN  ha.SCMHAManagerImpl (SCMHAManagerImpl.java:installCheckpoint(240)) - Cannot proceed with InstallSnapshot as SCM is at TermIndex (t:2, i:28) and checkpoint has lower TermIndex (t:2, i:25). Reloading old state of SCM.
2021-10-05 13:25:16,060 [Listener at 127.0.0.1/13296] INFO  ozone.MiniOzoneClusterImpl (MiniOzoneClusterImpl.java:shutdown(453)) - Shutting down the Mini Ozone Cluster
2021-10-05 13:25:16,060 [Listener at 127.0.0.1/13296] INFO  ozone.MiniOzoneHAClusterImpl (MiniOzoneHAClusterImpl.java:stop(298)) - Stopping the OzoneManager omNode-1
2021-10-05 13:25:16,060 [Listener at 127.0.0.1/13296] INFO  om.OzoneManager (OzoneManager.java:stop(1644)) - Stopping Ozone Manager
2021-10-05 13:25:16,061 [Listener at 127.0.0.1/13296] INFO  ipc.Server (Server.java:stop(3414)) - Stopping server on 13296
2021-10-05 13:25:16,062 [IPC Server listener on 13296] INFO  ipc.Server (Server.java:run(1376)) - Stopping IPC Server listener on 13296
2021-10-05 13:25:16,063 [IPC Server Responder] INFO  ipc.Server (Server.java:run(1512)) - Stopping IPC Server Responder
2021-10-05 13:25:16,063 [Listener at 127.0.0.1/13296] INFO  server.RaftServer (RaftServerProxy.java:lambda$close$6(391)) - omNode-1: close
2021-10-05 13:25:16,069 [Listener at 127.0.0.1/13296] INFO  server.RaftServer$Division (RaftServerImpl.java:lambda$close$4(407)) - omNode-1@group-523986131536: shutdown
2021-10-05 13:25:16,069 [Listener at 127.0.0.1/13296] INFO  util.JmxRegister (JmxRegister.java:unregister(73)) - Successfully un-registered JMX Bean with object name Ratis:service=RaftServer,group=group-523986131536,id=omNode-1
2021-10-05 13:25:16,069 [Listener at 127.0.0.1/13296] INFO  impl.RoleInfo (RoleInfo.java:shutdownLeaderState(91)) - omNode-1: shutdown omNode-1@group-523986131536-LeaderStateImpl
2021-10-05 13:25:16,070 [Listener at 127.0.0.1/13296] INFO  impl.PendingRequests (PendingRequests.java:sendNotLeaderResponses(282)) - omNode-1@group-523986131536-PendingRequests: sendNotLeaderResponses
2021-10-05 13:25:16,070 [omNode-1@group-523986131536-StateMachineUpdater] INFO  ratis.OzoneManagerStateMachine (OzoneManagerStateMachine.java:takeSnapshot(417)) - Current Snapshot Index (t:1, i:0)
2021-10-05 13:25:16,070 [omNode-1@group-523986131536-StateMachineUpdater] INFO  impl.StateMachineUpdater (StateMachineUpdater.java:takeSnapshot(281)) - omNode-1@group-523986131536-StateMachineUpdater: Took a snapshot at index 0
2021-10-05 13:25:16,071 [omNode-1@group-523986131536-StateMachineUpdater] INFO  impl.StateMachineUpdater (StateMachineUpdater.java:lambda$new$0(89)) - omNode-1@group-523986131536-StateMachineUpdater: snapshotIndex: updateIncreasingly -1 -> 0
2021-10-05 13:25:16,071 [omNode-1@group-523986131536-StateMachineUpdater] INFO  ratis.OzoneManagerStateMachine (OzoneManagerStateMachine.java:close(471)) - StateMachine has shutdown. Shutdown OzoneManager if not already shutdown.
2021-10-05 13:25:16,071 [Listener at 127.0.0.1/13296] INFO  impl.StateMachineUpdater (StateMachineUpdater.java:stopAndJoin(149)) - omNode-1@group-523986131536-StateMachineUpdater: set stopIndex = 0
2021-10-05 13:25:16,071 [Listener at 127.0.0.1/13296] INFO  server.RaftServer$Division (ServerState.java:close(419)) - omNode-1@group-523986131536: closes. applyIndex: 0
2021-10-05 13:25:16,071 [omNode-1@group-523986131536-SegmentedRaftLogWorker] INFO  segmented.SegmentedRaftLogWorker (SegmentedRaftLogWorker.java:run(327)) - omNode-1@group-523986131536-SegmentedRaftLogWorker was interrupted, exiting. There are 0 tasks remaining in the queue.
2021-10-05 13:25:16,074 [Listener at 127.0.0.1/13296] INFO  segmented.SegmentedRaftLogWorker (SegmentedRaftLogWorker.java:close(237)) - omNode-1@group-523986131536-SegmentedRaftLogWorker close()
2021-10-05 13:25:16,076 [Listener at 127.0.0.1/13296] INFO  server.GrpcService (GrpcService.java:closeImpl(262)) - omNode-1: shutdown server with port 13300 now
2021-10-05 13:25:16,079 [Listener at 127.0.0.1/13296] INFO  server.GrpcService (GrpcService.java:closeImpl(271)) - omNode-1: shutdown server with port 13300 successfully
2021-10-05 13:25:16,082 [org.apache.ratis.util.JvmPauseMonitor$$Lambda$499/1586779822@7f4358b8] INFO  util.JvmPauseMonitor (JvmPauseMonitor.java:run(109)) - JvmPauseMonitor-omNode-1: Stopped
2021-10-05 13:25:16,082 [Listener at 127.0.0.1/13296] INFO  ratis.OzoneManagerDoubleBuffer (OzoneManagerDoubleBuffer.java:stop(437)) - Stopping OMDoubleBuffer flush thread
2021-10-05 13:25:16,082 [OMDoubleBufferFlushThread] INFO  ratis.OzoneManagerDoubleBuffer (OzoneManagerDoubleBuffer.java:flushTransactions(356)) - OMDoubleBuffer flush thread OMDoubleBufferFlushThread is interrupted and will exit. OMDoubleBufferFlushThread
2021-10-05 13:25:16,083 [Listener at 127.0.0.1/13296] INFO  utils.BackgroundService (BackgroundService.java:shutdown(132)) - Shutting down service KeyDeletingService
2021-10-05 13:25:16,083 [Listener at 127.0.0.1/13296] INFO  utils.BackgroundService (BackgroundService.java:shutdown(132)) - Shutting down service DirectoryDeletingService
2021-10-05 13:25:16,087 [Listener at 127.0.0.1/13296] INFO  handler.ContextHandler (ContextHandler.java:doStop(1153)) - Stopped o.e.j.w.WebAppContext@5f3f31df{ozoneManager,/,null,STOPPED}{file:/home/runner/work/ozone/ozone/hadoop-ozone/integration-test/target/test-classes/webapps/ozoneManager}
2021-10-05 13:25:16,089 [Listener at 127.0.0.1/13296] INFO  server.AbstractConnector (AbstractConnector.java:doStop(381)) - Stopped ServerConnector@403eab3{HTTP/1.1, (http/1.1)}{0.0.0.0:13298}
2021-10-05 13:25:16,089 [Listener at 127.0.0.1/13296] INFO  server.session (HouseKeeper.java:stopScavenging(149)) - node0 Stopped scavenging
2021-10-05 13:25:16,090 [Listener at 127.0.0.1/13296] INFO  handler.ContextHandler (ContextHandler.java:doStop(1153)) - Stopped o.e.j.s.ServletContextHandler@3dfabb85{static,/static,file:///home/runner/work/ozone/ozone/hadoop-ozone/integration-test/target/test-classes/webapps/static,STOPPED}
2021-10-05 13:25:16,090 [Listener at 127.0.0.1/13296] INFO  handler.ContextHandler (ContextHandler.java:doStop(1153)) - Stopped o.e.j.s.ServletContextHandler@25dc4d01{logs,/logs,file:///home/runner/work/ozone/ozone/hadoop-ozone/integration-test/target/log,STOPPED}
2021-10-05 13:25:16,096 [Listener at 127.0.0.1/13296] INFO  ozone.MiniOzoneHAClusterImpl (MiniOzoneHAClusterImpl.java:stop(306)) - Stopping the StorageContainerManager b6de9022-5a0e-4aec-a94e-4e214b276ef3
2021-10-05 13:25:16,096 [Listener at 127.0.0.1/13296] INFO  server.StorageContainerManager (StorageContainerManager.java:stop(1395)) - Stopping Container Balancer service.
2021-10-05 13:25:16,096 [Listener at 127.0.0.1/13296] INFO  balancer.ContainerBalancer (ContainerBalancer.java:stop(742)) - Container Balancer is not running.
2021-10-05 13:25:16,096 [Listener at 127.0.0.1/13296] INFO  server.StorageContainerManager (StorageContainerManager.java:stop(1402)) - Stopping Replication Manager Service.
2021-10-05 13:25:16,096 [Listener at 127.0.0.1/13296] INFO  container.ReplicationManager (ReplicationManager.java:stop(350)) - Stopping Replication Monitor Thread.
2021-10-05 13:25:16,096 [Listener at 127.0.0.1/13296] INFO  server.StorageContainerManager (StorageContainerManager.java:stop(1409)) - Stopping the Datanode Admin Monitor.
2021-10-05 13:25:16,096 [Listener at 127.0.0.1/13296] INFO  server.StorageContainerManager (StorageContainerManager.java:stop(1416)) - Stopping Lease Manager of the command watchers
2021-10-05 13:25:16,097 [Listener at 127.0.0.1/13296] INFO  server.StorageContainerManager (StorageContainerManager.java:stop(1423)) - Stopping datanode service RPC server
2021-10-05 13:25:16,097 [Listener at 127.0.0.1/13296] INFO  server.SCMDatanodeProtocolServer (SCMDatanodeProtocolServer.java:stop(389)) - Stopping the RPC server for DataNodes
2021-10-05 13:25:16,097 [Listener at 127.0.0.1/13296] INFO  ipc.Server (Server.java:stop(3414)) - Stopping server on 13549
2021-10-05 13:25:16,099 [IPC Server listener on 13549] INFO  ipc.Server (Server.java:run(1376)) - Stopping IPC Server listener on 13549
2021-10-05 13:25:16,106 [IPC Server Responder] INFO  ipc.Server (Server.java:run(1512)) - Stopping IPC Server Responder
2021-10-05 13:25:16,142 [SCM Heartbeat Processing Thread - 0] WARN  node.NodeStateManager (NodeStateManager.java:scheduleNextHealthCheck(799)) - Current Thread is interrupted, shutting down HB processing thread for Node Manager.
2021-10-05 13:25:16,146 [Listener at 127.0.0.1/13296] INFO  server.StorageContainerManager (StorageContainerManager.java:stop(1431)) - Stopping block service RPC server
2021-10-05 13:25:16,146 [Listener at 127.0.0.1/13296] INFO  server.SCMBlockProtocolServer (SCMBlockProtocolServer.java:stop(160)) - Stopping the RPC server for Block Protocol
2021-10-05 13:25:16,146 [Listener at 127.0.0.1/13296] INFO  ipc.Server (Server.java:stop(3414)) - Stopping server on 13550
2021-10-05 13:25:16,148 [IPC Server listener on 13550] INFO  ipc.Server (Server.java:run(1376)) - Stopping IPC Server listener on 13550
2021-10-05 13:25:16,150 [Listener at 127.0.0.1/13296] INFO  server.StorageContainerManager (StorageContainerManager.java:stop(1438)) - Stopping the StorageContainerLocationProtocol RPC server
2021-10-05 13:25:16,150 [Listener at 127.0.0.1/13296] INFO  server.SCMClientProtocolServer (SCMClientProtocolServer.java:stop(173)) - Stopping the RPC server for Client Protocol
2021-10-05 13:25:16,150 [Listener at 127.0.0.1/13296] INFO  ipc.Server (Server.java:stop(3414)) - Stopping server on 13551
2021-10-05 13:25:16,151 [IPC Server Responder] INFO  ipc.Server (Server.java:run(1512)) - Stopping IPC Server Responder
2021-10-05 13:25:16,156 [Listener at 127.0.0.1/13296] INFO  server.StorageContainerManager (StorageContainerManager.java:stop(1445)) - Stopping Storage Container Manager HTTP server.
2021-10-05 13:25:16,157 [Listener at 127.0.0.1/13296] INFO  handler.ContextHandler (ContextHandler.java:doStop(1153)) - Stopped o.e.j.w.WebAppContext@1b01a0b4{scm,/,null,STOPPED}{file:/home/runner/work/ozone/ozone/hadoop-ozone/integration-test/target/test-classes/webapps/scm}
2021-10-05 13:25:16,157 [IPC Server listener on 13551] INFO  ipc.Server (Server.java:run(1376)) - Stopping IPC Server listener on 13551
2021-10-05 13:25:16,157 [IPC Server Responder] INFO  ipc.Server (Server.java:run(1512)) - Stopping IPC Server Responder
2021-10-05 13:25:16,158 [Listener at 127.0.0.1/13296] INFO  server.AbstractConnector (AbstractConnector.java:doStop(381)) - Stopped ServerConnector@119940b4{HTTP/1.1, (http/1.1)}{0.0.0.0:13546}
2021-10-05 13:25:16,159 [Listener at 127.0.0.1/13296] INFO  server.session (HouseKeeper.java:stopScavenging(149)) - node0 Stopped scavenging
2021-10-05 13:25:16,159 [Listener at 127.0.0.1/13296] INFO  handler.ContextHandler (ContextHandler.java:doStop(1153)) - Stopped o.e.j.s.ServletContextHandler@57c7e57{static,/static,file:///home/runner/work/ozone/ozone/hadoop-ozone/integration-test/target/test-classes/webapps/static,STOPPED}
2021-10-05 13:25:16,159 [Listener at 127.0.0.1/13296] INFO  handler.ContextHandler (ContextHandler.java:doStop(1153)) - Stopped o.e.j.s.ServletContextHandler@64ac6960{logs,/logs,file:///home/runner/work/ozone/ozone/hadoop-ozone/integration-test/target/log,STOPPED}
2021-10-05 13:25:16,160 [Listener at 127.0.0.1/13296] INFO  server.StorageContainerManager (StorageContainerManager.java:stop(1456)) - Stopping Block Manager Service.
2021-10-05 13:25:16,160 [Listener at 127.0.0.1/13296] INFO  utils.BackgroundService (BackgroundService.java:shutdown(132)) - Shutting down service SCMBlockDeletingService
2021-10-05 13:25:16,161 [Listener at 127.0.0.1/13296] INFO  utils.BackgroundService (BackgroundService.java:shutdown(132)) - Shutting down service SCMBlockDeletingService
2021-10-05 13:25:16,161 [Listener at 127.0.0.1/13296] INFO  server.StorageContainerManager (StorageContainerManager.java:stop(1483)) - Stopping SCM Event Queue.
2021-10-05 13:25:16,162 [Listener at 127.0.0.1/13296] INFO  server.StorageContainerManager (StorageContainerManager.java:stop(1494)) - Stopping SCM HA services.
2021-10-05 13:25:16,162 [Listener at 127.0.0.1/13296] INFO  ha.SCMRatisServerImpl (SCMRatisServerImpl.java:stop(236)) - stopping ratis server 0.0.0.0:13548
2021-10-05 13:25:16,163 [Listener at 127.0.0.1/13296] INFO  server.RaftServer (RaftServerProxy.java:lambda$close$6(391)) - b6de9022-5a0e-4aec-a94e-4e214b276ef3: close
2021-10-05 13:25:16,163 [Listener at 127.0.0.1/13296] INFO  server.GrpcService (GrpcService.java:closeImpl(262)) - b6de9022-5a0e-4aec-a94e-4e214b276ef3: shutdown server with port 13548 now
2021-10-05 13:25:16,178 [grpc-default-executor-2] WARN  server.GrpcServerProtocolService (LogUtils.java:warn(122)) - b6de9022-5a0e-4aec-a94e-4e214b276ef3: installSnapshot onError, lastRequest: 21490b65-0a55-46f3-b94a-dd719a327c14->b6de9022-5a0e-4aec-a94e-4e214b276ef3#53-t2,previous=(t:2, i:29),leaderCommit=29,initializing? true,entries: size=1, first=(t:2, i:30), METADATAENTRY(c:29): org.apache.ratis.thirdparty.io.grpc.StatusRuntimeException: CANCELLED: client cancelled
2021-10-05 13:25:16,179 [Listener at 127.0.0.1/13296] INFO  server.GrpcService (GrpcService.java:closeImpl(271)) - b6de9022-5a0e-4aec-a94e-4e214b276ef3: shutdown server with port 13548 successfully
2021-10-05 13:25:16,179 [grpc-default-executor-1] WARN  server.GrpcLogAppender (LogUtils.java:warn(122)) - 21490b65-0a55-46f3-b94a-dd719a327c14@group-5AA8DAB94A1F->b6de9022-5a0e-4aec-a94e-4e214b276ef3-AppendLogResponseHandler: Failed appendEntries: org.apache.ratis.thirdparty.io.grpc.StatusRuntimeException: CANCELLED: HTTP/2 error code: CANCEL
Received Rst Stream
2021-10-05 13:25:16,179 [org.apache.ratis.util.JvmPauseMonitor$$Lambda$499/1586779822@1520485a] INFO  util.JvmPauseMonitor (JvmPauseMonitor.java:run(109)) - JvmPauseMonitor-b6de9022-5a0e-4aec-a94e-4e214b276ef3: Stopped
2021-10-05 13:25:16,179 [grpc-default-executor-1] INFO  leader.FollowerInfo (FollowerInfoImpl.java:lambda$new$0(46)) - 21490b65-0a55-46f3-b94a-dd719a327c14@group-5AA8DAB94A1F->b6de9022-5a0e-4aec-a94e-4e214b276ef3: nextIndex: updateUnconditionally 31 -> 30
2021-10-05 13:25:16,182 [grpc-default-executor-2] WARN  server.GrpcLogAppender (LogUtils.java:warn(122)) - 21490b65-0a55-46f3-b94a-dd719a327c14@group-5AA8DAB94A1F->b6de9022-5a0e-4aec-a94e-4e214b276ef3-AppendLogResponseHandler: Failed appendEntries: org.apache.ratis.thirdparty.io.grpc.StatusRuntimeException: UNAVAILABLE: io exception
2021-10-05 13:25:16,182 [grpc-default-executor-2] INFO  leader.FollowerInfo (FollowerInfoImpl.java:lambda$new$0(46)) - 21490b65-0a55-46f3-b94a-dd719a327c14@group-5AA8DAB94A1F->b6de9022-5a0e-4aec-a94e-4e214b276ef3: nextIndex: updateUnconditionally 31 -> 30
2021-10-05 13:25:16,186 [Listener at 127.0.0.1/13296] INFO  pipeline.BackgroundPipelineCreator (BackgroundPipelineCreatorV2.java:stop(158)) - Stopping RatisPipelineUtilsThread.
2021-10-05 13:25:16,186 [Listener at 127.0.0.1/13296] INFO  server.StorageContainerManager (StorageContainerManager.java:stop(1504)) - Stopping SCM MetadataStore.
2021-10-05 13:25:16,188 [Listener at 127.0.0.1/13296] INFO  impl.MetricsSystemImpl (MetricsSystemImpl.java:stop(210)) - Stopping StorageContainerManager metrics system...
2021-10-05 13:25:16,193 [prometheus] INFO  impl.MetricsSinkAdapter (MetricsSinkAdapter.java:publishMetricsFromQueue(141)) - prometheus thread interrupted.
2021-10-05 13:25:16,203 [Listener at 127.0.0.1/13296] INFO  impl.MetricsSystemImpl (MetricsSystemImpl.java:stop(216)) - StorageContainerManager metrics system stopped.
2021-10-05 13:25:16,203 [Listener at 127.0.0.1/13296] INFO  ozone.MiniOzoneHAClusterImpl (MiniOzoneHAClusterImpl.java:stop(306)) - Stopping the StorageContainerManager 21490b65-0a55-46f3-b94a-dd719a327c14
2021-10-05 13:25:16,204 [Listener at 127.0.0.1/13296] INFO  server.StorageContainerManager (StorageContainerManager.java:stop(1395)) - Stopping Container Balancer service.
2021-10-05 13:25:16,204 [Listener at 127.0.0.1/13296] INFO  balancer.ContainerBalancer (ContainerBalancer.java:stop(742)) - Container Balancer is not running.
2021-10-05 13:25:16,204 [Listener at 127.0.0.1/13296] INFO  server.StorageContainerManager (StorageContainerManager.java:stop(1402)) - Stopping Replication Manager Service.
2021-10-05 13:25:16,204 [Listener at 127.0.0.1/13296] INFO  container.ReplicationManager (ReplicationManager.java:stop(350)) - Stopping Replication Monitor Thread.
2021-10-05 13:25:16,204 [Listener at 127.0.0.1/13296] INFO  server.StorageContainerManager (StorageContainerManager.java:stop(1409)) - Stopping the Datanode Admin Monitor.
2021-10-05 13:25:16,204 [Listener at 127.0.0.1/13296] INFO  server.StorageContainerManager (StorageContainerManager.java:stop(1416)) - Stopping Lease Manager of the command watchers
2021-10-05 13:25:16,204 [Listener at 127.0.0.1/13296] INFO  server.StorageContainerManager (StorageContainerManager.java:stop(1423)) - Stopping datanode service RPC server
2021-10-05 13:25:16,204 [Listener at 127.0.0.1/13296] INFO  server.SCMDatanodeProtocolServer (SCMDatanodeProtocolServer.java:stop(389)) - Stopping the RPC server for DataNodes
2021-10-05 13:25:16,204 [Listener at 127.0.0.1/13296] INFO  ipc.Server (Server.java:stop(3414)) - Stopping server on 13529
2021-10-05 13:25:16,220 [IPC Server listener on 13529] INFO  ipc.Server (Server.java:run(1376)) - Stopping IPC Server listener on 13529
2021-10-05 13:25:16,221 [IPC Server Responder] INFO  ipc.Server (Server.java:run(1512)) - Stopping IPC Server Responder
2021-10-05 13:25:16,419 [EndpointStateMachine task thread for /127.0.0.1:13529 - 0 ] WARN  statemachine.EndpointStateMachine (EndpointStateMachine.java:logIfNeeded(236)) - Unable to communicate to SCM server at localhost:13529 for past 0 seconds.
java.io.EOFException: End of File Exception between local host is: "fv-az270-324/10.1.0.10"; destination host is: "localhost":13529; : java.io.EOFException; For more details see:  http://wiki.apache.org/hadoop/EOFException
	at sun.reflect.NativeConstructorAccessorImpl.newInstance0(Native Method)
	at sun.reflect.NativeConstructorAccessorImpl.newInstance(NativeConstructorAccessorImpl.java:62)
	at sun.reflect.DelegatingConstructorAccessorImpl.newInstance(DelegatingConstructorAccessorImpl.java:45)
	at java.lang.reflect.Constructor.newInstance(Constructor.java:423)
	at org.apache.hadoop.net.NetUtils.wrapWithMessage(NetUtils.java:913)
	at org.apache.hadoop.net.NetUtils.wrapException(NetUtils.java:862)
	at org.apache.hadoop.ipc.Client.getRpcResponse(Client.java:1577)
	at org.apache.hadoop.ipc.Client.call(Client.java:1519)
	at org.apache.hadoop.ipc.Client.call(Client.java:1416)
	at org.apache.hadoop.ipc.ProtobufRpcEngine$Invoker.invoke(ProtobufRpcEngine.java:236)
	at org.apache.hadoop.ipc.ProtobufRpcEngine$Invoker.invoke(ProtobufRpcEngine.java:123)
	at com.sun.proxy.$Proxy48.submitRequest(Unknown Source)
	at org.apache.hadoop.ozone.protocolPB.StorageContainerDatanodeProtocolClientSideTranslatorPB.submitRequest(StorageContainerDatanodeProtocolClientSideTranslatorPB.java:117)
	at org.apache.hadoop.ozone.protocolPB.StorageContainerDatanodeProtocolClientSideTranslatorPB.sendHeartbeat(StorageContainerDatanodeProtocolClientSideTranslatorPB.java:149)
	at org.apache.hadoop.ozone.container.common.states.endpoint.HeartbeatEndpointTask.call(HeartbeatEndpointTask.java:179)
	at org.apache.hadoop.ozone.container.common.states.endpoint.HeartbeatEndpointTask.call(HeartbeatEndpointTask.java:82)
	at java.util.concurrent.FutureTask.run(FutureTask.java:266)
	at java.util.concurrent.ThreadPoolExecutor.runWorker(ThreadPoolExecutor.java:1149)
	at java.util.concurrent.ThreadPoolExecutor$Worker.run(ThreadPoolExecutor.java:624)
	at java.lang.Thread.run(Thread.java:748)
Caused by: java.io.EOFException
	at java.io.DataInputStream.readInt(DataInputStream.java:392)
	at org.apache.hadoop.ipc.Client$IpcStreams.readResponse(Client.java:1892)
	at org.apache.hadoop.ipc.Client$Connection.receiveRpcResponse(Client.java:1202)
	at org.apache.hadoop.ipc.Client$Connection.run(Client.java:1098)
2021-10-05 13:25:16,427 [EndpointStateMachine task thread for /127.0.0.1:13549 - 0 ] WARN  statemachine.EndpointStateMachine (EndpointStateMachine.java:logIfNeeded(236)) - Unable to communicate to SCM server at localhost:13549 for past 0 seconds.
java.io.EOFException: End of File Exception between local host is: "fv-az270-324/10.1.0.10"; destination host is: "localhost":13549; : java.io.EOFException; For more details see:  http://wiki.apache.org/hadoop/EOFException
	at sun.reflect.NativeConstructorAccessorImpl.newInstance0(Native Method)
	at sun.reflect.NativeConstructorAccessorImpl.newInstance(NativeConstructorAccessorImpl.java:62)
	at sun.reflect.DelegatingConstructorAccessorImpl.newInstance(DelegatingConstructorAccessorImpl.java:45)
	at java.lang.reflect.Constructor.newInstance(Constructor.java:423)
	at org.apache.hadoop.net.NetUtils.wrapWithMessage(NetUtils.java:913)
	at org.apache.hadoop.net.NetUtils.wrapException(NetUtils.java:862)
	at org.apache.hadoop.ipc.Client.getRpcResponse(Client.java:1577)
	at org.apache.hadoop.ipc.Client.call(Client.java:1519)
	at org.apache.hadoop.ipc.Client.call(Client.java:1416)
	at org.apache.hadoop.ipc.ProtobufRpcEngine$Invoker.invoke(ProtobufRpcEngine.java:236)
	at org.apache.hadoop.ipc.ProtobufRpcEngine$Invoker.invoke(ProtobufRpcEngine.java:123)
	at com.sun.proxy.$Proxy48.submitRequest(Unknown Source)
	at org.apache.hadoop.ozone.protocolPB.StorageContainerDatanodeProtocolClientSideTranslatorPB.submitRequest(StorageContainerDatanodeProtocolClientSideTranslatorPB.java:117)
	at org.apache.hadoop.ozone.protocolPB.StorageContainerDatanodeProtocolClientSideTranslatorPB.register(StorageContainerDatanodeProtocolClientSideTranslatorPB.java:180)
	at org.apache.hadoop.ozone.container.common.states.endpoint.RegisterEndpointTask.call(RegisterEndpointTask.java:158)
	at org.apache.hadoop.ozone.container.common.states.endpoint.RegisterEndpointTask.call(RegisterEndpointTask.java:52)
	at java.util.concurrent.FutureTask.run(FutureTask.java:266)
	at java.util.concurrent.ThreadPoolExecutor.runWorker(ThreadPoolExecutor.java:1149)
	at java.util.concurrent.ThreadPoolExecutor$Worker.run(ThreadPoolExecutor.java:624)
	at java.lang.Thread.run(Thread.java:748)
Caused by: java.io.EOFException
	at java.io.DataInputStream.readInt(DataInputStream.java:392)
	at org.apache.hadoop.ipc.Client$IpcStreams.readResponse(Client.java:1892)
	at org.apache.hadoop.ipc.Client$Connection.receiveRpcResponse(Client.java:1202)
	at org.apache.hadoop.ipc.Client$Connection.run(Client.java:1098)
2021-10-05 13:25:16,751 [EndpointStateMachine task thread for /127.0.0.1:15041 - 0 ] INFO  ipc.Client (Client.java:handleConnectionFailure(977)) - Retrying connect to server: localhost/127.0.0.1:15041. Already tried 8 time(s); retry policy is RetryUpToMaximumCountWithFixedSleep(maxRetries=15, sleepTime=1000 MILLISECONDS)
2021-10-05 13:25:16,800 [SCM Heartbeat Processing Thread - 0] WARN  node.NodeStateManager (NodeStateManager.java:scheduleNextHealthCheck(799)) - Current Thread is interrupted, shutting down HB processing thread for Node Manager.
2021-10-05 13:25:16,800 [Listener at 127.0.0.1/13296] INFO  server.StorageContainerManager (StorageContainerManager.java:stop(1431)) - Stopping block service RPC server
2021-10-05 13:25:16,800 [Listener at 127.0.0.1/13296] INFO  server.SCMBlockProtocolServer (SCMBlockProtocolServer.java:stop(160)) - Stopping the RPC server for Block Protocol
2021-10-05 13:25:16,801 [Listener at 127.0.0.1/13296] INFO  ipc.Server (Server.java:stop(3414)) - Stopping server on 13530
2021-10-05 13:25:16,805 [IPC Server listener on 13530] INFO  ipc.Server (Server.java:run(1376)) - Stopping IPC Server listener on 13530
2021-10-05 13:25:16,805 [Listener at 127.0.0.1/13296] INFO  server.StorageContainerManager (StorageContainerManager.java:stop(1438)) - Stopping the StorageContainerLocationProtocol RPC server
2021-10-05 13:25:16,805 [Listener at 127.0.0.1/13296] INFO  server.SCMClientProtocolServer (SCMClientProtocolServer.java:stop(173)) - Stopping the RPC server for Client Protocol
2021-10-05 13:25:16,805 [Listener at 127.0.0.1/13296] INFO  ipc.Server (Server.java:stop(3414)) - Stopping server on 13531
2021-10-05 13:25:16,805 [IPC Server Responder] INFO  ipc.Server (Server.java:run(1512)) - Stopping IPC Server Responder
2021-10-05 13:25:16,811 [EndpointStateMachine task thread for /127.0.0.1:15031 - 0 ] INFO  ipc.Client (Client.java:handleConnectionFailure(977)) - Retrying connect to server: localhost/127.0.0.1:15031. Already tried 12 time(s); retry policy is RetryUpToMaximumCountWithFixedSleep(maxRetries=15, sleepTime=1000 MILLISECONDS)
2021-10-05 13:25:16,818 [EndpointStateMachine task thread for /127.0.0.1:15021 - 0 ] INFO  ipc.Client (Client.java:handleConnectionFailure(977)) - Retrying connect to server: localhost/127.0.0.1:15021. Already tried 12 time(s); retry policy is RetryUpToMaximumCountWithFixedSleep(maxRetries=15, sleepTime=1000 MILLISECONDS)
2021-10-05 13:25:16,820 [IPC Server listener on 13531] INFO  ipc.Server (Server.java:run(1376)) - Stopping IPC Server listener on 13531
2021-10-05 13:25:16,820 [Listener at 127.0.0.1/13296] INFO  server.StorageContainerManager (StorageContainerManager.java:stop(1445)) - Stopping Storage Container Manager HTTP server.
2021-10-05 13:25:16,820 [IPC Server Responder] INFO  ipc.Server (Server.java:run(1512)) - Stopping IPC Server Responder
2021-10-05 13:25:16,821 [Listener at 127.0.0.1/13296] INFO  handler.ContextHandler (ContextHandler.java:doStop(1153)) - Stopped o.e.j.w.WebAppContext@9d7522{scm,/,null,STOPPED}{file:/home/runner/work/ozone/ozone/hadoop-ozone/integration-test/target/test-classes/webapps/scm}
2021-10-05 13:25:16,822 [Listener at 127.0.0.1/13296] INFO  server.AbstractConnector (AbstractConnector.java:doStop(381)) - Stopped ServerConnector@66b46edd{HTTP/1.1, (http/1.1)}{0.0.0.0:13526}
2021-10-05 13:25:16,822 [Listener at 127.0.0.1/13296] INFO  server.session (HouseKeeper.java:stopScavenging(149)) - node0 Stopped scavenging
2021-10-05 13:25:16,822 [Listener at 127.0.0.1/13296] INFO  handler.ContextHandler (ContextHandler.java:doStop(1153)) - Stopped o.e.j.s.ServletContextHandler@36d61bbf{static,/static,file:///home/runner/work/ozone/ozone/hadoop-ozone/integration-test/target/test-classes/webapps/static,STOPPED}
2021-10-05 13:25:16,822 [Listener at 127.0.0.1/13296] INFO  handler.ContextHandler (ContextHandler.java:doStop(1153)) - Stopped o.e.j.s.ServletContextHandler@27d74f45{logs,/logs,file:///home/runner/work/ozone/ozone/hadoop-ozone/integration-test/target/log,STOPPED}
2021-10-05 13:25:16,823 [Listener at 127.0.0.1/13296] INFO  server.StorageContainerManager (StorageContainerManager.java:stop(1456)) - Stopping Block Manager Service.
2021-10-05 13:25:16,824 [Listener at 127.0.0.1/13296] INFO  utils.BackgroundService (BackgroundService.java:shutdown(132)) - Shutting down service SCMBlockDeletingService
2021-10-05 13:25:16,824 [Listener at 127.0.0.1/13296] INFO  utils.BackgroundService (BackgroundService.java:shutdown(132)) - Shutting down service SCMBlockDeletingService
2021-10-05 13:25:16,824 [Listener at 127.0.0.1/13296] INFO  server.StorageContainerManager (StorageContainerManager.java:stop(1483)) - Stopping SCM Event Queue.
2021-10-05 13:25:16,826 [Listener at 127.0.0.1/13296] INFO  server.StorageContainerManager (StorageContainerManager.java:stop(1494)) - Stopping SCM HA services.
2021-10-05 13:25:16,826 [Listener at 127.0.0.1/13296] INFO  ha.SCMRatisServerImpl (SCMRatisServerImpl.java:stop(236)) - stopping ratis server 0.0.0.0:13528
2021-10-05 13:25:16,827 [Listener at 127.0.0.1/13296] INFO  server.RaftServer (RaftServerProxy.java:lambda$close$6(391)) - 21490b65-0a55-46f3-b94a-dd719a327c14: close
2021-10-05 13:25:16,827 [Listener at 127.0.0.1/13296] INFO  server.RaftServer$Division (RaftServerImpl.java:lambda$close$4(407)) - 21490b65-0a55-46f3-b94a-dd719a327c14@group-5AA8DAB94A1F: shutdown
2021-10-05 13:25:16,827 [Listener at 127.0.0.1/13296] INFO  util.JmxRegister (JmxRegister.java:unregister(73)) - Successfully un-registered JMX Bean with object name Ratis:service=RaftServer,group=group-5AA8DAB94A1F,id=21490b65-0a55-46f3-b94a-dd719a327c14
2021-10-05 13:25:16,828 [Listener at 127.0.0.1/13296] INFO  impl.RoleInfo (RoleInfo.java:shutdownLeaderState(91)) - 21490b65-0a55-46f3-b94a-dd719a327c14: shutdown 21490b65-0a55-46f3-b94a-dd719a327c14@group-5AA8DAB94A1F-LeaderStateImpl
2021-10-05 13:25:16,829 [21490b65-0a55-46f3-b94a-dd719a327c14@group-5AA8DAB94A1F->6d234f4d-474a-4c74-a9e9-8f3885fce584-GrpcLogAppender-LogAppenderDaemon] WARN  server.GrpcLogAppender (GrpcLogAppender.java:mayWait(175)) - 21490b65-0a55-46f3-b94a-dd719a327c14@group-5AA8DAB94A1F->6d234f4d-474a-4c74-a9e9-8f3885fce584-GrpcLogAppender: Wait interrupted by java.lang.InterruptedException
2021-10-05 13:25:16,829 [Listener at 127.0.0.1/13296] INFO  impl.PendingRequests (PendingRequests.java:sendNotLeaderResponses(282)) - 21490b65-0a55-46f3-b94a-dd719a327c14@group-5AA8DAB94A1F-PendingRequests: sendNotLeaderResponses
2021-10-05 13:25:16,829 [grpc-default-executor-2] INFO  server.GrpcServerProtocolService (GrpcServerProtocolService.java:onCompleted(140)) - 6d234f4d-474a-4c74-a9e9-8f3885fce584: Completed APPEND_ENTRIES, lastRequest: 21490b65-0a55-46f3-b94a-dd719a327c14->6d234f4d-474a-4c74-a9e9-8f3885fce584#1160-t2,previous=(t:2, i:29),leaderCommit=29,initializing? true,entries: size=1, first=(t:2, i:30), METADATAENTRY(c:29)
2021-10-05 13:25:16,829 [21490b65-0a55-46f3-b94a-dd719a327c14@group-5AA8DAB94A1F->b6de9022-5a0e-4aec-a94e-4e214b276ef3-GrpcLogAppender-LogAppenderDaemon] WARN  server.GrpcLogAppender (GrpcLogAppender.java:mayWait(175)) - 21490b65-0a55-46f3-b94a-dd719a327c14@group-5AA8DAB94A1F->b6de9022-5a0e-4aec-a94e-4e214b276ef3-GrpcLogAppender: Wait interrupted by java.lang.InterruptedException
2021-10-05 13:25:16,830 [Listener at 127.0.0.1/13296] INFO  ha.SCMStateMachine (SCMStateMachine.java:notifyNotLeader(183)) - current leader SCM steps down.
2021-10-05 13:25:16,830 [Listener at 127.0.0.1/13296] INFO  ha.SCMContext (SCMContext.java:updateLeaderAndTerm(88)) - update <isLeader,term> from <true,2> to <false,0>
2021-10-05 13:25:16,830 [Listener at 127.0.0.1/13296] INFO  ha.SCMContext (SCMContext.java:updateLeaderAndTerm(95)) - update <isLeaderReady> from <false> to <false>
2021-10-05 13:25:16,833 [grpc-default-executor-2] INFO  server.GrpcLogAppender (GrpcLogAppender.java:onCompleted(344)) - 21490b65-0a55-46f3-b94a-dd719a327c14@group-5AA8DAB94A1F->6d234f4d-474a-4c74-a9e9-8f3885fce584-AppendLogResponseHandler: follower responses appendEntries COMPLETED
2021-10-05 13:25:16,833 [grpc-default-executor-2] INFO  leader.FollowerInfo (FollowerInfoImpl.java:lambda$new$0(46)) - 21490b65-0a55-46f3-b94a-dd719a327c14@group-5AA8DAB94A1F->6d234f4d-474a-4c74-a9e9-8f3885fce584: nextIndex: updateUnconditionally 31 -> 30
2021-10-05 13:25:16,836 [Listener at 127.0.0.1/13296] INFO  impl.StateMachineUpdater (StateMachineUpdater.java:stopAndJoin(149)) - 21490b65-0a55-46f3-b94a-dd719a327c14@group-5AA8DAB94A1F-StateMachineUpdater: set stopIndex = 30
2021-10-05 13:25:16,836 [Listener at 127.0.0.1/13296] INFO  server.RaftServer$Division (ServerState.java:close(419)) - 21490b65-0a55-46f3-b94a-dd719a327c14@group-5AA8DAB94A1F: closes. applyIndex: 30
2021-10-05 13:25:16,836 [21490b65-0a55-46f3-b94a-dd719a327c14@group-5AA8DAB94A1F-SegmentedRaftLogWorker] INFO  segmented.SegmentedRaftLogWorker (SegmentedRaftLogWorker.java:run(327)) - 21490b65-0a55-46f3-b94a-dd719a327c14@group-5AA8DAB94A1F-SegmentedRaftLogWorker was interrupted, exiting. There are 0 tasks remaining in the queue.
2021-10-05 13:25:16,837 [Listener at 127.0.0.1/13296] INFO  segmented.SegmentedRaftLogWorker (SegmentedRaftLogWorker.java:close(237)) - 21490b65-0a55-46f3-b94a-dd719a327c14@group-5AA8DAB94A1F-SegmentedRaftLogWorker close()
2021-10-05 13:25:16,841 [Listener at 127.0.0.1/13296] INFO  server.GrpcService (GrpcService.java:closeImpl(262)) - 21490b65-0a55-46f3-b94a-dd719a327c14: shutdown server with port 13528 now
2021-10-05 13:25:16,849 [Listener at 127.0.0.1/13296] INFO  server.GrpcService (GrpcService.java:closeImpl(271)) - 21490b65-0a55-46f3-b94a-dd719a327c14: shutdown server with port 13528 successfully
2021-10-05 13:25:16,850 [org.apache.ratis.util.JvmPauseMonitor$$Lambda$499/1586779822@561d0389] INFO  util.JvmPauseMonitor (JvmPauseMonitor.java:run(109)) - JvmPauseMonitor-21490b65-0a55-46f3-b94a-dd719a327c14: Stopped
2021-10-05 13:25:16,851 [Listener at 127.0.0.1/13296] INFO  pipeline.BackgroundPipelineCreator (BackgroundPipelineCreatorV2.java:stop(158)) - Stopping RatisPipelineUtilsThread.
2021-10-05 13:25:16,851 [Listener at 127.0.0.1/13296] INFO  server.StorageContainerManager (StorageContainerManager.java:stop(1504)) - Stopping SCM MetadataStore.
2021-10-05 13:25:16,852 [Listener at 127.0.0.1/13296] INFO  impl.MetricsSystemImpl (MetricsSystemImpl.java:stop(205)) - StorageContainerManager metrics system stopped (again)
2021-10-05 13:25:16,852 [Listener at 127.0.0.1/13296] INFO  ozone.MiniOzoneHAClusterImpl (MiniOzoneHAClusterImpl.java:stop(306)) - Stopping the StorageContainerManager 6d234f4d-474a-4c74-a9e9-8f3885fce584
2021-10-05 13:25:16,852 [Listener at 127.0.0.1/13296] INFO  server.StorageContainerManager (StorageContainerManager.java:stop(1395)) - Stopping Container Balancer service.
2021-10-05 13:25:16,852 [Listener at 127.0.0.1/13296] INFO  balancer.ContainerBalancer (ContainerBalancer.java:stop(742)) - Container Balancer is not running.
2021-10-05 13:25:16,852 [Listener at 127.0.0.1/13296] INFO  server.StorageContainerManager (StorageContainerManager.java:stop(1402)) - Stopping Replication Manager Service.
2021-10-05 13:25:16,852 [Listener at 127.0.0.1/13296] INFO  container.ReplicationManager (ReplicationManager.java:stop(350)) - Stopping Replication Monitor Thread.
2021-10-05 13:25:16,852 [Listener at 127.0.0.1/13296] INFO  server.StorageContainerManager (StorageContainerManager.java:stop(1409)) - Stopping the Datanode Admin Monitor.
2021-10-05 13:25:16,853 [Listener at 127.0.0.1/13296] INFO  server.StorageContainerManager (StorageContainerManager.java:stop(1416)) - Stopping Lease Manager of the command watchers
2021-10-05 13:25:16,853 [Listener at 127.0.0.1/13296] INFO  server.StorageContainerManager (StorageContainerManager.java:stop(1423)) - Stopping datanode service RPC server
2021-10-05 13:25:16,855 [Listener at 127.0.0.1/13296] INFO  server.SCMDatanodeProtocolServer (SCMDatanodeProtocolServer.java:stop(389)) - Stopping the RPC server for DataNodes
2021-10-05 13:25:16,855 [Listener at 127.0.0.1/13296] INFO  ipc.Server (Server.java:stop(3414)) - Stopping server on 13539
2021-10-05 13:25:16,858 [IPC Server listener on 13539] INFO  ipc.Server (Server.java:run(1376)) - Stopping IPC Server listener on 13539
2021-10-05 13:25:16,858 [IPC Server Responder] INFO  ipc.Server (Server.java:run(1512)) - Stopping IPC Server Responder
2021-10-05 13:25:16,926 [SCM Heartbeat Processing Thread - 0] WARN  node.NodeStateManager (NodeStateManager.java:scheduleNextHealthCheck(799)) - Current Thread is interrupted, shutting down HB processing thread for Node Manager.
2021-10-05 13:25:16,926 [Listener at 127.0.0.1/13296] INFO  server.StorageContainerManager (StorageContainerManager.java:stop(1431)) - Stopping block service RPC server
2021-10-05 13:25:16,926 [Listener at 127.0.0.1/13296] INFO  server.SCMBlockProtocolServer (SCMBlockProtocolServer.java:stop(160)) - Stopping the RPC server for Block Protocol
2021-10-05 13:25:16,926 [Listener at 127.0.0.1/13296] INFO  ipc.Server (Server.java:stop(3414)) - Stopping server on 13540
2021-10-05 13:25:16,935 [IPC Server listener on 13540] INFO  ipc.Server (Server.java:run(1376)) - Stopping IPC Server listener on 13540
2021-10-05 13:25:16,935 [Listener at 127.0.0.1/13296] INFO  server.StorageContainerManager (StorageContainerManager.java:stop(1438)) - Stopping the StorageContainerLocationProtocol RPC server
2021-10-05 13:25:16,935 [Listener at 127.0.0.1/13296] INFO  server.SCMClientProtocolServer (SCMClientProtocolServer.java:stop(173)) - Stopping the RPC server for Client Protocol
2021-10-05 13:25:16,935 [Listener at 127.0.0.1/13296] INFO  ipc.Server (Server.java:stop(3414)) - Stopping server on 13541
2021-10-05 13:25:16,936 [IPC Server Responder] INFO  ipc.Server (Server.java:run(1512)) - Stopping IPC Server Responder
2021-10-05 13:25:16,941 [IPC Server Responder] INFO  ipc.Server (Server.java:run(1512)) - Stopping IPC Server Responder
2021-10-05 13:25:16,941 [IPC Server listener on 13541] INFO  ipc.Server (Server.java:run(1376)) - Stopping IPC Server listener on 13541
2021-10-05 13:25:16,944 [EndpointStateMachine task thread for /127.0.0.1:13539 - 0 ] WARN  statemachine.EndpointStateMachine (EndpointStateMachine.java:logIfNeeded(236)) - Unable to communicate to SCM server at 127.0.0.1:13539 for past 0 seconds.
java.io.EOFException: End of File Exception between local host is: "fv-az270-324/10.1.0.10"; destination host is: "localhost":13539; : java.io.EOFException; For more details see:  http://wiki.apache.org/hadoop/EOFException
	at sun.reflect.NativeConstructorAccessorImpl.newInstance0(Native Method)
	at sun.reflect.NativeConstructorAccessorImpl.newInstance(NativeConstructorAccessorImpl.java:62)
	at sun.reflect.DelegatingConstructorAccessorImpl.newInstance(DelegatingConstructorAccessorImpl.java:45)
	at java.lang.reflect.Constructor.newInstance(Constructor.java:423)
	at org.apache.hadoop.net.NetUtils.wrapWithMessage(NetUtils.java:913)
	at org.apache.hadoop.net.NetUtils.wrapException(NetUtils.java:862)
	at org.apache.hadoop.ipc.Client.getRpcResponse(Client.java:1577)
	at org.apache.hadoop.ipc.Client.call(Client.java:1519)
	at org.apache.hadoop.ipc.Client.call(Client.java:1416)
	at org.apache.hadoop.ipc.ProtobufRpcEngine$Invoker.invoke(ProtobufRpcEngine.java:236)
	at org.apache.hadoop.ipc.ProtobufRpcEngine$Invoker.invoke(ProtobufRpcEngine.java:123)
	at com.sun.proxy.$Proxy48.submitRequest(Unknown Source)
	at org.apache.hadoop.ozone.protocolPB.StorageContainerDatanodeProtocolClientSideTranslatorPB.submitRequest(StorageContainerDatanodeProtocolClientSideTranslatorPB.java:117)
	at org.apache.hadoop.ozone.protocolPB.StorageContainerDatanodeProtocolClientSideTranslatorPB.sendHeartbeat(StorageContainerDatanodeProtocolClientSideTranslatorPB.java:149)
	at org.apache.hadoop.ozone.container.common.states.endpoint.HeartbeatEndpointTask.call(HeartbeatEndpointTask.java:179)
	at org.apache.hadoop.ozone.container.common.states.endpoint.HeartbeatEndpointTask.call(HeartbeatEndpointTask.java:82)
	at java.util.concurrent.FutureTask.run(FutureTask.java:266)
	at java.util.concurrent.ThreadPoolExecutor.runWorker(ThreadPoolExecutor.java:1149)
	at java.util.concurrent.ThreadPoolExecutor$Worker.run(ThreadPoolExecutor.java:624)
	at java.lang.Thread.run(Thread.java:748)
Caused by: java.io.EOFException
	at java.io.DataInputStream.readInt(DataInputStream.java:392)
	at org.apache.hadoop.ipc.Client$IpcStreams.readResponse(Client.java:1892)
	at org.apache.hadoop.ipc.Client$Connection.receiveRpcResponse(Client.java:1202)
	at org.apache.hadoop.ipc.Client$Connection.run(Client.java:1098)
2021-10-05 13:25:16,947 [Listener at 127.0.0.1/13296] INFO  server.StorageContainerManager (StorageContainerManager.java:stop(1445)) - Stopping Storage Container Manager HTTP server.
2021-10-05 13:25:16,948 [Listener at 127.0.0.1/13296] INFO  handler.ContextHandler (ContextHandler.java:doStop(1153)) - Stopped o.e.j.w.WebAppContext@14c4b3e1{scm,/,null,STOPPED}{file:/home/runner/work/ozone/ozone/hadoop-ozone/integration-test/target/test-classes/webapps/scm}
2021-10-05 13:25:16,949 [Listener at 127.0.0.1/13296] INFO  server.AbstractConnector (AbstractConnector.java:doStop(381)) - Stopped ServerConnector@4dfb114e{HTTP/1.1, (http/1.1)}{0.0.0.0:13536}
2021-10-05 13:25:16,949 [Listener at 127.0.0.1/13296] INFO  server.session (HouseKeeper.java:stopScavenging(149)) - node0 Stopped scavenging
2021-10-05 13:25:16,950 [Listener at 127.0.0.1/13296] INFO  handler.ContextHandler (ContextHandler.java:doStop(1153)) - Stopped o.e.j.s.ServletContextHandler@48cea80f{static,/static,file:///home/runner/work/ozone/ozone/hadoop-ozone/integration-test/target/test-classes/webapps/static,STOPPED}
2021-10-05 13:25:16,950 [Listener at 127.0.0.1/13296] INFO  handler.ContextHandler (ContextHandler.java:doStop(1153)) - Stopped o.e.j.s.ServletContextHandler@76838ab3{logs,/logs,file:///home/runner/work/ozone/ozone/hadoop-ozone/integration-test/target/log,STOPPED}
2021-10-05 13:25:16,951 [Listener at 127.0.0.1/13296] INFO  server.StorageContainerManager (StorageContainerManager.java:stop(1456)) - Stopping Block Manager Service.
2021-10-05 13:25:16,952 [Listener at 127.0.0.1/13296] INFO  utils.BackgroundService (BackgroundService.java:shutdown(132)) - Shutting down service SCMBlockDeletingService
2021-10-05 13:25:16,952 [Listener at 127.0.0.1/13296] INFO  utils.BackgroundService (BackgroundService.java:shutdown(132)) - Shutting down service SCMBlockDeletingService
2021-10-05 13:25:16,952 [Listener at 127.0.0.1/13296] INFO  server.StorageContainerManager (StorageContainerManager.java:stop(1483)) - Stopping SCM Event Queue.
2021-10-05 13:25:16,953 [Listener at 127.0.0.1/13296] INFO  server.StorageContainerManager (StorageContainerManager.java:stop(1494)) - Stopping SCM HA services.
2021-10-05 13:25:16,953 [Listener at 127.0.0.1/13296] INFO  ha.SCMRatisServerImpl (SCMRatisServerImpl.java:stop(236)) - stopping ratis server 0.0.0.0:13538
2021-10-05 13:25:16,953 [Listener at 127.0.0.1/13296] INFO  server.RaftServer (RaftServerProxy.java:lambda$close$6(391)) - 6d234f4d-474a-4c74-a9e9-8f3885fce584: close
2021-10-05 13:25:16,954 [Listener at 127.0.0.1/13296] INFO  server.RaftServer$Division (RaftServerImpl.java:lambda$close$4(407)) - 6d234f4d-474a-4c74-a9e9-8f3885fce584@group-5AA8DAB94A1F: shutdown
2021-10-05 13:25:16,954 [Listener at 127.0.0.1/13296] INFO  util.JmxRegister (JmxRegister.java:unregister(73)) - Successfully un-registered JMX Bean with object name Ratis:service=RaftServer,group=group-5AA8DAB94A1F,id=6d234f4d-474a-4c74-a9e9-8f3885fce584
2021-10-05 13:25:16,954 [Listener at 127.0.0.1/13296] INFO  impl.RoleInfo (RoleInfo.java:shutdownFollowerState(108)) - 6d234f4d-474a-4c74-a9e9-8f3885fce584: shutdown 6d234f4d-474a-4c74-a9e9-8f3885fce584@group-5AA8DAB94A1F-FollowerState
2021-10-05 13:25:16,954 [6d234f4d-474a-4c74-a9e9-8f3885fce584@group-5AA8DAB94A1F-FollowerState] INFO  impl.FollowerState (FollowerState.java:run(143)) - 6d234f4d-474a-4c74-a9e9-8f3885fce584@group-5AA8DAB94A1F-FollowerState was interrupted: {}
java.lang.InterruptedException: sleep interrupted
	at java.lang.Thread.sleep(Native Method)
	at java.lang.Thread.sleep(Thread.java:340)
	at java.util.concurrent.TimeUnit.sleep(TimeUnit.java:386)
	at org.apache.ratis.util.TimeDuration.sleep(TimeDuration.java:324)
	at org.apache.ratis.util.TimeDuration.sleep(TimeDuration.java:309)
	at org.apache.ratis.server.impl.FollowerState.run(FollowerState.java:118)
2021-10-05 13:25:16,955 [6d234f4d-474a-4c74-a9e9-8f3885fce584@group-5AA8DAB94A1F-StateMachineUpdater] INFO  ha.SCMStateMachine (SCMStateMachine.java:takeSnapshot(290)) - Current Snapshot Index 29, takeSnapshot took 0 ms
2021-10-05 13:25:16,955 [6d234f4d-474a-4c74-a9e9-8f3885fce584@group-5AA8DAB94A1F-StateMachineUpdater] INFO  impl.StateMachineUpdater (StateMachineUpdater.java:takeSnapshot(281)) - 6d234f4d-474a-4c74-a9e9-8f3885fce584@group-5AA8DAB94A1F-StateMachineUpdater: Took a snapshot at index 29
2021-10-05 13:25:16,955 [6d234f4d-474a-4c74-a9e9-8f3885fce584@group-5AA8DAB94A1F-StateMachineUpdater] INFO  impl.StateMachineUpdater (StateMachineUpdater.java:lambda$new$0(89)) - 6d234f4d-474a-4c74-a9e9-8f3885fce584@group-5AA8DAB94A1F-StateMachineUpdater: snapshotIndex: updateIncreasingly 25 -> 29
2021-10-05 13:25:16,955 [Listener at 127.0.0.1/13296] INFO  impl.StateMachineUpdater (StateMachineUpdater.java:stopAndJoin(149)) - 6d234f4d-474a-4c74-a9e9-8f3885fce584@group-5AA8DAB94A1F-StateMachineUpdater: set stopIndex = 29
2021-10-05 13:25:16,955 [Listener at 127.0.0.1/13296] INFO  server.RaftServer$Division (ServerState.java:close(419)) - 6d234f4d-474a-4c74-a9e9-8f3885fce584@group-5AA8DAB94A1F: closes. applyIndex: 28
2021-10-05 13:25:16,956 [6d234f4d-474a-4c74-a9e9-8f3885fce584@group-5AA8DAB94A1F-SegmentedRaftLogWorker] INFO  segmented.SegmentedRaftLogWorker (SegmentedRaftLogWorker.java:run(327)) - 6d234f4d-474a-4c74-a9e9-8f3885fce584@group-5AA8DAB94A1F-SegmentedRaftLogWorker was interrupted, exiting. There are 0 tasks remaining in the queue.
2021-10-05 13:25:16,956 [Listener at 127.0.0.1/13296] INFO  segmented.SegmentedRaftLogWorker (SegmentedRaftLogWorker.java:close(237)) - 6d234f4d-474a-4c74-a9e9-8f3885fce584@group-5AA8DAB94A1F-SegmentedRaftLogWorker close()
2021-10-05 13:25:16,957 [Listener at 127.0.0.1/13296] INFO  server.GrpcService (GrpcService.java:closeImpl(262)) - 6d234f4d-474a-4c74-a9e9-8f3885fce584: shutdown server with port 13538 now
2021-10-05 13:25:16,961 [Listener at 127.0.0.1/13296] INFO  server.GrpcService (GrpcService.java:closeImpl(271)) - 6d234f4d-474a-4c74-a9e9-8f3885fce584: shutdown server with port 13538 successfully
2021-10-05 13:25:16,961 [org.apache.ratis.util.JvmPauseMonitor$$Lambda$499/1586779822@d2df0f5] INFO  util.JvmPauseMonitor (JvmPauseMonitor.java:run(109)) - JvmPauseMonitor-6d234f4d-474a-4c74-a9e9-8f3885fce584: Stopped
2021-10-05 13:25:16,961 [Listener at 127.0.0.1/13296] INFO  pipeline.BackgroundPipelineCreator (BackgroundPipelineCreatorV2.java:stop(158)) - Stopping RatisPipelineUtilsThread.
2021-10-05 13:25:16,962 [Listener at 127.0.0.1/13296] INFO  server.StorageContainerManager (StorageContainerManager.java:stop(1504)) - Stopping SCM MetadataStore.
2021-10-05 13:25:16,964 [Listener at 127.0.0.1/13296] INFO  impl.MetricsSystemImpl (MetricsSystemImpl.java:stop(205)) - StorageContainerManager metrics system stopped (again)
2021-10-05 13:25:16,965 [Listener at 127.0.0.1/13296] INFO  ozone.MiniOzoneClusterImpl (MiniOzoneClusterImpl.java:stop(468)) - Stopping the Mini Ozone Cluster
2021-10-05 13:25:16,965 [Listener at 127.0.0.1/13296] INFO  ozone.MiniOzoneClusterImpl (MiniOzoneClusterImpl.java:stopDatanodes(527)) - Stopping the HddsDatanodes
2021-10-05 13:25:17,742 [Datanode State Machine Thread - 0] WARN  statemachine.StateContext (StateContext.java:setState(246)) - Ignore disallowed transition from SHUTDOWN to RUNNING
2021-10-05 13:25:17,742 [EndpointStateMachine task thread for /127.0.0.1:13529 - 0 ] INFO  ipc.Client (Client.java:handleConnectionFailure(977)) - Retrying connect to server: localhost/127.0.0.1:13529. Already tried 0 time(s); retry policy is RetryUpToMaximumCountWithFixedSleep(maxRetries=15, sleepTime=1000 MILLISECONDS)
2021-10-05 13:25:17,743 [EndpointStateMachine task thread for /127.0.0.1:13549 - 0 ] INFO  ipc.Client (Client.java:handleConnectionFailure(977)) - Retrying connect to server: localhost/127.0.0.1:13549. Already tried 0 time(s); retry policy is RetryUpToMaximumCountWithFixedSleep(maxRetries=15, sleepTime=1000 MILLISECONDS)
2021-10-05 13:25:17,751 [EndpointStateMachine task thread for /127.0.0.1:15041 - 0 ] INFO  ipc.Client (Client.java:handleConnectionFailure(977)) - Retrying connect to server: localhost/127.0.0.1:15041. Already tried 9 time(s); retry policy is RetryUpToMaximumCountWithFixedSleep(maxRetries=15, sleepTime=1000 MILLISECONDS)
2021-10-05 13:25:17,811 [EndpointStateMachine task thread for /127.0.0.1:15031 - 0 ] INFO  ipc.Client (Client.java:handleConnectionFailure(977)) - Retrying connect to server: localhost/127.0.0.1:15031. Already tried 13 time(s); retry policy is RetryUpToMaximumCountWithFixedSleep(maxRetries=15, sleepTime=1000 MILLISECONDS)
2021-10-05 13:25:17,818 [EndpointStateMachine task thread for /127.0.0.1:15021 - 0 ] INFO  ipc.Client (Client.java:handleConnectionFailure(977)) - Retrying connect to server: localhost/127.0.0.1:15021. Already tried 13 time(s); retry policy is RetryUpToMaximumCountWithFixedSleep(maxRetries=15, sleepTime=1000 MILLISECONDS)
2021-10-05 13:25:18,743 [EndpointStateMachine task thread for /127.0.0.1:13529 - 0 ] INFO  ipc.Client (Client.java:handleConnectionFailure(977)) - Retrying connect to server: localhost/127.0.0.1:13529. Already tried 1 time(s); retry policy is RetryUpToMaximumCountWithFixedSleep(maxRetries=15, sleepTime=1000 MILLISECONDS)
2021-10-05 13:25:18,744 [EndpointStateMachine task thread for /127.0.0.1:13549 - 0 ] INFO  ipc.Client (Client.java:handleConnectionFailure(977)) - Retrying connect to server: localhost/127.0.0.1:13549. Already tried 1 time(s); retry policy is RetryUpToMaximumCountWithFixedSleep(maxRetries=15, sleepTime=1000 MILLISECONDS)
2021-10-05 13:25:18,751 [EndpointStateMachine task thread for /127.0.0.1:15041 - 0 ] INFO  ipc.Client (Client.java:handleConnectionFailure(977)) - Retrying connect to server: localhost/127.0.0.1:15041. Already tried 10 time(s); retry policy is RetryUpToMaximumCountWithFixedSleep(maxRetries=15, sleepTime=1000 MILLISECONDS)
2021-10-05 13:25:18,811 [EndpointStateMachine task thread for /127.0.0.1:15031 - 0 ] INFO  ipc.Client (Client.java:handleConnectionFailure(977)) - Retrying connect to server: localhost/127.0.0.1:15031. Already tried 14 time(s); retry policy is RetryUpToMaximumCountWithFixedSleep(maxRetries=15, sleepTime=1000 MILLISECONDS)
2021-10-05 13:25:18,819 [EndpointStateMachine task thread for /127.0.0.1:15021 - 0 ] INFO  ipc.Client (Client.java:handleConnectionFailure(977)) - Retrying connect to server: localhost/127.0.0.1:15021. Already tried 14 time(s); retry policy is RetryUpToMaximumCountWithFixedSleep(maxRetries=15, sleepTime=1000 MILLISECONDS)
2021-10-05 13:25:18,943 [EndpointStateMachine task thread for /127.0.0.1:13539 - 0 ] INFO  ipc.Client (Client.java:handleConnectionFailure(977)) - Retrying connect to server: localhost/127.0.0.1:13539. Already tried 0 time(s); retry policy is RetryUpToMaximumCountWithFixedSleep(maxRetries=15, sleepTime=1000 MILLISECONDS)
2021-10-05 13:25:19,744 [EndpointStateMachine task thread for /127.0.0.1:13529 - 0 ] INFO  ipc.Client (Client.java:handleConnectionFailure(977)) - Retrying connect to server: localhost/127.0.0.1:13529. Already tried 2 time(s); retry policy is RetryUpToMaximumCountWithFixedSleep(maxRetries=15, sleepTime=1000 MILLISECONDS)
2021-10-05 13:25:19,744 [EndpointStateMachine task thread for /127.0.0.1:13549 - 0 ] INFO  ipc.Client (Client.java:handleConnectionFailure(977)) - Retrying connect to server: localhost/127.0.0.1:13549. Already tried 2 time(s); retry policy is RetryUpToMaximumCountWithFixedSleep(maxRetries=15, sleepTime=1000 MILLISECONDS)
2021-10-05 13:25:19,752 [EndpointStateMachine task thread for /127.0.0.1:15041 - 0 ] INFO  ipc.Client (Client.java:handleConnectionFailure(977)) - Retrying connect to server: localhost/127.0.0.1:15041. Already tried 11 time(s); retry policy is RetryUpToMaximumCountWithFixedSleep(maxRetries=15, sleepTime=1000 MILLISECONDS)
2021-10-05 13:25:19,813 [EndpointStateMachine task thread for /127.0.0.1:15031 - 0 ] INFO  ipc.Client (Client.java:handleConnectionFailure(977)) - Retrying connect to server: localhost/127.0.0.1:15031. Already tried 0 time(s); retry policy is RetryUpToMaximumCountWithFixedSleep(maxRetries=15, sleepTime=1000 MILLISECONDS)
2021-10-05 13:25:19,820 [EndpointStateMachine task thread for /127.0.0.1:15021 - 0 ] INFO  ipc.Client (Client.java:handleConnectionFailure(977)) - Retrying connect to server: localhost/127.0.0.1:15021. Already tried 0 time(s); retry policy is RetryUpToMaximumCountWithFixedSleep(maxRetries=15, sleepTime=1000 MILLISECONDS)
2021-10-05 13:25:19,943 [EndpointStateMachine task thread for /127.0.0.1:13539 - 0 ] INFO  ipc.Client (Client.java:handleConnectionFailure(977)) - Retrying connect to server: localhost/127.0.0.1:13539. Already tried 1 time(s); retry policy is RetryUpToMaximumCountWithFixedSleep(maxRetries=15, sleepTime=1000 MILLISECONDS)
2021-10-05 13:25:20,744 [EndpointStateMachine task thread for /127.0.0.1:13529 - 0 ] INFO  ipc.Client (Client.java:handleConnectionFailure(977)) - Retrying connect to server: localhost/127.0.0.1:13529. Already tried 3 time(s); retry policy is RetryUpToMaximumCountWithFixedSleep(maxRetries=15, sleepTime=1000 MILLISECONDS)
2021-10-05 13:25:20,745 [EndpointStateMachine task thread for /127.0.0.1:13549 - 0 ] INFO  ipc.Client (Client.java:handleConnectionFailure(977)) - Retrying connect to server: localhost/127.0.0.1:13549. Already tried 3 time(s); retry policy is RetryUpToMaximumCountWithFixedSleep(maxRetries=15, sleepTime=1000 MILLISECONDS)
2021-10-05 13:25:20,752 [EndpointStateMachine task thread for /127.0.0.1:15041 - 0 ] INFO  ipc.Client (Client.java:handleConnectionFailure(977)) - Retrying connect to server: localhost/127.0.0.1:15041. Already tried 12 time(s); retry policy is RetryUpToMaximumCountWithFixedSleep(maxRetries=15, sleepTime=1000 MILLISECONDS)
2021-10-05 13:25:20,813 [EndpointStateMachine task thread for /127.0.0.1:15031 - 0 ] INFO  ipc.Client (Client.java:handleConnectionFailure(977)) - Retrying connect to server: localhost/127.0.0.1:15031. Already tried 1 time(s); retry policy is RetryUpToMaximumCountWithFixedSleep(maxRetries=15, sleepTime=1000 MILLISECONDS)
2021-10-05 13:25:20,820 [EndpointStateMachine task thread for /127.0.0.1:15021 - 0 ] INFO  ipc.Client (Client.java:handleConnectionFailure(977)) - Retrying connect to server: localhost/127.0.0.1:15021. Already tried 1 time(s); retry policy is RetryUpToMaximumCountWithFixedSleep(maxRetries=15, sleepTime=1000 MILLISECONDS)
2021-10-05 13:25:20,944 [EndpointStateMachine task thread for /127.0.0.1:13539 - 0 ] INFO  ipc.Client (Client.java:handleConnectionFailure(977)) - Retrying connect to server: localhost/127.0.0.1:13539. Already tried 2 time(s); retry policy is RetryUpToMaximumCountWithFixedSleep(maxRetries=15, sleepTime=1000 MILLISECONDS)
2021-10-05 13:25:21,745 [EndpointStateMachine task thread for /127.0.0.1:13529 - 0 ] INFO  ipc.Client (Client.java:handleConnectionFailure(977)) - Retrying connect to server: localhost/127.0.0.1:13529. Already tried 4 time(s); retry policy is RetryUpToMaximumCountWithFixedSleep(maxRetries=15, sleepTime=1000 MILLISECONDS)
2021-10-05 13:25:21,745 [EndpointStateMachine task thread for /127.0.0.1:13549 - 0 ] INFO  ipc.Client (Client.java:handleConnectionFailure(977)) - Retrying connect to server: localhost/127.0.0.1:13549. Already tried 4 time(s); retry policy is RetryUpToMaximumCountWithFixedSleep(maxRetries=15, sleepTime=1000 MILLISECONDS)
2021-10-05 13:25:21,752 [EndpointStateMachine task thread for /127.0.0.1:15041 - 0 ] INFO  ipc.Client (Client.java:handleConnectionFailure(977)) - Retrying connect to server: localhost/127.0.0.1:15041. Already tried 13 time(s); retry policy is RetryUpToMaximumCountWithFixedSleep(maxRetries=15, sleepTime=1000 MILLISECONDS)
2021-10-05 13:25:21,813 [EndpointStateMachine task thread for /127.0.0.1:15031 - 0 ] INFO  ipc.Client (Client.java:handleConnectionFailure(977)) - Retrying connect to server: localhost/127.0.0.1:15031. Already tried 2 time(s); retry policy is RetryUpToMaximumCountWithFixedSleep(maxRetries=15, sleepTime=1000 MILLISECONDS)
2021-10-05 13:25:21,820 [EndpointStateMachine task thread for /127.0.0.1:15021 - 0 ] INFO  ipc.Client (Client.java:handleConnectionFailure(977)) - Retrying connect to server: localhost/127.0.0.1:15021. Already tried 2 time(s); retry policy is RetryUpToMaximumCountWithFixedSleep(maxRetries=15, sleepTime=1000 MILLISECONDS)
2021-10-05 13:25:21,944 [EndpointStateMachine task thread for /127.0.0.1:13539 - 0 ] INFO  ipc.Client (Client.java:handleConnectionFailure(977)) - Retrying connect to server: localhost/127.0.0.1:13539. Already tried 3 time(s); retry policy is RetryUpToMaximumCountWithFixedSleep(maxRetries=15, sleepTime=1000 MILLISECONDS)
2021-10-05 13:25:21,965 [Listener at 127.0.0.1/13296] INFO  ozoneimpl.OzoneContainer (OzoneContainer.java:stop(325)) - Attempting to stop container services.
2021-10-05 13:25:21,966 [ForkJoinPool.commonPool-worker-0] INFO  ozoneimpl.OzoneContainer (OzoneContainer.java:stop(325)) - Attempting to stop container services.
2021-10-05 13:25:21,967 [Listener at 127.0.0.1/13296] INFO  server.RaftServer (RaftServerProxy.java:lambda$close$6(391)) - 830d4653-8da7-4c59-a1a4-1cd595539218: close
2021-10-05 13:25:21,967 [ForkJoinPool.commonPool-worker-0] INFO  server.RaftServer (RaftServerProxy.java:lambda$close$6(391)) - b668fbba-0931-4533-8c87-c6849aaa836f: close
2021-10-05 13:25:21,967 [Listener at 127.0.0.1/13296] INFO  server.RaftServer$Division (RaftServerImpl.java:lambda$close$4(407)) - 830d4653-8da7-4c59-a1a4-1cd595539218@group-62F8E1A01D1D: shutdown
2021-10-05 13:25:21,967 [ForkJoinPool.commonPool-worker-0] INFO  server.RaftServer$Division (RaftServerImpl.java:lambda$close$4(407)) - b668fbba-0931-4533-8c87-c6849aaa836f@group-16677137C488: shutdown
2021-10-05 13:25:21,967 [Listener at 127.0.0.1/13296] INFO  util.JmxRegister (JmxRegister.java:unregister(73)) - Successfully un-registered JMX Bean with object name Ratis:service=RaftServer,group=group-62F8E1A01D1D,id=830d4653-8da7-4c59-a1a4-1cd595539218
2021-10-05 13:25:21,967 [ForkJoinPool.commonPool-worker-0] INFO  util.JmxRegister (JmxRegister.java:unregister(73)) - Successfully un-registered JMX Bean with object name Ratis:service=RaftServer,group=group-16677137C488,id=b668fbba-0931-4533-8c87-c6849aaa836f
2021-10-05 13:25:21,967 [ForkJoinPool.commonPool-worker-0] INFO  impl.RoleInfo (RoleInfo.java:shutdownLeaderState(91)) - b668fbba-0931-4533-8c87-c6849aaa836f: shutdown b668fbba-0931-4533-8c87-c6849aaa836f@group-16677137C488-LeaderStateImpl
2021-10-05 13:25:21,967 [Listener at 127.0.0.1/13296] INFO  impl.RoleInfo (RoleInfo.java:shutdownFollowerState(108)) - 830d4653-8da7-4c59-a1a4-1cd595539218: shutdown 830d4653-8da7-4c59-a1a4-1cd595539218@group-62F8E1A01D1D-FollowerState
2021-10-05 13:25:21,968 [ForkJoinPool.commonPool-worker-0] INFO  impl.PendingRequests (PendingRequests.java:sendNotLeaderResponses(282)) - b668fbba-0931-4533-8c87-c6849aaa836f@group-16677137C488-PendingRequests: sendNotLeaderResponses
2021-10-05 13:25:21,968 [830d4653-8da7-4c59-a1a4-1cd595539218@group-62F8E1A01D1D-StateMachineUpdater] INFO  ratis.ContainerStateMachine (ContainerStateMachine.java:takeSnapshot(292)) - group-62F8E1A01D1D: Taking a snapshot at:(t:2, i:0) file /home/runner/work/ozone/ozone/hadoop-ozone/integration-test/target/test-dir/MiniOzoneClusterImpl-36b87918-66c6-4e2c-9c49-5aa8dab94a1f/datanode-1/data/ratis/5cfa055b-4c5c-4f3c-a5c0-62f8e1a01d1d/sm/snapshot.2_0
2021-10-05 13:25:21,968 [ForkJoinPool.commonPool-worker-0] INFO  impl.StateMachineUpdater (StateMachineUpdater.java:stopAndJoin(149)) - b668fbba-0931-4533-8c87-c6849aaa836f@group-16677137C488-StateMachineUpdater: set stopIndex = 0
2021-10-05 13:25:21,968 [830d4653-8da7-4c59-a1a4-1cd595539218@group-62F8E1A01D1D-FollowerState] INFO  impl.FollowerState (FollowerState.java:run(143)) - 830d4653-8da7-4c59-a1a4-1cd595539218@group-62F8E1A01D1D-FollowerState was interrupted: {}
java.lang.InterruptedException: sleep interrupted
	at java.lang.Thread.sleep(Native Method)
	at java.lang.Thread.sleep(Thread.java:340)
	at java.util.concurrent.TimeUnit.sleep(TimeUnit.java:386)
	at org.apache.ratis.util.TimeDuration.sleep(TimeDuration.java:324)
	at org.apache.ratis.util.TimeDuration.sleep(TimeDuration.java:309)
	at org.apache.ratis.server.impl.FollowerState.run(FollowerState.java:118)
2021-10-05 13:25:21,968 [b668fbba-0931-4533-8c87-c6849aaa836f@group-16677137C488-StateMachineUpdater] INFO  ratis.ContainerStateMachine (ContainerStateMachine.java:takeSnapshot(292)) - group-16677137C488: Taking a snapshot at:(t:1, i:0) file /home/runner/work/ozone/ozone/hadoop-ozone/integration-test/target/test-dir/MiniOzoneClusterImpl-36b87918-66c6-4e2c-9c49-5aa8dab94a1f/datanode-0/data/ratis/fb43a933-1c8b-4815-9314-16677137c488/sm/snapshot.1_0
2021-10-05 13:25:21,968 [Listener at 127.0.0.1/13296] INFO  impl.StateMachineUpdater (StateMachineUpdater.java:stopAndJoin(149)) - 830d4653-8da7-4c59-a1a4-1cd595539218@group-62F8E1A01D1D-StateMachineUpdater: set stopIndex = 0
2021-10-05 13:25:21,971 [830d4653-8da7-4c59-a1a4-1cd595539218@group-62F8E1A01D1D-StateMachineUpdater] INFO  ratis.ContainerStateMachine (ContainerStateMachine.java:takeSnapshot(303)) - group-62F8E1A01D1D: Finished taking a snapshot at:(t:2, i:0) file:/home/runner/work/ozone/ozone/hadoop-ozone/integration-test/target/test-dir/MiniOzoneClusterImpl-36b87918-66c6-4e2c-9c49-5aa8dab94a1f/datanode-1/data/ratis/5cfa055b-4c5c-4f3c-a5c0-62f8e1a01d1d/sm/snapshot.2_0 took: 4 ms
2021-10-05 13:25:21,971 [830d4653-8da7-4c59-a1a4-1cd595539218@group-62F8E1A01D1D-StateMachineUpdater] INFO  impl.StateMachineUpdater (StateMachineUpdater.java:takeSnapshot(281)) - 830d4653-8da7-4c59-a1a4-1cd595539218@group-62F8E1A01D1D-StateMachineUpdater: Took a snapshot at index 0
2021-10-05 13:25:21,971 [830d4653-8da7-4c59-a1a4-1cd595539218@group-62F8E1A01D1D-StateMachineUpdater] INFO  impl.StateMachineUpdater (StateMachineUpdater.java:lambda$new$0(89)) - 830d4653-8da7-4c59-a1a4-1cd595539218@group-62F8E1A01D1D-StateMachineUpdater: snapshotIndex: updateIncreasingly -1 -> 0
2021-10-05 13:25:21,972 [b668fbba-0931-4533-8c87-c6849aaa836f@group-16677137C488-StateMachineUpdater] INFO  ratis.ContainerStateMachine (ContainerStateMachine.java:takeSnapshot(303)) - group-16677137C488: Finished taking a snapshot at:(t:1, i:0) file:/home/runner/work/ozone/ozone/hadoop-ozone/integration-test/target/test-dir/MiniOzoneClusterImpl-36b87918-66c6-4e2c-9c49-5aa8dab94a1f/datanode-0/data/ratis/fb43a933-1c8b-4815-9314-16677137c488/sm/snapshot.1_0 took: 3 ms
2021-10-05 13:25:21,972 [b668fbba-0931-4533-8c87-c6849aaa836f@group-16677137C488-StateMachineUpdater] INFO  impl.StateMachineUpdater (StateMachineUpdater.java:takeSnapshot(281)) - b668fbba-0931-4533-8c87-c6849aaa836f@group-16677137C488-StateMachineUpdater: Took a snapshot at index 0
2021-10-05 13:25:21,972 [b668fbba-0931-4533-8c87-c6849aaa836f@group-16677137C488-StateMachineUpdater] INFO  impl.StateMachineUpdater (StateMachineUpdater.java:lambda$new$0(89)) - b668fbba-0931-4533-8c87-c6849aaa836f@group-16677137C488-StateMachineUpdater: snapshotIndex: updateIncreasingly -1 -> 0
2021-10-05 13:25:21,972 [ForkJoinPool.commonPool-worker-0] INFO  server.RaftServer$Division (ServerState.java:close(419)) - b668fbba-0931-4533-8c87-c6849aaa836f@group-16677137C488: closes. applyIndex: 0
2021-10-05 13:25:21,973 [b668fbba-0931-4533-8c87-c6849aaa836f@group-16677137C488-SegmentedRaftLogWorker] INFO  segmented.SegmentedRaftLogWorker (SegmentedRaftLogWorker.java:run(327)) - b668fbba-0931-4533-8c87-c6849aaa836f@group-16677137C488-SegmentedRaftLogWorker was interrupted, exiting. There are 0 tasks remaining in the queue.
2021-10-05 13:25:21,973 [Listener at 127.0.0.1/13296] INFO  server.RaftServer$Division (ServerState.java:close(419)) - 830d4653-8da7-4c59-a1a4-1cd595539218@group-62F8E1A01D1D: closes. applyIndex: 0
2021-10-05 13:25:21,974 [830d4653-8da7-4c59-a1a4-1cd595539218@group-62F8E1A01D1D-SegmentedRaftLogWorker] INFO  segmented.SegmentedRaftLogWorker (SegmentedRaftLogWorker.java:run(327)) - 830d4653-8da7-4c59-a1a4-1cd595539218@group-62F8E1A01D1D-SegmentedRaftLogWorker was interrupted, exiting. There are 0 tasks remaining in the queue.
2021-10-05 13:25:21,973 [ForkJoinPool.commonPool-worker-0] INFO  segmented.SegmentedRaftLogWorker (SegmentedRaftLogWorker.java:close(237)) - b668fbba-0931-4533-8c87-c6849aaa836f@group-16677137C488-SegmentedRaftLogWorker close()
2021-10-05 13:25:21,975 [ForkJoinPool.commonPool-worker-0] INFO  server.RaftServer$Division (RaftServerImpl.java:lambda$close$4(407)) - b668fbba-0931-4533-8c87-c6849aaa836f@group-62F8E1A01D1D: shutdown
2021-10-05 13:25:21,975 [ForkJoinPool.commonPool-worker-0] INFO  util.JmxRegister (JmxRegister.java:unregister(73)) - Successfully un-registered JMX Bean with object name Ratis:service=RaftServer,group=group-62F8E1A01D1D,id=b668fbba-0931-4533-8c87-c6849aaa836f
2021-10-05 13:25:21,975 [ForkJoinPool.commonPool-worker-0] INFO  impl.RoleInfo (RoleInfo.java:shutdownLeaderState(91)) - b668fbba-0931-4533-8c87-c6849aaa836f: shutdown b668fbba-0931-4533-8c87-c6849aaa836f@group-62F8E1A01D1D-LeaderStateImpl
2021-10-05 13:25:21,975 [b668fbba-0931-4533-8c87-c6849aaa836f@group-62F8E1A01D1D->9cad18a2-4b78-4cb8-813e-2348ce620e43-GrpcLogAppender-LogAppenderDaemon] WARN  server.GrpcLogAppender (GrpcLogAppender.java:mayWait(175)) - b668fbba-0931-4533-8c87-c6849aaa836f@group-62F8E1A01D1D->9cad18a2-4b78-4cb8-813e-2348ce620e43-GrpcLogAppender: Wait interrupted by java.lang.InterruptedException
2021-10-05 13:25:21,975 [b668fbba-0931-4533-8c87-c6849aaa836f@group-62F8E1A01D1D->830d4653-8da7-4c59-a1a4-1cd595539218-GrpcLogAppender-LogAppenderDaemon] WARN  server.GrpcLogAppender (GrpcLogAppender.java:mayWait(175)) - b668fbba-0931-4533-8c87-c6849aaa836f@group-62F8E1A01D1D->830d4653-8da7-4c59-a1a4-1cd595539218-GrpcLogAppender: Wait interrupted by java.lang.InterruptedException
2021-10-05 13:25:21,976 [grpc-default-executor-2] INFO  server.GrpcServerProtocolService (GrpcServerProtocolService.java:onCompleted(140)) - 9cad18a2-4b78-4cb8-813e-2348ce620e43: Completed APPEND_ENTRIES, lastRequest: b668fbba-0931-4533-8c87-c6849aaa836f->9cad18a2-4b78-4cb8-813e-2348ce620e43#1-t2,previous=(t:0, i:0),leaderCommit=0,initializing? true,entries: size=1, first=(t:2, i:0), CONFIGURATIONENTRY
2021-10-05 13:25:21,977 [grpc-default-executor-1] INFO  server.GrpcLogAppender (GrpcLogAppender.java:onCompleted(344)) - b668fbba-0931-4533-8c87-c6849aaa836f@group-62F8E1A01D1D->9cad18a2-4b78-4cb8-813e-2348ce620e43-AppendLogResponseHandler: follower responses appendEntries COMPLETED
2021-10-05 13:25:21,977 [grpc-default-executor-1] INFO  leader.FollowerInfo (FollowerInfoImpl.java:lambda$new$0(46)) - b668fbba-0931-4533-8c87-c6849aaa836f@group-62F8E1A01D1D->9cad18a2-4b78-4cb8-813e-2348ce620e43: nextIndex: updateUnconditionally 1 -> 0
2021-10-05 13:25:21,977 [grpc-default-executor-2] INFO  server.GrpcServerProtocolService (GrpcServerProtocolService.java:onCompleted(140)) - 830d4653-8da7-4c59-a1a4-1cd595539218: Completed APPEND_ENTRIES, lastRequest: b668fbba-0931-4533-8c87-c6849aaa836f->830d4653-8da7-4c59-a1a4-1cd595539218#1-t2,previous=(t:0, i:0),leaderCommit=-1,initializing? true,entries: size=1, first=(t:2, i:0), CONFIGURATIONENTRY
2021-10-05 13:25:21,975 [ForkJoinPool.commonPool-worker-0] INFO  impl.PendingRequests (PendingRequests.java:sendNotLeaderResponses(282)) - b668fbba-0931-4533-8c87-c6849aaa836f@group-62F8E1A01D1D-PendingRequests: sendNotLeaderResponses
2021-10-05 13:25:21,978 [ForkJoinPool.commonPool-worker-0] INFO  impl.StateMachineUpdater (StateMachineUpdater.java:stopAndJoin(149)) - b668fbba-0931-4533-8c87-c6849aaa836f@group-62F8E1A01D1D-StateMachineUpdater: set stopIndex = 0
2021-10-05 13:25:21,978 [b668fbba-0931-4533-8c87-c6849aaa836f@group-62F8E1A01D1D-StateMachineUpdater] INFO  ratis.ContainerStateMachine (ContainerStateMachine.java:takeSnapshot(292)) - group-62F8E1A01D1D: Taking a snapshot at:(t:2, i:0) file /home/runner/work/ozone/ozone/hadoop-ozone/integration-test/target/test-dir/MiniOzoneClusterImpl-36b87918-66c6-4e2c-9c49-5aa8dab94a1f/datanode-0/data/ratis/5cfa055b-4c5c-4f3c-a5c0-62f8e1a01d1d/sm/snapshot.2_0
2021-10-05 13:25:21,978 [grpc-default-executor-1] INFO  server.GrpcLogAppender (GrpcLogAppender.java:onCompleted(344)) - b668fbba-0931-4533-8c87-c6849aaa836f@group-62F8E1A01D1D->830d4653-8da7-4c59-a1a4-1cd595539218-AppendLogResponseHandler: follower responses appendEntries COMPLETED
2021-10-05 13:25:21,979 [grpc-default-executor-1] INFO  leader.FollowerInfo (FollowerInfoImpl.java:lambda$new$0(46)) - b668fbba-0931-4533-8c87-c6849aaa836f@group-62F8E1A01D1D->830d4653-8da7-4c59-a1a4-1cd595539218: nextIndex: updateUnconditionally 1 -> 0
2021-10-05 13:25:21,982 [Listener at 127.0.0.1/13296] INFO  segmented.SegmentedRaftLogWorker (SegmentedRaftLogWorker.java:close(237)) - 830d4653-8da7-4c59-a1a4-1cd595539218@group-62F8E1A01D1D-SegmentedRaftLogWorker close()
2021-10-05 13:25:21,983 [b668fbba-0931-4533-8c87-c6849aaa836f@group-62F8E1A01D1D-StateMachineUpdater] INFO  ratis.ContainerStateMachine (ContainerStateMachine.java:takeSnapshot(303)) - group-62F8E1A01D1D: Finished taking a snapshot at:(t:2, i:0) file:/home/runner/work/ozone/ozone/hadoop-ozone/integration-test/target/test-dir/MiniOzoneClusterImpl-36b87918-66c6-4e2c-9c49-5aa8dab94a1f/datanode-0/data/ratis/5cfa055b-4c5c-4f3c-a5c0-62f8e1a01d1d/sm/snapshot.2_0 took: 4 ms
2021-10-05 13:25:21,983 [b668fbba-0931-4533-8c87-c6849aaa836f@group-62F8E1A01D1D-StateMachineUpdater] INFO  impl.StateMachineUpdater (StateMachineUpdater.java:takeSnapshot(281)) - b668fbba-0931-4533-8c87-c6849aaa836f@group-62F8E1A01D1D-StateMachineUpdater: Took a snapshot at index 0
2021-10-05 13:25:21,983 [b668fbba-0931-4533-8c87-c6849aaa836f@group-62F8E1A01D1D-StateMachineUpdater] INFO  impl.StateMachineUpdater (StateMachineUpdater.java:lambda$new$0(89)) - b668fbba-0931-4533-8c87-c6849aaa836f@group-62F8E1A01D1D-StateMachineUpdater: snapshotIndex: updateIncreasingly -1 -> 0
2021-10-05 13:25:21,983 [ForkJoinPool.commonPool-worker-0] INFO  server.RaftServer$Division (ServerState.java:close(419)) - b668fbba-0931-4533-8c87-c6849aaa836f@group-62F8E1A01D1D: closes. applyIndex: 0
2021-10-05 13:25:21,983 [b668fbba-0931-4533-8c87-c6849aaa836f@group-62F8E1A01D1D-SegmentedRaftLogWorker] INFO  segmented.SegmentedRaftLogWorker (SegmentedRaftLogWorker.java:run(327)) - b668fbba-0931-4533-8c87-c6849aaa836f@group-62F8E1A01D1D-SegmentedRaftLogWorker was interrupted, exiting. There are 0 tasks remaining in the queue.
2021-10-05 13:25:21,985 [Listener at 127.0.0.1/13296] INFO  server.RaftServer$Division (RaftServerImpl.java:lambda$close$4(407)) - 830d4653-8da7-4c59-a1a4-1cd595539218@group-9360A73A2ABC: shutdown
2021-10-05 13:25:21,986 [Listener at 127.0.0.1/13296] INFO  util.JmxRegister (JmxRegister.java:unregister(73)) - Successfully un-registered JMX Bean with object name Ratis:service=RaftServer,group=group-9360A73A2ABC,id=830d4653-8da7-4c59-a1a4-1cd595539218
2021-10-05 13:25:21,986 [Listener at 127.0.0.1/13296] INFO  impl.RoleInfo (RoleInfo.java:shutdownFollowerState(108)) - 830d4653-8da7-4c59-a1a4-1cd595539218: shutdown 830d4653-8da7-4c59-a1a4-1cd595539218@group-9360A73A2ABC-FollowerState
2021-10-05 13:25:21,986 [Listener at 127.0.0.1/13296] INFO  impl.StateMachineUpdater (StateMachineUpdater.java:stopAndJoin(149)) - 830d4653-8da7-4c59-a1a4-1cd595539218@group-9360A73A2ABC-StateMachineUpdater: set stopIndex = 0
2021-10-05 13:25:21,986 [830d4653-8da7-4c59-a1a4-1cd595539218@group-9360A73A2ABC-StateMachineUpdater] INFO  ratis.ContainerStateMachine (ContainerStateMachine.java:takeSnapshot(292)) - group-9360A73A2ABC: Taking a snapshot at:(t:3, i:0) file /home/runner/work/ozone/ozone/hadoop-ozone/integration-test/target/test-dir/MiniOzoneClusterImpl-36b87918-66c6-4e2c-9c49-5aa8dab94a1f/datanode-1/data/ratis/1cc8aba1-0118-4460-9a8d-9360a73a2abc/sm/snapshot.3_0
2021-10-05 13:25:21,986 [830d4653-8da7-4c59-a1a4-1cd595539218@group-9360A73A2ABC-FollowerState] INFO  impl.FollowerState (FollowerState.java:run(143)) - 830d4653-8da7-4c59-a1a4-1cd595539218@group-9360A73A2ABC-FollowerState was interrupted: {}
java.lang.InterruptedException: sleep interrupted
	at java.lang.Thread.sleep(Native Method)
	at java.lang.Thread.sleep(Thread.java:340)
	at java.util.concurrent.TimeUnit.sleep(TimeUnit.java:386)
	at org.apache.ratis.util.TimeDuration.sleep(TimeDuration.java:324)
	at org.apache.ratis.util.TimeDuration.sleep(TimeDuration.java:309)
	at org.apache.ratis.server.impl.FollowerState.run(FollowerState.java:118)
2021-10-05 13:25:21,986 [ForkJoinPool.commonPool-worker-0] INFO  segmented.SegmentedRaftLogWorker (SegmentedRaftLogWorker.java:close(237)) - b668fbba-0931-4533-8c87-c6849aaa836f@group-62F8E1A01D1D-SegmentedRaftLogWorker close()
2021-10-05 13:25:21,987 [830d4653-8da7-4c59-a1a4-1cd595539218@group-9360A73A2ABC-StateMachineUpdater] INFO  ratis.ContainerStateMachine (ContainerStateMachine.java:takeSnapshot(303)) - group-9360A73A2ABC: Finished taking a snapshot at:(t:3, i:0) file:/home/runner/work/ozone/ozone/hadoop-ozone/integration-test/target/test-dir/MiniOzoneClusterImpl-36b87918-66c6-4e2c-9c49-5aa8dab94a1f/datanode-1/data/ratis/1cc8aba1-0118-4460-9a8d-9360a73a2abc/sm/snapshot.3_0 took: 1 ms
2021-10-05 13:25:21,987 [830d4653-8da7-4c59-a1a4-1cd595539218@group-9360A73A2ABC-StateMachineUpdater] INFO  impl.StateMachineUpdater (StateMachineUpdater.java:takeSnapshot(281)) - 830d4653-8da7-4c59-a1a4-1cd595539218@group-9360A73A2ABC-StateMachineUpdater: Took a snapshot at index 0
2021-10-05 13:25:21,987 [830d4653-8da7-4c59-a1a4-1cd595539218@group-9360A73A2ABC-StateMachineUpdater] INFO  impl.StateMachineUpdater (StateMachineUpdater.java:lambda$new$0(89)) - 830d4653-8da7-4c59-a1a4-1cd595539218@group-9360A73A2ABC-StateMachineUpdater: snapshotIndex: updateIncreasingly -1 -> 0
2021-10-05 13:25:21,988 [Listener at 127.0.0.1/13296] INFO  server.RaftServer$Division (ServerState.java:close(419)) - 830d4653-8da7-4c59-a1a4-1cd595539218@group-9360A73A2ABC: closes. applyIndex: 0
2021-10-05 13:25:21,988 [830d4653-8da7-4c59-a1a4-1cd595539218@group-9360A73A2ABC-SegmentedRaftLogWorker] INFO  segmented.SegmentedRaftLogWorker (SegmentedRaftLogWorker.java:run(327)) - 830d4653-8da7-4c59-a1a4-1cd595539218@group-9360A73A2ABC-SegmentedRaftLogWorker was interrupted, exiting. There are 0 tasks remaining in the queue.
2021-10-05 13:25:21,991 [Listener at 127.0.0.1/13296] INFO  segmented.SegmentedRaftLogWorker (SegmentedRaftLogWorker.java:close(237)) - 830d4653-8da7-4c59-a1a4-1cd595539218@group-9360A73A2ABC-SegmentedRaftLogWorker close()
2021-10-05 13:25:21,991 [ForkJoinPool.commonPool-worker-0] INFO  server.RaftServer$Division (RaftServerImpl.java:lambda$close$4(407)) - b668fbba-0931-4533-8c87-c6849aaa836f@group-9360A73A2ABC: shutdown
2021-10-05 13:25:21,992 [ForkJoinPool.commonPool-worker-0] INFO  util.JmxRegister (JmxRegister.java:unregister(73)) - Successfully un-registered JMX Bean with object name Ratis:service=RaftServer,group=group-9360A73A2ABC,id=b668fbba-0931-4533-8c87-c6849aaa836f
2021-10-05 13:25:21,992 [ForkJoinPool.commonPool-worker-0] INFO  impl.RoleInfo (RoleInfo.java:shutdownFollowerState(108)) - b668fbba-0931-4533-8c87-c6849aaa836f: shutdown b668fbba-0931-4533-8c87-c6849aaa836f@group-9360A73A2ABC-FollowerState
2021-10-05 13:25:21,992 [ForkJoinPool.commonPool-worker-0] INFO  impl.StateMachineUpdater (StateMachineUpdater.java:stopAndJoin(149)) - b668fbba-0931-4533-8c87-c6849aaa836f@group-9360A73A2ABC-StateMachineUpdater: set stopIndex = 0
2021-10-05 13:25:21,992 [b668fbba-0931-4533-8c87-c6849aaa836f@group-9360A73A2ABC-FollowerState] INFO  impl.FollowerState (FollowerState.java:run(143)) - b668fbba-0931-4533-8c87-c6849aaa836f@group-9360A73A2ABC-FollowerState was interrupted: {}
java.lang.InterruptedException: sleep interrupted
	at java.lang.Thread.sleep(Native Method)
	at java.lang.Thread.sleep(Thread.java:340)
	at java.util.concurrent.TimeUnit.sleep(TimeUnit.java:386)
	at org.apache.ratis.util.TimeDuration.sleep(TimeDuration.java:324)
	at org.apache.ratis.util.TimeDuration.sleep(TimeDuration.java:309)
	at org.apache.ratis.server.impl.FollowerState.run(FollowerState.java:118)
2021-10-05 13:25:21,992 [Listener at 127.0.0.1/13296] INFO  server.RaftServer$Division (RaftServerImpl.java:lambda$close$4(407)) - 830d4653-8da7-4c59-a1a4-1cd595539218@group-8307C7C0D048: shutdown
2021-10-05 13:25:21,993 [Listener at 127.0.0.1/13296] INFO  util.JmxRegister (JmxRegister.java:unregister(73)) - Successfully un-registered JMX Bean with object name Ratis:service=RaftServer,group=group-8307C7C0D048,id=830d4653-8da7-4c59-a1a4-1cd595539218
2021-10-05 13:25:21,993 [Listener at 127.0.0.1/13296] INFO  impl.RoleInfo (RoleInfo.java:shutdownLeaderState(91)) - 830d4653-8da7-4c59-a1a4-1cd595539218: shutdown 830d4653-8da7-4c59-a1a4-1cd595539218@group-8307C7C0D048-LeaderStateImpl
2021-10-05 13:25:21,993 [Listener at 127.0.0.1/13296] INFO  impl.PendingRequests (PendingRequests.java:sendNotLeaderResponses(282)) - 830d4653-8da7-4c59-a1a4-1cd595539218@group-8307C7C0D048-PendingRequests: sendNotLeaderResponses
2021-10-05 13:25:21,994 [Listener at 127.0.0.1/13296] INFO  impl.StateMachineUpdater (StateMachineUpdater.java:stopAndJoin(149)) - 830d4653-8da7-4c59-a1a4-1cd595539218@group-8307C7C0D048-StateMachineUpdater: set stopIndex = 0
2021-10-05 13:25:21,992 [b668fbba-0931-4533-8c87-c6849aaa836f@group-9360A73A2ABC-StateMachineUpdater] INFO  ratis.ContainerStateMachine (ContainerStateMachine.java:takeSnapshot(292)) - group-9360A73A2ABC: Taking a snapshot at:(t:3, i:0) file /home/runner/work/ozone/ozone/hadoop-ozone/integration-test/target/test-dir/MiniOzoneClusterImpl-36b87918-66c6-4e2c-9c49-5aa8dab94a1f/datanode-0/data/ratis/1cc8aba1-0118-4460-9a8d-9360a73a2abc/sm/snapshot.3_0
2021-10-05 13:25:21,994 [830d4653-8da7-4c59-a1a4-1cd595539218@group-8307C7C0D048-StateMachineUpdater] INFO  ratis.ContainerStateMachine (ContainerStateMachine.java:takeSnapshot(292)) - group-8307C7C0D048: Taking a snapshot at:(t:1, i:0) file /home/runner/work/ozone/ozone/hadoop-ozone/integration-test/target/test-dir/MiniOzoneClusterImpl-36b87918-66c6-4e2c-9c49-5aa8dab94a1f/datanode-1/data/ratis/41685362-6c68-4243-9411-8307c7c0d048/sm/snapshot.1_0
2021-10-05 13:25:21,995 [b668fbba-0931-4533-8c87-c6849aaa836f@group-9360A73A2ABC-StateMachineUpdater] INFO  ratis.ContainerStateMachine (ContainerStateMachine.java:takeSnapshot(303)) - group-9360A73A2ABC: Finished taking a snapshot at:(t:3, i:0) file:/home/runner/work/ozone/ozone/hadoop-ozone/integration-test/target/test-dir/MiniOzoneClusterImpl-36b87918-66c6-4e2c-9c49-5aa8dab94a1f/datanode-0/data/ratis/1cc8aba1-0118-4460-9a8d-9360a73a2abc/sm/snapshot.3_0 took: 2 ms
2021-10-05 13:25:21,995 [b668fbba-0931-4533-8c87-c6849aaa836f@group-9360A73A2ABC-StateMachineUpdater] INFO  impl.StateMachineUpdater (StateMachineUpdater.java:takeSnapshot(281)) - b668fbba-0931-4533-8c87-c6849aaa836f@group-9360A73A2ABC-StateMachineUpdater: Took a snapshot at index 0
2021-10-05 13:25:21,995 [b668fbba-0931-4533-8c87-c6849aaa836f@group-9360A73A2ABC-StateMachineUpdater] INFO  impl.StateMachineUpdater (StateMachineUpdater.java:lambda$new$0(89)) - b668fbba-0931-4533-8c87-c6849aaa836f@group-9360A73A2ABC-StateMachineUpdater: snapshotIndex: updateIncreasingly -1 -> 0
2021-10-05 13:25:21,995 [ForkJoinPool.commonPool-worker-0] INFO  server.RaftServer$Division (ServerState.java:close(419)) - b668fbba-0931-4533-8c87-c6849aaa836f@group-9360A73A2ABC: closes. applyIndex: 0
2021-10-05 13:25:21,996 [b668fbba-0931-4533-8c87-c6849aaa836f@group-9360A73A2ABC-SegmentedRaftLogWorker] INFO  segmented.SegmentedRaftLogWorker (SegmentedRaftLogWorker.java:run(327)) - b668fbba-0931-4533-8c87-c6849aaa836f@group-9360A73A2ABC-SegmentedRaftLogWorker was interrupted, exiting. There are 0 tasks remaining in the queue.
2021-10-05 13:25:21,996 [830d4653-8da7-4c59-a1a4-1cd595539218@group-8307C7C0D048-StateMachineUpdater] INFO  ratis.ContainerStateMachine (ContainerStateMachine.java:takeSnapshot(303)) - group-8307C7C0D048: Finished taking a snapshot at:(t:1, i:0) file:/home/runner/work/ozone/ozone/hadoop-ozone/integration-test/target/test-dir/MiniOzoneClusterImpl-36b87918-66c6-4e2c-9c49-5aa8dab94a1f/datanode-1/data/ratis/41685362-6c68-4243-9411-8307c7c0d048/sm/snapshot.1_0 took: 3 ms
2021-10-05 13:25:21,996 [ForkJoinPool.commonPool-worker-0] INFO  segmented.SegmentedRaftLogWorker (SegmentedRaftLogWorker.java:close(237)) - b668fbba-0931-4533-8c87-c6849aaa836f@group-9360A73A2ABC-SegmentedRaftLogWorker close()
2021-10-05 13:25:21,997 [ForkJoinPool.commonPool-worker-0] INFO  server.GrpcService (GrpcService.java:closeImpl(262)) - b668fbba-0931-4533-8c87-c6849aaa836f: shutdown server with port 40511 now
2021-10-05 13:25:22,000 [830d4653-8da7-4c59-a1a4-1cd595539218@group-8307C7C0D048-StateMachineUpdater] INFO  impl.StateMachineUpdater (StateMachineUpdater.java:takeSnapshot(281)) - 830d4653-8da7-4c59-a1a4-1cd595539218@group-8307C7C0D048-StateMachineUpdater: Took a snapshot at index 0
2021-10-05 13:25:22,000 [830d4653-8da7-4c59-a1a4-1cd595539218@group-8307C7C0D048-StateMachineUpdater] INFO  impl.StateMachineUpdater (StateMachineUpdater.java:lambda$new$0(89)) - 830d4653-8da7-4c59-a1a4-1cd595539218@group-8307C7C0D048-StateMachineUpdater: snapshotIndex: updateIncreasingly -1 -> 0
2021-10-05 13:25:22,000 [Listener at 127.0.0.1/13296] INFO  server.RaftServer$Division (ServerState.java:close(419)) - 830d4653-8da7-4c59-a1a4-1cd595539218@group-8307C7C0D048: closes. applyIndex: 0
2021-10-05 13:25:22,000 [830d4653-8da7-4c59-a1a4-1cd595539218@group-8307C7C0D048-SegmentedRaftLogWorker] INFO  segmented.SegmentedRaftLogWorker (SegmentedRaftLogWorker.java:run(327)) - 830d4653-8da7-4c59-a1a4-1cd595539218@group-8307C7C0D048-SegmentedRaftLogWorker was interrupted, exiting. There are 0 tasks remaining in the queue.
2021-10-05 13:25:22,002 [grpc-default-executor-1] WARN  server.GrpcServerProtocolService (LogUtils.java:warn(122)) - b668fbba-0931-4533-8c87-c6849aaa836f: installSnapshot onError, lastRequest: 9cad18a2-4b78-4cb8-813e-2348ce620e43->b668fbba-0931-4533-8c87-c6849aaa836f#1-t3,previous=(t:0, i:0),leaderCommit=-1,initializing? true,entries: size=1, first=(t:3, i:0), CONFIGURATIONENTRY: org.apache.ratis.thirdparty.io.grpc.StatusRuntimeException: CANCELLED: client cancelled
2021-10-05 13:25:22,003 [grpc-default-executor-1] WARN  server.GrpcLogAppender (LogUtils.java:warn(122)) - 9cad18a2-4b78-4cb8-813e-2348ce620e43@group-9360A73A2ABC->b668fbba-0931-4533-8c87-c6849aaa836f-AppendLogResponseHandler: Failed appendEntries: org.apache.ratis.thirdparty.io.grpc.StatusRuntimeException: CANCELLED: HTTP/2 error code: CANCEL
Received Rst Stream
2021-10-05 13:25:22,004 [grpc-default-executor-1] WARN  server.GrpcLogAppender (GrpcLogAppender.java:resetClient(111)) - 9cad18a2-4b78-4cb8-813e-2348ce620e43@group-9360A73A2ABC->b668fbba-0931-4533-8c87-c6849aaa836f-GrpcLogAppender: Leader has not got in touch with Follower 9cad18a2-4b78-4cb8-813e-2348ce620e43@group-9360A73A2ABC->b668fbba-0931-4533-8c87-c6849aaa836f(c0,m0,n1, attendVote=true, lastRpcSendTime=983, lastRpcResponseTime=975) yet, just keep nextIndex unchanged and retry.
2021-10-05 13:25:22,024 [Listener at 127.0.0.1/13296] INFO  segmented.SegmentedRaftLogWorker (SegmentedRaftLogWorker.java:close(237)) - 830d4653-8da7-4c59-a1a4-1cd595539218@group-8307C7C0D048-SegmentedRaftLogWorker close()
2021-10-05 13:25:22,025 [ForkJoinPool.commonPool-worker-0] INFO  server.GrpcService (GrpcService.java:closeImpl(271)) - b668fbba-0931-4533-8c87-c6849aaa836f: shutdown server with port 40511 successfully
2021-10-05 13:25:22,025 [org.apache.ratis.util.JvmPauseMonitor$$Lambda$499/1586779822@12ddb026] INFO  util.JvmPauseMonitor (JvmPauseMonitor.java:run(109)) - JvmPauseMonitor-b668fbba-0931-4533-8c87-c6849aaa836f: Stopped
2021-10-05 13:25:22,032 [Listener at 127.0.0.1/13296] INFO  server.GrpcService (GrpcService.java:closeImpl(262)) - 830d4653-8da7-4c59-a1a4-1cd595539218: shutdown server with port 42995 now
2021-10-05 13:25:22,033 [grpc-default-executor-4] WARN  server.GrpcLogAppender (LogUtils.java:warn(122)) - 9cad18a2-4b78-4cb8-813e-2348ce620e43@group-9360A73A2ABC->830d4653-8da7-4c59-a1a4-1cd595539218-AppendLogResponseHandler: Failed appendEntries: org.apache.ratis.thirdparty.io.grpc.StatusRuntimeException: CANCELLED: HTTP/2 error code: CANCEL
Received Rst Stream
2021-10-05 13:25:22,033 [grpc-default-executor-4] WARN  server.GrpcLogAppender (GrpcLogAppender.java:resetClient(111)) - 9cad18a2-4b78-4cb8-813e-2348ce620e43@group-9360A73A2ABC->830d4653-8da7-4c59-a1a4-1cd595539218-GrpcLogAppender: Leader has not got in touch with Follower 9cad18a2-4b78-4cb8-813e-2348ce620e43@group-9360A73A2ABC->830d4653-8da7-4c59-a1a4-1cd595539218(c0,m0,n1, attendVote=true, lastRpcSendTime=983, lastRpcResponseTime=979) yet, just keep nextIndex unchanged and retry.
2021-10-05 13:25:22,033 [grpc-default-executor-2] WARN  server.GrpcServerProtocolService (LogUtils.java:warn(122)) - 830d4653-8da7-4c59-a1a4-1cd595539218: installSnapshot onError, lastRequest: 9cad18a2-4b78-4cb8-813e-2348ce620e43->830d4653-8da7-4c59-a1a4-1cd595539218#1-t3,previous=(t:0, i:0),leaderCommit=0,initializing? true,entries: size=1, first=(t:3, i:0), CONFIGURATIONENTRY: org.apache.ratis.thirdparty.io.grpc.StatusRuntimeException: CANCELLED: client cancelled
2021-10-05 13:25:22,043 [ForkJoinPool.commonPool-worker-0] INFO  utils.BackgroundService (BackgroundService.java:shutdown(132)) - Shutting down service BlockDeletingService
2021-10-05 13:25:22,047 [Listener at 127.0.0.1/13296] INFO  server.GrpcService (GrpcService.java:closeImpl(271)) - 830d4653-8da7-4c59-a1a4-1cd595539218: shutdown server with port 42995 successfully
2021-10-05 13:25:22,047 [org.apache.ratis.util.JvmPauseMonitor$$Lambda$499/1586779822@2b7b94bd] INFO  util.JvmPauseMonitor (JvmPauseMonitor.java:run(109)) - JvmPauseMonitor-830d4653-8da7-4c59-a1a4-1cd595539218: Stopped
2021-10-05 13:25:22,048 [Listener at 127.0.0.1/13296] INFO  utils.BackgroundService (BackgroundService.java:shutdown(132)) - Shutting down service BlockDeletingService
2021-10-05 13:25:22,749 [EndpointStateMachine task thread for /127.0.0.1:13549 - 0 ] INFO  ipc.Client (Client.java:handleConnectionFailure(977)) - Retrying connect to server: localhost/127.0.0.1:13549. Already tried 5 time(s); retry policy is RetryUpToMaximumCountWithFixedSleep(maxRetries=15, sleepTime=1000 MILLISECONDS)
2021-10-05 13:25:22,750 [EndpointStateMachine task thread for /127.0.0.1:13529 - 0 ] INFO  ipc.Client (Client.java:handleConnectionFailure(977)) - Retrying connect to server: localhost/127.0.0.1:13529. Already tried 5 time(s); retry policy is RetryUpToMaximumCountWithFixedSleep(maxRetries=15, sleepTime=1000 MILLISECONDS)
2021-10-05 13:25:22,753 [EndpointStateMachine task thread for /127.0.0.1:15041 - 0 ] INFO  ipc.Client (Client.java:handleConnectionFailure(977)) - Retrying connect to server: localhost/127.0.0.1:15041. Already tried 14 time(s); retry policy is RetryUpToMaximumCountWithFixedSleep(maxRetries=15, sleepTime=1000 MILLISECONDS)
2021-10-05 13:25:22,814 [EndpointStateMachine task thread for /127.0.0.1:15031 - 0 ] INFO  ipc.Client (Client.java:handleConnectionFailure(977)) - Retrying connect to server: localhost/127.0.0.1:15031. Already tried 3 time(s); retry policy is RetryUpToMaximumCountWithFixedSleep(maxRetries=15, sleepTime=1000 MILLISECONDS)
2021-10-05 13:25:22,821 [EndpointStateMachine task thread for /127.0.0.1:15021 - 0 ] INFO  ipc.Client (Client.java:handleConnectionFailure(977)) - Retrying connect to server: localhost/127.0.0.1:15021. Already tried 3 time(s); retry policy is RetryUpToMaximumCountWithFixedSleep(maxRetries=15, sleepTime=1000 MILLISECONDS)
2021-10-05 13:25:22,945 [EndpointStateMachine task thread for /127.0.0.1:13539 - 0 ] INFO  ipc.Client (Client.java:handleConnectionFailure(977)) - Retrying connect to server: localhost/127.0.0.1:13539. Already tried 4 time(s); retry policy is RetryUpToMaximumCountWithFixedSleep(maxRetries=15, sleepTime=1000 MILLISECONDS)
2021-10-05 13:25:23,562 [grpc-default-executor-1] WARN  server.GrpcLogAppender (LogUtils.java:warn(122)) - 9cad18a2-4b78-4cb8-813e-2348ce620e43@group-9360A73A2ABC->830d4653-8da7-4c59-a1a4-1cd595539218-AppendLogResponseHandler: Failed appendEntries: org.apache.ratis.thirdparty.io.grpc.StatusRuntimeException: UNAVAILABLE: io exception
2021-10-05 13:25:23,563 [grpc-default-executor-1] WARN  server.GrpcLogAppender (GrpcLogAppender.java:resetClient(111)) - 9cad18a2-4b78-4cb8-813e-2348ce620e43@group-9360A73A2ABC->830d4653-8da7-4c59-a1a4-1cd595539218-GrpcLogAppender: Leader has not got in touch with Follower 9cad18a2-4b78-4cb8-813e-2348ce620e43@group-9360A73A2ABC->830d4653-8da7-4c59-a1a4-1cd595539218(c0,m0,n1, attendVote=true, lastRpcSendTime=1, lastRpcResponseTime=2508) yet, just keep nextIndex unchanged and retry.
2021-10-05 13:25:23,565 [grpc-default-executor-1] WARN  server.GrpcLogAppender (LogUtils.java:warn(122)) - 9cad18a2-4b78-4cb8-813e-2348ce620e43@group-9360A73A2ABC->b668fbba-0931-4533-8c87-c6849aaa836f-AppendLogResponseHandler: Failed appendEntries: org.apache.ratis.thirdparty.io.grpc.StatusRuntimeException: UNAVAILABLE: io exception
2021-10-05 13:25:23,566 [grpc-default-executor-1] WARN  server.GrpcLogAppender (GrpcLogAppender.java:resetClient(111)) - 9cad18a2-4b78-4cb8-813e-2348ce620e43@group-9360A73A2ABC->b668fbba-0931-4533-8c87-c6849aaa836f-GrpcLogAppender: Leader has not got in touch with Follower 9cad18a2-4b78-4cb8-813e-2348ce620e43@group-9360A73A2ABC->b668fbba-0931-4533-8c87-c6849aaa836f(c0,m0,n1, attendVote=true, lastRpcSendTime=0, lastRpcResponseTime=2537) yet, just keep nextIndex unchanged and retry.
2021-10-05 13:25:23,750 [EndpointStateMachine task thread for /127.0.0.1:13549 - 0 ] INFO  ipc.Client (Client.java:handleConnectionFailure(977)) - Retrying connect to server: localhost/127.0.0.1:13549. Already tried 6 time(s); retry policy is RetryUpToMaximumCountWithFixedSleep(maxRetries=15, sleepTime=1000 MILLISECONDS)
2021-10-05 13:25:23,750 [EndpointStateMachine task thread for /127.0.0.1:13529 - 0 ] INFO  ipc.Client (Client.java:handleConnectionFailure(977)) - Retrying connect to server: localhost/127.0.0.1:13529. Already tried 6 time(s); retry policy is RetryUpToMaximumCountWithFixedSleep(maxRetries=15, sleepTime=1000 MILLISECONDS)
2021-10-05 13:25:23,754 [EndpointStateMachine task thread for /127.0.0.1:15041 - 0 ] INFO  ipc.Client (Client.java:handleConnectionFailure(977)) - Retrying connect to server: localhost/127.0.0.1:15041. Already tried 0 time(s); retry policy is RetryUpToMaximumCountWithFixedSleep(maxRetries=15, sleepTime=1000 MILLISECONDS)
2021-10-05 13:25:23,814 [EndpointStateMachine task thread for /127.0.0.1:15031 - 0 ] INFO  ipc.Client (Client.java:handleConnectionFailure(977)) - Retrying connect to server: localhost/127.0.0.1:15031. Already tried 4 time(s); retry policy is RetryUpToMaximumCountWithFixedSleep(maxRetries=15, sleepTime=1000 MILLISECONDS)
2021-10-05 13:25:23,821 [EndpointStateMachine task thread for /127.0.0.1:15021 - 0 ] INFO  ipc.Client (Client.java:handleConnectionFailure(977)) - Retrying connect to server: localhost/127.0.0.1:15021. Already tried 4 time(s); retry policy is RetryUpToMaximumCountWithFixedSleep(maxRetries=15, sleepTime=1000 MILLISECONDS)
2021-10-05 13:25:23,945 [EndpointStateMachine task thread for /127.0.0.1:13539 - 0 ] INFO  ipc.Client (Client.java:handleConnectionFailure(977)) - Retrying connect to server: localhost/127.0.0.1:13539. Already tried 5 time(s); retry policy is RetryUpToMaximumCountWithFixedSleep(maxRetries=15, sleepTime=1000 MILLISECONDS)
2021-10-05 13:25:24,750 [EndpointStateMachine task thread for /127.0.0.1:13549 - 0 ] INFO  ipc.Client (Client.java:handleConnectionFailure(977)) - Retrying connect to server: localhost/127.0.0.1:13549. Already tried 7 time(s); retry policy is RetryUpToMaximumCountWithFixedSleep(maxRetries=15, sleepTime=1000 MILLISECONDS)
2021-10-05 13:25:24,751 [EndpointStateMachine task thread for /127.0.0.1:13529 - 0 ] INFO  ipc.Client (Client.java:handleConnectionFailure(977)) - Retrying connect to server: localhost/127.0.0.1:13529. Already tried 7 time(s); retry policy is RetryUpToMaximumCountWithFixedSleep(maxRetries=15, sleepTime=1000 MILLISECONDS)
2021-10-05 13:25:24,755 [EndpointStateMachine task thread for /127.0.0.1:15041 - 0 ] INFO  ipc.Client (Client.java:handleConnectionFailure(977)) - Retrying connect to server: localhost/127.0.0.1:15041. Already tried 1 time(s); retry policy is RetryUpToMaximumCountWithFixedSleep(maxRetries=15, sleepTime=1000 MILLISECONDS)
2021-10-05 13:25:24,827 [EndpointStateMachine task thread for /127.0.0.1:15021 - 0 ] INFO  ipc.Client (Client.java:handleConnectionFailure(977)) - Retrying connect to server: localhost/127.0.0.1:15021. Already tried 5 time(s); retry policy is RetryUpToMaximumCountWithFixedSleep(maxRetries=15, sleepTime=1000 MILLISECONDS)
2021-10-05 13:25:24,827 [EndpointStateMachine task thread for /127.0.0.1:15031 - 0 ] INFO  ipc.Client (Client.java:handleConnectionFailure(977)) - Retrying connect to server: localhost/127.0.0.1:15031. Already tried 5 time(s); retry policy is RetryUpToMaximumCountWithFixedSleep(maxRetries=15, sleepTime=1000 MILLISECONDS)
2021-10-05 13:25:24,946 [EndpointStateMachine task thread for /127.0.0.1:13539 - 0 ] INFO  ipc.Client (Client.java:handleConnectionFailure(977)) - Retrying connect to server: localhost/127.0.0.1:13539. Already tried 6 time(s); retry policy is RetryUpToMaximumCountWithFixedSleep(maxRetries=15, sleepTime=1000 MILLISECONDS)
2021-10-05 13:25:25,063 [ForkJoinPool.commonPool-worker-0] INFO  statemachine.DatanodeStateMachine (DatanodeStateMachine.java:stopDaemon(515)) - Ozone container server stopped.
2021-10-05 13:25:25,077 [ForkJoinPool.commonPool-worker-0] INFO  handler.ContextHandler (ContextHandler.java:doStop(1153)) - Stopped o.e.j.w.WebAppContext@20afcc5c{hddsDatanode,/,null,STOPPED}{jar:file:/home/runner/.m2/repository/org/apache/ozone/hdds-container-service/1.2.0-SNAPSHOT/hdds-container-service-1.2.0-SNAPSHOT.jar!/webapps/hddsDatanode}
2021-10-05 13:25:25,079 [ForkJoinPool.commonPool-worker-0] INFO  server.AbstractConnector (AbstractConnector.java:doStop(381)) - Stopped ServerConnector@4a314ae4{HTTP/1.1, (http/1.1)}{0.0.0.0:0}
2021-10-05 13:25:25,080 [ForkJoinPool.commonPool-worker-0] INFO  server.session (HouseKeeper.java:stopScavenging(149)) - node0 Stopped scavenging
2021-10-05 13:25:25,083 [ForkJoinPool.commonPool-worker-0] INFO  handler.ContextHandler (ContextHandler.java:doStop(1153)) - Stopped o.e.j.s.ServletContextHandler@5af08862{static,/static,jar:file:/home/runner/.m2/repository/org/apache/ozone/hdds-container-service/1.2.0-SNAPSHOT/hdds-container-service-1.2.0-SNAPSHOT.jar!/webapps/static,STOPPED}
2021-10-05 13:25:25,087 [Listener at 127.0.0.1/13296] INFO  statemachine.DatanodeStateMachine (DatanodeStateMachine.java:stopDaemon(515)) - Ozone container server stopped.
2021-10-05 13:25:25,088 [Listener at 127.0.0.1/13296] INFO  handler.ContextHandler (ContextHandler.java:doStop(1153)) - Stopped o.e.j.w.WebAppContext@59412c{hddsDatanode,/,null,STOPPED}{jar:file:/home/runner/.m2/repository/org/apache/ozone/hdds-container-service/1.2.0-SNAPSHOT/hdds-container-service-1.2.0-SNAPSHOT.jar!/webapps/hddsDatanode}
2021-10-05 13:25:25,088 [ForkJoinPool.commonPool-worker-0] INFO  handler.ContextHandler (ContextHandler.java:doStop(1153)) - Stopped o.e.j.s.ServletContextHandler@544f5414{logs,/logs,file:///home/runner/work/ozone/ozone/hadoop-ozone/integration-test/target/log,STOPPED}
2021-10-05 13:25:25,107 [Listener at 127.0.0.1/13296] INFO  server.AbstractConnector (AbstractConnector.java:doStop(381)) - Stopped ServerConnector@46c805be{HTTP/1.1, (http/1.1)}{0.0.0.0:0}
2021-10-05 13:25:25,108 [Listener at 127.0.0.1/13296] INFO  server.session (HouseKeeper.java:stopScavenging(149)) - node0 Stopped scavenging
2021-10-05 13:25:25,108 [Listener at 127.0.0.1/13296] INFO  handler.ContextHandler (ContextHandler.java:doStop(1153)) - Stopped o.e.j.s.ServletContextHandler@70163ce4{static,/static,jar:file:/home/runner/.m2/repository/org/apache/ozone/hdds-container-service/1.2.0-SNAPSHOT/hdds-container-service-1.2.0-SNAPSHOT.jar!/webapps/static,STOPPED}
2021-10-05 13:25:25,108 [Listener at 127.0.0.1/13296] INFO  handler.ContextHandler (ContextHandler.java:doStop(1153)) - Stopped o.e.j.s.ServletContextHandler@3b111f64{logs,/logs,file:///home/runner/work/ozone/ozone/hadoop-ozone/integration-test/target/log,STOPPED}
2021-10-05 13:25:25,663 [9cad18a2-4b78-4cb8-813e-2348ce620e43@group-62F8E1A01D1D-FollowerState] INFO  impl.FollowerState (FollowerState.java:run(134)) - 9cad18a2-4b78-4cb8-813e-2348ce620e43@group-62F8E1A01D1D-FollowerState: change to CANDIDATE, lastRpcElapsedTime:5148057279ns, electionTimeout:5089ms
2021-10-05 13:25:25,664 [9cad18a2-4b78-4cb8-813e-2348ce620e43@group-62F8E1A01D1D-FollowerState] INFO  impl.RoleInfo (RoleInfo.java:shutdownFollowerState(108)) - 9cad18a2-4b78-4cb8-813e-2348ce620e43: shutdown 9cad18a2-4b78-4cb8-813e-2348ce620e43@group-62F8E1A01D1D-FollowerState
2021-10-05 13:25:25,664 [9cad18a2-4b78-4cb8-813e-2348ce620e43@group-62F8E1A01D1D-FollowerState] INFO  server.RaftServer$Division (RaftServerImpl.java:setRole(285)) - 9cad18a2-4b78-4cb8-813e-2348ce620e43@group-62F8E1A01D1D: changes role from  FOLLOWER to CANDIDATE at term 2 for changeToCandidate
2021-10-05 13:25:25,664 [9cad18a2-4b78-4cb8-813e-2348ce620e43@group-62F8E1A01D1D-FollowerState] INFO  server.RaftServerConfigKeys (ConfUtils.java:logGet(44)) - raft.server.leaderelection.pre-vote = false (custom)
2021-10-05 13:25:25,664 [9cad18a2-4b78-4cb8-813e-2348ce620e43@group-62F8E1A01D1D-FollowerState] INFO  impl.RoleInfo (RoleInfo.java:updateAndGet(130)) - 9cad18a2-4b78-4cb8-813e-2348ce620e43: start 9cad18a2-4b78-4cb8-813e-2348ce620e43@group-62F8E1A01D1D-LeaderElection27
2021-10-05 13:25:25,667 [9cad18a2-4b78-4cb8-813e-2348ce620e43@group-62F8E1A01D1D-LeaderElection27] INFO  server.RaftServer$Division (ServerState.java:setLeader(285)) - 9cad18a2-4b78-4cb8-813e-2348ce620e43@group-62F8E1A01D1D: change Leader from b668fbba-0931-4533-8c87-c6849aaa836f to null at term 2 for ELECTION
2021-10-05 13:25:25,676 [9cad18a2-4b78-4cb8-813e-2348ce620e43@group-62F8E1A01D1D-LeaderElection27] INFO  impl.LeaderElection (LeaderElection.java:askForVotes(306)) - 9cad18a2-4b78-4cb8-813e-2348ce620e43@group-62F8E1A01D1D-LeaderElection27 ELECTION round 0: submit vote requests at term 3 for 0: [b668fbba-0931-4533-8c87-c6849aaa836f|rpc:127.0.0.1:40511|dataStream:|priority:1, 830d4653-8da7-4c59-a1a4-1cd595539218|rpc:127.0.0.1:42995|dataStream:|priority:0, 9cad18a2-4b78-4cb8-813e-2348ce620e43|rpc:127.0.0.1:34379|dataStream:|priority:0], old=null
2021-10-05 13:25:25,711 [9cad18a2-4b78-4cb8-813e-2348ce620e43@group-62F8E1A01D1D-LeaderElection27] INFO  impl.LeaderElection (LogUtils.java:infoOrTrace(137)) - 9cad18a2-4b78-4cb8-813e-2348ce620e43@group-62F8E1A01D1D-LeaderElection27 got exception when requesting votes: java.util.concurrent.ExecutionException: org.apache.ratis.thirdparty.io.grpc.StatusRuntimeException: UNAVAILABLE: io exception
2021-10-05 13:25:25,712 [9cad18a2-4b78-4cb8-813e-2348ce620e43@group-62F8E1A01D1D-LeaderElection27] INFO  impl.LeaderElection (LogUtils.java:infoOrTrace(137)) - 9cad18a2-4b78-4cb8-813e-2348ce620e43@group-62F8E1A01D1D-LeaderElection27 got exception when requesting votes: java.util.concurrent.ExecutionException: org.apache.ratis.thirdparty.io.grpc.StatusRuntimeException: UNAVAILABLE: io exception
2021-10-05 13:25:25,712 [9cad18a2-4b78-4cb8-813e-2348ce620e43@group-62F8E1A01D1D-LeaderElection27] INFO  impl.LeaderElection (LeaderElection.java:logAndReturn(89)) - 9cad18a2-4b78-4cb8-813e-2348ce620e43@group-62F8E1A01D1D-LeaderElection27: ELECTION REJECTED received 0 response(s) and 2 exception(s):
2021-10-05 13:25:25,712 [9cad18a2-4b78-4cb8-813e-2348ce620e43@group-62F8E1A01D1D-LeaderElection27] INFO  impl.LeaderElection (LogUtils.java:infoOrTrace(137)) -   Exception 0: java.util.concurrent.ExecutionException: org.apache.ratis.thirdparty.io.grpc.StatusRuntimeException: UNAVAILABLE: io exception
2021-10-05 13:25:25,712 [9cad18a2-4b78-4cb8-813e-2348ce620e43@group-62F8E1A01D1D-LeaderElection27] INFO  impl.LeaderElection (LogUtils.java:infoOrTrace(137)) -   Exception 1: java.util.concurrent.ExecutionException: org.apache.ratis.thirdparty.io.grpc.StatusRuntimeException: UNAVAILABLE: io exception
2021-10-05 13:25:25,712 [9cad18a2-4b78-4cb8-813e-2348ce620e43@group-62F8E1A01D1D-LeaderElection27] INFO  impl.LeaderElection (LeaderElection.java:askForVotes(308)) - 9cad18a2-4b78-4cb8-813e-2348ce620e43@group-62F8E1A01D1D-LeaderElection27 ELECTION round 0: result REJECTED
2021-10-05 13:25:25,712 [9cad18a2-4b78-4cb8-813e-2348ce620e43@group-62F8E1A01D1D-LeaderElection27] INFO  server.RaftServer$Division (RaftServerImpl.java:setRole(285)) - 9cad18a2-4b78-4cb8-813e-2348ce620e43@group-62F8E1A01D1D: changes role from CANDIDATE to FOLLOWER at term 3 for REJECTED
2021-10-05 13:25:25,712 [9cad18a2-4b78-4cb8-813e-2348ce620e43@group-62F8E1A01D1D-LeaderElection27] INFO  impl.RoleInfo (RoleInfo.java:shutdownLeaderElection(121)) - 9cad18a2-4b78-4cb8-813e-2348ce620e43: shutdown 9cad18a2-4b78-4cb8-813e-2348ce620e43@group-62F8E1A01D1D-LeaderElection27
2021-10-05 13:25:25,712 [9cad18a2-4b78-4cb8-813e-2348ce620e43@group-62F8E1A01D1D-LeaderElection27] INFO  impl.RoleInfo (RoleInfo.java:updateAndGet(130)) - 9cad18a2-4b78-4cb8-813e-2348ce620e43: start 9cad18a2-4b78-4cb8-813e-2348ce620e43@group-62F8E1A01D1D-FollowerState
2021-10-05 13:25:25,759 [EndpointStateMachine task thread for /127.0.0.1:15041 - 0 ] INFO  ipc.Client (Client.java:handleConnectionFailure(977)) - Retrying connect to server: localhost/127.0.0.1:15041. Already tried 2 time(s); retry policy is RetryUpToMaximumCountWithFixedSleep(maxRetries=15, sleepTime=1000 MILLISECONDS)
2021-10-05 13:25:25,774 [EndpointStateMachine task thread for /127.0.0.1:13529 - 0 ] INFO  ipc.Client (Client.java:handleConnectionFailure(977)) - Retrying connect to server: localhost/127.0.0.1:13529. Already tried 8 time(s); retry policy is RetryUpToMaximumCountWithFixedSleep(maxRetries=15, sleepTime=1000 MILLISECONDS)
2021-10-05 13:25:25,774 [EndpointStateMachine task thread for /127.0.0.1:13549 - 0 ] INFO  ipc.Client (Client.java:handleConnectionFailure(977)) - Retrying connect to server: localhost/127.0.0.1:13549. Already tried 8 time(s); retry policy is RetryUpToMaximumCountWithFixedSleep(maxRetries=15, sleepTime=1000 MILLISECONDS)
2021-10-05 13:25:25,828 [EndpointStateMachine task thread for /127.0.0.1:15021 - 0 ] INFO  ipc.Client (Client.java:handleConnectionFailure(977)) - Retrying connect to server: localhost/127.0.0.1:15021. Already tried 6 time(s); retry policy is RetryUpToMaximumCountWithFixedSleep(maxRetries=15, sleepTime=1000 MILLISECONDS)
2021-10-05 13:25:25,828 [EndpointStateMachine task thread for /127.0.0.1:15031 - 0 ] INFO  ipc.Client (Client.java:handleConnectionFailure(977)) - Retrying connect to server: localhost/127.0.0.1:15031. Already tried 6 time(s); retry policy is RetryUpToMaximumCountWithFixedSleep(maxRetries=15, sleepTime=1000 MILLISECONDS)
2021-10-05 13:25:25,943 [Datanode State Machine Thread - 0] WARN  statemachine.StateContext (StateContext.java:setState(246)) - Ignore disallowed transition from SHUTDOWN to RUNNING
2021-10-05 13:25:25,946 [EndpointStateMachine task thread for /127.0.0.1:13539 - 0 ] INFO  ipc.Client (Client.java:handleConnectionFailure(977)) - Retrying connect to server: localhost/127.0.0.1:13539. Already tried 7 time(s); retry policy is RetryUpToMaximumCountWithFixedSleep(maxRetries=15, sleepTime=1000 MILLISECONDS)
2021-10-05 13:25:26,062 [grpc-default-executor-1] WARN  server.GrpcLogAppender (LogUtils.java:warn(122)) - 9cad18a2-4b78-4cb8-813e-2348ce620e43@group-9360A73A2ABC->830d4653-8da7-4c59-a1a4-1cd595539218-AppendLogResponseHandler: Failed appendEntries: org.apache.ratis.thirdparty.io.grpc.StatusRuntimeException: UNAVAILABLE: io exception
2021-10-05 13:25:26,064 [grpc-default-executor-1] WARN  server.GrpcLogAppender (GrpcLogAppender.java:resetClient(111)) - 9cad18a2-4b78-4cb8-813e-2348ce620e43@group-9360A73A2ABC->830d4653-8da7-4c59-a1a4-1cd595539218-GrpcLogAppender: Leader has not got in touch with Follower 9cad18a2-4b78-4cb8-813e-2348ce620e43@group-9360A73A2ABC->830d4653-8da7-4c59-a1a4-1cd595539218(c0,m0,n1, attendVote=true, lastRpcSendTime=2502, lastRpcResponseTime=5009) yet, just keep nextIndex unchanged and retry.
2021-10-05 13:25:26,074 [grpc-default-executor-1] WARN  server.GrpcLogAppender (LogUtils.java:warn(122)) - 9cad18a2-4b78-4cb8-813e-2348ce620e43@group-9360A73A2ABC->b668fbba-0931-4533-8c87-c6849aaa836f-AppendLogResponseHandler: Failed appendEntries: org.apache.ratis.thirdparty.io.grpc.StatusRuntimeException: UNAVAILABLE: io exception
2021-10-05 13:25:26,074 [grpc-default-executor-1] WARN  server.GrpcLogAppender (GrpcLogAppender.java:resetClient(111)) - 9cad18a2-4b78-4cb8-813e-2348ce620e43@group-9360A73A2ABC->b668fbba-0931-4533-8c87-c6849aaa836f-GrpcLogAppender: Leader has not got in touch with Follower 9cad18a2-4b78-4cb8-813e-2348ce620e43@group-9360A73A2ABC->b668fbba-0931-4533-8c87-c6849aaa836f(c0,m0,n1, attendVote=true, lastRpcSendTime=0, lastRpcResponseTime=5046) yet, just keep nextIndex unchanged and retry.
2021-10-05 13:25:26,363 [9cad18a2-4b78-4cb8-813e-2348ce620e43@group-9360A73A2ABC-LeaderStateImpl] WARN  server.RaftServer$Division (LeaderStateImpl.java:checkLeadership(944)) - 9cad18a2-4b78-4cb8-813e-2348ce620e43@group-9360A73A2ABC-LeaderStateImpl: Lost leadership on term: 3. Election timeout: 5200ms. In charge for: 10434ms. Conf: 0: [b668fbba-0931-4533-8c87-c6849aaa836f|rpc:127.0.0.1:40511|dataStream:|priority:0, 830d4653-8da7-4c59-a1a4-1cd595539218|rpc:127.0.0.1:42995|dataStream:|priority:0, 9cad18a2-4b78-4cb8-813e-2348ce620e43|rpc:127.0.0.1:34379|dataStream:|priority:1], old=null
2021-10-05 13:25:26,363 [9cad18a2-4b78-4cb8-813e-2348ce620e43@group-9360A73A2ABC-LeaderStateImpl] WARN  server.RaftServer$Division (LeaderStateImpl.java:lambda$checkLeadership$15(948)) - Follower 9cad18a2-4b78-4cb8-813e-2348ce620e43@group-9360A73A2ABC->b668fbba-0931-4533-8c87-c6849aaa836f(c0,m0,n1, attendVote=true, lastRpcSendTime=289, lastRpcResponseTime=5335)
2021-10-05 13:25:26,363 [9cad18a2-4b78-4cb8-813e-2348ce620e43@group-9360A73A2ABC-LeaderStateImpl] WARN  server.RaftServer$Division (LeaderStateImpl.java:lambda$checkLeadership$15(948)) - Follower 9cad18a2-4b78-4cb8-813e-2348ce620e43@group-9360A73A2ABC->830d4653-8da7-4c59-a1a4-1cd595539218(c0,m0,n1, attendVote=true, lastRpcSendTime=298, lastRpcResponseTime=5309)
2021-10-05 13:25:26,363 [9cad18a2-4b78-4cb8-813e-2348ce620e43@group-9360A73A2ABC-LeaderStateImpl] INFO  server.RaftServer$Division (RaftServerImpl.java:setRole(285)) - 9cad18a2-4b78-4cb8-813e-2348ce620e43@group-9360A73A2ABC: changes role from    LEADER to FOLLOWER at term 3 for StepDownReason:LOST_MAJORITY_HEARTBEATS
2021-10-05 13:25:26,364 [9cad18a2-4b78-4cb8-813e-2348ce620e43@group-9360A73A2ABC-LeaderStateImpl] INFO  impl.RoleInfo (RoleInfo.java:shutdownLeaderState(91)) - 9cad18a2-4b78-4cb8-813e-2348ce620e43: shutdown 9cad18a2-4b78-4cb8-813e-2348ce620e43@group-9360A73A2ABC-LeaderStateImpl
2021-10-05 13:25:26,364 [9cad18a2-4b78-4cb8-813e-2348ce620e43@group-9360A73A2ABC-LeaderStateImpl] INFO  impl.PendingRequests (PendingRequests.java:sendNotLeaderResponses(282)) - 9cad18a2-4b78-4cb8-813e-2348ce620e43@group-9360A73A2ABC-PendingRequests: sendNotLeaderResponses
2021-10-05 13:25:26,364 [9cad18a2-4b78-4cb8-813e-2348ce620e43@group-9360A73A2ABC-LeaderStateImpl] INFO  impl.RoleInfo (RoleInfo.java:updateAndGet(130)) - 9cad18a2-4b78-4cb8-813e-2348ce620e43: start 9cad18a2-4b78-4cb8-813e-2348ce620e43@group-9360A73A2ABC-FollowerState
2021-10-05 13:25:26,760 [EndpointStateMachine task thread for /127.0.0.1:15041 - 0 ] INFO  ipc.Client (Client.java:handleConnectionFailure(977)) - Retrying connect to server: localhost/127.0.0.1:15041. Already tried 3 time(s); retry policy is RetryUpToMaximumCountWithFixedSleep(maxRetries=15, sleepTime=1000 MILLISECONDS)
2021-10-05 13:25:26,787 [EndpointStateMachine task thread for /127.0.0.1:13549 - 0 ] INFO  ipc.Client (Client.java:handleConnectionFailure(977)) - Retrying connect to server: localhost/127.0.0.1:13549. Already tried 9 time(s); retry policy is RetryUpToMaximumCountWithFixedSleep(maxRetries=15, sleepTime=1000 MILLISECONDS)
2021-10-05 13:25:26,787 [EndpointStateMachine task thread for /127.0.0.1:13529 - 0 ] INFO  ipc.Client (Client.java:handleConnectionFailure(977)) - Retrying connect to server: localhost/127.0.0.1:13529. Already tried 9 time(s); retry policy is RetryUpToMaximumCountWithFixedSleep(maxRetries=15, sleepTime=1000 MILLISECONDS)
2021-10-05 13:25:26,828 [EndpointStateMachine task thread for /127.0.0.1:15021 - 0 ] INFO  ipc.Client (Client.java:handleConnectionFailure(977)) - Retrying connect to server: localhost/127.0.0.1:15021. Already tried 7 time(s); retry policy is RetryUpToMaximumCountWithFixedSleep(maxRetries=15, sleepTime=1000 MILLISECONDS)
2021-10-05 13:25:26,829 [EndpointStateMachine task thread for /127.0.0.1:15031 - 0 ] INFO  ipc.Client (Client.java:handleConnectionFailure(977)) - Retrying connect to server: localhost/127.0.0.1:15031. Already tried 7 time(s); retry policy is RetryUpToMaximumCountWithFixedSleep(maxRetries=15, sleepTime=1000 MILLISECONDS)
2021-10-05 13:25:26,948 [EndpointStateMachine task thread for /127.0.0.1:13539 - 0 ] INFO  ipc.Client (Client.java:handleConnectionFailure(977)) - Retrying connect to server: localhost/127.0.0.1:13539. Already tried 8 time(s); retry policy is RetryUpToMaximumCountWithFixedSleep(maxRetries=15, sleepTime=1000 MILLISECONDS)
2021-10-05 13:25:27,760 [EndpointStateMachine task thread for /127.0.0.1:15041 - 0 ] INFO  ipc.Client (Client.java:handleConnectionFailure(977)) - Retrying connect to server: localhost/127.0.0.1:15041. Already tried 4 time(s); retry policy is RetryUpToMaximumCountWithFixedSleep(maxRetries=15, sleepTime=1000 MILLISECONDS)
2021-10-05 13:25:27,788 [EndpointStateMachine task thread for /127.0.0.1:13549 - 0 ] INFO  ipc.Client (Client.java:handleConnectionFailure(977)) - Retrying connect to server: localhost/127.0.0.1:13549. Already tried 10 time(s); retry policy is RetryUpToMaximumCountWithFixedSleep(maxRetries=15, sleepTime=1000 MILLISECONDS)
2021-10-05 13:25:27,788 [EndpointStateMachine task thread for /127.0.0.1:13529 - 0 ] INFO  ipc.Client (Client.java:handleConnectionFailure(977)) - Retrying connect to server: localhost/127.0.0.1:13529. Already tried 10 time(s); retry policy is RetryUpToMaximumCountWithFixedSleep(maxRetries=15, sleepTime=1000 MILLISECONDS)
2021-10-05 13:25:27,829 [EndpointStateMachine task thread for /127.0.0.1:15021 - 0 ] INFO  ipc.Client (Client.java:handleConnectionFailure(977)) - Retrying connect to server: localhost/127.0.0.1:15021. Already tried 8 time(s); retry policy is RetryUpToMaximumCountWithFixedSleep(maxRetries=15, sleepTime=1000 MILLISECONDS)
2021-10-05 13:25:27,829 [EndpointStateMachine task thread for /127.0.0.1:15031 - 0 ] INFO  ipc.Client (Client.java:handleConnectionFailure(977)) - Retrying connect to server: localhost/127.0.0.1:15031. Already tried 8 time(s); retry policy is RetryUpToMaximumCountWithFixedSleep(maxRetries=15, sleepTime=1000 MILLISECONDS)
2021-10-05 13:25:27,948 [EndpointStateMachine task thread for /127.0.0.1:13539 - 0 ] INFO  ipc.Client (Client.java:handleConnectionFailure(977)) - Retrying connect to server: localhost/127.0.0.1:13539. Already tried 9 time(s); retry policy is RetryUpToMaximumCountWithFixedSleep(maxRetries=15, sleepTime=1000 MILLISECONDS)
2021-10-05 13:25:28,761 [EndpointStateMachine task thread for /127.0.0.1:15041 - 0 ] INFO  ipc.Client (Client.java:handleConnectionFailure(977)) - Retrying connect to server: localhost/127.0.0.1:15041. Already tried 5 time(s); retry policy is RetryUpToMaximumCountWithFixedSleep(maxRetries=15, sleepTime=1000 MILLISECONDS)
2021-10-05 13:25:28,788 [EndpointStateMachine task thread for /127.0.0.1:13549 - 0 ] INFO  ipc.Client (Client.java:handleConnectionFailure(977)) - Retrying connect to server: localhost/127.0.0.1:13549. Already tried 11 time(s); retry policy is RetryUpToMaximumCountWithFixedSleep(maxRetries=15, sleepTime=1000 MILLISECONDS)
2021-10-05 13:25:28,788 [EndpointStateMachine task thread for /127.0.0.1:13529 - 0 ] INFO  ipc.Client (Client.java:handleConnectionFailure(977)) - Retrying connect to server: localhost/127.0.0.1:13529. Already tried 11 time(s); retry policy is RetryUpToMaximumCountWithFixedSleep(maxRetries=15, sleepTime=1000 MILLISECONDS)
2021-10-05 13:25:28,829 [EndpointStateMachine task thread for /127.0.0.1:15021 - 0 ] INFO  ipc.Client (Client.java:handleConnectionFailure(977)) - Retrying connect to server: localhost/127.0.0.1:15021. Already tried 9 time(s); retry policy is RetryUpToMaximumCountWithFixedSleep(maxRetries=15, sleepTime=1000 MILLISECONDS)
2021-10-05 13:25:28,829 [EndpointStateMachine task thread for /127.0.0.1:15031 - 0 ] INFO  ipc.Client (Client.java:handleConnectionFailure(977)) - Retrying connect to server: localhost/127.0.0.1:15031. Already tried 9 time(s); retry policy is RetryUpToMaximumCountWithFixedSleep(maxRetries=15, sleepTime=1000 MILLISECONDS)
2021-10-05 13:25:28,948 [EndpointStateMachine task thread for /127.0.0.1:13539 - 0 ] INFO  ipc.Client (Client.java:handleConnectionFailure(977)) - Retrying connect to server: localhost/127.0.0.1:13539. Already tried 10 time(s); retry policy is RetryUpToMaximumCountWithFixedSleep(maxRetries=15, sleepTime=1000 MILLISECONDS)
2021-10-05 13:25:29,762 [EndpointStateMachine task thread for /127.0.0.1:15041 - 0 ] INFO  ipc.Client (Client.java:handleConnectionFailure(977)) - Retrying connect to server: localhost/127.0.0.1:15041. Already tried 6 time(s); retry policy is RetryUpToMaximumCountWithFixedSleep(maxRetries=15, sleepTime=1000 MILLISECONDS)
2021-10-05 13:25:29,788 [EndpointStateMachine task thread for /127.0.0.1:13549 - 0 ] INFO  ipc.Client (Client.java:handleConnectionFailure(977)) - Retrying connect to server: localhost/127.0.0.1:13549. Already tried 12 time(s); retry policy is RetryUpToMaximumCountWithFixedSleep(maxRetries=15, sleepTime=1000 MILLISECONDS)
2021-10-05 13:25:29,789 [EndpointStateMachine task thread for /127.0.0.1:13529 - 0 ] INFO  ipc.Client (Client.java:handleConnectionFailure(977)) - Retrying connect to server: localhost/127.0.0.1:13529. Already tried 12 time(s); retry policy is RetryUpToMaximumCountWithFixedSleep(maxRetries=15, sleepTime=1000 MILLISECONDS)
2021-10-05 13:25:29,829 [EndpointStateMachine task thread for /127.0.0.1:15021 - 0 ] INFO  ipc.Client (Client.java:handleConnectionFailure(977)) - Retrying connect to server: localhost/127.0.0.1:15021. Already tried 10 time(s); retry policy is RetryUpToMaximumCountWithFixedSleep(maxRetries=15, sleepTime=1000 MILLISECONDS)
2021-10-05 13:25:29,830 [EndpointStateMachine task thread for /127.0.0.1:15031 - 0 ] INFO  ipc.Client (Client.java:handleConnectionFailure(977)) - Retrying connect to server: localhost/127.0.0.1:15031. Already tried 10 time(s); retry policy is RetryUpToMaximumCountWithFixedSleep(maxRetries=15, sleepTime=1000 MILLISECONDS)
2021-10-05 13:25:29,949 [EndpointStateMachine task thread for /127.0.0.1:13539 - 0 ] INFO  ipc.Client (Client.java:handleConnectionFailure(977)) - Retrying connect to server: localhost/127.0.0.1:13539. Already tried 11 time(s); retry policy is RetryUpToMaximumCountWithFixedSleep(maxRetries=15, sleepTime=1000 MILLISECONDS)
2021-10-05 13:25:30,092 [ForkJoinPool.commonPool-worker-0] INFO  ozoneimpl.OzoneContainer (OzoneContainer.java:stop(325)) - Attempting to stop container services.
2021-10-05 13:25:30,095 [ForkJoinPool.commonPool-worker-0] INFO  server.RaftServer (RaftServerProxy.java:lambda$close$6(391)) - 9cad18a2-4b78-4cb8-813e-2348ce620e43: close
2021-10-05 13:25:30,095 [ForkJoinPool.commonPool-worker-0] INFO  server.RaftServer$Division (RaftServerImpl.java:lambda$close$4(407)) - 9cad18a2-4b78-4cb8-813e-2348ce620e43@group-62F8E1A01D1D: shutdown
2021-10-05 13:25:30,095 [ForkJoinPool.commonPool-worker-0] INFO  util.JmxRegister (JmxRegister.java:unregister(73)) - Successfully un-registered JMX Bean with object name Ratis:service=RaftServer,group=group-62F8E1A01D1D,id=9cad18a2-4b78-4cb8-813e-2348ce620e43
2021-10-05 13:25:30,095 [ForkJoinPool.commonPool-worker-0] INFO  impl.RoleInfo (RoleInfo.java:shutdownFollowerState(108)) - 9cad18a2-4b78-4cb8-813e-2348ce620e43: shutdown 9cad18a2-4b78-4cb8-813e-2348ce620e43@group-62F8E1A01D1D-FollowerState
2021-10-05 13:25:30,096 [ForkJoinPool.commonPool-worker-0] INFO  impl.StateMachineUpdater (StateMachineUpdater.java:stopAndJoin(149)) - 9cad18a2-4b78-4cb8-813e-2348ce620e43@group-62F8E1A01D1D-StateMachineUpdater: set stopIndex = 0
2021-10-05 13:25:30,096 [9cad18a2-4b78-4cb8-813e-2348ce620e43@group-62F8E1A01D1D-FollowerState] INFO  impl.FollowerState (FollowerState.java:run(143)) - 9cad18a2-4b78-4cb8-813e-2348ce620e43@group-62F8E1A01D1D-FollowerState was interrupted: {}
java.lang.InterruptedException: sleep interrupted
	at java.lang.Thread.sleep(Native Method)
	at java.lang.Thread.sleep(Thread.java:340)
	at java.util.concurrent.TimeUnit.sleep(TimeUnit.java:386)
	at org.apache.ratis.util.TimeDuration.sleep(TimeDuration.java:324)
	at org.apache.ratis.util.TimeDuration.sleep(TimeDuration.java:309)
	at org.apache.ratis.server.impl.FollowerState.run(FollowerState.java:118)
2021-10-05 13:25:30,096 [9cad18a2-4b78-4cb8-813e-2348ce620e43@group-62F8E1A01D1D-StateMachineUpdater] INFO  ratis.ContainerStateMachine (ContainerStateMachine.java:takeSnapshot(292)) - group-62F8E1A01D1D: Taking a snapshot at:(t:2, i:0) file /home/runner/work/ozone/ozone/hadoop-ozone/integration-test/target/test-dir/MiniOzoneClusterImpl-36b87918-66c6-4e2c-9c49-5aa8dab94a1f/datanode-2/data/ratis/5cfa055b-4c5c-4f3c-a5c0-62f8e1a01d1d/sm/snapshot.2_0
2021-10-05 13:25:30,097 [9cad18a2-4b78-4cb8-813e-2348ce620e43@group-62F8E1A01D1D-StateMachineUpdater] INFO  ratis.ContainerStateMachine (ContainerStateMachine.java:takeSnapshot(303)) - group-62F8E1A01D1D: Finished taking a snapshot at:(t:2, i:0) file:/home/runner/work/ozone/ozone/hadoop-ozone/integration-test/target/test-dir/MiniOzoneClusterImpl-36b87918-66c6-4e2c-9c49-5aa8dab94a1f/datanode-2/data/ratis/5cfa055b-4c5c-4f3c-a5c0-62f8e1a01d1d/sm/snapshot.2_0 took: 1 ms
2021-10-05 13:25:30,097 [9cad18a2-4b78-4cb8-813e-2348ce620e43@group-62F8E1A01D1D-StateMachineUpdater] INFO  impl.StateMachineUpdater (StateMachineUpdater.java:takeSnapshot(281)) - 9cad18a2-4b78-4cb8-813e-2348ce620e43@group-62F8E1A01D1D-StateMachineUpdater: Took a snapshot at index 0
2021-10-05 13:25:30,097 [9cad18a2-4b78-4cb8-813e-2348ce620e43@group-62F8E1A01D1D-StateMachineUpdater] INFO  impl.StateMachineUpdater (StateMachineUpdater.java:lambda$new$0(89)) - 9cad18a2-4b78-4cb8-813e-2348ce620e43@group-62F8E1A01D1D-StateMachineUpdater: snapshotIndex: updateIncreasingly -1 -> 0
2021-10-05 13:25:30,099 [ForkJoinPool.commonPool-worker-0] INFO  server.RaftServer$Division (ServerState.java:close(419)) - 9cad18a2-4b78-4cb8-813e-2348ce620e43@group-62F8E1A01D1D: closes. applyIndex: 0
2021-10-05 13:25:30,099 [9cad18a2-4b78-4cb8-813e-2348ce620e43@group-62F8E1A01D1D-SegmentedRaftLogWorker] INFO  segmented.SegmentedRaftLogWorker (SegmentedRaftLogWorker.java:run(327)) - 9cad18a2-4b78-4cb8-813e-2348ce620e43@group-62F8E1A01D1D-SegmentedRaftLogWorker was interrupted, exiting. There are 0 tasks remaining in the queue.
2021-10-05 13:25:30,100 [ForkJoinPool.commonPool-worker-0] INFO  segmented.SegmentedRaftLogWorker (SegmentedRaftLogWorker.java:close(237)) - 9cad18a2-4b78-4cb8-813e-2348ce620e43@group-62F8E1A01D1D-SegmentedRaftLogWorker close()
2021-10-05 13:25:30,100 [ForkJoinPool.commonPool-worker-0] INFO  server.RaftServer$Division (RaftServerImpl.java:lambda$close$4(407)) - 9cad18a2-4b78-4cb8-813e-2348ce620e43@group-9BC7FBF74007: shutdown
2021-10-05 13:25:30,100 [ForkJoinPool.commonPool-worker-0] INFO  util.JmxRegister (JmxRegister.java:unregister(73)) - Successfully un-registered JMX Bean with object name Ratis:service=RaftServer,group=group-9BC7FBF74007,id=9cad18a2-4b78-4cb8-813e-2348ce620e43
2021-10-05 13:25:30,100 [ForkJoinPool.commonPool-worker-0] INFO  impl.RoleInfo (RoleInfo.java:shutdownLeaderState(91)) - 9cad18a2-4b78-4cb8-813e-2348ce620e43: shutdown 9cad18a2-4b78-4cb8-813e-2348ce620e43@group-9BC7FBF74007-LeaderStateImpl
2021-10-05 13:25:30,100 [ForkJoinPool.commonPool-worker-0] INFO  impl.PendingRequests (PendingRequests.java:sendNotLeaderResponses(282)) - 9cad18a2-4b78-4cb8-813e-2348ce620e43@group-9BC7FBF74007-PendingRequests: sendNotLeaderResponses
2021-10-05 13:25:30,102 [9cad18a2-4b78-4cb8-813e-2348ce620e43@group-9BC7FBF74007-StateMachineUpdater] INFO  ratis.ContainerStateMachine (ContainerStateMachine.java:takeSnapshot(292)) - group-9BC7FBF74007: Taking a snapshot at:(t:1, i:0) file /home/runner/work/ozone/ozone/hadoop-ozone/integration-test/target/test-dir/MiniOzoneClusterImpl-36b87918-66c6-4e2c-9c49-5aa8dab94a1f/datanode-2/data/ratis/698a69f9-cff2-4881-8cc2-9bc7fbf74007/sm/snapshot.1_0
2021-10-05 13:25:30,102 [ForkJoinPool.commonPool-worker-0] INFO  impl.StateMachineUpdater (StateMachineUpdater.java:stopAndJoin(149)) - 9cad18a2-4b78-4cb8-813e-2348ce620e43@group-9BC7FBF74007-StateMachineUpdater: set stopIndex = 0
2021-10-05 13:25:30,105 [9cad18a2-4b78-4cb8-813e-2348ce620e43@group-9BC7FBF74007-StateMachineUpdater] INFO  ratis.ContainerStateMachine (ContainerStateMachine.java:takeSnapshot(303)) - group-9BC7FBF74007: Finished taking a snapshot at:(t:1, i:0) file:/home/runner/work/ozone/ozone/hadoop-ozone/integration-test/target/test-dir/MiniOzoneClusterImpl-36b87918-66c6-4e2c-9c49-5aa8dab94a1f/datanode-2/data/ratis/698a69f9-cff2-4881-8cc2-9bc7fbf74007/sm/snapshot.1_0 took: 4 ms
2021-10-05 13:25:30,105 [9cad18a2-4b78-4cb8-813e-2348ce620e43@group-9BC7FBF74007-StateMachineUpdater] INFO  impl.StateMachineUpdater (StateMachineUpdater.java:takeSnapshot(281)) - 9cad18a2-4b78-4cb8-813e-2348ce620e43@group-9BC7FBF74007-StateMachineUpdater: Took a snapshot at index 0
2021-10-05 13:25:30,105 [9cad18a2-4b78-4cb8-813e-2348ce620e43@group-9BC7FBF74007-StateMachineUpdater] INFO  impl.StateMachineUpdater (StateMachineUpdater.java:lambda$new$0(89)) - 9cad18a2-4b78-4cb8-813e-2348ce620e43@group-9BC7FBF74007-StateMachineUpdater: snapshotIndex: updateIncreasingly -1 -> 0
2021-10-05 13:25:30,106 [ForkJoinPool.commonPool-worker-0] INFO  server.RaftServer$Division (ServerState.java:close(419)) - 9cad18a2-4b78-4cb8-813e-2348ce620e43@group-9BC7FBF74007: closes. applyIndex: 0
2021-10-05 13:25:30,106 [9cad18a2-4b78-4cb8-813e-2348ce620e43@group-9BC7FBF74007-SegmentedRaftLogWorker] INFO  segmented.SegmentedRaftLogWorker (SegmentedRaftLogWorker.java:run(327)) - 9cad18a2-4b78-4cb8-813e-2348ce620e43@group-9BC7FBF74007-SegmentedRaftLogWorker was interrupted, exiting. There are 0 tasks remaining in the queue.
2021-10-05 13:25:30,106 [ForkJoinPool.commonPool-worker-0] INFO  segmented.SegmentedRaftLogWorker (SegmentedRaftLogWorker.java:close(237)) - 9cad18a2-4b78-4cb8-813e-2348ce620e43@group-9BC7FBF74007-SegmentedRaftLogWorker close()
2021-10-05 13:25:30,109 [ForkJoinPool.commonPool-worker-0] INFO  server.RaftServer$Division (RaftServerImpl.java:lambda$close$4(407)) - 9cad18a2-4b78-4cb8-813e-2348ce620e43@group-9360A73A2ABC: shutdown
2021-10-05 13:25:30,109 [ForkJoinPool.commonPool-worker-0] INFO  util.JmxRegister (JmxRegister.java:unregister(73)) - Successfully un-registered JMX Bean with object name Ratis:service=RaftServer,group=group-9360A73A2ABC,id=9cad18a2-4b78-4cb8-813e-2348ce620e43
2021-10-05 13:25:30,109 [ForkJoinPool.commonPool-worker-0] INFO  impl.RoleInfo (RoleInfo.java:shutdownFollowerState(108)) - 9cad18a2-4b78-4cb8-813e-2348ce620e43: shutdown 9cad18a2-4b78-4cb8-813e-2348ce620e43@group-9360A73A2ABC-FollowerState
2021-10-05 13:25:30,109 [9cad18a2-4b78-4cb8-813e-2348ce620e43@group-9360A73A2ABC-FollowerState] INFO  impl.FollowerState (FollowerState.java:run(143)) - 9cad18a2-4b78-4cb8-813e-2348ce620e43@group-9360A73A2ABC-FollowerState was interrupted: {}
java.lang.InterruptedException: sleep interrupted
	at java.lang.Thread.sleep(Native Method)
	at java.lang.Thread.sleep(Thread.java:340)
	at java.util.concurrent.TimeUnit.sleep(TimeUnit.java:386)
	at org.apache.ratis.util.TimeDuration.sleep(TimeDuration.java:324)
	at org.apache.ratis.util.TimeDuration.sleep(TimeDuration.java:309)
	at org.apache.ratis.server.impl.FollowerState.run(FollowerState.java:118)
2021-10-05 13:25:30,110 [ForkJoinPool.commonPool-worker-0] INFO  impl.StateMachineUpdater (StateMachineUpdater.java:stopAndJoin(149)) - 9cad18a2-4b78-4cb8-813e-2348ce620e43@group-9360A73A2ABC-StateMachineUpdater: set stopIndex = 0
2021-10-05 13:25:30,116 [9cad18a2-4b78-4cb8-813e-2348ce620e43@group-9360A73A2ABC-StateMachineUpdater] INFO  ratis.ContainerStateMachine (ContainerStateMachine.java:takeSnapshot(292)) - group-9360A73A2ABC: Taking a snapshot at:(t:3, i:0) file /home/runner/work/ozone/ozone/hadoop-ozone/integration-test/target/test-dir/MiniOzoneClusterImpl-36b87918-66c6-4e2c-9c49-5aa8dab94a1f/datanode-2/data/ratis/1cc8aba1-0118-4460-9a8d-9360a73a2abc/sm/snapshot.3_0
2021-10-05 13:25:30,117 [9cad18a2-4b78-4cb8-813e-2348ce620e43@group-9360A73A2ABC-StateMachineUpdater] INFO  ratis.ContainerStateMachine (ContainerStateMachine.java:takeSnapshot(303)) - group-9360A73A2ABC: Finished taking a snapshot at:(t:3, i:0) file:/home/runner/work/ozone/ozone/hadoop-ozone/integration-test/target/test-dir/MiniOzoneClusterImpl-36b87918-66c6-4e2c-9c49-5aa8dab94a1f/datanode-2/data/ratis/1cc8aba1-0118-4460-9a8d-9360a73a2abc/sm/snapshot.3_0 took: 1 ms
2021-10-05 13:25:30,117 [9cad18a2-4b78-4cb8-813e-2348ce620e43@group-9360A73A2ABC-StateMachineUpdater] INFO  impl.StateMachineUpdater (StateMachineUpdater.java:takeSnapshot(281)) - 9cad18a2-4b78-4cb8-813e-2348ce620e43@group-9360A73A2ABC-StateMachineUpdater: Took a snapshot at index 0
2021-10-05 13:25:30,117 [9cad18a2-4b78-4cb8-813e-2348ce620e43@group-9360A73A2ABC-StateMachineUpdater] INFO  impl.StateMachineUpdater (StateMachineUpdater.java:lambda$new$0(89)) - 9cad18a2-4b78-4cb8-813e-2348ce620e43@group-9360A73A2ABC-StateMachineUpdater: snapshotIndex: updateIncreasingly -1 -> 0
2021-10-05 13:25:30,118 [ForkJoinPool.commonPool-worker-0] INFO  server.RaftServer$Division (ServerState.java:close(419)) - 9cad18a2-4b78-4cb8-813e-2348ce620e43@group-9360A73A2ABC: closes. applyIndex: 0
2021-10-05 13:25:30,118 [9cad18a2-4b78-4cb8-813e-2348ce620e43@group-9360A73A2ABC-SegmentedRaftLogWorker] INFO  segmented.SegmentedRaftLogWorker (SegmentedRaftLogWorker.java:run(327)) - 9cad18a2-4b78-4cb8-813e-2348ce620e43@group-9360A73A2ABC-SegmentedRaftLogWorker was interrupted, exiting. There are 0 tasks remaining in the queue.
2021-10-05 13:25:30,118 [ForkJoinPool.commonPool-worker-0] INFO  segmented.SegmentedRaftLogWorker (SegmentedRaftLogWorker.java:close(237)) - 9cad18a2-4b78-4cb8-813e-2348ce620e43@group-9360A73A2ABC-SegmentedRaftLogWorker close()
2021-10-05 13:25:30,118 [ForkJoinPool.commonPool-worker-0] INFO  server.GrpcService (GrpcService.java:closeImpl(262)) - 9cad18a2-4b78-4cb8-813e-2348ce620e43: shutdown server with port 34379 now
2021-10-05 13:25:30,136 [ForkJoinPool.commonPool-worker-0] INFO  server.GrpcService (GrpcService.java:closeImpl(271)) - 9cad18a2-4b78-4cb8-813e-2348ce620e43: shutdown server with port 34379 successfully
2021-10-05 13:25:30,136 [org.apache.ratis.util.JvmPauseMonitor$$Lambda$499/1586779822@6e58f4d1] INFO  util.JvmPauseMonitor (JvmPauseMonitor.java:run(109)) - JvmPauseMonitor-9cad18a2-4b78-4cb8-813e-2348ce620e43: Stopped
2021-10-05 13:25:30,140 [ForkJoinPool.commonPool-worker-0] INFO  utils.BackgroundService (BackgroundService.java:shutdown(132)) - Shutting down service BlockDeletingService
2021-10-05 13:25:30,764 [EndpointStateMachine task thread for /127.0.0.1:15041 - 0 ] INFO  ipc.Client (Client.java:handleConnectionFailure(977)) - Retrying connect to server: localhost/127.0.0.1:15041. Already tried 7 time(s); retry policy is RetryUpToMaximumCountWithFixedSleep(maxRetries=15, sleepTime=1000 MILLISECONDS)
2021-10-05 13:25:30,789 [EndpointStateMachine task thread for /127.0.0.1:13549 - 0 ] INFO  ipc.Client (Client.java:handleConnectionFailure(977)) - Retrying connect to server: localhost/127.0.0.1:13549. Already tried 13 time(s); retry policy is RetryUpToMaximumCountWithFixedSleep(maxRetries=15, sleepTime=1000 MILLISECONDS)
2021-10-05 13:25:30,789 [EndpointStateMachine task thread for /127.0.0.1:13529 - 0 ] INFO  ipc.Client (Client.java:handleConnectionFailure(977)) - Retrying connect to server: localhost/127.0.0.1:13529. Already tried 13 time(s); retry policy is RetryUpToMaximumCountWithFixedSleep(maxRetries=15, sleepTime=1000 MILLISECONDS)
2021-10-05 13:25:30,830 [EndpointStateMachine task thread for /127.0.0.1:15021 - 0 ] INFO  ipc.Client (Client.java:handleConnectionFailure(977)) - Retrying connect to server: localhost/127.0.0.1:15021. Already tried 11 time(s); retry policy is RetryUpToMaximumCountWithFixedSleep(maxRetries=15, sleepTime=1000 MILLISECONDS)
2021-10-05 13:25:30,830 [EndpointStateMachine task thread for /127.0.0.1:15031 - 0 ] INFO  ipc.Client (Client.java:handleConnectionFailure(977)) - Retrying connect to server: localhost/127.0.0.1:15031. Already tried 11 time(s); retry policy is RetryUpToMaximumCountWithFixedSleep(maxRetries=15, sleepTime=1000 MILLISECONDS)
2021-10-05 13:25:30,949 [EndpointStateMachine task thread for /127.0.0.1:13539 - 0 ] INFO  ipc.Client (Client.java:handleConnectionFailure(977)) - Retrying connect to server: localhost/127.0.0.1:13539. Already tried 12 time(s); retry policy is RetryUpToMaximumCountWithFixedSleep(maxRetries=15, sleepTime=1000 MILLISECONDS)
2021-10-05 13:25:31,764 [EndpointStateMachine task thread for /127.0.0.1:15041 - 0 ] INFO  ipc.Client (Client.java:handleConnectionFailure(977)) - Retrying connect to server: localhost/127.0.0.1:15041. Already tried 8 time(s); retry policy is RetryUpToMaximumCountWithFixedSleep(maxRetries=15, sleepTime=1000 MILLISECONDS)
2021-10-05 13:25:31,793 [EndpointStateMachine task thread for /127.0.0.1:13529 - 0 ] INFO  ipc.Client (Client.java:handleConnectionFailure(977)) - Retrying connect to server: localhost/127.0.0.1:13529. Already tried 14 time(s); retry policy is RetryUpToMaximumCountWithFixedSleep(maxRetries=15, sleepTime=1000 MILLISECONDS)
2021-10-05 13:25:31,793 [EndpointStateMachine task thread for /127.0.0.1:13529 - 0 ] WARN  statemachine.EndpointStateMachine (EndpointStateMachine.java:logIfNeeded(236)) - Unable to communicate to SCM server at localhost:13529 for past 0 seconds.
java.net.ConnectException: Call From fv-az270-324/10.1.0.10 to localhost:13529 failed on connection exception: java.net.ConnectException: Connection refused; For more details see:  http://wiki.apache.org/hadoop/ConnectionRefused
	at sun.reflect.GeneratedConstructorAccessor42.newInstance(Unknown Source)
	at sun.reflect.DelegatingConstructorAccessorImpl.newInstance(DelegatingConstructorAccessorImpl.java:45)
	at java.lang.reflect.Constructor.newInstance(Constructor.java:423)
	at org.apache.hadoop.net.NetUtils.wrapWithMessage(NetUtils.java:913)
	at org.apache.hadoop.net.NetUtils.wrapException(NetUtils.java:828)
	at org.apache.hadoop.ipc.Client.getRpcResponse(Client.java:1577)
	at org.apache.hadoop.ipc.Client.call(Client.java:1519)
	at org.apache.hadoop.ipc.Client.call(Client.java:1416)
	at org.apache.hadoop.ipc.ProtobufRpcEngine$Invoker.invoke(ProtobufRpcEngine.java:236)
	at org.apache.hadoop.ipc.ProtobufRpcEngine$Invoker.invoke(ProtobufRpcEngine.java:123)
	at com.sun.proxy.$Proxy48.submitRequest(Unknown Source)
	at org.apache.hadoop.ozone.protocolPB.StorageContainerDatanodeProtocolClientSideTranslatorPB.submitRequest(StorageContainerDatanodeProtocolClientSideTranslatorPB.java:117)
	at org.apache.hadoop.ozone.protocolPB.StorageContainerDatanodeProtocolClientSideTranslatorPB.sendHeartbeat(StorageContainerDatanodeProtocolClientSideTranslatorPB.java:149)
	at org.apache.hadoop.ozone.container.common.states.endpoint.HeartbeatEndpointTask.call(HeartbeatEndpointTask.java:179)
	at org.apache.hadoop.ozone.container.common.states.endpoint.HeartbeatEndpointTask.call(HeartbeatEndpointTask.java:82)
	at java.util.concurrent.FutureTask.run(FutureTask.java:266)
	at java.util.concurrent.ThreadPoolExecutor.runWorker(ThreadPoolExecutor.java:1149)
	at java.util.concurrent.ThreadPoolExecutor$Worker.run(ThreadPoolExecutor.java:624)
	at java.lang.Thread.run(Thread.java:748)
Caused by: java.net.ConnectException: Connection refused
	at sun.nio.ch.SocketChannelImpl.checkConnect(Native Method)
	at sun.nio.ch.SocketChannelImpl.finishConnect(SocketChannelImpl.java:716)
	at org.apache.hadoop.net.SocketIOWithTimeout.connect(SocketIOWithTimeout.java:206)
	at org.apache.hadoop.net.NetUtils.connect(NetUtils.java:586)
	at org.apache.hadoop.ipc.Client$Connection.setupConnection(Client.java:701)
	at org.apache.hadoop.ipc.Client$Connection.setupIOstreams(Client.java:822)
	at org.apache.hadoop.ipc.Client$Connection.access$3800(Client.java:414)
	at org.apache.hadoop.ipc.Client.getConnection(Client.java:1647)
	at org.apache.hadoop.ipc.Client.call(Client.java:1463)
	... 12 more
2021-10-05 13:25:31,794 [EndpointStateMachine task thread for /127.0.0.1:13549 - 0 ] INFO  ipc.Client (Client.java:handleConnectionFailure(977)) - Retrying connect to server: localhost/127.0.0.1:13549. Already tried 14 time(s); retry policy is RetryUpToMaximumCountWithFixedSleep(maxRetries=15, sleepTime=1000 MILLISECONDS)
2021-10-05 13:25:31,794 [EndpointStateMachine task thread for /127.0.0.1:13549 - 0 ] WARN  statemachine.EndpointStateMachine (EndpointStateMachine.java:logIfNeeded(236)) - Unable to communicate to SCM server at localhost:13549 for past 0 seconds.
java.net.ConnectException: Call From fv-az270-324/10.1.0.10 to localhost:13549 failed on connection exception: java.net.ConnectException: Connection refused; For more details see:  http://wiki.apache.org/hadoop/ConnectionRefused
	at sun.reflect.GeneratedConstructorAccessor42.newInstance(Unknown Source)
	at sun.reflect.DelegatingConstructorAccessorImpl.newInstance(DelegatingConstructorAccessorImpl.java:45)
	at java.lang.reflect.Constructor.newInstance(Constructor.java:423)
	at org.apache.hadoop.net.NetUtils.wrapWithMessage(NetUtils.java:913)
	at org.apache.hadoop.net.NetUtils.wrapException(NetUtils.java:828)
	at org.apache.hadoop.ipc.Client.getRpcResponse(Client.java:1577)
	at org.apache.hadoop.ipc.Client.call(Client.java:1519)
	at org.apache.hadoop.ipc.Client.call(Client.java:1416)
	at org.apache.hadoop.ipc.ProtobufRpcEngine$Invoker.invoke(ProtobufRpcEngine.java:236)
	at org.apache.hadoop.ipc.ProtobufRpcEngine$Invoker.invoke(ProtobufRpcEngine.java:123)
	at com.sun.proxy.$Proxy48.submitRequest(Unknown Source)
	at org.apache.hadoop.ozone.protocolPB.StorageContainerDatanodeProtocolClientSideTranslatorPB.submitRequest(StorageContainerDatanodeProtocolClientSideTranslatorPB.java:117)
	at org.apache.hadoop.ozone.protocolPB.StorageContainerDatanodeProtocolClientSideTranslatorPB.register(StorageContainerDatanodeProtocolClientSideTranslatorPB.java:180)
	at org.apache.hadoop.ozone.container.common.states.endpoint.RegisterEndpointTask.call(RegisterEndpointTask.java:158)
	at org.apache.hadoop.ozone.container.common.states.endpoint.RegisterEndpointTask.call(RegisterEndpointTask.java:52)
	at java.util.concurrent.FutureTask.run(FutureTask.java:266)
	at java.util.concurrent.ThreadPoolExecutor.runWorker(ThreadPoolExecutor.java:1149)
	at java.util.concurrent.ThreadPoolExecutor$Worker.run(ThreadPoolExecutor.java:624)
	at java.lang.Thread.run(Thread.java:748)
Caused by: java.net.ConnectException: Connection refused
	at sun.nio.ch.SocketChannelImpl.checkConnect(Native Method)
	at sun.nio.ch.SocketChannelImpl.finishConnect(SocketChannelImpl.java:716)
	at org.apache.hadoop.net.SocketIOWithTimeout.connect(SocketIOWithTimeout.java:206)
	at org.apache.hadoop.net.NetUtils.connect(NetUtils.java:586)
	at org.apache.hadoop.ipc.Client$Connection.setupConnection(Client.java:701)
	at org.apache.hadoop.ipc.Client$Connection.setupIOstreams(Client.java:822)
	at org.apache.hadoop.ipc.Client$Connection.access$3800(Client.java:414)
	at org.apache.hadoop.ipc.Client.getConnection(Client.java:1647)
	at org.apache.hadoop.ipc.Client.call(Client.java:1463)
	... 12 more
2021-10-05 13:25:31,830 [EndpointStateMachine task thread for /127.0.0.1:15021 - 0 ] INFO  ipc.Client (Client.java:handleConnectionFailure(977)) - Retrying connect to server: localhost/127.0.0.1:15021. Already tried 12 time(s); retry policy is RetryUpToMaximumCountWithFixedSleep(maxRetries=15, sleepTime=1000 MILLISECONDS)
2021-10-05 13:25:31,830 [EndpointStateMachine task thread for /127.0.0.1:15031 - 0 ] INFO  ipc.Client (Client.java:handleConnectionFailure(977)) - Retrying connect to server: localhost/127.0.0.1:15031. Already tried 12 time(s); retry policy is RetryUpToMaximumCountWithFixedSleep(maxRetries=15, sleepTime=1000 MILLISECONDS)
2021-10-05 13:25:31,950 [EndpointStateMachine task thread for /127.0.0.1:13539 - 0 ] INFO  ipc.Client (Client.java:handleConnectionFailure(977)) - Retrying connect to server: localhost/127.0.0.1:13539. Already tried 13 time(s); retry policy is RetryUpToMaximumCountWithFixedSleep(maxRetries=15, sleepTime=1000 MILLISECONDS)
2021-10-05 13:25:32,765 [EndpointStateMachine task thread for /127.0.0.1:15041 - 0 ] INFO  ipc.Client (Client.java:handleConnectionFailure(977)) - Retrying connect to server: localhost/127.0.0.1:15041. Already tried 9 time(s); retry policy is RetryUpToMaximumCountWithFixedSleep(maxRetries=15, sleepTime=1000 MILLISECONDS)
2021-10-05 13:25:32,794 [EndpointStateMachine task thread for /127.0.0.1:13529 - 0 ] INFO  ipc.Client (Client.java:handleConnectionFailure(977)) - Retrying connect to server: localhost/127.0.0.1:13529. Already tried 0 time(s); retry policy is RetryUpToMaximumCountWithFixedSleep(maxRetries=15, sleepTime=1000 MILLISECONDS)
2021-10-05 13:25:32,795 [EndpointStateMachine task thread for /127.0.0.1:13549 - 0 ] INFO  ipc.Client (Client.java:handleConnectionFailure(977)) - Retrying connect to server: localhost/127.0.0.1:13549. Already tried 0 time(s); retry policy is RetryUpToMaximumCountWithFixedSleep(maxRetries=15, sleepTime=1000 MILLISECONDS)
2021-10-05 13:25:32,830 [EndpointStateMachine task thread for /127.0.0.1:15021 - 0 ] INFO  ipc.Client (Client.java:handleConnectionFailure(977)) - Retrying connect to server: localhost/127.0.0.1:15021. Already tried 13 time(s); retry policy is RetryUpToMaximumCountWithFixedSleep(maxRetries=15, sleepTime=1000 MILLISECONDS)
2021-10-05 13:25:32,831 [EndpointStateMachine task thread for /127.0.0.1:15031 - 0 ] INFO  ipc.Client (Client.java:handleConnectionFailure(977)) - Retrying connect to server: localhost/127.0.0.1:15031. Already tried 13 time(s); retry policy is RetryUpToMaximumCountWithFixedSleep(maxRetries=15, sleepTime=1000 MILLISECONDS)
2021-10-05 13:25:32,950 [EndpointStateMachine task thread for /127.0.0.1:13539 - 0 ] INFO  ipc.Client (Client.java:handleConnectionFailure(977)) - Retrying connect to server: localhost/127.0.0.1:13539. Already tried 14 time(s); retry policy is RetryUpToMaximumCountWithFixedSleep(maxRetries=15, sleepTime=1000 MILLISECONDS)
2021-10-05 13:25:33,141 [ForkJoinPool.commonPool-worker-0] INFO  statemachine.DatanodeStateMachine (DatanodeStateMachine.java:stopDaemon(515)) - Ozone container server stopped.
2021-10-05 13:25:33,143 [ForkJoinPool.commonPool-worker-0] INFO  handler.ContextHandler (ContextHandler.java:doStop(1153)) - Stopped o.e.j.w.WebAppContext@3989e022{hddsDatanode,/,null,STOPPED}{jar:file:/home/runner/.m2/repository/org/apache/ozone/hdds-container-service/1.2.0-SNAPSHOT/hdds-container-service-1.2.0-SNAPSHOT.jar!/webapps/hddsDatanode}
2021-10-05 13:25:33,148 [ForkJoinPool.commonPool-worker-0] INFO  server.AbstractConnector (AbstractConnector.java:doStop(381)) - Stopped ServerConnector@3b2a3542{HTTP/1.1, (http/1.1)}{0.0.0.0:0}
2021-10-05 13:25:33,148 [ForkJoinPool.commonPool-worker-0] INFO  server.session (HouseKeeper.java:stopScavenging(149)) - node0 Stopped scavenging
2021-10-05 13:25:33,151 [ForkJoinPool.commonPool-worker-0] INFO  handler.ContextHandler (ContextHandler.java:doStop(1153)) - Stopped o.e.j.s.ServletContextHandler@6834f33a{static,/static,jar:file:/home/runner/.m2/repository/org/apache/ozone/hdds-container-service/1.2.0-SNAPSHOT/hdds-container-service-1.2.0-SNAPSHOT.jar!/webapps/static,STOPPED}
2021-10-05 13:25:33,152 [ForkJoinPool.commonPool-worker-0] INFO  handler.ContextHandler (ContextHandler.java:doStop(1153)) - Stopped o.e.j.s.ServletContextHandler@430bcbd4{logs,/logs,file:///home/runner/work/ozone/ozone/hadoop-ozone/integration-test/target/log,STOPPED}
]]></system-out>
  </testcase>
  <testcase name="testInstallCorruptedCheckpointFailure" classname="org.apache.hadoop.ozone.scm.TestSCMInstallSnapshotWithHA" time="50.025"/>
</testsuite>