<?xml version="1.0" encoding="UTF-8"?>
<testsuite xmlns:xsi="http://www.w3.org/2001/XMLSchema-instance" xsi:noNamespaceSchemaLocation="https://maven.apache.org/surefire/maven-surefire-plugin/xsd/surefire-test-report.xsd" name="org.apache.hadoop.ozone.scm.node.TestDecommissionAndMaintenance" time="498.835" tests="11" errors="0" skipped="0" failures="1">
  <properties>
    <property name="awt.toolkit" value="sun.awt.X11.XToolkit"/>
    <property name="file.encoding.pkg" value="sun.io"/>
    <property name="java.specification.version" value="1.8"/>
    <property name="sun.cpu.isalist" value=""/>
    <property name="sun.jnu.encoding" value="ANSI_X3.4-1968"/>
    <property name="java.class.path" value="/github/workspace/mnt/ozone/hadoop-ozone/integration-test/target/test-classes:/github/workspace/mnt/ozone/hadoop-ozone/integration-test/target/classes:/home/user/.m2/repository/org/apache/hadoop/hadoop-ozone-common/1.2.0-SNAPSHOT/hadoop-ozone-common-1.2.0-SNAPSHOT.jar:/home/user/.m2/repository/org/apache/commons/commons-compress/1.20/commons-compress-1.20.jar:/home/user/.m2/repository/org/apache/hadoop/hadoop-hdds-common/1.2.0-SNAPSHOT/hadoop-hdds-common-1.2.0-SNAPSHOT.jar:/home/user/.m2/repository/org/apache/hadoop/hadoop-hdds-client/1.2.0-SNAPSHOT/hadoop-hdds-client-1.2.0-SNAPSHOT.jar:/home/user/.m2/repository/org/apache/hadoop/hadoop-ozone-interface-client/1.2.0-SNAPSHOT/hadoop-ozone-interface-client-1.2.0-SNAPSHOT.jar:/home/user/.m2/repository/org/apache/hadoop/hadoop-hdds-test-utils/1.2.0-SNAPSHOT/hadoop-hdds-test-utils-1.2.0-SNAPSHOT.jar:/home/user/.m2/repository/com/google/guava/guava/30.1.1-jre/guava-30.1.1-jre.jar:/home/user/.m2/repository/com/google/guava/failureaccess/1.0.1/failureaccess-1.0.1.jar:/home/user/.m2/repository/com/google/guava/listenablefuture/9999.0-empty-to-avoid-conflict-with-guava/listenablefuture-9999.0-empty-to-avoid-conflict-with-guava.jar:/home/user/.m2/repository/com/google/code/findbugs/jsr305/3.0.0/jsr305-3.0.0.jar:/home/user/.m2/repository/org/checkerframework/checker-qual/3.8.0/checker-qual-3.8.0.jar:/home/user/.m2/repository/com/google/errorprone/error_prone_annotations/2.2.0/error_prone_annotations-2.2.0.jar:/home/user/.m2/repository/com/google/j2objc/j2objc-annotations/1.3/j2objc-annotations-1.3.jar:/home/user/.m2/repository/commons-io/commons-io/2.8.0/commons-io-2.8.0.jar:/home/user/.m2/repository/commons-logging/commons-logging/1.2/commons-logging-1.2.jar:/home/user/.m2/repository/log4j/log4j/1.2.17/log4j-1.2.17.jar:/home/user/.m2/repository/org/slf4j/slf4j-api/1.7.30/slf4j-api-1.7.30.jar:/home/user/.m2/repository/org/apache/hadoop/hadoop-hdds-server-scm/1.2.0-SNAPSHOT/hadoop-hdds-server-scm-1.2.0-SNAPSHOT.jar:/home/user/.m2/repository/org/apache/hadoop/hadoop-hdds-container-service/1.2.0-SNAPSHOT/hadoop-hdds-container-service-1.2.0-SNAPSHOT.jar:/home/user/.m2/repository/org/apache/hadoop/hadoop-hdds-hadoop-dependency-server/1.2.0-SNAPSHOT/hadoop-hdds-hadoop-dependency-server-1.2.0-SNAPSHOT.jar:/home/user/.m2/repository/org/apache/hadoop/hadoop-hdfs/3.2.2/hadoop-hdfs-3.2.2.jar:/home/user/.m2/repository/org/apache/hadoop/hadoop-hdds-server-framework/1.2.0-SNAPSHOT/hadoop-hdds-server-framework-1.2.0-SNAPSHOT.jar:/home/user/.m2/repository/org/apache/hadoop/hadoop-hdds-interface-server/1.2.0-SNAPSHOT/hadoop-hdds-interface-server-1.2.0-SNAPSHOT.jar:/home/user/.m2/repository/org/eclipse/jetty/jetty-servlet/9.4.35.v20201120/jetty-servlet-9.4.35.v20201120.jar:/home/user/.m2/repository/org/eclipse/jetty/jetty-security/9.4.35.v20201120/jetty-security-9.4.35.v20201120.jar:/home/user/.m2/repository/org/rocksdb/rocksdbjni/6.20.3/rocksdbjni-6.20.3.jar:/home/user/.m2/repository/io/prometheus/simpleclient_dropwizard/0.7.0/simpleclient_dropwizard-0.7.0.jar:/home/user/.m2/repository/io/prometheus/simpleclient/0.7.0/simpleclient-0.7.0.jar:/home/user/.m2/repository/io/prometheus/simpleclient_common/0.7.0/simpleclient_common-0.7.0.jar:/home/user/.m2/repository/com/fasterxml/jackson/datatype/jackson-datatype-jsr310/2.12.1/jackson-datatype-jsr310-2.12.1.jar:/home/user/.m2/repository/io/dropwizard/metrics/metrics-core/3.2.4/metrics-core-3.2.4.jar:/home/user/.m2/repository/org/apache/hadoop/hadoop-hdfs-client/3.2.2/hadoop-hdfs-client-3.2.2.jar:/home/user/.m2/repository/org/bouncycastle/bcprov-jdk15on/1.67/bcprov-jdk15on-1.67.jar:/home/user/.m2/repository/com/google/protobuf/protobuf-java/2.5.0/protobuf-java-2.5.0.jar:/home/user/.m2/repository/org/apache/hadoop/hadoop-ozone-ozone-manager/1.2.0-SNAPSHOT/hadoop-ozone-ozone-manager-1.2.0-SNAPSHOT.jar:/home/user/.m2/repository/org/apache/hadoop/hadoop-hdds-interface-client/1.2.0-SNAPSHOT/hadoop-hdds-interface-client-1.2.0-SNAPSHOT.jar:/home/user/.m2/repository/org/apache/ratis/ratis-thirdparty-misc/0.7.0-a398b19-SNAPSHOT/ratis-thirdparty-misc-0.7.0-a398b19-SNAPSHOT.jar:/home/user/.m2/repository/org/apache/hadoop/hadoop-ozone-interface-storage/1.2.0-SNAPSHOT/hadoop-ozone-interface-storage-1.2.0-SNAPSHOT.jar:/home/user/.m2/repository/org/apache/hadoop/hadoop-minikdc/3.2.2/hadoop-minikdc-3.2.2.jar:/home/user/.m2/repository/org/apache/kerby/kerb-simplekdc/1.0.1/kerb-simplekdc-1.0.1.jar:/home/user/.m2/repository/org/apache/kerby/kerb-client/1.0.1/kerb-client-1.0.1.jar:/home/user/.m2/repository/org/apache/kerby/kerby-config/1.0.1/kerby-config-1.0.1.jar:/home/user/.m2/repository/org/apache/kerby/kerb-core/1.0.1/kerb-core-1.0.1.jar:/home/user/.m2/repository/org/apache/kerby/kerby-pkix/1.0.1/kerby-pkix-1.0.1.jar:/home/user/.m2/repository/org/apache/kerby/kerby-asn1/1.0.1/kerby-asn1-1.0.1.jar:/home/user/.m2/repository/org/apache/kerby/kerby-util/1.0.1/kerby-util-1.0.1.jar:/home/user/.m2/repository/org/apache/kerby/kerb-common/1.0.1/kerb-common-1.0.1.jar:/home/user/.m2/repository/org/apache/kerby/kerb-crypto/1.0.1/kerb-crypto-1.0.1.jar:/home/user/.m2/repository/org/apache/kerby/kerb-util/1.0.1/kerb-util-1.0.1.jar:/home/user/.m2/repository/org/apache/kerby/token-provider/1.0.1/token-provider-1.0.1.jar:/home/user/.m2/repository/org/apache/kerby/kerb-admin/1.0.1/kerb-admin-1.0.1.jar:/home/user/.m2/repository/org/apache/kerby/kerb-server/1.0.1/kerb-server-1.0.1.jar:/home/user/.m2/repository/org/apache/kerby/kerb-identity/1.0.1/kerb-identity-1.0.1.jar:/home/user/.m2/repository/org/apache/kerby/kerby-xdr/1.0.1/kerby-xdr-1.0.1.jar:/home/user/.m2/repository/org/slf4j/slf4j-log4j12/1.7.30/slf4j-log4j12-1.7.30.jar:/home/user/.m2/repository/org/apache/hadoop/hadoop-ozone-s3gateway/1.2.0-SNAPSHOT/hadoop-ozone-s3gateway-1.2.0-SNAPSHOT.jar:/home/user/.m2/repository/org/jboss/weld/servlet/weld-servlet/2.4.7.Final/weld-servlet-2.4.7.Final.jar:/home/user/.m2/repository/org/glassfish/jersey/containers/jersey-container-servlet-core/2.33/jersey-container-servlet-core-2.33.jar:/home/user/.m2/repository/org/glassfish/hk2/external/jakarta.inject/2.6.1/jakarta.inject-2.6.1.jar:/home/user/.m2/repository/org/glassfish/jersey/core/jersey-common/2.33/jersey-common-2.33.jar:/home/user/.m2/repository/jakarta/ws/rs/jakarta.ws.rs-api/2.1.6/jakarta.ws.rs-api-2.1.6.jar:/home/user/.m2/repository/org/glassfish/jersey/ext/cdi/jersey-cdi1x/2.33/jersey-cdi1x-2.33.jar:/home/user/.m2/repository/org/glassfish/jersey/inject/jersey-hk2/2.33/jersey-hk2-2.33.jar:/home/user/.m2/repository/org/glassfish/hk2/hk2-locator/2.6.1/hk2-locator-2.6.1.jar:/home/user/.m2/repository/org/javassist/javassist/3.25.0-GA/javassist-3.25.0-GA.jar:/home/user/.m2/repository/org/glassfish/jersey/media/jersey-media-jaxb/2.33/jersey-media-jaxb-2.33.jar:/home/user/.m2/repository/org/glassfish/hk2/osgi-resource-locator/1.0.3/osgi-resource-locator-1.0.3.jar:/home/user/.m2/repository/org/glassfish/hk2/hk2-api/2.5.0/hk2-api-2.5.0.jar:/home/user/.m2/repository/org/glassfish/hk2/hk2-utils/2.5.0/hk2-utils-2.5.0.jar:/home/user/.m2/repository/org/glassfish/hk2/external/aopalliance-repackaged/2.5.0/aopalliance-repackaged-2.5.0.jar:/home/user/.m2/repository/com/fasterxml/jackson/dataformat/jackson-dataformat-xml/2.12.1/jackson-dataformat-xml-2.12.1.jar:/home/user/.m2/repository/com/fasterxml/jackson/core/jackson-core/2.12.1/jackson-core-2.12.1.jar:/home/user/.m2/repository/com/fasterxml/jackson/module/jackson-module-jaxb-annotations/2.12.1/jackson-module-jaxb-annotations-2.12.1.jar:/home/user/.m2/repository/jakarta/xml/bind/jakarta.xml.bind-api/2.3.2/jakarta.xml.bind-api-2.3.2.jar:/home/user/.m2/repository/jakarta/activation/jakarta.activation-api/1.2.1/jakarta.activation-api-1.2.1.jar:/home/user/.m2/repository/org/codehaus/woodstox/stax2-api/3.1.4/stax2-api-3.1.4.jar:/home/user/.m2/repository/com/fasterxml/woodstox/woodstox-core/5.0.3/woodstox-core-5.0.3.jar:/home/user/.m2/repository/javax/enterprise/cdi-api/1.2/cdi-api-1.2.jar:/home/user/.m2/repository/javax/el/javax.el-api/3.0.0/javax.el-api-3.0.0.jar:/home/user/.m2/repository/javax/interceptor/javax.interceptor-api/1.2/javax.interceptor-api-1.2.jar:/home/user/.m2/repository/javax/inject/javax.inject/1/javax.inject-1.jar:/home/user/.m2/repository/javax/xml/bind/jaxb-api/2.3.0/jaxb-api-2.3.0.jar:/home/user/.m2/repository/org/glassfish/jaxb/jaxb-runtime/2.3.0.1/jaxb-runtime-2.3.0.1.jar:/home/user/.m2/repository/org/glassfish/jaxb/jaxb-core/2.3.0.1/jaxb-core-2.3.0.1.jar:/home/user/.m2/repository/org/glassfish/jaxb/txw2/2.3.0.1/txw2-2.3.0.1.jar:/home/user/.m2/repository/com/sun/istack/istack-commons-runtime/3.0.5/istack-commons-runtime-3.0.5.jar:/home/user/.m2/repository/org/jvnet/staxex/stax-ex/1.7.8/stax-ex-1.7.8.jar:/home/user/.m2/repository/com/sun/xml/fastinfoset/FastInfoset/1.2.13/FastInfoset-1.2.13.jar:/home/user/.m2/repository/javax/activation/activation/1.1.1/activation-1.1.1.jar:/home/user/.m2/repository/org/apache/hadoop/hadoop-ozone-csi/1.2.0-SNAPSHOT/hadoop-ozone-csi-1.2.0-SNAPSHOT.jar:/home/user/.m2/repository/com/google/protobuf/protobuf-java-util/3.12.0/protobuf-java-util-3.12.0.jar:/home/user/.m2/repository/com/google/code/gson/gson/2.2.4/gson-2.2.4.jar:/home/user/.m2/repository/org/apache/hadoop/hadoop-hdds-config/1.2.0-SNAPSHOT/hadoop-hdds-config-1.2.0-SNAPSHOT.jar:/home/user/.m2/repository/io/grpc/grpc-netty/1.33.0/grpc-netty-1.33.0.jar:/home/user/.m2/repository/io/grpc/grpc-core/1.33.0/grpc-core-1.33.0.jar:/home/user/.m2/repository/com/google/android/annotations/4.1.1.4/annotations-4.1.1.4.jar:/home/user/.m2/repository/io/netty/netty-codec-http2/4.1.51.Final/netty-codec-http2-4.1.51.Final.jar:/home/user/.m2/repository/io/netty/netty-codec/4.1.51.Final/netty-codec-4.1.51.Final.jar:/home/user/.m2/repository/io/netty/netty-handler/4.1.51.Final/netty-handler-4.1.51.Final.jar:/home/user/.m2/repository/io/netty/netty-codec-http/4.1.51.Final/netty-codec-http-4.1.51.Final.jar:/home/user/.m2/repository/io/netty/netty-handler-proxy/4.1.51.Final/netty-handler-proxy-4.1.51.Final.jar:/home/user/.m2/repository/io/netty/netty-codec-socks/4.1.51.Final/netty-codec-socks-4.1.51.Final.jar:/home/user/.m2/repository/io/perfmark/perfmark-api/0.19.0/perfmark-api-0.19.0.jar:/home/user/.m2/repository/org/codehaus/mojo/animal-sniffer-annotations/1.18/animal-sniffer-annotations-1.18.jar:/home/user/.m2/repository/io/netty/netty-transport-native-epoll/4.1.63.Final/netty-transport-native-epoll-4.1.63.Final.jar:/home/user/.m2/repository/io/netty/netty-common/4.1.63.Final/netty-common-4.1.63.Final.jar:/home/user/.m2/repository/io/netty/netty-buffer/4.1.63.Final/netty-buffer-4.1.63.Final.jar:/home/user/.m2/repository/io/netty/netty-transport/4.1.63.Final/netty-transport-4.1.63.Final.jar:/home/user/.m2/repository/io/netty/netty-resolver/4.1.63.Final/netty-resolver-4.1.63.Final.jar:/home/user/.m2/repository/io/netty/netty-transport-native-unix-common/4.1.63.Final/netty-transport-native-unix-common-4.1.63.Final.jar:/home/user/.m2/repository/io/grpc/grpc-protobuf/1.33.0/grpc-protobuf-1.33.0.jar:/home/user/.m2/repository/io/grpc/grpc-api/1.33.0/grpc-api-1.33.0.jar:/home/user/.m2/repository/io/grpc/grpc-context/1.33.0/grpc-context-1.33.0.jar:/home/user/.m2/repository/com/google/api/grpc/proto-google-common-protos/1.17.0/proto-google-common-protos-1.17.0.jar:/home/user/.m2/repository/io/grpc/grpc-protobuf-lite/1.33.0/grpc-protobuf-lite-1.33.0.jar:/home/user/.m2/repository/io/grpc/grpc-stub/1.33.0/grpc-stub-1.33.0.jar:/home/user/.m2/repository/org/apache/hadoop/hadoop-ozone-recon/1.2.0-SNAPSHOT/hadoop-ozone-recon-1.2.0-SNAPSHOT.jar:/home/user/.m2/repository/org/apache/hadoop/hadoop-ozone-reconcodegen/1.2.0-SNAPSHOT/hadoop-ozone-reconcodegen-1.2.0-SNAPSHOT.jar:/home/user/.m2/repository/com/google/inject/extensions/guice-multibindings/4.0/guice-multibindings-4.0.jar:/home/user/.m2/repository/com/google/inject/guice/4.0/guice-4.0.jar:/home/user/.m2/repository/aopalliance/aopalliance/1.0/aopalliance-1.0.jar:/home/user/.m2/repository/com/google/inject/extensions/guice-assistedinject/4.0/guice-assistedinject-4.0.jar:/home/user/.m2/repository/com/google/inject/extensions/guice-servlet/4.0/guice-servlet-4.0.jar:/home/user/.m2/repository/org/glassfish/jersey/containers/jersey-container-servlet/2.33/jersey-container-servlet-2.33.jar:/home/user/.m2/repository/org/glassfish/hk2/guice-bridge/2.5.0/guice-bridge-2.5.0.jar:/home/user/.m2/repository/org/glassfish/jersey/core/jersey-server/2.33/jersey-server-2.33.jar:/home/user/.m2/repository/org/glassfish/jersey/core/jersey-client/2.33/jersey-client-2.33.jar:/home/user/.m2/repository/jakarta/annotation/jakarta.annotation-api/1.3.5/jakarta.annotation-api-1.3.5.jar:/home/user/.m2/repository/jakarta/validation/jakarta.validation-api/2.0.2/jakarta.validation-api-2.0.2.jar:/home/user/.m2/repository/org/glassfish/jersey/media/jersey-media-json-jackson/2.33/jersey-media-json-jackson-2.33.jar:/home/user/.m2/repository/org/glassfish/jersey/ext/jersey-entity-filtering/2.33/jersey-entity-filtering-2.33.jar:/home/user/.m2/repository/org/jooq/jooq/3.11.10/jooq-3.11.10.jar:/home/user/.m2/repository/org/jooq/jooq-meta/3.11.10/jooq-meta-3.11.10.jar:/home/user/.m2/repository/org/jooq/jooq-codegen/3.11.10/jooq-codegen-3.11.10.jar:/home/user/.m2/repository/com/jolbox/bonecp/0.8.0.RELEASE/bonecp-0.8.0.RELEASE.jar:/home/user/.m2/repository/org/apache/derby/derby/10.14.2.0/derby-10.14.2.0.jar:/home/user/.m2/repository/org/xerial/sqlite-jdbc/3.25.2/sqlite-jdbc-3.25.2.jar:/home/user/.m2/repository/org/springframework/spring-jdbc/5.2.11.RELEASE/spring-jdbc-5.2.11.RELEASE.jar:/home/user/.m2/repository/org/springframework/spring-beans/5.2.11.RELEASE/spring-beans-5.2.11.RELEASE.jar:/home/user/.m2/repository/org/springframework/spring-core/5.2.11.RELEASE/spring-core-5.2.11.RELEASE.jar:/home/user/.m2/repository/org/springframework/spring-jcl/5.2.11.RELEASE/spring-jcl-5.2.11.RELEASE.jar:/home/user/.m2/repository/org/springframework/spring-tx/5.2.11.RELEASE/spring-tx-5.2.11.RELEASE.jar:/home/user/.m2/repository/org/apache/hadoop/hadoop-ozone-client/1.2.0-SNAPSHOT/hadoop-ozone-client-1.2.0-SNAPSHOT.jar:/home/user/.m2/repository/org/apache/hadoop/hadoop-ozone-filesystem/1.2.0-SNAPSHOT/hadoop-ozone-filesystem-1.2.0-SNAPSHOT.jar:/home/user/.m2/repository/org/apache/hadoop/hadoop-ozone-filesystem-common/1.2.0-SNAPSHOT/hadoop-ozone-filesystem-common-1.2.0-SNAPSHOT.jar:/home/user/.m2/repository/org/apache/hadoop/hadoop-ozone-tools/1.2.0-SNAPSHOT/hadoop-ozone-tools-1.2.0-SNAPSHOT.jar:/home/user/.m2/repository/org/apache/ratis/ratis-tools/2.1.0-ff8aa66-SNAPSHOT/ratis-tools-2.1.0-ff8aa66-SNAPSHOT.jar:/home/user/.m2/repository/org/apache/ratis/ratis-proto/2.1.0-ff8aa66-SNAPSHOT/ratis-proto-2.1.0-ff8aa66-SNAPSHOT.jar:/home/user/.m2/repository/org/apache/ratis/ratis-common/2.1.0-ff8aa66-SNAPSHOT/ratis-common-2.1.0-ff8aa66-SNAPSHOT.jar:/home/user/.m2/repository/com/amazonaws/aws-java-sdk-core/1.11.901/aws-java-sdk-core-1.11.901.jar:/home/user/.m2/repository/org/apache/httpcomponents/httpclient/4.5.13/httpclient-4.5.13.jar:/home/user/.m2/repository/org/apache/httpcomponents/httpcore/4.4.13/httpcore-4.4.13.jar:/home/user/.m2/repository/software/amazon/ion/ion-java/1.0.2/ion-java-1.0.2.jar:/home/user/.m2/repository/com/fasterxml/jackson/dataformat/jackson-dataformat-cbor/2.12.1/jackson-dataformat-cbor-2.12.1.jar:/home/user/.m2/repository/joda-time/joda-time/2.8.1/joda-time-2.8.1.jar:/home/user/.m2/repository/com/amazonaws/aws-java-sdk-s3/1.11.901/aws-java-sdk-s3-1.11.901.jar:/home/user/.m2/repository/com/amazonaws/aws-java-sdk-kms/1.11.901/aws-java-sdk-kms-1.11.901.jar:/home/user/.m2/repository/com/amazonaws/jmespath-java/1.11.901/jmespath-java-1.11.901.jar:/home/user/.m2/repository/org/kohsuke/metainf-services/metainf-services/1.8/metainf-services-1.8.jar:/home/user/.m2/repository/org/apache/hadoop/hadoop-hdds-tools/1.2.0-SNAPSHOT/hadoop-hdds-tools-1.2.0-SNAPSHOT.jar:/home/user/.m2/repository/commons-cli/commons-cli/1.2/commons-cli-1.2.jar:/home/user/.m2/repository/org/apache/commons/commons-lang3/3.7/commons-lang3-3.7.jar:/home/user/.m2/repository/org/apache/hadoop/hadoop-ozone-ozone-manager/1.2.0-SNAPSHOT/hadoop-ozone-ozone-manager-1.2.0-SNAPSHOT-tests.jar:/home/user/.m2/repository/org/apache/hadoop/hadoop-hdds-common/1.2.0-SNAPSHOT/hadoop-hdds-common-1.2.0-SNAPSHOT-tests.jar:/home/user/.m2/repository/org/apache/hadoop/hadoop-hdds-hadoop-dependency-client/1.2.0-SNAPSHOT/hadoop-hdds-hadoop-dependency-client-1.2.0-SNAPSHOT.jar:/home/user/.m2/repository/info/picocli/picocli/4.4.0/picocli-4.4.0.jar:/home/user/.m2/repository/com/fasterxml/jackson/core/jackson-annotations/2.12.1/jackson-annotations-2.12.1.jar:/home/user/.m2/repository/javax/annotation/javax.annotation-api/1.2/javax.annotation-api-1.2.jar:/home/user/.m2/repository/org/fusesource/leveldbjni/leveldbjni-all/1.8/leveldbjni-all-1.8.jar:/home/user/.m2/repository/org/apache/ratis/ratis-server/2.1.0-ff8aa66-SNAPSHOT/ratis-server-2.1.0-ff8aa66-SNAPSHOT.jar:/home/user/.m2/repository/org/apache/ratis/ratis-client/2.1.0-ff8aa66-SNAPSHOT/ratis-client-2.1.0-ff8aa66-SNAPSHOT.jar:/home/user/.m2/repository/org/apache/ratis/ratis-server-api/2.1.0-ff8aa66-SNAPSHOT/ratis-server-api-2.1.0-ff8aa66-SNAPSHOT.jar:/home/user/.m2/repository/org/apache/ratis/ratis-metrics/2.1.0-ff8aa66-SNAPSHOT/ratis-metrics-2.1.0-ff8aa66-SNAPSHOT.jar:/home/user/.m2/repository/org/apache/ratis/ratis-netty/2.1.0-ff8aa66-SNAPSHOT/ratis-netty-2.1.0-ff8aa66-SNAPSHOT.jar:/home/user/.m2/repository/org/apache/ratis/ratis-grpc/2.1.0-ff8aa66-SNAPSHOT/ratis-grpc-2.1.0-ff8aa66-SNAPSHOT.jar:/home/user/.m2/repository/org/apache/logging/log4j/log4j-api/2.13.3/log4j-api-2.13.3.jar:/home/user/.m2/repository/org/apache/logging/log4j/log4j-core/2.13.3/log4j-core-2.13.3.jar:/home/user/.m2/repository/com/lmax/disruptor/3.4.2/disruptor-3.4.2.jar:/home/user/.m2/repository/org/apache/commons/commons-pool2/2.6.0/commons-pool2-2.6.0.jar:/home/user/.m2/repository/org/bouncycastle/bcpkix-jdk15on/1.67/bcpkix-jdk15on-1.67.jar:/home/user/.m2/repository/commons-validator/commons-validator/1.6/commons-validator-1.6.jar:/home/user/.m2/repository/commons-beanutils/commons-beanutils/1.9.4/commons-beanutils-1.9.4.jar:/home/user/.m2/repository/commons-digester/commons-digester/1.8.1/commons-digester-1.8.1.jar:/home/user/.m2/repository/commons-collections/commons-collections/3.2.2/commons-collections-3.2.2.jar:/home/user/.m2/repository/io/jaegertracing/jaeger-client/1.6.0/jaeger-client-1.6.0.jar:/home/user/.m2/repository/io/jaegertracing/jaeger-thrift/1.6.0/jaeger-thrift-1.6.0.jar:/home/user/.m2/repository/org/apache/thrift/libthrift/0.14.1/libthrift-0.14.1.jar:/home/user/.m2/repository/com/squareup/okhttp3/okhttp/4.9.0/okhttp-4.9.0.jar:/home/user/.m2/repository/com/squareup/okio/okio/2.8.0/okio-2.8.0.jar:/home/user/.m2/repository/io/jaegertracing/jaeger-core/1.6.0/jaeger-core-1.6.0.jar:/home/user/.m2/repository/io/jaegertracing/jaeger-tracerresolver/1.6.0/jaeger-tracerresolver-1.6.0.jar:/home/user/.m2/repository/io/opentracing/contrib/opentracing-tracerresolver/0.1.8/opentracing-tracerresolver-0.1.8.jar:/home/user/.m2/repository/org/jetbrains/kotlin/kotlin-stdlib/1.4.31/kotlin-stdlib-1.4.31.jar:/home/user/.m2/repository/org/jetbrains/kotlin/kotlin-stdlib-common/1.4.31/kotlin-stdlib-common-1.4.31.jar:/home/user/.m2/repository/org/jetbrains/annotations/13.0/annotations-13.0.jar:/home/user/.m2/repository/io/opentracing/opentracing-util/0.33.0/opentracing-util-0.33.0.jar:/home/user/.m2/repository/io/opentracing/opentracing-api/0.33.0/opentracing-api-0.33.0.jar:/home/user/.m2/repository/io/opentracing/opentracing-noop/0.33.0/opentracing-noop-0.33.0.jar:/home/user/.m2/repository/org/yaml/snakeyaml/1.26/snakeyaml-1.26.jar:/home/user/.m2/repository/org/apache/hadoop/hadoop-hdds-interface-admin/1.2.0-SNAPSHOT/hadoop-hdds-interface-admin-1.2.0-SNAPSHOT.jar:/home/user/.m2/repository/junit/junit/4.13.1/junit-4.13.1.jar:/home/user/.m2/repository/org/hamcrest/hamcrest-core/1.3/hamcrest-core-1.3.jar:/home/user/.m2/repository/org/junit/jupiter/junit-jupiter-api/5.7.0/junit-jupiter-api-5.7.0.jar:/home/user/.m2/repository/org/apiguardian/apiguardian-api/1.1.0/apiguardian-api-1.1.0.jar:/home/user/.m2/repository/org/opentest4j/opentest4j/1.2.0/opentest4j-1.2.0.jar:/home/user/.m2/repository/org/junit/platform/junit-platform-commons/1.7.0/junit-platform-commons-1.7.0.jar:/home/user/.m2/repository/org/junit/jupiter/junit-jupiter-engine/5.7.0/junit-jupiter-engine-5.7.0.jar:/home/user/.m2/repository/org/junit/platform/junit-platform-engine/1.7.0/junit-platform-engine-1.7.0.jar:/home/user/.m2/repository/org/junit/vintage/junit-vintage-engine/5.7.0/junit-vintage-engine-5.7.0.jar:/home/user/.m2/repository/org/junit/platform/junit-platform-launcher/1.7.0/junit-platform-launcher-1.7.0.jar:/home/user/.m2/repository/org/openjdk/jmh/jmh-core/1.19/jmh-core-1.19.jar:/home/user/.m2/repository/net/sf/jopt-simple/jopt-simple/4.6/jopt-simple-4.6.jar:/home/user/.m2/repository/org/apache/commons/commons-math3/3.1.1/commons-math3-3.1.1.jar:/home/user/.m2/repository/org/openjdk/jmh/jmh-generator-annprocess/1.19/jmh-generator-annprocess-1.19.jar:/home/user/.m2/repository/org/mockito/mockito-all/1.8.5/mockito-all-1.8.5.jar:/home/user/.m2/repository/org/apache/hadoop/hadoop-kms/3.2.2/hadoop-kms-3.2.2.jar:/home/user/.m2/repository/org/apache/hadoop/hadoop-auth/3.2.2/hadoop-auth-3.2.2.jar:/home/user/.m2/repository/com/nimbusds/nimbus-jose-jwt/7.9/nimbus-jose-jwt-7.9.jar:/home/user/.m2/repository/com/github/stephenc/jcip/jcip-annotations/1.0-1/jcip-annotations-1.0-1.jar:/home/user/.m2/repository/net/minidev/json-smart/2.3/json-smart-2.3.jar:/home/user/.m2/repository/net/minidev/accessors-smart/1.2/accessors-smart-1.2.jar:/home/user/.m2/repository/org/ow2/asm/asm/5.0.4/asm-5.0.4.jar:/home/user/.m2/repository/org/apache/zookeeper/zookeeper/3.4.13/zookeeper-3.4.13.jar:/home/user/.m2/repository/org/apache/yetus/audience-annotations/0.5.0/audience-annotations-0.5.0.jar:/home/user/.m2/repository/org/apache/curator/curator-framework/2.13.0/curator-framework-2.13.0.jar:/home/user/.m2/repository/com/sun/jersey/jersey-core/1.19/jersey-core-1.19.jar:/home/user/.m2/repository/javax/ws/rs/jsr311-api/1.1.1/jsr311-api-1.1.1.jar:/home/user/.m2/repository/com/sun/jersey/jersey-server/1.19/jersey-server-1.19.jar:/home/user/.m2/repository/javax/servlet/javax.servlet-api/3.1.0/javax.servlet-api-3.1.0.jar:/home/user/.m2/repository/org/eclipse/jetty/jetty-server/9.4.35.v20201120/jetty-server-9.4.35.v20201120.jar:/home/user/.m2/repository/org/eclipse/jetty/jetty-http/9.4.35.v20201120/jetty-http-9.4.35.v20201120.jar:/home/user/.m2/repository/org/eclipse/jetty/jetty-io/9.4.35.v20201120/jetty-io-9.4.35.v20201120.jar:/home/user/.m2/repository/org/eclipse/jetty/jetty-webapp/9.4.35.v20201120/jetty-webapp-9.4.35.v20201120.jar:/home/user/.m2/repository/org/eclipse/jetty/jetty-xml/9.4.35.v20201120/jetty-xml-9.4.35.v20201120.jar:/home/user/.m2/repository/org/apache/hadoop/hadoop-common/3.2.2/hadoop-common-3.2.2.jar:/home/user/.m2/repository/commons-net/commons-net/3.6/commons-net-3.6.jar:/home/user/.m2/repository/javax/activation/javax.activation-api/1.2.0/javax.activation-api-1.2.0.jar:/home/user/.m2/repository/com/sun/jersey/jersey-servlet/1.19/jersey-servlet-1.19.jar:/home/user/.m2/repository/com/sun/jersey/jersey-json/1.19/jersey-json-1.19.jar:/home/user/.m2/repository/org/codehaus/jettison/jettison/1.1/jettison-1.1.jar:/home/user/.m2/repository/com/sun/xml/bind/jaxb-impl/2.2.3-1/jaxb-impl-2.2.3-1.jar:/home/user/.m2/repository/org/codehaus/jackson/jackson-jaxrs/1.9.2/jackson-jaxrs-1.9.2.jar:/home/user/.m2/repository/org/codehaus/jackson/jackson-xc/1.9.2/jackson-xc-1.9.2.jar:/home/user/.m2/repository/org/apache/commons/commons-configuration2/2.1.1/commons-configuration2-2.1.1.jar:/home/user/.m2/repository/org/apache/commons/commons-text/1.4/commons-text-1.4.jar:/home/user/.m2/repository/com/google/re2j/re2j/1.1/re2j-1.1.jar:/home/user/.m2/repository/com/jcraft/jsch/0.1.54/jsch-0.1.54.jar:/home/user/.m2/repository/org/apache/curator/curator-client/2.13.0/curator-client-2.13.0.jar:/home/user/.m2/repository/org/apache/curator/curator-recipes/2.13.0/curator-recipes-2.13.0.jar:/home/user/.m2/repository/dnsjava/dnsjava/2.1.7/dnsjava-2.1.7.jar:/home/user/.m2/repository/org/slf4j/jul-to-slf4j/1.7.30/jul-to-slf4j-1.7.30.jar:/home/user/.m2/repository/org/eclipse/jetty/jetty-util/9.4.35.v20201120/jetty-util-9.4.35.v20201120.jar:/home/user/.m2/repository/com/fasterxml/jackson/core/jackson-databind/2.12.1/jackson-databind-2.12.1.jar:/home/user/.m2/repository/org/apache/hadoop/hadoop-kms/3.2.2/hadoop-kms-3.2.2-tests.jar:/home/user/.m2/repository/org/apache/hadoop/hadoop-hdds-server-scm/1.2.0-SNAPSHOT/hadoop-hdds-server-scm-1.2.0-SNAPSHOT-tests.jar:/home/user/.m2/repository/org/apache/hadoop/hadoop-hdds-container-service/1.2.0-SNAPSHOT/hadoop-hdds-container-service-1.2.0-SNAPSHOT-tests.jar:/home/user/.m2/repository/commons-codec/commons-codec/1.11/commons-codec-1.11.jar:/home/user/.m2/repository/org/apache/hadoop/hadoop-hdds-hadoop-dependency-test/1.2.0-SNAPSHOT/hadoop-hdds-hadoop-dependency-test-1.2.0-SNAPSHOT.jar:/home/user/.m2/repository/org/apache/hadoop/hadoop-common/3.2.2/hadoop-common-3.2.2-tests.jar:/home/user/.m2/repository/org/apache/hadoop/hadoop-hdfs/3.2.2/hadoop-hdfs-3.2.2-tests.jar:/home/user/.m2/repository/org/eclipse/jetty/jetty-util-ajax/9.4.35.v20201120/jetty-util-ajax-9.4.35.v20201120.jar:/home/user/.m2/repository/commons-daemon/commons-daemon/1.0.13/commons-daemon-1.0.13.jar:/home/user/.m2/repository/io/netty/netty/3.10.6.Final/netty-3.10.6.Final.jar:/home/user/.m2/repository/io/netty/netty-all/4.1.63.Final/netty-all-4.1.63.Final.jar:/home/user/.m2/repository/org/apache/htrace/htrace-core4/4.1.0-incubating/htrace-core4-4.1.0-incubating.jar:/home/user/.m2/repository/org/apache/hadoop/hadoop-distcp/3.2.2/hadoop-distcp-3.2.2.jar:/home/user/.m2/repository/org/apache/hadoop/hadoop-mapreduce-client-jobclient/3.2.2/hadoop-mapreduce-client-jobclient-3.2.2.jar:/home/user/.m2/repository/org/apache/hadoop/hadoop-mapreduce-client-common/3.2.2/hadoop-mapreduce-client-common-3.2.2.jar:/home/user/.m2/repository/org/apache/hadoop/hadoop-yarn-common/3.2.2/hadoop-yarn-common-3.2.2.jar:/home/user/.m2/repository/org/apache/hadoop/hadoop-yarn-api/3.2.2/hadoop-yarn-api-3.2.2.jar:/home/user/.m2/repository/com/sun/jersey/jersey-client/1.19/jersey-client-1.19.jar:/home/user/.m2/repository/com/sun/jersey/contribs/jersey-guice/1.19/jersey-guice-1.19.jar:/home/user/.m2/repository/com/fasterxml/jackson/jaxrs/jackson-jaxrs-json-provider/2.12.1/jackson-jaxrs-json-provider-2.12.1.jar:/home/user/.m2/repository/com/fasterxml/jackson/jaxrs/jackson-jaxrs-base/2.12.1/jackson-jaxrs-base-2.12.1.jar:/home/user/.m2/repository/org/apache/hadoop/hadoop-yarn-client/3.2.2/hadoop-yarn-client-3.2.2.jar:/home/user/.m2/repository/org/apache/hadoop/hadoop-mapreduce-client-core/3.2.2/hadoop-mapreduce-client-core-3.2.2.jar:/home/user/.m2/repository/org/apache/avro/avro/1.7.7/avro-1.7.7.jar:/home/user/.m2/repository/org/codehaus/jackson/jackson-core-asl/1.9.13/jackson-core-asl-1.9.13.jar:/home/user/.m2/repository/org/codehaus/jackson/jackson-mapper-asl/1.9.13/jackson-mapper-asl-1.9.13.jar:/home/user/.m2/repository/com/thoughtworks/paranamer/paranamer/2.3/paranamer-2.3.jar:/home/user/.m2/repository/org/xerial/snappy/snappy-java/1.0.5/snappy-java-1.0.5.jar:/home/user/.m2/repository/org/apache/hadoop/hadoop-annotations/3.2.2/hadoop-annotations-3.2.2.jar:/usr/lib/jvm/java-1.8.0-openjdk-1.8.0.232.b09-0.el7_7.x86_64/jre/../lib/tools.jar:/home/user/.m2/repository/org/apache/hadoop/hadoop-distcp/3.2.2/hadoop-distcp-3.2.2-tests.jar:"/>
    <property name="java.vm.vendor" value="Oracle Corporation"/>
    <property name="sun.arch.data.model" value="64"/>
    <property name="test.build.dir" value="/github/workspace/mnt/ozone/hadoop-ozone/integration-test/target/test-dir"/>
    <property name="test.cache.data" value=""/>
    <property name="java.vendor.url" value="http://java.oracle.com/"/>
    <property name="user.timezone" value=""/>
    <property name="java.vm.specification.version" value="1.8"/>
    <property name="os.name" value="Linux"/>
    <property name="test.build.data" value="/github/workspace/mnt/ozone/hadoop-ozone/integration-test/target/test-dir"/>
    <property name="user.country" value="US"/>
    <property name="sun.java.launcher" value="SUN_STANDARD"/>
    <property name="sun.boot.library.path" value="/usr/lib/jvm/java-1.8.0-openjdk-1.8.0.232.b09-0.el7_7.x86_64/jre/lib/amd64"/>
    <property name="sun.java.command" value="/github/workspace/mnt/ozone/hadoop-ozone/integration-test/target/surefire/surefirebooter5172769903795962809.jar /github/workspace/mnt/ozone/hadoop-ozone/integration-test/target/surefire 2021-05-21T13-38-38_091-jvmRun1 surefire7005590307607444309tmp surefire_529089059110787498190tmp"/>
    <property name="surefire.test.class.path" value="/github/workspace/mnt/ozone/hadoop-ozone/integration-test/target/test-classes:/github/workspace/mnt/ozone/hadoop-ozone/integration-test/target/classes:/home/user/.m2/repository/org/apache/hadoop/hadoop-ozone-common/1.2.0-SNAPSHOT/hadoop-ozone-common-1.2.0-SNAPSHOT.jar:/home/user/.m2/repository/org/apache/commons/commons-compress/1.20/commons-compress-1.20.jar:/home/user/.m2/repository/org/apache/hadoop/hadoop-hdds-common/1.2.0-SNAPSHOT/hadoop-hdds-common-1.2.0-SNAPSHOT.jar:/home/user/.m2/repository/org/apache/hadoop/hadoop-hdds-client/1.2.0-SNAPSHOT/hadoop-hdds-client-1.2.0-SNAPSHOT.jar:/home/user/.m2/repository/org/apache/hadoop/hadoop-ozone-interface-client/1.2.0-SNAPSHOT/hadoop-ozone-interface-client-1.2.0-SNAPSHOT.jar:/home/user/.m2/repository/org/apache/hadoop/hadoop-hdds-test-utils/1.2.0-SNAPSHOT/hadoop-hdds-test-utils-1.2.0-SNAPSHOT.jar:/home/user/.m2/repository/com/google/guava/guava/30.1.1-jre/guava-30.1.1-jre.jar:/home/user/.m2/repository/com/google/guava/failureaccess/1.0.1/failureaccess-1.0.1.jar:/home/user/.m2/repository/com/google/guava/listenablefuture/9999.0-empty-to-avoid-conflict-with-guava/listenablefuture-9999.0-empty-to-avoid-conflict-with-guava.jar:/home/user/.m2/repository/com/google/code/findbugs/jsr305/3.0.0/jsr305-3.0.0.jar:/home/user/.m2/repository/org/checkerframework/checker-qual/3.8.0/checker-qual-3.8.0.jar:/home/user/.m2/repository/com/google/errorprone/error_prone_annotations/2.2.0/error_prone_annotations-2.2.0.jar:/home/user/.m2/repository/com/google/j2objc/j2objc-annotations/1.3/j2objc-annotations-1.3.jar:/home/user/.m2/repository/commons-io/commons-io/2.8.0/commons-io-2.8.0.jar:/home/user/.m2/repository/commons-logging/commons-logging/1.2/commons-logging-1.2.jar:/home/user/.m2/repository/log4j/log4j/1.2.17/log4j-1.2.17.jar:/home/user/.m2/repository/org/slf4j/slf4j-api/1.7.30/slf4j-api-1.7.30.jar:/home/user/.m2/repository/org/apache/hadoop/hadoop-hdds-server-scm/1.2.0-SNAPSHOT/hadoop-hdds-server-scm-1.2.0-SNAPSHOT.jar:/home/user/.m2/repository/org/apache/hadoop/hadoop-hdds-container-service/1.2.0-SNAPSHOT/hadoop-hdds-container-service-1.2.0-SNAPSHOT.jar:/home/user/.m2/repository/org/apache/hadoop/hadoop-hdds-hadoop-dependency-server/1.2.0-SNAPSHOT/hadoop-hdds-hadoop-dependency-server-1.2.0-SNAPSHOT.jar:/home/user/.m2/repository/org/apache/hadoop/hadoop-hdfs/3.2.2/hadoop-hdfs-3.2.2.jar:/home/user/.m2/repository/org/apache/hadoop/hadoop-hdds-server-framework/1.2.0-SNAPSHOT/hadoop-hdds-server-framework-1.2.0-SNAPSHOT.jar:/home/user/.m2/repository/org/apache/hadoop/hadoop-hdds-interface-server/1.2.0-SNAPSHOT/hadoop-hdds-interface-server-1.2.0-SNAPSHOT.jar:/home/user/.m2/repository/org/eclipse/jetty/jetty-servlet/9.4.35.v20201120/jetty-servlet-9.4.35.v20201120.jar:/home/user/.m2/repository/org/eclipse/jetty/jetty-security/9.4.35.v20201120/jetty-security-9.4.35.v20201120.jar:/home/user/.m2/repository/org/rocksdb/rocksdbjni/6.20.3/rocksdbjni-6.20.3.jar:/home/user/.m2/repository/io/prometheus/simpleclient_dropwizard/0.7.0/simpleclient_dropwizard-0.7.0.jar:/home/user/.m2/repository/io/prometheus/simpleclient/0.7.0/simpleclient-0.7.0.jar:/home/user/.m2/repository/io/prometheus/simpleclient_common/0.7.0/simpleclient_common-0.7.0.jar:/home/user/.m2/repository/com/fasterxml/jackson/datatype/jackson-datatype-jsr310/2.12.1/jackson-datatype-jsr310-2.12.1.jar:/home/user/.m2/repository/io/dropwizard/metrics/metrics-core/3.2.4/metrics-core-3.2.4.jar:/home/user/.m2/repository/org/apache/hadoop/hadoop-hdfs-client/3.2.2/hadoop-hdfs-client-3.2.2.jar:/home/user/.m2/repository/org/bouncycastle/bcprov-jdk15on/1.67/bcprov-jdk15on-1.67.jar:/home/user/.m2/repository/com/google/protobuf/protobuf-java/2.5.0/protobuf-java-2.5.0.jar:/home/user/.m2/repository/org/apache/hadoop/hadoop-ozone-ozone-manager/1.2.0-SNAPSHOT/hadoop-ozone-ozone-manager-1.2.0-SNAPSHOT.jar:/home/user/.m2/repository/org/apache/hadoop/hadoop-hdds-interface-client/1.2.0-SNAPSHOT/hadoop-hdds-interface-client-1.2.0-SNAPSHOT.jar:/home/user/.m2/repository/org/apache/ratis/ratis-thirdparty-misc/0.7.0-a398b19-SNAPSHOT/ratis-thirdparty-misc-0.7.0-a398b19-SNAPSHOT.jar:/home/user/.m2/repository/org/apache/hadoop/hadoop-ozone-interface-storage/1.2.0-SNAPSHOT/hadoop-ozone-interface-storage-1.2.0-SNAPSHOT.jar:/home/user/.m2/repository/org/apache/hadoop/hadoop-minikdc/3.2.2/hadoop-minikdc-3.2.2.jar:/home/user/.m2/repository/org/apache/kerby/kerb-simplekdc/1.0.1/kerb-simplekdc-1.0.1.jar:/home/user/.m2/repository/org/apache/kerby/kerb-client/1.0.1/kerb-client-1.0.1.jar:/home/user/.m2/repository/org/apache/kerby/kerby-config/1.0.1/kerby-config-1.0.1.jar:/home/user/.m2/repository/org/apache/kerby/kerb-core/1.0.1/kerb-core-1.0.1.jar:/home/user/.m2/repository/org/apache/kerby/kerby-pkix/1.0.1/kerby-pkix-1.0.1.jar:/home/user/.m2/repository/org/apache/kerby/kerby-asn1/1.0.1/kerby-asn1-1.0.1.jar:/home/user/.m2/repository/org/apache/kerby/kerby-util/1.0.1/kerby-util-1.0.1.jar:/home/user/.m2/repository/org/apache/kerby/kerb-common/1.0.1/kerb-common-1.0.1.jar:/home/user/.m2/repository/org/apache/kerby/kerb-crypto/1.0.1/kerb-crypto-1.0.1.jar:/home/user/.m2/repository/org/apache/kerby/kerb-util/1.0.1/kerb-util-1.0.1.jar:/home/user/.m2/repository/org/apache/kerby/token-provider/1.0.1/token-provider-1.0.1.jar:/home/user/.m2/repository/org/apache/kerby/kerb-admin/1.0.1/kerb-admin-1.0.1.jar:/home/user/.m2/repository/org/apache/kerby/kerb-server/1.0.1/kerb-server-1.0.1.jar:/home/user/.m2/repository/org/apache/kerby/kerb-identity/1.0.1/kerb-identity-1.0.1.jar:/home/user/.m2/repository/org/apache/kerby/kerby-xdr/1.0.1/kerby-xdr-1.0.1.jar:/home/user/.m2/repository/org/slf4j/slf4j-log4j12/1.7.30/slf4j-log4j12-1.7.30.jar:/home/user/.m2/repository/org/apache/hadoop/hadoop-ozone-s3gateway/1.2.0-SNAPSHOT/hadoop-ozone-s3gateway-1.2.0-SNAPSHOT.jar:/home/user/.m2/repository/org/jboss/weld/servlet/weld-servlet/2.4.7.Final/weld-servlet-2.4.7.Final.jar:/home/user/.m2/repository/org/glassfish/jersey/containers/jersey-container-servlet-core/2.33/jersey-container-servlet-core-2.33.jar:/home/user/.m2/repository/org/glassfish/hk2/external/jakarta.inject/2.6.1/jakarta.inject-2.6.1.jar:/home/user/.m2/repository/org/glassfish/jersey/core/jersey-common/2.33/jersey-common-2.33.jar:/home/user/.m2/repository/jakarta/ws/rs/jakarta.ws.rs-api/2.1.6/jakarta.ws.rs-api-2.1.6.jar:/home/user/.m2/repository/org/glassfish/jersey/ext/cdi/jersey-cdi1x/2.33/jersey-cdi1x-2.33.jar:/home/user/.m2/repository/org/glassfish/jersey/inject/jersey-hk2/2.33/jersey-hk2-2.33.jar:/home/user/.m2/repository/org/glassfish/hk2/hk2-locator/2.6.1/hk2-locator-2.6.1.jar:/home/user/.m2/repository/org/javassist/javassist/3.25.0-GA/javassist-3.25.0-GA.jar:/home/user/.m2/repository/org/glassfish/jersey/media/jersey-media-jaxb/2.33/jersey-media-jaxb-2.33.jar:/home/user/.m2/repository/org/glassfish/hk2/osgi-resource-locator/1.0.3/osgi-resource-locator-1.0.3.jar:/home/user/.m2/repository/org/glassfish/hk2/hk2-api/2.5.0/hk2-api-2.5.0.jar:/home/user/.m2/repository/org/glassfish/hk2/hk2-utils/2.5.0/hk2-utils-2.5.0.jar:/home/user/.m2/repository/org/glassfish/hk2/external/aopalliance-repackaged/2.5.0/aopalliance-repackaged-2.5.0.jar:/home/user/.m2/repository/com/fasterxml/jackson/dataformat/jackson-dataformat-xml/2.12.1/jackson-dataformat-xml-2.12.1.jar:/home/user/.m2/repository/com/fasterxml/jackson/core/jackson-core/2.12.1/jackson-core-2.12.1.jar:/home/user/.m2/repository/com/fasterxml/jackson/module/jackson-module-jaxb-annotations/2.12.1/jackson-module-jaxb-annotations-2.12.1.jar:/home/user/.m2/repository/jakarta/xml/bind/jakarta.xml.bind-api/2.3.2/jakarta.xml.bind-api-2.3.2.jar:/home/user/.m2/repository/jakarta/activation/jakarta.activation-api/1.2.1/jakarta.activation-api-1.2.1.jar:/home/user/.m2/repository/org/codehaus/woodstox/stax2-api/3.1.4/stax2-api-3.1.4.jar:/home/user/.m2/repository/com/fasterxml/woodstox/woodstox-core/5.0.3/woodstox-core-5.0.3.jar:/home/user/.m2/repository/javax/enterprise/cdi-api/1.2/cdi-api-1.2.jar:/home/user/.m2/repository/javax/el/javax.el-api/3.0.0/javax.el-api-3.0.0.jar:/home/user/.m2/repository/javax/interceptor/javax.interceptor-api/1.2/javax.interceptor-api-1.2.jar:/home/user/.m2/repository/javax/inject/javax.inject/1/javax.inject-1.jar:/home/user/.m2/repository/javax/xml/bind/jaxb-api/2.3.0/jaxb-api-2.3.0.jar:/home/user/.m2/repository/org/glassfish/jaxb/jaxb-runtime/2.3.0.1/jaxb-runtime-2.3.0.1.jar:/home/user/.m2/repository/org/glassfish/jaxb/jaxb-core/2.3.0.1/jaxb-core-2.3.0.1.jar:/home/user/.m2/repository/org/glassfish/jaxb/txw2/2.3.0.1/txw2-2.3.0.1.jar:/home/user/.m2/repository/com/sun/istack/istack-commons-runtime/3.0.5/istack-commons-runtime-3.0.5.jar:/home/user/.m2/repository/org/jvnet/staxex/stax-ex/1.7.8/stax-ex-1.7.8.jar:/home/user/.m2/repository/com/sun/xml/fastinfoset/FastInfoset/1.2.13/FastInfoset-1.2.13.jar:/home/user/.m2/repository/javax/activation/activation/1.1.1/activation-1.1.1.jar:/home/user/.m2/repository/org/apache/hadoop/hadoop-ozone-csi/1.2.0-SNAPSHOT/hadoop-ozone-csi-1.2.0-SNAPSHOT.jar:/home/user/.m2/repository/com/google/protobuf/protobuf-java-util/3.12.0/protobuf-java-util-3.12.0.jar:/home/user/.m2/repository/com/google/code/gson/gson/2.2.4/gson-2.2.4.jar:/home/user/.m2/repository/org/apache/hadoop/hadoop-hdds-config/1.2.0-SNAPSHOT/hadoop-hdds-config-1.2.0-SNAPSHOT.jar:/home/user/.m2/repository/io/grpc/grpc-netty/1.33.0/grpc-netty-1.33.0.jar:/home/user/.m2/repository/io/grpc/grpc-core/1.33.0/grpc-core-1.33.0.jar:/home/user/.m2/repository/com/google/android/annotations/4.1.1.4/annotations-4.1.1.4.jar:/home/user/.m2/repository/io/netty/netty-codec-http2/4.1.51.Final/netty-codec-http2-4.1.51.Final.jar:/home/user/.m2/repository/io/netty/netty-codec/4.1.51.Final/netty-codec-4.1.51.Final.jar:/home/user/.m2/repository/io/netty/netty-handler/4.1.51.Final/netty-handler-4.1.51.Final.jar:/home/user/.m2/repository/io/netty/netty-codec-http/4.1.51.Final/netty-codec-http-4.1.51.Final.jar:/home/user/.m2/repository/io/netty/netty-handler-proxy/4.1.51.Final/netty-handler-proxy-4.1.51.Final.jar:/home/user/.m2/repository/io/netty/netty-codec-socks/4.1.51.Final/netty-codec-socks-4.1.51.Final.jar:/home/user/.m2/repository/io/perfmark/perfmark-api/0.19.0/perfmark-api-0.19.0.jar:/home/user/.m2/repository/org/codehaus/mojo/animal-sniffer-annotations/1.18/animal-sniffer-annotations-1.18.jar:/home/user/.m2/repository/io/netty/netty-transport-native-epoll/4.1.63.Final/netty-transport-native-epoll-4.1.63.Final.jar:/home/user/.m2/repository/io/netty/netty-common/4.1.63.Final/netty-common-4.1.63.Final.jar:/home/user/.m2/repository/io/netty/netty-buffer/4.1.63.Final/netty-buffer-4.1.63.Final.jar:/home/user/.m2/repository/io/netty/netty-transport/4.1.63.Final/netty-transport-4.1.63.Final.jar:/home/user/.m2/repository/io/netty/netty-resolver/4.1.63.Final/netty-resolver-4.1.63.Final.jar:/home/user/.m2/repository/io/netty/netty-transport-native-unix-common/4.1.63.Final/netty-transport-native-unix-common-4.1.63.Final.jar:/home/user/.m2/repository/io/grpc/grpc-protobuf/1.33.0/grpc-protobuf-1.33.0.jar:/home/user/.m2/repository/io/grpc/grpc-api/1.33.0/grpc-api-1.33.0.jar:/home/user/.m2/repository/io/grpc/grpc-context/1.33.0/grpc-context-1.33.0.jar:/home/user/.m2/repository/com/google/api/grpc/proto-google-common-protos/1.17.0/proto-google-common-protos-1.17.0.jar:/home/user/.m2/repository/io/grpc/grpc-protobuf-lite/1.33.0/grpc-protobuf-lite-1.33.0.jar:/home/user/.m2/repository/io/grpc/grpc-stub/1.33.0/grpc-stub-1.33.0.jar:/home/user/.m2/repository/org/apache/hadoop/hadoop-ozone-recon/1.2.0-SNAPSHOT/hadoop-ozone-recon-1.2.0-SNAPSHOT.jar:/home/user/.m2/repository/org/apache/hadoop/hadoop-ozone-reconcodegen/1.2.0-SNAPSHOT/hadoop-ozone-reconcodegen-1.2.0-SNAPSHOT.jar:/home/user/.m2/repository/com/google/inject/extensions/guice-multibindings/4.0/guice-multibindings-4.0.jar:/home/user/.m2/repository/com/google/inject/guice/4.0/guice-4.0.jar:/home/user/.m2/repository/aopalliance/aopalliance/1.0/aopalliance-1.0.jar:/home/user/.m2/repository/com/google/inject/extensions/guice-assistedinject/4.0/guice-assistedinject-4.0.jar:/home/user/.m2/repository/com/google/inject/extensions/guice-servlet/4.0/guice-servlet-4.0.jar:/home/user/.m2/repository/org/glassfish/jersey/containers/jersey-container-servlet/2.33/jersey-container-servlet-2.33.jar:/home/user/.m2/repository/org/glassfish/hk2/guice-bridge/2.5.0/guice-bridge-2.5.0.jar:/home/user/.m2/repository/org/glassfish/jersey/core/jersey-server/2.33/jersey-server-2.33.jar:/home/user/.m2/repository/org/glassfish/jersey/core/jersey-client/2.33/jersey-client-2.33.jar:/home/user/.m2/repository/jakarta/annotation/jakarta.annotation-api/1.3.5/jakarta.annotation-api-1.3.5.jar:/home/user/.m2/repository/jakarta/validation/jakarta.validation-api/2.0.2/jakarta.validation-api-2.0.2.jar:/home/user/.m2/repository/org/glassfish/jersey/media/jersey-media-json-jackson/2.33/jersey-media-json-jackson-2.33.jar:/home/user/.m2/repository/org/glassfish/jersey/ext/jersey-entity-filtering/2.33/jersey-entity-filtering-2.33.jar:/home/user/.m2/repository/org/jooq/jooq/3.11.10/jooq-3.11.10.jar:/home/user/.m2/repository/org/jooq/jooq-meta/3.11.10/jooq-meta-3.11.10.jar:/home/user/.m2/repository/org/jooq/jooq-codegen/3.11.10/jooq-codegen-3.11.10.jar:/home/user/.m2/repository/com/jolbox/bonecp/0.8.0.RELEASE/bonecp-0.8.0.RELEASE.jar:/home/user/.m2/repository/org/apache/derby/derby/10.14.2.0/derby-10.14.2.0.jar:/home/user/.m2/repository/org/xerial/sqlite-jdbc/3.25.2/sqlite-jdbc-3.25.2.jar:/home/user/.m2/repository/org/springframework/spring-jdbc/5.2.11.RELEASE/spring-jdbc-5.2.11.RELEASE.jar:/home/user/.m2/repository/org/springframework/spring-beans/5.2.11.RELEASE/spring-beans-5.2.11.RELEASE.jar:/home/user/.m2/repository/org/springframework/spring-core/5.2.11.RELEASE/spring-core-5.2.11.RELEASE.jar:/home/user/.m2/repository/org/springframework/spring-jcl/5.2.11.RELEASE/spring-jcl-5.2.11.RELEASE.jar:/home/user/.m2/repository/org/springframework/spring-tx/5.2.11.RELEASE/spring-tx-5.2.11.RELEASE.jar:/home/user/.m2/repository/org/apache/hadoop/hadoop-ozone-client/1.2.0-SNAPSHOT/hadoop-ozone-client-1.2.0-SNAPSHOT.jar:/home/user/.m2/repository/org/apache/hadoop/hadoop-ozone-filesystem/1.2.0-SNAPSHOT/hadoop-ozone-filesystem-1.2.0-SNAPSHOT.jar:/home/user/.m2/repository/org/apache/hadoop/hadoop-ozone-filesystem-common/1.2.0-SNAPSHOT/hadoop-ozone-filesystem-common-1.2.0-SNAPSHOT.jar:/home/user/.m2/repository/org/apache/hadoop/hadoop-ozone-tools/1.2.0-SNAPSHOT/hadoop-ozone-tools-1.2.0-SNAPSHOT.jar:/home/user/.m2/repository/org/apache/ratis/ratis-tools/2.1.0-ff8aa66-SNAPSHOT/ratis-tools-2.1.0-ff8aa66-SNAPSHOT.jar:/home/user/.m2/repository/org/apache/ratis/ratis-proto/2.1.0-ff8aa66-SNAPSHOT/ratis-proto-2.1.0-ff8aa66-SNAPSHOT.jar:/home/user/.m2/repository/org/apache/ratis/ratis-common/2.1.0-ff8aa66-SNAPSHOT/ratis-common-2.1.0-ff8aa66-SNAPSHOT.jar:/home/user/.m2/repository/com/amazonaws/aws-java-sdk-core/1.11.901/aws-java-sdk-core-1.11.901.jar:/home/user/.m2/repository/org/apache/httpcomponents/httpclient/4.5.13/httpclient-4.5.13.jar:/home/user/.m2/repository/org/apache/httpcomponents/httpcore/4.4.13/httpcore-4.4.13.jar:/home/user/.m2/repository/software/amazon/ion/ion-java/1.0.2/ion-java-1.0.2.jar:/home/user/.m2/repository/com/fasterxml/jackson/dataformat/jackson-dataformat-cbor/2.12.1/jackson-dataformat-cbor-2.12.1.jar:/home/user/.m2/repository/joda-time/joda-time/2.8.1/joda-time-2.8.1.jar:/home/user/.m2/repository/com/amazonaws/aws-java-sdk-s3/1.11.901/aws-java-sdk-s3-1.11.901.jar:/home/user/.m2/repository/com/amazonaws/aws-java-sdk-kms/1.11.901/aws-java-sdk-kms-1.11.901.jar:/home/user/.m2/repository/com/amazonaws/jmespath-java/1.11.901/jmespath-java-1.11.901.jar:/home/user/.m2/repository/org/kohsuke/metainf-services/metainf-services/1.8/metainf-services-1.8.jar:/home/user/.m2/repository/org/apache/hadoop/hadoop-hdds-tools/1.2.0-SNAPSHOT/hadoop-hdds-tools-1.2.0-SNAPSHOT.jar:/home/user/.m2/repository/commons-cli/commons-cli/1.2/commons-cli-1.2.jar:/home/user/.m2/repository/org/apache/commons/commons-lang3/3.7/commons-lang3-3.7.jar:/home/user/.m2/repository/org/apache/hadoop/hadoop-ozone-ozone-manager/1.2.0-SNAPSHOT/hadoop-ozone-ozone-manager-1.2.0-SNAPSHOT-tests.jar:/home/user/.m2/repository/org/apache/hadoop/hadoop-hdds-common/1.2.0-SNAPSHOT/hadoop-hdds-common-1.2.0-SNAPSHOT-tests.jar:/home/user/.m2/repository/org/apache/hadoop/hadoop-hdds-hadoop-dependency-client/1.2.0-SNAPSHOT/hadoop-hdds-hadoop-dependency-client-1.2.0-SNAPSHOT.jar:/home/user/.m2/repository/info/picocli/picocli/4.4.0/picocli-4.4.0.jar:/home/user/.m2/repository/com/fasterxml/jackson/core/jackson-annotations/2.12.1/jackson-annotations-2.12.1.jar:/home/user/.m2/repository/javax/annotation/javax.annotation-api/1.2/javax.annotation-api-1.2.jar:/home/user/.m2/repository/org/fusesource/leveldbjni/leveldbjni-all/1.8/leveldbjni-all-1.8.jar:/home/user/.m2/repository/org/apache/ratis/ratis-server/2.1.0-ff8aa66-SNAPSHOT/ratis-server-2.1.0-ff8aa66-SNAPSHOT.jar:/home/user/.m2/repository/org/apache/ratis/ratis-client/2.1.0-ff8aa66-SNAPSHOT/ratis-client-2.1.0-ff8aa66-SNAPSHOT.jar:/home/user/.m2/repository/org/apache/ratis/ratis-server-api/2.1.0-ff8aa66-SNAPSHOT/ratis-server-api-2.1.0-ff8aa66-SNAPSHOT.jar:/home/user/.m2/repository/org/apache/ratis/ratis-metrics/2.1.0-ff8aa66-SNAPSHOT/ratis-metrics-2.1.0-ff8aa66-SNAPSHOT.jar:/home/user/.m2/repository/org/apache/ratis/ratis-netty/2.1.0-ff8aa66-SNAPSHOT/ratis-netty-2.1.0-ff8aa66-SNAPSHOT.jar:/home/user/.m2/repository/org/apache/ratis/ratis-grpc/2.1.0-ff8aa66-SNAPSHOT/ratis-grpc-2.1.0-ff8aa66-SNAPSHOT.jar:/home/user/.m2/repository/org/apache/logging/log4j/log4j-api/2.13.3/log4j-api-2.13.3.jar:/home/user/.m2/repository/org/apache/logging/log4j/log4j-core/2.13.3/log4j-core-2.13.3.jar:/home/user/.m2/repository/com/lmax/disruptor/3.4.2/disruptor-3.4.2.jar:/home/user/.m2/repository/org/apache/commons/commons-pool2/2.6.0/commons-pool2-2.6.0.jar:/home/user/.m2/repository/org/bouncycastle/bcpkix-jdk15on/1.67/bcpkix-jdk15on-1.67.jar:/home/user/.m2/repository/commons-validator/commons-validator/1.6/commons-validator-1.6.jar:/home/user/.m2/repository/commons-beanutils/commons-beanutils/1.9.4/commons-beanutils-1.9.4.jar:/home/user/.m2/repository/commons-digester/commons-digester/1.8.1/commons-digester-1.8.1.jar:/home/user/.m2/repository/commons-collections/commons-collections/3.2.2/commons-collections-3.2.2.jar:/home/user/.m2/repository/io/jaegertracing/jaeger-client/1.6.0/jaeger-client-1.6.0.jar:/home/user/.m2/repository/io/jaegertracing/jaeger-thrift/1.6.0/jaeger-thrift-1.6.0.jar:/home/user/.m2/repository/org/apache/thrift/libthrift/0.14.1/libthrift-0.14.1.jar:/home/user/.m2/repository/com/squareup/okhttp3/okhttp/4.9.0/okhttp-4.9.0.jar:/home/user/.m2/repository/com/squareup/okio/okio/2.8.0/okio-2.8.0.jar:/home/user/.m2/repository/io/jaegertracing/jaeger-core/1.6.0/jaeger-core-1.6.0.jar:/home/user/.m2/repository/io/jaegertracing/jaeger-tracerresolver/1.6.0/jaeger-tracerresolver-1.6.0.jar:/home/user/.m2/repository/io/opentracing/contrib/opentracing-tracerresolver/0.1.8/opentracing-tracerresolver-0.1.8.jar:/home/user/.m2/repository/org/jetbrains/kotlin/kotlin-stdlib/1.4.31/kotlin-stdlib-1.4.31.jar:/home/user/.m2/repository/org/jetbrains/kotlin/kotlin-stdlib-common/1.4.31/kotlin-stdlib-common-1.4.31.jar:/home/user/.m2/repository/org/jetbrains/annotations/13.0/annotations-13.0.jar:/home/user/.m2/repository/io/opentracing/opentracing-util/0.33.0/opentracing-util-0.33.0.jar:/home/user/.m2/repository/io/opentracing/opentracing-api/0.33.0/opentracing-api-0.33.0.jar:/home/user/.m2/repository/io/opentracing/opentracing-noop/0.33.0/opentracing-noop-0.33.0.jar:/home/user/.m2/repository/org/yaml/snakeyaml/1.26/snakeyaml-1.26.jar:/home/user/.m2/repository/org/apache/hadoop/hadoop-hdds-interface-admin/1.2.0-SNAPSHOT/hadoop-hdds-interface-admin-1.2.0-SNAPSHOT.jar:/home/user/.m2/repository/junit/junit/4.13.1/junit-4.13.1.jar:/home/user/.m2/repository/org/hamcrest/hamcrest-core/1.3/hamcrest-core-1.3.jar:/home/user/.m2/repository/org/junit/jupiter/junit-jupiter-api/5.7.0/junit-jupiter-api-5.7.0.jar:/home/user/.m2/repository/org/apiguardian/apiguardian-api/1.1.0/apiguardian-api-1.1.0.jar:/home/user/.m2/repository/org/opentest4j/opentest4j/1.2.0/opentest4j-1.2.0.jar:/home/user/.m2/repository/org/junit/platform/junit-platform-commons/1.7.0/junit-platform-commons-1.7.0.jar:/home/user/.m2/repository/org/junit/jupiter/junit-jupiter-engine/5.7.0/junit-jupiter-engine-5.7.0.jar:/home/user/.m2/repository/org/junit/platform/junit-platform-engine/1.7.0/junit-platform-engine-1.7.0.jar:/home/user/.m2/repository/org/junit/vintage/junit-vintage-engine/5.7.0/junit-vintage-engine-5.7.0.jar:/home/user/.m2/repository/org/junit/platform/junit-platform-launcher/1.7.0/junit-platform-launcher-1.7.0.jar:/home/user/.m2/repository/org/openjdk/jmh/jmh-core/1.19/jmh-core-1.19.jar:/home/user/.m2/repository/net/sf/jopt-simple/jopt-simple/4.6/jopt-simple-4.6.jar:/home/user/.m2/repository/org/apache/commons/commons-math3/3.1.1/commons-math3-3.1.1.jar:/home/user/.m2/repository/org/openjdk/jmh/jmh-generator-annprocess/1.19/jmh-generator-annprocess-1.19.jar:/home/user/.m2/repository/org/mockito/mockito-all/1.8.5/mockito-all-1.8.5.jar:/home/user/.m2/repository/org/apache/hadoop/hadoop-kms/3.2.2/hadoop-kms-3.2.2.jar:/home/user/.m2/repository/org/apache/hadoop/hadoop-auth/3.2.2/hadoop-auth-3.2.2.jar:/home/user/.m2/repository/com/nimbusds/nimbus-jose-jwt/7.9/nimbus-jose-jwt-7.9.jar:/home/user/.m2/repository/com/github/stephenc/jcip/jcip-annotations/1.0-1/jcip-annotations-1.0-1.jar:/home/user/.m2/repository/net/minidev/json-smart/2.3/json-smart-2.3.jar:/home/user/.m2/repository/net/minidev/accessors-smart/1.2/accessors-smart-1.2.jar:/home/user/.m2/repository/org/ow2/asm/asm/5.0.4/asm-5.0.4.jar:/home/user/.m2/repository/org/apache/zookeeper/zookeeper/3.4.13/zookeeper-3.4.13.jar:/home/user/.m2/repository/org/apache/yetus/audience-annotations/0.5.0/audience-annotations-0.5.0.jar:/home/user/.m2/repository/org/apache/curator/curator-framework/2.13.0/curator-framework-2.13.0.jar:/home/user/.m2/repository/com/sun/jersey/jersey-core/1.19/jersey-core-1.19.jar:/home/user/.m2/repository/javax/ws/rs/jsr311-api/1.1.1/jsr311-api-1.1.1.jar:/home/user/.m2/repository/com/sun/jersey/jersey-server/1.19/jersey-server-1.19.jar:/home/user/.m2/repository/javax/servlet/javax.servlet-api/3.1.0/javax.servlet-api-3.1.0.jar:/home/user/.m2/repository/org/eclipse/jetty/jetty-server/9.4.35.v20201120/jetty-server-9.4.35.v20201120.jar:/home/user/.m2/repository/org/eclipse/jetty/jetty-http/9.4.35.v20201120/jetty-http-9.4.35.v20201120.jar:/home/user/.m2/repository/org/eclipse/jetty/jetty-io/9.4.35.v20201120/jetty-io-9.4.35.v20201120.jar:/home/user/.m2/repository/org/eclipse/jetty/jetty-webapp/9.4.35.v20201120/jetty-webapp-9.4.35.v20201120.jar:/home/user/.m2/repository/org/eclipse/jetty/jetty-xml/9.4.35.v20201120/jetty-xml-9.4.35.v20201120.jar:/home/user/.m2/repository/org/apache/hadoop/hadoop-common/3.2.2/hadoop-common-3.2.2.jar:/home/user/.m2/repository/commons-net/commons-net/3.6/commons-net-3.6.jar:/home/user/.m2/repository/javax/activation/javax.activation-api/1.2.0/javax.activation-api-1.2.0.jar:/home/user/.m2/repository/com/sun/jersey/jersey-servlet/1.19/jersey-servlet-1.19.jar:/home/user/.m2/repository/com/sun/jersey/jersey-json/1.19/jersey-json-1.19.jar:/home/user/.m2/repository/org/codehaus/jettison/jettison/1.1/jettison-1.1.jar:/home/user/.m2/repository/com/sun/xml/bind/jaxb-impl/2.2.3-1/jaxb-impl-2.2.3-1.jar:/home/user/.m2/repository/org/codehaus/jackson/jackson-jaxrs/1.9.2/jackson-jaxrs-1.9.2.jar:/home/user/.m2/repository/org/codehaus/jackson/jackson-xc/1.9.2/jackson-xc-1.9.2.jar:/home/user/.m2/repository/org/apache/commons/commons-configuration2/2.1.1/commons-configuration2-2.1.1.jar:/home/user/.m2/repository/org/apache/commons/commons-text/1.4/commons-text-1.4.jar:/home/user/.m2/repository/com/google/re2j/re2j/1.1/re2j-1.1.jar:/home/user/.m2/repository/com/jcraft/jsch/0.1.54/jsch-0.1.54.jar:/home/user/.m2/repository/org/apache/curator/curator-client/2.13.0/curator-client-2.13.0.jar:/home/user/.m2/repository/org/apache/curator/curator-recipes/2.13.0/curator-recipes-2.13.0.jar:/home/user/.m2/repository/dnsjava/dnsjava/2.1.7/dnsjava-2.1.7.jar:/home/user/.m2/repository/org/slf4j/jul-to-slf4j/1.7.30/jul-to-slf4j-1.7.30.jar:/home/user/.m2/repository/org/eclipse/jetty/jetty-util/9.4.35.v20201120/jetty-util-9.4.35.v20201120.jar:/home/user/.m2/repository/com/fasterxml/jackson/core/jackson-databind/2.12.1/jackson-databind-2.12.1.jar:/home/user/.m2/repository/org/apache/hadoop/hadoop-kms/3.2.2/hadoop-kms-3.2.2-tests.jar:/home/user/.m2/repository/org/apache/hadoop/hadoop-hdds-server-scm/1.2.0-SNAPSHOT/hadoop-hdds-server-scm-1.2.0-SNAPSHOT-tests.jar:/home/user/.m2/repository/org/apache/hadoop/hadoop-hdds-container-service/1.2.0-SNAPSHOT/hadoop-hdds-container-service-1.2.0-SNAPSHOT-tests.jar:/home/user/.m2/repository/commons-codec/commons-codec/1.11/commons-codec-1.11.jar:/home/user/.m2/repository/org/apache/hadoop/hadoop-hdds-hadoop-dependency-test/1.2.0-SNAPSHOT/hadoop-hdds-hadoop-dependency-test-1.2.0-SNAPSHOT.jar:/home/user/.m2/repository/org/apache/hadoop/hadoop-common/3.2.2/hadoop-common-3.2.2-tests.jar:/home/user/.m2/repository/org/apache/hadoop/hadoop-hdfs/3.2.2/hadoop-hdfs-3.2.2-tests.jar:/home/user/.m2/repository/org/eclipse/jetty/jetty-util-ajax/9.4.35.v20201120/jetty-util-ajax-9.4.35.v20201120.jar:/home/user/.m2/repository/commons-daemon/commons-daemon/1.0.13/commons-daemon-1.0.13.jar:/home/user/.m2/repository/io/netty/netty/3.10.6.Final/netty-3.10.6.Final.jar:/home/user/.m2/repository/io/netty/netty-all/4.1.63.Final/netty-all-4.1.63.Final.jar:/home/user/.m2/repository/org/apache/htrace/htrace-core4/4.1.0-incubating/htrace-core4-4.1.0-incubating.jar:/home/user/.m2/repository/org/apache/hadoop/hadoop-distcp/3.2.2/hadoop-distcp-3.2.2.jar:/home/user/.m2/repository/org/apache/hadoop/hadoop-mapreduce-client-jobclient/3.2.2/hadoop-mapreduce-client-jobclient-3.2.2.jar:/home/user/.m2/repository/org/apache/hadoop/hadoop-mapreduce-client-common/3.2.2/hadoop-mapreduce-client-common-3.2.2.jar:/home/user/.m2/repository/org/apache/hadoop/hadoop-yarn-common/3.2.2/hadoop-yarn-common-3.2.2.jar:/home/user/.m2/repository/org/apache/hadoop/hadoop-yarn-api/3.2.2/hadoop-yarn-api-3.2.2.jar:/home/user/.m2/repository/com/sun/jersey/jersey-client/1.19/jersey-client-1.19.jar:/home/user/.m2/repository/com/sun/jersey/contribs/jersey-guice/1.19/jersey-guice-1.19.jar:/home/user/.m2/repository/com/fasterxml/jackson/jaxrs/jackson-jaxrs-json-provider/2.12.1/jackson-jaxrs-json-provider-2.12.1.jar:/home/user/.m2/repository/com/fasterxml/jackson/jaxrs/jackson-jaxrs-base/2.12.1/jackson-jaxrs-base-2.12.1.jar:/home/user/.m2/repository/org/apache/hadoop/hadoop-yarn-client/3.2.2/hadoop-yarn-client-3.2.2.jar:/home/user/.m2/repository/org/apache/hadoop/hadoop-mapreduce-client-core/3.2.2/hadoop-mapreduce-client-core-3.2.2.jar:/home/user/.m2/repository/org/apache/avro/avro/1.7.7/avro-1.7.7.jar:/home/user/.m2/repository/org/codehaus/jackson/jackson-core-asl/1.9.13/jackson-core-asl-1.9.13.jar:/home/user/.m2/repository/org/codehaus/jackson/jackson-mapper-asl/1.9.13/jackson-mapper-asl-1.9.13.jar:/home/user/.m2/repository/com/thoughtworks/paranamer/paranamer/2.3/paranamer-2.3.jar:/home/user/.m2/repository/org/xerial/snappy/snappy-java/1.0.5/snappy-java-1.0.5.jar:/home/user/.m2/repository/org/apache/hadoop/hadoop-annotations/3.2.2/hadoop-annotations-3.2.2.jar:/usr/lib/jvm/java-1.8.0-openjdk-1.8.0.232.b09-0.el7_7.x86_64/jre/../lib/tools.jar:/home/user/.m2/repository/org/apache/hadoop/hadoop-distcp/3.2.2/hadoop-distcp-3.2.2-tests.jar:"/>
    <property name="sun.cpu.endian" value="little"/>
    <property name="user.home" value="/home/user"/>
    <property name="user.language" value="en"/>
    <property name="java.specification.vendor" value="Oracle Corporation"/>
    <property name="java.home" value="/usr/lib/jvm/java-1.8.0-openjdk-1.8.0.232.b09-0.el7_7.x86_64/jre"/>
    <property name="java.security.krb5.conf" value="/github/workspace/mnt/ozone/hadoop-ozone/integration-test/target/test-classes/krb5.conf"/>
    <property name="basedir" value="/github/workspace/mnt/ozone/hadoop-ozone/integration-test"/>
    <property name="file.separator" value="/"/>
    <property name="line.separator" value="&#10;"/>
    <property name="java.vm.specification.vendor" value="Oracle Corporation"/>
    <property name="java.specification.name" value="Java Platform API Specification"/>
    <property name="java.awt.graphicsenv" value="sun.awt.X11GraphicsEnvironment"/>
    <property name="skip.installnpx" value="true"/>
    <property name="surefire.real.class.path" value="/github/workspace/mnt/ozone/hadoop-ozone/integration-test/target/surefire/surefirebooter5172769903795962809.jar:/home/user/.m2/repository/org/jacoco/org.jacoco.agent/0.8.5/org.jacoco.agent-0.8.5-runtime.jar"/>
    <property name="hadoop.log.dir" value="/github/workspace/mnt/ozone/hadoop-ozone/integration-test/target/log"/>
    <property name="sun.boot.class.path" value="/usr/lib/jvm/java-1.8.0-openjdk-1.8.0.232.b09-0.el7_7.x86_64/jre/lib/resources.jar:/usr/lib/jvm/java-1.8.0-openjdk-1.8.0.232.b09-0.el7_7.x86_64/jre/lib/rt.jar:/usr/lib/jvm/java-1.8.0-openjdk-1.8.0.232.b09-0.el7_7.x86_64/jre/lib/sunrsasign.jar:/usr/lib/jvm/java-1.8.0-openjdk-1.8.0.232.b09-0.el7_7.x86_64/jre/lib/jsse.jar:/usr/lib/jvm/java-1.8.0-openjdk-1.8.0.232.b09-0.el7_7.x86_64/jre/lib/jce.jar:/usr/lib/jvm/java-1.8.0-openjdk-1.8.0.232.b09-0.el7_7.x86_64/jre/lib/charsets.jar:/usr/lib/jvm/java-1.8.0-openjdk-1.8.0.232.b09-0.el7_7.x86_64/jre/lib/jfr.jar:/usr/lib/jvm/java-1.8.0-openjdk-1.8.0.232.b09-0.el7_7.x86_64/jre/classes"/>
    <property name="sun.management.compiler" value="HotSpot 64-Bit Tiered Compilers"/>
    <property name="skip.npx" value="true"/>
    <property name="java.runtime.version" value="1.8.0_232-b09"/>
    <property name="java.net.preferIPv4Stack" value="true"/>
    <property name="user.name" value="jenkins1001"/>
    <property name="path.separator" value=":"/>
    <property name="java.security.egd" value="file:///dev/urandom"/>
    <property name="os.version" value="5.4.0-1047-azure"/>
    <property name="java.endorsed.dirs" value="/usr/lib/jvm/java-1.8.0-openjdk-1.8.0.232.b09-0.el7_7.x86_64/jre/lib/endorsed"/>
    <property name="java.runtime.name" value="OpenJDK Runtime Environment"/>
    <property name="file.encoding" value="ANSI_X3.4-1968"/>
    <property name="java.vm.name" value="OpenJDK 64-Bit Server VM"/>
    <property name="test.build.webapps" value=""/>
    <property name="localRepository" value="/home/user/.m2/repository"/>
    <property name="java.vendor.url.bug" value="http://bugreport.sun.com/bugreport/"/>
    <property name="java.io.tmpdir" value="/tmp"/>
    <property name="require.test.libhadoop" value=""/>
    <property name="java.version" value="1.8.0_232"/>
    <property name="user.dir" value="/github/workspace/mnt/ozone/hadoop-ozone/integration-test"/>
    <property name="os.arch" value="amd64"/>
    <property name="java.vm.specification.name" value="Java Virtual Machine Specification"/>
    <property name="test.build.classes" value="/github/workspace/mnt/ozone/hadoop-ozone/integration-test/target/test-classes"/>
    <property name="java.awt.printerjob" value="sun.print.PSPrinterJob"/>
    <property name="sun.os.patch.level" value="unknown"/>
    <property name="hadoop.tmp.dir" value="/github/workspace/mnt/ozone/hadoop-ozone/integration-test/target/tmp"/>
    <property name="java.library.path" value="/usr/lib:/usr/java/packages/lib/amd64:/usr/lib64:/lib64:/lib:/usr/lib"/>
    <property name="java.vm.info" value="mixed mode"/>
    <property name="java.vendor" value="Oracle Corporation"/>
    <property name="java.vm.version" value="25.232-b09"/>
    <property name="java.ext.dirs" value="/usr/lib/jvm/java-1.8.0-openjdk-1.8.0.232.b09-0.el7_7.x86_64/jre/lib/ext:/usr/java/packages/lib/ext"/>
    <property name="sun.io.unicode.encoding" value="UnicodeLittle"/>
    <property name="java.class.version" value="52.0"/>
  </properties>
  <testcase name="testStoppedMaintenanceNodeTakesScmStateOnRestart" classname="org.apache.hadoop.ozone.scm.node.TestDecommissionAndMaintenance" time="54.521"/>
  <testcase name="testContainerIsReplicatedWhenAllNodesGotoMaintenance" classname="org.apache.hadoop.ozone.scm.node.TestDecommissionAndMaintenance" time="34.197">
    <failure type="junit.framework.AssertionFailedError">junit.framework.AssertionFailedError
	at junit.framework.Assert.fail(Assert.java:55)
	at junit.framework.Assert.assertTrue(Assert.java:22)
	at junit.framework.Assert.assertTrue(Assert.java:31)
	at junit.framework.TestCase.assertTrue(TestCase.java:200)
	at org.apache.hadoop.ozone.scm.node.TestDecommissionAndMaintenance.testContainerIsReplicatedWhenAllNodesGotoMaintenance(TestDecommissionAndMaintenance.java:393)
	at sun.reflect.NativeMethodAccessorImpl.invoke0(Native Method)
	at sun.reflect.NativeMethodAccessorImpl.invoke(NativeMethodAccessorImpl.java:62)
	at sun.reflect.DelegatingMethodAccessorImpl.invoke(DelegatingMethodAccessorImpl.java:43)
	at java.lang.reflect.Method.invoke(Method.java:498)
	at org.junit.runners.model.FrameworkMethod$1.runReflectiveCall(FrameworkMethod.java:59)
	at org.junit.internal.runners.model.ReflectiveCallable.run(ReflectiveCallable.java:12)
	at org.junit.runners.model.FrameworkMethod.invokeExplosively(FrameworkMethod.java:56)
	at org.junit.internal.runners.statements.InvokeMethod.evaluate(InvokeMethod.java:17)
	at org.junit.internal.runners.statements.RunBefores.evaluate(RunBefores.java:26)
	at org.junit.internal.runners.statements.RunAfters.evaluate(RunAfters.java:27)
	at org.junit.runners.ParentRunner$3.evaluate(ParentRunner.java:306)
	at org.junit.runners.BlockJUnit4ClassRunner$1.evaluate(BlockJUnit4ClassRunner.java:100)
	at org.junit.runners.ParentRunner.runLeaf(ParentRunner.java:366)
	at org.junit.runners.BlockJUnit4ClassRunner.runChild(BlockJUnit4ClassRunner.java:103)
	at org.junit.runners.BlockJUnit4ClassRunner.runChild(BlockJUnit4ClassRunner.java:63)
	at org.junit.runners.ParentRunner$4.run(ParentRunner.java:331)
	at org.junit.runners.ParentRunner$1.schedule(ParentRunner.java:79)
	at org.junit.runners.ParentRunner.runChildren(ParentRunner.java:329)
	at org.junit.runners.ParentRunner.access$100(ParentRunner.java:66)
	at org.junit.runners.ParentRunner$2.evaluate(ParentRunner.java:293)
	at org.junit.runners.ParentRunner$3.evaluate(ParentRunner.java:306)
	at org.junit.runners.ParentRunner.run(ParentRunner.java:413)
	at org.junit.runner.JUnitCore.run(JUnitCore.java:137)
	at org.junit.runner.JUnitCore.run(JUnitCore.java:115)
	at org.junit.vintage.engine.execution.RunnerExecutor.execute(RunnerExecutor.java:43)
	at java.util.stream.ForEachOps$ForEachOp$OfRef.accept(ForEachOps.java:183)
	at java.util.stream.ReferencePipeline$3$1.accept(ReferencePipeline.java:193)
	at java.util.Iterator.forEachRemaining(Iterator.java:116)
	at java.util.Spliterators$IteratorSpliterator.forEachRemaining(Spliterators.java:1801)
	at java.util.stream.AbstractPipeline.copyInto(AbstractPipeline.java:482)
	at java.util.stream.AbstractPipeline.wrapAndCopyInto(AbstractPipeline.java:472)
	at java.util.stream.ForEachOps$ForEachOp.evaluateSequential(ForEachOps.java:150)
	at java.util.stream.ForEachOps$ForEachOp$OfRef.evaluateSequential(ForEachOps.java:173)
	at java.util.stream.AbstractPipeline.evaluate(AbstractPipeline.java:234)
	at java.util.stream.ReferencePipeline.forEach(ReferencePipeline.java:485)
	at org.junit.vintage.engine.VintageTestEngine.executeAllChildren(VintageTestEngine.java:82)
	at org.junit.vintage.engine.VintageTestEngine.execute(VintageTestEngine.java:73)
	at org.junit.platform.launcher.core.EngineExecutionOrchestrator.execute(EngineExecutionOrchestrator.java:108)
	at org.junit.platform.launcher.core.EngineExecutionOrchestrator.execute(EngineExecutionOrchestrator.java:88)
	at org.junit.platform.launcher.core.EngineExecutionOrchestrator.lambda$execute$0(EngineExecutionOrchestrator.java:54)
	at org.junit.platform.launcher.core.EngineExecutionOrchestrator.withInterceptedStreams(EngineExecutionOrchestrator.java:67)
	at org.junit.platform.launcher.core.EngineExecutionOrchestrator.execute(EngineExecutionOrchestrator.java:52)
	at org.junit.platform.launcher.core.DefaultLauncher.execute(DefaultLauncher.java:96)
	at org.junit.platform.launcher.core.DefaultLauncher.execute(DefaultLauncher.java:75)
	at org.apache.maven.surefire.junitplatform.JUnitPlatformProvider.invokeAllTests(JUnitPlatformProvider.java:142)
	at org.apache.maven.surefire.junitplatform.JUnitPlatformProvider.invoke(JUnitPlatformProvider.java:113)
	at org.apache.maven.surefire.booter.ForkedBooter.invokeProviderInSameClassLoader(ForkedBooter.java:384)
	at org.apache.maven.surefire.booter.ForkedBooter.runSuitesInProcess(ForkedBooter.java:345)
	at org.apache.maven.surefire.booter.ForkedBooter.execute(ForkedBooter.java:126)
	at org.apache.maven.surefire.booter.ForkedBooter.main(ForkedBooter.java:418)
</failure>
    <system-out><![CDATA[2021-05-21 14:31:35,604 [Listener at 127.0.0.1/36301] WARN  server.ServerUtils (ServerUtils.java:getScmDbDir(148)) - ozone.scm.db.dirs is not configured. We recommend adding this setting. Falling back to ozone.metadata.dirs instead.
2021-05-21 14:31:35,606 [Listener at 127.0.0.1/36301] INFO  ha.SCMHANodeDetails (SCMHANodeDetails.java:loadSCMHAConfig(149)) - ServiceID for StorageContainerManager is null
2021-05-21 14:31:35,606 [Listener at 127.0.0.1/36301] INFO  ha.SCMHANodeDetails (SCMHANodeDetails.java:loadSCMHAConfig(154)) - ozone.scm.default.service.id is not defined, falling back to ozone.scm.service.ids to find serviceID for StorageContainerManager if it is HA enabled cluster
2021-05-21 14:31:35,607 [Listener at 127.0.0.1/36301] WARN  server.ServerUtils (ServerUtils.java:getScmDbDir(148)) - ozone.scm.db.dirs is not configured. We recommend adding this setting. Falling back to ozone.metadata.dirs instead.
2021-05-21 14:31:35,608 [Listener at 127.0.0.1/36301] WARN  utils.HAUtils (HAUtils.java:getMetaDir(342)) - ozone.scm.db.dirs is not configured. We recommend adding this setting. Falling back to ozone.metadata.dirs instead.
2021-05-21 14:31:35,609 [Listener at 127.0.0.1/36301] WARN  db.DBStoreBuilder (DBStoreBuilder.java:applyDBDefinition(145)) - ozone.scm.db.dirs is not configured. We recommend adding this setting. Falling back to ozone.metadata.dirs instead.
2021-05-21 14:31:35,702 [Listener at 127.0.0.1/36301] INFO  net.NodeSchemaLoader (NodeSchemaLoader.java:loadSchemaFromFile(129)) - Loading schema from [jar:file:/home/user/.m2/repository/org/apache/hadoop/hadoop-hdds-common/1.2.0-SNAPSHOT/hadoop-hdds-common-1.2.0-SNAPSHOT.jar!/network-topology-default.xml, jar:file:/home/user/.m2/repository/org/apache/hadoop/hadoop-ozone-ozone-manager/1.2.0-SNAPSHOT/hadoop-ozone-ozone-manager-1.2.0-SNAPSHOT-tests.jar!/network-topology-default.xml, jar:file:/home/user/.m2/repository/org/apache/hadoop/hadoop-hdds-server-scm/1.2.0-SNAPSHOT/hadoop-hdds-server-scm-1.2.0-SNAPSHOT-tests.jar!/network-topology-default.xml]
2021-05-21 14:31:35,702 [Listener at 127.0.0.1/36301] INFO  net.NodeSchemaLoader (NodeSchemaLoader.java:loadSchema(176)) - Loading network topology layer schema file
2021-05-21 14:31:35,705 [Listener at 127.0.0.1/36301] INFO  ha.SequenceIdGenerator (SequenceIdGenerator.java:upgradeToSequenceId(300)) - upgrade localId to 107544261427200000
2021-05-21 14:31:35,705 [Listener at 127.0.0.1/36301] INFO  ha.SequenceIdGenerator (SequenceIdGenerator.java:upgradeToSequenceId(310)) - upgrade delTxnId to 0
2021-05-21 14:31:35,705 [Listener at 127.0.0.1/36301] INFO  ha.SequenceIdGenerator (SequenceIdGenerator.java:upgradeToSequenceId(324)) - upgrade containerId to 0
2021-05-21 14:31:35,706 [Listener at 127.0.0.1/36301] INFO  ha.SequenceIdGenerator (SequenceIdGenerator.java:<init>(196)) - Init the HA SequenceIdGenerator.
2021-05-21 14:31:35,706 [Listener at 127.0.0.1/36301] INFO  node.SCMNodeManager (SCMNodeManager.java:<init>(125)) - Entering startup safe mode.
2021-05-21 14:31:35,707 [Listener at 127.0.0.1/36301] INFO  algorithms.ContainerPlacementPolicyFactory (ContainerPlacementPolicyFactory.java:getPolicy(60)) - Create container placement policy of type org.apache.hadoop.hdds.scm.container.placement.algorithms.SCMContainerPlacementRandom
2021-05-21 14:31:35,707 [Listener at 127.0.0.1/36301] INFO  pipeline.PipelineStateManager (PipelineStateManagerV2Impl.java:initialize(78)) - No pipeline exists in current db
2021-05-21 14:31:35,707 [Listener at 127.0.0.1/36301] INFO  algorithms.LeaderChoosePolicyFactory (LeaderChoosePolicyFactory.java:getPolicy(57)) - Create leader choose policy of type org.apache.hadoop.hdds.scm.pipeline.leader.choose.algorithms.MinLeaderCountChoosePolicy
2021-05-21 14:31:35,707 [Listener at 127.0.0.1/36301] INFO  ha.SCMServiceManager (SCMServiceManager.java:register(43)) - Registering service BackgroundPipelineCreator.
2021-05-21 14:31:35,708 [Listener at 127.0.0.1/36301] INFO  pipeline.BackgroundPipelineCreator (BackgroundPipelineCreatorV2.java:start(130)) - Starting RatisPipelineUtilsThread.
2021-05-21 14:31:35,712 [Listener at 127.0.0.1/36301] INFO  algorithms.PipelineChoosePolicyFactory (PipelineChoosePolicyFactory.java:createPipelineChoosePolicyFromClass(73)) - Create pipeline choose policy of type org.apache.hadoop.hdds.scm.pipeline.choose.algorithms.RandomPipelineChoosePolicy
2021-05-21 14:31:35,713 [Listener at 127.0.0.1/36301] INFO  ha.SCMServiceManager (SCMServiceManager.java:register(43)) - Registering service SCMBlockDeletingService.
2021-05-21 14:31:35,713 [Listener at 127.0.0.1/36301] INFO  ha.SCMServiceManager (SCMServiceManager.java:register(43)) - Registering service ReplicationManager.
2021-05-21 14:31:35,714 [Listener at 127.0.0.1/36301] INFO  container.ReplicationManager (ReplicationManager.java:start(226)) - Starting Replication Monitor Thread.
2021-05-21 14:31:35,714 [Listener at 127.0.0.1/36301] INFO  safemode.HealthyPipelineSafeModeRule (HealthyPipelineSafeModeRule.java:<init>(90)) - Total pipeline count is 0, healthy pipeline threshold count is 0
2021-05-21 14:31:35,715 [Listener at 127.0.0.1/36301] INFO  safemode.OneReplicaPipelineSafeModeRule (OneReplicaPipelineSafeModeRule.java:<init>(86)) - Total pipeline count is 0, pipeline's with at least one datanode reported threshold count is 0
2021-05-21 14:31:35,716 [Listener at 127.0.0.1/36301] INFO  ipc.CallQueueManager (CallQueueManager.java:<init>(85)) - Using callQueue: class java.util.concurrent.LinkedBlockingQueue, queueCapacity: 2000, scheduler: class org.apache.hadoop.ipc.DefaultRpcScheduler, ipcBackoff: false.
2021-05-21 14:31:35,717 [Socket Reader #1 for port 0] INFO  ipc.Server (Server.java:run(1255)) - Starting Socket Reader #1 for port 0
2021-05-21 14:31:35,718 [Listener at 0.0.0.0/45897] INFO  ipc.CallQueueManager (CallQueueManager.java:<init>(85)) - Using callQueue: class java.util.concurrent.LinkedBlockingQueue, queueCapacity: 2000, scheduler: class org.apache.hadoop.ipc.DefaultRpcScheduler, ipcBackoff: false.
2021-05-21 14:31:35,718 [Socket Reader #1 for port 0] INFO  ipc.Server (Server.java:run(1255)) - Starting Socket Reader #1 for port 0
2021-05-21 14:31:35,719 [Listener at 0.0.0.0/34739] INFO  ipc.CallQueueManager (CallQueueManager.java:<init>(85)) - Using callQueue: class java.util.concurrent.LinkedBlockingQueue, queueCapacity: 2000, scheduler: class org.apache.hadoop.ipc.DefaultRpcScheduler, ipcBackoff: false.
2021-05-21 14:31:35,720 [Socket Reader #1 for port 0] INFO  ipc.Server (Server.java:run(1255)) - Starting Socket Reader #1 for port 0
2021-05-21 14:31:35,724 [ReplicationMonitor] INFO  container.ReplicationManager (ReplicationManager.java:run(290)) - Replication Monitor Thread took 0 milliseconds for processing 0 containers.
2021-05-21 14:31:35,724 [Listener at 0.0.0.0/33441] INFO  server.StorageContainerManager (StorageContainerManager.java:<init>(416)) - Container Balancer status:
Key                            Value
Running                        false
Container Balancer Configuration values:
Key                            Value
Threshold                      0.100000
Max Datanodes to Balance       5
Max Size to Move               10737418240B

2021-05-21 14:31:35,724 [Listener at 0.0.0.0/33441] WARN  events.EventQueue (EventQueue.java:fireEvent(185)) - No event handler registered for event TypedEvent{payloadType=SafeModeStatus, name='Safe mode status'}
2021-05-21 14:31:35,724 [Listener at 0.0.0.0/33441] INFO  ha.SCMContext (SCMContext.java:updateSafeModeStatus(147)) - Update SafeModeStatus from SafeModeStatus{safeModeStatus=true, preCheckPassed=false} to SafeModeStatus{safeModeStatus=true, preCheckPassed=false}.
2021-05-21 14:31:35,725 [Listener at 0.0.0.0/33441] INFO  server.StorageContainerManager (StorageContainerManager.java:start(1186)) - StorageContainerLocationProtocol RPC server is listening at /0.0.0.0:33441
2021-05-21 14:31:35,726 [Listener at 0.0.0.0/33441] WARN  impl.MetricsConfig (MetricsConfig.java:loadFirst(136)) - Cannot locate configuration: tried hadoop-metrics2-storagecontainermanager.properties,hadoop-metrics2.properties
2021-05-21 14:31:35,727 [Listener at 0.0.0.0/33441] INFO  impl.MetricsSystemImpl (MetricsSystemImpl.java:startTimer(378)) - Scheduled Metric snapshot period at 10 second(s).
2021-05-21 14:31:35,727 [Listener at 0.0.0.0/33441] INFO  impl.MetricsSystemImpl (MetricsSystemImpl.java:start(191)) - StorageContainerManager metrics system started
2021-05-21 14:31:35,740 [Listener at 0.0.0.0/33441] INFO  impl.MetricsSinkAdapter (MetricsSinkAdapter.java:start(204)) - Sink prometheus started
2021-05-21 14:31:35,740 [Listener at 0.0.0.0/33441] INFO  impl.MetricsSystemImpl (MetricsSystemImpl.java:registerSink(305)) - Registered sink prometheus
2021-05-21 14:31:35,745 [Listener at 0.0.0.0/33441] INFO  server.SCMClientProtocolServer (SCMClientProtocolServer.java:start(163)) - RPC server for Client  is listening at /0.0.0.0:33441
2021-05-21 14:31:35,745 [IPC Server Responder] INFO  ipc.Server (Server.java:run(1497)) - IPC Server Responder: starting
2021-05-21 14:31:35,746 [IPC Server listener on 0] INFO  ipc.Server (Server.java:run(1334)) - IPC Server listener on 0: starting
2021-05-21 14:31:35,750 [Listener at 0.0.0.0/33441] INFO  server.StorageContainerManager (StorageContainerManager.java:start(1201)) - ScmBlockLocationProtocol RPC server is listening at /0.0.0.0:34739
2021-05-21 14:31:35,750 [Listener at 0.0.0.0/33441] INFO  server.SCMBlockProtocolServer (SCMBlockProtocolServer.java:start(149)) - RPC server for Block Protocol is listening at /0.0.0.0:34739
2021-05-21 14:31:35,751 [IPC Server Responder] INFO  ipc.Server (Server.java:run(1497)) - IPC Server Responder: starting
2021-05-21 14:31:35,751 [IPC Server listener on 0] INFO  ipc.Server (Server.java:run(1334)) - IPC Server listener on 0: starting
2021-05-21 14:31:35,754 [Listener at 0.0.0.0/33441] INFO  server.StorageContainerManager (StorageContainerManager.java:start(1207)) - ScmDatanodeProtocl RPC server is listening at /0.0.0.0:45897
2021-05-21 14:31:35,754 [Listener at 0.0.0.0/33441] INFO  server.SCMDatanodeProtocolServer (SCMDatanodeProtocolServer.java:start(174)) - RPC server for DataNodes is listening at /0.0.0.0:45897
2021-05-21 14:31:35,755 [IPC Server Responder] INFO  ipc.Server (Server.java:run(1497)) - IPC Server Responder: starting
2021-05-21 14:31:35,755 [IPC Server listener on 0] INFO  ipc.Server (Server.java:run(1334)) - IPC Server listener on 0: starting
2021-05-21 14:31:35,766 [org.apache.hadoop.util.JvmPauseMonitor$Monitor@39c76fc8] INFO  util.JvmPauseMonitor (JvmPauseMonitor.java:run(188)) - Starting JVM pause monitor
2021-05-21 14:31:35,770 [Listener at 0.0.0.0/33441] INFO  http.BaseHttpServer (BaseHttpServer.java:newHttpServer2BuilderForOzone(209)) - Starting Web-server for scm at: http://0.0.0.0:0
2021-05-21 14:31:35,770 [Listener at 0.0.0.0/33441] INFO  http.BaseHttpServer (BaseHttpServer.java:<init>(107)) - Hadoop Security Enabled: false Ozone Security Enabled: false Ozone HTTP Security Enabled: false 
2021-05-21 14:31:35,772 [Listener at 0.0.0.0/33441] INFO  server.AuthenticationFilter (AuthenticationFilter.java:constructSecretProvider(240)) - Unable to initialize FileSignerSecretProvider, falling back to use random secrets.
2021-05-21 14:31:35,772 [Listener at 0.0.0.0/33441] WARN  http.HttpRequestLog (HttpRequestLog.java:getRequestLog(103)) - Jetty request log can only be enabled using Log4j
2021-05-21 14:31:35,773 [Listener at 0.0.0.0/33441] INFO  http.HttpServer2 (HttpServer2.java:addGlobalFilter(1020)) - Added global filter 'safety' (class=org.apache.hadoop.hdds.server.http.HttpServer2$QuotingInputFilter)
2021-05-21 14:31:35,774 [Listener at 0.0.0.0/33441] INFO  http.HttpServer2 (HttpServer2.java:addFilter(996)) - Added filter static_user_filter (class=org.apache.hadoop.http.lib.StaticUserWebFilter$StaticUserFilter) to context scm
2021-05-21 14:31:35,774 [Listener at 0.0.0.0/33441] INFO  http.HttpServer2 (HttpServer2.java:addFilter(1004)) - Added filter static_user_filter (class=org.apache.hadoop.http.lib.StaticUserWebFilter$StaticUserFilter) to context logs
2021-05-21 14:31:35,775 [Listener at 0.0.0.0/33441] INFO  http.HttpServer2 (HttpServer2.java:addFilter(1004)) - Added filter static_user_filter (class=org.apache.hadoop.http.lib.StaticUserWebFilter$StaticUserFilter) to context static
2021-05-21 14:31:35,775 [Listener at 0.0.0.0/33441] INFO  http.HttpServer2 (HttpServer2.java:bindListener(1238)) - Jetty bound to port 33113
2021-05-21 14:31:35,775 [Listener at 0.0.0.0/33441] INFO  server.Server (Server.java:doStart(375)) - jetty-9.4.35.v20201120; built: 2020-11-20T21:17:03.964Z; git: bdc54f03a5e0a7e280fab27f55c3c75ee8da89fb; jvm 1.8.0_232-b09
2021-05-21 14:31:35,776 [Listener at 0.0.0.0/33441] INFO  server.session (DefaultSessionIdManager.java:doStart(334)) - DefaultSessionIdManager workerName=node0
2021-05-21 14:31:35,777 [Listener at 0.0.0.0/33441] INFO  server.session (DefaultSessionIdManager.java:doStart(339)) - No SessionScavenger set, using defaults
2021-05-21 14:31:35,777 [Listener at 0.0.0.0/33441] INFO  server.session (HouseKeeper.java:startScavenging(132)) - node0 Scavenging every 600000ms
2021-05-21 14:31:35,778 [Listener at 0.0.0.0/33441] INFO  handler.ContextHandler (ContextHandler.java:doStart(916)) - Started o.e.j.s.ServletContextHandler@1bf9d2dc{logs,/logs,file:///github/workspace/mnt/ozone/hadoop-ozone/integration-test/target/log,AVAILABLE}
2021-05-21 14:31:35,778 [Listener at 0.0.0.0/33441] INFO  handler.ContextHandler (ContextHandler.java:doStart(916)) - Started o.e.j.s.ServletContextHandler@125490ea{static,/static,file:///github/workspace/mnt/ozone/hadoop-ozone/integration-test/target/test-classes/webapps/static,AVAILABLE}
2021-05-21 14:31:35,781 [Listener at 0.0.0.0/33441] INFO  handler.ContextHandler (ContextHandler.java:doStart(916)) - Started o.e.j.w.WebAppContext@5b58129f{scm,/,file:///github/workspace/mnt/ozone/hadoop-ozone/integration-test/target/test-classes/webapps/scm/,AVAILABLE}{file:/github/workspace/mnt/ozone/hadoop-ozone/integration-test/target/test-classes/webapps/scm}
2021-05-21 14:31:35,782 [Listener at 0.0.0.0/33441] INFO  server.AbstractConnector (AbstractConnector.java:doStart(331)) - Started ServerConnector@22406e9b{HTTP/1.1, (http/1.1)}{0.0.0.0:33113}
2021-05-21 14:31:35,782 [Listener at 0.0.0.0/33441] INFO  server.Server (Server.java:doStart(415)) - Started @55924ms
2021-05-21 14:31:35,782 [Listener at 0.0.0.0/33441] WARN  impl.MetricsSystemImpl (MetricsSystemImpl.java:register(279)) - Sink prometheus already exists!
2021-05-21 14:31:35,786 [Listener at 0.0.0.0/33441] INFO  http.BaseHttpServer (BaseHttpServer.java:updateConnectorAddress(329)) - HTTP server of scm listening at http://0.0.0.0:33113
2021-05-21 14:31:35,786 [Listener at 0.0.0.0/33441] WARN  server.ServerUtils (ServerUtils.java:getDBPath(225)) - ozone.om.db.dirs is not configured. We recommend adding this setting. Falling back to ozone.metadata.dirs instead.
2021-05-21 14:31:35,787 [Listener at 0.0.0.0/33441] INFO  ha.OMHANodeDetails (OMHANodeDetails.java:loadOMHAConfig(105)) - ozone.om.internal.service.id is not defined, falling back to ozone.om.service.ids to find serviceID for OzoneManager if it is HA enabled cluster
2021-05-21 14:31:35,788 [Listener at 0.0.0.0/33441] INFO  ha.OMHANodeDetails (OMHANodeDetails.java:loadOMHAConfig(212)) - Configuration does not have ozone.om.address set. Falling back to the default OM address /127.0.0.1:0
2021-05-21 14:31:35,788 [Listener at 0.0.0.0/33441] INFO  ha.OMHANodeDetails (OMHANodeDetails.java:getOMNodeDetails(240)) - OM Service ID is not set. Setting it to the default ID: omServiceIdDefault
2021-05-21 14:31:35,788 [Listener at 0.0.0.0/33441] INFO  ha.OMHANodeDetails (OMHANodeDetails.java:getOMNodeDetails(247)) - OM Node ID is not set. Setting it to the default ID: om1
2021-05-21 14:31:35,788 [Listener at 0.0.0.0/33441] WARN  server.ServerUtils (ServerUtils.java:getDBPath(225)) - ozone.om.db.dirs is not configured. We recommend adding this setting. Falling back to ozone.metadata.dirs instead.
2021-05-21 14:31:35,789 [Listener at 0.0.0.0/33441] WARN  server.ServerUtils (ServerUtils.java:getDBPath(225)) - ozone.om.db.dirs is not configured. We recommend adding this setting. Falling back to ozone.metadata.dirs instead.
2021-05-21 14:31:35,798 [Listener at 0.0.0.0/33441] WARN  server.ServerUtils (ServerUtils.java:getDBPath(225)) - ozone.om.db.dirs is not configured. We recommend adding this setting. Falling back to ozone.metadata.dirs instead.
2021-05-21 14:31:35,799 [Listener at 0.0.0.0/33441] INFO  codec.OmKeyInfoCodec (OmKeyInfoCodec.java:<init>(43)) - OmKeyInfoCodec ignorePipeline = true
2021-05-21 14:31:35,799 [Listener at 0.0.0.0/33441] INFO  codec.RepeatedOmKeyInfoCodec (RepeatedOmKeyInfoCodec.java:<init>(42)) - RepeatedOmKeyInfoCodec ignorePipeline = true
2021-05-21 14:31:35,883 [Listener at 0.0.0.0/33441] INFO  om.OzoneManager (OzoneManager.java:addS3GVolumeToDB(3765)) - Created Volume s3v With Owner jenkins1001 required for S3Gateway operations.
2021-05-21 14:31:35,884 [Listener at 0.0.0.0/33441] WARN  server.ServerUtils (ServerUtils.java:getDefaultRatisDirectory(237)) - Storage directory for Ratis is not configured. It is a good idea to map this to an SSD disk. Falling back to ozone.metadata.dirs
2021-05-21 14:31:35,884 [Listener at 0.0.0.0/33441] WARN  ratis.OzoneManagerRatisServer (OzoneManagerRatisServer.java:getOMRatisSnapshotDirectory(634)) - ozone.om.ratis.snapshot.dir is not configured. Falling back to ozone.metadata.dirs config
2021-05-21 14:31:35,884 [Listener at 0.0.0.0/33441] WARN  server.ServerUtils (ServerUtils.java:getDefaultRatisDirectory(237)) - Storage directory for Ratis is not configured. It is a good idea to map this to an SSD disk. Falling back to ozone.metadata.dirs
2021-05-21 14:31:35,885 [Listener at 0.0.0.0/33441] INFO  ratis.OzoneManagerRatisServer (OzoneManagerRatisServer.java:<init>(288)) - Instantiating OM Ratis server with GroupID: omServiceIdDefault and Raft Peers: localhost:9872
2021-05-21 14:31:35,886 [Listener at 0.0.0.0/33441] INFO  ratis.OzoneManagerStateMachine (OzoneManagerStateMachine.java:loadSnapshotInfoFromDB(520)) - LastAppliedIndex is set from TransactionInfo from OM DB as (t:0, i:~)
2021-05-21 14:31:35,889 [Listener at 0.0.0.0/33441] INFO  server.RaftServer (ConfUtils.java:logGet(44)) - raft.rpc.type = GRPC (default)
2021-05-21 14:31:35,890 [Listener at 0.0.0.0/33441] INFO  grpc.GrpcFactory (GrpcFactory.java:checkPooledByteBufAllocatorUseCacheForAllThreads(48)) - PERFORMANCE WARNING: useCacheForAllThreads is true that may cause Netty to create a lot garbage objects and, as a result, trigger GC.
	It is recommended to disable useCacheForAllThreads by setting -Dorg.apache.ratis.thirdparty.io.netty.allocator.useCacheForAllThreads=false in command line.
2021-05-21 14:31:35,890 [Listener at 0.0.0.0/33441] INFO  grpc.GrpcConfigKeys (ConfUtils.java:logGet(44)) - raft.grpc.admin.port = -1 (default)
2021-05-21 14:31:35,890 [Listener at 0.0.0.0/33441] INFO  grpc.GrpcConfigKeys (ConfUtils.java:logGet(44)) - raft.grpc.server.port = 9872 (custom)
2021-05-21 14:31:35,890 [Listener at 0.0.0.0/33441] INFO  grpc.GrpcConfigKeys (ConfUtils.java:logGet(44)) - raft.grpc.client.port = -1 (default)
2021-05-21 14:31:35,890 [Listener at 0.0.0.0/33441] INFO  grpc.GrpcConfigKeys (ConfUtils.java:logGet(44)) - raft.grpc.server.port = 9872 (custom)
2021-05-21 14:31:35,890 [Listener at 0.0.0.0/33441] INFO  grpc.GrpcConfigKeys (ConfUtils.java:logGet(44)) - raft.grpc.server.port = 9872 (custom)
2021-05-21 14:31:35,891 [Listener at 0.0.0.0/33441] INFO  server.GrpcService (ConfUtils.java:logGet(44)) - raft.grpc.message.size.max = 33554432 (custom)
2021-05-21 14:31:35,891 [Listener at 0.0.0.0/33441] INFO  server.RaftServerConfigKeys (ConfUtils.java:logGet(44)) - raft.server.log.appender.buffer.byte-limit = 33554432 (custom)
2021-05-21 14:31:35,891 [Listener at 0.0.0.0/33441] INFO  server.GrpcService (ConfUtils.java:logGet(44)) - raft.grpc.flow.control.window = 1MB (=1048576) (default)
2021-05-21 14:31:35,891 [Listener at 0.0.0.0/33441] INFO  server.RaftServerConfigKeys (ConfUtils.java:logGet(44)) - raft.server.rpc.request.timeout = 3000ms (default)
2021-05-21 14:31:35,892 [Listener at 0.0.0.0/33441] INFO  impl.DataStreamServerImpl (ConfUtils.java:logGet(44)) - raft.datastream.type = DISABLED (default)
2021-05-21 14:31:35,892 [Listener at 0.0.0.0/33441] INFO  server.RaftServerConfigKeys (ConfUtils.java:logGet(44)) - raft.server.rpc.slowness.timeout = 120s (custom)
2021-05-21 14:31:35,893 [Listener at 0.0.0.0/33441] INFO  server.RaftServerConfigKeys (ConfUtils.java:logGet(44)) - raft.server.leaderelection.leader.step-down.wait-time = 10s (default)
2021-05-21 14:31:35,893 [Listener at 0.0.0.0/33441] INFO  server.RaftServerConfigKeys (ConfUtils.java:logGet(44)) - raft.server.storage.dir = [/github/workspace/mnt/ozone/hadoop-ozone/integration-test/target/test-dir/MiniOzoneClusterImpl-22464894-f501-479f-ae18-3fb6cdd505c4/ozone-meta/ratis] (custom)
2021-05-21 14:31:35,893 [Listener at 0.0.0.0/33441] INFO  server.RaftServer (RaftServerProxy.java:addNew(95)) - om1: addNew group-C5BA1605619E:[om1|rpc:localhost:9872|priority:0] returns group-C5BA1605619E:java.util.concurrent.CompletableFuture@21a993d4[Not completed]
2021-05-21 14:31:35,893 [Listener at 0.0.0.0/33441] INFO  om.OzoneManager (OzoneManager.java:initializeRatisServer(1295)) - OzoneManager Ratis server initialized at port 9872
2021-05-21 14:31:35,894 [Listener at 0.0.0.0/33441] INFO  ipc.CallQueueManager (CallQueueManager.java:<init>(85)) - Using callQueue: class java.util.concurrent.LinkedBlockingQueue, queueCapacity: 2000, scheduler: class org.apache.hadoop.ipc.DefaultRpcScheduler, ipcBackoff: false.
2021-05-21 14:31:35,895 [pool-272-thread-1] INFO  server.RaftServer$Division (RaftServerImpl.java:<init>(180)) - om1: new RaftServerImpl for group-C5BA1605619E:[om1|rpc:localhost:9872|priority:0] with OzoneManagerStateMachine:uninitialized
2021-05-21 14:31:35,895 [pool-272-thread-1] INFO  server.RaftServerConfigKeys (ConfUtils.java:logGet(44)) - raft.server.rpc.timeout.min = 1s (custom)
2021-05-21 14:31:35,896 [pool-272-thread-1] INFO  server.RaftServerConfigKeys (ConfUtils.java:logGet(44)) - raft.server.rpc.timeout.max = 1200ms (custom)
2021-05-21 14:31:35,896 [pool-272-thread-1] INFO  server.RaftServerConfigKeys (ConfUtils.java:logGet(44)) - raft.server.rpc.sleep.time = 25ms (default)
2021-05-21 14:31:35,896 [pool-272-thread-1] INFO  server.RaftServerConfigKeys (ConfUtils.java:logGet(44)) - raft.server.rpc.slowness.timeout = 120s (custom)
2021-05-21 14:31:35,896 [pool-272-thread-1] INFO  server.RaftServerConfigKeys (ConfUtils.java:logGet(44)) - raft.server.leaderelection.leader.step-down.wait-time = 10s (default)
2021-05-21 14:31:35,896 [pool-272-thread-1] INFO  server.RaftServerConfigKeys (ConfUtils.java:logGet(44)) - raft.server.sleep.deviation.threshold = 300ms (default)
2021-05-21 14:31:35,896 [pool-272-thread-1] INFO  server.RaftServerConfigKeys (ConfUtils.java:logGet(44)) - raft.server.log.appender.install.snapshot.enabled = false (custom)
2021-05-21 14:31:35,896 [pool-272-thread-1] INFO  server.RaftServer$Division (ServerState.java:<init>(105)) - om1@group-C5BA1605619E: ConfigurationManager, init=-1: [om1|rpc:localhost:9872|priority:0], old=null, confs=<EMPTY_MAP>
2021-05-21 14:31:35,896 [pool-272-thread-1] INFO  server.RaftServerConfigKeys (ConfUtils.java:logGet(44)) - raft.server.storage.dir = [/github/workspace/mnt/ozone/hadoop-ozone/integration-test/target/test-dir/MiniOzoneClusterImpl-22464894-f501-479f-ae18-3fb6cdd505c4/ozone-meta/ratis] (custom)
2021-05-21 14:31:35,896 [pool-272-thread-1] INFO  server.RaftServerConfigKeys (ConfUtils.java:logGet(44)) - raft.server.log.corruption.policy = EXCEPTION (default)
2021-05-21 14:31:35,897 [pool-272-thread-1] INFO  storage.RaftStorageDirectory (RaftStorageDirectoryImpl.java:analyzeStorage(132)) - The storage directory /github/workspace/mnt/ozone/hadoop-ozone/integration-test/target/test-dir/MiniOzoneClusterImpl-22464894-f501-479f-ae18-3fb6cdd505c4/ozone-meta/ratis/bf265839-605b-3f16-9796-c5ba1605619e does not exist. Creating ...
2021-05-21 14:31:35,897 [Socket Reader #1 for port 0] INFO  ipc.Server (Server.java:run(1255)) - Starting Socket Reader #1 for port 0
2021-05-21 14:31:35,903 [pool-272-thread-1] INFO  storage.RaftStorageDirectory (RaftStorageDirectoryImpl.java:tryLock(215)) - Lock on /github/workspace/mnt/ozone/hadoop-ozone/integration-test/target/test-dir/MiniOzoneClusterImpl-22464894-f501-479f-ae18-3fb6cdd505c4/ozone-meta/ratis/bf265839-605b-3f16-9796-c5ba1605619e/in_use.lock acquired by nodename 4736@b766c8128f74
2021-05-21 14:31:35,905 [pool-272-thread-1] INFO  storage.RaftStorage (RaftStorageImpl.java:format(87)) - Storage directory /github/workspace/mnt/ozone/hadoop-ozone/integration-test/target/test-dir/MiniOzoneClusterImpl-22464894-f501-479f-ae18-3fb6cdd505c4/ozone-meta/ratis/bf265839-605b-3f16-9796-c5ba1605619e has been successfully formatted.
2021-05-21 14:31:35,905 [pool-272-thread-1] INFO  server.RaftServerConfigKeys (ConfUtils.java:logGet(44)) - raft.server.notification.no-leader.timeout = 120s (custom)
2021-05-21 14:31:35,905 [pool-272-thread-1] INFO  server.RaftServerConfigKeys (ConfUtils.java:logGet(44)) - raft.server.log.use.memory = false (default)
2021-05-21 14:31:35,905 [pool-272-thread-1] INFO  server.RaftServerConfigKeys (ConfUtils.java:logGet(44)) - raft.server.log.purge.gap = 1000000 (custom)
2021-05-21 14:31:35,905 [pool-272-thread-1] INFO  server.RaftServerConfigKeys (ConfUtils.java:logGet(44)) - raft.server.log.appender.buffer.byte-limit = 33554432 (custom)
2021-05-21 14:31:35,905 [pool-272-thread-1] INFO  metrics.RatisMetrics (RatisMetrics.java:lambda$create$0(36)) - Creating Metrics Registry : ratis.log_worker.om1@group-C5BA1605619E
2021-05-21 14:31:35,905 [pool-272-thread-1] INFO  server.RaftServerConfigKeys (ConfUtils.java:logGet(44)) - raft.server.log.segment.size.max = 4194304 (custom)
2021-05-21 14:31:35,906 [pool-272-thread-1] INFO  server.RaftServerConfigKeys (ConfUtils.java:logGet(44)) - raft.server.log.segment.cache.num.max = 2 (custom)
2021-05-21 14:31:35,906 [pool-272-thread-1] INFO  server.RaftServerConfigKeys (ConfUtils.java:logGet(44)) - raft.server.log.segment.cache.size.max = 200MB (=209715200) (default)
2021-05-21 14:31:35,906 [pool-272-thread-1] INFO  segmented.SegmentedRaftLogWorker (SegmentedRaftLogWorker.java:<init>(182)) - new om1@group-C5BA1605619E-SegmentedRaftLogWorker for RaftStorageImpl:Storage Directory /github/workspace/mnt/ozone/hadoop-ozone/integration-test/target/test-dir/MiniOzoneClusterImpl-22464894-f501-479f-ae18-3fb6cdd505c4/ozone-meta/ratis/bf265839-605b-3f16-9796-c5ba1605619e
2021-05-21 14:31:35,906 [pool-272-thread-1] INFO  server.RaftServerConfigKeys (ConfUtils.java:logGet(44)) - raft.server.log.queue.byte-limit = 64MB (=67108864) (default)
2021-05-21 14:31:35,906 [pool-272-thread-1] INFO  server.RaftServerConfigKeys (ConfUtils.java:logGet(44)) - raft.server.log.queue.element-limit = 4096 (default)
2021-05-21 14:31:35,906 [pool-272-thread-1] INFO  server.RaftServerConfigKeys (ConfUtils.java:logGet(44)) - raft.server.log.segment.size.max = 4194304 (custom)
2021-05-21 14:31:35,906 [pool-272-thread-1] INFO  server.RaftServerConfigKeys (ConfUtils.java:logGet(44)) - raft.server.log.preallocated.size = 4194304 (custom)
2021-05-21 14:31:35,906 [pool-272-thread-1] INFO  server.RaftServerConfigKeys (ConfUtils.java:logGet(44)) - raft.server.log.force.sync.num = 128 (default)
2021-05-21 14:31:35,906 [pool-272-thread-1] INFO  server.RaftServerConfigKeys (ConfUtils.java:logGet(44)) - raft.server.log.statemachine.data.sync = true (default)
2021-05-21 14:31:35,906 [pool-272-thread-1] INFO  server.RaftServerConfigKeys (ConfUtils.java:logGet(44)) - raft.server.log.statemachine.data.sync.timeout = 10s (default)
2021-05-21 14:31:35,906 [pool-272-thread-1] INFO  server.RaftServerConfigKeys (ConfUtils.java:logGet(44)) - raft.server.log.statemachine.data.sync.timeout.retry = -1 (default)
2021-05-21 14:31:35,907 [pool-272-thread-1] INFO  server.RaftServerConfigKeys (ConfUtils.java:logGet(44)) - raft.server.log.write.buffer.size = 64KB (=65536) (default)
2021-05-21 14:31:35,907 [pool-272-thread-1] INFO  server.RaftServerConfigKeys (ConfUtils.java:logGet(44)) - raft.server.log.statemachine.data.caching.enabled = false (default)
2021-05-21 14:31:35,907 [pool-272-thread-1] INFO  segmented.SegmentedRaftLogWorker (SegmentedRaftLogWorker.java:lambda$new$0(133)) - om1@group-C5BA1605619E-SegmentedRaftLogWorker: flushIndex: setUnconditionally 0 -> -1
2021-05-21 14:31:35,907 [pool-272-thread-1] INFO  segmented.SegmentedRaftLogWorker (SegmentedRaftLogWorker.java:lambda$new$0(133)) - om1@group-C5BA1605619E-SegmentedRaftLogWorker: safeCacheEvictIndex: setUnconditionally 0 -> -1
2021-05-21 14:31:35,907 [pool-272-thread-1] INFO  server.RaftServerConfigKeys (ConfUtils.java:logGet(44)) - raft.server.snapshot.auto.trigger.enabled = true (custom)
2021-05-21 14:31:35,908 [pool-272-thread-1] INFO  server.RaftServerConfigKeys (ConfUtils.java:logGet(44)) - raft.server.snapshot.auto.trigger.threshold = 400000 (default)
2021-05-21 14:31:35,908 [pool-272-thread-1] INFO  server.RaftServerConfigKeys (ConfUtils.java:logGet(44)) - raft.server.snapshot.retention.file.num = -1 (default)
2021-05-21 14:31:35,908 [pool-272-thread-1] INFO  server.RaftServerConfigKeys (ConfUtils.java:logGet(44)) - raft.server.log.purge.upto.snapshot.index = true (custom)
2021-05-21 14:31:35,908 [pool-272-thread-1] INFO  server.RaftServerConfigKeys (ConfUtils.java:logGet(44)) - raft.server.retrycache.expirytime = 300s (custom)
2021-05-21 14:31:35,908 [pool-272-thread-1] INFO  server.RaftServerConfigKeys (ConfUtils.java:logGet(44)) - raft.server.retrycache.statistics.expirytime = 100?s (default)
2021-05-21 14:31:35,908 [pool-272-thread-1] INFO  metrics.RatisMetrics (RatisMetrics.java:lambda$create$0(36)) - Creating Metrics Registry : ratis.leader_election.om1@group-C5BA1605619E
2021-05-21 14:31:35,908 [pool-272-thread-1] INFO  metrics.RatisMetrics (RatisMetrics.java:lambda$create$0(36)) - Creating Metrics Registry : ratis.server.om1@group-C5BA1605619E
2021-05-21 14:31:35,916 [Listener at 127.0.0.1/41311] INFO  impl.MetricsSystemImpl (MetricsSystemImpl.java:init(158)) - OzoneManager metrics system started (again)
2021-05-21 14:31:35,917 [Listener at 127.0.0.1/41311] INFO  om.OzoneManager (OzoneManager.java:start(1105)) - OzoneManager RPC server is listening at localhost/127.0.0.1:41311
2021-05-21 14:31:35,917 [Listener at 127.0.0.1/41311] INFO  ratis.OzoneManagerRatisServer (OzoneManagerRatisServer.java:start(388)) - Starting OzoneManagerRatisServer om1 at port 9872
2021-05-21 14:31:35,917 [Listener at 127.0.0.1/41311] INFO  server.RaftServer$Division (RaftServerImpl.java:start(295)) - om1@group-C5BA1605619E: start as a follower, conf=-1: [om1|rpc:localhost:9872|priority:0], old=null
2021-05-21 14:31:35,917 [Listener at 127.0.0.1/41311] INFO  server.RaftServer$Division (RaftServerImpl.java:setRole(284)) - om1@group-C5BA1605619E: changes role from      null to FOLLOWER at term 0 for startAsFollower
2021-05-21 14:31:35,917 [Listener at 127.0.0.1/41311] INFO  impl.RoleInfo (RoleInfo.java:updateAndGet(130)) - om1: start om1@group-C5BA1605619E-FollowerState
2021-05-21 14:31:35,918 [Listener at 127.0.0.1/41311] INFO  util.JmxRegister (JmxRegister.java:tryRegister(44)) - Successfully registered JMX Bean with object name Ratis:service=RaftServer,group=group-C5BA1605619E,id=om1
2021-05-21 14:31:35,918 [Listener at 127.0.0.1/41311] INFO  metrics.RatisMetrics (RatisMetrics.java:lambda$create$0(36)) - Creating Metrics Registry : ratis.state_machine.om1@group-C5BA1605619E
2021-05-21 14:31:35,923 [Listener at 127.0.0.1/41311] INFO  server.RaftServer (RaftServerProxy.java:lambda$start$5(374)) - om1: start RPC server
2021-05-21 14:31:35,924 [Listener at 127.0.0.1/41311] INFO  server.GrpcService (GrpcService.java:startImpl(253)) - om1: GrpcService started, listening on 9872
2021-05-21 14:31:35,924 [org.apache.ratis.util.JvmPauseMonitor$$Lambda$504/1419640349@6450bea7] INFO  util.JvmPauseMonitor (JvmPauseMonitor.java:run(103)) - JvmPauseMonitor-om1: Started
2021-05-21 14:31:36,054 [Listener at 127.0.0.1/41311] INFO  http.BaseHttpServer (BaseHttpServer.java:newHttpServer2BuilderForOzone(209)) - Starting Web-server for ozoneManager at: http://0.0.0.0:0
2021-05-21 14:31:36,054 [Listener at 127.0.0.1/41311] INFO  http.BaseHttpServer (BaseHttpServer.java:<init>(107)) - Hadoop Security Enabled: false Ozone Security Enabled: false Ozone HTTP Security Enabled: false 
2021-05-21 14:31:36,055 [Listener at 127.0.0.1/41311] INFO  server.AuthenticationFilter (AuthenticationFilter.java:constructSecretProvider(240)) - Unable to initialize FileSignerSecretProvider, falling back to use random secrets.
2021-05-21 14:31:36,056 [Listener at 127.0.0.1/41311] WARN  http.HttpRequestLog (HttpRequestLog.java:getRequestLog(103)) - Jetty request log can only be enabled using Log4j
2021-05-21 14:31:36,057 [Listener at 127.0.0.1/41311] INFO  http.HttpServer2 (HttpServer2.java:addGlobalFilter(1020)) - Added global filter 'safety' (class=org.apache.hadoop.hdds.server.http.HttpServer2$QuotingInputFilter)
2021-05-21 14:31:36,058 [Listener at 127.0.0.1/41311] INFO  http.HttpServer2 (HttpServer2.java:addFilter(996)) - Added filter static_user_filter (class=org.apache.hadoop.http.lib.StaticUserWebFilter$StaticUserFilter) to context ozoneManager
2021-05-21 14:31:36,058 [Listener at 127.0.0.1/41311] INFO  http.HttpServer2 (HttpServer2.java:addFilter(1004)) - Added filter static_user_filter (class=org.apache.hadoop.http.lib.StaticUserWebFilter$StaticUserFilter) to context logs
2021-05-21 14:31:36,058 [Listener at 127.0.0.1/41311] INFO  http.HttpServer2 (HttpServer2.java:addFilter(1004)) - Added filter static_user_filter (class=org.apache.hadoop.http.lib.StaticUserWebFilter$StaticUserFilter) to context static
2021-05-21 14:31:36,059 [Listener at 127.0.0.1/41311] INFO  http.HttpServer2 (HttpServer2.java:bindListener(1238)) - Jetty bound to port 42467
2021-05-21 14:31:36,059 [Listener at 127.0.0.1/41311] INFO  server.Server (Server.java:doStart(375)) - jetty-9.4.35.v20201120; built: 2020-11-20T21:17:03.964Z; git: bdc54f03a5e0a7e280fab27f55c3c75ee8da89fb; jvm 1.8.0_232-b09
2021-05-21 14:31:36,061 [Listener at 127.0.0.1/41311] INFO  server.session (DefaultSessionIdManager.java:doStart(334)) - DefaultSessionIdManager workerName=node0
2021-05-21 14:31:36,061 [Listener at 127.0.0.1/41311] INFO  server.session (DefaultSessionIdManager.java:doStart(339)) - No SessionScavenger set, using defaults
2021-05-21 14:31:36,061 [Listener at 127.0.0.1/41311] INFO  server.session (HouseKeeper.java:startScavenging(132)) - node0 Scavenging every 600000ms
2021-05-21 14:31:36,062 [Listener at 127.0.0.1/41311] INFO  handler.ContextHandler (ContextHandler.java:doStart(916)) - Started o.e.j.s.ServletContextHandler@45adac0e{logs,/logs,file:///github/workspace/mnt/ozone/hadoop-ozone/integration-test/target/log,AVAILABLE}
2021-05-21 14:31:36,063 [Listener at 127.0.0.1/41311] INFO  handler.ContextHandler (ContextHandler.java:doStart(916)) - Started o.e.j.s.ServletContextHandler@5307fee{static,/static,file:///github/workspace/mnt/ozone/hadoop-ozone/integration-test/target/test-classes/webapps/static,AVAILABLE}
2021-05-21 14:31:36,066 [Listener at 127.0.0.1/41311] INFO  handler.ContextHandler (ContextHandler.java:doStart(916)) - Started o.e.j.w.WebAppContext@2d059642{ozoneManager,/,file:///github/workspace/mnt/ozone/hadoop-ozone/integration-test/target/test-classes/webapps/ozoneManager/,AVAILABLE}{file:/github/workspace/mnt/ozone/hadoop-ozone/integration-test/target/test-classes/webapps/ozoneManager}
2021-05-21 14:31:36,067 [Listener at 127.0.0.1/41311] INFO  server.AbstractConnector (AbstractConnector.java:doStart(331)) - Started ServerConnector@4fd5db1d{HTTP/1.1, (http/1.1)}{0.0.0.0:42467}
2021-05-21 14:31:36,067 [Listener at 127.0.0.1/41311] INFO  server.Server (Server.java:doStart(415)) - Started @56209ms
2021-05-21 14:31:36,067 [Listener at 127.0.0.1/41311] WARN  impl.MetricsSystemImpl (MetricsSystemImpl.java:register(279)) - Sink prometheus already exists!
2021-05-21 14:31:36,070 [Listener at 127.0.0.1/41311] INFO  http.BaseHttpServer (BaseHttpServer.java:updateConnectorAddress(329)) - HTTP server of ozoneManager listening at http://0.0.0.0:42467
2021-05-21 14:31:36,070 [IPC Server Responder] INFO  ipc.Server (Server.java:run(1497)) - IPC Server Responder: starting
2021-05-21 14:31:36,071 [IPC Server listener on 0] INFO  ipc.Server (Server.java:run(1334)) - IPC Server listener on 0: starting
2021-05-21 14:31:36,078 [Listener at 127.0.0.1/41311] INFO  om.OzoneManager (OzoneManager.java:startTrashEmptier(1235)) - Trash Interval set to 0. Files deleted will not move to trash
2021-05-21 14:31:36,079 [org.apache.hadoop.util.JvmPauseMonitor$Monitor@6ad29dfa] INFO  util.JvmPauseMonitor (JvmPauseMonitor.java:run(188)) - Starting JVM pause monitor
2021-05-21 14:31:36,093 [Listener at 127.0.0.1/41311] INFO  impl.MetricsSystemImpl (MetricsSystemImpl.java:init(158)) - HddsDatanode metrics system started (again)
2021-05-21 14:31:36,094 [Listener at 127.0.0.1/41311] INFO  ozone.HddsDatanodeService (HddsDatanodeService.java:start(220)) - HddsDatanodeService host:b766c8128f74 ip:172.17.0.2
2021-05-21 14:31:36,117 [Listener at 127.0.0.1/41311] INFO  volume.HddsVolume (HddsVolume.java:<init>(184)) - Creating Volume: /github/workspace/mnt/ozone/hadoop-ozone/integration-test/target/test-dir/MiniOzoneClusterImpl-22464894-f501-479f-ae18-3fb6cdd505c4/datanode-0/data-0/containers/hdds of storage type : DISK and capacity : 9223372036854775807
2021-05-21 14:31:36,117 [Listener at 127.0.0.1/41311] INFO  volume.MutableVolumeSet (MutableVolumeSet.java:initializeVolumeSet(195)) - Added Volume : /github/workspace/mnt/ozone/hadoop-ozone/integration-test/target/test-dir/MiniOzoneClusterImpl-22464894-f501-479f-ae18-3fb6cdd505c4/datanode-0/data-0/containers/hdds to VolumeSet
2021-05-21 14:31:36,117 [Listener at 127.0.0.1/41311] INFO  volume.ThrottledAsyncChecker (ThrottledAsyncChecker.java:schedule(141)) - Scheduling a check for /github/workspace/mnt/ozone/hadoop-ozone/integration-test/target/test-dir/MiniOzoneClusterImpl-22464894-f501-479f-ae18-3fb6cdd505c4/datanode-0/data-0/containers/hdds
2021-05-21 14:31:36,119 [Listener at 127.0.0.1/41311] INFO  volume.HddsVolumeChecker (HddsVolumeChecker.java:checkAllVolumes(200)) - Scheduled health check for volume /github/workspace/mnt/ozone/hadoop-ozone/integration-test/target/test-dir/MiniOzoneClusterImpl-22464894-f501-479f-ae18-3fb6cdd505c4/datanode-0/data-0/containers/hdds
2021-05-21 14:31:36,133 [Listener at 127.0.0.1/41311] INFO  ozoneimpl.ContainerReader (ContainerReader.java:<init>(98)) - Running in upgrade mode:true
2021-05-21 14:31:36,133 [Thread-748] INFO  ozoneimpl.ContainerReader (ContainerReader.java:readVolume(142)) - Start to verify containers on volume /github/workspace/mnt/ozone/hadoop-ozone/integration-test/target/test-dir/MiniOzoneClusterImpl-22464894-f501-479f-ae18-3fb6cdd505c4/datanode-0/data-0/containers/hdds
2021-05-21 14:31:36,133 [Thread-748] INFO  ozoneimpl.ContainerReader (ContainerReader.java:readVolume(174)) - Finish verifying containers on volume /github/workspace/mnt/ozone/hadoop-ozone/integration-test/target/test-dir/MiniOzoneClusterImpl-22464894-f501-479f-ae18-3fb6cdd505c4/datanode-0/data-0/containers/hdds
2021-05-21 14:31:36,133 [Listener at 127.0.0.1/41311] INFO  ozoneimpl.OzoneContainer (OzoneContainer.java:buildContainerSet(225)) - Build ContainerSet costs 0s
2021-05-21 14:31:36,135 [Listener at 127.0.0.1/41311] INFO  server.RaftServer (ConfUtils.java:logGet(44)) - raft.rpc.type = GRPC (default)
2021-05-21 14:31:36,135 [Listener at 127.0.0.1/41311] INFO  grpc.GrpcFactory (GrpcFactory.java:checkPooledByteBufAllocatorUseCacheForAllThreads(48)) - PERFORMANCE WARNING: useCacheForAllThreads is true that may cause Netty to create a lot garbage objects and, as a result, trigger GC.
	It is recommended to disable useCacheForAllThreads by setting -Dorg.apache.ratis.thirdparty.io.netty.allocator.useCacheForAllThreads=false in command line.
2021-05-21 14:31:36,136 [Listener at 127.0.0.1/41311] INFO  grpc.GrpcConfigKeys (ConfUtils.java:logGet(44)) - raft.grpc.admin.port = 0 (custom)
2021-05-21 14:31:36,136 [Listener at 127.0.0.1/41311] INFO  grpc.GrpcConfigKeys (ConfUtils.java:logGet(44)) - raft.grpc.client.port = 0 (custom)
2021-05-21 14:31:36,136 [Listener at 127.0.0.1/41311] INFO  grpc.GrpcConfigKeys (ConfUtils.java:logGet(44)) - raft.grpc.server.port = 0 (default)
2021-05-21 14:31:36,136 [Listener at 127.0.0.1/41311] INFO  server.GrpcService (ConfUtils.java:logGet(44)) - raft.grpc.message.size.max = 32MB (=33554432) (custom)
2021-05-21 14:31:36,136 [Listener at 127.0.0.1/41311] INFO  server.RaftServerConfigKeys (ConfUtils.java:logGet(44)) - raft.server.log.appender.buffer.byte-limit = 33554432 (custom)
2021-05-21 14:31:36,137 [Listener at 127.0.0.1/41311] INFO  server.GrpcService (ConfUtils.java:logGet(44)) - raft.grpc.flow.control.window = 5MB (=5242880) (custom)
2021-05-21 14:31:36,137 [Listener at 127.0.0.1/41311] INFO  server.RaftServerConfigKeys (ConfUtils.java:logGet(44)) - raft.server.rpc.request.timeout = 60s (custom)
2021-05-21 14:31:36,138 [Listener at 127.0.0.1/41311] INFO  impl.DataStreamServerImpl (ConfUtils.java:logGet(44)) - raft.datastream.type = DISABLED (default)
2021-05-21 14:31:36,138 [Listener at 127.0.0.1/41311] INFO  server.RaftServerConfigKeys (ConfUtils.java:logGet(44)) - raft.server.rpc.slowness.timeout = 300s (custom)
2021-05-21 14:31:36,138 [Listener at 127.0.0.1/41311] INFO  server.RaftServerConfigKeys (ConfUtils.java:logGet(44)) - raft.server.leaderelection.leader.step-down.wait-time = 10s (default)
2021-05-21 14:31:36,138 [Listener at 127.0.0.1/41311] INFO  server.RaftServerConfigKeys (ConfUtils.java:logGet(44)) - raft.server.storage.dir = [/github/workspace/mnt/ozone/hadoop-ozone/integration-test/target/test-dir/MiniOzoneClusterImpl-22464894-f501-479f-ae18-3fb6cdd505c4/datanode-0/data/ratis] (custom)
2021-05-21 14:31:36,143 [Listener at 127.0.0.1/41311] INFO  http.BaseHttpServer (BaseHttpServer.java:newHttpServer2BuilderForOzone(209)) - Starting Web-server for hddsDatanode at: http://0.0.0.0:0
2021-05-21 14:31:36,144 [Listener at 127.0.0.1/41311] INFO  http.BaseHttpServer (BaseHttpServer.java:<init>(107)) - Hadoop Security Enabled: false Ozone Security Enabled: false Ozone HTTP Security Enabled: false 
2021-05-21 14:31:36,145 [Listener at 127.0.0.1/41311] INFO  server.AuthenticationFilter (AuthenticationFilter.java:constructSecretProvider(240)) - Unable to initialize FileSignerSecretProvider, falling back to use random secrets.
2021-05-21 14:31:36,145 [Listener at 127.0.0.1/41311] WARN  http.HttpRequestLog (HttpRequestLog.java:getRequestLog(103)) - Jetty request log can only be enabled using Log4j
2021-05-21 14:31:36,146 [Listener at 127.0.0.1/41311] INFO  http.HttpServer2 (HttpServer2.java:addGlobalFilter(1020)) - Added global filter 'safety' (class=org.apache.hadoop.hdds.server.http.HttpServer2$QuotingInputFilter)
2021-05-21 14:31:36,146 [Listener at 127.0.0.1/41311] INFO  http.HttpServer2 (HttpServer2.java:addFilter(996)) - Added filter static_user_filter (class=org.apache.hadoop.http.lib.StaticUserWebFilter$StaticUserFilter) to context hddsDatanode
2021-05-21 14:31:36,146 [Listener at 127.0.0.1/41311] INFO  http.HttpServer2 (HttpServer2.java:addFilter(1004)) - Added filter static_user_filter (class=org.apache.hadoop.http.lib.StaticUserWebFilter$StaticUserFilter) to context static
2021-05-21 14:31:36,147 [Listener at 127.0.0.1/41311] INFO  http.HttpServer2 (HttpServer2.java:addFilter(1004)) - Added filter static_user_filter (class=org.apache.hadoop.http.lib.StaticUserWebFilter$StaticUserFilter) to context logs
2021-05-21 14:31:36,147 [Listener at 127.0.0.1/41311] INFO  http.HttpServer2 (HttpServer2.java:bindListener(1238)) - Jetty bound to port 44949
2021-05-21 14:31:36,147 [Listener at 127.0.0.1/41311] INFO  server.Server (Server.java:doStart(375)) - jetty-9.4.35.v20201120; built: 2020-11-20T21:17:03.964Z; git: bdc54f03a5e0a7e280fab27f55c3c75ee8da89fb; jvm 1.8.0_232-b09
2021-05-21 14:31:36,148 [Listener at 127.0.0.1/41311] INFO  server.session (DefaultSessionIdManager.java:doStart(334)) - DefaultSessionIdManager workerName=node0
2021-05-21 14:31:36,148 [Listener at 127.0.0.1/41311] INFO  server.session (DefaultSessionIdManager.java:doStart(339)) - No SessionScavenger set, using defaults
2021-05-21 14:31:36,149 [Listener at 127.0.0.1/41311] INFO  server.session (HouseKeeper.java:startScavenging(132)) - node0 Scavenging every 600000ms
2021-05-21 14:31:36,149 [Listener at 127.0.0.1/41311] INFO  handler.ContextHandler (ContextHandler.java:doStart(916)) - Started o.e.j.s.ServletContextHandler@741db103{logs,/logs,file:///github/workspace/mnt/ozone/hadoop-ozone/integration-test/target/log,AVAILABLE}
2021-05-21 14:31:36,150 [Listener at 127.0.0.1/41311] INFO  handler.ContextHandler (ContextHandler.java:doStart(916)) - Started o.e.j.s.ServletContextHandler@3cfc0190{static,/static,jar:file:/home/user/.m2/repository/org/apache/hadoop/hadoop-hdds-container-service/1.2.0-SNAPSHOT/hadoop-hdds-container-service-1.2.0-SNAPSHOT.jar!/webapps/static,AVAILABLE}
2021-05-21 14:31:36,306 [Listener at 127.0.0.1/41311] INFO  handler.ContextHandler (ContextHandler.java:doStart(916)) - Started o.e.j.w.WebAppContext@3f76269e{hddsDatanode,/,file:///tmp/jetty-0_0_0_0-44949-hadoop-hdds-container-service-1_2_0-SNAPSHOT_jar-_-any-389865914579357813/webapp/,AVAILABLE}{jar:file:/home/user/.m2/repository/org/apache/hadoop/hadoop-hdds-container-service/1.2.0-SNAPSHOT/hadoop-hdds-container-service-1.2.0-SNAPSHOT.jar!/webapps/hddsDatanode}
2021-05-21 14:31:36,308 [Listener at 127.0.0.1/41311] INFO  server.AbstractConnector (AbstractConnector.java:doStart(331)) - Started ServerConnector@66949b48{HTTP/1.1, (http/1.1)}{0.0.0.0:44949}
2021-05-21 14:31:36,308 [Listener at 127.0.0.1/41311] INFO  server.Server (Server.java:doStart(415)) - Started @56450ms
2021-05-21 14:31:36,308 [Listener at 127.0.0.1/41311] WARN  impl.MetricsSystemImpl (MetricsSystemImpl.java:register(279)) - Sink prometheus already exists!
2021-05-21 14:31:36,312 [Listener at 127.0.0.1/41311] INFO  http.BaseHttpServer (BaseHttpServer.java:updateConnectorAddress(329)) - HTTP server of hddsDatanode listening at http://0.0.0.0:44949
2021-05-21 14:31:36,312 [Listener at 127.0.0.1/41311] INFO  impl.MetricsSystemImpl (MetricsSystemImpl.java:init(158)) - HddsDatanode metrics system started (again)
2021-05-21 14:31:36,314 [Listener at 127.0.0.1/41311] INFO  ozone.HddsDatanodeService (HddsDatanodeService.java:start(220)) - HddsDatanodeService host:b766c8128f74 ip:172.17.0.2
2021-05-21 14:31:36,320 [org.apache.hadoop.util.JvmPauseMonitor$Monitor@43c31808] INFO  util.JvmPauseMonitor (JvmPauseMonitor.java:run(188)) - Starting JVM pause monitor
2021-05-21 14:31:36,322 [Datanode State Machine Task Thread - 0] INFO  datanode.InitDatanodeState (InitDatanodeState.java:persistContainerDatanodeDetails(145)) - DatanodeDetails is persisted to /github/workspace/mnt/ozone/hadoop-ozone/integration-test/target/test-dir/MiniOzoneClusterImpl-22464894-f501-479f-ae18-3fb6cdd505c4/datanode-0/meta/datanode.id
2021-05-21 14:31:36,345 [Listener at 127.0.0.1/41311] INFO  volume.HddsVolume (HddsVolume.java:<init>(184)) - Creating Volume: /github/workspace/mnt/ozone/hadoop-ozone/integration-test/target/test-dir/MiniOzoneClusterImpl-22464894-f501-479f-ae18-3fb6cdd505c4/datanode-1/data-0/containers/hdds of storage type : DISK and capacity : 9223372036854775807
2021-05-21 14:31:36,345 [Listener at 127.0.0.1/41311] INFO  volume.MutableVolumeSet (MutableVolumeSet.java:initializeVolumeSet(195)) - Added Volume : /github/workspace/mnt/ozone/hadoop-ozone/integration-test/target/test-dir/MiniOzoneClusterImpl-22464894-f501-479f-ae18-3fb6cdd505c4/datanode-1/data-0/containers/hdds to VolumeSet
2021-05-21 14:31:36,345 [Listener at 127.0.0.1/41311] INFO  volume.ThrottledAsyncChecker (ThrottledAsyncChecker.java:schedule(141)) - Scheduling a check for /github/workspace/mnt/ozone/hadoop-ozone/integration-test/target/test-dir/MiniOzoneClusterImpl-22464894-f501-479f-ae18-3fb6cdd505c4/datanode-1/data-0/containers/hdds
2021-05-21 14:31:36,346 [Listener at 127.0.0.1/41311] INFO  volume.HddsVolumeChecker (HddsVolumeChecker.java:checkAllVolumes(200)) - Scheduled health check for volume /github/workspace/mnt/ozone/hadoop-ozone/integration-test/target/test-dir/MiniOzoneClusterImpl-22464894-f501-479f-ae18-3fb6cdd505c4/datanode-1/data-0/containers/hdds
2021-05-21 14:31:36,359 [Listener at 127.0.0.1/41311] INFO  ozoneimpl.ContainerReader (ContainerReader.java:<init>(98)) - Running in upgrade mode:true
2021-05-21 14:31:36,360 [Thread-759] INFO  ozoneimpl.ContainerReader (ContainerReader.java:readVolume(142)) - Start to verify containers on volume /github/workspace/mnt/ozone/hadoop-ozone/integration-test/target/test-dir/MiniOzoneClusterImpl-22464894-f501-479f-ae18-3fb6cdd505c4/datanode-1/data-0/containers/hdds
2021-05-21 14:31:36,360 [Thread-759] INFO  ozoneimpl.ContainerReader (ContainerReader.java:readVolume(174)) - Finish verifying containers on volume /github/workspace/mnt/ozone/hadoop-ozone/integration-test/target/test-dir/MiniOzoneClusterImpl-22464894-f501-479f-ae18-3fb6cdd505c4/datanode-1/data-0/containers/hdds
2021-05-21 14:31:36,360 [Listener at 127.0.0.1/41311] INFO  ozoneimpl.OzoneContainer (OzoneContainer.java:buildContainerSet(225)) - Build ContainerSet costs 0s
2021-05-21 14:31:36,362 [Listener at 127.0.0.1/41311] INFO  server.RaftServer (ConfUtils.java:logGet(44)) - raft.rpc.type = GRPC (default)
2021-05-21 14:31:36,362 [Listener at 127.0.0.1/41311] INFO  grpc.GrpcFactory (GrpcFactory.java:checkPooledByteBufAllocatorUseCacheForAllThreads(48)) - PERFORMANCE WARNING: useCacheForAllThreads is true that may cause Netty to create a lot garbage objects and, as a result, trigger GC.
	It is recommended to disable useCacheForAllThreads by setting -Dorg.apache.ratis.thirdparty.io.netty.allocator.useCacheForAllThreads=false in command line.
2021-05-21 14:31:36,362 [Listener at 127.0.0.1/41311] INFO  grpc.GrpcConfigKeys (ConfUtils.java:logGet(44)) - raft.grpc.admin.port = 0 (custom)
2021-05-21 14:31:36,363 [Listener at 127.0.0.1/41311] INFO  grpc.GrpcConfigKeys (ConfUtils.java:logGet(44)) - raft.grpc.client.port = 0 (custom)
2021-05-21 14:31:36,363 [Listener at 127.0.0.1/41311] INFO  grpc.GrpcConfigKeys (ConfUtils.java:logGet(44)) - raft.grpc.server.port = 0 (default)
2021-05-21 14:31:36,363 [Listener at 127.0.0.1/41311] INFO  server.GrpcService (ConfUtils.java:logGet(44)) - raft.grpc.message.size.max = 32MB (=33554432) (custom)
2021-05-21 14:31:36,363 [Listener at 127.0.0.1/41311] INFO  server.RaftServerConfigKeys (ConfUtils.java:logGet(44)) - raft.server.log.appender.buffer.byte-limit = 33554432 (custom)
2021-05-21 14:31:36,363 [Listener at 127.0.0.1/41311] INFO  server.GrpcService (ConfUtils.java:logGet(44)) - raft.grpc.flow.control.window = 5MB (=5242880) (custom)
2021-05-21 14:31:36,363 [Listener at 127.0.0.1/41311] INFO  server.RaftServerConfigKeys (ConfUtils.java:logGet(44)) - raft.server.rpc.request.timeout = 60s (custom)
2021-05-21 14:31:36,364 [Listener at 127.0.0.1/41311] INFO  impl.DataStreamServerImpl (ConfUtils.java:logGet(44)) - raft.datastream.type = DISABLED (default)
2021-05-21 14:31:36,365 [Listener at 127.0.0.1/41311] INFO  server.RaftServerConfigKeys (ConfUtils.java:logGet(44)) - raft.server.rpc.slowness.timeout = 300s (custom)
2021-05-21 14:31:36,365 [Listener at 127.0.0.1/41311] INFO  server.RaftServerConfigKeys (ConfUtils.java:logGet(44)) - raft.server.leaderelection.leader.step-down.wait-time = 10s (default)
2021-05-21 14:31:36,365 [Listener at 127.0.0.1/41311] INFO  server.RaftServerConfigKeys (ConfUtils.java:logGet(44)) - raft.server.storage.dir = [/github/workspace/mnt/ozone/hadoop-ozone/integration-test/target/test-dir/MiniOzoneClusterImpl-22464894-f501-479f-ae18-3fb6cdd505c4/datanode-1/data/ratis] (custom)
2021-05-21 14:31:36,374 [Listener at 127.0.0.1/41311] INFO  http.BaseHttpServer (BaseHttpServer.java:newHttpServer2BuilderForOzone(209)) - Starting Web-server for hddsDatanode at: http://0.0.0.0:0
2021-05-21 14:31:36,375 [Listener at 127.0.0.1/41311] INFO  http.BaseHttpServer (BaseHttpServer.java:<init>(107)) - Hadoop Security Enabled: false Ozone Security Enabled: false Ozone HTTP Security Enabled: false 
2021-05-21 14:31:36,376 [Listener at 127.0.0.1/41311] INFO  server.AuthenticationFilter (AuthenticationFilter.java:constructSecretProvider(240)) - Unable to initialize FileSignerSecretProvider, falling back to use random secrets.
2021-05-21 14:31:36,376 [Listener at 127.0.0.1/41311] WARN  http.HttpRequestLog (HttpRequestLog.java:getRequestLog(103)) - Jetty request log can only be enabled using Log4j
2021-05-21 14:31:36,377 [Listener at 127.0.0.1/41311] INFO  http.HttpServer2 (HttpServer2.java:addGlobalFilter(1020)) - Added global filter 'safety' (class=org.apache.hadoop.hdds.server.http.HttpServer2$QuotingInputFilter)
2021-05-21 14:31:36,377 [Listener at 127.0.0.1/41311] INFO  http.HttpServer2 (HttpServer2.java:addFilter(996)) - Added filter static_user_filter (class=org.apache.hadoop.http.lib.StaticUserWebFilter$StaticUserFilter) to context hddsDatanode
2021-05-21 14:31:36,377 [Listener at 127.0.0.1/41311] INFO  http.HttpServer2 (HttpServer2.java:addFilter(1004)) - Added filter static_user_filter (class=org.apache.hadoop.http.lib.StaticUserWebFilter$StaticUserFilter) to context logs
2021-05-21 14:31:36,378 [Listener at 127.0.0.1/41311] INFO  http.HttpServer2 (HttpServer2.java:addFilter(1004)) - Added filter static_user_filter (class=org.apache.hadoop.http.lib.StaticUserWebFilter$StaticUserFilter) to context static
2021-05-21 14:31:36,378 [Listener at 127.0.0.1/41311] INFO  http.HttpServer2 (HttpServer2.java:bindListener(1238)) - Jetty bound to port 43177
2021-05-21 14:31:36,378 [Listener at 127.0.0.1/41311] INFO  server.Server (Server.java:doStart(375)) - jetty-9.4.35.v20201120; built: 2020-11-20T21:17:03.964Z; git: bdc54f03a5e0a7e280fab27f55c3c75ee8da89fb; jvm 1.8.0_232-b09
2021-05-21 14:31:36,380 [Listener at 127.0.0.1/41311] INFO  server.session (DefaultSessionIdManager.java:doStart(334)) - DefaultSessionIdManager workerName=node0
2021-05-21 14:31:36,380 [Listener at 127.0.0.1/41311] INFO  server.session (DefaultSessionIdManager.java:doStart(339)) - No SessionScavenger set, using defaults
2021-05-21 14:31:36,380 [Listener at 127.0.0.1/41311] INFO  server.session (HouseKeeper.java:startScavenging(132)) - node0 Scavenging every 660000ms
2021-05-21 14:31:36,381 [Listener at 127.0.0.1/41311] INFO  handler.ContextHandler (ContextHandler.java:doStart(916)) - Started o.e.j.s.ServletContextHandler@454e8cba{logs,/logs,file:///github/workspace/mnt/ozone/hadoop-ozone/integration-test/target/log,AVAILABLE}
2021-05-21 14:31:36,381 [Listener at 127.0.0.1/41311] INFO  handler.ContextHandler (ContextHandler.java:doStart(916)) - Started o.e.j.s.ServletContextHandler@4dee8b9a{static,/static,jar:file:/home/user/.m2/repository/org/apache/hadoop/hadoop-hdds-container-service/1.2.0-SNAPSHOT/hadoop-hdds-container-service-1.2.0-SNAPSHOT.jar!/webapps/static,AVAILABLE}
2021-05-21 14:31:36,542 [Listener at 127.0.0.1/41311] INFO  handler.ContextHandler (ContextHandler.java:doStart(916)) - Started o.e.j.w.WebAppContext@39eb97b4{hddsDatanode,/,file:///tmp/jetty-0_0_0_0-43177-hadoop-hdds-container-service-1_2_0-SNAPSHOT_jar-_-any-7066624564930148236/webapp/,AVAILABLE}{jar:file:/home/user/.m2/repository/org/apache/hadoop/hadoop-hdds-container-service/1.2.0-SNAPSHOT/hadoop-hdds-container-service-1.2.0-SNAPSHOT.jar!/webapps/hddsDatanode}
2021-05-21 14:31:36,543 [Listener at 127.0.0.1/41311] INFO  server.AbstractConnector (AbstractConnector.java:doStart(331)) - Started ServerConnector@3239f4c1{HTTP/1.1, (http/1.1)}{0.0.0.0:43177}
2021-05-21 14:31:36,543 [Listener at 127.0.0.1/41311] INFO  server.Server (Server.java:doStart(415)) - Started @56685ms
2021-05-21 14:31:36,543 [Listener at 127.0.0.1/41311] WARN  impl.MetricsSystemImpl (MetricsSystemImpl.java:register(279)) - Sink prometheus already exists!
2021-05-21 14:31:36,548 [Listener at 127.0.0.1/41311] INFO  http.BaseHttpServer (BaseHttpServer.java:updateConnectorAddress(329)) - HTTP server of hddsDatanode listening at http://0.0.0.0:43177
2021-05-21 14:31:36,549 [Listener at 127.0.0.1/41311] INFO  impl.MetricsSystemImpl (MetricsSystemImpl.java:init(158)) - HddsDatanode metrics system started (again)
2021-05-21 14:31:36,550 [Listener at 127.0.0.1/41311] INFO  ozone.HddsDatanodeService (HddsDatanodeService.java:start(220)) - HddsDatanodeService host:b766c8128f74 ip:172.17.0.2
2021-05-21 14:31:36,557 [org.apache.hadoop.util.JvmPauseMonitor$Monitor@bdb778] INFO  util.JvmPauseMonitor (JvmPauseMonitor.java:run(188)) - Starting JVM pause monitor
2021-05-21 14:31:36,559 [Datanode State Machine Task Thread - 0] INFO  datanode.InitDatanodeState (InitDatanodeState.java:persistContainerDatanodeDetails(145)) - DatanodeDetails is persisted to /github/workspace/mnt/ozone/hadoop-ozone/integration-test/target/test-dir/MiniOzoneClusterImpl-22464894-f501-479f-ae18-3fb6cdd505c4/datanode-1/meta/datanode.id
2021-05-21 14:31:36,585 [Listener at 127.0.0.1/41311] INFO  volume.HddsVolume (HddsVolume.java:<init>(184)) - Creating Volume: /github/workspace/mnt/ozone/hadoop-ozone/integration-test/target/test-dir/MiniOzoneClusterImpl-22464894-f501-479f-ae18-3fb6cdd505c4/datanode-2/data-0/containers/hdds of storage type : DISK and capacity : 9223372036854775807
2021-05-21 14:31:36,586 [Listener at 127.0.0.1/41311] INFO  volume.MutableVolumeSet (MutableVolumeSet.java:initializeVolumeSet(195)) - Added Volume : /github/workspace/mnt/ozone/hadoop-ozone/integration-test/target/test-dir/MiniOzoneClusterImpl-22464894-f501-479f-ae18-3fb6cdd505c4/datanode-2/data-0/containers/hdds to VolumeSet
2021-05-21 14:31:36,586 [Listener at 127.0.0.1/41311] INFO  volume.ThrottledAsyncChecker (ThrottledAsyncChecker.java:schedule(141)) - Scheduling a check for /github/workspace/mnt/ozone/hadoop-ozone/integration-test/target/test-dir/MiniOzoneClusterImpl-22464894-f501-479f-ae18-3fb6cdd505c4/datanode-2/data-0/containers/hdds
2021-05-21 14:31:36,589 [Listener at 127.0.0.1/41311] INFO  volume.HddsVolumeChecker (HddsVolumeChecker.java:checkAllVolumes(200)) - Scheduled health check for volume /github/workspace/mnt/ozone/hadoop-ozone/integration-test/target/test-dir/MiniOzoneClusterImpl-22464894-f501-479f-ae18-3fb6cdd505c4/datanode-2/data-0/containers/hdds
2021-05-21 14:31:36,605 [Listener at 127.0.0.1/41311] INFO  ozoneimpl.ContainerReader (ContainerReader.java:<init>(98)) - Running in upgrade mode:true
2021-05-21 14:31:36,605 [Thread-770] INFO  ozoneimpl.ContainerReader (ContainerReader.java:readVolume(142)) - Start to verify containers on volume /github/workspace/mnt/ozone/hadoop-ozone/integration-test/target/test-dir/MiniOzoneClusterImpl-22464894-f501-479f-ae18-3fb6cdd505c4/datanode-2/data-0/containers/hdds
2021-05-21 14:31:36,606 [Thread-770] INFO  ozoneimpl.ContainerReader (ContainerReader.java:readVolume(174)) - Finish verifying containers on volume /github/workspace/mnt/ozone/hadoop-ozone/integration-test/target/test-dir/MiniOzoneClusterImpl-22464894-f501-479f-ae18-3fb6cdd505c4/datanode-2/data-0/containers/hdds
2021-05-21 14:31:36,606 [Listener at 127.0.0.1/41311] INFO  ozoneimpl.OzoneContainer (OzoneContainer.java:buildContainerSet(225)) - Build ContainerSet costs 0s
2021-05-21 14:31:36,607 [Listener at 127.0.0.1/41311] INFO  server.RaftServer (ConfUtils.java:logGet(44)) - raft.rpc.type = GRPC (default)
2021-05-21 14:31:36,608 [Listener at 127.0.0.1/41311] INFO  grpc.GrpcFactory (GrpcFactory.java:checkPooledByteBufAllocatorUseCacheForAllThreads(48)) - PERFORMANCE WARNING: useCacheForAllThreads is true that may cause Netty to create a lot garbage objects and, as a result, trigger GC.
	It is recommended to disable useCacheForAllThreads by setting -Dorg.apache.ratis.thirdparty.io.netty.allocator.useCacheForAllThreads=false in command line.
2021-05-21 14:31:36,608 [Listener at 127.0.0.1/41311] INFO  grpc.GrpcConfigKeys (ConfUtils.java:logGet(44)) - raft.grpc.admin.port = 0 (custom)
2021-05-21 14:31:36,608 [Listener at 127.0.0.1/41311] INFO  grpc.GrpcConfigKeys (ConfUtils.java:logGet(44)) - raft.grpc.client.port = 0 (custom)
2021-05-21 14:31:36,608 [Listener at 127.0.0.1/41311] INFO  grpc.GrpcConfigKeys (ConfUtils.java:logGet(44)) - raft.grpc.server.port = 0 (default)
2021-05-21 14:31:36,608 [Listener at 127.0.0.1/41311] INFO  server.GrpcService (ConfUtils.java:logGet(44)) - raft.grpc.message.size.max = 32MB (=33554432) (custom)
2021-05-21 14:31:36,609 [Listener at 127.0.0.1/41311] INFO  server.RaftServerConfigKeys (ConfUtils.java:logGet(44)) - raft.server.log.appender.buffer.byte-limit = 33554432 (custom)
2021-05-21 14:31:36,609 [Listener at 127.0.0.1/41311] INFO  server.GrpcService (ConfUtils.java:logGet(44)) - raft.grpc.flow.control.window = 5MB (=5242880) (custom)
2021-05-21 14:31:36,609 [Listener at 127.0.0.1/41311] INFO  server.RaftServerConfigKeys (ConfUtils.java:logGet(44)) - raft.server.rpc.request.timeout = 60s (custom)
2021-05-21 14:31:36,610 [Listener at 127.0.0.1/41311] INFO  impl.DataStreamServerImpl (ConfUtils.java:logGet(44)) - raft.datastream.type = DISABLED (default)
2021-05-21 14:31:36,610 [Listener at 127.0.0.1/41311] INFO  server.RaftServerConfigKeys (ConfUtils.java:logGet(44)) - raft.server.rpc.slowness.timeout = 300s (custom)
2021-05-21 14:31:36,610 [Listener at 127.0.0.1/41311] INFO  server.RaftServerConfigKeys (ConfUtils.java:logGet(44)) - raft.server.leaderelection.leader.step-down.wait-time = 10s (default)
2021-05-21 14:31:36,611 [Listener at 127.0.0.1/41311] INFO  server.RaftServerConfigKeys (ConfUtils.java:logGet(44)) - raft.server.storage.dir = [/github/workspace/mnt/ozone/hadoop-ozone/integration-test/target/test-dir/MiniOzoneClusterImpl-22464894-f501-479f-ae18-3fb6cdd505c4/datanode-2/data/ratis] (custom)
2021-05-21 14:31:36,616 [Listener at 127.0.0.1/41311] INFO  http.BaseHttpServer (BaseHttpServer.java:newHttpServer2BuilderForOzone(209)) - Starting Web-server for hddsDatanode at: http://0.0.0.0:0
2021-05-21 14:31:36,617 [Listener at 127.0.0.1/41311] INFO  http.BaseHttpServer (BaseHttpServer.java:<init>(107)) - Hadoop Security Enabled: false Ozone Security Enabled: false Ozone HTTP Security Enabled: false 
2021-05-21 14:31:36,618 [Listener at 127.0.0.1/41311] INFO  server.AuthenticationFilter (AuthenticationFilter.java:constructSecretProvider(240)) - Unable to initialize FileSignerSecretProvider, falling back to use random secrets.
2021-05-21 14:31:36,618 [Listener at 127.0.0.1/41311] WARN  http.HttpRequestLog (HttpRequestLog.java:getRequestLog(103)) - Jetty request log can only be enabled using Log4j
2021-05-21 14:31:36,619 [Listener at 127.0.0.1/41311] INFO  http.HttpServer2 (HttpServer2.java:addGlobalFilter(1020)) - Added global filter 'safety' (class=org.apache.hadoop.hdds.server.http.HttpServer2$QuotingInputFilter)
2021-05-21 14:31:36,619 [Listener at 127.0.0.1/41311] INFO  http.HttpServer2 (HttpServer2.java:addFilter(996)) - Added filter static_user_filter (class=org.apache.hadoop.http.lib.StaticUserWebFilter$StaticUserFilter) to context hddsDatanode
2021-05-21 14:31:36,619 [Listener at 127.0.0.1/41311] INFO  http.HttpServer2 (HttpServer2.java:addFilter(1004)) - Added filter static_user_filter (class=org.apache.hadoop.http.lib.StaticUserWebFilter$StaticUserFilter) to context logs
2021-05-21 14:31:36,620 [Listener at 127.0.0.1/41311] INFO  http.HttpServer2 (HttpServer2.java:addFilter(1004)) - Added filter static_user_filter (class=org.apache.hadoop.http.lib.StaticUserWebFilter$StaticUserFilter) to context static
2021-05-21 14:31:36,620 [Listener at 127.0.0.1/41311] INFO  http.HttpServer2 (HttpServer2.java:bindListener(1238)) - Jetty bound to port 44543
2021-05-21 14:31:36,620 [Listener at 127.0.0.1/41311] INFO  server.Server (Server.java:doStart(375)) - jetty-9.4.35.v20201120; built: 2020-11-20T21:17:03.964Z; git: bdc54f03a5e0a7e280fab27f55c3c75ee8da89fb; jvm 1.8.0_232-b09
2021-05-21 14:31:36,626 [Listener at 127.0.0.1/41311] INFO  server.session (DefaultSessionIdManager.java:doStart(334)) - DefaultSessionIdManager workerName=node0
2021-05-21 14:31:36,627 [Listener at 127.0.0.1/41311] INFO  server.session (DefaultSessionIdManager.java:doStart(339)) - No SessionScavenger set, using defaults
2021-05-21 14:31:36,627 [Listener at 127.0.0.1/41311] INFO  server.session (HouseKeeper.java:startScavenging(132)) - node0 Scavenging every 600000ms
2021-05-21 14:31:36,628 [Listener at 127.0.0.1/41311] INFO  handler.ContextHandler (ContextHandler.java:doStart(916)) - Started o.e.j.s.ServletContextHandler@46433800{logs,/logs,file:///github/workspace/mnt/ozone/hadoop-ozone/integration-test/target/log,AVAILABLE}
2021-05-21 14:31:36,629 [Listener at 127.0.0.1/41311] INFO  handler.ContextHandler (ContextHandler.java:doStart(916)) - Started o.e.j.s.ServletContextHandler@6683cf7a{static,/static,jar:file:/home/user/.m2/repository/org/apache/hadoop/hadoop-hdds-container-service/1.2.0-SNAPSHOT/hadoop-hdds-container-service-1.2.0-SNAPSHOT.jar!/webapps/static,AVAILABLE}
2021-05-21 14:31:36,724 [ReplicationMonitor] INFO  container.ReplicationManager (ReplicationManager.java:run(290)) - Replication Monitor Thread took 0 milliseconds for processing 0 containers.
2021-05-21 14:31:36,789 [Listener at 127.0.0.1/41311] INFO  handler.ContextHandler (ContextHandler.java:doStart(916)) - Started o.e.j.w.WebAppContext@3b7f8fd5{hddsDatanode,/,file:///tmp/jetty-0_0_0_0-44543-hadoop-hdds-container-service-1_2_0-SNAPSHOT_jar-_-any-8138779940196550852/webapp/,AVAILABLE}{jar:file:/home/user/.m2/repository/org/apache/hadoop/hadoop-hdds-container-service/1.2.0-SNAPSHOT/hadoop-hdds-container-service-1.2.0-SNAPSHOT.jar!/webapps/hddsDatanode}
2021-05-21 14:31:36,791 [Listener at 127.0.0.1/41311] INFO  server.AbstractConnector (AbstractConnector.java:doStart(331)) - Started ServerConnector@339e1787{HTTP/1.1, (http/1.1)}{0.0.0.0:44543}
2021-05-21 14:31:36,792 [Listener at 127.0.0.1/41311] INFO  server.Server (Server.java:doStart(415)) - Started @56934ms
2021-05-21 14:31:36,792 [Listener at 127.0.0.1/41311] WARN  impl.MetricsSystemImpl (MetricsSystemImpl.java:register(279)) - Sink prometheus already exists!
2021-05-21 14:31:36,929 [Listener at 127.0.0.1/41311] INFO  http.BaseHttpServer (BaseHttpServer.java:updateConnectorAddress(329)) - HTTP server of hddsDatanode listening at http://0.0.0.0:44543
2021-05-21 14:31:36,932 [Listener at 127.0.0.1/41311] INFO  impl.MetricsSystemImpl (MetricsSystemImpl.java:init(158)) - HddsDatanode metrics system started (again)
2021-05-21 14:31:36,933 [Listener at 127.0.0.1/41311] INFO  ozone.HddsDatanodeService (HddsDatanodeService.java:start(220)) - HddsDatanodeService host:b766c8128f74 ip:172.17.0.2
2021-05-21 14:31:36,936 [org.apache.hadoop.util.JvmPauseMonitor$Monitor@72bf84cf] INFO  util.JvmPauseMonitor (JvmPauseMonitor.java:run(188)) - Starting JVM pause monitor
2021-05-21 14:31:36,946 [Datanode State Machine Task Thread - 0] INFO  datanode.InitDatanodeState (InitDatanodeState.java:persistContainerDatanodeDetails(145)) - DatanodeDetails is persisted to /github/workspace/mnt/ozone/hadoop-ozone/integration-test/target/test-dir/MiniOzoneClusterImpl-22464894-f501-479f-ae18-3fb6cdd505c4/datanode-2/meta/datanode.id
2021-05-21 14:31:36,957 [Listener at 127.0.0.1/41311] INFO  volume.HddsVolume (HddsVolume.java:<init>(184)) - Creating Volume: /github/workspace/mnt/ozone/hadoop-ozone/integration-test/target/test-dir/MiniOzoneClusterImpl-22464894-f501-479f-ae18-3fb6cdd505c4/datanode-3/data-0/containers/hdds of storage type : DISK and capacity : 9223372036854775807
2021-05-21 14:31:36,957 [Listener at 127.0.0.1/41311] INFO  volume.MutableVolumeSet (MutableVolumeSet.java:initializeVolumeSet(195)) - Added Volume : /github/workspace/mnt/ozone/hadoop-ozone/integration-test/target/test-dir/MiniOzoneClusterImpl-22464894-f501-479f-ae18-3fb6cdd505c4/datanode-3/data-0/containers/hdds to VolumeSet
2021-05-21 14:31:36,958 [Listener at 127.0.0.1/41311] INFO  volume.ThrottledAsyncChecker (ThrottledAsyncChecker.java:schedule(141)) - Scheduling a check for /github/workspace/mnt/ozone/hadoop-ozone/integration-test/target/test-dir/MiniOzoneClusterImpl-22464894-f501-479f-ae18-3fb6cdd505c4/datanode-3/data-0/containers/hdds
2021-05-21 14:31:36,958 [Listener at 127.0.0.1/41311] INFO  volume.HddsVolumeChecker (HddsVolumeChecker.java:checkAllVolumes(200)) - Scheduled health check for volume /github/workspace/mnt/ozone/hadoop-ozone/integration-test/target/test-dir/MiniOzoneClusterImpl-22464894-f501-479f-ae18-3fb6cdd505c4/datanode-3/data-0/containers/hdds
2021-05-21 14:31:36,974 [Listener at 127.0.0.1/41311] INFO  ozoneimpl.ContainerReader (ContainerReader.java:<init>(98)) - Running in upgrade mode:true
2021-05-21 14:31:36,974 [Thread-781] INFO  ozoneimpl.ContainerReader (ContainerReader.java:readVolume(142)) - Start to verify containers on volume /github/workspace/mnt/ozone/hadoop-ozone/integration-test/target/test-dir/MiniOzoneClusterImpl-22464894-f501-479f-ae18-3fb6cdd505c4/datanode-3/data-0/containers/hdds
2021-05-21 14:31:36,974 [Thread-781] INFO  ozoneimpl.ContainerReader (ContainerReader.java:readVolume(174)) - Finish verifying containers on volume /github/workspace/mnt/ozone/hadoop-ozone/integration-test/target/test-dir/MiniOzoneClusterImpl-22464894-f501-479f-ae18-3fb6cdd505c4/datanode-3/data-0/containers/hdds
2021-05-21 14:31:36,974 [Listener at 127.0.0.1/41311] INFO  ozoneimpl.OzoneContainer (OzoneContainer.java:buildContainerSet(225)) - Build ContainerSet costs 0s
2021-05-21 14:31:36,976 [Listener at 127.0.0.1/41311] INFO  server.RaftServer (ConfUtils.java:logGet(44)) - raft.rpc.type = GRPC (default)
2021-05-21 14:31:36,977 [Listener at 127.0.0.1/41311] INFO  grpc.GrpcFactory (GrpcFactory.java:checkPooledByteBufAllocatorUseCacheForAllThreads(48)) - PERFORMANCE WARNING: useCacheForAllThreads is true that may cause Netty to create a lot garbage objects and, as a result, trigger GC.
	It is recommended to disable useCacheForAllThreads by setting -Dorg.apache.ratis.thirdparty.io.netty.allocator.useCacheForAllThreads=false in command line.
2021-05-21 14:31:36,977 [Listener at 127.0.0.1/41311] INFO  grpc.GrpcConfigKeys (ConfUtils.java:logGet(44)) - raft.grpc.admin.port = 0 (custom)
2021-05-21 14:31:36,977 [Listener at 127.0.0.1/41311] INFO  grpc.GrpcConfigKeys (ConfUtils.java:logGet(44)) - raft.grpc.client.port = 0 (custom)
2021-05-21 14:31:36,977 [Listener at 127.0.0.1/41311] INFO  grpc.GrpcConfigKeys (ConfUtils.java:logGet(44)) - raft.grpc.server.port = 0 (default)
2021-05-21 14:31:36,977 [Listener at 127.0.0.1/41311] INFO  server.GrpcService (ConfUtils.java:logGet(44)) - raft.grpc.message.size.max = 32MB (=33554432) (custom)
2021-05-21 14:31:36,977 [Listener at 127.0.0.1/41311] INFO  server.RaftServerConfigKeys (ConfUtils.java:logGet(44)) - raft.server.log.appender.buffer.byte-limit = 33554432 (custom)
2021-05-21 14:31:36,978 [Listener at 127.0.0.1/41311] INFO  server.GrpcService (ConfUtils.java:logGet(44)) - raft.grpc.flow.control.window = 5MB (=5242880) (custom)
2021-05-21 14:31:36,978 [Listener at 127.0.0.1/41311] INFO  server.RaftServerConfigKeys (ConfUtils.java:logGet(44)) - raft.server.rpc.request.timeout = 60s (custom)
2021-05-21 14:31:36,979 [Listener at 127.0.0.1/41311] INFO  impl.DataStreamServerImpl (ConfUtils.java:logGet(44)) - raft.datastream.type = DISABLED (default)
2021-05-21 14:31:36,979 [Listener at 127.0.0.1/41311] INFO  server.RaftServerConfigKeys (ConfUtils.java:logGet(44)) - raft.server.rpc.slowness.timeout = 300s (custom)
2021-05-21 14:31:36,979 [Listener at 127.0.0.1/41311] INFO  server.RaftServerConfigKeys (ConfUtils.java:logGet(44)) - raft.server.leaderelection.leader.step-down.wait-time = 10s (default)
2021-05-21 14:31:36,979 [Listener at 127.0.0.1/41311] INFO  server.RaftServerConfigKeys (ConfUtils.java:logGet(44)) - raft.server.storage.dir = [/github/workspace/mnt/ozone/hadoop-ozone/integration-test/target/test-dir/MiniOzoneClusterImpl-22464894-f501-479f-ae18-3fb6cdd505c4/datanode-3/data/ratis] (custom)
2021-05-21 14:31:36,984 [Listener at 127.0.0.1/41311] INFO  http.BaseHttpServer (BaseHttpServer.java:newHttpServer2BuilderForOzone(209)) - Starting Web-server for hddsDatanode at: http://0.0.0.0:0
2021-05-21 14:31:36,984 [Listener at 127.0.0.1/41311] INFO  http.BaseHttpServer (BaseHttpServer.java:<init>(107)) - Hadoop Security Enabled: false Ozone Security Enabled: false Ozone HTTP Security Enabled: false 
2021-05-21 14:31:36,985 [Listener at 127.0.0.1/41311] INFO  server.AuthenticationFilter (AuthenticationFilter.java:constructSecretProvider(240)) - Unable to initialize FileSignerSecretProvider, falling back to use random secrets.
2021-05-21 14:31:36,986 [Listener at 127.0.0.1/41311] WARN  http.HttpRequestLog (HttpRequestLog.java:getRequestLog(103)) - Jetty request log can only be enabled using Log4j
2021-05-21 14:31:36,987 [Listener at 127.0.0.1/41311] INFO  http.HttpServer2 (HttpServer2.java:addGlobalFilter(1020)) - Added global filter 'safety' (class=org.apache.hadoop.hdds.server.http.HttpServer2$QuotingInputFilter)
2021-05-21 14:31:36,987 [Listener at 127.0.0.1/41311] INFO  http.HttpServer2 (HttpServer2.java:addFilter(996)) - Added filter static_user_filter (class=org.apache.hadoop.http.lib.StaticUserWebFilter$StaticUserFilter) to context hddsDatanode
2021-05-21 14:31:36,988 [Listener at 127.0.0.1/41311] INFO  http.HttpServer2 (HttpServer2.java:addFilter(1004)) - Added filter static_user_filter (class=org.apache.hadoop.http.lib.StaticUserWebFilter$StaticUserFilter) to context static
2021-05-21 14:31:36,988 [Listener at 127.0.0.1/41311] INFO  http.HttpServer2 (HttpServer2.java:addFilter(1004)) - Added filter static_user_filter (class=org.apache.hadoop.http.lib.StaticUserWebFilter$StaticUserFilter) to context logs
2021-05-21 14:31:36,988 [Listener at 127.0.0.1/41311] INFO  http.HttpServer2 (HttpServer2.java:bindListener(1238)) - Jetty bound to port 43333
2021-05-21 14:31:36,988 [Listener at 127.0.0.1/41311] INFO  server.Server (Server.java:doStart(375)) - jetty-9.4.35.v20201120; built: 2020-11-20T21:17:03.964Z; git: bdc54f03a5e0a7e280fab27f55c3c75ee8da89fb; jvm 1.8.0_232-b09
2021-05-21 14:31:36,991 [Listener at 127.0.0.1/41311] INFO  server.session (DefaultSessionIdManager.java:doStart(334)) - DefaultSessionIdManager workerName=node0
2021-05-21 14:31:36,991 [Listener at 127.0.0.1/41311] INFO  server.session (DefaultSessionIdManager.java:doStart(339)) - No SessionScavenger set, using defaults
2021-05-21 14:31:36,991 [Listener at 127.0.0.1/41311] INFO  server.session (HouseKeeper.java:startScavenging(132)) - node0 Scavenging every 600000ms
2021-05-21 14:31:36,992 [Listener at 127.0.0.1/41311] INFO  handler.ContextHandler (ContextHandler.java:doStart(916)) - Started o.e.j.s.ServletContextHandler@2ee20713{logs,/logs,file:///github/workspace/mnt/ozone/hadoop-ozone/integration-test/target/log,AVAILABLE}
2021-05-21 14:31:36,993 [Listener at 127.0.0.1/41311] INFO  handler.ContextHandler (ContextHandler.java:doStart(916)) - Started o.e.j.s.ServletContextHandler@63d9cd59{static,/static,jar:file:/home/user/.m2/repository/org/apache/hadoop/hadoop-hdds-container-service/1.2.0-SNAPSHOT/hadoop-hdds-container-service-1.2.0-SNAPSHOT.jar!/webapps/static,AVAILABLE}
2021-05-21 14:31:37,028 [om1@group-C5BA1605619E-FollowerState] INFO  impl.FollowerState (FollowerState.java:run(134)) - om1@group-C5BA1605619E-FollowerState: change to CANDIDATE, lastRpcElapsedTime:1110369671ns, electionTimeout:1109ms
2021-05-21 14:31:37,028 [om1@group-C5BA1605619E-FollowerState] INFO  impl.RoleInfo (RoleInfo.java:shutdownFollowerState(108)) - om1: shutdown om1@group-C5BA1605619E-FollowerState
2021-05-21 14:31:37,028 [om1@group-C5BA1605619E-FollowerState] INFO  server.RaftServer$Division (RaftServerImpl.java:setRole(284)) - om1@group-C5BA1605619E: changes role from  FOLLOWER to CANDIDATE at term 0 for changeToCandidate
2021-05-21 14:31:37,028 [om1@group-C5BA1605619E-FollowerState] INFO  server.RaftServerConfigKeys (ConfUtils.java:logGet(44)) - raft.server.leaderelection.pre-vote = false (custom)
2021-05-21 14:31:37,029 [om1@group-C5BA1605619E-FollowerState] INFO  impl.RoleInfo (RoleInfo.java:updateAndGet(130)) - om1: start om1@group-C5BA1605619E-LeaderElection19
2021-05-21 14:31:37,033 [om1@group-C5BA1605619E-LeaderElection19] INFO  impl.LeaderElection (LeaderElection.java:askForVotes(306)) - om1@group-C5BA1605619E-LeaderElection19 ELECTION round 0: submit vote requests at term 1 for -1: [om1|rpc:localhost:9872|priority:0], old=null
2021-05-21 14:31:37,033 [om1@group-C5BA1605619E-LeaderElection19] INFO  impl.LeaderElection (LeaderElection.java:askForVotes(308)) - om1@group-C5BA1605619E-LeaderElection19 ELECTION round 0: result PASSED (term=1)
2021-05-21 14:31:37,033 [om1@group-C5BA1605619E-LeaderElection19] INFO  impl.RoleInfo (RoleInfo.java:shutdownLeaderElection(121)) - om1: shutdown om1@group-C5BA1605619E-LeaderElection19
2021-05-21 14:31:37,033 [om1@group-C5BA1605619E-LeaderElection19] INFO  server.RaftServer$Division (RaftServerImpl.java:setRole(284)) - om1@group-C5BA1605619E: changes role from CANDIDATE to LEADER at term 1 for changeToLeader
2021-05-21 14:31:37,033 [om1@group-C5BA1605619E-LeaderElection19] INFO  server.RaftServer$Division (ServerState.java:setLeader(271)) - om1@group-C5BA1605619E: change Leader from null to om1 at term 1 for becomeLeader, leader elected after 1128ms
2021-05-21 14:31:37,033 [om1@group-C5BA1605619E-LeaderElection19] INFO  server.RaftServerConfigKeys (ConfUtils.java:logGet(44)) - raft.server.staging.catchup.gap = 1000 (default)
2021-05-21 14:31:37,033 [om1@group-C5BA1605619E-LeaderElection19] INFO  metrics.RatisMetrics (RatisMetrics.java:lambda$create$0(36)) - Creating Metrics Registry : ratis.log_appender.om1@group-C5BA1605619E
2021-05-21 14:31:37,034 [om1@group-C5BA1605619E-LeaderElection19] INFO  server.RaftServerConfigKeys (ConfUtils.java:logGet(44)) - raft.server.write.element-limit = 4096 (default)
2021-05-21 14:31:37,034 [om1@group-C5BA1605619E-LeaderElection19] INFO  server.RaftServerConfigKeys (ConfUtils.java:logGet(44)) - raft.server.write.byte-limit = 64MB (=67108864) (default)
2021-05-21 14:31:37,034 [om1@group-C5BA1605619E-LeaderElection19] INFO  server.RaftServerConfigKeys (ConfUtils.java:logGet(44)) - raft.server.watch.timeout = 10s (default)
2021-05-21 14:31:37,034 [om1@group-C5BA1605619E-LeaderElection19] INFO  server.RaftServerConfigKeys (ConfUtils.java:logGet(44)) - raft.server.watch.timeout.denomination = 1s (default)
2021-05-21 14:31:37,034 [om1@group-C5BA1605619E-LeaderElection19] INFO  server.RaftServerConfigKeys (ConfUtils.java:logGet(44)) - raft.server.watch.element-limit = 65536 (default)
2021-05-21 14:31:37,034 [om1@group-C5BA1605619E-LeaderElection19] INFO  impl.RoleInfo (RoleInfo.java:updateAndGet(130)) - om1: start om1@group-C5BA1605619E-LeaderStateImpl
2021-05-21 14:31:37,035 [om1@group-C5BA1605619E-LeaderElection19] INFO  segmented.SegmentedRaftLogWorker (SegmentedRaftLogWorker.java:startLogSegment(394)) - om1@group-C5BA1605619E-SegmentedRaftLogWorker: Starting segment from index:0
2021-05-21 14:31:37,039 [om1@group-C5BA1605619E-LeaderElection19] INFO  server.RaftServer$Division (ServerState.java:setRaftConf(373)) - om1@group-C5BA1605619E: set configuration 0: [om1|rpc:localhost:9872|admin:|client:|dataStream:|priority:0], old=null
2021-05-21 14:31:37,041 [om1@group-C5BA1605619E-SegmentedRaftLogWorker] INFO  segmented.SegmentedRaftLogWorker (SegmentedRaftLogWorker.java:execute(601)) - om1@group-C5BA1605619E-SegmentedRaftLogWorker: created new log segment /github/workspace/mnt/ozone/hadoop-ozone/integration-test/target/test-dir/MiniOzoneClusterImpl-22464894-f501-479f-ae18-3fb6cdd505c4/ozone-meta/ratis/bf265839-605b-3f16-9796-c5ba1605619e/current/log_inprogress_0
2021-05-21 14:31:37,158 [Listener at 127.0.0.1/41311] INFO  handler.ContextHandler (ContextHandler.java:doStart(916)) - Started o.e.j.w.WebAppContext@1a366d0{hddsDatanode,/,file:///tmp/jetty-0_0_0_0-43333-hadoop-hdds-container-service-1_2_0-SNAPSHOT_jar-_-any-6886957246658317623/webapp/,AVAILABLE}{jar:file:/home/user/.m2/repository/org/apache/hadoop/hadoop-hdds-container-service/1.2.0-SNAPSHOT/hadoop-hdds-container-service-1.2.0-SNAPSHOT.jar!/webapps/hddsDatanode}
2021-05-21 14:31:37,159 [Listener at 127.0.0.1/41311] INFO  server.AbstractConnector (AbstractConnector.java:doStart(331)) - Started ServerConnector@31f7fbec{HTTP/1.1, (http/1.1)}{0.0.0.0:43333}
2021-05-21 14:31:37,160 [Listener at 127.0.0.1/41311] INFO  server.Server (Server.java:doStart(415)) - Started @57302ms
2021-05-21 14:31:37,160 [Listener at 127.0.0.1/41311] WARN  impl.MetricsSystemImpl (MetricsSystemImpl.java:register(279)) - Sink prometheus already exists!
2021-05-21 14:31:37,163 [Listener at 127.0.0.1/41311] INFO  http.BaseHttpServer (BaseHttpServer.java:updateConnectorAddress(329)) - HTTP server of hddsDatanode listening at http://0.0.0.0:43333
2021-05-21 14:31:37,169 [Listener at 127.0.0.1/41311] INFO  impl.MetricsSystemImpl (MetricsSystemImpl.java:init(158)) - HddsDatanode metrics system started (again)
2021-05-21 14:31:37,171 [Listener at 127.0.0.1/41311] INFO  ozone.HddsDatanodeService (HddsDatanodeService.java:start(220)) - HddsDatanodeService host:b766c8128f74 ip:172.17.0.2
2021-05-21 14:31:37,173 [org.apache.hadoop.util.JvmPauseMonitor$Monitor@3a9c28e] INFO  util.JvmPauseMonitor (JvmPauseMonitor.java:run(188)) - Starting JVM pause monitor
2021-05-21 14:31:37,174 [Datanode State Machine Task Thread - 0] INFO  datanode.InitDatanodeState (InitDatanodeState.java:persistContainerDatanodeDetails(145)) - DatanodeDetails is persisted to /github/workspace/mnt/ozone/hadoop-ozone/integration-test/target/test-dir/MiniOzoneClusterImpl-22464894-f501-479f-ae18-3fb6cdd505c4/datanode-3/meta/datanode.id
2021-05-21 14:31:37,189 [Listener at 127.0.0.1/41311] INFO  volume.HddsVolume (HddsVolume.java:<init>(184)) - Creating Volume: /github/workspace/mnt/ozone/hadoop-ozone/integration-test/target/test-dir/MiniOzoneClusterImpl-22464894-f501-479f-ae18-3fb6cdd505c4/datanode-4/data-0/containers/hdds of storage type : DISK and capacity : 9223372036854775807
2021-05-21 14:31:37,189 [Listener at 127.0.0.1/41311] INFO  volume.MutableVolumeSet (MutableVolumeSet.java:initializeVolumeSet(195)) - Added Volume : /github/workspace/mnt/ozone/hadoop-ozone/integration-test/target/test-dir/MiniOzoneClusterImpl-22464894-f501-479f-ae18-3fb6cdd505c4/datanode-4/data-0/containers/hdds to VolumeSet
2021-05-21 14:31:37,189 [Listener at 127.0.0.1/41311] INFO  volume.ThrottledAsyncChecker (ThrottledAsyncChecker.java:schedule(141)) - Scheduling a check for /github/workspace/mnt/ozone/hadoop-ozone/integration-test/target/test-dir/MiniOzoneClusterImpl-22464894-f501-479f-ae18-3fb6cdd505c4/datanode-4/data-0/containers/hdds
2021-05-21 14:31:37,190 [Listener at 127.0.0.1/41311] INFO  volume.HddsVolumeChecker (HddsVolumeChecker.java:checkAllVolumes(200)) - Scheduled health check for volume /github/workspace/mnt/ozone/hadoop-ozone/integration-test/target/test-dir/MiniOzoneClusterImpl-22464894-f501-479f-ae18-3fb6cdd505c4/datanode-4/data-0/containers/hdds
2021-05-21 14:31:37,203 [Listener at 127.0.0.1/41311] INFO  ozoneimpl.ContainerReader (ContainerReader.java:<init>(98)) - Running in upgrade mode:true
2021-05-21 14:31:37,204 [Thread-794] INFO  ozoneimpl.ContainerReader (ContainerReader.java:readVolume(142)) - Start to verify containers on volume /github/workspace/mnt/ozone/hadoop-ozone/integration-test/target/test-dir/MiniOzoneClusterImpl-22464894-f501-479f-ae18-3fb6cdd505c4/datanode-4/data-0/containers/hdds
2021-05-21 14:31:37,204 [Thread-794] INFO  ozoneimpl.ContainerReader (ContainerReader.java:readVolume(174)) - Finish verifying containers on volume /github/workspace/mnt/ozone/hadoop-ozone/integration-test/target/test-dir/MiniOzoneClusterImpl-22464894-f501-479f-ae18-3fb6cdd505c4/datanode-4/data-0/containers/hdds
2021-05-21 14:31:37,204 [Listener at 127.0.0.1/41311] INFO  ozoneimpl.OzoneContainer (OzoneContainer.java:buildContainerSet(225)) - Build ContainerSet costs 0s
2021-05-21 14:31:37,206 [Listener at 127.0.0.1/41311] INFO  server.RaftServer (ConfUtils.java:logGet(44)) - raft.rpc.type = GRPC (default)
2021-05-21 14:31:37,206 [Listener at 127.0.0.1/41311] INFO  grpc.GrpcFactory (GrpcFactory.java:checkPooledByteBufAllocatorUseCacheForAllThreads(48)) - PERFORMANCE WARNING: useCacheForAllThreads is true that may cause Netty to create a lot garbage objects and, as a result, trigger GC.
	It is recommended to disable useCacheForAllThreads by setting -Dorg.apache.ratis.thirdparty.io.netty.allocator.useCacheForAllThreads=false in command line.
2021-05-21 14:31:37,206 [Listener at 127.0.0.1/41311] INFO  grpc.GrpcConfigKeys (ConfUtils.java:logGet(44)) - raft.grpc.admin.port = 0 (custom)
2021-05-21 14:31:37,206 [Listener at 127.0.0.1/41311] INFO  grpc.GrpcConfigKeys (ConfUtils.java:logGet(44)) - raft.grpc.client.port = 0 (custom)
2021-05-21 14:31:37,206 [Listener at 127.0.0.1/41311] INFO  grpc.GrpcConfigKeys (ConfUtils.java:logGet(44)) - raft.grpc.server.port = 0 (default)
2021-05-21 14:31:37,207 [Listener at 127.0.0.1/41311] INFO  server.GrpcService (ConfUtils.java:logGet(44)) - raft.grpc.message.size.max = 32MB (=33554432) (custom)
2021-05-21 14:31:37,207 [Listener at 127.0.0.1/41311] INFO  server.RaftServerConfigKeys (ConfUtils.java:logGet(44)) - raft.server.log.appender.buffer.byte-limit = 33554432 (custom)
2021-05-21 14:31:37,207 [Listener at 127.0.0.1/41311] INFO  server.GrpcService (ConfUtils.java:logGet(44)) - raft.grpc.flow.control.window = 5MB (=5242880) (custom)
2021-05-21 14:31:37,207 [Listener at 127.0.0.1/41311] INFO  server.RaftServerConfigKeys (ConfUtils.java:logGet(44)) - raft.server.rpc.request.timeout = 60s (custom)
2021-05-21 14:31:37,208 [Listener at 127.0.0.1/41311] INFO  impl.DataStreamServerImpl (ConfUtils.java:logGet(44)) - raft.datastream.type = DISABLED (default)
2021-05-21 14:31:37,208 [Listener at 127.0.0.1/41311] INFO  server.RaftServerConfigKeys (ConfUtils.java:logGet(44)) - raft.server.rpc.slowness.timeout = 300s (custom)
2021-05-21 14:31:37,208 [Listener at 127.0.0.1/41311] INFO  server.RaftServerConfigKeys (ConfUtils.java:logGet(44)) - raft.server.leaderelection.leader.step-down.wait-time = 10s (default)
2021-05-21 14:31:37,209 [Listener at 127.0.0.1/41311] INFO  server.RaftServerConfigKeys (ConfUtils.java:logGet(44)) - raft.server.storage.dir = [/github/workspace/mnt/ozone/hadoop-ozone/integration-test/target/test-dir/MiniOzoneClusterImpl-22464894-f501-479f-ae18-3fb6cdd505c4/datanode-4/data/ratis] (custom)
2021-05-21 14:31:37,214 [Listener at 127.0.0.1/41311] INFO  http.BaseHttpServer (BaseHttpServer.java:newHttpServer2BuilderForOzone(209)) - Starting Web-server for hddsDatanode at: http://0.0.0.0:0
2021-05-21 14:31:37,214 [Listener at 127.0.0.1/41311] INFO  http.BaseHttpServer (BaseHttpServer.java:<init>(107)) - Hadoop Security Enabled: false Ozone Security Enabled: false Ozone HTTP Security Enabled: false 
2021-05-21 14:31:37,215 [Listener at 127.0.0.1/41311] INFO  server.AuthenticationFilter (AuthenticationFilter.java:constructSecretProvider(240)) - Unable to initialize FileSignerSecretProvider, falling back to use random secrets.
2021-05-21 14:31:37,220 [Listener at 127.0.0.1/41311] WARN  http.HttpRequestLog (HttpRequestLog.java:getRequestLog(103)) - Jetty request log can only be enabled using Log4j
2021-05-21 14:31:37,221 [Listener at 127.0.0.1/41311] INFO  http.HttpServer2 (HttpServer2.java:addGlobalFilter(1020)) - Added global filter 'safety' (class=org.apache.hadoop.hdds.server.http.HttpServer2$QuotingInputFilter)
2021-05-21 14:31:37,222 [Listener at 127.0.0.1/41311] INFO  http.HttpServer2 (HttpServer2.java:addFilter(996)) - Added filter static_user_filter (class=org.apache.hadoop.http.lib.StaticUserWebFilter$StaticUserFilter) to context hddsDatanode
2021-05-21 14:31:37,222 [Listener at 127.0.0.1/41311] INFO  http.HttpServer2 (HttpServer2.java:addFilter(1004)) - Added filter static_user_filter (class=org.apache.hadoop.http.lib.StaticUserWebFilter$StaticUserFilter) to context static
2021-05-21 14:31:37,222 [Listener at 127.0.0.1/41311] INFO  http.HttpServer2 (HttpServer2.java:addFilter(1004)) - Added filter static_user_filter (class=org.apache.hadoop.http.lib.StaticUserWebFilter$StaticUserFilter) to context logs
2021-05-21 14:31:37,227 [Listener at 127.0.0.1/41311] INFO  http.HttpServer2 (HttpServer2.java:bindListener(1238)) - Jetty bound to port 43571
2021-05-21 14:31:37,227 [Listener at 127.0.0.1/41311] INFO  server.Server (Server.java:doStart(375)) - jetty-9.4.35.v20201120; built: 2020-11-20T21:17:03.964Z; git: bdc54f03a5e0a7e280fab27f55c3c75ee8da89fb; jvm 1.8.0_232-b09
2021-05-21 14:31:37,228 [Listener at 127.0.0.1/41311] INFO  server.session (DefaultSessionIdManager.java:doStart(334)) - DefaultSessionIdManager workerName=node0
2021-05-21 14:31:37,228 [Listener at 127.0.0.1/41311] INFO  server.session (DefaultSessionIdManager.java:doStart(339)) - No SessionScavenger set, using defaults
2021-05-21 14:31:37,228 [Listener at 127.0.0.1/41311] INFO  server.session (HouseKeeper.java:startScavenging(132)) - node0 Scavenging every 660000ms
2021-05-21 14:31:37,229 [Listener at 127.0.0.1/41311] INFO  handler.ContextHandler (ContextHandler.java:doStart(916)) - Started o.e.j.s.ServletContextHandler@18ad4396{logs,/logs,file:///github/workspace/mnt/ozone/hadoop-ozone/integration-test/target/log,AVAILABLE}
2021-05-21 14:31:37,230 [Listener at 127.0.0.1/41311] INFO  handler.ContextHandler (ContextHandler.java:doStart(916)) - Started o.e.j.s.ServletContextHandler@77302d1a{static,/static,jar:file:/home/user/.m2/repository/org/apache/hadoop/hadoop-hdds-container-service/1.2.0-SNAPSHOT/hadoop-hdds-container-service-1.2.0-SNAPSHOT.jar!/webapps/static,AVAILABLE}
2021-05-21 14:31:37,383 [Listener at 127.0.0.1/41311] INFO  handler.ContextHandler (ContextHandler.java:doStart(916)) - Started o.e.j.w.WebAppContext@6cfa1cb2{hddsDatanode,/,file:///tmp/jetty-0_0_0_0-43571-hadoop-hdds-container-service-1_2_0-SNAPSHOT_jar-_-any-912341364366444503/webapp/,AVAILABLE}{jar:file:/home/user/.m2/repository/org/apache/hadoop/hadoop-hdds-container-service/1.2.0-SNAPSHOT/hadoop-hdds-container-service-1.2.0-SNAPSHOT.jar!/webapps/hddsDatanode}
2021-05-21 14:31:37,385 [Listener at 127.0.0.1/41311] INFO  server.AbstractConnector (AbstractConnector.java:doStart(331)) - Started ServerConnector@428ea503{HTTP/1.1, (http/1.1)}{0.0.0.0:43571}
2021-05-21 14:31:37,385 [Listener at 127.0.0.1/41311] INFO  server.Server (Server.java:doStart(415)) - Started @57527ms
2021-05-21 14:31:37,385 [Listener at 127.0.0.1/41311] WARN  impl.MetricsSystemImpl (MetricsSystemImpl.java:register(279)) - Sink prometheus already exists!
2021-05-21 14:31:37,388 [Listener at 127.0.0.1/41311] INFO  http.BaseHttpServer (BaseHttpServer.java:updateConnectorAddress(329)) - HTTP server of hddsDatanode listening at http://0.0.0.0:43571
2021-05-21 14:31:37,390 [Listener at 127.0.0.1/41311] INFO  impl.MetricsSystemImpl (MetricsSystemImpl.java:init(158)) - HddsDatanode metrics system started (again)
2021-05-21 14:31:37,391 [org.apache.hadoop.util.JvmPauseMonitor$Monitor@4d913beb] INFO  util.JvmPauseMonitor (JvmPauseMonitor.java:run(188)) - Starting JVM pause monitor
2021-05-21 14:31:37,391 [Listener at 127.0.0.1/41311] INFO  ozone.HddsDatanodeService (HddsDatanodeService.java:start(220)) - HddsDatanodeService host:b766c8128f74 ip:172.17.0.2
2021-05-21 14:31:37,393 [Datanode State Machine Task Thread - 0] INFO  datanode.InitDatanodeState (InitDatanodeState.java:persistContainerDatanodeDetails(145)) - DatanodeDetails is persisted to /github/workspace/mnt/ozone/hadoop-ozone/integration-test/target/test-dir/MiniOzoneClusterImpl-22464894-f501-479f-ae18-3fb6cdd505c4/datanode-4/meta/datanode.id
2021-05-21 14:31:37,421 [Listener at 127.0.0.1/41311] INFO  volume.HddsVolume (HddsVolume.java:<init>(184)) - Creating Volume: /github/workspace/mnt/ozone/hadoop-ozone/integration-test/target/test-dir/MiniOzoneClusterImpl-22464894-f501-479f-ae18-3fb6cdd505c4/datanode-5/data-0/containers/hdds of storage type : DISK and capacity : 9223372036854775807
2021-05-21 14:31:37,421 [Listener at 127.0.0.1/41311] INFO  volume.MutableVolumeSet (MutableVolumeSet.java:initializeVolumeSet(195)) - Added Volume : /github/workspace/mnt/ozone/hadoop-ozone/integration-test/target/test-dir/MiniOzoneClusterImpl-22464894-f501-479f-ae18-3fb6cdd505c4/datanode-5/data-0/containers/hdds to VolumeSet
2021-05-21 14:31:37,421 [Listener at 127.0.0.1/41311] INFO  volume.ThrottledAsyncChecker (ThrottledAsyncChecker.java:schedule(141)) - Scheduling a check for /github/workspace/mnt/ozone/hadoop-ozone/integration-test/target/test-dir/MiniOzoneClusterImpl-22464894-f501-479f-ae18-3fb6cdd505c4/datanode-5/data-0/containers/hdds
2021-05-21 14:31:37,422 [Listener at 127.0.0.1/41311] INFO  volume.HddsVolumeChecker (HddsVolumeChecker.java:checkAllVolumes(200)) - Scheduled health check for volume /github/workspace/mnt/ozone/hadoop-ozone/integration-test/target/test-dir/MiniOzoneClusterImpl-22464894-f501-479f-ae18-3fb6cdd505c4/datanode-5/data-0/containers/hdds
2021-05-21 14:31:37,435 [Listener at 127.0.0.1/41311] INFO  ozoneimpl.ContainerReader (ContainerReader.java:<init>(98)) - Running in upgrade mode:true
2021-05-21 14:31:37,436 [Thread-805] INFO  ozoneimpl.ContainerReader (ContainerReader.java:readVolume(142)) - Start to verify containers on volume /github/workspace/mnt/ozone/hadoop-ozone/integration-test/target/test-dir/MiniOzoneClusterImpl-22464894-f501-479f-ae18-3fb6cdd505c4/datanode-5/data-0/containers/hdds
2021-05-21 14:31:37,436 [Thread-805] INFO  ozoneimpl.ContainerReader (ContainerReader.java:readVolume(174)) - Finish verifying containers on volume /github/workspace/mnt/ozone/hadoop-ozone/integration-test/target/test-dir/MiniOzoneClusterImpl-22464894-f501-479f-ae18-3fb6cdd505c4/datanode-5/data-0/containers/hdds
2021-05-21 14:31:37,436 [Listener at 127.0.0.1/41311] INFO  ozoneimpl.OzoneContainer (OzoneContainer.java:buildContainerSet(225)) - Build ContainerSet costs 0s
2021-05-21 14:31:37,438 [Listener at 127.0.0.1/41311] INFO  server.RaftServer (ConfUtils.java:logGet(44)) - raft.rpc.type = GRPC (default)
2021-05-21 14:31:37,438 [Listener at 127.0.0.1/41311] INFO  grpc.GrpcFactory (GrpcFactory.java:checkPooledByteBufAllocatorUseCacheForAllThreads(48)) - PERFORMANCE WARNING: useCacheForAllThreads is true that may cause Netty to create a lot garbage objects and, as a result, trigger GC.
	It is recommended to disable useCacheForAllThreads by setting -Dorg.apache.ratis.thirdparty.io.netty.allocator.useCacheForAllThreads=false in command line.
2021-05-21 14:31:37,438 [Listener at 127.0.0.1/41311] INFO  grpc.GrpcConfigKeys (ConfUtils.java:logGet(44)) - raft.grpc.admin.port = 0 (custom)
2021-05-21 14:31:37,438 [Listener at 127.0.0.1/41311] INFO  grpc.GrpcConfigKeys (ConfUtils.java:logGet(44)) - raft.grpc.client.port = 0 (custom)
2021-05-21 14:31:37,439 [Listener at 127.0.0.1/41311] INFO  grpc.GrpcConfigKeys (ConfUtils.java:logGet(44)) - raft.grpc.server.port = 0 (default)
2021-05-21 14:31:37,439 [Listener at 127.0.0.1/41311] INFO  server.GrpcService (ConfUtils.java:logGet(44)) - raft.grpc.message.size.max = 32MB (=33554432) (custom)
2021-05-21 14:31:37,439 [Listener at 127.0.0.1/41311] INFO  server.RaftServerConfigKeys (ConfUtils.java:logGet(44)) - raft.server.log.appender.buffer.byte-limit = 33554432 (custom)
2021-05-21 14:31:37,439 [Listener at 127.0.0.1/41311] INFO  server.GrpcService (ConfUtils.java:logGet(44)) - raft.grpc.flow.control.window = 5MB (=5242880) (custom)
2021-05-21 14:31:37,439 [Listener at 127.0.0.1/41311] INFO  server.RaftServerConfigKeys (ConfUtils.java:logGet(44)) - raft.server.rpc.request.timeout = 60s (custom)
2021-05-21 14:31:37,440 [Listener at 127.0.0.1/41311] INFO  impl.DataStreamServerImpl (ConfUtils.java:logGet(44)) - raft.datastream.type = DISABLED (default)
2021-05-21 14:31:37,441 [Listener at 127.0.0.1/41311] INFO  server.RaftServerConfigKeys (ConfUtils.java:logGet(44)) - raft.server.rpc.slowness.timeout = 300s (custom)
2021-05-21 14:31:37,441 [Listener at 127.0.0.1/41311] INFO  server.RaftServerConfigKeys (ConfUtils.java:logGet(44)) - raft.server.leaderelection.leader.step-down.wait-time = 10s (default)
2021-05-21 14:31:37,441 [Listener at 127.0.0.1/41311] INFO  server.RaftServerConfigKeys (ConfUtils.java:logGet(44)) - raft.server.storage.dir = [/github/workspace/mnt/ozone/hadoop-ozone/integration-test/target/test-dir/MiniOzoneClusterImpl-22464894-f501-479f-ae18-3fb6cdd505c4/datanode-5/data/ratis] (custom)
2021-05-21 14:31:37,450 [Listener at 127.0.0.1/41311] INFO  http.BaseHttpServer (BaseHttpServer.java:newHttpServer2BuilderForOzone(209)) - Starting Web-server for hddsDatanode at: http://0.0.0.0:0
2021-05-21 14:31:37,450 [Listener at 127.0.0.1/41311] INFO  http.BaseHttpServer (BaseHttpServer.java:<init>(107)) - Hadoop Security Enabled: false Ozone Security Enabled: false Ozone HTTP Security Enabled: false 
2021-05-21 14:31:37,451 [Listener at 127.0.0.1/41311] INFO  server.AuthenticationFilter (AuthenticationFilter.java:constructSecretProvider(240)) - Unable to initialize FileSignerSecretProvider, falling back to use random secrets.
2021-05-21 14:31:37,452 [Listener at 127.0.0.1/41311] WARN  http.HttpRequestLog (HttpRequestLog.java:getRequestLog(103)) - Jetty request log can only be enabled using Log4j
2021-05-21 14:31:37,453 [Listener at 127.0.0.1/41311] INFO  http.HttpServer2 (HttpServer2.java:addGlobalFilter(1020)) - Added global filter 'safety' (class=org.apache.hadoop.hdds.server.http.HttpServer2$QuotingInputFilter)
2021-05-21 14:31:37,453 [Listener at 127.0.0.1/41311] INFO  http.HttpServer2 (HttpServer2.java:addFilter(996)) - Added filter static_user_filter (class=org.apache.hadoop.http.lib.StaticUserWebFilter$StaticUserFilter) to context hddsDatanode
2021-05-21 14:31:37,453 [Listener at 127.0.0.1/41311] INFO  http.HttpServer2 (HttpServer2.java:addFilter(1004)) - Added filter static_user_filter (class=org.apache.hadoop.http.lib.StaticUserWebFilter$StaticUserFilter) to context logs
2021-05-21 14:31:37,454 [Listener at 127.0.0.1/41311] INFO  http.HttpServer2 (HttpServer2.java:addFilter(1004)) - Added filter static_user_filter (class=org.apache.hadoop.http.lib.StaticUserWebFilter$StaticUserFilter) to context static
2021-05-21 14:31:37,454 [Listener at 127.0.0.1/41311] INFO  http.HttpServer2 (HttpServer2.java:bindListener(1238)) - Jetty bound to port 40123
2021-05-21 14:31:37,454 [Listener at 127.0.0.1/41311] INFO  server.Server (Server.java:doStart(375)) - jetty-9.4.35.v20201120; built: 2020-11-20T21:17:03.964Z; git: bdc54f03a5e0a7e280fab27f55c3c75ee8da89fb; jvm 1.8.0_232-b09
2021-05-21 14:31:37,456 [Listener at 127.0.0.1/41311] INFO  server.session (DefaultSessionIdManager.java:doStart(334)) - DefaultSessionIdManager workerName=node0
2021-05-21 14:31:37,457 [Listener at 127.0.0.1/41311] INFO  server.session (DefaultSessionIdManager.java:doStart(339)) - No SessionScavenger set, using defaults
2021-05-21 14:31:37,457 [Listener at 127.0.0.1/41311] INFO  server.session (HouseKeeper.java:startScavenging(132)) - node0 Scavenging every 600000ms
2021-05-21 14:31:37,458 [Listener at 127.0.0.1/41311] INFO  handler.ContextHandler (ContextHandler.java:doStart(916)) - Started o.e.j.s.ServletContextHandler@1a377f85{logs,/logs,file:///github/workspace/mnt/ozone/hadoop-ozone/integration-test/target/log,AVAILABLE}
2021-05-21 14:31:37,458 [Listener at 127.0.0.1/41311] INFO  handler.ContextHandler (ContextHandler.java:doStart(916)) - Started o.e.j.s.ServletContextHandler@29511222{static,/static,jar:file:/home/user/.m2/repository/org/apache/hadoop/hadoop-hdds-container-service/1.2.0-SNAPSHOT/hadoop-hdds-container-service-1.2.0-SNAPSHOT.jar!/webapps/static,AVAILABLE}
2021-05-21 14:31:37,628 [Listener at 127.0.0.1/41311] INFO  handler.ContextHandler (ContextHandler.java:doStart(916)) - Started o.e.j.w.WebAppContext@1125c869{hddsDatanode,/,file:///tmp/jetty-0_0_0_0-40123-hadoop-hdds-container-service-1_2_0-SNAPSHOT_jar-_-any-1474816226908953955/webapp/,AVAILABLE}{jar:file:/home/user/.m2/repository/org/apache/hadoop/hadoop-hdds-container-service/1.2.0-SNAPSHOT/hadoop-hdds-container-service-1.2.0-SNAPSHOT.jar!/webapps/hddsDatanode}
2021-05-21 14:31:37,629 [Listener at 127.0.0.1/41311] INFO  server.AbstractConnector (AbstractConnector.java:doStart(331)) - Started ServerConnector@6e7ee328{HTTP/1.1, (http/1.1)}{0.0.0.0:40123}
2021-05-21 14:31:37,630 [Listener at 127.0.0.1/41311] INFO  server.Server (Server.java:doStart(415)) - Started @57772ms
2021-05-21 14:31:37,630 [Listener at 127.0.0.1/41311] WARN  impl.MetricsSystemImpl (MetricsSystemImpl.java:register(279)) - Sink prometheus already exists!
2021-05-21 14:31:37,634 [Listener at 127.0.0.1/41311] INFO  http.BaseHttpServer (BaseHttpServer.java:updateConnectorAddress(329)) - HTTP server of hddsDatanode listening at http://0.0.0.0:40123
2021-05-21 14:31:37,637 [Listener at 127.0.0.1/41311] INFO  ozone.MiniOzoneClusterImpl (MiniOzoneClusterImpl.java:lambda$waitForClusterToBeReady$0(224)) - Waiting for nodes to be ready. Got 0 of 6 DN Heartbeats.
2021-05-21 14:31:37,638 [Listener at 127.0.0.1/41311] INFO  ozone.MiniOzoneClusterImpl (MiniOzoneClusterImpl.java:lambda$waitForClusterToBeReady$0(227)) - Waiting for cluster to exit safe mode
2021-05-21 14:31:37,638 [Listener at 127.0.0.1/41311] INFO  ozone.MiniOzoneClusterImpl (MiniOzoneClusterImpl.java:lambda$waitForClusterToBeReady$0(230)) - SCM became leader
2021-05-21 14:31:37,638 [org.apache.hadoop.util.JvmPauseMonitor$Monitor@46067d34] INFO  util.JvmPauseMonitor (JvmPauseMonitor.java:run(188)) - Starting JVM pause monitor
2021-05-21 14:31:37,639 [Datanode State Machine Task Thread - 0] INFO  datanode.InitDatanodeState (InitDatanodeState.java:persistContainerDatanodeDetails(145)) - DatanodeDetails is persisted to /github/workspace/mnt/ozone/hadoop-ozone/integration-test/target/test-dir/MiniOzoneClusterImpl-22464894-f501-479f-ae18-3fb6cdd505c4/datanode-5/meta/datanode.id
2021-05-21 14:31:37,724 [ReplicationMonitor] INFO  container.ReplicationManager (ReplicationManager.java:run(290)) - Replication Monitor Thread took 0 milliseconds for processing 0 containers.
2021-05-21 14:31:38,334 [EndpointStateMachine task thread for /0.0.0.0:45897 - 0 ] INFO  ozoneimpl.OzoneContainer (OzoneContainer.java:start(292)) - Attempting to start container services.
2021-05-21 14:31:38,334 [EndpointStateMachine task thread for /0.0.0.0:45897 - 0 ] INFO  ozoneimpl.OzoneContainer (OzoneContainer.java:startContainerScrub(238)) - Background container scanner has been disabled.
2021-05-21 14:31:38,335 [EndpointStateMachine task thread for /0.0.0.0:45897 - 0 ] INFO  replication.ReplicationServer (ReplicationServer.java:start(106)) - ReplicationServer is started using port 43283
2021-05-21 14:31:38,336 [EndpointStateMachine task thread for /0.0.0.0:45897 - 0 ] INFO  ratis.XceiverServerRatis (XceiverServerRatis.java:start(490)) - Starting XceiverServerRatis 14ea7ea1-b15f-48dc-ab0e-907b4acf42a4
2021-05-21 14:31:38,341 [EndpointStateMachine task thread for /0.0.0.0:45897 - 0 ] INFO  server.RaftServer (RaftServerProxy.java:lambda$start$5(374)) - 14ea7ea1-b15f-48dc-ab0e-907b4acf42a4: start RPC server
2021-05-21 14:31:38,341 [EndpointStateMachine task thread for /0.0.0.0:45897 - 0 ] INFO  server.GrpcService (GrpcService.java:startImpl(253)) - 14ea7ea1-b15f-48dc-ab0e-907b4acf42a4: GrpcService started, listening on 46343
2021-05-21 14:31:38,341 [EndpointStateMachine task thread for /0.0.0.0:45897 - 0 ] INFO  ratis.XceiverServerRatis (XceiverServerRatis.java:getRealPort(511)) - XceiverServerRatis 14ea7ea1-b15f-48dc-ab0e-907b4acf42a4 is started using port 46343 for RATIS
2021-05-21 14:31:38,341 [EndpointStateMachine task thread for /0.0.0.0:45897 - 0 ] INFO  ratis.XceiverServerRatis (XceiverServerRatis.java:getRealPort(511)) - XceiverServerRatis 14ea7ea1-b15f-48dc-ab0e-907b4acf42a4 is started using port 46343 for RATIS_ADMIN
2021-05-21 14:31:38,341 [org.apache.ratis.util.JvmPauseMonitor$$Lambda$504/1419640349@19b53f9a] INFO  util.JvmPauseMonitor (JvmPauseMonitor.java:run(103)) - JvmPauseMonitor-14ea7ea1-b15f-48dc-ab0e-907b4acf42a4: Started
2021-05-21 14:31:38,341 [EndpointStateMachine task thread for /0.0.0.0:45897 - 0 ] INFO  ratis.XceiverServerRatis (XceiverServerRatis.java:getRealPort(511)) - XceiverServerRatis 14ea7ea1-b15f-48dc-ab0e-907b4acf42a4 is started using port 46343 for RATIS_SERVER
2021-05-21 14:31:38,342 [EndpointStateMachine task thread for /0.0.0.0:45897 - 0 ] INFO  server.XceiverServerGrpc (XceiverServerGrpc.java:start(135)) - XceiverServerGrpc 14ea7ea1-b15f-48dc-ab0e-907b4acf42a4 is started using port 36905
2021-05-21 14:31:38,562 [EndpointStateMachine task thread for /0.0.0.0:45897 - 0 ] INFO  ozoneimpl.OzoneContainer (OzoneContainer.java:start(292)) - Attempting to start container services.
2021-05-21 14:31:38,562 [EndpointStateMachine task thread for /0.0.0.0:45897 - 0 ] INFO  ozoneimpl.OzoneContainer (OzoneContainer.java:startContainerScrub(238)) - Background container scanner has been disabled.
2021-05-21 14:31:38,563 [EndpointStateMachine task thread for /0.0.0.0:45897 - 0 ] INFO  replication.ReplicationServer (ReplicationServer.java:start(106)) - ReplicationServer is started using port 33745
2021-05-21 14:31:38,564 [EndpointStateMachine task thread for /0.0.0.0:45897 - 0 ] INFO  ratis.XceiverServerRatis (XceiverServerRatis.java:start(490)) - Starting XceiverServerRatis 9a82ec2f-9c54-4599-b9e4-0bab5ceba92f
2021-05-21 14:31:38,565 [EndpointStateMachine task thread for /0.0.0.0:45897 - 0 ] INFO  server.RaftServer (RaftServerProxy.java:lambda$start$5(374)) - 9a82ec2f-9c54-4599-b9e4-0bab5ceba92f: start RPC server
2021-05-21 14:31:38,566 [EndpointStateMachine task thread for /0.0.0.0:45897 - 0 ] INFO  server.GrpcService (GrpcService.java:startImpl(253)) - 9a82ec2f-9c54-4599-b9e4-0bab5ceba92f: GrpcService started, listening on 41073
2021-05-21 14:31:38,566 [EndpointStateMachine task thread for /0.0.0.0:45897 - 0 ] INFO  ratis.XceiverServerRatis (XceiverServerRatis.java:getRealPort(511)) - XceiverServerRatis 9a82ec2f-9c54-4599-b9e4-0bab5ceba92f is started using port 41073 for RATIS
2021-05-21 14:31:38,566 [EndpointStateMachine task thread for /0.0.0.0:45897 - 0 ] INFO  ratis.XceiverServerRatis (XceiverServerRatis.java:getRealPort(511)) - XceiverServerRatis 9a82ec2f-9c54-4599-b9e4-0bab5ceba92f is started using port 41073 for RATIS_ADMIN
2021-05-21 14:31:38,566 [EndpointStateMachine task thread for /0.0.0.0:45897 - 0 ] INFO  ratis.XceiverServerRatis (XceiverServerRatis.java:getRealPort(511)) - XceiverServerRatis 9a82ec2f-9c54-4599-b9e4-0bab5ceba92f is started using port 41073 for RATIS_SERVER
2021-05-21 14:31:38,567 [EndpointStateMachine task thread for /0.0.0.0:45897 - 0 ] INFO  server.XceiverServerGrpc (XceiverServerGrpc.java:start(135)) - XceiverServerGrpc 9a82ec2f-9c54-4599-b9e4-0bab5ceba92f is started using port 37819
2021-05-21 14:31:38,570 [org.apache.ratis.util.JvmPauseMonitor$$Lambda$504/1419640349@e6d420a] INFO  util.JvmPauseMonitor (JvmPauseMonitor.java:run(103)) - JvmPauseMonitor-9a82ec2f-9c54-4599-b9e4-0bab5ceba92f: Started
2021-05-21 14:31:38,638 [Listener at 127.0.0.1/41311] INFO  ozone.MiniOzoneClusterImpl (MiniOzoneClusterImpl.java:lambda$waitForClusterToBeReady$0(224)) - Waiting for nodes to be ready. Got 0 of 6 DN Heartbeats.
2021-05-21 14:31:38,638 [Listener at 127.0.0.1/41311] INFO  ozone.MiniOzoneClusterImpl (MiniOzoneClusterImpl.java:lambda$waitForClusterToBeReady$0(227)) - Waiting for cluster to exit safe mode
2021-05-21 14:31:38,639 [Listener at 127.0.0.1/41311] INFO  ozone.MiniOzoneClusterImpl (MiniOzoneClusterImpl.java:lambda$waitForClusterToBeReady$0(230)) - SCM became leader
2021-05-21 14:31:38,725 [ReplicationMonitor] INFO  container.ReplicationManager (ReplicationManager.java:run(290)) - Replication Monitor Thread took 0 milliseconds for processing 0 containers.
2021-05-21 14:31:38,940 [EndpointStateMachine task thread for /0.0.0.0:45897 - 0 ] INFO  ozoneimpl.OzoneContainer (OzoneContainer.java:start(292)) - Attempting to start container services.
2021-05-21 14:31:38,940 [EndpointStateMachine task thread for /0.0.0.0:45897 - 0 ] INFO  ozoneimpl.OzoneContainer (OzoneContainer.java:startContainerScrub(238)) - Background container scanner has been disabled.
2021-05-21 14:31:38,946 [EndpointStateMachine task thread for /0.0.0.0:45897 - 0 ] INFO  replication.ReplicationServer (ReplicationServer.java:start(106)) - ReplicationServer is started using port 33193
2021-05-21 14:31:38,947 [EndpointStateMachine task thread for /0.0.0.0:45897 - 0 ] INFO  ratis.XceiverServerRatis (XceiverServerRatis.java:start(490)) - Starting XceiverServerRatis 1fccea47-322e-4257-abe8-9dc7eb47081b
2021-05-21 14:31:38,949 [EndpointStateMachine task thread for /0.0.0.0:45897 - 0 ] INFO  server.RaftServer (RaftServerProxy.java:lambda$start$5(374)) - 1fccea47-322e-4257-abe8-9dc7eb47081b: start RPC server
2021-05-21 14:31:38,949 [EndpointStateMachine task thread for /0.0.0.0:45897 - 0 ] INFO  server.GrpcService (GrpcService.java:startImpl(253)) - 1fccea47-322e-4257-abe8-9dc7eb47081b: GrpcService started, listening on 46599
2021-05-21 14:31:38,949 [EndpointStateMachine task thread for /0.0.0.0:45897 - 0 ] INFO  ratis.XceiverServerRatis (XceiverServerRatis.java:getRealPort(511)) - XceiverServerRatis 1fccea47-322e-4257-abe8-9dc7eb47081b is started using port 46599 for RATIS
2021-05-21 14:31:38,950 [EndpointStateMachine task thread for /0.0.0.0:45897 - 0 ] INFO  ratis.XceiverServerRatis (XceiverServerRatis.java:getRealPort(511)) - XceiverServerRatis 1fccea47-322e-4257-abe8-9dc7eb47081b is started using port 46599 for RATIS_ADMIN
2021-05-21 14:31:38,950 [EndpointStateMachine task thread for /0.0.0.0:45897 - 0 ] INFO  ratis.XceiverServerRatis (XceiverServerRatis.java:getRealPort(511)) - XceiverServerRatis 1fccea47-322e-4257-abe8-9dc7eb47081b is started using port 46599 for RATIS_SERVER
2021-05-21 14:31:38,950 [EndpointStateMachine task thread for /0.0.0.0:45897 - 0 ] INFO  server.XceiverServerGrpc (XceiverServerGrpc.java:start(135)) - XceiverServerGrpc 1fccea47-322e-4257-abe8-9dc7eb47081b is started using port 46545
2021-05-21 14:31:38,951 [org.apache.ratis.util.JvmPauseMonitor$$Lambda$504/1419640349@3a74fd90] INFO  util.JvmPauseMonitor (JvmPauseMonitor.java:run(103)) - JvmPauseMonitor-1fccea47-322e-4257-abe8-9dc7eb47081b: Started
2021-05-21 14:31:39,176 [EndpointStateMachine task thread for /0.0.0.0:45897 - 0 ] INFO  ozoneimpl.OzoneContainer (OzoneContainer.java:start(292)) - Attempting to start container services.
2021-05-21 14:31:39,176 [EndpointStateMachine task thread for /0.0.0.0:45897 - 0 ] INFO  ozoneimpl.OzoneContainer (OzoneContainer.java:startContainerScrub(238)) - Background container scanner has been disabled.
2021-05-21 14:31:39,177 [EndpointStateMachine task thread for /0.0.0.0:45897 - 0 ] INFO  replication.ReplicationServer (ReplicationServer.java:start(106)) - ReplicationServer is started using port 41397
2021-05-21 14:31:39,177 [EndpointStateMachine task thread for /0.0.0.0:45897 - 0 ] INFO  ratis.XceiverServerRatis (XceiverServerRatis.java:start(490)) - Starting XceiverServerRatis fe5d1211-9335-469c-958f-8182ca4380cf
2021-05-21 14:31:39,181 [EndpointStateMachine task thread for /0.0.0.0:45897 - 0 ] INFO  server.RaftServer (RaftServerProxy.java:lambda$start$5(374)) - fe5d1211-9335-469c-958f-8182ca4380cf: start RPC server
2021-05-21 14:31:39,181 [EndpointStateMachine task thread for /0.0.0.0:45897 - 0 ] INFO  server.GrpcService (GrpcService.java:startImpl(253)) - fe5d1211-9335-469c-958f-8182ca4380cf: GrpcService started, listening on 40647
2021-05-21 14:31:39,181 [EndpointStateMachine task thread for /0.0.0.0:45897 - 0 ] INFO  ratis.XceiverServerRatis (XceiverServerRatis.java:getRealPort(511)) - XceiverServerRatis fe5d1211-9335-469c-958f-8182ca4380cf is started using port 40647 for RATIS
2021-05-21 14:31:39,181 [EndpointStateMachine task thread for /0.0.0.0:45897 - 0 ] INFO  ratis.XceiverServerRatis (XceiverServerRatis.java:getRealPort(511)) - XceiverServerRatis fe5d1211-9335-469c-958f-8182ca4380cf is started using port 40647 for RATIS_ADMIN
2021-05-21 14:31:39,181 [EndpointStateMachine task thread for /0.0.0.0:45897 - 0 ] INFO  ratis.XceiverServerRatis (XceiverServerRatis.java:getRealPort(511)) - XceiverServerRatis fe5d1211-9335-469c-958f-8182ca4380cf is started using port 40647 for RATIS_SERVER
2021-05-21 14:31:39,182 [EndpointStateMachine task thread for /0.0.0.0:45897 - 0 ] INFO  server.XceiverServerGrpc (XceiverServerGrpc.java:start(135)) - XceiverServerGrpc fe5d1211-9335-469c-958f-8182ca4380cf is started using port 33787
2021-05-21 14:31:39,182 [org.apache.ratis.util.JvmPauseMonitor$$Lambda$504/1419640349@1e4012cd] INFO  util.JvmPauseMonitor (JvmPauseMonitor.java:run(103)) - JvmPauseMonitor-fe5d1211-9335-469c-958f-8182ca4380cf: Started
2021-05-21 14:31:39,395 [EndpointStateMachine task thread for /0.0.0.0:45897 - 0 ] INFO  ozoneimpl.OzoneContainer (OzoneContainer.java:start(292)) - Attempting to start container services.
2021-05-21 14:31:39,395 [EndpointStateMachine task thread for /0.0.0.0:45897 - 0 ] INFO  ozoneimpl.OzoneContainer (OzoneContainer.java:startContainerScrub(238)) - Background container scanner has been disabled.
2021-05-21 14:31:39,396 [EndpointStateMachine task thread for /0.0.0.0:45897 - 0 ] INFO  replication.ReplicationServer (ReplicationServer.java:start(106)) - ReplicationServer is started using port 45099
2021-05-21 14:31:39,399 [EndpointStateMachine task thread for /0.0.0.0:45897 - 0 ] INFO  ratis.XceiverServerRatis (XceiverServerRatis.java:start(490)) - Starting XceiverServerRatis 813e8fa6-b95f-4599-bf2c-d00dca9e2ee3
2021-05-21 14:31:39,401 [EndpointStateMachine task thread for /0.0.0.0:45897 - 0 ] INFO  server.RaftServer (RaftServerProxy.java:lambda$start$5(374)) - 813e8fa6-b95f-4599-bf2c-d00dca9e2ee3: start RPC server
2021-05-21 14:31:39,402 [EndpointStateMachine task thread for /0.0.0.0:45897 - 0 ] INFO  server.GrpcService (GrpcService.java:startImpl(253)) - 813e8fa6-b95f-4599-bf2c-d00dca9e2ee3: GrpcService started, listening on 43595
2021-05-21 14:31:39,402 [EndpointStateMachine task thread for /0.0.0.0:45897 - 0 ] INFO  ratis.XceiverServerRatis (XceiverServerRatis.java:getRealPort(511)) - XceiverServerRatis 813e8fa6-b95f-4599-bf2c-d00dca9e2ee3 is started using port 43595 for RATIS
2021-05-21 14:31:39,402 [EndpointStateMachine task thread for /0.0.0.0:45897 - 0 ] INFO  ratis.XceiverServerRatis (XceiverServerRatis.java:getRealPort(511)) - XceiverServerRatis 813e8fa6-b95f-4599-bf2c-d00dca9e2ee3 is started using port 43595 for RATIS_ADMIN
2021-05-21 14:31:39,402 [org.apache.ratis.util.JvmPauseMonitor$$Lambda$504/1419640349@5c07596e] INFO  util.JvmPauseMonitor (JvmPauseMonitor.java:run(103)) - JvmPauseMonitor-813e8fa6-b95f-4599-bf2c-d00dca9e2ee3: Started
2021-05-21 14:31:39,402 [EndpointStateMachine task thread for /0.0.0.0:45897 - 0 ] INFO  ratis.XceiverServerRatis (XceiverServerRatis.java:getRealPort(511)) - XceiverServerRatis 813e8fa6-b95f-4599-bf2c-d00dca9e2ee3 is started using port 43595 for RATIS_SERVER
2021-05-21 14:31:39,403 [EndpointStateMachine task thread for /0.0.0.0:45897 - 0 ] INFO  server.XceiverServerGrpc (XceiverServerGrpc.java:start(135)) - XceiverServerGrpc 813e8fa6-b95f-4599-bf2c-d00dca9e2ee3 is started using port 42879
2021-05-21 14:31:39,640 [Listener at 127.0.0.1/41311] INFO  ozone.MiniOzoneClusterImpl (MiniOzoneClusterImpl.java:lambda$waitForClusterToBeReady$0(224)) - Waiting for nodes to be ready. Got 0 of 6 DN Heartbeats.
2021-05-21 14:31:39,641 [Listener at 127.0.0.1/41311] INFO  ozone.MiniOzoneClusterImpl (MiniOzoneClusterImpl.java:lambda$waitForClusterToBeReady$0(227)) - Waiting for cluster to exit safe mode
2021-05-21 14:31:39,641 [Listener at 127.0.0.1/41311] INFO  ozone.MiniOzoneClusterImpl (MiniOzoneClusterImpl.java:lambda$waitForClusterToBeReady$0(230)) - SCM became leader
2021-05-21 14:31:39,643 [EndpointStateMachine task thread for /0.0.0.0:45897 - 0 ] INFO  ozoneimpl.OzoneContainer (OzoneContainer.java:start(292)) - Attempting to start container services.
2021-05-21 14:31:39,643 [EndpointStateMachine task thread for /0.0.0.0:45897 - 0 ] INFO  ozoneimpl.OzoneContainer (OzoneContainer.java:startContainerScrub(238)) - Background container scanner has been disabled.
2021-05-21 14:31:39,643 [EndpointStateMachine task thread for /0.0.0.0:45897 - 0 ] INFO  replication.ReplicationServer (ReplicationServer.java:start(106)) - ReplicationServer is started using port 40105
2021-05-21 14:31:39,644 [EndpointStateMachine task thread for /0.0.0.0:45897 - 0 ] INFO  ratis.XceiverServerRatis (XceiverServerRatis.java:start(490)) - Starting XceiverServerRatis 1b7a9f1a-9a61-4565-a67b-2de79fff2a8e
2021-05-21 14:31:39,645 [EndpointStateMachine task thread for /0.0.0.0:45897 - 0 ] INFO  server.RaftServer (RaftServerProxy.java:lambda$start$5(374)) - 1b7a9f1a-9a61-4565-a67b-2de79fff2a8e: start RPC server
2021-05-21 14:31:39,646 [EndpointStateMachine task thread for /0.0.0.0:45897 - 0 ] INFO  server.GrpcService (GrpcService.java:startImpl(253)) - 1b7a9f1a-9a61-4565-a67b-2de79fff2a8e: GrpcService started, listening on 36135
2021-05-21 14:31:39,646 [EndpointStateMachine task thread for /0.0.0.0:45897 - 0 ] INFO  ratis.XceiverServerRatis (XceiverServerRatis.java:getRealPort(511)) - XceiverServerRatis 1b7a9f1a-9a61-4565-a67b-2de79fff2a8e is started using port 36135 for RATIS
2021-05-21 14:31:39,646 [EndpointStateMachine task thread for /0.0.0.0:45897 - 0 ] INFO  ratis.XceiverServerRatis (XceiverServerRatis.java:getRealPort(511)) - XceiverServerRatis 1b7a9f1a-9a61-4565-a67b-2de79fff2a8e is started using port 36135 for RATIS_ADMIN
2021-05-21 14:31:39,646 [org.apache.ratis.util.JvmPauseMonitor$$Lambda$504/1419640349@5f667c4d] INFO  util.JvmPauseMonitor (JvmPauseMonitor.java:run(103)) - JvmPauseMonitor-1b7a9f1a-9a61-4565-a67b-2de79fff2a8e: Started
2021-05-21 14:31:39,646 [EndpointStateMachine task thread for /0.0.0.0:45897 - 0 ] INFO  ratis.XceiverServerRatis (XceiverServerRatis.java:getRealPort(511)) - XceiverServerRatis 1b7a9f1a-9a61-4565-a67b-2de79fff2a8e is started using port 36135 for RATIS_SERVER
2021-05-21 14:31:39,647 [EndpointStateMachine task thread for /0.0.0.0:45897 - 0 ] INFO  server.XceiverServerGrpc (XceiverServerGrpc.java:start(135)) - XceiverServerGrpc 1b7a9f1a-9a61-4565-a67b-2de79fff2a8e is started using port 46121
2021-05-21 14:31:39,725 [ReplicationMonitor] INFO  container.ReplicationManager (ReplicationManager.java:run(290)) - Replication Monitor Thread took 1 milliseconds for processing 0 containers.
2021-05-21 14:31:40,323 [IPC Server handler 2 on default port 45897] INFO  net.NetworkTopologyImpl (NetworkTopologyImpl.java:add(112)) - Added a new node: /default-rack/14ea7ea1-b15f-48dc-ab0e-907b4acf42a4
2021-05-21 14:31:40,325 [IPC Server handler 2 on default port 45897] INFO  node.SCMNodeManager (SCMNodeManager.java:register(348)) - Registered Data node : 14ea7ea1-b15f-48dc-ab0e-907b4acf42a4{ip: 172.17.0.2, host: b766c8128f74, ports: [REPLICATION=43283, RATIS=46343, RATIS_ADMIN=46343, RATIS_SERVER=46343, STANDALONE=36905], networkLocation: /default-rack, certSerialId: null, persistedOpState: null, persistedOpStateExpiryEpochSec: 0}
2021-05-21 14:31:40,325 [EventQueue-NewNodeForNewNodeHandler] INFO  pipeline.BackgroundPipelineCreator (BackgroundPipelineCreatorV2.java:notifyEventTriggered(282)) - trigger a one-shot run on RatisPipelineUtilsThread.
2021-05-21 14:31:40,326 [RatisPipelineUtilsThread - 0] INFO  pipeline.RatisPipelineProvider (RatisPipelineProvider.java:lambda$create$0(170)) - Sending CreatePipelineCommand for pipeline:PipelineID=7f0474e5-854a-43cf-97a4-5720831921cb to datanode:14ea7ea1-b15f-48dc-ab0e-907b4acf42a4
2021-05-21 14:31:40,327 [RatisPipelineUtilsThread - 0] INFO  pipeline.PipelineStateManager (PipelineStateManagerV2Impl.java:addPipeline(101)) - Created pipeline Pipeline[ Id: 7f0474e5-854a-43cf-97a4-5720831921cb, Nodes: 14ea7ea1-b15f-48dc-ab0e-907b4acf42a4{ip: 172.17.0.2, host: b766c8128f74, ports: [REPLICATION=43283, RATIS=46343, RATIS_ADMIN=46343, RATIS_SERVER=46343, STANDALONE=36905], networkLocation: /default-rack, certSerialId: null, persistedOpState: IN_SERVICE, persistedOpStateExpiryEpochSec: 0}, ReplicationConfig: RATIS/ONE, State:ALLOCATED, leaderId:, CreationTimestamp2021-05-21T14:31:40.326Z].
2021-05-21 14:31:40,327 [EventQueue-NodeRegistrationContainerReportForContainerSafeModeRule] INFO  safemode.SCMSafeModeManager (SCMSafeModeManager.java:validateSafeModeExitRules(201)) - ContainerSafeModeRule rule is successfully validated
2021-05-21 14:31:40,328 [EventQueue-NodeRegistrationContainerReportForDataNodeSafeModeRule] INFO  safemode.SCMSafeModeManager (DataNodeSafeModeRule.java:process(71)) - SCM in safe mode. 1 DataNodes registered, 1 required.
2021-05-21 14:31:40,332 [EventQueue-NodeRegistrationContainerReportForDataNodeSafeModeRule] INFO  safemode.SCMSafeModeManager (SCMSafeModeManager.java:validateSafeModeExitRules(201)) - DataNodeSafeModeRule rule is successfully validated
2021-05-21 14:31:40,332 [EventQueue-NodeRegistrationContainerReportForDataNodeSafeModeRule] INFO  safemode.SCMSafeModeManager (SCMSafeModeManager.java:completePreCheck(229)) - All SCM safe mode pre check rules have passed
2021-05-21 14:31:40,332 [EventQueue-NodeRegistrationContainerReportForDataNodeSafeModeRule] WARN  events.EventQueue (EventQueue.java:fireEvent(185)) - No event handler registered for event TypedEvent{payloadType=SafeModeStatus, name='Safe mode status'}
2021-05-21 14:31:40,333 [EventQueue-NodeRegistrationContainerReportForDataNodeSafeModeRule] INFO  ha.SCMContext (SCMContext.java:updateSafeModeStatus(147)) - Update SafeModeStatus from SafeModeStatus{safeModeStatus=true, preCheckPassed=false} to SafeModeStatus{safeModeStatus=true, preCheckPassed=true}.
2021-05-21 14:31:40,333 [EventQueue-NodeRegistrationContainerReportForDataNodeSafeModeRule] INFO  pipeline.BackgroundPipelineCreator (BackgroundPipelineCreatorV2.java:notifyEventTriggered(282)) - trigger a one-shot run on RatisPipelineUtilsThread.
2021-05-21 14:31:40,333 [EventQueue-PipelineReportForOneReplicaPipelineSafeModeRule] INFO  safemode.SCMSafeModeManager (SCMSafeModeManager.java:validateSafeModeExitRules(201)) - AtleastOneDatanodeReportedRule rule is successfully validated
2021-05-21 14:31:40,333 [RatisPipelineUtilsThread - 0] WARN  pipeline.PipelinePlacementPolicy (PipelinePlacementPolicy.java:filterViableNodes(149)) - Pipeline creation failed due to no sufficient healthy datanodes. Required 3. Found 1.
2021-05-21 14:31:40,558 [IPC Server handler 3 on default port 45897] INFO  net.NetworkTopologyImpl (NetworkTopologyImpl.java:add(112)) - Added a new node: /default-rack/9a82ec2f-9c54-4599-b9e4-0bab5ceba92f
2021-05-21 14:31:40,559 [IPC Server handler 3 on default port 45897] INFO  node.SCMNodeManager (SCMNodeManager.java:register(348)) - Registered Data node : 9a82ec2f-9c54-4599-b9e4-0bab5ceba92f{ip: 172.17.0.2, host: b766c8128f74, ports: [REPLICATION=33745, RATIS=41073, RATIS_ADMIN=41073, RATIS_SERVER=41073, STANDALONE=37819], networkLocation: /default-rack, certSerialId: null, persistedOpState: null, persistedOpStateExpiryEpochSec: 0}
2021-05-21 14:31:40,559 [EventQueue-NodeRegistrationContainerReportForDataNodeSafeModeRule] INFO  safemode.SCMSafeModeManager (SCMSafeModeManager.java:validateSafeModeExitRules(201)) - DataNodeSafeModeRule rule is successfully validated
2021-05-21 14:31:40,559 [EventQueue-NewNodeForNewNodeHandler] INFO  pipeline.BackgroundPipelineCreator (BackgroundPipelineCreatorV2.java:notifyEventTriggered(282)) - trigger a one-shot run on RatisPipelineUtilsThread.
2021-05-21 14:31:40,560 [EventQueue-PipelineReportForOneReplicaPipelineSafeModeRule] INFO  safemode.SCMSafeModeManager (SCMSafeModeManager.java:validateSafeModeExitRules(201)) - AtleastOneDatanodeReportedRule rule is successfully validated
2021-05-21 14:31:40,560 [EventQueue-NodeRegistrationContainerReportForContainerSafeModeRule] INFO  safemode.SCMSafeModeManager (SCMSafeModeManager.java:validateSafeModeExitRules(201)) - ContainerSafeModeRule rule is successfully validated
2021-05-21 14:31:40,561 [RatisPipelineUtilsThread - 0] INFO  pipeline.RatisPipelineProvider (RatisPipelineProvider.java:lambda$create$0(170)) - Sending CreatePipelineCommand for pipeline:PipelineID=f8b6babe-5e4c-4f60-bc9b-7b86a80a9261 to datanode:9a82ec2f-9c54-4599-b9e4-0bab5ceba92f
2021-05-21 14:31:40,561 [RatisPipelineUtilsThread - 0] INFO  pipeline.PipelineStateManager (PipelineStateManagerV2Impl.java:addPipeline(101)) - Created pipeline Pipeline[ Id: f8b6babe-5e4c-4f60-bc9b-7b86a80a9261, Nodes: 9a82ec2f-9c54-4599-b9e4-0bab5ceba92f{ip: 172.17.0.2, host: b766c8128f74, ports: [REPLICATION=33745, RATIS=41073, RATIS_ADMIN=41073, RATIS_SERVER=41073, STANDALONE=37819], networkLocation: /default-rack, certSerialId: null, persistedOpState: IN_SERVICE, persistedOpStateExpiryEpochSec: 0}, ReplicationConfig: RATIS/ONE, State:ALLOCATED, leaderId:, CreationTimestamp2021-05-21T14:31:40.560Z].
2021-05-21 14:31:40,561 [RatisPipelineUtilsThread - 0] WARN  pipeline.PipelinePlacementPolicy (PipelinePlacementPolicy.java:filterViableNodes(149)) - Pipeline creation failed due to no sufficient healthy datanodes. Required 3. Found 2.
2021-05-21 14:31:40,641 [Listener at 127.0.0.1/41311] INFO  ozone.MiniOzoneClusterImpl (MiniOzoneClusterImpl.java:lambda$waitForClusterToBeReady$0(224)) - Waiting for nodes to be ready. Got 2 of 6 DN Heartbeats.
2021-05-21 14:31:40,641 [Listener at 127.0.0.1/41311] INFO  ozone.MiniOzoneClusterImpl (MiniOzoneClusterImpl.java:lambda$waitForClusterToBeReady$0(227)) - Waiting for cluster to exit safe mode
2021-05-21 14:31:40,642 [Listener at 127.0.0.1/41311] INFO  ozone.MiniOzoneClusterImpl (MiniOzoneClusterImpl.java:lambda$waitForClusterToBeReady$0(230)) - SCM became leader
2021-05-21 14:31:40,726 [ReplicationMonitor] INFO  container.ReplicationManager (ReplicationManager.java:run(290)) - Replication Monitor Thread took 0 milliseconds for processing 0 containers.
2021-05-21 14:31:40,939 [IPC Server handler 1 on default port 45897] INFO  net.NetworkTopologyImpl (NetworkTopologyImpl.java:add(112)) - Added a new node: /default-rack/1fccea47-322e-4257-abe8-9dc7eb47081b
2021-05-21 14:31:40,939 [IPC Server handler 1 on default port 45897] INFO  node.SCMNodeManager (SCMNodeManager.java:register(348)) - Registered Data node : 1fccea47-322e-4257-abe8-9dc7eb47081b{ip: 172.17.0.2, host: b766c8128f74, ports: [REPLICATION=33193, RATIS=46599, RATIS_ADMIN=46599, RATIS_SERVER=46599, STANDALONE=46545], networkLocation: /default-rack, certSerialId: null, persistedOpState: null, persistedOpStateExpiryEpochSec: 0}
2021-05-21 14:31:40,939 [EventQueue-NewNodeForNewNodeHandler] INFO  pipeline.BackgroundPipelineCreator (BackgroundPipelineCreatorV2.java:notifyEventTriggered(282)) - trigger a one-shot run on RatisPipelineUtilsThread.
2021-05-21 14:31:40,940 [EventQueue-PipelineReportForOneReplicaPipelineSafeModeRule] INFO  safemode.SCMSafeModeManager (SCMSafeModeManager.java:validateSafeModeExitRules(201)) - AtleastOneDatanodeReportedRule rule is successfully validated
2021-05-21 14:31:40,940 [EventQueue-NodeRegistrationContainerReportForDataNodeSafeModeRule] INFO  safemode.SCMSafeModeManager (SCMSafeModeManager.java:validateSafeModeExitRules(201)) - DataNodeSafeModeRule rule is successfully validated
2021-05-21 14:31:40,940 [EventQueue-NodeRegistrationContainerReportForContainerSafeModeRule] INFO  safemode.SCMSafeModeManager (SCMSafeModeManager.java:validateSafeModeExitRules(201)) - ContainerSafeModeRule rule is successfully validated
2021-05-21 14:31:40,941 [RatisPipelineUtilsThread - 0] INFO  pipeline.RatisPipelineProvider (RatisPipelineProvider.java:lambda$create$0(170)) - Sending CreatePipelineCommand for pipeline:PipelineID=d10100d2-37a3-4f42-ae05-784442ee2f00 to datanode:1fccea47-322e-4257-abe8-9dc7eb47081b
2021-05-21 14:31:40,941 [RatisPipelineUtilsThread - 0] INFO  pipeline.PipelineStateManager (PipelineStateManagerV2Impl.java:addPipeline(101)) - Created pipeline Pipeline[ Id: d10100d2-37a3-4f42-ae05-784442ee2f00, Nodes: 1fccea47-322e-4257-abe8-9dc7eb47081b{ip: 172.17.0.2, host: b766c8128f74, ports: [REPLICATION=33193, RATIS=46599, RATIS_ADMIN=46599, RATIS_SERVER=46599, STANDALONE=46545], networkLocation: /default-rack, certSerialId: null, persistedOpState: IN_SERVICE, persistedOpStateExpiryEpochSec: 0}, ReplicationConfig: RATIS/ONE, State:ALLOCATED, leaderId:, CreationTimestamp2021-05-21T14:31:40.941Z].
2021-05-21 14:31:40,941 [RatisPipelineUtilsThread - 0] INFO  pipeline.RatisPipelineProvider (RatisPipelineProvider.java:lambda$create$0(170)) - Sending CreatePipelineCommand for pipeline:PipelineID=7006a065-fc81-4c52-9aec-a699e101d9f1 to datanode:1fccea47-322e-4257-abe8-9dc7eb47081b
2021-05-21 14:31:40,941 [RatisPipelineUtilsThread - 0] INFO  pipeline.RatisPipelineProvider (RatisPipelineProvider.java:lambda$create$0(170)) - Sending CreatePipelineCommand for pipeline:PipelineID=7006a065-fc81-4c52-9aec-a699e101d9f1 to datanode:9a82ec2f-9c54-4599-b9e4-0bab5ceba92f
2021-05-21 14:31:40,942 [RatisPipelineUtilsThread - 0] INFO  pipeline.RatisPipelineProvider (RatisPipelineProvider.java:lambda$create$0(170)) - Sending CreatePipelineCommand for pipeline:PipelineID=7006a065-fc81-4c52-9aec-a699e101d9f1 to datanode:14ea7ea1-b15f-48dc-ab0e-907b4acf42a4
2021-05-21 14:31:40,942 [RatisPipelineUtilsThread - 0] INFO  pipeline.PipelineStateManager (PipelineStateManagerV2Impl.java:addPipeline(101)) - Created pipeline Pipeline[ Id: 7006a065-fc81-4c52-9aec-a699e101d9f1, Nodes: 1fccea47-322e-4257-abe8-9dc7eb47081b{ip: 172.17.0.2, host: b766c8128f74, ports: [REPLICATION=33193, RATIS=46599, RATIS_ADMIN=46599, RATIS_SERVER=46599, STANDALONE=46545], networkLocation: /default-rack, certSerialId: null, persistedOpState: IN_SERVICE, persistedOpStateExpiryEpochSec: 0}9a82ec2f-9c54-4599-b9e4-0bab5ceba92f{ip: 172.17.0.2, host: b766c8128f74, ports: [REPLICATION=33745, RATIS=41073, RATIS_ADMIN=41073, RATIS_SERVER=41073, STANDALONE=37819], networkLocation: /default-rack, certSerialId: null, persistedOpState: IN_SERVICE, persistedOpStateExpiryEpochSec: 0}14ea7ea1-b15f-48dc-ab0e-907b4acf42a4{ip: 172.17.0.2, host: b766c8128f74, ports: [REPLICATION=43283, RATIS=46343, RATIS_ADMIN=46343, RATIS_SERVER=46343, STANDALONE=36905], networkLocation: /default-rack, certSerialId: null, persistedOpState: IN_SERVICE, persistedOpStateExpiryEpochSec: 0}, ReplicationConfig: RATIS/THREE, State:ALLOCATED, leaderId:, CreationTimestamp2021-05-21T14:31:40.941Z].
2021-05-21 14:31:41,173 [IPC Server handler 2 on default port 45897] INFO  net.NetworkTopologyImpl (NetworkTopologyImpl.java:add(112)) - Added a new node: /default-rack/fe5d1211-9335-469c-958f-8182ca4380cf
2021-05-21 14:31:41,174 [IPC Server handler 2 on default port 45897] INFO  node.SCMNodeManager (SCMNodeManager.java:register(348)) - Registered Data node : fe5d1211-9335-469c-958f-8182ca4380cf{ip: 172.17.0.2, host: b766c8128f74, ports: [REPLICATION=41397, RATIS=40647, RATIS_ADMIN=40647, RATIS_SERVER=40647, STANDALONE=33787], networkLocation: /default-rack, certSerialId: null, persistedOpState: null, persistedOpStateExpiryEpochSec: 0}
2021-05-21 14:31:41,174 [EventQueue-NewNodeForNewNodeHandler] INFO  pipeline.BackgroundPipelineCreator (BackgroundPipelineCreatorV2.java:notifyEventTriggered(282)) - trigger a one-shot run on RatisPipelineUtilsThread.
2021-05-21 14:31:41,174 [EventQueue-NodeRegistrationContainerReportForContainerSafeModeRule] INFO  safemode.SCMSafeModeManager (SCMSafeModeManager.java:validateSafeModeExitRules(201)) - ContainerSafeModeRule rule is successfully validated
2021-05-21 14:31:41,174 [EventQueue-NodeRegistrationContainerReportForDataNodeSafeModeRule] INFO  safemode.SCMSafeModeManager (SCMSafeModeManager.java:validateSafeModeExitRules(201)) - DataNodeSafeModeRule rule is successfully validated
2021-05-21 14:31:41,174 [EventQueue-PipelineReportForOneReplicaPipelineSafeModeRule] INFO  safemode.SCMSafeModeManager (SCMSafeModeManager.java:validateSafeModeExitRules(201)) - AtleastOneDatanodeReportedRule rule is successfully validated
2021-05-21 14:31:41,174 [RatisPipelineUtilsThread - 0] INFO  pipeline.RatisPipelineProvider (RatisPipelineProvider.java:lambda$create$0(170)) - Sending CreatePipelineCommand for pipeline:PipelineID=1e9b9852-7ad6-4ac5-b92a-bdcf5b22eaa5 to datanode:fe5d1211-9335-469c-958f-8182ca4380cf
2021-05-21 14:31:41,175 [RatisPipelineUtilsThread - 0] INFO  pipeline.PipelineStateManager (PipelineStateManagerV2Impl.java:addPipeline(101)) - Created pipeline Pipeline[ Id: 1e9b9852-7ad6-4ac5-b92a-bdcf5b22eaa5, Nodes: fe5d1211-9335-469c-958f-8182ca4380cf{ip: 172.17.0.2, host: b766c8128f74, ports: [REPLICATION=41397, RATIS=40647, RATIS_ADMIN=40647, RATIS_SERVER=40647, STANDALONE=33787], networkLocation: /default-rack, certSerialId: null, persistedOpState: IN_SERVICE, persistedOpStateExpiryEpochSec: 0}, ReplicationConfig: RATIS/ONE, State:ALLOCATED, leaderId:, CreationTimestamp2021-05-21T14:31:41.174Z].
2021-05-21 14:31:41,392 [IPC Server handler 3 on default port 45897] INFO  net.NetworkTopologyImpl (NetworkTopologyImpl.java:add(112)) - Added a new node: /default-rack/813e8fa6-b95f-4599-bf2c-d00dca9e2ee3
2021-05-21 14:31:41,393 [IPC Server handler 3 on default port 45897] INFO  node.SCMNodeManager (SCMNodeManager.java:register(348)) - Registered Data node : 813e8fa6-b95f-4599-bf2c-d00dca9e2ee3{ip: 172.17.0.2, host: b766c8128f74, ports: [REPLICATION=45099, RATIS=43595, RATIS_ADMIN=43595, RATIS_SERVER=43595, STANDALONE=42879], networkLocation: /default-rack, certSerialId: null, persistedOpState: null, persistedOpStateExpiryEpochSec: 0}
2021-05-21 14:31:41,393 [EventQueue-NewNodeForNewNodeHandler] INFO  pipeline.BackgroundPipelineCreator (BackgroundPipelineCreatorV2.java:notifyEventTriggered(282)) - trigger a one-shot run on RatisPipelineUtilsThread.
2021-05-21 14:31:41,393 [EventQueue-NodeRegistrationContainerReportForContainerSafeModeRule] INFO  safemode.SCMSafeModeManager (SCMSafeModeManager.java:validateSafeModeExitRules(201)) - ContainerSafeModeRule rule is successfully validated
2021-05-21 14:31:41,393 [EventQueue-NodeRegistrationContainerReportForDataNodeSafeModeRule] INFO  safemode.SCMSafeModeManager (SCMSafeModeManager.java:validateSafeModeExitRules(201)) - DataNodeSafeModeRule rule is successfully validated
2021-05-21 14:31:41,393 [EventQueue-PipelineReportForOneReplicaPipelineSafeModeRule] INFO  safemode.SCMSafeModeManager (SCMSafeModeManager.java:validateSafeModeExitRules(201)) - AtleastOneDatanodeReportedRule rule is successfully validated
2021-05-21 14:31:41,393 [RatisPipelineUtilsThread - 0] INFO  pipeline.RatisPipelineProvider (RatisPipelineProvider.java:lambda$create$0(170)) - Sending CreatePipelineCommand for pipeline:PipelineID=0c6bfa22-dd3b-4c85-b03c-d2dfd490c1e5 to datanode:813e8fa6-b95f-4599-bf2c-d00dca9e2ee3
2021-05-21 14:31:41,394 [RatisPipelineUtilsThread - 0] INFO  pipeline.PipelineStateManager (PipelineStateManagerV2Impl.java:addPipeline(101)) - Created pipeline Pipeline[ Id: 0c6bfa22-dd3b-4c85-b03c-d2dfd490c1e5, Nodes: 813e8fa6-b95f-4599-bf2c-d00dca9e2ee3{ip: 172.17.0.2, host: b766c8128f74, ports: [REPLICATION=45099, RATIS=43595, RATIS_ADMIN=43595, RATIS_SERVER=43595, STANDALONE=42879], networkLocation: /default-rack, certSerialId: null, persistedOpState: IN_SERVICE, persistedOpStateExpiryEpochSec: 0}, ReplicationConfig: RATIS/ONE, State:ALLOCATED, leaderId:, CreationTimestamp2021-05-21T14:31:41.393Z].
2021-05-21 14:31:41,639 [IPC Server handler 4 on default port 45897] INFO  net.NetworkTopologyImpl (NetworkTopologyImpl.java:add(112)) - Added a new node: /default-rack/1b7a9f1a-9a61-4565-a67b-2de79fff2a8e
2021-05-21 14:31:41,640 [IPC Server handler 4 on default port 45897] INFO  node.SCMNodeManager (SCMNodeManager.java:register(348)) - Registered Data node : 1b7a9f1a-9a61-4565-a67b-2de79fff2a8e{ip: 172.17.0.2, host: b766c8128f74, ports: [REPLICATION=40105, RATIS=36135, RATIS_ADMIN=36135, RATIS_SERVER=36135, STANDALONE=46121], networkLocation: /default-rack, certSerialId: null, persistedOpState: null, persistedOpStateExpiryEpochSec: 0}
2021-05-21 14:31:41,640 [EventQueue-NewNodeForNewNodeHandler] INFO  pipeline.BackgroundPipelineCreator (BackgroundPipelineCreatorV2.java:notifyEventTriggered(282)) - trigger a one-shot run on RatisPipelineUtilsThread.
2021-05-21 14:31:41,640 [EventQueue-NodeRegistrationContainerReportForContainerSafeModeRule] INFO  safemode.SCMSafeModeManager (SCMSafeModeManager.java:validateSafeModeExitRules(201)) - ContainerSafeModeRule rule is successfully validated
2021-05-21 14:31:41,640 [EventQueue-NodeRegistrationContainerReportForDataNodeSafeModeRule] INFO  safemode.SCMSafeModeManager (SCMSafeModeManager.java:validateSafeModeExitRules(201)) - DataNodeSafeModeRule rule is successfully validated
2021-05-21 14:31:41,640 [EventQueue-PipelineReportForOneReplicaPipelineSafeModeRule] INFO  safemode.SCMSafeModeManager (SCMSafeModeManager.java:validateSafeModeExitRules(201)) - AtleastOneDatanodeReportedRule rule is successfully validated
2021-05-21 14:31:41,641 [RatisPipelineUtilsThread - 0] INFO  pipeline.RatisPipelineProvider (RatisPipelineProvider.java:lambda$create$0(170)) - Sending CreatePipelineCommand for pipeline:PipelineID=64bacc7c-a074-4dc3-af42-1b5315fd9401 to datanode:1b7a9f1a-9a61-4565-a67b-2de79fff2a8e
2021-05-21 14:31:41,641 [RatisPipelineUtilsThread - 0] INFO  pipeline.PipelineStateManager (PipelineStateManagerV2Impl.java:addPipeline(101)) - Created pipeline Pipeline[ Id: 64bacc7c-a074-4dc3-af42-1b5315fd9401, Nodes: 1b7a9f1a-9a61-4565-a67b-2de79fff2a8e{ip: 172.17.0.2, host: b766c8128f74, ports: [REPLICATION=40105, RATIS=36135, RATIS_ADMIN=36135, RATIS_SERVER=36135, STANDALONE=46121], networkLocation: /default-rack, certSerialId: null, persistedOpState: IN_SERVICE, persistedOpStateExpiryEpochSec: 0}, ReplicationConfig: RATIS/ONE, State:ALLOCATED, leaderId:, CreationTimestamp2021-05-21T14:31:41.641Z].
2021-05-21 14:31:41,642 [RatisPipelineUtilsThread - 0] INFO  pipeline.RatisPipelineProvider (RatisPipelineProvider.java:lambda$create$0(170)) - Sending CreatePipelineCommand for pipeline:PipelineID=111fc486-be15-40a3-a63d-a6456f420de7 to datanode:1b7a9f1a-9a61-4565-a67b-2de79fff2a8e
2021-05-21 14:31:41,642 [RatisPipelineUtilsThread - 0] INFO  pipeline.RatisPipelineProvider (RatisPipelineProvider.java:lambda$create$0(170)) - Sending CreatePipelineCommand for pipeline:PipelineID=111fc486-be15-40a3-a63d-a6456f420de7 to datanode:fe5d1211-9335-469c-958f-8182ca4380cf
2021-05-21 14:31:41,642 [RatisPipelineUtilsThread - 0] INFO  pipeline.RatisPipelineProvider (RatisPipelineProvider.java:lambda$create$0(170)) - Sending CreatePipelineCommand for pipeline:PipelineID=111fc486-be15-40a3-a63d-a6456f420de7 to datanode:813e8fa6-b95f-4599-bf2c-d00dca9e2ee3
2021-05-21 14:31:41,642 [Listener at 127.0.0.1/41311] INFO  ozone.MiniOzoneClusterImpl (MiniOzoneClusterImpl.java:lambda$waitForClusterToBeReady$0(224)) - Nodes are ready. Got 6 of 6 DN Heartbeats.
2021-05-21 14:31:41,642 [Listener at 127.0.0.1/41311] INFO  ozone.MiniOzoneClusterImpl (MiniOzoneClusterImpl.java:lambda$waitForClusterToBeReady$0(227)) - Waiting for cluster to exit safe mode
2021-05-21 14:31:41,642 [Listener at 127.0.0.1/41311] INFO  ozone.MiniOzoneClusterImpl (MiniOzoneClusterImpl.java:lambda$waitForClusterToBeReady$0(230)) - SCM became leader
2021-05-21 14:31:41,643 [RatisPipelineUtilsThread - 0] INFO  pipeline.PipelineStateManager (PipelineStateManagerV2Impl.java:addPipeline(101)) - Created pipeline Pipeline[ Id: 111fc486-be15-40a3-a63d-a6456f420de7, Nodes: 1b7a9f1a-9a61-4565-a67b-2de79fff2a8e{ip: 172.17.0.2, host: b766c8128f74, ports: [REPLICATION=40105, RATIS=36135, RATIS_ADMIN=36135, RATIS_SERVER=36135, STANDALONE=46121], networkLocation: /default-rack, certSerialId: null, persistedOpState: IN_SERVICE, persistedOpStateExpiryEpochSec: 0}fe5d1211-9335-469c-958f-8182ca4380cf{ip: 172.17.0.2, host: b766c8128f74, ports: [REPLICATION=41397, RATIS=40647, RATIS_ADMIN=40647, RATIS_SERVER=40647, STANDALONE=33787], networkLocation: /default-rack, certSerialId: null, persistedOpState: IN_SERVICE, persistedOpStateExpiryEpochSec: 0}813e8fa6-b95f-4599-bf2c-d00dca9e2ee3{ip: 172.17.0.2, host: b766c8128f74, ports: [REPLICATION=45099, RATIS=43595, RATIS_ADMIN=43595, RATIS_SERVER=43595, STANDALONE=42879], networkLocation: /default-rack, certSerialId: null, persistedOpState: IN_SERVICE, persistedOpStateExpiryEpochSec: 0}, ReplicationConfig: RATIS/THREE, State:ALLOCATED, leaderId:, CreationTimestamp2021-05-21T14:31:41.641Z].
2021-05-21 14:31:41,726 [ReplicationMonitor] INFO  container.ReplicationManager (ReplicationManager.java:run(290)) - Replication Monitor Thread took 0 milliseconds for processing 0 containers.
2021-05-21 14:31:42,325 [EventQueue-PipelineReportForOneReplicaPipelineSafeModeRule] INFO  safemode.SCMSafeModeManager (SCMSafeModeManager.java:validateSafeModeExitRules(201)) - AtleastOneDatanodeReportedRule rule is successfully validated
2021-05-21 14:31:42,558 [EventQueue-PipelineReportForOneReplicaPipelineSafeModeRule] INFO  safemode.SCMSafeModeManager (SCMSafeModeManager.java:validateSafeModeExitRules(201)) - AtleastOneDatanodeReportedRule rule is successfully validated
2021-05-21 14:31:42,642 [Listener at 127.0.0.1/41311] INFO  ozone.MiniOzoneClusterImpl (MiniOzoneClusterImpl.java:lambda$waitForClusterToBeReady$0(224)) - Nodes are ready. Got 6 of 6 DN Heartbeats.
2021-05-21 14:31:42,643 [Listener at 127.0.0.1/41311] INFO  ozone.MiniOzoneClusterImpl (MiniOzoneClusterImpl.java:lambda$waitForClusterToBeReady$0(227)) - Waiting for cluster to exit safe mode
2021-05-21 14:31:42,643 [Listener at 127.0.0.1/41311] INFO  ozone.MiniOzoneClusterImpl (MiniOzoneClusterImpl.java:lambda$waitForClusterToBeReady$0(230)) - SCM became leader
2021-05-21 14:31:42,726 [ReplicationMonitor] INFO  container.ReplicationManager (ReplicationManager.java:run(290)) - Replication Monitor Thread took 0 milliseconds for processing 0 containers.
2021-05-21 14:31:42,938 [EventQueue-PipelineReportForOneReplicaPipelineSafeModeRule] INFO  safemode.SCMSafeModeManager (SCMSafeModeManager.java:validateSafeModeExitRules(201)) - AtleastOneDatanodeReportedRule rule is successfully validated
2021-05-21 14:31:43,174 [EventQueue-PipelineReportForOneReplicaPipelineSafeModeRule] INFO  safemode.SCMSafeModeManager (SCMSafeModeManager.java:validateSafeModeExitRules(201)) - AtleastOneDatanodeReportedRule rule is successfully validated
2021-05-21 14:31:43,323 [Command processor thread] INFO  server.RaftServer (RaftServerProxy.java:addNew(95)) - 14ea7ea1-b15f-48dc-ab0e-907b4acf42a4: addNew group-5720831921CB:[14ea7ea1-b15f-48dc-ab0e-907b4acf42a4|rpc:172.17.0.2:46343|priority:1] returns group-5720831921CB:java.util.concurrent.CompletableFuture@7487178e[Not completed]
2021-05-21 14:31:43,323 [EventQueue-PipelineReportForOneReplicaPipelineSafeModeRule] INFO  safemode.SCMSafeModeManager (SCMSafeModeManager.java:validateSafeModeExitRules(201)) - AtleastOneDatanodeReportedRule rule is successfully validated
2021-05-21 14:31:43,324 [pool-285-thread-1] INFO  server.RaftServer$Division (RaftServerImpl.java:<init>(180)) - 14ea7ea1-b15f-48dc-ab0e-907b4acf42a4: new RaftServerImpl for group-5720831921CB:[14ea7ea1-b15f-48dc-ab0e-907b4acf42a4|rpc:172.17.0.2:46343|priority:1] with ContainerStateMachine:uninitialized
2021-05-21 14:31:43,325 [pool-285-thread-1] INFO  server.RaftServerConfigKeys (ConfUtils.java:logGet(44)) - raft.server.rpc.timeout.min = 5s (custom)
2021-05-21 14:31:43,325 [pool-285-thread-1] INFO  server.RaftServerConfigKeys (ConfUtils.java:logGet(44)) - raft.server.rpc.timeout.max = 5200ms (custom)
2021-05-21 14:31:43,325 [pool-285-thread-1] INFO  server.RaftServerConfigKeys (ConfUtils.java:logGet(44)) - raft.server.rpc.sleep.time = 25ms (default)
2021-05-21 14:31:43,325 [pool-285-thread-1] INFO  server.RaftServerConfigKeys (ConfUtils.java:logGet(44)) - raft.server.rpc.slowness.timeout = 300s (custom)
2021-05-21 14:31:43,325 [pool-285-thread-1] INFO  server.RaftServerConfigKeys (ConfUtils.java:logGet(44)) - raft.server.leaderelection.leader.step-down.wait-time = 10s (default)
2021-05-21 14:31:43,325 [pool-285-thread-1] INFO  server.RaftServerConfigKeys (ConfUtils.java:logGet(44)) - raft.server.sleep.deviation.threshold = 300ms (default)
2021-05-21 14:31:43,325 [pool-285-thread-1] INFO  server.RaftServerConfigKeys (ConfUtils.java:logGet(44)) - raft.server.log.appender.install.snapshot.enabled = false (custom)
2021-05-21 14:31:43,325 [pool-285-thread-1] INFO  server.RaftServer$Division (ServerState.java:<init>(105)) - 14ea7ea1-b15f-48dc-ab0e-907b4acf42a4@group-5720831921CB: ConfigurationManager, init=-1: [14ea7ea1-b15f-48dc-ab0e-907b4acf42a4|rpc:172.17.0.2:46343|priority:1], old=null, confs=<EMPTY_MAP>
2021-05-21 14:31:43,325 [pool-285-thread-1] INFO  server.RaftServerConfigKeys (ConfUtils.java:logGet(44)) - raft.server.storage.dir = [/github/workspace/mnt/ozone/hadoop-ozone/integration-test/target/test-dir/MiniOzoneClusterImpl-22464894-f501-479f-ae18-3fb6cdd505c4/datanode-0/data/ratis] (custom)
2021-05-21 14:31:43,326 [pool-285-thread-1] INFO  server.RaftServerConfigKeys (ConfUtils.java:logGet(44)) - raft.server.log.corruption.policy = EXCEPTION (default)
2021-05-21 14:31:43,326 [pool-285-thread-1] INFO  storage.RaftStorageDirectory (RaftStorageDirectoryImpl.java:analyzeStorage(132)) - The storage directory /github/workspace/mnt/ozone/hadoop-ozone/integration-test/target/test-dir/MiniOzoneClusterImpl-22464894-f501-479f-ae18-3fb6cdd505c4/datanode-0/data/ratis/7f0474e5-854a-43cf-97a4-5720831921cb does not exist. Creating ...
2021-05-21 14:31:43,327 [pool-285-thread-1] INFO  storage.RaftStorageDirectory (RaftStorageDirectoryImpl.java:tryLock(215)) - Lock on /github/workspace/mnt/ozone/hadoop-ozone/integration-test/target/test-dir/MiniOzoneClusterImpl-22464894-f501-479f-ae18-3fb6cdd505c4/datanode-0/data/ratis/7f0474e5-854a-43cf-97a4-5720831921cb/in_use.lock acquired by nodename 4736@b766c8128f74
2021-05-21 14:31:43,328 [pool-285-thread-1] INFO  storage.RaftStorage (RaftStorageImpl.java:format(87)) - Storage directory /github/workspace/mnt/ozone/hadoop-ozone/integration-test/target/test-dir/MiniOzoneClusterImpl-22464894-f501-479f-ae18-3fb6cdd505c4/datanode-0/data/ratis/7f0474e5-854a-43cf-97a4-5720831921cb has been successfully formatted.
2021-05-21 14:31:43,329 [pool-285-thread-1] INFO  ratis.ContainerStateMachine (ContainerStateMachine.java:loadSnapshot(224)) - group-5720831921CB: The snapshot info is null. Setting the last applied indexto:(t:0, i:~)
2021-05-21 14:31:43,329 [pool-285-thread-1] INFO  server.RaftServerConfigKeys (ConfUtils.java:logGet(44)) - raft.server.notification.no-leader.timeout = 300s (custom)
2021-05-21 14:31:43,329 [pool-285-thread-1] INFO  server.RaftServerConfigKeys (ConfUtils.java:logGet(44)) - raft.server.log.use.memory = false (default)
2021-05-21 14:31:43,330 [EventQueue-PipelineReportForPipelineReportHandler] INFO  pipeline.PipelineManagerV2Impl (PipelineManagerV2Impl.java:openPipeline(270)) - Pipeline Pipeline[ Id: 7f0474e5-854a-43cf-97a4-5720831921cb, Nodes: 14ea7ea1-b15f-48dc-ab0e-907b4acf42a4{ip: 172.17.0.2, host: b766c8128f74, ports: [REPLICATION=43283, RATIS=46343, RATIS_ADMIN=46343, RATIS_SERVER=46343, STANDALONE=36905], networkLocation: /default-rack, certSerialId: null, persistedOpState: IN_SERVICE, persistedOpStateExpiryEpochSec: 0}, ReplicationConfig: RATIS/ONE, State:ALLOCATED, leaderId:14ea7ea1-b15f-48dc-ab0e-907b4acf42a4, CreationTimestamp2021-05-21T14:31:40.326Z] moved to OPEN state
2021-05-21 14:31:43,331 [pool-285-thread-1] INFO  server.RaftServerConfigKeys (ConfUtils.java:logGet(44)) - raft.server.log.purge.gap = 1000000 (custom)
2021-05-21 14:31:43,331 [pool-285-thread-1] INFO  server.RaftServerConfigKeys (ConfUtils.java:logGet(44)) - raft.server.log.appender.buffer.byte-limit = 33554432 (custom)
2021-05-21 14:31:43,331 [pool-285-thread-1] INFO  metrics.RatisMetrics (RatisMetrics.java:lambda$create$0(36)) - Creating Metrics Registry : ratis.log_worker.14ea7ea1-b15f-48dc-ab0e-907b4acf42a4@group-5720831921CB
2021-05-21 14:31:43,329 [EventQueue-PipelineReportForOneReplicaPipelineSafeModeRule] INFO  safemode.SCMSafeModeManager (SCMSafeModeManager.java:validateSafeModeExitRules(201)) - AtleastOneDatanodeReportedRule rule is successfully validated
2021-05-21 14:31:43,332 [EventQueue-OpenPipelineForHealthyPipelineSafeModeRule] INFO  safemode.SCMSafeModeManager (HealthyPipelineSafeModeRule.java:process(130)) - SCM in safe mode. Healthy pipelines reported count is 0, required healthy pipeline reported count is 1
2021-05-21 14:31:43,332 [pool-285-thread-1] INFO  server.RaftServerConfigKeys (ConfUtils.java:logGet(44)) - raft.server.log.segment.size.max = 1048576 (custom)
2021-05-21 14:31:43,336 [pool-285-thread-1] INFO  server.RaftServerConfigKeys (ConfUtils.java:logGet(44)) - raft.server.log.segment.cache.num.max = 2 (custom)
2021-05-21 14:31:43,336 [pool-285-thread-1] INFO  server.RaftServerConfigKeys (ConfUtils.java:logGet(44)) - raft.server.log.segment.cache.size.max = 200MB (=209715200) (default)
2021-05-21 14:31:43,336 [pool-285-thread-1] INFO  segmented.SegmentedRaftLogWorker (SegmentedRaftLogWorker.java:<init>(182)) - new 14ea7ea1-b15f-48dc-ab0e-907b4acf42a4@group-5720831921CB-SegmentedRaftLogWorker for RaftStorageImpl:Storage Directory /github/workspace/mnt/ozone/hadoop-ozone/integration-test/target/test-dir/MiniOzoneClusterImpl-22464894-f501-479f-ae18-3fb6cdd505c4/datanode-0/data/ratis/7f0474e5-854a-43cf-97a4-5720831921cb
2021-05-21 14:31:43,336 [pool-285-thread-1] INFO  server.RaftServerConfigKeys (ConfUtils.java:logGet(44)) - raft.server.log.queue.byte-limit = 2147483647 (custom)
2021-05-21 14:31:43,336 [pool-285-thread-1] INFO  server.RaftServerConfigKeys (ConfUtils.java:logGet(44)) - raft.server.log.queue.element-limit = 1024 (custom)
2021-05-21 14:31:43,336 [pool-285-thread-1] INFO  server.RaftServerConfigKeys (ConfUtils.java:logGet(44)) - raft.server.log.segment.size.max = 1048576 (custom)
2021-05-21 14:31:43,336 [pool-285-thread-1] INFO  server.RaftServerConfigKeys (ConfUtils.java:logGet(44)) - raft.server.log.preallocated.size = 16384 (custom)
2021-05-21 14:31:43,336 [pool-285-thread-1] INFO  server.RaftServerConfigKeys (ConfUtils.java:logGet(44)) - raft.server.log.force.sync.num = 128 (default)
2021-05-21 14:31:43,336 [pool-285-thread-1] INFO  server.RaftServerConfigKeys (ConfUtils.java:logGet(44)) - raft.server.log.statemachine.data.sync = true (default)
2021-05-21 14:31:43,337 [pool-285-thread-1] INFO  server.RaftServerConfigKeys (ConfUtils.java:logGet(44)) - raft.server.log.statemachine.data.sync.timeout = 10s (default)
2021-05-21 14:31:43,337 [pool-285-thread-1] INFO  server.RaftServerConfigKeys (ConfUtils.java:logGet(44)) - raft.server.log.statemachine.data.sync.timeout.retry = -1 (default)
2021-05-21 14:31:43,338 [pool-285-thread-1] INFO  server.RaftServerConfigKeys (ConfUtils.java:logGet(44)) - raft.server.log.write.buffer.size = 1048576 (custom)
2021-05-21 14:31:43,338 [pool-285-thread-1] INFO  server.RaftServerConfigKeys (ConfUtils.java:logGet(44)) - raft.server.log.statemachine.data.caching.enabled = true (custom)
2021-05-21 14:31:43,339 [pool-285-thread-1] INFO  segmented.SegmentedRaftLogWorker (SegmentedRaftLogWorker.java:lambda$new$0(133)) - 14ea7ea1-b15f-48dc-ab0e-907b4acf42a4@group-5720831921CB-SegmentedRaftLogWorker: flushIndex: setUnconditionally 0 -> -1
2021-05-21 14:31:43,339 [pool-285-thread-1] INFO  segmented.SegmentedRaftLogWorker (SegmentedRaftLogWorker.java:lambda$new$0(133)) - 14ea7ea1-b15f-48dc-ab0e-907b4acf42a4@group-5720831921CB-SegmentedRaftLogWorker: safeCacheEvictIndex: setUnconditionally 0 -> -1
2021-05-21 14:31:43,339 [pool-285-thread-1] INFO  server.RaftServerConfigKeys (ConfUtils.java:logGet(44)) - raft.server.snapshot.auto.trigger.enabled = true (custom)
2021-05-21 14:31:43,339 [pool-285-thread-1] INFO  server.RaftServerConfigKeys (ConfUtils.java:logGet(44)) - raft.server.snapshot.auto.trigger.threshold = 10000 (custom)
2021-05-21 14:31:43,339 [pool-285-thread-1] INFO  server.RaftServerConfigKeys (ConfUtils.java:logGet(44)) - raft.server.snapshot.retention.file.num = 5 (custom)
2021-05-21 14:31:43,339 [pool-285-thread-1] INFO  server.RaftServerConfigKeys (ConfUtils.java:logGet(44)) - raft.server.log.purge.upto.snapshot.index = false (default)
2021-05-21 14:31:43,339 [pool-285-thread-1] INFO  server.RaftServerConfigKeys (ConfUtils.java:logGet(44)) - raft.server.retrycache.expirytime = 600000ms (custom)
2021-05-21 14:31:43,339 [pool-285-thread-1] INFO  server.RaftServerConfigKeys (ConfUtils.java:logGet(44)) - raft.server.retrycache.statistics.expirytime = 100?s (default)
2021-05-21 14:31:43,339 [pool-285-thread-1] INFO  metrics.RatisMetrics (RatisMetrics.java:lambda$create$0(36)) - Creating Metrics Registry : ratis.leader_election.14ea7ea1-b15f-48dc-ab0e-907b4acf42a4@group-5720831921CB
2021-05-21 14:31:43,340 [pool-285-thread-1] INFO  metrics.RatisMetrics (RatisMetrics.java:lambda$create$0(36)) - Creating Metrics Registry : ratis.server.14ea7ea1-b15f-48dc-ab0e-907b4acf42a4@group-5720831921CB
2021-05-21 14:31:43,341 [pool-285-thread-1] INFO  server.RaftServer$Division (RaftServerImpl.java:start(295)) - 14ea7ea1-b15f-48dc-ab0e-907b4acf42a4@group-5720831921CB: start as a follower, conf=-1: [14ea7ea1-b15f-48dc-ab0e-907b4acf42a4|rpc:172.17.0.2:46343|priority:1], old=null
2021-05-21 14:31:43,341 [pool-285-thread-1] INFO  server.RaftServer$Division (RaftServerImpl.java:setRole(284)) - 14ea7ea1-b15f-48dc-ab0e-907b4acf42a4@group-5720831921CB: changes role from      null to FOLLOWER at term 0 for startAsFollower
2021-05-21 14:31:43,341 [pool-285-thread-1] INFO  impl.RoleInfo (RoleInfo.java:updateAndGet(130)) - 14ea7ea1-b15f-48dc-ab0e-907b4acf42a4: start 14ea7ea1-b15f-48dc-ab0e-907b4acf42a4@group-5720831921CB-FollowerState
2021-05-21 14:31:43,341 [pool-285-thread-1] INFO  util.JmxRegister (JmxRegister.java:tryRegister(44)) - Successfully registered JMX Bean with object name Ratis:service=RaftServer,group=group-5720831921CB,id=14ea7ea1-b15f-48dc-ab0e-907b4acf42a4
2021-05-21 14:31:43,341 [pool-285-thread-1] INFO  metrics.RatisMetrics (RatisMetrics.java:lambda$create$0(36)) - Creating Metrics Registry : ratis.state_machine.14ea7ea1-b15f-48dc-ab0e-907b4acf42a4@group-5720831921CB
2021-05-21 14:31:43,342 [Command processor thread] INFO  ratis.XceiverServerRatis (XceiverServerRatis.java:addGroup(808)) - Created group PipelineID=7f0474e5-854a-43cf-97a4-5720831921cb
2021-05-21 14:31:43,342 [Command processor thread] INFO  commandhandler.CreatePipelineCommandHandler (CreatePipelineCommandHandler.java:handle(106)) - Created Pipeline RATIS ONE PipelineID=7f0474e5-854a-43cf-97a4-5720831921cb.
2021-05-21 14:31:43,342 [Command processor thread] INFO  server.RaftServer (RaftServerProxy.java:addNew(95)) - 14ea7ea1-b15f-48dc-ab0e-907b4acf42a4: addNew group-A699E101D9F1:[9a82ec2f-9c54-4599-b9e4-0bab5ceba92f|rpc:172.17.0.2:41073|priority:0, 1fccea47-322e-4257-abe8-9dc7eb47081b|rpc:172.17.0.2:46599|priority:1, 14ea7ea1-b15f-48dc-ab0e-907b4acf42a4|rpc:172.17.0.2:46343|priority:0] returns group-A699E101D9F1:java.util.concurrent.CompletableFuture@70b88dc6[Not completed]
2021-05-21 14:31:43,343 [pool-285-thread-1] INFO  server.RaftServer$Division (RaftServerImpl.java:<init>(180)) - 14ea7ea1-b15f-48dc-ab0e-907b4acf42a4: new RaftServerImpl for group-A699E101D9F1:[9a82ec2f-9c54-4599-b9e4-0bab5ceba92f|rpc:172.17.0.2:41073|priority:0, 1fccea47-322e-4257-abe8-9dc7eb47081b|rpc:172.17.0.2:46599|priority:1, 14ea7ea1-b15f-48dc-ab0e-907b4acf42a4|rpc:172.17.0.2:46343|priority:0] with ContainerStateMachine:uninitialized
2021-05-21 14:31:43,343 [pool-285-thread-1] INFO  server.RaftServerConfigKeys (ConfUtils.java:logGet(44)) - raft.server.rpc.timeout.min = 5s (custom)
2021-05-21 14:31:43,343 [pool-285-thread-1] INFO  server.RaftServerConfigKeys (ConfUtils.java:logGet(44)) - raft.server.rpc.timeout.max = 5200ms (custom)
2021-05-21 14:31:43,343 [pool-285-thread-1] INFO  server.RaftServerConfigKeys (ConfUtils.java:logGet(44)) - raft.server.rpc.sleep.time = 25ms (default)
2021-05-21 14:31:43,343 [pool-285-thread-1] INFO  server.RaftServerConfigKeys (ConfUtils.java:logGet(44)) - raft.server.rpc.slowness.timeout = 300s (custom)
2021-05-21 14:31:43,343 [pool-285-thread-1] INFO  server.RaftServerConfigKeys (ConfUtils.java:logGet(44)) - raft.server.leaderelection.leader.step-down.wait-time = 10s (default)
2021-05-21 14:31:43,343 [pool-285-thread-1] INFO  server.RaftServerConfigKeys (ConfUtils.java:logGet(44)) - raft.server.sleep.deviation.threshold = 300ms (default)
2021-05-21 14:31:43,343 [pool-285-thread-1] INFO  server.RaftServerConfigKeys (ConfUtils.java:logGet(44)) - raft.server.log.appender.install.snapshot.enabled = false (custom)
2021-05-21 14:31:43,343 [pool-285-thread-1] INFO  server.RaftServer$Division (ServerState.java:<init>(105)) - 14ea7ea1-b15f-48dc-ab0e-907b4acf42a4@group-A699E101D9F1: ConfigurationManager, init=-1: [9a82ec2f-9c54-4599-b9e4-0bab5ceba92f|rpc:172.17.0.2:41073|priority:0, 1fccea47-322e-4257-abe8-9dc7eb47081b|rpc:172.17.0.2:46599|priority:1, 14ea7ea1-b15f-48dc-ab0e-907b4acf42a4|rpc:172.17.0.2:46343|priority:0], old=null, confs=<EMPTY_MAP>
2021-05-21 14:31:43,343 [pool-285-thread-1] INFO  server.RaftServerConfigKeys (ConfUtils.java:logGet(44)) - raft.server.storage.dir = [/github/workspace/mnt/ozone/hadoop-ozone/integration-test/target/test-dir/MiniOzoneClusterImpl-22464894-f501-479f-ae18-3fb6cdd505c4/datanode-0/data/ratis] (custom)
2021-05-21 14:31:43,344 [pool-285-thread-1] INFO  server.RaftServerConfigKeys (ConfUtils.java:logGet(44)) - raft.server.log.corruption.policy = EXCEPTION (default)
2021-05-21 14:31:43,344 [pool-285-thread-1] INFO  storage.RaftStorageDirectory (RaftStorageDirectoryImpl.java:analyzeStorage(132)) - The storage directory /github/workspace/mnt/ozone/hadoop-ozone/integration-test/target/test-dir/MiniOzoneClusterImpl-22464894-f501-479f-ae18-3fb6cdd505c4/datanode-0/data/ratis/7006a065-fc81-4c52-9aec-a699e101d9f1 does not exist. Creating ...
2021-05-21 14:31:43,345 [pool-285-thread-1] INFO  storage.RaftStorageDirectory (RaftStorageDirectoryImpl.java:tryLock(215)) - Lock on /github/workspace/mnt/ozone/hadoop-ozone/integration-test/target/test-dir/MiniOzoneClusterImpl-22464894-f501-479f-ae18-3fb6cdd505c4/datanode-0/data/ratis/7006a065-fc81-4c52-9aec-a699e101d9f1/in_use.lock acquired by nodename 4736@b766c8128f74
2021-05-21 14:31:43,347 [pool-285-thread-1] INFO  storage.RaftStorage (RaftStorageImpl.java:format(87)) - Storage directory /github/workspace/mnt/ozone/hadoop-ozone/integration-test/target/test-dir/MiniOzoneClusterImpl-22464894-f501-479f-ae18-3fb6cdd505c4/datanode-0/data/ratis/7006a065-fc81-4c52-9aec-a699e101d9f1 has been successfully formatted.
2021-05-21 14:31:43,348 [pool-285-thread-1] INFO  ratis.ContainerStateMachine (ContainerStateMachine.java:loadSnapshot(224)) - group-A699E101D9F1: The snapshot info is null. Setting the last applied indexto:(t:0, i:~)
2021-05-21 14:31:43,348 [pool-285-thread-1] INFO  server.RaftServerConfigKeys (ConfUtils.java:logGet(44)) - raft.server.notification.no-leader.timeout = 300s (custom)
2021-05-21 14:31:43,348 [pool-285-thread-1] INFO  server.RaftServerConfigKeys (ConfUtils.java:logGet(44)) - raft.server.log.use.memory = false (default)
2021-05-21 14:31:43,348 [pool-285-thread-1] INFO  server.RaftServerConfigKeys (ConfUtils.java:logGet(44)) - raft.server.log.purge.gap = 1000000 (custom)
2021-05-21 14:31:43,348 [EventQueue-OpenPipelineForHealthyPipelineSafeModeRule] INFO  safemode.SCMSafeModeManager (HealthyPipelineSafeModeRule.java:process(130)) - SCM in safe mode. Healthy pipelines reported count is 0, required healthy pipeline reported count is 1
2021-05-21 14:31:43,349 [pool-285-thread-1] INFO  server.RaftServerConfigKeys (ConfUtils.java:logGet(44)) - raft.server.log.appender.buffer.byte-limit = 33554432 (custom)
2021-05-21 14:31:43,348 [EventQueue-PipelineReportForOneReplicaPipelineSafeModeRule] INFO  safemode.SCMSafeModeManager (SCMSafeModeManager.java:validateSafeModeExitRules(201)) - AtleastOneDatanodeReportedRule rule is successfully validated
2021-05-21 14:31:43,349 [pool-285-thread-1] INFO  metrics.RatisMetrics (RatisMetrics.java:lambda$create$0(36)) - Creating Metrics Registry : ratis.log_worker.14ea7ea1-b15f-48dc-ab0e-907b4acf42a4@group-A699E101D9F1
2021-05-21 14:31:43,349 [pool-285-thread-1] INFO  server.RaftServerConfigKeys (ConfUtils.java:logGet(44)) - raft.server.log.segment.size.max = 1048576 (custom)
2021-05-21 14:31:43,349 [pool-285-thread-1] INFO  server.RaftServerConfigKeys (ConfUtils.java:logGet(44)) - raft.server.log.segment.cache.num.max = 2 (custom)
2021-05-21 14:31:43,350 [pool-285-thread-1] INFO  server.RaftServerConfigKeys (ConfUtils.java:logGet(44)) - raft.server.log.segment.cache.size.max = 200MB (=209715200) (default)
2021-05-21 14:31:43,350 [pool-285-thread-1] INFO  segmented.SegmentedRaftLogWorker (SegmentedRaftLogWorker.java:<init>(182)) - new 14ea7ea1-b15f-48dc-ab0e-907b4acf42a4@group-A699E101D9F1-SegmentedRaftLogWorker for RaftStorageImpl:Storage Directory /github/workspace/mnt/ozone/hadoop-ozone/integration-test/target/test-dir/MiniOzoneClusterImpl-22464894-f501-479f-ae18-3fb6cdd505c4/datanode-0/data/ratis/7006a065-fc81-4c52-9aec-a699e101d9f1
2021-05-21 14:31:43,350 [pool-285-thread-1] INFO  server.RaftServerConfigKeys (ConfUtils.java:logGet(44)) - raft.server.log.queue.byte-limit = 2147483647 (custom)
2021-05-21 14:31:43,350 [pool-285-thread-1] INFO  server.RaftServerConfigKeys (ConfUtils.java:logGet(44)) - raft.server.log.queue.element-limit = 1024 (custom)
2021-05-21 14:31:43,350 [pool-285-thread-1] INFO  server.RaftServerConfigKeys (ConfUtils.java:logGet(44)) - raft.server.log.segment.size.max = 1048576 (custom)
2021-05-21 14:31:43,350 [pool-285-thread-1] INFO  server.RaftServerConfigKeys (ConfUtils.java:logGet(44)) - raft.server.log.preallocated.size = 16384 (custom)
2021-05-21 14:31:43,350 [pool-285-thread-1] INFO  server.RaftServerConfigKeys (ConfUtils.java:logGet(44)) - raft.server.log.force.sync.num = 128 (default)
2021-05-21 14:31:43,350 [pool-285-thread-1] INFO  server.RaftServerConfigKeys (ConfUtils.java:logGet(44)) - raft.server.log.statemachine.data.sync = true (default)
2021-05-21 14:31:43,350 [pool-285-thread-1] INFO  server.RaftServerConfigKeys (ConfUtils.java:logGet(44)) - raft.server.log.statemachine.data.sync.timeout = 10s (default)
2021-05-21 14:31:43,350 [pool-285-thread-1] INFO  server.RaftServerConfigKeys (ConfUtils.java:logGet(44)) - raft.server.log.statemachine.data.sync.timeout.retry = -1 (default)
2021-05-21 14:31:43,353 [pool-285-thread-1] INFO  server.RaftServerConfigKeys (ConfUtils.java:logGet(44)) - raft.server.log.write.buffer.size = 1048576 (custom)
2021-05-21 14:31:43,353 [pool-285-thread-1] INFO  server.RaftServerConfigKeys (ConfUtils.java:logGet(44)) - raft.server.log.statemachine.data.caching.enabled = true (custom)
2021-05-21 14:31:43,354 [pool-285-thread-1] INFO  segmented.SegmentedRaftLogWorker (SegmentedRaftLogWorker.java:lambda$new$0(133)) - 14ea7ea1-b15f-48dc-ab0e-907b4acf42a4@group-A699E101D9F1-SegmentedRaftLogWorker: flushIndex: setUnconditionally 0 -> -1
2021-05-21 14:31:43,354 [pool-285-thread-1] INFO  segmented.SegmentedRaftLogWorker (SegmentedRaftLogWorker.java:lambda$new$0(133)) - 14ea7ea1-b15f-48dc-ab0e-907b4acf42a4@group-A699E101D9F1-SegmentedRaftLogWorker: safeCacheEvictIndex: setUnconditionally 0 -> -1
2021-05-21 14:31:43,354 [pool-285-thread-1] INFO  server.RaftServerConfigKeys (ConfUtils.java:logGet(44)) - raft.server.snapshot.auto.trigger.enabled = true (custom)
2021-05-21 14:31:43,354 [pool-285-thread-1] INFO  server.RaftServerConfigKeys (ConfUtils.java:logGet(44)) - raft.server.snapshot.auto.trigger.threshold = 10000 (custom)
2021-05-21 14:31:43,354 [pool-285-thread-1] INFO  server.RaftServerConfigKeys (ConfUtils.java:logGet(44)) - raft.server.snapshot.retention.file.num = 5 (custom)
2021-05-21 14:31:43,354 [pool-285-thread-1] INFO  server.RaftServerConfigKeys (ConfUtils.java:logGet(44)) - raft.server.log.purge.upto.snapshot.index = false (default)
2021-05-21 14:31:43,354 [pool-285-thread-1] INFO  server.RaftServerConfigKeys (ConfUtils.java:logGet(44)) - raft.server.retrycache.expirytime = 600000ms (custom)
2021-05-21 14:31:43,354 [pool-285-thread-1] INFO  server.RaftServerConfigKeys (ConfUtils.java:logGet(44)) - raft.server.retrycache.statistics.expirytime = 100?s (default)
2021-05-21 14:31:43,354 [pool-285-thread-1] INFO  metrics.RatisMetrics (RatisMetrics.java:lambda$create$0(36)) - Creating Metrics Registry : ratis.leader_election.14ea7ea1-b15f-48dc-ab0e-907b4acf42a4@group-A699E101D9F1
2021-05-21 14:31:43,355 [pool-285-thread-1] INFO  metrics.RatisMetrics (RatisMetrics.java:lambda$create$0(36)) - Creating Metrics Registry : ratis.server.14ea7ea1-b15f-48dc-ab0e-907b4acf42a4@group-A699E101D9F1
2021-05-21 14:31:43,356 [pool-285-thread-1] INFO  server.RaftServer$Division (RaftServerImpl.java:start(295)) - 14ea7ea1-b15f-48dc-ab0e-907b4acf42a4@group-A699E101D9F1: start as a follower, conf=-1: [9a82ec2f-9c54-4599-b9e4-0bab5ceba92f|rpc:172.17.0.2:41073|priority:0, 1fccea47-322e-4257-abe8-9dc7eb47081b|rpc:172.17.0.2:46599|priority:1, 14ea7ea1-b15f-48dc-ab0e-907b4acf42a4|rpc:172.17.0.2:46343|priority:0], old=null
2021-05-21 14:31:43,356 [pool-285-thread-1] INFO  server.RaftServer$Division (RaftServerImpl.java:setRole(284)) - 14ea7ea1-b15f-48dc-ab0e-907b4acf42a4@group-A699E101D9F1: changes role from      null to FOLLOWER at term 0 for startAsFollower
2021-05-21 14:31:43,356 [pool-285-thread-1] INFO  impl.RoleInfo (RoleInfo.java:updateAndGet(130)) - 14ea7ea1-b15f-48dc-ab0e-907b4acf42a4: start 14ea7ea1-b15f-48dc-ab0e-907b4acf42a4@group-A699E101D9F1-FollowerState
2021-05-21 14:31:43,356 [pool-285-thread-1] INFO  util.JmxRegister (JmxRegister.java:tryRegister(44)) - Successfully registered JMX Bean with object name Ratis:service=RaftServer,group=group-A699E101D9F1,id=14ea7ea1-b15f-48dc-ab0e-907b4acf42a4
2021-05-21 14:31:43,356 [pool-285-thread-1] INFO  metrics.RatisMetrics (RatisMetrics.java:lambda$create$0(36)) - Creating Metrics Registry : ratis.state_machine.14ea7ea1-b15f-48dc-ab0e-907b4acf42a4@group-A699E101D9F1
2021-05-21 14:31:43,357 [Command processor thread] INFO  ratis.XceiverServerRatis (XceiverServerRatis.java:addGroup(808)) - Created group PipelineID=7006a065-fc81-4c52-9aec-a699e101d9f1
2021-05-21 14:31:43,358 [Command processor thread] INFO  metrics.RatisMetrics (RatisMetrics.java:lambda$create$0(36)) - Creating Metrics Registry : ratis.client_message_metrics.client-507C619BBB08->1fccea47-322e-4257-abe8-9dc7eb47081b
2021-05-21 14:31:43,363 [grpc-default-executor-0] INFO  metrics.RatisMetrics (RatisMetrics.java:lambda$create$0(36)) - Creating Metrics Registry : ratis.server_message_metrics.1fccea47-322e-4257-abe8-9dc7eb47081b
2021-05-21 14:31:43,365 [grpc-default-executor-0] INFO  server.RaftServer (RaftServerProxy.java:addNew(95)) - 1fccea47-322e-4257-abe8-9dc7eb47081b: addNew group-A699E101D9F1:[9a82ec2f-9c54-4599-b9e4-0bab5ceba92f|rpc:172.17.0.2:41073|dataStream:|priority:0, 1fccea47-322e-4257-abe8-9dc7eb47081b|rpc:172.17.0.2:46599|dataStream:|priority:1, 14ea7ea1-b15f-48dc-ab0e-907b4acf42a4|rpc:172.17.0.2:46343|dataStream:|priority:0] returns group-A699E101D9F1:java.util.concurrent.CompletableFuture@298abbb3[Not completed]
2021-05-21 14:31:43,368 [pool-321-thread-1] INFO  server.RaftServer$Division (RaftServerImpl.java:<init>(180)) - 1fccea47-322e-4257-abe8-9dc7eb47081b: new RaftServerImpl for group-A699E101D9F1:[9a82ec2f-9c54-4599-b9e4-0bab5ceba92f|rpc:172.17.0.2:41073|dataStream:|priority:0, 1fccea47-322e-4257-abe8-9dc7eb47081b|rpc:172.17.0.2:46599|dataStream:|priority:1, 14ea7ea1-b15f-48dc-ab0e-907b4acf42a4|rpc:172.17.0.2:46343|dataStream:|priority:0] with ContainerStateMachine:uninitialized
2021-05-21 14:31:43,368 [pool-321-thread-1] INFO  server.RaftServerConfigKeys (ConfUtils.java:logGet(44)) - raft.server.rpc.timeout.min = 5s (custom)
2021-05-21 14:31:43,368 [pool-321-thread-1] INFO  server.RaftServerConfigKeys (ConfUtils.java:logGet(44)) - raft.server.rpc.timeout.max = 5200ms (custom)
2021-05-21 14:31:43,369 [pool-321-thread-1] INFO  server.RaftServerConfigKeys (ConfUtils.java:logGet(44)) - raft.server.rpc.sleep.time = 25ms (default)
2021-05-21 14:31:43,369 [pool-321-thread-1] INFO  server.RaftServerConfigKeys (ConfUtils.java:logGet(44)) - raft.server.rpc.slowness.timeout = 300s (custom)
2021-05-21 14:31:43,369 [pool-321-thread-1] INFO  server.RaftServerConfigKeys (ConfUtils.java:logGet(44)) - raft.server.leaderelection.leader.step-down.wait-time = 10s (default)
2021-05-21 14:31:43,369 [pool-321-thread-1] INFO  server.RaftServerConfigKeys (ConfUtils.java:logGet(44)) - raft.server.sleep.deviation.threshold = 300ms (default)
2021-05-21 14:31:43,369 [pool-321-thread-1] INFO  server.RaftServerConfigKeys (ConfUtils.java:logGet(44)) - raft.server.log.appender.install.snapshot.enabled = false (custom)
2021-05-21 14:31:43,369 [pool-321-thread-1] INFO  server.RaftServer$Division (ServerState.java:<init>(105)) - 1fccea47-322e-4257-abe8-9dc7eb47081b@group-A699E101D9F1: ConfigurationManager, init=-1: [9a82ec2f-9c54-4599-b9e4-0bab5ceba92f|rpc:172.17.0.2:41073|dataStream:|priority:0, 1fccea47-322e-4257-abe8-9dc7eb47081b|rpc:172.17.0.2:46599|dataStream:|priority:1, 14ea7ea1-b15f-48dc-ab0e-907b4acf42a4|rpc:172.17.0.2:46343|dataStream:|priority:0], old=null, confs=<EMPTY_MAP>
2021-05-21 14:31:43,369 [pool-321-thread-1] INFO  server.RaftServerConfigKeys (ConfUtils.java:logGet(44)) - raft.server.storage.dir = [/github/workspace/mnt/ozone/hadoop-ozone/integration-test/target/test-dir/MiniOzoneClusterImpl-22464894-f501-479f-ae18-3fb6cdd505c4/datanode-2/data/ratis] (custom)
2021-05-21 14:31:43,369 [pool-321-thread-1] INFO  server.RaftServerConfigKeys (ConfUtils.java:logGet(44)) - raft.server.log.corruption.policy = EXCEPTION (default)
2021-05-21 14:31:43,369 [pool-321-thread-1] INFO  storage.RaftStorageDirectory (RaftStorageDirectoryImpl.java:analyzeStorage(132)) - The storage directory /github/workspace/mnt/ozone/hadoop-ozone/integration-test/target/test-dir/MiniOzoneClusterImpl-22464894-f501-479f-ae18-3fb6cdd505c4/datanode-2/data/ratis/7006a065-fc81-4c52-9aec-a699e101d9f1 does not exist. Creating ...
2021-05-21 14:31:43,370 [pool-321-thread-1] INFO  storage.RaftStorageDirectory (RaftStorageDirectoryImpl.java:tryLock(215)) - Lock on /github/workspace/mnt/ozone/hadoop-ozone/integration-test/target/test-dir/MiniOzoneClusterImpl-22464894-f501-479f-ae18-3fb6cdd505c4/datanode-2/data/ratis/7006a065-fc81-4c52-9aec-a699e101d9f1/in_use.lock acquired by nodename 4736@b766c8128f74
2021-05-21 14:31:43,372 [pool-321-thread-1] INFO  storage.RaftStorage (RaftStorageImpl.java:format(87)) - Storage directory /github/workspace/mnt/ozone/hadoop-ozone/integration-test/target/test-dir/MiniOzoneClusterImpl-22464894-f501-479f-ae18-3fb6cdd505c4/datanode-2/data/ratis/7006a065-fc81-4c52-9aec-a699e101d9f1 has been successfully formatted.
2021-05-21 14:31:43,372 [pool-321-thread-1] INFO  ratis.ContainerStateMachine (ContainerStateMachine.java:loadSnapshot(224)) - group-A699E101D9F1: The snapshot info is null. Setting the last applied indexto:(t:0, i:~)
2021-05-21 14:31:43,372 [pool-321-thread-1] INFO  server.RaftServerConfigKeys (ConfUtils.java:logGet(44)) - raft.server.notification.no-leader.timeout = 300s (custom)
2021-05-21 14:31:43,373 [pool-321-thread-1] INFO  server.RaftServerConfigKeys (ConfUtils.java:logGet(44)) - raft.server.log.use.memory = false (default)
2021-05-21 14:31:43,373 [EventQueue-PipelineReportForOneReplicaPipelineSafeModeRule] INFO  safemode.SCMSafeModeManager (SCMSafeModeManager.java:validateSafeModeExitRules(201)) - AtleastOneDatanodeReportedRule rule is successfully validated
2021-05-21 14:31:43,373 [pool-321-thread-1] INFO  server.RaftServerConfigKeys (ConfUtils.java:logGet(44)) - raft.server.log.purge.gap = 1000000 (custom)
2021-05-21 14:31:43,373 [pool-321-thread-1] INFO  server.RaftServerConfigKeys (ConfUtils.java:logGet(44)) - raft.server.log.appender.buffer.byte-limit = 33554432 (custom)
2021-05-21 14:31:43,373 [pool-321-thread-1] INFO  metrics.RatisMetrics (RatisMetrics.java:lambda$create$0(36)) - Creating Metrics Registry : ratis.log_worker.1fccea47-322e-4257-abe8-9dc7eb47081b@group-A699E101D9F1
2021-05-21 14:31:43,373 [pool-321-thread-1] INFO  server.RaftServerConfigKeys (ConfUtils.java:logGet(44)) - raft.server.log.segment.size.max = 1048576 (custom)
2021-05-21 14:31:43,374 [pool-321-thread-1] INFO  server.RaftServerConfigKeys (ConfUtils.java:logGet(44)) - raft.server.log.segment.cache.num.max = 2 (custom)
2021-05-21 14:31:43,374 [pool-321-thread-1] INFO  server.RaftServerConfigKeys (ConfUtils.java:logGet(44)) - raft.server.log.segment.cache.size.max = 200MB (=209715200) (default)
2021-05-21 14:31:43,374 [pool-321-thread-1] INFO  segmented.SegmentedRaftLogWorker (SegmentedRaftLogWorker.java:<init>(182)) - new 1fccea47-322e-4257-abe8-9dc7eb47081b@group-A699E101D9F1-SegmentedRaftLogWorker for RaftStorageImpl:Storage Directory /github/workspace/mnt/ozone/hadoop-ozone/integration-test/target/test-dir/MiniOzoneClusterImpl-22464894-f501-479f-ae18-3fb6cdd505c4/datanode-2/data/ratis/7006a065-fc81-4c52-9aec-a699e101d9f1
2021-05-21 14:31:43,374 [pool-321-thread-1] INFO  server.RaftServerConfigKeys (ConfUtils.java:logGet(44)) - raft.server.log.queue.byte-limit = 2147483647 (custom)
2021-05-21 14:31:43,374 [pool-321-thread-1] INFO  server.RaftServerConfigKeys (ConfUtils.java:logGet(44)) - raft.server.log.queue.element-limit = 1024 (custom)
2021-05-21 14:31:43,374 [pool-321-thread-1] INFO  server.RaftServerConfigKeys (ConfUtils.java:logGet(44)) - raft.server.log.segment.size.max = 1048576 (custom)
2021-05-21 14:31:43,374 [pool-321-thread-1] INFO  server.RaftServerConfigKeys (ConfUtils.java:logGet(44)) - raft.server.log.preallocated.size = 16384 (custom)
2021-05-21 14:31:43,375 [pool-321-thread-1] INFO  server.RaftServerConfigKeys (ConfUtils.java:logGet(44)) - raft.server.log.force.sync.num = 128 (default)
2021-05-21 14:31:43,375 [pool-321-thread-1] INFO  server.RaftServerConfigKeys (ConfUtils.java:logGet(44)) - raft.server.log.statemachine.data.sync = true (default)
2021-05-21 14:31:43,375 [pool-321-thread-1] INFO  server.RaftServerConfigKeys (ConfUtils.java:logGet(44)) - raft.server.log.statemachine.data.sync.timeout = 10s (default)
2021-05-21 14:31:43,375 [pool-321-thread-1] INFO  server.RaftServerConfigKeys (ConfUtils.java:logGet(44)) - raft.server.log.statemachine.data.sync.timeout.retry = -1 (default)
2021-05-21 14:31:43,376 [pool-321-thread-1] INFO  server.RaftServerConfigKeys (ConfUtils.java:logGet(44)) - raft.server.log.write.buffer.size = 1048576 (custom)
2021-05-21 14:31:43,377 [pool-321-thread-1] INFO  server.RaftServerConfigKeys (ConfUtils.java:logGet(44)) - raft.server.log.statemachine.data.caching.enabled = true (custom)
2021-05-21 14:31:43,377 [pool-321-thread-1] INFO  segmented.SegmentedRaftLogWorker (SegmentedRaftLogWorker.java:lambda$new$0(133)) - 1fccea47-322e-4257-abe8-9dc7eb47081b@group-A699E101D9F1-SegmentedRaftLogWorker: flushIndex: setUnconditionally 0 -> -1
2021-05-21 14:31:43,377 [pool-321-thread-1] INFO  segmented.SegmentedRaftLogWorker (SegmentedRaftLogWorker.java:lambda$new$0(133)) - 1fccea47-322e-4257-abe8-9dc7eb47081b@group-A699E101D9F1-SegmentedRaftLogWorker: safeCacheEvictIndex: setUnconditionally 0 -> -1
2021-05-21 14:31:43,384 [pool-321-thread-1] INFO  server.RaftServerConfigKeys (ConfUtils.java:logGet(44)) - raft.server.snapshot.auto.trigger.enabled = true (custom)
2021-05-21 14:31:43,385 [pool-321-thread-1] INFO  server.RaftServerConfigKeys (ConfUtils.java:logGet(44)) - raft.server.snapshot.auto.trigger.threshold = 10000 (custom)
2021-05-21 14:31:43,385 [pool-321-thread-1] INFO  server.RaftServerConfigKeys (ConfUtils.java:logGet(44)) - raft.server.snapshot.retention.file.num = 5 (custom)
2021-05-21 14:31:43,385 [pool-321-thread-1] INFO  server.RaftServerConfigKeys (ConfUtils.java:logGet(44)) - raft.server.log.purge.upto.snapshot.index = false (default)
2021-05-21 14:31:43,385 [pool-321-thread-1] INFO  server.RaftServerConfigKeys (ConfUtils.java:logGet(44)) - raft.server.retrycache.expirytime = 600000ms (custom)
2021-05-21 14:31:43,385 [pool-321-thread-1] INFO  server.RaftServerConfigKeys (ConfUtils.java:logGet(44)) - raft.server.retrycache.statistics.expirytime = 100?s (default)
2021-05-21 14:31:43,385 [pool-321-thread-1] INFO  metrics.RatisMetrics (RatisMetrics.java:lambda$create$0(36)) - Creating Metrics Registry : ratis.leader_election.1fccea47-322e-4257-abe8-9dc7eb47081b@group-A699E101D9F1
2021-05-21 14:31:43,386 [pool-321-thread-1] INFO  metrics.RatisMetrics (RatisMetrics.java:lambda$create$0(36)) - Creating Metrics Registry : ratis.server.1fccea47-322e-4257-abe8-9dc7eb47081b@group-A699E101D9F1
2021-05-21 14:31:43,387 [pool-321-thread-1] INFO  server.RaftServer$Division (RaftServerImpl.java:start(295)) - 1fccea47-322e-4257-abe8-9dc7eb47081b@group-A699E101D9F1: start as a follower, conf=-1: [9a82ec2f-9c54-4599-b9e4-0bab5ceba92f|rpc:172.17.0.2:41073|dataStream:|priority:0, 1fccea47-322e-4257-abe8-9dc7eb47081b|rpc:172.17.0.2:46599|dataStream:|priority:1, 14ea7ea1-b15f-48dc-ab0e-907b4acf42a4|rpc:172.17.0.2:46343|dataStream:|priority:0], old=null
2021-05-21 14:31:43,387 [pool-321-thread-1] INFO  server.RaftServer$Division (RaftServerImpl.java:setRole(284)) - 1fccea47-322e-4257-abe8-9dc7eb47081b@group-A699E101D9F1: changes role from      null to FOLLOWER at term 0 for startAsFollower
2021-05-21 14:31:43,387 [pool-321-thread-1] INFO  impl.RoleInfo (RoleInfo.java:updateAndGet(130)) - 1fccea47-322e-4257-abe8-9dc7eb47081b: start 1fccea47-322e-4257-abe8-9dc7eb47081b@group-A699E101D9F1-FollowerState
2021-05-21 14:31:43,397 [pool-321-thread-1] INFO  util.JmxRegister (JmxRegister.java:tryRegister(44)) - Successfully registered JMX Bean with object name Ratis:service=RaftServer,group=group-A699E101D9F1,id=1fccea47-322e-4257-abe8-9dc7eb47081b
2021-05-21 14:31:43,397 [pool-321-thread-1] INFO  metrics.RatisMetrics (RatisMetrics.java:lambda$create$0(36)) - Creating Metrics Registry : ratis.state_machine.1fccea47-322e-4257-abe8-9dc7eb47081b@group-A699E101D9F1
2021-05-21 14:31:43,400 [EventQueue-PipelineReportForOneReplicaPipelineSafeModeRule] INFO  safemode.SCMSafeModeManager (SCMSafeModeManager.java:validateSafeModeExitRules(201)) - AtleastOneDatanodeReportedRule rule is successfully validated
2021-05-21 14:31:43,408 [Command processor thread] INFO  metrics.RatisMetrics (RatisMetrics.java:lambda$create$0(36)) - Creating Metrics Registry : ratis.client_message_metrics.client-4FCD9BEB57B3->9a82ec2f-9c54-4599-b9e4-0bab5ceba92f
2021-05-21 14:31:43,413 [grpc-default-executor-0] INFO  metrics.RatisMetrics (RatisMetrics.java:lambda$create$0(36)) - Creating Metrics Registry : ratis.server_message_metrics.9a82ec2f-9c54-4599-b9e4-0bab5ceba92f
2021-05-21 14:31:43,414 [grpc-default-executor-0] INFO  server.RaftServer (RaftServerProxy.java:addNew(95)) - 9a82ec2f-9c54-4599-b9e4-0bab5ceba92f: addNew group-A699E101D9F1:[9a82ec2f-9c54-4599-b9e4-0bab5ceba92f|rpc:172.17.0.2:41073|dataStream:|priority:0, 1fccea47-322e-4257-abe8-9dc7eb47081b|rpc:172.17.0.2:46599|dataStream:|priority:1, 14ea7ea1-b15f-48dc-ab0e-907b4acf42a4|rpc:172.17.0.2:46343|dataStream:|priority:0] returns group-A699E101D9F1:java.util.concurrent.CompletableFuture@7d9079a7[Not completed]
2021-05-21 14:31:43,415 [pool-303-thread-1] INFO  server.RaftServer$Division (RaftServerImpl.java:<init>(180)) - 9a82ec2f-9c54-4599-b9e4-0bab5ceba92f: new RaftServerImpl for group-A699E101D9F1:[9a82ec2f-9c54-4599-b9e4-0bab5ceba92f|rpc:172.17.0.2:41073|dataStream:|priority:0, 1fccea47-322e-4257-abe8-9dc7eb47081b|rpc:172.17.0.2:46599|dataStream:|priority:1, 14ea7ea1-b15f-48dc-ab0e-907b4acf42a4|rpc:172.17.0.2:46343|dataStream:|priority:0] with ContainerStateMachine:uninitialized
2021-05-21 14:31:43,416 [pool-303-thread-1] INFO  server.RaftServerConfigKeys (ConfUtils.java:logGet(44)) - raft.server.rpc.timeout.min = 5s (custom)
2021-05-21 14:31:43,417 [pool-303-thread-1] INFO  server.RaftServerConfigKeys (ConfUtils.java:logGet(44)) - raft.server.rpc.timeout.max = 5200ms (custom)
2021-05-21 14:31:43,417 [pool-303-thread-1] INFO  server.RaftServerConfigKeys (ConfUtils.java:logGet(44)) - raft.server.rpc.sleep.time = 25ms (default)
2021-05-21 14:31:43,417 [pool-303-thread-1] INFO  server.RaftServerConfigKeys (ConfUtils.java:logGet(44)) - raft.server.rpc.slowness.timeout = 300s (custom)
2021-05-21 14:31:43,417 [pool-303-thread-1] INFO  server.RaftServerConfigKeys (ConfUtils.java:logGet(44)) - raft.server.leaderelection.leader.step-down.wait-time = 10s (default)
2021-05-21 14:31:43,417 [pool-303-thread-1] INFO  server.RaftServerConfigKeys (ConfUtils.java:logGet(44)) - raft.server.sleep.deviation.threshold = 300ms (default)
2021-05-21 14:31:43,417 [pool-303-thread-1] INFO  server.RaftServerConfigKeys (ConfUtils.java:logGet(44)) - raft.server.log.appender.install.snapshot.enabled = false (custom)
2021-05-21 14:31:43,417 [pool-303-thread-1] INFO  server.RaftServer$Division (ServerState.java:<init>(105)) - 9a82ec2f-9c54-4599-b9e4-0bab5ceba92f@group-A699E101D9F1: ConfigurationManager, init=-1: [9a82ec2f-9c54-4599-b9e4-0bab5ceba92f|rpc:172.17.0.2:41073|dataStream:|priority:0, 1fccea47-322e-4257-abe8-9dc7eb47081b|rpc:172.17.0.2:46599|dataStream:|priority:1, 14ea7ea1-b15f-48dc-ab0e-907b4acf42a4|rpc:172.17.0.2:46343|dataStream:|priority:0], old=null, confs=<EMPTY_MAP>
2021-05-21 14:31:43,417 [pool-303-thread-1] INFO  server.RaftServerConfigKeys (ConfUtils.java:logGet(44)) - raft.server.storage.dir = [/github/workspace/mnt/ozone/hadoop-ozone/integration-test/target/test-dir/MiniOzoneClusterImpl-22464894-f501-479f-ae18-3fb6cdd505c4/datanode-1/data/ratis] (custom)
2021-05-21 14:31:43,417 [pool-303-thread-1] INFO  server.RaftServerConfigKeys (ConfUtils.java:logGet(44)) - raft.server.log.corruption.policy = EXCEPTION (default)
2021-05-21 14:31:43,418 [pool-303-thread-1] INFO  storage.RaftStorageDirectory (RaftStorageDirectoryImpl.java:analyzeStorage(132)) - The storage directory /github/workspace/mnt/ozone/hadoop-ozone/integration-test/target/test-dir/MiniOzoneClusterImpl-22464894-f501-479f-ae18-3fb6cdd505c4/datanode-1/data/ratis/7006a065-fc81-4c52-9aec-a699e101d9f1 does not exist. Creating ...
2021-05-21 14:31:43,419 [pool-303-thread-1] INFO  storage.RaftStorageDirectory (RaftStorageDirectoryImpl.java:tryLock(215)) - Lock on /github/workspace/mnt/ozone/hadoop-ozone/integration-test/target/test-dir/MiniOzoneClusterImpl-22464894-f501-479f-ae18-3fb6cdd505c4/datanode-1/data/ratis/7006a065-fc81-4c52-9aec-a699e101d9f1/in_use.lock acquired by nodename 4736@b766c8128f74
2021-05-21 14:31:43,420 [pool-303-thread-1] INFO  storage.RaftStorage (RaftStorageImpl.java:format(87)) - Storage directory /github/workspace/mnt/ozone/hadoop-ozone/integration-test/target/test-dir/MiniOzoneClusterImpl-22464894-f501-479f-ae18-3fb6cdd505c4/datanode-1/data/ratis/7006a065-fc81-4c52-9aec-a699e101d9f1 has been successfully formatted.
2021-05-21 14:31:43,420 [pool-303-thread-1] INFO  ratis.ContainerStateMachine (ContainerStateMachine.java:loadSnapshot(224)) - group-A699E101D9F1: The snapshot info is null. Setting the last applied indexto:(t:0, i:~)
2021-05-21 14:31:43,421 [EventQueue-PipelineReportForOneReplicaPipelineSafeModeRule] INFO  safemode.SCMSafeModeManager (SCMSafeModeManager.java:validateSafeModeExitRules(201)) - AtleastOneDatanodeReportedRule rule is successfully validated
2021-05-21 14:31:43,421 [pool-303-thread-1] INFO  server.RaftServerConfigKeys (ConfUtils.java:logGet(44)) - raft.server.notification.no-leader.timeout = 300s (custom)
2021-05-21 14:31:43,421 [pool-303-thread-1] INFO  server.RaftServerConfigKeys (ConfUtils.java:logGet(44)) - raft.server.log.use.memory = false (default)
2021-05-21 14:31:43,422 [pool-303-thread-1] INFO  server.RaftServerConfigKeys (ConfUtils.java:logGet(44)) - raft.server.log.purge.gap = 1000000 (custom)
2021-05-21 14:31:43,422 [pool-303-thread-1] INFO  server.RaftServerConfigKeys (ConfUtils.java:logGet(44)) - raft.server.log.appender.buffer.byte-limit = 33554432 (custom)
2021-05-21 14:31:43,422 [pool-303-thread-1] INFO  metrics.RatisMetrics (RatisMetrics.java:lambda$create$0(36)) - Creating Metrics Registry : ratis.log_worker.9a82ec2f-9c54-4599-b9e4-0bab5ceba92f@group-A699E101D9F1
2021-05-21 14:31:43,422 [pool-303-thread-1] INFO  server.RaftServerConfigKeys (ConfUtils.java:logGet(44)) - raft.server.log.segment.size.max = 1048576 (custom)
2021-05-21 14:31:43,422 [pool-303-thread-1] INFO  server.RaftServerConfigKeys (ConfUtils.java:logGet(44)) - raft.server.log.segment.cache.num.max = 2 (custom)
2021-05-21 14:31:43,423 [pool-303-thread-1] INFO  server.RaftServerConfigKeys (ConfUtils.java:logGet(44)) - raft.server.log.segment.cache.size.max = 200MB (=209715200) (default)
2021-05-21 14:31:43,423 [pool-303-thread-1] INFO  segmented.SegmentedRaftLogWorker (SegmentedRaftLogWorker.java:<init>(182)) - new 9a82ec2f-9c54-4599-b9e4-0bab5ceba92f@group-A699E101D9F1-SegmentedRaftLogWorker for RaftStorageImpl:Storage Directory /github/workspace/mnt/ozone/hadoop-ozone/integration-test/target/test-dir/MiniOzoneClusterImpl-22464894-f501-479f-ae18-3fb6cdd505c4/datanode-1/data/ratis/7006a065-fc81-4c52-9aec-a699e101d9f1
2021-05-21 14:31:43,423 [pool-303-thread-1] INFO  server.RaftServerConfigKeys (ConfUtils.java:logGet(44)) - raft.server.log.queue.byte-limit = 2147483647 (custom)
2021-05-21 14:31:43,423 [pool-303-thread-1] INFO  server.RaftServerConfigKeys (ConfUtils.java:logGet(44)) - raft.server.log.queue.element-limit = 1024 (custom)
2021-05-21 14:31:43,423 [pool-303-thread-1] INFO  server.RaftServerConfigKeys (ConfUtils.java:logGet(44)) - raft.server.log.segment.size.max = 1048576 (custom)
2021-05-21 14:31:43,423 [pool-303-thread-1] INFO  server.RaftServerConfigKeys (ConfUtils.java:logGet(44)) - raft.server.log.preallocated.size = 16384 (custom)
2021-05-21 14:31:43,423 [pool-303-thread-1] INFO  server.RaftServerConfigKeys (ConfUtils.java:logGet(44)) - raft.server.log.force.sync.num = 128 (default)
2021-05-21 14:31:43,423 [pool-303-thread-1] INFO  server.RaftServerConfigKeys (ConfUtils.java:logGet(44)) - raft.server.log.statemachine.data.sync = true (default)
2021-05-21 14:31:43,423 [pool-303-thread-1] INFO  server.RaftServerConfigKeys (ConfUtils.java:logGet(44)) - raft.server.log.statemachine.data.sync.timeout = 10s (default)
2021-05-21 14:31:43,423 [pool-303-thread-1] INFO  server.RaftServerConfigKeys (ConfUtils.java:logGet(44)) - raft.server.log.statemachine.data.sync.timeout.retry = -1 (default)
2021-05-21 14:31:43,424 [pool-303-thread-1] INFO  server.RaftServerConfigKeys (ConfUtils.java:logGet(44)) - raft.server.log.write.buffer.size = 1048576 (custom)
2021-05-21 14:31:43,424 [pool-303-thread-1] INFO  server.RaftServerConfigKeys (ConfUtils.java:logGet(44)) - raft.server.log.statemachine.data.caching.enabled = true (custom)
2021-05-21 14:31:43,425 [pool-303-thread-1] INFO  segmented.SegmentedRaftLogWorker (SegmentedRaftLogWorker.java:lambda$new$0(133)) - 9a82ec2f-9c54-4599-b9e4-0bab5ceba92f@group-A699E101D9F1-SegmentedRaftLogWorker: flushIndex: setUnconditionally 0 -> -1
2021-05-21 14:31:43,425 [pool-303-thread-1] INFO  segmented.SegmentedRaftLogWorker (SegmentedRaftLogWorker.java:lambda$new$0(133)) - 9a82ec2f-9c54-4599-b9e4-0bab5ceba92f@group-A699E101D9F1-SegmentedRaftLogWorker: safeCacheEvictIndex: setUnconditionally 0 -> -1
2021-05-21 14:31:43,427 [pool-303-thread-1] INFO  server.RaftServerConfigKeys (ConfUtils.java:logGet(44)) - raft.server.snapshot.auto.trigger.enabled = true (custom)
2021-05-21 14:31:43,427 [pool-303-thread-1] INFO  server.RaftServerConfigKeys (ConfUtils.java:logGet(44)) - raft.server.snapshot.auto.trigger.threshold = 10000 (custom)
2021-05-21 14:31:43,427 [pool-303-thread-1] INFO  server.RaftServerConfigKeys (ConfUtils.java:logGet(44)) - raft.server.snapshot.retention.file.num = 5 (custom)
2021-05-21 14:31:43,427 [pool-303-thread-1] INFO  server.RaftServerConfigKeys (ConfUtils.java:logGet(44)) - raft.server.log.purge.upto.snapshot.index = false (default)
2021-05-21 14:31:43,427 [pool-303-thread-1] INFO  server.RaftServerConfigKeys (ConfUtils.java:logGet(44)) - raft.server.retrycache.expirytime = 600000ms (custom)
2021-05-21 14:31:43,427 [pool-303-thread-1] INFO  server.RaftServerConfigKeys (ConfUtils.java:logGet(44)) - raft.server.retrycache.statistics.expirytime = 100?s (default)
2021-05-21 14:31:43,427 [pool-303-thread-1] INFO  metrics.RatisMetrics (RatisMetrics.java:lambda$create$0(36)) - Creating Metrics Registry : ratis.leader_election.9a82ec2f-9c54-4599-b9e4-0bab5ceba92f@group-A699E101D9F1
2021-05-21 14:31:43,427 [pool-303-thread-1] INFO  metrics.RatisMetrics (RatisMetrics.java:lambda$create$0(36)) - Creating Metrics Registry : ratis.server.9a82ec2f-9c54-4599-b9e4-0bab5ceba92f@group-A699E101D9F1
2021-05-21 14:31:43,428 [pool-303-thread-1] INFO  server.RaftServer$Division (RaftServerImpl.java:start(295)) - 9a82ec2f-9c54-4599-b9e4-0bab5ceba92f@group-A699E101D9F1: start as a follower, conf=-1: [9a82ec2f-9c54-4599-b9e4-0bab5ceba92f|rpc:172.17.0.2:41073|dataStream:|priority:0, 1fccea47-322e-4257-abe8-9dc7eb47081b|rpc:172.17.0.2:46599|dataStream:|priority:1, 14ea7ea1-b15f-48dc-ab0e-907b4acf42a4|rpc:172.17.0.2:46343|dataStream:|priority:0], old=null
2021-05-21 14:31:43,428 [pool-303-thread-1] INFO  server.RaftServer$Division (RaftServerImpl.java:setRole(284)) - 9a82ec2f-9c54-4599-b9e4-0bab5ceba92f@group-A699E101D9F1: changes role from      null to FOLLOWER at term 0 for startAsFollower
2021-05-21 14:31:43,428 [pool-303-thread-1] INFO  impl.RoleInfo (RoleInfo.java:updateAndGet(130)) - 9a82ec2f-9c54-4599-b9e4-0bab5ceba92f: start 9a82ec2f-9c54-4599-b9e4-0bab5ceba92f@group-A699E101D9F1-FollowerState
2021-05-21 14:31:43,429 [pool-303-thread-1] INFO  util.JmxRegister (JmxRegister.java:tryRegister(44)) - Successfully registered JMX Bean with object name Ratis:service=RaftServer,group=group-A699E101D9F1,id=9a82ec2f-9c54-4599-b9e4-0bab5ceba92f
2021-05-21 14:31:43,429 [pool-303-thread-1] INFO  metrics.RatisMetrics (RatisMetrics.java:lambda$create$0(36)) - Creating Metrics Registry : ratis.state_machine.9a82ec2f-9c54-4599-b9e4-0bab5ceba92f@group-A699E101D9F1
2021-05-21 14:31:43,435 [Command processor thread] INFO  commandhandler.CreatePipelineCommandHandler (CreatePipelineCommandHandler.java:handle(106)) - Created Pipeline RATIS THREE PipelineID=7006a065-fc81-4c52-9aec-a699e101d9f1.
2021-05-21 14:31:43,557 [Command processor thread] INFO  server.RaftServer (RaftServerProxy.java:addNew(95)) - 9a82ec2f-9c54-4599-b9e4-0bab5ceba92f: addNew group-7B86A80A9261:[9a82ec2f-9c54-4599-b9e4-0bab5ceba92f|rpc:172.17.0.2:41073|priority:1] returns group-7B86A80A9261:java.util.concurrent.CompletableFuture@2f92541[Not completed]
2021-05-21 14:31:43,558 [pool-303-thread-1] INFO  server.RaftServer$Division (RaftServerImpl.java:<init>(180)) - 9a82ec2f-9c54-4599-b9e4-0bab5ceba92f: new RaftServerImpl for group-7B86A80A9261:[9a82ec2f-9c54-4599-b9e4-0bab5ceba92f|rpc:172.17.0.2:41073|priority:1] with ContainerStateMachine:uninitialized
2021-05-21 14:31:43,558 [pool-303-thread-1] INFO  server.RaftServerConfigKeys (ConfUtils.java:logGet(44)) - raft.server.rpc.timeout.min = 5s (custom)
2021-05-21 14:31:43,558 [pool-303-thread-1] INFO  server.RaftServerConfigKeys (ConfUtils.java:logGet(44)) - raft.server.rpc.timeout.max = 5200ms (custom)
2021-05-21 14:31:43,558 [pool-303-thread-1] INFO  server.RaftServerConfigKeys (ConfUtils.java:logGet(44)) - raft.server.rpc.sleep.time = 25ms (default)
2021-05-21 14:31:43,558 [pool-303-thread-1] INFO  server.RaftServerConfigKeys (ConfUtils.java:logGet(44)) - raft.server.rpc.slowness.timeout = 300s (custom)
2021-05-21 14:31:43,558 [pool-303-thread-1] INFO  server.RaftServerConfigKeys (ConfUtils.java:logGet(44)) - raft.server.leaderelection.leader.step-down.wait-time = 10s (default)
2021-05-21 14:31:43,558 [pool-303-thread-1] INFO  server.RaftServerConfigKeys (ConfUtils.java:logGet(44)) - raft.server.sleep.deviation.threshold = 300ms (default)
2021-05-21 14:31:43,558 [pool-303-thread-1] INFO  server.RaftServerConfigKeys (ConfUtils.java:logGet(44)) - raft.server.log.appender.install.snapshot.enabled = false (custom)
2021-05-21 14:31:43,558 [pool-303-thread-1] INFO  server.RaftServer$Division (ServerState.java:<init>(105)) - 9a82ec2f-9c54-4599-b9e4-0bab5ceba92f@group-7B86A80A9261: ConfigurationManager, init=-1: [9a82ec2f-9c54-4599-b9e4-0bab5ceba92f|rpc:172.17.0.2:41073|priority:1], old=null, confs=<EMPTY_MAP>
2021-05-21 14:31:43,558 [pool-303-thread-1] INFO  server.RaftServerConfigKeys (ConfUtils.java:logGet(44)) - raft.server.storage.dir = [/github/workspace/mnt/ozone/hadoop-ozone/integration-test/target/test-dir/MiniOzoneClusterImpl-22464894-f501-479f-ae18-3fb6cdd505c4/datanode-1/data/ratis] (custom)
2021-05-21 14:31:43,559 [pool-303-thread-1] INFO  server.RaftServerConfigKeys (ConfUtils.java:logGet(44)) - raft.server.log.corruption.policy = EXCEPTION (default)
2021-05-21 14:31:43,559 [pool-303-thread-1] INFO  storage.RaftStorageDirectory (RaftStorageDirectoryImpl.java:analyzeStorage(132)) - The storage directory /github/workspace/mnt/ozone/hadoop-ozone/integration-test/target/test-dir/MiniOzoneClusterImpl-22464894-f501-479f-ae18-3fb6cdd505c4/datanode-1/data/ratis/f8b6babe-5e4c-4f60-bc9b-7b86a80a9261 does not exist. Creating ...
2021-05-21 14:31:43,560 [pool-303-thread-1] INFO  storage.RaftStorageDirectory (RaftStorageDirectoryImpl.java:tryLock(215)) - Lock on /github/workspace/mnt/ozone/hadoop-ozone/integration-test/target/test-dir/MiniOzoneClusterImpl-22464894-f501-479f-ae18-3fb6cdd505c4/datanode-1/data/ratis/f8b6babe-5e4c-4f60-bc9b-7b86a80a9261/in_use.lock acquired by nodename 4736@b766c8128f74
2021-05-21 14:31:43,561 [pool-303-thread-1] INFO  storage.RaftStorage (RaftStorageImpl.java:format(87)) - Storage directory /github/workspace/mnt/ozone/hadoop-ozone/integration-test/target/test-dir/MiniOzoneClusterImpl-22464894-f501-479f-ae18-3fb6cdd505c4/datanode-1/data/ratis/f8b6babe-5e4c-4f60-bc9b-7b86a80a9261 has been successfully formatted.
2021-05-21 14:31:43,561 [pool-303-thread-1] INFO  ratis.ContainerStateMachine (ContainerStateMachine.java:loadSnapshot(224)) - group-7B86A80A9261: The snapshot info is null. Setting the last applied indexto:(t:0, i:~)
2021-05-21 14:31:43,561 [pool-303-thread-1] INFO  server.RaftServerConfigKeys (ConfUtils.java:logGet(44)) - raft.server.notification.no-leader.timeout = 300s (custom)
2021-05-21 14:31:43,562 [pool-303-thread-1] INFO  server.RaftServerConfigKeys (ConfUtils.java:logGet(44)) - raft.server.log.use.memory = false (default)
2021-05-21 14:31:43,562 [pool-303-thread-1] INFO  server.RaftServerConfigKeys (ConfUtils.java:logGet(44)) - raft.server.log.purge.gap = 1000000 (custom)
2021-05-21 14:31:43,562 [pool-303-thread-1] INFO  server.RaftServerConfigKeys (ConfUtils.java:logGet(44)) - raft.server.log.appender.buffer.byte-limit = 33554432 (custom)
2021-05-21 14:31:43,562 [pool-303-thread-1] INFO  metrics.RatisMetrics (RatisMetrics.java:lambda$create$0(36)) - Creating Metrics Registry : ratis.log_worker.9a82ec2f-9c54-4599-b9e4-0bab5ceba92f@group-7B86A80A9261
2021-05-21 14:31:43,562 [pool-303-thread-1] INFO  server.RaftServerConfigKeys (ConfUtils.java:logGet(44)) - raft.server.log.segment.size.max = 1048576 (custom)
2021-05-21 14:31:43,562 [EventQueue-PipelineReportForOneReplicaPipelineSafeModeRule] INFO  safemode.SCMSafeModeManager (SCMSafeModeManager.java:validateSafeModeExitRules(201)) - AtleastOneDatanodeReportedRule rule is successfully validated
2021-05-21 14:31:43,563 [EventQueue-PipelineReportForPipelineReportHandler] INFO  pipeline.PipelineManagerV2Impl (PipelineManagerV2Impl.java:openPipeline(270)) - Pipeline Pipeline[ Id: f8b6babe-5e4c-4f60-bc9b-7b86a80a9261, Nodes: 9a82ec2f-9c54-4599-b9e4-0bab5ceba92f{ip: 172.17.0.2, host: b766c8128f74, ports: [REPLICATION=33745, RATIS=41073, RATIS_ADMIN=41073, RATIS_SERVER=41073, STANDALONE=37819], networkLocation: /default-rack, certSerialId: null, persistedOpState: IN_SERVICE, persistedOpStateExpiryEpochSec: 0}, ReplicationConfig: RATIS/ONE, State:ALLOCATED, leaderId:9a82ec2f-9c54-4599-b9e4-0bab5ceba92f, CreationTimestamp2021-05-21T14:31:40.560Z] moved to OPEN state
2021-05-21 14:31:43,563 [EventQueue-OpenPipelineForHealthyPipelineSafeModeRule] INFO  safemode.SCMSafeModeManager (HealthyPipelineSafeModeRule.java:process(130)) - SCM in safe mode. Healthy pipelines reported count is 0, required healthy pipeline reported count is 1
2021-05-21 14:31:43,563 [pool-303-thread-1] INFO  server.RaftServerConfigKeys (ConfUtils.java:logGet(44)) - raft.server.log.segment.cache.num.max = 2 (custom)
2021-05-21 14:31:43,563 [pool-303-thread-1] INFO  server.RaftServerConfigKeys (ConfUtils.java:logGet(44)) - raft.server.log.segment.cache.size.max = 200MB (=209715200) (default)
2021-05-21 14:31:43,563 [pool-303-thread-1] INFO  segmented.SegmentedRaftLogWorker (SegmentedRaftLogWorker.java:<init>(182)) - new 9a82ec2f-9c54-4599-b9e4-0bab5ceba92f@group-7B86A80A9261-SegmentedRaftLogWorker for RaftStorageImpl:Storage Directory /github/workspace/mnt/ozone/hadoop-ozone/integration-test/target/test-dir/MiniOzoneClusterImpl-22464894-f501-479f-ae18-3fb6cdd505c4/datanode-1/data/ratis/f8b6babe-5e4c-4f60-bc9b-7b86a80a9261
2021-05-21 14:31:43,563 [pool-303-thread-1] INFO  server.RaftServerConfigKeys (ConfUtils.java:logGet(44)) - raft.server.log.queue.byte-limit = 2147483647 (custom)
2021-05-21 14:31:43,563 [pool-303-thread-1] INFO  server.RaftServerConfigKeys (ConfUtils.java:logGet(44)) - raft.server.log.queue.element-limit = 1024 (custom)
2021-05-21 14:31:43,563 [pool-303-thread-1] INFO  server.RaftServerConfigKeys (ConfUtils.java:logGet(44)) - raft.server.log.segment.size.max = 1048576 (custom)
2021-05-21 14:31:43,563 [pool-303-thread-1] INFO  server.RaftServerConfigKeys (ConfUtils.java:logGet(44)) - raft.server.log.preallocated.size = 16384 (custom)
2021-05-21 14:31:43,564 [pool-303-thread-1] INFO  server.RaftServerConfigKeys (ConfUtils.java:logGet(44)) - raft.server.log.force.sync.num = 128 (default)
2021-05-21 14:31:43,564 [pool-303-thread-1] INFO  server.RaftServerConfigKeys (ConfUtils.java:logGet(44)) - raft.server.log.statemachine.data.sync = true (default)
2021-05-21 14:31:43,564 [pool-303-thread-1] INFO  server.RaftServerConfigKeys (ConfUtils.java:logGet(44)) - raft.server.log.statemachine.data.sync.timeout = 10s (default)
2021-05-21 14:31:43,564 [pool-303-thread-1] INFO  server.RaftServerConfigKeys (ConfUtils.java:logGet(44)) - raft.server.log.statemachine.data.sync.timeout.retry = -1 (default)
2021-05-21 14:31:43,565 [pool-303-thread-1] INFO  server.RaftServerConfigKeys (ConfUtils.java:logGet(44)) - raft.server.log.write.buffer.size = 1048576 (custom)
2021-05-21 14:31:43,565 [pool-303-thread-1] INFO  server.RaftServerConfigKeys (ConfUtils.java:logGet(44)) - raft.server.log.statemachine.data.caching.enabled = true (custom)
2021-05-21 14:31:43,565 [pool-303-thread-1] INFO  segmented.SegmentedRaftLogWorker (SegmentedRaftLogWorker.java:lambda$new$0(133)) - 9a82ec2f-9c54-4599-b9e4-0bab5ceba92f@group-7B86A80A9261-SegmentedRaftLogWorker: flushIndex: setUnconditionally 0 -> -1
2021-05-21 14:31:43,565 [pool-303-thread-1] INFO  segmented.SegmentedRaftLogWorker (SegmentedRaftLogWorker.java:lambda$new$0(133)) - 9a82ec2f-9c54-4599-b9e4-0bab5ceba92f@group-7B86A80A9261-SegmentedRaftLogWorker: safeCacheEvictIndex: setUnconditionally 0 -> -1
2021-05-21 14:31:43,568 [pool-303-thread-1] INFO  server.RaftServerConfigKeys (ConfUtils.java:logGet(44)) - raft.server.snapshot.auto.trigger.enabled = true (custom)
2021-05-21 14:31:43,568 [pool-303-thread-1] INFO  server.RaftServerConfigKeys (ConfUtils.java:logGet(44)) - raft.server.snapshot.auto.trigger.threshold = 10000 (custom)
2021-05-21 14:31:43,569 [pool-303-thread-1] INFO  server.RaftServerConfigKeys (ConfUtils.java:logGet(44)) - raft.server.snapshot.retention.file.num = 5 (custom)
2021-05-21 14:31:43,569 [pool-303-thread-1] INFO  server.RaftServerConfigKeys (ConfUtils.java:logGet(44)) - raft.server.log.purge.upto.snapshot.index = false (default)
2021-05-21 14:31:43,569 [pool-303-thread-1] INFO  server.RaftServerConfigKeys (ConfUtils.java:logGet(44)) - raft.server.retrycache.expirytime = 600000ms (custom)
2021-05-21 14:31:43,569 [pool-303-thread-1] INFO  server.RaftServerConfigKeys (ConfUtils.java:logGet(44)) - raft.server.retrycache.statistics.expirytime = 100?s (default)
2021-05-21 14:31:43,569 [pool-303-thread-1] INFO  metrics.RatisMetrics (RatisMetrics.java:lambda$create$0(36)) - Creating Metrics Registry : ratis.leader_election.9a82ec2f-9c54-4599-b9e4-0bab5ceba92f@group-7B86A80A9261
2021-05-21 14:31:43,569 [pool-303-thread-1] INFO  metrics.RatisMetrics (RatisMetrics.java:lambda$create$0(36)) - Creating Metrics Registry : ratis.server.9a82ec2f-9c54-4599-b9e4-0bab5ceba92f@group-7B86A80A9261
2021-05-21 14:31:43,570 [pool-303-thread-1] INFO  server.RaftServer$Division (RaftServerImpl.java:start(295)) - 9a82ec2f-9c54-4599-b9e4-0bab5ceba92f@group-7B86A80A9261: start as a follower, conf=-1: [9a82ec2f-9c54-4599-b9e4-0bab5ceba92f|rpc:172.17.0.2:41073|priority:1], old=null
2021-05-21 14:31:43,570 [pool-303-thread-1] INFO  server.RaftServer$Division (RaftServerImpl.java:setRole(284)) - 9a82ec2f-9c54-4599-b9e4-0bab5ceba92f@group-7B86A80A9261: changes role from      null to FOLLOWER at term 0 for startAsFollower
2021-05-21 14:31:43,570 [pool-303-thread-1] INFO  impl.RoleInfo (RoleInfo.java:updateAndGet(130)) - 9a82ec2f-9c54-4599-b9e4-0bab5ceba92f: start 9a82ec2f-9c54-4599-b9e4-0bab5ceba92f@group-7B86A80A9261-FollowerState
2021-05-21 14:31:43,574 [pool-303-thread-1] INFO  util.JmxRegister (JmxRegister.java:tryRegister(44)) - Successfully registered JMX Bean with object name Ratis:service=RaftServer,group=group-7B86A80A9261,id=9a82ec2f-9c54-4599-b9e4-0bab5ceba92f
2021-05-21 14:31:43,574 [pool-303-thread-1] INFO  metrics.RatisMetrics (RatisMetrics.java:lambda$create$0(36)) - Creating Metrics Registry : ratis.state_machine.9a82ec2f-9c54-4599-b9e4-0bab5ceba92f@group-7B86A80A9261
2021-05-21 14:31:43,575 [Command processor thread] INFO  ratis.XceiverServerRatis (XceiverServerRatis.java:addGroup(808)) - Created group PipelineID=f8b6babe-5e4c-4f60-bc9b-7b86a80a9261
2021-05-21 14:31:43,575 [Command processor thread] INFO  commandhandler.CreatePipelineCommandHandler (CreatePipelineCommandHandler.java:handle(106)) - Created Pipeline RATIS ONE PipelineID=f8b6babe-5e4c-4f60-bc9b-7b86a80a9261.
2021-05-21 14:31:43,639 [EventQueue-PipelineReportForOneReplicaPipelineSafeModeRule] INFO  safemode.SCMSafeModeManager (SCMSafeModeManager.java:validateSafeModeExitRules(201)) - AtleastOneDatanodeReportedRule rule is successfully validated
2021-05-21 14:31:43,643 [Listener at 127.0.0.1/41311] INFO  ozone.MiniOzoneClusterImpl (MiniOzoneClusterImpl.java:lambda$waitForClusterToBeReady$0(224)) - Nodes are ready. Got 6 of 6 DN Heartbeats.
2021-05-21 14:31:43,644 [Listener at 127.0.0.1/41311] INFO  ozone.MiniOzoneClusterImpl (MiniOzoneClusterImpl.java:lambda$waitForClusterToBeReady$0(227)) - Waiting for cluster to exit safe mode
2021-05-21 14:31:43,644 [Listener at 127.0.0.1/41311] INFO  ozone.MiniOzoneClusterImpl (MiniOzoneClusterImpl.java:lambda$waitForClusterToBeReady$0(230)) - SCM became leader
2021-05-21 14:31:43,727 [ReplicationMonitor] INFO  container.ReplicationManager (ReplicationManager.java:run(290)) - Replication Monitor Thread took 0 milliseconds for processing 0 containers.
2021-05-21 14:31:43,937 [Command processor thread] INFO  server.RaftServer (RaftServerProxy.java:addNew(95)) - 1fccea47-322e-4257-abe8-9dc7eb47081b: addNew group-784442EE2F00:[1fccea47-322e-4257-abe8-9dc7eb47081b|rpc:172.17.0.2:46599|priority:1] returns group-784442EE2F00:java.util.concurrent.CompletableFuture@586c3ceb[Not completed]
2021-05-21 14:31:43,938 [pool-321-thread-1] INFO  server.RaftServer$Division (RaftServerImpl.java:<init>(180)) - 1fccea47-322e-4257-abe8-9dc7eb47081b: new RaftServerImpl for group-784442EE2F00:[1fccea47-322e-4257-abe8-9dc7eb47081b|rpc:172.17.0.2:46599|priority:1] with ContainerStateMachine:uninitialized
2021-05-21 14:31:43,938 [pool-321-thread-1] INFO  server.RaftServerConfigKeys (ConfUtils.java:logGet(44)) - raft.server.rpc.timeout.min = 5s (custom)
2021-05-21 14:31:43,938 [pool-321-thread-1] INFO  server.RaftServerConfigKeys (ConfUtils.java:logGet(44)) - raft.server.rpc.timeout.max = 5200ms (custom)
2021-05-21 14:31:43,938 [pool-321-thread-1] INFO  server.RaftServerConfigKeys (ConfUtils.java:logGet(44)) - raft.server.rpc.sleep.time = 25ms (default)
2021-05-21 14:31:43,938 [pool-321-thread-1] INFO  server.RaftServerConfigKeys (ConfUtils.java:logGet(44)) - raft.server.rpc.slowness.timeout = 300s (custom)
2021-05-21 14:31:43,938 [pool-321-thread-1] INFO  server.RaftServerConfigKeys (ConfUtils.java:logGet(44)) - raft.server.leaderelection.leader.step-down.wait-time = 10s (default)
2021-05-21 14:31:43,938 [pool-321-thread-1] INFO  server.RaftServerConfigKeys (ConfUtils.java:logGet(44)) - raft.server.sleep.deviation.threshold = 300ms (default)
2021-05-21 14:31:43,938 [pool-321-thread-1] INFO  server.RaftServerConfigKeys (ConfUtils.java:logGet(44)) - raft.server.log.appender.install.snapshot.enabled = false (custom)
2021-05-21 14:31:43,938 [pool-321-thread-1] INFO  server.RaftServer$Division (ServerState.java:<init>(105)) - 1fccea47-322e-4257-abe8-9dc7eb47081b@group-784442EE2F00: ConfigurationManager, init=-1: [1fccea47-322e-4257-abe8-9dc7eb47081b|rpc:172.17.0.2:46599|priority:1], old=null, confs=<EMPTY_MAP>
2021-05-21 14:31:43,938 [pool-321-thread-1] INFO  server.RaftServerConfigKeys (ConfUtils.java:logGet(44)) - raft.server.storage.dir = [/github/workspace/mnt/ozone/hadoop-ozone/integration-test/target/test-dir/MiniOzoneClusterImpl-22464894-f501-479f-ae18-3fb6cdd505c4/datanode-2/data/ratis] (custom)
2021-05-21 14:31:43,939 [pool-321-thread-1] INFO  server.RaftServerConfigKeys (ConfUtils.java:logGet(44)) - raft.server.log.corruption.policy = EXCEPTION (default)
2021-05-21 14:31:43,939 [pool-321-thread-1] INFO  storage.RaftStorageDirectory (RaftStorageDirectoryImpl.java:analyzeStorage(132)) - The storage directory /github/workspace/mnt/ozone/hadoop-ozone/integration-test/target/test-dir/MiniOzoneClusterImpl-22464894-f501-479f-ae18-3fb6cdd505c4/datanode-2/data/ratis/d10100d2-37a3-4f42-ae05-784442ee2f00 does not exist. Creating ...
2021-05-21 14:31:43,940 [pool-321-thread-1] INFO  storage.RaftStorageDirectory (RaftStorageDirectoryImpl.java:tryLock(215)) - Lock on /github/workspace/mnt/ozone/hadoop-ozone/integration-test/target/test-dir/MiniOzoneClusterImpl-22464894-f501-479f-ae18-3fb6cdd505c4/datanode-2/data/ratis/d10100d2-37a3-4f42-ae05-784442ee2f00/in_use.lock acquired by nodename 4736@b766c8128f74
2021-05-21 14:31:43,941 [pool-321-thread-1] INFO  storage.RaftStorage (RaftStorageImpl.java:format(87)) - Storage directory /github/workspace/mnt/ozone/hadoop-ozone/integration-test/target/test-dir/MiniOzoneClusterImpl-22464894-f501-479f-ae18-3fb6cdd505c4/datanode-2/data/ratis/d10100d2-37a3-4f42-ae05-784442ee2f00 has been successfully formatted.
2021-05-21 14:31:43,941 [pool-321-thread-1] INFO  ratis.ContainerStateMachine (ContainerStateMachine.java:loadSnapshot(224)) - group-784442EE2F00: The snapshot info is null. Setting the last applied indexto:(t:0, i:~)
2021-05-21 14:31:43,941 [pool-321-thread-1] INFO  server.RaftServerConfigKeys (ConfUtils.java:logGet(44)) - raft.server.notification.no-leader.timeout = 300s (custom)
2021-05-21 14:31:43,942 [pool-321-thread-1] INFO  server.RaftServerConfigKeys (ConfUtils.java:logGet(44)) - raft.server.log.use.memory = false (default)
2021-05-21 14:31:43,942 [pool-321-thread-1] INFO  server.RaftServerConfigKeys (ConfUtils.java:logGet(44)) - raft.server.log.purge.gap = 1000000 (custom)
2021-05-21 14:31:43,942 [pool-321-thread-1] INFO  server.RaftServerConfigKeys (ConfUtils.java:logGet(44)) - raft.server.log.appender.buffer.byte-limit = 33554432 (custom)
2021-05-21 14:31:43,942 [pool-321-thread-1] INFO  metrics.RatisMetrics (RatisMetrics.java:lambda$create$0(36)) - Creating Metrics Registry : ratis.log_worker.1fccea47-322e-4257-abe8-9dc7eb47081b@group-784442EE2F00
2021-05-21 14:31:43,942 [pool-321-thread-1] INFO  server.RaftServerConfigKeys (ConfUtils.java:logGet(44)) - raft.server.log.segment.size.max = 1048576 (custom)
2021-05-21 14:31:43,943 [EventQueue-PipelineReportForOneReplicaPipelineSafeModeRule] INFO  safemode.SCMSafeModeManager (SCMSafeModeManager.java:validateSafeModeExitRules(201)) - AtleastOneDatanodeReportedRule rule is successfully validated
2021-05-21 14:31:43,943 [pool-321-thread-1] INFO  server.RaftServerConfigKeys (ConfUtils.java:logGet(44)) - raft.server.log.segment.cache.num.max = 2 (custom)
2021-05-21 14:31:43,943 [EventQueue-PipelineReportForPipelineReportHandler] INFO  pipeline.PipelineManagerV2Impl (PipelineManagerV2Impl.java:openPipeline(270)) - Pipeline Pipeline[ Id: d10100d2-37a3-4f42-ae05-784442ee2f00, Nodes: 1fccea47-322e-4257-abe8-9dc7eb47081b{ip: 172.17.0.2, host: b766c8128f74, ports: [REPLICATION=33193, RATIS=46599, RATIS_ADMIN=46599, RATIS_SERVER=46599, STANDALONE=46545], networkLocation: /default-rack, certSerialId: null, persistedOpState: IN_SERVICE, persistedOpStateExpiryEpochSec: 0}, ReplicationConfig: RATIS/ONE, State:ALLOCATED, leaderId:1fccea47-322e-4257-abe8-9dc7eb47081b, CreationTimestamp2021-05-21T14:31:40.941Z] moved to OPEN state
2021-05-21 14:31:43,943 [pool-321-thread-1] INFO  server.RaftServerConfigKeys (ConfUtils.java:logGet(44)) - raft.server.log.segment.cache.size.max = 200MB (=209715200) (default)
2021-05-21 14:31:43,944 [pool-321-thread-1] INFO  segmented.SegmentedRaftLogWorker (SegmentedRaftLogWorker.java:<init>(182)) - new 1fccea47-322e-4257-abe8-9dc7eb47081b@group-784442EE2F00-SegmentedRaftLogWorker for RaftStorageImpl:Storage Directory /github/workspace/mnt/ozone/hadoop-ozone/integration-test/target/test-dir/MiniOzoneClusterImpl-22464894-f501-479f-ae18-3fb6cdd505c4/datanode-2/data/ratis/d10100d2-37a3-4f42-ae05-784442ee2f00
2021-05-21 14:31:43,944 [pool-321-thread-1] INFO  server.RaftServerConfigKeys (ConfUtils.java:logGet(44)) - raft.server.log.queue.byte-limit = 2147483647 (custom)
2021-05-21 14:31:43,944 [pool-321-thread-1] INFO  server.RaftServerConfigKeys (ConfUtils.java:logGet(44)) - raft.server.log.queue.element-limit = 1024 (custom)
2021-05-21 14:31:43,944 [pool-321-thread-1] INFO  server.RaftServerConfigKeys (ConfUtils.java:logGet(44)) - raft.server.log.segment.size.max = 1048576 (custom)
2021-05-21 14:31:43,944 [EventQueue-OpenPipelineForHealthyPipelineSafeModeRule] INFO  safemode.SCMSafeModeManager (HealthyPipelineSafeModeRule.java:process(130)) - SCM in safe mode. Healthy pipelines reported count is 0, required healthy pipeline reported count is 1
2021-05-21 14:31:43,944 [pool-321-thread-1] INFO  server.RaftServerConfigKeys (ConfUtils.java:logGet(44)) - raft.server.log.preallocated.size = 16384 (custom)
2021-05-21 14:31:43,944 [pool-321-thread-1] INFO  server.RaftServerConfigKeys (ConfUtils.java:logGet(44)) - raft.server.log.force.sync.num = 128 (default)
2021-05-21 14:31:43,944 [pool-321-thread-1] INFO  server.RaftServerConfigKeys (ConfUtils.java:logGet(44)) - raft.server.log.statemachine.data.sync = true (default)
2021-05-21 14:31:43,945 [pool-321-thread-1] INFO  server.RaftServerConfigKeys (ConfUtils.java:logGet(44)) - raft.server.log.statemachine.data.sync.timeout = 10s (default)
2021-05-21 14:31:43,945 [pool-321-thread-1] INFO  server.RaftServerConfigKeys (ConfUtils.java:logGet(44)) - raft.server.log.statemachine.data.sync.timeout.retry = -1 (default)
2021-05-21 14:31:43,946 [pool-321-thread-1] INFO  server.RaftServerConfigKeys (ConfUtils.java:logGet(44)) - raft.server.log.write.buffer.size = 1048576 (custom)
2021-05-21 14:31:43,947 [pool-321-thread-1] INFO  server.RaftServerConfigKeys (ConfUtils.java:logGet(44)) - raft.server.log.statemachine.data.caching.enabled = true (custom)
2021-05-21 14:31:43,947 [pool-321-thread-1] INFO  segmented.SegmentedRaftLogWorker (SegmentedRaftLogWorker.java:lambda$new$0(133)) - 1fccea47-322e-4257-abe8-9dc7eb47081b@group-784442EE2F00-SegmentedRaftLogWorker: flushIndex: setUnconditionally 0 -> -1
2021-05-21 14:31:43,947 [pool-321-thread-1] INFO  segmented.SegmentedRaftLogWorker (SegmentedRaftLogWorker.java:lambda$new$0(133)) - 1fccea47-322e-4257-abe8-9dc7eb47081b@group-784442EE2F00-SegmentedRaftLogWorker: safeCacheEvictIndex: setUnconditionally 0 -> -1
2021-05-21 14:31:43,950 [pool-321-thread-1] INFO  server.RaftServerConfigKeys (ConfUtils.java:logGet(44)) - raft.server.snapshot.auto.trigger.enabled = true (custom)
2021-05-21 14:31:43,951 [pool-321-thread-1] INFO  server.RaftServerConfigKeys (ConfUtils.java:logGet(44)) - raft.server.snapshot.auto.trigger.threshold = 10000 (custom)
2021-05-21 14:31:43,951 [pool-321-thread-1] INFO  server.RaftServerConfigKeys (ConfUtils.java:logGet(44)) - raft.server.snapshot.retention.file.num = 5 (custom)
2021-05-21 14:31:43,951 [pool-321-thread-1] INFO  server.RaftServerConfigKeys (ConfUtils.java:logGet(44)) - raft.server.log.purge.upto.snapshot.index = false (default)
2021-05-21 14:31:43,951 [pool-321-thread-1] INFO  server.RaftServerConfigKeys (ConfUtils.java:logGet(44)) - raft.server.retrycache.expirytime = 600000ms (custom)
2021-05-21 14:31:43,951 [pool-321-thread-1] INFO  server.RaftServerConfigKeys (ConfUtils.java:logGet(44)) - raft.server.retrycache.statistics.expirytime = 100?s (default)
2021-05-21 14:31:43,951 [pool-321-thread-1] INFO  metrics.RatisMetrics (RatisMetrics.java:lambda$create$0(36)) - Creating Metrics Registry : ratis.leader_election.1fccea47-322e-4257-abe8-9dc7eb47081b@group-784442EE2F00
2021-05-21 14:31:43,951 [pool-321-thread-1] INFO  metrics.RatisMetrics (RatisMetrics.java:lambda$create$0(36)) - Creating Metrics Registry : ratis.server.1fccea47-322e-4257-abe8-9dc7eb47081b@group-784442EE2F00
2021-05-21 14:31:43,952 [pool-321-thread-1] INFO  server.RaftServer$Division (RaftServerImpl.java:start(295)) - 1fccea47-322e-4257-abe8-9dc7eb47081b@group-784442EE2F00: start as a follower, conf=-1: [1fccea47-322e-4257-abe8-9dc7eb47081b|rpc:172.17.0.2:46599|priority:1], old=null
2021-05-21 14:31:43,952 [pool-321-thread-1] INFO  server.RaftServer$Division (RaftServerImpl.java:setRole(284)) - 1fccea47-322e-4257-abe8-9dc7eb47081b@group-784442EE2F00: changes role from      null to FOLLOWER at term 0 for startAsFollower
2021-05-21 14:31:43,952 [pool-321-thread-1] INFO  impl.RoleInfo (RoleInfo.java:updateAndGet(130)) - 1fccea47-322e-4257-abe8-9dc7eb47081b: start 1fccea47-322e-4257-abe8-9dc7eb47081b@group-784442EE2F00-FollowerState
2021-05-21 14:31:43,953 [pool-321-thread-1] INFO  util.JmxRegister (JmxRegister.java:tryRegister(44)) - Successfully registered JMX Bean with object name Ratis:service=RaftServer,group=group-784442EE2F00,id=1fccea47-322e-4257-abe8-9dc7eb47081b
2021-05-21 14:31:43,953 [pool-321-thread-1] INFO  metrics.RatisMetrics (RatisMetrics.java:lambda$create$0(36)) - Creating Metrics Registry : ratis.state_machine.1fccea47-322e-4257-abe8-9dc7eb47081b@group-784442EE2F00
2021-05-21 14:31:43,954 [Command processor thread] INFO  ratis.XceiverServerRatis (XceiverServerRatis.java:addGroup(808)) - Created group PipelineID=d10100d2-37a3-4f42-ae05-784442ee2f00
2021-05-21 14:31:43,954 [Command processor thread] INFO  commandhandler.CreatePipelineCommandHandler (CreatePipelineCommandHandler.java:handle(106)) - Created Pipeline RATIS ONE PipelineID=d10100d2-37a3-4f42-ae05-784442ee2f00.
2021-05-21 14:31:44,173 [Command processor thread] INFO  server.RaftServer (RaftServerProxy.java:addNew(95)) - fe5d1211-9335-469c-958f-8182ca4380cf: addNew group-BDCF5B22EAA5:[fe5d1211-9335-469c-958f-8182ca4380cf|rpc:172.17.0.2:40647|priority:1] returns group-BDCF5B22EAA5:java.util.concurrent.CompletableFuture@ae3e2b4[Not completed]
2021-05-21 14:31:44,174 [EventQueue-PipelineReportForOneReplicaPipelineSafeModeRule] INFO  safemode.SCMSafeModeManager (SCMSafeModeManager.java:validateSafeModeExitRules(201)) - AtleastOneDatanodeReportedRule rule is successfully validated
2021-05-21 14:31:44,176 [pool-339-thread-1] INFO  server.RaftServer$Division (RaftServerImpl.java:<init>(180)) - fe5d1211-9335-469c-958f-8182ca4380cf: new RaftServerImpl for group-BDCF5B22EAA5:[fe5d1211-9335-469c-958f-8182ca4380cf|rpc:172.17.0.2:40647|priority:1] with ContainerStateMachine:uninitialized
2021-05-21 14:31:44,176 [pool-339-thread-1] INFO  server.RaftServerConfigKeys (ConfUtils.java:logGet(44)) - raft.server.rpc.timeout.min = 5s (custom)
2021-05-21 14:31:44,176 [pool-339-thread-1] INFO  server.RaftServerConfigKeys (ConfUtils.java:logGet(44)) - raft.server.rpc.timeout.max = 5200ms (custom)
2021-05-21 14:31:44,176 [pool-339-thread-1] INFO  server.RaftServerConfigKeys (ConfUtils.java:logGet(44)) - raft.server.rpc.sleep.time = 25ms (default)
2021-05-21 14:31:44,176 [pool-339-thread-1] INFO  server.RaftServerConfigKeys (ConfUtils.java:logGet(44)) - raft.server.rpc.slowness.timeout = 300s (custom)
2021-05-21 14:31:44,176 [pool-339-thread-1] INFO  server.RaftServerConfigKeys (ConfUtils.java:logGet(44)) - raft.server.leaderelection.leader.step-down.wait-time = 10s (default)
2021-05-21 14:31:44,177 [pool-339-thread-1] INFO  server.RaftServerConfigKeys (ConfUtils.java:logGet(44)) - raft.server.sleep.deviation.threshold = 300ms (default)
2021-05-21 14:31:44,177 [pool-339-thread-1] INFO  server.RaftServerConfigKeys (ConfUtils.java:logGet(44)) - raft.server.log.appender.install.snapshot.enabled = false (custom)
2021-05-21 14:31:44,177 [pool-339-thread-1] INFO  server.RaftServer$Division (ServerState.java:<init>(105)) - fe5d1211-9335-469c-958f-8182ca4380cf@group-BDCF5B22EAA5: ConfigurationManager, init=-1: [fe5d1211-9335-469c-958f-8182ca4380cf|rpc:172.17.0.2:40647|priority:1], old=null, confs=<EMPTY_MAP>
2021-05-21 14:31:44,177 [pool-339-thread-1] INFO  server.RaftServerConfigKeys (ConfUtils.java:logGet(44)) - raft.server.storage.dir = [/github/workspace/mnt/ozone/hadoop-ozone/integration-test/target/test-dir/MiniOzoneClusterImpl-22464894-f501-479f-ae18-3fb6cdd505c4/datanode-3/data/ratis] (custom)
2021-05-21 14:31:44,177 [pool-339-thread-1] INFO  server.RaftServerConfigKeys (ConfUtils.java:logGet(44)) - raft.server.log.corruption.policy = EXCEPTION (default)
2021-05-21 14:31:44,178 [pool-339-thread-1] INFO  storage.RaftStorageDirectory (RaftStorageDirectoryImpl.java:analyzeStorage(132)) - The storage directory /github/workspace/mnt/ozone/hadoop-ozone/integration-test/target/test-dir/MiniOzoneClusterImpl-22464894-f501-479f-ae18-3fb6cdd505c4/datanode-3/data/ratis/1e9b9852-7ad6-4ac5-b92a-bdcf5b22eaa5 does not exist. Creating ...
2021-05-21 14:31:44,179 [pool-339-thread-1] INFO  storage.RaftStorageDirectory (RaftStorageDirectoryImpl.java:tryLock(215)) - Lock on /github/workspace/mnt/ozone/hadoop-ozone/integration-test/target/test-dir/MiniOzoneClusterImpl-22464894-f501-479f-ae18-3fb6cdd505c4/datanode-3/data/ratis/1e9b9852-7ad6-4ac5-b92a-bdcf5b22eaa5/in_use.lock acquired by nodename 4736@b766c8128f74
2021-05-21 14:31:44,181 [pool-339-thread-1] INFO  storage.RaftStorage (RaftStorageImpl.java:format(87)) - Storage directory /github/workspace/mnt/ozone/hadoop-ozone/integration-test/target/test-dir/MiniOzoneClusterImpl-22464894-f501-479f-ae18-3fb6cdd505c4/datanode-3/data/ratis/1e9b9852-7ad6-4ac5-b92a-bdcf5b22eaa5 has been successfully formatted.
2021-05-21 14:31:44,181 [pool-339-thread-1] INFO  ratis.ContainerStateMachine (ContainerStateMachine.java:loadSnapshot(224)) - group-BDCF5B22EAA5: The snapshot info is null. Setting the last applied indexto:(t:0, i:~)
2021-05-21 14:31:44,182 [EventQueue-PipelineReportForOneReplicaPipelineSafeModeRule] INFO  safemode.SCMSafeModeManager (SCMSafeModeManager.java:validateSafeModeExitRules(201)) - AtleastOneDatanodeReportedRule rule is successfully validated
2021-05-21 14:31:44,182 [EventQueue-PipelineReportForPipelineReportHandler] INFO  pipeline.PipelineManagerV2Impl (PipelineManagerV2Impl.java:openPipeline(270)) - Pipeline Pipeline[ Id: 1e9b9852-7ad6-4ac5-b92a-bdcf5b22eaa5, Nodes: fe5d1211-9335-469c-958f-8182ca4380cf{ip: 172.17.0.2, host: b766c8128f74, ports: [REPLICATION=41397, RATIS=40647, RATIS_ADMIN=40647, RATIS_SERVER=40647, STANDALONE=33787], networkLocation: /default-rack, certSerialId: null, persistedOpState: IN_SERVICE, persistedOpStateExpiryEpochSec: 0}, ReplicationConfig: RATIS/ONE, State:ALLOCATED, leaderId:fe5d1211-9335-469c-958f-8182ca4380cf, CreationTimestamp2021-05-21T14:31:41.174Z] moved to OPEN state
2021-05-21 14:31:44,183 [pool-339-thread-1] INFO  server.RaftServerConfigKeys (ConfUtils.java:logGet(44)) - raft.server.notification.no-leader.timeout = 300s (custom)
2021-05-21 14:31:44,183 [pool-339-thread-1] INFO  server.RaftServerConfigKeys (ConfUtils.java:logGet(44)) - raft.server.log.use.memory = false (default)
2021-05-21 14:31:44,183 [EventQueue-OpenPipelineForHealthyPipelineSafeModeRule] INFO  safemode.SCMSafeModeManager (HealthyPipelineSafeModeRule.java:process(130)) - SCM in safe mode. Healthy pipelines reported count is 0, required healthy pipeline reported count is 1
2021-05-21 14:31:44,183 [pool-339-thread-1] INFO  server.RaftServerConfigKeys (ConfUtils.java:logGet(44)) - raft.server.log.purge.gap = 1000000 (custom)
2021-05-21 14:31:44,184 [pool-339-thread-1] INFO  server.RaftServerConfigKeys (ConfUtils.java:logGet(44)) - raft.server.log.appender.buffer.byte-limit = 33554432 (custom)
2021-05-21 14:31:44,184 [pool-339-thread-1] INFO  metrics.RatisMetrics (RatisMetrics.java:lambda$create$0(36)) - Creating Metrics Registry : ratis.log_worker.fe5d1211-9335-469c-958f-8182ca4380cf@group-BDCF5B22EAA5
2021-05-21 14:31:44,185 [pool-339-thread-1] INFO  server.RaftServerConfigKeys (ConfUtils.java:logGet(44)) - raft.server.log.segment.size.max = 1048576 (custom)
2021-05-21 14:31:44,185 [pool-339-thread-1] INFO  server.RaftServerConfigKeys (ConfUtils.java:logGet(44)) - raft.server.log.segment.cache.num.max = 2 (custom)
2021-05-21 14:31:44,185 [pool-339-thread-1] INFO  server.RaftServerConfigKeys (ConfUtils.java:logGet(44)) - raft.server.log.segment.cache.size.max = 200MB (=209715200) (default)
2021-05-21 14:31:44,185 [pool-339-thread-1] INFO  segmented.SegmentedRaftLogWorker (SegmentedRaftLogWorker.java:<init>(182)) - new fe5d1211-9335-469c-958f-8182ca4380cf@group-BDCF5B22EAA5-SegmentedRaftLogWorker for RaftStorageImpl:Storage Directory /github/workspace/mnt/ozone/hadoop-ozone/integration-test/target/test-dir/MiniOzoneClusterImpl-22464894-f501-479f-ae18-3fb6cdd505c4/datanode-3/data/ratis/1e9b9852-7ad6-4ac5-b92a-bdcf5b22eaa5
2021-05-21 14:31:44,186 [pool-339-thread-1] INFO  server.RaftServerConfigKeys (ConfUtils.java:logGet(44)) - raft.server.log.queue.byte-limit = 2147483647 (custom)
2021-05-21 14:31:44,186 [pool-339-thread-1] INFO  server.RaftServerConfigKeys (ConfUtils.java:logGet(44)) - raft.server.log.queue.element-limit = 1024 (custom)
2021-05-21 14:31:44,186 [pool-339-thread-1] INFO  server.RaftServerConfigKeys (ConfUtils.java:logGet(44)) - raft.server.log.segment.size.max = 1048576 (custom)
2021-05-21 14:31:44,186 [pool-339-thread-1] INFO  server.RaftServerConfigKeys (ConfUtils.java:logGet(44)) - raft.server.log.preallocated.size = 16384 (custom)
2021-05-21 14:31:44,186 [pool-339-thread-1] INFO  server.RaftServerConfigKeys (ConfUtils.java:logGet(44)) - raft.server.log.force.sync.num = 128 (default)
2021-05-21 14:31:44,186 [pool-339-thread-1] INFO  server.RaftServerConfigKeys (ConfUtils.java:logGet(44)) - raft.server.log.statemachine.data.sync = true (default)
2021-05-21 14:31:44,186 [pool-339-thread-1] INFO  server.RaftServerConfigKeys (ConfUtils.java:logGet(44)) - raft.server.log.statemachine.data.sync.timeout = 10s (default)
2021-05-21 14:31:44,186 [pool-339-thread-1] INFO  server.RaftServerConfigKeys (ConfUtils.java:logGet(44)) - raft.server.log.statemachine.data.sync.timeout.retry = -1 (default)
2021-05-21 14:31:44,187 [pool-339-thread-1] INFO  server.RaftServerConfigKeys (ConfUtils.java:logGet(44)) - raft.server.log.write.buffer.size = 1048576 (custom)
2021-05-21 14:31:44,188 [pool-339-thread-1] INFO  server.RaftServerConfigKeys (ConfUtils.java:logGet(44)) - raft.server.log.statemachine.data.caching.enabled = true (custom)
2021-05-21 14:31:44,188 [pool-339-thread-1] INFO  segmented.SegmentedRaftLogWorker (SegmentedRaftLogWorker.java:lambda$new$0(133)) - fe5d1211-9335-469c-958f-8182ca4380cf@group-BDCF5B22EAA5-SegmentedRaftLogWorker: flushIndex: setUnconditionally 0 -> -1
2021-05-21 14:31:44,188 [pool-339-thread-1] INFO  segmented.SegmentedRaftLogWorker (SegmentedRaftLogWorker.java:lambda$new$0(133)) - fe5d1211-9335-469c-958f-8182ca4380cf@group-BDCF5B22EAA5-SegmentedRaftLogWorker: safeCacheEvictIndex: setUnconditionally 0 -> -1
2021-05-21 14:31:44,189 [pool-339-thread-1] INFO  server.RaftServerConfigKeys (ConfUtils.java:logGet(44)) - raft.server.snapshot.auto.trigger.enabled = true (custom)
2021-05-21 14:31:44,189 [pool-339-thread-1] INFO  server.RaftServerConfigKeys (ConfUtils.java:logGet(44)) - raft.server.snapshot.auto.trigger.threshold = 10000 (custom)
2021-05-21 14:31:44,189 [pool-339-thread-1] INFO  server.RaftServerConfigKeys (ConfUtils.java:logGet(44)) - raft.server.snapshot.retention.file.num = 5 (custom)
2021-05-21 14:31:44,189 [pool-339-thread-1] INFO  server.RaftServerConfigKeys (ConfUtils.java:logGet(44)) - raft.server.log.purge.upto.snapshot.index = false (default)
2021-05-21 14:31:44,189 [pool-339-thread-1] INFO  server.RaftServerConfigKeys (ConfUtils.java:logGet(44)) - raft.server.retrycache.expirytime = 600000ms (custom)
2021-05-21 14:31:44,189 [pool-339-thread-1] INFO  server.RaftServerConfigKeys (ConfUtils.java:logGet(44)) - raft.server.retrycache.statistics.expirytime = 100?s (default)
2021-05-21 14:31:44,189 [pool-339-thread-1] INFO  metrics.RatisMetrics (RatisMetrics.java:lambda$create$0(36)) - Creating Metrics Registry : ratis.leader_election.fe5d1211-9335-469c-958f-8182ca4380cf@group-BDCF5B22EAA5
2021-05-21 14:31:44,189 [pool-339-thread-1] INFO  metrics.RatisMetrics (RatisMetrics.java:lambda$create$0(36)) - Creating Metrics Registry : ratis.server.fe5d1211-9335-469c-958f-8182ca4380cf@group-BDCF5B22EAA5
2021-05-21 14:31:44,190 [pool-339-thread-1] INFO  server.RaftServer$Division (RaftServerImpl.java:start(295)) - fe5d1211-9335-469c-958f-8182ca4380cf@group-BDCF5B22EAA5: start as a follower, conf=-1: [fe5d1211-9335-469c-958f-8182ca4380cf|rpc:172.17.0.2:40647|priority:1], old=null
2021-05-21 14:31:44,190 [pool-339-thread-1] INFO  server.RaftServer$Division (RaftServerImpl.java:setRole(284)) - fe5d1211-9335-469c-958f-8182ca4380cf@group-BDCF5B22EAA5: changes role from      null to FOLLOWER at term 0 for startAsFollower
2021-05-21 14:31:44,191 [pool-339-thread-1] INFO  impl.RoleInfo (RoleInfo.java:updateAndGet(130)) - fe5d1211-9335-469c-958f-8182ca4380cf: start fe5d1211-9335-469c-958f-8182ca4380cf@group-BDCF5B22EAA5-FollowerState
2021-05-21 14:31:44,191 [pool-339-thread-1] INFO  util.JmxRegister (JmxRegister.java:tryRegister(44)) - Successfully registered JMX Bean with object name Ratis:service=RaftServer,group=group-BDCF5B22EAA5,id=fe5d1211-9335-469c-958f-8182ca4380cf
2021-05-21 14:31:44,191 [pool-339-thread-1] INFO  metrics.RatisMetrics (RatisMetrics.java:lambda$create$0(36)) - Creating Metrics Registry : ratis.state_machine.fe5d1211-9335-469c-958f-8182ca4380cf@group-BDCF5B22EAA5
2021-05-21 14:31:44,192 [Command processor thread] INFO  ratis.XceiverServerRatis (XceiverServerRatis.java:addGroup(808)) - Created group PipelineID=1e9b9852-7ad6-4ac5-b92a-bdcf5b22eaa5
2021-05-21 14:31:44,192 [Command processor thread] INFO  commandhandler.CreatePipelineCommandHandler (CreatePipelineCommandHandler.java:handle(106)) - Created Pipeline RATIS ONE PipelineID=1e9b9852-7ad6-4ac5-b92a-bdcf5b22eaa5.
2021-05-21 14:31:44,192 [Command processor thread] INFO  server.RaftServer (RaftServerProxy.java:addNew(95)) - fe5d1211-9335-469c-958f-8182ca4380cf: addNew group-A6456F420DE7:[813e8fa6-b95f-4599-bf2c-d00dca9e2ee3|rpc:172.17.0.2:43595|priority:1, fe5d1211-9335-469c-958f-8182ca4380cf|rpc:172.17.0.2:40647|priority:0, 1b7a9f1a-9a61-4565-a67b-2de79fff2a8e|rpc:172.17.0.2:36135|priority:0] returns group-A6456F420DE7:java.util.concurrent.CompletableFuture@edc6730[Not completed]
2021-05-21 14:31:44,193 [pool-339-thread-1] INFO  server.RaftServer$Division (RaftServerImpl.java:<init>(180)) - fe5d1211-9335-469c-958f-8182ca4380cf: new RaftServerImpl for group-A6456F420DE7:[813e8fa6-b95f-4599-bf2c-d00dca9e2ee3|rpc:172.17.0.2:43595|priority:1, fe5d1211-9335-469c-958f-8182ca4380cf|rpc:172.17.0.2:40647|priority:0, 1b7a9f1a-9a61-4565-a67b-2de79fff2a8e|rpc:172.17.0.2:36135|priority:0] with ContainerStateMachine:uninitialized
2021-05-21 14:31:44,193 [pool-339-thread-1] INFO  server.RaftServerConfigKeys (ConfUtils.java:logGet(44)) - raft.server.rpc.timeout.min = 5s (custom)
2021-05-21 14:31:44,193 [pool-339-thread-1] INFO  server.RaftServerConfigKeys (ConfUtils.java:logGet(44)) - raft.server.rpc.timeout.max = 5200ms (custom)
2021-05-21 14:31:44,193 [pool-339-thread-1] INFO  server.RaftServerConfigKeys (ConfUtils.java:logGet(44)) - raft.server.rpc.sleep.time = 25ms (default)
2021-05-21 14:31:44,193 [pool-339-thread-1] INFO  server.RaftServerConfigKeys (ConfUtils.java:logGet(44)) - raft.server.rpc.slowness.timeout = 300s (custom)
2021-05-21 14:31:44,193 [pool-339-thread-1] INFO  server.RaftServerConfigKeys (ConfUtils.java:logGet(44)) - raft.server.leaderelection.leader.step-down.wait-time = 10s (default)
2021-05-21 14:31:44,193 [pool-339-thread-1] INFO  server.RaftServerConfigKeys (ConfUtils.java:logGet(44)) - raft.server.sleep.deviation.threshold = 300ms (default)
2021-05-21 14:31:44,193 [pool-339-thread-1] INFO  server.RaftServerConfigKeys (ConfUtils.java:logGet(44)) - raft.server.log.appender.install.snapshot.enabled = false (custom)
2021-05-21 14:31:44,193 [pool-339-thread-1] INFO  server.RaftServer$Division (ServerState.java:<init>(105)) - fe5d1211-9335-469c-958f-8182ca4380cf@group-A6456F420DE7: ConfigurationManager, init=-1: [813e8fa6-b95f-4599-bf2c-d00dca9e2ee3|rpc:172.17.0.2:43595|priority:1, fe5d1211-9335-469c-958f-8182ca4380cf|rpc:172.17.0.2:40647|priority:0, 1b7a9f1a-9a61-4565-a67b-2de79fff2a8e|rpc:172.17.0.2:36135|priority:0], old=null, confs=<EMPTY_MAP>
2021-05-21 14:31:44,193 [pool-339-thread-1] INFO  server.RaftServerConfigKeys (ConfUtils.java:logGet(44)) - raft.server.storage.dir = [/github/workspace/mnt/ozone/hadoop-ozone/integration-test/target/test-dir/MiniOzoneClusterImpl-22464894-f501-479f-ae18-3fb6cdd505c4/datanode-3/data/ratis] (custom)
2021-05-21 14:31:44,193 [pool-339-thread-1] INFO  server.RaftServerConfigKeys (ConfUtils.java:logGet(44)) - raft.server.log.corruption.policy = EXCEPTION (default)
2021-05-21 14:31:44,193 [pool-339-thread-1] INFO  storage.RaftStorageDirectory (RaftStorageDirectoryImpl.java:analyzeStorage(132)) - The storage directory /github/workspace/mnt/ozone/hadoop-ozone/integration-test/target/test-dir/MiniOzoneClusterImpl-22464894-f501-479f-ae18-3fb6cdd505c4/datanode-3/data/ratis/111fc486-be15-40a3-a63d-a6456f420de7 does not exist. Creating ...
2021-05-21 14:31:44,194 [pool-339-thread-1] INFO  storage.RaftStorageDirectory (RaftStorageDirectoryImpl.java:tryLock(215)) - Lock on /github/workspace/mnt/ozone/hadoop-ozone/integration-test/target/test-dir/MiniOzoneClusterImpl-22464894-f501-479f-ae18-3fb6cdd505c4/datanode-3/data/ratis/111fc486-be15-40a3-a63d-a6456f420de7/in_use.lock acquired by nodename 4736@b766c8128f74
2021-05-21 14:31:44,195 [pool-339-thread-1] INFO  storage.RaftStorage (RaftStorageImpl.java:format(87)) - Storage directory /github/workspace/mnt/ozone/hadoop-ozone/integration-test/target/test-dir/MiniOzoneClusterImpl-22464894-f501-479f-ae18-3fb6cdd505c4/datanode-3/data/ratis/111fc486-be15-40a3-a63d-a6456f420de7 has been successfully formatted.
2021-05-21 14:31:44,197 [EventQueue-PipelineReportForOneReplicaPipelineSafeModeRule] INFO  safemode.SCMSafeModeManager (SCMSafeModeManager.java:validateSafeModeExitRules(201)) - AtleastOneDatanodeReportedRule rule is successfully validated
2021-05-21 14:31:44,197 [EventQueue-OpenPipelineForHealthyPipelineSafeModeRule] INFO  safemode.SCMSafeModeManager (HealthyPipelineSafeModeRule.java:process(130)) - SCM in safe mode. Healthy pipelines reported count is 0, required healthy pipeline reported count is 1
2021-05-21 14:31:44,197 [pool-339-thread-1] INFO  ratis.ContainerStateMachine (ContainerStateMachine.java:loadSnapshot(224)) - group-A6456F420DE7: The snapshot info is null. Setting the last applied indexto:(t:0, i:~)
2021-05-21 14:31:44,197 [pool-339-thread-1] INFO  server.RaftServerConfigKeys (ConfUtils.java:logGet(44)) - raft.server.notification.no-leader.timeout = 300s (custom)
2021-05-21 14:31:44,197 [pool-339-thread-1] INFO  server.RaftServerConfigKeys (ConfUtils.java:logGet(44)) - raft.server.log.use.memory = false (default)
2021-05-21 14:31:44,197 [pool-339-thread-1] INFO  server.RaftServerConfigKeys (ConfUtils.java:logGet(44)) - raft.server.log.purge.gap = 1000000 (custom)
2021-05-21 14:31:44,197 [pool-339-thread-1] INFO  server.RaftServerConfigKeys (ConfUtils.java:logGet(44)) - raft.server.log.appender.buffer.byte-limit = 33554432 (custom)
2021-05-21 14:31:44,198 [pool-339-thread-1] INFO  metrics.RatisMetrics (RatisMetrics.java:lambda$create$0(36)) - Creating Metrics Registry : ratis.log_worker.fe5d1211-9335-469c-958f-8182ca4380cf@group-A6456F420DE7
2021-05-21 14:31:44,198 [pool-339-thread-1] INFO  server.RaftServerConfigKeys (ConfUtils.java:logGet(44)) - raft.server.log.segment.size.max = 1048576 (custom)
2021-05-21 14:31:44,198 [pool-339-thread-1] INFO  server.RaftServerConfigKeys (ConfUtils.java:logGet(44)) - raft.server.log.segment.cache.num.max = 2 (custom)
2021-05-21 14:31:44,198 [pool-339-thread-1] INFO  server.RaftServerConfigKeys (ConfUtils.java:logGet(44)) - raft.server.log.segment.cache.size.max = 200MB (=209715200) (default)
2021-05-21 14:31:44,198 [pool-339-thread-1] INFO  segmented.SegmentedRaftLogWorker (SegmentedRaftLogWorker.java:<init>(182)) - new fe5d1211-9335-469c-958f-8182ca4380cf@group-A6456F420DE7-SegmentedRaftLogWorker for RaftStorageImpl:Storage Directory /github/workspace/mnt/ozone/hadoop-ozone/integration-test/target/test-dir/MiniOzoneClusterImpl-22464894-f501-479f-ae18-3fb6cdd505c4/datanode-3/data/ratis/111fc486-be15-40a3-a63d-a6456f420de7
2021-05-21 14:31:44,198 [pool-339-thread-1] INFO  server.RaftServerConfigKeys (ConfUtils.java:logGet(44)) - raft.server.log.queue.byte-limit = 2147483647 (custom)
2021-05-21 14:31:44,198 [pool-339-thread-1] INFO  server.RaftServerConfigKeys (ConfUtils.java:logGet(44)) - raft.server.log.queue.element-limit = 1024 (custom)
2021-05-21 14:31:44,199 [pool-339-thread-1] INFO  server.RaftServerConfigKeys (ConfUtils.java:logGet(44)) - raft.server.log.segment.size.max = 1048576 (custom)
2021-05-21 14:31:44,199 [pool-339-thread-1] INFO  server.RaftServerConfigKeys (ConfUtils.java:logGet(44)) - raft.server.log.preallocated.size = 16384 (custom)
2021-05-21 14:31:44,199 [pool-339-thread-1] INFO  server.RaftServerConfigKeys (ConfUtils.java:logGet(44)) - raft.server.log.force.sync.num = 128 (default)
2021-05-21 14:31:44,199 [pool-339-thread-1] INFO  server.RaftServerConfigKeys (ConfUtils.java:logGet(44)) - raft.server.log.statemachine.data.sync = true (default)
2021-05-21 14:31:44,199 [pool-339-thread-1] INFO  server.RaftServerConfigKeys (ConfUtils.java:logGet(44)) - raft.server.log.statemachine.data.sync.timeout = 10s (default)
2021-05-21 14:31:44,199 [pool-339-thread-1] INFO  server.RaftServerConfigKeys (ConfUtils.java:logGet(44)) - raft.server.log.statemachine.data.sync.timeout.retry = -1 (default)
2021-05-21 14:31:44,200 [pool-339-thread-1] INFO  server.RaftServerConfigKeys (ConfUtils.java:logGet(44)) - raft.server.log.write.buffer.size = 1048576 (custom)
2021-05-21 14:31:44,201 [pool-339-thread-1] INFO  server.RaftServerConfigKeys (ConfUtils.java:logGet(44)) - raft.server.log.statemachine.data.caching.enabled = true (custom)
2021-05-21 14:31:44,201 [pool-339-thread-1] INFO  segmented.SegmentedRaftLogWorker (SegmentedRaftLogWorker.java:lambda$new$0(133)) - fe5d1211-9335-469c-958f-8182ca4380cf@group-A6456F420DE7-SegmentedRaftLogWorker: flushIndex: setUnconditionally 0 -> -1
2021-05-21 14:31:44,201 [pool-339-thread-1] INFO  segmented.SegmentedRaftLogWorker (SegmentedRaftLogWorker.java:lambda$new$0(133)) - fe5d1211-9335-469c-958f-8182ca4380cf@group-A6456F420DE7-SegmentedRaftLogWorker: safeCacheEvictIndex: setUnconditionally 0 -> -1
2021-05-21 14:31:44,204 [pool-339-thread-1] INFO  server.RaftServerConfigKeys (ConfUtils.java:logGet(44)) - raft.server.snapshot.auto.trigger.enabled = true (custom)
2021-05-21 14:31:44,205 [pool-339-thread-1] INFO  server.RaftServerConfigKeys (ConfUtils.java:logGet(44)) - raft.server.snapshot.auto.trigger.threshold = 10000 (custom)
2021-05-21 14:31:44,205 [pool-339-thread-1] INFO  server.RaftServerConfigKeys (ConfUtils.java:logGet(44)) - raft.server.snapshot.retention.file.num = 5 (custom)
2021-05-21 14:31:44,205 [pool-339-thread-1] INFO  server.RaftServerConfigKeys (ConfUtils.java:logGet(44)) - raft.server.log.purge.upto.snapshot.index = false (default)
2021-05-21 14:31:44,205 [pool-339-thread-1] INFO  server.RaftServerConfigKeys (ConfUtils.java:logGet(44)) - raft.server.retrycache.expirytime = 600000ms (custom)
2021-05-21 14:31:44,205 [pool-339-thread-1] INFO  server.RaftServerConfigKeys (ConfUtils.java:logGet(44)) - raft.server.retrycache.statistics.expirytime = 100?s (default)
2021-05-21 14:31:44,206 [pool-339-thread-1] INFO  metrics.RatisMetrics (RatisMetrics.java:lambda$create$0(36)) - Creating Metrics Registry : ratis.leader_election.fe5d1211-9335-469c-958f-8182ca4380cf@group-A6456F420DE7
2021-05-21 14:31:44,206 [pool-339-thread-1] INFO  metrics.RatisMetrics (RatisMetrics.java:lambda$create$0(36)) - Creating Metrics Registry : ratis.server.fe5d1211-9335-469c-958f-8182ca4380cf@group-A6456F420DE7
2021-05-21 14:31:44,207 [pool-339-thread-1] INFO  server.RaftServer$Division (RaftServerImpl.java:start(295)) - fe5d1211-9335-469c-958f-8182ca4380cf@group-A6456F420DE7: start as a follower, conf=-1: [813e8fa6-b95f-4599-bf2c-d00dca9e2ee3|rpc:172.17.0.2:43595|priority:1, fe5d1211-9335-469c-958f-8182ca4380cf|rpc:172.17.0.2:40647|priority:0, 1b7a9f1a-9a61-4565-a67b-2de79fff2a8e|rpc:172.17.0.2:36135|priority:0], old=null
2021-05-21 14:31:44,207 [pool-339-thread-1] INFO  server.RaftServer$Division (RaftServerImpl.java:setRole(284)) - fe5d1211-9335-469c-958f-8182ca4380cf@group-A6456F420DE7: changes role from      null to FOLLOWER at term 0 for startAsFollower
2021-05-21 14:31:44,207 [pool-339-thread-1] INFO  impl.RoleInfo (RoleInfo.java:updateAndGet(130)) - fe5d1211-9335-469c-958f-8182ca4380cf: start fe5d1211-9335-469c-958f-8182ca4380cf@group-A6456F420DE7-FollowerState
2021-05-21 14:31:44,208 [pool-339-thread-1] INFO  util.JmxRegister (JmxRegister.java:tryRegister(44)) - Successfully registered JMX Bean with object name Ratis:service=RaftServer,group=group-A6456F420DE7,id=fe5d1211-9335-469c-958f-8182ca4380cf
2021-05-21 14:31:44,208 [pool-339-thread-1] INFO  metrics.RatisMetrics (RatisMetrics.java:lambda$create$0(36)) - Creating Metrics Registry : ratis.state_machine.fe5d1211-9335-469c-958f-8182ca4380cf@group-A6456F420DE7
2021-05-21 14:31:44,208 [Command processor thread] INFO  ratis.XceiverServerRatis (XceiverServerRatis.java:addGroup(808)) - Created group PipelineID=111fc486-be15-40a3-a63d-a6456f420de7
2021-05-21 14:31:44,210 [Command processor thread] INFO  metrics.RatisMetrics (RatisMetrics.java:lambda$create$0(36)) - Creating Metrics Registry : ratis.client_message_metrics.client-6F2D31BDB323->1b7a9f1a-9a61-4565-a67b-2de79fff2a8e
2021-05-21 14:31:44,216 [grpc-default-executor-0] INFO  metrics.RatisMetrics (RatisMetrics.java:lambda$create$0(36)) - Creating Metrics Registry : ratis.server_message_metrics.1b7a9f1a-9a61-4565-a67b-2de79fff2a8e
2021-05-21 14:31:44,219 [grpc-default-executor-0] INFO  server.RaftServer (RaftServerProxy.java:addNew(95)) - 1b7a9f1a-9a61-4565-a67b-2de79fff2a8e: addNew group-A6456F420DE7:[813e8fa6-b95f-4599-bf2c-d00dca9e2ee3|rpc:172.17.0.2:43595|dataStream:|priority:1, fe5d1211-9335-469c-958f-8182ca4380cf|rpc:172.17.0.2:40647|dataStream:|priority:0, 1b7a9f1a-9a61-4565-a67b-2de79fff2a8e|rpc:172.17.0.2:36135|dataStream:|priority:0] returns group-A6456F420DE7:java.util.concurrent.CompletableFuture@4df48300[Not completed]
2021-05-21 14:31:44,220 [pool-375-thread-1] INFO  server.RaftServer$Division (RaftServerImpl.java:<init>(180)) - 1b7a9f1a-9a61-4565-a67b-2de79fff2a8e: new RaftServerImpl for group-A6456F420DE7:[813e8fa6-b95f-4599-bf2c-d00dca9e2ee3|rpc:172.17.0.2:43595|dataStream:|priority:1, fe5d1211-9335-469c-958f-8182ca4380cf|rpc:172.17.0.2:40647|dataStream:|priority:0, 1b7a9f1a-9a61-4565-a67b-2de79fff2a8e|rpc:172.17.0.2:36135|dataStream:|priority:0] with ContainerStateMachine:uninitialized
2021-05-21 14:31:44,220 [pool-375-thread-1] INFO  server.RaftServerConfigKeys (ConfUtils.java:logGet(44)) - raft.server.rpc.timeout.min = 5s (custom)
2021-05-21 14:31:44,220 [pool-375-thread-1] INFO  server.RaftServerConfigKeys (ConfUtils.java:logGet(44)) - raft.server.rpc.timeout.max = 5200ms (custom)
2021-05-21 14:31:44,220 [pool-375-thread-1] INFO  server.RaftServerConfigKeys (ConfUtils.java:logGet(44)) - raft.server.rpc.sleep.time = 25ms (default)
2021-05-21 14:31:44,221 [pool-375-thread-1] INFO  server.RaftServerConfigKeys (ConfUtils.java:logGet(44)) - raft.server.rpc.slowness.timeout = 300s (custom)
2021-05-21 14:31:44,221 [pool-375-thread-1] INFO  server.RaftServerConfigKeys (ConfUtils.java:logGet(44)) - raft.server.leaderelection.leader.step-down.wait-time = 10s (default)
2021-05-21 14:31:44,221 [pool-375-thread-1] INFO  server.RaftServerConfigKeys (ConfUtils.java:logGet(44)) - raft.server.sleep.deviation.threshold = 300ms (default)
2021-05-21 14:31:44,221 [pool-375-thread-1] INFO  server.RaftServerConfigKeys (ConfUtils.java:logGet(44)) - raft.server.log.appender.install.snapshot.enabled = false (custom)
2021-05-21 14:31:44,221 [pool-375-thread-1] INFO  server.RaftServer$Division (ServerState.java:<init>(105)) - 1b7a9f1a-9a61-4565-a67b-2de79fff2a8e@group-A6456F420DE7: ConfigurationManager, init=-1: [813e8fa6-b95f-4599-bf2c-d00dca9e2ee3|rpc:172.17.0.2:43595|dataStream:|priority:1, fe5d1211-9335-469c-958f-8182ca4380cf|rpc:172.17.0.2:40647|dataStream:|priority:0, 1b7a9f1a-9a61-4565-a67b-2de79fff2a8e|rpc:172.17.0.2:36135|dataStream:|priority:0], old=null, confs=<EMPTY_MAP>
2021-05-21 14:31:44,221 [pool-375-thread-1] INFO  server.RaftServerConfigKeys (ConfUtils.java:logGet(44)) - raft.server.storage.dir = [/github/workspace/mnt/ozone/hadoop-ozone/integration-test/target/test-dir/MiniOzoneClusterImpl-22464894-f501-479f-ae18-3fb6cdd505c4/datanode-5/data/ratis] (custom)
2021-05-21 14:31:44,221 [pool-375-thread-1] INFO  server.RaftServerConfigKeys (ConfUtils.java:logGet(44)) - raft.server.log.corruption.policy = EXCEPTION (default)
2021-05-21 14:31:44,221 [pool-375-thread-1] INFO  storage.RaftStorageDirectory (RaftStorageDirectoryImpl.java:analyzeStorage(132)) - The storage directory /github/workspace/mnt/ozone/hadoop-ozone/integration-test/target/test-dir/MiniOzoneClusterImpl-22464894-f501-479f-ae18-3fb6cdd505c4/datanode-5/data/ratis/111fc486-be15-40a3-a63d-a6456f420de7 does not exist. Creating ...
2021-05-21 14:31:44,223 [pool-375-thread-1] INFO  storage.RaftStorageDirectory (RaftStorageDirectoryImpl.java:tryLock(215)) - Lock on /github/workspace/mnt/ozone/hadoop-ozone/integration-test/target/test-dir/MiniOzoneClusterImpl-22464894-f501-479f-ae18-3fb6cdd505c4/datanode-5/data/ratis/111fc486-be15-40a3-a63d-a6456f420de7/in_use.lock acquired by nodename 4736@b766c8128f74
2021-05-21 14:31:44,224 [pool-375-thread-1] INFO  storage.RaftStorage (RaftStorageImpl.java:format(87)) - Storage directory /github/workspace/mnt/ozone/hadoop-ozone/integration-test/target/test-dir/MiniOzoneClusterImpl-22464894-f501-479f-ae18-3fb6cdd505c4/datanode-5/data/ratis/111fc486-be15-40a3-a63d-a6456f420de7 has been successfully formatted.
2021-05-21 14:31:44,224 [pool-375-thread-1] INFO  ratis.ContainerStateMachine (ContainerStateMachine.java:loadSnapshot(224)) - group-A6456F420DE7: The snapshot info is null. Setting the last applied indexto:(t:0, i:~)
2021-05-21 14:31:44,224 [pool-375-thread-1] INFO  server.RaftServerConfigKeys (ConfUtils.java:logGet(44)) - raft.server.notification.no-leader.timeout = 300s (custom)
2021-05-21 14:31:44,225 [pool-375-thread-1] INFO  server.RaftServerConfigKeys (ConfUtils.java:logGet(44)) - raft.server.log.use.memory = false (default)
2021-05-21 14:31:44,225 [EventQueue-PipelineReportForOneReplicaPipelineSafeModeRule] INFO  safemode.SCMSafeModeManager (SCMSafeModeManager.java:validateSafeModeExitRules(201)) - AtleastOneDatanodeReportedRule rule is successfully validated
2021-05-21 14:31:44,225 [pool-375-thread-1] INFO  server.RaftServerConfigKeys (ConfUtils.java:logGet(44)) - raft.server.log.purge.gap = 1000000 (custom)
2021-05-21 14:31:44,225 [pool-375-thread-1] INFO  server.RaftServerConfigKeys (ConfUtils.java:logGet(44)) - raft.server.log.appender.buffer.byte-limit = 33554432 (custom)
2021-05-21 14:31:44,226 [pool-375-thread-1] INFO  metrics.RatisMetrics (RatisMetrics.java:lambda$create$0(36)) - Creating Metrics Registry : ratis.log_worker.1b7a9f1a-9a61-4565-a67b-2de79fff2a8e@group-A6456F420DE7
2021-05-21 14:31:44,227 [pool-375-thread-1] INFO  server.RaftServerConfigKeys (ConfUtils.java:logGet(44)) - raft.server.log.segment.size.max = 1048576 (custom)
2021-05-21 14:31:44,227 [pool-375-thread-1] INFO  server.RaftServerConfigKeys (ConfUtils.java:logGet(44)) - raft.server.log.segment.cache.num.max = 2 (custom)
2021-05-21 14:31:44,227 [pool-375-thread-1] INFO  server.RaftServerConfigKeys (ConfUtils.java:logGet(44)) - raft.server.log.segment.cache.size.max = 200MB (=209715200) (default)
2021-05-21 14:31:44,228 [pool-375-thread-1] INFO  segmented.SegmentedRaftLogWorker (SegmentedRaftLogWorker.java:<init>(182)) - new 1b7a9f1a-9a61-4565-a67b-2de79fff2a8e@group-A6456F420DE7-SegmentedRaftLogWorker for RaftStorageImpl:Storage Directory /github/workspace/mnt/ozone/hadoop-ozone/integration-test/target/test-dir/MiniOzoneClusterImpl-22464894-f501-479f-ae18-3fb6cdd505c4/datanode-5/data/ratis/111fc486-be15-40a3-a63d-a6456f420de7
2021-05-21 14:31:44,228 [pool-375-thread-1] INFO  server.RaftServerConfigKeys (ConfUtils.java:logGet(44)) - raft.server.log.queue.byte-limit = 2147483647 (custom)
2021-05-21 14:31:44,228 [pool-375-thread-1] INFO  server.RaftServerConfigKeys (ConfUtils.java:logGet(44)) - raft.server.log.queue.element-limit = 1024 (custom)
2021-05-21 14:31:44,228 [pool-375-thread-1] INFO  server.RaftServerConfigKeys (ConfUtils.java:logGet(44)) - raft.server.log.segment.size.max = 1048576 (custom)
2021-05-21 14:31:44,228 [pool-375-thread-1] INFO  server.RaftServerConfigKeys (ConfUtils.java:logGet(44)) - raft.server.log.preallocated.size = 16384 (custom)
2021-05-21 14:31:44,228 [pool-375-thread-1] INFO  server.RaftServerConfigKeys (ConfUtils.java:logGet(44)) - raft.server.log.force.sync.num = 128 (default)
2021-05-21 14:31:44,228 [pool-375-thread-1] INFO  server.RaftServerConfigKeys (ConfUtils.java:logGet(44)) - raft.server.log.statemachine.data.sync = true (default)
2021-05-21 14:31:44,228 [pool-375-thread-1] INFO  server.RaftServerConfigKeys (ConfUtils.java:logGet(44)) - raft.server.log.statemachine.data.sync.timeout = 10s (default)
2021-05-21 14:31:44,228 [pool-375-thread-1] INFO  server.RaftServerConfigKeys (ConfUtils.java:logGet(44)) - raft.server.log.statemachine.data.sync.timeout.retry = -1 (default)
2021-05-21 14:31:44,229 [pool-375-thread-1] INFO  server.RaftServerConfigKeys (ConfUtils.java:logGet(44)) - raft.server.log.write.buffer.size = 1048576 (custom)
2021-05-21 14:31:44,230 [pool-375-thread-1] INFO  server.RaftServerConfigKeys (ConfUtils.java:logGet(44)) - raft.server.log.statemachine.data.caching.enabled = true (custom)
2021-05-21 14:31:44,232 [pool-375-thread-1] INFO  segmented.SegmentedRaftLogWorker (SegmentedRaftLogWorker.java:lambda$new$0(133)) - 1b7a9f1a-9a61-4565-a67b-2de79fff2a8e@group-A6456F420DE7-SegmentedRaftLogWorker: flushIndex: setUnconditionally 0 -> -1
2021-05-21 14:31:44,232 [pool-375-thread-1] INFO  segmented.SegmentedRaftLogWorker (SegmentedRaftLogWorker.java:lambda$new$0(133)) - 1b7a9f1a-9a61-4565-a67b-2de79fff2a8e@group-A6456F420DE7-SegmentedRaftLogWorker: safeCacheEvictIndex: setUnconditionally 0 -> -1
2021-05-21 14:31:44,232 [pool-375-thread-1] INFO  server.RaftServerConfigKeys (ConfUtils.java:logGet(44)) - raft.server.snapshot.auto.trigger.enabled = true (custom)
2021-05-21 14:31:44,233 [pool-375-thread-1] INFO  server.RaftServerConfigKeys (ConfUtils.java:logGet(44)) - raft.server.snapshot.auto.trigger.threshold = 10000 (custom)
2021-05-21 14:31:44,233 [pool-375-thread-1] INFO  server.RaftServerConfigKeys (ConfUtils.java:logGet(44)) - raft.server.snapshot.retention.file.num = 5 (custom)
2021-05-21 14:31:44,233 [pool-375-thread-1] INFO  server.RaftServerConfigKeys (ConfUtils.java:logGet(44)) - raft.server.log.purge.upto.snapshot.index = false (default)
2021-05-21 14:31:44,233 [pool-375-thread-1] INFO  server.RaftServerConfigKeys (ConfUtils.java:logGet(44)) - raft.server.retrycache.expirytime = 600000ms (custom)
2021-05-21 14:31:44,233 [pool-375-thread-1] INFO  server.RaftServerConfigKeys (ConfUtils.java:logGet(44)) - raft.server.retrycache.statistics.expirytime = 100?s (default)
2021-05-21 14:31:44,233 [pool-375-thread-1] INFO  metrics.RatisMetrics (RatisMetrics.java:lambda$create$0(36)) - Creating Metrics Registry : ratis.leader_election.1b7a9f1a-9a61-4565-a67b-2de79fff2a8e@group-A6456F420DE7
2021-05-21 14:31:44,233 [pool-375-thread-1] INFO  metrics.RatisMetrics (RatisMetrics.java:lambda$create$0(36)) - Creating Metrics Registry : ratis.server.1b7a9f1a-9a61-4565-a67b-2de79fff2a8e@group-A6456F420DE7
2021-05-21 14:31:44,235 [pool-375-thread-1] INFO  server.RaftServer$Division (RaftServerImpl.java:start(295)) - 1b7a9f1a-9a61-4565-a67b-2de79fff2a8e@group-A6456F420DE7: start as a follower, conf=-1: [813e8fa6-b95f-4599-bf2c-d00dca9e2ee3|rpc:172.17.0.2:43595|dataStream:|priority:1, fe5d1211-9335-469c-958f-8182ca4380cf|rpc:172.17.0.2:40647|dataStream:|priority:0, 1b7a9f1a-9a61-4565-a67b-2de79fff2a8e|rpc:172.17.0.2:36135|dataStream:|priority:0], old=null
2021-05-21 14:31:44,235 [pool-375-thread-1] INFO  server.RaftServer$Division (RaftServerImpl.java:setRole(284)) - 1b7a9f1a-9a61-4565-a67b-2de79fff2a8e@group-A6456F420DE7: changes role from      null to FOLLOWER at term 0 for startAsFollower
2021-05-21 14:31:44,235 [pool-375-thread-1] INFO  impl.RoleInfo (RoleInfo.java:updateAndGet(130)) - 1b7a9f1a-9a61-4565-a67b-2de79fff2a8e: start 1b7a9f1a-9a61-4565-a67b-2de79fff2a8e@group-A6456F420DE7-FollowerState
2021-05-21 14:31:44,235 [pool-375-thread-1] INFO  util.JmxRegister (JmxRegister.java:tryRegister(44)) - Successfully registered JMX Bean with object name Ratis:service=RaftServer,group=group-A6456F420DE7,id=1b7a9f1a-9a61-4565-a67b-2de79fff2a8e
2021-05-21 14:31:44,236 [pool-375-thread-1] INFO  metrics.RatisMetrics (RatisMetrics.java:lambda$create$0(36)) - Creating Metrics Registry : ratis.state_machine.1b7a9f1a-9a61-4565-a67b-2de79fff2a8e@group-A6456F420DE7
2021-05-21 14:31:44,243 [Command processor thread] INFO  metrics.RatisMetrics (RatisMetrics.java:lambda$create$0(36)) - Creating Metrics Registry : ratis.client_message_metrics.client-E9A50CBE0844->813e8fa6-b95f-4599-bf2c-d00dca9e2ee3
2021-05-21 14:31:44,254 [grpc-default-executor-0] INFO  metrics.RatisMetrics (RatisMetrics.java:lambda$create$0(36)) - Creating Metrics Registry : ratis.server_message_metrics.813e8fa6-b95f-4599-bf2c-d00dca9e2ee3
2021-05-21 14:31:44,255 [grpc-default-executor-0] INFO  server.RaftServer (RaftServerProxy.java:addNew(95)) - 813e8fa6-b95f-4599-bf2c-d00dca9e2ee3: addNew group-A6456F420DE7:[813e8fa6-b95f-4599-bf2c-d00dca9e2ee3|rpc:172.17.0.2:43595|dataStream:|priority:1, fe5d1211-9335-469c-958f-8182ca4380cf|rpc:172.17.0.2:40647|dataStream:|priority:0, 1b7a9f1a-9a61-4565-a67b-2de79fff2a8e|rpc:172.17.0.2:36135|dataStream:|priority:0] returns group-A6456F420DE7:java.util.concurrent.CompletableFuture@3d7c77ec[Not completed]
2021-05-21 14:31:44,259 [pool-357-thread-1] INFO  server.RaftServer$Division (RaftServerImpl.java:<init>(180)) - 813e8fa6-b95f-4599-bf2c-d00dca9e2ee3: new RaftServerImpl for group-A6456F420DE7:[813e8fa6-b95f-4599-bf2c-d00dca9e2ee3|rpc:172.17.0.2:43595|dataStream:|priority:1, fe5d1211-9335-469c-958f-8182ca4380cf|rpc:172.17.0.2:40647|dataStream:|priority:0, 1b7a9f1a-9a61-4565-a67b-2de79fff2a8e|rpc:172.17.0.2:36135|dataStream:|priority:0] with ContainerStateMachine:uninitialized
2021-05-21 14:31:44,259 [pool-357-thread-1] INFO  server.RaftServerConfigKeys (ConfUtils.java:logGet(44)) - raft.server.rpc.timeout.min = 5s (custom)
2021-05-21 14:31:44,259 [pool-357-thread-1] INFO  server.RaftServerConfigKeys (ConfUtils.java:logGet(44)) - raft.server.rpc.timeout.max = 5200ms (custom)
2021-05-21 14:31:44,259 [pool-357-thread-1] INFO  server.RaftServerConfigKeys (ConfUtils.java:logGet(44)) - raft.server.rpc.sleep.time = 25ms (default)
2021-05-21 14:31:44,259 [pool-357-thread-1] INFO  server.RaftServerConfigKeys (ConfUtils.java:logGet(44)) - raft.server.rpc.slowness.timeout = 300s (custom)
2021-05-21 14:31:44,259 [pool-357-thread-1] INFO  server.RaftServerConfigKeys (ConfUtils.java:logGet(44)) - raft.server.leaderelection.leader.step-down.wait-time = 10s (default)
2021-05-21 14:31:44,259 [pool-357-thread-1] INFO  server.RaftServerConfigKeys (ConfUtils.java:logGet(44)) - raft.server.sleep.deviation.threshold = 300ms (default)
2021-05-21 14:31:44,259 [pool-357-thread-1] INFO  server.RaftServerConfigKeys (ConfUtils.java:logGet(44)) - raft.server.log.appender.install.snapshot.enabled = false (custom)
2021-05-21 14:31:44,259 [pool-357-thread-1] INFO  server.RaftServer$Division (ServerState.java:<init>(105)) - 813e8fa6-b95f-4599-bf2c-d00dca9e2ee3@group-A6456F420DE7: ConfigurationManager, init=-1: [813e8fa6-b95f-4599-bf2c-d00dca9e2ee3|rpc:172.17.0.2:43595|dataStream:|priority:1, fe5d1211-9335-469c-958f-8182ca4380cf|rpc:172.17.0.2:40647|dataStream:|priority:0, 1b7a9f1a-9a61-4565-a67b-2de79fff2a8e|rpc:172.17.0.2:36135|dataStream:|priority:0], old=null, confs=<EMPTY_MAP>
2021-05-21 14:31:44,259 [pool-357-thread-1] INFO  server.RaftServerConfigKeys (ConfUtils.java:logGet(44)) - raft.server.storage.dir = [/github/workspace/mnt/ozone/hadoop-ozone/integration-test/target/test-dir/MiniOzoneClusterImpl-22464894-f501-479f-ae18-3fb6cdd505c4/datanode-4/data/ratis] (custom)
2021-05-21 14:31:44,259 [pool-357-thread-1] INFO  server.RaftServerConfigKeys (ConfUtils.java:logGet(44)) - raft.server.log.corruption.policy = EXCEPTION (default)
2021-05-21 14:31:44,260 [pool-357-thread-1] INFO  storage.RaftStorageDirectory (RaftStorageDirectoryImpl.java:analyzeStorage(132)) - The storage directory /github/workspace/mnt/ozone/hadoop-ozone/integration-test/target/test-dir/MiniOzoneClusterImpl-22464894-f501-479f-ae18-3fb6cdd505c4/datanode-4/data/ratis/111fc486-be15-40a3-a63d-a6456f420de7 does not exist. Creating ...
2021-05-21 14:31:44,261 [pool-357-thread-1] INFO  storage.RaftStorageDirectory (RaftStorageDirectoryImpl.java:tryLock(215)) - Lock on /github/workspace/mnt/ozone/hadoop-ozone/integration-test/target/test-dir/MiniOzoneClusterImpl-22464894-f501-479f-ae18-3fb6cdd505c4/datanode-4/data/ratis/111fc486-be15-40a3-a63d-a6456f420de7/in_use.lock acquired by nodename 4736@b766c8128f74
2021-05-21 14:31:44,264 [pool-357-thread-1] INFO  storage.RaftStorage (RaftStorageImpl.java:format(87)) - Storage directory /github/workspace/mnt/ozone/hadoop-ozone/integration-test/target/test-dir/MiniOzoneClusterImpl-22464894-f501-479f-ae18-3fb6cdd505c4/datanode-4/data/ratis/111fc486-be15-40a3-a63d-a6456f420de7 has been successfully formatted.
2021-05-21 14:31:44,265 [pool-357-thread-1] INFO  ratis.ContainerStateMachine (ContainerStateMachine.java:loadSnapshot(224)) - group-A6456F420DE7: The snapshot info is null. Setting the last applied indexto:(t:0, i:~)
2021-05-21 14:31:44,266 [EventQueue-PipelineReportForOneReplicaPipelineSafeModeRule] INFO  safemode.SCMSafeModeManager (SCMSafeModeManager.java:validateSafeModeExitRules(201)) - AtleastOneDatanodeReportedRule rule is successfully validated
2021-05-21 14:31:44,267 [pool-357-thread-1] INFO  server.RaftServerConfigKeys (ConfUtils.java:logGet(44)) - raft.server.notification.no-leader.timeout = 300s (custom)
2021-05-21 14:31:44,267 [pool-357-thread-1] INFO  server.RaftServerConfigKeys (ConfUtils.java:logGet(44)) - raft.server.log.use.memory = false (default)
2021-05-21 14:31:44,267 [pool-357-thread-1] INFO  server.RaftServerConfigKeys (ConfUtils.java:logGet(44)) - raft.server.log.purge.gap = 1000000 (custom)
2021-05-21 14:31:44,267 [pool-357-thread-1] INFO  server.RaftServerConfigKeys (ConfUtils.java:logGet(44)) - raft.server.log.appender.buffer.byte-limit = 33554432 (custom)
2021-05-21 14:31:44,267 [pool-357-thread-1] INFO  metrics.RatisMetrics (RatisMetrics.java:lambda$create$0(36)) - Creating Metrics Registry : ratis.log_worker.813e8fa6-b95f-4599-bf2c-d00dca9e2ee3@group-A6456F420DE7
2021-05-21 14:31:44,267 [pool-357-thread-1] INFO  server.RaftServerConfigKeys (ConfUtils.java:logGet(44)) - raft.server.log.segment.size.max = 1048576 (custom)
2021-05-21 14:31:44,268 [pool-357-thread-1] INFO  server.RaftServerConfigKeys (ConfUtils.java:logGet(44)) - raft.server.log.segment.cache.num.max = 2 (custom)
2021-05-21 14:31:44,268 [pool-357-thread-1] INFO  server.RaftServerConfigKeys (ConfUtils.java:logGet(44)) - raft.server.log.segment.cache.size.max = 200MB (=209715200) (default)
2021-05-21 14:31:44,268 [pool-357-thread-1] INFO  segmented.SegmentedRaftLogWorker (SegmentedRaftLogWorker.java:<init>(182)) - new 813e8fa6-b95f-4599-bf2c-d00dca9e2ee3@group-A6456F420DE7-SegmentedRaftLogWorker for RaftStorageImpl:Storage Directory /github/workspace/mnt/ozone/hadoop-ozone/integration-test/target/test-dir/MiniOzoneClusterImpl-22464894-f501-479f-ae18-3fb6cdd505c4/datanode-4/data/ratis/111fc486-be15-40a3-a63d-a6456f420de7
2021-05-21 14:31:44,268 [pool-357-thread-1] INFO  server.RaftServerConfigKeys (ConfUtils.java:logGet(44)) - raft.server.log.queue.byte-limit = 2147483647 (custom)
2021-05-21 14:31:44,268 [pool-357-thread-1] INFO  server.RaftServerConfigKeys (ConfUtils.java:logGet(44)) - raft.server.log.queue.element-limit = 1024 (custom)
2021-05-21 14:31:44,268 [pool-357-thread-1] INFO  server.RaftServerConfigKeys (ConfUtils.java:logGet(44)) - raft.server.log.segment.size.max = 1048576 (custom)
2021-05-21 14:31:44,268 [pool-357-thread-1] INFO  server.RaftServerConfigKeys (ConfUtils.java:logGet(44)) - raft.server.log.preallocated.size = 16384 (custom)
2021-05-21 14:31:44,268 [pool-357-thread-1] INFO  server.RaftServerConfigKeys (ConfUtils.java:logGet(44)) - raft.server.log.force.sync.num = 128 (default)
2021-05-21 14:31:44,268 [pool-357-thread-1] INFO  server.RaftServerConfigKeys (ConfUtils.java:logGet(44)) - raft.server.log.statemachine.data.sync = true (default)
2021-05-21 14:31:44,268 [pool-357-thread-1] INFO  server.RaftServerConfigKeys (ConfUtils.java:logGet(44)) - raft.server.log.statemachine.data.sync.timeout = 10s (default)
2021-05-21 14:31:44,269 [pool-357-thread-1] INFO  server.RaftServerConfigKeys (ConfUtils.java:logGet(44)) - raft.server.log.statemachine.data.sync.timeout.retry = -1 (default)
2021-05-21 14:31:44,270 [pool-357-thread-1] INFO  server.RaftServerConfigKeys (ConfUtils.java:logGet(44)) - raft.server.log.write.buffer.size = 1048576 (custom)
2021-05-21 14:31:44,270 [pool-357-thread-1] INFO  server.RaftServerConfigKeys (ConfUtils.java:logGet(44)) - raft.server.log.statemachine.data.caching.enabled = true (custom)
2021-05-21 14:31:44,271 [pool-357-thread-1] INFO  segmented.SegmentedRaftLogWorker (SegmentedRaftLogWorker.java:lambda$new$0(133)) - 813e8fa6-b95f-4599-bf2c-d00dca9e2ee3@group-A6456F420DE7-SegmentedRaftLogWorker: flushIndex: setUnconditionally 0 -> -1
2021-05-21 14:31:44,271 [pool-357-thread-1] INFO  segmented.SegmentedRaftLogWorker (SegmentedRaftLogWorker.java:lambda$new$0(133)) - 813e8fa6-b95f-4599-bf2c-d00dca9e2ee3@group-A6456F420DE7-SegmentedRaftLogWorker: safeCacheEvictIndex: setUnconditionally 0 -> -1
2021-05-21 14:31:44,271 [pool-357-thread-1] INFO  server.RaftServerConfigKeys (ConfUtils.java:logGet(44)) - raft.server.snapshot.auto.trigger.enabled = true (custom)
2021-05-21 14:31:44,271 [pool-357-thread-1] INFO  server.RaftServerConfigKeys (ConfUtils.java:logGet(44)) - raft.server.snapshot.auto.trigger.threshold = 10000 (custom)
2021-05-21 14:31:44,271 [pool-357-thread-1] INFO  server.RaftServerConfigKeys (ConfUtils.java:logGet(44)) - raft.server.snapshot.retention.file.num = 5 (custom)
2021-05-21 14:31:44,271 [pool-357-thread-1] INFO  server.RaftServerConfigKeys (ConfUtils.java:logGet(44)) - raft.server.log.purge.upto.snapshot.index = false (default)
2021-05-21 14:31:44,271 [pool-357-thread-1] INFO  server.RaftServerConfigKeys (ConfUtils.java:logGet(44)) - raft.server.retrycache.expirytime = 600000ms (custom)
2021-05-21 14:31:44,271 [pool-357-thread-1] INFO  server.RaftServerConfigKeys (ConfUtils.java:logGet(44)) - raft.server.retrycache.statistics.expirytime = 100?s (default)
2021-05-21 14:31:44,271 [pool-357-thread-1] INFO  metrics.RatisMetrics (RatisMetrics.java:lambda$create$0(36)) - Creating Metrics Registry : ratis.leader_election.813e8fa6-b95f-4599-bf2c-d00dca9e2ee3@group-A6456F420DE7
2021-05-21 14:31:44,272 [pool-357-thread-1] INFO  metrics.RatisMetrics (RatisMetrics.java:lambda$create$0(36)) - Creating Metrics Registry : ratis.server.813e8fa6-b95f-4599-bf2c-d00dca9e2ee3@group-A6456F420DE7
2021-05-21 14:31:44,273 [pool-357-thread-1] INFO  server.RaftServer$Division (RaftServerImpl.java:start(295)) - 813e8fa6-b95f-4599-bf2c-d00dca9e2ee3@group-A6456F420DE7: start as a follower, conf=-1: [813e8fa6-b95f-4599-bf2c-d00dca9e2ee3|rpc:172.17.0.2:43595|dataStream:|priority:1, fe5d1211-9335-469c-958f-8182ca4380cf|rpc:172.17.0.2:40647|dataStream:|priority:0, 1b7a9f1a-9a61-4565-a67b-2de79fff2a8e|rpc:172.17.0.2:36135|dataStream:|priority:0], old=null
2021-05-21 14:31:44,273 [pool-357-thread-1] INFO  server.RaftServer$Division (RaftServerImpl.java:setRole(284)) - 813e8fa6-b95f-4599-bf2c-d00dca9e2ee3@group-A6456F420DE7: changes role from      null to FOLLOWER at term 0 for startAsFollower
2021-05-21 14:31:44,273 [pool-357-thread-1] INFO  impl.RoleInfo (RoleInfo.java:updateAndGet(130)) - 813e8fa6-b95f-4599-bf2c-d00dca9e2ee3: start 813e8fa6-b95f-4599-bf2c-d00dca9e2ee3@group-A6456F420DE7-FollowerState
2021-05-21 14:31:44,276 [pool-357-thread-1] INFO  util.JmxRegister (JmxRegister.java:tryRegister(44)) - Successfully registered JMX Bean with object name Ratis:service=RaftServer,group=group-A6456F420DE7,id=813e8fa6-b95f-4599-bf2c-d00dca9e2ee3
2021-05-21 14:31:44,277 [pool-357-thread-1] INFO  metrics.RatisMetrics (RatisMetrics.java:lambda$create$0(36)) - Creating Metrics Registry : ratis.state_machine.813e8fa6-b95f-4599-bf2c-d00dca9e2ee3@group-A6456F420DE7
2021-05-21 14:31:44,286 [Command processor thread] INFO  commandhandler.CreatePipelineCommandHandler (CreatePipelineCommandHandler.java:handle(106)) - Created Pipeline RATIS THREE PipelineID=111fc486-be15-40a3-a63d-a6456f420de7.
2021-05-21 14:31:44,349 [EventQueue-PipelineReportForOneReplicaPipelineSafeModeRule] INFO  safemode.SCMSafeModeManager (SCMSafeModeManager.java:validateSafeModeExitRules(201)) - AtleastOneDatanodeReportedRule rule is successfully validated
2021-05-21 14:31:44,349 [EventQueue-OpenPipelineForHealthyPipelineSafeModeRule] INFO  safemode.SCMSafeModeManager (HealthyPipelineSafeModeRule.java:process(130)) - SCM in safe mode. Healthy pipelines reported count is 0, required healthy pipeline reported count is 1
2021-05-21 14:31:44,391 [Command processor thread] INFO  server.RaftServer (RaftServerProxy.java:addNew(95)) - 813e8fa6-b95f-4599-bf2c-d00dca9e2ee3: addNew group-D2DFD490C1E5:[813e8fa6-b95f-4599-bf2c-d00dca9e2ee3|rpc:172.17.0.2:43595|priority:1] returns group-D2DFD490C1E5:java.util.concurrent.CompletableFuture@102c3e83[Not completed]
2021-05-21 14:31:44,392 [pool-357-thread-1] INFO  server.RaftServer$Division (RaftServerImpl.java:<init>(180)) - 813e8fa6-b95f-4599-bf2c-d00dca9e2ee3: new RaftServerImpl for group-D2DFD490C1E5:[813e8fa6-b95f-4599-bf2c-d00dca9e2ee3|rpc:172.17.0.2:43595|priority:1] with ContainerStateMachine:uninitialized
2021-05-21 14:31:44,392 [pool-357-thread-1] INFO  server.RaftServerConfigKeys (ConfUtils.java:logGet(44)) - raft.server.rpc.timeout.min = 5s (custom)
2021-05-21 14:31:44,393 [pool-357-thread-1] INFO  server.RaftServerConfigKeys (ConfUtils.java:logGet(44)) - raft.server.rpc.timeout.max = 5200ms (custom)
2021-05-21 14:31:44,393 [pool-357-thread-1] INFO  server.RaftServerConfigKeys (ConfUtils.java:logGet(44)) - raft.server.rpc.sleep.time = 25ms (default)
2021-05-21 14:31:44,393 [pool-357-thread-1] INFO  server.RaftServerConfigKeys (ConfUtils.java:logGet(44)) - raft.server.rpc.slowness.timeout = 300s (custom)
2021-05-21 14:31:44,393 [pool-357-thread-1] INFO  server.RaftServerConfigKeys (ConfUtils.java:logGet(44)) - raft.server.leaderelection.leader.step-down.wait-time = 10s (default)
2021-05-21 14:31:44,393 [pool-357-thread-1] INFO  server.RaftServerConfigKeys (ConfUtils.java:logGet(44)) - raft.server.sleep.deviation.threshold = 300ms (default)
2021-05-21 14:31:44,393 [pool-357-thread-1] INFO  server.RaftServerConfigKeys (ConfUtils.java:logGet(44)) - raft.server.log.appender.install.snapshot.enabled = false (custom)
2021-05-21 14:31:44,393 [pool-357-thread-1] INFO  server.RaftServer$Division (ServerState.java:<init>(105)) - 813e8fa6-b95f-4599-bf2c-d00dca9e2ee3@group-D2DFD490C1E5: ConfigurationManager, init=-1: [813e8fa6-b95f-4599-bf2c-d00dca9e2ee3|rpc:172.17.0.2:43595|priority:1], old=null, confs=<EMPTY_MAP>
2021-05-21 14:31:44,393 [pool-357-thread-1] INFO  server.RaftServerConfigKeys (ConfUtils.java:logGet(44)) - raft.server.storage.dir = [/github/workspace/mnt/ozone/hadoop-ozone/integration-test/target/test-dir/MiniOzoneClusterImpl-22464894-f501-479f-ae18-3fb6cdd505c4/datanode-4/data/ratis] (custom)
2021-05-21 14:31:44,393 [pool-357-thread-1] INFO  server.RaftServerConfigKeys (ConfUtils.java:logGet(44)) - raft.server.log.corruption.policy = EXCEPTION (default)
2021-05-21 14:31:44,394 [pool-357-thread-1] INFO  storage.RaftStorageDirectory (RaftStorageDirectoryImpl.java:analyzeStorage(132)) - The storage directory /github/workspace/mnt/ozone/hadoop-ozone/integration-test/target/test-dir/MiniOzoneClusterImpl-22464894-f501-479f-ae18-3fb6cdd505c4/datanode-4/data/ratis/0c6bfa22-dd3b-4c85-b03c-d2dfd490c1e5 does not exist. Creating ...
2021-05-21 14:31:44,395 [pool-357-thread-1] INFO  storage.RaftStorageDirectory (RaftStorageDirectoryImpl.java:tryLock(215)) - Lock on /github/workspace/mnt/ozone/hadoop-ozone/integration-test/target/test-dir/MiniOzoneClusterImpl-22464894-f501-479f-ae18-3fb6cdd505c4/datanode-4/data/ratis/0c6bfa22-dd3b-4c85-b03c-d2dfd490c1e5/in_use.lock acquired by nodename 4736@b766c8128f74
2021-05-21 14:31:44,396 [pool-357-thread-1] INFO  storage.RaftStorage (RaftStorageImpl.java:format(87)) - Storage directory /github/workspace/mnt/ozone/hadoop-ozone/integration-test/target/test-dir/MiniOzoneClusterImpl-22464894-f501-479f-ae18-3fb6cdd505c4/datanode-4/data/ratis/0c6bfa22-dd3b-4c85-b03c-d2dfd490c1e5 has been successfully formatted.
2021-05-21 14:31:44,397 [pool-357-thread-1] INFO  ratis.ContainerStateMachine (ContainerStateMachine.java:loadSnapshot(224)) - group-D2DFD490C1E5: The snapshot info is null. Setting the last applied indexto:(t:0, i:~)
2021-05-21 14:31:44,397 [pool-357-thread-1] INFO  server.RaftServerConfigKeys (ConfUtils.java:logGet(44)) - raft.server.notification.no-leader.timeout = 300s (custom)
2021-05-21 14:31:44,397 [pool-357-thread-1] INFO  server.RaftServerConfigKeys (ConfUtils.java:logGet(44)) - raft.server.log.use.memory = false (default)
2021-05-21 14:31:44,397 [EventQueue-PipelineReportForOneReplicaPipelineSafeModeRule] INFO  safemode.SCMSafeModeManager (SCMSafeModeManager.java:validateSafeModeExitRules(201)) - AtleastOneDatanodeReportedRule rule is successfully validated
2021-05-21 14:31:44,398 [EventQueue-PipelineReportForPipelineReportHandler] INFO  pipeline.PipelineManagerV2Impl (PipelineManagerV2Impl.java:openPipeline(270)) - Pipeline Pipeline[ Id: 0c6bfa22-dd3b-4c85-b03c-d2dfd490c1e5, Nodes: 813e8fa6-b95f-4599-bf2c-d00dca9e2ee3{ip: 172.17.0.2, host: b766c8128f74, ports: [REPLICATION=45099, RATIS=43595, RATIS_ADMIN=43595, RATIS_SERVER=43595, STANDALONE=42879], networkLocation: /default-rack, certSerialId: null, persistedOpState: IN_SERVICE, persistedOpStateExpiryEpochSec: 0}, ReplicationConfig: RATIS/ONE, State:ALLOCATED, leaderId:813e8fa6-b95f-4599-bf2c-d00dca9e2ee3, CreationTimestamp2021-05-21T14:31:41.393Z] moved to OPEN state
2021-05-21 14:31:44,398 [EventQueue-OpenPipelineForHealthyPipelineSafeModeRule] INFO  safemode.SCMSafeModeManager (HealthyPipelineSafeModeRule.java:process(130)) - SCM in safe mode. Healthy pipelines reported count is 0, required healthy pipeline reported count is 1
2021-05-21 14:31:44,398 [pool-357-thread-1] INFO  server.RaftServerConfigKeys (ConfUtils.java:logGet(44)) - raft.server.log.purge.gap = 1000000 (custom)
2021-05-21 14:31:44,398 [pool-357-thread-1] INFO  server.RaftServerConfigKeys (ConfUtils.java:logGet(44)) - raft.server.log.appender.buffer.byte-limit = 33554432 (custom)
2021-05-21 14:31:44,399 [pool-357-thread-1] INFO  metrics.RatisMetrics (RatisMetrics.java:lambda$create$0(36)) - Creating Metrics Registry : ratis.log_worker.813e8fa6-b95f-4599-bf2c-d00dca9e2ee3@group-D2DFD490C1E5
2021-05-21 14:31:44,399 [pool-357-thread-1] INFO  server.RaftServerConfigKeys (ConfUtils.java:logGet(44)) - raft.server.log.segment.size.max = 1048576 (custom)
2021-05-21 14:31:44,400 [pool-357-thread-1] INFO  server.RaftServerConfigKeys (ConfUtils.java:logGet(44)) - raft.server.log.segment.cache.num.max = 2 (custom)
2021-05-21 14:31:44,400 [pool-357-thread-1] INFO  server.RaftServerConfigKeys (ConfUtils.java:logGet(44)) - raft.server.log.segment.cache.size.max = 200MB (=209715200) (default)
2021-05-21 14:31:44,400 [pool-357-thread-1] INFO  segmented.SegmentedRaftLogWorker (SegmentedRaftLogWorker.java:<init>(182)) - new 813e8fa6-b95f-4599-bf2c-d00dca9e2ee3@group-D2DFD490C1E5-SegmentedRaftLogWorker for RaftStorageImpl:Storage Directory /github/workspace/mnt/ozone/hadoop-ozone/integration-test/target/test-dir/MiniOzoneClusterImpl-22464894-f501-479f-ae18-3fb6cdd505c4/datanode-4/data/ratis/0c6bfa22-dd3b-4c85-b03c-d2dfd490c1e5
2021-05-21 14:31:44,400 [pool-357-thread-1] INFO  server.RaftServerConfigKeys (ConfUtils.java:logGet(44)) - raft.server.log.queue.byte-limit = 2147483647 (custom)
2021-05-21 14:31:44,400 [pool-357-thread-1] INFO  server.RaftServerConfigKeys (ConfUtils.java:logGet(44)) - raft.server.log.queue.element-limit = 1024 (custom)
2021-05-21 14:31:44,400 [pool-357-thread-1] INFO  server.RaftServerConfigKeys (ConfUtils.java:logGet(44)) - raft.server.log.segment.size.max = 1048576 (custom)
2021-05-21 14:31:44,400 [pool-357-thread-1] INFO  server.RaftServerConfigKeys (ConfUtils.java:logGet(44)) - raft.server.log.preallocated.size = 16384 (custom)
2021-05-21 14:31:44,400 [pool-357-thread-1] INFO  server.RaftServerConfigKeys (ConfUtils.java:logGet(44)) - raft.server.log.force.sync.num = 128 (default)
2021-05-21 14:31:44,400 [pool-357-thread-1] INFO  server.RaftServerConfigKeys (ConfUtils.java:logGet(44)) - raft.server.log.statemachine.data.sync = true (default)
2021-05-21 14:31:44,400 [pool-357-thread-1] INFO  server.RaftServerConfigKeys (ConfUtils.java:logGet(44)) - raft.server.log.statemachine.data.sync.timeout = 10s (default)
2021-05-21 14:31:44,400 [pool-357-thread-1] INFO  server.RaftServerConfigKeys (ConfUtils.java:logGet(44)) - raft.server.log.statemachine.data.sync.timeout.retry = -1 (default)
2021-05-21 14:31:44,401 [pool-357-thread-1] INFO  server.RaftServerConfigKeys (ConfUtils.java:logGet(44)) - raft.server.log.write.buffer.size = 1048576 (custom)
2021-05-21 14:31:44,402 [pool-357-thread-1] INFO  server.RaftServerConfigKeys (ConfUtils.java:logGet(44)) - raft.server.log.statemachine.data.caching.enabled = true (custom)
2021-05-21 14:31:44,402 [pool-357-thread-1] INFO  segmented.SegmentedRaftLogWorker (SegmentedRaftLogWorker.java:lambda$new$0(133)) - 813e8fa6-b95f-4599-bf2c-d00dca9e2ee3@group-D2DFD490C1E5-SegmentedRaftLogWorker: flushIndex: setUnconditionally 0 -> -1
2021-05-21 14:31:44,402 [pool-357-thread-1] INFO  segmented.SegmentedRaftLogWorker (SegmentedRaftLogWorker.java:lambda$new$0(133)) - 813e8fa6-b95f-4599-bf2c-d00dca9e2ee3@group-D2DFD490C1E5-SegmentedRaftLogWorker: safeCacheEvictIndex: setUnconditionally 0 -> -1
2021-05-21 14:31:44,403 [pool-357-thread-1] INFO  server.RaftServerConfigKeys (ConfUtils.java:logGet(44)) - raft.server.snapshot.auto.trigger.enabled = true (custom)
2021-05-21 14:31:44,403 [pool-357-thread-1] INFO  server.RaftServerConfigKeys (ConfUtils.java:logGet(44)) - raft.server.snapshot.auto.trigger.threshold = 10000 (custom)
2021-05-21 14:31:44,403 [pool-357-thread-1] INFO  server.RaftServerConfigKeys (ConfUtils.java:logGet(44)) - raft.server.snapshot.retention.file.num = 5 (custom)
2021-05-21 14:31:44,403 [pool-357-thread-1] INFO  server.RaftServerConfigKeys (ConfUtils.java:logGet(44)) - raft.server.log.purge.upto.snapshot.index = false (default)
2021-05-21 14:31:44,403 [pool-357-thread-1] INFO  server.RaftServerConfigKeys (ConfUtils.java:logGet(44)) - raft.server.retrycache.expirytime = 600000ms (custom)
2021-05-21 14:31:44,403 [pool-357-thread-1] INFO  server.RaftServerConfigKeys (ConfUtils.java:logGet(44)) - raft.server.retrycache.statistics.expirytime = 100?s (default)
2021-05-21 14:31:44,403 [pool-357-thread-1] INFO  metrics.RatisMetrics (RatisMetrics.java:lambda$create$0(36)) - Creating Metrics Registry : ratis.leader_election.813e8fa6-b95f-4599-bf2c-d00dca9e2ee3@group-D2DFD490C1E5
2021-05-21 14:31:44,404 [pool-357-thread-1] INFO  metrics.RatisMetrics (RatisMetrics.java:lambda$create$0(36)) - Creating Metrics Registry : ratis.server.813e8fa6-b95f-4599-bf2c-d00dca9e2ee3@group-D2DFD490C1E5
2021-05-21 14:31:44,405 [pool-357-thread-1] INFO  server.RaftServer$Division (RaftServerImpl.java:start(295)) - 813e8fa6-b95f-4599-bf2c-d00dca9e2ee3@group-D2DFD490C1E5: start as a follower, conf=-1: [813e8fa6-b95f-4599-bf2c-d00dca9e2ee3|rpc:172.17.0.2:43595|priority:1], old=null
2021-05-21 14:31:44,405 [pool-357-thread-1] INFO  server.RaftServer$Division (RaftServerImpl.java:setRole(284)) - 813e8fa6-b95f-4599-bf2c-d00dca9e2ee3@group-D2DFD490C1E5: changes role from      null to FOLLOWER at term 0 for startAsFollower
2021-05-21 14:31:44,405 [pool-357-thread-1] INFO  impl.RoleInfo (RoleInfo.java:updateAndGet(130)) - 813e8fa6-b95f-4599-bf2c-d00dca9e2ee3: start 813e8fa6-b95f-4599-bf2c-d00dca9e2ee3@group-D2DFD490C1E5-FollowerState
2021-05-21 14:31:44,412 [pool-357-thread-1] INFO  util.JmxRegister (JmxRegister.java:tryRegister(44)) - Successfully registered JMX Bean with object name Ratis:service=RaftServer,group=group-D2DFD490C1E5,id=813e8fa6-b95f-4599-bf2c-d00dca9e2ee3
2021-05-21 14:31:44,412 [pool-357-thread-1] INFO  metrics.RatisMetrics (RatisMetrics.java:lambda$create$0(36)) - Creating Metrics Registry : ratis.state_machine.813e8fa6-b95f-4599-bf2c-d00dca9e2ee3@group-D2DFD490C1E5
2021-05-21 14:31:44,413 [Command processor thread] INFO  ratis.XceiverServerRatis (XceiverServerRatis.java:addGroup(808)) - Created group PipelineID=0c6bfa22-dd3b-4c85-b03c-d2dfd490c1e5
2021-05-21 14:31:44,413 [Command processor thread] INFO  commandhandler.CreatePipelineCommandHandler (CreatePipelineCommandHandler.java:handle(106)) - Created Pipeline RATIS ONE PipelineID=0c6bfa22-dd3b-4c85-b03c-d2dfd490c1e5.
2021-05-21 14:31:44,564 [EventQueue-OpenPipelineForHealthyPipelineSafeModeRule] INFO  safemode.SCMSafeModeManager (HealthyPipelineSafeModeRule.java:process(130)) - SCM in safe mode. Healthy pipelines reported count is 0, required healthy pipeline reported count is 1
2021-05-21 14:31:44,564 [EventQueue-PipelineReportForOneReplicaPipelineSafeModeRule] INFO  safemode.SCMSafeModeManager (SCMSafeModeManager.java:validateSafeModeExitRules(201)) - AtleastOneDatanodeReportedRule rule is successfully validated
2021-05-21 14:31:44,638 [Command processor thread] INFO  server.RaftServer (RaftServerProxy.java:addNew(95)) - 1b7a9f1a-9a61-4565-a67b-2de79fff2a8e: addNew group-1B5315FD9401:[1b7a9f1a-9a61-4565-a67b-2de79fff2a8e|rpc:172.17.0.2:36135|priority:1] returns group-1B5315FD9401:java.util.concurrent.CompletableFuture@7bd8198a[Not completed]
2021-05-21 14:31:44,639 [pool-375-thread-1] INFO  server.RaftServer$Division (RaftServerImpl.java:<init>(180)) - 1b7a9f1a-9a61-4565-a67b-2de79fff2a8e: new RaftServerImpl for group-1B5315FD9401:[1b7a9f1a-9a61-4565-a67b-2de79fff2a8e|rpc:172.17.0.2:36135|priority:1] with ContainerStateMachine:uninitialized
2021-05-21 14:31:44,639 [pool-375-thread-1] INFO  server.RaftServerConfigKeys (ConfUtils.java:logGet(44)) - raft.server.rpc.timeout.min = 5s (custom)
2021-05-21 14:31:44,639 [pool-375-thread-1] INFO  server.RaftServerConfigKeys (ConfUtils.java:logGet(44)) - raft.server.rpc.timeout.max = 5200ms (custom)
2021-05-21 14:31:44,640 [pool-375-thread-1] INFO  server.RaftServerConfigKeys (ConfUtils.java:logGet(44)) - raft.server.rpc.sleep.time = 25ms (default)
2021-05-21 14:31:44,640 [pool-375-thread-1] INFO  server.RaftServerConfigKeys (ConfUtils.java:logGet(44)) - raft.server.rpc.slowness.timeout = 300s (custom)
2021-05-21 14:31:44,640 [pool-375-thread-1] INFO  server.RaftServerConfigKeys (ConfUtils.java:logGet(44)) - raft.server.leaderelection.leader.step-down.wait-time = 10s (default)
2021-05-21 14:31:44,640 [pool-375-thread-1] INFO  server.RaftServerConfigKeys (ConfUtils.java:logGet(44)) - raft.server.sleep.deviation.threshold = 300ms (default)
2021-05-21 14:31:44,640 [pool-375-thread-1] INFO  server.RaftServerConfigKeys (ConfUtils.java:logGet(44)) - raft.server.log.appender.install.snapshot.enabled = false (custom)
2021-05-21 14:31:44,640 [pool-375-thread-1] INFO  server.RaftServer$Division (ServerState.java:<init>(105)) - 1b7a9f1a-9a61-4565-a67b-2de79fff2a8e@group-1B5315FD9401: ConfigurationManager, init=-1: [1b7a9f1a-9a61-4565-a67b-2de79fff2a8e|rpc:172.17.0.2:36135|priority:1], old=null, confs=<EMPTY_MAP>
2021-05-21 14:31:44,640 [pool-375-thread-1] INFO  server.RaftServerConfigKeys (ConfUtils.java:logGet(44)) - raft.server.storage.dir = [/github/workspace/mnt/ozone/hadoop-ozone/integration-test/target/test-dir/MiniOzoneClusterImpl-22464894-f501-479f-ae18-3fb6cdd505c4/datanode-5/data/ratis] (custom)
2021-05-21 14:31:44,641 [pool-375-thread-1] INFO  server.RaftServerConfigKeys (ConfUtils.java:logGet(44)) - raft.server.log.corruption.policy = EXCEPTION (default)
2021-05-21 14:31:44,641 [pool-375-thread-1] INFO  storage.RaftStorageDirectory (RaftStorageDirectoryImpl.java:analyzeStorage(132)) - The storage directory /github/workspace/mnt/ozone/hadoop-ozone/integration-test/target/test-dir/MiniOzoneClusterImpl-22464894-f501-479f-ae18-3fb6cdd505c4/datanode-5/data/ratis/64bacc7c-a074-4dc3-af42-1b5315fd9401 does not exist. Creating ...
2021-05-21 14:31:44,642 [pool-375-thread-1] INFO  storage.RaftStorageDirectory (RaftStorageDirectoryImpl.java:tryLock(215)) - Lock on /github/workspace/mnt/ozone/hadoop-ozone/integration-test/target/test-dir/MiniOzoneClusterImpl-22464894-f501-479f-ae18-3fb6cdd505c4/datanode-5/data/ratis/64bacc7c-a074-4dc3-af42-1b5315fd9401/in_use.lock acquired by nodename 4736@b766c8128f74
2021-05-21 14:31:44,644 [pool-375-thread-1] INFO  storage.RaftStorage (RaftStorageImpl.java:format(87)) - Storage directory /github/workspace/mnt/ozone/hadoop-ozone/integration-test/target/test-dir/MiniOzoneClusterImpl-22464894-f501-479f-ae18-3fb6cdd505c4/datanode-5/data/ratis/64bacc7c-a074-4dc3-af42-1b5315fd9401 has been successfully formatted.
2021-05-21 14:31:44,644 [Listener at 127.0.0.1/41311] INFO  ozone.MiniOzoneClusterImpl (MiniOzoneClusterImpl.java:lambda$waitForClusterToBeReady$0(224)) - Nodes are ready. Got 6 of 6 DN Heartbeats.
2021-05-21 14:31:44,645 [Listener at 127.0.0.1/41311] INFO  ozone.MiniOzoneClusterImpl (MiniOzoneClusterImpl.java:lambda$waitForClusterToBeReady$0(227)) - Waiting for cluster to exit safe mode
2021-05-21 14:31:44,645 [Listener at 127.0.0.1/41311] INFO  ozone.MiniOzoneClusterImpl (MiniOzoneClusterImpl.java:lambda$waitForClusterToBeReady$0(230)) - SCM became leader
2021-05-21 14:31:44,645 [pool-375-thread-1] INFO  ratis.ContainerStateMachine (ContainerStateMachine.java:loadSnapshot(224)) - group-1B5315FD9401: The snapshot info is null. Setting the last applied indexto:(t:0, i:~)
2021-05-21 14:31:44,647 [EventQueue-PipelineReportForPipelineReportHandler] INFO  pipeline.PipelineManagerV2Impl (PipelineManagerV2Impl.java:openPipeline(270)) - Pipeline Pipeline[ Id: 64bacc7c-a074-4dc3-af42-1b5315fd9401, Nodes: 1b7a9f1a-9a61-4565-a67b-2de79fff2a8e{ip: 172.17.0.2, host: b766c8128f74, ports: [REPLICATION=40105, RATIS=36135, RATIS_ADMIN=36135, RATIS_SERVER=36135, STANDALONE=46121], networkLocation: /default-rack, certSerialId: null, persistedOpState: IN_SERVICE, persistedOpStateExpiryEpochSec: 0}, ReplicationConfig: RATIS/ONE, State:ALLOCATED, leaderId:1b7a9f1a-9a61-4565-a67b-2de79fff2a8e, CreationTimestamp2021-05-21T14:31:41.641Z] moved to OPEN state
2021-05-21 14:31:44,646 [EventQueue-PipelineReportForOneReplicaPipelineSafeModeRule] INFO  safemode.SCMSafeModeManager (SCMSafeModeManager.java:validateSafeModeExitRules(201)) - AtleastOneDatanodeReportedRule rule is successfully validated
2021-05-21 14:31:44,647 [pool-375-thread-1] INFO  server.RaftServerConfigKeys (ConfUtils.java:logGet(44)) - raft.server.notification.no-leader.timeout = 300s (custom)
2021-05-21 14:31:44,647 [pool-375-thread-1] INFO  server.RaftServerConfigKeys (ConfUtils.java:logGet(44)) - raft.server.log.use.memory = false (default)
2021-05-21 14:31:44,647 [EventQueue-OpenPipelineForHealthyPipelineSafeModeRule] INFO  safemode.SCMSafeModeManager (HealthyPipelineSafeModeRule.java:process(130)) - SCM in safe mode. Healthy pipelines reported count is 0, required healthy pipeline reported count is 1
2021-05-21 14:31:44,647 [pool-375-thread-1] INFO  server.RaftServerConfigKeys (ConfUtils.java:logGet(44)) - raft.server.log.purge.gap = 1000000 (custom)
2021-05-21 14:31:44,648 [pool-375-thread-1] INFO  server.RaftServerConfigKeys (ConfUtils.java:logGet(44)) - raft.server.log.appender.buffer.byte-limit = 33554432 (custom)
2021-05-21 14:31:44,649 [pool-375-thread-1] INFO  metrics.RatisMetrics (RatisMetrics.java:lambda$create$0(36)) - Creating Metrics Registry : ratis.log_worker.1b7a9f1a-9a61-4565-a67b-2de79fff2a8e@group-1B5315FD9401
2021-05-21 14:31:44,649 [pool-375-thread-1] INFO  server.RaftServerConfigKeys (ConfUtils.java:logGet(44)) - raft.server.log.segment.size.max = 1048576 (custom)
2021-05-21 14:31:44,649 [pool-375-thread-1] INFO  server.RaftServerConfigKeys (ConfUtils.java:logGet(44)) - raft.server.log.segment.cache.num.max = 2 (custom)
2021-05-21 14:31:44,649 [pool-375-thread-1] INFO  server.RaftServerConfigKeys (ConfUtils.java:logGet(44)) - raft.server.log.segment.cache.size.max = 200MB (=209715200) (default)
2021-05-21 14:31:44,649 [pool-375-thread-1] INFO  segmented.SegmentedRaftLogWorker (SegmentedRaftLogWorker.java:<init>(182)) - new 1b7a9f1a-9a61-4565-a67b-2de79fff2a8e@group-1B5315FD9401-SegmentedRaftLogWorker for RaftStorageImpl:Storage Directory /github/workspace/mnt/ozone/hadoop-ozone/integration-test/target/test-dir/MiniOzoneClusterImpl-22464894-f501-479f-ae18-3fb6cdd505c4/datanode-5/data/ratis/64bacc7c-a074-4dc3-af42-1b5315fd9401
2021-05-21 14:31:44,649 [pool-375-thread-1] INFO  server.RaftServerConfigKeys (ConfUtils.java:logGet(44)) - raft.server.log.queue.byte-limit = 2147483647 (custom)
2021-05-21 14:31:44,649 [pool-375-thread-1] INFO  server.RaftServerConfigKeys (ConfUtils.java:logGet(44)) - raft.server.log.queue.element-limit = 1024 (custom)
2021-05-21 14:31:44,650 [pool-375-thread-1] INFO  server.RaftServerConfigKeys (ConfUtils.java:logGet(44)) - raft.server.log.segment.size.max = 1048576 (custom)
2021-05-21 14:31:44,650 [pool-375-thread-1] INFO  server.RaftServerConfigKeys (ConfUtils.java:logGet(44)) - raft.server.log.preallocated.size = 16384 (custom)
2021-05-21 14:31:44,650 [pool-375-thread-1] INFO  server.RaftServerConfigKeys (ConfUtils.java:logGet(44)) - raft.server.log.force.sync.num = 128 (default)
2021-05-21 14:31:44,650 [pool-375-thread-1] INFO  server.RaftServerConfigKeys (ConfUtils.java:logGet(44)) - raft.server.log.statemachine.data.sync = true (default)
2021-05-21 14:31:44,650 [pool-375-thread-1] INFO  server.RaftServerConfigKeys (ConfUtils.java:logGet(44)) - raft.server.log.statemachine.data.sync.timeout = 10s (default)
2021-05-21 14:31:44,650 [pool-375-thread-1] INFO  server.RaftServerConfigKeys (ConfUtils.java:logGet(44)) - raft.server.log.statemachine.data.sync.timeout.retry = -1 (default)
2021-05-21 14:31:44,651 [pool-375-thread-1] INFO  server.RaftServerConfigKeys (ConfUtils.java:logGet(44)) - raft.server.log.write.buffer.size = 1048576 (custom)
2021-05-21 14:31:44,652 [pool-375-thread-1] INFO  server.RaftServerConfigKeys (ConfUtils.java:logGet(44)) - raft.server.log.statemachine.data.caching.enabled = true (custom)
2021-05-21 14:31:44,652 [pool-375-thread-1] INFO  segmented.SegmentedRaftLogWorker (SegmentedRaftLogWorker.java:lambda$new$0(133)) - 1b7a9f1a-9a61-4565-a67b-2de79fff2a8e@group-1B5315FD9401-SegmentedRaftLogWorker: flushIndex: setUnconditionally 0 -> -1
2021-05-21 14:31:44,652 [pool-375-thread-1] INFO  segmented.SegmentedRaftLogWorker (SegmentedRaftLogWorker.java:lambda$new$0(133)) - 1b7a9f1a-9a61-4565-a67b-2de79fff2a8e@group-1B5315FD9401-SegmentedRaftLogWorker: safeCacheEvictIndex: setUnconditionally 0 -> -1
2021-05-21 14:31:44,652 [pool-375-thread-1] INFO  server.RaftServerConfigKeys (ConfUtils.java:logGet(44)) - raft.server.snapshot.auto.trigger.enabled = true (custom)
2021-05-21 14:31:44,652 [pool-375-thread-1] INFO  server.RaftServerConfigKeys (ConfUtils.java:logGet(44)) - raft.server.snapshot.auto.trigger.threshold = 10000 (custom)
2021-05-21 14:31:44,652 [pool-375-thread-1] INFO  server.RaftServerConfigKeys (ConfUtils.java:logGet(44)) - raft.server.snapshot.retention.file.num = 5 (custom)
2021-05-21 14:31:44,652 [pool-375-thread-1] INFO  server.RaftServerConfigKeys (ConfUtils.java:logGet(44)) - raft.server.log.purge.upto.snapshot.index = false (default)
2021-05-21 14:31:44,652 [pool-375-thread-1] INFO  server.RaftServerConfigKeys (ConfUtils.java:logGet(44)) - raft.server.retrycache.expirytime = 600000ms (custom)
2021-05-21 14:31:44,652 [pool-375-thread-1] INFO  server.RaftServerConfigKeys (ConfUtils.java:logGet(44)) - raft.server.retrycache.statistics.expirytime = 100?s (default)
2021-05-21 14:31:44,652 [pool-375-thread-1] INFO  metrics.RatisMetrics (RatisMetrics.java:lambda$create$0(36)) - Creating Metrics Registry : ratis.leader_election.1b7a9f1a-9a61-4565-a67b-2de79fff2a8e@group-1B5315FD9401
2021-05-21 14:31:44,656 [pool-375-thread-1] INFO  metrics.RatisMetrics (RatisMetrics.java:lambda$create$0(36)) - Creating Metrics Registry : ratis.server.1b7a9f1a-9a61-4565-a67b-2de79fff2a8e@group-1B5315FD9401
2021-05-21 14:31:44,661 [pool-375-thread-1] INFO  server.RaftServer$Division (RaftServerImpl.java:start(295)) - 1b7a9f1a-9a61-4565-a67b-2de79fff2a8e@group-1B5315FD9401: start as a follower, conf=-1: [1b7a9f1a-9a61-4565-a67b-2de79fff2a8e|rpc:172.17.0.2:36135|priority:1], old=null
2021-05-21 14:31:44,661 [pool-375-thread-1] INFO  server.RaftServer$Division (RaftServerImpl.java:setRole(284)) - 1b7a9f1a-9a61-4565-a67b-2de79fff2a8e@group-1B5315FD9401: changes role from      null to FOLLOWER at term 0 for startAsFollower
2021-05-21 14:31:44,661 [pool-375-thread-1] INFO  impl.RoleInfo (RoleInfo.java:updateAndGet(130)) - 1b7a9f1a-9a61-4565-a67b-2de79fff2a8e: start 1b7a9f1a-9a61-4565-a67b-2de79fff2a8e@group-1B5315FD9401-FollowerState
2021-05-21 14:31:44,662 [pool-375-thread-1] INFO  util.JmxRegister (JmxRegister.java:tryRegister(44)) - Successfully registered JMX Bean with object name Ratis:service=RaftServer,group=group-1B5315FD9401,id=1b7a9f1a-9a61-4565-a67b-2de79fff2a8e
2021-05-21 14:31:44,662 [pool-375-thread-1] INFO  metrics.RatisMetrics (RatisMetrics.java:lambda$create$0(36)) - Creating Metrics Registry : ratis.state_machine.1b7a9f1a-9a61-4565-a67b-2de79fff2a8e@group-1B5315FD9401
2021-05-21 14:31:44,662 [Command processor thread] INFO  ratis.XceiverServerRatis (XceiverServerRatis.java:addGroup(808)) - Created group PipelineID=64bacc7c-a074-4dc3-af42-1b5315fd9401
2021-05-21 14:31:44,662 [Command processor thread] INFO  commandhandler.CreatePipelineCommandHandler (CreatePipelineCommandHandler.java:handle(106)) - Created Pipeline RATIS ONE PipelineID=64bacc7c-a074-4dc3-af42-1b5315fd9401.
2021-05-21 14:31:44,727 [ReplicationMonitor] INFO  container.ReplicationManager (ReplicationManager.java:run(290)) - Replication Monitor Thread took 0 milliseconds for processing 0 containers.
2021-05-21 14:31:44,942 [EventQueue-OpenPipelineForHealthyPipelineSafeModeRule] INFO  safemode.SCMSafeModeManager (HealthyPipelineSafeModeRule.java:process(130)) - SCM in safe mode. Healthy pipelines reported count is 0, required healthy pipeline reported count is 1
2021-05-21 14:31:44,942 [EventQueue-PipelineReportForOneReplicaPipelineSafeModeRule] INFO  safemode.SCMSafeModeManager (SCMSafeModeManager.java:validateSafeModeExitRules(201)) - AtleastOneDatanodeReportedRule rule is successfully validated
2021-05-21 14:31:45,197 [EventQueue-PipelineReportForOneReplicaPipelineSafeModeRule] INFO  safemode.SCMSafeModeManager (SCMSafeModeManager.java:validateSafeModeExitRules(201)) - AtleastOneDatanodeReportedRule rule is successfully validated
2021-05-21 14:31:45,198 [EventQueue-OpenPipelineForHealthyPipelineSafeModeRule] INFO  safemode.SCMSafeModeManager (HealthyPipelineSafeModeRule.java:process(130)) - SCM in safe mode. Healthy pipelines reported count is 0, required healthy pipeline reported count is 1
2021-05-21 14:31:45,349 [EventQueue-PipelineReportForOneReplicaPipelineSafeModeRule] INFO  safemode.SCMSafeModeManager (SCMSafeModeManager.java:validateSafeModeExitRules(201)) - AtleastOneDatanodeReportedRule rule is successfully validated
2021-05-21 14:31:45,349 [EventQueue-OpenPipelineForHealthyPipelineSafeModeRule] INFO  safemode.SCMSafeModeManager (HealthyPipelineSafeModeRule.java:process(130)) - SCM in safe mode. Healthy pipelines reported count is 0, required healthy pipeline reported count is 1
2021-05-21 14:31:45,398 [EventQueue-PipelineReportForOneReplicaPipelineSafeModeRule] INFO  safemode.SCMSafeModeManager (SCMSafeModeManager.java:validateSafeModeExitRules(201)) - AtleastOneDatanodeReportedRule rule is successfully validated
2021-05-21 14:31:45,398 [EventQueue-OpenPipelineForHealthyPipelineSafeModeRule] INFO  safemode.SCMSafeModeManager (HealthyPipelineSafeModeRule.java:process(130)) - SCM in safe mode. Healthy pipelines reported count is 0, required healthy pipeline reported count is 1
2021-05-21 14:31:45,564 [EventQueue-OpenPipelineForHealthyPipelineSafeModeRule] INFO  safemode.SCMSafeModeManager (HealthyPipelineSafeModeRule.java:process(130)) - SCM in safe mode. Healthy pipelines reported count is 0, required healthy pipeline reported count is 1
2021-05-21 14:31:45,564 [EventQueue-PipelineReportForOneReplicaPipelineSafeModeRule] INFO  safemode.SCMSafeModeManager (SCMSafeModeManager.java:validateSafeModeExitRules(201)) - AtleastOneDatanodeReportedRule rule is successfully validated
2021-05-21 14:31:45,645 [Listener at 127.0.0.1/41311] INFO  ozone.MiniOzoneClusterImpl (MiniOzoneClusterImpl.java:lambda$waitForClusterToBeReady$0(224)) - Nodes are ready. Got 6 of 6 DN Heartbeats.
2021-05-21 14:31:45,646 [Listener at 127.0.0.1/41311] INFO  ozone.MiniOzoneClusterImpl (MiniOzoneClusterImpl.java:lambda$waitForClusterToBeReady$0(227)) - Waiting for cluster to exit safe mode
2021-05-21 14:31:45,646 [Listener at 127.0.0.1/41311] INFO  ozone.MiniOzoneClusterImpl (MiniOzoneClusterImpl.java:lambda$waitForClusterToBeReady$0(230)) - SCM became leader
2021-05-21 14:31:45,646 [EventQueue-PipelineReportForOneReplicaPipelineSafeModeRule] INFO  safemode.SCMSafeModeManager (SCMSafeModeManager.java:validateSafeModeExitRules(201)) - AtleastOneDatanodeReportedRule rule is successfully validated
2021-05-21 14:31:45,646 [EventQueue-OpenPipelineForHealthyPipelineSafeModeRule] INFO  safemode.SCMSafeModeManager (HealthyPipelineSafeModeRule.java:process(130)) - SCM in safe mode. Healthy pipelines reported count is 0, required healthy pipeline reported count is 1
2021-05-21 14:31:45,729 [ReplicationMonitor] INFO  container.ReplicationManager (ReplicationManager.java:run(290)) - Replication Monitor Thread took 0 milliseconds for processing 0 containers.
2021-05-21 14:31:45,942 [EventQueue-PipelineReportForOneReplicaPipelineSafeModeRule] INFO  safemode.SCMSafeModeManager (SCMSafeModeManager.java:validateSafeModeExitRules(201)) - AtleastOneDatanodeReportedRule rule is successfully validated
2021-05-21 14:31:45,942 [EventQueue-OpenPipelineForHealthyPipelineSafeModeRule] INFO  safemode.SCMSafeModeManager (HealthyPipelineSafeModeRule.java:process(130)) - SCM in safe mode. Healthy pipelines reported count is 0, required healthy pipeline reported count is 1
2021-05-21 14:31:46,196 [EventQueue-PipelineReportForOneReplicaPipelineSafeModeRule] INFO  safemode.SCMSafeModeManager (SCMSafeModeManager.java:validateSafeModeExitRules(201)) - AtleastOneDatanodeReportedRule rule is successfully validated
2021-05-21 14:31:46,197 [EventQueue-OpenPipelineForHealthyPipelineSafeModeRule] INFO  safemode.SCMSafeModeManager (HealthyPipelineSafeModeRule.java:process(130)) - SCM in safe mode. Healthy pipelines reported count is 0, required healthy pipeline reported count is 1
2021-05-21 14:31:46,350 [EventQueue-PipelineReportForOneReplicaPipelineSafeModeRule] INFO  safemode.SCMSafeModeManager (SCMSafeModeManager.java:validateSafeModeExitRules(201)) - AtleastOneDatanodeReportedRule rule is successfully validated
2021-05-21 14:31:46,350 [EventQueue-OpenPipelineForHealthyPipelineSafeModeRule] INFO  safemode.SCMSafeModeManager (HealthyPipelineSafeModeRule.java:process(130)) - SCM in safe mode. Healthy pipelines reported count is 0, required healthy pipeline reported count is 1
2021-05-21 14:31:46,399 [EventQueue-PipelineReportForOneReplicaPipelineSafeModeRule] INFO  safemode.SCMSafeModeManager (SCMSafeModeManager.java:validateSafeModeExitRules(201)) - AtleastOneDatanodeReportedRule rule is successfully validated
2021-05-21 14:31:46,399 [EventQueue-OpenPipelineForHealthyPipelineSafeModeRule] INFO  safemode.SCMSafeModeManager (HealthyPipelineSafeModeRule.java:process(130)) - SCM in safe mode. Healthy pipelines reported count is 0, required healthy pipeline reported count is 1
2021-05-21 14:31:46,565 [EventQueue-PipelineReportForOneReplicaPipelineSafeModeRule] INFO  safemode.SCMSafeModeManager (SCMSafeModeManager.java:validateSafeModeExitRules(201)) - AtleastOneDatanodeReportedRule rule is successfully validated
2021-05-21 14:31:46,565 [EventQueue-OpenPipelineForHealthyPipelineSafeModeRule] INFO  safemode.SCMSafeModeManager (HealthyPipelineSafeModeRule.java:process(130)) - SCM in safe mode. Healthy pipelines reported count is 0, required healthy pipeline reported count is 1
2021-05-21 14:31:46,646 [Listener at 127.0.0.1/41311] INFO  ozone.MiniOzoneClusterImpl (MiniOzoneClusterImpl.java:lambda$waitForClusterToBeReady$0(224)) - Nodes are ready. Got 6 of 6 DN Heartbeats.
2021-05-21 14:31:46,646 [Listener at 127.0.0.1/41311] INFO  ozone.MiniOzoneClusterImpl (MiniOzoneClusterImpl.java:lambda$waitForClusterToBeReady$0(227)) - Waiting for cluster to exit safe mode
2021-05-21 14:31:46,647 [Listener at 127.0.0.1/41311] INFO  ozone.MiniOzoneClusterImpl (MiniOzoneClusterImpl.java:lambda$waitForClusterToBeReady$0(230)) - SCM became leader
2021-05-21 14:31:46,647 [EventQueue-OpenPipelineForHealthyPipelineSafeModeRule] INFO  safemode.SCMSafeModeManager (HealthyPipelineSafeModeRule.java:process(130)) - SCM in safe mode. Healthy pipelines reported count is 0, required healthy pipeline reported count is 1
2021-05-21 14:31:46,647 [EventQueue-PipelineReportForOneReplicaPipelineSafeModeRule] INFO  safemode.SCMSafeModeManager (SCMSafeModeManager.java:validateSafeModeExitRules(201)) - AtleastOneDatanodeReportedRule rule is successfully validated
2021-05-21 14:31:46,731 [ReplicationMonitor] INFO  container.ReplicationManager (ReplicationManager.java:run(290)) - Replication Monitor Thread took 0 milliseconds for processing 0 containers.
2021-05-21 14:31:46,942 [EventQueue-PipelineReportForOneReplicaPipelineSafeModeRule] INFO  safemode.SCMSafeModeManager (SCMSafeModeManager.java:validateSafeModeExitRules(201)) - AtleastOneDatanodeReportedRule rule is successfully validated
2021-05-21 14:31:46,942 [EventQueue-OpenPipelineForHealthyPipelineSafeModeRule] INFO  safemode.SCMSafeModeManager (HealthyPipelineSafeModeRule.java:process(130)) - SCM in safe mode. Healthy pipelines reported count is 0, required healthy pipeline reported count is 1
2021-05-21 14:31:47,198 [EventQueue-PipelineReportForOneReplicaPipelineSafeModeRule] INFO  safemode.SCMSafeModeManager (SCMSafeModeManager.java:validateSafeModeExitRules(201)) - AtleastOneDatanodeReportedRule rule is successfully validated
2021-05-21 14:31:47,198 [EventQueue-OpenPipelineForHealthyPipelineSafeModeRule] INFO  safemode.SCMSafeModeManager (HealthyPipelineSafeModeRule.java:process(130)) - SCM in safe mode. Healthy pipelines reported count is 0, required healthy pipeline reported count is 1
2021-05-21 14:31:47,350 [EventQueue-OpenPipelineForHealthyPipelineSafeModeRule] INFO  safemode.SCMSafeModeManager (HealthyPipelineSafeModeRule.java:process(130)) - SCM in safe mode. Healthy pipelines reported count is 0, required healthy pipeline reported count is 1
2021-05-21 14:31:47,351 [EventQueue-PipelineReportForOneReplicaPipelineSafeModeRule] INFO  safemode.SCMSafeModeManager (SCMSafeModeManager.java:validateSafeModeExitRules(201)) - AtleastOneDatanodeReportedRule rule is successfully validated
2021-05-21 14:31:47,400 [EventQueue-PipelineReportForOneReplicaPipelineSafeModeRule] INFO  safemode.SCMSafeModeManager (SCMSafeModeManager.java:validateSafeModeExitRules(201)) - AtleastOneDatanodeReportedRule rule is successfully validated
2021-05-21 14:31:47,400 [EventQueue-OpenPipelineForHealthyPipelineSafeModeRule] INFO  safemode.SCMSafeModeManager (HealthyPipelineSafeModeRule.java:process(130)) - SCM in safe mode. Healthy pipelines reported count is 0, required healthy pipeline reported count is 1
2021-05-21 14:31:47,564 [EventQueue-PipelineReportForOneReplicaPipelineSafeModeRule] INFO  safemode.SCMSafeModeManager (SCMSafeModeManager.java:validateSafeModeExitRules(201)) - AtleastOneDatanodeReportedRule rule is successfully validated
2021-05-21 14:31:47,565 [EventQueue-OpenPipelineForHealthyPipelineSafeModeRule] INFO  safemode.SCMSafeModeManager (HealthyPipelineSafeModeRule.java:process(130)) - SCM in safe mode. Healthy pipelines reported count is 0, required healthy pipeline reported count is 1
2021-05-21 14:31:47,646 [EventQueue-OpenPipelineForHealthyPipelineSafeModeRule] INFO  safemode.SCMSafeModeManager (HealthyPipelineSafeModeRule.java:process(130)) - SCM in safe mode. Healthy pipelines reported count is 0, required healthy pipeline reported count is 1
2021-05-21 14:31:47,646 [EventQueue-PipelineReportForOneReplicaPipelineSafeModeRule] INFO  safemode.SCMSafeModeManager (SCMSafeModeManager.java:validateSafeModeExitRules(201)) - AtleastOneDatanodeReportedRule rule is successfully validated
2021-05-21 14:31:47,647 [Listener at 127.0.0.1/41311] INFO  ozone.MiniOzoneClusterImpl (MiniOzoneClusterImpl.java:lambda$waitForClusterToBeReady$0(224)) - Nodes are ready. Got 6 of 6 DN Heartbeats.
2021-05-21 14:31:47,647 [Listener at 127.0.0.1/41311] INFO  ozone.MiniOzoneClusterImpl (MiniOzoneClusterImpl.java:lambda$waitForClusterToBeReady$0(227)) - Waiting for cluster to exit safe mode
2021-05-21 14:31:47,647 [Listener at 127.0.0.1/41311] INFO  ozone.MiniOzoneClusterImpl (MiniOzoneClusterImpl.java:lambda$waitForClusterToBeReady$0(230)) - SCM became leader
2021-05-21 14:31:47,732 [ReplicationMonitor] INFO  container.ReplicationManager (ReplicationManager.java:run(290)) - Replication Monitor Thread took 0 milliseconds for processing 0 containers.
2021-05-21 14:31:47,942 [EventQueue-PipelineReportForOneReplicaPipelineSafeModeRule] INFO  safemode.SCMSafeModeManager (SCMSafeModeManager.java:validateSafeModeExitRules(201)) - AtleastOneDatanodeReportedRule rule is successfully validated
2021-05-21 14:31:47,942 [EventQueue-OpenPipelineForHealthyPipelineSafeModeRule] INFO  safemode.SCMSafeModeManager (HealthyPipelineSafeModeRule.java:process(130)) - SCM in safe mode. Healthy pipelines reported count is 0, required healthy pipeline reported count is 1
2021-05-21 14:31:48,198 [EventQueue-OpenPipelineForHealthyPipelineSafeModeRule] INFO  safemode.SCMSafeModeManager (HealthyPipelineSafeModeRule.java:process(130)) - SCM in safe mode. Healthy pipelines reported count is 0, required healthy pipeline reported count is 1
2021-05-21 14:31:48,198 [EventQueue-PipelineReportForOneReplicaPipelineSafeModeRule] INFO  safemode.SCMSafeModeManager (SCMSafeModeManager.java:validateSafeModeExitRules(201)) - AtleastOneDatanodeReportedRule rule is successfully validated
2021-05-21 14:31:48,349 [EventQueue-PipelineReportForOneReplicaPipelineSafeModeRule] INFO  safemode.SCMSafeModeManager (SCMSafeModeManager.java:validateSafeModeExitRules(201)) - AtleastOneDatanodeReportedRule rule is successfully validated
2021-05-21 14:31:48,349 [EventQueue-OpenPipelineForHealthyPipelineSafeModeRule] INFO  safemode.SCMSafeModeManager (HealthyPipelineSafeModeRule.java:process(130)) - SCM in safe mode. Healthy pipelines reported count is 0, required healthy pipeline reported count is 1
2021-05-21 14:31:48,393 [14ea7ea1-b15f-48dc-ab0e-907b4acf42a4@group-A699E101D9F1-FollowerState] INFO  impl.FollowerState (FollowerState.java:run(134)) - 14ea7ea1-b15f-48dc-ab0e-907b4acf42a4@group-A699E101D9F1-FollowerState: change to CANDIDATE, lastRpcElapsedTime:5037163221ns, electionTimeout:5036ms
2021-05-21 14:31:48,393 [14ea7ea1-b15f-48dc-ab0e-907b4acf42a4@group-A699E101D9F1-FollowerState] INFO  impl.RoleInfo (RoleInfo.java:shutdownFollowerState(108)) - 14ea7ea1-b15f-48dc-ab0e-907b4acf42a4: shutdown 14ea7ea1-b15f-48dc-ab0e-907b4acf42a4@group-A699E101D9F1-FollowerState
2021-05-21 14:31:48,393 [14ea7ea1-b15f-48dc-ab0e-907b4acf42a4@group-A699E101D9F1-FollowerState] INFO  server.RaftServer$Division (RaftServerImpl.java:setRole(284)) - 14ea7ea1-b15f-48dc-ab0e-907b4acf42a4@group-A699E101D9F1: changes role from  FOLLOWER to CANDIDATE at term 0 for changeToCandidate
2021-05-21 14:31:48,394 [14ea7ea1-b15f-48dc-ab0e-907b4acf42a4@group-A699E101D9F1-FollowerState] INFO  server.RaftServerConfigKeys (ConfUtils.java:logGet(44)) - raft.server.leaderelection.pre-vote = false (custom)
2021-05-21 14:31:48,394 [14ea7ea1-b15f-48dc-ab0e-907b4acf42a4@group-A699E101D9F1-FollowerState] INFO  impl.RoleInfo (RoleInfo.java:updateAndGet(130)) - 14ea7ea1-b15f-48dc-ab0e-907b4acf42a4: start 14ea7ea1-b15f-48dc-ab0e-907b4acf42a4@group-A699E101D9F1-LeaderElection20
2021-05-21 14:31:48,397 [14ea7ea1-b15f-48dc-ab0e-907b4acf42a4@group-A699E101D9F1-LeaderElection20] INFO  impl.LeaderElection (LeaderElection.java:askForVotes(306)) - 14ea7ea1-b15f-48dc-ab0e-907b4acf42a4@group-A699E101D9F1-LeaderElection20 ELECTION round 0: submit vote requests at term 1 for -1: [9a82ec2f-9c54-4599-b9e4-0bab5ceba92f|rpc:172.17.0.2:41073|priority:0, 1fccea47-322e-4257-abe8-9dc7eb47081b|rpc:172.17.0.2:46599|priority:1, 14ea7ea1-b15f-48dc-ab0e-907b4acf42a4|rpc:172.17.0.2:46343|priority:0], old=null
2021-05-21 14:31:48,399 [EventQueue-OpenPipelineForHealthyPipelineSafeModeRule] INFO  safemode.SCMSafeModeManager (HealthyPipelineSafeModeRule.java:process(130)) - SCM in safe mode. Healthy pipelines reported count is 0, required healthy pipeline reported count is 1
2021-05-21 14:31:48,400 [EventQueue-PipelineReportForOneReplicaPipelineSafeModeRule] INFO  safemode.SCMSafeModeManager (SCMSafeModeManager.java:validateSafeModeExitRules(201)) - AtleastOneDatanodeReportedRule rule is successfully validated
2021-05-21 14:31:48,411 [grpc-default-executor-0] INFO  server.RaftServer$Division (RaftServerImpl.java:requestVote(1042)) - 9a82ec2f-9c54-4599-b9e4-0bab5ceba92f@group-A699E101D9F1: receive requestVote(ELECTION, 14ea7ea1-b15f-48dc-ab0e-907b4acf42a4, group-A699E101D9F1, 1, (t:0, i:0))
2021-05-21 14:31:48,411 [grpc-default-executor-2] INFO  server.RaftServer$Division (RaftServerImpl.java:requestVote(1042)) - 1fccea47-322e-4257-abe8-9dc7eb47081b@group-A699E101D9F1: receive requestVote(ELECTION, 14ea7ea1-b15f-48dc-ab0e-907b4acf42a4, group-A699E101D9F1, 1, (t:0, i:0))
2021-05-21 14:31:48,412 [grpc-default-executor-2] INFO  impl.VoteContext (VoteContext.java:log(48)) - 1fccea47-322e-4257-abe8-9dc7eb47081b@group-A699E101D9F1-FOLLOWER: reject ELECTION from 14ea7ea1-b15f-48dc-ab0e-907b4acf42a4: our priority 1 > candidate's priority 0
2021-05-21 14:31:48,412 [grpc-default-executor-2] INFO  server.RaftServer$Division (RaftServerImpl.java:setRole(284)) - 1fccea47-322e-4257-abe8-9dc7eb47081b@group-A699E101D9F1: changes role from  FOLLOWER to FOLLOWER at term 1 for candidate:14ea7ea1-b15f-48dc-ab0e-907b4acf42a4
2021-05-21 14:31:48,412 [grpc-default-executor-2] INFO  impl.RoleInfo (RoleInfo.java:shutdownFollowerState(108)) - 1fccea47-322e-4257-abe8-9dc7eb47081b: shutdown 1fccea47-322e-4257-abe8-9dc7eb47081b@group-A699E101D9F1-FollowerState
2021-05-21 14:31:48,412 [grpc-default-executor-2] INFO  impl.RoleInfo (RoleInfo.java:updateAndGet(130)) - 1fccea47-322e-4257-abe8-9dc7eb47081b: start 1fccea47-322e-4257-abe8-9dc7eb47081b@group-A699E101D9F1-FollowerState
2021-05-21 14:31:48,412 [grpc-default-executor-0] INFO  impl.VoteContext (VoteContext.java:log(48)) - 9a82ec2f-9c54-4599-b9e4-0bab5ceba92f@group-A699E101D9F1-FOLLOWER: accept ELECTION from 14ea7ea1-b15f-48dc-ab0e-907b4acf42a4: our priority 0 <= candidate's priority 0
2021-05-21 14:31:48,412 [grpc-default-executor-0] INFO  server.RaftServer$Division (RaftServerImpl.java:setRole(284)) - 9a82ec2f-9c54-4599-b9e4-0bab5ceba92f@group-A699E101D9F1: changes role from  FOLLOWER to FOLLOWER at term 1 for candidate:14ea7ea1-b15f-48dc-ab0e-907b4acf42a4
2021-05-21 14:31:48,412 [grpc-default-executor-0] INFO  impl.RoleInfo (RoleInfo.java:shutdownFollowerState(108)) - 9a82ec2f-9c54-4599-b9e4-0bab5ceba92f: shutdown 9a82ec2f-9c54-4599-b9e4-0bab5ceba92f@group-A699E101D9F1-FollowerState
2021-05-21 14:31:48,412 [1fccea47-322e-4257-abe8-9dc7eb47081b@group-A699E101D9F1-FollowerState] INFO  impl.FollowerState (FollowerState.java:run(143)) - 1fccea47-322e-4257-abe8-9dc7eb47081b@group-A699E101D9F1-FollowerState was interrupted: {}
java.lang.InterruptedException: sleep interrupted
	at java.lang.Thread.sleep(Native Method)
	at java.lang.Thread.sleep(Thread.java:340)
	at java.util.concurrent.TimeUnit.sleep(TimeUnit.java:386)
	at org.apache.ratis.util.TimeDuration.sleep(TimeDuration.java:324)
	at org.apache.ratis.util.TimeDuration.sleep(TimeDuration.java:309)
	at org.apache.ratis.server.impl.FollowerState.run(FollowerState.java:118)
2021-05-21 14:31:48,422 [grpc-default-executor-0] INFO  impl.RoleInfo (RoleInfo.java:updateAndGet(130)) - 9a82ec2f-9c54-4599-b9e4-0bab5ceba92f: start 9a82ec2f-9c54-4599-b9e4-0bab5ceba92f@group-A699E101D9F1-FollowerState
2021-05-21 14:31:48,422 [9a82ec2f-9c54-4599-b9e4-0bab5ceba92f@group-A699E101D9F1-FollowerState] INFO  impl.FollowerState (FollowerState.java:run(143)) - 9a82ec2f-9c54-4599-b9e4-0bab5ceba92f@group-A699E101D9F1-FollowerState was interrupted: {}
java.lang.InterruptedException: sleep interrupted
	at java.lang.Thread.sleep(Native Method)
	at java.lang.Thread.sleep(Thread.java:340)
	at java.util.concurrent.TimeUnit.sleep(TimeUnit.java:386)
	at org.apache.ratis.util.TimeDuration.sleep(TimeDuration.java:324)
	at org.apache.ratis.util.TimeDuration.sleep(TimeDuration.java:309)
	at org.apache.ratis.server.impl.FollowerState.run(FollowerState.java:118)
2021-05-21 14:31:48,423 [grpc-default-executor-2] INFO  server.RaftServer$Division (RaftServerImpl.java:requestVote(1074)) - 1fccea47-322e-4257-abe8-9dc7eb47081b@group-A699E101D9F1 replies to ELECTION vote request: 14ea7ea1-b15f-48dc-ab0e-907b4acf42a4<-1fccea47-322e-4257-abe8-9dc7eb47081b#0:FAIL-t1. Peer's state: 1fccea47-322e-4257-abe8-9dc7eb47081b@group-A699E101D9F1:t1, leader=null, voted=null, raftlog=1fccea47-322e-4257-abe8-9dc7eb47081b@group-A699E101D9F1-SegmentedRaftLog:OPENED:c-1,f-1,i0, conf=-1: [9a82ec2f-9c54-4599-b9e4-0bab5ceba92f|rpc:172.17.0.2:41073|dataStream:|priority:0, 1fccea47-322e-4257-abe8-9dc7eb47081b|rpc:172.17.0.2:46599|dataStream:|priority:1, 14ea7ea1-b15f-48dc-ab0e-907b4acf42a4|rpc:172.17.0.2:46343|dataStream:|priority:0], old=null
2021-05-21 14:31:48,424 [grpc-default-executor-0] INFO  server.RaftServer$Division (RaftServerImpl.java:requestVote(1074)) - 9a82ec2f-9c54-4599-b9e4-0bab5ceba92f@group-A699E101D9F1 replies to ELECTION vote request: 14ea7ea1-b15f-48dc-ab0e-907b4acf42a4<-9a82ec2f-9c54-4599-b9e4-0bab5ceba92f#0:OK-t1. Peer's state: 9a82ec2f-9c54-4599-b9e4-0bab5ceba92f@group-A699E101D9F1:t1, leader=null, voted=14ea7ea1-b15f-48dc-ab0e-907b4acf42a4, raftlog=9a82ec2f-9c54-4599-b9e4-0bab5ceba92f@group-A699E101D9F1-SegmentedRaftLog:OPENED:c-1,f-1,i0, conf=-1: [9a82ec2f-9c54-4599-b9e4-0bab5ceba92f|rpc:172.17.0.2:41073|dataStream:|priority:0, 1fccea47-322e-4257-abe8-9dc7eb47081b|rpc:172.17.0.2:46599|dataStream:|priority:1, 14ea7ea1-b15f-48dc-ab0e-907b4acf42a4|rpc:172.17.0.2:46343|dataStream:|priority:0], old=null
2021-05-21 14:31:48,426 [14ea7ea1-b15f-48dc-ab0e-907b4acf42a4@group-A699E101D9F1-LeaderElection20] INFO  impl.LeaderElection (LeaderElection.java:logAndReturn(89)) - 14ea7ea1-b15f-48dc-ab0e-907b4acf42a4@group-A699E101D9F1-LeaderElection20: ELECTION REJECTED received 1 response(s) and 0 exception(s):
2021-05-21 14:31:48,426 [14ea7ea1-b15f-48dc-ab0e-907b4acf42a4@group-A699E101D9F1-LeaderElection20] INFO  impl.LeaderElection (LeaderElection.java:logAndReturn(93)) -   Response 0: 14ea7ea1-b15f-48dc-ab0e-907b4acf42a4<-1fccea47-322e-4257-abe8-9dc7eb47081b#0:FAIL-t1
2021-05-21 14:31:48,426 [14ea7ea1-b15f-48dc-ab0e-907b4acf42a4@group-A699E101D9F1-LeaderElection20] INFO  impl.LeaderElection (LeaderElection.java:askForVotes(308)) - 14ea7ea1-b15f-48dc-ab0e-907b4acf42a4@group-A699E101D9F1-LeaderElection20 ELECTION round 0: result REJECTED
2021-05-21 14:31:48,426 [14ea7ea1-b15f-48dc-ab0e-907b4acf42a4@group-A699E101D9F1-LeaderElection20] INFO  server.RaftServer$Division (RaftServerImpl.java:setRole(284)) - 14ea7ea1-b15f-48dc-ab0e-907b4acf42a4@group-A699E101D9F1: changes role from CANDIDATE to FOLLOWER at term 1 for REJECTED
2021-05-21 14:31:48,426 [14ea7ea1-b15f-48dc-ab0e-907b4acf42a4@group-A699E101D9F1-LeaderElection20] INFO  impl.RoleInfo (RoleInfo.java:shutdownLeaderElection(121)) - 14ea7ea1-b15f-48dc-ab0e-907b4acf42a4: shutdown 14ea7ea1-b15f-48dc-ab0e-907b4acf42a4@group-A699E101D9F1-LeaderElection20
2021-05-21 14:31:48,427 [14ea7ea1-b15f-48dc-ab0e-907b4acf42a4@group-A699E101D9F1-LeaderElection20] INFO  impl.RoleInfo (RoleInfo.java:updateAndGet(130)) - 14ea7ea1-b15f-48dc-ab0e-907b4acf42a4: start 14ea7ea1-b15f-48dc-ab0e-907b4acf42a4@group-A699E101D9F1-FollowerState
2021-05-21 14:31:48,514 [14ea7ea1-b15f-48dc-ab0e-907b4acf42a4@group-5720831921CB-FollowerState] INFO  impl.FollowerState (FollowerState.java:run(134)) - 14ea7ea1-b15f-48dc-ab0e-907b4acf42a4@group-5720831921CB-FollowerState: change to CANDIDATE, lastRpcElapsedTime:5173154531ns, electionTimeout:5172ms
2021-05-21 14:31:48,515 [14ea7ea1-b15f-48dc-ab0e-907b4acf42a4@group-5720831921CB-FollowerState] INFO  impl.RoleInfo (RoleInfo.java:shutdownFollowerState(108)) - 14ea7ea1-b15f-48dc-ab0e-907b4acf42a4: shutdown 14ea7ea1-b15f-48dc-ab0e-907b4acf42a4@group-5720831921CB-FollowerState
2021-05-21 14:31:48,515 [14ea7ea1-b15f-48dc-ab0e-907b4acf42a4@group-5720831921CB-FollowerState] INFO  server.RaftServer$Division (RaftServerImpl.java:setRole(284)) - 14ea7ea1-b15f-48dc-ab0e-907b4acf42a4@group-5720831921CB: changes role from  FOLLOWER to CANDIDATE at term 0 for changeToCandidate
2021-05-21 14:31:48,515 [14ea7ea1-b15f-48dc-ab0e-907b4acf42a4@group-5720831921CB-FollowerState] INFO  server.RaftServerConfigKeys (ConfUtils.java:logGet(44)) - raft.server.leaderelection.pre-vote = false (custom)
2021-05-21 14:31:48,515 [14ea7ea1-b15f-48dc-ab0e-907b4acf42a4@group-5720831921CB-FollowerState] INFO  impl.RoleInfo (RoleInfo.java:updateAndGet(130)) - 14ea7ea1-b15f-48dc-ab0e-907b4acf42a4: start 14ea7ea1-b15f-48dc-ab0e-907b4acf42a4@group-5720831921CB-LeaderElection21
2021-05-21 14:31:48,519 [14ea7ea1-b15f-48dc-ab0e-907b4acf42a4@group-5720831921CB-LeaderElection21] INFO  impl.LeaderElection (LeaderElection.java:askForVotes(306)) - 14ea7ea1-b15f-48dc-ab0e-907b4acf42a4@group-5720831921CB-LeaderElection21 ELECTION round 0: submit vote requests at term 1 for -1: [14ea7ea1-b15f-48dc-ab0e-907b4acf42a4|rpc:172.17.0.2:46343|priority:1], old=null
2021-05-21 14:31:48,519 [14ea7ea1-b15f-48dc-ab0e-907b4acf42a4@group-5720831921CB-LeaderElection21] INFO  impl.LeaderElection (LeaderElection.java:askForVotes(308)) - 14ea7ea1-b15f-48dc-ab0e-907b4acf42a4@group-5720831921CB-LeaderElection21 ELECTION round 0: result PASSED (term=1)
2021-05-21 14:31:48,519 [14ea7ea1-b15f-48dc-ab0e-907b4acf42a4@group-5720831921CB-LeaderElection21] INFO  impl.RoleInfo (RoleInfo.java:shutdownLeaderElection(121)) - 14ea7ea1-b15f-48dc-ab0e-907b4acf42a4: shutdown 14ea7ea1-b15f-48dc-ab0e-907b4acf42a4@group-5720831921CB-LeaderElection21
2021-05-21 14:31:48,519 [14ea7ea1-b15f-48dc-ab0e-907b4acf42a4@group-5720831921CB-LeaderElection21] INFO  server.RaftServer$Division (RaftServerImpl.java:setRole(284)) - 14ea7ea1-b15f-48dc-ab0e-907b4acf42a4@group-5720831921CB: changes role from CANDIDATE to LEADER at term 1 for changeToLeader
2021-05-21 14:31:48,520 [14ea7ea1-b15f-48dc-ab0e-907b4acf42a4@group-5720831921CB-LeaderElection21] INFO  ratis.XceiverServerRatis (XceiverServerRatis.java:handleLeaderChangedNotification(906)) - Leader change notification received for group: group-5720831921CB with new leaderId: 14ea7ea1-b15f-48dc-ab0e-907b4acf42a4
2021-05-21 14:31:48,520 [14ea7ea1-b15f-48dc-ab0e-907b4acf42a4@group-5720831921CB-LeaderElection21] INFO  server.RaftServer$Division (ServerState.java:setLeader(271)) - 14ea7ea1-b15f-48dc-ab0e-907b4acf42a4@group-5720831921CB: change Leader from null to 14ea7ea1-b15f-48dc-ab0e-907b4acf42a4 at term 1 for becomeLeader, leader elected after 5190ms
2021-05-21 14:31:48,521 [14ea7ea1-b15f-48dc-ab0e-907b4acf42a4@group-5720831921CB-LeaderElection21] INFO  server.RaftServerConfigKeys (ConfUtils.java:logGet(44)) - raft.server.staging.catchup.gap = 1000 (default)
2021-05-21 14:31:48,521 [14ea7ea1-b15f-48dc-ab0e-907b4acf42a4@group-5720831921CB-LeaderElection21] INFO  metrics.RatisMetrics (RatisMetrics.java:lambda$create$0(36)) - Creating Metrics Registry : ratis.log_appender.14ea7ea1-b15f-48dc-ab0e-907b4acf42a4@group-5720831921CB
2021-05-21 14:31:48,522 [EventQueue-PipelineReportForOneReplicaPipelineSafeModeRule] INFO  safemode.SCMSafeModeManager (SCMSafeModeManager.java:validateSafeModeExitRules(201)) - AtleastOneDatanodeReportedRule rule is successfully validated
2021-05-21 14:31:48,522 [14ea7ea1-b15f-48dc-ab0e-907b4acf42a4@group-5720831921CB-LeaderElection21] INFO  server.RaftServerConfigKeys (ConfUtils.java:logGet(44)) - raft.server.write.element-limit = 1024 (custom)
2021-05-21 14:31:48,522 [EventQueue-OpenPipelineForHealthyPipelineSafeModeRule] INFO  safemode.SCMSafeModeManager (HealthyPipelineSafeModeRule.java:process(130)) - SCM in safe mode. Healthy pipelines reported count is 0, required healthy pipeline reported count is 1
2021-05-21 14:31:48,522 [14ea7ea1-b15f-48dc-ab0e-907b4acf42a4@group-5720831921CB-LeaderElection21] INFO  server.RaftServerConfigKeys (ConfUtils.java:logGet(44)) - raft.server.write.byte-limit = 1073741824 (custom)
2021-05-21 14:31:48,522 [14ea7ea1-b15f-48dc-ab0e-907b4acf42a4@group-5720831921CB-LeaderElection21] INFO  server.RaftServerConfigKeys (ConfUtils.java:logGet(44)) - raft.server.watch.timeout = 180s (custom)
2021-05-21 14:31:48,523 [14ea7ea1-b15f-48dc-ab0e-907b4acf42a4@group-5720831921CB-LeaderElection21] INFO  server.RaftServerConfigKeys (ConfUtils.java:logGet(44)) - raft.server.watch.timeout.denomination = 1s (default)
2021-05-21 14:31:48,523 [14ea7ea1-b15f-48dc-ab0e-907b4acf42a4@group-5720831921CB-LeaderElection21] INFO  server.RaftServerConfigKeys (ConfUtils.java:logGet(44)) - raft.server.watch.element-limit = 65536 (default)
2021-05-21 14:31:48,523 [14ea7ea1-b15f-48dc-ab0e-907b4acf42a4@group-5720831921CB-LeaderElection21] INFO  impl.RoleInfo (RoleInfo.java:updateAndGet(130)) - 14ea7ea1-b15f-48dc-ab0e-907b4acf42a4: start 14ea7ea1-b15f-48dc-ab0e-907b4acf42a4@group-5720831921CB-LeaderStateImpl
2021-05-21 14:31:48,523 [14ea7ea1-b15f-48dc-ab0e-907b4acf42a4@group-5720831921CB-LeaderElection21] INFO  segmented.SegmentedRaftLogWorker (SegmentedRaftLogWorker.java:startLogSegment(394)) - 14ea7ea1-b15f-48dc-ab0e-907b4acf42a4@group-5720831921CB-SegmentedRaftLogWorker: Starting segment from index:0
2021-05-21 14:31:48,525 [14ea7ea1-b15f-48dc-ab0e-907b4acf42a4@group-5720831921CB-LeaderElection21] INFO  server.RaftServer$Division (ServerState.java:setRaftConf(373)) - 14ea7ea1-b15f-48dc-ab0e-907b4acf42a4@group-5720831921CB: set configuration 0: [14ea7ea1-b15f-48dc-ab0e-907b4acf42a4|rpc:172.17.0.2:46343|dataStream:|priority:1], old=null
2021-05-21 14:31:48,526 [14ea7ea1-b15f-48dc-ab0e-907b4acf42a4@group-5720831921CB-SegmentedRaftLogWorker] INFO  segmented.SegmentedRaftLogWorker (SegmentedRaftLogWorker.java:execute(601)) - 14ea7ea1-b15f-48dc-ab0e-907b4acf42a4@group-5720831921CB-SegmentedRaftLogWorker: created new log segment /github/workspace/mnt/ozone/hadoop-ozone/integration-test/target/test-dir/MiniOzoneClusterImpl-22464894-f501-479f-ae18-3fb6cdd505c4/datanode-0/data/ratis/7f0474e5-854a-43cf-97a4-5720831921cb/current/log_inprogress_0
2021-05-21 14:31:48,565 [EventQueue-PipelineReportForOneReplicaPipelineSafeModeRule] INFO  safemode.SCMSafeModeManager (SCMSafeModeManager.java:validateSafeModeExitRules(201)) - AtleastOneDatanodeReportedRule rule is successfully validated
2021-05-21 14:31:48,565 [EventQueue-OpenPipelineForHealthyPipelineSafeModeRule] INFO  safemode.SCMSafeModeManager (HealthyPipelineSafeModeRule.java:process(130)) - SCM in safe mode. Healthy pipelines reported count is 0, required healthy pipeline reported count is 1
2021-05-21 14:31:48,596 [9a82ec2f-9c54-4599-b9e4-0bab5ceba92f@group-7B86A80A9261-FollowerState] INFO  impl.FollowerState (FollowerState.java:run(134)) - 9a82ec2f-9c54-4599-b9e4-0bab5ceba92f@group-7B86A80A9261-FollowerState: change to CANDIDATE, lastRpcElapsedTime:5025746678ns, electionTimeout:5022ms
2021-05-21 14:31:48,597 [9a82ec2f-9c54-4599-b9e4-0bab5ceba92f@group-7B86A80A9261-FollowerState] INFO  impl.RoleInfo (RoleInfo.java:shutdownFollowerState(108)) - 9a82ec2f-9c54-4599-b9e4-0bab5ceba92f: shutdown 9a82ec2f-9c54-4599-b9e4-0bab5ceba92f@group-7B86A80A9261-FollowerState
2021-05-21 14:31:48,597 [9a82ec2f-9c54-4599-b9e4-0bab5ceba92f@group-7B86A80A9261-FollowerState] INFO  server.RaftServer$Division (RaftServerImpl.java:setRole(284)) - 9a82ec2f-9c54-4599-b9e4-0bab5ceba92f@group-7B86A80A9261: changes role from  FOLLOWER to CANDIDATE at term 0 for changeToCandidate
2021-05-21 14:31:48,598 [9a82ec2f-9c54-4599-b9e4-0bab5ceba92f@group-7B86A80A9261-FollowerState] INFO  server.RaftServerConfigKeys (ConfUtils.java:logGet(44)) - raft.server.leaderelection.pre-vote = false (custom)
2021-05-21 14:31:48,598 [9a82ec2f-9c54-4599-b9e4-0bab5ceba92f@group-7B86A80A9261-FollowerState] INFO  impl.RoleInfo (RoleInfo.java:updateAndGet(130)) - 9a82ec2f-9c54-4599-b9e4-0bab5ceba92f: start 9a82ec2f-9c54-4599-b9e4-0bab5ceba92f@group-7B86A80A9261-LeaderElection22
2021-05-21 14:31:48,602 [9a82ec2f-9c54-4599-b9e4-0bab5ceba92f@group-7B86A80A9261-LeaderElection22] INFO  impl.LeaderElection (LeaderElection.java:askForVotes(306)) - 9a82ec2f-9c54-4599-b9e4-0bab5ceba92f@group-7B86A80A9261-LeaderElection22 ELECTION round 0: submit vote requests at term 1 for -1: [9a82ec2f-9c54-4599-b9e4-0bab5ceba92f|rpc:172.17.0.2:41073|priority:1], old=null
2021-05-21 14:31:48,602 [9a82ec2f-9c54-4599-b9e4-0bab5ceba92f@group-7B86A80A9261-LeaderElection22] INFO  impl.LeaderElection (LeaderElection.java:askForVotes(308)) - 9a82ec2f-9c54-4599-b9e4-0bab5ceba92f@group-7B86A80A9261-LeaderElection22 ELECTION round 0: result PASSED (term=1)
2021-05-21 14:31:48,602 [9a82ec2f-9c54-4599-b9e4-0bab5ceba92f@group-7B86A80A9261-LeaderElection22] INFO  impl.RoleInfo (RoleInfo.java:shutdownLeaderElection(121)) - 9a82ec2f-9c54-4599-b9e4-0bab5ceba92f: shutdown 9a82ec2f-9c54-4599-b9e4-0bab5ceba92f@group-7B86A80A9261-LeaderElection22
2021-05-21 14:31:48,603 [9a82ec2f-9c54-4599-b9e4-0bab5ceba92f@group-7B86A80A9261-LeaderElection22] INFO  server.RaftServer$Division (RaftServerImpl.java:setRole(284)) - 9a82ec2f-9c54-4599-b9e4-0bab5ceba92f@group-7B86A80A9261: changes role from CANDIDATE to LEADER at term 1 for changeToLeader
2021-05-21 14:31:48,603 [9a82ec2f-9c54-4599-b9e4-0bab5ceba92f@group-7B86A80A9261-LeaderElection22] INFO  ratis.XceiverServerRatis (XceiverServerRatis.java:handleLeaderChangedNotification(906)) - Leader change notification received for group: group-7B86A80A9261 with new leaderId: 9a82ec2f-9c54-4599-b9e4-0bab5ceba92f
2021-05-21 14:31:48,603 [9a82ec2f-9c54-4599-b9e4-0bab5ceba92f@group-7B86A80A9261-LeaderElection22] INFO  server.RaftServer$Division (ServerState.java:setLeader(271)) - 9a82ec2f-9c54-4599-b9e4-0bab5ceba92f@group-7B86A80A9261: change Leader from null to 9a82ec2f-9c54-4599-b9e4-0bab5ceba92f at term 1 for becomeLeader, leader elected after 5041ms
2021-05-21 14:31:48,603 [9a82ec2f-9c54-4599-b9e4-0bab5ceba92f@group-7B86A80A9261-LeaderElection22] INFO  server.RaftServerConfigKeys (ConfUtils.java:logGet(44)) - raft.server.staging.catchup.gap = 1000 (default)
2021-05-21 14:31:48,603 [9a82ec2f-9c54-4599-b9e4-0bab5ceba92f@group-7B86A80A9261-LeaderElection22] INFO  metrics.RatisMetrics (RatisMetrics.java:lambda$create$0(36)) - Creating Metrics Registry : ratis.log_appender.9a82ec2f-9c54-4599-b9e4-0bab5ceba92f@group-7B86A80A9261
2021-05-21 14:31:48,604 [9a82ec2f-9c54-4599-b9e4-0bab5ceba92f@group-7B86A80A9261-LeaderElection22] INFO  server.RaftServerConfigKeys (ConfUtils.java:logGet(44)) - raft.server.write.element-limit = 1024 (custom)
2021-05-21 14:31:48,604 [9a82ec2f-9c54-4599-b9e4-0bab5ceba92f@group-7B86A80A9261-LeaderElection22] INFO  server.RaftServerConfigKeys (ConfUtils.java:logGet(44)) - raft.server.write.byte-limit = 1073741824 (custom)
2021-05-21 14:31:48,604 [EventQueue-PipelineReportForOneReplicaPipelineSafeModeRule] INFO  safemode.SCMSafeModeManager (SCMSafeModeManager.java:validateSafeModeExitRules(201)) - AtleastOneDatanodeReportedRule rule is successfully validated
2021-05-21 14:31:48,604 [EventQueue-OpenPipelineForHealthyPipelineSafeModeRule] INFO  safemode.SCMSafeModeManager (HealthyPipelineSafeModeRule.java:process(130)) - SCM in safe mode. Healthy pipelines reported count is 0, required healthy pipeline reported count is 1
2021-05-21 14:31:48,604 [9a82ec2f-9c54-4599-b9e4-0bab5ceba92f@group-7B86A80A9261-LeaderElection22] INFO  server.RaftServerConfigKeys (ConfUtils.java:logGet(44)) - raft.server.watch.timeout = 180s (custom)
2021-05-21 14:31:48,604 [9a82ec2f-9c54-4599-b9e4-0bab5ceba92f@group-7B86A80A9261-LeaderElection22] INFO  server.RaftServerConfigKeys (ConfUtils.java:logGet(44)) - raft.server.watch.timeout.denomination = 1s (default)
2021-05-21 14:31:48,604 [9a82ec2f-9c54-4599-b9e4-0bab5ceba92f@group-7B86A80A9261-LeaderElection22] INFO  server.RaftServerConfigKeys (ConfUtils.java:logGet(44)) - raft.server.watch.element-limit = 65536 (default)
2021-05-21 14:31:48,605 [9a82ec2f-9c54-4599-b9e4-0bab5ceba92f@group-7B86A80A9261-LeaderElection22] INFO  impl.RoleInfo (RoleInfo.java:updateAndGet(130)) - 9a82ec2f-9c54-4599-b9e4-0bab5ceba92f: start 9a82ec2f-9c54-4599-b9e4-0bab5ceba92f@group-7B86A80A9261-LeaderStateImpl
2021-05-21 14:31:48,605 [9a82ec2f-9c54-4599-b9e4-0bab5ceba92f@group-7B86A80A9261-LeaderElection22] INFO  segmented.SegmentedRaftLogWorker (SegmentedRaftLogWorker.java:startLogSegment(394)) - 9a82ec2f-9c54-4599-b9e4-0bab5ceba92f@group-7B86A80A9261-SegmentedRaftLogWorker: Starting segment from index:0
2021-05-21 14:31:48,606 [9a82ec2f-9c54-4599-b9e4-0bab5ceba92f@group-7B86A80A9261-SegmentedRaftLogWorker] INFO  segmented.SegmentedRaftLogWorker (SegmentedRaftLogWorker.java:execute(601)) - 9a82ec2f-9c54-4599-b9e4-0bab5ceba92f@group-7B86A80A9261-SegmentedRaftLogWorker: created new log segment /github/workspace/mnt/ozone/hadoop-ozone/integration-test/target/test-dir/MiniOzoneClusterImpl-22464894-f501-479f-ae18-3fb6cdd505c4/datanode-1/data/ratis/f8b6babe-5e4c-4f60-bc9b-7b86a80a9261/current/log_inprogress_0
2021-05-21 14:31:48,617 [9a82ec2f-9c54-4599-b9e4-0bab5ceba92f@group-7B86A80A9261-LeaderElection22] INFO  server.RaftServer$Division (ServerState.java:setRaftConf(373)) - 9a82ec2f-9c54-4599-b9e4-0bab5ceba92f@group-7B86A80A9261: set configuration 0: [9a82ec2f-9c54-4599-b9e4-0bab5ceba92f|rpc:172.17.0.2:41073|dataStream:|priority:1], old=null
2021-05-21 14:31:48,646 [EventQueue-PipelineReportForOneReplicaPipelineSafeModeRule] INFO  safemode.SCMSafeModeManager (SCMSafeModeManager.java:validateSafeModeExitRules(201)) - AtleastOneDatanodeReportedRule rule is successfully validated
2021-05-21 14:31:48,646 [EventQueue-OpenPipelineForHealthyPipelineSafeModeRule] INFO  safemode.SCMSafeModeManager (HealthyPipelineSafeModeRule.java:process(130)) - SCM in safe mode. Healthy pipelines reported count is 0, required healthy pipeline reported count is 1
2021-05-21 14:31:48,648 [Listener at 127.0.0.1/41311] INFO  ozone.MiniOzoneClusterImpl (MiniOzoneClusterImpl.java:lambda$waitForClusterToBeReady$0(224)) - Nodes are ready. Got 6 of 6 DN Heartbeats.
2021-05-21 14:31:48,648 [Listener at 127.0.0.1/41311] INFO  ozone.MiniOzoneClusterImpl (MiniOzoneClusterImpl.java:lambda$waitForClusterToBeReady$0(227)) - Waiting for cluster to exit safe mode
2021-05-21 14:31:48,648 [Listener at 127.0.0.1/41311] INFO  ozone.MiniOzoneClusterImpl (MiniOzoneClusterImpl.java:lambda$waitForClusterToBeReady$0(230)) - SCM became leader
2021-05-21 14:31:48,732 [ReplicationMonitor] INFO  container.ReplicationManager (ReplicationManager.java:run(290)) - Replication Monitor Thread took 1 milliseconds for processing 0 containers.
2021-05-21 14:31:48,942 [EventQueue-OpenPipelineForHealthyPipelineSafeModeRule] INFO  safemode.SCMSafeModeManager (HealthyPipelineSafeModeRule.java:process(130)) - SCM in safe mode. Healthy pipelines reported count is 0, required healthy pipeline reported count is 1
2021-05-21 14:31:48,942 [EventQueue-PipelineReportForOneReplicaPipelineSafeModeRule] INFO  safemode.SCMSafeModeManager (SCMSafeModeManager.java:validateSafeModeExitRules(201)) - AtleastOneDatanodeReportedRule rule is successfully validated
2021-05-21 14:31:49,090 [1fccea47-322e-4257-abe8-9dc7eb47081b@group-784442EE2F00-FollowerState] INFO  impl.FollowerState (FollowerState.java:run(134)) - 1fccea47-322e-4257-abe8-9dc7eb47081b@group-784442EE2F00-FollowerState: change to CANDIDATE, lastRpcElapsedTime:5137095296ns, electionTimeout:5136ms
2021-05-21 14:31:49,090 [1fccea47-322e-4257-abe8-9dc7eb47081b@group-784442EE2F00-FollowerState] INFO  impl.RoleInfo (RoleInfo.java:shutdownFollowerState(108)) - 1fccea47-322e-4257-abe8-9dc7eb47081b: shutdown 1fccea47-322e-4257-abe8-9dc7eb47081b@group-784442EE2F00-FollowerState
2021-05-21 14:31:49,090 [1fccea47-322e-4257-abe8-9dc7eb47081b@group-784442EE2F00-FollowerState] INFO  server.RaftServer$Division (RaftServerImpl.java:setRole(284)) - 1fccea47-322e-4257-abe8-9dc7eb47081b@group-784442EE2F00: changes role from  FOLLOWER to CANDIDATE at term 0 for changeToCandidate
2021-05-21 14:31:49,090 [1fccea47-322e-4257-abe8-9dc7eb47081b@group-784442EE2F00-FollowerState] INFO  server.RaftServerConfigKeys (ConfUtils.java:logGet(44)) - raft.server.leaderelection.pre-vote = false (custom)
2021-05-21 14:31:49,090 [1fccea47-322e-4257-abe8-9dc7eb47081b@group-784442EE2F00-FollowerState] INFO  impl.RoleInfo (RoleInfo.java:updateAndGet(130)) - 1fccea47-322e-4257-abe8-9dc7eb47081b: start 1fccea47-322e-4257-abe8-9dc7eb47081b@group-784442EE2F00-LeaderElection23
2021-05-21 14:31:49,093 [1fccea47-322e-4257-abe8-9dc7eb47081b@group-784442EE2F00-LeaderElection23] INFO  impl.LeaderElection (LeaderElection.java:askForVotes(306)) - 1fccea47-322e-4257-abe8-9dc7eb47081b@group-784442EE2F00-LeaderElection23 ELECTION round 0: submit vote requests at term 1 for -1: [1fccea47-322e-4257-abe8-9dc7eb47081b|rpc:172.17.0.2:46599|priority:1], old=null
2021-05-21 14:31:49,093 [1fccea47-322e-4257-abe8-9dc7eb47081b@group-784442EE2F00-LeaderElection23] INFO  impl.LeaderElection (LeaderElection.java:askForVotes(308)) - 1fccea47-322e-4257-abe8-9dc7eb47081b@group-784442EE2F00-LeaderElection23 ELECTION round 0: result PASSED (term=1)
2021-05-21 14:31:49,093 [1fccea47-322e-4257-abe8-9dc7eb47081b@group-784442EE2F00-LeaderElection23] INFO  impl.RoleInfo (RoleInfo.java:shutdownLeaderElection(121)) - 1fccea47-322e-4257-abe8-9dc7eb47081b: shutdown 1fccea47-322e-4257-abe8-9dc7eb47081b@group-784442EE2F00-LeaderElection23
2021-05-21 14:31:49,094 [1fccea47-322e-4257-abe8-9dc7eb47081b@group-784442EE2F00-LeaderElection23] INFO  server.RaftServer$Division (RaftServerImpl.java:setRole(284)) - 1fccea47-322e-4257-abe8-9dc7eb47081b@group-784442EE2F00: changes role from CANDIDATE to LEADER at term 1 for changeToLeader
2021-05-21 14:31:49,094 [1fccea47-322e-4257-abe8-9dc7eb47081b@group-784442EE2F00-LeaderElection23] INFO  ratis.XceiverServerRatis (XceiverServerRatis.java:handleLeaderChangedNotification(906)) - Leader change notification received for group: group-784442EE2F00 with new leaderId: 1fccea47-322e-4257-abe8-9dc7eb47081b
2021-05-21 14:31:49,094 [1fccea47-322e-4257-abe8-9dc7eb47081b@group-784442EE2F00-LeaderElection23] INFO  server.RaftServer$Division (ServerState.java:setLeader(271)) - 1fccea47-322e-4257-abe8-9dc7eb47081b@group-784442EE2F00: change Leader from null to 1fccea47-322e-4257-abe8-9dc7eb47081b at term 1 for becomeLeader, leader elected after 5152ms
2021-05-21 14:31:49,094 [1fccea47-322e-4257-abe8-9dc7eb47081b@group-784442EE2F00-LeaderElection23] INFO  server.RaftServerConfigKeys (ConfUtils.java:logGet(44)) - raft.server.staging.catchup.gap = 1000 (default)
2021-05-21 14:31:49,094 [1fccea47-322e-4257-abe8-9dc7eb47081b@group-784442EE2F00-LeaderElection23] INFO  metrics.RatisMetrics (RatisMetrics.java:lambda$create$0(36)) - Creating Metrics Registry : ratis.log_appender.1fccea47-322e-4257-abe8-9dc7eb47081b@group-784442EE2F00
2021-05-21 14:31:49,094 [1fccea47-322e-4257-abe8-9dc7eb47081b@group-784442EE2F00-LeaderElection23] INFO  server.RaftServerConfigKeys (ConfUtils.java:logGet(44)) - raft.server.write.element-limit = 1024 (custom)
2021-05-21 14:31:49,094 [1fccea47-322e-4257-abe8-9dc7eb47081b@group-784442EE2F00-LeaderElection23] INFO  server.RaftServerConfigKeys (ConfUtils.java:logGet(44)) - raft.server.write.byte-limit = 1073741824 (custom)
2021-05-21 14:31:49,095 [1fccea47-322e-4257-abe8-9dc7eb47081b@group-784442EE2F00-LeaderElection23] INFO  server.RaftServerConfigKeys (ConfUtils.java:logGet(44)) - raft.server.watch.timeout = 180s (custom)
2021-05-21 14:31:49,095 [1fccea47-322e-4257-abe8-9dc7eb47081b@group-784442EE2F00-LeaderElection23] INFO  server.RaftServerConfigKeys (ConfUtils.java:logGet(44)) - raft.server.watch.timeout.denomination = 1s (default)
2021-05-21 14:31:49,095 [1fccea47-322e-4257-abe8-9dc7eb47081b@group-784442EE2F00-LeaderElection23] INFO  server.RaftServerConfigKeys (ConfUtils.java:logGet(44)) - raft.server.watch.element-limit = 65536 (default)
2021-05-21 14:31:49,095 [1fccea47-322e-4257-abe8-9dc7eb47081b@group-784442EE2F00-LeaderElection23] INFO  impl.RoleInfo (RoleInfo.java:updateAndGet(130)) - 1fccea47-322e-4257-abe8-9dc7eb47081b: start 1fccea47-322e-4257-abe8-9dc7eb47081b@group-784442EE2F00-LeaderStateImpl
2021-05-21 14:31:49,095 [1fccea47-322e-4257-abe8-9dc7eb47081b@group-784442EE2F00-LeaderElection23] INFO  segmented.SegmentedRaftLogWorker (SegmentedRaftLogWorker.java:startLogSegment(394)) - 1fccea47-322e-4257-abe8-9dc7eb47081b@group-784442EE2F00-SegmentedRaftLogWorker: Starting segment from index:0
2021-05-21 14:31:49,096 [EventQueue-PipelineReportForOneReplicaPipelineSafeModeRule] INFO  safemode.SCMSafeModeManager (SCMSafeModeManager.java:validateSafeModeExitRules(201)) - AtleastOneDatanodeReportedRule rule is successfully validated
2021-05-21 14:31:49,096 [EventQueue-OpenPipelineForHealthyPipelineSafeModeRule] INFO  safemode.SCMSafeModeManager (HealthyPipelineSafeModeRule.java:process(130)) - SCM in safe mode. Healthy pipelines reported count is 0, required healthy pipeline reported count is 1
2021-05-21 14:31:49,096 [1fccea47-322e-4257-abe8-9dc7eb47081b@group-784442EE2F00-SegmentedRaftLogWorker] INFO  segmented.SegmentedRaftLogWorker (SegmentedRaftLogWorker.java:execute(601)) - 1fccea47-322e-4257-abe8-9dc7eb47081b@group-784442EE2F00-SegmentedRaftLogWorker: created new log segment /github/workspace/mnt/ozone/hadoop-ozone/integration-test/target/test-dir/MiniOzoneClusterImpl-22464894-f501-479f-ae18-3fb6cdd505c4/datanode-2/data/ratis/d10100d2-37a3-4f42-ae05-784442ee2f00/current/log_inprogress_0
2021-05-21 14:31:49,103 [1fccea47-322e-4257-abe8-9dc7eb47081b@group-784442EE2F00-LeaderElection23] INFO  server.RaftServer$Division (ServerState.java:setRaftConf(373)) - 1fccea47-322e-4257-abe8-9dc7eb47081b@group-784442EE2F00: set configuration 0: [1fccea47-322e-4257-abe8-9dc7eb47081b|rpc:172.17.0.2:46599|dataStream:|priority:1], old=null
2021-05-21 14:31:49,197 [EventQueue-PipelineReportForOneReplicaPipelineSafeModeRule] INFO  safemode.SCMSafeModeManager (SCMSafeModeManager.java:validateSafeModeExitRules(201)) - AtleastOneDatanodeReportedRule rule is successfully validated
2021-05-21 14:31:49,198 [EventQueue-OpenPipelineForHealthyPipelineSafeModeRule] INFO  safemode.SCMSafeModeManager (HealthyPipelineSafeModeRule.java:process(130)) - SCM in safe mode. Healthy pipelines reported count is 0, required healthy pipeline reported count is 1
2021-05-21 14:31:49,321 [813e8fa6-b95f-4599-bf2c-d00dca9e2ee3@group-A6456F420DE7-FollowerState] INFO  impl.FollowerState (FollowerState.java:run(134)) - 813e8fa6-b95f-4599-bf2c-d00dca9e2ee3@group-A6456F420DE7-FollowerState: change to CANDIDATE, lastRpcElapsedTime:5048253163ns, electionTimeout:5036ms
2021-05-21 14:31:49,322 [813e8fa6-b95f-4599-bf2c-d00dca9e2ee3@group-A6456F420DE7-FollowerState] INFO  impl.RoleInfo (RoleInfo.java:shutdownFollowerState(108)) - 813e8fa6-b95f-4599-bf2c-d00dca9e2ee3: shutdown 813e8fa6-b95f-4599-bf2c-d00dca9e2ee3@group-A6456F420DE7-FollowerState
2021-05-21 14:31:49,322 [813e8fa6-b95f-4599-bf2c-d00dca9e2ee3@group-A6456F420DE7-FollowerState] INFO  server.RaftServer$Division (RaftServerImpl.java:setRole(284)) - 813e8fa6-b95f-4599-bf2c-d00dca9e2ee3@group-A6456F420DE7: changes role from  FOLLOWER to CANDIDATE at term 0 for changeToCandidate
2021-05-21 14:31:49,323 [813e8fa6-b95f-4599-bf2c-d00dca9e2ee3@group-A6456F420DE7-FollowerState] INFO  server.RaftServerConfigKeys (ConfUtils.java:logGet(44)) - raft.server.leaderelection.pre-vote = false (custom)
2021-05-21 14:31:49,323 [813e8fa6-b95f-4599-bf2c-d00dca9e2ee3@group-A6456F420DE7-FollowerState] INFO  impl.RoleInfo (RoleInfo.java:updateAndGet(130)) - 813e8fa6-b95f-4599-bf2c-d00dca9e2ee3: start 813e8fa6-b95f-4599-bf2c-d00dca9e2ee3@group-A6456F420DE7-LeaderElection24
2021-05-21 14:31:49,326 [813e8fa6-b95f-4599-bf2c-d00dca9e2ee3@group-A6456F420DE7-LeaderElection24] INFO  impl.LeaderElection (LeaderElection.java:askForVotes(306)) - 813e8fa6-b95f-4599-bf2c-d00dca9e2ee3@group-A6456F420DE7-LeaderElection24 ELECTION round 0: submit vote requests at term 1 for -1: [813e8fa6-b95f-4599-bf2c-d00dca9e2ee3|rpc:172.17.0.2:43595|dataStream:|priority:1, fe5d1211-9335-469c-958f-8182ca4380cf|rpc:172.17.0.2:40647|dataStream:|priority:0, 1b7a9f1a-9a61-4565-a67b-2de79fff2a8e|rpc:172.17.0.2:36135|dataStream:|priority:0], old=null
2021-05-21 14:31:49,336 [grpc-default-executor-0] INFO  metrics.RatisMetrics (RatisMetrics.java:lambda$create$0(36)) - Creating Metrics Registry : ratis.server_message_metrics.fe5d1211-9335-469c-958f-8182ca4380cf
2021-05-21 14:31:49,337 [grpc-default-executor-0] INFO  server.RaftServer$Division (RaftServerImpl.java:requestVote(1042)) - fe5d1211-9335-469c-958f-8182ca4380cf@group-A6456F420DE7: receive requestVote(ELECTION, 813e8fa6-b95f-4599-bf2c-d00dca9e2ee3, group-A6456F420DE7, 1, (t:0, i:0))
2021-05-21 14:31:49,337 [grpc-default-executor-0] INFO  impl.VoteContext (VoteContext.java:log(48)) - fe5d1211-9335-469c-958f-8182ca4380cf@group-A6456F420DE7-FOLLOWER: accept ELECTION from 813e8fa6-b95f-4599-bf2c-d00dca9e2ee3: our priority 0 <= candidate's priority 1
2021-05-21 14:31:49,338 [grpc-default-executor-0] INFO  server.RaftServer$Division (RaftServerImpl.java:setRole(284)) - fe5d1211-9335-469c-958f-8182ca4380cf@group-A6456F420DE7: changes role from  FOLLOWER to FOLLOWER at term 1 for candidate:813e8fa6-b95f-4599-bf2c-d00dca9e2ee3
2021-05-21 14:31:49,338 [grpc-default-executor-0] INFO  impl.RoleInfo (RoleInfo.java:shutdownFollowerState(108)) - fe5d1211-9335-469c-958f-8182ca4380cf: shutdown fe5d1211-9335-469c-958f-8182ca4380cf@group-A6456F420DE7-FollowerState
2021-05-21 14:31:49,338 [grpc-default-executor-0] INFO  impl.RoleInfo (RoleInfo.java:updateAndGet(130)) - fe5d1211-9335-469c-958f-8182ca4380cf: start fe5d1211-9335-469c-958f-8182ca4380cf@group-A6456F420DE7-FollowerState
2021-05-21 14:31:49,338 [fe5d1211-9335-469c-958f-8182ca4380cf@group-A6456F420DE7-FollowerState] INFO  impl.FollowerState (FollowerState.java:run(143)) - fe5d1211-9335-469c-958f-8182ca4380cf@group-A6456F420DE7-FollowerState was interrupted: {}
java.lang.InterruptedException: sleep interrupted
	at java.lang.Thread.sleep(Native Method)
	at java.lang.Thread.sleep(Thread.java:340)
	at java.util.concurrent.TimeUnit.sleep(TimeUnit.java:386)
	at org.apache.ratis.util.TimeDuration.sleep(TimeDuration.java:324)
	at org.apache.ratis.util.TimeDuration.sleep(TimeDuration.java:309)
	at org.apache.ratis.server.impl.FollowerState.run(FollowerState.java:118)
2021-05-21 14:31:49,348 [grpc-default-executor-0] INFO  server.RaftServer$Division (RaftServerImpl.java:requestVote(1074)) - fe5d1211-9335-469c-958f-8182ca4380cf@group-A6456F420DE7 replies to ELECTION vote request: 813e8fa6-b95f-4599-bf2c-d00dca9e2ee3<-fe5d1211-9335-469c-958f-8182ca4380cf#0:OK-t1. Peer's state: fe5d1211-9335-469c-958f-8182ca4380cf@group-A6456F420DE7:t1, leader=null, voted=813e8fa6-b95f-4599-bf2c-d00dca9e2ee3, raftlog=fe5d1211-9335-469c-958f-8182ca4380cf@group-A6456F420DE7-SegmentedRaftLog:OPENED:c-1,f-1,i0, conf=-1: [813e8fa6-b95f-4599-bf2c-d00dca9e2ee3|rpc:172.17.0.2:43595|priority:1, fe5d1211-9335-469c-958f-8182ca4380cf|rpc:172.17.0.2:40647|priority:0, 1b7a9f1a-9a61-4565-a67b-2de79fff2a8e|rpc:172.17.0.2:36135|priority:0], old=null
2021-05-21 14:31:49,350 [grpc-default-executor-0] INFO  server.RaftServer$Division (RaftServerImpl.java:requestVote(1042)) - 1b7a9f1a-9a61-4565-a67b-2de79fff2a8e@group-A6456F420DE7: receive requestVote(ELECTION, 813e8fa6-b95f-4599-bf2c-d00dca9e2ee3, group-A6456F420DE7, 1, (t:0, i:0))
2021-05-21 14:31:49,350 [grpc-default-executor-0] INFO  impl.VoteContext (VoteContext.java:log(48)) - 1b7a9f1a-9a61-4565-a67b-2de79fff2a8e@group-A6456F420DE7-FOLLOWER: accept ELECTION from 813e8fa6-b95f-4599-bf2c-d00dca9e2ee3: our priority 0 <= candidate's priority 1
2021-05-21 14:31:49,350 [grpc-default-executor-0] INFO  server.RaftServer$Division (RaftServerImpl.java:setRole(284)) - 1b7a9f1a-9a61-4565-a67b-2de79fff2a8e@group-A6456F420DE7: changes role from  FOLLOWER to FOLLOWER at term 1 for candidate:813e8fa6-b95f-4599-bf2c-d00dca9e2ee3
2021-05-21 14:31:49,350 [grpc-default-executor-0] INFO  impl.RoleInfo (RoleInfo.java:shutdownFollowerState(108)) - 1b7a9f1a-9a61-4565-a67b-2de79fff2a8e: shutdown 1b7a9f1a-9a61-4565-a67b-2de79fff2a8e@group-A6456F420DE7-FollowerState
2021-05-21 14:31:49,350 [813e8fa6-b95f-4599-bf2c-d00dca9e2ee3@group-A6456F420DE7-LeaderElection24] INFO  impl.LeaderElection (LeaderElection.java:logAndReturn(89)) - 813e8fa6-b95f-4599-bf2c-d00dca9e2ee3@group-A6456F420DE7-LeaderElection24: ELECTION PASSED received 1 response(s) and 0 exception(s):
2021-05-21 14:31:49,350 [1b7a9f1a-9a61-4565-a67b-2de79fff2a8e@group-A6456F420DE7-FollowerState] INFO  impl.FollowerState (FollowerState.java:run(143)) - 1b7a9f1a-9a61-4565-a67b-2de79fff2a8e@group-A6456F420DE7-FollowerState was interrupted: {}
java.lang.InterruptedException: sleep interrupted
	at java.lang.Thread.sleep(Native Method)
	at java.lang.Thread.sleep(Thread.java:340)
	at java.util.concurrent.TimeUnit.sleep(TimeUnit.java:386)
	at org.apache.ratis.util.TimeDuration.sleep(TimeDuration.java:324)
	at org.apache.ratis.util.TimeDuration.sleep(TimeDuration.java:309)
	at org.apache.ratis.server.impl.FollowerState.run(FollowerState.java:118)
2021-05-21 14:31:49,350 [grpc-default-executor-0] INFO  impl.RoleInfo (RoleInfo.java:updateAndGet(130)) - 1b7a9f1a-9a61-4565-a67b-2de79fff2a8e: start 1b7a9f1a-9a61-4565-a67b-2de79fff2a8e@group-A6456F420DE7-FollowerState
2021-05-21 14:31:49,350 [813e8fa6-b95f-4599-bf2c-d00dca9e2ee3@group-A6456F420DE7-LeaderElection24] INFO  impl.LeaderElection (LeaderElection.java:logAndReturn(93)) -   Response 0: 813e8fa6-b95f-4599-bf2c-d00dca9e2ee3<-fe5d1211-9335-469c-958f-8182ca4380cf#0:OK-t1
2021-05-21 14:31:49,350 [813e8fa6-b95f-4599-bf2c-d00dca9e2ee3@group-A6456F420DE7-LeaderElection24] INFO  impl.LeaderElection (LeaderElection.java:askForVotes(308)) - 813e8fa6-b95f-4599-bf2c-d00dca9e2ee3@group-A6456F420DE7-LeaderElection24 ELECTION round 0: result PASSED
2021-05-21 14:31:49,350 [813e8fa6-b95f-4599-bf2c-d00dca9e2ee3@group-A6456F420DE7-LeaderElection24] INFO  impl.RoleInfo (RoleInfo.java:shutdownLeaderElection(121)) - 813e8fa6-b95f-4599-bf2c-d00dca9e2ee3: shutdown 813e8fa6-b95f-4599-bf2c-d00dca9e2ee3@group-A6456F420DE7-LeaderElection24
2021-05-21 14:31:49,350 [813e8fa6-b95f-4599-bf2c-d00dca9e2ee3@group-A6456F420DE7-LeaderElection24] INFO  server.RaftServer$Division (RaftServerImpl.java:setRole(284)) - 813e8fa6-b95f-4599-bf2c-d00dca9e2ee3@group-A6456F420DE7: changes role from CANDIDATE to LEADER at term 1 for changeToLeader
2021-05-21 14:31:49,350 [813e8fa6-b95f-4599-bf2c-d00dca9e2ee3@group-A6456F420DE7-LeaderElection24] INFO  ratis.XceiverServerRatis (XceiverServerRatis.java:handleLeaderChangedNotification(906)) - Leader change notification received for group: group-A6456F420DE7 with new leaderId: 813e8fa6-b95f-4599-bf2c-d00dca9e2ee3
2021-05-21 14:31:49,351 [813e8fa6-b95f-4599-bf2c-d00dca9e2ee3@group-A6456F420DE7-LeaderElection24] INFO  server.RaftServer$Division (ServerState.java:setLeader(271)) - 813e8fa6-b95f-4599-bf2c-d00dca9e2ee3@group-A6456F420DE7: change Leader from null to 813e8fa6-b95f-4599-bf2c-d00dca9e2ee3 at term 1 for becomeLeader, leader elected after 5083ms
2021-05-21 14:31:49,351 [813e8fa6-b95f-4599-bf2c-d00dca9e2ee3@group-A6456F420DE7-LeaderElection24] INFO  server.RaftServerConfigKeys (ConfUtils.java:logGet(44)) - raft.server.staging.catchup.gap = 1000 (default)
2021-05-21 14:31:49,351 [813e8fa6-b95f-4599-bf2c-d00dca9e2ee3@group-A6456F420DE7-LeaderElection24] INFO  metrics.RatisMetrics (RatisMetrics.java:lambda$create$0(36)) - Creating Metrics Registry : ratis.log_appender.813e8fa6-b95f-4599-bf2c-d00dca9e2ee3@group-A6456F420DE7
2021-05-21 14:31:49,351 [813e8fa6-b95f-4599-bf2c-d00dca9e2ee3@group-A6456F420DE7-LeaderElection24] INFO  server.RaftServerConfigKeys (ConfUtils.java:logGet(44)) - raft.server.write.element-limit = 1024 (custom)
2021-05-21 14:31:49,351 [813e8fa6-b95f-4599-bf2c-d00dca9e2ee3@group-A6456F420DE7-LeaderElection24] INFO  server.RaftServerConfigKeys (ConfUtils.java:logGet(44)) - raft.server.write.byte-limit = 1073741824 (custom)
2021-05-21 14:31:49,352 [813e8fa6-b95f-4599-bf2c-d00dca9e2ee3@group-A6456F420DE7-LeaderElection24] INFO  server.RaftServerConfigKeys (ConfUtils.java:logGet(44)) - raft.server.watch.timeout = 180s (custom)
2021-05-21 14:31:49,352 [813e8fa6-b95f-4599-bf2c-d00dca9e2ee3@group-A6456F420DE7-LeaderElection24] INFO  server.RaftServerConfigKeys (ConfUtils.java:logGet(44)) - raft.server.watch.timeout.denomination = 1s (default)
2021-05-21 14:31:49,352 [813e8fa6-b95f-4599-bf2c-d00dca9e2ee3@group-A6456F420DE7-LeaderElection24] INFO  server.RaftServerConfigKeys (ConfUtils.java:logGet(44)) - raft.server.watch.element-limit = 65536 (default)
2021-05-21 14:31:49,352 [813e8fa6-b95f-4599-bf2c-d00dca9e2ee3@group-A6456F420DE7-LeaderElection24] INFO  server.RaftServerConfigKeys (ConfUtils.java:logGet(44)) - raft.server.log.appender.snapshot.chunk.size.max = 16MB (=16777216) (default)
2021-05-21 14:31:49,352 [813e8fa6-b95f-4599-bf2c-d00dca9e2ee3@group-A6456F420DE7-LeaderElection24] INFO  server.RaftServerConfigKeys (ConfUtils.java:logGet(44)) - raft.server.log.appender.buffer.byte-limit = 33554432 (custom)
2021-05-21 14:31:49,352 [813e8fa6-b95f-4599-bf2c-d00dca9e2ee3@group-A6456F420DE7-LeaderElection24] INFO  server.RaftServerConfigKeys (ConfUtils.java:logGet(44)) - raft.server.log.appender.buffer.element-limit = 1 (custom)
2021-05-21 14:31:49,352 [813e8fa6-b95f-4599-bf2c-d00dca9e2ee3@group-A6456F420DE7-LeaderElection24] INFO  grpc.GrpcConfigKeys (ConfUtils.java:logGet(44)) - raft.grpc.server.leader.outstanding.appends.max = 128 (default)
2021-05-21 14:31:49,352 [813e8fa6-b95f-4599-bf2c-d00dca9e2ee3@group-A6456F420DE7-LeaderElection24] INFO  server.RaftServerConfigKeys (ConfUtils.java:logGet(44)) - raft.server.rpc.request.timeout = 60s (custom)
2021-05-21 14:31:49,352 [813e8fa6-b95f-4599-bf2c-d00dca9e2ee3@group-A6456F420DE7-LeaderElection24] INFO  server.RaftServerConfigKeys (ConfUtils.java:logGet(44)) - raft.server.log.appender.install.snapshot.enabled = false (custom)
2021-05-21 14:31:49,352 [813e8fa6-b95f-4599-bf2c-d00dca9e2ee3@group-A6456F420DE7-LeaderElection24] INFO  metrics.RatisMetrics (RatisMetrics.java:lambda$create$0(36)) - Creating Metrics Registry : ratis_grpc.log_appender.813e8fa6-b95f-4599-bf2c-d00dca9e2ee3@group-A6456F420DE7
2021-05-21 14:31:49,352 [EventQueue-OpenPipelineForHealthyPipelineSafeModeRule] INFO  safemode.SCMSafeModeManager (HealthyPipelineSafeModeRule.java:process(130)) - SCM in safe mode. Healthy pipelines reported count is 0, required healthy pipeline reported count is 1
2021-05-21 14:31:49,352 [EventQueue-PipelineReportForPipelineReportHandler] INFO  pipeline.PipelineManagerV2Impl (PipelineManagerV2Impl.java:openPipeline(270)) - Pipeline Pipeline[ Id: 111fc486-be15-40a3-a63d-a6456f420de7, Nodes: 1b7a9f1a-9a61-4565-a67b-2de79fff2a8e{ip: 172.17.0.2, host: b766c8128f74, ports: [REPLICATION=40105, RATIS=36135, RATIS_ADMIN=36135, RATIS_SERVER=36135, STANDALONE=46121], networkLocation: /default-rack, certSerialId: null, persistedOpState: IN_SERVICE, persistedOpStateExpiryEpochSec: 0}fe5d1211-9335-469c-958f-8182ca4380cf{ip: 172.17.0.2, host: b766c8128f74, ports: [REPLICATION=41397, RATIS=40647, RATIS_ADMIN=40647, RATIS_SERVER=40647, STANDALONE=33787], networkLocation: /default-rack, certSerialId: null, persistedOpState: IN_SERVICE, persistedOpStateExpiryEpochSec: 0}813e8fa6-b95f-4599-bf2c-d00dca9e2ee3{ip: 172.17.0.2, host: b766c8128f74, ports: [REPLICATION=45099, RATIS=43595, RATIS_ADMIN=43595, RATIS_SERVER=43595, STANDALONE=42879], networkLocation: /default-rack, certSerialId: null, persistedOpState: IN_SERVICE, persistedOpStateExpiryEpochSec: 0}, ReplicationConfig: RATIS/THREE, State:ALLOCATED, leaderId:813e8fa6-b95f-4599-bf2c-d00dca9e2ee3, CreationTimestamp2021-05-21T14:31:41.641Z] moved to OPEN state
2021-05-21 14:31:49,353 [EventQueue-OpenPipelineForHealthyPipelineSafeModeRule] INFO  safemode.SCMSafeModeManager (HealthyPipelineSafeModeRule.java:process(130)) - SCM in safe mode. Healthy pipelines reported count is 1, required healthy pipeline reported count is 1
2021-05-21 14:31:49,353 [EventQueue-OpenPipelineForHealthyPipelineSafeModeRule] INFO  safemode.SCMSafeModeManager (SCMSafeModeManager.java:validateSafeModeExitRules(201)) - HealthyPipelineSafeModeRule rule is successfully validated
2021-05-21 14:31:49,353 [EventQueue-OpenPipelineForHealthyPipelineSafeModeRule] INFO  safemode.SCMSafeModeManager (SCMSafeModeManager.java:validateSafeModeExitRules(215)) - ScmSafeModeManager, all rules are successfully validated
2021-05-21 14:31:49,353 [EventQueue-OpenPipelineForHealthyPipelineSafeModeRule] INFO  safemode.SCMSafeModeManager (SCMSafeModeManager.java:exitSafeMode(244)) - SCM exiting safe mode.
2021-05-21 14:31:49,353 [EventQueue-OpenPipelineForHealthyPipelineSafeModeRule] WARN  events.EventQueue (EventQueue.java:fireEvent(185)) - No event handler registered for event TypedEvent{payloadType=SafeModeStatus, name='Safe mode status'}
2021-05-21 14:31:49,353 [EventQueue-OpenPipelineForHealthyPipelineSafeModeRule] INFO  ha.SCMContext (SCMContext.java:updateSafeModeStatus(147)) - Update SafeModeStatus from SafeModeStatus{safeModeStatus=true, preCheckPassed=true} to SafeModeStatus{safeModeStatus=false, preCheckPassed=true}.
2021-05-21 14:31:49,353 [EventQueue-OpenPipelineForHealthyPipelineSafeModeRule] INFO  pipeline.BackgroundPipelineCreator (BackgroundPipelineCreatorV2.java:notifyStatusChanged(261)) - Service BackgroundPipelineCreator transitions to RUNNING.
2021-05-21 14:31:49,353 [EventQueue-OpenPipelineForHealthyPipelineSafeModeRule] INFO  container.ReplicationManager (ReplicationManager.java:notifyStatusChanged(1279)) - Service ReplicationManager transitions to RUNNING.
2021-05-21 14:31:49,353 [813e8fa6-b95f-4599-bf2c-d00dca9e2ee3@group-A6456F420DE7-LeaderElection24] INFO  server.RaftServerConfigKeys (ConfUtils.java:logGet(44)) - raft.server.log.appender.snapshot.chunk.size.max = 16MB (=16777216) (default)
2021-05-21 14:31:49,353 [grpc-default-executor-0] INFO  server.RaftServer$Division (RaftServerImpl.java:requestVote(1074)) - 1b7a9f1a-9a61-4565-a67b-2de79fff2a8e@group-A6456F420DE7 replies to ELECTION vote request: 813e8fa6-b95f-4599-bf2c-d00dca9e2ee3<-1b7a9f1a-9a61-4565-a67b-2de79fff2a8e#0:OK-t1. Peer's state: 1b7a9f1a-9a61-4565-a67b-2de79fff2a8e@group-A6456F420DE7:t1, leader=null, voted=813e8fa6-b95f-4599-bf2c-d00dca9e2ee3, raftlog=1b7a9f1a-9a61-4565-a67b-2de79fff2a8e@group-A6456F420DE7-SegmentedRaftLog:OPENED:c-1,f-1,i0, conf=-1: [813e8fa6-b95f-4599-bf2c-d00dca9e2ee3|rpc:172.17.0.2:43595|dataStream:|priority:1, fe5d1211-9335-469c-958f-8182ca4380cf|rpc:172.17.0.2:40647|dataStream:|priority:0, 1b7a9f1a-9a61-4565-a67b-2de79fff2a8e|rpc:172.17.0.2:36135|dataStream:|priority:0], old=null
2021-05-21 14:31:49,353 [813e8fa6-b95f-4599-bf2c-d00dca9e2ee3@group-A6456F420DE7-LeaderElection24] INFO  server.RaftServerConfigKeys (ConfUtils.java:logGet(44)) - raft.server.log.appender.buffer.byte-limit = 33554432 (custom)
2021-05-21 14:31:49,358 [813e8fa6-b95f-4599-bf2c-d00dca9e2ee3@group-A6456F420DE7-LeaderElection24] INFO  server.RaftServerConfigKeys (ConfUtils.java:logGet(44)) - raft.server.log.appender.buffer.element-limit = 1 (custom)
2021-05-21 14:31:49,359 [813e8fa6-b95f-4599-bf2c-d00dca9e2ee3@group-A6456F420DE7-LeaderElection24] INFO  grpc.GrpcConfigKeys (ConfUtils.java:logGet(44)) - raft.grpc.server.leader.outstanding.appends.max = 128 (default)
2021-05-21 14:31:49,359 [813e8fa6-b95f-4599-bf2c-d00dca9e2ee3@group-A6456F420DE7-LeaderElection24] INFO  server.RaftServerConfigKeys (ConfUtils.java:logGet(44)) - raft.server.rpc.request.timeout = 60s (custom)
2021-05-21 14:31:49,359 [813e8fa6-b95f-4599-bf2c-d00dca9e2ee3@group-A6456F420DE7-LeaderElection24] INFO  server.RaftServerConfigKeys (ConfUtils.java:logGet(44)) - raft.server.log.appender.install.snapshot.enabled = false (custom)
2021-05-21 14:31:49,360 [813e8fa6-b95f-4599-bf2c-d00dca9e2ee3@group-A6456F420DE7-LeaderElection24] INFO  impl.RoleInfo (RoleInfo.java:updateAndGet(130)) - 813e8fa6-b95f-4599-bf2c-d00dca9e2ee3: start 813e8fa6-b95f-4599-bf2c-d00dca9e2ee3@group-A6456F420DE7-LeaderStateImpl
2021-05-21 14:31:49,360 [813e8fa6-b95f-4599-bf2c-d00dca9e2ee3@group-A6456F420DE7-LeaderElection24] INFO  segmented.SegmentedRaftLogWorker (SegmentedRaftLogWorker.java:startLogSegment(394)) - 813e8fa6-b95f-4599-bf2c-d00dca9e2ee3@group-A6456F420DE7-SegmentedRaftLogWorker: Starting segment from index:0
2021-05-21 14:31:49,361 [813e8fa6-b95f-4599-bf2c-d00dca9e2ee3@group-A6456F420DE7-SegmentedRaftLogWorker] INFO  segmented.SegmentedRaftLogWorker (SegmentedRaftLogWorker.java:execute(601)) - 813e8fa6-b95f-4599-bf2c-d00dca9e2ee3@group-A6456F420DE7-SegmentedRaftLogWorker: created new log segment /github/workspace/mnt/ozone/hadoop-ozone/integration-test/target/test-dir/MiniOzoneClusterImpl-22464894-f501-479f-ae18-3fb6cdd505c4/datanode-4/data/ratis/111fc486-be15-40a3-a63d-a6456f420de7/current/log_inprogress_0
2021-05-21 14:31:49,363 [813e8fa6-b95f-4599-bf2c-d00dca9e2ee3@group-A6456F420DE7-LeaderElection24] INFO  server.RaftServer$Division (ServerState.java:setRaftConf(373)) - 813e8fa6-b95f-4599-bf2c-d00dca9e2ee3@group-A6456F420DE7: set configuration 0: [813e8fa6-b95f-4599-bf2c-d00dca9e2ee3|rpc:172.17.0.2:43595|dataStream:|priority:1, fe5d1211-9335-469c-958f-8182ca4380cf|rpc:172.17.0.2:40647|dataStream:|priority:0, 1b7a9f1a-9a61-4565-a67b-2de79fff2a8e|rpc:172.17.0.2:36135|dataStream:|priority:0], old=null
2021-05-21 14:31:49,365 [grpc-default-executor-0] INFO  ratis.XceiverServerRatis (XceiverServerRatis.java:handleLeaderChangedNotification(906)) - Leader change notification received for group: group-A6456F420DE7 with new leaderId: 813e8fa6-b95f-4599-bf2c-d00dca9e2ee3
2021-05-21 14:31:49,365 [grpc-default-executor-0] INFO  server.RaftServer$Division (ServerState.java:setLeader(271)) - fe5d1211-9335-469c-958f-8182ca4380cf@group-A6456F420DE7: change Leader from null to 813e8fa6-b95f-4599-bf2c-d00dca9e2ee3 at term 1 for appendEntries, leader elected after 5167ms
2021-05-21 14:31:49,372 [fe5d1211-9335-469c-958f-8182ca4380cf@group-BDCF5B22EAA5-FollowerState] INFO  impl.FollowerState (FollowerState.java:run(134)) - fe5d1211-9335-469c-958f-8182ca4380cf@group-BDCF5B22EAA5-FollowerState: change to CANDIDATE, lastRpcElapsedTime:5181514763ns, electionTimeout:5180ms
2021-05-21 14:31:49,375 [grpc-default-executor-2] INFO  ratis.XceiverServerRatis (XceiverServerRatis.java:handleLeaderChangedNotification(906)) - Leader change notification received for group: group-A6456F420DE7 with new leaderId: 813e8fa6-b95f-4599-bf2c-d00dca9e2ee3
2021-05-21 14:31:49,375 [grpc-default-executor-2] INFO  server.RaftServer$Division (ServerState.java:setLeader(271)) - 1b7a9f1a-9a61-4565-a67b-2de79fff2a8e@group-A6456F420DE7: change Leader from null to 813e8fa6-b95f-4599-bf2c-d00dca9e2ee3 at term 1 for appendEntries, leader elected after 5150ms
2021-05-21 14:31:49,375 [fe5d1211-9335-469c-958f-8182ca4380cf@group-BDCF5B22EAA5-FollowerState] INFO  impl.RoleInfo (RoleInfo.java:shutdownFollowerState(108)) - fe5d1211-9335-469c-958f-8182ca4380cf: shutdown fe5d1211-9335-469c-958f-8182ca4380cf@group-BDCF5B22EAA5-FollowerState
2021-05-21 14:31:49,375 [fe5d1211-9335-469c-958f-8182ca4380cf@group-BDCF5B22EAA5-FollowerState] INFO  server.RaftServer$Division (RaftServerImpl.java:setRole(284)) - fe5d1211-9335-469c-958f-8182ca4380cf@group-BDCF5B22EAA5: changes role from  FOLLOWER to CANDIDATE at term 0 for changeToCandidate
2021-05-21 14:31:49,377 [fe5d1211-9335-469c-958f-8182ca4380cf@group-BDCF5B22EAA5-FollowerState] INFO  server.RaftServerConfigKeys (ConfUtils.java:logGet(44)) - raft.server.leaderelection.pre-vote = false (custom)
2021-05-21 14:31:49,377 [fe5d1211-9335-469c-958f-8182ca4380cf@group-BDCF5B22EAA5-FollowerState] INFO  impl.RoleInfo (RoleInfo.java:updateAndGet(130)) - fe5d1211-9335-469c-958f-8182ca4380cf: start fe5d1211-9335-469c-958f-8182ca4380cf@group-BDCF5B22EAA5-LeaderElection25
2021-05-21 14:31:49,377 [grpc-default-executor-0] INFO  server.RaftServer$Division (ServerState.java:setRaftConf(373)) - fe5d1211-9335-469c-958f-8182ca4380cf@group-A6456F420DE7: set configuration 0: [813e8fa6-b95f-4599-bf2c-d00dca9e2ee3|rpc:172.17.0.2:43595|dataStream:|priority:1, fe5d1211-9335-469c-958f-8182ca4380cf|rpc:172.17.0.2:40647|dataStream:|priority:0, 1b7a9f1a-9a61-4565-a67b-2de79fff2a8e|rpc:172.17.0.2:36135|dataStream:|priority:0], old=null
2021-05-21 14:31:49,378 [grpc-default-executor-0] INFO  segmented.SegmentedRaftLogWorker (SegmentedRaftLogWorker.java:startLogSegment(394)) - fe5d1211-9335-469c-958f-8182ca4380cf@group-A6456F420DE7-SegmentedRaftLogWorker: Starting segment from index:0
2021-05-21 14:31:49,383 [grpc-default-executor-2] INFO  server.RaftServer$Division (ServerState.java:setRaftConf(373)) - 1b7a9f1a-9a61-4565-a67b-2de79fff2a8e@group-A6456F420DE7: set configuration 0: [813e8fa6-b95f-4599-bf2c-d00dca9e2ee3|rpc:172.17.0.2:43595|dataStream:|priority:1, fe5d1211-9335-469c-958f-8182ca4380cf|rpc:172.17.0.2:40647|dataStream:|priority:0, 1b7a9f1a-9a61-4565-a67b-2de79fff2a8e|rpc:172.17.0.2:36135|dataStream:|priority:0], old=null
2021-05-21 14:31:49,391 [grpc-default-executor-2] INFO  segmented.SegmentedRaftLogWorker (SegmentedRaftLogWorker.java:startLogSegment(394)) - 1b7a9f1a-9a61-4565-a67b-2de79fff2a8e@group-A6456F420DE7-SegmentedRaftLogWorker: Starting segment from index:0
2021-05-21 14:31:49,391 [fe5d1211-9335-469c-958f-8182ca4380cf@group-A6456F420DE7-SegmentedRaftLogWorker] INFO  segmented.SegmentedRaftLogWorker (SegmentedRaftLogWorker.java:execute(601)) - fe5d1211-9335-469c-958f-8182ca4380cf@group-A6456F420DE7-SegmentedRaftLogWorker: created new log segment /github/workspace/mnt/ozone/hadoop-ozone/integration-test/target/test-dir/MiniOzoneClusterImpl-22464894-f501-479f-ae18-3fb6cdd505c4/datanode-3/data/ratis/111fc486-be15-40a3-a63d-a6456f420de7/current/log_inprogress_0
2021-05-21 14:31:49,391 [1b7a9f1a-9a61-4565-a67b-2de79fff2a8e@group-A6456F420DE7-SegmentedRaftLogWorker] INFO  segmented.SegmentedRaftLogWorker (SegmentedRaftLogWorker.java:execute(601)) - 1b7a9f1a-9a61-4565-a67b-2de79fff2a8e@group-A6456F420DE7-SegmentedRaftLogWorker: created new log segment /github/workspace/mnt/ozone/hadoop-ozone/integration-test/target/test-dir/MiniOzoneClusterImpl-22464894-f501-479f-ae18-3fb6cdd505c4/datanode-5/data/ratis/111fc486-be15-40a3-a63d-a6456f420de7/current/log_inprogress_0
2021-05-21 14:31:49,393 [fe5d1211-9335-469c-958f-8182ca4380cf@group-BDCF5B22EAA5-LeaderElection25] INFO  impl.LeaderElection (LeaderElection.java:askForVotes(306)) - fe5d1211-9335-469c-958f-8182ca4380cf@group-BDCF5B22EAA5-LeaderElection25 ELECTION round 0: submit vote requests at term 1 for -1: [fe5d1211-9335-469c-958f-8182ca4380cf|rpc:172.17.0.2:40647|priority:1], old=null
2021-05-21 14:31:49,394 [fe5d1211-9335-469c-958f-8182ca4380cf@group-BDCF5B22EAA5-LeaderElection25] INFO  impl.LeaderElection (LeaderElection.java:askForVotes(308)) - fe5d1211-9335-469c-958f-8182ca4380cf@group-BDCF5B22EAA5-LeaderElection25 ELECTION round 0: result PASSED (term=1)
2021-05-21 14:31:49,394 [fe5d1211-9335-469c-958f-8182ca4380cf@group-BDCF5B22EAA5-LeaderElection25] INFO  impl.RoleInfo (RoleInfo.java:shutdownLeaderElection(121)) - fe5d1211-9335-469c-958f-8182ca4380cf: shutdown fe5d1211-9335-469c-958f-8182ca4380cf@group-BDCF5B22EAA5-LeaderElection25
2021-05-21 14:31:49,394 [fe5d1211-9335-469c-958f-8182ca4380cf@group-BDCF5B22EAA5-LeaderElection25] INFO  server.RaftServer$Division (RaftServerImpl.java:setRole(284)) - fe5d1211-9335-469c-958f-8182ca4380cf@group-BDCF5B22EAA5: changes role from CANDIDATE to LEADER at term 1 for changeToLeader
2021-05-21 14:31:49,394 [fe5d1211-9335-469c-958f-8182ca4380cf@group-BDCF5B22EAA5-LeaderElection25] INFO  ratis.XceiverServerRatis (XceiverServerRatis.java:handleLeaderChangedNotification(906)) - Leader change notification received for group: group-BDCF5B22EAA5 with new leaderId: fe5d1211-9335-469c-958f-8182ca4380cf
2021-05-21 14:31:49,400 [fe5d1211-9335-469c-958f-8182ca4380cf@group-BDCF5B22EAA5-LeaderElection25] INFO  server.RaftServer$Division (ServerState.java:setLeader(271)) - fe5d1211-9335-469c-958f-8182ca4380cf@group-BDCF5B22EAA5: change Leader from null to fe5d1211-9335-469c-958f-8182ca4380cf at term 1 for becomeLeader, leader elected after 5212ms
2021-05-21 14:31:49,401 [fe5d1211-9335-469c-958f-8182ca4380cf@group-BDCF5B22EAA5-LeaderElection25] INFO  server.RaftServerConfigKeys (ConfUtils.java:logGet(44)) - raft.server.staging.catchup.gap = 1000 (default)
2021-05-21 14:31:49,401 [fe5d1211-9335-469c-958f-8182ca4380cf@group-BDCF5B22EAA5-LeaderElection25] INFO  metrics.RatisMetrics (RatisMetrics.java:lambda$create$0(36)) - Creating Metrics Registry : ratis.log_appender.fe5d1211-9335-469c-958f-8182ca4380cf@group-BDCF5B22EAA5
2021-05-21 14:31:49,401 [fe5d1211-9335-469c-958f-8182ca4380cf@group-BDCF5B22EAA5-LeaderElection25] INFO  server.RaftServerConfigKeys (ConfUtils.java:logGet(44)) - raft.server.write.element-limit = 1024 (custom)
2021-05-21 14:31:49,401 [fe5d1211-9335-469c-958f-8182ca4380cf@group-BDCF5B22EAA5-LeaderElection25] INFO  server.RaftServerConfigKeys (ConfUtils.java:logGet(44)) - raft.server.write.byte-limit = 1073741824 (custom)
2021-05-21 14:31:49,401 [fe5d1211-9335-469c-958f-8182ca4380cf@group-BDCF5B22EAA5-LeaderElection25] INFO  server.RaftServerConfigKeys (ConfUtils.java:logGet(44)) - raft.server.watch.timeout = 180s (custom)
2021-05-21 14:31:49,402 [fe5d1211-9335-469c-958f-8182ca4380cf@group-BDCF5B22EAA5-LeaderElection25] INFO  server.RaftServerConfigKeys (ConfUtils.java:logGet(44)) - raft.server.watch.timeout.denomination = 1s (default)
2021-05-21 14:31:49,402 [fe5d1211-9335-469c-958f-8182ca4380cf@group-BDCF5B22EAA5-LeaderElection25] INFO  server.RaftServerConfigKeys (ConfUtils.java:logGet(44)) - raft.server.watch.element-limit = 65536 (default)
2021-05-21 14:31:49,402 [fe5d1211-9335-469c-958f-8182ca4380cf@group-BDCF5B22EAA5-LeaderElection25] INFO  impl.RoleInfo (RoleInfo.java:updateAndGet(130)) - fe5d1211-9335-469c-958f-8182ca4380cf: start fe5d1211-9335-469c-958f-8182ca4380cf@group-BDCF5B22EAA5-LeaderStateImpl
2021-05-21 14:31:49,402 [fe5d1211-9335-469c-958f-8182ca4380cf@group-BDCF5B22EAA5-LeaderElection25] INFO  segmented.SegmentedRaftLogWorker (SegmentedRaftLogWorker.java:startLogSegment(394)) - fe5d1211-9335-469c-958f-8182ca4380cf@group-BDCF5B22EAA5-SegmentedRaftLogWorker: Starting segment from index:0
2021-05-21 14:31:49,403 [fe5d1211-9335-469c-958f-8182ca4380cf@group-BDCF5B22EAA5-LeaderElection25] INFO  server.RaftServer$Division (ServerState.java:setRaftConf(373)) - fe5d1211-9335-469c-958f-8182ca4380cf@group-BDCF5B22EAA5: set configuration 0: [fe5d1211-9335-469c-958f-8182ca4380cf|rpc:172.17.0.2:40647|dataStream:|priority:1], old=null
2021-05-21 14:31:49,409 [fe5d1211-9335-469c-958f-8182ca4380cf@group-BDCF5B22EAA5-SegmentedRaftLogWorker] INFO  segmented.SegmentedRaftLogWorker (SegmentedRaftLogWorker.java:execute(601)) - fe5d1211-9335-469c-958f-8182ca4380cf@group-BDCF5B22EAA5-SegmentedRaftLogWorker: created new log segment /github/workspace/mnt/ozone/hadoop-ozone/integration-test/target/test-dir/MiniOzoneClusterImpl-22464894-f501-479f-ae18-3fb6cdd505c4/datanode-3/data/ratis/1e9b9852-7ad6-4ac5-b92a-bdcf5b22eaa5/current/log_inprogress_0
2021-05-21 14:31:49,608 [813e8fa6-b95f-4599-bf2c-d00dca9e2ee3@group-D2DFD490C1E5-FollowerState] INFO  impl.FollowerState (FollowerState.java:run(134)) - 813e8fa6-b95f-4599-bf2c-d00dca9e2ee3@group-D2DFD490C1E5-FollowerState: change to CANDIDATE, lastRpcElapsedTime:5202643343ns, electionTimeout:5195ms
2021-05-21 14:31:49,608 [813e8fa6-b95f-4599-bf2c-d00dca9e2ee3@group-D2DFD490C1E5-FollowerState] INFO  impl.RoleInfo (RoleInfo.java:shutdownFollowerState(108)) - 813e8fa6-b95f-4599-bf2c-d00dca9e2ee3: shutdown 813e8fa6-b95f-4599-bf2c-d00dca9e2ee3@group-D2DFD490C1E5-FollowerState
2021-05-21 14:31:49,608 [813e8fa6-b95f-4599-bf2c-d00dca9e2ee3@group-D2DFD490C1E5-FollowerState] INFO  server.RaftServer$Division (RaftServerImpl.java:setRole(284)) - 813e8fa6-b95f-4599-bf2c-d00dca9e2ee3@group-D2DFD490C1E5: changes role from  FOLLOWER to CANDIDATE at term 0 for changeToCandidate
2021-05-21 14:31:49,608 [813e8fa6-b95f-4599-bf2c-d00dca9e2ee3@group-D2DFD490C1E5-FollowerState] INFO  server.RaftServerConfigKeys (ConfUtils.java:logGet(44)) - raft.server.leaderelection.pre-vote = false (custom)
2021-05-21 14:31:49,609 [813e8fa6-b95f-4599-bf2c-d00dca9e2ee3@group-D2DFD490C1E5-FollowerState] INFO  impl.RoleInfo (RoleInfo.java:updateAndGet(130)) - 813e8fa6-b95f-4599-bf2c-d00dca9e2ee3: start 813e8fa6-b95f-4599-bf2c-d00dca9e2ee3@group-D2DFD490C1E5-LeaderElection26
2021-05-21 14:31:49,612 [813e8fa6-b95f-4599-bf2c-d00dca9e2ee3@group-D2DFD490C1E5-LeaderElection26] INFO  impl.LeaderElection (LeaderElection.java:askForVotes(306)) - 813e8fa6-b95f-4599-bf2c-d00dca9e2ee3@group-D2DFD490C1E5-LeaderElection26 ELECTION round 0: submit vote requests at term 1 for -1: [813e8fa6-b95f-4599-bf2c-d00dca9e2ee3|rpc:172.17.0.2:43595|priority:1], old=null
2021-05-21 14:31:49,612 [813e8fa6-b95f-4599-bf2c-d00dca9e2ee3@group-D2DFD490C1E5-LeaderElection26] INFO  impl.LeaderElection (LeaderElection.java:askForVotes(308)) - 813e8fa6-b95f-4599-bf2c-d00dca9e2ee3@group-D2DFD490C1E5-LeaderElection26 ELECTION round 0: result PASSED (term=1)
2021-05-21 14:31:49,612 [813e8fa6-b95f-4599-bf2c-d00dca9e2ee3@group-D2DFD490C1E5-LeaderElection26] INFO  impl.RoleInfo (RoleInfo.java:shutdownLeaderElection(121)) - 813e8fa6-b95f-4599-bf2c-d00dca9e2ee3: shutdown 813e8fa6-b95f-4599-bf2c-d00dca9e2ee3@group-D2DFD490C1E5-LeaderElection26
2021-05-21 14:31:49,613 [813e8fa6-b95f-4599-bf2c-d00dca9e2ee3@group-D2DFD490C1E5-LeaderElection26] INFO  server.RaftServer$Division (RaftServerImpl.java:setRole(284)) - 813e8fa6-b95f-4599-bf2c-d00dca9e2ee3@group-D2DFD490C1E5: changes role from CANDIDATE to LEADER at term 1 for changeToLeader
2021-05-21 14:31:49,613 [813e8fa6-b95f-4599-bf2c-d00dca9e2ee3@group-D2DFD490C1E5-LeaderElection26] INFO  ratis.XceiverServerRatis (XceiverServerRatis.java:handleLeaderChangedNotification(906)) - Leader change notification received for group: group-D2DFD490C1E5 with new leaderId: 813e8fa6-b95f-4599-bf2c-d00dca9e2ee3
2021-05-21 14:31:49,613 [813e8fa6-b95f-4599-bf2c-d00dca9e2ee3@group-D2DFD490C1E5-LeaderElection26] INFO  server.RaftServer$Division (ServerState.java:setLeader(271)) - 813e8fa6-b95f-4599-bf2c-d00dca9e2ee3@group-D2DFD490C1E5: change Leader from null to 813e8fa6-b95f-4599-bf2c-d00dca9e2ee3 at term 1 for becomeLeader, leader elected after 5215ms
2021-05-21 14:31:49,613 [813e8fa6-b95f-4599-bf2c-d00dca9e2ee3@group-D2DFD490C1E5-LeaderElection26] INFO  server.RaftServerConfigKeys (ConfUtils.java:logGet(44)) - raft.server.staging.catchup.gap = 1000 (default)
2021-05-21 14:31:49,613 [813e8fa6-b95f-4599-bf2c-d00dca9e2ee3@group-D2DFD490C1E5-LeaderElection26] INFO  metrics.RatisMetrics (RatisMetrics.java:lambda$create$0(36)) - Creating Metrics Registry : ratis.log_appender.813e8fa6-b95f-4599-bf2c-d00dca9e2ee3@group-D2DFD490C1E5
2021-05-21 14:31:49,614 [813e8fa6-b95f-4599-bf2c-d00dca9e2ee3@group-D2DFD490C1E5-LeaderElection26] INFO  server.RaftServerConfigKeys (ConfUtils.java:logGet(44)) - raft.server.write.element-limit = 1024 (custom)
2021-05-21 14:31:49,615 [813e8fa6-b95f-4599-bf2c-d00dca9e2ee3@group-D2DFD490C1E5-LeaderElection26] INFO  server.RaftServerConfigKeys (ConfUtils.java:logGet(44)) - raft.server.write.byte-limit = 1073741824 (custom)
2021-05-21 14:31:49,615 [813e8fa6-b95f-4599-bf2c-d00dca9e2ee3@group-D2DFD490C1E5-LeaderElection26] INFO  server.RaftServerConfigKeys (ConfUtils.java:logGet(44)) - raft.server.watch.timeout = 180s (custom)
2021-05-21 14:31:49,615 [813e8fa6-b95f-4599-bf2c-d00dca9e2ee3@group-D2DFD490C1E5-LeaderElection26] INFO  server.RaftServerConfigKeys (ConfUtils.java:logGet(44)) - raft.server.watch.timeout.denomination = 1s (default)
2021-05-21 14:31:49,615 [813e8fa6-b95f-4599-bf2c-d00dca9e2ee3@group-D2DFD490C1E5-LeaderElection26] INFO  server.RaftServerConfigKeys (ConfUtils.java:logGet(44)) - raft.server.watch.element-limit = 65536 (default)
2021-05-21 14:31:49,615 [813e8fa6-b95f-4599-bf2c-d00dca9e2ee3@group-D2DFD490C1E5-LeaderElection26] INFO  impl.RoleInfo (RoleInfo.java:updateAndGet(130)) - 813e8fa6-b95f-4599-bf2c-d00dca9e2ee3: start 813e8fa6-b95f-4599-bf2c-d00dca9e2ee3@group-D2DFD490C1E5-LeaderStateImpl
2021-05-21 14:31:49,616 [813e8fa6-b95f-4599-bf2c-d00dca9e2ee3@group-D2DFD490C1E5-LeaderElection26] INFO  segmented.SegmentedRaftLogWorker (SegmentedRaftLogWorker.java:startLogSegment(394)) - 813e8fa6-b95f-4599-bf2c-d00dca9e2ee3@group-D2DFD490C1E5-SegmentedRaftLogWorker: Starting segment from index:0
2021-05-21 14:31:49,618 [813e8fa6-b95f-4599-bf2c-d00dca9e2ee3@group-D2DFD490C1E5-SegmentedRaftLogWorker] INFO  segmented.SegmentedRaftLogWorker (SegmentedRaftLogWorker.java:execute(601)) - 813e8fa6-b95f-4599-bf2c-d00dca9e2ee3@group-D2DFD490C1E5-SegmentedRaftLogWorker: created new log segment /github/workspace/mnt/ozone/hadoop-ozone/integration-test/target/test-dir/MiniOzoneClusterImpl-22464894-f501-479f-ae18-3fb6cdd505c4/datanode-4/data/ratis/0c6bfa22-dd3b-4c85-b03c-d2dfd490c1e5/current/log_inprogress_0
2021-05-21 14:31:49,620 [813e8fa6-b95f-4599-bf2c-d00dca9e2ee3@group-D2DFD490C1E5-LeaderElection26] INFO  server.RaftServer$Division (ServerState.java:setRaftConf(373)) - 813e8fa6-b95f-4599-bf2c-d00dca9e2ee3@group-D2DFD490C1E5: set configuration 0: [813e8fa6-b95f-4599-bf2c-d00dca9e2ee3|rpc:172.17.0.2:43595|dataStream:|priority:1], old=null
2021-05-21 14:31:49,649 [Listener at 127.0.0.1/41311] INFO  ozone.MiniOzoneClusterImpl (MiniOzoneClusterImpl.java:lambda$waitForClusterToBeReady$0(224)) - Nodes are ready. Got 6 of 6 DN Heartbeats.
2021-05-21 14:31:49,649 [Listener at 127.0.0.1/41311] INFO  ozone.MiniOzoneClusterImpl (MiniOzoneClusterImpl.java:lambda$waitForClusterToBeReady$0(227)) - Cluster exits safe mode
2021-05-21 14:31:49,649 [Listener at 127.0.0.1/41311] INFO  ozone.MiniOzoneClusterImpl (MiniOzoneClusterImpl.java:lambda$waitForClusterToBeReady$0(230)) - SCM became leader
2021-05-21 14:31:49,666 [Listener at 127.0.0.1/41311] INFO  rpc.RpcClient (RpcClient.java:createVolume(336)) - Creating Volume: vol1, with user62254 as owner and space quota set to -1 bytes, counts quota set to -1
2021-05-21 14:31:49,673 [OM StateMachine ApplyTransaction Thread - 0] INFO  volume.OMVolumeCreateRequest (OMVolumeCreateRequest.java:validateAndUpdateCache(195)) - created volume:vol1 for user:user62254
2021-05-21 14:31:49,681 [Listener at 127.0.0.1/41311] INFO  rpc.RpcClient (RpcClient.java:createBucket(495)) - Creating Bucket: vol1/bucket1, with Versioning false and Storage Type set to DISK and Encryption set to false 
2021-05-21 14:31:49,694 [IPC Server handler 1 on default port 34739] INFO  ha.SequenceIdGenerator (SequenceIdGenerator.java:getNextId(127)) - Allocate a batch for containerId, change lastId from 0 to 1000.
2021-05-21 14:31:49,694 [IPC Server handler 1 on default port 34739] WARN  ha.SequenceIdGenerator (SequenceIdGenerator.java:allocateBatch(213)) - Failed to allocate a batch for localId, expected lastId is 0, actual lastId is 107544261427200000.
2021-05-21 14:31:49,696 [IPC Server handler 1 on default port 34739] INFO  ha.SequenceIdGenerator (SequenceIdGenerator.java:getNextId(127)) - Allocate a batch for localId, change lastId from 107544261427200000 to 107544261427201000.
2021-05-21 14:31:49,707 [Listener at 127.0.0.1/41311] INFO  metrics.RatisMetrics (RatisMetrics.java:lambda$create$0(36)) - Creating Metrics Registry : ratis.client_message_metrics.client-B06B7965950B->813e8fa6-b95f-4599-bf2c-d00dca9e2ee3
2021-05-21 14:31:49,733 [ReplicationMonitor] INFO  container.ReplicationManager (ReplicationManager.java:run(290)) - Replication Monitor Thread took 0 milliseconds for processing 1 containers.
2021-05-21 14:31:49,833 [1b7a9f1a-9a61-4565-a67b-2de79fff2a8e@group-1B5315FD9401-FollowerState] INFO  impl.FollowerState (FollowerState.java:run(134)) - 1b7a9f1a-9a61-4565-a67b-2de79fff2a8e@group-1B5315FD9401-FollowerState: change to CANDIDATE, lastRpcElapsedTime:5171995328ns, electionTimeout:5171ms
2021-05-21 14:31:49,834 [1b7a9f1a-9a61-4565-a67b-2de79fff2a8e@group-1B5315FD9401-FollowerState] INFO  impl.RoleInfo (RoleInfo.java:shutdownFollowerState(108)) - 1b7a9f1a-9a61-4565-a67b-2de79fff2a8e: shutdown 1b7a9f1a-9a61-4565-a67b-2de79fff2a8e@group-1B5315FD9401-FollowerState
2021-05-21 14:31:49,834 [1b7a9f1a-9a61-4565-a67b-2de79fff2a8e@group-1B5315FD9401-FollowerState] INFO  server.RaftServer$Division (RaftServerImpl.java:setRole(284)) - 1b7a9f1a-9a61-4565-a67b-2de79fff2a8e@group-1B5315FD9401: changes role from  FOLLOWER to CANDIDATE at term 0 for changeToCandidate
2021-05-21 14:31:49,835 [1b7a9f1a-9a61-4565-a67b-2de79fff2a8e@group-1B5315FD9401-FollowerState] INFO  server.RaftServerConfigKeys (ConfUtils.java:logGet(44)) - raft.server.leaderelection.pre-vote = false (custom)
2021-05-21 14:31:49,835 [1b7a9f1a-9a61-4565-a67b-2de79fff2a8e@group-1B5315FD9401-FollowerState] INFO  impl.RoleInfo (RoleInfo.java:updateAndGet(130)) - 1b7a9f1a-9a61-4565-a67b-2de79fff2a8e: start 1b7a9f1a-9a61-4565-a67b-2de79fff2a8e@group-1B5315FD9401-LeaderElection27
2021-05-21 14:31:49,856 [1b7a9f1a-9a61-4565-a67b-2de79fff2a8e@group-1B5315FD9401-LeaderElection27] INFO  impl.LeaderElection (LeaderElection.java:askForVotes(306)) - 1b7a9f1a-9a61-4565-a67b-2de79fff2a8e@group-1B5315FD9401-LeaderElection27 ELECTION round 0: submit vote requests at term 1 for -1: [1b7a9f1a-9a61-4565-a67b-2de79fff2a8e|rpc:172.17.0.2:36135|priority:1], old=null
2021-05-21 14:31:49,856 [1b7a9f1a-9a61-4565-a67b-2de79fff2a8e@group-1B5315FD9401-LeaderElection27] INFO  impl.LeaderElection (LeaderElection.java:askForVotes(308)) - 1b7a9f1a-9a61-4565-a67b-2de79fff2a8e@group-1B5315FD9401-LeaderElection27 ELECTION round 0: result PASSED (term=1)
2021-05-21 14:31:49,856 [1b7a9f1a-9a61-4565-a67b-2de79fff2a8e@group-1B5315FD9401-LeaderElection27] INFO  impl.RoleInfo (RoleInfo.java:shutdownLeaderElection(121)) - 1b7a9f1a-9a61-4565-a67b-2de79fff2a8e: shutdown 1b7a9f1a-9a61-4565-a67b-2de79fff2a8e@group-1B5315FD9401-LeaderElection27
2021-05-21 14:31:49,856 [1b7a9f1a-9a61-4565-a67b-2de79fff2a8e@group-1B5315FD9401-LeaderElection27] INFO  server.RaftServer$Division (RaftServerImpl.java:setRole(284)) - 1b7a9f1a-9a61-4565-a67b-2de79fff2a8e@group-1B5315FD9401: changes role from CANDIDATE to LEADER at term 1 for changeToLeader
2021-05-21 14:31:49,856 [1b7a9f1a-9a61-4565-a67b-2de79fff2a8e@group-1B5315FD9401-LeaderElection27] INFO  ratis.XceiverServerRatis (XceiverServerRatis.java:handleLeaderChangedNotification(906)) - Leader change notification received for group: group-1B5315FD9401 with new leaderId: 1b7a9f1a-9a61-4565-a67b-2de79fff2a8e
2021-05-21 14:31:49,857 [1b7a9f1a-9a61-4565-a67b-2de79fff2a8e@group-1B5315FD9401-LeaderElection27] INFO  server.RaftServer$Division (ServerState.java:setLeader(271)) - 1b7a9f1a-9a61-4565-a67b-2de79fff2a8e@group-1B5315FD9401: change Leader from null to 1b7a9f1a-9a61-4565-a67b-2de79fff2a8e at term 1 for becomeLeader, leader elected after 5209ms
2021-05-21 14:31:49,857 [1b7a9f1a-9a61-4565-a67b-2de79fff2a8e@group-1B5315FD9401-LeaderElection27] INFO  server.RaftServerConfigKeys (ConfUtils.java:logGet(44)) - raft.server.staging.catchup.gap = 1000 (default)
2021-05-21 14:31:49,857 [1b7a9f1a-9a61-4565-a67b-2de79fff2a8e@group-1B5315FD9401-LeaderElection27] INFO  metrics.RatisMetrics (RatisMetrics.java:lambda$create$0(36)) - Creating Metrics Registry : ratis.log_appender.1b7a9f1a-9a61-4565-a67b-2de79fff2a8e@group-1B5315FD9401
2021-05-21 14:31:49,858 [1b7a9f1a-9a61-4565-a67b-2de79fff2a8e@group-1B5315FD9401-LeaderElection27] INFO  server.RaftServerConfigKeys (ConfUtils.java:logGet(44)) - raft.server.write.element-limit = 1024 (custom)
2021-05-21 14:31:49,859 [1b7a9f1a-9a61-4565-a67b-2de79fff2a8e@group-1B5315FD9401-LeaderElection27] INFO  server.RaftServerConfigKeys (ConfUtils.java:logGet(44)) - raft.server.write.byte-limit = 1073741824 (custom)
2021-05-21 14:31:49,860 [1b7a9f1a-9a61-4565-a67b-2de79fff2a8e@group-1B5315FD9401-LeaderElection27] INFO  server.RaftServerConfigKeys (ConfUtils.java:logGet(44)) - raft.server.watch.timeout = 180s (custom)
2021-05-21 14:31:49,860 [1b7a9f1a-9a61-4565-a67b-2de79fff2a8e@group-1B5315FD9401-LeaderElection27] INFO  server.RaftServerConfigKeys (ConfUtils.java:logGet(44)) - raft.server.watch.timeout.denomination = 1s (default)
2021-05-21 14:31:49,860 [1b7a9f1a-9a61-4565-a67b-2de79fff2a8e@group-1B5315FD9401-LeaderElection27] INFO  server.RaftServerConfigKeys (ConfUtils.java:logGet(44)) - raft.server.watch.element-limit = 65536 (default)
2021-05-21 14:31:49,860 [1b7a9f1a-9a61-4565-a67b-2de79fff2a8e@group-1B5315FD9401-LeaderElection27] INFO  impl.RoleInfo (RoleInfo.java:updateAndGet(130)) - 1b7a9f1a-9a61-4565-a67b-2de79fff2a8e: start 1b7a9f1a-9a61-4565-a67b-2de79fff2a8e@group-1B5315FD9401-LeaderStateImpl
2021-05-21 14:31:49,861 [1b7a9f1a-9a61-4565-a67b-2de79fff2a8e@group-1B5315FD9401-LeaderElection27] INFO  segmented.SegmentedRaftLogWorker (SegmentedRaftLogWorker.java:startLogSegment(394)) - 1b7a9f1a-9a61-4565-a67b-2de79fff2a8e@group-1B5315FD9401-SegmentedRaftLogWorker: Starting segment from index:0
2021-05-21 14:31:49,861 [1b7a9f1a-9a61-4565-a67b-2de79fff2a8e@group-1B5315FD9401-SegmentedRaftLogWorker] INFO  segmented.SegmentedRaftLogWorker (SegmentedRaftLogWorker.java:execute(601)) - 1b7a9f1a-9a61-4565-a67b-2de79fff2a8e@group-1B5315FD9401-SegmentedRaftLogWorker: created new log segment /github/workspace/mnt/ozone/hadoop-ozone/integration-test/target/test-dir/MiniOzoneClusterImpl-22464894-f501-479f-ae18-3fb6cdd505c4/datanode-5/data/ratis/64bacc7c-a074-4dc3-af42-1b5315fd9401/current/log_inprogress_0
2021-05-21 14:31:49,866 [1b7a9f1a-9a61-4565-a67b-2de79fff2a8e@group-1B5315FD9401-LeaderElection27] INFO  server.RaftServer$Division (ServerState.java:setRaftConf(373)) - 1b7a9f1a-9a61-4565-a67b-2de79fff2a8e@group-1B5315FD9401: set configuration 0: [1b7a9f1a-9a61-4565-a67b-2de79fff2a8e|rpc:172.17.0.2:36135|dataStream:|priority:1], old=null
2021-05-21 14:31:50,733 [ReplicationMonitor] INFO  container.ReplicationManager (ReplicationManager.java:run(290)) - Replication Monitor Thread took 0 milliseconds for processing 3 containers.
2021-05-21 14:31:51,734 [ReplicationMonitor] INFO  container.ReplicationManager (ReplicationManager.java:run(290)) - Replication Monitor Thread took 0 milliseconds for processing 3 containers.
2021-05-21 14:31:52,734 [ReplicationMonitor] INFO  container.ReplicationManager (ReplicationManager.java:run(290)) - Replication Monitor Thread took 1 milliseconds for processing 3 containers.
2021-05-21 14:31:53,229 [IPC Server handler 2 on default port 33441] INFO  node.NodeDecommissionManager (NodeDecommissionManager.java:startMaintenance(371)) - Starting Maintenance for node fe5d1211-9335-469c-958f-8182ca4380cf{ip: 172.17.0.2, host: b766c8128f74, ports: [REPLICATION=41397, RATIS=40647, RATIS_ADMIN=40647, RATIS_SERVER=40647, STANDALONE=33787], networkLocation: /default-rack, certSerialId: null, persistedOpState: IN_SERVICE, persistedOpStateExpiryEpochSec: 0}
2021-05-21 14:31:53,229 [IPC Server handler 2 on default port 33441] INFO  node.NodeDecommissionManager (NodeDecommissionManager.java:startMaintenance(371)) - Starting Maintenance for node 1b7a9f1a-9a61-4565-a67b-2de79fff2a8e{ip: 172.17.0.2, host: b766c8128f74, ports: [REPLICATION=40105, RATIS=36135, RATIS_ADMIN=36135, RATIS_SERVER=36135, STANDALONE=46121], networkLocation: /default-rack, certSerialId: null, persistedOpState: IN_SERVICE, persistedOpStateExpiryEpochSec: 0}
2021-05-21 14:31:53,229 [IPC Server handler 2 on default port 33441] INFO  node.NodeDecommissionManager (NodeDecommissionManager.java:startMaintenance(371)) - Starting Maintenance for node 813e8fa6-b95f-4599-bf2c-d00dca9e2ee3{ip: 172.17.0.2, host: b766c8128f74, ports: [REPLICATION=45099, RATIS=43595, RATIS_ADMIN=43595, RATIS_SERVER=43595, STANDALONE=42879], networkLocation: /default-rack, certSerialId: null, persistedOpState: IN_SERVICE, persistedOpStateExpiryEpochSec: 0}
2021-05-21 14:31:53,229 [EventQueue-NonHealthyToHealthyNodeForNonHealthyToHealthyNodeHandler] INFO  pipeline.BackgroundPipelineCreator (BackgroundPipelineCreatorV2.java:notifyEventTriggered(282)) - trigger a one-shot run on RatisPipelineUtilsThread.
2021-05-21 14:31:53,230 [EventQueue-NonHealthyToHealthyNodeForNonHealthyToHealthyNodeHandler] INFO  pipeline.BackgroundPipelineCreator (BackgroundPipelineCreatorV2.java:notifyEventTriggered(282)) - trigger a one-shot run on RatisPipelineUtilsThread.
2021-05-21 14:31:53,230 [EventQueue-NonHealthyToHealthyNodeForNonHealthyToHealthyNodeHandler] INFO  pipeline.BackgroundPipelineCreator (BackgroundPipelineCreatorV2.java:notifyEventTriggered(282)) - trigger a one-shot run on RatisPipelineUtilsThread.
2021-05-21 14:31:53,436 [14ea7ea1-b15f-48dc-ab0e-907b4acf42a4@group-A699E101D9F1-FollowerState] INFO  impl.FollowerState (FollowerState.java:run(134)) - 14ea7ea1-b15f-48dc-ab0e-907b4acf42a4@group-A699E101D9F1-FollowerState: change to CANDIDATE, lastRpcElapsedTime:5009664818ns, electionTimeout:5009ms
2021-05-21 14:31:53,436 [14ea7ea1-b15f-48dc-ab0e-907b4acf42a4@group-A699E101D9F1-FollowerState] INFO  impl.RoleInfo (RoleInfo.java:shutdownFollowerState(108)) - 14ea7ea1-b15f-48dc-ab0e-907b4acf42a4: shutdown 14ea7ea1-b15f-48dc-ab0e-907b4acf42a4@group-A699E101D9F1-FollowerState
2021-05-21 14:31:53,437 [14ea7ea1-b15f-48dc-ab0e-907b4acf42a4@group-A699E101D9F1-FollowerState] INFO  server.RaftServer$Division (RaftServerImpl.java:setRole(284)) - 14ea7ea1-b15f-48dc-ab0e-907b4acf42a4@group-A699E101D9F1: changes role from  FOLLOWER to CANDIDATE at term 1 for changeToCandidate
2021-05-21 14:31:53,437 [14ea7ea1-b15f-48dc-ab0e-907b4acf42a4@group-A699E101D9F1-FollowerState] INFO  server.RaftServerConfigKeys (ConfUtils.java:logGet(44)) - raft.server.leaderelection.pre-vote = false (custom)
2021-05-21 14:31:53,437 [14ea7ea1-b15f-48dc-ab0e-907b4acf42a4@group-A699E101D9F1-FollowerState] INFO  impl.RoleInfo (RoleInfo.java:updateAndGet(130)) - 14ea7ea1-b15f-48dc-ab0e-907b4acf42a4: start 14ea7ea1-b15f-48dc-ab0e-907b4acf42a4@group-A699E101D9F1-LeaderElection28
2021-05-21 14:31:53,439 [14ea7ea1-b15f-48dc-ab0e-907b4acf42a4@group-A699E101D9F1-LeaderElection28] INFO  impl.LeaderElection (LeaderElection.java:askForVotes(306)) - 14ea7ea1-b15f-48dc-ab0e-907b4acf42a4@group-A699E101D9F1-LeaderElection28 ELECTION round 0: submit vote requests at term 2 for -1: [9a82ec2f-9c54-4599-b9e4-0bab5ceba92f|rpc:172.17.0.2:41073|priority:0, 1fccea47-322e-4257-abe8-9dc7eb47081b|rpc:172.17.0.2:46599|priority:1, 14ea7ea1-b15f-48dc-ab0e-907b4acf42a4|rpc:172.17.0.2:46343|priority:0], old=null
2021-05-21 14:31:53,443 [grpc-default-executor-1] INFO  server.RaftServer$Division (RaftServerImpl.java:requestVote(1042)) - 9a82ec2f-9c54-4599-b9e4-0bab5ceba92f@group-A699E101D9F1: receive requestVote(ELECTION, 14ea7ea1-b15f-48dc-ab0e-907b4acf42a4, group-A699E101D9F1, 2, (t:0, i:0))
2021-05-21 14:31:53,443 [grpc-default-executor-1] INFO  impl.VoteContext (VoteContext.java:log(48)) - 9a82ec2f-9c54-4599-b9e4-0bab5ceba92f@group-A699E101D9F1-FOLLOWER: accept ELECTION from 14ea7ea1-b15f-48dc-ab0e-907b4acf42a4: our priority 0 <= candidate's priority 0
2021-05-21 14:31:53,443 [grpc-default-executor-1] INFO  server.RaftServer$Division (RaftServerImpl.java:setRole(284)) - 9a82ec2f-9c54-4599-b9e4-0bab5ceba92f@group-A699E101D9F1: changes role from  FOLLOWER to FOLLOWER at term 2 for candidate:14ea7ea1-b15f-48dc-ab0e-907b4acf42a4
2021-05-21 14:31:53,443 [grpc-default-executor-1] INFO  impl.RoleInfo (RoleInfo.java:shutdownFollowerState(108)) - 9a82ec2f-9c54-4599-b9e4-0bab5ceba92f: shutdown 9a82ec2f-9c54-4599-b9e4-0bab5ceba92f@group-A699E101D9F1-FollowerState
2021-05-21 14:31:53,443 [grpc-default-executor-1] INFO  impl.RoleInfo (RoleInfo.java:updateAndGet(130)) - 9a82ec2f-9c54-4599-b9e4-0bab5ceba92f: start 9a82ec2f-9c54-4599-b9e4-0bab5ceba92f@group-A699E101D9F1-FollowerState
2021-05-21 14:31:53,443 [9a82ec2f-9c54-4599-b9e4-0bab5ceba92f@group-A699E101D9F1-FollowerState] INFO  impl.FollowerState (FollowerState.java:run(143)) - 9a82ec2f-9c54-4599-b9e4-0bab5ceba92f@group-A699E101D9F1-FollowerState was interrupted: {}
java.lang.InterruptedException: sleep interrupted
	at java.lang.Thread.sleep(Native Method)
	at java.lang.Thread.sleep(Thread.java:340)
	at java.util.concurrent.TimeUnit.sleep(TimeUnit.java:386)
	at org.apache.ratis.util.TimeDuration.sleep(TimeDuration.java:324)
	at org.apache.ratis.util.TimeDuration.sleep(TimeDuration.java:309)
	at org.apache.ratis.server.impl.FollowerState.run(FollowerState.java:118)
2021-05-21 14:31:53,453 [grpc-default-executor-0] INFO  server.RaftServer$Division (RaftServerImpl.java:requestVote(1042)) - 1fccea47-322e-4257-abe8-9dc7eb47081b@group-A699E101D9F1: receive requestVote(ELECTION, 14ea7ea1-b15f-48dc-ab0e-907b4acf42a4, group-A699E101D9F1, 2, (t:0, i:0))
2021-05-21 14:31:53,454 [grpc-default-executor-0] INFO  impl.VoteContext (VoteContext.java:log(48)) - 1fccea47-322e-4257-abe8-9dc7eb47081b@group-A699E101D9F1-FOLLOWER: reject ELECTION from 14ea7ea1-b15f-48dc-ab0e-907b4acf42a4: our priority 1 > candidate's priority 0
2021-05-21 14:31:53,454 [grpc-default-executor-0] INFO  server.RaftServer$Division (RaftServerImpl.java:setRole(284)) - 1fccea47-322e-4257-abe8-9dc7eb47081b@group-A699E101D9F1: changes role from  FOLLOWER to FOLLOWER at term 2 for candidate:14ea7ea1-b15f-48dc-ab0e-907b4acf42a4
2021-05-21 14:31:53,454 [grpc-default-executor-0] INFO  impl.RoleInfo (RoleInfo.java:shutdownFollowerState(108)) - 1fccea47-322e-4257-abe8-9dc7eb47081b: shutdown 1fccea47-322e-4257-abe8-9dc7eb47081b@group-A699E101D9F1-FollowerState
2021-05-21 14:31:53,454 [grpc-default-executor-0] INFO  impl.RoleInfo (RoleInfo.java:updateAndGet(130)) - 1fccea47-322e-4257-abe8-9dc7eb47081b: start 1fccea47-322e-4257-abe8-9dc7eb47081b@group-A699E101D9F1-FollowerState
2021-05-21 14:31:53,454 [1fccea47-322e-4257-abe8-9dc7eb47081b@group-A699E101D9F1-FollowerState] INFO  impl.FollowerState (FollowerState.java:run(143)) - 1fccea47-322e-4257-abe8-9dc7eb47081b@group-A699E101D9F1-FollowerState was interrupted: {}
java.lang.InterruptedException: sleep interrupted
	at java.lang.Thread.sleep(Native Method)
	at java.lang.Thread.sleep(Thread.java:340)
	at java.util.concurrent.TimeUnit.sleep(TimeUnit.java:386)
	at org.apache.ratis.util.TimeDuration.sleep(TimeDuration.java:324)
	at org.apache.ratis.util.TimeDuration.sleep(TimeDuration.java:309)
	at org.apache.ratis.server.impl.FollowerState.run(FollowerState.java:118)
2021-05-21 14:31:53,457 [grpc-default-executor-1] INFO  server.RaftServer$Division (RaftServerImpl.java:requestVote(1074)) - 9a82ec2f-9c54-4599-b9e4-0bab5ceba92f@group-A699E101D9F1 replies to ELECTION vote request: 14ea7ea1-b15f-48dc-ab0e-907b4acf42a4<-9a82ec2f-9c54-4599-b9e4-0bab5ceba92f#0:OK-t2. Peer's state: 9a82ec2f-9c54-4599-b9e4-0bab5ceba92f@group-A699E101D9F1:t2, leader=null, voted=14ea7ea1-b15f-48dc-ab0e-907b4acf42a4, raftlog=9a82ec2f-9c54-4599-b9e4-0bab5ceba92f@group-A699E101D9F1-SegmentedRaftLog:OPENED:c-1,f-1,i0, conf=-1: [9a82ec2f-9c54-4599-b9e4-0bab5ceba92f|rpc:172.17.0.2:41073|dataStream:|priority:0, 1fccea47-322e-4257-abe8-9dc7eb47081b|rpc:172.17.0.2:46599|dataStream:|priority:1, 14ea7ea1-b15f-48dc-ab0e-907b4acf42a4|rpc:172.17.0.2:46343|dataStream:|priority:0], old=null
2021-05-21 14:31:53,457 [grpc-default-executor-0] INFO  server.RaftServer$Division (RaftServerImpl.java:requestVote(1074)) - 1fccea47-322e-4257-abe8-9dc7eb47081b@group-A699E101D9F1 replies to ELECTION vote request: 14ea7ea1-b15f-48dc-ab0e-907b4acf42a4<-1fccea47-322e-4257-abe8-9dc7eb47081b#0:FAIL-t2. Peer's state: 1fccea47-322e-4257-abe8-9dc7eb47081b@group-A699E101D9F1:t2, leader=null, voted=null, raftlog=1fccea47-322e-4257-abe8-9dc7eb47081b@group-A699E101D9F1-SegmentedRaftLog:OPENED:c-1,f-1,i0, conf=-1: [9a82ec2f-9c54-4599-b9e4-0bab5ceba92f|rpc:172.17.0.2:41073|dataStream:|priority:0, 1fccea47-322e-4257-abe8-9dc7eb47081b|rpc:172.17.0.2:46599|dataStream:|priority:1, 14ea7ea1-b15f-48dc-ab0e-907b4acf42a4|rpc:172.17.0.2:46343|dataStream:|priority:0], old=null
2021-05-21 14:31:53,459 [14ea7ea1-b15f-48dc-ab0e-907b4acf42a4@group-A699E101D9F1-LeaderElection28] INFO  impl.LeaderElection (LeaderElection.java:logAndReturn(89)) - 14ea7ea1-b15f-48dc-ab0e-907b4acf42a4@group-A699E101D9F1-LeaderElection28: ELECTION REJECTED received 1 response(s) and 0 exception(s):
2021-05-21 14:31:53,459 [14ea7ea1-b15f-48dc-ab0e-907b4acf42a4@group-A699E101D9F1-LeaderElection28] INFO  impl.LeaderElection (LeaderElection.java:logAndReturn(93)) -   Response 0: 14ea7ea1-b15f-48dc-ab0e-907b4acf42a4<-1fccea47-322e-4257-abe8-9dc7eb47081b#0:FAIL-t2
2021-05-21 14:31:53,459 [14ea7ea1-b15f-48dc-ab0e-907b4acf42a4@group-A699E101D9F1-LeaderElection28] INFO  impl.LeaderElection (LeaderElection.java:askForVotes(308)) - 14ea7ea1-b15f-48dc-ab0e-907b4acf42a4@group-A699E101D9F1-LeaderElection28 ELECTION round 0: result REJECTED
2021-05-21 14:31:53,459 [14ea7ea1-b15f-48dc-ab0e-907b4acf42a4@group-A699E101D9F1-LeaderElection28] INFO  server.RaftServer$Division (RaftServerImpl.java:setRole(284)) - 14ea7ea1-b15f-48dc-ab0e-907b4acf42a4@group-A699E101D9F1: changes role from CANDIDATE to FOLLOWER at term 2 for REJECTED
2021-05-21 14:31:53,459 [14ea7ea1-b15f-48dc-ab0e-907b4acf42a4@group-A699E101D9F1-LeaderElection28] INFO  impl.RoleInfo (RoleInfo.java:shutdownLeaderElection(121)) - 14ea7ea1-b15f-48dc-ab0e-907b4acf42a4: shutdown 14ea7ea1-b15f-48dc-ab0e-907b4acf42a4@group-A699E101D9F1-LeaderElection28
2021-05-21 14:31:53,459 [14ea7ea1-b15f-48dc-ab0e-907b4acf42a4@group-A699E101D9F1-LeaderElection28] INFO  impl.RoleInfo (RoleInfo.java:updateAndGet(130)) - 14ea7ea1-b15f-48dc-ab0e-907b4acf42a4: start 14ea7ea1-b15f-48dc-ab0e-907b4acf42a4@group-A699E101D9F1-FollowerState
2021-05-21 14:31:53,716 [DatanodeAdminManager-0] INFO  node.DatanodeAdminMonitorImpl (DatanodeAdminMonitorImpl.java:checkPipelinesClosedOnNode(267)) - Waiting for pipelines to close for 813e8fa6-b95f-4599-bf2c-d00dca9e2ee3{ip: 172.17.0.2, host: b766c8128f74, ports: [REPLICATION=45099, RATIS=43595, RATIS_ADMIN=43595, RATIS_SERVER=43595, STANDALONE=42879], networkLocation: /default-rack, certSerialId: null, persistedOpState: IN_SERVICE, persistedOpStateExpiryEpochSec: 0}. There are 2 pipelines
2021-05-21 14:31:53,716 [DatanodeAdminManager-0] INFO  node.DatanodeAdminMonitorImpl (DatanodeAdminMonitorImpl.java:checkPipelinesClosedOnNode(267)) - Waiting for pipelines to close for fe5d1211-9335-469c-958f-8182ca4380cf{ip: 172.17.0.2, host: b766c8128f74, ports: [REPLICATION=41397, RATIS=40647, RATIS_ADMIN=40647, RATIS_SERVER=40647, STANDALONE=33787], networkLocation: /default-rack, certSerialId: null, persistedOpState: IN_SERVICE, persistedOpStateExpiryEpochSec: 0}. There are 2 pipelines
2021-05-21 14:31:53,716 [DatanodeAdminManager-0] INFO  node.DatanodeAdminMonitorImpl (DatanodeAdminMonitorImpl.java:checkPipelinesClosedOnNode(267)) - Waiting for pipelines to close for 1b7a9f1a-9a61-4565-a67b-2de79fff2a8e{ip: 172.17.0.2, host: b766c8128f74, ports: [REPLICATION=40105, RATIS=36135, RATIS_ADMIN=36135, RATIS_SERVER=36135, STANDALONE=46121], networkLocation: /default-rack, certSerialId: null, persistedOpState: IN_SERVICE, persistedOpStateExpiryEpochSec: 0}. There are 2 pipelines
2021-05-21 14:31:53,716 [DatanodeAdminManager-0] INFO  node.DatanodeAdminMonitorImpl (DatanodeAdminMonitorImpl.java:run(136)) - There are 3 nodes tracked for decommission and maintenance. 0 pending nodes.
2021-05-21 14:31:53,716 [EventQueue-StartAdminOnNodeForStartDatanodeAdminHandler] INFO  node.StartDatanodeAdminHandler (StartDatanodeAdminHandler.java:onMessage(56)) - Admin start on datanode fe5d1211-9335-469c-958f-8182ca4380cf{ip: 172.17.0.2, host: b766c8128f74, ports: [REPLICATION=41397, RATIS=40647, RATIS_ADMIN=40647, RATIS_SERVER=40647, STANDALONE=33787], networkLocation: /default-rack, certSerialId: null, persistedOpState: IN_SERVICE, persistedOpStateExpiryEpochSec: 0}. Finalizing its pipelines [PipelineID=111fc486-be15-40a3-a63d-a6456f420de7, PipelineID=1e9b9852-7ad6-4ac5-b92a-bdcf5b22eaa5]
2021-05-21 14:31:53,717 [EventQueue-StartAdminOnNodeForStartDatanodeAdminHandler] INFO  pipeline.PipelineManagerV2Impl (PipelineManagerV2Impl.java:closePipeline(330)) - Pipeline Pipeline[ Id: 111fc486-be15-40a3-a63d-a6456f420de7, Nodes: 1b7a9f1a-9a61-4565-a67b-2de79fff2a8e{ip: 172.17.0.2, host: b766c8128f74, ports: [REPLICATION=40105, RATIS=36135, RATIS_ADMIN=36135, RATIS_SERVER=36135, STANDALONE=46121], networkLocation: /default-rack, certSerialId: null, persistedOpState: IN_SERVICE, persistedOpStateExpiryEpochSec: 0}fe5d1211-9335-469c-958f-8182ca4380cf{ip: 172.17.0.2, host: b766c8128f74, ports: [REPLICATION=41397, RATIS=40647, RATIS_ADMIN=40647, RATIS_SERVER=40647, STANDALONE=33787], networkLocation: /default-rack, certSerialId: null, persistedOpState: IN_SERVICE, persistedOpStateExpiryEpochSec: 0}813e8fa6-b95f-4599-bf2c-d00dca9e2ee3{ip: 172.17.0.2, host: b766c8128f74, ports: [REPLICATION=45099, RATIS=43595, RATIS_ADMIN=43595, RATIS_SERVER=43595, STANDALONE=42879], networkLocation: /default-rack, certSerialId: null, persistedOpState: IN_SERVICE, persistedOpStateExpiryEpochSec: 0}, ReplicationConfig: RATIS/THREE, State:OPEN, leaderId:813e8fa6-b95f-4599-bf2c-d00dca9e2ee3, CreationTimestamp2021-05-21T14:31:41.641Z] moved to CLOSED state
2021-05-21 14:31:53,717 [EventQueue-StartAdminOnNodeForStartDatanodeAdminHandler] INFO  pipeline.RatisPipelineProvider (RatisPipelineProvider.java:lambda$close$1(209)) - Send pipeline:PipelineID=111fc486-be15-40a3-a63d-a6456f420de7 close command to datanode 1b7a9f1a-9a61-4565-a67b-2de79fff2a8e
2021-05-21 14:31:53,717 [EventQueue-CloseContainerForCloseContainerEventHandler] INFO  container.CloseContainerEventHandler (CloseContainerEventHandler.java:onMessage(68)) - Close container Event triggered for container : #1
2021-05-21 14:31:53,717 [EventQueue-StartAdminOnNodeForStartDatanodeAdminHandler] INFO  pipeline.RatisPipelineProvider (RatisPipelineProvider.java:lambda$close$1(209)) - Send pipeline:PipelineID=111fc486-be15-40a3-a63d-a6456f420de7 close command to datanode fe5d1211-9335-469c-958f-8182ca4380cf
2021-05-21 14:31:53,717 [EventQueue-StartAdminOnNodeForStartDatanodeAdminHandler] INFO  pipeline.RatisPipelineProvider (RatisPipelineProvider.java:lambda$close$1(209)) - Send pipeline:PipelineID=111fc486-be15-40a3-a63d-a6456f420de7 close command to datanode 813e8fa6-b95f-4599-bf2c-d00dca9e2ee3
2021-05-21 14:31:53,718 [EventQueue-CloseContainerForCloseContainerEventHandler] INFO  container.CloseContainerEventHandler (CloseContainerEventHandler.java:onMessage(68)) - Close container Event triggered for container : #2
2021-05-21 14:31:53,719 [EventQueue-StartAdminOnNodeForStartDatanodeAdminHandler] INFO  pipeline.PipelineStateManager (PipelineStateManagerV2Impl.java:removePipeline(211)) - Pipeline Pipeline[ Id: 111fc486-be15-40a3-a63d-a6456f420de7, Nodes: 1b7a9f1a-9a61-4565-a67b-2de79fff2a8e{ip: 172.17.0.2, host: b766c8128f74, ports: [REPLICATION=40105, RATIS=36135, RATIS_ADMIN=36135, RATIS_SERVER=36135, STANDALONE=46121], networkLocation: /default-rack, certSerialId: null, persistedOpState: IN_SERVICE, persistedOpStateExpiryEpochSec: 0}fe5d1211-9335-469c-958f-8182ca4380cf{ip: 172.17.0.2, host: b766c8128f74, ports: [REPLICATION=41397, RATIS=40647, RATIS_ADMIN=40647, RATIS_SERVER=40647, STANDALONE=33787], networkLocation: /default-rack, certSerialId: null, persistedOpState: IN_SERVICE, persistedOpStateExpiryEpochSec: 0}813e8fa6-b95f-4599-bf2c-d00dca9e2ee3{ip: 172.17.0.2, host: b766c8128f74, ports: [REPLICATION=45099, RATIS=43595, RATIS_ADMIN=43595, RATIS_SERVER=43595, STANDALONE=42879], networkLocation: /default-rack, certSerialId: null, persistedOpState: IN_SERVICE, persistedOpStateExpiryEpochSec: 0}, ReplicationConfig: RATIS/THREE, State:CLOSED, leaderId:813e8fa6-b95f-4599-bf2c-d00dca9e2ee3, CreationTimestamp2021-05-21T14:31:41.641Z] removed.
2021-05-21 14:31:53,719 [EventQueue-CloseContainerForCloseContainerEventHandler] INFO  pipeline.PipelineStateManager (PipelineStateManagerV2Impl.java:removeContainerFromPipeline(234)) - Pipeline PipelineID=111fc486-be15-40a3-a63d-a6456f420de7 is not found in the pipeline2ContainerMap. Pipeline may have been closed already.
2021-05-21 14:31:53,720 [EventQueue-CloseContainerForCloseContainerEventHandler] INFO  container.CloseContainerEventHandler (CloseContainerEventHandler.java:onMessage(68)) - Close container Event triggered for container : #3
2021-05-21 14:31:53,720 [EventQueue-StartAdminOnNodeForStartDatanodeAdminHandler] INFO  pipeline.PipelineManagerV2Impl (PipelineManagerV2Impl.java:closePipeline(330)) - Pipeline Pipeline[ Id: 1e9b9852-7ad6-4ac5-b92a-bdcf5b22eaa5, Nodes: fe5d1211-9335-469c-958f-8182ca4380cf{ip: 172.17.0.2, host: b766c8128f74, ports: [REPLICATION=41397, RATIS=40647, RATIS_ADMIN=40647, RATIS_SERVER=40647, STANDALONE=33787], networkLocation: /default-rack, certSerialId: null, persistedOpState: IN_SERVICE, persistedOpStateExpiryEpochSec: 0}, ReplicationConfig: RATIS/ONE, State:OPEN, leaderId:fe5d1211-9335-469c-958f-8182ca4380cf, CreationTimestamp2021-05-21T14:31:41.174Z] moved to CLOSED state
2021-05-21 14:31:53,720 [EventQueue-StartAdminOnNodeForStartDatanodeAdminHandler] INFO  pipeline.RatisPipelineProvider (RatisPipelineProvider.java:lambda$close$1(209)) - Send pipeline:PipelineID=1e9b9852-7ad6-4ac5-b92a-bdcf5b22eaa5 close command to datanode fe5d1211-9335-469c-958f-8182ca4380cf
2021-05-21 14:31:53,720 [EventQueue-CloseContainerForCloseContainerEventHandler] INFO  pipeline.PipelineStateManager (PipelineStateManagerV2Impl.java:removeContainerFromPipeline(234)) - Pipeline PipelineID=111fc486-be15-40a3-a63d-a6456f420de7 is not found in the pipeline2ContainerMap. Pipeline may have been closed already.
2021-05-21 14:31:53,720 [EventQueue-StartAdminOnNodeForStartDatanodeAdminHandler] INFO  pipeline.PipelineStateManager (PipelineStateManagerV2Impl.java:removePipeline(211)) - Pipeline Pipeline[ Id: 1e9b9852-7ad6-4ac5-b92a-bdcf5b22eaa5, Nodes: fe5d1211-9335-469c-958f-8182ca4380cf{ip: 172.17.0.2, host: b766c8128f74, ports: [REPLICATION=41397, RATIS=40647, RATIS_ADMIN=40647, RATIS_SERVER=40647, STANDALONE=33787], networkLocation: /default-rack, certSerialId: null, persistedOpState: IN_SERVICE, persistedOpStateExpiryEpochSec: 0}, ReplicationConfig: RATIS/ONE, State:CLOSED, leaderId:fe5d1211-9335-469c-958f-8182ca4380cf, CreationTimestamp2021-05-21T14:31:41.174Z] removed.
2021-05-21 14:31:53,720 [EventQueue-StartAdminOnNodeForStartDatanodeAdminHandler] INFO  node.StartDatanodeAdminHandler (StartDatanodeAdminHandler.java:onMessage(56)) - Admin start on datanode 1b7a9f1a-9a61-4565-a67b-2de79fff2a8e{ip: 172.17.0.2, host: b766c8128f74, ports: [REPLICATION=40105, RATIS=36135, RATIS_ADMIN=36135, RATIS_SERVER=36135, STANDALONE=46121], networkLocation: /default-rack, certSerialId: null, persistedOpState: IN_SERVICE, persistedOpStateExpiryEpochSec: 0}. Finalizing its pipelines [PipelineID=64bacc7c-a074-4dc3-af42-1b5315fd9401]
2021-05-21 14:31:53,720 [EventQueue-StartAdminOnNodeForStartDatanodeAdminHandler] INFO  pipeline.PipelineManagerV2Impl (PipelineManagerV2Impl.java:closePipeline(330)) - Pipeline Pipeline[ Id: 64bacc7c-a074-4dc3-af42-1b5315fd9401, Nodes: 1b7a9f1a-9a61-4565-a67b-2de79fff2a8e{ip: 172.17.0.2, host: b766c8128f74, ports: [REPLICATION=40105, RATIS=36135, RATIS_ADMIN=36135, RATIS_SERVER=36135, STANDALONE=46121], networkLocation: /default-rack, certSerialId: null, persistedOpState: IN_SERVICE, persistedOpStateExpiryEpochSec: 0}, ReplicationConfig: RATIS/ONE, State:OPEN, leaderId:1b7a9f1a-9a61-4565-a67b-2de79fff2a8e, CreationTimestamp2021-05-21T14:31:41.641Z] moved to CLOSED state
2021-05-21 14:31:53,721 [EventQueue-StartAdminOnNodeForStartDatanodeAdminHandler] INFO  pipeline.RatisPipelineProvider (RatisPipelineProvider.java:lambda$close$1(209)) - Send pipeline:PipelineID=64bacc7c-a074-4dc3-af42-1b5315fd9401 close command to datanode 1b7a9f1a-9a61-4565-a67b-2de79fff2a8e
2021-05-21 14:31:53,721 [EventQueue-StartAdminOnNodeForStartDatanodeAdminHandler] INFO  pipeline.PipelineStateManager (PipelineStateManagerV2Impl.java:removePipeline(211)) - Pipeline Pipeline[ Id: 64bacc7c-a074-4dc3-af42-1b5315fd9401, Nodes: 1b7a9f1a-9a61-4565-a67b-2de79fff2a8e{ip: 172.17.0.2, host: b766c8128f74, ports: [REPLICATION=40105, RATIS=36135, RATIS_ADMIN=36135, RATIS_SERVER=36135, STANDALONE=46121], networkLocation: /default-rack, certSerialId: null, persistedOpState: IN_SERVICE, persistedOpStateExpiryEpochSec: 0}, ReplicationConfig: RATIS/ONE, State:CLOSED, leaderId:1b7a9f1a-9a61-4565-a67b-2de79fff2a8e, CreationTimestamp2021-05-21T14:31:41.641Z] removed.
2021-05-21 14:31:53,721 [EventQueue-StartAdminOnNodeForStartDatanodeAdminHandler] INFO  node.StartDatanodeAdminHandler (StartDatanodeAdminHandler.java:onMessage(56)) - Admin start on datanode 813e8fa6-b95f-4599-bf2c-d00dca9e2ee3{ip: 172.17.0.2, host: b766c8128f74, ports: [REPLICATION=45099, RATIS=43595, RATIS_ADMIN=43595, RATIS_SERVER=43595, STANDALONE=42879], networkLocation: /default-rack, certSerialId: null, persistedOpState: IN_SERVICE, persistedOpStateExpiryEpochSec: 0}. Finalizing its pipelines [PipelineID=0c6bfa22-dd3b-4c85-b03c-d2dfd490c1e5]
2021-05-21 14:31:53,721 [EventQueue-StartAdminOnNodeForStartDatanodeAdminHandler] INFO  pipeline.PipelineManagerV2Impl (PipelineManagerV2Impl.java:closePipeline(330)) - Pipeline Pipeline[ Id: 0c6bfa22-dd3b-4c85-b03c-d2dfd490c1e5, Nodes: 813e8fa6-b95f-4599-bf2c-d00dca9e2ee3{ip: 172.17.0.2, host: b766c8128f74, ports: [REPLICATION=45099, RATIS=43595, RATIS_ADMIN=43595, RATIS_SERVER=43595, STANDALONE=42879], networkLocation: /default-rack, certSerialId: null, persistedOpState: IN_SERVICE, persistedOpStateExpiryEpochSec: 0}, ReplicationConfig: RATIS/ONE, State:OPEN, leaderId:813e8fa6-b95f-4599-bf2c-d00dca9e2ee3, CreationTimestamp2021-05-21T14:31:41.393Z] moved to CLOSED state
2021-05-21 14:31:53,721 [EventQueue-StartAdminOnNodeForStartDatanodeAdminHandler] INFO  pipeline.RatisPipelineProvider (RatisPipelineProvider.java:lambda$close$1(209)) - Send pipeline:PipelineID=0c6bfa22-dd3b-4c85-b03c-d2dfd490c1e5 close command to datanode 813e8fa6-b95f-4599-bf2c-d00dca9e2ee3
2021-05-21 14:31:53,721 [EventQueue-StartAdminOnNodeForStartDatanodeAdminHandler] INFO  pipeline.PipelineStateManager (PipelineStateManagerV2Impl.java:removePipeline(211)) - Pipeline Pipeline[ Id: 0c6bfa22-dd3b-4c85-b03c-d2dfd490c1e5, Nodes: 813e8fa6-b95f-4599-bf2c-d00dca9e2ee3{ip: 172.17.0.2, host: b766c8128f74, ports: [REPLICATION=45099, RATIS=43595, RATIS_ADMIN=43595, RATIS_SERVER=43595, STANDALONE=42879], networkLocation: /default-rack, certSerialId: null, persistedOpState: IN_SERVICE, persistedOpStateExpiryEpochSec: 0}, ReplicationConfig: RATIS/ONE, State:CLOSED, leaderId:813e8fa6-b95f-4599-bf2c-d00dca9e2ee3, CreationTimestamp2021-05-21T14:31:41.393Z] removed.
2021-05-21 14:31:53,735 [ReplicationMonitor] INFO  container.ReplicationManager (ReplicationManager.java:sendCloseCommand(1000)) - Sending close container command for container #1 to datanode fe5d1211-9335-469c-958f-8182ca4380cf{ip: 172.17.0.2, host: b766c8128f74, ports: [REPLICATION=41397, RATIS=40647, RATIS_ADMIN=40647, RATIS_SERVER=40647, STANDALONE=33787], networkLocation: /default-rack, certSerialId: null, persistedOpState: IN_SERVICE, persistedOpStateExpiryEpochSec: 0}.
2021-05-21 14:31:53,735 [ReplicationMonitor] INFO  container.ReplicationManager (ReplicationManager.java:sendCloseCommand(1000)) - Sending close container command for container #1 to datanode 1b7a9f1a-9a61-4565-a67b-2de79fff2a8e{ip: 172.17.0.2, host: b766c8128f74, ports: [REPLICATION=40105, RATIS=36135, RATIS_ADMIN=36135, RATIS_SERVER=36135, STANDALONE=46121], networkLocation: /default-rack, certSerialId: null, persistedOpState: IN_SERVICE, persistedOpStateExpiryEpochSec: 0}.
2021-05-21 14:31:53,735 [ReplicationMonitor] INFO  container.ReplicationManager (ReplicationManager.java:sendCloseCommand(1000)) - Sending close container command for container #1 to datanode 813e8fa6-b95f-4599-bf2c-d00dca9e2ee3{ip: 172.17.0.2, host: b766c8128f74, ports: [REPLICATION=45099, RATIS=43595, RATIS_ADMIN=43595, RATIS_SERVER=43595, STANDALONE=42879], networkLocation: /default-rack, certSerialId: null, persistedOpState: IN_SERVICE, persistedOpStateExpiryEpochSec: 0}.
2021-05-21 14:31:53,735 [ReplicationMonitor] INFO  container.ReplicationManager (ReplicationManager.java:sendCloseCommand(1000)) - Sending close container command for container #2 to datanode fe5d1211-9335-469c-958f-8182ca4380cf{ip: 172.17.0.2, host: b766c8128f74, ports: [REPLICATION=41397, RATIS=40647, RATIS_ADMIN=40647, RATIS_SERVER=40647, STANDALONE=33787], networkLocation: /default-rack, certSerialId: null, persistedOpState: IN_SERVICE, persistedOpStateExpiryEpochSec: 0}.
2021-05-21 14:31:53,735 [ReplicationMonitor] INFO  container.ReplicationManager (ReplicationManager.java:sendCloseCommand(1000)) - Sending close container command for container #2 to datanode 813e8fa6-b95f-4599-bf2c-d00dca9e2ee3{ip: 172.17.0.2, host: b766c8128f74, ports: [REPLICATION=45099, RATIS=43595, RATIS_ADMIN=43595, RATIS_SERVER=43595, STANDALONE=42879], networkLocation: /default-rack, certSerialId: null, persistedOpState: IN_SERVICE, persistedOpStateExpiryEpochSec: 0}.
2021-05-21 14:31:53,735 [ReplicationMonitor] INFO  container.ReplicationManager (ReplicationManager.java:sendCloseCommand(1000)) - Sending close container command for container #2 to datanode 1b7a9f1a-9a61-4565-a67b-2de79fff2a8e{ip: 172.17.0.2, host: b766c8128f74, ports: [REPLICATION=40105, RATIS=36135, RATIS_ADMIN=36135, RATIS_SERVER=36135, STANDALONE=46121], networkLocation: /default-rack, certSerialId: null, persistedOpState: IN_SERVICE, persistedOpStateExpiryEpochSec: 0}.
2021-05-21 14:31:53,735 [ReplicationMonitor] INFO  container.ReplicationManager (ReplicationManager.java:sendCloseCommand(1000)) - Sending close container command for container #3 to datanode fe5d1211-9335-469c-958f-8182ca4380cf{ip: 172.17.0.2, host: b766c8128f74, ports: [REPLICATION=41397, RATIS=40647, RATIS_ADMIN=40647, RATIS_SERVER=40647, STANDALONE=33787], networkLocation: /default-rack, certSerialId: null, persistedOpState: IN_SERVICE, persistedOpStateExpiryEpochSec: 0}.
2021-05-21 14:31:53,735 [ReplicationMonitor] INFO  container.ReplicationManager (ReplicationManager.java:sendCloseCommand(1000)) - Sending close container command for container #3 to datanode 1b7a9f1a-9a61-4565-a67b-2de79fff2a8e{ip: 172.17.0.2, host: b766c8128f74, ports: [REPLICATION=40105, RATIS=36135, RATIS_ADMIN=36135, RATIS_SERVER=36135, STANDALONE=46121], networkLocation: /default-rack, certSerialId: null, persistedOpState: IN_SERVICE, persistedOpStateExpiryEpochSec: 0}.
2021-05-21 14:31:53,735 [ReplicationMonitor] INFO  container.ReplicationManager (ReplicationManager.java:sendCloseCommand(1000)) - Sending close container command for container #3 to datanode 813e8fa6-b95f-4599-bf2c-d00dca9e2ee3{ip: 172.17.0.2, host: b766c8128f74, ports: [REPLICATION=45099, RATIS=43595, RATIS_ADMIN=43595, RATIS_SERVER=43595, STANDALONE=42879], networkLocation: /default-rack, certSerialId: null, persistedOpState: IN_SERVICE, persistedOpStateExpiryEpochSec: 0}.
2021-05-21 14:31:53,735 [ReplicationMonitor] INFO  container.ReplicationManager (ReplicationManager.java:run(290)) - Replication Monitor Thread took 1 milliseconds for processing 3 containers.
2021-05-21 14:31:54,003 [IPC Server handler 7 on default port 45897] INFO  node.SCMNodeManager (SCMNodeManager.java:updateDatanodeOpState(437)) - Scheduling a command to update the operationalState persisted on fe5d1211-9335-469c-958f-8182ca4380cf{ip: 172.17.0.2, host: b766c8128f74, ports: [REPLICATION=41397, RATIS=40647, RATIS_ADMIN=40647, RATIS_SERVER=40647, STANDALONE=33787], networkLocation: /default-rack, certSerialId: null, persistedOpState: null, persistedOpStateExpiryEpochSec: 0} as the reported value does not match the value stored in SCM (ENTERING_MAINTENANCE, 0)
2021-05-21 14:31:54,006 [IPC Server handler 11 on default port 45897] INFO  node.SCMNodeManager (SCMNodeManager.java:updateDatanodeOpState(437)) - Scheduling a command to update the operationalState persisted on 1b7a9f1a-9a61-4565-a67b-2de79fff2a8e{ip: 172.17.0.2, host: b766c8128f74, ports: [REPLICATION=40105, RATIS=36135, RATIS_ADMIN=36135, RATIS_SERVER=36135, STANDALONE=46121], networkLocation: /default-rack, certSerialId: null, persistedOpState: null, persistedOpStateExpiryEpochSec: 0} as the reported value does not match the value stored in SCM (ENTERING_MAINTENANCE, 0)
2021-05-21 14:31:54,014 [IPC Server handler 13 on default port 45897] INFO  node.SCMNodeManager (SCMNodeManager.java:updateDatanodeOpState(437)) - Scheduling a command to update the operationalState persisted on 813e8fa6-b95f-4599-bf2c-d00dca9e2ee3{ip: 172.17.0.2, host: b766c8128f74, ports: [REPLICATION=45099, RATIS=43595, RATIS_ADMIN=43595, RATIS_SERVER=43595, STANDALONE=42879], networkLocation: /default-rack, certSerialId: null, persistedOpState: null, persistedOpStateExpiryEpochSec: 0} as the reported value does not match the value stored in SCM (ENTERING_MAINTENANCE, 0)
2021-05-21 14:31:54,715 [DatanodeAdminManager-0] INFO  node.DatanodeAdminMonitorImpl (DatanodeAdminMonitorImpl.java:run(136)) - There are 3 nodes tracked for decommission and maintenance. 0 pending nodes.
2021-05-21 14:31:54,736 [ReplicationMonitor] INFO  container.ReplicationManager (ReplicationManager.java:sendCloseCommand(1000)) - Sending close container command for container #1 to datanode fe5d1211-9335-469c-958f-8182ca4380cf{ip: 172.17.0.2, host: b766c8128f74, ports: [REPLICATION=41397, RATIS=40647, RATIS_ADMIN=40647, RATIS_SERVER=40647, STANDALONE=33787], networkLocation: /default-rack, certSerialId: null, persistedOpState: IN_SERVICE, persistedOpStateExpiryEpochSec: 0}.
2021-05-21 14:31:54,736 [ReplicationMonitor] INFO  container.ReplicationManager (ReplicationManager.java:sendCloseCommand(1000)) - Sending close container command for container #1 to datanode 1b7a9f1a-9a61-4565-a67b-2de79fff2a8e{ip: 172.17.0.2, host: b766c8128f74, ports: [REPLICATION=40105, RATIS=36135, RATIS_ADMIN=36135, RATIS_SERVER=36135, STANDALONE=46121], networkLocation: /default-rack, certSerialId: null, persistedOpState: IN_SERVICE, persistedOpStateExpiryEpochSec: 0}.
2021-05-21 14:31:54,736 [ReplicationMonitor] INFO  container.ReplicationManager (ReplicationManager.java:sendCloseCommand(1000)) - Sending close container command for container #1 to datanode 813e8fa6-b95f-4599-bf2c-d00dca9e2ee3{ip: 172.17.0.2, host: b766c8128f74, ports: [REPLICATION=45099, RATIS=43595, RATIS_ADMIN=43595, RATIS_SERVER=43595, STANDALONE=42879], networkLocation: /default-rack, certSerialId: null, persistedOpState: IN_SERVICE, persistedOpStateExpiryEpochSec: 0}.
2021-05-21 14:31:54,736 [ReplicationMonitor] INFO  container.ReplicationManager (ReplicationManager.java:sendCloseCommand(1000)) - Sending close container command for container #2 to datanode fe5d1211-9335-469c-958f-8182ca4380cf{ip: 172.17.0.2, host: b766c8128f74, ports: [REPLICATION=41397, RATIS=40647, RATIS_ADMIN=40647, RATIS_SERVER=40647, STANDALONE=33787], networkLocation: /default-rack, certSerialId: null, persistedOpState: IN_SERVICE, persistedOpStateExpiryEpochSec: 0}.
2021-05-21 14:31:54,736 [ReplicationMonitor] INFO  container.ReplicationManager (ReplicationManager.java:sendCloseCommand(1000)) - Sending close container command for container #2 to datanode 813e8fa6-b95f-4599-bf2c-d00dca9e2ee3{ip: 172.17.0.2, host: b766c8128f74, ports: [REPLICATION=45099, RATIS=43595, RATIS_ADMIN=43595, RATIS_SERVER=43595, STANDALONE=42879], networkLocation: /default-rack, certSerialId: null, persistedOpState: IN_SERVICE, persistedOpStateExpiryEpochSec: 0}.
2021-05-21 14:31:54,736 [ReplicationMonitor] INFO  container.ReplicationManager (ReplicationManager.java:sendCloseCommand(1000)) - Sending close container command for container #2 to datanode 1b7a9f1a-9a61-4565-a67b-2de79fff2a8e{ip: 172.17.0.2, host: b766c8128f74, ports: [REPLICATION=40105, RATIS=36135, RATIS_ADMIN=36135, RATIS_SERVER=36135, STANDALONE=46121], networkLocation: /default-rack, certSerialId: null, persistedOpState: IN_SERVICE, persistedOpStateExpiryEpochSec: 0}.
2021-05-21 14:31:54,736 [ReplicationMonitor] INFO  container.ReplicationManager (ReplicationManager.java:sendCloseCommand(1000)) - Sending close container command for container #3 to datanode fe5d1211-9335-469c-958f-8182ca4380cf{ip: 172.17.0.2, host: b766c8128f74, ports: [REPLICATION=41397, RATIS=40647, RATIS_ADMIN=40647, RATIS_SERVER=40647, STANDALONE=33787], networkLocation: /default-rack, certSerialId: null, persistedOpState: IN_SERVICE, persistedOpStateExpiryEpochSec: 0}.
2021-05-21 14:31:54,736 [ReplicationMonitor] INFO  container.ReplicationManager (ReplicationManager.java:sendCloseCommand(1000)) - Sending close container command for container #3 to datanode 1b7a9f1a-9a61-4565-a67b-2de79fff2a8e{ip: 172.17.0.2, host: b766c8128f74, ports: [REPLICATION=40105, RATIS=36135, RATIS_ADMIN=36135, RATIS_SERVER=36135, STANDALONE=46121], networkLocation: /default-rack, certSerialId: null, persistedOpState: IN_SERVICE, persistedOpStateExpiryEpochSec: 0}.
2021-05-21 14:31:54,736 [ReplicationMonitor] INFO  container.ReplicationManager (ReplicationManager.java:sendCloseCommand(1000)) - Sending close container command for container #3 to datanode 813e8fa6-b95f-4599-bf2c-d00dca9e2ee3{ip: 172.17.0.2, host: b766c8128f74, ports: [REPLICATION=45099, RATIS=43595, RATIS_ADMIN=43595, RATIS_SERVER=43595, STANDALONE=42879], networkLocation: /default-rack, certSerialId: null, persistedOpState: IN_SERVICE, persistedOpStateExpiryEpochSec: 0}.
2021-05-21 14:31:54,736 [ReplicationMonitor] INFO  container.ReplicationManager (ReplicationManager.java:run(290)) - Replication Monitor Thread took 1 milliseconds for processing 3 containers.
2021-05-21 14:31:55,002 [Command processor thread] INFO  server.RaftServer (RaftServerProxy.java:remove(106)) - fe5d1211-9335-469c-958f-8182ca4380cf: remove  FOLLOWER fe5d1211-9335-469c-958f-8182ca4380cf@group-A6456F420DE7:t1, leader=813e8fa6-b95f-4599-bf2c-d00dca9e2ee3, voted=813e8fa6-b95f-4599-bf2c-d00dca9e2ee3, raftlog=fe5d1211-9335-469c-958f-8182ca4380cf@group-A6456F420DE7-SegmentedRaftLog:OPENED:c74,f76,i76, conf=0: [813e8fa6-b95f-4599-bf2c-d00dca9e2ee3|rpc:172.17.0.2:43595|dataStream:|priority:1, fe5d1211-9335-469c-958f-8182ca4380cf|rpc:172.17.0.2:40647|dataStream:|priority:0, 1b7a9f1a-9a61-4565-a67b-2de79fff2a8e|rpc:172.17.0.2:36135|dataStream:|priority:0], old=null RUNNING
2021-05-21 14:31:55,002 [Command processor thread] INFO  server.RaftServer$Division (RaftServerImpl.java:lambda$close$4(406)) - fe5d1211-9335-469c-958f-8182ca4380cf@group-A6456F420DE7: shutdown
2021-05-21 14:31:55,002 [Command processor thread] INFO  util.JmxRegister (JmxRegister.java:unregister(73)) - Successfully un-registered JMX Bean with object name Ratis:service=RaftServer,group=group-A6456F420DE7,id=fe5d1211-9335-469c-958f-8182ca4380cf
2021-05-21 14:31:55,002 [Command processor thread] INFO  impl.RoleInfo (RoleInfo.java:shutdownFollowerState(108)) - fe5d1211-9335-469c-958f-8182ca4380cf: shutdown fe5d1211-9335-469c-958f-8182ca4380cf@group-A6456F420DE7-FollowerState
2021-05-21 14:31:55,002 [Command processor thread] INFO  impl.StateMachineUpdater (StateMachineUpdater.java:stopAndJoin(149)) - fe5d1211-9335-469c-958f-8182ca4380cf@group-A6456F420DE7-StateMachineUpdater: set stopIndex = 74
2021-05-21 14:31:55,003 [fe5d1211-9335-469c-958f-8182ca4380cf@group-A6456F420DE7-StateMachineUpdater] INFO  ratis.ContainerStateMachine (ContainerStateMachine.java:takeSnapshot(292)) - group-A6456F420DE7: Taking a snapshot at:(t:1, i:74) file /github/workspace/mnt/ozone/hadoop-ozone/integration-test/target/test-dir/MiniOzoneClusterImpl-22464894-f501-479f-ae18-3fb6cdd505c4/datanode-3/data/ratis/111fc486-be15-40a3-a63d-a6456f420de7/sm/snapshot.1_74
2021-05-21 14:31:55,003 [fe5d1211-9335-469c-958f-8182ca4380cf@group-A6456F420DE7-FollowerState] INFO  impl.FollowerState (FollowerState.java:run(143)) - fe5d1211-9335-469c-958f-8182ca4380cf@group-A6456F420DE7-FollowerState was interrupted: {}
java.lang.InterruptedException: sleep interrupted
	at java.lang.Thread.sleep(Native Method)
	at java.lang.Thread.sleep(Thread.java:340)
	at java.util.concurrent.TimeUnit.sleep(TimeUnit.java:386)
	at org.apache.ratis.util.TimeDuration.sleep(TimeDuration.java:324)
	at org.apache.ratis.util.TimeDuration.sleep(TimeDuration.java:309)
	at org.apache.ratis.server.impl.FollowerState.run(FollowerState.java:118)
2021-05-21 14:31:55,004 [IPC Server handler 12 on default port 45897] INFO  node.SCMNodeManager (SCMNodeManager.java:updateDatanodeOpState(437)) - Scheduling a command to update the operationalState persisted on 1b7a9f1a-9a61-4565-a67b-2de79fff2a8e{ip: 172.17.0.2, host: b766c8128f74, ports: [REPLICATION=40105, RATIS=36135, RATIS_ADMIN=36135, RATIS_SERVER=36135, STANDALONE=46121], networkLocation: /default-rack, certSerialId: null, persistedOpState: null, persistedOpStateExpiryEpochSec: 0} as the reported value does not match the value stored in SCM (ENTERING_MAINTENANCE, 0)
2021-05-21 14:31:55,006 [fe5d1211-9335-469c-958f-8182ca4380cf@group-A6456F420DE7-StateMachineUpdater] INFO  ratis.ContainerStateMachine (ContainerStateMachine.java:takeSnapshot(303)) - group-A6456F420DE7: Finished taking a snapshot at:(t:1, i:74) file:/github/workspace/mnt/ozone/hadoop-ozone/integration-test/target/test-dir/MiniOzoneClusterImpl-22464894-f501-479f-ae18-3fb6cdd505c4/datanode-3/data/ratis/111fc486-be15-40a3-a63d-a6456f420de7/sm/snapshot.1_74 took: 3 ms
2021-05-21 14:31:55,006 [fe5d1211-9335-469c-958f-8182ca4380cf@group-A6456F420DE7-StateMachineUpdater] INFO  impl.StateMachineUpdater (StateMachineUpdater.java:takeSnapshot(281)) - fe5d1211-9335-469c-958f-8182ca4380cf@group-A6456F420DE7-StateMachineUpdater: Took a snapshot at index 74
2021-05-21 14:31:55,006 [fe5d1211-9335-469c-958f-8182ca4380cf@group-A6456F420DE7-StateMachineUpdater] INFO  impl.StateMachineUpdater (StateMachineUpdater.java:lambda$new$0(89)) - fe5d1211-9335-469c-958f-8182ca4380cf@group-A6456F420DE7-StateMachineUpdater: snapshotIndex: updateIncreasingly -1 -> 74
2021-05-21 14:31:55,006 [fe5d1211-9335-469c-958f-8182ca4380cf@group-A6456F420DE7-StateMachineUpdater] INFO  metrics.RatisMetrics (RatisMetrics.java:unregister(43)) - Unregistering Metrics Registry : ratis.state_machine.fe5d1211-9335-469c-958f-8182ca4380cf@group-A6456F420DE7
2021-05-21 14:31:55,007 [Command processor thread] INFO  server.RaftServer$Division (ServerState.java:close(405)) - fe5d1211-9335-469c-958f-8182ca4380cf@group-A6456F420DE7: closes. applyIndex: 74
2021-05-21 14:31:55,007 [fe5d1211-9335-469c-958f-8182ca4380cf@group-A6456F420DE7-SegmentedRaftLogWorker] INFO  segmented.SegmentedRaftLogWorker (SegmentedRaftLogWorker.java:run(327)) - fe5d1211-9335-469c-958f-8182ca4380cf@group-A6456F420DE7-SegmentedRaftLogWorker was interrupted, exiting. There are 0 tasks remaining in the queue.
2021-05-21 14:31:55,007 [IPC Server handler 11 on default port 45897] INFO  node.SCMNodeManager (SCMNodeManager.java:updateDatanodeOpState(437)) - Scheduling a command to update the operationalState persisted on fe5d1211-9335-469c-958f-8182ca4380cf{ip: 172.17.0.2, host: b766c8128f74, ports: [REPLICATION=41397, RATIS=40647, RATIS_ADMIN=40647, RATIS_SERVER=40647, STANDALONE=33787], networkLocation: /default-rack, certSerialId: null, persistedOpState: null, persistedOpStateExpiryEpochSec: 0} as the reported value does not match the value stored in SCM (ENTERING_MAINTENANCE, 0)
2021-05-21 14:31:55,007 [Command processor thread] INFO  segmented.SegmentedRaftLogWorker (SegmentedRaftLogWorker.java:close(237)) - fe5d1211-9335-469c-958f-8182ca4380cf@group-A6456F420DE7-SegmentedRaftLogWorker close()
2021-05-21 14:31:55,009 [Command processor thread] INFO  metrics.RatisMetrics (RatisMetrics.java:unregister(43)) - Unregistering Metrics Registry : ratis.log_worker.fe5d1211-9335-469c-958f-8182ca4380cf@group-A6456F420DE7
2021-05-21 14:31:55,009 [Command processor thread] INFO  metrics.RatisMetrics (RatisMetrics.java:unregister(43)) - Unregistering Metrics Registry : ratis.leader_election.fe5d1211-9335-469c-958f-8182ca4380cf@group-A6456F420DE7
2021-05-21 14:31:55,009 [Command processor thread] INFO  metrics.RatisMetrics (RatisMetrics.java:unregister(43)) - Unregistering Metrics Registry : ratis.server.fe5d1211-9335-469c-958f-8182ca4380cf@group-A6456F420DE7
2021-05-21 14:31:55,013 [IPC Server handler 9 on default port 45897] INFO  node.SCMNodeManager (SCMNodeManager.java:updateDatanodeOpState(437)) - Scheduling a command to update the operationalState persisted on 813e8fa6-b95f-4599-bf2c-d00dca9e2ee3{ip: 172.17.0.2, host: b766c8128f74, ports: [REPLICATION=45099, RATIS=43595, RATIS_ADMIN=43595, RATIS_SERVER=43595, STANDALONE=42879], networkLocation: /default-rack, certSerialId: null, persistedOpState: null, persistedOpStateExpiryEpochSec: 0} as the reported value does not match the value stored in SCM (ENTERING_MAINTENANCE, 0)
2021-05-21 14:31:55,014 [Command processor thread] INFO  keyvalue.KeyValueContainer (KeyValueContainer.java:flushAndSyncDB(393)) - Container 1 is synced with bcsId 70.
2021-05-21 14:31:55,014 [Command processor thread] INFO  keyvalue.KeyValueContainer (KeyValueContainer.java:flushAndSyncDB(393)) - Container 1 is synced with bcsId 70.
2021-05-21 14:31:55,016 [IPC Server handler 13 on default port 45897] INFO  node.SCMNodeManager (SCMNodeManager.java:updateDatanodeOpState(437)) - Scheduling a command to update the operationalState persisted on fe5d1211-9335-469c-958f-8182ca4380cf{ip: 172.17.0.2, host: b766c8128f74, ports: [REPLICATION=41397, RATIS=40647, RATIS_ADMIN=40647, RATIS_SERVER=40647, STANDALONE=33787], networkLocation: /default-rack, certSerialId: null, persistedOpState: null, persistedOpStateExpiryEpochSec: 0} as the reported value does not match the value stored in SCM (ENTERING_MAINTENANCE, 0)
2021-05-21 14:31:55,019 [IPC Server handler 14 on default port 45897] INFO  node.SCMNodeManager (SCMNodeManager.java:updateDatanodeOpState(437)) - Scheduling a command to update the operationalState persisted on fe5d1211-9335-469c-958f-8182ca4380cf{ip: 172.17.0.2, host: b766c8128f74, ports: [REPLICATION=41397, RATIS=40647, RATIS_ADMIN=40647, RATIS_SERVER=40647, STANDALONE=33787], networkLocation: /default-rack, certSerialId: null, persistedOpState: null, persistedOpStateExpiryEpochSec: 0} as the reported value does not match the value stored in SCM (ENTERING_MAINTENANCE, 0)
2021-05-21 14:31:55,020 [EventQueue-IncrementalContainerReportForIncrementalContainerReportHandler] INFO  container.IncrementalContainerReportHandler (AbstractContainerReportHandler.java:updateContainerState(216)) - Moving container #1 to QUASI_CLOSED state, datanode fe5d1211-9335-469c-958f-8182ca4380cf{ip: 172.17.0.2, host: b766c8128f74, ports: [REPLICATION=41397, RATIS=40647, RATIS_ADMIN=40647, RATIS_SERVER=40647, STANDALONE=33787], networkLocation: /default-rack, certSerialId: null, persistedOpState: IN_SERVICE, persistedOpStateExpiryEpochSec: 0} reported QUASI_CLOSED replica.
2021-05-21 14:31:55,021 [IPC Server handler 10 on default port 45897] INFO  node.SCMNodeManager (SCMNodeManager.java:updateDatanodeOpState(437)) - Scheduling a command to update the operationalState persisted on fe5d1211-9335-469c-958f-8182ca4380cf{ip: 172.17.0.2, host: b766c8128f74, ports: [REPLICATION=41397, RATIS=40647, RATIS_ADMIN=40647, RATIS_SERVER=40647, STANDALONE=33787], networkLocation: /default-rack, certSerialId: null, persistedOpState: null, persistedOpStateExpiryEpochSec: 0} as the reported value does not match the value stored in SCM (ENTERING_MAINTENANCE, 0)
2021-05-21 14:31:55,022 [Command processor thread] INFO  keyvalue.KeyValueContainer (KeyValueContainer.java:flushAndSyncDB(393)) - Container 2 is synced with bcsId 74.
2021-05-21 14:31:55,022 [Command processor thread] INFO  keyvalue.KeyValueContainer (KeyValueContainer.java:flushAndSyncDB(393)) - Container 2 is synced with bcsId 74.
2021-05-21 14:31:55,026 [IPC Server handler 19 on default port 45897] INFO  node.SCMNodeManager (SCMNodeManager.java:updateDatanodeOpState(437)) - Scheduling a command to update the operationalState persisted on fe5d1211-9335-469c-958f-8182ca4380cf{ip: 172.17.0.2, host: b766c8128f74, ports: [REPLICATION=41397, RATIS=40647, RATIS_ADMIN=40647, RATIS_SERVER=40647, STANDALONE=33787], networkLocation: /default-rack, certSerialId: null, persistedOpState: null, persistedOpStateExpiryEpochSec: 0} as the reported value does not match the value stored in SCM (ENTERING_MAINTENANCE, 0)
2021-05-21 14:31:55,027 [EventQueue-IncrementalContainerReportForIncrementalContainerReportHandler] INFO  container.IncrementalContainerReportHandler (AbstractContainerReportHandler.java:updateContainerState(216)) - Moving container #2 to QUASI_CLOSED state, datanode fe5d1211-9335-469c-958f-8182ca4380cf{ip: 172.17.0.2, host: b766c8128f74, ports: [REPLICATION=41397, RATIS=40647, RATIS_ADMIN=40647, RATIS_SERVER=40647, STANDALONE=33787], networkLocation: /default-rack, certSerialId: null, persistedOpState: IN_SERVICE, persistedOpStateExpiryEpochSec: 0} reported QUASI_CLOSED replica.
2021-05-21 14:31:55,031 [IPC Server handler 18 on default port 45897] INFO  node.SCMNodeManager (SCMNodeManager.java:updateDatanodeOpState(437)) - Scheduling a command to update the operationalState persisted on fe5d1211-9335-469c-958f-8182ca4380cf{ip: 172.17.0.2, host: b766c8128f74, ports: [REPLICATION=41397, RATIS=40647, RATIS_ADMIN=40647, RATIS_SERVER=40647, STANDALONE=33787], networkLocation: /default-rack, certSerialId: null, persistedOpState: null, persistedOpStateExpiryEpochSec: 0} as the reported value does not match the value stored in SCM (ENTERING_MAINTENANCE, 0)
2021-05-21 14:31:55,032 [Command processor thread] INFO  keyvalue.KeyValueContainer (KeyValueContainer.java:flushAndSyncDB(393)) - Container 3 is synced with bcsId 66.
2021-05-21 14:31:55,032 [Command processor thread] INFO  keyvalue.KeyValueContainer (KeyValueContainer.java:flushAndSyncDB(393)) - Container 3 is synced with bcsId 66.
2021-05-21 14:31:55,041 [IPC Server handler 15 on default port 45897] INFO  node.SCMNodeManager (SCMNodeManager.java:updateDatanodeOpState(437)) - Scheduling a command to update the operationalState persisted on fe5d1211-9335-469c-958f-8182ca4380cf{ip: 172.17.0.2, host: b766c8128f74, ports: [REPLICATION=41397, RATIS=40647, RATIS_ADMIN=40647, RATIS_SERVER=40647, STANDALONE=33787], networkLocation: /default-rack, certSerialId: null, persistedOpState: null, persistedOpStateExpiryEpochSec: 0} as the reported value does not match the value stored in SCM (ENTERING_MAINTENANCE, 0)
2021-05-21 14:31:55,042 [EventQueue-IncrementalContainerReportForIncrementalContainerReportHandler] INFO  container.IncrementalContainerReportHandler (AbstractContainerReportHandler.java:updateContainerState(216)) - Moving container #3 to QUASI_CLOSED state, datanode fe5d1211-9335-469c-958f-8182ca4380cf{ip: 172.17.0.2, host: b766c8128f74, ports: [REPLICATION=41397, RATIS=40647, RATIS_ADMIN=40647, RATIS_SERVER=40647, STANDALONE=33787], networkLocation: /default-rack, certSerialId: null, persistedOpState: IN_SERVICE, persistedOpStateExpiryEpochSec: 0} reported QUASI_CLOSED replica.
2021-05-21 14:31:55,042 [Command processor thread] INFO  server.RaftServer$Division (RaftServerImpl.java:groupRemove(376)) - fe5d1211-9335-469c-958f-8182ca4380cf@group-A6456F420DE7: Succeed to remove RaftStorageDirectory Storage Directory /github/workspace/mnt/ozone/hadoop-ozone/integration-test/target/test-dir/MiniOzoneClusterImpl-22464894-f501-479f-ae18-3fb6cdd505c4/datanode-3/data/ratis/111fc486-be15-40a3-a63d-a6456f420de7
2021-05-21 14:31:55,043 [Command processor thread] INFO  commandhandler.ClosePipelineCommandHandler (ClosePipelineCommandHandler.java:handle(75)) - Close Pipeline PipelineID=111fc486-be15-40a3-a63d-a6456f420de7 command on datanode fe5d1211-9335-469c-958f-8182ca4380cf.
2021-05-21 14:31:55,043 [Command processor thread] INFO  server.RaftServer (RaftServerProxy.java:remove(106)) - fe5d1211-9335-469c-958f-8182ca4380cf: remove    LEADER fe5d1211-9335-469c-958f-8182ca4380cf@group-BDCF5B22EAA5:t1, leader=fe5d1211-9335-469c-958f-8182ca4380cf, voted=fe5d1211-9335-469c-958f-8182ca4380cf, raftlog=fe5d1211-9335-469c-958f-8182ca4380cf@group-BDCF5B22EAA5-SegmentedRaftLog:OPENED:c0,f0,i0, conf=0: [fe5d1211-9335-469c-958f-8182ca4380cf|rpc:172.17.0.2:40647|dataStream:|priority:1], old=null RUNNING
2021-05-21 14:31:55,043 [Command processor thread] INFO  server.RaftServer$Division (RaftServerImpl.java:lambda$close$4(406)) - fe5d1211-9335-469c-958f-8182ca4380cf@group-BDCF5B22EAA5: shutdown
2021-05-21 14:31:55,043 [Command processor thread] INFO  util.JmxRegister (JmxRegister.java:unregister(73)) - Successfully un-registered JMX Bean with object name Ratis:service=RaftServer,group=group-BDCF5B22EAA5,id=fe5d1211-9335-469c-958f-8182ca4380cf
2021-05-21 14:31:55,043 [Command processor thread] INFO  impl.RoleInfo (RoleInfo.java:shutdownLeaderState(91)) - fe5d1211-9335-469c-958f-8182ca4380cf: shutdown fe5d1211-9335-469c-958f-8182ca4380cf@group-BDCF5B22EAA5-LeaderStateImpl
2021-05-21 14:31:55,043 [Command processor thread] INFO  impl.PendingRequests (PendingRequests.java:sendNotLeaderResponses(249)) - fe5d1211-9335-469c-958f-8182ca4380cf@group-BDCF5B22EAA5-PendingRequests: sendNotLeaderResponses
2021-05-21 14:31:55,043 [Command processor thread] INFO  metrics.RatisMetrics (RatisMetrics.java:unregister(43)) - Unregistering Metrics Registry : ratis.log_appender.fe5d1211-9335-469c-958f-8182ca4380cf@group-BDCF5B22EAA5
2021-05-21 14:31:55,044 [Command processor thread] INFO  metrics.RatisMetrics (RatisMetrics.java:unregister(43)) - Unregistering Metrics Registry : ratis.server.fe5d1211-9335-469c-958f-8182ca4380cf@group-BDCF5B22EAA5
2021-05-21 14:31:55,044 [Command processor thread] INFO  impl.StateMachineUpdater (StateMachineUpdater.java:stopAndJoin(149)) - fe5d1211-9335-469c-958f-8182ca4380cf@group-BDCF5B22EAA5-StateMachineUpdater: set stopIndex = 0
2021-05-21 14:31:55,044 [fe5d1211-9335-469c-958f-8182ca4380cf@group-BDCF5B22EAA5-StateMachineUpdater] INFO  ratis.ContainerStateMachine (ContainerStateMachine.java:takeSnapshot(292)) - group-BDCF5B22EAA5: Taking a snapshot at:(t:1, i:0) file /github/workspace/mnt/ozone/hadoop-ozone/integration-test/target/test-dir/MiniOzoneClusterImpl-22464894-f501-479f-ae18-3fb6cdd505c4/datanode-3/data/ratis/1e9b9852-7ad6-4ac5-b92a-bdcf5b22eaa5/sm/snapshot.1_0
2021-05-21 14:31:55,046 [fe5d1211-9335-469c-958f-8182ca4380cf@group-BDCF5B22EAA5-StateMachineUpdater] INFO  ratis.ContainerStateMachine (ContainerStateMachine.java:takeSnapshot(303)) - group-BDCF5B22EAA5: Finished taking a snapshot at:(t:1, i:0) file:/github/workspace/mnt/ozone/hadoop-ozone/integration-test/target/test-dir/MiniOzoneClusterImpl-22464894-f501-479f-ae18-3fb6cdd505c4/datanode-3/data/ratis/1e9b9852-7ad6-4ac5-b92a-bdcf5b22eaa5/sm/snapshot.1_0 took: 2 ms
2021-05-21 14:31:55,046 [fe5d1211-9335-469c-958f-8182ca4380cf@group-BDCF5B22EAA5-StateMachineUpdater] INFO  impl.StateMachineUpdater (StateMachineUpdater.java:takeSnapshot(281)) - fe5d1211-9335-469c-958f-8182ca4380cf@group-BDCF5B22EAA5-StateMachineUpdater: Took a snapshot at index 0
2021-05-21 14:31:55,046 [fe5d1211-9335-469c-958f-8182ca4380cf@group-BDCF5B22EAA5-StateMachineUpdater] INFO  impl.StateMachineUpdater (StateMachineUpdater.java:lambda$new$0(89)) - fe5d1211-9335-469c-958f-8182ca4380cf@group-BDCF5B22EAA5-StateMachineUpdater: snapshotIndex: updateIncreasingly -1 -> 0
2021-05-21 14:31:55,046 [fe5d1211-9335-469c-958f-8182ca4380cf@group-BDCF5B22EAA5-StateMachineUpdater] INFO  metrics.RatisMetrics (RatisMetrics.java:unregister(43)) - Unregistering Metrics Registry : ratis.state_machine.fe5d1211-9335-469c-958f-8182ca4380cf@group-BDCF5B22EAA5
2021-05-21 14:31:55,046 [Command processor thread] INFO  server.RaftServer$Division (ServerState.java:close(405)) - fe5d1211-9335-469c-958f-8182ca4380cf@group-BDCF5B22EAA5: closes. applyIndex: 0
2021-05-21 14:31:55,046 [fe5d1211-9335-469c-958f-8182ca4380cf@group-BDCF5B22EAA5-SegmentedRaftLogWorker] INFO  segmented.SegmentedRaftLogWorker (SegmentedRaftLogWorker.java:run(327)) - fe5d1211-9335-469c-958f-8182ca4380cf@group-BDCF5B22EAA5-SegmentedRaftLogWorker was interrupted, exiting. There are 0 tasks remaining in the queue.
2021-05-21 14:31:55,046 [Command processor thread] INFO  segmented.SegmentedRaftLogWorker (SegmentedRaftLogWorker.java:close(237)) - fe5d1211-9335-469c-958f-8182ca4380cf@group-BDCF5B22EAA5-SegmentedRaftLogWorker close()
2021-05-21 14:31:55,047 [Command processor thread] INFO  metrics.RatisMetrics (RatisMetrics.java:unregister(43)) - Unregistering Metrics Registry : ratis.log_worker.fe5d1211-9335-469c-958f-8182ca4380cf@group-BDCF5B22EAA5
2021-05-21 14:31:55,048 [Command processor thread] INFO  metrics.RatisMetrics (RatisMetrics.java:unregister(43)) - Unregistering Metrics Registry : ratis.leader_election.fe5d1211-9335-469c-958f-8182ca4380cf@group-BDCF5B22EAA5
2021-05-21 14:31:55,048 [Command processor thread] INFO  metrics.RatisMetrics (RatisMetrics.java:unregister(43)) - Unregistering Metrics Registry : ratis.server.fe5d1211-9335-469c-958f-8182ca4380cf@group-BDCF5B22EAA5
2021-05-21 14:31:55,048 [Command processor thread] INFO  server.RaftServer$Division (RaftServerImpl.java:groupRemove(376)) - fe5d1211-9335-469c-958f-8182ca4380cf@group-BDCF5B22EAA5: Succeed to remove RaftStorageDirectory Storage Directory /github/workspace/mnt/ozone/hadoop-ozone/integration-test/target/test-dir/MiniOzoneClusterImpl-22464894-f501-479f-ae18-3fb6cdd505c4/datanode-3/data/ratis/1e9b9852-7ad6-4ac5-b92a-bdcf5b22eaa5
2021-05-21 14:31:55,049 [Command processor thread] INFO  commandhandler.ClosePipelineCommandHandler (ClosePipelineCommandHandler.java:handle(75)) - Close Pipeline PipelineID=1e9b9852-7ad6-4ac5-b92a-bdcf5b22eaa5 command on datanode fe5d1211-9335-469c-958f-8182ca4380cf.
2021-05-21 14:31:55,049 [Command processor thread] WARN  server.RaftServer (RaftServerProxy.java:remove(101)) - fe5d1211-9335-469c-958f-8182ca4380cf: does not contain group: group-A6456F420DE7
2021-05-21 14:31:55,051 [Command processor thread] ERROR commandhandler.ClosePipelineCommandHandler (ClosePipelineCommandHandler.java:handle(78)) - Can't close pipeline PipelineID=111fc486-be15-40a3-a63d-a6456f420de7
java.io.IOException: fe5d1211-9335-469c-958f-8182ca4380cf: Group group-A6456F420DE7 not found.
	at org.apache.hadoop.ozone.container.common.transport.server.ratis.XceiverServerRatis.removeGroup(XceiverServerRatis.java:826)
	at org.apache.hadoop.ozone.container.common.statemachine.commandhandler.ClosePipelineCommandHandler.handle(ClosePipelineCommandHandler.java:74)
	at org.apache.hadoop.ozone.container.common.statemachine.commandhandler.CommandDispatcher.handle(CommandDispatcher.java:99)
	at org.apache.hadoop.ozone.container.common.statemachine.DatanodeStateMachine.lambda$initCommandHandlerThread$2(DatanodeStateMachine.java:506)
	at java.lang.Thread.run(Thread.java:748)
Caused by: org.apache.ratis.protocol.exceptions.GroupMismatchException: fe5d1211-9335-469c-958f-8182ca4380cf: Group group-A6456F420DE7 not found.
	at org.apache.ratis.server.impl.RaftServerProxy.groupRemoveAsync(RaftServerProxy.java:504)
	at org.apache.ratis.server.impl.RaftServerProxy.groupManagementAsync(RaftServerProxy.java:460)
	at org.apache.ratis.server.impl.RaftServerProxy.groupManagement(RaftServerProxy.java:440)
	at org.apache.hadoop.ozone.container.common.transport.server.ratis.XceiverServerRatis.removeGroup(XceiverServerRatis.java:824)
	... 4 more
2021-05-21 14:31:55,052 [Command processor thread] WARN  server.RaftServer (RaftServerProxy.java:remove(101)) - fe5d1211-9335-469c-958f-8182ca4380cf: does not contain group: group-BDCF5B22EAA5
2021-05-21 14:31:55,052 [Command processor thread] ERROR commandhandler.ClosePipelineCommandHandler (ClosePipelineCommandHandler.java:handle(78)) - Can't close pipeline PipelineID=1e9b9852-7ad6-4ac5-b92a-bdcf5b22eaa5
java.io.IOException: fe5d1211-9335-469c-958f-8182ca4380cf: Group group-BDCF5B22EAA5 not found.
	at org.apache.hadoop.ozone.container.common.transport.server.ratis.XceiverServerRatis.removeGroup(XceiverServerRatis.java:826)
	at org.apache.hadoop.ozone.container.common.statemachine.commandhandler.ClosePipelineCommandHandler.handle(ClosePipelineCommandHandler.java:74)
	at org.apache.hadoop.ozone.container.common.statemachine.commandhandler.CommandDispatcher.handle(CommandDispatcher.java:99)
	at org.apache.hadoop.ozone.container.common.statemachine.DatanodeStateMachine.lambda$initCommandHandlerThread$2(DatanodeStateMachine.java:506)
	at java.lang.Thread.run(Thread.java:748)
Caused by: org.apache.ratis.protocol.exceptions.GroupMismatchException: fe5d1211-9335-469c-958f-8182ca4380cf: Group group-BDCF5B22EAA5 not found.
	at org.apache.ratis.server.impl.RaftServerProxy.groupRemoveAsync(RaftServerProxy.java:504)
	at org.apache.ratis.server.impl.RaftServerProxy.groupManagementAsync(RaftServerProxy.java:460)
	at org.apache.ratis.server.impl.RaftServerProxy.groupManagement(RaftServerProxy.java:440)
	at org.apache.hadoop.ozone.container.common.transport.server.ratis.XceiverServerRatis.removeGroup(XceiverServerRatis.java:824)
	... 4 more
2021-05-21 14:31:55,053 [Command processor thread] WARN  server.RaftServer (RaftServerProxy.java:remove(101)) - fe5d1211-9335-469c-958f-8182ca4380cf: does not contain group: group-A6456F420DE7
2021-05-21 14:31:55,053 [Command processor thread] ERROR commandhandler.ClosePipelineCommandHandler (ClosePipelineCommandHandler.java:handle(78)) - Can't close pipeline PipelineID=111fc486-be15-40a3-a63d-a6456f420de7
java.io.IOException: fe5d1211-9335-469c-958f-8182ca4380cf: Group group-A6456F420DE7 not found.
	at org.apache.hadoop.ozone.container.common.transport.server.ratis.XceiverServerRatis.removeGroup(XceiverServerRatis.java:826)
	at org.apache.hadoop.ozone.container.common.statemachine.commandhandler.ClosePipelineCommandHandler.handle(ClosePipelineCommandHandler.java:74)
	at org.apache.hadoop.ozone.container.common.statemachine.commandhandler.CommandDispatcher.handle(CommandDispatcher.java:99)
	at org.apache.hadoop.ozone.container.common.statemachine.DatanodeStateMachine.lambda$initCommandHandlerThread$2(DatanodeStateMachine.java:506)
	at java.lang.Thread.run(Thread.java:748)
Caused by: org.apache.ratis.protocol.exceptions.GroupMismatchException: fe5d1211-9335-469c-958f-8182ca4380cf: Group group-A6456F420DE7 not found.
	at org.apache.ratis.server.impl.RaftServerProxy.groupRemoveAsync(RaftServerProxy.java:504)
	at org.apache.ratis.server.impl.RaftServerProxy.groupManagementAsync(RaftServerProxy.java:460)
	at org.apache.ratis.server.impl.RaftServerProxy.groupManagement(RaftServerProxy.java:440)
	at org.apache.hadoop.ozone.container.common.transport.server.ratis.XceiverServerRatis.removeGroup(XceiverServerRatis.java:824)
	... 4 more
2021-05-21 14:31:55,053 [Command processor thread] WARN  server.RaftServer (RaftServerProxy.java:remove(101)) - fe5d1211-9335-469c-958f-8182ca4380cf: does not contain group: group-BDCF5B22EAA5
2021-05-21 14:31:55,054 [Command processor thread] ERROR commandhandler.ClosePipelineCommandHandler (ClosePipelineCommandHandler.java:handle(78)) - Can't close pipeline PipelineID=1e9b9852-7ad6-4ac5-b92a-bdcf5b22eaa5
java.io.IOException: fe5d1211-9335-469c-958f-8182ca4380cf: Group group-BDCF5B22EAA5 not found.
	at org.apache.hadoop.ozone.container.common.transport.server.ratis.XceiverServerRatis.removeGroup(XceiverServerRatis.java:826)
	at org.apache.hadoop.ozone.container.common.statemachine.commandhandler.ClosePipelineCommandHandler.handle(ClosePipelineCommandHandler.java:74)
	at org.apache.hadoop.ozone.container.common.statemachine.commandhandler.CommandDispatcher.handle(CommandDispatcher.java:99)
	at org.apache.hadoop.ozone.container.common.statemachine.DatanodeStateMachine.lambda$initCommandHandlerThread$2(DatanodeStateMachine.java:506)
	at java.lang.Thread.run(Thread.java:748)
Caused by: org.apache.ratis.protocol.exceptions.GroupMismatchException: fe5d1211-9335-469c-958f-8182ca4380cf: Group group-BDCF5B22EAA5 not found.
	at org.apache.ratis.server.impl.RaftServerProxy.groupRemoveAsync(RaftServerProxy.java:504)
	at org.apache.ratis.server.impl.RaftServerProxy.groupManagementAsync(RaftServerProxy.java:460)
	at org.apache.ratis.server.impl.RaftServerProxy.groupManagement(RaftServerProxy.java:440)
	at org.apache.hadoop.ozone.container.common.transport.server.ratis.XceiverServerRatis.removeGroup(XceiverServerRatis.java:824)
	... 4 more
2021-05-21 14:31:55,054 [Command processor thread] WARN  server.RaftServer (RaftServerProxy.java:remove(101)) - fe5d1211-9335-469c-958f-8182ca4380cf: does not contain group: group-A6456F420DE7
2021-05-21 14:31:55,055 [Command processor thread] ERROR commandhandler.ClosePipelineCommandHandler (ClosePipelineCommandHandler.java:handle(78)) - Can't close pipeline PipelineID=111fc486-be15-40a3-a63d-a6456f420de7
java.io.IOException: fe5d1211-9335-469c-958f-8182ca4380cf: Group group-A6456F420DE7 not found.
	at org.apache.hadoop.ozone.container.common.transport.server.ratis.XceiverServerRatis.removeGroup(XceiverServerRatis.java:826)
	at org.apache.hadoop.ozone.container.common.statemachine.commandhandler.ClosePipelineCommandHandler.handle(ClosePipelineCommandHandler.java:74)
	at org.apache.hadoop.ozone.container.common.statemachine.commandhandler.CommandDispatcher.handle(CommandDispatcher.java:99)
	at org.apache.hadoop.ozone.container.common.statemachine.DatanodeStateMachine.lambda$initCommandHandlerThread$2(DatanodeStateMachine.java:506)
	at java.lang.Thread.run(Thread.java:748)
Caused by: org.apache.ratis.protocol.exceptions.GroupMismatchException: fe5d1211-9335-469c-958f-8182ca4380cf: Group group-A6456F420DE7 not found.
	at org.apache.ratis.server.impl.RaftServerProxy.groupRemoveAsync(RaftServerProxy.java:504)
	at org.apache.ratis.server.impl.RaftServerProxy.groupManagementAsync(RaftServerProxy.java:460)
	at org.apache.ratis.server.impl.RaftServerProxy.groupManagement(RaftServerProxy.java:440)
	at org.apache.hadoop.ozone.container.common.transport.server.ratis.XceiverServerRatis.removeGroup(XceiverServerRatis.java:824)
	... 4 more
2021-05-21 14:31:55,055 [Command processor thread] WARN  server.RaftServer (RaftServerProxy.java:remove(101)) - fe5d1211-9335-469c-958f-8182ca4380cf: does not contain group: group-BDCF5B22EAA5
2021-05-21 14:31:55,055 [Command processor thread] ERROR commandhandler.ClosePipelineCommandHandler (ClosePipelineCommandHandler.java:handle(78)) - Can't close pipeline PipelineID=1e9b9852-7ad6-4ac5-b92a-bdcf5b22eaa5
java.io.IOException: fe5d1211-9335-469c-958f-8182ca4380cf: Group group-BDCF5B22EAA5 not found.
	at org.apache.hadoop.ozone.container.common.transport.server.ratis.XceiverServerRatis.removeGroup(XceiverServerRatis.java:826)
	at org.apache.hadoop.ozone.container.common.statemachine.commandhandler.ClosePipelineCommandHandler.handle(ClosePipelineCommandHandler.java:74)
	at org.apache.hadoop.ozone.container.common.statemachine.commandhandler.CommandDispatcher.handle(CommandDispatcher.java:99)
	at org.apache.hadoop.ozone.container.common.statemachine.DatanodeStateMachine.lambda$initCommandHandlerThread$2(DatanodeStateMachine.java:506)
	at java.lang.Thread.run(Thread.java:748)
Caused by: org.apache.ratis.protocol.exceptions.GroupMismatchException: fe5d1211-9335-469c-958f-8182ca4380cf: Group group-BDCF5B22EAA5 not found.
	at org.apache.ratis.server.impl.RaftServerProxy.groupRemoveAsync(RaftServerProxy.java:504)
	at org.apache.ratis.server.impl.RaftServerProxy.groupManagementAsync(RaftServerProxy.java:460)
	at org.apache.ratis.server.impl.RaftServerProxy.groupManagement(RaftServerProxy.java:440)
	at org.apache.hadoop.ozone.container.common.transport.server.ratis.XceiverServerRatis.removeGroup(XceiverServerRatis.java:824)
	... 4 more
2021-05-21 14:31:55,056 [Command processor thread] WARN  server.RaftServer (RaftServerProxy.java:remove(101)) - fe5d1211-9335-469c-958f-8182ca4380cf: does not contain group: group-A6456F420DE7
2021-05-21 14:31:55,056 [Command processor thread] ERROR commandhandler.ClosePipelineCommandHandler (ClosePipelineCommandHandler.java:handle(78)) - Can't close pipeline PipelineID=111fc486-be15-40a3-a63d-a6456f420de7
java.io.IOException: fe5d1211-9335-469c-958f-8182ca4380cf: Group group-A6456F420DE7 not found.
	at org.apache.hadoop.ozone.container.common.transport.server.ratis.XceiverServerRatis.removeGroup(XceiverServerRatis.java:826)
	at org.apache.hadoop.ozone.container.common.statemachine.commandhandler.ClosePipelineCommandHandler.handle(ClosePipelineCommandHandler.java:74)
	at org.apache.hadoop.ozone.container.common.statemachine.commandhandler.CommandDispatcher.handle(CommandDispatcher.java:99)
	at org.apache.hadoop.ozone.container.common.statemachine.DatanodeStateMachine.lambda$initCommandHandlerThread$2(DatanodeStateMachine.java:506)
	at java.lang.Thread.run(Thread.java:748)
Caused by: org.apache.ratis.protocol.exceptions.GroupMismatchException: fe5d1211-9335-469c-958f-8182ca4380cf: Group group-A6456F420DE7 not found.
	at org.apache.ratis.server.impl.RaftServerProxy.groupRemoveAsync(RaftServerProxy.java:504)
	at org.apache.ratis.server.impl.RaftServerProxy.groupManagementAsync(RaftServerProxy.java:460)
	at org.apache.ratis.server.impl.RaftServerProxy.groupManagement(RaftServerProxy.java:440)
	at org.apache.hadoop.ozone.container.common.transport.server.ratis.XceiverServerRatis.removeGroup(XceiverServerRatis.java:824)
	... 4 more
2021-05-21 14:31:55,056 [Command processor thread] WARN  server.RaftServer (RaftServerProxy.java:remove(101)) - fe5d1211-9335-469c-958f-8182ca4380cf: does not contain group: group-BDCF5B22EAA5
2021-05-21 14:31:55,056 [Command processor thread] ERROR commandhandler.ClosePipelineCommandHandler (ClosePipelineCommandHandler.java:handle(78)) - Can't close pipeline PipelineID=1e9b9852-7ad6-4ac5-b92a-bdcf5b22eaa5
java.io.IOException: fe5d1211-9335-469c-958f-8182ca4380cf: Group group-BDCF5B22EAA5 not found.
	at org.apache.hadoop.ozone.container.common.transport.server.ratis.XceiverServerRatis.removeGroup(XceiverServerRatis.java:826)
	at org.apache.hadoop.ozone.container.common.statemachine.commandhandler.ClosePipelineCommandHandler.handle(ClosePipelineCommandHandler.java:74)
	at org.apache.hadoop.ozone.container.common.statemachine.commandhandler.CommandDispatcher.handle(CommandDispatcher.java:99)
	at org.apache.hadoop.ozone.container.common.statemachine.DatanodeStateMachine.lambda$initCommandHandlerThread$2(DatanodeStateMachine.java:506)
	at java.lang.Thread.run(Thread.java:748)
Caused by: org.apache.ratis.protocol.exceptions.GroupMismatchException: fe5d1211-9335-469c-958f-8182ca4380cf: Group group-BDCF5B22EAA5 not found.
	at org.apache.ratis.server.impl.RaftServerProxy.groupRemoveAsync(RaftServerProxy.java:504)
	at org.apache.ratis.server.impl.RaftServerProxy.groupManagementAsync(RaftServerProxy.java:460)
	at org.apache.ratis.server.impl.RaftServerProxy.groupManagement(RaftServerProxy.java:440)
	at org.apache.hadoop.ozone.container.common.transport.server.ratis.XceiverServerRatis.removeGroup(XceiverServerRatis.java:824)
	... 4 more
2021-05-21 14:31:55,057 [Command processor thread] WARN  server.RaftServer (RaftServerProxy.java:remove(101)) - fe5d1211-9335-469c-958f-8182ca4380cf: does not contain group: group-A6456F420DE7
2021-05-21 14:31:55,057 [Command processor thread] ERROR commandhandler.ClosePipelineCommandHandler (ClosePipelineCommandHandler.java:handle(78)) - Can't close pipeline PipelineID=111fc486-be15-40a3-a63d-a6456f420de7
java.io.IOException: fe5d1211-9335-469c-958f-8182ca4380cf: Group group-A6456F420DE7 not found.
	at org.apache.hadoop.ozone.container.common.transport.server.ratis.XceiverServerRatis.removeGroup(XceiverServerRatis.java:826)
	at org.apache.hadoop.ozone.container.common.statemachine.commandhandler.ClosePipelineCommandHandler.handle(ClosePipelineCommandHandler.java:74)
	at org.apache.hadoop.ozone.container.common.statemachine.commandhandler.CommandDispatcher.handle(CommandDispatcher.java:99)
	at org.apache.hadoop.ozone.container.common.statemachine.DatanodeStateMachine.lambda$initCommandHandlerThread$2(DatanodeStateMachine.java:506)
	at java.lang.Thread.run(Thread.java:748)
Caused by: org.apache.ratis.protocol.exceptions.GroupMismatchException: fe5d1211-9335-469c-958f-8182ca4380cf: Group group-A6456F420DE7 not found.
	at org.apache.ratis.server.impl.RaftServerProxy.groupRemoveAsync(RaftServerProxy.java:504)
	at org.apache.ratis.server.impl.RaftServerProxy.groupManagementAsync(RaftServerProxy.java:460)
	at org.apache.ratis.server.impl.RaftServerProxy.groupManagement(RaftServerProxy.java:440)
	at org.apache.hadoop.ozone.container.common.transport.server.ratis.XceiverServerRatis.removeGroup(XceiverServerRatis.java:824)
	... 4 more
2021-05-21 14:31:55,057 [Command processor thread] WARN  server.RaftServer (RaftServerProxy.java:remove(101)) - fe5d1211-9335-469c-958f-8182ca4380cf: does not contain group: group-BDCF5B22EAA5
2021-05-21 14:31:55,057 [Command processor thread] ERROR commandhandler.ClosePipelineCommandHandler (ClosePipelineCommandHandler.java:handle(78)) - Can't close pipeline PipelineID=1e9b9852-7ad6-4ac5-b92a-bdcf5b22eaa5
java.io.IOException: fe5d1211-9335-469c-958f-8182ca4380cf: Group group-BDCF5B22EAA5 not found.
	at org.apache.hadoop.ozone.container.common.transport.server.ratis.XceiverServerRatis.removeGroup(XceiverServerRatis.java:826)
	at org.apache.hadoop.ozone.container.common.statemachine.commandhandler.ClosePipelineCommandHandler.handle(ClosePipelineCommandHandler.java:74)
	at org.apache.hadoop.ozone.container.common.statemachine.commandhandler.CommandDispatcher.handle(CommandDispatcher.java:99)
	at org.apache.hadoop.ozone.container.common.statemachine.DatanodeStateMachine.lambda$initCommandHandlerThread$2(DatanodeStateMachine.java:506)
	at java.lang.Thread.run(Thread.java:748)
Caused by: org.apache.ratis.protocol.exceptions.GroupMismatchException: fe5d1211-9335-469c-958f-8182ca4380cf: Group group-BDCF5B22EAA5 not found.
	at org.apache.ratis.server.impl.RaftServerProxy.groupRemoveAsync(RaftServerProxy.java:504)
	at org.apache.ratis.server.impl.RaftServerProxy.groupManagementAsync(RaftServerProxy.java:460)
	at org.apache.ratis.server.impl.RaftServerProxy.groupManagement(RaftServerProxy.java:440)
	at org.apache.hadoop.ozone.container.common.transport.server.ratis.XceiverServerRatis.removeGroup(XceiverServerRatis.java:824)
	... 4 more
2021-05-21 14:31:55,059 [Command processor thread] WARN  server.RaftServer (RaftServerProxy.java:remove(101)) - fe5d1211-9335-469c-958f-8182ca4380cf: does not contain group: group-A6456F420DE7
2021-05-21 14:31:55,060 [Command processor thread] ERROR commandhandler.ClosePipelineCommandHandler (ClosePipelineCommandHandler.java:handle(78)) - Can't close pipeline PipelineID=111fc486-be15-40a3-a63d-a6456f420de7
java.io.IOException: fe5d1211-9335-469c-958f-8182ca4380cf: Group group-A6456F420DE7 not found.
	at org.apache.hadoop.ozone.container.common.transport.server.ratis.XceiverServerRatis.removeGroup(XceiverServerRatis.java:826)
	at org.apache.hadoop.ozone.container.common.statemachine.commandhandler.ClosePipelineCommandHandler.handle(ClosePipelineCommandHandler.java:74)
	at org.apache.hadoop.ozone.container.common.statemachine.commandhandler.CommandDispatcher.handle(CommandDispatcher.java:99)
	at org.apache.hadoop.ozone.container.common.statemachine.DatanodeStateMachine.lambda$initCommandHandlerThread$2(DatanodeStateMachine.java:506)
	at java.lang.Thread.run(Thread.java:748)
Caused by: org.apache.ratis.protocol.exceptions.GroupMismatchException: fe5d1211-9335-469c-958f-8182ca4380cf: Group group-A6456F420DE7 not found.
	at org.apache.ratis.server.impl.RaftServerProxy.groupRemoveAsync(RaftServerProxy.java:504)
	at org.apache.ratis.server.impl.RaftServerProxy.groupManagementAsync(RaftServerProxy.java:460)
	at org.apache.ratis.server.impl.RaftServerProxy.groupManagement(RaftServerProxy.java:440)
	at org.apache.hadoop.ozone.container.common.transport.server.ratis.XceiverServerRatis.removeGroup(XceiverServerRatis.java:824)
	... 4 more
2021-05-21 14:31:55,060 [Command processor thread] WARN  server.RaftServer (RaftServerProxy.java:remove(101)) - fe5d1211-9335-469c-958f-8182ca4380cf: does not contain group: group-BDCF5B22EAA5
2021-05-21 14:31:55,060 [Command processor thread] ERROR commandhandler.ClosePipelineCommandHandler (ClosePipelineCommandHandler.java:handle(78)) - Can't close pipeline PipelineID=1e9b9852-7ad6-4ac5-b92a-bdcf5b22eaa5
java.io.IOException: fe5d1211-9335-469c-958f-8182ca4380cf: Group group-BDCF5B22EAA5 not found.
	at org.apache.hadoop.ozone.container.common.transport.server.ratis.XceiverServerRatis.removeGroup(XceiverServerRatis.java:826)
	at org.apache.hadoop.ozone.container.common.statemachine.commandhandler.ClosePipelineCommandHandler.handle(ClosePipelineCommandHandler.java:74)
	at org.apache.hadoop.ozone.container.common.statemachine.commandhandler.CommandDispatcher.handle(CommandDispatcher.java:99)
	at org.apache.hadoop.ozone.container.common.statemachine.DatanodeStateMachine.lambda$initCommandHandlerThread$2(DatanodeStateMachine.java:506)
	at java.lang.Thread.run(Thread.java:748)
Caused by: org.apache.ratis.protocol.exceptions.GroupMismatchException: fe5d1211-9335-469c-958f-8182ca4380cf: Group group-BDCF5B22EAA5 not found.
	at org.apache.ratis.server.impl.RaftServerProxy.groupRemoveAsync(RaftServerProxy.java:504)
	at org.apache.ratis.server.impl.RaftServerProxy.groupManagementAsync(RaftServerProxy.java:460)
	at org.apache.ratis.server.impl.RaftServerProxy.groupManagement(RaftServerProxy.java:440)
	at org.apache.hadoop.ozone.container.common.transport.server.ratis.XceiverServerRatis.removeGroup(XceiverServerRatis.java:824)
	... 4 more
2021-05-21 14:31:55,061 [Command processor thread] WARN  server.RaftServer (RaftServerProxy.java:remove(101)) - fe5d1211-9335-469c-958f-8182ca4380cf: does not contain group: group-A6456F420DE7
2021-05-21 14:31:55,062 [Command processor thread] ERROR commandhandler.ClosePipelineCommandHandler (ClosePipelineCommandHandler.java:handle(78)) - Can't close pipeline PipelineID=111fc486-be15-40a3-a63d-a6456f420de7
java.io.IOException: fe5d1211-9335-469c-958f-8182ca4380cf: Group group-A6456F420DE7 not found.
	at org.apache.hadoop.ozone.container.common.transport.server.ratis.XceiverServerRatis.removeGroup(XceiverServerRatis.java:826)
	at org.apache.hadoop.ozone.container.common.statemachine.commandhandler.ClosePipelineCommandHandler.handle(ClosePipelineCommandHandler.java:74)
	at org.apache.hadoop.ozone.container.common.statemachine.commandhandler.CommandDispatcher.handle(CommandDispatcher.java:99)
	at org.apache.hadoop.ozone.container.common.statemachine.DatanodeStateMachine.lambda$initCommandHandlerThread$2(DatanodeStateMachine.java:506)
	at java.lang.Thread.run(Thread.java:748)
Caused by: org.apache.ratis.protocol.exceptions.GroupMismatchException: fe5d1211-9335-469c-958f-8182ca4380cf: Group group-A6456F420DE7 not found.
	at org.apache.ratis.server.impl.RaftServerProxy.groupRemoveAsync(RaftServerProxy.java:504)
	at org.apache.ratis.server.impl.RaftServerProxy.groupManagementAsync(RaftServerProxy.java:460)
	at org.apache.ratis.server.impl.RaftServerProxy.groupManagement(RaftServerProxy.java:440)
	at org.apache.hadoop.ozone.container.common.transport.server.ratis.XceiverServerRatis.removeGroup(XceiverServerRatis.java:824)
	... 4 more
2021-05-21 14:31:55,062 [Command processor thread] WARN  server.RaftServer (RaftServerProxy.java:remove(101)) - fe5d1211-9335-469c-958f-8182ca4380cf: does not contain group: group-BDCF5B22EAA5
2021-05-21 14:31:55,062 [Command processor thread] ERROR commandhandler.ClosePipelineCommandHandler (ClosePipelineCommandHandler.java:handle(78)) - Can't close pipeline PipelineID=1e9b9852-7ad6-4ac5-b92a-bdcf5b22eaa5
java.io.IOException: fe5d1211-9335-469c-958f-8182ca4380cf: Group group-BDCF5B22EAA5 not found.
	at org.apache.hadoop.ozone.container.common.transport.server.ratis.XceiverServerRatis.removeGroup(XceiverServerRatis.java:826)
	at org.apache.hadoop.ozone.container.common.statemachine.commandhandler.ClosePipelineCommandHandler.handle(ClosePipelineCommandHandler.java:74)
	at org.apache.hadoop.ozone.container.common.statemachine.commandhandler.CommandDispatcher.handle(CommandDispatcher.java:99)
	at org.apache.hadoop.ozone.container.common.statemachine.DatanodeStateMachine.lambda$initCommandHandlerThread$2(DatanodeStateMachine.java:506)
	at java.lang.Thread.run(Thread.java:748)
Caused by: org.apache.ratis.protocol.exceptions.GroupMismatchException: fe5d1211-9335-469c-958f-8182ca4380cf: Group group-BDCF5B22EAA5 not found.
	at org.apache.ratis.server.impl.RaftServerProxy.groupRemoveAsync(RaftServerProxy.java:504)
	at org.apache.ratis.server.impl.RaftServerProxy.groupManagementAsync(RaftServerProxy.java:460)
	at org.apache.ratis.server.impl.RaftServerProxy.groupManagement(RaftServerProxy.java:440)
	at org.apache.hadoop.ozone.container.common.transport.server.ratis.XceiverServerRatis.removeGroup(XceiverServerRatis.java:824)
	... 4 more
2021-05-21 14:31:55,715 [DatanodeAdminManager-0] INFO  node.DatanodeAdminMonitorImpl (DatanodeAdminMonitorImpl.java:run(136)) - There are 3 nodes tracked for decommission and maintenance. 0 pending nodes.
2021-05-21 14:31:55,737 [ReplicationMonitor] INFO  container.ReplicationManager (ReplicationManager.java:sendCloseCommand(1000)) - Sending close container command for container #1 to datanode fe5d1211-9335-469c-958f-8182ca4380cf{ip: 172.17.0.2, host: b766c8128f74, ports: [REPLICATION=41397, RATIS=40647, RATIS_ADMIN=40647, RATIS_SERVER=40647, STANDALONE=33787], networkLocation: /default-rack, certSerialId: null, persistedOpState: IN_SERVICE, persistedOpStateExpiryEpochSec: 0}.
2021-05-21 14:31:55,737 [ReplicationMonitor] INFO  container.ReplicationManager (ReplicationManager.java:sendCloseCommand(1000)) - Sending close container command for container #1 to datanode 1b7a9f1a-9a61-4565-a67b-2de79fff2a8e{ip: 172.17.0.2, host: b766c8128f74, ports: [REPLICATION=40105, RATIS=36135, RATIS_ADMIN=36135, RATIS_SERVER=36135, STANDALONE=46121], networkLocation: /default-rack, certSerialId: null, persistedOpState: IN_SERVICE, persistedOpStateExpiryEpochSec: 0}.
2021-05-21 14:31:55,737 [ReplicationMonitor] INFO  container.ReplicationManager (ReplicationManager.java:sendCloseCommand(1000)) - Sending close container command for container #1 to datanode 813e8fa6-b95f-4599-bf2c-d00dca9e2ee3{ip: 172.17.0.2, host: b766c8128f74, ports: [REPLICATION=45099, RATIS=43595, RATIS_ADMIN=43595, RATIS_SERVER=43595, STANDALONE=42879], networkLocation: /default-rack, certSerialId: null, persistedOpState: IN_SERVICE, persistedOpStateExpiryEpochSec: 0}.
2021-05-21 14:31:55,737 [ReplicationMonitor] INFO  container.ReplicationManager (ReplicationManager.java:sendCloseCommand(1000)) - Sending close container command for container #2 to datanode 813e8fa6-b95f-4599-bf2c-d00dca9e2ee3{ip: 172.17.0.2, host: b766c8128f74, ports: [REPLICATION=45099, RATIS=43595, RATIS_ADMIN=43595, RATIS_SERVER=43595, STANDALONE=42879], networkLocation: /default-rack, certSerialId: null, persistedOpState: IN_SERVICE, persistedOpStateExpiryEpochSec: 0}.
2021-05-21 14:31:55,737 [ReplicationMonitor] INFO  container.ReplicationManager (ReplicationManager.java:sendCloseCommand(1000)) - Sending close container command for container #2 to datanode fe5d1211-9335-469c-958f-8182ca4380cf{ip: 172.17.0.2, host: b766c8128f74, ports: [REPLICATION=41397, RATIS=40647, RATIS_ADMIN=40647, RATIS_SERVER=40647, STANDALONE=33787], networkLocation: /default-rack, certSerialId: null, persistedOpState: IN_SERVICE, persistedOpStateExpiryEpochSec: 0}.
2021-05-21 14:31:55,737 [ReplicationMonitor] INFO  container.ReplicationManager (ReplicationManager.java:sendCloseCommand(1000)) - Sending close container command for container #2 to datanode 1b7a9f1a-9a61-4565-a67b-2de79fff2a8e{ip: 172.17.0.2, host: b766c8128f74, ports: [REPLICATION=40105, RATIS=36135, RATIS_ADMIN=36135, RATIS_SERVER=36135, STANDALONE=46121], networkLocation: /default-rack, certSerialId: null, persistedOpState: IN_SERVICE, persistedOpStateExpiryEpochSec: 0}.
2021-05-21 14:31:55,737 [ReplicationMonitor] INFO  container.ReplicationManager (ReplicationManager.java:sendCloseCommand(1000)) - Sending close container command for container #3 to datanode 1b7a9f1a-9a61-4565-a67b-2de79fff2a8e{ip: 172.17.0.2, host: b766c8128f74, ports: [REPLICATION=40105, RATIS=36135, RATIS_ADMIN=36135, RATIS_SERVER=36135, STANDALONE=46121], networkLocation: /default-rack, certSerialId: null, persistedOpState: IN_SERVICE, persistedOpStateExpiryEpochSec: 0}.
2021-05-21 14:31:55,737 [ReplicationMonitor] INFO  container.ReplicationManager (ReplicationManager.java:sendCloseCommand(1000)) - Sending close container command for container #3 to datanode 813e8fa6-b95f-4599-bf2c-d00dca9e2ee3{ip: 172.17.0.2, host: b766c8128f74, ports: [REPLICATION=45099, RATIS=43595, RATIS_ADMIN=43595, RATIS_SERVER=43595, STANDALONE=42879], networkLocation: /default-rack, certSerialId: null, persistedOpState: IN_SERVICE, persistedOpStateExpiryEpochSec: 0}.
2021-05-21 14:31:55,737 [ReplicationMonitor] INFO  container.ReplicationManager (ReplicationManager.java:run(290)) - Replication Monitor Thread took 1 milliseconds for processing 3 containers.
2021-05-21 14:31:56,002 [Command processor thread] INFO  server.RaftServer (RaftServerProxy.java:remove(106)) - 1b7a9f1a-9a61-4565-a67b-2de79fff2a8e: remove  FOLLOWER 1b7a9f1a-9a61-4565-a67b-2de79fff2a8e@group-A6456F420DE7:t1, leader=813e8fa6-b95f-4599-bf2c-d00dca9e2ee3, voted=813e8fa6-b95f-4599-bf2c-d00dca9e2ee3, raftlog=1b7a9f1a-9a61-4565-a67b-2de79fff2a8e@group-A6456F420DE7-SegmentedRaftLog:OPENED:c76,f76,i76, conf=0: [813e8fa6-b95f-4599-bf2c-d00dca9e2ee3|rpc:172.17.0.2:43595|dataStream:|priority:1, fe5d1211-9335-469c-958f-8182ca4380cf|rpc:172.17.0.2:40647|dataStream:|priority:0, 1b7a9f1a-9a61-4565-a67b-2de79fff2a8e|rpc:172.17.0.2:36135|dataStream:|priority:0], old=null RUNNING
2021-05-21 14:31:56,002 [Command processor thread] INFO  server.RaftServer$Division (RaftServerImpl.java:lambda$close$4(406)) - 1b7a9f1a-9a61-4565-a67b-2de79fff2a8e@group-A6456F420DE7: shutdown
2021-05-21 14:31:56,002 [Command processor thread] INFO  util.JmxRegister (JmxRegister.java:unregister(73)) - Successfully un-registered JMX Bean with object name Ratis:service=RaftServer,group=group-A6456F420DE7,id=1b7a9f1a-9a61-4565-a67b-2de79fff2a8e
2021-05-21 14:31:56,002 [Command processor thread] INFO  impl.RoleInfo (RoleInfo.java:shutdownFollowerState(108)) - 1b7a9f1a-9a61-4565-a67b-2de79fff2a8e: shutdown 1b7a9f1a-9a61-4565-a67b-2de79fff2a8e@group-A6456F420DE7-FollowerState
2021-05-21 14:31:56,002 [Command processor thread] INFO  impl.StateMachineUpdater (StateMachineUpdater.java:stopAndJoin(149)) - 1b7a9f1a-9a61-4565-a67b-2de79fff2a8e@group-A6456F420DE7-StateMachineUpdater: set stopIndex = 76
2021-05-21 14:31:56,002 [1b7a9f1a-9a61-4565-a67b-2de79fff2a8e@group-A6456F420DE7-FollowerState] INFO  impl.FollowerState (FollowerState.java:run(143)) - 1b7a9f1a-9a61-4565-a67b-2de79fff2a8e@group-A6456F420DE7-FollowerState was interrupted: {}
java.lang.InterruptedException: sleep interrupted
	at java.lang.Thread.sleep(Native Method)
	at java.lang.Thread.sleep(Thread.java:340)
	at java.util.concurrent.TimeUnit.sleep(TimeUnit.java:386)
	at org.apache.ratis.util.TimeDuration.sleep(TimeDuration.java:324)
	at org.apache.ratis.util.TimeDuration.sleep(TimeDuration.java:309)
	at org.apache.ratis.server.impl.FollowerState.run(FollowerState.java:118)
2021-05-21 14:31:56,002 [1b7a9f1a-9a61-4565-a67b-2de79fff2a8e@group-A6456F420DE7-StateMachineUpdater] INFO  ratis.ContainerStateMachine (ContainerStateMachine.java:takeSnapshot(292)) - group-A6456F420DE7: Taking a snapshot at:(t:1, i:76) file /github/workspace/mnt/ozone/hadoop-ozone/integration-test/target/test-dir/MiniOzoneClusterImpl-22464894-f501-479f-ae18-3fb6cdd505c4/datanode-5/data/ratis/111fc486-be15-40a3-a63d-a6456f420de7/sm/snapshot.1_76
2021-05-21 14:31:56,003 [IPC Server handler 12 on default port 45897] INFO  node.SCMNodeManager (SCMNodeManager.java:updateDatanodeOpState(437)) - Scheduling a command to update the operationalState persisted on 1b7a9f1a-9a61-4565-a67b-2de79fff2a8e{ip: 172.17.0.2, host: b766c8128f74, ports: [REPLICATION=40105, RATIS=36135, RATIS_ADMIN=36135, RATIS_SERVER=36135, STANDALONE=46121], networkLocation: /default-rack, certSerialId: null, persistedOpState: null, persistedOpStateExpiryEpochSec: 0} as the reported value does not match the value stored in SCM (ENTERING_MAINTENANCE, 0)
2021-05-21 14:31:56,004 [1b7a9f1a-9a61-4565-a67b-2de79fff2a8e@group-A6456F420DE7-StateMachineUpdater] INFO  ratis.ContainerStateMachine (ContainerStateMachine.java:takeSnapshot(303)) - group-A6456F420DE7: Finished taking a snapshot at:(t:1, i:76) file:/github/workspace/mnt/ozone/hadoop-ozone/integration-test/target/test-dir/MiniOzoneClusterImpl-22464894-f501-479f-ae18-3fb6cdd505c4/datanode-5/data/ratis/111fc486-be15-40a3-a63d-a6456f420de7/sm/snapshot.1_76 took: 2 ms
2021-05-21 14:31:56,005 [1b7a9f1a-9a61-4565-a67b-2de79fff2a8e@group-A6456F420DE7-StateMachineUpdater] INFO  impl.StateMachineUpdater (StateMachineUpdater.java:takeSnapshot(281)) - 1b7a9f1a-9a61-4565-a67b-2de79fff2a8e@group-A6456F420DE7-StateMachineUpdater: Took a snapshot at index 76
2021-05-21 14:31:56,005 [1b7a9f1a-9a61-4565-a67b-2de79fff2a8e@group-A6456F420DE7-StateMachineUpdater] INFO  impl.StateMachineUpdater (StateMachineUpdater.java:lambda$new$0(89)) - 1b7a9f1a-9a61-4565-a67b-2de79fff2a8e@group-A6456F420DE7-StateMachineUpdater: snapshotIndex: updateIncreasingly -1 -> 76
2021-05-21 14:31:56,005 [1b7a9f1a-9a61-4565-a67b-2de79fff2a8e@group-A6456F420DE7-StateMachineUpdater] INFO  metrics.RatisMetrics (RatisMetrics.java:unregister(43)) - Unregistering Metrics Registry : ratis.state_machine.1b7a9f1a-9a61-4565-a67b-2de79fff2a8e@group-A6456F420DE7
2021-05-21 14:31:56,005 [Command processor thread] INFO  server.RaftServer$Division (ServerState.java:close(405)) - 1b7a9f1a-9a61-4565-a67b-2de79fff2a8e@group-A6456F420DE7: closes. applyIndex: 76
2021-05-21 14:31:56,006 [1b7a9f1a-9a61-4565-a67b-2de79fff2a8e@group-A6456F420DE7-SegmentedRaftLogWorker] INFO  segmented.SegmentedRaftLogWorker (SegmentedRaftLogWorker.java:run(327)) - 1b7a9f1a-9a61-4565-a67b-2de79fff2a8e@group-A6456F420DE7-SegmentedRaftLogWorker was interrupted, exiting. There are 0 tasks remaining in the queue.
2021-05-21 14:31:56,006 [Command processor thread] INFO  segmented.SegmentedRaftLogWorker (SegmentedRaftLogWorker.java:close(237)) - 1b7a9f1a-9a61-4565-a67b-2de79fff2a8e@group-A6456F420DE7-SegmentedRaftLogWorker close()
2021-05-21 14:31:56,007 [Command processor thread] INFO  metrics.RatisMetrics (RatisMetrics.java:unregister(43)) - Unregistering Metrics Registry : ratis.log_worker.1b7a9f1a-9a61-4565-a67b-2de79fff2a8e@group-A6456F420DE7
2021-05-21 14:31:56,007 [Command processor thread] INFO  metrics.RatisMetrics (RatisMetrics.java:unregister(43)) - Unregistering Metrics Registry : ratis.leader_election.1b7a9f1a-9a61-4565-a67b-2de79fff2a8e@group-A6456F420DE7
2021-05-21 14:31:56,007 [Command processor thread] INFO  metrics.RatisMetrics (RatisMetrics.java:unregister(43)) - Unregistering Metrics Registry : ratis.server.1b7a9f1a-9a61-4565-a67b-2de79fff2a8e@group-A6456F420DE7
2021-05-21 14:31:56,010 [IPC Server handler 9 on default port 45897] INFO  node.SCMNodeManager (SCMNodeManager.java:updateDatanodeOpState(437)) - Scheduling a command to update the operationalState persisted on 1b7a9f1a-9a61-4565-a67b-2de79fff2a8e{ip: 172.17.0.2, host: b766c8128f74, ports: [REPLICATION=40105, RATIS=36135, RATIS_ADMIN=36135, RATIS_SERVER=36135, STANDALONE=46121], networkLocation: /default-rack, certSerialId: null, persistedOpState: null, persistedOpStateExpiryEpochSec: 0} as the reported value does not match the value stored in SCM (ENTERING_MAINTENANCE, 0)
2021-05-21 14:31:56,012 [Command processor thread] INFO  keyvalue.KeyValueContainer (KeyValueContainer.java:flushAndSyncDB(393)) - Container 1 is synced with bcsId 70.
2021-05-21 14:31:56,013 [Command processor thread] INFO  keyvalue.KeyValueContainer (KeyValueContainer.java:flushAndSyncDB(393)) - Container 1 is synced with bcsId 70.
2021-05-21 14:31:56,014 [IPC Server handler 13 on default port 45897] INFO  node.SCMNodeManager (SCMNodeManager.java:updateDatanodeOpState(437)) - Scheduling a command to update the operationalState persisted on 813e8fa6-b95f-4599-bf2c-d00dca9e2ee3{ip: 172.17.0.2, host: b766c8128f74, ports: [REPLICATION=45099, RATIS=43595, RATIS_ADMIN=43595, RATIS_SERVER=43595, STANDALONE=42879], networkLocation: /default-rack, certSerialId: null, persistedOpState: null, persistedOpStateExpiryEpochSec: 0} as the reported value does not match the value stored in SCM (ENTERING_MAINTENANCE, 0)
2021-05-21 14:31:56,018 [IPC Server handler 14 on default port 45897] INFO  node.SCMNodeManager (SCMNodeManager.java:updateDatanodeOpState(437)) - Scheduling a command to update the operationalState persisted on 813e8fa6-b95f-4599-bf2c-d00dca9e2ee3{ip: 172.17.0.2, host: b766c8128f74, ports: [REPLICATION=45099, RATIS=43595, RATIS_ADMIN=43595, RATIS_SERVER=43595, STANDALONE=42879], networkLocation: /default-rack, certSerialId: null, persistedOpState: null, persistedOpStateExpiryEpochSec: 0} as the reported value does not match the value stored in SCM (ENTERING_MAINTENANCE, 0)
2021-05-21 14:31:56,022 [IPC Server handler 19 on default port 45897] INFO  node.SCMNodeManager (SCMNodeManager.java:updateDatanodeOpState(437)) - Scheduling a command to update the operationalState persisted on 1b7a9f1a-9a61-4565-a67b-2de79fff2a8e{ip: 172.17.0.2, host: b766c8128f74, ports: [REPLICATION=40105, RATIS=36135, RATIS_ADMIN=36135, RATIS_SERVER=36135, STANDALONE=46121], networkLocation: /default-rack, certSerialId: null, persistedOpState: null, persistedOpStateExpiryEpochSec: 0} as the reported value does not match the value stored in SCM (ENTERING_MAINTENANCE, 0)
2021-05-21 14:31:56,031 [Command processor thread] INFO  keyvalue.KeyValueContainer (KeyValueContainer.java:flushAndSyncDB(393)) - Container 2 is synced with bcsId 74.
2021-05-21 14:31:56,031 [IPC Server handler 18 on default port 45897] INFO  node.SCMNodeManager (SCMNodeManager.java:updateDatanodeOpState(437)) - Scheduling a command to update the operationalState persisted on 1b7a9f1a-9a61-4565-a67b-2de79fff2a8e{ip: 172.17.0.2, host: b766c8128f74, ports: [REPLICATION=40105, RATIS=36135, RATIS_ADMIN=36135, RATIS_SERVER=36135, STANDALONE=46121], networkLocation: /default-rack, certSerialId: null, persistedOpState: null, persistedOpStateExpiryEpochSec: 0} as the reported value does not match the value stored in SCM (ENTERING_MAINTENANCE, 0)
2021-05-21 14:31:56,031 [Command processor thread] INFO  keyvalue.KeyValueContainer (KeyValueContainer.java:flushAndSyncDB(393)) - Container 2 is synced with bcsId 74.
2021-05-21 14:31:56,035 [IPC Server handler 15 on default port 45897] INFO  node.SCMNodeManager (SCMNodeManager.java:updateDatanodeOpState(437)) - Scheduling a command to update the operationalState persisted on 1b7a9f1a-9a61-4565-a67b-2de79fff2a8e{ip: 172.17.0.2, host: b766c8128f74, ports: [REPLICATION=40105, RATIS=36135, RATIS_ADMIN=36135, RATIS_SERVER=36135, STANDALONE=46121], networkLocation: /default-rack, certSerialId: null, persistedOpState: null, persistedOpStateExpiryEpochSec: 0} as the reported value does not match the value stored in SCM (ENTERING_MAINTENANCE, 0)
2021-05-21 14:31:56,040 [IPC Server handler 17 on default port 45897] INFO  node.SCMNodeManager (SCMNodeManager.java:updateDatanodeOpState(437)) - Scheduling a command to update the operationalState persisted on 1b7a9f1a-9a61-4565-a67b-2de79fff2a8e{ip: 172.17.0.2, host: b766c8128f74, ports: [REPLICATION=40105, RATIS=36135, RATIS_ADMIN=36135, RATIS_SERVER=36135, STANDALONE=46121], networkLocation: /default-rack, certSerialId: null, persistedOpState: null, persistedOpStateExpiryEpochSec: 0} as the reported value does not match the value stored in SCM (ENTERING_MAINTENANCE, 0)
2021-05-21 14:31:56,042 [Command processor thread] INFO  keyvalue.KeyValueContainer (KeyValueContainer.java:flushAndSyncDB(393)) - Container 3 is synced with bcsId 66.
2021-05-21 14:31:56,042 [Command processor thread] INFO  keyvalue.KeyValueContainer (KeyValueContainer.java:flushAndSyncDB(393)) - Container 3 is synced with bcsId 66.
2021-05-21 14:31:56,053 [IPC Server handler 0 on default port 45897] INFO  node.SCMNodeManager (SCMNodeManager.java:updateDatanodeOpState(437)) - Scheduling a command to update the operationalState persisted on 1b7a9f1a-9a61-4565-a67b-2de79fff2a8e{ip: 172.17.0.2, host: b766c8128f74, ports: [REPLICATION=40105, RATIS=36135, RATIS_ADMIN=36135, RATIS_SERVER=36135, STANDALONE=46121], networkLocation: /default-rack, certSerialId: null, persistedOpState: null, persistedOpStateExpiryEpochSec: 0} as the reported value does not match the value stored in SCM (ENTERING_MAINTENANCE, 0)
2021-05-21 14:31:56,053 [Command processor thread] INFO  server.RaftServer$Division (RaftServerImpl.java:groupRemove(376)) - 1b7a9f1a-9a61-4565-a67b-2de79fff2a8e@group-A6456F420DE7: Succeed to remove RaftStorageDirectory Storage Directory /github/workspace/mnt/ozone/hadoop-ozone/integration-test/target/test-dir/MiniOzoneClusterImpl-22464894-f501-479f-ae18-3fb6cdd505c4/datanode-5/data/ratis/111fc486-be15-40a3-a63d-a6456f420de7
2021-05-21 14:31:56,054 [Command processor thread] INFO  commandhandler.ClosePipelineCommandHandler (ClosePipelineCommandHandler.java:handle(75)) - Close Pipeline PipelineID=111fc486-be15-40a3-a63d-a6456f420de7 command on datanode 1b7a9f1a-9a61-4565-a67b-2de79fff2a8e.
2021-05-21 14:31:56,054 [Command processor thread] INFO  server.RaftServer (RaftServerProxy.java:remove(106)) - 1b7a9f1a-9a61-4565-a67b-2de79fff2a8e: remove    LEADER 1b7a9f1a-9a61-4565-a67b-2de79fff2a8e@group-1B5315FD9401:t1, leader=1b7a9f1a-9a61-4565-a67b-2de79fff2a8e, voted=1b7a9f1a-9a61-4565-a67b-2de79fff2a8e, raftlog=1b7a9f1a-9a61-4565-a67b-2de79fff2a8e@group-1B5315FD9401-SegmentedRaftLog:OPENED:c0,f0,i0, conf=0: [1b7a9f1a-9a61-4565-a67b-2de79fff2a8e|rpc:172.17.0.2:36135|dataStream:|priority:1], old=null RUNNING
2021-05-21 14:31:56,054 [Command processor thread] INFO  server.RaftServer$Division (RaftServerImpl.java:lambda$close$4(406)) - 1b7a9f1a-9a61-4565-a67b-2de79fff2a8e@group-1B5315FD9401: shutdown
2021-05-21 14:31:56,054 [Command processor thread] INFO  util.JmxRegister (JmxRegister.java:unregister(73)) - Successfully un-registered JMX Bean with object name Ratis:service=RaftServer,group=group-1B5315FD9401,id=1b7a9f1a-9a61-4565-a67b-2de79fff2a8e
2021-05-21 14:31:56,054 [Command processor thread] INFO  impl.RoleInfo (RoleInfo.java:shutdownLeaderState(91)) - 1b7a9f1a-9a61-4565-a67b-2de79fff2a8e: shutdown 1b7a9f1a-9a61-4565-a67b-2de79fff2a8e@group-1B5315FD9401-LeaderStateImpl
2021-05-21 14:31:56,054 [Command processor thread] INFO  impl.PendingRequests (PendingRequests.java:sendNotLeaderResponses(249)) - 1b7a9f1a-9a61-4565-a67b-2de79fff2a8e@group-1B5315FD9401-PendingRequests: sendNotLeaderResponses
2021-05-21 14:31:56,054 [Command processor thread] INFO  metrics.RatisMetrics (RatisMetrics.java:unregister(43)) - Unregistering Metrics Registry : ratis.log_appender.1b7a9f1a-9a61-4565-a67b-2de79fff2a8e@group-1B5315FD9401
2021-05-21 14:31:56,054 [Command processor thread] INFO  metrics.RatisMetrics (RatisMetrics.java:unregister(43)) - Unregistering Metrics Registry : ratis.server.1b7a9f1a-9a61-4565-a67b-2de79fff2a8e@group-1B5315FD9401
2021-05-21 14:31:56,055 [Command processor thread] INFO  impl.StateMachineUpdater (StateMachineUpdater.java:stopAndJoin(149)) - 1b7a9f1a-9a61-4565-a67b-2de79fff2a8e@group-1B5315FD9401-StateMachineUpdater: set stopIndex = 0
2021-05-21 14:31:56,055 [1b7a9f1a-9a61-4565-a67b-2de79fff2a8e@group-1B5315FD9401-StateMachineUpdater] INFO  ratis.ContainerStateMachine (ContainerStateMachine.java:takeSnapshot(292)) - group-1B5315FD9401: Taking a snapshot at:(t:1, i:0) file /github/workspace/mnt/ozone/hadoop-ozone/integration-test/target/test-dir/MiniOzoneClusterImpl-22464894-f501-479f-ae18-3fb6cdd505c4/datanode-5/data/ratis/64bacc7c-a074-4dc3-af42-1b5315fd9401/sm/snapshot.1_0
2021-05-21 14:31:56,056 [1b7a9f1a-9a61-4565-a67b-2de79fff2a8e@group-1B5315FD9401-StateMachineUpdater] INFO  ratis.ContainerStateMachine (ContainerStateMachine.java:takeSnapshot(303)) - group-1B5315FD9401: Finished taking a snapshot at:(t:1, i:0) file:/github/workspace/mnt/ozone/hadoop-ozone/integration-test/target/test-dir/MiniOzoneClusterImpl-22464894-f501-479f-ae18-3fb6cdd505c4/datanode-5/data/ratis/64bacc7c-a074-4dc3-af42-1b5315fd9401/sm/snapshot.1_0 took: 1 ms
2021-05-21 14:31:56,056 [1b7a9f1a-9a61-4565-a67b-2de79fff2a8e@group-1B5315FD9401-StateMachineUpdater] INFO  impl.StateMachineUpdater (StateMachineUpdater.java:takeSnapshot(281)) - 1b7a9f1a-9a61-4565-a67b-2de79fff2a8e@group-1B5315FD9401-StateMachineUpdater: Took a snapshot at index 0
2021-05-21 14:31:56,056 [1b7a9f1a-9a61-4565-a67b-2de79fff2a8e@group-1B5315FD9401-StateMachineUpdater] INFO  impl.StateMachineUpdater (StateMachineUpdater.java:lambda$new$0(89)) - 1b7a9f1a-9a61-4565-a67b-2de79fff2a8e@group-1B5315FD9401-StateMachineUpdater: snapshotIndex: updateIncreasingly -1 -> 0
2021-05-21 14:31:56,056 [1b7a9f1a-9a61-4565-a67b-2de79fff2a8e@group-1B5315FD9401-StateMachineUpdater] INFO  metrics.RatisMetrics (RatisMetrics.java:unregister(43)) - Unregistering Metrics Registry : ratis.state_machine.1b7a9f1a-9a61-4565-a67b-2de79fff2a8e@group-1B5315FD9401
2021-05-21 14:31:56,056 [Command processor thread] INFO  server.RaftServer$Division (ServerState.java:close(405)) - 1b7a9f1a-9a61-4565-a67b-2de79fff2a8e@group-1B5315FD9401: closes. applyIndex: 0
2021-05-21 14:31:56,057 [1b7a9f1a-9a61-4565-a67b-2de79fff2a8e@group-1B5315FD9401-SegmentedRaftLogWorker] INFO  segmented.SegmentedRaftLogWorker (SegmentedRaftLogWorker.java:run(327)) - 1b7a9f1a-9a61-4565-a67b-2de79fff2a8e@group-1B5315FD9401-SegmentedRaftLogWorker was interrupted, exiting. There are 0 tasks remaining in the queue.
2021-05-21 14:31:56,057 [Command processor thread] INFO  segmented.SegmentedRaftLogWorker (SegmentedRaftLogWorker.java:close(237)) - 1b7a9f1a-9a61-4565-a67b-2de79fff2a8e@group-1B5315FD9401-SegmentedRaftLogWorker close()
2021-05-21 14:31:56,059 [Command processor thread] INFO  metrics.RatisMetrics (RatisMetrics.java:unregister(43)) - Unregistering Metrics Registry : ratis.log_worker.1b7a9f1a-9a61-4565-a67b-2de79fff2a8e@group-1B5315FD9401
2021-05-21 14:31:56,059 [Command processor thread] INFO  metrics.RatisMetrics (RatisMetrics.java:unregister(43)) - Unregistering Metrics Registry : ratis.leader_election.1b7a9f1a-9a61-4565-a67b-2de79fff2a8e@group-1B5315FD9401
2021-05-21 14:31:56,059 [Command processor thread] INFO  metrics.RatisMetrics (RatisMetrics.java:unregister(43)) - Unregistering Metrics Registry : ratis.server.1b7a9f1a-9a61-4565-a67b-2de79fff2a8e@group-1B5315FD9401
2021-05-21 14:31:56,060 [Command processor thread] INFO  server.RaftServer$Division (RaftServerImpl.java:groupRemove(376)) - 1b7a9f1a-9a61-4565-a67b-2de79fff2a8e@group-1B5315FD9401: Succeed to remove RaftStorageDirectory Storage Directory /github/workspace/mnt/ozone/hadoop-ozone/integration-test/target/test-dir/MiniOzoneClusterImpl-22464894-f501-479f-ae18-3fb6cdd505c4/datanode-5/data/ratis/64bacc7c-a074-4dc3-af42-1b5315fd9401
2021-05-21 14:31:56,060 [Command processor thread] INFO  commandhandler.ClosePipelineCommandHandler (ClosePipelineCommandHandler.java:handle(75)) - Close Pipeline PipelineID=64bacc7c-a074-4dc3-af42-1b5315fd9401 command on datanode 1b7a9f1a-9a61-4565-a67b-2de79fff2a8e.
2021-05-21 14:31:56,061 [Command processor thread] WARN  server.RaftServer (RaftServerProxy.java:remove(101)) - 1b7a9f1a-9a61-4565-a67b-2de79fff2a8e: does not contain group: group-A6456F420DE7
2021-05-21 14:31:56,061 [Command processor thread] ERROR commandhandler.ClosePipelineCommandHandler (ClosePipelineCommandHandler.java:handle(78)) - Can't close pipeline PipelineID=111fc486-be15-40a3-a63d-a6456f420de7
java.io.IOException: 1b7a9f1a-9a61-4565-a67b-2de79fff2a8e: Group group-A6456F420DE7 not found.
	at org.apache.hadoop.ozone.container.common.transport.server.ratis.XceiverServerRatis.removeGroup(XceiverServerRatis.java:826)
	at org.apache.hadoop.ozone.container.common.statemachine.commandhandler.ClosePipelineCommandHandler.handle(ClosePipelineCommandHandler.java:74)
	at org.apache.hadoop.ozone.container.common.statemachine.commandhandler.CommandDispatcher.handle(CommandDispatcher.java:99)
	at org.apache.hadoop.ozone.container.common.statemachine.DatanodeStateMachine.lambda$initCommandHandlerThread$2(DatanodeStateMachine.java:506)
	at java.lang.Thread.run(Thread.java:748)
Caused by: org.apache.ratis.protocol.exceptions.GroupMismatchException: 1b7a9f1a-9a61-4565-a67b-2de79fff2a8e: Group group-A6456F420DE7 not found.
	at org.apache.ratis.server.impl.RaftServerProxy.groupRemoveAsync(RaftServerProxy.java:504)
	at org.apache.ratis.server.impl.RaftServerProxy.groupManagementAsync(RaftServerProxy.java:460)
	at org.apache.ratis.server.impl.RaftServerProxy.groupManagement(RaftServerProxy.java:440)
	at org.apache.hadoop.ozone.container.common.transport.server.ratis.XceiverServerRatis.removeGroup(XceiverServerRatis.java:824)
	... 4 more
2021-05-21 14:31:56,063 [Command processor thread] WARN  server.RaftServer (RaftServerProxy.java:remove(101)) - 1b7a9f1a-9a61-4565-a67b-2de79fff2a8e: does not contain group: group-1B5315FD9401
2021-05-21 14:31:56,063 [Command processor thread] ERROR commandhandler.ClosePipelineCommandHandler (ClosePipelineCommandHandler.java:handle(78)) - Can't close pipeline PipelineID=64bacc7c-a074-4dc3-af42-1b5315fd9401
java.io.IOException: 1b7a9f1a-9a61-4565-a67b-2de79fff2a8e: Group group-1B5315FD9401 not found.
	at org.apache.hadoop.ozone.container.common.transport.server.ratis.XceiverServerRatis.removeGroup(XceiverServerRatis.java:826)
	at org.apache.hadoop.ozone.container.common.statemachine.commandhandler.ClosePipelineCommandHandler.handle(ClosePipelineCommandHandler.java:74)
	at org.apache.hadoop.ozone.container.common.statemachine.commandhandler.CommandDispatcher.handle(CommandDispatcher.java:99)
	at org.apache.hadoop.ozone.container.common.statemachine.DatanodeStateMachine.lambda$initCommandHandlerThread$2(DatanodeStateMachine.java:506)
	at java.lang.Thread.run(Thread.java:748)
Caused by: org.apache.ratis.protocol.exceptions.GroupMismatchException: 1b7a9f1a-9a61-4565-a67b-2de79fff2a8e: Group group-1B5315FD9401 not found.
	at org.apache.ratis.server.impl.RaftServerProxy.groupRemoveAsync(RaftServerProxy.java:504)
	at org.apache.ratis.server.impl.RaftServerProxy.groupManagementAsync(RaftServerProxy.java:460)
	at org.apache.ratis.server.impl.RaftServerProxy.groupManagement(RaftServerProxy.java:440)
	at org.apache.hadoop.ozone.container.common.transport.server.ratis.XceiverServerRatis.removeGroup(XceiverServerRatis.java:824)
	... 4 more
2021-05-21 14:31:56,064 [Command processor thread] WARN  server.RaftServer (RaftServerProxy.java:remove(101)) - 1b7a9f1a-9a61-4565-a67b-2de79fff2a8e: does not contain group: group-A6456F420DE7
2021-05-21 14:31:56,064 [Command processor thread] ERROR commandhandler.ClosePipelineCommandHandler (ClosePipelineCommandHandler.java:handle(78)) - Can't close pipeline PipelineID=111fc486-be15-40a3-a63d-a6456f420de7
java.io.IOException: 1b7a9f1a-9a61-4565-a67b-2de79fff2a8e: Group group-A6456F420DE7 not found.
	at org.apache.hadoop.ozone.container.common.transport.server.ratis.XceiverServerRatis.removeGroup(XceiverServerRatis.java:826)
	at org.apache.hadoop.ozone.container.common.statemachine.commandhandler.ClosePipelineCommandHandler.handle(ClosePipelineCommandHandler.java:74)
	at org.apache.hadoop.ozone.container.common.statemachine.commandhandler.CommandDispatcher.handle(CommandDispatcher.java:99)
	at org.apache.hadoop.ozone.container.common.statemachine.DatanodeStateMachine.lambda$initCommandHandlerThread$2(DatanodeStateMachine.java:506)
	at java.lang.Thread.run(Thread.java:748)
Caused by: org.apache.ratis.protocol.exceptions.GroupMismatchException: 1b7a9f1a-9a61-4565-a67b-2de79fff2a8e: Group group-A6456F420DE7 not found.
	at org.apache.ratis.server.impl.RaftServerProxy.groupRemoveAsync(RaftServerProxy.java:504)
	at org.apache.ratis.server.impl.RaftServerProxy.groupManagementAsync(RaftServerProxy.java:460)
	at org.apache.ratis.server.impl.RaftServerProxy.groupManagement(RaftServerProxy.java:440)
	at org.apache.hadoop.ozone.container.common.transport.server.ratis.XceiverServerRatis.removeGroup(XceiverServerRatis.java:824)
	... 4 more
2021-05-21 14:31:56,064 [Command processor thread] WARN  server.RaftServer (RaftServerProxy.java:remove(101)) - 1b7a9f1a-9a61-4565-a67b-2de79fff2a8e: does not contain group: group-1B5315FD9401
2021-05-21 14:31:56,064 [Command processor thread] ERROR commandhandler.ClosePipelineCommandHandler (ClosePipelineCommandHandler.java:handle(78)) - Can't close pipeline PipelineID=64bacc7c-a074-4dc3-af42-1b5315fd9401
java.io.IOException: 1b7a9f1a-9a61-4565-a67b-2de79fff2a8e: Group group-1B5315FD9401 not found.
	at org.apache.hadoop.ozone.container.common.transport.server.ratis.XceiverServerRatis.removeGroup(XceiverServerRatis.java:826)
	at org.apache.hadoop.ozone.container.common.statemachine.commandhandler.ClosePipelineCommandHandler.handle(ClosePipelineCommandHandler.java:74)
	at org.apache.hadoop.ozone.container.common.statemachine.commandhandler.CommandDispatcher.handle(CommandDispatcher.java:99)
	at org.apache.hadoop.ozone.container.common.statemachine.DatanodeStateMachine.lambda$initCommandHandlerThread$2(DatanodeStateMachine.java:506)
	at java.lang.Thread.run(Thread.java:748)
Caused by: org.apache.ratis.protocol.exceptions.GroupMismatchException: 1b7a9f1a-9a61-4565-a67b-2de79fff2a8e: Group group-1B5315FD9401 not found.
	at org.apache.ratis.server.impl.RaftServerProxy.groupRemoveAsync(RaftServerProxy.java:504)
	at org.apache.ratis.server.impl.RaftServerProxy.groupManagementAsync(RaftServerProxy.java:460)
	at org.apache.ratis.server.impl.RaftServerProxy.groupManagement(RaftServerProxy.java:440)
	at org.apache.hadoop.ozone.container.common.transport.server.ratis.XceiverServerRatis.removeGroup(XceiverServerRatis.java:824)
	... 4 more
2021-05-21 14:31:56,065 [Command processor thread] WARN  server.RaftServer (RaftServerProxy.java:remove(101)) - 1b7a9f1a-9a61-4565-a67b-2de79fff2a8e: does not contain group: group-A6456F420DE7
2021-05-21 14:31:56,065 [Command processor thread] ERROR commandhandler.ClosePipelineCommandHandler (ClosePipelineCommandHandler.java:handle(78)) - Can't close pipeline PipelineID=111fc486-be15-40a3-a63d-a6456f420de7
java.io.IOException: 1b7a9f1a-9a61-4565-a67b-2de79fff2a8e: Group group-A6456F420DE7 not found.
	at org.apache.hadoop.ozone.container.common.transport.server.ratis.XceiverServerRatis.removeGroup(XceiverServerRatis.java:826)
	at org.apache.hadoop.ozone.container.common.statemachine.commandhandler.ClosePipelineCommandHandler.handle(ClosePipelineCommandHandler.java:74)
	at org.apache.hadoop.ozone.container.common.statemachine.commandhandler.CommandDispatcher.handle(CommandDispatcher.java:99)
	at org.apache.hadoop.ozone.container.common.statemachine.DatanodeStateMachine.lambda$initCommandHandlerThread$2(DatanodeStateMachine.java:506)
	at java.lang.Thread.run(Thread.java:748)
Caused by: org.apache.ratis.protocol.exceptions.GroupMismatchException: 1b7a9f1a-9a61-4565-a67b-2de79fff2a8e: Group group-A6456F420DE7 not found.
	at org.apache.ratis.server.impl.RaftServerProxy.groupRemoveAsync(RaftServerProxy.java:504)
	at org.apache.ratis.server.impl.RaftServerProxy.groupManagementAsync(RaftServerProxy.java:460)
	at org.apache.ratis.server.impl.RaftServerProxy.groupManagement(RaftServerProxy.java:440)
	at org.apache.hadoop.ozone.container.common.transport.server.ratis.XceiverServerRatis.removeGroup(XceiverServerRatis.java:824)
	... 4 more
2021-05-21 14:31:56,065 [Command processor thread] WARN  server.RaftServer (RaftServerProxy.java:remove(101)) - 1b7a9f1a-9a61-4565-a67b-2de79fff2a8e: does not contain group: group-1B5315FD9401
2021-05-21 14:31:56,065 [Command processor thread] ERROR commandhandler.ClosePipelineCommandHandler (ClosePipelineCommandHandler.java:handle(78)) - Can't close pipeline PipelineID=64bacc7c-a074-4dc3-af42-1b5315fd9401
java.io.IOException: 1b7a9f1a-9a61-4565-a67b-2de79fff2a8e: Group group-1B5315FD9401 not found.
	at org.apache.hadoop.ozone.container.common.transport.server.ratis.XceiverServerRatis.removeGroup(XceiverServerRatis.java:826)
	at org.apache.hadoop.ozone.container.common.statemachine.commandhandler.ClosePipelineCommandHandler.handle(ClosePipelineCommandHandler.java:74)
	at org.apache.hadoop.ozone.container.common.statemachine.commandhandler.CommandDispatcher.handle(CommandDispatcher.java:99)
	at org.apache.hadoop.ozone.container.common.statemachine.DatanodeStateMachine.lambda$initCommandHandlerThread$2(DatanodeStateMachine.java:506)
	at java.lang.Thread.run(Thread.java:748)
Caused by: org.apache.ratis.protocol.exceptions.GroupMismatchException: 1b7a9f1a-9a61-4565-a67b-2de79fff2a8e: Group group-1B5315FD9401 not found.
	at org.apache.ratis.server.impl.RaftServerProxy.groupRemoveAsync(RaftServerProxy.java:504)
	at org.apache.ratis.server.impl.RaftServerProxy.groupManagementAsync(RaftServerProxy.java:460)
	at org.apache.ratis.server.impl.RaftServerProxy.groupManagement(RaftServerProxy.java:440)
	at org.apache.hadoop.ozone.container.common.transport.server.ratis.XceiverServerRatis.removeGroup(XceiverServerRatis.java:824)
	... 4 more
2021-05-21 14:31:56,073 [Command processor thread] WARN  server.RaftServer (RaftServerProxy.java:remove(101)) - 1b7a9f1a-9a61-4565-a67b-2de79fff2a8e: does not contain group: group-A6456F420DE7
2021-05-21 14:31:56,073 [Command processor thread] ERROR commandhandler.ClosePipelineCommandHandler (ClosePipelineCommandHandler.java:handle(78)) - Can't close pipeline PipelineID=111fc486-be15-40a3-a63d-a6456f420de7
java.io.IOException: 1b7a9f1a-9a61-4565-a67b-2de79fff2a8e: Group group-A6456F420DE7 not found.
	at org.apache.hadoop.ozone.container.common.transport.server.ratis.XceiverServerRatis.removeGroup(XceiverServerRatis.java:826)
	at org.apache.hadoop.ozone.container.common.statemachine.commandhandler.ClosePipelineCommandHandler.handle(ClosePipelineCommandHandler.java:74)
	at org.apache.hadoop.ozone.container.common.statemachine.commandhandler.CommandDispatcher.handle(CommandDispatcher.java:99)
	at org.apache.hadoop.ozone.container.common.statemachine.DatanodeStateMachine.lambda$initCommandHandlerThread$2(DatanodeStateMachine.java:506)
	at java.lang.Thread.run(Thread.java:748)
Caused by: org.apache.ratis.protocol.exceptions.GroupMismatchException: 1b7a9f1a-9a61-4565-a67b-2de79fff2a8e: Group group-A6456F420DE7 not found.
	at org.apache.ratis.server.impl.RaftServerProxy.groupRemoveAsync(RaftServerProxy.java:504)
	at org.apache.ratis.server.impl.RaftServerProxy.groupManagementAsync(RaftServerProxy.java:460)
	at org.apache.ratis.server.impl.RaftServerProxy.groupManagement(RaftServerProxy.java:440)
	at org.apache.hadoop.ozone.container.common.transport.server.ratis.XceiverServerRatis.removeGroup(XceiverServerRatis.java:824)
	... 4 more
2021-05-21 14:31:56,073 [Command processor thread] WARN  server.RaftServer (RaftServerProxy.java:remove(101)) - 1b7a9f1a-9a61-4565-a67b-2de79fff2a8e: does not contain group: group-1B5315FD9401
2021-05-21 14:31:56,073 [Command processor thread] ERROR commandhandler.ClosePipelineCommandHandler (ClosePipelineCommandHandler.java:handle(78)) - Can't close pipeline PipelineID=64bacc7c-a074-4dc3-af42-1b5315fd9401
java.io.IOException: 1b7a9f1a-9a61-4565-a67b-2de79fff2a8e: Group group-1B5315FD9401 not found.
	at org.apache.hadoop.ozone.container.common.transport.server.ratis.XceiverServerRatis.removeGroup(XceiverServerRatis.java:826)
	at org.apache.hadoop.ozone.container.common.statemachine.commandhandler.ClosePipelineCommandHandler.handle(ClosePipelineCommandHandler.java:74)
	at org.apache.hadoop.ozone.container.common.statemachine.commandhandler.CommandDispatcher.handle(CommandDispatcher.java:99)
	at org.apache.hadoop.ozone.container.common.statemachine.DatanodeStateMachine.lambda$initCommandHandlerThread$2(DatanodeStateMachine.java:506)
	at java.lang.Thread.run(Thread.java:748)
Caused by: org.apache.ratis.protocol.exceptions.GroupMismatchException: 1b7a9f1a-9a61-4565-a67b-2de79fff2a8e: Group group-1B5315FD9401 not found.
	at org.apache.ratis.server.impl.RaftServerProxy.groupRemoveAsync(RaftServerProxy.java:504)
	at org.apache.ratis.server.impl.RaftServerProxy.groupManagementAsync(RaftServerProxy.java:460)
	at org.apache.ratis.server.impl.RaftServerProxy.groupManagement(RaftServerProxy.java:440)
	at org.apache.hadoop.ozone.container.common.transport.server.ratis.XceiverServerRatis.removeGroup(XceiverServerRatis.java:824)
	... 4 more
2021-05-21 14:31:56,074 [Command processor thread] WARN  server.RaftServer (RaftServerProxy.java:remove(101)) - 1b7a9f1a-9a61-4565-a67b-2de79fff2a8e: does not contain group: group-A6456F420DE7
2021-05-21 14:31:56,074 [Command processor thread] ERROR commandhandler.ClosePipelineCommandHandler (ClosePipelineCommandHandler.java:handle(78)) - Can't close pipeline PipelineID=111fc486-be15-40a3-a63d-a6456f420de7
java.io.IOException: 1b7a9f1a-9a61-4565-a67b-2de79fff2a8e: Group group-A6456F420DE7 not found.
	at org.apache.hadoop.ozone.container.common.transport.server.ratis.XceiverServerRatis.removeGroup(XceiverServerRatis.java:826)
	at org.apache.hadoop.ozone.container.common.statemachine.commandhandler.ClosePipelineCommandHandler.handle(ClosePipelineCommandHandler.java:74)
	at org.apache.hadoop.ozone.container.common.statemachine.commandhandler.CommandDispatcher.handle(CommandDispatcher.java:99)
	at org.apache.hadoop.ozone.container.common.statemachine.DatanodeStateMachine.lambda$initCommandHandlerThread$2(DatanodeStateMachine.java:506)
	at java.lang.Thread.run(Thread.java:748)
Caused by: org.apache.ratis.protocol.exceptions.GroupMismatchException: 1b7a9f1a-9a61-4565-a67b-2de79fff2a8e: Group group-A6456F420DE7 not found.
	at org.apache.ratis.server.impl.RaftServerProxy.groupRemoveAsync(RaftServerProxy.java:504)
	at org.apache.ratis.server.impl.RaftServerProxy.groupManagementAsync(RaftServerProxy.java:460)
	at org.apache.ratis.server.impl.RaftServerProxy.groupManagement(RaftServerProxy.java:440)
	at org.apache.hadoop.ozone.container.common.transport.server.ratis.XceiverServerRatis.removeGroup(XceiverServerRatis.java:824)
	... 4 more
2021-05-21 14:31:56,074 [Command processor thread] WARN  server.RaftServer (RaftServerProxy.java:remove(101)) - 1b7a9f1a-9a61-4565-a67b-2de79fff2a8e: does not contain group: group-1B5315FD9401
2021-05-21 14:31:56,075 [Command processor thread] ERROR commandhandler.ClosePipelineCommandHandler (ClosePipelineCommandHandler.java:handle(78)) - Can't close pipeline PipelineID=64bacc7c-a074-4dc3-af42-1b5315fd9401
java.io.IOException: 1b7a9f1a-9a61-4565-a67b-2de79fff2a8e: Group group-1B5315FD9401 not found.
	at org.apache.hadoop.ozone.container.common.transport.server.ratis.XceiverServerRatis.removeGroup(XceiverServerRatis.java:826)
	at org.apache.hadoop.ozone.container.common.statemachine.commandhandler.ClosePipelineCommandHandler.handle(ClosePipelineCommandHandler.java:74)
	at org.apache.hadoop.ozone.container.common.statemachine.commandhandler.CommandDispatcher.handle(CommandDispatcher.java:99)
	at org.apache.hadoop.ozone.container.common.statemachine.DatanodeStateMachine.lambda$initCommandHandlerThread$2(DatanodeStateMachine.java:506)
	at java.lang.Thread.run(Thread.java:748)
Caused by: org.apache.ratis.protocol.exceptions.GroupMismatchException: 1b7a9f1a-9a61-4565-a67b-2de79fff2a8e: Group group-1B5315FD9401 not found.
	at org.apache.ratis.server.impl.RaftServerProxy.groupRemoveAsync(RaftServerProxy.java:504)
	at org.apache.ratis.server.impl.RaftServerProxy.groupManagementAsync(RaftServerProxy.java:460)
	at org.apache.ratis.server.impl.RaftServerProxy.groupManagement(RaftServerProxy.java:440)
	at org.apache.hadoop.ozone.container.common.transport.server.ratis.XceiverServerRatis.removeGroup(XceiverServerRatis.java:824)
	... 4 more
2021-05-21 14:31:56,075 [Command processor thread] WARN  server.RaftServer (RaftServerProxy.java:remove(101)) - 1b7a9f1a-9a61-4565-a67b-2de79fff2a8e: does not contain group: group-A6456F420DE7
2021-05-21 14:31:56,075 [Command processor thread] ERROR commandhandler.ClosePipelineCommandHandler (ClosePipelineCommandHandler.java:handle(78)) - Can't close pipeline PipelineID=111fc486-be15-40a3-a63d-a6456f420de7
java.io.IOException: 1b7a9f1a-9a61-4565-a67b-2de79fff2a8e: Group group-A6456F420DE7 not found.
	at org.apache.hadoop.ozone.container.common.transport.server.ratis.XceiverServerRatis.removeGroup(XceiverServerRatis.java:826)
	at org.apache.hadoop.ozone.container.common.statemachine.commandhandler.ClosePipelineCommandHandler.handle(ClosePipelineCommandHandler.java:74)
	at org.apache.hadoop.ozone.container.common.statemachine.commandhandler.CommandDispatcher.handle(CommandDispatcher.java:99)
	at org.apache.hadoop.ozone.container.common.statemachine.DatanodeStateMachine.lambda$initCommandHandlerThread$2(DatanodeStateMachine.java:506)
	at java.lang.Thread.run(Thread.java:748)
Caused by: org.apache.ratis.protocol.exceptions.GroupMismatchException: 1b7a9f1a-9a61-4565-a67b-2de79fff2a8e: Group group-A6456F420DE7 not found.
	at org.apache.ratis.server.impl.RaftServerProxy.groupRemoveAsync(RaftServerProxy.java:504)
	at org.apache.ratis.server.impl.RaftServerProxy.groupManagementAsync(RaftServerProxy.java:460)
	at org.apache.ratis.server.impl.RaftServerProxy.groupManagement(RaftServerProxy.java:440)
	at org.apache.hadoop.ozone.container.common.transport.server.ratis.XceiverServerRatis.removeGroup(XceiverServerRatis.java:824)
	... 4 more
2021-05-21 14:31:56,076 [Command processor thread] WARN  server.RaftServer (RaftServerProxy.java:remove(101)) - 1b7a9f1a-9a61-4565-a67b-2de79fff2a8e: does not contain group: group-1B5315FD9401
2021-05-21 14:31:56,076 [Command processor thread] ERROR commandhandler.ClosePipelineCommandHandler (ClosePipelineCommandHandler.java:handle(78)) - Can't close pipeline PipelineID=64bacc7c-a074-4dc3-af42-1b5315fd9401
java.io.IOException: 1b7a9f1a-9a61-4565-a67b-2de79fff2a8e: Group group-1B5315FD9401 not found.
	at org.apache.hadoop.ozone.container.common.transport.server.ratis.XceiverServerRatis.removeGroup(XceiverServerRatis.java:826)
	at org.apache.hadoop.ozone.container.common.statemachine.commandhandler.ClosePipelineCommandHandler.handle(ClosePipelineCommandHandler.java:74)
	at org.apache.hadoop.ozone.container.common.statemachine.commandhandler.CommandDispatcher.handle(CommandDispatcher.java:99)
	at org.apache.hadoop.ozone.container.common.statemachine.DatanodeStateMachine.lambda$initCommandHandlerThread$2(DatanodeStateMachine.java:506)
	at java.lang.Thread.run(Thread.java:748)
Caused by: org.apache.ratis.protocol.exceptions.GroupMismatchException: 1b7a9f1a-9a61-4565-a67b-2de79fff2a8e: Group group-1B5315FD9401 not found.
	at org.apache.ratis.server.impl.RaftServerProxy.groupRemoveAsync(RaftServerProxy.java:504)
	at org.apache.ratis.server.impl.RaftServerProxy.groupManagementAsync(RaftServerProxy.java:460)
	at org.apache.ratis.server.impl.RaftServerProxy.groupManagement(RaftServerProxy.java:440)
	at org.apache.hadoop.ozone.container.common.transport.server.ratis.XceiverServerRatis.removeGroup(XceiverServerRatis.java:824)
	... 4 more
2021-05-21 14:31:56,076 [Command processor thread] WARN  server.RaftServer (RaftServerProxy.java:remove(101)) - 1b7a9f1a-9a61-4565-a67b-2de79fff2a8e: does not contain group: group-A6456F420DE7
2021-05-21 14:31:56,076 [Command processor thread] ERROR commandhandler.ClosePipelineCommandHandler (ClosePipelineCommandHandler.java:handle(78)) - Can't close pipeline PipelineID=111fc486-be15-40a3-a63d-a6456f420de7
java.io.IOException: 1b7a9f1a-9a61-4565-a67b-2de79fff2a8e: Group group-A6456F420DE7 not found.
	at org.apache.hadoop.ozone.container.common.transport.server.ratis.XceiverServerRatis.removeGroup(XceiverServerRatis.java:826)
	at org.apache.hadoop.ozone.container.common.statemachine.commandhandler.ClosePipelineCommandHandler.handle(ClosePipelineCommandHandler.java:74)
	at org.apache.hadoop.ozone.container.common.statemachine.commandhandler.CommandDispatcher.handle(CommandDispatcher.java:99)
	at org.apache.hadoop.ozone.container.common.statemachine.DatanodeStateMachine.lambda$initCommandHandlerThread$2(DatanodeStateMachine.java:506)
	at java.lang.Thread.run(Thread.java:748)
Caused by: org.apache.ratis.protocol.exceptions.GroupMismatchException: 1b7a9f1a-9a61-4565-a67b-2de79fff2a8e: Group group-A6456F420DE7 not found.
	at org.apache.ratis.server.impl.RaftServerProxy.groupRemoveAsync(RaftServerProxy.java:504)
	at org.apache.ratis.server.impl.RaftServerProxy.groupManagementAsync(RaftServerProxy.java:460)
	at org.apache.ratis.server.impl.RaftServerProxy.groupManagement(RaftServerProxy.java:440)
	at org.apache.hadoop.ozone.container.common.transport.server.ratis.XceiverServerRatis.removeGroup(XceiverServerRatis.java:824)
	... 4 more
2021-05-21 14:31:56,077 [Command processor thread] WARN  server.RaftServer (RaftServerProxy.java:remove(101)) - 1b7a9f1a-9a61-4565-a67b-2de79fff2a8e: does not contain group: group-1B5315FD9401
2021-05-21 14:31:56,077 [Command processor thread] ERROR commandhandler.ClosePipelineCommandHandler (ClosePipelineCommandHandler.java:handle(78)) - Can't close pipeline PipelineID=64bacc7c-a074-4dc3-af42-1b5315fd9401
java.io.IOException: 1b7a9f1a-9a61-4565-a67b-2de79fff2a8e: Group group-1B5315FD9401 not found.
	at org.apache.hadoop.ozone.container.common.transport.server.ratis.XceiverServerRatis.removeGroup(XceiverServerRatis.java:826)
	at org.apache.hadoop.ozone.container.common.statemachine.commandhandler.ClosePipelineCommandHandler.handle(ClosePipelineCommandHandler.java:74)
	at org.apache.hadoop.ozone.container.common.statemachine.commandhandler.CommandDispatcher.handle(CommandDispatcher.java:99)
	at org.apache.hadoop.ozone.container.common.statemachine.DatanodeStateMachine.lambda$initCommandHandlerThread$2(DatanodeStateMachine.java:506)
	at java.lang.Thread.run(Thread.java:748)
Caused by: org.apache.ratis.protocol.exceptions.GroupMismatchException: 1b7a9f1a-9a61-4565-a67b-2de79fff2a8e: Group group-1B5315FD9401 not found.
	at org.apache.ratis.server.impl.RaftServerProxy.groupRemoveAsync(RaftServerProxy.java:504)
	at org.apache.ratis.server.impl.RaftServerProxy.groupManagementAsync(RaftServerProxy.java:460)
	at org.apache.ratis.server.impl.RaftServerProxy.groupManagement(RaftServerProxy.java:440)
	at org.apache.hadoop.ozone.container.common.transport.server.ratis.XceiverServerRatis.removeGroup(XceiverServerRatis.java:824)
	... 4 more
2021-05-21 14:31:56,077 [Command processor thread] WARN  server.RaftServer (RaftServerProxy.java:remove(101)) - 1b7a9f1a-9a61-4565-a67b-2de79fff2a8e: does not contain group: group-A6456F420DE7
2021-05-21 14:31:56,077 [Command processor thread] ERROR commandhandler.ClosePipelineCommandHandler (ClosePipelineCommandHandler.java:handle(78)) - Can't close pipeline PipelineID=111fc486-be15-40a3-a63d-a6456f420de7
java.io.IOException: 1b7a9f1a-9a61-4565-a67b-2de79fff2a8e: Group group-A6456F420DE7 not found.
	at org.apache.hadoop.ozone.container.common.transport.server.ratis.XceiverServerRatis.removeGroup(XceiverServerRatis.java:826)
	at org.apache.hadoop.ozone.container.common.statemachine.commandhandler.ClosePipelineCommandHandler.handle(ClosePipelineCommandHandler.java:74)
	at org.apache.hadoop.ozone.container.common.statemachine.commandhandler.CommandDispatcher.handle(CommandDispatcher.java:99)
	at org.apache.hadoop.ozone.container.common.statemachine.DatanodeStateMachine.lambda$initCommandHandlerThread$2(DatanodeStateMachine.java:506)
	at java.lang.Thread.run(Thread.java:748)
Caused by: org.apache.ratis.protocol.exceptions.GroupMismatchException: 1b7a9f1a-9a61-4565-a67b-2de79fff2a8e: Group group-A6456F420DE7 not found.
	at org.apache.ratis.server.impl.RaftServerProxy.groupRemoveAsync(RaftServerProxy.java:504)
	at org.apache.ratis.server.impl.RaftServerProxy.groupManagementAsync(RaftServerProxy.java:460)
	at org.apache.ratis.server.impl.RaftServerProxy.groupManagement(RaftServerProxy.java:440)
	at org.apache.hadoop.ozone.container.common.transport.server.ratis.XceiverServerRatis.removeGroup(XceiverServerRatis.java:824)
	... 4 more
2021-05-21 14:31:56,078 [Command processor thread] WARN  server.RaftServer (RaftServerProxy.java:remove(101)) - 1b7a9f1a-9a61-4565-a67b-2de79fff2a8e: does not contain group: group-1B5315FD9401
2021-05-21 14:31:56,078 [Command processor thread] ERROR commandhandler.ClosePipelineCommandHandler (ClosePipelineCommandHandler.java:handle(78)) - Can't close pipeline PipelineID=64bacc7c-a074-4dc3-af42-1b5315fd9401
java.io.IOException: 1b7a9f1a-9a61-4565-a67b-2de79fff2a8e: Group group-1B5315FD9401 not found.
	at org.apache.hadoop.ozone.container.common.transport.server.ratis.XceiverServerRatis.removeGroup(XceiverServerRatis.java:826)
	at org.apache.hadoop.ozone.container.common.statemachine.commandhandler.ClosePipelineCommandHandler.handle(ClosePipelineCommandHandler.java:74)
	at org.apache.hadoop.ozone.container.common.statemachine.commandhandler.CommandDispatcher.handle(CommandDispatcher.java:99)
	at org.apache.hadoop.ozone.container.common.statemachine.DatanodeStateMachine.lambda$initCommandHandlerThread$2(DatanodeStateMachine.java:506)
	at java.lang.Thread.run(Thread.java:748)
Caused by: org.apache.ratis.protocol.exceptions.GroupMismatchException: 1b7a9f1a-9a61-4565-a67b-2de79fff2a8e: Group group-1B5315FD9401 not found.
	at org.apache.ratis.server.impl.RaftServerProxy.groupRemoveAsync(RaftServerProxy.java:504)
	at org.apache.ratis.server.impl.RaftServerProxy.groupManagementAsync(RaftServerProxy.java:460)
	at org.apache.ratis.server.impl.RaftServerProxy.groupManagement(RaftServerProxy.java:440)
	at org.apache.hadoop.ozone.container.common.transport.server.ratis.XceiverServerRatis.removeGroup(XceiverServerRatis.java:824)
	... 4 more
2021-05-21 14:31:56,718 [DatanodeAdminManager-0] INFO  node.DatanodeAdminMonitorImpl (DatanodeAdminMonitorImpl.java:checkContainersReplicatedOnNode(297)) - fe5d1211-9335-469c-958f-8182ca4380cf{ip: 172.17.0.2, host: b766c8128f74, ports: [REPLICATION=41397, RATIS=40647, RATIS_ADMIN=40647, RATIS_SERVER=40647, STANDALONE=33787], networkLocation: /default-rack, certSerialId: null, persistedOpState: ENTERING_MAINTENANCE, persistedOpStateExpiryEpochSec: 0} has 3 sufficientlyReplicated, 0 underReplicated and 3 unhealthy containers
2021-05-21 14:31:56,719 [DatanodeAdminManager-0] INFO  node.DatanodeAdminMonitorImpl (DatanodeAdminMonitorImpl.java:run(136)) - There are 3 nodes tracked for decommission and maintenance. 0 pending nodes.
2021-05-21 14:31:56,738 [ReplicationMonitor] INFO  container.ReplicationManager (ReplicationManager.java:sendCloseCommand(1000)) - Sending close container command for container #1 to datanode 813e8fa6-b95f-4599-bf2c-d00dca9e2ee3{ip: 172.17.0.2, host: b766c8128f74, ports: [REPLICATION=45099, RATIS=43595, RATIS_ADMIN=43595, RATIS_SERVER=43595, STANDALONE=42879], networkLocation: /default-rack, certSerialId: null, persistedOpState: IN_SERVICE, persistedOpStateExpiryEpochSec: 0}.
2021-05-21 14:31:56,738 [ReplicationMonitor] INFO  container.ReplicationManager (ReplicationManager.java:sendCloseCommand(1000)) - Sending close container command for container #1 to datanode 1b7a9f1a-9a61-4565-a67b-2de79fff2a8e{ip: 172.17.0.2, host: b766c8128f74, ports: [REPLICATION=40105, RATIS=36135, RATIS_ADMIN=36135, RATIS_SERVER=36135, STANDALONE=46121], networkLocation: /default-rack, certSerialId: null, persistedOpState: IN_SERVICE, persistedOpStateExpiryEpochSec: 0}.
2021-05-21 14:31:56,738 [ReplicationMonitor] INFO  container.ReplicationManager (ReplicationManager.java:sendCloseCommand(1000)) - Sending close container command for container #2 to datanode 813e8fa6-b95f-4599-bf2c-d00dca9e2ee3{ip: 172.17.0.2, host: b766c8128f74, ports: [REPLICATION=45099, RATIS=43595, RATIS_ADMIN=43595, RATIS_SERVER=43595, STANDALONE=42879], networkLocation: /default-rack, certSerialId: null, persistedOpState: IN_SERVICE, persistedOpStateExpiryEpochSec: 0}.
2021-05-21 14:31:56,738 [ReplicationMonitor] INFO  container.ReplicationManager (ReplicationManager.java:sendCloseCommand(1000)) - Sending close container command for container #2 to datanode 1b7a9f1a-9a61-4565-a67b-2de79fff2a8e{ip: 172.17.0.2, host: b766c8128f74, ports: [REPLICATION=40105, RATIS=36135, RATIS_ADMIN=36135, RATIS_SERVER=36135, STANDALONE=46121], networkLocation: /default-rack, certSerialId: null, persistedOpState: IN_SERVICE, persistedOpStateExpiryEpochSec: 0}.
2021-05-21 14:31:56,738 [ReplicationMonitor] INFO  container.ReplicationManager (ReplicationManager.java:forceCloseContainer(679)) - Force closing container #3 with BCSID 66, which is in QUASI_CLOSED state.
2021-05-21 14:31:56,738 [ReplicationMonitor] INFO  container.ReplicationManager (ReplicationManager.java:sendCloseCommand(1000)) - Sending close container command for container #3 to datanode fe5d1211-9335-469c-958f-8182ca4380cf{ip: 172.17.0.2, host: b766c8128f74, ports: [REPLICATION=41397, RATIS=40647, RATIS_ADMIN=40647, RATIS_SERVER=40647, STANDALONE=33787], networkLocation: /default-rack, certSerialId: null, persistedOpState: ENTERING_MAINTENANCE, persistedOpStateExpiryEpochSec: 0}.
2021-05-21 14:31:56,739 [ReplicationMonitor] INFO  container.ReplicationManager (ReplicationManager.java:sendCloseCommand(1000)) - Sending close container command for container #3 to datanode 1b7a9f1a-9a61-4565-a67b-2de79fff2a8e{ip: 172.17.0.2, host: b766c8128f74, ports: [REPLICATION=40105, RATIS=36135, RATIS_ADMIN=36135, RATIS_SERVER=36135, STANDALONE=46121], networkLocation: /default-rack, certSerialId: null, persistedOpState: IN_SERVICE, persistedOpStateExpiryEpochSec: 0}.
2021-05-21 14:31:56,739 [ReplicationMonitor] INFO  container.ReplicationManager (ReplicationManager.java:run(290)) - Replication Monitor Thread took 1 milliseconds for processing 3 containers.
2021-05-21 14:31:57,018 [IPC Server handler 14 on default port 45897] INFO  node.SCMNodeManager (SCMNodeManager.java:updateDatanodeOpState(437)) - Scheduling a command to update the operationalState persisted on 813e8fa6-b95f-4599-bf2c-d00dca9e2ee3{ip: 172.17.0.2, host: b766c8128f74, ports: [REPLICATION=45099, RATIS=43595, RATIS_ADMIN=43595, RATIS_SERVER=43595, STANDALONE=42879], networkLocation: /default-rack, certSerialId: null, persistedOpState: null, persistedOpStateExpiryEpochSec: 0} as the reported value does not match the value stored in SCM (ENTERING_MAINTENANCE, 0)
2021-05-21 14:31:57,041 [Command processor thread] WARN  server.RaftServer (RaftServerProxy.java:remove(101)) - fe5d1211-9335-469c-958f-8182ca4380cf: does not contain group: group-A6456F420DE7
2021-05-21 14:31:57,042 [Command processor thread] ERROR commandhandler.ClosePipelineCommandHandler (ClosePipelineCommandHandler.java:handle(78)) - Can't close pipeline PipelineID=111fc486-be15-40a3-a63d-a6456f420de7
java.io.IOException: fe5d1211-9335-469c-958f-8182ca4380cf: Group group-A6456F420DE7 not found.
	at org.apache.hadoop.ozone.container.common.transport.server.ratis.XceiverServerRatis.removeGroup(XceiverServerRatis.java:826)
	at org.apache.hadoop.ozone.container.common.statemachine.commandhandler.ClosePipelineCommandHandler.handle(ClosePipelineCommandHandler.java:74)
	at org.apache.hadoop.ozone.container.common.statemachine.commandhandler.CommandDispatcher.handle(CommandDispatcher.java:99)
	at org.apache.hadoop.ozone.container.common.statemachine.DatanodeStateMachine.lambda$initCommandHandlerThread$2(DatanodeStateMachine.java:506)
	at java.lang.Thread.run(Thread.java:748)
Caused by: org.apache.ratis.protocol.exceptions.GroupMismatchException: fe5d1211-9335-469c-958f-8182ca4380cf: Group group-A6456F420DE7 not found.
	at org.apache.ratis.server.impl.RaftServerProxy.groupRemoveAsync(RaftServerProxy.java:504)
	at org.apache.ratis.server.impl.RaftServerProxy.groupManagementAsync(RaftServerProxy.java:460)
	at org.apache.ratis.server.impl.RaftServerProxy.groupManagement(RaftServerProxy.java:440)
	at org.apache.hadoop.ozone.container.common.transport.server.ratis.XceiverServerRatis.removeGroup(XceiverServerRatis.java:824)
	... 4 more
2021-05-21 14:31:57,042 [Command processor thread] WARN  server.RaftServer (RaftServerProxy.java:remove(101)) - fe5d1211-9335-469c-958f-8182ca4380cf: does not contain group: group-BDCF5B22EAA5
2021-05-21 14:31:57,042 [Command processor thread] ERROR commandhandler.ClosePipelineCommandHandler (ClosePipelineCommandHandler.java:handle(78)) - Can't close pipeline PipelineID=1e9b9852-7ad6-4ac5-b92a-bdcf5b22eaa5
java.io.IOException: fe5d1211-9335-469c-958f-8182ca4380cf: Group group-BDCF5B22EAA5 not found.
	at org.apache.hadoop.ozone.container.common.transport.server.ratis.XceiverServerRatis.removeGroup(XceiverServerRatis.java:826)
	at org.apache.hadoop.ozone.container.common.statemachine.commandhandler.ClosePipelineCommandHandler.handle(ClosePipelineCommandHandler.java:74)
	at org.apache.hadoop.ozone.container.common.statemachine.commandhandler.CommandDispatcher.handle(CommandDispatcher.java:99)
	at org.apache.hadoop.ozone.container.common.statemachine.DatanodeStateMachine.lambda$initCommandHandlerThread$2(DatanodeStateMachine.java:506)
	at java.lang.Thread.run(Thread.java:748)
Caused by: org.apache.ratis.protocol.exceptions.GroupMismatchException: fe5d1211-9335-469c-958f-8182ca4380cf: Group group-BDCF5B22EAA5 not found.
	at org.apache.ratis.server.impl.RaftServerProxy.groupRemoveAsync(RaftServerProxy.java:504)
	at org.apache.ratis.server.impl.RaftServerProxy.groupManagementAsync(RaftServerProxy.java:460)
	at org.apache.ratis.server.impl.RaftServerProxy.groupManagement(RaftServerProxy.java:440)
	at org.apache.hadoop.ozone.container.common.transport.server.ratis.XceiverServerRatis.removeGroup(XceiverServerRatis.java:824)
	... 4 more
2021-05-21 14:31:57,715 [DatanodeAdminManager-0] INFO  node.DatanodeAdminMonitorImpl (DatanodeAdminMonitorImpl.java:checkContainersReplicatedOnNode(297)) - fe5d1211-9335-469c-958f-8182ca4380cf{ip: 172.17.0.2, host: b766c8128f74, ports: [REPLICATION=41397, RATIS=40647, RATIS_ADMIN=40647, RATIS_SERVER=40647, STANDALONE=33787], networkLocation: /default-rack, certSerialId: null, persistedOpState: ENTERING_MAINTENANCE, persistedOpStateExpiryEpochSec: 0} has 0 sufficientlyReplicated, 3 underReplicated and 3 unhealthy containers
2021-05-21 14:31:57,716 [DatanodeAdminManager-0] INFO  node.DatanodeAdminMonitorImpl (DatanodeAdminMonitorImpl.java:checkContainersReplicatedOnNode(297)) - 1b7a9f1a-9a61-4565-a67b-2de79fff2a8e{ip: 172.17.0.2, host: b766c8128f74, ports: [REPLICATION=40105, RATIS=36135, RATIS_ADMIN=36135, RATIS_SERVER=36135, STANDALONE=46121], networkLocation: /default-rack, certSerialId: null, persistedOpState: ENTERING_MAINTENANCE, persistedOpStateExpiryEpochSec: 0} has 0 sufficientlyReplicated, 3 underReplicated and 3 unhealthy containers
2021-05-21 14:31:57,716 [DatanodeAdminManager-0] INFO  node.DatanodeAdminMonitorImpl (DatanodeAdminMonitorImpl.java:run(136)) - There are 3 nodes tracked for decommission and maintenance. 0 pending nodes.
2021-05-21 14:31:57,739 [ReplicationMonitor] INFO  container.ReplicationManager (ReplicationManager.java:handleUnderReplicatedContainer(768)) - Container #1 is under replicated. Expected replica count is 3, but found 2.
2021-05-21 14:31:57,739 [ReplicationMonitor] INFO  container.ReplicationManager (ReplicationManager.java:sendReplicateCommand(1028)) - Sending replicate container command for container #1 to datanode 9a82ec2f-9c54-4599-b9e4-0bab5ceba92f{ip: 172.17.0.2, host: b766c8128f74, ports: [REPLICATION=33745, RATIS=41073, RATIS_ADMIN=41073, RATIS_SERVER=41073, STANDALONE=37819], networkLocation: /default-rack, certSerialId: null, persistedOpState: IN_SERVICE, persistedOpStateExpiryEpochSec: 0} from datanodes [fe5d1211-9335-469c-958f-8182ca4380cf{ip: 172.17.0.2, host: b766c8128f74, ports: [REPLICATION=41397, RATIS=40647, RATIS_ADMIN=40647, RATIS_SERVER=40647, STANDALONE=33787], networkLocation: /default-rack, certSerialId: null, persistedOpState: ENTERING_MAINTENANCE, persistedOpStateExpiryEpochSec: 0}]
2021-05-21 14:31:57,740 [ReplicationMonitor] INFO  container.ReplicationManager (ReplicationManager.java:handleUnderReplicatedContainer(768)) - Container #2 is under replicated. Expected replica count is 3, but found 2.
2021-05-21 14:31:57,740 [ReplicationMonitor] INFO  container.ReplicationManager (ReplicationManager.java:sendReplicateCommand(1028)) - Sending replicate container command for container #2 to datanode 1fccea47-322e-4257-abe8-9dc7eb47081b{ip: 172.17.0.2, host: b766c8128f74, ports: [REPLICATION=33193, RATIS=46599, RATIS_ADMIN=46599, RATIS_SERVER=46599, STANDALONE=46545], networkLocation: /default-rack, certSerialId: null, persistedOpState: IN_SERVICE, persistedOpStateExpiryEpochSec: 0} from datanodes [fe5d1211-9335-469c-958f-8182ca4380cf{ip: 172.17.0.2, host: b766c8128f74, ports: [REPLICATION=41397, RATIS=40647, RATIS_ADMIN=40647, RATIS_SERVER=40647, STANDALONE=33787], networkLocation: /default-rack, certSerialId: null, persistedOpState: ENTERING_MAINTENANCE, persistedOpStateExpiryEpochSec: 0}]
2021-05-21 14:31:57,740 [ReplicationMonitor] INFO  container.ReplicationManager (ReplicationManager.java:handleUnderReplicatedContainer(768)) - Container #3 is under replicated. Expected replica count is 3, but found 2.
2021-05-21 14:31:57,740 [ReplicationMonitor] INFO  container.ReplicationManager (ReplicationManager.java:sendReplicateCommand(1028)) - Sending replicate container command for container #3 to datanode 14ea7ea1-b15f-48dc-ab0e-907b4acf42a4{ip: 172.17.0.2, host: b766c8128f74, ports: [REPLICATION=43283, RATIS=46343, RATIS_ADMIN=46343, RATIS_SERVER=46343, STANDALONE=36905], networkLocation: /default-rack, certSerialId: null, persistedOpState: IN_SERVICE, persistedOpStateExpiryEpochSec: 0} from datanodes [fe5d1211-9335-469c-958f-8182ca4380cf{ip: 172.17.0.2, host: b766c8128f74, ports: [REPLICATION=41397, RATIS=40647, RATIS_ADMIN=40647, RATIS_SERVER=40647, STANDALONE=33787], networkLocation: /default-rack, certSerialId: null, persistedOpState: ENTERING_MAINTENANCE, persistedOpStateExpiryEpochSec: 0}]
2021-05-21 14:31:57,741 [ReplicationMonitor] INFO  container.ReplicationManager (ReplicationManager.java:run(290)) - Replication Monitor Thread took 2 milliseconds for processing 3 containers.
2021-05-21 14:31:58,019 [IPC Server handler 14 on default port 45897] INFO  node.SCMNodeManager (SCMNodeManager.java:updateDatanodeOpState(437)) - Scheduling a command to update the operationalState persisted on 813e8fa6-b95f-4599-bf2c-d00dca9e2ee3{ip: 172.17.0.2, host: b766c8128f74, ports: [REPLICATION=45099, RATIS=43595, RATIS_ADMIN=43595, RATIS_SERVER=43595, STANDALONE=42879], networkLocation: /default-rack, certSerialId: null, persistedOpState: null, persistedOpStateExpiryEpochSec: 0} as the reported value does not match the value stored in SCM (ENTERING_MAINTENANCE, 0)
2021-05-21 14:31:58,053 [Command processor thread] WARN  server.RaftServer (RaftServerProxy.java:remove(101)) - 1b7a9f1a-9a61-4565-a67b-2de79fff2a8e: does not contain group: group-A6456F420DE7
2021-05-21 14:31:58,053 [Command processor thread] ERROR commandhandler.ClosePipelineCommandHandler (ClosePipelineCommandHandler.java:handle(78)) - Can't close pipeline PipelineID=111fc486-be15-40a3-a63d-a6456f420de7
java.io.IOException: 1b7a9f1a-9a61-4565-a67b-2de79fff2a8e: Group group-A6456F420DE7 not found.
	at org.apache.hadoop.ozone.container.common.transport.server.ratis.XceiverServerRatis.removeGroup(XceiverServerRatis.java:826)
	at org.apache.hadoop.ozone.container.common.statemachine.commandhandler.ClosePipelineCommandHandler.handle(ClosePipelineCommandHandler.java:74)
	at org.apache.hadoop.ozone.container.common.statemachine.commandhandler.CommandDispatcher.handle(CommandDispatcher.java:99)
	at org.apache.hadoop.ozone.container.common.statemachine.DatanodeStateMachine.lambda$initCommandHandlerThread$2(DatanodeStateMachine.java:506)
	at java.lang.Thread.run(Thread.java:748)
Caused by: org.apache.ratis.protocol.exceptions.GroupMismatchException: 1b7a9f1a-9a61-4565-a67b-2de79fff2a8e: Group group-A6456F420DE7 not found.
	at org.apache.ratis.server.impl.RaftServerProxy.groupRemoveAsync(RaftServerProxy.java:504)
	at org.apache.ratis.server.impl.RaftServerProxy.groupManagementAsync(RaftServerProxy.java:460)
	at org.apache.ratis.server.impl.RaftServerProxy.groupManagement(RaftServerProxy.java:440)
	at org.apache.hadoop.ozone.container.common.transport.server.ratis.XceiverServerRatis.removeGroup(XceiverServerRatis.java:824)
	... 4 more
2021-05-21 14:31:58,053 [Command processor thread] WARN  server.RaftServer (RaftServerProxy.java:remove(101)) - 1b7a9f1a-9a61-4565-a67b-2de79fff2a8e: does not contain group: group-1B5315FD9401
2021-05-21 14:31:58,053 [Command processor thread] ERROR commandhandler.ClosePipelineCommandHandler (ClosePipelineCommandHandler.java:handle(78)) - Can't close pipeline PipelineID=64bacc7c-a074-4dc3-af42-1b5315fd9401
java.io.IOException: 1b7a9f1a-9a61-4565-a67b-2de79fff2a8e: Group group-1B5315FD9401 not found.
	at org.apache.hadoop.ozone.container.common.transport.server.ratis.XceiverServerRatis.removeGroup(XceiverServerRatis.java:826)
	at org.apache.hadoop.ozone.container.common.statemachine.commandhandler.ClosePipelineCommandHandler.handle(ClosePipelineCommandHandler.java:74)
	at org.apache.hadoop.ozone.container.common.statemachine.commandhandler.CommandDispatcher.handle(CommandDispatcher.java:99)
	at org.apache.hadoop.ozone.container.common.statemachine.DatanodeStateMachine.lambda$initCommandHandlerThread$2(DatanodeStateMachine.java:506)
	at java.lang.Thread.run(Thread.java:748)
Caused by: org.apache.ratis.protocol.exceptions.GroupMismatchException: 1b7a9f1a-9a61-4565-a67b-2de79fff2a8e: Group group-1B5315FD9401 not found.
	at org.apache.ratis.server.impl.RaftServerProxy.groupRemoveAsync(RaftServerProxy.java:504)
	at org.apache.ratis.server.impl.RaftServerProxy.groupManagementAsync(RaftServerProxy.java:460)
	at org.apache.ratis.server.impl.RaftServerProxy.groupManagement(RaftServerProxy.java:440)
	at org.apache.hadoop.ozone.container.common.transport.server.ratis.XceiverServerRatis.removeGroup(XceiverServerRatis.java:824)
	... 4 more
2021-05-21 14:31:58,053 [Command processor thread] INFO  keyvalue.KeyValueContainer (KeyValueContainer.java:flushAndSyncDB(393)) - Container 3 is synced with bcsId 66.
2021-05-21 14:31:58,053 [Command processor thread] INFO  keyvalue.KeyValueContainer (KeyValueContainer.java:flushAndSyncDB(393)) - Container 3 is synced with bcsId 66.
2021-05-21 14:31:58,055 [Command processor thread] INFO  keyvalue.KeyValueContainer (KeyValueContainer.java:close(330)) - Container 3 is closed with bcsId 66.
2021-05-21 14:31:58,055 [Command processor thread] WARN  server.RaftServer (RaftServerProxy.java:remove(101)) - 1b7a9f1a-9a61-4565-a67b-2de79fff2a8e: does not contain group: group-A6456F420DE7
2021-05-21 14:31:58,056 [Command processor thread] ERROR commandhandler.ClosePipelineCommandHandler (ClosePipelineCommandHandler.java:handle(78)) - Can't close pipeline PipelineID=111fc486-be15-40a3-a63d-a6456f420de7
java.io.IOException: 1b7a9f1a-9a61-4565-a67b-2de79fff2a8e: Group group-A6456F420DE7 not found.
	at org.apache.hadoop.ozone.container.common.transport.server.ratis.XceiverServerRatis.removeGroup(XceiverServerRatis.java:826)
	at org.apache.hadoop.ozone.container.common.statemachine.commandhandler.ClosePipelineCommandHandler.handle(ClosePipelineCommandHandler.java:74)
	at org.apache.hadoop.ozone.container.common.statemachine.commandhandler.CommandDispatcher.handle(CommandDispatcher.java:99)
	at org.apache.hadoop.ozone.container.common.statemachine.DatanodeStateMachine.lambda$initCommandHandlerThread$2(DatanodeStateMachine.java:506)
	at java.lang.Thread.run(Thread.java:748)
Caused by: org.apache.ratis.protocol.exceptions.GroupMismatchException: 1b7a9f1a-9a61-4565-a67b-2de79fff2a8e: Group group-A6456F420DE7 not found.
	at org.apache.ratis.server.impl.RaftServerProxy.groupRemoveAsync(RaftServerProxy.java:504)
	at org.apache.ratis.server.impl.RaftServerProxy.groupManagementAsync(RaftServerProxy.java:460)
	at org.apache.ratis.server.impl.RaftServerProxy.groupManagement(RaftServerProxy.java:440)
	at org.apache.hadoop.ozone.container.common.transport.server.ratis.XceiverServerRatis.removeGroup(XceiverServerRatis.java:824)
	... 4 more
2021-05-21 14:31:58,056 [EventQueue-IncrementalContainerReportForIncrementalContainerReportHandler] INFO  container.IncrementalContainerReportHandler (AbstractContainerReportHandler.java:updateContainerState(249)) - Moving container #3 to CLOSED state, datanode 1b7a9f1a-9a61-4565-a67b-2de79fff2a8e{ip: 172.17.0.2, host: b766c8128f74, ports: [REPLICATION=40105, RATIS=36135, RATIS_ADMIN=36135, RATIS_SERVER=36135, STANDALONE=46121], networkLocation: /default-rack, certSerialId: null, persistedOpState: ENTERING_MAINTENANCE, persistedOpStateExpiryEpochSec: 0} reported CLOSED replica.
2021-05-21 14:31:58,056 [Command processor thread] WARN  server.RaftServer (RaftServerProxy.java:remove(101)) - 1b7a9f1a-9a61-4565-a67b-2de79fff2a8e: does not contain group: group-1B5315FD9401
2021-05-21 14:31:58,056 [Command processor thread] ERROR commandhandler.ClosePipelineCommandHandler (ClosePipelineCommandHandler.java:handle(78)) - Can't close pipeline PipelineID=64bacc7c-a074-4dc3-af42-1b5315fd9401
java.io.IOException: 1b7a9f1a-9a61-4565-a67b-2de79fff2a8e: Group group-1B5315FD9401 not found.
	at org.apache.hadoop.ozone.container.common.transport.server.ratis.XceiverServerRatis.removeGroup(XceiverServerRatis.java:826)
	at org.apache.hadoop.ozone.container.common.statemachine.commandhandler.ClosePipelineCommandHandler.handle(ClosePipelineCommandHandler.java:74)
	at org.apache.hadoop.ozone.container.common.statemachine.commandhandler.CommandDispatcher.handle(CommandDispatcher.java:99)
	at org.apache.hadoop.ozone.container.common.statemachine.DatanodeStateMachine.lambda$initCommandHandlerThread$2(DatanodeStateMachine.java:506)
	at java.lang.Thread.run(Thread.java:748)
Caused by: org.apache.ratis.protocol.exceptions.GroupMismatchException: 1b7a9f1a-9a61-4565-a67b-2de79fff2a8e: Group group-1B5315FD9401 not found.
	at org.apache.ratis.server.impl.RaftServerProxy.groupRemoveAsync(RaftServerProxy.java:504)
	at org.apache.ratis.server.impl.RaftServerProxy.groupManagementAsync(RaftServerProxy.java:460)
	at org.apache.ratis.server.impl.RaftServerProxy.groupManagement(RaftServerProxy.java:440)
	at org.apache.hadoop.ozone.container.common.transport.server.ratis.XceiverServerRatis.removeGroup(XceiverServerRatis.java:824)
	... 4 more
2021-05-21 14:31:58,538 [1fccea47-322e-4257-abe8-9dc7eb47081b@group-A699E101D9F1-FollowerState] INFO  impl.FollowerState (FollowerState.java:run(134)) - 1fccea47-322e-4257-abe8-9dc7eb47081b@group-A699E101D9F1-FollowerState: change to CANDIDATE, lastRpcElapsedTime:5084419799ns, electionTimeout:5080ms
2021-05-21 14:31:58,539 [1fccea47-322e-4257-abe8-9dc7eb47081b@group-A699E101D9F1-FollowerState] INFO  impl.RoleInfo (RoleInfo.java:shutdownFollowerState(108)) - 1fccea47-322e-4257-abe8-9dc7eb47081b: shutdown 1fccea47-322e-4257-abe8-9dc7eb47081b@group-A699E101D9F1-FollowerState
2021-05-21 14:31:58,539 [1fccea47-322e-4257-abe8-9dc7eb47081b@group-A699E101D9F1-FollowerState] INFO  server.RaftServer$Division (RaftServerImpl.java:setRole(284)) - 1fccea47-322e-4257-abe8-9dc7eb47081b@group-A699E101D9F1: changes role from  FOLLOWER to CANDIDATE at term 2 for changeToCandidate
2021-05-21 14:31:58,539 [1fccea47-322e-4257-abe8-9dc7eb47081b@group-A699E101D9F1-FollowerState] INFO  server.RaftServerConfigKeys (ConfUtils.java:logGet(44)) - raft.server.leaderelection.pre-vote = false (custom)
2021-05-21 14:31:58,539 [1fccea47-322e-4257-abe8-9dc7eb47081b@group-A699E101D9F1-FollowerState] INFO  impl.RoleInfo (RoleInfo.java:updateAndGet(130)) - 1fccea47-322e-4257-abe8-9dc7eb47081b: start 1fccea47-322e-4257-abe8-9dc7eb47081b@group-A699E101D9F1-LeaderElection29
2021-05-21 14:31:58,540 [1fccea47-322e-4257-abe8-9dc7eb47081b@group-A699E101D9F1-LeaderElection29] INFO  impl.LeaderElection (LeaderElection.java:askForVotes(306)) - 1fccea47-322e-4257-abe8-9dc7eb47081b@group-A699E101D9F1-LeaderElection29 ELECTION round 0: submit vote requests at term 3 for -1: [9a82ec2f-9c54-4599-b9e4-0bab5ceba92f|rpc:172.17.0.2:41073|dataStream:|priority:0, 1fccea47-322e-4257-abe8-9dc7eb47081b|rpc:172.17.0.2:46599|dataStream:|priority:1, 14ea7ea1-b15f-48dc-ab0e-907b4acf42a4|rpc:172.17.0.2:46343|dataStream:|priority:0], old=null
2021-05-21 14:31:58,550 [grpc-default-executor-1] INFO  server.RaftServer$Division (RaftServerImpl.java:requestVote(1042)) - 9a82ec2f-9c54-4599-b9e4-0bab5ceba92f@group-A699E101D9F1: receive requestVote(ELECTION, 1fccea47-322e-4257-abe8-9dc7eb47081b, group-A699E101D9F1, 3, (t:0, i:0))
2021-05-21 14:31:58,550 [grpc-default-executor-1] INFO  impl.VoteContext (VoteContext.java:log(48)) - 9a82ec2f-9c54-4599-b9e4-0bab5ceba92f@group-A699E101D9F1-FOLLOWER: accept ELECTION from 1fccea47-322e-4257-abe8-9dc7eb47081b: our priority 0 <= candidate's priority 1
2021-05-21 14:31:58,550 [grpc-default-executor-1] INFO  server.RaftServer$Division (RaftServerImpl.java:setRole(284)) - 9a82ec2f-9c54-4599-b9e4-0bab5ceba92f@group-A699E101D9F1: changes role from  FOLLOWER to FOLLOWER at term 3 for candidate:1fccea47-322e-4257-abe8-9dc7eb47081b
2021-05-21 14:31:58,550 [grpc-default-executor-1] INFO  impl.RoleInfo (RoleInfo.java:shutdownFollowerState(108)) - 9a82ec2f-9c54-4599-b9e4-0bab5ceba92f: shutdown 9a82ec2f-9c54-4599-b9e4-0bab5ceba92f@group-A699E101D9F1-FollowerState
2021-05-21 14:31:58,550 [grpc-default-executor-1] INFO  impl.RoleInfo (RoleInfo.java:updateAndGet(130)) - 9a82ec2f-9c54-4599-b9e4-0bab5ceba92f: start 9a82ec2f-9c54-4599-b9e4-0bab5ceba92f@group-A699E101D9F1-FollowerState
2021-05-21 14:31:58,550 [9a82ec2f-9c54-4599-b9e4-0bab5ceba92f@group-A699E101D9F1-FollowerState] INFO  impl.FollowerState (FollowerState.java:run(143)) - 9a82ec2f-9c54-4599-b9e4-0bab5ceba92f@group-A699E101D9F1-FollowerState was interrupted: {}
java.lang.InterruptedException: sleep interrupted
	at java.lang.Thread.sleep(Native Method)
	at java.lang.Thread.sleep(Thread.java:340)
	at java.util.concurrent.TimeUnit.sleep(TimeUnit.java:386)
	at org.apache.ratis.util.TimeDuration.sleep(TimeDuration.java:324)
	at org.apache.ratis.util.TimeDuration.sleep(TimeDuration.java:309)
	at org.apache.ratis.server.impl.FollowerState.run(FollowerState.java:118)
2021-05-21 14:31:58,553 [grpc-default-executor-1] INFO  server.RaftServer$Division (RaftServerImpl.java:requestVote(1074)) - 9a82ec2f-9c54-4599-b9e4-0bab5ceba92f@group-A699E101D9F1 replies to ELECTION vote request: 1fccea47-322e-4257-abe8-9dc7eb47081b<-9a82ec2f-9c54-4599-b9e4-0bab5ceba92f#0:OK-t3. Peer's state: 9a82ec2f-9c54-4599-b9e4-0bab5ceba92f@group-A699E101D9F1:t3, leader=null, voted=1fccea47-322e-4257-abe8-9dc7eb47081b, raftlog=9a82ec2f-9c54-4599-b9e4-0bab5ceba92f@group-A699E101D9F1-SegmentedRaftLog:OPENED:c-1,f-1,i0, conf=-1: [9a82ec2f-9c54-4599-b9e4-0bab5ceba92f|rpc:172.17.0.2:41073|dataStream:|priority:0, 1fccea47-322e-4257-abe8-9dc7eb47081b|rpc:172.17.0.2:46599|dataStream:|priority:1, 14ea7ea1-b15f-48dc-ab0e-907b4acf42a4|rpc:172.17.0.2:46343|dataStream:|priority:0], old=null
2021-05-21 14:31:58,558 [grpc-default-executor-1] INFO  metrics.RatisMetrics (RatisMetrics.java:lambda$create$0(36)) - Creating Metrics Registry : ratis.server_message_metrics.14ea7ea1-b15f-48dc-ab0e-907b4acf42a4
2021-05-21 14:31:58,559 [1fccea47-322e-4257-abe8-9dc7eb47081b@group-A699E101D9F1-LeaderElection29] INFO  impl.LeaderElection (LeaderElection.java:logAndReturn(89)) - 1fccea47-322e-4257-abe8-9dc7eb47081b@group-A699E101D9F1-LeaderElection29: ELECTION PASSED received 1 response(s) and 0 exception(s):
2021-05-21 14:31:58,559 [1fccea47-322e-4257-abe8-9dc7eb47081b@group-A699E101D9F1-LeaderElection29] INFO  impl.LeaderElection (LeaderElection.java:logAndReturn(93)) -   Response 0: 1fccea47-322e-4257-abe8-9dc7eb47081b<-9a82ec2f-9c54-4599-b9e4-0bab5ceba92f#0:OK-t3
2021-05-21 14:31:58,560 [1fccea47-322e-4257-abe8-9dc7eb47081b@group-A699E101D9F1-LeaderElection29] INFO  impl.LeaderElection (LeaderElection.java:askForVotes(308)) - 1fccea47-322e-4257-abe8-9dc7eb47081b@group-A699E101D9F1-LeaderElection29 ELECTION round 0: result PASSED
2021-05-21 14:31:58,560 [1fccea47-322e-4257-abe8-9dc7eb47081b@group-A699E101D9F1-LeaderElection29] INFO  impl.RoleInfo (RoleInfo.java:shutdownLeaderElection(121)) - 1fccea47-322e-4257-abe8-9dc7eb47081b: shutdown 1fccea47-322e-4257-abe8-9dc7eb47081b@group-A699E101D9F1-LeaderElection29
2021-05-21 14:31:58,564 [1fccea47-322e-4257-abe8-9dc7eb47081b@group-A699E101D9F1-LeaderElection29] INFO  server.RaftServer$Division (RaftServerImpl.java:setRole(284)) - 1fccea47-322e-4257-abe8-9dc7eb47081b@group-A699E101D9F1: changes role from CANDIDATE to LEADER at term 3 for changeToLeader
2021-05-21 14:31:58,564 [grpc-default-executor-1] INFO  server.RaftServer$Division (RaftServerImpl.java:requestVote(1042)) - 14ea7ea1-b15f-48dc-ab0e-907b4acf42a4@group-A699E101D9F1: receive requestVote(ELECTION, 1fccea47-322e-4257-abe8-9dc7eb47081b, group-A699E101D9F1, 3, (t:0, i:0))
2021-05-21 14:31:58,564 [1fccea47-322e-4257-abe8-9dc7eb47081b@group-A699E101D9F1-LeaderElection29] INFO  ratis.XceiverServerRatis (XceiverServerRatis.java:handleLeaderChangedNotification(906)) - Leader change notification received for group: group-A699E101D9F1 with new leaderId: 1fccea47-322e-4257-abe8-9dc7eb47081b
2021-05-21 14:31:58,564 [grpc-default-executor-1] INFO  impl.VoteContext (VoteContext.java:log(48)) - 14ea7ea1-b15f-48dc-ab0e-907b4acf42a4@group-A699E101D9F1-FOLLOWER: accept ELECTION from 1fccea47-322e-4257-abe8-9dc7eb47081b: our priority 0 <= candidate's priority 1
2021-05-21 14:31:58,565 [grpc-default-executor-1] INFO  server.RaftServer$Division (RaftServerImpl.java:setRole(284)) - 14ea7ea1-b15f-48dc-ab0e-907b4acf42a4@group-A699E101D9F1: changes role from  FOLLOWER to FOLLOWER at term 3 for candidate:1fccea47-322e-4257-abe8-9dc7eb47081b
2021-05-21 14:31:58,565 [grpc-default-executor-1] INFO  impl.RoleInfo (RoleInfo.java:shutdownFollowerState(108)) - 14ea7ea1-b15f-48dc-ab0e-907b4acf42a4: shutdown 14ea7ea1-b15f-48dc-ab0e-907b4acf42a4@group-A699E101D9F1-FollowerState
2021-05-21 14:31:58,565 [1fccea47-322e-4257-abe8-9dc7eb47081b@group-A699E101D9F1-LeaderElection29] INFO  server.RaftServer$Division (ServerState.java:setLeader(271)) - 1fccea47-322e-4257-abe8-9dc7eb47081b@group-A699E101D9F1: change Leader from null to 1fccea47-322e-4257-abe8-9dc7eb47081b at term 3 for becomeLeader, leader elected after 15191ms
2021-05-21 14:31:58,565 [1fccea47-322e-4257-abe8-9dc7eb47081b@group-A699E101D9F1-LeaderElection29] INFO  server.RaftServerConfigKeys (ConfUtils.java:logGet(44)) - raft.server.staging.catchup.gap = 1000 (default)
2021-05-21 14:31:58,565 [1fccea47-322e-4257-abe8-9dc7eb47081b@group-A699E101D9F1-LeaderElection29] INFO  metrics.RatisMetrics (RatisMetrics.java:lambda$create$0(36)) - Creating Metrics Registry : ratis.log_appender.1fccea47-322e-4257-abe8-9dc7eb47081b@group-A699E101D9F1
2021-05-21 14:31:58,565 [1fccea47-322e-4257-abe8-9dc7eb47081b@group-A699E101D9F1-LeaderElection29] INFO  server.RaftServerConfigKeys (ConfUtils.java:logGet(44)) - raft.server.write.element-limit = 1024 (custom)
2021-05-21 14:31:58,566 [EventQueue-PipelineReportForPipelineReportHandler] INFO  pipeline.PipelineManagerV2Impl (PipelineManagerV2Impl.java:openPipeline(270)) - Pipeline Pipeline[ Id: 7006a065-fc81-4c52-9aec-a699e101d9f1, Nodes: 1fccea47-322e-4257-abe8-9dc7eb47081b{ip: 172.17.0.2, host: b766c8128f74, ports: [REPLICATION=33193, RATIS=46599, RATIS_ADMIN=46599, RATIS_SERVER=46599, STANDALONE=46545], networkLocation: /default-rack, certSerialId: null, persistedOpState: IN_SERVICE, persistedOpStateExpiryEpochSec: 0}9a82ec2f-9c54-4599-b9e4-0bab5ceba92f{ip: 172.17.0.2, host: b766c8128f74, ports: [REPLICATION=33745, RATIS=41073, RATIS_ADMIN=41073, RATIS_SERVER=41073, STANDALONE=37819], networkLocation: /default-rack, certSerialId: null, persistedOpState: IN_SERVICE, persistedOpStateExpiryEpochSec: 0}14ea7ea1-b15f-48dc-ab0e-907b4acf42a4{ip: 172.17.0.2, host: b766c8128f74, ports: [REPLICATION=43283, RATIS=46343, RATIS_ADMIN=46343, RATIS_SERVER=46343, STANDALONE=36905], networkLocation: /default-rack, certSerialId: null, persistedOpState: IN_SERVICE, persistedOpStateExpiryEpochSec: 0}, ReplicationConfig: RATIS/THREE, State:ALLOCATED, leaderId:1fccea47-322e-4257-abe8-9dc7eb47081b, CreationTimestamp2021-05-21T14:31:40.941Z] moved to OPEN state
2021-05-21 14:31:58,566 [1fccea47-322e-4257-abe8-9dc7eb47081b@group-A699E101D9F1-LeaderElection29] INFO  server.RaftServerConfigKeys (ConfUtils.java:logGet(44)) - raft.server.write.byte-limit = 1073741824 (custom)
2021-05-21 14:31:58,566 [14ea7ea1-b15f-48dc-ab0e-907b4acf42a4@group-A699E101D9F1-FollowerState] INFO  impl.FollowerState (FollowerState.java:run(143)) - 14ea7ea1-b15f-48dc-ab0e-907b4acf42a4@group-A699E101D9F1-FollowerState was interrupted: {}
java.lang.InterruptedException: sleep interrupted
	at java.lang.Thread.sleep(Native Method)
	at java.lang.Thread.sleep(Thread.java:340)
	at java.util.concurrent.TimeUnit.sleep(TimeUnit.java:386)
	at org.apache.ratis.util.TimeDuration.sleep(TimeDuration.java:324)
	at org.apache.ratis.util.TimeDuration.sleep(TimeDuration.java:309)
	at org.apache.ratis.server.impl.FollowerState.run(FollowerState.java:118)
2021-05-21 14:31:58,566 [grpc-default-executor-1] INFO  impl.RoleInfo (RoleInfo.java:updateAndGet(130)) - 14ea7ea1-b15f-48dc-ab0e-907b4acf42a4: start 14ea7ea1-b15f-48dc-ab0e-907b4acf42a4@group-A699E101D9F1-FollowerState
2021-05-21 14:31:58,566 [1fccea47-322e-4257-abe8-9dc7eb47081b@group-A699E101D9F1-LeaderElection29] INFO  server.RaftServerConfigKeys (ConfUtils.java:logGet(44)) - raft.server.watch.timeout = 180s (custom)
2021-05-21 14:31:58,567 [1fccea47-322e-4257-abe8-9dc7eb47081b@group-A699E101D9F1-LeaderElection29] INFO  server.RaftServerConfigKeys (ConfUtils.java:logGet(44)) - raft.server.watch.timeout.denomination = 1s (default)
2021-05-21 14:31:58,567 [1fccea47-322e-4257-abe8-9dc7eb47081b@group-A699E101D9F1-LeaderElection29] INFO  server.RaftServerConfigKeys (ConfUtils.java:logGet(44)) - raft.server.watch.element-limit = 65536 (default)
2021-05-21 14:31:58,567 [1fccea47-322e-4257-abe8-9dc7eb47081b@group-A699E101D9F1-LeaderElection29] INFO  server.RaftServerConfigKeys (ConfUtils.java:logGet(44)) - raft.server.log.appender.snapshot.chunk.size.max = 16MB (=16777216) (default)
2021-05-21 14:31:58,567 [1fccea47-322e-4257-abe8-9dc7eb47081b@group-A699E101D9F1-LeaderElection29] INFO  server.RaftServerConfigKeys (ConfUtils.java:logGet(44)) - raft.server.log.appender.buffer.byte-limit = 33554432 (custom)
2021-05-21 14:31:58,567 [1fccea47-322e-4257-abe8-9dc7eb47081b@group-A699E101D9F1-LeaderElection29] INFO  server.RaftServerConfigKeys (ConfUtils.java:logGet(44)) - raft.server.log.appender.buffer.element-limit = 1 (custom)
2021-05-21 14:31:58,573 [1fccea47-322e-4257-abe8-9dc7eb47081b@group-A699E101D9F1-LeaderElection29] INFO  grpc.GrpcConfigKeys (ConfUtils.java:logGet(44)) - raft.grpc.server.leader.outstanding.appends.max = 128 (default)
2021-05-21 14:31:58,577 [1fccea47-322e-4257-abe8-9dc7eb47081b@group-A699E101D9F1-LeaderElection29] INFO  server.RaftServerConfigKeys (ConfUtils.java:logGet(44)) - raft.server.rpc.request.timeout = 60s (custom)
2021-05-21 14:31:58,577 [1fccea47-322e-4257-abe8-9dc7eb47081b@group-A699E101D9F1-LeaderElection29] INFO  server.RaftServerConfigKeys (ConfUtils.java:logGet(44)) - raft.server.log.appender.install.snapshot.enabled = false (custom)
2021-05-21 14:31:58,577 [1fccea47-322e-4257-abe8-9dc7eb47081b@group-A699E101D9F1-LeaderElection29] INFO  metrics.RatisMetrics (RatisMetrics.java:lambda$create$0(36)) - Creating Metrics Registry : ratis_grpc.log_appender.1fccea47-322e-4257-abe8-9dc7eb47081b@group-A699E101D9F1
2021-05-21 14:31:58,578 [1fccea47-322e-4257-abe8-9dc7eb47081b@group-A699E101D9F1-LeaderElection29] INFO  server.RaftServerConfigKeys (ConfUtils.java:logGet(44)) - raft.server.log.appender.snapshot.chunk.size.max = 16MB (=16777216) (default)
2021-05-21 14:31:58,578 [1fccea47-322e-4257-abe8-9dc7eb47081b@group-A699E101D9F1-LeaderElection29] INFO  server.RaftServerConfigKeys (ConfUtils.java:logGet(44)) - raft.server.log.appender.buffer.byte-limit = 33554432 (custom)
2021-05-21 14:31:58,579 [1fccea47-322e-4257-abe8-9dc7eb47081b@group-A699E101D9F1-LeaderElection29] INFO  server.RaftServerConfigKeys (ConfUtils.java:logGet(44)) - raft.server.log.appender.buffer.element-limit = 1 (custom)
2021-05-21 14:31:58,579 [1fccea47-322e-4257-abe8-9dc7eb47081b@group-A699E101D9F1-LeaderElection29] INFO  grpc.GrpcConfigKeys (ConfUtils.java:logGet(44)) - raft.grpc.server.leader.outstanding.appends.max = 128 (default)
2021-05-21 14:31:58,579 [1fccea47-322e-4257-abe8-9dc7eb47081b@group-A699E101D9F1-LeaderElection29] INFO  server.RaftServerConfigKeys (ConfUtils.java:logGet(44)) - raft.server.rpc.request.timeout = 60s (custom)
2021-05-21 14:31:58,579 [1fccea47-322e-4257-abe8-9dc7eb47081b@group-A699E101D9F1-LeaderElection29] INFO  server.RaftServerConfigKeys (ConfUtils.java:logGet(44)) - raft.server.log.appender.install.snapshot.enabled = false (custom)
2021-05-21 14:31:58,580 [1fccea47-322e-4257-abe8-9dc7eb47081b@group-A699E101D9F1-LeaderElection29] INFO  impl.RoleInfo (RoleInfo.java:updateAndGet(130)) - 1fccea47-322e-4257-abe8-9dc7eb47081b: start 1fccea47-322e-4257-abe8-9dc7eb47081b@group-A699E101D9F1-LeaderStateImpl
2021-05-21 14:31:58,577 [grpc-default-executor-1] INFO  server.RaftServer$Division (RaftServerImpl.java:requestVote(1074)) - 14ea7ea1-b15f-48dc-ab0e-907b4acf42a4@group-A699E101D9F1 replies to ELECTION vote request: 1fccea47-322e-4257-abe8-9dc7eb47081b<-14ea7ea1-b15f-48dc-ab0e-907b4acf42a4#0:OK-t3. Peer's state: 14ea7ea1-b15f-48dc-ab0e-907b4acf42a4@group-A699E101D9F1:t3, leader=null, voted=1fccea47-322e-4257-abe8-9dc7eb47081b, raftlog=14ea7ea1-b15f-48dc-ab0e-907b4acf42a4@group-A699E101D9F1-SegmentedRaftLog:OPENED:c-1,f-1,i0, conf=-1: [9a82ec2f-9c54-4599-b9e4-0bab5ceba92f|rpc:172.17.0.2:41073|priority:0, 1fccea47-322e-4257-abe8-9dc7eb47081b|rpc:172.17.0.2:46599|priority:1, 14ea7ea1-b15f-48dc-ab0e-907b4acf42a4|rpc:172.17.0.2:46343|priority:0], old=null
2021-05-21 14:31:58,581 [1fccea47-322e-4257-abe8-9dc7eb47081b@group-A699E101D9F1-LeaderElection29] INFO  segmented.SegmentedRaftLogWorker (SegmentedRaftLogWorker.java:startLogSegment(394)) - 1fccea47-322e-4257-abe8-9dc7eb47081b@group-A699E101D9F1-SegmentedRaftLogWorker: Starting segment from index:0
2021-05-21 14:31:58,582 [1fccea47-322e-4257-abe8-9dc7eb47081b@group-A699E101D9F1-SegmentedRaftLogWorker] INFO  segmented.SegmentedRaftLogWorker (SegmentedRaftLogWorker.java:execute(601)) - 1fccea47-322e-4257-abe8-9dc7eb47081b@group-A699E101D9F1-SegmentedRaftLogWorker: created new log segment /github/workspace/mnt/ozone/hadoop-ozone/integration-test/target/test-dir/MiniOzoneClusterImpl-22464894-f501-479f-ae18-3fb6cdd505c4/datanode-2/data/ratis/7006a065-fc81-4c52-9aec-a699e101d9f1/current/log_inprogress_0
2021-05-21 14:31:58,592 [grpc-default-executor-1] INFO  ratis.XceiverServerRatis (XceiverServerRatis.java:handleLeaderChangedNotification(906)) - Leader change notification received for group: group-A699E101D9F1 with new leaderId: 1fccea47-322e-4257-abe8-9dc7eb47081b
2021-05-21 14:31:58,592 [grpc-default-executor-1] INFO  server.RaftServer$Division (ServerState.java:setLeader(271)) - 9a82ec2f-9c54-4599-b9e4-0bab5ceba92f@group-A699E101D9F1: change Leader from null to 1fccea47-322e-4257-abe8-9dc7eb47081b at term 3 for appendEntries, leader elected after 15170ms
2021-05-21 14:31:58,594 [1fccea47-322e-4257-abe8-9dc7eb47081b@group-A699E101D9F1-LeaderElection29] INFO  server.RaftServer$Division (ServerState.java:setRaftConf(373)) - 1fccea47-322e-4257-abe8-9dc7eb47081b@group-A699E101D9F1: set configuration 0: [9a82ec2f-9c54-4599-b9e4-0bab5ceba92f|rpc:172.17.0.2:41073|dataStream:|priority:0, 1fccea47-322e-4257-abe8-9dc7eb47081b|rpc:172.17.0.2:46599|dataStream:|priority:1, 14ea7ea1-b15f-48dc-ab0e-907b4acf42a4|rpc:172.17.0.2:46343|dataStream:|priority:0], old=null
2021-05-21 14:31:58,598 [grpc-default-executor-1] INFO  server.RaftServer$Division (ServerState.java:setRaftConf(373)) - 9a82ec2f-9c54-4599-b9e4-0bab5ceba92f@group-A699E101D9F1: set configuration 0: [9a82ec2f-9c54-4599-b9e4-0bab5ceba92f|rpc:172.17.0.2:41073|dataStream:|priority:0, 1fccea47-322e-4257-abe8-9dc7eb47081b|rpc:172.17.0.2:46599|dataStream:|priority:1, 14ea7ea1-b15f-48dc-ab0e-907b4acf42a4|rpc:172.17.0.2:46343|dataStream:|priority:0], old=null
2021-05-21 14:31:58,598 [grpc-default-executor-1] INFO  segmented.SegmentedRaftLogWorker (SegmentedRaftLogWorker.java:startLogSegment(394)) - 9a82ec2f-9c54-4599-b9e4-0bab5ceba92f@group-A699E101D9F1-SegmentedRaftLogWorker: Starting segment from index:0
2021-05-21 14:31:58,599 [9a82ec2f-9c54-4599-b9e4-0bab5ceba92f@group-A699E101D9F1-SegmentedRaftLogWorker] INFO  segmented.SegmentedRaftLogWorker (SegmentedRaftLogWorker.java:execute(601)) - 9a82ec2f-9c54-4599-b9e4-0bab5ceba92f@group-A699E101D9F1-SegmentedRaftLogWorker: created new log segment /github/workspace/mnt/ozone/hadoop-ozone/integration-test/target/test-dir/MiniOzoneClusterImpl-22464894-f501-479f-ae18-3fb6cdd505c4/datanode-1/data/ratis/7006a065-fc81-4c52-9aec-a699e101d9f1/current/log_inprogress_0
2021-05-21 14:31:58,603 [grpc-default-executor-1] INFO  ratis.XceiverServerRatis (XceiverServerRatis.java:handleLeaderChangedNotification(906)) - Leader change notification received for group: group-A699E101D9F1 with new leaderId: 1fccea47-322e-4257-abe8-9dc7eb47081b
2021-05-21 14:31:58,603 [grpc-default-executor-1] INFO  server.RaftServer$Division (ServerState.java:setLeader(271)) - 14ea7ea1-b15f-48dc-ab0e-907b4acf42a4@group-A699E101D9F1: change Leader from null to 1fccea47-322e-4257-abe8-9dc7eb47081b at term 3 for appendEntries, leader elected after 15254ms
2021-05-21 14:31:58,611 [grpc-default-executor-1] INFO  server.RaftServer$Division (ServerState.java:setRaftConf(373)) - 14ea7ea1-b15f-48dc-ab0e-907b4acf42a4@group-A699E101D9F1: set configuration 0: [9a82ec2f-9c54-4599-b9e4-0bab5ceba92f|rpc:172.17.0.2:41073|dataStream:|priority:0, 1fccea47-322e-4257-abe8-9dc7eb47081b|rpc:172.17.0.2:46599|dataStream:|priority:1, 14ea7ea1-b15f-48dc-ab0e-907b4acf42a4|rpc:172.17.0.2:46343|dataStream:|priority:0], old=null
2021-05-21 14:31:58,611 [grpc-default-executor-1] INFO  segmented.SegmentedRaftLogWorker (SegmentedRaftLogWorker.java:startLogSegment(394)) - 14ea7ea1-b15f-48dc-ab0e-907b4acf42a4@group-A699E101D9F1-SegmentedRaftLogWorker: Starting segment from index:0
2021-05-21 14:31:58,612 [14ea7ea1-b15f-48dc-ab0e-907b4acf42a4@group-A699E101D9F1-SegmentedRaftLogWorker] INFO  segmented.SegmentedRaftLogWorker (SegmentedRaftLogWorker.java:execute(601)) - 14ea7ea1-b15f-48dc-ab0e-907b4acf42a4@group-A699E101D9F1-SegmentedRaftLogWorker: created new log segment /github/workspace/mnt/ozone/hadoop-ozone/integration-test/target/test-dir/MiniOzoneClusterImpl-22464894-f501-479f-ae18-3fb6cdd505c4/datanode-0/data/ratis/7006a065-fc81-4c52-9aec-a699e101d9f1/current/log_inprogress_0
2021-05-21 14:31:58,716 [DatanodeAdminManager-0] INFO  node.DatanodeAdminMonitorImpl (DatanodeAdminMonitorImpl.java:checkContainersReplicatedOnNode(297)) - fe5d1211-9335-469c-958f-8182ca4380cf{ip: 172.17.0.2, host: b766c8128f74, ports: [REPLICATION=41397, RATIS=40647, RATIS_ADMIN=40647, RATIS_SERVER=40647, STANDALONE=33787], networkLocation: /default-rack, certSerialId: null, persistedOpState: ENTERING_MAINTENANCE, persistedOpStateExpiryEpochSec: 0} has 0 sufficientlyReplicated, 3 underReplicated and 3 unhealthy containers
2021-05-21 14:31:58,716 [DatanodeAdminManager-0] INFO  node.DatanodeAdminMonitorImpl (DatanodeAdminMonitorImpl.java:checkContainersReplicatedOnNode(297)) - 1b7a9f1a-9a61-4565-a67b-2de79fff2a8e{ip: 172.17.0.2, host: b766c8128f74, ports: [REPLICATION=40105, RATIS=36135, RATIS_ADMIN=36135, RATIS_SERVER=36135, STANDALONE=46121], networkLocation: /default-rack, certSerialId: null, persistedOpState: ENTERING_MAINTENANCE, persistedOpStateExpiryEpochSec: 0} has 0 sufficientlyReplicated, 3 underReplicated and 3 unhealthy containers
2021-05-21 14:31:58,716 [DatanodeAdminManager-0] INFO  node.DatanodeAdminMonitorImpl (DatanodeAdminMonitorImpl.java:run(136)) - There are 3 nodes tracked for decommission and maintenance. 0 pending nodes.
2021-05-21 14:31:58,741 [ReplicationMonitor] INFO  container.ReplicationManager (ReplicationManager.java:forceCloseContainer(679)) - Force closing container #1 with BCSID 70, which is in QUASI_CLOSED state.
2021-05-21 14:31:58,741 [ReplicationMonitor] INFO  container.ReplicationManager (ReplicationManager.java:sendCloseCommand(1000)) - Sending close container command for container #1 to datanode fe5d1211-9335-469c-958f-8182ca4380cf{ip: 172.17.0.2, host: b766c8128f74, ports: [REPLICATION=41397, RATIS=40647, RATIS_ADMIN=40647, RATIS_SERVER=40647, STANDALONE=33787], networkLocation: /default-rack, certSerialId: null, persistedOpState: ENTERING_MAINTENANCE, persistedOpStateExpiryEpochSec: 0}.
2021-05-21 14:31:58,741 [ReplicationMonitor] INFO  container.ReplicationManager (ReplicationManager.java:sendCloseCommand(1000)) - Sending close container command for container #1 to datanode 1b7a9f1a-9a61-4565-a67b-2de79fff2a8e{ip: 172.17.0.2, host: b766c8128f74, ports: [REPLICATION=40105, RATIS=36135, RATIS_ADMIN=36135, RATIS_SERVER=36135, STANDALONE=46121], networkLocation: /default-rack, certSerialId: null, persistedOpState: ENTERING_MAINTENANCE, persistedOpStateExpiryEpochSec: 0}.
2021-05-21 14:31:58,741 [ReplicationMonitor] INFO  container.ReplicationManager (ReplicationManager.java:forceCloseContainer(679)) - Force closing container #2 with BCSID 74, which is in QUASI_CLOSED state.
2021-05-21 14:31:58,741 [ReplicationMonitor] INFO  container.ReplicationManager (ReplicationManager.java:sendCloseCommand(1000)) - Sending close container command for container #2 to datanode fe5d1211-9335-469c-958f-8182ca4380cf{ip: 172.17.0.2, host: b766c8128f74, ports: [REPLICATION=41397, RATIS=40647, RATIS_ADMIN=40647, RATIS_SERVER=40647, STANDALONE=33787], networkLocation: /default-rack, certSerialId: null, persistedOpState: ENTERING_MAINTENANCE, persistedOpStateExpiryEpochSec: 0}.
2021-05-21 14:31:58,741 [ReplicationMonitor] INFO  container.ReplicationManager (ReplicationManager.java:sendCloseCommand(1000)) - Sending close container command for container #2 to datanode 1b7a9f1a-9a61-4565-a67b-2de79fff2a8e{ip: 172.17.0.2, host: b766c8128f74, ports: [REPLICATION=40105, RATIS=36135, RATIS_ADMIN=36135, RATIS_SERVER=36135, STANDALONE=46121], networkLocation: /default-rack, certSerialId: null, persistedOpState: ENTERING_MAINTENANCE, persistedOpStateExpiryEpochSec: 0}.
2021-05-21 14:31:58,742 [ReplicationMonitor] INFO  container.ReplicationManager (ReplicationManager.java:run(290)) - Replication Monitor Thread took 1 milliseconds for processing 3 containers.
2021-05-21 14:31:59,019 [IPC Server handler 14 on default port 45897] INFO  node.SCMNodeManager (SCMNodeManager.java:updateDatanodeOpState(437)) - Scheduling a command to update the operationalState persisted on 813e8fa6-b95f-4599-bf2c-d00dca9e2ee3{ip: 172.17.0.2, host: b766c8128f74, ports: [REPLICATION=45099, RATIS=43595, RATIS_ADMIN=43595, RATIS_SERVER=43595, STANDALONE=42879], networkLocation: /default-rack, certSerialId: null, persistedOpState: null, persistedOpStateExpiryEpochSec: 0} as the reported value does not match the value stored in SCM (ENTERING_MAINTENANCE, 0)
2021-05-21 14:31:59,042 [Command processor thread] WARN  server.RaftServer (RaftServerProxy.java:remove(101)) - fe5d1211-9335-469c-958f-8182ca4380cf: does not contain group: group-A6456F420DE7
2021-05-21 14:31:59,042 [Command processor thread] ERROR commandhandler.ClosePipelineCommandHandler (ClosePipelineCommandHandler.java:handle(78)) - Can't close pipeline PipelineID=111fc486-be15-40a3-a63d-a6456f420de7
java.io.IOException: fe5d1211-9335-469c-958f-8182ca4380cf: Group group-A6456F420DE7 not found.
	at org.apache.hadoop.ozone.container.common.transport.server.ratis.XceiverServerRatis.removeGroup(XceiverServerRatis.java:826)
	at org.apache.hadoop.ozone.container.common.statemachine.commandhandler.ClosePipelineCommandHandler.handle(ClosePipelineCommandHandler.java:74)
	at org.apache.hadoop.ozone.container.common.statemachine.commandhandler.CommandDispatcher.handle(CommandDispatcher.java:99)
	at org.apache.hadoop.ozone.container.common.statemachine.DatanodeStateMachine.lambda$initCommandHandlerThread$2(DatanodeStateMachine.java:506)
	at java.lang.Thread.run(Thread.java:748)
Caused by: org.apache.ratis.protocol.exceptions.GroupMismatchException: fe5d1211-9335-469c-958f-8182ca4380cf: Group group-A6456F420DE7 not found.
	at org.apache.ratis.server.impl.RaftServerProxy.groupRemoveAsync(RaftServerProxy.java:504)
	at org.apache.ratis.server.impl.RaftServerProxy.groupManagementAsync(RaftServerProxy.java:460)
	at org.apache.ratis.server.impl.RaftServerProxy.groupManagement(RaftServerProxy.java:440)
	at org.apache.hadoop.ozone.container.common.transport.server.ratis.XceiverServerRatis.removeGroup(XceiverServerRatis.java:824)
	... 4 more
2021-05-21 14:31:59,042 [Command processor thread] WARN  server.RaftServer (RaftServerProxy.java:remove(101)) - fe5d1211-9335-469c-958f-8182ca4380cf: does not contain group: group-BDCF5B22EAA5
2021-05-21 14:31:59,042 [Command processor thread] ERROR commandhandler.ClosePipelineCommandHandler (ClosePipelineCommandHandler.java:handle(78)) - Can't close pipeline PipelineID=1e9b9852-7ad6-4ac5-b92a-bdcf5b22eaa5
java.io.IOException: fe5d1211-9335-469c-958f-8182ca4380cf: Group group-BDCF5B22EAA5 not found.
	at org.apache.hadoop.ozone.container.common.transport.server.ratis.XceiverServerRatis.removeGroup(XceiverServerRatis.java:826)
	at org.apache.hadoop.ozone.container.common.statemachine.commandhandler.ClosePipelineCommandHandler.handle(ClosePipelineCommandHandler.java:74)
	at org.apache.hadoop.ozone.container.common.statemachine.commandhandler.CommandDispatcher.handle(CommandDispatcher.java:99)
	at org.apache.hadoop.ozone.container.common.statemachine.DatanodeStateMachine.lambda$initCommandHandlerThread$2(DatanodeStateMachine.java:506)
	at java.lang.Thread.run(Thread.java:748)
Caused by: org.apache.ratis.protocol.exceptions.GroupMismatchException: fe5d1211-9335-469c-958f-8182ca4380cf: Group group-BDCF5B22EAA5 not found.
	at org.apache.ratis.server.impl.RaftServerProxy.groupRemoveAsync(RaftServerProxy.java:504)
	at org.apache.ratis.server.impl.RaftServerProxy.groupManagementAsync(RaftServerProxy.java:460)
	at org.apache.ratis.server.impl.RaftServerProxy.groupManagement(RaftServerProxy.java:440)
	at org.apache.hadoop.ozone.container.common.transport.server.ratis.XceiverServerRatis.removeGroup(XceiverServerRatis.java:824)
	... 4 more
2021-05-21 14:31:59,042 [Command processor thread] INFO  keyvalue.KeyValueContainer (KeyValueContainer.java:flushAndSyncDB(393)) - Container 3 is synced with bcsId 66.
2021-05-21 14:31:59,042 [Command processor thread] INFO  keyvalue.KeyValueContainer (KeyValueContainer.java:flushAndSyncDB(393)) - Container 3 is synced with bcsId 66.
2021-05-21 14:31:59,045 [Command processor thread] INFO  keyvalue.KeyValueContainer (KeyValueContainer.java:close(330)) - Container 3 is closed with bcsId 66.
2021-05-21 14:31:59,046 [Command processor thread] INFO  keyvalue.KeyValueContainer (KeyValueContainer.java:flushAndSyncDB(393)) - Container 1 is synced with bcsId 70.
2021-05-21 14:31:59,046 [Command processor thread] INFO  keyvalue.KeyValueContainer (KeyValueContainer.java:flushAndSyncDB(393)) - Container 1 is synced with bcsId 70.
2021-05-21 14:31:59,048 [Command processor thread] INFO  keyvalue.KeyValueContainer (KeyValueContainer.java:close(330)) - Container 1 is closed with bcsId 70.
2021-05-21 14:31:59,048 [Command processor thread] INFO  keyvalue.KeyValueContainer (KeyValueContainer.java:flushAndSyncDB(393)) - Container 2 is synced with bcsId 74.
2021-05-21 14:31:59,049 [EventQueue-IncrementalContainerReportForIncrementalContainerReportHandler] INFO  container.IncrementalContainerReportHandler (AbstractContainerReportHandler.java:updateContainerState(249)) - Moving container #1 to CLOSED state, datanode fe5d1211-9335-469c-958f-8182ca4380cf{ip: 172.17.0.2, host: b766c8128f74, ports: [REPLICATION=41397, RATIS=40647, RATIS_ADMIN=40647, RATIS_SERVER=40647, STANDALONE=33787], networkLocation: /default-rack, certSerialId: null, persistedOpState: ENTERING_MAINTENANCE, persistedOpStateExpiryEpochSec: 0} reported CLOSED replica.
2021-05-21 14:31:59,049 [Command processor thread] INFO  keyvalue.KeyValueContainer (KeyValueContainer.java:flushAndSyncDB(393)) - Container 2 is synced with bcsId 74.
2021-05-21 14:31:59,051 [Command processor thread] INFO  keyvalue.KeyValueContainer (KeyValueContainer.java:close(330)) - Container 2 is closed with bcsId 74.
2021-05-21 14:31:59,052 [EventQueue-IncrementalContainerReportForIncrementalContainerReportHandler] INFO  container.IncrementalContainerReportHandler (AbstractContainerReportHandler.java:updateContainerState(249)) - Moving container #2 to CLOSED state, datanode fe5d1211-9335-469c-958f-8182ca4380cf{ip: 172.17.0.2, host: b766c8128f74, ports: [REPLICATION=41397, RATIS=40647, RATIS_ADMIN=40647, RATIS_SERVER=40647, STANDALONE=33787], networkLocation: /default-rack, certSerialId: null, persistedOpState: ENTERING_MAINTENANCE, persistedOpStateExpiryEpochSec: 0} reported CLOSED replica.
2021-05-21 14:31:59,101 [ContainerReplicationThread-0] INFO  replication.DownloadAndImportReplicator (DownloadAndImportReplicator.java:replicate(106)) - Starting replication of container 2 from [fe5d1211-9335-469c-958f-8182ca4380cf{ip: 172.17.0.2, host: b766c8128f74, ports: [REPLICATION=41397, RATIS=40647, RATIS_ADMIN=40647, RATIS_SERVER=40647, STANDALONE=33787], networkLocation: /default-rack, certSerialId: null, persistedOpState: ENTERING_MAINTENANCE, persistedOpStateExpiryEpochSec: 0}]
2021-05-21 14:31:59,107 [grpc-default-executor-1] INFO  replication.GrpcReplicationService (GrpcReplicationService.java:download(52)) - Streaming container data (2) to other datanode
2021-05-21 14:31:59,114 [grpc-default-executor-1] INFO  replication.GrpcOutputStream (GrpcOutputStream.java:close(104)) - Sent 10469 bytes for container 2
2021-05-21 14:31:59,116 [grpc-default-executor-2] INFO  replication.GrpcReplicationClient (GrpcReplicationClient.java:onCompleted(184)) - Container 2 is downloaded to /github/workspace/mnt/ozone/hadoop-ozone/integration-test/target/test-dir/MiniOzoneClusterImpl-22464894-f501-479f-ae18-3fb6cdd505c4/datanode-2/data/replication/work/container-2.tar.gz
2021-05-21 14:31:59,117 [ContainerReplicationThread-0] INFO  replication.DownloadAndImportReplicator (DownloadAndImportReplicator.java:replicate(121)) - Container 2 is downloaded with size 10469, starting to import.
2021-05-21 14:31:59,136 [ContainerReplicationThread-0] INFO  replication.DownloadAndImportReplicator (DownloadAndImportReplicator.java:replicate(126)) - Container 2 is replicated successfully
2021-05-21 14:31:59,136 [ContainerReplicationThread-0] INFO  replication.ReplicationSupervisor (ReplicationSupervisor.java:run(147)) - Container 2 is replicated.
2021-05-21 14:31:59,522 [ContainerReplicationThread-0] INFO  replication.DownloadAndImportReplicator (DownloadAndImportReplicator.java:replicate(106)) - Starting replication of container 3 from [fe5d1211-9335-469c-958f-8182ca4380cf{ip: 172.17.0.2, host: b766c8128f74, ports: [REPLICATION=41397, RATIS=40647, RATIS_ADMIN=40647, RATIS_SERVER=40647, STANDALONE=33787], networkLocation: /default-rack, certSerialId: null, persistedOpState: ENTERING_MAINTENANCE, persistedOpStateExpiryEpochSec: 0}]
2021-05-21 14:31:59,532 [grpc-default-executor-2] INFO  replication.GrpcReplicationService (GrpcReplicationService.java:download(52)) - Streaming container data (3) to other datanode
2021-05-21 14:31:59,537 [grpc-default-executor-2] INFO  replication.GrpcOutputStream (GrpcOutputStream.java:close(104)) - Sent 10367 bytes for container 3
2021-05-21 14:31:59,540 [grpc-default-executor-2] INFO  replication.GrpcReplicationClient (GrpcReplicationClient.java:onCompleted(184)) - Container 3 is downloaded to /github/workspace/mnt/ozone/hadoop-ozone/integration-test/target/test-dir/MiniOzoneClusterImpl-22464894-f501-479f-ae18-3fb6cdd505c4/datanode-0/data/replication/work/container-3.tar.gz
2021-05-21 14:31:59,541 [ContainerReplicationThread-0] INFO  replication.DownloadAndImportReplicator (DownloadAndImportReplicator.java:replicate(121)) - Container 3 is downloaded with size 10367, starting to import.
2021-05-21 14:31:59,556 [ContainerReplicationThread-0] INFO  replication.DownloadAndImportReplicator (DownloadAndImportReplicator.java:replicate(126)) - Container 3 is replicated successfully
2021-05-21 14:31:59,557 [ContainerReplicationThread-0] INFO  replication.ReplicationSupervisor (ReplicationSupervisor.java:run(147)) - Container 3 is replicated.
2021-05-21 14:31:59,604 [ContainerReplicationThread-0] INFO  replication.DownloadAndImportReplicator (DownloadAndImportReplicator.java:replicate(106)) - Starting replication of container 1 from [fe5d1211-9335-469c-958f-8182ca4380cf{ip: 172.17.0.2, host: b766c8128f74, ports: [REPLICATION=41397, RATIS=40647, RATIS_ADMIN=40647, RATIS_SERVER=40647, STANDALONE=33787], networkLocation: /default-rack, certSerialId: null, persistedOpState: ENTERING_MAINTENANCE, persistedOpStateExpiryEpochSec: 0}]
2021-05-21 14:31:59,610 [grpc-default-executor-2] INFO  replication.GrpcReplicationService (GrpcReplicationService.java:download(52)) - Streaming container data (1) to other datanode
2021-05-21 14:31:59,616 [grpc-default-executor-2] INFO  replication.GrpcOutputStream (GrpcOutputStream.java:close(104)) - Sent 10487 bytes for container 1
2021-05-21 14:31:59,619 [grpc-default-executor-2] INFO  replication.GrpcReplicationClient (GrpcReplicationClient.java:onCompleted(184)) - Container 1 is downloaded to /github/workspace/mnt/ozone/hadoop-ozone/integration-test/target/test-dir/MiniOzoneClusterImpl-22464894-f501-479f-ae18-3fb6cdd505c4/datanode-1/data/replication/work/container-1.tar.gz
2021-05-21 14:31:59,620 [ContainerReplicationThread-0] INFO  replication.DownloadAndImportReplicator (DownloadAndImportReplicator.java:replicate(121)) - Container 1 is downloaded with size 10487, starting to import.
2021-05-21 14:31:59,634 [ContainerReplicationThread-0] INFO  replication.DownloadAndImportReplicator (DownloadAndImportReplicator.java:replicate(126)) - Container 1 is replicated successfully
2021-05-21 14:31:59,635 [ContainerReplicationThread-0] INFO  replication.ReplicationSupervisor (ReplicationSupervisor.java:run(147)) - Container 1 is replicated.
2021-05-21 14:31:59,716 [DatanodeAdminManager-0] INFO  node.DatanodeAdminMonitorImpl (DatanodeAdminMonitorImpl.java:checkContainersReplicatedOnNode(297)) - fe5d1211-9335-469c-958f-8182ca4380cf{ip: 172.17.0.2, host: b766c8128f74, ports: [REPLICATION=41397, RATIS=40647, RATIS_ADMIN=40647, RATIS_SERVER=40647, STANDALONE=33787], networkLocation: /default-rack, certSerialId: null, persistedOpState: ENTERING_MAINTENANCE, persistedOpStateExpiryEpochSec: 0} has 1 sufficientlyReplicated, 2 underReplicated and 3 unhealthy containers
2021-05-21 14:31:59,716 [DatanodeAdminManager-0] INFO  node.DatanodeAdminMonitorImpl (DatanodeAdminMonitorImpl.java:checkContainersReplicatedOnNode(297)) - 1b7a9f1a-9a61-4565-a67b-2de79fff2a8e{ip: 172.17.0.2, host: b766c8128f74, ports: [REPLICATION=40105, RATIS=36135, RATIS_ADMIN=36135, RATIS_SERVER=36135, STANDALONE=46121], networkLocation: /default-rack, certSerialId: null, persistedOpState: ENTERING_MAINTENANCE, persistedOpStateExpiryEpochSec: 0} has 1 sufficientlyReplicated, 2 underReplicated and 3 unhealthy containers
2021-05-21 14:31:59,716 [DatanodeAdminManager-0] INFO  node.DatanodeAdminMonitorImpl (DatanodeAdminMonitorImpl.java:run(136)) - There are 3 nodes tracked for decommission and maintenance. 0 pending nodes.
2021-05-21 14:31:59,742 [ReplicationMonitor] INFO  container.ReplicationManager (ReplicationManager.java:sendCloseCommand(1000)) - Sending close container command for container #1 to datanode fe5d1211-9335-469c-958f-8182ca4380cf{ip: 172.17.0.2, host: b766c8128f74, ports: [REPLICATION=41397, RATIS=40647, RATIS_ADMIN=40647, RATIS_SERVER=40647, STANDALONE=33787], networkLocation: /default-rack, certSerialId: null, persistedOpState: ENTERING_MAINTENANCE, persistedOpStateExpiryEpochSec: 0}.
2021-05-21 14:31:59,742 [ReplicationMonitor] INFO  container.ReplicationManager (ReplicationManager.java:sendCloseCommand(1000)) - Sending close container command for container #1 to datanode 813e8fa6-b95f-4599-bf2c-d00dca9e2ee3{ip: 172.17.0.2, host: b766c8128f74, ports: [REPLICATION=45099, RATIS=43595, RATIS_ADMIN=43595, RATIS_SERVER=43595, STANDALONE=42879], networkLocation: /default-rack, certSerialId: null, persistedOpState: IN_SERVICE, persistedOpStateExpiryEpochSec: 0}.
2021-05-21 14:31:59,742 [ReplicationMonitor] INFO  container.ReplicationManager (ReplicationManager.java:sendCloseCommand(1000)) - Sending close container command for container #1 to datanode 1b7a9f1a-9a61-4565-a67b-2de79fff2a8e{ip: 172.17.0.2, host: b766c8128f74, ports: [REPLICATION=40105, RATIS=36135, RATIS_ADMIN=36135, RATIS_SERVER=36135, STANDALONE=46121], networkLocation: /default-rack, certSerialId: null, persistedOpState: ENTERING_MAINTENANCE, persistedOpStateExpiryEpochSec: 0}.
2021-05-21 14:31:59,743 [ReplicationMonitor] INFO  container.ReplicationManager (ReplicationManager.java:run(290)) - Replication Monitor Thread took 1 milliseconds for processing 3 containers.
2021-05-21 14:32:00,019 [IPC Server handler 14 on default port 45897] INFO  node.SCMNodeManager (SCMNodeManager.java:updateDatanodeOpState(437)) - Scheduling a command to update the operationalState persisted on 813e8fa6-b95f-4599-bf2c-d00dca9e2ee3{ip: 172.17.0.2, host: b766c8128f74, ports: [REPLICATION=45099, RATIS=43595, RATIS_ADMIN=43595, RATIS_SERVER=43595, STANDALONE=42879], networkLocation: /default-rack, certSerialId: null, persistedOpState: null, persistedOpStateExpiryEpochSec: 0} as the reported value does not match the value stored in SCM (ENTERING_MAINTENANCE, 0)
2021-05-21 14:32:00,056 [Command processor thread] INFO  keyvalue.KeyValueContainer (KeyValueContainer.java:flushAndSyncDB(393)) - Container 1 is synced with bcsId 70.
2021-05-21 14:32:00,056 [Command processor thread] INFO  keyvalue.KeyValueContainer (KeyValueContainer.java:flushAndSyncDB(393)) - Container 1 is synced with bcsId 70.
2021-05-21 14:32:00,060 [Command processor thread] INFO  keyvalue.KeyValueContainer (KeyValueContainer.java:close(330)) - Container 1 is closed with bcsId 70.
2021-05-21 14:32:00,062 [Command processor thread] INFO  keyvalue.KeyValueContainer (KeyValueContainer.java:flushAndSyncDB(393)) - Container 2 is synced with bcsId 74.
2021-05-21 14:32:00,062 [Command processor thread] INFO  keyvalue.KeyValueContainer (KeyValueContainer.java:flushAndSyncDB(393)) - Container 2 is synced with bcsId 74.
2021-05-21 14:32:00,064 [Command processor thread] INFO  keyvalue.KeyValueContainer (KeyValueContainer.java:close(330)) - Container 2 is closed with bcsId 74.
2021-05-21 14:32:00,716 [DatanodeAdminManager-0] INFO  node.DatanodeAdminMonitorImpl (DatanodeAdminMonitorImpl.java:checkContainersReplicatedOnNode(297)) - fe5d1211-9335-469c-958f-8182ca4380cf{ip: 172.17.0.2, host: b766c8128f74, ports: [REPLICATION=41397, RATIS=40647, RATIS_ADMIN=40647, RATIS_SERVER=40647, STANDALONE=33787], networkLocation: /default-rack, certSerialId: null, persistedOpState: ENTERING_MAINTENANCE, persistedOpStateExpiryEpochSec: 0} has 2 sufficientlyReplicated, 1 underReplicated and 3 unhealthy containers
2021-05-21 14:32:00,716 [DatanodeAdminManager-0] INFO  node.DatanodeAdminMonitorImpl (DatanodeAdminMonitorImpl.java:checkContainersReplicatedOnNode(297)) - 1b7a9f1a-9a61-4565-a67b-2de79fff2a8e{ip: 172.17.0.2, host: b766c8128f74, ports: [REPLICATION=40105, RATIS=36135, RATIS_ADMIN=36135, RATIS_SERVER=36135, STANDALONE=46121], networkLocation: /default-rack, certSerialId: null, persistedOpState: ENTERING_MAINTENANCE, persistedOpStateExpiryEpochSec: 0} has 2 sufficientlyReplicated, 1 underReplicated and 3 unhealthy containers
2021-05-21 14:32:00,716 [DatanodeAdminManager-0] INFO  node.DatanodeAdminMonitorImpl (DatanodeAdminMonitorImpl.java:run(136)) - There are 3 nodes tracked for decommission and maintenance. 0 pending nodes.
2021-05-21 14:32:00,743 [ReplicationMonitor] INFO  container.ReplicationManager (ReplicationManager.java:sendCloseCommand(1000)) - Sending close container command for container #1 to datanode 813e8fa6-b95f-4599-bf2c-d00dca9e2ee3{ip: 172.17.0.2, host: b766c8128f74, ports: [REPLICATION=45099, RATIS=43595, RATIS_ADMIN=43595, RATIS_SERVER=43595, STANDALONE=42879], networkLocation: /default-rack, certSerialId: null, persistedOpState: IN_SERVICE, persistedOpStateExpiryEpochSec: 0}.
2021-05-21 14:32:00,744 [ReplicationMonitor] INFO  container.ReplicationManager (ReplicationManager.java:sendCloseCommand(1000)) - Sending close container command for container #1 to datanode 1b7a9f1a-9a61-4565-a67b-2de79fff2a8e{ip: 172.17.0.2, host: b766c8128f74, ports: [REPLICATION=40105, RATIS=36135, RATIS_ADMIN=36135, RATIS_SERVER=36135, STANDALONE=46121], networkLocation: /default-rack, certSerialId: null, persistedOpState: ENTERING_MAINTENANCE, persistedOpStateExpiryEpochSec: 0}.
2021-05-21 14:32:00,744 [ReplicationMonitor] INFO  container.ReplicationManager (ReplicationManager.java:sendCloseCommand(1000)) - Sending close container command for container #2 to datanode 813e8fa6-b95f-4599-bf2c-d00dca9e2ee3{ip: 172.17.0.2, host: b766c8128f74, ports: [REPLICATION=45099, RATIS=43595, RATIS_ADMIN=43595, RATIS_SERVER=43595, STANDALONE=42879], networkLocation: /default-rack, certSerialId: null, persistedOpState: IN_SERVICE, persistedOpStateExpiryEpochSec: 0}.
2021-05-21 14:32:00,744 [ReplicationMonitor] INFO  container.ReplicationManager (ReplicationManager.java:run(290)) - Replication Monitor Thread took 1 milliseconds for processing 3 containers.
2021-05-21 14:32:01,019 [IPC Server handler 14 on default port 45897] INFO  node.SCMNodeManager (SCMNodeManager.java:updateDatanodeOpState(437)) - Scheduling a command to update the operationalState persisted on 813e8fa6-b95f-4599-bf2c-d00dca9e2ee3{ip: 172.17.0.2, host: b766c8128f74, ports: [REPLICATION=45099, RATIS=43595, RATIS_ADMIN=43595, RATIS_SERVER=43595, STANDALONE=42879], networkLocation: /default-rack, certSerialId: null, persistedOpState: null, persistedOpStateExpiryEpochSec: 0} as the reported value does not match the value stored in SCM (ENTERING_MAINTENANCE, 0)
2021-05-21 14:32:01,219 [813e8fa6-b95f-4599-bf2c-d00dca9e2ee3@group-A6456F420DE7-LeaderStateImpl] WARN  server.RaftServer$Division (LeaderStateImpl.java:checkLeadership(944)) - 813e8fa6-b95f-4599-bf2c-d00dca9e2ee3@group-A6456F420DE7-LeaderStateImpl: Lost leadership on term: 1. Election timeout: 5200ms. In charge for: 11868ms. Conf: 0: [813e8fa6-b95f-4599-bf2c-d00dca9e2ee3|rpc:172.17.0.2:43595|dataStream:|priority:1, fe5d1211-9335-469c-958f-8182ca4380cf|rpc:172.17.0.2:40647|dataStream:|priority:0, 1b7a9f1a-9a61-4565-a67b-2de79fff2a8e|rpc:172.17.0.2:36135|dataStream:|priority:0], old=null
2021-05-21 14:32:01,220 [813e8fa6-b95f-4599-bf2c-d00dca9e2ee3@group-A6456F420DE7-LeaderStateImpl] WARN  server.RaftServer$Division (LeaderStateImpl.java:lambda$checkLeadership$15(948)) - Follower 813e8fa6-b95f-4599-bf2c-d00dca9e2ee3@group-A6456F420DE7->fe5d1211-9335-469c-958f-8182ca4380cf(c74,m76,n78, attendVote=true, lastRpcSendTime=199, lastRpcResponseTime=8007)
2021-05-21 14:32:01,220 [813e8fa6-b95f-4599-bf2c-d00dca9e2ee3@group-A6456F420DE7-LeaderStateImpl] WARN  server.RaftServer$Division (LeaderStateImpl.java:lambda$checkLeadership$15(948)) - Follower 813e8fa6-b95f-4599-bf2c-d00dca9e2ee3@group-A6456F420DE7->1b7a9f1a-9a61-4565-a67b-2de79fff2a8e(c76,m76,n78, attendVote=true, lastRpcSendTime=198, lastRpcResponseTime=5505)
2021-05-21 14:32:01,220 [813e8fa6-b95f-4599-bf2c-d00dca9e2ee3@group-A6456F420DE7-LeaderStateImpl] INFO  server.RaftServer$Division (RaftServerImpl.java:setRole(284)) - 813e8fa6-b95f-4599-bf2c-d00dca9e2ee3@group-A6456F420DE7: changes role from    LEADER to FOLLOWER at term 1 for StepDownReason:LOST_MAJORITY_HEARTBEATS
2021-05-21 14:32:01,220 [813e8fa6-b95f-4599-bf2c-d00dca9e2ee3@group-A6456F420DE7-LeaderStateImpl] INFO  impl.RoleInfo (RoleInfo.java:shutdownLeaderState(91)) - 813e8fa6-b95f-4599-bf2c-d00dca9e2ee3: shutdown 813e8fa6-b95f-4599-bf2c-d00dca9e2ee3@group-A6456F420DE7-LeaderStateImpl
2021-05-21 14:32:01,220 [813e8fa6-b95f-4599-bf2c-d00dca9e2ee3@group-A6456F420DE7-LeaderStateImpl] INFO  metrics.RatisMetrics (RatisMetrics.java:unregister(43)) - Unregistering Metrics Registry : ratis_grpc.log_appender.813e8fa6-b95f-4599-bf2c-d00dca9e2ee3@group-A6456F420DE7
2021-05-21 14:32:01,220 [813e8fa6-b95f-4599-bf2c-d00dca9e2ee3@group-A6456F420DE7-LeaderStateImpl] INFO  metrics.RatisMetrics (RatisMetrics.java:unregister(43)) - Unregistering Metrics Registry : ratis_grpc.log_appender.813e8fa6-b95f-4599-bf2c-d00dca9e2ee3@group-A6456F420DE7
2021-05-21 14:32:01,220 [813e8fa6-b95f-4599-bf2c-d00dca9e2ee3@group-A6456F420DE7->fe5d1211-9335-469c-958f-8182ca4380cf-GrpcLogAppender-LogAppenderDaemon] WARN  server.GrpcLogAppender (GrpcLogAppender.java:mayWait(175)) - 813e8fa6-b95f-4599-bf2c-d00dca9e2ee3@group-A6456F420DE7->fe5d1211-9335-469c-958f-8182ca4380cf-GrpcLogAppender: Wait interrupted by java.lang.InterruptedException
2021-05-21 14:32:01,220 [813e8fa6-b95f-4599-bf2c-d00dca9e2ee3@group-A6456F420DE7->1b7a9f1a-9a61-4565-a67b-2de79fff2a8e-GrpcLogAppender-LogAppenderDaemon] WARN  server.GrpcLogAppender (GrpcLogAppender.java:mayWait(175)) - 813e8fa6-b95f-4599-bf2c-d00dca9e2ee3@group-A6456F420DE7->1b7a9f1a-9a61-4565-a67b-2de79fff2a8e-GrpcLogAppender: Wait interrupted by java.lang.InterruptedException
2021-05-21 14:32:01,220 [813e8fa6-b95f-4599-bf2c-d00dca9e2ee3@group-A6456F420DE7-LeaderStateImpl] INFO  impl.PendingRequests (PendingRequests.java:sendNotLeaderResponses(249)) - 813e8fa6-b95f-4599-bf2c-d00dca9e2ee3@group-A6456F420DE7-PendingRequests: sendNotLeaderResponses
2021-05-21 14:32:01,221 [grpc-default-executor-2] INFO  server.GrpcServerProtocolService (GrpcServerProtocolService.java:onCompleted(140)) - 1b7a9f1a-9a61-4565-a67b-2de79fff2a8e: Completed APPEND_ENTRIES, lastRequest: 813e8fa6-b95f-4599-bf2c-d00dca9e2ee3->1b7a9f1a-9a61-4565-a67b-2de79fff2a8e#738-t1,previous=(t:1, i:76),leaderCommit=76,initializing? true,entries: size=1, first=(t:1, i:77), STATEMACHINELOGENTRY, 78@client-50BC53C3FA1C
2021-05-21 14:32:01,221 [grpc-default-executor-0] INFO  server.GrpcServerProtocolService (GrpcServerProtocolService.java:onCompleted(140)) - fe5d1211-9335-469c-958f-8182ca4380cf: Completed APPEND_ENTRIES, lastRequest: 813e8fa6-b95f-4599-bf2c-d00dca9e2ee3->fe5d1211-9335-469c-958f-8182ca4380cf#809-t1,previous=(t:1, i:76),leaderCommit=76,initializing? true,entries: size=1, first=(t:1, i:77), STATEMACHINELOGENTRY, 78@client-50BC53C3FA1C
2021-05-21 14:32:01,222 [Command processor thread] INFO  server.RaftServer (RaftServerProxy.java:remove(106)) - 813e8fa6-b95f-4599-bf2c-d00dca9e2ee3: remove  FOLLOWER 813e8fa6-b95f-4599-bf2c-d00dca9e2ee3@group-A6456F420DE7:t1, leader=813e8fa6-b95f-4599-bf2c-d00dca9e2ee3, voted=813e8fa6-b95f-4599-bf2c-d00dca9e2ee3, raftlog=813e8fa6-b95f-4599-bf2c-d00dca9e2ee3@group-A6456F420DE7-SegmentedRaftLog:OPENED:c76,f77,i77, conf=0: [813e8fa6-b95f-4599-bf2c-d00dca9e2ee3|rpc:172.17.0.2:43595|dataStream:|priority:1, fe5d1211-9335-469c-958f-8182ca4380cf|rpc:172.17.0.2:40647|dataStream:|priority:0, 1b7a9f1a-9a61-4565-a67b-2de79fff2a8e|rpc:172.17.0.2:36135|dataStream:|priority:0], old=null RUNNING
2021-05-21 14:32:01,222 [Command processor thread] INFO  server.RaftServer$Division (RaftServerImpl.java:lambda$close$4(406)) - 813e8fa6-b95f-4599-bf2c-d00dca9e2ee3@group-A6456F420DE7: shutdown
2021-05-21 14:32:01,222 [Command processor thread] INFO  util.JmxRegister (JmxRegister.java:unregister(73)) - Successfully un-registered JMX Bean with object name Ratis:service=RaftServer,group=group-A6456F420DE7,id=813e8fa6-b95f-4599-bf2c-d00dca9e2ee3
2021-05-21 14:32:01,222 [Command processor thread] INFO  impl.StateMachineUpdater (StateMachineUpdater.java:stopAndJoin(149)) - 813e8fa6-b95f-4599-bf2c-d00dca9e2ee3@group-A6456F420DE7-StateMachineUpdater: set stopIndex = 76
2021-05-21 14:32:01,222 [grpc-default-executor-1] INFO  server.GrpcLogAppender (GrpcLogAppender.java:onCompleted(344)) - 813e8fa6-b95f-4599-bf2c-d00dca9e2ee3@group-A6456F420DE7->1b7a9f1a-9a61-4565-a67b-2de79fff2a8e-AppendLogResponseHandler: follower responses appendEntries COMPLETED
2021-05-21 14:32:01,222 [grpc-default-executor-1] INFO  leader.FollowerInfo (FollowerInfoImpl.java:lambda$new$0(46)) - 813e8fa6-b95f-4599-bf2c-d00dca9e2ee3@group-A6456F420DE7->1b7a9f1a-9a61-4565-a67b-2de79fff2a8e: nextIndex: updateUnconditionally 78 -> 77
2021-05-21 14:32:01,222 [grpc-default-executor-3] INFO  server.GrpcLogAppender (GrpcLogAppender.java:onCompleted(344)) - 813e8fa6-b95f-4599-bf2c-d00dca9e2ee3@group-A6456F420DE7->fe5d1211-9335-469c-958f-8182ca4380cf-AppendLogResponseHandler: follower responses appendEntries COMPLETED
2021-05-21 14:32:01,223 [813e8fa6-b95f-4599-bf2c-d00dca9e2ee3@group-A6456F420DE7-StateMachineUpdater] INFO  ratis.ContainerStateMachine (ContainerStateMachine.java:takeSnapshot(292)) - group-A6456F420DE7: Taking a snapshot at:(t:1, i:76) file /github/workspace/mnt/ozone/hadoop-ozone/integration-test/target/test-dir/MiniOzoneClusterImpl-22464894-f501-479f-ae18-3fb6cdd505c4/datanode-4/data/ratis/111fc486-be15-40a3-a63d-a6456f420de7/sm/snapshot.1_76
2021-05-21 14:32:01,223 [grpc-default-executor-3] INFO  leader.FollowerInfo (FollowerInfoImpl.java:lambda$new$0(46)) - 813e8fa6-b95f-4599-bf2c-d00dca9e2ee3@group-A6456F420DE7->fe5d1211-9335-469c-958f-8182ca4380cf: nextIndex: updateUnconditionally 78 -> 77
2021-05-21 14:32:01,225 [813e8fa6-b95f-4599-bf2c-d00dca9e2ee3@group-A6456F420DE7-StateMachineUpdater] INFO  ratis.ContainerStateMachine (ContainerStateMachine.java:takeSnapshot(303)) - group-A6456F420DE7: Finished taking a snapshot at:(t:1, i:76) file:/github/workspace/mnt/ozone/hadoop-ozone/integration-test/target/test-dir/MiniOzoneClusterImpl-22464894-f501-479f-ae18-3fb6cdd505c4/datanode-4/data/ratis/111fc486-be15-40a3-a63d-a6456f420de7/sm/snapshot.1_76 took: 2 ms
2021-05-21 14:32:01,225 [813e8fa6-b95f-4599-bf2c-d00dca9e2ee3@group-A6456F420DE7-StateMachineUpdater] INFO  impl.StateMachineUpdater (StateMachineUpdater.java:takeSnapshot(281)) - 813e8fa6-b95f-4599-bf2c-d00dca9e2ee3@group-A6456F420DE7-StateMachineUpdater: Took a snapshot at index 76
2021-05-21 14:32:01,225 [813e8fa6-b95f-4599-bf2c-d00dca9e2ee3@group-A6456F420DE7-StateMachineUpdater] INFO  impl.StateMachineUpdater (StateMachineUpdater.java:lambda$new$0(89)) - 813e8fa6-b95f-4599-bf2c-d00dca9e2ee3@group-A6456F420DE7-StateMachineUpdater: snapshotIndex: updateIncreasingly -1 -> 76
2021-05-21 14:32:01,225 [813e8fa6-b95f-4599-bf2c-d00dca9e2ee3@group-A6456F420DE7-StateMachineUpdater] INFO  metrics.RatisMetrics (RatisMetrics.java:unregister(43)) - Unregistering Metrics Registry : ratis.state_machine.813e8fa6-b95f-4599-bf2c-d00dca9e2ee3@group-A6456F420DE7
2021-05-21 14:32:01,226 [813e8fa6-b95f-4599-bf2c-d00dca9e2ee3@group-A6456F420DE7-LeaderStateImpl] INFO  metrics.RatisMetrics (RatisMetrics.java:unregister(43)) - Unregistering Metrics Registry : ratis.log_appender.813e8fa6-b95f-4599-bf2c-d00dca9e2ee3@group-A6456F420DE7
2021-05-21 14:32:01,227 [813e8fa6-b95f-4599-bf2c-d00dca9e2ee3@group-A6456F420DE7-LeaderStateImpl] INFO  metrics.RatisMetrics (RatisMetrics.java:unregister(43)) - Unregistering Metrics Registry : ratis.server.813e8fa6-b95f-4599-bf2c-d00dca9e2ee3@group-A6456F420DE7
2021-05-21 14:32:01,227 [Command processor thread] INFO  server.RaftServer$Division (ServerState.java:close(405)) - 813e8fa6-b95f-4599-bf2c-d00dca9e2ee3@group-A6456F420DE7: closes. applyIndex: 76
2021-05-21 14:32:01,228 [813e8fa6-b95f-4599-bf2c-d00dca9e2ee3@group-A6456F420DE7-SegmentedRaftLogWorker] INFO  segmented.SegmentedRaftLogWorker (SegmentedRaftLogWorker.java:run(327)) - 813e8fa6-b95f-4599-bf2c-d00dca9e2ee3@group-A6456F420DE7-SegmentedRaftLogWorker was interrupted, exiting. There are 0 tasks remaining in the queue.
2021-05-21 14:32:01,228 [813e8fa6-b95f-4599-bf2c-d00dca9e2ee3@group-A6456F420DE7-LeaderStateImpl] INFO  impl.RoleInfo (RoleInfo.java:updateAndGet(130)) - 813e8fa6-b95f-4599-bf2c-d00dca9e2ee3: start 813e8fa6-b95f-4599-bf2c-d00dca9e2ee3@group-A6456F420DE7-FollowerState
2021-05-21 14:32:01,228 [Command processor thread] INFO  segmented.SegmentedRaftLogWorker (SegmentedRaftLogWorker.java:close(237)) - 813e8fa6-b95f-4599-bf2c-d00dca9e2ee3@group-A6456F420DE7-SegmentedRaftLogWorker close()
2021-05-21 14:32:01,228 [Command processor thread] INFO  metrics.RatisMetrics (RatisMetrics.java:unregister(43)) - Unregistering Metrics Registry : ratis.log_worker.813e8fa6-b95f-4599-bf2c-d00dca9e2ee3@group-A6456F420DE7
2021-05-21 14:32:01,228 [Command processor thread] INFO  metrics.RatisMetrics (RatisMetrics.java:unregister(43)) - Unregistering Metrics Registry : ratis.leader_election.813e8fa6-b95f-4599-bf2c-d00dca9e2ee3@group-A6456F420DE7
2021-05-21 14:32:01,228 [Command processor thread] INFO  metrics.RatisMetrics (RatisMetrics.java:unregister(43)) - Unregistering Metrics Registry : ratis.server.813e8fa6-b95f-4599-bf2c-d00dca9e2ee3@group-A6456F420DE7
2021-05-21 14:32:01,229 [Command processor thread] INFO  keyvalue.KeyValueContainer (KeyValueContainer.java:flushAndSyncDB(393)) - Container 1 is synced with bcsId 70.
2021-05-21 14:32:01,229 [Command processor thread] INFO  keyvalue.KeyValueContainer (KeyValueContainer.java:flushAndSyncDB(393)) - Container 1 is synced with bcsId 70.
2021-05-21 14:32:01,234 [IPC Server handler 8 on default port 45897] INFO  node.SCMNodeManager (SCMNodeManager.java:updateDatanodeOpState(437)) - Scheduling a command to update the operationalState persisted on 813e8fa6-b95f-4599-bf2c-d00dca9e2ee3{ip: 172.17.0.2, host: b766c8128f74, ports: [REPLICATION=45099, RATIS=43595, RATIS_ADMIN=43595, RATIS_SERVER=43595, STANDALONE=42879], networkLocation: /default-rack, certSerialId: null, persistedOpState: null, persistedOpStateExpiryEpochSec: 0} as the reported value does not match the value stored in SCM (ENTERING_MAINTENANCE, 0)
2021-05-21 14:32:01,237 [Command processor thread] INFO  keyvalue.KeyValueContainer (KeyValueContainer.java:flushAndSyncDB(393)) - Container 2 is synced with bcsId 74.
2021-05-21 14:32:01,238 [Command processor thread] INFO  keyvalue.KeyValueContainer (KeyValueContainer.java:flushAndSyncDB(393)) - Container 2 is synced with bcsId 74.
2021-05-21 14:32:01,239 [IPC Server handler 12 on default port 45897] INFO  node.SCMNodeManager (SCMNodeManager.java:updateDatanodeOpState(437)) - Scheduling a command to update the operationalState persisted on 813e8fa6-b95f-4599-bf2c-d00dca9e2ee3{ip: 172.17.0.2, host: b766c8128f74, ports: [REPLICATION=45099, RATIS=43595, RATIS_ADMIN=43595, RATIS_SERVER=43595, STANDALONE=42879], networkLocation: /default-rack, certSerialId: null, persistedOpState: null, persistedOpStateExpiryEpochSec: 0} as the reported value does not match the value stored in SCM (ENTERING_MAINTENANCE, 0)
2021-05-21 14:32:01,243 [IPC Server handler 7 on default port 45897] INFO  node.SCMNodeManager (SCMNodeManager.java:updateDatanodeOpState(437)) - Scheduling a command to update the operationalState persisted on 813e8fa6-b95f-4599-bf2c-d00dca9e2ee3{ip: 172.17.0.2, host: b766c8128f74, ports: [REPLICATION=45099, RATIS=43595, RATIS_ADMIN=43595, RATIS_SERVER=43595, STANDALONE=42879], networkLocation: /default-rack, certSerialId: null, persistedOpState: null, persistedOpStateExpiryEpochSec: 0} as the reported value does not match the value stored in SCM (ENTERING_MAINTENANCE, 0)
2021-05-21 14:32:01,248 [Command processor thread] INFO  keyvalue.KeyValueContainer (KeyValueContainer.java:flushAndSyncDB(393)) - Container 3 is synced with bcsId 66.
2021-05-21 14:32:01,249 [IPC Server handler 11 on default port 45897] INFO  node.SCMNodeManager (SCMNodeManager.java:updateDatanodeOpState(437)) - Scheduling a command to update the operationalState persisted on 813e8fa6-b95f-4599-bf2c-d00dca9e2ee3{ip: 172.17.0.2, host: b766c8128f74, ports: [REPLICATION=45099, RATIS=43595, RATIS_ADMIN=43595, RATIS_SERVER=43595, STANDALONE=42879], networkLocation: /default-rack, certSerialId: null, persistedOpState: null, persistedOpStateExpiryEpochSec: 0} as the reported value does not match the value stored in SCM (ENTERING_MAINTENANCE, 0)
2021-05-21 14:32:01,250 [Command processor thread] INFO  keyvalue.KeyValueContainer (KeyValueContainer.java:flushAndSyncDB(393)) - Container 3 is synced with bcsId 66.
2021-05-21 14:32:01,252 [IPC Server handler 9 on default port 45897] INFO  node.SCMNodeManager (SCMNodeManager.java:updateDatanodeOpState(437)) - Scheduling a command to update the operationalState persisted on 813e8fa6-b95f-4599-bf2c-d00dca9e2ee3{ip: 172.17.0.2, host: b766c8128f74, ports: [REPLICATION=45099, RATIS=43595, RATIS_ADMIN=43595, RATIS_SERVER=43595, STANDALONE=42879], networkLocation: /default-rack, certSerialId: null, persistedOpState: null, persistedOpStateExpiryEpochSec: 0} as the reported value does not match the value stored in SCM (ENTERING_MAINTENANCE, 0)
2021-05-21 14:32:01,253 [Command processor thread] INFO  server.RaftServer$Division (RaftServerImpl.java:groupRemove(376)) - 813e8fa6-b95f-4599-bf2c-d00dca9e2ee3@group-A6456F420DE7: Succeed to remove RaftStorageDirectory Storage Directory /github/workspace/mnt/ozone/hadoop-ozone/integration-test/target/test-dir/MiniOzoneClusterImpl-22464894-f501-479f-ae18-3fb6cdd505c4/datanode-4/data/ratis/111fc486-be15-40a3-a63d-a6456f420de7
2021-05-21 14:32:01,253 [Command processor thread] INFO  commandhandler.ClosePipelineCommandHandler (ClosePipelineCommandHandler.java:handle(75)) - Close Pipeline PipelineID=111fc486-be15-40a3-a63d-a6456f420de7 command on datanode 813e8fa6-b95f-4599-bf2c-d00dca9e2ee3.
2021-05-21 14:32:01,253 [Command processor thread] INFO  server.RaftServer (RaftServerProxy.java:remove(106)) - 813e8fa6-b95f-4599-bf2c-d00dca9e2ee3: remove    LEADER 813e8fa6-b95f-4599-bf2c-d00dca9e2ee3@group-D2DFD490C1E5:t1, leader=813e8fa6-b95f-4599-bf2c-d00dca9e2ee3, voted=813e8fa6-b95f-4599-bf2c-d00dca9e2ee3, raftlog=813e8fa6-b95f-4599-bf2c-d00dca9e2ee3@group-D2DFD490C1E5-SegmentedRaftLog:OPENED:c0,f0,i0, conf=0: [813e8fa6-b95f-4599-bf2c-d00dca9e2ee3|rpc:172.17.0.2:43595|dataStream:|priority:1], old=null RUNNING
2021-05-21 14:32:01,253 [Command processor thread] INFO  server.RaftServer$Division (RaftServerImpl.java:lambda$close$4(406)) - 813e8fa6-b95f-4599-bf2c-d00dca9e2ee3@group-D2DFD490C1E5: shutdown
2021-05-21 14:32:01,254 [Command processor thread] INFO  util.JmxRegister (JmxRegister.java:unregister(73)) - Successfully un-registered JMX Bean with object name Ratis:service=RaftServer,group=group-D2DFD490C1E5,id=813e8fa6-b95f-4599-bf2c-d00dca9e2ee3
2021-05-21 14:32:01,254 [Command processor thread] INFO  impl.RoleInfo (RoleInfo.java:shutdownLeaderState(91)) - 813e8fa6-b95f-4599-bf2c-d00dca9e2ee3: shutdown 813e8fa6-b95f-4599-bf2c-d00dca9e2ee3@group-D2DFD490C1E5-LeaderStateImpl
2021-05-21 14:32:01,254 [Command processor thread] INFO  impl.PendingRequests (PendingRequests.java:sendNotLeaderResponses(249)) - 813e8fa6-b95f-4599-bf2c-d00dca9e2ee3@group-D2DFD490C1E5-PendingRequests: sendNotLeaderResponses
2021-05-21 14:32:01,254 [Command processor thread] INFO  metrics.RatisMetrics (RatisMetrics.java:unregister(43)) - Unregistering Metrics Registry : ratis.log_appender.813e8fa6-b95f-4599-bf2c-d00dca9e2ee3@group-D2DFD490C1E5
2021-05-21 14:32:01,254 [Command processor thread] INFO  metrics.RatisMetrics (RatisMetrics.java:unregister(43)) - Unregistering Metrics Registry : ratis.server.813e8fa6-b95f-4599-bf2c-d00dca9e2ee3@group-D2DFD490C1E5
2021-05-21 14:32:01,254 [Command processor thread] INFO  impl.StateMachineUpdater (StateMachineUpdater.java:stopAndJoin(149)) - 813e8fa6-b95f-4599-bf2c-d00dca9e2ee3@group-D2DFD490C1E5-StateMachineUpdater: set stopIndex = 0
2021-05-21 14:32:01,255 [813e8fa6-b95f-4599-bf2c-d00dca9e2ee3@group-D2DFD490C1E5-StateMachineUpdater] INFO  ratis.ContainerStateMachine (ContainerStateMachine.java:takeSnapshot(292)) - group-D2DFD490C1E5: Taking a snapshot at:(t:1, i:0) file /github/workspace/mnt/ozone/hadoop-ozone/integration-test/target/test-dir/MiniOzoneClusterImpl-22464894-f501-479f-ae18-3fb6cdd505c4/datanode-4/data/ratis/0c6bfa22-dd3b-4c85-b03c-d2dfd490c1e5/sm/snapshot.1_0
2021-05-21 14:32:01,255 [813e8fa6-b95f-4599-bf2c-d00dca9e2ee3@group-D2DFD490C1E5-StateMachineUpdater] INFO  ratis.ContainerStateMachine (ContainerStateMachine.java:takeSnapshot(303)) - group-D2DFD490C1E5: Finished taking a snapshot at:(t:1, i:0) file:/github/workspace/mnt/ozone/hadoop-ozone/integration-test/target/test-dir/MiniOzoneClusterImpl-22464894-f501-479f-ae18-3fb6cdd505c4/datanode-4/data/ratis/0c6bfa22-dd3b-4c85-b03c-d2dfd490c1e5/sm/snapshot.1_0 took: 0 ms
2021-05-21 14:32:01,256 [813e8fa6-b95f-4599-bf2c-d00dca9e2ee3@group-D2DFD490C1E5-StateMachineUpdater] INFO  impl.StateMachineUpdater (StateMachineUpdater.java:takeSnapshot(281)) - 813e8fa6-b95f-4599-bf2c-d00dca9e2ee3@group-D2DFD490C1E5-StateMachineUpdater: Took a snapshot at index 0
2021-05-21 14:32:01,256 [813e8fa6-b95f-4599-bf2c-d00dca9e2ee3@group-D2DFD490C1E5-StateMachineUpdater] INFO  impl.StateMachineUpdater (StateMachineUpdater.java:lambda$new$0(89)) - 813e8fa6-b95f-4599-bf2c-d00dca9e2ee3@group-D2DFD490C1E5-StateMachineUpdater: snapshotIndex: updateIncreasingly -1 -> 0
2021-05-21 14:32:01,256 [813e8fa6-b95f-4599-bf2c-d00dca9e2ee3@group-D2DFD490C1E5-StateMachineUpdater] INFO  metrics.RatisMetrics (RatisMetrics.java:unregister(43)) - Unregistering Metrics Registry : ratis.state_machine.813e8fa6-b95f-4599-bf2c-d00dca9e2ee3@group-D2DFD490C1E5
2021-05-21 14:32:01,256 [Command processor thread] INFO  server.RaftServer$Division (ServerState.java:close(405)) - 813e8fa6-b95f-4599-bf2c-d00dca9e2ee3@group-D2DFD490C1E5: closes. applyIndex: 0
2021-05-21 14:32:01,257 [813e8fa6-b95f-4599-bf2c-d00dca9e2ee3@group-D2DFD490C1E5-SegmentedRaftLogWorker] INFO  segmented.SegmentedRaftLogWorker (SegmentedRaftLogWorker.java:run(327)) - 813e8fa6-b95f-4599-bf2c-d00dca9e2ee3@group-D2DFD490C1E5-SegmentedRaftLogWorker was interrupted, exiting. There are 0 tasks remaining in the queue.
2021-05-21 14:32:01,257 [Command processor thread] INFO  segmented.SegmentedRaftLogWorker (SegmentedRaftLogWorker.java:close(237)) - 813e8fa6-b95f-4599-bf2c-d00dca9e2ee3@group-D2DFD490C1E5-SegmentedRaftLogWorker close()
2021-05-21 14:32:01,257 [Command processor thread] INFO  metrics.RatisMetrics (RatisMetrics.java:unregister(43)) - Unregistering Metrics Registry : ratis.log_worker.813e8fa6-b95f-4599-bf2c-d00dca9e2ee3@group-D2DFD490C1E5
2021-05-21 14:32:01,257 [Command processor thread] INFO  metrics.RatisMetrics (RatisMetrics.java:unregister(43)) - Unregistering Metrics Registry : ratis.leader_election.813e8fa6-b95f-4599-bf2c-d00dca9e2ee3@group-D2DFD490C1E5
2021-05-21 14:32:01,257 [Command processor thread] INFO  metrics.RatisMetrics (RatisMetrics.java:unregister(43)) - Unregistering Metrics Registry : ratis.server.813e8fa6-b95f-4599-bf2c-d00dca9e2ee3@group-D2DFD490C1E5
2021-05-21 14:32:01,257 [Command processor thread] INFO  server.RaftServer$Division (RaftServerImpl.java:groupRemove(376)) - 813e8fa6-b95f-4599-bf2c-d00dca9e2ee3@group-D2DFD490C1E5: Succeed to remove RaftStorageDirectory Storage Directory /github/workspace/mnt/ozone/hadoop-ozone/integration-test/target/test-dir/MiniOzoneClusterImpl-22464894-f501-479f-ae18-3fb6cdd505c4/datanode-4/data/ratis/0c6bfa22-dd3b-4c85-b03c-d2dfd490c1e5
2021-05-21 14:32:01,258 [Command processor thread] INFO  commandhandler.ClosePipelineCommandHandler (ClosePipelineCommandHandler.java:handle(75)) - Close Pipeline PipelineID=0c6bfa22-dd3b-4c85-b03c-d2dfd490c1e5 command on datanode 813e8fa6-b95f-4599-bf2c-d00dca9e2ee3.
2021-05-21 14:32:01,258 [Command processor thread] WARN  server.RaftServer (RaftServerProxy.java:remove(101)) - 813e8fa6-b95f-4599-bf2c-d00dca9e2ee3: does not contain group: group-D2DFD490C1E5
2021-05-21 14:32:01,258 [Command processor thread] ERROR commandhandler.ClosePipelineCommandHandler (ClosePipelineCommandHandler.java:handle(78)) - Can't close pipeline PipelineID=0c6bfa22-dd3b-4c85-b03c-d2dfd490c1e5
java.io.IOException: 813e8fa6-b95f-4599-bf2c-d00dca9e2ee3: Group group-D2DFD490C1E5 not found.
	at org.apache.hadoop.ozone.container.common.transport.server.ratis.XceiverServerRatis.removeGroup(XceiverServerRatis.java:826)
	at org.apache.hadoop.ozone.container.common.statemachine.commandhandler.ClosePipelineCommandHandler.handle(ClosePipelineCommandHandler.java:74)
	at org.apache.hadoop.ozone.container.common.statemachine.commandhandler.CommandDispatcher.handle(CommandDispatcher.java:99)
	at org.apache.hadoop.ozone.container.common.statemachine.DatanodeStateMachine.lambda$initCommandHandlerThread$2(DatanodeStateMachine.java:506)
	at java.lang.Thread.run(Thread.java:748)
Caused by: org.apache.ratis.protocol.exceptions.GroupMismatchException: 813e8fa6-b95f-4599-bf2c-d00dca9e2ee3: Group group-D2DFD490C1E5 not found.
	at org.apache.ratis.server.impl.RaftServerProxy.groupRemoveAsync(RaftServerProxy.java:504)
	at org.apache.ratis.server.impl.RaftServerProxy.groupManagementAsync(RaftServerProxy.java:460)
	at org.apache.ratis.server.impl.RaftServerProxy.groupManagement(RaftServerProxy.java:440)
	at org.apache.hadoop.ozone.container.common.transport.server.ratis.XceiverServerRatis.removeGroup(XceiverServerRatis.java:824)
	... 4 more
2021-05-21 14:32:01,259 [Command processor thread] WARN  server.RaftServer (RaftServerProxy.java:remove(101)) - 813e8fa6-b95f-4599-bf2c-d00dca9e2ee3: does not contain group: group-A6456F420DE7
2021-05-21 14:32:01,259 [Command processor thread] ERROR commandhandler.ClosePipelineCommandHandler (ClosePipelineCommandHandler.java:handle(78)) - Can't close pipeline PipelineID=111fc486-be15-40a3-a63d-a6456f420de7
java.io.IOException: 813e8fa6-b95f-4599-bf2c-d00dca9e2ee3: Group group-A6456F420DE7 not found.
	at org.apache.hadoop.ozone.container.common.transport.server.ratis.XceiverServerRatis.removeGroup(XceiverServerRatis.java:826)
	at org.apache.hadoop.ozone.container.common.statemachine.commandhandler.ClosePipelineCommandHandler.handle(ClosePipelineCommandHandler.java:74)
	at org.apache.hadoop.ozone.container.common.statemachine.commandhandler.CommandDispatcher.handle(CommandDispatcher.java:99)
	at org.apache.hadoop.ozone.container.common.statemachine.DatanodeStateMachine.lambda$initCommandHandlerThread$2(DatanodeStateMachine.java:506)
	at java.lang.Thread.run(Thread.java:748)
Caused by: org.apache.ratis.protocol.exceptions.GroupMismatchException: 813e8fa6-b95f-4599-bf2c-d00dca9e2ee3: Group group-A6456F420DE7 not found.
	at org.apache.ratis.server.impl.RaftServerProxy.groupRemoveAsync(RaftServerProxy.java:504)
	at org.apache.ratis.server.impl.RaftServerProxy.groupManagementAsync(RaftServerProxy.java:460)
	at org.apache.ratis.server.impl.RaftServerProxy.groupManagement(RaftServerProxy.java:440)
	at org.apache.hadoop.ozone.container.common.transport.server.ratis.XceiverServerRatis.removeGroup(XceiverServerRatis.java:824)
	... 4 more
2021-05-21 14:32:01,263 [Command processor thread] WARN  server.RaftServer (RaftServerProxy.java:remove(101)) - 813e8fa6-b95f-4599-bf2c-d00dca9e2ee3: does not contain group: group-D2DFD490C1E5
2021-05-21 14:32:01,263 [Command processor thread] ERROR commandhandler.ClosePipelineCommandHandler (ClosePipelineCommandHandler.java:handle(78)) - Can't close pipeline PipelineID=0c6bfa22-dd3b-4c85-b03c-d2dfd490c1e5
java.io.IOException: 813e8fa6-b95f-4599-bf2c-d00dca9e2ee3: Group group-D2DFD490C1E5 not found.
	at org.apache.hadoop.ozone.container.common.transport.server.ratis.XceiverServerRatis.removeGroup(XceiverServerRatis.java:826)
	at org.apache.hadoop.ozone.container.common.statemachine.commandhandler.ClosePipelineCommandHandler.handle(ClosePipelineCommandHandler.java:74)
	at org.apache.hadoop.ozone.container.common.statemachine.commandhandler.CommandDispatcher.handle(CommandDispatcher.java:99)
	at org.apache.hadoop.ozone.container.common.statemachine.DatanodeStateMachine.lambda$initCommandHandlerThread$2(DatanodeStateMachine.java:506)
	at java.lang.Thread.run(Thread.java:748)
Caused by: org.apache.ratis.protocol.exceptions.GroupMismatchException: 813e8fa6-b95f-4599-bf2c-d00dca9e2ee3: Group group-D2DFD490C1E5 not found.
	at org.apache.ratis.server.impl.RaftServerProxy.groupRemoveAsync(RaftServerProxy.java:504)
	at org.apache.ratis.server.impl.RaftServerProxy.groupManagementAsync(RaftServerProxy.java:460)
	at org.apache.ratis.server.impl.RaftServerProxy.groupManagement(RaftServerProxy.java:440)
	at org.apache.hadoop.ozone.container.common.transport.server.ratis.XceiverServerRatis.removeGroup(XceiverServerRatis.java:824)
	... 4 more
2021-05-21 14:32:01,263 [Command processor thread] WARN  server.RaftServer (RaftServerProxy.java:remove(101)) - 813e8fa6-b95f-4599-bf2c-d00dca9e2ee3: does not contain group: group-A6456F420DE7
2021-05-21 14:32:01,263 [Command processor thread] ERROR commandhandler.ClosePipelineCommandHandler (ClosePipelineCommandHandler.java:handle(78)) - Can't close pipeline PipelineID=111fc486-be15-40a3-a63d-a6456f420de7
java.io.IOException: 813e8fa6-b95f-4599-bf2c-d00dca9e2ee3: Group group-A6456F420DE7 not found.
	at org.apache.hadoop.ozone.container.common.transport.server.ratis.XceiverServerRatis.removeGroup(XceiverServerRatis.java:826)
	at org.apache.hadoop.ozone.container.common.statemachine.commandhandler.ClosePipelineCommandHandler.handle(ClosePipelineCommandHandler.java:74)
	at org.apache.hadoop.ozone.container.common.statemachine.commandhandler.CommandDispatcher.handle(CommandDispatcher.java:99)
	at org.apache.hadoop.ozone.container.common.statemachine.DatanodeStateMachine.lambda$initCommandHandlerThread$2(DatanodeStateMachine.java:506)
	at java.lang.Thread.run(Thread.java:748)
Caused by: org.apache.ratis.protocol.exceptions.GroupMismatchException: 813e8fa6-b95f-4599-bf2c-d00dca9e2ee3: Group group-A6456F420DE7 not found.
	at org.apache.ratis.server.impl.RaftServerProxy.groupRemoveAsync(RaftServerProxy.java:504)
	at org.apache.ratis.server.impl.RaftServerProxy.groupManagementAsync(RaftServerProxy.java:460)
	at org.apache.ratis.server.impl.RaftServerProxy.groupManagement(RaftServerProxy.java:440)
	at org.apache.hadoop.ozone.container.common.transport.server.ratis.XceiverServerRatis.removeGroup(XceiverServerRatis.java:824)
	... 4 more
2021-05-21 14:32:01,264 [Command processor thread] WARN  server.RaftServer (RaftServerProxy.java:remove(101)) - 813e8fa6-b95f-4599-bf2c-d00dca9e2ee3: does not contain group: group-D2DFD490C1E5
2021-05-21 14:32:01,264 [Command processor thread] ERROR commandhandler.ClosePipelineCommandHandler (ClosePipelineCommandHandler.java:handle(78)) - Can't close pipeline PipelineID=0c6bfa22-dd3b-4c85-b03c-d2dfd490c1e5
java.io.IOException: 813e8fa6-b95f-4599-bf2c-d00dca9e2ee3: Group group-D2DFD490C1E5 not found.
	at org.apache.hadoop.ozone.container.common.transport.server.ratis.XceiverServerRatis.removeGroup(XceiverServerRatis.java:826)
	at org.apache.hadoop.ozone.container.common.statemachine.commandhandler.ClosePipelineCommandHandler.handle(ClosePipelineCommandHandler.java:74)
	at org.apache.hadoop.ozone.container.common.statemachine.commandhandler.CommandDispatcher.handle(CommandDispatcher.java:99)
	at org.apache.hadoop.ozone.container.common.statemachine.DatanodeStateMachine.lambda$initCommandHandlerThread$2(DatanodeStateMachine.java:506)
	at java.lang.Thread.run(Thread.java:748)
Caused by: org.apache.ratis.protocol.exceptions.GroupMismatchException: 813e8fa6-b95f-4599-bf2c-d00dca9e2ee3: Group group-D2DFD490C1E5 not found.
	at org.apache.ratis.server.impl.RaftServerProxy.groupRemoveAsync(RaftServerProxy.java:504)
	at org.apache.ratis.server.impl.RaftServerProxy.groupManagementAsync(RaftServerProxy.java:460)
	at org.apache.ratis.server.impl.RaftServerProxy.groupManagement(RaftServerProxy.java:440)
	at org.apache.hadoop.ozone.container.common.transport.server.ratis.XceiverServerRatis.removeGroup(XceiverServerRatis.java:824)
	... 4 more
2021-05-21 14:32:01,264 [Command processor thread] WARN  server.RaftServer (RaftServerProxy.java:remove(101)) - 813e8fa6-b95f-4599-bf2c-d00dca9e2ee3: does not contain group: group-A6456F420DE7
2021-05-21 14:32:01,264 [Command processor thread] ERROR commandhandler.ClosePipelineCommandHandler (ClosePipelineCommandHandler.java:handle(78)) - Can't close pipeline PipelineID=111fc486-be15-40a3-a63d-a6456f420de7
java.io.IOException: 813e8fa6-b95f-4599-bf2c-d00dca9e2ee3: Group group-A6456F420DE7 not found.
	at org.apache.hadoop.ozone.container.common.transport.server.ratis.XceiverServerRatis.removeGroup(XceiverServerRatis.java:826)
	at org.apache.hadoop.ozone.container.common.statemachine.commandhandler.ClosePipelineCommandHandler.handle(ClosePipelineCommandHandler.java:74)
	at org.apache.hadoop.ozone.container.common.statemachine.commandhandler.CommandDispatcher.handle(CommandDispatcher.java:99)
	at org.apache.hadoop.ozone.container.common.statemachine.DatanodeStateMachine.lambda$initCommandHandlerThread$2(DatanodeStateMachine.java:506)
	at java.lang.Thread.run(Thread.java:748)
Caused by: org.apache.ratis.protocol.exceptions.GroupMismatchException: 813e8fa6-b95f-4599-bf2c-d00dca9e2ee3: Group group-A6456F420DE7 not found.
	at org.apache.ratis.server.impl.RaftServerProxy.groupRemoveAsync(RaftServerProxy.java:504)
	at org.apache.ratis.server.impl.RaftServerProxy.groupManagementAsync(RaftServerProxy.java:460)
	at org.apache.ratis.server.impl.RaftServerProxy.groupManagement(RaftServerProxy.java:440)
	at org.apache.hadoop.ozone.container.common.transport.server.ratis.XceiverServerRatis.removeGroup(XceiverServerRatis.java:824)
	... 4 more
2021-05-21 14:32:01,265 [Command processor thread] WARN  server.RaftServer (RaftServerProxy.java:remove(101)) - 813e8fa6-b95f-4599-bf2c-d00dca9e2ee3: does not contain group: group-D2DFD490C1E5
2021-05-21 14:32:01,265 [Command processor thread] ERROR commandhandler.ClosePipelineCommandHandler (ClosePipelineCommandHandler.java:handle(78)) - Can't close pipeline PipelineID=0c6bfa22-dd3b-4c85-b03c-d2dfd490c1e5
java.io.IOException: 813e8fa6-b95f-4599-bf2c-d00dca9e2ee3: Group group-D2DFD490C1E5 not found.
	at org.apache.hadoop.ozone.container.common.transport.server.ratis.XceiverServerRatis.removeGroup(XceiverServerRatis.java:826)
	at org.apache.hadoop.ozone.container.common.statemachine.commandhandler.ClosePipelineCommandHandler.handle(ClosePipelineCommandHandler.java:74)
	at org.apache.hadoop.ozone.container.common.statemachine.commandhandler.CommandDispatcher.handle(CommandDispatcher.java:99)
	at org.apache.hadoop.ozone.container.common.statemachine.DatanodeStateMachine.lambda$initCommandHandlerThread$2(DatanodeStateMachine.java:506)
	at java.lang.Thread.run(Thread.java:748)
Caused by: org.apache.ratis.protocol.exceptions.GroupMismatchException: 813e8fa6-b95f-4599-bf2c-d00dca9e2ee3: Group group-D2DFD490C1E5 not found.
	at org.apache.ratis.server.impl.RaftServerProxy.groupRemoveAsync(RaftServerProxy.java:504)
	at org.apache.ratis.server.impl.RaftServerProxy.groupManagementAsync(RaftServerProxy.java:460)
	at org.apache.ratis.server.impl.RaftServerProxy.groupManagement(RaftServerProxy.java:440)
	at org.apache.hadoop.ozone.container.common.transport.server.ratis.XceiverServerRatis.removeGroup(XceiverServerRatis.java:824)
	... 4 more
2021-05-21 14:32:01,265 [Command processor thread] WARN  server.RaftServer (RaftServerProxy.java:remove(101)) - 813e8fa6-b95f-4599-bf2c-d00dca9e2ee3: does not contain group: group-A6456F420DE7
2021-05-21 14:32:01,265 [Command processor thread] ERROR commandhandler.ClosePipelineCommandHandler (ClosePipelineCommandHandler.java:handle(78)) - Can't close pipeline PipelineID=111fc486-be15-40a3-a63d-a6456f420de7
java.io.IOException: 813e8fa6-b95f-4599-bf2c-d00dca9e2ee3: Group group-A6456F420DE7 not found.
	at org.apache.hadoop.ozone.container.common.transport.server.ratis.XceiverServerRatis.removeGroup(XceiverServerRatis.java:826)
	at org.apache.hadoop.ozone.container.common.statemachine.commandhandler.ClosePipelineCommandHandler.handle(ClosePipelineCommandHandler.java:74)
	at org.apache.hadoop.ozone.container.common.statemachine.commandhandler.CommandDispatcher.handle(CommandDispatcher.java:99)
	at org.apache.hadoop.ozone.container.common.statemachine.DatanodeStateMachine.lambda$initCommandHandlerThread$2(DatanodeStateMachine.java:506)
	at java.lang.Thread.run(Thread.java:748)
Caused by: org.apache.ratis.protocol.exceptions.GroupMismatchException: 813e8fa6-b95f-4599-bf2c-d00dca9e2ee3: Group group-A6456F420DE7 not found.
	at org.apache.ratis.server.impl.RaftServerProxy.groupRemoveAsync(RaftServerProxy.java:504)
	at org.apache.ratis.server.impl.RaftServerProxy.groupManagementAsync(RaftServerProxy.java:460)
	at org.apache.ratis.server.impl.RaftServerProxy.groupManagement(RaftServerProxy.java:440)
	at org.apache.hadoop.ozone.container.common.transport.server.ratis.XceiverServerRatis.removeGroup(XceiverServerRatis.java:824)
	... 4 more
2021-05-21 14:32:01,266 [Command processor thread] WARN  server.RaftServer (RaftServerProxy.java:remove(101)) - 813e8fa6-b95f-4599-bf2c-d00dca9e2ee3: does not contain group: group-D2DFD490C1E5
2021-05-21 14:32:01,266 [Command processor thread] ERROR commandhandler.ClosePipelineCommandHandler (ClosePipelineCommandHandler.java:handle(78)) - Can't close pipeline PipelineID=0c6bfa22-dd3b-4c85-b03c-d2dfd490c1e5
java.io.IOException: 813e8fa6-b95f-4599-bf2c-d00dca9e2ee3: Group group-D2DFD490C1E5 not found.
	at org.apache.hadoop.ozone.container.common.transport.server.ratis.XceiverServerRatis.removeGroup(XceiverServerRatis.java:826)
	at org.apache.hadoop.ozone.container.common.statemachine.commandhandler.ClosePipelineCommandHandler.handle(ClosePipelineCommandHandler.java:74)
	at org.apache.hadoop.ozone.container.common.statemachine.commandhandler.CommandDispatcher.handle(CommandDispatcher.java:99)
	at org.apache.hadoop.ozone.container.common.statemachine.DatanodeStateMachine.lambda$initCommandHandlerThread$2(DatanodeStateMachine.java:506)
	at java.lang.Thread.run(Thread.java:748)
Caused by: org.apache.ratis.protocol.exceptions.GroupMismatchException: 813e8fa6-b95f-4599-bf2c-d00dca9e2ee3: Group group-D2DFD490C1E5 not found.
	at org.apache.ratis.server.impl.RaftServerProxy.groupRemoveAsync(RaftServerProxy.java:504)
	at org.apache.ratis.server.impl.RaftServerProxy.groupManagementAsync(RaftServerProxy.java:460)
	at org.apache.ratis.server.impl.RaftServerProxy.groupManagement(RaftServerProxy.java:440)
	at org.apache.hadoop.ozone.container.common.transport.server.ratis.XceiverServerRatis.removeGroup(XceiverServerRatis.java:824)
	... 4 more
2021-05-21 14:32:01,266 [Command processor thread] WARN  server.RaftServer (RaftServerProxy.java:remove(101)) - 813e8fa6-b95f-4599-bf2c-d00dca9e2ee3: does not contain group: group-A6456F420DE7
2021-05-21 14:32:01,266 [Command processor thread] ERROR commandhandler.ClosePipelineCommandHandler (ClosePipelineCommandHandler.java:handle(78)) - Can't close pipeline PipelineID=111fc486-be15-40a3-a63d-a6456f420de7
java.io.IOException: 813e8fa6-b95f-4599-bf2c-d00dca9e2ee3: Group group-A6456F420DE7 not found.
	at org.apache.hadoop.ozone.container.common.transport.server.ratis.XceiverServerRatis.removeGroup(XceiverServerRatis.java:826)
	at org.apache.hadoop.ozone.container.common.statemachine.commandhandler.ClosePipelineCommandHandler.handle(ClosePipelineCommandHandler.java:74)
	at org.apache.hadoop.ozone.container.common.statemachine.commandhandler.CommandDispatcher.handle(CommandDispatcher.java:99)
	at org.apache.hadoop.ozone.container.common.statemachine.DatanodeStateMachine.lambda$initCommandHandlerThread$2(DatanodeStateMachine.java:506)
	at java.lang.Thread.run(Thread.java:748)
Caused by: org.apache.ratis.protocol.exceptions.GroupMismatchException: 813e8fa6-b95f-4599-bf2c-d00dca9e2ee3: Group group-A6456F420DE7 not found.
	at org.apache.ratis.server.impl.RaftServerProxy.groupRemoveAsync(RaftServerProxy.java:504)
	at org.apache.ratis.server.impl.RaftServerProxy.groupManagementAsync(RaftServerProxy.java:460)
	at org.apache.ratis.server.impl.RaftServerProxy.groupManagement(RaftServerProxy.java:440)
	at org.apache.hadoop.ozone.container.common.transport.server.ratis.XceiverServerRatis.removeGroup(XceiverServerRatis.java:824)
	... 4 more
2021-05-21 14:32:01,266 [Command processor thread] WARN  server.RaftServer (RaftServerProxy.java:remove(101)) - 813e8fa6-b95f-4599-bf2c-d00dca9e2ee3: does not contain group: group-D2DFD490C1E5
2021-05-21 14:32:01,267 [Command processor thread] ERROR commandhandler.ClosePipelineCommandHandler (ClosePipelineCommandHandler.java:handle(78)) - Can't close pipeline PipelineID=0c6bfa22-dd3b-4c85-b03c-d2dfd490c1e5
java.io.IOException: 813e8fa6-b95f-4599-bf2c-d00dca9e2ee3: Group group-D2DFD490C1E5 not found.
	at org.apache.hadoop.ozone.container.common.transport.server.ratis.XceiverServerRatis.removeGroup(XceiverServerRatis.java:826)
	at org.apache.hadoop.ozone.container.common.statemachine.commandhandler.ClosePipelineCommandHandler.handle(ClosePipelineCommandHandler.java:74)
	at org.apache.hadoop.ozone.container.common.statemachine.commandhandler.CommandDispatcher.handle(CommandDispatcher.java:99)
	at org.apache.hadoop.ozone.container.common.statemachine.DatanodeStateMachine.lambda$initCommandHandlerThread$2(DatanodeStateMachine.java:506)
	at java.lang.Thread.run(Thread.java:748)
Caused by: org.apache.ratis.protocol.exceptions.GroupMismatchException: 813e8fa6-b95f-4599-bf2c-d00dca9e2ee3: Group group-D2DFD490C1E5 not found.
	at org.apache.ratis.server.impl.RaftServerProxy.groupRemoveAsync(RaftServerProxy.java:504)
	at org.apache.ratis.server.impl.RaftServerProxy.groupManagementAsync(RaftServerProxy.java:460)
	at org.apache.ratis.server.impl.RaftServerProxy.groupManagement(RaftServerProxy.java:440)
	at org.apache.hadoop.ozone.container.common.transport.server.ratis.XceiverServerRatis.removeGroup(XceiverServerRatis.java:824)
	... 4 more
2021-05-21 14:32:01,267 [Command processor thread] WARN  server.RaftServer (RaftServerProxy.java:remove(101)) - 813e8fa6-b95f-4599-bf2c-d00dca9e2ee3: does not contain group: group-A6456F420DE7
2021-05-21 14:32:01,267 [Command processor thread] ERROR commandhandler.ClosePipelineCommandHandler (ClosePipelineCommandHandler.java:handle(78)) - Can't close pipeline PipelineID=111fc486-be15-40a3-a63d-a6456f420de7
java.io.IOException: 813e8fa6-b95f-4599-bf2c-d00dca9e2ee3: Group group-A6456F420DE7 not found.
	at org.apache.hadoop.ozone.container.common.transport.server.ratis.XceiverServerRatis.removeGroup(XceiverServerRatis.java:826)
	at org.apache.hadoop.ozone.container.common.statemachine.commandhandler.ClosePipelineCommandHandler.handle(ClosePipelineCommandHandler.java:74)
	at org.apache.hadoop.ozone.container.common.statemachine.commandhandler.CommandDispatcher.handle(CommandDispatcher.java:99)
	at org.apache.hadoop.ozone.container.common.statemachine.DatanodeStateMachine.lambda$initCommandHandlerThread$2(DatanodeStateMachine.java:506)
	at java.lang.Thread.run(Thread.java:748)
Caused by: org.apache.ratis.protocol.exceptions.GroupMismatchException: 813e8fa6-b95f-4599-bf2c-d00dca9e2ee3: Group group-A6456F420DE7 not found.
	at org.apache.ratis.server.impl.RaftServerProxy.groupRemoveAsync(RaftServerProxy.java:504)
	at org.apache.ratis.server.impl.RaftServerProxy.groupManagementAsync(RaftServerProxy.java:460)
	at org.apache.ratis.server.impl.RaftServerProxy.groupManagement(RaftServerProxy.java:440)
	at org.apache.hadoop.ozone.container.common.transport.server.ratis.XceiverServerRatis.removeGroup(XceiverServerRatis.java:824)
	... 4 more
2021-05-21 14:32:01,268 [Command processor thread] WARN  server.RaftServer (RaftServerProxy.java:remove(101)) - 813e8fa6-b95f-4599-bf2c-d00dca9e2ee3: does not contain group: group-D2DFD490C1E5
2021-05-21 14:32:01,268 [Command processor thread] ERROR commandhandler.ClosePipelineCommandHandler (ClosePipelineCommandHandler.java:handle(78)) - Can't close pipeline PipelineID=0c6bfa22-dd3b-4c85-b03c-d2dfd490c1e5
java.io.IOException: 813e8fa6-b95f-4599-bf2c-d00dca9e2ee3: Group group-D2DFD490C1E5 not found.
	at org.apache.hadoop.ozone.container.common.transport.server.ratis.XceiverServerRatis.removeGroup(XceiverServerRatis.java:826)
	at org.apache.hadoop.ozone.container.common.statemachine.commandhandler.ClosePipelineCommandHandler.handle(ClosePipelineCommandHandler.java:74)
	at org.apache.hadoop.ozone.container.common.statemachine.commandhandler.CommandDispatcher.handle(CommandDispatcher.java:99)
	at org.apache.hadoop.ozone.container.common.statemachine.DatanodeStateMachine.lambda$initCommandHandlerThread$2(DatanodeStateMachine.java:506)
	at java.lang.Thread.run(Thread.java:748)
Caused by: org.apache.ratis.protocol.exceptions.GroupMismatchException: 813e8fa6-b95f-4599-bf2c-d00dca9e2ee3: Group group-D2DFD490C1E5 not found.
	at org.apache.ratis.server.impl.RaftServerProxy.groupRemoveAsync(RaftServerProxy.java:504)
	at org.apache.ratis.server.impl.RaftServerProxy.groupManagementAsync(RaftServerProxy.java:460)
	at org.apache.ratis.server.impl.RaftServerProxy.groupManagement(RaftServerProxy.java:440)
	at org.apache.hadoop.ozone.container.common.transport.server.ratis.XceiverServerRatis.removeGroup(XceiverServerRatis.java:824)
	... 4 more
2021-05-21 14:32:01,268 [Command processor thread] WARN  server.RaftServer (RaftServerProxy.java:remove(101)) - 813e8fa6-b95f-4599-bf2c-d00dca9e2ee3: does not contain group: group-A6456F420DE7
2021-05-21 14:32:01,268 [Command processor thread] ERROR commandhandler.ClosePipelineCommandHandler (ClosePipelineCommandHandler.java:handle(78)) - Can't close pipeline PipelineID=111fc486-be15-40a3-a63d-a6456f420de7
java.io.IOException: 813e8fa6-b95f-4599-bf2c-d00dca9e2ee3: Group group-A6456F420DE7 not found.
	at org.apache.hadoop.ozone.container.common.transport.server.ratis.XceiverServerRatis.removeGroup(XceiverServerRatis.java:826)
	at org.apache.hadoop.ozone.container.common.statemachine.commandhandler.ClosePipelineCommandHandler.handle(ClosePipelineCommandHandler.java:74)
	at org.apache.hadoop.ozone.container.common.statemachine.commandhandler.CommandDispatcher.handle(CommandDispatcher.java:99)
	at org.apache.hadoop.ozone.container.common.statemachine.DatanodeStateMachine.lambda$initCommandHandlerThread$2(DatanodeStateMachine.java:506)
	at java.lang.Thread.run(Thread.java:748)
Caused by: org.apache.ratis.protocol.exceptions.GroupMismatchException: 813e8fa6-b95f-4599-bf2c-d00dca9e2ee3: Group group-A6456F420DE7 not found.
	at org.apache.ratis.server.impl.RaftServerProxy.groupRemoveAsync(RaftServerProxy.java:504)
	at org.apache.ratis.server.impl.RaftServerProxy.groupManagementAsync(RaftServerProxy.java:460)
	at org.apache.ratis.server.impl.RaftServerProxy.groupManagement(RaftServerProxy.java:440)
	at org.apache.hadoop.ozone.container.common.transport.server.ratis.XceiverServerRatis.removeGroup(XceiverServerRatis.java:824)
	... 4 more
2021-05-21 14:32:01,269 [Command processor thread] WARN  server.RaftServer (RaftServerProxy.java:remove(101)) - 813e8fa6-b95f-4599-bf2c-d00dca9e2ee3: does not contain group: group-D2DFD490C1E5
2021-05-21 14:32:01,269 [Command processor thread] ERROR commandhandler.ClosePipelineCommandHandler (ClosePipelineCommandHandler.java:handle(78)) - Can't close pipeline PipelineID=0c6bfa22-dd3b-4c85-b03c-d2dfd490c1e5
java.io.IOException: 813e8fa6-b95f-4599-bf2c-d00dca9e2ee3: Group group-D2DFD490C1E5 not found.
	at org.apache.hadoop.ozone.container.common.transport.server.ratis.XceiverServerRatis.removeGroup(XceiverServerRatis.java:826)
	at org.apache.hadoop.ozone.container.common.statemachine.commandhandler.ClosePipelineCommandHandler.handle(ClosePipelineCommandHandler.java:74)
	at org.apache.hadoop.ozone.container.common.statemachine.commandhandler.CommandDispatcher.handle(CommandDispatcher.java:99)
	at org.apache.hadoop.ozone.container.common.statemachine.DatanodeStateMachine.lambda$initCommandHandlerThread$2(DatanodeStateMachine.java:506)
	at java.lang.Thread.run(Thread.java:748)
Caused by: org.apache.ratis.protocol.exceptions.GroupMismatchException: 813e8fa6-b95f-4599-bf2c-d00dca9e2ee3: Group group-D2DFD490C1E5 not found.
	at org.apache.ratis.server.impl.RaftServerProxy.groupRemoveAsync(RaftServerProxy.java:504)
	at org.apache.ratis.server.impl.RaftServerProxy.groupManagementAsync(RaftServerProxy.java:460)
	at org.apache.ratis.server.impl.RaftServerProxy.groupManagement(RaftServerProxy.java:440)
	at org.apache.hadoop.ozone.container.common.transport.server.ratis.XceiverServerRatis.removeGroup(XceiverServerRatis.java:824)
	... 4 more
2021-05-21 14:32:01,269 [Command processor thread] WARN  server.RaftServer (RaftServerProxy.java:remove(101)) - 813e8fa6-b95f-4599-bf2c-d00dca9e2ee3: does not contain group: group-A6456F420DE7
2021-05-21 14:32:01,269 [Command processor thread] ERROR commandhandler.ClosePipelineCommandHandler (ClosePipelineCommandHandler.java:handle(78)) - Can't close pipeline PipelineID=111fc486-be15-40a3-a63d-a6456f420de7
java.io.IOException: 813e8fa6-b95f-4599-bf2c-d00dca9e2ee3: Group group-A6456F420DE7 not found.
	at org.apache.hadoop.ozone.container.common.transport.server.ratis.XceiverServerRatis.removeGroup(XceiverServerRatis.java:826)
	at org.apache.hadoop.ozone.container.common.statemachine.commandhandler.ClosePipelineCommandHandler.handle(ClosePipelineCommandHandler.java:74)
	at org.apache.hadoop.ozone.container.common.statemachine.commandhandler.CommandDispatcher.handle(CommandDispatcher.java:99)
	at org.apache.hadoop.ozone.container.common.statemachine.DatanodeStateMachine.lambda$initCommandHandlerThread$2(DatanodeStateMachine.java:506)
	at java.lang.Thread.run(Thread.java:748)
Caused by: org.apache.ratis.protocol.exceptions.GroupMismatchException: 813e8fa6-b95f-4599-bf2c-d00dca9e2ee3: Group group-A6456F420DE7 not found.
	at org.apache.ratis.server.impl.RaftServerProxy.groupRemoveAsync(RaftServerProxy.java:504)
	at org.apache.ratis.server.impl.RaftServerProxy.groupManagementAsync(RaftServerProxy.java:460)
	at org.apache.ratis.server.impl.RaftServerProxy.groupManagement(RaftServerProxy.java:440)
	at org.apache.hadoop.ozone.container.common.transport.server.ratis.XceiverServerRatis.removeGroup(XceiverServerRatis.java:824)
	... 4 more
2021-05-21 14:32:01,270 [Command processor thread] WARN  server.RaftServer (RaftServerProxy.java:remove(101)) - 813e8fa6-b95f-4599-bf2c-d00dca9e2ee3: does not contain group: group-D2DFD490C1E5
2021-05-21 14:32:01,270 [Command processor thread] ERROR commandhandler.ClosePipelineCommandHandler (ClosePipelineCommandHandler.java:handle(78)) - Can't close pipeline PipelineID=0c6bfa22-dd3b-4c85-b03c-d2dfd490c1e5
java.io.IOException: 813e8fa6-b95f-4599-bf2c-d00dca9e2ee3: Group group-D2DFD490C1E5 not found.
	at org.apache.hadoop.ozone.container.common.transport.server.ratis.XceiverServerRatis.removeGroup(XceiverServerRatis.java:826)
	at org.apache.hadoop.ozone.container.common.statemachine.commandhandler.ClosePipelineCommandHandler.handle(ClosePipelineCommandHandler.java:74)
	at org.apache.hadoop.ozone.container.common.statemachine.commandhandler.CommandDispatcher.handle(CommandDispatcher.java:99)
	at org.apache.hadoop.ozone.container.common.statemachine.DatanodeStateMachine.lambda$initCommandHandlerThread$2(DatanodeStateMachine.java:506)
	at java.lang.Thread.run(Thread.java:748)
Caused by: org.apache.ratis.protocol.exceptions.GroupMismatchException: 813e8fa6-b95f-4599-bf2c-d00dca9e2ee3: Group group-D2DFD490C1E5 not found.
	at org.apache.ratis.server.impl.RaftServerProxy.groupRemoveAsync(RaftServerProxy.java:504)
	at org.apache.ratis.server.impl.RaftServerProxy.groupManagementAsync(RaftServerProxy.java:460)
	at org.apache.ratis.server.impl.RaftServerProxy.groupManagement(RaftServerProxy.java:440)
	at org.apache.hadoop.ozone.container.common.transport.server.ratis.XceiverServerRatis.removeGroup(XceiverServerRatis.java:824)
	... 4 more
2021-05-21 14:32:01,270 [Command processor thread] WARN  server.RaftServer (RaftServerProxy.java:remove(101)) - 813e8fa6-b95f-4599-bf2c-d00dca9e2ee3: does not contain group: group-A6456F420DE7
2021-05-21 14:32:01,270 [Command processor thread] ERROR commandhandler.ClosePipelineCommandHandler (ClosePipelineCommandHandler.java:handle(78)) - Can't close pipeline PipelineID=111fc486-be15-40a3-a63d-a6456f420de7
java.io.IOException: 813e8fa6-b95f-4599-bf2c-d00dca9e2ee3: Group group-A6456F420DE7 not found.
	at org.apache.hadoop.ozone.container.common.transport.server.ratis.XceiverServerRatis.removeGroup(XceiverServerRatis.java:826)
	at org.apache.hadoop.ozone.container.common.statemachine.commandhandler.ClosePipelineCommandHandler.handle(ClosePipelineCommandHandler.java:74)
	at org.apache.hadoop.ozone.container.common.statemachine.commandhandler.CommandDispatcher.handle(CommandDispatcher.java:99)
	at org.apache.hadoop.ozone.container.common.statemachine.DatanodeStateMachine.lambda$initCommandHandlerThread$2(DatanodeStateMachine.java:506)
	at java.lang.Thread.run(Thread.java:748)
Caused by: org.apache.ratis.protocol.exceptions.GroupMismatchException: 813e8fa6-b95f-4599-bf2c-d00dca9e2ee3: Group group-A6456F420DE7 not found.
	at org.apache.ratis.server.impl.RaftServerProxy.groupRemoveAsync(RaftServerProxy.java:504)
	at org.apache.ratis.server.impl.RaftServerProxy.groupManagementAsync(RaftServerProxy.java:460)
	at org.apache.ratis.server.impl.RaftServerProxy.groupManagement(RaftServerProxy.java:440)
	at org.apache.hadoop.ozone.container.common.transport.server.ratis.XceiverServerRatis.removeGroup(XceiverServerRatis.java:824)
	... 4 more
2021-05-21 14:32:01,270 [Command processor thread] WARN  server.RaftServer (RaftServerProxy.java:remove(101)) - 813e8fa6-b95f-4599-bf2c-d00dca9e2ee3: does not contain group: group-D2DFD490C1E5
2021-05-21 14:32:01,271 [Command processor thread] ERROR commandhandler.ClosePipelineCommandHandler (ClosePipelineCommandHandler.java:handle(78)) - Can't close pipeline PipelineID=0c6bfa22-dd3b-4c85-b03c-d2dfd490c1e5
java.io.IOException: 813e8fa6-b95f-4599-bf2c-d00dca9e2ee3: Group group-D2DFD490C1E5 not found.
	at org.apache.hadoop.ozone.container.common.transport.server.ratis.XceiverServerRatis.removeGroup(XceiverServerRatis.java:826)
	at org.apache.hadoop.ozone.container.common.statemachine.commandhandler.ClosePipelineCommandHandler.handle(ClosePipelineCommandHandler.java:74)
	at org.apache.hadoop.ozone.container.common.statemachine.commandhandler.CommandDispatcher.handle(CommandDispatcher.java:99)
	at org.apache.hadoop.ozone.container.common.statemachine.DatanodeStateMachine.lambda$initCommandHandlerThread$2(DatanodeStateMachine.java:506)
	at java.lang.Thread.run(Thread.java:748)
Caused by: org.apache.ratis.protocol.exceptions.GroupMismatchException: 813e8fa6-b95f-4599-bf2c-d00dca9e2ee3: Group group-D2DFD490C1E5 not found.
	at org.apache.ratis.server.impl.RaftServerProxy.groupRemoveAsync(RaftServerProxy.java:504)
	at org.apache.ratis.server.impl.RaftServerProxy.groupManagementAsync(RaftServerProxy.java:460)
	at org.apache.ratis.server.impl.RaftServerProxy.groupManagement(RaftServerProxy.java:440)
	at org.apache.hadoop.ozone.container.common.transport.server.ratis.XceiverServerRatis.removeGroup(XceiverServerRatis.java:824)
	... 4 more
2021-05-21 14:32:01,271 [Command processor thread] WARN  server.RaftServer (RaftServerProxy.java:remove(101)) - 813e8fa6-b95f-4599-bf2c-d00dca9e2ee3: does not contain group: group-A6456F420DE7
2021-05-21 14:32:01,271 [Command processor thread] ERROR commandhandler.ClosePipelineCommandHandler (ClosePipelineCommandHandler.java:handle(78)) - Can't close pipeline PipelineID=111fc486-be15-40a3-a63d-a6456f420de7
java.io.IOException: 813e8fa6-b95f-4599-bf2c-d00dca9e2ee3: Group group-A6456F420DE7 not found.
	at org.apache.hadoop.ozone.container.common.transport.server.ratis.XceiverServerRatis.removeGroup(XceiverServerRatis.java:826)
	at org.apache.hadoop.ozone.container.common.statemachine.commandhandler.ClosePipelineCommandHandler.handle(ClosePipelineCommandHandler.java:74)
	at org.apache.hadoop.ozone.container.common.statemachine.commandhandler.CommandDispatcher.handle(CommandDispatcher.java:99)
	at org.apache.hadoop.ozone.container.common.statemachine.DatanodeStateMachine.lambda$initCommandHandlerThread$2(DatanodeStateMachine.java:506)
	at java.lang.Thread.run(Thread.java:748)
Caused by: org.apache.ratis.protocol.exceptions.GroupMismatchException: 813e8fa6-b95f-4599-bf2c-d00dca9e2ee3: Group group-A6456F420DE7 not found.
	at org.apache.ratis.server.impl.RaftServerProxy.groupRemoveAsync(RaftServerProxy.java:504)
	at org.apache.ratis.server.impl.RaftServerProxy.groupManagementAsync(RaftServerProxy.java:460)
	at org.apache.ratis.server.impl.RaftServerProxy.groupManagement(RaftServerProxy.java:440)
	at org.apache.hadoop.ozone.container.common.transport.server.ratis.XceiverServerRatis.removeGroup(XceiverServerRatis.java:824)
	... 4 more
2021-05-21 14:32:01,271 [Command processor thread] WARN  server.RaftServer (RaftServerProxy.java:remove(101)) - 813e8fa6-b95f-4599-bf2c-d00dca9e2ee3: does not contain group: group-D2DFD490C1E5
2021-05-21 14:32:01,271 [Command processor thread] ERROR commandhandler.ClosePipelineCommandHandler (ClosePipelineCommandHandler.java:handle(78)) - Can't close pipeline PipelineID=0c6bfa22-dd3b-4c85-b03c-d2dfd490c1e5
java.io.IOException: 813e8fa6-b95f-4599-bf2c-d00dca9e2ee3: Group group-D2DFD490C1E5 not found.
	at org.apache.hadoop.ozone.container.common.transport.server.ratis.XceiverServerRatis.removeGroup(XceiverServerRatis.java:826)
	at org.apache.hadoop.ozone.container.common.statemachine.commandhandler.ClosePipelineCommandHandler.handle(ClosePipelineCommandHandler.java:74)
	at org.apache.hadoop.ozone.container.common.statemachine.commandhandler.CommandDispatcher.handle(CommandDispatcher.java:99)
	at org.apache.hadoop.ozone.container.common.statemachine.DatanodeStateMachine.lambda$initCommandHandlerThread$2(DatanodeStateMachine.java:506)
	at java.lang.Thread.run(Thread.java:748)
Caused by: org.apache.ratis.protocol.exceptions.GroupMismatchException: 813e8fa6-b95f-4599-bf2c-d00dca9e2ee3: Group group-D2DFD490C1E5 not found.
	at org.apache.ratis.server.impl.RaftServerProxy.groupRemoveAsync(RaftServerProxy.java:504)
	at org.apache.ratis.server.impl.RaftServerProxy.groupManagementAsync(RaftServerProxy.java:460)
	at org.apache.ratis.server.impl.RaftServerProxy.groupManagement(RaftServerProxy.java:440)
	at org.apache.hadoop.ozone.container.common.transport.server.ratis.XceiverServerRatis.removeGroup(XceiverServerRatis.java:824)
	... 4 more
2021-05-21 14:32:01,271 [Command processor thread] WARN  server.RaftServer (RaftServerProxy.java:remove(101)) - 813e8fa6-b95f-4599-bf2c-d00dca9e2ee3: does not contain group: group-A6456F420DE7
2021-05-21 14:32:01,272 [Command processor thread] ERROR commandhandler.ClosePipelineCommandHandler (ClosePipelineCommandHandler.java:handle(78)) - Can't close pipeline PipelineID=111fc486-be15-40a3-a63d-a6456f420de7
java.io.IOException: 813e8fa6-b95f-4599-bf2c-d00dca9e2ee3: Group group-A6456F420DE7 not found.
	at org.apache.hadoop.ozone.container.common.transport.server.ratis.XceiverServerRatis.removeGroup(XceiverServerRatis.java:826)
	at org.apache.hadoop.ozone.container.common.statemachine.commandhandler.ClosePipelineCommandHandler.handle(ClosePipelineCommandHandler.java:74)
	at org.apache.hadoop.ozone.container.common.statemachine.commandhandler.CommandDispatcher.handle(CommandDispatcher.java:99)
	at org.apache.hadoop.ozone.container.common.statemachine.DatanodeStateMachine.lambda$initCommandHandlerThread$2(DatanodeStateMachine.java:506)
	at java.lang.Thread.run(Thread.java:748)
Caused by: org.apache.ratis.protocol.exceptions.GroupMismatchException: 813e8fa6-b95f-4599-bf2c-d00dca9e2ee3: Group group-A6456F420DE7 not found.
	at org.apache.ratis.server.impl.RaftServerProxy.groupRemoveAsync(RaftServerProxy.java:504)
	at org.apache.ratis.server.impl.RaftServerProxy.groupManagementAsync(RaftServerProxy.java:460)
	at org.apache.ratis.server.impl.RaftServerProxy.groupManagement(RaftServerProxy.java:440)
	at org.apache.hadoop.ozone.container.common.transport.server.ratis.XceiverServerRatis.removeGroup(XceiverServerRatis.java:824)
	... 4 more
2021-05-21 14:32:01,272 [Command processor thread] WARN  server.RaftServer (RaftServerProxy.java:remove(101)) - 813e8fa6-b95f-4599-bf2c-d00dca9e2ee3: does not contain group: group-D2DFD490C1E5
2021-05-21 14:32:01,272 [Command processor thread] ERROR commandhandler.ClosePipelineCommandHandler (ClosePipelineCommandHandler.java:handle(78)) - Can't close pipeline PipelineID=0c6bfa22-dd3b-4c85-b03c-d2dfd490c1e5
java.io.IOException: 813e8fa6-b95f-4599-bf2c-d00dca9e2ee3: Group group-D2DFD490C1E5 not found.
	at org.apache.hadoop.ozone.container.common.transport.server.ratis.XceiverServerRatis.removeGroup(XceiverServerRatis.java:826)
	at org.apache.hadoop.ozone.container.common.statemachine.commandhandler.ClosePipelineCommandHandler.handle(ClosePipelineCommandHandler.java:74)
	at org.apache.hadoop.ozone.container.common.statemachine.commandhandler.CommandDispatcher.handle(CommandDispatcher.java:99)
	at org.apache.hadoop.ozone.container.common.statemachine.DatanodeStateMachine.lambda$initCommandHandlerThread$2(DatanodeStateMachine.java:506)
	at java.lang.Thread.run(Thread.java:748)
Caused by: org.apache.ratis.protocol.exceptions.GroupMismatchException: 813e8fa6-b95f-4599-bf2c-d00dca9e2ee3: Group group-D2DFD490C1E5 not found.
	at org.apache.ratis.server.impl.RaftServerProxy.groupRemoveAsync(RaftServerProxy.java:504)
	at org.apache.ratis.server.impl.RaftServerProxy.groupManagementAsync(RaftServerProxy.java:460)
	at org.apache.ratis.server.impl.RaftServerProxy.groupManagement(RaftServerProxy.java:440)
	at org.apache.hadoop.ozone.container.common.transport.server.ratis.XceiverServerRatis.removeGroup(XceiverServerRatis.java:824)
	... 4 more
2021-05-21 14:32:01,273 [Command processor thread] WARN  server.RaftServer (RaftServerProxy.java:remove(101)) - 813e8fa6-b95f-4599-bf2c-d00dca9e2ee3: does not contain group: group-A6456F420DE7
2021-05-21 14:32:01,273 [Command processor thread] ERROR commandhandler.ClosePipelineCommandHandler (ClosePipelineCommandHandler.java:handle(78)) - Can't close pipeline PipelineID=111fc486-be15-40a3-a63d-a6456f420de7
java.io.IOException: 813e8fa6-b95f-4599-bf2c-d00dca9e2ee3: Group group-A6456F420DE7 not found.
	at org.apache.hadoop.ozone.container.common.transport.server.ratis.XceiverServerRatis.removeGroup(XceiverServerRatis.java:826)
	at org.apache.hadoop.ozone.container.common.statemachine.commandhandler.ClosePipelineCommandHandler.handle(ClosePipelineCommandHandler.java:74)
	at org.apache.hadoop.ozone.container.common.statemachine.commandhandler.CommandDispatcher.handle(CommandDispatcher.java:99)
	at org.apache.hadoop.ozone.container.common.statemachine.DatanodeStateMachine.lambda$initCommandHandlerThread$2(DatanodeStateMachine.java:506)
	at java.lang.Thread.run(Thread.java:748)
Caused by: org.apache.ratis.protocol.exceptions.GroupMismatchException: 813e8fa6-b95f-4599-bf2c-d00dca9e2ee3: Group group-A6456F420DE7 not found.
	at org.apache.ratis.server.impl.RaftServerProxy.groupRemoveAsync(RaftServerProxy.java:504)
	at org.apache.ratis.server.impl.RaftServerProxy.groupManagementAsync(RaftServerProxy.java:460)
	at org.apache.ratis.server.impl.RaftServerProxy.groupManagement(RaftServerProxy.java:440)
	at org.apache.hadoop.ozone.container.common.transport.server.ratis.XceiverServerRatis.removeGroup(XceiverServerRatis.java:824)
	... 4 more
2021-05-21 14:32:01,273 [Command processor thread] WARN  server.RaftServer (RaftServerProxy.java:remove(101)) - 813e8fa6-b95f-4599-bf2c-d00dca9e2ee3: does not contain group: group-D2DFD490C1E5
2021-05-21 14:32:01,273 [Command processor thread] ERROR commandhandler.ClosePipelineCommandHandler (ClosePipelineCommandHandler.java:handle(78)) - Can't close pipeline PipelineID=0c6bfa22-dd3b-4c85-b03c-d2dfd490c1e5
java.io.IOException: 813e8fa6-b95f-4599-bf2c-d00dca9e2ee3: Group group-D2DFD490C1E5 not found.
	at org.apache.hadoop.ozone.container.common.transport.server.ratis.XceiverServerRatis.removeGroup(XceiverServerRatis.java:826)
	at org.apache.hadoop.ozone.container.common.statemachine.commandhandler.ClosePipelineCommandHandler.handle(ClosePipelineCommandHandler.java:74)
	at org.apache.hadoop.ozone.container.common.statemachine.commandhandler.CommandDispatcher.handle(CommandDispatcher.java:99)
	at org.apache.hadoop.ozone.container.common.statemachine.DatanodeStateMachine.lambda$initCommandHandlerThread$2(DatanodeStateMachine.java:506)
	at java.lang.Thread.run(Thread.java:748)
Caused by: org.apache.ratis.protocol.exceptions.GroupMismatchException: 813e8fa6-b95f-4599-bf2c-d00dca9e2ee3: Group group-D2DFD490C1E5 not found.
	at org.apache.ratis.server.impl.RaftServerProxy.groupRemoveAsync(RaftServerProxy.java:504)
	at org.apache.ratis.server.impl.RaftServerProxy.groupManagementAsync(RaftServerProxy.java:460)
	at org.apache.ratis.server.impl.RaftServerProxy.groupManagement(RaftServerProxy.java:440)
	at org.apache.hadoop.ozone.container.common.transport.server.ratis.XceiverServerRatis.removeGroup(XceiverServerRatis.java:824)
	... 4 more
2021-05-21 14:32:01,273 [Command processor thread] WARN  server.RaftServer (RaftServerProxy.java:remove(101)) - 813e8fa6-b95f-4599-bf2c-d00dca9e2ee3: does not contain group: group-A6456F420DE7
2021-05-21 14:32:01,273 [Command processor thread] ERROR commandhandler.ClosePipelineCommandHandler (ClosePipelineCommandHandler.java:handle(78)) - Can't close pipeline PipelineID=111fc486-be15-40a3-a63d-a6456f420de7
java.io.IOException: 813e8fa6-b95f-4599-bf2c-d00dca9e2ee3: Group group-A6456F420DE7 not found.
	at org.apache.hadoop.ozone.container.common.transport.server.ratis.XceiverServerRatis.removeGroup(XceiverServerRatis.java:826)
	at org.apache.hadoop.ozone.container.common.statemachine.commandhandler.ClosePipelineCommandHandler.handle(ClosePipelineCommandHandler.java:74)
	at org.apache.hadoop.ozone.container.common.statemachine.commandhandler.CommandDispatcher.handle(CommandDispatcher.java:99)
	at org.apache.hadoop.ozone.container.common.statemachine.DatanodeStateMachine.lambda$initCommandHandlerThread$2(DatanodeStateMachine.java:506)
	at java.lang.Thread.run(Thread.java:748)
Caused by: org.apache.ratis.protocol.exceptions.GroupMismatchException: 813e8fa6-b95f-4599-bf2c-d00dca9e2ee3: Group group-A6456F420DE7 not found.
	at org.apache.ratis.server.impl.RaftServerProxy.groupRemoveAsync(RaftServerProxy.java:504)
	at org.apache.ratis.server.impl.RaftServerProxy.groupManagementAsync(RaftServerProxy.java:460)
	at org.apache.ratis.server.impl.RaftServerProxy.groupManagement(RaftServerProxy.java:440)
	at org.apache.hadoop.ozone.container.common.transport.server.ratis.XceiverServerRatis.removeGroup(XceiverServerRatis.java:824)
	... 4 more
2021-05-21 14:32:01,715 [DatanodeAdminManager-0] INFO  node.DatanodeAdminMonitorImpl (DatanodeAdminMonitorImpl.java:checkContainersReplicatedOnNode(297)) - fe5d1211-9335-469c-958f-8182ca4380cf{ip: 172.17.0.2, host: b766c8128f74, ports: [REPLICATION=41397, RATIS=40647, RATIS_ADMIN=40647, RATIS_SERVER=40647, STANDALONE=33787], networkLocation: /default-rack, certSerialId: null, persistedOpState: ENTERING_MAINTENANCE, persistedOpStateExpiryEpochSec: 0} has 3 sufficientlyReplicated, 0 underReplicated and 3 unhealthy containers
2021-05-21 14:32:01,716 [DatanodeAdminManager-0] INFO  node.DatanodeAdminMonitorImpl (DatanodeAdminMonitorImpl.java:checkContainersReplicatedOnNode(297)) - 1b7a9f1a-9a61-4565-a67b-2de79fff2a8e{ip: 172.17.0.2, host: b766c8128f74, ports: [REPLICATION=40105, RATIS=36135, RATIS_ADMIN=36135, RATIS_SERVER=36135, STANDALONE=46121], networkLocation: /default-rack, certSerialId: null, persistedOpState: ENTERING_MAINTENANCE, persistedOpStateExpiryEpochSec: 0} has 3 sufficientlyReplicated, 0 underReplicated and 3 unhealthy containers
2021-05-21 14:32:01,716 [DatanodeAdminManager-0] INFO  node.DatanodeAdminMonitorImpl (DatanodeAdminMonitorImpl.java:run(136)) - There are 3 nodes tracked for decommission and maintenance. 0 pending nodes.
2021-05-21 14:32:01,744 [ReplicationMonitor] INFO  container.ReplicationManager (ReplicationManager.java:sendCloseCommand(1000)) - Sending close container command for container #1 to datanode 813e8fa6-b95f-4599-bf2c-d00dca9e2ee3{ip: 172.17.0.2, host: b766c8128f74, ports: [REPLICATION=45099, RATIS=43595, RATIS_ADMIN=43595, RATIS_SERVER=43595, STANDALONE=42879], networkLocation: /default-rack, certSerialId: null, persistedOpState: IN_SERVICE, persistedOpStateExpiryEpochSec: 0}.
2021-05-21 14:32:01,745 [ReplicationMonitor] INFO  container.ReplicationManager (ReplicationManager.java:sendCloseCommand(1000)) - Sending close container command for container #2 to datanode 813e8fa6-b95f-4599-bf2c-d00dca9e2ee3{ip: 172.17.0.2, host: b766c8128f74, ports: [REPLICATION=45099, RATIS=43595, RATIS_ADMIN=43595, RATIS_SERVER=43595, STANDALONE=42879], networkLocation: /default-rack, certSerialId: null, persistedOpState: IN_SERVICE, persistedOpStateExpiryEpochSec: 0}.
2021-05-21 14:32:01,745 [ReplicationMonitor] INFO  container.ReplicationManager (ReplicationManager.java:sendCloseCommand(1000)) - Sending close container command for container #3 to datanode 813e8fa6-b95f-4599-bf2c-d00dca9e2ee3{ip: 172.17.0.2, host: b766c8128f74, ports: [REPLICATION=45099, RATIS=43595, RATIS_ADMIN=43595, RATIS_SERVER=43595, STANDALONE=42879], networkLocation: /default-rack, certSerialId: null, persistedOpState: IN_SERVICE, persistedOpStateExpiryEpochSec: 0}.
2021-05-21 14:32:01,745 [ReplicationMonitor] INFO  container.ReplicationManager (ReplicationManager.java:run(290)) - Replication Monitor Thread took 1 milliseconds for processing 3 containers.
2021-05-21 14:32:02,715 [DatanodeAdminManager-0] INFO  node.DatanodeAdminMonitorImpl (DatanodeAdminMonitorImpl.java:checkContainersReplicatedOnNode(297)) - 813e8fa6-b95f-4599-bf2c-d00dca9e2ee3{ip: 172.17.0.2, host: b766c8128f74, ports: [REPLICATION=45099, RATIS=43595, RATIS_ADMIN=43595, RATIS_SERVER=43595, STANDALONE=42879], networkLocation: /default-rack, certSerialId: null, persistedOpState: ENTERING_MAINTENANCE, persistedOpStateExpiryEpochSec: 0} has 0 sufficientlyReplicated, 3 underReplicated and 0 unhealthy containers
2021-05-21 14:32:02,716 [DatanodeAdminManager-0] INFO  node.DatanodeAdminMonitorImpl (DatanodeAdminMonitorImpl.java:checkContainersReplicatedOnNode(297)) - fe5d1211-9335-469c-958f-8182ca4380cf{ip: 172.17.0.2, host: b766c8128f74, ports: [REPLICATION=41397, RATIS=40647, RATIS_ADMIN=40647, RATIS_SERVER=40647, STANDALONE=33787], networkLocation: /default-rack, certSerialId: null, persistedOpState: ENTERING_MAINTENANCE, persistedOpStateExpiryEpochSec: 0} has 0 sufficientlyReplicated, 3 underReplicated and 0 unhealthy containers
2021-05-21 14:32:02,716 [DatanodeAdminManager-0] INFO  node.DatanodeAdminMonitorImpl (DatanodeAdminMonitorImpl.java:checkContainersReplicatedOnNode(297)) - 1b7a9f1a-9a61-4565-a67b-2de79fff2a8e{ip: 172.17.0.2, host: b766c8128f74, ports: [REPLICATION=40105, RATIS=36135, RATIS_ADMIN=36135, RATIS_SERVER=36135, STANDALONE=46121], networkLocation: /default-rack, certSerialId: null, persistedOpState: ENTERING_MAINTENANCE, persistedOpStateExpiryEpochSec: 0} has 0 sufficientlyReplicated, 3 underReplicated and 0 unhealthy containers
2021-05-21 14:32:02,716 [DatanodeAdminManager-0] INFO  node.DatanodeAdminMonitorImpl (DatanodeAdminMonitorImpl.java:run(136)) - There are 3 nodes tracked for decommission and maintenance. 0 pending nodes.
2021-05-21 14:32:02,746 [ReplicationMonitor] INFO  container.ReplicationManager (ReplicationManager.java:handleUnderReplicatedContainer(768)) - Container #1 is under replicated. Expected replica count is 3, but found 2.
2021-05-21 14:32:02,746 [ReplicationMonitor] INFO  container.ReplicationManager (ReplicationManager.java:sendReplicateCommand(1028)) - Sending replicate container command for container #1 to datanode 14ea7ea1-b15f-48dc-ab0e-907b4acf42a4{ip: 172.17.0.2, host: b766c8128f74, ports: [REPLICATION=43283, RATIS=46343, RATIS_ADMIN=46343, RATIS_SERVER=46343, STANDALONE=36905], networkLocation: /default-rack, certSerialId: null, persistedOpState: IN_SERVICE, persistedOpStateExpiryEpochSec: 0} from datanodes [9a82ec2f-9c54-4599-b9e4-0bab5ceba92f{ip: 172.17.0.2, host: b766c8128f74, ports: [REPLICATION=33745, RATIS=41073, RATIS_ADMIN=41073, RATIS_SERVER=41073, STANDALONE=37819], networkLocation: /default-rack, certSerialId: null, persistedOpState: IN_SERVICE, persistedOpStateExpiryEpochSec: 0}, fe5d1211-9335-469c-958f-8182ca4380cf{ip: 172.17.0.2, host: b766c8128f74, ports: [REPLICATION=41397, RATIS=40647, RATIS_ADMIN=40647, RATIS_SERVER=40647, STANDALONE=33787], networkLocation: /default-rack, certSerialId: null, persistedOpState: ENTERING_MAINTENANCE, persistedOpStateExpiryEpochSec: 0}, 1b7a9f1a-9a61-4565-a67b-2de79fff2a8e{ip: 172.17.0.2, host: b766c8128f74, ports: [REPLICATION=40105, RATIS=36135, RATIS_ADMIN=36135, RATIS_SERVER=36135, STANDALONE=46121], networkLocation: /default-rack, certSerialId: null, persistedOpState: ENTERING_MAINTENANCE, persistedOpStateExpiryEpochSec: 0}]
2021-05-21 14:32:02,746 [ReplicationMonitor] INFO  container.ReplicationManager (ReplicationManager.java:handleUnderReplicatedContainer(768)) - Container #2 is under replicated. Expected replica count is 3, but found 2.
2021-05-21 14:32:02,746 [ReplicationMonitor] INFO  container.ReplicationManager (ReplicationManager.java:sendReplicateCommand(1028)) - Sending replicate container command for container #2 to datanode 9a82ec2f-9c54-4599-b9e4-0bab5ceba92f{ip: 172.17.0.2, host: b766c8128f74, ports: [REPLICATION=33745, RATIS=41073, RATIS_ADMIN=41073, RATIS_SERVER=41073, STANDALONE=37819], networkLocation: /default-rack, certSerialId: null, persistedOpState: IN_SERVICE, persistedOpStateExpiryEpochSec: 0} from datanodes [1fccea47-322e-4257-abe8-9dc7eb47081b{ip: 172.17.0.2, host: b766c8128f74, ports: [REPLICATION=33193, RATIS=46599, RATIS_ADMIN=46599, RATIS_SERVER=46599, STANDALONE=46545], networkLocation: /default-rack, certSerialId: null, persistedOpState: IN_SERVICE, persistedOpStateExpiryEpochSec: 0}, fe5d1211-9335-469c-958f-8182ca4380cf{ip: 172.17.0.2, host: b766c8128f74, ports: [REPLICATION=41397, RATIS=40647, RATIS_ADMIN=40647, RATIS_SERVER=40647, STANDALONE=33787], networkLocation: /default-rack, certSerialId: null, persistedOpState: ENTERING_MAINTENANCE, persistedOpStateExpiryEpochSec: 0}, 1b7a9f1a-9a61-4565-a67b-2de79fff2a8e{ip: 172.17.0.2, host: b766c8128f74, ports: [REPLICATION=40105, RATIS=36135, RATIS_ADMIN=36135, RATIS_SERVER=36135, STANDALONE=46121], networkLocation: /default-rack, certSerialId: null, persistedOpState: ENTERING_MAINTENANCE, persistedOpStateExpiryEpochSec: 0}]
2021-05-21 14:32:02,747 [ReplicationMonitor] INFO  container.ReplicationManager (ReplicationManager.java:handleUnderReplicatedContainer(768)) - Container #3 is under replicated. Expected replica count is 3, but found 2.
2021-05-21 14:32:02,747 [ReplicationMonitor] INFO  container.ReplicationManager (ReplicationManager.java:sendReplicateCommand(1028)) - Sending replicate container command for container #3 to datanode 1fccea47-322e-4257-abe8-9dc7eb47081b{ip: 172.17.0.2, host: b766c8128f74, ports: [REPLICATION=33193, RATIS=46599, RATIS_ADMIN=46599, RATIS_SERVER=46599, STANDALONE=46545], networkLocation: /default-rack, certSerialId: null, persistedOpState: IN_SERVICE, persistedOpStateExpiryEpochSec: 0} from datanodes [fe5d1211-9335-469c-958f-8182ca4380cf{ip: 172.17.0.2, host: b766c8128f74, ports: [REPLICATION=41397, RATIS=40647, RATIS_ADMIN=40647, RATIS_SERVER=40647, STANDALONE=33787], networkLocation: /default-rack, certSerialId: null, persistedOpState: ENTERING_MAINTENANCE, persistedOpStateExpiryEpochSec: 0}, 1b7a9f1a-9a61-4565-a67b-2de79fff2a8e{ip: 172.17.0.2, host: b766c8128f74, ports: [REPLICATION=40105, RATIS=36135, RATIS_ADMIN=36135, RATIS_SERVER=36135, STANDALONE=46121], networkLocation: /default-rack, certSerialId: null, persistedOpState: ENTERING_MAINTENANCE, persistedOpStateExpiryEpochSec: 0}, 14ea7ea1-b15f-48dc-ab0e-907b4acf42a4{ip: 172.17.0.2, host: b766c8128f74, ports: [REPLICATION=43283, RATIS=46343, RATIS_ADMIN=46343, RATIS_SERVER=46343, STANDALONE=36905], networkLocation: /default-rack, certSerialId: null, persistedOpState: IN_SERVICE, persistedOpStateExpiryEpochSec: 0}]
2021-05-21 14:32:02,747 [ReplicationMonitor] INFO  container.ReplicationManager (ReplicationManager.java:run(290)) - Replication Monitor Thread took 2 milliseconds for processing 3 containers.
2021-05-21 14:32:03,252 [Command processor thread] WARN  server.RaftServer (RaftServerProxy.java:remove(101)) - 813e8fa6-b95f-4599-bf2c-d00dca9e2ee3: does not contain group: group-D2DFD490C1E5
2021-05-21 14:32:03,252 [Command processor thread] ERROR commandhandler.ClosePipelineCommandHandler (ClosePipelineCommandHandler.java:handle(78)) - Can't close pipeline PipelineID=0c6bfa22-dd3b-4c85-b03c-d2dfd490c1e5
java.io.IOException: 813e8fa6-b95f-4599-bf2c-d00dca9e2ee3: Group group-D2DFD490C1E5 not found.
	at org.apache.hadoop.ozone.container.common.transport.server.ratis.XceiverServerRatis.removeGroup(XceiverServerRatis.java:826)
	at org.apache.hadoop.ozone.container.common.statemachine.commandhandler.ClosePipelineCommandHandler.handle(ClosePipelineCommandHandler.java:74)
	at org.apache.hadoop.ozone.container.common.statemachine.commandhandler.CommandDispatcher.handle(CommandDispatcher.java:99)
	at org.apache.hadoop.ozone.container.common.statemachine.DatanodeStateMachine.lambda$initCommandHandlerThread$2(DatanodeStateMachine.java:506)
	at java.lang.Thread.run(Thread.java:748)
Caused by: org.apache.ratis.protocol.exceptions.GroupMismatchException: 813e8fa6-b95f-4599-bf2c-d00dca9e2ee3: Group group-D2DFD490C1E5 not found.
	at org.apache.ratis.server.impl.RaftServerProxy.groupRemoveAsync(RaftServerProxy.java:504)
	at org.apache.ratis.server.impl.RaftServerProxy.groupManagementAsync(RaftServerProxy.java:460)
	at org.apache.ratis.server.impl.RaftServerProxy.groupManagement(RaftServerProxy.java:440)
	at org.apache.hadoop.ozone.container.common.transport.server.ratis.XceiverServerRatis.removeGroup(XceiverServerRatis.java:824)
	... 4 more
2021-05-21 14:32:03,253 [Command processor thread] WARN  server.RaftServer (RaftServerProxy.java:remove(101)) - 813e8fa6-b95f-4599-bf2c-d00dca9e2ee3: does not contain group: group-A6456F420DE7
2021-05-21 14:32:03,253 [Command processor thread] ERROR commandhandler.ClosePipelineCommandHandler (ClosePipelineCommandHandler.java:handle(78)) - Can't close pipeline PipelineID=111fc486-be15-40a3-a63d-a6456f420de7
java.io.IOException: 813e8fa6-b95f-4599-bf2c-d00dca9e2ee3: Group group-A6456F420DE7 not found.
	at org.apache.hadoop.ozone.container.common.transport.server.ratis.XceiverServerRatis.removeGroup(XceiverServerRatis.java:826)
	at org.apache.hadoop.ozone.container.common.statemachine.commandhandler.ClosePipelineCommandHandler.handle(ClosePipelineCommandHandler.java:74)
	at org.apache.hadoop.ozone.container.common.statemachine.commandhandler.CommandDispatcher.handle(CommandDispatcher.java:99)
	at org.apache.hadoop.ozone.container.common.statemachine.DatanodeStateMachine.lambda$initCommandHandlerThread$2(DatanodeStateMachine.java:506)
	at java.lang.Thread.run(Thread.java:748)
Caused by: org.apache.ratis.protocol.exceptions.GroupMismatchException: 813e8fa6-b95f-4599-bf2c-d00dca9e2ee3: Group group-A6456F420DE7 not found.
	at org.apache.ratis.server.impl.RaftServerProxy.groupRemoveAsync(RaftServerProxy.java:504)
	at org.apache.ratis.server.impl.RaftServerProxy.groupManagementAsync(RaftServerProxy.java:460)
	at org.apache.ratis.server.impl.RaftServerProxy.groupManagement(RaftServerProxy.java:440)
	at org.apache.hadoop.ozone.container.common.transport.server.ratis.XceiverServerRatis.removeGroup(XceiverServerRatis.java:824)
	... 4 more
2021-05-21 14:32:03,253 [Command processor thread] INFO  keyvalue.KeyValueContainer (KeyValueContainer.java:flushAndSyncDB(393)) - Container 3 is synced with bcsId 66.
2021-05-21 14:32:03,253 [Command processor thread] INFO  keyvalue.KeyValueContainer (KeyValueContainer.java:flushAndSyncDB(393)) - Container 3 is synced with bcsId 66.
2021-05-21 14:32:03,255 [Command processor thread] INFO  keyvalue.KeyValueContainer (KeyValueContainer.java:close(330)) - Container 3 is closed with bcsId 66.
2021-05-21 14:32:03,716 [DatanodeAdminManager-0] INFO  node.DatanodeAdminMonitorImpl (DatanodeAdminMonitorImpl.java:checkContainersReplicatedOnNode(297)) - 813e8fa6-b95f-4599-bf2c-d00dca9e2ee3{ip: 172.17.0.2, host: b766c8128f74, ports: [REPLICATION=45099, RATIS=43595, RATIS_ADMIN=43595, RATIS_SERVER=43595, STANDALONE=42879], networkLocation: /default-rack, certSerialId: null, persistedOpState: ENTERING_MAINTENANCE, persistedOpStateExpiryEpochSec: 0} has 0 sufficientlyReplicated, 3 underReplicated and 0 unhealthy containers
2021-05-21 14:32:03,716 [DatanodeAdminManager-0] INFO  node.DatanodeAdminMonitorImpl (DatanodeAdminMonitorImpl.java:checkContainersReplicatedOnNode(297)) - fe5d1211-9335-469c-958f-8182ca4380cf{ip: 172.17.0.2, host: b766c8128f74, ports: [REPLICATION=41397, RATIS=40647, RATIS_ADMIN=40647, RATIS_SERVER=40647, STANDALONE=33787], networkLocation: /default-rack, certSerialId: null, persistedOpState: ENTERING_MAINTENANCE, persistedOpStateExpiryEpochSec: 0} has 0 sufficientlyReplicated, 3 underReplicated and 0 unhealthy containers
2021-05-21 14:32:03,716 [DatanodeAdminManager-0] INFO  node.DatanodeAdminMonitorImpl (DatanodeAdminMonitorImpl.java:checkContainersReplicatedOnNode(297)) - 1b7a9f1a-9a61-4565-a67b-2de79fff2a8e{ip: 172.17.0.2, host: b766c8128f74, ports: [REPLICATION=40105, RATIS=36135, RATIS_ADMIN=36135, RATIS_SERVER=36135, STANDALONE=46121], networkLocation: /default-rack, certSerialId: null, persistedOpState: ENTERING_MAINTENANCE, persistedOpStateExpiryEpochSec: 0} has 0 sufficientlyReplicated, 3 underReplicated and 0 unhealthy containers
2021-05-21 14:32:03,717 [DatanodeAdminManager-0] INFO  node.DatanodeAdminMonitorImpl (DatanodeAdminMonitorImpl.java:run(136)) - There are 3 nodes tracked for decommission and maintenance. 0 pending nodes.
2021-05-21 14:32:03,748 [ReplicationMonitor] INFO  container.ReplicationManager (ReplicationManager.java:run(290)) - Replication Monitor Thread took 1 milliseconds for processing 3 containers.
2021-05-21 14:32:04,137 [ContainerReplicationThread-1] INFO  replication.DownloadAndImportReplicator (DownloadAndImportReplicator.java:replicate(106)) - Starting replication of container 3 from [fe5d1211-9335-469c-958f-8182ca4380cf{ip: 172.17.0.2, host: b766c8128f74, ports: [REPLICATION=41397, RATIS=40647, RATIS_ADMIN=40647, RATIS_SERVER=40647, STANDALONE=33787], networkLocation: /default-rack, certSerialId: null, persistedOpState: ENTERING_MAINTENANCE, persistedOpStateExpiryEpochSec: 0}, 1b7a9f1a-9a61-4565-a67b-2de79fff2a8e{ip: 172.17.0.2, host: b766c8128f74, ports: [REPLICATION=40105, RATIS=36135, RATIS_ADMIN=36135, RATIS_SERVER=36135, STANDALONE=46121], networkLocation: /default-rack, certSerialId: null, persistedOpState: ENTERING_MAINTENANCE, persistedOpStateExpiryEpochSec: 0}, 14ea7ea1-b15f-48dc-ab0e-907b4acf42a4{ip: 172.17.0.2, host: b766c8128f74, ports: [REPLICATION=43283, RATIS=46343, RATIS_ADMIN=46343, RATIS_SERVER=46343, STANDALONE=36905], networkLocation: /default-rack, certSerialId: null, persistedOpState: IN_SERVICE, persistedOpStateExpiryEpochSec: 0}]
2021-05-21 14:32:04,143 [grpc-default-executor-2] INFO  replication.GrpcReplicationService (GrpcReplicationService.java:download(52)) - Streaming container data (3) to other datanode
2021-05-21 14:32:04,148 [grpc-default-executor-2] INFO  replication.GrpcOutputStream (GrpcOutputStream.java:close(104)) - Sent 10482 bytes for container 3
2021-05-21 14:32:04,150 [grpc-default-executor-3] INFO  replication.GrpcReplicationClient (GrpcReplicationClient.java:onCompleted(184)) - Container 3 is downloaded to /github/workspace/mnt/ozone/hadoop-ozone/integration-test/target/test-dir/MiniOzoneClusterImpl-22464894-f501-479f-ae18-3fb6cdd505c4/datanode-2/data/replication/work/container-3.tar.gz
2021-05-21 14:32:04,152 [ContainerReplicationThread-1] INFO  replication.DownloadAndImportReplicator (DownloadAndImportReplicator.java:replicate(121)) - Container 3 is downloaded with size 10482, starting to import.
2021-05-21 14:32:04,167 [ContainerReplicationThread-1] INFO  replication.DownloadAndImportReplicator (DownloadAndImportReplicator.java:replicate(126)) - Container 3 is replicated successfully
2021-05-21 14:32:04,167 [ContainerReplicationThread-1] INFO  replication.ReplicationSupervisor (ReplicationSupervisor.java:run(147)) - Container 3 is replicated.
2021-05-21 14:32:04,558 [ContainerReplicationThread-1] INFO  replication.DownloadAndImportReplicator (DownloadAndImportReplicator.java:replicate(106)) - Starting replication of container 1 from [9a82ec2f-9c54-4599-b9e4-0bab5ceba92f{ip: 172.17.0.2, host: b766c8128f74, ports: [REPLICATION=33745, RATIS=41073, RATIS_ADMIN=41073, RATIS_SERVER=41073, STANDALONE=37819], networkLocation: /default-rack, certSerialId: null, persistedOpState: IN_SERVICE, persistedOpStateExpiryEpochSec: 0}, fe5d1211-9335-469c-958f-8182ca4380cf{ip: 172.17.0.2, host: b766c8128f74, ports: [REPLICATION=41397, RATIS=40647, RATIS_ADMIN=40647, RATIS_SERVER=40647, STANDALONE=33787], networkLocation: /default-rack, certSerialId: null, persistedOpState: ENTERING_MAINTENANCE, persistedOpStateExpiryEpochSec: 0}, 1b7a9f1a-9a61-4565-a67b-2de79fff2a8e{ip: 172.17.0.2, host: b766c8128f74, ports: [REPLICATION=40105, RATIS=36135, RATIS_ADMIN=36135, RATIS_SERVER=36135, STANDALONE=46121], networkLocation: /default-rack, certSerialId: null, persistedOpState: ENTERING_MAINTENANCE, persistedOpStateExpiryEpochSec: 0}]
2021-05-21 14:32:04,564 [grpc-default-executor-2] INFO  replication.GrpcReplicationService (GrpcReplicationService.java:download(52)) - Streaming container data (1) to other datanode
2021-05-21 14:32:04,570 [grpc-default-executor-2] INFO  replication.GrpcOutputStream (GrpcOutputStream.java:close(104)) - Sent 10381 bytes for container 1
2021-05-21 14:32:04,574 [grpc-default-executor-2] INFO  replication.GrpcReplicationClient (GrpcReplicationClient.java:onCompleted(184)) - Container 1 is downloaded to /github/workspace/mnt/ozone/hadoop-ozone/integration-test/target/test-dir/MiniOzoneClusterImpl-22464894-f501-479f-ae18-3fb6cdd505c4/datanode-0/data/replication/work/container-1.tar.gz
2021-05-21 14:32:04,575 [ContainerReplicationThread-1] INFO  replication.DownloadAndImportReplicator (DownloadAndImportReplicator.java:replicate(121)) - Container 1 is downloaded with size 10381, starting to import.
2021-05-21 14:32:04,601 [ContainerReplicationThread-1] INFO  replication.DownloadAndImportReplicator (DownloadAndImportReplicator.java:replicate(126)) - Container 1 is replicated successfully
2021-05-21 14:32:04,601 [ContainerReplicationThread-1] INFO  replication.ReplicationSupervisor (ReplicationSupervisor.java:run(147)) - Container 1 is replicated.
2021-05-21 14:32:04,636 [ContainerReplicationThread-1] INFO  replication.DownloadAndImportReplicator (DownloadAndImportReplicator.java:replicate(106)) - Starting replication of container 2 from [1fccea47-322e-4257-abe8-9dc7eb47081b{ip: 172.17.0.2, host: b766c8128f74, ports: [REPLICATION=33193, RATIS=46599, RATIS_ADMIN=46599, RATIS_SERVER=46599, STANDALONE=46545], networkLocation: /default-rack, certSerialId: null, persistedOpState: IN_SERVICE, persistedOpStateExpiryEpochSec: 0}, fe5d1211-9335-469c-958f-8182ca4380cf{ip: 172.17.0.2, host: b766c8128f74, ports: [REPLICATION=41397, RATIS=40647, RATIS_ADMIN=40647, RATIS_SERVER=40647, STANDALONE=33787], networkLocation: /default-rack, certSerialId: null, persistedOpState: ENTERING_MAINTENANCE, persistedOpStateExpiryEpochSec: 0}, 1b7a9f1a-9a61-4565-a67b-2de79fff2a8e{ip: 172.17.0.2, host: b766c8128f74, ports: [REPLICATION=40105, RATIS=36135, RATIS_ADMIN=36135, RATIS_SERVER=36135, STANDALONE=46121], networkLocation: /default-rack, certSerialId: null, persistedOpState: ENTERING_MAINTENANCE, persistedOpStateExpiryEpochSec: 0}]
2021-05-21 14:32:04,641 [grpc-default-executor-2] INFO  replication.GrpcReplicationService (GrpcReplicationService.java:download(52)) - Streaming container data (2) to other datanode
2021-05-21 14:32:04,646 [grpc-default-executor-2] INFO  replication.GrpcOutputStream (GrpcOutputStream.java:close(104)) - Sent 10450 bytes for container 2
2021-05-21 14:32:04,648 [grpc-default-executor-0] INFO  replication.GrpcReplicationClient (GrpcReplicationClient.java:onCompleted(184)) - Container 2 is downloaded to /github/workspace/mnt/ozone/hadoop-ozone/integration-test/target/test-dir/MiniOzoneClusterImpl-22464894-f501-479f-ae18-3fb6cdd505c4/datanode-1/data/replication/work/container-2.tar.gz
2021-05-21 14:32:04,649 [ContainerReplicationThread-1] INFO  replication.DownloadAndImportReplicator (DownloadAndImportReplicator.java:replicate(121)) - Container 2 is downloaded with size 10450, starting to import.
2021-05-21 14:32:04,670 [ContainerReplicationThread-1] INFO  replication.DownloadAndImportReplicator (DownloadAndImportReplicator.java:replicate(126)) - Container 2 is replicated successfully
2021-05-21 14:32:04,670 [ContainerReplicationThread-1] INFO  replication.ReplicationSupervisor (ReplicationSupervisor.java:run(147)) - Container 2 is replicated.
2021-05-21 14:32:04,716 [DatanodeAdminManager-0] INFO  node.DatanodeAdminMonitorImpl (DatanodeAdminMonitorImpl.java:checkContainersReplicatedOnNode(297)) - 813e8fa6-b95f-4599-bf2c-d00dca9e2ee3{ip: 172.17.0.2, host: b766c8128f74, ports: [REPLICATION=45099, RATIS=43595, RATIS_ADMIN=43595, RATIS_SERVER=43595, STANDALONE=42879], networkLocation: /default-rack, certSerialId: null, persistedOpState: ENTERING_MAINTENANCE, persistedOpStateExpiryEpochSec: 0} has 3 sufficientlyReplicated, 0 underReplicated and 0 unhealthy containers
2021-05-21 14:32:04,716 [DatanodeAdminManager-0] INFO  node.DatanodeAdminMonitorImpl (DatanodeAdminMonitorImpl.java:putIntoMaintenance(313)) - Datanode 813e8fa6-b95f-4599-bf2c-d00dca9e2ee3{ip: 172.17.0.2, host: b766c8128f74, ports: [REPLICATION=45099, RATIS=43595, RATIS_ADMIN=43595, RATIS_SERVER=43595, STANDALONE=42879], networkLocation: /default-rack, certSerialId: null, persistedOpState: ENTERING_MAINTENANCE, persistedOpStateExpiryEpochSec: 0} has entered maintenance
2021-05-21 14:32:04,716 [EventQueue-NonHealthyToHealthyNodeForNonHealthyToHealthyNodeHandler] INFO  pipeline.BackgroundPipelineCreator (BackgroundPipelineCreatorV2.java:notifyEventTriggered(282)) - trigger a one-shot run on RatisPipelineUtilsThread.
2021-05-21 14:32:04,716 [DatanodeAdminManager-0] INFO  node.DatanodeAdminMonitorImpl (DatanodeAdminMonitorImpl.java:checkContainersReplicatedOnNode(297)) - fe5d1211-9335-469c-958f-8182ca4380cf{ip: 172.17.0.2, host: b766c8128f74, ports: [REPLICATION=41397, RATIS=40647, RATIS_ADMIN=40647, RATIS_SERVER=40647, STANDALONE=33787], networkLocation: /default-rack, certSerialId: null, persistedOpState: ENTERING_MAINTENANCE, persistedOpStateExpiryEpochSec: 0} has 3 sufficientlyReplicated, 0 underReplicated and 0 unhealthy containers
2021-05-21 14:32:04,716 [DatanodeAdminManager-0] INFO  node.DatanodeAdminMonitorImpl (DatanodeAdminMonitorImpl.java:putIntoMaintenance(313)) - Datanode fe5d1211-9335-469c-958f-8182ca4380cf{ip: 172.17.0.2, host: b766c8128f74, ports: [REPLICATION=41397, RATIS=40647, RATIS_ADMIN=40647, RATIS_SERVER=40647, STANDALONE=33787], networkLocation: /default-rack, certSerialId: null, persistedOpState: ENTERING_MAINTENANCE, persistedOpStateExpiryEpochSec: 0} has entered maintenance
2021-05-21 14:32:04,716 [DatanodeAdminManager-0] INFO  node.DatanodeAdminMonitorImpl (DatanodeAdminMonitorImpl.java:checkContainersReplicatedOnNode(297)) - 1b7a9f1a-9a61-4565-a67b-2de79fff2a8e{ip: 172.17.0.2, host: b766c8128f74, ports: [REPLICATION=40105, RATIS=36135, RATIS_ADMIN=36135, RATIS_SERVER=36135, STANDALONE=46121], networkLocation: /default-rack, certSerialId: null, persistedOpState: ENTERING_MAINTENANCE, persistedOpStateExpiryEpochSec: 0} has 3 sufficientlyReplicated, 0 underReplicated and 0 unhealthy containers
2021-05-21 14:32:04,716 [DatanodeAdminManager-0] INFO  node.DatanodeAdminMonitorImpl (DatanodeAdminMonitorImpl.java:putIntoMaintenance(313)) - Datanode 1b7a9f1a-9a61-4565-a67b-2de79fff2a8e{ip: 172.17.0.2, host: b766c8128f74, ports: [REPLICATION=40105, RATIS=36135, RATIS_ADMIN=36135, RATIS_SERVER=36135, STANDALONE=46121], networkLocation: /default-rack, certSerialId: null, persistedOpState: ENTERING_MAINTENANCE, persistedOpStateExpiryEpochSec: 0} has entered maintenance
2021-05-21 14:32:04,716 [DatanodeAdminManager-0] INFO  node.DatanodeAdminMonitorImpl (DatanodeAdminMonitorImpl.java:run(136)) - There are 3 nodes tracked for decommission and maintenance. 0 pending nodes.
2021-05-21 14:32:04,716 [EventQueue-NonHealthyToHealthyNodeForNonHealthyToHealthyNodeHandler] INFO  pipeline.BackgroundPipelineCreator (BackgroundPipelineCreatorV2.java:notifyEventTriggered(282)) - trigger a one-shot run on RatisPipelineUtilsThread.
2021-05-21 14:32:04,716 [EventQueue-NonHealthyToHealthyNodeForNonHealthyToHealthyNodeHandler] INFO  pipeline.BackgroundPipelineCreator (BackgroundPipelineCreatorV2.java:notifyEventTriggered(282)) - trigger a one-shot run on RatisPipelineUtilsThread.
2021-05-21 14:32:04,748 [ReplicationMonitor] INFO  container.ReplicationManager (ReplicationManager.java:run(290)) - Replication Monitor Thread took 0 milliseconds for processing 3 containers.
2021-05-21 14:32:05,053 [IPC Server handler 2 on default port 45897] INFO  node.SCMNodeManager (SCMNodeManager.java:updateDatanodeOpState(437)) - Scheduling a command to update the operationalState persisted on fe5d1211-9335-469c-958f-8182ca4380cf{ip: 172.17.0.2, host: b766c8128f74, ports: [REPLICATION=41397, RATIS=40647, RATIS_ADMIN=40647, RATIS_SERVER=40647, STANDALONE=33787], networkLocation: /default-rack, certSerialId: null, persistedOpState: ENTERING_MAINTENANCE, persistedOpStateExpiryEpochSec: 0} as the reported value does not match the value stored in SCM (IN_MAINTENANCE, 0)
2021-05-21 14:32:05,066 [IPC Server handler 8 on default port 45897] INFO  node.SCMNodeManager (SCMNodeManager.java:updateDatanodeOpState(437)) - Scheduling a command to update the operationalState persisted on 1b7a9f1a-9a61-4565-a67b-2de79fff2a8e{ip: 172.17.0.2, host: b766c8128f74, ports: [REPLICATION=40105, RATIS=36135, RATIS_ADMIN=36135, RATIS_SERVER=36135, STANDALONE=46121], networkLocation: /default-rack, certSerialId: null, persistedOpState: ENTERING_MAINTENANCE, persistedOpStateExpiryEpochSec: 0} as the reported value does not match the value stored in SCM (IN_MAINTENANCE, 0)
2021-05-21 14:32:05,257 [IPC Server handler 10 on default port 45897] INFO  node.SCMNodeManager (SCMNodeManager.java:updateDatanodeOpState(437)) - Scheduling a command to update the operationalState persisted on 813e8fa6-b95f-4599-bf2c-d00dca9e2ee3{ip: 172.17.0.2, host: b766c8128f74, ports: [REPLICATION=45099, RATIS=43595, RATIS_ADMIN=43595, RATIS_SERVER=43595, STANDALONE=42879], networkLocation: /default-rack, certSerialId: null, persistedOpState: ENTERING_MAINTENANCE, persistedOpStateExpiryEpochSec: 0} as the reported value does not match the value stored in SCM (IN_MAINTENANCE, 0)
2021-05-21 14:32:05,715 [DatanodeAdminManager-0] INFO  node.DatanodeAdminMonitorImpl (DatanodeAdminMonitorImpl.java:run(136)) - There are 3 nodes tracked for decommission and maintenance. 0 pending nodes.
2021-05-21 14:32:05,749 [ReplicationMonitor] INFO  container.ReplicationManager (ReplicationManager.java:handleUnderReplicatedContainer(768)) - Container #1 is under replicated. Expected replica count is 3, but found 2.
2021-05-21 14:32:05,749 [ReplicationMonitor] INFO  container.ReplicationManager (ReplicationManager.java:sendReplicateCommand(1028)) - Sending replicate container command for container #1 to datanode 1fccea47-322e-4257-abe8-9dc7eb47081b{ip: 172.17.0.2, host: b766c8128f74, ports: [REPLICATION=33193, RATIS=46599, RATIS_ADMIN=46599, RATIS_SERVER=46599, STANDALONE=46545], networkLocation: /default-rack, certSerialId: null, persistedOpState: IN_SERVICE, persistedOpStateExpiryEpochSec: 0} from datanodes [9a82ec2f-9c54-4599-b9e4-0bab5ceba92f{ip: 172.17.0.2, host: b766c8128f74, ports: [REPLICATION=33745, RATIS=41073, RATIS_ADMIN=41073, RATIS_SERVER=41073, STANDALONE=37819], networkLocation: /default-rack, certSerialId: null, persistedOpState: IN_SERVICE, persistedOpStateExpiryEpochSec: 0}, fe5d1211-9335-469c-958f-8182ca4380cf{ip: 172.17.0.2, host: b766c8128f74, ports: [REPLICATION=41397, RATIS=40647, RATIS_ADMIN=40647, RATIS_SERVER=40647, STANDALONE=33787], networkLocation: /default-rack, certSerialId: null, persistedOpState: ENTERING_MAINTENANCE, persistedOpStateExpiryEpochSec: 0}, 1b7a9f1a-9a61-4565-a67b-2de79fff2a8e{ip: 172.17.0.2, host: b766c8128f74, ports: [REPLICATION=40105, RATIS=36135, RATIS_ADMIN=36135, RATIS_SERVER=36135, STANDALONE=46121], networkLocation: /default-rack, certSerialId: null, persistedOpState: ENTERING_MAINTENANCE, persistedOpStateExpiryEpochSec: 0}, 813e8fa6-b95f-4599-bf2c-d00dca9e2ee3{ip: 172.17.0.2, host: b766c8128f74, ports: [REPLICATION=45099, RATIS=43595, RATIS_ADMIN=43595, RATIS_SERVER=43595, STANDALONE=42879], networkLocation: /default-rack, certSerialId: null, persistedOpState: ENTERING_MAINTENANCE, persistedOpStateExpiryEpochSec: 0}]
2021-05-21 14:32:05,749 [ReplicationMonitor] INFO  container.ReplicationManager (ReplicationManager.java:handleUnderReplicatedContainer(768)) - Container #2 is under replicated. Expected replica count is 3, but found 2.
2021-05-21 14:32:05,749 [ReplicationMonitor] INFO  container.ReplicationManager (ReplicationManager.java:sendReplicateCommand(1028)) - Sending replicate container command for container #2 to datanode 9a82ec2f-9c54-4599-b9e4-0bab5ceba92f{ip: 172.17.0.2, host: b766c8128f74, ports: [REPLICATION=33745, RATIS=41073, RATIS_ADMIN=41073, RATIS_SERVER=41073, STANDALONE=37819], networkLocation: /default-rack, certSerialId: null, persistedOpState: IN_SERVICE, persistedOpStateExpiryEpochSec: 0} from datanodes [1fccea47-322e-4257-abe8-9dc7eb47081b{ip: 172.17.0.2, host: b766c8128f74, ports: [REPLICATION=33193, RATIS=46599, RATIS_ADMIN=46599, RATIS_SERVER=46599, STANDALONE=46545], networkLocation: /default-rack, certSerialId: null, persistedOpState: IN_SERVICE, persistedOpStateExpiryEpochSec: 0}, fe5d1211-9335-469c-958f-8182ca4380cf{ip: 172.17.0.2, host: b766c8128f74, ports: [REPLICATION=41397, RATIS=40647, RATIS_ADMIN=40647, RATIS_SERVER=40647, STANDALONE=33787], networkLocation: /default-rack, certSerialId: null, persistedOpState: ENTERING_MAINTENANCE, persistedOpStateExpiryEpochSec: 0}, 813e8fa6-b95f-4599-bf2c-d00dca9e2ee3{ip: 172.17.0.2, host: b766c8128f74, ports: [REPLICATION=45099, RATIS=43595, RATIS_ADMIN=43595, RATIS_SERVER=43595, STANDALONE=42879], networkLocation: /default-rack, certSerialId: null, persistedOpState: ENTERING_MAINTENANCE, persistedOpStateExpiryEpochSec: 0}, 1b7a9f1a-9a61-4565-a67b-2de79fff2a8e{ip: 172.17.0.2, host: b766c8128f74, ports: [REPLICATION=40105, RATIS=36135, RATIS_ADMIN=36135, RATIS_SERVER=36135, STANDALONE=46121], networkLocation: /default-rack, certSerialId: null, persistedOpState: ENTERING_MAINTENANCE, persistedOpStateExpiryEpochSec: 0}]
2021-05-21 14:32:05,749 [ReplicationMonitor] INFO  container.ReplicationManager (ReplicationManager.java:run(290)) - Replication Monitor Thread took 1 milliseconds for processing 3 containers.
2021-05-21 14:32:06,416 [813e8fa6-b95f-4599-bf2c-d00dca9e2ee3@group-A6456F420DE7-FollowerState] INFO  impl.FollowerState (FollowerState.java:lostMajorityHeartbeatsRecently(107)) - 813e8fa6-b95f-4599-bf2c-d00dca9e2ee3@group-A6456F420DE7-FollowerState: Skipping leader election since it stepped down recently (elapsed = 5188ms < waitTime = 10s)
2021-05-21 14:32:06,441 [Listener at 127.0.0.1/41311] INFO  ozone.MiniOzoneClusterImpl (MiniOzoneClusterImpl.java:shutdown(443)) - Shutting down the Mini Ozone Cluster
2021-05-21 14:32:06,441 [Listener at 127.0.0.1/41311] INFO  ozone.MiniOzoneClusterImpl (MiniOzoneClusterImpl.java:stop(458)) - Stopping the Mini Ozone Cluster
2021-05-21 14:32:06,441 [Listener at 127.0.0.1/41311] INFO  ozone.MiniOzoneClusterImpl (MiniOzoneClusterImpl.java:stopOM(540)) - Stopping the OzoneManager
2021-05-21 14:32:06,442 [Listener at 127.0.0.1/41311] INFO  ipc.Server (Server.java:stop(3403)) - Stopping server on 41311
2021-05-21 14:32:06,449 [IPC Server Responder] INFO  ipc.Server (Server.java:run(1502)) - Stopping IPC Server Responder
2021-05-21 14:32:06,449 [IPC Server listener on 0] INFO  ipc.Server (Server.java:run(1366)) - Stopping IPC Server listener on 0
2021-05-21 14:32:06,449 [Listener at 127.0.0.1/41311] INFO  server.RaftServer (RaftServerProxy.java:lambda$close$6(391)) - om1: close
2021-05-21 14:32:06,449 [Listener at 127.0.0.1/41311] INFO  server.RaftServer$Division (RaftServerImpl.java:lambda$close$4(406)) - om1@group-C5BA1605619E: shutdown
2021-05-21 14:32:06,450 [Listener at 127.0.0.1/41311] INFO  util.JmxRegister (JmxRegister.java:unregister(73)) - Successfully un-registered JMX Bean with object name Ratis:service=RaftServer,group=group-C5BA1605619E,id=om1
2021-05-21 14:32:06,450 [Listener at 127.0.0.1/41311] INFO  impl.RoleInfo (RoleInfo.java:shutdownLeaderState(91)) - om1: shutdown om1@group-C5BA1605619E-LeaderStateImpl
2021-05-21 14:32:06,450 [Listener at 127.0.0.1/41311] INFO  impl.PendingRequests (PendingRequests.java:sendNotLeaderResponses(249)) - om1@group-C5BA1605619E-PendingRequests: sendNotLeaderResponses
2021-05-21 14:32:06,452 [Listener at 127.0.0.1/41311] INFO  metrics.RatisMetrics (RatisMetrics.java:unregister(43)) - Unregistering Metrics Registry : ratis.log_appender.om1@group-C5BA1605619E
2021-05-21 14:32:06,452 [Listener at 127.0.0.1/41311] INFO  metrics.RatisMetrics (RatisMetrics.java:unregister(43)) - Unregistering Metrics Registry : ratis.server.om1@group-C5BA1605619E
2021-05-21 14:32:06,453 [om1@group-C5BA1605619E-StateMachineUpdater] INFO  ratis.OzoneManagerStateMachine (OzoneManagerStateMachine.java:takeSnapshot(347)) - Current Snapshot Index (t:1, i:84)
2021-05-21 14:32:06,453 [om1@group-C5BA1605619E-StateMachineUpdater] INFO  impl.StateMachineUpdater (StateMachineUpdater.java:takeSnapshot(281)) - om1@group-C5BA1605619E-StateMachineUpdater: Took a snapshot at index 84
2021-05-21 14:32:06,453 [om1@group-C5BA1605619E-StateMachineUpdater] INFO  impl.StateMachineUpdater (StateMachineUpdater.java:lambda$new$0(89)) - om1@group-C5BA1605619E-StateMachineUpdater: snapshotIndex: updateIncreasingly -1 -> 84
2021-05-21 14:32:06,453 [om1@group-C5BA1605619E-StateMachineUpdater] INFO  metrics.RatisMetrics (RatisMetrics.java:unregister(43)) - Unregistering Metrics Registry : ratis.state_machine.om1@group-C5BA1605619E
2021-05-21 14:32:06,453 [Listener at 127.0.0.1/41311] INFO  impl.StateMachineUpdater (StateMachineUpdater.java:stopAndJoin(149)) - om1@group-C5BA1605619E-StateMachineUpdater: set stopIndex = 84
2021-05-21 14:32:06,453 [Listener at 127.0.0.1/41311] INFO  server.RaftServer$Division (ServerState.java:close(405)) - om1@group-C5BA1605619E: closes. applyIndex: 84
2021-05-21 14:32:06,454 [om1@group-C5BA1605619E-SegmentedRaftLogWorker] INFO  segmented.SegmentedRaftLogWorker (SegmentedRaftLogWorker.java:run(327)) - om1@group-C5BA1605619E-SegmentedRaftLogWorker was interrupted, exiting. There are 0 tasks remaining in the queue.
2021-05-21 14:32:06,454 [Listener at 127.0.0.1/41311] INFO  segmented.SegmentedRaftLogWorker (SegmentedRaftLogWorker.java:close(237)) - om1@group-C5BA1605619E-SegmentedRaftLogWorker close()
2021-05-21 14:32:06,455 [Listener at 127.0.0.1/41311] INFO  metrics.RatisMetrics (RatisMetrics.java:unregister(43)) - Unregistering Metrics Registry : ratis.log_worker.om1@group-C5BA1605619E
2021-05-21 14:32:06,455 [Listener at 127.0.0.1/41311] INFO  metrics.RatisMetrics (RatisMetrics.java:unregister(43)) - Unregistering Metrics Registry : ratis.leader_election.om1@group-C5BA1605619E
2021-05-21 14:32:06,455 [Listener at 127.0.0.1/41311] INFO  metrics.RatisMetrics (RatisMetrics.java:unregister(43)) - Unregistering Metrics Registry : ratis.server.om1@group-C5BA1605619E
2021-05-21 14:32:06,455 [Listener at 127.0.0.1/41311] INFO  server.GrpcService (GrpcService.java:closeImpl(262)) - om1: shutdown server with port 9872 now
2021-05-21 14:32:06,456 [Listener at 127.0.0.1/41311] INFO  server.GrpcService (GrpcService.java:closeImpl(271)) - om1: shutdown server with port 9872 successfully
2021-05-21 14:32:06,456 [org.apache.ratis.util.JvmPauseMonitor$$Lambda$504/1419640349@6450bea7] INFO  util.JvmPauseMonitor (JvmPauseMonitor.java:run(109)) - JvmPauseMonitor-om1: Stopped
2021-05-21 14:32:06,456 [Listener at 127.0.0.1/41311] INFO  ratis.OzoneManagerDoubleBuffer (OzoneManagerDoubleBuffer.java:stop(426)) - Stopping OMDoubleBuffer flush thread
2021-05-21 14:32:06,456 [OMDoubleBufferFlushThread] INFO  ratis.OzoneManagerDoubleBuffer (OzoneManagerDoubleBuffer.java:flushTransactions(353)) - OMDoubleBuffer flush thread OMDoubleBufferFlushThread is interrupted and will exit. OMDoubleBufferFlushThread
2021-05-21 14:32:06,457 [Listener at 127.0.0.1/41311] INFO  ratis.OzoneManagerStateMachine (HadoopExecutors.java:shutdown(118)) - Gracefully shutting down executor service. Waiting max 5 SECONDS
2021-05-21 14:32:06,457 [Listener at 127.0.0.1/41311] INFO  ratis.OzoneManagerStateMachine (HadoopExecutors.java:shutdown(129)) - Succesfully shutdown executor service
2021-05-21 14:32:06,457 [Listener at 127.0.0.1/41311] INFO  ratis.OzoneManagerStateMachine (HadoopExecutors.java:shutdown(118)) - Gracefully shutting down executor service. Waiting max 5 SECONDS
2021-05-21 14:32:06,457 [Listener at 127.0.0.1/41311] INFO  ratis.OzoneManagerStateMachine (HadoopExecutors.java:shutdown(129)) - Succesfully shutdown executor service
2021-05-21 14:32:06,457 [Listener at 127.0.0.1/41311] INFO  utils.BackgroundService (BackgroundService.java:shutdown(132)) - Shutting down service KeyDeletingService
2021-05-21 14:32:06,458 [Listener at 127.0.0.1/41311] INFO  handler.ContextHandler (ContextHandler.java:doStop(1154)) - Stopped o.e.j.w.WebAppContext@2d059642{ozoneManager,/,null,STOPPED}{file:/github/workspace/mnt/ozone/hadoop-ozone/integration-test/target/test-classes/webapps/ozoneManager}
2021-05-21 14:32:06,460 [Listener at 127.0.0.1/41311] INFO  server.AbstractConnector (AbstractConnector.java:doStop(381)) - Stopped ServerConnector@4fd5db1d{HTTP/1.1, (http/1.1)}{0.0.0.0:0}
2021-05-21 14:32:06,460 [Listener at 127.0.0.1/41311] INFO  server.session (HouseKeeper.java:stopScavenging(149)) - node0 Stopped scavenging
2021-05-21 14:32:06,460 [Listener at 127.0.0.1/41311] INFO  handler.ContextHandler (ContextHandler.java:doStop(1154)) - Stopped o.e.j.s.ServletContextHandler@5307fee{static,/static,file:///github/workspace/mnt/ozone/hadoop-ozone/integration-test/target/test-classes/webapps/static,STOPPED}
2021-05-21 14:32:06,460 [Listener at 127.0.0.1/41311] INFO  handler.ContextHandler (ContextHandler.java:doStop(1154)) - Stopped o.e.j.s.ServletContextHandler@45adac0e{logs,/logs,file:///github/workspace/mnt/ozone/hadoop-ozone/integration-test/target/log,STOPPED}
2021-05-21 14:32:06,462 [Listener at 127.0.0.1/41311] INFO  ozone.MiniOzoneClusterImpl (MiniOzoneClusterImpl.java:stopDatanodes(517)) - Stopping the HddsDatanodes
2021-05-21 14:32:06,670 [Datanode State Machine Thread - 0] INFO  statemachine.DatanodeStateMachine (DatanodeStateMachine.java:lambda$startDaemon$0(411)) - Ozone container server started.
2021-05-21 14:32:06,715 [DatanodeAdminManager-0] INFO  node.DatanodeAdminMonitorImpl (DatanodeAdminMonitorImpl.java:run(136)) - There are 3 nodes tracked for decommission and maintenance. 0 pending nodes.
2021-05-21 14:32:06,750 [ReplicationMonitor] INFO  container.ReplicationManager (ReplicationManager.java:run(290)) - Replication Monitor Thread took 0 milliseconds for processing 3 containers.
2021-05-21 14:32:07,053 [Datanode State Machine Thread - 0] INFO  statemachine.DatanodeStateMachine (DatanodeStateMachine.java:lambda$startDaemon$0(411)) - Ozone container server started.
2021-05-21 14:32:07,167 [ContainerReplicationThread-2] INFO  replication.DownloadAndImportReplicator (DownloadAndImportReplicator.java:replicate(106)) - Starting replication of container 1 from [9a82ec2f-9c54-4599-b9e4-0bab5ceba92f{ip: 172.17.0.2, host: b766c8128f74, ports: [REPLICATION=33745, RATIS=41073, RATIS_ADMIN=41073, RATIS_SERVER=41073, STANDALONE=37819], networkLocation: /default-rack, certSerialId: null, persistedOpState: IN_SERVICE, persistedOpStateExpiryEpochSec: 0}, fe5d1211-9335-469c-958f-8182ca4380cf{ip: 172.17.0.2, host: b766c8128f74, ports: [REPLICATION=41397, RATIS=40647, RATIS_ADMIN=40647, RATIS_SERVER=40647, STANDALONE=33787], networkLocation: /default-rack, certSerialId: null, persistedOpState: IN_MAINTENANCE, persistedOpStateExpiryEpochSec: 0}, 1b7a9f1a-9a61-4565-a67b-2de79fff2a8e{ip: 172.17.0.2, host: b766c8128f74, ports: [REPLICATION=40105, RATIS=36135, RATIS_ADMIN=36135, RATIS_SERVER=36135, STANDALONE=46121], networkLocation: /default-rack, certSerialId: null, persistedOpState: IN_MAINTENANCE, persistedOpStateExpiryEpochSec: 0}, 813e8fa6-b95f-4599-bf2c-d00dca9e2ee3{ip: 172.17.0.2, host: b766c8128f74, ports: [REPLICATION=45099, RATIS=43595, RATIS_ADMIN=43595, RATIS_SERVER=43595, STANDALONE=42879], networkLocation: /default-rack, certSerialId: null, persistedOpState: ENTERING_MAINTENANCE, persistedOpStateExpiryEpochSec: 0}]
2021-05-21 14:32:07,176 [grpc-default-executor-2] INFO  replication.GrpcReplicationService (GrpcReplicationService.java:download(52)) - Streaming container data (1) to other datanode
2021-05-21 14:32:07,201 [grpc-default-executor-2] INFO  replication.GrpcOutputStream (GrpcOutputStream.java:close(104)) - Sent 18066 bytes for container 1
2021-05-21 14:32:07,203 [grpc-default-executor-2] INFO  replication.GrpcReplicationClient (GrpcReplicationClient.java:onCompleted(184)) - Container 1 is downloaded to /github/workspace/mnt/ozone/hadoop-ozone/integration-test/target/test-dir/MiniOzoneClusterImpl-22464894-f501-479f-ae18-3fb6cdd505c4/datanode-2/data/replication/work/container-1.tar.gz
2021-05-21 14:32:07,204 [ContainerReplicationThread-2] INFO  replication.DownloadAndImportReplicator (DownloadAndImportReplicator.java:replicate(121)) - Container 1 is downloaded with size 18066, starting to import.
2021-05-21 14:32:07,220 [ContainerReplicationThread-2] INFO  replication.DownloadAndImportReplicator (DownloadAndImportReplicator.java:replicate(126)) - Container 1 is replicated successfully
2021-05-21 14:32:07,220 [ContainerReplicationThread-2] INFO  replication.ReplicationSupervisor (ReplicationSupervisor.java:run(147)) - Container 1 is replicated.
2021-05-21 14:32:07,354 [ForkJoinPool.commonPool-worker-0] INFO  ozoneimpl.OzoneContainer (OzoneContainer.java:stop(313)) - Attempting to stop container services.
2021-05-21 14:32:07,358 [ForkJoinPool.commonPool-worker-0] INFO  server.RaftServer (RaftServerProxy.java:lambda$close$6(391)) - 9a82ec2f-9c54-4599-b9e4-0bab5ceba92f: close
2021-05-21 14:32:07,358 [ForkJoinPool.commonPool-worker-0] INFO  server.RaftServer$Division (RaftServerImpl.java:lambda$close$4(406)) - 9a82ec2f-9c54-4599-b9e4-0bab5ceba92f@group-7B86A80A9261: shutdown
2021-05-21 14:32:07,358 [ForkJoinPool.commonPool-worker-0] INFO  util.JmxRegister (JmxRegister.java:unregister(73)) - Successfully un-registered JMX Bean with object name Ratis:service=RaftServer,group=group-7B86A80A9261,id=9a82ec2f-9c54-4599-b9e4-0bab5ceba92f
2021-05-21 14:32:07,358 [ForkJoinPool.commonPool-worker-0] INFO  impl.RoleInfo (RoleInfo.java:shutdownLeaderState(91)) - 9a82ec2f-9c54-4599-b9e4-0bab5ceba92f: shutdown 9a82ec2f-9c54-4599-b9e4-0bab5ceba92f@group-7B86A80A9261-LeaderStateImpl
2021-05-21 14:32:07,358 [ForkJoinPool.commonPool-worker-0] INFO  impl.PendingRequests (PendingRequests.java:sendNotLeaderResponses(249)) - 9a82ec2f-9c54-4599-b9e4-0bab5ceba92f@group-7B86A80A9261-PendingRequests: sendNotLeaderResponses
2021-05-21 14:32:07,359 [ForkJoinPool.commonPool-worker-0] INFO  metrics.RatisMetrics (RatisMetrics.java:unregister(43)) - Unregistering Metrics Registry : ratis.log_appender.9a82ec2f-9c54-4599-b9e4-0bab5ceba92f@group-7B86A80A9261
2021-05-21 14:32:07,359 [ForkJoinPool.commonPool-worker-0] INFO  metrics.RatisMetrics (RatisMetrics.java:unregister(43)) - Unregistering Metrics Registry : ratis.server.9a82ec2f-9c54-4599-b9e4-0bab5ceba92f@group-7B86A80A9261
2021-05-21 14:32:07,360 [9a82ec2f-9c54-4599-b9e4-0bab5ceba92f@group-7B86A80A9261-StateMachineUpdater] INFO  ratis.ContainerStateMachine (ContainerStateMachine.java:takeSnapshot(292)) - group-7B86A80A9261: Taking a snapshot at:(t:1, i:0) file /github/workspace/mnt/ozone/hadoop-ozone/integration-test/target/test-dir/MiniOzoneClusterImpl-22464894-f501-479f-ae18-3fb6cdd505c4/datanode-1/data/ratis/f8b6babe-5e4c-4f60-bc9b-7b86a80a9261/sm/snapshot.1_0
2021-05-21 14:32:07,360 [ForkJoinPool.commonPool-worker-0] INFO  impl.StateMachineUpdater (StateMachineUpdater.java:stopAndJoin(149)) - 9a82ec2f-9c54-4599-b9e4-0bab5ceba92f@group-7B86A80A9261-StateMachineUpdater: set stopIndex = 0
2021-05-21 14:32:07,361 [9a82ec2f-9c54-4599-b9e4-0bab5ceba92f@group-7B86A80A9261-StateMachineUpdater] INFO  ratis.ContainerStateMachine (ContainerStateMachine.java:takeSnapshot(303)) - group-7B86A80A9261: Finished taking a snapshot at:(t:1, i:0) file:/github/workspace/mnt/ozone/hadoop-ozone/integration-test/target/test-dir/MiniOzoneClusterImpl-22464894-f501-479f-ae18-3fb6cdd505c4/datanode-1/data/ratis/f8b6babe-5e4c-4f60-bc9b-7b86a80a9261/sm/snapshot.1_0 took: 1 ms
2021-05-21 14:32:07,361 [9a82ec2f-9c54-4599-b9e4-0bab5ceba92f@group-7B86A80A9261-StateMachineUpdater] INFO  impl.StateMachineUpdater (StateMachineUpdater.java:takeSnapshot(281)) - 9a82ec2f-9c54-4599-b9e4-0bab5ceba92f@group-7B86A80A9261-StateMachineUpdater: Took a snapshot at index 0
2021-05-21 14:32:07,361 [9a82ec2f-9c54-4599-b9e4-0bab5ceba92f@group-7B86A80A9261-StateMachineUpdater] INFO  impl.StateMachineUpdater (StateMachineUpdater.java:lambda$new$0(89)) - 9a82ec2f-9c54-4599-b9e4-0bab5ceba92f@group-7B86A80A9261-StateMachineUpdater: snapshotIndex: updateIncreasingly -1 -> 0
2021-05-21 14:32:07,361 [9a82ec2f-9c54-4599-b9e4-0bab5ceba92f@group-7B86A80A9261-StateMachineUpdater] INFO  metrics.RatisMetrics (RatisMetrics.java:unregister(43)) - Unregistering Metrics Registry : ratis.state_machine.9a82ec2f-9c54-4599-b9e4-0bab5ceba92f@group-7B86A80A9261
2021-05-21 14:32:07,362 [ForkJoinPool.commonPool-worker-0] INFO  server.RaftServer$Division (ServerState.java:close(405)) - 9a82ec2f-9c54-4599-b9e4-0bab5ceba92f@group-7B86A80A9261: closes. applyIndex: 0
2021-05-21 14:32:07,362 [9a82ec2f-9c54-4599-b9e4-0bab5ceba92f@group-7B86A80A9261-SegmentedRaftLogWorker] INFO  segmented.SegmentedRaftLogWorker (SegmentedRaftLogWorker.java:run(327)) - 9a82ec2f-9c54-4599-b9e4-0bab5ceba92f@group-7B86A80A9261-SegmentedRaftLogWorker was interrupted, exiting. There are 0 tasks remaining in the queue.
2021-05-21 14:32:07,363 [ForkJoinPool.commonPool-worker-0] INFO  segmented.SegmentedRaftLogWorker (SegmentedRaftLogWorker.java:close(237)) - 9a82ec2f-9c54-4599-b9e4-0bab5ceba92f@group-7B86A80A9261-SegmentedRaftLogWorker close()
2021-05-21 14:32:07,363 [ForkJoinPool.commonPool-worker-0] INFO  metrics.RatisMetrics (RatisMetrics.java:unregister(43)) - Unregistering Metrics Registry : ratis.log_worker.9a82ec2f-9c54-4599-b9e4-0bab5ceba92f@group-7B86A80A9261
2021-05-21 14:32:07,363 [ForkJoinPool.commonPool-worker-0] INFO  metrics.RatisMetrics (RatisMetrics.java:unregister(43)) - Unregistering Metrics Registry : ratis.leader_election.9a82ec2f-9c54-4599-b9e4-0bab5ceba92f@group-7B86A80A9261
2021-05-21 14:32:07,363 [ForkJoinPool.commonPool-worker-0] INFO  metrics.RatisMetrics (RatisMetrics.java:unregister(43)) - Unregistering Metrics Registry : ratis.server.9a82ec2f-9c54-4599-b9e4-0bab5ceba92f@group-7B86A80A9261
2021-05-21 14:32:07,363 [ForkJoinPool.commonPool-worker-0] INFO  server.RaftServer$Division (RaftServerImpl.java:lambda$close$4(406)) - 9a82ec2f-9c54-4599-b9e4-0bab5ceba92f@group-A699E101D9F1: shutdown
2021-05-21 14:32:07,363 [ForkJoinPool.commonPool-worker-0] INFO  util.JmxRegister (JmxRegister.java:unregister(73)) - Successfully un-registered JMX Bean with object name Ratis:service=RaftServer,group=group-A699E101D9F1,id=9a82ec2f-9c54-4599-b9e4-0bab5ceba92f
2021-05-21 14:32:07,363 [ForkJoinPool.commonPool-worker-0] INFO  impl.RoleInfo (RoleInfo.java:shutdownFollowerState(108)) - 9a82ec2f-9c54-4599-b9e4-0bab5ceba92f: shutdown 9a82ec2f-9c54-4599-b9e4-0bab5ceba92f@group-A699E101D9F1-FollowerState
2021-05-21 14:32:07,364 [ForkJoinPool.commonPool-worker-0] INFO  impl.StateMachineUpdater (StateMachineUpdater.java:stopAndJoin(149)) - 9a82ec2f-9c54-4599-b9e4-0bab5ceba92f@group-A699E101D9F1-StateMachineUpdater: set stopIndex = 0
2021-05-21 14:32:07,364 [9a82ec2f-9c54-4599-b9e4-0bab5ceba92f@group-A699E101D9F1-FollowerState] INFO  impl.FollowerState (FollowerState.java:run(143)) - 9a82ec2f-9c54-4599-b9e4-0bab5ceba92f@group-A699E101D9F1-FollowerState was interrupted: {}
java.lang.InterruptedException: sleep interrupted
	at java.lang.Thread.sleep(Native Method)
	at java.lang.Thread.sleep(Thread.java:340)
	at java.util.concurrent.TimeUnit.sleep(TimeUnit.java:386)
	at org.apache.ratis.util.TimeDuration.sleep(TimeDuration.java:324)
	at org.apache.ratis.util.TimeDuration.sleep(TimeDuration.java:309)
	at org.apache.ratis.server.impl.FollowerState.run(FollowerState.java:118)
2021-05-21 14:32:07,365 [9a82ec2f-9c54-4599-b9e4-0bab5ceba92f@group-A699E101D9F1-StateMachineUpdater] INFO  ratis.ContainerStateMachine (ContainerStateMachine.java:takeSnapshot(292)) - group-A699E101D9F1: Taking a snapshot at:(t:3, i:0) file /github/workspace/mnt/ozone/hadoop-ozone/integration-test/target/test-dir/MiniOzoneClusterImpl-22464894-f501-479f-ae18-3fb6cdd505c4/datanode-1/data/ratis/7006a065-fc81-4c52-9aec-a699e101d9f1/sm/snapshot.3_0
2021-05-21 14:32:07,397 [9a82ec2f-9c54-4599-b9e4-0bab5ceba92f@group-A699E101D9F1-StateMachineUpdater] INFO  ratis.ContainerStateMachine (ContainerStateMachine.java:takeSnapshot(303)) - group-A699E101D9F1: Finished taking a snapshot at:(t:3, i:0) file:/github/workspace/mnt/ozone/hadoop-ozone/integration-test/target/test-dir/MiniOzoneClusterImpl-22464894-f501-479f-ae18-3fb6cdd505c4/datanode-1/data/ratis/7006a065-fc81-4c52-9aec-a699e101d9f1/sm/snapshot.3_0 took: 32 ms
2021-05-21 14:32:07,397 [9a82ec2f-9c54-4599-b9e4-0bab5ceba92f@group-A699E101D9F1-StateMachineUpdater] INFO  impl.StateMachineUpdater (StateMachineUpdater.java:takeSnapshot(281)) - 9a82ec2f-9c54-4599-b9e4-0bab5ceba92f@group-A699E101D9F1-StateMachineUpdater: Took a snapshot at index 0
2021-05-21 14:32:07,397 [9a82ec2f-9c54-4599-b9e4-0bab5ceba92f@group-A699E101D9F1-StateMachineUpdater] INFO  impl.StateMachineUpdater (StateMachineUpdater.java:lambda$new$0(89)) - 9a82ec2f-9c54-4599-b9e4-0bab5ceba92f@group-A699E101D9F1-StateMachineUpdater: snapshotIndex: updateIncreasingly -1 -> 0
2021-05-21 14:32:07,397 [9a82ec2f-9c54-4599-b9e4-0bab5ceba92f@group-A699E101D9F1-StateMachineUpdater] INFO  metrics.RatisMetrics (RatisMetrics.java:unregister(43)) - Unregistering Metrics Registry : ratis.state_machine.9a82ec2f-9c54-4599-b9e4-0bab5ceba92f@group-A699E101D9F1
2021-05-21 14:32:07,397 [ForkJoinPool.commonPool-worker-0] INFO  server.RaftServer$Division (ServerState.java:close(405)) - 9a82ec2f-9c54-4599-b9e4-0bab5ceba92f@group-A699E101D9F1: closes. applyIndex: 0
2021-05-21 14:32:07,398 [9a82ec2f-9c54-4599-b9e4-0bab5ceba92f@group-A699E101D9F1-SegmentedRaftLogWorker] INFO  segmented.SegmentedRaftLogWorker (SegmentedRaftLogWorker.java:run(327)) - 9a82ec2f-9c54-4599-b9e4-0bab5ceba92f@group-A699E101D9F1-SegmentedRaftLogWorker was interrupted, exiting. There are 0 tasks remaining in the queue.
2021-05-21 14:32:07,398 [ForkJoinPool.commonPool-worker-0] INFO  segmented.SegmentedRaftLogWorker (SegmentedRaftLogWorker.java:close(237)) - 9a82ec2f-9c54-4599-b9e4-0bab5ceba92f@group-A699E101D9F1-SegmentedRaftLogWorker close()
2021-05-21 14:32:07,398 [ForkJoinPool.commonPool-worker-0] INFO  metrics.RatisMetrics (RatisMetrics.java:unregister(43)) - Unregistering Metrics Registry : ratis.log_worker.9a82ec2f-9c54-4599-b9e4-0bab5ceba92f@group-A699E101D9F1
2021-05-21 14:32:07,398 [ForkJoinPool.commonPool-worker-0] INFO  metrics.RatisMetrics (RatisMetrics.java:unregister(43)) - Unregistering Metrics Registry : ratis.leader_election.9a82ec2f-9c54-4599-b9e4-0bab5ceba92f@group-A699E101D9F1
2021-05-21 14:32:07,399 [ForkJoinPool.commonPool-worker-0] INFO  metrics.RatisMetrics (RatisMetrics.java:unregister(43)) - Unregistering Metrics Registry : ratis.server.9a82ec2f-9c54-4599-b9e4-0bab5ceba92f@group-A699E101D9F1
2021-05-21 14:32:07,399 [ForkJoinPool.commonPool-worker-0] INFO  server.GrpcService (GrpcService.java:closeImpl(262)) - 9a82ec2f-9c54-4599-b9e4-0bab5ceba92f: shutdown server with port 41073 now
2021-05-21 14:32:07,401 [grpc-default-executor-3] WARN  server.GrpcServerProtocolService (LogUtils.java:warn(122)) - 9a82ec2f-9c54-4599-b9e4-0bab5ceba92f: installSnapshot onError, lastRequest: 1fccea47-322e-4257-abe8-9dc7eb47081b->9a82ec2f-9c54-4599-b9e4-0bab5ceba92f#1-t3,previous=(t:0, i:0),leaderCommit=-1,initializing? true,entries: size=1, first=(t:3, i:0), CONFIGURATIONENTRY: org.apache.ratis.thirdparty.io.grpc.StatusRuntimeException: CANCELLED: client cancelled
2021-05-21 14:32:07,401 [grpc-default-executor-0] WARN  server.GrpcLogAppender (LogUtils.java:warn(122)) - 1fccea47-322e-4257-abe8-9dc7eb47081b@group-A699E101D9F1->9a82ec2f-9c54-4599-b9e4-0bab5ceba92f-AppendLogResponseHandler: Failed appendEntries: org.apache.ratis.thirdparty.io.grpc.StatusRuntimeException: CANCELLED: HTTP/2 error code: CANCEL
Received Rst Stream
2021-05-21 14:32:07,402 [grpc-default-executor-0] WARN  server.GrpcLogAppender (GrpcLogAppender.java:resetClient(111)) - 1fccea47-322e-4257-abe8-9dc7eb47081b@group-A699E101D9F1->9a82ec2f-9c54-4599-b9e4-0bab5ceba92f-GrpcLogAppender: Leader has not got in touch with Follower 1fccea47-322e-4257-abe8-9dc7eb47081b@group-A699E101D9F1->9a82ec2f-9c54-4599-b9e4-0bab5ceba92f(c0,m0,n1, attendVote=true, lastRpcSendTime=1283, lastRpcResponseTime=1282) yet, just keep nextIndex unchanged and retry.
2021-05-21 14:32:07,402 [ForkJoinPool.commonPool-worker-0] INFO  server.GrpcService (GrpcService.java:closeImpl(271)) - 9a82ec2f-9c54-4599-b9e4-0bab5ceba92f: shutdown server with port 41073 successfully
2021-05-21 14:32:07,402 [org.apache.ratis.util.JvmPauseMonitor$$Lambda$504/1419640349@e6d420a] INFO  util.JvmPauseMonitor (JvmPauseMonitor.java:run(109)) - JvmPauseMonitor-9a82ec2f-9c54-4599-b9e4-0bab5ceba92f: Stopped
2021-05-21 14:32:07,414 [ForkJoinPool.commonPool-worker-0] INFO  utils.BackgroundService (BackgroundService.java:shutdown(132)) - Shutting down service BlockDeletingService
2021-05-21 14:32:07,416 [ForkJoinPool.commonPool-worker-0] INFO  statemachine.DatanodeStateMachine (DatanodeStateMachine.java:stopDaemon(469)) - Ozone container server stopped.
2021-05-21 14:32:07,440 [ForkJoinPool.commonPool-worker-0] INFO  handler.ContextHandler (ContextHandler.java:doStop(1154)) - Stopped o.e.j.w.WebAppContext@39eb97b4{hddsDatanode,/,null,STOPPED}{jar:file:/home/user/.m2/repository/org/apache/hadoop/hadoop-hdds-container-service/1.2.0-SNAPSHOT/hadoop-hdds-container-service-1.2.0-SNAPSHOT.jar!/webapps/hddsDatanode}
2021-05-21 14:32:07,441 [ForkJoinPool.commonPool-worker-0] INFO  server.AbstractConnector (AbstractConnector.java:doStop(381)) - Stopped ServerConnector@3239f4c1{HTTP/1.1, (http/1.1)}{0.0.0.0:0}
2021-05-21 14:32:07,441 [ForkJoinPool.commonPool-worker-0] INFO  server.session (HouseKeeper.java:stopScavenging(149)) - node0 Stopped scavenging
2021-05-21 14:32:07,448 [ForkJoinPool.commonPool-worker-0] INFO  handler.ContextHandler (ContextHandler.java:doStop(1154)) - Stopped o.e.j.s.ServletContextHandler@4dee8b9a{static,/static,jar:file:/home/user/.m2/repository/org/apache/hadoop/hadoop-hdds-container-service/1.2.0-SNAPSHOT/hadoop-hdds-container-service-1.2.0-SNAPSHOT.jar!/webapps/static,STOPPED}
2021-05-21 14:32:07,450 [ForkJoinPool.commonPool-worker-0] INFO  handler.ContextHandler (ContextHandler.java:doStop(1154)) - Stopped o.e.j.s.ServletContextHandler@454e8cba{logs,/logs,file:///github/workspace/mnt/ozone/hadoop-ozone/integration-test/target/log,STOPPED}
2021-05-21 14:32:07,719 [DatanodeAdminManager-0] INFO  node.DatanodeAdminMonitorImpl (DatanodeAdminMonitorImpl.java:run(136)) - There are 3 nodes tracked for decommission and maintenance. 0 pending nodes.
2021-05-21 14:32:07,748 [Listener at 127.0.0.1/41311] INFO  ozoneimpl.OzoneContainer (OzoneContainer.java:stop(313)) - Attempting to stop container services.
2021-05-21 14:32:07,749 [Listener at 127.0.0.1/41311] INFO  server.RaftServer (RaftServerProxy.java:lambda$close$6(391)) - fe5d1211-9335-469c-958f-8182ca4380cf: close
2021-05-21 14:32:07,750 [Listener at 127.0.0.1/41311] INFO  server.GrpcService (GrpcService.java:closeImpl(262)) - fe5d1211-9335-469c-958f-8182ca4380cf: shutdown server with port 40647 now
2021-05-21 14:32:07,753 [ReplicationMonitor] INFO  container.ReplicationManager (ReplicationManager.java:run(290)) - Replication Monitor Thread took 3 milliseconds for processing 3 containers.
2021-05-21 14:32:07,755 [Listener at 127.0.0.1/41311] INFO  server.GrpcService (GrpcService.java:closeImpl(271)) - fe5d1211-9335-469c-958f-8182ca4380cf: shutdown server with port 40647 successfully
2021-05-21 14:32:07,755 [org.apache.ratis.util.JvmPauseMonitor$$Lambda$504/1419640349@1e4012cd] INFO  util.JvmPauseMonitor (JvmPauseMonitor.java:run(109)) - JvmPauseMonitor-fe5d1211-9335-469c-958f-8182ca4380cf: Stopped
2021-05-21 14:32:07,756 [Listener at 127.0.0.1/41311] INFO  utils.BackgroundService (BackgroundService.java:shutdown(132)) - Shutting down service BlockDeletingService
2021-05-21 14:32:07,761 [Listener at 127.0.0.1/41311] INFO  statemachine.DatanodeStateMachine (DatanodeStateMachine.java:stopDaemon(469)) - Ozone container server stopped.
2021-05-21 14:32:07,777 [Listener at 127.0.0.1/41311] INFO  handler.ContextHandler (ContextHandler.java:doStop(1154)) - Stopped o.e.j.w.WebAppContext@1a366d0{hddsDatanode,/,null,STOPPED}{jar:file:/home/user/.m2/repository/org/apache/hadoop/hadoop-hdds-container-service/1.2.0-SNAPSHOT/hadoop-hdds-container-service-1.2.0-SNAPSHOT.jar!/webapps/hddsDatanode}
2021-05-21 14:32:07,785 [Listener at 127.0.0.1/41311] INFO  server.AbstractConnector (AbstractConnector.java:doStop(381)) - Stopped ServerConnector@31f7fbec{HTTP/1.1, (http/1.1)}{0.0.0.0:0}
2021-05-21 14:32:07,786 [Listener at 127.0.0.1/41311] INFO  server.session (HouseKeeper.java:stopScavenging(149)) - node0 Stopped scavenging
2021-05-21 14:32:07,786 [Listener at 127.0.0.1/41311] INFO  handler.ContextHandler (ContextHandler.java:doStop(1154)) - Stopped o.e.j.s.ServletContextHandler@63d9cd59{static,/static,jar:file:/home/user/.m2/repository/org/apache/hadoop/hadoop-hdds-container-service/1.2.0-SNAPSHOT/hadoop-hdds-container-service-1.2.0-SNAPSHOT.jar!/webapps/static,STOPPED}
2021-05-21 14:32:07,786 [Listener at 127.0.0.1/41311] INFO  handler.ContextHandler (ContextHandler.java:doStop(1154)) - Stopped o.e.j.s.ServletContextHandler@2ee20713{logs,/logs,file:///github/workspace/mnt/ozone/hadoop-ozone/integration-test/target/log,STOPPED}
2021-05-21 14:32:07,939 [Datanode State Machine Thread - 0] INFO  statemachine.DatanodeStateMachine (DatanodeStateMachine.java:lambda$startDaemon$0(411)) - Ozone container server started.
2021-05-21 14:32:07,940 [ForkJoinPool.commonPool-worker-0] INFO  ozoneimpl.OzoneContainer (OzoneContainer.java:stop(313)) - Attempting to stop container services.
2021-05-21 14:32:07,940 [ForkJoinPool.commonPool-worker-0] INFO  server.RaftServer (RaftServerProxy.java:lambda$close$6(391)) - 1fccea47-322e-4257-abe8-9dc7eb47081b: close
2021-05-21 14:32:07,940 [ForkJoinPool.commonPool-worker-0] INFO  server.RaftServer$Division (RaftServerImpl.java:lambda$close$4(406)) - 1fccea47-322e-4257-abe8-9dc7eb47081b@group-A699E101D9F1: shutdown
2021-05-21 14:32:07,940 [ForkJoinPool.commonPool-worker-0] INFO  util.JmxRegister (JmxRegister.java:unregister(73)) - Successfully un-registered JMX Bean with object name Ratis:service=RaftServer,group=group-A699E101D9F1,id=1fccea47-322e-4257-abe8-9dc7eb47081b
2021-05-21 14:32:07,940 [ForkJoinPool.commonPool-worker-0] INFO  impl.RoleInfo (RoleInfo.java:shutdownLeaderState(91)) - 1fccea47-322e-4257-abe8-9dc7eb47081b: shutdown 1fccea47-322e-4257-abe8-9dc7eb47081b@group-A699E101D9F1-LeaderStateImpl
2021-05-21 14:32:07,941 [ForkJoinPool.commonPool-worker-0] INFO  metrics.RatisMetrics (RatisMetrics.java:unregister(43)) - Unregistering Metrics Registry : ratis_grpc.log_appender.1fccea47-322e-4257-abe8-9dc7eb47081b@group-A699E101D9F1
2021-05-21 14:32:07,941 [ForkJoinPool.commonPool-worker-0] INFO  metrics.RatisMetrics (RatisMetrics.java:unregister(43)) - Unregistering Metrics Registry : ratis_grpc.log_appender.1fccea47-322e-4257-abe8-9dc7eb47081b@group-A699E101D9F1
2021-05-21 14:32:07,941 [ForkJoinPool.commonPool-worker-0] INFO  impl.PendingRequests (PendingRequests.java:sendNotLeaderResponses(249)) - 1fccea47-322e-4257-abe8-9dc7eb47081b@group-A699E101D9F1-PendingRequests: sendNotLeaderResponses
2021-05-21 14:32:07,941 [ForkJoinPool.commonPool-worker-0] INFO  metrics.RatisMetrics (RatisMetrics.java:unregister(43)) - Unregistering Metrics Registry : ratis.log_appender.1fccea47-322e-4257-abe8-9dc7eb47081b@group-A699E101D9F1
2021-05-21 14:32:07,941 [1fccea47-322e-4257-abe8-9dc7eb47081b@group-A699E101D9F1->14ea7ea1-b15f-48dc-ab0e-907b4acf42a4-GrpcLogAppender-LogAppenderDaemon] WARN  server.GrpcLogAppender (GrpcLogAppender.java:mayWait(175)) - 1fccea47-322e-4257-abe8-9dc7eb47081b@group-A699E101D9F1->14ea7ea1-b15f-48dc-ab0e-907b4acf42a4-GrpcLogAppender: Wait interrupted by java.lang.InterruptedException
2021-05-21 14:32:07,941 [ForkJoinPool.commonPool-worker-0] INFO  metrics.RatisMetrics (RatisMetrics.java:unregister(43)) - Unregistering Metrics Registry : ratis.server.1fccea47-322e-4257-abe8-9dc7eb47081b@group-A699E101D9F1
2021-05-21 14:32:07,942 [grpc-default-executor-0] INFO  server.GrpcServerProtocolService (GrpcServerProtocolService.java:onCompleted(140)) - 14ea7ea1-b15f-48dc-ab0e-907b4acf42a4: Completed APPEND_ENTRIES, lastRequest: 1fccea47-322e-4257-abe8-9dc7eb47081b->14ea7ea1-b15f-48dc-ab0e-907b4acf42a4#1-t3,previous=(t:0, i:0),leaderCommit=0,initializing? true,entries: size=1, first=(t:3, i:0), CONFIGURATIONENTRY
2021-05-21 14:32:07,943 [1fccea47-322e-4257-abe8-9dc7eb47081b@group-A699E101D9F1-StateMachineUpdater] INFO  ratis.ContainerStateMachine (ContainerStateMachine.java:takeSnapshot(292)) - group-A699E101D9F1: Taking a snapshot at:(t:3, i:0) file /github/workspace/mnt/ozone/hadoop-ozone/integration-test/target/test-dir/MiniOzoneClusterImpl-22464894-f501-479f-ae18-3fb6cdd505c4/datanode-2/data/ratis/7006a065-fc81-4c52-9aec-a699e101d9f1/sm/snapshot.3_0
2021-05-21 14:32:07,943 [ForkJoinPool.commonPool-worker-0] INFO  impl.StateMachineUpdater (StateMachineUpdater.java:stopAndJoin(149)) - 1fccea47-322e-4257-abe8-9dc7eb47081b@group-A699E101D9F1-StateMachineUpdater: set stopIndex = 0
2021-05-21 14:32:07,944 [1fccea47-322e-4257-abe8-9dc7eb47081b@group-A699E101D9F1-StateMachineUpdater] INFO  ratis.ContainerStateMachine (ContainerStateMachine.java:takeSnapshot(303)) - group-A699E101D9F1: Finished taking a snapshot at:(t:3, i:0) file:/github/workspace/mnt/ozone/hadoop-ozone/integration-test/target/test-dir/MiniOzoneClusterImpl-22464894-f501-479f-ae18-3fb6cdd505c4/datanode-2/data/ratis/7006a065-fc81-4c52-9aec-a699e101d9f1/sm/snapshot.3_0 took: 1 ms
2021-05-21 14:32:07,944 [1fccea47-322e-4257-abe8-9dc7eb47081b@group-A699E101D9F1-StateMachineUpdater] INFO  impl.StateMachineUpdater (StateMachineUpdater.java:takeSnapshot(281)) - 1fccea47-322e-4257-abe8-9dc7eb47081b@group-A699E101D9F1-StateMachineUpdater: Took a snapshot at index 0
2021-05-21 14:32:07,944 [1fccea47-322e-4257-abe8-9dc7eb47081b@group-A699E101D9F1-StateMachineUpdater] INFO  impl.StateMachineUpdater (StateMachineUpdater.java:lambda$new$0(89)) - 1fccea47-322e-4257-abe8-9dc7eb47081b@group-A699E101D9F1-StateMachineUpdater: snapshotIndex: updateIncreasingly -1 -> 0
2021-05-21 14:32:07,944 [1fccea47-322e-4257-abe8-9dc7eb47081b@group-A699E101D9F1-StateMachineUpdater] INFO  metrics.RatisMetrics (RatisMetrics.java:unregister(43)) - Unregistering Metrics Registry : ratis.state_machine.1fccea47-322e-4257-abe8-9dc7eb47081b@group-A699E101D9F1
2021-05-21 14:32:07,944 [grpc-default-executor-2] INFO  server.GrpcLogAppender (GrpcLogAppender.java:onCompleted(344)) - 1fccea47-322e-4257-abe8-9dc7eb47081b@group-A699E101D9F1->14ea7ea1-b15f-48dc-ab0e-907b4acf42a4-AppendLogResponseHandler: follower responses appendEntries COMPLETED
2021-05-21 14:32:07,945 [grpc-default-executor-2] INFO  leader.FollowerInfo (FollowerInfoImpl.java:lambda$new$0(46)) - 1fccea47-322e-4257-abe8-9dc7eb47081b@group-A699E101D9F1->14ea7ea1-b15f-48dc-ab0e-907b4acf42a4: nextIndex: updateUnconditionally 1 -> 0
2021-05-21 14:32:07,945 [ForkJoinPool.commonPool-worker-0] INFO  server.RaftServer$Division (ServerState.java:close(405)) - 1fccea47-322e-4257-abe8-9dc7eb47081b@group-A699E101D9F1: closes. applyIndex: 0
2021-05-21 14:32:07,945 [1fccea47-322e-4257-abe8-9dc7eb47081b@group-A699E101D9F1-SegmentedRaftLogWorker] INFO  segmented.SegmentedRaftLogWorker (SegmentedRaftLogWorker.java:run(327)) - 1fccea47-322e-4257-abe8-9dc7eb47081b@group-A699E101D9F1-SegmentedRaftLogWorker was interrupted, exiting. There are 0 tasks remaining in the queue.
2021-05-21 14:32:07,946 [ForkJoinPool.commonPool-worker-0] INFO  segmented.SegmentedRaftLogWorker (SegmentedRaftLogWorker.java:close(237)) - 1fccea47-322e-4257-abe8-9dc7eb47081b@group-A699E101D9F1-SegmentedRaftLogWorker close()
2021-05-21 14:32:07,946 [ForkJoinPool.commonPool-worker-0] INFO  metrics.RatisMetrics (RatisMetrics.java:unregister(43)) - Unregistering Metrics Registry : ratis.log_worker.1fccea47-322e-4257-abe8-9dc7eb47081b@group-A699E101D9F1
2021-05-21 14:32:07,946 [ForkJoinPool.commonPool-worker-0] INFO  metrics.RatisMetrics (RatisMetrics.java:unregister(43)) - Unregistering Metrics Registry : ratis.leader_election.1fccea47-322e-4257-abe8-9dc7eb47081b@group-A699E101D9F1
2021-05-21 14:32:07,946 [ForkJoinPool.commonPool-worker-0] INFO  metrics.RatisMetrics (RatisMetrics.java:unregister(43)) - Unregistering Metrics Registry : ratis.server.1fccea47-322e-4257-abe8-9dc7eb47081b@group-A699E101D9F1
2021-05-21 14:32:07,946 [ForkJoinPool.commonPool-worker-0] INFO  server.RaftServer$Division (RaftServerImpl.java:lambda$close$4(406)) - 1fccea47-322e-4257-abe8-9dc7eb47081b@group-784442EE2F00: shutdown
2021-05-21 14:32:07,946 [ForkJoinPool.commonPool-worker-0] INFO  util.JmxRegister (JmxRegister.java:unregister(73)) - Successfully un-registered JMX Bean with object name Ratis:service=RaftServer,group=group-784442EE2F00,id=1fccea47-322e-4257-abe8-9dc7eb47081b
2021-05-21 14:32:07,947 [ForkJoinPool.commonPool-worker-0] INFO  impl.RoleInfo (RoleInfo.java:shutdownLeaderState(91)) - 1fccea47-322e-4257-abe8-9dc7eb47081b: shutdown 1fccea47-322e-4257-abe8-9dc7eb47081b@group-784442EE2F00-LeaderStateImpl
2021-05-21 14:32:07,947 [ForkJoinPool.commonPool-worker-0] INFO  impl.PendingRequests (PendingRequests.java:sendNotLeaderResponses(249)) - 1fccea47-322e-4257-abe8-9dc7eb47081b@group-784442EE2F00-PendingRequests: sendNotLeaderResponses
2021-05-21 14:32:07,947 [ForkJoinPool.commonPool-worker-0] INFO  metrics.RatisMetrics (RatisMetrics.java:unregister(43)) - Unregistering Metrics Registry : ratis.log_appender.1fccea47-322e-4257-abe8-9dc7eb47081b@group-784442EE2F00
2021-05-21 14:32:07,947 [ForkJoinPool.commonPool-worker-0] INFO  metrics.RatisMetrics (RatisMetrics.java:unregister(43)) - Unregistering Metrics Registry : ratis.server.1fccea47-322e-4257-abe8-9dc7eb47081b@group-784442EE2F00
2021-05-21 14:32:07,949 [1fccea47-322e-4257-abe8-9dc7eb47081b@group-784442EE2F00-StateMachineUpdater] INFO  ratis.ContainerStateMachine (ContainerStateMachine.java:takeSnapshot(292)) - group-784442EE2F00: Taking a snapshot at:(t:1, i:0) file /github/workspace/mnt/ozone/hadoop-ozone/integration-test/target/test-dir/MiniOzoneClusterImpl-22464894-f501-479f-ae18-3fb6cdd505c4/datanode-2/data/ratis/d10100d2-37a3-4f42-ae05-784442ee2f00/sm/snapshot.1_0
2021-05-21 14:32:07,949 [ForkJoinPool.commonPool-worker-0] INFO  impl.StateMachineUpdater (StateMachineUpdater.java:stopAndJoin(149)) - 1fccea47-322e-4257-abe8-9dc7eb47081b@group-784442EE2F00-StateMachineUpdater: set stopIndex = 0
2021-05-21 14:32:07,950 [1fccea47-322e-4257-abe8-9dc7eb47081b@group-784442EE2F00-StateMachineUpdater] INFO  ratis.ContainerStateMachine (ContainerStateMachine.java:takeSnapshot(303)) - group-784442EE2F00: Finished taking a snapshot at:(t:1, i:0) file:/github/workspace/mnt/ozone/hadoop-ozone/integration-test/target/test-dir/MiniOzoneClusterImpl-22464894-f501-479f-ae18-3fb6cdd505c4/datanode-2/data/ratis/d10100d2-37a3-4f42-ae05-784442ee2f00/sm/snapshot.1_0 took: 1 ms
2021-05-21 14:32:07,950 [1fccea47-322e-4257-abe8-9dc7eb47081b@group-784442EE2F00-StateMachineUpdater] INFO  impl.StateMachineUpdater (StateMachineUpdater.java:takeSnapshot(281)) - 1fccea47-322e-4257-abe8-9dc7eb47081b@group-784442EE2F00-StateMachineUpdater: Took a snapshot at index 0
2021-05-21 14:32:07,950 [1fccea47-322e-4257-abe8-9dc7eb47081b@group-784442EE2F00-StateMachineUpdater] INFO  impl.StateMachineUpdater (StateMachineUpdater.java:lambda$new$0(89)) - 1fccea47-322e-4257-abe8-9dc7eb47081b@group-784442EE2F00-StateMachineUpdater: snapshotIndex: updateIncreasingly -1 -> 0
2021-05-21 14:32:07,950 [1fccea47-322e-4257-abe8-9dc7eb47081b@group-784442EE2F00-StateMachineUpdater] INFO  metrics.RatisMetrics (RatisMetrics.java:unregister(43)) - Unregistering Metrics Registry : ratis.state_machine.1fccea47-322e-4257-abe8-9dc7eb47081b@group-784442EE2F00
2021-05-21 14:32:07,950 [ForkJoinPool.commonPool-worker-0] INFO  server.RaftServer$Division (ServerState.java:close(405)) - 1fccea47-322e-4257-abe8-9dc7eb47081b@group-784442EE2F00: closes. applyIndex: 0
2021-05-21 14:32:07,950 [1fccea47-322e-4257-abe8-9dc7eb47081b@group-784442EE2F00-SegmentedRaftLogWorker] INFO  segmented.SegmentedRaftLogWorker (SegmentedRaftLogWorker.java:run(327)) - 1fccea47-322e-4257-abe8-9dc7eb47081b@group-784442EE2F00-SegmentedRaftLogWorker was interrupted, exiting. There are 0 tasks remaining in the queue.
2021-05-21 14:32:07,951 [ForkJoinPool.commonPool-worker-0] INFO  segmented.SegmentedRaftLogWorker (SegmentedRaftLogWorker.java:close(237)) - 1fccea47-322e-4257-abe8-9dc7eb47081b@group-784442EE2F00-SegmentedRaftLogWorker close()
2021-05-21 14:32:07,951 [ForkJoinPool.commonPool-worker-0] INFO  metrics.RatisMetrics (RatisMetrics.java:unregister(43)) - Unregistering Metrics Registry : ratis.log_worker.1fccea47-322e-4257-abe8-9dc7eb47081b@group-784442EE2F00
2021-05-21 14:32:07,951 [ForkJoinPool.commonPool-worker-0] INFO  metrics.RatisMetrics (RatisMetrics.java:unregister(43)) - Unregistering Metrics Registry : ratis.leader_election.1fccea47-322e-4257-abe8-9dc7eb47081b@group-784442EE2F00
2021-05-21 14:32:07,952 [ForkJoinPool.commonPool-worker-0] INFO  metrics.RatisMetrics (RatisMetrics.java:unregister(43)) - Unregistering Metrics Registry : ratis.server.1fccea47-322e-4257-abe8-9dc7eb47081b@group-784442EE2F00
2021-05-21 14:32:07,952 [ForkJoinPool.commonPool-worker-0] INFO  server.GrpcService (GrpcService.java:closeImpl(262)) - 1fccea47-322e-4257-abe8-9dc7eb47081b: shutdown server with port 46599 now
2021-05-21 14:32:07,958 [ForkJoinPool.commonPool-worker-0] INFO  server.GrpcService (GrpcService.java:closeImpl(271)) - 1fccea47-322e-4257-abe8-9dc7eb47081b: shutdown server with port 46599 successfully
2021-05-21 14:32:07,958 [org.apache.ratis.util.JvmPauseMonitor$$Lambda$504/1419640349@3a74fd90] INFO  util.JvmPauseMonitor (JvmPauseMonitor.java:run(109)) - JvmPauseMonitor-1fccea47-322e-4257-abe8-9dc7eb47081b: Stopped
2021-05-21 14:32:07,960 [ForkJoinPool.commonPool-worker-0] INFO  utils.BackgroundService (BackgroundService.java:shutdown(132)) - Shutting down service BlockDeletingService
2021-05-21 14:32:07,962 [ForkJoinPool.commonPool-worker-0] INFO  statemachine.DatanodeStateMachine (DatanodeStateMachine.java:stopDaemon(469)) - Ozone container server stopped.
2021-05-21 14:32:07,972 [ForkJoinPool.commonPool-worker-0] INFO  handler.ContextHandler (ContextHandler.java:doStop(1154)) - Stopped o.e.j.w.WebAppContext@3b7f8fd5{hddsDatanode,/,null,STOPPED}{jar:file:/home/user/.m2/repository/org/apache/hadoop/hadoop-hdds-container-service/1.2.0-SNAPSHOT/hadoop-hdds-container-service-1.2.0-SNAPSHOT.jar!/webapps/hddsDatanode}
2021-05-21 14:32:07,973 [ForkJoinPool.commonPool-worker-0] INFO  server.AbstractConnector (AbstractConnector.java:doStop(381)) - Stopped ServerConnector@339e1787{HTTP/1.1, (http/1.1)}{0.0.0.0:0}
2021-05-21 14:32:07,973 [ForkJoinPool.commonPool-worker-0] INFO  server.session (HouseKeeper.java:stopScavenging(149)) - node0 Stopped scavenging
2021-05-21 14:32:07,974 [ForkJoinPool.commonPool-worker-0] INFO  handler.ContextHandler (ContextHandler.java:doStop(1154)) - Stopped o.e.j.s.ServletContextHandler@6683cf7a{static,/static,jar:file:/home/user/.m2/repository/org/apache/hadoop/hadoop-hdds-container-service/1.2.0-SNAPSHOT/hadoop-hdds-container-service-1.2.0-SNAPSHOT.jar!/webapps/static,STOPPED}
2021-05-21 14:32:07,975 [ForkJoinPool.commonPool-worker-0] INFO  handler.ContextHandler (ContextHandler.java:doStop(1154)) - Stopped o.e.j.s.ServletContextHandler@46433800{logs,/logs,file:///github/workspace/mnt/ozone/hadoop-ozone/integration-test/target/log,STOPPED}
2021-05-21 14:32:08,065 [Datanode State Machine Thread - 0] INFO  statemachine.DatanodeStateMachine (DatanodeStateMachine.java:lambda$startDaemon$0(411)) - Ozone container server started.
2021-05-21 14:32:08,323 [Datanode State Machine Thread - 0] INFO  statemachine.DatanodeStateMachine (DatanodeStateMachine.java:lambda$startDaemon$0(411)) - Ozone container server started.
2021-05-21 14:32:08,324 [ForkJoinPool.commonPool-worker-0] INFO  ozoneimpl.OzoneContainer (OzoneContainer.java:stop(313)) - Attempting to stop container services.
2021-05-21 14:32:08,324 [ForkJoinPool.commonPool-worker-0] INFO  server.RaftServer (RaftServerProxy.java:lambda$close$6(391)) - 14ea7ea1-b15f-48dc-ab0e-907b4acf42a4: close
2021-05-21 14:32:08,324 [ForkJoinPool.commonPool-worker-0] INFO  server.RaftServer$Division (RaftServerImpl.java:lambda$close$4(406)) - 14ea7ea1-b15f-48dc-ab0e-907b4acf42a4@group-5720831921CB: shutdown
2021-05-21 14:32:08,325 [ForkJoinPool.commonPool-worker-0] INFO  util.JmxRegister (JmxRegister.java:unregister(73)) - Successfully un-registered JMX Bean with object name Ratis:service=RaftServer,group=group-5720831921CB,id=14ea7ea1-b15f-48dc-ab0e-907b4acf42a4
2021-05-21 14:32:08,325 [ForkJoinPool.commonPool-worker-0] INFO  impl.RoleInfo (RoleInfo.java:shutdownLeaderState(91)) - 14ea7ea1-b15f-48dc-ab0e-907b4acf42a4: shutdown 14ea7ea1-b15f-48dc-ab0e-907b4acf42a4@group-5720831921CB-LeaderStateImpl
2021-05-21 14:32:08,325 [ForkJoinPool.commonPool-worker-0] INFO  impl.PendingRequests (PendingRequests.java:sendNotLeaderResponses(249)) - 14ea7ea1-b15f-48dc-ab0e-907b4acf42a4@group-5720831921CB-PendingRequests: sendNotLeaderResponses
2021-05-21 14:32:08,325 [ForkJoinPool.commonPool-worker-0] INFO  metrics.RatisMetrics (RatisMetrics.java:unregister(43)) - Unregistering Metrics Registry : ratis.log_appender.14ea7ea1-b15f-48dc-ab0e-907b4acf42a4@group-5720831921CB
2021-05-21 14:32:08,325 [ForkJoinPool.commonPool-worker-0] INFO  metrics.RatisMetrics (RatisMetrics.java:unregister(43)) - Unregistering Metrics Registry : ratis.server.14ea7ea1-b15f-48dc-ab0e-907b4acf42a4@group-5720831921CB
2021-05-21 14:32:08,326 [ForkJoinPool.commonPool-worker-0] INFO  impl.StateMachineUpdater (StateMachineUpdater.java:stopAndJoin(149)) - 14ea7ea1-b15f-48dc-ab0e-907b4acf42a4@group-5720831921CB-StateMachineUpdater: set stopIndex = 0
2021-05-21 14:32:08,326 [14ea7ea1-b15f-48dc-ab0e-907b4acf42a4@group-5720831921CB-StateMachineUpdater] INFO  ratis.ContainerStateMachine (ContainerStateMachine.java:takeSnapshot(292)) - group-5720831921CB: Taking a snapshot at:(t:1, i:0) file /github/workspace/mnt/ozone/hadoop-ozone/integration-test/target/test-dir/MiniOzoneClusterImpl-22464894-f501-479f-ae18-3fb6cdd505c4/datanode-0/data/ratis/7f0474e5-854a-43cf-97a4-5720831921cb/sm/snapshot.1_0
2021-05-21 14:32:08,327 [14ea7ea1-b15f-48dc-ab0e-907b4acf42a4@group-5720831921CB-StateMachineUpdater] INFO  ratis.ContainerStateMachine (ContainerStateMachine.java:takeSnapshot(303)) - group-5720831921CB: Finished taking a snapshot at:(t:1, i:0) file:/github/workspace/mnt/ozone/hadoop-ozone/integration-test/target/test-dir/MiniOzoneClusterImpl-22464894-f501-479f-ae18-3fb6cdd505c4/datanode-0/data/ratis/7f0474e5-854a-43cf-97a4-5720831921cb/sm/snapshot.1_0 took: 1 ms
2021-05-21 14:32:08,327 [14ea7ea1-b15f-48dc-ab0e-907b4acf42a4@group-5720831921CB-StateMachineUpdater] INFO  impl.StateMachineUpdater (StateMachineUpdater.java:takeSnapshot(281)) - 14ea7ea1-b15f-48dc-ab0e-907b4acf42a4@group-5720831921CB-StateMachineUpdater: Took a snapshot at index 0
2021-05-21 14:32:08,327 [14ea7ea1-b15f-48dc-ab0e-907b4acf42a4@group-5720831921CB-StateMachineUpdater] INFO  impl.StateMachineUpdater (StateMachineUpdater.java:lambda$new$0(89)) - 14ea7ea1-b15f-48dc-ab0e-907b4acf42a4@group-5720831921CB-StateMachineUpdater: snapshotIndex: updateIncreasingly -1 -> 0
2021-05-21 14:32:08,327 [14ea7ea1-b15f-48dc-ab0e-907b4acf42a4@group-5720831921CB-StateMachineUpdater] INFO  metrics.RatisMetrics (RatisMetrics.java:unregister(43)) - Unregistering Metrics Registry : ratis.state_machine.14ea7ea1-b15f-48dc-ab0e-907b4acf42a4@group-5720831921CB
2021-05-21 14:32:08,328 [ForkJoinPool.commonPool-worker-0] INFO  server.RaftServer$Division (ServerState.java:close(405)) - 14ea7ea1-b15f-48dc-ab0e-907b4acf42a4@group-5720831921CB: closes. applyIndex: 0
2021-05-21 14:32:08,328 [14ea7ea1-b15f-48dc-ab0e-907b4acf42a4@group-5720831921CB-SegmentedRaftLogWorker] INFO  segmented.SegmentedRaftLogWorker (SegmentedRaftLogWorker.java:run(327)) - 14ea7ea1-b15f-48dc-ab0e-907b4acf42a4@group-5720831921CB-SegmentedRaftLogWorker was interrupted, exiting. There are 0 tasks remaining in the queue.
2021-05-21 14:32:08,328 [ForkJoinPool.commonPool-worker-0] INFO  segmented.SegmentedRaftLogWorker (SegmentedRaftLogWorker.java:close(237)) - 14ea7ea1-b15f-48dc-ab0e-907b4acf42a4@group-5720831921CB-SegmentedRaftLogWorker close()
2021-05-21 14:32:08,329 [ForkJoinPool.commonPool-worker-0] INFO  metrics.RatisMetrics (RatisMetrics.java:unregister(43)) - Unregistering Metrics Registry : ratis.log_worker.14ea7ea1-b15f-48dc-ab0e-907b4acf42a4@group-5720831921CB
2021-05-21 14:32:08,329 [ForkJoinPool.commonPool-worker-0] INFO  metrics.RatisMetrics (RatisMetrics.java:unregister(43)) - Unregistering Metrics Registry : ratis.leader_election.14ea7ea1-b15f-48dc-ab0e-907b4acf42a4@group-5720831921CB
2021-05-21 14:32:08,329 [ForkJoinPool.commonPool-worker-0] INFO  metrics.RatisMetrics (RatisMetrics.java:unregister(43)) - Unregistering Metrics Registry : ratis.server.14ea7ea1-b15f-48dc-ab0e-907b4acf42a4@group-5720831921CB
2021-05-21 14:32:08,329 [ForkJoinPool.commonPool-worker-0] INFO  server.RaftServer$Division (RaftServerImpl.java:lambda$close$4(406)) - 14ea7ea1-b15f-48dc-ab0e-907b4acf42a4@group-A699E101D9F1: shutdown
2021-05-21 14:32:08,329 [ForkJoinPool.commonPool-worker-0] INFO  util.JmxRegister (JmxRegister.java:unregister(73)) - Successfully un-registered JMX Bean with object name Ratis:service=RaftServer,group=group-A699E101D9F1,id=14ea7ea1-b15f-48dc-ab0e-907b4acf42a4
2021-05-21 14:32:08,330 [ForkJoinPool.commonPool-worker-0] INFO  impl.RoleInfo (RoleInfo.java:shutdownFollowerState(108)) - 14ea7ea1-b15f-48dc-ab0e-907b4acf42a4: shutdown 14ea7ea1-b15f-48dc-ab0e-907b4acf42a4@group-A699E101D9F1-FollowerState
2021-05-21 14:32:08,330 [14ea7ea1-b15f-48dc-ab0e-907b4acf42a4@group-A699E101D9F1-FollowerState] INFO  impl.FollowerState (FollowerState.java:run(143)) - 14ea7ea1-b15f-48dc-ab0e-907b4acf42a4@group-A699E101D9F1-FollowerState was interrupted: {}
java.lang.InterruptedException: sleep interrupted
	at java.lang.Thread.sleep(Native Method)
	at java.lang.Thread.sleep(Thread.java:340)
	at java.util.concurrent.TimeUnit.sleep(TimeUnit.java:386)
	at org.apache.ratis.util.TimeDuration.sleep(TimeDuration.java:324)
	at org.apache.ratis.util.TimeDuration.sleep(TimeDuration.java:309)
	at org.apache.ratis.server.impl.FollowerState.run(FollowerState.java:118)
2021-05-21 14:32:08,331 [ForkJoinPool.commonPool-worker-0] INFO  impl.StateMachineUpdater (StateMachineUpdater.java:stopAndJoin(149)) - 14ea7ea1-b15f-48dc-ab0e-907b4acf42a4@group-A699E101D9F1-StateMachineUpdater: set stopIndex = 0
2021-05-21 14:32:08,331 [14ea7ea1-b15f-48dc-ab0e-907b4acf42a4@group-A699E101D9F1-StateMachineUpdater] INFO  ratis.ContainerStateMachine (ContainerStateMachine.java:takeSnapshot(292)) - group-A699E101D9F1: Taking a snapshot at:(t:3, i:0) file /github/workspace/mnt/ozone/hadoop-ozone/integration-test/target/test-dir/MiniOzoneClusterImpl-22464894-f501-479f-ae18-3fb6cdd505c4/datanode-0/data/ratis/7006a065-fc81-4c52-9aec-a699e101d9f1/sm/snapshot.3_0
2021-05-21 14:32:08,332 [14ea7ea1-b15f-48dc-ab0e-907b4acf42a4@group-A699E101D9F1-StateMachineUpdater] INFO  ratis.ContainerStateMachine (ContainerStateMachine.java:takeSnapshot(303)) - group-A699E101D9F1: Finished taking a snapshot at:(t:3, i:0) file:/github/workspace/mnt/ozone/hadoop-ozone/integration-test/target/test-dir/MiniOzoneClusterImpl-22464894-f501-479f-ae18-3fb6cdd505c4/datanode-0/data/ratis/7006a065-fc81-4c52-9aec-a699e101d9f1/sm/snapshot.3_0 took: 1 ms
2021-05-21 14:32:08,332 [14ea7ea1-b15f-48dc-ab0e-907b4acf42a4@group-A699E101D9F1-StateMachineUpdater] INFO  impl.StateMachineUpdater (StateMachineUpdater.java:takeSnapshot(281)) - 14ea7ea1-b15f-48dc-ab0e-907b4acf42a4@group-A699E101D9F1-StateMachineUpdater: Took a snapshot at index 0
2021-05-21 14:32:08,332 [14ea7ea1-b15f-48dc-ab0e-907b4acf42a4@group-A699E101D9F1-StateMachineUpdater] INFO  impl.StateMachineUpdater (StateMachineUpdater.java:lambda$new$0(89)) - 14ea7ea1-b15f-48dc-ab0e-907b4acf42a4@group-A699E101D9F1-StateMachineUpdater: snapshotIndex: updateIncreasingly -1 -> 0
2021-05-21 14:32:08,332 [14ea7ea1-b15f-48dc-ab0e-907b4acf42a4@group-A699E101D9F1-StateMachineUpdater] INFO  metrics.RatisMetrics (RatisMetrics.java:unregister(43)) - Unregistering Metrics Registry : ratis.state_machine.14ea7ea1-b15f-48dc-ab0e-907b4acf42a4@group-A699E101D9F1
2021-05-21 14:32:08,332 [ForkJoinPool.commonPool-worker-0] INFO  server.RaftServer$Division (ServerState.java:close(405)) - 14ea7ea1-b15f-48dc-ab0e-907b4acf42a4@group-A699E101D9F1: closes. applyIndex: 0
2021-05-21 14:32:08,332 [14ea7ea1-b15f-48dc-ab0e-907b4acf42a4@group-A699E101D9F1-SegmentedRaftLogWorker] INFO  segmented.SegmentedRaftLogWorker (SegmentedRaftLogWorker.java:run(327)) - 14ea7ea1-b15f-48dc-ab0e-907b4acf42a4@group-A699E101D9F1-SegmentedRaftLogWorker was interrupted, exiting. There are 0 tasks remaining in the queue.
2021-05-21 14:32:08,333 [ForkJoinPool.commonPool-worker-0] INFO  segmented.SegmentedRaftLogWorker (SegmentedRaftLogWorker.java:close(237)) - 14ea7ea1-b15f-48dc-ab0e-907b4acf42a4@group-A699E101D9F1-SegmentedRaftLogWorker close()
2021-05-21 14:32:08,333 [ForkJoinPool.commonPool-worker-0] INFO  metrics.RatisMetrics (RatisMetrics.java:unregister(43)) - Unregistering Metrics Registry : ratis.log_worker.14ea7ea1-b15f-48dc-ab0e-907b4acf42a4@group-A699E101D9F1
2021-05-21 14:32:08,333 [ForkJoinPool.commonPool-worker-0] INFO  metrics.RatisMetrics (RatisMetrics.java:unregister(43)) - Unregistering Metrics Registry : ratis.leader_election.14ea7ea1-b15f-48dc-ab0e-907b4acf42a4@group-A699E101D9F1
2021-05-21 14:32:08,333 [ForkJoinPool.commonPool-worker-0] INFO  metrics.RatisMetrics (RatisMetrics.java:unregister(43)) - Unregistering Metrics Registry : ratis.server.14ea7ea1-b15f-48dc-ab0e-907b4acf42a4@group-A699E101D9F1
2021-05-21 14:32:08,333 [ForkJoinPool.commonPool-worker-0] INFO  server.GrpcService (GrpcService.java:closeImpl(262)) - 14ea7ea1-b15f-48dc-ab0e-907b4acf42a4: shutdown server with port 46343 now
2021-05-21 14:32:08,335 [ForkJoinPool.commonPool-worker-0] INFO  server.GrpcService (GrpcService.java:closeImpl(271)) - 14ea7ea1-b15f-48dc-ab0e-907b4acf42a4: shutdown server with port 46343 successfully
2021-05-21 14:32:08,335 [org.apache.ratis.util.JvmPauseMonitor$$Lambda$504/1419640349@19b53f9a] INFO  util.JvmPauseMonitor (JvmPauseMonitor.java:run(109)) - JvmPauseMonitor-14ea7ea1-b15f-48dc-ab0e-907b4acf42a4: Stopped
2021-05-21 14:32:08,337 [ForkJoinPool.commonPool-worker-0] INFO  utils.BackgroundService (BackgroundService.java:shutdown(132)) - Shutting down service BlockDeletingService
2021-05-21 14:32:08,339 [ForkJoinPool.commonPool-worker-0] INFO  statemachine.DatanodeStateMachine (DatanodeStateMachine.java:stopDaemon(469)) - Ozone container server stopped.
2021-05-21 14:32:08,350 [ForkJoinPool.commonPool-worker-0] INFO  handler.ContextHandler (ContextHandler.java:doStop(1154)) - Stopped o.e.j.w.WebAppContext@3f76269e{hddsDatanode,/,null,STOPPED}{jar:file:/home/user/.m2/repository/org/apache/hadoop/hadoop-hdds-container-service/1.2.0-SNAPSHOT/hadoop-hdds-container-service-1.2.0-SNAPSHOT.jar!/webapps/hddsDatanode}
2021-05-21 14:32:08,351 [ForkJoinPool.commonPool-worker-0] INFO  server.AbstractConnector (AbstractConnector.java:doStop(381)) - Stopped ServerConnector@66949b48{HTTP/1.1, (http/1.1)}{0.0.0.0:0}
2021-05-21 14:32:08,351 [ForkJoinPool.commonPool-worker-0] INFO  server.session (HouseKeeper.java:stopScavenging(149)) - node0 Stopped scavenging
2021-05-21 14:32:08,351 [ForkJoinPool.commonPool-worker-0] INFO  handler.ContextHandler (ContextHandler.java:doStop(1154)) - Stopped o.e.j.s.ServletContextHandler@3cfc0190{static,/static,jar:file:/home/user/.m2/repository/org/apache/hadoop/hadoop-hdds-container-service/1.2.0-SNAPSHOT/hadoop-hdds-container-service-1.2.0-SNAPSHOT.jar!/webapps/static,STOPPED}
2021-05-21 14:32:08,352 [ForkJoinPool.commonPool-worker-0] INFO  handler.ContextHandler (ContextHandler.java:doStop(1154)) - Stopped o.e.j.s.ServletContextHandler@741db103{logs,/logs,file:///github/workspace/mnt/ozone/hadoop-ozone/integration-test/target/log,STOPPED}
2021-05-21 14:32:08,715 [DatanodeAdminManager-0] INFO  node.DatanodeAdminMonitorImpl (DatanodeAdminMonitorImpl.java:run(136)) - There are 3 nodes tracked for decommission and maintenance. 0 pending nodes.
2021-05-21 14:32:08,726 [EventQueue-StaleNodeForStaleNodeHandler] INFO  node.StaleNodeHandler (StaleNodeHandler.java:onMessage(58)) - Datanode 9a82ec2f-9c54-4599-b9e4-0bab5ceba92f{ip: 172.17.0.2, host: b766c8128f74, ports: [REPLICATION=33745, RATIS=41073, RATIS_ADMIN=41073, RATIS_SERVER=41073, STANDALONE=37819], networkLocation: /default-rack, certSerialId: null, persistedOpState: IN_SERVICE, persistedOpStateExpiryEpochSec: 0} moved to stale state. Finalizing its pipelines [PipelineID=f8b6babe-5e4c-4f60-bc9b-7b86a80a9261, PipelineID=7006a065-fc81-4c52-9aec-a699e101d9f1]
2021-05-21 14:32:08,726 [EventQueue-StaleNodeForStaleNodeHandler] INFO  pipeline.PipelineManagerV2Impl (PipelineManagerV2Impl.java:closePipeline(330)) - Pipeline Pipeline[ Id: f8b6babe-5e4c-4f60-bc9b-7b86a80a9261, Nodes: 9a82ec2f-9c54-4599-b9e4-0bab5ceba92f{ip: 172.17.0.2, host: b766c8128f74, ports: [REPLICATION=33745, RATIS=41073, RATIS_ADMIN=41073, RATIS_SERVER=41073, STANDALONE=37819], networkLocation: /default-rack, certSerialId: null, persistedOpState: IN_SERVICE, persistedOpStateExpiryEpochSec: 0}, ReplicationConfig: RATIS/ONE, State:OPEN, leaderId:9a82ec2f-9c54-4599-b9e4-0bab5ceba92f, CreationTimestamp2021-05-21T14:31:40.560Z] moved to CLOSED state
2021-05-21 14:32:08,727 [EventQueue-StaleNodeForStaleNodeHandler] INFO  pipeline.PipelineManagerV2Impl (PipelineManagerV2Impl.java:closePipeline(330)) - Pipeline Pipeline[ Id: 7006a065-fc81-4c52-9aec-a699e101d9f1, Nodes: 1fccea47-322e-4257-abe8-9dc7eb47081b{ip: 172.17.0.2, host: b766c8128f74, ports: [REPLICATION=33193, RATIS=46599, RATIS_ADMIN=46599, RATIS_SERVER=46599, STANDALONE=46545], networkLocation: /default-rack, certSerialId: null, persistedOpState: IN_SERVICE, persistedOpStateExpiryEpochSec: 0}9a82ec2f-9c54-4599-b9e4-0bab5ceba92f{ip: 172.17.0.2, host: b766c8128f74, ports: [REPLICATION=33745, RATIS=41073, RATIS_ADMIN=41073, RATIS_SERVER=41073, STANDALONE=37819], networkLocation: /default-rack, certSerialId: null, persistedOpState: IN_SERVICE, persistedOpStateExpiryEpochSec: 0}14ea7ea1-b15f-48dc-ab0e-907b4acf42a4{ip: 172.17.0.2, host: b766c8128f74, ports: [REPLICATION=43283, RATIS=46343, RATIS_ADMIN=46343, RATIS_SERVER=46343, STANDALONE=36905], networkLocation: /default-rack, certSerialId: null, persistedOpState: IN_SERVICE, persistedOpStateExpiryEpochSec: 0}, ReplicationConfig: RATIS/THREE, State:OPEN, leaderId:1fccea47-322e-4257-abe8-9dc7eb47081b, CreationTimestamp2021-05-21T14:31:40.941Z] moved to CLOSED state
2021-05-21 14:32:08,754 [ReplicationMonitor] INFO  container.ReplicationManager (ReplicationManager.java:handleUnderReplicatedContainer(768)) - Container #2 is under replicated. Expected replica count is 3, but found 2.
2021-05-21 14:32:08,754 [ReplicationMonitor] INFO  container.ReplicationManager (ReplicationManager.java:sendReplicateCommand(1028)) - Sending replicate container command for container #2 to datanode 14ea7ea1-b15f-48dc-ab0e-907b4acf42a4{ip: 172.17.0.2, host: b766c8128f74, ports: [REPLICATION=43283, RATIS=46343, RATIS_ADMIN=46343, RATIS_SERVER=46343, STANDALONE=36905], networkLocation: /default-rack, certSerialId: null, persistedOpState: IN_SERVICE, persistedOpStateExpiryEpochSec: 0} from datanodes [1fccea47-322e-4257-abe8-9dc7eb47081b{ip: 172.17.0.2, host: b766c8128f74, ports: [REPLICATION=33193, RATIS=46599, RATIS_ADMIN=46599, RATIS_SERVER=46599, STANDALONE=46545], networkLocation: /default-rack, certSerialId: null, persistedOpState: IN_SERVICE, persistedOpStateExpiryEpochSec: 0}, fe5d1211-9335-469c-958f-8182ca4380cf{ip: 172.17.0.2, host: b766c8128f74, ports: [REPLICATION=41397, RATIS=40647, RATIS_ADMIN=40647, RATIS_SERVER=40647, STANDALONE=33787], networkLocation: /default-rack, certSerialId: null, persistedOpState: IN_MAINTENANCE, persistedOpStateExpiryEpochSec: 0}, 813e8fa6-b95f-4599-bf2c-d00dca9e2ee3{ip: 172.17.0.2, host: b766c8128f74, ports: [REPLICATION=45099, RATIS=43595, RATIS_ADMIN=43595, RATIS_SERVER=43595, STANDALONE=42879], networkLocation: /default-rack, certSerialId: null, persistedOpState: IN_MAINTENANCE, persistedOpStateExpiryEpochSec: 0}, 1b7a9f1a-9a61-4565-a67b-2de79fff2a8e{ip: 172.17.0.2, host: b766c8128f74, ports: [REPLICATION=40105, RATIS=36135, RATIS_ADMIN=36135, RATIS_SERVER=36135, STANDALONE=46121], networkLocation: /default-rack, certSerialId: null, persistedOpState: IN_MAINTENANCE, persistedOpStateExpiryEpochSec: 0}]
2021-05-21 14:32:08,755 [ReplicationMonitor] INFO  container.ReplicationManager (ReplicationManager.java:run(290)) - Replication Monitor Thread took 1 milliseconds for processing 3 containers.
2021-05-21 14:32:09,127 [EventQueue-StaleNodeForStaleNodeHandler] INFO  node.StaleNodeHandler (StaleNodeHandler.java:onMessage(58)) - Datanode fe5d1211-9335-469c-958f-8182ca4380cf{ip: 172.17.0.2, host: b766c8128f74, ports: [REPLICATION=41397, RATIS=40647, RATIS_ADMIN=40647, RATIS_SERVER=40647, STANDALONE=33787], networkLocation: /default-rack, certSerialId: null, persistedOpState: IN_MAINTENANCE, persistedOpStateExpiryEpochSec: 0} moved to stale state. Finalizing its pipelines []
2021-05-21 14:32:09,258 [Datanode State Machine Thread - 0] INFO  statemachine.DatanodeStateMachine (DatanodeStateMachine.java:lambda$startDaemon$0(411)) - Ozone container server started.
2021-05-21 14:32:09,430 [ForkJoinPool.commonPool-worker-0] INFO  ozoneimpl.OzoneContainer (OzoneContainer.java:stop(313)) - Attempting to stop container services.
2021-05-21 14:32:09,431 [ForkJoinPool.commonPool-worker-0] INFO  server.RaftServer (RaftServerProxy.java:lambda$close$6(391)) - 813e8fa6-b95f-4599-bf2c-d00dca9e2ee3: close
2021-05-21 14:32:09,431 [ForkJoinPool.commonPool-worker-0] INFO  server.GrpcService (GrpcService.java:closeImpl(262)) - 813e8fa6-b95f-4599-bf2c-d00dca9e2ee3: shutdown server with port 43595 now
2021-05-21 14:32:09,436 [ForkJoinPool.commonPool-worker-0] INFO  server.GrpcService (GrpcService.java:closeImpl(271)) - 813e8fa6-b95f-4599-bf2c-d00dca9e2ee3: shutdown server with port 43595 successfully
2021-05-21 14:32:09,435 [grpc-default-executor-2] WARN  client.GrpcClientProtocolService (LogUtils.java:warn(122)) - 1-UnorderedRequestStreamObserver1: onError: org.apache.ratis.thirdparty.io.grpc.StatusRuntimeException: CANCELLED: client cancelled
2021-05-21 14:32:09,437 [org.apache.ratis.util.JvmPauseMonitor$$Lambda$504/1419640349@5c07596e] INFO  util.JvmPauseMonitor (JvmPauseMonitor.java:run(109)) - JvmPauseMonitor-813e8fa6-b95f-4599-bf2c-d00dca9e2ee3: Stopped
2021-05-21 14:32:09,439 [ForkJoinPool.commonPool-worker-0] INFO  utils.BackgroundService (BackgroundService.java:shutdown(132)) - Shutting down service BlockDeletingService
2021-05-21 14:32:09,440 [ForkJoinPool.commonPool-worker-0] INFO  statemachine.DatanodeStateMachine (DatanodeStateMachine.java:stopDaemon(469)) - Ozone container server stopped.
2021-05-21 14:32:09,451 [ForkJoinPool.commonPool-worker-0] INFO  handler.ContextHandler (ContextHandler.java:doStop(1154)) - Stopped o.e.j.w.WebAppContext@6cfa1cb2{hddsDatanode,/,null,STOPPED}{jar:file:/home/user/.m2/repository/org/apache/hadoop/hadoop-hdds-container-service/1.2.0-SNAPSHOT/hadoop-hdds-container-service-1.2.0-SNAPSHOT.jar!/webapps/hddsDatanode}
2021-05-21 14:32:09,452 [ForkJoinPool.commonPool-worker-0] INFO  server.AbstractConnector (AbstractConnector.java:doStop(381)) - Stopped ServerConnector@428ea503{HTTP/1.1, (http/1.1)}{0.0.0.0:0}
2021-05-21 14:32:09,452 [ForkJoinPool.commonPool-worker-0] INFO  server.session (HouseKeeper.java:stopScavenging(149)) - node0 Stopped scavenging
2021-05-21 14:32:09,453 [ForkJoinPool.commonPool-worker-0] INFO  handler.ContextHandler (ContextHandler.java:doStop(1154)) - Stopped o.e.j.s.ServletContextHandler@77302d1a{static,/static,jar:file:/home/user/.m2/repository/org/apache/hadoop/hadoop-hdds-container-service/1.2.0-SNAPSHOT/hadoop-hdds-container-service-1.2.0-SNAPSHOT.jar!/webapps/static,STOPPED}
2021-05-21 14:32:09,453 [ForkJoinPool.commonPool-worker-0] INFO  handler.ContextHandler (ContextHandler.java:doStop(1154)) - Stopped o.e.j.s.ServletContextHandler@18ad4396{logs,/logs,file:///github/workspace/mnt/ozone/hadoop-ozone/integration-test/target/log,STOPPED}
2021-05-21 14:32:09,620 [Listener at 127.0.0.1/41311] INFO  ozoneimpl.OzoneContainer (OzoneContainer.java:stop(313)) - Attempting to stop container services.
2021-05-21 14:32:09,620 [Listener at 127.0.0.1/41311] INFO  server.RaftServer (RaftServerProxy.java:lambda$close$6(391)) - 1b7a9f1a-9a61-4565-a67b-2de79fff2a8e: close
2021-05-21 14:32:09,621 [Listener at 127.0.0.1/41311] INFO  server.GrpcService (GrpcService.java:closeImpl(262)) - 1b7a9f1a-9a61-4565-a67b-2de79fff2a8e: shutdown server with port 36135 now
2021-05-21 14:32:09,621 [Listener at 127.0.0.1/41311] INFO  server.GrpcService (GrpcService.java:closeImpl(271)) - 1b7a9f1a-9a61-4565-a67b-2de79fff2a8e: shutdown server with port 36135 successfully
2021-05-21 14:32:09,622 [org.apache.ratis.util.JvmPauseMonitor$$Lambda$504/1419640349@5f667c4d] INFO  util.JvmPauseMonitor (JvmPauseMonitor.java:run(109)) - JvmPauseMonitor-1b7a9f1a-9a61-4565-a67b-2de79fff2a8e: Stopped
2021-05-21 14:32:09,624 [Listener at 127.0.0.1/41311] INFO  utils.BackgroundService (BackgroundService.java:shutdown(132)) - Shutting down service BlockDeletingService
2021-05-21 14:32:09,626 [Listener at 127.0.0.1/41311] INFO  statemachine.DatanodeStateMachine (DatanodeStateMachine.java:stopDaemon(469)) - Ozone container server stopped.
2021-05-21 14:32:09,636 [Listener at 127.0.0.1/41311] INFO  handler.ContextHandler (ContextHandler.java:doStop(1154)) - Stopped o.e.j.w.WebAppContext@1125c869{hddsDatanode,/,null,STOPPED}{jar:file:/home/user/.m2/repository/org/apache/hadoop/hadoop-hdds-container-service/1.2.0-SNAPSHOT/hadoop-hdds-container-service-1.2.0-SNAPSHOT.jar!/webapps/hddsDatanode}
2021-05-21 14:32:09,636 [Listener at 127.0.0.1/41311] INFO  server.AbstractConnector (AbstractConnector.java:doStop(381)) - Stopped ServerConnector@6e7ee328{HTTP/1.1, (http/1.1)}{0.0.0.0:0}
2021-05-21 14:32:09,636 [Listener at 127.0.0.1/41311] INFO  server.session (HouseKeeper.java:stopScavenging(149)) - node0 Stopped scavenging
2021-05-21 14:32:09,637 [Listener at 127.0.0.1/41311] INFO  handler.ContextHandler (ContextHandler.java:doStop(1154)) - Stopped o.e.j.s.ServletContextHandler@29511222{static,/static,jar:file:/home/user/.m2/repository/org/apache/hadoop/hadoop-hdds-container-service/1.2.0-SNAPSHOT/hadoop-hdds-container-service-1.2.0-SNAPSHOT.jar!/webapps/static,STOPPED}
2021-05-21 14:32:09,637 [Listener at 127.0.0.1/41311] INFO  handler.ContextHandler (ContextHandler.java:doStop(1154)) - Stopped o.e.j.s.ServletContextHandler@1a377f85{logs,/logs,file:///github/workspace/mnt/ozone/hadoop-ozone/integration-test/target/log,STOPPED}
2021-05-21 14:32:09,638 [Listener at 127.0.0.1/41311] INFO  ozone.MiniOzoneClusterImpl (MiniOzoneClusterImpl.java:stopSCM(532)) - Stopping the StorageContainerManager
2021-05-21 14:32:09,638 [Listener at 127.0.0.1/41311] INFO  server.StorageContainerManager (StorageContainerManager.java:stop(1274)) - Stopping Replication Manager Service.
2021-05-21 14:32:09,638 [Listener at 127.0.0.1/41311] INFO  container.ReplicationManager (ReplicationManager.java:stop(267)) - Stopping Replication Monitor Thread.
2021-05-21 14:32:09,638 [Listener at 127.0.0.1/41311] INFO  server.StorageContainerManager (StorageContainerManager.java:stop(1281)) - Stopping the Datanode Admin Monitor.
2021-05-21 14:32:09,639 [Listener at 127.0.0.1/41311] INFO  server.StorageContainerManager (StorageContainerManager.java:stop(1288)) - Stopping Lease Manager of the command watchers
2021-05-21 14:32:09,639 [Listener at 127.0.0.1/41311] INFO  server.StorageContainerManager (StorageContainerManager.java:stop(1295)) - Stopping datanode service RPC server
2021-05-21 14:32:09,639 [Listener at 127.0.0.1/41311] INFO  server.SCMDatanodeProtocolServer (SCMDatanodeProtocolServer.java:stop(374)) - Stopping the RPC server for DataNodes
2021-05-21 14:32:09,639 [Listener at 127.0.0.1/41311] INFO  ipc.Server (Server.java:stop(3403)) - Stopping server on 45897
2021-05-21 14:32:09,640 [IPC Server Responder] INFO  ipc.Server (Server.java:run(1502)) - Stopping IPC Server Responder
2021-05-21 14:32:09,641 [IPC Server listener on 0] INFO  ipc.Server (Server.java:run(1366)) - Stopping IPC Server listener on 0
2021-05-21 14:32:09,728 [SCM Heartbeat Processing Thread - 0] WARN  node.NodeStateManager (NodeStateManager.java:scheduleNextHealthCheck(688)) - Current Thread is interrupted, shutting down HB processing thread for Node Manager.
2021-05-21 14:32:09,728 [Listener at 127.0.0.1/41311] INFO  server.StorageContainerManager (StorageContainerManager.java:stop(1303)) - Stopping block service RPC server
2021-05-21 14:32:09,728 [Listener at 127.0.0.1/41311] INFO  server.SCMBlockProtocolServer (SCMBlockProtocolServer.java:stop(158)) - Stopping the RPC server for Block Protocol
2021-05-21 14:32:09,728 [Listener at 127.0.0.1/41311] INFO  ipc.Server (Server.java:stop(3403)) - Stopping server on 34739
2021-05-21 14:32:09,730 [IPC Server Responder] INFO  ipc.Server (Server.java:run(1502)) - Stopping IPC Server Responder
2021-05-21 14:32:09,730 [Listener at 127.0.0.1/41311] INFO  server.StorageContainerManager (StorageContainerManager.java:stop(1310)) - Stopping the StorageContainerLocationProtocol RPC server
2021-05-21 14:32:09,730 [Listener at 127.0.0.1/41311] INFO  server.SCMClientProtocolServer (SCMClientProtocolServer.java:stop(172)) - Stopping the RPC server for Client Protocol
2021-05-21 14:32:09,730 [Listener at 127.0.0.1/41311] INFO  ipc.Server (Server.java:stop(3403)) - Stopping server on 33441
2021-05-21 14:32:09,730 [IPC Server listener on 0] INFO  ipc.Server (Server.java:run(1366)) - Stopping IPC Server listener on 0
2021-05-21 14:32:09,733 [IPC Server listener on 0] INFO  ipc.Server (Server.java:run(1366)) - Stopping IPC Server listener on 0
2021-05-21 14:32:09,732 [Listener at 127.0.0.1/41311] INFO  server.StorageContainerManager (StorageContainerManager.java:stop(1317)) - Stopping Storage Container Manager HTTP server.
2021-05-21 14:32:09,732 [IPC Server Responder] INFO  ipc.Server (Server.java:run(1502)) - Stopping IPC Server Responder
2021-05-21 14:32:09,735 [Listener at 127.0.0.1/41311] INFO  handler.ContextHandler (ContextHandler.java:doStop(1154)) - Stopped o.e.j.w.WebAppContext@5b58129f{scm,/,null,STOPPED}{file:/github/workspace/mnt/ozone/hadoop-ozone/integration-test/target/test-classes/webapps/scm}
2021-05-21 14:32:09,736 [Listener at 127.0.0.1/41311] INFO  server.AbstractConnector (AbstractConnector.java:doStop(381)) - Stopped ServerConnector@22406e9b{HTTP/1.1, (http/1.1)}{0.0.0.0:0}
2021-05-21 14:32:09,736 [Listener at 127.0.0.1/41311] INFO  server.session (HouseKeeper.java:stopScavenging(149)) - node0 Stopped scavenging
2021-05-21 14:32:09,736 [Listener at 127.0.0.1/41311] INFO  handler.ContextHandler (ContextHandler.java:doStop(1154)) - Stopped o.e.j.s.ServletContextHandler@125490ea{static,/static,file:///github/workspace/mnt/ozone/hadoop-ozone/integration-test/target/test-classes/webapps/static,STOPPED}
2021-05-21 14:32:09,737 [Listener at 127.0.0.1/41311] INFO  handler.ContextHandler (ContextHandler.java:doStop(1154)) - Stopped o.e.j.s.ServletContextHandler@1bf9d2dc{logs,/logs,file:///github/workspace/mnt/ozone/hadoop-ozone/integration-test/target/log,STOPPED}
2021-05-21 14:32:09,737 [Listener at 127.0.0.1/41311] INFO  server.StorageContainerManager (StorageContainerManager.java:stop(1328)) - Stopping Block Manager Service.
2021-05-21 14:32:09,737 [Listener at 127.0.0.1/41311] INFO  utils.BackgroundService (BackgroundService.java:shutdown(132)) - Shutting down service SCMBlockDeletingService
2021-05-21 14:32:09,737 [Listener at 127.0.0.1/41311] INFO  utils.BackgroundService (BackgroundService.java:shutdown(132)) - Shutting down service SCMBlockDeletingService
2021-05-21 14:32:09,738 [Listener at 127.0.0.1/41311] INFO  server.StorageContainerManager (StorageContainerManager.java:stop(1355)) - Stopping SCM Event Queue.
2021-05-21 14:32:09,739 [Listener at 127.0.0.1/41311] WARN  pipeline.BackgroundPipelineCreator (BackgroundPipelineCreatorV2.java:stop(154)) - RatisPipelineUtilsThread is not running, just ignore.
2021-05-21 14:32:09,740 [Listener at 127.0.0.1/41311] INFO  impl.MetricsSystemImpl (MetricsSystemImpl.java:stop(210)) - Stopping HddsDatanode metrics system...
2021-05-21 14:32:09,743 [prometheus] INFO  impl.MetricsSinkAdapter (MetricsSinkAdapter.java:publishMetricsFromQueue(141)) - prometheus thread interrupted.
2021-05-21 14:32:09,743 [Listener at 127.0.0.1/41311] INFO  impl.MetricsSystemImpl (MetricsSystemImpl.java:stop(216)) - HddsDatanode metrics system stopped.
]]></system-out>
  </testcase>
  <testcase name="testDecommissionedStateReinstatedAfterSCMRestart" classname="org.apache.hadoop.ozone.scm.node.TestDecommissionAndMaintenance" time="66.793"/>
  <testcase name="testMaintenanceEndsAutomaticallyAtTimeout" classname="org.apache.hadoop.ozone.scm.node.TestDecommissionAndMaintenance" time="67.776"/>
  <testcase name="testDecommissionedNodeCanBeRecommissioned" classname="org.apache.hadoop.ozone.scm.node.TestDecommissionAndMaintenance" time="27.615"/>
  <testcase name="testNodeWithOpenPipelineCanBeDecommissioned" classname="org.apache.hadoop.ozone.scm.node.TestDecommissionAndMaintenance" time="33.988"/>
  <testcase name="testSingleNodeWithOpenPipelineCanGotoMaintenance" classname="org.apache.hadoop.ozone.scm.node.TestDecommissionAndMaintenance" time="44.03"/>
  <testcase name="testSCMHandlesRestartForMaintenanceNode" classname="org.apache.hadoop.ozone.scm.node.TestDecommissionAndMaintenance" time="46.019"/>
  <testcase name="testStoppedDecommissionedNodeTakesSCMStateOnRestart" classname="org.apache.hadoop.ozone.scm.node.TestDecommissionAndMaintenance" time="52.024"/>
  <testcase name="testEnteringMaintenanceNodeCompletesAfterSCMRestart" classname="org.apache.hadoop.ozone.scm.node.TestDecommissionAndMaintenance" time="38.416"/>
  <testcase name="testDecommissioningNodesCompleteDecommissionOnSCMRestart" classname="org.apache.hadoop.ozone.scm.node.TestDecommissionAndMaintenance" time="33.441"/>
</testsuite>