<?xml version="1.0" encoding="UTF-8"?>
<testsuite xmlns:xsi="http://www.w3.org/2001/XMLSchema-instance" xsi:noNamespaceSchemaLocation="https://maven.apache.org/surefire/maven-surefire-plugin/xsd/surefire-test-report.xsd" name="org.apache.hadoop.fs.ozone.TestRootedOzoneFileSystem" time="363.622" tests="160" errors="0" skipped="18" failures="2">
  <properties>
    <property name="awt.toolkit" value="sun.awt.X11.XToolkit"/>
    <property name="file.encoding.pkg" value="sun.io"/>
    <property name="java.specification.version" value="1.8"/>
    <property name="sun.cpu.isalist" value=""/>
    <property name="sun.jnu.encoding" value="UTF-8"/>
    <property name="java.class.path" value="/home/runner/work/ozone/ozone/hadoop-ozone/integration-test/target/test-classes:/home/runner/work/ozone/ozone/hadoop-ozone/integration-test/target/classes:/home/runner/.m2/repository/org/apache/ozone/ozone-common/1.3.0-SNAPSHOT/ozone-common-1.3.0-SNAPSHOT.jar:/home/runner/.m2/repository/org/apache/commons/commons-compress/1.21/commons-compress-1.21.jar:/home/runner/.m2/repository/org/apache/ozone/hdds-common/1.3.0-SNAPSHOT/hdds-common-1.3.0-SNAPSHOT.jar:/home/runner/.m2/repository/org/apache/ozone/hdds-client/1.3.0-SNAPSHOT/hdds-client-1.3.0-SNAPSHOT.jar:/home/runner/.m2/repository/org/apache/ozone/ozone-interface-client/1.3.0-SNAPSHOT/ozone-interface-client-1.3.0-SNAPSHOT.jar:/home/runner/.m2/repository/org/apache/ozone/hdds-test-utils/1.3.0-SNAPSHOT/hdds-test-utils-1.3.0-SNAPSHOT.jar:/home/runner/.m2/repository/com/google/guava/guava/30.1.1-jre/guava-30.1.1-jre.jar:/home/runner/.m2/repository/com/google/guava/failureaccess/1.0.1/failureaccess-1.0.1.jar:/home/runner/.m2/repository/com/google/guava/listenablefuture/9999.0-empty-to-avoid-conflict-with-guava/listenablefuture-9999.0-empty-to-avoid-conflict-with-guava.jar:/home/runner/.m2/repository/com/google/code/findbugs/jsr305/3.0.0/jsr305-3.0.0.jar:/home/runner/.m2/repository/org/checkerframework/checker-qual/3.8.0/checker-qual-3.8.0.jar:/home/runner/.m2/repository/com/google/errorprone/error_prone_annotations/2.2.0/error_prone_annotations-2.2.0.jar:/home/runner/.m2/repository/com/google/j2objc/j2objc-annotations/1.3/j2objc-annotations-1.3.jar:/home/runner/.m2/repository/commons-io/commons-io/2.11.0/commons-io-2.11.0.jar:/home/runner/.m2/repository/commons-logging/commons-logging/1.2/commons-logging-1.2.jar:/home/runner/.m2/repository/log4j/log4j/1.2.17/log4j-1.2.17.jar:/home/runner/.m2/repository/org/slf4j/slf4j-api/1.7.30/slf4j-api-1.7.30.jar:/home/runner/.m2/repository/org/apache/ozone/hdds-server-scm/1.3.0-SNAPSHOT/hdds-server-scm-1.3.0-SNAPSHOT.jar:/home/runner/.m2/repository/org/apache/ozone/hdds-container-service/1.3.0-SNAPSHOT/hdds-container-service-1.3.0-SNAPSHOT.jar:/home/runner/.m2/repository/org/apache/ozone/hdds-hadoop-dependency-server/1.3.0-SNAPSHOT/hdds-hadoop-dependency-server-1.3.0-SNAPSHOT.jar:/home/runner/.m2/repository/org/apache/hadoop/hadoop-hdfs/3.3.1/hadoop-hdfs-3.3.1.jar:/home/runner/.m2/repository/org/apache/ozone/hdds-server-framework/1.3.0-SNAPSHOT/hdds-server-framework-1.3.0-SNAPSHOT.jar:/home/runner/.m2/repository/org/apache/ozone/hdds-interface-server/1.3.0-SNAPSHOT/hdds-interface-server-1.3.0-SNAPSHOT.jar:/home/runner/.m2/repository/org/eclipse/jetty/jetty-servlet/9.4.43.v20210629/jetty-servlet-9.4.43.v20210629.jar:/home/runner/.m2/repository/org/eclipse/jetty/jetty-security/9.4.43.v20210629/jetty-security-9.4.43.v20210629.jar:/home/runner/.m2/repository/org/rocksdb/rocksdbjni/6.25.3/rocksdbjni-6.25.3.jar:/home/runner/.m2/repository/io/prometheus/simpleclient_dropwizard/0.7.0/simpleclient_dropwizard-0.7.0.jar:/home/runner/.m2/repository/io/prometheus/simpleclient/0.7.0/simpleclient-0.7.0.jar:/home/runner/.m2/repository/io/prometheus/simpleclient_common/0.7.0/simpleclient_common-0.7.0.jar:/home/runner/.m2/repository/com/fasterxml/jackson/datatype/jackson-datatype-jsr310/2.12.1/jackson-datatype-jsr310-2.12.1.jar:/home/runner/.m2/repository/io/dropwizard/metrics/metrics-core/3.2.4/metrics-core-3.2.4.jar:/home/runner/.m2/repository/org/apache/hadoop/hadoop-hdfs-client/3.3.1/hadoop-hdfs-client-3.3.1.jar:/home/runner/.m2/repository/org/bouncycastle/bcprov-jdk15on/1.67/bcprov-jdk15on-1.67.jar:/home/runner/.m2/repository/com/google/protobuf/protobuf-java/2.5.0/protobuf-java-2.5.0.jar:/home/runner/.m2/repository/org/apache/ozone/ozone-manager/1.3.0-SNAPSHOT/ozone-manager-1.3.0-SNAPSHOT.jar:/home/runner/.m2/repository/org/aspectj/aspectjrt/1.9.7/aspectjrt-1.9.7.jar:/home/runner/.m2/repository/org/aspectj/aspectjweaver/1.9.7/aspectjweaver-1.9.7.jar:/home/runner/.m2/repository/org/apache/ozone/hdds-interface-client/1.3.0-SNAPSHOT/hdds-interface-client-1.3.0-SNAPSHOT.jar:/home/runner/.m2/repository/org/apache/hadoop/thirdparty/hadoop-shaded-protobuf_3_7/1.1.1/hadoop-shaded-protobuf_3_7-1.1.1.jar:/home/runner/.m2/repository/org/apache/ozone/ozone-interface-storage/1.3.0-SNAPSHOT/ozone-interface-storage-1.3.0-SNAPSHOT.jar:/home/runner/.m2/repository/org/reflections/reflections/0.9.11/reflections-0.9.11.jar:/home/runner/.m2/repository/org/apache/hadoop/hadoop-minikdc/3.3.1/hadoop-minikdc-3.3.1.jar:/home/runner/.m2/repository/org/apache/kerby/kerb-simplekdc/1.0.1/kerb-simplekdc-1.0.1.jar:/home/runner/.m2/repository/org/apache/kerby/kerb-client/1.0.1/kerb-client-1.0.1.jar:/home/runner/.m2/repository/org/apache/kerby/kerby-config/1.0.1/kerby-config-1.0.1.jar:/home/runner/.m2/repository/org/apache/kerby/kerb-common/1.0.1/kerb-common-1.0.1.jar:/home/runner/.m2/repository/org/apache/kerby/kerb-crypto/1.0.1/kerb-crypto-1.0.1.jar:/home/runner/.m2/repository/org/apache/kerby/kerb-util/1.0.1/kerb-util-1.0.1.jar:/home/runner/.m2/repository/org/apache/kerby/token-provider/1.0.1/token-provider-1.0.1.jar:/home/runner/.m2/repository/org/apache/kerby/kerb-admin/1.0.1/kerb-admin-1.0.1.jar:/home/runner/.m2/repository/org/apache/kerby/kerb-server/1.0.1/kerb-server-1.0.1.jar:/home/runner/.m2/repository/org/apache/kerby/kerb-identity/1.0.1/kerb-identity-1.0.1.jar:/home/runner/.m2/repository/org/apache/kerby/kerby-xdr/1.0.1/kerby-xdr-1.0.1.jar:/home/runner/.m2/repository/org/slf4j/slf4j-log4j12/1.7.30/slf4j-log4j12-1.7.30.jar:/home/runner/.m2/repository/org/apache/ozone/ozone-s3gateway/1.3.0-SNAPSHOT/ozone-s3gateway-1.3.0-SNAPSHOT.jar:/home/runner/.m2/repository/org/javassist/javassist/3.21.0-GA/javassist-3.21.0-GA.jar:/home/runner/.m2/repository/org/jboss/weld/servlet/weld-servlet/2.4.7.Final/weld-servlet-2.4.7.Final.jar:/home/runner/.m2/repository/org/glassfish/jersey/containers/jersey-container-servlet-core/2.33/jersey-container-servlet-core-2.33.jar:/home/runner/.m2/repository/org/glassfish/hk2/external/jakarta.inject/2.6.1/jakarta.inject-2.6.1.jar:/home/runner/.m2/repository/org/glassfish/jersey/core/jersey-common/2.33/jersey-common-2.33.jar:/home/runner/.m2/repository/jakarta/ws/rs/jakarta.ws.rs-api/2.1.6/jakarta.ws.rs-api-2.1.6.jar:/home/runner/.m2/repository/org/glassfish/jersey/ext/cdi/jersey-cdi1x/2.33/jersey-cdi1x-2.33.jar:/home/runner/.m2/repository/org/glassfish/jersey/inject/jersey-hk2/2.33/jersey-hk2-2.33.jar:/home/runner/.m2/repository/org/glassfish/hk2/hk2-locator/2.6.1/hk2-locator-2.6.1.jar:/home/runner/.m2/repository/org/glassfish/jersey/media/jersey-media-jaxb/2.33/jersey-media-jaxb-2.33.jar:/home/runner/.m2/repository/org/glassfish/hk2/osgi-resource-locator/1.0.3/osgi-resource-locator-1.0.3.jar:/home/runner/.m2/repository/org/glassfish/hk2/hk2-api/2.5.0/hk2-api-2.5.0.jar:/home/runner/.m2/repository/org/glassfish/hk2/hk2-utils/2.5.0/hk2-utils-2.5.0.jar:/home/runner/.m2/repository/org/glassfish/hk2/external/aopalliance-repackaged/2.5.0/aopalliance-repackaged-2.5.0.jar:/home/runner/.m2/repository/com/fasterxml/jackson/dataformat/jackson-dataformat-xml/2.12.1/jackson-dataformat-xml-2.12.1.jar:/home/runner/.m2/repository/com/fasterxml/jackson/core/jackson-core/2.12.1/jackson-core-2.12.1.jar:/home/runner/.m2/repository/com/fasterxml/jackson/module/jackson-module-jaxb-annotations/2.12.1/jackson-module-jaxb-annotations-2.12.1.jar:/home/runner/.m2/repository/jakarta/xml/bind/jakarta.xml.bind-api/2.3.2/jakarta.xml.bind-api-2.3.2.jar:/home/runner/.m2/repository/org/codehaus/woodstox/stax2-api/3.1.4/stax2-api-3.1.4.jar:/home/runner/.m2/repository/com/fasterxml/woodstox/woodstox-core/5.0.3/woodstox-core-5.0.3.jar:/home/runner/.m2/repository/javax/enterprise/cdi-api/1.2/cdi-api-1.2.jar:/home/runner/.m2/repository/javax/el/javax.el-api/3.0.0/javax.el-api-3.0.0.jar:/home/runner/.m2/repository/javax/interceptor/javax.interceptor-api/1.2/javax.interceptor-api-1.2.jar:/home/runner/.m2/repository/javax/inject/javax.inject/1/javax.inject-1.jar:/home/runner/.m2/repository/javax/xml/bind/jaxb-api/2.3.0/jaxb-api-2.3.0.jar:/home/runner/.m2/repository/org/glassfish/jaxb/jaxb-runtime/2.3.0.1/jaxb-runtime-2.3.0.1.jar:/home/runner/.m2/repository/org/glassfish/jaxb/jaxb-core/2.3.0.1/jaxb-core-2.3.0.1.jar:/home/runner/.m2/repository/org/glassfish/jaxb/txw2/2.3.0.1/txw2-2.3.0.1.jar:/home/runner/.m2/repository/com/sun/istack/istack-commons-runtime/3.0.5/istack-commons-runtime-3.0.5.jar:/home/runner/.m2/repository/org/jvnet/staxex/stax-ex/1.7.8/stax-ex-1.7.8.jar:/home/runner/.m2/repository/com/sun/xml/fastinfoset/FastInfoset/1.2.13/FastInfoset-1.2.13.jar:/home/runner/.m2/repository/javax/activation/activation/1.1.1/activation-1.1.1.jar:/home/runner/.m2/repository/org/apache/ozone/ozone-csi/1.3.0-SNAPSHOT/ozone-csi-1.3.0-SNAPSHOT.jar:/home/runner/.m2/repository/com/google/protobuf/protobuf-java-util/3.12.0/protobuf-java-util-3.12.0.jar:/home/runner/.m2/repository/com/google/code/gson/gson/2.2.4/gson-2.2.4.jar:/home/runner/.m2/repository/org/apache/ozone/hdds-config/1.3.0-SNAPSHOT/hdds-config-1.3.0-SNAPSHOT.jar:/home/runner/.m2/repository/io/grpc/grpc-netty/1.33.0/grpc-netty-1.33.0.jar:/home/runner/.m2/repository/io/grpc/grpc-core/1.33.0/grpc-core-1.33.0.jar:/home/runner/.m2/repository/com/google/android/annotations/4.1.1.4/annotations-4.1.1.4.jar:/home/runner/.m2/repository/io/netty/netty-codec-http2/4.1.63.Final/netty-codec-http2-4.1.63.Final.jar:/home/runner/.m2/repository/io/netty/netty-codec-http/4.1.63.Final/netty-codec-http-4.1.63.Final.jar:/home/runner/.m2/repository/io/netty/netty-handler-proxy/4.1.63.Final/netty-handler-proxy-4.1.63.Final.jar:/home/runner/.m2/repository/io/netty/netty-codec-socks/4.1.63.Final/netty-codec-socks-4.1.63.Final.jar:/home/runner/.m2/repository/io/perfmark/perfmark-api/0.19.0/perfmark-api-0.19.0.jar:/home/runner/.m2/repository/org/codehaus/mojo/animal-sniffer-annotations/1.18/animal-sniffer-annotations-1.18.jar:/home/runner/.m2/repository/io/netty/netty-transport-native-epoll/4.1.63.Final/netty-transport-native-epoll-4.1.63.Final.jar:/home/runner/.m2/repository/io/netty/netty-common/4.1.63.Final/netty-common-4.1.63.Final.jar:/home/runner/.m2/repository/io/netty/netty-buffer/4.1.63.Final/netty-buffer-4.1.63.Final.jar:/home/runner/.m2/repository/io/netty/netty-transport-native-unix-common/4.1.63.Final/netty-transport-native-unix-common-4.1.63.Final.jar:/home/runner/.m2/repository/io/grpc/grpc-protobuf/1.33.0/grpc-protobuf-1.33.0.jar:/home/runner/.m2/repository/io/grpc/grpc-api/1.33.0/grpc-api-1.33.0.jar:/home/runner/.m2/repository/io/grpc/grpc-context/1.33.0/grpc-context-1.33.0.jar:/home/runner/.m2/repository/com/google/api/grpc/proto-google-common-protos/1.17.0/proto-google-common-protos-1.17.0.jar:/home/runner/.m2/repository/io/grpc/grpc-protobuf-lite/1.33.0/grpc-protobuf-lite-1.33.0.jar:/home/runner/.m2/repository/io/grpc/grpc-stub/1.33.0/grpc-stub-1.33.0.jar:/home/runner/.m2/repository/org/apache/ozone/ozone-recon/1.3.0-SNAPSHOT/ozone-recon-1.3.0-SNAPSHOT.jar:/home/runner/.m2/repository/org/apache/ozone/ozone-reconcodegen/1.3.0-SNAPSHOT/ozone-reconcodegen-1.3.0-SNAPSHOT.jar:/home/runner/.m2/repository/com/google/inject/extensions/guice-multibindings/4.0/guice-multibindings-4.0.jar:/home/runner/.m2/repository/com/google/inject/guice/4.0/guice-4.0.jar:/home/runner/.m2/repository/aopalliance/aopalliance/1.0/aopalliance-1.0.jar:/home/runner/.m2/repository/com/google/inject/extensions/guice-assistedinject/4.0/guice-assistedinject-4.0.jar:/home/runner/.m2/repository/com/google/inject/extensions/guice-servlet/4.0/guice-servlet-4.0.jar:/home/runner/.m2/repository/org/glassfish/jersey/containers/jersey-container-servlet/2.33/jersey-container-servlet-2.33.jar:/home/runner/.m2/repository/org/glassfish/hk2/guice-bridge/2.5.0/guice-bridge-2.5.0.jar:/home/runner/.m2/repository/org/glassfish/jersey/core/jersey-server/2.33/jersey-server-2.33.jar:/home/runner/.m2/repository/org/glassfish/jersey/core/jersey-client/2.33/jersey-client-2.33.jar:/home/runner/.m2/repository/jakarta/annotation/jakarta.annotation-api/1.3.5/jakarta.annotation-api-1.3.5.jar:/home/runner/.m2/repository/jakarta/validation/jakarta.validation-api/2.0.2/jakarta.validation-api-2.0.2.jar:/home/runner/.m2/repository/org/glassfish/jersey/media/jersey-media-json-jackson/2.33/jersey-media-json-jackson-2.33.jar:/home/runner/.m2/repository/org/glassfish/jersey/ext/jersey-entity-filtering/2.33/jersey-entity-filtering-2.33.jar:/home/runner/.m2/repository/org/jooq/jooq/3.11.10/jooq-3.11.10.jar:/home/runner/.m2/repository/org/jooq/jooq-meta/3.11.10/jooq-meta-3.11.10.jar:/home/runner/.m2/repository/org/jooq/jooq-codegen/3.11.10/jooq-codegen-3.11.10.jar:/home/runner/.m2/repository/com/jolbox/bonecp/0.8.0.RELEASE/bonecp-0.8.0.RELEASE.jar:/home/runner/.m2/repository/org/apache/derby/derby/10.14.2.0/derby-10.14.2.0.jar:/home/runner/.m2/repository/org/xerial/sqlite-jdbc/3.25.2/sqlite-jdbc-3.25.2.jar:/home/runner/.m2/repository/org/springframework/spring-jdbc/5.2.18.RELEASE/spring-jdbc-5.2.18.RELEASE.jar:/home/runner/.m2/repository/org/springframework/spring-beans/5.2.18.RELEASE/spring-beans-5.2.18.RELEASE.jar:/home/runner/.m2/repository/org/springframework/spring-core/5.2.18.RELEASE/spring-core-5.2.18.RELEASE.jar:/home/runner/.m2/repository/org/springframework/spring-jcl/5.2.18.RELEASE/spring-jcl-5.2.18.RELEASE.jar:/home/runner/.m2/repository/org/springframework/spring-tx/5.2.18.RELEASE/spring-tx-5.2.18.RELEASE.jar:/home/runner/.m2/repository/org/apache/ozone/ozone-client/1.3.0-SNAPSHOT/ozone-client-1.3.0-SNAPSHOT.jar:/home/runner/.m2/repository/org/apache/ozone/ozone-filesystem/1.3.0-SNAPSHOT/ozone-filesystem-1.3.0-SNAPSHOT.jar:/home/runner/.m2/repository/org/apache/ozone/ozone-filesystem-common/1.3.0-SNAPSHOT/ozone-filesystem-common-1.3.0-SNAPSHOT.jar:/home/runner/.m2/repository/org/apache/ozone/ozone-tools/1.3.0-SNAPSHOT/ozone-tools-1.3.0-SNAPSHOT.jar:/home/runner/.m2/repository/org/apache/ratis/ratis-tools/2.2.0/ratis-tools-2.2.0.jar:/home/runner/.m2/repository/com/amazonaws/aws-java-sdk-core/1.12.124/aws-java-sdk-core-1.12.124.jar:/home/runner/.m2/repository/org/apache/httpcomponents/httpclient/4.5.13/httpclient-4.5.13.jar:/home/runner/.m2/repository/org/apache/httpcomponents/httpcore/4.4.13/httpcore-4.4.13.jar:/home/runner/.m2/repository/software/amazon/ion/ion-java/1.0.2/ion-java-1.0.2.jar:/home/runner/.m2/repository/com/fasterxml/jackson/dataformat/jackson-dataformat-cbor/2.12.1/jackson-dataformat-cbor-2.12.1.jar:/home/runner/.m2/repository/joda-time/joda-time/2.8.1/joda-time-2.8.1.jar:/home/runner/.m2/repository/com/amazonaws/aws-java-sdk-s3/1.12.124/aws-java-sdk-s3-1.12.124.jar:/home/runner/.m2/repository/com/amazonaws/aws-java-sdk-kms/1.12.124/aws-java-sdk-kms-1.12.124.jar:/home/runner/.m2/repository/com/amazonaws/jmespath-java/1.12.124/jmespath-java-1.12.124.jar:/home/runner/.m2/repository/org/kohsuke/metainf-services/metainf-services/1.8/metainf-services-1.8.jar:/home/runner/.m2/repository/org/apache/ozone/hdds-tools/1.3.0-SNAPSHOT/hdds-tools-1.3.0-SNAPSHOT.jar:/home/runner/.m2/repository/commons-cli/commons-cli/1.2/commons-cli-1.2.jar:/home/runner/.m2/repository/org/apache/commons/commons-lang3/3.7/commons-lang3-3.7.jar:/home/runner/.m2/repository/org/apache/ozone/ozone-manager/1.3.0-SNAPSHOT/ozone-manager-1.3.0-SNAPSHOT-tests.jar:/home/runner/.m2/repository/org/apache/ozone/hdds-common/1.3.0-SNAPSHOT/hdds-common-1.3.0-SNAPSHOT-tests.jar:/home/runner/.m2/repository/org/apache/ozone/hdds-hadoop-dependency-client/1.3.0-SNAPSHOT/hdds-hadoop-dependency-client-1.3.0-SNAPSHOT.jar:/home/runner/.m2/repository/info/picocli/picocli/4.6.1/picocli-4.6.1.jar:/home/runner/.m2/repository/com/fasterxml/jackson/core/jackson-annotations/2.12.1/jackson-annotations-2.12.1.jar:/home/runner/.m2/repository/javax/annotation/javax.annotation-api/1.2/javax.annotation-api-1.2.jar:/home/runner/.m2/repository/org/apache/ratis/ratis-server/2.2.0/ratis-server-2.2.0.jar:/home/runner/.m2/repository/org/apache/ratis/ratis-client/2.2.0/ratis-client-2.2.0.jar:/home/runner/.m2/repository/org/apache/ratis/ratis-server-api/2.2.0/ratis-server-api-2.2.0.jar:/home/runner/.m2/repository/org/apache/ratis/ratis-metrics/2.2.0/ratis-metrics-2.2.0.jar:/home/runner/.m2/repository/org/apache/ratis/ratis-netty/2.2.0/ratis-netty-2.2.0.jar:/home/runner/.m2/repository/org/apache/ratis/ratis-grpc/2.2.0/ratis-grpc-2.2.0.jar:/home/runner/.m2/repository/org/apache/logging/log4j/log4j-api/2.17.1/log4j-api-2.17.1.jar:/home/runner/.m2/repository/org/apache/logging/log4j/log4j-core/2.17.1/log4j-core-2.17.1.jar:/home/runner/.m2/repository/com/lmax/disruptor/3.4.2/disruptor-3.4.2.jar:/home/runner/.m2/repository/org/apache/commons/commons-pool2/2.6.0/commons-pool2-2.6.0.jar:/home/runner/.m2/repository/org/bouncycastle/bcpkix-jdk15on/1.67/bcpkix-jdk15on-1.67.jar:/home/runner/.m2/repository/commons-validator/commons-validator/1.6/commons-validator-1.6.jar:/home/runner/.m2/repository/commons-beanutils/commons-beanutils/1.9.4/commons-beanutils-1.9.4.jar:/home/runner/.m2/repository/commons-digester/commons-digester/1.8.1/commons-digester-1.8.1.jar:/home/runner/.m2/repository/commons-collections/commons-collections/3.2.2/commons-collections-3.2.2.jar:/home/runner/.m2/repository/io/jaegertracing/jaeger-client/1.6.0/jaeger-client-1.6.0.jar:/home/runner/.m2/repository/io/jaegertracing/jaeger-thrift/1.6.0/jaeger-thrift-1.6.0.jar:/home/runner/.m2/repository/org/apache/thrift/libthrift/0.14.1/libthrift-0.14.1.jar:/home/runner/.m2/repository/com/squareup/okhttp3/okhttp/4.9.0/okhttp-4.9.0.jar:/home/runner/.m2/repository/com/squareup/okio/okio/2.8.0/okio-2.8.0.jar:/home/runner/.m2/repository/io/jaegertracing/jaeger-core/1.6.0/jaeger-core-1.6.0.jar:/home/runner/.m2/repository/io/jaegertracing/jaeger-tracerresolver/1.6.0/jaeger-tracerresolver-1.6.0.jar:/home/runner/.m2/repository/io/opentracing/contrib/opentracing-tracerresolver/0.1.8/opentracing-tracerresolver-0.1.8.jar:/home/runner/.m2/repository/org/jetbrains/kotlin/kotlin-stdlib/1.4.31/kotlin-stdlib-1.4.31.jar:/home/runner/.m2/repository/org/jetbrains/kotlin/kotlin-stdlib-common/1.4.31/kotlin-stdlib-common-1.4.31.jar:/home/runner/.m2/repository/org/jetbrains/annotations/13.0/annotations-13.0.jar:/home/runner/.m2/repository/io/opentracing/opentracing-util/0.33.0/opentracing-util-0.33.0.jar:/home/runner/.m2/repository/io/opentracing/opentracing-api/0.33.0/opentracing-api-0.33.0.jar:/home/runner/.m2/repository/io/opentracing/opentracing-noop/0.33.0/opentracing-noop-0.33.0.jar:/home/runner/.m2/repository/org/yaml/snakeyaml/1.26/snakeyaml-1.26.jar:/home/runner/.m2/repository/org/apache/ozone/hdds-interface-admin/1.3.0-SNAPSHOT/hdds-interface-admin-1.3.0-SNAPSHOT.jar:/home/runner/.m2/repository/junit/junit/4.13.1/junit-4.13.1.jar:/home/runner/.m2/repository/org/hamcrest/hamcrest-core/1.3/hamcrest-core-1.3.jar:/home/runner/.m2/repository/org/junit/jupiter/junit-jupiter-api/5.7.0/junit-jupiter-api-5.7.0.jar:/home/runner/.m2/repository/org/apiguardian/apiguardian-api/1.1.0/apiguardian-api-1.1.0.jar:/home/runner/.m2/repository/org/opentest4j/opentest4j/1.2.0/opentest4j-1.2.0.jar:/home/runner/.m2/repository/org/junit/platform/junit-platform-commons/1.7.0/junit-platform-commons-1.7.0.jar:/home/runner/.m2/repository/org/junit/jupiter/junit-jupiter-engine/5.7.0/junit-jupiter-engine-5.7.0.jar:/home/runner/.m2/repository/org/junit/platform/junit-platform-engine/1.7.0/junit-platform-engine-1.7.0.jar:/home/runner/.m2/repository/org/junit/vintage/junit-vintage-engine/5.7.0/junit-vintage-engine-5.7.0.jar:/home/runner/.m2/repository/org/junit/platform/junit-platform-launcher/1.7.0/junit-platform-launcher-1.7.0.jar:/home/runner/.m2/repository/org/mockito/mockito-core/2.28.2/mockito-core-2.28.2.jar:/home/runner/.m2/repository/net/bytebuddy/byte-buddy/1.9.10/byte-buddy-1.9.10.jar:/home/runner/.m2/repository/net/bytebuddy/byte-buddy-agent/1.9.10/byte-buddy-agent-1.9.10.jar:/home/runner/.m2/repository/org/objenesis/objenesis/1.0/objenesis-1.0.jar:/home/runner/.m2/repository/org/apache/hadoop/hadoop-kms/3.3.1/hadoop-kms-3.3.1.jar:/home/runner/.m2/repository/org/apache/hadoop/hadoop-auth/3.3.1/hadoop-auth-3.3.1.jar:/home/runner/.m2/repository/com/nimbusds/nimbus-jose-jwt/7.9/nimbus-jose-jwt-7.9.jar:/home/runner/.m2/repository/com/github/stephenc/jcip/jcip-annotations/1.0-1/jcip-annotations-1.0-1.jar:/home/runner/.m2/repository/net/minidev/json-smart/2.3.1/json-smart-2.3.1.jar:/home/runner/.m2/repository/net/minidev/accessors-smart/2.3.1/accessors-smart-2.3.1.jar:/home/runner/.m2/repository/org/ow2/asm/asm/5.0.4/asm-5.0.4.jar:/home/runner/.m2/repository/org/apache/zookeeper/zookeeper/3.5.6/zookeeper-3.5.6.jar:/home/runner/.m2/repository/org/apache/zookeeper/zookeeper-jute/3.5.6/zookeeper-jute-3.5.6.jar:/home/runner/.m2/repository/org/apache/yetus/audience-annotations/0.5.0/audience-annotations-0.5.0.jar:/home/runner/.m2/repository/org/apache/curator/curator-framework/4.2.0/curator-framework-4.2.0.jar:/home/runner/.m2/repository/org/apache/hadoop/thirdparty/hadoop-shaded-guava/1.1.1/hadoop-shaded-guava-1.1.1.jar:/home/runner/.m2/repository/com/sun/jersey/jersey-core/1.19/jersey-core-1.19.jar:/home/runner/.m2/repository/javax/ws/rs/jsr311-api/1.1.1/jsr311-api-1.1.1.jar:/home/runner/.m2/repository/com/sun/jersey/jersey-server/1.19/jersey-server-1.19.jar:/home/runner/.m2/repository/javax/servlet/javax.servlet-api/3.1.0/javax.servlet-api-3.1.0.jar:/home/runner/.m2/repository/org/eclipse/jetty/jetty-server/9.4.43.v20210629/jetty-server-9.4.43.v20210629.jar:/home/runner/.m2/repository/org/eclipse/jetty/jetty-http/9.4.43.v20210629/jetty-http-9.4.43.v20210629.jar:/home/runner/.m2/repository/org/eclipse/jetty/jetty-io/9.4.43.v20210629/jetty-io-9.4.43.v20210629.jar:/home/runner/.m2/repository/org/eclipse/jetty/jetty-webapp/9.4.43.v20210629/jetty-webapp-9.4.43.v20210629.jar:/home/runner/.m2/repository/org/eclipse/jetty/jetty-xml/9.4.43.v20210629/jetty-xml-9.4.43.v20210629.jar:/home/runner/.m2/repository/org/apache/hadoop/hadoop-common/3.3.1/hadoop-common-3.3.1.jar:/home/runner/.m2/repository/org/apache/commons/commons-math3/3.1.1/commons-math3-3.1.1.jar:/home/runner/.m2/repository/commons-net/commons-net/3.6/commons-net-3.6.jar:/home/runner/.m2/repository/jakarta/activation/jakarta.activation-api/1.2.1/jakarta.activation-api-1.2.1.jar:/home/runner/.m2/repository/com/sun/jersey/jersey-servlet/1.19/jersey-servlet-1.19.jar:/home/runner/.m2/repository/com/sun/jersey/jersey-json/1.19/jersey-json-1.19.jar:/home/runner/.m2/repository/org/codehaus/jettison/jettison/1.1/jettison-1.1.jar:/home/runner/.m2/repository/com/sun/xml/bind/jaxb-impl/2.2.3-1/jaxb-impl-2.2.3-1.jar:/home/runner/.m2/repository/org/codehaus/jackson/jackson-jaxrs/1.9.2/jackson-jaxrs-1.9.2.jar:/home/runner/.m2/repository/org/codehaus/jackson/jackson-xc/1.9.2/jackson-xc-1.9.2.jar:/home/runner/.m2/repository/org/apache/commons/commons-configuration2/2.1.1/commons-configuration2-2.1.1.jar:/home/runner/.m2/repository/org/apache/commons/commons-text/1.4/commons-text-1.4.jar:/home/runner/.m2/repository/com/google/re2j/re2j/1.1/re2j-1.1.jar:/home/runner/.m2/repository/com/jcraft/jsch/0.1.54/jsch-0.1.54.jar:/home/runner/.m2/repository/org/apache/curator/curator-client/4.2.0/curator-client-4.2.0.jar:/home/runner/.m2/repository/org/apache/curator/curator-recipes/4.2.0/curator-recipes-4.2.0.jar:/home/runner/.m2/repository/org/apache/kerby/kerb-core/1.0.1/kerb-core-1.0.1.jar:/home/runner/.m2/repository/org/apache/kerby/kerby-pkix/1.0.1/kerby-pkix-1.0.1.jar:/home/runner/.m2/repository/org/apache/kerby/kerby-asn1/1.0.1/kerby-asn1-1.0.1.jar:/home/runner/.m2/repository/org/apache/kerby/kerby-util/1.0.1/kerby-util-1.0.1.jar:/home/runner/.m2/repository/dnsjava/dnsjava/2.1.7/dnsjava-2.1.7.jar:/home/runner/.m2/repository/org/xerial/snappy/snappy-java/1.1.8.2/snappy-java-1.1.8.2.jar:/home/runner/.m2/repository/org/slf4j/jul-to-slf4j/1.7.30/jul-to-slf4j-1.7.30.jar:/home/runner/.m2/repository/org/eclipse/jetty/jetty-util/9.4.43.v20210629/jetty-util-9.4.43.v20210629.jar:/home/runner/.m2/repository/com/fasterxml/jackson/core/jackson-databind/2.12.1/jackson-databind-2.12.1.jar:/home/runner/.m2/repository/org/apache/hadoop/hadoop-kms/3.3.1/hadoop-kms-3.3.1-tests.jar:/home/runner/.m2/repository/org/apache/ozone/hdds-server-scm/1.3.0-SNAPSHOT/hdds-server-scm-1.3.0-SNAPSHOT-tests.jar:/home/runner/.m2/repository/org/apache/ozone/hdds-container-service/1.3.0-SNAPSHOT/hdds-container-service-1.3.0-SNAPSHOT-tests.jar:/home/runner/.m2/repository/commons-codec/commons-codec/1.11/commons-codec-1.11.jar:/home/runner/.m2/repository/io/netty/netty-transport/4.1.63.Final/netty-transport-4.1.63.Final.jar:/home/runner/.m2/repository/io/netty/netty-resolver/4.1.63.Final/netty-resolver-4.1.63.Final.jar:/home/runner/.m2/repository/io/netty/netty-codec/4.1.63.Final/netty-codec-4.1.63.Final.jar:/home/runner/.m2/repository/io/netty/netty-handler/4.1.63.Final/netty-handler-4.1.63.Final.jar:/home/runner/.m2/repository/org/apache/ozone/hdds-hadoop-dependency-test/1.3.0-SNAPSHOT/hdds-hadoop-dependency-test-1.3.0-SNAPSHOT.jar:/home/runner/.m2/repository/org/apache/hadoop/hadoop-common/3.3.1/hadoop-common-3.3.1-tests.jar:/home/runner/.m2/repository/org/assertj/assertj-core/3.12.2/assertj-core-3.12.2.jar:/home/runner/.m2/repository/org/apache/hadoop/hadoop-hdfs/3.3.1/hadoop-hdfs-3.3.1-tests.jar:/home/runner/.m2/repository/org/eclipse/jetty/jetty-util-ajax/9.4.43.v20210629/jetty-util-ajax-9.4.43.v20210629.jar:/home/runner/.m2/repository/commons-daemon/commons-daemon/1.0.13/commons-daemon-1.0.13.jar:/home/runner/.m2/repository/io/netty/netty/3.10.6.Final/netty-3.10.6.Final.jar:/home/runner/.m2/repository/io/netty/netty-all/4.1.63.Final/netty-all-4.1.63.Final.jar:/home/runner/.m2/repository/org/apache/htrace/htrace-core4/4.1.0-incubating/htrace-core4-4.1.0-incubating.jar:/home/runner/.m2/repository/org/fusesource/leveldbjni/leveldbjni-all/1.8/leveldbjni-all-1.8.jar:/home/runner/.m2/repository/org/apache/hadoop/hadoop-distcp/3.3.1/hadoop-distcp-3.3.1.jar:/home/runner/.m2/repository/org/apache/hadoop/hadoop-mapreduce-client-jobclient/3.3.1/hadoop-mapreduce-client-jobclient-3.3.1.jar:/home/runner/.m2/repository/org/apache/hadoop/hadoop-mapreduce-client-common/3.3.1/hadoop-mapreduce-client-common-3.3.1.jar:/home/runner/.m2/repository/org/apache/hadoop/hadoop-yarn-common/3.3.1/hadoop-yarn-common-3.3.1.jar:/home/runner/.m2/repository/org/apache/hadoop/hadoop-yarn-api/3.3.1/hadoop-yarn-api-3.3.1.jar:/home/runner/.m2/repository/com/sun/jersey/jersey-client/1.19/jersey-client-1.19.jar:/home/runner/.m2/repository/com/sun/jersey/contribs/jersey-guice/1.19/jersey-guice-1.19.jar:/home/runner/.m2/repository/com/fasterxml/jackson/jaxrs/jackson-jaxrs-json-provider/2.12.1/jackson-jaxrs-json-provider-2.12.1.jar:/home/runner/.m2/repository/com/fasterxml/jackson/jaxrs/jackson-jaxrs-base/2.12.1/jackson-jaxrs-base-2.12.1.jar:/home/runner/.m2/repository/org/apache/hadoop/hadoop-yarn-client/3.3.1/hadoop-yarn-client-3.3.1.jar:/home/runner/.m2/repository/org/eclipse/jetty/websocket/websocket-client/9.4.40.v20210413/websocket-client-9.4.40.v20210413.jar:/home/runner/.m2/repository/org/eclipse/jetty/jetty-client/9.4.40.v20210413/jetty-client-9.4.40.v20210413.jar:/home/runner/.m2/repository/org/eclipse/jetty/websocket/websocket-common/9.4.40.v20210413/websocket-common-9.4.40.v20210413.jar:/home/runner/.m2/repository/org/eclipse/jetty/websocket/websocket-api/9.4.40.v20210413/websocket-api-9.4.40.v20210413.jar:/home/runner/.m2/repository/org/jline/jline/3.9.0/jline-3.9.0.jar:/home/runner/.m2/repository/org/apache/hadoop/hadoop-mapreduce-client-core/3.3.1/hadoop-mapreduce-client-core-3.3.1.jar:/home/runner/.m2/repository/org/apache/avro/avro/1.7.7/avro-1.7.7.jar:/home/runner/.m2/repository/org/codehaus/jackson/jackson-core-asl/1.9.13/jackson-core-asl-1.9.13.jar:/home/runner/.m2/repository/org/codehaus/jackson/jackson-mapper-asl/1.9.13/jackson-mapper-asl-1.9.13.jar:/home/runner/.m2/repository/com/thoughtworks/paranamer/paranamer/2.3/paranamer-2.3.jar:/home/runner/.m2/repository/org/apache/hadoop/hadoop-annotations/3.3.1/hadoop-annotations-3.3.1.jar:/usr/lib/jvm/temurin-8-jdk-amd64/jre/../lib/tools.jar:/home/runner/.m2/repository/org/apache/hadoop/hadoop-distcp/3.3.1/hadoop-distcp-3.3.1-tests.jar:/home/runner/.m2/repository/org/apache/ratis/ratis-common/2.2.0/ratis-common-2.2.0.jar:/home/runner/.m2/repository/org/apache/ratis/ratis-thirdparty-misc/0.7.0/ratis-thirdparty-misc-0.7.0.jar:/home/runner/.m2/repository/org/apache/ratis/ratis-proto/2.2.0/ratis-proto-2.2.0.jar:"/>
    <property name="java.vm.vendor" value="Temurin"/>
    <property name="sun.arch.data.model" value="64"/>
    <property name="test.build.dir" value="/home/runner/work/ozone/ozone/hadoop-ozone/integration-test/target/test-dir"/>
    <property name="test.cache.data" value=""/>
    <property name="java.vendor.url" value="https://adoptium.net/"/>
    <property name="user.timezone" value=""/>
    <property name="java.vm.specification.version" value="1.8"/>
    <property name="os.name" value="Linux"/>
    <property name="test.build.data" value="/home/runner/work/ozone/ozone/hadoop-ozone/integration-test/target/test-dir"/>
    <property name="sun.java.launcher" value="SUN_STANDARD"/>
    <property name="sun.boot.library.path" value="/usr/lib/jvm/temurin-8-jdk-amd64/jre/lib/amd64"/>
    <property name="sun.java.command" value="/home/runner/work/ozone/ozone/hadoop-ozone/integration-test/target/surefire/surefirebooter7417866909388852809.jar /home/runner/work/ozone/ozone/hadoop-ozone/integration-test/target/surefire 2022-02-12T00-55-25_931-jvmRun1 surefire8322286485002243340tmp surefire_457827559134357873105tmp"/>
    <property name="surefire.test.class.path" value="/home/runner/work/ozone/ozone/hadoop-ozone/integration-test/target/test-classes:/home/runner/work/ozone/ozone/hadoop-ozone/integration-test/target/classes:/home/runner/.m2/repository/org/apache/ozone/ozone-common/1.3.0-SNAPSHOT/ozone-common-1.3.0-SNAPSHOT.jar:/home/runner/.m2/repository/org/apache/commons/commons-compress/1.21/commons-compress-1.21.jar:/home/runner/.m2/repository/org/apache/ozone/hdds-common/1.3.0-SNAPSHOT/hdds-common-1.3.0-SNAPSHOT.jar:/home/runner/.m2/repository/org/apache/ozone/hdds-client/1.3.0-SNAPSHOT/hdds-client-1.3.0-SNAPSHOT.jar:/home/runner/.m2/repository/org/apache/ozone/ozone-interface-client/1.3.0-SNAPSHOT/ozone-interface-client-1.3.0-SNAPSHOT.jar:/home/runner/.m2/repository/org/apache/ozone/hdds-test-utils/1.3.0-SNAPSHOT/hdds-test-utils-1.3.0-SNAPSHOT.jar:/home/runner/.m2/repository/com/google/guava/guava/30.1.1-jre/guava-30.1.1-jre.jar:/home/runner/.m2/repository/com/google/guava/failureaccess/1.0.1/failureaccess-1.0.1.jar:/home/runner/.m2/repository/com/google/guava/listenablefuture/9999.0-empty-to-avoid-conflict-with-guava/listenablefuture-9999.0-empty-to-avoid-conflict-with-guava.jar:/home/runner/.m2/repository/com/google/code/findbugs/jsr305/3.0.0/jsr305-3.0.0.jar:/home/runner/.m2/repository/org/checkerframework/checker-qual/3.8.0/checker-qual-3.8.0.jar:/home/runner/.m2/repository/com/google/errorprone/error_prone_annotations/2.2.0/error_prone_annotations-2.2.0.jar:/home/runner/.m2/repository/com/google/j2objc/j2objc-annotations/1.3/j2objc-annotations-1.3.jar:/home/runner/.m2/repository/commons-io/commons-io/2.11.0/commons-io-2.11.0.jar:/home/runner/.m2/repository/commons-logging/commons-logging/1.2/commons-logging-1.2.jar:/home/runner/.m2/repository/log4j/log4j/1.2.17/log4j-1.2.17.jar:/home/runner/.m2/repository/org/slf4j/slf4j-api/1.7.30/slf4j-api-1.7.30.jar:/home/runner/.m2/repository/org/apache/ozone/hdds-server-scm/1.3.0-SNAPSHOT/hdds-server-scm-1.3.0-SNAPSHOT.jar:/home/runner/.m2/repository/org/apache/ozone/hdds-container-service/1.3.0-SNAPSHOT/hdds-container-service-1.3.0-SNAPSHOT.jar:/home/runner/.m2/repository/org/apache/ozone/hdds-hadoop-dependency-server/1.3.0-SNAPSHOT/hdds-hadoop-dependency-server-1.3.0-SNAPSHOT.jar:/home/runner/.m2/repository/org/apache/hadoop/hadoop-hdfs/3.3.1/hadoop-hdfs-3.3.1.jar:/home/runner/.m2/repository/org/apache/ozone/hdds-server-framework/1.3.0-SNAPSHOT/hdds-server-framework-1.3.0-SNAPSHOT.jar:/home/runner/.m2/repository/org/apache/ozone/hdds-interface-server/1.3.0-SNAPSHOT/hdds-interface-server-1.3.0-SNAPSHOT.jar:/home/runner/.m2/repository/org/eclipse/jetty/jetty-servlet/9.4.43.v20210629/jetty-servlet-9.4.43.v20210629.jar:/home/runner/.m2/repository/org/eclipse/jetty/jetty-security/9.4.43.v20210629/jetty-security-9.4.43.v20210629.jar:/home/runner/.m2/repository/org/rocksdb/rocksdbjni/6.25.3/rocksdbjni-6.25.3.jar:/home/runner/.m2/repository/io/prometheus/simpleclient_dropwizard/0.7.0/simpleclient_dropwizard-0.7.0.jar:/home/runner/.m2/repository/io/prometheus/simpleclient/0.7.0/simpleclient-0.7.0.jar:/home/runner/.m2/repository/io/prometheus/simpleclient_common/0.7.0/simpleclient_common-0.7.0.jar:/home/runner/.m2/repository/com/fasterxml/jackson/datatype/jackson-datatype-jsr310/2.12.1/jackson-datatype-jsr310-2.12.1.jar:/home/runner/.m2/repository/io/dropwizard/metrics/metrics-core/3.2.4/metrics-core-3.2.4.jar:/home/runner/.m2/repository/org/apache/hadoop/hadoop-hdfs-client/3.3.1/hadoop-hdfs-client-3.3.1.jar:/home/runner/.m2/repository/org/bouncycastle/bcprov-jdk15on/1.67/bcprov-jdk15on-1.67.jar:/home/runner/.m2/repository/com/google/protobuf/protobuf-java/2.5.0/protobuf-java-2.5.0.jar:/home/runner/.m2/repository/org/apache/ozone/ozone-manager/1.3.0-SNAPSHOT/ozone-manager-1.3.0-SNAPSHOT.jar:/home/runner/.m2/repository/org/aspectj/aspectjrt/1.9.7/aspectjrt-1.9.7.jar:/home/runner/.m2/repository/org/aspectj/aspectjweaver/1.9.7/aspectjweaver-1.9.7.jar:/home/runner/.m2/repository/org/apache/ozone/hdds-interface-client/1.3.0-SNAPSHOT/hdds-interface-client-1.3.0-SNAPSHOT.jar:/home/runner/.m2/repository/org/apache/hadoop/thirdparty/hadoop-shaded-protobuf_3_7/1.1.1/hadoop-shaded-protobuf_3_7-1.1.1.jar:/home/runner/.m2/repository/org/apache/ozone/ozone-interface-storage/1.3.0-SNAPSHOT/ozone-interface-storage-1.3.0-SNAPSHOT.jar:/home/runner/.m2/repository/org/reflections/reflections/0.9.11/reflections-0.9.11.jar:/home/runner/.m2/repository/org/apache/hadoop/hadoop-minikdc/3.3.1/hadoop-minikdc-3.3.1.jar:/home/runner/.m2/repository/org/apache/kerby/kerb-simplekdc/1.0.1/kerb-simplekdc-1.0.1.jar:/home/runner/.m2/repository/org/apache/kerby/kerb-client/1.0.1/kerb-client-1.0.1.jar:/home/runner/.m2/repository/org/apache/kerby/kerby-config/1.0.1/kerby-config-1.0.1.jar:/home/runner/.m2/repository/org/apache/kerby/kerb-common/1.0.1/kerb-common-1.0.1.jar:/home/runner/.m2/repository/org/apache/kerby/kerb-crypto/1.0.1/kerb-crypto-1.0.1.jar:/home/runner/.m2/repository/org/apache/kerby/kerb-util/1.0.1/kerb-util-1.0.1.jar:/home/runner/.m2/repository/org/apache/kerby/token-provider/1.0.1/token-provider-1.0.1.jar:/home/runner/.m2/repository/org/apache/kerby/kerb-admin/1.0.1/kerb-admin-1.0.1.jar:/home/runner/.m2/repository/org/apache/kerby/kerb-server/1.0.1/kerb-server-1.0.1.jar:/home/runner/.m2/repository/org/apache/kerby/kerb-identity/1.0.1/kerb-identity-1.0.1.jar:/home/runner/.m2/repository/org/apache/kerby/kerby-xdr/1.0.1/kerby-xdr-1.0.1.jar:/home/runner/.m2/repository/org/slf4j/slf4j-log4j12/1.7.30/slf4j-log4j12-1.7.30.jar:/home/runner/.m2/repository/org/apache/ozone/ozone-s3gateway/1.3.0-SNAPSHOT/ozone-s3gateway-1.3.0-SNAPSHOT.jar:/home/runner/.m2/repository/org/javassist/javassist/3.21.0-GA/javassist-3.21.0-GA.jar:/home/runner/.m2/repository/org/jboss/weld/servlet/weld-servlet/2.4.7.Final/weld-servlet-2.4.7.Final.jar:/home/runner/.m2/repository/org/glassfish/jersey/containers/jersey-container-servlet-core/2.33/jersey-container-servlet-core-2.33.jar:/home/runner/.m2/repository/org/glassfish/hk2/external/jakarta.inject/2.6.1/jakarta.inject-2.6.1.jar:/home/runner/.m2/repository/org/glassfish/jersey/core/jersey-common/2.33/jersey-common-2.33.jar:/home/runner/.m2/repository/jakarta/ws/rs/jakarta.ws.rs-api/2.1.6/jakarta.ws.rs-api-2.1.6.jar:/home/runner/.m2/repository/org/glassfish/jersey/ext/cdi/jersey-cdi1x/2.33/jersey-cdi1x-2.33.jar:/home/runner/.m2/repository/org/glassfish/jersey/inject/jersey-hk2/2.33/jersey-hk2-2.33.jar:/home/runner/.m2/repository/org/glassfish/hk2/hk2-locator/2.6.1/hk2-locator-2.6.1.jar:/home/runner/.m2/repository/org/glassfish/jersey/media/jersey-media-jaxb/2.33/jersey-media-jaxb-2.33.jar:/home/runner/.m2/repository/org/glassfish/hk2/osgi-resource-locator/1.0.3/osgi-resource-locator-1.0.3.jar:/home/runner/.m2/repository/org/glassfish/hk2/hk2-api/2.5.0/hk2-api-2.5.0.jar:/home/runner/.m2/repository/org/glassfish/hk2/hk2-utils/2.5.0/hk2-utils-2.5.0.jar:/home/runner/.m2/repository/org/glassfish/hk2/external/aopalliance-repackaged/2.5.0/aopalliance-repackaged-2.5.0.jar:/home/runner/.m2/repository/com/fasterxml/jackson/dataformat/jackson-dataformat-xml/2.12.1/jackson-dataformat-xml-2.12.1.jar:/home/runner/.m2/repository/com/fasterxml/jackson/core/jackson-core/2.12.1/jackson-core-2.12.1.jar:/home/runner/.m2/repository/com/fasterxml/jackson/module/jackson-module-jaxb-annotations/2.12.1/jackson-module-jaxb-annotations-2.12.1.jar:/home/runner/.m2/repository/jakarta/xml/bind/jakarta.xml.bind-api/2.3.2/jakarta.xml.bind-api-2.3.2.jar:/home/runner/.m2/repository/org/codehaus/woodstox/stax2-api/3.1.4/stax2-api-3.1.4.jar:/home/runner/.m2/repository/com/fasterxml/woodstox/woodstox-core/5.0.3/woodstox-core-5.0.3.jar:/home/runner/.m2/repository/javax/enterprise/cdi-api/1.2/cdi-api-1.2.jar:/home/runner/.m2/repository/javax/el/javax.el-api/3.0.0/javax.el-api-3.0.0.jar:/home/runner/.m2/repository/javax/interceptor/javax.interceptor-api/1.2/javax.interceptor-api-1.2.jar:/home/runner/.m2/repository/javax/inject/javax.inject/1/javax.inject-1.jar:/home/runner/.m2/repository/javax/xml/bind/jaxb-api/2.3.0/jaxb-api-2.3.0.jar:/home/runner/.m2/repository/org/glassfish/jaxb/jaxb-runtime/2.3.0.1/jaxb-runtime-2.3.0.1.jar:/home/runner/.m2/repository/org/glassfish/jaxb/jaxb-core/2.3.0.1/jaxb-core-2.3.0.1.jar:/home/runner/.m2/repository/org/glassfish/jaxb/txw2/2.3.0.1/txw2-2.3.0.1.jar:/home/runner/.m2/repository/com/sun/istack/istack-commons-runtime/3.0.5/istack-commons-runtime-3.0.5.jar:/home/runner/.m2/repository/org/jvnet/staxex/stax-ex/1.7.8/stax-ex-1.7.8.jar:/home/runner/.m2/repository/com/sun/xml/fastinfoset/FastInfoset/1.2.13/FastInfoset-1.2.13.jar:/home/runner/.m2/repository/javax/activation/activation/1.1.1/activation-1.1.1.jar:/home/runner/.m2/repository/org/apache/ozone/ozone-csi/1.3.0-SNAPSHOT/ozone-csi-1.3.0-SNAPSHOT.jar:/home/runner/.m2/repository/com/google/protobuf/protobuf-java-util/3.12.0/protobuf-java-util-3.12.0.jar:/home/runner/.m2/repository/com/google/code/gson/gson/2.2.4/gson-2.2.4.jar:/home/runner/.m2/repository/org/apache/ozone/hdds-config/1.3.0-SNAPSHOT/hdds-config-1.3.0-SNAPSHOT.jar:/home/runner/.m2/repository/io/grpc/grpc-netty/1.33.0/grpc-netty-1.33.0.jar:/home/runner/.m2/repository/io/grpc/grpc-core/1.33.0/grpc-core-1.33.0.jar:/home/runner/.m2/repository/com/google/android/annotations/4.1.1.4/annotations-4.1.1.4.jar:/home/runner/.m2/repository/io/netty/netty-codec-http2/4.1.63.Final/netty-codec-http2-4.1.63.Final.jar:/home/runner/.m2/repository/io/netty/netty-codec-http/4.1.63.Final/netty-codec-http-4.1.63.Final.jar:/home/runner/.m2/repository/io/netty/netty-handler-proxy/4.1.63.Final/netty-handler-proxy-4.1.63.Final.jar:/home/runner/.m2/repository/io/netty/netty-codec-socks/4.1.63.Final/netty-codec-socks-4.1.63.Final.jar:/home/runner/.m2/repository/io/perfmark/perfmark-api/0.19.0/perfmark-api-0.19.0.jar:/home/runner/.m2/repository/org/codehaus/mojo/animal-sniffer-annotations/1.18/animal-sniffer-annotations-1.18.jar:/home/runner/.m2/repository/io/netty/netty-transport-native-epoll/4.1.63.Final/netty-transport-native-epoll-4.1.63.Final.jar:/home/runner/.m2/repository/io/netty/netty-common/4.1.63.Final/netty-common-4.1.63.Final.jar:/home/runner/.m2/repository/io/netty/netty-buffer/4.1.63.Final/netty-buffer-4.1.63.Final.jar:/home/runner/.m2/repository/io/netty/netty-transport-native-unix-common/4.1.63.Final/netty-transport-native-unix-common-4.1.63.Final.jar:/home/runner/.m2/repository/io/grpc/grpc-protobuf/1.33.0/grpc-protobuf-1.33.0.jar:/home/runner/.m2/repository/io/grpc/grpc-api/1.33.0/grpc-api-1.33.0.jar:/home/runner/.m2/repository/io/grpc/grpc-context/1.33.0/grpc-context-1.33.0.jar:/home/runner/.m2/repository/com/google/api/grpc/proto-google-common-protos/1.17.0/proto-google-common-protos-1.17.0.jar:/home/runner/.m2/repository/io/grpc/grpc-protobuf-lite/1.33.0/grpc-protobuf-lite-1.33.0.jar:/home/runner/.m2/repository/io/grpc/grpc-stub/1.33.0/grpc-stub-1.33.0.jar:/home/runner/.m2/repository/org/apache/ozone/ozone-recon/1.3.0-SNAPSHOT/ozone-recon-1.3.0-SNAPSHOT.jar:/home/runner/.m2/repository/org/apache/ozone/ozone-reconcodegen/1.3.0-SNAPSHOT/ozone-reconcodegen-1.3.0-SNAPSHOT.jar:/home/runner/.m2/repository/com/google/inject/extensions/guice-multibindings/4.0/guice-multibindings-4.0.jar:/home/runner/.m2/repository/com/google/inject/guice/4.0/guice-4.0.jar:/home/runner/.m2/repository/aopalliance/aopalliance/1.0/aopalliance-1.0.jar:/home/runner/.m2/repository/com/google/inject/extensions/guice-assistedinject/4.0/guice-assistedinject-4.0.jar:/home/runner/.m2/repository/com/google/inject/extensions/guice-servlet/4.0/guice-servlet-4.0.jar:/home/runner/.m2/repository/org/glassfish/jersey/containers/jersey-container-servlet/2.33/jersey-container-servlet-2.33.jar:/home/runner/.m2/repository/org/glassfish/hk2/guice-bridge/2.5.0/guice-bridge-2.5.0.jar:/home/runner/.m2/repository/org/glassfish/jersey/core/jersey-server/2.33/jersey-server-2.33.jar:/home/runner/.m2/repository/org/glassfish/jersey/core/jersey-client/2.33/jersey-client-2.33.jar:/home/runner/.m2/repository/jakarta/annotation/jakarta.annotation-api/1.3.5/jakarta.annotation-api-1.3.5.jar:/home/runner/.m2/repository/jakarta/validation/jakarta.validation-api/2.0.2/jakarta.validation-api-2.0.2.jar:/home/runner/.m2/repository/org/glassfish/jersey/media/jersey-media-json-jackson/2.33/jersey-media-json-jackson-2.33.jar:/home/runner/.m2/repository/org/glassfish/jersey/ext/jersey-entity-filtering/2.33/jersey-entity-filtering-2.33.jar:/home/runner/.m2/repository/org/jooq/jooq/3.11.10/jooq-3.11.10.jar:/home/runner/.m2/repository/org/jooq/jooq-meta/3.11.10/jooq-meta-3.11.10.jar:/home/runner/.m2/repository/org/jooq/jooq-codegen/3.11.10/jooq-codegen-3.11.10.jar:/home/runner/.m2/repository/com/jolbox/bonecp/0.8.0.RELEASE/bonecp-0.8.0.RELEASE.jar:/home/runner/.m2/repository/org/apache/derby/derby/10.14.2.0/derby-10.14.2.0.jar:/home/runner/.m2/repository/org/xerial/sqlite-jdbc/3.25.2/sqlite-jdbc-3.25.2.jar:/home/runner/.m2/repository/org/springframework/spring-jdbc/5.2.18.RELEASE/spring-jdbc-5.2.18.RELEASE.jar:/home/runner/.m2/repository/org/springframework/spring-beans/5.2.18.RELEASE/spring-beans-5.2.18.RELEASE.jar:/home/runner/.m2/repository/org/springframework/spring-core/5.2.18.RELEASE/spring-core-5.2.18.RELEASE.jar:/home/runner/.m2/repository/org/springframework/spring-jcl/5.2.18.RELEASE/spring-jcl-5.2.18.RELEASE.jar:/home/runner/.m2/repository/org/springframework/spring-tx/5.2.18.RELEASE/spring-tx-5.2.18.RELEASE.jar:/home/runner/.m2/repository/org/apache/ozone/ozone-client/1.3.0-SNAPSHOT/ozone-client-1.3.0-SNAPSHOT.jar:/home/runner/.m2/repository/org/apache/ozone/ozone-filesystem/1.3.0-SNAPSHOT/ozone-filesystem-1.3.0-SNAPSHOT.jar:/home/runner/.m2/repository/org/apache/ozone/ozone-filesystem-common/1.3.0-SNAPSHOT/ozone-filesystem-common-1.3.0-SNAPSHOT.jar:/home/runner/.m2/repository/org/apache/ozone/ozone-tools/1.3.0-SNAPSHOT/ozone-tools-1.3.0-SNAPSHOT.jar:/home/runner/.m2/repository/org/apache/ratis/ratis-tools/2.2.0/ratis-tools-2.2.0.jar:/home/runner/.m2/repository/com/amazonaws/aws-java-sdk-core/1.12.124/aws-java-sdk-core-1.12.124.jar:/home/runner/.m2/repository/org/apache/httpcomponents/httpclient/4.5.13/httpclient-4.5.13.jar:/home/runner/.m2/repository/org/apache/httpcomponents/httpcore/4.4.13/httpcore-4.4.13.jar:/home/runner/.m2/repository/software/amazon/ion/ion-java/1.0.2/ion-java-1.0.2.jar:/home/runner/.m2/repository/com/fasterxml/jackson/dataformat/jackson-dataformat-cbor/2.12.1/jackson-dataformat-cbor-2.12.1.jar:/home/runner/.m2/repository/joda-time/joda-time/2.8.1/joda-time-2.8.1.jar:/home/runner/.m2/repository/com/amazonaws/aws-java-sdk-s3/1.12.124/aws-java-sdk-s3-1.12.124.jar:/home/runner/.m2/repository/com/amazonaws/aws-java-sdk-kms/1.12.124/aws-java-sdk-kms-1.12.124.jar:/home/runner/.m2/repository/com/amazonaws/jmespath-java/1.12.124/jmespath-java-1.12.124.jar:/home/runner/.m2/repository/org/kohsuke/metainf-services/metainf-services/1.8/metainf-services-1.8.jar:/home/runner/.m2/repository/org/apache/ozone/hdds-tools/1.3.0-SNAPSHOT/hdds-tools-1.3.0-SNAPSHOT.jar:/home/runner/.m2/repository/commons-cli/commons-cli/1.2/commons-cli-1.2.jar:/home/runner/.m2/repository/org/apache/commons/commons-lang3/3.7/commons-lang3-3.7.jar:/home/runner/.m2/repository/org/apache/ozone/ozone-manager/1.3.0-SNAPSHOT/ozone-manager-1.3.0-SNAPSHOT-tests.jar:/home/runner/.m2/repository/org/apache/ozone/hdds-common/1.3.0-SNAPSHOT/hdds-common-1.3.0-SNAPSHOT-tests.jar:/home/runner/.m2/repository/org/apache/ozone/hdds-hadoop-dependency-client/1.3.0-SNAPSHOT/hdds-hadoop-dependency-client-1.3.0-SNAPSHOT.jar:/home/runner/.m2/repository/info/picocli/picocli/4.6.1/picocli-4.6.1.jar:/home/runner/.m2/repository/com/fasterxml/jackson/core/jackson-annotations/2.12.1/jackson-annotations-2.12.1.jar:/home/runner/.m2/repository/javax/annotation/javax.annotation-api/1.2/javax.annotation-api-1.2.jar:/home/runner/.m2/repository/org/apache/ratis/ratis-server/2.2.0/ratis-server-2.2.0.jar:/home/runner/.m2/repository/org/apache/ratis/ratis-client/2.2.0/ratis-client-2.2.0.jar:/home/runner/.m2/repository/org/apache/ratis/ratis-server-api/2.2.0/ratis-server-api-2.2.0.jar:/home/runner/.m2/repository/org/apache/ratis/ratis-metrics/2.2.0/ratis-metrics-2.2.0.jar:/home/runner/.m2/repository/org/apache/ratis/ratis-netty/2.2.0/ratis-netty-2.2.0.jar:/home/runner/.m2/repository/org/apache/ratis/ratis-grpc/2.2.0/ratis-grpc-2.2.0.jar:/home/runner/.m2/repository/org/apache/logging/log4j/log4j-api/2.17.1/log4j-api-2.17.1.jar:/home/runner/.m2/repository/org/apache/logging/log4j/log4j-core/2.17.1/log4j-core-2.17.1.jar:/home/runner/.m2/repository/com/lmax/disruptor/3.4.2/disruptor-3.4.2.jar:/home/runner/.m2/repository/org/apache/commons/commons-pool2/2.6.0/commons-pool2-2.6.0.jar:/home/runner/.m2/repository/org/bouncycastle/bcpkix-jdk15on/1.67/bcpkix-jdk15on-1.67.jar:/home/runner/.m2/repository/commons-validator/commons-validator/1.6/commons-validator-1.6.jar:/home/runner/.m2/repository/commons-beanutils/commons-beanutils/1.9.4/commons-beanutils-1.9.4.jar:/home/runner/.m2/repository/commons-digester/commons-digester/1.8.1/commons-digester-1.8.1.jar:/home/runner/.m2/repository/commons-collections/commons-collections/3.2.2/commons-collections-3.2.2.jar:/home/runner/.m2/repository/io/jaegertracing/jaeger-client/1.6.0/jaeger-client-1.6.0.jar:/home/runner/.m2/repository/io/jaegertracing/jaeger-thrift/1.6.0/jaeger-thrift-1.6.0.jar:/home/runner/.m2/repository/org/apache/thrift/libthrift/0.14.1/libthrift-0.14.1.jar:/home/runner/.m2/repository/com/squareup/okhttp3/okhttp/4.9.0/okhttp-4.9.0.jar:/home/runner/.m2/repository/com/squareup/okio/okio/2.8.0/okio-2.8.0.jar:/home/runner/.m2/repository/io/jaegertracing/jaeger-core/1.6.0/jaeger-core-1.6.0.jar:/home/runner/.m2/repository/io/jaegertracing/jaeger-tracerresolver/1.6.0/jaeger-tracerresolver-1.6.0.jar:/home/runner/.m2/repository/io/opentracing/contrib/opentracing-tracerresolver/0.1.8/opentracing-tracerresolver-0.1.8.jar:/home/runner/.m2/repository/org/jetbrains/kotlin/kotlin-stdlib/1.4.31/kotlin-stdlib-1.4.31.jar:/home/runner/.m2/repository/org/jetbrains/kotlin/kotlin-stdlib-common/1.4.31/kotlin-stdlib-common-1.4.31.jar:/home/runner/.m2/repository/org/jetbrains/annotations/13.0/annotations-13.0.jar:/home/runner/.m2/repository/io/opentracing/opentracing-util/0.33.0/opentracing-util-0.33.0.jar:/home/runner/.m2/repository/io/opentracing/opentracing-api/0.33.0/opentracing-api-0.33.0.jar:/home/runner/.m2/repository/io/opentracing/opentracing-noop/0.33.0/opentracing-noop-0.33.0.jar:/home/runner/.m2/repository/org/yaml/snakeyaml/1.26/snakeyaml-1.26.jar:/home/runner/.m2/repository/org/apache/ozone/hdds-interface-admin/1.3.0-SNAPSHOT/hdds-interface-admin-1.3.0-SNAPSHOT.jar:/home/runner/.m2/repository/junit/junit/4.13.1/junit-4.13.1.jar:/home/runner/.m2/repository/org/hamcrest/hamcrest-core/1.3/hamcrest-core-1.3.jar:/home/runner/.m2/repository/org/junit/jupiter/junit-jupiter-api/5.7.0/junit-jupiter-api-5.7.0.jar:/home/runner/.m2/repository/org/apiguardian/apiguardian-api/1.1.0/apiguardian-api-1.1.0.jar:/home/runner/.m2/repository/org/opentest4j/opentest4j/1.2.0/opentest4j-1.2.0.jar:/home/runner/.m2/repository/org/junit/platform/junit-platform-commons/1.7.0/junit-platform-commons-1.7.0.jar:/home/runner/.m2/repository/org/junit/jupiter/junit-jupiter-engine/5.7.0/junit-jupiter-engine-5.7.0.jar:/home/runner/.m2/repository/org/junit/platform/junit-platform-engine/1.7.0/junit-platform-engine-1.7.0.jar:/home/runner/.m2/repository/org/junit/vintage/junit-vintage-engine/5.7.0/junit-vintage-engine-5.7.0.jar:/home/runner/.m2/repository/org/junit/platform/junit-platform-launcher/1.7.0/junit-platform-launcher-1.7.0.jar:/home/runner/.m2/repository/org/mockito/mockito-core/2.28.2/mockito-core-2.28.2.jar:/home/runner/.m2/repository/net/bytebuddy/byte-buddy/1.9.10/byte-buddy-1.9.10.jar:/home/runner/.m2/repository/net/bytebuddy/byte-buddy-agent/1.9.10/byte-buddy-agent-1.9.10.jar:/home/runner/.m2/repository/org/objenesis/objenesis/1.0/objenesis-1.0.jar:/home/runner/.m2/repository/org/apache/hadoop/hadoop-kms/3.3.1/hadoop-kms-3.3.1.jar:/home/runner/.m2/repository/org/apache/hadoop/hadoop-auth/3.3.1/hadoop-auth-3.3.1.jar:/home/runner/.m2/repository/com/nimbusds/nimbus-jose-jwt/7.9/nimbus-jose-jwt-7.9.jar:/home/runner/.m2/repository/com/github/stephenc/jcip/jcip-annotations/1.0-1/jcip-annotations-1.0-1.jar:/home/runner/.m2/repository/net/minidev/json-smart/2.3.1/json-smart-2.3.1.jar:/home/runner/.m2/repository/net/minidev/accessors-smart/2.3.1/accessors-smart-2.3.1.jar:/home/runner/.m2/repository/org/ow2/asm/asm/5.0.4/asm-5.0.4.jar:/home/runner/.m2/repository/org/apache/zookeeper/zookeeper/3.5.6/zookeeper-3.5.6.jar:/home/runner/.m2/repository/org/apache/zookeeper/zookeeper-jute/3.5.6/zookeeper-jute-3.5.6.jar:/home/runner/.m2/repository/org/apache/yetus/audience-annotations/0.5.0/audience-annotations-0.5.0.jar:/home/runner/.m2/repository/org/apache/curator/curator-framework/4.2.0/curator-framework-4.2.0.jar:/home/runner/.m2/repository/org/apache/hadoop/thirdparty/hadoop-shaded-guava/1.1.1/hadoop-shaded-guava-1.1.1.jar:/home/runner/.m2/repository/com/sun/jersey/jersey-core/1.19/jersey-core-1.19.jar:/home/runner/.m2/repository/javax/ws/rs/jsr311-api/1.1.1/jsr311-api-1.1.1.jar:/home/runner/.m2/repository/com/sun/jersey/jersey-server/1.19/jersey-server-1.19.jar:/home/runner/.m2/repository/javax/servlet/javax.servlet-api/3.1.0/javax.servlet-api-3.1.0.jar:/home/runner/.m2/repository/org/eclipse/jetty/jetty-server/9.4.43.v20210629/jetty-server-9.4.43.v20210629.jar:/home/runner/.m2/repository/org/eclipse/jetty/jetty-http/9.4.43.v20210629/jetty-http-9.4.43.v20210629.jar:/home/runner/.m2/repository/org/eclipse/jetty/jetty-io/9.4.43.v20210629/jetty-io-9.4.43.v20210629.jar:/home/runner/.m2/repository/org/eclipse/jetty/jetty-webapp/9.4.43.v20210629/jetty-webapp-9.4.43.v20210629.jar:/home/runner/.m2/repository/org/eclipse/jetty/jetty-xml/9.4.43.v20210629/jetty-xml-9.4.43.v20210629.jar:/home/runner/.m2/repository/org/apache/hadoop/hadoop-common/3.3.1/hadoop-common-3.3.1.jar:/home/runner/.m2/repository/org/apache/commons/commons-math3/3.1.1/commons-math3-3.1.1.jar:/home/runner/.m2/repository/commons-net/commons-net/3.6/commons-net-3.6.jar:/home/runner/.m2/repository/jakarta/activation/jakarta.activation-api/1.2.1/jakarta.activation-api-1.2.1.jar:/home/runner/.m2/repository/com/sun/jersey/jersey-servlet/1.19/jersey-servlet-1.19.jar:/home/runner/.m2/repository/com/sun/jersey/jersey-json/1.19/jersey-json-1.19.jar:/home/runner/.m2/repository/org/codehaus/jettison/jettison/1.1/jettison-1.1.jar:/home/runner/.m2/repository/com/sun/xml/bind/jaxb-impl/2.2.3-1/jaxb-impl-2.2.3-1.jar:/home/runner/.m2/repository/org/codehaus/jackson/jackson-jaxrs/1.9.2/jackson-jaxrs-1.9.2.jar:/home/runner/.m2/repository/org/codehaus/jackson/jackson-xc/1.9.2/jackson-xc-1.9.2.jar:/home/runner/.m2/repository/org/apache/commons/commons-configuration2/2.1.1/commons-configuration2-2.1.1.jar:/home/runner/.m2/repository/org/apache/commons/commons-text/1.4/commons-text-1.4.jar:/home/runner/.m2/repository/com/google/re2j/re2j/1.1/re2j-1.1.jar:/home/runner/.m2/repository/com/jcraft/jsch/0.1.54/jsch-0.1.54.jar:/home/runner/.m2/repository/org/apache/curator/curator-client/4.2.0/curator-client-4.2.0.jar:/home/runner/.m2/repository/org/apache/curator/curator-recipes/4.2.0/curator-recipes-4.2.0.jar:/home/runner/.m2/repository/org/apache/kerby/kerb-core/1.0.1/kerb-core-1.0.1.jar:/home/runner/.m2/repository/org/apache/kerby/kerby-pkix/1.0.1/kerby-pkix-1.0.1.jar:/home/runner/.m2/repository/org/apache/kerby/kerby-asn1/1.0.1/kerby-asn1-1.0.1.jar:/home/runner/.m2/repository/org/apache/kerby/kerby-util/1.0.1/kerby-util-1.0.1.jar:/home/runner/.m2/repository/dnsjava/dnsjava/2.1.7/dnsjava-2.1.7.jar:/home/runner/.m2/repository/org/xerial/snappy/snappy-java/1.1.8.2/snappy-java-1.1.8.2.jar:/home/runner/.m2/repository/org/slf4j/jul-to-slf4j/1.7.30/jul-to-slf4j-1.7.30.jar:/home/runner/.m2/repository/org/eclipse/jetty/jetty-util/9.4.43.v20210629/jetty-util-9.4.43.v20210629.jar:/home/runner/.m2/repository/com/fasterxml/jackson/core/jackson-databind/2.12.1/jackson-databind-2.12.1.jar:/home/runner/.m2/repository/org/apache/hadoop/hadoop-kms/3.3.1/hadoop-kms-3.3.1-tests.jar:/home/runner/.m2/repository/org/apache/ozone/hdds-server-scm/1.3.0-SNAPSHOT/hdds-server-scm-1.3.0-SNAPSHOT-tests.jar:/home/runner/.m2/repository/org/apache/ozone/hdds-container-service/1.3.0-SNAPSHOT/hdds-container-service-1.3.0-SNAPSHOT-tests.jar:/home/runner/.m2/repository/commons-codec/commons-codec/1.11/commons-codec-1.11.jar:/home/runner/.m2/repository/io/netty/netty-transport/4.1.63.Final/netty-transport-4.1.63.Final.jar:/home/runner/.m2/repository/io/netty/netty-resolver/4.1.63.Final/netty-resolver-4.1.63.Final.jar:/home/runner/.m2/repository/io/netty/netty-codec/4.1.63.Final/netty-codec-4.1.63.Final.jar:/home/runner/.m2/repository/io/netty/netty-handler/4.1.63.Final/netty-handler-4.1.63.Final.jar:/home/runner/.m2/repository/org/apache/ozone/hdds-hadoop-dependency-test/1.3.0-SNAPSHOT/hdds-hadoop-dependency-test-1.3.0-SNAPSHOT.jar:/home/runner/.m2/repository/org/apache/hadoop/hadoop-common/3.3.1/hadoop-common-3.3.1-tests.jar:/home/runner/.m2/repository/org/assertj/assertj-core/3.12.2/assertj-core-3.12.2.jar:/home/runner/.m2/repository/org/apache/hadoop/hadoop-hdfs/3.3.1/hadoop-hdfs-3.3.1-tests.jar:/home/runner/.m2/repository/org/eclipse/jetty/jetty-util-ajax/9.4.43.v20210629/jetty-util-ajax-9.4.43.v20210629.jar:/home/runner/.m2/repository/commons-daemon/commons-daemon/1.0.13/commons-daemon-1.0.13.jar:/home/runner/.m2/repository/io/netty/netty/3.10.6.Final/netty-3.10.6.Final.jar:/home/runner/.m2/repository/io/netty/netty-all/4.1.63.Final/netty-all-4.1.63.Final.jar:/home/runner/.m2/repository/org/apache/htrace/htrace-core4/4.1.0-incubating/htrace-core4-4.1.0-incubating.jar:/home/runner/.m2/repository/org/fusesource/leveldbjni/leveldbjni-all/1.8/leveldbjni-all-1.8.jar:/home/runner/.m2/repository/org/apache/hadoop/hadoop-distcp/3.3.1/hadoop-distcp-3.3.1.jar:/home/runner/.m2/repository/org/apache/hadoop/hadoop-mapreduce-client-jobclient/3.3.1/hadoop-mapreduce-client-jobclient-3.3.1.jar:/home/runner/.m2/repository/org/apache/hadoop/hadoop-mapreduce-client-common/3.3.1/hadoop-mapreduce-client-common-3.3.1.jar:/home/runner/.m2/repository/org/apache/hadoop/hadoop-yarn-common/3.3.1/hadoop-yarn-common-3.3.1.jar:/home/runner/.m2/repository/org/apache/hadoop/hadoop-yarn-api/3.3.1/hadoop-yarn-api-3.3.1.jar:/home/runner/.m2/repository/com/sun/jersey/jersey-client/1.19/jersey-client-1.19.jar:/home/runner/.m2/repository/com/sun/jersey/contribs/jersey-guice/1.19/jersey-guice-1.19.jar:/home/runner/.m2/repository/com/fasterxml/jackson/jaxrs/jackson-jaxrs-json-provider/2.12.1/jackson-jaxrs-json-provider-2.12.1.jar:/home/runner/.m2/repository/com/fasterxml/jackson/jaxrs/jackson-jaxrs-base/2.12.1/jackson-jaxrs-base-2.12.1.jar:/home/runner/.m2/repository/org/apache/hadoop/hadoop-yarn-client/3.3.1/hadoop-yarn-client-3.3.1.jar:/home/runner/.m2/repository/org/eclipse/jetty/websocket/websocket-client/9.4.40.v20210413/websocket-client-9.4.40.v20210413.jar:/home/runner/.m2/repository/org/eclipse/jetty/jetty-client/9.4.40.v20210413/jetty-client-9.4.40.v20210413.jar:/home/runner/.m2/repository/org/eclipse/jetty/websocket/websocket-common/9.4.40.v20210413/websocket-common-9.4.40.v20210413.jar:/home/runner/.m2/repository/org/eclipse/jetty/websocket/websocket-api/9.4.40.v20210413/websocket-api-9.4.40.v20210413.jar:/home/runner/.m2/repository/org/jline/jline/3.9.0/jline-3.9.0.jar:/home/runner/.m2/repository/org/apache/hadoop/hadoop-mapreduce-client-core/3.3.1/hadoop-mapreduce-client-core-3.3.1.jar:/home/runner/.m2/repository/org/apache/avro/avro/1.7.7/avro-1.7.7.jar:/home/runner/.m2/repository/org/codehaus/jackson/jackson-core-asl/1.9.13/jackson-core-asl-1.9.13.jar:/home/runner/.m2/repository/org/codehaus/jackson/jackson-mapper-asl/1.9.13/jackson-mapper-asl-1.9.13.jar:/home/runner/.m2/repository/com/thoughtworks/paranamer/paranamer/2.3/paranamer-2.3.jar:/home/runner/.m2/repository/org/apache/hadoop/hadoop-annotations/3.3.1/hadoop-annotations-3.3.1.jar:/usr/lib/jvm/temurin-8-jdk-amd64/jre/../lib/tools.jar:/home/runner/.m2/repository/org/apache/hadoop/hadoop-distcp/3.3.1/hadoop-distcp-3.3.1-tests.jar:/home/runner/.m2/repository/org/apache/ratis/ratis-common/2.2.0/ratis-common-2.2.0.jar:/home/runner/.m2/repository/org/apache/ratis/ratis-thirdparty-misc/0.7.0/ratis-thirdparty-misc-0.7.0.jar:/home/runner/.m2/repository/org/apache/ratis/ratis-proto/2.2.0/ratis-proto-2.2.0.jar:"/>
    <property name="sun.cpu.endian" value="little"/>
    <property name="user.home" value="/home/runner"/>
    <property name="user.language" value="en"/>
    <property name="java.specification.vendor" value="Oracle Corporation"/>
    <property name="java.home" value="/usr/lib/jvm/temurin-8-jdk-amd64/jre"/>
    <property name="java.security.krb5.conf" value="/home/runner/work/ozone/ozone/hadoop-ozone/integration-test/target/test-classes/krb5.conf"/>
    <property name="basedir" value="/home/runner/work/ozone/ozone/hadoop-ozone/integration-test"/>
    <property name="file.separator" value="/"/>
    <property name="line.separator" value="&#10;"/>
    <property name="java.vm.specification.vendor" value="Oracle Corporation"/>
    <property name="java.specification.name" value="Java Platform API Specification"/>
    <property name="java.awt.graphicsenv" value="sun.awt.X11GraphicsEnvironment"/>
    <property name="skip.installnpx" value="true"/>
    <property name="surefire.real.class.path" value="/home/runner/work/ozone/ozone/hadoop-ozone/integration-test/target/surefire/surefirebooter7417866909388852809.jar:/home/runner/.m2/repository/org/jacoco/org.jacoco.agent/0.8.5/org.jacoco.agent-0.8.5-runtime.jar"/>
    <property name="hadoop.log.dir" value="/home/runner/work/ozone/ozone/hadoop-ozone/integration-test/target/log"/>
    <property name="sun.boot.class.path" value="/usr/lib/jvm/temurin-8-jdk-amd64/jre/lib/resources.jar:/usr/lib/jvm/temurin-8-jdk-amd64/jre/lib/rt.jar:/usr/lib/jvm/temurin-8-jdk-amd64/jre/lib/sunrsasign.jar:/usr/lib/jvm/temurin-8-jdk-amd64/jre/lib/jsse.jar:/usr/lib/jvm/temurin-8-jdk-amd64/jre/lib/jce.jar:/usr/lib/jvm/temurin-8-jdk-amd64/jre/lib/charsets.jar:/usr/lib/jvm/temurin-8-jdk-amd64/jre/lib/jfr.jar:/usr/lib/jvm/temurin-8-jdk-amd64/jre/classes"/>
    <property name="sun.management.compiler" value="HotSpot 64-Bit Tiered Compilers"/>
    <property name="skip.npx" value="true"/>
    <property name="java.runtime.version" value="1.8.0_312-b07"/>
    <property name="java.net.preferIPv4Stack" value="true"/>
    <property name="user.name" value="runner"/>
    <property name="path.separator" value=":"/>
    <property name="java.security.egd" value="file:///dev/urandom"/>
    <property name="os.version" value="5.4.0-1068-azure"/>
    <property name="java.endorsed.dirs" value="/usr/lib/jvm/temurin-8-jdk-amd64/jre/lib/endorsed"/>
    <property name="java.runtime.name" value="OpenJDK Runtime Environment"/>
    <property name="file.encoding" value="UTF-8"/>
    <property name="java.vm.name" value="OpenJDK 64-Bit Server VM"/>
    <property name="test.build.webapps" value=""/>
    <property name="localRepository" value="/home/runner/.m2/repository"/>
    <property name="java.vendor.url.bug" value="https://github.com/adoptium/adoptium-support/issues"/>
    <property name="java.io.tmpdir" value="/tmp"/>
    <property name="require.test.libhadoop" value=""/>
    <property name="java.version" value="1.8.0_312"/>
    <property name="user.dir" value="/home/runner/work/ozone/ozone/hadoop-ozone/integration-test"/>
    <property name="os.arch" value="amd64"/>
    <property name="java.vm.specification.name" value="Java Virtual Machine Specification"/>
    <property name="test.build.classes" value="/home/runner/work/ozone/ozone/hadoop-ozone/integration-test/target/test-classes"/>
    <property name="java.awt.printerjob" value="sun.print.PSPrinterJob"/>
    <property name="sun.os.patch.level" value="unknown"/>
    <property name="hadoop.tmp.dir" value="/home/runner/work/ozone/ozone/hadoop-ozone/integration-test/target/tmp"/>
    <property name="java.library.path" value="/usr/java/packages/lib/amd64:/usr/lib64:/lib64:/lib:/usr/lib"/>
    <property name="java.vm.info" value="mixed mode"/>
    <property name="java.vendor" value="Temurin"/>
    <property name="java.vm.version" value="25.312-b07"/>
    <property name="java.ext.dirs" value="/usr/lib/jvm/temurin-8-jdk-amd64/jre/lib/ext:/usr/java/packages/lib/ext"/>
    <property name="sun.io.unicode.encoding" value="UnicodeLittle"/>
    <property name="java.class.version" value="52.0"/>
  </properties>
  <testcase name="testNonPrivilegedUserMkdirCreateBucket[0]" classname="org.apache.hadoop.fs.ozone.TestRootedOzoneFileSystem" time="0.057"/>
  <testcase name="testRenameFile[0]" classname="org.apache.hadoop.fs.ozone.TestRootedOzoneFileSystem" time="0.343"/>
  <testcase name="testListStatusRootAndVolumeRecursive[0]" classname="org.apache.hadoop.fs.ozone.TestRootedOzoneFileSystem" time="1.046"/>
  <testcase name="testTempMount[0]" classname="org.apache.hadoop.fs.ozone.TestRootedOzoneFileSystem" time="0.161"/>
  <testcase name="testListStatusRootAndVolumeNonRecursive[0]" classname="org.apache.hadoop.fs.ozone.TestRootedOzoneFileSystem" time="0.295"/>
  <testcase name="testDeleteVolumeAndBucket[0]" classname="org.apache.hadoop.fs.ozone.TestRootedOzoneFileSystem" time="0.05"/>
  <testcase name="testRenameDirToItsOwnSubDir[0]" classname="org.apache.hadoop.fs.ozone.TestRootedOzoneFileSystem" time="0.014"/>
  <testcase name="testOzoneFsServiceLoader[0]" classname="org.apache.hadoop.fs.ozone.TestRootedOzoneFileSystem" time="0.018"/>
  <testcase name="testTrash[0]" classname="org.apache.hadoop.fs.ozone.TestRootedOzoneFileSystem" time="0">
    <skipped/>
  </testcase>
  <testcase name="testRenameDestinationParentDoesntExist[0]" classname="org.apache.hadoop.fs.ozone.TestRootedOzoneFileSystem" time="0.044"/>
  <testcase name="testGetFileStatusRoot[0]" classname="org.apache.hadoop.fs.ozone.TestRootedOzoneFileSystem" time="0.004"/>
  <testcase name="testCreateWithInvalidPaths[0]" classname="org.apache.hadoop.fs.ozone.TestRootedOzoneFileSystem" time="0.003"/>
  <testcase name="testDeleteEmptyVolume[0]" classname="org.apache.hadoop.fs.ozone.TestRootedOzoneFileSystem" time="0.014"/>
  <testcase name="testListStatusRootAndVolumeContinuation[0]" classname="org.apache.hadoop.fs.ozone.TestRootedOzoneFileSystem" time="0">
    <skipped message="FS Path is enabled. Skipping this test as it is not tuned for FS Path yet" type="org.junit.AssumptionViolatedException">org.junit.AssumptionViolatedException: FS Path is enabled. Skipping this test as it is not tuned for FS Path yet
	at org.junit.Assume.assumeTrue(Assume.java:68)
	at org.apache.hadoop.fs.ozone.TestRootedOzoneFileSystem.testListStatusRootAndVolumeContinuation(TestRootedOzoneFileSystem.java:887)
	at sun.reflect.NativeMethodAccessorImpl.invoke0(Native Method)
	at sun.reflect.NativeMethodAccessorImpl.invoke(NativeMethodAccessorImpl.java:62)
	at sun.reflect.DelegatingMethodAccessorImpl.invoke(DelegatingMethodAccessorImpl.java:43)
	at java.lang.reflect.Method.invoke(Method.java:498)
	at org.junit.runners.model.FrameworkMethod$1.runReflectiveCall(FrameworkMethod.java:59)
	at org.junit.internal.runners.model.ReflectiveCallable.run(ReflectiveCallable.java:12)
	at org.junit.runners.model.FrameworkMethod.invokeExplosively(FrameworkMethod.java:56)
	at org.junit.internal.runners.statements.InvokeMethod.evaluate(InvokeMethod.java:17)
	at org.junit.internal.runners.statements.FailOnTimeout$CallableStatement.call(FailOnTimeout.java:288)
	at org.junit.internal.runners.statements.FailOnTimeout$CallableStatement.call(FailOnTimeout.java:282)
	at java.util.concurrent.FutureTask.run(FutureTask.java:266)
	at java.lang.Thread.run(Thread.java:748)
</skipped>
  </testcase>
  <testcase name="testDeleteVolumeBucketAndKey[0]" classname="org.apache.hadoop.fs.ozone.TestRootedOzoneFileSystem" time="0.112"/>
  <testcase name="testRenameToParentDir[0]" classname="org.apache.hadoop.fs.ozone.TestRootedOzoneFileSystem" time="0.091"/>
  <testcase name="testMkdirNonExistentVolumeBucket[0]" classname="org.apache.hadoop.fs.ozone.TestRootedOzoneFileSystem" time="0.02"/>
  <testcase name="testFailToDeleteRoot[0]" classname="org.apache.hadoop.fs.ozone.TestRootedOzoneFileSystem" time="0.002"/>
  <testcase name="testListStatusOnSubDirs[0]" classname="org.apache.hadoop.fs.ozone.TestRootedOzoneFileSystem" time="0.071"/>
  <testcase name="testListStatus[0]" classname="org.apache.hadoop.fs.ozone.TestRootedOzoneFileSystem" time="0.068"/>
  <testcase name="testGetTrashRoots[0]" classname="org.apache.hadoop.fs.ozone.TestRootedOzoneFileSystem" time="0.636"/>
  <testcase name="testCreateDoesNotAddParentDirKeys[0]" classname="org.apache.hadoop.fs.ozone.TestRootedOzoneFileSystem" time="0.054"/>
  <testcase name="testMkdirNonExistentVolume[0]" classname="org.apache.hadoop.fs.ozone.TestRootedOzoneFileSystem" time="0.008"/>
  <testcase name="testDeleteCreatesFakeParentDir[0]" classname="org.apache.hadoop.fs.ozone.TestRootedOzoneFileSystem" time="0">
    <skipped message="FS Path is enabled. Skipping this test as it is not tuned for FS Path yet" type="org.junit.AssumptionViolatedException">org.junit.AssumptionViolatedException: FS Path is enabled. Skipping this test as it is not tuned for FS Path yet
	at org.junit.Assume.assumeTrue(Assume.java:68)
	at org.apache.hadoop.fs.ozone.TestRootedOzoneFileSystem.testDeleteCreatesFakeParentDir(TestRootedOzoneFileSystem.java:302)
	at sun.reflect.NativeMethodAccessorImpl.invoke0(Native Method)
	at sun.reflect.NativeMethodAccessorImpl.invoke(NativeMethodAccessorImpl.java:62)
	at sun.reflect.DelegatingMethodAccessorImpl.invoke(DelegatingMethodAccessorImpl.java:43)
	at java.lang.reflect.Method.invoke(Method.java:498)
	at org.junit.runners.model.FrameworkMethod$1.runReflectiveCall(FrameworkMethod.java:59)
	at org.junit.internal.runners.model.ReflectiveCallable.run(ReflectiveCallable.java:12)
	at org.junit.runners.model.FrameworkMethod.invokeExplosively(FrameworkMethod.java:56)
	at org.junit.internal.runners.statements.InvokeMethod.evaluate(InvokeMethod.java:17)
	at org.junit.internal.runners.statements.FailOnTimeout$CallableStatement.call(FailOnTimeout.java:288)
	at org.junit.internal.runners.statements.FailOnTimeout$CallableStatement.call(FailOnTimeout.java:282)
	at java.util.concurrent.FutureTask.run(FutureTask.java:266)
	at java.lang.Thread.run(Thread.java:748)
</skipped>
  </testcase>
  <testcase name="testNonExplicitlyCreatedPathExistsAfterItsLeafsWereRemoved[0]" classname="org.apache.hadoop.fs.ozone.TestRootedOzoneFileSystem" time="0.06"/>
  <testcase name="testFileDelete[0]" classname="org.apache.hadoop.fs.ozone.TestRootedOzoneFileSystem" time="0.232"/>
  <testcase name="testRenameToTrashEnabled[0]" classname="org.apache.hadoop.fs.ozone.TestRootedOzoneFileSystem" time="0.112"/>
  <testcase name="testMkdirOnNonExistentVolumeBucketDir[0]" classname="org.apache.hadoop.fs.ozone.TestRootedOzoneFileSystem" time="0">
    <skipped message="FS Path is enabled. Skipping this test as it is not tuned for FS Path yet" type="org.junit.AssumptionViolatedException">org.junit.AssumptionViolatedException: FS Path is enabled. Skipping this test as it is not tuned for FS Path yet
	at org.junit.Assume.assumeTrue(Assume.java:68)
	at org.apache.hadoop.fs.ozone.TestRootedOzoneFileSystem.testMkdirOnNonExistentVolumeBucketDir(TestRootedOzoneFileSystem.java:405)
	at sun.reflect.NativeMethodAccessorImpl.invoke0(Native Method)
	at sun.reflect.NativeMethodAccessorImpl.invoke(NativeMethodAccessorImpl.java:62)
	at sun.reflect.DelegatingMethodAccessorImpl.invoke(DelegatingMethodAccessorImpl.java:43)
	at java.lang.reflect.Method.invoke(Method.java:498)
	at org.junit.runners.model.FrameworkMethod$1.runReflectiveCall(FrameworkMethod.java:59)
	at org.junit.internal.runners.model.ReflectiveCallable.run(ReflectiveCallable.java:12)
	at org.junit.runners.model.FrameworkMethod.invokeExplosively(FrameworkMethod.java:56)
	at org.junit.internal.runners.statements.InvokeMethod.evaluate(InvokeMethod.java:17)
	at org.junit.internal.runners.statements.FailOnTimeout$CallableStatement.call(FailOnTimeout.java:288)
	at org.junit.internal.runners.statements.FailOnTimeout$CallableStatement.call(FailOnTimeout.java:282)
	at java.util.concurrent.FutureTask.run(FutureTask.java:266)
	at java.lang.Thread.run(Thread.java:748)
</skipped>
  </testcase>
  <testcase name="testListStatusOnLargeDirectory[0]" classname="org.apache.hadoop.fs.ozone.TestRootedOzoneFileSystem" time="3.55">
    <failure message="Total directories listed do not match the existing directories expected:&lt;1536&gt; but was:&lt;1537&gt;" type="java.lang.AssertionError"><![CDATA[java.lang.AssertionError: Total directories listed do not match the existing directories expected:<1536> but was:<1537>
	at org.junit.Assert.fail(Assert.java:89)
	at org.junit.Assert.failNotEquals(Assert.java:835)
	at org.junit.Assert.assertEquals(Assert.java:647)
	at org.apache.hadoop.fs.ozone.TestRootedOzoneFileSystem.testListStatusOnLargeDirectory(TestRootedOzoneFileSystem.java:556)
	at sun.reflect.NativeMethodAccessorImpl.invoke0(Native Method)
	at sun.reflect.NativeMethodAccessorImpl.invoke(NativeMethodAccessorImpl.java:62)
	at sun.reflect.DelegatingMethodAccessorImpl.invoke(DelegatingMethodAccessorImpl.java:43)
	at java.lang.reflect.Method.invoke(Method.java:498)
	at org.junit.runners.model.FrameworkMethod$1.runReflectiveCall(FrameworkMethod.java:59)
	at org.junit.internal.runners.model.ReflectiveCallable.run(ReflectiveCallable.java:12)
	at org.junit.runners.model.FrameworkMethod.invokeExplosively(FrameworkMethod.java:56)
	at org.junit.internal.runners.statements.InvokeMethod.evaluate(InvokeMethod.java:17)
	at org.junit.internal.runners.statements.FailOnTimeout$CallableStatement.call(FailOnTimeout.java:288)
	at org.junit.internal.runners.statements.FailOnTimeout$CallableStatement.call(FailOnTimeout.java:282)
	at java.util.concurrent.FutureTask.run(FutureTask.java:266)
	at java.lang.Thread.run(Thread.java:748)
]]></failure>
  </testcase>
  <testcase name="testRenameToDifferentBucket[0]" classname="org.apache.hadoop.fs.ozone.TestRootedOzoneFileSystem" time="0.034"/>
  <testcase name="testListStatusInBucket[0]" classname="org.apache.hadoop.fs.ozone.TestRootedOzoneFileSystem" time="0.071">
    <failure message="FileStatus should return only the immediate children expected:&lt;2&gt; but was:&lt;1539&gt;" type="java.lang.AssertionError"><![CDATA[java.lang.AssertionError: FileStatus should return only the immediate children expected:<2> but was:<1539>
	at org.junit.Assert.fail(Assert.java:89)
	at org.junit.Assert.failNotEquals(Assert.java:835)
	at org.junit.Assert.assertEquals(Assert.java:647)
	at org.apache.hadoop.fs.ozone.TestRootedOzoneFileSystem.testListStatusInBucket(TestRootedOzoneFileSystem.java:530)
	at sun.reflect.NativeMethodAccessorImpl.invoke0(Native Method)
	at sun.reflect.NativeMethodAccessorImpl.invoke(NativeMethodAccessorImpl.java:62)
	at sun.reflect.DelegatingMethodAccessorImpl.invoke(DelegatingMethodAccessorImpl.java:43)
	at java.lang.reflect.Method.invoke(Method.java:498)
	at org.junit.runners.model.FrameworkMethod$1.runReflectiveCall(FrameworkMethod.java:59)
	at org.junit.internal.runners.model.ReflectiveCallable.run(ReflectiveCallable.java:12)
	at org.junit.runners.model.FrameworkMethod.invokeExplosively(FrameworkMethod.java:56)
	at org.junit.internal.runners.statements.InvokeMethod.evaluate(InvokeMethod.java:17)
	at org.junit.internal.runners.statements.FailOnTimeout$CallableStatement.call(FailOnTimeout.java:288)
	at org.junit.internal.runners.statements.FailOnTimeout$CallableStatement.call(FailOnTimeout.java:282)
	at java.util.concurrent.FutureTask.run(FutureTask.java:266)
	at java.lang.Thread.run(Thread.java:748)
]]></failure>
  </testcase>
  <testcase name="testRenameFileToDir[0]" classname="org.apache.hadoop.fs.ozone.TestRootedOzoneFileSystem" time="0.609"/>
  <testcase name="testNonPrivilegedUserMkdirCreateBucket[1]" classname="org.apache.hadoop.fs.ozone.TestRootedOzoneFileSystem" time="0">
    <skipped message="ACL is not enabled. Skipping this test as it requires ACL to be enabled to be meaningful." type="org.junit.AssumptionViolatedException">org.junit.AssumptionViolatedException: ACL is not enabled. Skipping this test as it requires ACL to be enabled to be meaningful.
	at org.junit.Assume.assumeTrue(Assume.java:68)
	at org.apache.hadoop.fs.ozone.TestRootedOzoneFileSystem.testNonPrivilegedUserMkdirCreateBucket(TestRootedOzoneFileSystem.java:1582)
	at sun.reflect.NativeMethodAccessorImpl.invoke0(Native Method)
	at sun.reflect.NativeMethodAccessorImpl.invoke(NativeMethodAccessorImpl.java:62)
	at sun.reflect.DelegatingMethodAccessorImpl.invoke(DelegatingMethodAccessorImpl.java:43)
	at java.lang.reflect.Method.invoke(Method.java:498)
	at org.junit.runners.model.FrameworkMethod$1.runReflectiveCall(FrameworkMethod.java:59)
	at org.junit.internal.runners.model.ReflectiveCallable.run(ReflectiveCallable.java:12)
	at org.junit.runners.model.FrameworkMethod.invokeExplosively(FrameworkMethod.java:56)
	at org.junit.internal.runners.statements.InvokeMethod.evaluate(InvokeMethod.java:17)
	at org.junit.internal.runners.statements.FailOnTimeout$CallableStatement.call(FailOnTimeout.java:288)
	at org.junit.internal.runners.statements.FailOnTimeout$CallableStatement.call(FailOnTimeout.java:282)
	at java.util.concurrent.FutureTask.run(FutureTask.java:266)
	at java.lang.Thread.run(Thread.java:748)
</skipped>
    <system-out><![CDATA[2022-02-12 02:07:01,305 [Listener at 127.0.0.1/38559] INFO  ozone.MiniOzoneClusterImpl (MiniOzoneClusterImpl.java:shutdown(437)) - Shutting down the Mini Ozone Cluster
2022-02-12 02:07:01,305 [Listener at 127.0.0.1/38559] INFO  ozone.MiniOzoneClusterImpl (MiniOzoneClusterImpl.java:stop(452)) - Stopping the Mini Ozone Cluster
2022-02-12 02:07:01,306 [Listener at 127.0.0.1/38559] INFO  ozone.MiniOzoneClusterImpl (MiniOzoneClusterImpl.java:stopOM(534)) - Stopping the OzoneManager
2022-02-12 02:07:01,306 [Listener at 127.0.0.1/38559] INFO  om.OzoneManager (OzoneManager.java:stop(1893)) - om1[localhost:0]: Stopping Ozone Manager
2022-02-12 02:07:01,306 [Listener at 127.0.0.1/38559] INFO  ipc.Server (Server.java:stop(3414)) - Stopping server on 38559
2022-02-12 02:07:01,311 [IPC Server listener on 0] INFO  ipc.Server (Server.java:run(1376)) - Stopping IPC Server listener on 0
2022-02-12 02:07:01,311 [IPC Server Responder] INFO  ipc.Server (Server.java:run(1512)) - Stopping IPC Server Responder
2022-02-12 02:07:01,312 [Listener at 127.0.0.1/38559] INFO  server.RaftServer (RaftServerProxy.java:lambda$close$6(391)) - om1: close
2022-02-12 02:07:01,312 [Listener at 127.0.0.1/38559] INFO  server.RaftServer$Division (RaftServerImpl.java:lambda$close$4(412)) - om1@group-C5BA1605619E: shutdown
2022-02-12 02:07:01,313 [Listener at 127.0.0.1/38559] INFO  util.JmxRegister (JmxRegister.java:unregister(73)) - Successfully un-registered JMX Bean with object name Ratis:service=RaftServer,group=group-C5BA1605619E,id=om1
2022-02-12 02:07:01,313 [Listener at 127.0.0.1/38559] INFO  impl.RoleInfo (RoleInfo.java:shutdownLeaderState(91)) - om1: shutdown om1@group-C5BA1605619E-LeaderStateImpl
2022-02-12 02:07:01,313 [Listener at 127.0.0.1/38559] INFO  impl.PendingRequests (PendingRequests.java:sendNotLeaderResponses(282)) - om1@group-C5BA1605619E-PendingRequests: sendNotLeaderResponses
2022-02-12 02:07:01,315 [om1@group-C5BA1605619E-StateMachineUpdater] INFO  ratis.OzoneManagerStateMachine (OzoneManagerStateMachine.java:takeSnapshot(417)) - Current Snapshot Index (t:1, i:4114)
2022-02-12 02:07:01,316 [om1@group-C5BA1605619E-StateMachineUpdater] INFO  impl.StateMachineUpdater (StateMachineUpdater.java:takeSnapshot(281)) - om1@group-C5BA1605619E-StateMachineUpdater: Took a snapshot at index 4114
2022-02-12 02:07:01,316 [om1@group-C5BA1605619E-StateMachineUpdater] INFO  impl.StateMachineUpdater (StateMachineUpdater.java:lambda$new$0(89)) - om1@group-C5BA1605619E-StateMachineUpdater: snapshotIndex: updateIncreasingly -1 -> 4114
2022-02-12 02:07:01,316 [om1@group-C5BA1605619E-StateMachineUpdater] INFO  ratis.OzoneManagerStateMachine (OzoneManagerStateMachine.java:close(471)) - StateMachine has shutdown. Shutdown OzoneManager if not already shutdown.
2022-02-12 02:07:01,316 [Listener at 127.0.0.1/38559] INFO  impl.StateMachineUpdater (StateMachineUpdater.java:stopAndJoin(149)) - om1@group-C5BA1605619E-StateMachineUpdater: set stopIndex = 4114
2022-02-12 02:07:01,316 [Listener at 127.0.0.1/38559] INFO  server.RaftServer$Division (ServerState.java:close(419)) - om1@group-C5BA1605619E: closes. applyIndex: 4114
2022-02-12 02:07:01,318 [om1@group-C5BA1605619E-SegmentedRaftLogWorker] INFO  segmented.SegmentedRaftLogWorker (SegmentedRaftLogWorker.java:run(327)) - om1@group-C5BA1605619E-SegmentedRaftLogWorker was interrupted, exiting. There are 0 tasks remaining in the queue.
2022-02-12 02:07:01,320 [Listener at 127.0.0.1/38559] INFO  segmented.SegmentedRaftLogWorker (SegmentedRaftLogWorker.java:close(237)) - om1@group-C5BA1605619E-SegmentedRaftLogWorker close()
2022-02-12 02:07:01,320 [Listener at 127.0.0.1/38559] INFO  server.GrpcService (GrpcService.java:closeImpl(262)) - om1: shutdown server with port 9872 now
2022-02-12 02:07:01,321 [Listener at 127.0.0.1/38559] INFO  server.GrpcService (GrpcService.java:closeImpl(271)) - om1: shutdown server with port 9872 successfully
2022-02-12 02:07:01,321 [org.apache.ratis.util.JvmPauseMonitor$$Lambda$421/534662976@173398da] INFO  util.JvmPauseMonitor (JvmPauseMonitor.java:run(109)) - JvmPauseMonitor-om1: Stopped
2022-02-12 02:07:01,322 [Listener at 127.0.0.1/38559] INFO  ratis.OzoneManagerDoubleBuffer (OzoneManagerDoubleBuffer.java:stop(437)) - Stopping OMDoubleBuffer flush thread
2022-02-12 02:07:01,322 [OMDoubleBufferFlushThread] INFO  ratis.OzoneManagerDoubleBuffer (OzoneManagerDoubleBuffer.java:flushTransactions(356)) - OMDoubleBuffer flush thread OMDoubleBufferFlushThread is interrupted and will exit. OMDoubleBufferFlushThread
2022-02-12 02:07:01,323 [Listener at 127.0.0.1/38559] INFO  utils.BackgroundService (BackgroundService.java:shutdown(132)) - Shutting down service KeyDeletingService
2022-02-12 02:07:01,323 [Listener at 127.0.0.1/38559] INFO  utils.BackgroundService (BackgroundService.java:shutdown(132)) - Shutting down service DirectoryDeletingService
2022-02-12 02:07:01,325 [Listener at 127.0.0.1/38559] INFO  handler.ContextHandler (ContextHandler.java:doStop(1153)) - Stopped o.e.j.w.WebAppContext@60ccf498{ozoneManager,/,null,STOPPED}{file:/home/runner/work/ozone/ozone/hadoop-ozone/integration-test/target/test-classes/webapps/ozoneManager}
2022-02-12 02:07:01,330 [Listener at 127.0.0.1/38559] INFO  server.AbstractConnector (AbstractConnector.java:doStop(381)) - Stopped ServerConnector@7e04af28{HTTP/1.1, (http/1.1)}{0.0.0.0:0}
2022-02-12 02:07:01,330 [Listener at 127.0.0.1/38559] INFO  server.session (HouseKeeper.java:stopScavenging(149)) - node0 Stopped scavenging
2022-02-12 02:07:01,331 [Listener at 127.0.0.1/38559] INFO  handler.ContextHandler (ContextHandler.java:doStop(1153)) - Stopped o.e.j.s.ServletContextHandler@105c3bea{static,/static,file:///home/runner/work/ozone/ozone/hadoop-ozone/integration-test/target/test-classes/webapps/static,STOPPED}
2022-02-12 02:07:01,332 [Listener at 127.0.0.1/38559] INFO  handler.ContextHandler (ContextHandler.java:doStop(1153)) - Stopped o.e.j.s.ServletContextHandler@6761bb4d{logs,/logs,file:///home/runner/work/ozone/ozone/hadoop-ozone/integration-test/target/log,STOPPED}
2022-02-12 02:07:01,333 [Trash Emptier] ERROR om.TrashPolicyOzone (TrashPolicyOzone.java:run(251)) - Error attempting to shutdown
java.lang.InterruptedException
	at java.util.concurrent.locks.AbstractQueuedSynchronizer$ConditionObject.awaitNanos(AbstractQueuedSynchronizer.java:2067)
	at java.util.concurrent.ThreadPoolExecutor.awaitTermination(ThreadPoolExecutor.java:1475)
	at org.apache.hadoop.ozone.om.TrashPolicyOzone$Emptier.run(TrashPolicyOzone.java:249)
	at java.lang.Thread.run(Thread.java:748)
2022-02-12 02:07:01,333 [Trash Emptier] ERROR util.ExitUtils (ExitUtils.java:terminate(133)) - Terminating with exit status -1: Thread[Trash Emptier,5,main] has thrown an uncaught exception
java.lang.UnsupportedOperationException: fs.getUri() not implemented in TrashOzoneFileSystem
	at org.apache.hadoop.ozone.om.TrashOzoneFileSystem.getUri(TrashOzoneFileSystem.java:124)
	at org.apache.hadoop.fs.FileSystem.close(FileSystem.java:2592)
	at org.apache.hadoop.ozone.om.TrashPolicyOzone$Emptier.run(TrashPolicyOzone.java:243)
	at java.lang.Thread.run(Thread.java:748)
2022-02-12 02:07:01,335 [Listener at 127.0.0.1/38559] INFO  ozone.MiniOzoneClusterImpl (MiniOzoneClusterImpl.java:stopDatanodes(511)) - Stopping the HddsDatanodes
2022-02-12 02:07:01,944 [5a48ba6f-a30a-4e88-a5d0-329f9f1902a7@group-417BDCFAD16B-FollowerState] INFO  impl.FollowerState (FollowerState.java:run(134)) - 5a48ba6f-a30a-4e88-a5d0-329f9f1902a7@group-417BDCFAD16B-FollowerState: change to CANDIDATE, lastRpcElapsedTime:5160397979ns, electionTimeout:5153ms
2022-02-12 02:07:01,944 [5a48ba6f-a30a-4e88-a5d0-329f9f1902a7@group-417BDCFAD16B-FollowerState] INFO  impl.RoleInfo (RoleInfo.java:shutdownFollowerState(108)) - 5a48ba6f-a30a-4e88-a5d0-329f9f1902a7: shutdown 5a48ba6f-a30a-4e88-a5d0-329f9f1902a7@group-417BDCFAD16B-FollowerState
2022-02-12 02:07:01,945 [5a48ba6f-a30a-4e88-a5d0-329f9f1902a7@group-417BDCFAD16B-FollowerState] INFO  server.RaftServer$Division (RaftServerImpl.java:setRole(290)) - 5a48ba6f-a30a-4e88-a5d0-329f9f1902a7@group-417BDCFAD16B: changes role from  FOLLOWER to CANDIDATE at term 2 for changeToCandidate
2022-02-12 02:07:01,945 [5a48ba6f-a30a-4e88-a5d0-329f9f1902a7@group-417BDCFAD16B-FollowerState] INFO  server.RaftServerConfigKeys (ConfUtils.java:logGet(44)) - raft.server.leaderelection.pre-vote = false (custom)
2022-02-12 02:07:01,945 [5a48ba6f-a30a-4e88-a5d0-329f9f1902a7@group-417BDCFAD16B-FollowerState] INFO  impl.RoleInfo (RoleInfo.java:updateAndGet(130)) - 5a48ba6f-a30a-4e88-a5d0-329f9f1902a7: start 5a48ba6f-a30a-4e88-a5d0-329f9f1902a7@group-417BDCFAD16B-LeaderElection12
2022-02-12 02:07:01,948 [5a48ba6f-a30a-4e88-a5d0-329f9f1902a7@group-417BDCFAD16B-LeaderElection12] INFO  impl.LeaderElection (LeaderElection.java:askForVotes(306)) - 5a48ba6f-a30a-4e88-a5d0-329f9f1902a7@group-417BDCFAD16B-LeaderElection12 ELECTION round 0: submit vote requests at term 3 for -1: [5a48ba6f-a30a-4e88-a5d0-329f9f1902a7|rpc:10.1.0.17:43193|priority:1, 831f4c06-a3e5-4072-8221-074437d31ede|rpc:10.1.0.17:35933|priority:0, c8eafb60-c0c0-4b5f-973c-db782c2ecca3|rpc:10.1.0.17:39417|priority:0], old=null
2022-02-12 02:07:01,958 [grpc-default-executor-1] INFO  server.RaftServer$Division (RaftServerImpl.java:requestVote(1046)) - c8eafb60-c0c0-4b5f-973c-db782c2ecca3@group-417BDCFAD16B: receive requestVote(ELECTION, 5a48ba6f-a30a-4e88-a5d0-329f9f1902a7, group-417BDCFAD16B, 3, (t:0, i:0))
2022-02-12 02:07:01,958 [grpc-default-executor-1] INFO  impl.VoteContext (VoteContext.java:log(48)) - c8eafb60-c0c0-4b5f-973c-db782c2ecca3@group-417BDCFAD16B-FOLLOWER: accept ELECTION from 5a48ba6f-a30a-4e88-a5d0-329f9f1902a7: our priority 0 <= candidate's priority 1
2022-02-12 02:07:01,958 [grpc-default-executor-1] INFO  server.RaftServer$Division (RaftServerImpl.java:setRole(290)) - c8eafb60-c0c0-4b5f-973c-db782c2ecca3@group-417BDCFAD16B: changes role from  FOLLOWER to FOLLOWER at term 3 for candidate:5a48ba6f-a30a-4e88-a5d0-329f9f1902a7
2022-02-12 02:07:01,958 [grpc-default-executor-1] INFO  impl.RoleInfo (RoleInfo.java:shutdownFollowerState(108)) - c8eafb60-c0c0-4b5f-973c-db782c2ecca3: shutdown c8eafb60-c0c0-4b5f-973c-db782c2ecca3@group-417BDCFAD16B-FollowerState
2022-02-12 02:07:01,959 [grpc-default-executor-1] INFO  impl.RoleInfo (RoleInfo.java:updateAndGet(130)) - c8eafb60-c0c0-4b5f-973c-db782c2ecca3: start c8eafb60-c0c0-4b5f-973c-db782c2ecca3@group-417BDCFAD16B-FollowerState
2022-02-12 02:07:01,959 [c8eafb60-c0c0-4b5f-973c-db782c2ecca3@group-417BDCFAD16B-FollowerState] INFO  impl.FollowerState (FollowerState.java:run(143)) - c8eafb60-c0c0-4b5f-973c-db782c2ecca3@group-417BDCFAD16B-FollowerState was interrupted: {}
java.lang.InterruptedException: sleep interrupted
	at java.lang.Thread.sleep(Native Method)
	at java.lang.Thread.sleep(Thread.java:340)
	at java.util.concurrent.TimeUnit.sleep(TimeUnit.java:386)
	at org.apache.ratis.util.TimeDuration.sleep(TimeDuration.java:324)
	at org.apache.ratis.util.TimeDuration.sleep(TimeDuration.java:309)
	at org.apache.ratis.server.impl.FollowerState.run(FollowerState.java:118)
2022-02-12 02:07:01,964 [grpc-default-executor-1] INFO  server.RaftServer$Division (RaftServerImpl.java:requestVote(1078)) - c8eafb60-c0c0-4b5f-973c-db782c2ecca3@group-417BDCFAD16B replies to ELECTION vote request: 5a48ba6f-a30a-4e88-a5d0-329f9f1902a7<-c8eafb60-c0c0-4b5f-973c-db782c2ecca3#0:OK-t3. Peer's state: c8eafb60-c0c0-4b5f-973c-db782c2ecca3@group-417BDCFAD16B:t3, leader=null, voted=5a48ba6f-a30a-4e88-a5d0-329f9f1902a7, raftlog=c8eafb60-c0c0-4b5f-973c-db782c2ecca3@group-417BDCFAD16B-SegmentedRaftLog:OPENED:c-1, conf=-1: [5a48ba6f-a30a-4e88-a5d0-329f9f1902a7|rpc:10.1.0.17:43193|priority:1, 831f4c06-a3e5-4072-8221-074437d31ede|rpc:10.1.0.17:35933|priority:0, c8eafb60-c0c0-4b5f-973c-db782c2ecca3|rpc:10.1.0.17:39417|priority:0], old=null
2022-02-12 02:07:01,965 [grpc-default-executor-0] INFO  server.RaftServer$Division (RaftServerImpl.java:requestVote(1046)) - 831f4c06-a3e5-4072-8221-074437d31ede@group-417BDCFAD16B: receive requestVote(ELECTION, 5a48ba6f-a30a-4e88-a5d0-329f9f1902a7, group-417BDCFAD16B, 3, (t:0, i:0))
2022-02-12 02:07:01,965 [grpc-default-executor-0] INFO  impl.VoteContext (VoteContext.java:log(48)) - 831f4c06-a3e5-4072-8221-074437d31ede@group-417BDCFAD16B-FOLLOWER: accept ELECTION from 5a48ba6f-a30a-4e88-a5d0-329f9f1902a7: our priority 0 <= candidate's priority 1
2022-02-12 02:07:01,965 [grpc-default-executor-0] INFO  server.RaftServer$Division (RaftServerImpl.java:setRole(290)) - 831f4c06-a3e5-4072-8221-074437d31ede@group-417BDCFAD16B: changes role from  FOLLOWER to FOLLOWER at term 3 for candidate:5a48ba6f-a30a-4e88-a5d0-329f9f1902a7
2022-02-12 02:07:01,965 [grpc-default-executor-0] INFO  impl.RoleInfo (RoleInfo.java:shutdownFollowerState(108)) - 831f4c06-a3e5-4072-8221-074437d31ede: shutdown 831f4c06-a3e5-4072-8221-074437d31ede@group-417BDCFAD16B-FollowerState
2022-02-12 02:07:01,966 [grpc-default-executor-0] INFO  impl.RoleInfo (RoleInfo.java:updateAndGet(130)) - 831f4c06-a3e5-4072-8221-074437d31ede: start 831f4c06-a3e5-4072-8221-074437d31ede@group-417BDCFAD16B-FollowerState
2022-02-12 02:07:01,966 [831f4c06-a3e5-4072-8221-074437d31ede@group-417BDCFAD16B-FollowerState] INFO  impl.FollowerState (FollowerState.java:run(143)) - 831f4c06-a3e5-4072-8221-074437d31ede@group-417BDCFAD16B-FollowerState was interrupted: {}
java.lang.InterruptedException: sleep interrupted
	at java.lang.Thread.sleep(Native Method)
	at java.lang.Thread.sleep(Thread.java:340)
	at java.util.concurrent.TimeUnit.sleep(TimeUnit.java:386)
	at org.apache.ratis.util.TimeDuration.sleep(TimeDuration.java:324)
	at org.apache.ratis.util.TimeDuration.sleep(TimeDuration.java:309)
	at org.apache.ratis.server.impl.FollowerState.run(FollowerState.java:118)
2022-02-12 02:07:01,969 [grpc-default-executor-0] INFO  server.RaftServer$Division (RaftServerImpl.java:requestVote(1078)) - 831f4c06-a3e5-4072-8221-074437d31ede@group-417BDCFAD16B replies to ELECTION vote request: 5a48ba6f-a30a-4e88-a5d0-329f9f1902a7<-831f4c06-a3e5-4072-8221-074437d31ede#0:OK-t3. Peer's state: 831f4c06-a3e5-4072-8221-074437d31ede@group-417BDCFAD16B:t3, leader=null, voted=5a48ba6f-a30a-4e88-a5d0-329f9f1902a7, raftlog=831f4c06-a3e5-4072-8221-074437d31ede@group-417BDCFAD16B-SegmentedRaftLog:OPENED:c-1, conf=-1: [5a48ba6f-a30a-4e88-a5d0-329f9f1902a7|rpc:10.1.0.17:43193|priority:1, 831f4c06-a3e5-4072-8221-074437d31ede|rpc:10.1.0.17:35933|priority:0, c8eafb60-c0c0-4b5f-973c-db782c2ecca3|rpc:10.1.0.17:39417|priority:0], old=null
2022-02-12 02:07:01,971 [5a48ba6f-a30a-4e88-a5d0-329f9f1902a7@group-417BDCFAD16B-LeaderElection12] INFO  impl.LeaderElection (LeaderElection.java:logAndReturn(89)) - 5a48ba6f-a30a-4e88-a5d0-329f9f1902a7@group-417BDCFAD16B-LeaderElection12: ELECTION PASSED received 1 response(s) and 0 exception(s):
2022-02-12 02:07:01,971 [5a48ba6f-a30a-4e88-a5d0-329f9f1902a7@group-417BDCFAD16B-LeaderElection12] INFO  impl.LeaderElection (LeaderElection.java:logAndReturn(93)) -   Response 0: 5a48ba6f-a30a-4e88-a5d0-329f9f1902a7<-c8eafb60-c0c0-4b5f-973c-db782c2ecca3#0:OK-t3
2022-02-12 02:07:01,971 [5a48ba6f-a30a-4e88-a5d0-329f9f1902a7@group-417BDCFAD16B-LeaderElection12] INFO  impl.LeaderElection (LeaderElection.java:askForVotes(308)) - 5a48ba6f-a30a-4e88-a5d0-329f9f1902a7@group-417BDCFAD16B-LeaderElection12 ELECTION round 0: result PASSED
2022-02-12 02:07:01,971 [5a48ba6f-a30a-4e88-a5d0-329f9f1902a7@group-417BDCFAD16B-LeaderElection12] INFO  impl.RoleInfo (RoleInfo.java:shutdownLeaderElection(121)) - 5a48ba6f-a30a-4e88-a5d0-329f9f1902a7: shutdown 5a48ba6f-a30a-4e88-a5d0-329f9f1902a7@group-417BDCFAD16B-LeaderElection12
2022-02-12 02:07:01,971 [5a48ba6f-a30a-4e88-a5d0-329f9f1902a7@group-417BDCFAD16B-LeaderElection12] INFO  server.RaftServer$Division (RaftServerImpl.java:setRole(290)) - 5a48ba6f-a30a-4e88-a5d0-329f9f1902a7@group-417BDCFAD16B: changes role from CANDIDATE to LEADER at term 3 for changeToLeader
2022-02-12 02:07:01,971 [5a48ba6f-a30a-4e88-a5d0-329f9f1902a7@group-417BDCFAD16B-LeaderElection12] INFO  ratis.XceiverServerRatis (XceiverServerRatis.java:handleLeaderChangedNotification(866)) - Leader change notification received for group: group-417BDCFAD16B with new leaderId: 5a48ba6f-a30a-4e88-a5d0-329f9f1902a7
2022-02-12 02:07:01,971 [5a48ba6f-a30a-4e88-a5d0-329f9f1902a7@group-417BDCFAD16B-LeaderElection12] INFO  server.RaftServer$Division (ServerState.java:setLeader(285)) - 5a48ba6f-a30a-4e88-a5d0-329f9f1902a7@group-417BDCFAD16B: change Leader from null to 5a48ba6f-a30a-4e88-a5d0-329f9f1902a7 at term 3 for becomeLeader, leader elected after 15054ms
2022-02-12 02:07:01,971 [5a48ba6f-a30a-4e88-a5d0-329f9f1902a7@group-417BDCFAD16B-LeaderElection12] INFO  server.RaftServerConfigKeys (ConfUtils.java:logGet(44)) - raft.server.staging.catchup.gap = 1000 (default)
2022-02-12 02:07:01,972 [5a48ba6f-a30a-4e88-a5d0-329f9f1902a7@group-417BDCFAD16B-LeaderElection12] INFO  server.RaftServerConfigKeys (ConfUtils.java:logGet(44)) - raft.server.write.element-limit = 1024 (custom)
2022-02-12 02:07:01,972 [5a48ba6f-a30a-4e88-a5d0-329f9f1902a7@group-417BDCFAD16B-LeaderElection12] INFO  server.RaftServerConfigKeys (ConfUtils.java:logGet(44)) - raft.server.write.byte-limit = 1024 M (=1073741824) (custom)
2022-02-12 02:07:01,972 [5a48ba6f-a30a-4e88-a5d0-329f9f1902a7@group-417BDCFAD16B-LeaderElection12] INFO  server.RaftServerConfigKeys (ConfUtils.java:logGet(44)) - raft.server.watch.timeout = 180s (custom)
2022-02-12 02:07:01,972 [5a48ba6f-a30a-4e88-a5d0-329f9f1902a7@group-417BDCFAD16B-LeaderElection12] INFO  server.RaftServerConfigKeys (ConfUtils.java:logGet(44)) - raft.server.watch.timeout.denomination = 1s (default)
2022-02-12 02:07:01,972 [5a48ba6f-a30a-4e88-a5d0-329f9f1902a7@group-417BDCFAD16B-LeaderElection12] INFO  server.RaftServerConfigKeys (ConfUtils.java:logGet(44)) - raft.server.watch.element-limit = 65536 (default)
2022-02-12 02:07:01,972 [5a48ba6f-a30a-4e88-a5d0-329f9f1902a7@group-417BDCFAD16B-LeaderElection12] INFO  server.RaftServerConfigKeys (ConfUtils.java:logGet(44)) - raft.server.write.element-limit = 1024 (custom)
2022-02-12 02:07:01,972 [5a48ba6f-a30a-4e88-a5d0-329f9f1902a7@group-417BDCFAD16B-LeaderElection12] INFO  server.RaftServerConfigKeys (ConfUtils.java:logGet(44)) - raft.server.write.follower.gap.ratio.max = -1.0 (default)
2022-02-12 02:07:01,973 [5a48ba6f-a30a-4e88-a5d0-329f9f1902a7@group-417BDCFAD16B-LeaderElection12] INFO  server.RaftServerConfigKeys (ConfUtils.java:logGet(44)) - raft.server.log.appender.snapshot.chunk.size.max = 16MB (=16777216) (default)
2022-02-12 02:07:01,973 [5a48ba6f-a30a-4e88-a5d0-329f9f1902a7@group-417BDCFAD16B-LeaderElection12] INFO  server.RaftServerConfigKeys (ConfUtils.java:logGet(44)) - raft.server.log.appender.buffer.byte-limit = 33554432 (custom)
2022-02-12 02:07:01,973 [5a48ba6f-a30a-4e88-a5d0-329f9f1902a7@group-417BDCFAD16B-LeaderElection12] INFO  server.RaftServerConfigKeys (ConfUtils.java:logGet(44)) - raft.server.log.appender.buffer.element-limit = 1 (custom)
2022-02-12 02:07:01,973 [5a48ba6f-a30a-4e88-a5d0-329f9f1902a7@group-417BDCFAD16B-LeaderElection12] INFO  grpc.GrpcConfigKeys (ConfUtils.java:logGet(44)) - raft.grpc.server.leader.outstanding.appends.max = 128 (default)
2022-02-12 02:07:01,973 [5a48ba6f-a30a-4e88-a5d0-329f9f1902a7@group-417BDCFAD16B-LeaderElection12] INFO  server.RaftServerConfigKeys (ConfUtils.java:logGet(44)) - raft.server.rpc.request.timeout = 60s (custom)
2022-02-12 02:07:01,973 [5a48ba6f-a30a-4e88-a5d0-329f9f1902a7@group-417BDCFAD16B-LeaderElection12] INFO  server.RaftServerConfigKeys (ConfUtils.java:logGet(44)) - raft.server.log.appender.install.snapshot.enabled = false (custom)
2022-02-12 02:07:01,974 [5a48ba6f-a30a-4e88-a5d0-329f9f1902a7@group-417BDCFAD16B-LeaderElection12] INFO  server.RaftServerConfigKeys (ConfUtils.java:logGet(44)) - raft.server.log.appender.snapshot.chunk.size.max = 16MB (=16777216) (default)
2022-02-12 02:07:01,974 [5a48ba6f-a30a-4e88-a5d0-329f9f1902a7@group-417BDCFAD16B-LeaderElection12] INFO  server.RaftServerConfigKeys (ConfUtils.java:logGet(44)) - raft.server.log.appender.buffer.byte-limit = 33554432 (custom)
2022-02-12 02:07:01,974 [5a48ba6f-a30a-4e88-a5d0-329f9f1902a7@group-417BDCFAD16B-LeaderElection12] INFO  server.RaftServerConfigKeys (ConfUtils.java:logGet(44)) - raft.server.log.appender.buffer.element-limit = 1 (custom)
2022-02-12 02:07:01,974 [5a48ba6f-a30a-4e88-a5d0-329f9f1902a7@group-417BDCFAD16B-LeaderElection12] INFO  grpc.GrpcConfigKeys (ConfUtils.java:logGet(44)) - raft.grpc.server.leader.outstanding.appends.max = 128 (default)
2022-02-12 02:07:01,974 [5a48ba6f-a30a-4e88-a5d0-329f9f1902a7@group-417BDCFAD16B-LeaderElection12] INFO  server.RaftServerConfigKeys (ConfUtils.java:logGet(44)) - raft.server.rpc.request.timeout = 60s (custom)
2022-02-12 02:07:01,974 [5a48ba6f-a30a-4e88-a5d0-329f9f1902a7@group-417BDCFAD16B-LeaderElection12] INFO  server.RaftServerConfigKeys (ConfUtils.java:logGet(44)) - raft.server.log.appender.install.snapshot.enabled = false (custom)
2022-02-12 02:07:01,975 [5a48ba6f-a30a-4e88-a5d0-329f9f1902a7@group-417BDCFAD16B-LeaderElection12] INFO  impl.RoleInfo (RoleInfo.java:updateAndGet(130)) - 5a48ba6f-a30a-4e88-a5d0-329f9f1902a7: start 5a48ba6f-a30a-4e88-a5d0-329f9f1902a7@group-417BDCFAD16B-LeaderStateImpl
2022-02-12 02:07:01,975 [5a48ba6f-a30a-4e88-a5d0-329f9f1902a7@group-417BDCFAD16B-LeaderElection12] INFO  segmented.SegmentedRaftLogWorker (SegmentedRaftLogWorker.java:startLogSegment(394)) - 5a48ba6f-a30a-4e88-a5d0-329f9f1902a7@group-417BDCFAD16B-SegmentedRaftLogWorker: Starting segment from index:0
2022-02-12 02:07:01,977 [EventQueue-PipelineReportForPipelineReportHandler] INFO  pipeline.PipelineManagerImpl (PipelineManagerImpl.java:openPipeline(291)) - Pipeline Pipeline[ Id: 2f62b89f-3017-4063-9c89-417bdcfad16b, Nodes: 5a48ba6f-a30a-4e88-a5d0-329f9f1902a7{ip: 10.1.0.17, host: fv-az395-998.zfmzfyrfkyou3ow0tsr0jxwq1e.bx.internal.cloudapp.net, ports: [REPLICATION=34729, RATIS=43193, RATIS_ADMIN=43193, RATIS_SERVER=43193, STANDALONE=33647], networkLocation: /default-rack, certSerialId: null, persistedOpState: IN_SERVICE, persistedOpStateExpiryEpochSec: 0}c8eafb60-c0c0-4b5f-973c-db782c2ecca3{ip: 10.1.0.17, host: fv-az395-998.zfmzfyrfkyou3ow0tsr0jxwq1e.bx.internal.cloudapp.net, ports: [REPLICATION=35157, RATIS=39417, RATIS_ADMIN=39417, RATIS_SERVER=39417, STANDALONE=36763], networkLocation: /default-rack, certSerialId: null, persistedOpState: IN_SERVICE, persistedOpStateExpiryEpochSec: 0}831f4c06-a3e5-4072-8221-074437d31ede{ip: 10.1.0.17, host: fv-az395-998.zfmzfyrfkyou3ow0tsr0jxwq1e.bx.internal.cloudapp.net, ports: [REPLICATION=32935, RATIS=35933, RATIS_ADMIN=35933, RATIS_SERVER=35933, STANDALONE=45795], networkLocation: /default-rack, certSerialId: null, persistedOpState: IN_SERVICE, persistedOpStateExpiryEpochSec: 0}, ReplicationConfig: RATIS/THREE, State:ALLOCATED, leaderId:5a48ba6f-a30a-4e88-a5d0-329f9f1902a7, CreationTimestamp2022-02-12T02:06:43.834Z[Etc/UTC]] moved to OPEN state
2022-02-12 02:07:01,977 [5a48ba6f-a30a-4e88-a5d0-329f9f1902a7@group-417BDCFAD16B-SegmentedRaftLogWorker] INFO  segmented.SegmentedRaftLogWorker (SegmentedRaftLogWorker.java:execute(601)) - 5a48ba6f-a30a-4e88-a5d0-329f9f1902a7@group-417BDCFAD16B-SegmentedRaftLogWorker: created new log segment /home/runner/work/ozone/ozone/hadoop-ozone/integration-test/target/test-dir/MiniOzoneClusterImpl-7cba1fa6-2dbb-4e06-812b-13878fbabfc0/datanode-2/data/ratis/2f62b89f-3017-4063-9c89-417bdcfad16b/current/log_inprogress_0
2022-02-12 02:07:01,982 [5a48ba6f-a30a-4e88-a5d0-329f9f1902a7@group-417BDCFAD16B-LeaderElection12] INFO  server.RaftServer$Division (ServerState.java:setRaftConf(387)) - 5a48ba6f-a30a-4e88-a5d0-329f9f1902a7@group-417BDCFAD16B: set configuration 0: [5a48ba6f-a30a-4e88-a5d0-329f9f1902a7|rpc:10.1.0.17:43193|dataStream:|priority:1, 831f4c06-a3e5-4072-8221-074437d31ede|rpc:10.1.0.17:35933|dataStream:|priority:0, c8eafb60-c0c0-4b5f-973c-db782c2ecca3|rpc:10.1.0.17:39417|dataStream:|priority:0], old=null
2022-02-12 02:07:01,987 [grpc-default-executor-1] INFO  ratis.XceiverServerRatis (XceiverServerRatis.java:handleLeaderChangedNotification(866)) - Leader change notification received for group: group-417BDCFAD16B with new leaderId: 5a48ba6f-a30a-4e88-a5d0-329f9f1902a7
2022-02-12 02:07:01,994 [grpc-default-executor-1] INFO  server.RaftServer$Division (ServerState.java:setLeader(285)) - c8eafb60-c0c0-4b5f-973c-db782c2ecca3@group-417BDCFAD16B: change Leader from null to 5a48ba6f-a30a-4e88-a5d0-329f9f1902a7 at term 3 for appendEntries, leader elected after 15602ms
2022-02-12 02:07:01,993 [grpc-default-executor-2] INFO  ratis.XceiverServerRatis (XceiverServerRatis.java:handleLeaderChangedNotification(866)) - Leader change notification received for group: group-417BDCFAD16B with new leaderId: 5a48ba6f-a30a-4e88-a5d0-329f9f1902a7
2022-02-12 02:07:01,994 [grpc-default-executor-2] INFO  server.RaftServer$Division (ServerState.java:setLeader(285)) - 831f4c06-a3e5-4072-8221-074437d31ede@group-417BDCFAD16B: change Leader from null to 5a48ba6f-a30a-4e88-a5d0-329f9f1902a7 at term 3 for appendEntries, leader elected after 15290ms
2022-02-12 02:07:02,000 [grpc-default-executor-0] INFO  server.RaftServer$Division (ServerState.java:setRaftConf(387)) - c8eafb60-c0c0-4b5f-973c-db782c2ecca3@group-417BDCFAD16B: set configuration 0: [5a48ba6f-a30a-4e88-a5d0-329f9f1902a7|rpc:10.1.0.17:43193|dataStream:|priority:1, 831f4c06-a3e5-4072-8221-074437d31ede|rpc:10.1.0.17:35933|dataStream:|priority:0, c8eafb60-c0c0-4b5f-973c-db782c2ecca3|rpc:10.1.0.17:39417|dataStream:|priority:0], old=null
2022-02-12 02:07:02,001 [grpc-default-executor-2] INFO  server.RaftServer$Division (ServerState.java:setRaftConf(387)) - 831f4c06-a3e5-4072-8221-074437d31ede@group-417BDCFAD16B: set configuration 0: [5a48ba6f-a30a-4e88-a5d0-329f9f1902a7|rpc:10.1.0.17:43193|dataStream:|priority:1, 831f4c06-a3e5-4072-8221-074437d31ede|rpc:10.1.0.17:35933|dataStream:|priority:0, c8eafb60-c0c0-4b5f-973c-db782c2ecca3|rpc:10.1.0.17:39417|dataStream:|priority:0], old=null
2022-02-12 02:07:02,002 [grpc-default-executor-0] INFO  segmented.SegmentedRaftLogWorker (SegmentedRaftLogWorker.java:startLogSegment(394)) - c8eafb60-c0c0-4b5f-973c-db782c2ecca3@group-417BDCFAD16B-SegmentedRaftLogWorker: Starting segment from index:0
2022-02-12 02:07:02,002 [grpc-default-executor-2] INFO  segmented.SegmentedRaftLogWorker (SegmentedRaftLogWorker.java:startLogSegment(394)) - 831f4c06-a3e5-4072-8221-074437d31ede@group-417BDCFAD16B-SegmentedRaftLogWorker: Starting segment from index:0
2022-02-12 02:07:02,003 [831f4c06-a3e5-4072-8221-074437d31ede@group-417BDCFAD16B-SegmentedRaftLogWorker] INFO  segmented.SegmentedRaftLogWorker (SegmentedRaftLogWorker.java:execute(601)) - 831f4c06-a3e5-4072-8221-074437d31ede@group-417BDCFAD16B-SegmentedRaftLogWorker: created new log segment /home/runner/work/ozone/ozone/hadoop-ozone/integration-test/target/test-dir/MiniOzoneClusterImpl-7cba1fa6-2dbb-4e06-812b-13878fbabfc0/datanode-1/data/ratis/2f62b89f-3017-4063-9c89-417bdcfad16b/current/log_inprogress_0
2022-02-12 02:07:02,004 [c8eafb60-c0c0-4b5f-973c-db782c2ecca3@group-417BDCFAD16B-SegmentedRaftLogWorker] INFO  segmented.SegmentedRaftLogWorker (SegmentedRaftLogWorker.java:execute(601)) - c8eafb60-c0c0-4b5f-973c-db782c2ecca3@group-417BDCFAD16B-SegmentedRaftLogWorker: created new log segment /home/runner/work/ozone/ozone/hadoop-ozone/integration-test/target/test-dir/MiniOzoneClusterImpl-7cba1fa6-2dbb-4e06-812b-13878fbabfc0/datanode-0/data/ratis/2f62b89f-3017-4063-9c89-417bdcfad16b/current/log_inprogress_0
2022-02-12 02:07:06,339 [Listener at 127.0.0.1/38559] INFO  ozoneimpl.OzoneContainer (OzoneContainer.java:stop(336)) - Attempting to stop container services.
2022-02-12 02:07:06,341 [ForkJoinPool.commonPool-worker-0] INFO  ozoneimpl.OzoneContainer (OzoneContainer.java:stop(336)) - Attempting to stop container services.
2022-02-12 02:07:06,341 [Listener at 127.0.0.1/38559] INFO  server.RaftServer (RaftServerProxy.java:lambda$close$6(391)) - 831f4c06-a3e5-4072-8221-074437d31ede: close
2022-02-12 02:07:06,341 [Listener at 127.0.0.1/38559] INFO  server.RaftServer$Division (RaftServerImpl.java:lambda$close$4(412)) - 831f4c06-a3e5-4072-8221-074437d31ede@group-7BA2F72955D7: shutdown
2022-02-12 02:07:06,342 [Listener at 127.0.0.1/38559] INFO  util.JmxRegister (JmxRegister.java:unregister(73)) - Successfully un-registered JMX Bean with object name Ratis:service=RaftServer,group=group-7BA2F72955D7,id=831f4c06-a3e5-4072-8221-074437d31ede
2022-02-12 02:07:06,342 [Listener at 127.0.0.1/38559] INFO  impl.RoleInfo (RoleInfo.java:shutdownLeaderState(91)) - 831f4c06-a3e5-4072-8221-074437d31ede: shutdown 831f4c06-a3e5-4072-8221-074437d31ede@group-7BA2F72955D7-LeaderStateImpl
2022-02-12 02:07:06,342 [Listener at 127.0.0.1/38559] INFO  impl.PendingRequests (PendingRequests.java:sendNotLeaderResponses(282)) - 831f4c06-a3e5-4072-8221-074437d31ede@group-7BA2F72955D7-PendingRequests: sendNotLeaderResponses
2022-02-12 02:07:06,343 [Listener at 127.0.0.1/38559] INFO  impl.StateMachineUpdater (StateMachineUpdater.java:stopAndJoin(149)) - 831f4c06-a3e5-4072-8221-074437d31ede@group-7BA2F72955D7-StateMachineUpdater: set stopIndex = 0
2022-02-12 02:07:06,344 [ForkJoinPool.commonPool-worker-0] INFO  server.RaftServer (RaftServerProxy.java:lambda$close$6(391)) - c8eafb60-c0c0-4b5f-973c-db782c2ecca3: close
2022-02-12 02:07:06,343 [831f4c06-a3e5-4072-8221-074437d31ede@group-7BA2F72955D7-StateMachineUpdater] INFO  ratis.ContainerStateMachine (ContainerStateMachine.java:takeSnapshot(299)) - group-7BA2F72955D7: Taking a snapshot at:(t:1, i:0) file /home/runner/work/ozone/ozone/hadoop-ozone/integration-test/target/test-dir/MiniOzoneClusterImpl-7cba1fa6-2dbb-4e06-812b-13878fbabfc0/datanode-1/data/ratis/1961c442-7211-4d70-8c3e-7ba2f72955d7/sm/snapshot.1_0
2022-02-12 02:07:06,345 [ForkJoinPool.commonPool-worker-0] INFO  server.RaftServer$Division (RaftServerImpl.java:lambda$close$4(412)) - c8eafb60-c0c0-4b5f-973c-db782c2ecca3@group-8C9DE99576F4: shutdown
2022-02-12 02:07:06,345 [ForkJoinPool.commonPool-worker-0] INFO  util.JmxRegister (JmxRegister.java:unregister(73)) - Successfully un-registered JMX Bean with object name Ratis:service=RaftServer,group=group-8C9DE99576F4,id=c8eafb60-c0c0-4b5f-973c-db782c2ecca3
2022-02-12 02:07:06,345 [ForkJoinPool.commonPool-worker-0] INFO  impl.RoleInfo (RoleInfo.java:shutdownFollowerState(108)) - c8eafb60-c0c0-4b5f-973c-db782c2ecca3: shutdown c8eafb60-c0c0-4b5f-973c-db782c2ecca3@group-8C9DE99576F4-FollowerState
2022-02-12 02:07:06,345 [ForkJoinPool.commonPool-worker-0] INFO  impl.StateMachineUpdater (StateMachineUpdater.java:stopAndJoin(149)) - c8eafb60-c0c0-4b5f-973c-db782c2ecca3@group-8C9DE99576F4-StateMachineUpdater: set stopIndex = 27
2022-02-12 02:07:06,346 [c8eafb60-c0c0-4b5f-973c-db782c2ecca3@group-8C9DE99576F4-StateMachineUpdater] INFO  ratis.ContainerStateMachine (ContainerStateMachine.java:takeSnapshot(299)) - group-8C9DE99576F4: Taking a snapshot at:(t:1, i:27) file /home/runner/work/ozone/ozone/hadoop-ozone/integration-test/target/test-dir/MiniOzoneClusterImpl-7cba1fa6-2dbb-4e06-812b-13878fbabfc0/datanode-0/data/ratis/7ad554ac-6e03-4651-9585-8c9de99576f4/sm/snapshot.1_27
2022-02-12 02:07:06,346 [c8eafb60-c0c0-4b5f-973c-db782c2ecca3@group-8C9DE99576F4-FollowerState] INFO  impl.FollowerState (FollowerState.java:run(143)) - c8eafb60-c0c0-4b5f-973c-db782c2ecca3@group-8C9DE99576F4-FollowerState was interrupted: {}
java.lang.InterruptedException: sleep interrupted
	at java.lang.Thread.sleep(Native Method)
	at java.lang.Thread.sleep(Thread.java:340)
	at java.util.concurrent.TimeUnit.sleep(TimeUnit.java:386)
	at org.apache.ratis.util.TimeDuration.sleep(TimeDuration.java:324)
	at org.apache.ratis.util.TimeDuration.sleep(TimeDuration.java:309)
	at org.apache.ratis.server.impl.FollowerState.run(FollowerState.java:118)
2022-02-12 02:07:06,376 [831f4c06-a3e5-4072-8221-074437d31ede@group-7BA2F72955D7-StateMachineUpdater] INFO  ratis.ContainerStateMachine (ContainerStateMachine.java:takeSnapshot(310)) - group-7BA2F72955D7: Finished taking a snapshot at:(t:1, i:0) file:/home/runner/work/ozone/ozone/hadoop-ozone/integration-test/target/test-dir/MiniOzoneClusterImpl-7cba1fa6-2dbb-4e06-812b-13878fbabfc0/datanode-1/data/ratis/1961c442-7211-4d70-8c3e-7ba2f72955d7/sm/snapshot.1_0 took: 33 ms
2022-02-12 02:07:06,377 [831f4c06-a3e5-4072-8221-074437d31ede@group-7BA2F72955D7-StateMachineUpdater] INFO  impl.StateMachineUpdater (StateMachineUpdater.java:takeSnapshot(281)) - 831f4c06-a3e5-4072-8221-074437d31ede@group-7BA2F72955D7-StateMachineUpdater: Took a snapshot at index 0
2022-02-12 02:07:06,378 [831f4c06-a3e5-4072-8221-074437d31ede@group-7BA2F72955D7-StateMachineUpdater] INFO  impl.StateMachineUpdater (StateMachineUpdater.java:lambda$new$0(89)) - 831f4c06-a3e5-4072-8221-074437d31ede@group-7BA2F72955D7-StateMachineUpdater: snapshotIndex: updateIncreasingly -1 -> 0
2022-02-12 02:07:06,378 [Listener at 127.0.0.1/38559] INFO  server.RaftServer$Division (ServerState.java:close(419)) - 831f4c06-a3e5-4072-8221-074437d31ede@group-7BA2F72955D7: closes. applyIndex: 0
2022-02-12 02:07:06,378 [831f4c06-a3e5-4072-8221-074437d31ede@group-7BA2F72955D7-SegmentedRaftLogWorker] INFO  segmented.SegmentedRaftLogWorker (SegmentedRaftLogWorker.java:run(327)) - 831f4c06-a3e5-4072-8221-074437d31ede@group-7BA2F72955D7-SegmentedRaftLogWorker was interrupted, exiting. There are 0 tasks remaining in the queue.
2022-02-12 02:07:06,378 [Listener at 127.0.0.1/38559] INFO  segmented.SegmentedRaftLogWorker (SegmentedRaftLogWorker.java:close(237)) - 831f4c06-a3e5-4072-8221-074437d31ede@group-7BA2F72955D7-SegmentedRaftLogWorker close()
2022-02-12 02:07:06,379 [Listener at 127.0.0.1/38559] INFO  server.RaftServer$Division (RaftServerImpl.java:lambda$close$4(412)) - 831f4c06-a3e5-4072-8221-074437d31ede@group-8C9DE99576F4: shutdown
2022-02-12 02:07:06,380 [Listener at 127.0.0.1/38559] INFO  util.JmxRegister (JmxRegister.java:unregister(73)) - Successfully un-registered JMX Bean with object name Ratis:service=RaftServer,group=group-8C9DE99576F4,id=831f4c06-a3e5-4072-8221-074437d31ede
2022-02-12 02:07:06,380 [Listener at 127.0.0.1/38559] INFO  impl.RoleInfo (RoleInfo.java:shutdownLeaderState(91)) - 831f4c06-a3e5-4072-8221-074437d31ede: shutdown 831f4c06-a3e5-4072-8221-074437d31ede@group-8C9DE99576F4-LeaderStateImpl
2022-02-12 02:07:06,380 [Listener at 127.0.0.1/38559] INFO  impl.PendingRequests (PendingRequests.java:sendNotLeaderResponses(282)) - 831f4c06-a3e5-4072-8221-074437d31ede@group-8C9DE99576F4-PendingRequests: sendNotLeaderResponses
2022-02-12 02:07:06,383 [c8eafb60-c0c0-4b5f-973c-db782c2ecca3@group-8C9DE99576F4-StateMachineUpdater] INFO  ratis.ContainerStateMachine (ContainerStateMachine.java:takeSnapshot(310)) - group-8C9DE99576F4: Finished taking a snapshot at:(t:1, i:27) file:/home/runner/work/ozone/ozone/hadoop-ozone/integration-test/target/test-dir/MiniOzoneClusterImpl-7cba1fa6-2dbb-4e06-812b-13878fbabfc0/datanode-0/data/ratis/7ad554ac-6e03-4651-9585-8c9de99576f4/sm/snapshot.1_27 took: 37 ms
2022-02-12 02:07:06,380 [831f4c06-a3e5-4072-8221-074437d31ede@group-8C9DE99576F4->c8eafb60-c0c0-4b5f-973c-db782c2ecca3-GrpcLogAppender-LogAppenderDaemon] WARN  server.GrpcLogAppender (GrpcLogAppender.java:mayWait(177)) - 831f4c06-a3e5-4072-8221-074437d31ede@group-8C9DE99576F4->c8eafb60-c0c0-4b5f-973c-db782c2ecca3-GrpcLogAppender: Wait interrupted by java.lang.InterruptedException
2022-02-12 02:07:06,387 [c8eafb60-c0c0-4b5f-973c-db782c2ecca3@group-8C9DE99576F4-StateMachineUpdater] INFO  impl.StateMachineUpdater (StateMachineUpdater.java:takeSnapshot(281)) - c8eafb60-c0c0-4b5f-973c-db782c2ecca3@group-8C9DE99576F4-StateMachineUpdater: Took a snapshot at index 27
2022-02-12 02:07:06,387 [c8eafb60-c0c0-4b5f-973c-db782c2ecca3@group-8C9DE99576F4-StateMachineUpdater] INFO  impl.StateMachineUpdater (StateMachineUpdater.java:lambda$new$0(89)) - c8eafb60-c0c0-4b5f-973c-db782c2ecca3@group-8C9DE99576F4-StateMachineUpdater: snapshotIndex: updateIncreasingly -1 -> 27
2022-02-12 02:07:06,380 [831f4c06-a3e5-4072-8221-074437d31ede@group-8C9DE99576F4->5a48ba6f-a30a-4e88-a5d0-329f9f1902a7-GrpcLogAppender-LogAppenderDaemon] WARN  server.GrpcLogAppender (GrpcLogAppender.java:mayWait(177)) - 831f4c06-a3e5-4072-8221-074437d31ede@group-8C9DE99576F4->5a48ba6f-a30a-4e88-a5d0-329f9f1902a7-GrpcLogAppender: Wait interrupted by java.lang.InterruptedException
2022-02-12 02:07:06,390 [grpc-default-executor-2] INFO  server.GrpcServerProtocolService (GrpcServerProtocolService.java:onCompleted(140)) - c8eafb60-c0c0-4b5f-973c-db782c2ecca3: Completed APPEND_ENTRIES, lastRequest: 831f4c06-a3e5-4072-8221-074437d31ede->c8eafb60-c0c0-4b5f-973c-db782c2ecca3#300-t1,previous=(t:1, i:26),leaderCommit=25,initializing? true,entries: size=1, first=(t:1, i:27), METADATAENTRY(c:25)
2022-02-12 02:07:06,391 [grpc-default-executor-0] INFO  server.GrpcServerProtocolService (GrpcServerProtocolService.java:onCompleted(140)) - 5a48ba6f-a30a-4e88-a5d0-329f9f1902a7: Completed APPEND_ENTRIES, lastRequest: 831f4c06-a3e5-4072-8221-074437d31ede->5a48ba6f-a30a-4e88-a5d0-329f9f1902a7#294-t1,previous=(t:1, i:26),leaderCommit=25,initializing? true,entries: size=1, first=(t:1, i:27), METADATAENTRY(c:25)
2022-02-12 02:07:06,392 [Listener at 127.0.0.1/38559] INFO  impl.StateMachineUpdater (StateMachineUpdater.java:stopAndJoin(149)) - 831f4c06-a3e5-4072-8221-074437d31ede@group-8C9DE99576F4-StateMachineUpdater: set stopIndex = 27
2022-02-12 02:07:06,392 [831f4c06-a3e5-4072-8221-074437d31ede@group-8C9DE99576F4-StateMachineUpdater] INFO  ratis.ContainerStateMachine (ContainerStateMachine.java:takeSnapshot(299)) - group-8C9DE99576F4: Taking a snapshot at:(t:1, i:27) file /home/runner/work/ozone/ozone/hadoop-ozone/integration-test/target/test-dir/MiniOzoneClusterImpl-7cba1fa6-2dbb-4e06-812b-13878fbabfc0/datanode-1/data/ratis/7ad554ac-6e03-4651-9585-8c9de99576f4/sm/snapshot.1_27
2022-02-12 02:07:06,393 [831f4c06-a3e5-4072-8221-074437d31ede@group-8C9DE99576F4-StateMachineUpdater] INFO  ratis.ContainerStateMachine (ContainerStateMachine.java:takeSnapshot(310)) - group-8C9DE99576F4: Finished taking a snapshot at:(t:1, i:27) file:/home/runner/work/ozone/ozone/hadoop-ozone/integration-test/target/test-dir/MiniOzoneClusterImpl-7cba1fa6-2dbb-4e06-812b-13878fbabfc0/datanode-1/data/ratis/7ad554ac-6e03-4651-9585-8c9de99576f4/sm/snapshot.1_27 took: 0 ms
2022-02-12 02:07:06,393 [831f4c06-a3e5-4072-8221-074437d31ede@group-8C9DE99576F4-StateMachineUpdater] INFO  impl.StateMachineUpdater (StateMachineUpdater.java:takeSnapshot(281)) - 831f4c06-a3e5-4072-8221-074437d31ede@group-8C9DE99576F4-StateMachineUpdater: Took a snapshot at index 27
2022-02-12 02:07:06,393 [831f4c06-a3e5-4072-8221-074437d31ede@group-8C9DE99576F4-StateMachineUpdater] INFO  impl.StateMachineUpdater (StateMachineUpdater.java:lambda$new$0(89)) - 831f4c06-a3e5-4072-8221-074437d31ede@group-8C9DE99576F4-StateMachineUpdater: snapshotIndex: updateIncreasingly -1 -> 27
2022-02-12 02:07:06,396 [grpc-default-executor-2] INFO  server.GrpcLogAppender (GrpcLogAppender.java:onCompleted(346)) - 831f4c06-a3e5-4072-8221-074437d31ede@group-8C9DE99576F4->5a48ba6f-a30a-4e88-a5d0-329f9f1902a7-AppendLogResponseHandler: follower responses appendEntries COMPLETED
2022-02-12 02:07:06,396 [Listener at 127.0.0.1/38559] INFO  server.RaftServer$Division (ServerState.java:close(419)) - 831f4c06-a3e5-4072-8221-074437d31ede@group-8C9DE99576F4: closes. applyIndex: 27
2022-02-12 02:07:06,397 [831f4c06-a3e5-4072-8221-074437d31ede@group-8C9DE99576F4-SegmentedRaftLogWorker] INFO  segmented.SegmentedRaftLogWorker (SegmentedRaftLogWorker.java:run(327)) - 831f4c06-a3e5-4072-8221-074437d31ede@group-8C9DE99576F4-SegmentedRaftLogWorker was interrupted, exiting. There are 0 tasks remaining in the queue.
2022-02-12 02:07:06,400 [grpc-default-executor-2] INFO  leader.FollowerInfo (FollowerInfoImpl.java:lambda$new$0(47)) - 831f4c06-a3e5-4072-8221-074437d31ede@group-8C9DE99576F4->5a48ba6f-a30a-4e88-a5d0-329f9f1902a7: nextIndex: updateUnconditionally 28 -> 27
2022-02-12 02:07:06,400 [grpc-default-executor-3] INFO  server.GrpcLogAppender (GrpcLogAppender.java:onCompleted(346)) - 831f4c06-a3e5-4072-8221-074437d31ede@group-8C9DE99576F4->c8eafb60-c0c0-4b5f-973c-db782c2ecca3-AppendLogResponseHandler: follower responses appendEntries COMPLETED
2022-02-12 02:07:06,402 [Listener at 127.0.0.1/38559] INFO  segmented.SegmentedRaftLogWorker (SegmentedRaftLogWorker.java:close(237)) - 831f4c06-a3e5-4072-8221-074437d31ede@group-8C9DE99576F4-SegmentedRaftLogWorker close()
2022-02-12 02:07:06,401 [grpc-default-executor-3] INFO  leader.FollowerInfo (FollowerInfoImpl.java:lambda$new$0(47)) - 831f4c06-a3e5-4072-8221-074437d31ede@group-8C9DE99576F4->c8eafb60-c0c0-4b5f-973c-db782c2ecca3: nextIndex: updateUnconditionally 28 -> 27
2022-02-12 02:07:06,403 [Listener at 127.0.0.1/38559] INFO  server.RaftServer$Division (RaftServerImpl.java:lambda$close$4(412)) - 831f4c06-a3e5-4072-8221-074437d31ede@group-417BDCFAD16B: shutdown
2022-02-12 02:07:06,403 [Listener at 127.0.0.1/38559] INFO  util.JmxRegister (JmxRegister.java:unregister(73)) - Successfully un-registered JMX Bean with object name Ratis:service=RaftServer,group=group-417BDCFAD16B,id=831f4c06-a3e5-4072-8221-074437d31ede
2022-02-12 02:07:06,403 [Listener at 127.0.0.1/38559] INFO  impl.RoleInfo (RoleInfo.java:shutdownFollowerState(108)) - 831f4c06-a3e5-4072-8221-074437d31ede: shutdown 831f4c06-a3e5-4072-8221-074437d31ede@group-417BDCFAD16B-FollowerState
2022-02-12 02:07:06,403 [Listener at 127.0.0.1/38559] INFO  impl.StateMachineUpdater (StateMachineUpdater.java:stopAndJoin(149)) - 831f4c06-a3e5-4072-8221-074437d31ede@group-417BDCFAD16B-StateMachineUpdater: set stopIndex = 0
2022-02-12 02:07:06,404 [831f4c06-a3e5-4072-8221-074437d31ede@group-417BDCFAD16B-StateMachineUpdater] INFO  ratis.ContainerStateMachine (ContainerStateMachine.java:takeSnapshot(299)) - group-417BDCFAD16B: Taking a snapshot at:(t:3, i:0) file /home/runner/work/ozone/ozone/hadoop-ozone/integration-test/target/test-dir/MiniOzoneClusterImpl-7cba1fa6-2dbb-4e06-812b-13878fbabfc0/datanode-1/data/ratis/2f62b89f-3017-4063-9c89-417bdcfad16b/sm/snapshot.3_0
2022-02-12 02:07:06,403 [ForkJoinPool.commonPool-worker-0] INFO  server.RaftServer$Division (ServerState.java:close(419)) - c8eafb60-c0c0-4b5f-973c-db782c2ecca3@group-8C9DE99576F4: closes. applyIndex: 27
2022-02-12 02:07:06,403 [831f4c06-a3e5-4072-8221-074437d31ede@group-417BDCFAD16B-FollowerState] INFO  impl.FollowerState (FollowerState.java:run(143)) - 831f4c06-a3e5-4072-8221-074437d31ede@group-417BDCFAD16B-FollowerState was interrupted: {}
java.lang.InterruptedException: sleep interrupted
	at java.lang.Thread.sleep(Native Method)
	at java.lang.Thread.sleep(Thread.java:340)
	at java.util.concurrent.TimeUnit.sleep(TimeUnit.java:386)
	at org.apache.ratis.util.TimeDuration.sleep(TimeDuration.java:324)
	at org.apache.ratis.util.TimeDuration.sleep(TimeDuration.java:309)
	at org.apache.ratis.server.impl.FollowerState.run(FollowerState.java:118)
2022-02-12 02:07:06,404 [c8eafb60-c0c0-4b5f-973c-db782c2ecca3@group-8C9DE99576F4-SegmentedRaftLogWorker] INFO  segmented.SegmentedRaftLogWorker (SegmentedRaftLogWorker.java:run(327)) - c8eafb60-c0c0-4b5f-973c-db782c2ecca3@group-8C9DE99576F4-SegmentedRaftLogWorker was interrupted, exiting. There are 0 tasks remaining in the queue.
2022-02-12 02:07:06,405 [831f4c06-a3e5-4072-8221-074437d31ede@group-417BDCFAD16B-StateMachineUpdater] INFO  ratis.ContainerStateMachine (ContainerStateMachine.java:takeSnapshot(310)) - group-417BDCFAD16B: Finished taking a snapshot at:(t:3, i:0) file:/home/runner/work/ozone/ozone/hadoop-ozone/integration-test/target/test-dir/MiniOzoneClusterImpl-7cba1fa6-2dbb-4e06-812b-13878fbabfc0/datanode-1/data/ratis/2f62b89f-3017-4063-9c89-417bdcfad16b/sm/snapshot.3_0 took: 1 ms
2022-02-12 02:07:06,405 [831f4c06-a3e5-4072-8221-074437d31ede@group-417BDCFAD16B-StateMachineUpdater] INFO  impl.StateMachineUpdater (StateMachineUpdater.java:takeSnapshot(281)) - 831f4c06-a3e5-4072-8221-074437d31ede@group-417BDCFAD16B-StateMachineUpdater: Took a snapshot at index 0
2022-02-12 02:07:06,405 [831f4c06-a3e5-4072-8221-074437d31ede@group-417BDCFAD16B-StateMachineUpdater] INFO  impl.StateMachineUpdater (StateMachineUpdater.java:lambda$new$0(89)) - 831f4c06-a3e5-4072-8221-074437d31ede@group-417BDCFAD16B-StateMachineUpdater: snapshotIndex: updateIncreasingly -1 -> 0
2022-02-12 02:07:06,405 [Listener at 127.0.0.1/38559] INFO  server.RaftServer$Division (ServerState.java:close(419)) - 831f4c06-a3e5-4072-8221-074437d31ede@group-417BDCFAD16B: closes. applyIndex: 0
2022-02-12 02:07:06,405 [831f4c06-a3e5-4072-8221-074437d31ede@group-417BDCFAD16B-SegmentedRaftLogWorker] INFO  segmented.SegmentedRaftLogWorker (SegmentedRaftLogWorker.java:run(327)) - 831f4c06-a3e5-4072-8221-074437d31ede@group-417BDCFAD16B-SegmentedRaftLogWorker was interrupted, exiting. There are 0 tasks remaining in the queue.
2022-02-12 02:07:06,410 [ForkJoinPool.commonPool-worker-0] INFO  segmented.SegmentedRaftLogWorker (SegmentedRaftLogWorker.java:close(237)) - c8eafb60-c0c0-4b5f-973c-db782c2ecca3@group-8C9DE99576F4-SegmentedRaftLogWorker close()
2022-02-12 02:07:06,410 [Listener at 127.0.0.1/38559] INFO  segmented.SegmentedRaftLogWorker (SegmentedRaftLogWorker.java:close(237)) - 831f4c06-a3e5-4072-8221-074437d31ede@group-417BDCFAD16B-SegmentedRaftLogWorker close()
2022-02-12 02:07:06,411 [ForkJoinPool.commonPool-worker-0] INFO  server.RaftServer$Division (RaftServerImpl.java:lambda$close$4(412)) - c8eafb60-c0c0-4b5f-973c-db782c2ecca3@group-417BDCFAD16B: shutdown
2022-02-12 02:07:06,411 [ForkJoinPool.commonPool-worker-0] INFO  util.JmxRegister (JmxRegister.java:unregister(73)) - Successfully un-registered JMX Bean with object name Ratis:service=RaftServer,group=group-417BDCFAD16B,id=c8eafb60-c0c0-4b5f-973c-db782c2ecca3
2022-02-12 02:07:06,411 [ForkJoinPool.commonPool-worker-0] INFO  impl.RoleInfo (RoleInfo.java:shutdownFollowerState(108)) - c8eafb60-c0c0-4b5f-973c-db782c2ecca3: shutdown c8eafb60-c0c0-4b5f-973c-db782c2ecca3@group-417BDCFAD16B-FollowerState
2022-02-12 02:07:06,411 [ForkJoinPool.commonPool-worker-0] INFO  impl.StateMachineUpdater (StateMachineUpdater.java:stopAndJoin(149)) - c8eafb60-c0c0-4b5f-973c-db782c2ecca3@group-417BDCFAD16B-StateMachineUpdater: set stopIndex = 0
2022-02-12 02:07:06,411 [c8eafb60-c0c0-4b5f-973c-db782c2ecca3@group-417BDCFAD16B-FollowerState] INFO  impl.FollowerState (FollowerState.java:run(143)) - c8eafb60-c0c0-4b5f-973c-db782c2ecca3@group-417BDCFAD16B-FollowerState was interrupted: {}
java.lang.InterruptedException: sleep interrupted
	at java.lang.Thread.sleep(Native Method)
	at java.lang.Thread.sleep(Thread.java:340)
	at java.util.concurrent.TimeUnit.sleep(TimeUnit.java:386)
	at org.apache.ratis.util.TimeDuration.sleep(TimeDuration.java:324)
	at org.apache.ratis.util.TimeDuration.sleep(TimeDuration.java:309)
	at org.apache.ratis.server.impl.FollowerState.run(FollowerState.java:118)
2022-02-12 02:07:06,411 [c8eafb60-c0c0-4b5f-973c-db782c2ecca3@group-417BDCFAD16B-StateMachineUpdater] INFO  ratis.ContainerStateMachine (ContainerStateMachine.java:takeSnapshot(299)) - group-417BDCFAD16B: Taking a snapshot at:(t:3, i:0) file /home/runner/work/ozone/ozone/hadoop-ozone/integration-test/target/test-dir/MiniOzoneClusterImpl-7cba1fa6-2dbb-4e06-812b-13878fbabfc0/datanode-0/data/ratis/2f62b89f-3017-4063-9c89-417bdcfad16b/sm/snapshot.3_0
2022-02-12 02:07:06,412 [Listener at 127.0.0.1/38559] INFO  server.GrpcService (GrpcService.java:closeImpl(262)) - 831f4c06-a3e5-4072-8221-074437d31ede: shutdown server with port 35933 now
2022-02-12 02:07:06,414 [c8eafb60-c0c0-4b5f-973c-db782c2ecca3@group-417BDCFAD16B-StateMachineUpdater] INFO  ratis.ContainerStateMachine (ContainerStateMachine.java:takeSnapshot(310)) - group-417BDCFAD16B: Finished taking a snapshot at:(t:3, i:0) file:/home/runner/work/ozone/ozone/hadoop-ozone/integration-test/target/test-dir/MiniOzoneClusterImpl-7cba1fa6-2dbb-4e06-812b-13878fbabfc0/datanode-0/data/ratis/2f62b89f-3017-4063-9c89-417bdcfad16b/sm/snapshot.3_0 took: 3 ms
2022-02-12 02:07:06,415 [c8eafb60-c0c0-4b5f-973c-db782c2ecca3@group-417BDCFAD16B-StateMachineUpdater] INFO  impl.StateMachineUpdater (StateMachineUpdater.java:takeSnapshot(281)) - c8eafb60-c0c0-4b5f-973c-db782c2ecca3@group-417BDCFAD16B-StateMachineUpdater: Took a snapshot at index 0
2022-02-12 02:07:06,415 [c8eafb60-c0c0-4b5f-973c-db782c2ecca3@group-417BDCFAD16B-StateMachineUpdater] INFO  impl.StateMachineUpdater (StateMachineUpdater.java:lambda$new$0(89)) - c8eafb60-c0c0-4b5f-973c-db782c2ecca3@group-417BDCFAD16B-StateMachineUpdater: snapshotIndex: updateIncreasingly -1 -> 0
2022-02-12 02:07:06,416 [ForkJoinPool.commonPool-worker-0] INFO  server.RaftServer$Division (ServerState.java:close(419)) - c8eafb60-c0c0-4b5f-973c-db782c2ecca3@group-417BDCFAD16B: closes. applyIndex: 0
2022-02-12 02:07:06,416 [c8eafb60-c0c0-4b5f-973c-db782c2ecca3@group-417BDCFAD16B-SegmentedRaftLogWorker] INFO  segmented.SegmentedRaftLogWorker (SegmentedRaftLogWorker.java:run(327)) - c8eafb60-c0c0-4b5f-973c-db782c2ecca3@group-417BDCFAD16B-SegmentedRaftLogWorker was interrupted, exiting. There are 0 tasks remaining in the queue.
2022-02-12 02:07:06,422 [grpc-default-executor-2] WARN  client.GrpcClientProtocolService (LogUtils.java:warn(122)) - 1-UnorderedRequestStreamObserver1: onError: org.apache.ratis.thirdparty.io.grpc.StatusRuntimeException: CANCELLED: client cancelled
2022-02-12 02:07:06,425 [grpc-default-executor-0] WARN  server.GrpcServerProtocolService (LogUtils.java:warn(122)) - 831f4c06-a3e5-4072-8221-074437d31ede: installSnapshot onError, lastRequest: 5a48ba6f-a30a-4e88-a5d0-329f9f1902a7->831f4c06-a3e5-4072-8221-074437d31ede#1-t3,previous=(t:0, i:0),leaderCommit=-1,initializing? true,entries: size=1, first=(t:3, i:0), CONFIGURATIONENTRY: org.apache.ratis.thirdparty.io.grpc.StatusRuntimeException: CANCELLED: client cancelled
2022-02-12 02:07:06,426 [ForkJoinPool.commonPool-worker-0] INFO  segmented.SegmentedRaftLogWorker (SegmentedRaftLogWorker.java:close(237)) - c8eafb60-c0c0-4b5f-973c-db782c2ecca3@group-417BDCFAD16B-SegmentedRaftLogWorker close()
2022-02-12 02:07:06,428 [ForkJoinPool.commonPool-worker-0] INFO  server.RaftServer$Division (RaftServerImpl.java:lambda$close$4(412)) - c8eafb60-c0c0-4b5f-973c-db782c2ecca3@group-1C61FDDADAE5: shutdown
2022-02-12 02:07:06,428 [ForkJoinPool.commonPool-worker-0] INFO  util.JmxRegister (JmxRegister.java:unregister(73)) - Successfully un-registered JMX Bean with object name Ratis:service=RaftServer,group=group-1C61FDDADAE5,id=c8eafb60-c0c0-4b5f-973c-db782c2ecca3
2022-02-12 02:07:06,428 [ForkJoinPool.commonPool-worker-0] INFO  impl.RoleInfo (RoleInfo.java:shutdownLeaderState(91)) - c8eafb60-c0c0-4b5f-973c-db782c2ecca3: shutdown c8eafb60-c0c0-4b5f-973c-db782c2ecca3@group-1C61FDDADAE5-LeaderStateImpl
2022-02-12 02:07:06,428 [ForkJoinPool.commonPool-worker-0] INFO  impl.PendingRequests (PendingRequests.java:sendNotLeaderResponses(282)) - c8eafb60-c0c0-4b5f-973c-db782c2ecca3@group-1C61FDDADAE5-PendingRequests: sendNotLeaderResponses
2022-02-12 02:07:06,429 [c8eafb60-c0c0-4b5f-973c-db782c2ecca3@group-1C61FDDADAE5-StateMachineUpdater] INFO  ratis.ContainerStateMachine (ContainerStateMachine.java:takeSnapshot(299)) - group-1C61FDDADAE5: Taking a snapshot at:(t:1, i:0) file /home/runner/work/ozone/ozone/hadoop-ozone/integration-test/target/test-dir/MiniOzoneClusterImpl-7cba1fa6-2dbb-4e06-812b-13878fbabfc0/datanode-0/data/ratis/d7bd98f9-3a13-435e-816a-1c61fddadae5/sm/snapshot.1_0
2022-02-12 02:07:06,429 [ForkJoinPool.commonPool-worker-0] INFO  impl.StateMachineUpdater (StateMachineUpdater.java:stopAndJoin(149)) - c8eafb60-c0c0-4b5f-973c-db782c2ecca3@group-1C61FDDADAE5-StateMachineUpdater: set stopIndex = 0
2022-02-12 02:07:06,430 [c8eafb60-c0c0-4b5f-973c-db782c2ecca3@group-1C61FDDADAE5-StateMachineUpdater] INFO  ratis.ContainerStateMachine (ContainerStateMachine.java:takeSnapshot(310)) - group-1C61FDDADAE5: Finished taking a snapshot at:(t:1, i:0) file:/home/runner/work/ozone/ozone/hadoop-ozone/integration-test/target/test-dir/MiniOzoneClusterImpl-7cba1fa6-2dbb-4e06-812b-13878fbabfc0/datanode-0/data/ratis/d7bd98f9-3a13-435e-816a-1c61fddadae5/sm/snapshot.1_0 took: 0 ms
2022-02-12 02:07:06,430 [c8eafb60-c0c0-4b5f-973c-db782c2ecca3@group-1C61FDDADAE5-StateMachineUpdater] INFO  impl.StateMachineUpdater (StateMachineUpdater.java:takeSnapshot(281)) - c8eafb60-c0c0-4b5f-973c-db782c2ecca3@group-1C61FDDADAE5-StateMachineUpdater: Took a snapshot at index 0
2022-02-12 02:07:06,430 [c8eafb60-c0c0-4b5f-973c-db782c2ecca3@group-1C61FDDADAE5-StateMachineUpdater] INFO  impl.StateMachineUpdater (StateMachineUpdater.java:lambda$new$0(89)) - c8eafb60-c0c0-4b5f-973c-db782c2ecca3@group-1C61FDDADAE5-StateMachineUpdater: snapshotIndex: updateIncreasingly -1 -> 0
2022-02-12 02:07:06,430 [ForkJoinPool.commonPool-worker-0] INFO  server.RaftServer$Division (ServerState.java:close(419)) - c8eafb60-c0c0-4b5f-973c-db782c2ecca3@group-1C61FDDADAE5: closes. applyIndex: 0
2022-02-12 02:07:06,430 [c8eafb60-c0c0-4b5f-973c-db782c2ecca3@group-1C61FDDADAE5-SegmentedRaftLogWorker] INFO  segmented.SegmentedRaftLogWorker (SegmentedRaftLogWorker.java:run(327)) - c8eafb60-c0c0-4b5f-973c-db782c2ecca3@group-1C61FDDADAE5-SegmentedRaftLogWorker was interrupted, exiting. There are 0 tasks remaining in the queue.
2022-02-12 02:07:06,431 [ForkJoinPool.commonPool-worker-0] INFO  segmented.SegmentedRaftLogWorker (SegmentedRaftLogWorker.java:close(237)) - c8eafb60-c0c0-4b5f-973c-db782c2ecca3@group-1C61FDDADAE5-SegmentedRaftLogWorker close()
2022-02-12 02:07:06,432 [ForkJoinPool.commonPool-worker-0] INFO  server.GrpcService (GrpcService.java:closeImpl(262)) - c8eafb60-c0c0-4b5f-973c-db782c2ecca3: shutdown server with port 39417 now
2022-02-12 02:07:06,433 [Listener at 127.0.0.1/38559] INFO  server.GrpcService (GrpcService.java:closeImpl(271)) - 831f4c06-a3e5-4072-8221-074437d31ede: shutdown server with port 35933 successfully
2022-02-12 02:07:06,433 [org.apache.ratis.util.JvmPauseMonitor$$Lambda$421/534662976@430d2704] INFO  util.JvmPauseMonitor (JvmPauseMonitor.java:run(109)) - JvmPauseMonitor-831f4c06-a3e5-4072-8221-074437d31ede: Stopped
2022-02-12 02:07:06,435 [grpc-default-executor-3] WARN  server.GrpcServerProtocolService (LogUtils.java:warn(122)) - c8eafb60-c0c0-4b5f-973c-db782c2ecca3: installSnapshot onError, lastRequest: 5a48ba6f-a30a-4e88-a5d0-329f9f1902a7->c8eafb60-c0c0-4b5f-973c-db782c2ecca3#1-t3,previous=(t:0, i:0),leaderCommit=-1,initializing? true,entries: size=1, first=(t:3, i:0), CONFIGURATIONENTRY: org.apache.ratis.thirdparty.io.grpc.StatusRuntimeException: CANCELLED: client cancelled
2022-02-12 02:07:06,435 [grpc-default-executor-2] WARN  server.GrpcLogAppender (LogUtils.java:warn(122)) - 5a48ba6f-a30a-4e88-a5d0-329f9f1902a7@group-417BDCFAD16B->c8eafb60-c0c0-4b5f-973c-db782c2ecca3-AppendLogResponseHandler: Failed appendEntries: org.apache.ratis.thirdparty.io.grpc.StatusRuntimeException: CANCELLED: HTTP/2 error code: CANCEL
Received Rst Stream
2022-02-12 02:07:06,435 [grpc-default-executor-2] WARN  server.GrpcLogAppender (GrpcLogAppender.java:resetClient(110)) - 5a48ba6f-a30a-4e88-a5d0-329f9f1902a7@group-417BDCFAD16B->c8eafb60-c0c0-4b5f-973c-db782c2ecca3-GrpcLogAppender: Leader has not got in touch with Follower 5a48ba6f-a30a-4e88-a5d0-329f9f1902a7@group-417BDCFAD16B->c8eafb60-c0c0-4b5f-973c-db782c2ecca3(c0,m0,n1, attendVote=true, lastRpcSendTime=1908, lastRpcResponseTime=1906) yet, just keep nextIndex unchanged and retry.
2022-02-12 02:07:06,437 [grpc-default-executor-2] WARN  server.GrpcLogAppender (LogUtils.java:warn(122)) - 5a48ba6f-a30a-4e88-a5d0-329f9f1902a7@group-417BDCFAD16B->831f4c06-a3e5-4072-8221-074437d31ede-AppendLogResponseHandler: Failed appendEntries: org.apache.ratis.thirdparty.io.grpc.StatusRuntimeException: CANCELLED: HTTP/2 error code: CANCEL
Received Rst Stream
2022-02-12 02:07:06,437 [grpc-default-executor-2] WARN  server.GrpcLogAppender (GrpcLogAppender.java:resetClient(110)) - 5a48ba6f-a30a-4e88-a5d0-329f9f1902a7@group-417BDCFAD16B->831f4c06-a3e5-4072-8221-074437d31ede-GrpcLogAppender: Leader has not got in touch with Follower 5a48ba6f-a30a-4e88-a5d0-329f9f1902a7@group-417BDCFAD16B->831f4c06-a3e5-4072-8221-074437d31ede(c0,m0,n1, attendVote=true, lastRpcSendTime=1907, lastRpcResponseTime=1906) yet, just keep nextIndex unchanged and retry.
2022-02-12 02:07:06,439 [ForkJoinPool.commonPool-worker-0] INFO  server.GrpcService (GrpcService.java:closeImpl(271)) - c8eafb60-c0c0-4b5f-973c-db782c2ecca3: shutdown server with port 39417 successfully
2022-02-12 02:07:06,439 [org.apache.ratis.util.JvmPauseMonitor$$Lambda$421/534662976@40ebd05e] INFO  util.JvmPauseMonitor (JvmPauseMonitor.java:run(109)) - JvmPauseMonitor-c8eafb60-c0c0-4b5f-973c-db782c2ecca3: Stopped
2022-02-12 02:07:07,041 [grpc-default-executor-3] WARN  server.GrpcLogAppender (LogUtils.java:warn(122)) - 5a48ba6f-a30a-4e88-a5d0-329f9f1902a7@group-417BDCFAD16B->c8eafb60-c0c0-4b5f-973c-db782c2ecca3-AppendLogResponseHandler: Failed appendEntries: org.apache.ratis.thirdparty.io.grpc.StatusRuntimeException: UNAVAILABLE: io exception
2022-02-12 02:07:07,041 [grpc-default-executor-0] WARN  server.GrpcLogAppender (LogUtils.java:warn(122)) - 5a48ba6f-a30a-4e88-a5d0-329f9f1902a7@group-417BDCFAD16B->831f4c06-a3e5-4072-8221-074437d31ede-AppendLogResponseHandler: Failed appendEntries: org.apache.ratis.thirdparty.io.grpc.StatusRuntimeException: UNAVAILABLE: io exception
2022-02-12 02:07:07,041 [grpc-default-executor-0] WARN  server.GrpcLogAppender (GrpcLogAppender.java:resetClient(110)) - 5a48ba6f-a30a-4e88-a5d0-329f9f1902a7@group-417BDCFAD16B->831f4c06-a3e5-4072-8221-074437d31ede-GrpcLogAppender: Leader has not got in touch with Follower 5a48ba6f-a30a-4e88-a5d0-329f9f1902a7@group-417BDCFAD16B->831f4c06-a3e5-4072-8221-074437d31ede(c0,m0,n1, attendVote=true, lastRpcSendTime=8, lastRpcResponseTime=2510) yet, just keep nextIndex unchanged and retry.
2022-02-12 02:07:07,041 [grpc-default-executor-3] WARN  server.GrpcLogAppender (GrpcLogAppender.java:resetClient(110)) - 5a48ba6f-a30a-4e88-a5d0-329f9f1902a7@group-417BDCFAD16B->c8eafb60-c0c0-4b5f-973c-db782c2ecca3-GrpcLogAppender: Leader has not got in touch with Follower 5a48ba6f-a30a-4e88-a5d0-329f9f1902a7@group-417BDCFAD16B->c8eafb60-c0c0-4b5f-973c-db782c2ecca3(c0,m0,n1, attendVote=true, lastRpcSendTime=2513, lastRpcResponseTime=2512) yet, just keep nextIndex unchanged and retry.
2022-02-12 02:07:08,469 [Listener at 127.0.0.1/38559] INFO  utils.BackgroundService (BackgroundService.java:shutdown(132)) - Shutting down service BlockDeletingService
2022-02-12 02:07:08,496 [ForkJoinPool.commonPool-worker-0] INFO  utils.BackgroundService (BackgroundService.java:shutdown(132)) - Shutting down service BlockDeletingService
2022-02-12 02:07:09,537 [grpc-default-executor-3] WARN  server.GrpcLogAppender (LogUtils.java:warn(122)) - 5a48ba6f-a30a-4e88-a5d0-329f9f1902a7@group-417BDCFAD16B->831f4c06-a3e5-4072-8221-074437d31ede-AppendLogResponseHandler: Failed appendEntries: org.apache.ratis.thirdparty.io.grpc.StatusRuntimeException: UNAVAILABLE: io exception
2022-02-12 02:07:09,538 [grpc-default-executor-3] WARN  server.GrpcLogAppender (GrpcLogAppender.java:resetClient(110)) - 5a48ba6f-a30a-4e88-a5d0-329f9f1902a7@group-417BDCFAD16B->831f4c06-a3e5-4072-8221-074437d31ede-GrpcLogAppender: Leader has not got in touch with Follower 5a48ba6f-a30a-4e88-a5d0-329f9f1902a7@group-417BDCFAD16B->831f4c06-a3e5-4072-8221-074437d31ede(c0,m0,n1, attendVote=true, lastRpcSendTime=2504, lastRpcResponseTime=5007) yet, just keep nextIndex unchanged and retry.
2022-02-12 02:07:09,548 [grpc-default-executor-3] WARN  server.GrpcLogAppender (LogUtils.java:warn(122)) - 5a48ba6f-a30a-4e88-a5d0-329f9f1902a7@group-417BDCFAD16B->c8eafb60-c0c0-4b5f-973c-db782c2ecca3-AppendLogResponseHandler: Failed appendEntries: org.apache.ratis.thirdparty.io.grpc.StatusRuntimeException: UNAVAILABLE: io exception
2022-02-12 02:07:09,549 [grpc-default-executor-3] WARN  server.GrpcLogAppender (GrpcLogAppender.java:resetClient(110)) - 5a48ba6f-a30a-4e88-a5d0-329f9f1902a7@group-417BDCFAD16B->c8eafb60-c0c0-4b5f-973c-db782c2ecca3-GrpcLogAppender: Leader has not got in touch with Follower 5a48ba6f-a30a-4e88-a5d0-329f9f1902a7@group-417BDCFAD16B->c8eafb60-c0c0-4b5f-973c-db782c2ecca3(c0,m0,n1, attendVote=true, lastRpcSendTime=0, lastRpcResponseTime=5020) yet, just keep nextIndex unchanged and retry.
2022-02-12 02:07:11,497 [Listener at 127.0.0.1/38559] INFO  statemachine.DatanodeStateMachine (DatanodeStateMachine.java:stopDaemon(529)) - Ozone container server stopped.
2022-02-12 02:07:11,498 [Listener at 127.0.0.1/38559] INFO  handler.ContextHandler (ContextHandler.java:doStop(1153)) - Stopped o.e.j.w.WebAppContext@5ff1aece{hddsDatanode,/,null,STOPPED}{jar:file:/home/runner/.m2/repository/org/apache/ozone/hdds-container-service/1.3.0-SNAPSHOT/hdds-container-service-1.3.0-SNAPSHOT.jar!/webapps/hddsDatanode}
2022-02-12 02:07:11,499 [Listener at 127.0.0.1/38559] INFO  server.AbstractConnector (AbstractConnector.java:doStop(381)) - Stopped ServerConnector@6ca96aef{HTTP/1.1, (http/1.1)}{0.0.0.0:0}
2022-02-12 02:07:11,499 [Listener at 127.0.0.1/38559] INFO  server.session (HouseKeeper.java:stopScavenging(149)) - node0 Stopped scavenging
2022-02-12 02:07:11,499 [Listener at 127.0.0.1/38559] INFO  handler.ContextHandler (ContextHandler.java:doStop(1153)) - Stopped o.e.j.s.ServletContextHandler@20873a9{static,/static,jar:file:/home/runner/.m2/repository/org/apache/ozone/hdds-container-service/1.3.0-SNAPSHOT/hdds-container-service-1.3.0-SNAPSHOT.jar!/webapps/static,STOPPED}
2022-02-12 02:07:11,499 [Listener at 127.0.0.1/38559] INFO  handler.ContextHandler (ContextHandler.java:doStop(1153)) - Stopped o.e.j.s.ServletContextHandler@79527eb9{logs,/logs,file:///home/runner/work/ozone/ozone/hadoop-ozone/integration-test/target/log,STOPPED}
2022-02-12 02:07:11,532 [ForkJoinPool.commonPool-worker-0] INFO  statemachine.DatanodeStateMachine (DatanodeStateMachine.java:stopDaemon(529)) - Ozone container server stopped.
2022-02-12 02:07:11,534 [ForkJoinPool.commonPool-worker-0] INFO  handler.ContextHandler (ContextHandler.java:doStop(1153)) - Stopped o.e.j.w.WebAppContext@717616da{hddsDatanode,/,null,STOPPED}{jar:file:/home/runner/.m2/repository/org/apache/ozone/hdds-container-service/1.3.0-SNAPSHOT/hdds-container-service-1.3.0-SNAPSHOT.jar!/webapps/hddsDatanode}
2022-02-12 02:07:11,535 [ForkJoinPool.commonPool-worker-0] INFO  server.AbstractConnector (AbstractConnector.java:doStop(381)) - Stopped ServerConnector@41991619{HTTP/1.1, (http/1.1)}{0.0.0.0:0}
2022-02-12 02:07:11,536 [ForkJoinPool.commonPool-worker-0] INFO  server.session (HouseKeeper.java:stopScavenging(149)) - node0 Stopped scavenging
2022-02-12 02:07:11,537 [ForkJoinPool.commonPool-worker-0] INFO  handler.ContextHandler (ContextHandler.java:doStop(1153)) - Stopped o.e.j.s.ServletContextHandler@9a82ef{static,/static,jar:file:/home/runner/.m2/repository/org/apache/ozone/hdds-container-service/1.3.0-SNAPSHOT/hdds-container-service-1.3.0-SNAPSHOT.jar!/webapps/static,STOPPED}
2022-02-12 02:07:11,537 [ForkJoinPool.commonPool-worker-0] INFO  handler.ContextHandler (ContextHandler.java:doStop(1153)) - Stopped o.e.j.s.ServletContextHandler@1f4c8062{logs,/logs,file:///home/runner/work/ozone/ozone/hadoop-ozone/integration-test/target/log,STOPPED}
2022-02-12 02:07:12,040 [grpc-default-executor-3] WARN  server.GrpcLogAppender (LogUtils.java:warn(122)) - 5a48ba6f-a30a-4e88-a5d0-329f9f1902a7@group-417BDCFAD16B->831f4c06-a3e5-4072-8221-074437d31ede-AppendLogResponseHandler: Failed appendEntries: org.apache.ratis.thirdparty.io.grpc.StatusRuntimeException: UNAVAILABLE: io exception
2022-02-12 02:07:12,041 [grpc-default-executor-3] WARN  server.GrpcLogAppender (GrpcLogAppender.java:resetClient(110)) - 5a48ba6f-a30a-4e88-a5d0-329f9f1902a7@group-417BDCFAD16B->831f4c06-a3e5-4072-8221-074437d31ede-GrpcLogAppender: Leader has not got in touch with Follower 5a48ba6f-a30a-4e88-a5d0-329f9f1902a7@group-417BDCFAD16B->831f4c06-a3e5-4072-8221-074437d31ede(c0,m0,n1, attendVote=true, lastRpcSendTime=2502, lastRpcResponseTime=7510) yet, just keep nextIndex unchanged and retry.
2022-02-12 02:07:12,049 [grpc-default-executor-3] WARN  server.GrpcLogAppender (LogUtils.java:warn(122)) - 5a48ba6f-a30a-4e88-a5d0-329f9f1902a7@group-417BDCFAD16B->c8eafb60-c0c0-4b5f-973c-db782c2ecca3-AppendLogResponseHandler: Failed appendEntries: org.apache.ratis.thirdparty.io.grpc.StatusRuntimeException: UNAVAILABLE: io exception
2022-02-12 02:07:12,050 [grpc-default-executor-3] WARN  server.GrpcLogAppender (GrpcLogAppender.java:resetClient(110)) - 5a48ba6f-a30a-4e88-a5d0-329f9f1902a7@group-417BDCFAD16B->c8eafb60-c0c0-4b5f-973c-db782c2ecca3-GrpcLogAppender: Leader has not got in touch with Follower 5a48ba6f-a30a-4e88-a5d0-329f9f1902a7@group-417BDCFAD16B->c8eafb60-c0c0-4b5f-973c-db782c2ecca3(c0,m0,n1, attendVote=true, lastRpcSendTime=1, lastRpcResponseTime=7521) yet, just keep nextIndex unchanged and retry.
2022-02-12 02:07:12,412 [5a48ba6f-a30a-4e88-a5d0-329f9f1902a7@group-417BDCFAD16B-LeaderStateImpl] WARN  server.RaftServer$Division (LeaderStateImpl.java:checkLeadership(974)) - 5a48ba6f-a30a-4e88-a5d0-329f9f1902a7@group-417BDCFAD16B-LeaderStateImpl: Lost leadership on term: 3. Election timeout: 5200ms. In charge for: 10441ms. Conf: 0: [5a48ba6f-a30a-4e88-a5d0-329f9f1902a7|rpc:10.1.0.17:43193|dataStream:|priority:1, 831f4c06-a3e5-4072-8221-074437d31ede|rpc:10.1.0.17:35933|dataStream:|priority:0, c8eafb60-c0c0-4b5f-973c-db782c2ecca3|rpc:10.1.0.17:39417|dataStream:|priority:0], old=null
2022-02-12 02:07:12,413 [5a48ba6f-a30a-4e88-a5d0-329f9f1902a7@group-417BDCFAD16B-LeaderStateImpl] WARN  server.RaftServer$Division (LeaderStateImpl.java:lambda$checkLeadership$15(978)) - Follower 5a48ba6f-a30a-4e88-a5d0-329f9f1902a7@group-417BDCFAD16B->831f4c06-a3e5-4072-8221-074437d31ede(c0,m0,n1, attendVote=true, lastRpcSendTime=371, lastRpcResponseTime=7882)
2022-02-12 02:07:12,413 [5a48ba6f-a30a-4e88-a5d0-329f9f1902a7@group-417BDCFAD16B-LeaderStateImpl] WARN  server.RaftServer$Division (LeaderStateImpl.java:lambda$checkLeadership$15(978)) - Follower 5a48ba6f-a30a-4e88-a5d0-329f9f1902a7@group-417BDCFAD16B->c8eafb60-c0c0-4b5f-973c-db782c2ecca3(c0,m0,n1, attendVote=true, lastRpcSendTime=364, lastRpcResponseTime=7884)
2022-02-12 02:07:12,413 [5a48ba6f-a30a-4e88-a5d0-329f9f1902a7@group-417BDCFAD16B-LeaderStateImpl] INFO  server.RaftServer$Division (RaftServerImpl.java:setRole(290)) - 5a48ba6f-a30a-4e88-a5d0-329f9f1902a7@group-417BDCFAD16B: changes role from    LEADER to FOLLOWER at term 3 for StepDownReason:LOST_MAJORITY_HEARTBEATS
2022-02-12 02:07:12,413 [5a48ba6f-a30a-4e88-a5d0-329f9f1902a7@group-417BDCFAD16B-LeaderStateImpl] INFO  impl.RoleInfo (RoleInfo.java:shutdownLeaderState(91)) - 5a48ba6f-a30a-4e88-a5d0-329f9f1902a7: shutdown 5a48ba6f-a30a-4e88-a5d0-329f9f1902a7@group-417BDCFAD16B-LeaderStateImpl
2022-02-12 02:07:12,414 [5a48ba6f-a30a-4e88-a5d0-329f9f1902a7@group-417BDCFAD16B-LeaderStateImpl] INFO  impl.PendingRequests (PendingRequests.java:sendNotLeaderResponses(282)) - 5a48ba6f-a30a-4e88-a5d0-329f9f1902a7@group-417BDCFAD16B-PendingRequests: sendNotLeaderResponses
2022-02-12 02:07:12,414 [5a48ba6f-a30a-4e88-a5d0-329f9f1902a7@group-417BDCFAD16B-LeaderStateImpl] INFO  impl.RoleInfo (RoleInfo.java:updateAndGet(130)) - 5a48ba6f-a30a-4e88-a5d0-329f9f1902a7: start 5a48ba6f-a30a-4e88-a5d0-329f9f1902a7@group-417BDCFAD16B-FollowerState
2022-02-12 02:07:12,520 [5a48ba6f-a30a-4e88-a5d0-329f9f1902a7@group-8C9DE99576F4-FollowerState] INFO  impl.FollowerState (FollowerState.java:run(134)) - 5a48ba6f-a30a-4e88-a5d0-329f9f1902a7@group-8C9DE99576F4-FollowerState: change to CANDIDATE, lastRpcElapsedTime:8025024050ns, electionTimeout:5054ms
2022-02-12 02:07:12,525 [5a48ba6f-a30a-4e88-a5d0-329f9f1902a7@group-8C9DE99576F4-FollowerState] INFO  impl.RoleInfo (RoleInfo.java:shutdownFollowerState(108)) - 5a48ba6f-a30a-4e88-a5d0-329f9f1902a7: shutdown 5a48ba6f-a30a-4e88-a5d0-329f9f1902a7@group-8C9DE99576F4-FollowerState
2022-02-12 02:07:12,525 [5a48ba6f-a30a-4e88-a5d0-329f9f1902a7@group-8C9DE99576F4-FollowerState] INFO  server.RaftServer$Division (RaftServerImpl.java:setRole(290)) - 5a48ba6f-a30a-4e88-a5d0-329f9f1902a7@group-8C9DE99576F4: changes role from  FOLLOWER to CANDIDATE at term 1 for changeToCandidate
2022-02-12 02:07:12,525 [5a48ba6f-a30a-4e88-a5d0-329f9f1902a7@group-8C9DE99576F4-FollowerState] INFO  server.RaftServerConfigKeys (ConfUtils.java:logGet(44)) - raft.server.leaderelection.pre-vote = false (custom)
2022-02-12 02:07:12,525 [5a48ba6f-a30a-4e88-a5d0-329f9f1902a7@group-8C9DE99576F4-FollowerState] INFO  impl.RoleInfo (RoleInfo.java:updateAndGet(130)) - 5a48ba6f-a30a-4e88-a5d0-329f9f1902a7: start 5a48ba6f-a30a-4e88-a5d0-329f9f1902a7@group-8C9DE99576F4-LeaderElection13
2022-02-12 02:07:12,537 [5a48ba6f-a30a-4e88-a5d0-329f9f1902a7@group-8C9DE99576F4-LeaderElection13] INFO  server.RaftServer$Division (ServerState.java:setLeader(285)) - 5a48ba6f-a30a-4e88-a5d0-329f9f1902a7@group-8C9DE99576F4: change Leader from 831f4c06-a3e5-4072-8221-074437d31ede to null at term 1 for ELECTION
2022-02-12 02:07:12,541 [5a48ba6f-a30a-4e88-a5d0-329f9f1902a7@group-8C9DE99576F4-LeaderElection13] INFO  impl.LeaderElection (LeaderElection.java:askForVotes(306)) - 5a48ba6f-a30a-4e88-a5d0-329f9f1902a7@group-8C9DE99576F4-LeaderElection13 ELECTION round 0: submit vote requests at term 2 for 0: [5a48ba6f-a30a-4e88-a5d0-329f9f1902a7|rpc:10.1.0.17:43193|dataStream:|priority:0, 831f4c06-a3e5-4072-8221-074437d31ede|rpc:10.1.0.17:35933|dataStream:|priority:1, c8eafb60-c0c0-4b5f-973c-db782c2ecca3|rpc:10.1.0.17:39417|dataStream:|priority:0], old=null
2022-02-12 02:07:12,555 [5a48ba6f-a30a-4e88-a5d0-329f9f1902a7@group-8C9DE99576F4-LeaderElection13] INFO  impl.LeaderElection (LogUtils.java:infoOrTrace(137)) - 5a48ba6f-a30a-4e88-a5d0-329f9f1902a7@group-8C9DE99576F4-LeaderElection13 got exception when requesting votes: java.util.concurrent.ExecutionException: org.apache.ratis.thirdparty.io.grpc.StatusRuntimeException: UNAVAILABLE: io exception
2022-02-12 02:07:12,556 [5a48ba6f-a30a-4e88-a5d0-329f9f1902a7@group-8C9DE99576F4-LeaderElection13] INFO  impl.LeaderElection (LogUtils.java:infoOrTrace(137)) - 5a48ba6f-a30a-4e88-a5d0-329f9f1902a7@group-8C9DE99576F4-LeaderElection13 got exception when requesting votes: java.util.concurrent.ExecutionException: org.apache.ratis.thirdparty.io.grpc.StatusRuntimeException: UNAVAILABLE: io exception
2022-02-12 02:07:12,556 [5a48ba6f-a30a-4e88-a5d0-329f9f1902a7@group-8C9DE99576F4-LeaderElection13] INFO  impl.LeaderElection (LeaderElection.java:logAndReturn(89)) - 5a48ba6f-a30a-4e88-a5d0-329f9f1902a7@group-8C9DE99576F4-LeaderElection13: ELECTION REJECTED received 0 response(s) and 2 exception(s):
2022-02-12 02:07:12,556 [5a48ba6f-a30a-4e88-a5d0-329f9f1902a7@group-8C9DE99576F4-LeaderElection13] INFO  impl.LeaderElection (LogUtils.java:infoOrTrace(137)) -   Exception 0: java.util.concurrent.ExecutionException: org.apache.ratis.thirdparty.io.grpc.StatusRuntimeException: UNAVAILABLE: io exception
2022-02-12 02:07:12,556 [5a48ba6f-a30a-4e88-a5d0-329f9f1902a7@group-8C9DE99576F4-LeaderElection13] INFO  impl.LeaderElection (LogUtils.java:infoOrTrace(137)) -   Exception 1: java.util.concurrent.ExecutionException: org.apache.ratis.thirdparty.io.grpc.StatusRuntimeException: UNAVAILABLE: io exception
2022-02-12 02:07:12,556 [5a48ba6f-a30a-4e88-a5d0-329f9f1902a7@group-8C9DE99576F4-LeaderElection13] INFO  impl.LeaderElection (LeaderElection.java:askForVotes(308)) - 5a48ba6f-a30a-4e88-a5d0-329f9f1902a7@group-8C9DE99576F4-LeaderElection13 ELECTION round 0: result REJECTED
2022-02-12 02:07:12,557 [5a48ba6f-a30a-4e88-a5d0-329f9f1902a7@group-8C9DE99576F4-LeaderElection13] INFO  server.RaftServer$Division (RaftServerImpl.java:setRole(290)) - 5a48ba6f-a30a-4e88-a5d0-329f9f1902a7@group-8C9DE99576F4: changes role from CANDIDATE to FOLLOWER at term 2 for REJECTED
2022-02-12 02:07:12,557 [5a48ba6f-a30a-4e88-a5d0-329f9f1902a7@group-8C9DE99576F4-LeaderElection13] INFO  impl.RoleInfo (RoleInfo.java:shutdownLeaderElection(121)) - 5a48ba6f-a30a-4e88-a5d0-329f9f1902a7: shutdown 5a48ba6f-a30a-4e88-a5d0-329f9f1902a7@group-8C9DE99576F4-LeaderElection13
2022-02-12 02:07:12,557 [5a48ba6f-a30a-4e88-a5d0-329f9f1902a7@group-8C9DE99576F4-LeaderElection13] INFO  impl.RoleInfo (RoleInfo.java:updateAndGet(130)) - 5a48ba6f-a30a-4e88-a5d0-329f9f1902a7: start 5a48ba6f-a30a-4e88-a5d0-329f9f1902a7@group-8C9DE99576F4-FollowerState
2022-02-12 02:07:16,502 [Listener at 127.0.0.1/38559] INFO  ozoneimpl.OzoneContainer (OzoneContainer.java:stop(336)) - Attempting to stop container services.
2022-02-12 02:07:16,503 [Listener at 127.0.0.1/38559] INFO  server.RaftServer (RaftServerProxy.java:lambda$close$6(391)) - 5a48ba6f-a30a-4e88-a5d0-329f9f1902a7: close
2022-02-12 02:07:16,513 [Listener at 127.0.0.1/38559] INFO  server.RaftServer$Division (RaftServerImpl.java:lambda$close$4(412)) - 5a48ba6f-a30a-4e88-a5d0-329f9f1902a7@group-8C9DE99576F4: shutdown
2022-02-12 02:07:16,513 [Listener at 127.0.0.1/38559] INFO  util.JmxRegister (JmxRegister.java:unregister(73)) - Successfully un-registered JMX Bean with object name Ratis:service=RaftServer,group=group-8C9DE99576F4,id=5a48ba6f-a30a-4e88-a5d0-329f9f1902a7
2022-02-12 02:07:16,513 [Listener at 127.0.0.1/38559] INFO  impl.RoleInfo (RoleInfo.java:shutdownFollowerState(108)) - 5a48ba6f-a30a-4e88-a5d0-329f9f1902a7: shutdown 5a48ba6f-a30a-4e88-a5d0-329f9f1902a7@group-8C9DE99576F4-FollowerState
2022-02-12 02:07:16,513 [Listener at 127.0.0.1/38559] INFO  impl.StateMachineUpdater (StateMachineUpdater.java:stopAndJoin(149)) - 5a48ba6f-a30a-4e88-a5d0-329f9f1902a7@group-8C9DE99576F4-StateMachineUpdater: set stopIndex = 27
2022-02-12 02:07:16,514 [5a48ba6f-a30a-4e88-a5d0-329f9f1902a7@group-8C9DE99576F4-FollowerState] INFO  impl.FollowerState (FollowerState.java:run(143)) - 5a48ba6f-a30a-4e88-a5d0-329f9f1902a7@group-8C9DE99576F4-FollowerState was interrupted: {}
java.lang.InterruptedException: sleep interrupted
	at java.lang.Thread.sleep(Native Method)
	at java.lang.Thread.sleep(Thread.java:340)
	at java.util.concurrent.TimeUnit.sleep(TimeUnit.java:386)
	at org.apache.ratis.util.TimeDuration.sleep(TimeDuration.java:324)
	at org.apache.ratis.util.TimeDuration.sleep(TimeDuration.java:309)
	at org.apache.ratis.server.impl.FollowerState.run(FollowerState.java:118)
2022-02-12 02:07:16,514 [5a48ba6f-a30a-4e88-a5d0-329f9f1902a7@group-8C9DE99576F4-StateMachineUpdater] INFO  ratis.ContainerStateMachine (ContainerStateMachine.java:takeSnapshot(299)) - group-8C9DE99576F4: Taking a snapshot at:(t:1, i:27) file /home/runner/work/ozone/ozone/hadoop-ozone/integration-test/target/test-dir/MiniOzoneClusterImpl-7cba1fa6-2dbb-4e06-812b-13878fbabfc0/datanode-2/data/ratis/7ad554ac-6e03-4651-9585-8c9de99576f4/sm/snapshot.1_27
2022-02-12 02:07:16,524 [ForkJoinPool.commonPool-worker-1] INFO  server.RaftServer$Division (RaftServerImpl.java:lambda$close$4(412)) - 5a48ba6f-a30a-4e88-a5d0-329f9f1902a7@group-417BDCFAD16B: shutdown
2022-02-12 02:07:16,524 [ForkJoinPool.commonPool-worker-1] INFO  util.JmxRegister (JmxRegister.java:unregister(73)) - Successfully un-registered JMX Bean with object name Ratis:service=RaftServer,group=group-417BDCFAD16B,id=5a48ba6f-a30a-4e88-a5d0-329f9f1902a7
2022-02-12 02:07:16,525 [ForkJoinPool.commonPool-worker-1] INFO  impl.RoleInfo (RoleInfo.java:shutdownFollowerState(108)) - 5a48ba6f-a30a-4e88-a5d0-329f9f1902a7: shutdown 5a48ba6f-a30a-4e88-a5d0-329f9f1902a7@group-417BDCFAD16B-FollowerState
2022-02-12 02:07:16,525 [ForkJoinPool.commonPool-worker-1] INFO  impl.StateMachineUpdater (StateMachineUpdater.java:stopAndJoin(149)) - 5a48ba6f-a30a-4e88-a5d0-329f9f1902a7@group-417BDCFAD16B-StateMachineUpdater: set stopIndex = 0
2022-02-12 02:07:16,525 [5a48ba6f-a30a-4e88-a5d0-329f9f1902a7@group-417BDCFAD16B-FollowerState] INFO  impl.FollowerState (FollowerState.java:run(143)) - 5a48ba6f-a30a-4e88-a5d0-329f9f1902a7@group-417BDCFAD16B-FollowerState was interrupted: {}
java.lang.InterruptedException: sleep interrupted
	at java.lang.Thread.sleep(Native Method)
	at java.lang.Thread.sleep(Thread.java:340)
	at java.util.concurrent.TimeUnit.sleep(TimeUnit.java:386)
	at org.apache.ratis.util.TimeDuration.sleep(TimeDuration.java:324)
	at org.apache.ratis.util.TimeDuration.sleep(TimeDuration.java:309)
	at org.apache.ratis.server.impl.FollowerState.run(FollowerState.java:118)
2022-02-12 02:07:16,525 [5a48ba6f-a30a-4e88-a5d0-329f9f1902a7@group-417BDCFAD16B-StateMachineUpdater] INFO  ratis.ContainerStateMachine (ContainerStateMachine.java:takeSnapshot(299)) - group-417BDCFAD16B: Taking a snapshot at:(t:3, i:0) file /home/runner/work/ozone/ozone/hadoop-ozone/integration-test/target/test-dir/MiniOzoneClusterImpl-7cba1fa6-2dbb-4e06-812b-13878fbabfc0/datanode-2/data/ratis/2f62b89f-3017-4063-9c89-417bdcfad16b/sm/snapshot.3_0
2022-02-12 02:07:16,526 [5a48ba6f-a30a-4e88-a5d0-329f9f1902a7@group-417BDCFAD16B-StateMachineUpdater] INFO  ratis.ContainerStateMachine (ContainerStateMachine.java:takeSnapshot(310)) - group-417BDCFAD16B: Finished taking a snapshot at:(t:3, i:0) file:/home/runner/work/ozone/ozone/hadoop-ozone/integration-test/target/test-dir/MiniOzoneClusterImpl-7cba1fa6-2dbb-4e06-812b-13878fbabfc0/datanode-2/data/ratis/2f62b89f-3017-4063-9c89-417bdcfad16b/sm/snapshot.3_0 took: 1 ms
2022-02-12 02:07:16,527 [5a48ba6f-a30a-4e88-a5d0-329f9f1902a7@group-417BDCFAD16B-StateMachineUpdater] INFO  impl.StateMachineUpdater (StateMachineUpdater.java:takeSnapshot(281)) - 5a48ba6f-a30a-4e88-a5d0-329f9f1902a7@group-417BDCFAD16B-StateMachineUpdater: Took a snapshot at index 0
2022-02-12 02:07:16,527 [5a48ba6f-a30a-4e88-a5d0-329f9f1902a7@group-417BDCFAD16B-StateMachineUpdater] INFO  impl.StateMachineUpdater (StateMachineUpdater.java:lambda$new$0(89)) - 5a48ba6f-a30a-4e88-a5d0-329f9f1902a7@group-417BDCFAD16B-StateMachineUpdater: snapshotIndex: updateIncreasingly -1 -> 0
2022-02-12 02:07:16,527 [5a48ba6f-a30a-4e88-a5d0-329f9f1902a7@group-8C9DE99576F4-StateMachineUpdater] INFO  ratis.ContainerStateMachine (ContainerStateMachine.java:takeSnapshot(310)) - group-8C9DE99576F4: Finished taking a snapshot at:(t:1, i:27) file:/home/runner/work/ozone/ozone/hadoop-ozone/integration-test/target/test-dir/MiniOzoneClusterImpl-7cba1fa6-2dbb-4e06-812b-13878fbabfc0/datanode-2/data/ratis/7ad554ac-6e03-4651-9585-8c9de99576f4/sm/snapshot.1_27 took: 14 ms
2022-02-12 02:07:16,527 [5a48ba6f-a30a-4e88-a5d0-329f9f1902a7@group-8C9DE99576F4-StateMachineUpdater] INFO  impl.StateMachineUpdater (StateMachineUpdater.java:takeSnapshot(281)) - 5a48ba6f-a30a-4e88-a5d0-329f9f1902a7@group-8C9DE99576F4-StateMachineUpdater: Took a snapshot at index 27
2022-02-12 02:07:16,527 [5a48ba6f-a30a-4e88-a5d0-329f9f1902a7@group-8C9DE99576F4-StateMachineUpdater] INFO  impl.StateMachineUpdater (StateMachineUpdater.java:lambda$new$0(89)) - 5a48ba6f-a30a-4e88-a5d0-329f9f1902a7@group-8C9DE99576F4-StateMachineUpdater: snapshotIndex: updateIncreasingly -1 -> 27
2022-02-12 02:07:16,528 [Listener at 127.0.0.1/38559] INFO  server.RaftServer$Division (ServerState.java:close(419)) - 5a48ba6f-a30a-4e88-a5d0-329f9f1902a7@group-8C9DE99576F4: closes. applyIndex: 27
2022-02-12 02:07:16,528 [5a48ba6f-a30a-4e88-a5d0-329f9f1902a7@group-8C9DE99576F4-SegmentedRaftLogWorker] INFO  segmented.SegmentedRaftLogWorker (SegmentedRaftLogWorker.java:run(327)) - 5a48ba6f-a30a-4e88-a5d0-329f9f1902a7@group-8C9DE99576F4-SegmentedRaftLogWorker was interrupted, exiting. There are 0 tasks remaining in the queue.
2022-02-12 02:07:16,529 [Listener at 127.0.0.1/38559] INFO  segmented.SegmentedRaftLogWorker (SegmentedRaftLogWorker.java:close(237)) - 5a48ba6f-a30a-4e88-a5d0-329f9f1902a7@group-8C9DE99576F4-SegmentedRaftLogWorker close()
2022-02-12 02:07:16,530 [Listener at 127.0.0.1/38559] INFO  server.RaftServer$Division (RaftServerImpl.java:lambda$close$4(412)) - 5a48ba6f-a30a-4e88-a5d0-329f9f1902a7@group-45843303DCA1: shutdown
2022-02-12 02:07:16,530 [Listener at 127.0.0.1/38559] INFO  util.JmxRegister (JmxRegister.java:unregister(73)) - Successfully un-registered JMX Bean with object name Ratis:service=RaftServer,group=group-45843303DCA1,id=5a48ba6f-a30a-4e88-a5d0-329f9f1902a7
2022-02-12 02:07:16,530 [Listener at 127.0.0.1/38559] INFO  impl.RoleInfo (RoleInfo.java:shutdownLeaderState(91)) - 5a48ba6f-a30a-4e88-a5d0-329f9f1902a7: shutdown 5a48ba6f-a30a-4e88-a5d0-329f9f1902a7@group-45843303DCA1-LeaderStateImpl
2022-02-12 02:07:16,531 [Listener at 127.0.0.1/38559] INFO  impl.PendingRequests (PendingRequests.java:sendNotLeaderResponses(282)) - 5a48ba6f-a30a-4e88-a5d0-329f9f1902a7@group-45843303DCA1-PendingRequests: sendNotLeaderResponses
2022-02-12 02:07:16,531 [Listener at 127.0.0.1/38559] INFO  impl.StateMachineUpdater (StateMachineUpdater.java:stopAndJoin(149)) - 5a48ba6f-a30a-4e88-a5d0-329f9f1902a7@group-45843303DCA1-StateMachineUpdater: set stopIndex = 0
2022-02-12 02:07:16,531 [5a48ba6f-a30a-4e88-a5d0-329f9f1902a7@group-45843303DCA1-StateMachineUpdater] INFO  ratis.ContainerStateMachine (ContainerStateMachine.java:takeSnapshot(299)) - group-45843303DCA1: Taking a snapshot at:(t:1, i:0) file /home/runner/work/ozone/ozone/hadoop-ozone/integration-test/target/test-dir/MiniOzoneClusterImpl-7cba1fa6-2dbb-4e06-812b-13878fbabfc0/datanode-2/data/ratis/964fee71-88b2-417a-8566-45843303dca1/sm/snapshot.1_0
2022-02-12 02:07:16,533 [5a48ba6f-a30a-4e88-a5d0-329f9f1902a7@group-45843303DCA1-StateMachineUpdater] INFO  ratis.ContainerStateMachine (ContainerStateMachine.java:takeSnapshot(310)) - group-45843303DCA1: Finished taking a snapshot at:(t:1, i:0) file:/home/runner/work/ozone/ozone/hadoop-ozone/integration-test/target/test-dir/MiniOzoneClusterImpl-7cba1fa6-2dbb-4e06-812b-13878fbabfc0/datanode-2/data/ratis/964fee71-88b2-417a-8566-45843303dca1/sm/snapshot.1_0 took: 1 ms
2022-02-12 02:07:16,533 [5a48ba6f-a30a-4e88-a5d0-329f9f1902a7@group-45843303DCA1-StateMachineUpdater] INFO  impl.StateMachineUpdater (StateMachineUpdater.java:takeSnapshot(281)) - 5a48ba6f-a30a-4e88-a5d0-329f9f1902a7@group-45843303DCA1-StateMachineUpdater: Took a snapshot at index 0
2022-02-12 02:07:16,533 [5a48ba6f-a30a-4e88-a5d0-329f9f1902a7@group-45843303DCA1-StateMachineUpdater] INFO  impl.StateMachineUpdater (StateMachineUpdater.java:lambda$new$0(89)) - 5a48ba6f-a30a-4e88-a5d0-329f9f1902a7@group-45843303DCA1-StateMachineUpdater: snapshotIndex: updateIncreasingly -1 -> 0
2022-02-12 02:07:16,534 [Listener at 127.0.0.1/38559] INFO  server.RaftServer$Division (ServerState.java:close(419)) - 5a48ba6f-a30a-4e88-a5d0-329f9f1902a7@group-45843303DCA1: closes. applyIndex: 0
2022-02-12 02:07:16,534 [5a48ba6f-a30a-4e88-a5d0-329f9f1902a7@group-45843303DCA1-SegmentedRaftLogWorker] INFO  segmented.SegmentedRaftLogWorker (SegmentedRaftLogWorker.java:run(327)) - 5a48ba6f-a30a-4e88-a5d0-329f9f1902a7@group-45843303DCA1-SegmentedRaftLogWorker was interrupted, exiting. There are 0 tasks remaining in the queue.
2022-02-12 02:07:16,534 [Listener at 127.0.0.1/38559] INFO  segmented.SegmentedRaftLogWorker (SegmentedRaftLogWorker.java:close(237)) - 5a48ba6f-a30a-4e88-a5d0-329f9f1902a7@group-45843303DCA1-SegmentedRaftLogWorker close()
2022-02-12 02:07:16,536 [ForkJoinPool.commonPool-worker-1] INFO  server.RaftServer$Division (ServerState.java:close(419)) - 5a48ba6f-a30a-4e88-a5d0-329f9f1902a7@group-417BDCFAD16B: closes. applyIndex: 0
2022-02-12 02:07:16,536 [5a48ba6f-a30a-4e88-a5d0-329f9f1902a7@group-417BDCFAD16B-SegmentedRaftLogWorker] INFO  segmented.SegmentedRaftLogWorker (SegmentedRaftLogWorker.java:run(327)) - 5a48ba6f-a30a-4e88-a5d0-329f9f1902a7@group-417BDCFAD16B-SegmentedRaftLogWorker was interrupted, exiting. There are 0 tasks remaining in the queue.
2022-02-12 02:07:16,537 [ForkJoinPool.commonPool-worker-1] INFO  segmented.SegmentedRaftLogWorker (SegmentedRaftLogWorker.java:close(237)) - 5a48ba6f-a30a-4e88-a5d0-329f9f1902a7@group-417BDCFAD16B-SegmentedRaftLogWorker close()
2022-02-12 02:07:16,538 [Listener at 127.0.0.1/38559] INFO  server.GrpcService (GrpcService.java:closeImpl(262)) - 5a48ba6f-a30a-4e88-a5d0-329f9f1902a7: shutdown server with port 43193 now
2022-02-12 02:07:16,542 [Listener at 127.0.0.1/38559] INFO  server.GrpcService (GrpcService.java:closeImpl(271)) - 5a48ba6f-a30a-4e88-a5d0-329f9f1902a7: shutdown server with port 43193 successfully
2022-02-12 02:07:16,542 [org.apache.ratis.util.JvmPauseMonitor$$Lambda$421/534662976@378bfe9c] INFO  util.JvmPauseMonitor (JvmPauseMonitor.java:run(109)) - JvmPauseMonitor-5a48ba6f-a30a-4e88-a5d0-329f9f1902a7: Stopped
2022-02-12 02:07:18,552 [Listener at 127.0.0.1/38559] INFO  utils.BackgroundService (BackgroundService.java:shutdown(132)) - Shutting down service BlockDeletingService
2022-02-12 02:07:21,559 [Listener at 127.0.0.1/38559] INFO  statemachine.DatanodeStateMachine (DatanodeStateMachine.java:stopDaemon(529)) - Ozone container server stopped.
2022-02-12 02:07:21,560 [Listener at 127.0.0.1/38559] INFO  handler.ContextHandler (ContextHandler.java:doStop(1153)) - Stopped o.e.j.w.WebAppContext@622eee0b{hddsDatanode,/,null,STOPPED}{jar:file:/home/runner/.m2/repository/org/apache/ozone/hdds-container-service/1.3.0-SNAPSHOT/hdds-container-service-1.3.0-SNAPSHOT.jar!/webapps/hddsDatanode}
2022-02-12 02:07:21,560 [Listener at 127.0.0.1/38559] INFO  server.AbstractConnector (AbstractConnector.java:doStop(381)) - Stopped ServerConnector@691ff4fe{HTTP/1.1, (http/1.1)}{0.0.0.0:0}
2022-02-12 02:07:21,561 [Listener at 127.0.0.1/38559] INFO  server.session (HouseKeeper.java:stopScavenging(149)) - node0 Stopped scavenging
2022-02-12 02:07:21,561 [Listener at 127.0.0.1/38559] INFO  handler.ContextHandler (ContextHandler.java:doStop(1153)) - Stopped o.e.j.s.ServletContextHandler@7522ea53{static,/static,jar:file:/home/runner/.m2/repository/org/apache/ozone/hdds-container-service/1.3.0-SNAPSHOT/hdds-container-service-1.3.0-SNAPSHOT.jar!/webapps/static,STOPPED}
2022-02-12 02:07:21,561 [Listener at 127.0.0.1/38559] INFO  handler.ContextHandler (ContextHandler.java:doStop(1153)) - Stopped o.e.j.s.ServletContextHandler@5284d7f2{logs,/logs,file:///home/runner/work/ozone/ozone/hadoop-ozone/integration-test/target/log,STOPPED}
2022-02-12 02:07:21,567 [Listener at 127.0.0.1/38559] INFO  ozone.MiniOzoneClusterImpl (MiniOzoneClusterImpl.java:stopSCM(526)) - Stopping the StorageContainerManager
2022-02-12 02:07:21,568 [Listener at 127.0.0.1/38559] INFO  server.StorageContainerManager (StorageContainerManager.java:stop(1390)) - Stopping Container Balancer service.
2022-02-12 02:07:21,568 [Listener at 127.0.0.1/38559] INFO  balancer.ContainerBalancer (ContainerBalancer.java:stop(751)) - Container Balancer is not running.
2022-02-12 02:07:21,568 [Listener at 127.0.0.1/38559] INFO  server.StorageContainerManager (StorageContainerManager.java:stop(1397)) - Stopping Replication Manager Service.
2022-02-12 02:07:21,568 [Listener at 127.0.0.1/38559] INFO  container.ReplicationManager (ReplicationManager.java:stop(357)) - Stopping Replication Monitor Thread.
2022-02-12 02:07:21,568 [Listener at 127.0.0.1/38559] INFO  server.StorageContainerManager (StorageContainerManager.java:stop(1404)) - Stopping the Datanode Admin Monitor.
2022-02-12 02:07:21,569 [Listener at 127.0.0.1/38559] INFO  server.StorageContainerManager (StorageContainerManager.java:stop(1411)) - Stopping Lease Manager of the command watchers
2022-02-12 02:07:21,569 [Listener at 127.0.0.1/38559] INFO  server.StorageContainerManager (StorageContainerManager.java:stop(1418)) - Stopping datanode service RPC server
2022-02-12 02:07:21,569 [Listener at 127.0.0.1/38559] INFO  server.SCMDatanodeProtocolServer (SCMDatanodeProtocolServer.java:stop(390)) - Stopping the RPC server for DataNodes
2022-02-12 02:07:21,569 [Listener at 127.0.0.1/38559] INFO  ipc.Server (Server.java:stop(3414)) - Stopping server on 41253
2022-02-12 02:07:21,572 [IPC Server listener on 0] INFO  ipc.Server (Server.java:run(1376)) - Stopping IPC Server listener on 0
2022-02-12 02:07:21,580 [IPC Server Responder] INFO  ipc.Server (Server.java:run(1512)) - Stopping IPC Server Responder
2022-02-12 02:07:21,632 [SCM Heartbeat Processing Thread - 0] WARN  node.NodeStateManager (NodeStateManager.java:scheduleNextHealthCheck(799)) - Current Thread is interrupted, shutting down HB processing thread for Node Manager.
2022-02-12 02:07:21,636 [Listener at 127.0.0.1/38559] INFO  server.StorageContainerManager (StorageContainerManager.java:stop(1426)) - Stopping block service RPC server
2022-02-12 02:07:21,637 [Listener at 127.0.0.1/38559] INFO  server.SCMBlockProtocolServer (SCMBlockProtocolServer.java:stop(160)) - Stopping the RPC server for Block Protocol
2022-02-12 02:07:21,637 [Listener at 127.0.0.1/38559] INFO  ipc.Server (Server.java:stop(3414)) - Stopping server on 42933
2022-02-12 02:07:21,642 [IPC Server Responder] INFO  ipc.Server (Server.java:run(1512)) - Stopping IPC Server Responder
2022-02-12 02:07:21,642 [Listener at 127.0.0.1/38559] INFO  server.StorageContainerManager (StorageContainerManager.java:stop(1433)) - Stopping the StorageContainerLocationProtocol RPC server
2022-02-12 02:07:21,642 [Listener at 127.0.0.1/38559] INFO  server.SCMClientProtocolServer (SCMClientProtocolServer.java:stop(174)) - Stopping the RPC server for Client Protocol
2022-02-12 02:07:21,642 [Listener at 127.0.0.1/38559] INFO  ipc.Server (Server.java:stop(3414)) - Stopping server on 44071
2022-02-12 02:07:21,642 [IPC Server listener on 0] INFO  ipc.Server (Server.java:run(1376)) - Stopping IPC Server listener on 0
2022-02-12 02:07:21,653 [Listener at 127.0.0.1/38559] INFO  server.StorageContainerManager (StorageContainerManager.java:stop(1440)) - Stopping Storage Container Manager HTTP server.
2022-02-12 02:07:21,653 [Listener at 127.0.0.1/38559] INFO  handler.ContextHandler (ContextHandler.java:doStop(1153)) - Stopped o.e.j.w.WebAppContext@74901d7{scm,/,null,STOPPED}{file:/home/runner/work/ozone/ozone/hadoop-ozone/integration-test/target/test-classes/webapps/scm}
2022-02-12 02:07:21,656 [IPC Server Responder] INFO  ipc.Server (Server.java:run(1512)) - Stopping IPC Server Responder
2022-02-12 02:07:21,656 [IPC Server listener on 0] INFO  ipc.Server (Server.java:run(1376)) - Stopping IPC Server listener on 0
2022-02-12 02:07:21,659 [Listener at 127.0.0.1/38559] INFO  server.AbstractConnector (AbstractConnector.java:doStop(381)) - Stopped ServerConnector@707b38a1{HTTP/1.1, (http/1.1)}{0.0.0.0:0}
2022-02-12 02:07:21,660 [Listener at 127.0.0.1/38559] INFO  server.session (HouseKeeper.java:stopScavenging(149)) - node0 Stopped scavenging
2022-02-12 02:07:21,660 [Listener at 127.0.0.1/38559] INFO  handler.ContextHandler (ContextHandler.java:doStop(1153)) - Stopped o.e.j.s.ServletContextHandler@23e297d9{static,/static,file:///home/runner/work/ozone/ozone/hadoop-ozone/integration-test/target/test-classes/webapps/static,STOPPED}
2022-02-12 02:07:21,660 [Listener at 127.0.0.1/38559] INFO  handler.ContextHandler (ContextHandler.java:doStop(1153)) - Stopped o.e.j.s.ServletContextHandler@7983a5d5{logs,/logs,file:///home/runner/work/ozone/ozone/hadoop-ozone/integration-test/target/log,STOPPED}
2022-02-12 02:07:21,662 [Listener at 127.0.0.1/38559] INFO  server.StorageContainerManager (StorageContainerManager.java:stop(1451)) - Stopping Block Manager Service.
2022-02-12 02:07:21,663 [Listener at 127.0.0.1/38559] INFO  utils.BackgroundService (BackgroundService.java:shutdown(132)) - Shutting down service SCMBlockDeletingService
2022-02-12 02:07:21,664 [Listener at 127.0.0.1/38559] INFO  utils.BackgroundService (BackgroundService.java:shutdown(132)) - Shutting down service SCMBlockDeletingService
2022-02-12 02:07:21,664 [Listener at 127.0.0.1/38559] INFO  server.StorageContainerManager (StorageContainerManager.java:stop(1478)) - Stopping SCM Event Queue.
2022-02-12 02:07:21,672 [Listener at 127.0.0.1/38559] INFO  server.StorageContainerManager (StorageContainerManager.java:stop(1489)) - Stopping SCM HA services.
2022-02-12 02:07:21,672 [Listener at 127.0.0.1/38559] INFO  ha.SCMRatisServerImpl (SCMRatisServerImpl.java:stop(236)) - stopping ratis server 0.0.0.0:9894
2022-02-12 02:07:21,672 [Listener at 127.0.0.1/38559] INFO  server.RaftServer (RaftServerProxy.java:lambda$close$6(391)) - 2d4fde2e-e8c6-45b5-8520-02e002a1f180: close
2022-02-12 02:07:21,673 [Listener at 127.0.0.1/38559] INFO  server.RaftServer$Division (RaftServerImpl.java:lambda$close$4(412)) - 2d4fde2e-e8c6-45b5-8520-02e002a1f180@group-13878FBABFC0: shutdown
2022-02-12 02:07:21,673 [Listener at 127.0.0.1/38559] INFO  util.JmxRegister (JmxRegister.java:unregister(73)) - Successfully un-registered JMX Bean with object name Ratis:service=RaftServer,group=group-13878FBABFC0,id=2d4fde2e-e8c6-45b5-8520-02e002a1f180
2022-02-12 02:07:21,673 [Listener at 127.0.0.1/38559] INFO  impl.RoleInfo (RoleInfo.java:shutdownLeaderState(91)) - 2d4fde2e-e8c6-45b5-8520-02e002a1f180: shutdown 2d4fde2e-e8c6-45b5-8520-02e002a1f180@group-13878FBABFC0-LeaderStateImpl
2022-02-12 02:07:21,673 [Listener at 127.0.0.1/38559] INFO  impl.PendingRequests (PendingRequests.java:sendNotLeaderResponses(282)) - 2d4fde2e-e8c6-45b5-8520-02e002a1f180@group-13878FBABFC0-PendingRequests: sendNotLeaderResponses
2022-02-12 02:07:21,673 [Listener at 127.0.0.1/38559] INFO  ha.SCMStateMachine (SCMStateMachine.java:notifyNotLeader(190)) - current leader SCM steps down.
2022-02-12 02:07:21,673 [Listener at 127.0.0.1/38559] INFO  ha.SCMContext (SCMContext.java:updateLeaderAndTerm(90)) - update <isLeader,term> from <true,2> to <false,0>
2022-02-12 02:07:21,674 [Listener at 127.0.0.1/38559] INFO  ha.SCMContext (SCMContext.java:updateLeaderAndTerm(97)) - update <isLeaderReady> from <false> to <false>
2022-02-12 02:07:21,675 [Listener at 127.0.0.1/38559] INFO  impl.StateMachineUpdater (StateMachineUpdater.java:stopAndJoin(149)) - 2d4fde2e-e8c6-45b5-8520-02e002a1f180@group-13878FBABFC0-StateMachineUpdater: set stopIndex = 32
2022-02-12 02:07:21,676 [2d4fde2e-e8c6-45b5-8520-02e002a1f180@group-13878FBABFC0-StateMachineUpdater] INFO  ha.SCMStateMachine (SCMStateMachine.java:takeSnapshot(297)) - Current Snapshot Index 32, takeSnapshot took 0 ms
2022-02-12 02:07:21,676 [2d4fde2e-e8c6-45b5-8520-02e002a1f180@group-13878FBABFC0-StateMachineUpdater] INFO  impl.StateMachineUpdater (StateMachineUpdater.java:takeSnapshot(281)) - 2d4fde2e-e8c6-45b5-8520-02e002a1f180@group-13878FBABFC0-StateMachineUpdater: Took a snapshot at index 32
2022-02-12 02:07:21,676 [2d4fde2e-e8c6-45b5-8520-02e002a1f180@group-13878FBABFC0-StateMachineUpdater] INFO  impl.StateMachineUpdater (StateMachineUpdater.java:lambda$new$0(89)) - 2d4fde2e-e8c6-45b5-8520-02e002a1f180@group-13878FBABFC0-StateMachineUpdater: snapshotIndex: updateIncreasingly -1 -> 32
2022-02-12 02:07:21,676 [Listener at 127.0.0.1/38559] INFO  server.RaftServer$Division (ServerState.java:close(419)) - 2d4fde2e-e8c6-45b5-8520-02e002a1f180@group-13878FBABFC0: closes. applyIndex: 32
2022-02-12 02:07:21,676 [2d4fde2e-e8c6-45b5-8520-02e002a1f180@group-13878FBABFC0-SegmentedRaftLogWorker] INFO  segmented.SegmentedRaftLogWorker (SegmentedRaftLogWorker.java:run(327)) - 2d4fde2e-e8c6-45b5-8520-02e002a1f180@group-13878FBABFC0-SegmentedRaftLogWorker was interrupted, exiting. There are 0 tasks remaining in the queue.
2022-02-12 02:07:21,680 [Listener at 127.0.0.1/38559] INFO  segmented.SegmentedRaftLogWorker (SegmentedRaftLogWorker.java:close(237)) - 2d4fde2e-e8c6-45b5-8520-02e002a1f180@group-13878FBABFC0-SegmentedRaftLogWorker close()
2022-02-12 02:07:21,684 [Listener at 127.0.0.1/38559] INFO  server.GrpcService (GrpcService.java:closeImpl(262)) - 2d4fde2e-e8c6-45b5-8520-02e002a1f180: shutdown server with port 9894 now
2022-02-12 02:07:21,684 [Listener at 127.0.0.1/38559] INFO  server.GrpcService (GrpcService.java:closeImpl(271)) - 2d4fde2e-e8c6-45b5-8520-02e002a1f180: shutdown server with port 9894 successfully
2022-02-12 02:07:21,684 [org.apache.ratis.util.JvmPauseMonitor$$Lambda$421/534662976@558aa1f1] INFO  util.JvmPauseMonitor (JvmPauseMonitor.java:run(109)) - JvmPauseMonitor-2d4fde2e-e8c6-45b5-8520-02e002a1f180: Stopped
2022-02-12 02:07:21,692 [Listener at 127.0.0.1/38559] INFO  pipeline.BackgroundPipelineCreator (BackgroundPipelineCreator.java:stop(158)) - Stopping RatisPipelineUtilsThread.
2022-02-12 02:07:21,693 [Listener at 127.0.0.1/38559] INFO  server.StorageContainerManager (StorageContainerManager.java:stop(1499)) - Stopping SCM MetadataStore.
2022-02-12 02:07:21,694 [Listener at 127.0.0.1/38559] INFO  impl.MetricsSystemImpl (MetricsSystemImpl.java:stop(210)) - Stopping XceiverClientMetrics metrics system...
2022-02-12 02:07:21,703 [prometheus] INFO  impl.MetricsSinkAdapter (MetricsSinkAdapter.java:publishMetricsFromQueue(141)) - prometheus thread interrupted.
2022-02-12 02:07:21,703 [Listener at 127.0.0.1/38559] INFO  impl.MetricsSystemImpl (MetricsSystemImpl.java:stop(216)) - XceiverClientMetrics metrics system stopped.
2022-02-12 02:07:21,894 [Listener at 127.0.0.1/38559] WARN  server.ServerUtils (ServerUtils.java:getScmDbDir(148)) - ozone.scm.db.dirs is not configured. We recommend adding this setting. Falling back to ozone.metadata.dirs instead.
2022-02-12 02:07:21,905 [Listener at 127.0.0.1/38559] INFO  ha.SCMHANodeDetails (SCMHANodeDetails.java:loadSCMHAConfig(157)) - ServiceID for StorageContainerManager is null
2022-02-12 02:07:21,905 [Listener at 127.0.0.1/38559] INFO  ha.SCMHANodeDetails (SCMHANodeDetails.java:loadSCMHAConfig(162)) - ozone.scm.default.service.id is not defined, falling back to ozone.scm.service.ids to find serviceID for StorageContainerManager if it is HA enabled cluster
2022-02-12 02:07:21,906 [Listener at 127.0.0.1/38559] INFO  server.RaftServer (ConfUtils.java:logGet(44)) - raft.rpc.type = GRPC (default)
2022-02-12 02:07:21,906 [Listener at 127.0.0.1/38559] INFO  grpc.GrpcFactory (GrpcFactory.java:checkPooledByteBufAllocatorUseCacheForAllThreads(48)) - PERFORMANCE WARNING: useCacheForAllThreads is true that may cause Netty to create a lot garbage objects and, as a result, trigger GC.
	It is recommended to disable useCacheForAllThreads by setting -Dorg.apache.ratis.thirdparty.io.netty.allocator.useCacheForAllThreads=false in command line.
2022-02-12 02:07:21,906 [Listener at 127.0.0.1/38559] INFO  grpc.GrpcConfigKeys (ConfUtils.java:logGet(44)) - raft.grpc.admin.port = -1 (default)
2022-02-12 02:07:21,906 [Listener at 127.0.0.1/38559] INFO  grpc.GrpcConfigKeys (ConfUtils.java:logGet(44)) - raft.grpc.server.port = 9894 (custom)
2022-02-12 02:07:21,906 [Listener at 127.0.0.1/38559] INFO  grpc.GrpcConfigKeys (ConfUtils.java:logGet(44)) - raft.grpc.client.port = -1 (default)
2022-02-12 02:07:21,907 [Listener at 127.0.0.1/38559] INFO  grpc.GrpcConfigKeys (ConfUtils.java:logGet(44)) - raft.grpc.server.port = 9894 (custom)
2022-02-12 02:07:21,907 [Listener at 127.0.0.1/38559] INFO  grpc.GrpcConfigKeys (ConfUtils.java:logGet(44)) - raft.grpc.server.port = 9894 (custom)
2022-02-12 02:07:21,907 [Listener at 127.0.0.1/38559] INFO  server.GrpcService (ConfUtils.java:logGet(44)) - raft.grpc.message.size.max = 32m (=33554432) (custom)
2022-02-12 02:07:21,907 [Listener at 127.0.0.1/38559] INFO  server.RaftServerConfigKeys (ConfUtils.java:logGet(44)) - raft.server.log.appender.buffer.byte-limit = 33554432 (custom)
2022-02-12 02:07:21,907 [Listener at 127.0.0.1/38559] INFO  server.GrpcService (ConfUtils.java:logGet(44)) - raft.grpc.flow.control.window = 1MB (=1048576) (default)
2022-02-12 02:07:21,907 [Listener at 127.0.0.1/38559] INFO  server.RaftServerConfigKeys (ConfUtils.java:logGet(44)) - raft.server.rpc.request.timeout = 30000ms (custom)
2022-02-12 02:07:21,908 [Listener at 127.0.0.1/38559] INFO  impl.DataStreamServerImpl (ConfUtils.java:logGet(44)) - raft.datastream.type = DISABLED (default)
2022-02-12 02:07:21,909 [Listener at 127.0.0.1/38559] INFO  server.RaftServerConfigKeys (ConfUtils.java:logGet(44)) - raft.server.rpc.slowness.timeout = 120000ms (custom)
2022-02-12 02:07:21,910 [Listener at 127.0.0.1/38559] INFO  server.RaftServerConfigKeys (ConfUtils.java:logGet(44)) - raft.server.leaderelection.leader.step-down.wait-time = 10s (default)
2022-02-12 02:07:21,910 [Listener at 127.0.0.1/38559] INFO  server.RaftServerConfigKeys (ConfUtils.java:logGet(44)) - raft.server.storage.dir = [/home/runner/work/ozone/ozone/hadoop-ozone/integration-test/target/test-dir/MiniOzoneClusterImpl-aab2a9ef-fee9-490a-83f8-38e83ff8be47/ozone-meta/scm-ha] (custom)
2022-02-12 02:07:21,911 [Listener at 127.0.0.1/38559] INFO  server.RaftServer (RaftServerProxy.java:addNew(95)) - 30022ef7-21f3-4f35-b657-3de7ef8be931: addNew group-38E83FF8BE47:[30022ef7-21f3-4f35-b657-3de7ef8be931|rpc:fv-az395-998:9894|priority:0] returns group-38E83FF8BE47:java.util.concurrent.CompletableFuture@2ee6cb8a[Not completed]
2022-02-12 02:07:21,911 [pool-154-thread-1] INFO  server.RaftServer$Division (RaftServerImpl.java:<init>(184)) - 30022ef7-21f3-4f35-b657-3de7ef8be931: new RaftServerImpl for group-38E83FF8BE47:[30022ef7-21f3-4f35-b657-3de7ef8be931|rpc:fv-az395-998:9894|priority:0] with SCMStateMachine:uninitialized
2022-02-12 02:07:21,912 [pool-154-thread-1] INFO  server.RaftServerConfigKeys (ConfUtils.java:logGet(44)) - raft.server.rpc.timeout.min = 5000ms (custom)
2022-02-12 02:07:21,912 [pool-154-thread-1] INFO  server.RaftServerConfigKeys (ConfUtils.java:logGet(44)) - raft.server.rpc.timeout.max = 5200ms (custom)
2022-02-12 02:07:21,912 [pool-154-thread-1] INFO  server.RaftServerConfigKeys (ConfUtils.java:logGet(44)) - raft.server.rpc.sleep.time = 25ms (default)
2022-02-12 02:07:21,912 [pool-154-thread-1] INFO  server.RaftServerConfigKeys (ConfUtils.java:logGet(44)) - raft.server.rpc.slowness.timeout = 120000ms (custom)
2022-02-12 02:07:21,912 [pool-154-thread-1] INFO  server.RaftServerConfigKeys (ConfUtils.java:logGet(44)) - raft.server.leaderelection.leader.step-down.wait-time = 10s (default)
2022-02-12 02:07:21,912 [pool-154-thread-1] INFO  server.RaftServerConfigKeys (ConfUtils.java:logGet(44)) - raft.server.sleep.deviation.threshold = 300ms (default)
2022-02-12 02:07:21,912 [pool-154-thread-1] INFO  server.RaftServerConfigKeys (ConfUtils.java:logGet(44)) - raft.server.log.appender.install.snapshot.enabled = false (custom)
2022-02-12 02:07:21,912 [pool-154-thread-1] INFO  server.RaftServer$Division (ServerState.java:<init>(105)) - 30022ef7-21f3-4f35-b657-3de7ef8be931@group-38E83FF8BE47: ConfigurationManager, init=-1: [30022ef7-21f3-4f35-b657-3de7ef8be931|rpc:fv-az395-998:9894|priority:0], old=null, confs=<EMPTY_MAP>
2022-02-12 02:07:21,912 [pool-154-thread-1] INFO  server.RaftServerConfigKeys (ConfUtils.java:logGet(44)) - raft.server.storage.dir = [/home/runner/work/ozone/ozone/hadoop-ozone/integration-test/target/test-dir/MiniOzoneClusterImpl-aab2a9ef-fee9-490a-83f8-38e83ff8be47/ozone-meta/scm-ha] (custom)
2022-02-12 02:07:21,912 [pool-154-thread-1] INFO  server.RaftServerConfigKeys (ConfUtils.java:logGet(44)) - raft.server.log.corruption.policy = EXCEPTION (default)
2022-02-12 02:07:21,912 [pool-154-thread-1] INFO  server.RaftServerConfigKeys (ConfUtils.java:logGet(44)) - raft.server.storage.free-space.min = 0MB (=0) (default)
2022-02-12 02:07:21,913 [pool-154-thread-1] INFO  storage.RaftStorageDirectory (RaftStorageDirectoryImpl.java:analyzeStorage(135)) - The storage directory /home/runner/work/ozone/ozone/hadoop-ozone/integration-test/target/test-dir/MiniOzoneClusterImpl-aab2a9ef-fee9-490a-83f8-38e83ff8be47/ozone-meta/scm-ha/aab2a9ef-fee9-490a-83f8-38e83ff8be47 does not exist. Creating ...
2022-02-12 02:07:21,924 [pool-154-thread-1] INFO  storage.RaftStorageDirectory (RaftStorageDirectoryImpl.java:tryLock(230)) - Lock on /home/runner/work/ozone/ozone/hadoop-ozone/integration-test/target/test-dir/MiniOzoneClusterImpl-aab2a9ef-fee9-490a-83f8-38e83ff8be47/ozone-meta/scm-ha/aab2a9ef-fee9-490a-83f8-38e83ff8be47/in_use.lock acquired by nodename 9178@fv-az395-998
2022-02-12 02:07:21,925 [pool-154-thread-1] INFO  storage.RaftStorage (RaftStorageImpl.java:format(89)) - Storage directory /home/runner/work/ozone/ozone/hadoop-ozone/integration-test/target/test-dir/MiniOzoneClusterImpl-aab2a9ef-fee9-490a-83f8-38e83ff8be47/ozone-meta/scm-ha/aab2a9ef-fee9-490a-83f8-38e83ff8be47 has been successfully formatted.
2022-02-12 02:07:21,926 [pool-154-thread-1] INFO  server.RaftServerConfigKeys (ConfUtils.java:logGet(44)) - raft.server.notification.no-leader.timeout = 60s (default)
2022-02-12 02:07:21,928 [pool-154-thread-1] INFO  server.RaftServerConfigKeys (ConfUtils.java:logGet(44)) - raft.server.log.use.memory = false (default)
2022-02-12 02:07:21,929 [pool-154-thread-1] INFO  server.RaftServerConfigKeys (ConfUtils.java:logGet(44)) - raft.server.log.purge.gap = 1000000 (custom)
2022-02-12 02:07:21,929 [pool-154-thread-1] INFO  server.RaftServerConfigKeys (ConfUtils.java:logGet(44)) - raft.server.log.appender.buffer.byte-limit = 33554432 (custom)
2022-02-12 02:07:21,943 [pool-154-thread-1] INFO  server.RaftServerConfigKeys (ConfUtils.java:logGet(44)) - raft.server.log.segment.size.max = 4194304 (custom)
2022-02-12 02:07:21,944 [pool-154-thread-1] INFO  server.RaftServerConfigKeys (ConfUtils.java:logGet(44)) - raft.server.log.segment.cache.num.max = 2 (custom)
2022-02-12 02:07:21,944 [pool-154-thread-1] INFO  server.RaftServerConfigKeys (ConfUtils.java:logGet(44)) - raft.server.log.segment.cache.size.max = 200MB (=209715200) (default)
2022-02-12 02:07:21,944 [pool-154-thread-1] INFO  segmented.SegmentedRaftLogWorker (SegmentedRaftLogWorker.java:<init>(182)) - new 30022ef7-21f3-4f35-b657-3de7ef8be931@group-38E83FF8BE47-SegmentedRaftLogWorker for RaftStorageImpl:Storage Directory /home/runner/work/ozone/ozone/hadoop-ozone/integration-test/target/test-dir/MiniOzoneClusterImpl-aab2a9ef-fee9-490a-83f8-38e83ff8be47/ozone-meta/scm-ha/aab2a9ef-fee9-490a-83f8-38e83ff8be47
2022-02-12 02:07:21,944 [pool-154-thread-1] INFO  server.RaftServerConfigKeys (ConfUtils.java:logGet(44)) - raft.server.log.queue.byte-limit = 64MB (=67108864) (default)
2022-02-12 02:07:21,944 [pool-154-thread-1] INFO  server.RaftServerConfigKeys (ConfUtils.java:logGet(44)) - raft.server.log.queue.element-limit = 4096 (default)
2022-02-12 02:07:21,944 [pool-154-thread-1] INFO  server.RaftServerConfigKeys (ConfUtils.java:logGet(44)) - raft.server.log.segment.size.max = 4194304 (custom)
2022-02-12 02:07:21,944 [pool-154-thread-1] INFO  server.RaftServerConfigKeys (ConfUtils.java:logGet(44)) - raft.server.log.preallocated.size = 4194304 (custom)
2022-02-12 02:07:21,944 [pool-154-thread-1] INFO  server.RaftServerConfigKeys (ConfUtils.java:logGet(44)) - raft.server.log.force.sync.num = 128 (default)
2022-02-12 02:07:21,944 [pool-154-thread-1] INFO  server.RaftServerConfigKeys (ConfUtils.java:logGet(44)) - raft.server.log.statemachine.data.sync = true (default)
2022-02-12 02:07:21,945 [pool-154-thread-1] INFO  server.RaftServerConfigKeys (ConfUtils.java:logGet(44)) - raft.server.log.statemachine.data.sync.timeout = 10s (default)
2022-02-12 02:07:21,945 [pool-154-thread-1] INFO  server.RaftServerConfigKeys (ConfUtils.java:logGet(44)) - raft.server.log.statemachine.data.sync.timeout.retry = -1 (default)
2022-02-12 02:07:21,945 [pool-154-thread-1] INFO  server.RaftServerConfigKeys (ConfUtils.java:logGet(44)) - raft.server.log.write.buffer.size = 64KB (=65536) (default)
2022-02-12 02:07:21,949 [pool-154-thread-1] INFO  server.RaftServerConfigKeys (ConfUtils.java:logGet(44)) - raft.server.log.statemachine.data.caching.enabled = false (default)
2022-02-12 02:07:21,949 [pool-154-thread-1] INFO  segmented.SegmentedRaftLogWorker (SegmentedRaftLogWorker.java:lambda$new$0(133)) - 30022ef7-21f3-4f35-b657-3de7ef8be931@group-38E83FF8BE47-SegmentedRaftLogWorker: flushIndex: setUnconditionally 0 -> -1
2022-02-12 02:07:21,949 [pool-154-thread-1] INFO  segmented.SegmentedRaftLogWorker (SegmentedRaftLogWorker.java:lambda$new$0(133)) - 30022ef7-21f3-4f35-b657-3de7ef8be931@group-38E83FF8BE47-SegmentedRaftLogWorker: safeCacheEvictIndex: setUnconditionally 0 -> -1
2022-02-12 02:07:21,956 [pool-154-thread-1] INFO  server.RaftServerConfigKeys (ConfUtils.java:logGet(44)) - raft.server.snapshot.auto.trigger.enabled = true (custom)
2022-02-12 02:07:21,956 [pool-154-thread-1] INFO  server.RaftServerConfigKeys (ConfUtils.java:logGet(44)) - raft.server.snapshot.auto.trigger.threshold = 1000 (custom)
2022-02-12 02:07:21,956 [pool-154-thread-1] INFO  server.RaftServerConfigKeys (ConfUtils.java:logGet(44)) - raft.server.snapshot.retention.file.num = -1 (default)
2022-02-12 02:07:21,956 [pool-154-thread-1] INFO  server.RaftServerConfigKeys (ConfUtils.java:logGet(44)) - raft.server.log.purge.upto.snapshot.index = false (default)
2022-02-12 02:07:21,956 [pool-154-thread-1] INFO  server.RaftServerConfigKeys (ConfUtils.java:logGet(44)) - raft.server.retrycache.expirytime = 60000ms (default)
2022-02-12 02:07:21,957 [pool-154-thread-1] INFO  server.RaftServerConfigKeys (ConfUtils.java:logGet(44)) - raft.server.retrycache.statistics.expirytime = 100μs (default)
2022-02-12 02:07:21,959 [Listener at 127.0.0.1/38559] INFO  server.RaftServer$Division (RaftServerImpl.java:start(301)) - 30022ef7-21f3-4f35-b657-3de7ef8be931@group-38E83FF8BE47: start as a follower, conf=-1: [30022ef7-21f3-4f35-b657-3de7ef8be931|rpc:fv-az395-998:9894|priority:0], old=null
2022-02-12 02:07:21,960 [Listener at 127.0.0.1/38559] INFO  server.RaftServer$Division (RaftServerImpl.java:setRole(290)) - 30022ef7-21f3-4f35-b657-3de7ef8be931@group-38E83FF8BE47: changes role from      null to FOLLOWER at term 0 for startAsFollower
2022-02-12 02:07:21,960 [Listener at 127.0.0.1/38559] INFO  impl.RoleInfo (RoleInfo.java:updateAndGet(130)) - 30022ef7-21f3-4f35-b657-3de7ef8be931: start 30022ef7-21f3-4f35-b657-3de7ef8be931@group-38E83FF8BE47-FollowerState
2022-02-12 02:07:21,966 [Listener at 127.0.0.1/38559] INFO  util.JmxRegister (JmxRegister.java:tryRegister(44)) - Successfully registered JMX Bean with object name Ratis:service=RaftServer,group=group-38E83FF8BE47,id=30022ef7-21f3-4f35-b657-3de7ef8be931
2022-02-12 02:07:21,980 [Listener at 127.0.0.1/38559] INFO  server.RaftServer (RaftServerProxy.java:lambda$start$5(374)) - 30022ef7-21f3-4f35-b657-3de7ef8be931: start RPC server
2022-02-12 02:07:21,980 [Listener at 127.0.0.1/38559] INFO  server.GrpcService (GrpcService.java:startImpl(253)) - 30022ef7-21f3-4f35-b657-3de7ef8be931: GrpcService started, listening on 9894
2022-02-12 02:07:21,985 [org.apache.ratis.util.JvmPauseMonitor$$Lambda$421/534662976@2d3572fb] INFO  util.JvmPauseMonitor (JvmPauseMonitor.java:run(103)) - JvmPauseMonitor-30022ef7-21f3-4f35-b657-3de7ef8be931: Started
2022-02-12 02:07:26,970 [30022ef7-21f3-4f35-b657-3de7ef8be931@group-38E83FF8BE47-FollowerState] INFO  impl.FollowerState (FollowerState.java:run(134)) - 30022ef7-21f3-4f35-b657-3de7ef8be931@group-38E83FF8BE47-FollowerState: change to CANDIDATE, lastRpcElapsedTime:5009814202ns, electionTimeout:5003ms
2022-02-12 02:07:26,970 [30022ef7-21f3-4f35-b657-3de7ef8be931@group-38E83FF8BE47-FollowerState] INFO  impl.RoleInfo (RoleInfo.java:shutdownFollowerState(108)) - 30022ef7-21f3-4f35-b657-3de7ef8be931: shutdown 30022ef7-21f3-4f35-b657-3de7ef8be931@group-38E83FF8BE47-FollowerState
2022-02-12 02:07:26,970 [30022ef7-21f3-4f35-b657-3de7ef8be931@group-38E83FF8BE47-FollowerState] INFO  server.RaftServer$Division (RaftServerImpl.java:setRole(290)) - 30022ef7-21f3-4f35-b657-3de7ef8be931@group-38E83FF8BE47: changes role from  FOLLOWER to CANDIDATE at term 0 for changeToCandidate
2022-02-12 02:07:26,970 [30022ef7-21f3-4f35-b657-3de7ef8be931@group-38E83FF8BE47-FollowerState] INFO  server.RaftServerConfigKeys (ConfUtils.java:logGet(44)) - raft.server.leaderelection.pre-vote = false (custom)
2022-02-12 02:07:26,970 [30022ef7-21f3-4f35-b657-3de7ef8be931@group-38E83FF8BE47-FollowerState] INFO  impl.RoleInfo (RoleInfo.java:updateAndGet(130)) - 30022ef7-21f3-4f35-b657-3de7ef8be931: start 30022ef7-21f3-4f35-b657-3de7ef8be931@group-38E83FF8BE47-LeaderElection14
2022-02-12 02:07:26,980 [30022ef7-21f3-4f35-b657-3de7ef8be931@group-38E83FF8BE47-LeaderElection14] INFO  impl.LeaderElection (LeaderElection.java:askForVotes(306)) - 30022ef7-21f3-4f35-b657-3de7ef8be931@group-38E83FF8BE47-LeaderElection14 ELECTION round 0: submit vote requests at term 1 for -1: [30022ef7-21f3-4f35-b657-3de7ef8be931|rpc:fv-az395-998:9894|priority:0], old=null
2022-02-12 02:07:26,980 [30022ef7-21f3-4f35-b657-3de7ef8be931@group-38E83FF8BE47-LeaderElection14] INFO  impl.LeaderElection (LeaderElection.java:askForVotes(308)) - 30022ef7-21f3-4f35-b657-3de7ef8be931@group-38E83FF8BE47-LeaderElection14 ELECTION round 0: result PASSED (term=1)
2022-02-12 02:07:26,980 [30022ef7-21f3-4f35-b657-3de7ef8be931@group-38E83FF8BE47-LeaderElection14] INFO  impl.RoleInfo (RoleInfo.java:shutdownLeaderElection(121)) - 30022ef7-21f3-4f35-b657-3de7ef8be931: shutdown 30022ef7-21f3-4f35-b657-3de7ef8be931@group-38E83FF8BE47-LeaderElection14
2022-02-12 02:07:26,980 [30022ef7-21f3-4f35-b657-3de7ef8be931@group-38E83FF8BE47-LeaderElection14] INFO  server.RaftServer$Division (RaftServerImpl.java:setRole(290)) - 30022ef7-21f3-4f35-b657-3de7ef8be931@group-38E83FF8BE47: changes role from CANDIDATE to LEADER at term 1 for changeToLeader
2022-02-12 02:07:26,980 [30022ef7-21f3-4f35-b657-3de7ef8be931@group-38E83FF8BE47-LeaderElection14] INFO  server.RaftServer$Division (ServerState.java:setLeader(285)) - 30022ef7-21f3-4f35-b657-3de7ef8be931@group-38E83FF8BE47: change Leader from null to 30022ef7-21f3-4f35-b657-3de7ef8be931 at term 1 for becomeLeader, leader elected after 5053ms
2022-02-12 02:07:26,980 [30022ef7-21f3-4f35-b657-3de7ef8be931@group-38E83FF8BE47-LeaderElection14] INFO  server.RaftServerConfigKeys (ConfUtils.java:logGet(44)) - raft.server.staging.catchup.gap = 1000 (default)
2022-02-12 02:07:26,984 [30022ef7-21f3-4f35-b657-3de7ef8be931@group-38E83FF8BE47-LeaderElection14] INFO  server.RaftServerConfigKeys (ConfUtils.java:logGet(44)) - raft.server.write.element-limit = 4096 (default)
2022-02-12 02:07:26,985 [30022ef7-21f3-4f35-b657-3de7ef8be931@group-38E83FF8BE47-LeaderElection14] INFO  server.RaftServerConfigKeys (ConfUtils.java:logGet(44)) - raft.server.write.byte-limit = 64MB (=67108864) (default)
2022-02-12 02:07:26,985 [30022ef7-21f3-4f35-b657-3de7ef8be931@group-38E83FF8BE47-LeaderElection14] INFO  server.RaftServerConfigKeys (ConfUtils.java:logGet(44)) - raft.server.watch.timeout = 10s (default)
2022-02-12 02:07:26,985 [30022ef7-21f3-4f35-b657-3de7ef8be931@group-38E83FF8BE47-LeaderElection14] INFO  server.RaftServerConfigKeys (ConfUtils.java:logGet(44)) - raft.server.watch.timeout.denomination = 1s (default)
2022-02-12 02:07:26,985 [30022ef7-21f3-4f35-b657-3de7ef8be931@group-38E83FF8BE47-LeaderElection14] INFO  server.RaftServerConfigKeys (ConfUtils.java:logGet(44)) - raft.server.watch.element-limit = 65536 (default)
2022-02-12 02:07:26,985 [30022ef7-21f3-4f35-b657-3de7ef8be931@group-38E83FF8BE47-LeaderElection14] INFO  server.RaftServerConfigKeys (ConfUtils.java:logGet(44)) - raft.server.write.element-limit = 4096 (default)
2022-02-12 02:07:26,985 [30022ef7-21f3-4f35-b657-3de7ef8be931@group-38E83FF8BE47-LeaderElection14] INFO  server.RaftServerConfigKeys (ConfUtils.java:logGet(44)) - raft.server.write.follower.gap.ratio.max = -1.0 (default)
2022-02-12 02:07:26,985 [30022ef7-21f3-4f35-b657-3de7ef8be931@group-38E83FF8BE47-LeaderElection14] INFO  impl.RoleInfo (RoleInfo.java:updateAndGet(130)) - 30022ef7-21f3-4f35-b657-3de7ef8be931: start 30022ef7-21f3-4f35-b657-3de7ef8be931@group-38E83FF8BE47-LeaderStateImpl
2022-02-12 02:07:26,986 [30022ef7-21f3-4f35-b657-3de7ef8be931@group-38E83FF8BE47-LeaderElection14] INFO  segmented.SegmentedRaftLogWorker (SegmentedRaftLogWorker.java:startLogSegment(394)) - 30022ef7-21f3-4f35-b657-3de7ef8be931@group-38E83FF8BE47-SegmentedRaftLogWorker: Starting segment from index:0
2022-02-12 02:07:26,997 [30022ef7-21f3-4f35-b657-3de7ef8be931@group-38E83FF8BE47-LeaderElection14] INFO  server.RaftServer$Division (ServerState.java:setRaftConf(387)) - 30022ef7-21f3-4f35-b657-3de7ef8be931@group-38E83FF8BE47: set configuration 0: [30022ef7-21f3-4f35-b657-3de7ef8be931|rpc:fv-az395-998:9894|admin:|client:|dataStream:|priority:0], old=null
2022-02-12 02:07:26,997 [30022ef7-21f3-4f35-b657-3de7ef8be931@group-38E83FF8BE47-SegmentedRaftLogWorker] INFO  segmented.SegmentedRaftLogWorker (SegmentedRaftLogWorker.java:execute(601)) - 30022ef7-21f3-4f35-b657-3de7ef8be931@group-38E83FF8BE47-SegmentedRaftLogWorker: created new log segment /home/runner/work/ozone/ozone/hadoop-ozone/integration-test/target/test-dir/MiniOzoneClusterImpl-aab2a9ef-fee9-490a-83f8-38e83ff8be47/ozone-meta/scm-ha/aab2a9ef-fee9-490a-83f8-38e83ff8be47/current/log_inprogress_0
2022-02-12 02:07:27,986 [Listener at 127.0.0.1/38559] INFO  server.RaftServer (RaftServerProxy.java:lambda$close$6(391)) - 30022ef7-21f3-4f35-b657-3de7ef8be931: close
2022-02-12 02:07:27,986 [Listener at 127.0.0.1/38559] INFO  server.RaftServer$Division (RaftServerImpl.java:lambda$close$4(412)) - 30022ef7-21f3-4f35-b657-3de7ef8be931@group-38E83FF8BE47: shutdown
2022-02-12 02:07:27,986 [Listener at 127.0.0.1/38559] INFO  util.JmxRegister (JmxRegister.java:unregister(73)) - Successfully un-registered JMX Bean with object name Ratis:service=RaftServer,group=group-38E83FF8BE47,id=30022ef7-21f3-4f35-b657-3de7ef8be931
2022-02-12 02:07:27,986 [Listener at 127.0.0.1/38559] INFO  impl.RoleInfo (RoleInfo.java:shutdownLeaderState(91)) - 30022ef7-21f3-4f35-b657-3de7ef8be931: shutdown 30022ef7-21f3-4f35-b657-3de7ef8be931@group-38E83FF8BE47-LeaderStateImpl
2022-02-12 02:07:27,986 [Listener at 127.0.0.1/38559] INFO  impl.PendingRequests (PendingRequests.java:sendNotLeaderResponses(282)) - 30022ef7-21f3-4f35-b657-3de7ef8be931@group-38E83FF8BE47-PendingRequests: sendNotLeaderResponses
2022-02-12 02:07:27,987 [Listener at 127.0.0.1/38559] INFO  impl.StateMachineUpdater (StateMachineUpdater.java:stopAndJoin(149)) - 30022ef7-21f3-4f35-b657-3de7ef8be931@group-38E83FF8BE47-StateMachineUpdater: set stopIndex = 0
2022-02-12 02:07:27,987 [30022ef7-21f3-4f35-b657-3de7ef8be931@group-38E83FF8BE47-StateMachineUpdater] INFO  impl.StateMachineUpdater (StateMachineUpdater.java:takeSnapshot(281)) - 30022ef7-21f3-4f35-b657-3de7ef8be931@group-38E83FF8BE47-StateMachineUpdater: Took a snapshot at index 0
2022-02-12 02:07:27,987 [30022ef7-21f3-4f35-b657-3de7ef8be931@group-38E83FF8BE47-StateMachineUpdater] INFO  impl.StateMachineUpdater (StateMachineUpdater.java:lambda$new$0(89)) - 30022ef7-21f3-4f35-b657-3de7ef8be931@group-38E83FF8BE47-StateMachineUpdater: snapshotIndex: updateIncreasingly -1 -> 0
2022-02-12 02:07:27,991 [Listener at 127.0.0.1/38559] INFO  server.RaftServer$Division (ServerState.java:close(419)) - 30022ef7-21f3-4f35-b657-3de7ef8be931@group-38E83FF8BE47: closes. applyIndex: 0
2022-02-12 02:07:27,992 [30022ef7-21f3-4f35-b657-3de7ef8be931@group-38E83FF8BE47-SegmentedRaftLogWorker] INFO  segmented.SegmentedRaftLogWorker (SegmentedRaftLogWorker.java:run(327)) - 30022ef7-21f3-4f35-b657-3de7ef8be931@group-38E83FF8BE47-SegmentedRaftLogWorker was interrupted, exiting. There are 0 tasks remaining in the queue.
2022-02-12 02:07:27,993 [Listener at 127.0.0.1/38559] INFO  segmented.SegmentedRaftLogWorker (SegmentedRaftLogWorker.java:close(237)) - 30022ef7-21f3-4f35-b657-3de7ef8be931@group-38E83FF8BE47-SegmentedRaftLogWorker close()
2022-02-12 02:07:28,003 [Listener at 127.0.0.1/38559] INFO  server.GrpcService (GrpcService.java:closeImpl(262)) - 30022ef7-21f3-4f35-b657-3de7ef8be931: shutdown server with port 9894 now
2022-02-12 02:07:28,003 [Listener at 127.0.0.1/38559] INFO  server.GrpcService (GrpcService.java:closeImpl(271)) - 30022ef7-21f3-4f35-b657-3de7ef8be931: shutdown server with port 9894 successfully
2022-02-12 02:07:28,003 [org.apache.ratis.util.JvmPauseMonitor$$Lambda$421/534662976@2d3572fb] INFO  util.JvmPauseMonitor (JvmPauseMonitor.java:run(109)) - JvmPauseMonitor-30022ef7-21f3-4f35-b657-3de7ef8be931: Stopped
2022-02-12 02:07:28,004 [Listener at 127.0.0.1/38559] INFO  ha.SCMHANodeDetails (SCMHANodeDetails.java:loadSCMHAConfig(157)) - ServiceID for StorageContainerManager is null
2022-02-12 02:07:28,004 [Listener at 127.0.0.1/38559] INFO  ha.SCMHANodeDetails (SCMHANodeDetails.java:loadSCMHAConfig(162)) - ozone.scm.default.service.id is not defined, falling back to ozone.scm.service.ids to find serviceID for StorageContainerManager if it is HA enabled cluster
2022-02-12 02:07:28,005 [Listener at 127.0.0.1/38559] WARN  server.ServerUtils (ServerUtils.java:getScmDbDir(148)) - ozone.scm.db.dirs is not configured. We recommend adding this setting. Falling back to ozone.metadata.dirs instead.
2022-02-12 02:07:28,005 [Listener at 127.0.0.1/38559] INFO  upgrade.AbstractLayoutVersionManager (AbstractLayoutVersionManager.java:init(79)) - Initializing Layout version manager with metadata layout = SCM_HA (version = 2), software layout = SCM_HA (version = 2)
2022-02-12 02:07:28,098 [Listener at 127.0.0.1/38559] INFO  reflections.Reflections (Reflections.java:scan(232)) - Reflections took 92 ms to scan 7 urls, producing 119 keys and 279 values 
2022-02-12 02:07:28,107 [Listener at 127.0.0.1/38559] WARN  utils.HAUtils (HAUtils.java:getMetaDir(342)) - ozone.scm.db.dirs is not configured. We recommend adding this setting. Falling back to ozone.metadata.dirs instead.
2022-02-12 02:07:28,111 [Listener at 127.0.0.1/38559] WARN  db.DBStoreBuilder (DBStoreBuilder.java:applyDBDefinition(145)) - ozone.scm.db.dirs is not configured. We recommend adding this setting. Falling back to ozone.metadata.dirs instead.
2022-02-12 02:07:28,249 [Listener at 127.0.0.1/38559] INFO  net.NodeSchemaLoader (NodeSchemaLoader.java:loadSchemaFromFile(129)) - Loading schema from [jar:file:/home/runner/.m2/repository/org/apache/ozone/hdds-common/1.3.0-SNAPSHOT/hdds-common-1.3.0-SNAPSHOT.jar!/network-topology-default.xml]
2022-02-12 02:07:28,250 [Listener at 127.0.0.1/38559] INFO  net.NodeSchemaLoader (NodeSchemaLoader.java:loadSchema(176)) - Loading network topology layer schema file
2022-02-12 02:07:28,254 [Listener at 127.0.0.1/38559] INFO  ha.SCMRatisServerImpl (SCMRatisServerImpl.java:<init>(87)) - starting Raft server for scm:30022ef7-21f3-4f35-b657-3de7ef8be931
2022-02-12 02:07:28,259 [Listener at 127.0.0.1/38559] INFO  server.RaftServer (ConfUtils.java:logGet(44)) - raft.rpc.type = GRPC (default)
2022-02-12 02:07:28,259 [Listener at 127.0.0.1/38559] INFO  grpc.GrpcFactory (GrpcFactory.java:checkPooledByteBufAllocatorUseCacheForAllThreads(48)) - PERFORMANCE WARNING: useCacheForAllThreads is true that may cause Netty to create a lot garbage objects and, as a result, trigger GC.
	It is recommended to disable useCacheForAllThreads by setting -Dorg.apache.ratis.thirdparty.io.netty.allocator.useCacheForAllThreads=false in command line.
2022-02-12 02:07:28,259 [Listener at 127.0.0.1/38559] INFO  grpc.GrpcConfigKeys (ConfUtils.java:logGet(44)) - raft.grpc.admin.port = -1 (default)
2022-02-12 02:07:28,259 [Listener at 127.0.0.1/38559] INFO  grpc.GrpcConfigKeys (ConfUtils.java:logGet(44)) - raft.grpc.server.port = 9894 (custom)
2022-02-12 02:07:28,260 [Listener at 127.0.0.1/38559] INFO  grpc.GrpcConfigKeys (ConfUtils.java:logGet(44)) - raft.grpc.client.port = -1 (default)
2022-02-12 02:07:28,260 [Listener at 127.0.0.1/38559] INFO  grpc.GrpcConfigKeys (ConfUtils.java:logGet(44)) - raft.grpc.server.port = 9894 (custom)
2022-02-12 02:07:28,260 [Listener at 127.0.0.1/38559] INFO  grpc.GrpcConfigKeys (ConfUtils.java:logGet(44)) - raft.grpc.server.port = 9894 (custom)
2022-02-12 02:07:28,260 [Listener at 127.0.0.1/38559] INFO  server.GrpcService (ConfUtils.java:logGet(44)) - raft.grpc.message.size.max = 32m (=33554432) (custom)
2022-02-12 02:07:28,260 [Listener at 127.0.0.1/38559] INFO  server.RaftServerConfigKeys (ConfUtils.java:logGet(44)) - raft.server.log.appender.buffer.byte-limit = 33554432 (custom)
2022-02-12 02:07:28,260 [Listener at 127.0.0.1/38559] INFO  server.GrpcService (ConfUtils.java:logGet(44)) - raft.grpc.flow.control.window = 1MB (=1048576) (default)
2022-02-12 02:07:28,260 [Listener at 127.0.0.1/38559] INFO  server.RaftServerConfigKeys (ConfUtils.java:logGet(44)) - raft.server.rpc.request.timeout = 30000ms (custom)
2022-02-12 02:07:28,261 [Listener at 127.0.0.1/38559] INFO  impl.DataStreamServerImpl (ConfUtils.java:logGet(44)) - raft.datastream.type = DISABLED (default)
2022-02-12 02:07:28,262 [Listener at 127.0.0.1/38559] INFO  server.RaftServerConfigKeys (ConfUtils.java:logGet(44)) - raft.server.rpc.slowness.timeout = 120000ms (custom)
2022-02-12 02:07:28,262 [Listener at 127.0.0.1/38559] INFO  server.RaftServerConfigKeys (ConfUtils.java:logGet(44)) - raft.server.leaderelection.leader.step-down.wait-time = 10s (default)
2022-02-12 02:07:28,262 [Listener at 127.0.0.1/38559] INFO  server.RaftServerConfigKeys (ConfUtils.java:logGet(44)) - raft.server.storage.dir = [/home/runner/work/ozone/ozone/hadoop-ozone/integration-test/target/test-dir/MiniOzoneClusterImpl-aab2a9ef-fee9-490a-83f8-38e83ff8be47/ozone-meta/scm-ha] (custom)
2022-02-12 02:07:28,262 [Listener at 127.0.0.1/38559] INFO  server.RaftServer (RaftServerProxy.java:lambda$null$1(235)) - 30022ef7-21f3-4f35-b657-3de7ef8be931: found a subdirectory /home/runner/work/ozone/ozone/hadoop-ozone/integration-test/target/test-dir/MiniOzoneClusterImpl-aab2a9ef-fee9-490a-83f8-38e83ff8be47/ozone-meta/scm-ha/aab2a9ef-fee9-490a-83f8-38e83ff8be47
2022-02-12 02:07:28,262 [Listener at 127.0.0.1/38559] INFO  server.RaftServer (RaftServerProxy.java:addNew(95)) - 30022ef7-21f3-4f35-b657-3de7ef8be931: addNew group-38E83FF8BE47:[] returns group-38E83FF8BE47:java.util.concurrent.CompletableFuture@5fbd5e9e[Not completed]
2022-02-12 02:07:28,263 [pool-167-thread-1] INFO  server.RaftServer$Division (RaftServerImpl.java:<init>(184)) - 30022ef7-21f3-4f35-b657-3de7ef8be931: new RaftServerImpl for group-38E83FF8BE47:[] with SCMStateMachine:uninitialized
2022-02-12 02:07:28,271 [pool-167-thread-1] INFO  server.RaftServerConfigKeys (ConfUtils.java:logGet(44)) - raft.server.rpc.timeout.min = 5000ms (custom)
2022-02-12 02:07:28,271 [pool-167-thread-1] INFO  server.RaftServerConfigKeys (ConfUtils.java:logGet(44)) - raft.server.rpc.timeout.max = 5200ms (custom)
2022-02-12 02:07:28,271 [pool-167-thread-1] INFO  server.RaftServerConfigKeys (ConfUtils.java:logGet(44)) - raft.server.rpc.sleep.time = 25ms (default)
2022-02-12 02:07:28,271 [pool-167-thread-1] INFO  server.RaftServerConfigKeys (ConfUtils.java:logGet(44)) - raft.server.rpc.slowness.timeout = 120000ms (custom)
2022-02-12 02:07:28,271 [pool-167-thread-1] INFO  server.RaftServerConfigKeys (ConfUtils.java:logGet(44)) - raft.server.leaderelection.leader.step-down.wait-time = 10s (default)
2022-02-12 02:07:28,271 [pool-167-thread-1] INFO  server.RaftServerConfigKeys (ConfUtils.java:logGet(44)) - raft.server.sleep.deviation.threshold = 300ms (default)
2022-02-12 02:07:28,271 [pool-167-thread-1] INFO  server.RaftServerConfigKeys (ConfUtils.java:logGet(44)) - raft.server.log.appender.install.snapshot.enabled = false (custom)
2022-02-12 02:07:28,271 [pool-167-thread-1] INFO  server.RaftServer$Division (ServerState.java:<init>(105)) - 30022ef7-21f3-4f35-b657-3de7ef8be931@group-38E83FF8BE47: ConfigurationManager, init=-1: [], old=null, confs=<EMPTY_MAP>
2022-02-12 02:07:28,271 [pool-167-thread-1] INFO  server.RaftServerConfigKeys (ConfUtils.java:logGet(44)) - raft.server.storage.dir = [/home/runner/work/ozone/ozone/hadoop-ozone/integration-test/target/test-dir/MiniOzoneClusterImpl-aab2a9ef-fee9-490a-83f8-38e83ff8be47/ozone-meta/scm-ha] (custom)
2022-02-12 02:07:28,272 [pool-167-thread-1] INFO  server.RaftServerConfigKeys (ConfUtils.java:logGet(44)) - raft.server.log.corruption.policy = EXCEPTION (default)
2022-02-12 02:07:28,272 [pool-167-thread-1] INFO  server.RaftServerConfigKeys (ConfUtils.java:logGet(44)) - raft.server.storage.free-space.min = 0MB (=0) (default)
2022-02-12 02:07:28,272 [pool-167-thread-1] INFO  storage.RaftStorageDirectory (RaftStorageDirectoryImpl.java:tryLock(230)) - Lock on /home/runner/work/ozone/ozone/hadoop-ozone/integration-test/target/test-dir/MiniOzoneClusterImpl-aab2a9ef-fee9-490a-83f8-38e83ff8be47/ozone-meta/scm-ha/aab2a9ef-fee9-490a-83f8-38e83ff8be47/in_use.lock acquired by nodename 9178@fv-az395-998
2022-02-12 02:07:28,273 [pool-167-thread-1] INFO  storage.RaftStorage (RaftStorageImpl.java:analyzeAndRecoverStorage(110)) - Read RaftStorageMetadata{term=1, votedFor=30022ef7-21f3-4f35-b657-3de7ef8be931} from /home/runner/work/ozone/ozone/hadoop-ozone/integration-test/target/test-dir/MiniOzoneClusterImpl-aab2a9ef-fee9-490a-83f8-38e83ff8be47/ozone-meta/scm-ha/aab2a9ef-fee9-490a-83f8-38e83ff8be47/current/raft-meta
2022-02-12 02:07:28,273 [pool-167-thread-1] INFO  server.RaftServer$Division (ServerState.java:setRaftConf(387)) - 30022ef7-21f3-4f35-b657-3de7ef8be931@group-38E83FF8BE47: set configuration 0: [30022ef7-21f3-4f35-b657-3de7ef8be931|rpc:fv-az395-998:9894|admin:|client:|dataStream:|priority:0], old=null
2022-02-12 02:07:28,273 [pool-167-thread-1] INFO  server.RaftServerConfigKeys (ConfUtils.java:logGet(44)) - raft.server.notification.no-leader.timeout = 60s (default)
2022-02-12 02:07:28,273 [pool-167-thread-1] INFO  server.RaftServerConfigKeys (ConfUtils.java:logGet(44)) - raft.server.log.use.memory = false (default)
2022-02-12 02:07:28,273 [pool-167-thread-1] INFO  server.RaftServerConfigKeys (ConfUtils.java:logGet(44)) - raft.server.log.purge.gap = 1000000 (custom)
2022-02-12 02:07:28,273 [pool-167-thread-1] INFO  server.RaftServerConfigKeys (ConfUtils.java:logGet(44)) - raft.server.log.appender.buffer.byte-limit = 33554432 (custom)
2022-02-12 02:07:28,274 [pool-167-thread-1] INFO  server.RaftServerConfigKeys (ConfUtils.java:logGet(44)) - raft.server.log.segment.size.max = 4194304 (custom)
2022-02-12 02:07:28,274 [pool-167-thread-1] INFO  server.RaftServerConfigKeys (ConfUtils.java:logGet(44)) - raft.server.log.segment.cache.num.max = 2 (custom)
2022-02-12 02:07:28,274 [pool-167-thread-1] INFO  server.RaftServerConfigKeys (ConfUtils.java:logGet(44)) - raft.server.log.segment.cache.size.max = 200MB (=209715200) (default)
2022-02-12 02:07:28,274 [pool-167-thread-1] INFO  segmented.SegmentedRaftLogWorker (SegmentedRaftLogWorker.java:<init>(182)) - new 30022ef7-21f3-4f35-b657-3de7ef8be931@group-38E83FF8BE47-SegmentedRaftLogWorker for RaftStorageImpl:Storage Directory /home/runner/work/ozone/ozone/hadoop-ozone/integration-test/target/test-dir/MiniOzoneClusterImpl-aab2a9ef-fee9-490a-83f8-38e83ff8be47/ozone-meta/scm-ha/aab2a9ef-fee9-490a-83f8-38e83ff8be47
2022-02-12 02:07:28,274 [pool-167-thread-1] INFO  server.RaftServerConfigKeys (ConfUtils.java:logGet(44)) - raft.server.log.queue.byte-limit = 64MB (=67108864) (default)
2022-02-12 02:07:28,274 [pool-167-thread-1] INFO  server.RaftServerConfigKeys (ConfUtils.java:logGet(44)) - raft.server.log.queue.element-limit = 4096 (default)
2022-02-12 02:07:28,274 [pool-167-thread-1] INFO  server.RaftServerConfigKeys (ConfUtils.java:logGet(44)) - raft.server.log.segment.size.max = 4194304 (custom)
2022-02-12 02:07:28,274 [pool-167-thread-1] INFO  server.RaftServerConfigKeys (ConfUtils.java:logGet(44)) - raft.server.log.preallocated.size = 4194304 (custom)
2022-02-12 02:07:28,274 [pool-167-thread-1] INFO  server.RaftServerConfigKeys (ConfUtils.java:logGet(44)) - raft.server.log.force.sync.num = 128 (default)
2022-02-12 02:07:28,274 [pool-167-thread-1] INFO  server.RaftServerConfigKeys (ConfUtils.java:logGet(44)) - raft.server.log.statemachine.data.sync = true (default)
2022-02-12 02:07:28,274 [pool-167-thread-1] INFO  server.RaftServerConfigKeys (ConfUtils.java:logGet(44)) - raft.server.log.statemachine.data.sync.timeout = 10s (default)
2022-02-12 02:07:28,274 [pool-167-thread-1] INFO  server.RaftServerConfigKeys (ConfUtils.java:logGet(44)) - raft.server.log.statemachine.data.sync.timeout.retry = -1 (default)
2022-02-12 02:07:28,275 [pool-167-thread-1] INFO  server.RaftServerConfigKeys (ConfUtils.java:logGet(44)) - raft.server.log.write.buffer.size = 64KB (=65536) (default)
2022-02-12 02:07:28,275 [pool-167-thread-1] INFO  server.RaftServerConfigKeys (ConfUtils.java:logGet(44)) - raft.server.log.statemachine.data.caching.enabled = false (default)
2022-02-12 02:07:28,276 [pool-167-thread-1] INFO  server.RaftServer$Division (ServerState.java:setRaftConf(387)) - 30022ef7-21f3-4f35-b657-3de7ef8be931@group-38E83FF8BE47: set configuration 0: [30022ef7-21f3-4f35-b657-3de7ef8be931|rpc:fv-az395-998:9894|admin:|client:|dataStream:|priority:0], old=null
2022-02-12 02:07:28,276 [pool-167-thread-1] INFO  segmented.LogSegment (LogSegment.java:loadSegment(173)) - Successfully read 1 entries from segment file /home/runner/work/ozone/ozone/hadoop-ozone/integration-test/target/test-dir/MiniOzoneClusterImpl-aab2a9ef-fee9-490a-83f8-38e83ff8be47/ozone-meta/scm-ha/aab2a9ef-fee9-490a-83f8-38e83ff8be47/current/log_inprogress_0
2022-02-12 02:07:28,276 [pool-167-thread-1] INFO  segmented.SegmentedRaftLogWorker (SegmentedRaftLogWorker.java:lambda$new$0(133)) - 30022ef7-21f3-4f35-b657-3de7ef8be931@group-38E83FF8BE47-SegmentedRaftLogWorker: flushIndex: setUnconditionally 0 -> 0
2022-02-12 02:07:28,281 [pool-167-thread-1] INFO  segmented.SegmentedRaftLogWorker (SegmentedRaftLogWorker.java:lambda$new$0(133)) - 30022ef7-21f3-4f35-b657-3de7ef8be931@group-38E83FF8BE47-SegmentedRaftLogWorker: safeCacheEvictIndex: setUnconditionally 0 -> -1
2022-02-12 02:07:28,284 [pool-167-thread-1] INFO  server.RaftServerConfigKeys (ConfUtils.java:logGet(44)) - raft.server.snapshot.auto.trigger.enabled = true (custom)
2022-02-12 02:07:28,284 [pool-167-thread-1] INFO  server.RaftServerConfigKeys (ConfUtils.java:logGet(44)) - raft.server.snapshot.auto.trigger.threshold = 1000 (custom)
2022-02-12 02:07:28,284 [pool-167-thread-1] INFO  server.RaftServerConfigKeys (ConfUtils.java:logGet(44)) - raft.server.snapshot.retention.file.num = -1 (default)
2022-02-12 02:07:28,284 [pool-167-thread-1] INFO  server.RaftServerConfigKeys (ConfUtils.java:logGet(44)) - raft.server.log.purge.upto.snapshot.index = false (default)
2022-02-12 02:07:28,284 [pool-167-thread-1] INFO  server.RaftServerConfigKeys (ConfUtils.java:logGet(44)) - raft.server.retrycache.expirytime = 60000ms (default)
2022-02-12 02:07:28,284 [pool-167-thread-1] INFO  server.RaftServerConfigKeys (ConfUtils.java:logGet(44)) - raft.server.retrycache.statistics.expirytime = 100μs (default)
2022-02-12 02:07:28,285 [Listener at 127.0.0.1/38559] INFO  ha.SCMSnapshotProvider (SCMSnapshotProvider.java:<init>(66)) - Initializing SCM Snapshot Provider
2022-02-12 02:07:28,285 [Listener at 127.0.0.1/38559] WARN  server.ServerUtils (ServerUtils.java:getDefaultRatisDirectory(237)) - Storage directory for Ratis is not configured. It is a good idea to map this to an SSD disk. Falling back to ozone.metadata.dirs
2022-02-12 02:07:28,285 [Listener at 127.0.0.1/38559] WARN  ha.SCMHAUtils (SCMHAUtils.java:getSCMRatisSnapshotDirectory(146)) - SCM snapshot dir is not configured. Falling back to ozone.metadata.dirs config
2022-02-12 02:07:28,287 [Listener at 127.0.0.1/38559] INFO  ha.SequenceIdGenerator (SequenceIdGenerator.java:upgradeToSequenceId(347)) - upgrade localId to 109611004723200000
2022-02-12 02:07:28,287 [Listener at 127.0.0.1/38559] INFO  ha.SequenceIdGenerator (SequenceIdGenerator.java:upgradeToSequenceId(357)) - upgrade delTxnId to 0
2022-02-12 02:07:28,287 [Listener at 127.0.0.1/38559] INFO  ha.SequenceIdGenerator (SequenceIdGenerator.java:upgradeToSequenceId(371)) - upgrade containerId to 0
2022-02-12 02:07:28,287 [Listener at 127.0.0.1/38559] INFO  ha.SequenceIdGenerator (SequenceIdGenerator.java:<init>(218)) - Init the HA SequenceIdGenerator.
2022-02-12 02:07:28,287 [Listener at 127.0.0.1/38559] WARN  server.ServerUtils (ServerUtils.java:sanitizeUserArgs(73)) - ozone.scm.stale.node.interval value = 300000 is larger than max = 100000 based on the key value of ozone.scm.heartbeat.thread.interval, reset to the max value 100000.
2022-02-12 02:07:28,287 [Listener at 127.0.0.1/38559] WARN  server.ServerUtils (ServerUtils.java:sanitizeUserArgs(73)) - ozone.scm.stale.node.interval value = 300000 is larger than max = 100000 based on the key value of ozone.scm.heartbeat.thread.interval, reset to the max value 100000.
2022-02-12 02:07:28,296 [Listener at 127.0.0.1/38559] INFO  node.SCMNodeManager (SCMNodeManager.java:<init>(144)) - Entering startup safe mode.
2022-02-12 02:07:28,296 [Listener at 127.0.0.1/38559] INFO  algorithms.ContainerPlacementPolicyFactory (ContainerPlacementPolicyFactory.java:getPolicy(60)) - Create container placement policy of type org.apache.hadoop.hdds.scm.container.placement.algorithms.SCMContainerPlacementRandom
2022-02-12 02:07:28,297 [Listener at 127.0.0.1/38559] INFO  pipeline.PipelineStateManagerImpl (PipelineStateManagerImpl.java:initialize(78)) - No pipeline exists in current db
2022-02-12 02:07:28,297 [Listener at 127.0.0.1/38559] INFO  algorithms.LeaderChoosePolicyFactory (LeaderChoosePolicyFactory.java:getPolicy(57)) - Create leader choose policy of type org.apache.hadoop.hdds.scm.pipeline.leader.choose.algorithms.MinLeaderCountChoosePolicy
2022-02-12 02:07:28,299 [Listener at 127.0.0.1/38559] INFO  ha.SCMServiceManager (SCMServiceManager.java:register(43)) - Registering service BackgroundPipelineCreator.
2022-02-12 02:07:28,299 [Listener at 127.0.0.1/38559] INFO  pipeline.BackgroundPipelineCreator (BackgroundPipelineCreator.java:start(130)) - Starting RatisPipelineUtilsThread.
2022-02-12 02:07:28,300 [Listener at 127.0.0.1/38559] INFO  algorithms.PipelineChoosePolicyFactory (PipelineChoosePolicyFactory.java:createPipelineChoosePolicyFromClass(73)) - Create pipeline choose policy of type org.apache.hadoop.hdds.scm.pipeline.choose.algorithms.RandomPipelineChoosePolicy
2022-02-12 02:07:28,301 [Listener at 127.0.0.1/38559] INFO  ha.SCMServiceManager (SCMServiceManager.java:register(43)) - Registering service SCMBlockDeletingService.
2022-02-12 02:07:28,301 [Listener at 127.0.0.1/38559] INFO  ha.SCMServiceManager (SCMServiceManager.java:register(43)) - Registering service ReplicationManager.
2022-02-12 02:07:28,301 [Listener at 127.0.0.1/38559] INFO  container.ReplicationManager (ReplicationManager.java:start(326)) - Starting Replication Monitor Thread.
2022-02-12 02:07:28,312 [Listener at 127.0.0.1/38559] INFO  safemode.ContainerSafeModeRule (ContainerSafeModeRule.java:<init>(89)) - containers with one replica threshold count 0
2022-02-12 02:07:28,313 [Listener at 127.0.0.1/38559] INFO  safemode.HealthyPipelineSafeModeRule (HealthyPipelineSafeModeRule.java:initializeRule(156)) - Total pipeline count is 0, healthy pipeline threshold count is 1
2022-02-12 02:07:28,313 [Listener at 127.0.0.1/38559] INFO  safemode.OneReplicaPipelineSafeModeRule (OneReplicaPipelineSafeModeRule.java:initializeRule(180)) - Total pipeline count is 0, pipeline's with at least one datanode reported threshold count is 0
2022-02-12 02:07:28,316 [Listener at 127.0.0.1/38559] INFO  ipc.CallQueueManager (CallQueueManager.java:<init>(90)) - Using callQueue: class java.util.concurrent.LinkedBlockingQueue, queueCapacity: 2000, scheduler: class org.apache.hadoop.ipc.DefaultRpcScheduler, ipcBackoff: false.
2022-02-12 02:07:28,317 [Socket Reader #1 for port 0] INFO  ipc.Server (Server.java:run(1265)) - Starting Socket Reader #1 for port 0
2022-02-12 02:07:28,318 [Listener at 0.0.0.0/41421] INFO  ipc.CallQueueManager (CallQueueManager.java:<init>(90)) - Using callQueue: class java.util.concurrent.LinkedBlockingQueue, queueCapacity: 2000, scheduler: class org.apache.hadoop.ipc.DefaultRpcScheduler, ipcBackoff: false.
2022-02-12 02:07:28,320 [Socket Reader #1 for port 0] INFO  ipc.Server (Server.java:run(1265)) - Starting Socket Reader #1 for port 0
2022-02-12 02:07:28,320 [Listener at 0.0.0.0/45313] INFO  ipc.CallQueueManager (CallQueueManager.java:<init>(90)) - Using callQueue: class java.util.concurrent.LinkedBlockingQueue, queueCapacity: 2000, scheduler: class org.apache.hadoop.ipc.DefaultRpcScheduler, ipcBackoff: false.
2022-02-12 02:07:28,322 [Socket Reader #1 for port 0] INFO  ipc.Server (Server.java:run(1265)) - Starting Socket Reader #1 for port 0
2022-02-12 02:07:28,341 [ReplicationMonitor] INFO  container.ReplicationManager (ReplicationManager.java:processAll(374)) - Replication Manager is not ready to run until 3000ms after safemode exit
2022-02-12 02:07:28,382 [Listener at 0.0.0.0/34023] INFO  algorithms.ContainerPlacementPolicyFactory (ContainerPlacementPolicyFactory.java:getPolicy(60)) - Create container placement policy of type org.apache.hadoop.hdds.scm.container.placement.algorithms.SCMContainerPlacementRandom
2022-02-12 02:07:28,384 [Listener at 0.0.0.0/34023] INFO  server.StorageContainerManager (StorageContainerManager.java:<init>(388)) - 
Container Balancer status:
Key                            Value
Running                        false
Container Balancer Configuration values:
Key                                                Value
Threshold                                          10
Max Datanodes to Involve per Iteration(percent)    20
Max Size to Move per Iteration                     500GB
Max Size Entering Target per Iteration             26GB
Max Size Leaving Source per Iteration              26GB

2022-02-12 02:07:28,385 [Listener at 0.0.0.0/34023] WARN  events.EventQueue (EventQueue.java:fireEvent(194)) - No event handler registered for event TypedEvent{payloadType=SafeModeStatus, name='Safe mode status'}
2022-02-12 02:07:28,385 [Listener at 0.0.0.0/34023] INFO  ha.SCMContext (SCMContext.java:updateSafeModeStatus(211)) - Update SafeModeStatus from SafeModeStatus{safeModeStatus=true, preCheckPassed=false} to SafeModeStatus{safeModeStatus=true, preCheckPassed=false}.
2022-02-12 02:07:28,387 [Listener at 0.0.0.0/34023] INFO  server.StorageContainerManager (StorageContainerManager.java:start(1303)) - StorageContainerLocationProtocol RPC server is listening at /0.0.0.0:34023
2022-02-12 02:07:28,387 [Listener at 0.0.0.0/34023] INFO  ha.SCMRatisServerImpl (SCMRatisServerImpl.java:start(177)) - starting ratis server 0.0.0.0:9894
2022-02-12 02:07:28,387 [Listener at 0.0.0.0/34023] INFO  server.RaftServer$Division (RaftServerImpl.java:start(301)) - 30022ef7-21f3-4f35-b657-3de7ef8be931@group-38E83FF8BE47: start as a follower, conf=0: [30022ef7-21f3-4f35-b657-3de7ef8be931|rpc:fv-az395-998:9894|admin:|client:|dataStream:|priority:0], old=null
2022-02-12 02:07:28,392 [Listener at 0.0.0.0/34023] INFO  server.RaftServer$Division (RaftServerImpl.java:setRole(290)) - 30022ef7-21f3-4f35-b657-3de7ef8be931@group-38E83FF8BE47: changes role from      null to FOLLOWER at term 1 for startAsFollower
2022-02-12 02:07:28,392 [Listener at 0.0.0.0/34023] INFO  impl.RoleInfo (RoleInfo.java:updateAndGet(130)) - 30022ef7-21f3-4f35-b657-3de7ef8be931: start 30022ef7-21f3-4f35-b657-3de7ef8be931@group-38E83FF8BE47-FollowerState
2022-02-12 02:07:28,407 [Listener at 0.0.0.0/34023] INFO  util.JmxRegister (JmxRegister.java:tryRegister(44)) - Successfully registered JMX Bean with object name Ratis:service=RaftServer,group=group-38E83FF8BE47,id=30022ef7-21f3-4f35-b657-3de7ef8be931
2022-02-12 02:07:28,416 [Listener at 0.0.0.0/34023] INFO  server.RaftServer (RaftServerProxy.java:lambda$start$5(374)) - 30022ef7-21f3-4f35-b657-3de7ef8be931: start RPC server
2022-02-12 02:07:28,417 [Listener at 0.0.0.0/34023] INFO  server.GrpcService (GrpcService.java:startImpl(253)) - 30022ef7-21f3-4f35-b657-3de7ef8be931: GrpcService started, listening on 9894
2022-02-12 02:07:28,417 [Listener at 0.0.0.0/34023] INFO  ha.SCMHAManagerImpl (SCMHAManagerImpl.java:start(121)) -  scm role is FOLLOWER peers [30022ef7-21f3-4f35-b657-3de7ef8be931|rpc:fv-az395-998:9894|admin:|client:|dataStream:|priority:0]
2022-02-12 02:07:28,417 [Listener at 0.0.0.0/34023] INFO  ha.InterSCMGrpcService (InterSCMGrpcProtocolService.java:start(94)) - Starting SCM Grpc Service at port 9895
2022-02-12 02:07:28,417 [org.apache.ratis.util.JvmPauseMonitor$$Lambda$421/534662976@4ae8c98a] INFO  util.JvmPauseMonitor (JvmPauseMonitor.java:run(103)) - JvmPauseMonitor-30022ef7-21f3-4f35-b657-3de7ef8be931: Started
2022-02-12 02:07:28,420 [Listener at 0.0.0.0/34023] WARN  impl.MetricsConfig (MetricsConfig.java:loadFirst(136)) - Cannot locate configuration: tried hadoop-metrics2-storagecontainermanager.properties,hadoop-metrics2.properties
2022-02-12 02:07:28,432 [Listener at 0.0.0.0/34023] INFO  impl.MetricsSystemImpl (MetricsSystemImpl.java:startTimer(378)) - Scheduled Metric snapshot period at 10 second(s).
2022-02-12 02:07:28,432 [Listener at 0.0.0.0/34023] INFO  impl.MetricsSystemImpl (MetricsSystemImpl.java:start(191)) - StorageContainerManager metrics system started
2022-02-12 02:07:28,453 [Listener at 0.0.0.0/34023] INFO  impl.MetricsSinkAdapter (MetricsSinkAdapter.java:start(204)) - Sink prometheus started
2022-02-12 02:07:28,475 [Listener at 0.0.0.0/34023] INFO  impl.MetricsSystemImpl (MetricsSystemImpl.java:registerSink(305)) - Registered sink prometheus
2022-02-12 02:07:28,494 [Listener at 0.0.0.0/34023] INFO  server.SCMClientProtocolServer (SCMClientProtocolServer.java:start(165)) - RPC server for Client  is listening at /0.0.0.0:34023
2022-02-12 02:07:28,495 [IPC Server Responder] INFO  ipc.Server (Server.java:run(1507)) - IPC Server Responder: starting
2022-02-12 02:07:28,551 [Listener at 0.0.0.0/34023] INFO  server.StorageContainerManager (StorageContainerManager.java:start(1318)) - ScmBlockLocationProtocol RPC server is listening at /0.0.0.0:45313
2022-02-12 02:07:28,552 [Listener at 0.0.0.0/34023] INFO  server.SCMBlockProtocolServer (SCMBlockProtocolServer.java:start(151)) - RPC server for Block Protocol is listening at /0.0.0.0:45313
2022-02-12 02:07:28,557 [IPC Server Responder] INFO  ipc.Server (Server.java:run(1507)) - IPC Server Responder: starting
2022-02-12 02:07:28,564 [IPC Server listener on 0] INFO  ipc.Server (Server.java:run(1344)) - IPC Server listener on 0: starting
2022-02-12 02:07:28,577 [IPC Server listener on 0] INFO  ipc.Server (Server.java:run(1344)) - IPC Server listener on 0: starting
2022-02-12 02:07:28,582 [Listener at 0.0.0.0/34023] INFO  http.BaseHttpServer (BaseHttpServer.java:newHttpServer2BuilderForOzone(209)) - Starting Web-server for scm at: http://0.0.0.0:0
2022-02-12 02:07:28,582 [Listener at 0.0.0.0/34023] INFO  http.BaseHttpServer (BaseHttpServer.java:<init>(107)) - Hadoop Security Enabled: false Ozone Security Enabled: false Ozone HTTP Security Enabled: false 
2022-02-12 02:07:28,584 [Listener at 0.0.0.0/34023] INFO  server.AuthenticationFilter (AuthenticationFilter.java:constructSecretProvider(240)) - Unable to initialize FileSignerSecretProvider, falling back to use random secrets.
2022-02-12 02:07:28,585 [org.apache.hadoop.util.JvmPauseMonitor$Monitor@6a19485f] INFO  util.JvmPauseMonitor (JvmPauseMonitor.java:run(188)) - Starting JVM pause monitor
2022-02-12 02:07:28,587 [Listener at 0.0.0.0/34023] WARN  http.HttpRequestLog (HttpRequestLog.java:getRequestLog(103)) - Jetty request log can only be enabled using Log4j
2022-02-12 02:07:28,589 [Listener at 0.0.0.0/34023] INFO  http.HttpServer2 (HttpServer2.java:addGlobalFilter(1030)) - Added global filter 'safety' (class=org.apache.hadoop.hdds.server.http.HttpServer2$QuotingInputFilter)
2022-02-12 02:07:28,590 [Listener at 0.0.0.0/34023] INFO  http.HttpServer2 (HttpServer2.java:addFilter(1006)) - Added filter static_user_filter (class=org.apache.hadoop.http.lib.StaticUserWebFilter$StaticUserFilter) to context scm
2022-02-12 02:07:28,590 [Listener at 0.0.0.0/34023] INFO  http.HttpServer2 (HttpServer2.java:addFilter(1014)) - Added filter static_user_filter (class=org.apache.hadoop.http.lib.StaticUserWebFilter$StaticUserFilter) to context static
2022-02-12 02:07:28,590 [Listener at 0.0.0.0/34023] INFO  http.HttpServer2 (HttpServer2.java:addFilter(1014)) - Added filter static_user_filter (class=org.apache.hadoop.http.lib.StaticUserWebFilter$StaticUserFilter) to context logs
2022-02-12 02:07:28,591 [Listener at 0.0.0.0/34023] INFO  http.HttpServer2 (HttpServer2.java:bindListener(1249)) - Jetty bound to port 46567
2022-02-12 02:07:28,591 [Listener at 0.0.0.0/34023] INFO  server.Server (Server.java:doStart(375)) - jetty-9.4.43.v20210629; built: 2021-06-30T11:07:22.254Z; git: 526006ecfa3af7f1a27ef3a288e2bef7ea9dd7e8; jvm 1.8.0_312-b07
2022-02-12 02:07:28,619 [Listener at 0.0.0.0/34023] INFO  server.session (DefaultSessionIdManager.java:doStart(334)) - DefaultSessionIdManager workerName=node0
2022-02-12 02:07:28,619 [Listener at 0.0.0.0/34023] INFO  server.session (DefaultSessionIdManager.java:doStart(339)) - No SessionScavenger set, using defaults
2022-02-12 02:07:28,619 [Listener at 0.0.0.0/34023] INFO  server.session (HouseKeeper.java:startScavenging(132)) - node0 Scavenging every 600000ms
2022-02-12 02:07:28,627 [Listener at 0.0.0.0/34023] INFO  handler.ContextHandler (ContextHandler.java:doStart(915)) - Started o.e.j.s.ServletContextHandler@386ec4a6{logs,/logs,file:///home/runner/work/ozone/ozone/hadoop-ozone/integration-test/target/log,AVAILABLE}
2022-02-12 02:07:28,627 [Listener at 0.0.0.0/34023] INFO  handler.ContextHandler (ContextHandler.java:doStart(915)) - Started o.e.j.s.ServletContextHandler@318faf0b{static,/static,file:///home/runner/work/ozone/ozone/hadoop-ozone/integration-test/target/test-classes/webapps/static,AVAILABLE}
2022-02-12 02:07:28,631 [Listener at 0.0.0.0/34023] INFO  handler.ContextHandler (ContextHandler.java:doStart(915)) - Started o.e.j.w.WebAppContext@6f13b75b{scm,/,file:///home/runner/work/ozone/ozone/hadoop-ozone/integration-test/target/test-classes/webapps/scm/,AVAILABLE}{file:/home/runner/work/ozone/ozone/hadoop-ozone/integration-test/target/test-classes/webapps/scm}
2022-02-12 02:07:28,639 [Listener at 0.0.0.0/34023] INFO  server.AbstractConnector (AbstractConnector.java:doStart(331)) - Started ServerConnector@1212bd7a{HTTP/1.1, (http/1.1)}{0.0.0.0:46567}
2022-02-12 02:07:28,639 [Listener at 0.0.0.0/34023] INFO  server.Server (Server.java:doStart(415)) - Started @66863ms
2022-02-12 02:07:28,639 [Listener at 0.0.0.0/34023] WARN  impl.MetricsSystemImpl (MetricsSystemImpl.java:register(279)) - Sink prometheus already exists!
2022-02-12 02:07:28,640 [Listener at 0.0.0.0/34023] INFO  http.BaseHttpServer (BaseHttpServer.java:updateConnectorAddress(329)) - HTTP server of scm listening at http://0.0.0.0:46567
2022-02-12 02:07:28,640 [Listener at 0.0.0.0/34023] WARN  server.ServerUtils (ServerUtils.java:getDBPath(225)) - ozone.om.db.dirs is not configured. We recommend adding this setting. Falling back to ozone.metadata.dirs instead.
2022-02-12 02:07:28,642 [Listener at 0.0.0.0/34023] INFO  ha.OMHANodeDetails (OMHANodeDetails.java:loadOMHAConfig(112)) - ozone.om.internal.service.id is not defined, falling back to ozone.om.service.ids to find serviceID for OzoneManager if it is HA enabled cluster
2022-02-12 02:07:28,642 [Listener at 0.0.0.0/34023] INFO  ha.OMHANodeDetails (OMHANodeDetails.java:loadOMHAConfig(218)) - Configuration does not have ozone.om.address set. Falling back to the default OM address /127.0.0.1:0
2022-02-12 02:07:28,642 [Listener at 0.0.0.0/34023] INFO  ha.OMHANodeDetails (OMHANodeDetails.java:getOMNodeDetailsForNonHA(246)) - OM Service ID is not set. Setting it to the default ID: omServiceIdDefault
2022-02-12 02:07:28,642 [Listener at 0.0.0.0/34023] INFO  ha.OMHANodeDetails (OMHANodeDetails.java:getOMNodeDetailsForNonHA(253)) - OM Node ID is not set. Setting it to the default ID: om1
2022-02-12 02:07:28,642 [Listener at 0.0.0.0/34023] WARN  server.ServerUtils (ServerUtils.java:getDBPath(225)) - ozone.om.db.dirs is not configured. We recommend adding this setting. Falling back to ozone.metadata.dirs instead.
2022-02-12 02:07:28,643 [Listener at 0.0.0.0/34023] INFO  upgrade.AbstractLayoutVersionManager (AbstractLayoutVersionManager.java:init(79)) - Initializing Layout version manager with metadata layout = INITIAL_VERSION (version = 0), software layout = INITIAL_VERSION (version = 0)
2022-02-12 02:07:28,770 [Listener at 0.0.0.0/34023] INFO  reflections.Reflections (Reflections.java:scan(232)) - Reflections took 127 ms to scan 2 urls, producing 133 keys and 348 values [using 2 cores]
2022-02-12 02:07:28,770 [Listener at 0.0.0.0/34023] INFO  upgrade.OMLayoutVersionManager (OMLayoutVersionManager.java:lambda$0(115)) - Skipping Upgrade Action MockOmUpgradeAction since it has been finalized.
2022-02-12 02:07:28,770 [Listener at 0.0.0.0/34023] WARN  server.ServerUtils (ServerUtils.java:getDBPath(225)) - ozone.om.db.dirs is not configured. We recommend adding this setting. Falling back to ozone.metadata.dirs instead.
2022-02-12 02:07:30,813 [Listener at 0.0.0.0/34023] INFO  retry.RetryInvocationHandler (RetryInvocationHandler.java:log(411)) - com.google.protobuf.ServiceException: org.apache.hadoop.ipc.RemoteException(org.apache.hadoop.hdds.ratis.ServerNotLeaderException): Server:30022ef7-21f3-4f35-b657-3de7ef8be931 is not the leader. Could not determine the leader node.
	at org.apache.hadoop.hdds.ratis.ServerNotLeaderException.convertToNotLeaderException(ServerNotLeaderException.java:109)
	at org.apache.hadoop.hdds.scm.ha.RatisUtil.checkRatisException(RatisUtil.java:245)
	at org.apache.hadoop.hdds.scm.protocol.ScmBlockLocationProtocolServerSideTranslatorPB.send(ScmBlockLocationProtocolServerSideTranslatorPB.java:108)
	at org.apache.hadoop.hdds.protocol.proto.ScmBlockLocationProtocolProtos$ScmBlockLocationProtocolService$2.callBlockingMethod(ScmBlockLocationProtocolProtos.java:13937)
	at org.apache.hadoop.ipc.ProtobufRpcEngine$Server.processCall(ProtobufRpcEngine.java:466)
	at org.apache.hadoop.ipc.ProtobufRpcEngine2$Server$ProtoBufRpcInvoker.call(ProtobufRpcEngine2.java:574)
	at org.apache.hadoop.ipc.ProtobufRpcEngine2$Server$ProtoBufRpcInvoker.call(ProtobufRpcEngine2.java:552)
	at org.apache.hadoop.ipc.RPC$Server.call(RPC.java:1093)
	at org.apache.hadoop.ipc.Server$RpcCall.run(Server.java:1035)
	at org.apache.hadoop.ipc.Server$RpcCall.run(Server.java:963)
	at java.security.AccessController.doPrivileged(Native Method)
	at javax.security.auth.Subject.doAs(Subject.java:422)
	at org.apache.hadoop.security.UserGroupInformation.doAs(UserGroupInformation.java:1878)
	at org.apache.hadoop.ipc.Server$Handler.run(Server.java:2966)
, while invoking $Proxy46.send over nodeId=scmNodeId,nodeAddress=/0.0.0.0:45313 after 1 failover attempts. Trying to failover after sleeping for 2000ms.
2022-02-12 02:07:32,816 [Listener at 0.0.0.0/34023] INFO  retry.RetryInvocationHandler (RetryInvocationHandler.java:log(411)) - com.google.protobuf.ServiceException: org.apache.hadoop.ipc.RemoteException(org.apache.hadoop.hdds.ratis.ServerNotLeaderException): Server:30022ef7-21f3-4f35-b657-3de7ef8be931 is not the leader. Could not determine the leader node.
	at org.apache.hadoop.hdds.ratis.ServerNotLeaderException.convertToNotLeaderException(ServerNotLeaderException.java:109)
	at org.apache.hadoop.hdds.scm.ha.RatisUtil.checkRatisException(RatisUtil.java:245)
	at org.apache.hadoop.hdds.scm.protocol.ScmBlockLocationProtocolServerSideTranslatorPB.send(ScmBlockLocationProtocolServerSideTranslatorPB.java:108)
	at org.apache.hadoop.hdds.protocol.proto.ScmBlockLocationProtocolProtos$ScmBlockLocationProtocolService$2.callBlockingMethod(ScmBlockLocationProtocolProtos.java:13937)
	at org.apache.hadoop.ipc.ProtobufRpcEngine$Server.processCall(ProtobufRpcEngine.java:466)
	at org.apache.hadoop.ipc.ProtobufRpcEngine2$Server$ProtoBufRpcInvoker.call(ProtobufRpcEngine2.java:574)
	at org.apache.hadoop.ipc.ProtobufRpcEngine2$Server$ProtoBufRpcInvoker.call(ProtobufRpcEngine2.java:552)
	at org.apache.hadoop.ipc.RPC$Server.call(RPC.java:1093)
	at org.apache.hadoop.ipc.Server$RpcCall.run(Server.java:1035)
	at org.apache.hadoop.ipc.Server$RpcCall.run(Server.java:963)
	at java.security.AccessController.doPrivileged(Native Method)
	at javax.security.auth.Subject.doAs(Subject.java:422)
	at org.apache.hadoop.security.UserGroupInformation.doAs(UserGroupInformation.java:1878)
	at org.apache.hadoop.ipc.Server$Handler.run(Server.java:2966)
, while invoking $Proxy46.send over nodeId=scmNodeId,nodeAddress=/0.0.0.0:45313 after 2 failover attempts. Trying to failover after sleeping for 2000ms.
2022-02-12 02:07:33,416 [30022ef7-21f3-4f35-b657-3de7ef8be931@group-38E83FF8BE47-FollowerState] INFO  impl.FollowerState (FollowerState.java:run(134)) - 30022ef7-21f3-4f35-b657-3de7ef8be931@group-38E83FF8BE47-FollowerState: change to CANDIDATE, lastRpcElapsedTime:5023497119ns, electionTimeout:5008ms
2022-02-12 02:07:33,417 [30022ef7-21f3-4f35-b657-3de7ef8be931@group-38E83FF8BE47-FollowerState] INFO  impl.RoleInfo (RoleInfo.java:shutdownFollowerState(108)) - 30022ef7-21f3-4f35-b657-3de7ef8be931: shutdown 30022ef7-21f3-4f35-b657-3de7ef8be931@group-38E83FF8BE47-FollowerState
2022-02-12 02:07:33,417 [30022ef7-21f3-4f35-b657-3de7ef8be931@group-38E83FF8BE47-FollowerState] INFO  server.RaftServer$Division (RaftServerImpl.java:setRole(290)) - 30022ef7-21f3-4f35-b657-3de7ef8be931@group-38E83FF8BE47: changes role from  FOLLOWER to CANDIDATE at term 1 for changeToCandidate
2022-02-12 02:07:33,417 [30022ef7-21f3-4f35-b657-3de7ef8be931@group-38E83FF8BE47-FollowerState] INFO  server.RaftServerConfigKeys (ConfUtils.java:logGet(44)) - raft.server.leaderelection.pre-vote = false (custom)
2022-02-12 02:07:33,417 [30022ef7-21f3-4f35-b657-3de7ef8be931@group-38E83FF8BE47-FollowerState] INFO  impl.RoleInfo (RoleInfo.java:updateAndGet(130)) - 30022ef7-21f3-4f35-b657-3de7ef8be931: start 30022ef7-21f3-4f35-b657-3de7ef8be931@group-38E83FF8BE47-LeaderElection15
2022-02-12 02:07:33,423 [30022ef7-21f3-4f35-b657-3de7ef8be931@group-38E83FF8BE47-LeaderElection15] INFO  impl.LeaderElection (LeaderElection.java:askForVotes(306)) - 30022ef7-21f3-4f35-b657-3de7ef8be931@group-38E83FF8BE47-LeaderElection15 ELECTION round 0: submit vote requests at term 2 for 0: [30022ef7-21f3-4f35-b657-3de7ef8be931|rpc:fv-az395-998:9894|admin:|client:|dataStream:|priority:0], old=null
2022-02-12 02:07:33,424 [30022ef7-21f3-4f35-b657-3de7ef8be931@group-38E83FF8BE47-LeaderElection15] INFO  impl.LeaderElection (LeaderElection.java:askForVotes(308)) - 30022ef7-21f3-4f35-b657-3de7ef8be931@group-38E83FF8BE47-LeaderElection15 ELECTION round 0: result PASSED (term=2)
2022-02-12 02:07:33,428 [30022ef7-21f3-4f35-b657-3de7ef8be931@group-38E83FF8BE47-LeaderElection15] INFO  impl.RoleInfo (RoleInfo.java:shutdownLeaderElection(121)) - 30022ef7-21f3-4f35-b657-3de7ef8be931: shutdown 30022ef7-21f3-4f35-b657-3de7ef8be931@group-38E83FF8BE47-LeaderElection15
2022-02-12 02:07:33,429 [30022ef7-21f3-4f35-b657-3de7ef8be931@group-38E83FF8BE47-LeaderElection15] INFO  server.RaftServer$Division (RaftServerImpl.java:setRole(290)) - 30022ef7-21f3-4f35-b657-3de7ef8be931@group-38E83FF8BE47: changes role from CANDIDATE to LEADER at term 2 for changeToLeader
2022-02-12 02:07:33,430 [30022ef7-21f3-4f35-b657-3de7ef8be931@group-38E83FF8BE47-LeaderElection15] INFO  ha.SCMStateMachine (SCMStateMachine.java:notifyLeaderChanged(259)) - current SCM becomes leader of term 2.
2022-02-12 02:07:33,430 [30022ef7-21f3-4f35-b657-3de7ef8be931@group-38E83FF8BE47-LeaderElection15] INFO  ha.SCMContext (SCMContext.java:updateLeaderAndTerm(90)) - update <isLeader,term> from <false,0> to <true,2>
2022-02-12 02:07:33,430 [30022ef7-21f3-4f35-b657-3de7ef8be931@group-38E83FF8BE47-LeaderElection15] INFO  server.RaftServer$Division (ServerState.java:setLeader(285)) - 30022ef7-21f3-4f35-b657-3de7ef8be931@group-38E83FF8BE47: change Leader from null to 30022ef7-21f3-4f35-b657-3de7ef8be931 at term 2 for becomeLeader, leader elected after 5156ms
2022-02-12 02:07:33,430 [30022ef7-21f3-4f35-b657-3de7ef8be931@group-38E83FF8BE47-LeaderElection15] INFO  server.RaftServerConfigKeys (ConfUtils.java:logGet(44)) - raft.server.staging.catchup.gap = 1000 (default)
2022-02-12 02:07:33,431 [30022ef7-21f3-4f35-b657-3de7ef8be931@group-38E83FF8BE47-LeaderElection15] INFO  server.RaftServerConfigKeys (ConfUtils.java:logGet(44)) - raft.server.write.element-limit = 4096 (default)
2022-02-12 02:07:33,431 [30022ef7-21f3-4f35-b657-3de7ef8be931@group-38E83FF8BE47-LeaderElection15] INFO  server.RaftServerConfigKeys (ConfUtils.java:logGet(44)) - raft.server.write.byte-limit = 64MB (=67108864) (default)
2022-02-12 02:07:33,431 [30022ef7-21f3-4f35-b657-3de7ef8be931@group-38E83FF8BE47-LeaderElection15] INFO  server.RaftServerConfigKeys (ConfUtils.java:logGet(44)) - raft.server.watch.timeout = 10s (default)
2022-02-12 02:07:33,431 [30022ef7-21f3-4f35-b657-3de7ef8be931@group-38E83FF8BE47-LeaderElection15] INFO  server.RaftServerConfigKeys (ConfUtils.java:logGet(44)) - raft.server.watch.timeout.denomination = 1s (default)
2022-02-12 02:07:33,431 [30022ef7-21f3-4f35-b657-3de7ef8be931@group-38E83FF8BE47-LeaderElection15] INFO  server.RaftServerConfigKeys (ConfUtils.java:logGet(44)) - raft.server.watch.element-limit = 65536 (default)
2022-02-12 02:07:33,431 [30022ef7-21f3-4f35-b657-3de7ef8be931@group-38E83FF8BE47-LeaderElection15] INFO  server.RaftServerConfigKeys (ConfUtils.java:logGet(44)) - raft.server.write.element-limit = 4096 (default)
2022-02-12 02:07:33,431 [30022ef7-21f3-4f35-b657-3de7ef8be931@group-38E83FF8BE47-LeaderElection15] INFO  server.RaftServerConfigKeys (ConfUtils.java:logGet(44)) - raft.server.write.follower.gap.ratio.max = -1.0 (default)
2022-02-12 02:07:33,431 [30022ef7-21f3-4f35-b657-3de7ef8be931@group-38E83FF8BE47-LeaderElection15] INFO  impl.RoleInfo (RoleInfo.java:updateAndGet(130)) - 30022ef7-21f3-4f35-b657-3de7ef8be931: start 30022ef7-21f3-4f35-b657-3de7ef8be931@group-38E83FF8BE47-LeaderStateImpl
2022-02-12 02:07:33,434 [30022ef7-21f3-4f35-b657-3de7ef8be931@group-38E83FF8BE47-LeaderElection15] INFO  segmented.SegmentedRaftLogWorker (SegmentedRaftLogWorker.java:rollLogSegment(399)) - 30022ef7-21f3-4f35-b657-3de7ef8be931@group-38E83FF8BE47-SegmentedRaftLogWorker: Rolling segment log-0_0 to index:0
2022-02-12 02:07:33,437 [30022ef7-21f3-4f35-b657-3de7ef8be931@group-38E83FF8BE47-SegmentedRaftLogWorker] INFO  segmented.SegmentedRaftLogWorker (SegmentedRaftLogWorker.java:execute(558)) - 30022ef7-21f3-4f35-b657-3de7ef8be931@group-38E83FF8BE47-SegmentedRaftLogWorker: Rolled log segment from /home/runner/work/ozone/ozone/hadoop-ozone/integration-test/target/test-dir/MiniOzoneClusterImpl-aab2a9ef-fee9-490a-83f8-38e83ff8be47/ozone-meta/scm-ha/aab2a9ef-fee9-490a-83f8-38e83ff8be47/current/log_inprogress_0 to /home/runner/work/ozone/ozone/hadoop-ozone/integration-test/target/test-dir/MiniOzoneClusterImpl-aab2a9ef-fee9-490a-83f8-38e83ff8be47/ozone-meta/scm-ha/aab2a9ef-fee9-490a-83f8-38e83ff8be47/current/log_0-0
2022-02-12 02:07:33,444 [30022ef7-21f3-4f35-b657-3de7ef8be931@group-38E83FF8BE47-LeaderElection15] INFO  server.RaftServer$Division (ServerState.java:setRaftConf(387)) - 30022ef7-21f3-4f35-b657-3de7ef8be931@group-38E83FF8BE47: set configuration 1: [30022ef7-21f3-4f35-b657-3de7ef8be931|rpc:fv-az395-998:9894|admin:|client:|dataStream:|priority:0], old=null
2022-02-12 02:07:33,448 [30022ef7-21f3-4f35-b657-3de7ef8be931@group-38E83FF8BE47-SegmentedRaftLogWorker] INFO  segmented.SegmentedRaftLogWorker (SegmentedRaftLogWorker.java:execute(601)) - 30022ef7-21f3-4f35-b657-3de7ef8be931@group-38E83FF8BE47-SegmentedRaftLogWorker: created new log segment /home/runner/work/ozone/ozone/hadoop-ozone/integration-test/target/test-dir/MiniOzoneClusterImpl-aab2a9ef-fee9-490a-83f8-38e83ff8be47/ozone-meta/scm-ha/aab2a9ef-fee9-490a-83f8-38e83ff8be47/current/log_inprogress_1
2022-02-12 02:07:33,455 [30022ef7-21f3-4f35-b657-3de7ef8be931@group-38E83FF8BE47-StateMachineUpdater] INFO  ha.SCMContext (SCMContext.java:setLeaderReady(117)) - update <isLeaderReady> from <false> to <true>
2022-02-12 02:07:33,456 [30022ef7-21f3-4f35-b657-3de7ef8be931@group-38E83FF8BE47-StateMachineUpdater] INFO  pipeline.BackgroundPipelineCreator (BackgroundPipelineCreator.java:notifyStatusChanged(264)) - Service BackgroundPipelineCreator transitions to RUNNING.
2022-02-12 02:07:33,457 [30022ef7-21f3-4f35-b657-3de7ef8be931@group-38E83FF8BE47-StateMachineUpdater] INFO  safemode.HealthyPipelineSafeModeRule (HealthyPipelineSafeModeRule.java:initializeRule(152)) - Refreshed total pipeline count is 0, healthy pipeline threshold count is 1
2022-02-12 02:07:33,457 [30022ef7-21f3-4f35-b657-3de7ef8be931@group-38E83FF8BE47-StateMachineUpdater] INFO  safemode.ContainerSafeModeRule (ContainerSafeModeRule.java:reInitializeRule(177)) - Refreshed one replica container threshold 0, currentThreshold 0
2022-02-12 02:07:33,457 [30022ef7-21f3-4f35-b657-3de7ef8be931@group-38E83FF8BE47-StateMachineUpdater] INFO  safemode.OneReplicaPipelineSafeModeRule (OneReplicaPipelineSafeModeRule.java:initializeRule(176)) - Refreshed Total pipeline count is 0, pipeline's with at least one datanode reported threshold count is 0
2022-02-12 02:07:33,457 [30022ef7-21f3-4f35-b657-3de7ef8be931@group-38E83FF8BE47-StateMachineUpdater] INFO  server.SCMDatanodeProtocolServer (SCMDatanodeProtocolServer.java:start(181)) - ScmDatanodeProtocol RPC server for DataNodes is listening at /0.0.0.0:41421
2022-02-12 02:07:33,463 [IPC Server listener on 0] INFO  ipc.Server (Server.java:run(1344)) - IPC Server listener on 0: starting
2022-02-12 02:07:33,472 [IPC Server Responder] INFO  ipc.Server (Server.java:run(1507)) - IPC Server Responder: starting
2022-02-12 02:07:34,821 [Listener at 0.0.0.0/34023] WARN  server.ServerUtils (ServerUtils.java:getDBPath(225)) - ozone.om.db.dirs is not configured. We recommend adding this setting. Falling back to ozone.metadata.dirs instead.
2022-02-12 02:07:34,822 [Listener at 0.0.0.0/34023] INFO  codec.OmKeyInfoCodec (OmKeyInfoCodec.java:<init>(50)) - OmKeyInfoCodec ignorePipeline = true
2022-02-12 02:07:34,822 [Listener at 0.0.0.0/34023] INFO  codec.RepeatedOmKeyInfoCodec (RepeatedOmKeyInfoCodec.java:<init>(42)) - RepeatedOmKeyInfoCodec ignorePipeline = true
2022-02-12 02:07:35,055 [Listener at 0.0.0.0/34023] INFO  om.OzoneManager (OzoneManager.java:addS3GVolumeToDB(3732)) - Created Volume s3v With Owner runner required for S3Gateway operations.
2022-02-12 02:07:35,059 [Listener at 0.0.0.0/34023] WARN  server.ServerUtils (ServerUtils.java:getDefaultRatisDirectory(237)) - Storage directory for Ratis is not configured. It is a good idea to map this to an SSD disk. Falling back to ozone.metadata.dirs
2022-02-12 02:07:35,059 [Listener at 0.0.0.0/34023] WARN  utils.OzoneManagerRatisUtils (OzoneManagerRatisUtils.java:getOMRatisSnapshotDirectory(330)) - ozone.om.ratis.snapshot.dir is not configured. Falling back to ozone.metadata.dirs config
2022-02-12 02:07:35,059 [Listener at 0.0.0.0/34023] WARN  impl.MetricRegistriesImpl (MetricRegistriesImpl.java:addReporterRegistration(111)) - New reporters are added after registries were created. Some metrics will be missing from the reporter. Please add reporter before adding any new registry.
2022-02-12 02:07:35,060 [Listener at 0.0.0.0/34023] WARN  impl.MetricRegistriesImpl (MetricRegistriesImpl.java:addReporterRegistration(111)) - New reporters are added after registries were created. Some metrics will be missing from the reporter. Please add reporter before adding any new registry.
2022-02-12 02:07:35,060 [Listener at 0.0.0.0/34023] WARN  server.ServerUtils (ServerUtils.java:getDefaultRatisDirectory(237)) - Storage directory for Ratis is not configured. It is a good idea to map this to an SSD disk. Falling back to ozone.metadata.dirs
2022-02-12 02:07:35,062 [Listener at 0.0.0.0/34023] INFO  ratis.OzoneManagerRatisServer (OzoneManagerRatisServer.java:<init>(159)) - Instantiating OM Ratis server with groupID: omServiceIdDefault and peers: localhost:9872
2022-02-12 02:07:35,064 [Listener at 0.0.0.0/34023] INFO  ratis.OzoneManagerStateMachine (OzoneManagerStateMachine.java:loadSnapshotInfoFromDB(605)) - LastAppliedIndex is set from TransactionInfo from OM DB as (t:0, i:~)
2022-02-12 02:07:35,074 [Listener at 0.0.0.0/34023] INFO  server.RaftServer (ConfUtils.java:logGet(44)) - raft.rpc.type = GRPC (default)
2022-02-12 02:07:35,074 [Listener at 0.0.0.0/34023] INFO  grpc.GrpcFactory (GrpcFactory.java:checkPooledByteBufAllocatorUseCacheForAllThreads(48)) - PERFORMANCE WARNING: useCacheForAllThreads is true that may cause Netty to create a lot garbage objects and, as a result, trigger GC.
	It is recommended to disable useCacheForAllThreads by setting -Dorg.apache.ratis.thirdparty.io.netty.allocator.useCacheForAllThreads=false in command line.
2022-02-12 02:07:35,074 [Listener at 0.0.0.0/34023] INFO  grpc.GrpcConfigKeys (ConfUtils.java:logGet(44)) - raft.grpc.admin.port = -1 (default)
2022-02-12 02:07:35,075 [Listener at 0.0.0.0/34023] INFO  grpc.GrpcConfigKeys (ConfUtils.java:logGet(44)) - raft.grpc.server.port = 9872 (custom)
2022-02-12 02:07:35,075 [Listener at 0.0.0.0/34023] INFO  grpc.GrpcConfigKeys (ConfUtils.java:logGet(44)) - raft.grpc.client.port = -1 (default)
2022-02-12 02:07:35,075 [Listener at 0.0.0.0/34023] INFO  grpc.GrpcConfigKeys (ConfUtils.java:logGet(44)) - raft.grpc.server.port = 9872 (custom)
2022-02-12 02:07:35,075 [Listener at 0.0.0.0/34023] INFO  grpc.GrpcConfigKeys (ConfUtils.java:logGet(44)) - raft.grpc.server.port = 9872 (custom)
2022-02-12 02:07:35,075 [Listener at 0.0.0.0/34023] INFO  server.GrpcService (ConfUtils.java:logGet(44)) - raft.grpc.message.size.max = 33554432 (custom)
2022-02-12 02:07:35,075 [Listener at 0.0.0.0/34023] INFO  server.RaftServerConfigKeys (ConfUtils.java:logGet(44)) - raft.server.log.appender.buffer.byte-limit = 33554432 (custom)
2022-02-12 02:07:35,076 [Listener at 0.0.0.0/34023] INFO  server.GrpcService (ConfUtils.java:logGet(44)) - raft.grpc.flow.control.window = 1MB (=1048576) (default)
2022-02-12 02:07:35,076 [Listener at 0.0.0.0/34023] INFO  server.RaftServerConfigKeys (ConfUtils.java:logGet(44)) - raft.server.rpc.request.timeout = 3000ms (default)
2022-02-12 02:07:35,078 [Listener at 0.0.0.0/34023] INFO  impl.DataStreamServerImpl (ConfUtils.java:logGet(44)) - raft.datastream.type = DISABLED (default)
2022-02-12 02:07:35,079 [Listener at 0.0.0.0/34023] INFO  server.RaftServerConfigKeys (ConfUtils.java:logGet(44)) - raft.server.rpc.slowness.timeout = 120s (custom)
2022-02-12 02:07:35,079 [Listener at 0.0.0.0/34023] INFO  server.RaftServerConfigKeys (ConfUtils.java:logGet(44)) - raft.server.leaderelection.leader.step-down.wait-time = 10s (default)
2022-02-12 02:07:35,079 [Listener at 0.0.0.0/34023] INFO  server.RaftServerConfigKeys (ConfUtils.java:logGet(44)) - raft.server.storage.dir = [/home/runner/work/ozone/ozone/hadoop-ozone/integration-test/target/test-dir/MiniOzoneClusterImpl-aab2a9ef-fee9-490a-83f8-38e83ff8be47/ozone-meta/ratis] (custom)
2022-02-12 02:07:35,080 [Listener at 0.0.0.0/34023] INFO  server.RaftServer (RaftServerProxy.java:addNew(95)) - om1: addNew group-C5BA1605619E:[om1|rpc:localhost:9872|priority:0] returns group-C5BA1605619E:java.util.concurrent.CompletableFuture@474e0ab4[Not completed]
2022-02-12 02:07:35,080 [Listener at 0.0.0.0/34023] INFO  om.OzoneManager (OzoneManager.java:initializeRatisServer(1834)) - OzoneManager Ratis server initialized at port 9872
2022-02-12 02:07:35,084 [Listener at 0.0.0.0/34023] INFO  ipc.CallQueueManager (CallQueueManager.java:<init>(90)) - Using callQueue: class java.util.concurrent.LinkedBlockingQueue, queueCapacity: 2000, scheduler: class org.apache.hadoop.ipc.DefaultRpcScheduler, ipcBackoff: false.
2022-02-12 02:07:35,084 [pool-193-thread-1] INFO  server.RaftServer$Division (RaftServerImpl.java:<init>(184)) - om1: new RaftServerImpl for group-C5BA1605619E:[om1|rpc:localhost:9872|priority:0] with OzoneManagerStateMachine:uninitialized
2022-02-12 02:07:35,085 [Socket Reader #1 for port 0] INFO  ipc.Server (Server.java:run(1265)) - Starting Socket Reader #1 for port 0
2022-02-12 02:07:35,092 [pool-193-thread-1] INFO  server.RaftServerConfigKeys (ConfUtils.java:logGet(44)) - raft.server.rpc.timeout.min = 1s (custom)
2022-02-12 02:07:35,093 [pool-193-thread-1] INFO  server.RaftServerConfigKeys (ConfUtils.java:logGet(44)) - raft.server.rpc.timeout.max = 1200ms (custom)
2022-02-12 02:07:35,093 [pool-193-thread-1] INFO  server.RaftServerConfigKeys (ConfUtils.java:logGet(44)) - raft.server.rpc.sleep.time = 25ms (default)
2022-02-12 02:07:35,093 [pool-193-thread-1] INFO  server.RaftServerConfigKeys (ConfUtils.java:logGet(44)) - raft.server.rpc.slowness.timeout = 120s (custom)
2022-02-12 02:07:35,093 [pool-193-thread-1] INFO  server.RaftServerConfigKeys (ConfUtils.java:logGet(44)) - raft.server.leaderelection.leader.step-down.wait-time = 10s (default)
2022-02-12 02:07:35,093 [pool-193-thread-1] INFO  server.RaftServerConfigKeys (ConfUtils.java:logGet(44)) - raft.server.sleep.deviation.threshold = 300ms (default)
2022-02-12 02:07:35,093 [pool-193-thread-1] INFO  server.RaftServerConfigKeys (ConfUtils.java:logGet(44)) - raft.server.log.appender.install.snapshot.enabled = false (custom)
2022-02-12 02:07:35,093 [pool-193-thread-1] INFO  server.RaftServer$Division (ServerState.java:<init>(105)) - om1@group-C5BA1605619E: ConfigurationManager, init=-1: [om1|rpc:localhost:9872|priority:0], old=null, confs=<EMPTY_MAP>
2022-02-12 02:07:35,101 [pool-193-thread-1] INFO  server.RaftServerConfigKeys (ConfUtils.java:logGet(44)) - raft.server.storage.dir = [/home/runner/work/ozone/ozone/hadoop-ozone/integration-test/target/test-dir/MiniOzoneClusterImpl-aab2a9ef-fee9-490a-83f8-38e83ff8be47/ozone-meta/ratis] (custom)
2022-02-12 02:07:35,101 [pool-193-thread-1] INFO  server.RaftServerConfigKeys (ConfUtils.java:logGet(44)) - raft.server.log.corruption.policy = EXCEPTION (default)
2022-02-12 02:07:35,101 [pool-193-thread-1] INFO  server.RaftServerConfigKeys (ConfUtils.java:logGet(44)) - raft.server.storage.free-space.min = 0MB (=0) (default)
2022-02-12 02:07:35,101 [pool-193-thread-1] INFO  storage.RaftStorageDirectory (RaftStorageDirectoryImpl.java:analyzeStorage(135)) - The storage directory /home/runner/work/ozone/ozone/hadoop-ozone/integration-test/target/test-dir/MiniOzoneClusterImpl-aab2a9ef-fee9-490a-83f8-38e83ff8be47/ozone-meta/ratis/bf265839-605b-3f16-9796-c5ba1605619e does not exist. Creating ...
2022-02-12 02:07:35,103 [pool-193-thread-1] INFO  storage.RaftStorageDirectory (RaftStorageDirectoryImpl.java:tryLock(230)) - Lock on /home/runner/work/ozone/ozone/hadoop-ozone/integration-test/target/test-dir/MiniOzoneClusterImpl-aab2a9ef-fee9-490a-83f8-38e83ff8be47/ozone-meta/ratis/bf265839-605b-3f16-9796-c5ba1605619e/in_use.lock acquired by nodename 9178@fv-az395-998
2022-02-12 02:07:35,104 [pool-193-thread-1] INFO  storage.RaftStorage (RaftStorageImpl.java:format(89)) - Storage directory /home/runner/work/ozone/ozone/hadoop-ozone/integration-test/target/test-dir/MiniOzoneClusterImpl-aab2a9ef-fee9-490a-83f8-38e83ff8be47/ozone-meta/ratis/bf265839-605b-3f16-9796-c5ba1605619e has been successfully formatted.
2022-02-12 02:07:35,104 [pool-193-thread-1] INFO  server.RaftServerConfigKeys (ConfUtils.java:logGet(44)) - raft.server.notification.no-leader.timeout = 120s (custom)
2022-02-12 02:07:35,105 [pool-193-thread-1] INFO  server.RaftServerConfigKeys (ConfUtils.java:logGet(44)) - raft.server.log.use.memory = false (default)
2022-02-12 02:07:35,105 [pool-193-thread-1] INFO  server.RaftServerConfigKeys (ConfUtils.java:logGet(44)) - raft.server.log.purge.gap = 1000000 (custom)
2022-02-12 02:07:35,105 [pool-193-thread-1] INFO  server.RaftServerConfigKeys (ConfUtils.java:logGet(44)) - raft.server.log.appender.buffer.byte-limit = 33554432 (custom)
2022-02-12 02:07:35,105 [pool-193-thread-1] INFO  server.RaftServerConfigKeys (ConfUtils.java:logGet(44)) - raft.server.log.segment.size.max = 4194304 (custom)
2022-02-12 02:07:35,105 [pool-193-thread-1] INFO  server.RaftServerConfigKeys (ConfUtils.java:logGet(44)) - raft.server.log.segment.cache.num.max = 2 (custom)
2022-02-12 02:07:35,105 [pool-193-thread-1] INFO  server.RaftServerConfigKeys (ConfUtils.java:logGet(44)) - raft.server.log.segment.cache.size.max = 200MB (=209715200) (default)
2022-02-12 02:07:35,105 [pool-193-thread-1] INFO  segmented.SegmentedRaftLogWorker (SegmentedRaftLogWorker.java:<init>(182)) - new om1@group-C5BA1605619E-SegmentedRaftLogWorker for RaftStorageImpl:Storage Directory /home/runner/work/ozone/ozone/hadoop-ozone/integration-test/target/test-dir/MiniOzoneClusterImpl-aab2a9ef-fee9-490a-83f8-38e83ff8be47/ozone-meta/ratis/bf265839-605b-3f16-9796-c5ba1605619e
2022-02-12 02:07:35,105 [pool-193-thread-1] INFO  server.RaftServerConfigKeys (ConfUtils.java:logGet(44)) - raft.server.log.queue.byte-limit = 64MB (=67108864) (default)
2022-02-12 02:07:35,105 [pool-193-thread-1] INFO  server.RaftServerConfigKeys (ConfUtils.java:logGet(44)) - raft.server.log.queue.element-limit = 4096 (default)
2022-02-12 02:07:35,105 [pool-193-thread-1] INFO  server.RaftServerConfigKeys (ConfUtils.java:logGet(44)) - raft.server.log.segment.size.max = 4194304 (custom)
2022-02-12 02:07:35,105 [pool-193-thread-1] INFO  server.RaftServerConfigKeys (ConfUtils.java:logGet(44)) - raft.server.log.preallocated.size = 4194304 (custom)
2022-02-12 02:07:35,106 [pool-193-thread-1] INFO  server.RaftServerConfigKeys (ConfUtils.java:logGet(44)) - raft.server.log.force.sync.num = 128 (default)
2022-02-12 02:07:35,106 [pool-193-thread-1] INFO  server.RaftServerConfigKeys (ConfUtils.java:logGet(44)) - raft.server.log.statemachine.data.sync = true (default)
2022-02-12 02:07:35,106 [pool-193-thread-1] INFO  server.RaftServerConfigKeys (ConfUtils.java:logGet(44)) - raft.server.log.statemachine.data.sync.timeout = 10s (default)
2022-02-12 02:07:35,106 [pool-193-thread-1] INFO  server.RaftServerConfigKeys (ConfUtils.java:logGet(44)) - raft.server.log.statemachine.data.sync.timeout.retry = -1 (default)
2022-02-12 02:07:35,106 [pool-193-thread-1] INFO  server.RaftServerConfigKeys (ConfUtils.java:logGet(44)) - raft.server.log.write.buffer.size = 64KB (=65536) (default)
2022-02-12 02:07:35,106 [pool-193-thread-1] INFO  server.RaftServerConfigKeys (ConfUtils.java:logGet(44)) - raft.server.log.statemachine.data.caching.enabled = false (default)
2022-02-12 02:07:35,106 [pool-193-thread-1] INFO  segmented.SegmentedRaftLogWorker (SegmentedRaftLogWorker.java:lambda$new$0(133)) - om1@group-C5BA1605619E-SegmentedRaftLogWorker: flushIndex: setUnconditionally 0 -> -1
2022-02-12 02:07:35,106 [pool-193-thread-1] INFO  segmented.SegmentedRaftLogWorker (SegmentedRaftLogWorker.java:lambda$new$0(133)) - om1@group-C5BA1605619E-SegmentedRaftLogWorker: safeCacheEvictIndex: setUnconditionally 0 -> -1
2022-02-12 02:07:35,118 [pool-193-thread-1] INFO  server.RaftServerConfigKeys (ConfUtils.java:logGet(44)) - raft.server.snapshot.auto.trigger.enabled = true (custom)
2022-02-12 02:07:35,118 [pool-193-thread-1] INFO  server.RaftServerConfigKeys (ConfUtils.java:logGet(44)) - raft.server.snapshot.auto.trigger.threshold = 400000 (default)
2022-02-12 02:07:35,118 [pool-193-thread-1] INFO  server.RaftServerConfigKeys (ConfUtils.java:logGet(44)) - raft.server.snapshot.retention.file.num = -1 (default)
2022-02-12 02:07:35,118 [pool-193-thread-1] INFO  server.RaftServerConfigKeys (ConfUtils.java:logGet(44)) - raft.server.log.purge.upto.snapshot.index = true (custom)
2022-02-12 02:07:35,118 [pool-193-thread-1] INFO  server.RaftServerConfigKeys (ConfUtils.java:logGet(44)) - raft.server.retrycache.expirytime = 300s (custom)
2022-02-12 02:07:35,119 [pool-193-thread-1] INFO  server.RaftServerConfigKeys (ConfUtils.java:logGet(44)) - raft.server.retrycache.statistics.expirytime = 100μs (default)
2022-02-12 02:07:35,161 [Listener at 127.0.0.1/33473] INFO  impl.MetricsSystemImpl (MetricsSystemImpl.java:init(158)) - OzoneManager metrics system started (again)
2022-02-12 02:07:35,192 [Listener at 127.0.0.1/33473] INFO  om.OzoneManager (OzoneManager.java:start(1365)) - OzoneManager RPC server is listening at localhost/127.0.0.1:33473
2022-02-12 02:07:35,192 [Listener at 127.0.0.1/33473] INFO  ratis.OzoneManagerRatisServer (OzoneManagerRatisServer.java:start(554)) - Starting OzoneManagerRatisServer om1 at port 9872
2022-02-12 02:07:35,192 [Listener at 127.0.0.1/33473] INFO  server.RaftServer$Division (RaftServerImpl.java:start(301)) - om1@group-C5BA1605619E: start as a follower, conf=-1: [om1|rpc:localhost:9872|priority:0], old=null
2022-02-12 02:07:35,193 [Listener at 127.0.0.1/33473] INFO  server.RaftServer$Division (RaftServerImpl.java:setRole(290)) - om1@group-C5BA1605619E: changes role from      null to FOLLOWER at term 0 for startAsFollower
2022-02-12 02:07:35,193 [Listener at 127.0.0.1/33473] INFO  impl.RoleInfo (RoleInfo.java:updateAndGet(130)) - om1: start om1@group-C5BA1605619E-FollowerState
2022-02-12 02:07:35,208 [Listener at 127.0.0.1/33473] INFO  util.JmxRegister (JmxRegister.java:tryRegister(44)) - Successfully registered JMX Bean with object name Ratis:service=RaftServer,group=group-C5BA1605619E,id=om1
2022-02-12 02:07:35,220 [Listener at 127.0.0.1/33473] INFO  server.RaftServer (RaftServerProxy.java:lambda$start$5(374)) - om1: start RPC server
2022-02-12 02:07:35,221 [Listener at 127.0.0.1/33473] INFO  server.GrpcService (GrpcService.java:startImpl(253)) - om1: GrpcService started, listening on 9872
2022-02-12 02:07:35,239 [Listener at 127.0.0.1/33473] INFO  om.OzoneManager (OzoneManager.java:start(1381)) - Version File has different layout version (0) than OM DB (null). That is expected if this OM has never been finalized to a newer layout version.
2022-02-12 02:07:35,239 [org.apache.ratis.util.JvmPauseMonitor$$Lambda$421/534662976@1a9e4177] INFO  util.JvmPauseMonitor (JvmPauseMonitor.java:run(103)) - JvmPauseMonitor-om1: Started
2022-02-12 02:07:35,269 [Listener at 127.0.0.1/33473] INFO  http.BaseHttpServer (BaseHttpServer.java:newHttpServer2BuilderForOzone(209)) - Starting Web-server for ozoneManager at: http://0.0.0.0:0
2022-02-12 02:07:35,269 [Listener at 127.0.0.1/33473] INFO  http.BaseHttpServer (BaseHttpServer.java:<init>(107)) - Hadoop Security Enabled: false Ozone Security Enabled: false Ozone HTTP Security Enabled: false 
2022-02-12 02:07:35,270 [Listener at 127.0.0.1/33473] INFO  server.AuthenticationFilter (AuthenticationFilter.java:constructSecretProvider(240)) - Unable to initialize FileSignerSecretProvider, falling back to use random secrets.
2022-02-12 02:07:35,273 [Listener at 127.0.0.1/33473] WARN  http.HttpRequestLog (HttpRequestLog.java:getRequestLog(103)) - Jetty request log can only be enabled using Log4j
2022-02-12 02:07:35,274 [Listener at 127.0.0.1/33473] INFO  http.HttpServer2 (HttpServer2.java:addGlobalFilter(1030)) - Added global filter 'safety' (class=org.apache.hadoop.hdds.server.http.HttpServer2$QuotingInputFilter)
2022-02-12 02:07:35,274 [Listener at 127.0.0.1/33473] INFO  http.HttpServer2 (HttpServer2.java:addFilter(1006)) - Added filter static_user_filter (class=org.apache.hadoop.http.lib.StaticUserWebFilter$StaticUserFilter) to context ozoneManager
2022-02-12 02:07:35,275 [Listener at 127.0.0.1/33473] INFO  http.HttpServer2 (HttpServer2.java:addFilter(1014)) - Added filter static_user_filter (class=org.apache.hadoop.http.lib.StaticUserWebFilter$StaticUserFilter) to context static
2022-02-12 02:07:35,275 [Listener at 127.0.0.1/33473] INFO  http.HttpServer2 (HttpServer2.java:addFilter(1014)) - Added filter static_user_filter (class=org.apache.hadoop.http.lib.StaticUserWebFilter$StaticUserFilter) to context logs
2022-02-12 02:07:35,275 [Listener at 127.0.0.1/33473] INFO  http.HttpServer2 (HttpServer2.java:bindListener(1249)) - Jetty bound to port 42969
2022-02-12 02:07:35,275 [Listener at 127.0.0.1/33473] INFO  server.Server (Server.java:doStart(375)) - jetty-9.4.43.v20210629; built: 2021-06-30T11:07:22.254Z; git: 526006ecfa3af7f1a27ef3a288e2bef7ea9dd7e8; jvm 1.8.0_312-b07
2022-02-12 02:07:35,328 [Listener at 127.0.0.1/33473] INFO  server.session (DefaultSessionIdManager.java:doStart(334)) - DefaultSessionIdManager workerName=node0
2022-02-12 02:07:35,328 [Listener at 127.0.0.1/33473] INFO  server.session (DefaultSessionIdManager.java:doStart(339)) - No SessionScavenger set, using defaults
2022-02-12 02:07:35,329 [Listener at 127.0.0.1/33473] INFO  server.session (HouseKeeper.java:startScavenging(132)) - node0 Scavenging every 600000ms
2022-02-12 02:07:35,336 [Listener at 127.0.0.1/33473] INFO  handler.ContextHandler (ContextHandler.java:doStart(915)) - Started o.e.j.s.ServletContextHandler@576eac92{logs,/logs,file:///home/runner/work/ozone/ozone/hadoop-ozone/integration-test/target/log,AVAILABLE}
2022-02-12 02:07:35,337 [Listener at 127.0.0.1/33473] INFO  handler.ContextHandler (ContextHandler.java:doStart(915)) - Started o.e.j.s.ServletContextHandler@6ace857d{static,/static,file:///home/runner/work/ozone/ozone/hadoop-ozone/integration-test/target/test-classes/webapps/static,AVAILABLE}
2022-02-12 02:07:35,341 [Listener at 127.0.0.1/33473] INFO  handler.ContextHandler (ContextHandler.java:doStart(915)) - Started o.e.j.w.WebAppContext@3930db96{ozoneManager,/,file:///home/runner/work/ozone/ozone/hadoop-ozone/integration-test/target/test-classes/webapps/ozoneManager/,AVAILABLE}{file:/home/runner/work/ozone/ozone/hadoop-ozone/integration-test/target/test-classes/webapps/ozoneManager}
2022-02-12 02:07:35,342 [Listener at 127.0.0.1/33473] INFO  server.AbstractConnector (AbstractConnector.java:doStart(331)) - Started ServerConnector@335755a0{HTTP/1.1, (http/1.1)}{0.0.0.0:42969}
2022-02-12 02:07:35,342 [Listener at 127.0.0.1/33473] INFO  server.Server (Server.java:doStart(415)) - Started @73565ms
2022-02-12 02:07:35,342 [Listener at 127.0.0.1/33473] WARN  impl.MetricsSystemImpl (MetricsSystemImpl.java:register(279)) - Sink prometheus already exists!
2022-02-12 02:07:35,343 [Listener at 127.0.0.1/33473] INFO  http.BaseHttpServer (BaseHttpServer.java:updateConnectorAddress(329)) - HTTP server of ozoneManager listening at http://0.0.0.0:42969
2022-02-12 02:07:35,352 [IPC Server Responder] INFO  ipc.Server (Server.java:run(1507)) - IPC Server Responder: starting
2022-02-12 02:07:35,352 [IPC Server listener on 0] INFO  ipc.Server (Server.java:run(1344)) - IPC Server listener on 0: starting
2022-02-12 02:07:35,396 [Listener at 127.0.0.1/33473] INFO  om.TrashPolicyOzone (TrashPolicyOzone.java:<init>(178)) - Ozone Manager trash configuration: Deletion interval = 0 minutes, Emptier interval = 0 minutes.
2022-02-12 02:07:35,429 [Listener at 127.0.0.1/33473] WARN  impl.MetricRegistriesImpl (MetricRegistriesImpl.java:addReporterRegistration(111)) - New reporters are added after registries were created. Some metrics will be missing from the reporter. Please add reporter before adding any new registry.
2022-02-12 02:07:35,430 [Listener at 127.0.0.1/33473] WARN  impl.MetricRegistriesImpl (MetricRegistriesImpl.java:addReporterRegistration(111)) - New reporters are added after registries were created. Some metrics will be missing from the reporter. Please add reporter before adding any new registry.
2022-02-12 02:07:35,430 [Listener at 127.0.0.1/33473] INFO  impl.MetricsSystemImpl (MetricsSystemImpl.java:init(158)) - HddsDatanode metrics system started (again)
2022-02-12 02:07:35,442 [Listener at 127.0.0.1/33473] INFO  ozone.HddsDatanodeService (HddsDatanodeService.java:start(234)) - HddsDatanodeService host:fv-az395-998.zfmzfyrfkyou3ow0tsr0jxwq1e.bx.internal.cloudapp.net ip:10.1.0.17
2022-02-12 02:07:35,444 [org.apache.hadoop.util.JvmPauseMonitor$Monitor@58e83131] INFO  util.JvmPauseMonitor (JvmPauseMonitor.java:run(188)) - Starting JVM pause monitor
2022-02-12 02:07:35,468 [Listener at 127.0.0.1/33473] INFO  upgrade.AbstractLayoutVersionManager (AbstractLayoutVersionManager.java:init(79)) - Initializing Layout version manager with metadata layout = SCM_HA (version = 2), software layout = SCM_HA (version = 2)
2022-02-12 02:07:35,560 [Listener at 127.0.0.1/33473] INFO  reflections.Reflections (Reflections.java:scan(232)) - Reflections took 91 ms to scan 7 urls, producing 119 keys and 279 values 
2022-02-12 02:07:35,565 [Listener at 127.0.0.1/33473] INFO  statemachine.DatanodeStateMachine (DatanodeStateMachine.java:getEndPointTaskThreadPoolSize(222)) - Datanode State Machine Task Thread Pool size 2
2022-02-12 02:07:35,566 [Listener at 127.0.0.1/33473] INFO  volume.HddsVolume (HddsVolume.java:<init>(120)) - Creating HddsVolume: /home/runner/work/ozone/ozone/hadoop-ozone/integration-test/target/test-dir/MiniOzoneClusterImpl-aab2a9ef-fee9-490a-83f8-38e83ff8be47/datanode-0/data-0/containers/hdds of storage type : DISK capacity : 9223372036854775807
2022-02-12 02:07:35,567 [Listener at 127.0.0.1/33473] INFO  volume.MutableVolumeSet (MutableVolumeSet.java:initializeVolumeSet(168)) - Added Volume : /home/runner/work/ozone/ozone/hadoop-ozone/integration-test/target/test-dir/MiniOzoneClusterImpl-aab2a9ef-fee9-490a-83f8-38e83ff8be47/datanode-0/data-0/containers/hdds to VolumeSet
2022-02-12 02:07:35,567 [Listener at 127.0.0.1/33473] INFO  volume.ThrottledAsyncChecker (ThrottledAsyncChecker.java:schedule(141)) - Scheduling a check for /home/runner/work/ozone/ozone/hadoop-ozone/integration-test/target/test-dir/MiniOzoneClusterImpl-aab2a9ef-fee9-490a-83f8-38e83ff8be47/datanode-0/data-0/containers/hdds
2022-02-12 02:07:35,570 [Listener at 127.0.0.1/33473] INFO  volume.StorageVolumeChecker (StorageVolumeChecker.java:checkAllVolumes(202)) - Scheduled health check for volume /home/runner/work/ozone/ozone/hadoop-ozone/integration-test/target/test-dir/MiniOzoneClusterImpl-aab2a9ef-fee9-490a-83f8-38e83ff8be47/datanode-0/data-0/containers/hdds
2022-02-12 02:07:35,598 [Listener at 127.0.0.1/33473] INFO  volume.MutableVolumeSet (MutableVolumeSet.java:initializeVolumeSet(168)) - Added Volume : /home/runner/work/ozone/ozone/hadoop-ozone/integration-test/target/test-dir/MiniOzoneClusterImpl-aab2a9ef-fee9-490a-83f8-38e83ff8be47/datanode-0/data/ratis to VolumeSet
2022-02-12 02:07:35,599 [Listener at 127.0.0.1/33473] INFO  volume.ThrottledAsyncChecker (ThrottledAsyncChecker.java:schedule(141)) - Scheduling a check for /home/runner/work/ozone/ozone/hadoop-ozone/integration-test/target/test-dir/MiniOzoneClusterImpl-aab2a9ef-fee9-490a-83f8-38e83ff8be47/datanode-0/data/ratis
2022-02-12 02:07:35,599 [Listener at 127.0.0.1/33473] INFO  volume.StorageVolumeChecker (StorageVolumeChecker.java:checkAllVolumes(202)) - Scheduled health check for volume /home/runner/work/ozone/ozone/hadoop-ozone/integration-test/target/test-dir/MiniOzoneClusterImpl-aab2a9ef-fee9-490a-83f8-38e83ff8be47/datanode-0/data/ratis
2022-02-12 02:07:35,632 [Thread-510] INFO  ozoneimpl.ContainerReader (ContainerReader.java:readVolume(172)) - Finish verifying containers on volume /home/runner/work/ozone/ozone/hadoop-ozone/integration-test/target/test-dir/MiniOzoneClusterImpl-aab2a9ef-fee9-490a-83f8-38e83ff8be47/datanode-0/data-0/containers/hdds
2022-02-12 02:07:35,633 [Listener at 127.0.0.1/33473] INFO  ozoneimpl.OzoneContainer (OzoneContainer.java:buildContainerSet(237)) - Build ContainerSet costs 0s
2022-02-12 02:07:35,635 [Listener at 127.0.0.1/33473] INFO  server.RaftServer (ConfUtils.java:logGet(44)) - raft.rpc.type = GRPC (default)
2022-02-12 02:07:35,635 [Listener at 127.0.0.1/33473] INFO  grpc.GrpcFactory (GrpcFactory.java:checkPooledByteBufAllocatorUseCacheForAllThreads(48)) - PERFORMANCE WARNING: useCacheForAllThreads is true that may cause Netty to create a lot garbage objects and, as a result, trigger GC.
	It is recommended to disable useCacheForAllThreads by setting -Dorg.apache.ratis.thirdparty.io.netty.allocator.useCacheForAllThreads=false in command line.
2022-02-12 02:07:35,635 [Listener at 127.0.0.1/33473] INFO  grpc.GrpcConfigKeys (ConfUtils.java:logGet(44)) - raft.grpc.admin.port = 0 (custom)
2022-02-12 02:07:35,635 [Listener at 127.0.0.1/33473] INFO  grpc.GrpcConfigKeys (ConfUtils.java:logGet(44)) - raft.grpc.client.port = 0 (custom)
2022-02-12 02:07:35,636 [Listener at 127.0.0.1/33473] INFO  grpc.GrpcConfigKeys (ConfUtils.java:logGet(44)) - raft.grpc.server.port = 0 (default)
2022-02-12 02:07:35,636 [Listener at 127.0.0.1/33473] INFO  server.GrpcService (ConfUtils.java:logGet(44)) - raft.grpc.message.size.max = 32MB (=33554432) (custom)
2022-02-12 02:07:35,636 [Listener at 127.0.0.1/33473] INFO  server.RaftServerConfigKeys (ConfUtils.java:logGet(44)) - raft.server.log.appender.buffer.byte-limit = 33554432 (custom)
2022-02-12 02:07:35,639 [Listener at 127.0.0.1/33473] INFO  server.GrpcService (ConfUtils.java:logGet(44)) - raft.grpc.flow.control.window = 5MB (=5242880) (custom)
2022-02-12 02:07:35,639 [Listener at 127.0.0.1/33473] INFO  server.RaftServerConfigKeys (ConfUtils.java:logGet(44)) - raft.server.rpc.request.timeout = 60s (custom)
2022-02-12 02:07:35,640 [Listener at 127.0.0.1/33473] INFO  impl.DataStreamServerImpl (ConfUtils.java:logGet(44)) - raft.datastream.type = DISABLED (default)
2022-02-12 02:07:35,641 [Listener at 127.0.0.1/33473] INFO  server.RaftServerConfigKeys (ConfUtils.java:logGet(44)) - raft.server.rpc.slowness.timeout = 300s (custom)
2022-02-12 02:07:35,641 [Listener at 127.0.0.1/33473] INFO  server.RaftServerConfigKeys (ConfUtils.java:logGet(44)) - raft.server.leaderelection.leader.step-down.wait-time = 10s (default)
2022-02-12 02:07:35,641 [Listener at 127.0.0.1/33473] INFO  server.RaftServerConfigKeys (ConfUtils.java:logGet(44)) - raft.server.storage.dir = [/home/runner/work/ozone/ozone/hadoop-ozone/integration-test/target/test-dir/MiniOzoneClusterImpl-aab2a9ef-fee9-490a-83f8-38e83ff8be47/datanode-0/data/ratis] (custom)
2022-02-12 02:07:35,642 [Listener at 127.0.0.1/33473] INFO  server.XceiverServerGrpc (XceiverServerGrpc.java:<init>(132)) - GrpcServer channel type EpollServerSocketChannel
2022-02-12 02:07:35,657 [Listener at 127.0.0.1/33473] INFO  http.BaseHttpServer (BaseHttpServer.java:newHttpServer2BuilderForOzone(209)) - Starting Web-server for hddsDatanode at: http://0.0.0.0:0
2022-02-12 02:07:35,657 [Listener at 127.0.0.1/33473] INFO  http.BaseHttpServer (BaseHttpServer.java:<init>(107)) - Hadoop Security Enabled: false Ozone Security Enabled: false Ozone HTTP Security Enabled: false 
2022-02-12 02:07:35,677 [Listener at 127.0.0.1/33473] INFO  server.AuthenticationFilter (AuthenticationFilter.java:constructSecretProvider(240)) - Unable to initialize FileSignerSecretProvider, falling back to use random secrets.
2022-02-12 02:07:35,680 [Listener at 127.0.0.1/33473] WARN  http.HttpRequestLog (HttpRequestLog.java:getRequestLog(103)) - Jetty request log can only be enabled using Log4j
2022-02-12 02:07:35,681 [Listener at 127.0.0.1/33473] INFO  http.HttpServer2 (HttpServer2.java:addGlobalFilter(1030)) - Added global filter 'safety' (class=org.apache.hadoop.hdds.server.http.HttpServer2$QuotingInputFilter)
2022-02-12 02:07:35,682 [Listener at 127.0.0.1/33473] INFO  http.HttpServer2 (HttpServer2.java:addFilter(1006)) - Added filter static_user_filter (class=org.apache.hadoop.http.lib.StaticUserWebFilter$StaticUserFilter) to context hddsDatanode
2022-02-12 02:07:35,682 [Listener at 127.0.0.1/33473] INFO  http.HttpServer2 (HttpServer2.java:addFilter(1014)) - Added filter static_user_filter (class=org.apache.hadoop.http.lib.StaticUserWebFilter$StaticUserFilter) to context static
2022-02-12 02:07:35,682 [Listener at 127.0.0.1/33473] INFO  http.HttpServer2 (HttpServer2.java:addFilter(1014)) - Added filter static_user_filter (class=org.apache.hadoop.http.lib.StaticUserWebFilter$StaticUserFilter) to context logs
2022-02-12 02:07:35,682 [Listener at 127.0.0.1/33473] INFO  http.HttpServer2 (HttpServer2.java:bindListener(1249)) - Jetty bound to port 46309
2022-02-12 02:07:35,683 [Listener at 127.0.0.1/33473] INFO  server.Server (Server.java:doStart(375)) - jetty-9.4.43.v20210629; built: 2021-06-30T11:07:22.254Z; git: 526006ecfa3af7f1a27ef3a288e2bef7ea9dd7e8; jvm 1.8.0_312-b07
2022-02-12 02:07:35,764 [Listener at 127.0.0.1/33473] INFO  server.session (DefaultSessionIdManager.java:doStart(334)) - DefaultSessionIdManager workerName=node0
2022-02-12 02:07:35,764 [Listener at 127.0.0.1/33473] INFO  server.session (DefaultSessionIdManager.java:doStart(339)) - No SessionScavenger set, using defaults
2022-02-12 02:07:35,764 [Listener at 127.0.0.1/33473] INFO  server.session (HouseKeeper.java:startScavenging(132)) - node0 Scavenging every 660000ms
2022-02-12 02:07:35,774 [Listener at 127.0.0.1/33473] INFO  handler.ContextHandler (ContextHandler.java:doStart(915)) - Started o.e.j.s.ServletContextHandler@1e0a3f7d{logs,/logs,file:///home/runner/work/ozone/ozone/hadoop-ozone/integration-test/target/log,AVAILABLE}
2022-02-12 02:07:35,774 [Listener at 127.0.0.1/33473] INFO  handler.ContextHandler (ContextHandler.java:doStart(915)) - Started o.e.j.s.ServletContextHandler@191a957{static,/static,jar:file:/home/runner/.m2/repository/org/apache/ozone/hdds-container-service/1.3.0-SNAPSHOT/hdds-container-service-1.3.0-SNAPSHOT.jar!/webapps/static,AVAILABLE}
2022-02-12 02:07:35,891 [Listener at 127.0.0.1/33473] INFO  handler.ContextHandler (ContextHandler.java:doStart(915)) - Started o.e.j.w.WebAppContext@290aabc9{hddsDatanode,/,file:///tmp/jetty-0_0_0_0-46309-hdds-container-service-1_3_0-SNAPSHOT_jar-_-any-4655691234346867687/webapp/,AVAILABLE}{jar:file:/home/runner/.m2/repository/org/apache/ozone/hdds-container-service/1.3.0-SNAPSHOT/hdds-container-service-1.3.0-SNAPSHOT.jar!/webapps/hddsDatanode}
2022-02-12 02:07:35,901 [Listener at 127.0.0.1/33473] INFO  server.AbstractConnector (AbstractConnector.java:doStart(331)) - Started ServerConnector@3e77de0a{HTTP/1.1, (http/1.1)}{0.0.0.0:46309}
2022-02-12 02:07:35,901 [Listener at 127.0.0.1/33473] INFO  server.Server (Server.java:doStart(415)) - Started @74124ms
2022-02-12 02:07:35,901 [Listener at 127.0.0.1/33473] WARN  impl.MetricsSystemImpl (MetricsSystemImpl.java:register(279)) - Sink prometheus already exists!
2022-02-12 02:07:35,902 [Listener at 127.0.0.1/33473] INFO  http.BaseHttpServer (BaseHttpServer.java:updateConnectorAddress(329)) - HTTP server of hddsDatanode listening at http://0.0.0.0:46309
2022-02-12 02:07:35,912 [Datanode State Machine Daemon Thread] INFO  statemachine.DatanodeStateMachine (DatanodeStateMachine.java:lambda$startDaemon$0(470)) - Ozone container server started.
2022-02-12 02:07:35,912 [Listener at 127.0.0.1/33473] WARN  impl.MetricRegistriesImpl (MetricRegistriesImpl.java:addReporterRegistration(111)) - New reporters are added after registries were created. Some metrics will be missing from the reporter. Please add reporter before adding any new registry.
2022-02-12 02:07:35,912 [Listener at 127.0.0.1/33473] WARN  impl.MetricRegistriesImpl (MetricRegistriesImpl.java:addReporterRegistration(111)) - New reporters are added after registries were created. Some metrics will be missing from the reporter. Please add reporter before adding any new registry.
2022-02-12 02:07:35,912 [Listener at 127.0.0.1/33473] INFO  impl.MetricsSystemImpl (MetricsSystemImpl.java:init(158)) - HddsDatanode metrics system started (again)
2022-02-12 02:07:35,975 [Listener at 127.0.0.1/33473] INFO  ozone.HddsDatanodeService (HddsDatanodeService.java:start(234)) - HddsDatanodeService host:fv-az395-998.zfmzfyrfkyou3ow0tsr0jxwq1e.bx.internal.cloudapp.net ip:10.1.0.17
2022-02-12 02:07:36,006 [Listener at 127.0.0.1/33473] INFO  upgrade.AbstractLayoutVersionManager (AbstractLayoutVersionManager.java:init(79)) - Initializing Layout version manager with metadata layout = SCM_HA (version = 2), software layout = SCM_HA (version = 2)
2022-02-12 02:07:36,012 [org.apache.hadoop.util.JvmPauseMonitor$Monitor@43caeb7a] INFO  util.JvmPauseMonitor (JvmPauseMonitor.java:run(188)) - Starting JVM pause monitor
2022-02-12 02:07:36,021 [Datanode State Machine Task Thread - 0] INFO  datanode.InitDatanodeState (InitDatanodeState.java:persistContainerDatanodeDetails(145)) - DatanodeDetails is persisted to /home/runner/work/ozone/ozone/hadoop-ozone/integration-test/target/test-dir/MiniOzoneClusterImpl-aab2a9ef-fee9-490a-83f8-38e83ff8be47/datanode-0/meta/datanode.id
2022-02-12 02:07:36,137 [Listener at 127.0.0.1/33473] INFO  reflections.Reflections (Reflections.java:scan(232)) - Reflections took 130 ms to scan 7 urls, producing 119 keys and 279 values 
2022-02-12 02:07:36,152 [Listener at 127.0.0.1/33473] INFO  statemachine.DatanodeStateMachine (DatanodeStateMachine.java:getEndPointTaskThreadPoolSize(222)) - Datanode State Machine Task Thread Pool size 2
2022-02-12 02:07:36,169 [Listener at 127.0.0.1/33473] INFO  volume.HddsVolume (HddsVolume.java:<init>(120)) - Creating HddsVolume: /home/runner/work/ozone/ozone/hadoop-ozone/integration-test/target/test-dir/MiniOzoneClusterImpl-aab2a9ef-fee9-490a-83f8-38e83ff8be47/datanode-1/data-0/containers/hdds of storage type : DISK capacity : 9223372036854775807
2022-02-12 02:07:36,169 [Listener at 127.0.0.1/33473] INFO  volume.MutableVolumeSet (MutableVolumeSet.java:initializeVolumeSet(168)) - Added Volume : /home/runner/work/ozone/ozone/hadoop-ozone/integration-test/target/test-dir/MiniOzoneClusterImpl-aab2a9ef-fee9-490a-83f8-38e83ff8be47/datanode-1/data-0/containers/hdds to VolumeSet
2022-02-12 02:07:36,169 [Listener at 127.0.0.1/33473] INFO  volume.ThrottledAsyncChecker (ThrottledAsyncChecker.java:schedule(141)) - Scheduling a check for /home/runner/work/ozone/ozone/hadoop-ozone/integration-test/target/test-dir/MiniOzoneClusterImpl-aab2a9ef-fee9-490a-83f8-38e83ff8be47/datanode-1/data-0/containers/hdds
2022-02-12 02:07:36,193 [Listener at 127.0.0.1/33473] INFO  volume.StorageVolumeChecker (StorageVolumeChecker.java:checkAllVolumes(202)) - Scheduled health check for volume /home/runner/work/ozone/ozone/hadoop-ozone/integration-test/target/test-dir/MiniOzoneClusterImpl-aab2a9ef-fee9-490a-83f8-38e83ff8be47/datanode-1/data-0/containers/hdds
2022-02-12 02:07:36,211 [Listener at 127.0.0.1/33473] INFO  volume.MutableVolumeSet (MutableVolumeSet.java:initializeVolumeSet(168)) - Added Volume : /home/runner/work/ozone/ozone/hadoop-ozone/integration-test/target/test-dir/MiniOzoneClusterImpl-aab2a9ef-fee9-490a-83f8-38e83ff8be47/datanode-1/data/ratis to VolumeSet
2022-02-12 02:07:36,216 [Listener at 127.0.0.1/33473] INFO  volume.ThrottledAsyncChecker (ThrottledAsyncChecker.java:schedule(141)) - Scheduling a check for /home/runner/work/ozone/ozone/hadoop-ozone/integration-test/target/test-dir/MiniOzoneClusterImpl-aab2a9ef-fee9-490a-83f8-38e83ff8be47/datanode-1/data/ratis
2022-02-12 02:07:36,216 [Listener at 127.0.0.1/33473] INFO  volume.StorageVolumeChecker (StorageVolumeChecker.java:checkAllVolumes(202)) - Scheduled health check for volume /home/runner/work/ozone/ozone/hadoop-ozone/integration-test/target/test-dir/MiniOzoneClusterImpl-aab2a9ef-fee9-490a-83f8-38e83ff8be47/datanode-1/data/ratis
2022-02-12 02:07:36,272 [Thread-522] INFO  ozoneimpl.ContainerReader (ContainerReader.java:readVolume(172)) - Finish verifying containers on volume /home/runner/work/ozone/ozone/hadoop-ozone/integration-test/target/test-dir/MiniOzoneClusterImpl-aab2a9ef-fee9-490a-83f8-38e83ff8be47/datanode-1/data-0/containers/hdds
2022-02-12 02:07:36,272 [Listener at 127.0.0.1/33473] INFO  ozoneimpl.OzoneContainer (OzoneContainer.java:buildContainerSet(237)) - Build ContainerSet costs 0s
2022-02-12 02:07:36,274 [Listener at 127.0.0.1/33473] INFO  server.RaftServer (ConfUtils.java:logGet(44)) - raft.rpc.type = GRPC (default)
2022-02-12 02:07:36,275 [Listener at 127.0.0.1/33473] INFO  grpc.GrpcFactory (GrpcFactory.java:checkPooledByteBufAllocatorUseCacheForAllThreads(48)) - PERFORMANCE WARNING: useCacheForAllThreads is true that may cause Netty to create a lot garbage objects and, as a result, trigger GC.
	It is recommended to disable useCacheForAllThreads by setting -Dorg.apache.ratis.thirdparty.io.netty.allocator.useCacheForAllThreads=false in command line.
2022-02-12 02:07:36,275 [Listener at 127.0.0.1/33473] INFO  grpc.GrpcConfigKeys (ConfUtils.java:logGet(44)) - raft.grpc.admin.port = 0 (custom)
2022-02-12 02:07:36,275 [Listener at 127.0.0.1/33473] INFO  grpc.GrpcConfigKeys (ConfUtils.java:logGet(44)) - raft.grpc.client.port = 0 (custom)
2022-02-12 02:07:36,275 [Listener at 127.0.0.1/33473] INFO  grpc.GrpcConfigKeys (ConfUtils.java:logGet(44)) - raft.grpc.server.port = 0 (default)
2022-02-12 02:07:36,275 [Listener at 127.0.0.1/33473] INFO  server.GrpcService (ConfUtils.java:logGet(44)) - raft.grpc.message.size.max = 32MB (=33554432) (custom)
2022-02-12 02:07:36,275 [Listener at 127.0.0.1/33473] INFO  server.RaftServerConfigKeys (ConfUtils.java:logGet(44)) - raft.server.log.appender.buffer.byte-limit = 33554432 (custom)
2022-02-12 02:07:36,275 [Listener at 127.0.0.1/33473] INFO  server.GrpcService (ConfUtils.java:logGet(44)) - raft.grpc.flow.control.window = 5MB (=5242880) (custom)
2022-02-12 02:07:36,276 [Listener at 127.0.0.1/33473] INFO  server.RaftServerConfigKeys (ConfUtils.java:logGet(44)) - raft.server.rpc.request.timeout = 60s (custom)
2022-02-12 02:07:36,279 [Listener at 127.0.0.1/33473] INFO  impl.DataStreamServerImpl (ConfUtils.java:logGet(44)) - raft.datastream.type = DISABLED (default)
2022-02-12 02:07:36,279 [Listener at 127.0.0.1/33473] INFO  server.RaftServerConfigKeys (ConfUtils.java:logGet(44)) - raft.server.rpc.slowness.timeout = 300s (custom)
2022-02-12 02:07:36,279 [Listener at 127.0.0.1/33473] INFO  server.RaftServerConfigKeys (ConfUtils.java:logGet(44)) - raft.server.leaderelection.leader.step-down.wait-time = 10s (default)
2022-02-12 02:07:36,280 [Listener at 127.0.0.1/33473] INFO  server.RaftServerConfigKeys (ConfUtils.java:logGet(44)) - raft.server.storage.dir = [/home/runner/work/ozone/ozone/hadoop-ozone/integration-test/target/test-dir/MiniOzoneClusterImpl-aab2a9ef-fee9-490a-83f8-38e83ff8be47/datanode-1/data/ratis] (custom)
2022-02-12 02:07:36,281 [Listener at 127.0.0.1/33473] INFO  server.XceiverServerGrpc (XceiverServerGrpc.java:<init>(132)) - GrpcServer channel type EpollServerSocketChannel
2022-02-12 02:07:36,293 [Listener at 127.0.0.1/33473] INFO  http.BaseHttpServer (BaseHttpServer.java:newHttpServer2BuilderForOzone(209)) - Starting Web-server for hddsDatanode at: http://0.0.0.0:0
2022-02-12 02:07:36,293 [Listener at 127.0.0.1/33473] INFO  http.BaseHttpServer (BaseHttpServer.java:<init>(107)) - Hadoop Security Enabled: false Ozone Security Enabled: false Ozone HTTP Security Enabled: false 
2022-02-12 02:07:36,294 [Listener at 127.0.0.1/33473] INFO  server.AuthenticationFilter (AuthenticationFilter.java:constructSecretProvider(240)) - Unable to initialize FileSignerSecretProvider, falling back to use random secrets.
2022-02-12 02:07:36,304 [Listener at 127.0.0.1/33473] WARN  http.HttpRequestLog (HttpRequestLog.java:getRequestLog(103)) - Jetty request log can only be enabled using Log4j
2022-02-12 02:07:36,305 [Listener at 127.0.0.1/33473] INFO  http.HttpServer2 (HttpServer2.java:addGlobalFilter(1030)) - Added global filter 'safety' (class=org.apache.hadoop.hdds.server.http.HttpServer2$QuotingInputFilter)
2022-02-12 02:07:36,305 [Listener at 127.0.0.1/33473] INFO  http.HttpServer2 (HttpServer2.java:addFilter(1006)) - Added filter static_user_filter (class=org.apache.hadoop.http.lib.StaticUserWebFilter$StaticUserFilter) to context hddsDatanode
2022-02-12 02:07:36,305 [Listener at 127.0.0.1/33473] INFO  http.HttpServer2 (HttpServer2.java:addFilter(1014)) - Added filter static_user_filter (class=org.apache.hadoop.http.lib.StaticUserWebFilter$StaticUserFilter) to context static
2022-02-12 02:07:36,305 [Listener at 127.0.0.1/33473] INFO  http.HttpServer2 (HttpServer2.java:addFilter(1014)) - Added filter static_user_filter (class=org.apache.hadoop.http.lib.StaticUserWebFilter$StaticUserFilter) to context logs
2022-02-12 02:07:36,306 [Listener at 127.0.0.1/33473] INFO  http.HttpServer2 (HttpServer2.java:bindListener(1249)) - Jetty bound to port 46793
2022-02-12 02:07:36,306 [Listener at 127.0.0.1/33473] INFO  server.Server (Server.java:doStart(375)) - jetty-9.4.43.v20210629; built: 2021-06-30T11:07:22.254Z; git: 526006ecfa3af7f1a27ef3a288e2bef7ea9dd7e8; jvm 1.8.0_312-b07
2022-02-12 02:07:36,358 [Listener at 127.0.0.1/33473] INFO  server.session (DefaultSessionIdManager.java:doStart(334)) - DefaultSessionIdManager workerName=node0
2022-02-12 02:07:36,358 [Listener at 127.0.0.1/33473] INFO  server.session (DefaultSessionIdManager.java:doStart(339)) - No SessionScavenger set, using defaults
2022-02-12 02:07:36,359 [Listener at 127.0.0.1/33473] INFO  server.session (HouseKeeper.java:startScavenging(132)) - node0 Scavenging every 660000ms
2022-02-12 02:07:36,364 [om1@group-C5BA1605619E-FollowerState] INFO  impl.FollowerState (FollowerState.java:run(134)) - om1@group-C5BA1605619E-FollowerState: change to CANDIDATE, lastRpcElapsedTime:1171341756ns, electionTimeout:1152ms
2022-02-12 02:07:36,364 [om1@group-C5BA1605619E-FollowerState] INFO  impl.RoleInfo (RoleInfo.java:shutdownFollowerState(108)) - om1: shutdown om1@group-C5BA1605619E-FollowerState
2022-02-12 02:07:36,364 [om1@group-C5BA1605619E-FollowerState] INFO  server.RaftServer$Division (RaftServerImpl.java:setRole(290)) - om1@group-C5BA1605619E: changes role from  FOLLOWER to CANDIDATE at term 0 for changeToCandidate
2022-02-12 02:07:36,367 [om1@group-C5BA1605619E-FollowerState] INFO  server.RaftServerConfigKeys (ConfUtils.java:logGet(44)) - raft.server.leaderelection.pre-vote = false (custom)
2022-02-12 02:07:36,367 [om1@group-C5BA1605619E-FollowerState] INFO  impl.RoleInfo (RoleInfo.java:updateAndGet(130)) - om1: start om1@group-C5BA1605619E-LeaderElection16
2022-02-12 02:07:36,367 [Listener at 127.0.0.1/33473] INFO  handler.ContextHandler (ContextHandler.java:doStart(915)) - Started o.e.j.s.ServletContextHandler@25fedeb8{logs,/logs,file:///home/runner/work/ozone/ozone/hadoop-ozone/integration-test/target/log,AVAILABLE}
2022-02-12 02:07:36,367 [Listener at 127.0.0.1/33473] INFO  handler.ContextHandler (ContextHandler.java:doStart(915)) - Started o.e.j.s.ServletContextHandler@3064af47{static,/static,jar:file:/home/runner/.m2/repository/org/apache/ozone/hdds-container-service/1.3.0-SNAPSHOT/hdds-container-service-1.3.0-SNAPSHOT.jar!/webapps/static,AVAILABLE}
2022-02-12 02:07:36,408 [om1@group-C5BA1605619E-LeaderElection16] INFO  impl.LeaderElection (LeaderElection.java:askForVotes(306)) - om1@group-C5BA1605619E-LeaderElection16 ELECTION round 0: submit vote requests at term 1 for -1: [om1|rpc:localhost:9872|priority:0], old=null
2022-02-12 02:07:36,408 [om1@group-C5BA1605619E-LeaderElection16] INFO  impl.LeaderElection (LeaderElection.java:askForVotes(308)) - om1@group-C5BA1605619E-LeaderElection16 ELECTION round 0: result PASSED (term=1)
2022-02-12 02:07:36,408 [om1@group-C5BA1605619E-LeaderElection16] INFO  impl.RoleInfo (RoleInfo.java:shutdownLeaderElection(121)) - om1: shutdown om1@group-C5BA1605619E-LeaderElection16
2022-02-12 02:07:36,408 [om1@group-C5BA1605619E-LeaderElection16] INFO  server.RaftServer$Division (RaftServerImpl.java:setRole(290)) - om1@group-C5BA1605619E: changes role from CANDIDATE to LEADER at term 1 for changeToLeader
2022-02-12 02:07:36,408 [om1@group-C5BA1605619E-LeaderElection16] INFO  server.RaftServer$Division (ServerState.java:setLeader(285)) - om1@group-C5BA1605619E: change Leader from null to om1 at term 1 for becomeLeader, leader elected after 1303ms
2022-02-12 02:07:36,408 [om1@group-C5BA1605619E-LeaderElection16] INFO  server.RaftServerConfigKeys (ConfUtils.java:logGet(44)) - raft.server.staging.catchup.gap = 1000 (default)
2022-02-12 02:07:36,409 [om1@group-C5BA1605619E-LeaderElection16] INFO  server.RaftServerConfigKeys (ConfUtils.java:logGet(44)) - raft.server.write.element-limit = 4096 (default)
2022-02-12 02:07:36,409 [om1@group-C5BA1605619E-LeaderElection16] INFO  server.RaftServerConfigKeys (ConfUtils.java:logGet(44)) - raft.server.write.byte-limit = 64MB (=67108864) (default)
2022-02-12 02:07:36,409 [om1@group-C5BA1605619E-LeaderElection16] INFO  server.RaftServerConfigKeys (ConfUtils.java:logGet(44)) - raft.server.watch.timeout = 10s (default)
2022-02-12 02:07:36,409 [om1@group-C5BA1605619E-LeaderElection16] INFO  server.RaftServerConfigKeys (ConfUtils.java:logGet(44)) - raft.server.watch.timeout.denomination = 1s (default)
2022-02-12 02:07:36,409 [om1@group-C5BA1605619E-LeaderElection16] INFO  server.RaftServerConfigKeys (ConfUtils.java:logGet(44)) - raft.server.watch.element-limit = 65536 (default)
2022-02-12 02:07:36,409 [om1@group-C5BA1605619E-LeaderElection16] INFO  server.RaftServerConfigKeys (ConfUtils.java:logGet(44)) - raft.server.write.element-limit = 4096 (default)
2022-02-12 02:07:36,410 [om1@group-C5BA1605619E-LeaderElection16] INFO  server.RaftServerConfigKeys (ConfUtils.java:logGet(44)) - raft.server.write.follower.gap.ratio.max = -1.0 (default)
2022-02-12 02:07:36,410 [om1@group-C5BA1605619E-LeaderElection16] INFO  impl.RoleInfo (RoleInfo.java:updateAndGet(130)) - om1: start om1@group-C5BA1605619E-LeaderStateImpl
2022-02-12 02:07:36,410 [om1@group-C5BA1605619E-LeaderElection16] INFO  segmented.SegmentedRaftLogWorker (SegmentedRaftLogWorker.java:startLogSegment(394)) - om1@group-C5BA1605619E-SegmentedRaftLogWorker: Starting segment from index:0
2022-02-12 02:07:36,426 [om1@group-C5BA1605619E-LeaderElection16] INFO  server.RaftServer$Division (ServerState.java:setRaftConf(387)) - om1@group-C5BA1605619E: set configuration 0: [om1|rpc:localhost:9872|admin:|client:|dataStream:|priority:0], old=null
2022-02-12 02:07:36,426 [om1@group-C5BA1605619E-SegmentedRaftLogWorker] INFO  segmented.SegmentedRaftLogWorker (SegmentedRaftLogWorker.java:execute(601)) - om1@group-C5BA1605619E-SegmentedRaftLogWorker: created new log segment /home/runner/work/ozone/ozone/hadoop-ozone/integration-test/target/test-dir/MiniOzoneClusterImpl-aab2a9ef-fee9-490a-83f8-38e83ff8be47/ozone-meta/ratis/bf265839-605b-3f16-9796-c5ba1605619e/current/log_inprogress_0
2022-02-12 02:07:36,427 [om1@group-C5BA1605619E-StateMachineUpdater] INFO  ratis.OzoneManagerStateMachine (OzoneManagerStateMachine.java:notifyConfigurationChanged(188)) - Received Configuration change notification from Ratis. New Peer list:
[id: "om1"
address: "localhost:9872"
]
2022-02-12 02:07:36,529 [Listener at 127.0.0.1/33473] INFO  handler.ContextHandler (ContextHandler.java:doStart(915)) - Started o.e.j.w.WebAppContext@e207342{hddsDatanode,/,file:///tmp/jetty-0_0_0_0-46793-hdds-container-service-1_3_0-SNAPSHOT_jar-_-any-601613452308439387/webapp/,AVAILABLE}{jar:file:/home/runner/.m2/repository/org/apache/ozone/hdds-container-service/1.3.0-SNAPSHOT/hdds-container-service-1.3.0-SNAPSHOT.jar!/webapps/hddsDatanode}
2022-02-12 02:07:36,531 [Listener at 127.0.0.1/33473] INFO  server.AbstractConnector (AbstractConnector.java:doStart(331)) - Started ServerConnector@2f6a30d2{HTTP/1.1, (http/1.1)}{0.0.0.0:46793}
2022-02-12 02:07:36,531 [Listener at 127.0.0.1/33473] INFO  server.Server (Server.java:doStart(415)) - Started @74755ms
2022-02-12 02:07:36,532 [Listener at 127.0.0.1/33473] WARN  impl.MetricsSystemImpl (MetricsSystemImpl.java:register(279)) - Sink prometheus already exists!
2022-02-12 02:07:36,532 [Listener at 127.0.0.1/33473] INFO  http.BaseHttpServer (BaseHttpServer.java:updateConnectorAddress(329)) - HTTP server of hddsDatanode listening at http://0.0.0.0:46793
2022-02-12 02:07:36,539 [Listener at 127.0.0.1/33473] WARN  impl.MetricRegistriesImpl (MetricRegistriesImpl.java:addReporterRegistration(111)) - New reporters are added after registries were created. Some metrics will be missing from the reporter. Please add reporter before adding any new registry.
2022-02-12 02:07:36,539 [Listener at 127.0.0.1/33473] WARN  impl.MetricRegistriesImpl (MetricRegistriesImpl.java:addReporterRegistration(111)) - New reporters are added after registries were created. Some metrics will be missing from the reporter. Please add reporter before adding any new registry.
2022-02-12 02:07:36,539 [Listener at 127.0.0.1/33473] INFO  impl.MetricsSystemImpl (MetricsSystemImpl.java:init(158)) - HddsDatanode metrics system started (again)
2022-02-12 02:07:36,541 [Datanode State Machine Daemon Thread] INFO  statemachine.DatanodeStateMachine (DatanodeStateMachine.java:lambda$startDaemon$0(470)) - Ozone container server started.
2022-02-12 02:07:36,580 [Listener at 127.0.0.1/33473] INFO  ozone.HddsDatanodeService (HddsDatanodeService.java:start(234)) - HddsDatanodeService host:fv-az395-998.zfmzfyrfkyou3ow0tsr0jxwq1e.bx.internal.cloudapp.net ip:10.1.0.17
2022-02-12 02:07:36,623 [Listener at 127.0.0.1/33473] INFO  upgrade.AbstractLayoutVersionManager (AbstractLayoutVersionManager.java:init(79)) - Initializing Layout version manager with metadata layout = SCM_HA (version = 2), software layout = SCM_HA (version = 2)
2022-02-12 02:07:36,624 [org.apache.hadoop.util.JvmPauseMonitor$Monitor@1f2416ae] INFO  util.JvmPauseMonitor (JvmPauseMonitor.java:run(188)) - Starting JVM pause monitor
2022-02-12 02:07:36,635 [Datanode State Machine Task Thread - 0] INFO  datanode.InitDatanodeState (InitDatanodeState.java:persistContainerDatanodeDetails(145)) - DatanodeDetails is persisted to /home/runner/work/ozone/ozone/hadoop-ozone/integration-test/target/test-dir/MiniOzoneClusterImpl-aab2a9ef-fee9-490a-83f8-38e83ff8be47/datanode-1/meta/datanode.id
2022-02-12 02:07:36,719 [Listener at 127.0.0.1/33473] INFO  reflections.Reflections (Reflections.java:scan(232)) - Reflections took 92 ms to scan 7 urls, producing 119 keys and 279 values 
2022-02-12 02:07:36,723 [Listener at 127.0.0.1/33473] INFO  statemachine.DatanodeStateMachine (DatanodeStateMachine.java:getEndPointTaskThreadPoolSize(222)) - Datanode State Machine Task Thread Pool size 2
2022-02-12 02:07:36,729 [Listener at 127.0.0.1/33473] INFO  volume.HddsVolume (HddsVolume.java:<init>(120)) - Creating HddsVolume: /home/runner/work/ozone/ozone/hadoop-ozone/integration-test/target/test-dir/MiniOzoneClusterImpl-aab2a9ef-fee9-490a-83f8-38e83ff8be47/datanode-2/data-0/containers/hdds of storage type : DISK capacity : 9223372036854775807
2022-02-12 02:07:36,729 [Listener at 127.0.0.1/33473] INFO  volume.MutableVolumeSet (MutableVolumeSet.java:initializeVolumeSet(168)) - Added Volume : /home/runner/work/ozone/ozone/hadoop-ozone/integration-test/target/test-dir/MiniOzoneClusterImpl-aab2a9ef-fee9-490a-83f8-38e83ff8be47/datanode-2/data-0/containers/hdds to VolumeSet
2022-02-12 02:07:36,729 [Listener at 127.0.0.1/33473] INFO  volume.ThrottledAsyncChecker (ThrottledAsyncChecker.java:schedule(141)) - Scheduling a check for /home/runner/work/ozone/ozone/hadoop-ozone/integration-test/target/test-dir/MiniOzoneClusterImpl-aab2a9ef-fee9-490a-83f8-38e83ff8be47/datanode-2/data-0/containers/hdds
2022-02-12 02:07:36,752 [Listener at 127.0.0.1/33473] INFO  volume.StorageVolumeChecker (StorageVolumeChecker.java:checkAllVolumes(202)) - Scheduled health check for volume /home/runner/work/ozone/ozone/hadoop-ozone/integration-test/target/test-dir/MiniOzoneClusterImpl-aab2a9ef-fee9-490a-83f8-38e83ff8be47/datanode-2/data-0/containers/hdds
2022-02-12 02:07:36,775 [Listener at 127.0.0.1/33473] INFO  volume.MutableVolumeSet (MutableVolumeSet.java:initializeVolumeSet(168)) - Added Volume : /home/runner/work/ozone/ozone/hadoop-ozone/integration-test/target/test-dir/MiniOzoneClusterImpl-aab2a9ef-fee9-490a-83f8-38e83ff8be47/datanode-2/data/ratis to VolumeSet
2022-02-12 02:07:36,775 [Listener at 127.0.0.1/33473] INFO  volume.ThrottledAsyncChecker (ThrottledAsyncChecker.java:schedule(141)) - Scheduling a check for /home/runner/work/ozone/ozone/hadoop-ozone/integration-test/target/test-dir/MiniOzoneClusterImpl-aab2a9ef-fee9-490a-83f8-38e83ff8be47/datanode-2/data/ratis
2022-02-12 02:07:36,776 [Listener at 127.0.0.1/33473] INFO  volume.StorageVolumeChecker (StorageVolumeChecker.java:checkAllVolumes(202)) - Scheduled health check for volume /home/runner/work/ozone/ozone/hadoop-ozone/integration-test/target/test-dir/MiniOzoneClusterImpl-aab2a9ef-fee9-490a-83f8-38e83ff8be47/datanode-2/data/ratis
2022-02-12 02:07:36,807 [Thread-536] INFO  ozoneimpl.ContainerReader (ContainerReader.java:readVolume(172)) - Finish verifying containers on volume /home/runner/work/ozone/ozone/hadoop-ozone/integration-test/target/test-dir/MiniOzoneClusterImpl-aab2a9ef-fee9-490a-83f8-38e83ff8be47/datanode-2/data-0/containers/hdds
2022-02-12 02:07:36,807 [Listener at 127.0.0.1/33473] INFO  ozoneimpl.OzoneContainer (OzoneContainer.java:buildContainerSet(237)) - Build ContainerSet costs 0s
2022-02-12 02:07:36,811 [Listener at 127.0.0.1/33473] INFO  server.RaftServer (ConfUtils.java:logGet(44)) - raft.rpc.type = GRPC (default)
2022-02-12 02:07:36,811 [Listener at 127.0.0.1/33473] INFO  grpc.GrpcFactory (GrpcFactory.java:checkPooledByteBufAllocatorUseCacheForAllThreads(48)) - PERFORMANCE WARNING: useCacheForAllThreads is true that may cause Netty to create a lot garbage objects and, as a result, trigger GC.
	It is recommended to disable useCacheForAllThreads by setting -Dorg.apache.ratis.thirdparty.io.netty.allocator.useCacheForAllThreads=false in command line.
2022-02-12 02:07:36,812 [Listener at 127.0.0.1/33473] INFO  grpc.GrpcConfigKeys (ConfUtils.java:logGet(44)) - raft.grpc.admin.port = 0 (custom)
2022-02-12 02:07:36,812 [Listener at 127.0.0.1/33473] INFO  grpc.GrpcConfigKeys (ConfUtils.java:logGet(44)) - raft.grpc.client.port = 0 (custom)
2022-02-12 02:07:36,812 [Listener at 127.0.0.1/33473] INFO  grpc.GrpcConfigKeys (ConfUtils.java:logGet(44)) - raft.grpc.server.port = 0 (default)
2022-02-12 02:07:36,812 [Listener at 127.0.0.1/33473] INFO  server.GrpcService (ConfUtils.java:logGet(44)) - raft.grpc.message.size.max = 32MB (=33554432) (custom)
2022-02-12 02:07:36,812 [Listener at 127.0.0.1/33473] INFO  server.RaftServerConfigKeys (ConfUtils.java:logGet(44)) - raft.server.log.appender.buffer.byte-limit = 33554432 (custom)
2022-02-12 02:07:36,813 [Listener at 127.0.0.1/33473] INFO  server.GrpcService (ConfUtils.java:logGet(44)) - raft.grpc.flow.control.window = 5MB (=5242880) (custom)
2022-02-12 02:07:36,815 [Listener at 127.0.0.1/33473] INFO  server.RaftServerConfigKeys (ConfUtils.java:logGet(44)) - raft.server.rpc.request.timeout = 60s (custom)
2022-02-12 02:07:36,816 [Listener at 127.0.0.1/33473] INFO  impl.DataStreamServerImpl (ConfUtils.java:logGet(44)) - raft.datastream.type = DISABLED (default)
2022-02-12 02:07:36,816 [Listener at 127.0.0.1/33473] INFO  server.RaftServerConfigKeys (ConfUtils.java:logGet(44)) - raft.server.rpc.slowness.timeout = 300s (custom)
2022-02-12 02:07:36,816 [Listener at 127.0.0.1/33473] INFO  server.RaftServerConfigKeys (ConfUtils.java:logGet(44)) - raft.server.leaderelection.leader.step-down.wait-time = 10s (default)
2022-02-12 02:07:36,816 [Listener at 127.0.0.1/33473] INFO  server.RaftServerConfigKeys (ConfUtils.java:logGet(44)) - raft.server.storage.dir = [/home/runner/work/ozone/ozone/hadoop-ozone/integration-test/target/test-dir/MiniOzoneClusterImpl-aab2a9ef-fee9-490a-83f8-38e83ff8be47/datanode-2/data/ratis] (custom)
2022-02-12 02:07:36,819 [Listener at 127.0.0.1/33473] INFO  server.XceiverServerGrpc (XceiverServerGrpc.java:<init>(132)) - GrpcServer channel type EpollServerSocketChannel
2022-02-12 02:07:36,835 [Listener at 127.0.0.1/33473] INFO  http.BaseHttpServer (BaseHttpServer.java:newHttpServer2BuilderForOzone(209)) - Starting Web-server for hddsDatanode at: http://0.0.0.0:0
2022-02-12 02:07:36,835 [Listener at 127.0.0.1/33473] INFO  http.BaseHttpServer (BaseHttpServer.java:<init>(107)) - Hadoop Security Enabled: false Ozone Security Enabled: false Ozone HTTP Security Enabled: false 
2022-02-12 02:07:36,836 [Listener at 127.0.0.1/33473] INFO  server.AuthenticationFilter (AuthenticationFilter.java:constructSecretProvider(240)) - Unable to initialize FileSignerSecretProvider, falling back to use random secrets.
2022-02-12 02:07:36,848 [Listener at 127.0.0.1/33473] WARN  http.HttpRequestLog (HttpRequestLog.java:getRequestLog(103)) - Jetty request log can only be enabled using Log4j
2022-02-12 02:07:36,849 [Listener at 127.0.0.1/33473] INFO  http.HttpServer2 (HttpServer2.java:addGlobalFilter(1030)) - Added global filter 'safety' (class=org.apache.hadoop.hdds.server.http.HttpServer2$QuotingInputFilter)
2022-02-12 02:07:36,849 [Listener at 127.0.0.1/33473] INFO  http.HttpServer2 (HttpServer2.java:addFilter(1006)) - Added filter static_user_filter (class=org.apache.hadoop.http.lib.StaticUserWebFilter$StaticUserFilter) to context hddsDatanode
2022-02-12 02:07:36,850 [Listener at 127.0.0.1/33473] INFO  http.HttpServer2 (HttpServer2.java:addFilter(1014)) - Added filter static_user_filter (class=org.apache.hadoop.http.lib.StaticUserWebFilter$StaticUserFilter) to context logs
2022-02-12 02:07:36,850 [Listener at 127.0.0.1/33473] INFO  http.HttpServer2 (HttpServer2.java:addFilter(1014)) - Added filter static_user_filter (class=org.apache.hadoop.http.lib.StaticUserWebFilter$StaticUserFilter) to context static
2022-02-12 02:07:36,850 [Listener at 127.0.0.1/33473] INFO  http.HttpServer2 (HttpServer2.java:bindListener(1249)) - Jetty bound to port 34531
2022-02-12 02:07:36,850 [Listener at 127.0.0.1/33473] INFO  server.Server (Server.java:doStart(375)) - jetty-9.4.43.v20210629; built: 2021-06-30T11:07:22.254Z; git: 526006ecfa3af7f1a27ef3a288e2bef7ea9dd7e8; jvm 1.8.0_312-b07
2022-02-12 02:07:36,900 [Listener at 127.0.0.1/33473] INFO  server.session (DefaultSessionIdManager.java:doStart(334)) - DefaultSessionIdManager workerName=node0
2022-02-12 02:07:36,900 [Listener at 127.0.0.1/33473] INFO  server.session (DefaultSessionIdManager.java:doStart(339)) - No SessionScavenger set, using defaults
2022-02-12 02:07:36,901 [Listener at 127.0.0.1/33473] INFO  server.session (HouseKeeper.java:startScavenging(132)) - node0 Scavenging every 660000ms
2022-02-12 02:07:36,901 [Listener at 127.0.0.1/33473] INFO  handler.ContextHandler (ContextHandler.java:doStart(915)) - Started o.e.j.s.ServletContextHandler@2432211{logs,/logs,file:///home/runner/work/ozone/ozone/hadoop-ozone/integration-test/target/log,AVAILABLE}
2022-02-12 02:07:36,902 [Listener at 127.0.0.1/33473] INFO  handler.ContextHandler (ContextHandler.java:doStart(915)) - Started o.e.j.s.ServletContextHandler@2d11d5e7{static,/static,jar:file:/home/runner/.m2/repository/org/apache/ozone/hdds-container-service/1.3.0-SNAPSHOT/hdds-container-service-1.3.0-SNAPSHOT.jar!/webapps/static,AVAILABLE}
2022-02-12 02:07:37,009 [Listener at 127.0.0.1/33473] INFO  handler.ContextHandler (ContextHandler.java:doStart(915)) - Started o.e.j.w.WebAppContext@58bc23f3{hddsDatanode,/,file:///tmp/jetty-0_0_0_0-34531-hdds-container-service-1_3_0-SNAPSHOT_jar-_-any-5838921606655275769/webapp/,AVAILABLE}{jar:file:/home/runner/.m2/repository/org/apache/ozone/hdds-container-service/1.3.0-SNAPSHOT/hdds-container-service-1.3.0-SNAPSHOT.jar!/webapps/hddsDatanode}
2022-02-12 02:07:37,020 [Listener at 127.0.0.1/33473] INFO  server.AbstractConnector (AbstractConnector.java:doStart(331)) - Started ServerConnector@1e4da7d5{HTTP/1.1, (http/1.1)}{0.0.0.0:34531}
2022-02-12 02:07:37,021 [Listener at 127.0.0.1/33473] INFO  server.Server (Server.java:doStart(415)) - Started @75244ms
2022-02-12 02:07:37,021 [Listener at 127.0.0.1/33473] WARN  impl.MetricsSystemImpl (MetricsSystemImpl.java:register(279)) - Sink prometheus already exists!
2022-02-12 02:07:37,025 [Listener at 127.0.0.1/33473] INFO  http.BaseHttpServer (BaseHttpServer.java:updateConnectorAddress(329)) - HTTP server of hddsDatanode listening at http://0.0.0.0:34531
2022-02-12 02:07:37,032 [Listener at 127.0.0.1/33473] INFO  ozone.MiniOzoneClusterImpl (MiniOzoneClusterImpl.java:lambda$waitForClusterToBeReady$0(219)) - Waiting for nodes to be ready. Got 0 of 3 DN Heartbeats.
2022-02-12 02:07:37,032 [Listener at 127.0.0.1/33473] INFO  ozone.MiniOzoneClusterImpl (MiniOzoneClusterImpl.java:lambda$waitForClusterToBeReady$0(222)) - Waiting for cluster to exit safe mode
2022-02-12 02:07:37,032 [Listener at 127.0.0.1/33473] INFO  ozone.MiniOzoneClusterImpl (MiniOzoneClusterImpl.java:lambda$waitForClusterToBeReady$0(224)) - SCM became leader
2022-02-12 02:07:37,052 [Datanode State Machine Daemon Thread] INFO  statemachine.DatanodeStateMachine (DatanodeStateMachine.java:lambda$startDaemon$0(470)) - Ozone container server started.
2022-02-12 02:07:37,116 [org.apache.hadoop.util.JvmPauseMonitor$Monitor@dcb7f03] INFO  util.JvmPauseMonitor (JvmPauseMonitor.java:run(188)) - Starting JVM pause monitor
2022-02-12 02:07:37,126 [Datanode State Machine Task Thread - 0] INFO  datanode.InitDatanodeState (InitDatanodeState.java:persistContainerDatanodeDetails(145)) - DatanodeDetails is persisted to /home/runner/work/ozone/ozone/hadoop-ozone/integration-test/target/test-dir/MiniOzoneClusterImpl-aab2a9ef-fee9-490a-83f8-38e83ff8be47/datanode-2/meta/datanode.id
2022-02-12 02:07:38,036 [Listener at 127.0.0.1/33473] INFO  ozone.MiniOzoneClusterImpl (MiniOzoneClusterImpl.java:lambda$waitForClusterToBeReady$0(219)) - Waiting for nodes to be ready. Got 0 of 3 DN Heartbeats.
2022-02-12 02:07:38,036 [Listener at 127.0.0.1/33473] INFO  ozone.MiniOzoneClusterImpl (MiniOzoneClusterImpl.java:lambda$waitForClusterToBeReady$0(222)) - Waiting for cluster to exit safe mode
2022-02-12 02:07:38,036 [Listener at 127.0.0.1/33473] INFO  ozone.MiniOzoneClusterImpl (MiniOzoneClusterImpl.java:lambda$waitForClusterToBeReady$0(224)) - SCM became leader
2022-02-12 02:07:38,038 [EndpointStateMachine task thread for /0.0.0.0:41421 - 0 ] INFO  ozoneimpl.OzoneContainer (OzoneContainer.java:start(315)) - Attempting to start container services.
2022-02-12 02:07:38,038 [EndpointStateMachine task thread for /0.0.0.0:41421 - 0 ] INFO  ozoneimpl.OzoneContainer (OzoneContainer.java:startContainerScrub(250)) - Background container scanner has been disabled.
2022-02-12 02:07:38,039 [EndpointStateMachine task thread for /0.0.0.0:41421 - 0 ] INFO  replication.ReplicationServer (ReplicationServer.java:start(111)) - ReplicationServer is started using port 36553
2022-02-12 02:07:38,040 [EndpointStateMachine task thread for /0.0.0.0:41421 - 0 ] INFO  ratis.XceiverServerRatis (XceiverServerRatis.java:start(484)) - Starting XceiverServerRatis 80aad825-1455-44c8-9b95-39dda33c55fc
2022-02-12 02:07:38,061 [EndpointStateMachine task thread for /0.0.0.0:41421 - 0 ] INFO  server.RaftServer (RaftServerProxy.java:lambda$start$5(374)) - 80aad825-1455-44c8-9b95-39dda33c55fc: start RPC server
2022-02-12 02:07:38,062 [EndpointStateMachine task thread for /0.0.0.0:41421 - 0 ] INFO  server.GrpcService (GrpcService.java:startImpl(253)) - 80aad825-1455-44c8-9b95-39dda33c55fc: GrpcService started, listening on 32927
2022-02-12 02:07:38,062 [EndpointStateMachine task thread for /0.0.0.0:41421 - 0 ] INFO  ratis.XceiverServerRatis (XceiverServerRatis.java:getRealPort(505)) - XceiverServerRatis 80aad825-1455-44c8-9b95-39dda33c55fc is started using port 32927 for RATIS
2022-02-12 02:07:38,062 [EndpointStateMachine task thread for /0.0.0.0:41421 - 0 ] INFO  ratis.XceiverServerRatis (XceiverServerRatis.java:getRealPort(505)) - XceiverServerRatis 80aad825-1455-44c8-9b95-39dda33c55fc is started using port 32927 for RATIS_ADMIN
2022-02-12 02:07:38,062 [EndpointStateMachine task thread for /0.0.0.0:41421 - 0 ] INFO  ratis.XceiverServerRatis (XceiverServerRatis.java:getRealPort(505)) - XceiverServerRatis 80aad825-1455-44c8-9b95-39dda33c55fc is started using port 32927 for RATIS_SERVER
2022-02-12 02:07:38,063 [org.apache.ratis.util.JvmPauseMonitor$$Lambda$421/534662976@7eacbac7] INFO  util.JvmPauseMonitor (JvmPauseMonitor.java:run(103)) - JvmPauseMonitor-80aad825-1455-44c8-9b95-39dda33c55fc: Started
2022-02-12 02:07:38,067 [EndpointStateMachine task thread for /0.0.0.0:41421 - 0 ] INFO  server.XceiverServerGrpc (XceiverServerGrpc.java:start(180)) - XceiverServerGrpc 80aad825-1455-44c8-9b95-39dda33c55fc is started using port 43409
2022-02-12 02:07:38,629 [EndpointStateMachine task thread for /0.0.0.0:41421 - 0 ] INFO  ozoneimpl.OzoneContainer (OzoneContainer.java:start(315)) - Attempting to start container services.
2022-02-12 02:07:38,629 [EndpointStateMachine task thread for /0.0.0.0:41421 - 0 ] INFO  ozoneimpl.OzoneContainer (OzoneContainer.java:startContainerScrub(250)) - Background container scanner has been disabled.
2022-02-12 02:07:38,630 [EndpointStateMachine task thread for /0.0.0.0:41421 - 0 ] INFO  replication.ReplicationServer (ReplicationServer.java:start(111)) - ReplicationServer is started using port 44007
2022-02-12 02:07:38,631 [EndpointStateMachine task thread for /0.0.0.0:41421 - 0 ] INFO  ratis.XceiverServerRatis (XceiverServerRatis.java:start(484)) - Starting XceiverServerRatis 563bb084-6269-4eaf-a82d-f8c3d548975c
2022-02-12 02:07:38,632 [EndpointStateMachine task thread for /0.0.0.0:41421 - 0 ] INFO  server.RaftServer (RaftServerProxy.java:lambda$start$5(374)) - 563bb084-6269-4eaf-a82d-f8c3d548975c: start RPC server
2022-02-12 02:07:38,633 [EndpointStateMachine task thread for /0.0.0.0:41421 - 0 ] INFO  server.GrpcService (GrpcService.java:startImpl(253)) - 563bb084-6269-4eaf-a82d-f8c3d548975c: GrpcService started, listening on 42441
2022-02-12 02:07:38,635 [EndpointStateMachine task thread for /0.0.0.0:41421 - 0 ] INFO  ratis.XceiverServerRatis (XceiverServerRatis.java:getRealPort(505)) - XceiverServerRatis 563bb084-6269-4eaf-a82d-f8c3d548975c is started using port 42441 for RATIS
2022-02-12 02:07:38,635 [EndpointStateMachine task thread for /0.0.0.0:41421 - 0 ] INFO  ratis.XceiverServerRatis (XceiverServerRatis.java:getRealPort(505)) - XceiverServerRatis 563bb084-6269-4eaf-a82d-f8c3d548975c is started using port 42441 for RATIS_ADMIN
2022-02-12 02:07:38,635 [EndpointStateMachine task thread for /0.0.0.0:41421 - 0 ] INFO  ratis.XceiverServerRatis (XceiverServerRatis.java:getRealPort(505)) - XceiverServerRatis 563bb084-6269-4eaf-a82d-f8c3d548975c is started using port 42441 for RATIS_SERVER
2022-02-12 02:07:38,637 [EndpointStateMachine task thread for /0.0.0.0:41421 - 0 ] INFO  server.XceiverServerGrpc (XceiverServerGrpc.java:start(180)) - XceiverServerGrpc 563bb084-6269-4eaf-a82d-f8c3d548975c is started using port 42853
2022-02-12 02:07:38,638 [org.apache.ratis.util.JvmPauseMonitor$$Lambda$421/534662976@6463350f] INFO  util.JvmPauseMonitor (JvmPauseMonitor.java:run(103)) - JvmPauseMonitor-563bb084-6269-4eaf-a82d-f8c3d548975c: Started
2022-02-12 02:07:39,037 [Listener at 127.0.0.1/33473] INFO  ozone.MiniOzoneClusterImpl (MiniOzoneClusterImpl.java:lambda$waitForClusterToBeReady$0(219)) - Waiting for nodes to be ready. Got 0 of 3 DN Heartbeats.
2022-02-12 02:07:39,037 [Listener at 127.0.0.1/33473] INFO  ozone.MiniOzoneClusterImpl (MiniOzoneClusterImpl.java:lambda$waitForClusterToBeReady$0(222)) - Waiting for cluster to exit safe mode
2022-02-12 02:07:39,037 [Listener at 127.0.0.1/33473] INFO  ozone.MiniOzoneClusterImpl (MiniOzoneClusterImpl.java:lambda$waitForClusterToBeReady$0(224)) - SCM became leader
2022-02-12 02:07:39,122 [EndpointStateMachine task thread for /0.0.0.0:41421 - 0 ] INFO  ozoneimpl.OzoneContainer (OzoneContainer.java:start(315)) - Attempting to start container services.
2022-02-12 02:07:39,126 [EndpointStateMachine task thread for /0.0.0.0:41421 - 0 ] INFO  ozoneimpl.OzoneContainer (OzoneContainer.java:startContainerScrub(250)) - Background container scanner has been disabled.
2022-02-12 02:07:39,128 [EndpointStateMachine task thread for /0.0.0.0:41421 - 0 ] INFO  replication.ReplicationServer (ReplicationServer.java:start(111)) - ReplicationServer is started using port 40771
2022-02-12 02:07:39,138 [EndpointStateMachine task thread for /0.0.0.0:41421 - 0 ] INFO  ratis.XceiverServerRatis (XceiverServerRatis.java:start(484)) - Starting XceiverServerRatis dbc576bd-ec57-4800-af44-df78a35caa86
2022-02-12 02:07:39,160 [EndpointStateMachine task thread for /0.0.0.0:41421 - 0 ] INFO  server.RaftServer (RaftServerProxy.java:lambda$start$5(374)) - dbc576bd-ec57-4800-af44-df78a35caa86: start RPC server
2022-02-12 02:07:39,167 [EndpointStateMachine task thread for /0.0.0.0:41421 - 0 ] INFO  server.GrpcService (GrpcService.java:startImpl(253)) - dbc576bd-ec57-4800-af44-df78a35caa86: GrpcService started, listening on 44991
2022-02-12 02:07:39,172 [EndpointStateMachine task thread for /0.0.0.0:41421 - 0 ] INFO  ratis.XceiverServerRatis (XceiverServerRatis.java:getRealPort(505)) - XceiverServerRatis dbc576bd-ec57-4800-af44-df78a35caa86 is started using port 44991 for RATIS
2022-02-12 02:07:39,172 [EndpointStateMachine task thread for /0.0.0.0:41421 - 0 ] INFO  ratis.XceiverServerRatis (XceiverServerRatis.java:getRealPort(505)) - XceiverServerRatis dbc576bd-ec57-4800-af44-df78a35caa86 is started using port 44991 for RATIS_ADMIN
2022-02-12 02:07:39,172 [EndpointStateMachine task thread for /0.0.0.0:41421 - 0 ] INFO  ratis.XceiverServerRatis (XceiverServerRatis.java:getRealPort(505)) - XceiverServerRatis dbc576bd-ec57-4800-af44-df78a35caa86 is started using port 44991 for RATIS_SERVER
2022-02-12 02:07:39,172 [org.apache.ratis.util.JvmPauseMonitor$$Lambda$421/534662976@7c38062f] INFO  util.JvmPauseMonitor (JvmPauseMonitor.java:run(103)) - JvmPauseMonitor-dbc576bd-ec57-4800-af44-df78a35caa86: Started
2022-02-12 02:07:39,177 [EndpointStateMachine task thread for /0.0.0.0:41421 - 0 ] INFO  server.XceiverServerGrpc (XceiverServerGrpc.java:start(180)) - XceiverServerGrpc dbc576bd-ec57-4800-af44-df78a35caa86 is started using port 34585
2022-02-12 02:07:40,005 [IPC Server handler 1 on default port 41421] INFO  net.NetworkTopologyImpl (NetworkTopologyImpl.java:add(112)) - Added a new node: /default-rack/80aad825-1455-44c8-9b95-39dda33c55fc
2022-02-12 02:07:40,005 [IPC Server handler 1 on default port 41421] INFO  node.SCMNodeManager (SCMNodeManager.java:register(389)) - Registered Data node : 80aad825-1455-44c8-9b95-39dda33c55fc{ip: 10.1.0.17, host: fv-az395-998.zfmzfyrfkyou3ow0tsr0jxwq1e.bx.internal.cloudapp.net, ports: [REPLICATION=36553, RATIS=32927, RATIS_ADMIN=32927, RATIS_SERVER=32927, STANDALONE=43409], networkLocation: /default-rack, certSerialId: null, persistedOpState: null, persistedOpStateExpiryEpochSec: 0}
2022-02-12 02:07:40,009 [EventQueue-NewNodeForNewNodeHandler] INFO  pipeline.BackgroundPipelineCreator (BackgroundPipelineCreator.java:notifyEventTriggered(285)) - trigger a one-shot run on RatisPipelineUtilsThread.
2022-02-12 02:07:40,014 [EventQueue-NodeRegistrationContainerReportForDataNodeSafeModeRule] INFO  safemode.SCMSafeModeManager (DataNodeSafeModeRule.java:process(71)) - SCM in safe mode. 1 DataNodes registered, 3 required.
2022-02-12 02:07:40,010 [RatisPipelineUtilsThread - 0] INFO  pipeline.RatisPipelineProvider (RatisPipelineProvider.java:lambda$create$0(183)) - Sending CreatePipelineCommand for pipeline:PipelineID=4cc0bf80-5fe5-41e0-ba98-8c267aecbbc8 to datanode:80aad825-1455-44c8-9b95-39dda33c55fc
2022-02-12 02:07:40,024 [EventQueue-PipelineReportForOneReplicaPipelineSafeModeRule] INFO  safemode.SCMSafeModeManager (SCMSafeModeManager.java:validateSafeModeExitRules(204)) - AtleastOneDatanodeReportedRule rule is successfully validated
2022-02-12 02:07:40,028 [EventQueue-NodeRegistrationContainerReportForContainerSafeModeRule] INFO  safemode.SCMSafeModeManager (SCMSafeModeManager.java:validateSafeModeExitRules(204)) - ContainerSafeModeRule rule is successfully validated
2022-02-12 02:07:40,037 [Listener at 127.0.0.1/33473] INFO  ozone.MiniOzoneClusterImpl (MiniOzoneClusterImpl.java:lambda$waitForClusterToBeReady$0(219)) - Waiting for nodes to be ready. Got 1 of 3 DN Heartbeats.
2022-02-12 02:07:40,037 [Listener at 127.0.0.1/33473] INFO  ozone.MiniOzoneClusterImpl (MiniOzoneClusterImpl.java:lambda$waitForClusterToBeReady$0(222)) - Waiting for cluster to exit safe mode
2022-02-12 02:07:40,037 [Listener at 127.0.0.1/33473] INFO  ozone.MiniOzoneClusterImpl (MiniOzoneClusterImpl.java:lambda$waitForClusterToBeReady$0(224)) - SCM became leader
2022-02-12 02:07:40,073 [30022ef7-21f3-4f35-b657-3de7ef8be931@group-38E83FF8BE47-StateMachineUpdater] INFO  pipeline.PipelineStateManagerImpl (PipelineStateManagerImpl.java:addPipeline(101)) - Created pipeline Pipeline[ Id: 4cc0bf80-5fe5-41e0-ba98-8c267aecbbc8, Nodes: 80aad825-1455-44c8-9b95-39dda33c55fc{ip: 10.1.0.17, host: fv-az395-998.zfmzfyrfkyou3ow0tsr0jxwq1e.bx.internal.cloudapp.net, ports: [REPLICATION=36553, RATIS=32927, RATIS_ADMIN=32927, RATIS_SERVER=32927, STANDALONE=43409], networkLocation: /default-rack, certSerialId: null, persistedOpState: IN_SERVICE, persistedOpStateExpiryEpochSec: 0}, ReplicationConfig: RATIS/ONE, State:ALLOCATED, leaderId:, CreationTimestamp2022-02-12T02:07:40.010Z[Etc/UTC]].
2022-02-12 02:07:40,073 [30022ef7-21f3-4f35-b657-3de7ef8be931@group-38E83FF8BE47-StateMachineUpdater] INFO  safemode.HealthyPipelineSafeModeRule (HealthyPipelineSafeModeRule.java:initializeRule(152)) - Refreshed total pipeline count is 0, healthy pipeline threshold count is 1
2022-02-12 02:07:40,623 [IPC Server handler 0 on default port 41421] INFO  net.NetworkTopologyImpl (NetworkTopologyImpl.java:add(112)) - Added a new node: /default-rack/563bb084-6269-4eaf-a82d-f8c3d548975c
2022-02-12 02:07:40,624 [IPC Server handler 0 on default port 41421] INFO  node.SCMNodeManager (SCMNodeManager.java:register(389)) - Registered Data node : 563bb084-6269-4eaf-a82d-f8c3d548975c{ip: 10.1.0.17, host: fv-az395-998.zfmzfyrfkyou3ow0tsr0jxwq1e.bx.internal.cloudapp.net, ports: [REPLICATION=44007, RATIS=42441, RATIS_ADMIN=42441, RATIS_SERVER=42441, STANDALONE=42853], networkLocation: /default-rack, certSerialId: null, persistedOpState: null, persistedOpStateExpiryEpochSec: 0}
2022-02-12 02:07:40,625 [EventQueue-NewNodeForNewNodeHandler] INFO  pipeline.BackgroundPipelineCreator (BackgroundPipelineCreator.java:notifyEventTriggered(285)) - trigger a one-shot run on RatisPipelineUtilsThread.
2022-02-12 02:07:40,628 [EventQueue-NodeRegistrationContainerReportForDataNodeSafeModeRule] INFO  safemode.SCMSafeModeManager (DataNodeSafeModeRule.java:process(71)) - SCM in safe mode. 2 DataNodes registered, 3 required.
2022-02-12 02:07:40,635 [RatisPipelineUtilsThread - 0] INFO  pipeline.RatisPipelineProvider (RatisPipelineProvider.java:lambda$create$0(183)) - Sending CreatePipelineCommand for pipeline:PipelineID=c3b3a7fb-0c41-4a2e-a3f7-03284f97e6a9 to datanode:563bb084-6269-4eaf-a82d-f8c3d548975c
2022-02-12 02:07:40,637 [30022ef7-21f3-4f35-b657-3de7ef8be931@group-38E83FF8BE47-StateMachineUpdater] INFO  pipeline.PipelineStateManagerImpl (PipelineStateManagerImpl.java:addPipeline(101)) - Created pipeline Pipeline[ Id: c3b3a7fb-0c41-4a2e-a3f7-03284f97e6a9, Nodes: 563bb084-6269-4eaf-a82d-f8c3d548975c{ip: 10.1.0.17, host: fv-az395-998.zfmzfyrfkyou3ow0tsr0jxwq1e.bx.internal.cloudapp.net, ports: [REPLICATION=44007, RATIS=42441, RATIS_ADMIN=42441, RATIS_SERVER=42441, STANDALONE=42853], networkLocation: /default-rack, certSerialId: null, persistedOpState: IN_SERVICE, persistedOpStateExpiryEpochSec: 0}, ReplicationConfig: RATIS/ONE, State:ALLOCATED, leaderId:, CreationTimestamp2022-02-12T02:07:40.635Z[Etc/UTC]].
2022-02-12 02:07:40,637 [30022ef7-21f3-4f35-b657-3de7ef8be931@group-38E83FF8BE47-StateMachineUpdater] INFO  safemode.HealthyPipelineSafeModeRule (HealthyPipelineSafeModeRule.java:initializeRule(152)) - Refreshed total pipeline count is 0, healthy pipeline threshold count is 1
2022-02-12 02:07:41,038 [Listener at 127.0.0.1/33473] INFO  ozone.MiniOzoneClusterImpl (MiniOzoneClusterImpl.java:lambda$waitForClusterToBeReady$0(219)) - Waiting for nodes to be ready. Got 2 of 3 DN Heartbeats.
2022-02-12 02:07:41,039 [Listener at 127.0.0.1/33473] INFO  ozone.MiniOzoneClusterImpl (MiniOzoneClusterImpl.java:lambda$waitForClusterToBeReady$0(222)) - Waiting for cluster to exit safe mode
2022-02-12 02:07:41,039 [Listener at 127.0.0.1/33473] INFO  ozone.MiniOzoneClusterImpl (MiniOzoneClusterImpl.java:lambda$waitForClusterToBeReady$0(224)) - SCM became leader
2022-02-12 02:07:41,118 [IPC Server handler 2 on default port 41421] INFO  net.NetworkTopologyImpl (NetworkTopologyImpl.java:add(112)) - Added a new node: /default-rack/dbc576bd-ec57-4800-af44-df78a35caa86
2022-02-12 02:07:41,118 [IPC Server handler 2 on default port 41421] INFO  node.SCMNodeManager (SCMNodeManager.java:register(389)) - Registered Data node : dbc576bd-ec57-4800-af44-df78a35caa86{ip: 10.1.0.17, host: fv-az395-998.zfmzfyrfkyou3ow0tsr0jxwq1e.bx.internal.cloudapp.net, ports: [REPLICATION=40771, RATIS=44991, RATIS_ADMIN=44991, RATIS_SERVER=44991, STANDALONE=34585], networkLocation: /default-rack, certSerialId: null, persistedOpState: null, persistedOpStateExpiryEpochSec: 0}
2022-02-12 02:07:41,120 [EventQueue-NewNodeForNewNodeHandler] INFO  pipeline.BackgroundPipelineCreator (BackgroundPipelineCreator.java:notifyEventTriggered(285)) - trigger a one-shot run on RatisPipelineUtilsThread.
2022-02-12 02:07:41,130 [RatisPipelineUtilsThread - 0] INFO  pipeline.RatisPipelineProvider (RatisPipelineProvider.java:lambda$create$0(183)) - Sending CreatePipelineCommand for pipeline:PipelineID=6579759d-2473-4297-a822-5bc279cfdaa1 to datanode:dbc576bd-ec57-4800-af44-df78a35caa86
2022-02-12 02:07:41,131 [EventQueue-NodeRegistrationContainerReportForDataNodeSafeModeRule] INFO  safemode.SCMSafeModeManager (DataNodeSafeModeRule.java:process(71)) - SCM in safe mode. 3 DataNodes registered, 3 required.
2022-02-12 02:07:41,131 [EventQueue-NodeRegistrationContainerReportForDataNodeSafeModeRule] INFO  safemode.SCMSafeModeManager (SCMSafeModeManager.java:validateSafeModeExitRules(204)) - DataNodeSafeModeRule rule is successfully validated
2022-02-12 02:07:41,131 [EventQueue-NodeRegistrationContainerReportForDataNodeSafeModeRule] INFO  safemode.SCMSafeModeManager (SCMSafeModeManager.java:completePreCheck(233)) - All SCM safe mode pre check rules have passed
2022-02-12 02:07:41,131 [EventQueue-NodeRegistrationContainerReportForDataNodeSafeModeRule] WARN  events.EventQueue (EventQueue.java:fireEvent(194)) - No event handler registered for event TypedEvent{payloadType=SafeModeStatus, name='Safe mode status'}
2022-02-12 02:07:41,131 [EventQueue-NodeRegistrationContainerReportForDataNodeSafeModeRule] INFO  ha.SCMContext (SCMContext.java:updateSafeModeStatus(211)) - Update SafeModeStatus from SafeModeStatus{safeModeStatus=true, preCheckPassed=false} to SafeModeStatus{safeModeStatus=true, preCheckPassed=true}.
2022-02-12 02:07:41,131 [EventQueue-NodeRegistrationContainerReportForDataNodeSafeModeRule] INFO  pipeline.BackgroundPipelineCreator (BackgroundPipelineCreator.java:notifyEventTriggered(285)) - trigger a one-shot run on RatisPipelineUtilsThread.
2022-02-12 02:07:41,132 [30022ef7-21f3-4f35-b657-3de7ef8be931@group-38E83FF8BE47-StateMachineUpdater] INFO  pipeline.PipelineStateManagerImpl (PipelineStateManagerImpl.java:addPipeline(101)) - Created pipeline Pipeline[ Id: 6579759d-2473-4297-a822-5bc279cfdaa1, Nodes: dbc576bd-ec57-4800-af44-df78a35caa86{ip: 10.1.0.17, host: fv-az395-998.zfmzfyrfkyou3ow0tsr0jxwq1e.bx.internal.cloudapp.net, ports: [REPLICATION=40771, RATIS=44991, RATIS_ADMIN=44991, RATIS_SERVER=44991, STANDALONE=34585], networkLocation: /default-rack, certSerialId: null, persistedOpState: IN_SERVICE, persistedOpStateExpiryEpochSec: 0}, ReplicationConfig: RATIS/ONE, State:ALLOCATED, leaderId:, CreationTimestamp2022-02-12T02:07:41.130Z[Etc/UTC]].
2022-02-12 02:07:41,132 [30022ef7-21f3-4f35-b657-3de7ef8be931@group-38E83FF8BE47-StateMachineUpdater] INFO  safemode.HealthyPipelineSafeModeRule (HealthyPipelineSafeModeRule.java:initializeRule(152)) - Refreshed total pipeline count is 0, healthy pipeline threshold count is 1
2022-02-12 02:07:41,133 [RatisPipelineUtilsThread - 0] INFO  pipeline.RatisPipelineProvider (RatisPipelineProvider.java:lambda$create$0(183)) - Sending CreatePipelineCommand for pipeline:PipelineID=fa4b923b-039d-41c6-ba28-a60bdc5e8099 to datanode:dbc576bd-ec57-4800-af44-df78a35caa86
2022-02-12 02:07:41,138 [RatisPipelineUtilsThread - 0] INFO  pipeline.RatisPipelineProvider (RatisPipelineProvider.java:lambda$create$0(183)) - Sending CreatePipelineCommand for pipeline:PipelineID=fa4b923b-039d-41c6-ba28-a60bdc5e8099 to datanode:563bb084-6269-4eaf-a82d-f8c3d548975c
2022-02-12 02:07:41,138 [RatisPipelineUtilsThread - 0] INFO  pipeline.RatisPipelineProvider (RatisPipelineProvider.java:lambda$create$0(183)) - Sending CreatePipelineCommand for pipeline:PipelineID=fa4b923b-039d-41c6-ba28-a60bdc5e8099 to datanode:80aad825-1455-44c8-9b95-39dda33c55fc
2022-02-12 02:07:41,139 [30022ef7-21f3-4f35-b657-3de7ef8be931@group-38E83FF8BE47-StateMachineUpdater] INFO  pipeline.PipelineStateManagerImpl (PipelineStateManagerImpl.java:addPipeline(101)) - Created pipeline Pipeline[ Id: fa4b923b-039d-41c6-ba28-a60bdc5e8099, Nodes: dbc576bd-ec57-4800-af44-df78a35caa86{ip: 10.1.0.17, host: fv-az395-998.zfmzfyrfkyou3ow0tsr0jxwq1e.bx.internal.cloudapp.net, ports: [REPLICATION=40771, RATIS=44991, RATIS_ADMIN=44991, RATIS_SERVER=44991, STANDALONE=34585], networkLocation: /default-rack, certSerialId: null, persistedOpState: IN_SERVICE, persistedOpStateExpiryEpochSec: 0}563bb084-6269-4eaf-a82d-f8c3d548975c{ip: 10.1.0.17, host: fv-az395-998.zfmzfyrfkyou3ow0tsr0jxwq1e.bx.internal.cloudapp.net, ports: [REPLICATION=44007, RATIS=42441, RATIS_ADMIN=42441, RATIS_SERVER=42441, STANDALONE=42853], networkLocation: /default-rack, certSerialId: null, persistedOpState: IN_SERVICE, persistedOpStateExpiryEpochSec: 0}80aad825-1455-44c8-9b95-39dda33c55fc{ip: 10.1.0.17, host: fv-az395-998.zfmzfyrfkyou3ow0tsr0jxwq1e.bx.internal.cloudapp.net, ports: [REPLICATION=36553, RATIS=32927, RATIS_ADMIN=32927, RATIS_SERVER=32927, STANDALONE=43409], networkLocation: /default-rack, certSerialId: null, persistedOpState: IN_SERVICE, persistedOpStateExpiryEpochSec: 0}, ReplicationConfig: RATIS/THREE, State:ALLOCATED, leaderId:, CreationTimestamp2022-02-12T02:07:41.133Z[Etc/UTC]].
2022-02-12 02:07:41,139 [30022ef7-21f3-4f35-b657-3de7ef8be931@group-38E83FF8BE47-StateMachineUpdater] INFO  safemode.HealthyPipelineSafeModeRule (HealthyPipelineSafeModeRule.java:initializeRule(152)) - Refreshed total pipeline count is 0, healthy pipeline threshold count is 1
2022-02-12 02:07:41,140 [RatisPipelineUtilsThread - 0] INFO  pipeline.RatisPipelineProvider (RatisPipelineProvider.java:lambda$create$0(183)) - Sending CreatePipelineCommand for pipeline:PipelineID=7478c8ab-e15e-4858-9ff5-23dd4b820ad7 to datanode:80aad825-1455-44c8-9b95-39dda33c55fc
2022-02-12 02:07:41,143 [RatisPipelineUtilsThread - 0] INFO  pipeline.RatisPipelineProvider (RatisPipelineProvider.java:lambda$create$0(183)) - Sending CreatePipelineCommand for pipeline:PipelineID=7478c8ab-e15e-4858-9ff5-23dd4b820ad7 to datanode:dbc576bd-ec57-4800-af44-df78a35caa86
2022-02-12 02:07:41,143 [RatisPipelineUtilsThread - 0] INFO  pipeline.RatisPipelineProvider (RatisPipelineProvider.java:lambda$create$0(183)) - Sending CreatePipelineCommand for pipeline:PipelineID=7478c8ab-e15e-4858-9ff5-23dd4b820ad7 to datanode:563bb084-6269-4eaf-a82d-f8c3d548975c
2022-02-12 02:07:41,144 [30022ef7-21f3-4f35-b657-3de7ef8be931@group-38E83FF8BE47-StateMachineUpdater] INFO  pipeline.PipelineStateManagerImpl (PipelineStateManagerImpl.java:addPipeline(101)) - Created pipeline Pipeline[ Id: 7478c8ab-e15e-4858-9ff5-23dd4b820ad7, Nodes: 80aad825-1455-44c8-9b95-39dda33c55fc{ip: 10.1.0.17, host: fv-az395-998.zfmzfyrfkyou3ow0tsr0jxwq1e.bx.internal.cloudapp.net, ports: [REPLICATION=36553, RATIS=32927, RATIS_ADMIN=32927, RATIS_SERVER=32927, STANDALONE=43409], networkLocation: /default-rack, certSerialId: null, persistedOpState: IN_SERVICE, persistedOpStateExpiryEpochSec: 0}dbc576bd-ec57-4800-af44-df78a35caa86{ip: 10.1.0.17, host: fv-az395-998.zfmzfyrfkyou3ow0tsr0jxwq1e.bx.internal.cloudapp.net, ports: [REPLICATION=40771, RATIS=44991, RATIS_ADMIN=44991, RATIS_SERVER=44991, STANDALONE=34585], networkLocation: /default-rack, certSerialId: null, persistedOpState: IN_SERVICE, persistedOpStateExpiryEpochSec: 0}563bb084-6269-4eaf-a82d-f8c3d548975c{ip: 10.1.0.17, host: fv-az395-998.zfmzfyrfkyou3ow0tsr0jxwq1e.bx.internal.cloudapp.net, ports: [REPLICATION=44007, RATIS=42441, RATIS_ADMIN=42441, RATIS_SERVER=42441, STANDALONE=42853], networkLocation: /default-rack, certSerialId: null, persistedOpState: IN_SERVICE, persistedOpStateExpiryEpochSec: 0}, ReplicationConfig: RATIS/THREE, State:ALLOCATED, leaderId:, CreationTimestamp2022-02-12T02:07:41.140Z[Etc/UTC]].
2022-02-12 02:07:41,144 [30022ef7-21f3-4f35-b657-3de7ef8be931@group-38E83FF8BE47-StateMachineUpdater] INFO  safemode.HealthyPipelineSafeModeRule (HealthyPipelineSafeModeRule.java:initializeRule(152)) - Refreshed total pipeline count is 0, healthy pipeline threshold count is 1
2022-02-12 02:07:41,145 [RatisPipelineUtilsThread - 0] INFO  pipeline.PipelineManagerImpl (PipelineManagerImpl.java:recordMetricsForPipeline(639)) - Pipeline: PipelineID=7478c8ab-e15e-4858-9ff5-23dd4b820ad7 contains same datanodes as previous pipelines: PipelineID=fa4b923b-039d-41c6-ba28-a60bdc5e8099 nodeIds: 80aad825-1455-44c8-9b95-39dda33c55fc, dbc576bd-ec57-4800-af44-df78a35caa86, 563bb084-6269-4eaf-a82d-f8c3d548975c
2022-02-12 02:07:42,040 [Listener at 127.0.0.1/33473] INFO  ozone.MiniOzoneClusterImpl (MiniOzoneClusterImpl.java:lambda$waitForClusterToBeReady$0(219)) - Nodes are ready. Got 3 of 3 DN Heartbeats.
2022-02-12 02:07:42,040 [Listener at 127.0.0.1/33473] INFO  ozone.MiniOzoneClusterImpl (MiniOzoneClusterImpl.java:lambda$waitForClusterToBeReady$0(222)) - Waiting for cluster to exit safe mode
2022-02-12 02:07:42,040 [Listener at 127.0.0.1/33473] INFO  ozone.MiniOzoneClusterImpl (MiniOzoneClusterImpl.java:lambda$waitForClusterToBeReady$0(224)) - SCM became leader
2022-02-12 02:07:43,005 [Command processor thread] INFO  server.RaftServer (RaftServerProxy.java:addNew(95)) - 80aad825-1455-44c8-9b95-39dda33c55fc: addNew group-8C267AECBBC8:[80aad825-1455-44c8-9b95-39dda33c55fc|rpc:10.1.0.17:32927|priority:1] returns group-8C267AECBBC8:java.util.concurrent.CompletableFuture@48493524[Not completed]
2022-02-12 02:07:43,024 [pool-207-thread-1] INFO  server.RaftServer$Division (RaftServerImpl.java:<init>(184)) - 80aad825-1455-44c8-9b95-39dda33c55fc: new RaftServerImpl for group-8C267AECBBC8:[80aad825-1455-44c8-9b95-39dda33c55fc|rpc:10.1.0.17:32927|priority:1] with ContainerStateMachine:uninitialized
2022-02-12 02:07:43,038 [pool-207-thread-1] INFO  server.RaftServerConfigKeys (ConfUtils.java:logGet(44)) - raft.server.rpc.timeout.min = 5s (custom)
2022-02-12 02:07:43,039 [pool-207-thread-1] INFO  server.RaftServerConfigKeys (ConfUtils.java:logGet(44)) - raft.server.rpc.timeout.max = 5200ms (custom)
2022-02-12 02:07:43,039 [pool-207-thread-1] INFO  server.RaftServerConfigKeys (ConfUtils.java:logGet(44)) - raft.server.rpc.sleep.time = 25ms (default)
2022-02-12 02:07:43,039 [pool-207-thread-1] INFO  server.RaftServerConfigKeys (ConfUtils.java:logGet(44)) - raft.server.rpc.slowness.timeout = 300s (custom)
2022-02-12 02:07:43,039 [pool-207-thread-1] INFO  server.RaftServerConfigKeys (ConfUtils.java:logGet(44)) - raft.server.leaderelection.leader.step-down.wait-time = 10s (default)
2022-02-12 02:07:43,039 [pool-207-thread-1] INFO  server.RaftServerConfigKeys (ConfUtils.java:logGet(44)) - raft.server.sleep.deviation.threshold = 300ms (default)
2022-02-12 02:07:43,039 [pool-207-thread-1] INFO  server.RaftServerConfigKeys (ConfUtils.java:logGet(44)) - raft.server.log.appender.install.snapshot.enabled = false (custom)
2022-02-12 02:07:43,039 [pool-207-thread-1] INFO  server.RaftServer$Division (ServerState.java:<init>(105)) - 80aad825-1455-44c8-9b95-39dda33c55fc@group-8C267AECBBC8: ConfigurationManager, init=-1: [80aad825-1455-44c8-9b95-39dda33c55fc|rpc:10.1.0.17:32927|priority:1], old=null, confs=<EMPTY_MAP>
2022-02-12 02:07:43,039 [pool-207-thread-1] INFO  server.RaftServerConfigKeys (ConfUtils.java:logGet(44)) - raft.server.storage.dir = [/home/runner/work/ozone/ozone/hadoop-ozone/integration-test/target/test-dir/MiniOzoneClusterImpl-aab2a9ef-fee9-490a-83f8-38e83ff8be47/datanode-0/data/ratis] (custom)
2022-02-12 02:07:43,039 [pool-207-thread-1] INFO  server.RaftServerConfigKeys (ConfUtils.java:logGet(44)) - raft.server.log.corruption.policy = EXCEPTION (default)
2022-02-12 02:07:43,039 [pool-207-thread-1] INFO  server.RaftServerConfigKeys (ConfUtils.java:logGet(44)) - raft.server.storage.free-space.min = 0MB (=0) (default)
2022-02-12 02:07:43,040 [pool-207-thread-1] INFO  storage.RaftStorageDirectory (RaftStorageDirectoryImpl.java:analyzeStorage(135)) - The storage directory /home/runner/work/ozone/ozone/hadoop-ozone/integration-test/target/test-dir/MiniOzoneClusterImpl-aab2a9ef-fee9-490a-83f8-38e83ff8be47/datanode-0/data/ratis/4cc0bf80-5fe5-41e0-ba98-8c267aecbbc8 does not exist. Creating ...
2022-02-12 02:07:43,040 [Listener at 127.0.0.1/33473] INFO  ozone.MiniOzoneClusterImpl (MiniOzoneClusterImpl.java:lambda$waitForClusterToBeReady$0(219)) - Nodes are ready. Got 3 of 3 DN Heartbeats.
2022-02-12 02:07:43,040 [Listener at 127.0.0.1/33473] INFO  ozone.MiniOzoneClusterImpl (MiniOzoneClusterImpl.java:lambda$waitForClusterToBeReady$0(222)) - Waiting for cluster to exit safe mode
2022-02-12 02:07:43,041 [Listener at 127.0.0.1/33473] INFO  ozone.MiniOzoneClusterImpl (MiniOzoneClusterImpl.java:lambda$waitForClusterToBeReady$0(224)) - SCM became leader
2022-02-12 02:07:43,044 [pool-207-thread-1] INFO  storage.RaftStorageDirectory (RaftStorageDirectoryImpl.java:tryLock(230)) - Lock on /home/runner/work/ozone/ozone/hadoop-ozone/integration-test/target/test-dir/MiniOzoneClusterImpl-aab2a9ef-fee9-490a-83f8-38e83ff8be47/datanode-0/data/ratis/4cc0bf80-5fe5-41e0-ba98-8c267aecbbc8/in_use.lock acquired by nodename 9178@fv-az395-998
2022-02-12 02:07:43,051 [pool-207-thread-1] INFO  storage.RaftStorage (RaftStorageImpl.java:format(89)) - Storage directory /home/runner/work/ozone/ozone/hadoop-ozone/integration-test/target/test-dir/MiniOzoneClusterImpl-aab2a9ef-fee9-490a-83f8-38e83ff8be47/datanode-0/data/ratis/4cc0bf80-5fe5-41e0-ba98-8c267aecbbc8 has been successfully formatted.
2022-02-12 02:07:43,056 [pool-207-thread-1] INFO  ratis.ContainerStateMachine (ContainerStateMachine.java:loadSnapshot(231)) - group-8C267AECBBC8: The snapshot info is null. Setting the last applied indexto:(t:0, i:~)
2022-02-12 02:07:43,060 [pool-207-thread-1] INFO  server.RaftServerConfigKeys (ConfUtils.java:logGet(44)) - raft.server.notification.no-leader.timeout = 300s (custom)
2022-02-12 02:07:43,060 [pool-207-thread-1] INFO  server.RaftServerConfigKeys (ConfUtils.java:logGet(44)) - raft.server.log.use.memory = false (default)
2022-02-12 02:07:43,060 [pool-207-thread-1] INFO  server.RaftServerConfigKeys (ConfUtils.java:logGet(44)) - raft.server.log.purge.gap = 1000000 (custom)
2022-02-12 02:07:43,061 [pool-207-thread-1] INFO  server.RaftServerConfigKeys (ConfUtils.java:logGet(44)) - raft.server.log.appender.buffer.byte-limit = 33554432 (custom)
2022-02-12 02:07:43,061 [pool-207-thread-1] INFO  server.RaftServerConfigKeys (ConfUtils.java:logGet(44)) - raft.server.log.segment.size.max = 1048576 (custom)
2022-02-12 02:07:43,061 [pool-207-thread-1] INFO  server.RaftServerConfigKeys (ConfUtils.java:logGet(44)) - raft.server.log.segment.cache.num.max = 2 (custom)
2022-02-12 02:07:43,061 [pool-207-thread-1] INFO  server.RaftServerConfigKeys (ConfUtils.java:logGet(44)) - raft.server.log.segment.cache.size.max = 200MB (=209715200) (default)
2022-02-12 02:07:43,061 [pool-207-thread-1] INFO  segmented.SegmentedRaftLogWorker (SegmentedRaftLogWorker.java:<init>(182)) - new 80aad825-1455-44c8-9b95-39dda33c55fc@group-8C267AECBBC8-SegmentedRaftLogWorker for RaftStorageImpl:Storage Directory /home/runner/work/ozone/ozone/hadoop-ozone/integration-test/target/test-dir/MiniOzoneClusterImpl-aab2a9ef-fee9-490a-83f8-38e83ff8be47/datanode-0/data/ratis/4cc0bf80-5fe5-41e0-ba98-8c267aecbbc8
2022-02-12 02:07:43,061 [pool-207-thread-1] INFO  server.RaftServerConfigKeys (ConfUtils.java:logGet(44)) - raft.server.log.queue.byte-limit = 2147483647 (custom)
2022-02-12 02:07:43,061 [pool-207-thread-1] INFO  server.RaftServerConfigKeys (ConfUtils.java:logGet(44)) - raft.server.log.queue.element-limit = 1024 (custom)
2022-02-12 02:07:43,061 [pool-207-thread-1] INFO  server.RaftServerConfigKeys (ConfUtils.java:logGet(44)) - raft.server.log.segment.size.max = 1048576 (custom)
2022-02-12 02:07:43,061 [pool-207-thread-1] INFO  server.RaftServerConfigKeys (ConfUtils.java:logGet(44)) - raft.server.log.preallocated.size = 16384 (custom)
2022-02-12 02:07:43,061 [pool-207-thread-1] INFO  server.RaftServerConfigKeys (ConfUtils.java:logGet(44)) - raft.server.log.force.sync.num = 128 (default)
2022-02-12 02:07:43,062 [pool-207-thread-1] INFO  server.RaftServerConfigKeys (ConfUtils.java:logGet(44)) - raft.server.log.statemachine.data.sync = true (default)
2022-02-12 02:07:43,062 [pool-207-thread-1] INFO  server.RaftServerConfigKeys (ConfUtils.java:logGet(44)) - raft.server.log.statemachine.data.sync.timeout = 10s (default)
2022-02-12 02:07:43,062 [pool-207-thread-1] INFO  server.RaftServerConfigKeys (ConfUtils.java:logGet(44)) - raft.server.log.statemachine.data.sync.timeout.retry = -1 (default)
2022-02-12 02:07:43,063 [EventQueue-PipelineReportForPipelineReportHandler] INFO  pipeline.PipelineManagerImpl (PipelineManagerImpl.java:openPipeline(291)) - Pipeline Pipeline[ Id: 4cc0bf80-5fe5-41e0-ba98-8c267aecbbc8, Nodes: 80aad825-1455-44c8-9b95-39dda33c55fc{ip: 10.1.0.17, host: fv-az395-998.zfmzfyrfkyou3ow0tsr0jxwq1e.bx.internal.cloudapp.net, ports: [REPLICATION=36553, RATIS=32927, RATIS_ADMIN=32927, RATIS_SERVER=32927, STANDALONE=43409], networkLocation: /default-rack, certSerialId: null, persistedOpState: IN_SERVICE, persistedOpStateExpiryEpochSec: 0}, ReplicationConfig: RATIS/ONE, State:ALLOCATED, leaderId:80aad825-1455-44c8-9b95-39dda33c55fc, CreationTimestamp2022-02-12T02:07:40.010Z[Etc/UTC]] moved to OPEN state
2022-02-12 02:07:43,072 [pool-207-thread-1] INFO  server.RaftServerConfigKeys (ConfUtils.java:logGet(44)) - raft.server.log.write.buffer.size = 1048576 (custom)
2022-02-12 02:07:43,073 [pool-207-thread-1] INFO  server.RaftServerConfigKeys (ConfUtils.java:logGet(44)) - raft.server.log.statemachine.data.caching.enabled = true (custom)
2022-02-12 02:07:43,073 [pool-207-thread-1] INFO  segmented.SegmentedRaftLogWorker (SegmentedRaftLogWorker.java:lambda$new$0(133)) - 80aad825-1455-44c8-9b95-39dda33c55fc@group-8C267AECBBC8-SegmentedRaftLogWorker: flushIndex: setUnconditionally 0 -> -1
2022-02-12 02:07:43,073 [pool-207-thread-1] INFO  segmented.SegmentedRaftLogWorker (SegmentedRaftLogWorker.java:lambda$new$0(133)) - 80aad825-1455-44c8-9b95-39dda33c55fc@group-8C267AECBBC8-SegmentedRaftLogWorker: safeCacheEvictIndex: setUnconditionally 0 -> -1
2022-02-12 02:07:43,077 [pool-207-thread-1] INFO  server.RaftServerConfigKeys (ConfUtils.java:logGet(44)) - raft.server.snapshot.auto.trigger.enabled = true (custom)
2022-02-12 02:07:43,077 [pool-207-thread-1] INFO  server.RaftServerConfigKeys (ConfUtils.java:logGet(44)) - raft.server.snapshot.auto.trigger.threshold = 10000 (custom)
2022-02-12 02:07:43,077 [pool-207-thread-1] INFO  server.RaftServerConfigKeys (ConfUtils.java:logGet(44)) - raft.server.snapshot.retention.file.num = 5 (custom)
2022-02-12 02:07:43,077 [pool-207-thread-1] INFO  server.RaftServerConfigKeys (ConfUtils.java:logGet(44)) - raft.server.log.purge.upto.snapshot.index = false (default)
2022-02-12 02:07:43,077 [pool-207-thread-1] INFO  server.RaftServerConfigKeys (ConfUtils.java:logGet(44)) - raft.server.retrycache.expirytime = 600000ms (custom)
2022-02-12 02:07:43,077 [pool-207-thread-1] INFO  server.RaftServerConfigKeys (ConfUtils.java:logGet(44)) - raft.server.retrycache.statistics.expirytime = 100μs (default)
2022-02-12 02:07:43,085 [pool-207-thread-1] INFO  server.RaftServer$Division (RaftServerImpl.java:start(301)) - 80aad825-1455-44c8-9b95-39dda33c55fc@group-8C267AECBBC8: start as a follower, conf=-1: [80aad825-1455-44c8-9b95-39dda33c55fc|rpc:10.1.0.17:32927|priority:1], old=null
2022-02-12 02:07:43,085 [pool-207-thread-1] INFO  server.RaftServer$Division (RaftServerImpl.java:setRole(290)) - 80aad825-1455-44c8-9b95-39dda33c55fc@group-8C267AECBBC8: changes role from      null to FOLLOWER at term 0 for startAsFollower
2022-02-12 02:07:43,086 [pool-207-thread-1] INFO  impl.RoleInfo (RoleInfo.java:updateAndGet(130)) - 80aad825-1455-44c8-9b95-39dda33c55fc: start 80aad825-1455-44c8-9b95-39dda33c55fc@group-8C267AECBBC8-FollowerState
2022-02-12 02:07:43,108 [pool-207-thread-1] INFO  util.JmxRegister (JmxRegister.java:tryRegister(44)) - Successfully registered JMX Bean with object name Ratis:service=RaftServer,group=group-8C267AECBBC8,id=80aad825-1455-44c8-9b95-39dda33c55fc
2022-02-12 02:07:43,112 [Command processor thread] INFO  ratis.XceiverServerRatis (XceiverServerRatis.java:addGroup(768)) - Created group PipelineID=4cc0bf80-5fe5-41e0-ba98-8c267aecbbc8
2022-02-12 02:07:43,113 [Command processor thread] INFO  commandhandler.CreatePipelineCommandHandler (CreatePipelineCommandHandler.java:handle(106)) - Created Pipeline RATIS ONE PipelineID=4cc0bf80-5fe5-41e0-ba98-8c267aecbbc8.
2022-02-12 02:07:43,113 [Command processor thread] INFO  server.RaftServer (RaftServerProxy.java:addNew(95)) - 80aad825-1455-44c8-9b95-39dda33c55fc: addNew group-A60BDC5E8099:[563bb084-6269-4eaf-a82d-f8c3d548975c|rpc:10.1.0.17:42441|priority:1, 80aad825-1455-44c8-9b95-39dda33c55fc|rpc:10.1.0.17:32927|priority:0, dbc576bd-ec57-4800-af44-df78a35caa86|rpc:10.1.0.17:44991|priority:0] returns group-A60BDC5E8099:java.util.concurrent.CompletableFuture@4c76a8f5[Not completed]
2022-02-12 02:07:43,114 [30022ef7-21f3-4f35-b657-3de7ef8be931@group-38E83FF8BE47-StateMachineUpdater] INFO  safemode.HealthyPipelineSafeModeRule (HealthyPipelineSafeModeRule.java:initializeRule(152)) - Refreshed total pipeline count is 0, healthy pipeline threshold count is 1
2022-02-12 02:07:43,114 [pool-207-thread-1] INFO  server.RaftServer$Division (RaftServerImpl.java:<init>(184)) - 80aad825-1455-44c8-9b95-39dda33c55fc: new RaftServerImpl for group-A60BDC5E8099:[563bb084-6269-4eaf-a82d-f8c3d548975c|rpc:10.1.0.17:42441|priority:1, 80aad825-1455-44c8-9b95-39dda33c55fc|rpc:10.1.0.17:32927|priority:0, dbc576bd-ec57-4800-af44-df78a35caa86|rpc:10.1.0.17:44991|priority:0] with ContainerStateMachine:uninitialized
2022-02-12 02:07:43,114 [pool-207-thread-1] INFO  server.RaftServerConfigKeys (ConfUtils.java:logGet(44)) - raft.server.rpc.timeout.min = 5s (custom)
2022-02-12 02:07:43,114 [pool-207-thread-1] INFO  server.RaftServerConfigKeys (ConfUtils.java:logGet(44)) - raft.server.rpc.timeout.max = 5200ms (custom)
2022-02-12 02:07:43,115 [pool-207-thread-1] INFO  server.RaftServerConfigKeys (ConfUtils.java:logGet(44)) - raft.server.rpc.sleep.time = 25ms (default)
2022-02-12 02:07:43,115 [pool-207-thread-1] INFO  server.RaftServerConfigKeys (ConfUtils.java:logGet(44)) - raft.server.rpc.slowness.timeout = 300s (custom)
2022-02-12 02:07:43,115 [pool-207-thread-1] INFO  server.RaftServerConfigKeys (ConfUtils.java:logGet(44)) - raft.server.leaderelection.leader.step-down.wait-time = 10s (default)
2022-02-12 02:07:43,115 [pool-207-thread-1] INFO  server.RaftServerConfigKeys (ConfUtils.java:logGet(44)) - raft.server.sleep.deviation.threshold = 300ms (default)
2022-02-12 02:07:43,115 [pool-207-thread-1] INFO  server.RaftServerConfigKeys (ConfUtils.java:logGet(44)) - raft.server.log.appender.install.snapshot.enabled = false (custom)
2022-02-12 02:07:43,115 [pool-207-thread-1] INFO  server.RaftServer$Division (ServerState.java:<init>(105)) - 80aad825-1455-44c8-9b95-39dda33c55fc@group-A60BDC5E8099: ConfigurationManager, init=-1: [563bb084-6269-4eaf-a82d-f8c3d548975c|rpc:10.1.0.17:42441|priority:1, 80aad825-1455-44c8-9b95-39dda33c55fc|rpc:10.1.0.17:32927|priority:0, dbc576bd-ec57-4800-af44-df78a35caa86|rpc:10.1.0.17:44991|priority:0], old=null, confs=<EMPTY_MAP>
2022-02-12 02:07:43,115 [pool-207-thread-1] INFO  server.RaftServerConfigKeys (ConfUtils.java:logGet(44)) - raft.server.storage.dir = [/home/runner/work/ozone/ozone/hadoop-ozone/integration-test/target/test-dir/MiniOzoneClusterImpl-aab2a9ef-fee9-490a-83f8-38e83ff8be47/datanode-0/data/ratis] (custom)
2022-02-12 02:07:43,115 [pool-207-thread-1] INFO  server.RaftServerConfigKeys (ConfUtils.java:logGet(44)) - raft.server.log.corruption.policy = EXCEPTION (default)
2022-02-12 02:07:43,115 [pool-207-thread-1] INFO  server.RaftServerConfigKeys (ConfUtils.java:logGet(44)) - raft.server.storage.free-space.min = 0MB (=0) (default)
2022-02-12 02:07:43,115 [pool-207-thread-1] INFO  storage.RaftStorageDirectory (RaftStorageDirectoryImpl.java:analyzeStorage(135)) - The storage directory /home/runner/work/ozone/ozone/hadoop-ozone/integration-test/target/test-dir/MiniOzoneClusterImpl-aab2a9ef-fee9-490a-83f8-38e83ff8be47/datanode-0/data/ratis/fa4b923b-039d-41c6-ba28-a60bdc5e8099 does not exist. Creating ...
2022-02-12 02:07:43,125 [pool-207-thread-1] INFO  storage.RaftStorageDirectory (RaftStorageDirectoryImpl.java:tryLock(230)) - Lock on /home/runner/work/ozone/ozone/hadoop-ozone/integration-test/target/test-dir/MiniOzoneClusterImpl-aab2a9ef-fee9-490a-83f8-38e83ff8be47/datanode-0/data/ratis/fa4b923b-039d-41c6-ba28-a60bdc5e8099/in_use.lock acquired by nodename 9178@fv-az395-998
2022-02-12 02:07:43,136 [pool-207-thread-1] INFO  storage.RaftStorage (RaftStorageImpl.java:format(89)) - Storage directory /home/runner/work/ozone/ozone/hadoop-ozone/integration-test/target/test-dir/MiniOzoneClusterImpl-aab2a9ef-fee9-490a-83f8-38e83ff8be47/datanode-0/data/ratis/fa4b923b-039d-41c6-ba28-a60bdc5e8099 has been successfully formatted.
2022-02-12 02:07:43,137 [pool-207-thread-1] INFO  ratis.ContainerStateMachine (ContainerStateMachine.java:loadSnapshot(231)) - group-A60BDC5E8099: The snapshot info is null. Setting the last applied indexto:(t:0, i:~)
2022-02-12 02:07:43,137 [pool-207-thread-1] INFO  server.RaftServerConfigKeys (ConfUtils.java:logGet(44)) - raft.server.notification.no-leader.timeout = 300s (custom)
2022-02-12 02:07:43,137 [pool-207-thread-1] INFO  server.RaftServerConfigKeys (ConfUtils.java:logGet(44)) - raft.server.log.use.memory = false (default)
2022-02-12 02:07:43,137 [pool-207-thread-1] INFO  server.RaftServerConfigKeys (ConfUtils.java:logGet(44)) - raft.server.log.purge.gap = 1000000 (custom)
2022-02-12 02:07:43,137 [pool-207-thread-1] INFO  server.RaftServerConfigKeys (ConfUtils.java:logGet(44)) - raft.server.log.appender.buffer.byte-limit = 33554432 (custom)
2022-02-12 02:07:43,137 [pool-207-thread-1] INFO  server.RaftServerConfigKeys (ConfUtils.java:logGet(44)) - raft.server.log.segment.size.max = 1048576 (custom)
2022-02-12 02:07:43,138 [pool-207-thread-1] INFO  server.RaftServerConfigKeys (ConfUtils.java:logGet(44)) - raft.server.log.segment.cache.num.max = 2 (custom)
2022-02-12 02:07:43,138 [pool-207-thread-1] INFO  server.RaftServerConfigKeys (ConfUtils.java:logGet(44)) - raft.server.log.segment.cache.size.max = 200MB (=209715200) (default)
2022-02-12 02:07:43,138 [pool-207-thread-1] INFO  segmented.SegmentedRaftLogWorker (SegmentedRaftLogWorker.java:<init>(182)) - new 80aad825-1455-44c8-9b95-39dda33c55fc@group-A60BDC5E8099-SegmentedRaftLogWorker for RaftStorageImpl:Storage Directory /home/runner/work/ozone/ozone/hadoop-ozone/integration-test/target/test-dir/MiniOzoneClusterImpl-aab2a9ef-fee9-490a-83f8-38e83ff8be47/datanode-0/data/ratis/fa4b923b-039d-41c6-ba28-a60bdc5e8099
2022-02-12 02:07:43,138 [pool-207-thread-1] INFO  server.RaftServerConfigKeys (ConfUtils.java:logGet(44)) - raft.server.log.queue.byte-limit = 2147483647 (custom)
2022-02-12 02:07:43,138 [pool-207-thread-1] INFO  server.RaftServerConfigKeys (ConfUtils.java:logGet(44)) - raft.server.log.queue.element-limit = 1024 (custom)
2022-02-12 02:07:43,138 [pool-207-thread-1] INFO  server.RaftServerConfigKeys (ConfUtils.java:logGet(44)) - raft.server.log.segment.size.max = 1048576 (custom)
2022-02-12 02:07:43,138 [pool-207-thread-1] INFO  server.RaftServerConfigKeys (ConfUtils.java:logGet(44)) - raft.server.log.preallocated.size = 16384 (custom)
2022-02-12 02:07:43,138 [pool-207-thread-1] INFO  server.RaftServerConfigKeys (ConfUtils.java:logGet(44)) - raft.server.log.force.sync.num = 128 (default)
2022-02-12 02:07:43,138 [pool-207-thread-1] INFO  server.RaftServerConfigKeys (ConfUtils.java:logGet(44)) - raft.server.log.statemachine.data.sync = true (default)
2022-02-12 02:07:43,138 [pool-207-thread-1] INFO  server.RaftServerConfigKeys (ConfUtils.java:logGet(44)) - raft.server.log.statemachine.data.sync.timeout = 10s (default)
2022-02-12 02:07:43,138 [pool-207-thread-1] INFO  server.RaftServerConfigKeys (ConfUtils.java:logGet(44)) - raft.server.log.statemachine.data.sync.timeout.retry = -1 (default)
2022-02-12 02:07:43,139 [pool-207-thread-1] INFO  server.RaftServerConfigKeys (ConfUtils.java:logGet(44)) - raft.server.log.write.buffer.size = 1048576 (custom)
2022-02-12 02:07:43,140 [pool-207-thread-1] INFO  server.RaftServerConfigKeys (ConfUtils.java:logGet(44)) - raft.server.log.statemachine.data.caching.enabled = true (custom)
2022-02-12 02:07:43,140 [pool-207-thread-1] INFO  segmented.SegmentedRaftLogWorker (SegmentedRaftLogWorker.java:lambda$new$0(133)) - 80aad825-1455-44c8-9b95-39dda33c55fc@group-A60BDC5E8099-SegmentedRaftLogWorker: flushIndex: setUnconditionally 0 -> -1
2022-02-12 02:07:43,142 [pool-207-thread-1] INFO  segmented.SegmentedRaftLogWorker (SegmentedRaftLogWorker.java:lambda$new$0(133)) - 80aad825-1455-44c8-9b95-39dda33c55fc@group-A60BDC5E8099-SegmentedRaftLogWorker: safeCacheEvictIndex: setUnconditionally 0 -> -1
2022-02-12 02:07:43,140 [EventQueue-OpenPipelineForHealthyPipelineSafeModeRule] INFO  safemode.SCMSafeModeManager (HealthyPipelineSafeModeRule.java:process(124)) - SCM in safe mode. Healthy pipelines reported count is 0, required healthy pipeline reported count is 1
2022-02-12 02:07:43,155 [pool-207-thread-1] INFO  server.RaftServerConfigKeys (ConfUtils.java:logGet(44)) - raft.server.snapshot.auto.trigger.enabled = true (custom)
2022-02-12 02:07:43,155 [pool-207-thread-1] INFO  server.RaftServerConfigKeys (ConfUtils.java:logGet(44)) - raft.server.snapshot.auto.trigger.threshold = 10000 (custom)
2022-02-12 02:07:43,155 [pool-207-thread-1] INFO  server.RaftServerConfigKeys (ConfUtils.java:logGet(44)) - raft.server.snapshot.retention.file.num = 5 (custom)
2022-02-12 02:07:43,155 [pool-207-thread-1] INFO  server.RaftServerConfigKeys (ConfUtils.java:logGet(44)) - raft.server.log.purge.upto.snapshot.index = false (default)
2022-02-12 02:07:43,155 [pool-207-thread-1] INFO  server.RaftServerConfigKeys (ConfUtils.java:logGet(44)) - raft.server.retrycache.expirytime = 600000ms (custom)
2022-02-12 02:07:43,155 [pool-207-thread-1] INFO  server.RaftServerConfigKeys (ConfUtils.java:logGet(44)) - raft.server.retrycache.statistics.expirytime = 100μs (default)
2022-02-12 02:07:43,156 [pool-207-thread-1] INFO  server.RaftServer$Division (RaftServerImpl.java:start(301)) - 80aad825-1455-44c8-9b95-39dda33c55fc@group-A60BDC5E8099: start as a follower, conf=-1: [563bb084-6269-4eaf-a82d-f8c3d548975c|rpc:10.1.0.17:42441|priority:1, 80aad825-1455-44c8-9b95-39dda33c55fc|rpc:10.1.0.17:32927|priority:0, dbc576bd-ec57-4800-af44-df78a35caa86|rpc:10.1.0.17:44991|priority:0], old=null
2022-02-12 02:07:43,156 [pool-207-thread-1] INFO  server.RaftServer$Division (RaftServerImpl.java:setRole(290)) - 80aad825-1455-44c8-9b95-39dda33c55fc@group-A60BDC5E8099: changes role from      null to FOLLOWER at term 0 for startAsFollower
2022-02-12 02:07:43,157 [pool-207-thread-1] INFO  impl.RoleInfo (RoleInfo.java:updateAndGet(130)) - 80aad825-1455-44c8-9b95-39dda33c55fc: start 80aad825-1455-44c8-9b95-39dda33c55fc@group-A60BDC5E8099-FollowerState
2022-02-12 02:07:43,160 [pool-207-thread-1] INFO  util.JmxRegister (JmxRegister.java:tryRegister(44)) - Successfully registered JMX Bean with object name Ratis:service=RaftServer,group=group-A60BDC5E8099,id=80aad825-1455-44c8-9b95-39dda33c55fc
2022-02-12 02:07:43,170 [EventQueue-OpenPipelineForHealthyPipelineSafeModeRule] INFO  safemode.SCMSafeModeManager (HealthyPipelineSafeModeRule.java:process(124)) - SCM in safe mode. Healthy pipelines reported count is 0, required healthy pipeline reported count is 1
2022-02-12 02:07:43,177 [Command processor thread] INFO  ratis.XceiverServerRatis (XceiverServerRatis.java:addGroup(768)) - Created group PipelineID=fa4b923b-039d-41c6-ba28-a60bdc5e8099
2022-02-12 02:07:43,193 [grpc-default-executor-3] INFO  server.RaftServer (RaftServerProxy.java:addNew(95)) - dbc576bd-ec57-4800-af44-df78a35caa86: addNew group-A60BDC5E8099:[563bb084-6269-4eaf-a82d-f8c3d548975c|rpc:10.1.0.17:42441|dataStream:|priority:1, 80aad825-1455-44c8-9b95-39dda33c55fc|rpc:10.1.0.17:32927|dataStream:|priority:0, dbc576bd-ec57-4800-af44-df78a35caa86|rpc:10.1.0.17:44991|dataStream:|priority:0] returns group-A60BDC5E8099:java.util.concurrent.CompletableFuture@2a1f52dd[Not completed]
2022-02-12 02:07:43,197 [pool-249-thread-1] INFO  server.RaftServer$Division (RaftServerImpl.java:<init>(184)) - dbc576bd-ec57-4800-af44-df78a35caa86: new RaftServerImpl for group-A60BDC5E8099:[563bb084-6269-4eaf-a82d-f8c3d548975c|rpc:10.1.0.17:42441|dataStream:|priority:1, 80aad825-1455-44c8-9b95-39dda33c55fc|rpc:10.1.0.17:32927|dataStream:|priority:0, dbc576bd-ec57-4800-af44-df78a35caa86|rpc:10.1.0.17:44991|dataStream:|priority:0] with ContainerStateMachine:uninitialized
2022-02-12 02:07:43,212 [pool-249-thread-1] INFO  server.RaftServerConfigKeys (ConfUtils.java:logGet(44)) - raft.server.rpc.timeout.min = 5s (custom)
2022-02-12 02:07:43,212 [pool-249-thread-1] INFO  server.RaftServerConfigKeys (ConfUtils.java:logGet(44)) - raft.server.rpc.timeout.max = 5200ms (custom)
2022-02-12 02:07:43,212 [pool-249-thread-1] INFO  server.RaftServerConfigKeys (ConfUtils.java:logGet(44)) - raft.server.rpc.sleep.time = 25ms (default)
2022-02-12 02:07:43,212 [pool-249-thread-1] INFO  server.RaftServerConfigKeys (ConfUtils.java:logGet(44)) - raft.server.rpc.slowness.timeout = 300s (custom)
2022-02-12 02:07:43,212 [pool-249-thread-1] INFO  server.RaftServerConfigKeys (ConfUtils.java:logGet(44)) - raft.server.leaderelection.leader.step-down.wait-time = 10s (default)
2022-02-12 02:07:43,213 [pool-249-thread-1] INFO  server.RaftServerConfigKeys (ConfUtils.java:logGet(44)) - raft.server.sleep.deviation.threshold = 300ms (default)
2022-02-12 02:07:43,213 [pool-249-thread-1] INFO  server.RaftServerConfigKeys (ConfUtils.java:logGet(44)) - raft.server.log.appender.install.snapshot.enabled = false (custom)
2022-02-12 02:07:43,213 [pool-249-thread-1] INFO  server.RaftServer$Division (ServerState.java:<init>(105)) - dbc576bd-ec57-4800-af44-df78a35caa86@group-A60BDC5E8099: ConfigurationManager, init=-1: [563bb084-6269-4eaf-a82d-f8c3d548975c|rpc:10.1.0.17:42441|dataStream:|priority:1, 80aad825-1455-44c8-9b95-39dda33c55fc|rpc:10.1.0.17:32927|dataStream:|priority:0, dbc576bd-ec57-4800-af44-df78a35caa86|rpc:10.1.0.17:44991|dataStream:|priority:0], old=null, confs=<EMPTY_MAP>
2022-02-12 02:07:43,213 [pool-249-thread-1] INFO  server.RaftServerConfigKeys (ConfUtils.java:logGet(44)) - raft.server.storage.dir = [/home/runner/work/ozone/ozone/hadoop-ozone/integration-test/target/test-dir/MiniOzoneClusterImpl-aab2a9ef-fee9-490a-83f8-38e83ff8be47/datanode-2/data/ratis] (custom)
2022-02-12 02:07:43,213 [pool-249-thread-1] INFO  server.RaftServerConfigKeys (ConfUtils.java:logGet(44)) - raft.server.log.corruption.policy = EXCEPTION (default)
2022-02-12 02:07:43,213 [pool-249-thread-1] INFO  server.RaftServerConfigKeys (ConfUtils.java:logGet(44)) - raft.server.storage.free-space.min = 0MB (=0) (default)
2022-02-12 02:07:43,214 [pool-249-thread-1] INFO  storage.RaftStorageDirectory (RaftStorageDirectoryImpl.java:analyzeStorage(135)) - The storage directory /home/runner/work/ozone/ozone/hadoop-ozone/integration-test/target/test-dir/MiniOzoneClusterImpl-aab2a9ef-fee9-490a-83f8-38e83ff8be47/datanode-2/data/ratis/fa4b923b-039d-41c6-ba28-a60bdc5e8099 does not exist. Creating ...
2022-02-12 02:07:43,224 [pool-249-thread-1] INFO  storage.RaftStorageDirectory (RaftStorageDirectoryImpl.java:tryLock(230)) - Lock on /home/runner/work/ozone/ozone/hadoop-ozone/integration-test/target/test-dir/MiniOzoneClusterImpl-aab2a9ef-fee9-490a-83f8-38e83ff8be47/datanode-2/data/ratis/fa4b923b-039d-41c6-ba28-a60bdc5e8099/in_use.lock acquired by nodename 9178@fv-az395-998
2022-02-12 02:07:43,226 [pool-249-thread-1] INFO  storage.RaftStorage (RaftStorageImpl.java:format(89)) - Storage directory /home/runner/work/ozone/ozone/hadoop-ozone/integration-test/target/test-dir/MiniOzoneClusterImpl-aab2a9ef-fee9-490a-83f8-38e83ff8be47/datanode-2/data/ratis/fa4b923b-039d-41c6-ba28-a60bdc5e8099 has been successfully formatted.
2022-02-12 02:07:43,227 [pool-249-thread-1] INFO  ratis.ContainerStateMachine (ContainerStateMachine.java:loadSnapshot(231)) - group-A60BDC5E8099: The snapshot info is null. Setting the last applied indexto:(t:0, i:~)
2022-02-12 02:07:43,227 [pool-249-thread-1] INFO  server.RaftServerConfigKeys (ConfUtils.java:logGet(44)) - raft.server.notification.no-leader.timeout = 300s (custom)
2022-02-12 02:07:43,227 [pool-249-thread-1] INFO  server.RaftServerConfigKeys (ConfUtils.java:logGet(44)) - raft.server.log.use.memory = false (default)
2022-02-12 02:07:43,227 [pool-249-thread-1] INFO  server.RaftServerConfigKeys (ConfUtils.java:logGet(44)) - raft.server.log.purge.gap = 1000000 (custom)
2022-02-12 02:07:43,227 [pool-249-thread-1] INFO  server.RaftServerConfigKeys (ConfUtils.java:logGet(44)) - raft.server.log.appender.buffer.byte-limit = 33554432 (custom)
2022-02-12 02:07:43,227 [pool-249-thread-1] INFO  server.RaftServerConfigKeys (ConfUtils.java:logGet(44)) - raft.server.log.segment.size.max = 1048576 (custom)
2022-02-12 02:07:43,228 [pool-249-thread-1] INFO  server.RaftServerConfigKeys (ConfUtils.java:logGet(44)) - raft.server.log.segment.cache.num.max = 2 (custom)
2022-02-12 02:07:43,228 [pool-249-thread-1] INFO  server.RaftServerConfigKeys (ConfUtils.java:logGet(44)) - raft.server.log.segment.cache.size.max = 200MB (=209715200) (default)
2022-02-12 02:07:43,228 [pool-249-thread-1] INFO  segmented.SegmentedRaftLogWorker (SegmentedRaftLogWorker.java:<init>(182)) - new dbc576bd-ec57-4800-af44-df78a35caa86@group-A60BDC5E8099-SegmentedRaftLogWorker for RaftStorageImpl:Storage Directory /home/runner/work/ozone/ozone/hadoop-ozone/integration-test/target/test-dir/MiniOzoneClusterImpl-aab2a9ef-fee9-490a-83f8-38e83ff8be47/datanode-2/data/ratis/fa4b923b-039d-41c6-ba28-a60bdc5e8099
2022-02-12 02:07:43,228 [pool-249-thread-1] INFO  server.RaftServerConfigKeys (ConfUtils.java:logGet(44)) - raft.server.log.queue.byte-limit = 2147483647 (custom)
2022-02-12 02:07:43,228 [pool-249-thread-1] INFO  server.RaftServerConfigKeys (ConfUtils.java:logGet(44)) - raft.server.log.queue.element-limit = 1024 (custom)
2022-02-12 02:07:43,228 [pool-249-thread-1] INFO  server.RaftServerConfigKeys (ConfUtils.java:logGet(44)) - raft.server.log.segment.size.max = 1048576 (custom)
2022-02-12 02:07:43,228 [pool-249-thread-1] INFO  server.RaftServerConfigKeys (ConfUtils.java:logGet(44)) - raft.server.log.preallocated.size = 16384 (custom)
2022-02-12 02:07:43,228 [pool-249-thread-1] INFO  server.RaftServerConfigKeys (ConfUtils.java:logGet(44)) - raft.server.log.force.sync.num = 128 (default)
2022-02-12 02:07:43,228 [pool-249-thread-1] INFO  server.RaftServerConfigKeys (ConfUtils.java:logGet(44)) - raft.server.log.statemachine.data.sync = true (default)
2022-02-12 02:07:43,228 [pool-249-thread-1] INFO  server.RaftServerConfigKeys (ConfUtils.java:logGet(44)) - raft.server.log.statemachine.data.sync.timeout = 10s (default)
2022-02-12 02:07:43,228 [pool-249-thread-1] INFO  server.RaftServerConfigKeys (ConfUtils.java:logGet(44)) - raft.server.log.statemachine.data.sync.timeout.retry = -1 (default)
2022-02-12 02:07:43,229 [pool-249-thread-1] INFO  server.RaftServerConfigKeys (ConfUtils.java:logGet(44)) - raft.server.log.write.buffer.size = 1048576 (custom)
2022-02-12 02:07:43,230 [pool-249-thread-1] INFO  server.RaftServerConfigKeys (ConfUtils.java:logGet(44)) - raft.server.log.statemachine.data.caching.enabled = true (custom)
2022-02-12 02:07:43,230 [pool-249-thread-1] INFO  segmented.SegmentedRaftLogWorker (SegmentedRaftLogWorker.java:lambda$new$0(133)) - dbc576bd-ec57-4800-af44-df78a35caa86@group-A60BDC5E8099-SegmentedRaftLogWorker: flushIndex: setUnconditionally 0 -> -1
2022-02-12 02:07:43,230 [pool-249-thread-1] INFO  segmented.SegmentedRaftLogWorker (SegmentedRaftLogWorker.java:lambda$new$0(133)) - dbc576bd-ec57-4800-af44-df78a35caa86@group-A60BDC5E8099-SegmentedRaftLogWorker: safeCacheEvictIndex: setUnconditionally 0 -> -1
2022-02-12 02:07:43,230 [pool-249-thread-1] INFO  server.RaftServerConfigKeys (ConfUtils.java:logGet(44)) - raft.server.snapshot.auto.trigger.enabled = true (custom)
2022-02-12 02:07:43,230 [pool-249-thread-1] INFO  server.RaftServerConfigKeys (ConfUtils.java:logGet(44)) - raft.server.snapshot.auto.trigger.threshold = 10000 (custom)
2022-02-12 02:07:43,231 [pool-249-thread-1] INFO  server.RaftServerConfigKeys (ConfUtils.java:logGet(44)) - raft.server.snapshot.retention.file.num = 5 (custom)
2022-02-12 02:07:43,231 [pool-249-thread-1] INFO  server.RaftServerConfigKeys (ConfUtils.java:logGet(44)) - raft.server.log.purge.upto.snapshot.index = false (default)
2022-02-12 02:07:43,231 [pool-249-thread-1] INFO  server.RaftServerConfigKeys (ConfUtils.java:logGet(44)) - raft.server.retrycache.expirytime = 600000ms (custom)
2022-02-12 02:07:43,231 [pool-249-thread-1] INFO  server.RaftServerConfigKeys (ConfUtils.java:logGet(44)) - raft.server.retrycache.statistics.expirytime = 100μs (default)
2022-02-12 02:07:43,232 [pool-249-thread-1] INFO  server.RaftServer$Division (RaftServerImpl.java:start(301)) - dbc576bd-ec57-4800-af44-df78a35caa86@group-A60BDC5E8099: start as a follower, conf=-1: [563bb084-6269-4eaf-a82d-f8c3d548975c|rpc:10.1.0.17:42441|dataStream:|priority:1, 80aad825-1455-44c8-9b95-39dda33c55fc|rpc:10.1.0.17:32927|dataStream:|priority:0, dbc576bd-ec57-4800-af44-df78a35caa86|rpc:10.1.0.17:44991|dataStream:|priority:0], old=null
2022-02-12 02:07:43,232 [pool-249-thread-1] INFO  server.RaftServer$Division (RaftServerImpl.java:setRole(290)) - dbc576bd-ec57-4800-af44-df78a35caa86@group-A60BDC5E8099: changes role from      null to FOLLOWER at term 0 for startAsFollower
2022-02-12 02:07:43,232 [pool-249-thread-1] INFO  impl.RoleInfo (RoleInfo.java:updateAndGet(130)) - dbc576bd-ec57-4800-af44-df78a35caa86: start dbc576bd-ec57-4800-af44-df78a35caa86@group-A60BDC5E8099-FollowerState
2022-02-12 02:07:43,232 [pool-249-thread-1] INFO  util.JmxRegister (JmxRegister.java:tryRegister(44)) - Successfully registered JMX Bean with object name Ratis:service=RaftServer,group=group-A60BDC5E8099,id=dbc576bd-ec57-4800-af44-df78a35caa86
2022-02-12 02:07:43,272 [grpc-default-executor-3] INFO  server.RaftServer (RaftServerProxy.java:addNew(95)) - 563bb084-6269-4eaf-a82d-f8c3d548975c: addNew group-A60BDC5E8099:[563bb084-6269-4eaf-a82d-f8c3d548975c|rpc:10.1.0.17:42441|dataStream:|priority:1, 80aad825-1455-44c8-9b95-39dda33c55fc|rpc:10.1.0.17:32927|dataStream:|priority:0, dbc576bd-ec57-4800-af44-df78a35caa86|rpc:10.1.0.17:44991|dataStream:|priority:0] returns group-A60BDC5E8099:java.util.concurrent.CompletableFuture@6eb6a645[Not completed]
2022-02-12 02:07:43,281 [pool-228-thread-1] INFO  server.RaftServer$Division (RaftServerImpl.java:<init>(184)) - 563bb084-6269-4eaf-a82d-f8c3d548975c: new RaftServerImpl for group-A60BDC5E8099:[563bb084-6269-4eaf-a82d-f8c3d548975c|rpc:10.1.0.17:42441|dataStream:|priority:1, 80aad825-1455-44c8-9b95-39dda33c55fc|rpc:10.1.0.17:32927|dataStream:|priority:0, dbc576bd-ec57-4800-af44-df78a35caa86|rpc:10.1.0.17:44991|dataStream:|priority:0] with ContainerStateMachine:uninitialized
2022-02-12 02:07:43,287 [pool-228-thread-1] INFO  server.RaftServerConfigKeys (ConfUtils.java:logGet(44)) - raft.server.rpc.timeout.min = 5s (custom)
2022-02-12 02:07:43,287 [pool-228-thread-1] INFO  server.RaftServerConfigKeys (ConfUtils.java:logGet(44)) - raft.server.rpc.timeout.max = 5200ms (custom)
2022-02-12 02:07:43,287 [pool-228-thread-1] INFO  server.RaftServerConfigKeys (ConfUtils.java:logGet(44)) - raft.server.rpc.sleep.time = 25ms (default)
2022-02-12 02:07:43,287 [pool-228-thread-1] INFO  server.RaftServerConfigKeys (ConfUtils.java:logGet(44)) - raft.server.rpc.slowness.timeout = 300s (custom)
2022-02-12 02:07:43,287 [pool-228-thread-1] INFO  server.RaftServerConfigKeys (ConfUtils.java:logGet(44)) - raft.server.leaderelection.leader.step-down.wait-time = 10s (default)
2022-02-12 02:07:43,287 [pool-228-thread-1] INFO  server.RaftServerConfigKeys (ConfUtils.java:logGet(44)) - raft.server.sleep.deviation.threshold = 300ms (default)
2022-02-12 02:07:43,287 [pool-228-thread-1] INFO  server.RaftServerConfigKeys (ConfUtils.java:logGet(44)) - raft.server.log.appender.install.snapshot.enabled = false (custom)
2022-02-12 02:07:43,287 [pool-228-thread-1] INFO  server.RaftServer$Division (ServerState.java:<init>(105)) - 563bb084-6269-4eaf-a82d-f8c3d548975c@group-A60BDC5E8099: ConfigurationManager, init=-1: [563bb084-6269-4eaf-a82d-f8c3d548975c|rpc:10.1.0.17:42441|dataStream:|priority:1, 80aad825-1455-44c8-9b95-39dda33c55fc|rpc:10.1.0.17:32927|dataStream:|priority:0, dbc576bd-ec57-4800-af44-df78a35caa86|rpc:10.1.0.17:44991|dataStream:|priority:0], old=null, confs=<EMPTY_MAP>
2022-02-12 02:07:43,287 [pool-228-thread-1] INFO  server.RaftServerConfigKeys (ConfUtils.java:logGet(44)) - raft.server.storage.dir = [/home/runner/work/ozone/ozone/hadoop-ozone/integration-test/target/test-dir/MiniOzoneClusterImpl-aab2a9ef-fee9-490a-83f8-38e83ff8be47/datanode-1/data/ratis] (custom)
2022-02-12 02:07:43,287 [pool-228-thread-1] INFO  server.RaftServerConfigKeys (ConfUtils.java:logGet(44)) - raft.server.log.corruption.policy = EXCEPTION (default)
2022-02-12 02:07:43,288 [pool-228-thread-1] INFO  server.RaftServerConfigKeys (ConfUtils.java:logGet(44)) - raft.server.storage.free-space.min = 0MB (=0) (default)
2022-02-12 02:07:43,288 [pool-228-thread-1] INFO  storage.RaftStorageDirectory (RaftStorageDirectoryImpl.java:analyzeStorage(135)) - The storage directory /home/runner/work/ozone/ozone/hadoop-ozone/integration-test/target/test-dir/MiniOzoneClusterImpl-aab2a9ef-fee9-490a-83f8-38e83ff8be47/datanode-1/data/ratis/fa4b923b-039d-41c6-ba28-a60bdc5e8099 does not exist. Creating ...
2022-02-12 02:07:43,290 [pool-228-thread-1] INFO  storage.RaftStorageDirectory (RaftStorageDirectoryImpl.java:tryLock(230)) - Lock on /home/runner/work/ozone/ozone/hadoop-ozone/integration-test/target/test-dir/MiniOzoneClusterImpl-aab2a9ef-fee9-490a-83f8-38e83ff8be47/datanode-1/data/ratis/fa4b923b-039d-41c6-ba28-a60bdc5e8099/in_use.lock acquired by nodename 9178@fv-az395-998
2022-02-12 02:07:43,291 [pool-228-thread-1] INFO  storage.RaftStorage (RaftStorageImpl.java:format(89)) - Storage directory /home/runner/work/ozone/ozone/hadoop-ozone/integration-test/target/test-dir/MiniOzoneClusterImpl-aab2a9ef-fee9-490a-83f8-38e83ff8be47/datanode-1/data/ratis/fa4b923b-039d-41c6-ba28-a60bdc5e8099 has been successfully formatted.
2022-02-12 02:07:43,296 [pool-228-thread-1] INFO  ratis.ContainerStateMachine (ContainerStateMachine.java:loadSnapshot(231)) - group-A60BDC5E8099: The snapshot info is null. Setting the last applied indexto:(t:0, i:~)
2022-02-12 02:07:43,297 [pool-228-thread-1] INFO  server.RaftServerConfigKeys (ConfUtils.java:logGet(44)) - raft.server.notification.no-leader.timeout = 300s (custom)
2022-02-12 02:07:43,297 [pool-228-thread-1] INFO  server.RaftServerConfigKeys (ConfUtils.java:logGet(44)) - raft.server.log.use.memory = false (default)
2022-02-12 02:07:43,297 [pool-228-thread-1] INFO  server.RaftServerConfigKeys (ConfUtils.java:logGet(44)) - raft.server.log.purge.gap = 1000000 (custom)
2022-02-12 02:07:43,297 [pool-228-thread-1] INFO  server.RaftServerConfigKeys (ConfUtils.java:logGet(44)) - raft.server.log.appender.buffer.byte-limit = 33554432 (custom)
2022-02-12 02:07:43,297 [pool-228-thread-1] INFO  server.RaftServerConfigKeys (ConfUtils.java:logGet(44)) - raft.server.log.segment.size.max = 1048576 (custom)
2022-02-12 02:07:43,297 [pool-228-thread-1] INFO  server.RaftServerConfigKeys (ConfUtils.java:logGet(44)) - raft.server.log.segment.cache.num.max = 2 (custom)
2022-02-12 02:07:43,299 [pool-228-thread-1] INFO  server.RaftServerConfigKeys (ConfUtils.java:logGet(44)) - raft.server.log.segment.cache.size.max = 200MB (=209715200) (default)
2022-02-12 02:07:43,299 [pool-228-thread-1] INFO  segmented.SegmentedRaftLogWorker (SegmentedRaftLogWorker.java:<init>(182)) - new 563bb084-6269-4eaf-a82d-f8c3d548975c@group-A60BDC5E8099-SegmentedRaftLogWorker for RaftStorageImpl:Storage Directory /home/runner/work/ozone/ozone/hadoop-ozone/integration-test/target/test-dir/MiniOzoneClusterImpl-aab2a9ef-fee9-490a-83f8-38e83ff8be47/datanode-1/data/ratis/fa4b923b-039d-41c6-ba28-a60bdc5e8099
2022-02-12 02:07:43,299 [pool-228-thread-1] INFO  server.RaftServerConfigKeys (ConfUtils.java:logGet(44)) - raft.server.log.queue.byte-limit = 2147483647 (custom)
2022-02-12 02:07:43,299 [pool-228-thread-1] INFO  server.RaftServerConfigKeys (ConfUtils.java:logGet(44)) - raft.server.log.queue.element-limit = 1024 (custom)
2022-02-12 02:07:43,299 [pool-228-thread-1] INFO  server.RaftServerConfigKeys (ConfUtils.java:logGet(44)) - raft.server.log.segment.size.max = 1048576 (custom)
2022-02-12 02:07:43,299 [pool-228-thread-1] INFO  server.RaftServerConfigKeys (ConfUtils.java:logGet(44)) - raft.server.log.preallocated.size = 16384 (custom)
2022-02-12 02:07:43,300 [pool-228-thread-1] INFO  server.RaftServerConfigKeys (ConfUtils.java:logGet(44)) - raft.server.log.force.sync.num = 128 (default)
2022-02-12 02:07:43,300 [pool-228-thread-1] INFO  server.RaftServerConfigKeys (ConfUtils.java:logGet(44)) - raft.server.log.statemachine.data.sync = true (default)
2022-02-12 02:07:43,302 [pool-228-thread-1] INFO  server.RaftServerConfigKeys (ConfUtils.java:logGet(44)) - raft.server.log.statemachine.data.sync.timeout = 10s (default)
2022-02-12 02:07:43,302 [pool-228-thread-1] INFO  server.RaftServerConfigKeys (ConfUtils.java:logGet(44)) - raft.server.log.statemachine.data.sync.timeout.retry = -1 (default)
2022-02-12 02:07:43,303 [pool-228-thread-1] INFO  server.RaftServerConfigKeys (ConfUtils.java:logGet(44)) - raft.server.log.write.buffer.size = 1048576 (custom)
2022-02-12 02:07:43,303 [pool-228-thread-1] INFO  server.RaftServerConfigKeys (ConfUtils.java:logGet(44)) - raft.server.log.statemachine.data.caching.enabled = true (custom)
2022-02-12 02:07:43,303 [pool-228-thread-1] INFO  segmented.SegmentedRaftLogWorker (SegmentedRaftLogWorker.java:lambda$new$0(133)) - 563bb084-6269-4eaf-a82d-f8c3d548975c@group-A60BDC5E8099-SegmentedRaftLogWorker: flushIndex: setUnconditionally 0 -> -1
2022-02-12 02:07:43,303 [pool-228-thread-1] INFO  segmented.SegmentedRaftLogWorker (SegmentedRaftLogWorker.java:lambda$new$0(133)) - 563bb084-6269-4eaf-a82d-f8c3d548975c@group-A60BDC5E8099-SegmentedRaftLogWorker: safeCacheEvictIndex: setUnconditionally 0 -> -1
2022-02-12 02:07:43,305 [pool-228-thread-1] INFO  server.RaftServerConfigKeys (ConfUtils.java:logGet(44)) - raft.server.snapshot.auto.trigger.enabled = true (custom)
2022-02-12 02:07:43,305 [pool-228-thread-1] INFO  server.RaftServerConfigKeys (ConfUtils.java:logGet(44)) - raft.server.snapshot.auto.trigger.threshold = 10000 (custom)
2022-02-12 02:07:43,305 [pool-228-thread-1] INFO  server.RaftServerConfigKeys (ConfUtils.java:logGet(44)) - raft.server.snapshot.retention.file.num = 5 (custom)
2022-02-12 02:07:43,305 [pool-228-thread-1] INFO  server.RaftServerConfigKeys (ConfUtils.java:logGet(44)) - raft.server.log.purge.upto.snapshot.index = false (default)
2022-02-12 02:07:43,306 [pool-228-thread-1] INFO  server.RaftServerConfigKeys (ConfUtils.java:logGet(44)) - raft.server.retrycache.expirytime = 600000ms (custom)
2022-02-12 02:07:43,306 [pool-228-thread-1] INFO  server.RaftServerConfigKeys (ConfUtils.java:logGet(44)) - raft.server.retrycache.statistics.expirytime = 100μs (default)
2022-02-12 02:07:43,316 [pool-228-thread-1] INFO  server.RaftServer$Division (RaftServerImpl.java:start(301)) - 563bb084-6269-4eaf-a82d-f8c3d548975c@group-A60BDC5E8099: start as a follower, conf=-1: [563bb084-6269-4eaf-a82d-f8c3d548975c|rpc:10.1.0.17:42441|dataStream:|priority:1, 80aad825-1455-44c8-9b95-39dda33c55fc|rpc:10.1.0.17:32927|dataStream:|priority:0, dbc576bd-ec57-4800-af44-df78a35caa86|rpc:10.1.0.17:44991|dataStream:|priority:0], old=null
2022-02-12 02:07:43,316 [pool-228-thread-1] INFO  server.RaftServer$Division (RaftServerImpl.java:setRole(290)) - 563bb084-6269-4eaf-a82d-f8c3d548975c@group-A60BDC5E8099: changes role from      null to FOLLOWER at term 0 for startAsFollower
2022-02-12 02:07:43,316 [pool-228-thread-1] INFO  impl.RoleInfo (RoleInfo.java:updateAndGet(130)) - 563bb084-6269-4eaf-a82d-f8c3d548975c: start 563bb084-6269-4eaf-a82d-f8c3d548975c@group-A60BDC5E8099-FollowerState
2022-02-12 02:07:43,328 [pool-228-thread-1] INFO  util.JmxRegister (JmxRegister.java:tryRegister(44)) - Successfully registered JMX Bean with object name Ratis:service=RaftServer,group=group-A60BDC5E8099,id=563bb084-6269-4eaf-a82d-f8c3d548975c
2022-02-12 02:07:43,352 [Command processor thread] INFO  commandhandler.CreatePipelineCommandHandler (CreatePipelineCommandHandler.java:handle(106)) - Created Pipeline RATIS THREE PipelineID=fa4b923b-039d-41c6-ba28-a60bdc5e8099.
2022-02-12 02:07:43,352 [Command processor thread] INFO  server.RaftServer (RaftServerProxy.java:addNew(95)) - 80aad825-1455-44c8-9b95-39dda33c55fc: addNew group-23DD4B820AD7:[563bb084-6269-4eaf-a82d-f8c3d548975c|rpc:10.1.0.17:42441|priority:0, 80aad825-1455-44c8-9b95-39dda33c55fc|rpc:10.1.0.17:32927|priority:0, dbc576bd-ec57-4800-af44-df78a35caa86|rpc:10.1.0.17:44991|priority:1] returns group-23DD4B820AD7:java.util.concurrent.CompletableFuture@3ef97c10[Not completed]
2022-02-12 02:07:43,353 [pool-207-thread-1] INFO  server.RaftServer$Division (RaftServerImpl.java:<init>(184)) - 80aad825-1455-44c8-9b95-39dda33c55fc: new RaftServerImpl for group-23DD4B820AD7:[563bb084-6269-4eaf-a82d-f8c3d548975c|rpc:10.1.0.17:42441|priority:0, 80aad825-1455-44c8-9b95-39dda33c55fc|rpc:10.1.0.17:32927|priority:0, dbc576bd-ec57-4800-af44-df78a35caa86|rpc:10.1.0.17:44991|priority:1] with ContainerStateMachine:uninitialized
2022-02-12 02:07:43,353 [pool-207-thread-1] INFO  server.RaftServerConfigKeys (ConfUtils.java:logGet(44)) - raft.server.rpc.timeout.min = 5s (custom)
2022-02-12 02:07:43,353 [pool-207-thread-1] INFO  server.RaftServerConfigKeys (ConfUtils.java:logGet(44)) - raft.server.rpc.timeout.max = 5200ms (custom)
2022-02-12 02:07:43,353 [pool-207-thread-1] INFO  server.RaftServerConfigKeys (ConfUtils.java:logGet(44)) - raft.server.rpc.sleep.time = 25ms (default)
2022-02-12 02:07:43,353 [pool-207-thread-1] INFO  server.RaftServerConfigKeys (ConfUtils.java:logGet(44)) - raft.server.rpc.slowness.timeout = 300s (custom)
2022-02-12 02:07:43,353 [pool-207-thread-1] INFO  server.RaftServerConfigKeys (ConfUtils.java:logGet(44)) - raft.server.leaderelection.leader.step-down.wait-time = 10s (default)
2022-02-12 02:07:43,354 [pool-207-thread-1] INFO  server.RaftServerConfigKeys (ConfUtils.java:logGet(44)) - raft.server.sleep.deviation.threshold = 300ms (default)
2022-02-12 02:07:43,354 [pool-207-thread-1] INFO  server.RaftServerConfigKeys (ConfUtils.java:logGet(44)) - raft.server.log.appender.install.snapshot.enabled = false (custom)
2022-02-12 02:07:43,354 [pool-207-thread-1] INFO  server.RaftServer$Division (ServerState.java:<init>(105)) - 80aad825-1455-44c8-9b95-39dda33c55fc@group-23DD4B820AD7: ConfigurationManager, init=-1: [563bb084-6269-4eaf-a82d-f8c3d548975c|rpc:10.1.0.17:42441|priority:0, 80aad825-1455-44c8-9b95-39dda33c55fc|rpc:10.1.0.17:32927|priority:0, dbc576bd-ec57-4800-af44-df78a35caa86|rpc:10.1.0.17:44991|priority:1], old=null, confs=<EMPTY_MAP>
2022-02-12 02:07:43,354 [pool-207-thread-1] INFO  server.RaftServerConfigKeys (ConfUtils.java:logGet(44)) - raft.server.storage.dir = [/home/runner/work/ozone/ozone/hadoop-ozone/integration-test/target/test-dir/MiniOzoneClusterImpl-aab2a9ef-fee9-490a-83f8-38e83ff8be47/datanode-0/data/ratis] (custom)
2022-02-12 02:07:43,354 [pool-207-thread-1] INFO  server.RaftServerConfigKeys (ConfUtils.java:logGet(44)) - raft.server.log.corruption.policy = EXCEPTION (default)
2022-02-12 02:07:43,354 [pool-207-thread-1] INFO  server.RaftServerConfigKeys (ConfUtils.java:logGet(44)) - raft.server.storage.free-space.min = 0MB (=0) (default)
2022-02-12 02:07:43,354 [pool-207-thread-1] INFO  storage.RaftStorageDirectory (RaftStorageDirectoryImpl.java:analyzeStorage(135)) - The storage directory /home/runner/work/ozone/ozone/hadoop-ozone/integration-test/target/test-dir/MiniOzoneClusterImpl-aab2a9ef-fee9-490a-83f8-38e83ff8be47/datanode-0/data/ratis/7478c8ab-e15e-4858-9ff5-23dd4b820ad7 does not exist. Creating ...
2022-02-12 02:07:43,356 [pool-207-thread-1] INFO  storage.RaftStorageDirectory (RaftStorageDirectoryImpl.java:tryLock(230)) - Lock on /home/runner/work/ozone/ozone/hadoop-ozone/integration-test/target/test-dir/MiniOzoneClusterImpl-aab2a9ef-fee9-490a-83f8-38e83ff8be47/datanode-0/data/ratis/7478c8ab-e15e-4858-9ff5-23dd4b820ad7/in_use.lock acquired by nodename 9178@fv-az395-998
2022-02-12 02:07:43,357 [pool-207-thread-1] INFO  storage.RaftStorage (RaftStorageImpl.java:format(89)) - Storage directory /home/runner/work/ozone/ozone/hadoop-ozone/integration-test/target/test-dir/MiniOzoneClusterImpl-aab2a9ef-fee9-490a-83f8-38e83ff8be47/datanode-0/data/ratis/7478c8ab-e15e-4858-9ff5-23dd4b820ad7 has been successfully formatted.
2022-02-12 02:07:43,357 [pool-207-thread-1] INFO  ratis.ContainerStateMachine (ContainerStateMachine.java:loadSnapshot(231)) - group-23DD4B820AD7: The snapshot info is null. Setting the last applied indexto:(t:0, i:~)
2022-02-12 02:07:43,357 [pool-207-thread-1] INFO  server.RaftServerConfigKeys (ConfUtils.java:logGet(44)) - raft.server.notification.no-leader.timeout = 300s (custom)
2022-02-12 02:07:43,357 [pool-207-thread-1] INFO  server.RaftServerConfigKeys (ConfUtils.java:logGet(44)) - raft.server.log.use.memory = false (default)
2022-02-12 02:07:43,359 [EventQueue-OpenPipelineForHealthyPipelineSafeModeRule] INFO  safemode.SCMSafeModeManager (HealthyPipelineSafeModeRule.java:process(124)) - SCM in safe mode. Healthy pipelines reported count is 0, required healthy pipeline reported count is 1
2022-02-12 02:07:43,361 [pool-207-thread-1] INFO  server.RaftServerConfigKeys (ConfUtils.java:logGet(44)) - raft.server.log.purge.gap = 1000000 (custom)
2022-02-12 02:07:43,362 [pool-207-thread-1] INFO  server.RaftServerConfigKeys (ConfUtils.java:logGet(44)) - raft.server.log.appender.buffer.byte-limit = 33554432 (custom)
2022-02-12 02:07:43,362 [pool-207-thread-1] INFO  server.RaftServerConfigKeys (ConfUtils.java:logGet(44)) - raft.server.log.segment.size.max = 1048576 (custom)
2022-02-12 02:07:43,362 [pool-207-thread-1] INFO  server.RaftServerConfigKeys (ConfUtils.java:logGet(44)) - raft.server.log.segment.cache.num.max = 2 (custom)
2022-02-12 02:07:43,363 [pool-207-thread-1] INFO  server.RaftServerConfigKeys (ConfUtils.java:logGet(44)) - raft.server.log.segment.cache.size.max = 200MB (=209715200) (default)
2022-02-12 02:07:43,363 [pool-207-thread-1] INFO  segmented.SegmentedRaftLogWorker (SegmentedRaftLogWorker.java:<init>(182)) - new 80aad825-1455-44c8-9b95-39dda33c55fc@group-23DD4B820AD7-SegmentedRaftLogWorker for RaftStorageImpl:Storage Directory /home/runner/work/ozone/ozone/hadoop-ozone/integration-test/target/test-dir/MiniOzoneClusterImpl-aab2a9ef-fee9-490a-83f8-38e83ff8be47/datanode-0/data/ratis/7478c8ab-e15e-4858-9ff5-23dd4b820ad7
2022-02-12 02:07:43,363 [pool-207-thread-1] INFO  server.RaftServerConfigKeys (ConfUtils.java:logGet(44)) - raft.server.log.queue.byte-limit = 2147483647 (custom)
2022-02-12 02:07:43,363 [pool-207-thread-1] INFO  server.RaftServerConfigKeys (ConfUtils.java:logGet(44)) - raft.server.log.queue.element-limit = 1024 (custom)
2022-02-12 02:07:43,363 [pool-207-thread-1] INFO  server.RaftServerConfigKeys (ConfUtils.java:logGet(44)) - raft.server.log.segment.size.max = 1048576 (custom)
2022-02-12 02:07:43,363 [pool-207-thread-1] INFO  server.RaftServerConfigKeys (ConfUtils.java:logGet(44)) - raft.server.log.preallocated.size = 16384 (custom)
2022-02-12 02:07:43,363 [pool-207-thread-1] INFO  server.RaftServerConfigKeys (ConfUtils.java:logGet(44)) - raft.server.log.force.sync.num = 128 (default)
2022-02-12 02:07:43,363 [pool-207-thread-1] INFO  server.RaftServerConfigKeys (ConfUtils.java:logGet(44)) - raft.server.log.statemachine.data.sync = true (default)
2022-02-12 02:07:43,363 [pool-207-thread-1] INFO  server.RaftServerConfigKeys (ConfUtils.java:logGet(44)) - raft.server.log.statemachine.data.sync.timeout = 10s (default)
2022-02-12 02:07:43,363 [pool-207-thread-1] INFO  server.RaftServerConfigKeys (ConfUtils.java:logGet(44)) - raft.server.log.statemachine.data.sync.timeout.retry = -1 (default)
2022-02-12 02:07:43,364 [pool-207-thread-1] INFO  server.RaftServerConfigKeys (ConfUtils.java:logGet(44)) - raft.server.log.write.buffer.size = 1048576 (custom)
2022-02-12 02:07:43,365 [pool-207-thread-1] INFO  server.RaftServerConfigKeys (ConfUtils.java:logGet(44)) - raft.server.log.statemachine.data.caching.enabled = true (custom)
2022-02-12 02:07:43,368 [pool-207-thread-1] INFO  segmented.SegmentedRaftLogWorker (SegmentedRaftLogWorker.java:lambda$new$0(133)) - 80aad825-1455-44c8-9b95-39dda33c55fc@group-23DD4B820AD7-SegmentedRaftLogWorker: flushIndex: setUnconditionally 0 -> -1
2022-02-12 02:07:43,368 [pool-207-thread-1] INFO  segmented.SegmentedRaftLogWorker (SegmentedRaftLogWorker.java:lambda$new$0(133)) - 80aad825-1455-44c8-9b95-39dda33c55fc@group-23DD4B820AD7-SegmentedRaftLogWorker: safeCacheEvictIndex: setUnconditionally 0 -> -1
2022-02-12 02:07:43,370 [pool-207-thread-1] INFO  server.RaftServerConfigKeys (ConfUtils.java:logGet(44)) - raft.server.snapshot.auto.trigger.enabled = true (custom)
2022-02-12 02:07:43,370 [pool-207-thread-1] INFO  server.RaftServerConfigKeys (ConfUtils.java:logGet(44)) - raft.server.snapshot.auto.trigger.threshold = 10000 (custom)
2022-02-12 02:07:43,370 [pool-207-thread-1] INFO  server.RaftServerConfigKeys (ConfUtils.java:logGet(44)) - raft.server.snapshot.retention.file.num = 5 (custom)
2022-02-12 02:07:43,371 [pool-207-thread-1] INFO  server.RaftServerConfigKeys (ConfUtils.java:logGet(44)) - raft.server.log.purge.upto.snapshot.index = false (default)
2022-02-12 02:07:43,371 [pool-207-thread-1] INFO  server.RaftServerConfigKeys (ConfUtils.java:logGet(44)) - raft.server.retrycache.expirytime = 600000ms (custom)
2022-02-12 02:07:43,371 [pool-207-thread-1] INFO  server.RaftServerConfigKeys (ConfUtils.java:logGet(44)) - raft.server.retrycache.statistics.expirytime = 100μs (default)
2022-02-12 02:07:43,372 [pool-207-thread-1] INFO  server.RaftServer$Division (RaftServerImpl.java:start(301)) - 80aad825-1455-44c8-9b95-39dda33c55fc@group-23DD4B820AD7: start as a follower, conf=-1: [563bb084-6269-4eaf-a82d-f8c3d548975c|rpc:10.1.0.17:42441|priority:0, 80aad825-1455-44c8-9b95-39dda33c55fc|rpc:10.1.0.17:32927|priority:0, dbc576bd-ec57-4800-af44-df78a35caa86|rpc:10.1.0.17:44991|priority:1], old=null
2022-02-12 02:07:43,372 [pool-207-thread-1] INFO  server.RaftServer$Division (RaftServerImpl.java:setRole(290)) - 80aad825-1455-44c8-9b95-39dda33c55fc@group-23DD4B820AD7: changes role from      null to FOLLOWER at term 0 for startAsFollower
2022-02-12 02:07:43,372 [pool-207-thread-1] INFO  impl.RoleInfo (RoleInfo.java:updateAndGet(130)) - 80aad825-1455-44c8-9b95-39dda33c55fc: start 80aad825-1455-44c8-9b95-39dda33c55fc@group-23DD4B820AD7-FollowerState
2022-02-12 02:07:43,372 [pool-207-thread-1] INFO  util.JmxRegister (JmxRegister.java:tryRegister(44)) - Successfully registered JMX Bean with object name Ratis:service=RaftServer,group=group-23DD4B820AD7,id=80aad825-1455-44c8-9b95-39dda33c55fc
2022-02-12 02:07:43,375 [Command processor thread] INFO  ratis.XceiverServerRatis (XceiverServerRatis.java:addGroup(768)) - Created group PipelineID=7478c8ab-e15e-4858-9ff5-23dd4b820ad7
2022-02-12 02:07:43,402 [grpc-default-executor-3] INFO  server.RaftServer (RaftServerProxy.java:addNew(95)) - dbc576bd-ec57-4800-af44-df78a35caa86: addNew group-23DD4B820AD7:[563bb084-6269-4eaf-a82d-f8c3d548975c|rpc:10.1.0.17:42441|dataStream:|priority:0, 80aad825-1455-44c8-9b95-39dda33c55fc|rpc:10.1.0.17:32927|dataStream:|priority:0, dbc576bd-ec57-4800-af44-df78a35caa86|rpc:10.1.0.17:44991|dataStream:|priority:1] returns group-23DD4B820AD7:java.util.concurrent.CompletableFuture@5c645684[Not completed]
2022-02-12 02:07:43,403 [pool-249-thread-1] INFO  server.RaftServer$Division (RaftServerImpl.java:<init>(184)) - dbc576bd-ec57-4800-af44-df78a35caa86: new RaftServerImpl for group-23DD4B820AD7:[563bb084-6269-4eaf-a82d-f8c3d548975c|rpc:10.1.0.17:42441|dataStream:|priority:0, 80aad825-1455-44c8-9b95-39dda33c55fc|rpc:10.1.0.17:32927|dataStream:|priority:0, dbc576bd-ec57-4800-af44-df78a35caa86|rpc:10.1.0.17:44991|dataStream:|priority:1] with ContainerStateMachine:uninitialized
2022-02-12 02:07:43,403 [pool-249-thread-1] INFO  server.RaftServerConfigKeys (ConfUtils.java:logGet(44)) - raft.server.rpc.timeout.min = 5s (custom)
2022-02-12 02:07:43,403 [pool-249-thread-1] INFO  server.RaftServerConfigKeys (ConfUtils.java:logGet(44)) - raft.server.rpc.timeout.max = 5200ms (custom)
2022-02-12 02:07:43,403 [pool-249-thread-1] INFO  server.RaftServerConfigKeys (ConfUtils.java:logGet(44)) - raft.server.rpc.sleep.time = 25ms (default)
2022-02-12 02:07:43,403 [pool-249-thread-1] INFO  server.RaftServerConfigKeys (ConfUtils.java:logGet(44)) - raft.server.rpc.slowness.timeout = 300s (custom)
2022-02-12 02:07:43,403 [pool-249-thread-1] INFO  server.RaftServerConfigKeys (ConfUtils.java:logGet(44)) - raft.server.leaderelection.leader.step-down.wait-time = 10s (default)
2022-02-12 02:07:43,403 [pool-249-thread-1] INFO  server.RaftServerConfigKeys (ConfUtils.java:logGet(44)) - raft.server.sleep.deviation.threshold = 300ms (default)
2022-02-12 02:07:43,403 [pool-249-thread-1] INFO  server.RaftServerConfigKeys (ConfUtils.java:logGet(44)) - raft.server.log.appender.install.snapshot.enabled = false (custom)
2022-02-12 02:07:43,403 [pool-249-thread-1] INFO  server.RaftServer$Division (ServerState.java:<init>(105)) - dbc576bd-ec57-4800-af44-df78a35caa86@group-23DD4B820AD7: ConfigurationManager, init=-1: [563bb084-6269-4eaf-a82d-f8c3d548975c|rpc:10.1.0.17:42441|dataStream:|priority:0, 80aad825-1455-44c8-9b95-39dda33c55fc|rpc:10.1.0.17:32927|dataStream:|priority:0, dbc576bd-ec57-4800-af44-df78a35caa86|rpc:10.1.0.17:44991|dataStream:|priority:1], old=null, confs=<EMPTY_MAP>
2022-02-12 02:07:43,405 [pool-249-thread-1] INFO  server.RaftServerConfigKeys (ConfUtils.java:logGet(44)) - raft.server.storage.dir = [/home/runner/work/ozone/ozone/hadoop-ozone/integration-test/target/test-dir/MiniOzoneClusterImpl-aab2a9ef-fee9-490a-83f8-38e83ff8be47/datanode-2/data/ratis] (custom)
2022-02-12 02:07:43,406 [pool-249-thread-1] INFO  server.RaftServerConfigKeys (ConfUtils.java:logGet(44)) - raft.server.log.corruption.policy = EXCEPTION (default)
2022-02-12 02:07:43,406 [pool-249-thread-1] INFO  server.RaftServerConfigKeys (ConfUtils.java:logGet(44)) - raft.server.storage.free-space.min = 0MB (=0) (default)
2022-02-12 02:07:43,406 [pool-249-thread-1] INFO  storage.RaftStorageDirectory (RaftStorageDirectoryImpl.java:analyzeStorage(135)) - The storage directory /home/runner/work/ozone/ozone/hadoop-ozone/integration-test/target/test-dir/MiniOzoneClusterImpl-aab2a9ef-fee9-490a-83f8-38e83ff8be47/datanode-2/data/ratis/7478c8ab-e15e-4858-9ff5-23dd4b820ad7 does not exist. Creating ...
2022-02-12 02:07:43,406 [pool-249-thread-1] INFO  storage.RaftStorageDirectory (RaftStorageDirectoryImpl.java:tryLock(230)) - Lock on /home/runner/work/ozone/ozone/hadoop-ozone/integration-test/target/test-dir/MiniOzoneClusterImpl-aab2a9ef-fee9-490a-83f8-38e83ff8be47/datanode-2/data/ratis/7478c8ab-e15e-4858-9ff5-23dd4b820ad7/in_use.lock acquired by nodename 9178@fv-az395-998
2022-02-12 02:07:43,408 [pool-249-thread-1] INFO  storage.RaftStorage (RaftStorageImpl.java:format(89)) - Storage directory /home/runner/work/ozone/ozone/hadoop-ozone/integration-test/target/test-dir/MiniOzoneClusterImpl-aab2a9ef-fee9-490a-83f8-38e83ff8be47/datanode-2/data/ratis/7478c8ab-e15e-4858-9ff5-23dd4b820ad7 has been successfully formatted.
2022-02-12 02:07:43,409 [pool-249-thread-1] INFO  ratis.ContainerStateMachine (ContainerStateMachine.java:loadSnapshot(231)) - group-23DD4B820AD7: The snapshot info is null. Setting the last applied indexto:(t:0, i:~)
2022-02-12 02:07:43,409 [pool-249-thread-1] INFO  server.RaftServerConfigKeys (ConfUtils.java:logGet(44)) - raft.server.notification.no-leader.timeout = 300s (custom)
2022-02-12 02:07:43,409 [pool-249-thread-1] INFO  server.RaftServerConfigKeys (ConfUtils.java:logGet(44)) - raft.server.log.use.memory = false (default)
2022-02-12 02:07:43,410 [pool-249-thread-1] INFO  server.RaftServerConfigKeys (ConfUtils.java:logGet(44)) - raft.server.log.purge.gap = 1000000 (custom)
2022-02-12 02:07:43,410 [pool-249-thread-1] INFO  server.RaftServerConfigKeys (ConfUtils.java:logGet(44)) - raft.server.log.appender.buffer.byte-limit = 33554432 (custom)
2022-02-12 02:07:43,410 [pool-249-thread-1] INFO  server.RaftServerConfigKeys (ConfUtils.java:logGet(44)) - raft.server.log.segment.size.max = 1048576 (custom)
2022-02-12 02:07:43,410 [pool-249-thread-1] INFO  server.RaftServerConfigKeys (ConfUtils.java:logGet(44)) - raft.server.log.segment.cache.num.max = 2 (custom)
2022-02-12 02:07:43,411 [pool-249-thread-1] INFO  server.RaftServerConfigKeys (ConfUtils.java:logGet(44)) - raft.server.log.segment.cache.size.max = 200MB (=209715200) (default)
2022-02-12 02:07:43,411 [pool-249-thread-1] INFO  segmented.SegmentedRaftLogWorker (SegmentedRaftLogWorker.java:<init>(182)) - new dbc576bd-ec57-4800-af44-df78a35caa86@group-23DD4B820AD7-SegmentedRaftLogWorker for RaftStorageImpl:Storage Directory /home/runner/work/ozone/ozone/hadoop-ozone/integration-test/target/test-dir/MiniOzoneClusterImpl-aab2a9ef-fee9-490a-83f8-38e83ff8be47/datanode-2/data/ratis/7478c8ab-e15e-4858-9ff5-23dd4b820ad7
2022-02-12 02:07:43,411 [pool-249-thread-1] INFO  server.RaftServerConfigKeys (ConfUtils.java:logGet(44)) - raft.server.log.queue.byte-limit = 2147483647 (custom)
2022-02-12 02:07:43,411 [pool-249-thread-1] INFO  server.RaftServerConfigKeys (ConfUtils.java:logGet(44)) - raft.server.log.queue.element-limit = 1024 (custom)
2022-02-12 02:07:43,411 [pool-249-thread-1] INFO  server.RaftServerConfigKeys (ConfUtils.java:logGet(44)) - raft.server.log.segment.size.max = 1048576 (custom)
2022-02-12 02:07:43,411 [pool-249-thread-1] INFO  server.RaftServerConfigKeys (ConfUtils.java:logGet(44)) - raft.server.log.preallocated.size = 16384 (custom)
2022-02-12 02:07:43,411 [pool-249-thread-1] INFO  server.RaftServerConfigKeys (ConfUtils.java:logGet(44)) - raft.server.log.force.sync.num = 128 (default)
2022-02-12 02:07:43,411 [pool-249-thread-1] INFO  server.RaftServerConfigKeys (ConfUtils.java:logGet(44)) - raft.server.log.statemachine.data.sync = true (default)
2022-02-12 02:07:43,411 [pool-249-thread-1] INFO  server.RaftServerConfigKeys (ConfUtils.java:logGet(44)) - raft.server.log.statemachine.data.sync.timeout = 10s (default)
2022-02-12 02:07:43,411 [pool-249-thread-1] INFO  server.RaftServerConfigKeys (ConfUtils.java:logGet(44)) - raft.server.log.statemachine.data.sync.timeout.retry = -1 (default)
2022-02-12 02:07:43,412 [pool-249-thread-1] INFO  server.RaftServerConfigKeys (ConfUtils.java:logGet(44)) - raft.server.log.write.buffer.size = 1048576 (custom)
2022-02-12 02:07:43,417 [pool-249-thread-1] INFO  server.RaftServerConfigKeys (ConfUtils.java:logGet(44)) - raft.server.log.statemachine.data.caching.enabled = true (custom)
2022-02-12 02:07:43,421 [pool-249-thread-1] INFO  segmented.SegmentedRaftLogWorker (SegmentedRaftLogWorker.java:lambda$new$0(133)) - dbc576bd-ec57-4800-af44-df78a35caa86@group-23DD4B820AD7-SegmentedRaftLogWorker: flushIndex: setUnconditionally 0 -> -1
2022-02-12 02:07:43,421 [pool-249-thread-1] INFO  segmented.SegmentedRaftLogWorker (SegmentedRaftLogWorker.java:lambda$new$0(133)) - dbc576bd-ec57-4800-af44-df78a35caa86@group-23DD4B820AD7-SegmentedRaftLogWorker: safeCacheEvictIndex: setUnconditionally 0 -> -1
2022-02-12 02:07:43,424 [pool-249-thread-1] INFO  server.RaftServerConfigKeys (ConfUtils.java:logGet(44)) - raft.server.snapshot.auto.trigger.enabled = true (custom)
2022-02-12 02:07:43,424 [pool-249-thread-1] INFO  server.RaftServerConfigKeys (ConfUtils.java:logGet(44)) - raft.server.snapshot.auto.trigger.threshold = 10000 (custom)
2022-02-12 02:07:43,424 [pool-249-thread-1] INFO  server.RaftServerConfigKeys (ConfUtils.java:logGet(44)) - raft.server.snapshot.retention.file.num = 5 (custom)
2022-02-12 02:07:43,424 [pool-249-thread-1] INFO  server.RaftServerConfigKeys (ConfUtils.java:logGet(44)) - raft.server.log.purge.upto.snapshot.index = false (default)
2022-02-12 02:07:43,424 [pool-249-thread-1] INFO  server.RaftServerConfigKeys (ConfUtils.java:logGet(44)) - raft.server.retrycache.expirytime = 600000ms (custom)
2022-02-12 02:07:43,424 [pool-249-thread-1] INFO  server.RaftServerConfigKeys (ConfUtils.java:logGet(44)) - raft.server.retrycache.statistics.expirytime = 100μs (default)
2022-02-12 02:07:43,425 [pool-249-thread-1] INFO  server.RaftServer$Division (RaftServerImpl.java:start(301)) - dbc576bd-ec57-4800-af44-df78a35caa86@group-23DD4B820AD7: start as a follower, conf=-1: [563bb084-6269-4eaf-a82d-f8c3d548975c|rpc:10.1.0.17:42441|dataStream:|priority:0, 80aad825-1455-44c8-9b95-39dda33c55fc|rpc:10.1.0.17:32927|dataStream:|priority:0, dbc576bd-ec57-4800-af44-df78a35caa86|rpc:10.1.0.17:44991|dataStream:|priority:1], old=null
2022-02-12 02:07:43,425 [pool-249-thread-1] INFO  server.RaftServer$Division (RaftServerImpl.java:setRole(290)) - dbc576bd-ec57-4800-af44-df78a35caa86@group-23DD4B820AD7: changes role from      null to FOLLOWER at term 0 for startAsFollower
2022-02-12 02:07:43,425 [pool-249-thread-1] INFO  impl.RoleInfo (RoleInfo.java:updateAndGet(130)) - dbc576bd-ec57-4800-af44-df78a35caa86: start dbc576bd-ec57-4800-af44-df78a35caa86@group-23DD4B820AD7-FollowerState
2022-02-12 02:07:43,429 [pool-249-thread-1] INFO  util.JmxRegister (JmxRegister.java:tryRegister(44)) - Successfully registered JMX Bean with object name Ratis:service=RaftServer,group=group-23DD4B820AD7,id=dbc576bd-ec57-4800-af44-df78a35caa86
2022-02-12 02:07:43,464 [grpc-default-executor-3] INFO  server.RaftServer (RaftServerProxy.java:addNew(95)) - 563bb084-6269-4eaf-a82d-f8c3d548975c: addNew group-23DD4B820AD7:[563bb084-6269-4eaf-a82d-f8c3d548975c|rpc:10.1.0.17:42441|dataStream:|priority:0, 80aad825-1455-44c8-9b95-39dda33c55fc|rpc:10.1.0.17:32927|dataStream:|priority:0, dbc576bd-ec57-4800-af44-df78a35caa86|rpc:10.1.0.17:44991|dataStream:|priority:1] returns group-23DD4B820AD7:java.util.concurrent.CompletableFuture@747d6a81[Not completed]
2022-02-12 02:07:43,467 [pool-228-thread-1] INFO  server.RaftServer$Division (RaftServerImpl.java:<init>(184)) - 563bb084-6269-4eaf-a82d-f8c3d548975c: new RaftServerImpl for group-23DD4B820AD7:[563bb084-6269-4eaf-a82d-f8c3d548975c|rpc:10.1.0.17:42441|dataStream:|priority:0, 80aad825-1455-44c8-9b95-39dda33c55fc|rpc:10.1.0.17:32927|dataStream:|priority:0, dbc576bd-ec57-4800-af44-df78a35caa86|rpc:10.1.0.17:44991|dataStream:|priority:1] with ContainerStateMachine:uninitialized
2022-02-12 02:07:43,467 [pool-228-thread-1] INFO  server.RaftServerConfigKeys (ConfUtils.java:logGet(44)) - raft.server.rpc.timeout.min = 5s (custom)
2022-02-12 02:07:43,467 [pool-228-thread-1] INFO  server.RaftServerConfigKeys (ConfUtils.java:logGet(44)) - raft.server.rpc.timeout.max = 5200ms (custom)
2022-02-12 02:07:43,467 [pool-228-thread-1] INFO  server.RaftServerConfigKeys (ConfUtils.java:logGet(44)) - raft.server.rpc.sleep.time = 25ms (default)
2022-02-12 02:07:43,467 [pool-228-thread-1] INFO  server.RaftServerConfigKeys (ConfUtils.java:logGet(44)) - raft.server.rpc.slowness.timeout = 300s (custom)
2022-02-12 02:07:43,467 [pool-228-thread-1] INFO  server.RaftServerConfigKeys (ConfUtils.java:logGet(44)) - raft.server.leaderelection.leader.step-down.wait-time = 10s (default)
2022-02-12 02:07:43,467 [pool-228-thread-1] INFO  server.RaftServerConfigKeys (ConfUtils.java:logGet(44)) - raft.server.sleep.deviation.threshold = 300ms (default)
2022-02-12 02:07:43,467 [pool-228-thread-1] INFO  server.RaftServerConfigKeys (ConfUtils.java:logGet(44)) - raft.server.log.appender.install.snapshot.enabled = false (custom)
2022-02-12 02:07:43,467 [pool-228-thread-1] INFO  server.RaftServer$Division (ServerState.java:<init>(105)) - 563bb084-6269-4eaf-a82d-f8c3d548975c@group-23DD4B820AD7: ConfigurationManager, init=-1: [563bb084-6269-4eaf-a82d-f8c3d548975c|rpc:10.1.0.17:42441|dataStream:|priority:0, 80aad825-1455-44c8-9b95-39dda33c55fc|rpc:10.1.0.17:32927|dataStream:|priority:0, dbc576bd-ec57-4800-af44-df78a35caa86|rpc:10.1.0.17:44991|dataStream:|priority:1], old=null, confs=<EMPTY_MAP>
2022-02-12 02:07:43,467 [pool-228-thread-1] INFO  server.RaftServerConfigKeys (ConfUtils.java:logGet(44)) - raft.server.storage.dir = [/home/runner/work/ozone/ozone/hadoop-ozone/integration-test/target/test-dir/MiniOzoneClusterImpl-aab2a9ef-fee9-490a-83f8-38e83ff8be47/datanode-1/data/ratis] (custom)
2022-02-12 02:07:43,467 [pool-228-thread-1] INFO  server.RaftServerConfigKeys (ConfUtils.java:logGet(44)) - raft.server.log.corruption.policy = EXCEPTION (default)
2022-02-12 02:07:43,468 [pool-228-thread-1] INFO  server.RaftServerConfigKeys (ConfUtils.java:logGet(44)) - raft.server.storage.free-space.min = 0MB (=0) (default)
2022-02-12 02:07:43,468 [pool-228-thread-1] INFO  storage.RaftStorageDirectory (RaftStorageDirectoryImpl.java:analyzeStorage(135)) - The storage directory /home/runner/work/ozone/ozone/hadoop-ozone/integration-test/target/test-dir/MiniOzoneClusterImpl-aab2a9ef-fee9-490a-83f8-38e83ff8be47/datanode-1/data/ratis/7478c8ab-e15e-4858-9ff5-23dd4b820ad7 does not exist. Creating ...
2022-02-12 02:07:43,470 [pool-228-thread-1] INFO  storage.RaftStorageDirectory (RaftStorageDirectoryImpl.java:tryLock(230)) - Lock on /home/runner/work/ozone/ozone/hadoop-ozone/integration-test/target/test-dir/MiniOzoneClusterImpl-aab2a9ef-fee9-490a-83f8-38e83ff8be47/datanode-1/data/ratis/7478c8ab-e15e-4858-9ff5-23dd4b820ad7/in_use.lock acquired by nodename 9178@fv-az395-998
2022-02-12 02:07:43,476 [pool-228-thread-1] INFO  storage.RaftStorage (RaftStorageImpl.java:format(89)) - Storage directory /home/runner/work/ozone/ozone/hadoop-ozone/integration-test/target/test-dir/MiniOzoneClusterImpl-aab2a9ef-fee9-490a-83f8-38e83ff8be47/datanode-1/data/ratis/7478c8ab-e15e-4858-9ff5-23dd4b820ad7 has been successfully formatted.
2022-02-12 02:07:43,477 [pool-228-thread-1] INFO  ratis.ContainerStateMachine (ContainerStateMachine.java:loadSnapshot(231)) - group-23DD4B820AD7: The snapshot info is null. Setting the last applied indexto:(t:0, i:~)
2022-02-12 02:07:43,477 [pool-228-thread-1] INFO  server.RaftServerConfigKeys (ConfUtils.java:logGet(44)) - raft.server.notification.no-leader.timeout = 300s (custom)
2022-02-12 02:07:43,477 [pool-228-thread-1] INFO  server.RaftServerConfigKeys (ConfUtils.java:logGet(44)) - raft.server.log.use.memory = false (default)
2022-02-12 02:07:43,477 [pool-228-thread-1] INFO  server.RaftServerConfigKeys (ConfUtils.java:logGet(44)) - raft.server.log.purge.gap = 1000000 (custom)
2022-02-12 02:07:43,477 [pool-228-thread-1] INFO  server.RaftServerConfigKeys (ConfUtils.java:logGet(44)) - raft.server.log.appender.buffer.byte-limit = 33554432 (custom)
2022-02-12 02:07:43,477 [pool-228-thread-1] INFO  server.RaftServerConfigKeys (ConfUtils.java:logGet(44)) - raft.server.log.segment.size.max = 1048576 (custom)
2022-02-12 02:07:43,477 [pool-228-thread-1] INFO  server.RaftServerConfigKeys (ConfUtils.java:logGet(44)) - raft.server.log.segment.cache.num.max = 2 (custom)
2022-02-12 02:07:43,477 [pool-228-thread-1] INFO  server.RaftServerConfigKeys (ConfUtils.java:logGet(44)) - raft.server.log.segment.cache.size.max = 200MB (=209715200) (default)
2022-02-12 02:07:43,477 [pool-228-thread-1] INFO  segmented.SegmentedRaftLogWorker (SegmentedRaftLogWorker.java:<init>(182)) - new 563bb084-6269-4eaf-a82d-f8c3d548975c@group-23DD4B820AD7-SegmentedRaftLogWorker for RaftStorageImpl:Storage Directory /home/runner/work/ozone/ozone/hadoop-ozone/integration-test/target/test-dir/MiniOzoneClusterImpl-aab2a9ef-fee9-490a-83f8-38e83ff8be47/datanode-1/data/ratis/7478c8ab-e15e-4858-9ff5-23dd4b820ad7
2022-02-12 02:07:43,478 [pool-228-thread-1] INFO  server.RaftServerConfigKeys (ConfUtils.java:logGet(44)) - raft.server.log.queue.byte-limit = 2147483647 (custom)
2022-02-12 02:07:43,478 [pool-228-thread-1] INFO  server.RaftServerConfigKeys (ConfUtils.java:logGet(44)) - raft.server.log.queue.element-limit = 1024 (custom)
2022-02-12 02:07:43,478 [pool-228-thread-1] INFO  server.RaftServerConfigKeys (ConfUtils.java:logGet(44)) - raft.server.log.segment.size.max = 1048576 (custom)
2022-02-12 02:07:43,478 [pool-228-thread-1] INFO  server.RaftServerConfigKeys (ConfUtils.java:logGet(44)) - raft.server.log.preallocated.size = 16384 (custom)
2022-02-12 02:07:43,478 [pool-228-thread-1] INFO  server.RaftServerConfigKeys (ConfUtils.java:logGet(44)) - raft.server.log.force.sync.num = 128 (default)
2022-02-12 02:07:43,478 [pool-228-thread-1] INFO  server.RaftServerConfigKeys (ConfUtils.java:logGet(44)) - raft.server.log.statemachine.data.sync = true (default)
2022-02-12 02:07:43,478 [pool-228-thread-1] INFO  server.RaftServerConfigKeys (ConfUtils.java:logGet(44)) - raft.server.log.statemachine.data.sync.timeout = 10s (default)
2022-02-12 02:07:43,478 [pool-228-thread-1] INFO  server.RaftServerConfigKeys (ConfUtils.java:logGet(44)) - raft.server.log.statemachine.data.sync.timeout.retry = -1 (default)
2022-02-12 02:07:43,479 [pool-228-thread-1] INFO  server.RaftServerConfigKeys (ConfUtils.java:logGet(44)) - raft.server.log.write.buffer.size = 1048576 (custom)
2022-02-12 02:07:43,479 [pool-228-thread-1] INFO  server.RaftServerConfigKeys (ConfUtils.java:logGet(44)) - raft.server.log.statemachine.data.caching.enabled = true (custom)
2022-02-12 02:07:43,479 [pool-228-thread-1] INFO  segmented.SegmentedRaftLogWorker (SegmentedRaftLogWorker.java:lambda$new$0(133)) - 563bb084-6269-4eaf-a82d-f8c3d548975c@group-23DD4B820AD7-SegmentedRaftLogWorker: flushIndex: setUnconditionally 0 -> -1
2022-02-12 02:07:43,479 [pool-228-thread-1] INFO  segmented.SegmentedRaftLogWorker (SegmentedRaftLogWorker.java:lambda$new$0(133)) - 563bb084-6269-4eaf-a82d-f8c3d548975c@group-23DD4B820AD7-SegmentedRaftLogWorker: safeCacheEvictIndex: setUnconditionally 0 -> -1
2022-02-12 02:07:43,490 [pool-228-thread-1] INFO  server.RaftServerConfigKeys (ConfUtils.java:logGet(44)) - raft.server.snapshot.auto.trigger.enabled = true (custom)
2022-02-12 02:07:43,490 [pool-228-thread-1] INFO  server.RaftServerConfigKeys (ConfUtils.java:logGet(44)) - raft.server.snapshot.auto.trigger.threshold = 10000 (custom)
2022-02-12 02:07:43,490 [pool-228-thread-1] INFO  server.RaftServerConfigKeys (ConfUtils.java:logGet(44)) - raft.server.snapshot.retention.file.num = 5 (custom)
2022-02-12 02:07:43,490 [pool-228-thread-1] INFO  server.RaftServerConfigKeys (ConfUtils.java:logGet(44)) - raft.server.log.purge.upto.snapshot.index = false (default)
2022-02-12 02:07:43,490 [pool-228-thread-1] INFO  server.RaftServerConfigKeys (ConfUtils.java:logGet(44)) - raft.server.retrycache.expirytime = 600000ms (custom)
2022-02-12 02:07:43,491 [pool-228-thread-1] INFO  server.RaftServerConfigKeys (ConfUtils.java:logGet(44)) - raft.server.retrycache.statistics.expirytime = 100μs (default)
2022-02-12 02:07:43,492 [pool-228-thread-1] INFO  server.RaftServer$Division (RaftServerImpl.java:start(301)) - 563bb084-6269-4eaf-a82d-f8c3d548975c@group-23DD4B820AD7: start as a follower, conf=-1: [563bb084-6269-4eaf-a82d-f8c3d548975c|rpc:10.1.0.17:42441|dataStream:|priority:0, 80aad825-1455-44c8-9b95-39dda33c55fc|rpc:10.1.0.17:32927|dataStream:|priority:0, dbc576bd-ec57-4800-af44-df78a35caa86|rpc:10.1.0.17:44991|dataStream:|priority:1], old=null
2022-02-12 02:07:43,492 [pool-228-thread-1] INFO  server.RaftServer$Division (RaftServerImpl.java:setRole(290)) - 563bb084-6269-4eaf-a82d-f8c3d548975c@group-23DD4B820AD7: changes role from      null to FOLLOWER at term 0 for startAsFollower
2022-02-12 02:07:43,492 [pool-228-thread-1] INFO  impl.RoleInfo (RoleInfo.java:updateAndGet(130)) - 563bb084-6269-4eaf-a82d-f8c3d548975c: start 563bb084-6269-4eaf-a82d-f8c3d548975c@group-23DD4B820AD7-FollowerState
2022-02-12 02:07:43,498 [pool-228-thread-1] INFO  util.JmxRegister (JmxRegister.java:tryRegister(44)) - Successfully registered JMX Bean with object name Ratis:service=RaftServer,group=group-23DD4B820AD7,id=563bb084-6269-4eaf-a82d-f8c3d548975c
2022-02-12 02:07:43,525 [Command processor thread] INFO  commandhandler.CreatePipelineCommandHandler (CreatePipelineCommandHandler.java:handle(106)) - Created Pipeline RATIS THREE PipelineID=7478c8ab-e15e-4858-9ff5-23dd4b820ad7.
2022-02-12 02:07:43,621 [Command processor thread] INFO  server.RaftServer (RaftServerProxy.java:addNew(95)) - 563bb084-6269-4eaf-a82d-f8c3d548975c: addNew group-03284F97E6A9:[563bb084-6269-4eaf-a82d-f8c3d548975c|rpc:10.1.0.17:42441|priority:1] returns group-03284F97E6A9:java.util.concurrent.CompletableFuture@33b94f8e[Not completed]
2022-02-12 02:07:43,622 [pool-228-thread-1] INFO  server.RaftServer$Division (RaftServerImpl.java:<init>(184)) - 563bb084-6269-4eaf-a82d-f8c3d548975c: new RaftServerImpl for group-03284F97E6A9:[563bb084-6269-4eaf-a82d-f8c3d548975c|rpc:10.1.0.17:42441|priority:1] with ContainerStateMachine:uninitialized
2022-02-12 02:07:43,622 [pool-228-thread-1] INFO  server.RaftServerConfigKeys (ConfUtils.java:logGet(44)) - raft.server.rpc.timeout.min = 5s (custom)
2022-02-12 02:07:43,622 [pool-228-thread-1] INFO  server.RaftServerConfigKeys (ConfUtils.java:logGet(44)) - raft.server.rpc.timeout.max = 5200ms (custom)
2022-02-12 02:07:43,622 [pool-228-thread-1] INFO  server.RaftServerConfigKeys (ConfUtils.java:logGet(44)) - raft.server.rpc.sleep.time = 25ms (default)
2022-02-12 02:07:43,622 [pool-228-thread-1] INFO  server.RaftServerConfigKeys (ConfUtils.java:logGet(44)) - raft.server.rpc.slowness.timeout = 300s (custom)
2022-02-12 02:07:43,622 [pool-228-thread-1] INFO  server.RaftServerConfigKeys (ConfUtils.java:logGet(44)) - raft.server.leaderelection.leader.step-down.wait-time = 10s (default)
2022-02-12 02:07:43,622 [pool-228-thread-1] INFO  server.RaftServerConfigKeys (ConfUtils.java:logGet(44)) - raft.server.sleep.deviation.threshold = 300ms (default)
2022-02-12 02:07:43,623 [pool-228-thread-1] INFO  server.RaftServerConfigKeys (ConfUtils.java:logGet(44)) - raft.server.log.appender.install.snapshot.enabled = false (custom)
2022-02-12 02:07:43,623 [pool-228-thread-1] INFO  server.RaftServer$Division (ServerState.java:<init>(105)) - 563bb084-6269-4eaf-a82d-f8c3d548975c@group-03284F97E6A9: ConfigurationManager, init=-1: [563bb084-6269-4eaf-a82d-f8c3d548975c|rpc:10.1.0.17:42441|priority:1], old=null, confs=<EMPTY_MAP>
2022-02-12 02:07:43,623 [pool-228-thread-1] INFO  server.RaftServerConfigKeys (ConfUtils.java:logGet(44)) - raft.server.storage.dir = [/home/runner/work/ozone/ozone/hadoop-ozone/integration-test/target/test-dir/MiniOzoneClusterImpl-aab2a9ef-fee9-490a-83f8-38e83ff8be47/datanode-1/data/ratis] (custom)
2022-02-12 02:07:43,623 [pool-228-thread-1] INFO  server.RaftServerConfigKeys (ConfUtils.java:logGet(44)) - raft.server.log.corruption.policy = EXCEPTION (default)
2022-02-12 02:07:43,623 [pool-228-thread-1] INFO  server.RaftServerConfigKeys (ConfUtils.java:logGet(44)) - raft.server.storage.free-space.min = 0MB (=0) (default)
2022-02-12 02:07:43,623 [pool-228-thread-1] INFO  storage.RaftStorageDirectory (RaftStorageDirectoryImpl.java:analyzeStorage(135)) - The storage directory /home/runner/work/ozone/ozone/hadoop-ozone/integration-test/target/test-dir/MiniOzoneClusterImpl-aab2a9ef-fee9-490a-83f8-38e83ff8be47/datanode-1/data/ratis/c3b3a7fb-0c41-4a2e-a3f7-03284f97e6a9 does not exist. Creating ...
2022-02-12 02:07:43,624 [pool-228-thread-1] INFO  storage.RaftStorageDirectory (RaftStorageDirectoryImpl.java:tryLock(230)) - Lock on /home/runner/work/ozone/ozone/hadoop-ozone/integration-test/target/test-dir/MiniOzoneClusterImpl-aab2a9ef-fee9-490a-83f8-38e83ff8be47/datanode-1/data/ratis/c3b3a7fb-0c41-4a2e-a3f7-03284f97e6a9/in_use.lock acquired by nodename 9178@fv-az395-998
2022-02-12 02:07:43,625 [pool-228-thread-1] INFO  storage.RaftStorage (RaftStorageImpl.java:format(89)) - Storage directory /home/runner/work/ozone/ozone/hadoop-ozone/integration-test/target/test-dir/MiniOzoneClusterImpl-aab2a9ef-fee9-490a-83f8-38e83ff8be47/datanode-1/data/ratis/c3b3a7fb-0c41-4a2e-a3f7-03284f97e6a9 has been successfully formatted.
2022-02-12 02:07:43,627 [EventQueue-PipelineReportForPipelineReportHandler] INFO  pipeline.PipelineManagerImpl (PipelineManagerImpl.java:openPipeline(291)) - Pipeline Pipeline[ Id: c3b3a7fb-0c41-4a2e-a3f7-03284f97e6a9, Nodes: 563bb084-6269-4eaf-a82d-f8c3d548975c{ip: 10.1.0.17, host: fv-az395-998.zfmzfyrfkyou3ow0tsr0jxwq1e.bx.internal.cloudapp.net, ports: [REPLICATION=44007, RATIS=42441, RATIS_ADMIN=42441, RATIS_SERVER=42441, STANDALONE=42853], networkLocation: /default-rack, certSerialId: null, persistedOpState: IN_SERVICE, persistedOpStateExpiryEpochSec: 0}, ReplicationConfig: RATIS/ONE, State:ALLOCATED, leaderId:563bb084-6269-4eaf-a82d-f8c3d548975c, CreationTimestamp2022-02-12T02:07:40.635Z[Etc/UTC]] moved to OPEN state
2022-02-12 02:07:43,628 [30022ef7-21f3-4f35-b657-3de7ef8be931@group-38E83FF8BE47-StateMachineUpdater] INFO  safemode.HealthyPipelineSafeModeRule (HealthyPipelineSafeModeRule.java:initializeRule(152)) - Refreshed total pipeline count is 0, healthy pipeline threshold count is 1
2022-02-12 02:07:43,632 [EventQueue-OpenPipelineForHealthyPipelineSafeModeRule] INFO  safemode.SCMSafeModeManager (HealthyPipelineSafeModeRule.java:process(124)) - SCM in safe mode. Healthy pipelines reported count is 0, required healthy pipeline reported count is 1
2022-02-12 02:07:43,637 [pool-228-thread-1] INFO  ratis.ContainerStateMachine (ContainerStateMachine.java:loadSnapshot(231)) - group-03284F97E6A9: The snapshot info is null. Setting the last applied indexto:(t:0, i:~)
2022-02-12 02:07:43,637 [pool-228-thread-1] INFO  server.RaftServerConfigKeys (ConfUtils.java:logGet(44)) - raft.server.notification.no-leader.timeout = 300s (custom)
2022-02-12 02:07:43,637 [pool-228-thread-1] INFO  server.RaftServerConfigKeys (ConfUtils.java:logGet(44)) - raft.server.log.use.memory = false (default)
2022-02-12 02:07:43,637 [pool-228-thread-1] INFO  server.RaftServerConfigKeys (ConfUtils.java:logGet(44)) - raft.server.log.purge.gap = 1000000 (custom)
2022-02-12 02:07:43,637 [pool-228-thread-1] INFO  server.RaftServerConfigKeys (ConfUtils.java:logGet(44)) - raft.server.log.appender.buffer.byte-limit = 33554432 (custom)
2022-02-12 02:07:43,637 [pool-228-thread-1] INFO  server.RaftServerConfigKeys (ConfUtils.java:logGet(44)) - raft.server.log.segment.size.max = 1048576 (custom)
2022-02-12 02:07:43,638 [pool-228-thread-1] INFO  server.RaftServerConfigKeys (ConfUtils.java:logGet(44)) - raft.server.log.segment.cache.num.max = 2 (custom)
2022-02-12 02:07:43,638 [pool-228-thread-1] INFO  server.RaftServerConfigKeys (ConfUtils.java:logGet(44)) - raft.server.log.segment.cache.size.max = 200MB (=209715200) (default)
2022-02-12 02:07:43,638 [pool-228-thread-1] INFO  segmented.SegmentedRaftLogWorker (SegmentedRaftLogWorker.java:<init>(182)) - new 563bb084-6269-4eaf-a82d-f8c3d548975c@group-03284F97E6A9-SegmentedRaftLogWorker for RaftStorageImpl:Storage Directory /home/runner/work/ozone/ozone/hadoop-ozone/integration-test/target/test-dir/MiniOzoneClusterImpl-aab2a9ef-fee9-490a-83f8-38e83ff8be47/datanode-1/data/ratis/c3b3a7fb-0c41-4a2e-a3f7-03284f97e6a9
2022-02-12 02:07:43,638 [pool-228-thread-1] INFO  server.RaftServerConfigKeys (ConfUtils.java:logGet(44)) - raft.server.log.queue.byte-limit = 2147483647 (custom)
2022-02-12 02:07:43,638 [pool-228-thread-1] INFO  server.RaftServerConfigKeys (ConfUtils.java:logGet(44)) - raft.server.log.queue.element-limit = 1024 (custom)
2022-02-12 02:07:43,638 [pool-228-thread-1] INFO  server.RaftServerConfigKeys (ConfUtils.java:logGet(44)) - raft.server.log.segment.size.max = 1048576 (custom)
2022-02-12 02:07:43,638 [pool-228-thread-1] INFO  server.RaftServerConfigKeys (ConfUtils.java:logGet(44)) - raft.server.log.preallocated.size = 16384 (custom)
2022-02-12 02:07:43,638 [pool-228-thread-1] INFO  server.RaftServerConfigKeys (ConfUtils.java:logGet(44)) - raft.server.log.force.sync.num = 128 (default)
2022-02-12 02:07:43,638 [pool-228-thread-1] INFO  server.RaftServerConfigKeys (ConfUtils.java:logGet(44)) - raft.server.log.statemachine.data.sync = true (default)
2022-02-12 02:07:43,638 [pool-228-thread-1] INFO  server.RaftServerConfigKeys (ConfUtils.java:logGet(44)) - raft.server.log.statemachine.data.sync.timeout = 10s (default)
2022-02-12 02:07:43,639 [pool-228-thread-1] INFO  server.RaftServerConfigKeys (ConfUtils.java:logGet(44)) - raft.server.log.statemachine.data.sync.timeout.retry = -1 (default)
2022-02-12 02:07:43,639 [pool-228-thread-1] INFO  server.RaftServerConfigKeys (ConfUtils.java:logGet(44)) - raft.server.log.write.buffer.size = 1048576 (custom)
2022-02-12 02:07:43,640 [pool-228-thread-1] INFO  server.RaftServerConfigKeys (ConfUtils.java:logGet(44)) - raft.server.log.statemachine.data.caching.enabled = true (custom)
2022-02-12 02:07:43,640 [pool-228-thread-1] INFO  segmented.SegmentedRaftLogWorker (SegmentedRaftLogWorker.java:lambda$new$0(133)) - 563bb084-6269-4eaf-a82d-f8c3d548975c@group-03284F97E6A9-SegmentedRaftLogWorker: flushIndex: setUnconditionally 0 -> -1
2022-02-12 02:07:43,640 [pool-228-thread-1] INFO  segmented.SegmentedRaftLogWorker (SegmentedRaftLogWorker.java:lambda$new$0(133)) - 563bb084-6269-4eaf-a82d-f8c3d548975c@group-03284F97E6A9-SegmentedRaftLogWorker: safeCacheEvictIndex: setUnconditionally 0 -> -1
2022-02-12 02:07:43,652 [pool-228-thread-1] INFO  server.RaftServerConfigKeys (ConfUtils.java:logGet(44)) - raft.server.snapshot.auto.trigger.enabled = true (custom)
2022-02-12 02:07:43,652 [pool-228-thread-1] INFO  server.RaftServerConfigKeys (ConfUtils.java:logGet(44)) - raft.server.snapshot.auto.trigger.threshold = 10000 (custom)
2022-02-12 02:07:43,652 [pool-228-thread-1] INFO  server.RaftServerConfigKeys (ConfUtils.java:logGet(44)) - raft.server.snapshot.retention.file.num = 5 (custom)
2022-02-12 02:07:43,652 [pool-228-thread-1] INFO  server.RaftServerConfigKeys (ConfUtils.java:logGet(44)) - raft.server.log.purge.upto.snapshot.index = false (default)
2022-02-12 02:07:43,652 [pool-228-thread-1] INFO  server.RaftServerConfigKeys (ConfUtils.java:logGet(44)) - raft.server.retrycache.expirytime = 600000ms (custom)
2022-02-12 02:07:43,652 [pool-228-thread-1] INFO  server.RaftServerConfigKeys (ConfUtils.java:logGet(44)) - raft.server.retrycache.statistics.expirytime = 100μs (default)
2022-02-12 02:07:43,654 [pool-228-thread-1] INFO  server.RaftServer$Division (RaftServerImpl.java:start(301)) - 563bb084-6269-4eaf-a82d-f8c3d548975c@group-03284F97E6A9: start as a follower, conf=-1: [563bb084-6269-4eaf-a82d-f8c3d548975c|rpc:10.1.0.17:42441|priority:1], old=null
2022-02-12 02:07:43,654 [pool-228-thread-1] INFO  server.RaftServer$Division (RaftServerImpl.java:setRole(290)) - 563bb084-6269-4eaf-a82d-f8c3d548975c@group-03284F97E6A9: changes role from      null to FOLLOWER at term 0 for startAsFollower
2022-02-12 02:07:43,654 [pool-228-thread-1] INFO  impl.RoleInfo (RoleInfo.java:updateAndGet(130)) - 563bb084-6269-4eaf-a82d-f8c3d548975c: start 563bb084-6269-4eaf-a82d-f8c3d548975c@group-03284F97E6A9-FollowerState
2022-02-12 02:07:43,661 [pool-228-thread-1] INFO  util.JmxRegister (JmxRegister.java:tryRegister(44)) - Successfully registered JMX Bean with object name Ratis:service=RaftServer,group=group-03284F97E6A9,id=563bb084-6269-4eaf-a82d-f8c3d548975c
2022-02-12 02:07:43,668 [Command processor thread] INFO  ratis.XceiverServerRatis (XceiverServerRatis.java:addGroup(768)) - Created group PipelineID=c3b3a7fb-0c41-4a2e-a3f7-03284f97e6a9
2022-02-12 02:07:43,668 [Command processor thread] INFO  commandhandler.CreatePipelineCommandHandler (CreatePipelineCommandHandler.java:handle(106)) - Created Pipeline RATIS ONE PipelineID=c3b3a7fb-0c41-4a2e-a3f7-03284f97e6a9.
2022-02-12 02:07:44,041 [Listener at 127.0.0.1/33473] INFO  ozone.MiniOzoneClusterImpl (MiniOzoneClusterImpl.java:lambda$waitForClusterToBeReady$0(219)) - Nodes are ready. Got 3 of 3 DN Heartbeats.
2022-02-12 02:07:44,041 [Listener at 127.0.0.1/33473] INFO  ozone.MiniOzoneClusterImpl (MiniOzoneClusterImpl.java:lambda$waitForClusterToBeReady$0(222)) - Waiting for cluster to exit safe mode
2022-02-12 02:07:44,041 [Listener at 127.0.0.1/33473] INFO  ozone.MiniOzoneClusterImpl (MiniOzoneClusterImpl.java:lambda$waitForClusterToBeReady$0(224)) - SCM became leader
2022-02-12 02:07:44,117 [Command processor thread] INFO  server.RaftServer (RaftServerProxy.java:addNew(95)) - dbc576bd-ec57-4800-af44-df78a35caa86: addNew group-5BC279CFDAA1:[dbc576bd-ec57-4800-af44-df78a35caa86|rpc:10.1.0.17:44991|priority:1] returns group-5BC279CFDAA1:java.util.concurrent.CompletableFuture@3020d200[Not completed]
2022-02-12 02:07:44,118 [pool-249-thread-1] INFO  server.RaftServer$Division (RaftServerImpl.java:<init>(184)) - dbc576bd-ec57-4800-af44-df78a35caa86: new RaftServerImpl for group-5BC279CFDAA1:[dbc576bd-ec57-4800-af44-df78a35caa86|rpc:10.1.0.17:44991|priority:1] with ContainerStateMachine:uninitialized
2022-02-12 02:07:44,118 [pool-249-thread-1] INFO  server.RaftServerConfigKeys (ConfUtils.java:logGet(44)) - raft.server.rpc.timeout.min = 5s (custom)
2022-02-12 02:07:44,118 [pool-249-thread-1] INFO  server.RaftServerConfigKeys (ConfUtils.java:logGet(44)) - raft.server.rpc.timeout.max = 5200ms (custom)
2022-02-12 02:07:44,118 [pool-249-thread-1] INFO  server.RaftServerConfigKeys (ConfUtils.java:logGet(44)) - raft.server.rpc.sleep.time = 25ms (default)
2022-02-12 02:07:44,118 [pool-249-thread-1] INFO  server.RaftServerConfigKeys (ConfUtils.java:logGet(44)) - raft.server.rpc.slowness.timeout = 300s (custom)
2022-02-12 02:07:44,118 [pool-249-thread-1] INFO  server.RaftServerConfigKeys (ConfUtils.java:logGet(44)) - raft.server.leaderelection.leader.step-down.wait-time = 10s (default)
2022-02-12 02:07:44,118 [pool-249-thread-1] INFO  server.RaftServerConfigKeys (ConfUtils.java:logGet(44)) - raft.server.sleep.deviation.threshold = 300ms (default)
2022-02-12 02:07:44,118 [pool-249-thread-1] INFO  server.RaftServerConfigKeys (ConfUtils.java:logGet(44)) - raft.server.log.appender.install.snapshot.enabled = false (custom)
2022-02-12 02:07:44,118 [pool-249-thread-1] INFO  server.RaftServer$Division (ServerState.java:<init>(105)) - dbc576bd-ec57-4800-af44-df78a35caa86@group-5BC279CFDAA1: ConfigurationManager, init=-1: [dbc576bd-ec57-4800-af44-df78a35caa86|rpc:10.1.0.17:44991|priority:1], old=null, confs=<EMPTY_MAP>
2022-02-12 02:07:44,118 [pool-249-thread-1] INFO  server.RaftServerConfigKeys (ConfUtils.java:logGet(44)) - raft.server.storage.dir = [/home/runner/work/ozone/ozone/hadoop-ozone/integration-test/target/test-dir/MiniOzoneClusterImpl-aab2a9ef-fee9-490a-83f8-38e83ff8be47/datanode-2/data/ratis] (custom)
2022-02-12 02:07:44,118 [pool-249-thread-1] INFO  server.RaftServerConfigKeys (ConfUtils.java:logGet(44)) - raft.server.log.corruption.policy = EXCEPTION (default)
2022-02-12 02:07:44,119 [pool-249-thread-1] INFO  server.RaftServerConfigKeys (ConfUtils.java:logGet(44)) - raft.server.storage.free-space.min = 0MB (=0) (default)
2022-02-12 02:07:44,119 [pool-249-thread-1] INFO  storage.RaftStorageDirectory (RaftStorageDirectoryImpl.java:analyzeStorage(135)) - The storage directory /home/runner/work/ozone/ozone/hadoop-ozone/integration-test/target/test-dir/MiniOzoneClusterImpl-aab2a9ef-fee9-490a-83f8-38e83ff8be47/datanode-2/data/ratis/6579759d-2473-4297-a822-5bc279cfdaa1 does not exist. Creating ...
2022-02-12 02:07:44,120 [pool-249-thread-1] INFO  storage.RaftStorageDirectory (RaftStorageDirectoryImpl.java:tryLock(230)) - Lock on /home/runner/work/ozone/ozone/hadoop-ozone/integration-test/target/test-dir/MiniOzoneClusterImpl-aab2a9ef-fee9-490a-83f8-38e83ff8be47/datanode-2/data/ratis/6579759d-2473-4297-a822-5bc279cfdaa1/in_use.lock acquired by nodename 9178@fv-az395-998
2022-02-12 02:07:44,121 [pool-249-thread-1] INFO  storage.RaftStorage (RaftStorageImpl.java:format(89)) - Storage directory /home/runner/work/ozone/ozone/hadoop-ozone/integration-test/target/test-dir/MiniOzoneClusterImpl-aab2a9ef-fee9-490a-83f8-38e83ff8be47/datanode-2/data/ratis/6579759d-2473-4297-a822-5bc279cfdaa1 has been successfully formatted.
2022-02-12 02:07:44,121 [pool-249-thread-1] INFO  ratis.ContainerStateMachine (ContainerStateMachine.java:loadSnapshot(231)) - group-5BC279CFDAA1: The snapshot info is null. Setting the last applied indexto:(t:0, i:~)
2022-02-12 02:07:44,122 [pool-249-thread-1] INFO  server.RaftServerConfigKeys (ConfUtils.java:logGet(44)) - raft.server.notification.no-leader.timeout = 300s (custom)
2022-02-12 02:07:44,122 [pool-249-thread-1] INFO  server.RaftServerConfigKeys (ConfUtils.java:logGet(44)) - raft.server.log.use.memory = false (default)
2022-02-12 02:07:44,122 [pool-249-thread-1] INFO  server.RaftServerConfigKeys (ConfUtils.java:logGet(44)) - raft.server.log.purge.gap = 1000000 (custom)
2022-02-12 02:07:44,122 [pool-249-thread-1] INFO  server.RaftServerConfigKeys (ConfUtils.java:logGet(44)) - raft.server.log.appender.buffer.byte-limit = 33554432 (custom)
2022-02-12 02:07:44,123 [EventQueue-PipelineReportForPipelineReportHandler] INFO  pipeline.PipelineManagerImpl (PipelineManagerImpl.java:openPipeline(291)) - Pipeline Pipeline[ Id: 6579759d-2473-4297-a822-5bc279cfdaa1, Nodes: dbc576bd-ec57-4800-af44-df78a35caa86{ip: 10.1.0.17, host: fv-az395-998.zfmzfyrfkyou3ow0tsr0jxwq1e.bx.internal.cloudapp.net, ports: [REPLICATION=40771, RATIS=44991, RATIS_ADMIN=44991, RATIS_SERVER=44991, STANDALONE=34585], networkLocation: /default-rack, certSerialId: null, persistedOpState: IN_SERVICE, persistedOpStateExpiryEpochSec: 0}, ReplicationConfig: RATIS/ONE, State:ALLOCATED, leaderId:dbc576bd-ec57-4800-af44-df78a35caa86, CreationTimestamp2022-02-12T02:07:41.130Z[Etc/UTC]] moved to OPEN state
2022-02-12 02:07:44,123 [pool-249-thread-1] INFO  server.RaftServerConfigKeys (ConfUtils.java:logGet(44)) - raft.server.log.segment.size.max = 1048576 (custom)
2022-02-12 02:07:44,123 [pool-249-thread-1] INFO  server.RaftServerConfigKeys (ConfUtils.java:logGet(44)) - raft.server.log.segment.cache.num.max = 2 (custom)
2022-02-12 02:07:44,123 [pool-249-thread-1] INFO  server.RaftServerConfigKeys (ConfUtils.java:logGet(44)) - raft.server.log.segment.cache.size.max = 200MB (=209715200) (default)
2022-02-12 02:07:44,123 [pool-249-thread-1] INFO  segmented.SegmentedRaftLogWorker (SegmentedRaftLogWorker.java:<init>(182)) - new dbc576bd-ec57-4800-af44-df78a35caa86@group-5BC279CFDAA1-SegmentedRaftLogWorker for RaftStorageImpl:Storage Directory /home/runner/work/ozone/ozone/hadoop-ozone/integration-test/target/test-dir/MiniOzoneClusterImpl-aab2a9ef-fee9-490a-83f8-38e83ff8be47/datanode-2/data/ratis/6579759d-2473-4297-a822-5bc279cfdaa1
2022-02-12 02:07:44,123 [pool-249-thread-1] INFO  server.RaftServerConfigKeys (ConfUtils.java:logGet(44)) - raft.server.log.queue.byte-limit = 2147483647 (custom)
2022-02-12 02:07:44,124 [pool-249-thread-1] INFO  server.RaftServerConfigKeys (ConfUtils.java:logGet(44)) - raft.server.log.queue.element-limit = 1024 (custom)
2022-02-12 02:07:44,124 [pool-249-thread-1] INFO  server.RaftServerConfigKeys (ConfUtils.java:logGet(44)) - raft.server.log.segment.size.max = 1048576 (custom)
2022-02-12 02:07:44,124 [pool-249-thread-1] INFO  server.RaftServerConfigKeys (ConfUtils.java:logGet(44)) - raft.server.log.preallocated.size = 16384 (custom)
2022-02-12 02:07:44,124 [pool-249-thread-1] INFO  server.RaftServerConfigKeys (ConfUtils.java:logGet(44)) - raft.server.log.force.sync.num = 128 (default)
2022-02-12 02:07:44,124 [pool-249-thread-1] INFO  server.RaftServerConfigKeys (ConfUtils.java:logGet(44)) - raft.server.log.statemachine.data.sync = true (default)
2022-02-12 02:07:44,124 [pool-249-thread-1] INFO  server.RaftServerConfigKeys (ConfUtils.java:logGet(44)) - raft.server.log.statemachine.data.sync.timeout = 10s (default)
2022-02-12 02:07:44,124 [pool-249-thread-1] INFO  server.RaftServerConfigKeys (ConfUtils.java:logGet(44)) - raft.server.log.statemachine.data.sync.timeout.retry = -1 (default)
2022-02-12 02:07:44,125 [pool-249-thread-1] INFO  server.RaftServerConfigKeys (ConfUtils.java:logGet(44)) - raft.server.log.write.buffer.size = 1048576 (custom)
2022-02-12 02:07:44,125 [30022ef7-21f3-4f35-b657-3de7ef8be931@group-38E83FF8BE47-StateMachineUpdater] INFO  safemode.HealthyPipelineSafeModeRule (HealthyPipelineSafeModeRule.java:initializeRule(152)) - Refreshed total pipeline count is 0, healthy pipeline threshold count is 1
2022-02-12 02:07:44,127 [EventQueue-OpenPipelineForHealthyPipelineSafeModeRule] INFO  safemode.SCMSafeModeManager (HealthyPipelineSafeModeRule.java:process(124)) - SCM in safe mode. Healthy pipelines reported count is 0, required healthy pipeline reported count is 1
2022-02-12 02:07:44,127 [pool-249-thread-1] INFO  server.RaftServerConfigKeys (ConfUtils.java:logGet(44)) - raft.server.log.statemachine.data.caching.enabled = true (custom)
2022-02-12 02:07:44,127 [pool-249-thread-1] INFO  segmented.SegmentedRaftLogWorker (SegmentedRaftLogWorker.java:lambda$new$0(133)) - dbc576bd-ec57-4800-af44-df78a35caa86@group-5BC279CFDAA1-SegmentedRaftLogWorker: flushIndex: setUnconditionally 0 -> -1
2022-02-12 02:07:44,127 [pool-249-thread-1] INFO  segmented.SegmentedRaftLogWorker (SegmentedRaftLogWorker.java:lambda$new$0(133)) - dbc576bd-ec57-4800-af44-df78a35caa86@group-5BC279CFDAA1-SegmentedRaftLogWorker: safeCacheEvictIndex: setUnconditionally 0 -> -1
2022-02-12 02:07:44,128 [pool-249-thread-1] INFO  server.RaftServerConfigKeys (ConfUtils.java:logGet(44)) - raft.server.snapshot.auto.trigger.enabled = true (custom)
2022-02-12 02:07:44,128 [pool-249-thread-1] INFO  server.RaftServerConfigKeys (ConfUtils.java:logGet(44)) - raft.server.snapshot.auto.trigger.threshold = 10000 (custom)
2022-02-12 02:07:44,128 [pool-249-thread-1] INFO  server.RaftServerConfigKeys (ConfUtils.java:logGet(44)) - raft.server.snapshot.retention.file.num = 5 (custom)
2022-02-12 02:07:44,128 [pool-249-thread-1] INFO  server.RaftServerConfigKeys (ConfUtils.java:logGet(44)) - raft.server.log.purge.upto.snapshot.index = false (default)
2022-02-12 02:07:44,129 [pool-249-thread-1] INFO  server.RaftServerConfigKeys (ConfUtils.java:logGet(44)) - raft.server.retrycache.expirytime = 600000ms (custom)
2022-02-12 02:07:44,129 [pool-249-thread-1] INFO  server.RaftServerConfigKeys (ConfUtils.java:logGet(44)) - raft.server.retrycache.statistics.expirytime = 100μs (default)
2022-02-12 02:07:44,130 [pool-249-thread-1] INFO  server.RaftServer$Division (RaftServerImpl.java:start(301)) - dbc576bd-ec57-4800-af44-df78a35caa86@group-5BC279CFDAA1: start as a follower, conf=-1: [dbc576bd-ec57-4800-af44-df78a35caa86|rpc:10.1.0.17:44991|priority:1], old=null
2022-02-12 02:07:44,132 [pool-249-thread-1] INFO  server.RaftServer$Division (RaftServerImpl.java:setRole(290)) - dbc576bd-ec57-4800-af44-df78a35caa86@group-5BC279CFDAA1: changes role from      null to FOLLOWER at term 0 for startAsFollower
2022-02-12 02:07:44,132 [pool-249-thread-1] INFO  impl.RoleInfo (RoleInfo.java:updateAndGet(130)) - dbc576bd-ec57-4800-af44-df78a35caa86: start dbc576bd-ec57-4800-af44-df78a35caa86@group-5BC279CFDAA1-FollowerState
2022-02-12 02:07:44,132 [pool-249-thread-1] INFO  util.JmxRegister (JmxRegister.java:tryRegister(44)) - Successfully registered JMX Bean with object name Ratis:service=RaftServer,group=group-5BC279CFDAA1,id=dbc576bd-ec57-4800-af44-df78a35caa86
2022-02-12 02:07:44,139 [Command processor thread] INFO  ratis.XceiverServerRatis (XceiverServerRatis.java:addGroup(768)) - Created group PipelineID=6579759d-2473-4297-a822-5bc279cfdaa1
2022-02-12 02:07:44,139 [Command processor thread] INFO  commandhandler.CreatePipelineCommandHandler (CreatePipelineCommandHandler.java:handle(106)) - Created Pipeline RATIS ONE PipelineID=6579759d-2473-4297-a822-5bc279cfdaa1.
2022-02-12 02:07:45,041 [Listener at 127.0.0.1/33473] INFO  ozone.MiniOzoneClusterImpl (MiniOzoneClusterImpl.java:lambda$waitForClusterToBeReady$0(219)) - Nodes are ready. Got 3 of 3 DN Heartbeats.
2022-02-12 02:07:45,042 [Listener at 127.0.0.1/33473] INFO  ozone.MiniOzoneClusterImpl (MiniOzoneClusterImpl.java:lambda$waitForClusterToBeReady$0(222)) - Waiting for cluster to exit safe mode
2022-02-12 02:07:45,042 [Listener at 127.0.0.1/33473] INFO  ozone.MiniOzoneClusterImpl (MiniOzoneClusterImpl.java:lambda$waitForClusterToBeReady$0(224)) - SCM became leader
2022-02-12 02:07:46,042 [Listener at 127.0.0.1/33473] INFO  ozone.MiniOzoneClusterImpl (MiniOzoneClusterImpl.java:lambda$waitForClusterToBeReady$0(219)) - Nodes are ready. Got 3 of 3 DN Heartbeats.
2022-02-12 02:07:46,042 [Listener at 127.0.0.1/33473] INFO  ozone.MiniOzoneClusterImpl (MiniOzoneClusterImpl.java:lambda$waitForClusterToBeReady$0(222)) - Waiting for cluster to exit safe mode
2022-02-12 02:07:46,042 [Listener at 127.0.0.1/33473] INFO  ozone.MiniOzoneClusterImpl (MiniOzoneClusterImpl.java:lambda$waitForClusterToBeReady$0(224)) - SCM became leader
2022-02-12 02:07:47,043 [Listener at 127.0.0.1/33473] INFO  ozone.MiniOzoneClusterImpl (MiniOzoneClusterImpl.java:lambda$waitForClusterToBeReady$0(219)) - Nodes are ready. Got 3 of 3 DN Heartbeats.
2022-02-12 02:07:47,043 [Listener at 127.0.0.1/33473] INFO  ozone.MiniOzoneClusterImpl (MiniOzoneClusterImpl.java:lambda$waitForClusterToBeReady$0(222)) - Waiting for cluster to exit safe mode
2022-02-12 02:07:47,043 [Listener at 127.0.0.1/33473] INFO  ozone.MiniOzoneClusterImpl (MiniOzoneClusterImpl.java:lambda$waitForClusterToBeReady$0(224)) - SCM became leader
2022-02-12 02:07:48,043 [Listener at 127.0.0.1/33473] INFO  ozone.MiniOzoneClusterImpl (MiniOzoneClusterImpl.java:lambda$waitForClusterToBeReady$0(219)) - Nodes are ready. Got 3 of 3 DN Heartbeats.
2022-02-12 02:07:48,044 [Listener at 127.0.0.1/33473] INFO  ozone.MiniOzoneClusterImpl (MiniOzoneClusterImpl.java:lambda$waitForClusterToBeReady$0(222)) - Waiting for cluster to exit safe mode
2022-02-12 02:07:48,044 [Listener at 127.0.0.1/33473] INFO  ozone.MiniOzoneClusterImpl (MiniOzoneClusterImpl.java:lambda$waitForClusterToBeReady$0(224)) - SCM became leader
2022-02-12 02:07:48,157 [80aad825-1455-44c8-9b95-39dda33c55fc@group-8C267AECBBC8-FollowerState] INFO  impl.FollowerState (FollowerState.java:run(134)) - 80aad825-1455-44c8-9b95-39dda33c55fc@group-8C267AECBBC8-FollowerState: change to CANDIDATE, lastRpcElapsedTime:5070657800ns, electionTimeout:5049ms
2022-02-12 02:07:48,157 [80aad825-1455-44c8-9b95-39dda33c55fc@group-8C267AECBBC8-FollowerState] INFO  impl.RoleInfo (RoleInfo.java:shutdownFollowerState(108)) - 80aad825-1455-44c8-9b95-39dda33c55fc: shutdown 80aad825-1455-44c8-9b95-39dda33c55fc@group-8C267AECBBC8-FollowerState
2022-02-12 02:07:48,157 [80aad825-1455-44c8-9b95-39dda33c55fc@group-8C267AECBBC8-FollowerState] INFO  server.RaftServer$Division (RaftServerImpl.java:setRole(290)) - 80aad825-1455-44c8-9b95-39dda33c55fc@group-8C267AECBBC8: changes role from  FOLLOWER to CANDIDATE at term 0 for changeToCandidate
2022-02-12 02:07:48,157 [80aad825-1455-44c8-9b95-39dda33c55fc@group-8C267AECBBC8-FollowerState] INFO  server.RaftServerConfigKeys (ConfUtils.java:logGet(44)) - raft.server.leaderelection.pre-vote = false (custom)
2022-02-12 02:07:48,158 [80aad825-1455-44c8-9b95-39dda33c55fc@group-8C267AECBBC8-FollowerState] INFO  impl.RoleInfo (RoleInfo.java:updateAndGet(130)) - 80aad825-1455-44c8-9b95-39dda33c55fc: start 80aad825-1455-44c8-9b95-39dda33c55fc@group-8C267AECBBC8-LeaderElection17
2022-02-12 02:07:48,170 [80aad825-1455-44c8-9b95-39dda33c55fc@group-A60BDC5E8099-FollowerState] INFO  impl.FollowerState (FollowerState.java:run(134)) - 80aad825-1455-44c8-9b95-39dda33c55fc@group-A60BDC5E8099-FollowerState: change to CANDIDATE, lastRpcElapsedTime:5013410714ns, electionTimeout:5009ms
2022-02-12 02:07:48,170 [80aad825-1455-44c8-9b95-39dda33c55fc@group-A60BDC5E8099-FollowerState] INFO  impl.RoleInfo (RoleInfo.java:shutdownFollowerState(108)) - 80aad825-1455-44c8-9b95-39dda33c55fc: shutdown 80aad825-1455-44c8-9b95-39dda33c55fc@group-A60BDC5E8099-FollowerState
2022-02-12 02:07:48,170 [80aad825-1455-44c8-9b95-39dda33c55fc@group-A60BDC5E8099-FollowerState] INFO  server.RaftServer$Division (RaftServerImpl.java:setRole(290)) - 80aad825-1455-44c8-9b95-39dda33c55fc@group-A60BDC5E8099: changes role from  FOLLOWER to CANDIDATE at term 0 for changeToCandidate
2022-02-12 02:07:48,170 [80aad825-1455-44c8-9b95-39dda33c55fc@group-8C267AECBBC8-LeaderElection17] INFO  impl.LeaderElection (LeaderElection.java:askForVotes(306)) - 80aad825-1455-44c8-9b95-39dda33c55fc@group-8C267AECBBC8-LeaderElection17 ELECTION round 0: submit vote requests at term 1 for -1: [80aad825-1455-44c8-9b95-39dda33c55fc|rpc:10.1.0.17:32927|priority:1], old=null
2022-02-12 02:07:48,170 [80aad825-1455-44c8-9b95-39dda33c55fc@group-A60BDC5E8099-FollowerState] INFO  server.RaftServerConfigKeys (ConfUtils.java:logGet(44)) - raft.server.leaderelection.pre-vote = false (custom)
2022-02-12 02:07:48,170 [80aad825-1455-44c8-9b95-39dda33c55fc@group-A60BDC5E8099-FollowerState] INFO  impl.RoleInfo (RoleInfo.java:updateAndGet(130)) - 80aad825-1455-44c8-9b95-39dda33c55fc: start 80aad825-1455-44c8-9b95-39dda33c55fc@group-A60BDC5E8099-LeaderElection18
2022-02-12 02:07:48,171 [80aad825-1455-44c8-9b95-39dda33c55fc@group-8C267AECBBC8-LeaderElection17] INFO  impl.LeaderElection (LeaderElection.java:askForVotes(308)) - 80aad825-1455-44c8-9b95-39dda33c55fc@group-8C267AECBBC8-LeaderElection17 ELECTION round 0: result PASSED (term=1)
2022-02-12 02:07:48,171 [80aad825-1455-44c8-9b95-39dda33c55fc@group-8C267AECBBC8-LeaderElection17] INFO  impl.RoleInfo (RoleInfo.java:shutdownLeaderElection(121)) - 80aad825-1455-44c8-9b95-39dda33c55fc: shutdown 80aad825-1455-44c8-9b95-39dda33c55fc@group-8C267AECBBC8-LeaderElection17
2022-02-12 02:07:48,171 [80aad825-1455-44c8-9b95-39dda33c55fc@group-8C267AECBBC8-LeaderElection17] INFO  server.RaftServer$Division (RaftServerImpl.java:setRole(290)) - 80aad825-1455-44c8-9b95-39dda33c55fc@group-8C267AECBBC8: changes role from CANDIDATE to LEADER at term 1 for changeToLeader
2022-02-12 02:07:48,171 [80aad825-1455-44c8-9b95-39dda33c55fc@group-8C267AECBBC8-LeaderElection17] INFO  ratis.XceiverServerRatis (XceiverServerRatis.java:handleLeaderChangedNotification(866)) - Leader change notification received for group: group-8C267AECBBC8 with new leaderId: 80aad825-1455-44c8-9b95-39dda33c55fc
2022-02-12 02:07:48,176 [80aad825-1455-44c8-9b95-39dda33c55fc@group-8C267AECBBC8-LeaderElection17] INFO  server.RaftServer$Division (ServerState.java:setLeader(285)) - 80aad825-1455-44c8-9b95-39dda33c55fc@group-8C267AECBBC8: change Leader from null to 80aad825-1455-44c8-9b95-39dda33c55fc at term 1 for becomeLeader, leader elected after 5110ms
2022-02-12 02:07:48,177 [80aad825-1455-44c8-9b95-39dda33c55fc@group-8C267AECBBC8-LeaderElection17] INFO  server.RaftServerConfigKeys (ConfUtils.java:logGet(44)) - raft.server.staging.catchup.gap = 1000 (default)
2022-02-12 02:07:48,177 [80aad825-1455-44c8-9b95-39dda33c55fc@group-8C267AECBBC8-LeaderElection17] INFO  server.RaftServerConfigKeys (ConfUtils.java:logGet(44)) - raft.server.write.element-limit = 1024 (custom)
2022-02-12 02:07:48,177 [80aad825-1455-44c8-9b95-39dda33c55fc@group-8C267AECBBC8-LeaderElection17] INFO  server.RaftServerConfigKeys (ConfUtils.java:logGet(44)) - raft.server.write.byte-limit = 1024 M (=1073741824) (custom)
2022-02-12 02:07:48,178 [EventQueue-OpenPipelineForHealthyPipelineSafeModeRule] INFO  safemode.SCMSafeModeManager (HealthyPipelineSafeModeRule.java:process(124)) - SCM in safe mode. Healthy pipelines reported count is 0, required healthy pipeline reported count is 1
2022-02-12 02:07:48,178 [80aad825-1455-44c8-9b95-39dda33c55fc@group-8C267AECBBC8-LeaderElection17] INFO  server.RaftServerConfigKeys (ConfUtils.java:logGet(44)) - raft.server.watch.timeout = 180s (custom)
2022-02-12 02:07:48,178 [80aad825-1455-44c8-9b95-39dda33c55fc@group-8C267AECBBC8-LeaderElection17] INFO  server.RaftServerConfigKeys (ConfUtils.java:logGet(44)) - raft.server.watch.timeout.denomination = 1s (default)
2022-02-12 02:07:48,179 [80aad825-1455-44c8-9b95-39dda33c55fc@group-8C267AECBBC8-LeaderElection17] INFO  server.RaftServerConfigKeys (ConfUtils.java:logGet(44)) - raft.server.watch.element-limit = 65536 (default)
2022-02-12 02:07:48,179 [80aad825-1455-44c8-9b95-39dda33c55fc@group-8C267AECBBC8-LeaderElection17] INFO  server.RaftServerConfigKeys (ConfUtils.java:logGet(44)) - raft.server.write.element-limit = 1024 (custom)
2022-02-12 02:07:48,179 [80aad825-1455-44c8-9b95-39dda33c55fc@group-8C267AECBBC8-LeaderElection17] INFO  server.RaftServerConfigKeys (ConfUtils.java:logGet(44)) - raft.server.write.follower.gap.ratio.max = -1.0 (default)
2022-02-12 02:07:48,179 [80aad825-1455-44c8-9b95-39dda33c55fc@group-8C267AECBBC8-LeaderElection17] INFO  impl.RoleInfo (RoleInfo.java:updateAndGet(130)) - 80aad825-1455-44c8-9b95-39dda33c55fc: start 80aad825-1455-44c8-9b95-39dda33c55fc@group-8C267AECBBC8-LeaderStateImpl
2022-02-12 02:07:48,179 [80aad825-1455-44c8-9b95-39dda33c55fc@group-8C267AECBBC8-LeaderElection17] INFO  segmented.SegmentedRaftLogWorker (SegmentedRaftLogWorker.java:startLogSegment(394)) - 80aad825-1455-44c8-9b95-39dda33c55fc@group-8C267AECBBC8-SegmentedRaftLogWorker: Starting segment from index:0
2022-02-12 02:07:48,180 [80aad825-1455-44c8-9b95-39dda33c55fc@group-8C267AECBBC8-SegmentedRaftLogWorker] INFO  segmented.SegmentedRaftLogWorker (SegmentedRaftLogWorker.java:execute(601)) - 80aad825-1455-44c8-9b95-39dda33c55fc@group-8C267AECBBC8-SegmentedRaftLogWorker: created new log segment /home/runner/work/ozone/ozone/hadoop-ozone/integration-test/target/test-dir/MiniOzoneClusterImpl-aab2a9ef-fee9-490a-83f8-38e83ff8be47/datanode-0/data/ratis/4cc0bf80-5fe5-41e0-ba98-8c267aecbbc8/current/log_inprogress_0
2022-02-12 02:07:48,185 [80aad825-1455-44c8-9b95-39dda33c55fc@group-8C267AECBBC8-LeaderElection17] INFO  server.RaftServer$Division (ServerState.java:setRaftConf(387)) - 80aad825-1455-44c8-9b95-39dda33c55fc@group-8C267AECBBC8: set configuration 0: [80aad825-1455-44c8-9b95-39dda33c55fc|rpc:10.1.0.17:32927|dataStream:|priority:1], old=null
2022-02-12 02:07:48,192 [80aad825-1455-44c8-9b95-39dda33c55fc@group-A60BDC5E8099-LeaderElection18] INFO  impl.LeaderElection (LeaderElection.java:askForVotes(306)) - 80aad825-1455-44c8-9b95-39dda33c55fc@group-A60BDC5E8099-LeaderElection18 ELECTION round 0: submit vote requests at term 1 for -1: [563bb084-6269-4eaf-a82d-f8c3d548975c|rpc:10.1.0.17:42441|priority:1, 80aad825-1455-44c8-9b95-39dda33c55fc|rpc:10.1.0.17:32927|priority:0, dbc576bd-ec57-4800-af44-df78a35caa86|rpc:10.1.0.17:44991|priority:0], old=null
2022-02-12 02:07:48,219 [grpc-default-executor-3] INFO  server.RaftServer$Division (RaftServerImpl.java:requestVote(1046)) - 563bb084-6269-4eaf-a82d-f8c3d548975c@group-A60BDC5E8099: receive requestVote(ELECTION, 80aad825-1455-44c8-9b95-39dda33c55fc, group-A60BDC5E8099, 1, (t:0, i:0))
2022-02-12 02:07:48,219 [grpc-default-executor-3] INFO  impl.VoteContext (VoteContext.java:log(48)) - 563bb084-6269-4eaf-a82d-f8c3d548975c@group-A60BDC5E8099-FOLLOWER: reject ELECTION from 80aad825-1455-44c8-9b95-39dda33c55fc: our priority 1 > candidate's priority 0
2022-02-12 02:07:48,219 [grpc-default-executor-3] INFO  server.RaftServer$Division (RaftServerImpl.java:setRole(290)) - 563bb084-6269-4eaf-a82d-f8c3d548975c@group-A60BDC5E8099: changes role from  FOLLOWER to FOLLOWER at term 1 for candidate:80aad825-1455-44c8-9b95-39dda33c55fc
2022-02-12 02:07:48,219 [grpc-default-executor-3] INFO  impl.RoleInfo (RoleInfo.java:shutdownFollowerState(108)) - 563bb084-6269-4eaf-a82d-f8c3d548975c: shutdown 563bb084-6269-4eaf-a82d-f8c3d548975c@group-A60BDC5E8099-FollowerState
2022-02-12 02:07:48,219 [grpc-default-executor-3] INFO  impl.RoleInfo (RoleInfo.java:updateAndGet(130)) - 563bb084-6269-4eaf-a82d-f8c3d548975c: start 563bb084-6269-4eaf-a82d-f8c3d548975c@group-A60BDC5E8099-FollowerState
2022-02-12 02:07:48,219 [563bb084-6269-4eaf-a82d-f8c3d548975c@group-A60BDC5E8099-FollowerState] INFO  impl.FollowerState (FollowerState.java:run(143)) - 563bb084-6269-4eaf-a82d-f8c3d548975c@group-A60BDC5E8099-FollowerState was interrupted: {}
java.lang.InterruptedException: sleep interrupted
	at java.lang.Thread.sleep(Native Method)
	at java.lang.Thread.sleep(Thread.java:340)
	at java.util.concurrent.TimeUnit.sleep(TimeUnit.java:386)
	at org.apache.ratis.util.TimeDuration.sleep(TimeDuration.java:324)
	at org.apache.ratis.util.TimeDuration.sleep(TimeDuration.java:309)
	at org.apache.ratis.server.impl.FollowerState.run(FollowerState.java:118)
2022-02-12 02:07:48,233 [grpc-default-executor-0] INFO  server.RaftServer$Division (RaftServerImpl.java:requestVote(1046)) - dbc576bd-ec57-4800-af44-df78a35caa86@group-A60BDC5E8099: receive requestVote(ELECTION, 80aad825-1455-44c8-9b95-39dda33c55fc, group-A60BDC5E8099, 1, (t:0, i:0))
2022-02-12 02:07:48,233 [grpc-default-executor-0] INFO  impl.VoteContext (VoteContext.java:log(48)) - dbc576bd-ec57-4800-af44-df78a35caa86@group-A60BDC5E8099-FOLLOWER: accept ELECTION from 80aad825-1455-44c8-9b95-39dda33c55fc: our priority 0 <= candidate's priority 0
2022-02-12 02:07:48,233 [grpc-default-executor-0] INFO  server.RaftServer$Division (RaftServerImpl.java:setRole(290)) - dbc576bd-ec57-4800-af44-df78a35caa86@group-A60BDC5E8099: changes role from  FOLLOWER to FOLLOWER at term 1 for candidate:80aad825-1455-44c8-9b95-39dda33c55fc
2022-02-12 02:07:48,233 [grpc-default-executor-0] INFO  impl.RoleInfo (RoleInfo.java:shutdownFollowerState(108)) - dbc576bd-ec57-4800-af44-df78a35caa86: shutdown dbc576bd-ec57-4800-af44-df78a35caa86@group-A60BDC5E8099-FollowerState
2022-02-12 02:07:48,233 [grpc-default-executor-0] INFO  impl.RoleInfo (RoleInfo.java:updateAndGet(130)) - dbc576bd-ec57-4800-af44-df78a35caa86: start dbc576bd-ec57-4800-af44-df78a35caa86@group-A60BDC5E8099-FollowerState
2022-02-12 02:07:48,233 [dbc576bd-ec57-4800-af44-df78a35caa86@group-A60BDC5E8099-FollowerState] INFO  impl.FollowerState (FollowerState.java:run(143)) - dbc576bd-ec57-4800-af44-df78a35caa86@group-A60BDC5E8099-FollowerState was interrupted: {}
java.lang.InterruptedException: sleep interrupted
	at java.lang.Thread.sleep(Native Method)
	at java.lang.Thread.sleep(Thread.java:340)
	at java.util.concurrent.TimeUnit.sleep(TimeUnit.java:386)
	at org.apache.ratis.util.TimeDuration.sleep(TimeDuration.java:324)
	at org.apache.ratis.util.TimeDuration.sleep(TimeDuration.java:309)
	at org.apache.ratis.server.impl.FollowerState.run(FollowerState.java:118)
2022-02-12 02:07:48,237 [grpc-default-executor-0] INFO  server.RaftServer$Division (RaftServerImpl.java:requestVote(1078)) - dbc576bd-ec57-4800-af44-df78a35caa86@group-A60BDC5E8099 replies to ELECTION vote request: 80aad825-1455-44c8-9b95-39dda33c55fc<-dbc576bd-ec57-4800-af44-df78a35caa86#0:OK-t1. Peer's state: dbc576bd-ec57-4800-af44-df78a35caa86@group-A60BDC5E8099:t1, leader=null, voted=80aad825-1455-44c8-9b95-39dda33c55fc, raftlog=dbc576bd-ec57-4800-af44-df78a35caa86@group-A60BDC5E8099-SegmentedRaftLog:OPENED:c-1, conf=-1: [563bb084-6269-4eaf-a82d-f8c3d548975c|rpc:10.1.0.17:42441|dataStream:|priority:1, 80aad825-1455-44c8-9b95-39dda33c55fc|rpc:10.1.0.17:32927|dataStream:|priority:0, dbc576bd-ec57-4800-af44-df78a35caa86|rpc:10.1.0.17:44991|dataStream:|priority:0], old=null
2022-02-12 02:07:48,253 [grpc-default-executor-3] INFO  server.RaftServer$Division (RaftServerImpl.java:requestVote(1078)) - 563bb084-6269-4eaf-a82d-f8c3d548975c@group-A60BDC5E8099 replies to ELECTION vote request: 80aad825-1455-44c8-9b95-39dda33c55fc<-563bb084-6269-4eaf-a82d-f8c3d548975c#0:FAIL-t1. Peer's state: 563bb084-6269-4eaf-a82d-f8c3d548975c@group-A60BDC5E8099:t1, leader=null, voted=null, raftlog=563bb084-6269-4eaf-a82d-f8c3d548975c@group-A60BDC5E8099-SegmentedRaftLog:OPENED:c-1, conf=-1: [563bb084-6269-4eaf-a82d-f8c3d548975c|rpc:10.1.0.17:42441|dataStream:|priority:1, 80aad825-1455-44c8-9b95-39dda33c55fc|rpc:10.1.0.17:32927|dataStream:|priority:0, dbc576bd-ec57-4800-af44-df78a35caa86|rpc:10.1.0.17:44991|dataStream:|priority:0], old=null
2022-02-12 02:07:48,265 [80aad825-1455-44c8-9b95-39dda33c55fc@group-A60BDC5E8099-LeaderElection18] INFO  impl.LeaderElection (LeaderElection.java:logAndReturn(89)) - 80aad825-1455-44c8-9b95-39dda33c55fc@group-A60BDC5E8099-LeaderElection18: ELECTION REJECTED received 2 response(s) and 0 exception(s):
2022-02-12 02:07:48,266 [80aad825-1455-44c8-9b95-39dda33c55fc@group-A60BDC5E8099-LeaderElection18] INFO  impl.LeaderElection (LeaderElection.java:logAndReturn(93)) -   Response 0: 80aad825-1455-44c8-9b95-39dda33c55fc<-563bb084-6269-4eaf-a82d-f8c3d548975c#0:FAIL-t1
2022-02-12 02:07:48,266 [80aad825-1455-44c8-9b95-39dda33c55fc@group-A60BDC5E8099-LeaderElection18] INFO  impl.LeaderElection (LeaderElection.java:logAndReturn(93)) -   Response 1: 80aad825-1455-44c8-9b95-39dda33c55fc<-dbc576bd-ec57-4800-af44-df78a35caa86#0:OK-t1
2022-02-12 02:07:48,266 [80aad825-1455-44c8-9b95-39dda33c55fc@group-A60BDC5E8099-LeaderElection18] INFO  impl.LeaderElection (LeaderElection.java:askForVotes(308)) - 80aad825-1455-44c8-9b95-39dda33c55fc@group-A60BDC5E8099-LeaderElection18 ELECTION round 0: result REJECTED
2022-02-12 02:07:48,266 [80aad825-1455-44c8-9b95-39dda33c55fc@group-A60BDC5E8099-LeaderElection18] INFO  server.RaftServer$Division (RaftServerImpl.java:setRole(290)) - 80aad825-1455-44c8-9b95-39dda33c55fc@group-A60BDC5E8099: changes role from CANDIDATE to FOLLOWER at term 1 for REJECTED
2022-02-12 02:07:48,266 [80aad825-1455-44c8-9b95-39dda33c55fc@group-A60BDC5E8099-LeaderElection18] INFO  impl.RoleInfo (RoleInfo.java:shutdownLeaderElection(121)) - 80aad825-1455-44c8-9b95-39dda33c55fc: shutdown 80aad825-1455-44c8-9b95-39dda33c55fc@group-A60BDC5E8099-LeaderElection18
2022-02-12 02:07:48,266 [80aad825-1455-44c8-9b95-39dda33c55fc@group-A60BDC5E8099-LeaderElection18] INFO  impl.RoleInfo (RoleInfo.java:updateAndGet(130)) - 80aad825-1455-44c8-9b95-39dda33c55fc: start 80aad825-1455-44c8-9b95-39dda33c55fc@group-A60BDC5E8099-FollowerState
2022-02-12 02:07:48,394 [80aad825-1455-44c8-9b95-39dda33c55fc@group-23DD4B820AD7-FollowerState] INFO  impl.FollowerState (FollowerState.java:run(134)) - 80aad825-1455-44c8-9b95-39dda33c55fc@group-23DD4B820AD7-FollowerState: change to CANDIDATE, lastRpcElapsedTime:5021484594ns, electionTimeout:5019ms
2022-02-12 02:07:48,394 [80aad825-1455-44c8-9b95-39dda33c55fc@group-23DD4B820AD7-FollowerState] INFO  impl.RoleInfo (RoleInfo.java:shutdownFollowerState(108)) - 80aad825-1455-44c8-9b95-39dda33c55fc: shutdown 80aad825-1455-44c8-9b95-39dda33c55fc@group-23DD4B820AD7-FollowerState
2022-02-12 02:07:48,394 [80aad825-1455-44c8-9b95-39dda33c55fc@group-23DD4B820AD7-FollowerState] INFO  server.RaftServer$Division (RaftServerImpl.java:setRole(290)) - 80aad825-1455-44c8-9b95-39dda33c55fc@group-23DD4B820AD7: changes role from  FOLLOWER to CANDIDATE at term 0 for changeToCandidate
2022-02-12 02:07:48,395 [80aad825-1455-44c8-9b95-39dda33c55fc@group-23DD4B820AD7-FollowerState] INFO  server.RaftServerConfigKeys (ConfUtils.java:logGet(44)) - raft.server.leaderelection.pre-vote = false (custom)
2022-02-12 02:07:48,395 [80aad825-1455-44c8-9b95-39dda33c55fc@group-23DD4B820AD7-FollowerState] INFO  impl.RoleInfo (RoleInfo.java:updateAndGet(130)) - 80aad825-1455-44c8-9b95-39dda33c55fc: start 80aad825-1455-44c8-9b95-39dda33c55fc@group-23DD4B820AD7-LeaderElection19
2022-02-12 02:07:48,405 [80aad825-1455-44c8-9b95-39dda33c55fc@group-23DD4B820AD7-LeaderElection19] INFO  impl.LeaderElection (LeaderElection.java:askForVotes(306)) - 80aad825-1455-44c8-9b95-39dda33c55fc@group-23DD4B820AD7-LeaderElection19 ELECTION round 0: submit vote requests at term 1 for -1: [563bb084-6269-4eaf-a82d-f8c3d548975c|rpc:10.1.0.17:42441|priority:0, 80aad825-1455-44c8-9b95-39dda33c55fc|rpc:10.1.0.17:32927|priority:0, dbc576bd-ec57-4800-af44-df78a35caa86|rpc:10.1.0.17:44991|priority:1], old=null
2022-02-12 02:07:48,411 [grpc-default-executor-3] INFO  server.RaftServer$Division (RaftServerImpl.java:requestVote(1046)) - 563bb084-6269-4eaf-a82d-f8c3d548975c@group-23DD4B820AD7: receive requestVote(ELECTION, 80aad825-1455-44c8-9b95-39dda33c55fc, group-23DD4B820AD7, 1, (t:0, i:0))
2022-02-12 02:07:48,411 [grpc-default-executor-3] INFO  impl.VoteContext (VoteContext.java:log(48)) - 563bb084-6269-4eaf-a82d-f8c3d548975c@group-23DD4B820AD7-FOLLOWER: accept ELECTION from 80aad825-1455-44c8-9b95-39dda33c55fc: our priority 0 <= candidate's priority 0
2022-02-12 02:07:48,411 [grpc-default-executor-3] INFO  server.RaftServer$Division (RaftServerImpl.java:setRole(290)) - 563bb084-6269-4eaf-a82d-f8c3d548975c@group-23DD4B820AD7: changes role from  FOLLOWER to FOLLOWER at term 1 for candidate:80aad825-1455-44c8-9b95-39dda33c55fc
2022-02-12 02:07:48,411 [grpc-default-executor-3] INFO  impl.RoleInfo (RoleInfo.java:shutdownFollowerState(108)) - 563bb084-6269-4eaf-a82d-f8c3d548975c: shutdown 563bb084-6269-4eaf-a82d-f8c3d548975c@group-23DD4B820AD7-FollowerState
2022-02-12 02:07:48,412 [grpc-default-executor-3] INFO  impl.RoleInfo (RoleInfo.java:updateAndGet(130)) - 563bb084-6269-4eaf-a82d-f8c3d548975c: start 563bb084-6269-4eaf-a82d-f8c3d548975c@group-23DD4B820AD7-FollowerState
2022-02-12 02:07:48,412 [563bb084-6269-4eaf-a82d-f8c3d548975c@group-23DD4B820AD7-FollowerState] INFO  impl.FollowerState (FollowerState.java:run(143)) - 563bb084-6269-4eaf-a82d-f8c3d548975c@group-23DD4B820AD7-FollowerState was interrupted: {}
java.lang.InterruptedException: sleep interrupted
	at java.lang.Thread.sleep(Native Method)
	at java.lang.Thread.sleep(Thread.java:340)
	at java.util.concurrent.TimeUnit.sleep(TimeUnit.java:386)
	at org.apache.ratis.util.TimeDuration.sleep(TimeDuration.java:324)
	at org.apache.ratis.util.TimeDuration.sleep(TimeDuration.java:309)
	at org.apache.ratis.server.impl.FollowerState.run(FollowerState.java:118)
2022-02-12 02:07:48,418 [grpc-default-executor-3] INFO  server.RaftServer$Division (RaftServerImpl.java:requestVote(1078)) - 563bb084-6269-4eaf-a82d-f8c3d548975c@group-23DD4B820AD7 replies to ELECTION vote request: 80aad825-1455-44c8-9b95-39dda33c55fc<-563bb084-6269-4eaf-a82d-f8c3d548975c#0:OK-t1. Peer's state: 563bb084-6269-4eaf-a82d-f8c3d548975c@group-23DD4B820AD7:t1, leader=null, voted=80aad825-1455-44c8-9b95-39dda33c55fc, raftlog=563bb084-6269-4eaf-a82d-f8c3d548975c@group-23DD4B820AD7-SegmentedRaftLog:OPENED:c-1, conf=-1: [563bb084-6269-4eaf-a82d-f8c3d548975c|rpc:10.1.0.17:42441|dataStream:|priority:0, 80aad825-1455-44c8-9b95-39dda33c55fc|rpc:10.1.0.17:32927|dataStream:|priority:0, dbc576bd-ec57-4800-af44-df78a35caa86|rpc:10.1.0.17:44991|dataStream:|priority:1], old=null
2022-02-12 02:07:48,419 [grpc-default-executor-0] INFO  server.RaftServer$Division (RaftServerImpl.java:requestVote(1046)) - dbc576bd-ec57-4800-af44-df78a35caa86@group-23DD4B820AD7: receive requestVote(ELECTION, 80aad825-1455-44c8-9b95-39dda33c55fc, group-23DD4B820AD7, 1, (t:0, i:0))
2022-02-12 02:07:48,419 [grpc-default-executor-0] INFO  impl.VoteContext (VoteContext.java:log(48)) - dbc576bd-ec57-4800-af44-df78a35caa86@group-23DD4B820AD7-FOLLOWER: reject ELECTION from 80aad825-1455-44c8-9b95-39dda33c55fc: our priority 1 > candidate's priority 0
2022-02-12 02:07:48,419 [grpc-default-executor-0] INFO  server.RaftServer$Division (RaftServerImpl.java:setRole(290)) - dbc576bd-ec57-4800-af44-df78a35caa86@group-23DD4B820AD7: changes role from  FOLLOWER to FOLLOWER at term 1 for candidate:80aad825-1455-44c8-9b95-39dda33c55fc
2022-02-12 02:07:48,419 [grpc-default-executor-0] INFO  impl.RoleInfo (RoleInfo.java:shutdownFollowerState(108)) - dbc576bd-ec57-4800-af44-df78a35caa86: shutdown dbc576bd-ec57-4800-af44-df78a35caa86@group-23DD4B820AD7-FollowerState
2022-02-12 02:07:48,419 [grpc-default-executor-0] INFO  impl.RoleInfo (RoleInfo.java:updateAndGet(130)) - dbc576bd-ec57-4800-af44-df78a35caa86: start dbc576bd-ec57-4800-af44-df78a35caa86@group-23DD4B820AD7-FollowerState
2022-02-12 02:07:48,420 [dbc576bd-ec57-4800-af44-df78a35caa86@group-23DD4B820AD7-FollowerState] INFO  impl.FollowerState (FollowerState.java:run(143)) - dbc576bd-ec57-4800-af44-df78a35caa86@group-23DD4B820AD7-FollowerState was interrupted: {}
java.lang.InterruptedException: sleep interrupted
	at java.lang.Thread.sleep(Native Method)
	at java.lang.Thread.sleep(Thread.java:340)
	at java.util.concurrent.TimeUnit.sleep(TimeUnit.java:386)
	at org.apache.ratis.util.TimeDuration.sleep(TimeDuration.java:324)
	at org.apache.ratis.util.TimeDuration.sleep(TimeDuration.java:309)
	at org.apache.ratis.server.impl.FollowerState.run(FollowerState.java:118)
2022-02-12 02:07:48,428 [grpc-default-executor-0] INFO  server.RaftServer$Division (RaftServerImpl.java:requestVote(1078)) - dbc576bd-ec57-4800-af44-df78a35caa86@group-23DD4B820AD7 replies to ELECTION vote request: 80aad825-1455-44c8-9b95-39dda33c55fc<-dbc576bd-ec57-4800-af44-df78a35caa86#0:FAIL-t1. Peer's state: dbc576bd-ec57-4800-af44-df78a35caa86@group-23DD4B820AD7:t1, leader=null, voted=null, raftlog=dbc576bd-ec57-4800-af44-df78a35caa86@group-23DD4B820AD7-SegmentedRaftLog:OPENED:c-1, conf=-1: [563bb084-6269-4eaf-a82d-f8c3d548975c|rpc:10.1.0.17:42441|dataStream:|priority:0, 80aad825-1455-44c8-9b95-39dda33c55fc|rpc:10.1.0.17:32927|dataStream:|priority:0, dbc576bd-ec57-4800-af44-df78a35caa86|rpc:10.1.0.17:44991|dataStream:|priority:1], old=null
2022-02-12 02:07:48,434 [80aad825-1455-44c8-9b95-39dda33c55fc@group-23DD4B820AD7-LeaderElection19] INFO  impl.LeaderElection (LeaderElection.java:logAndReturn(89)) - 80aad825-1455-44c8-9b95-39dda33c55fc@group-23DD4B820AD7-LeaderElection19: ELECTION REJECTED received 2 response(s) and 0 exception(s):
2022-02-12 02:07:48,434 [80aad825-1455-44c8-9b95-39dda33c55fc@group-23DD4B820AD7-LeaderElection19] INFO  impl.LeaderElection (LeaderElection.java:logAndReturn(93)) -   Response 0: 80aad825-1455-44c8-9b95-39dda33c55fc<-563bb084-6269-4eaf-a82d-f8c3d548975c#0:OK-t1
2022-02-12 02:07:48,434 [80aad825-1455-44c8-9b95-39dda33c55fc@group-23DD4B820AD7-LeaderElection19] INFO  impl.LeaderElection (LeaderElection.java:logAndReturn(93)) -   Response 1: 80aad825-1455-44c8-9b95-39dda33c55fc<-dbc576bd-ec57-4800-af44-df78a35caa86#0:FAIL-t1
2022-02-12 02:07:48,434 [80aad825-1455-44c8-9b95-39dda33c55fc@group-23DD4B820AD7-LeaderElection19] INFO  impl.LeaderElection (LeaderElection.java:askForVotes(308)) - 80aad825-1455-44c8-9b95-39dda33c55fc@group-23DD4B820AD7-LeaderElection19 ELECTION round 0: result REJECTED
2022-02-12 02:07:48,434 [80aad825-1455-44c8-9b95-39dda33c55fc@group-23DD4B820AD7-LeaderElection19] INFO  server.RaftServer$Division (RaftServerImpl.java:setRole(290)) - 80aad825-1455-44c8-9b95-39dda33c55fc@group-23DD4B820AD7: changes role from CANDIDATE to FOLLOWER at term 1 for REJECTED
2022-02-12 02:07:48,434 [80aad825-1455-44c8-9b95-39dda33c55fc@group-23DD4B820AD7-LeaderElection19] INFO  impl.RoleInfo (RoleInfo.java:shutdownLeaderElection(121)) - 80aad825-1455-44c8-9b95-39dda33c55fc: shutdown 80aad825-1455-44c8-9b95-39dda33c55fc@group-23DD4B820AD7-LeaderElection19
2022-02-12 02:07:48,434 [80aad825-1455-44c8-9b95-39dda33c55fc@group-23DD4B820AD7-LeaderElection19] INFO  impl.RoleInfo (RoleInfo.java:updateAndGet(130)) - 80aad825-1455-44c8-9b95-39dda33c55fc: start 80aad825-1455-44c8-9b95-39dda33c55fc@group-23DD4B820AD7-FollowerState
2022-02-12 02:07:48,795 [563bb084-6269-4eaf-a82d-f8c3d548975c@group-03284F97E6A9-FollowerState] INFO  impl.FollowerState (FollowerState.java:run(134)) - 563bb084-6269-4eaf-a82d-f8c3d548975c@group-03284F97E6A9-FollowerState: change to CANDIDATE, lastRpcElapsedTime:5141104441ns, electionTimeout:5131ms
2022-02-12 02:07:48,796 [563bb084-6269-4eaf-a82d-f8c3d548975c@group-03284F97E6A9-FollowerState] INFO  impl.RoleInfo (RoleInfo.java:shutdownFollowerState(108)) - 563bb084-6269-4eaf-a82d-f8c3d548975c: shutdown 563bb084-6269-4eaf-a82d-f8c3d548975c@group-03284F97E6A9-FollowerState
2022-02-12 02:07:48,796 [563bb084-6269-4eaf-a82d-f8c3d548975c@group-03284F97E6A9-FollowerState] INFO  server.RaftServer$Division (RaftServerImpl.java:setRole(290)) - 563bb084-6269-4eaf-a82d-f8c3d548975c@group-03284F97E6A9: changes role from  FOLLOWER to CANDIDATE at term 0 for changeToCandidate
2022-02-12 02:07:48,796 [563bb084-6269-4eaf-a82d-f8c3d548975c@group-03284F97E6A9-FollowerState] INFO  server.RaftServerConfigKeys (ConfUtils.java:logGet(44)) - raft.server.leaderelection.pre-vote = false (custom)
2022-02-12 02:07:48,796 [563bb084-6269-4eaf-a82d-f8c3d548975c@group-03284F97E6A9-FollowerState] INFO  impl.RoleInfo (RoleInfo.java:updateAndGet(130)) - 563bb084-6269-4eaf-a82d-f8c3d548975c: start 563bb084-6269-4eaf-a82d-f8c3d548975c@group-03284F97E6A9-LeaderElection20
2022-02-12 02:07:48,815 [563bb084-6269-4eaf-a82d-f8c3d548975c@group-03284F97E6A9-LeaderElection20] INFO  impl.LeaderElection (LeaderElection.java:askForVotes(306)) - 563bb084-6269-4eaf-a82d-f8c3d548975c@group-03284F97E6A9-LeaderElection20 ELECTION round 0: submit vote requests at term 1 for -1: [563bb084-6269-4eaf-a82d-f8c3d548975c|rpc:10.1.0.17:42441|priority:1], old=null
2022-02-12 02:07:48,815 [563bb084-6269-4eaf-a82d-f8c3d548975c@group-03284F97E6A9-LeaderElection20] INFO  impl.LeaderElection (LeaderElection.java:askForVotes(308)) - 563bb084-6269-4eaf-a82d-f8c3d548975c@group-03284F97E6A9-LeaderElection20 ELECTION round 0: result PASSED (term=1)
2022-02-12 02:07:48,815 [563bb084-6269-4eaf-a82d-f8c3d548975c@group-03284F97E6A9-LeaderElection20] INFO  impl.RoleInfo (RoleInfo.java:shutdownLeaderElection(121)) - 563bb084-6269-4eaf-a82d-f8c3d548975c: shutdown 563bb084-6269-4eaf-a82d-f8c3d548975c@group-03284F97E6A9-LeaderElection20
2022-02-12 02:07:48,816 [563bb084-6269-4eaf-a82d-f8c3d548975c@group-03284F97E6A9-LeaderElection20] INFO  server.RaftServer$Division (RaftServerImpl.java:setRole(290)) - 563bb084-6269-4eaf-a82d-f8c3d548975c@group-03284F97E6A9: changes role from CANDIDATE to LEADER at term 1 for changeToLeader
2022-02-12 02:07:48,816 [563bb084-6269-4eaf-a82d-f8c3d548975c@group-03284F97E6A9-LeaderElection20] INFO  ratis.XceiverServerRatis (XceiverServerRatis.java:handleLeaderChangedNotification(866)) - Leader change notification received for group: group-03284F97E6A9 with new leaderId: 563bb084-6269-4eaf-a82d-f8c3d548975c
2022-02-12 02:07:48,816 [563bb084-6269-4eaf-a82d-f8c3d548975c@group-03284F97E6A9-LeaderElection20] INFO  server.RaftServer$Division (ServerState.java:setLeader(285)) - 563bb084-6269-4eaf-a82d-f8c3d548975c@group-03284F97E6A9: change Leader from null to 563bb084-6269-4eaf-a82d-f8c3d548975c at term 1 for becomeLeader, leader elected after 5178ms
2022-02-12 02:07:48,816 [563bb084-6269-4eaf-a82d-f8c3d548975c@group-03284F97E6A9-LeaderElection20] INFO  server.RaftServerConfigKeys (ConfUtils.java:logGet(44)) - raft.server.staging.catchup.gap = 1000 (default)
2022-02-12 02:07:48,817 [563bb084-6269-4eaf-a82d-f8c3d548975c@group-03284F97E6A9-LeaderElection20] INFO  server.RaftServerConfigKeys (ConfUtils.java:logGet(44)) - raft.server.write.element-limit = 1024 (custom)
2022-02-12 02:07:48,817 [563bb084-6269-4eaf-a82d-f8c3d548975c@group-03284F97E6A9-LeaderElection20] INFO  server.RaftServerConfigKeys (ConfUtils.java:logGet(44)) - raft.server.write.byte-limit = 1024 M (=1073741824) (custom)
2022-02-12 02:07:48,817 [563bb084-6269-4eaf-a82d-f8c3d548975c@group-03284F97E6A9-LeaderElection20] INFO  server.RaftServerConfigKeys (ConfUtils.java:logGet(44)) - raft.server.watch.timeout = 180s (custom)
2022-02-12 02:07:48,818 [563bb084-6269-4eaf-a82d-f8c3d548975c@group-03284F97E6A9-LeaderElection20] INFO  server.RaftServerConfigKeys (ConfUtils.java:logGet(44)) - raft.server.watch.timeout.denomination = 1s (default)
2022-02-12 02:07:48,818 [563bb084-6269-4eaf-a82d-f8c3d548975c@group-03284F97E6A9-LeaderElection20] INFO  server.RaftServerConfigKeys (ConfUtils.java:logGet(44)) - raft.server.watch.element-limit = 65536 (default)
2022-02-12 02:07:48,818 [563bb084-6269-4eaf-a82d-f8c3d548975c@group-03284F97E6A9-LeaderElection20] INFO  server.RaftServerConfigKeys (ConfUtils.java:logGet(44)) - raft.server.write.element-limit = 1024 (custom)
2022-02-12 02:07:48,818 [563bb084-6269-4eaf-a82d-f8c3d548975c@group-03284F97E6A9-LeaderElection20] INFO  server.RaftServerConfigKeys (ConfUtils.java:logGet(44)) - raft.server.write.follower.gap.ratio.max = -1.0 (default)
2022-02-12 02:07:48,818 [563bb084-6269-4eaf-a82d-f8c3d548975c@group-03284F97E6A9-LeaderElection20] INFO  impl.RoleInfo (RoleInfo.java:updateAndGet(130)) - 563bb084-6269-4eaf-a82d-f8c3d548975c: start 563bb084-6269-4eaf-a82d-f8c3d548975c@group-03284F97E6A9-LeaderStateImpl
2022-02-12 02:07:48,819 [563bb084-6269-4eaf-a82d-f8c3d548975c@group-03284F97E6A9-LeaderElection20] INFO  segmented.SegmentedRaftLogWorker (SegmentedRaftLogWorker.java:startLogSegment(394)) - 563bb084-6269-4eaf-a82d-f8c3d548975c@group-03284F97E6A9-SegmentedRaftLogWorker: Starting segment from index:0
2022-02-12 02:07:48,818 [EventQueue-OpenPipelineForHealthyPipelineSafeModeRule] INFO  safemode.SCMSafeModeManager (HealthyPipelineSafeModeRule.java:process(124)) - SCM in safe mode. Healthy pipelines reported count is 0, required healthy pipeline reported count is 1
2022-02-12 02:07:48,820 [563bb084-6269-4eaf-a82d-f8c3d548975c@group-03284F97E6A9-SegmentedRaftLogWorker] INFO  segmented.SegmentedRaftLogWorker (SegmentedRaftLogWorker.java:execute(601)) - 563bb084-6269-4eaf-a82d-f8c3d548975c@group-03284F97E6A9-SegmentedRaftLogWorker: created new log segment /home/runner/work/ozone/ozone/hadoop-ozone/integration-test/target/test-dir/MiniOzoneClusterImpl-aab2a9ef-fee9-490a-83f8-38e83ff8be47/datanode-1/data/ratis/c3b3a7fb-0c41-4a2e-a3f7-03284f97e6a9/current/log_inprogress_0
2022-02-12 02:07:48,834 [563bb084-6269-4eaf-a82d-f8c3d548975c@group-03284F97E6A9-LeaderElection20] INFO  server.RaftServer$Division (ServerState.java:setRaftConf(387)) - 563bb084-6269-4eaf-a82d-f8c3d548975c@group-03284F97E6A9: set configuration 0: [563bb084-6269-4eaf-a82d-f8c3d548975c|rpc:10.1.0.17:42441|dataStream:|priority:1], old=null
2022-02-12 02:07:49,044 [Listener at 127.0.0.1/33473] INFO  ozone.MiniOzoneClusterImpl (MiniOzoneClusterImpl.java:lambda$waitForClusterToBeReady$0(219)) - Nodes are ready. Got 3 of 3 DN Heartbeats.
2022-02-12 02:07:49,044 [Listener at 127.0.0.1/33473] INFO  ozone.MiniOzoneClusterImpl (MiniOzoneClusterImpl.java:lambda$waitForClusterToBeReady$0(222)) - Waiting for cluster to exit safe mode
2022-02-12 02:07:49,044 [Listener at 127.0.0.1/33473] INFO  ozone.MiniOzoneClusterImpl (MiniOzoneClusterImpl.java:lambda$waitForClusterToBeReady$0(224)) - SCM became leader
2022-02-12 02:07:49,207 [dbc576bd-ec57-4800-af44-df78a35caa86@group-5BC279CFDAA1-FollowerState] INFO  impl.FollowerState (FollowerState.java:run(134)) - dbc576bd-ec57-4800-af44-df78a35caa86@group-5BC279CFDAA1-FollowerState: change to CANDIDATE, lastRpcElapsedTime:5074888347ns, electionTimeout:5061ms
2022-02-12 02:07:49,207 [dbc576bd-ec57-4800-af44-df78a35caa86@group-5BC279CFDAA1-FollowerState] INFO  impl.RoleInfo (RoleInfo.java:shutdownFollowerState(108)) - dbc576bd-ec57-4800-af44-df78a35caa86: shutdown dbc576bd-ec57-4800-af44-df78a35caa86@group-5BC279CFDAA1-FollowerState
2022-02-12 02:07:49,207 [dbc576bd-ec57-4800-af44-df78a35caa86@group-5BC279CFDAA1-FollowerState] INFO  server.RaftServer$Division (RaftServerImpl.java:setRole(290)) - dbc576bd-ec57-4800-af44-df78a35caa86@group-5BC279CFDAA1: changes role from  FOLLOWER to CANDIDATE at term 0 for changeToCandidate
2022-02-12 02:07:49,207 [dbc576bd-ec57-4800-af44-df78a35caa86@group-5BC279CFDAA1-FollowerState] INFO  server.RaftServerConfigKeys (ConfUtils.java:logGet(44)) - raft.server.leaderelection.pre-vote = false (custom)
2022-02-12 02:07:49,207 [dbc576bd-ec57-4800-af44-df78a35caa86@group-5BC279CFDAA1-FollowerState] INFO  impl.RoleInfo (RoleInfo.java:updateAndGet(130)) - dbc576bd-ec57-4800-af44-df78a35caa86: start dbc576bd-ec57-4800-af44-df78a35caa86@group-5BC279CFDAA1-LeaderElection21
2022-02-12 02:07:49,225 [dbc576bd-ec57-4800-af44-df78a35caa86@group-5BC279CFDAA1-LeaderElection21] INFO  impl.LeaderElection (LeaderElection.java:askForVotes(306)) - dbc576bd-ec57-4800-af44-df78a35caa86@group-5BC279CFDAA1-LeaderElection21 ELECTION round 0: submit vote requests at term 1 for -1: [dbc576bd-ec57-4800-af44-df78a35caa86|rpc:10.1.0.17:44991|priority:1], old=null
2022-02-12 02:07:49,226 [dbc576bd-ec57-4800-af44-df78a35caa86@group-5BC279CFDAA1-LeaderElection21] INFO  impl.LeaderElection (LeaderElection.java:askForVotes(308)) - dbc576bd-ec57-4800-af44-df78a35caa86@group-5BC279CFDAA1-LeaderElection21 ELECTION round 0: result PASSED (term=1)
2022-02-12 02:07:49,226 [dbc576bd-ec57-4800-af44-df78a35caa86@group-5BC279CFDAA1-LeaderElection21] INFO  impl.RoleInfo (RoleInfo.java:shutdownLeaderElection(121)) - dbc576bd-ec57-4800-af44-df78a35caa86: shutdown dbc576bd-ec57-4800-af44-df78a35caa86@group-5BC279CFDAA1-LeaderElection21
2022-02-12 02:07:49,226 [dbc576bd-ec57-4800-af44-df78a35caa86@group-5BC279CFDAA1-LeaderElection21] INFO  server.RaftServer$Division (RaftServerImpl.java:setRole(290)) - dbc576bd-ec57-4800-af44-df78a35caa86@group-5BC279CFDAA1: changes role from CANDIDATE to LEADER at term 1 for changeToLeader
2022-02-12 02:07:49,226 [dbc576bd-ec57-4800-af44-df78a35caa86@group-5BC279CFDAA1-LeaderElection21] INFO  ratis.XceiverServerRatis (XceiverServerRatis.java:handleLeaderChangedNotification(866)) - Leader change notification received for group: group-5BC279CFDAA1 with new leaderId: dbc576bd-ec57-4800-af44-df78a35caa86
2022-02-12 02:07:49,226 [dbc576bd-ec57-4800-af44-df78a35caa86@group-5BC279CFDAA1-LeaderElection21] INFO  server.RaftServer$Division (ServerState.java:setLeader(285)) - dbc576bd-ec57-4800-af44-df78a35caa86@group-5BC279CFDAA1: change Leader from null to dbc576bd-ec57-4800-af44-df78a35caa86 at term 1 for becomeLeader, leader elected after 5104ms
2022-02-12 02:07:49,226 [dbc576bd-ec57-4800-af44-df78a35caa86@group-5BC279CFDAA1-LeaderElection21] INFO  server.RaftServerConfigKeys (ConfUtils.java:logGet(44)) - raft.server.staging.catchup.gap = 1000 (default)
2022-02-12 02:07:49,227 [dbc576bd-ec57-4800-af44-df78a35caa86@group-5BC279CFDAA1-LeaderElection21] INFO  server.RaftServerConfigKeys (ConfUtils.java:logGet(44)) - raft.server.write.element-limit = 1024 (custom)
2022-02-12 02:07:49,227 [dbc576bd-ec57-4800-af44-df78a35caa86@group-5BC279CFDAA1-LeaderElection21] INFO  server.RaftServerConfigKeys (ConfUtils.java:logGet(44)) - raft.server.write.byte-limit = 1024 M (=1073741824) (custom)
2022-02-12 02:07:49,227 [dbc576bd-ec57-4800-af44-df78a35caa86@group-5BC279CFDAA1-LeaderElection21] INFO  server.RaftServerConfigKeys (ConfUtils.java:logGet(44)) - raft.server.watch.timeout = 180s (custom)
2022-02-12 02:07:49,227 [dbc576bd-ec57-4800-af44-df78a35caa86@group-5BC279CFDAA1-LeaderElection21] INFO  server.RaftServerConfigKeys (ConfUtils.java:logGet(44)) - raft.server.watch.timeout.denomination = 1s (default)
2022-02-12 02:07:49,227 [dbc576bd-ec57-4800-af44-df78a35caa86@group-5BC279CFDAA1-LeaderElection21] INFO  server.RaftServerConfigKeys (ConfUtils.java:logGet(44)) - raft.server.watch.element-limit = 65536 (default)
2022-02-12 02:07:49,230 [EventQueue-OpenPipelineForHealthyPipelineSafeModeRule] INFO  safemode.SCMSafeModeManager (HealthyPipelineSafeModeRule.java:process(124)) - SCM in safe mode. Healthy pipelines reported count is 0, required healthy pipeline reported count is 1
2022-02-12 02:07:49,230 [dbc576bd-ec57-4800-af44-df78a35caa86@group-5BC279CFDAA1-LeaderElection21] INFO  server.RaftServerConfigKeys (ConfUtils.java:logGet(44)) - raft.server.write.element-limit = 1024 (custom)
2022-02-12 02:07:49,232 [dbc576bd-ec57-4800-af44-df78a35caa86@group-5BC279CFDAA1-LeaderElection21] INFO  server.RaftServerConfigKeys (ConfUtils.java:logGet(44)) - raft.server.write.follower.gap.ratio.max = -1.0 (default)
2022-02-12 02:07:49,232 [dbc576bd-ec57-4800-af44-df78a35caa86@group-5BC279CFDAA1-LeaderElection21] INFO  impl.RoleInfo (RoleInfo.java:updateAndGet(130)) - dbc576bd-ec57-4800-af44-df78a35caa86: start dbc576bd-ec57-4800-af44-df78a35caa86@group-5BC279CFDAA1-LeaderStateImpl
2022-02-12 02:07:49,232 [dbc576bd-ec57-4800-af44-df78a35caa86@group-5BC279CFDAA1-LeaderElection21] INFO  segmented.SegmentedRaftLogWorker (SegmentedRaftLogWorker.java:startLogSegment(394)) - dbc576bd-ec57-4800-af44-df78a35caa86@group-5BC279CFDAA1-SegmentedRaftLogWorker: Starting segment from index:0
2022-02-12 02:07:49,234 [dbc576bd-ec57-4800-af44-df78a35caa86@group-5BC279CFDAA1-SegmentedRaftLogWorker] INFO  segmented.SegmentedRaftLogWorker (SegmentedRaftLogWorker.java:execute(601)) - dbc576bd-ec57-4800-af44-df78a35caa86@group-5BC279CFDAA1-SegmentedRaftLogWorker: created new log segment /home/runner/work/ozone/ozone/hadoop-ozone/integration-test/target/test-dir/MiniOzoneClusterImpl-aab2a9ef-fee9-490a-83f8-38e83ff8be47/datanode-2/data/ratis/6579759d-2473-4297-a822-5bc279cfdaa1/current/log_inprogress_0
2022-02-12 02:07:49,240 [dbc576bd-ec57-4800-af44-df78a35caa86@group-5BC279CFDAA1-LeaderElection21] INFO  server.RaftServer$Division (ServerState.java:setRaftConf(387)) - dbc576bd-ec57-4800-af44-df78a35caa86@group-5BC279CFDAA1: set configuration 0: [dbc576bd-ec57-4800-af44-df78a35caa86|rpc:10.1.0.17:44991|dataStream:|priority:1], old=null
2022-02-12 02:07:50,045 [Listener at 127.0.0.1/33473] INFO  ozone.MiniOzoneClusterImpl (MiniOzoneClusterImpl.java:lambda$waitForClusterToBeReady$0(219)) - Nodes are ready. Got 3 of 3 DN Heartbeats.
2022-02-12 02:07:50,045 [Listener at 127.0.0.1/33473] INFO  ozone.MiniOzoneClusterImpl (MiniOzoneClusterImpl.java:lambda$waitForClusterToBeReady$0(222)) - Waiting for cluster to exit safe mode
2022-02-12 02:07:50,045 [Listener at 127.0.0.1/33473] INFO  ozone.MiniOzoneClusterImpl (MiniOzoneClusterImpl.java:lambda$waitForClusterToBeReady$0(224)) - SCM became leader
2022-02-12 02:07:51,045 [Listener at 127.0.0.1/33473] INFO  ozone.MiniOzoneClusterImpl (MiniOzoneClusterImpl.java:lambda$waitForClusterToBeReady$0(219)) - Nodes are ready. Got 3 of 3 DN Heartbeats.
2022-02-12 02:07:51,045 [Listener at 127.0.0.1/33473] INFO  ozone.MiniOzoneClusterImpl (MiniOzoneClusterImpl.java:lambda$waitForClusterToBeReady$0(222)) - Waiting for cluster to exit safe mode
2022-02-12 02:07:51,046 [Listener at 127.0.0.1/33473] INFO  ozone.MiniOzoneClusterImpl (MiniOzoneClusterImpl.java:lambda$waitForClusterToBeReady$0(224)) - SCM became leader
2022-02-12 02:07:52,046 [Listener at 127.0.0.1/33473] INFO  ozone.MiniOzoneClusterImpl (MiniOzoneClusterImpl.java:lambda$waitForClusterToBeReady$0(219)) - Nodes are ready. Got 3 of 3 DN Heartbeats.
2022-02-12 02:07:52,046 [Listener at 127.0.0.1/33473] INFO  ozone.MiniOzoneClusterImpl (MiniOzoneClusterImpl.java:lambda$waitForClusterToBeReady$0(222)) - Waiting for cluster to exit safe mode
2022-02-12 02:07:52,046 [Listener at 127.0.0.1/33473] INFO  ozone.MiniOzoneClusterImpl (MiniOzoneClusterImpl.java:lambda$waitForClusterToBeReady$0(224)) - SCM became leader
2022-02-12 02:07:53,046 [Listener at 127.0.0.1/33473] INFO  ozone.MiniOzoneClusterImpl (MiniOzoneClusterImpl.java:lambda$waitForClusterToBeReady$0(219)) - Nodes are ready. Got 3 of 3 DN Heartbeats.
2022-02-12 02:07:53,047 [Listener at 127.0.0.1/33473] INFO  ozone.MiniOzoneClusterImpl (MiniOzoneClusterImpl.java:lambda$waitForClusterToBeReady$0(222)) - Waiting for cluster to exit safe mode
2022-02-12 02:07:53,047 [Listener at 127.0.0.1/33473] INFO  ozone.MiniOzoneClusterImpl (MiniOzoneClusterImpl.java:lambda$waitForClusterToBeReady$0(224)) - SCM became leader
2022-02-12 02:07:53,353 [80aad825-1455-44c8-9b95-39dda33c55fc@group-A60BDC5E8099-FollowerState] INFO  impl.FollowerState (FollowerState.java:run(134)) - 80aad825-1455-44c8-9b95-39dda33c55fc@group-A60BDC5E8099-FollowerState: change to CANDIDATE, lastRpcElapsedTime:5086498608ns, electionTimeout:5086ms
2022-02-12 02:07:53,353 [80aad825-1455-44c8-9b95-39dda33c55fc@group-A60BDC5E8099-FollowerState] INFO  impl.RoleInfo (RoleInfo.java:shutdownFollowerState(108)) - 80aad825-1455-44c8-9b95-39dda33c55fc: shutdown 80aad825-1455-44c8-9b95-39dda33c55fc@group-A60BDC5E8099-FollowerState
2022-02-12 02:07:53,353 [80aad825-1455-44c8-9b95-39dda33c55fc@group-A60BDC5E8099-FollowerState] INFO  server.RaftServer$Division (RaftServerImpl.java:setRole(290)) - 80aad825-1455-44c8-9b95-39dda33c55fc@group-A60BDC5E8099: changes role from  FOLLOWER to CANDIDATE at term 1 for changeToCandidate
2022-02-12 02:07:53,353 [80aad825-1455-44c8-9b95-39dda33c55fc@group-A60BDC5E8099-FollowerState] INFO  server.RaftServerConfigKeys (ConfUtils.java:logGet(44)) - raft.server.leaderelection.pre-vote = false (custom)
2022-02-12 02:07:53,353 [80aad825-1455-44c8-9b95-39dda33c55fc@group-A60BDC5E8099-FollowerState] INFO  impl.RoleInfo (RoleInfo.java:updateAndGet(130)) - 80aad825-1455-44c8-9b95-39dda33c55fc: start 80aad825-1455-44c8-9b95-39dda33c55fc@group-A60BDC5E8099-LeaderElection22
2022-02-12 02:07:53,363 [563bb084-6269-4eaf-a82d-f8c3d548975c@group-A60BDC5E8099-FollowerState] INFO  impl.FollowerState (FollowerState.java:run(134)) - 563bb084-6269-4eaf-a82d-f8c3d548975c@group-A60BDC5E8099-FollowerState: change to CANDIDATE, lastRpcElapsedTime:5143377562ns, electionTimeout:5118ms
2022-02-12 02:07:53,363 [563bb084-6269-4eaf-a82d-f8c3d548975c@group-A60BDC5E8099-FollowerState] INFO  impl.RoleInfo (RoleInfo.java:shutdownFollowerState(108)) - 563bb084-6269-4eaf-a82d-f8c3d548975c: shutdown 563bb084-6269-4eaf-a82d-f8c3d548975c@group-A60BDC5E8099-FollowerState
2022-02-12 02:07:53,363 [563bb084-6269-4eaf-a82d-f8c3d548975c@group-A60BDC5E8099-FollowerState] INFO  server.RaftServer$Division (RaftServerImpl.java:setRole(290)) - 563bb084-6269-4eaf-a82d-f8c3d548975c@group-A60BDC5E8099: changes role from  FOLLOWER to CANDIDATE at term 1 for changeToCandidate
2022-02-12 02:07:53,363 [563bb084-6269-4eaf-a82d-f8c3d548975c@group-A60BDC5E8099-FollowerState] INFO  server.RaftServerConfigKeys (ConfUtils.java:logGet(44)) - raft.server.leaderelection.pre-vote = false (custom)
2022-02-12 02:07:53,363 [563bb084-6269-4eaf-a82d-f8c3d548975c@group-A60BDC5E8099-FollowerState] INFO  impl.RoleInfo (RoleInfo.java:updateAndGet(130)) - 563bb084-6269-4eaf-a82d-f8c3d548975c: start 563bb084-6269-4eaf-a82d-f8c3d548975c@group-A60BDC5E8099-LeaderElection23
2022-02-12 02:07:53,369 [dbc576bd-ec57-4800-af44-df78a35caa86@group-A60BDC5E8099-FollowerState] INFO  impl.FollowerState (FollowerState.java:run(134)) - dbc576bd-ec57-4800-af44-df78a35caa86@group-A60BDC5E8099-FollowerState: change to CANDIDATE, lastRpcElapsedTime:5126499507ns, electionTimeout:5110ms
2022-02-12 02:07:53,369 [dbc576bd-ec57-4800-af44-df78a35caa86@group-A60BDC5E8099-FollowerState] INFO  impl.RoleInfo (RoleInfo.java:shutdownFollowerState(108)) - dbc576bd-ec57-4800-af44-df78a35caa86: shutdown dbc576bd-ec57-4800-af44-df78a35caa86@group-A60BDC5E8099-FollowerState
2022-02-12 02:07:53,369 [dbc576bd-ec57-4800-af44-df78a35caa86@group-A60BDC5E8099-FollowerState] INFO  server.RaftServer$Division (RaftServerImpl.java:setRole(290)) - dbc576bd-ec57-4800-af44-df78a35caa86@group-A60BDC5E8099: changes role from  FOLLOWER to CANDIDATE at term 1 for changeToCandidate
2022-02-12 02:07:53,369 [dbc576bd-ec57-4800-af44-df78a35caa86@group-A60BDC5E8099-FollowerState] INFO  server.RaftServerConfigKeys (ConfUtils.java:logGet(44)) - raft.server.leaderelection.pre-vote = false (custom)
2022-02-12 02:07:53,369 [dbc576bd-ec57-4800-af44-df78a35caa86@group-A60BDC5E8099-FollowerState] INFO  impl.RoleInfo (RoleInfo.java:updateAndGet(130)) - dbc576bd-ec57-4800-af44-df78a35caa86: start dbc576bd-ec57-4800-af44-df78a35caa86@group-A60BDC5E8099-LeaderElection24
2022-02-12 02:07:53,369 [80aad825-1455-44c8-9b95-39dda33c55fc@group-A60BDC5E8099-LeaderElection22] INFO  impl.LeaderElection (LeaderElection.java:askForVotes(306)) - 80aad825-1455-44c8-9b95-39dda33c55fc@group-A60BDC5E8099-LeaderElection22 ELECTION round 0: submit vote requests at term 2 for -1: [563bb084-6269-4eaf-a82d-f8c3d548975c|rpc:10.1.0.17:42441|priority:1, 80aad825-1455-44c8-9b95-39dda33c55fc|rpc:10.1.0.17:32927|priority:0, dbc576bd-ec57-4800-af44-df78a35caa86|rpc:10.1.0.17:44991|priority:0], old=null
2022-02-12 02:07:53,382 [563bb084-6269-4eaf-a82d-f8c3d548975c@group-A60BDC5E8099-LeaderElection23] INFO  impl.LeaderElection (LeaderElection.java:askForVotes(306)) - 563bb084-6269-4eaf-a82d-f8c3d548975c@group-A60BDC5E8099-LeaderElection23 ELECTION round 0: submit vote requests at term 2 for -1: [563bb084-6269-4eaf-a82d-f8c3d548975c|rpc:10.1.0.17:42441|dataStream:|priority:1, 80aad825-1455-44c8-9b95-39dda33c55fc|rpc:10.1.0.17:32927|dataStream:|priority:0, dbc576bd-ec57-4800-af44-df78a35caa86|rpc:10.1.0.17:44991|dataStream:|priority:0], old=null
2022-02-12 02:07:53,400 [grpc-default-executor-3] INFO  server.RaftServer$Division (RaftServerImpl.java:requestVote(1046)) - 563bb084-6269-4eaf-a82d-f8c3d548975c@group-A60BDC5E8099: receive requestVote(ELECTION, 80aad825-1455-44c8-9b95-39dda33c55fc, group-A60BDC5E8099, 2, (t:0, i:0))
2022-02-12 02:07:53,400 [grpc-default-executor-3] INFO  impl.VoteContext (VoteContext.java:log(48)) - 563bb084-6269-4eaf-a82d-f8c3d548975c@group-A60BDC5E8099-CANDIDATE: reject ELECTION from 80aad825-1455-44c8-9b95-39dda33c55fc: already has voted for 563bb084-6269-4eaf-a82d-f8c3d548975c at current term 2
2022-02-12 02:07:53,400 [grpc-default-executor-3] INFO  server.RaftServer$Division (RaftServerImpl.java:requestVote(1078)) - 563bb084-6269-4eaf-a82d-f8c3d548975c@group-A60BDC5E8099 replies to ELECTION vote request: 80aad825-1455-44c8-9b95-39dda33c55fc<-563bb084-6269-4eaf-a82d-f8c3d548975c#0:FAIL-t2. Peer's state: 563bb084-6269-4eaf-a82d-f8c3d548975c@group-A60BDC5E8099:t2, leader=null, voted=563bb084-6269-4eaf-a82d-f8c3d548975c, raftlog=563bb084-6269-4eaf-a82d-f8c3d548975c@group-A60BDC5E8099-SegmentedRaftLog:OPENED:c-1, conf=-1: [563bb084-6269-4eaf-a82d-f8c3d548975c|rpc:10.1.0.17:42441|dataStream:|priority:1, 80aad825-1455-44c8-9b95-39dda33c55fc|rpc:10.1.0.17:32927|dataStream:|priority:0, dbc576bd-ec57-4800-af44-df78a35caa86|rpc:10.1.0.17:44991|dataStream:|priority:0], old=null
2022-02-12 02:07:53,401 [grpc-default-executor-0] INFO  server.RaftServer$Division (RaftServerImpl.java:requestVote(1046)) - dbc576bd-ec57-4800-af44-df78a35caa86@group-A60BDC5E8099: receive requestVote(ELECTION, 80aad825-1455-44c8-9b95-39dda33c55fc, group-A60BDC5E8099, 2, (t:0, i:0))
2022-02-12 02:07:53,400 [grpc-default-executor-2] INFO  server.RaftServer$Division (RaftServerImpl.java:requestVote(1046)) - 80aad825-1455-44c8-9b95-39dda33c55fc@group-A60BDC5E8099: receive requestVote(ELECTION, 563bb084-6269-4eaf-a82d-f8c3d548975c, group-A60BDC5E8099, 2, (t:0, i:0))
2022-02-12 02:07:53,402 [grpc-default-executor-2] INFO  impl.VoteContext (VoteContext.java:log(48)) - 80aad825-1455-44c8-9b95-39dda33c55fc@group-A60BDC5E8099-CANDIDATE: reject ELECTION from 563bb084-6269-4eaf-a82d-f8c3d548975c: already has voted for 80aad825-1455-44c8-9b95-39dda33c55fc at current term 2
2022-02-12 02:07:53,403 [grpc-default-executor-2] INFO  server.RaftServer$Division (RaftServerImpl.java:requestVote(1078)) - 80aad825-1455-44c8-9b95-39dda33c55fc@group-A60BDC5E8099 replies to ELECTION vote request: 563bb084-6269-4eaf-a82d-f8c3d548975c<-80aad825-1455-44c8-9b95-39dda33c55fc#0:FAIL-t2. Peer's state: 80aad825-1455-44c8-9b95-39dda33c55fc@group-A60BDC5E8099:t2, leader=null, voted=80aad825-1455-44c8-9b95-39dda33c55fc, raftlog=80aad825-1455-44c8-9b95-39dda33c55fc@group-A60BDC5E8099-SegmentedRaftLog:OPENED:c-1, conf=-1: [563bb084-6269-4eaf-a82d-f8c3d548975c|rpc:10.1.0.17:42441|priority:1, 80aad825-1455-44c8-9b95-39dda33c55fc|rpc:10.1.0.17:32927|priority:0, dbc576bd-ec57-4800-af44-df78a35caa86|rpc:10.1.0.17:44991|priority:0], old=null
2022-02-12 02:07:53,408 [dbc576bd-ec57-4800-af44-df78a35caa86@group-A60BDC5E8099-LeaderElection24] INFO  impl.LeaderElection (LeaderElection.java:askForVotes(306)) - dbc576bd-ec57-4800-af44-df78a35caa86@group-A60BDC5E8099-LeaderElection24 ELECTION round 0: submit vote requests at term 2 for -1: [563bb084-6269-4eaf-a82d-f8c3d548975c|rpc:10.1.0.17:42441|dataStream:|priority:1, 80aad825-1455-44c8-9b95-39dda33c55fc|rpc:10.1.0.17:32927|dataStream:|priority:0, dbc576bd-ec57-4800-af44-df78a35caa86|rpc:10.1.0.17:44991|dataStream:|priority:0], old=null
2022-02-12 02:07:53,408 [grpc-default-executor-0] INFO  impl.VoteContext (VoteContext.java:log(48)) - dbc576bd-ec57-4800-af44-df78a35caa86@group-A60BDC5E8099-CANDIDATE: reject ELECTION from 80aad825-1455-44c8-9b95-39dda33c55fc: already has voted for dbc576bd-ec57-4800-af44-df78a35caa86 at current term 2
2022-02-12 02:07:53,408 [grpc-default-executor-0] INFO  server.RaftServer$Division (RaftServerImpl.java:requestVote(1078)) - dbc576bd-ec57-4800-af44-df78a35caa86@group-A60BDC5E8099 replies to ELECTION vote request: 80aad825-1455-44c8-9b95-39dda33c55fc<-dbc576bd-ec57-4800-af44-df78a35caa86#0:FAIL-t2. Peer's state: dbc576bd-ec57-4800-af44-df78a35caa86@group-A60BDC5E8099:t2, leader=null, voted=dbc576bd-ec57-4800-af44-df78a35caa86, raftlog=dbc576bd-ec57-4800-af44-df78a35caa86@group-A60BDC5E8099-SegmentedRaftLog:OPENED:c-1, conf=-1: [563bb084-6269-4eaf-a82d-f8c3d548975c|rpc:10.1.0.17:42441|dataStream:|priority:1, 80aad825-1455-44c8-9b95-39dda33c55fc|rpc:10.1.0.17:32927|dataStream:|priority:0, dbc576bd-ec57-4800-af44-df78a35caa86|rpc:10.1.0.17:44991|dataStream:|priority:0], old=null
2022-02-12 02:07:53,411 [80aad825-1455-44c8-9b95-39dda33c55fc@group-A60BDC5E8099-LeaderElection22] INFO  impl.LeaderElection (LeaderElection.java:logAndReturn(89)) - 80aad825-1455-44c8-9b95-39dda33c55fc@group-A60BDC5E8099-LeaderElection22: ELECTION REJECTED received 2 response(s) and 0 exception(s):
2022-02-12 02:07:53,412 [80aad825-1455-44c8-9b95-39dda33c55fc@group-A60BDC5E8099-LeaderElection22] INFO  impl.LeaderElection (LeaderElection.java:logAndReturn(93)) -   Response 0: 80aad825-1455-44c8-9b95-39dda33c55fc<-563bb084-6269-4eaf-a82d-f8c3d548975c#0:FAIL-t2
2022-02-12 02:07:53,412 [80aad825-1455-44c8-9b95-39dda33c55fc@group-A60BDC5E8099-LeaderElection22] INFO  impl.LeaderElection (LeaderElection.java:logAndReturn(93)) -   Response 1: 80aad825-1455-44c8-9b95-39dda33c55fc<-dbc576bd-ec57-4800-af44-df78a35caa86#0:FAIL-t2
2022-02-12 02:07:53,413 [80aad825-1455-44c8-9b95-39dda33c55fc@group-A60BDC5E8099-LeaderElection22] INFO  impl.LeaderElection (LeaderElection.java:askForVotes(308)) - 80aad825-1455-44c8-9b95-39dda33c55fc@group-A60BDC5E8099-LeaderElection22 ELECTION round 0: result REJECTED
2022-02-12 02:07:53,413 [80aad825-1455-44c8-9b95-39dda33c55fc@group-A60BDC5E8099-LeaderElection22] INFO  server.RaftServer$Division (RaftServerImpl.java:setRole(290)) - 80aad825-1455-44c8-9b95-39dda33c55fc@group-A60BDC5E8099: changes role from CANDIDATE to FOLLOWER at term 2 for REJECTED
2022-02-12 02:07:53,413 [80aad825-1455-44c8-9b95-39dda33c55fc@group-A60BDC5E8099-LeaderElection22] INFO  impl.RoleInfo (RoleInfo.java:shutdownLeaderElection(121)) - 80aad825-1455-44c8-9b95-39dda33c55fc: shutdown 80aad825-1455-44c8-9b95-39dda33c55fc@group-A60BDC5E8099-LeaderElection22
2022-02-12 02:07:53,413 [80aad825-1455-44c8-9b95-39dda33c55fc@group-A60BDC5E8099-LeaderElection22] INFO  impl.RoleInfo (RoleInfo.java:updateAndGet(130)) - 80aad825-1455-44c8-9b95-39dda33c55fc: start 80aad825-1455-44c8-9b95-39dda33c55fc@group-A60BDC5E8099-FollowerState
2022-02-12 02:07:53,445 [grpc-default-executor-0] INFO  server.RaftServer$Division (RaftServerImpl.java:requestVote(1046)) - dbc576bd-ec57-4800-af44-df78a35caa86@group-A60BDC5E8099: receive requestVote(ELECTION, 563bb084-6269-4eaf-a82d-f8c3d548975c, group-A60BDC5E8099, 2, (t:0, i:0))
2022-02-12 02:07:53,450 [grpc-default-executor-2] INFO  server.RaftServer$Division (RaftServerImpl.java:requestVote(1046)) - 80aad825-1455-44c8-9b95-39dda33c55fc@group-A60BDC5E8099: receive requestVote(ELECTION, dbc576bd-ec57-4800-af44-df78a35caa86, group-A60BDC5E8099, 2, (t:0, i:0))
2022-02-12 02:07:53,453 [grpc-default-executor-2] INFO  impl.VoteContext (VoteContext.java:log(48)) - 80aad825-1455-44c8-9b95-39dda33c55fc@group-A60BDC5E8099-FOLLOWER: reject ELECTION from dbc576bd-ec57-4800-af44-df78a35caa86: already has voted for 80aad825-1455-44c8-9b95-39dda33c55fc at current term 2
2022-02-12 02:07:53,453 [grpc-default-executor-2] INFO  server.RaftServer$Division (RaftServerImpl.java:requestVote(1078)) - 80aad825-1455-44c8-9b95-39dda33c55fc@group-A60BDC5E8099 replies to ELECTION vote request: dbc576bd-ec57-4800-af44-df78a35caa86<-80aad825-1455-44c8-9b95-39dda33c55fc#0:FAIL-t2. Peer's state: 80aad825-1455-44c8-9b95-39dda33c55fc@group-A60BDC5E8099:t2, leader=null, voted=80aad825-1455-44c8-9b95-39dda33c55fc, raftlog=80aad825-1455-44c8-9b95-39dda33c55fc@group-A60BDC5E8099-SegmentedRaftLog:OPENED:c-1, conf=-1: [563bb084-6269-4eaf-a82d-f8c3d548975c|rpc:10.1.0.17:42441|priority:1, 80aad825-1455-44c8-9b95-39dda33c55fc|rpc:10.1.0.17:32927|priority:0, dbc576bd-ec57-4800-af44-df78a35caa86|rpc:10.1.0.17:44991|priority:0], old=null
2022-02-12 02:07:53,448 [grpc-default-executor-3] INFO  server.RaftServer$Division (RaftServerImpl.java:requestVote(1046)) - 563bb084-6269-4eaf-a82d-f8c3d548975c@group-A60BDC5E8099: receive requestVote(ELECTION, dbc576bd-ec57-4800-af44-df78a35caa86, group-A60BDC5E8099, 2, (t:0, i:0))
2022-02-12 02:07:53,460 [grpc-default-executor-3] INFO  impl.VoteContext (VoteContext.java:log(48)) - 563bb084-6269-4eaf-a82d-f8c3d548975c@group-A60BDC5E8099-CANDIDATE: reject ELECTION from dbc576bd-ec57-4800-af44-df78a35caa86: already has voted for 563bb084-6269-4eaf-a82d-f8c3d548975c at current term 2
2022-02-12 02:07:53,460 [grpc-default-executor-3] INFO  server.RaftServer$Division (RaftServerImpl.java:requestVote(1078)) - 563bb084-6269-4eaf-a82d-f8c3d548975c@group-A60BDC5E8099 replies to ELECTION vote request: dbc576bd-ec57-4800-af44-df78a35caa86<-563bb084-6269-4eaf-a82d-f8c3d548975c#0:FAIL-t2. Peer's state: 563bb084-6269-4eaf-a82d-f8c3d548975c@group-A60BDC5E8099:t2, leader=null, voted=563bb084-6269-4eaf-a82d-f8c3d548975c, raftlog=563bb084-6269-4eaf-a82d-f8c3d548975c@group-A60BDC5E8099-SegmentedRaftLog:OPENED:c-1, conf=-1: [563bb084-6269-4eaf-a82d-f8c3d548975c|rpc:10.1.0.17:42441|dataStream:|priority:1, 80aad825-1455-44c8-9b95-39dda33c55fc|rpc:10.1.0.17:32927|dataStream:|priority:0, dbc576bd-ec57-4800-af44-df78a35caa86|rpc:10.1.0.17:44991|dataStream:|priority:0], old=null
2022-02-12 02:07:53,464 [dbc576bd-ec57-4800-af44-df78a35caa86@group-A60BDC5E8099-LeaderElection24] INFO  impl.LeaderElection (LeaderElection.java:logAndReturn(89)) - dbc576bd-ec57-4800-af44-df78a35caa86@group-A60BDC5E8099-LeaderElection24: ELECTION REJECTED received 2 response(s) and 0 exception(s):
2022-02-12 02:07:53,465 [dbc576bd-ec57-4800-af44-df78a35caa86@group-A60BDC5E8099-LeaderElection24] INFO  impl.LeaderElection (LeaderElection.java:logAndReturn(93)) -   Response 0: dbc576bd-ec57-4800-af44-df78a35caa86<-563bb084-6269-4eaf-a82d-f8c3d548975c#0:FAIL-t2
2022-02-12 02:07:53,465 [dbc576bd-ec57-4800-af44-df78a35caa86@group-A60BDC5E8099-LeaderElection24] INFO  impl.LeaderElection (LeaderElection.java:logAndReturn(93)) -   Response 1: dbc576bd-ec57-4800-af44-df78a35caa86<-80aad825-1455-44c8-9b95-39dda33c55fc#0:FAIL-t2
2022-02-12 02:07:53,465 [dbc576bd-ec57-4800-af44-df78a35caa86@group-A60BDC5E8099-LeaderElection24] INFO  impl.LeaderElection (LeaderElection.java:askForVotes(308)) - dbc576bd-ec57-4800-af44-df78a35caa86@group-A60BDC5E8099-LeaderElection24 ELECTION round 0: result REJECTED
2022-02-12 02:07:53,452 [grpc-default-executor-0] INFO  impl.VoteContext (VoteContext.java:log(48)) - dbc576bd-ec57-4800-af44-df78a35caa86@group-A60BDC5E8099-CANDIDATE: reject ELECTION from 563bb084-6269-4eaf-a82d-f8c3d548975c: already has voted for dbc576bd-ec57-4800-af44-df78a35caa86 at current term 2
2022-02-12 02:07:53,466 [grpc-default-executor-0] INFO  server.RaftServer$Division (RaftServerImpl.java:requestVote(1078)) - dbc576bd-ec57-4800-af44-df78a35caa86@group-A60BDC5E8099 replies to ELECTION vote request: 563bb084-6269-4eaf-a82d-f8c3d548975c<-dbc576bd-ec57-4800-af44-df78a35caa86#0:FAIL-t2. Peer's state: dbc576bd-ec57-4800-af44-df78a35caa86@group-A60BDC5E8099:t2, leader=null, voted=dbc576bd-ec57-4800-af44-df78a35caa86, raftlog=dbc576bd-ec57-4800-af44-df78a35caa86@group-A60BDC5E8099-SegmentedRaftLog:OPENED:c-1, conf=-1: [563bb084-6269-4eaf-a82d-f8c3d548975c|rpc:10.1.0.17:42441|dataStream:|priority:1, 80aad825-1455-44c8-9b95-39dda33c55fc|rpc:10.1.0.17:32927|dataStream:|priority:0, dbc576bd-ec57-4800-af44-df78a35caa86|rpc:10.1.0.17:44991|dataStream:|priority:0], old=null
2022-02-12 02:07:53,466 [dbc576bd-ec57-4800-af44-df78a35caa86@group-A60BDC5E8099-LeaderElection24] INFO  server.RaftServer$Division (RaftServerImpl.java:setRole(290)) - dbc576bd-ec57-4800-af44-df78a35caa86@group-A60BDC5E8099: changes role from CANDIDATE to FOLLOWER at term 2 for REJECTED
2022-02-12 02:07:53,466 [dbc576bd-ec57-4800-af44-df78a35caa86@group-A60BDC5E8099-LeaderElection24] INFO  impl.RoleInfo (RoleInfo.java:shutdownLeaderElection(121)) - dbc576bd-ec57-4800-af44-df78a35caa86: shutdown dbc576bd-ec57-4800-af44-df78a35caa86@group-A60BDC5E8099-LeaderElection24
2022-02-12 02:07:53,466 [dbc576bd-ec57-4800-af44-df78a35caa86@group-A60BDC5E8099-LeaderElection24] INFO  impl.RoleInfo (RoleInfo.java:updateAndGet(130)) - dbc576bd-ec57-4800-af44-df78a35caa86: start dbc576bd-ec57-4800-af44-df78a35caa86@group-A60BDC5E8099-FollowerState
2022-02-12 02:07:53,480 [563bb084-6269-4eaf-a82d-f8c3d548975c@group-A60BDC5E8099-LeaderElection23] INFO  impl.LeaderElection (LeaderElection.java:logAndReturn(89)) - 563bb084-6269-4eaf-a82d-f8c3d548975c@group-A60BDC5E8099-LeaderElection23: ELECTION REJECTED received 2 response(s) and 0 exception(s):
2022-02-12 02:07:53,480 [563bb084-6269-4eaf-a82d-f8c3d548975c@group-A60BDC5E8099-LeaderElection23] INFO  impl.LeaderElection (LeaderElection.java:logAndReturn(93)) -   Response 0: 563bb084-6269-4eaf-a82d-f8c3d548975c<-80aad825-1455-44c8-9b95-39dda33c55fc#0:FAIL-t2
2022-02-12 02:07:53,480 [563bb084-6269-4eaf-a82d-f8c3d548975c@group-A60BDC5E8099-LeaderElection23] INFO  impl.LeaderElection (LeaderElection.java:logAndReturn(93)) -   Response 1: 563bb084-6269-4eaf-a82d-f8c3d548975c<-dbc576bd-ec57-4800-af44-df78a35caa86#0:FAIL-t2
2022-02-12 02:07:53,480 [563bb084-6269-4eaf-a82d-f8c3d548975c@group-A60BDC5E8099-LeaderElection23] INFO  impl.LeaderElection (LeaderElection.java:askForVotes(308)) - 563bb084-6269-4eaf-a82d-f8c3d548975c@group-A60BDC5E8099-LeaderElection23 ELECTION round 0: result REJECTED
2022-02-12 02:07:53,480 [563bb084-6269-4eaf-a82d-f8c3d548975c@group-A60BDC5E8099-LeaderElection23] INFO  server.RaftServer$Division (RaftServerImpl.java:setRole(290)) - 563bb084-6269-4eaf-a82d-f8c3d548975c@group-A60BDC5E8099: changes role from CANDIDATE to FOLLOWER at term 2 for REJECTED
2022-02-12 02:07:53,480 [563bb084-6269-4eaf-a82d-f8c3d548975c@group-A60BDC5E8099-LeaderElection23] INFO  impl.RoleInfo (RoleInfo.java:shutdownLeaderElection(121)) - 563bb084-6269-4eaf-a82d-f8c3d548975c: shutdown 563bb084-6269-4eaf-a82d-f8c3d548975c@group-A60BDC5E8099-LeaderElection23
2022-02-12 02:07:53,480 [563bb084-6269-4eaf-a82d-f8c3d548975c@group-A60BDC5E8099-LeaderElection23] INFO  impl.RoleInfo (RoleInfo.java:updateAndGet(130)) - 563bb084-6269-4eaf-a82d-f8c3d548975c: start 563bb084-6269-4eaf-a82d-f8c3d548975c@group-A60BDC5E8099-FollowerState
2022-02-12 02:07:53,494 [80aad825-1455-44c8-9b95-39dda33c55fc@group-23DD4B820AD7-FollowerState] INFO  impl.FollowerState (FollowerState.java:run(134)) - 80aad825-1455-44c8-9b95-39dda33c55fc@group-23DD4B820AD7-FollowerState: change to CANDIDATE, lastRpcElapsedTime:5060026637ns, electionTimeout:5050ms
2022-02-12 02:07:53,494 [80aad825-1455-44c8-9b95-39dda33c55fc@group-23DD4B820AD7-FollowerState] INFO  impl.RoleInfo (RoleInfo.java:shutdownFollowerState(108)) - 80aad825-1455-44c8-9b95-39dda33c55fc: shutdown 80aad825-1455-44c8-9b95-39dda33c55fc@group-23DD4B820AD7-FollowerState
2022-02-12 02:07:53,494 [80aad825-1455-44c8-9b95-39dda33c55fc@group-23DD4B820AD7-FollowerState] INFO  server.RaftServer$Division (RaftServerImpl.java:setRole(290)) - 80aad825-1455-44c8-9b95-39dda33c55fc@group-23DD4B820AD7: changes role from  FOLLOWER to CANDIDATE at term 1 for changeToCandidate
2022-02-12 02:07:53,494 [80aad825-1455-44c8-9b95-39dda33c55fc@group-23DD4B820AD7-FollowerState] INFO  server.RaftServerConfigKeys (ConfUtils.java:logGet(44)) - raft.server.leaderelection.pre-vote = false (custom)
2022-02-12 02:07:53,494 [80aad825-1455-44c8-9b95-39dda33c55fc@group-23DD4B820AD7-FollowerState] INFO  impl.RoleInfo (RoleInfo.java:updateAndGet(130)) - 80aad825-1455-44c8-9b95-39dda33c55fc: start 80aad825-1455-44c8-9b95-39dda33c55fc@group-23DD4B820AD7-LeaderElection25
2022-02-12 02:07:53,505 [80aad825-1455-44c8-9b95-39dda33c55fc@group-23DD4B820AD7-LeaderElection25] INFO  impl.LeaderElection (LeaderElection.java:askForVotes(306)) - 80aad825-1455-44c8-9b95-39dda33c55fc@group-23DD4B820AD7-LeaderElection25 ELECTION round 0: submit vote requests at term 2 for -1: [563bb084-6269-4eaf-a82d-f8c3d548975c|rpc:10.1.0.17:42441|priority:0, 80aad825-1455-44c8-9b95-39dda33c55fc|rpc:10.1.0.17:32927|priority:0, dbc576bd-ec57-4800-af44-df78a35caa86|rpc:10.1.0.17:44991|priority:1], old=null
2022-02-12 02:07:53,520 [grpc-default-executor-3] INFO  server.RaftServer$Division (RaftServerImpl.java:requestVote(1046)) - 563bb084-6269-4eaf-a82d-f8c3d548975c@group-23DD4B820AD7: receive requestVote(ELECTION, 80aad825-1455-44c8-9b95-39dda33c55fc, group-23DD4B820AD7, 2, (t:0, i:0))
2022-02-12 02:07:53,521 [grpc-default-executor-3] INFO  impl.VoteContext (VoteContext.java:log(48)) - 563bb084-6269-4eaf-a82d-f8c3d548975c@group-23DD4B820AD7-FOLLOWER: accept ELECTION from 80aad825-1455-44c8-9b95-39dda33c55fc: our priority 0 <= candidate's priority 0
2022-02-12 02:07:53,521 [grpc-default-executor-3] INFO  server.RaftServer$Division (RaftServerImpl.java:setRole(290)) - 563bb084-6269-4eaf-a82d-f8c3d548975c@group-23DD4B820AD7: changes role from  FOLLOWER to FOLLOWER at term 2 for candidate:80aad825-1455-44c8-9b95-39dda33c55fc
2022-02-12 02:07:53,521 [grpc-default-executor-3] INFO  impl.RoleInfo (RoleInfo.java:shutdownFollowerState(108)) - 563bb084-6269-4eaf-a82d-f8c3d548975c: shutdown 563bb084-6269-4eaf-a82d-f8c3d548975c@group-23DD4B820AD7-FollowerState
2022-02-12 02:07:53,521 [grpc-default-executor-3] INFO  impl.RoleInfo (RoleInfo.java:updateAndGet(130)) - 563bb084-6269-4eaf-a82d-f8c3d548975c: start 563bb084-6269-4eaf-a82d-f8c3d548975c@group-23DD4B820AD7-FollowerState
2022-02-12 02:07:53,521 [563bb084-6269-4eaf-a82d-f8c3d548975c@group-23DD4B820AD7-FollowerState] INFO  impl.FollowerState (FollowerState.java:run(143)) - 563bb084-6269-4eaf-a82d-f8c3d548975c@group-23DD4B820AD7-FollowerState was interrupted: {}
java.lang.InterruptedException: sleep interrupted
	at java.lang.Thread.sleep(Native Method)
	at java.lang.Thread.sleep(Thread.java:340)
	at java.util.concurrent.TimeUnit.sleep(TimeUnit.java:386)
	at org.apache.ratis.util.TimeDuration.sleep(TimeDuration.java:324)
	at org.apache.ratis.util.TimeDuration.sleep(TimeDuration.java:309)
	at org.apache.ratis.server.impl.FollowerState.run(FollowerState.java:118)
2022-02-12 02:07:53,523 [grpc-default-executor-3] INFO  server.RaftServer$Division (RaftServerImpl.java:requestVote(1078)) - 563bb084-6269-4eaf-a82d-f8c3d548975c@group-23DD4B820AD7 replies to ELECTION vote request: 80aad825-1455-44c8-9b95-39dda33c55fc<-563bb084-6269-4eaf-a82d-f8c3d548975c#0:OK-t2. Peer's state: 563bb084-6269-4eaf-a82d-f8c3d548975c@group-23DD4B820AD7:t2, leader=null, voted=80aad825-1455-44c8-9b95-39dda33c55fc, raftlog=563bb084-6269-4eaf-a82d-f8c3d548975c@group-23DD4B820AD7-SegmentedRaftLog:OPENED:c-1, conf=-1: [563bb084-6269-4eaf-a82d-f8c3d548975c|rpc:10.1.0.17:42441|dataStream:|priority:0, 80aad825-1455-44c8-9b95-39dda33c55fc|rpc:10.1.0.17:32927|dataStream:|priority:0, dbc576bd-ec57-4800-af44-df78a35caa86|rpc:10.1.0.17:44991|dataStream:|priority:1], old=null
2022-02-12 02:07:53,535 [grpc-default-executor-3] INFO  server.RaftServer$Division (RaftServerImpl.java:requestVote(1046)) - dbc576bd-ec57-4800-af44-df78a35caa86@group-23DD4B820AD7: receive requestVote(ELECTION, 80aad825-1455-44c8-9b95-39dda33c55fc, group-23DD4B820AD7, 2, (t:0, i:0))
2022-02-12 02:07:53,536 [grpc-default-executor-3] INFO  impl.VoteContext (VoteContext.java:log(48)) - dbc576bd-ec57-4800-af44-df78a35caa86@group-23DD4B820AD7-FOLLOWER: reject ELECTION from 80aad825-1455-44c8-9b95-39dda33c55fc: our priority 1 > candidate's priority 0
2022-02-12 02:07:53,536 [grpc-default-executor-3] INFO  server.RaftServer$Division (RaftServerImpl.java:setRole(290)) - dbc576bd-ec57-4800-af44-df78a35caa86@group-23DD4B820AD7: changes role from  FOLLOWER to FOLLOWER at term 2 for candidate:80aad825-1455-44c8-9b95-39dda33c55fc
2022-02-12 02:07:53,536 [grpc-default-executor-3] INFO  impl.RoleInfo (RoleInfo.java:shutdownFollowerState(108)) - dbc576bd-ec57-4800-af44-df78a35caa86: shutdown dbc576bd-ec57-4800-af44-df78a35caa86@group-23DD4B820AD7-FollowerState
2022-02-12 02:07:53,536 [grpc-default-executor-3] INFO  impl.RoleInfo (RoleInfo.java:updateAndGet(130)) - dbc576bd-ec57-4800-af44-df78a35caa86: start dbc576bd-ec57-4800-af44-df78a35caa86@group-23DD4B820AD7-FollowerState
2022-02-12 02:07:53,536 [dbc576bd-ec57-4800-af44-df78a35caa86@group-23DD4B820AD7-FollowerState] INFO  impl.FollowerState (FollowerState.java:run(143)) - dbc576bd-ec57-4800-af44-df78a35caa86@group-23DD4B820AD7-FollowerState was interrupted: {}
java.lang.InterruptedException: sleep interrupted
	at java.lang.Thread.sleep(Native Method)
	at java.lang.Thread.sleep(Thread.java:340)
	at java.util.concurrent.TimeUnit.sleep(TimeUnit.java:386)
	at org.apache.ratis.util.TimeDuration.sleep(TimeDuration.java:324)
	at org.apache.ratis.util.TimeDuration.sleep(TimeDuration.java:309)
	at org.apache.ratis.server.impl.FollowerState.run(FollowerState.java:118)
2022-02-12 02:07:53,546 [grpc-default-executor-3] INFO  server.RaftServer$Division (RaftServerImpl.java:requestVote(1078)) - dbc576bd-ec57-4800-af44-df78a35caa86@group-23DD4B820AD7 replies to ELECTION vote request: 80aad825-1455-44c8-9b95-39dda33c55fc<-dbc576bd-ec57-4800-af44-df78a35caa86#0:FAIL-t2. Peer's state: dbc576bd-ec57-4800-af44-df78a35caa86@group-23DD4B820AD7:t2, leader=null, voted=null, raftlog=dbc576bd-ec57-4800-af44-df78a35caa86@group-23DD4B820AD7-SegmentedRaftLog:OPENED:c-1, conf=-1: [563bb084-6269-4eaf-a82d-f8c3d548975c|rpc:10.1.0.17:42441|dataStream:|priority:0, 80aad825-1455-44c8-9b95-39dda33c55fc|rpc:10.1.0.17:32927|dataStream:|priority:0, dbc576bd-ec57-4800-af44-df78a35caa86|rpc:10.1.0.17:44991|dataStream:|priority:1], old=null
2022-02-12 02:07:53,547 [80aad825-1455-44c8-9b95-39dda33c55fc@group-23DD4B820AD7-LeaderElection25] INFO  impl.LeaderElection (LeaderElection.java:logAndReturn(89)) - 80aad825-1455-44c8-9b95-39dda33c55fc@group-23DD4B820AD7-LeaderElection25: ELECTION REJECTED received 2 response(s) and 0 exception(s):
2022-02-12 02:07:53,547 [80aad825-1455-44c8-9b95-39dda33c55fc@group-23DD4B820AD7-LeaderElection25] INFO  impl.LeaderElection (LeaderElection.java:logAndReturn(93)) -   Response 0: 80aad825-1455-44c8-9b95-39dda33c55fc<-563bb084-6269-4eaf-a82d-f8c3d548975c#0:OK-t2
2022-02-12 02:07:53,547 [80aad825-1455-44c8-9b95-39dda33c55fc@group-23DD4B820AD7-LeaderElection25] INFO  impl.LeaderElection (LeaderElection.java:logAndReturn(93)) -   Response 1: 80aad825-1455-44c8-9b95-39dda33c55fc<-dbc576bd-ec57-4800-af44-df78a35caa86#0:FAIL-t2
2022-02-12 02:07:53,547 [80aad825-1455-44c8-9b95-39dda33c55fc@group-23DD4B820AD7-LeaderElection25] INFO  impl.LeaderElection (LeaderElection.java:askForVotes(308)) - 80aad825-1455-44c8-9b95-39dda33c55fc@group-23DD4B820AD7-LeaderElection25 ELECTION round 0: result REJECTED
2022-02-12 02:07:53,547 [80aad825-1455-44c8-9b95-39dda33c55fc@group-23DD4B820AD7-LeaderElection25] INFO  server.RaftServer$Division (RaftServerImpl.java:setRole(290)) - 80aad825-1455-44c8-9b95-39dda33c55fc@group-23DD4B820AD7: changes role from CANDIDATE to FOLLOWER at term 2 for REJECTED
2022-02-12 02:07:53,547 [80aad825-1455-44c8-9b95-39dda33c55fc@group-23DD4B820AD7-LeaderElection25] INFO  impl.RoleInfo (RoleInfo.java:shutdownLeaderElection(121)) - 80aad825-1455-44c8-9b95-39dda33c55fc: shutdown 80aad825-1455-44c8-9b95-39dda33c55fc@group-23DD4B820AD7-LeaderElection25
2022-02-12 02:07:53,547 [80aad825-1455-44c8-9b95-39dda33c55fc@group-23DD4B820AD7-LeaderElection25] INFO  impl.RoleInfo (RoleInfo.java:updateAndGet(130)) - 80aad825-1455-44c8-9b95-39dda33c55fc: start 80aad825-1455-44c8-9b95-39dda33c55fc@group-23DD4B820AD7-FollowerState
2022-02-12 02:07:54,047 [Listener at 127.0.0.1/33473] INFO  ozone.MiniOzoneClusterImpl (MiniOzoneClusterImpl.java:lambda$waitForClusterToBeReady$0(219)) - Nodes are ready. Got 3 of 3 DN Heartbeats.
2022-02-12 02:07:54,048 [Listener at 127.0.0.1/33473] INFO  ozone.MiniOzoneClusterImpl (MiniOzoneClusterImpl.java:lambda$waitForClusterToBeReady$0(222)) - Waiting for cluster to exit safe mode
2022-02-12 02:07:54,048 [Listener at 127.0.0.1/33473] INFO  ozone.MiniOzoneClusterImpl (MiniOzoneClusterImpl.java:lambda$waitForClusterToBeReady$0(224)) - SCM became leader
2022-02-12 02:07:55,048 [Listener at 127.0.0.1/33473] INFO  ozone.MiniOzoneClusterImpl (MiniOzoneClusterImpl.java:lambda$waitForClusterToBeReady$0(219)) - Nodes are ready. Got 3 of 3 DN Heartbeats.
2022-02-12 02:07:55,049 [Listener at 127.0.0.1/33473] INFO  ozone.MiniOzoneClusterImpl (MiniOzoneClusterImpl.java:lambda$waitForClusterToBeReady$0(222)) - Waiting for cluster to exit safe mode
2022-02-12 02:07:55,049 [Listener at 127.0.0.1/33473] INFO  ozone.MiniOzoneClusterImpl (MiniOzoneClusterImpl.java:lambda$waitForClusterToBeReady$0(224)) - SCM became leader
2022-02-12 02:07:56,049 [Listener at 127.0.0.1/33473] INFO  ozone.MiniOzoneClusterImpl (MiniOzoneClusterImpl.java:lambda$waitForClusterToBeReady$0(219)) - Nodes are ready. Got 3 of 3 DN Heartbeats.
2022-02-12 02:07:56,049 [Listener at 127.0.0.1/33473] INFO  ozone.MiniOzoneClusterImpl (MiniOzoneClusterImpl.java:lambda$waitForClusterToBeReady$0(222)) - Waiting for cluster to exit safe mode
2022-02-12 02:07:56,049 [Listener at 127.0.0.1/33473] INFO  ozone.MiniOzoneClusterImpl (MiniOzoneClusterImpl.java:lambda$waitForClusterToBeReady$0(224)) - SCM became leader
2022-02-12 02:07:57,050 [Listener at 127.0.0.1/33473] INFO  ozone.MiniOzoneClusterImpl (MiniOzoneClusterImpl.java:lambda$waitForClusterToBeReady$0(219)) - Nodes are ready. Got 3 of 3 DN Heartbeats.
2022-02-12 02:07:57,050 [Listener at 127.0.0.1/33473] INFO  ozone.MiniOzoneClusterImpl (MiniOzoneClusterImpl.java:lambda$waitForClusterToBeReady$0(222)) - Waiting for cluster to exit safe mode
2022-02-12 02:07:57,050 [Listener at 127.0.0.1/33473] INFO  ozone.MiniOzoneClusterImpl (MiniOzoneClusterImpl.java:lambda$waitForClusterToBeReady$0(224)) - SCM became leader
2022-02-12 02:07:58,050 [Listener at 127.0.0.1/33473] INFO  ozone.MiniOzoneClusterImpl (MiniOzoneClusterImpl.java:lambda$waitForClusterToBeReady$0(219)) - Nodes are ready. Got 3 of 3 DN Heartbeats.
2022-02-12 02:07:58,051 [Listener at 127.0.0.1/33473] INFO  ozone.MiniOzoneClusterImpl (MiniOzoneClusterImpl.java:lambda$waitForClusterToBeReady$0(222)) - Waiting for cluster to exit safe mode
2022-02-12 02:07:58,051 [Listener at 127.0.0.1/33473] INFO  ozone.MiniOzoneClusterImpl (MiniOzoneClusterImpl.java:lambda$waitForClusterToBeReady$0(224)) - SCM became leader
2022-02-12 02:07:58,531 [dbc576bd-ec57-4800-af44-df78a35caa86@group-A60BDC5E8099-FollowerState] INFO  impl.FollowerState (FollowerState.java:run(134)) - dbc576bd-ec57-4800-af44-df78a35caa86@group-A60BDC5E8099-FollowerState: change to CANDIDATE, lastRpcElapsedTime:5064550260ns, electionTimeout:5064ms
2022-02-12 02:07:58,531 [dbc576bd-ec57-4800-af44-df78a35caa86@group-A60BDC5E8099-FollowerState] INFO  impl.RoleInfo (RoleInfo.java:shutdownFollowerState(108)) - dbc576bd-ec57-4800-af44-df78a35caa86: shutdown dbc576bd-ec57-4800-af44-df78a35caa86@group-A60BDC5E8099-FollowerState
2022-02-12 02:07:58,531 [dbc576bd-ec57-4800-af44-df78a35caa86@group-A60BDC5E8099-FollowerState] INFO  server.RaftServer$Division (RaftServerImpl.java:setRole(290)) - dbc576bd-ec57-4800-af44-df78a35caa86@group-A60BDC5E8099: changes role from  FOLLOWER to CANDIDATE at term 2 for changeToCandidate
2022-02-12 02:07:58,531 [dbc576bd-ec57-4800-af44-df78a35caa86@group-A60BDC5E8099-FollowerState] INFO  server.RaftServerConfigKeys (ConfUtils.java:logGet(44)) - raft.server.leaderelection.pre-vote = false (custom)
2022-02-12 02:07:58,531 [dbc576bd-ec57-4800-af44-df78a35caa86@group-A60BDC5E8099-FollowerState] INFO  impl.RoleInfo (RoleInfo.java:updateAndGet(130)) - dbc576bd-ec57-4800-af44-df78a35caa86: start dbc576bd-ec57-4800-af44-df78a35caa86@group-A60BDC5E8099-LeaderElection26
2022-02-12 02:07:58,539 [80aad825-1455-44c8-9b95-39dda33c55fc@group-A60BDC5E8099-FollowerState] INFO  impl.FollowerState (FollowerState.java:run(134)) - 80aad825-1455-44c8-9b95-39dda33c55fc@group-A60BDC5E8099-FollowerState: change to CANDIDATE, lastRpcElapsedTime:5126754041ns, electionTimeout:5120ms
2022-02-12 02:07:58,540 [80aad825-1455-44c8-9b95-39dda33c55fc@group-A60BDC5E8099-FollowerState] INFO  impl.RoleInfo (RoleInfo.java:shutdownFollowerState(108)) - 80aad825-1455-44c8-9b95-39dda33c55fc: shutdown 80aad825-1455-44c8-9b95-39dda33c55fc@group-A60BDC5E8099-FollowerState
2022-02-12 02:07:58,540 [80aad825-1455-44c8-9b95-39dda33c55fc@group-A60BDC5E8099-FollowerState] INFO  server.RaftServer$Division (RaftServerImpl.java:setRole(290)) - 80aad825-1455-44c8-9b95-39dda33c55fc@group-A60BDC5E8099: changes role from  FOLLOWER to CANDIDATE at term 2 for changeToCandidate
2022-02-12 02:07:58,540 [80aad825-1455-44c8-9b95-39dda33c55fc@group-A60BDC5E8099-FollowerState] INFO  server.RaftServerConfigKeys (ConfUtils.java:logGet(44)) - raft.server.leaderelection.pre-vote = false (custom)
2022-02-12 02:07:58,540 [80aad825-1455-44c8-9b95-39dda33c55fc@group-A60BDC5E8099-FollowerState] INFO  impl.RoleInfo (RoleInfo.java:updateAndGet(130)) - 80aad825-1455-44c8-9b95-39dda33c55fc: start 80aad825-1455-44c8-9b95-39dda33c55fc@group-A60BDC5E8099-LeaderElection27
2022-02-12 02:07:58,551 [dbc576bd-ec57-4800-af44-df78a35caa86@group-A60BDC5E8099-LeaderElection26] INFO  impl.LeaderElection (LeaderElection.java:askForVotes(306)) - dbc576bd-ec57-4800-af44-df78a35caa86@group-A60BDC5E8099-LeaderElection26 ELECTION round 0: submit vote requests at term 3 for -1: [563bb084-6269-4eaf-a82d-f8c3d548975c|rpc:10.1.0.17:42441|dataStream:|priority:1, 80aad825-1455-44c8-9b95-39dda33c55fc|rpc:10.1.0.17:32927|dataStream:|priority:0, dbc576bd-ec57-4800-af44-df78a35caa86|rpc:10.1.0.17:44991|dataStream:|priority:0], old=null
2022-02-12 02:07:58,554 [80aad825-1455-44c8-9b95-39dda33c55fc@group-A60BDC5E8099-LeaderElection27] INFO  impl.LeaderElection (LeaderElection.java:askForVotes(306)) - 80aad825-1455-44c8-9b95-39dda33c55fc@group-A60BDC5E8099-LeaderElection27 ELECTION round 0: submit vote requests at term 3 for -1: [563bb084-6269-4eaf-a82d-f8c3d548975c|rpc:10.1.0.17:42441|priority:1, 80aad825-1455-44c8-9b95-39dda33c55fc|rpc:10.1.0.17:32927|priority:0, dbc576bd-ec57-4800-af44-df78a35caa86|rpc:10.1.0.17:44991|priority:0], old=null
2022-02-12 02:07:58,573 [563bb084-6269-4eaf-a82d-f8c3d548975c@group-A60BDC5E8099-FollowerState] INFO  impl.FollowerState (FollowerState.java:run(134)) - 563bb084-6269-4eaf-a82d-f8c3d548975c@group-A60BDC5E8099-FollowerState: change to CANDIDATE, lastRpcElapsedTime:5092263285ns, electionTimeout:5084ms
2022-02-12 02:07:58,590 [grpc-default-executor-0] INFO  server.RaftServer$Division (RaftServerImpl.java:requestVote(1046)) - 80aad825-1455-44c8-9b95-39dda33c55fc@group-A60BDC5E8099: receive requestVote(ELECTION, dbc576bd-ec57-4800-af44-df78a35caa86, group-A60BDC5E8099, 3, (t:0, i:0))
2022-02-12 02:07:58,591 [grpc-default-executor-0] INFO  impl.VoteContext (VoteContext.java:log(48)) - 80aad825-1455-44c8-9b95-39dda33c55fc@group-A60BDC5E8099-CANDIDATE: reject ELECTION from dbc576bd-ec57-4800-af44-df78a35caa86: already has voted for 80aad825-1455-44c8-9b95-39dda33c55fc at current term 3
2022-02-12 02:07:58,591 [grpc-default-executor-0] INFO  server.RaftServer$Division (RaftServerImpl.java:requestVote(1078)) - 80aad825-1455-44c8-9b95-39dda33c55fc@group-A60BDC5E8099 replies to ELECTION vote request: dbc576bd-ec57-4800-af44-df78a35caa86<-80aad825-1455-44c8-9b95-39dda33c55fc#0:FAIL-t3. Peer's state: 80aad825-1455-44c8-9b95-39dda33c55fc@group-A60BDC5E8099:t3, leader=null, voted=80aad825-1455-44c8-9b95-39dda33c55fc, raftlog=80aad825-1455-44c8-9b95-39dda33c55fc@group-A60BDC5E8099-SegmentedRaftLog:OPENED:c-1, conf=-1: [563bb084-6269-4eaf-a82d-f8c3d548975c|rpc:10.1.0.17:42441|priority:1, 80aad825-1455-44c8-9b95-39dda33c55fc|rpc:10.1.0.17:32927|priority:0, dbc576bd-ec57-4800-af44-df78a35caa86|rpc:10.1.0.17:44991|priority:0], old=null
2022-02-12 02:07:58,591 [grpc-default-executor-2] INFO  server.RaftServer$Division (RaftServerImpl.java:requestVote(1046)) - 563bb084-6269-4eaf-a82d-f8c3d548975c@group-A60BDC5E8099: receive requestVote(ELECTION, 80aad825-1455-44c8-9b95-39dda33c55fc, group-A60BDC5E8099, 3, (t:0, i:0))
2022-02-12 02:07:58,591 [dbc576bd-ec57-4800-af44-df78a35caa86@group-23DD4B820AD7-FollowerState] INFO  impl.FollowerState (FollowerState.java:run(134)) - dbc576bd-ec57-4800-af44-df78a35caa86@group-23DD4B820AD7-FollowerState: change to CANDIDATE, lastRpcElapsedTime:5055330079ns, electionTimeout:5036ms
2022-02-12 02:07:58,590 [563bb084-6269-4eaf-a82d-f8c3d548975c@group-A60BDC5E8099-FollowerState] INFO  impl.RoleInfo (RoleInfo.java:shutdownFollowerState(108)) - 563bb084-6269-4eaf-a82d-f8c3d548975c: shutdown 563bb084-6269-4eaf-a82d-f8c3d548975c@group-A60BDC5E8099-FollowerState
2022-02-12 02:07:58,592 [dbc576bd-ec57-4800-af44-df78a35caa86@group-23DD4B820AD7-FollowerState] INFO  impl.RoleInfo (RoleInfo.java:shutdownFollowerState(108)) - dbc576bd-ec57-4800-af44-df78a35caa86: shutdown dbc576bd-ec57-4800-af44-df78a35caa86@group-23DD4B820AD7-FollowerState
2022-02-12 02:07:58,590 [grpc-default-executor-3] INFO  server.RaftServer$Division (RaftServerImpl.java:requestVote(1046)) - 563bb084-6269-4eaf-a82d-f8c3d548975c@group-A60BDC5E8099: receive requestVote(ELECTION, dbc576bd-ec57-4800-af44-df78a35caa86, group-A60BDC5E8099, 3, (t:0, i:0))
2022-02-12 02:07:58,592 [dbc576bd-ec57-4800-af44-df78a35caa86@group-23DD4B820AD7-FollowerState] INFO  server.RaftServer$Division (RaftServerImpl.java:setRole(290)) - dbc576bd-ec57-4800-af44-df78a35caa86@group-23DD4B820AD7: changes role from  FOLLOWER to CANDIDATE at term 2 for changeToCandidate
2022-02-12 02:07:58,592 [dbc576bd-ec57-4800-af44-df78a35caa86@group-23DD4B820AD7-FollowerState] INFO  server.RaftServerConfigKeys (ConfUtils.java:logGet(44)) - raft.server.leaderelection.pre-vote = false (custom)
2022-02-12 02:07:58,592 [dbc576bd-ec57-4800-af44-df78a35caa86@group-23DD4B820AD7-FollowerState] INFO  impl.RoleInfo (RoleInfo.java:updateAndGet(130)) - dbc576bd-ec57-4800-af44-df78a35caa86: start dbc576bd-ec57-4800-af44-df78a35caa86@group-23DD4B820AD7-LeaderElection28
2022-02-12 02:07:58,592 [563bb084-6269-4eaf-a82d-f8c3d548975c@group-A60BDC5E8099-FollowerState] INFO  server.RaftServer$Division (RaftServerImpl.java:setRole(290)) - 563bb084-6269-4eaf-a82d-f8c3d548975c@group-A60BDC5E8099: changes role from  FOLLOWER to CANDIDATE at term 2 for changeToCandidate
2022-02-12 02:07:58,597 [563bb084-6269-4eaf-a82d-f8c3d548975c@group-A60BDC5E8099-FollowerState] INFO  server.RaftServerConfigKeys (ConfUtils.java:logGet(44)) - raft.server.leaderelection.pre-vote = false (custom)
2022-02-12 02:07:58,597 [563bb084-6269-4eaf-a82d-f8c3d548975c@group-A60BDC5E8099-FollowerState] INFO  impl.RoleInfo (RoleInfo.java:updateAndGet(130)) - 563bb084-6269-4eaf-a82d-f8c3d548975c: start 563bb084-6269-4eaf-a82d-f8c3d548975c@group-A60BDC5E8099-LeaderElection29
2022-02-12 02:07:58,597 [grpc-default-executor-3] INFO  impl.VoteContext (VoteContext.java:log(48)) - 563bb084-6269-4eaf-a82d-f8c3d548975c@group-A60BDC5E8099-CANDIDATE: reject ELECTION from dbc576bd-ec57-4800-af44-df78a35caa86: our priority 1 > candidate's priority 0
2022-02-12 02:07:58,597 [grpc-default-executor-3] INFO  server.RaftServer$Division (RaftServerImpl.java:setRole(290)) - 563bb084-6269-4eaf-a82d-f8c3d548975c@group-A60BDC5E8099: changes role from CANDIDATE to FOLLOWER at term 3 for candidate:dbc576bd-ec57-4800-af44-df78a35caa86
2022-02-12 02:07:58,597 [grpc-default-executor-3] INFO  impl.RoleInfo (RoleInfo.java:shutdownLeaderElection(121)) - 563bb084-6269-4eaf-a82d-f8c3d548975c: shutdown 563bb084-6269-4eaf-a82d-f8c3d548975c@group-A60BDC5E8099-LeaderElection29
2022-02-12 02:07:58,597 [grpc-default-executor-3] INFO  impl.RoleInfo (RoleInfo.java:updateAndGet(130)) - 563bb084-6269-4eaf-a82d-f8c3d548975c: start 563bb084-6269-4eaf-a82d-f8c3d548975c@group-A60BDC5E8099-FollowerState
2022-02-12 02:07:58,598 [563bb084-6269-4eaf-a82d-f8c3d548975c@group-A60BDC5E8099-LeaderElection29] INFO  impl.LeaderElection (LeaderElection.java:run(230)) - 563bb084-6269-4eaf-a82d-f8c3d548975c@group-A60BDC5E8099-LeaderElection29: skip running since this is already CLOSING
2022-02-12 02:07:58,599 [grpc-default-executor-3] INFO  server.RaftServer$Division (RaftServerImpl.java:requestVote(1078)) - 563bb084-6269-4eaf-a82d-f8c3d548975c@group-A60BDC5E8099 replies to ELECTION vote request: dbc576bd-ec57-4800-af44-df78a35caa86<-563bb084-6269-4eaf-a82d-f8c3d548975c#0:FAIL-t3. Peer's state: 563bb084-6269-4eaf-a82d-f8c3d548975c@group-A60BDC5E8099:t3, leader=null, voted=null, raftlog=563bb084-6269-4eaf-a82d-f8c3d548975c@group-A60BDC5E8099-SegmentedRaftLog:OPENED:c-1, conf=-1: [563bb084-6269-4eaf-a82d-f8c3d548975c|rpc:10.1.0.17:42441|dataStream:|priority:1, 80aad825-1455-44c8-9b95-39dda33c55fc|rpc:10.1.0.17:32927|dataStream:|priority:0, dbc576bd-ec57-4800-af44-df78a35caa86|rpc:10.1.0.17:44991|dataStream:|priority:0], old=null
2022-02-12 02:07:58,599 [grpc-default-executor-2] INFO  impl.VoteContext (VoteContext.java:log(48)) - 563bb084-6269-4eaf-a82d-f8c3d548975c@group-A60BDC5E8099-FOLLOWER: reject ELECTION from 80aad825-1455-44c8-9b95-39dda33c55fc: our priority 1 > candidate's priority 0
2022-02-12 02:07:58,599 [grpc-default-executor-2] INFO  server.RaftServer$Division (RaftServerImpl.java:setRole(290)) - 563bb084-6269-4eaf-a82d-f8c3d548975c@group-A60BDC5E8099: changes role from  FOLLOWER to FOLLOWER at term 3 for candidate:80aad825-1455-44c8-9b95-39dda33c55fc
2022-02-12 02:07:58,599 [grpc-default-executor-2] INFO  impl.RoleInfo (RoleInfo.java:shutdownFollowerState(108)) - 563bb084-6269-4eaf-a82d-f8c3d548975c: shutdown 563bb084-6269-4eaf-a82d-f8c3d548975c@group-A60BDC5E8099-FollowerState
2022-02-12 02:07:58,599 [grpc-default-executor-2] INFO  impl.RoleInfo (RoleInfo.java:updateAndGet(130)) - 563bb084-6269-4eaf-a82d-f8c3d548975c: start 563bb084-6269-4eaf-a82d-f8c3d548975c@group-A60BDC5E8099-FollowerState
2022-02-12 02:07:58,601 [563bb084-6269-4eaf-a82d-f8c3d548975c@group-A60BDC5E8099-FollowerState] INFO  impl.FollowerState (FollowerState.java:run(143)) - 563bb084-6269-4eaf-a82d-f8c3d548975c@group-A60BDC5E8099-FollowerState was interrupted: {}
java.lang.InterruptedException: sleep interrupted
	at java.lang.Thread.sleep(Native Method)
	at java.lang.Thread.sleep(Thread.java:340)
	at java.util.concurrent.TimeUnit.sleep(TimeUnit.java:386)
	at org.apache.ratis.util.TimeDuration.sleep(TimeDuration.java:324)
	at org.apache.ratis.util.TimeDuration.sleep(TimeDuration.java:309)
	at org.apache.ratis.server.impl.FollowerState.run(FollowerState.java:118)
2022-02-12 02:07:58,601 [grpc-default-executor-2] INFO  server.RaftServer$Division (RaftServerImpl.java:requestVote(1078)) - 563bb084-6269-4eaf-a82d-f8c3d548975c@group-A60BDC5E8099 replies to ELECTION vote request: 80aad825-1455-44c8-9b95-39dda33c55fc<-563bb084-6269-4eaf-a82d-f8c3d548975c#0:FAIL-t3. Peer's state: 563bb084-6269-4eaf-a82d-f8c3d548975c@group-A60BDC5E8099:t3, leader=null, voted=null, raftlog=563bb084-6269-4eaf-a82d-f8c3d548975c@group-A60BDC5E8099-SegmentedRaftLog:OPENED:c-1, conf=-1: [563bb084-6269-4eaf-a82d-f8c3d548975c|rpc:10.1.0.17:42441|dataStream:|priority:1, 80aad825-1455-44c8-9b95-39dda33c55fc|rpc:10.1.0.17:32927|dataStream:|priority:0, dbc576bd-ec57-4800-af44-df78a35caa86|rpc:10.1.0.17:44991|dataStream:|priority:0], old=null
2022-02-12 02:07:58,624 [dbc576bd-ec57-4800-af44-df78a35caa86@group-23DD4B820AD7-LeaderElection28] INFO  impl.LeaderElection (LeaderElection.java:askForVotes(306)) - dbc576bd-ec57-4800-af44-df78a35caa86@group-23DD4B820AD7-LeaderElection28 ELECTION round 0: submit vote requests at term 3 for -1: [563bb084-6269-4eaf-a82d-f8c3d548975c|rpc:10.1.0.17:42441|dataStream:|priority:0, 80aad825-1455-44c8-9b95-39dda33c55fc|rpc:10.1.0.17:32927|dataStream:|priority:0, dbc576bd-ec57-4800-af44-df78a35caa86|rpc:10.1.0.17:44991|dataStream:|priority:1], old=null
2022-02-12 02:07:58,627 [grpc-default-executor-0] INFO  server.RaftServer$Division (RaftServerImpl.java:requestVote(1046)) - dbc576bd-ec57-4800-af44-df78a35caa86@group-A60BDC5E8099: receive requestVote(ELECTION, 80aad825-1455-44c8-9b95-39dda33c55fc, group-A60BDC5E8099, 3, (t:0, i:0))
2022-02-12 02:07:58,631 [grpc-default-executor-0] INFO  impl.VoteContext (VoteContext.java:log(48)) - dbc576bd-ec57-4800-af44-df78a35caa86@group-A60BDC5E8099-CANDIDATE: reject ELECTION from 80aad825-1455-44c8-9b95-39dda33c55fc: already has voted for dbc576bd-ec57-4800-af44-df78a35caa86 at current term 3
2022-02-12 02:07:58,631 [grpc-default-executor-0] INFO  server.RaftServer$Division (RaftServerImpl.java:requestVote(1078)) - dbc576bd-ec57-4800-af44-df78a35caa86@group-A60BDC5E8099 replies to ELECTION vote request: 80aad825-1455-44c8-9b95-39dda33c55fc<-dbc576bd-ec57-4800-af44-df78a35caa86#0:FAIL-t3. Peer's state: dbc576bd-ec57-4800-af44-df78a35caa86@group-A60BDC5E8099:t3, leader=null, voted=dbc576bd-ec57-4800-af44-df78a35caa86, raftlog=dbc576bd-ec57-4800-af44-df78a35caa86@group-A60BDC5E8099-SegmentedRaftLog:OPENED:c-1, conf=-1: [563bb084-6269-4eaf-a82d-f8c3d548975c|rpc:10.1.0.17:42441|dataStream:|priority:1, 80aad825-1455-44c8-9b95-39dda33c55fc|rpc:10.1.0.17:32927|dataStream:|priority:0, dbc576bd-ec57-4800-af44-df78a35caa86|rpc:10.1.0.17:44991|dataStream:|priority:0], old=null
2022-02-12 02:07:58,627 [dbc576bd-ec57-4800-af44-df78a35caa86@group-A60BDC5E8099-LeaderElection26] INFO  impl.LeaderElection (LeaderElection.java:logAndReturn(89)) - dbc576bd-ec57-4800-af44-df78a35caa86@group-A60BDC5E8099-LeaderElection26: ELECTION REJECTED received 2 response(s) and 0 exception(s):
2022-02-12 02:07:58,632 [80aad825-1455-44c8-9b95-39dda33c55fc@group-A60BDC5E8099-LeaderElection27] INFO  impl.LeaderElection (LeaderElection.java:logAndReturn(89)) - 80aad825-1455-44c8-9b95-39dda33c55fc@group-A60BDC5E8099-LeaderElection27: ELECTION REJECTED received 1 response(s) and 0 exception(s):
2022-02-12 02:07:58,634 [80aad825-1455-44c8-9b95-39dda33c55fc@group-A60BDC5E8099-LeaderElection27] INFO  impl.LeaderElection (LeaderElection.java:logAndReturn(93)) -   Response 0: 80aad825-1455-44c8-9b95-39dda33c55fc<-563bb084-6269-4eaf-a82d-f8c3d548975c#0:FAIL-t3
2022-02-12 02:07:58,634 [dbc576bd-ec57-4800-af44-df78a35caa86@group-A60BDC5E8099-LeaderElection26] INFO  impl.LeaderElection (LeaderElection.java:logAndReturn(93)) -   Response 0: dbc576bd-ec57-4800-af44-df78a35caa86<-563bb084-6269-4eaf-a82d-f8c3d548975c#0:FAIL-t3
2022-02-12 02:07:58,634 [dbc576bd-ec57-4800-af44-df78a35caa86@group-A60BDC5E8099-LeaderElection26] INFO  impl.LeaderElection (LeaderElection.java:logAndReturn(93)) -   Response 1: dbc576bd-ec57-4800-af44-df78a35caa86<-80aad825-1455-44c8-9b95-39dda33c55fc#0:FAIL-t3
2022-02-12 02:07:58,634 [dbc576bd-ec57-4800-af44-df78a35caa86@group-A60BDC5E8099-LeaderElection26] INFO  impl.LeaderElection (LeaderElection.java:askForVotes(308)) - dbc576bd-ec57-4800-af44-df78a35caa86@group-A60BDC5E8099-LeaderElection26 ELECTION round 0: result REJECTED
2022-02-12 02:07:58,634 [dbc576bd-ec57-4800-af44-df78a35caa86@group-A60BDC5E8099-LeaderElection26] INFO  server.RaftServer$Division (RaftServerImpl.java:setRole(290)) - dbc576bd-ec57-4800-af44-df78a35caa86@group-A60BDC5E8099: changes role from CANDIDATE to FOLLOWER at term 3 for REJECTED
2022-02-12 02:07:58,635 [dbc576bd-ec57-4800-af44-df78a35caa86@group-A60BDC5E8099-LeaderElection26] INFO  impl.RoleInfo (RoleInfo.java:shutdownLeaderElection(121)) - dbc576bd-ec57-4800-af44-df78a35caa86: shutdown dbc576bd-ec57-4800-af44-df78a35caa86@group-A60BDC5E8099-LeaderElection26
2022-02-12 02:07:58,635 [dbc576bd-ec57-4800-af44-df78a35caa86@group-A60BDC5E8099-LeaderElection26] INFO  impl.RoleInfo (RoleInfo.java:updateAndGet(130)) - dbc576bd-ec57-4800-af44-df78a35caa86: start dbc576bd-ec57-4800-af44-df78a35caa86@group-A60BDC5E8099-FollowerState
2022-02-12 02:07:58,634 [80aad825-1455-44c8-9b95-39dda33c55fc@group-A60BDC5E8099-LeaderElection27] INFO  impl.LeaderElection (LeaderElection.java:askForVotes(308)) - 80aad825-1455-44c8-9b95-39dda33c55fc@group-A60BDC5E8099-LeaderElection27 ELECTION round 0: result REJECTED
2022-02-12 02:07:58,635 [80aad825-1455-44c8-9b95-39dda33c55fc@group-A60BDC5E8099-LeaderElection27] INFO  server.RaftServer$Division (RaftServerImpl.java:setRole(290)) - 80aad825-1455-44c8-9b95-39dda33c55fc@group-A60BDC5E8099: changes role from CANDIDATE to FOLLOWER at term 3 for REJECTED
2022-02-12 02:07:58,635 [80aad825-1455-44c8-9b95-39dda33c55fc@group-A60BDC5E8099-LeaderElection27] INFO  impl.RoleInfo (RoleInfo.java:shutdownLeaderElection(121)) - 80aad825-1455-44c8-9b95-39dda33c55fc: shutdown 80aad825-1455-44c8-9b95-39dda33c55fc@group-A60BDC5E8099-LeaderElection27
2022-02-12 02:07:58,640 [grpc-default-executor-0] INFO  server.RaftServer$Division (RaftServerImpl.java:requestVote(1046)) - 563bb084-6269-4eaf-a82d-f8c3d548975c@group-23DD4B820AD7: receive requestVote(ELECTION, dbc576bd-ec57-4800-af44-df78a35caa86, group-23DD4B820AD7, 3, (t:0, i:0))
2022-02-12 02:07:58,640 [grpc-default-executor-0] INFO  impl.VoteContext (VoteContext.java:log(48)) - 563bb084-6269-4eaf-a82d-f8c3d548975c@group-23DD4B820AD7-FOLLOWER: accept ELECTION from dbc576bd-ec57-4800-af44-df78a35caa86: our priority 0 <= candidate's priority 1
2022-02-12 02:07:58,640 [grpc-default-executor-0] INFO  server.RaftServer$Division (RaftServerImpl.java:setRole(290)) - 563bb084-6269-4eaf-a82d-f8c3d548975c@group-23DD4B820AD7: changes role from  FOLLOWER to FOLLOWER at term 3 for candidate:dbc576bd-ec57-4800-af44-df78a35caa86
2022-02-12 02:07:58,640 [grpc-default-executor-0] INFO  impl.RoleInfo (RoleInfo.java:shutdownFollowerState(108)) - 563bb084-6269-4eaf-a82d-f8c3d548975c: shutdown 563bb084-6269-4eaf-a82d-f8c3d548975c@group-23DD4B820AD7-FollowerState
2022-02-12 02:07:58,640 [grpc-default-executor-0] INFO  impl.RoleInfo (RoleInfo.java:updateAndGet(130)) - 563bb084-6269-4eaf-a82d-f8c3d548975c: start 563bb084-6269-4eaf-a82d-f8c3d548975c@group-23DD4B820AD7-FollowerState
2022-02-12 02:07:58,640 [563bb084-6269-4eaf-a82d-f8c3d548975c@group-23DD4B820AD7-FollowerState] INFO  impl.FollowerState (FollowerState.java:run(143)) - 563bb084-6269-4eaf-a82d-f8c3d548975c@group-23DD4B820AD7-FollowerState was interrupted: {}
java.lang.InterruptedException: sleep interrupted
	at java.lang.Thread.sleep(Native Method)
	at java.lang.Thread.sleep(Thread.java:340)
	at java.util.concurrent.TimeUnit.sleep(TimeUnit.java:386)
	at org.apache.ratis.util.TimeDuration.sleep(TimeDuration.java:324)
	at org.apache.ratis.util.TimeDuration.sleep(TimeDuration.java:309)
	at org.apache.ratis.server.impl.FollowerState.run(FollowerState.java:118)
2022-02-12 02:07:58,643 [grpc-default-executor-2] INFO  server.RaftServer$Division (RaftServerImpl.java:requestVote(1046)) - 80aad825-1455-44c8-9b95-39dda33c55fc@group-23DD4B820AD7: receive requestVote(ELECTION, dbc576bd-ec57-4800-af44-df78a35caa86, group-23DD4B820AD7, 3, (t:0, i:0))
2022-02-12 02:07:58,643 [grpc-default-executor-2] INFO  impl.VoteContext (VoteContext.java:log(48)) - 80aad825-1455-44c8-9b95-39dda33c55fc@group-23DD4B820AD7-FOLLOWER: accept ELECTION from dbc576bd-ec57-4800-af44-df78a35caa86: our priority 0 <= candidate's priority 1
2022-02-12 02:07:58,643 [grpc-default-executor-2] INFO  server.RaftServer$Division (RaftServerImpl.java:setRole(290)) - 80aad825-1455-44c8-9b95-39dda33c55fc@group-23DD4B820AD7: changes role from  FOLLOWER to FOLLOWER at term 3 for candidate:dbc576bd-ec57-4800-af44-df78a35caa86
2022-02-12 02:07:58,643 [grpc-default-executor-2] INFO  impl.RoleInfo (RoleInfo.java:shutdownFollowerState(108)) - 80aad825-1455-44c8-9b95-39dda33c55fc: shutdown 80aad825-1455-44c8-9b95-39dda33c55fc@group-23DD4B820AD7-FollowerState
2022-02-12 02:07:58,643 [grpc-default-executor-2] INFO  impl.RoleInfo (RoleInfo.java:updateAndGet(130)) - 80aad825-1455-44c8-9b95-39dda33c55fc: start 80aad825-1455-44c8-9b95-39dda33c55fc@group-23DD4B820AD7-FollowerState
2022-02-12 02:07:58,643 [grpc-default-executor-0] INFO  server.RaftServer$Division (RaftServerImpl.java:requestVote(1078)) - 563bb084-6269-4eaf-a82d-f8c3d548975c@group-23DD4B820AD7 replies to ELECTION vote request: dbc576bd-ec57-4800-af44-df78a35caa86<-563bb084-6269-4eaf-a82d-f8c3d548975c#0:OK-t3. Peer's state: 563bb084-6269-4eaf-a82d-f8c3d548975c@group-23DD4B820AD7:t3, leader=null, voted=dbc576bd-ec57-4800-af44-df78a35caa86, raftlog=563bb084-6269-4eaf-a82d-f8c3d548975c@group-23DD4B820AD7-SegmentedRaftLog:OPENED:c-1, conf=-1: [563bb084-6269-4eaf-a82d-f8c3d548975c|rpc:10.1.0.17:42441|dataStream:|priority:0, 80aad825-1455-44c8-9b95-39dda33c55fc|rpc:10.1.0.17:32927|dataStream:|priority:0, dbc576bd-ec57-4800-af44-df78a35caa86|rpc:10.1.0.17:44991|dataStream:|priority:1], old=null
2022-02-12 02:07:58,643 [80aad825-1455-44c8-9b95-39dda33c55fc@group-A60BDC5E8099-LeaderElection27] INFO  impl.RoleInfo (RoleInfo.java:updateAndGet(130)) - 80aad825-1455-44c8-9b95-39dda33c55fc: start 80aad825-1455-44c8-9b95-39dda33c55fc@group-A60BDC5E8099-FollowerState
2022-02-12 02:07:58,643 [80aad825-1455-44c8-9b95-39dda33c55fc@group-23DD4B820AD7-FollowerState] INFO  impl.FollowerState (FollowerState.java:run(143)) - 80aad825-1455-44c8-9b95-39dda33c55fc@group-23DD4B820AD7-FollowerState was interrupted: {}
java.lang.InterruptedException: sleep interrupted
	at java.lang.Thread.sleep(Native Method)
	at java.lang.Thread.sleep(Thread.java:340)
	at java.util.concurrent.TimeUnit.sleep(TimeUnit.java:386)
	at org.apache.ratis.util.TimeDuration.sleep(TimeDuration.java:324)
	at org.apache.ratis.util.TimeDuration.sleep(TimeDuration.java:309)
	at org.apache.ratis.server.impl.FollowerState.run(FollowerState.java:118)
2022-02-12 02:07:58,646 [grpc-default-executor-2] INFO  server.RaftServer$Division (RaftServerImpl.java:requestVote(1078)) - 80aad825-1455-44c8-9b95-39dda33c55fc@group-23DD4B820AD7 replies to ELECTION vote request: dbc576bd-ec57-4800-af44-df78a35caa86<-80aad825-1455-44c8-9b95-39dda33c55fc#0:OK-t3. Peer's state: 80aad825-1455-44c8-9b95-39dda33c55fc@group-23DD4B820AD7:t3, leader=null, voted=dbc576bd-ec57-4800-af44-df78a35caa86, raftlog=80aad825-1455-44c8-9b95-39dda33c55fc@group-23DD4B820AD7-SegmentedRaftLog:OPENED:c-1, conf=-1: [563bb084-6269-4eaf-a82d-f8c3d548975c|rpc:10.1.0.17:42441|priority:0, 80aad825-1455-44c8-9b95-39dda33c55fc|rpc:10.1.0.17:32927|priority:0, dbc576bd-ec57-4800-af44-df78a35caa86|rpc:10.1.0.17:44991|priority:1], old=null
2022-02-12 02:07:58,666 [dbc576bd-ec57-4800-af44-df78a35caa86@group-23DD4B820AD7-LeaderElection28] INFO  impl.LeaderElection (LeaderElection.java:logAndReturn(89)) - dbc576bd-ec57-4800-af44-df78a35caa86@group-23DD4B820AD7-LeaderElection28: ELECTION PASSED received 1 response(s) and 0 exception(s):
2022-02-12 02:07:58,666 [dbc576bd-ec57-4800-af44-df78a35caa86@group-23DD4B820AD7-LeaderElection28] INFO  impl.LeaderElection (LeaderElection.java:logAndReturn(93)) -   Response 0: dbc576bd-ec57-4800-af44-df78a35caa86<-563bb084-6269-4eaf-a82d-f8c3d548975c#0:OK-t3
2022-02-12 02:07:58,666 [dbc576bd-ec57-4800-af44-df78a35caa86@group-23DD4B820AD7-LeaderElection28] INFO  impl.LeaderElection (LeaderElection.java:askForVotes(308)) - dbc576bd-ec57-4800-af44-df78a35caa86@group-23DD4B820AD7-LeaderElection28 ELECTION round 0: result PASSED
2022-02-12 02:07:58,666 [dbc576bd-ec57-4800-af44-df78a35caa86@group-23DD4B820AD7-LeaderElection28] INFO  impl.RoleInfo (RoleInfo.java:shutdownLeaderElection(121)) - dbc576bd-ec57-4800-af44-df78a35caa86: shutdown dbc576bd-ec57-4800-af44-df78a35caa86@group-23DD4B820AD7-LeaderElection28
2022-02-12 02:07:58,666 [dbc576bd-ec57-4800-af44-df78a35caa86@group-23DD4B820AD7-LeaderElection28] INFO  server.RaftServer$Division (RaftServerImpl.java:setRole(290)) - dbc576bd-ec57-4800-af44-df78a35caa86@group-23DD4B820AD7: changes role from CANDIDATE to LEADER at term 3 for changeToLeader
2022-02-12 02:07:58,666 [dbc576bd-ec57-4800-af44-df78a35caa86@group-23DD4B820AD7-LeaderElection28] INFO  ratis.XceiverServerRatis (XceiverServerRatis.java:handleLeaderChangedNotification(866)) - Leader change notification received for group: group-23DD4B820AD7 with new leaderId: dbc576bd-ec57-4800-af44-df78a35caa86
2022-02-12 02:07:58,666 [dbc576bd-ec57-4800-af44-df78a35caa86@group-23DD4B820AD7-LeaderElection28] INFO  server.RaftServer$Division (ServerState.java:setLeader(285)) - dbc576bd-ec57-4800-af44-df78a35caa86@group-23DD4B820AD7: change Leader from null to dbc576bd-ec57-4800-af44-df78a35caa86 at term 3 for becomeLeader, leader elected after 15256ms
2022-02-12 02:07:58,666 [dbc576bd-ec57-4800-af44-df78a35caa86@group-23DD4B820AD7-LeaderElection28] INFO  server.RaftServerConfigKeys (ConfUtils.java:logGet(44)) - raft.server.staging.catchup.gap = 1000 (default)
2022-02-12 02:07:58,667 [dbc576bd-ec57-4800-af44-df78a35caa86@group-23DD4B820AD7-LeaderElection28] INFO  server.RaftServerConfigKeys (ConfUtils.java:logGet(44)) - raft.server.write.element-limit = 1024 (custom)
2022-02-12 02:07:58,667 [dbc576bd-ec57-4800-af44-df78a35caa86@group-23DD4B820AD7-LeaderElection28] INFO  server.RaftServerConfigKeys (ConfUtils.java:logGet(44)) - raft.server.write.byte-limit = 1024 M (=1073741824) (custom)
2022-02-12 02:07:58,667 [dbc576bd-ec57-4800-af44-df78a35caa86@group-23DD4B820AD7-LeaderElection28] INFO  server.RaftServerConfigKeys (ConfUtils.java:logGet(44)) - raft.server.watch.timeout = 180s (custom)
2022-02-12 02:07:58,667 [dbc576bd-ec57-4800-af44-df78a35caa86@group-23DD4B820AD7-LeaderElection28] INFO  server.RaftServerConfigKeys (ConfUtils.java:logGet(44)) - raft.server.watch.timeout.denomination = 1s (default)
2022-02-12 02:07:58,667 [dbc576bd-ec57-4800-af44-df78a35caa86@group-23DD4B820AD7-LeaderElection28] INFO  server.RaftServerConfigKeys (ConfUtils.java:logGet(44)) - raft.server.watch.element-limit = 65536 (default)
2022-02-12 02:07:58,667 [dbc576bd-ec57-4800-af44-df78a35caa86@group-23DD4B820AD7-LeaderElection28] INFO  server.RaftServerConfigKeys (ConfUtils.java:logGet(44)) - raft.server.write.element-limit = 1024 (custom)
2022-02-12 02:07:58,667 [dbc576bd-ec57-4800-af44-df78a35caa86@group-23DD4B820AD7-LeaderElection28] INFO  server.RaftServerConfigKeys (ConfUtils.java:logGet(44)) - raft.server.write.follower.gap.ratio.max = -1.0 (default)
2022-02-12 02:07:58,667 [dbc576bd-ec57-4800-af44-df78a35caa86@group-23DD4B820AD7-LeaderElection28] INFO  server.RaftServerConfigKeys (ConfUtils.java:logGet(44)) - raft.server.log.appender.snapshot.chunk.size.max = 16MB (=16777216) (default)
2022-02-12 02:07:58,667 [dbc576bd-ec57-4800-af44-df78a35caa86@group-23DD4B820AD7-LeaderElection28] INFO  server.RaftServerConfigKeys (ConfUtils.java:logGet(44)) - raft.server.log.appender.buffer.byte-limit = 33554432 (custom)
2022-02-12 02:07:58,667 [dbc576bd-ec57-4800-af44-df78a35caa86@group-23DD4B820AD7-LeaderElection28] INFO  server.RaftServerConfigKeys (ConfUtils.java:logGet(44)) - raft.server.log.appender.buffer.element-limit = 1 (custom)
2022-02-12 02:07:58,667 [dbc576bd-ec57-4800-af44-df78a35caa86@group-23DD4B820AD7-LeaderElection28] INFO  grpc.GrpcConfigKeys (ConfUtils.java:logGet(44)) - raft.grpc.server.leader.outstanding.appends.max = 128 (default)
2022-02-12 02:07:58,668 [dbc576bd-ec57-4800-af44-df78a35caa86@group-23DD4B820AD7-LeaderElection28] INFO  server.RaftServerConfigKeys (ConfUtils.java:logGet(44)) - raft.server.rpc.request.timeout = 60s (custom)
2022-02-12 02:07:58,668 [dbc576bd-ec57-4800-af44-df78a35caa86@group-23DD4B820AD7-LeaderElection28] INFO  server.RaftServerConfigKeys (ConfUtils.java:logGet(44)) - raft.server.log.appender.install.snapshot.enabled = false (custom)
2022-02-12 02:07:58,669 [dbc576bd-ec57-4800-af44-df78a35caa86@group-23DD4B820AD7-LeaderElection28] INFO  server.RaftServerConfigKeys (ConfUtils.java:logGet(44)) - raft.server.log.appender.snapshot.chunk.size.max = 16MB (=16777216) (default)
2022-02-12 02:07:58,669 [dbc576bd-ec57-4800-af44-df78a35caa86@group-23DD4B820AD7-LeaderElection28] INFO  server.RaftServerConfigKeys (ConfUtils.java:logGet(44)) - raft.server.log.appender.buffer.byte-limit = 33554432 (custom)
2022-02-12 02:07:58,669 [EventQueue-PipelineReportForPipelineReportHandler] INFO  pipeline.PipelineManagerImpl (PipelineManagerImpl.java:openPipeline(291)) - Pipeline Pipeline[ Id: 7478c8ab-e15e-4858-9ff5-23dd4b820ad7, Nodes: 80aad825-1455-44c8-9b95-39dda33c55fc{ip: 10.1.0.17, host: fv-az395-998.zfmzfyrfkyou3ow0tsr0jxwq1e.bx.internal.cloudapp.net, ports: [REPLICATION=36553, RATIS=32927, RATIS_ADMIN=32927, RATIS_SERVER=32927, STANDALONE=43409], networkLocation: /default-rack, certSerialId: null, persistedOpState: IN_SERVICE, persistedOpStateExpiryEpochSec: 0}dbc576bd-ec57-4800-af44-df78a35caa86{ip: 10.1.0.17, host: fv-az395-998.zfmzfyrfkyou3ow0tsr0jxwq1e.bx.internal.cloudapp.net, ports: [REPLICATION=40771, RATIS=44991, RATIS_ADMIN=44991, RATIS_SERVER=44991, STANDALONE=34585], networkLocation: /default-rack, certSerialId: null, persistedOpState: IN_SERVICE, persistedOpStateExpiryEpochSec: 0}563bb084-6269-4eaf-a82d-f8c3d548975c{ip: 10.1.0.17, host: fv-az395-998.zfmzfyrfkyou3ow0tsr0jxwq1e.bx.internal.cloudapp.net, ports: [REPLICATION=44007, RATIS=42441, RATIS_ADMIN=42441, RATIS_SERVER=42441, STANDALONE=42853], networkLocation: /default-rack, certSerialId: null, persistedOpState: IN_SERVICE, persistedOpStateExpiryEpochSec: 0}, ReplicationConfig: RATIS/THREE, State:ALLOCATED, leaderId:dbc576bd-ec57-4800-af44-df78a35caa86, CreationTimestamp2022-02-12T02:07:41.140Z[Etc/UTC]] moved to OPEN state
2022-02-12 02:07:58,669 [dbc576bd-ec57-4800-af44-df78a35caa86@group-23DD4B820AD7-LeaderElection28] INFO  server.RaftServerConfigKeys (ConfUtils.java:logGet(44)) - raft.server.log.appender.buffer.element-limit = 1 (custom)
2022-02-12 02:07:58,670 [dbc576bd-ec57-4800-af44-df78a35caa86@group-23DD4B820AD7-LeaderElection28] INFO  grpc.GrpcConfigKeys (ConfUtils.java:logGet(44)) - raft.grpc.server.leader.outstanding.appends.max = 128 (default)
2022-02-12 02:07:58,670 [dbc576bd-ec57-4800-af44-df78a35caa86@group-23DD4B820AD7-LeaderElection28] INFO  server.RaftServerConfigKeys (ConfUtils.java:logGet(44)) - raft.server.rpc.request.timeout = 60s (custom)
2022-02-12 02:07:58,670 [dbc576bd-ec57-4800-af44-df78a35caa86@group-23DD4B820AD7-LeaderElection28] INFO  server.RaftServerConfigKeys (ConfUtils.java:logGet(44)) - raft.server.log.appender.install.snapshot.enabled = false (custom)
2022-02-12 02:07:58,671 [dbc576bd-ec57-4800-af44-df78a35caa86@group-23DD4B820AD7-LeaderElection28] INFO  impl.RoleInfo (RoleInfo.java:updateAndGet(130)) - dbc576bd-ec57-4800-af44-df78a35caa86: start dbc576bd-ec57-4800-af44-df78a35caa86@group-23DD4B820AD7-LeaderStateImpl
2022-02-12 02:07:58,671 [dbc576bd-ec57-4800-af44-df78a35caa86@group-23DD4B820AD7-LeaderElection28] INFO  segmented.SegmentedRaftLogWorker (SegmentedRaftLogWorker.java:startLogSegment(394)) - dbc576bd-ec57-4800-af44-df78a35caa86@group-23DD4B820AD7-SegmentedRaftLogWorker: Starting segment from index:0
2022-02-12 02:07:58,672 [30022ef7-21f3-4f35-b657-3de7ef8be931@group-38E83FF8BE47-StateMachineUpdater] INFO  safemode.HealthyPipelineSafeModeRule (HealthyPipelineSafeModeRule.java:initializeRule(152)) - Refreshed total pipeline count is 1, healthy pipeline threshold count is 1
2022-02-12 02:07:58,677 [EventQueue-OpenPipelineForHealthyPipelineSafeModeRule] INFO  safemode.SCMSafeModeManager (HealthyPipelineSafeModeRule.java:process(124)) - SCM in safe mode. Healthy pipelines reported count is 1, required healthy pipeline reported count is 1
2022-02-12 02:07:58,677 [EventQueue-OpenPipelineForHealthyPipelineSafeModeRule] INFO  safemode.SCMSafeModeManager (SCMSafeModeManager.java:validateSafeModeExitRules(204)) - HealthyPipelineSafeModeRule rule is successfully validated
2022-02-12 02:07:58,677 [EventQueue-OpenPipelineForHealthyPipelineSafeModeRule] INFO  safemode.SCMSafeModeManager (SCMSafeModeManager.java:validateSafeModeExitRules(219)) - ScmSafeModeManager, all rules are successfully validated
2022-02-12 02:07:58,677 [EventQueue-OpenPipelineForHealthyPipelineSafeModeRule] INFO  safemode.SCMSafeModeManager (SCMSafeModeManager.java:exitSafeMode(248)) - SCM exiting safe mode.
2022-02-12 02:07:58,677 [EventQueue-OpenPipelineForHealthyPipelineSafeModeRule] WARN  events.EventQueue (EventQueue.java:fireEvent(194)) - No event handler registered for event TypedEvent{payloadType=SafeModeStatus, name='Safe mode status'}
2022-02-12 02:07:58,677 [EventQueue-OpenPipelineForHealthyPipelineSafeModeRule] INFO  ha.SCMContext (SCMContext.java:updateSafeModeStatus(211)) - Update SafeModeStatus from SafeModeStatus{safeModeStatus=true, preCheckPassed=true} to SafeModeStatus{safeModeStatus=false, preCheckPassed=true}.
2022-02-12 02:07:58,677 [EventQueue-OpenPipelineForHealthyPipelineSafeModeRule] INFO  container.ReplicationManager (ReplicationManager.java:notifyStatusChanged(1807)) - Service ReplicationManager transitions to RUNNING.
2022-02-12 02:07:58,681 [dbc576bd-ec57-4800-af44-df78a35caa86@group-23DD4B820AD7-SegmentedRaftLogWorker] INFO  segmented.SegmentedRaftLogWorker (SegmentedRaftLogWorker.java:execute(601)) - dbc576bd-ec57-4800-af44-df78a35caa86@group-23DD4B820AD7-SegmentedRaftLogWorker: created new log segment /home/runner/work/ozone/ozone/hadoop-ozone/integration-test/target/test-dir/MiniOzoneClusterImpl-aab2a9ef-fee9-490a-83f8-38e83ff8be47/datanode-2/data/ratis/7478c8ab-e15e-4858-9ff5-23dd4b820ad7/current/log_inprogress_0
2022-02-12 02:07:58,694 [grpc-default-executor-0] INFO  ratis.XceiverServerRatis (XceiverServerRatis.java:handleLeaderChangedNotification(866)) - Leader change notification received for group: group-23DD4B820AD7 with new leaderId: dbc576bd-ec57-4800-af44-df78a35caa86
2022-02-12 02:07:58,694 [grpc-default-executor-0] INFO  server.RaftServer$Division (ServerState.java:setLeader(285)) - 80aad825-1455-44c8-9b95-39dda33c55fc@group-23DD4B820AD7: change Leader from null to dbc576bd-ec57-4800-af44-df78a35caa86 at term 3 for appendEntries, leader elected after 15336ms
2022-02-12 02:07:58,704 [dbc576bd-ec57-4800-af44-df78a35caa86@group-23DD4B820AD7-LeaderElection28] INFO  server.RaftServer$Division (ServerState.java:setRaftConf(387)) - dbc576bd-ec57-4800-af44-df78a35caa86@group-23DD4B820AD7: set configuration 0: [563bb084-6269-4eaf-a82d-f8c3d548975c|rpc:10.1.0.17:42441|dataStream:|priority:0, 80aad825-1455-44c8-9b95-39dda33c55fc|rpc:10.1.0.17:32927|dataStream:|priority:0, dbc576bd-ec57-4800-af44-df78a35caa86|rpc:10.1.0.17:44991|dataStream:|priority:1], old=null
2022-02-12 02:07:58,712 [grpc-default-executor-0] INFO  ratis.XceiverServerRatis (XceiverServerRatis.java:handleLeaderChangedNotification(866)) - Leader change notification received for group: group-23DD4B820AD7 with new leaderId: dbc576bd-ec57-4800-af44-df78a35caa86
2022-02-12 02:07:58,712 [grpc-default-executor-0] INFO  server.RaftServer$Division (ServerState.java:setLeader(285)) - 563bb084-6269-4eaf-a82d-f8c3d548975c@group-23DD4B820AD7: change Leader from null to dbc576bd-ec57-4800-af44-df78a35caa86 at term 3 for appendEntries, leader elected after 15235ms
2022-02-12 02:07:58,723 [grpc-default-executor-2] INFO  server.RaftServer$Division (ServerState.java:setRaftConf(387)) - 80aad825-1455-44c8-9b95-39dda33c55fc@group-23DD4B820AD7: set configuration 0: [563bb084-6269-4eaf-a82d-f8c3d548975c|rpc:10.1.0.17:42441|dataStream:|priority:0, 80aad825-1455-44c8-9b95-39dda33c55fc|rpc:10.1.0.17:32927|dataStream:|priority:0, dbc576bd-ec57-4800-af44-df78a35caa86|rpc:10.1.0.17:44991|dataStream:|priority:1], old=null
2022-02-12 02:07:58,724 [grpc-default-executor-0] INFO  server.RaftServer$Division (ServerState.java:setRaftConf(387)) - 563bb084-6269-4eaf-a82d-f8c3d548975c@group-23DD4B820AD7: set configuration 0: [563bb084-6269-4eaf-a82d-f8c3d548975c|rpc:10.1.0.17:42441|dataStream:|priority:0, 80aad825-1455-44c8-9b95-39dda33c55fc|rpc:10.1.0.17:32927|dataStream:|priority:0, dbc576bd-ec57-4800-af44-df78a35caa86|rpc:10.1.0.17:44991|dataStream:|priority:1], old=null
2022-02-12 02:07:58,728 [grpc-default-executor-0] INFO  segmented.SegmentedRaftLogWorker (SegmentedRaftLogWorker.java:startLogSegment(394)) - 563bb084-6269-4eaf-a82d-f8c3d548975c@group-23DD4B820AD7-SegmentedRaftLogWorker: Starting segment from index:0
2022-02-12 02:07:58,728 [grpc-default-executor-2] INFO  segmented.SegmentedRaftLogWorker (SegmentedRaftLogWorker.java:startLogSegment(394)) - 80aad825-1455-44c8-9b95-39dda33c55fc@group-23DD4B820AD7-SegmentedRaftLogWorker: Starting segment from index:0
2022-02-12 02:07:58,729 [563bb084-6269-4eaf-a82d-f8c3d548975c@group-23DD4B820AD7-SegmentedRaftLogWorker] INFO  segmented.SegmentedRaftLogWorker (SegmentedRaftLogWorker.java:execute(601)) - 563bb084-6269-4eaf-a82d-f8c3d548975c@group-23DD4B820AD7-SegmentedRaftLogWorker: created new log segment /home/runner/work/ozone/ozone/hadoop-ozone/integration-test/target/test-dir/MiniOzoneClusterImpl-aab2a9ef-fee9-490a-83f8-38e83ff8be47/datanode-1/data/ratis/7478c8ab-e15e-4858-9ff5-23dd4b820ad7/current/log_inprogress_0
2022-02-12 02:07:58,735 [80aad825-1455-44c8-9b95-39dda33c55fc@group-23DD4B820AD7-SegmentedRaftLogWorker] INFO  segmented.SegmentedRaftLogWorker (SegmentedRaftLogWorker.java:execute(601)) - 80aad825-1455-44c8-9b95-39dda33c55fc@group-23DD4B820AD7-SegmentedRaftLogWorker: created new log segment /home/runner/work/ozone/ozone/hadoop-ozone/integration-test/target/test-dir/MiniOzoneClusterImpl-aab2a9ef-fee9-490a-83f8-38e83ff8be47/datanode-0/data/ratis/7478c8ab-e15e-4858-9ff5-23dd4b820ad7/current/log_inprogress_0
2022-02-12 02:07:59,051 [Listener at 127.0.0.1/33473] INFO  ozone.MiniOzoneClusterImpl (MiniOzoneClusterImpl.java:lambda$waitForClusterToBeReady$0(219)) - Nodes are ready. Got 3 of 3 DN Heartbeats.
2022-02-12 02:07:59,051 [Listener at 127.0.0.1/33473] INFO  ozone.MiniOzoneClusterImpl (MiniOzoneClusterImpl.java:lambda$waitForClusterToBeReady$0(222)) - Cluster exits safe mode
2022-02-12 02:07:59,051 [Listener at 127.0.0.1/33473] INFO  ozone.MiniOzoneClusterImpl (MiniOzoneClusterImpl.java:lambda$waitForClusterToBeReady$0(224)) - SCM became leader
2022-02-12 02:07:59,075 [Listener at 127.0.0.1/33473] INFO  rpc.RpcClient (RpcClient.java:createVolume(399)) - Creating Volume: volume53110, with user29078 as owner and space quota set to -1 bytes, counts quota set to -1
2022-02-12 02:07:59,105 [OM StateMachine ApplyTransaction Thread - 0] INFO  volume.OMVolumeCreateRequest (OMVolumeCreateRequest.java:validateAndUpdateCache(195)) - created volume:volume53110 for user:user29078
2022-02-12 02:07:59,115 [Listener at 127.0.0.1/33473] INFO  rpc.RpcClient (RpcClient.java:createBucket(562)) - Creating Bucket: volume53110/bucket67353, with runner as owner and Versioning false and Storage Type set to DISK and Encryption set to false 
]]></system-out>
  </testcase>
  <testcase name="testRenameFile[1]" classname="org.apache.hadoop.fs.ozone.TestRootedOzoneFileSystem" time="0.103"/>
  <testcase name="testListStatusRootAndVolumeRecursive[1]" classname="org.apache.hadoop.fs.ozone.TestRootedOzoneFileSystem" time="0.878"/>
  <testcase name="testTempMount[1]" classname="org.apache.hadoop.fs.ozone.TestRootedOzoneFileSystem" time="0.233"/>
  <testcase name="testListStatusRootAndVolumeNonRecursive[1]" classname="org.apache.hadoop.fs.ozone.TestRootedOzoneFileSystem" time="0.476"/>
  <testcase name="testDeleteVolumeAndBucket[1]" classname="org.apache.hadoop.fs.ozone.TestRootedOzoneFileSystem" time="0.049"/>
  <testcase name="testRenameDirToItsOwnSubDir[1]" classname="org.apache.hadoop.fs.ozone.TestRootedOzoneFileSystem" time="0.018"/>
  <testcase name="testOzoneFsServiceLoader[1]" classname="org.apache.hadoop.fs.ozone.TestRootedOzoneFileSystem" time="0.063"/>
  <testcase name="testTrash[1]" classname="org.apache.hadoop.fs.ozone.TestRootedOzoneFileSystem" time="0">
    <skipped/>
  </testcase>
  <testcase name="testRenameDestinationParentDoesntExist[1]" classname="org.apache.hadoop.fs.ozone.TestRootedOzoneFileSystem" time="0.034"/>
  <testcase name="testGetFileStatusRoot[1]" classname="org.apache.hadoop.fs.ozone.TestRootedOzoneFileSystem" time="0.008"/>
  <testcase name="testCreateWithInvalidPaths[1]" classname="org.apache.hadoop.fs.ozone.TestRootedOzoneFileSystem" time="0.018"/>
  <testcase name="testDeleteEmptyVolume[1]" classname="org.apache.hadoop.fs.ozone.TestRootedOzoneFileSystem" time="0.042"/>
  <testcase name="testListStatusRootAndVolumeContinuation[1]" classname="org.apache.hadoop.fs.ozone.TestRootedOzoneFileSystem" time="0">
    <skipped message="FS Path is enabled. Skipping this test as it is not tuned for FS Path yet" type="org.junit.AssumptionViolatedException">org.junit.AssumptionViolatedException: FS Path is enabled. Skipping this test as it is not tuned for FS Path yet
	at org.junit.Assume.assumeTrue(Assume.java:68)
	at org.apache.hadoop.fs.ozone.TestRootedOzoneFileSystem.testListStatusRootAndVolumeContinuation(TestRootedOzoneFileSystem.java:887)
	at sun.reflect.NativeMethodAccessorImpl.invoke0(Native Method)
	at sun.reflect.NativeMethodAccessorImpl.invoke(NativeMethodAccessorImpl.java:62)
	at sun.reflect.DelegatingMethodAccessorImpl.invoke(DelegatingMethodAccessorImpl.java:43)
	at java.lang.reflect.Method.invoke(Method.java:498)
	at org.junit.runners.model.FrameworkMethod$1.runReflectiveCall(FrameworkMethod.java:59)
	at org.junit.internal.runners.model.ReflectiveCallable.run(ReflectiveCallable.java:12)
	at org.junit.runners.model.FrameworkMethod.invokeExplosively(FrameworkMethod.java:56)
	at org.junit.internal.runners.statements.InvokeMethod.evaluate(InvokeMethod.java:17)
	at org.junit.internal.runners.statements.FailOnTimeout$CallableStatement.call(FailOnTimeout.java:288)
	at org.junit.internal.runners.statements.FailOnTimeout$CallableStatement.call(FailOnTimeout.java:282)
	at java.util.concurrent.FutureTask.run(FutureTask.java:266)
	at java.lang.Thread.run(Thread.java:748)
</skipped>
  </testcase>
  <testcase name="testDeleteVolumeBucketAndKey[1]" classname="org.apache.hadoop.fs.ozone.TestRootedOzoneFileSystem" time="0.081"/>
  <testcase name="testRenameToParentDir[1]" classname="org.apache.hadoop.fs.ozone.TestRootedOzoneFileSystem" time="0.074"/>
  <testcase name="testMkdirNonExistentVolumeBucket[1]" classname="org.apache.hadoop.fs.ozone.TestRootedOzoneFileSystem" time="0.027"/>
  <testcase name="testFailToDeleteRoot[1]" classname="org.apache.hadoop.fs.ozone.TestRootedOzoneFileSystem" time="0.02"/>
  <testcase name="testListStatusOnSubDirs[1]" classname="org.apache.hadoop.fs.ozone.TestRootedOzoneFileSystem" time="0.053"/>
  <testcase name="testListStatus[1]" classname="org.apache.hadoop.fs.ozone.TestRootedOzoneFileSystem" time="0.061"/>
  <testcase name="testGetTrashRoots[1]" classname="org.apache.hadoop.fs.ozone.TestRootedOzoneFileSystem" time="0.628"/>
  <testcase name="testCreateDoesNotAddParentDirKeys[1]" classname="org.apache.hadoop.fs.ozone.TestRootedOzoneFileSystem" time="0.075"/>
  <testcase name="testMkdirNonExistentVolume[1]" classname="org.apache.hadoop.fs.ozone.TestRootedOzoneFileSystem" time="0.024"/>
  <testcase name="testDeleteCreatesFakeParentDir[1]" classname="org.apache.hadoop.fs.ozone.TestRootedOzoneFileSystem" time="0">
    <skipped message="FS Path is enabled. Skipping this test as it is not tuned for FS Path yet" type="org.junit.AssumptionViolatedException">org.junit.AssumptionViolatedException: FS Path is enabled. Skipping this test as it is not tuned for FS Path yet
	at org.junit.Assume.assumeTrue(Assume.java:68)
	at org.apache.hadoop.fs.ozone.TestRootedOzoneFileSystem.testDeleteCreatesFakeParentDir(TestRootedOzoneFileSystem.java:302)
	at sun.reflect.NativeMethodAccessorImpl.invoke0(Native Method)
	at sun.reflect.NativeMethodAccessorImpl.invoke(NativeMethodAccessorImpl.java:62)
	at sun.reflect.DelegatingMethodAccessorImpl.invoke(DelegatingMethodAccessorImpl.java:43)
	at java.lang.reflect.Method.invoke(Method.java:498)
	at org.junit.runners.model.FrameworkMethod$1.runReflectiveCall(FrameworkMethod.java:59)
	at org.junit.internal.runners.model.ReflectiveCallable.run(ReflectiveCallable.java:12)
	at org.junit.runners.model.FrameworkMethod.invokeExplosively(FrameworkMethod.java:56)
	at org.junit.internal.runners.statements.InvokeMethod.evaluate(InvokeMethod.java:17)
	at org.junit.internal.runners.statements.FailOnTimeout$CallableStatement.call(FailOnTimeout.java:288)
	at org.junit.internal.runners.statements.FailOnTimeout$CallableStatement.call(FailOnTimeout.java:282)
	at java.util.concurrent.FutureTask.run(FutureTask.java:266)
	at java.lang.Thread.run(Thread.java:748)
</skipped>
  </testcase>
  <testcase name="testNonExplicitlyCreatedPathExistsAfterItsLeafsWereRemoved[1]" classname="org.apache.hadoop.fs.ozone.TestRootedOzoneFileSystem" time="0.044"/>
  <testcase name="testFileDelete[1]" classname="org.apache.hadoop.fs.ozone.TestRootedOzoneFileSystem" time="0.134"/>
  <testcase name="testRenameToTrashEnabled[1]" classname="org.apache.hadoop.fs.ozone.TestRootedOzoneFileSystem" time="0.186"/>
  <testcase name="testMkdirOnNonExistentVolumeBucketDir[1]" classname="org.apache.hadoop.fs.ozone.TestRootedOzoneFileSystem" time="0">
    <skipped message="FS Path is enabled. Skipping this test as it is not tuned for FS Path yet" type="org.junit.AssumptionViolatedException">org.junit.AssumptionViolatedException: FS Path is enabled. Skipping this test as it is not tuned for FS Path yet
	at org.junit.Assume.assumeTrue(Assume.java:68)
	at org.apache.hadoop.fs.ozone.TestRootedOzoneFileSystem.testMkdirOnNonExistentVolumeBucketDir(TestRootedOzoneFileSystem.java:405)
	at sun.reflect.NativeMethodAccessorImpl.invoke0(Native Method)
	at sun.reflect.NativeMethodAccessorImpl.invoke(NativeMethodAccessorImpl.java:62)
	at sun.reflect.DelegatingMethodAccessorImpl.invoke(DelegatingMethodAccessorImpl.java:43)
	at java.lang.reflect.Method.invoke(Method.java:498)
	at org.junit.runners.model.FrameworkMethod$1.runReflectiveCall(FrameworkMethod.java:59)
	at org.junit.internal.runners.model.ReflectiveCallable.run(ReflectiveCallable.java:12)
	at org.junit.runners.model.FrameworkMethod.invokeExplosively(FrameworkMethod.java:56)
	at org.junit.internal.runners.statements.InvokeMethod.evaluate(InvokeMethod.java:17)
	at org.junit.internal.runners.statements.FailOnTimeout$CallableStatement.call(FailOnTimeout.java:288)
	at org.junit.internal.runners.statements.FailOnTimeout$CallableStatement.call(FailOnTimeout.java:282)
	at java.util.concurrent.FutureTask.run(FutureTask.java:266)
	at java.lang.Thread.run(Thread.java:748)
</skipped>
  </testcase>
  <testcase name="testListStatusOnLargeDirectory[1]" classname="org.apache.hadoop.fs.ozone.TestRootedOzoneFileSystem" time="13.767"/>
  <testcase name="testRenameToDifferentBucket[1]" classname="org.apache.hadoop.fs.ozone.TestRootedOzoneFileSystem" time="0.031"/>
  <testcase name="testListStatusInBucket[1]" classname="org.apache.hadoop.fs.ozone.TestRootedOzoneFileSystem" time="0.019"/>
  <testcase name="testRenameFileToDir[1]" classname="org.apache.hadoop.fs.ozone.TestRootedOzoneFileSystem" time="0.074"/>
  <testcase name="testNonPrivilegedUserMkdirCreateBucket[2]" classname="org.apache.hadoop.fs.ozone.TestRootedOzoneFileSystem" time="0">
    <skipped message="ACL is not enabled. Skipping this test as it requires ACL to be enabled to be meaningful." type="org.junit.AssumptionViolatedException">org.junit.AssumptionViolatedException: ACL is not enabled. Skipping this test as it requires ACL to be enabled to be meaningful.
	at org.junit.Assume.assumeTrue(Assume.java:68)
	at org.apache.hadoop.fs.ozone.TestRootedOzoneFileSystem.testNonPrivilegedUserMkdirCreateBucket(TestRootedOzoneFileSystem.java:1582)
	at sun.reflect.NativeMethodAccessorImpl.invoke0(Native Method)
	at sun.reflect.NativeMethodAccessorImpl.invoke(NativeMethodAccessorImpl.java:62)
	at sun.reflect.DelegatingMethodAccessorImpl.invoke(DelegatingMethodAccessorImpl.java:43)
	at java.lang.reflect.Method.invoke(Method.java:498)
	at org.junit.runners.model.FrameworkMethod$1.runReflectiveCall(FrameworkMethod.java:59)
	at org.junit.internal.runners.model.ReflectiveCallable.run(ReflectiveCallable.java:12)
	at org.junit.runners.model.FrameworkMethod.invokeExplosively(FrameworkMethod.java:56)
	at org.junit.internal.runners.statements.InvokeMethod.evaluate(InvokeMethod.java:17)
	at org.junit.internal.runners.statements.FailOnTimeout$CallableStatement.call(FailOnTimeout.java:288)
	at org.junit.internal.runners.statements.FailOnTimeout$CallableStatement.call(FailOnTimeout.java:282)
	at java.util.concurrent.FutureTask.run(FutureTask.java:266)
	at java.lang.Thread.run(Thread.java:748)
</skipped>
    <system-out><![CDATA[2022-02-12 02:08:16,450 [Listener at 127.0.0.1/33473] INFO  ozone.MiniOzoneClusterImpl (MiniOzoneClusterImpl.java:shutdown(437)) - Shutting down the Mini Ozone Cluster
2022-02-12 02:08:16,451 [Listener at 127.0.0.1/33473] INFO  ozone.MiniOzoneClusterImpl (MiniOzoneClusterImpl.java:stop(452)) - Stopping the Mini Ozone Cluster
2022-02-12 02:08:16,451 [Listener at 127.0.0.1/33473] INFO  ozone.MiniOzoneClusterImpl (MiniOzoneClusterImpl.java:stopOM(534)) - Stopping the OzoneManager
2022-02-12 02:08:16,451 [Listener at 127.0.0.1/33473] INFO  om.OzoneManager (OzoneManager.java:stop(1893)) - om1[localhost:0]: Stopping Ozone Manager
2022-02-12 02:08:16,451 [Listener at 127.0.0.1/33473] INFO  ipc.Server (Server.java:stop(3414)) - Stopping server on 33473
2022-02-12 02:08:16,459 [IPC Server listener on 0] INFO  ipc.Server (Server.java:run(1376)) - Stopping IPC Server listener on 0
2022-02-12 02:08:16,459 [IPC Server Responder] INFO  ipc.Server (Server.java:run(1512)) - Stopping IPC Server Responder
2022-02-12 02:08:16,459 [Listener at 127.0.0.1/33473] INFO  server.RaftServer (RaftServerProxy.java:lambda$close$6(391)) - om1: close
2022-02-12 02:08:16,460 [Listener at 127.0.0.1/33473] INFO  server.RaftServer$Division (RaftServerImpl.java:lambda$close$4(412)) - om1@group-C5BA1605619E: shutdown
2022-02-12 02:08:16,460 [Listener at 127.0.0.1/33473] INFO  util.JmxRegister (JmxRegister.java:unregister(73)) - Successfully un-registered JMX Bean with object name Ratis:service=RaftServer,group=group-C5BA1605619E,id=om1
2022-02-12 02:08:16,460 [Listener at 127.0.0.1/33473] INFO  impl.RoleInfo (RoleInfo.java:shutdownLeaderState(91)) - om1: shutdown om1@group-C5BA1605619E-LeaderStateImpl
2022-02-12 02:08:16,460 [Listener at 127.0.0.1/33473] INFO  impl.PendingRequests (PendingRequests.java:sendNotLeaderResponses(282)) - om1@group-C5BA1605619E-PendingRequests: sendNotLeaderResponses
2022-02-12 02:08:16,470 [Listener at 127.0.0.1/33473] INFO  impl.StateMachineUpdater (StateMachineUpdater.java:stopAndJoin(149)) - om1@group-C5BA1605619E-StateMachineUpdater: set stopIndex = 6554
2022-02-12 02:08:16,472 [om1@group-C5BA1605619E-StateMachineUpdater] INFO  ratis.OzoneManagerStateMachine (OzoneManagerStateMachine.java:takeSnapshot(417)) - Current Snapshot Index (t:1, i:6554)
2022-02-12 02:08:16,472 [om1@group-C5BA1605619E-StateMachineUpdater] INFO  impl.StateMachineUpdater (StateMachineUpdater.java:takeSnapshot(281)) - om1@group-C5BA1605619E-StateMachineUpdater: Took a snapshot at index 6554
2022-02-12 02:08:16,472 [om1@group-C5BA1605619E-StateMachineUpdater] INFO  impl.StateMachineUpdater (StateMachineUpdater.java:lambda$new$0(89)) - om1@group-C5BA1605619E-StateMachineUpdater: snapshotIndex: updateIncreasingly -1 -> 6554
2022-02-12 02:08:16,472 [om1@group-C5BA1605619E-StateMachineUpdater] INFO  ratis.OzoneManagerStateMachine (OzoneManagerStateMachine.java:close(471)) - StateMachine has shutdown. Shutdown OzoneManager if not already shutdown.
2022-02-12 02:08:16,472 [Listener at 127.0.0.1/33473] INFO  server.RaftServer$Division (ServerState.java:close(419)) - om1@group-C5BA1605619E: closes. applyIndex: 6554
2022-02-12 02:08:16,473 [om1@group-C5BA1605619E-SegmentedRaftLogWorker] INFO  segmented.SegmentedRaftLogWorker (SegmentedRaftLogWorker.java:run(327)) - om1@group-C5BA1605619E-SegmentedRaftLogWorker was interrupted, exiting. There are 0 tasks remaining in the queue.
2022-02-12 02:08:16,482 [Listener at 127.0.0.1/33473] INFO  segmented.SegmentedRaftLogWorker (SegmentedRaftLogWorker.java:close(237)) - om1@group-C5BA1605619E-SegmentedRaftLogWorker close()
2022-02-12 02:08:16,483 [Listener at 127.0.0.1/33473] INFO  server.GrpcService (GrpcService.java:closeImpl(262)) - om1: shutdown server with port 9872 now
2022-02-12 02:08:16,484 [Listener at 127.0.0.1/33473] INFO  server.GrpcService (GrpcService.java:closeImpl(271)) - om1: shutdown server with port 9872 successfully
2022-02-12 02:08:16,485 [org.apache.ratis.util.JvmPauseMonitor$$Lambda$421/534662976@1a9e4177] INFO  util.JvmPauseMonitor (JvmPauseMonitor.java:run(109)) - JvmPauseMonitor-om1: Stopped
2022-02-12 02:08:16,485 [Listener at 127.0.0.1/33473] INFO  ratis.OzoneManagerDoubleBuffer (OzoneManagerDoubleBuffer.java:stop(437)) - Stopping OMDoubleBuffer flush thread
2022-02-12 02:08:16,485 [OMDoubleBufferFlushThread] INFO  ratis.OzoneManagerDoubleBuffer (OzoneManagerDoubleBuffer.java:flushTransactions(356)) - OMDoubleBuffer flush thread OMDoubleBufferFlushThread is interrupted and will exit. OMDoubleBufferFlushThread
2022-02-12 02:08:16,485 [Listener at 127.0.0.1/33473] INFO  utils.BackgroundService (BackgroundService.java:shutdown(132)) - Shutting down service KeyDeletingService
2022-02-12 02:08:16,485 [Listener at 127.0.0.1/33473] INFO  utils.BackgroundService (BackgroundService.java:shutdown(132)) - Shutting down service DirectoryDeletingService
2022-02-12 02:08:16,486 [Listener at 127.0.0.1/33473] INFO  handler.ContextHandler (ContextHandler.java:doStop(1153)) - Stopped o.e.j.w.WebAppContext@3930db96{ozoneManager,/,null,STOPPED}{file:/home/runner/work/ozone/ozone/hadoop-ozone/integration-test/target/test-classes/webapps/ozoneManager}
2022-02-12 02:08:16,487 [Listener at 127.0.0.1/33473] INFO  server.AbstractConnector (AbstractConnector.java:doStop(381)) - Stopped ServerConnector@335755a0{HTTP/1.1, (http/1.1)}{0.0.0.0:0}
2022-02-12 02:08:16,487 [Listener at 127.0.0.1/33473] INFO  server.session (HouseKeeper.java:stopScavenging(149)) - node0 Stopped scavenging
2022-02-12 02:08:16,488 [Listener at 127.0.0.1/33473] INFO  handler.ContextHandler (ContextHandler.java:doStop(1153)) - Stopped o.e.j.s.ServletContextHandler@6ace857d{static,/static,file:///home/runner/work/ozone/ozone/hadoop-ozone/integration-test/target/test-classes/webapps/static,STOPPED}
2022-02-12 02:08:16,489 [Listener at 127.0.0.1/33473] INFO  handler.ContextHandler (ContextHandler.java:doStop(1153)) - Stopped o.e.j.s.ServletContextHandler@576eac92{logs,/logs,file:///home/runner/work/ozone/ozone/hadoop-ozone/integration-test/target/log,STOPPED}
2022-02-12 02:08:16,495 [Listener at 127.0.0.1/33473] INFO  ozone.MiniOzoneClusterImpl (MiniOzoneClusterImpl.java:stopDatanodes(511)) - Stopping the HddsDatanodes
2022-02-12 02:08:16,512 [Trash Emptier] ERROR om.TrashPolicyOzone (TrashPolicyOzone.java:run(251)) - Error attempting to shutdown
java.lang.InterruptedException
	at java.util.concurrent.locks.AbstractQueuedSynchronizer$ConditionObject.awaitNanos(AbstractQueuedSynchronizer.java:2067)
	at java.util.concurrent.ThreadPoolExecutor.awaitTermination(ThreadPoolExecutor.java:1475)
	at org.apache.hadoop.ozone.om.TrashPolicyOzone$Emptier.run(TrashPolicyOzone.java:249)
	at java.lang.Thread.run(Thread.java:748)
2022-02-12 02:08:16,512 [Trash Emptier] ERROR util.ExitUtils (ExitUtils.java:terminate(133)) - Terminating with exit status -1: Thread[Trash Emptier,5,main] has thrown an uncaught exception
java.lang.UnsupportedOperationException: fs.getUri() not implemented in TrashOzoneFileSystem
	at org.apache.hadoop.ozone.om.TrashOzoneFileSystem.getUri(TrashOzoneFileSystem.java:124)
	at org.apache.hadoop.fs.FileSystem.close(FileSystem.java:2592)
	at org.apache.hadoop.ozone.om.TrashPolicyOzone$Emptier.run(TrashPolicyOzone.java:243)
	at java.lang.Thread.run(Thread.java:748)
2022-02-12 02:08:21,496 [Listener at 127.0.0.1/33473] INFO  ozoneimpl.OzoneContainer (OzoneContainer.java:stop(336)) - Attempting to stop container services.
2022-02-12 02:08:21,497 [Listener at 127.0.0.1/33473] INFO  server.RaftServer (RaftServerProxy.java:lambda$close$6(391)) - 563bb084-6269-4eaf-a82d-f8c3d548975c: close
2022-02-12 02:08:21,497 [Listener at 127.0.0.1/33473] INFO  server.RaftServer$Division (RaftServerImpl.java:lambda$close$4(412)) - 563bb084-6269-4eaf-a82d-f8c3d548975c@group-03284F97E6A9: shutdown
2022-02-12 02:08:21,498 [Listener at 127.0.0.1/33473] INFO  util.JmxRegister (JmxRegister.java:unregister(73)) - Successfully un-registered JMX Bean with object name Ratis:service=RaftServer,group=group-03284F97E6A9,id=563bb084-6269-4eaf-a82d-f8c3d548975c
2022-02-12 02:08:21,498 [Listener at 127.0.0.1/33473] INFO  impl.RoleInfo (RoleInfo.java:shutdownLeaderState(91)) - 563bb084-6269-4eaf-a82d-f8c3d548975c: shutdown 563bb084-6269-4eaf-a82d-f8c3d548975c@group-03284F97E6A9-LeaderStateImpl
2022-02-12 02:08:21,498 [Listener at 127.0.0.1/33473] INFO  impl.PendingRequests (PendingRequests.java:sendNotLeaderResponses(282)) - 563bb084-6269-4eaf-a82d-f8c3d548975c@group-03284F97E6A9-PendingRequests: sendNotLeaderResponses
2022-02-12 02:08:21,500 [563bb084-6269-4eaf-a82d-f8c3d548975c@group-03284F97E6A9-StateMachineUpdater] INFO  ratis.ContainerStateMachine (ContainerStateMachine.java:takeSnapshot(299)) - group-03284F97E6A9: Taking a snapshot at:(t:1, i:0) file /home/runner/work/ozone/ozone/hadoop-ozone/integration-test/target/test-dir/MiniOzoneClusterImpl-aab2a9ef-fee9-490a-83f8-38e83ff8be47/datanode-1/data/ratis/c3b3a7fb-0c41-4a2e-a3f7-03284f97e6a9/sm/snapshot.1_0
2022-02-12 02:08:21,500 [Listener at 127.0.0.1/33473] INFO  impl.StateMachineUpdater (StateMachineUpdater.java:stopAndJoin(149)) - 563bb084-6269-4eaf-a82d-f8c3d548975c@group-03284F97E6A9-StateMachineUpdater: set stopIndex = 0
2022-02-12 02:08:21,501 [563bb084-6269-4eaf-a82d-f8c3d548975c@group-03284F97E6A9-StateMachineUpdater] INFO  ratis.ContainerStateMachine (ContainerStateMachine.java:takeSnapshot(310)) - group-03284F97E6A9: Finished taking a snapshot at:(t:1, i:0) file:/home/runner/work/ozone/ozone/hadoop-ozone/integration-test/target/test-dir/MiniOzoneClusterImpl-aab2a9ef-fee9-490a-83f8-38e83ff8be47/datanode-1/data/ratis/c3b3a7fb-0c41-4a2e-a3f7-03284f97e6a9/sm/snapshot.1_0 took: 2 ms
2022-02-12 02:08:21,501 [563bb084-6269-4eaf-a82d-f8c3d548975c@group-03284F97E6A9-StateMachineUpdater] INFO  impl.StateMachineUpdater (StateMachineUpdater.java:takeSnapshot(281)) - 563bb084-6269-4eaf-a82d-f8c3d548975c@group-03284F97E6A9-StateMachineUpdater: Took a snapshot at index 0
2022-02-12 02:08:21,501 [563bb084-6269-4eaf-a82d-f8c3d548975c@group-03284F97E6A9-StateMachineUpdater] INFO  impl.StateMachineUpdater (StateMachineUpdater.java:lambda$new$0(89)) - 563bb084-6269-4eaf-a82d-f8c3d548975c@group-03284F97E6A9-StateMachineUpdater: snapshotIndex: updateIncreasingly -1 -> 0
2022-02-12 02:08:21,502 [Listener at 127.0.0.1/33473] INFO  server.RaftServer$Division (ServerState.java:close(419)) - 563bb084-6269-4eaf-a82d-f8c3d548975c@group-03284F97E6A9: closes. applyIndex: 0
2022-02-12 02:08:21,502 [563bb084-6269-4eaf-a82d-f8c3d548975c@group-03284F97E6A9-SegmentedRaftLogWorker] INFO  segmented.SegmentedRaftLogWorker (SegmentedRaftLogWorker.java:run(327)) - 563bb084-6269-4eaf-a82d-f8c3d548975c@group-03284F97E6A9-SegmentedRaftLogWorker was interrupted, exiting. There are 0 tasks remaining in the queue.
2022-02-12 02:08:21,502 [Listener at 127.0.0.1/33473] INFO  segmented.SegmentedRaftLogWorker (SegmentedRaftLogWorker.java:close(237)) - 563bb084-6269-4eaf-a82d-f8c3d548975c@group-03284F97E6A9-SegmentedRaftLogWorker close()
2022-02-12 02:08:21,505 [Listener at 127.0.0.1/33473] INFO  server.RaftServer$Division (RaftServerImpl.java:lambda$close$4(412)) - 563bb084-6269-4eaf-a82d-f8c3d548975c@group-23DD4B820AD7: shutdown
2022-02-12 02:08:21,505 [Listener at 127.0.0.1/33473] INFO  util.JmxRegister (JmxRegister.java:unregister(73)) - Successfully un-registered JMX Bean with object name Ratis:service=RaftServer,group=group-23DD4B820AD7,id=563bb084-6269-4eaf-a82d-f8c3d548975c
2022-02-12 02:08:21,505 [Listener at 127.0.0.1/33473] INFO  impl.RoleInfo (RoleInfo.java:shutdownFollowerState(108)) - 563bb084-6269-4eaf-a82d-f8c3d548975c: shutdown 563bb084-6269-4eaf-a82d-f8c3d548975c@group-23DD4B820AD7-FollowerState
2022-02-12 02:08:21,505 [Listener at 127.0.0.1/33473] INFO  impl.StateMachineUpdater (StateMachineUpdater.java:stopAndJoin(149)) - 563bb084-6269-4eaf-a82d-f8c3d548975c@group-23DD4B820AD7-StateMachineUpdater: set stopIndex = 28
2022-02-12 02:08:21,505 [563bb084-6269-4eaf-a82d-f8c3d548975c@group-23DD4B820AD7-FollowerState] INFO  impl.FollowerState (FollowerState.java:run(143)) - 563bb084-6269-4eaf-a82d-f8c3d548975c@group-23DD4B820AD7-FollowerState was interrupted: {}
java.lang.InterruptedException: sleep interrupted
	at java.lang.Thread.sleep(Native Method)
	at java.lang.Thread.sleep(Thread.java:340)
	at java.util.concurrent.TimeUnit.sleep(TimeUnit.java:386)
	at org.apache.ratis.util.TimeDuration.sleep(TimeDuration.java:324)
	at org.apache.ratis.util.TimeDuration.sleep(TimeDuration.java:309)
	at org.apache.ratis.server.impl.FollowerState.run(FollowerState.java:118)
2022-02-12 02:08:21,506 [563bb084-6269-4eaf-a82d-f8c3d548975c@group-23DD4B820AD7-StateMachineUpdater] INFO  ratis.ContainerStateMachine (ContainerStateMachine.java:takeSnapshot(299)) - group-23DD4B820AD7: Taking a snapshot at:(t:3, i:28) file /home/runner/work/ozone/ozone/hadoop-ozone/integration-test/target/test-dir/MiniOzoneClusterImpl-aab2a9ef-fee9-490a-83f8-38e83ff8be47/datanode-1/data/ratis/7478c8ab-e15e-4858-9ff5-23dd4b820ad7/sm/snapshot.3_28
2022-02-12 02:08:21,508 [563bb084-6269-4eaf-a82d-f8c3d548975c@group-23DD4B820AD7-StateMachineUpdater] INFO  ratis.ContainerStateMachine (ContainerStateMachine.java:takeSnapshot(310)) - group-23DD4B820AD7: Finished taking a snapshot at:(t:3, i:28) file:/home/runner/work/ozone/ozone/hadoop-ozone/integration-test/target/test-dir/MiniOzoneClusterImpl-aab2a9ef-fee9-490a-83f8-38e83ff8be47/datanode-1/data/ratis/7478c8ab-e15e-4858-9ff5-23dd4b820ad7/sm/snapshot.3_28 took: 2 ms
2022-02-12 02:08:21,508 [563bb084-6269-4eaf-a82d-f8c3d548975c@group-23DD4B820AD7-StateMachineUpdater] INFO  impl.StateMachineUpdater (StateMachineUpdater.java:takeSnapshot(281)) - 563bb084-6269-4eaf-a82d-f8c3d548975c@group-23DD4B820AD7-StateMachineUpdater: Took a snapshot at index 28
2022-02-12 02:08:21,508 [563bb084-6269-4eaf-a82d-f8c3d548975c@group-23DD4B820AD7-StateMachineUpdater] INFO  impl.StateMachineUpdater (StateMachineUpdater.java:lambda$new$0(89)) - 563bb084-6269-4eaf-a82d-f8c3d548975c@group-23DD4B820AD7-StateMachineUpdater: snapshotIndex: updateIncreasingly -1 -> 28
2022-02-12 02:08:21,509 [Listener at 127.0.0.1/33473] INFO  server.RaftServer$Division (ServerState.java:close(419)) - 563bb084-6269-4eaf-a82d-f8c3d548975c@group-23DD4B820AD7: closes. applyIndex: 28
2022-02-12 02:08:21,509 [563bb084-6269-4eaf-a82d-f8c3d548975c@group-23DD4B820AD7-SegmentedRaftLogWorker] INFO  segmented.SegmentedRaftLogWorker (SegmentedRaftLogWorker.java:run(327)) - 563bb084-6269-4eaf-a82d-f8c3d548975c@group-23DD4B820AD7-SegmentedRaftLogWorker was interrupted, exiting. There are 0 tasks remaining in the queue.
2022-02-12 02:08:21,512 [Listener at 127.0.0.1/33473] INFO  segmented.SegmentedRaftLogWorker (SegmentedRaftLogWorker.java:close(237)) - 563bb084-6269-4eaf-a82d-f8c3d548975c@group-23DD4B820AD7-SegmentedRaftLogWorker close()
2022-02-12 02:08:21,513 [Listener at 127.0.0.1/33473] INFO  server.RaftServer$Division (RaftServerImpl.java:lambda$close$4(412)) - 563bb084-6269-4eaf-a82d-f8c3d548975c@group-A60BDC5E8099: shutdown
2022-02-12 02:08:21,513 [Listener at 127.0.0.1/33473] INFO  util.JmxRegister (JmxRegister.java:unregister(73)) - Successfully un-registered JMX Bean with object name Ratis:service=RaftServer,group=group-A60BDC5E8099,id=563bb084-6269-4eaf-a82d-f8c3d548975c
2022-02-12 02:08:21,513 [Listener at 127.0.0.1/33473] INFO  impl.RoleInfo (RoleInfo.java:shutdownLeaderState(91)) - 563bb084-6269-4eaf-a82d-f8c3d548975c: shutdown 563bb084-6269-4eaf-a82d-f8c3d548975c@group-A60BDC5E8099-LeaderStateImpl
2022-02-12 02:08:21,514 [563bb084-6269-4eaf-a82d-f8c3d548975c@group-A60BDC5E8099->dbc576bd-ec57-4800-af44-df78a35caa86-GrpcLogAppender-LogAppenderDaemon] WARN  server.GrpcLogAppender (GrpcLogAppender.java:mayWait(177)) - 563bb084-6269-4eaf-a82d-f8c3d548975c@group-A60BDC5E8099->dbc576bd-ec57-4800-af44-df78a35caa86-GrpcLogAppender: Wait interrupted by java.lang.InterruptedException
2022-02-12 02:08:21,514 [Listener at 127.0.0.1/33473] INFO  impl.PendingRequests (PendingRequests.java:sendNotLeaderResponses(282)) - 563bb084-6269-4eaf-a82d-f8c3d548975c@group-A60BDC5E8099-PendingRequests: sendNotLeaderResponses
2022-02-12 02:08:21,515 [563bb084-6269-4eaf-a82d-f8c3d548975c@group-A60BDC5E8099->80aad825-1455-44c8-9b95-39dda33c55fc-GrpcLogAppender-LogAppenderDaemon] WARN  server.GrpcLogAppender (GrpcLogAppender.java:mayWait(177)) - 563bb084-6269-4eaf-a82d-f8c3d548975c@group-A60BDC5E8099->80aad825-1455-44c8-9b95-39dda33c55fc-GrpcLogAppender: Wait interrupted by java.lang.InterruptedException
2022-02-12 02:08:21,514 [grpc-default-executor-2] INFO  server.GrpcServerProtocolService (GrpcServerProtocolService.java:onCompleted(140)) - dbc576bd-ec57-4800-af44-df78a35caa86: Completed APPEND_ENTRIES, lastRequest: 563bb084-6269-4eaf-a82d-f8c3d548975c->dbc576bd-ec57-4800-af44-df78a35caa86#1-t4,previous=(t:0, i:0),leaderCommit=-1,initializing? true,entries: size=1, first=(t:4, i:0), CONFIGURATIONENTRY
2022-02-12 02:08:21,516 [grpc-default-executor-3] INFO  server.GrpcLogAppender (GrpcLogAppender.java:onCompleted(346)) - 563bb084-6269-4eaf-a82d-f8c3d548975c@group-A60BDC5E8099->dbc576bd-ec57-4800-af44-df78a35caa86-AppendLogResponseHandler: follower responses appendEntries COMPLETED
2022-02-12 02:08:21,524 [grpc-default-executor-3] INFO  leader.FollowerInfo (FollowerInfoImpl.java:lambda$new$0(47)) - 563bb084-6269-4eaf-a82d-f8c3d548975c@group-A60BDC5E8099->dbc576bd-ec57-4800-af44-df78a35caa86: nextIndex: updateUnconditionally 1 -> 0
2022-02-12 02:08:21,521 [ForkJoinPool.commonPool-worker-0] INFO  ozoneimpl.OzoneContainer (OzoneContainer.java:stop(336)) - Attempting to stop container services.
2022-02-12 02:08:21,518 [grpc-default-executor-0] INFO  server.GrpcServerProtocolService (GrpcServerProtocolService.java:onCompleted(140)) - 80aad825-1455-44c8-9b95-39dda33c55fc: Completed APPEND_ENTRIES, lastRequest: 563bb084-6269-4eaf-a82d-f8c3d548975c->80aad825-1455-44c8-9b95-39dda33c55fc#1-t4,previous=(t:0, i:0),leaderCommit=0,initializing? true,entries: size=1, first=(t:4, i:0), CONFIGURATIONENTRY
2022-02-12 02:08:21,518 [563bb084-6269-4eaf-a82d-f8c3d548975c@group-A60BDC5E8099-StateMachineUpdater] INFO  ratis.ContainerStateMachine (ContainerStateMachine.java:takeSnapshot(299)) - group-A60BDC5E8099: Taking a snapshot at:(t:4, i:0) file /home/runner/work/ozone/ozone/hadoop-ozone/integration-test/target/test-dir/MiniOzoneClusterImpl-aab2a9ef-fee9-490a-83f8-38e83ff8be47/datanode-1/data/ratis/fa4b923b-039d-41c6-ba28-a60bdc5e8099/sm/snapshot.4_0
2022-02-12 02:08:21,526 [grpc-default-executor-3] INFO  server.GrpcLogAppender (GrpcLogAppender.java:onCompleted(346)) - 563bb084-6269-4eaf-a82d-f8c3d548975c@group-A60BDC5E8099->80aad825-1455-44c8-9b95-39dda33c55fc-AppendLogResponseHandler: follower responses appendEntries COMPLETED
2022-02-12 02:08:21,531 [grpc-default-executor-3] INFO  leader.FollowerInfo (FollowerInfoImpl.java:lambda$new$0(47)) - 563bb084-6269-4eaf-a82d-f8c3d548975c@group-A60BDC5E8099->80aad825-1455-44c8-9b95-39dda33c55fc: nextIndex: updateUnconditionally 1 -> 0
2022-02-12 02:08:21,518 [Listener at 127.0.0.1/33473] INFO  impl.StateMachineUpdater (StateMachineUpdater.java:stopAndJoin(149)) - 563bb084-6269-4eaf-a82d-f8c3d548975c@group-A60BDC5E8099-StateMachineUpdater: set stopIndex = 0
2022-02-12 02:08:21,527 [563bb084-6269-4eaf-a82d-f8c3d548975c@group-A60BDC5E8099-StateMachineUpdater] INFO  ratis.ContainerStateMachine (ContainerStateMachine.java:takeSnapshot(310)) - group-A60BDC5E8099: Finished taking a snapshot at:(t:4, i:0) file:/home/runner/work/ozone/ozone/hadoop-ozone/integration-test/target/test-dir/MiniOzoneClusterImpl-aab2a9ef-fee9-490a-83f8-38e83ff8be47/datanode-1/data/ratis/fa4b923b-039d-41c6-ba28-a60bdc5e8099/sm/snapshot.4_0 took: 8 ms
2022-02-12 02:08:21,533 [563bb084-6269-4eaf-a82d-f8c3d548975c@group-A60BDC5E8099-StateMachineUpdater] INFO  impl.StateMachineUpdater (StateMachineUpdater.java:takeSnapshot(281)) - 563bb084-6269-4eaf-a82d-f8c3d548975c@group-A60BDC5E8099-StateMachineUpdater: Took a snapshot at index 0
2022-02-12 02:08:21,533 [563bb084-6269-4eaf-a82d-f8c3d548975c@group-A60BDC5E8099-StateMachineUpdater] INFO  impl.StateMachineUpdater (StateMachineUpdater.java:lambda$new$0(89)) - 563bb084-6269-4eaf-a82d-f8c3d548975c@group-A60BDC5E8099-StateMachineUpdater: snapshotIndex: updateIncreasingly -1 -> 0
2022-02-12 02:08:21,533 [Listener at 127.0.0.1/33473] INFO  server.RaftServer$Division (ServerState.java:close(419)) - 563bb084-6269-4eaf-a82d-f8c3d548975c@group-A60BDC5E8099: closes. applyIndex: 0
2022-02-12 02:08:21,526 [ForkJoinPool.commonPool-worker-0] INFO  server.RaftServer (RaftServerProxy.java:lambda$close$6(391)) - 80aad825-1455-44c8-9b95-39dda33c55fc: close
2022-02-12 02:08:21,533 [ForkJoinPool.commonPool-worker-0] INFO  server.RaftServer$Division (RaftServerImpl.java:lambda$close$4(412)) - 80aad825-1455-44c8-9b95-39dda33c55fc@group-23DD4B820AD7: shutdown
2022-02-12 02:08:21,534 [ForkJoinPool.commonPool-worker-0] INFO  util.JmxRegister (JmxRegister.java:unregister(73)) - Successfully un-registered JMX Bean with object name Ratis:service=RaftServer,group=group-23DD4B820AD7,id=80aad825-1455-44c8-9b95-39dda33c55fc
2022-02-12 02:08:21,534 [ForkJoinPool.commonPool-worker-0] INFO  impl.RoleInfo (RoleInfo.java:shutdownFollowerState(108)) - 80aad825-1455-44c8-9b95-39dda33c55fc: shutdown 80aad825-1455-44c8-9b95-39dda33c55fc@group-23DD4B820AD7-FollowerState
2022-02-12 02:08:21,534 [ForkJoinPool.commonPool-worker-0] INFO  impl.StateMachineUpdater (StateMachineUpdater.java:stopAndJoin(149)) - 80aad825-1455-44c8-9b95-39dda33c55fc@group-23DD4B820AD7-StateMachineUpdater: set stopIndex = 28
2022-02-12 02:08:21,534 [80aad825-1455-44c8-9b95-39dda33c55fc@group-23DD4B820AD7-FollowerState] INFO  impl.FollowerState (FollowerState.java:run(143)) - 80aad825-1455-44c8-9b95-39dda33c55fc@group-23DD4B820AD7-FollowerState was interrupted: {}
java.lang.InterruptedException: sleep interrupted
	at java.lang.Thread.sleep(Native Method)
	at java.lang.Thread.sleep(Thread.java:340)
	at java.util.concurrent.TimeUnit.sleep(TimeUnit.java:386)
	at org.apache.ratis.util.TimeDuration.sleep(TimeDuration.java:324)
	at org.apache.ratis.util.TimeDuration.sleep(TimeDuration.java:309)
	at org.apache.ratis.server.impl.FollowerState.run(FollowerState.java:118)
2022-02-12 02:08:21,534 [80aad825-1455-44c8-9b95-39dda33c55fc@group-23DD4B820AD7-StateMachineUpdater] INFO  ratis.ContainerStateMachine (ContainerStateMachine.java:takeSnapshot(299)) - group-23DD4B820AD7: Taking a snapshot at:(t:3, i:28) file /home/runner/work/ozone/ozone/hadoop-ozone/integration-test/target/test-dir/MiniOzoneClusterImpl-aab2a9ef-fee9-490a-83f8-38e83ff8be47/datanode-0/data/ratis/7478c8ab-e15e-4858-9ff5-23dd4b820ad7/sm/snapshot.3_28
2022-02-12 02:08:21,534 [563bb084-6269-4eaf-a82d-f8c3d548975c@group-A60BDC5E8099-SegmentedRaftLogWorker] INFO  segmented.SegmentedRaftLogWorker (SegmentedRaftLogWorker.java:run(327)) - 563bb084-6269-4eaf-a82d-f8c3d548975c@group-A60BDC5E8099-SegmentedRaftLogWorker was interrupted, exiting. There are 0 tasks remaining in the queue.
2022-02-12 02:08:21,536 [Listener at 127.0.0.1/33473] INFO  segmented.SegmentedRaftLogWorker (SegmentedRaftLogWorker.java:close(237)) - 563bb084-6269-4eaf-a82d-f8c3d548975c@group-A60BDC5E8099-SegmentedRaftLogWorker close()
2022-02-12 02:08:21,537 [Listener at 127.0.0.1/33473] INFO  server.GrpcService (GrpcService.java:closeImpl(262)) - 563bb084-6269-4eaf-a82d-f8c3d548975c: shutdown server with port 42441 now
2022-02-12 02:08:21,538 [grpc-default-executor-2] WARN  server.GrpcLogAppender (LogUtils.java:warn(122)) - dbc576bd-ec57-4800-af44-df78a35caa86@group-23DD4B820AD7->563bb084-6269-4eaf-a82d-f8c3d548975c-AppendLogResponseHandler: Failed appendEntries: org.apache.ratis.thirdparty.io.grpc.StatusRuntimeException: CANCELLED: HTTP/2 error code: CANCEL
Received Rst Stream
2022-02-12 02:08:21,538 [grpc-default-executor-2] INFO  leader.FollowerInfo (FollowerInfoImpl.java:lambda$new$0(47)) - dbc576bd-ec57-4800-af44-df78a35caa86@group-23DD4B820AD7->563bb084-6269-4eaf-a82d-f8c3d548975c: nextIndex: updateUnconditionally 29 -> 28
2022-02-12 02:08:21,538 [grpc-default-executor-0] WARN  server.GrpcServerProtocolService (LogUtils.java:warn(122)) - 563bb084-6269-4eaf-a82d-f8c3d548975c: installSnapshot onError, lastRequest: dbc576bd-ec57-4800-af44-df78a35caa86->563bb084-6269-4eaf-a82d-f8c3d548975c#324-t3,previous=(t:3, i:27),leaderCommit=26,initializing? true,entries: size=1, first=(t:3, i:28), METADATAENTRY(c:26): org.apache.ratis.thirdparty.io.grpc.StatusRuntimeException: CANCELLED: client cancelled
2022-02-12 02:08:21,542 [Listener at 127.0.0.1/33473] INFO  server.GrpcService (GrpcService.java:closeImpl(271)) - 563bb084-6269-4eaf-a82d-f8c3d548975c: shutdown server with port 42441 successfully
2022-02-12 02:08:21,543 [org.apache.ratis.util.JvmPauseMonitor$$Lambda$421/534662976@6463350f] INFO  util.JvmPauseMonitor (JvmPauseMonitor.java:run(109)) - JvmPauseMonitor-563bb084-6269-4eaf-a82d-f8c3d548975c: Stopped
2022-02-12 02:08:21,543 [80aad825-1455-44c8-9b95-39dda33c55fc@group-23DD4B820AD7-StateMachineUpdater] INFO  ratis.ContainerStateMachine (ContainerStateMachine.java:takeSnapshot(310)) - group-23DD4B820AD7: Finished taking a snapshot at:(t:3, i:28) file:/home/runner/work/ozone/ozone/hadoop-ozone/integration-test/target/test-dir/MiniOzoneClusterImpl-aab2a9ef-fee9-490a-83f8-38e83ff8be47/datanode-0/data/ratis/7478c8ab-e15e-4858-9ff5-23dd4b820ad7/sm/snapshot.3_28 took: 3 ms
2022-02-12 02:08:21,544 [80aad825-1455-44c8-9b95-39dda33c55fc@group-23DD4B820AD7-StateMachineUpdater] INFO  impl.StateMachineUpdater (StateMachineUpdater.java:takeSnapshot(281)) - 80aad825-1455-44c8-9b95-39dda33c55fc@group-23DD4B820AD7-StateMachineUpdater: Took a snapshot at index 28
2022-02-12 02:08:21,544 [80aad825-1455-44c8-9b95-39dda33c55fc@group-23DD4B820AD7-StateMachineUpdater] INFO  impl.StateMachineUpdater (StateMachineUpdater.java:lambda$new$0(89)) - 80aad825-1455-44c8-9b95-39dda33c55fc@group-23DD4B820AD7-StateMachineUpdater: snapshotIndex: updateIncreasingly -1 -> 28
2022-02-12 02:08:21,545 [ForkJoinPool.commonPool-worker-0] INFO  server.RaftServer$Division (ServerState.java:close(419)) - 80aad825-1455-44c8-9b95-39dda33c55fc@group-23DD4B820AD7: closes. applyIndex: 28
2022-02-12 02:08:21,546 [80aad825-1455-44c8-9b95-39dda33c55fc@group-23DD4B820AD7-SegmentedRaftLogWorker] INFO  segmented.SegmentedRaftLogWorker (SegmentedRaftLogWorker.java:run(327)) - 80aad825-1455-44c8-9b95-39dda33c55fc@group-23DD4B820AD7-SegmentedRaftLogWorker was interrupted, exiting. There are 0 tasks remaining in the queue.
2022-02-12 02:08:21,546 [grpc-default-executor-2] WARN  server.GrpcLogAppender (LogUtils.java:warn(122)) - dbc576bd-ec57-4800-af44-df78a35caa86@group-23DD4B820AD7->563bb084-6269-4eaf-a82d-f8c3d548975c-AppendLogResponseHandler: Failed appendEntries: org.apache.ratis.thirdparty.io.grpc.StatusRuntimeException: UNAVAILABLE: io exception
2022-02-12 02:08:21,547 [grpc-default-executor-2] INFO  leader.FollowerInfo (FollowerInfoImpl.java:lambda$new$0(47)) - dbc576bd-ec57-4800-af44-df78a35caa86@group-23DD4B820AD7->563bb084-6269-4eaf-a82d-f8c3d548975c: nextIndex: updateUnconditionally 29 -> 28
2022-02-12 02:08:21,549 [ForkJoinPool.commonPool-worker-0] INFO  segmented.SegmentedRaftLogWorker (SegmentedRaftLogWorker.java:close(237)) - 80aad825-1455-44c8-9b95-39dda33c55fc@group-23DD4B820AD7-SegmentedRaftLogWorker close()
2022-02-12 02:08:21,550 [ForkJoinPool.commonPool-worker-0] INFO  server.RaftServer$Division (RaftServerImpl.java:lambda$close$4(412)) - 80aad825-1455-44c8-9b95-39dda33c55fc@group-8C267AECBBC8: shutdown
2022-02-12 02:08:21,550 [ForkJoinPool.commonPool-worker-0] INFO  util.JmxRegister (JmxRegister.java:unregister(73)) - Successfully un-registered JMX Bean with object name Ratis:service=RaftServer,group=group-8C267AECBBC8,id=80aad825-1455-44c8-9b95-39dda33c55fc
2022-02-12 02:08:21,550 [ForkJoinPool.commonPool-worker-0] INFO  impl.RoleInfo (RoleInfo.java:shutdownLeaderState(91)) - 80aad825-1455-44c8-9b95-39dda33c55fc: shutdown 80aad825-1455-44c8-9b95-39dda33c55fc@group-8C267AECBBC8-LeaderStateImpl
2022-02-12 02:08:21,551 [ForkJoinPool.commonPool-worker-0] INFO  impl.PendingRequests (PendingRequests.java:sendNotLeaderResponses(282)) - 80aad825-1455-44c8-9b95-39dda33c55fc@group-8C267AECBBC8-PendingRequests: sendNotLeaderResponses
2022-02-12 02:08:21,551 [ForkJoinPool.commonPool-worker-0] INFO  impl.StateMachineUpdater (StateMachineUpdater.java:stopAndJoin(149)) - 80aad825-1455-44c8-9b95-39dda33c55fc@group-8C267AECBBC8-StateMachineUpdater: set stopIndex = 0
2022-02-12 02:08:21,552 [80aad825-1455-44c8-9b95-39dda33c55fc@group-8C267AECBBC8-StateMachineUpdater] INFO  ratis.ContainerStateMachine (ContainerStateMachine.java:takeSnapshot(299)) - group-8C267AECBBC8: Taking a snapshot at:(t:1, i:0) file /home/runner/work/ozone/ozone/hadoop-ozone/integration-test/target/test-dir/MiniOzoneClusterImpl-aab2a9ef-fee9-490a-83f8-38e83ff8be47/datanode-0/data/ratis/4cc0bf80-5fe5-41e0-ba98-8c267aecbbc8/sm/snapshot.1_0
2022-02-12 02:08:21,552 [80aad825-1455-44c8-9b95-39dda33c55fc@group-8C267AECBBC8-StateMachineUpdater] INFO  ratis.ContainerStateMachine (ContainerStateMachine.java:takeSnapshot(310)) - group-8C267AECBBC8: Finished taking a snapshot at:(t:1, i:0) file:/home/runner/work/ozone/ozone/hadoop-ozone/integration-test/target/test-dir/MiniOzoneClusterImpl-aab2a9ef-fee9-490a-83f8-38e83ff8be47/datanode-0/data/ratis/4cc0bf80-5fe5-41e0-ba98-8c267aecbbc8/sm/snapshot.1_0 took: 1 ms
2022-02-12 02:08:21,553 [80aad825-1455-44c8-9b95-39dda33c55fc@group-8C267AECBBC8-StateMachineUpdater] INFO  impl.StateMachineUpdater (StateMachineUpdater.java:takeSnapshot(281)) - 80aad825-1455-44c8-9b95-39dda33c55fc@group-8C267AECBBC8-StateMachineUpdater: Took a snapshot at index 0
2022-02-12 02:08:21,553 [80aad825-1455-44c8-9b95-39dda33c55fc@group-8C267AECBBC8-StateMachineUpdater] INFO  impl.StateMachineUpdater (StateMachineUpdater.java:lambda$new$0(89)) - 80aad825-1455-44c8-9b95-39dda33c55fc@group-8C267AECBBC8-StateMachineUpdater: snapshotIndex: updateIncreasingly -1 -> 0
2022-02-12 02:08:21,553 [ForkJoinPool.commonPool-worker-0] INFO  server.RaftServer$Division (ServerState.java:close(419)) - 80aad825-1455-44c8-9b95-39dda33c55fc@group-8C267AECBBC8: closes. applyIndex: 0
2022-02-12 02:08:21,553 [80aad825-1455-44c8-9b95-39dda33c55fc@group-8C267AECBBC8-SegmentedRaftLogWorker] INFO  segmented.SegmentedRaftLogWorker (SegmentedRaftLogWorker.java:run(327)) - 80aad825-1455-44c8-9b95-39dda33c55fc@group-8C267AECBBC8-SegmentedRaftLogWorker was interrupted, exiting. There are 0 tasks remaining in the queue.
2022-02-12 02:08:21,553 [ForkJoinPool.commonPool-worker-0] INFO  segmented.SegmentedRaftLogWorker (SegmentedRaftLogWorker.java:close(237)) - 80aad825-1455-44c8-9b95-39dda33c55fc@group-8C267AECBBC8-SegmentedRaftLogWorker close()
2022-02-12 02:08:21,557 [ForkJoinPool.commonPool-worker-0] INFO  server.RaftServer$Division (RaftServerImpl.java:lambda$close$4(412)) - 80aad825-1455-44c8-9b95-39dda33c55fc@group-A60BDC5E8099: shutdown
2022-02-12 02:08:21,557 [ForkJoinPool.commonPool-worker-0] INFO  util.JmxRegister (JmxRegister.java:unregister(73)) - Successfully un-registered JMX Bean with object name Ratis:service=RaftServer,group=group-A60BDC5E8099,id=80aad825-1455-44c8-9b95-39dda33c55fc
2022-02-12 02:08:21,557 [ForkJoinPool.commonPool-worker-0] INFO  impl.RoleInfo (RoleInfo.java:shutdownFollowerState(108)) - 80aad825-1455-44c8-9b95-39dda33c55fc: shutdown 80aad825-1455-44c8-9b95-39dda33c55fc@group-A60BDC5E8099-FollowerState
2022-02-12 02:08:21,557 [ForkJoinPool.commonPool-worker-0] INFO  impl.StateMachineUpdater (StateMachineUpdater.java:stopAndJoin(149)) - 80aad825-1455-44c8-9b95-39dda33c55fc@group-A60BDC5E8099-StateMachineUpdater: set stopIndex = 0
2022-02-12 02:08:21,557 [80aad825-1455-44c8-9b95-39dda33c55fc@group-A60BDC5E8099-FollowerState] INFO  impl.FollowerState (FollowerState.java:run(143)) - 80aad825-1455-44c8-9b95-39dda33c55fc@group-A60BDC5E8099-FollowerState was interrupted: {}
java.lang.InterruptedException: sleep interrupted
	at java.lang.Thread.sleep(Native Method)
	at java.lang.Thread.sleep(Thread.java:340)
	at java.util.concurrent.TimeUnit.sleep(TimeUnit.java:386)
	at org.apache.ratis.util.TimeDuration.sleep(TimeDuration.java:324)
	at org.apache.ratis.util.TimeDuration.sleep(TimeDuration.java:309)
	at org.apache.ratis.server.impl.FollowerState.run(FollowerState.java:118)
2022-02-12 02:08:21,557 [80aad825-1455-44c8-9b95-39dda33c55fc@group-A60BDC5E8099-StateMachineUpdater] INFO  ratis.ContainerStateMachine (ContainerStateMachine.java:takeSnapshot(299)) - group-A60BDC5E8099: Taking a snapshot at:(t:4, i:0) file /home/runner/work/ozone/ozone/hadoop-ozone/integration-test/target/test-dir/MiniOzoneClusterImpl-aab2a9ef-fee9-490a-83f8-38e83ff8be47/datanode-0/data/ratis/fa4b923b-039d-41c6-ba28-a60bdc5e8099/sm/snapshot.4_0
2022-02-12 02:08:21,560 [80aad825-1455-44c8-9b95-39dda33c55fc@group-A60BDC5E8099-StateMachineUpdater] INFO  ratis.ContainerStateMachine (ContainerStateMachine.java:takeSnapshot(310)) - group-A60BDC5E8099: Finished taking a snapshot at:(t:4, i:0) file:/home/runner/work/ozone/ozone/hadoop-ozone/integration-test/target/test-dir/MiniOzoneClusterImpl-aab2a9ef-fee9-490a-83f8-38e83ff8be47/datanode-0/data/ratis/fa4b923b-039d-41c6-ba28-a60bdc5e8099/sm/snapshot.4_0 took: 3 ms
2022-02-12 02:08:21,561 [80aad825-1455-44c8-9b95-39dda33c55fc@group-A60BDC5E8099-StateMachineUpdater] INFO  impl.StateMachineUpdater (StateMachineUpdater.java:takeSnapshot(281)) - 80aad825-1455-44c8-9b95-39dda33c55fc@group-A60BDC5E8099-StateMachineUpdater: Took a snapshot at index 0
2022-02-12 02:08:21,561 [80aad825-1455-44c8-9b95-39dda33c55fc@group-A60BDC5E8099-StateMachineUpdater] INFO  impl.StateMachineUpdater (StateMachineUpdater.java:lambda$new$0(89)) - 80aad825-1455-44c8-9b95-39dda33c55fc@group-A60BDC5E8099-StateMachineUpdater: snapshotIndex: updateIncreasingly -1 -> 0
2022-02-12 02:08:21,561 [ForkJoinPool.commonPool-worker-0] INFO  server.RaftServer$Division (ServerState.java:close(419)) - 80aad825-1455-44c8-9b95-39dda33c55fc@group-A60BDC5E8099: closes. applyIndex: 0
2022-02-12 02:08:21,561 [80aad825-1455-44c8-9b95-39dda33c55fc@group-A60BDC5E8099-SegmentedRaftLogWorker] INFO  segmented.SegmentedRaftLogWorker (SegmentedRaftLogWorker.java:run(327)) - 80aad825-1455-44c8-9b95-39dda33c55fc@group-A60BDC5E8099-SegmentedRaftLogWorker was interrupted, exiting. There are 0 tasks remaining in the queue.
2022-02-12 02:08:21,562 [ForkJoinPool.commonPool-worker-0] INFO  segmented.SegmentedRaftLogWorker (SegmentedRaftLogWorker.java:close(237)) - 80aad825-1455-44c8-9b95-39dda33c55fc@group-A60BDC5E8099-SegmentedRaftLogWorker close()
2022-02-12 02:08:21,562 [ForkJoinPool.commonPool-worker-0] INFO  server.GrpcService (GrpcService.java:closeImpl(262)) - 80aad825-1455-44c8-9b95-39dda33c55fc: shutdown server with port 32927 now
2022-02-12 02:08:21,565 [ForkJoinPool.commonPool-worker-0] INFO  server.GrpcService (GrpcService.java:closeImpl(271)) - 80aad825-1455-44c8-9b95-39dda33c55fc: shutdown server with port 32927 successfully
2022-02-12 02:08:21,566 [grpc-default-executor-0] WARN  server.GrpcServerProtocolService (LogUtils.java:warn(122)) - 80aad825-1455-44c8-9b95-39dda33c55fc: installSnapshot onError, lastRequest: dbc576bd-ec57-4800-af44-df78a35caa86->80aad825-1455-44c8-9b95-39dda33c55fc#322-t3,previous=(t:3, i:27),leaderCommit=26,initializing? true,entries: size=1, first=(t:3, i:28), METADATAENTRY(c:26): org.apache.ratis.thirdparty.io.grpc.StatusRuntimeException: CANCELLED: client cancelled
2022-02-12 02:08:21,568 [org.apache.ratis.util.JvmPauseMonitor$$Lambda$421/534662976@7eacbac7] INFO  util.JvmPauseMonitor (JvmPauseMonitor.java:run(109)) - JvmPauseMonitor-80aad825-1455-44c8-9b95-39dda33c55fc: Stopped
2022-02-12 02:08:21,569 [grpc-default-executor-0] WARN  server.GrpcLogAppender (LogUtils.java:warn(122)) - dbc576bd-ec57-4800-af44-df78a35caa86@group-23DD4B820AD7->80aad825-1455-44c8-9b95-39dda33c55fc-AppendLogResponseHandler: Failed appendEntries: org.apache.ratis.thirdparty.io.grpc.StatusRuntimeException: CANCELLED: HTTP/2 error code: CANCEL
Received Rst Stream
2022-02-12 02:08:21,569 [grpc-default-executor-0] INFO  leader.FollowerInfo (FollowerInfoImpl.java:lambda$new$0(47)) - dbc576bd-ec57-4800-af44-df78a35caa86@group-23DD4B820AD7->80aad825-1455-44c8-9b95-39dda33c55fc: nextIndex: updateUnconditionally 29 -> 28
2022-02-12 02:08:21,577 [grpc-default-executor-2] WARN  server.GrpcLogAppender (LogUtils.java:warn(122)) - dbc576bd-ec57-4800-af44-df78a35caa86@group-23DD4B820AD7->80aad825-1455-44c8-9b95-39dda33c55fc-AppendLogResponseHandler: Failed appendEntries: org.apache.ratis.thirdparty.io.grpc.StatusRuntimeException: UNAVAILABLE: io exception
2022-02-12 02:08:21,577 [grpc-default-executor-2] INFO  leader.FollowerInfo (FollowerInfoImpl.java:lambda$new$0(47)) - dbc576bd-ec57-4800-af44-df78a35caa86@group-23DD4B820AD7->80aad825-1455-44c8-9b95-39dda33c55fc: nextIndex: updateUnconditionally 29 -> 28
2022-02-12 02:08:23,549 [Listener at 127.0.0.1/33473] INFO  utils.BackgroundService (BackgroundService.java:shutdown(132)) - Shutting down service BlockDeletingService
2022-02-12 02:08:23,586 [ForkJoinPool.commonPool-worker-0] INFO  utils.BackgroundService (BackgroundService.java:shutdown(132)) - Shutting down service BlockDeletingService
2022-02-12 02:08:24,046 [grpc-default-executor-2] WARN  server.GrpcLogAppender (LogUtils.java:warn(122)) - dbc576bd-ec57-4800-af44-df78a35caa86@group-23DD4B820AD7->563bb084-6269-4eaf-a82d-f8c3d548975c-AppendLogResponseHandler: Failed appendEntries: org.apache.ratis.thirdparty.io.grpc.StatusRuntimeException: UNAVAILABLE: io exception
2022-02-12 02:08:24,046 [grpc-default-executor-2] INFO  leader.FollowerInfo (FollowerInfoImpl.java:lambda$new$0(47)) - dbc576bd-ec57-4800-af44-df78a35caa86@group-23DD4B820AD7->563bb084-6269-4eaf-a82d-f8c3d548975c: nextIndex: updateUnconditionally 29 -> 28
2022-02-12 02:08:24,077 [grpc-default-executor-2] WARN  server.GrpcLogAppender (LogUtils.java:warn(122)) - dbc576bd-ec57-4800-af44-df78a35caa86@group-23DD4B820AD7->80aad825-1455-44c8-9b95-39dda33c55fc-AppendLogResponseHandler: Failed appendEntries: org.apache.ratis.thirdparty.io.grpc.StatusRuntimeException: UNAVAILABLE: io exception
2022-02-12 02:08:24,078 [grpc-default-executor-2] INFO  leader.FollowerInfo (FollowerInfoImpl.java:lambda$new$0(47)) - dbc576bd-ec57-4800-af44-df78a35caa86@group-23DD4B820AD7->80aad825-1455-44c8-9b95-39dda33c55fc: nextIndex: updateUnconditionally 29 -> 28
2022-02-12 02:08:26,546 [grpc-default-executor-2] WARN  server.GrpcLogAppender (LogUtils.java:warn(122)) - dbc576bd-ec57-4800-af44-df78a35caa86@group-23DD4B820AD7->563bb084-6269-4eaf-a82d-f8c3d548975c-AppendLogResponseHandler: Failed appendEntries: org.apache.ratis.thirdparty.io.grpc.StatusRuntimeException: UNAVAILABLE: io exception
2022-02-12 02:08:26,547 [grpc-default-executor-2] INFO  leader.FollowerInfo (FollowerInfoImpl.java:lambda$new$0(47)) - dbc576bd-ec57-4800-af44-df78a35caa86@group-23DD4B820AD7->563bb084-6269-4eaf-a82d-f8c3d548975c: nextIndex: updateUnconditionally 29 -> 28
2022-02-12 02:08:26,564 [Listener at 127.0.0.1/33473] INFO  statemachine.DatanodeStateMachine (DatanodeStateMachine.java:stopDaemon(529)) - Ozone container server stopped.
2022-02-12 02:08:26,565 [Listener at 127.0.0.1/33473] INFO  handler.ContextHandler (ContextHandler.java:doStop(1153)) - Stopped o.e.j.w.WebAppContext@e207342{hddsDatanode,/,null,STOPPED}{jar:file:/home/runner/.m2/repository/org/apache/ozone/hdds-container-service/1.3.0-SNAPSHOT/hdds-container-service-1.3.0-SNAPSHOT.jar!/webapps/hddsDatanode}
2022-02-12 02:08:26,567 [Listener at 127.0.0.1/33473] INFO  server.AbstractConnector (AbstractConnector.java:doStop(381)) - Stopped ServerConnector@2f6a30d2{HTTP/1.1, (http/1.1)}{0.0.0.0:0}
2022-02-12 02:08:26,567 [Listener at 127.0.0.1/33473] INFO  server.session (HouseKeeper.java:stopScavenging(149)) - node0 Stopped scavenging
2022-02-12 02:08:26,567 [Listener at 127.0.0.1/33473] INFO  handler.ContextHandler (ContextHandler.java:doStop(1153)) - Stopped o.e.j.s.ServletContextHandler@3064af47{static,/static,jar:file:/home/runner/.m2/repository/org/apache/ozone/hdds-container-service/1.3.0-SNAPSHOT/hdds-container-service-1.3.0-SNAPSHOT.jar!/webapps/static,STOPPED}
2022-02-12 02:08:26,567 [Listener at 127.0.0.1/33473] INFO  handler.ContextHandler (ContextHandler.java:doStop(1153)) - Stopped o.e.j.s.ServletContextHandler@25fedeb8{logs,/logs,file:///home/runner/work/ozone/ozone/hadoop-ozone/integration-test/target/log,STOPPED}
2022-02-12 02:08:26,577 [grpc-default-executor-2] WARN  server.GrpcLogAppender (LogUtils.java:warn(122)) - dbc576bd-ec57-4800-af44-df78a35caa86@group-23DD4B820AD7->80aad825-1455-44c8-9b95-39dda33c55fc-AppendLogResponseHandler: Failed appendEntries: org.apache.ratis.thirdparty.io.grpc.StatusRuntimeException: UNAVAILABLE: io exception
2022-02-12 02:08:26,578 [grpc-default-executor-2] INFO  leader.FollowerInfo (FollowerInfoImpl.java:lambda$new$0(47)) - dbc576bd-ec57-4800-af44-df78a35caa86@group-23DD4B820AD7->80aad825-1455-44c8-9b95-39dda33c55fc: nextIndex: updateUnconditionally 29 -> 28
2022-02-12 02:08:26,589 [ForkJoinPool.commonPool-worker-0] INFO  statemachine.DatanodeStateMachine (DatanodeStateMachine.java:stopDaemon(529)) - Ozone container server stopped.
2022-02-12 02:08:26,592 [ForkJoinPool.commonPool-worker-0] INFO  handler.ContextHandler (ContextHandler.java:doStop(1153)) - Stopped o.e.j.w.WebAppContext@290aabc9{hddsDatanode,/,null,STOPPED}{jar:file:/home/runner/.m2/repository/org/apache/ozone/hdds-container-service/1.3.0-SNAPSHOT/hdds-container-service-1.3.0-SNAPSHOT.jar!/webapps/hddsDatanode}
2022-02-12 02:08:26,595 [ForkJoinPool.commonPool-worker-0] INFO  server.AbstractConnector (AbstractConnector.java:doStop(381)) - Stopped ServerConnector@3e77de0a{HTTP/1.1, (http/1.1)}{0.0.0.0:0}
2022-02-12 02:08:26,595 [ForkJoinPool.commonPool-worker-0] INFO  server.session (HouseKeeper.java:stopScavenging(149)) - node0 Stopped scavenging
2022-02-12 02:08:26,596 [ForkJoinPool.commonPool-worker-0] INFO  handler.ContextHandler (ContextHandler.java:doStop(1153)) - Stopped o.e.j.s.ServletContextHandler@191a957{static,/static,jar:file:/home/runner/.m2/repository/org/apache/ozone/hdds-container-service/1.3.0-SNAPSHOT/hdds-container-service-1.3.0-SNAPSHOT.jar!/webapps/static,STOPPED}
2022-02-12 02:08:26,597 [ForkJoinPool.commonPool-worker-0] INFO  handler.ContextHandler (ContextHandler.java:doStop(1153)) - Stopped o.e.j.s.ServletContextHandler@1e0a3f7d{logs,/logs,file:///home/runner/work/ozone/ozone/hadoop-ozone/integration-test/target/log,STOPPED}
2022-02-12 02:08:28,488 [dbc576bd-ec57-4800-af44-df78a35caa86@group-23DD4B820AD7-LeaderStateImpl] WARN  server.RaftServer$Division (LeaderStateImpl.java:checkLeadership(974)) - dbc576bd-ec57-4800-af44-df78a35caa86@group-23DD4B820AD7-LeaderStateImpl: Lost leadership on term: 3. Election timeout: 5200ms. In charge for: 29821ms. Conf: 0: [563bb084-6269-4eaf-a82d-f8c3d548975c|rpc:10.1.0.17:42441|dataStream:|priority:0, 80aad825-1455-44c8-9b95-39dda33c55fc|rpc:10.1.0.17:32927|dataStream:|priority:0, dbc576bd-ec57-4800-af44-df78a35caa86|rpc:10.1.0.17:44991|dataStream:|priority:1], old=null
2022-02-12 02:08:28,488 [dbc576bd-ec57-4800-af44-df78a35caa86@group-23DD4B820AD7-LeaderStateImpl] WARN  server.RaftServer$Division (LeaderStateImpl.java:lambda$checkLeadership$15(978)) - Follower dbc576bd-ec57-4800-af44-df78a35caa86@group-23DD4B820AD7->563bb084-6269-4eaf-a82d-f8c3d548975c(c28,m28,n28, attendVote=true, lastRpcSendTime=1941, lastRpcResponseTime=8417)
2022-02-12 02:08:28,488 [dbc576bd-ec57-4800-af44-df78a35caa86@group-23DD4B820AD7-LeaderStateImpl] WARN  server.RaftServer$Division (LeaderStateImpl.java:lambda$checkLeadership$15(978)) - Follower dbc576bd-ec57-4800-af44-df78a35caa86@group-23DD4B820AD7->80aad825-1455-44c8-9b95-39dda33c55fc(c28,m28,n28, attendVote=true, lastRpcSendTime=1910, lastRpcResponseTime=8432)
2022-02-12 02:08:28,488 [dbc576bd-ec57-4800-af44-df78a35caa86@group-23DD4B820AD7-LeaderStateImpl] INFO  server.RaftServer$Division (RaftServerImpl.java:setRole(290)) - dbc576bd-ec57-4800-af44-df78a35caa86@group-23DD4B820AD7: changes role from    LEADER to FOLLOWER at term 3 for StepDownReason:LOST_MAJORITY_HEARTBEATS
2022-02-12 02:08:28,488 [dbc576bd-ec57-4800-af44-df78a35caa86@group-23DD4B820AD7-LeaderStateImpl] INFO  impl.RoleInfo (RoleInfo.java:shutdownLeaderState(91)) - dbc576bd-ec57-4800-af44-df78a35caa86: shutdown dbc576bd-ec57-4800-af44-df78a35caa86@group-23DD4B820AD7-LeaderStateImpl
2022-02-12 02:08:28,488 [dbc576bd-ec57-4800-af44-df78a35caa86@group-23DD4B820AD7->80aad825-1455-44c8-9b95-39dda33c55fc-GrpcLogAppender-LogAppenderDaemon] WARN  server.GrpcLogAppender (GrpcLogAppender.java:mayWait(177)) - dbc576bd-ec57-4800-af44-df78a35caa86@group-23DD4B820AD7->80aad825-1455-44c8-9b95-39dda33c55fc-GrpcLogAppender: Wait interrupted by java.lang.InterruptedException
2022-02-12 02:08:28,488 [dbc576bd-ec57-4800-af44-df78a35caa86@group-23DD4B820AD7->563bb084-6269-4eaf-a82d-f8c3d548975c-GrpcLogAppender-LogAppenderDaemon] WARN  server.GrpcLogAppender (GrpcLogAppender.java:mayWait(177)) - dbc576bd-ec57-4800-af44-df78a35caa86@group-23DD4B820AD7->563bb084-6269-4eaf-a82d-f8c3d548975c-GrpcLogAppender: Wait interrupted by java.lang.InterruptedException
2022-02-12 02:08:28,488 [dbc576bd-ec57-4800-af44-df78a35caa86@group-23DD4B820AD7-LeaderStateImpl] INFO  impl.PendingRequests (PendingRequests.java:sendNotLeaderResponses(282)) - dbc576bd-ec57-4800-af44-df78a35caa86@group-23DD4B820AD7-PendingRequests: sendNotLeaderResponses
2022-02-12 02:08:28,489 [dbc576bd-ec57-4800-af44-df78a35caa86@group-23DD4B820AD7-LeaderStateImpl] INFO  impl.RoleInfo (RoleInfo.java:updateAndGet(130)) - dbc576bd-ec57-4800-af44-df78a35caa86: start dbc576bd-ec57-4800-af44-df78a35caa86@group-23DD4B820AD7-FollowerState
2022-02-12 02:08:29,186 [dbc576bd-ec57-4800-af44-df78a35caa86@group-A60BDC5E8099-FollowerState] INFO  impl.FollowerState (FollowerState.java:run(134)) - dbc576bd-ec57-4800-af44-df78a35caa86@group-A60BDC5E8099-FollowerState: change to CANDIDATE, lastRpcElapsedTime:7750613415ns, electionTimeout:5196ms
2022-02-12 02:08:29,186 [dbc576bd-ec57-4800-af44-df78a35caa86@group-A60BDC5E8099-FollowerState] INFO  impl.RoleInfo (RoleInfo.java:shutdownFollowerState(108)) - dbc576bd-ec57-4800-af44-df78a35caa86: shutdown dbc576bd-ec57-4800-af44-df78a35caa86@group-A60BDC5E8099-FollowerState
2022-02-12 02:08:29,187 [dbc576bd-ec57-4800-af44-df78a35caa86@group-A60BDC5E8099-FollowerState] INFO  server.RaftServer$Division (RaftServerImpl.java:setRole(290)) - dbc576bd-ec57-4800-af44-df78a35caa86@group-A60BDC5E8099: changes role from  FOLLOWER to CANDIDATE at term 4 for changeToCandidate
2022-02-12 02:08:29,187 [dbc576bd-ec57-4800-af44-df78a35caa86@group-A60BDC5E8099-FollowerState] INFO  server.RaftServerConfigKeys (ConfUtils.java:logGet(44)) - raft.server.leaderelection.pre-vote = false (custom)
2022-02-12 02:08:29,187 [dbc576bd-ec57-4800-af44-df78a35caa86@group-A60BDC5E8099-FollowerState] INFO  impl.RoleInfo (RoleInfo.java:updateAndGet(130)) - dbc576bd-ec57-4800-af44-df78a35caa86: start dbc576bd-ec57-4800-af44-df78a35caa86@group-A60BDC5E8099-LeaderElection31
2022-02-12 02:08:29,200 [dbc576bd-ec57-4800-af44-df78a35caa86@group-A60BDC5E8099-LeaderElection31] INFO  server.RaftServer$Division (ServerState.java:setLeader(285)) - dbc576bd-ec57-4800-af44-df78a35caa86@group-A60BDC5E8099: change Leader from 563bb084-6269-4eaf-a82d-f8c3d548975c to null at term 4 for ELECTION
2022-02-12 02:08:29,216 [dbc576bd-ec57-4800-af44-df78a35caa86@group-A60BDC5E8099-LeaderElection31] INFO  impl.LeaderElection (LeaderElection.java:askForVotes(306)) - dbc576bd-ec57-4800-af44-df78a35caa86@group-A60BDC5E8099-LeaderElection31 ELECTION round 0: submit vote requests at term 5 for 0: [563bb084-6269-4eaf-a82d-f8c3d548975c|rpc:10.1.0.17:42441|dataStream:|priority:1, 80aad825-1455-44c8-9b95-39dda33c55fc|rpc:10.1.0.17:32927|dataStream:|priority:0, dbc576bd-ec57-4800-af44-df78a35caa86|rpc:10.1.0.17:44991|dataStream:|priority:0], old=null
2022-02-12 02:08:29,234 [dbc576bd-ec57-4800-af44-df78a35caa86@group-A60BDC5E8099-LeaderElection31] INFO  impl.LeaderElection (LogUtils.java:infoOrTrace(137)) - dbc576bd-ec57-4800-af44-df78a35caa86@group-A60BDC5E8099-LeaderElection31 got exception when requesting votes: java.util.concurrent.ExecutionException: org.apache.ratis.thirdparty.io.grpc.StatusRuntimeException: UNAVAILABLE: io exception
2022-02-12 02:08:29,235 [dbc576bd-ec57-4800-af44-df78a35caa86@group-A60BDC5E8099-LeaderElection31] INFO  impl.LeaderElection (LogUtils.java:infoOrTrace(137)) - dbc576bd-ec57-4800-af44-df78a35caa86@group-A60BDC5E8099-LeaderElection31 got exception when requesting votes: java.util.concurrent.ExecutionException: org.apache.ratis.thirdparty.io.grpc.StatusRuntimeException: UNAVAILABLE: io exception
2022-02-12 02:08:29,235 [dbc576bd-ec57-4800-af44-df78a35caa86@group-A60BDC5E8099-LeaderElection31] INFO  impl.LeaderElection (LeaderElection.java:logAndReturn(89)) - dbc576bd-ec57-4800-af44-df78a35caa86@group-A60BDC5E8099-LeaderElection31: ELECTION REJECTED received 0 response(s) and 2 exception(s):
2022-02-12 02:08:29,235 [dbc576bd-ec57-4800-af44-df78a35caa86@group-A60BDC5E8099-LeaderElection31] INFO  impl.LeaderElection (LogUtils.java:infoOrTrace(137)) -   Exception 0: java.util.concurrent.ExecutionException: org.apache.ratis.thirdparty.io.grpc.StatusRuntimeException: UNAVAILABLE: io exception
2022-02-12 02:08:29,235 [dbc576bd-ec57-4800-af44-df78a35caa86@group-A60BDC5E8099-LeaderElection31] INFO  impl.LeaderElection (LogUtils.java:infoOrTrace(137)) -   Exception 1: java.util.concurrent.ExecutionException: org.apache.ratis.thirdparty.io.grpc.StatusRuntimeException: UNAVAILABLE: io exception
2022-02-12 02:08:29,235 [dbc576bd-ec57-4800-af44-df78a35caa86@group-A60BDC5E8099-LeaderElection31] INFO  impl.LeaderElection (LeaderElection.java:askForVotes(308)) - dbc576bd-ec57-4800-af44-df78a35caa86@group-A60BDC5E8099-LeaderElection31 ELECTION round 0: result REJECTED
2022-02-12 02:08:29,235 [dbc576bd-ec57-4800-af44-df78a35caa86@group-A60BDC5E8099-LeaderElection31] INFO  server.RaftServer$Division (RaftServerImpl.java:setRole(290)) - dbc576bd-ec57-4800-af44-df78a35caa86@group-A60BDC5E8099: changes role from CANDIDATE to FOLLOWER at term 5 for REJECTED
2022-02-12 02:08:29,235 [dbc576bd-ec57-4800-af44-df78a35caa86@group-A60BDC5E8099-LeaderElection31] INFO  impl.RoleInfo (RoleInfo.java:shutdownLeaderElection(121)) - dbc576bd-ec57-4800-af44-df78a35caa86: shutdown dbc576bd-ec57-4800-af44-df78a35caa86@group-A60BDC5E8099-LeaderElection31
2022-02-12 02:08:29,235 [dbc576bd-ec57-4800-af44-df78a35caa86@group-A60BDC5E8099-LeaderElection31] INFO  impl.RoleInfo (RoleInfo.java:updateAndGet(130)) - dbc576bd-ec57-4800-af44-df78a35caa86: start dbc576bd-ec57-4800-af44-df78a35caa86@group-A60BDC5E8099-FollowerState
2022-02-12 02:08:31,575 [Listener at 127.0.0.1/33473] INFO  ozoneimpl.OzoneContainer (OzoneContainer.java:stop(336)) - Attempting to stop container services.
2022-02-12 02:08:31,576 [Listener at 127.0.0.1/33473] INFO  server.RaftServer (RaftServerProxy.java:lambda$close$6(391)) - dbc576bd-ec57-4800-af44-df78a35caa86: close
2022-02-12 02:08:31,582 [Listener at 127.0.0.1/33473] INFO  server.RaftServer$Division (RaftServerImpl.java:lambda$close$4(412)) - dbc576bd-ec57-4800-af44-df78a35caa86@group-23DD4B820AD7: shutdown
2022-02-12 02:08:31,582 [Listener at 127.0.0.1/33473] INFO  util.JmxRegister (JmxRegister.java:unregister(73)) - Successfully un-registered JMX Bean with object name Ratis:service=RaftServer,group=group-23DD4B820AD7,id=dbc576bd-ec57-4800-af44-df78a35caa86
2022-02-12 02:08:31,582 [Listener at 127.0.0.1/33473] INFO  impl.RoleInfo (RoleInfo.java:shutdownFollowerState(108)) - dbc576bd-ec57-4800-af44-df78a35caa86: shutdown dbc576bd-ec57-4800-af44-df78a35caa86@group-23DD4B820AD7-FollowerState
2022-02-12 02:08:31,582 [Listener at 127.0.0.1/33473] INFO  impl.StateMachineUpdater (StateMachineUpdater.java:stopAndJoin(149)) - dbc576bd-ec57-4800-af44-df78a35caa86@group-23DD4B820AD7-StateMachineUpdater: set stopIndex = 28
2022-02-12 02:08:31,582 [dbc576bd-ec57-4800-af44-df78a35caa86@group-23DD4B820AD7-FollowerState] INFO  impl.FollowerState (FollowerState.java:run(143)) - dbc576bd-ec57-4800-af44-df78a35caa86@group-23DD4B820AD7-FollowerState was interrupted: {}
java.lang.InterruptedException: sleep interrupted
	at java.lang.Thread.sleep(Native Method)
	at java.lang.Thread.sleep(Thread.java:340)
	at java.util.concurrent.TimeUnit.sleep(TimeUnit.java:386)
	at org.apache.ratis.util.TimeDuration.sleep(TimeDuration.java:324)
	at org.apache.ratis.util.TimeDuration.sleep(TimeDuration.java:309)
	at org.apache.ratis.server.impl.FollowerState.run(FollowerState.java:118)
2022-02-12 02:08:31,583 [dbc576bd-ec57-4800-af44-df78a35caa86@group-23DD4B820AD7-StateMachineUpdater] INFO  ratis.ContainerStateMachine (ContainerStateMachine.java:takeSnapshot(299)) - group-23DD4B820AD7: Taking a snapshot at:(t:3, i:28) file /home/runner/work/ozone/ozone/hadoop-ozone/integration-test/target/test-dir/MiniOzoneClusterImpl-aab2a9ef-fee9-490a-83f8-38e83ff8be47/datanode-2/data/ratis/7478c8ab-e15e-4858-9ff5-23dd4b820ad7/sm/snapshot.3_28
2022-02-12 02:08:31,584 [dbc576bd-ec57-4800-af44-df78a35caa86@group-23DD4B820AD7-StateMachineUpdater] INFO  ratis.ContainerStateMachine (ContainerStateMachine.java:takeSnapshot(310)) - group-23DD4B820AD7: Finished taking a snapshot at:(t:3, i:28) file:/home/runner/work/ozone/ozone/hadoop-ozone/integration-test/target/test-dir/MiniOzoneClusterImpl-aab2a9ef-fee9-490a-83f8-38e83ff8be47/datanode-2/data/ratis/7478c8ab-e15e-4858-9ff5-23dd4b820ad7/sm/snapshot.3_28 took: 1 ms
2022-02-12 02:08:31,584 [dbc576bd-ec57-4800-af44-df78a35caa86@group-23DD4B820AD7-StateMachineUpdater] INFO  impl.StateMachineUpdater (StateMachineUpdater.java:takeSnapshot(281)) - dbc576bd-ec57-4800-af44-df78a35caa86@group-23DD4B820AD7-StateMachineUpdater: Took a snapshot at index 28
2022-02-12 02:08:31,584 [dbc576bd-ec57-4800-af44-df78a35caa86@group-23DD4B820AD7-StateMachineUpdater] INFO  impl.StateMachineUpdater (StateMachineUpdater.java:lambda$new$0(89)) - dbc576bd-ec57-4800-af44-df78a35caa86@group-23DD4B820AD7-StateMachineUpdater: snapshotIndex: updateIncreasingly -1 -> 28
2022-02-12 02:08:31,586 [Listener at 127.0.0.1/33473] INFO  server.RaftServer$Division (ServerState.java:close(419)) - dbc576bd-ec57-4800-af44-df78a35caa86@group-23DD4B820AD7: closes. applyIndex: 28
2022-02-12 02:08:31,586 [dbc576bd-ec57-4800-af44-df78a35caa86@group-23DD4B820AD7-SegmentedRaftLogWorker] INFO  segmented.SegmentedRaftLogWorker (SegmentedRaftLogWorker.java:run(327)) - dbc576bd-ec57-4800-af44-df78a35caa86@group-23DD4B820AD7-SegmentedRaftLogWorker was interrupted, exiting. There are 0 tasks remaining in the queue.
2022-02-12 02:08:31,588 [Listener at 127.0.0.1/33473] INFO  segmented.SegmentedRaftLogWorker (SegmentedRaftLogWorker.java:close(237)) - dbc576bd-ec57-4800-af44-df78a35caa86@group-23DD4B820AD7-SegmentedRaftLogWorker close()
2022-02-12 02:08:31,590 [Listener at 127.0.0.1/33473] INFO  server.RaftServer$Division (RaftServerImpl.java:lambda$close$4(412)) - dbc576bd-ec57-4800-af44-df78a35caa86@group-5BC279CFDAA1: shutdown
2022-02-12 02:08:31,590 [Listener at 127.0.0.1/33473] INFO  util.JmxRegister (JmxRegister.java:unregister(73)) - Successfully un-registered JMX Bean with object name Ratis:service=RaftServer,group=group-5BC279CFDAA1,id=dbc576bd-ec57-4800-af44-df78a35caa86
2022-02-12 02:08:31,590 [Listener at 127.0.0.1/33473] INFO  impl.RoleInfo (RoleInfo.java:shutdownLeaderState(91)) - dbc576bd-ec57-4800-af44-df78a35caa86: shutdown dbc576bd-ec57-4800-af44-df78a35caa86@group-5BC279CFDAA1-LeaderStateImpl
2022-02-12 02:08:31,590 [Listener at 127.0.0.1/33473] INFO  impl.PendingRequests (PendingRequests.java:sendNotLeaderResponses(282)) - dbc576bd-ec57-4800-af44-df78a35caa86@group-5BC279CFDAA1-PendingRequests: sendNotLeaderResponses
2022-02-12 02:08:31,596 [dbc576bd-ec57-4800-af44-df78a35caa86@group-5BC279CFDAA1-StateMachineUpdater] INFO  ratis.ContainerStateMachine (ContainerStateMachine.java:takeSnapshot(299)) - group-5BC279CFDAA1: Taking a snapshot at:(t:1, i:0) file /home/runner/work/ozone/ozone/hadoop-ozone/integration-test/target/test-dir/MiniOzoneClusterImpl-aab2a9ef-fee9-490a-83f8-38e83ff8be47/datanode-2/data/ratis/6579759d-2473-4297-a822-5bc279cfdaa1/sm/snapshot.1_0
2022-02-12 02:08:31,597 [Listener at 127.0.0.1/33473] INFO  impl.StateMachineUpdater (StateMachineUpdater.java:stopAndJoin(149)) - dbc576bd-ec57-4800-af44-df78a35caa86@group-5BC279CFDAA1-StateMachineUpdater: set stopIndex = 0
2022-02-12 02:08:31,597 [dbc576bd-ec57-4800-af44-df78a35caa86@group-5BC279CFDAA1-StateMachineUpdater] INFO  ratis.ContainerStateMachine (ContainerStateMachine.java:takeSnapshot(310)) - group-5BC279CFDAA1: Finished taking a snapshot at:(t:1, i:0) file:/home/runner/work/ozone/ozone/hadoop-ozone/integration-test/target/test-dir/MiniOzoneClusterImpl-aab2a9ef-fee9-490a-83f8-38e83ff8be47/datanode-2/data/ratis/6579759d-2473-4297-a822-5bc279cfdaa1/sm/snapshot.1_0 took: 0 ms
2022-02-12 02:08:31,597 [dbc576bd-ec57-4800-af44-df78a35caa86@group-5BC279CFDAA1-StateMachineUpdater] INFO  impl.StateMachineUpdater (StateMachineUpdater.java:takeSnapshot(281)) - dbc576bd-ec57-4800-af44-df78a35caa86@group-5BC279CFDAA1-StateMachineUpdater: Took a snapshot at index 0
2022-02-12 02:08:31,597 [dbc576bd-ec57-4800-af44-df78a35caa86@group-5BC279CFDAA1-StateMachineUpdater] INFO  impl.StateMachineUpdater (StateMachineUpdater.java:lambda$new$0(89)) - dbc576bd-ec57-4800-af44-df78a35caa86@group-5BC279CFDAA1-StateMachineUpdater: snapshotIndex: updateIncreasingly -1 -> 0
2022-02-12 02:08:31,600 [Listener at 127.0.0.1/33473] INFO  server.RaftServer$Division (ServerState.java:close(419)) - dbc576bd-ec57-4800-af44-df78a35caa86@group-5BC279CFDAA1: closes. applyIndex: 0
2022-02-12 02:08:31,600 [dbc576bd-ec57-4800-af44-df78a35caa86@group-5BC279CFDAA1-SegmentedRaftLogWorker] INFO  segmented.SegmentedRaftLogWorker (SegmentedRaftLogWorker.java:run(327)) - dbc576bd-ec57-4800-af44-df78a35caa86@group-5BC279CFDAA1-SegmentedRaftLogWorker was interrupted, exiting. There are 0 tasks remaining in the queue.
2022-02-12 02:08:31,600 [Listener at 127.0.0.1/33473] INFO  segmented.SegmentedRaftLogWorker (SegmentedRaftLogWorker.java:close(237)) - dbc576bd-ec57-4800-af44-df78a35caa86@group-5BC279CFDAA1-SegmentedRaftLogWorker close()
2022-02-12 02:08:31,600 [Listener at 127.0.0.1/33473] INFO  server.RaftServer$Division (RaftServerImpl.java:lambda$close$4(412)) - dbc576bd-ec57-4800-af44-df78a35caa86@group-A60BDC5E8099: shutdown
2022-02-12 02:08:31,601 [Listener at 127.0.0.1/33473] INFO  util.JmxRegister (JmxRegister.java:unregister(73)) - Successfully un-registered JMX Bean with object name Ratis:service=RaftServer,group=group-A60BDC5E8099,id=dbc576bd-ec57-4800-af44-df78a35caa86
2022-02-12 02:08:31,601 [Listener at 127.0.0.1/33473] INFO  impl.RoleInfo (RoleInfo.java:shutdownFollowerState(108)) - dbc576bd-ec57-4800-af44-df78a35caa86: shutdown dbc576bd-ec57-4800-af44-df78a35caa86@group-A60BDC5E8099-FollowerState
2022-02-12 02:08:31,601 [Listener at 127.0.0.1/33473] INFO  impl.StateMachineUpdater (StateMachineUpdater.java:stopAndJoin(149)) - dbc576bd-ec57-4800-af44-df78a35caa86@group-A60BDC5E8099-StateMachineUpdater: set stopIndex = 0
2022-02-12 02:08:31,601 [dbc576bd-ec57-4800-af44-df78a35caa86@group-A60BDC5E8099-FollowerState] INFO  impl.FollowerState (FollowerState.java:run(143)) - dbc576bd-ec57-4800-af44-df78a35caa86@group-A60BDC5E8099-FollowerState was interrupted: {}
java.lang.InterruptedException: sleep interrupted
	at java.lang.Thread.sleep(Native Method)
	at java.lang.Thread.sleep(Thread.java:340)
	at java.util.concurrent.TimeUnit.sleep(TimeUnit.java:386)
	at org.apache.ratis.util.TimeDuration.sleep(TimeDuration.java:324)
	at org.apache.ratis.util.TimeDuration.sleep(TimeDuration.java:309)
	at org.apache.ratis.server.impl.FollowerState.run(FollowerState.java:118)
2022-02-12 02:08:31,601 [dbc576bd-ec57-4800-af44-df78a35caa86@group-A60BDC5E8099-StateMachineUpdater] INFO  ratis.ContainerStateMachine (ContainerStateMachine.java:takeSnapshot(299)) - group-A60BDC5E8099: Taking a snapshot at:(t:4, i:0) file /home/runner/work/ozone/ozone/hadoop-ozone/integration-test/target/test-dir/MiniOzoneClusterImpl-aab2a9ef-fee9-490a-83f8-38e83ff8be47/datanode-2/data/ratis/fa4b923b-039d-41c6-ba28-a60bdc5e8099/sm/snapshot.4_0
2022-02-12 02:08:31,605 [dbc576bd-ec57-4800-af44-df78a35caa86@group-A60BDC5E8099-StateMachineUpdater] INFO  ratis.ContainerStateMachine (ContainerStateMachine.java:takeSnapshot(310)) - group-A60BDC5E8099: Finished taking a snapshot at:(t:4, i:0) file:/home/runner/work/ozone/ozone/hadoop-ozone/integration-test/target/test-dir/MiniOzoneClusterImpl-aab2a9ef-fee9-490a-83f8-38e83ff8be47/datanode-2/data/ratis/fa4b923b-039d-41c6-ba28-a60bdc5e8099/sm/snapshot.4_0 took: 4 ms
2022-02-12 02:08:31,606 [dbc576bd-ec57-4800-af44-df78a35caa86@group-A60BDC5E8099-StateMachineUpdater] INFO  impl.StateMachineUpdater (StateMachineUpdater.java:takeSnapshot(281)) - dbc576bd-ec57-4800-af44-df78a35caa86@group-A60BDC5E8099-StateMachineUpdater: Took a snapshot at index 0
2022-02-12 02:08:31,606 [dbc576bd-ec57-4800-af44-df78a35caa86@group-A60BDC5E8099-StateMachineUpdater] INFO  impl.StateMachineUpdater (StateMachineUpdater.java:lambda$new$0(89)) - dbc576bd-ec57-4800-af44-df78a35caa86@group-A60BDC5E8099-StateMachineUpdater: snapshotIndex: updateIncreasingly -1 -> 0
2022-02-12 02:08:31,616 [Listener at 127.0.0.1/33473] INFO  server.RaftServer$Division (ServerState.java:close(419)) - dbc576bd-ec57-4800-af44-df78a35caa86@group-A60BDC5E8099: closes. applyIndex: 0
2022-02-12 02:08:31,616 [dbc576bd-ec57-4800-af44-df78a35caa86@group-A60BDC5E8099-SegmentedRaftLogWorker] INFO  segmented.SegmentedRaftLogWorker (SegmentedRaftLogWorker.java:run(327)) - dbc576bd-ec57-4800-af44-df78a35caa86@group-A60BDC5E8099-SegmentedRaftLogWorker was interrupted, exiting. There are 0 tasks remaining in the queue.
2022-02-12 02:08:31,623 [Listener at 127.0.0.1/33473] INFO  segmented.SegmentedRaftLogWorker (SegmentedRaftLogWorker.java:close(237)) - dbc576bd-ec57-4800-af44-df78a35caa86@group-A60BDC5E8099-SegmentedRaftLogWorker close()
2022-02-12 02:08:31,624 [Listener at 127.0.0.1/33473] INFO  server.GrpcService (GrpcService.java:closeImpl(262)) - dbc576bd-ec57-4800-af44-df78a35caa86: shutdown server with port 44991 now
2022-02-12 02:08:31,634 [grpc-default-executor-0] WARN  client.GrpcClientProtocolService (LogUtils.java:warn(122)) - 1-UnorderedRequestStreamObserver1: onError: org.apache.ratis.thirdparty.io.grpc.StatusRuntimeException: CANCELLED: client cancelled
2022-02-12 02:08:31,634 [Listener at 127.0.0.1/33473] INFO  server.GrpcService (GrpcService.java:closeImpl(271)) - dbc576bd-ec57-4800-af44-df78a35caa86: shutdown server with port 44991 successfully
2022-02-12 02:08:31,634 [org.apache.ratis.util.JvmPauseMonitor$$Lambda$421/534662976@7c38062f] INFO  util.JvmPauseMonitor (JvmPauseMonitor.java:run(109)) - JvmPauseMonitor-dbc576bd-ec57-4800-af44-df78a35caa86: Stopped
2022-02-12 02:08:33,646 [Listener at 127.0.0.1/33473] INFO  utils.BackgroundService (BackgroundService.java:shutdown(132)) - Shutting down service BlockDeletingService
2022-02-12 02:08:36,652 [Listener at 127.0.0.1/33473] INFO  statemachine.DatanodeStateMachine (DatanodeStateMachine.java:stopDaemon(529)) - Ozone container server stopped.
2022-02-12 02:08:36,653 [Listener at 127.0.0.1/33473] INFO  handler.ContextHandler (ContextHandler.java:doStop(1153)) - Stopped o.e.j.w.WebAppContext@58bc23f3{hddsDatanode,/,null,STOPPED}{jar:file:/home/runner/.m2/repository/org/apache/ozone/hdds-container-service/1.3.0-SNAPSHOT/hdds-container-service-1.3.0-SNAPSHOT.jar!/webapps/hddsDatanode}
2022-02-12 02:08:36,654 [Listener at 127.0.0.1/33473] INFO  server.AbstractConnector (AbstractConnector.java:doStop(381)) - Stopped ServerConnector@1e4da7d5{HTTP/1.1, (http/1.1)}{0.0.0.0:0}
2022-02-12 02:08:36,654 [Listener at 127.0.0.1/33473] INFO  server.session (HouseKeeper.java:stopScavenging(149)) - node0 Stopped scavenging
2022-02-12 02:08:36,654 [Listener at 127.0.0.1/33473] INFO  handler.ContextHandler (ContextHandler.java:doStop(1153)) - Stopped o.e.j.s.ServletContextHandler@2d11d5e7{static,/static,jar:file:/home/runner/.m2/repository/org/apache/ozone/hdds-container-service/1.3.0-SNAPSHOT/hdds-container-service-1.3.0-SNAPSHOT.jar!/webapps/static,STOPPED}
2022-02-12 02:08:36,655 [Listener at 127.0.0.1/33473] INFO  handler.ContextHandler (ContextHandler.java:doStop(1153)) - Stopped o.e.j.s.ServletContextHandler@2432211{logs,/logs,file:///home/runner/work/ozone/ozone/hadoop-ozone/integration-test/target/log,STOPPED}
2022-02-12 02:08:36,656 [Listener at 127.0.0.1/33473] INFO  ozone.MiniOzoneClusterImpl (MiniOzoneClusterImpl.java:stopSCM(526)) - Stopping the StorageContainerManager
2022-02-12 02:08:36,656 [Listener at 127.0.0.1/33473] INFO  server.StorageContainerManager (StorageContainerManager.java:stop(1390)) - Stopping Container Balancer service.
2022-02-12 02:08:36,656 [Listener at 127.0.0.1/33473] INFO  balancer.ContainerBalancer (ContainerBalancer.java:stop(751)) - Container Balancer is not running.
2022-02-12 02:08:36,657 [Listener at 127.0.0.1/33473] INFO  server.StorageContainerManager (StorageContainerManager.java:stop(1397)) - Stopping Replication Manager Service.
2022-02-12 02:08:36,657 [Listener at 127.0.0.1/33473] INFO  container.ReplicationManager (ReplicationManager.java:stop(357)) - Stopping Replication Monitor Thread.
2022-02-12 02:08:36,657 [Listener at 127.0.0.1/33473] INFO  server.StorageContainerManager (StorageContainerManager.java:stop(1404)) - Stopping the Datanode Admin Monitor.
2022-02-12 02:08:36,657 [Listener at 127.0.0.1/33473] INFO  server.StorageContainerManager (StorageContainerManager.java:stop(1411)) - Stopping Lease Manager of the command watchers
2022-02-12 02:08:36,657 [Listener at 127.0.0.1/33473] INFO  server.StorageContainerManager (StorageContainerManager.java:stop(1418)) - Stopping datanode service RPC server
2022-02-12 02:08:36,657 [Listener at 127.0.0.1/33473] INFO  server.SCMDatanodeProtocolServer (SCMDatanodeProtocolServer.java:stop(390)) - Stopping the RPC server for DataNodes
2022-02-12 02:08:36,657 [Listener at 127.0.0.1/33473] INFO  ipc.Server (Server.java:stop(3414)) - Stopping server on 41421
2022-02-12 02:08:36,659 [IPC Server listener on 0] INFO  ipc.Server (Server.java:run(1376)) - Stopping IPC Server listener on 0
2022-02-12 02:08:36,663 [IPC Server Responder] INFO  ipc.Server (Server.java:run(1512)) - Stopping IPC Server Responder
2022-02-12 02:08:36,735 [SCM Heartbeat Processing Thread - 0] WARN  node.NodeStateManager (NodeStateManager.java:scheduleNextHealthCheck(799)) - Current Thread is interrupted, shutting down HB processing thread for Node Manager.
2022-02-12 02:08:36,736 [Listener at 127.0.0.1/33473] INFO  server.StorageContainerManager (StorageContainerManager.java:stop(1426)) - Stopping block service RPC server
2022-02-12 02:08:36,736 [Listener at 127.0.0.1/33473] INFO  server.SCMBlockProtocolServer (SCMBlockProtocolServer.java:stop(160)) - Stopping the RPC server for Block Protocol
2022-02-12 02:08:36,736 [Listener at 127.0.0.1/33473] INFO  ipc.Server (Server.java:stop(3414)) - Stopping server on 45313
2022-02-12 02:08:36,746 [IPC Server listener on 0] INFO  ipc.Server (Server.java:run(1376)) - Stopping IPC Server listener on 0
2022-02-12 02:08:36,756 [Listener at 127.0.0.1/33473] INFO  server.StorageContainerManager (StorageContainerManager.java:stop(1433)) - Stopping the StorageContainerLocationProtocol RPC server
2022-02-12 02:08:36,756 [Listener at 127.0.0.1/33473] INFO  server.SCMClientProtocolServer (SCMClientProtocolServer.java:stop(174)) - Stopping the RPC server for Client Protocol
2022-02-12 02:08:36,756 [Listener at 127.0.0.1/33473] INFO  ipc.Server (Server.java:stop(3414)) - Stopping server on 34023
2022-02-12 02:08:36,761 [Listener at 127.0.0.1/33473] INFO  server.StorageContainerManager (StorageContainerManager.java:stop(1440)) - Stopping Storage Container Manager HTTP server.
2022-02-12 02:08:36,762 [Listener at 127.0.0.1/33473] INFO  handler.ContextHandler (ContextHandler.java:doStop(1153)) - Stopped o.e.j.w.WebAppContext@6f13b75b{scm,/,null,STOPPED}{file:/home/runner/work/ozone/ozone/hadoop-ozone/integration-test/target/test-classes/webapps/scm}
2022-02-12 02:08:36,762 [IPC Server listener on 0] INFO  ipc.Server (Server.java:run(1376)) - Stopping IPC Server listener on 0
2022-02-12 02:08:36,765 [IPC Server Responder] INFO  ipc.Server (Server.java:run(1512)) - Stopping IPC Server Responder
2022-02-12 02:08:36,767 [IPC Server Responder] INFO  ipc.Server (Server.java:run(1512)) - Stopping IPC Server Responder
2022-02-12 02:08:36,768 [Listener at 127.0.0.1/33473] INFO  server.AbstractConnector (AbstractConnector.java:doStop(381)) - Stopped ServerConnector@1212bd7a{HTTP/1.1, (http/1.1)}{0.0.0.0:0}
2022-02-12 02:08:36,768 [Listener at 127.0.0.1/33473] INFO  server.session (HouseKeeper.java:stopScavenging(149)) - node0 Stopped scavenging
2022-02-12 02:08:36,768 [Listener at 127.0.0.1/33473] INFO  handler.ContextHandler (ContextHandler.java:doStop(1153)) - Stopped o.e.j.s.ServletContextHandler@318faf0b{static,/static,file:///home/runner/work/ozone/ozone/hadoop-ozone/integration-test/target/test-classes/webapps/static,STOPPED}
2022-02-12 02:08:36,768 [Listener at 127.0.0.1/33473] INFO  handler.ContextHandler (ContextHandler.java:doStop(1153)) - Stopped o.e.j.s.ServletContextHandler@386ec4a6{logs,/logs,file:///home/runner/work/ozone/ozone/hadoop-ozone/integration-test/target/log,STOPPED}
2022-02-12 02:08:36,778 [Listener at 127.0.0.1/33473] INFO  server.StorageContainerManager (StorageContainerManager.java:stop(1451)) - Stopping Block Manager Service.
2022-02-12 02:08:36,778 [Listener at 127.0.0.1/33473] INFO  utils.BackgroundService (BackgroundService.java:shutdown(132)) - Shutting down service SCMBlockDeletingService
2022-02-12 02:08:36,778 [Listener at 127.0.0.1/33473] INFO  utils.BackgroundService (BackgroundService.java:shutdown(132)) - Shutting down service SCMBlockDeletingService
2022-02-12 02:08:36,779 [Listener at 127.0.0.1/33473] INFO  server.StorageContainerManager (StorageContainerManager.java:stop(1478)) - Stopping SCM Event Queue.
2022-02-12 02:08:36,780 [Listener at 127.0.0.1/33473] INFO  server.StorageContainerManager (StorageContainerManager.java:stop(1489)) - Stopping SCM HA services.
2022-02-12 02:08:36,780 [Listener at 127.0.0.1/33473] INFO  ha.SCMRatisServerImpl (SCMRatisServerImpl.java:stop(236)) - stopping ratis server 0.0.0.0:9894
2022-02-12 02:08:36,781 [Listener at 127.0.0.1/33473] INFO  server.RaftServer (RaftServerProxy.java:lambda$close$6(391)) - 30022ef7-21f3-4f35-b657-3de7ef8be931: close
2022-02-12 02:08:36,781 [Listener at 127.0.0.1/33473] INFO  server.RaftServer$Division (RaftServerImpl.java:lambda$close$4(412)) - 30022ef7-21f3-4f35-b657-3de7ef8be931@group-38E83FF8BE47: shutdown
2022-02-12 02:08:36,784 [Listener at 127.0.0.1/33473] INFO  util.JmxRegister (JmxRegister.java:unregister(73)) - Successfully un-registered JMX Bean with object name Ratis:service=RaftServer,group=group-38E83FF8BE47,id=30022ef7-21f3-4f35-b657-3de7ef8be931
2022-02-12 02:08:36,784 [Listener at 127.0.0.1/33473] INFO  impl.RoleInfo (RoleInfo.java:shutdownLeaderState(91)) - 30022ef7-21f3-4f35-b657-3de7ef8be931: shutdown 30022ef7-21f3-4f35-b657-3de7ef8be931@group-38E83FF8BE47-LeaderStateImpl
2022-02-12 02:08:36,784 [Listener at 127.0.0.1/33473] INFO  impl.PendingRequests (PendingRequests.java:sendNotLeaderResponses(282)) - 30022ef7-21f3-4f35-b657-3de7ef8be931@group-38E83FF8BE47-PendingRequests: sendNotLeaderResponses
2022-02-12 02:08:36,785 [Listener at 127.0.0.1/33473] INFO  ha.SCMStateMachine (SCMStateMachine.java:notifyNotLeader(190)) - current leader SCM steps down.
2022-02-12 02:08:36,785 [Listener at 127.0.0.1/33473] INFO  ha.SCMContext (SCMContext.java:updateLeaderAndTerm(90)) - update <isLeader,term> from <true,2> to <false,0>
2022-02-12 02:08:36,785 [Listener at 127.0.0.1/33473] INFO  ha.SCMContext (SCMContext.java:updateLeaderAndTerm(97)) - update <isLeaderReady> from <false> to <false>
2022-02-12 02:08:36,804 [Listener at 127.0.0.1/33473] INFO  impl.StateMachineUpdater (StateMachineUpdater.java:stopAndJoin(149)) - 30022ef7-21f3-4f35-b657-3de7ef8be931@group-38E83FF8BE47-StateMachineUpdater: set stopIndex = 34
2022-02-12 02:08:36,805 [30022ef7-21f3-4f35-b657-3de7ef8be931@group-38E83FF8BE47-StateMachineUpdater] INFO  ha.SCMStateMachine (SCMStateMachine.java:takeSnapshot(297)) - Current Snapshot Index 34, takeSnapshot took 0 ms
2022-02-12 02:08:36,805 [30022ef7-21f3-4f35-b657-3de7ef8be931@group-38E83FF8BE47-StateMachineUpdater] INFO  impl.StateMachineUpdater (StateMachineUpdater.java:takeSnapshot(281)) - 30022ef7-21f3-4f35-b657-3de7ef8be931@group-38E83FF8BE47-StateMachineUpdater: Took a snapshot at index 34
2022-02-12 02:08:36,805 [30022ef7-21f3-4f35-b657-3de7ef8be931@group-38E83FF8BE47-StateMachineUpdater] INFO  impl.StateMachineUpdater (StateMachineUpdater.java:lambda$new$0(89)) - 30022ef7-21f3-4f35-b657-3de7ef8be931@group-38E83FF8BE47-StateMachineUpdater: snapshotIndex: updateIncreasingly -1 -> 34
2022-02-12 02:08:36,808 [Listener at 127.0.0.1/33473] INFO  server.RaftServer$Division (ServerState.java:close(419)) - 30022ef7-21f3-4f35-b657-3de7ef8be931@group-38E83FF8BE47: closes. applyIndex: 34
2022-02-12 02:08:36,808 [30022ef7-21f3-4f35-b657-3de7ef8be931@group-38E83FF8BE47-SegmentedRaftLogWorker] INFO  segmented.SegmentedRaftLogWorker (SegmentedRaftLogWorker.java:run(327)) - 30022ef7-21f3-4f35-b657-3de7ef8be931@group-38E83FF8BE47-SegmentedRaftLogWorker was interrupted, exiting. There are 0 tasks remaining in the queue.
2022-02-12 02:08:36,809 [Listener at 127.0.0.1/33473] INFO  segmented.SegmentedRaftLogWorker (SegmentedRaftLogWorker.java:close(237)) - 30022ef7-21f3-4f35-b657-3de7ef8be931@group-38E83FF8BE47-SegmentedRaftLogWorker close()
2022-02-12 02:08:36,810 [Listener at 127.0.0.1/33473] INFO  server.GrpcService (GrpcService.java:closeImpl(262)) - 30022ef7-21f3-4f35-b657-3de7ef8be931: shutdown server with port 9894 now
2022-02-12 02:08:36,813 [Listener at 127.0.0.1/33473] INFO  server.GrpcService (GrpcService.java:closeImpl(271)) - 30022ef7-21f3-4f35-b657-3de7ef8be931: shutdown server with port 9894 successfully
2022-02-12 02:08:36,813 [org.apache.ratis.util.JvmPauseMonitor$$Lambda$421/534662976@4ae8c98a] INFO  util.JvmPauseMonitor (JvmPauseMonitor.java:run(109)) - JvmPauseMonitor-30022ef7-21f3-4f35-b657-3de7ef8be931: Stopped
2022-02-12 02:08:36,818 [Listener at 127.0.0.1/33473] INFO  pipeline.BackgroundPipelineCreator (BackgroundPipelineCreator.java:stop(158)) - Stopping RatisPipelineUtilsThread.
2022-02-12 02:08:36,818 [Listener at 127.0.0.1/33473] INFO  server.StorageContainerManager (StorageContainerManager.java:stop(1499)) - Stopping SCM MetadataStore.
2022-02-12 02:08:36,819 [Listener at 127.0.0.1/33473] INFO  impl.MetricsSystemImpl (MetricsSystemImpl.java:stop(210)) - Stopping HddsDatanode metrics system...
2022-02-12 02:08:36,830 [prometheus] INFO  impl.MetricsSinkAdapter (MetricsSinkAdapter.java:publishMetricsFromQueue(141)) - prometheus thread interrupted.
2022-02-12 02:08:36,830 [Listener at 127.0.0.1/33473] INFO  impl.MetricsSystemImpl (MetricsSystemImpl.java:stop(216)) - HddsDatanode metrics system stopped.
2022-02-12 02:08:36,994 [Listener at 127.0.0.1/33473] WARN  server.ServerUtils (ServerUtils.java:getScmDbDir(148)) - ozone.scm.db.dirs is not configured. We recommend adding this setting. Falling back to ozone.metadata.dirs instead.
2022-02-12 02:08:37,002 [Listener at 127.0.0.1/33473] INFO  ha.SCMHANodeDetails (SCMHANodeDetails.java:loadSCMHAConfig(157)) - ServiceID for StorageContainerManager is null
2022-02-12 02:08:37,003 [Listener at 127.0.0.1/33473] INFO  ha.SCMHANodeDetails (SCMHANodeDetails.java:loadSCMHAConfig(162)) - ozone.scm.default.service.id is not defined, falling back to ozone.scm.service.ids to find serviceID for StorageContainerManager if it is HA enabled cluster
2022-02-12 02:08:37,003 [Listener at 127.0.0.1/33473] INFO  server.RaftServer (ConfUtils.java:logGet(44)) - raft.rpc.type = GRPC (default)
2022-02-12 02:08:37,003 [Listener at 127.0.0.1/33473] INFO  grpc.GrpcFactory (GrpcFactory.java:checkPooledByteBufAllocatorUseCacheForAllThreads(48)) - PERFORMANCE WARNING: useCacheForAllThreads is true that may cause Netty to create a lot garbage objects and, as a result, trigger GC.
	It is recommended to disable useCacheForAllThreads by setting -Dorg.apache.ratis.thirdparty.io.netty.allocator.useCacheForAllThreads=false in command line.
2022-02-12 02:08:37,003 [Listener at 127.0.0.1/33473] INFO  grpc.GrpcConfigKeys (ConfUtils.java:logGet(44)) - raft.grpc.admin.port = -1 (default)
2022-02-12 02:08:37,004 [Listener at 127.0.0.1/33473] INFO  grpc.GrpcConfigKeys (ConfUtils.java:logGet(44)) - raft.grpc.server.port = 9894 (custom)
2022-02-12 02:08:37,004 [Listener at 127.0.0.1/33473] INFO  grpc.GrpcConfigKeys (ConfUtils.java:logGet(44)) - raft.grpc.client.port = -1 (default)
2022-02-12 02:08:37,004 [Listener at 127.0.0.1/33473] INFO  grpc.GrpcConfigKeys (ConfUtils.java:logGet(44)) - raft.grpc.server.port = 9894 (custom)
2022-02-12 02:08:37,004 [Listener at 127.0.0.1/33473] INFO  grpc.GrpcConfigKeys (ConfUtils.java:logGet(44)) - raft.grpc.server.port = 9894 (custom)
2022-02-12 02:08:37,004 [Listener at 127.0.0.1/33473] INFO  server.GrpcService (ConfUtils.java:logGet(44)) - raft.grpc.message.size.max = 32m (=33554432) (custom)
2022-02-12 02:08:37,004 [Listener at 127.0.0.1/33473] INFO  server.RaftServerConfigKeys (ConfUtils.java:logGet(44)) - raft.server.log.appender.buffer.byte-limit = 33554432 (custom)
2022-02-12 02:08:37,004 [Listener at 127.0.0.1/33473] INFO  server.GrpcService (ConfUtils.java:logGet(44)) - raft.grpc.flow.control.window = 1MB (=1048576) (default)
2022-02-12 02:08:37,004 [Listener at 127.0.0.1/33473] INFO  server.RaftServerConfigKeys (ConfUtils.java:logGet(44)) - raft.server.rpc.request.timeout = 30000ms (custom)
2022-02-12 02:08:37,005 [Listener at 127.0.0.1/33473] INFO  impl.DataStreamServerImpl (ConfUtils.java:logGet(44)) - raft.datastream.type = DISABLED (default)
2022-02-12 02:08:37,005 [Listener at 127.0.0.1/33473] INFO  server.RaftServerConfigKeys (ConfUtils.java:logGet(44)) - raft.server.rpc.slowness.timeout = 120000ms (custom)
2022-02-12 02:08:37,005 [Listener at 127.0.0.1/33473] INFO  server.RaftServerConfigKeys (ConfUtils.java:logGet(44)) - raft.server.leaderelection.leader.step-down.wait-time = 10s (default)
2022-02-12 02:08:37,006 [Listener at 127.0.0.1/33473] INFO  server.RaftServerConfigKeys (ConfUtils.java:logGet(44)) - raft.server.storage.dir = [/home/runner/work/ozone/ozone/hadoop-ozone/integration-test/target/test-dir/MiniOzoneClusterImpl-03ef79e6-d6c6-40ba-8af9-d36bcf9e7ad5/ozone-meta/scm-ha] (custom)
2022-02-12 02:08:37,012 [Listener at 127.0.0.1/33473] INFO  server.RaftServer (RaftServerProxy.java:addNew(95)) - ecc7e2fd-e756-44d6-8a27-e56b24aba264: addNew group-D36BCF9E7AD5:[ecc7e2fd-e756-44d6-8a27-e56b24aba264|rpc:fv-az395-998:9894|priority:0] returns group-D36BCF9E7AD5:java.util.concurrent.CompletableFuture@5f284d00[Not completed]
2022-02-12 02:08:37,012 [pool-299-thread-1] INFO  server.RaftServer$Division (RaftServerImpl.java:<init>(184)) - ecc7e2fd-e756-44d6-8a27-e56b24aba264: new RaftServerImpl for group-D36BCF9E7AD5:[ecc7e2fd-e756-44d6-8a27-e56b24aba264|rpc:fv-az395-998:9894|priority:0] with SCMStateMachine:uninitialized
2022-02-12 02:08:37,020 [pool-299-thread-1] INFO  server.RaftServerConfigKeys (ConfUtils.java:logGet(44)) - raft.server.rpc.timeout.min = 5000ms (custom)
2022-02-12 02:08:37,022 [pool-299-thread-1] INFO  server.RaftServerConfigKeys (ConfUtils.java:logGet(44)) - raft.server.rpc.timeout.max = 5200ms (custom)
2022-02-12 02:08:37,022 [pool-299-thread-1] INFO  server.RaftServerConfigKeys (ConfUtils.java:logGet(44)) - raft.server.rpc.sleep.time = 25ms (default)
2022-02-12 02:08:37,022 [pool-299-thread-1] INFO  server.RaftServerConfigKeys (ConfUtils.java:logGet(44)) - raft.server.rpc.slowness.timeout = 120000ms (custom)
2022-02-12 02:08:37,023 [pool-299-thread-1] INFO  server.RaftServerConfigKeys (ConfUtils.java:logGet(44)) - raft.server.leaderelection.leader.step-down.wait-time = 10s (default)
2022-02-12 02:08:37,023 [pool-299-thread-1] INFO  server.RaftServerConfigKeys (ConfUtils.java:logGet(44)) - raft.server.sleep.deviation.threshold = 300ms (default)
2022-02-12 02:08:37,023 [pool-299-thread-1] INFO  server.RaftServerConfigKeys (ConfUtils.java:logGet(44)) - raft.server.log.appender.install.snapshot.enabled = false (custom)
2022-02-12 02:08:37,023 [pool-299-thread-1] INFO  server.RaftServer$Division (ServerState.java:<init>(105)) - ecc7e2fd-e756-44d6-8a27-e56b24aba264@group-D36BCF9E7AD5: ConfigurationManager, init=-1: [ecc7e2fd-e756-44d6-8a27-e56b24aba264|rpc:fv-az395-998:9894|priority:0], old=null, confs=<EMPTY_MAP>
2022-02-12 02:08:37,023 [pool-299-thread-1] INFO  server.RaftServerConfigKeys (ConfUtils.java:logGet(44)) - raft.server.storage.dir = [/home/runner/work/ozone/ozone/hadoop-ozone/integration-test/target/test-dir/MiniOzoneClusterImpl-03ef79e6-d6c6-40ba-8af9-d36bcf9e7ad5/ozone-meta/scm-ha] (custom)
2022-02-12 02:08:37,023 [pool-299-thread-1] INFO  server.RaftServerConfigKeys (ConfUtils.java:logGet(44)) - raft.server.log.corruption.policy = EXCEPTION (default)
2022-02-12 02:08:37,023 [pool-299-thread-1] INFO  server.RaftServerConfigKeys (ConfUtils.java:logGet(44)) - raft.server.storage.free-space.min = 0MB (=0) (default)
2022-02-12 02:08:37,023 [pool-299-thread-1] INFO  storage.RaftStorageDirectory (RaftStorageDirectoryImpl.java:analyzeStorage(135)) - The storage directory /home/runner/work/ozone/ozone/hadoop-ozone/integration-test/target/test-dir/MiniOzoneClusterImpl-03ef79e6-d6c6-40ba-8af9-d36bcf9e7ad5/ozone-meta/scm-ha/03ef79e6-d6c6-40ba-8af9-d36bcf9e7ad5 does not exist. Creating ...
2022-02-12 02:08:37,026 [pool-299-thread-1] INFO  storage.RaftStorageDirectory (RaftStorageDirectoryImpl.java:tryLock(230)) - Lock on /home/runner/work/ozone/ozone/hadoop-ozone/integration-test/target/test-dir/MiniOzoneClusterImpl-03ef79e6-d6c6-40ba-8af9-d36bcf9e7ad5/ozone-meta/scm-ha/03ef79e6-d6c6-40ba-8af9-d36bcf9e7ad5/in_use.lock acquired by nodename 9178@fv-az395-998
2022-02-12 02:08:37,031 [pool-299-thread-1] INFO  storage.RaftStorage (RaftStorageImpl.java:format(89)) - Storage directory /home/runner/work/ozone/ozone/hadoop-ozone/integration-test/target/test-dir/MiniOzoneClusterImpl-03ef79e6-d6c6-40ba-8af9-d36bcf9e7ad5/ozone-meta/scm-ha/03ef79e6-d6c6-40ba-8af9-d36bcf9e7ad5 has been successfully formatted.
2022-02-12 02:08:37,031 [pool-299-thread-1] INFO  server.RaftServerConfigKeys (ConfUtils.java:logGet(44)) - raft.server.notification.no-leader.timeout = 60s (default)
2022-02-12 02:08:37,031 [pool-299-thread-1] INFO  server.RaftServerConfigKeys (ConfUtils.java:logGet(44)) - raft.server.log.use.memory = false (default)
2022-02-12 02:08:37,031 [pool-299-thread-1] INFO  server.RaftServerConfigKeys (ConfUtils.java:logGet(44)) - raft.server.log.purge.gap = 1000000 (custom)
2022-02-12 02:08:37,033 [pool-299-thread-1] INFO  server.RaftServerConfigKeys (ConfUtils.java:logGet(44)) - raft.server.log.appender.buffer.byte-limit = 33554432 (custom)
2022-02-12 02:08:37,033 [pool-299-thread-1] INFO  server.RaftServerConfigKeys (ConfUtils.java:logGet(44)) - raft.server.log.segment.size.max = 4194304 (custom)
2022-02-12 02:08:37,036 [pool-299-thread-1] INFO  server.RaftServerConfigKeys (ConfUtils.java:logGet(44)) - raft.server.log.segment.cache.num.max = 2 (custom)
2022-02-12 02:08:37,036 [pool-299-thread-1] INFO  server.RaftServerConfigKeys (ConfUtils.java:logGet(44)) - raft.server.log.segment.cache.size.max = 200MB (=209715200) (default)
2022-02-12 02:08:37,036 [pool-299-thread-1] INFO  segmented.SegmentedRaftLogWorker (SegmentedRaftLogWorker.java:<init>(182)) - new ecc7e2fd-e756-44d6-8a27-e56b24aba264@group-D36BCF9E7AD5-SegmentedRaftLogWorker for RaftStorageImpl:Storage Directory /home/runner/work/ozone/ozone/hadoop-ozone/integration-test/target/test-dir/MiniOzoneClusterImpl-03ef79e6-d6c6-40ba-8af9-d36bcf9e7ad5/ozone-meta/scm-ha/03ef79e6-d6c6-40ba-8af9-d36bcf9e7ad5
2022-02-12 02:08:37,036 [pool-299-thread-1] INFO  server.RaftServerConfigKeys (ConfUtils.java:logGet(44)) - raft.server.log.queue.byte-limit = 64MB (=67108864) (default)
2022-02-12 02:08:37,036 [pool-299-thread-1] INFO  server.RaftServerConfigKeys (ConfUtils.java:logGet(44)) - raft.server.log.queue.element-limit = 4096 (default)
2022-02-12 02:08:37,036 [pool-299-thread-1] INFO  server.RaftServerConfigKeys (ConfUtils.java:logGet(44)) - raft.server.log.segment.size.max = 4194304 (custom)
2022-02-12 02:08:37,037 [pool-299-thread-1] INFO  server.RaftServerConfigKeys (ConfUtils.java:logGet(44)) - raft.server.log.preallocated.size = 4194304 (custom)
2022-02-12 02:08:37,037 [pool-299-thread-1] INFO  server.RaftServerConfigKeys (ConfUtils.java:logGet(44)) - raft.server.log.force.sync.num = 128 (default)
2022-02-12 02:08:37,037 [pool-299-thread-1] INFO  server.RaftServerConfigKeys (ConfUtils.java:logGet(44)) - raft.server.log.statemachine.data.sync = true (default)
2022-02-12 02:08:37,037 [pool-299-thread-1] INFO  server.RaftServerConfigKeys (ConfUtils.java:logGet(44)) - raft.server.log.statemachine.data.sync.timeout = 10s (default)
2022-02-12 02:08:37,037 [pool-299-thread-1] INFO  server.RaftServerConfigKeys (ConfUtils.java:logGet(44)) - raft.server.log.statemachine.data.sync.timeout.retry = -1 (default)
2022-02-12 02:08:37,037 [pool-299-thread-1] INFO  server.RaftServerConfigKeys (ConfUtils.java:logGet(44)) - raft.server.log.write.buffer.size = 64KB (=65536) (default)
2022-02-12 02:08:37,040 [pool-299-thread-1] INFO  server.RaftServerConfigKeys (ConfUtils.java:logGet(44)) - raft.server.log.statemachine.data.caching.enabled = false (default)
2022-02-12 02:08:37,040 [pool-299-thread-1] INFO  segmented.SegmentedRaftLogWorker (SegmentedRaftLogWorker.java:lambda$new$0(133)) - ecc7e2fd-e756-44d6-8a27-e56b24aba264@group-D36BCF9E7AD5-SegmentedRaftLogWorker: flushIndex: setUnconditionally 0 -> -1
2022-02-12 02:08:37,040 [pool-299-thread-1] INFO  segmented.SegmentedRaftLogWorker (SegmentedRaftLogWorker.java:lambda$new$0(133)) - ecc7e2fd-e756-44d6-8a27-e56b24aba264@group-D36BCF9E7AD5-SegmentedRaftLogWorker: safeCacheEvictIndex: setUnconditionally 0 -> -1
2022-02-12 02:08:37,043 [pool-299-thread-1] INFO  server.RaftServerConfigKeys (ConfUtils.java:logGet(44)) - raft.server.snapshot.auto.trigger.enabled = true (custom)
2022-02-12 02:08:37,043 [pool-299-thread-1] INFO  server.RaftServerConfigKeys (ConfUtils.java:logGet(44)) - raft.server.snapshot.auto.trigger.threshold = 1000 (custom)
2022-02-12 02:08:37,043 [pool-299-thread-1] INFO  server.RaftServerConfigKeys (ConfUtils.java:logGet(44)) - raft.server.snapshot.retention.file.num = -1 (default)
2022-02-12 02:08:37,043 [pool-299-thread-1] INFO  server.RaftServerConfigKeys (ConfUtils.java:logGet(44)) - raft.server.log.purge.upto.snapshot.index = false (default)
2022-02-12 02:08:37,043 [pool-299-thread-1] INFO  server.RaftServerConfigKeys (ConfUtils.java:logGet(44)) - raft.server.retrycache.expirytime = 60000ms (default)
2022-02-12 02:08:37,043 [pool-299-thread-1] INFO  server.RaftServerConfigKeys (ConfUtils.java:logGet(44)) - raft.server.retrycache.statistics.expirytime = 100μs (default)
2022-02-12 02:08:37,044 [Listener at 127.0.0.1/33473] INFO  server.RaftServer$Division (RaftServerImpl.java:start(301)) - ecc7e2fd-e756-44d6-8a27-e56b24aba264@group-D36BCF9E7AD5: start as a follower, conf=-1: [ecc7e2fd-e756-44d6-8a27-e56b24aba264|rpc:fv-az395-998:9894|priority:0], old=null
2022-02-12 02:08:37,044 [Listener at 127.0.0.1/33473] INFO  server.RaftServer$Division (RaftServerImpl.java:setRole(290)) - ecc7e2fd-e756-44d6-8a27-e56b24aba264@group-D36BCF9E7AD5: changes role from      null to FOLLOWER at term 0 for startAsFollower
2022-02-12 02:08:37,044 [Listener at 127.0.0.1/33473] INFO  impl.RoleInfo (RoleInfo.java:updateAndGet(130)) - ecc7e2fd-e756-44d6-8a27-e56b24aba264: start ecc7e2fd-e756-44d6-8a27-e56b24aba264@group-D36BCF9E7AD5-FollowerState
2022-02-12 02:08:37,057 [Listener at 127.0.0.1/33473] INFO  util.JmxRegister (JmxRegister.java:tryRegister(44)) - Successfully registered JMX Bean with object name Ratis:service=RaftServer,group=group-D36BCF9E7AD5,id=ecc7e2fd-e756-44d6-8a27-e56b24aba264
2022-02-12 02:08:37,073 [Listener at 127.0.0.1/33473] INFO  server.RaftServer (RaftServerProxy.java:lambda$start$5(374)) - ecc7e2fd-e756-44d6-8a27-e56b24aba264: start RPC server
2022-02-12 02:08:37,074 [Listener at 127.0.0.1/33473] INFO  server.GrpcService (GrpcService.java:startImpl(253)) - ecc7e2fd-e756-44d6-8a27-e56b24aba264: GrpcService started, listening on 9894
2022-02-12 02:08:37,092 [org.apache.ratis.util.JvmPauseMonitor$$Lambda$421/534662976@fc5f2a9] INFO  util.JvmPauseMonitor (JvmPauseMonitor.java:run(103)) - JvmPauseMonitor-ecc7e2fd-e756-44d6-8a27-e56b24aba264: Started
2022-02-12 02:08:42,195 [ecc7e2fd-e756-44d6-8a27-e56b24aba264@group-D36BCF9E7AD5-FollowerState] INFO  impl.FollowerState (FollowerState.java:run(134)) - ecc7e2fd-e756-44d6-8a27-e56b24aba264@group-D36BCF9E7AD5-FollowerState: change to CANDIDATE, lastRpcElapsedTime:5150661130ns, electionTimeout:5137ms
2022-02-12 02:08:42,195 [ecc7e2fd-e756-44d6-8a27-e56b24aba264@group-D36BCF9E7AD5-FollowerState] INFO  impl.RoleInfo (RoleInfo.java:shutdownFollowerState(108)) - ecc7e2fd-e756-44d6-8a27-e56b24aba264: shutdown ecc7e2fd-e756-44d6-8a27-e56b24aba264@group-D36BCF9E7AD5-FollowerState
2022-02-12 02:08:42,195 [ecc7e2fd-e756-44d6-8a27-e56b24aba264@group-D36BCF9E7AD5-FollowerState] INFO  server.RaftServer$Division (RaftServerImpl.java:setRole(290)) - ecc7e2fd-e756-44d6-8a27-e56b24aba264@group-D36BCF9E7AD5: changes role from  FOLLOWER to CANDIDATE at term 0 for changeToCandidate
2022-02-12 02:08:42,195 [ecc7e2fd-e756-44d6-8a27-e56b24aba264@group-D36BCF9E7AD5-FollowerState] INFO  server.RaftServerConfigKeys (ConfUtils.java:logGet(44)) - raft.server.leaderelection.pre-vote = false (custom)
2022-02-12 02:08:42,196 [ecc7e2fd-e756-44d6-8a27-e56b24aba264@group-D36BCF9E7AD5-FollowerState] INFO  impl.RoleInfo (RoleInfo.java:updateAndGet(130)) - ecc7e2fd-e756-44d6-8a27-e56b24aba264: start ecc7e2fd-e756-44d6-8a27-e56b24aba264@group-D36BCF9E7AD5-LeaderElection32
2022-02-12 02:08:42,208 [ecc7e2fd-e756-44d6-8a27-e56b24aba264@group-D36BCF9E7AD5-LeaderElection32] INFO  impl.LeaderElection (LeaderElection.java:askForVotes(306)) - ecc7e2fd-e756-44d6-8a27-e56b24aba264@group-D36BCF9E7AD5-LeaderElection32 ELECTION round 0: submit vote requests at term 1 for -1: [ecc7e2fd-e756-44d6-8a27-e56b24aba264|rpc:fv-az395-998:9894|priority:0], old=null
2022-02-12 02:08:42,208 [ecc7e2fd-e756-44d6-8a27-e56b24aba264@group-D36BCF9E7AD5-LeaderElection32] INFO  impl.LeaderElection (LeaderElection.java:askForVotes(308)) - ecc7e2fd-e756-44d6-8a27-e56b24aba264@group-D36BCF9E7AD5-LeaderElection32 ELECTION round 0: result PASSED (term=1)
2022-02-12 02:08:42,208 [ecc7e2fd-e756-44d6-8a27-e56b24aba264@group-D36BCF9E7AD5-LeaderElection32] INFO  impl.RoleInfo (RoleInfo.java:shutdownLeaderElection(121)) - ecc7e2fd-e756-44d6-8a27-e56b24aba264: shutdown ecc7e2fd-e756-44d6-8a27-e56b24aba264@group-D36BCF9E7AD5-LeaderElection32
2022-02-12 02:08:42,208 [ecc7e2fd-e756-44d6-8a27-e56b24aba264@group-D36BCF9E7AD5-LeaderElection32] INFO  server.RaftServer$Division (RaftServerImpl.java:setRole(290)) - ecc7e2fd-e756-44d6-8a27-e56b24aba264@group-D36BCF9E7AD5: changes role from CANDIDATE to LEADER at term 1 for changeToLeader
2022-02-12 02:08:42,208 [ecc7e2fd-e756-44d6-8a27-e56b24aba264@group-D36BCF9E7AD5-LeaderElection32] INFO  server.RaftServer$Division (ServerState.java:setLeader(285)) - ecc7e2fd-e756-44d6-8a27-e56b24aba264@group-D36BCF9E7AD5: change Leader from null to ecc7e2fd-e756-44d6-8a27-e56b24aba264 at term 1 for becomeLeader, leader elected after 5177ms
2022-02-12 02:08:42,208 [ecc7e2fd-e756-44d6-8a27-e56b24aba264@group-D36BCF9E7AD5-LeaderElection32] INFO  server.RaftServerConfigKeys (ConfUtils.java:logGet(44)) - raft.server.staging.catchup.gap = 1000 (default)
2022-02-12 02:08:42,209 [ecc7e2fd-e756-44d6-8a27-e56b24aba264@group-D36BCF9E7AD5-LeaderElection32] INFO  server.RaftServerConfigKeys (ConfUtils.java:logGet(44)) - raft.server.write.element-limit = 4096 (default)
2022-02-12 02:08:42,209 [ecc7e2fd-e756-44d6-8a27-e56b24aba264@group-D36BCF9E7AD5-LeaderElection32] INFO  server.RaftServerConfigKeys (ConfUtils.java:logGet(44)) - raft.server.write.byte-limit = 64MB (=67108864) (default)
2022-02-12 02:08:42,209 [ecc7e2fd-e756-44d6-8a27-e56b24aba264@group-D36BCF9E7AD5-LeaderElection32] INFO  server.RaftServerConfigKeys (ConfUtils.java:logGet(44)) - raft.server.watch.timeout = 10s (default)
2022-02-12 02:08:42,209 [ecc7e2fd-e756-44d6-8a27-e56b24aba264@group-D36BCF9E7AD5-LeaderElection32] INFO  server.RaftServerConfigKeys (ConfUtils.java:logGet(44)) - raft.server.watch.timeout.denomination = 1s (default)
2022-02-12 02:08:42,210 [ecc7e2fd-e756-44d6-8a27-e56b24aba264@group-D36BCF9E7AD5-LeaderElection32] INFO  server.RaftServerConfigKeys (ConfUtils.java:logGet(44)) - raft.server.watch.element-limit = 65536 (default)
2022-02-12 02:08:42,210 [ecc7e2fd-e756-44d6-8a27-e56b24aba264@group-D36BCF9E7AD5-LeaderElection32] INFO  server.RaftServerConfigKeys (ConfUtils.java:logGet(44)) - raft.server.write.element-limit = 4096 (default)
2022-02-12 02:08:42,210 [ecc7e2fd-e756-44d6-8a27-e56b24aba264@group-D36BCF9E7AD5-LeaderElection32] INFO  server.RaftServerConfigKeys (ConfUtils.java:logGet(44)) - raft.server.write.follower.gap.ratio.max = -1.0 (default)
2022-02-12 02:08:42,210 [ecc7e2fd-e756-44d6-8a27-e56b24aba264@group-D36BCF9E7AD5-LeaderElection32] INFO  impl.RoleInfo (RoleInfo.java:updateAndGet(130)) - ecc7e2fd-e756-44d6-8a27-e56b24aba264: start ecc7e2fd-e756-44d6-8a27-e56b24aba264@group-D36BCF9E7AD5-LeaderStateImpl
2022-02-12 02:08:42,210 [ecc7e2fd-e756-44d6-8a27-e56b24aba264@group-D36BCF9E7AD5-LeaderElection32] INFO  segmented.SegmentedRaftLogWorker (SegmentedRaftLogWorker.java:startLogSegment(394)) - ecc7e2fd-e756-44d6-8a27-e56b24aba264@group-D36BCF9E7AD5-SegmentedRaftLogWorker: Starting segment from index:0
2022-02-12 02:08:42,216 [ecc7e2fd-e756-44d6-8a27-e56b24aba264@group-D36BCF9E7AD5-LeaderElection32] INFO  server.RaftServer$Division (ServerState.java:setRaftConf(387)) - ecc7e2fd-e756-44d6-8a27-e56b24aba264@group-D36BCF9E7AD5: set configuration 0: [ecc7e2fd-e756-44d6-8a27-e56b24aba264|rpc:fv-az395-998:9894|admin:|client:|dataStream:|priority:0], old=null
2022-02-12 02:08:42,221 [ecc7e2fd-e756-44d6-8a27-e56b24aba264@group-D36BCF9E7AD5-SegmentedRaftLogWorker] INFO  segmented.SegmentedRaftLogWorker (SegmentedRaftLogWorker.java:execute(601)) - ecc7e2fd-e756-44d6-8a27-e56b24aba264@group-D36BCF9E7AD5-SegmentedRaftLogWorker: created new log segment /home/runner/work/ozone/ozone/hadoop-ozone/integration-test/target/test-dir/MiniOzoneClusterImpl-03ef79e6-d6c6-40ba-8af9-d36bcf9e7ad5/ozone-meta/scm-ha/03ef79e6-d6c6-40ba-8af9-d36bcf9e7ad5/current/log_inprogress_0
2022-02-12 02:08:43,092 [Listener at 127.0.0.1/33473] INFO  server.RaftServer (RaftServerProxy.java:lambda$close$6(391)) - ecc7e2fd-e756-44d6-8a27-e56b24aba264: close
2022-02-12 02:08:43,093 [Listener at 127.0.0.1/33473] INFO  server.RaftServer$Division (RaftServerImpl.java:lambda$close$4(412)) - ecc7e2fd-e756-44d6-8a27-e56b24aba264@group-D36BCF9E7AD5: shutdown
2022-02-12 02:08:43,093 [Listener at 127.0.0.1/33473] INFO  util.JmxRegister (JmxRegister.java:unregister(73)) - Successfully un-registered JMX Bean with object name Ratis:service=RaftServer,group=group-D36BCF9E7AD5,id=ecc7e2fd-e756-44d6-8a27-e56b24aba264
2022-02-12 02:08:43,093 [Listener at 127.0.0.1/33473] INFO  impl.RoleInfo (RoleInfo.java:shutdownLeaderState(91)) - ecc7e2fd-e756-44d6-8a27-e56b24aba264: shutdown ecc7e2fd-e756-44d6-8a27-e56b24aba264@group-D36BCF9E7AD5-LeaderStateImpl
2022-02-12 02:08:43,093 [Listener at 127.0.0.1/33473] INFO  impl.PendingRequests (PendingRequests.java:sendNotLeaderResponses(282)) - ecc7e2fd-e756-44d6-8a27-e56b24aba264@group-D36BCF9E7AD5-PendingRequests: sendNotLeaderResponses
2022-02-12 02:08:43,094 [Listener at 127.0.0.1/33473] INFO  impl.StateMachineUpdater (StateMachineUpdater.java:stopAndJoin(149)) - ecc7e2fd-e756-44d6-8a27-e56b24aba264@group-D36BCF9E7AD5-StateMachineUpdater: set stopIndex = 0
2022-02-12 02:08:43,095 [ecc7e2fd-e756-44d6-8a27-e56b24aba264@group-D36BCF9E7AD5-StateMachineUpdater] INFO  impl.StateMachineUpdater (StateMachineUpdater.java:takeSnapshot(281)) - ecc7e2fd-e756-44d6-8a27-e56b24aba264@group-D36BCF9E7AD5-StateMachineUpdater: Took a snapshot at index 0
2022-02-12 02:08:43,095 [ecc7e2fd-e756-44d6-8a27-e56b24aba264@group-D36BCF9E7AD5-StateMachineUpdater] INFO  impl.StateMachineUpdater (StateMachineUpdater.java:lambda$new$0(89)) - ecc7e2fd-e756-44d6-8a27-e56b24aba264@group-D36BCF9E7AD5-StateMachineUpdater: snapshotIndex: updateIncreasingly -1 -> 0
2022-02-12 02:08:43,096 [Listener at 127.0.0.1/33473] INFO  server.RaftServer$Division (ServerState.java:close(419)) - ecc7e2fd-e756-44d6-8a27-e56b24aba264@group-D36BCF9E7AD5: closes. applyIndex: 0
2022-02-12 02:08:43,096 [ecc7e2fd-e756-44d6-8a27-e56b24aba264@group-D36BCF9E7AD5-SegmentedRaftLogWorker] INFO  segmented.SegmentedRaftLogWorker (SegmentedRaftLogWorker.java:run(327)) - ecc7e2fd-e756-44d6-8a27-e56b24aba264@group-D36BCF9E7AD5-SegmentedRaftLogWorker was interrupted, exiting. There are 0 tasks remaining in the queue.
2022-02-12 02:08:43,100 [Listener at 127.0.0.1/33473] INFO  segmented.SegmentedRaftLogWorker (SegmentedRaftLogWorker.java:close(237)) - ecc7e2fd-e756-44d6-8a27-e56b24aba264@group-D36BCF9E7AD5-SegmentedRaftLogWorker close()
2022-02-12 02:08:43,101 [Listener at 127.0.0.1/33473] INFO  server.GrpcService (GrpcService.java:closeImpl(262)) - ecc7e2fd-e756-44d6-8a27-e56b24aba264: shutdown server with port 9894 now
2022-02-12 02:08:43,101 [Listener at 127.0.0.1/33473] INFO  server.GrpcService (GrpcService.java:closeImpl(271)) - ecc7e2fd-e756-44d6-8a27-e56b24aba264: shutdown server with port 9894 successfully
2022-02-12 02:08:43,101 [org.apache.ratis.util.JvmPauseMonitor$$Lambda$421/534662976@fc5f2a9] INFO  util.JvmPauseMonitor (JvmPauseMonitor.java:run(109)) - JvmPauseMonitor-ecc7e2fd-e756-44d6-8a27-e56b24aba264: Stopped
2022-02-12 02:08:43,102 [Listener at 127.0.0.1/33473] INFO  ha.SCMHANodeDetails (SCMHANodeDetails.java:loadSCMHAConfig(157)) - ServiceID for StorageContainerManager is null
2022-02-12 02:08:43,102 [Listener at 127.0.0.1/33473] INFO  ha.SCMHANodeDetails (SCMHANodeDetails.java:loadSCMHAConfig(162)) - ozone.scm.default.service.id is not defined, falling back to ozone.scm.service.ids to find serviceID for StorageContainerManager if it is HA enabled cluster
2022-02-12 02:08:43,102 [Listener at 127.0.0.1/33473] WARN  server.ServerUtils (ServerUtils.java:getScmDbDir(148)) - ozone.scm.db.dirs is not configured. We recommend adding this setting. Falling back to ozone.metadata.dirs instead.
2022-02-12 02:08:43,103 [Listener at 127.0.0.1/33473] INFO  upgrade.AbstractLayoutVersionManager (AbstractLayoutVersionManager.java:init(79)) - Initializing Layout version manager with metadata layout = SCM_HA (version = 2), software layout = SCM_HA (version = 2)
2022-02-12 02:08:43,212 [Listener at 127.0.0.1/33473] INFO  reflections.Reflections (Reflections.java:scan(232)) - Reflections took 108 ms to scan 7 urls, producing 119 keys and 279 values 
2022-02-12 02:08:43,215 [Listener at 127.0.0.1/33473] WARN  utils.HAUtils (HAUtils.java:getMetaDir(342)) - ozone.scm.db.dirs is not configured. We recommend adding this setting. Falling back to ozone.metadata.dirs instead.
2022-02-12 02:08:43,219 [Listener at 127.0.0.1/33473] WARN  db.DBStoreBuilder (DBStoreBuilder.java:applyDBDefinition(145)) - ozone.scm.db.dirs is not configured. We recommend adding this setting. Falling back to ozone.metadata.dirs instead.
2022-02-12 02:08:43,383 [Listener at 127.0.0.1/33473] INFO  net.NodeSchemaLoader (NodeSchemaLoader.java:loadSchemaFromFile(129)) - Loading schema from [jar:file:/home/runner/.m2/repository/org/apache/ozone/hdds-common/1.3.0-SNAPSHOT/hdds-common-1.3.0-SNAPSHOT.jar!/network-topology-default.xml]
2022-02-12 02:08:43,397 [Listener at 127.0.0.1/33473] INFO  net.NodeSchemaLoader (NodeSchemaLoader.java:loadSchema(176)) - Loading network topology layer schema file
2022-02-12 02:08:43,400 [Listener at 127.0.0.1/33473] INFO  ha.SCMRatisServerImpl (SCMRatisServerImpl.java:<init>(87)) - starting Raft server for scm:ecc7e2fd-e756-44d6-8a27-e56b24aba264
2022-02-12 02:08:43,408 [Listener at 127.0.0.1/33473] INFO  server.RaftServer (ConfUtils.java:logGet(44)) - raft.rpc.type = GRPC (default)
2022-02-12 02:08:43,409 [Listener at 127.0.0.1/33473] INFO  grpc.GrpcFactory (GrpcFactory.java:checkPooledByteBufAllocatorUseCacheForAllThreads(48)) - PERFORMANCE WARNING: useCacheForAllThreads is true that may cause Netty to create a lot garbage objects and, as a result, trigger GC.
	It is recommended to disable useCacheForAllThreads by setting -Dorg.apache.ratis.thirdparty.io.netty.allocator.useCacheForAllThreads=false in command line.
2022-02-12 02:08:43,409 [Listener at 127.0.0.1/33473] INFO  grpc.GrpcConfigKeys (ConfUtils.java:logGet(44)) - raft.grpc.admin.port = -1 (default)
2022-02-12 02:08:43,409 [Listener at 127.0.0.1/33473] INFO  grpc.GrpcConfigKeys (ConfUtils.java:logGet(44)) - raft.grpc.server.port = 9894 (custom)
2022-02-12 02:08:43,409 [Listener at 127.0.0.1/33473] INFO  grpc.GrpcConfigKeys (ConfUtils.java:logGet(44)) - raft.grpc.client.port = -1 (default)
2022-02-12 02:08:43,409 [Listener at 127.0.0.1/33473] INFO  grpc.GrpcConfigKeys (ConfUtils.java:logGet(44)) - raft.grpc.server.port = 9894 (custom)
2022-02-12 02:08:43,409 [Listener at 127.0.0.1/33473] INFO  grpc.GrpcConfigKeys (ConfUtils.java:logGet(44)) - raft.grpc.server.port = 9894 (custom)
2022-02-12 02:08:43,409 [Listener at 127.0.0.1/33473] INFO  server.GrpcService (ConfUtils.java:logGet(44)) - raft.grpc.message.size.max = 32m (=33554432) (custom)
2022-02-12 02:08:43,409 [Listener at 127.0.0.1/33473] INFO  server.RaftServerConfigKeys (ConfUtils.java:logGet(44)) - raft.server.log.appender.buffer.byte-limit = 33554432 (custom)
2022-02-12 02:08:43,410 [Listener at 127.0.0.1/33473] INFO  server.GrpcService (ConfUtils.java:logGet(44)) - raft.grpc.flow.control.window = 1MB (=1048576) (default)
2022-02-12 02:08:43,410 [Listener at 127.0.0.1/33473] INFO  server.RaftServerConfigKeys (ConfUtils.java:logGet(44)) - raft.server.rpc.request.timeout = 30000ms (custom)
2022-02-12 02:08:43,411 [Listener at 127.0.0.1/33473] INFO  impl.DataStreamServerImpl (ConfUtils.java:logGet(44)) - raft.datastream.type = DISABLED (default)
2022-02-12 02:08:43,412 [Listener at 127.0.0.1/33473] INFO  server.RaftServerConfigKeys (ConfUtils.java:logGet(44)) - raft.server.rpc.slowness.timeout = 120000ms (custom)
2022-02-12 02:08:43,413 [Listener at 127.0.0.1/33473] INFO  server.RaftServerConfigKeys (ConfUtils.java:logGet(44)) - raft.server.leaderelection.leader.step-down.wait-time = 10s (default)
2022-02-12 02:08:43,414 [Listener at 127.0.0.1/33473] INFO  server.RaftServerConfigKeys (ConfUtils.java:logGet(44)) - raft.server.storage.dir = [/home/runner/work/ozone/ozone/hadoop-ozone/integration-test/target/test-dir/MiniOzoneClusterImpl-03ef79e6-d6c6-40ba-8af9-d36bcf9e7ad5/ozone-meta/scm-ha] (custom)
2022-02-12 02:08:43,415 [Listener at 127.0.0.1/33473] INFO  server.RaftServer (RaftServerProxy.java:lambda$null$1(235)) - ecc7e2fd-e756-44d6-8a27-e56b24aba264: found a subdirectory /home/runner/work/ozone/ozone/hadoop-ozone/integration-test/target/test-dir/MiniOzoneClusterImpl-03ef79e6-d6c6-40ba-8af9-d36bcf9e7ad5/ozone-meta/scm-ha/03ef79e6-d6c6-40ba-8af9-d36bcf9e7ad5
2022-02-12 02:08:43,432 [Listener at 127.0.0.1/33473] INFO  server.RaftServer (RaftServerProxy.java:addNew(95)) - ecc7e2fd-e756-44d6-8a27-e56b24aba264: addNew group-D36BCF9E7AD5:[] returns group-D36BCF9E7AD5:java.util.concurrent.CompletableFuture@6abb34a5[Not completed]
2022-02-12 02:08:43,432 [pool-312-thread-1] INFO  server.RaftServer$Division (RaftServerImpl.java:<init>(184)) - ecc7e2fd-e756-44d6-8a27-e56b24aba264: new RaftServerImpl for group-D36BCF9E7AD5:[] with SCMStateMachine:uninitialized
2022-02-12 02:08:43,433 [pool-312-thread-1] INFO  server.RaftServerConfigKeys (ConfUtils.java:logGet(44)) - raft.server.rpc.timeout.min = 5000ms (custom)
2022-02-12 02:08:43,433 [pool-312-thread-1] INFO  server.RaftServerConfigKeys (ConfUtils.java:logGet(44)) - raft.server.rpc.timeout.max = 5200ms (custom)
2022-02-12 02:08:43,433 [pool-312-thread-1] INFO  server.RaftServerConfigKeys (ConfUtils.java:logGet(44)) - raft.server.rpc.sleep.time = 25ms (default)
2022-02-12 02:08:43,433 [pool-312-thread-1] INFO  server.RaftServerConfigKeys (ConfUtils.java:logGet(44)) - raft.server.rpc.slowness.timeout = 120000ms (custom)
2022-02-12 02:08:43,433 [pool-312-thread-1] INFO  server.RaftServerConfigKeys (ConfUtils.java:logGet(44)) - raft.server.leaderelection.leader.step-down.wait-time = 10s (default)
2022-02-12 02:08:43,433 [pool-312-thread-1] INFO  server.RaftServerConfigKeys (ConfUtils.java:logGet(44)) - raft.server.sleep.deviation.threshold = 300ms (default)
2022-02-12 02:08:43,433 [pool-312-thread-1] INFO  server.RaftServerConfigKeys (ConfUtils.java:logGet(44)) - raft.server.log.appender.install.snapshot.enabled = false (custom)
2022-02-12 02:08:43,433 [pool-312-thread-1] INFO  server.RaftServer$Division (ServerState.java:<init>(105)) - ecc7e2fd-e756-44d6-8a27-e56b24aba264@group-D36BCF9E7AD5: ConfigurationManager, init=-1: [], old=null, confs=<EMPTY_MAP>
2022-02-12 02:08:43,433 [pool-312-thread-1] INFO  server.RaftServerConfigKeys (ConfUtils.java:logGet(44)) - raft.server.storage.dir = [/home/runner/work/ozone/ozone/hadoop-ozone/integration-test/target/test-dir/MiniOzoneClusterImpl-03ef79e6-d6c6-40ba-8af9-d36bcf9e7ad5/ozone-meta/scm-ha] (custom)
2022-02-12 02:08:43,433 [pool-312-thread-1] INFO  server.RaftServerConfigKeys (ConfUtils.java:logGet(44)) - raft.server.log.corruption.policy = EXCEPTION (default)
2022-02-12 02:08:43,433 [pool-312-thread-1] INFO  server.RaftServerConfigKeys (ConfUtils.java:logGet(44)) - raft.server.storage.free-space.min = 0MB (=0) (default)
2022-02-12 02:08:43,444 [pool-312-thread-1] INFO  storage.RaftStorageDirectory (RaftStorageDirectoryImpl.java:tryLock(230)) - Lock on /home/runner/work/ozone/ozone/hadoop-ozone/integration-test/target/test-dir/MiniOzoneClusterImpl-03ef79e6-d6c6-40ba-8af9-d36bcf9e7ad5/ozone-meta/scm-ha/03ef79e6-d6c6-40ba-8af9-d36bcf9e7ad5/in_use.lock acquired by nodename 9178@fv-az395-998
2022-02-12 02:08:43,445 [pool-312-thread-1] INFO  storage.RaftStorage (RaftStorageImpl.java:analyzeAndRecoverStorage(110)) - Read RaftStorageMetadata{term=1, votedFor=ecc7e2fd-e756-44d6-8a27-e56b24aba264} from /home/runner/work/ozone/ozone/hadoop-ozone/integration-test/target/test-dir/MiniOzoneClusterImpl-03ef79e6-d6c6-40ba-8af9-d36bcf9e7ad5/ozone-meta/scm-ha/03ef79e6-d6c6-40ba-8af9-d36bcf9e7ad5/current/raft-meta
2022-02-12 02:08:43,445 [pool-312-thread-1] INFO  server.RaftServer$Division (ServerState.java:setRaftConf(387)) - ecc7e2fd-e756-44d6-8a27-e56b24aba264@group-D36BCF9E7AD5: set configuration 0: [ecc7e2fd-e756-44d6-8a27-e56b24aba264|rpc:fv-az395-998:9894|admin:|client:|dataStream:|priority:0], old=null
2022-02-12 02:08:43,445 [pool-312-thread-1] INFO  server.RaftServerConfigKeys (ConfUtils.java:logGet(44)) - raft.server.notification.no-leader.timeout = 60s (default)
2022-02-12 02:08:43,445 [pool-312-thread-1] INFO  server.RaftServerConfigKeys (ConfUtils.java:logGet(44)) - raft.server.log.use.memory = false (default)
2022-02-12 02:08:43,445 [pool-312-thread-1] INFO  server.RaftServerConfigKeys (ConfUtils.java:logGet(44)) - raft.server.log.purge.gap = 1000000 (custom)
2022-02-12 02:08:43,445 [pool-312-thread-1] INFO  server.RaftServerConfigKeys (ConfUtils.java:logGet(44)) - raft.server.log.appender.buffer.byte-limit = 33554432 (custom)
2022-02-12 02:08:43,446 [pool-312-thread-1] INFO  server.RaftServerConfigKeys (ConfUtils.java:logGet(44)) - raft.server.log.segment.size.max = 4194304 (custom)
2022-02-12 02:08:43,446 [pool-312-thread-1] INFO  server.RaftServerConfigKeys (ConfUtils.java:logGet(44)) - raft.server.log.segment.cache.num.max = 2 (custom)
2022-02-12 02:08:43,446 [pool-312-thread-1] INFO  server.RaftServerConfigKeys (ConfUtils.java:logGet(44)) - raft.server.log.segment.cache.size.max = 200MB (=209715200) (default)
2022-02-12 02:08:43,446 [pool-312-thread-1] INFO  segmented.SegmentedRaftLogWorker (SegmentedRaftLogWorker.java:<init>(182)) - new ecc7e2fd-e756-44d6-8a27-e56b24aba264@group-D36BCF9E7AD5-SegmentedRaftLogWorker for RaftStorageImpl:Storage Directory /home/runner/work/ozone/ozone/hadoop-ozone/integration-test/target/test-dir/MiniOzoneClusterImpl-03ef79e6-d6c6-40ba-8af9-d36bcf9e7ad5/ozone-meta/scm-ha/03ef79e6-d6c6-40ba-8af9-d36bcf9e7ad5
2022-02-12 02:08:43,446 [pool-312-thread-1] INFO  server.RaftServerConfigKeys (ConfUtils.java:logGet(44)) - raft.server.log.queue.byte-limit = 64MB (=67108864) (default)
2022-02-12 02:08:43,446 [pool-312-thread-1] INFO  server.RaftServerConfigKeys (ConfUtils.java:logGet(44)) - raft.server.log.queue.element-limit = 4096 (default)
2022-02-12 02:08:43,446 [pool-312-thread-1] INFO  server.RaftServerConfigKeys (ConfUtils.java:logGet(44)) - raft.server.log.segment.size.max = 4194304 (custom)
2022-02-12 02:08:43,446 [pool-312-thread-1] INFO  server.RaftServerConfigKeys (ConfUtils.java:logGet(44)) - raft.server.log.preallocated.size = 4194304 (custom)
2022-02-12 02:08:43,446 [pool-312-thread-1] INFO  server.RaftServerConfigKeys (ConfUtils.java:logGet(44)) - raft.server.log.force.sync.num = 128 (default)
2022-02-12 02:08:43,447 [pool-312-thread-1] INFO  server.RaftServerConfigKeys (ConfUtils.java:logGet(44)) - raft.server.log.statemachine.data.sync = true (default)
2022-02-12 02:08:43,447 [pool-312-thread-1] INFO  server.RaftServerConfigKeys (ConfUtils.java:logGet(44)) - raft.server.log.statemachine.data.sync.timeout = 10s (default)
2022-02-12 02:08:43,447 [pool-312-thread-1] INFO  server.RaftServerConfigKeys (ConfUtils.java:logGet(44)) - raft.server.log.statemachine.data.sync.timeout.retry = -1 (default)
2022-02-12 02:08:43,447 [pool-312-thread-1] INFO  server.RaftServerConfigKeys (ConfUtils.java:logGet(44)) - raft.server.log.write.buffer.size = 64KB (=65536) (default)
2022-02-12 02:08:43,447 [pool-312-thread-1] INFO  server.RaftServerConfigKeys (ConfUtils.java:logGet(44)) - raft.server.log.statemachine.data.caching.enabled = false (default)
2022-02-12 02:08:43,448 [pool-312-thread-1] INFO  server.RaftServer$Division (ServerState.java:setRaftConf(387)) - ecc7e2fd-e756-44d6-8a27-e56b24aba264@group-D36BCF9E7AD5: set configuration 0: [ecc7e2fd-e756-44d6-8a27-e56b24aba264|rpc:fv-az395-998:9894|admin:|client:|dataStream:|priority:0], old=null
2022-02-12 02:08:43,448 [pool-312-thread-1] INFO  segmented.LogSegment (LogSegment.java:loadSegment(173)) - Successfully read 1 entries from segment file /home/runner/work/ozone/ozone/hadoop-ozone/integration-test/target/test-dir/MiniOzoneClusterImpl-03ef79e6-d6c6-40ba-8af9-d36bcf9e7ad5/ozone-meta/scm-ha/03ef79e6-d6c6-40ba-8af9-d36bcf9e7ad5/current/log_inprogress_0
2022-02-12 02:08:43,452 [pool-312-thread-1] INFO  segmented.SegmentedRaftLogWorker (SegmentedRaftLogWorker.java:lambda$new$0(133)) - ecc7e2fd-e756-44d6-8a27-e56b24aba264@group-D36BCF9E7AD5-SegmentedRaftLogWorker: flushIndex: setUnconditionally 0 -> 0
2022-02-12 02:08:43,452 [pool-312-thread-1] INFO  segmented.SegmentedRaftLogWorker (SegmentedRaftLogWorker.java:lambda$new$0(133)) - ecc7e2fd-e756-44d6-8a27-e56b24aba264@group-D36BCF9E7AD5-SegmentedRaftLogWorker: safeCacheEvictIndex: setUnconditionally 0 -> -1
2022-02-12 02:08:43,455 [pool-312-thread-1] INFO  server.RaftServerConfigKeys (ConfUtils.java:logGet(44)) - raft.server.snapshot.auto.trigger.enabled = true (custom)
2022-02-12 02:08:43,455 [pool-312-thread-1] INFO  server.RaftServerConfigKeys (ConfUtils.java:logGet(44)) - raft.server.snapshot.auto.trigger.threshold = 1000 (custom)
2022-02-12 02:08:43,455 [pool-312-thread-1] INFO  server.RaftServerConfigKeys (ConfUtils.java:logGet(44)) - raft.server.snapshot.retention.file.num = -1 (default)
2022-02-12 02:08:43,455 [pool-312-thread-1] INFO  server.RaftServerConfigKeys (ConfUtils.java:logGet(44)) - raft.server.log.purge.upto.snapshot.index = false (default)
2022-02-12 02:08:43,455 [pool-312-thread-1] INFO  server.RaftServerConfigKeys (ConfUtils.java:logGet(44)) - raft.server.retrycache.expirytime = 60000ms (default)
2022-02-12 02:08:43,455 [pool-312-thread-1] INFO  server.RaftServerConfigKeys (ConfUtils.java:logGet(44)) - raft.server.retrycache.statistics.expirytime = 100μs (default)
2022-02-12 02:08:43,458 [Listener at 127.0.0.1/33473] INFO  ha.SCMSnapshotProvider (SCMSnapshotProvider.java:<init>(66)) - Initializing SCM Snapshot Provider
2022-02-12 02:08:43,458 [Listener at 127.0.0.1/33473] WARN  server.ServerUtils (ServerUtils.java:getDefaultRatisDirectory(237)) - Storage directory for Ratis is not configured. It is a good idea to map this to an SSD disk. Falling back to ozone.metadata.dirs
2022-02-12 02:08:43,458 [Listener at 127.0.0.1/33473] WARN  ha.SCMHAUtils (SCMHAUtils.java:getSCMRatisSnapshotDirectory(146)) - SCM snapshot dir is not configured. Falling back to ozone.metadata.dirs config
2022-02-12 02:08:43,460 [Listener at 127.0.0.1/33473] INFO  ha.SequenceIdGenerator (SequenceIdGenerator.java:upgradeToSequenceId(347)) - upgrade localId to 109611004723200000
2022-02-12 02:08:43,460 [Listener at 127.0.0.1/33473] INFO  ha.SequenceIdGenerator (SequenceIdGenerator.java:upgradeToSequenceId(357)) - upgrade delTxnId to 0
2022-02-12 02:08:43,460 [Listener at 127.0.0.1/33473] INFO  ha.SequenceIdGenerator (SequenceIdGenerator.java:upgradeToSequenceId(371)) - upgrade containerId to 0
2022-02-12 02:08:43,460 [Listener at 127.0.0.1/33473] INFO  ha.SequenceIdGenerator (SequenceIdGenerator.java:<init>(218)) - Init the HA SequenceIdGenerator.
2022-02-12 02:08:43,464 [Listener at 127.0.0.1/33473] WARN  server.ServerUtils (ServerUtils.java:sanitizeUserArgs(73)) - ozone.scm.stale.node.interval value = 300000 is larger than max = 100000 based on the key value of ozone.scm.heartbeat.thread.interval, reset to the max value 100000.
2022-02-12 02:08:43,464 [Listener at 127.0.0.1/33473] WARN  server.ServerUtils (ServerUtils.java:sanitizeUserArgs(73)) - ozone.scm.stale.node.interval value = 300000 is larger than max = 100000 based on the key value of ozone.scm.heartbeat.thread.interval, reset to the max value 100000.
2022-02-12 02:08:43,465 [Listener at 127.0.0.1/33473] INFO  node.SCMNodeManager (SCMNodeManager.java:<init>(144)) - Entering startup safe mode.
2022-02-12 02:08:43,465 [Listener at 127.0.0.1/33473] INFO  algorithms.ContainerPlacementPolicyFactory (ContainerPlacementPolicyFactory.java:getPolicy(60)) - Create container placement policy of type org.apache.hadoop.hdds.scm.container.placement.algorithms.SCMContainerPlacementRandom
2022-02-12 02:08:43,466 [Listener at 127.0.0.1/33473] INFO  pipeline.PipelineStateManagerImpl (PipelineStateManagerImpl.java:initialize(78)) - No pipeline exists in current db
2022-02-12 02:08:43,466 [Listener at 127.0.0.1/33473] INFO  algorithms.LeaderChoosePolicyFactory (LeaderChoosePolicyFactory.java:getPolicy(57)) - Create leader choose policy of type org.apache.hadoop.hdds.scm.pipeline.leader.choose.algorithms.MinLeaderCountChoosePolicy
2022-02-12 02:08:43,466 [Listener at 127.0.0.1/33473] INFO  ha.SCMServiceManager (SCMServiceManager.java:register(43)) - Registering service BackgroundPipelineCreator.
2022-02-12 02:08:43,466 [Listener at 127.0.0.1/33473] INFO  pipeline.BackgroundPipelineCreator (BackgroundPipelineCreator.java:start(130)) - Starting RatisPipelineUtilsThread.
2022-02-12 02:08:43,467 [Listener at 127.0.0.1/33473] INFO  algorithms.PipelineChoosePolicyFactory (PipelineChoosePolicyFactory.java:createPipelineChoosePolicyFromClass(73)) - Create pipeline choose policy of type org.apache.hadoop.hdds.scm.pipeline.choose.algorithms.RandomPipelineChoosePolicy
2022-02-12 02:08:43,467 [Listener at 127.0.0.1/33473] INFO  ha.SCMServiceManager (SCMServiceManager.java:register(43)) - Registering service SCMBlockDeletingService.
2022-02-12 02:08:43,467 [Listener at 127.0.0.1/33473] INFO  ha.SCMServiceManager (SCMServiceManager.java:register(43)) - Registering service ReplicationManager.
2022-02-12 02:08:43,468 [Listener at 127.0.0.1/33473] INFO  container.ReplicationManager (ReplicationManager.java:start(326)) - Starting Replication Monitor Thread.
2022-02-12 02:08:43,474 [Listener at 127.0.0.1/33473] INFO  safemode.ContainerSafeModeRule (ContainerSafeModeRule.java:<init>(89)) - containers with one replica threshold count 0
2022-02-12 02:08:43,474 [Listener at 127.0.0.1/33473] INFO  safemode.HealthyPipelineSafeModeRule (HealthyPipelineSafeModeRule.java:initializeRule(156)) - Total pipeline count is 0, healthy pipeline threshold count is 1
2022-02-12 02:08:43,474 [Listener at 127.0.0.1/33473] INFO  safemode.OneReplicaPipelineSafeModeRule (OneReplicaPipelineSafeModeRule.java:initializeRule(180)) - Total pipeline count is 0, pipeline's with at least one datanode reported threshold count is 0
2022-02-12 02:08:43,474 [Listener at 127.0.0.1/33473] INFO  ipc.CallQueueManager (CallQueueManager.java:<init>(90)) - Using callQueue: class java.util.concurrent.LinkedBlockingQueue, queueCapacity: 2000, scheduler: class org.apache.hadoop.ipc.DefaultRpcScheduler, ipcBackoff: false.
2022-02-12 02:08:43,479 [Socket Reader #1 for port 0] INFO  ipc.Server (Server.java:run(1265)) - Starting Socket Reader #1 for port 0
2022-02-12 02:08:43,490 [ReplicationMonitor] INFO  container.ReplicationManager (ReplicationManager.java:processAll(374)) - Replication Manager is not ready to run until 3000ms after safemode exit
2022-02-12 02:08:43,493 [Listener at 0.0.0.0/46341] INFO  ipc.CallQueueManager (CallQueueManager.java:<init>(90)) - Using callQueue: class java.util.concurrent.LinkedBlockingQueue, queueCapacity: 2000, scheduler: class org.apache.hadoop.ipc.DefaultRpcScheduler, ipcBackoff: false.
2022-02-12 02:08:43,497 [Socket Reader #1 for port 0] INFO  ipc.Server (Server.java:run(1265)) - Starting Socket Reader #1 for port 0
2022-02-12 02:08:43,498 [Listener at 0.0.0.0/38719] INFO  ipc.CallQueueManager (CallQueueManager.java:<init>(90)) - Using callQueue: class java.util.concurrent.LinkedBlockingQueue, queueCapacity: 2000, scheduler: class org.apache.hadoop.ipc.DefaultRpcScheduler, ipcBackoff: false.
2022-02-12 02:08:43,498 [Socket Reader #1 for port 0] INFO  ipc.Server (Server.java:run(1265)) - Starting Socket Reader #1 for port 0
2022-02-12 02:08:43,568 [Listener at 0.0.0.0/44155] INFO  algorithms.ContainerPlacementPolicyFactory (ContainerPlacementPolicyFactory.java:getPolicy(60)) - Create container placement policy of type org.apache.hadoop.hdds.scm.container.placement.algorithms.SCMContainerPlacementRandom
2022-02-12 02:08:43,571 [Listener at 0.0.0.0/44155] INFO  server.StorageContainerManager (StorageContainerManager.java:<init>(388)) - 
Container Balancer status:
Key                            Value
Running                        false
Container Balancer Configuration values:
Key                                                Value
Threshold                                          10
Max Datanodes to Involve per Iteration(percent)    20
Max Size to Move per Iteration                     500GB
Max Size Entering Target per Iteration             26GB
Max Size Leaving Source per Iteration              26GB

2022-02-12 02:08:43,574 [Listener at 0.0.0.0/44155] WARN  events.EventQueue (EventQueue.java:fireEvent(194)) - No event handler registered for event TypedEvent{payloadType=SafeModeStatus, name='Safe mode status'}
2022-02-12 02:08:43,575 [Listener at 0.0.0.0/44155] INFO  ha.SCMContext (SCMContext.java:updateSafeModeStatus(211)) - Update SafeModeStatus from SafeModeStatus{safeModeStatus=true, preCheckPassed=false} to SafeModeStatus{safeModeStatus=true, preCheckPassed=false}.
2022-02-12 02:08:43,575 [Listener at 0.0.0.0/44155] INFO  server.StorageContainerManager (StorageContainerManager.java:start(1303)) - StorageContainerLocationProtocol RPC server is listening at /0.0.0.0:44155
2022-02-12 02:08:43,575 [Listener at 0.0.0.0/44155] INFO  ha.SCMRatisServerImpl (SCMRatisServerImpl.java:start(177)) - starting ratis server 0.0.0.0:9894
2022-02-12 02:08:43,575 [Listener at 0.0.0.0/44155] INFO  server.RaftServer$Division (RaftServerImpl.java:start(301)) - ecc7e2fd-e756-44d6-8a27-e56b24aba264@group-D36BCF9E7AD5: start as a follower, conf=0: [ecc7e2fd-e756-44d6-8a27-e56b24aba264|rpc:fv-az395-998:9894|admin:|client:|dataStream:|priority:0], old=null
2022-02-12 02:08:43,575 [Listener at 0.0.0.0/44155] INFO  server.RaftServer$Division (RaftServerImpl.java:setRole(290)) - ecc7e2fd-e756-44d6-8a27-e56b24aba264@group-D36BCF9E7AD5: changes role from      null to FOLLOWER at term 1 for startAsFollower
2022-02-12 02:08:43,575 [Listener at 0.0.0.0/44155] INFO  impl.RoleInfo (RoleInfo.java:updateAndGet(130)) - ecc7e2fd-e756-44d6-8a27-e56b24aba264: start ecc7e2fd-e756-44d6-8a27-e56b24aba264@group-D36BCF9E7AD5-FollowerState
2022-02-12 02:08:43,576 [Listener at 0.0.0.0/44155] INFO  util.JmxRegister (JmxRegister.java:tryRegister(44)) - Successfully registered JMX Bean with object name Ratis:service=RaftServer,group=group-D36BCF9E7AD5,id=ecc7e2fd-e756-44d6-8a27-e56b24aba264
2022-02-12 02:08:43,586 [Listener at 0.0.0.0/44155] INFO  server.RaftServer (RaftServerProxy.java:lambda$start$5(374)) - ecc7e2fd-e756-44d6-8a27-e56b24aba264: start RPC server
2022-02-12 02:08:43,587 [Listener at 0.0.0.0/44155] INFO  server.GrpcService (GrpcService.java:startImpl(253)) - ecc7e2fd-e756-44d6-8a27-e56b24aba264: GrpcService started, listening on 9894
2022-02-12 02:08:43,601 [Listener at 0.0.0.0/44155] INFO  ha.SCMHAManagerImpl (SCMHAManagerImpl.java:start(121)) -  scm role is FOLLOWER peers [ecc7e2fd-e756-44d6-8a27-e56b24aba264|rpc:fv-az395-998:9894|admin:|client:|dataStream:|priority:0]
2022-02-12 02:08:43,601 [Listener at 0.0.0.0/44155] INFO  ha.InterSCMGrpcService (InterSCMGrpcProtocolService.java:start(94)) - Starting SCM Grpc Service at port 9895
2022-02-12 02:08:43,603 [Listener at 0.0.0.0/44155] WARN  impl.MetricsConfig (MetricsConfig.java:loadFirst(136)) - Cannot locate configuration: tried hadoop-metrics2-storagecontainermanager.properties,hadoop-metrics2.properties
2022-02-12 02:08:43,604 [org.apache.ratis.util.JvmPauseMonitor$$Lambda$421/534662976@7101255e] INFO  util.JvmPauseMonitor (JvmPauseMonitor.java:run(103)) - JvmPauseMonitor-ecc7e2fd-e756-44d6-8a27-e56b24aba264: Started
2022-02-12 02:08:43,616 [Listener at 0.0.0.0/44155] INFO  impl.MetricsSystemImpl (MetricsSystemImpl.java:startTimer(378)) - Scheduled Metric snapshot period at 10 second(s).
2022-02-12 02:08:43,616 [Listener at 0.0.0.0/44155] INFO  impl.MetricsSystemImpl (MetricsSystemImpl.java:start(191)) - StorageContainerManager metrics system started
2022-02-12 02:08:43,642 [Listener at 0.0.0.0/44155] INFO  impl.MetricsSinkAdapter (MetricsSinkAdapter.java:start(204)) - Sink prometheus started
2022-02-12 02:08:43,642 [Listener at 0.0.0.0/44155] INFO  impl.MetricsSystemImpl (MetricsSystemImpl.java:registerSink(305)) - Registered sink prometheus
2022-02-12 02:08:43,696 [Listener at 0.0.0.0/44155] INFO  server.SCMClientProtocolServer (SCMClientProtocolServer.java:start(165)) - RPC server for Client  is listening at /0.0.0.0:44155
2022-02-12 02:08:43,697 [IPC Server Responder] INFO  ipc.Server (Server.java:run(1507)) - IPC Server Responder: starting
2022-02-12 02:08:43,697 [IPC Server listener on 0] INFO  ipc.Server (Server.java:run(1344)) - IPC Server listener on 0: starting
2022-02-12 02:08:43,698 [Listener at 0.0.0.0/44155] INFO  server.StorageContainerManager (StorageContainerManager.java:start(1318)) - ScmBlockLocationProtocol RPC server is listening at /0.0.0.0:38719
2022-02-12 02:08:43,699 [Listener at 0.0.0.0/44155] INFO  server.SCMBlockProtocolServer (SCMBlockProtocolServer.java:start(151)) - RPC server for Block Protocol is listening at /0.0.0.0:38719
2022-02-12 02:08:43,703 [IPC Server Responder] INFO  ipc.Server (Server.java:run(1507)) - IPC Server Responder: starting
2022-02-12 02:08:43,703 [IPC Server listener on 0] INFO  ipc.Server (Server.java:run(1344)) - IPC Server listener on 0: starting
2022-02-12 02:08:43,760 [Listener at 0.0.0.0/44155] INFO  http.BaseHttpServer (BaseHttpServer.java:newHttpServer2BuilderForOzone(209)) - Starting Web-server for scm at: http://0.0.0.0:0
2022-02-12 02:08:43,760 [Listener at 0.0.0.0/44155] INFO  http.BaseHttpServer (BaseHttpServer.java:<init>(107)) - Hadoop Security Enabled: false Ozone Security Enabled: false Ozone HTTP Security Enabled: false 
2022-02-12 02:08:43,761 [Listener at 0.0.0.0/44155] INFO  server.AuthenticationFilter (AuthenticationFilter.java:constructSecretProvider(240)) - Unable to initialize FileSignerSecretProvider, falling back to use random secrets.
2022-02-12 02:08:43,762 [org.apache.hadoop.util.JvmPauseMonitor$Monitor@7d4bf4c5] INFO  util.JvmPauseMonitor (JvmPauseMonitor.java:run(188)) - Starting JVM pause monitor
2022-02-12 02:08:43,768 [Listener at 0.0.0.0/44155] WARN  http.HttpRequestLog (HttpRequestLog.java:getRequestLog(103)) - Jetty request log can only be enabled using Log4j
2022-02-12 02:08:43,769 [Listener at 0.0.0.0/44155] INFO  http.HttpServer2 (HttpServer2.java:addGlobalFilter(1030)) - Added global filter 'safety' (class=org.apache.hadoop.hdds.server.http.HttpServer2$QuotingInputFilter)
2022-02-12 02:08:43,769 [Listener at 0.0.0.0/44155] INFO  http.HttpServer2 (HttpServer2.java:addFilter(1006)) - Added filter static_user_filter (class=org.apache.hadoop.http.lib.StaticUserWebFilter$StaticUserFilter) to context scm
2022-02-12 02:08:43,769 [Listener at 0.0.0.0/44155] INFO  http.HttpServer2 (HttpServer2.java:addFilter(1014)) - Added filter static_user_filter (class=org.apache.hadoop.http.lib.StaticUserWebFilter$StaticUserFilter) to context static
2022-02-12 02:08:43,769 [Listener at 0.0.0.0/44155] INFO  http.HttpServer2 (HttpServer2.java:addFilter(1014)) - Added filter static_user_filter (class=org.apache.hadoop.http.lib.StaticUserWebFilter$StaticUserFilter) to context logs
2022-02-12 02:08:43,770 [Listener at 0.0.0.0/44155] INFO  http.HttpServer2 (HttpServer2.java:bindListener(1249)) - Jetty bound to port 33491
2022-02-12 02:08:43,770 [Listener at 0.0.0.0/44155] INFO  server.Server (Server.java:doStart(375)) - jetty-9.4.43.v20210629; built: 2021-06-30T11:07:22.254Z; git: 526006ecfa3af7f1a27ef3a288e2bef7ea9dd7e8; jvm 1.8.0_312-b07
2022-02-12 02:08:43,781 [Listener at 0.0.0.0/44155] INFO  server.session (DefaultSessionIdManager.java:doStart(334)) - DefaultSessionIdManager workerName=node0
2022-02-12 02:08:43,781 [Listener at 0.0.0.0/44155] INFO  server.session (DefaultSessionIdManager.java:doStart(339)) - No SessionScavenger set, using defaults
2022-02-12 02:08:43,781 [Listener at 0.0.0.0/44155] INFO  server.session (HouseKeeper.java:startScavenging(132)) - node0 Scavenging every 600000ms
2022-02-12 02:08:43,782 [Listener at 0.0.0.0/44155] INFO  handler.ContextHandler (ContextHandler.java:doStart(915)) - Started o.e.j.s.ServletContextHandler@4a689c76{logs,/logs,file:///home/runner/work/ozone/ozone/hadoop-ozone/integration-test/target/log,AVAILABLE}
2022-02-12 02:08:43,782 [Listener at 0.0.0.0/44155] INFO  handler.ContextHandler (ContextHandler.java:doStart(915)) - Started o.e.j.s.ServletContextHandler@bc83665{static,/static,file:///home/runner/work/ozone/ozone/hadoop-ozone/integration-test/target/test-classes/webapps/static,AVAILABLE}
2022-02-12 02:08:43,795 [Listener at 0.0.0.0/44155] INFO  handler.ContextHandler (ContextHandler.java:doStart(915)) - Started o.e.j.w.WebAppContext@326e8433{scm,/,file:///home/runner/work/ozone/ozone/hadoop-ozone/integration-test/target/test-classes/webapps/scm/,AVAILABLE}{file:/home/runner/work/ozone/ozone/hadoop-ozone/integration-test/target/test-classes/webapps/scm}
2022-02-12 02:08:43,813 [Listener at 0.0.0.0/44155] INFO  server.AbstractConnector (AbstractConnector.java:doStart(331)) - Started ServerConnector@42a6b1ef{HTTP/1.1, (http/1.1)}{0.0.0.0:33491}
2022-02-12 02:08:43,813 [Listener at 0.0.0.0/44155] INFO  server.Server (Server.java:doStart(415)) - Started @142037ms
2022-02-12 02:08:43,813 [Listener at 0.0.0.0/44155] WARN  impl.MetricsSystemImpl (MetricsSystemImpl.java:register(279)) - Sink prometheus already exists!
2022-02-12 02:08:43,815 [Listener at 0.0.0.0/44155] INFO  http.BaseHttpServer (BaseHttpServer.java:updateConnectorAddress(329)) - HTTP server of scm listening at http://0.0.0.0:33491
2022-02-12 02:08:43,816 [Listener at 0.0.0.0/44155] WARN  server.ServerUtils (ServerUtils.java:getDBPath(225)) - ozone.om.db.dirs is not configured. We recommend adding this setting. Falling back to ozone.metadata.dirs instead.
2022-02-12 02:08:43,824 [Listener at 0.0.0.0/44155] INFO  ha.OMHANodeDetails (OMHANodeDetails.java:loadOMHAConfig(112)) - ozone.om.internal.service.id is not defined, falling back to ozone.om.service.ids to find serviceID for OzoneManager if it is HA enabled cluster
2022-02-12 02:08:43,825 [Listener at 0.0.0.0/44155] INFO  ha.OMHANodeDetails (OMHANodeDetails.java:loadOMHAConfig(218)) - Configuration does not have ozone.om.address set. Falling back to the default OM address /127.0.0.1:0
2022-02-12 02:08:43,825 [Listener at 0.0.0.0/44155] INFO  ha.OMHANodeDetails (OMHANodeDetails.java:getOMNodeDetailsForNonHA(246)) - OM Service ID is not set. Setting it to the default ID: omServiceIdDefault
2022-02-12 02:08:43,825 [Listener at 0.0.0.0/44155] INFO  ha.OMHANodeDetails (OMHANodeDetails.java:getOMNodeDetailsForNonHA(253)) - OM Node ID is not set. Setting it to the default ID: om1
2022-02-12 02:08:43,825 [Listener at 0.0.0.0/44155] WARN  server.ServerUtils (ServerUtils.java:getDBPath(225)) - ozone.om.db.dirs is not configured. We recommend adding this setting. Falling back to ozone.metadata.dirs instead.
2022-02-12 02:08:43,825 [Listener at 0.0.0.0/44155] INFO  upgrade.AbstractLayoutVersionManager (AbstractLayoutVersionManager.java:init(79)) - Initializing Layout version manager with metadata layout = INITIAL_VERSION (version = 0), software layout = INITIAL_VERSION (version = 0)
2022-02-12 02:08:43,925 [Listener at 0.0.0.0/44155] INFO  reflections.Reflections (Reflections.java:scan(232)) - Reflections took 99 ms to scan 2 urls, producing 133 keys and 348 values [using 2 cores]
2022-02-12 02:08:43,926 [Listener at 0.0.0.0/44155] INFO  upgrade.OMLayoutVersionManager (OMLayoutVersionManager.java:lambda$0(115)) - Skipping Upgrade Action MockOmUpgradeAction since it has been finalized.
2022-02-12 02:08:43,926 [Listener at 0.0.0.0/44155] WARN  server.ServerUtils (ServerUtils.java:getDBPath(225)) - ozone.om.db.dirs is not configured. We recommend adding this setting. Falling back to ozone.metadata.dirs instead.
2022-02-12 02:08:45,951 [Listener at 0.0.0.0/44155] INFO  retry.RetryInvocationHandler (RetryInvocationHandler.java:log(411)) - com.google.protobuf.ServiceException: org.apache.hadoop.ipc.RemoteException(org.apache.hadoop.hdds.ratis.ServerNotLeaderException): Server:ecc7e2fd-e756-44d6-8a27-e56b24aba264 is not the leader. Could not determine the leader node.
	at org.apache.hadoop.hdds.ratis.ServerNotLeaderException.convertToNotLeaderException(ServerNotLeaderException.java:109)
	at org.apache.hadoop.hdds.scm.ha.RatisUtil.checkRatisException(RatisUtil.java:245)
	at org.apache.hadoop.hdds.scm.protocol.ScmBlockLocationProtocolServerSideTranslatorPB.send(ScmBlockLocationProtocolServerSideTranslatorPB.java:108)
	at org.apache.hadoop.hdds.protocol.proto.ScmBlockLocationProtocolProtos$ScmBlockLocationProtocolService$2.callBlockingMethod(ScmBlockLocationProtocolProtos.java:13937)
	at org.apache.hadoop.ipc.ProtobufRpcEngine$Server.processCall(ProtobufRpcEngine.java:466)
	at org.apache.hadoop.ipc.ProtobufRpcEngine2$Server$ProtoBufRpcInvoker.call(ProtobufRpcEngine2.java:574)
	at org.apache.hadoop.ipc.ProtobufRpcEngine2$Server$ProtoBufRpcInvoker.call(ProtobufRpcEngine2.java:552)
	at org.apache.hadoop.ipc.RPC$Server.call(RPC.java:1093)
	at org.apache.hadoop.ipc.Server$RpcCall.run(Server.java:1035)
	at org.apache.hadoop.ipc.Server$RpcCall.run(Server.java:963)
	at java.security.AccessController.doPrivileged(Native Method)
	at javax.security.auth.Subject.doAs(Subject.java:422)
	at org.apache.hadoop.security.UserGroupInformation.doAs(UserGroupInformation.java:1878)
	at org.apache.hadoop.ipc.Server$Handler.run(Server.java:2966)
, while invoking $Proxy46.send over nodeId=scmNodeId,nodeAddress=/0.0.0.0:38719 after 1 failover attempts. Trying to failover after sleeping for 2000ms.
2022-02-12 02:08:47,956 [Listener at 0.0.0.0/44155] INFO  retry.RetryInvocationHandler (RetryInvocationHandler.java:log(411)) - com.google.protobuf.ServiceException: org.apache.hadoop.ipc.RemoteException(org.apache.hadoop.hdds.ratis.ServerNotLeaderException): Server:ecc7e2fd-e756-44d6-8a27-e56b24aba264 is not the leader. Could not determine the leader node.
	at org.apache.hadoop.hdds.ratis.ServerNotLeaderException.convertToNotLeaderException(ServerNotLeaderException.java:109)
	at org.apache.hadoop.hdds.scm.ha.RatisUtil.checkRatisException(RatisUtil.java:245)
	at org.apache.hadoop.hdds.scm.protocol.ScmBlockLocationProtocolServerSideTranslatorPB.send(ScmBlockLocationProtocolServerSideTranslatorPB.java:108)
	at org.apache.hadoop.hdds.protocol.proto.ScmBlockLocationProtocolProtos$ScmBlockLocationProtocolService$2.callBlockingMethod(ScmBlockLocationProtocolProtos.java:13937)
	at org.apache.hadoop.ipc.ProtobufRpcEngine$Server.processCall(ProtobufRpcEngine.java:466)
	at org.apache.hadoop.ipc.ProtobufRpcEngine2$Server$ProtoBufRpcInvoker.call(ProtobufRpcEngine2.java:574)
	at org.apache.hadoop.ipc.ProtobufRpcEngine2$Server$ProtoBufRpcInvoker.call(ProtobufRpcEngine2.java:552)
	at org.apache.hadoop.ipc.RPC$Server.call(RPC.java:1093)
	at org.apache.hadoop.ipc.Server$RpcCall.run(Server.java:1035)
	at org.apache.hadoop.ipc.Server$RpcCall.run(Server.java:963)
	at java.security.AccessController.doPrivileged(Native Method)
	at javax.security.auth.Subject.doAs(Subject.java:422)
	at org.apache.hadoop.security.UserGroupInformation.doAs(UserGroupInformation.java:1878)
	at org.apache.hadoop.ipc.Server$Handler.run(Server.java:2966)
, while invoking $Proxy46.send over nodeId=scmNodeId,nodeAddress=/0.0.0.0:38719 after 2 failover attempts. Trying to failover after sleeping for 2000ms.
2022-02-12 02:08:48,662 [ecc7e2fd-e756-44d6-8a27-e56b24aba264@group-D36BCF9E7AD5-FollowerState] INFO  impl.FollowerState (FollowerState.java:run(134)) - ecc7e2fd-e756-44d6-8a27-e56b24aba264@group-D36BCF9E7AD5-FollowerState: change to CANDIDATE, lastRpcElapsedTime:5086191213ns, electionTimeout:5085ms
2022-02-12 02:08:48,662 [ecc7e2fd-e756-44d6-8a27-e56b24aba264@group-D36BCF9E7AD5-FollowerState] INFO  impl.RoleInfo (RoleInfo.java:shutdownFollowerState(108)) - ecc7e2fd-e756-44d6-8a27-e56b24aba264: shutdown ecc7e2fd-e756-44d6-8a27-e56b24aba264@group-D36BCF9E7AD5-FollowerState
2022-02-12 02:08:48,662 [ecc7e2fd-e756-44d6-8a27-e56b24aba264@group-D36BCF9E7AD5-FollowerState] INFO  server.RaftServer$Division (RaftServerImpl.java:setRole(290)) - ecc7e2fd-e756-44d6-8a27-e56b24aba264@group-D36BCF9E7AD5: changes role from  FOLLOWER to CANDIDATE at term 1 for changeToCandidate
2022-02-12 02:08:48,662 [ecc7e2fd-e756-44d6-8a27-e56b24aba264@group-D36BCF9E7AD5-FollowerState] INFO  server.RaftServerConfigKeys (ConfUtils.java:logGet(44)) - raft.server.leaderelection.pre-vote = false (custom)
2022-02-12 02:08:48,662 [ecc7e2fd-e756-44d6-8a27-e56b24aba264@group-D36BCF9E7AD5-FollowerState] INFO  impl.RoleInfo (RoleInfo.java:updateAndGet(130)) - ecc7e2fd-e756-44d6-8a27-e56b24aba264: start ecc7e2fd-e756-44d6-8a27-e56b24aba264@group-D36BCF9E7AD5-LeaderElection33
2022-02-12 02:08:48,684 [ecc7e2fd-e756-44d6-8a27-e56b24aba264@group-D36BCF9E7AD5-LeaderElection33] INFO  impl.LeaderElection (LeaderElection.java:askForVotes(306)) - ecc7e2fd-e756-44d6-8a27-e56b24aba264@group-D36BCF9E7AD5-LeaderElection33 ELECTION round 0: submit vote requests at term 2 for 0: [ecc7e2fd-e756-44d6-8a27-e56b24aba264|rpc:fv-az395-998:9894|admin:|client:|dataStream:|priority:0], old=null
2022-02-12 02:08:48,684 [ecc7e2fd-e756-44d6-8a27-e56b24aba264@group-D36BCF9E7AD5-LeaderElection33] INFO  impl.LeaderElection (LeaderElection.java:askForVotes(308)) - ecc7e2fd-e756-44d6-8a27-e56b24aba264@group-D36BCF9E7AD5-LeaderElection33 ELECTION round 0: result PASSED (term=2)
2022-02-12 02:08:48,684 [ecc7e2fd-e756-44d6-8a27-e56b24aba264@group-D36BCF9E7AD5-LeaderElection33] INFO  impl.RoleInfo (RoleInfo.java:shutdownLeaderElection(121)) - ecc7e2fd-e756-44d6-8a27-e56b24aba264: shutdown ecc7e2fd-e756-44d6-8a27-e56b24aba264@group-D36BCF9E7AD5-LeaderElection33
2022-02-12 02:08:48,684 [ecc7e2fd-e756-44d6-8a27-e56b24aba264@group-D36BCF9E7AD5-LeaderElection33] INFO  server.RaftServer$Division (RaftServerImpl.java:setRole(290)) - ecc7e2fd-e756-44d6-8a27-e56b24aba264@group-D36BCF9E7AD5: changes role from CANDIDATE to LEADER at term 2 for changeToLeader
2022-02-12 02:08:48,684 [ecc7e2fd-e756-44d6-8a27-e56b24aba264@group-D36BCF9E7AD5-LeaderElection33] INFO  ha.SCMStateMachine (SCMStateMachine.java:notifyLeaderChanged(259)) - current SCM becomes leader of term 2.
2022-02-12 02:08:48,684 [ecc7e2fd-e756-44d6-8a27-e56b24aba264@group-D36BCF9E7AD5-LeaderElection33] INFO  ha.SCMContext (SCMContext.java:updateLeaderAndTerm(90)) - update <isLeader,term> from <false,0> to <true,2>
2022-02-12 02:08:48,684 [ecc7e2fd-e756-44d6-8a27-e56b24aba264@group-D36BCF9E7AD5-LeaderElection33] INFO  server.RaftServer$Division (ServerState.java:setLeader(285)) - ecc7e2fd-e756-44d6-8a27-e56b24aba264@group-D36BCF9E7AD5: change Leader from null to ecc7e2fd-e756-44d6-8a27-e56b24aba264 at term 2 for becomeLeader, leader elected after 5238ms
2022-02-12 02:08:48,684 [ecc7e2fd-e756-44d6-8a27-e56b24aba264@group-D36BCF9E7AD5-LeaderElection33] INFO  server.RaftServerConfigKeys (ConfUtils.java:logGet(44)) - raft.server.staging.catchup.gap = 1000 (default)
2022-02-12 02:08:48,685 [ecc7e2fd-e756-44d6-8a27-e56b24aba264@group-D36BCF9E7AD5-LeaderElection33] INFO  server.RaftServerConfigKeys (ConfUtils.java:logGet(44)) - raft.server.write.element-limit = 4096 (default)
2022-02-12 02:08:48,685 [ecc7e2fd-e756-44d6-8a27-e56b24aba264@group-D36BCF9E7AD5-LeaderElection33] INFO  server.RaftServerConfigKeys (ConfUtils.java:logGet(44)) - raft.server.write.byte-limit = 64MB (=67108864) (default)
2022-02-12 02:08:48,685 [ecc7e2fd-e756-44d6-8a27-e56b24aba264@group-D36BCF9E7AD5-LeaderElection33] INFO  server.RaftServerConfigKeys (ConfUtils.java:logGet(44)) - raft.server.watch.timeout = 10s (default)
2022-02-12 02:08:48,685 [ecc7e2fd-e756-44d6-8a27-e56b24aba264@group-D36BCF9E7AD5-LeaderElection33] INFO  server.RaftServerConfigKeys (ConfUtils.java:logGet(44)) - raft.server.watch.timeout.denomination = 1s (default)
2022-02-12 02:08:48,685 [ecc7e2fd-e756-44d6-8a27-e56b24aba264@group-D36BCF9E7AD5-LeaderElection33] INFO  server.RaftServerConfigKeys (ConfUtils.java:logGet(44)) - raft.server.watch.element-limit = 65536 (default)
2022-02-12 02:08:48,685 [ecc7e2fd-e756-44d6-8a27-e56b24aba264@group-D36BCF9E7AD5-LeaderElection33] INFO  server.RaftServerConfigKeys (ConfUtils.java:logGet(44)) - raft.server.write.element-limit = 4096 (default)
2022-02-12 02:08:48,685 [ecc7e2fd-e756-44d6-8a27-e56b24aba264@group-D36BCF9E7AD5-LeaderElection33] INFO  server.RaftServerConfigKeys (ConfUtils.java:logGet(44)) - raft.server.write.follower.gap.ratio.max = -1.0 (default)
2022-02-12 02:08:48,685 [ecc7e2fd-e756-44d6-8a27-e56b24aba264@group-D36BCF9E7AD5-LeaderElection33] INFO  impl.RoleInfo (RoleInfo.java:updateAndGet(130)) - ecc7e2fd-e756-44d6-8a27-e56b24aba264: start ecc7e2fd-e756-44d6-8a27-e56b24aba264@group-D36BCF9E7AD5-LeaderStateImpl
2022-02-12 02:08:48,685 [ecc7e2fd-e756-44d6-8a27-e56b24aba264@group-D36BCF9E7AD5-LeaderElection33] INFO  segmented.SegmentedRaftLogWorker (SegmentedRaftLogWorker.java:rollLogSegment(399)) - ecc7e2fd-e756-44d6-8a27-e56b24aba264@group-D36BCF9E7AD5-SegmentedRaftLogWorker: Rolling segment log-0_0 to index:0
2022-02-12 02:08:48,693 [ecc7e2fd-e756-44d6-8a27-e56b24aba264@group-D36BCF9E7AD5-SegmentedRaftLogWorker] INFO  segmented.SegmentedRaftLogWorker (SegmentedRaftLogWorker.java:execute(558)) - ecc7e2fd-e756-44d6-8a27-e56b24aba264@group-D36BCF9E7AD5-SegmentedRaftLogWorker: Rolled log segment from /home/runner/work/ozone/ozone/hadoop-ozone/integration-test/target/test-dir/MiniOzoneClusterImpl-03ef79e6-d6c6-40ba-8af9-d36bcf9e7ad5/ozone-meta/scm-ha/03ef79e6-d6c6-40ba-8af9-d36bcf9e7ad5/current/log_inprogress_0 to /home/runner/work/ozone/ozone/hadoop-ozone/integration-test/target/test-dir/MiniOzoneClusterImpl-03ef79e6-d6c6-40ba-8af9-d36bcf9e7ad5/ozone-meta/scm-ha/03ef79e6-d6c6-40ba-8af9-d36bcf9e7ad5/current/log_0-0
2022-02-12 02:08:48,696 [ecc7e2fd-e756-44d6-8a27-e56b24aba264@group-D36BCF9E7AD5-LeaderElection33] INFO  server.RaftServer$Division (ServerState.java:setRaftConf(387)) - ecc7e2fd-e756-44d6-8a27-e56b24aba264@group-D36BCF9E7AD5: set configuration 1: [ecc7e2fd-e756-44d6-8a27-e56b24aba264|rpc:fv-az395-998:9894|admin:|client:|dataStream:|priority:0], old=null
2022-02-12 02:08:48,704 [ecc7e2fd-e756-44d6-8a27-e56b24aba264@group-D36BCF9E7AD5-SegmentedRaftLogWorker] INFO  segmented.SegmentedRaftLogWorker (SegmentedRaftLogWorker.java:execute(601)) - ecc7e2fd-e756-44d6-8a27-e56b24aba264@group-D36BCF9E7AD5-SegmentedRaftLogWorker: created new log segment /home/runner/work/ozone/ozone/hadoop-ozone/integration-test/target/test-dir/MiniOzoneClusterImpl-03ef79e6-d6c6-40ba-8af9-d36bcf9e7ad5/ozone-meta/scm-ha/03ef79e6-d6c6-40ba-8af9-d36bcf9e7ad5/current/log_inprogress_1
2022-02-12 02:08:48,705 [ecc7e2fd-e756-44d6-8a27-e56b24aba264@group-D36BCF9E7AD5-StateMachineUpdater] INFO  ha.SCMContext (SCMContext.java:setLeaderReady(117)) - update <isLeaderReady> from <false> to <true>
2022-02-12 02:08:48,708 [ecc7e2fd-e756-44d6-8a27-e56b24aba264@group-D36BCF9E7AD5-StateMachineUpdater] INFO  pipeline.BackgroundPipelineCreator (BackgroundPipelineCreator.java:notifyStatusChanged(264)) - Service BackgroundPipelineCreator transitions to RUNNING.
2022-02-12 02:08:48,709 [ecc7e2fd-e756-44d6-8a27-e56b24aba264@group-D36BCF9E7AD5-StateMachineUpdater] INFO  safemode.HealthyPipelineSafeModeRule (HealthyPipelineSafeModeRule.java:initializeRule(152)) - Refreshed total pipeline count is 0, healthy pipeline threshold count is 1
2022-02-12 02:08:48,709 [ecc7e2fd-e756-44d6-8a27-e56b24aba264@group-D36BCF9E7AD5-StateMachineUpdater] INFO  safemode.ContainerSafeModeRule (ContainerSafeModeRule.java:reInitializeRule(177)) - Refreshed one replica container threshold 0, currentThreshold 0
2022-02-12 02:08:48,709 [ecc7e2fd-e756-44d6-8a27-e56b24aba264@group-D36BCF9E7AD5-StateMachineUpdater] INFO  safemode.OneReplicaPipelineSafeModeRule (OneReplicaPipelineSafeModeRule.java:initializeRule(176)) - Refreshed Total pipeline count is 0, pipeline's with at least one datanode reported threshold count is 0
2022-02-12 02:08:48,709 [ecc7e2fd-e756-44d6-8a27-e56b24aba264@group-D36BCF9E7AD5-StateMachineUpdater] INFO  server.SCMDatanodeProtocolServer (SCMDatanodeProtocolServer.java:start(181)) - ScmDatanodeProtocol RPC server for DataNodes is listening at /0.0.0.0:46341
2022-02-12 02:08:48,718 [IPC Server listener on 0] INFO  ipc.Server (Server.java:run(1344)) - IPC Server listener on 0: starting
2022-02-12 02:08:48,728 [IPC Server Responder] INFO  ipc.Server (Server.java:run(1507)) - IPC Server Responder: starting
2022-02-12 02:08:49,961 [Listener at 0.0.0.0/44155] WARN  server.ServerUtils (ServerUtils.java:getDBPath(225)) - ozone.om.db.dirs is not configured. We recommend adding this setting. Falling back to ozone.metadata.dirs instead.
2022-02-12 02:08:49,961 [Listener at 0.0.0.0/44155] INFO  codec.OmKeyInfoCodec (OmKeyInfoCodec.java:<init>(50)) - OmKeyInfoCodec ignorePipeline = true
2022-02-12 02:08:49,962 [Listener at 0.0.0.0/44155] INFO  codec.RepeatedOmKeyInfoCodec (RepeatedOmKeyInfoCodec.java:<init>(42)) - RepeatedOmKeyInfoCodec ignorePipeline = true
2022-02-12 02:08:50,222 [Listener at 0.0.0.0/44155] INFO  om.OzoneManager (OzoneManager.java:addS3GVolumeToDB(3732)) - Created Volume s3v With Owner runner required for S3Gateway operations.
2022-02-12 02:08:50,242 [Listener at 0.0.0.0/44155] INFO  ipc.CallQueueManager (CallQueueManager.java:<init>(90)) - Using callQueue: class java.util.concurrent.LinkedBlockingQueue, queueCapacity: 2000, scheduler: class org.apache.hadoop.ipc.DefaultRpcScheduler, ipcBackoff: false.
2022-02-12 02:08:50,243 [Socket Reader #1 for port 0] INFO  ipc.Server (Server.java:run(1265)) - Starting Socket Reader #1 for port 0
2022-02-12 02:08:50,286 [Listener at 127.0.0.1/44117] INFO  impl.MetricsSystemImpl (MetricsSystemImpl.java:init(158)) - OzoneManager metrics system started (again)
2022-02-12 02:08:50,341 [Listener at 127.0.0.1/44117] INFO  om.OzoneManager (OzoneManager.java:start(1365)) - OzoneManager RPC server is listening at localhost/127.0.0.1:44117
2022-02-12 02:08:50,341 [Listener at 127.0.0.1/44117] INFO  om.OzoneManager (OzoneManager.java:start(1381)) - Version File has different layout version (0) than OM DB (null). That is expected if this OM has never been finalized to a newer layout version.
2022-02-12 02:08:50,362 [Listener at 127.0.0.1/44117] INFO  http.BaseHttpServer (BaseHttpServer.java:newHttpServer2BuilderForOzone(209)) - Starting Web-server for ozoneManager at: http://0.0.0.0:0
2022-02-12 02:08:50,363 [Listener at 127.0.0.1/44117] INFO  http.BaseHttpServer (BaseHttpServer.java:<init>(107)) - Hadoop Security Enabled: false Ozone Security Enabled: false Ozone HTTP Security Enabled: false 
2022-02-12 02:08:50,364 [Listener at 127.0.0.1/44117] INFO  server.AuthenticationFilter (AuthenticationFilter.java:constructSecretProvider(240)) - Unable to initialize FileSignerSecretProvider, falling back to use random secrets.
2022-02-12 02:08:50,364 [Listener at 127.0.0.1/44117] WARN  http.HttpRequestLog (HttpRequestLog.java:getRequestLog(103)) - Jetty request log can only be enabled using Log4j
2022-02-12 02:08:50,365 [Listener at 127.0.0.1/44117] INFO  http.HttpServer2 (HttpServer2.java:addGlobalFilter(1030)) - Added global filter 'safety' (class=org.apache.hadoop.hdds.server.http.HttpServer2$QuotingInputFilter)
2022-02-12 02:08:50,366 [Listener at 127.0.0.1/44117] INFO  http.HttpServer2 (HttpServer2.java:addFilter(1006)) - Added filter static_user_filter (class=org.apache.hadoop.http.lib.StaticUserWebFilter$StaticUserFilter) to context ozoneManager
2022-02-12 02:08:50,366 [Listener at 127.0.0.1/44117] INFO  http.HttpServer2 (HttpServer2.java:addFilter(1014)) - Added filter static_user_filter (class=org.apache.hadoop.http.lib.StaticUserWebFilter$StaticUserFilter) to context static
2022-02-12 02:08:50,366 [Listener at 127.0.0.1/44117] INFO  http.HttpServer2 (HttpServer2.java:addFilter(1014)) - Added filter static_user_filter (class=org.apache.hadoop.http.lib.StaticUserWebFilter$StaticUserFilter) to context logs
2022-02-12 02:08:50,366 [Listener at 127.0.0.1/44117] INFO  http.HttpServer2 (HttpServer2.java:bindListener(1249)) - Jetty bound to port 41183
2022-02-12 02:08:50,367 [Listener at 127.0.0.1/44117] INFO  server.Server (Server.java:doStart(375)) - jetty-9.4.43.v20210629; built: 2021-06-30T11:07:22.254Z; git: 526006ecfa3af7f1a27ef3a288e2bef7ea9dd7e8; jvm 1.8.0_312-b07
2022-02-12 02:08:50,371 [Listener at 127.0.0.1/44117] INFO  server.session (DefaultSessionIdManager.java:doStart(334)) - DefaultSessionIdManager workerName=node0
2022-02-12 02:08:50,371 [Listener at 127.0.0.1/44117] INFO  server.session (DefaultSessionIdManager.java:doStart(339)) - No SessionScavenger set, using defaults
2022-02-12 02:08:50,371 [Listener at 127.0.0.1/44117] INFO  server.session (HouseKeeper.java:startScavenging(132)) - node0 Scavenging every 600000ms
2022-02-12 02:08:50,372 [Listener at 127.0.0.1/44117] INFO  handler.ContextHandler (ContextHandler.java:doStart(915)) - Started o.e.j.s.ServletContextHandler@32babb12{logs,/logs,file:///home/runner/work/ozone/ozone/hadoop-ozone/integration-test/target/log,AVAILABLE}
2022-02-12 02:08:50,373 [Listener at 127.0.0.1/44117] INFO  handler.ContextHandler (ContextHandler.java:doStart(915)) - Started o.e.j.s.ServletContextHandler@94fab8f{static,/static,file:///home/runner/work/ozone/ozone/hadoop-ozone/integration-test/target/test-classes/webapps/static,AVAILABLE}
2022-02-12 02:08:50,375 [Listener at 127.0.0.1/44117] INFO  handler.ContextHandler (ContextHandler.java:doStart(915)) - Started o.e.j.w.WebAppContext@4d2a9d6{ozoneManager,/,file:///home/runner/work/ozone/ozone/hadoop-ozone/integration-test/target/test-classes/webapps/ozoneManager/,AVAILABLE}{file:/home/runner/work/ozone/ozone/hadoop-ozone/integration-test/target/test-classes/webapps/ozoneManager}
2022-02-12 02:08:50,389 [Listener at 127.0.0.1/44117] INFO  server.AbstractConnector (AbstractConnector.java:doStart(331)) - Started ServerConnector@3f8b759e{HTTP/1.1, (http/1.1)}{0.0.0.0:41183}
2022-02-12 02:08:50,389 [Listener at 127.0.0.1/44117] INFO  server.Server (Server.java:doStart(415)) - Started @148612ms
2022-02-12 02:08:50,389 [Listener at 127.0.0.1/44117] WARN  impl.MetricsSystemImpl (MetricsSystemImpl.java:register(279)) - Sink prometheus already exists!
2022-02-12 02:08:50,390 [Listener at 127.0.0.1/44117] INFO  http.BaseHttpServer (BaseHttpServer.java:updateConnectorAddress(329)) - HTTP server of ozoneManager listening at http://0.0.0.0:41183
2022-02-12 02:08:50,399 [IPC Server Responder] INFO  ipc.Server (Server.java:run(1507)) - IPC Server Responder: starting
2022-02-12 02:08:50,400 [IPC Server listener on 0] INFO  ipc.Server (Server.java:run(1344)) - IPC Server listener on 0: starting
2022-02-12 02:08:50,402 [Listener at 127.0.0.1/44117] INFO  om.TrashPolicyOzone (TrashPolicyOzone.java:<init>(178)) - Ozone Manager trash configuration: Deletion interval = 0 minutes, Emptier interval = 0 minutes.
2022-02-12 02:08:50,419 [org.apache.hadoop.util.JvmPauseMonitor$Monitor@7e31164b] INFO  util.JvmPauseMonitor (JvmPauseMonitor.java:run(188)) - Starting JVM pause monitor
2022-02-12 02:08:50,423 [Listener at 127.0.0.1/44117] WARN  impl.MetricRegistriesImpl (MetricRegistriesImpl.java:addReporterRegistration(111)) - New reporters are added after registries were created. Some metrics will be missing from the reporter. Please add reporter before adding any new registry.
2022-02-12 02:08:50,428 [Listener at 127.0.0.1/44117] WARN  impl.MetricRegistriesImpl (MetricRegistriesImpl.java:addReporterRegistration(111)) - New reporters are added after registries were created. Some metrics will be missing from the reporter. Please add reporter before adding any new registry.
2022-02-12 02:08:50,428 [Listener at 127.0.0.1/44117] INFO  impl.MetricsSystemImpl (MetricsSystemImpl.java:init(158)) - HddsDatanode metrics system started (again)
2022-02-12 02:08:50,444 [Listener at 127.0.0.1/44117] INFO  ozone.HddsDatanodeService (HddsDatanodeService.java:start(234)) - HddsDatanodeService host:fv-az395-998.zfmzfyrfkyou3ow0tsr0jxwq1e.bx.internal.cloudapp.net ip:10.1.0.17
2022-02-12 02:08:50,494 [Listener at 127.0.0.1/44117] INFO  upgrade.AbstractLayoutVersionManager (AbstractLayoutVersionManager.java:init(79)) - Initializing Layout version manager with metadata layout = SCM_HA (version = 2), software layout = SCM_HA (version = 2)
2022-02-12 02:08:50,589 [Listener at 127.0.0.1/44117] INFO  reflections.Reflections (Reflections.java:scan(232)) - Reflections took 94 ms to scan 7 urls, producing 119 keys and 279 values 
2022-02-12 02:08:50,599 [Listener at 127.0.0.1/44117] INFO  statemachine.DatanodeStateMachine (DatanodeStateMachine.java:getEndPointTaskThreadPoolSize(222)) - Datanode State Machine Task Thread Pool size 2
2022-02-12 02:08:50,611 [Listener at 127.0.0.1/44117] INFO  volume.HddsVolume (HddsVolume.java:<init>(120)) - Creating HddsVolume: /home/runner/work/ozone/ozone/hadoop-ozone/integration-test/target/test-dir/MiniOzoneClusterImpl-03ef79e6-d6c6-40ba-8af9-d36bcf9e7ad5/datanode-0/data-0/containers/hdds of storage type : DISK capacity : 9223372036854775807
2022-02-12 02:08:50,611 [Listener at 127.0.0.1/44117] INFO  volume.MutableVolumeSet (MutableVolumeSet.java:initializeVolumeSet(168)) - Added Volume : /home/runner/work/ozone/ozone/hadoop-ozone/integration-test/target/test-dir/MiniOzoneClusterImpl-03ef79e6-d6c6-40ba-8af9-d36bcf9e7ad5/datanode-0/data-0/containers/hdds to VolumeSet
2022-02-12 02:08:50,611 [Listener at 127.0.0.1/44117] INFO  volume.ThrottledAsyncChecker (ThrottledAsyncChecker.java:schedule(141)) - Scheduling a check for /home/runner/work/ozone/ozone/hadoop-ozone/integration-test/target/test-dir/MiniOzoneClusterImpl-03ef79e6-d6c6-40ba-8af9-d36bcf9e7ad5/datanode-0/data-0/containers/hdds
2022-02-12 02:08:50,618 [Listener at 127.0.0.1/44117] INFO  volume.StorageVolumeChecker (StorageVolumeChecker.java:checkAllVolumes(202)) - Scheduled health check for volume /home/runner/work/ozone/ozone/hadoop-ozone/integration-test/target/test-dir/MiniOzoneClusterImpl-03ef79e6-d6c6-40ba-8af9-d36bcf9e7ad5/datanode-0/data-0/containers/hdds
2022-02-12 02:08:50,639 [Listener at 127.0.0.1/44117] INFO  volume.MutableVolumeSet (MutableVolumeSet.java:initializeVolumeSet(168)) - Added Volume : /home/runner/work/ozone/ozone/hadoop-ozone/integration-test/target/test-dir/MiniOzoneClusterImpl-03ef79e6-d6c6-40ba-8af9-d36bcf9e7ad5/datanode-0/data/ratis to VolumeSet
2022-02-12 02:08:50,641 [Listener at 127.0.0.1/44117] INFO  volume.ThrottledAsyncChecker (ThrottledAsyncChecker.java:schedule(141)) - Scheduling a check for /home/runner/work/ozone/ozone/hadoop-ozone/integration-test/target/test-dir/MiniOzoneClusterImpl-03ef79e6-d6c6-40ba-8af9-d36bcf9e7ad5/datanode-0/data/ratis
2022-02-12 02:08:50,641 [Listener at 127.0.0.1/44117] INFO  volume.StorageVolumeChecker (StorageVolumeChecker.java:checkAllVolumes(202)) - Scheduled health check for volume /home/runner/work/ozone/ozone/hadoop-ozone/integration-test/target/test-dir/MiniOzoneClusterImpl-03ef79e6-d6c6-40ba-8af9-d36bcf9e7ad5/datanode-0/data/ratis
2022-02-12 02:08:50,675 [Thread-919] INFO  ozoneimpl.ContainerReader (ContainerReader.java:readVolume(172)) - Finish verifying containers on volume /home/runner/work/ozone/ozone/hadoop-ozone/integration-test/target/test-dir/MiniOzoneClusterImpl-03ef79e6-d6c6-40ba-8af9-d36bcf9e7ad5/datanode-0/data-0/containers/hdds
2022-02-12 02:08:50,675 [Listener at 127.0.0.1/44117] INFO  ozoneimpl.OzoneContainer (OzoneContainer.java:buildContainerSet(237)) - Build ContainerSet costs 0s
2022-02-12 02:08:50,677 [Listener at 127.0.0.1/44117] INFO  server.RaftServer (ConfUtils.java:logGet(44)) - raft.rpc.type = GRPC (default)
2022-02-12 02:08:50,678 [Listener at 127.0.0.1/44117] INFO  grpc.GrpcFactory (GrpcFactory.java:checkPooledByteBufAllocatorUseCacheForAllThreads(48)) - PERFORMANCE WARNING: useCacheForAllThreads is true that may cause Netty to create a lot garbage objects and, as a result, trigger GC.
	It is recommended to disable useCacheForAllThreads by setting -Dorg.apache.ratis.thirdparty.io.netty.allocator.useCacheForAllThreads=false in command line.
2022-02-12 02:08:50,678 [Listener at 127.0.0.1/44117] INFO  grpc.GrpcConfigKeys (ConfUtils.java:logGet(44)) - raft.grpc.admin.port = 0 (custom)
2022-02-12 02:08:50,678 [Listener at 127.0.0.1/44117] INFO  grpc.GrpcConfigKeys (ConfUtils.java:logGet(44)) - raft.grpc.client.port = 0 (custom)
2022-02-12 02:08:50,678 [Listener at 127.0.0.1/44117] INFO  grpc.GrpcConfigKeys (ConfUtils.java:logGet(44)) - raft.grpc.server.port = 0 (default)
2022-02-12 02:08:50,678 [Listener at 127.0.0.1/44117] INFO  server.GrpcService (ConfUtils.java:logGet(44)) - raft.grpc.message.size.max = 32MB (=33554432) (custom)
2022-02-12 02:08:50,678 [Listener at 127.0.0.1/44117] INFO  server.RaftServerConfigKeys (ConfUtils.java:logGet(44)) - raft.server.log.appender.buffer.byte-limit = 33554432 (custom)
2022-02-12 02:08:50,678 [Listener at 127.0.0.1/44117] INFO  server.GrpcService (ConfUtils.java:logGet(44)) - raft.grpc.flow.control.window = 5MB (=5242880) (custom)
2022-02-12 02:08:50,679 [Listener at 127.0.0.1/44117] INFO  server.RaftServerConfigKeys (ConfUtils.java:logGet(44)) - raft.server.rpc.request.timeout = 60s (custom)
2022-02-12 02:08:50,680 [Listener at 127.0.0.1/44117] INFO  impl.DataStreamServerImpl (ConfUtils.java:logGet(44)) - raft.datastream.type = DISABLED (default)
2022-02-12 02:08:50,681 [Listener at 127.0.0.1/44117] INFO  server.RaftServerConfigKeys (ConfUtils.java:logGet(44)) - raft.server.rpc.slowness.timeout = 300s (custom)
2022-02-12 02:08:50,681 [Listener at 127.0.0.1/44117] INFO  server.RaftServerConfigKeys (ConfUtils.java:logGet(44)) - raft.server.leaderelection.leader.step-down.wait-time = 10s (default)
2022-02-12 02:08:50,681 [Listener at 127.0.0.1/44117] INFO  server.RaftServerConfigKeys (ConfUtils.java:logGet(44)) - raft.server.storage.dir = [/home/runner/work/ozone/ozone/hadoop-ozone/integration-test/target/test-dir/MiniOzoneClusterImpl-03ef79e6-d6c6-40ba-8af9-d36bcf9e7ad5/datanode-0/data/ratis] (custom)
2022-02-12 02:08:50,682 [Listener at 127.0.0.1/44117] INFO  server.XceiverServerGrpc (XceiverServerGrpc.java:<init>(132)) - GrpcServer channel type EpollServerSocketChannel
2022-02-12 02:08:50,693 [Listener at 127.0.0.1/44117] INFO  http.BaseHttpServer (BaseHttpServer.java:newHttpServer2BuilderForOzone(209)) - Starting Web-server for hddsDatanode at: http://0.0.0.0:0
2022-02-12 02:08:50,693 [Listener at 127.0.0.1/44117] INFO  http.BaseHttpServer (BaseHttpServer.java:<init>(107)) - Hadoop Security Enabled: false Ozone Security Enabled: false Ozone HTTP Security Enabled: false 
2022-02-12 02:08:50,694 [Listener at 127.0.0.1/44117] INFO  server.AuthenticationFilter (AuthenticationFilter.java:constructSecretProvider(240)) - Unable to initialize FileSignerSecretProvider, falling back to use random secrets.
2022-02-12 02:08:50,698 [Listener at 127.0.0.1/44117] WARN  http.HttpRequestLog (HttpRequestLog.java:getRequestLog(103)) - Jetty request log can only be enabled using Log4j
2022-02-12 02:08:50,700 [Listener at 127.0.0.1/44117] INFO  http.HttpServer2 (HttpServer2.java:addGlobalFilter(1030)) - Added global filter 'safety' (class=org.apache.hadoop.hdds.server.http.HttpServer2$QuotingInputFilter)
2022-02-12 02:08:50,701 [Listener at 127.0.0.1/44117] INFO  http.HttpServer2 (HttpServer2.java:addFilter(1006)) - Added filter static_user_filter (class=org.apache.hadoop.http.lib.StaticUserWebFilter$StaticUserFilter) to context hddsDatanode
2022-02-12 02:08:50,701 [Listener at 127.0.0.1/44117] INFO  http.HttpServer2 (HttpServer2.java:addFilter(1014)) - Added filter static_user_filter (class=org.apache.hadoop.http.lib.StaticUserWebFilter$StaticUserFilter) to context logs
2022-02-12 02:08:50,701 [Listener at 127.0.0.1/44117] INFO  http.HttpServer2 (HttpServer2.java:addFilter(1014)) - Added filter static_user_filter (class=org.apache.hadoop.http.lib.StaticUserWebFilter$StaticUserFilter) to context static
2022-02-12 02:08:50,702 [Listener at 127.0.0.1/44117] INFO  http.HttpServer2 (HttpServer2.java:bindListener(1249)) - Jetty bound to port 41761
2022-02-12 02:08:50,702 [Listener at 127.0.0.1/44117] INFO  server.Server (Server.java:doStart(375)) - jetty-9.4.43.v20210629; built: 2021-06-30T11:07:22.254Z; git: 526006ecfa3af7f1a27ef3a288e2bef7ea9dd7e8; jvm 1.8.0_312-b07
2022-02-12 02:08:50,716 [Listener at 127.0.0.1/44117] INFO  server.session (DefaultSessionIdManager.java:doStart(334)) - DefaultSessionIdManager workerName=node0
2022-02-12 02:08:50,717 [Listener at 127.0.0.1/44117] INFO  server.session (DefaultSessionIdManager.java:doStart(339)) - No SessionScavenger set, using defaults
2022-02-12 02:08:50,717 [Listener at 127.0.0.1/44117] INFO  server.session (HouseKeeper.java:startScavenging(132)) - node0 Scavenging every 600000ms
2022-02-12 02:08:50,718 [Listener at 127.0.0.1/44117] INFO  handler.ContextHandler (ContextHandler.java:doStart(915)) - Started o.e.j.s.ServletContextHandler@68861a31{logs,/logs,file:///home/runner/work/ozone/ozone/hadoop-ozone/integration-test/target/log,AVAILABLE}
2022-02-12 02:08:50,718 [Listener at 127.0.0.1/44117] INFO  handler.ContextHandler (ContextHandler.java:doStart(915)) - Started o.e.j.s.ServletContextHandler@2acee481{static,/static,jar:file:/home/runner/.m2/repository/org/apache/ozone/hdds-container-service/1.3.0-SNAPSHOT/hdds-container-service-1.3.0-SNAPSHOT.jar!/webapps/static,AVAILABLE}
2022-02-12 02:08:50,880 [Listener at 127.0.0.1/44117] INFO  handler.ContextHandler (ContextHandler.java:doStart(915)) - Started o.e.j.w.WebAppContext@466ae771{hddsDatanode,/,file:///tmp/jetty-0_0_0_0-41761-hdds-container-service-1_3_0-SNAPSHOT_jar-_-any-4669636315178625934/webapp/,AVAILABLE}{jar:file:/home/runner/.m2/repository/org/apache/ozone/hdds-container-service/1.3.0-SNAPSHOT/hdds-container-service-1.3.0-SNAPSHOT.jar!/webapps/hddsDatanode}
2022-02-12 02:08:50,886 [Listener at 127.0.0.1/44117] INFO  server.AbstractConnector (AbstractConnector.java:doStart(331)) - Started ServerConnector@e1bfdc3{HTTP/1.1, (http/1.1)}{0.0.0.0:41761}
2022-02-12 02:08:50,891 [Listener at 127.0.0.1/44117] INFO  server.Server (Server.java:doStart(415)) - Started @149114ms
2022-02-12 02:08:50,891 [Listener at 127.0.0.1/44117] WARN  impl.MetricsSystemImpl (MetricsSystemImpl.java:register(279)) - Sink prometheus already exists!
2022-02-12 02:08:50,893 [Listener at 127.0.0.1/44117] INFO  http.BaseHttpServer (BaseHttpServer.java:updateConnectorAddress(329)) - HTTP server of hddsDatanode listening at http://0.0.0.0:41761
2022-02-12 02:08:50,899 [Listener at 127.0.0.1/44117] WARN  impl.MetricRegistriesImpl (MetricRegistriesImpl.java:addReporterRegistration(111)) - New reporters are added after registries were created. Some metrics will be missing from the reporter. Please add reporter before adding any new registry.
2022-02-12 02:08:50,899 [Listener at 127.0.0.1/44117] WARN  impl.MetricRegistriesImpl (MetricRegistriesImpl.java:addReporterRegistration(111)) - New reporters are added after registries were created. Some metrics will be missing from the reporter. Please add reporter before adding any new registry.
2022-02-12 02:08:50,899 [Listener at 127.0.0.1/44117] INFO  impl.MetricsSystemImpl (MetricsSystemImpl.java:init(158)) - HddsDatanode metrics system started (again)
2022-02-12 02:08:50,904 [Datanode State Machine Daemon Thread] INFO  statemachine.DatanodeStateMachine (DatanodeStateMachine.java:lambda$startDaemon$0(470)) - Ozone container server started.
2022-02-12 02:08:50,920 [Listener at 127.0.0.1/44117] INFO  ozone.HddsDatanodeService (HddsDatanodeService.java:start(234)) - HddsDatanodeService host:fv-az395-998.zfmzfyrfkyou3ow0tsr0jxwq1e.bx.internal.cloudapp.net ip:10.1.0.17
2022-02-12 02:08:50,943 [org.apache.hadoop.util.JvmPauseMonitor$Monitor@29491e8f] INFO  util.JvmPauseMonitor (JvmPauseMonitor.java:run(188)) - Starting JVM pause monitor
2022-02-12 02:08:50,946 [Datanode State Machine Task Thread - 0] INFO  datanode.InitDatanodeState (InitDatanodeState.java:persistContainerDatanodeDetails(145)) - DatanodeDetails is persisted to /home/runner/work/ozone/ozone/hadoop-ozone/integration-test/target/test-dir/MiniOzoneClusterImpl-03ef79e6-d6c6-40ba-8af9-d36bcf9e7ad5/datanode-0/meta/datanode.id
2022-02-12 02:08:50,969 [Listener at 127.0.0.1/44117] INFO  upgrade.AbstractLayoutVersionManager (AbstractLayoutVersionManager.java:init(79)) - Initializing Layout version manager with metadata layout = SCM_HA (version = 2), software layout = SCM_HA (version = 2)
2022-02-12 02:08:51,070 [Listener at 127.0.0.1/44117] INFO  reflections.Reflections (Reflections.java:scan(232)) - Reflections took 100 ms to scan 7 urls, producing 119 keys and 279 values 
2022-02-12 02:08:51,072 [Listener at 127.0.0.1/44117] INFO  statemachine.DatanodeStateMachine (DatanodeStateMachine.java:getEndPointTaskThreadPoolSize(222)) - Datanode State Machine Task Thread Pool size 2
2022-02-12 02:08:51,075 [Listener at 127.0.0.1/44117] INFO  volume.HddsVolume (HddsVolume.java:<init>(120)) - Creating HddsVolume: /home/runner/work/ozone/ozone/hadoop-ozone/integration-test/target/test-dir/MiniOzoneClusterImpl-03ef79e6-d6c6-40ba-8af9-d36bcf9e7ad5/datanode-1/data-0/containers/hdds of storage type : DISK capacity : 9223372036854775807
2022-02-12 02:08:51,075 [Listener at 127.0.0.1/44117] INFO  volume.MutableVolumeSet (MutableVolumeSet.java:initializeVolumeSet(168)) - Added Volume : /home/runner/work/ozone/ozone/hadoop-ozone/integration-test/target/test-dir/MiniOzoneClusterImpl-03ef79e6-d6c6-40ba-8af9-d36bcf9e7ad5/datanode-1/data-0/containers/hdds to VolumeSet
2022-02-12 02:08:51,075 [Listener at 127.0.0.1/44117] INFO  volume.ThrottledAsyncChecker (ThrottledAsyncChecker.java:schedule(141)) - Scheduling a check for /home/runner/work/ozone/ozone/hadoop-ozone/integration-test/target/test-dir/MiniOzoneClusterImpl-03ef79e6-d6c6-40ba-8af9-d36bcf9e7ad5/datanode-1/data-0/containers/hdds
2022-02-12 02:08:51,076 [Listener at 127.0.0.1/44117] INFO  volume.StorageVolumeChecker (StorageVolumeChecker.java:checkAllVolumes(202)) - Scheduled health check for volume /home/runner/work/ozone/ozone/hadoop-ozone/integration-test/target/test-dir/MiniOzoneClusterImpl-03ef79e6-d6c6-40ba-8af9-d36bcf9e7ad5/datanode-1/data-0/containers/hdds
2022-02-12 02:08:51,092 [Listener at 127.0.0.1/44117] INFO  volume.MutableVolumeSet (MutableVolumeSet.java:initializeVolumeSet(168)) - Added Volume : /home/runner/work/ozone/ozone/hadoop-ozone/integration-test/target/test-dir/MiniOzoneClusterImpl-03ef79e6-d6c6-40ba-8af9-d36bcf9e7ad5/datanode-1/data/ratis to VolumeSet
2022-02-12 02:08:51,092 [Listener at 127.0.0.1/44117] INFO  volume.ThrottledAsyncChecker (ThrottledAsyncChecker.java:schedule(141)) - Scheduling a check for /home/runner/work/ozone/ozone/hadoop-ozone/integration-test/target/test-dir/MiniOzoneClusterImpl-03ef79e6-d6c6-40ba-8af9-d36bcf9e7ad5/datanode-1/data/ratis
2022-02-12 02:08:51,093 [Listener at 127.0.0.1/44117] INFO  volume.StorageVolumeChecker (StorageVolumeChecker.java:checkAllVolumes(202)) - Scheduled health check for volume /home/runner/work/ozone/ozone/hadoop-ozone/integration-test/target/test-dir/MiniOzoneClusterImpl-03ef79e6-d6c6-40ba-8af9-d36bcf9e7ad5/datanode-1/data/ratis
2022-02-12 02:08:51,110 [Thread-931] INFO  ozoneimpl.ContainerReader (ContainerReader.java:readVolume(172)) - Finish verifying containers on volume /home/runner/work/ozone/ozone/hadoop-ozone/integration-test/target/test-dir/MiniOzoneClusterImpl-03ef79e6-d6c6-40ba-8af9-d36bcf9e7ad5/datanode-1/data-0/containers/hdds
2022-02-12 02:08:51,110 [Listener at 127.0.0.1/44117] INFO  ozoneimpl.OzoneContainer (OzoneContainer.java:buildContainerSet(237)) - Build ContainerSet costs 0s
2022-02-12 02:08:51,112 [Listener at 127.0.0.1/44117] INFO  server.RaftServer (ConfUtils.java:logGet(44)) - raft.rpc.type = GRPC (default)
2022-02-12 02:08:51,112 [Listener at 127.0.0.1/44117] INFO  grpc.GrpcFactory (GrpcFactory.java:checkPooledByteBufAllocatorUseCacheForAllThreads(48)) - PERFORMANCE WARNING: useCacheForAllThreads is true that may cause Netty to create a lot garbage objects and, as a result, trigger GC.
	It is recommended to disable useCacheForAllThreads by setting -Dorg.apache.ratis.thirdparty.io.netty.allocator.useCacheForAllThreads=false in command line.
2022-02-12 02:08:51,112 [Listener at 127.0.0.1/44117] INFO  grpc.GrpcConfigKeys (ConfUtils.java:logGet(44)) - raft.grpc.admin.port = 0 (custom)
2022-02-12 02:08:51,112 [Listener at 127.0.0.1/44117] INFO  grpc.GrpcConfigKeys (ConfUtils.java:logGet(44)) - raft.grpc.client.port = 0 (custom)
2022-02-12 02:08:51,113 [Listener at 127.0.0.1/44117] INFO  grpc.GrpcConfigKeys (ConfUtils.java:logGet(44)) - raft.grpc.server.port = 0 (default)
2022-02-12 02:08:51,116 [Listener at 127.0.0.1/44117] INFO  server.GrpcService (ConfUtils.java:logGet(44)) - raft.grpc.message.size.max = 32MB (=33554432) (custom)
2022-02-12 02:08:51,116 [Listener at 127.0.0.1/44117] INFO  server.RaftServerConfigKeys (ConfUtils.java:logGet(44)) - raft.server.log.appender.buffer.byte-limit = 33554432 (custom)
2022-02-12 02:08:51,116 [Listener at 127.0.0.1/44117] INFO  server.GrpcService (ConfUtils.java:logGet(44)) - raft.grpc.flow.control.window = 5MB (=5242880) (custom)
2022-02-12 02:08:51,116 [Listener at 127.0.0.1/44117] INFO  server.RaftServerConfigKeys (ConfUtils.java:logGet(44)) - raft.server.rpc.request.timeout = 60s (custom)
2022-02-12 02:08:51,119 [Listener at 127.0.0.1/44117] INFO  impl.DataStreamServerImpl (ConfUtils.java:logGet(44)) - raft.datastream.type = DISABLED (default)
2022-02-12 02:08:51,120 [Listener at 127.0.0.1/44117] INFO  server.RaftServerConfigKeys (ConfUtils.java:logGet(44)) - raft.server.rpc.slowness.timeout = 300s (custom)
2022-02-12 02:08:51,120 [Listener at 127.0.0.1/44117] INFO  server.RaftServerConfigKeys (ConfUtils.java:logGet(44)) - raft.server.leaderelection.leader.step-down.wait-time = 10s (default)
2022-02-12 02:08:51,120 [Listener at 127.0.0.1/44117] INFO  server.RaftServerConfigKeys (ConfUtils.java:logGet(44)) - raft.server.storage.dir = [/home/runner/work/ozone/ozone/hadoop-ozone/integration-test/target/test-dir/MiniOzoneClusterImpl-03ef79e6-d6c6-40ba-8af9-d36bcf9e7ad5/datanode-1/data/ratis] (custom)
2022-02-12 02:08:51,121 [Listener at 127.0.0.1/44117] INFO  server.XceiverServerGrpc (XceiverServerGrpc.java:<init>(132)) - GrpcServer channel type EpollServerSocketChannel
2022-02-12 02:08:51,142 [Listener at 127.0.0.1/44117] INFO  http.BaseHttpServer (BaseHttpServer.java:newHttpServer2BuilderForOzone(209)) - Starting Web-server for hddsDatanode at: http://0.0.0.0:0
2022-02-12 02:08:51,142 [Listener at 127.0.0.1/44117] INFO  http.BaseHttpServer (BaseHttpServer.java:<init>(107)) - Hadoop Security Enabled: false Ozone Security Enabled: false Ozone HTTP Security Enabled: false 
2022-02-12 02:08:51,143 [Listener at 127.0.0.1/44117] INFO  server.AuthenticationFilter (AuthenticationFilter.java:constructSecretProvider(240)) - Unable to initialize FileSignerSecretProvider, falling back to use random secrets.
2022-02-12 02:08:51,156 [Listener at 127.0.0.1/44117] WARN  http.HttpRequestLog (HttpRequestLog.java:getRequestLog(103)) - Jetty request log can only be enabled using Log4j
2022-02-12 02:08:51,157 [Listener at 127.0.0.1/44117] INFO  http.HttpServer2 (HttpServer2.java:addGlobalFilter(1030)) - Added global filter 'safety' (class=org.apache.hadoop.hdds.server.http.HttpServer2$QuotingInputFilter)
2022-02-12 02:08:51,157 [Listener at 127.0.0.1/44117] INFO  http.HttpServer2 (HttpServer2.java:addFilter(1006)) - Added filter static_user_filter (class=org.apache.hadoop.http.lib.StaticUserWebFilter$StaticUserFilter) to context hddsDatanode
2022-02-12 02:08:51,157 [Listener at 127.0.0.1/44117] INFO  http.HttpServer2 (HttpServer2.java:addFilter(1014)) - Added filter static_user_filter (class=org.apache.hadoop.http.lib.StaticUserWebFilter$StaticUserFilter) to context logs
2022-02-12 02:08:51,157 [Listener at 127.0.0.1/44117] INFO  http.HttpServer2 (HttpServer2.java:addFilter(1014)) - Added filter static_user_filter (class=org.apache.hadoop.http.lib.StaticUserWebFilter$StaticUserFilter) to context static
2022-02-12 02:08:51,158 [Listener at 127.0.0.1/44117] INFO  http.HttpServer2 (HttpServer2.java:bindListener(1249)) - Jetty bound to port 44945
2022-02-12 02:08:51,158 [Listener at 127.0.0.1/44117] INFO  server.Server (Server.java:doStart(375)) - jetty-9.4.43.v20210629; built: 2021-06-30T11:07:22.254Z; git: 526006ecfa3af7f1a27ef3a288e2bef7ea9dd7e8; jvm 1.8.0_312-b07
2022-02-12 02:08:51,204 [Listener at 127.0.0.1/44117] INFO  server.session (DefaultSessionIdManager.java:doStart(334)) - DefaultSessionIdManager workerName=node0
2022-02-12 02:08:51,204 [Listener at 127.0.0.1/44117] INFO  server.session (DefaultSessionIdManager.java:doStart(339)) - No SessionScavenger set, using defaults
2022-02-12 02:08:51,205 [Listener at 127.0.0.1/44117] INFO  server.session (HouseKeeper.java:startScavenging(132)) - node0 Scavenging every 660000ms
2022-02-12 02:08:51,205 [Listener at 127.0.0.1/44117] INFO  handler.ContextHandler (ContextHandler.java:doStart(915)) - Started o.e.j.s.ServletContextHandler@3923468a{logs,/logs,file:///home/runner/work/ozone/ozone/hadoop-ozone/integration-test/target/log,AVAILABLE}
2022-02-12 02:08:51,206 [Listener at 127.0.0.1/44117] INFO  handler.ContextHandler (ContextHandler.java:doStart(915)) - Started o.e.j.s.ServletContextHandler@2b1ad287{static,/static,jar:file:/home/runner/.m2/repository/org/apache/ozone/hdds-container-service/1.3.0-SNAPSHOT/hdds-container-service-1.3.0-SNAPSHOT.jar!/webapps/static,AVAILABLE}
2022-02-12 02:08:51,307 [Listener at 127.0.0.1/44117] INFO  handler.ContextHandler (ContextHandler.java:doStart(915)) - Started o.e.j.w.WebAppContext@26683409{hddsDatanode,/,file:///tmp/jetty-0_0_0_0-44945-hdds-container-service-1_3_0-SNAPSHOT_jar-_-any-954025459220180156/webapp/,AVAILABLE}{jar:file:/home/runner/.m2/repository/org/apache/ozone/hdds-container-service/1.3.0-SNAPSHOT/hdds-container-service-1.3.0-SNAPSHOT.jar!/webapps/hddsDatanode}
2022-02-12 02:08:51,309 [Listener at 127.0.0.1/44117] INFO  server.AbstractConnector (AbstractConnector.java:doStart(331)) - Started ServerConnector@5bdcac22{HTTP/1.1, (http/1.1)}{0.0.0.0:44945}
2022-02-12 02:08:51,309 [Listener at 127.0.0.1/44117] INFO  server.Server (Server.java:doStart(415)) - Started @149533ms
2022-02-12 02:08:51,309 [Listener at 127.0.0.1/44117] WARN  impl.MetricsSystemImpl (MetricsSystemImpl.java:register(279)) - Sink prometheus already exists!
2022-02-12 02:08:51,310 [Listener at 127.0.0.1/44117] INFO  http.BaseHttpServer (BaseHttpServer.java:updateConnectorAddress(329)) - HTTP server of hddsDatanode listening at http://0.0.0.0:44945
2022-02-12 02:08:51,328 [Listener at 127.0.0.1/44117] WARN  impl.MetricRegistriesImpl (MetricRegistriesImpl.java:addReporterRegistration(111)) - New reporters are added after registries were created. Some metrics will be missing from the reporter. Please add reporter before adding any new registry.
2022-02-12 02:08:51,328 [Listener at 127.0.0.1/44117] WARN  impl.MetricRegistriesImpl (MetricRegistriesImpl.java:addReporterRegistration(111)) - New reporters are added after registries were created. Some metrics will be missing from the reporter. Please add reporter before adding any new registry.
2022-02-12 02:08:51,328 [Listener at 127.0.0.1/44117] INFO  impl.MetricsSystemImpl (MetricsSystemImpl.java:init(158)) - HddsDatanode metrics system started (again)
2022-02-12 02:08:51,336 [Datanode State Machine Daemon Thread] INFO  statemachine.DatanodeStateMachine (DatanodeStateMachine.java:lambda$startDaemon$0(470)) - Ozone container server started.
2022-02-12 02:08:51,393 [org.apache.hadoop.util.JvmPauseMonitor$Monitor@4ff5e57a] INFO  util.JvmPauseMonitor (JvmPauseMonitor.java:run(188)) - Starting JVM pause monitor
2022-02-12 02:08:51,403 [Listener at 127.0.0.1/44117] INFO  ozone.HddsDatanodeService (HddsDatanodeService.java:start(234)) - HddsDatanodeService host:fv-az395-998.zfmzfyrfkyou3ow0tsr0jxwq1e.bx.internal.cloudapp.net ip:10.1.0.17
2022-02-12 02:08:51,425 [Datanode State Machine Task Thread - 0] INFO  datanode.InitDatanodeState (InitDatanodeState.java:persistContainerDatanodeDetails(145)) - DatanodeDetails is persisted to /home/runner/work/ozone/ozone/hadoop-ozone/integration-test/target/test-dir/MiniOzoneClusterImpl-03ef79e6-d6c6-40ba-8af9-d36bcf9e7ad5/datanode-1/meta/datanode.id
2022-02-12 02:08:51,438 [Listener at 127.0.0.1/44117] INFO  upgrade.AbstractLayoutVersionManager (AbstractLayoutVersionManager.java:init(79)) - Initializing Layout version manager with metadata layout = SCM_HA (version = 2), software layout = SCM_HA (version = 2)
2022-02-12 02:08:51,528 [Listener at 127.0.0.1/44117] INFO  reflections.Reflections (Reflections.java:scan(232)) - Reflections took 89 ms to scan 7 urls, producing 119 keys and 279 values 
2022-02-12 02:08:51,530 [Listener at 127.0.0.1/44117] INFO  statemachine.DatanodeStateMachine (DatanodeStateMachine.java:getEndPointTaskThreadPoolSize(222)) - Datanode State Machine Task Thread Pool size 2
2022-02-12 02:08:51,531 [Listener at 127.0.0.1/44117] INFO  volume.HddsVolume (HddsVolume.java:<init>(120)) - Creating HddsVolume: /home/runner/work/ozone/ozone/hadoop-ozone/integration-test/target/test-dir/MiniOzoneClusterImpl-03ef79e6-d6c6-40ba-8af9-d36bcf9e7ad5/datanode-2/data-0/containers/hdds of storage type : DISK capacity : 9223372036854775807
2022-02-12 02:08:51,531 [Listener at 127.0.0.1/44117] INFO  volume.MutableVolumeSet (MutableVolumeSet.java:initializeVolumeSet(168)) - Added Volume : /home/runner/work/ozone/ozone/hadoop-ozone/integration-test/target/test-dir/MiniOzoneClusterImpl-03ef79e6-d6c6-40ba-8af9-d36bcf9e7ad5/datanode-2/data-0/containers/hdds to VolumeSet
2022-02-12 02:08:51,531 [Listener at 127.0.0.1/44117] INFO  volume.ThrottledAsyncChecker (ThrottledAsyncChecker.java:schedule(141)) - Scheduling a check for /home/runner/work/ozone/ozone/hadoop-ozone/integration-test/target/test-dir/MiniOzoneClusterImpl-03ef79e6-d6c6-40ba-8af9-d36bcf9e7ad5/datanode-2/data-0/containers/hdds
2022-02-12 02:08:51,558 [Listener at 127.0.0.1/44117] INFO  volume.StorageVolumeChecker (StorageVolumeChecker.java:checkAllVolumes(202)) - Scheduled health check for volume /home/runner/work/ozone/ozone/hadoop-ozone/integration-test/target/test-dir/MiniOzoneClusterImpl-03ef79e6-d6c6-40ba-8af9-d36bcf9e7ad5/datanode-2/data-0/containers/hdds
2022-02-12 02:08:51,569 [Listener at 127.0.0.1/44117] INFO  volume.MutableVolumeSet (MutableVolumeSet.java:initializeVolumeSet(168)) - Added Volume : /home/runner/work/ozone/ozone/hadoop-ozone/integration-test/target/test-dir/MiniOzoneClusterImpl-03ef79e6-d6c6-40ba-8af9-d36bcf9e7ad5/datanode-2/data/ratis to VolumeSet
2022-02-12 02:08:51,569 [Listener at 127.0.0.1/44117] INFO  volume.ThrottledAsyncChecker (ThrottledAsyncChecker.java:schedule(141)) - Scheduling a check for /home/runner/work/ozone/ozone/hadoop-ozone/integration-test/target/test-dir/MiniOzoneClusterImpl-03ef79e6-d6c6-40ba-8af9-d36bcf9e7ad5/datanode-2/data/ratis
2022-02-12 02:08:51,570 [Listener at 127.0.0.1/44117] INFO  volume.StorageVolumeChecker (StorageVolumeChecker.java:checkAllVolumes(202)) - Scheduled health check for volume /home/runner/work/ozone/ozone/hadoop-ozone/integration-test/target/test-dir/MiniOzoneClusterImpl-03ef79e6-d6c6-40ba-8af9-d36bcf9e7ad5/datanode-2/data/ratis
2022-02-12 02:08:51,588 [Thread-943] INFO  ozoneimpl.ContainerReader (ContainerReader.java:readVolume(172)) - Finish verifying containers on volume /home/runner/work/ozone/ozone/hadoop-ozone/integration-test/target/test-dir/MiniOzoneClusterImpl-03ef79e6-d6c6-40ba-8af9-d36bcf9e7ad5/datanode-2/data-0/containers/hdds
2022-02-12 02:08:51,588 [Listener at 127.0.0.1/44117] INFO  ozoneimpl.OzoneContainer (OzoneContainer.java:buildContainerSet(237)) - Build ContainerSet costs 0s
2022-02-12 02:08:51,590 [Listener at 127.0.0.1/44117] INFO  server.RaftServer (ConfUtils.java:logGet(44)) - raft.rpc.type = GRPC (default)
2022-02-12 02:08:51,590 [Listener at 127.0.0.1/44117] INFO  grpc.GrpcFactory (GrpcFactory.java:checkPooledByteBufAllocatorUseCacheForAllThreads(48)) - PERFORMANCE WARNING: useCacheForAllThreads is true that may cause Netty to create a lot garbage objects and, as a result, trigger GC.
	It is recommended to disable useCacheForAllThreads by setting -Dorg.apache.ratis.thirdparty.io.netty.allocator.useCacheForAllThreads=false in command line.
2022-02-12 02:08:51,590 [Listener at 127.0.0.1/44117] INFO  grpc.GrpcConfigKeys (ConfUtils.java:logGet(44)) - raft.grpc.admin.port = 0 (custom)
2022-02-12 02:08:51,590 [Listener at 127.0.0.1/44117] INFO  grpc.GrpcConfigKeys (ConfUtils.java:logGet(44)) - raft.grpc.client.port = 0 (custom)
2022-02-12 02:08:51,590 [Listener at 127.0.0.1/44117] INFO  grpc.GrpcConfigKeys (ConfUtils.java:logGet(44)) - raft.grpc.server.port = 0 (default)
2022-02-12 02:08:51,591 [Listener at 127.0.0.1/44117] INFO  server.GrpcService (ConfUtils.java:logGet(44)) - raft.grpc.message.size.max = 32MB (=33554432) (custom)
2022-02-12 02:08:51,591 [Listener at 127.0.0.1/44117] INFO  server.RaftServerConfigKeys (ConfUtils.java:logGet(44)) - raft.server.log.appender.buffer.byte-limit = 33554432 (custom)
2022-02-12 02:08:51,591 [Listener at 127.0.0.1/44117] INFO  server.GrpcService (ConfUtils.java:logGet(44)) - raft.grpc.flow.control.window = 5MB (=5242880) (custom)
2022-02-12 02:08:51,591 [Listener at 127.0.0.1/44117] INFO  server.RaftServerConfigKeys (ConfUtils.java:logGet(44)) - raft.server.rpc.request.timeout = 60s (custom)
2022-02-12 02:08:51,592 [Listener at 127.0.0.1/44117] INFO  impl.DataStreamServerImpl (ConfUtils.java:logGet(44)) - raft.datastream.type = DISABLED (default)
2022-02-12 02:08:51,604 [Listener at 127.0.0.1/44117] INFO  server.RaftServerConfigKeys (ConfUtils.java:logGet(44)) - raft.server.rpc.slowness.timeout = 300s (custom)
2022-02-12 02:08:51,604 [Listener at 127.0.0.1/44117] INFO  server.RaftServerConfigKeys (ConfUtils.java:logGet(44)) - raft.server.leaderelection.leader.step-down.wait-time = 10s (default)
2022-02-12 02:08:51,604 [Listener at 127.0.0.1/44117] INFO  server.RaftServerConfigKeys (ConfUtils.java:logGet(44)) - raft.server.storage.dir = [/home/runner/work/ozone/ozone/hadoop-ozone/integration-test/target/test-dir/MiniOzoneClusterImpl-03ef79e6-d6c6-40ba-8af9-d36bcf9e7ad5/datanode-2/data/ratis] (custom)
2022-02-12 02:08:51,606 [Listener at 127.0.0.1/44117] INFO  server.XceiverServerGrpc (XceiverServerGrpc.java:<init>(132)) - GrpcServer channel type EpollServerSocketChannel
2022-02-12 02:08:51,621 [Listener at 127.0.0.1/44117] INFO  http.BaseHttpServer (BaseHttpServer.java:newHttpServer2BuilderForOzone(209)) - Starting Web-server for hddsDatanode at: http://0.0.0.0:0
2022-02-12 02:08:51,621 [Listener at 127.0.0.1/44117] INFO  http.BaseHttpServer (BaseHttpServer.java:<init>(107)) - Hadoop Security Enabled: false Ozone Security Enabled: false Ozone HTTP Security Enabled: false 
2022-02-12 02:08:51,622 [Listener at 127.0.0.1/44117] INFO  server.AuthenticationFilter (AuthenticationFilter.java:constructSecretProvider(240)) - Unable to initialize FileSignerSecretProvider, falling back to use random secrets.
2022-02-12 02:08:51,640 [Listener at 127.0.0.1/44117] WARN  http.HttpRequestLog (HttpRequestLog.java:getRequestLog(103)) - Jetty request log can only be enabled using Log4j
2022-02-12 02:08:51,641 [Listener at 127.0.0.1/44117] INFO  http.HttpServer2 (HttpServer2.java:addGlobalFilter(1030)) - Added global filter 'safety' (class=org.apache.hadoop.hdds.server.http.HttpServer2$QuotingInputFilter)
2022-02-12 02:08:51,642 [Listener at 127.0.0.1/44117] INFO  http.HttpServer2 (HttpServer2.java:addFilter(1006)) - Added filter static_user_filter (class=org.apache.hadoop.http.lib.StaticUserWebFilter$StaticUserFilter) to context hddsDatanode
2022-02-12 02:08:51,642 [Listener at 127.0.0.1/44117] INFO  http.HttpServer2 (HttpServer2.java:addFilter(1014)) - Added filter static_user_filter (class=org.apache.hadoop.http.lib.StaticUserWebFilter$StaticUserFilter) to context static
2022-02-12 02:08:51,642 [Listener at 127.0.0.1/44117] INFO  http.HttpServer2 (HttpServer2.java:addFilter(1014)) - Added filter static_user_filter (class=org.apache.hadoop.http.lib.StaticUserWebFilter$StaticUserFilter) to context logs
2022-02-12 02:08:51,642 [Listener at 127.0.0.1/44117] INFO  http.HttpServer2 (HttpServer2.java:bindListener(1249)) - Jetty bound to port 46089
2022-02-12 02:08:51,642 [Listener at 127.0.0.1/44117] INFO  server.Server (Server.java:doStart(375)) - jetty-9.4.43.v20210629; built: 2021-06-30T11:07:22.254Z; git: 526006ecfa3af7f1a27ef3a288e2bef7ea9dd7e8; jvm 1.8.0_312-b07
2022-02-12 02:08:51,680 [Listener at 127.0.0.1/44117] INFO  server.session (DefaultSessionIdManager.java:doStart(334)) - DefaultSessionIdManager workerName=node0
2022-02-12 02:08:51,681 [Listener at 127.0.0.1/44117] INFO  server.session (DefaultSessionIdManager.java:doStart(339)) - No SessionScavenger set, using defaults
2022-02-12 02:08:51,681 [Listener at 127.0.0.1/44117] INFO  server.session (HouseKeeper.java:startScavenging(132)) - node0 Scavenging every 600000ms
2022-02-12 02:08:51,682 [Listener at 127.0.0.1/44117] INFO  handler.ContextHandler (ContextHandler.java:doStart(915)) - Started o.e.j.s.ServletContextHandler@5c40e398{logs,/logs,file:///home/runner/work/ozone/ozone/hadoop-ozone/integration-test/target/log,AVAILABLE}
2022-02-12 02:08:51,682 [Listener at 127.0.0.1/44117] INFO  handler.ContextHandler (ContextHandler.java:doStart(915)) - Started o.e.j.s.ServletContextHandler@6aa393c0{static,/static,jar:file:/home/runner/.m2/repository/org/apache/ozone/hdds-container-service/1.3.0-SNAPSHOT/hdds-container-service-1.3.0-SNAPSHOT.jar!/webapps/static,AVAILABLE}
2022-02-12 02:08:51,767 [Listener at 127.0.0.1/44117] INFO  handler.ContextHandler (ContextHandler.java:doStart(915)) - Started o.e.j.w.WebAppContext@27a18e3b{hddsDatanode,/,file:///tmp/jetty-0_0_0_0-46089-hdds-container-service-1_3_0-SNAPSHOT_jar-_-any-5172164126155534000/webapp/,AVAILABLE}{jar:file:/home/runner/.m2/repository/org/apache/ozone/hdds-container-service/1.3.0-SNAPSHOT/hdds-container-service-1.3.0-SNAPSHOT.jar!/webapps/hddsDatanode}
2022-02-12 02:08:51,771 [Listener at 127.0.0.1/44117] INFO  server.AbstractConnector (AbstractConnector.java:doStart(331)) - Started ServerConnector@5c5121f9{HTTP/1.1, (http/1.1)}{0.0.0.0:46089}
2022-02-12 02:08:51,771 [Listener at 127.0.0.1/44117] INFO  server.Server (Server.java:doStart(415)) - Started @149995ms
2022-02-12 02:08:51,772 [Listener at 127.0.0.1/44117] WARN  impl.MetricsSystemImpl (MetricsSystemImpl.java:register(279)) - Sink prometheus already exists!
2022-02-12 02:08:51,772 [Listener at 127.0.0.1/44117] INFO  http.BaseHttpServer (BaseHttpServer.java:updateConnectorAddress(329)) - HTTP server of hddsDatanode listening at http://0.0.0.0:46089
2022-02-12 02:08:51,774 [Listener at 127.0.0.1/44117] INFO  ozone.MiniOzoneClusterImpl (MiniOzoneClusterImpl.java:lambda$waitForClusterToBeReady$0(219)) - Waiting for nodes to be ready. Got 0 of 3 DN Heartbeats.
2022-02-12 02:08:51,774 [Listener at 127.0.0.1/44117] INFO  ozone.MiniOzoneClusterImpl (MiniOzoneClusterImpl.java:lambda$waitForClusterToBeReady$0(222)) - Waiting for cluster to exit safe mode
2022-02-12 02:08:51,774 [Listener at 127.0.0.1/44117] INFO  ozone.MiniOzoneClusterImpl (MiniOzoneClusterImpl.java:lambda$waitForClusterToBeReady$0(224)) - SCM became leader
2022-02-12 02:08:51,775 [Datanode State Machine Daemon Thread] INFO  statemachine.DatanodeStateMachine (DatanodeStateMachine.java:lambda$startDaemon$0(470)) - Ozone container server started.
2022-02-12 02:08:51,832 [org.apache.hadoop.util.JvmPauseMonitor$Monitor@6de497ac] INFO  util.JvmPauseMonitor (JvmPauseMonitor.java:run(188)) - Starting JVM pause monitor
2022-02-12 02:08:51,836 [Datanode State Machine Task Thread - 0] INFO  datanode.InitDatanodeState (InitDatanodeState.java:persistContainerDatanodeDetails(145)) - DatanodeDetails is persisted to /home/runner/work/ozone/ozone/hadoop-ozone/integration-test/target/test-dir/MiniOzoneClusterImpl-03ef79e6-d6c6-40ba-8af9-d36bcf9e7ad5/datanode-2/meta/datanode.id
2022-02-12 02:08:52,775 [Listener at 127.0.0.1/44117] INFO  ozone.MiniOzoneClusterImpl (MiniOzoneClusterImpl.java:lambda$waitForClusterToBeReady$0(219)) - Waiting for nodes to be ready. Got 0 of 3 DN Heartbeats.
2022-02-12 02:08:52,775 [Listener at 127.0.0.1/44117] INFO  ozone.MiniOzoneClusterImpl (MiniOzoneClusterImpl.java:lambda$waitForClusterToBeReady$0(222)) - Waiting for cluster to exit safe mode
2022-02-12 02:08:52,775 [Listener at 127.0.0.1/44117] INFO  ozone.MiniOzoneClusterImpl (MiniOzoneClusterImpl.java:lambda$waitForClusterToBeReady$0(224)) - SCM became leader
2022-02-12 02:08:52,979 [EndpointStateMachine task thread for /0.0.0.0:46341 - 0 ] INFO  ozoneimpl.OzoneContainer (OzoneContainer.java:start(315)) - Attempting to start container services.
2022-02-12 02:08:52,979 [EndpointStateMachine task thread for /0.0.0.0:46341 - 0 ] INFO  ozoneimpl.OzoneContainer (OzoneContainer.java:startContainerScrub(250)) - Background container scanner has been disabled.
2022-02-12 02:08:52,980 [EndpointStateMachine task thread for /0.0.0.0:46341 - 0 ] INFO  replication.ReplicationServer (ReplicationServer.java:start(111)) - ReplicationServer is started using port 38487
2022-02-12 02:08:52,981 [EndpointStateMachine task thread for /0.0.0.0:46341 - 0 ] INFO  ratis.XceiverServerRatis (XceiverServerRatis.java:start(484)) - Starting XceiverServerRatis b937fb28-01c9-421e-a2c2-ef01dceb1c2c
2022-02-12 02:08:53,003 [EndpointStateMachine task thread for /0.0.0.0:46341 - 0 ] INFO  server.RaftServer (RaftServerProxy.java:lambda$start$5(374)) - b937fb28-01c9-421e-a2c2-ef01dceb1c2c: start RPC server
2022-02-12 02:08:53,012 [EndpointStateMachine task thread for /0.0.0.0:46341 - 0 ] INFO  server.GrpcService (GrpcService.java:startImpl(253)) - b937fb28-01c9-421e-a2c2-ef01dceb1c2c: GrpcService started, listening on 40579
2022-02-12 02:08:53,016 [EndpointStateMachine task thread for /0.0.0.0:46341 - 0 ] INFO  ratis.XceiverServerRatis (XceiverServerRatis.java:getRealPort(505)) - XceiverServerRatis b937fb28-01c9-421e-a2c2-ef01dceb1c2c is started using port 40579 for RATIS
2022-02-12 02:08:53,016 [EndpointStateMachine task thread for /0.0.0.0:46341 - 0 ] INFO  ratis.XceiverServerRatis (XceiverServerRatis.java:getRealPort(505)) - XceiverServerRatis b937fb28-01c9-421e-a2c2-ef01dceb1c2c is started using port 40579 for RATIS_ADMIN
2022-02-12 02:08:53,016 [EndpointStateMachine task thread for /0.0.0.0:46341 - 0 ] INFO  ratis.XceiverServerRatis (XceiverServerRatis.java:getRealPort(505)) - XceiverServerRatis b937fb28-01c9-421e-a2c2-ef01dceb1c2c is started using port 40579 for RATIS_SERVER
2022-02-12 02:08:53,016 [org.apache.ratis.util.JvmPauseMonitor$$Lambda$421/534662976@4f0b58bd] INFO  util.JvmPauseMonitor (JvmPauseMonitor.java:run(103)) - JvmPauseMonitor-b937fb28-01c9-421e-a2c2-ef01dceb1c2c: Started
2022-02-12 02:08:53,019 [EndpointStateMachine task thread for /0.0.0.0:46341 - 0 ] INFO  server.XceiverServerGrpc (XceiverServerGrpc.java:start(180)) - XceiverServerGrpc b937fb28-01c9-421e-a2c2-ef01dceb1c2c is started using port 40057
2022-02-12 02:08:53,404 [EndpointStateMachine task thread for /0.0.0.0:46341 - 0 ] INFO  ozoneimpl.OzoneContainer (OzoneContainer.java:start(315)) - Attempting to start container services.
2022-02-12 02:08:53,404 [EndpointStateMachine task thread for /0.0.0.0:46341 - 0 ] INFO  ozoneimpl.OzoneContainer (OzoneContainer.java:startContainerScrub(250)) - Background container scanner has been disabled.
2022-02-12 02:08:53,408 [EndpointStateMachine task thread for /0.0.0.0:46341 - 0 ] INFO  replication.ReplicationServer (ReplicationServer.java:start(111)) - ReplicationServer is started using port 43887
2022-02-12 02:08:53,417 [EndpointStateMachine task thread for /0.0.0.0:46341 - 0 ] INFO  ratis.XceiverServerRatis (XceiverServerRatis.java:start(484)) - Starting XceiverServerRatis d59a6f42-ecf0-4abb-8fb6-b83dde6d65c9
2022-02-12 02:08:53,472 [EndpointStateMachine task thread for /0.0.0.0:46341 - 0 ] INFO  server.RaftServer (RaftServerProxy.java:lambda$start$5(374)) - d59a6f42-ecf0-4abb-8fb6-b83dde6d65c9: start RPC server
2022-02-12 02:08:53,472 [EndpointStateMachine task thread for /0.0.0.0:46341 - 0 ] INFO  server.GrpcService (GrpcService.java:startImpl(253)) - d59a6f42-ecf0-4abb-8fb6-b83dde6d65c9: GrpcService started, listening on 34059
2022-02-12 02:08:53,483 [EndpointStateMachine task thread for /0.0.0.0:46341 - 0 ] INFO  ratis.XceiverServerRatis (XceiverServerRatis.java:getRealPort(505)) - XceiverServerRatis d59a6f42-ecf0-4abb-8fb6-b83dde6d65c9 is started using port 34059 for RATIS
2022-02-12 02:08:53,483 [EndpointStateMachine task thread for /0.0.0.0:46341 - 0 ] INFO  ratis.XceiverServerRatis (XceiverServerRatis.java:getRealPort(505)) - XceiverServerRatis d59a6f42-ecf0-4abb-8fb6-b83dde6d65c9 is started using port 34059 for RATIS_ADMIN
2022-02-12 02:08:53,483 [EndpointStateMachine task thread for /0.0.0.0:46341 - 0 ] INFO  ratis.XceiverServerRatis (XceiverServerRatis.java:getRealPort(505)) - XceiverServerRatis d59a6f42-ecf0-4abb-8fb6-b83dde6d65c9 is started using port 34059 for RATIS_SERVER
2022-02-12 02:08:53,483 [org.apache.ratis.util.JvmPauseMonitor$$Lambda$421/534662976@6da08b9b] INFO  util.JvmPauseMonitor (JvmPauseMonitor.java:run(103)) - JvmPauseMonitor-d59a6f42-ecf0-4abb-8fb6-b83dde6d65c9: Started
2022-02-12 02:08:53,500 [EndpointStateMachine task thread for /0.0.0.0:46341 - 0 ] INFO  server.XceiverServerGrpc (XceiverServerGrpc.java:start(180)) - XceiverServerGrpc d59a6f42-ecf0-4abb-8fb6-b83dde6d65c9 is started using port 35243
2022-02-12 02:08:53,775 [Listener at 127.0.0.1/44117] INFO  ozone.MiniOzoneClusterImpl (MiniOzoneClusterImpl.java:lambda$waitForClusterToBeReady$0(219)) - Waiting for nodes to be ready. Got 0 of 3 DN Heartbeats.
2022-02-12 02:08:53,776 [Listener at 127.0.0.1/44117] INFO  ozone.MiniOzoneClusterImpl (MiniOzoneClusterImpl.java:lambda$waitForClusterToBeReady$0(222)) - Waiting for cluster to exit safe mode
2022-02-12 02:08:53,776 [Listener at 127.0.0.1/44117] INFO  ozone.MiniOzoneClusterImpl (MiniOzoneClusterImpl.java:lambda$waitForClusterToBeReady$0(224)) - SCM became leader
2022-02-12 02:08:53,846 [EndpointStateMachine task thread for /0.0.0.0:46341 - 0 ] INFO  ozoneimpl.OzoneContainer (OzoneContainer.java:start(315)) - Attempting to start container services.
2022-02-12 02:08:53,846 [EndpointStateMachine task thread for /0.0.0.0:46341 - 0 ] INFO  ozoneimpl.OzoneContainer (OzoneContainer.java:startContainerScrub(250)) - Background container scanner has been disabled.
2022-02-12 02:08:53,848 [EndpointStateMachine task thread for /0.0.0.0:46341 - 0 ] INFO  replication.ReplicationServer (ReplicationServer.java:start(111)) - ReplicationServer is started using port 33557
2022-02-12 02:08:53,859 [EndpointStateMachine task thread for /0.0.0.0:46341 - 0 ] INFO  ratis.XceiverServerRatis (XceiverServerRatis.java:start(484)) - Starting XceiverServerRatis be637081-cdfc-4d88-b41d-bd3b2e95f28a
2022-02-12 02:08:53,877 [EndpointStateMachine task thread for /0.0.0.0:46341 - 0 ] INFO  server.RaftServer (RaftServerProxy.java:lambda$start$5(374)) - be637081-cdfc-4d88-b41d-bd3b2e95f28a: start RPC server
2022-02-12 02:08:53,877 [EndpointStateMachine task thread for /0.0.0.0:46341 - 0 ] INFO  server.GrpcService (GrpcService.java:startImpl(253)) - be637081-cdfc-4d88-b41d-bd3b2e95f28a: GrpcService started, listening on 35921
2022-02-12 02:08:53,877 [EndpointStateMachine task thread for /0.0.0.0:46341 - 0 ] INFO  ratis.XceiverServerRatis (XceiverServerRatis.java:getRealPort(505)) - XceiverServerRatis be637081-cdfc-4d88-b41d-bd3b2e95f28a is started using port 35921 for RATIS
2022-02-12 02:08:53,877 [EndpointStateMachine task thread for /0.0.0.0:46341 - 0 ] INFO  ratis.XceiverServerRatis (XceiverServerRatis.java:getRealPort(505)) - XceiverServerRatis be637081-cdfc-4d88-b41d-bd3b2e95f28a is started using port 35921 for RATIS_ADMIN
2022-02-12 02:08:53,877 [EndpointStateMachine task thread for /0.0.0.0:46341 - 0 ] INFO  ratis.XceiverServerRatis (XceiverServerRatis.java:getRealPort(505)) - XceiverServerRatis be637081-cdfc-4d88-b41d-bd3b2e95f28a is started using port 35921 for RATIS_SERVER
2022-02-12 02:08:53,878 [org.apache.ratis.util.JvmPauseMonitor$$Lambda$421/534662976@276daa7a] INFO  util.JvmPauseMonitor (JvmPauseMonitor.java:run(103)) - JvmPauseMonitor-be637081-cdfc-4d88-b41d-bd3b2e95f28a: Started
2022-02-12 02:08:53,878 [EndpointStateMachine task thread for /0.0.0.0:46341 - 0 ] INFO  server.XceiverServerGrpc (XceiverServerGrpc.java:start(180)) - XceiverServerGrpc be637081-cdfc-4d88-b41d-bd3b2e95f28a is started using port 40459
2022-02-12 02:08:54,776 [Listener at 127.0.0.1/44117] INFO  ozone.MiniOzoneClusterImpl (MiniOzoneClusterImpl.java:lambda$waitForClusterToBeReady$0(219)) - Waiting for nodes to be ready. Got 0 of 3 DN Heartbeats.
2022-02-12 02:08:54,776 [Listener at 127.0.0.1/44117] INFO  ozone.MiniOzoneClusterImpl (MiniOzoneClusterImpl.java:lambda$waitForClusterToBeReady$0(222)) - Waiting for cluster to exit safe mode
2022-02-12 02:08:54,776 [Listener at 127.0.0.1/44117] INFO  ozone.MiniOzoneClusterImpl (MiniOzoneClusterImpl.java:lambda$waitForClusterToBeReady$0(224)) - SCM became leader
2022-02-12 02:08:54,942 [IPC Server handler 2 on default port 46341] INFO  net.NetworkTopologyImpl (NetworkTopologyImpl.java:add(112)) - Added a new node: /default-rack/b937fb28-01c9-421e-a2c2-ef01dceb1c2c
2022-02-12 02:08:54,942 [IPC Server handler 2 on default port 46341] INFO  node.SCMNodeManager (SCMNodeManager.java:register(389)) - Registered Data node : b937fb28-01c9-421e-a2c2-ef01dceb1c2c{ip: 10.1.0.17, host: fv-az395-998.zfmzfyrfkyou3ow0tsr0jxwq1e.bx.internal.cloudapp.net, ports: [REPLICATION=38487, RATIS=40579, RATIS_ADMIN=40579, RATIS_SERVER=40579, STANDALONE=40057], networkLocation: /default-rack, certSerialId: null, persistedOpState: null, persistedOpStateExpiryEpochSec: 0}
2022-02-12 02:08:54,953 [EventQueue-NewNodeForNewNodeHandler] INFO  pipeline.BackgroundPipelineCreator (BackgroundPipelineCreator.java:notifyEventTriggered(285)) - trigger a one-shot run on RatisPipelineUtilsThread.
2022-02-12 02:08:54,954 [RatisPipelineUtilsThread - 0] INFO  pipeline.RatisPipelineProvider (RatisPipelineProvider.java:lambda$create$0(183)) - Sending CreatePipelineCommand for pipeline:PipelineID=30e443b0-6ebe-43d7-9965-95647c70b206 to datanode:b937fb28-01c9-421e-a2c2-ef01dceb1c2c
2022-02-12 02:08:54,974 [EventQueue-NodeRegistrationContainerReportForContainerSafeModeRule] INFO  safemode.SCMSafeModeManager (SCMSafeModeManager.java:validateSafeModeExitRules(204)) - ContainerSafeModeRule rule is successfully validated
2022-02-12 02:08:54,980 [EventQueue-PipelineReportForOneReplicaPipelineSafeModeRule] INFO  safemode.SCMSafeModeManager (SCMSafeModeManager.java:validateSafeModeExitRules(204)) - AtleastOneDatanodeReportedRule rule is successfully validated
2022-02-12 02:08:54,992 [EventQueue-NodeRegistrationContainerReportForDataNodeSafeModeRule] INFO  safemode.SCMSafeModeManager (DataNodeSafeModeRule.java:process(71)) - SCM in safe mode. 1 DataNodes registered, 3 required.
2022-02-12 02:08:55,016 [ecc7e2fd-e756-44d6-8a27-e56b24aba264@group-D36BCF9E7AD5-StateMachineUpdater] INFO  pipeline.PipelineStateManagerImpl (PipelineStateManagerImpl.java:addPipeline(101)) - Created pipeline Pipeline[ Id: 30e443b0-6ebe-43d7-9965-95647c70b206, Nodes: b937fb28-01c9-421e-a2c2-ef01dceb1c2c{ip: 10.1.0.17, host: fv-az395-998.zfmzfyrfkyou3ow0tsr0jxwq1e.bx.internal.cloudapp.net, ports: [REPLICATION=38487, RATIS=40579, RATIS_ADMIN=40579, RATIS_SERVER=40579, STANDALONE=40057], networkLocation: /default-rack, certSerialId: null, persistedOpState: IN_SERVICE, persistedOpStateExpiryEpochSec: 0}, ReplicationConfig: RATIS/ONE, State:ALLOCATED, leaderId:, CreationTimestamp2022-02-12T02:08:54.954Z[Etc/UTC]].
2022-02-12 02:08:55,016 [ecc7e2fd-e756-44d6-8a27-e56b24aba264@group-D36BCF9E7AD5-StateMachineUpdater] INFO  safemode.HealthyPipelineSafeModeRule (HealthyPipelineSafeModeRule.java:initializeRule(152)) - Refreshed total pipeline count is 0, healthy pipeline threshold count is 1
2022-02-12 02:08:55,398 [IPC Server handler 11 on default port 46341] INFO  net.NetworkTopologyImpl (NetworkTopologyImpl.java:add(112)) - Added a new node: /default-rack/d59a6f42-ecf0-4abb-8fb6-b83dde6d65c9
2022-02-12 02:08:55,398 [IPC Server handler 11 on default port 46341] INFO  node.SCMNodeManager (SCMNodeManager.java:register(389)) - Registered Data node : d59a6f42-ecf0-4abb-8fb6-b83dde6d65c9{ip: 10.1.0.17, host: fv-az395-998.zfmzfyrfkyou3ow0tsr0jxwq1e.bx.internal.cloudapp.net, ports: [REPLICATION=43887, RATIS=34059, RATIS_ADMIN=34059, RATIS_SERVER=34059, STANDALONE=35243], networkLocation: /default-rack, certSerialId: null, persistedOpState: null, persistedOpStateExpiryEpochSec: 0}
2022-02-12 02:08:55,398 [EventQueue-NewNodeForNewNodeHandler] INFO  pipeline.BackgroundPipelineCreator (BackgroundPipelineCreator.java:notifyEventTriggered(285)) - trigger a one-shot run on RatisPipelineUtilsThread.
2022-02-12 02:08:55,400 [EventQueue-NodeRegistrationContainerReportForDataNodeSafeModeRule] INFO  safemode.SCMSafeModeManager (DataNodeSafeModeRule.java:process(71)) - SCM in safe mode. 2 DataNodes registered, 3 required.
2022-02-12 02:08:55,403 [RatisPipelineUtilsThread - 0] INFO  pipeline.RatisPipelineProvider (RatisPipelineProvider.java:lambda$create$0(183)) - Sending CreatePipelineCommand for pipeline:PipelineID=427d10ed-2088-4bbb-a528-97ca26d0459a to datanode:d59a6f42-ecf0-4abb-8fb6-b83dde6d65c9
2022-02-12 02:08:55,404 [ecc7e2fd-e756-44d6-8a27-e56b24aba264@group-D36BCF9E7AD5-StateMachineUpdater] INFO  pipeline.PipelineStateManagerImpl (PipelineStateManagerImpl.java:addPipeline(101)) - Created pipeline Pipeline[ Id: 427d10ed-2088-4bbb-a528-97ca26d0459a, Nodes: d59a6f42-ecf0-4abb-8fb6-b83dde6d65c9{ip: 10.1.0.17, host: fv-az395-998.zfmzfyrfkyou3ow0tsr0jxwq1e.bx.internal.cloudapp.net, ports: [REPLICATION=43887, RATIS=34059, RATIS_ADMIN=34059, RATIS_SERVER=34059, STANDALONE=35243], networkLocation: /default-rack, certSerialId: null, persistedOpState: IN_SERVICE, persistedOpStateExpiryEpochSec: 0}, ReplicationConfig: RATIS/ONE, State:ALLOCATED, leaderId:, CreationTimestamp2022-02-12T02:08:55.403Z[Etc/UTC]].
2022-02-12 02:08:55,405 [ecc7e2fd-e756-44d6-8a27-e56b24aba264@group-D36BCF9E7AD5-StateMachineUpdater] INFO  safemode.HealthyPipelineSafeModeRule (HealthyPipelineSafeModeRule.java:initializeRule(152)) - Refreshed total pipeline count is 0, healthy pipeline threshold count is 1
2022-02-12 02:08:55,776 [Listener at 127.0.0.1/44117] INFO  ozone.MiniOzoneClusterImpl (MiniOzoneClusterImpl.java:lambda$waitForClusterToBeReady$0(219)) - Waiting for nodes to be ready. Got 2 of 3 DN Heartbeats.
2022-02-12 02:08:55,777 [Listener at 127.0.0.1/44117] INFO  ozone.MiniOzoneClusterImpl (MiniOzoneClusterImpl.java:lambda$waitForClusterToBeReady$0(222)) - Waiting for cluster to exit safe mode
2022-02-12 02:08:55,777 [Listener at 127.0.0.1/44117] INFO  ozone.MiniOzoneClusterImpl (MiniOzoneClusterImpl.java:lambda$waitForClusterToBeReady$0(224)) - SCM became leader
2022-02-12 02:08:55,834 [IPC Server handler 0 on default port 46341] INFO  net.NetworkTopologyImpl (NetworkTopologyImpl.java:add(112)) - Added a new node: /default-rack/be637081-cdfc-4d88-b41d-bd3b2e95f28a
2022-02-12 02:08:55,834 [IPC Server handler 0 on default port 46341] INFO  node.SCMNodeManager (SCMNodeManager.java:register(389)) - Registered Data node : be637081-cdfc-4d88-b41d-bd3b2e95f28a{ip: 10.1.0.17, host: fv-az395-998.zfmzfyrfkyou3ow0tsr0jxwq1e.bx.internal.cloudapp.net, ports: [REPLICATION=33557, RATIS=35921, RATIS_ADMIN=35921, RATIS_SERVER=35921, STANDALONE=40459], networkLocation: /default-rack, certSerialId: null, persistedOpState: null, persistedOpStateExpiryEpochSec: 0}
2022-02-12 02:08:55,834 [EventQueue-NewNodeForNewNodeHandler] INFO  pipeline.BackgroundPipelineCreator (BackgroundPipelineCreator.java:notifyEventTriggered(285)) - trigger a one-shot run on RatisPipelineUtilsThread.
2022-02-12 02:08:55,846 [RatisPipelineUtilsThread - 0] INFO  pipeline.RatisPipelineProvider (RatisPipelineProvider.java:lambda$create$0(183)) - Sending CreatePipelineCommand for pipeline:PipelineID=03306ab3-b9e4-487a-ab8d-82a6f43ec5bd to datanode:be637081-cdfc-4d88-b41d-bd3b2e95f28a
2022-02-12 02:08:55,847 [EventQueue-NodeRegistrationContainerReportForDataNodeSafeModeRule] INFO  safemode.SCMSafeModeManager (DataNodeSafeModeRule.java:process(71)) - SCM in safe mode. 3 DataNodes registered, 3 required.
2022-02-12 02:08:55,847 [EventQueue-NodeRegistrationContainerReportForDataNodeSafeModeRule] INFO  safemode.SCMSafeModeManager (SCMSafeModeManager.java:validateSafeModeExitRules(204)) - DataNodeSafeModeRule rule is successfully validated
2022-02-12 02:08:55,847 [EventQueue-NodeRegistrationContainerReportForDataNodeSafeModeRule] INFO  safemode.SCMSafeModeManager (SCMSafeModeManager.java:completePreCheck(233)) - All SCM safe mode pre check rules have passed
2022-02-12 02:08:55,847 [EventQueue-NodeRegistrationContainerReportForDataNodeSafeModeRule] WARN  events.EventQueue (EventQueue.java:fireEvent(194)) - No event handler registered for event TypedEvent{payloadType=SafeModeStatus, name='Safe mode status'}
2022-02-12 02:08:55,847 [EventQueue-NodeRegistrationContainerReportForDataNodeSafeModeRule] INFO  ha.SCMContext (SCMContext.java:updateSafeModeStatus(211)) - Update SafeModeStatus from SafeModeStatus{safeModeStatus=true, preCheckPassed=false} to SafeModeStatus{safeModeStatus=true, preCheckPassed=true}.
2022-02-12 02:08:55,847 [EventQueue-NodeRegistrationContainerReportForDataNodeSafeModeRule] INFO  pipeline.BackgroundPipelineCreator (BackgroundPipelineCreator.java:notifyEventTriggered(285)) - trigger a one-shot run on RatisPipelineUtilsThread.
2022-02-12 02:08:55,848 [ecc7e2fd-e756-44d6-8a27-e56b24aba264@group-D36BCF9E7AD5-StateMachineUpdater] INFO  pipeline.PipelineStateManagerImpl (PipelineStateManagerImpl.java:addPipeline(101)) - Created pipeline Pipeline[ Id: 03306ab3-b9e4-487a-ab8d-82a6f43ec5bd, Nodes: be637081-cdfc-4d88-b41d-bd3b2e95f28a{ip: 10.1.0.17, host: fv-az395-998.zfmzfyrfkyou3ow0tsr0jxwq1e.bx.internal.cloudapp.net, ports: [REPLICATION=33557, RATIS=35921, RATIS_ADMIN=35921, RATIS_SERVER=35921, STANDALONE=40459], networkLocation: /default-rack, certSerialId: null, persistedOpState: IN_SERVICE, persistedOpStateExpiryEpochSec: 0}, ReplicationConfig: RATIS/ONE, State:ALLOCATED, leaderId:, CreationTimestamp2022-02-12T02:08:55.846Z[Etc/UTC]].
2022-02-12 02:08:55,848 [ecc7e2fd-e756-44d6-8a27-e56b24aba264@group-D36BCF9E7AD5-StateMachineUpdater] INFO  safemode.HealthyPipelineSafeModeRule (HealthyPipelineSafeModeRule.java:initializeRule(152)) - Refreshed total pipeline count is 0, healthy pipeline threshold count is 1
2022-02-12 02:08:55,849 [RatisPipelineUtilsThread - 0] INFO  pipeline.RatisPipelineProvider (RatisPipelineProvider.java:lambda$create$0(183)) - Sending CreatePipelineCommand for pipeline:PipelineID=537c0b32-cf1e-4450-a335-85f464451026 to datanode:d59a6f42-ecf0-4abb-8fb6-b83dde6d65c9
2022-02-12 02:08:55,849 [RatisPipelineUtilsThread - 0] INFO  pipeline.RatisPipelineProvider (RatisPipelineProvider.java:lambda$create$0(183)) - Sending CreatePipelineCommand for pipeline:PipelineID=537c0b32-cf1e-4450-a335-85f464451026 to datanode:be637081-cdfc-4d88-b41d-bd3b2e95f28a
2022-02-12 02:08:55,849 [RatisPipelineUtilsThread - 0] INFO  pipeline.RatisPipelineProvider (RatisPipelineProvider.java:lambda$create$0(183)) - Sending CreatePipelineCommand for pipeline:PipelineID=537c0b32-cf1e-4450-a335-85f464451026 to datanode:b937fb28-01c9-421e-a2c2-ef01dceb1c2c
2022-02-12 02:08:55,851 [ecc7e2fd-e756-44d6-8a27-e56b24aba264@group-D36BCF9E7AD5-StateMachineUpdater] INFO  pipeline.PipelineStateManagerImpl (PipelineStateManagerImpl.java:addPipeline(101)) - Created pipeline Pipeline[ Id: 537c0b32-cf1e-4450-a335-85f464451026, Nodes: d59a6f42-ecf0-4abb-8fb6-b83dde6d65c9{ip: 10.1.0.17, host: fv-az395-998.zfmzfyrfkyou3ow0tsr0jxwq1e.bx.internal.cloudapp.net, ports: [REPLICATION=43887, RATIS=34059, RATIS_ADMIN=34059, RATIS_SERVER=34059, STANDALONE=35243], networkLocation: /default-rack, certSerialId: null, persistedOpState: IN_SERVICE, persistedOpStateExpiryEpochSec: 0}be637081-cdfc-4d88-b41d-bd3b2e95f28a{ip: 10.1.0.17, host: fv-az395-998.zfmzfyrfkyou3ow0tsr0jxwq1e.bx.internal.cloudapp.net, ports: [REPLICATION=33557, RATIS=35921, RATIS_ADMIN=35921, RATIS_SERVER=35921, STANDALONE=40459], networkLocation: /default-rack, certSerialId: null, persistedOpState: IN_SERVICE, persistedOpStateExpiryEpochSec: 0}b937fb28-01c9-421e-a2c2-ef01dceb1c2c{ip: 10.1.0.17, host: fv-az395-998.zfmzfyrfkyou3ow0tsr0jxwq1e.bx.internal.cloudapp.net, ports: [REPLICATION=38487, RATIS=40579, RATIS_ADMIN=40579, RATIS_SERVER=40579, STANDALONE=40057], networkLocation: /default-rack, certSerialId: null, persistedOpState: IN_SERVICE, persistedOpStateExpiryEpochSec: 0}, ReplicationConfig: RATIS/THREE, State:ALLOCATED, leaderId:, CreationTimestamp2022-02-12T02:08:55.849Z[Etc/UTC]].
2022-02-12 02:08:55,851 [ecc7e2fd-e756-44d6-8a27-e56b24aba264@group-D36BCF9E7AD5-StateMachineUpdater] INFO  safemode.HealthyPipelineSafeModeRule (HealthyPipelineSafeModeRule.java:initializeRule(152)) - Refreshed total pipeline count is 0, healthy pipeline threshold count is 1
2022-02-12 02:08:55,851 [RatisPipelineUtilsThread - 0] INFO  pipeline.RatisPipelineProvider (RatisPipelineProvider.java:lambda$create$0(183)) - Sending CreatePipelineCommand for pipeline:PipelineID=877b258d-bdf4-4e34-a1a7-8b8f8afac82e to datanode:d59a6f42-ecf0-4abb-8fb6-b83dde6d65c9
2022-02-12 02:08:55,852 [RatisPipelineUtilsThread - 0] INFO  pipeline.RatisPipelineProvider (RatisPipelineProvider.java:lambda$create$0(183)) - Sending CreatePipelineCommand for pipeline:PipelineID=877b258d-bdf4-4e34-a1a7-8b8f8afac82e to datanode:be637081-cdfc-4d88-b41d-bd3b2e95f28a
2022-02-12 02:08:55,852 [RatisPipelineUtilsThread - 0] INFO  pipeline.RatisPipelineProvider (RatisPipelineProvider.java:lambda$create$0(183)) - Sending CreatePipelineCommand for pipeline:PipelineID=877b258d-bdf4-4e34-a1a7-8b8f8afac82e to datanode:b937fb28-01c9-421e-a2c2-ef01dceb1c2c
2022-02-12 02:08:55,853 [ecc7e2fd-e756-44d6-8a27-e56b24aba264@group-D36BCF9E7AD5-StateMachineUpdater] INFO  pipeline.PipelineStateManagerImpl (PipelineStateManagerImpl.java:addPipeline(101)) - Created pipeline Pipeline[ Id: 877b258d-bdf4-4e34-a1a7-8b8f8afac82e, Nodes: d59a6f42-ecf0-4abb-8fb6-b83dde6d65c9{ip: 10.1.0.17, host: fv-az395-998.zfmzfyrfkyou3ow0tsr0jxwq1e.bx.internal.cloudapp.net, ports: [REPLICATION=43887, RATIS=34059, RATIS_ADMIN=34059, RATIS_SERVER=34059, STANDALONE=35243], networkLocation: /default-rack, certSerialId: null, persistedOpState: IN_SERVICE, persistedOpStateExpiryEpochSec: 0}be637081-cdfc-4d88-b41d-bd3b2e95f28a{ip: 10.1.0.17, host: fv-az395-998.zfmzfyrfkyou3ow0tsr0jxwq1e.bx.internal.cloudapp.net, ports: [REPLICATION=33557, RATIS=35921, RATIS_ADMIN=35921, RATIS_SERVER=35921, STANDALONE=40459], networkLocation: /default-rack, certSerialId: null, persistedOpState: IN_SERVICE, persistedOpStateExpiryEpochSec: 0}b937fb28-01c9-421e-a2c2-ef01dceb1c2c{ip: 10.1.0.17, host: fv-az395-998.zfmzfyrfkyou3ow0tsr0jxwq1e.bx.internal.cloudapp.net, ports: [REPLICATION=38487, RATIS=40579, RATIS_ADMIN=40579, RATIS_SERVER=40579, STANDALONE=40057], networkLocation: /default-rack, certSerialId: null, persistedOpState: IN_SERVICE, persistedOpStateExpiryEpochSec: 0}, ReplicationConfig: RATIS/THREE, State:ALLOCATED, leaderId:, CreationTimestamp2022-02-12T02:08:55.851Z[Etc/UTC]].
2022-02-12 02:08:55,853 [ecc7e2fd-e756-44d6-8a27-e56b24aba264@group-D36BCF9E7AD5-StateMachineUpdater] INFO  safemode.HealthyPipelineSafeModeRule (HealthyPipelineSafeModeRule.java:initializeRule(152)) - Refreshed total pipeline count is 0, healthy pipeline threshold count is 1
2022-02-12 02:08:55,854 [RatisPipelineUtilsThread - 0] INFO  pipeline.PipelineManagerImpl (PipelineManagerImpl.java:recordMetricsForPipeline(639)) - Pipeline: PipelineID=877b258d-bdf4-4e34-a1a7-8b8f8afac82e contains same datanodes as previous pipelines: PipelineID=537c0b32-cf1e-4450-a335-85f464451026 nodeIds: d59a6f42-ecf0-4abb-8fb6-b83dde6d65c9, be637081-cdfc-4d88-b41d-bd3b2e95f28a, b937fb28-01c9-421e-a2c2-ef01dceb1c2c
2022-02-12 02:08:56,777 [Listener at 127.0.0.1/44117] INFO  ozone.MiniOzoneClusterImpl (MiniOzoneClusterImpl.java:lambda$waitForClusterToBeReady$0(219)) - Nodes are ready. Got 3 of 3 DN Heartbeats.
2022-02-12 02:08:56,777 [Listener at 127.0.0.1/44117] INFO  ozone.MiniOzoneClusterImpl (MiniOzoneClusterImpl.java:lambda$waitForClusterToBeReady$0(222)) - Waiting for cluster to exit safe mode
2022-02-12 02:08:56,777 [Listener at 127.0.0.1/44117] INFO  ozone.MiniOzoneClusterImpl (MiniOzoneClusterImpl.java:lambda$waitForClusterToBeReady$0(224)) - SCM became leader
2022-02-12 02:08:57,778 [Listener at 127.0.0.1/44117] INFO  ozone.MiniOzoneClusterImpl (MiniOzoneClusterImpl.java:lambda$waitForClusterToBeReady$0(219)) - Nodes are ready. Got 3 of 3 DN Heartbeats.
2022-02-12 02:08:57,778 [Listener at 127.0.0.1/44117] INFO  ozone.MiniOzoneClusterImpl (MiniOzoneClusterImpl.java:lambda$waitForClusterToBeReady$0(222)) - Waiting for cluster to exit safe mode
2022-02-12 02:08:57,778 [Listener at 127.0.0.1/44117] INFO  ozone.MiniOzoneClusterImpl (MiniOzoneClusterImpl.java:lambda$waitForClusterToBeReady$0(224)) - SCM became leader
2022-02-12 02:08:57,943 [Command processor thread] INFO  server.RaftServer (RaftServerProxy.java:addNew(95)) - b937fb28-01c9-421e-a2c2-ef01dceb1c2c: addNew group-95647C70B206:[b937fb28-01c9-421e-a2c2-ef01dceb1c2c|rpc:10.1.0.17:40579|priority:1] returns group-95647C70B206:java.util.concurrent.CompletableFuture@fd65088[Not completed]
2022-02-12 02:08:57,957 [pool-349-thread-1] INFO  server.RaftServer$Division (RaftServerImpl.java:<init>(184)) - b937fb28-01c9-421e-a2c2-ef01dceb1c2c: new RaftServerImpl for group-95647C70B206:[b937fb28-01c9-421e-a2c2-ef01dceb1c2c|rpc:10.1.0.17:40579|priority:1] with ContainerStateMachine:uninitialized
2022-02-12 02:08:57,968 [pool-349-thread-1] INFO  server.RaftServerConfigKeys (ConfUtils.java:logGet(44)) - raft.server.rpc.timeout.min = 5s (custom)
2022-02-12 02:08:57,968 [pool-349-thread-1] INFO  server.RaftServerConfigKeys (ConfUtils.java:logGet(44)) - raft.server.rpc.timeout.max = 5200ms (custom)
2022-02-12 02:08:57,968 [pool-349-thread-1] INFO  server.RaftServerConfigKeys (ConfUtils.java:logGet(44)) - raft.server.rpc.sleep.time = 25ms (default)
2022-02-12 02:08:57,968 [pool-349-thread-1] INFO  server.RaftServerConfigKeys (ConfUtils.java:logGet(44)) - raft.server.rpc.slowness.timeout = 300s (custom)
2022-02-12 02:08:57,968 [pool-349-thread-1] INFO  server.RaftServerConfigKeys (ConfUtils.java:logGet(44)) - raft.server.leaderelection.leader.step-down.wait-time = 10s (default)
2022-02-12 02:08:57,968 [pool-349-thread-1] INFO  server.RaftServerConfigKeys (ConfUtils.java:logGet(44)) - raft.server.sleep.deviation.threshold = 300ms (default)
2022-02-12 02:08:57,968 [pool-349-thread-1] INFO  server.RaftServerConfigKeys (ConfUtils.java:logGet(44)) - raft.server.log.appender.install.snapshot.enabled = false (custom)
2022-02-12 02:08:57,968 [pool-349-thread-1] INFO  server.RaftServer$Division (ServerState.java:<init>(105)) - b937fb28-01c9-421e-a2c2-ef01dceb1c2c@group-95647C70B206: ConfigurationManager, init=-1: [b937fb28-01c9-421e-a2c2-ef01dceb1c2c|rpc:10.1.0.17:40579|priority:1], old=null, confs=<EMPTY_MAP>
2022-02-12 02:08:57,969 [pool-349-thread-1] INFO  server.RaftServerConfigKeys (ConfUtils.java:logGet(44)) - raft.server.storage.dir = [/home/runner/work/ozone/ozone/hadoop-ozone/integration-test/target/test-dir/MiniOzoneClusterImpl-03ef79e6-d6c6-40ba-8af9-d36bcf9e7ad5/datanode-0/data/ratis] (custom)
2022-02-12 02:08:57,969 [pool-349-thread-1] INFO  server.RaftServerConfigKeys (ConfUtils.java:logGet(44)) - raft.server.log.corruption.policy = EXCEPTION (default)
2022-02-12 02:08:57,969 [pool-349-thread-1] INFO  server.RaftServerConfigKeys (ConfUtils.java:logGet(44)) - raft.server.storage.free-space.min = 0MB (=0) (default)
2022-02-12 02:08:57,969 [pool-349-thread-1] INFO  storage.RaftStorageDirectory (RaftStorageDirectoryImpl.java:analyzeStorage(135)) - The storage directory /home/runner/work/ozone/ozone/hadoop-ozone/integration-test/target/test-dir/MiniOzoneClusterImpl-03ef79e6-d6c6-40ba-8af9-d36bcf9e7ad5/datanode-0/data/ratis/30e443b0-6ebe-43d7-9965-95647c70b206 does not exist. Creating ...
2022-02-12 02:08:57,970 [pool-349-thread-1] INFO  storage.RaftStorageDirectory (RaftStorageDirectoryImpl.java:tryLock(230)) - Lock on /home/runner/work/ozone/ozone/hadoop-ozone/integration-test/target/test-dir/MiniOzoneClusterImpl-03ef79e6-d6c6-40ba-8af9-d36bcf9e7ad5/datanode-0/data/ratis/30e443b0-6ebe-43d7-9965-95647c70b206/in_use.lock acquired by nodename 9178@fv-az395-998
2022-02-12 02:08:57,976 [pool-349-thread-1] INFO  storage.RaftStorage (RaftStorageImpl.java:format(89)) - Storage directory /home/runner/work/ozone/ozone/hadoop-ozone/integration-test/target/test-dir/MiniOzoneClusterImpl-03ef79e6-d6c6-40ba-8af9-d36bcf9e7ad5/datanode-0/data/ratis/30e443b0-6ebe-43d7-9965-95647c70b206 has been successfully formatted.
2022-02-12 02:08:57,991 [pool-349-thread-1] INFO  ratis.ContainerStateMachine (ContainerStateMachine.java:loadSnapshot(231)) - group-95647C70B206: The snapshot info is null. Setting the last applied indexto:(t:0, i:~)
2022-02-12 02:08:58,000 [pool-349-thread-1] INFO  server.RaftServerConfigKeys (ConfUtils.java:logGet(44)) - raft.server.notification.no-leader.timeout = 300s (custom)
2022-02-12 02:08:58,000 [pool-349-thread-1] INFO  server.RaftServerConfigKeys (ConfUtils.java:logGet(44)) - raft.server.log.use.memory = false (default)
2022-02-12 02:08:58,000 [pool-349-thread-1] INFO  server.RaftServerConfigKeys (ConfUtils.java:logGet(44)) - raft.server.log.purge.gap = 1000000 (custom)
2022-02-12 02:08:58,000 [pool-349-thread-1] INFO  server.RaftServerConfigKeys (ConfUtils.java:logGet(44)) - raft.server.log.appender.buffer.byte-limit = 33554432 (custom)
2022-02-12 02:08:58,000 [pool-349-thread-1] INFO  server.RaftServerConfigKeys (ConfUtils.java:logGet(44)) - raft.server.log.segment.size.max = 1048576 (custom)
2022-02-12 02:08:58,001 [pool-349-thread-1] INFO  server.RaftServerConfigKeys (ConfUtils.java:logGet(44)) - raft.server.log.segment.cache.num.max = 2 (custom)
2022-02-12 02:08:58,001 [pool-349-thread-1] INFO  server.RaftServerConfigKeys (ConfUtils.java:logGet(44)) - raft.server.log.segment.cache.size.max = 200MB (=209715200) (default)
2022-02-12 02:08:58,001 [pool-349-thread-1] INFO  segmented.SegmentedRaftLogWorker (SegmentedRaftLogWorker.java:<init>(182)) - new b937fb28-01c9-421e-a2c2-ef01dceb1c2c@group-95647C70B206-SegmentedRaftLogWorker for RaftStorageImpl:Storage Directory /home/runner/work/ozone/ozone/hadoop-ozone/integration-test/target/test-dir/MiniOzoneClusterImpl-03ef79e6-d6c6-40ba-8af9-d36bcf9e7ad5/datanode-0/data/ratis/30e443b0-6ebe-43d7-9965-95647c70b206
2022-02-12 02:08:58,001 [pool-349-thread-1] INFO  server.RaftServerConfigKeys (ConfUtils.java:logGet(44)) - raft.server.log.queue.byte-limit = 2147483647 (custom)
2022-02-12 02:08:58,001 [pool-349-thread-1] INFO  server.RaftServerConfigKeys (ConfUtils.java:logGet(44)) - raft.server.log.queue.element-limit = 1024 (custom)
2022-02-12 02:08:58,001 [pool-349-thread-1] INFO  server.RaftServerConfigKeys (ConfUtils.java:logGet(44)) - raft.server.log.segment.size.max = 1048576 (custom)
2022-02-12 02:08:58,001 [pool-349-thread-1] INFO  server.RaftServerConfigKeys (ConfUtils.java:logGet(44)) - raft.server.log.preallocated.size = 16384 (custom)
2022-02-12 02:08:58,001 [pool-349-thread-1] INFO  server.RaftServerConfigKeys (ConfUtils.java:logGet(44)) - raft.server.log.force.sync.num = 128 (default)
2022-02-12 02:08:58,001 [pool-349-thread-1] INFO  server.RaftServerConfigKeys (ConfUtils.java:logGet(44)) - raft.server.log.statemachine.data.sync = true (default)
2022-02-12 02:08:58,001 [pool-349-thread-1] INFO  server.RaftServerConfigKeys (ConfUtils.java:logGet(44)) - raft.server.log.statemachine.data.sync.timeout = 10s (default)
2022-02-12 02:08:58,001 [pool-349-thread-1] INFO  server.RaftServerConfigKeys (ConfUtils.java:logGet(44)) - raft.server.log.statemachine.data.sync.timeout.retry = -1 (default)
2022-02-12 02:08:58,002 [pool-349-thread-1] INFO  server.RaftServerConfigKeys (ConfUtils.java:logGet(44)) - raft.server.log.write.buffer.size = 1048576 (custom)
2022-02-12 02:08:58,002 [pool-349-thread-1] INFO  server.RaftServerConfigKeys (ConfUtils.java:logGet(44)) - raft.server.log.statemachine.data.caching.enabled = true (custom)
2022-02-12 02:08:58,002 [pool-349-thread-1] INFO  segmented.SegmentedRaftLogWorker (SegmentedRaftLogWorker.java:lambda$new$0(133)) - b937fb28-01c9-421e-a2c2-ef01dceb1c2c@group-95647C70B206-SegmentedRaftLogWorker: flushIndex: setUnconditionally 0 -> -1
2022-02-12 02:08:58,002 [pool-349-thread-1] INFO  segmented.SegmentedRaftLogWorker (SegmentedRaftLogWorker.java:lambda$new$0(133)) - b937fb28-01c9-421e-a2c2-ef01dceb1c2c@group-95647C70B206-SegmentedRaftLogWorker: safeCacheEvictIndex: setUnconditionally 0 -> -1
2022-02-12 02:08:58,004 [pool-349-thread-1] INFO  server.RaftServerConfigKeys (ConfUtils.java:logGet(44)) - raft.server.snapshot.auto.trigger.enabled = true (custom)
2022-02-12 02:08:58,004 [pool-349-thread-1] INFO  server.RaftServerConfigKeys (ConfUtils.java:logGet(44)) - raft.server.snapshot.auto.trigger.threshold = 10000 (custom)
2022-02-12 02:08:58,004 [pool-349-thread-1] INFO  server.RaftServerConfigKeys (ConfUtils.java:logGet(44)) - raft.server.snapshot.retention.file.num = 5 (custom)
2022-02-12 02:08:58,004 [pool-349-thread-1] INFO  server.RaftServerConfigKeys (ConfUtils.java:logGet(44)) - raft.server.log.purge.upto.snapshot.index = false (default)
2022-02-12 02:08:58,004 [pool-349-thread-1] INFO  server.RaftServerConfigKeys (ConfUtils.java:logGet(44)) - raft.server.retrycache.expirytime = 600000ms (custom)
2022-02-12 02:08:58,004 [pool-349-thread-1] INFO  server.RaftServerConfigKeys (ConfUtils.java:logGet(44)) - raft.server.retrycache.statistics.expirytime = 100μs (default)
2022-02-12 02:08:58,007 [pool-349-thread-1] INFO  server.RaftServer$Division (RaftServerImpl.java:start(301)) - b937fb28-01c9-421e-a2c2-ef01dceb1c2c@group-95647C70B206: start as a follower, conf=-1: [b937fb28-01c9-421e-a2c2-ef01dceb1c2c|rpc:10.1.0.17:40579|priority:1], old=null
2022-02-12 02:08:58,007 [pool-349-thread-1] INFO  server.RaftServer$Division (RaftServerImpl.java:setRole(290)) - b937fb28-01c9-421e-a2c2-ef01dceb1c2c@group-95647C70B206: changes role from      null to FOLLOWER at term 0 for startAsFollower
2022-02-12 02:08:58,007 [pool-349-thread-1] INFO  impl.RoleInfo (RoleInfo.java:updateAndGet(130)) - b937fb28-01c9-421e-a2c2-ef01dceb1c2c: start b937fb28-01c9-421e-a2c2-ef01dceb1c2c@group-95647C70B206-FollowerState
2022-02-12 02:08:58,008 [EventQueue-PipelineReportForPipelineReportHandler] INFO  pipeline.PipelineManagerImpl (PipelineManagerImpl.java:openPipeline(291)) - Pipeline Pipeline[ Id: 30e443b0-6ebe-43d7-9965-95647c70b206, Nodes: b937fb28-01c9-421e-a2c2-ef01dceb1c2c{ip: 10.1.0.17, host: fv-az395-998.zfmzfyrfkyou3ow0tsr0jxwq1e.bx.internal.cloudapp.net, ports: [REPLICATION=38487, RATIS=40579, RATIS_ADMIN=40579, RATIS_SERVER=40579, STANDALONE=40057], networkLocation: /default-rack, certSerialId: null, persistedOpState: IN_SERVICE, persistedOpStateExpiryEpochSec: 0}, ReplicationConfig: RATIS/ONE, State:ALLOCATED, leaderId:b937fb28-01c9-421e-a2c2-ef01dceb1c2c, CreationTimestamp2022-02-12T02:08:54.954Z[Etc/UTC]] moved to OPEN state
2022-02-12 02:08:58,036 [ecc7e2fd-e756-44d6-8a27-e56b24aba264@group-D36BCF9E7AD5-StateMachineUpdater] INFO  safemode.HealthyPipelineSafeModeRule (HealthyPipelineSafeModeRule.java:initializeRule(152)) - Refreshed total pipeline count is 0, healthy pipeline threshold count is 1
2022-02-12 02:08:58,037 [pool-349-thread-1] INFO  util.JmxRegister (JmxRegister.java:tryRegister(44)) - Successfully registered JMX Bean with object name Ratis:service=RaftServer,group=group-95647C70B206,id=b937fb28-01c9-421e-a2c2-ef01dceb1c2c
2022-02-12 02:08:58,064 [Command processor thread] INFO  ratis.XceiverServerRatis (XceiverServerRatis.java:addGroup(768)) - Created group PipelineID=30e443b0-6ebe-43d7-9965-95647c70b206
2022-02-12 02:08:58,064 [Command processor thread] INFO  commandhandler.CreatePipelineCommandHandler (CreatePipelineCommandHandler.java:handle(106)) - Created Pipeline RATIS ONE PipelineID=30e443b0-6ebe-43d7-9965-95647c70b206.
2022-02-12 02:08:58,064 [Command processor thread] INFO  server.RaftServer (RaftServerProxy.java:addNew(95)) - b937fb28-01c9-421e-a2c2-ef01dceb1c2c: addNew group-85F464451026:[b937fb28-01c9-421e-a2c2-ef01dceb1c2c|rpc:10.1.0.17:40579|priority:0, be637081-cdfc-4d88-b41d-bd3b2e95f28a|rpc:10.1.0.17:35921|priority:0, d59a6f42-ecf0-4abb-8fb6-b83dde6d65c9|rpc:10.1.0.17:34059|priority:1] returns group-85F464451026:java.util.concurrent.CompletableFuture@be9d5aa[Not completed]
2022-02-12 02:08:58,065 [pool-349-thread-1] INFO  server.RaftServer$Division (RaftServerImpl.java:<init>(184)) - b937fb28-01c9-421e-a2c2-ef01dceb1c2c: new RaftServerImpl for group-85F464451026:[b937fb28-01c9-421e-a2c2-ef01dceb1c2c|rpc:10.1.0.17:40579|priority:0, be637081-cdfc-4d88-b41d-bd3b2e95f28a|rpc:10.1.0.17:35921|priority:0, d59a6f42-ecf0-4abb-8fb6-b83dde6d65c9|rpc:10.1.0.17:34059|priority:1] with ContainerStateMachine:uninitialized
2022-02-12 02:08:58,065 [pool-349-thread-1] INFO  server.RaftServerConfigKeys (ConfUtils.java:logGet(44)) - raft.server.rpc.timeout.min = 5s (custom)
2022-02-12 02:08:58,065 [pool-349-thread-1] INFO  server.RaftServerConfigKeys (ConfUtils.java:logGet(44)) - raft.server.rpc.timeout.max = 5200ms (custom)
2022-02-12 02:08:58,065 [pool-349-thread-1] INFO  server.RaftServerConfigKeys (ConfUtils.java:logGet(44)) - raft.server.rpc.sleep.time = 25ms (default)
2022-02-12 02:08:58,065 [pool-349-thread-1] INFO  server.RaftServerConfigKeys (ConfUtils.java:logGet(44)) - raft.server.rpc.slowness.timeout = 300s (custom)
2022-02-12 02:08:58,065 [pool-349-thread-1] INFO  server.RaftServerConfigKeys (ConfUtils.java:logGet(44)) - raft.server.leaderelection.leader.step-down.wait-time = 10s (default)
2022-02-12 02:08:58,065 [pool-349-thread-1] INFO  server.RaftServerConfigKeys (ConfUtils.java:logGet(44)) - raft.server.sleep.deviation.threshold = 300ms (default)
2022-02-12 02:08:58,065 [pool-349-thread-1] INFO  server.RaftServerConfigKeys (ConfUtils.java:logGet(44)) - raft.server.log.appender.install.snapshot.enabled = false (custom)
2022-02-12 02:08:58,065 [pool-349-thread-1] INFO  server.RaftServer$Division (ServerState.java:<init>(105)) - b937fb28-01c9-421e-a2c2-ef01dceb1c2c@group-85F464451026: ConfigurationManager, init=-1: [b937fb28-01c9-421e-a2c2-ef01dceb1c2c|rpc:10.1.0.17:40579|priority:0, be637081-cdfc-4d88-b41d-bd3b2e95f28a|rpc:10.1.0.17:35921|priority:0, d59a6f42-ecf0-4abb-8fb6-b83dde6d65c9|rpc:10.1.0.17:34059|priority:1], old=null, confs=<EMPTY_MAP>
2022-02-12 02:08:58,065 [pool-349-thread-1] INFO  server.RaftServerConfigKeys (ConfUtils.java:logGet(44)) - raft.server.storage.dir = [/home/runner/work/ozone/ozone/hadoop-ozone/integration-test/target/test-dir/MiniOzoneClusterImpl-03ef79e6-d6c6-40ba-8af9-d36bcf9e7ad5/datanode-0/data/ratis] (custom)
2022-02-12 02:08:58,066 [pool-349-thread-1] INFO  server.RaftServerConfigKeys (ConfUtils.java:logGet(44)) - raft.server.log.corruption.policy = EXCEPTION (default)
2022-02-12 02:08:58,066 [pool-349-thread-1] INFO  server.RaftServerConfigKeys (ConfUtils.java:logGet(44)) - raft.server.storage.free-space.min = 0MB (=0) (default)
2022-02-12 02:08:58,066 [pool-349-thread-1] INFO  storage.RaftStorageDirectory (RaftStorageDirectoryImpl.java:analyzeStorage(135)) - The storage directory /home/runner/work/ozone/ozone/hadoop-ozone/integration-test/target/test-dir/MiniOzoneClusterImpl-03ef79e6-d6c6-40ba-8af9-d36bcf9e7ad5/datanode-0/data/ratis/537c0b32-cf1e-4450-a335-85f464451026 does not exist. Creating ...
2022-02-12 02:08:58,068 [pool-349-thread-1] INFO  storage.RaftStorageDirectory (RaftStorageDirectoryImpl.java:tryLock(230)) - Lock on /home/runner/work/ozone/ozone/hadoop-ozone/integration-test/target/test-dir/MiniOzoneClusterImpl-03ef79e6-d6c6-40ba-8af9-d36bcf9e7ad5/datanode-0/data/ratis/537c0b32-cf1e-4450-a335-85f464451026/in_use.lock acquired by nodename 9178@fv-az395-998
2022-02-12 02:08:58,069 [EventQueue-OpenPipelineForHealthyPipelineSafeModeRule] INFO  safemode.SCMSafeModeManager (HealthyPipelineSafeModeRule.java:process(124)) - SCM in safe mode. Healthy pipelines reported count is 0, required healthy pipeline reported count is 1
2022-02-12 02:08:58,080 [pool-349-thread-1] INFO  storage.RaftStorage (RaftStorageImpl.java:format(89)) - Storage directory /home/runner/work/ozone/ozone/hadoop-ozone/integration-test/target/test-dir/MiniOzoneClusterImpl-03ef79e6-d6c6-40ba-8af9-d36bcf9e7ad5/datanode-0/data/ratis/537c0b32-cf1e-4450-a335-85f464451026 has been successfully formatted.
2022-02-12 02:08:58,080 [pool-349-thread-1] INFO  ratis.ContainerStateMachine (ContainerStateMachine.java:loadSnapshot(231)) - group-85F464451026: The snapshot info is null. Setting the last applied indexto:(t:0, i:~)
2022-02-12 02:08:58,080 [pool-349-thread-1] INFO  server.RaftServerConfigKeys (ConfUtils.java:logGet(44)) - raft.server.notification.no-leader.timeout = 300s (custom)
2022-02-12 02:08:58,080 [pool-349-thread-1] INFO  server.RaftServerConfigKeys (ConfUtils.java:logGet(44)) - raft.server.log.use.memory = false (default)
2022-02-12 02:08:58,080 [pool-349-thread-1] INFO  server.RaftServerConfigKeys (ConfUtils.java:logGet(44)) - raft.server.log.purge.gap = 1000000 (custom)
2022-02-12 02:08:58,080 [pool-349-thread-1] INFO  server.RaftServerConfigKeys (ConfUtils.java:logGet(44)) - raft.server.log.appender.buffer.byte-limit = 33554432 (custom)
2022-02-12 02:08:58,081 [pool-349-thread-1] INFO  server.RaftServerConfigKeys (ConfUtils.java:logGet(44)) - raft.server.log.segment.size.max = 1048576 (custom)
2022-02-12 02:08:58,081 [pool-349-thread-1] INFO  server.RaftServerConfigKeys (ConfUtils.java:logGet(44)) - raft.server.log.segment.cache.num.max = 2 (custom)
2022-02-12 02:08:58,081 [pool-349-thread-1] INFO  server.RaftServerConfigKeys (ConfUtils.java:logGet(44)) - raft.server.log.segment.cache.size.max = 200MB (=209715200) (default)
2022-02-12 02:08:58,081 [pool-349-thread-1] INFO  segmented.SegmentedRaftLogWorker (SegmentedRaftLogWorker.java:<init>(182)) - new b937fb28-01c9-421e-a2c2-ef01dceb1c2c@group-85F464451026-SegmentedRaftLogWorker for RaftStorageImpl:Storage Directory /home/runner/work/ozone/ozone/hadoop-ozone/integration-test/target/test-dir/MiniOzoneClusterImpl-03ef79e6-d6c6-40ba-8af9-d36bcf9e7ad5/datanode-0/data/ratis/537c0b32-cf1e-4450-a335-85f464451026
2022-02-12 02:08:58,081 [pool-349-thread-1] INFO  server.RaftServerConfigKeys (ConfUtils.java:logGet(44)) - raft.server.log.queue.byte-limit = 2147483647 (custom)
2022-02-12 02:08:58,081 [pool-349-thread-1] INFO  server.RaftServerConfigKeys (ConfUtils.java:logGet(44)) - raft.server.log.queue.element-limit = 1024 (custom)
2022-02-12 02:08:58,081 [pool-349-thread-1] INFO  server.RaftServerConfigKeys (ConfUtils.java:logGet(44)) - raft.server.log.segment.size.max = 1048576 (custom)
2022-02-12 02:08:58,081 [pool-349-thread-1] INFO  server.RaftServerConfigKeys (ConfUtils.java:logGet(44)) - raft.server.log.preallocated.size = 16384 (custom)
2022-02-12 02:08:58,081 [pool-349-thread-1] INFO  server.RaftServerConfigKeys (ConfUtils.java:logGet(44)) - raft.server.log.force.sync.num = 128 (default)
2022-02-12 02:08:58,081 [pool-349-thread-1] INFO  server.RaftServerConfigKeys (ConfUtils.java:logGet(44)) - raft.server.log.statemachine.data.sync = true (default)
2022-02-12 02:08:58,081 [pool-349-thread-1] INFO  server.RaftServerConfigKeys (ConfUtils.java:logGet(44)) - raft.server.log.statemachine.data.sync.timeout = 10s (default)
2022-02-12 02:08:58,081 [pool-349-thread-1] INFO  server.RaftServerConfigKeys (ConfUtils.java:logGet(44)) - raft.server.log.statemachine.data.sync.timeout.retry = -1 (default)
2022-02-12 02:08:58,082 [pool-349-thread-1] INFO  server.RaftServerConfigKeys (ConfUtils.java:logGet(44)) - raft.server.log.write.buffer.size = 1048576 (custom)
2022-02-12 02:08:58,082 [pool-349-thread-1] INFO  server.RaftServerConfigKeys (ConfUtils.java:logGet(44)) - raft.server.log.statemachine.data.caching.enabled = true (custom)
2022-02-12 02:08:58,082 [pool-349-thread-1] INFO  segmented.SegmentedRaftLogWorker (SegmentedRaftLogWorker.java:lambda$new$0(133)) - b937fb28-01c9-421e-a2c2-ef01dceb1c2c@group-85F464451026-SegmentedRaftLogWorker: flushIndex: setUnconditionally 0 -> -1
2022-02-12 02:08:58,082 [pool-349-thread-1] INFO  segmented.SegmentedRaftLogWorker (SegmentedRaftLogWorker.java:lambda$new$0(133)) - b937fb28-01c9-421e-a2c2-ef01dceb1c2c@group-85F464451026-SegmentedRaftLogWorker: safeCacheEvictIndex: setUnconditionally 0 -> -1
2022-02-12 02:08:58,089 [pool-349-thread-1] INFO  server.RaftServerConfigKeys (ConfUtils.java:logGet(44)) - raft.server.snapshot.auto.trigger.enabled = true (custom)
2022-02-12 02:08:58,089 [pool-349-thread-1] INFO  server.RaftServerConfigKeys (ConfUtils.java:logGet(44)) - raft.server.snapshot.auto.trigger.threshold = 10000 (custom)
2022-02-12 02:08:58,089 [pool-349-thread-1] INFO  server.RaftServerConfigKeys (ConfUtils.java:logGet(44)) - raft.server.snapshot.retention.file.num = 5 (custom)
2022-02-12 02:08:58,089 [pool-349-thread-1] INFO  server.RaftServerConfigKeys (ConfUtils.java:logGet(44)) - raft.server.log.purge.upto.snapshot.index = false (default)
2022-02-12 02:08:58,089 [pool-349-thread-1] INFO  server.RaftServerConfigKeys (ConfUtils.java:logGet(44)) - raft.server.retrycache.expirytime = 600000ms (custom)
2022-02-12 02:08:58,089 [pool-349-thread-1] INFO  server.RaftServerConfigKeys (ConfUtils.java:logGet(44)) - raft.server.retrycache.statistics.expirytime = 100μs (default)
2022-02-12 02:08:58,090 [pool-349-thread-1] INFO  server.RaftServer$Division (RaftServerImpl.java:start(301)) - b937fb28-01c9-421e-a2c2-ef01dceb1c2c@group-85F464451026: start as a follower, conf=-1: [b937fb28-01c9-421e-a2c2-ef01dceb1c2c|rpc:10.1.0.17:40579|priority:0, be637081-cdfc-4d88-b41d-bd3b2e95f28a|rpc:10.1.0.17:35921|priority:0, d59a6f42-ecf0-4abb-8fb6-b83dde6d65c9|rpc:10.1.0.17:34059|priority:1], old=null
2022-02-12 02:08:58,090 [pool-349-thread-1] INFO  server.RaftServer$Division (RaftServerImpl.java:setRole(290)) - b937fb28-01c9-421e-a2c2-ef01dceb1c2c@group-85F464451026: changes role from      null to FOLLOWER at term 0 for startAsFollower
2022-02-12 02:08:58,090 [pool-349-thread-1] INFO  impl.RoleInfo (RoleInfo.java:updateAndGet(130)) - b937fb28-01c9-421e-a2c2-ef01dceb1c2c: start b937fb28-01c9-421e-a2c2-ef01dceb1c2c@group-85F464451026-FollowerState
2022-02-12 02:08:58,091 [pool-349-thread-1] INFO  util.JmxRegister (JmxRegister.java:tryRegister(44)) - Successfully registered JMX Bean with object name Ratis:service=RaftServer,group=group-85F464451026,id=b937fb28-01c9-421e-a2c2-ef01dceb1c2c
2022-02-12 02:08:58,092 [Command processor thread] INFO  ratis.XceiverServerRatis (XceiverServerRatis.java:addGroup(768)) - Created group PipelineID=537c0b32-cf1e-4450-a335-85f464451026
2022-02-12 02:08:58,092 [EventQueue-OpenPipelineForHealthyPipelineSafeModeRule] INFO  safemode.SCMSafeModeManager (HealthyPipelineSafeModeRule.java:process(124)) - SCM in safe mode. Healthy pipelines reported count is 0, required healthy pipeline reported count is 1
2022-02-12 02:08:58,140 [grpc-default-executor-2] INFO  server.RaftServer (RaftServerProxy.java:addNew(95)) - d59a6f42-ecf0-4abb-8fb6-b83dde6d65c9: addNew group-85F464451026:[b937fb28-01c9-421e-a2c2-ef01dceb1c2c|rpc:10.1.0.17:40579|dataStream:|priority:0, be637081-cdfc-4d88-b41d-bd3b2e95f28a|rpc:10.1.0.17:35921|dataStream:|priority:0, d59a6f42-ecf0-4abb-8fb6-b83dde6d65c9|rpc:10.1.0.17:34059|dataStream:|priority:1] returns group-85F464451026:java.util.concurrent.CompletableFuture@46072c34[Not completed]
2022-02-12 02:08:58,153 [pool-370-thread-1] INFO  server.RaftServer$Division (RaftServerImpl.java:<init>(184)) - d59a6f42-ecf0-4abb-8fb6-b83dde6d65c9: new RaftServerImpl for group-85F464451026:[b937fb28-01c9-421e-a2c2-ef01dceb1c2c|rpc:10.1.0.17:40579|dataStream:|priority:0, be637081-cdfc-4d88-b41d-bd3b2e95f28a|rpc:10.1.0.17:35921|dataStream:|priority:0, d59a6f42-ecf0-4abb-8fb6-b83dde6d65c9|rpc:10.1.0.17:34059|dataStream:|priority:1] with ContainerStateMachine:uninitialized
2022-02-12 02:08:58,164 [pool-370-thread-1] INFO  server.RaftServerConfigKeys (ConfUtils.java:logGet(44)) - raft.server.rpc.timeout.min = 5s (custom)
2022-02-12 02:08:58,164 [pool-370-thread-1] INFO  server.RaftServerConfigKeys (ConfUtils.java:logGet(44)) - raft.server.rpc.timeout.max = 5200ms (custom)
2022-02-12 02:08:58,164 [pool-370-thread-1] INFO  server.RaftServerConfigKeys (ConfUtils.java:logGet(44)) - raft.server.rpc.sleep.time = 25ms (default)
2022-02-12 02:08:58,164 [pool-370-thread-1] INFO  server.RaftServerConfigKeys (ConfUtils.java:logGet(44)) - raft.server.rpc.slowness.timeout = 300s (custom)
2022-02-12 02:08:58,164 [pool-370-thread-1] INFO  server.RaftServerConfigKeys (ConfUtils.java:logGet(44)) - raft.server.leaderelection.leader.step-down.wait-time = 10s (default)
2022-02-12 02:08:58,164 [pool-370-thread-1] INFO  server.RaftServerConfigKeys (ConfUtils.java:logGet(44)) - raft.server.sleep.deviation.threshold = 300ms (default)
2022-02-12 02:08:58,164 [pool-370-thread-1] INFO  server.RaftServerConfigKeys (ConfUtils.java:logGet(44)) - raft.server.log.appender.install.snapshot.enabled = false (custom)
2022-02-12 02:08:58,165 [pool-370-thread-1] INFO  server.RaftServer$Division (ServerState.java:<init>(105)) - d59a6f42-ecf0-4abb-8fb6-b83dde6d65c9@group-85F464451026: ConfigurationManager, init=-1: [b937fb28-01c9-421e-a2c2-ef01dceb1c2c|rpc:10.1.0.17:40579|dataStream:|priority:0, be637081-cdfc-4d88-b41d-bd3b2e95f28a|rpc:10.1.0.17:35921|dataStream:|priority:0, d59a6f42-ecf0-4abb-8fb6-b83dde6d65c9|rpc:10.1.0.17:34059|dataStream:|priority:1], old=null, confs=<EMPTY_MAP>
2022-02-12 02:08:58,165 [pool-370-thread-1] INFO  server.RaftServerConfigKeys (ConfUtils.java:logGet(44)) - raft.server.storage.dir = [/home/runner/work/ozone/ozone/hadoop-ozone/integration-test/target/test-dir/MiniOzoneClusterImpl-03ef79e6-d6c6-40ba-8af9-d36bcf9e7ad5/datanode-1/data/ratis] (custom)
2022-02-12 02:08:58,165 [pool-370-thread-1] INFO  server.RaftServerConfigKeys (ConfUtils.java:logGet(44)) - raft.server.log.corruption.policy = EXCEPTION (default)
2022-02-12 02:08:58,165 [pool-370-thread-1] INFO  server.RaftServerConfigKeys (ConfUtils.java:logGet(44)) - raft.server.storage.free-space.min = 0MB (=0) (default)
2022-02-12 02:08:58,166 [pool-370-thread-1] INFO  storage.RaftStorageDirectory (RaftStorageDirectoryImpl.java:analyzeStorage(135)) - The storage directory /home/runner/work/ozone/ozone/hadoop-ozone/integration-test/target/test-dir/MiniOzoneClusterImpl-03ef79e6-d6c6-40ba-8af9-d36bcf9e7ad5/datanode-1/data/ratis/537c0b32-cf1e-4450-a335-85f464451026 does not exist. Creating ...
2022-02-12 02:08:58,168 [pool-370-thread-1] INFO  storage.RaftStorageDirectory (RaftStorageDirectoryImpl.java:tryLock(230)) - Lock on /home/runner/work/ozone/ozone/hadoop-ozone/integration-test/target/test-dir/MiniOzoneClusterImpl-03ef79e6-d6c6-40ba-8af9-d36bcf9e7ad5/datanode-1/data/ratis/537c0b32-cf1e-4450-a335-85f464451026/in_use.lock acquired by nodename 9178@fv-az395-998
2022-02-12 02:08:58,176 [pool-370-thread-1] INFO  storage.RaftStorage (RaftStorageImpl.java:format(89)) - Storage directory /home/runner/work/ozone/ozone/hadoop-ozone/integration-test/target/test-dir/MiniOzoneClusterImpl-03ef79e6-d6c6-40ba-8af9-d36bcf9e7ad5/datanode-1/data/ratis/537c0b32-cf1e-4450-a335-85f464451026 has been successfully formatted.
2022-02-12 02:08:58,185 [pool-370-thread-1] INFO  ratis.ContainerStateMachine (ContainerStateMachine.java:loadSnapshot(231)) - group-85F464451026: The snapshot info is null. Setting the last applied indexto:(t:0, i:~)
2022-02-12 02:08:58,185 [pool-370-thread-1] INFO  server.RaftServerConfigKeys (ConfUtils.java:logGet(44)) - raft.server.notification.no-leader.timeout = 300s (custom)
2022-02-12 02:08:58,185 [pool-370-thread-1] INFO  server.RaftServerConfigKeys (ConfUtils.java:logGet(44)) - raft.server.log.use.memory = false (default)
2022-02-12 02:08:58,185 [pool-370-thread-1] INFO  server.RaftServerConfigKeys (ConfUtils.java:logGet(44)) - raft.server.log.purge.gap = 1000000 (custom)
2022-02-12 02:08:58,185 [pool-370-thread-1] INFO  server.RaftServerConfigKeys (ConfUtils.java:logGet(44)) - raft.server.log.appender.buffer.byte-limit = 33554432 (custom)
2022-02-12 02:08:58,185 [pool-370-thread-1] INFO  server.RaftServerConfigKeys (ConfUtils.java:logGet(44)) - raft.server.log.segment.size.max = 1048576 (custom)
2022-02-12 02:08:58,186 [pool-370-thread-1] INFO  server.RaftServerConfigKeys (ConfUtils.java:logGet(44)) - raft.server.log.segment.cache.num.max = 2 (custom)
2022-02-12 02:08:58,186 [pool-370-thread-1] INFO  server.RaftServerConfigKeys (ConfUtils.java:logGet(44)) - raft.server.log.segment.cache.size.max = 200MB (=209715200) (default)
2022-02-12 02:08:58,186 [pool-370-thread-1] INFO  segmented.SegmentedRaftLogWorker (SegmentedRaftLogWorker.java:<init>(182)) - new d59a6f42-ecf0-4abb-8fb6-b83dde6d65c9@group-85F464451026-SegmentedRaftLogWorker for RaftStorageImpl:Storage Directory /home/runner/work/ozone/ozone/hadoop-ozone/integration-test/target/test-dir/MiniOzoneClusterImpl-03ef79e6-d6c6-40ba-8af9-d36bcf9e7ad5/datanode-1/data/ratis/537c0b32-cf1e-4450-a335-85f464451026
2022-02-12 02:08:58,186 [pool-370-thread-1] INFO  server.RaftServerConfigKeys (ConfUtils.java:logGet(44)) - raft.server.log.queue.byte-limit = 2147483647 (custom)
2022-02-12 02:08:58,186 [pool-370-thread-1] INFO  server.RaftServerConfigKeys (ConfUtils.java:logGet(44)) - raft.server.log.queue.element-limit = 1024 (custom)
2022-02-12 02:08:58,186 [pool-370-thread-1] INFO  server.RaftServerConfigKeys (ConfUtils.java:logGet(44)) - raft.server.log.segment.size.max = 1048576 (custom)
2022-02-12 02:08:58,186 [pool-370-thread-1] INFO  server.RaftServerConfigKeys (ConfUtils.java:logGet(44)) - raft.server.log.preallocated.size = 16384 (custom)
2022-02-12 02:08:58,186 [pool-370-thread-1] INFO  server.RaftServerConfigKeys (ConfUtils.java:logGet(44)) - raft.server.log.force.sync.num = 128 (default)
2022-02-12 02:08:58,186 [pool-370-thread-1] INFO  server.RaftServerConfigKeys (ConfUtils.java:logGet(44)) - raft.server.log.statemachine.data.sync = true (default)
2022-02-12 02:08:58,186 [pool-370-thread-1] INFO  server.RaftServerConfigKeys (ConfUtils.java:logGet(44)) - raft.server.log.statemachine.data.sync.timeout = 10s (default)
2022-02-12 02:08:58,186 [pool-370-thread-1] INFO  server.RaftServerConfigKeys (ConfUtils.java:logGet(44)) - raft.server.log.statemachine.data.sync.timeout.retry = -1 (default)
2022-02-12 02:08:58,187 [pool-370-thread-1] INFO  server.RaftServerConfigKeys (ConfUtils.java:logGet(44)) - raft.server.log.write.buffer.size = 1048576 (custom)
2022-02-12 02:08:58,187 [pool-370-thread-1] INFO  server.RaftServerConfigKeys (ConfUtils.java:logGet(44)) - raft.server.log.statemachine.data.caching.enabled = true (custom)
2022-02-12 02:08:58,202 [pool-370-thread-1] INFO  segmented.SegmentedRaftLogWorker (SegmentedRaftLogWorker.java:lambda$new$0(133)) - d59a6f42-ecf0-4abb-8fb6-b83dde6d65c9@group-85F464451026-SegmentedRaftLogWorker: flushIndex: setUnconditionally 0 -> -1
2022-02-12 02:08:58,204 [pool-370-thread-1] INFO  segmented.SegmentedRaftLogWorker (SegmentedRaftLogWorker.java:lambda$new$0(133)) - d59a6f42-ecf0-4abb-8fb6-b83dde6d65c9@group-85F464451026-SegmentedRaftLogWorker: safeCacheEvictIndex: setUnconditionally 0 -> -1
2022-02-12 02:08:58,204 [pool-370-thread-1] INFO  server.RaftServerConfigKeys (ConfUtils.java:logGet(44)) - raft.server.snapshot.auto.trigger.enabled = true (custom)
2022-02-12 02:08:58,204 [pool-370-thread-1] INFO  server.RaftServerConfigKeys (ConfUtils.java:logGet(44)) - raft.server.snapshot.auto.trigger.threshold = 10000 (custom)
2022-02-12 02:08:58,204 [pool-370-thread-1] INFO  server.RaftServerConfigKeys (ConfUtils.java:logGet(44)) - raft.server.snapshot.retention.file.num = 5 (custom)
2022-02-12 02:08:58,204 [pool-370-thread-1] INFO  server.RaftServerConfigKeys (ConfUtils.java:logGet(44)) - raft.server.log.purge.upto.snapshot.index = false (default)
2022-02-12 02:08:58,204 [pool-370-thread-1] INFO  server.RaftServerConfigKeys (ConfUtils.java:logGet(44)) - raft.server.retrycache.expirytime = 600000ms (custom)
2022-02-12 02:08:58,204 [pool-370-thread-1] INFO  server.RaftServerConfigKeys (ConfUtils.java:logGet(44)) - raft.server.retrycache.statistics.expirytime = 100μs (default)
2022-02-12 02:08:58,205 [pool-370-thread-1] INFO  server.RaftServer$Division (RaftServerImpl.java:start(301)) - d59a6f42-ecf0-4abb-8fb6-b83dde6d65c9@group-85F464451026: start as a follower, conf=-1: [b937fb28-01c9-421e-a2c2-ef01dceb1c2c|rpc:10.1.0.17:40579|dataStream:|priority:0, be637081-cdfc-4d88-b41d-bd3b2e95f28a|rpc:10.1.0.17:35921|dataStream:|priority:0, d59a6f42-ecf0-4abb-8fb6-b83dde6d65c9|rpc:10.1.0.17:34059|dataStream:|priority:1], old=null
2022-02-12 02:08:58,205 [pool-370-thread-1] INFO  server.RaftServer$Division (RaftServerImpl.java:setRole(290)) - d59a6f42-ecf0-4abb-8fb6-b83dde6d65c9@group-85F464451026: changes role from      null to FOLLOWER at term 0 for startAsFollower
2022-02-12 02:08:58,205 [pool-370-thread-1] INFO  impl.RoleInfo (RoleInfo.java:updateAndGet(130)) - d59a6f42-ecf0-4abb-8fb6-b83dde6d65c9: start d59a6f42-ecf0-4abb-8fb6-b83dde6d65c9@group-85F464451026-FollowerState
2022-02-12 02:08:58,206 [pool-370-thread-1] INFO  util.JmxRegister (JmxRegister.java:tryRegister(44)) - Successfully registered JMX Bean with object name Ratis:service=RaftServer,group=group-85F464451026,id=d59a6f42-ecf0-4abb-8fb6-b83dde6d65c9
2022-02-12 02:08:58,278 [grpc-default-executor-2] INFO  server.RaftServer (RaftServerProxy.java:addNew(95)) - be637081-cdfc-4d88-b41d-bd3b2e95f28a: addNew group-85F464451026:[b937fb28-01c9-421e-a2c2-ef01dceb1c2c|rpc:10.1.0.17:40579|dataStream:|priority:0, be637081-cdfc-4d88-b41d-bd3b2e95f28a|rpc:10.1.0.17:35921|dataStream:|priority:0, d59a6f42-ecf0-4abb-8fb6-b83dde6d65c9|rpc:10.1.0.17:34059|dataStream:|priority:1] returns group-85F464451026:java.util.concurrent.CompletableFuture@43ede6cd[Not completed]
2022-02-12 02:08:58,294 [pool-391-thread-1] INFO  server.RaftServer$Division (RaftServerImpl.java:<init>(184)) - be637081-cdfc-4d88-b41d-bd3b2e95f28a: new RaftServerImpl for group-85F464451026:[b937fb28-01c9-421e-a2c2-ef01dceb1c2c|rpc:10.1.0.17:40579|dataStream:|priority:0, be637081-cdfc-4d88-b41d-bd3b2e95f28a|rpc:10.1.0.17:35921|dataStream:|priority:0, d59a6f42-ecf0-4abb-8fb6-b83dde6d65c9|rpc:10.1.0.17:34059|dataStream:|priority:1] with ContainerStateMachine:uninitialized
2022-02-12 02:08:58,299 [pool-391-thread-1] INFO  server.RaftServerConfigKeys (ConfUtils.java:logGet(44)) - raft.server.rpc.timeout.min = 5s (custom)
2022-02-12 02:08:58,299 [pool-391-thread-1] INFO  server.RaftServerConfigKeys (ConfUtils.java:logGet(44)) - raft.server.rpc.timeout.max = 5200ms (custom)
2022-02-12 02:08:58,299 [pool-391-thread-1] INFO  server.RaftServerConfigKeys (ConfUtils.java:logGet(44)) - raft.server.rpc.sleep.time = 25ms (default)
2022-02-12 02:08:58,299 [pool-391-thread-1] INFO  server.RaftServerConfigKeys (ConfUtils.java:logGet(44)) - raft.server.rpc.slowness.timeout = 300s (custom)
2022-02-12 02:08:58,299 [pool-391-thread-1] INFO  server.RaftServerConfigKeys (ConfUtils.java:logGet(44)) - raft.server.leaderelection.leader.step-down.wait-time = 10s (default)
2022-02-12 02:08:58,299 [pool-391-thread-1] INFO  server.RaftServerConfigKeys (ConfUtils.java:logGet(44)) - raft.server.sleep.deviation.threshold = 300ms (default)
2022-02-12 02:08:58,300 [pool-391-thread-1] INFO  server.RaftServerConfigKeys (ConfUtils.java:logGet(44)) - raft.server.log.appender.install.snapshot.enabled = false (custom)
2022-02-12 02:08:58,300 [pool-391-thread-1] INFO  server.RaftServer$Division (ServerState.java:<init>(105)) - be637081-cdfc-4d88-b41d-bd3b2e95f28a@group-85F464451026: ConfigurationManager, init=-1: [b937fb28-01c9-421e-a2c2-ef01dceb1c2c|rpc:10.1.0.17:40579|dataStream:|priority:0, be637081-cdfc-4d88-b41d-bd3b2e95f28a|rpc:10.1.0.17:35921|dataStream:|priority:0, d59a6f42-ecf0-4abb-8fb6-b83dde6d65c9|rpc:10.1.0.17:34059|dataStream:|priority:1], old=null, confs=<EMPTY_MAP>
2022-02-12 02:08:58,300 [pool-391-thread-1] INFO  server.RaftServerConfigKeys (ConfUtils.java:logGet(44)) - raft.server.storage.dir = [/home/runner/work/ozone/ozone/hadoop-ozone/integration-test/target/test-dir/MiniOzoneClusterImpl-03ef79e6-d6c6-40ba-8af9-d36bcf9e7ad5/datanode-2/data/ratis] (custom)
2022-02-12 02:08:58,300 [pool-391-thread-1] INFO  server.RaftServerConfigKeys (ConfUtils.java:logGet(44)) - raft.server.log.corruption.policy = EXCEPTION (default)
2022-02-12 02:08:58,300 [pool-391-thread-1] INFO  server.RaftServerConfigKeys (ConfUtils.java:logGet(44)) - raft.server.storage.free-space.min = 0MB (=0) (default)
2022-02-12 02:08:58,300 [pool-391-thread-1] INFO  storage.RaftStorageDirectory (RaftStorageDirectoryImpl.java:analyzeStorage(135)) - The storage directory /home/runner/work/ozone/ozone/hadoop-ozone/integration-test/target/test-dir/MiniOzoneClusterImpl-03ef79e6-d6c6-40ba-8af9-d36bcf9e7ad5/datanode-2/data/ratis/537c0b32-cf1e-4450-a335-85f464451026 does not exist. Creating ...
2022-02-12 02:08:58,302 [pool-391-thread-1] INFO  storage.RaftStorageDirectory (RaftStorageDirectoryImpl.java:tryLock(230)) - Lock on /home/runner/work/ozone/ozone/hadoop-ozone/integration-test/target/test-dir/MiniOzoneClusterImpl-03ef79e6-d6c6-40ba-8af9-d36bcf9e7ad5/datanode-2/data/ratis/537c0b32-cf1e-4450-a335-85f464451026/in_use.lock acquired by nodename 9178@fv-az395-998
2022-02-12 02:08:58,308 [pool-391-thread-1] INFO  storage.RaftStorage (RaftStorageImpl.java:format(89)) - Storage directory /home/runner/work/ozone/ozone/hadoop-ozone/integration-test/target/test-dir/MiniOzoneClusterImpl-03ef79e6-d6c6-40ba-8af9-d36bcf9e7ad5/datanode-2/data/ratis/537c0b32-cf1e-4450-a335-85f464451026 has been successfully formatted.
2022-02-12 02:08:58,312 [pool-391-thread-1] INFO  ratis.ContainerStateMachine (ContainerStateMachine.java:loadSnapshot(231)) - group-85F464451026: The snapshot info is null. Setting the last applied indexto:(t:0, i:~)
2022-02-12 02:08:58,321 [pool-391-thread-1] INFO  server.RaftServerConfigKeys (ConfUtils.java:logGet(44)) - raft.server.notification.no-leader.timeout = 300s (custom)
2022-02-12 02:08:58,321 [pool-391-thread-1] INFO  server.RaftServerConfigKeys (ConfUtils.java:logGet(44)) - raft.server.log.use.memory = false (default)
2022-02-12 02:08:58,321 [pool-391-thread-1] INFO  server.RaftServerConfigKeys (ConfUtils.java:logGet(44)) - raft.server.log.purge.gap = 1000000 (custom)
2022-02-12 02:08:58,321 [pool-391-thread-1] INFO  server.RaftServerConfigKeys (ConfUtils.java:logGet(44)) - raft.server.log.appender.buffer.byte-limit = 33554432 (custom)
2022-02-12 02:08:58,321 [pool-391-thread-1] INFO  server.RaftServerConfigKeys (ConfUtils.java:logGet(44)) - raft.server.log.segment.size.max = 1048576 (custom)
2022-02-12 02:08:58,322 [pool-391-thread-1] INFO  server.RaftServerConfigKeys (ConfUtils.java:logGet(44)) - raft.server.log.segment.cache.num.max = 2 (custom)
2022-02-12 02:08:58,322 [pool-391-thread-1] INFO  server.RaftServerConfigKeys (ConfUtils.java:logGet(44)) - raft.server.log.segment.cache.size.max = 200MB (=209715200) (default)
2022-02-12 02:08:58,322 [pool-391-thread-1] INFO  segmented.SegmentedRaftLogWorker (SegmentedRaftLogWorker.java:<init>(182)) - new be637081-cdfc-4d88-b41d-bd3b2e95f28a@group-85F464451026-SegmentedRaftLogWorker for RaftStorageImpl:Storage Directory /home/runner/work/ozone/ozone/hadoop-ozone/integration-test/target/test-dir/MiniOzoneClusterImpl-03ef79e6-d6c6-40ba-8af9-d36bcf9e7ad5/datanode-2/data/ratis/537c0b32-cf1e-4450-a335-85f464451026
2022-02-12 02:08:58,322 [pool-391-thread-1] INFO  server.RaftServerConfigKeys (ConfUtils.java:logGet(44)) - raft.server.log.queue.byte-limit = 2147483647 (custom)
2022-02-12 02:08:58,322 [pool-391-thread-1] INFO  server.RaftServerConfigKeys (ConfUtils.java:logGet(44)) - raft.server.log.queue.element-limit = 1024 (custom)
2022-02-12 02:08:58,322 [pool-391-thread-1] INFO  server.RaftServerConfigKeys (ConfUtils.java:logGet(44)) - raft.server.log.segment.size.max = 1048576 (custom)
2022-02-12 02:08:58,322 [pool-391-thread-1] INFO  server.RaftServerConfigKeys (ConfUtils.java:logGet(44)) - raft.server.log.preallocated.size = 16384 (custom)
2022-02-12 02:08:58,322 [pool-391-thread-1] INFO  server.RaftServerConfigKeys (ConfUtils.java:logGet(44)) - raft.server.log.force.sync.num = 128 (default)
2022-02-12 02:08:58,322 [pool-391-thread-1] INFO  server.RaftServerConfigKeys (ConfUtils.java:logGet(44)) - raft.server.log.statemachine.data.sync = true (default)
2022-02-12 02:08:58,322 [pool-391-thread-1] INFO  server.RaftServerConfigKeys (ConfUtils.java:logGet(44)) - raft.server.log.statemachine.data.sync.timeout = 10s (default)
2022-02-12 02:08:58,322 [pool-391-thread-1] INFO  server.RaftServerConfigKeys (ConfUtils.java:logGet(44)) - raft.server.log.statemachine.data.sync.timeout.retry = -1 (default)
2022-02-12 02:08:58,323 [pool-391-thread-1] INFO  server.RaftServerConfigKeys (ConfUtils.java:logGet(44)) - raft.server.log.write.buffer.size = 1048576 (custom)
2022-02-12 02:08:58,323 [pool-391-thread-1] INFO  server.RaftServerConfigKeys (ConfUtils.java:logGet(44)) - raft.server.log.statemachine.data.caching.enabled = true (custom)
2022-02-12 02:08:58,323 [pool-391-thread-1] INFO  segmented.SegmentedRaftLogWorker (SegmentedRaftLogWorker.java:lambda$new$0(133)) - be637081-cdfc-4d88-b41d-bd3b2e95f28a@group-85F464451026-SegmentedRaftLogWorker: flushIndex: setUnconditionally 0 -> -1
2022-02-12 02:08:58,323 [pool-391-thread-1] INFO  segmented.SegmentedRaftLogWorker (SegmentedRaftLogWorker.java:lambda$new$0(133)) - be637081-cdfc-4d88-b41d-bd3b2e95f28a@group-85F464451026-SegmentedRaftLogWorker: safeCacheEvictIndex: setUnconditionally 0 -> -1
2022-02-12 02:08:58,327 [pool-391-thread-1] INFO  server.RaftServerConfigKeys (ConfUtils.java:logGet(44)) - raft.server.snapshot.auto.trigger.enabled = true (custom)
2022-02-12 02:08:58,327 [pool-391-thread-1] INFO  server.RaftServerConfigKeys (ConfUtils.java:logGet(44)) - raft.server.snapshot.auto.trigger.threshold = 10000 (custom)
2022-02-12 02:08:58,327 [pool-391-thread-1] INFO  server.RaftServerConfigKeys (ConfUtils.java:logGet(44)) - raft.server.snapshot.retention.file.num = 5 (custom)
2022-02-12 02:08:58,327 [pool-391-thread-1] INFO  server.RaftServerConfigKeys (ConfUtils.java:logGet(44)) - raft.server.log.purge.upto.snapshot.index = false (default)
2022-02-12 02:08:58,327 [pool-391-thread-1] INFO  server.RaftServerConfigKeys (ConfUtils.java:logGet(44)) - raft.server.retrycache.expirytime = 600000ms (custom)
2022-02-12 02:08:58,327 [pool-391-thread-1] INFO  server.RaftServerConfigKeys (ConfUtils.java:logGet(44)) - raft.server.retrycache.statistics.expirytime = 100μs (default)
2022-02-12 02:08:58,328 [pool-391-thread-1] INFO  server.RaftServer$Division (RaftServerImpl.java:start(301)) - be637081-cdfc-4d88-b41d-bd3b2e95f28a@group-85F464451026: start as a follower, conf=-1: [b937fb28-01c9-421e-a2c2-ef01dceb1c2c|rpc:10.1.0.17:40579|dataStream:|priority:0, be637081-cdfc-4d88-b41d-bd3b2e95f28a|rpc:10.1.0.17:35921|dataStream:|priority:0, d59a6f42-ecf0-4abb-8fb6-b83dde6d65c9|rpc:10.1.0.17:34059|dataStream:|priority:1], old=null
2022-02-12 02:08:58,328 [pool-391-thread-1] INFO  server.RaftServer$Division (RaftServerImpl.java:setRole(290)) - be637081-cdfc-4d88-b41d-bd3b2e95f28a@group-85F464451026: changes role from      null to FOLLOWER at term 0 for startAsFollower
2022-02-12 02:08:58,329 [pool-391-thread-1] INFO  impl.RoleInfo (RoleInfo.java:updateAndGet(130)) - be637081-cdfc-4d88-b41d-bd3b2e95f28a: start be637081-cdfc-4d88-b41d-bd3b2e95f28a@group-85F464451026-FollowerState
2022-02-12 02:08:58,329 [pool-391-thread-1] INFO  util.JmxRegister (JmxRegister.java:tryRegister(44)) - Successfully registered JMX Bean with object name Ratis:service=RaftServer,group=group-85F464451026,id=be637081-cdfc-4d88-b41d-bd3b2e95f28a
2022-02-12 02:08:58,340 [Command processor thread] INFO  commandhandler.CreatePipelineCommandHandler (CreatePipelineCommandHandler.java:handle(106)) - Created Pipeline RATIS THREE PipelineID=537c0b32-cf1e-4450-a335-85f464451026.
2022-02-12 02:08:58,340 [Command processor thread] INFO  server.RaftServer (RaftServerProxy.java:addNew(95)) - b937fb28-01c9-421e-a2c2-ef01dceb1c2c: addNew group-8B8F8AFAC82E:[b937fb28-01c9-421e-a2c2-ef01dceb1c2c|rpc:10.1.0.17:40579|priority:1, be637081-cdfc-4d88-b41d-bd3b2e95f28a|rpc:10.1.0.17:35921|priority:0, d59a6f42-ecf0-4abb-8fb6-b83dde6d65c9|rpc:10.1.0.17:34059|priority:0] returns group-8B8F8AFAC82E:java.util.concurrent.CompletableFuture@43e23cfe[Not completed]
2022-02-12 02:08:58,341 [pool-349-thread-1] INFO  server.RaftServer$Division (RaftServerImpl.java:<init>(184)) - b937fb28-01c9-421e-a2c2-ef01dceb1c2c: new RaftServerImpl for group-8B8F8AFAC82E:[b937fb28-01c9-421e-a2c2-ef01dceb1c2c|rpc:10.1.0.17:40579|priority:1, be637081-cdfc-4d88-b41d-bd3b2e95f28a|rpc:10.1.0.17:35921|priority:0, d59a6f42-ecf0-4abb-8fb6-b83dde6d65c9|rpc:10.1.0.17:34059|priority:0] with ContainerStateMachine:uninitialized
2022-02-12 02:08:58,341 [pool-349-thread-1] INFO  server.RaftServerConfigKeys (ConfUtils.java:logGet(44)) - raft.server.rpc.timeout.min = 5s (custom)
2022-02-12 02:08:58,341 [pool-349-thread-1] INFO  server.RaftServerConfigKeys (ConfUtils.java:logGet(44)) - raft.server.rpc.timeout.max = 5200ms (custom)
2022-02-12 02:08:58,341 [pool-349-thread-1] INFO  server.RaftServerConfigKeys (ConfUtils.java:logGet(44)) - raft.server.rpc.sleep.time = 25ms (default)
2022-02-12 02:08:58,341 [pool-349-thread-1] INFO  server.RaftServerConfigKeys (ConfUtils.java:logGet(44)) - raft.server.rpc.slowness.timeout = 300s (custom)
2022-02-12 02:08:58,341 [pool-349-thread-1] INFO  server.RaftServerConfigKeys (ConfUtils.java:logGet(44)) - raft.server.leaderelection.leader.step-down.wait-time = 10s (default)
2022-02-12 02:08:58,341 [pool-349-thread-1] INFO  server.RaftServerConfigKeys (ConfUtils.java:logGet(44)) - raft.server.sleep.deviation.threshold = 300ms (default)
2022-02-12 02:08:58,341 [pool-349-thread-1] INFO  server.RaftServerConfigKeys (ConfUtils.java:logGet(44)) - raft.server.log.appender.install.snapshot.enabled = false (custom)
2022-02-12 02:08:58,341 [pool-349-thread-1] INFO  server.RaftServer$Division (ServerState.java:<init>(105)) - b937fb28-01c9-421e-a2c2-ef01dceb1c2c@group-8B8F8AFAC82E: ConfigurationManager, init=-1: [b937fb28-01c9-421e-a2c2-ef01dceb1c2c|rpc:10.1.0.17:40579|priority:1, be637081-cdfc-4d88-b41d-bd3b2e95f28a|rpc:10.1.0.17:35921|priority:0, d59a6f42-ecf0-4abb-8fb6-b83dde6d65c9|rpc:10.1.0.17:34059|priority:0], old=null, confs=<EMPTY_MAP>
2022-02-12 02:08:58,341 [pool-349-thread-1] INFO  server.RaftServerConfigKeys (ConfUtils.java:logGet(44)) - raft.server.storage.dir = [/home/runner/work/ozone/ozone/hadoop-ozone/integration-test/target/test-dir/MiniOzoneClusterImpl-03ef79e6-d6c6-40ba-8af9-d36bcf9e7ad5/datanode-0/data/ratis] (custom)
2022-02-12 02:08:58,341 [pool-349-thread-1] INFO  server.RaftServerConfigKeys (ConfUtils.java:logGet(44)) - raft.server.log.corruption.policy = EXCEPTION (default)
2022-02-12 02:08:58,341 [pool-349-thread-1] INFO  server.RaftServerConfigKeys (ConfUtils.java:logGet(44)) - raft.server.storage.free-space.min = 0MB (=0) (default)
2022-02-12 02:08:58,341 [pool-349-thread-1] INFO  storage.RaftStorageDirectory (RaftStorageDirectoryImpl.java:analyzeStorage(135)) - The storage directory /home/runner/work/ozone/ozone/hadoop-ozone/integration-test/target/test-dir/MiniOzoneClusterImpl-03ef79e6-d6c6-40ba-8af9-d36bcf9e7ad5/datanode-0/data/ratis/877b258d-bdf4-4e34-a1a7-8b8f8afac82e does not exist. Creating ...
2022-02-12 02:08:58,350 [pool-349-thread-1] INFO  storage.RaftStorageDirectory (RaftStorageDirectoryImpl.java:tryLock(230)) - Lock on /home/runner/work/ozone/ozone/hadoop-ozone/integration-test/target/test-dir/MiniOzoneClusterImpl-03ef79e6-d6c6-40ba-8af9-d36bcf9e7ad5/datanode-0/data/ratis/877b258d-bdf4-4e34-a1a7-8b8f8afac82e/in_use.lock acquired by nodename 9178@fv-az395-998
2022-02-12 02:08:58,351 [pool-349-thread-1] INFO  storage.RaftStorage (RaftStorageImpl.java:format(89)) - Storage directory /home/runner/work/ozone/ozone/hadoop-ozone/integration-test/target/test-dir/MiniOzoneClusterImpl-03ef79e6-d6c6-40ba-8af9-d36bcf9e7ad5/datanode-0/data/ratis/877b258d-bdf4-4e34-a1a7-8b8f8afac82e has been successfully formatted.
2022-02-12 02:08:58,352 [pool-349-thread-1] INFO  ratis.ContainerStateMachine (ContainerStateMachine.java:loadSnapshot(231)) - group-8B8F8AFAC82E: The snapshot info is null. Setting the last applied indexto:(t:0, i:~)
2022-02-12 02:08:58,353 [pool-349-thread-1] INFO  server.RaftServerConfigKeys (ConfUtils.java:logGet(44)) - raft.server.notification.no-leader.timeout = 300s (custom)
2022-02-12 02:08:58,353 [pool-349-thread-1] INFO  server.RaftServerConfigKeys (ConfUtils.java:logGet(44)) - raft.server.log.use.memory = false (default)
2022-02-12 02:08:58,353 [pool-349-thread-1] INFO  server.RaftServerConfigKeys (ConfUtils.java:logGet(44)) - raft.server.log.purge.gap = 1000000 (custom)
2022-02-12 02:08:58,353 [pool-349-thread-1] INFO  server.RaftServerConfigKeys (ConfUtils.java:logGet(44)) - raft.server.log.appender.buffer.byte-limit = 33554432 (custom)
2022-02-12 02:08:58,353 [pool-349-thread-1] INFO  server.RaftServerConfigKeys (ConfUtils.java:logGet(44)) - raft.server.log.segment.size.max = 1048576 (custom)
2022-02-12 02:08:58,354 [pool-349-thread-1] INFO  server.RaftServerConfigKeys (ConfUtils.java:logGet(44)) - raft.server.log.segment.cache.num.max = 2 (custom)
2022-02-12 02:08:58,354 [EventQueue-OpenPipelineForHealthyPipelineSafeModeRule] INFO  safemode.SCMSafeModeManager (HealthyPipelineSafeModeRule.java:process(124)) - SCM in safe mode. Healthy pipelines reported count is 0, required healthy pipeline reported count is 1
2022-02-12 02:08:58,355 [pool-349-thread-1] INFO  server.RaftServerConfigKeys (ConfUtils.java:logGet(44)) - raft.server.log.segment.cache.size.max = 200MB (=209715200) (default)
2022-02-12 02:08:58,355 [pool-349-thread-1] INFO  segmented.SegmentedRaftLogWorker (SegmentedRaftLogWorker.java:<init>(182)) - new b937fb28-01c9-421e-a2c2-ef01dceb1c2c@group-8B8F8AFAC82E-SegmentedRaftLogWorker for RaftStorageImpl:Storage Directory /home/runner/work/ozone/ozone/hadoop-ozone/integration-test/target/test-dir/MiniOzoneClusterImpl-03ef79e6-d6c6-40ba-8af9-d36bcf9e7ad5/datanode-0/data/ratis/877b258d-bdf4-4e34-a1a7-8b8f8afac82e
2022-02-12 02:08:58,355 [pool-349-thread-1] INFO  server.RaftServerConfigKeys (ConfUtils.java:logGet(44)) - raft.server.log.queue.byte-limit = 2147483647 (custom)
2022-02-12 02:08:58,355 [pool-349-thread-1] INFO  server.RaftServerConfigKeys (ConfUtils.java:logGet(44)) - raft.server.log.queue.element-limit = 1024 (custom)
2022-02-12 02:08:58,355 [pool-349-thread-1] INFO  server.RaftServerConfigKeys (ConfUtils.java:logGet(44)) - raft.server.log.segment.size.max = 1048576 (custom)
2022-02-12 02:08:58,355 [pool-349-thread-1] INFO  server.RaftServerConfigKeys (ConfUtils.java:logGet(44)) - raft.server.log.preallocated.size = 16384 (custom)
2022-02-12 02:08:58,355 [pool-349-thread-1] INFO  server.RaftServerConfigKeys (ConfUtils.java:logGet(44)) - raft.server.log.force.sync.num = 128 (default)
2022-02-12 02:08:58,355 [pool-349-thread-1] INFO  server.RaftServerConfigKeys (ConfUtils.java:logGet(44)) - raft.server.log.statemachine.data.sync = true (default)
2022-02-12 02:08:58,356 [pool-349-thread-1] INFO  server.RaftServerConfigKeys (ConfUtils.java:logGet(44)) - raft.server.log.statemachine.data.sync.timeout = 10s (default)
2022-02-12 02:08:58,356 [pool-349-thread-1] INFO  server.RaftServerConfigKeys (ConfUtils.java:logGet(44)) - raft.server.log.statemachine.data.sync.timeout.retry = -1 (default)
2022-02-12 02:08:58,356 [pool-349-thread-1] INFO  server.RaftServerConfigKeys (ConfUtils.java:logGet(44)) - raft.server.log.write.buffer.size = 1048576 (custom)
2022-02-12 02:08:58,368 [pool-349-thread-1] INFO  server.RaftServerConfigKeys (ConfUtils.java:logGet(44)) - raft.server.log.statemachine.data.caching.enabled = true (custom)
2022-02-12 02:08:58,368 [pool-349-thread-1] INFO  segmented.SegmentedRaftLogWorker (SegmentedRaftLogWorker.java:lambda$new$0(133)) - b937fb28-01c9-421e-a2c2-ef01dceb1c2c@group-8B8F8AFAC82E-SegmentedRaftLogWorker: flushIndex: setUnconditionally 0 -> -1
2022-02-12 02:08:58,368 [pool-349-thread-1] INFO  segmented.SegmentedRaftLogWorker (SegmentedRaftLogWorker.java:lambda$new$0(133)) - b937fb28-01c9-421e-a2c2-ef01dceb1c2c@group-8B8F8AFAC82E-SegmentedRaftLogWorker: safeCacheEvictIndex: setUnconditionally 0 -> -1
2022-02-12 02:08:58,371 [pool-349-thread-1] INFO  server.RaftServerConfigKeys (ConfUtils.java:logGet(44)) - raft.server.snapshot.auto.trigger.enabled = true (custom)
2022-02-12 02:08:58,371 [pool-349-thread-1] INFO  server.RaftServerConfigKeys (ConfUtils.java:logGet(44)) - raft.server.snapshot.auto.trigger.threshold = 10000 (custom)
2022-02-12 02:08:58,371 [pool-349-thread-1] INFO  server.RaftServerConfigKeys (ConfUtils.java:logGet(44)) - raft.server.snapshot.retention.file.num = 5 (custom)
2022-02-12 02:08:58,371 [pool-349-thread-1] INFO  server.RaftServerConfigKeys (ConfUtils.java:logGet(44)) - raft.server.log.purge.upto.snapshot.index = false (default)
2022-02-12 02:08:58,371 [pool-349-thread-1] INFO  server.RaftServerConfigKeys (ConfUtils.java:logGet(44)) - raft.server.retrycache.expirytime = 600000ms (custom)
2022-02-12 02:08:58,371 [pool-349-thread-1] INFO  server.RaftServerConfigKeys (ConfUtils.java:logGet(44)) - raft.server.retrycache.statistics.expirytime = 100μs (default)
2022-02-12 02:08:58,372 [pool-349-thread-1] INFO  server.RaftServer$Division (RaftServerImpl.java:start(301)) - b937fb28-01c9-421e-a2c2-ef01dceb1c2c@group-8B8F8AFAC82E: start as a follower, conf=-1: [b937fb28-01c9-421e-a2c2-ef01dceb1c2c|rpc:10.1.0.17:40579|priority:1, be637081-cdfc-4d88-b41d-bd3b2e95f28a|rpc:10.1.0.17:35921|priority:0, d59a6f42-ecf0-4abb-8fb6-b83dde6d65c9|rpc:10.1.0.17:34059|priority:0], old=null
2022-02-12 02:08:58,373 [pool-349-thread-1] INFO  server.RaftServer$Division (RaftServerImpl.java:setRole(290)) - b937fb28-01c9-421e-a2c2-ef01dceb1c2c@group-8B8F8AFAC82E: changes role from      null to FOLLOWER at term 0 for startAsFollower
2022-02-12 02:08:58,373 [pool-349-thread-1] INFO  impl.RoleInfo (RoleInfo.java:updateAndGet(130)) - b937fb28-01c9-421e-a2c2-ef01dceb1c2c: start b937fb28-01c9-421e-a2c2-ef01dceb1c2c@group-8B8F8AFAC82E-FollowerState
2022-02-12 02:08:58,373 [pool-349-thread-1] INFO  util.JmxRegister (JmxRegister.java:tryRegister(44)) - Successfully registered JMX Bean with object name Ratis:service=RaftServer,group=group-8B8F8AFAC82E,id=b937fb28-01c9-421e-a2c2-ef01dceb1c2c
2022-02-12 02:08:58,373 [Command processor thread] INFO  ratis.XceiverServerRatis (XceiverServerRatis.java:addGroup(768)) - Created group PipelineID=877b258d-bdf4-4e34-a1a7-8b8f8afac82e
2022-02-12 02:08:58,385 [grpc-default-executor-2] INFO  server.RaftServer (RaftServerProxy.java:addNew(95)) - d59a6f42-ecf0-4abb-8fb6-b83dde6d65c9: addNew group-8B8F8AFAC82E:[b937fb28-01c9-421e-a2c2-ef01dceb1c2c|rpc:10.1.0.17:40579|dataStream:|priority:1, be637081-cdfc-4d88-b41d-bd3b2e95f28a|rpc:10.1.0.17:35921|dataStream:|priority:0, d59a6f42-ecf0-4abb-8fb6-b83dde6d65c9|rpc:10.1.0.17:34059|dataStream:|priority:0] returns group-8B8F8AFAC82E:java.util.concurrent.CompletableFuture@207888cc[Not completed]
2022-02-12 02:08:58,385 [pool-370-thread-1] INFO  server.RaftServer$Division (RaftServerImpl.java:<init>(184)) - d59a6f42-ecf0-4abb-8fb6-b83dde6d65c9: new RaftServerImpl for group-8B8F8AFAC82E:[b937fb28-01c9-421e-a2c2-ef01dceb1c2c|rpc:10.1.0.17:40579|dataStream:|priority:1, be637081-cdfc-4d88-b41d-bd3b2e95f28a|rpc:10.1.0.17:35921|dataStream:|priority:0, d59a6f42-ecf0-4abb-8fb6-b83dde6d65c9|rpc:10.1.0.17:34059|dataStream:|priority:0] with ContainerStateMachine:uninitialized
2022-02-12 02:08:58,386 [pool-370-thread-1] INFO  server.RaftServerConfigKeys (ConfUtils.java:logGet(44)) - raft.server.rpc.timeout.min = 5s (custom)
2022-02-12 02:08:58,386 [pool-370-thread-1] INFO  server.RaftServerConfigKeys (ConfUtils.java:logGet(44)) - raft.server.rpc.timeout.max = 5200ms (custom)
2022-02-12 02:08:58,386 [pool-370-thread-1] INFO  server.RaftServerConfigKeys (ConfUtils.java:logGet(44)) - raft.server.rpc.sleep.time = 25ms (default)
2022-02-12 02:08:58,386 [pool-370-thread-1] INFO  server.RaftServerConfigKeys (ConfUtils.java:logGet(44)) - raft.server.rpc.slowness.timeout = 300s (custom)
2022-02-12 02:08:58,386 [pool-370-thread-1] INFO  server.RaftServerConfigKeys (ConfUtils.java:logGet(44)) - raft.server.leaderelection.leader.step-down.wait-time = 10s (default)
2022-02-12 02:08:58,386 [pool-370-thread-1] INFO  server.RaftServerConfigKeys (ConfUtils.java:logGet(44)) - raft.server.sleep.deviation.threshold = 300ms (default)
2022-02-12 02:08:58,386 [pool-370-thread-1] INFO  server.RaftServerConfigKeys (ConfUtils.java:logGet(44)) - raft.server.log.appender.install.snapshot.enabled = false (custom)
2022-02-12 02:08:58,386 [pool-370-thread-1] INFO  server.RaftServer$Division (ServerState.java:<init>(105)) - d59a6f42-ecf0-4abb-8fb6-b83dde6d65c9@group-8B8F8AFAC82E: ConfigurationManager, init=-1: [b937fb28-01c9-421e-a2c2-ef01dceb1c2c|rpc:10.1.0.17:40579|dataStream:|priority:1, be637081-cdfc-4d88-b41d-bd3b2e95f28a|rpc:10.1.0.17:35921|dataStream:|priority:0, d59a6f42-ecf0-4abb-8fb6-b83dde6d65c9|rpc:10.1.0.17:34059|dataStream:|priority:0], old=null, confs=<EMPTY_MAP>
2022-02-12 02:08:58,386 [pool-370-thread-1] INFO  server.RaftServerConfigKeys (ConfUtils.java:logGet(44)) - raft.server.storage.dir = [/home/runner/work/ozone/ozone/hadoop-ozone/integration-test/target/test-dir/MiniOzoneClusterImpl-03ef79e6-d6c6-40ba-8af9-d36bcf9e7ad5/datanode-1/data/ratis] (custom)
2022-02-12 02:08:58,386 [pool-370-thread-1] INFO  server.RaftServerConfigKeys (ConfUtils.java:logGet(44)) - raft.server.log.corruption.policy = EXCEPTION (default)
2022-02-12 02:08:58,386 [pool-370-thread-1] INFO  server.RaftServerConfigKeys (ConfUtils.java:logGet(44)) - raft.server.storage.free-space.min = 0MB (=0) (default)
2022-02-12 02:08:58,386 [pool-370-thread-1] INFO  storage.RaftStorageDirectory (RaftStorageDirectoryImpl.java:analyzeStorage(135)) - The storage directory /home/runner/work/ozone/ozone/hadoop-ozone/integration-test/target/test-dir/MiniOzoneClusterImpl-03ef79e6-d6c6-40ba-8af9-d36bcf9e7ad5/datanode-1/data/ratis/877b258d-bdf4-4e34-a1a7-8b8f8afac82e does not exist. Creating ...
2022-02-12 02:08:58,387 [pool-370-thread-1] INFO  storage.RaftStorageDirectory (RaftStorageDirectoryImpl.java:tryLock(230)) - Lock on /home/runner/work/ozone/ozone/hadoop-ozone/integration-test/target/test-dir/MiniOzoneClusterImpl-03ef79e6-d6c6-40ba-8af9-d36bcf9e7ad5/datanode-1/data/ratis/877b258d-bdf4-4e34-a1a7-8b8f8afac82e/in_use.lock acquired by nodename 9178@fv-az395-998
2022-02-12 02:08:58,388 [pool-370-thread-1] INFO  storage.RaftStorage (RaftStorageImpl.java:format(89)) - Storage directory /home/runner/work/ozone/ozone/hadoop-ozone/integration-test/target/test-dir/MiniOzoneClusterImpl-03ef79e6-d6c6-40ba-8af9-d36bcf9e7ad5/datanode-1/data/ratis/877b258d-bdf4-4e34-a1a7-8b8f8afac82e has been successfully formatted.
2022-02-12 02:08:58,389 [pool-370-thread-1] INFO  ratis.ContainerStateMachine (ContainerStateMachine.java:loadSnapshot(231)) - group-8B8F8AFAC82E: The snapshot info is null. Setting the last applied indexto:(t:0, i:~)
2022-02-12 02:08:58,389 [pool-370-thread-1] INFO  server.RaftServerConfigKeys (ConfUtils.java:logGet(44)) - raft.server.notification.no-leader.timeout = 300s (custom)
2022-02-12 02:08:58,389 [pool-370-thread-1] INFO  server.RaftServerConfigKeys (ConfUtils.java:logGet(44)) - raft.server.log.use.memory = false (default)
2022-02-12 02:08:58,389 [pool-370-thread-1] INFO  server.RaftServerConfigKeys (ConfUtils.java:logGet(44)) - raft.server.log.purge.gap = 1000000 (custom)
2022-02-12 02:08:58,389 [pool-370-thread-1] INFO  server.RaftServerConfigKeys (ConfUtils.java:logGet(44)) - raft.server.log.appender.buffer.byte-limit = 33554432 (custom)
2022-02-12 02:08:58,389 [pool-370-thread-1] INFO  server.RaftServerConfigKeys (ConfUtils.java:logGet(44)) - raft.server.log.segment.size.max = 1048576 (custom)
2022-02-12 02:08:58,390 [pool-370-thread-1] INFO  server.RaftServerConfigKeys (ConfUtils.java:logGet(44)) - raft.server.log.segment.cache.num.max = 2 (custom)
2022-02-12 02:08:58,390 [pool-370-thread-1] INFO  server.RaftServerConfigKeys (ConfUtils.java:logGet(44)) - raft.server.log.segment.cache.size.max = 200MB (=209715200) (default)
2022-02-12 02:08:58,390 [pool-370-thread-1] INFO  segmented.SegmentedRaftLogWorker (SegmentedRaftLogWorker.java:<init>(182)) - new d59a6f42-ecf0-4abb-8fb6-b83dde6d65c9@group-8B8F8AFAC82E-SegmentedRaftLogWorker for RaftStorageImpl:Storage Directory /home/runner/work/ozone/ozone/hadoop-ozone/integration-test/target/test-dir/MiniOzoneClusterImpl-03ef79e6-d6c6-40ba-8af9-d36bcf9e7ad5/datanode-1/data/ratis/877b258d-bdf4-4e34-a1a7-8b8f8afac82e
2022-02-12 02:08:58,390 [pool-370-thread-1] INFO  server.RaftServerConfigKeys (ConfUtils.java:logGet(44)) - raft.server.log.queue.byte-limit = 2147483647 (custom)
2022-02-12 02:08:58,390 [pool-370-thread-1] INFO  server.RaftServerConfigKeys (ConfUtils.java:logGet(44)) - raft.server.log.queue.element-limit = 1024 (custom)
2022-02-12 02:08:58,390 [pool-370-thread-1] INFO  server.RaftServerConfigKeys (ConfUtils.java:logGet(44)) - raft.server.log.segment.size.max = 1048576 (custom)
2022-02-12 02:08:58,390 [pool-370-thread-1] INFO  server.RaftServerConfigKeys (ConfUtils.java:logGet(44)) - raft.server.log.preallocated.size = 16384 (custom)
2022-02-12 02:08:58,390 [pool-370-thread-1] INFO  server.RaftServerConfigKeys (ConfUtils.java:logGet(44)) - raft.server.log.force.sync.num = 128 (default)
2022-02-12 02:08:58,390 [pool-370-thread-1] INFO  server.RaftServerConfigKeys (ConfUtils.java:logGet(44)) - raft.server.log.statemachine.data.sync = true (default)
2022-02-12 02:08:58,390 [pool-370-thread-1] INFO  server.RaftServerConfigKeys (ConfUtils.java:logGet(44)) - raft.server.log.statemachine.data.sync.timeout = 10s (default)
2022-02-12 02:08:58,390 [pool-370-thread-1] INFO  server.RaftServerConfigKeys (ConfUtils.java:logGet(44)) - raft.server.log.statemachine.data.sync.timeout.retry = -1 (default)
2022-02-12 02:08:58,391 [pool-370-thread-1] INFO  server.RaftServerConfigKeys (ConfUtils.java:logGet(44)) - raft.server.log.write.buffer.size = 1048576 (custom)
2022-02-12 02:08:58,391 [pool-370-thread-1] INFO  server.RaftServerConfigKeys (ConfUtils.java:logGet(44)) - raft.server.log.statemachine.data.caching.enabled = true (custom)
2022-02-12 02:08:58,392 [pool-370-thread-1] INFO  segmented.SegmentedRaftLogWorker (SegmentedRaftLogWorker.java:lambda$new$0(133)) - d59a6f42-ecf0-4abb-8fb6-b83dde6d65c9@group-8B8F8AFAC82E-SegmentedRaftLogWorker: flushIndex: setUnconditionally 0 -> -1
2022-02-12 02:08:58,392 [pool-370-thread-1] INFO  segmented.SegmentedRaftLogWorker (SegmentedRaftLogWorker.java:lambda$new$0(133)) - d59a6f42-ecf0-4abb-8fb6-b83dde6d65c9@group-8B8F8AFAC82E-SegmentedRaftLogWorker: safeCacheEvictIndex: setUnconditionally 0 -> -1
2022-02-12 02:08:58,394 [Command processor thread] INFO  server.RaftServer (RaftServerProxy.java:addNew(95)) - d59a6f42-ecf0-4abb-8fb6-b83dde6d65c9: addNew group-97CA26D0459A:[d59a6f42-ecf0-4abb-8fb6-b83dde6d65c9|rpc:10.1.0.17:34059|priority:1] returns group-97CA26D0459A:java.util.concurrent.CompletableFuture@25238a74[Not completed]
2022-02-12 02:08:58,407 [pool-370-thread-1] INFO  server.RaftServerConfigKeys (ConfUtils.java:logGet(44)) - raft.server.snapshot.auto.trigger.enabled = true (custom)
2022-02-12 02:08:58,407 [pool-370-thread-1] INFO  server.RaftServerConfigKeys (ConfUtils.java:logGet(44)) - raft.server.snapshot.auto.trigger.threshold = 10000 (custom)
2022-02-12 02:08:58,407 [pool-370-thread-1] INFO  server.RaftServerConfigKeys (ConfUtils.java:logGet(44)) - raft.server.snapshot.retention.file.num = 5 (custom)
2022-02-12 02:08:58,407 [pool-370-thread-1] INFO  server.RaftServerConfigKeys (ConfUtils.java:logGet(44)) - raft.server.log.purge.upto.snapshot.index = false (default)
2022-02-12 02:08:58,407 [pool-370-thread-1] INFO  server.RaftServerConfigKeys (ConfUtils.java:logGet(44)) - raft.server.retrycache.expirytime = 600000ms (custom)
2022-02-12 02:08:58,407 [pool-370-thread-1] INFO  server.RaftServerConfigKeys (ConfUtils.java:logGet(44)) - raft.server.retrycache.statistics.expirytime = 100μs (default)
2022-02-12 02:08:58,411 [pool-370-thread-1] INFO  server.RaftServer$Division (RaftServerImpl.java:<init>(184)) - d59a6f42-ecf0-4abb-8fb6-b83dde6d65c9: new RaftServerImpl for group-97CA26D0459A:[d59a6f42-ecf0-4abb-8fb6-b83dde6d65c9|rpc:10.1.0.17:34059|priority:1] with ContainerStateMachine:uninitialized
2022-02-12 02:08:58,411 [pool-370-thread-1] INFO  server.RaftServerConfigKeys (ConfUtils.java:logGet(44)) - raft.server.rpc.timeout.min = 5s (custom)
2022-02-12 02:08:58,411 [pool-370-thread-1] INFO  server.RaftServerConfigKeys (ConfUtils.java:logGet(44)) - raft.server.rpc.timeout.max = 5200ms (custom)
2022-02-12 02:08:58,411 [pool-370-thread-1] INFO  server.RaftServerConfigKeys (ConfUtils.java:logGet(44)) - raft.server.rpc.sleep.time = 25ms (default)
2022-02-12 02:08:58,411 [pool-370-thread-1] INFO  server.RaftServerConfigKeys (ConfUtils.java:logGet(44)) - raft.server.rpc.slowness.timeout = 300s (custom)
2022-02-12 02:08:58,411 [pool-370-thread-1] INFO  server.RaftServerConfigKeys (ConfUtils.java:logGet(44)) - raft.server.leaderelection.leader.step-down.wait-time = 10s (default)
2022-02-12 02:08:58,411 [pool-370-thread-1] INFO  server.RaftServerConfigKeys (ConfUtils.java:logGet(44)) - raft.server.sleep.deviation.threshold = 300ms (default)
2022-02-12 02:08:58,411 [pool-370-thread-1] INFO  server.RaftServerConfigKeys (ConfUtils.java:logGet(44)) - raft.server.log.appender.install.snapshot.enabled = false (custom)
2022-02-12 02:08:58,411 [pool-370-thread-1] INFO  server.RaftServer$Division (ServerState.java:<init>(105)) - d59a6f42-ecf0-4abb-8fb6-b83dde6d65c9@group-97CA26D0459A: ConfigurationManager, init=-1: [d59a6f42-ecf0-4abb-8fb6-b83dde6d65c9|rpc:10.1.0.17:34059|priority:1], old=null, confs=<EMPTY_MAP>
2022-02-12 02:08:58,412 [pool-370-thread-1] INFO  server.RaftServerConfigKeys (ConfUtils.java:logGet(44)) - raft.server.storage.dir = [/home/runner/work/ozone/ozone/hadoop-ozone/integration-test/target/test-dir/MiniOzoneClusterImpl-03ef79e6-d6c6-40ba-8af9-d36bcf9e7ad5/datanode-1/data/ratis] (custom)
2022-02-12 02:08:58,412 [pool-370-thread-1] INFO  server.RaftServerConfigKeys (ConfUtils.java:logGet(44)) - raft.server.log.corruption.policy = EXCEPTION (default)
2022-02-12 02:08:58,412 [pool-370-thread-1] INFO  server.RaftServerConfigKeys (ConfUtils.java:logGet(44)) - raft.server.storage.free-space.min = 0MB (=0) (default)
2022-02-12 02:08:58,412 [pool-370-thread-1] INFO  storage.RaftStorageDirectory (RaftStorageDirectoryImpl.java:analyzeStorage(135)) - The storage directory /home/runner/work/ozone/ozone/hadoop-ozone/integration-test/target/test-dir/MiniOzoneClusterImpl-03ef79e6-d6c6-40ba-8af9-d36bcf9e7ad5/datanode-1/data/ratis/427d10ed-2088-4bbb-a528-97ca26d0459a does not exist. Creating ...
2022-02-12 02:08:58,416 [pool-370-thread-1] INFO  storage.RaftStorageDirectory (RaftStorageDirectoryImpl.java:tryLock(230)) - Lock on /home/runner/work/ozone/ozone/hadoop-ozone/integration-test/target/test-dir/MiniOzoneClusterImpl-03ef79e6-d6c6-40ba-8af9-d36bcf9e7ad5/datanode-1/data/ratis/427d10ed-2088-4bbb-a528-97ca26d0459a/in_use.lock acquired by nodename 9178@fv-az395-998
2022-02-12 02:08:58,417 [pool-370-thread-1] INFO  storage.RaftStorage (RaftStorageImpl.java:format(89)) - Storage directory /home/runner/work/ozone/ozone/hadoop-ozone/integration-test/target/test-dir/MiniOzoneClusterImpl-03ef79e6-d6c6-40ba-8af9-d36bcf9e7ad5/datanode-1/data/ratis/427d10ed-2088-4bbb-a528-97ca26d0459a has been successfully formatted.
2022-02-12 02:08:58,417 [pool-370-thread-1] INFO  ratis.ContainerStateMachine (ContainerStateMachine.java:loadSnapshot(231)) - group-97CA26D0459A: The snapshot info is null. Setting the last applied indexto:(t:0, i:~)
2022-02-12 02:08:58,418 [pool-370-thread-1] INFO  server.RaftServerConfigKeys (ConfUtils.java:logGet(44)) - raft.server.notification.no-leader.timeout = 300s (custom)
2022-02-12 02:08:58,418 [pool-370-thread-1] INFO  server.RaftServerConfigKeys (ConfUtils.java:logGet(44)) - raft.server.log.use.memory = false (default)
2022-02-12 02:08:58,418 [pool-370-thread-1] INFO  server.RaftServerConfigKeys (ConfUtils.java:logGet(44)) - raft.server.log.purge.gap = 1000000 (custom)
2022-02-12 02:08:58,418 [pool-370-thread-1] INFO  server.RaftServerConfigKeys (ConfUtils.java:logGet(44)) - raft.server.log.appender.buffer.byte-limit = 33554432 (custom)
2022-02-12 02:08:58,418 [pool-370-thread-1] INFO  server.RaftServerConfigKeys (ConfUtils.java:logGet(44)) - raft.server.log.segment.size.max = 1048576 (custom)
2022-02-12 02:08:58,418 [pool-370-thread-1] INFO  server.RaftServerConfigKeys (ConfUtils.java:logGet(44)) - raft.server.log.segment.cache.num.max = 2 (custom)
2022-02-12 02:08:58,418 [pool-370-thread-1] INFO  server.RaftServerConfigKeys (ConfUtils.java:logGet(44)) - raft.server.log.segment.cache.size.max = 200MB (=209715200) (default)
2022-02-12 02:08:58,418 [pool-370-thread-1] INFO  segmented.SegmentedRaftLogWorker (SegmentedRaftLogWorker.java:<init>(182)) - new d59a6f42-ecf0-4abb-8fb6-b83dde6d65c9@group-97CA26D0459A-SegmentedRaftLogWorker for RaftStorageImpl:Storage Directory /home/runner/work/ozone/ozone/hadoop-ozone/integration-test/target/test-dir/MiniOzoneClusterImpl-03ef79e6-d6c6-40ba-8af9-d36bcf9e7ad5/datanode-1/data/ratis/427d10ed-2088-4bbb-a528-97ca26d0459a
2022-02-12 02:08:58,418 [pool-370-thread-1] INFO  server.RaftServerConfigKeys (ConfUtils.java:logGet(44)) - raft.server.log.queue.byte-limit = 2147483647 (custom)
2022-02-12 02:08:58,418 [pool-370-thread-1] INFO  server.RaftServerConfigKeys (ConfUtils.java:logGet(44)) - raft.server.log.queue.element-limit = 1024 (custom)
2022-02-12 02:08:58,418 [pool-370-thread-1] INFO  server.RaftServerConfigKeys (ConfUtils.java:logGet(44)) - raft.server.log.segment.size.max = 1048576 (custom)
2022-02-12 02:08:58,418 [pool-370-thread-1] INFO  server.RaftServerConfigKeys (ConfUtils.java:logGet(44)) - raft.server.log.preallocated.size = 16384 (custom)
2022-02-12 02:08:58,418 [pool-370-thread-1] INFO  server.RaftServerConfigKeys (ConfUtils.java:logGet(44)) - raft.server.log.force.sync.num = 128 (default)
2022-02-12 02:08:58,418 [pool-370-thread-1] INFO  server.RaftServerConfigKeys (ConfUtils.java:logGet(44)) - raft.server.log.statemachine.data.sync = true (default)
2022-02-12 02:08:58,418 [pool-370-thread-1] INFO  server.RaftServerConfigKeys (ConfUtils.java:logGet(44)) - raft.server.log.statemachine.data.sync.timeout = 10s (default)
2022-02-12 02:08:58,418 [pool-370-thread-1] INFO  server.RaftServerConfigKeys (ConfUtils.java:logGet(44)) - raft.server.log.statemachine.data.sync.timeout.retry = -1 (default)
2022-02-12 02:08:58,419 [pool-370-thread-1] INFO  server.RaftServerConfigKeys (ConfUtils.java:logGet(44)) - raft.server.log.write.buffer.size = 1048576 (custom)
2022-02-12 02:08:58,420 [pool-370-thread-1] INFO  server.RaftServerConfigKeys (ConfUtils.java:logGet(44)) - raft.server.log.statemachine.data.caching.enabled = true (custom)
2022-02-12 02:08:58,421 [EventQueue-PipelineReportForPipelineReportHandler] INFO  pipeline.PipelineManagerImpl (PipelineManagerImpl.java:openPipeline(291)) - Pipeline Pipeline[ Id: 427d10ed-2088-4bbb-a528-97ca26d0459a, Nodes: d59a6f42-ecf0-4abb-8fb6-b83dde6d65c9{ip: 10.1.0.17, host: fv-az395-998.zfmzfyrfkyou3ow0tsr0jxwq1e.bx.internal.cloudapp.net, ports: [REPLICATION=43887, RATIS=34059, RATIS_ADMIN=34059, RATIS_SERVER=34059, STANDALONE=35243], networkLocation: /default-rack, certSerialId: null, persistedOpState: IN_SERVICE, persistedOpStateExpiryEpochSec: 0}, ReplicationConfig: RATIS/ONE, State:ALLOCATED, leaderId:d59a6f42-ecf0-4abb-8fb6-b83dde6d65c9, CreationTimestamp2022-02-12T02:08:55.403Z[Etc/UTC]] moved to OPEN state
2022-02-12 02:08:58,422 [ecc7e2fd-e756-44d6-8a27-e56b24aba264@group-D36BCF9E7AD5-StateMachineUpdater] INFO  safemode.HealthyPipelineSafeModeRule (HealthyPipelineSafeModeRule.java:initializeRule(152)) - Refreshed total pipeline count is 0, healthy pipeline threshold count is 1
2022-02-12 02:08:58,422 [EventQueue-OpenPipelineForHealthyPipelineSafeModeRule] INFO  safemode.SCMSafeModeManager (HealthyPipelineSafeModeRule.java:process(124)) - SCM in safe mode. Healthy pipelines reported count is 0, required healthy pipeline reported count is 1
2022-02-12 02:08:58,430 [pool-370-thread-1] INFO  segmented.SegmentedRaftLogWorker (SegmentedRaftLogWorker.java:lambda$new$0(133)) - d59a6f42-ecf0-4abb-8fb6-b83dde6d65c9@group-97CA26D0459A-SegmentedRaftLogWorker: flushIndex: setUnconditionally 0 -> -1
2022-02-12 02:08:58,430 [pool-370-thread-1] INFO  segmented.SegmentedRaftLogWorker (SegmentedRaftLogWorker.java:lambda$new$0(133)) - d59a6f42-ecf0-4abb-8fb6-b83dde6d65c9@group-97CA26D0459A-SegmentedRaftLogWorker: safeCacheEvictIndex: setUnconditionally 0 -> -1
2022-02-12 02:08:58,441 [pool-370-thread-1] INFO  server.RaftServerConfigKeys (ConfUtils.java:logGet(44)) - raft.server.snapshot.auto.trigger.enabled = true (custom)
2022-02-12 02:08:58,441 [pool-370-thread-1] INFO  server.RaftServerConfigKeys (ConfUtils.java:logGet(44)) - raft.server.snapshot.auto.trigger.threshold = 10000 (custom)
2022-02-12 02:08:58,441 [pool-370-thread-1] INFO  server.RaftServerConfigKeys (ConfUtils.java:logGet(44)) - raft.server.snapshot.retention.file.num = 5 (custom)
2022-02-12 02:08:58,441 [pool-370-thread-1] INFO  server.RaftServerConfigKeys (ConfUtils.java:logGet(44)) - raft.server.log.purge.upto.snapshot.index = false (default)
2022-02-12 02:08:58,441 [pool-370-thread-1] INFO  server.RaftServerConfigKeys (ConfUtils.java:logGet(44)) - raft.server.retrycache.expirytime = 600000ms (custom)
2022-02-12 02:08:58,441 [pool-370-thread-1] INFO  server.RaftServerConfigKeys (ConfUtils.java:logGet(44)) - raft.server.retrycache.statistics.expirytime = 100μs (default)
2022-02-12 02:08:58,442 [pool-370-thread-1] INFO  server.RaftServer$Division (RaftServerImpl.java:start(301)) - d59a6f42-ecf0-4abb-8fb6-b83dde6d65c9@group-8B8F8AFAC82E: start as a follower, conf=-1: [b937fb28-01c9-421e-a2c2-ef01dceb1c2c|rpc:10.1.0.17:40579|dataStream:|priority:1, be637081-cdfc-4d88-b41d-bd3b2e95f28a|rpc:10.1.0.17:35921|dataStream:|priority:0, d59a6f42-ecf0-4abb-8fb6-b83dde6d65c9|rpc:10.1.0.17:34059|dataStream:|priority:0], old=null
2022-02-12 02:08:58,442 [pool-370-thread-1] INFO  server.RaftServer$Division (RaftServerImpl.java:setRole(290)) - d59a6f42-ecf0-4abb-8fb6-b83dde6d65c9@group-8B8F8AFAC82E: changes role from      null to FOLLOWER at term 0 for startAsFollower
2022-02-12 02:08:58,442 [pool-370-thread-1] INFO  impl.RoleInfo (RoleInfo.java:updateAndGet(130)) - d59a6f42-ecf0-4abb-8fb6-b83dde6d65c9: start d59a6f42-ecf0-4abb-8fb6-b83dde6d65c9@group-8B8F8AFAC82E-FollowerState
2022-02-12 02:08:58,447 [pool-370-thread-1] INFO  util.JmxRegister (JmxRegister.java:tryRegister(44)) - Successfully registered JMX Bean with object name Ratis:service=RaftServer,group=group-8B8F8AFAC82E,id=d59a6f42-ecf0-4abb-8fb6-b83dde6d65c9
2022-02-12 02:08:58,450 [pool-370-thread-1] INFO  server.RaftServer$Division (RaftServerImpl.java:start(301)) - d59a6f42-ecf0-4abb-8fb6-b83dde6d65c9@group-97CA26D0459A: start as a follower, conf=-1: [d59a6f42-ecf0-4abb-8fb6-b83dde6d65c9|rpc:10.1.0.17:34059|priority:1], old=null
2022-02-12 02:08:58,450 [pool-370-thread-1] INFO  server.RaftServer$Division (RaftServerImpl.java:setRole(290)) - d59a6f42-ecf0-4abb-8fb6-b83dde6d65c9@group-97CA26D0459A: changes role from      null to FOLLOWER at term 0 for startAsFollower
2022-02-12 02:08:58,450 [pool-370-thread-1] INFO  impl.RoleInfo (RoleInfo.java:updateAndGet(130)) - d59a6f42-ecf0-4abb-8fb6-b83dde6d65c9: start d59a6f42-ecf0-4abb-8fb6-b83dde6d65c9@group-97CA26D0459A-FollowerState
2022-02-12 02:08:58,451 [pool-370-thread-1] INFO  util.JmxRegister (JmxRegister.java:tryRegister(44)) - Successfully registered JMX Bean with object name Ratis:service=RaftServer,group=group-97CA26D0459A,id=d59a6f42-ecf0-4abb-8fb6-b83dde6d65c9
2022-02-12 02:08:58,451 [Command processor thread] INFO  ratis.XceiverServerRatis (XceiverServerRatis.java:addGroup(768)) - Created group PipelineID=427d10ed-2088-4bbb-a528-97ca26d0459a
2022-02-12 02:08:58,451 [Command processor thread] INFO  commandhandler.CreatePipelineCommandHandler (CreatePipelineCommandHandler.java:handle(106)) - Created Pipeline RATIS ONE PipelineID=427d10ed-2088-4bbb-a528-97ca26d0459a.
2022-02-12 02:08:58,484 [grpc-default-executor-2] INFO  server.RaftServer (RaftServerProxy.java:addNew(95)) - be637081-cdfc-4d88-b41d-bd3b2e95f28a: addNew group-8B8F8AFAC82E:[b937fb28-01c9-421e-a2c2-ef01dceb1c2c|rpc:10.1.0.17:40579|dataStream:|priority:1, be637081-cdfc-4d88-b41d-bd3b2e95f28a|rpc:10.1.0.17:35921|dataStream:|priority:0, d59a6f42-ecf0-4abb-8fb6-b83dde6d65c9|rpc:10.1.0.17:34059|dataStream:|priority:0] returns group-8B8F8AFAC82E:java.util.concurrent.CompletableFuture@3141bafd[Not completed]
2022-02-12 02:08:58,485 [pool-391-thread-1] INFO  server.RaftServer$Division (RaftServerImpl.java:<init>(184)) - be637081-cdfc-4d88-b41d-bd3b2e95f28a: new RaftServerImpl for group-8B8F8AFAC82E:[b937fb28-01c9-421e-a2c2-ef01dceb1c2c|rpc:10.1.0.17:40579|dataStream:|priority:1, be637081-cdfc-4d88-b41d-bd3b2e95f28a|rpc:10.1.0.17:35921|dataStream:|priority:0, d59a6f42-ecf0-4abb-8fb6-b83dde6d65c9|rpc:10.1.0.17:34059|dataStream:|priority:0] with ContainerStateMachine:uninitialized
2022-02-12 02:08:58,485 [pool-391-thread-1] INFO  server.RaftServerConfigKeys (ConfUtils.java:logGet(44)) - raft.server.rpc.timeout.min = 5s (custom)
2022-02-12 02:08:58,485 [pool-391-thread-1] INFO  server.RaftServerConfigKeys (ConfUtils.java:logGet(44)) - raft.server.rpc.timeout.max = 5200ms (custom)
2022-02-12 02:08:58,485 [pool-391-thread-1] INFO  server.RaftServerConfigKeys (ConfUtils.java:logGet(44)) - raft.server.rpc.sleep.time = 25ms (default)
2022-02-12 02:08:58,485 [pool-391-thread-1] INFO  server.RaftServerConfigKeys (ConfUtils.java:logGet(44)) - raft.server.rpc.slowness.timeout = 300s (custom)
2022-02-12 02:08:58,485 [pool-391-thread-1] INFO  server.RaftServerConfigKeys (ConfUtils.java:logGet(44)) - raft.server.leaderelection.leader.step-down.wait-time = 10s (default)
2022-02-12 02:08:58,485 [pool-391-thread-1] INFO  server.RaftServerConfigKeys (ConfUtils.java:logGet(44)) - raft.server.sleep.deviation.threshold = 300ms (default)
2022-02-12 02:08:58,485 [pool-391-thread-1] INFO  server.RaftServerConfigKeys (ConfUtils.java:logGet(44)) - raft.server.log.appender.install.snapshot.enabled = false (custom)
2022-02-12 02:08:58,485 [pool-391-thread-1] INFO  server.RaftServer$Division (ServerState.java:<init>(105)) - be637081-cdfc-4d88-b41d-bd3b2e95f28a@group-8B8F8AFAC82E: ConfigurationManager, init=-1: [b937fb28-01c9-421e-a2c2-ef01dceb1c2c|rpc:10.1.0.17:40579|dataStream:|priority:1, be637081-cdfc-4d88-b41d-bd3b2e95f28a|rpc:10.1.0.17:35921|dataStream:|priority:0, d59a6f42-ecf0-4abb-8fb6-b83dde6d65c9|rpc:10.1.0.17:34059|dataStream:|priority:0], old=null, confs=<EMPTY_MAP>
2022-02-12 02:08:58,485 [pool-391-thread-1] INFO  server.RaftServerConfigKeys (ConfUtils.java:logGet(44)) - raft.server.storage.dir = [/home/runner/work/ozone/ozone/hadoop-ozone/integration-test/target/test-dir/MiniOzoneClusterImpl-03ef79e6-d6c6-40ba-8af9-d36bcf9e7ad5/datanode-2/data/ratis] (custom)
2022-02-12 02:08:58,486 [pool-391-thread-1] INFO  server.RaftServerConfigKeys (ConfUtils.java:logGet(44)) - raft.server.log.corruption.policy = EXCEPTION (default)
2022-02-12 02:08:58,486 [pool-391-thread-1] INFO  server.RaftServerConfigKeys (ConfUtils.java:logGet(44)) - raft.server.storage.free-space.min = 0MB (=0) (default)
2022-02-12 02:08:58,486 [pool-391-thread-1] INFO  storage.RaftStorageDirectory (RaftStorageDirectoryImpl.java:analyzeStorage(135)) - The storage directory /home/runner/work/ozone/ozone/hadoop-ozone/integration-test/target/test-dir/MiniOzoneClusterImpl-03ef79e6-d6c6-40ba-8af9-d36bcf9e7ad5/datanode-2/data/ratis/877b258d-bdf4-4e34-a1a7-8b8f8afac82e does not exist. Creating ...
2022-02-12 02:08:58,487 [pool-391-thread-1] INFO  storage.RaftStorageDirectory (RaftStorageDirectoryImpl.java:tryLock(230)) - Lock on /home/runner/work/ozone/ozone/hadoop-ozone/integration-test/target/test-dir/MiniOzoneClusterImpl-03ef79e6-d6c6-40ba-8af9-d36bcf9e7ad5/datanode-2/data/ratis/877b258d-bdf4-4e34-a1a7-8b8f8afac82e/in_use.lock acquired by nodename 9178@fv-az395-998
2022-02-12 02:08:58,488 [pool-391-thread-1] INFO  storage.RaftStorage (RaftStorageImpl.java:format(89)) - Storage directory /home/runner/work/ozone/ozone/hadoop-ozone/integration-test/target/test-dir/MiniOzoneClusterImpl-03ef79e6-d6c6-40ba-8af9-d36bcf9e7ad5/datanode-2/data/ratis/877b258d-bdf4-4e34-a1a7-8b8f8afac82e has been successfully formatted.
2022-02-12 02:08:58,489 [pool-391-thread-1] INFO  ratis.ContainerStateMachine (ContainerStateMachine.java:loadSnapshot(231)) - group-8B8F8AFAC82E: The snapshot info is null. Setting the last applied indexto:(t:0, i:~)
2022-02-12 02:08:58,489 [pool-391-thread-1] INFO  server.RaftServerConfigKeys (ConfUtils.java:logGet(44)) - raft.server.notification.no-leader.timeout = 300s (custom)
2022-02-12 02:08:58,489 [pool-391-thread-1] INFO  server.RaftServerConfigKeys (ConfUtils.java:logGet(44)) - raft.server.log.use.memory = false (default)
2022-02-12 02:08:58,490 [pool-391-thread-1] INFO  server.RaftServerConfigKeys (ConfUtils.java:logGet(44)) - raft.server.log.purge.gap = 1000000 (custom)
2022-02-12 02:08:58,490 [pool-391-thread-1] INFO  server.RaftServerConfigKeys (ConfUtils.java:logGet(44)) - raft.server.log.appender.buffer.byte-limit = 33554432 (custom)
2022-02-12 02:08:58,490 [pool-391-thread-1] INFO  server.RaftServerConfigKeys (ConfUtils.java:logGet(44)) - raft.server.log.segment.size.max = 1048576 (custom)
2022-02-12 02:08:58,490 [pool-391-thread-1] INFO  server.RaftServerConfigKeys (ConfUtils.java:logGet(44)) - raft.server.log.segment.cache.num.max = 2 (custom)
2022-02-12 02:08:58,491 [pool-391-thread-1] INFO  server.RaftServerConfigKeys (ConfUtils.java:logGet(44)) - raft.server.log.segment.cache.size.max = 200MB (=209715200) (default)
2022-02-12 02:08:58,491 [pool-391-thread-1] INFO  segmented.SegmentedRaftLogWorker (SegmentedRaftLogWorker.java:<init>(182)) - new be637081-cdfc-4d88-b41d-bd3b2e95f28a@group-8B8F8AFAC82E-SegmentedRaftLogWorker for RaftStorageImpl:Storage Directory /home/runner/work/ozone/ozone/hadoop-ozone/integration-test/target/test-dir/MiniOzoneClusterImpl-03ef79e6-d6c6-40ba-8af9-d36bcf9e7ad5/datanode-2/data/ratis/877b258d-bdf4-4e34-a1a7-8b8f8afac82e
2022-02-12 02:08:58,491 [pool-391-thread-1] INFO  server.RaftServerConfigKeys (ConfUtils.java:logGet(44)) - raft.server.log.queue.byte-limit = 2147483647 (custom)
2022-02-12 02:08:58,491 [pool-391-thread-1] INFO  server.RaftServerConfigKeys (ConfUtils.java:logGet(44)) - raft.server.log.queue.element-limit = 1024 (custom)
2022-02-12 02:08:58,491 [pool-391-thread-1] INFO  server.RaftServerConfigKeys (ConfUtils.java:logGet(44)) - raft.server.log.segment.size.max = 1048576 (custom)
2022-02-12 02:08:58,491 [pool-391-thread-1] INFO  server.RaftServerConfigKeys (ConfUtils.java:logGet(44)) - raft.server.log.preallocated.size = 16384 (custom)
2022-02-12 02:08:58,492 [pool-391-thread-1] INFO  server.RaftServerConfigKeys (ConfUtils.java:logGet(44)) - raft.server.log.force.sync.num = 128 (default)
2022-02-12 02:08:58,492 [pool-391-thread-1] INFO  server.RaftServerConfigKeys (ConfUtils.java:logGet(44)) - raft.server.log.statemachine.data.sync = true (default)
2022-02-12 02:08:58,492 [pool-391-thread-1] INFO  server.RaftServerConfigKeys (ConfUtils.java:logGet(44)) - raft.server.log.statemachine.data.sync.timeout = 10s (default)
2022-02-12 02:08:58,492 [pool-391-thread-1] INFO  server.RaftServerConfigKeys (ConfUtils.java:logGet(44)) - raft.server.log.statemachine.data.sync.timeout.retry = -1 (default)
2022-02-12 02:08:58,492 [pool-391-thread-1] INFO  server.RaftServerConfigKeys (ConfUtils.java:logGet(44)) - raft.server.log.write.buffer.size = 1048576 (custom)
2022-02-12 02:08:58,493 [pool-391-thread-1] INFO  server.RaftServerConfigKeys (ConfUtils.java:logGet(44)) - raft.server.log.statemachine.data.caching.enabled = true (custom)
2022-02-12 02:08:58,493 [pool-391-thread-1] INFO  segmented.SegmentedRaftLogWorker (SegmentedRaftLogWorker.java:lambda$new$0(133)) - be637081-cdfc-4d88-b41d-bd3b2e95f28a@group-8B8F8AFAC82E-SegmentedRaftLogWorker: flushIndex: setUnconditionally 0 -> -1
2022-02-12 02:08:58,493 [pool-391-thread-1] INFO  segmented.SegmentedRaftLogWorker (SegmentedRaftLogWorker.java:lambda$new$0(133)) - be637081-cdfc-4d88-b41d-bd3b2e95f28a@group-8B8F8AFAC82E-SegmentedRaftLogWorker: safeCacheEvictIndex: setUnconditionally 0 -> -1
2022-02-12 02:08:58,500 [pool-391-thread-1] INFO  server.RaftServerConfigKeys (ConfUtils.java:logGet(44)) - raft.server.snapshot.auto.trigger.enabled = true (custom)
2022-02-12 02:08:58,500 [pool-391-thread-1] INFO  server.RaftServerConfigKeys (ConfUtils.java:logGet(44)) - raft.server.snapshot.auto.trigger.threshold = 10000 (custom)
2022-02-12 02:08:58,500 [pool-391-thread-1] INFO  server.RaftServerConfigKeys (ConfUtils.java:logGet(44)) - raft.server.snapshot.retention.file.num = 5 (custom)
2022-02-12 02:08:58,500 [pool-391-thread-1] INFO  server.RaftServerConfigKeys (ConfUtils.java:logGet(44)) - raft.server.log.purge.upto.snapshot.index = false (default)
2022-02-12 02:08:58,500 [pool-391-thread-1] INFO  server.RaftServerConfigKeys (ConfUtils.java:logGet(44)) - raft.server.retrycache.expirytime = 600000ms (custom)
2022-02-12 02:08:58,500 [pool-391-thread-1] INFO  server.RaftServerConfigKeys (ConfUtils.java:logGet(44)) - raft.server.retrycache.statistics.expirytime = 100μs (default)
2022-02-12 02:08:58,501 [pool-391-thread-1] INFO  server.RaftServer$Division (RaftServerImpl.java:start(301)) - be637081-cdfc-4d88-b41d-bd3b2e95f28a@group-8B8F8AFAC82E: start as a follower, conf=-1: [b937fb28-01c9-421e-a2c2-ef01dceb1c2c|rpc:10.1.0.17:40579|dataStream:|priority:1, be637081-cdfc-4d88-b41d-bd3b2e95f28a|rpc:10.1.0.17:35921|dataStream:|priority:0, d59a6f42-ecf0-4abb-8fb6-b83dde6d65c9|rpc:10.1.0.17:34059|dataStream:|priority:0], old=null
2022-02-12 02:08:58,501 [pool-391-thread-1] INFO  server.RaftServer$Division (RaftServerImpl.java:setRole(290)) - be637081-cdfc-4d88-b41d-bd3b2e95f28a@group-8B8F8AFAC82E: changes role from      null to FOLLOWER at term 0 for startAsFollower
2022-02-12 02:08:58,501 [pool-391-thread-1] INFO  impl.RoleInfo (RoleInfo.java:updateAndGet(130)) - be637081-cdfc-4d88-b41d-bd3b2e95f28a: start be637081-cdfc-4d88-b41d-bd3b2e95f28a@group-8B8F8AFAC82E-FollowerState
2022-02-12 02:08:58,508 [pool-391-thread-1] INFO  util.JmxRegister (JmxRegister.java:tryRegister(44)) - Successfully registered JMX Bean with object name Ratis:service=RaftServer,group=group-8B8F8AFAC82E,id=be637081-cdfc-4d88-b41d-bd3b2e95f28a
2022-02-12 02:08:58,548 [Command processor thread] INFO  commandhandler.CreatePipelineCommandHandler (CreatePipelineCommandHandler.java:handle(106)) - Created Pipeline RATIS THREE PipelineID=877b258d-bdf4-4e34-a1a7-8b8f8afac82e.
2022-02-12 02:08:58,778 [Listener at 127.0.0.1/44117] INFO  ozone.MiniOzoneClusterImpl (MiniOzoneClusterImpl.java:lambda$waitForClusterToBeReady$0(219)) - Nodes are ready. Got 3 of 3 DN Heartbeats.
2022-02-12 02:08:58,778 [Listener at 127.0.0.1/44117] INFO  ozone.MiniOzoneClusterImpl (MiniOzoneClusterImpl.java:lambda$waitForClusterToBeReady$0(222)) - Waiting for cluster to exit safe mode
2022-02-12 02:08:58,779 [Listener at 127.0.0.1/44117] INFO  ozone.MiniOzoneClusterImpl (MiniOzoneClusterImpl.java:lambda$waitForClusterToBeReady$0(224)) - SCM became leader
2022-02-12 02:08:58,832 [Command processor thread] INFO  server.RaftServer (RaftServerProxy.java:addNew(95)) - be637081-cdfc-4d88-b41d-bd3b2e95f28a: addNew group-82A6F43EC5BD:[be637081-cdfc-4d88-b41d-bd3b2e95f28a|rpc:10.1.0.17:35921|priority:1] returns group-82A6F43EC5BD:java.util.concurrent.CompletableFuture@6cb7a89a[Not completed]
2022-02-12 02:08:58,832 [pool-391-thread-1] INFO  server.RaftServer$Division (RaftServerImpl.java:<init>(184)) - be637081-cdfc-4d88-b41d-bd3b2e95f28a: new RaftServerImpl for group-82A6F43EC5BD:[be637081-cdfc-4d88-b41d-bd3b2e95f28a|rpc:10.1.0.17:35921|priority:1] with ContainerStateMachine:uninitialized
2022-02-12 02:08:58,833 [pool-391-thread-1] INFO  server.RaftServerConfigKeys (ConfUtils.java:logGet(44)) - raft.server.rpc.timeout.min = 5s (custom)
2022-02-12 02:08:58,833 [pool-391-thread-1] INFO  server.RaftServerConfigKeys (ConfUtils.java:logGet(44)) - raft.server.rpc.timeout.max = 5200ms (custom)
2022-02-12 02:08:58,833 [pool-391-thread-1] INFO  server.RaftServerConfigKeys (ConfUtils.java:logGet(44)) - raft.server.rpc.sleep.time = 25ms (default)
2022-02-12 02:08:58,833 [pool-391-thread-1] INFO  server.RaftServerConfigKeys (ConfUtils.java:logGet(44)) - raft.server.rpc.slowness.timeout = 300s (custom)
2022-02-12 02:08:58,833 [pool-391-thread-1] INFO  server.RaftServerConfigKeys (ConfUtils.java:logGet(44)) - raft.server.leaderelection.leader.step-down.wait-time = 10s (default)
2022-02-12 02:08:58,833 [pool-391-thread-1] INFO  server.RaftServerConfigKeys (ConfUtils.java:logGet(44)) - raft.server.sleep.deviation.threshold = 300ms (default)
2022-02-12 02:08:58,833 [pool-391-thread-1] INFO  server.RaftServerConfigKeys (ConfUtils.java:logGet(44)) - raft.server.log.appender.install.snapshot.enabled = false (custom)
2022-02-12 02:08:58,833 [pool-391-thread-1] INFO  server.RaftServer$Division (ServerState.java:<init>(105)) - be637081-cdfc-4d88-b41d-bd3b2e95f28a@group-82A6F43EC5BD: ConfigurationManager, init=-1: [be637081-cdfc-4d88-b41d-bd3b2e95f28a|rpc:10.1.0.17:35921|priority:1], old=null, confs=<EMPTY_MAP>
2022-02-12 02:08:58,833 [pool-391-thread-1] INFO  server.RaftServerConfigKeys (ConfUtils.java:logGet(44)) - raft.server.storage.dir = [/home/runner/work/ozone/ozone/hadoop-ozone/integration-test/target/test-dir/MiniOzoneClusterImpl-03ef79e6-d6c6-40ba-8af9-d36bcf9e7ad5/datanode-2/data/ratis] (custom)
2022-02-12 02:08:58,833 [pool-391-thread-1] INFO  server.RaftServerConfigKeys (ConfUtils.java:logGet(44)) - raft.server.log.corruption.policy = EXCEPTION (default)
2022-02-12 02:08:58,833 [pool-391-thread-1] INFO  server.RaftServerConfigKeys (ConfUtils.java:logGet(44)) - raft.server.storage.free-space.min = 0MB (=0) (default)
2022-02-12 02:08:58,833 [pool-391-thread-1] INFO  storage.RaftStorageDirectory (RaftStorageDirectoryImpl.java:analyzeStorage(135)) - The storage directory /home/runner/work/ozone/ozone/hadoop-ozone/integration-test/target/test-dir/MiniOzoneClusterImpl-03ef79e6-d6c6-40ba-8af9-d36bcf9e7ad5/datanode-2/data/ratis/03306ab3-b9e4-487a-ab8d-82a6f43ec5bd does not exist. Creating ...
2022-02-12 02:08:58,834 [pool-391-thread-1] INFO  storage.RaftStorageDirectory (RaftStorageDirectoryImpl.java:tryLock(230)) - Lock on /home/runner/work/ozone/ozone/hadoop-ozone/integration-test/target/test-dir/MiniOzoneClusterImpl-03ef79e6-d6c6-40ba-8af9-d36bcf9e7ad5/datanode-2/data/ratis/03306ab3-b9e4-487a-ab8d-82a6f43ec5bd/in_use.lock acquired by nodename 9178@fv-az395-998
2022-02-12 02:08:58,835 [pool-391-thread-1] INFO  storage.RaftStorage (RaftStorageImpl.java:format(89)) - Storage directory /home/runner/work/ozone/ozone/hadoop-ozone/integration-test/target/test-dir/MiniOzoneClusterImpl-03ef79e6-d6c6-40ba-8af9-d36bcf9e7ad5/datanode-2/data/ratis/03306ab3-b9e4-487a-ab8d-82a6f43ec5bd has been successfully formatted.
2022-02-12 02:08:58,835 [pool-391-thread-1] INFO  ratis.ContainerStateMachine (ContainerStateMachine.java:loadSnapshot(231)) - group-82A6F43EC5BD: The snapshot info is null. Setting the last applied indexto:(t:0, i:~)
2022-02-12 02:08:58,836 [pool-391-thread-1] INFO  server.RaftServerConfigKeys (ConfUtils.java:logGet(44)) - raft.server.notification.no-leader.timeout = 300s (custom)
2022-02-12 02:08:58,836 [pool-391-thread-1] INFO  server.RaftServerConfigKeys (ConfUtils.java:logGet(44)) - raft.server.log.use.memory = false (default)
2022-02-12 02:08:58,836 [pool-391-thread-1] INFO  server.RaftServerConfigKeys (ConfUtils.java:logGet(44)) - raft.server.log.purge.gap = 1000000 (custom)
2022-02-12 02:08:58,836 [pool-391-thread-1] INFO  server.RaftServerConfigKeys (ConfUtils.java:logGet(44)) - raft.server.log.appender.buffer.byte-limit = 33554432 (custom)
2022-02-12 02:08:58,836 [pool-391-thread-1] INFO  server.RaftServerConfigKeys (ConfUtils.java:logGet(44)) - raft.server.log.segment.size.max = 1048576 (custom)
2022-02-12 02:08:58,837 [EventQueue-PipelineReportForPipelineReportHandler] INFO  pipeline.PipelineManagerImpl (PipelineManagerImpl.java:openPipeline(291)) - Pipeline Pipeline[ Id: 03306ab3-b9e4-487a-ab8d-82a6f43ec5bd, Nodes: be637081-cdfc-4d88-b41d-bd3b2e95f28a{ip: 10.1.0.17, host: fv-az395-998.zfmzfyrfkyou3ow0tsr0jxwq1e.bx.internal.cloudapp.net, ports: [REPLICATION=33557, RATIS=35921, RATIS_ADMIN=35921, RATIS_SERVER=35921, STANDALONE=40459], networkLocation: /default-rack, certSerialId: null, persistedOpState: IN_SERVICE, persistedOpStateExpiryEpochSec: 0}, ReplicationConfig: RATIS/ONE, State:ALLOCATED, leaderId:be637081-cdfc-4d88-b41d-bd3b2e95f28a, CreationTimestamp2022-02-12T02:08:55.846Z[Etc/UTC]] moved to OPEN state
2022-02-12 02:08:58,838 [pool-391-thread-1] INFO  server.RaftServerConfigKeys (ConfUtils.java:logGet(44)) - raft.server.log.segment.cache.num.max = 2 (custom)
2022-02-12 02:08:58,838 [pool-391-thread-1] INFO  server.RaftServerConfigKeys (ConfUtils.java:logGet(44)) - raft.server.log.segment.cache.size.max = 200MB (=209715200) (default)
2022-02-12 02:08:58,838 [pool-391-thread-1] INFO  segmented.SegmentedRaftLogWorker (SegmentedRaftLogWorker.java:<init>(182)) - new be637081-cdfc-4d88-b41d-bd3b2e95f28a@group-82A6F43EC5BD-SegmentedRaftLogWorker for RaftStorageImpl:Storage Directory /home/runner/work/ozone/ozone/hadoop-ozone/integration-test/target/test-dir/MiniOzoneClusterImpl-03ef79e6-d6c6-40ba-8af9-d36bcf9e7ad5/datanode-2/data/ratis/03306ab3-b9e4-487a-ab8d-82a6f43ec5bd
2022-02-12 02:08:58,838 [pool-391-thread-1] INFO  server.RaftServerConfigKeys (ConfUtils.java:logGet(44)) - raft.server.log.queue.byte-limit = 2147483647 (custom)
2022-02-12 02:08:58,839 [ecc7e2fd-e756-44d6-8a27-e56b24aba264@group-D36BCF9E7AD5-StateMachineUpdater] INFO  safemode.HealthyPipelineSafeModeRule (HealthyPipelineSafeModeRule.java:initializeRule(152)) - Refreshed total pipeline count is 0, healthy pipeline threshold count is 1
2022-02-12 02:08:58,840 [EventQueue-OpenPipelineForHealthyPipelineSafeModeRule] INFO  safemode.SCMSafeModeManager (HealthyPipelineSafeModeRule.java:process(124)) - SCM in safe mode. Healthy pipelines reported count is 0, required healthy pipeline reported count is 1
2022-02-12 02:08:58,841 [pool-391-thread-1] INFO  server.RaftServerConfigKeys (ConfUtils.java:logGet(44)) - raft.server.log.queue.element-limit = 1024 (custom)
2022-02-12 02:08:58,841 [pool-391-thread-1] INFO  server.RaftServerConfigKeys (ConfUtils.java:logGet(44)) - raft.server.log.segment.size.max = 1048576 (custom)
2022-02-12 02:08:58,841 [pool-391-thread-1] INFO  server.RaftServerConfigKeys (ConfUtils.java:logGet(44)) - raft.server.log.preallocated.size = 16384 (custom)
2022-02-12 02:08:58,841 [pool-391-thread-1] INFO  server.RaftServerConfigKeys (ConfUtils.java:logGet(44)) - raft.server.log.force.sync.num = 128 (default)
2022-02-12 02:08:58,841 [pool-391-thread-1] INFO  server.RaftServerConfigKeys (ConfUtils.java:logGet(44)) - raft.server.log.statemachine.data.sync = true (default)
2022-02-12 02:08:58,842 [pool-391-thread-1] INFO  server.RaftServerConfigKeys (ConfUtils.java:logGet(44)) - raft.server.log.statemachine.data.sync.timeout = 10s (default)
2022-02-12 02:08:58,842 [pool-391-thread-1] INFO  server.RaftServerConfigKeys (ConfUtils.java:logGet(44)) - raft.server.log.statemachine.data.sync.timeout.retry = -1 (default)
2022-02-12 02:08:58,843 [pool-391-thread-1] INFO  server.RaftServerConfigKeys (ConfUtils.java:logGet(44)) - raft.server.log.write.buffer.size = 1048576 (custom)
2022-02-12 02:08:58,843 [pool-391-thread-1] INFO  server.RaftServerConfigKeys (ConfUtils.java:logGet(44)) - raft.server.log.statemachine.data.caching.enabled = true (custom)
2022-02-12 02:08:58,843 [pool-391-thread-1] INFO  segmented.SegmentedRaftLogWorker (SegmentedRaftLogWorker.java:lambda$new$0(133)) - be637081-cdfc-4d88-b41d-bd3b2e95f28a@group-82A6F43EC5BD-SegmentedRaftLogWorker: flushIndex: setUnconditionally 0 -> -1
2022-02-12 02:08:58,843 [pool-391-thread-1] INFO  segmented.SegmentedRaftLogWorker (SegmentedRaftLogWorker.java:lambda$new$0(133)) - be637081-cdfc-4d88-b41d-bd3b2e95f28a@group-82A6F43EC5BD-SegmentedRaftLogWorker: safeCacheEvictIndex: setUnconditionally 0 -> -1
2022-02-12 02:08:58,851 [pool-391-thread-1] INFO  server.RaftServerConfigKeys (ConfUtils.java:logGet(44)) - raft.server.snapshot.auto.trigger.enabled = true (custom)
2022-02-12 02:08:58,851 [pool-391-thread-1] INFO  server.RaftServerConfigKeys (ConfUtils.java:logGet(44)) - raft.server.snapshot.auto.trigger.threshold = 10000 (custom)
2022-02-12 02:08:58,851 [pool-391-thread-1] INFO  server.RaftServerConfigKeys (ConfUtils.java:logGet(44)) - raft.server.snapshot.retention.file.num = 5 (custom)
2022-02-12 02:08:58,851 [pool-391-thread-1] INFO  server.RaftServerConfigKeys (ConfUtils.java:logGet(44)) - raft.server.log.purge.upto.snapshot.index = false (default)
2022-02-12 02:08:58,851 [pool-391-thread-1] INFO  server.RaftServerConfigKeys (ConfUtils.java:logGet(44)) - raft.server.retrycache.expirytime = 600000ms (custom)
2022-02-12 02:08:58,851 [pool-391-thread-1] INFO  server.RaftServerConfigKeys (ConfUtils.java:logGet(44)) - raft.server.retrycache.statistics.expirytime = 100μs (default)
2022-02-12 02:08:58,852 [pool-391-thread-1] INFO  server.RaftServer$Division (RaftServerImpl.java:start(301)) - be637081-cdfc-4d88-b41d-bd3b2e95f28a@group-82A6F43EC5BD: start as a follower, conf=-1: [be637081-cdfc-4d88-b41d-bd3b2e95f28a|rpc:10.1.0.17:35921|priority:1], old=null
2022-02-12 02:08:58,852 [pool-391-thread-1] INFO  server.RaftServer$Division (RaftServerImpl.java:setRole(290)) - be637081-cdfc-4d88-b41d-bd3b2e95f28a@group-82A6F43EC5BD: changes role from      null to FOLLOWER at term 0 for startAsFollower
2022-02-12 02:08:58,852 [pool-391-thread-1] INFO  impl.RoleInfo (RoleInfo.java:updateAndGet(130)) - be637081-cdfc-4d88-b41d-bd3b2e95f28a: start be637081-cdfc-4d88-b41d-bd3b2e95f28a@group-82A6F43EC5BD-FollowerState
2022-02-12 02:08:58,857 [pool-391-thread-1] INFO  util.JmxRegister (JmxRegister.java:tryRegister(44)) - Successfully registered JMX Bean with object name Ratis:service=RaftServer,group=group-82A6F43EC5BD,id=be637081-cdfc-4d88-b41d-bd3b2e95f28a
2022-02-12 02:08:58,868 [Command processor thread] INFO  ratis.XceiverServerRatis (XceiverServerRatis.java:addGroup(768)) - Created group PipelineID=03306ab3-b9e4-487a-ab8d-82a6f43ec5bd
2022-02-12 02:08:58,868 [Command processor thread] INFO  commandhandler.CreatePipelineCommandHandler (CreatePipelineCommandHandler.java:handle(106)) - Created Pipeline RATIS ONE PipelineID=03306ab3-b9e4-487a-ab8d-82a6f43ec5bd.
2022-02-12 02:08:59,779 [Listener at 127.0.0.1/44117] INFO  ozone.MiniOzoneClusterImpl (MiniOzoneClusterImpl.java:lambda$waitForClusterToBeReady$0(219)) - Nodes are ready. Got 3 of 3 DN Heartbeats.
2022-02-12 02:08:59,779 [Listener at 127.0.0.1/44117] INFO  ozone.MiniOzoneClusterImpl (MiniOzoneClusterImpl.java:lambda$waitForClusterToBeReady$0(222)) - Waiting for cluster to exit safe mode
2022-02-12 02:08:59,779 [Listener at 127.0.0.1/44117] INFO  ozone.MiniOzoneClusterImpl (MiniOzoneClusterImpl.java:lambda$waitForClusterToBeReady$0(224)) - SCM became leader
2022-02-12 02:09:00,779 [Listener at 127.0.0.1/44117] INFO  ozone.MiniOzoneClusterImpl (MiniOzoneClusterImpl.java:lambda$waitForClusterToBeReady$0(219)) - Nodes are ready. Got 3 of 3 DN Heartbeats.
2022-02-12 02:09:00,780 [Listener at 127.0.0.1/44117] INFO  ozone.MiniOzoneClusterImpl (MiniOzoneClusterImpl.java:lambda$waitForClusterToBeReady$0(222)) - Waiting for cluster to exit safe mode
2022-02-12 02:09:00,780 [Listener at 127.0.0.1/44117] INFO  ozone.MiniOzoneClusterImpl (MiniOzoneClusterImpl.java:lambda$waitForClusterToBeReady$0(224)) - SCM became leader
2022-02-12 02:09:01,780 [Listener at 127.0.0.1/44117] INFO  ozone.MiniOzoneClusterImpl (MiniOzoneClusterImpl.java:lambda$waitForClusterToBeReady$0(219)) - Nodes are ready. Got 3 of 3 DN Heartbeats.
2022-02-12 02:09:01,780 [Listener at 127.0.0.1/44117] INFO  ozone.MiniOzoneClusterImpl (MiniOzoneClusterImpl.java:lambda$waitForClusterToBeReady$0(222)) - Waiting for cluster to exit safe mode
2022-02-12 02:09:01,780 [Listener at 127.0.0.1/44117] INFO  ozone.MiniOzoneClusterImpl (MiniOzoneClusterImpl.java:lambda$waitForClusterToBeReady$0(224)) - SCM became leader
2022-02-12 02:09:02,781 [Listener at 127.0.0.1/44117] INFO  ozone.MiniOzoneClusterImpl (MiniOzoneClusterImpl.java:lambda$waitForClusterToBeReady$0(219)) - Nodes are ready. Got 3 of 3 DN Heartbeats.
2022-02-12 02:09:02,781 [Listener at 127.0.0.1/44117] INFO  ozone.MiniOzoneClusterImpl (MiniOzoneClusterImpl.java:lambda$waitForClusterToBeReady$0(222)) - Waiting for cluster to exit safe mode
2022-02-12 02:09:02,781 [Listener at 127.0.0.1/44117] INFO  ozone.MiniOzoneClusterImpl (MiniOzoneClusterImpl.java:lambda$waitForClusterToBeReady$0(224)) - SCM became leader
2022-02-12 02:09:03,148 [b937fb28-01c9-421e-a2c2-ef01dceb1c2c@group-85F464451026-FollowerState] INFO  impl.FollowerState (FollowerState.java:run(134)) - b937fb28-01c9-421e-a2c2-ef01dceb1c2c@group-85F464451026-FollowerState: change to CANDIDATE, lastRpcElapsedTime:5057401018ns, electionTimeout:5056ms
2022-02-12 02:09:03,148 [b937fb28-01c9-421e-a2c2-ef01dceb1c2c@group-85F464451026-FollowerState] INFO  impl.RoleInfo (RoleInfo.java:shutdownFollowerState(108)) - b937fb28-01c9-421e-a2c2-ef01dceb1c2c: shutdown b937fb28-01c9-421e-a2c2-ef01dceb1c2c@group-85F464451026-FollowerState
2022-02-12 02:09:03,148 [b937fb28-01c9-421e-a2c2-ef01dceb1c2c@group-85F464451026-FollowerState] INFO  server.RaftServer$Division (RaftServerImpl.java:setRole(290)) - b937fb28-01c9-421e-a2c2-ef01dceb1c2c@group-85F464451026: changes role from  FOLLOWER to CANDIDATE at term 0 for changeToCandidate
2022-02-12 02:09:03,148 [b937fb28-01c9-421e-a2c2-ef01dceb1c2c@group-85F464451026-FollowerState] INFO  server.RaftServerConfigKeys (ConfUtils.java:logGet(44)) - raft.server.leaderelection.pre-vote = false (custom)
2022-02-12 02:09:03,148 [b937fb28-01c9-421e-a2c2-ef01dceb1c2c@group-85F464451026-FollowerState] INFO  impl.RoleInfo (RoleInfo.java:updateAndGet(130)) - b937fb28-01c9-421e-a2c2-ef01dceb1c2c: start b937fb28-01c9-421e-a2c2-ef01dceb1c2c@group-85F464451026-LeaderElection34
2022-02-12 02:09:03,169 [b937fb28-01c9-421e-a2c2-ef01dceb1c2c@group-85F464451026-LeaderElection34] INFO  impl.LeaderElection (LeaderElection.java:askForVotes(306)) - b937fb28-01c9-421e-a2c2-ef01dceb1c2c@group-85F464451026-LeaderElection34 ELECTION round 0: submit vote requests at term 1 for -1: [b937fb28-01c9-421e-a2c2-ef01dceb1c2c|rpc:10.1.0.17:40579|priority:0, be637081-cdfc-4d88-b41d-bd3b2e95f28a|rpc:10.1.0.17:35921|priority:0, d59a6f42-ecf0-4abb-8fb6-b83dde6d65c9|rpc:10.1.0.17:34059|priority:1], old=null
2022-02-12 02:09:03,208 [grpc-default-executor-2] INFO  server.RaftServer$Division (RaftServerImpl.java:requestVote(1046)) - be637081-cdfc-4d88-b41d-bd3b2e95f28a@group-85F464451026: receive requestVote(ELECTION, b937fb28-01c9-421e-a2c2-ef01dceb1c2c, group-85F464451026, 1, (t:0, i:0))
2022-02-12 02:09:03,208 [grpc-default-executor-2] INFO  impl.VoteContext (VoteContext.java:log(48)) - be637081-cdfc-4d88-b41d-bd3b2e95f28a@group-85F464451026-FOLLOWER: accept ELECTION from b937fb28-01c9-421e-a2c2-ef01dceb1c2c: our priority 0 <= candidate's priority 0
2022-02-12 02:09:03,208 [grpc-default-executor-2] INFO  server.RaftServer$Division (RaftServerImpl.java:setRole(290)) - be637081-cdfc-4d88-b41d-bd3b2e95f28a@group-85F464451026: changes role from  FOLLOWER to FOLLOWER at term 1 for candidate:b937fb28-01c9-421e-a2c2-ef01dceb1c2c
2022-02-12 02:09:03,208 [grpc-default-executor-2] INFO  impl.RoleInfo (RoleInfo.java:shutdownFollowerState(108)) - be637081-cdfc-4d88-b41d-bd3b2e95f28a: shutdown be637081-cdfc-4d88-b41d-bd3b2e95f28a@group-85F464451026-FollowerState
2022-02-12 02:09:03,208 [grpc-default-executor-2] INFO  impl.RoleInfo (RoleInfo.java:updateAndGet(130)) - be637081-cdfc-4d88-b41d-bd3b2e95f28a: start be637081-cdfc-4d88-b41d-bd3b2e95f28a@group-85F464451026-FollowerState
2022-02-12 02:09:03,209 [be637081-cdfc-4d88-b41d-bd3b2e95f28a@group-85F464451026-FollowerState] INFO  impl.FollowerState (FollowerState.java:run(143)) - be637081-cdfc-4d88-b41d-bd3b2e95f28a@group-85F464451026-FollowerState was interrupted: {}
java.lang.InterruptedException: sleep interrupted
	at java.lang.Thread.sleep(Native Method)
	at java.lang.Thread.sleep(Thread.java:340)
	at java.util.concurrent.TimeUnit.sleep(TimeUnit.java:386)
	at org.apache.ratis.util.TimeDuration.sleep(TimeDuration.java:324)
	at org.apache.ratis.util.TimeDuration.sleep(TimeDuration.java:309)
	at org.apache.ratis.server.impl.FollowerState.run(FollowerState.java:118)
2022-02-12 02:09:03,221 [grpc-default-executor-0] INFO  server.RaftServer$Division (RaftServerImpl.java:requestVote(1046)) - d59a6f42-ecf0-4abb-8fb6-b83dde6d65c9@group-85F464451026: receive requestVote(ELECTION, b937fb28-01c9-421e-a2c2-ef01dceb1c2c, group-85F464451026, 1, (t:0, i:0))
2022-02-12 02:09:03,221 [grpc-default-executor-0] INFO  impl.VoteContext (VoteContext.java:log(48)) - d59a6f42-ecf0-4abb-8fb6-b83dde6d65c9@group-85F464451026-FOLLOWER: reject ELECTION from b937fb28-01c9-421e-a2c2-ef01dceb1c2c: our priority 1 > candidate's priority 0
2022-02-12 02:09:03,221 [grpc-default-executor-0] INFO  server.RaftServer$Division (RaftServerImpl.java:setRole(290)) - d59a6f42-ecf0-4abb-8fb6-b83dde6d65c9@group-85F464451026: changes role from  FOLLOWER to FOLLOWER at term 1 for candidate:b937fb28-01c9-421e-a2c2-ef01dceb1c2c
2022-02-12 02:09:03,221 [grpc-default-executor-0] INFO  impl.RoleInfo (RoleInfo.java:shutdownFollowerState(108)) - d59a6f42-ecf0-4abb-8fb6-b83dde6d65c9: shutdown d59a6f42-ecf0-4abb-8fb6-b83dde6d65c9@group-85F464451026-FollowerState
2022-02-12 02:09:03,221 [grpc-default-executor-0] INFO  impl.RoleInfo (RoleInfo.java:updateAndGet(130)) - d59a6f42-ecf0-4abb-8fb6-b83dde6d65c9: start d59a6f42-ecf0-4abb-8fb6-b83dde6d65c9@group-85F464451026-FollowerState
2022-02-12 02:09:03,221 [d59a6f42-ecf0-4abb-8fb6-b83dde6d65c9@group-85F464451026-FollowerState] INFO  impl.FollowerState (FollowerState.java:run(143)) - d59a6f42-ecf0-4abb-8fb6-b83dde6d65c9@group-85F464451026-FollowerState was interrupted: {}
java.lang.InterruptedException: sleep interrupted
	at java.lang.Thread.sleep(Native Method)
	at java.lang.Thread.sleep(Thread.java:340)
	at java.util.concurrent.TimeUnit.sleep(TimeUnit.java:386)
	at org.apache.ratis.util.TimeDuration.sleep(TimeDuration.java:324)
	at org.apache.ratis.util.TimeDuration.sleep(TimeDuration.java:309)
	at org.apache.ratis.server.impl.FollowerState.run(FollowerState.java:118)
2022-02-12 02:09:03,222 [grpc-default-executor-0] INFO  server.RaftServer$Division (RaftServerImpl.java:requestVote(1078)) - d59a6f42-ecf0-4abb-8fb6-b83dde6d65c9@group-85F464451026 replies to ELECTION vote request: b937fb28-01c9-421e-a2c2-ef01dceb1c2c<-d59a6f42-ecf0-4abb-8fb6-b83dde6d65c9#0:FAIL-t1. Peer's state: d59a6f42-ecf0-4abb-8fb6-b83dde6d65c9@group-85F464451026:t1, leader=null, voted=null, raftlog=d59a6f42-ecf0-4abb-8fb6-b83dde6d65c9@group-85F464451026-SegmentedRaftLog:OPENED:c-1, conf=-1: [b937fb28-01c9-421e-a2c2-ef01dceb1c2c|rpc:10.1.0.17:40579|dataStream:|priority:0, be637081-cdfc-4d88-b41d-bd3b2e95f28a|rpc:10.1.0.17:35921|dataStream:|priority:0, d59a6f42-ecf0-4abb-8fb6-b83dde6d65c9|rpc:10.1.0.17:34059|dataStream:|priority:1], old=null
2022-02-12 02:09:03,225 [grpc-default-executor-2] INFO  server.RaftServer$Division (RaftServerImpl.java:requestVote(1078)) - be637081-cdfc-4d88-b41d-bd3b2e95f28a@group-85F464451026 replies to ELECTION vote request: b937fb28-01c9-421e-a2c2-ef01dceb1c2c<-be637081-cdfc-4d88-b41d-bd3b2e95f28a#0:OK-t1. Peer's state: be637081-cdfc-4d88-b41d-bd3b2e95f28a@group-85F464451026:t1, leader=null, voted=b937fb28-01c9-421e-a2c2-ef01dceb1c2c, raftlog=be637081-cdfc-4d88-b41d-bd3b2e95f28a@group-85F464451026-SegmentedRaftLog:OPENED:c-1, conf=-1: [b937fb28-01c9-421e-a2c2-ef01dceb1c2c|rpc:10.1.0.17:40579|dataStream:|priority:0, be637081-cdfc-4d88-b41d-bd3b2e95f28a|rpc:10.1.0.17:35921|dataStream:|priority:0, d59a6f42-ecf0-4abb-8fb6-b83dde6d65c9|rpc:10.1.0.17:34059|dataStream:|priority:1], old=null
2022-02-12 02:09:03,228 [b937fb28-01c9-421e-a2c2-ef01dceb1c2c@group-95647C70B206-FollowerState] INFO  impl.FollowerState (FollowerState.java:run(134)) - b937fb28-01c9-421e-a2c2-ef01dceb1c2c@group-95647C70B206-FollowerState: change to CANDIDATE, lastRpcElapsedTime:5220698481ns, electionTimeout:5188ms
2022-02-12 02:09:03,228 [b937fb28-01c9-421e-a2c2-ef01dceb1c2c@group-95647C70B206-FollowerState] INFO  impl.RoleInfo (RoleInfo.java:shutdownFollowerState(108)) - b937fb28-01c9-421e-a2c2-ef01dceb1c2c: shutdown b937fb28-01c9-421e-a2c2-ef01dceb1c2c@group-95647C70B206-FollowerState
2022-02-12 02:09:03,228 [b937fb28-01c9-421e-a2c2-ef01dceb1c2c@group-95647C70B206-FollowerState] INFO  server.RaftServer$Division (RaftServerImpl.java:setRole(290)) - b937fb28-01c9-421e-a2c2-ef01dceb1c2c@group-95647C70B206: changes role from  FOLLOWER to CANDIDATE at term 0 for changeToCandidate
2022-02-12 02:09:03,233 [b937fb28-01c9-421e-a2c2-ef01dceb1c2c@group-85F464451026-LeaderElection34] INFO  impl.LeaderElection (LeaderElection.java:logAndReturn(89)) - b937fb28-01c9-421e-a2c2-ef01dceb1c2c@group-85F464451026-LeaderElection34: ELECTION REJECTED received 1 response(s) and 0 exception(s):
2022-02-12 02:09:03,233 [b937fb28-01c9-421e-a2c2-ef01dceb1c2c@group-85F464451026-LeaderElection34] INFO  impl.LeaderElection (LeaderElection.java:logAndReturn(93)) -   Response 0: b937fb28-01c9-421e-a2c2-ef01dceb1c2c<-d59a6f42-ecf0-4abb-8fb6-b83dde6d65c9#0:FAIL-t1
2022-02-12 02:09:03,233 [b937fb28-01c9-421e-a2c2-ef01dceb1c2c@group-85F464451026-LeaderElection34] INFO  impl.LeaderElection (LeaderElection.java:askForVotes(308)) - b937fb28-01c9-421e-a2c2-ef01dceb1c2c@group-85F464451026-LeaderElection34 ELECTION round 0: result REJECTED
2022-02-12 02:09:03,233 [b937fb28-01c9-421e-a2c2-ef01dceb1c2c@group-85F464451026-LeaderElection34] INFO  server.RaftServer$Division (RaftServerImpl.java:setRole(290)) - b937fb28-01c9-421e-a2c2-ef01dceb1c2c@group-85F464451026: changes role from CANDIDATE to FOLLOWER at term 1 for REJECTED
2022-02-12 02:09:03,233 [b937fb28-01c9-421e-a2c2-ef01dceb1c2c@group-85F464451026-LeaderElection34] INFO  impl.RoleInfo (RoleInfo.java:shutdownLeaderElection(121)) - b937fb28-01c9-421e-a2c2-ef01dceb1c2c: shutdown b937fb28-01c9-421e-a2c2-ef01dceb1c2c@group-85F464451026-LeaderElection34
2022-02-12 02:09:03,233 [b937fb28-01c9-421e-a2c2-ef01dceb1c2c@group-85F464451026-LeaderElection34] INFO  impl.RoleInfo (RoleInfo.java:updateAndGet(130)) - b937fb28-01c9-421e-a2c2-ef01dceb1c2c: start b937fb28-01c9-421e-a2c2-ef01dceb1c2c@group-85F464451026-FollowerState
2022-02-12 02:09:03,240 [b937fb28-01c9-421e-a2c2-ef01dceb1c2c@group-95647C70B206-FollowerState] INFO  server.RaftServerConfigKeys (ConfUtils.java:logGet(44)) - raft.server.leaderelection.pre-vote = false (custom)
2022-02-12 02:09:03,240 [b937fb28-01c9-421e-a2c2-ef01dceb1c2c@group-95647C70B206-FollowerState] INFO  impl.RoleInfo (RoleInfo.java:updateAndGet(130)) - b937fb28-01c9-421e-a2c2-ef01dceb1c2c: start b937fb28-01c9-421e-a2c2-ef01dceb1c2c@group-95647C70B206-LeaderElection35
2022-02-12 02:09:03,271 [b937fb28-01c9-421e-a2c2-ef01dceb1c2c@group-95647C70B206-LeaderElection35] INFO  impl.LeaderElection (LeaderElection.java:askForVotes(306)) - b937fb28-01c9-421e-a2c2-ef01dceb1c2c@group-95647C70B206-LeaderElection35 ELECTION round 0: submit vote requests at term 1 for -1: [b937fb28-01c9-421e-a2c2-ef01dceb1c2c|rpc:10.1.0.17:40579|priority:1], old=null
2022-02-12 02:09:03,271 [b937fb28-01c9-421e-a2c2-ef01dceb1c2c@group-95647C70B206-LeaderElection35] INFO  impl.LeaderElection (LeaderElection.java:askForVotes(308)) - b937fb28-01c9-421e-a2c2-ef01dceb1c2c@group-95647C70B206-LeaderElection35 ELECTION round 0: result PASSED (term=1)
2022-02-12 02:09:03,271 [b937fb28-01c9-421e-a2c2-ef01dceb1c2c@group-95647C70B206-LeaderElection35] INFO  impl.RoleInfo (RoleInfo.java:shutdownLeaderElection(121)) - b937fb28-01c9-421e-a2c2-ef01dceb1c2c: shutdown b937fb28-01c9-421e-a2c2-ef01dceb1c2c@group-95647C70B206-LeaderElection35
2022-02-12 02:09:03,271 [b937fb28-01c9-421e-a2c2-ef01dceb1c2c@group-95647C70B206-LeaderElection35] INFO  server.RaftServer$Division (RaftServerImpl.java:setRole(290)) - b937fb28-01c9-421e-a2c2-ef01dceb1c2c@group-95647C70B206: changes role from CANDIDATE to LEADER at term 1 for changeToLeader
2022-02-12 02:09:03,271 [b937fb28-01c9-421e-a2c2-ef01dceb1c2c@group-95647C70B206-LeaderElection35] INFO  ratis.XceiverServerRatis (XceiverServerRatis.java:handleLeaderChangedNotification(866)) - Leader change notification received for group: group-95647C70B206 with new leaderId: b937fb28-01c9-421e-a2c2-ef01dceb1c2c
2022-02-12 02:09:03,271 [b937fb28-01c9-421e-a2c2-ef01dceb1c2c@group-95647C70B206-LeaderElection35] INFO  server.RaftServer$Division (ServerState.java:setLeader(285)) - b937fb28-01c9-421e-a2c2-ef01dceb1c2c@group-95647C70B206: change Leader from null to b937fb28-01c9-421e-a2c2-ef01dceb1c2c at term 1 for becomeLeader, leader elected after 5271ms
2022-02-12 02:09:03,271 [b937fb28-01c9-421e-a2c2-ef01dceb1c2c@group-95647C70B206-LeaderElection35] INFO  server.RaftServerConfigKeys (ConfUtils.java:logGet(44)) - raft.server.staging.catchup.gap = 1000 (default)
2022-02-12 02:09:03,272 [b937fb28-01c9-421e-a2c2-ef01dceb1c2c@group-95647C70B206-LeaderElection35] INFO  server.RaftServerConfigKeys (ConfUtils.java:logGet(44)) - raft.server.write.element-limit = 1024 (custom)
2022-02-12 02:09:03,272 [b937fb28-01c9-421e-a2c2-ef01dceb1c2c@group-95647C70B206-LeaderElection35] INFO  server.RaftServerConfigKeys (ConfUtils.java:logGet(44)) - raft.server.write.byte-limit = 1024 M (=1073741824) (custom)
2022-02-12 02:09:03,272 [b937fb28-01c9-421e-a2c2-ef01dceb1c2c@group-95647C70B206-LeaderElection35] INFO  server.RaftServerConfigKeys (ConfUtils.java:logGet(44)) - raft.server.watch.timeout = 180s (custom)
2022-02-12 02:09:03,272 [b937fb28-01c9-421e-a2c2-ef01dceb1c2c@group-95647C70B206-LeaderElection35] INFO  server.RaftServerConfigKeys (ConfUtils.java:logGet(44)) - raft.server.watch.timeout.denomination = 1s (default)
2022-02-12 02:09:03,272 [b937fb28-01c9-421e-a2c2-ef01dceb1c2c@group-95647C70B206-LeaderElection35] INFO  server.RaftServerConfigKeys (ConfUtils.java:logGet(44)) - raft.server.watch.element-limit = 65536 (default)
2022-02-12 02:09:03,272 [b937fb28-01c9-421e-a2c2-ef01dceb1c2c@group-95647C70B206-LeaderElection35] INFO  server.RaftServerConfigKeys (ConfUtils.java:logGet(44)) - raft.server.write.element-limit = 1024 (custom)
2022-02-12 02:09:03,272 [b937fb28-01c9-421e-a2c2-ef01dceb1c2c@group-95647C70B206-LeaderElection35] INFO  server.RaftServerConfigKeys (ConfUtils.java:logGet(44)) - raft.server.write.follower.gap.ratio.max = -1.0 (default)
2022-02-12 02:09:03,272 [b937fb28-01c9-421e-a2c2-ef01dceb1c2c@group-95647C70B206-LeaderElection35] INFO  impl.RoleInfo (RoleInfo.java:updateAndGet(130)) - b937fb28-01c9-421e-a2c2-ef01dceb1c2c: start b937fb28-01c9-421e-a2c2-ef01dceb1c2c@group-95647C70B206-LeaderStateImpl
2022-02-12 02:09:03,273 [b937fb28-01c9-421e-a2c2-ef01dceb1c2c@group-95647C70B206-LeaderElection35] INFO  segmented.SegmentedRaftLogWorker (SegmentedRaftLogWorker.java:startLogSegment(394)) - b937fb28-01c9-421e-a2c2-ef01dceb1c2c@group-95647C70B206-SegmentedRaftLogWorker: Starting segment from index:0
2022-02-12 02:09:03,274 [b937fb28-01c9-421e-a2c2-ef01dceb1c2c@group-95647C70B206-SegmentedRaftLogWorker] INFO  segmented.SegmentedRaftLogWorker (SegmentedRaftLogWorker.java:execute(601)) - b937fb28-01c9-421e-a2c2-ef01dceb1c2c@group-95647C70B206-SegmentedRaftLogWorker: created new log segment /home/runner/work/ozone/ozone/hadoop-ozone/integration-test/target/test-dir/MiniOzoneClusterImpl-03ef79e6-d6c6-40ba-8af9-d36bcf9e7ad5/datanode-0/data/ratis/30e443b0-6ebe-43d7-9965-95647c70b206/current/log_inprogress_0
2022-02-12 02:09:03,277 [EventQueue-OpenPipelineForHealthyPipelineSafeModeRule] INFO  safemode.SCMSafeModeManager (HealthyPipelineSafeModeRule.java:process(124)) - SCM in safe mode. Healthy pipelines reported count is 0, required healthy pipeline reported count is 1
2022-02-12 02:09:03,280 [b937fb28-01c9-421e-a2c2-ef01dceb1c2c@group-95647C70B206-LeaderElection35] INFO  server.RaftServer$Division (ServerState.java:setRaftConf(387)) - b937fb28-01c9-421e-a2c2-ef01dceb1c2c@group-95647C70B206: set configuration 0: [b937fb28-01c9-421e-a2c2-ef01dceb1c2c|rpc:10.1.0.17:40579|dataStream:|priority:1], old=null
2022-02-12 02:09:03,466 [d59a6f42-ecf0-4abb-8fb6-b83dde6d65c9@group-97CA26D0459A-FollowerState] INFO  impl.FollowerState (FollowerState.java:run(134)) - d59a6f42-ecf0-4abb-8fb6-b83dde6d65c9@group-97CA26D0459A-FollowerState: change to CANDIDATE, lastRpcElapsedTime:5016490689ns, electionTimeout:5015ms
2022-02-12 02:09:03,467 [d59a6f42-ecf0-4abb-8fb6-b83dde6d65c9@group-97CA26D0459A-FollowerState] INFO  impl.RoleInfo (RoleInfo.java:shutdownFollowerState(108)) - d59a6f42-ecf0-4abb-8fb6-b83dde6d65c9: shutdown d59a6f42-ecf0-4abb-8fb6-b83dde6d65c9@group-97CA26D0459A-FollowerState
2022-02-12 02:09:03,467 [d59a6f42-ecf0-4abb-8fb6-b83dde6d65c9@group-97CA26D0459A-FollowerState] INFO  server.RaftServer$Division (RaftServerImpl.java:setRole(290)) - d59a6f42-ecf0-4abb-8fb6-b83dde6d65c9@group-97CA26D0459A: changes role from  FOLLOWER to CANDIDATE at term 0 for changeToCandidate
2022-02-12 02:09:03,467 [d59a6f42-ecf0-4abb-8fb6-b83dde6d65c9@group-97CA26D0459A-FollowerState] INFO  server.RaftServerConfigKeys (ConfUtils.java:logGet(44)) - raft.server.leaderelection.pre-vote = false (custom)
2022-02-12 02:09:03,467 [d59a6f42-ecf0-4abb-8fb6-b83dde6d65c9@group-97CA26D0459A-FollowerState] INFO  impl.RoleInfo (RoleInfo.java:updateAndGet(130)) - d59a6f42-ecf0-4abb-8fb6-b83dde6d65c9: start d59a6f42-ecf0-4abb-8fb6-b83dde6d65c9@group-97CA26D0459A-LeaderElection36
2022-02-12 02:09:03,482 [d59a6f42-ecf0-4abb-8fb6-b83dde6d65c9@group-97CA26D0459A-LeaderElection36] INFO  impl.LeaderElection (LeaderElection.java:askForVotes(306)) - d59a6f42-ecf0-4abb-8fb6-b83dde6d65c9@group-97CA26D0459A-LeaderElection36 ELECTION round 0: submit vote requests at term 1 for -1: [d59a6f42-ecf0-4abb-8fb6-b83dde6d65c9|rpc:10.1.0.17:34059|priority:1], old=null
2022-02-12 02:09:03,482 [d59a6f42-ecf0-4abb-8fb6-b83dde6d65c9@group-97CA26D0459A-LeaderElection36] INFO  impl.LeaderElection (LeaderElection.java:askForVotes(308)) - d59a6f42-ecf0-4abb-8fb6-b83dde6d65c9@group-97CA26D0459A-LeaderElection36 ELECTION round 0: result PASSED (term=1)
2022-02-12 02:09:03,484 [d59a6f42-ecf0-4abb-8fb6-b83dde6d65c9@group-97CA26D0459A-LeaderElection36] INFO  impl.RoleInfo (RoleInfo.java:shutdownLeaderElection(121)) - d59a6f42-ecf0-4abb-8fb6-b83dde6d65c9: shutdown d59a6f42-ecf0-4abb-8fb6-b83dde6d65c9@group-97CA26D0459A-LeaderElection36
2022-02-12 02:09:03,488 [d59a6f42-ecf0-4abb-8fb6-b83dde6d65c9@group-97CA26D0459A-LeaderElection36] INFO  server.RaftServer$Division (RaftServerImpl.java:setRole(290)) - d59a6f42-ecf0-4abb-8fb6-b83dde6d65c9@group-97CA26D0459A: changes role from CANDIDATE to LEADER at term 1 for changeToLeader
2022-02-12 02:09:03,488 [d59a6f42-ecf0-4abb-8fb6-b83dde6d65c9@group-97CA26D0459A-LeaderElection36] INFO  ratis.XceiverServerRatis (XceiverServerRatis.java:handleLeaderChangedNotification(866)) - Leader change notification received for group: group-97CA26D0459A with new leaderId: d59a6f42-ecf0-4abb-8fb6-b83dde6d65c9
2022-02-12 02:09:03,488 [d59a6f42-ecf0-4abb-8fb6-b83dde6d65c9@group-97CA26D0459A-LeaderElection36] INFO  server.RaftServer$Division (ServerState.java:setLeader(285)) - d59a6f42-ecf0-4abb-8fb6-b83dde6d65c9@group-97CA26D0459A: change Leader from null to d59a6f42-ecf0-4abb-8fb6-b83dde6d65c9 at term 1 for becomeLeader, leader elected after 5070ms
2022-02-12 02:09:03,488 [d59a6f42-ecf0-4abb-8fb6-b83dde6d65c9@group-97CA26D0459A-LeaderElection36] INFO  server.RaftServerConfigKeys (ConfUtils.java:logGet(44)) - raft.server.staging.catchup.gap = 1000 (default)
2022-02-12 02:09:03,489 [d59a6f42-ecf0-4abb-8fb6-b83dde6d65c9@group-97CA26D0459A-LeaderElection36] INFO  server.RaftServerConfigKeys (ConfUtils.java:logGet(44)) - raft.server.write.element-limit = 1024 (custom)
2022-02-12 02:09:03,490 [EventQueue-OpenPipelineForHealthyPipelineSafeModeRule] INFO  safemode.SCMSafeModeManager (HealthyPipelineSafeModeRule.java:process(124)) - SCM in safe mode. Healthy pipelines reported count is 0, required healthy pipeline reported count is 1
2022-02-12 02:09:03,492 [d59a6f42-ecf0-4abb-8fb6-b83dde6d65c9@group-97CA26D0459A-LeaderElection36] INFO  server.RaftServerConfigKeys (ConfUtils.java:logGet(44)) - raft.server.write.byte-limit = 1024 M (=1073741824) (custom)
2022-02-12 02:09:03,492 [d59a6f42-ecf0-4abb-8fb6-b83dde6d65c9@group-97CA26D0459A-LeaderElection36] INFO  server.RaftServerConfigKeys (ConfUtils.java:logGet(44)) - raft.server.watch.timeout = 180s (custom)
2022-02-12 02:09:03,492 [d59a6f42-ecf0-4abb-8fb6-b83dde6d65c9@group-97CA26D0459A-LeaderElection36] INFO  server.RaftServerConfigKeys (ConfUtils.java:logGet(44)) - raft.server.watch.timeout.denomination = 1s (default)
2022-02-12 02:09:03,492 [d59a6f42-ecf0-4abb-8fb6-b83dde6d65c9@group-97CA26D0459A-LeaderElection36] INFO  server.RaftServerConfigKeys (ConfUtils.java:logGet(44)) - raft.server.watch.element-limit = 65536 (default)
2022-02-12 02:09:03,492 [d59a6f42-ecf0-4abb-8fb6-b83dde6d65c9@group-97CA26D0459A-LeaderElection36] INFO  server.RaftServerConfigKeys (ConfUtils.java:logGet(44)) - raft.server.write.element-limit = 1024 (custom)
2022-02-12 02:09:03,493 [d59a6f42-ecf0-4abb-8fb6-b83dde6d65c9@group-97CA26D0459A-LeaderElection36] INFO  server.RaftServerConfigKeys (ConfUtils.java:logGet(44)) - raft.server.write.follower.gap.ratio.max = -1.0 (default)
2022-02-12 02:09:03,493 [d59a6f42-ecf0-4abb-8fb6-b83dde6d65c9@group-97CA26D0459A-LeaderElection36] INFO  impl.RoleInfo (RoleInfo.java:updateAndGet(130)) - d59a6f42-ecf0-4abb-8fb6-b83dde6d65c9: start d59a6f42-ecf0-4abb-8fb6-b83dde6d65c9@group-97CA26D0459A-LeaderStateImpl
2022-02-12 02:09:03,493 [d59a6f42-ecf0-4abb-8fb6-b83dde6d65c9@group-97CA26D0459A-LeaderElection36] INFO  segmented.SegmentedRaftLogWorker (SegmentedRaftLogWorker.java:startLogSegment(394)) - d59a6f42-ecf0-4abb-8fb6-b83dde6d65c9@group-97CA26D0459A-SegmentedRaftLogWorker: Starting segment from index:0
2022-02-12 02:09:03,494 [d59a6f42-ecf0-4abb-8fb6-b83dde6d65c9@group-97CA26D0459A-SegmentedRaftLogWorker] INFO  segmented.SegmentedRaftLogWorker (SegmentedRaftLogWorker.java:execute(601)) - d59a6f42-ecf0-4abb-8fb6-b83dde6d65c9@group-97CA26D0459A-SegmentedRaftLogWorker: created new log segment /home/runner/work/ozone/ozone/hadoop-ozone/integration-test/target/test-dir/MiniOzoneClusterImpl-03ef79e6-d6c6-40ba-8af9-d36bcf9e7ad5/datanode-1/data/ratis/427d10ed-2088-4bbb-a528-97ca26d0459a/current/log_inprogress_0
2022-02-12 02:09:03,517 [d59a6f42-ecf0-4abb-8fb6-b83dde6d65c9@group-97CA26D0459A-LeaderElection36] INFO  server.RaftServer$Division (ServerState.java:setRaftConf(387)) - d59a6f42-ecf0-4abb-8fb6-b83dde6d65c9@group-97CA26D0459A: set configuration 0: [d59a6f42-ecf0-4abb-8fb6-b83dde6d65c9|rpc:10.1.0.17:34059|dataStream:|priority:1], old=null
2022-02-12 02:09:03,518 [b937fb28-01c9-421e-a2c2-ef01dceb1c2c@group-8B8F8AFAC82E-FollowerState] INFO  impl.FollowerState (FollowerState.java:run(134)) - b937fb28-01c9-421e-a2c2-ef01dceb1c2c@group-8B8F8AFAC82E-FollowerState: change to CANDIDATE, lastRpcElapsedTime:5145869585ns, electionTimeout:5145ms
2022-02-12 02:09:03,520 [b937fb28-01c9-421e-a2c2-ef01dceb1c2c@group-8B8F8AFAC82E-FollowerState] INFO  impl.RoleInfo (RoleInfo.java:shutdownFollowerState(108)) - b937fb28-01c9-421e-a2c2-ef01dceb1c2c: shutdown b937fb28-01c9-421e-a2c2-ef01dceb1c2c@group-8B8F8AFAC82E-FollowerState
2022-02-12 02:09:03,520 [b937fb28-01c9-421e-a2c2-ef01dceb1c2c@group-8B8F8AFAC82E-FollowerState] INFO  server.RaftServer$Division (RaftServerImpl.java:setRole(290)) - b937fb28-01c9-421e-a2c2-ef01dceb1c2c@group-8B8F8AFAC82E: changes role from  FOLLOWER to CANDIDATE at term 0 for changeToCandidate
2022-02-12 02:09:03,520 [b937fb28-01c9-421e-a2c2-ef01dceb1c2c@group-8B8F8AFAC82E-FollowerState] INFO  server.RaftServerConfigKeys (ConfUtils.java:logGet(44)) - raft.server.leaderelection.pre-vote = false (custom)
2022-02-12 02:09:03,520 [b937fb28-01c9-421e-a2c2-ef01dceb1c2c@group-8B8F8AFAC82E-FollowerState] INFO  impl.RoleInfo (RoleInfo.java:updateAndGet(130)) - b937fb28-01c9-421e-a2c2-ef01dceb1c2c: start b937fb28-01c9-421e-a2c2-ef01dceb1c2c@group-8B8F8AFAC82E-LeaderElection37
2022-02-12 02:09:03,525 [be637081-cdfc-4d88-b41d-bd3b2e95f28a@group-8B8F8AFAC82E-FollowerState] INFO  impl.FollowerState (FollowerState.java:run(134)) - be637081-cdfc-4d88-b41d-bd3b2e95f28a@group-8B8F8AFAC82E-FollowerState: change to CANDIDATE, lastRpcElapsedTime:5023948039ns, electionTimeout:5017ms
2022-02-12 02:09:03,525 [be637081-cdfc-4d88-b41d-bd3b2e95f28a@group-8B8F8AFAC82E-FollowerState] INFO  impl.RoleInfo (RoleInfo.java:shutdownFollowerState(108)) - be637081-cdfc-4d88-b41d-bd3b2e95f28a: shutdown be637081-cdfc-4d88-b41d-bd3b2e95f28a@group-8B8F8AFAC82E-FollowerState
2022-02-12 02:09:03,525 [be637081-cdfc-4d88-b41d-bd3b2e95f28a@group-8B8F8AFAC82E-FollowerState] INFO  server.RaftServer$Division (RaftServerImpl.java:setRole(290)) - be637081-cdfc-4d88-b41d-bd3b2e95f28a@group-8B8F8AFAC82E: changes role from  FOLLOWER to CANDIDATE at term 0 for changeToCandidate
2022-02-12 02:09:03,540 [be637081-cdfc-4d88-b41d-bd3b2e95f28a@group-8B8F8AFAC82E-FollowerState] INFO  server.RaftServerConfigKeys (ConfUtils.java:logGet(44)) - raft.server.leaderelection.pre-vote = false (custom)
2022-02-12 02:09:03,548 [be637081-cdfc-4d88-b41d-bd3b2e95f28a@group-8B8F8AFAC82E-FollowerState] INFO  impl.RoleInfo (RoleInfo.java:updateAndGet(130)) - be637081-cdfc-4d88-b41d-bd3b2e95f28a: start be637081-cdfc-4d88-b41d-bd3b2e95f28a@group-8B8F8AFAC82E-LeaderElection38
2022-02-12 02:09:03,571 [be637081-cdfc-4d88-b41d-bd3b2e95f28a@group-8B8F8AFAC82E-LeaderElection38] INFO  impl.LeaderElection (LeaderElection.java:askForVotes(306)) - be637081-cdfc-4d88-b41d-bd3b2e95f28a@group-8B8F8AFAC82E-LeaderElection38 ELECTION round 0: submit vote requests at term 1 for -1: [b937fb28-01c9-421e-a2c2-ef01dceb1c2c|rpc:10.1.0.17:40579|dataStream:|priority:1, be637081-cdfc-4d88-b41d-bd3b2e95f28a|rpc:10.1.0.17:35921|dataStream:|priority:0, d59a6f42-ecf0-4abb-8fb6-b83dde6d65c9|rpc:10.1.0.17:34059|dataStream:|priority:0], old=null
2022-02-12 02:09:03,591 [b937fb28-01c9-421e-a2c2-ef01dceb1c2c@group-8B8F8AFAC82E-LeaderElection37] INFO  impl.LeaderElection (LeaderElection.java:askForVotes(306)) - b937fb28-01c9-421e-a2c2-ef01dceb1c2c@group-8B8F8AFAC82E-LeaderElection37 ELECTION round 0: submit vote requests at term 1 for -1: [b937fb28-01c9-421e-a2c2-ef01dceb1c2c|rpc:10.1.0.17:40579|priority:1, be637081-cdfc-4d88-b41d-bd3b2e95f28a|rpc:10.1.0.17:35921|priority:0, d59a6f42-ecf0-4abb-8fb6-b83dde6d65c9|rpc:10.1.0.17:34059|priority:0], old=null
2022-02-12 02:09:03,605 [grpc-default-executor-0] INFO  server.RaftServer$Division (RaftServerImpl.java:requestVote(1046)) - d59a6f42-ecf0-4abb-8fb6-b83dde6d65c9@group-8B8F8AFAC82E: receive requestVote(ELECTION, be637081-cdfc-4d88-b41d-bd3b2e95f28a, group-8B8F8AFAC82E, 1, (t:0, i:0))
2022-02-12 02:09:03,605 [grpc-default-executor-3] INFO  server.RaftServer$Division (RaftServerImpl.java:requestVote(1046)) - be637081-cdfc-4d88-b41d-bd3b2e95f28a@group-8B8F8AFAC82E: receive requestVote(ELECTION, b937fb28-01c9-421e-a2c2-ef01dceb1c2c, group-8B8F8AFAC82E, 1, (t:0, i:0))
2022-02-12 02:09:03,605 [grpc-default-executor-2] INFO  server.RaftServer$Division (RaftServerImpl.java:requestVote(1046)) - b937fb28-01c9-421e-a2c2-ef01dceb1c2c@group-8B8F8AFAC82E: receive requestVote(ELECTION, be637081-cdfc-4d88-b41d-bd3b2e95f28a, group-8B8F8AFAC82E, 1, (t:0, i:0))
2022-02-12 02:09:03,605 [grpc-default-executor-2] INFO  impl.VoteContext (VoteContext.java:log(48)) - b937fb28-01c9-421e-a2c2-ef01dceb1c2c@group-8B8F8AFAC82E-CANDIDATE: reject ELECTION from be637081-cdfc-4d88-b41d-bd3b2e95f28a: already has voted for b937fb28-01c9-421e-a2c2-ef01dceb1c2c at current term 1
2022-02-12 02:09:03,605 [grpc-default-executor-2] INFO  server.RaftServer$Division (RaftServerImpl.java:requestVote(1078)) - b937fb28-01c9-421e-a2c2-ef01dceb1c2c@group-8B8F8AFAC82E replies to ELECTION vote request: be637081-cdfc-4d88-b41d-bd3b2e95f28a<-b937fb28-01c9-421e-a2c2-ef01dceb1c2c#0:FAIL-t1. Peer's state: b937fb28-01c9-421e-a2c2-ef01dceb1c2c@group-8B8F8AFAC82E:t1, leader=null, voted=b937fb28-01c9-421e-a2c2-ef01dceb1c2c, raftlog=b937fb28-01c9-421e-a2c2-ef01dceb1c2c@group-8B8F8AFAC82E-SegmentedRaftLog:OPENED:c-1, conf=-1: [b937fb28-01c9-421e-a2c2-ef01dceb1c2c|rpc:10.1.0.17:40579|priority:1, be637081-cdfc-4d88-b41d-bd3b2e95f28a|rpc:10.1.0.17:35921|priority:0, d59a6f42-ecf0-4abb-8fb6-b83dde6d65c9|rpc:10.1.0.17:34059|priority:0], old=null
2022-02-12 02:09:03,605 [grpc-default-executor-3] INFO  impl.VoteContext (VoteContext.java:log(48)) - be637081-cdfc-4d88-b41d-bd3b2e95f28a@group-8B8F8AFAC82E-CANDIDATE: reject ELECTION from b937fb28-01c9-421e-a2c2-ef01dceb1c2c: already has voted for be637081-cdfc-4d88-b41d-bd3b2e95f28a at current term 1
2022-02-12 02:09:03,606 [grpc-default-executor-3] INFO  server.RaftServer$Division (RaftServerImpl.java:requestVote(1078)) - be637081-cdfc-4d88-b41d-bd3b2e95f28a@group-8B8F8AFAC82E replies to ELECTION vote request: b937fb28-01c9-421e-a2c2-ef01dceb1c2c<-be637081-cdfc-4d88-b41d-bd3b2e95f28a#0:FAIL-t1. Peer's state: be637081-cdfc-4d88-b41d-bd3b2e95f28a@group-8B8F8AFAC82E:t1, leader=null, voted=be637081-cdfc-4d88-b41d-bd3b2e95f28a, raftlog=be637081-cdfc-4d88-b41d-bd3b2e95f28a@group-8B8F8AFAC82E-SegmentedRaftLog:OPENED:c-1, conf=-1: [b937fb28-01c9-421e-a2c2-ef01dceb1c2c|rpc:10.1.0.17:40579|dataStream:|priority:1, be637081-cdfc-4d88-b41d-bd3b2e95f28a|rpc:10.1.0.17:35921|dataStream:|priority:0, d59a6f42-ecf0-4abb-8fb6-b83dde6d65c9|rpc:10.1.0.17:34059|dataStream:|priority:0], old=null
2022-02-12 02:09:03,606 [be637081-cdfc-4d88-b41d-bd3b2e95f28a@group-8B8F8AFAC82E-LeaderElection38] INFO  impl.LeaderElection (LeaderElection.java:logAndReturn(89)) - be637081-cdfc-4d88-b41d-bd3b2e95f28a@group-8B8F8AFAC82E-LeaderElection38: ELECTION REJECTED received 1 response(s) and 0 exception(s):
2022-02-12 02:09:03,606 [be637081-cdfc-4d88-b41d-bd3b2e95f28a@group-8B8F8AFAC82E-LeaderElection38] INFO  impl.LeaderElection (LeaderElection.java:logAndReturn(93)) -   Response 0: be637081-cdfc-4d88-b41d-bd3b2e95f28a<-b937fb28-01c9-421e-a2c2-ef01dceb1c2c#0:FAIL-t1
2022-02-12 02:09:03,606 [be637081-cdfc-4d88-b41d-bd3b2e95f28a@group-8B8F8AFAC82E-LeaderElection38] INFO  impl.LeaderElection (LeaderElection.java:askForVotes(308)) - be637081-cdfc-4d88-b41d-bd3b2e95f28a@group-8B8F8AFAC82E-LeaderElection38 ELECTION round 0: result REJECTED
2022-02-12 02:09:03,606 [be637081-cdfc-4d88-b41d-bd3b2e95f28a@group-8B8F8AFAC82E-LeaderElection38] INFO  server.RaftServer$Division (RaftServerImpl.java:setRole(290)) - be637081-cdfc-4d88-b41d-bd3b2e95f28a@group-8B8F8AFAC82E: changes role from CANDIDATE to FOLLOWER at term 1 for REJECTED
2022-02-12 02:09:03,607 [be637081-cdfc-4d88-b41d-bd3b2e95f28a@group-8B8F8AFAC82E-LeaderElection38] INFO  impl.RoleInfo (RoleInfo.java:shutdownLeaderElection(121)) - be637081-cdfc-4d88-b41d-bd3b2e95f28a: shutdown be637081-cdfc-4d88-b41d-bd3b2e95f28a@group-8B8F8AFAC82E-LeaderElection38
2022-02-12 02:09:03,607 [be637081-cdfc-4d88-b41d-bd3b2e95f28a@group-8B8F8AFAC82E-LeaderElection38] INFO  impl.RoleInfo (RoleInfo.java:updateAndGet(130)) - be637081-cdfc-4d88-b41d-bd3b2e95f28a: start be637081-cdfc-4d88-b41d-bd3b2e95f28a@group-8B8F8AFAC82E-FollowerState
2022-02-12 02:09:03,605 [grpc-default-executor-0] INFO  impl.VoteContext (VoteContext.java:log(48)) - d59a6f42-ecf0-4abb-8fb6-b83dde6d65c9@group-8B8F8AFAC82E-FOLLOWER: accept ELECTION from be637081-cdfc-4d88-b41d-bd3b2e95f28a: our priority 0 <= candidate's priority 0
2022-02-12 02:09:03,608 [grpc-default-executor-0] INFO  server.RaftServer$Division (RaftServerImpl.java:setRole(290)) - d59a6f42-ecf0-4abb-8fb6-b83dde6d65c9@group-8B8F8AFAC82E: changes role from  FOLLOWER to FOLLOWER at term 1 for candidate:be637081-cdfc-4d88-b41d-bd3b2e95f28a
2022-02-12 02:09:03,608 [grpc-default-executor-0] INFO  impl.RoleInfo (RoleInfo.java:shutdownFollowerState(108)) - d59a6f42-ecf0-4abb-8fb6-b83dde6d65c9: shutdown d59a6f42-ecf0-4abb-8fb6-b83dde6d65c9@group-8B8F8AFAC82E-FollowerState
2022-02-12 02:09:03,615 [d59a6f42-ecf0-4abb-8fb6-b83dde6d65c9@group-8B8F8AFAC82E-FollowerState] INFO  impl.FollowerState (FollowerState.java:run(143)) - d59a6f42-ecf0-4abb-8fb6-b83dde6d65c9@group-8B8F8AFAC82E-FollowerState was interrupted: {}
java.lang.InterruptedException: sleep interrupted
	at java.lang.Thread.sleep(Native Method)
	at java.lang.Thread.sleep(Thread.java:340)
	at java.util.concurrent.TimeUnit.sleep(TimeUnit.java:386)
	at org.apache.ratis.util.TimeDuration.sleep(TimeDuration.java:324)
	at org.apache.ratis.util.TimeDuration.sleep(TimeDuration.java:309)
	at org.apache.ratis.server.impl.FollowerState.run(FollowerState.java:118)
2022-02-12 02:09:03,615 [grpc-default-executor-0] INFO  impl.RoleInfo (RoleInfo.java:updateAndGet(130)) - d59a6f42-ecf0-4abb-8fb6-b83dde6d65c9: start d59a6f42-ecf0-4abb-8fb6-b83dde6d65c9@group-8B8F8AFAC82E-FollowerState
2022-02-12 02:09:03,660 [grpc-default-executor-0] INFO  server.RaftServer$Division (RaftServerImpl.java:requestVote(1078)) - d59a6f42-ecf0-4abb-8fb6-b83dde6d65c9@group-8B8F8AFAC82E replies to ELECTION vote request: be637081-cdfc-4d88-b41d-bd3b2e95f28a<-d59a6f42-ecf0-4abb-8fb6-b83dde6d65c9#0:OK-t1. Peer's state: d59a6f42-ecf0-4abb-8fb6-b83dde6d65c9@group-8B8F8AFAC82E:t1, leader=null, voted=be637081-cdfc-4d88-b41d-bd3b2e95f28a, raftlog=d59a6f42-ecf0-4abb-8fb6-b83dde6d65c9@group-8B8F8AFAC82E-SegmentedRaftLog:OPENED:c-1, conf=-1: [b937fb28-01c9-421e-a2c2-ef01dceb1c2c|rpc:10.1.0.17:40579|dataStream:|priority:1, be637081-cdfc-4d88-b41d-bd3b2e95f28a|rpc:10.1.0.17:35921|dataStream:|priority:0, d59a6f42-ecf0-4abb-8fb6-b83dde6d65c9|rpc:10.1.0.17:34059|dataStream:|priority:0], old=null
2022-02-12 02:09:03,670 [grpc-default-executor-3] INFO  server.RaftServer$Division (RaftServerImpl.java:requestVote(1046)) - d59a6f42-ecf0-4abb-8fb6-b83dde6d65c9@group-8B8F8AFAC82E: receive requestVote(ELECTION, b937fb28-01c9-421e-a2c2-ef01dceb1c2c, group-8B8F8AFAC82E, 1, (t:0, i:0))
2022-02-12 02:09:03,672 [grpc-default-executor-3] INFO  impl.VoteContext (VoteContext.java:log(48)) - d59a6f42-ecf0-4abb-8fb6-b83dde6d65c9@group-8B8F8AFAC82E-FOLLOWER: reject ELECTION from b937fb28-01c9-421e-a2c2-ef01dceb1c2c: already has voted for be637081-cdfc-4d88-b41d-bd3b2e95f28a at current term 1
2022-02-12 02:09:03,673 [grpc-default-executor-3] INFO  server.RaftServer$Division (RaftServerImpl.java:requestVote(1078)) - d59a6f42-ecf0-4abb-8fb6-b83dde6d65c9@group-8B8F8AFAC82E replies to ELECTION vote request: b937fb28-01c9-421e-a2c2-ef01dceb1c2c<-d59a6f42-ecf0-4abb-8fb6-b83dde6d65c9#0:FAIL-t1. Peer's state: d59a6f42-ecf0-4abb-8fb6-b83dde6d65c9@group-8B8F8AFAC82E:t1, leader=null, voted=be637081-cdfc-4d88-b41d-bd3b2e95f28a, raftlog=d59a6f42-ecf0-4abb-8fb6-b83dde6d65c9@group-8B8F8AFAC82E-SegmentedRaftLog:OPENED:c-1, conf=-1: [b937fb28-01c9-421e-a2c2-ef01dceb1c2c|rpc:10.1.0.17:40579|dataStream:|priority:1, be637081-cdfc-4d88-b41d-bd3b2e95f28a|rpc:10.1.0.17:35921|dataStream:|priority:0, d59a6f42-ecf0-4abb-8fb6-b83dde6d65c9|rpc:10.1.0.17:34059|dataStream:|priority:0], old=null
2022-02-12 02:09:03,676 [b937fb28-01c9-421e-a2c2-ef01dceb1c2c@group-8B8F8AFAC82E-LeaderElection37] INFO  impl.LeaderElection (LeaderElection.java:logAndReturn(89)) - b937fb28-01c9-421e-a2c2-ef01dceb1c2c@group-8B8F8AFAC82E-LeaderElection37: ELECTION REJECTED received 2 response(s) and 0 exception(s):
2022-02-12 02:09:03,676 [b937fb28-01c9-421e-a2c2-ef01dceb1c2c@group-8B8F8AFAC82E-LeaderElection37] INFO  impl.LeaderElection (LeaderElection.java:logAndReturn(93)) -   Response 0: b937fb28-01c9-421e-a2c2-ef01dceb1c2c<-be637081-cdfc-4d88-b41d-bd3b2e95f28a#0:FAIL-t1
2022-02-12 02:09:03,676 [b937fb28-01c9-421e-a2c2-ef01dceb1c2c@group-8B8F8AFAC82E-LeaderElection37] INFO  impl.LeaderElection (LeaderElection.java:logAndReturn(93)) -   Response 1: b937fb28-01c9-421e-a2c2-ef01dceb1c2c<-d59a6f42-ecf0-4abb-8fb6-b83dde6d65c9#0:FAIL-t1
2022-02-12 02:09:03,676 [b937fb28-01c9-421e-a2c2-ef01dceb1c2c@group-8B8F8AFAC82E-LeaderElection37] INFO  impl.LeaderElection (LeaderElection.java:askForVotes(308)) - b937fb28-01c9-421e-a2c2-ef01dceb1c2c@group-8B8F8AFAC82E-LeaderElection37 ELECTION round 0: result REJECTED
2022-02-12 02:09:03,676 [b937fb28-01c9-421e-a2c2-ef01dceb1c2c@group-8B8F8AFAC82E-LeaderElection37] INFO  server.RaftServer$Division (RaftServerImpl.java:setRole(290)) - b937fb28-01c9-421e-a2c2-ef01dceb1c2c@group-8B8F8AFAC82E: changes role from CANDIDATE to FOLLOWER at term 1 for REJECTED
2022-02-12 02:09:03,676 [b937fb28-01c9-421e-a2c2-ef01dceb1c2c@group-8B8F8AFAC82E-LeaderElection37] INFO  impl.RoleInfo (RoleInfo.java:shutdownLeaderElection(121)) - b937fb28-01c9-421e-a2c2-ef01dceb1c2c: shutdown b937fb28-01c9-421e-a2c2-ef01dceb1c2c@group-8B8F8AFAC82E-LeaderElection37
2022-02-12 02:09:03,676 [b937fb28-01c9-421e-a2c2-ef01dceb1c2c@group-8B8F8AFAC82E-LeaderElection37] INFO  impl.RoleInfo (RoleInfo.java:updateAndGet(130)) - b937fb28-01c9-421e-a2c2-ef01dceb1c2c: start b937fb28-01c9-421e-a2c2-ef01dceb1c2c@group-8B8F8AFAC82E-FollowerState
2022-02-12 02:09:03,788 [Listener at 127.0.0.1/44117] INFO  ozone.MiniOzoneClusterImpl (MiniOzoneClusterImpl.java:lambda$waitForClusterToBeReady$0(219)) - Nodes are ready. Got 3 of 3 DN Heartbeats.
2022-02-12 02:09:03,788 [Listener at 127.0.0.1/44117] INFO  ozone.MiniOzoneClusterImpl (MiniOzoneClusterImpl.java:lambda$waitForClusterToBeReady$0(222)) - Waiting for cluster to exit safe mode
2022-02-12 02:09:03,788 [Listener at 127.0.0.1/44117] INFO  ozone.MiniOzoneClusterImpl (MiniOzoneClusterImpl.java:lambda$waitForClusterToBeReady$0(224)) - SCM became leader
2022-02-12 02:09:04,002 [be637081-cdfc-4d88-b41d-bd3b2e95f28a@group-82A6F43EC5BD-FollowerState] INFO  impl.FollowerState (FollowerState.java:run(134)) - be637081-cdfc-4d88-b41d-bd3b2e95f28a@group-82A6F43EC5BD-FollowerState: change to CANDIDATE, lastRpcElapsedTime:5150112997ns, electionTimeout:5145ms
2022-02-12 02:09:04,003 [be637081-cdfc-4d88-b41d-bd3b2e95f28a@group-82A6F43EC5BD-FollowerState] INFO  impl.RoleInfo (RoleInfo.java:shutdownFollowerState(108)) - be637081-cdfc-4d88-b41d-bd3b2e95f28a: shutdown be637081-cdfc-4d88-b41d-bd3b2e95f28a@group-82A6F43EC5BD-FollowerState
2022-02-12 02:09:04,003 [be637081-cdfc-4d88-b41d-bd3b2e95f28a@group-82A6F43EC5BD-FollowerState] INFO  server.RaftServer$Division (RaftServerImpl.java:setRole(290)) - be637081-cdfc-4d88-b41d-bd3b2e95f28a@group-82A6F43EC5BD: changes role from  FOLLOWER to CANDIDATE at term 0 for changeToCandidate
2022-02-12 02:09:04,003 [be637081-cdfc-4d88-b41d-bd3b2e95f28a@group-82A6F43EC5BD-FollowerState] INFO  server.RaftServerConfigKeys (ConfUtils.java:logGet(44)) - raft.server.leaderelection.pre-vote = false (custom)
2022-02-12 02:09:04,003 [be637081-cdfc-4d88-b41d-bd3b2e95f28a@group-82A6F43EC5BD-FollowerState] INFO  impl.RoleInfo (RoleInfo.java:updateAndGet(130)) - be637081-cdfc-4d88-b41d-bd3b2e95f28a: start be637081-cdfc-4d88-b41d-bd3b2e95f28a@group-82A6F43EC5BD-LeaderElection39
2022-02-12 02:09:04,045 [be637081-cdfc-4d88-b41d-bd3b2e95f28a@group-82A6F43EC5BD-LeaderElection39] INFO  impl.LeaderElection (LeaderElection.java:askForVotes(306)) - be637081-cdfc-4d88-b41d-bd3b2e95f28a@group-82A6F43EC5BD-LeaderElection39 ELECTION round 0: submit vote requests at term 1 for -1: [be637081-cdfc-4d88-b41d-bd3b2e95f28a|rpc:10.1.0.17:35921|priority:1], old=null
2022-02-12 02:09:04,045 [be637081-cdfc-4d88-b41d-bd3b2e95f28a@group-82A6F43EC5BD-LeaderElection39] INFO  impl.LeaderElection (LeaderElection.java:askForVotes(308)) - be637081-cdfc-4d88-b41d-bd3b2e95f28a@group-82A6F43EC5BD-LeaderElection39 ELECTION round 0: result PASSED (term=1)
2022-02-12 02:09:04,045 [be637081-cdfc-4d88-b41d-bd3b2e95f28a@group-82A6F43EC5BD-LeaderElection39] INFO  impl.RoleInfo (RoleInfo.java:shutdownLeaderElection(121)) - be637081-cdfc-4d88-b41d-bd3b2e95f28a: shutdown be637081-cdfc-4d88-b41d-bd3b2e95f28a@group-82A6F43EC5BD-LeaderElection39
2022-02-12 02:09:04,045 [be637081-cdfc-4d88-b41d-bd3b2e95f28a@group-82A6F43EC5BD-LeaderElection39] INFO  server.RaftServer$Division (RaftServerImpl.java:setRole(290)) - be637081-cdfc-4d88-b41d-bd3b2e95f28a@group-82A6F43EC5BD: changes role from CANDIDATE to LEADER at term 1 for changeToLeader
2022-02-12 02:09:04,045 [be637081-cdfc-4d88-b41d-bd3b2e95f28a@group-82A6F43EC5BD-LeaderElection39] INFO  ratis.XceiverServerRatis (XceiverServerRatis.java:handleLeaderChangedNotification(866)) - Leader change notification received for group: group-82A6F43EC5BD with new leaderId: be637081-cdfc-4d88-b41d-bd3b2e95f28a
2022-02-12 02:09:04,045 [be637081-cdfc-4d88-b41d-bd3b2e95f28a@group-82A6F43EC5BD-LeaderElection39] INFO  server.RaftServer$Division (ServerState.java:setLeader(285)) - be637081-cdfc-4d88-b41d-bd3b2e95f28a@group-82A6F43EC5BD: change Leader from null to be637081-cdfc-4d88-b41d-bd3b2e95f28a at term 1 for becomeLeader, leader elected after 5209ms
2022-02-12 02:09:04,046 [be637081-cdfc-4d88-b41d-bd3b2e95f28a@group-82A6F43EC5BD-LeaderElection39] INFO  server.RaftServerConfigKeys (ConfUtils.java:logGet(44)) - raft.server.staging.catchup.gap = 1000 (default)
2022-02-12 02:09:04,046 [be637081-cdfc-4d88-b41d-bd3b2e95f28a@group-82A6F43EC5BD-LeaderElection39] INFO  server.RaftServerConfigKeys (ConfUtils.java:logGet(44)) - raft.server.write.element-limit = 1024 (custom)
2022-02-12 02:09:04,046 [be637081-cdfc-4d88-b41d-bd3b2e95f28a@group-82A6F43EC5BD-LeaderElection39] INFO  server.RaftServerConfigKeys (ConfUtils.java:logGet(44)) - raft.server.write.byte-limit = 1024 M (=1073741824) (custom)
2022-02-12 02:09:04,046 [be637081-cdfc-4d88-b41d-bd3b2e95f28a@group-82A6F43EC5BD-LeaderElection39] INFO  server.RaftServerConfigKeys (ConfUtils.java:logGet(44)) - raft.server.watch.timeout = 180s (custom)
2022-02-12 02:09:04,046 [be637081-cdfc-4d88-b41d-bd3b2e95f28a@group-82A6F43EC5BD-LeaderElection39] INFO  server.RaftServerConfigKeys (ConfUtils.java:logGet(44)) - raft.server.watch.timeout.denomination = 1s (default)
2022-02-12 02:09:04,046 [be637081-cdfc-4d88-b41d-bd3b2e95f28a@group-82A6F43EC5BD-LeaderElection39] INFO  server.RaftServerConfigKeys (ConfUtils.java:logGet(44)) - raft.server.watch.element-limit = 65536 (default)
2022-02-12 02:09:04,046 [be637081-cdfc-4d88-b41d-bd3b2e95f28a@group-82A6F43EC5BD-LeaderElection39] INFO  server.RaftServerConfigKeys (ConfUtils.java:logGet(44)) - raft.server.write.element-limit = 1024 (custom)
2022-02-12 02:09:04,046 [be637081-cdfc-4d88-b41d-bd3b2e95f28a@group-82A6F43EC5BD-LeaderElection39] INFO  server.RaftServerConfigKeys (ConfUtils.java:logGet(44)) - raft.server.write.follower.gap.ratio.max = -1.0 (default)
2022-02-12 02:09:04,046 [be637081-cdfc-4d88-b41d-bd3b2e95f28a@group-82A6F43EC5BD-LeaderElection39] INFO  impl.RoleInfo (RoleInfo.java:updateAndGet(130)) - be637081-cdfc-4d88-b41d-bd3b2e95f28a: start be637081-cdfc-4d88-b41d-bd3b2e95f28a@group-82A6F43EC5BD-LeaderStateImpl
2022-02-12 02:09:04,047 [be637081-cdfc-4d88-b41d-bd3b2e95f28a@group-82A6F43EC5BD-LeaderElection39] INFO  segmented.SegmentedRaftLogWorker (SegmentedRaftLogWorker.java:startLogSegment(394)) - be637081-cdfc-4d88-b41d-bd3b2e95f28a@group-82A6F43EC5BD-SegmentedRaftLogWorker: Starting segment from index:0
2022-02-12 02:09:04,050 [be637081-cdfc-4d88-b41d-bd3b2e95f28a@group-82A6F43EC5BD-SegmentedRaftLogWorker] INFO  segmented.SegmentedRaftLogWorker (SegmentedRaftLogWorker.java:execute(601)) - be637081-cdfc-4d88-b41d-bd3b2e95f28a@group-82A6F43EC5BD-SegmentedRaftLogWorker: created new log segment /home/runner/work/ozone/ozone/hadoop-ozone/integration-test/target/test-dir/MiniOzoneClusterImpl-03ef79e6-d6c6-40ba-8af9-d36bcf9e7ad5/datanode-2/data/ratis/03306ab3-b9e4-487a-ab8d-82a6f43ec5bd/current/log_inprogress_0
2022-02-12 02:09:04,051 [EventQueue-OpenPipelineForHealthyPipelineSafeModeRule] INFO  safemode.SCMSafeModeManager (HealthyPipelineSafeModeRule.java:process(124)) - SCM in safe mode. Healthy pipelines reported count is 0, required healthy pipeline reported count is 1
2022-02-12 02:09:04,058 [be637081-cdfc-4d88-b41d-bd3b2e95f28a@group-82A6F43EC5BD-LeaderElection39] INFO  server.RaftServer$Division (ServerState.java:setRaftConf(387)) - be637081-cdfc-4d88-b41d-bd3b2e95f28a@group-82A6F43EC5BD: set configuration 0: [be637081-cdfc-4d88-b41d-bd3b2e95f28a|rpc:10.1.0.17:35921|dataStream:|priority:1], old=null
2022-02-12 02:09:04,788 [Listener at 127.0.0.1/44117] INFO  ozone.MiniOzoneClusterImpl (MiniOzoneClusterImpl.java:lambda$waitForClusterToBeReady$0(219)) - Nodes are ready. Got 3 of 3 DN Heartbeats.
2022-02-12 02:09:04,789 [Listener at 127.0.0.1/44117] INFO  ozone.MiniOzoneClusterImpl (MiniOzoneClusterImpl.java:lambda$waitForClusterToBeReady$0(222)) - Waiting for cluster to exit safe mode
2022-02-12 02:09:04,789 [Listener at 127.0.0.1/44117] INFO  ozone.MiniOzoneClusterImpl (MiniOzoneClusterImpl.java:lambda$waitForClusterToBeReady$0(224)) - SCM became leader
2022-02-12 02:09:05,789 [Listener at 127.0.0.1/44117] INFO  ozone.MiniOzoneClusterImpl (MiniOzoneClusterImpl.java:lambda$waitForClusterToBeReady$0(219)) - Nodes are ready. Got 3 of 3 DN Heartbeats.
2022-02-12 02:09:05,789 [Listener at 127.0.0.1/44117] INFO  ozone.MiniOzoneClusterImpl (MiniOzoneClusterImpl.java:lambda$waitForClusterToBeReady$0(222)) - Waiting for cluster to exit safe mode
2022-02-12 02:09:05,789 [Listener at 127.0.0.1/44117] INFO  ozone.MiniOzoneClusterImpl (MiniOzoneClusterImpl.java:lambda$waitForClusterToBeReady$0(224)) - SCM became leader
2022-02-12 02:09:06,790 [Listener at 127.0.0.1/44117] INFO  ozone.MiniOzoneClusterImpl (MiniOzoneClusterImpl.java:lambda$waitForClusterToBeReady$0(219)) - Nodes are ready. Got 3 of 3 DN Heartbeats.
2022-02-12 02:09:06,790 [Listener at 127.0.0.1/44117] INFO  ozone.MiniOzoneClusterImpl (MiniOzoneClusterImpl.java:lambda$waitForClusterToBeReady$0(222)) - Waiting for cluster to exit safe mode
2022-02-12 02:09:06,790 [Listener at 127.0.0.1/44117] INFO  ozone.MiniOzoneClusterImpl (MiniOzoneClusterImpl.java:lambda$waitForClusterToBeReady$0(224)) - SCM became leader
2022-02-12 02:09:07,790 [Listener at 127.0.0.1/44117] INFO  ozone.MiniOzoneClusterImpl (MiniOzoneClusterImpl.java:lambda$waitForClusterToBeReady$0(219)) - Nodes are ready. Got 3 of 3 DN Heartbeats.
2022-02-12 02:09:07,791 [Listener at 127.0.0.1/44117] INFO  ozone.MiniOzoneClusterImpl (MiniOzoneClusterImpl.java:lambda$waitForClusterToBeReady$0(222)) - Waiting for cluster to exit safe mode
2022-02-12 02:09:07,791 [Listener at 127.0.0.1/44117] INFO  ozone.MiniOzoneClusterImpl (MiniOzoneClusterImpl.java:lambda$waitForClusterToBeReady$0(224)) - SCM became leader
2022-02-12 02:09:08,283 [be637081-cdfc-4d88-b41d-bd3b2e95f28a@group-85F464451026-FollowerState] INFO  impl.FollowerState (FollowerState.java:run(134)) - be637081-cdfc-4d88-b41d-bd3b2e95f28a@group-85F464451026-FollowerState: change to CANDIDATE, lastRpcElapsedTime:5057584132ns, electionTimeout:5045ms
2022-02-12 02:09:08,283 [be637081-cdfc-4d88-b41d-bd3b2e95f28a@group-85F464451026-FollowerState] INFO  impl.RoleInfo (RoleInfo.java:shutdownFollowerState(108)) - be637081-cdfc-4d88-b41d-bd3b2e95f28a: shutdown be637081-cdfc-4d88-b41d-bd3b2e95f28a@group-85F464451026-FollowerState
2022-02-12 02:09:08,283 [be637081-cdfc-4d88-b41d-bd3b2e95f28a@group-85F464451026-FollowerState] INFO  server.RaftServer$Division (RaftServerImpl.java:setRole(290)) - be637081-cdfc-4d88-b41d-bd3b2e95f28a@group-85F464451026: changes role from  FOLLOWER to CANDIDATE at term 1 for changeToCandidate
2022-02-12 02:09:08,283 [be637081-cdfc-4d88-b41d-bd3b2e95f28a@group-85F464451026-FollowerState] INFO  server.RaftServerConfigKeys (ConfUtils.java:logGet(44)) - raft.server.leaderelection.pre-vote = false (custom)
2022-02-12 02:09:08,283 [be637081-cdfc-4d88-b41d-bd3b2e95f28a@group-85F464451026-FollowerState] INFO  impl.RoleInfo (RoleInfo.java:updateAndGet(130)) - be637081-cdfc-4d88-b41d-bd3b2e95f28a: start be637081-cdfc-4d88-b41d-bd3b2e95f28a@group-85F464451026-LeaderElection40
2022-02-12 02:09:08,308 [be637081-cdfc-4d88-b41d-bd3b2e95f28a@group-85F464451026-LeaderElection40] INFO  impl.LeaderElection (LeaderElection.java:askForVotes(306)) - be637081-cdfc-4d88-b41d-bd3b2e95f28a@group-85F464451026-LeaderElection40 ELECTION round 0: submit vote requests at term 2 for -1: [b937fb28-01c9-421e-a2c2-ef01dceb1c2c|rpc:10.1.0.17:40579|dataStream:|priority:0, be637081-cdfc-4d88-b41d-bd3b2e95f28a|rpc:10.1.0.17:35921|dataStream:|priority:0, d59a6f42-ecf0-4abb-8fb6-b83dde6d65c9|rpc:10.1.0.17:34059|dataStream:|priority:1], old=null
2022-02-12 02:09:08,318 [grpc-default-executor-3] INFO  server.RaftServer$Division (RaftServerImpl.java:requestVote(1046)) - b937fb28-01c9-421e-a2c2-ef01dceb1c2c@group-85F464451026: receive requestVote(ELECTION, be637081-cdfc-4d88-b41d-bd3b2e95f28a, group-85F464451026, 2, (t:0, i:0))
2022-02-12 02:09:08,318 [grpc-default-executor-3] INFO  impl.VoteContext (VoteContext.java:log(48)) - b937fb28-01c9-421e-a2c2-ef01dceb1c2c@group-85F464451026-FOLLOWER: accept ELECTION from be637081-cdfc-4d88-b41d-bd3b2e95f28a: our priority 0 <= candidate's priority 0
2022-02-12 02:09:08,318 [grpc-default-executor-3] INFO  server.RaftServer$Division (RaftServerImpl.java:setRole(290)) - b937fb28-01c9-421e-a2c2-ef01dceb1c2c@group-85F464451026: changes role from  FOLLOWER to FOLLOWER at term 2 for candidate:be637081-cdfc-4d88-b41d-bd3b2e95f28a
2022-02-12 02:09:08,318 [grpc-default-executor-3] INFO  impl.RoleInfo (RoleInfo.java:shutdownFollowerState(108)) - b937fb28-01c9-421e-a2c2-ef01dceb1c2c: shutdown b937fb28-01c9-421e-a2c2-ef01dceb1c2c@group-85F464451026-FollowerState
2022-02-12 02:09:08,318 [grpc-default-executor-3] INFO  impl.RoleInfo (RoleInfo.java:updateAndGet(130)) - b937fb28-01c9-421e-a2c2-ef01dceb1c2c: start b937fb28-01c9-421e-a2c2-ef01dceb1c2c@group-85F464451026-FollowerState
2022-02-12 02:09:08,318 [d59a6f42-ecf0-4abb-8fb6-b83dde6d65c9@group-85F464451026-FollowerState] INFO  impl.FollowerState (FollowerState.java:run(134)) - d59a6f42-ecf0-4abb-8fb6-b83dde6d65c9@group-85F464451026-FollowerState: change to CANDIDATE, lastRpcElapsedTime:5097556966ns, electionTimeout:5068ms
2022-02-12 02:09:08,319 [d59a6f42-ecf0-4abb-8fb6-b83dde6d65c9@group-85F464451026-FollowerState] INFO  impl.RoleInfo (RoleInfo.java:shutdownFollowerState(108)) - d59a6f42-ecf0-4abb-8fb6-b83dde6d65c9: shutdown d59a6f42-ecf0-4abb-8fb6-b83dde6d65c9@group-85F464451026-FollowerState
2022-02-12 02:09:08,319 [d59a6f42-ecf0-4abb-8fb6-b83dde6d65c9@group-85F464451026-FollowerState] INFO  server.RaftServer$Division (RaftServerImpl.java:setRole(290)) - d59a6f42-ecf0-4abb-8fb6-b83dde6d65c9@group-85F464451026: changes role from  FOLLOWER to CANDIDATE at term 1 for changeToCandidate
2022-02-12 02:09:08,319 [b937fb28-01c9-421e-a2c2-ef01dceb1c2c@group-85F464451026-FollowerState] INFO  impl.FollowerState (FollowerState.java:run(143)) - b937fb28-01c9-421e-a2c2-ef01dceb1c2c@group-85F464451026-FollowerState was interrupted: {}
java.lang.InterruptedException: sleep interrupted
	at java.lang.Thread.sleep(Native Method)
	at java.lang.Thread.sleep(Thread.java:340)
	at java.util.concurrent.TimeUnit.sleep(TimeUnit.java:386)
	at org.apache.ratis.util.TimeDuration.sleep(TimeDuration.java:324)
	at org.apache.ratis.util.TimeDuration.sleep(TimeDuration.java:309)
	at org.apache.ratis.server.impl.FollowerState.run(FollowerState.java:118)
2022-02-12 02:09:08,329 [grpc-default-executor-3] INFO  server.RaftServer$Division (RaftServerImpl.java:requestVote(1078)) - b937fb28-01c9-421e-a2c2-ef01dceb1c2c@group-85F464451026 replies to ELECTION vote request: be637081-cdfc-4d88-b41d-bd3b2e95f28a<-b937fb28-01c9-421e-a2c2-ef01dceb1c2c#0:OK-t2. Peer's state: b937fb28-01c9-421e-a2c2-ef01dceb1c2c@group-85F464451026:t2, leader=null, voted=be637081-cdfc-4d88-b41d-bd3b2e95f28a, raftlog=b937fb28-01c9-421e-a2c2-ef01dceb1c2c@group-85F464451026-SegmentedRaftLog:OPENED:c-1, conf=-1: [b937fb28-01c9-421e-a2c2-ef01dceb1c2c|rpc:10.1.0.17:40579|priority:0, be637081-cdfc-4d88-b41d-bd3b2e95f28a|rpc:10.1.0.17:35921|priority:0, d59a6f42-ecf0-4abb-8fb6-b83dde6d65c9|rpc:10.1.0.17:34059|priority:1], old=null
2022-02-12 02:09:08,367 [d59a6f42-ecf0-4abb-8fb6-b83dde6d65c9@group-85F464451026-FollowerState] INFO  server.RaftServerConfigKeys (ConfUtils.java:logGet(44)) - raft.server.leaderelection.pre-vote = false (custom)
2022-02-12 02:09:08,367 [d59a6f42-ecf0-4abb-8fb6-b83dde6d65c9@group-85F464451026-FollowerState] INFO  impl.RoleInfo (RoleInfo.java:updateAndGet(130)) - d59a6f42-ecf0-4abb-8fb6-b83dde6d65c9: start d59a6f42-ecf0-4abb-8fb6-b83dde6d65c9@group-85F464451026-LeaderElection41
2022-02-12 02:09:08,390 [d59a6f42-ecf0-4abb-8fb6-b83dde6d65c9@group-85F464451026-LeaderElection41] INFO  impl.LeaderElection (LeaderElection.java:askForVotes(306)) - d59a6f42-ecf0-4abb-8fb6-b83dde6d65c9@group-85F464451026-LeaderElection41 ELECTION round 0: submit vote requests at term 2 for -1: [b937fb28-01c9-421e-a2c2-ef01dceb1c2c|rpc:10.1.0.17:40579|dataStream:|priority:0, be637081-cdfc-4d88-b41d-bd3b2e95f28a|rpc:10.1.0.17:35921|dataStream:|priority:0, d59a6f42-ecf0-4abb-8fb6-b83dde6d65c9|rpc:10.1.0.17:34059|dataStream:|priority:1], old=null
2022-02-12 02:09:08,417 [grpc-default-executor-3] INFO  server.RaftServer$Division (RaftServerImpl.java:requestVote(1046)) - d59a6f42-ecf0-4abb-8fb6-b83dde6d65c9@group-85F464451026: receive requestVote(ELECTION, be637081-cdfc-4d88-b41d-bd3b2e95f28a, group-85F464451026, 2, (t:0, i:0))
2022-02-12 02:09:08,417 [grpc-default-executor-3] INFO  impl.VoteContext (VoteContext.java:log(48)) - d59a6f42-ecf0-4abb-8fb6-b83dde6d65c9@group-85F464451026-CANDIDATE: reject ELECTION from be637081-cdfc-4d88-b41d-bd3b2e95f28a: already has voted for d59a6f42-ecf0-4abb-8fb6-b83dde6d65c9 at current term 2
2022-02-12 02:09:08,417 [grpc-default-executor-3] INFO  server.RaftServer$Division (RaftServerImpl.java:requestVote(1078)) - d59a6f42-ecf0-4abb-8fb6-b83dde6d65c9@group-85F464451026 replies to ELECTION vote request: be637081-cdfc-4d88-b41d-bd3b2e95f28a<-d59a6f42-ecf0-4abb-8fb6-b83dde6d65c9#0:FAIL-t2. Peer's state: d59a6f42-ecf0-4abb-8fb6-b83dde6d65c9@group-85F464451026:t2, leader=null, voted=d59a6f42-ecf0-4abb-8fb6-b83dde6d65c9, raftlog=d59a6f42-ecf0-4abb-8fb6-b83dde6d65c9@group-85F464451026-SegmentedRaftLog:OPENED:c-1, conf=-1: [b937fb28-01c9-421e-a2c2-ef01dceb1c2c|rpc:10.1.0.17:40579|dataStream:|priority:0, be637081-cdfc-4d88-b41d-bd3b2e95f28a|rpc:10.1.0.17:35921|dataStream:|priority:0, d59a6f42-ecf0-4abb-8fb6-b83dde6d65c9|rpc:10.1.0.17:34059|dataStream:|priority:1], old=null
2022-02-12 02:09:08,420 [be637081-cdfc-4d88-b41d-bd3b2e95f28a@group-85F464451026-LeaderElection40] INFO  impl.LeaderElection (LeaderElection.java:logAndReturn(89)) - be637081-cdfc-4d88-b41d-bd3b2e95f28a@group-85F464451026-LeaderElection40: ELECTION REJECTED received 2 response(s) and 0 exception(s):
2022-02-12 02:09:08,420 [be637081-cdfc-4d88-b41d-bd3b2e95f28a@group-85F464451026-LeaderElection40] INFO  impl.LeaderElection (LeaderElection.java:logAndReturn(93)) -   Response 0: be637081-cdfc-4d88-b41d-bd3b2e95f28a<-b937fb28-01c9-421e-a2c2-ef01dceb1c2c#0:OK-t2
2022-02-12 02:09:08,420 [be637081-cdfc-4d88-b41d-bd3b2e95f28a@group-85F464451026-LeaderElection40] INFO  impl.LeaderElection (LeaderElection.java:logAndReturn(93)) -   Response 1: be637081-cdfc-4d88-b41d-bd3b2e95f28a<-d59a6f42-ecf0-4abb-8fb6-b83dde6d65c9#0:FAIL-t2
2022-02-12 02:09:08,420 [be637081-cdfc-4d88-b41d-bd3b2e95f28a@group-85F464451026-LeaderElection40] INFO  impl.LeaderElection (LeaderElection.java:askForVotes(308)) - be637081-cdfc-4d88-b41d-bd3b2e95f28a@group-85F464451026-LeaderElection40 ELECTION round 0: result REJECTED
2022-02-12 02:09:08,420 [be637081-cdfc-4d88-b41d-bd3b2e95f28a@group-85F464451026-LeaderElection40] INFO  server.RaftServer$Division (RaftServerImpl.java:setRole(290)) - be637081-cdfc-4d88-b41d-bd3b2e95f28a@group-85F464451026: changes role from CANDIDATE to FOLLOWER at term 2 for REJECTED
2022-02-12 02:09:08,420 [be637081-cdfc-4d88-b41d-bd3b2e95f28a@group-85F464451026-LeaderElection40] INFO  impl.RoleInfo (RoleInfo.java:shutdownLeaderElection(121)) - be637081-cdfc-4d88-b41d-bd3b2e95f28a: shutdown be637081-cdfc-4d88-b41d-bd3b2e95f28a@group-85F464451026-LeaderElection40
2022-02-12 02:09:08,420 [be637081-cdfc-4d88-b41d-bd3b2e95f28a@group-85F464451026-LeaderElection40] INFO  impl.RoleInfo (RoleInfo.java:updateAndGet(130)) - be637081-cdfc-4d88-b41d-bd3b2e95f28a: start be637081-cdfc-4d88-b41d-bd3b2e95f28a@group-85F464451026-FollowerState
2022-02-12 02:09:08,437 [grpc-default-executor-3] INFO  server.RaftServer$Division (RaftServerImpl.java:requestVote(1046)) - b937fb28-01c9-421e-a2c2-ef01dceb1c2c@group-85F464451026: receive requestVote(ELECTION, d59a6f42-ecf0-4abb-8fb6-b83dde6d65c9, group-85F464451026, 2, (t:0, i:0))
2022-02-12 02:09:08,437 [grpc-default-executor-3] INFO  impl.VoteContext (VoteContext.java:log(48)) - b937fb28-01c9-421e-a2c2-ef01dceb1c2c@group-85F464451026-FOLLOWER: reject ELECTION from d59a6f42-ecf0-4abb-8fb6-b83dde6d65c9: already has voted for be637081-cdfc-4d88-b41d-bd3b2e95f28a at current term 2
2022-02-12 02:09:08,437 [grpc-default-executor-3] INFO  server.RaftServer$Division (RaftServerImpl.java:requestVote(1078)) - b937fb28-01c9-421e-a2c2-ef01dceb1c2c@group-85F464451026 replies to ELECTION vote request: d59a6f42-ecf0-4abb-8fb6-b83dde6d65c9<-b937fb28-01c9-421e-a2c2-ef01dceb1c2c#0:FAIL-t2. Peer's state: b937fb28-01c9-421e-a2c2-ef01dceb1c2c@group-85F464451026:t2, leader=null, voted=be637081-cdfc-4d88-b41d-bd3b2e95f28a, raftlog=b937fb28-01c9-421e-a2c2-ef01dceb1c2c@group-85F464451026-SegmentedRaftLog:OPENED:c-1, conf=-1: [b937fb28-01c9-421e-a2c2-ef01dceb1c2c|rpc:10.1.0.17:40579|priority:0, be637081-cdfc-4d88-b41d-bd3b2e95f28a|rpc:10.1.0.17:35921|priority:0, d59a6f42-ecf0-4abb-8fb6-b83dde6d65c9|rpc:10.1.0.17:34059|priority:1], old=null
2022-02-12 02:09:08,475 [grpc-default-executor-3] INFO  server.RaftServer$Division (RaftServerImpl.java:requestVote(1046)) - be637081-cdfc-4d88-b41d-bd3b2e95f28a@group-85F464451026: receive requestVote(ELECTION, d59a6f42-ecf0-4abb-8fb6-b83dde6d65c9, group-85F464451026, 2, (t:0, i:0))
2022-02-12 02:09:08,476 [grpc-default-executor-3] INFO  impl.VoteContext (VoteContext.java:log(48)) - be637081-cdfc-4d88-b41d-bd3b2e95f28a@group-85F464451026-FOLLOWER: reject ELECTION from d59a6f42-ecf0-4abb-8fb6-b83dde6d65c9: already has voted for be637081-cdfc-4d88-b41d-bd3b2e95f28a at current term 2
2022-02-12 02:09:08,476 [grpc-default-executor-3] INFO  server.RaftServer$Division (RaftServerImpl.java:requestVote(1078)) - be637081-cdfc-4d88-b41d-bd3b2e95f28a@group-85F464451026 replies to ELECTION vote request: d59a6f42-ecf0-4abb-8fb6-b83dde6d65c9<-be637081-cdfc-4d88-b41d-bd3b2e95f28a#0:FAIL-t2. Peer's state: be637081-cdfc-4d88-b41d-bd3b2e95f28a@group-85F464451026:t2, leader=null, voted=be637081-cdfc-4d88-b41d-bd3b2e95f28a, raftlog=be637081-cdfc-4d88-b41d-bd3b2e95f28a@group-85F464451026-SegmentedRaftLog:OPENED:c-1, conf=-1: [b937fb28-01c9-421e-a2c2-ef01dceb1c2c|rpc:10.1.0.17:40579|dataStream:|priority:0, be637081-cdfc-4d88-b41d-bd3b2e95f28a|rpc:10.1.0.17:35921|dataStream:|priority:0, d59a6f42-ecf0-4abb-8fb6-b83dde6d65c9|rpc:10.1.0.17:34059|dataStream:|priority:1], old=null
2022-02-12 02:09:08,478 [d59a6f42-ecf0-4abb-8fb6-b83dde6d65c9@group-85F464451026-LeaderElection41] INFO  impl.LeaderElection (LeaderElection.java:logAndReturn(89)) - d59a6f42-ecf0-4abb-8fb6-b83dde6d65c9@group-85F464451026-LeaderElection41: ELECTION REJECTED received 2 response(s) and 0 exception(s):
2022-02-12 02:09:08,478 [d59a6f42-ecf0-4abb-8fb6-b83dde6d65c9@group-85F464451026-LeaderElection41] INFO  impl.LeaderElection (LeaderElection.java:logAndReturn(93)) -   Response 0: d59a6f42-ecf0-4abb-8fb6-b83dde6d65c9<-b937fb28-01c9-421e-a2c2-ef01dceb1c2c#0:FAIL-t2
2022-02-12 02:09:08,478 [d59a6f42-ecf0-4abb-8fb6-b83dde6d65c9@group-85F464451026-LeaderElection41] INFO  impl.LeaderElection (LeaderElection.java:logAndReturn(93)) -   Response 1: d59a6f42-ecf0-4abb-8fb6-b83dde6d65c9<-be637081-cdfc-4d88-b41d-bd3b2e95f28a#0:FAIL-t2
2022-02-12 02:09:08,478 [d59a6f42-ecf0-4abb-8fb6-b83dde6d65c9@group-85F464451026-LeaderElection41] INFO  impl.LeaderElection (LeaderElection.java:askForVotes(308)) - d59a6f42-ecf0-4abb-8fb6-b83dde6d65c9@group-85F464451026-LeaderElection41 ELECTION round 0: result REJECTED
2022-02-12 02:09:08,478 [d59a6f42-ecf0-4abb-8fb6-b83dde6d65c9@group-85F464451026-LeaderElection41] INFO  server.RaftServer$Division (RaftServerImpl.java:setRole(290)) - d59a6f42-ecf0-4abb-8fb6-b83dde6d65c9@group-85F464451026: changes role from CANDIDATE to FOLLOWER at term 2 for REJECTED
2022-02-12 02:09:08,478 [d59a6f42-ecf0-4abb-8fb6-b83dde6d65c9@group-85F464451026-LeaderElection41] INFO  impl.RoleInfo (RoleInfo.java:shutdownLeaderElection(121)) - d59a6f42-ecf0-4abb-8fb6-b83dde6d65c9: shutdown d59a6f42-ecf0-4abb-8fb6-b83dde6d65c9@group-85F464451026-LeaderElection41
2022-02-12 02:09:08,478 [d59a6f42-ecf0-4abb-8fb6-b83dde6d65c9@group-85F464451026-LeaderElection41] INFO  impl.RoleInfo (RoleInfo.java:updateAndGet(130)) - d59a6f42-ecf0-4abb-8fb6-b83dde6d65c9: start d59a6f42-ecf0-4abb-8fb6-b83dde6d65c9@group-85F464451026-FollowerState
2022-02-12 02:09:08,659 [be637081-cdfc-4d88-b41d-bd3b2e95f28a@group-8B8F8AFAC82E-FollowerState] INFO  impl.FollowerState (FollowerState.java:run(134)) - be637081-cdfc-4d88-b41d-bd3b2e95f28a@group-8B8F8AFAC82E-FollowerState: change to CANDIDATE, lastRpcElapsedTime:5052017157ns, electionTimeout:5049ms
2022-02-12 02:09:08,659 [be637081-cdfc-4d88-b41d-bd3b2e95f28a@group-8B8F8AFAC82E-FollowerState] INFO  impl.RoleInfo (RoleInfo.java:shutdownFollowerState(108)) - be637081-cdfc-4d88-b41d-bd3b2e95f28a: shutdown be637081-cdfc-4d88-b41d-bd3b2e95f28a@group-8B8F8AFAC82E-FollowerState
2022-02-12 02:09:08,659 [be637081-cdfc-4d88-b41d-bd3b2e95f28a@group-8B8F8AFAC82E-FollowerState] INFO  server.RaftServer$Division (RaftServerImpl.java:setRole(290)) - be637081-cdfc-4d88-b41d-bd3b2e95f28a@group-8B8F8AFAC82E: changes role from  FOLLOWER to CANDIDATE at term 1 for changeToCandidate
2022-02-12 02:09:08,659 [be637081-cdfc-4d88-b41d-bd3b2e95f28a@group-8B8F8AFAC82E-FollowerState] INFO  server.RaftServerConfigKeys (ConfUtils.java:logGet(44)) - raft.server.leaderelection.pre-vote = false (custom)
2022-02-12 02:09:08,659 [be637081-cdfc-4d88-b41d-bd3b2e95f28a@group-8B8F8AFAC82E-FollowerState] INFO  impl.RoleInfo (RoleInfo.java:updateAndGet(130)) - be637081-cdfc-4d88-b41d-bd3b2e95f28a: start be637081-cdfc-4d88-b41d-bd3b2e95f28a@group-8B8F8AFAC82E-LeaderElection42
2022-02-12 02:09:08,679 [be637081-cdfc-4d88-b41d-bd3b2e95f28a@group-8B8F8AFAC82E-LeaderElection42] INFO  impl.LeaderElection (LeaderElection.java:askForVotes(306)) - be637081-cdfc-4d88-b41d-bd3b2e95f28a@group-8B8F8AFAC82E-LeaderElection42 ELECTION round 0: submit vote requests at term 2 for -1: [b937fb28-01c9-421e-a2c2-ef01dceb1c2c|rpc:10.1.0.17:40579|dataStream:|priority:1, be637081-cdfc-4d88-b41d-bd3b2e95f28a|rpc:10.1.0.17:35921|dataStream:|priority:0, d59a6f42-ecf0-4abb-8fb6-b83dde6d65c9|rpc:10.1.0.17:34059|dataStream:|priority:0], old=null
2022-02-12 02:09:08,693 [grpc-default-executor-3] INFO  server.RaftServer$Division (RaftServerImpl.java:requestVote(1046)) - b937fb28-01c9-421e-a2c2-ef01dceb1c2c@group-8B8F8AFAC82E: receive requestVote(ELECTION, be637081-cdfc-4d88-b41d-bd3b2e95f28a, group-8B8F8AFAC82E, 2, (t:0, i:0))
2022-02-12 02:09:08,693 [grpc-default-executor-3] INFO  impl.VoteContext (VoteContext.java:log(48)) - b937fb28-01c9-421e-a2c2-ef01dceb1c2c@group-8B8F8AFAC82E-FOLLOWER: reject ELECTION from be637081-cdfc-4d88-b41d-bd3b2e95f28a: our priority 1 > candidate's priority 0
2022-02-12 02:09:08,693 [grpc-default-executor-3] INFO  server.RaftServer$Division (RaftServerImpl.java:setRole(290)) - b937fb28-01c9-421e-a2c2-ef01dceb1c2c@group-8B8F8AFAC82E: changes role from  FOLLOWER to FOLLOWER at term 2 for candidate:be637081-cdfc-4d88-b41d-bd3b2e95f28a
2022-02-12 02:09:08,693 [grpc-default-executor-3] INFO  impl.RoleInfo (RoleInfo.java:shutdownFollowerState(108)) - b937fb28-01c9-421e-a2c2-ef01dceb1c2c: shutdown b937fb28-01c9-421e-a2c2-ef01dceb1c2c@group-8B8F8AFAC82E-FollowerState
2022-02-12 02:09:08,693 [grpc-default-executor-3] INFO  impl.RoleInfo (RoleInfo.java:updateAndGet(130)) - b937fb28-01c9-421e-a2c2-ef01dceb1c2c: start b937fb28-01c9-421e-a2c2-ef01dceb1c2c@group-8B8F8AFAC82E-FollowerState
2022-02-12 02:09:08,693 [b937fb28-01c9-421e-a2c2-ef01dceb1c2c@group-8B8F8AFAC82E-FollowerState] INFO  impl.FollowerState (FollowerState.java:run(143)) - b937fb28-01c9-421e-a2c2-ef01dceb1c2c@group-8B8F8AFAC82E-FollowerState was interrupted: {}
java.lang.InterruptedException: sleep interrupted
	at java.lang.Thread.sleep(Native Method)
	at java.lang.Thread.sleep(Thread.java:340)
	at java.util.concurrent.TimeUnit.sleep(TimeUnit.java:386)
	at org.apache.ratis.util.TimeDuration.sleep(TimeDuration.java:324)
	at org.apache.ratis.util.TimeDuration.sleep(TimeDuration.java:309)
	at org.apache.ratis.server.impl.FollowerState.run(FollowerState.java:118)
2022-02-12 02:09:08,697 [grpc-default-executor-3] INFO  server.RaftServer$Division (RaftServerImpl.java:requestVote(1078)) - b937fb28-01c9-421e-a2c2-ef01dceb1c2c@group-8B8F8AFAC82E replies to ELECTION vote request: be637081-cdfc-4d88-b41d-bd3b2e95f28a<-b937fb28-01c9-421e-a2c2-ef01dceb1c2c#0:FAIL-t2. Peer's state: b937fb28-01c9-421e-a2c2-ef01dceb1c2c@group-8B8F8AFAC82E:t2, leader=null, voted=null, raftlog=b937fb28-01c9-421e-a2c2-ef01dceb1c2c@group-8B8F8AFAC82E-SegmentedRaftLog:OPENED:c-1, conf=-1: [b937fb28-01c9-421e-a2c2-ef01dceb1c2c|rpc:10.1.0.17:40579|priority:1, be637081-cdfc-4d88-b41d-bd3b2e95f28a|rpc:10.1.0.17:35921|priority:0, d59a6f42-ecf0-4abb-8fb6-b83dde6d65c9|rpc:10.1.0.17:34059|priority:0], old=null
2022-02-12 02:09:08,700 [be637081-cdfc-4d88-b41d-bd3b2e95f28a@group-8B8F8AFAC82E-LeaderElection42] INFO  impl.LeaderElection (LeaderElection.java:logAndReturn(89)) - be637081-cdfc-4d88-b41d-bd3b2e95f28a@group-8B8F8AFAC82E-LeaderElection42: ELECTION REJECTED received 1 response(s) and 0 exception(s):
2022-02-12 02:09:08,700 [be637081-cdfc-4d88-b41d-bd3b2e95f28a@group-8B8F8AFAC82E-LeaderElection42] INFO  impl.LeaderElection (LeaderElection.java:logAndReturn(93)) -   Response 0: be637081-cdfc-4d88-b41d-bd3b2e95f28a<-b937fb28-01c9-421e-a2c2-ef01dceb1c2c#0:FAIL-t2
2022-02-12 02:09:08,700 [be637081-cdfc-4d88-b41d-bd3b2e95f28a@group-8B8F8AFAC82E-LeaderElection42] INFO  impl.LeaderElection (LeaderElection.java:askForVotes(308)) - be637081-cdfc-4d88-b41d-bd3b2e95f28a@group-8B8F8AFAC82E-LeaderElection42 ELECTION round 0: result REJECTED
2022-02-12 02:09:08,700 [be637081-cdfc-4d88-b41d-bd3b2e95f28a@group-8B8F8AFAC82E-LeaderElection42] INFO  server.RaftServer$Division (RaftServerImpl.java:setRole(290)) - be637081-cdfc-4d88-b41d-bd3b2e95f28a@group-8B8F8AFAC82E: changes role from CANDIDATE to FOLLOWER at term 2 for REJECTED
2022-02-12 02:09:08,700 [be637081-cdfc-4d88-b41d-bd3b2e95f28a@group-8B8F8AFAC82E-LeaderElection42] INFO  impl.RoleInfo (RoleInfo.java:shutdownLeaderElection(121)) - be637081-cdfc-4d88-b41d-bd3b2e95f28a: shutdown be637081-cdfc-4d88-b41d-bd3b2e95f28a@group-8B8F8AFAC82E-LeaderElection42
2022-02-12 02:09:08,700 [be637081-cdfc-4d88-b41d-bd3b2e95f28a@group-8B8F8AFAC82E-LeaderElection42] INFO  impl.RoleInfo (RoleInfo.java:updateAndGet(130)) - be637081-cdfc-4d88-b41d-bd3b2e95f28a: start be637081-cdfc-4d88-b41d-bd3b2e95f28a@group-8B8F8AFAC82E-FollowerState
2022-02-12 02:09:08,706 [grpc-default-executor-0] INFO  server.RaftServer$Division (RaftServerImpl.java:requestVote(1046)) - d59a6f42-ecf0-4abb-8fb6-b83dde6d65c9@group-8B8F8AFAC82E: receive requestVote(ELECTION, be637081-cdfc-4d88-b41d-bd3b2e95f28a, group-8B8F8AFAC82E, 2, (t:0, i:0))
2022-02-12 02:09:08,706 [grpc-default-executor-0] INFO  impl.VoteContext (VoteContext.java:log(48)) - d59a6f42-ecf0-4abb-8fb6-b83dde6d65c9@group-8B8F8AFAC82E-FOLLOWER: accept ELECTION from be637081-cdfc-4d88-b41d-bd3b2e95f28a: our priority 0 <= candidate's priority 0
2022-02-12 02:09:08,706 [grpc-default-executor-0] INFO  server.RaftServer$Division (RaftServerImpl.java:setRole(290)) - d59a6f42-ecf0-4abb-8fb6-b83dde6d65c9@group-8B8F8AFAC82E: changes role from  FOLLOWER to FOLLOWER at term 2 for candidate:be637081-cdfc-4d88-b41d-bd3b2e95f28a
2022-02-12 02:09:08,706 [grpc-default-executor-0] INFO  impl.RoleInfo (RoleInfo.java:shutdownFollowerState(108)) - d59a6f42-ecf0-4abb-8fb6-b83dde6d65c9: shutdown d59a6f42-ecf0-4abb-8fb6-b83dde6d65c9@group-8B8F8AFAC82E-FollowerState
2022-02-12 02:09:08,706 [grpc-default-executor-0] INFO  impl.RoleInfo (RoleInfo.java:updateAndGet(130)) - d59a6f42-ecf0-4abb-8fb6-b83dde6d65c9: start d59a6f42-ecf0-4abb-8fb6-b83dde6d65c9@group-8B8F8AFAC82E-FollowerState
2022-02-12 02:09:08,708 [d59a6f42-ecf0-4abb-8fb6-b83dde6d65c9@group-8B8F8AFAC82E-FollowerState] INFO  impl.FollowerState (FollowerState.java:run(143)) - d59a6f42-ecf0-4abb-8fb6-b83dde6d65c9@group-8B8F8AFAC82E-FollowerState was interrupted: {}
java.lang.InterruptedException: sleep interrupted
	at java.lang.Thread.sleep(Native Method)
	at java.lang.Thread.sleep(Thread.java:340)
	at java.util.concurrent.TimeUnit.sleep(TimeUnit.java:386)
	at org.apache.ratis.util.TimeDuration.sleep(TimeDuration.java:324)
	at org.apache.ratis.util.TimeDuration.sleep(TimeDuration.java:309)
	at org.apache.ratis.server.impl.FollowerState.run(FollowerState.java:118)
2022-02-12 02:09:08,712 [grpc-default-executor-0] INFO  server.RaftServer$Division (RaftServerImpl.java:requestVote(1078)) - d59a6f42-ecf0-4abb-8fb6-b83dde6d65c9@group-8B8F8AFAC82E replies to ELECTION vote request: be637081-cdfc-4d88-b41d-bd3b2e95f28a<-d59a6f42-ecf0-4abb-8fb6-b83dde6d65c9#0:OK-t2. Peer's state: d59a6f42-ecf0-4abb-8fb6-b83dde6d65c9@group-8B8F8AFAC82E:t2, leader=null, voted=be637081-cdfc-4d88-b41d-bd3b2e95f28a, raftlog=d59a6f42-ecf0-4abb-8fb6-b83dde6d65c9@group-8B8F8AFAC82E-SegmentedRaftLog:OPENED:c-1, conf=-1: [b937fb28-01c9-421e-a2c2-ef01dceb1c2c|rpc:10.1.0.17:40579|dataStream:|priority:1, be637081-cdfc-4d88-b41d-bd3b2e95f28a|rpc:10.1.0.17:35921|dataStream:|priority:0, d59a6f42-ecf0-4abb-8fb6-b83dde6d65c9|rpc:10.1.0.17:34059|dataStream:|priority:0], old=null
2022-02-12 02:09:08,792 [Listener at 127.0.0.1/44117] INFO  ozone.MiniOzoneClusterImpl (MiniOzoneClusterImpl.java:lambda$waitForClusterToBeReady$0(219)) - Nodes are ready. Got 3 of 3 DN Heartbeats.
2022-02-12 02:09:08,792 [Listener at 127.0.0.1/44117] INFO  ozone.MiniOzoneClusterImpl (MiniOzoneClusterImpl.java:lambda$waitForClusterToBeReady$0(222)) - Waiting for cluster to exit safe mode
2022-02-12 02:09:08,792 [Listener at 127.0.0.1/44117] INFO  ozone.MiniOzoneClusterImpl (MiniOzoneClusterImpl.java:lambda$waitForClusterToBeReady$0(224)) - SCM became leader
2022-02-12 02:09:09,792 [Listener at 127.0.0.1/44117] INFO  ozone.MiniOzoneClusterImpl (MiniOzoneClusterImpl.java:lambda$waitForClusterToBeReady$0(219)) - Nodes are ready. Got 3 of 3 DN Heartbeats.
2022-02-12 02:09:09,793 [Listener at 127.0.0.1/44117] INFO  ozone.MiniOzoneClusterImpl (MiniOzoneClusterImpl.java:lambda$waitForClusterToBeReady$0(222)) - Waiting for cluster to exit safe mode
2022-02-12 02:09:09,793 [Listener at 127.0.0.1/44117] INFO  ozone.MiniOzoneClusterImpl (MiniOzoneClusterImpl.java:lambda$waitForClusterToBeReady$0(224)) - SCM became leader
2022-02-12 02:09:10,793 [Listener at 127.0.0.1/44117] INFO  ozone.MiniOzoneClusterImpl (MiniOzoneClusterImpl.java:lambda$waitForClusterToBeReady$0(219)) - Nodes are ready. Got 3 of 3 DN Heartbeats.
2022-02-12 02:09:10,793 [Listener at 127.0.0.1/44117] INFO  ozone.MiniOzoneClusterImpl (MiniOzoneClusterImpl.java:lambda$waitForClusterToBeReady$0(222)) - Waiting for cluster to exit safe mode
2022-02-12 02:09:10,793 [Listener at 127.0.0.1/44117] INFO  ozone.MiniOzoneClusterImpl (MiniOzoneClusterImpl.java:lambda$waitForClusterToBeReady$0(224)) - SCM became leader
2022-02-12 02:09:11,793 [Listener at 127.0.0.1/44117] INFO  ozone.MiniOzoneClusterImpl (MiniOzoneClusterImpl.java:lambda$waitForClusterToBeReady$0(219)) - Nodes are ready. Got 3 of 3 DN Heartbeats.
2022-02-12 02:09:11,794 [Listener at 127.0.0.1/44117] INFO  ozone.MiniOzoneClusterImpl (MiniOzoneClusterImpl.java:lambda$waitForClusterToBeReady$0(222)) - Waiting for cluster to exit safe mode
2022-02-12 02:09:11,794 [Listener at 127.0.0.1/44117] INFO  ozone.MiniOzoneClusterImpl (MiniOzoneClusterImpl.java:lambda$waitForClusterToBeReady$0(224)) - SCM became leader
2022-02-12 02:09:12,794 [Listener at 127.0.0.1/44117] INFO  ozone.MiniOzoneClusterImpl (MiniOzoneClusterImpl.java:lambda$waitForClusterToBeReady$0(219)) - Nodes are ready. Got 3 of 3 DN Heartbeats.
2022-02-12 02:09:12,794 [Listener at 127.0.0.1/44117] INFO  ozone.MiniOzoneClusterImpl (MiniOzoneClusterImpl.java:lambda$waitForClusterToBeReady$0(222)) - Waiting for cluster to exit safe mode
2022-02-12 02:09:12,794 [Listener at 127.0.0.1/44117] INFO  ozone.MiniOzoneClusterImpl (MiniOzoneClusterImpl.java:lambda$waitForClusterToBeReady$0(224)) - SCM became leader
2022-02-12 02:09:13,563 [d59a6f42-ecf0-4abb-8fb6-b83dde6d65c9@group-85F464451026-FollowerState] INFO  impl.FollowerState (FollowerState.java:run(134)) - d59a6f42-ecf0-4abb-8fb6-b83dde6d65c9@group-85F464451026-FollowerState: change to CANDIDATE, lastRpcElapsedTime:5084868987ns, electionTimeout:5079ms
2022-02-12 02:09:13,563 [d59a6f42-ecf0-4abb-8fb6-b83dde6d65c9@group-85F464451026-FollowerState] INFO  impl.RoleInfo (RoleInfo.java:shutdownFollowerState(108)) - d59a6f42-ecf0-4abb-8fb6-b83dde6d65c9: shutdown d59a6f42-ecf0-4abb-8fb6-b83dde6d65c9@group-85F464451026-FollowerState
2022-02-12 02:09:13,563 [d59a6f42-ecf0-4abb-8fb6-b83dde6d65c9@group-85F464451026-FollowerState] INFO  server.RaftServer$Division (RaftServerImpl.java:setRole(290)) - d59a6f42-ecf0-4abb-8fb6-b83dde6d65c9@group-85F464451026: changes role from  FOLLOWER to CANDIDATE at term 2 for changeToCandidate
2022-02-12 02:09:13,564 [d59a6f42-ecf0-4abb-8fb6-b83dde6d65c9@group-85F464451026-FollowerState] INFO  server.RaftServerConfigKeys (ConfUtils.java:logGet(44)) - raft.server.leaderelection.pre-vote = false (custom)
2022-02-12 02:09:13,564 [d59a6f42-ecf0-4abb-8fb6-b83dde6d65c9@group-85F464451026-FollowerState] INFO  impl.RoleInfo (RoleInfo.java:updateAndGet(130)) - d59a6f42-ecf0-4abb-8fb6-b83dde6d65c9: start d59a6f42-ecf0-4abb-8fb6-b83dde6d65c9@group-85F464451026-LeaderElection43
2022-02-12 02:09:13,566 [d59a6f42-ecf0-4abb-8fb6-b83dde6d65c9@group-85F464451026-LeaderElection43] INFO  impl.LeaderElection (LeaderElection.java:askForVotes(306)) - d59a6f42-ecf0-4abb-8fb6-b83dde6d65c9@group-85F464451026-LeaderElection43 ELECTION round 0: submit vote requests at term 3 for -1: [b937fb28-01c9-421e-a2c2-ef01dceb1c2c|rpc:10.1.0.17:40579|dataStream:|priority:0, be637081-cdfc-4d88-b41d-bd3b2e95f28a|rpc:10.1.0.17:35921|dataStream:|priority:0, d59a6f42-ecf0-4abb-8fb6-b83dde6d65c9|rpc:10.1.0.17:34059|dataStream:|priority:1], old=null
2022-02-12 02:09:13,589 [grpc-default-executor-0] INFO  server.RaftServer$Division (RaftServerImpl.java:requestVote(1046)) - b937fb28-01c9-421e-a2c2-ef01dceb1c2c@group-85F464451026: receive requestVote(ELECTION, d59a6f42-ecf0-4abb-8fb6-b83dde6d65c9, group-85F464451026, 3, (t:0, i:0))
2022-02-12 02:09:13,589 [grpc-default-executor-0] INFO  impl.VoteContext (VoteContext.java:log(48)) - b937fb28-01c9-421e-a2c2-ef01dceb1c2c@group-85F464451026-FOLLOWER: accept ELECTION from d59a6f42-ecf0-4abb-8fb6-b83dde6d65c9: our priority 0 <= candidate's priority 1
2022-02-12 02:09:13,589 [grpc-default-executor-0] INFO  server.RaftServer$Division (RaftServerImpl.java:setRole(290)) - b937fb28-01c9-421e-a2c2-ef01dceb1c2c@group-85F464451026: changes role from  FOLLOWER to FOLLOWER at term 3 for candidate:d59a6f42-ecf0-4abb-8fb6-b83dde6d65c9
2022-02-12 02:09:13,589 [grpc-default-executor-0] INFO  impl.RoleInfo (RoleInfo.java:shutdownFollowerState(108)) - b937fb28-01c9-421e-a2c2-ef01dceb1c2c: shutdown b937fb28-01c9-421e-a2c2-ef01dceb1c2c@group-85F464451026-FollowerState
2022-02-12 02:09:13,589 [grpc-default-executor-0] INFO  impl.RoleInfo (RoleInfo.java:updateAndGet(130)) - b937fb28-01c9-421e-a2c2-ef01dceb1c2c: start b937fb28-01c9-421e-a2c2-ef01dceb1c2c@group-85F464451026-FollowerState
2022-02-12 02:09:13,590 [b937fb28-01c9-421e-a2c2-ef01dceb1c2c@group-85F464451026-FollowerState] INFO  impl.FollowerState (FollowerState.java:run(143)) - b937fb28-01c9-421e-a2c2-ef01dceb1c2c@group-85F464451026-FollowerState was interrupted: {}
java.lang.InterruptedException: sleep interrupted
	at java.lang.Thread.sleep(Native Method)
	at java.lang.Thread.sleep(Thread.java:340)
	at java.util.concurrent.TimeUnit.sleep(TimeUnit.java:386)
	at org.apache.ratis.util.TimeDuration.sleep(TimeDuration.java:324)
	at org.apache.ratis.util.TimeDuration.sleep(TimeDuration.java:309)
	at org.apache.ratis.server.impl.FollowerState.run(FollowerState.java:118)
2022-02-12 02:09:13,598 [grpc-default-executor-0] INFO  server.RaftServer$Division (RaftServerImpl.java:requestVote(1078)) - b937fb28-01c9-421e-a2c2-ef01dceb1c2c@group-85F464451026 replies to ELECTION vote request: d59a6f42-ecf0-4abb-8fb6-b83dde6d65c9<-b937fb28-01c9-421e-a2c2-ef01dceb1c2c#0:OK-t3. Peer's state: b937fb28-01c9-421e-a2c2-ef01dceb1c2c@group-85F464451026:t3, leader=null, voted=d59a6f42-ecf0-4abb-8fb6-b83dde6d65c9, raftlog=b937fb28-01c9-421e-a2c2-ef01dceb1c2c@group-85F464451026-SegmentedRaftLog:OPENED:c-1, conf=-1: [b937fb28-01c9-421e-a2c2-ef01dceb1c2c|rpc:10.1.0.17:40579|priority:0, be637081-cdfc-4d88-b41d-bd3b2e95f28a|rpc:10.1.0.17:35921|priority:0, d59a6f42-ecf0-4abb-8fb6-b83dde6d65c9|rpc:10.1.0.17:34059|priority:1], old=null
2022-02-12 02:09:13,604 [d59a6f42-ecf0-4abb-8fb6-b83dde6d65c9@group-85F464451026-LeaderElection43] INFO  impl.LeaderElection (LeaderElection.java:logAndReturn(89)) - d59a6f42-ecf0-4abb-8fb6-b83dde6d65c9@group-85F464451026-LeaderElection43: ELECTION PASSED received 1 response(s) and 0 exception(s):
2022-02-12 02:09:13,604 [d59a6f42-ecf0-4abb-8fb6-b83dde6d65c9@group-85F464451026-LeaderElection43] INFO  impl.LeaderElection (LeaderElection.java:logAndReturn(93)) -   Response 0: d59a6f42-ecf0-4abb-8fb6-b83dde6d65c9<-b937fb28-01c9-421e-a2c2-ef01dceb1c2c#0:OK-t3
2022-02-12 02:09:13,604 [d59a6f42-ecf0-4abb-8fb6-b83dde6d65c9@group-85F464451026-LeaderElection43] INFO  impl.LeaderElection (LeaderElection.java:askForVotes(308)) - d59a6f42-ecf0-4abb-8fb6-b83dde6d65c9@group-85F464451026-LeaderElection43 ELECTION round 0: result PASSED
2022-02-12 02:09:13,604 [d59a6f42-ecf0-4abb-8fb6-b83dde6d65c9@group-85F464451026-LeaderElection43] INFO  impl.RoleInfo (RoleInfo.java:shutdownLeaderElection(121)) - d59a6f42-ecf0-4abb-8fb6-b83dde6d65c9: shutdown d59a6f42-ecf0-4abb-8fb6-b83dde6d65c9@group-85F464451026-LeaderElection43
2022-02-12 02:09:13,604 [d59a6f42-ecf0-4abb-8fb6-b83dde6d65c9@group-85F464451026-LeaderElection43] INFO  server.RaftServer$Division (RaftServerImpl.java:setRole(290)) - d59a6f42-ecf0-4abb-8fb6-b83dde6d65c9@group-85F464451026: changes role from CANDIDATE to LEADER at term 3 for changeToLeader
2022-02-12 02:09:13,604 [d59a6f42-ecf0-4abb-8fb6-b83dde6d65c9@group-85F464451026-LeaderElection43] INFO  ratis.XceiverServerRatis (XceiverServerRatis.java:handleLeaderChangedNotification(866)) - Leader change notification received for group: group-85F464451026 with new leaderId: d59a6f42-ecf0-4abb-8fb6-b83dde6d65c9
2022-02-12 02:09:13,604 [d59a6f42-ecf0-4abb-8fb6-b83dde6d65c9@group-85F464451026-LeaderElection43] INFO  server.RaftServer$Division (ServerState.java:setLeader(285)) - d59a6f42-ecf0-4abb-8fb6-b83dde6d65c9@group-85F464451026: change Leader from null to d59a6f42-ecf0-4abb-8fb6-b83dde6d65c9 at term 3 for becomeLeader, leader elected after 15419ms
2022-02-12 02:09:13,604 [d59a6f42-ecf0-4abb-8fb6-b83dde6d65c9@group-85F464451026-LeaderElection43] INFO  server.RaftServerConfigKeys (ConfUtils.java:logGet(44)) - raft.server.staging.catchup.gap = 1000 (default)
2022-02-12 02:09:13,604 [d59a6f42-ecf0-4abb-8fb6-b83dde6d65c9@group-85F464451026-LeaderElection43] INFO  server.RaftServerConfigKeys (ConfUtils.java:logGet(44)) - raft.server.write.element-limit = 1024 (custom)
2022-02-12 02:09:13,605 [d59a6f42-ecf0-4abb-8fb6-b83dde6d65c9@group-85F464451026-LeaderElection43] INFO  server.RaftServerConfigKeys (ConfUtils.java:logGet(44)) - raft.server.write.byte-limit = 1024 M (=1073741824) (custom)
2022-02-12 02:09:13,605 [d59a6f42-ecf0-4abb-8fb6-b83dde6d65c9@group-85F464451026-LeaderElection43] INFO  server.RaftServerConfigKeys (ConfUtils.java:logGet(44)) - raft.server.watch.timeout = 180s (custom)
2022-02-12 02:09:13,605 [d59a6f42-ecf0-4abb-8fb6-b83dde6d65c9@group-85F464451026-LeaderElection43] INFO  server.RaftServerConfigKeys (ConfUtils.java:logGet(44)) - raft.server.watch.timeout.denomination = 1s (default)
2022-02-12 02:09:13,605 [d59a6f42-ecf0-4abb-8fb6-b83dde6d65c9@group-85F464451026-LeaderElection43] INFO  server.RaftServerConfigKeys (ConfUtils.java:logGet(44)) - raft.server.watch.element-limit = 65536 (default)
2022-02-12 02:09:13,605 [d59a6f42-ecf0-4abb-8fb6-b83dde6d65c9@group-85F464451026-LeaderElection43] INFO  server.RaftServerConfigKeys (ConfUtils.java:logGet(44)) - raft.server.write.element-limit = 1024 (custom)
2022-02-12 02:09:13,605 [d59a6f42-ecf0-4abb-8fb6-b83dde6d65c9@group-85F464451026-LeaderElection43] INFO  server.RaftServerConfigKeys (ConfUtils.java:logGet(44)) - raft.server.write.follower.gap.ratio.max = -1.0 (default)
2022-02-12 02:09:13,605 [d59a6f42-ecf0-4abb-8fb6-b83dde6d65c9@group-85F464451026-LeaderElection43] INFO  server.RaftServerConfigKeys (ConfUtils.java:logGet(44)) - raft.server.log.appender.snapshot.chunk.size.max = 16MB (=16777216) (default)
2022-02-12 02:09:13,605 [d59a6f42-ecf0-4abb-8fb6-b83dde6d65c9@group-85F464451026-LeaderElection43] INFO  server.RaftServerConfigKeys (ConfUtils.java:logGet(44)) - raft.server.log.appender.buffer.byte-limit = 33554432 (custom)
2022-02-12 02:09:13,605 [d59a6f42-ecf0-4abb-8fb6-b83dde6d65c9@group-85F464451026-LeaderElection43] INFO  server.RaftServerConfigKeys (ConfUtils.java:logGet(44)) - raft.server.log.appender.buffer.element-limit = 1 (custom)
2022-02-12 02:09:13,605 [d59a6f42-ecf0-4abb-8fb6-b83dde6d65c9@group-85F464451026-LeaderElection43] INFO  grpc.GrpcConfigKeys (ConfUtils.java:logGet(44)) - raft.grpc.server.leader.outstanding.appends.max = 128 (default)
2022-02-12 02:09:13,605 [d59a6f42-ecf0-4abb-8fb6-b83dde6d65c9@group-85F464451026-LeaderElection43] INFO  server.RaftServerConfigKeys (ConfUtils.java:logGet(44)) - raft.server.rpc.request.timeout = 60s (custom)
2022-02-12 02:09:13,605 [d59a6f42-ecf0-4abb-8fb6-b83dde6d65c9@group-85F464451026-LeaderElection43] INFO  server.RaftServerConfigKeys (ConfUtils.java:logGet(44)) - raft.server.log.appender.install.snapshot.enabled = false (custom)
2022-02-12 02:09:13,606 [d59a6f42-ecf0-4abb-8fb6-b83dde6d65c9@group-85F464451026-LeaderElection43] INFO  server.RaftServerConfigKeys (ConfUtils.java:logGet(44)) - raft.server.log.appender.snapshot.chunk.size.max = 16MB (=16777216) (default)
2022-02-12 02:09:13,606 [d59a6f42-ecf0-4abb-8fb6-b83dde6d65c9@group-85F464451026-LeaderElection43] INFO  server.RaftServerConfigKeys (ConfUtils.java:logGet(44)) - raft.server.log.appender.buffer.byte-limit = 33554432 (custom)
2022-02-12 02:09:13,606 [d59a6f42-ecf0-4abb-8fb6-b83dde6d65c9@group-85F464451026-LeaderElection43] INFO  server.RaftServerConfigKeys (ConfUtils.java:logGet(44)) - raft.server.log.appender.buffer.element-limit = 1 (custom)
2022-02-12 02:09:13,606 [d59a6f42-ecf0-4abb-8fb6-b83dde6d65c9@group-85F464451026-LeaderElection43] INFO  grpc.GrpcConfigKeys (ConfUtils.java:logGet(44)) - raft.grpc.server.leader.outstanding.appends.max = 128 (default)
2022-02-12 02:09:13,606 [d59a6f42-ecf0-4abb-8fb6-b83dde6d65c9@group-85F464451026-LeaderElection43] INFO  server.RaftServerConfigKeys (ConfUtils.java:logGet(44)) - raft.server.rpc.request.timeout = 60s (custom)
2022-02-12 02:09:13,606 [d59a6f42-ecf0-4abb-8fb6-b83dde6d65c9@group-85F464451026-LeaderElection43] INFO  server.RaftServerConfigKeys (ConfUtils.java:logGet(44)) - raft.server.log.appender.install.snapshot.enabled = false (custom)
2022-02-12 02:09:13,607 [d59a6f42-ecf0-4abb-8fb6-b83dde6d65c9@group-85F464451026-LeaderElection43] INFO  impl.RoleInfo (RoleInfo.java:updateAndGet(130)) - d59a6f42-ecf0-4abb-8fb6-b83dde6d65c9: start d59a6f42-ecf0-4abb-8fb6-b83dde6d65c9@group-85F464451026-LeaderStateImpl
2022-02-12 02:09:13,607 [d59a6f42-ecf0-4abb-8fb6-b83dde6d65c9@group-85F464451026-LeaderElection43] INFO  segmented.SegmentedRaftLogWorker (SegmentedRaftLogWorker.java:startLogSegment(394)) - d59a6f42-ecf0-4abb-8fb6-b83dde6d65c9@group-85F464451026-SegmentedRaftLogWorker: Starting segment from index:0
2022-02-12 02:09:13,609 [d59a6f42-ecf0-4abb-8fb6-b83dde6d65c9@group-85F464451026-SegmentedRaftLogWorker] INFO  segmented.SegmentedRaftLogWorker (SegmentedRaftLogWorker.java:execute(601)) - d59a6f42-ecf0-4abb-8fb6-b83dde6d65c9@group-85F464451026-SegmentedRaftLogWorker: created new log segment /home/runner/work/ozone/ozone/hadoop-ozone/integration-test/target/test-dir/MiniOzoneClusterImpl-03ef79e6-d6c6-40ba-8af9-d36bcf9e7ad5/datanode-1/data/ratis/537c0b32-cf1e-4450-a335-85f464451026/current/log_inprogress_0
2022-02-12 02:09:13,635 [be637081-cdfc-4d88-b41d-bd3b2e95f28a@group-85F464451026-FollowerState] INFO  impl.FollowerState (FollowerState.java:run(134)) - be637081-cdfc-4d88-b41d-bd3b2e95f28a@group-85F464451026-FollowerState: change to CANDIDATE, lastRpcElapsedTime:5214188753ns, electionTimeout:5177ms
2022-02-12 02:09:13,635 [be637081-cdfc-4d88-b41d-bd3b2e95f28a@group-85F464451026-FollowerState] INFO  impl.RoleInfo (RoleInfo.java:shutdownFollowerState(108)) - be637081-cdfc-4d88-b41d-bd3b2e95f28a: shutdown be637081-cdfc-4d88-b41d-bd3b2e95f28a@group-85F464451026-FollowerState
2022-02-12 02:09:13,635 [be637081-cdfc-4d88-b41d-bd3b2e95f28a@group-85F464451026-FollowerState] INFO  server.RaftServer$Division (RaftServerImpl.java:setRole(290)) - be637081-cdfc-4d88-b41d-bd3b2e95f28a@group-85F464451026: changes role from  FOLLOWER to CANDIDATE at term 2 for changeToCandidate
2022-02-12 02:09:13,644 [grpc-default-executor-0] INFO  server.RaftServer$Division (RaftServerImpl.java:requestVote(1046)) - be637081-cdfc-4d88-b41d-bd3b2e95f28a@group-85F464451026: receive requestVote(ELECTION, d59a6f42-ecf0-4abb-8fb6-b83dde6d65c9, group-85F464451026, 3, (t:0, i:0))
2022-02-12 02:09:13,656 [be637081-cdfc-4d88-b41d-bd3b2e95f28a@group-85F464451026-FollowerState] INFO  server.RaftServerConfigKeys (ConfUtils.java:logGet(44)) - raft.server.leaderelection.pre-vote = false (custom)
2022-02-12 02:09:13,656 [be637081-cdfc-4d88-b41d-bd3b2e95f28a@group-85F464451026-FollowerState] INFO  impl.RoleInfo (RoleInfo.java:updateAndGet(130)) - be637081-cdfc-4d88-b41d-bd3b2e95f28a: start be637081-cdfc-4d88-b41d-bd3b2e95f28a@group-85F464451026-LeaderElection44
2022-02-12 02:09:13,673 [grpc-default-executor-2] INFO  server.RaftServer$Division (RaftServerImpl.java:setRole(290)) - be637081-cdfc-4d88-b41d-bd3b2e95f28a@group-85F464451026: changes role from CANDIDATE to FOLLOWER at term 3 for appendEntries
2022-02-12 02:09:13,673 [grpc-default-executor-2] INFO  impl.RoleInfo (RoleInfo.java:shutdownLeaderElection(121)) - be637081-cdfc-4d88-b41d-bd3b2e95f28a: shutdown be637081-cdfc-4d88-b41d-bd3b2e95f28a@group-85F464451026-LeaderElection44
2022-02-12 02:09:13,673 [be637081-cdfc-4d88-b41d-bd3b2e95f28a@group-85F464451026-LeaderElection44] INFO  impl.LeaderElection (LeaderElection.java:run(230)) - be637081-cdfc-4d88-b41d-bd3b2e95f28a@group-85F464451026-LeaderElection44: skip running since this is already CLOSING
2022-02-12 02:09:13,676 [grpc-default-executor-2] INFO  impl.RoleInfo (RoleInfo.java:updateAndGet(130)) - be637081-cdfc-4d88-b41d-bd3b2e95f28a: start be637081-cdfc-4d88-b41d-bd3b2e95f28a@group-85F464451026-FollowerState
2022-02-12 02:09:13,677 [EventQueue-PipelineReportForPipelineReportHandler] INFO  pipeline.PipelineManagerImpl (PipelineManagerImpl.java:openPipeline(291)) - Pipeline Pipeline[ Id: 537c0b32-cf1e-4450-a335-85f464451026, Nodes: d59a6f42-ecf0-4abb-8fb6-b83dde6d65c9{ip: 10.1.0.17, host: fv-az395-998.zfmzfyrfkyou3ow0tsr0jxwq1e.bx.internal.cloudapp.net, ports: [REPLICATION=43887, RATIS=34059, RATIS_ADMIN=34059, RATIS_SERVER=34059, STANDALONE=35243], networkLocation: /default-rack, certSerialId: null, persistedOpState: IN_SERVICE, persistedOpStateExpiryEpochSec: 0}be637081-cdfc-4d88-b41d-bd3b2e95f28a{ip: 10.1.0.17, host: fv-az395-998.zfmzfyrfkyou3ow0tsr0jxwq1e.bx.internal.cloudapp.net, ports: [REPLICATION=33557, RATIS=35921, RATIS_ADMIN=35921, RATIS_SERVER=35921, STANDALONE=40459], networkLocation: /default-rack, certSerialId: null, persistedOpState: IN_SERVICE, persistedOpStateExpiryEpochSec: 0}b937fb28-01c9-421e-a2c2-ef01dceb1c2c{ip: 10.1.0.17, host: fv-az395-998.zfmzfyrfkyou3ow0tsr0jxwq1e.bx.internal.cloudapp.net, ports: [REPLICATION=38487, RATIS=40579, RATIS_ADMIN=40579, RATIS_SERVER=40579, STANDALONE=40057], networkLocation: /default-rack, certSerialId: null, persistedOpState: IN_SERVICE, persistedOpStateExpiryEpochSec: 0}, ReplicationConfig: RATIS/THREE, State:ALLOCATED, leaderId:d59a6f42-ecf0-4abb-8fb6-b83dde6d65c9, CreationTimestamp2022-02-12T02:08:55.849Z[Etc/UTC]] moved to OPEN state
2022-02-12 02:09:13,678 [grpc-default-executor-2] INFO  ratis.XceiverServerRatis (XceiverServerRatis.java:handleLeaderChangedNotification(866)) - Leader change notification received for group: group-85F464451026 with new leaderId: d59a6f42-ecf0-4abb-8fb6-b83dde6d65c9
2022-02-12 02:09:13,678 [grpc-default-executor-2] INFO  server.RaftServer$Division (ServerState.java:setLeader(285)) - be637081-cdfc-4d88-b41d-bd3b2e95f28a@group-85F464451026: change Leader from null to d59a6f42-ecf0-4abb-8fb6-b83dde6d65c9 at term 3 for appendEntries, leader elected after 15365ms
2022-02-12 02:09:13,678 [grpc-default-executor-0] INFO  impl.VoteContext (VoteContext.java:log(48)) - be637081-cdfc-4d88-b41d-bd3b2e95f28a@group-85F464451026-FOLLOWER: reject ELECTION from d59a6f42-ecf0-4abb-8fb6-b83dde6d65c9: this server is a follower and still has a valid leader d59a6f42-ecf0-4abb-8fb6-b83dde6d65c9
2022-02-12 02:09:13,678 [grpc-default-executor-0] INFO  server.RaftServer$Division (RaftServerImpl.java:requestVote(1078)) - be637081-cdfc-4d88-b41d-bd3b2e95f28a@group-85F464451026 replies to ELECTION vote request: d59a6f42-ecf0-4abb-8fb6-b83dde6d65c9<-be637081-cdfc-4d88-b41d-bd3b2e95f28a#0:FAIL-t3. Peer's state: be637081-cdfc-4d88-b41d-bd3b2e95f28a@group-85F464451026:t3, leader=d59a6f42-ecf0-4abb-8fb6-b83dde6d65c9, voted=null, raftlog=be637081-cdfc-4d88-b41d-bd3b2e95f28a@group-85F464451026-SegmentedRaftLog:OPENED:c-1, conf=-1: [b937fb28-01c9-421e-a2c2-ef01dceb1c2c|rpc:10.1.0.17:40579|dataStream:|priority:0, be637081-cdfc-4d88-b41d-bd3b2e95f28a|rpc:10.1.0.17:35921|dataStream:|priority:0, d59a6f42-ecf0-4abb-8fb6-b83dde6d65c9|rpc:10.1.0.17:34059|dataStream:|priority:1], old=null
2022-02-12 02:09:13,686 [ecc7e2fd-e756-44d6-8a27-e56b24aba264@group-D36BCF9E7AD5-StateMachineUpdater] INFO  safemode.HealthyPipelineSafeModeRule (HealthyPipelineSafeModeRule.java:initializeRule(152)) - Refreshed total pipeline count is 1, healthy pipeline threshold count is 1
2022-02-12 02:09:13,689 [d59a6f42-ecf0-4abb-8fb6-b83dde6d65c9@group-85F464451026-LeaderElection43] INFO  server.RaftServer$Division (ServerState.java:setRaftConf(387)) - d59a6f42-ecf0-4abb-8fb6-b83dde6d65c9@group-85F464451026: set configuration 0: [b937fb28-01c9-421e-a2c2-ef01dceb1c2c|rpc:10.1.0.17:40579|dataStream:|priority:0, be637081-cdfc-4d88-b41d-bd3b2e95f28a|rpc:10.1.0.17:35921|dataStream:|priority:0, d59a6f42-ecf0-4abb-8fb6-b83dde6d65c9|rpc:10.1.0.17:34059|dataStream:|priority:1], old=null
2022-02-12 02:09:13,692 [grpc-default-executor-2] INFO  server.RaftServer$Division (ServerState.java:setRaftConf(387)) - be637081-cdfc-4d88-b41d-bd3b2e95f28a@group-85F464451026: set configuration 0: [b937fb28-01c9-421e-a2c2-ef01dceb1c2c|rpc:10.1.0.17:40579|dataStream:|priority:0, be637081-cdfc-4d88-b41d-bd3b2e95f28a|rpc:10.1.0.17:35921|dataStream:|priority:0, d59a6f42-ecf0-4abb-8fb6-b83dde6d65c9|rpc:10.1.0.17:34059|dataStream:|priority:1], old=null
2022-02-12 02:09:13,693 [grpc-default-executor-2] INFO  segmented.SegmentedRaftLogWorker (SegmentedRaftLogWorker.java:startLogSegment(394)) - be637081-cdfc-4d88-b41d-bd3b2e95f28a@group-85F464451026-SegmentedRaftLogWorker: Starting segment from index:0
2022-02-12 02:09:13,694 [be637081-cdfc-4d88-b41d-bd3b2e95f28a@group-85F464451026-SegmentedRaftLogWorker] INFO  segmented.SegmentedRaftLogWorker (SegmentedRaftLogWorker.java:execute(601)) - be637081-cdfc-4d88-b41d-bd3b2e95f28a@group-85F464451026-SegmentedRaftLogWorker: created new log segment /home/runner/work/ozone/ozone/hadoop-ozone/integration-test/target/test-dir/MiniOzoneClusterImpl-03ef79e6-d6c6-40ba-8af9-d36bcf9e7ad5/datanode-2/data/ratis/537c0b32-cf1e-4450-a335-85f464451026/current/log_inprogress_0
2022-02-12 02:09:13,709 [EventQueue-OpenPipelineForHealthyPipelineSafeModeRule] INFO  safemode.SCMSafeModeManager (HealthyPipelineSafeModeRule.java:process(124)) - SCM in safe mode. Healthy pipelines reported count is 1, required healthy pipeline reported count is 1
2022-02-12 02:09:13,709 [EventQueue-OpenPipelineForHealthyPipelineSafeModeRule] INFO  safemode.SCMSafeModeManager (SCMSafeModeManager.java:validateSafeModeExitRules(204)) - HealthyPipelineSafeModeRule rule is successfully validated
2022-02-12 02:09:13,709 [EventQueue-OpenPipelineForHealthyPipelineSafeModeRule] INFO  safemode.SCMSafeModeManager (SCMSafeModeManager.java:validateSafeModeExitRules(219)) - ScmSafeModeManager, all rules are successfully validated
2022-02-12 02:09:13,709 [EventQueue-OpenPipelineForHealthyPipelineSafeModeRule] INFO  safemode.SCMSafeModeManager (SCMSafeModeManager.java:exitSafeMode(248)) - SCM exiting safe mode.
2022-02-12 02:09:13,709 [EventQueue-OpenPipelineForHealthyPipelineSafeModeRule] WARN  events.EventQueue (EventQueue.java:fireEvent(194)) - No event handler registered for event TypedEvent{payloadType=SafeModeStatus, name='Safe mode status'}
2022-02-12 02:09:13,709 [EventQueue-OpenPipelineForHealthyPipelineSafeModeRule] INFO  ha.SCMContext (SCMContext.java:updateSafeModeStatus(211)) - Update SafeModeStatus from SafeModeStatus{safeModeStatus=true, preCheckPassed=true} to SafeModeStatus{safeModeStatus=false, preCheckPassed=true}.
2022-02-12 02:09:13,709 [EventQueue-OpenPipelineForHealthyPipelineSafeModeRule] INFO  container.ReplicationManager (ReplicationManager.java:notifyStatusChanged(1807)) - Service ReplicationManager transitions to RUNNING.
2022-02-12 02:09:13,737 [grpc-default-executor-4] INFO  ratis.XceiverServerRatis (XceiverServerRatis.java:handleLeaderChangedNotification(866)) - Leader change notification received for group: group-85F464451026 with new leaderId: d59a6f42-ecf0-4abb-8fb6-b83dde6d65c9
2022-02-12 02:09:13,738 [grpc-default-executor-4] INFO  server.RaftServer$Division (ServerState.java:setLeader(285)) - b937fb28-01c9-421e-a2c2-ef01dceb1c2c@group-85F464451026: change Leader from null to d59a6f42-ecf0-4abb-8fb6-b83dde6d65c9 at term 3 for appendEntries, leader elected after 15656ms
2022-02-12 02:09:13,753 [grpc-default-executor-4] INFO  server.RaftServer$Division (ServerState.java:setRaftConf(387)) - b937fb28-01c9-421e-a2c2-ef01dceb1c2c@group-85F464451026: set configuration 0: [b937fb28-01c9-421e-a2c2-ef01dceb1c2c|rpc:10.1.0.17:40579|dataStream:|priority:0, be637081-cdfc-4d88-b41d-bd3b2e95f28a|rpc:10.1.0.17:35921|dataStream:|priority:0, d59a6f42-ecf0-4abb-8fb6-b83dde6d65c9|rpc:10.1.0.17:34059|dataStream:|priority:1], old=null
2022-02-12 02:09:13,753 [grpc-default-executor-4] INFO  segmented.SegmentedRaftLogWorker (SegmentedRaftLogWorker.java:startLogSegment(394)) - b937fb28-01c9-421e-a2c2-ef01dceb1c2c@group-85F464451026-SegmentedRaftLogWorker: Starting segment from index:0
2022-02-12 02:09:13,754 [b937fb28-01c9-421e-a2c2-ef01dceb1c2c@group-85F464451026-SegmentedRaftLogWorker] INFO  segmented.SegmentedRaftLogWorker (SegmentedRaftLogWorker.java:execute(601)) - b937fb28-01c9-421e-a2c2-ef01dceb1c2c@group-85F464451026-SegmentedRaftLogWorker: created new log segment /home/runner/work/ozone/ozone/hadoop-ozone/integration-test/target/test-dir/MiniOzoneClusterImpl-03ef79e6-d6c6-40ba-8af9-d36bcf9e7ad5/datanode-0/data/ratis/537c0b32-cf1e-4450-a335-85f464451026/current/log_inprogress_0
2022-02-12 02:09:13,795 [Listener at 127.0.0.1/44117] INFO  ozone.MiniOzoneClusterImpl (MiniOzoneClusterImpl.java:lambda$waitForClusterToBeReady$0(219)) - Nodes are ready. Got 3 of 3 DN Heartbeats.
2022-02-12 02:09:13,795 [Listener at 127.0.0.1/44117] INFO  ozone.MiniOzoneClusterImpl (MiniOzoneClusterImpl.java:lambda$waitForClusterToBeReady$0(222)) - Cluster exits safe mode
2022-02-12 02:09:13,795 [Listener at 127.0.0.1/44117] INFO  ozone.MiniOzoneClusterImpl (MiniOzoneClusterImpl.java:lambda$waitForClusterToBeReady$0(224)) - SCM became leader
2022-02-12 02:09:13,862 [be637081-cdfc-4d88-b41d-bd3b2e95f28a@group-8B8F8AFAC82E-FollowerState] INFO  impl.FollowerState (FollowerState.java:run(134)) - be637081-cdfc-4d88-b41d-bd3b2e95f28a@group-8B8F8AFAC82E-FollowerState: change to CANDIDATE, lastRpcElapsedTime:5161520326ns, electionTimeout:5128ms
2022-02-12 02:09:13,862 [be637081-cdfc-4d88-b41d-bd3b2e95f28a@group-8B8F8AFAC82E-FollowerState] INFO  impl.RoleInfo (RoleInfo.java:shutdownFollowerState(108)) - be637081-cdfc-4d88-b41d-bd3b2e95f28a: shutdown be637081-cdfc-4d88-b41d-bd3b2e95f28a@group-8B8F8AFAC82E-FollowerState
2022-02-12 02:09:13,862 [be637081-cdfc-4d88-b41d-bd3b2e95f28a@group-8B8F8AFAC82E-FollowerState] INFO  server.RaftServer$Division (RaftServerImpl.java:setRole(290)) - be637081-cdfc-4d88-b41d-bd3b2e95f28a@group-8B8F8AFAC82E: changes role from  FOLLOWER to CANDIDATE at term 2 for changeToCandidate
2022-02-12 02:09:13,864 [d59a6f42-ecf0-4abb-8fb6-b83dde6d65c9@group-8B8F8AFAC82E-FollowerState] INFO  impl.FollowerState (FollowerState.java:run(134)) - d59a6f42-ecf0-4abb-8fb6-b83dde6d65c9@group-8B8F8AFAC82E-FollowerState: change to CANDIDATE, lastRpcElapsedTime:5151873438ns, electionTimeout:5130ms
2022-02-12 02:09:13,864 [d59a6f42-ecf0-4abb-8fb6-b83dde6d65c9@group-8B8F8AFAC82E-FollowerState] INFO  impl.RoleInfo (RoleInfo.java:shutdownFollowerState(108)) - d59a6f42-ecf0-4abb-8fb6-b83dde6d65c9: shutdown d59a6f42-ecf0-4abb-8fb6-b83dde6d65c9@group-8B8F8AFAC82E-FollowerState
2022-02-12 02:09:13,864 [d59a6f42-ecf0-4abb-8fb6-b83dde6d65c9@group-8B8F8AFAC82E-FollowerState] INFO  server.RaftServer$Division (RaftServerImpl.java:setRole(290)) - d59a6f42-ecf0-4abb-8fb6-b83dde6d65c9@group-8B8F8AFAC82E: changes role from  FOLLOWER to CANDIDATE at term 2 for changeToCandidate
2022-02-12 02:09:13,870 [be637081-cdfc-4d88-b41d-bd3b2e95f28a@group-8B8F8AFAC82E-FollowerState] INFO  server.RaftServerConfigKeys (ConfUtils.java:logGet(44)) - raft.server.leaderelection.pre-vote = false (custom)
2022-02-12 02:09:13,870 [be637081-cdfc-4d88-b41d-bd3b2e95f28a@group-8B8F8AFAC82E-FollowerState] INFO  impl.RoleInfo (RoleInfo.java:updateAndGet(130)) - be637081-cdfc-4d88-b41d-bd3b2e95f28a: start be637081-cdfc-4d88-b41d-bd3b2e95f28a@group-8B8F8AFAC82E-LeaderElection45
2022-02-12 02:09:13,870 [d59a6f42-ecf0-4abb-8fb6-b83dde6d65c9@group-8B8F8AFAC82E-FollowerState] INFO  server.RaftServerConfigKeys (ConfUtils.java:logGet(44)) - raft.server.leaderelection.pre-vote = false (custom)
2022-02-12 02:09:13,870 [d59a6f42-ecf0-4abb-8fb6-b83dde6d65c9@group-8B8F8AFAC82E-FollowerState] INFO  impl.RoleInfo (RoleInfo.java:updateAndGet(130)) - d59a6f42-ecf0-4abb-8fb6-b83dde6d65c9: start d59a6f42-ecf0-4abb-8fb6-b83dde6d65c9@group-8B8F8AFAC82E-LeaderElection46
2022-02-12 02:09:13,892 [b937fb28-01c9-421e-a2c2-ef01dceb1c2c@group-8B8F8AFAC82E-FollowerState] INFO  impl.FollowerState (FollowerState.java:run(134)) - b937fb28-01c9-421e-a2c2-ef01dceb1c2c@group-8B8F8AFAC82E-FollowerState: change to CANDIDATE, lastRpcElapsedTime:5198626882ns, electionTimeout:5195ms
2022-02-12 02:09:13,892 [b937fb28-01c9-421e-a2c2-ef01dceb1c2c@group-8B8F8AFAC82E-FollowerState] INFO  impl.RoleInfo (RoleInfo.java:shutdownFollowerState(108)) - b937fb28-01c9-421e-a2c2-ef01dceb1c2c: shutdown b937fb28-01c9-421e-a2c2-ef01dceb1c2c@group-8B8F8AFAC82E-FollowerState
2022-02-12 02:09:13,892 [b937fb28-01c9-421e-a2c2-ef01dceb1c2c@group-8B8F8AFAC82E-FollowerState] INFO  server.RaftServer$Division (RaftServerImpl.java:setRole(290)) - b937fb28-01c9-421e-a2c2-ef01dceb1c2c@group-8B8F8AFAC82E: changes role from  FOLLOWER to CANDIDATE at term 2 for changeToCandidate
2022-02-12 02:09:13,892 [Listener at 127.0.0.1/44117] INFO  rpc.RpcClient (RpcClient.java:createVolume(399)) - Creating Volume: volume44784, with user97606 as owner and space quota set to -1 bytes, counts quota set to -1
2022-02-12 02:09:13,892 [b937fb28-01c9-421e-a2c2-ef01dceb1c2c@group-8B8F8AFAC82E-FollowerState] INFO  server.RaftServerConfigKeys (ConfUtils.java:logGet(44)) - raft.server.leaderelection.pre-vote = false (custom)
2022-02-12 02:09:13,895 [b937fb28-01c9-421e-a2c2-ef01dceb1c2c@group-8B8F8AFAC82E-FollowerState] INFO  impl.RoleInfo (RoleInfo.java:updateAndGet(130)) - b937fb28-01c9-421e-a2c2-ef01dceb1c2c: start b937fb28-01c9-421e-a2c2-ef01dceb1c2c@group-8B8F8AFAC82E-LeaderElection47
2022-02-12 02:09:13,908 [be637081-cdfc-4d88-b41d-bd3b2e95f28a@group-8B8F8AFAC82E-LeaderElection45] INFO  impl.LeaderElection (LeaderElection.java:askForVotes(306)) - be637081-cdfc-4d88-b41d-bd3b2e95f28a@group-8B8F8AFAC82E-LeaderElection45 ELECTION round 0: submit vote requests at term 3 for -1: [b937fb28-01c9-421e-a2c2-ef01dceb1c2c|rpc:10.1.0.17:40579|dataStream:|priority:1, be637081-cdfc-4d88-b41d-bd3b2e95f28a|rpc:10.1.0.17:35921|dataStream:|priority:0, d59a6f42-ecf0-4abb-8fb6-b83dde6d65c9|rpc:10.1.0.17:34059|dataStream:|priority:0], old=null
2022-02-12 02:09:13,916 [d59a6f42-ecf0-4abb-8fb6-b83dde6d65c9@group-8B8F8AFAC82E-LeaderElection46] INFO  impl.LeaderElection (LeaderElection.java:askForVotes(306)) - d59a6f42-ecf0-4abb-8fb6-b83dde6d65c9@group-8B8F8AFAC82E-LeaderElection46 ELECTION round 0: submit vote requests at term 3 for -1: [b937fb28-01c9-421e-a2c2-ef01dceb1c2c|rpc:10.1.0.17:40579|dataStream:|priority:1, be637081-cdfc-4d88-b41d-bd3b2e95f28a|rpc:10.1.0.17:35921|dataStream:|priority:0, d59a6f42-ecf0-4abb-8fb6-b83dde6d65c9|rpc:10.1.0.17:34059|dataStream:|priority:0], old=null
2022-02-12 02:09:13,925 [grpc-default-executor-4] INFO  server.RaftServer$Division (RaftServerImpl.java:requestVote(1046)) - d59a6f42-ecf0-4abb-8fb6-b83dde6d65c9@group-8B8F8AFAC82E: receive requestVote(ELECTION, be637081-cdfc-4d88-b41d-bd3b2e95f28a, group-8B8F8AFAC82E, 3, (t:0, i:0))
2022-02-12 02:09:13,947 [grpc-default-executor-4] INFO  impl.VoteContext (VoteContext.java:log(48)) - d59a6f42-ecf0-4abb-8fb6-b83dde6d65c9@group-8B8F8AFAC82E-CANDIDATE: reject ELECTION from be637081-cdfc-4d88-b41d-bd3b2e95f28a: already has voted for d59a6f42-ecf0-4abb-8fb6-b83dde6d65c9 at current term 3
2022-02-12 02:09:13,947 [grpc-default-executor-4] INFO  server.RaftServer$Division (RaftServerImpl.java:requestVote(1078)) - d59a6f42-ecf0-4abb-8fb6-b83dde6d65c9@group-8B8F8AFAC82E replies to ELECTION vote request: be637081-cdfc-4d88-b41d-bd3b2e95f28a<-d59a6f42-ecf0-4abb-8fb6-b83dde6d65c9#0:FAIL-t3. Peer's state: d59a6f42-ecf0-4abb-8fb6-b83dde6d65c9@group-8B8F8AFAC82E:t3, leader=null, voted=d59a6f42-ecf0-4abb-8fb6-b83dde6d65c9, raftlog=d59a6f42-ecf0-4abb-8fb6-b83dde6d65c9@group-8B8F8AFAC82E-SegmentedRaftLog:OPENED:c-1, conf=-1: [b937fb28-01c9-421e-a2c2-ef01dceb1c2c|rpc:10.1.0.17:40579|dataStream:|priority:1, be637081-cdfc-4d88-b41d-bd3b2e95f28a|rpc:10.1.0.17:35921|dataStream:|priority:0, d59a6f42-ecf0-4abb-8fb6-b83dde6d65c9|rpc:10.1.0.17:34059|dataStream:|priority:0], old=null
2022-02-12 02:09:13,925 [grpc-default-executor-0] INFO  server.RaftServer$Division (RaftServerImpl.java:requestVote(1046)) - b937fb28-01c9-421e-a2c2-ef01dceb1c2c@group-8B8F8AFAC82E: receive requestVote(ELECTION, be637081-cdfc-4d88-b41d-bd3b2e95f28a, group-8B8F8AFAC82E, 3, (t:0, i:0))
2022-02-12 02:09:13,948 [grpc-default-executor-0] INFO  impl.VoteContext (VoteContext.java:log(48)) - b937fb28-01c9-421e-a2c2-ef01dceb1c2c@group-8B8F8AFAC82E-CANDIDATE: reject ELECTION from be637081-cdfc-4d88-b41d-bd3b2e95f28a: our priority 1 > candidate's priority 0
2022-02-12 02:09:13,948 [grpc-default-executor-0] INFO  server.RaftServer$Division (RaftServerImpl.java:setRole(290)) - b937fb28-01c9-421e-a2c2-ef01dceb1c2c@group-8B8F8AFAC82E: changes role from CANDIDATE to FOLLOWER at term 3 for candidate:be637081-cdfc-4d88-b41d-bd3b2e95f28a
2022-02-12 02:09:13,948 [grpc-default-executor-0] INFO  impl.RoleInfo (RoleInfo.java:shutdownLeaderElection(121)) - b937fb28-01c9-421e-a2c2-ef01dceb1c2c: shutdown b937fb28-01c9-421e-a2c2-ef01dceb1c2c@group-8B8F8AFAC82E-LeaderElection47
2022-02-12 02:09:13,920 [IPC Server handler 2 on default port 44117] INFO  volume.OMVolumeCreateRequest (OMVolumeCreateRequest.java:validateAndUpdateCache(195)) - created volume:volume44784 for user:user97606
2022-02-12 02:09:13,952 [grpc-default-executor-0] INFO  impl.RoleInfo (RoleInfo.java:updateAndGet(130)) - b937fb28-01c9-421e-a2c2-ef01dceb1c2c: start b937fb28-01c9-421e-a2c2-ef01dceb1c2c@group-8B8F8AFAC82E-FollowerState
2022-02-12 02:09:13,964 [b937fb28-01c9-421e-a2c2-ef01dceb1c2c@group-8B8F8AFAC82E-LeaderElection47] INFO  impl.LeaderElection (LeaderElection.java:run(230)) - b937fb28-01c9-421e-a2c2-ef01dceb1c2c@group-8B8F8AFAC82E-LeaderElection47: skip running since this is already CLOSING
2022-02-12 02:09:13,969 [grpc-default-executor-0] INFO  server.RaftServer$Division (RaftServerImpl.java:requestVote(1078)) - b937fb28-01c9-421e-a2c2-ef01dceb1c2c@group-8B8F8AFAC82E replies to ELECTION vote request: be637081-cdfc-4d88-b41d-bd3b2e95f28a<-b937fb28-01c9-421e-a2c2-ef01dceb1c2c#0:FAIL-t3. Peer's state: b937fb28-01c9-421e-a2c2-ef01dceb1c2c@group-8B8F8AFAC82E:t3, leader=null, voted=null, raftlog=b937fb28-01c9-421e-a2c2-ef01dceb1c2c@group-8B8F8AFAC82E-SegmentedRaftLog:OPENED:c-1, conf=-1: [b937fb28-01c9-421e-a2c2-ef01dceb1c2c|rpc:10.1.0.17:40579|priority:1, be637081-cdfc-4d88-b41d-bd3b2e95f28a|rpc:10.1.0.17:35921|priority:0, d59a6f42-ecf0-4abb-8fb6-b83dde6d65c9|rpc:10.1.0.17:34059|priority:0], old=null
2022-02-12 02:09:13,980 [be637081-cdfc-4d88-b41d-bd3b2e95f28a@group-8B8F8AFAC82E-LeaderElection45] INFO  impl.LeaderElection (LeaderElection.java:logAndReturn(89)) - be637081-cdfc-4d88-b41d-bd3b2e95f28a@group-8B8F8AFAC82E-LeaderElection45: ELECTION REJECTED received 2 response(s) and 0 exception(s):
2022-02-12 02:09:13,980 [be637081-cdfc-4d88-b41d-bd3b2e95f28a@group-8B8F8AFAC82E-LeaderElection45] INFO  impl.LeaderElection (LeaderElection.java:logAndReturn(93)) -   Response 0: be637081-cdfc-4d88-b41d-bd3b2e95f28a<-b937fb28-01c9-421e-a2c2-ef01dceb1c2c#0:FAIL-t3
2022-02-12 02:09:13,980 [be637081-cdfc-4d88-b41d-bd3b2e95f28a@group-8B8F8AFAC82E-LeaderElection45] INFO  impl.LeaderElection (LeaderElection.java:logAndReturn(93)) -   Response 1: be637081-cdfc-4d88-b41d-bd3b2e95f28a<-d59a6f42-ecf0-4abb-8fb6-b83dde6d65c9#0:FAIL-t3
2022-02-12 02:09:13,980 [grpc-default-executor-3] INFO  server.RaftServer$Division (RaftServerImpl.java:requestVote(1046)) - be637081-cdfc-4d88-b41d-bd3b2e95f28a@group-8B8F8AFAC82E: receive requestVote(ELECTION, d59a6f42-ecf0-4abb-8fb6-b83dde6d65c9, group-8B8F8AFAC82E, 3, (t:0, i:0))
2022-02-12 02:09:13,981 [grpc-default-executor-3] INFO  impl.VoteContext (VoteContext.java:log(48)) - be637081-cdfc-4d88-b41d-bd3b2e95f28a@group-8B8F8AFAC82E-CANDIDATE: reject ELECTION from d59a6f42-ecf0-4abb-8fb6-b83dde6d65c9: already has voted for be637081-cdfc-4d88-b41d-bd3b2e95f28a at current term 3
2022-02-12 02:09:13,981 [grpc-default-executor-3] INFO  server.RaftServer$Division (RaftServerImpl.java:requestVote(1078)) - be637081-cdfc-4d88-b41d-bd3b2e95f28a@group-8B8F8AFAC82E replies to ELECTION vote request: d59a6f42-ecf0-4abb-8fb6-b83dde6d65c9<-be637081-cdfc-4d88-b41d-bd3b2e95f28a#0:FAIL-t3. Peer's state: be637081-cdfc-4d88-b41d-bd3b2e95f28a@group-8B8F8AFAC82E:t3, leader=null, voted=be637081-cdfc-4d88-b41d-bd3b2e95f28a, raftlog=be637081-cdfc-4d88-b41d-bd3b2e95f28a@group-8B8F8AFAC82E-SegmentedRaftLog:OPENED:c-1, conf=-1: [b937fb28-01c9-421e-a2c2-ef01dceb1c2c|rpc:10.1.0.17:40579|dataStream:|priority:1, be637081-cdfc-4d88-b41d-bd3b2e95f28a|rpc:10.1.0.17:35921|dataStream:|priority:0, d59a6f42-ecf0-4abb-8fb6-b83dde6d65c9|rpc:10.1.0.17:34059|dataStream:|priority:0], old=null
2022-02-12 02:09:13,980 [be637081-cdfc-4d88-b41d-bd3b2e95f28a@group-8B8F8AFAC82E-LeaderElection45] INFO  impl.LeaderElection (LeaderElection.java:askForVotes(308)) - be637081-cdfc-4d88-b41d-bd3b2e95f28a@group-8B8F8AFAC82E-LeaderElection45 ELECTION round 0: result REJECTED
2022-02-12 02:09:13,984 [be637081-cdfc-4d88-b41d-bd3b2e95f28a@group-8B8F8AFAC82E-LeaderElection45] INFO  server.RaftServer$Division (RaftServerImpl.java:setRole(290)) - be637081-cdfc-4d88-b41d-bd3b2e95f28a@group-8B8F8AFAC82E: changes role from CANDIDATE to FOLLOWER at term 3 for REJECTED
2022-02-12 02:09:13,984 [be637081-cdfc-4d88-b41d-bd3b2e95f28a@group-8B8F8AFAC82E-LeaderElection45] INFO  impl.RoleInfo (RoleInfo.java:shutdownLeaderElection(121)) - be637081-cdfc-4d88-b41d-bd3b2e95f28a: shutdown be637081-cdfc-4d88-b41d-bd3b2e95f28a@group-8B8F8AFAC82E-LeaderElection45
2022-02-12 02:09:13,984 [be637081-cdfc-4d88-b41d-bd3b2e95f28a@group-8B8F8AFAC82E-LeaderElection45] INFO  impl.RoleInfo (RoleInfo.java:updateAndGet(130)) - be637081-cdfc-4d88-b41d-bd3b2e95f28a: start be637081-cdfc-4d88-b41d-bd3b2e95f28a@group-8B8F8AFAC82E-FollowerState
2022-02-12 02:09:13,985 [grpc-default-executor-0] INFO  server.RaftServer$Division (RaftServerImpl.java:requestVote(1046)) - b937fb28-01c9-421e-a2c2-ef01dceb1c2c@group-8B8F8AFAC82E: receive requestVote(ELECTION, d59a6f42-ecf0-4abb-8fb6-b83dde6d65c9, group-8B8F8AFAC82E, 3, (t:0, i:0))
2022-02-12 02:09:13,985 [grpc-default-executor-0] INFO  impl.VoteContext (VoteContext.java:log(48)) - b937fb28-01c9-421e-a2c2-ef01dceb1c2c@group-8B8F8AFAC82E-FOLLOWER: reject ELECTION from d59a6f42-ecf0-4abb-8fb6-b83dde6d65c9: our priority 1 > candidate's priority 0
2022-02-12 02:09:13,985 [grpc-default-executor-0] INFO  server.RaftServer$Division (RaftServerImpl.java:setRole(290)) - b937fb28-01c9-421e-a2c2-ef01dceb1c2c@group-8B8F8AFAC82E: changes role from  FOLLOWER to FOLLOWER at term 3 for candidate:d59a6f42-ecf0-4abb-8fb6-b83dde6d65c9
2022-02-12 02:09:13,985 [grpc-default-executor-0] INFO  impl.RoleInfo (RoleInfo.java:shutdownFollowerState(108)) - b937fb28-01c9-421e-a2c2-ef01dceb1c2c: shutdown b937fb28-01c9-421e-a2c2-ef01dceb1c2c@group-8B8F8AFAC82E-FollowerState
2022-02-12 02:09:14,004 [b937fb28-01c9-421e-a2c2-ef01dceb1c2c@group-8B8F8AFAC82E-FollowerState] INFO  impl.FollowerState (FollowerState.java:run(143)) - b937fb28-01c9-421e-a2c2-ef01dceb1c2c@group-8B8F8AFAC82E-FollowerState was interrupted: {}
java.lang.InterruptedException: sleep interrupted
	at java.lang.Thread.sleep(Native Method)
	at java.lang.Thread.sleep(Thread.java:340)
	at java.util.concurrent.TimeUnit.sleep(TimeUnit.java:386)
	at org.apache.ratis.util.TimeDuration.sleep(TimeDuration.java:324)
	at org.apache.ratis.util.TimeDuration.sleep(TimeDuration.java:309)
	at org.apache.ratis.server.impl.FollowerState.run(FollowerState.java:118)
2022-02-12 02:09:14,004 [grpc-default-executor-0] INFO  impl.RoleInfo (RoleInfo.java:updateAndGet(130)) - b937fb28-01c9-421e-a2c2-ef01dceb1c2c: start b937fb28-01c9-421e-a2c2-ef01dceb1c2c@group-8B8F8AFAC82E-FollowerState
2022-02-12 02:09:14,007 [Listener at 127.0.0.1/44117] INFO  rpc.RpcClient (RpcClient.java:createBucket(562)) - Creating Bucket: volume44784/bucket55520, with runner as owner and Versioning false and Storage Type set to DISK and Encryption set to false 
2022-02-12 02:09:14,016 [grpc-default-executor-0] INFO  server.RaftServer$Division (RaftServerImpl.java:requestVote(1078)) - b937fb28-01c9-421e-a2c2-ef01dceb1c2c@group-8B8F8AFAC82E replies to ELECTION vote request: d59a6f42-ecf0-4abb-8fb6-b83dde6d65c9<-b937fb28-01c9-421e-a2c2-ef01dceb1c2c#0:FAIL-t3. Peer's state: b937fb28-01c9-421e-a2c2-ef01dceb1c2c@group-8B8F8AFAC82E:t3, leader=null, voted=null, raftlog=b937fb28-01c9-421e-a2c2-ef01dceb1c2c@group-8B8F8AFAC82E-SegmentedRaftLog:OPENED:c-1, conf=-1: [b937fb28-01c9-421e-a2c2-ef01dceb1c2c|rpc:10.1.0.17:40579|priority:1, be637081-cdfc-4d88-b41d-bd3b2e95f28a|rpc:10.1.0.17:35921|priority:0, d59a6f42-ecf0-4abb-8fb6-b83dde6d65c9|rpc:10.1.0.17:34059|priority:0], old=null
2022-02-12 02:09:14,017 [d59a6f42-ecf0-4abb-8fb6-b83dde6d65c9@group-8B8F8AFAC82E-LeaderElection46] INFO  impl.LeaderElection (LeaderElection.java:logAndReturn(89)) - d59a6f42-ecf0-4abb-8fb6-b83dde6d65c9@group-8B8F8AFAC82E-LeaderElection46: ELECTION REJECTED received 2 response(s) and 0 exception(s):
2022-02-12 02:09:14,017 [d59a6f42-ecf0-4abb-8fb6-b83dde6d65c9@group-8B8F8AFAC82E-LeaderElection46] INFO  impl.LeaderElection (LeaderElection.java:logAndReturn(93)) -   Response 0: d59a6f42-ecf0-4abb-8fb6-b83dde6d65c9<-b937fb28-01c9-421e-a2c2-ef01dceb1c2c#0:FAIL-t3
2022-02-12 02:09:14,017 [d59a6f42-ecf0-4abb-8fb6-b83dde6d65c9@group-8B8F8AFAC82E-LeaderElection46] INFO  impl.LeaderElection (LeaderElection.java:logAndReturn(93)) -   Response 1: d59a6f42-ecf0-4abb-8fb6-b83dde6d65c9<-be637081-cdfc-4d88-b41d-bd3b2e95f28a#0:FAIL-t3
2022-02-12 02:09:14,017 [d59a6f42-ecf0-4abb-8fb6-b83dde6d65c9@group-8B8F8AFAC82E-LeaderElection46] INFO  impl.LeaderElection (LeaderElection.java:askForVotes(308)) - d59a6f42-ecf0-4abb-8fb6-b83dde6d65c9@group-8B8F8AFAC82E-LeaderElection46 ELECTION round 0: result REJECTED
2022-02-12 02:09:14,017 [d59a6f42-ecf0-4abb-8fb6-b83dde6d65c9@group-8B8F8AFAC82E-LeaderElection46] INFO  server.RaftServer$Division (RaftServerImpl.java:setRole(290)) - d59a6f42-ecf0-4abb-8fb6-b83dde6d65c9@group-8B8F8AFAC82E: changes role from CANDIDATE to FOLLOWER at term 3 for REJECTED
2022-02-12 02:09:14,017 [d59a6f42-ecf0-4abb-8fb6-b83dde6d65c9@group-8B8F8AFAC82E-LeaderElection46] INFO  impl.RoleInfo (RoleInfo.java:shutdownLeaderElection(121)) - d59a6f42-ecf0-4abb-8fb6-b83dde6d65c9: shutdown d59a6f42-ecf0-4abb-8fb6-b83dde6d65c9@group-8B8F8AFAC82E-LeaderElection46
2022-02-12 02:09:14,017 [d59a6f42-ecf0-4abb-8fb6-b83dde6d65c9@group-8B8F8AFAC82E-LeaderElection46] INFO  impl.RoleInfo (RoleInfo.java:updateAndGet(130)) - d59a6f42-ecf0-4abb-8fb6-b83dde6d65c9: start d59a6f42-ecf0-4abb-8fb6-b83dde6d65c9@group-8B8F8AFAC82E-FollowerState
]]></system-out>
  </testcase>
  <testcase name="testRenameFile[2]" classname="org.apache.hadoop.fs.ozone.TestRootedOzoneFileSystem" time="0.106"/>
  <testcase name="testListStatusRootAndVolumeRecursive[2]" classname="org.apache.hadoop.fs.ozone.TestRootedOzoneFileSystem" time="0.867"/>
  <testcase name="testTempMount[2]" classname="org.apache.hadoop.fs.ozone.TestRootedOzoneFileSystem" time="0.312"/>
  <testcase name="testListStatusRootAndVolumeNonRecursive[2]" classname="org.apache.hadoop.fs.ozone.TestRootedOzoneFileSystem" time="0.518"/>
  <testcase name="testDeleteVolumeAndBucket[2]" classname="org.apache.hadoop.fs.ozone.TestRootedOzoneFileSystem" time="0.051"/>
  <testcase name="testRenameDirToItsOwnSubDir[2]" classname="org.apache.hadoop.fs.ozone.TestRootedOzoneFileSystem" time="0.016"/>
  <testcase name="testOzoneFsServiceLoader[2]" classname="org.apache.hadoop.fs.ozone.TestRootedOzoneFileSystem" time="0.089"/>
  <testcase name="testTrash[2]" classname="org.apache.hadoop.fs.ozone.TestRootedOzoneFileSystem" time="0">
    <skipped/>
  </testcase>
  <testcase name="testRenameDestinationParentDoesntExist[2]" classname="org.apache.hadoop.fs.ozone.TestRootedOzoneFileSystem" time="0.04"/>
  <testcase name="testGetFileStatusRoot[2]" classname="org.apache.hadoop.fs.ozone.TestRootedOzoneFileSystem" time="0.008"/>
  <testcase name="testCreateWithInvalidPaths[2]" classname="org.apache.hadoop.fs.ozone.TestRootedOzoneFileSystem" time="0.014"/>
  <testcase name="testDeleteEmptyVolume[2]" classname="org.apache.hadoop.fs.ozone.TestRootedOzoneFileSystem" time="0.026"/>
  <testcase name="testListStatusRootAndVolumeContinuation[2]" classname="org.apache.hadoop.fs.ozone.TestRootedOzoneFileSystem" time="0">
    <skipped message="FS Path is enabled. Skipping this test as it is not tuned for FS Path yet" type="org.junit.AssumptionViolatedException">org.junit.AssumptionViolatedException: FS Path is enabled. Skipping this test as it is not tuned for FS Path yet
	at org.junit.Assume.assumeTrue(Assume.java:68)
	at org.apache.hadoop.fs.ozone.TestRootedOzoneFileSystem.testListStatusRootAndVolumeContinuation(TestRootedOzoneFileSystem.java:887)
	at sun.reflect.NativeMethodAccessorImpl.invoke0(Native Method)
	at sun.reflect.NativeMethodAccessorImpl.invoke(NativeMethodAccessorImpl.java:62)
	at sun.reflect.DelegatingMethodAccessorImpl.invoke(DelegatingMethodAccessorImpl.java:43)
	at java.lang.reflect.Method.invoke(Method.java:498)
	at org.junit.runners.model.FrameworkMethod$1.runReflectiveCall(FrameworkMethod.java:59)
	at org.junit.internal.runners.model.ReflectiveCallable.run(ReflectiveCallable.java:12)
	at org.junit.runners.model.FrameworkMethod.invokeExplosively(FrameworkMethod.java:56)
	at org.junit.internal.runners.statements.InvokeMethod.evaluate(InvokeMethod.java:17)
	at org.junit.internal.runners.statements.FailOnTimeout$CallableStatement.call(FailOnTimeout.java:288)
	at org.junit.internal.runners.statements.FailOnTimeout$CallableStatement.call(FailOnTimeout.java:282)
	at java.util.concurrent.FutureTask.run(FutureTask.java:266)
	at java.lang.Thread.run(Thread.java:748)
</skipped>
  </testcase>
  <testcase name="testDeleteVolumeBucketAndKey[2]" classname="org.apache.hadoop.fs.ozone.TestRootedOzoneFileSystem" time="0.106"/>
  <testcase name="testRenameToParentDir[2]" classname="org.apache.hadoop.fs.ozone.TestRootedOzoneFileSystem" time="0.06"/>
  <testcase name="testMkdirNonExistentVolumeBucket[2]" classname="org.apache.hadoop.fs.ozone.TestRootedOzoneFileSystem" time="0.055"/>
  <testcase name="testFailToDeleteRoot[2]" classname="org.apache.hadoop.fs.ozone.TestRootedOzoneFileSystem" time="0.025"/>
  <testcase name="testListStatusOnSubDirs[2]" classname="org.apache.hadoop.fs.ozone.TestRootedOzoneFileSystem" time="0.087"/>
  <testcase name="testListStatus[2]" classname="org.apache.hadoop.fs.ozone.TestRootedOzoneFileSystem" time="0.074"/>
  <testcase name="testGetTrashRoots[2]" classname="org.apache.hadoop.fs.ozone.TestRootedOzoneFileSystem" time="0.723"/>
  <testcase name="testCreateDoesNotAddParentDirKeys[2]" classname="org.apache.hadoop.fs.ozone.TestRootedOzoneFileSystem" time="0.11"/>
  <testcase name="testMkdirNonExistentVolume[2]" classname="org.apache.hadoop.fs.ozone.TestRootedOzoneFileSystem" time="0.019"/>
  <testcase name="testDeleteCreatesFakeParentDir[2]" classname="org.apache.hadoop.fs.ozone.TestRootedOzoneFileSystem" time="0">
    <skipped message="FS Path is enabled. Skipping this test as it is not tuned for FS Path yet" type="org.junit.AssumptionViolatedException">org.junit.AssumptionViolatedException: FS Path is enabled. Skipping this test as it is not tuned for FS Path yet
	at org.junit.Assume.assumeTrue(Assume.java:68)
	at org.apache.hadoop.fs.ozone.TestRootedOzoneFileSystem.testDeleteCreatesFakeParentDir(TestRootedOzoneFileSystem.java:302)
	at sun.reflect.NativeMethodAccessorImpl.invoke0(Native Method)
	at sun.reflect.NativeMethodAccessorImpl.invoke(NativeMethodAccessorImpl.java:62)
	at sun.reflect.DelegatingMethodAccessorImpl.invoke(DelegatingMethodAccessorImpl.java:43)
	at java.lang.reflect.Method.invoke(Method.java:498)
	at org.junit.runners.model.FrameworkMethod$1.runReflectiveCall(FrameworkMethod.java:59)
	at org.junit.internal.runners.model.ReflectiveCallable.run(ReflectiveCallable.java:12)
	at org.junit.runners.model.FrameworkMethod.invokeExplosively(FrameworkMethod.java:56)
	at org.junit.internal.runners.statements.InvokeMethod.evaluate(InvokeMethod.java:17)
	at org.junit.internal.runners.statements.FailOnTimeout$CallableStatement.call(FailOnTimeout.java:288)
	at org.junit.internal.runners.statements.FailOnTimeout$CallableStatement.call(FailOnTimeout.java:282)
	at java.util.concurrent.FutureTask.run(FutureTask.java:266)
	at java.lang.Thread.run(Thread.java:748)
</skipped>
  </testcase>
  <testcase name="testNonExplicitlyCreatedPathExistsAfterItsLeafsWereRemoved[2]" classname="org.apache.hadoop.fs.ozone.TestRootedOzoneFileSystem" time="0.061"/>
  <testcase name="testFileDelete[2]" classname="org.apache.hadoop.fs.ozone.TestRootedOzoneFileSystem" time="0.123"/>
  <testcase name="testRenameToTrashEnabled[2]" classname="org.apache.hadoop.fs.ozone.TestRootedOzoneFileSystem" time="0.196"/>
  <testcase name="testMkdirOnNonExistentVolumeBucketDir[2]" classname="org.apache.hadoop.fs.ozone.TestRootedOzoneFileSystem" time="0">
    <skipped message="FS Path is enabled. Skipping this test as it is not tuned for FS Path yet" type="org.junit.AssumptionViolatedException">org.junit.AssumptionViolatedException: FS Path is enabled. Skipping this test as it is not tuned for FS Path yet
	at org.junit.Assume.assumeTrue(Assume.java:68)
	at org.apache.hadoop.fs.ozone.TestRootedOzoneFileSystem.testMkdirOnNonExistentVolumeBucketDir(TestRootedOzoneFileSystem.java:405)
	at sun.reflect.NativeMethodAccessorImpl.invoke0(Native Method)
	at sun.reflect.NativeMethodAccessorImpl.invoke(NativeMethodAccessorImpl.java:62)
	at sun.reflect.DelegatingMethodAccessorImpl.invoke(DelegatingMethodAccessorImpl.java:43)
	at java.lang.reflect.Method.invoke(Method.java:498)
	at org.junit.runners.model.FrameworkMethod$1.runReflectiveCall(FrameworkMethod.java:59)
	at org.junit.internal.runners.model.ReflectiveCallable.run(ReflectiveCallable.java:12)
	at org.junit.runners.model.FrameworkMethod.invokeExplosively(FrameworkMethod.java:56)
	at org.junit.internal.runners.statements.InvokeMethod.evaluate(InvokeMethod.java:17)
	at org.junit.internal.runners.statements.FailOnTimeout$CallableStatement.call(FailOnTimeout.java:288)
	at org.junit.internal.runners.statements.FailOnTimeout$CallableStatement.call(FailOnTimeout.java:282)
	at java.util.concurrent.FutureTask.run(FutureTask.java:266)
	at java.lang.Thread.run(Thread.java:748)
</skipped>
  </testcase>
  <testcase name="testListStatusOnLargeDirectory[2]" classname="org.apache.hadoop.fs.ozone.TestRootedOzoneFileSystem" time="12.867"/>
  <testcase name="testRenameToDifferentBucket[2]" classname="org.apache.hadoop.fs.ozone.TestRootedOzoneFileSystem" time="0.042"/>
  <testcase name="testListStatusInBucket[2]" classname="org.apache.hadoop.fs.ozone.TestRootedOzoneFileSystem" time="0.025"/>
  <testcase name="testRenameFileToDir[2]" classname="org.apache.hadoop.fs.ozone.TestRootedOzoneFileSystem" time="0.087"/>
  <testcase name="testNonPrivilegedUserMkdirCreateBucket[3]" classname="org.apache.hadoop.fs.ozone.TestRootedOzoneFileSystem" time="0">
    <skipped message="ACL is not enabled. Skipping this test as it requires ACL to be enabled to be meaningful." type="org.junit.AssumptionViolatedException">org.junit.AssumptionViolatedException: ACL is not enabled. Skipping this test as it requires ACL to be enabled to be meaningful.
	at org.junit.Assume.assumeTrue(Assume.java:68)
	at org.apache.hadoop.fs.ozone.TestRootedOzoneFileSystem.testNonPrivilegedUserMkdirCreateBucket(TestRootedOzoneFileSystem.java:1582)
	at sun.reflect.NativeMethodAccessorImpl.invoke0(Native Method)
	at sun.reflect.NativeMethodAccessorImpl.invoke(NativeMethodAccessorImpl.java:62)
	at sun.reflect.DelegatingMethodAccessorImpl.invoke(DelegatingMethodAccessorImpl.java:43)
	at java.lang.reflect.Method.invoke(Method.java:498)
	at org.junit.runners.model.FrameworkMethod$1.runReflectiveCall(FrameworkMethod.java:59)
	at org.junit.internal.runners.model.ReflectiveCallable.run(ReflectiveCallable.java:12)
	at org.junit.runners.model.FrameworkMethod.invokeExplosively(FrameworkMethod.java:56)
	at org.junit.internal.runners.statements.InvokeMethod.evaluate(InvokeMethod.java:17)
	at org.junit.internal.runners.statements.FailOnTimeout$CallableStatement.call(FailOnTimeout.java:288)
	at org.junit.internal.runners.statements.FailOnTimeout$CallableStatement.call(FailOnTimeout.java:282)
	at java.util.concurrent.FutureTask.run(FutureTask.java:266)
	at java.lang.Thread.run(Thread.java:748)
</skipped>
    <system-out><![CDATA[2022-02-12 02:09:30,852 [Listener at 127.0.0.1/44117] INFO  ozone.MiniOzoneClusterImpl (MiniOzoneClusterImpl.java:shutdown(437)) - Shutting down the Mini Ozone Cluster
2022-02-12 02:09:30,852 [Listener at 127.0.0.1/44117] INFO  ozone.MiniOzoneClusterImpl (MiniOzoneClusterImpl.java:stop(452)) - Stopping the Mini Ozone Cluster
2022-02-12 02:09:30,852 [Listener at 127.0.0.1/44117] INFO  ozone.MiniOzoneClusterImpl (MiniOzoneClusterImpl.java:stopOM(534)) - Stopping the OzoneManager
2022-02-12 02:09:30,852 [Listener at 127.0.0.1/44117] INFO  om.OzoneManager (OzoneManager.java:stop(1893)) - om1[localhost:0]: Stopping Ozone Manager
2022-02-12 02:09:30,853 [Listener at 127.0.0.1/44117] INFO  ipc.Server (Server.java:stop(3414)) - Stopping server on 44117
2022-02-12 02:09:30,855 [Listener at 127.0.0.1/44117] INFO  ratis.OzoneManagerDoubleBuffer (OzoneManagerDoubleBuffer.java:stop(437)) - Stopping OMDoubleBuffer flush thread
2022-02-12 02:09:30,855 [IPC Server Responder] INFO  ipc.Server (Server.java:run(1512)) - Stopping IPC Server Responder
2022-02-12 02:09:30,855 [OMDoubleBufferFlushThread] INFO  ratis.OzoneManagerDoubleBuffer (OzoneManagerDoubleBuffer.java:flushTransactions(356)) - OMDoubleBuffer flush thread OMDoubleBufferFlushThread is interrupted and will exit. OMDoubleBufferFlushThread
2022-02-12 02:09:30,855 [Listener at 127.0.0.1/44117] INFO  utils.BackgroundService (BackgroundService.java:shutdown(132)) - Shutting down service KeyDeletingService
2022-02-12 02:09:30,856 [IPC Server listener on 0] INFO  ipc.Server (Server.java:run(1376)) - Stopping IPC Server listener on 0
2022-02-12 02:09:30,856 [Listener at 127.0.0.1/44117] INFO  utils.BackgroundService (BackgroundService.java:shutdown(132)) - Shutting down service DirectoryDeletingService
2022-02-12 02:09:30,857 [Listener at 127.0.0.1/44117] INFO  handler.ContextHandler (ContextHandler.java:doStop(1153)) - Stopped o.e.j.w.WebAppContext@4d2a9d6{ozoneManager,/,null,STOPPED}{file:/home/runner/work/ozone/ozone/hadoop-ozone/integration-test/target/test-classes/webapps/ozoneManager}
2022-02-12 02:09:30,859 [Listener at 127.0.0.1/44117] INFO  server.AbstractConnector (AbstractConnector.java:doStop(381)) - Stopped ServerConnector@3f8b759e{HTTP/1.1, (http/1.1)}{0.0.0.0:0}
2022-02-12 02:09:30,859 [Listener at 127.0.0.1/44117] INFO  server.session (HouseKeeper.java:stopScavenging(149)) - node0 Stopped scavenging
2022-02-12 02:09:30,859 [Listener at 127.0.0.1/44117] INFO  handler.ContextHandler (ContextHandler.java:doStop(1153)) - Stopped o.e.j.s.ServletContextHandler@94fab8f{static,/static,file:///home/runner/work/ozone/ozone/hadoop-ozone/integration-test/target/test-classes/webapps/static,STOPPED}
2022-02-12 02:09:30,860 [Listener at 127.0.0.1/44117] INFO  handler.ContextHandler (ContextHandler.java:doStop(1153)) - Stopped o.e.j.s.ServletContextHandler@32babb12{logs,/logs,file:///home/runner/work/ozone/ozone/hadoop-ozone/integration-test/target/log,STOPPED}
2022-02-12 02:09:30,862 [Trash Emptier] ERROR util.ExitUtils (ExitUtils.java:terminate(133)) - Terminating with exit status -1: Thread[Trash Emptier,5,main] has thrown an uncaught exception
java.lang.UnsupportedOperationException: fs.getUri() not implemented in TrashOzoneFileSystem
	at org.apache.hadoop.ozone.om.TrashOzoneFileSystem.getUri(TrashOzoneFileSystem.java:124)
	at org.apache.hadoop.fs.FileSystem.close(FileSystem.java:2592)
	at org.apache.hadoop.ozone.om.TrashPolicyOzone$Emptier.run(TrashPolicyOzone.java:243)
	at java.lang.Thread.run(Thread.java:748)
2022-02-12 02:09:30,872 [Listener at 127.0.0.1/44117] INFO  ozone.MiniOzoneClusterImpl (MiniOzoneClusterImpl.java:stopDatanodes(511)) - Stopping the HddsDatanodes
2022-02-12 02:09:34,748 [d59a6f42-ecf0-4abb-8fb6-b83dde6d65c9@group-8B8F8AFAC82E-FollowerState] INFO  impl.FollowerState (FollowerState.java:run(134)) - d59a6f42-ecf0-4abb-8fb6-b83dde6d65c9@group-8B8F8AFAC82E-FollowerState: change to CANDIDATE, lastRpcElapsedTime:5058383298ns, electionTimeout:5041ms
2022-02-12 02:09:34,748 [d59a6f42-ecf0-4abb-8fb6-b83dde6d65c9@group-8B8F8AFAC82E-FollowerState] INFO  impl.RoleInfo (RoleInfo.java:shutdownFollowerState(108)) - d59a6f42-ecf0-4abb-8fb6-b83dde6d65c9: shutdown d59a6f42-ecf0-4abb-8fb6-b83dde6d65c9@group-8B8F8AFAC82E-FollowerState
2022-02-12 02:09:34,748 [d59a6f42-ecf0-4abb-8fb6-b83dde6d65c9@group-8B8F8AFAC82E-FollowerState] INFO  server.RaftServer$Division (RaftServerImpl.java:setRole(290)) - d59a6f42-ecf0-4abb-8fb6-b83dde6d65c9@group-8B8F8AFAC82E: changes role from  FOLLOWER to CANDIDATE at term 6 for changeToCandidate
2022-02-12 02:09:34,748 [d59a6f42-ecf0-4abb-8fb6-b83dde6d65c9@group-8B8F8AFAC82E-FollowerState] INFO  server.RaftServerConfigKeys (ConfUtils.java:logGet(44)) - raft.server.leaderelection.pre-vote = false (custom)
2022-02-12 02:09:34,748 [d59a6f42-ecf0-4abb-8fb6-b83dde6d65c9@group-8B8F8AFAC82E-FollowerState] INFO  impl.RoleInfo (RoleInfo.java:updateAndGet(130)) - d59a6f42-ecf0-4abb-8fb6-b83dde6d65c9: start d59a6f42-ecf0-4abb-8fb6-b83dde6d65c9@group-8B8F8AFAC82E-LeaderElection54
2022-02-12 02:09:34,776 [d59a6f42-ecf0-4abb-8fb6-b83dde6d65c9@group-8B8F8AFAC82E-LeaderElection54] INFO  impl.LeaderElection (LeaderElection.java:askForVotes(306)) - d59a6f42-ecf0-4abb-8fb6-b83dde6d65c9@group-8B8F8AFAC82E-LeaderElection54 ELECTION round 0: submit vote requests at term 7 for -1: [b937fb28-01c9-421e-a2c2-ef01dceb1c2c|rpc:10.1.0.17:40579|dataStream:|priority:1, be637081-cdfc-4d88-b41d-bd3b2e95f28a|rpc:10.1.0.17:35921|dataStream:|priority:0, d59a6f42-ecf0-4abb-8fb6-b83dde6d65c9|rpc:10.1.0.17:34059|dataStream:|priority:0], old=null
2022-02-12 02:09:34,795 [be637081-cdfc-4d88-b41d-bd3b2e95f28a@group-8B8F8AFAC82E-FollowerState] INFO  impl.FollowerState (FollowerState.java:run(134)) - be637081-cdfc-4d88-b41d-bd3b2e95f28a@group-8B8F8AFAC82E-FollowerState: change to CANDIDATE, lastRpcElapsedTime:5110730160ns, electionTimeout:5093ms
2022-02-12 02:09:34,795 [be637081-cdfc-4d88-b41d-bd3b2e95f28a@group-8B8F8AFAC82E-FollowerState] INFO  impl.RoleInfo (RoleInfo.java:shutdownFollowerState(108)) - be637081-cdfc-4d88-b41d-bd3b2e95f28a: shutdown be637081-cdfc-4d88-b41d-bd3b2e95f28a@group-8B8F8AFAC82E-FollowerState
2022-02-12 02:09:34,795 [be637081-cdfc-4d88-b41d-bd3b2e95f28a@group-8B8F8AFAC82E-FollowerState] INFO  server.RaftServer$Division (RaftServerImpl.java:setRole(290)) - be637081-cdfc-4d88-b41d-bd3b2e95f28a@group-8B8F8AFAC82E: changes role from  FOLLOWER to CANDIDATE at term 6 for changeToCandidate
2022-02-12 02:09:34,812 [be637081-cdfc-4d88-b41d-bd3b2e95f28a@group-8B8F8AFAC82E-FollowerState] INFO  server.RaftServerConfigKeys (ConfUtils.java:logGet(44)) - raft.server.leaderelection.pre-vote = false (custom)
2022-02-12 02:09:34,812 [be637081-cdfc-4d88-b41d-bd3b2e95f28a@group-8B8F8AFAC82E-FollowerState] INFO  impl.RoleInfo (RoleInfo.java:updateAndGet(130)) - be637081-cdfc-4d88-b41d-bd3b2e95f28a: start be637081-cdfc-4d88-b41d-bd3b2e95f28a@group-8B8F8AFAC82E-LeaderElection55
2022-02-12 02:09:34,812 [grpc-default-executor-3] INFO  server.RaftServer$Division (RaftServerImpl.java:requestVote(1046)) - b937fb28-01c9-421e-a2c2-ef01dceb1c2c@group-8B8F8AFAC82E: receive requestVote(ELECTION, d59a6f42-ecf0-4abb-8fb6-b83dde6d65c9, group-8B8F8AFAC82E, 7, (t:0, i:0))
2022-02-12 02:09:34,812 [grpc-default-executor-3] INFO  impl.VoteContext (VoteContext.java:log(48)) - b937fb28-01c9-421e-a2c2-ef01dceb1c2c@group-8B8F8AFAC82E-FOLLOWER: reject ELECTION from d59a6f42-ecf0-4abb-8fb6-b83dde6d65c9: our priority 1 > candidate's priority 0
2022-02-12 02:09:34,812 [grpc-default-executor-3] INFO  server.RaftServer$Division (RaftServerImpl.java:setRole(290)) - b937fb28-01c9-421e-a2c2-ef01dceb1c2c@group-8B8F8AFAC82E: changes role from  FOLLOWER to FOLLOWER at term 7 for candidate:d59a6f42-ecf0-4abb-8fb6-b83dde6d65c9
2022-02-12 02:09:34,813 [grpc-default-executor-3] INFO  impl.RoleInfo (RoleInfo.java:shutdownFollowerState(108)) - b937fb28-01c9-421e-a2c2-ef01dceb1c2c: shutdown b937fb28-01c9-421e-a2c2-ef01dceb1c2c@group-8B8F8AFAC82E-FollowerState
2022-02-12 02:09:34,833 [grpc-default-executor-3] INFO  impl.RoleInfo (RoleInfo.java:updateAndGet(130)) - b937fb28-01c9-421e-a2c2-ef01dceb1c2c: start b937fb28-01c9-421e-a2c2-ef01dceb1c2c@group-8B8F8AFAC82E-FollowerState
2022-02-12 02:09:34,833 [b937fb28-01c9-421e-a2c2-ef01dceb1c2c@group-8B8F8AFAC82E-FollowerState] INFO  impl.FollowerState (FollowerState.java:run(143)) - b937fb28-01c9-421e-a2c2-ef01dceb1c2c@group-8B8F8AFAC82E-FollowerState was interrupted: {}
java.lang.InterruptedException: sleep interrupted
	at java.lang.Thread.sleep(Native Method)
	at java.lang.Thread.sleep(Thread.java:340)
	at java.util.concurrent.TimeUnit.sleep(TimeUnit.java:386)
	at org.apache.ratis.util.TimeDuration.sleep(TimeDuration.java:324)
	at org.apache.ratis.util.TimeDuration.sleep(TimeDuration.java:309)
	at org.apache.ratis.server.impl.FollowerState.run(FollowerState.java:118)
2022-02-12 02:09:34,837 [grpc-default-executor-3] INFO  server.RaftServer$Division (RaftServerImpl.java:requestVote(1078)) - b937fb28-01c9-421e-a2c2-ef01dceb1c2c@group-8B8F8AFAC82E replies to ELECTION vote request: d59a6f42-ecf0-4abb-8fb6-b83dde6d65c9<-b937fb28-01c9-421e-a2c2-ef01dceb1c2c#0:FAIL-t7. Peer's state: b937fb28-01c9-421e-a2c2-ef01dceb1c2c@group-8B8F8AFAC82E:t7, leader=null, voted=null, raftlog=b937fb28-01c9-421e-a2c2-ef01dceb1c2c@group-8B8F8AFAC82E-SegmentedRaftLog:OPENED:c-1, conf=-1: [b937fb28-01c9-421e-a2c2-ef01dceb1c2c|rpc:10.1.0.17:40579|priority:1, be637081-cdfc-4d88-b41d-bd3b2e95f28a|rpc:10.1.0.17:35921|priority:0, d59a6f42-ecf0-4abb-8fb6-b83dde6d65c9|rpc:10.1.0.17:34059|priority:0], old=null
2022-02-12 02:09:34,840 [d59a6f42-ecf0-4abb-8fb6-b83dde6d65c9@group-8B8F8AFAC82E-LeaderElection54] INFO  impl.LeaderElection (LeaderElection.java:logAndReturn(89)) - d59a6f42-ecf0-4abb-8fb6-b83dde6d65c9@group-8B8F8AFAC82E-LeaderElection54: ELECTION REJECTED received 1 response(s) and 0 exception(s):
2022-02-12 02:09:34,840 [d59a6f42-ecf0-4abb-8fb6-b83dde6d65c9@group-8B8F8AFAC82E-LeaderElection54] INFO  impl.LeaderElection (LeaderElection.java:logAndReturn(93)) -   Response 0: d59a6f42-ecf0-4abb-8fb6-b83dde6d65c9<-b937fb28-01c9-421e-a2c2-ef01dceb1c2c#0:FAIL-t7
2022-02-12 02:09:34,840 [d59a6f42-ecf0-4abb-8fb6-b83dde6d65c9@group-8B8F8AFAC82E-LeaderElection54] INFO  impl.LeaderElection (LeaderElection.java:askForVotes(308)) - d59a6f42-ecf0-4abb-8fb6-b83dde6d65c9@group-8B8F8AFAC82E-LeaderElection54 ELECTION round 0: result REJECTED
2022-02-12 02:09:34,840 [d59a6f42-ecf0-4abb-8fb6-b83dde6d65c9@group-8B8F8AFAC82E-LeaderElection54] INFO  server.RaftServer$Division (RaftServerImpl.java:setRole(290)) - d59a6f42-ecf0-4abb-8fb6-b83dde6d65c9@group-8B8F8AFAC82E: changes role from CANDIDATE to FOLLOWER at term 7 for REJECTED
2022-02-12 02:09:34,840 [d59a6f42-ecf0-4abb-8fb6-b83dde6d65c9@group-8B8F8AFAC82E-LeaderElection54] INFO  impl.RoleInfo (RoleInfo.java:shutdownLeaderElection(121)) - d59a6f42-ecf0-4abb-8fb6-b83dde6d65c9: shutdown d59a6f42-ecf0-4abb-8fb6-b83dde6d65c9@group-8B8F8AFAC82E-LeaderElection54
2022-02-12 02:09:34,840 [d59a6f42-ecf0-4abb-8fb6-b83dde6d65c9@group-8B8F8AFAC82E-LeaderElection54] INFO  impl.RoleInfo (RoleInfo.java:updateAndGet(130)) - d59a6f42-ecf0-4abb-8fb6-b83dde6d65c9: start d59a6f42-ecf0-4abb-8fb6-b83dde6d65c9@group-8B8F8AFAC82E-FollowerState
2022-02-12 02:09:34,853 [be637081-cdfc-4d88-b41d-bd3b2e95f28a@group-8B8F8AFAC82E-LeaderElection55] INFO  impl.LeaderElection (LeaderElection.java:askForVotes(306)) - be637081-cdfc-4d88-b41d-bd3b2e95f28a@group-8B8F8AFAC82E-LeaderElection55 ELECTION round 0: submit vote requests at term 7 for -1: [b937fb28-01c9-421e-a2c2-ef01dceb1c2c|rpc:10.1.0.17:40579|dataStream:|priority:1, be637081-cdfc-4d88-b41d-bd3b2e95f28a|rpc:10.1.0.17:35921|dataStream:|priority:0, d59a6f42-ecf0-4abb-8fb6-b83dde6d65c9|rpc:10.1.0.17:34059|dataStream:|priority:0], old=null
2022-02-12 02:09:34,869 [grpc-default-executor-0] INFO  server.RaftServer$Division (RaftServerImpl.java:requestVote(1046)) - be637081-cdfc-4d88-b41d-bd3b2e95f28a@group-8B8F8AFAC82E: receive requestVote(ELECTION, d59a6f42-ecf0-4abb-8fb6-b83dde6d65c9, group-8B8F8AFAC82E, 7, (t:0, i:0))
2022-02-12 02:09:34,869 [grpc-default-executor-0] INFO  impl.VoteContext (VoteContext.java:log(48)) - be637081-cdfc-4d88-b41d-bd3b2e95f28a@group-8B8F8AFAC82E-CANDIDATE: reject ELECTION from d59a6f42-ecf0-4abb-8fb6-b83dde6d65c9: already has voted for be637081-cdfc-4d88-b41d-bd3b2e95f28a at current term 7
2022-02-12 02:09:34,869 [grpc-default-executor-0] INFO  server.RaftServer$Division (RaftServerImpl.java:requestVote(1078)) - be637081-cdfc-4d88-b41d-bd3b2e95f28a@group-8B8F8AFAC82E replies to ELECTION vote request: d59a6f42-ecf0-4abb-8fb6-b83dde6d65c9<-be637081-cdfc-4d88-b41d-bd3b2e95f28a#0:FAIL-t7. Peer's state: be637081-cdfc-4d88-b41d-bd3b2e95f28a@group-8B8F8AFAC82E:t7, leader=null, voted=be637081-cdfc-4d88-b41d-bd3b2e95f28a, raftlog=be637081-cdfc-4d88-b41d-bd3b2e95f28a@group-8B8F8AFAC82E-SegmentedRaftLog:OPENED:c-1, conf=-1: [b937fb28-01c9-421e-a2c2-ef01dceb1c2c|rpc:10.1.0.17:40579|dataStream:|priority:1, be637081-cdfc-4d88-b41d-bd3b2e95f28a|rpc:10.1.0.17:35921|dataStream:|priority:0, d59a6f42-ecf0-4abb-8fb6-b83dde6d65c9|rpc:10.1.0.17:34059|dataStream:|priority:0], old=null
2022-02-12 02:09:34,870 [grpc-default-executor-3] INFO  server.RaftServer$Division (RaftServerImpl.java:requestVote(1046)) - b937fb28-01c9-421e-a2c2-ef01dceb1c2c@group-8B8F8AFAC82E: receive requestVote(ELECTION, be637081-cdfc-4d88-b41d-bd3b2e95f28a, group-8B8F8AFAC82E, 7, (t:0, i:0))
2022-02-12 02:09:34,870 [grpc-default-executor-3] INFO  impl.VoteContext (VoteContext.java:log(48)) - b937fb28-01c9-421e-a2c2-ef01dceb1c2c@group-8B8F8AFAC82E-FOLLOWER: reject ELECTION from be637081-cdfc-4d88-b41d-bd3b2e95f28a: our priority 1 > candidate's priority 0
2022-02-12 02:09:34,870 [grpc-default-executor-3] INFO  server.RaftServer$Division (RaftServerImpl.java:setRole(290)) - b937fb28-01c9-421e-a2c2-ef01dceb1c2c@group-8B8F8AFAC82E: changes role from  FOLLOWER to FOLLOWER at term 7 for candidate:be637081-cdfc-4d88-b41d-bd3b2e95f28a
2022-02-12 02:09:34,870 [grpc-default-executor-3] INFO  impl.RoleInfo (RoleInfo.java:shutdownFollowerState(108)) - b937fb28-01c9-421e-a2c2-ef01dceb1c2c: shutdown b937fb28-01c9-421e-a2c2-ef01dceb1c2c@group-8B8F8AFAC82E-FollowerState
2022-02-12 02:09:34,870 [grpc-default-executor-3] INFO  impl.RoleInfo (RoleInfo.java:updateAndGet(130)) - b937fb28-01c9-421e-a2c2-ef01dceb1c2c: start b937fb28-01c9-421e-a2c2-ef01dceb1c2c@group-8B8F8AFAC82E-FollowerState
2022-02-12 02:09:34,870 [b937fb28-01c9-421e-a2c2-ef01dceb1c2c@group-8B8F8AFAC82E-FollowerState] INFO  impl.FollowerState (FollowerState.java:run(143)) - b937fb28-01c9-421e-a2c2-ef01dceb1c2c@group-8B8F8AFAC82E-FollowerState was interrupted: {}
java.lang.InterruptedException: sleep interrupted
	at java.lang.Thread.sleep(Native Method)
	at java.lang.Thread.sleep(Thread.java:340)
	at java.util.concurrent.TimeUnit.sleep(TimeUnit.java:386)
	at org.apache.ratis.util.TimeDuration.sleep(TimeDuration.java:324)
	at org.apache.ratis.util.TimeDuration.sleep(TimeDuration.java:309)
	at org.apache.ratis.server.impl.FollowerState.run(FollowerState.java:118)
2022-02-12 02:09:34,872 [grpc-default-executor-3] INFO  server.RaftServer$Division (RaftServerImpl.java:requestVote(1078)) - b937fb28-01c9-421e-a2c2-ef01dceb1c2c@group-8B8F8AFAC82E replies to ELECTION vote request: be637081-cdfc-4d88-b41d-bd3b2e95f28a<-b937fb28-01c9-421e-a2c2-ef01dceb1c2c#0:FAIL-t7. Peer's state: b937fb28-01c9-421e-a2c2-ef01dceb1c2c@group-8B8F8AFAC82E:t7, leader=null, voted=null, raftlog=b937fb28-01c9-421e-a2c2-ef01dceb1c2c@group-8B8F8AFAC82E-SegmentedRaftLog:OPENED:c-1, conf=-1: [b937fb28-01c9-421e-a2c2-ef01dceb1c2c|rpc:10.1.0.17:40579|priority:1, be637081-cdfc-4d88-b41d-bd3b2e95f28a|rpc:10.1.0.17:35921|priority:0, d59a6f42-ecf0-4abb-8fb6-b83dde6d65c9|rpc:10.1.0.17:34059|priority:0], old=null
2022-02-12 02:09:34,876 [be637081-cdfc-4d88-b41d-bd3b2e95f28a@group-8B8F8AFAC82E-LeaderElection55] INFO  impl.LeaderElection (LeaderElection.java:logAndReturn(89)) - be637081-cdfc-4d88-b41d-bd3b2e95f28a@group-8B8F8AFAC82E-LeaderElection55: ELECTION REJECTED received 1 response(s) and 0 exception(s):
2022-02-12 02:09:34,876 [be637081-cdfc-4d88-b41d-bd3b2e95f28a@group-8B8F8AFAC82E-LeaderElection55] INFO  impl.LeaderElection (LeaderElection.java:logAndReturn(93)) -   Response 0: be637081-cdfc-4d88-b41d-bd3b2e95f28a<-b937fb28-01c9-421e-a2c2-ef01dceb1c2c#0:FAIL-t7
2022-02-12 02:09:34,876 [be637081-cdfc-4d88-b41d-bd3b2e95f28a@group-8B8F8AFAC82E-LeaderElection55] INFO  impl.LeaderElection (LeaderElection.java:askForVotes(308)) - be637081-cdfc-4d88-b41d-bd3b2e95f28a@group-8B8F8AFAC82E-LeaderElection55 ELECTION round 0: result REJECTED
2022-02-12 02:09:34,876 [be637081-cdfc-4d88-b41d-bd3b2e95f28a@group-8B8F8AFAC82E-LeaderElection55] INFO  server.RaftServer$Division (RaftServerImpl.java:setRole(290)) - be637081-cdfc-4d88-b41d-bd3b2e95f28a@group-8B8F8AFAC82E: changes role from CANDIDATE to FOLLOWER at term 7 for REJECTED
2022-02-12 02:09:34,877 [be637081-cdfc-4d88-b41d-bd3b2e95f28a@group-8B8F8AFAC82E-LeaderElection55] INFO  impl.RoleInfo (RoleInfo.java:shutdownLeaderElection(121)) - be637081-cdfc-4d88-b41d-bd3b2e95f28a: shutdown be637081-cdfc-4d88-b41d-bd3b2e95f28a@group-8B8F8AFAC82E-LeaderElection55
2022-02-12 02:09:34,877 [be637081-cdfc-4d88-b41d-bd3b2e95f28a@group-8B8F8AFAC82E-LeaderElection55] INFO  impl.RoleInfo (RoleInfo.java:updateAndGet(130)) - be637081-cdfc-4d88-b41d-bd3b2e95f28a: start be637081-cdfc-4d88-b41d-bd3b2e95f28a@group-8B8F8AFAC82E-FollowerState
2022-02-12 02:09:34,887 [grpc-default-executor-0] INFO  server.RaftServer$Division (RaftServerImpl.java:requestVote(1046)) - d59a6f42-ecf0-4abb-8fb6-b83dde6d65c9@group-8B8F8AFAC82E: receive requestVote(ELECTION, be637081-cdfc-4d88-b41d-bd3b2e95f28a, group-8B8F8AFAC82E, 7, (t:0, i:0))
2022-02-12 02:09:34,887 [grpc-default-executor-0] INFO  impl.VoteContext (VoteContext.java:log(48)) - d59a6f42-ecf0-4abb-8fb6-b83dde6d65c9@group-8B8F8AFAC82E-FOLLOWER: reject ELECTION from be637081-cdfc-4d88-b41d-bd3b2e95f28a: already has voted for d59a6f42-ecf0-4abb-8fb6-b83dde6d65c9 at current term 7
2022-02-12 02:09:34,887 [grpc-default-executor-0] INFO  server.RaftServer$Division (RaftServerImpl.java:requestVote(1078)) - d59a6f42-ecf0-4abb-8fb6-b83dde6d65c9@group-8B8F8AFAC82E replies to ELECTION vote request: be637081-cdfc-4d88-b41d-bd3b2e95f28a<-d59a6f42-ecf0-4abb-8fb6-b83dde6d65c9#0:FAIL-t7. Peer's state: d59a6f42-ecf0-4abb-8fb6-b83dde6d65c9@group-8B8F8AFAC82E:t7, leader=null, voted=d59a6f42-ecf0-4abb-8fb6-b83dde6d65c9, raftlog=d59a6f42-ecf0-4abb-8fb6-b83dde6d65c9@group-8B8F8AFAC82E-SegmentedRaftLog:OPENED:c-1, conf=-1: [b937fb28-01c9-421e-a2c2-ef01dceb1c2c|rpc:10.1.0.17:40579|dataStream:|priority:1, be637081-cdfc-4d88-b41d-bd3b2e95f28a|rpc:10.1.0.17:35921|dataStream:|priority:0, d59a6f42-ecf0-4abb-8fb6-b83dde6d65c9|rpc:10.1.0.17:34059|dataStream:|priority:0], old=null
2022-02-12 02:09:35,883 [ForkJoinPool.commonPool-worker-1] INFO  ozoneimpl.OzoneContainer (OzoneContainer.java:stop(336)) - Attempting to stop container services.
2022-02-12 02:09:35,886 [ForkJoinPool.commonPool-worker-1] INFO  server.RaftServer (RaftServerProxy.java:lambda$close$6(391)) - b937fb28-01c9-421e-a2c2-ef01dceb1c2c: close
2022-02-12 02:09:35,886 [ForkJoinPool.commonPool-worker-1] INFO  server.RaftServer$Division (RaftServerImpl.java:lambda$close$4(412)) - b937fb28-01c9-421e-a2c2-ef01dceb1c2c@group-85F464451026: shutdown
2022-02-12 02:09:35,886 [ForkJoinPool.commonPool-worker-1] INFO  util.JmxRegister (JmxRegister.java:unregister(73)) - Successfully un-registered JMX Bean with object name Ratis:service=RaftServer,group=group-85F464451026,id=b937fb28-01c9-421e-a2c2-ef01dceb1c2c
2022-02-12 02:09:35,886 [ForkJoinPool.commonPool-worker-1] INFO  impl.RoleInfo (RoleInfo.java:shutdownFollowerState(108)) - b937fb28-01c9-421e-a2c2-ef01dceb1c2c: shutdown b937fb28-01c9-421e-a2c2-ef01dceb1c2c@group-85F464451026-FollowerState
2022-02-12 02:09:35,886 [ForkJoinPool.commonPool-worker-1] INFO  impl.StateMachineUpdater (StateMachineUpdater.java:stopAndJoin(149)) - b937fb28-01c9-421e-a2c2-ef01dceb1c2c@group-85F464451026-StateMachineUpdater: set stopIndex = 26
2022-02-12 02:09:35,886 [b937fb28-01c9-421e-a2c2-ef01dceb1c2c@group-85F464451026-FollowerState] INFO  impl.FollowerState (FollowerState.java:run(143)) - b937fb28-01c9-421e-a2c2-ef01dceb1c2c@group-85F464451026-FollowerState was interrupted: {}
java.lang.InterruptedException: sleep interrupted
	at java.lang.Thread.sleep(Native Method)
	at java.lang.Thread.sleep(Thread.java:340)
	at java.util.concurrent.TimeUnit.sleep(TimeUnit.java:386)
	at org.apache.ratis.util.TimeDuration.sleep(TimeDuration.java:324)
	at org.apache.ratis.util.TimeDuration.sleep(TimeDuration.java:309)
	at org.apache.ratis.server.impl.FollowerState.run(FollowerState.java:118)
2022-02-12 02:09:35,887 [b937fb28-01c9-421e-a2c2-ef01dceb1c2c@group-85F464451026-StateMachineUpdater] INFO  ratis.ContainerStateMachine (ContainerStateMachine.java:takeSnapshot(299)) - group-85F464451026: Taking a snapshot at:(t:3, i:26) file /home/runner/work/ozone/ozone/hadoop-ozone/integration-test/target/test-dir/MiniOzoneClusterImpl-03ef79e6-d6c6-40ba-8af9-d36bcf9e7ad5/datanode-0/data/ratis/537c0b32-cf1e-4450-a335-85f464451026/sm/snapshot.3_26
2022-02-12 02:09:35,889 [b937fb28-01c9-421e-a2c2-ef01dceb1c2c@group-85F464451026-StateMachineUpdater] INFO  ratis.ContainerStateMachine (ContainerStateMachine.java:takeSnapshot(310)) - group-85F464451026: Finished taking a snapshot at:(t:3, i:26) file:/home/runner/work/ozone/ozone/hadoop-ozone/integration-test/target/test-dir/MiniOzoneClusterImpl-03ef79e6-d6c6-40ba-8af9-d36bcf9e7ad5/datanode-0/data/ratis/537c0b32-cf1e-4450-a335-85f464451026/sm/snapshot.3_26 took: 2 ms
2022-02-12 02:09:35,889 [b937fb28-01c9-421e-a2c2-ef01dceb1c2c@group-85F464451026-StateMachineUpdater] INFO  impl.StateMachineUpdater (StateMachineUpdater.java:takeSnapshot(281)) - b937fb28-01c9-421e-a2c2-ef01dceb1c2c@group-85F464451026-StateMachineUpdater: Took a snapshot at index 26
2022-02-12 02:09:35,889 [b937fb28-01c9-421e-a2c2-ef01dceb1c2c@group-85F464451026-StateMachineUpdater] INFO  impl.StateMachineUpdater (StateMachineUpdater.java:lambda$new$0(89)) - b937fb28-01c9-421e-a2c2-ef01dceb1c2c@group-85F464451026-StateMachineUpdater: snapshotIndex: updateIncreasingly -1 -> 26
2022-02-12 02:09:35,890 [ForkJoinPool.commonPool-worker-1] INFO  server.RaftServer$Division (ServerState.java:close(419)) - b937fb28-01c9-421e-a2c2-ef01dceb1c2c@group-85F464451026: closes. applyIndex: 26
2022-02-12 02:09:35,890 [b937fb28-01c9-421e-a2c2-ef01dceb1c2c@group-85F464451026-SegmentedRaftLogWorker] INFO  segmented.SegmentedRaftLogWorker (SegmentedRaftLogWorker.java:run(327)) - b937fb28-01c9-421e-a2c2-ef01dceb1c2c@group-85F464451026-SegmentedRaftLogWorker was interrupted, exiting. There are 0 tasks remaining in the queue.
2022-02-12 02:09:35,891 [ForkJoinPool.commonPool-worker-1] INFO  segmented.SegmentedRaftLogWorker (SegmentedRaftLogWorker.java:close(237)) - b937fb28-01c9-421e-a2c2-ef01dceb1c2c@group-85F464451026-SegmentedRaftLogWorker close()
2022-02-12 02:09:35,892 [ForkJoinPool.commonPool-worker-1] INFO  server.RaftServer$Division (RaftServerImpl.java:lambda$close$4(412)) - b937fb28-01c9-421e-a2c2-ef01dceb1c2c@group-95647C70B206: shutdown
2022-02-12 02:09:35,892 [ForkJoinPool.commonPool-worker-1] INFO  util.JmxRegister (JmxRegister.java:unregister(73)) - Successfully un-registered JMX Bean with object name Ratis:service=RaftServer,group=group-95647C70B206,id=b937fb28-01c9-421e-a2c2-ef01dceb1c2c
2022-02-12 02:09:35,892 [ForkJoinPool.commonPool-worker-1] INFO  impl.RoleInfo (RoleInfo.java:shutdownLeaderState(91)) - b937fb28-01c9-421e-a2c2-ef01dceb1c2c: shutdown b937fb28-01c9-421e-a2c2-ef01dceb1c2c@group-95647C70B206-LeaderStateImpl
2022-02-12 02:09:35,892 [ForkJoinPool.commonPool-worker-1] INFO  impl.PendingRequests (PendingRequests.java:sendNotLeaderResponses(282)) - b937fb28-01c9-421e-a2c2-ef01dceb1c2c@group-95647C70B206-PendingRequests: sendNotLeaderResponses
2022-02-12 02:09:35,898 [b937fb28-01c9-421e-a2c2-ef01dceb1c2c@group-95647C70B206-StateMachineUpdater] INFO  ratis.ContainerStateMachine (ContainerStateMachine.java:takeSnapshot(299)) - group-95647C70B206: Taking a snapshot at:(t:1, i:0) file /home/runner/work/ozone/ozone/hadoop-ozone/integration-test/target/test-dir/MiniOzoneClusterImpl-03ef79e6-d6c6-40ba-8af9-d36bcf9e7ad5/datanode-0/data/ratis/30e443b0-6ebe-43d7-9965-95647c70b206/sm/snapshot.1_0
2022-02-12 02:09:35,898 [ForkJoinPool.commonPool-worker-1] INFO  impl.StateMachineUpdater (StateMachineUpdater.java:stopAndJoin(149)) - b937fb28-01c9-421e-a2c2-ef01dceb1c2c@group-95647C70B206-StateMachineUpdater: set stopIndex = 0
2022-02-12 02:09:35,898 [b937fb28-01c9-421e-a2c2-ef01dceb1c2c@group-95647C70B206-StateMachineUpdater] INFO  ratis.ContainerStateMachine (ContainerStateMachine.java:takeSnapshot(310)) - group-95647C70B206: Finished taking a snapshot at:(t:1, i:0) file:/home/runner/work/ozone/ozone/hadoop-ozone/integration-test/target/test-dir/MiniOzoneClusterImpl-03ef79e6-d6c6-40ba-8af9-d36bcf9e7ad5/datanode-0/data/ratis/30e443b0-6ebe-43d7-9965-95647c70b206/sm/snapshot.1_0 took: 1 ms
2022-02-12 02:09:35,898 [b937fb28-01c9-421e-a2c2-ef01dceb1c2c@group-95647C70B206-StateMachineUpdater] INFO  impl.StateMachineUpdater (StateMachineUpdater.java:takeSnapshot(281)) - b937fb28-01c9-421e-a2c2-ef01dceb1c2c@group-95647C70B206-StateMachineUpdater: Took a snapshot at index 0
2022-02-12 02:09:35,898 [b937fb28-01c9-421e-a2c2-ef01dceb1c2c@group-95647C70B206-StateMachineUpdater] INFO  impl.StateMachineUpdater (StateMachineUpdater.java:lambda$new$0(89)) - b937fb28-01c9-421e-a2c2-ef01dceb1c2c@group-95647C70B206-StateMachineUpdater: snapshotIndex: updateIncreasingly -1 -> 0
2022-02-12 02:09:35,899 [ForkJoinPool.commonPool-worker-1] INFO  server.RaftServer$Division (ServerState.java:close(419)) - b937fb28-01c9-421e-a2c2-ef01dceb1c2c@group-95647C70B206: closes. applyIndex: 0
2022-02-12 02:09:35,899 [b937fb28-01c9-421e-a2c2-ef01dceb1c2c@group-95647C70B206-SegmentedRaftLogWorker] INFO  segmented.SegmentedRaftLogWorker (SegmentedRaftLogWorker.java:run(327)) - b937fb28-01c9-421e-a2c2-ef01dceb1c2c@group-95647C70B206-SegmentedRaftLogWorker was interrupted, exiting. There are 0 tasks remaining in the queue.
2022-02-12 02:09:35,900 [ForkJoinPool.commonPool-worker-1] INFO  segmented.SegmentedRaftLogWorker (SegmentedRaftLogWorker.java:close(237)) - b937fb28-01c9-421e-a2c2-ef01dceb1c2c@group-95647C70B206-SegmentedRaftLogWorker close()
2022-02-12 02:09:35,900 [ForkJoinPool.commonPool-worker-1] INFO  server.RaftServer$Division (RaftServerImpl.java:lambda$close$4(412)) - b937fb28-01c9-421e-a2c2-ef01dceb1c2c@group-8B8F8AFAC82E: shutdown
2022-02-12 02:09:35,901 [ForkJoinPool.commonPool-worker-1] INFO  util.JmxRegister (JmxRegister.java:unregister(73)) - Successfully un-registered JMX Bean with object name Ratis:service=RaftServer,group=group-8B8F8AFAC82E,id=b937fb28-01c9-421e-a2c2-ef01dceb1c2c
2022-02-12 02:09:35,901 [ForkJoinPool.commonPool-worker-1] INFO  impl.RoleInfo (RoleInfo.java:shutdownFollowerState(108)) - b937fb28-01c9-421e-a2c2-ef01dceb1c2c: shutdown b937fb28-01c9-421e-a2c2-ef01dceb1c2c@group-8B8F8AFAC82E-FollowerState
2022-02-12 02:09:35,901 [ForkJoinPool.commonPool-worker-1] INFO  impl.StateMachineUpdater (StateMachineUpdater.java:stopAndJoin(149)) - b937fb28-01c9-421e-a2c2-ef01dceb1c2c@group-8B8F8AFAC82E-StateMachineUpdater: set stopIndex = -1
2022-02-12 02:09:35,901 [b937fb28-01c9-421e-a2c2-ef01dceb1c2c@group-8B8F8AFAC82E-FollowerState] INFO  impl.FollowerState (FollowerState.java:run(143)) - b937fb28-01c9-421e-a2c2-ef01dceb1c2c@group-8B8F8AFAC82E-FollowerState was interrupted: {}
java.lang.InterruptedException: sleep interrupted
	at java.lang.Thread.sleep(Native Method)
	at java.lang.Thread.sleep(Thread.java:340)
	at java.util.concurrent.TimeUnit.sleep(TimeUnit.java:386)
	at org.apache.ratis.util.TimeDuration.sleep(TimeDuration.java:324)
	at org.apache.ratis.util.TimeDuration.sleep(TimeDuration.java:309)
	at org.apache.ratis.server.impl.FollowerState.run(FollowerState.java:118)
2022-02-12 02:09:35,903 [Listener at 127.0.0.1/44117] INFO  ozoneimpl.OzoneContainer (OzoneContainer.java:stop(336)) - Attempting to stop container services.
2022-02-12 02:09:35,903 [Listener at 127.0.0.1/44117] INFO  server.RaftServer (RaftServerProxy.java:lambda$close$6(391)) - d59a6f42-ecf0-4abb-8fb6-b83dde6d65c9: close
2022-02-12 02:09:35,903 [Listener at 127.0.0.1/44117] INFO  server.RaftServer$Division (RaftServerImpl.java:lambda$close$4(412)) - d59a6f42-ecf0-4abb-8fb6-b83dde6d65c9@group-85F464451026: shutdown
2022-02-12 02:09:35,903 [Listener at 127.0.0.1/44117] INFO  util.JmxRegister (JmxRegister.java:unregister(73)) - Successfully un-registered JMX Bean with object name Ratis:service=RaftServer,group=group-85F464451026,id=d59a6f42-ecf0-4abb-8fb6-b83dde6d65c9
2022-02-12 02:09:35,903 [Listener at 127.0.0.1/44117] INFO  impl.RoleInfo (RoleInfo.java:shutdownLeaderState(91)) - d59a6f42-ecf0-4abb-8fb6-b83dde6d65c9: shutdown d59a6f42-ecf0-4abb-8fb6-b83dde6d65c9@group-85F464451026-LeaderStateImpl
2022-02-12 02:09:35,904 [d59a6f42-ecf0-4abb-8fb6-b83dde6d65c9@group-85F464451026->be637081-cdfc-4d88-b41d-bd3b2e95f28a-GrpcLogAppender-LogAppenderDaemon] WARN  server.GrpcLogAppender (GrpcLogAppender.java:mayWait(177)) - d59a6f42-ecf0-4abb-8fb6-b83dde6d65c9@group-85F464451026->be637081-cdfc-4d88-b41d-bd3b2e95f28a-GrpcLogAppender: Wait interrupted by java.lang.InterruptedException
2022-02-12 02:09:35,904 [Listener at 127.0.0.1/44117] INFO  impl.PendingRequests (PendingRequests.java:sendNotLeaderResponses(282)) - d59a6f42-ecf0-4abb-8fb6-b83dde6d65c9@group-85F464451026-PendingRequests: sendNotLeaderResponses
2022-02-12 02:09:35,904 [d59a6f42-ecf0-4abb-8fb6-b83dde6d65c9@group-85F464451026->b937fb28-01c9-421e-a2c2-ef01dceb1c2c-GrpcLogAppender-LogAppenderDaemon] WARN  server.GrpcLogAppender (GrpcLogAppender.java:mayWait(177)) - d59a6f42-ecf0-4abb-8fb6-b83dde6d65c9@group-85F464451026->b937fb28-01c9-421e-a2c2-ef01dceb1c2c-GrpcLogAppender: Wait interrupted by java.lang.InterruptedException
2022-02-12 02:09:35,905 [grpc-default-executor-3] INFO  server.GrpcServerProtocolService (GrpcServerProtocolService.java:onCompleted(140)) - b937fb28-01c9-421e-a2c2-ef01dceb1c2c: Completed APPEND_ENTRIES, lastRequest: d59a6f42-ecf0-4abb-8fb6-b83dde6d65c9->b937fb28-01c9-421e-a2c2-ef01dceb1c2c#331-t3,previous=(t:3, i:25),leaderCommit=24,initializing? true,entries: size=1, first=(t:3, i:26), METADATAENTRY(c:24)
2022-02-12 02:09:35,905 [grpc-default-executor-0] INFO  server.GrpcServerProtocolService (GrpcServerProtocolService.java:onCompleted(140)) - be637081-cdfc-4d88-b41d-bd3b2e95f28a: Completed APPEND_ENTRIES, lastRequest: d59a6f42-ecf0-4abb-8fb6-b83dde6d65c9->be637081-cdfc-4d88-b41d-bd3b2e95f28a#334-t3,previous=(t:3, i:25),leaderCommit=24,initializing? true,entries: size=1, first=(t:3, i:26), METADATAENTRY(c:24)
2022-02-12 02:09:35,905 [grpc-default-executor-4] INFO  server.GrpcLogAppender (GrpcLogAppender.java:onCompleted(346)) - d59a6f42-ecf0-4abb-8fb6-b83dde6d65c9@group-85F464451026->b937fb28-01c9-421e-a2c2-ef01dceb1c2c-AppendLogResponseHandler: follower responses appendEntries COMPLETED
2022-02-12 02:09:35,906 [grpc-default-executor-4] INFO  leader.FollowerInfo (FollowerInfoImpl.java:lambda$new$0(47)) - d59a6f42-ecf0-4abb-8fb6-b83dde6d65c9@group-85F464451026->b937fb28-01c9-421e-a2c2-ef01dceb1c2c: nextIndex: updateUnconditionally 27 -> 26
2022-02-12 02:09:35,906 [grpc-default-executor-2] INFO  server.GrpcLogAppender (GrpcLogAppender.java:onCompleted(346)) - d59a6f42-ecf0-4abb-8fb6-b83dde6d65c9@group-85F464451026->be637081-cdfc-4d88-b41d-bd3b2e95f28a-AppendLogResponseHandler: follower responses appendEntries COMPLETED
2022-02-12 02:09:35,906 [grpc-default-executor-2] INFO  leader.FollowerInfo (FollowerInfoImpl.java:lambda$new$0(47)) - d59a6f42-ecf0-4abb-8fb6-b83dde6d65c9@group-85F464451026->be637081-cdfc-4d88-b41d-bd3b2e95f28a: nextIndex: updateUnconditionally 27 -> 26
2022-02-12 02:09:35,912 [d59a6f42-ecf0-4abb-8fb6-b83dde6d65c9@group-85F464451026-StateMachineUpdater] INFO  ratis.ContainerStateMachine (ContainerStateMachine.java:takeSnapshot(299)) - group-85F464451026: Taking a snapshot at:(t:3, i:26) file /home/runner/work/ozone/ozone/hadoop-ozone/integration-test/target/test-dir/MiniOzoneClusterImpl-03ef79e6-d6c6-40ba-8af9-d36bcf9e7ad5/datanode-1/data/ratis/537c0b32-cf1e-4450-a335-85f464451026/sm/snapshot.3_26
2022-02-12 02:09:35,912 [Listener at 127.0.0.1/44117] INFO  impl.StateMachineUpdater (StateMachineUpdater.java:stopAndJoin(149)) - d59a6f42-ecf0-4abb-8fb6-b83dde6d65c9@group-85F464451026-StateMachineUpdater: set stopIndex = 26
2022-02-12 02:09:35,913 [d59a6f42-ecf0-4abb-8fb6-b83dde6d65c9@group-85F464451026-StateMachineUpdater] INFO  ratis.ContainerStateMachine (ContainerStateMachine.java:takeSnapshot(310)) - group-85F464451026: Finished taking a snapshot at:(t:3, i:26) file:/home/runner/work/ozone/ozone/hadoop-ozone/integration-test/target/test-dir/MiniOzoneClusterImpl-03ef79e6-d6c6-40ba-8af9-d36bcf9e7ad5/datanode-1/data/ratis/537c0b32-cf1e-4450-a335-85f464451026/sm/snapshot.3_26 took: 2 ms
2022-02-12 02:09:35,913 [d59a6f42-ecf0-4abb-8fb6-b83dde6d65c9@group-85F464451026-StateMachineUpdater] INFO  impl.StateMachineUpdater (StateMachineUpdater.java:takeSnapshot(281)) - d59a6f42-ecf0-4abb-8fb6-b83dde6d65c9@group-85F464451026-StateMachineUpdater: Took a snapshot at index 26
2022-02-12 02:09:35,913 [d59a6f42-ecf0-4abb-8fb6-b83dde6d65c9@group-85F464451026-StateMachineUpdater] INFO  impl.StateMachineUpdater (StateMachineUpdater.java:lambda$new$0(89)) - d59a6f42-ecf0-4abb-8fb6-b83dde6d65c9@group-85F464451026-StateMachineUpdater: snapshotIndex: updateIncreasingly -1 -> 26
2022-02-12 02:09:35,916 [Listener at 127.0.0.1/44117] INFO  server.RaftServer$Division (ServerState.java:close(419)) - d59a6f42-ecf0-4abb-8fb6-b83dde6d65c9@group-85F464451026: closes. applyIndex: 26
2022-02-12 02:09:35,916 [d59a6f42-ecf0-4abb-8fb6-b83dde6d65c9@group-85F464451026-SegmentedRaftLogWorker] INFO  segmented.SegmentedRaftLogWorker (SegmentedRaftLogWorker.java:run(327)) - d59a6f42-ecf0-4abb-8fb6-b83dde6d65c9@group-85F464451026-SegmentedRaftLogWorker was interrupted, exiting. There are 0 tasks remaining in the queue.
2022-02-12 02:09:35,920 [Listener at 127.0.0.1/44117] INFO  segmented.SegmentedRaftLogWorker (SegmentedRaftLogWorker.java:close(237)) - d59a6f42-ecf0-4abb-8fb6-b83dde6d65c9@group-85F464451026-SegmentedRaftLogWorker close()
2022-02-12 02:09:35,921 [ForkJoinPool.commonPool-worker-1] INFO  server.RaftServer$Division (ServerState.java:close(419)) - b937fb28-01c9-421e-a2c2-ef01dceb1c2c@group-8B8F8AFAC82E: closes. applyIndex: -1
2022-02-12 02:09:35,921 [b937fb28-01c9-421e-a2c2-ef01dceb1c2c@group-8B8F8AFAC82E-SegmentedRaftLogWorker] INFO  segmented.SegmentedRaftLogWorker (SegmentedRaftLogWorker.java:run(327)) - b937fb28-01c9-421e-a2c2-ef01dceb1c2c@group-8B8F8AFAC82E-SegmentedRaftLogWorker was interrupted, exiting. There are 0 tasks remaining in the queue.
2022-02-12 02:09:35,921 [ForkJoinPool.commonPool-worker-1] INFO  segmented.SegmentedRaftLogWorker (SegmentedRaftLogWorker.java:close(237)) - b937fb28-01c9-421e-a2c2-ef01dceb1c2c@group-8B8F8AFAC82E-SegmentedRaftLogWorker close()
2022-02-12 02:09:35,922 [Listener at 127.0.0.1/44117] INFO  server.RaftServer$Division (RaftServerImpl.java:lambda$close$4(412)) - d59a6f42-ecf0-4abb-8fb6-b83dde6d65c9@group-8B8F8AFAC82E: shutdown
2022-02-12 02:09:35,922 [Listener at 127.0.0.1/44117] INFO  util.JmxRegister (JmxRegister.java:unregister(73)) - Successfully un-registered JMX Bean with object name Ratis:service=RaftServer,group=group-8B8F8AFAC82E,id=d59a6f42-ecf0-4abb-8fb6-b83dde6d65c9
2022-02-12 02:09:35,922 [Listener at 127.0.0.1/44117] INFO  impl.RoleInfo (RoleInfo.java:shutdownFollowerState(108)) - d59a6f42-ecf0-4abb-8fb6-b83dde6d65c9: shutdown d59a6f42-ecf0-4abb-8fb6-b83dde6d65c9@group-8B8F8AFAC82E-FollowerState
2022-02-12 02:09:35,922 [Listener at 127.0.0.1/44117] INFO  impl.StateMachineUpdater (StateMachineUpdater.java:stopAndJoin(149)) - d59a6f42-ecf0-4abb-8fb6-b83dde6d65c9@group-8B8F8AFAC82E-StateMachineUpdater: set stopIndex = -1
2022-02-12 02:09:35,922 [d59a6f42-ecf0-4abb-8fb6-b83dde6d65c9@group-8B8F8AFAC82E-FollowerState] INFO  impl.FollowerState (FollowerState.java:run(143)) - d59a6f42-ecf0-4abb-8fb6-b83dde6d65c9@group-8B8F8AFAC82E-FollowerState was interrupted: {}
java.lang.InterruptedException: sleep interrupted
	at java.lang.Thread.sleep(Native Method)
	at java.lang.Thread.sleep(Thread.java:340)
	at java.util.concurrent.TimeUnit.sleep(TimeUnit.java:386)
	at org.apache.ratis.util.TimeDuration.sleep(TimeDuration.java:324)
	at org.apache.ratis.util.TimeDuration.sleep(TimeDuration.java:309)
	at org.apache.ratis.server.impl.FollowerState.run(FollowerState.java:118)
2022-02-12 02:09:35,928 [Listener at 127.0.0.1/44117] INFO  server.RaftServer$Division (ServerState.java:close(419)) - d59a6f42-ecf0-4abb-8fb6-b83dde6d65c9@group-8B8F8AFAC82E: closes. applyIndex: -1
2022-02-12 02:09:35,931 [d59a6f42-ecf0-4abb-8fb6-b83dde6d65c9@group-8B8F8AFAC82E-SegmentedRaftLogWorker] INFO  segmented.SegmentedRaftLogWorker (SegmentedRaftLogWorker.java:run(327)) - d59a6f42-ecf0-4abb-8fb6-b83dde6d65c9@group-8B8F8AFAC82E-SegmentedRaftLogWorker was interrupted, exiting. There are 0 tasks remaining in the queue.
2022-02-12 02:09:35,928 [ForkJoinPool.commonPool-worker-1] INFO  server.GrpcService (GrpcService.java:closeImpl(262)) - b937fb28-01c9-421e-a2c2-ef01dceb1c2c: shutdown server with port 40579 now
2022-02-12 02:09:35,931 [Listener at 127.0.0.1/44117] INFO  segmented.SegmentedRaftLogWorker (SegmentedRaftLogWorker.java:close(237)) - d59a6f42-ecf0-4abb-8fb6-b83dde6d65c9@group-8B8F8AFAC82E-SegmentedRaftLogWorker close()
2022-02-12 02:09:35,933 [Listener at 127.0.0.1/44117] INFO  server.RaftServer$Division (RaftServerImpl.java:lambda$close$4(412)) - d59a6f42-ecf0-4abb-8fb6-b83dde6d65c9@group-97CA26D0459A: shutdown
2022-02-12 02:09:35,933 [Listener at 127.0.0.1/44117] INFO  util.JmxRegister (JmxRegister.java:unregister(73)) - Successfully un-registered JMX Bean with object name Ratis:service=RaftServer,group=group-97CA26D0459A,id=d59a6f42-ecf0-4abb-8fb6-b83dde6d65c9
2022-02-12 02:09:35,934 [Listener at 127.0.0.1/44117] INFO  impl.RoleInfo (RoleInfo.java:shutdownLeaderState(91)) - d59a6f42-ecf0-4abb-8fb6-b83dde6d65c9: shutdown d59a6f42-ecf0-4abb-8fb6-b83dde6d65c9@group-97CA26D0459A-LeaderStateImpl
2022-02-12 02:09:35,934 [Listener at 127.0.0.1/44117] INFO  impl.PendingRequests (PendingRequests.java:sendNotLeaderResponses(282)) - d59a6f42-ecf0-4abb-8fb6-b83dde6d65c9@group-97CA26D0459A-PendingRequests: sendNotLeaderResponses
2022-02-12 02:09:35,935 [d59a6f42-ecf0-4abb-8fb6-b83dde6d65c9@group-97CA26D0459A-StateMachineUpdater] INFO  ratis.ContainerStateMachine (ContainerStateMachine.java:takeSnapshot(299)) - group-97CA26D0459A: Taking a snapshot at:(t:1, i:0) file /home/runner/work/ozone/ozone/hadoop-ozone/integration-test/target/test-dir/MiniOzoneClusterImpl-03ef79e6-d6c6-40ba-8af9-d36bcf9e7ad5/datanode-1/data/ratis/427d10ed-2088-4bbb-a528-97ca26d0459a/sm/snapshot.1_0
2022-02-12 02:09:35,935 [Listener at 127.0.0.1/44117] INFO  impl.StateMachineUpdater (StateMachineUpdater.java:stopAndJoin(149)) - d59a6f42-ecf0-4abb-8fb6-b83dde6d65c9@group-97CA26D0459A-StateMachineUpdater: set stopIndex = 0
2022-02-12 02:09:35,936 [d59a6f42-ecf0-4abb-8fb6-b83dde6d65c9@group-97CA26D0459A-StateMachineUpdater] INFO  ratis.ContainerStateMachine (ContainerStateMachine.java:takeSnapshot(310)) - group-97CA26D0459A: Finished taking a snapshot at:(t:1, i:0) file:/home/runner/work/ozone/ozone/hadoop-ozone/integration-test/target/test-dir/MiniOzoneClusterImpl-03ef79e6-d6c6-40ba-8af9-d36bcf9e7ad5/datanode-1/data/ratis/427d10ed-2088-4bbb-a528-97ca26d0459a/sm/snapshot.1_0 took: 0 ms
2022-02-12 02:09:35,936 [d59a6f42-ecf0-4abb-8fb6-b83dde6d65c9@group-97CA26D0459A-StateMachineUpdater] INFO  impl.StateMachineUpdater (StateMachineUpdater.java:takeSnapshot(281)) - d59a6f42-ecf0-4abb-8fb6-b83dde6d65c9@group-97CA26D0459A-StateMachineUpdater: Took a snapshot at index 0
2022-02-12 02:09:35,936 [d59a6f42-ecf0-4abb-8fb6-b83dde6d65c9@group-97CA26D0459A-StateMachineUpdater] INFO  impl.StateMachineUpdater (StateMachineUpdater.java:lambda$new$0(89)) - d59a6f42-ecf0-4abb-8fb6-b83dde6d65c9@group-97CA26D0459A-StateMachineUpdater: snapshotIndex: updateIncreasingly -1 -> 0
2022-02-12 02:09:35,936 [Listener at 127.0.0.1/44117] INFO  server.RaftServer$Division (ServerState.java:close(419)) - d59a6f42-ecf0-4abb-8fb6-b83dde6d65c9@group-97CA26D0459A: closes. applyIndex: 0
2022-02-12 02:09:35,937 [d59a6f42-ecf0-4abb-8fb6-b83dde6d65c9@group-97CA26D0459A-SegmentedRaftLogWorker] INFO  segmented.SegmentedRaftLogWorker (SegmentedRaftLogWorker.java:run(327)) - d59a6f42-ecf0-4abb-8fb6-b83dde6d65c9@group-97CA26D0459A-SegmentedRaftLogWorker was interrupted, exiting. There are 0 tasks remaining in the queue.
2022-02-12 02:09:35,937 [Listener at 127.0.0.1/44117] INFO  segmented.SegmentedRaftLogWorker (SegmentedRaftLogWorker.java:close(237)) - d59a6f42-ecf0-4abb-8fb6-b83dde6d65c9@group-97CA26D0459A-SegmentedRaftLogWorker close()
2022-02-12 02:09:35,946 [Listener at 127.0.0.1/44117] INFO  server.GrpcService (GrpcService.java:closeImpl(262)) - d59a6f42-ecf0-4abb-8fb6-b83dde6d65c9: shutdown server with port 34059 now
2022-02-12 02:09:35,947 [grpc-default-executor-3] WARN  client.GrpcClientProtocolService (LogUtils.java:warn(122)) - 1-UnorderedRequestStreamObserver1: onError: org.apache.ratis.thirdparty.io.grpc.StatusRuntimeException: CANCELLED: client cancelled
2022-02-12 02:09:35,980 [ForkJoinPool.commonPool-worker-1] INFO  server.GrpcService (GrpcService.java:closeImpl(271)) - b937fb28-01c9-421e-a2c2-ef01dceb1c2c: shutdown server with port 40579 successfully
2022-02-12 02:09:35,980 [org.apache.ratis.util.JvmPauseMonitor$$Lambda$421/534662976@4f0b58bd] INFO  util.JvmPauseMonitor (JvmPauseMonitor.java:run(109)) - JvmPauseMonitor-b937fb28-01c9-421e-a2c2-ef01dceb1c2c: Stopped
2022-02-12 02:09:35,997 [Listener at 127.0.0.1/44117] INFO  server.GrpcService (GrpcService.java:closeImpl(271)) - d59a6f42-ecf0-4abb-8fb6-b83dde6d65c9: shutdown server with port 34059 successfully
2022-02-12 02:09:36,002 [org.apache.ratis.util.JvmPauseMonitor$$Lambda$421/534662976@6da08b9b] INFO  util.JvmPauseMonitor (JvmPauseMonitor.java:run(109)) - JvmPauseMonitor-d59a6f42-ecf0-4abb-8fb6-b83dde6d65c9: Stopped
2022-02-12 02:09:37,998 [ForkJoinPool.commonPool-worker-1] INFO  utils.BackgroundService (BackgroundService.java:shutdown(132)) - Shutting down service BlockDeletingService
2022-02-12 02:09:38,009 [Listener at 127.0.0.1/44117] INFO  utils.BackgroundService (BackgroundService.java:shutdown(132)) - Shutting down service BlockDeletingService
2022-02-12 02:09:40,051 [be637081-cdfc-4d88-b41d-bd3b2e95f28a@group-8B8F8AFAC82E-FollowerState] INFO  impl.FollowerState (FollowerState.java:run(134)) - be637081-cdfc-4d88-b41d-bd3b2e95f28a@group-8B8F8AFAC82E-FollowerState: change to CANDIDATE, lastRpcElapsedTime:5174225411ns, electionTimeout:5171ms
2022-02-12 02:09:40,051 [be637081-cdfc-4d88-b41d-bd3b2e95f28a@group-8B8F8AFAC82E-FollowerState] INFO  impl.RoleInfo (RoleInfo.java:shutdownFollowerState(108)) - be637081-cdfc-4d88-b41d-bd3b2e95f28a: shutdown be637081-cdfc-4d88-b41d-bd3b2e95f28a@group-8B8F8AFAC82E-FollowerState
2022-02-12 02:09:40,051 [be637081-cdfc-4d88-b41d-bd3b2e95f28a@group-8B8F8AFAC82E-FollowerState] INFO  server.RaftServer$Division (RaftServerImpl.java:setRole(290)) - be637081-cdfc-4d88-b41d-bd3b2e95f28a@group-8B8F8AFAC82E: changes role from  FOLLOWER to CANDIDATE at term 7 for changeToCandidate
2022-02-12 02:09:40,051 [be637081-cdfc-4d88-b41d-bd3b2e95f28a@group-8B8F8AFAC82E-FollowerState] INFO  server.RaftServerConfigKeys (ConfUtils.java:logGet(44)) - raft.server.leaderelection.pre-vote = false (custom)
2022-02-12 02:09:40,051 [be637081-cdfc-4d88-b41d-bd3b2e95f28a@group-8B8F8AFAC82E-FollowerState] INFO  impl.RoleInfo (RoleInfo.java:updateAndGet(130)) - be637081-cdfc-4d88-b41d-bd3b2e95f28a: start be637081-cdfc-4d88-b41d-bd3b2e95f28a@group-8B8F8AFAC82E-LeaderElection56
2022-02-12 02:09:40,074 [be637081-cdfc-4d88-b41d-bd3b2e95f28a@group-8B8F8AFAC82E-LeaderElection56] INFO  impl.LeaderElection (LeaderElection.java:askForVotes(306)) - be637081-cdfc-4d88-b41d-bd3b2e95f28a@group-8B8F8AFAC82E-LeaderElection56 ELECTION round 0: submit vote requests at term 8 for -1: [b937fb28-01c9-421e-a2c2-ef01dceb1c2c|rpc:10.1.0.17:40579|dataStream:|priority:1, be637081-cdfc-4d88-b41d-bd3b2e95f28a|rpc:10.1.0.17:35921|dataStream:|priority:0, d59a6f42-ecf0-4abb-8fb6-b83dde6d65c9|rpc:10.1.0.17:34059|dataStream:|priority:0], old=null
2022-02-12 02:09:40,088 [be637081-cdfc-4d88-b41d-bd3b2e95f28a@group-8B8F8AFAC82E-LeaderElection56] INFO  impl.LeaderElection (LogUtils.java:infoOrTrace(137)) - be637081-cdfc-4d88-b41d-bd3b2e95f28a@group-8B8F8AFAC82E-LeaderElection56 got exception when requesting votes: java.util.concurrent.ExecutionException: org.apache.ratis.thirdparty.io.grpc.StatusRuntimeException: UNAVAILABLE: io exception
2022-02-12 02:09:40,113 [be637081-cdfc-4d88-b41d-bd3b2e95f28a@group-8B8F8AFAC82E-LeaderElection56] INFO  impl.LeaderElection (LogUtils.java:infoOrTrace(137)) - be637081-cdfc-4d88-b41d-bd3b2e95f28a@group-8B8F8AFAC82E-LeaderElection56 got exception when requesting votes: java.util.concurrent.ExecutionException: org.apache.ratis.thirdparty.io.grpc.StatusRuntimeException: UNAVAILABLE: io exception
2022-02-12 02:09:40,113 [be637081-cdfc-4d88-b41d-bd3b2e95f28a@group-8B8F8AFAC82E-LeaderElection56] INFO  impl.LeaderElection (LeaderElection.java:logAndReturn(89)) - be637081-cdfc-4d88-b41d-bd3b2e95f28a@group-8B8F8AFAC82E-LeaderElection56: ELECTION REJECTED received 0 response(s) and 2 exception(s):
2022-02-12 02:09:40,113 [be637081-cdfc-4d88-b41d-bd3b2e95f28a@group-8B8F8AFAC82E-LeaderElection56] INFO  impl.LeaderElection (LogUtils.java:infoOrTrace(137)) -   Exception 0: java.util.concurrent.ExecutionException: org.apache.ratis.thirdparty.io.grpc.StatusRuntimeException: UNAVAILABLE: io exception
2022-02-12 02:09:40,113 [be637081-cdfc-4d88-b41d-bd3b2e95f28a@group-8B8F8AFAC82E-LeaderElection56] INFO  impl.LeaderElection (LogUtils.java:infoOrTrace(137)) -   Exception 1: java.util.concurrent.ExecutionException: org.apache.ratis.thirdparty.io.grpc.StatusRuntimeException: UNAVAILABLE: io exception
2022-02-12 02:09:40,113 [be637081-cdfc-4d88-b41d-bd3b2e95f28a@group-8B8F8AFAC82E-LeaderElection56] INFO  impl.LeaderElection (LeaderElection.java:askForVotes(308)) - be637081-cdfc-4d88-b41d-bd3b2e95f28a@group-8B8F8AFAC82E-LeaderElection56 ELECTION round 0: result REJECTED
2022-02-12 02:09:40,113 [be637081-cdfc-4d88-b41d-bd3b2e95f28a@group-8B8F8AFAC82E-LeaderElection56] INFO  server.RaftServer$Division (RaftServerImpl.java:setRole(290)) - be637081-cdfc-4d88-b41d-bd3b2e95f28a@group-8B8F8AFAC82E: changes role from CANDIDATE to FOLLOWER at term 8 for REJECTED
2022-02-12 02:09:40,113 [be637081-cdfc-4d88-b41d-bd3b2e95f28a@group-8B8F8AFAC82E-LeaderElection56] INFO  impl.RoleInfo (RoleInfo.java:shutdownLeaderElection(121)) - be637081-cdfc-4d88-b41d-bd3b2e95f28a: shutdown be637081-cdfc-4d88-b41d-bd3b2e95f28a@group-8B8F8AFAC82E-LeaderElection56
2022-02-12 02:09:40,113 [be637081-cdfc-4d88-b41d-bd3b2e95f28a@group-8B8F8AFAC82E-LeaderElection56] INFO  impl.RoleInfo (RoleInfo.java:updateAndGet(130)) - be637081-cdfc-4d88-b41d-bd3b2e95f28a: start be637081-cdfc-4d88-b41d-bd3b2e95f28a@group-8B8F8AFAC82E-FollowerState
2022-02-12 02:09:41,036 [ForkJoinPool.commonPool-worker-1] INFO  statemachine.DatanodeStateMachine (DatanodeStateMachine.java:stopDaemon(529)) - Ozone container server stopped.
2022-02-12 02:09:41,036 [Listener at 127.0.0.1/44117] INFO  statemachine.DatanodeStateMachine (DatanodeStateMachine.java:stopDaemon(529)) - Ozone container server stopped.
2022-02-12 02:09:41,037 [Listener at 127.0.0.1/44117] INFO  handler.ContextHandler (ContextHandler.java:doStop(1153)) - Stopped o.e.j.w.WebAppContext@26683409{hddsDatanode,/,null,STOPPED}{jar:file:/home/runner/.m2/repository/org/apache/ozone/hdds-container-service/1.3.0-SNAPSHOT/hdds-container-service-1.3.0-SNAPSHOT.jar!/webapps/hddsDatanode}
2022-02-12 02:09:41,043 [Listener at 127.0.0.1/44117] INFO  server.AbstractConnector (AbstractConnector.java:doStop(381)) - Stopped ServerConnector@5bdcac22{HTTP/1.1, (http/1.1)}{0.0.0.0:0}
2022-02-12 02:09:41,043 [Listener at 127.0.0.1/44117] INFO  server.session (HouseKeeper.java:stopScavenging(149)) - node0 Stopped scavenging
2022-02-12 02:09:41,044 [Listener at 127.0.0.1/44117] INFO  handler.ContextHandler (ContextHandler.java:doStop(1153)) - Stopped o.e.j.s.ServletContextHandler@2b1ad287{static,/static,jar:file:/home/runner/.m2/repository/org/apache/ozone/hdds-container-service/1.3.0-SNAPSHOT/hdds-container-service-1.3.0-SNAPSHOT.jar!/webapps/static,STOPPED}
2022-02-12 02:09:41,044 [Listener at 127.0.0.1/44117] INFO  handler.ContextHandler (ContextHandler.java:doStop(1153)) - Stopped o.e.j.s.ServletContextHandler@3923468a{logs,/logs,file:///home/runner/work/ozone/ozone/hadoop-ozone/integration-test/target/log,STOPPED}
2022-02-12 02:09:41,054 [ForkJoinPool.commonPool-worker-1] INFO  handler.ContextHandler (ContextHandler.java:doStop(1153)) - Stopped o.e.j.w.WebAppContext@466ae771{hddsDatanode,/,null,STOPPED}{jar:file:/home/runner/.m2/repository/org/apache/ozone/hdds-container-service/1.3.0-SNAPSHOT/hdds-container-service-1.3.0-SNAPSHOT.jar!/webapps/hddsDatanode}
2022-02-12 02:09:41,067 [ForkJoinPool.commonPool-worker-1] INFO  server.AbstractConnector (AbstractConnector.java:doStop(381)) - Stopped ServerConnector@e1bfdc3{HTTP/1.1, (http/1.1)}{0.0.0.0:0}
2022-02-12 02:09:41,067 [ForkJoinPool.commonPool-worker-1] INFO  server.session (HouseKeeper.java:stopScavenging(149)) - node0 Stopped scavenging
2022-02-12 02:09:41,068 [ForkJoinPool.commonPool-worker-1] INFO  handler.ContextHandler (ContextHandler.java:doStop(1153)) - Stopped o.e.j.s.ServletContextHandler@2acee481{static,/static,jar:file:/home/runner/.m2/repository/org/apache/ozone/hdds-container-service/1.3.0-SNAPSHOT/hdds-container-service-1.3.0-SNAPSHOT.jar!/webapps/static,STOPPED}
2022-02-12 02:09:41,069 [ForkJoinPool.commonPool-worker-1] INFO  handler.ContextHandler (ContextHandler.java:doStop(1153)) - Stopped o.e.j.s.ServletContextHandler@68861a31{logs,/logs,file:///home/runner/work/ozone/ozone/hadoop-ozone/integration-test/target/log,STOPPED}
2022-02-12 02:09:44,396 [be637081-cdfc-4d88-b41d-bd3b2e95f28a@group-85F464451026-FollowerState] INFO  impl.FollowerState (FollowerState.java:run(134)) - be637081-cdfc-4d88-b41d-bd3b2e95f28a@group-85F464451026-FollowerState: change to CANDIDATE, lastRpcElapsedTime:9090675342ns, electionTimeout:5150ms
2022-02-12 02:09:44,396 [be637081-cdfc-4d88-b41d-bd3b2e95f28a@group-85F464451026-FollowerState] INFO  impl.RoleInfo (RoleInfo.java:shutdownFollowerState(108)) - be637081-cdfc-4d88-b41d-bd3b2e95f28a: shutdown be637081-cdfc-4d88-b41d-bd3b2e95f28a@group-85F464451026-FollowerState
2022-02-12 02:09:44,396 [be637081-cdfc-4d88-b41d-bd3b2e95f28a@group-85F464451026-FollowerState] INFO  server.RaftServer$Division (RaftServerImpl.java:setRole(290)) - be637081-cdfc-4d88-b41d-bd3b2e95f28a@group-85F464451026: changes role from  FOLLOWER to CANDIDATE at term 3 for changeToCandidate
2022-02-12 02:09:44,396 [be637081-cdfc-4d88-b41d-bd3b2e95f28a@group-85F464451026-FollowerState] INFO  server.RaftServerConfigKeys (ConfUtils.java:logGet(44)) - raft.server.leaderelection.pre-vote = false (custom)
2022-02-12 02:09:44,396 [be637081-cdfc-4d88-b41d-bd3b2e95f28a@group-85F464451026-FollowerState] INFO  impl.RoleInfo (RoleInfo.java:updateAndGet(130)) - be637081-cdfc-4d88-b41d-bd3b2e95f28a: start be637081-cdfc-4d88-b41d-bd3b2e95f28a@group-85F464451026-LeaderElection57
2022-02-12 02:09:44,423 [be637081-cdfc-4d88-b41d-bd3b2e95f28a@group-85F464451026-LeaderElection57] INFO  server.RaftServer$Division (ServerState.java:setLeader(285)) - be637081-cdfc-4d88-b41d-bd3b2e95f28a@group-85F464451026: change Leader from d59a6f42-ecf0-4abb-8fb6-b83dde6d65c9 to null at term 3 for ELECTION
2022-02-12 02:09:44,425 [be637081-cdfc-4d88-b41d-bd3b2e95f28a@group-85F464451026-LeaderElection57] INFO  impl.LeaderElection (LeaderElection.java:askForVotes(306)) - be637081-cdfc-4d88-b41d-bd3b2e95f28a@group-85F464451026-LeaderElection57 ELECTION round 0: submit vote requests at term 4 for 0: [b937fb28-01c9-421e-a2c2-ef01dceb1c2c|rpc:10.1.0.17:40579|dataStream:|priority:0, be637081-cdfc-4d88-b41d-bd3b2e95f28a|rpc:10.1.0.17:35921|dataStream:|priority:0, d59a6f42-ecf0-4abb-8fb6-b83dde6d65c9|rpc:10.1.0.17:34059|dataStream:|priority:1], old=null
2022-02-12 02:09:44,436 [be637081-cdfc-4d88-b41d-bd3b2e95f28a@group-85F464451026-LeaderElection57] INFO  impl.LeaderElection (LogUtils.java:infoOrTrace(137)) - be637081-cdfc-4d88-b41d-bd3b2e95f28a@group-85F464451026-LeaderElection57 got exception when requesting votes: java.util.concurrent.ExecutionException: org.apache.ratis.thirdparty.io.grpc.StatusRuntimeException: UNAVAILABLE: io exception
2022-02-12 02:09:44,460 [be637081-cdfc-4d88-b41d-bd3b2e95f28a@group-85F464451026-LeaderElection57] INFO  impl.LeaderElection (LogUtils.java:infoOrTrace(137)) - be637081-cdfc-4d88-b41d-bd3b2e95f28a@group-85F464451026-LeaderElection57 got exception when requesting votes: java.util.concurrent.ExecutionException: org.apache.ratis.thirdparty.io.grpc.StatusRuntimeException: UNAVAILABLE: io exception
2022-02-12 02:09:44,460 [be637081-cdfc-4d88-b41d-bd3b2e95f28a@group-85F464451026-LeaderElection57] INFO  impl.LeaderElection (LeaderElection.java:logAndReturn(89)) - be637081-cdfc-4d88-b41d-bd3b2e95f28a@group-85F464451026-LeaderElection57: ELECTION REJECTED received 0 response(s) and 2 exception(s):
2022-02-12 02:09:44,460 [be637081-cdfc-4d88-b41d-bd3b2e95f28a@group-85F464451026-LeaderElection57] INFO  impl.LeaderElection (LogUtils.java:infoOrTrace(137)) -   Exception 0: java.util.concurrent.ExecutionException: org.apache.ratis.thirdparty.io.grpc.StatusRuntimeException: UNAVAILABLE: io exception
2022-02-12 02:09:44,460 [be637081-cdfc-4d88-b41d-bd3b2e95f28a@group-85F464451026-LeaderElection57] INFO  impl.LeaderElection (LogUtils.java:infoOrTrace(137)) -   Exception 1: java.util.concurrent.ExecutionException: org.apache.ratis.thirdparty.io.grpc.StatusRuntimeException: UNAVAILABLE: io exception
2022-02-12 02:09:44,460 [be637081-cdfc-4d88-b41d-bd3b2e95f28a@group-85F464451026-LeaderElection57] INFO  impl.LeaderElection (LeaderElection.java:askForVotes(308)) - be637081-cdfc-4d88-b41d-bd3b2e95f28a@group-85F464451026-LeaderElection57 ELECTION round 0: result REJECTED
2022-02-12 02:09:44,460 [be637081-cdfc-4d88-b41d-bd3b2e95f28a@group-85F464451026-LeaderElection57] INFO  server.RaftServer$Division (RaftServerImpl.java:setRole(290)) - be637081-cdfc-4d88-b41d-bd3b2e95f28a@group-85F464451026: changes role from CANDIDATE to FOLLOWER at term 4 for REJECTED
2022-02-12 02:09:44,460 [be637081-cdfc-4d88-b41d-bd3b2e95f28a@group-85F464451026-LeaderElection57] INFO  impl.RoleInfo (RoleInfo.java:shutdownLeaderElection(121)) - be637081-cdfc-4d88-b41d-bd3b2e95f28a: shutdown be637081-cdfc-4d88-b41d-bd3b2e95f28a@group-85F464451026-LeaderElection57
2022-02-12 02:09:44,461 [be637081-cdfc-4d88-b41d-bd3b2e95f28a@group-85F464451026-LeaderElection57] INFO  impl.RoleInfo (RoleInfo.java:updateAndGet(130)) - be637081-cdfc-4d88-b41d-bd3b2e95f28a: start be637081-cdfc-4d88-b41d-bd3b2e95f28a@group-85F464451026-FollowerState
2022-02-12 02:09:45,225 [be637081-cdfc-4d88-b41d-bd3b2e95f28a@group-8B8F8AFAC82E-FollowerState] INFO  impl.FollowerState (FollowerState.java:run(134)) - be637081-cdfc-4d88-b41d-bd3b2e95f28a@group-8B8F8AFAC82E-FollowerState: change to CANDIDATE, lastRpcElapsedTime:5111594757ns, electionTimeout:5110ms
2022-02-12 02:09:45,225 [be637081-cdfc-4d88-b41d-bd3b2e95f28a@group-8B8F8AFAC82E-FollowerState] INFO  impl.RoleInfo (RoleInfo.java:shutdownFollowerState(108)) - be637081-cdfc-4d88-b41d-bd3b2e95f28a: shutdown be637081-cdfc-4d88-b41d-bd3b2e95f28a@group-8B8F8AFAC82E-FollowerState
2022-02-12 02:09:45,225 [be637081-cdfc-4d88-b41d-bd3b2e95f28a@group-8B8F8AFAC82E-FollowerState] INFO  server.RaftServer$Division (RaftServerImpl.java:setRole(290)) - be637081-cdfc-4d88-b41d-bd3b2e95f28a@group-8B8F8AFAC82E: changes role from  FOLLOWER to CANDIDATE at term 8 for changeToCandidate
2022-02-12 02:09:45,225 [be637081-cdfc-4d88-b41d-bd3b2e95f28a@group-8B8F8AFAC82E-FollowerState] INFO  server.RaftServerConfigKeys (ConfUtils.java:logGet(44)) - raft.server.leaderelection.pre-vote = false (custom)
2022-02-12 02:09:45,225 [be637081-cdfc-4d88-b41d-bd3b2e95f28a@group-8B8F8AFAC82E-FollowerState] INFO  impl.RoleInfo (RoleInfo.java:updateAndGet(130)) - be637081-cdfc-4d88-b41d-bd3b2e95f28a: start be637081-cdfc-4d88-b41d-bd3b2e95f28a@group-8B8F8AFAC82E-LeaderElection58
2022-02-12 02:09:45,260 [be637081-cdfc-4d88-b41d-bd3b2e95f28a@group-8B8F8AFAC82E-LeaderElection58] INFO  impl.LeaderElection (LeaderElection.java:askForVotes(306)) - be637081-cdfc-4d88-b41d-bd3b2e95f28a@group-8B8F8AFAC82E-LeaderElection58 ELECTION round 0: submit vote requests at term 9 for -1: [b937fb28-01c9-421e-a2c2-ef01dceb1c2c|rpc:10.1.0.17:40579|dataStream:|priority:1, be637081-cdfc-4d88-b41d-bd3b2e95f28a|rpc:10.1.0.17:35921|dataStream:|priority:0, d59a6f42-ecf0-4abb-8fb6-b83dde6d65c9|rpc:10.1.0.17:34059|dataStream:|priority:0], old=null
2022-02-12 02:09:45,274 [be637081-cdfc-4d88-b41d-bd3b2e95f28a@group-8B8F8AFAC82E-LeaderElection58] INFO  impl.LeaderElection (LogUtils.java:infoOrTrace(137)) - be637081-cdfc-4d88-b41d-bd3b2e95f28a@group-8B8F8AFAC82E-LeaderElection58 got exception when requesting votes: java.util.concurrent.ExecutionException: org.apache.ratis.thirdparty.io.grpc.StatusRuntimeException: UNAVAILABLE: io exception
2022-02-12 02:09:45,274 [be637081-cdfc-4d88-b41d-bd3b2e95f28a@group-8B8F8AFAC82E-LeaderElection58] INFO  impl.LeaderElection (LogUtils.java:infoOrTrace(137)) - be637081-cdfc-4d88-b41d-bd3b2e95f28a@group-8B8F8AFAC82E-LeaderElection58 got exception when requesting votes: java.util.concurrent.ExecutionException: org.apache.ratis.thirdparty.io.grpc.StatusRuntimeException: UNAVAILABLE: io exception
2022-02-12 02:09:45,274 [be637081-cdfc-4d88-b41d-bd3b2e95f28a@group-8B8F8AFAC82E-LeaderElection58] INFO  impl.LeaderElection (LeaderElection.java:logAndReturn(89)) - be637081-cdfc-4d88-b41d-bd3b2e95f28a@group-8B8F8AFAC82E-LeaderElection58: ELECTION REJECTED received 0 response(s) and 2 exception(s):
2022-02-12 02:09:45,274 [be637081-cdfc-4d88-b41d-bd3b2e95f28a@group-8B8F8AFAC82E-LeaderElection58] INFO  impl.LeaderElection (LogUtils.java:infoOrTrace(137)) -   Exception 0: java.util.concurrent.ExecutionException: org.apache.ratis.thirdparty.io.grpc.StatusRuntimeException: UNAVAILABLE: io exception
2022-02-12 02:09:45,274 [be637081-cdfc-4d88-b41d-bd3b2e95f28a@group-8B8F8AFAC82E-LeaderElection58] INFO  impl.LeaderElection (LogUtils.java:infoOrTrace(137)) -   Exception 1: java.util.concurrent.ExecutionException: org.apache.ratis.thirdparty.io.grpc.StatusRuntimeException: UNAVAILABLE: io exception
2022-02-12 02:09:45,274 [be637081-cdfc-4d88-b41d-bd3b2e95f28a@group-8B8F8AFAC82E-LeaderElection58] INFO  impl.LeaderElection (LeaderElection.java:askForVotes(308)) - be637081-cdfc-4d88-b41d-bd3b2e95f28a@group-8B8F8AFAC82E-LeaderElection58 ELECTION round 0: result REJECTED
2022-02-12 02:09:45,275 [be637081-cdfc-4d88-b41d-bd3b2e95f28a@group-8B8F8AFAC82E-LeaderElection58] INFO  server.RaftServer$Division (RaftServerImpl.java:setRole(290)) - be637081-cdfc-4d88-b41d-bd3b2e95f28a@group-8B8F8AFAC82E: changes role from CANDIDATE to FOLLOWER at term 9 for REJECTED
2022-02-12 02:09:45,275 [be637081-cdfc-4d88-b41d-bd3b2e95f28a@group-8B8F8AFAC82E-LeaderElection58] INFO  impl.RoleInfo (RoleInfo.java:shutdownLeaderElection(121)) - be637081-cdfc-4d88-b41d-bd3b2e95f28a: shutdown be637081-cdfc-4d88-b41d-bd3b2e95f28a@group-8B8F8AFAC82E-LeaderElection58
2022-02-12 02:09:45,275 [be637081-cdfc-4d88-b41d-bd3b2e95f28a@group-8B8F8AFAC82E-LeaderElection58] INFO  impl.RoleInfo (RoleInfo.java:updateAndGet(130)) - be637081-cdfc-4d88-b41d-bd3b2e95f28a: start be637081-cdfc-4d88-b41d-bd3b2e95f28a@group-8B8F8AFAC82E-FollowerState
2022-02-12 02:09:46,053 [Listener at 127.0.0.1/44117] INFO  ozoneimpl.OzoneContainer (OzoneContainer.java:stop(336)) - Attempting to stop container services.
2022-02-12 02:09:46,056 [Listener at 127.0.0.1/44117] INFO  server.RaftServer (RaftServerProxy.java:lambda$close$6(391)) - be637081-cdfc-4d88-b41d-bd3b2e95f28a: close
2022-02-12 02:09:46,072 [Listener at 127.0.0.1/44117] INFO  server.RaftServer$Division (RaftServerImpl.java:lambda$close$4(412)) - be637081-cdfc-4d88-b41d-bd3b2e95f28a@group-85F464451026: shutdown
2022-02-12 02:09:46,072 [Listener at 127.0.0.1/44117] INFO  util.JmxRegister (JmxRegister.java:unregister(73)) - Successfully un-registered JMX Bean with object name Ratis:service=RaftServer,group=group-85F464451026,id=be637081-cdfc-4d88-b41d-bd3b2e95f28a
2022-02-12 02:09:46,072 [Listener at 127.0.0.1/44117] INFO  impl.RoleInfo (RoleInfo.java:shutdownFollowerState(108)) - be637081-cdfc-4d88-b41d-bd3b2e95f28a: shutdown be637081-cdfc-4d88-b41d-bd3b2e95f28a@group-85F464451026-FollowerState
2022-02-12 02:09:46,072 [Listener at 127.0.0.1/44117] INFO  impl.StateMachineUpdater (StateMachineUpdater.java:stopAndJoin(149)) - be637081-cdfc-4d88-b41d-bd3b2e95f28a@group-85F464451026-StateMachineUpdater: set stopIndex = 26
2022-02-12 02:09:46,073 [be637081-cdfc-4d88-b41d-bd3b2e95f28a@group-85F464451026-FollowerState] INFO  impl.FollowerState (FollowerState.java:run(143)) - be637081-cdfc-4d88-b41d-bd3b2e95f28a@group-85F464451026-FollowerState was interrupted: {}
java.lang.InterruptedException: sleep interrupted
	at java.lang.Thread.sleep(Native Method)
	at java.lang.Thread.sleep(Thread.java:340)
	at java.util.concurrent.TimeUnit.sleep(TimeUnit.java:386)
	at org.apache.ratis.util.TimeDuration.sleep(TimeDuration.java:324)
	at org.apache.ratis.util.TimeDuration.sleep(TimeDuration.java:309)
	at org.apache.ratis.server.impl.FollowerState.run(FollowerState.java:118)
2022-02-12 02:09:46,073 [be637081-cdfc-4d88-b41d-bd3b2e95f28a@group-85F464451026-StateMachineUpdater] INFO  ratis.ContainerStateMachine (ContainerStateMachine.java:takeSnapshot(299)) - group-85F464451026: Taking a snapshot at:(t:3, i:26) file /home/runner/work/ozone/ozone/hadoop-ozone/integration-test/target/test-dir/MiniOzoneClusterImpl-03ef79e6-d6c6-40ba-8af9-d36bcf9e7ad5/datanode-2/data/ratis/537c0b32-cf1e-4450-a335-85f464451026/sm/snapshot.3_26
2022-02-12 02:09:46,084 [be637081-cdfc-4d88-b41d-bd3b2e95f28a@group-85F464451026-StateMachineUpdater] INFO  ratis.ContainerStateMachine (ContainerStateMachine.java:takeSnapshot(310)) - group-85F464451026: Finished taking a snapshot at:(t:3, i:26) file:/home/runner/work/ozone/ozone/hadoop-ozone/integration-test/target/test-dir/MiniOzoneClusterImpl-03ef79e6-d6c6-40ba-8af9-d36bcf9e7ad5/datanode-2/data/ratis/537c0b32-cf1e-4450-a335-85f464451026/sm/snapshot.3_26 took: 11 ms
2022-02-12 02:09:46,084 [be637081-cdfc-4d88-b41d-bd3b2e95f28a@group-85F464451026-StateMachineUpdater] INFO  impl.StateMachineUpdater (StateMachineUpdater.java:takeSnapshot(281)) - be637081-cdfc-4d88-b41d-bd3b2e95f28a@group-85F464451026-StateMachineUpdater: Took a snapshot at index 26
2022-02-12 02:09:46,084 [be637081-cdfc-4d88-b41d-bd3b2e95f28a@group-85F464451026-StateMachineUpdater] INFO  impl.StateMachineUpdater (StateMachineUpdater.java:lambda$new$0(89)) - be637081-cdfc-4d88-b41d-bd3b2e95f28a@group-85F464451026-StateMachineUpdater: snapshotIndex: updateIncreasingly -1 -> 26
2022-02-12 02:09:46,085 [ForkJoinPool.commonPool-worker-0] INFO  server.RaftServer$Division (RaftServerImpl.java:lambda$close$4(412)) - be637081-cdfc-4d88-b41d-bd3b2e95f28a@group-8B8F8AFAC82E: shutdown
2022-02-12 02:09:46,085 [ForkJoinPool.commonPool-worker-0] INFO  util.JmxRegister (JmxRegister.java:unregister(73)) - Successfully un-registered JMX Bean with object name Ratis:service=RaftServer,group=group-8B8F8AFAC82E,id=be637081-cdfc-4d88-b41d-bd3b2e95f28a
2022-02-12 02:09:46,086 [ForkJoinPool.commonPool-worker-0] INFO  impl.RoleInfo (RoleInfo.java:shutdownFollowerState(108)) - be637081-cdfc-4d88-b41d-bd3b2e95f28a: shutdown be637081-cdfc-4d88-b41d-bd3b2e95f28a@group-8B8F8AFAC82E-FollowerState
2022-02-12 02:09:46,086 [Listener at 127.0.0.1/44117] INFO  server.RaftServer$Division (ServerState.java:close(419)) - be637081-cdfc-4d88-b41d-bd3b2e95f28a@group-85F464451026: closes. applyIndex: 26
2022-02-12 02:09:46,088 [be637081-cdfc-4d88-b41d-bd3b2e95f28a@group-85F464451026-SegmentedRaftLogWorker] INFO  segmented.SegmentedRaftLogWorker (SegmentedRaftLogWorker.java:run(327)) - be637081-cdfc-4d88-b41d-bd3b2e95f28a@group-85F464451026-SegmentedRaftLogWorker was interrupted, exiting. There are 0 tasks remaining in the queue.
2022-02-12 02:09:46,088 [be637081-cdfc-4d88-b41d-bd3b2e95f28a@group-8B8F8AFAC82E-FollowerState] INFO  impl.FollowerState (FollowerState.java:run(143)) - be637081-cdfc-4d88-b41d-bd3b2e95f28a@group-8B8F8AFAC82E-FollowerState was interrupted: {}
java.lang.InterruptedException: sleep interrupted
	at java.lang.Thread.sleep(Native Method)
	at java.lang.Thread.sleep(Thread.java:340)
	at java.util.concurrent.TimeUnit.sleep(TimeUnit.java:386)
	at org.apache.ratis.util.TimeDuration.sleep(TimeDuration.java:324)
	at org.apache.ratis.util.TimeDuration.sleep(TimeDuration.java:309)
	at org.apache.ratis.server.impl.FollowerState.run(FollowerState.java:118)
2022-02-12 02:09:46,089 [ForkJoinPool.commonPool-worker-0] INFO  impl.StateMachineUpdater (StateMachineUpdater.java:stopAndJoin(149)) - be637081-cdfc-4d88-b41d-bd3b2e95f28a@group-8B8F8AFAC82E-StateMachineUpdater: set stopIndex = -1
2022-02-12 02:09:46,089 [ForkJoinPool.commonPool-worker-0] INFO  server.RaftServer$Division (ServerState.java:close(419)) - be637081-cdfc-4d88-b41d-bd3b2e95f28a@group-8B8F8AFAC82E: closes. applyIndex: -1
2022-02-12 02:09:46,089 [be637081-cdfc-4d88-b41d-bd3b2e95f28a@group-8B8F8AFAC82E-SegmentedRaftLogWorker] INFO  segmented.SegmentedRaftLogWorker (SegmentedRaftLogWorker.java:run(327)) - be637081-cdfc-4d88-b41d-bd3b2e95f28a@group-8B8F8AFAC82E-SegmentedRaftLogWorker was interrupted, exiting. There are 0 tasks remaining in the queue.
2022-02-12 02:09:46,090 [ForkJoinPool.commonPool-worker-0] INFO  segmented.SegmentedRaftLogWorker (SegmentedRaftLogWorker.java:close(237)) - be637081-cdfc-4d88-b41d-bd3b2e95f28a@group-8B8F8AFAC82E-SegmentedRaftLogWorker close()
2022-02-12 02:09:46,099 [Listener at 127.0.0.1/44117] INFO  segmented.SegmentedRaftLogWorker (SegmentedRaftLogWorker.java:close(237)) - be637081-cdfc-4d88-b41d-bd3b2e95f28a@group-85F464451026-SegmentedRaftLogWorker close()
2022-02-12 02:09:46,113 [Listener at 127.0.0.1/44117] INFO  server.RaftServer$Division (RaftServerImpl.java:lambda$close$4(412)) - be637081-cdfc-4d88-b41d-bd3b2e95f28a@group-82A6F43EC5BD: shutdown
2022-02-12 02:09:46,113 [Listener at 127.0.0.1/44117] INFO  util.JmxRegister (JmxRegister.java:unregister(73)) - Successfully un-registered JMX Bean with object name Ratis:service=RaftServer,group=group-82A6F43EC5BD,id=be637081-cdfc-4d88-b41d-bd3b2e95f28a
2022-02-12 02:09:46,113 [Listener at 127.0.0.1/44117] INFO  impl.RoleInfo (RoleInfo.java:shutdownLeaderState(91)) - be637081-cdfc-4d88-b41d-bd3b2e95f28a: shutdown be637081-cdfc-4d88-b41d-bd3b2e95f28a@group-82A6F43EC5BD-LeaderStateImpl
2022-02-12 02:09:46,113 [Listener at 127.0.0.1/44117] INFO  impl.PendingRequests (PendingRequests.java:sendNotLeaderResponses(282)) - be637081-cdfc-4d88-b41d-bd3b2e95f28a@group-82A6F43EC5BD-PendingRequests: sendNotLeaderResponses
2022-02-12 02:09:46,114 [Listener at 127.0.0.1/44117] INFO  impl.StateMachineUpdater (StateMachineUpdater.java:stopAndJoin(149)) - be637081-cdfc-4d88-b41d-bd3b2e95f28a@group-82A6F43EC5BD-StateMachineUpdater: set stopIndex = 0
2022-02-12 02:09:46,114 [be637081-cdfc-4d88-b41d-bd3b2e95f28a@group-82A6F43EC5BD-StateMachineUpdater] INFO  ratis.ContainerStateMachine (ContainerStateMachine.java:takeSnapshot(299)) - group-82A6F43EC5BD: Taking a snapshot at:(t:1, i:0) file /home/runner/work/ozone/ozone/hadoop-ozone/integration-test/target/test-dir/MiniOzoneClusterImpl-03ef79e6-d6c6-40ba-8af9-d36bcf9e7ad5/datanode-2/data/ratis/03306ab3-b9e4-487a-ab8d-82a6f43ec5bd/sm/snapshot.1_0
2022-02-12 02:09:46,115 [be637081-cdfc-4d88-b41d-bd3b2e95f28a@group-82A6F43EC5BD-StateMachineUpdater] INFO  ratis.ContainerStateMachine (ContainerStateMachine.java:takeSnapshot(310)) - group-82A6F43EC5BD: Finished taking a snapshot at:(t:1, i:0) file:/home/runner/work/ozone/ozone/hadoop-ozone/integration-test/target/test-dir/MiniOzoneClusterImpl-03ef79e6-d6c6-40ba-8af9-d36bcf9e7ad5/datanode-2/data/ratis/03306ab3-b9e4-487a-ab8d-82a6f43ec5bd/sm/snapshot.1_0 took: 1 ms
2022-02-12 02:09:46,115 [be637081-cdfc-4d88-b41d-bd3b2e95f28a@group-82A6F43EC5BD-StateMachineUpdater] INFO  impl.StateMachineUpdater (StateMachineUpdater.java:takeSnapshot(281)) - be637081-cdfc-4d88-b41d-bd3b2e95f28a@group-82A6F43EC5BD-StateMachineUpdater: Took a snapshot at index 0
2022-02-12 02:09:46,115 [be637081-cdfc-4d88-b41d-bd3b2e95f28a@group-82A6F43EC5BD-StateMachineUpdater] INFO  impl.StateMachineUpdater (StateMachineUpdater.java:lambda$new$0(89)) - be637081-cdfc-4d88-b41d-bd3b2e95f28a@group-82A6F43EC5BD-StateMachineUpdater: snapshotIndex: updateIncreasingly -1 -> 0
2022-02-12 02:09:46,115 [Listener at 127.0.0.1/44117] INFO  server.RaftServer$Division (ServerState.java:close(419)) - be637081-cdfc-4d88-b41d-bd3b2e95f28a@group-82A6F43EC5BD: closes. applyIndex: 0
2022-02-12 02:09:46,115 [be637081-cdfc-4d88-b41d-bd3b2e95f28a@group-82A6F43EC5BD-SegmentedRaftLogWorker] INFO  segmented.SegmentedRaftLogWorker (SegmentedRaftLogWorker.java:run(327)) - be637081-cdfc-4d88-b41d-bd3b2e95f28a@group-82A6F43EC5BD-SegmentedRaftLogWorker was interrupted, exiting. There are 0 tasks remaining in the queue.
2022-02-12 02:09:46,116 [Listener at 127.0.0.1/44117] INFO  segmented.SegmentedRaftLogWorker (SegmentedRaftLogWorker.java:close(237)) - be637081-cdfc-4d88-b41d-bd3b2e95f28a@group-82A6F43EC5BD-SegmentedRaftLogWorker close()
2022-02-12 02:09:46,117 [Listener at 127.0.0.1/44117] INFO  server.GrpcService (GrpcService.java:closeImpl(262)) - be637081-cdfc-4d88-b41d-bd3b2e95f28a: shutdown server with port 35921 now
2022-02-12 02:09:46,119 [Listener at 127.0.0.1/44117] INFO  server.GrpcService (GrpcService.java:closeImpl(271)) - be637081-cdfc-4d88-b41d-bd3b2e95f28a: shutdown server with port 35921 successfully
2022-02-12 02:09:46,119 [org.apache.ratis.util.JvmPauseMonitor$$Lambda$421/534662976@276daa7a] INFO  util.JvmPauseMonitor (JvmPauseMonitor.java:run(109)) - JvmPauseMonitor-be637081-cdfc-4d88-b41d-bd3b2e95f28a: Stopped
2022-02-12 02:09:48,148 [Listener at 127.0.0.1/44117] INFO  utils.BackgroundService (BackgroundService.java:shutdown(132)) - Shutting down service BlockDeletingService
2022-02-12 02:09:51,167 [Listener at 127.0.0.1/44117] INFO  statemachine.DatanodeStateMachine (DatanodeStateMachine.java:stopDaemon(529)) - Ozone container server stopped.
2022-02-12 02:09:51,169 [Listener at 127.0.0.1/44117] INFO  handler.ContextHandler (ContextHandler.java:doStop(1153)) - Stopped o.e.j.w.WebAppContext@27a18e3b{hddsDatanode,/,null,STOPPED}{jar:file:/home/runner/.m2/repository/org/apache/ozone/hdds-container-service/1.3.0-SNAPSHOT/hdds-container-service-1.3.0-SNAPSHOT.jar!/webapps/hddsDatanode}
2022-02-12 02:09:51,171 [Listener at 127.0.0.1/44117] INFO  server.AbstractConnector (AbstractConnector.java:doStop(381)) - Stopped ServerConnector@5c5121f9{HTTP/1.1, (http/1.1)}{0.0.0.0:0}
2022-02-12 02:09:51,171 [Listener at 127.0.0.1/44117] INFO  server.session (HouseKeeper.java:stopScavenging(149)) - node0 Stopped scavenging
2022-02-12 02:09:51,173 [Listener at 127.0.0.1/44117] INFO  handler.ContextHandler (ContextHandler.java:doStop(1153)) - Stopped o.e.j.s.ServletContextHandler@6aa393c0{static,/static,jar:file:/home/runner/.m2/repository/org/apache/ozone/hdds-container-service/1.3.0-SNAPSHOT/hdds-container-service-1.3.0-SNAPSHOT.jar!/webapps/static,STOPPED}
2022-02-12 02:09:51,180 [Listener at 127.0.0.1/44117] INFO  handler.ContextHandler (ContextHandler.java:doStop(1153)) - Stopped o.e.j.s.ServletContextHandler@5c40e398{logs,/logs,file:///home/runner/work/ozone/ozone/hadoop-ozone/integration-test/target/log,STOPPED}
2022-02-12 02:09:51,181 [Listener at 127.0.0.1/44117] INFO  ozone.MiniOzoneClusterImpl (MiniOzoneClusterImpl.java:stopSCM(526)) - Stopping the StorageContainerManager
2022-02-12 02:09:51,181 [Listener at 127.0.0.1/44117] INFO  server.StorageContainerManager (StorageContainerManager.java:stop(1390)) - Stopping Container Balancer service.
2022-02-12 02:09:51,181 [Listener at 127.0.0.1/44117] INFO  balancer.ContainerBalancer (ContainerBalancer.java:stop(751)) - Container Balancer is not running.
2022-02-12 02:09:51,181 [Listener at 127.0.0.1/44117] INFO  server.StorageContainerManager (StorageContainerManager.java:stop(1397)) - Stopping Replication Manager Service.
2022-02-12 02:09:51,181 [Listener at 127.0.0.1/44117] INFO  container.ReplicationManager (ReplicationManager.java:stop(357)) - Stopping Replication Monitor Thread.
2022-02-12 02:09:51,182 [Listener at 127.0.0.1/44117] INFO  server.StorageContainerManager (StorageContainerManager.java:stop(1404)) - Stopping the Datanode Admin Monitor.
2022-02-12 02:09:51,182 [Listener at 127.0.0.1/44117] INFO  server.StorageContainerManager (StorageContainerManager.java:stop(1411)) - Stopping Lease Manager of the command watchers
2022-02-12 02:09:51,182 [Listener at 127.0.0.1/44117] INFO  server.StorageContainerManager (StorageContainerManager.java:stop(1418)) - Stopping datanode service RPC server
2022-02-12 02:09:51,182 [Listener at 127.0.0.1/44117] INFO  server.SCMDatanodeProtocolServer (SCMDatanodeProtocolServer.java:stop(390)) - Stopping the RPC server for DataNodes
2022-02-12 02:09:51,183 [Listener at 127.0.0.1/44117] INFO  ipc.Server (Server.java:stop(3414)) - Stopping server on 46341
2022-02-12 02:09:51,184 [IPC Server listener on 0] INFO  ipc.Server (Server.java:run(1376)) - Stopping IPC Server listener on 0
2022-02-12 02:09:51,188 [IPC Server Responder] INFO  ipc.Server (Server.java:run(1512)) - Stopping IPC Server Responder
2022-02-12 02:09:51,204 [SCM Heartbeat Processing Thread - 0] WARN  node.NodeStateManager (NodeStateManager.java:scheduleNextHealthCheck(799)) - Current Thread is interrupted, shutting down HB processing thread for Node Manager.
2022-02-12 02:09:51,215 [Listener at 127.0.0.1/44117] INFO  server.StorageContainerManager (StorageContainerManager.java:stop(1426)) - Stopping block service RPC server
2022-02-12 02:09:51,215 [Listener at 127.0.0.1/44117] INFO  server.SCMBlockProtocolServer (SCMBlockProtocolServer.java:stop(160)) - Stopping the RPC server for Block Protocol
2022-02-12 02:09:51,215 [Listener at 127.0.0.1/44117] INFO  ipc.Server (Server.java:stop(3414)) - Stopping server on 38719
2022-02-12 02:09:51,218 [Listener at 127.0.0.1/44117] INFO  server.StorageContainerManager (StorageContainerManager.java:stop(1433)) - Stopping the StorageContainerLocationProtocol RPC server
2022-02-12 02:09:51,218 [Listener at 127.0.0.1/44117] INFO  server.SCMClientProtocolServer (SCMClientProtocolServer.java:stop(174)) - Stopping the RPC server for Client Protocol
2022-02-12 02:09:51,218 [Listener at 127.0.0.1/44117] INFO  ipc.Server (Server.java:stop(3414)) - Stopping server on 44155
2022-02-12 02:09:51,219 [IPC Server Responder] INFO  ipc.Server (Server.java:run(1512)) - Stopping IPC Server Responder
2022-02-12 02:09:51,224 [IPC Server listener on 0] INFO  ipc.Server (Server.java:run(1376)) - Stopping IPC Server listener on 0
2022-02-12 02:09:51,248 [Listener at 127.0.0.1/44117] INFO  server.StorageContainerManager (StorageContainerManager.java:stop(1440)) - Stopping Storage Container Manager HTTP server.
2022-02-12 02:09:51,249 [Listener at 127.0.0.1/44117] INFO  handler.ContextHandler (ContextHandler.java:doStop(1153)) - Stopped o.e.j.w.WebAppContext@326e8433{scm,/,null,STOPPED}{file:/home/runner/work/ozone/ozone/hadoop-ozone/integration-test/target/test-classes/webapps/scm}
2022-02-12 02:09:51,249 [IPC Server listener on 0] INFO  ipc.Server (Server.java:run(1376)) - Stopping IPC Server listener on 0
2022-02-12 02:09:51,249 [IPC Server Responder] INFO  ipc.Server (Server.java:run(1512)) - Stopping IPC Server Responder
2022-02-12 02:09:51,251 [Listener at 127.0.0.1/44117] INFO  server.AbstractConnector (AbstractConnector.java:doStop(381)) - Stopped ServerConnector@42a6b1ef{HTTP/1.1, (http/1.1)}{0.0.0.0:0}
2022-02-12 02:09:51,251 [Listener at 127.0.0.1/44117] INFO  server.session (HouseKeeper.java:stopScavenging(149)) - node0 Stopped scavenging
2022-02-12 02:09:51,251 [Listener at 127.0.0.1/44117] INFO  handler.ContextHandler (ContextHandler.java:doStop(1153)) - Stopped o.e.j.s.ServletContextHandler@bc83665{static,/static,file:///home/runner/work/ozone/ozone/hadoop-ozone/integration-test/target/test-classes/webapps/static,STOPPED}
2022-02-12 02:09:51,251 [Listener at 127.0.0.1/44117] INFO  handler.ContextHandler (ContextHandler.java:doStop(1153)) - Stopped o.e.j.s.ServletContextHandler@4a689c76{logs,/logs,file:///home/runner/work/ozone/ozone/hadoop-ozone/integration-test/target/log,STOPPED}
2022-02-12 02:09:51,264 [Listener at 127.0.0.1/44117] INFO  server.StorageContainerManager (StorageContainerManager.java:stop(1451)) - Stopping Block Manager Service.
2022-02-12 02:09:51,264 [Listener at 127.0.0.1/44117] INFO  utils.BackgroundService (BackgroundService.java:shutdown(132)) - Shutting down service SCMBlockDeletingService
2022-02-12 02:09:51,264 [Listener at 127.0.0.1/44117] INFO  utils.BackgroundService (BackgroundService.java:shutdown(132)) - Shutting down service SCMBlockDeletingService
2022-02-12 02:09:51,265 [Listener at 127.0.0.1/44117] INFO  server.StorageContainerManager (StorageContainerManager.java:stop(1478)) - Stopping SCM Event Queue.
2022-02-12 02:09:51,278 [Listener at 127.0.0.1/44117] INFO  server.StorageContainerManager (StorageContainerManager.java:stop(1489)) - Stopping SCM HA services.
2022-02-12 02:09:51,278 [Listener at 127.0.0.1/44117] INFO  ha.SCMRatisServerImpl (SCMRatisServerImpl.java:stop(236)) - stopping ratis server 0.0.0.0:9894
2022-02-12 02:09:51,278 [Listener at 127.0.0.1/44117] INFO  server.RaftServer (RaftServerProxy.java:lambda$close$6(391)) - ecc7e2fd-e756-44d6-8a27-e56b24aba264: close
2022-02-12 02:09:51,278 [Listener at 127.0.0.1/44117] INFO  server.RaftServer$Division (RaftServerImpl.java:lambda$close$4(412)) - ecc7e2fd-e756-44d6-8a27-e56b24aba264@group-D36BCF9E7AD5: shutdown
2022-02-12 02:09:51,278 [Listener at 127.0.0.1/44117] INFO  util.JmxRegister (JmxRegister.java:unregister(73)) - Successfully un-registered JMX Bean with object name Ratis:service=RaftServer,group=group-D36BCF9E7AD5,id=ecc7e2fd-e756-44d6-8a27-e56b24aba264
2022-02-12 02:09:51,279 [Listener at 127.0.0.1/44117] INFO  impl.RoleInfo (RoleInfo.java:shutdownLeaderState(91)) - ecc7e2fd-e756-44d6-8a27-e56b24aba264: shutdown ecc7e2fd-e756-44d6-8a27-e56b24aba264@group-D36BCF9E7AD5-LeaderStateImpl
2022-02-12 02:09:51,279 [Listener at 127.0.0.1/44117] INFO  impl.PendingRequests (PendingRequests.java:sendNotLeaderResponses(282)) - ecc7e2fd-e756-44d6-8a27-e56b24aba264@group-D36BCF9E7AD5-PendingRequests: sendNotLeaderResponses
2022-02-12 02:09:51,279 [Listener at 127.0.0.1/44117] INFO  ha.SCMStateMachine (SCMStateMachine.java:notifyNotLeader(190)) - current leader SCM steps down.
2022-02-12 02:09:51,279 [Listener at 127.0.0.1/44117] INFO  ha.SCMContext (SCMContext.java:updateLeaderAndTerm(90)) - update <isLeader,term> from <true,2> to <false,0>
2022-02-12 02:09:51,279 [Listener at 127.0.0.1/44117] INFO  ha.SCMContext (SCMContext.java:updateLeaderAndTerm(97)) - update <isLeaderReady> from <false> to <false>
2022-02-12 02:09:51,297 [Listener at 127.0.0.1/44117] INFO  impl.StateMachineUpdater (StateMachineUpdater.java:stopAndJoin(149)) - ecc7e2fd-e756-44d6-8a27-e56b24aba264@group-D36BCF9E7AD5-StateMachineUpdater: set stopIndex = 30
2022-02-12 02:09:51,298 [ecc7e2fd-e756-44d6-8a27-e56b24aba264@group-D36BCF9E7AD5-StateMachineUpdater] INFO  ha.SCMStateMachine (SCMStateMachine.java:takeSnapshot(297)) - Current Snapshot Index 30, takeSnapshot took 0 ms
2022-02-12 02:09:51,298 [ecc7e2fd-e756-44d6-8a27-e56b24aba264@group-D36BCF9E7AD5-StateMachineUpdater] INFO  impl.StateMachineUpdater (StateMachineUpdater.java:takeSnapshot(281)) - ecc7e2fd-e756-44d6-8a27-e56b24aba264@group-D36BCF9E7AD5-StateMachineUpdater: Took a snapshot at index 30
2022-02-12 02:09:51,298 [ecc7e2fd-e756-44d6-8a27-e56b24aba264@group-D36BCF9E7AD5-StateMachineUpdater] INFO  impl.StateMachineUpdater (StateMachineUpdater.java:lambda$new$0(89)) - ecc7e2fd-e756-44d6-8a27-e56b24aba264@group-D36BCF9E7AD5-StateMachineUpdater: snapshotIndex: updateIncreasingly -1 -> 30
2022-02-12 02:09:51,298 [Listener at 127.0.0.1/44117] INFO  server.RaftServer$Division (ServerState.java:close(419)) - ecc7e2fd-e756-44d6-8a27-e56b24aba264@group-D36BCF9E7AD5: closes. applyIndex: 30
2022-02-12 02:09:51,299 [ecc7e2fd-e756-44d6-8a27-e56b24aba264@group-D36BCF9E7AD5-SegmentedRaftLogWorker] INFO  segmented.SegmentedRaftLogWorker (SegmentedRaftLogWorker.java:run(327)) - ecc7e2fd-e756-44d6-8a27-e56b24aba264@group-D36BCF9E7AD5-SegmentedRaftLogWorker was interrupted, exiting. There are 0 tasks remaining in the queue.
2022-02-12 02:09:51,305 [Listener at 127.0.0.1/44117] INFO  segmented.SegmentedRaftLogWorker (SegmentedRaftLogWorker.java:close(237)) - ecc7e2fd-e756-44d6-8a27-e56b24aba264@group-D36BCF9E7AD5-SegmentedRaftLogWorker close()
2022-02-12 02:09:51,306 [Listener at 127.0.0.1/44117] INFO  server.GrpcService (GrpcService.java:closeImpl(262)) - ecc7e2fd-e756-44d6-8a27-e56b24aba264: shutdown server with port 9894 now
2022-02-12 02:09:51,310 [Listener at 127.0.0.1/44117] INFO  server.GrpcService (GrpcService.java:closeImpl(271)) - ecc7e2fd-e756-44d6-8a27-e56b24aba264: shutdown server with port 9894 successfully
2022-02-12 02:09:51,314 [org.apache.ratis.util.JvmPauseMonitor$$Lambda$421/534662976@7101255e] INFO  util.JvmPauseMonitor (JvmPauseMonitor.java:run(109)) - JvmPauseMonitor-ecc7e2fd-e756-44d6-8a27-e56b24aba264: Stopped
2022-02-12 02:09:51,314 [Listener at 127.0.0.1/44117] INFO  pipeline.BackgroundPipelineCreator (BackgroundPipelineCreator.java:stop(158)) - Stopping RatisPipelineUtilsThread.
2022-02-12 02:09:51,316 [Listener at 127.0.0.1/44117] INFO  server.StorageContainerManager (StorageContainerManager.java:stop(1499)) - Stopping SCM MetadataStore.
2022-02-12 02:09:51,317 [Listener at 127.0.0.1/44117] INFO  impl.MetricsSystemImpl (MetricsSystemImpl.java:stop(210)) - Stopping HddsDatanode metrics system...
2022-02-12 02:09:51,361 [prometheus] INFO  impl.MetricsSinkAdapter (MetricsSinkAdapter.java:publishMetricsFromQueue(141)) - prometheus thread interrupted.
2022-02-12 02:09:51,364 [Listener at 127.0.0.1/44117] INFO  impl.MetricsSystemImpl (MetricsSystemImpl.java:stop(216)) - HddsDatanode metrics system stopped.
2022-02-12 02:09:51,519 [Listener at 127.0.0.1/44117] WARN  server.ServerUtils (ServerUtils.java:getScmDbDir(148)) - ozone.scm.db.dirs is not configured. We recommend adding this setting. Falling back to ozone.metadata.dirs instead.
2022-02-12 02:09:51,533 [Listener at 127.0.0.1/44117] INFO  ha.SCMHANodeDetails (SCMHANodeDetails.java:loadSCMHAConfig(157)) - ServiceID for StorageContainerManager is null
2022-02-12 02:09:51,533 [Listener at 127.0.0.1/44117] INFO  ha.SCMHANodeDetails (SCMHANodeDetails.java:loadSCMHAConfig(162)) - ozone.scm.default.service.id is not defined, falling back to ozone.scm.service.ids to find serviceID for StorageContainerManager if it is HA enabled cluster
2022-02-12 02:09:51,533 [Listener at 127.0.0.1/44117] INFO  server.RaftServer (ConfUtils.java:logGet(44)) - raft.rpc.type = GRPC (default)
2022-02-12 02:09:51,534 [Listener at 127.0.0.1/44117] INFO  grpc.GrpcFactory (GrpcFactory.java:checkPooledByteBufAllocatorUseCacheForAllThreads(48)) - PERFORMANCE WARNING: useCacheForAllThreads is true that may cause Netty to create a lot garbage objects and, as a result, trigger GC.
	It is recommended to disable useCacheForAllThreads by setting -Dorg.apache.ratis.thirdparty.io.netty.allocator.useCacheForAllThreads=false in command line.
2022-02-12 02:09:51,534 [Listener at 127.0.0.1/44117] INFO  grpc.GrpcConfigKeys (ConfUtils.java:logGet(44)) - raft.grpc.admin.port = -1 (default)
2022-02-12 02:09:51,534 [Listener at 127.0.0.1/44117] INFO  grpc.GrpcConfigKeys (ConfUtils.java:logGet(44)) - raft.grpc.server.port = 9894 (custom)
2022-02-12 02:09:51,534 [Listener at 127.0.0.1/44117] INFO  grpc.GrpcConfigKeys (ConfUtils.java:logGet(44)) - raft.grpc.client.port = -1 (default)
2022-02-12 02:09:51,534 [Listener at 127.0.0.1/44117] INFO  grpc.GrpcConfigKeys (ConfUtils.java:logGet(44)) - raft.grpc.server.port = 9894 (custom)
2022-02-12 02:09:51,534 [Listener at 127.0.0.1/44117] INFO  grpc.GrpcConfigKeys (ConfUtils.java:logGet(44)) - raft.grpc.server.port = 9894 (custom)
2022-02-12 02:09:51,534 [Listener at 127.0.0.1/44117] INFO  server.GrpcService (ConfUtils.java:logGet(44)) - raft.grpc.message.size.max = 32m (=33554432) (custom)
2022-02-12 02:09:51,535 [Listener at 127.0.0.1/44117] INFO  server.RaftServerConfigKeys (ConfUtils.java:logGet(44)) - raft.server.log.appender.buffer.byte-limit = 33554432 (custom)
2022-02-12 02:09:51,535 [Listener at 127.0.0.1/44117] INFO  server.GrpcService (ConfUtils.java:logGet(44)) - raft.grpc.flow.control.window = 1MB (=1048576) (default)
2022-02-12 02:09:51,535 [Listener at 127.0.0.1/44117] INFO  server.RaftServerConfigKeys (ConfUtils.java:logGet(44)) - raft.server.rpc.request.timeout = 30000ms (custom)
2022-02-12 02:09:51,536 [Listener at 127.0.0.1/44117] INFO  impl.DataStreamServerImpl (ConfUtils.java:logGet(44)) - raft.datastream.type = DISABLED (default)
2022-02-12 02:09:51,536 [Listener at 127.0.0.1/44117] INFO  server.RaftServerConfigKeys (ConfUtils.java:logGet(44)) - raft.server.rpc.slowness.timeout = 120000ms (custom)
2022-02-12 02:09:51,536 [Listener at 127.0.0.1/44117] INFO  server.RaftServerConfigKeys (ConfUtils.java:logGet(44)) - raft.server.leaderelection.leader.step-down.wait-time = 10s (default)
2022-02-12 02:09:51,536 [Listener at 127.0.0.1/44117] INFO  server.RaftServerConfigKeys (ConfUtils.java:logGet(44)) - raft.server.storage.dir = [/home/runner/work/ozone/ozone/hadoop-ozone/integration-test/target/test-dir/MiniOzoneClusterImpl-f86292e6-51f6-48a5-a476-e96bf2e780fe/ozone-meta/scm-ha] (custom)
2022-02-12 02:09:51,537 [Listener at 127.0.0.1/44117] INFO  server.RaftServer (RaftServerProxy.java:addNew(95)) - c467f674-5d00-4497-9e9e-a7c35f247abe: addNew group-E96BF2E780FE:[c467f674-5d00-4497-9e9e-a7c35f247abe|rpc:fv-az395-998:9894|priority:0] returns group-E96BF2E780FE:java.util.concurrent.CompletableFuture@5256c05e[Not completed]
2022-02-12 02:09:51,537 [pool-441-thread-1] INFO  server.RaftServer$Division (RaftServerImpl.java:<init>(184)) - c467f674-5d00-4497-9e9e-a7c35f247abe: new RaftServerImpl for group-E96BF2E780FE:[c467f674-5d00-4497-9e9e-a7c35f247abe|rpc:fv-az395-998:9894|priority:0] with SCMStateMachine:uninitialized
2022-02-12 02:09:51,550 [pool-441-thread-1] INFO  server.RaftServerConfigKeys (ConfUtils.java:logGet(44)) - raft.server.rpc.timeout.min = 5000ms (custom)
2022-02-12 02:09:51,550 [pool-441-thread-1] INFO  server.RaftServerConfigKeys (ConfUtils.java:logGet(44)) - raft.server.rpc.timeout.max = 5200ms (custom)
2022-02-12 02:09:51,550 [pool-441-thread-1] INFO  server.RaftServerConfigKeys (ConfUtils.java:logGet(44)) - raft.server.rpc.sleep.time = 25ms (default)
2022-02-12 02:09:51,550 [pool-441-thread-1] INFO  server.RaftServerConfigKeys (ConfUtils.java:logGet(44)) - raft.server.rpc.slowness.timeout = 120000ms (custom)
2022-02-12 02:09:51,550 [pool-441-thread-1] INFO  server.RaftServerConfigKeys (ConfUtils.java:logGet(44)) - raft.server.leaderelection.leader.step-down.wait-time = 10s (default)
2022-02-12 02:09:51,550 [pool-441-thread-1] INFO  server.RaftServerConfigKeys (ConfUtils.java:logGet(44)) - raft.server.sleep.deviation.threshold = 300ms (default)
2022-02-12 02:09:51,550 [pool-441-thread-1] INFO  server.RaftServerConfigKeys (ConfUtils.java:logGet(44)) - raft.server.log.appender.install.snapshot.enabled = false (custom)
2022-02-12 02:09:51,550 [pool-441-thread-1] INFO  server.RaftServer$Division (ServerState.java:<init>(105)) - c467f674-5d00-4497-9e9e-a7c35f247abe@group-E96BF2E780FE: ConfigurationManager, init=-1: [c467f674-5d00-4497-9e9e-a7c35f247abe|rpc:fv-az395-998:9894|priority:0], old=null, confs=<EMPTY_MAP>
2022-02-12 02:09:51,550 [pool-441-thread-1] INFO  server.RaftServerConfigKeys (ConfUtils.java:logGet(44)) - raft.server.storage.dir = [/home/runner/work/ozone/ozone/hadoop-ozone/integration-test/target/test-dir/MiniOzoneClusterImpl-f86292e6-51f6-48a5-a476-e96bf2e780fe/ozone-meta/scm-ha] (custom)
2022-02-12 02:09:51,550 [pool-441-thread-1] INFO  server.RaftServerConfigKeys (ConfUtils.java:logGet(44)) - raft.server.log.corruption.policy = EXCEPTION (default)
2022-02-12 02:09:51,550 [pool-441-thread-1] INFO  server.RaftServerConfigKeys (ConfUtils.java:logGet(44)) - raft.server.storage.free-space.min = 0MB (=0) (default)
2022-02-12 02:09:51,551 [pool-441-thread-1] INFO  storage.RaftStorageDirectory (RaftStorageDirectoryImpl.java:analyzeStorage(135)) - The storage directory /home/runner/work/ozone/ozone/hadoop-ozone/integration-test/target/test-dir/MiniOzoneClusterImpl-f86292e6-51f6-48a5-a476-e96bf2e780fe/ozone-meta/scm-ha/f86292e6-51f6-48a5-a476-e96bf2e780fe does not exist. Creating ...
2022-02-12 02:09:51,552 [pool-441-thread-1] INFO  storage.RaftStorageDirectory (RaftStorageDirectoryImpl.java:tryLock(230)) - Lock on /home/runner/work/ozone/ozone/hadoop-ozone/integration-test/target/test-dir/MiniOzoneClusterImpl-f86292e6-51f6-48a5-a476-e96bf2e780fe/ozone-meta/scm-ha/f86292e6-51f6-48a5-a476-e96bf2e780fe/in_use.lock acquired by nodename 9178@fv-az395-998
2022-02-12 02:09:51,553 [pool-441-thread-1] INFO  storage.RaftStorage (RaftStorageImpl.java:format(89)) - Storage directory /home/runner/work/ozone/ozone/hadoop-ozone/integration-test/target/test-dir/MiniOzoneClusterImpl-f86292e6-51f6-48a5-a476-e96bf2e780fe/ozone-meta/scm-ha/f86292e6-51f6-48a5-a476-e96bf2e780fe has been successfully formatted.
2022-02-12 02:09:51,554 [pool-441-thread-1] INFO  server.RaftServerConfigKeys (ConfUtils.java:logGet(44)) - raft.server.notification.no-leader.timeout = 60s (default)
2022-02-12 02:09:51,554 [pool-441-thread-1] INFO  server.RaftServerConfigKeys (ConfUtils.java:logGet(44)) - raft.server.log.use.memory = false (default)
2022-02-12 02:09:51,554 [pool-441-thread-1] INFO  server.RaftServerConfigKeys (ConfUtils.java:logGet(44)) - raft.server.log.purge.gap = 1000000 (custom)
2022-02-12 02:09:51,554 [pool-441-thread-1] INFO  server.RaftServerConfigKeys (ConfUtils.java:logGet(44)) - raft.server.log.appender.buffer.byte-limit = 33554432 (custom)
2022-02-12 02:09:51,554 [pool-441-thread-1] INFO  server.RaftServerConfigKeys (ConfUtils.java:logGet(44)) - raft.server.log.segment.size.max = 4194304 (custom)
2022-02-12 02:09:51,554 [pool-441-thread-1] INFO  server.RaftServerConfigKeys (ConfUtils.java:logGet(44)) - raft.server.log.segment.cache.num.max = 2 (custom)
2022-02-12 02:09:51,555 [pool-441-thread-1] INFO  server.RaftServerConfigKeys (ConfUtils.java:logGet(44)) - raft.server.log.segment.cache.size.max = 200MB (=209715200) (default)
2022-02-12 02:09:51,555 [pool-441-thread-1] INFO  segmented.SegmentedRaftLogWorker (SegmentedRaftLogWorker.java:<init>(182)) - new c467f674-5d00-4497-9e9e-a7c35f247abe@group-E96BF2E780FE-SegmentedRaftLogWorker for RaftStorageImpl:Storage Directory /home/runner/work/ozone/ozone/hadoop-ozone/integration-test/target/test-dir/MiniOzoneClusterImpl-f86292e6-51f6-48a5-a476-e96bf2e780fe/ozone-meta/scm-ha/f86292e6-51f6-48a5-a476-e96bf2e780fe
2022-02-12 02:09:51,555 [pool-441-thread-1] INFO  server.RaftServerConfigKeys (ConfUtils.java:logGet(44)) - raft.server.log.queue.byte-limit = 64MB (=67108864) (default)
2022-02-12 02:09:51,555 [pool-441-thread-1] INFO  server.RaftServerConfigKeys (ConfUtils.java:logGet(44)) - raft.server.log.queue.element-limit = 4096 (default)
2022-02-12 02:09:51,555 [pool-441-thread-1] INFO  server.RaftServerConfigKeys (ConfUtils.java:logGet(44)) - raft.server.log.segment.size.max = 4194304 (custom)
2022-02-12 02:09:51,555 [pool-441-thread-1] INFO  server.RaftServerConfigKeys (ConfUtils.java:logGet(44)) - raft.server.log.preallocated.size = 4194304 (custom)
2022-02-12 02:09:51,555 [pool-441-thread-1] INFO  server.RaftServerConfigKeys (ConfUtils.java:logGet(44)) - raft.server.log.force.sync.num = 128 (default)
2022-02-12 02:09:51,555 [pool-441-thread-1] INFO  server.RaftServerConfigKeys (ConfUtils.java:logGet(44)) - raft.server.log.statemachine.data.sync = true (default)
2022-02-12 02:09:51,555 [pool-441-thread-1] INFO  server.RaftServerConfigKeys (ConfUtils.java:logGet(44)) - raft.server.log.statemachine.data.sync.timeout = 10s (default)
2022-02-12 02:09:51,555 [pool-441-thread-1] INFO  server.RaftServerConfigKeys (ConfUtils.java:logGet(44)) - raft.server.log.statemachine.data.sync.timeout.retry = -1 (default)
2022-02-12 02:09:51,556 [pool-441-thread-1] INFO  server.RaftServerConfigKeys (ConfUtils.java:logGet(44)) - raft.server.log.write.buffer.size = 64KB (=65536) (default)
2022-02-12 02:09:51,556 [pool-441-thread-1] INFO  server.RaftServerConfigKeys (ConfUtils.java:logGet(44)) - raft.server.log.statemachine.data.caching.enabled = false (default)
2022-02-12 02:09:51,556 [pool-441-thread-1] INFO  segmented.SegmentedRaftLogWorker (SegmentedRaftLogWorker.java:lambda$new$0(133)) - c467f674-5d00-4497-9e9e-a7c35f247abe@group-E96BF2E780FE-SegmentedRaftLogWorker: flushIndex: setUnconditionally 0 -> -1
2022-02-12 02:09:51,556 [pool-441-thread-1] INFO  segmented.SegmentedRaftLogWorker (SegmentedRaftLogWorker.java:lambda$new$0(133)) - c467f674-5d00-4497-9e9e-a7c35f247abe@group-E96BF2E780FE-SegmentedRaftLogWorker: safeCacheEvictIndex: setUnconditionally 0 -> -1
2022-02-12 02:09:51,556 [pool-441-thread-1] INFO  server.RaftServerConfigKeys (ConfUtils.java:logGet(44)) - raft.server.snapshot.auto.trigger.enabled = true (custom)
2022-02-12 02:09:51,556 [pool-441-thread-1] INFO  server.RaftServerConfigKeys (ConfUtils.java:logGet(44)) - raft.server.snapshot.auto.trigger.threshold = 1000 (custom)
2022-02-12 02:09:51,556 [pool-441-thread-1] INFO  server.RaftServerConfigKeys (ConfUtils.java:logGet(44)) - raft.server.snapshot.retention.file.num = -1 (default)
2022-02-12 02:09:51,556 [pool-441-thread-1] INFO  server.RaftServerConfigKeys (ConfUtils.java:logGet(44)) - raft.server.log.purge.upto.snapshot.index = false (default)
2022-02-12 02:09:51,557 [pool-441-thread-1] INFO  server.RaftServerConfigKeys (ConfUtils.java:logGet(44)) - raft.server.retrycache.expirytime = 60000ms (default)
2022-02-12 02:09:51,557 [pool-441-thread-1] INFO  server.RaftServerConfigKeys (ConfUtils.java:logGet(44)) - raft.server.retrycache.statistics.expirytime = 100μs (default)
2022-02-12 02:09:51,558 [Listener at 127.0.0.1/44117] INFO  server.RaftServer$Division (RaftServerImpl.java:start(301)) - c467f674-5d00-4497-9e9e-a7c35f247abe@group-E96BF2E780FE: start as a follower, conf=-1: [c467f674-5d00-4497-9e9e-a7c35f247abe|rpc:fv-az395-998:9894|priority:0], old=null
2022-02-12 02:09:51,558 [Listener at 127.0.0.1/44117] INFO  server.RaftServer$Division (RaftServerImpl.java:setRole(290)) - c467f674-5d00-4497-9e9e-a7c35f247abe@group-E96BF2E780FE: changes role from      null to FOLLOWER at term 0 for startAsFollower
2022-02-12 02:09:51,558 [Listener at 127.0.0.1/44117] INFO  impl.RoleInfo (RoleInfo.java:updateAndGet(130)) - c467f674-5d00-4497-9e9e-a7c35f247abe: start c467f674-5d00-4497-9e9e-a7c35f247abe@group-E96BF2E780FE-FollowerState
2022-02-12 02:09:51,559 [Listener at 127.0.0.1/44117] INFO  util.JmxRegister (JmxRegister.java:tryRegister(44)) - Successfully registered JMX Bean with object name Ratis:service=RaftServer,group=group-E96BF2E780FE,id=c467f674-5d00-4497-9e9e-a7c35f247abe
2022-02-12 02:09:51,560 [Listener at 127.0.0.1/44117] INFO  server.RaftServer (RaftServerProxy.java:lambda$start$5(374)) - c467f674-5d00-4497-9e9e-a7c35f247abe: start RPC server
2022-02-12 02:09:51,561 [Listener at 127.0.0.1/44117] INFO  server.GrpcService (GrpcService.java:startImpl(253)) - c467f674-5d00-4497-9e9e-a7c35f247abe: GrpcService started, listening on 9894
2022-02-12 02:09:51,561 [org.apache.ratis.util.JvmPauseMonitor$$Lambda$421/534662976@10005a46] INFO  util.JvmPauseMonitor (JvmPauseMonitor.java:run(103)) - JvmPauseMonitor-c467f674-5d00-4497-9e9e-a7c35f247abe: Started
2022-02-12 02:09:56,592 [c467f674-5d00-4497-9e9e-a7c35f247abe@group-E96BF2E780FE-FollowerState] INFO  impl.FollowerState (FollowerState.java:run(134)) - c467f674-5d00-4497-9e9e-a7c35f247abe@group-E96BF2E780FE-FollowerState: change to CANDIDATE, lastRpcElapsedTime:5033420444ns, electionTimeout:5032ms
2022-02-12 02:09:56,592 [c467f674-5d00-4497-9e9e-a7c35f247abe@group-E96BF2E780FE-FollowerState] INFO  impl.RoleInfo (RoleInfo.java:shutdownFollowerState(108)) - c467f674-5d00-4497-9e9e-a7c35f247abe: shutdown c467f674-5d00-4497-9e9e-a7c35f247abe@group-E96BF2E780FE-FollowerState
2022-02-12 02:09:56,592 [c467f674-5d00-4497-9e9e-a7c35f247abe@group-E96BF2E780FE-FollowerState] INFO  server.RaftServer$Division (RaftServerImpl.java:setRole(290)) - c467f674-5d00-4497-9e9e-a7c35f247abe@group-E96BF2E780FE: changes role from  FOLLOWER to CANDIDATE at term 0 for changeToCandidate
2022-02-12 02:09:56,592 [c467f674-5d00-4497-9e9e-a7c35f247abe@group-E96BF2E780FE-FollowerState] INFO  server.RaftServerConfigKeys (ConfUtils.java:logGet(44)) - raft.server.leaderelection.pre-vote = false (custom)
2022-02-12 02:09:56,592 [c467f674-5d00-4497-9e9e-a7c35f247abe@group-E96BF2E780FE-FollowerState] INFO  impl.RoleInfo (RoleInfo.java:updateAndGet(130)) - c467f674-5d00-4497-9e9e-a7c35f247abe: start c467f674-5d00-4497-9e9e-a7c35f247abe@group-E96BF2E780FE-LeaderElection59
2022-02-12 02:09:56,622 [c467f674-5d00-4497-9e9e-a7c35f247abe@group-E96BF2E780FE-LeaderElection59] INFO  impl.LeaderElection (LeaderElection.java:askForVotes(306)) - c467f674-5d00-4497-9e9e-a7c35f247abe@group-E96BF2E780FE-LeaderElection59 ELECTION round 0: submit vote requests at term 1 for -1: [c467f674-5d00-4497-9e9e-a7c35f247abe|rpc:fv-az395-998:9894|priority:0], old=null
2022-02-12 02:09:56,622 [c467f674-5d00-4497-9e9e-a7c35f247abe@group-E96BF2E780FE-LeaderElection59] INFO  impl.LeaderElection (LeaderElection.java:askForVotes(308)) - c467f674-5d00-4497-9e9e-a7c35f247abe@group-E96BF2E780FE-LeaderElection59 ELECTION round 0: result PASSED (term=1)
2022-02-12 02:09:56,622 [c467f674-5d00-4497-9e9e-a7c35f247abe@group-E96BF2E780FE-LeaderElection59] INFO  impl.RoleInfo (RoleInfo.java:shutdownLeaderElection(121)) - c467f674-5d00-4497-9e9e-a7c35f247abe: shutdown c467f674-5d00-4497-9e9e-a7c35f247abe@group-E96BF2E780FE-LeaderElection59
2022-02-12 02:09:56,622 [c467f674-5d00-4497-9e9e-a7c35f247abe@group-E96BF2E780FE-LeaderElection59] INFO  server.RaftServer$Division (RaftServerImpl.java:setRole(290)) - c467f674-5d00-4497-9e9e-a7c35f247abe@group-E96BF2E780FE: changes role from CANDIDATE to LEADER at term 1 for changeToLeader
2022-02-12 02:09:56,622 [c467f674-5d00-4497-9e9e-a7c35f247abe@group-E96BF2E780FE-LeaderElection59] INFO  server.RaftServer$Division (ServerState.java:setLeader(285)) - c467f674-5d00-4497-9e9e-a7c35f247abe@group-E96BF2E780FE: change Leader from null to c467f674-5d00-4497-9e9e-a7c35f247abe at term 1 for becomeLeader, leader elected after 5068ms
2022-02-12 02:09:56,622 [c467f674-5d00-4497-9e9e-a7c35f247abe@group-E96BF2E780FE-LeaderElection59] INFO  server.RaftServerConfigKeys (ConfUtils.java:logGet(44)) - raft.server.staging.catchup.gap = 1000 (default)
2022-02-12 02:09:56,622 [c467f674-5d00-4497-9e9e-a7c35f247abe@group-E96BF2E780FE-LeaderElection59] INFO  server.RaftServerConfigKeys (ConfUtils.java:logGet(44)) - raft.server.write.element-limit = 4096 (default)
2022-02-12 02:09:56,622 [c467f674-5d00-4497-9e9e-a7c35f247abe@group-E96BF2E780FE-LeaderElection59] INFO  server.RaftServerConfigKeys (ConfUtils.java:logGet(44)) - raft.server.write.byte-limit = 64MB (=67108864) (default)
2022-02-12 02:09:56,627 [c467f674-5d00-4497-9e9e-a7c35f247abe@group-E96BF2E780FE-LeaderElection59] INFO  server.RaftServerConfigKeys (ConfUtils.java:logGet(44)) - raft.server.watch.timeout = 10s (default)
2022-02-12 02:09:56,627 [c467f674-5d00-4497-9e9e-a7c35f247abe@group-E96BF2E780FE-LeaderElection59] INFO  server.RaftServerConfigKeys (ConfUtils.java:logGet(44)) - raft.server.watch.timeout.denomination = 1s (default)
2022-02-12 02:09:56,627 [c467f674-5d00-4497-9e9e-a7c35f247abe@group-E96BF2E780FE-LeaderElection59] INFO  server.RaftServerConfigKeys (ConfUtils.java:logGet(44)) - raft.server.watch.element-limit = 65536 (default)
2022-02-12 02:09:56,627 [c467f674-5d00-4497-9e9e-a7c35f247abe@group-E96BF2E780FE-LeaderElection59] INFO  server.RaftServerConfigKeys (ConfUtils.java:logGet(44)) - raft.server.write.element-limit = 4096 (default)
2022-02-12 02:09:56,627 [c467f674-5d00-4497-9e9e-a7c35f247abe@group-E96BF2E780FE-LeaderElection59] INFO  server.RaftServerConfigKeys (ConfUtils.java:logGet(44)) - raft.server.write.follower.gap.ratio.max = -1.0 (default)
2022-02-12 02:09:56,627 [c467f674-5d00-4497-9e9e-a7c35f247abe@group-E96BF2E780FE-LeaderElection59] INFO  impl.RoleInfo (RoleInfo.java:updateAndGet(130)) - c467f674-5d00-4497-9e9e-a7c35f247abe: start c467f674-5d00-4497-9e9e-a7c35f247abe@group-E96BF2E780FE-LeaderStateImpl
2022-02-12 02:09:56,628 [c467f674-5d00-4497-9e9e-a7c35f247abe@group-E96BF2E780FE-LeaderElection59] INFO  segmented.SegmentedRaftLogWorker (SegmentedRaftLogWorker.java:startLogSegment(394)) - c467f674-5d00-4497-9e9e-a7c35f247abe@group-E96BF2E780FE-SegmentedRaftLogWorker: Starting segment from index:0
2022-02-12 02:09:56,637 [c467f674-5d00-4497-9e9e-a7c35f247abe@group-E96BF2E780FE-LeaderElection59] INFO  server.RaftServer$Division (ServerState.java:setRaftConf(387)) - c467f674-5d00-4497-9e9e-a7c35f247abe@group-E96BF2E780FE: set configuration 0: [c467f674-5d00-4497-9e9e-a7c35f247abe|rpc:fv-az395-998:9894|admin:|client:|dataStream:|priority:0], old=null
2022-02-12 02:09:56,646 [c467f674-5d00-4497-9e9e-a7c35f247abe@group-E96BF2E780FE-SegmentedRaftLogWorker] INFO  segmented.SegmentedRaftLogWorker (SegmentedRaftLogWorker.java:execute(601)) - c467f674-5d00-4497-9e9e-a7c35f247abe@group-E96BF2E780FE-SegmentedRaftLogWorker: created new log segment /home/runner/work/ozone/ozone/hadoop-ozone/integration-test/target/test-dir/MiniOzoneClusterImpl-f86292e6-51f6-48a5-a476-e96bf2e780fe/ozone-meta/scm-ha/f86292e6-51f6-48a5-a476-e96bf2e780fe/current/log_inprogress_0
2022-02-12 02:09:57,562 [Listener at 127.0.0.1/44117] INFO  server.RaftServer (RaftServerProxy.java:lambda$close$6(391)) - c467f674-5d00-4497-9e9e-a7c35f247abe: close
2022-02-12 02:09:57,562 [Listener at 127.0.0.1/44117] INFO  server.RaftServer$Division (RaftServerImpl.java:lambda$close$4(412)) - c467f674-5d00-4497-9e9e-a7c35f247abe@group-E96BF2E780FE: shutdown
2022-02-12 02:09:57,562 [Listener at 127.0.0.1/44117] INFO  util.JmxRegister (JmxRegister.java:unregister(73)) - Successfully un-registered JMX Bean with object name Ratis:service=RaftServer,group=group-E96BF2E780FE,id=c467f674-5d00-4497-9e9e-a7c35f247abe
2022-02-12 02:09:57,562 [Listener at 127.0.0.1/44117] INFO  impl.RoleInfo (RoleInfo.java:shutdownLeaderState(91)) - c467f674-5d00-4497-9e9e-a7c35f247abe: shutdown c467f674-5d00-4497-9e9e-a7c35f247abe@group-E96BF2E780FE-LeaderStateImpl
2022-02-12 02:09:57,563 [Listener at 127.0.0.1/44117] INFO  impl.PendingRequests (PendingRequests.java:sendNotLeaderResponses(282)) - c467f674-5d00-4497-9e9e-a7c35f247abe@group-E96BF2E780FE-PendingRequests: sendNotLeaderResponses
2022-02-12 02:09:57,563 [Listener at 127.0.0.1/44117] INFO  impl.StateMachineUpdater (StateMachineUpdater.java:stopAndJoin(149)) - c467f674-5d00-4497-9e9e-a7c35f247abe@group-E96BF2E780FE-StateMachineUpdater: set stopIndex = 0
2022-02-12 02:09:57,564 [c467f674-5d00-4497-9e9e-a7c35f247abe@group-E96BF2E780FE-StateMachineUpdater] INFO  impl.StateMachineUpdater (StateMachineUpdater.java:takeSnapshot(281)) - c467f674-5d00-4497-9e9e-a7c35f247abe@group-E96BF2E780FE-StateMachineUpdater: Took a snapshot at index 0
2022-02-12 02:09:57,564 [c467f674-5d00-4497-9e9e-a7c35f247abe@group-E96BF2E780FE-StateMachineUpdater] INFO  impl.StateMachineUpdater (StateMachineUpdater.java:lambda$new$0(89)) - c467f674-5d00-4497-9e9e-a7c35f247abe@group-E96BF2E780FE-StateMachineUpdater: snapshotIndex: updateIncreasingly -1 -> 0
2022-02-12 02:09:57,564 [Listener at 127.0.0.1/44117] INFO  server.RaftServer$Division (ServerState.java:close(419)) - c467f674-5d00-4497-9e9e-a7c35f247abe@group-E96BF2E780FE: closes. applyIndex: 0
2022-02-12 02:09:57,564 [c467f674-5d00-4497-9e9e-a7c35f247abe@group-E96BF2E780FE-SegmentedRaftLogWorker] INFO  segmented.SegmentedRaftLogWorker (SegmentedRaftLogWorker.java:run(327)) - c467f674-5d00-4497-9e9e-a7c35f247abe@group-E96BF2E780FE-SegmentedRaftLogWorker was interrupted, exiting. There are 0 tasks remaining in the queue.
2022-02-12 02:09:57,565 [Listener at 127.0.0.1/44117] INFO  segmented.SegmentedRaftLogWorker (SegmentedRaftLogWorker.java:close(237)) - c467f674-5d00-4497-9e9e-a7c35f247abe@group-E96BF2E780FE-SegmentedRaftLogWorker close()
2022-02-12 02:09:57,578 [Listener at 127.0.0.1/44117] INFO  server.GrpcService (GrpcService.java:closeImpl(262)) - c467f674-5d00-4497-9e9e-a7c35f247abe: shutdown server with port 9894 now
2022-02-12 02:09:57,578 [Listener at 127.0.0.1/44117] INFO  server.GrpcService (GrpcService.java:closeImpl(271)) - c467f674-5d00-4497-9e9e-a7c35f247abe: shutdown server with port 9894 successfully
2022-02-12 02:09:57,578 [org.apache.ratis.util.JvmPauseMonitor$$Lambda$421/534662976@10005a46] INFO  util.JvmPauseMonitor (JvmPauseMonitor.java:run(109)) - JvmPauseMonitor-c467f674-5d00-4497-9e9e-a7c35f247abe: Stopped
2022-02-12 02:09:57,579 [Listener at 127.0.0.1/44117] INFO  ha.SCMHANodeDetails (SCMHANodeDetails.java:loadSCMHAConfig(157)) - ServiceID for StorageContainerManager is null
2022-02-12 02:09:57,579 [Listener at 127.0.0.1/44117] INFO  ha.SCMHANodeDetails (SCMHANodeDetails.java:loadSCMHAConfig(162)) - ozone.scm.default.service.id is not defined, falling back to ozone.scm.service.ids to find serviceID for StorageContainerManager if it is HA enabled cluster
2022-02-12 02:09:57,582 [Listener at 127.0.0.1/44117] WARN  server.ServerUtils (ServerUtils.java:getScmDbDir(148)) - ozone.scm.db.dirs is not configured. We recommend adding this setting. Falling back to ozone.metadata.dirs instead.
2022-02-12 02:09:57,584 [Listener at 127.0.0.1/44117] INFO  upgrade.AbstractLayoutVersionManager (AbstractLayoutVersionManager.java:init(79)) - Initializing Layout version manager with metadata layout = SCM_HA (version = 2), software layout = SCM_HA (version = 2)
2022-02-12 02:09:57,691 [Listener at 127.0.0.1/44117] INFO  reflections.Reflections (Reflections.java:scan(232)) - Reflections took 104 ms to scan 7 urls, producing 119 keys and 279 values 
2022-02-12 02:09:57,692 [Listener at 127.0.0.1/44117] WARN  utils.HAUtils (HAUtils.java:getMetaDir(342)) - ozone.scm.db.dirs is not configured. We recommend adding this setting. Falling back to ozone.metadata.dirs instead.
2022-02-12 02:09:57,693 [Listener at 127.0.0.1/44117] WARN  db.DBStoreBuilder (DBStoreBuilder.java:applyDBDefinition(145)) - ozone.scm.db.dirs is not configured. We recommend adding this setting. Falling back to ozone.metadata.dirs instead.
2022-02-12 02:09:57,901 [Listener at 127.0.0.1/44117] INFO  net.NodeSchemaLoader (NodeSchemaLoader.java:loadSchemaFromFile(129)) - Loading schema from [jar:file:/home/runner/.m2/repository/org/apache/ozone/hdds-common/1.3.0-SNAPSHOT/hdds-common-1.3.0-SNAPSHOT.jar!/network-topology-default.xml]
2022-02-12 02:09:57,903 [Listener at 127.0.0.1/44117] INFO  net.NodeSchemaLoader (NodeSchemaLoader.java:loadSchema(176)) - Loading network topology layer schema file
2022-02-12 02:09:57,912 [Listener at 127.0.0.1/44117] INFO  ha.SCMRatisServerImpl (SCMRatisServerImpl.java:<init>(87)) - starting Raft server for scm:c467f674-5d00-4497-9e9e-a7c35f247abe
2022-02-12 02:09:57,912 [Listener at 127.0.0.1/44117] INFO  server.RaftServer (ConfUtils.java:logGet(44)) - raft.rpc.type = GRPC (default)
2022-02-12 02:09:57,913 [Listener at 127.0.0.1/44117] INFO  grpc.GrpcFactory (GrpcFactory.java:checkPooledByteBufAllocatorUseCacheForAllThreads(48)) - PERFORMANCE WARNING: useCacheForAllThreads is true that may cause Netty to create a lot garbage objects and, as a result, trigger GC.
	It is recommended to disable useCacheForAllThreads by setting -Dorg.apache.ratis.thirdparty.io.netty.allocator.useCacheForAllThreads=false in command line.
2022-02-12 02:09:57,913 [Listener at 127.0.0.1/44117] INFO  grpc.GrpcConfigKeys (ConfUtils.java:logGet(44)) - raft.grpc.admin.port = -1 (default)
2022-02-12 02:09:57,913 [Listener at 127.0.0.1/44117] INFO  grpc.GrpcConfigKeys (ConfUtils.java:logGet(44)) - raft.grpc.server.port = 9894 (custom)
2022-02-12 02:09:57,914 [Listener at 127.0.0.1/44117] INFO  grpc.GrpcConfigKeys (ConfUtils.java:logGet(44)) - raft.grpc.client.port = -1 (default)
2022-02-12 02:09:57,914 [Listener at 127.0.0.1/44117] INFO  grpc.GrpcConfigKeys (ConfUtils.java:logGet(44)) - raft.grpc.server.port = 9894 (custom)
2022-02-12 02:09:57,914 [Listener at 127.0.0.1/44117] INFO  grpc.GrpcConfigKeys (ConfUtils.java:logGet(44)) - raft.grpc.server.port = 9894 (custom)
2022-02-12 02:09:57,914 [Listener at 127.0.0.1/44117] INFO  server.GrpcService (ConfUtils.java:logGet(44)) - raft.grpc.message.size.max = 32m (=33554432) (custom)
2022-02-12 02:09:57,914 [Listener at 127.0.0.1/44117] INFO  server.RaftServerConfigKeys (ConfUtils.java:logGet(44)) - raft.server.log.appender.buffer.byte-limit = 33554432 (custom)
2022-02-12 02:09:57,914 [Listener at 127.0.0.1/44117] INFO  server.GrpcService (ConfUtils.java:logGet(44)) - raft.grpc.flow.control.window = 1MB (=1048576) (default)
2022-02-12 02:09:57,915 [Listener at 127.0.0.1/44117] INFO  server.RaftServerConfigKeys (ConfUtils.java:logGet(44)) - raft.server.rpc.request.timeout = 30000ms (custom)
2022-02-12 02:09:57,916 [Listener at 127.0.0.1/44117] INFO  impl.DataStreamServerImpl (ConfUtils.java:logGet(44)) - raft.datastream.type = DISABLED (default)
2022-02-12 02:09:57,916 [Listener at 127.0.0.1/44117] INFO  server.RaftServerConfigKeys (ConfUtils.java:logGet(44)) - raft.server.rpc.slowness.timeout = 120000ms (custom)
2022-02-12 02:09:57,916 [Listener at 127.0.0.1/44117] INFO  server.RaftServerConfigKeys (ConfUtils.java:logGet(44)) - raft.server.leaderelection.leader.step-down.wait-time = 10s (default)
2022-02-12 02:09:57,916 [Listener at 127.0.0.1/44117] INFO  server.RaftServerConfigKeys (ConfUtils.java:logGet(44)) - raft.server.storage.dir = [/home/runner/work/ozone/ozone/hadoop-ozone/integration-test/target/test-dir/MiniOzoneClusterImpl-f86292e6-51f6-48a5-a476-e96bf2e780fe/ozone-meta/scm-ha] (custom)
2022-02-12 02:09:57,917 [Listener at 127.0.0.1/44117] INFO  server.RaftServer (RaftServerProxy.java:lambda$null$1(235)) - c467f674-5d00-4497-9e9e-a7c35f247abe: found a subdirectory /home/runner/work/ozone/ozone/hadoop-ozone/integration-test/target/test-dir/MiniOzoneClusterImpl-f86292e6-51f6-48a5-a476-e96bf2e780fe/ozone-meta/scm-ha/f86292e6-51f6-48a5-a476-e96bf2e780fe
2022-02-12 02:09:57,917 [Listener at 127.0.0.1/44117] INFO  server.RaftServer (RaftServerProxy.java:addNew(95)) - c467f674-5d00-4497-9e9e-a7c35f247abe: addNew group-E96BF2E780FE:[] returns group-E96BF2E780FE:java.util.concurrent.CompletableFuture@5334bb35[Not completed]
2022-02-12 02:09:57,917 [pool-454-thread-1] INFO  server.RaftServer$Division (RaftServerImpl.java:<init>(184)) - c467f674-5d00-4497-9e9e-a7c35f247abe: new RaftServerImpl for group-E96BF2E780FE:[] with SCMStateMachine:uninitialized
2022-02-12 02:09:57,931 [pool-454-thread-1] INFO  server.RaftServerConfigKeys (ConfUtils.java:logGet(44)) - raft.server.rpc.timeout.min = 5000ms (custom)
2022-02-12 02:09:57,931 [pool-454-thread-1] INFO  server.RaftServerConfigKeys (ConfUtils.java:logGet(44)) - raft.server.rpc.timeout.max = 5200ms (custom)
2022-02-12 02:09:57,931 [pool-454-thread-1] INFO  server.RaftServerConfigKeys (ConfUtils.java:logGet(44)) - raft.server.rpc.sleep.time = 25ms (default)
2022-02-12 02:09:57,931 [pool-454-thread-1] INFO  server.RaftServerConfigKeys (ConfUtils.java:logGet(44)) - raft.server.rpc.slowness.timeout = 120000ms (custom)
2022-02-12 02:09:57,931 [pool-454-thread-1] INFO  server.RaftServerConfigKeys (ConfUtils.java:logGet(44)) - raft.server.leaderelection.leader.step-down.wait-time = 10s (default)
2022-02-12 02:09:57,931 [pool-454-thread-1] INFO  server.RaftServerConfigKeys (ConfUtils.java:logGet(44)) - raft.server.sleep.deviation.threshold = 300ms (default)
2022-02-12 02:09:57,931 [pool-454-thread-1] INFO  server.RaftServerConfigKeys (ConfUtils.java:logGet(44)) - raft.server.log.appender.install.snapshot.enabled = false (custom)
2022-02-12 02:09:57,931 [pool-454-thread-1] INFO  server.RaftServer$Division (ServerState.java:<init>(105)) - c467f674-5d00-4497-9e9e-a7c35f247abe@group-E96BF2E780FE: ConfigurationManager, init=-1: [], old=null, confs=<EMPTY_MAP>
2022-02-12 02:09:57,931 [pool-454-thread-1] INFO  server.RaftServerConfigKeys (ConfUtils.java:logGet(44)) - raft.server.storage.dir = [/home/runner/work/ozone/ozone/hadoop-ozone/integration-test/target/test-dir/MiniOzoneClusterImpl-f86292e6-51f6-48a5-a476-e96bf2e780fe/ozone-meta/scm-ha] (custom)
2022-02-12 02:09:57,931 [pool-454-thread-1] INFO  server.RaftServerConfigKeys (ConfUtils.java:logGet(44)) - raft.server.log.corruption.policy = EXCEPTION (default)
2022-02-12 02:09:57,931 [pool-454-thread-1] INFO  server.RaftServerConfigKeys (ConfUtils.java:logGet(44)) - raft.server.storage.free-space.min = 0MB (=0) (default)
2022-02-12 02:09:57,933 [pool-454-thread-1] INFO  storage.RaftStorageDirectory (RaftStorageDirectoryImpl.java:tryLock(230)) - Lock on /home/runner/work/ozone/ozone/hadoop-ozone/integration-test/target/test-dir/MiniOzoneClusterImpl-f86292e6-51f6-48a5-a476-e96bf2e780fe/ozone-meta/scm-ha/f86292e6-51f6-48a5-a476-e96bf2e780fe/in_use.lock acquired by nodename 9178@fv-az395-998
2022-02-12 02:09:57,934 [pool-454-thread-1] INFO  storage.RaftStorage (RaftStorageImpl.java:analyzeAndRecoverStorage(110)) - Read RaftStorageMetadata{term=1, votedFor=c467f674-5d00-4497-9e9e-a7c35f247abe} from /home/runner/work/ozone/ozone/hadoop-ozone/integration-test/target/test-dir/MiniOzoneClusterImpl-f86292e6-51f6-48a5-a476-e96bf2e780fe/ozone-meta/scm-ha/f86292e6-51f6-48a5-a476-e96bf2e780fe/current/raft-meta
2022-02-12 02:09:57,934 [pool-454-thread-1] INFO  server.RaftServer$Division (ServerState.java:setRaftConf(387)) - c467f674-5d00-4497-9e9e-a7c35f247abe@group-E96BF2E780FE: set configuration 0: [c467f674-5d00-4497-9e9e-a7c35f247abe|rpc:fv-az395-998:9894|admin:|client:|dataStream:|priority:0], old=null
2022-02-12 02:09:57,934 [pool-454-thread-1] INFO  server.RaftServerConfigKeys (ConfUtils.java:logGet(44)) - raft.server.notification.no-leader.timeout = 60s (default)
2022-02-12 02:09:57,934 [pool-454-thread-1] INFO  server.RaftServerConfigKeys (ConfUtils.java:logGet(44)) - raft.server.log.use.memory = false (default)
2022-02-12 02:09:57,934 [pool-454-thread-1] INFO  server.RaftServerConfigKeys (ConfUtils.java:logGet(44)) - raft.server.log.purge.gap = 1000000 (custom)
2022-02-12 02:09:57,934 [pool-454-thread-1] INFO  server.RaftServerConfigKeys (ConfUtils.java:logGet(44)) - raft.server.log.appender.buffer.byte-limit = 33554432 (custom)
2022-02-12 02:09:57,935 [pool-454-thread-1] INFO  server.RaftServerConfigKeys (ConfUtils.java:logGet(44)) - raft.server.log.segment.size.max = 4194304 (custom)
2022-02-12 02:09:57,935 [pool-454-thread-1] INFO  server.RaftServerConfigKeys (ConfUtils.java:logGet(44)) - raft.server.log.segment.cache.num.max = 2 (custom)
2022-02-12 02:09:57,935 [pool-454-thread-1] INFO  server.RaftServerConfigKeys (ConfUtils.java:logGet(44)) - raft.server.log.segment.cache.size.max = 200MB (=209715200) (default)
2022-02-12 02:09:57,935 [pool-454-thread-1] INFO  segmented.SegmentedRaftLogWorker (SegmentedRaftLogWorker.java:<init>(182)) - new c467f674-5d00-4497-9e9e-a7c35f247abe@group-E96BF2E780FE-SegmentedRaftLogWorker for RaftStorageImpl:Storage Directory /home/runner/work/ozone/ozone/hadoop-ozone/integration-test/target/test-dir/MiniOzoneClusterImpl-f86292e6-51f6-48a5-a476-e96bf2e780fe/ozone-meta/scm-ha/f86292e6-51f6-48a5-a476-e96bf2e780fe
2022-02-12 02:09:57,935 [pool-454-thread-1] INFO  server.RaftServerConfigKeys (ConfUtils.java:logGet(44)) - raft.server.log.queue.byte-limit = 64MB (=67108864) (default)
2022-02-12 02:09:57,940 [pool-454-thread-1] INFO  server.RaftServerConfigKeys (ConfUtils.java:logGet(44)) - raft.server.log.queue.element-limit = 4096 (default)
2022-02-12 02:09:57,940 [pool-454-thread-1] INFO  server.RaftServerConfigKeys (ConfUtils.java:logGet(44)) - raft.server.log.segment.size.max = 4194304 (custom)
2022-02-12 02:09:57,940 [pool-454-thread-1] INFO  server.RaftServerConfigKeys (ConfUtils.java:logGet(44)) - raft.server.log.preallocated.size = 4194304 (custom)
2022-02-12 02:09:57,940 [pool-454-thread-1] INFO  server.RaftServerConfigKeys (ConfUtils.java:logGet(44)) - raft.server.log.force.sync.num = 128 (default)
2022-02-12 02:09:57,940 [pool-454-thread-1] INFO  server.RaftServerConfigKeys (ConfUtils.java:logGet(44)) - raft.server.log.statemachine.data.sync = true (default)
2022-02-12 02:09:57,940 [pool-454-thread-1] INFO  server.RaftServerConfigKeys (ConfUtils.java:logGet(44)) - raft.server.log.statemachine.data.sync.timeout = 10s (default)
2022-02-12 02:09:57,940 [pool-454-thread-1] INFO  server.RaftServerConfigKeys (ConfUtils.java:logGet(44)) - raft.server.log.statemachine.data.sync.timeout.retry = -1 (default)
2022-02-12 02:09:57,941 [pool-454-thread-1] INFO  server.RaftServerConfigKeys (ConfUtils.java:logGet(44)) - raft.server.log.write.buffer.size = 64KB (=65536) (default)
2022-02-12 02:09:57,941 [pool-454-thread-1] INFO  server.RaftServerConfigKeys (ConfUtils.java:logGet(44)) - raft.server.log.statemachine.data.caching.enabled = false (default)
2022-02-12 02:09:57,942 [pool-454-thread-1] INFO  server.RaftServer$Division (ServerState.java:setRaftConf(387)) - c467f674-5d00-4497-9e9e-a7c35f247abe@group-E96BF2E780FE: set configuration 0: [c467f674-5d00-4497-9e9e-a7c35f247abe|rpc:fv-az395-998:9894|admin:|client:|dataStream:|priority:0], old=null
2022-02-12 02:09:57,942 [pool-454-thread-1] INFO  segmented.LogSegment (LogSegment.java:loadSegment(173)) - Successfully read 1 entries from segment file /home/runner/work/ozone/ozone/hadoop-ozone/integration-test/target/test-dir/MiniOzoneClusterImpl-f86292e6-51f6-48a5-a476-e96bf2e780fe/ozone-meta/scm-ha/f86292e6-51f6-48a5-a476-e96bf2e780fe/current/log_inprogress_0
2022-02-12 02:09:57,942 [pool-454-thread-1] INFO  segmented.SegmentedRaftLogWorker (SegmentedRaftLogWorker.java:lambda$new$0(133)) - c467f674-5d00-4497-9e9e-a7c35f247abe@group-E96BF2E780FE-SegmentedRaftLogWorker: flushIndex: setUnconditionally 0 -> 0
2022-02-12 02:09:57,942 [pool-454-thread-1] INFO  segmented.SegmentedRaftLogWorker (SegmentedRaftLogWorker.java:lambda$new$0(133)) - c467f674-5d00-4497-9e9e-a7c35f247abe@group-E96BF2E780FE-SegmentedRaftLogWorker: safeCacheEvictIndex: setUnconditionally 0 -> -1
2022-02-12 02:09:57,964 [pool-454-thread-1] INFO  server.RaftServerConfigKeys (ConfUtils.java:logGet(44)) - raft.server.snapshot.auto.trigger.enabled = true (custom)
2022-02-12 02:09:57,964 [pool-454-thread-1] INFO  server.RaftServerConfigKeys (ConfUtils.java:logGet(44)) - raft.server.snapshot.auto.trigger.threshold = 1000 (custom)
2022-02-12 02:09:57,964 [pool-454-thread-1] INFO  server.RaftServerConfigKeys (ConfUtils.java:logGet(44)) - raft.server.snapshot.retention.file.num = -1 (default)
2022-02-12 02:09:57,965 [pool-454-thread-1] INFO  server.RaftServerConfigKeys (ConfUtils.java:logGet(44)) - raft.server.log.purge.upto.snapshot.index = false (default)
2022-02-12 02:09:57,965 [pool-454-thread-1] INFO  server.RaftServerConfigKeys (ConfUtils.java:logGet(44)) - raft.server.retrycache.expirytime = 60000ms (default)
2022-02-12 02:09:57,965 [pool-454-thread-1] INFO  server.RaftServerConfigKeys (ConfUtils.java:logGet(44)) - raft.server.retrycache.statistics.expirytime = 100μs (default)
2022-02-12 02:09:57,974 [Listener at 127.0.0.1/44117] INFO  ha.SCMSnapshotProvider (SCMSnapshotProvider.java:<init>(66)) - Initializing SCM Snapshot Provider
2022-02-12 02:09:57,974 [Listener at 127.0.0.1/44117] WARN  server.ServerUtils (ServerUtils.java:getDefaultRatisDirectory(237)) - Storage directory for Ratis is not configured. It is a good idea to map this to an SSD disk. Falling back to ozone.metadata.dirs
2022-02-12 02:09:57,974 [Listener at 127.0.0.1/44117] WARN  ha.SCMHAUtils (SCMHAUtils.java:getSCMRatisSnapshotDirectory(146)) - SCM snapshot dir is not configured. Falling back to ozone.metadata.dirs config
2022-02-12 02:09:57,975 [Listener at 127.0.0.1/44117] INFO  ha.SequenceIdGenerator (SequenceIdGenerator.java:upgradeToSequenceId(347)) - upgrade localId to 109611004723200000
2022-02-12 02:09:57,976 [Listener at 127.0.0.1/44117] INFO  ha.SequenceIdGenerator (SequenceIdGenerator.java:upgradeToSequenceId(357)) - upgrade delTxnId to 0
2022-02-12 02:09:57,976 [Listener at 127.0.0.1/44117] INFO  ha.SequenceIdGenerator (SequenceIdGenerator.java:upgradeToSequenceId(371)) - upgrade containerId to 0
2022-02-12 02:09:57,976 [Listener at 127.0.0.1/44117] INFO  ha.SequenceIdGenerator (SequenceIdGenerator.java:<init>(218)) - Init the HA SequenceIdGenerator.
2022-02-12 02:09:57,976 [Listener at 127.0.0.1/44117] WARN  server.ServerUtils (ServerUtils.java:sanitizeUserArgs(73)) - ozone.scm.stale.node.interval value = 300000 is larger than max = 100000 based on the key value of ozone.scm.heartbeat.thread.interval, reset to the max value 100000.
2022-02-12 02:09:57,977 [Listener at 127.0.0.1/44117] WARN  server.ServerUtils (ServerUtils.java:sanitizeUserArgs(73)) - ozone.scm.stale.node.interval value = 300000 is larger than max = 100000 based on the key value of ozone.scm.heartbeat.thread.interval, reset to the max value 100000.
2022-02-12 02:09:57,992 [Listener at 127.0.0.1/44117] INFO  node.SCMNodeManager (SCMNodeManager.java:<init>(144)) - Entering startup safe mode.
2022-02-12 02:09:57,993 [Listener at 127.0.0.1/44117] INFO  algorithms.ContainerPlacementPolicyFactory (ContainerPlacementPolicyFactory.java:getPolicy(60)) - Create container placement policy of type org.apache.hadoop.hdds.scm.container.placement.algorithms.SCMContainerPlacementRandom
2022-02-12 02:09:57,993 [Listener at 127.0.0.1/44117] INFO  pipeline.PipelineStateManagerImpl (PipelineStateManagerImpl.java:initialize(78)) - No pipeline exists in current db
2022-02-12 02:09:57,993 [Listener at 127.0.0.1/44117] INFO  algorithms.LeaderChoosePolicyFactory (LeaderChoosePolicyFactory.java:getPolicy(57)) - Create leader choose policy of type org.apache.hadoop.hdds.scm.pipeline.leader.choose.algorithms.MinLeaderCountChoosePolicy
2022-02-12 02:09:57,994 [Listener at 127.0.0.1/44117] INFO  ha.SCMServiceManager (SCMServiceManager.java:register(43)) - Registering service BackgroundPipelineCreator.
2022-02-12 02:09:57,994 [Listener at 127.0.0.1/44117] INFO  pipeline.BackgroundPipelineCreator (BackgroundPipelineCreator.java:start(130)) - Starting RatisPipelineUtilsThread.
2022-02-12 02:09:58,019 [Listener at 127.0.0.1/44117] INFO  algorithms.PipelineChoosePolicyFactory (PipelineChoosePolicyFactory.java:createPipelineChoosePolicyFromClass(73)) - Create pipeline choose policy of type org.apache.hadoop.hdds.scm.pipeline.choose.algorithms.RandomPipelineChoosePolicy
2022-02-12 02:09:58,019 [Listener at 127.0.0.1/44117] INFO  ha.SCMServiceManager (SCMServiceManager.java:register(43)) - Registering service SCMBlockDeletingService.
2022-02-12 02:09:58,019 [Listener at 127.0.0.1/44117] INFO  ha.SCMServiceManager (SCMServiceManager.java:register(43)) - Registering service ReplicationManager.
2022-02-12 02:09:58,020 [Listener at 127.0.0.1/44117] INFO  container.ReplicationManager (ReplicationManager.java:start(326)) - Starting Replication Monitor Thread.
2022-02-12 02:09:58,036 [Listener at 127.0.0.1/44117] INFO  safemode.ContainerSafeModeRule (ContainerSafeModeRule.java:<init>(89)) - containers with one replica threshold count 0
2022-02-12 02:09:58,036 [Listener at 127.0.0.1/44117] INFO  safemode.HealthyPipelineSafeModeRule (HealthyPipelineSafeModeRule.java:initializeRule(156)) - Total pipeline count is 0, healthy pipeline threshold count is 1
2022-02-12 02:09:58,037 [Listener at 127.0.0.1/44117] INFO  safemode.OneReplicaPipelineSafeModeRule (OneReplicaPipelineSafeModeRule.java:initializeRule(180)) - Total pipeline count is 0, pipeline's with at least one datanode reported threshold count is 0
2022-02-12 02:09:58,037 [Listener at 127.0.0.1/44117] INFO  ipc.CallQueueManager (CallQueueManager.java:<init>(90)) - Using callQueue: class java.util.concurrent.LinkedBlockingQueue, queueCapacity: 2000, scheduler: class org.apache.hadoop.ipc.DefaultRpcScheduler, ipcBackoff: false.
2022-02-12 02:09:58,047 [ReplicationMonitor] INFO  container.ReplicationManager (ReplicationManager.java:processAll(374)) - Replication Manager is not ready to run until 3000ms after safemode exit
2022-02-12 02:09:58,059 [Socket Reader #1 for port 0] INFO  ipc.Server (Server.java:run(1265)) - Starting Socket Reader #1 for port 0
2022-02-12 02:09:58,081 [Listener at 0.0.0.0/40289] INFO  ipc.CallQueueManager (CallQueueManager.java:<init>(90)) - Using callQueue: class java.util.concurrent.LinkedBlockingQueue, queueCapacity: 2000, scheduler: class org.apache.hadoop.ipc.DefaultRpcScheduler, ipcBackoff: false.
2022-02-12 02:09:58,092 [Socket Reader #1 for port 0] INFO  ipc.Server (Server.java:run(1265)) - Starting Socket Reader #1 for port 0
2022-02-12 02:09:58,093 [Listener at 0.0.0.0/46111] INFO  ipc.CallQueueManager (CallQueueManager.java:<init>(90)) - Using callQueue: class java.util.concurrent.LinkedBlockingQueue, queueCapacity: 2000, scheduler: class org.apache.hadoop.ipc.DefaultRpcScheduler, ipcBackoff: false.
2022-02-12 02:09:58,096 [Socket Reader #1 for port 0] INFO  ipc.Server (Server.java:run(1265)) - Starting Socket Reader #1 for port 0
2022-02-12 02:09:58,129 [Listener at 0.0.0.0/46433] INFO  algorithms.ContainerPlacementPolicyFactory (ContainerPlacementPolicyFactory.java:getPolicy(60)) - Create container placement policy of type org.apache.hadoop.hdds.scm.container.placement.algorithms.SCMContainerPlacementRandom
2022-02-12 02:09:58,129 [Listener at 0.0.0.0/46433] INFO  server.StorageContainerManager (StorageContainerManager.java:<init>(388)) - 
Container Balancer status:
Key                            Value
Running                        false
Container Balancer Configuration values:
Key                                                Value
Threshold                                          10
Max Datanodes to Involve per Iteration(percent)    20
Max Size to Move per Iteration                     500GB
Max Size Entering Target per Iteration             26GB
Max Size Leaving Source per Iteration              26GB

2022-02-12 02:09:58,130 [Listener at 0.0.0.0/46433] WARN  events.EventQueue (EventQueue.java:fireEvent(194)) - No event handler registered for event TypedEvent{payloadType=SafeModeStatus, name='Safe mode status'}
2022-02-12 02:09:58,130 [Listener at 0.0.0.0/46433] INFO  ha.SCMContext (SCMContext.java:updateSafeModeStatus(211)) - Update SafeModeStatus from SafeModeStatus{safeModeStatus=true, preCheckPassed=false} to SafeModeStatus{safeModeStatus=true, preCheckPassed=false}.
2022-02-12 02:09:58,130 [Listener at 0.0.0.0/46433] INFO  server.StorageContainerManager (StorageContainerManager.java:start(1303)) - StorageContainerLocationProtocol RPC server is listening at /0.0.0.0:46433
2022-02-12 02:09:58,130 [Listener at 0.0.0.0/46433] INFO  ha.SCMRatisServerImpl (SCMRatisServerImpl.java:start(177)) - starting ratis server 0.0.0.0:9894
2022-02-12 02:09:58,131 [Listener at 0.0.0.0/46433] INFO  server.RaftServer$Division (RaftServerImpl.java:start(301)) - c467f674-5d00-4497-9e9e-a7c35f247abe@group-E96BF2E780FE: start as a follower, conf=0: [c467f674-5d00-4497-9e9e-a7c35f247abe|rpc:fv-az395-998:9894|admin:|client:|dataStream:|priority:0], old=null
2022-02-12 02:09:58,131 [Listener at 0.0.0.0/46433] INFO  server.RaftServer$Division (RaftServerImpl.java:setRole(290)) - c467f674-5d00-4497-9e9e-a7c35f247abe@group-E96BF2E780FE: changes role from      null to FOLLOWER at term 1 for startAsFollower
2022-02-12 02:09:58,131 [Listener at 0.0.0.0/46433] INFO  impl.RoleInfo (RoleInfo.java:updateAndGet(130)) - c467f674-5d00-4497-9e9e-a7c35f247abe: start c467f674-5d00-4497-9e9e-a7c35f247abe@group-E96BF2E780FE-FollowerState
2022-02-12 02:09:58,131 [Listener at 0.0.0.0/46433] INFO  util.JmxRegister (JmxRegister.java:tryRegister(44)) - Successfully registered JMX Bean with object name Ratis:service=RaftServer,group=group-E96BF2E780FE,id=c467f674-5d00-4497-9e9e-a7c35f247abe
2022-02-12 02:09:58,140 [Listener at 0.0.0.0/46433] INFO  server.RaftServer (RaftServerProxy.java:lambda$start$5(374)) - c467f674-5d00-4497-9e9e-a7c35f247abe: start RPC server
2022-02-12 02:09:58,142 [Listener at 0.0.0.0/46433] INFO  server.GrpcService (GrpcService.java:startImpl(253)) - c467f674-5d00-4497-9e9e-a7c35f247abe: GrpcService started, listening on 9894
2022-02-12 02:09:58,144 [Listener at 0.0.0.0/46433] INFO  ha.SCMHAManagerImpl (SCMHAManagerImpl.java:start(121)) -  scm role is FOLLOWER peers [c467f674-5d00-4497-9e9e-a7c35f247abe|rpc:fv-az395-998:9894|admin:|client:|dataStream:|priority:0]
2022-02-12 02:09:58,144 [Listener at 0.0.0.0/46433] INFO  ha.InterSCMGrpcService (InterSCMGrpcProtocolService.java:start(94)) - Starting SCM Grpc Service at port 9895
2022-02-12 02:09:58,145 [Listener at 0.0.0.0/46433] WARN  impl.MetricsConfig (MetricsConfig.java:loadFirst(136)) - Cannot locate configuration: tried hadoop-metrics2-storagecontainermanager.properties,hadoop-metrics2.properties
2022-02-12 02:09:58,152 [org.apache.ratis.util.JvmPauseMonitor$$Lambda$421/534662976@6aea833f] INFO  util.JvmPauseMonitor (JvmPauseMonitor.java:run(103)) - JvmPauseMonitor-c467f674-5d00-4497-9e9e-a7c35f247abe: Started
2022-02-12 02:09:58,156 [Listener at 0.0.0.0/46433] INFO  impl.MetricsSystemImpl (MetricsSystemImpl.java:startTimer(378)) - Scheduled Metric snapshot period at 10 second(s).
2022-02-12 02:09:58,156 [Listener at 0.0.0.0/46433] INFO  impl.MetricsSystemImpl (MetricsSystemImpl.java:start(191)) - StorageContainerManager metrics system started
2022-02-12 02:09:58,189 [Listener at 0.0.0.0/46433] INFO  impl.MetricsSinkAdapter (MetricsSinkAdapter.java:start(204)) - Sink prometheus started
2022-02-12 02:09:58,190 [Listener at 0.0.0.0/46433] INFO  impl.MetricsSystemImpl (MetricsSystemImpl.java:registerSink(305)) - Registered sink prometheus
2022-02-12 02:09:58,235 [Listener at 0.0.0.0/46433] INFO  server.SCMClientProtocolServer (SCMClientProtocolServer.java:start(165)) - RPC server for Client  is listening at /0.0.0.0:46433
2022-02-12 02:09:58,243 [IPC Server listener on 0] INFO  ipc.Server (Server.java:run(1344)) - IPC Server listener on 0: starting
2022-02-12 02:09:58,245 [Listener at 0.0.0.0/46433] INFO  server.StorageContainerManager (StorageContainerManager.java:start(1318)) - ScmBlockLocationProtocol RPC server is listening at /0.0.0.0:46111
2022-02-12 02:09:58,245 [Listener at 0.0.0.0/46433] INFO  server.SCMBlockProtocolServer (SCMBlockProtocolServer.java:start(151)) - RPC server for Block Protocol is listening at /0.0.0.0:46111
2022-02-12 02:09:58,246 [IPC Server Responder] INFO  ipc.Server (Server.java:run(1507)) - IPC Server Responder: starting
2022-02-12 02:09:58,246 [IPC Server listener on 0] INFO  ipc.Server (Server.java:run(1344)) - IPC Server listener on 0: starting
2022-02-12 02:09:58,258 [Listener at 0.0.0.0/46433] INFO  http.BaseHttpServer (BaseHttpServer.java:newHttpServer2BuilderForOzone(209)) - Starting Web-server for scm at: http://0.0.0.0:0
2022-02-12 02:09:58,258 [Listener at 0.0.0.0/46433] INFO  http.BaseHttpServer (BaseHttpServer.java:<init>(107)) - Hadoop Security Enabled: false Ozone Security Enabled: false Ozone HTTP Security Enabled: false 
2022-02-12 02:09:58,264 [org.apache.hadoop.util.JvmPauseMonitor$Monitor@57cad6a5] INFO  util.JvmPauseMonitor (JvmPauseMonitor.java:run(188)) - Starting JVM pause monitor
2022-02-12 02:09:58,265 [Listener at 0.0.0.0/46433] INFO  server.AuthenticationFilter (AuthenticationFilter.java:constructSecretProvider(240)) - Unable to initialize FileSignerSecretProvider, falling back to use random secrets.
2022-02-12 02:09:58,264 [IPC Server Responder] INFO  ipc.Server (Server.java:run(1507)) - IPC Server Responder: starting
2022-02-12 02:09:58,288 [Listener at 0.0.0.0/46433] WARN  http.HttpRequestLog (HttpRequestLog.java:getRequestLog(103)) - Jetty request log can only be enabled using Log4j
2022-02-12 02:09:58,301 [Listener at 0.0.0.0/46433] INFO  http.HttpServer2 (HttpServer2.java:addGlobalFilter(1030)) - Added global filter 'safety' (class=org.apache.hadoop.hdds.server.http.HttpServer2$QuotingInputFilter)
2022-02-12 02:09:58,305 [Listener at 0.0.0.0/46433] INFO  http.HttpServer2 (HttpServer2.java:addFilter(1006)) - Added filter static_user_filter (class=org.apache.hadoop.http.lib.StaticUserWebFilter$StaticUserFilter) to context scm
2022-02-12 02:09:58,305 [Listener at 0.0.0.0/46433] INFO  http.HttpServer2 (HttpServer2.java:addFilter(1014)) - Added filter static_user_filter (class=org.apache.hadoop.http.lib.StaticUserWebFilter$StaticUserFilter) to context static
2022-02-12 02:09:58,306 [Listener at 0.0.0.0/46433] INFO  http.HttpServer2 (HttpServer2.java:addFilter(1014)) - Added filter static_user_filter (class=org.apache.hadoop.http.lib.StaticUserWebFilter$StaticUserFilter) to context logs
2022-02-12 02:09:58,308 [Listener at 0.0.0.0/46433] INFO  http.HttpServer2 (HttpServer2.java:bindListener(1249)) - Jetty bound to port 41881
2022-02-12 02:09:58,309 [Listener at 0.0.0.0/46433] INFO  server.Server (Server.java:doStart(375)) - jetty-9.4.43.v20210629; built: 2021-06-30T11:07:22.254Z; git: 526006ecfa3af7f1a27ef3a288e2bef7ea9dd7e8; jvm 1.8.0_312-b07
2022-02-12 02:09:58,341 [Listener at 0.0.0.0/46433] INFO  server.session (DefaultSessionIdManager.java:doStart(334)) - DefaultSessionIdManager workerName=node0
2022-02-12 02:09:58,341 [Listener at 0.0.0.0/46433] INFO  server.session (DefaultSessionIdManager.java:doStart(339)) - No SessionScavenger set, using defaults
2022-02-12 02:09:58,342 [Listener at 0.0.0.0/46433] INFO  server.session (HouseKeeper.java:startScavenging(132)) - node0 Scavenging every 600000ms
2022-02-12 02:09:58,343 [Listener at 0.0.0.0/46433] INFO  handler.ContextHandler (ContextHandler.java:doStart(915)) - Started o.e.j.s.ServletContextHandler@34fa65d6{logs,/logs,file:///home/runner/work/ozone/ozone/hadoop-ozone/integration-test/target/log,AVAILABLE}
2022-02-12 02:09:58,343 [Listener at 0.0.0.0/46433] INFO  handler.ContextHandler (ContextHandler.java:doStart(915)) - Started o.e.j.s.ServletContextHandler@41b30463{static,/static,file:///home/runner/work/ozone/ozone/hadoop-ozone/integration-test/target/test-classes/webapps/static,AVAILABLE}
2022-02-12 02:09:58,347 [Listener at 0.0.0.0/46433] INFO  handler.ContextHandler (ContextHandler.java:doStart(915)) - Started o.e.j.w.WebAppContext@306b6231{scm,/,file:///home/runner/work/ozone/ozone/hadoop-ozone/integration-test/target/test-classes/webapps/scm/,AVAILABLE}{file:/home/runner/work/ozone/ozone/hadoop-ozone/integration-test/target/test-classes/webapps/scm}
2022-02-12 02:09:58,370 [Listener at 0.0.0.0/46433] INFO  server.AbstractConnector (AbstractConnector.java:doStart(331)) - Started ServerConnector@1310a3a{HTTP/1.1, (http/1.1)}{0.0.0.0:41881}
2022-02-12 02:09:58,371 [Listener at 0.0.0.0/46433] INFO  server.Server (Server.java:doStart(415)) - Started @216594ms
2022-02-12 02:09:58,371 [Listener at 0.0.0.0/46433] WARN  impl.MetricsSystemImpl (MetricsSystemImpl.java:register(279)) - Sink prometheus already exists!
2022-02-12 02:09:58,372 [Listener at 0.0.0.0/46433] INFO  http.BaseHttpServer (BaseHttpServer.java:updateConnectorAddress(329)) - HTTP server of scm listening at http://0.0.0.0:41881
2022-02-12 02:09:58,372 [Listener at 0.0.0.0/46433] WARN  server.ServerUtils (ServerUtils.java:getDBPath(225)) - ozone.om.db.dirs is not configured. We recommend adding this setting. Falling back to ozone.metadata.dirs instead.
2022-02-12 02:09:58,393 [Listener at 0.0.0.0/46433] INFO  ha.OMHANodeDetails (OMHANodeDetails.java:loadOMHAConfig(112)) - ozone.om.internal.service.id is not defined, falling back to ozone.om.service.ids to find serviceID for OzoneManager if it is HA enabled cluster
2022-02-12 02:09:58,393 [Listener at 0.0.0.0/46433] INFO  ha.OMHANodeDetails (OMHANodeDetails.java:loadOMHAConfig(218)) - Configuration does not have ozone.om.address set. Falling back to the default OM address /127.0.0.1:0
2022-02-12 02:09:58,393 [Listener at 0.0.0.0/46433] INFO  ha.OMHANodeDetails (OMHANodeDetails.java:getOMNodeDetailsForNonHA(246)) - OM Service ID is not set. Setting it to the default ID: omServiceIdDefault
2022-02-12 02:09:58,393 [Listener at 0.0.0.0/46433] INFO  ha.OMHANodeDetails (OMHANodeDetails.java:getOMNodeDetailsForNonHA(253)) - OM Node ID is not set. Setting it to the default ID: om1
2022-02-12 02:09:58,393 [Listener at 0.0.0.0/46433] WARN  server.ServerUtils (ServerUtils.java:getDBPath(225)) - ozone.om.db.dirs is not configured. We recommend adding this setting. Falling back to ozone.metadata.dirs instead.
2022-02-12 02:09:58,394 [Listener at 0.0.0.0/46433] INFO  upgrade.AbstractLayoutVersionManager (AbstractLayoutVersionManager.java:init(79)) - Initializing Layout version manager with metadata layout = INITIAL_VERSION (version = 0), software layout = INITIAL_VERSION (version = 0)
2022-02-12 02:09:58,485 [Listener at 0.0.0.0/46433] INFO  reflections.Reflections (Reflections.java:scan(232)) - Reflections took 91 ms to scan 2 urls, producing 133 keys and 348 values [using 2 cores]
2022-02-12 02:09:58,486 [Listener at 0.0.0.0/46433] INFO  upgrade.OMLayoutVersionManager (OMLayoutVersionManager.java:lambda$0(115)) - Skipping Upgrade Action MockOmUpgradeAction since it has been finalized.
2022-02-12 02:09:58,486 [Listener at 0.0.0.0/46433] WARN  server.ServerUtils (ServerUtils.java:getDBPath(225)) - ozone.om.db.dirs is not configured. We recommend adding this setting. Falling back to ozone.metadata.dirs instead.
2022-02-12 02:10:00,531 [Listener at 0.0.0.0/46433] INFO  retry.RetryInvocationHandler (RetryInvocationHandler.java:log(411)) - com.google.protobuf.ServiceException: org.apache.hadoop.ipc.RemoteException(org.apache.hadoop.hdds.ratis.ServerNotLeaderException): Server:c467f674-5d00-4497-9e9e-a7c35f247abe is not the leader. Could not determine the leader node.
	at org.apache.hadoop.hdds.ratis.ServerNotLeaderException.convertToNotLeaderException(ServerNotLeaderException.java:109)
	at org.apache.hadoop.hdds.scm.ha.RatisUtil.checkRatisException(RatisUtil.java:245)
	at org.apache.hadoop.hdds.scm.protocol.ScmBlockLocationProtocolServerSideTranslatorPB.send(ScmBlockLocationProtocolServerSideTranslatorPB.java:108)
	at org.apache.hadoop.hdds.protocol.proto.ScmBlockLocationProtocolProtos$ScmBlockLocationProtocolService$2.callBlockingMethod(ScmBlockLocationProtocolProtos.java:13937)
	at org.apache.hadoop.ipc.ProtobufRpcEngine$Server.processCall(ProtobufRpcEngine.java:466)
	at org.apache.hadoop.ipc.ProtobufRpcEngine2$Server$ProtoBufRpcInvoker.call(ProtobufRpcEngine2.java:574)
	at org.apache.hadoop.ipc.ProtobufRpcEngine2$Server$ProtoBufRpcInvoker.call(ProtobufRpcEngine2.java:552)
	at org.apache.hadoop.ipc.RPC$Server.call(RPC.java:1093)
	at org.apache.hadoop.ipc.Server$RpcCall.run(Server.java:1035)
	at org.apache.hadoop.ipc.Server$RpcCall.run(Server.java:963)
	at java.security.AccessController.doPrivileged(Native Method)
	at javax.security.auth.Subject.doAs(Subject.java:422)
	at org.apache.hadoop.security.UserGroupInformation.doAs(UserGroupInformation.java:1878)
	at org.apache.hadoop.ipc.Server$Handler.run(Server.java:2966)
, while invoking $Proxy46.send over nodeId=scmNodeId,nodeAddress=/0.0.0.0:46111 after 1 failover attempts. Trying to failover after sleeping for 2000ms.
2022-02-12 02:10:02,537 [Listener at 0.0.0.0/46433] INFO  retry.RetryInvocationHandler (RetryInvocationHandler.java:log(411)) - com.google.protobuf.ServiceException: org.apache.hadoop.ipc.RemoteException(org.apache.hadoop.hdds.ratis.ServerNotLeaderException): Server:c467f674-5d00-4497-9e9e-a7c35f247abe is not the leader. Could not determine the leader node.
	at org.apache.hadoop.hdds.ratis.ServerNotLeaderException.convertToNotLeaderException(ServerNotLeaderException.java:109)
	at org.apache.hadoop.hdds.scm.ha.RatisUtil.checkRatisException(RatisUtil.java:245)
	at org.apache.hadoop.hdds.scm.protocol.ScmBlockLocationProtocolServerSideTranslatorPB.send(ScmBlockLocationProtocolServerSideTranslatorPB.java:108)
	at org.apache.hadoop.hdds.protocol.proto.ScmBlockLocationProtocolProtos$ScmBlockLocationProtocolService$2.callBlockingMethod(ScmBlockLocationProtocolProtos.java:13937)
	at org.apache.hadoop.ipc.ProtobufRpcEngine$Server.processCall(ProtobufRpcEngine.java:466)
	at org.apache.hadoop.ipc.ProtobufRpcEngine2$Server$ProtoBufRpcInvoker.call(ProtobufRpcEngine2.java:574)
	at org.apache.hadoop.ipc.ProtobufRpcEngine2$Server$ProtoBufRpcInvoker.call(ProtobufRpcEngine2.java:552)
	at org.apache.hadoop.ipc.RPC$Server.call(RPC.java:1093)
	at org.apache.hadoop.ipc.Server$RpcCall.run(Server.java:1035)
	at org.apache.hadoop.ipc.Server$RpcCall.run(Server.java:963)
	at java.security.AccessController.doPrivileged(Native Method)
	at javax.security.auth.Subject.doAs(Subject.java:422)
	at org.apache.hadoop.security.UserGroupInformation.doAs(UserGroupInformation.java:1878)
	at org.apache.hadoop.ipc.Server$Handler.run(Server.java:2966)
, while invoking $Proxy46.send over nodeId=scmNodeId,nodeAddress=/0.0.0.0:46111 after 2 failover attempts. Trying to failover after sleeping for 2000ms.
2022-02-12 02:10:03,269 [c467f674-5d00-4497-9e9e-a7c35f247abe@group-E96BF2E780FE-FollowerState] INFO  impl.FollowerState (FollowerState.java:run(134)) - c467f674-5d00-4497-9e9e-a7c35f247abe@group-E96BF2E780FE-FollowerState: change to CANDIDATE, lastRpcElapsedTime:5137848828ns, electionTimeout:5129ms
2022-02-12 02:10:03,269 [c467f674-5d00-4497-9e9e-a7c35f247abe@group-E96BF2E780FE-FollowerState] INFO  impl.RoleInfo (RoleInfo.java:shutdownFollowerState(108)) - c467f674-5d00-4497-9e9e-a7c35f247abe: shutdown c467f674-5d00-4497-9e9e-a7c35f247abe@group-E96BF2E780FE-FollowerState
2022-02-12 02:10:03,269 [c467f674-5d00-4497-9e9e-a7c35f247abe@group-E96BF2E780FE-FollowerState] INFO  server.RaftServer$Division (RaftServerImpl.java:setRole(290)) - c467f674-5d00-4497-9e9e-a7c35f247abe@group-E96BF2E780FE: changes role from  FOLLOWER to CANDIDATE at term 1 for changeToCandidate
2022-02-12 02:10:03,269 [c467f674-5d00-4497-9e9e-a7c35f247abe@group-E96BF2E780FE-FollowerState] INFO  server.RaftServerConfigKeys (ConfUtils.java:logGet(44)) - raft.server.leaderelection.pre-vote = false (custom)
2022-02-12 02:10:03,269 [c467f674-5d00-4497-9e9e-a7c35f247abe@group-E96BF2E780FE-FollowerState] INFO  impl.RoleInfo (RoleInfo.java:updateAndGet(130)) - c467f674-5d00-4497-9e9e-a7c35f247abe: start c467f674-5d00-4497-9e9e-a7c35f247abe@group-E96BF2E780FE-LeaderElection60
2022-02-12 02:10:03,290 [c467f674-5d00-4497-9e9e-a7c35f247abe@group-E96BF2E780FE-LeaderElection60] INFO  impl.LeaderElection (LeaderElection.java:askForVotes(306)) - c467f674-5d00-4497-9e9e-a7c35f247abe@group-E96BF2E780FE-LeaderElection60 ELECTION round 0: submit vote requests at term 2 for 0: [c467f674-5d00-4497-9e9e-a7c35f247abe|rpc:fv-az395-998:9894|admin:|client:|dataStream:|priority:0], old=null
2022-02-12 02:10:03,290 [c467f674-5d00-4497-9e9e-a7c35f247abe@group-E96BF2E780FE-LeaderElection60] INFO  impl.LeaderElection (LeaderElection.java:askForVotes(308)) - c467f674-5d00-4497-9e9e-a7c35f247abe@group-E96BF2E780FE-LeaderElection60 ELECTION round 0: result PASSED (term=2)
2022-02-12 02:10:03,291 [c467f674-5d00-4497-9e9e-a7c35f247abe@group-E96BF2E780FE-LeaderElection60] INFO  impl.RoleInfo (RoleInfo.java:shutdownLeaderElection(121)) - c467f674-5d00-4497-9e9e-a7c35f247abe: shutdown c467f674-5d00-4497-9e9e-a7c35f247abe@group-E96BF2E780FE-LeaderElection60
2022-02-12 02:10:03,291 [c467f674-5d00-4497-9e9e-a7c35f247abe@group-E96BF2E780FE-LeaderElection60] INFO  server.RaftServer$Division (RaftServerImpl.java:setRole(290)) - c467f674-5d00-4497-9e9e-a7c35f247abe@group-E96BF2E780FE: changes role from CANDIDATE to LEADER at term 2 for changeToLeader
2022-02-12 02:10:03,291 [c467f674-5d00-4497-9e9e-a7c35f247abe@group-E96BF2E780FE-LeaderElection60] INFO  ha.SCMStateMachine (SCMStateMachine.java:notifyLeaderChanged(259)) - current SCM becomes leader of term 2.
2022-02-12 02:10:03,291 [c467f674-5d00-4497-9e9e-a7c35f247abe@group-E96BF2E780FE-LeaderElection60] INFO  ha.SCMContext (SCMContext.java:updateLeaderAndTerm(90)) - update <isLeader,term> from <false,0> to <true,2>
2022-02-12 02:10:03,292 [c467f674-5d00-4497-9e9e-a7c35f247abe@group-E96BF2E780FE-LeaderElection60] INFO  server.RaftServer$Division (ServerState.java:setLeader(285)) - c467f674-5d00-4497-9e9e-a7c35f247abe@group-E96BF2E780FE: change Leader from null to c467f674-5d00-4497-9e9e-a7c35f247abe at term 2 for becomeLeader, leader elected after 5356ms
2022-02-12 02:10:03,292 [c467f674-5d00-4497-9e9e-a7c35f247abe@group-E96BF2E780FE-LeaderElection60] INFO  server.RaftServerConfigKeys (ConfUtils.java:logGet(44)) - raft.server.staging.catchup.gap = 1000 (default)
2022-02-12 02:10:03,292 [c467f674-5d00-4497-9e9e-a7c35f247abe@group-E96BF2E780FE-LeaderElection60] INFO  server.RaftServerConfigKeys (ConfUtils.java:logGet(44)) - raft.server.write.element-limit = 4096 (default)
2022-02-12 02:10:03,292 [c467f674-5d00-4497-9e9e-a7c35f247abe@group-E96BF2E780FE-LeaderElection60] INFO  server.RaftServerConfigKeys (ConfUtils.java:logGet(44)) - raft.server.write.byte-limit = 64MB (=67108864) (default)
2022-02-12 02:10:03,292 [c467f674-5d00-4497-9e9e-a7c35f247abe@group-E96BF2E780FE-LeaderElection60] INFO  server.RaftServerConfigKeys (ConfUtils.java:logGet(44)) - raft.server.watch.timeout = 10s (default)
2022-02-12 02:10:03,292 [c467f674-5d00-4497-9e9e-a7c35f247abe@group-E96BF2E780FE-LeaderElection60] INFO  server.RaftServerConfigKeys (ConfUtils.java:logGet(44)) - raft.server.watch.timeout.denomination = 1s (default)
2022-02-12 02:10:03,293 [c467f674-5d00-4497-9e9e-a7c35f247abe@group-E96BF2E780FE-LeaderElection60] INFO  server.RaftServerConfigKeys (ConfUtils.java:logGet(44)) - raft.server.watch.element-limit = 65536 (default)
2022-02-12 02:10:03,293 [c467f674-5d00-4497-9e9e-a7c35f247abe@group-E96BF2E780FE-LeaderElection60] INFO  server.RaftServerConfigKeys (ConfUtils.java:logGet(44)) - raft.server.write.element-limit = 4096 (default)
2022-02-12 02:10:03,294 [c467f674-5d00-4497-9e9e-a7c35f247abe@group-E96BF2E780FE-LeaderElection60] INFO  server.RaftServerConfigKeys (ConfUtils.java:logGet(44)) - raft.server.write.follower.gap.ratio.max = -1.0 (default)
2022-02-12 02:10:03,299 [c467f674-5d00-4497-9e9e-a7c35f247abe@group-E96BF2E780FE-LeaderElection60] INFO  impl.RoleInfo (RoleInfo.java:updateAndGet(130)) - c467f674-5d00-4497-9e9e-a7c35f247abe: start c467f674-5d00-4497-9e9e-a7c35f247abe@group-E96BF2E780FE-LeaderStateImpl
2022-02-12 02:10:03,299 [c467f674-5d00-4497-9e9e-a7c35f247abe@group-E96BF2E780FE-LeaderElection60] INFO  segmented.SegmentedRaftLogWorker (SegmentedRaftLogWorker.java:rollLogSegment(399)) - c467f674-5d00-4497-9e9e-a7c35f247abe@group-E96BF2E780FE-SegmentedRaftLogWorker: Rolling segment log-0_0 to index:0
2022-02-12 02:10:03,300 [c467f674-5d00-4497-9e9e-a7c35f247abe@group-E96BF2E780FE-SegmentedRaftLogWorker] INFO  segmented.SegmentedRaftLogWorker (SegmentedRaftLogWorker.java:execute(558)) - c467f674-5d00-4497-9e9e-a7c35f247abe@group-E96BF2E780FE-SegmentedRaftLogWorker: Rolled log segment from /home/runner/work/ozone/ozone/hadoop-ozone/integration-test/target/test-dir/MiniOzoneClusterImpl-f86292e6-51f6-48a5-a476-e96bf2e780fe/ozone-meta/scm-ha/f86292e6-51f6-48a5-a476-e96bf2e780fe/current/log_inprogress_0 to /home/runner/work/ozone/ozone/hadoop-ozone/integration-test/target/test-dir/MiniOzoneClusterImpl-f86292e6-51f6-48a5-a476-e96bf2e780fe/ozone-meta/scm-ha/f86292e6-51f6-48a5-a476-e96bf2e780fe/current/log_0-0
2022-02-12 02:10:03,315 [c467f674-5d00-4497-9e9e-a7c35f247abe@group-E96BF2E780FE-LeaderElection60] INFO  server.RaftServer$Division (ServerState.java:setRaftConf(387)) - c467f674-5d00-4497-9e9e-a7c35f247abe@group-E96BF2E780FE: set configuration 1: [c467f674-5d00-4497-9e9e-a7c35f247abe|rpc:fv-az395-998:9894|admin:|client:|dataStream:|priority:0], old=null
2022-02-12 02:10:03,323 [c467f674-5d00-4497-9e9e-a7c35f247abe@group-E96BF2E780FE-SegmentedRaftLogWorker] INFO  segmented.SegmentedRaftLogWorker (SegmentedRaftLogWorker.java:execute(601)) - c467f674-5d00-4497-9e9e-a7c35f247abe@group-E96BF2E780FE-SegmentedRaftLogWorker: created new log segment /home/runner/work/ozone/ozone/hadoop-ozone/integration-test/target/test-dir/MiniOzoneClusterImpl-f86292e6-51f6-48a5-a476-e96bf2e780fe/ozone-meta/scm-ha/f86292e6-51f6-48a5-a476-e96bf2e780fe/current/log_inprogress_1
2022-02-12 02:10:03,336 [c467f674-5d00-4497-9e9e-a7c35f247abe@group-E96BF2E780FE-StateMachineUpdater] INFO  ha.SCMContext (SCMContext.java:setLeaderReady(117)) - update <isLeaderReady> from <false> to <true>
2022-02-12 02:10:03,337 [c467f674-5d00-4497-9e9e-a7c35f247abe@group-E96BF2E780FE-StateMachineUpdater] INFO  pipeline.BackgroundPipelineCreator (BackgroundPipelineCreator.java:notifyStatusChanged(264)) - Service BackgroundPipelineCreator transitions to RUNNING.
2022-02-12 02:10:03,338 [c467f674-5d00-4497-9e9e-a7c35f247abe@group-E96BF2E780FE-StateMachineUpdater] INFO  safemode.HealthyPipelineSafeModeRule (HealthyPipelineSafeModeRule.java:initializeRule(152)) - Refreshed total pipeline count is 0, healthy pipeline threshold count is 1
2022-02-12 02:10:03,338 [c467f674-5d00-4497-9e9e-a7c35f247abe@group-E96BF2E780FE-StateMachineUpdater] INFO  safemode.ContainerSafeModeRule (ContainerSafeModeRule.java:reInitializeRule(177)) - Refreshed one replica container threshold 0, currentThreshold 0
2022-02-12 02:10:03,338 [c467f674-5d00-4497-9e9e-a7c35f247abe@group-E96BF2E780FE-StateMachineUpdater] INFO  safemode.OneReplicaPipelineSafeModeRule (OneReplicaPipelineSafeModeRule.java:initializeRule(176)) - Refreshed Total pipeline count is 0, pipeline's with at least one datanode reported threshold count is 0
2022-02-12 02:10:03,338 [c467f674-5d00-4497-9e9e-a7c35f247abe@group-E96BF2E780FE-StateMachineUpdater] INFO  server.SCMDatanodeProtocolServer (SCMDatanodeProtocolServer.java:start(181)) - ScmDatanodeProtocol RPC server for DataNodes is listening at /0.0.0.0:40289
2022-02-12 02:10:03,348 [IPC Server listener on 0] INFO  ipc.Server (Server.java:run(1344)) - IPC Server listener on 0: starting
2022-02-12 02:10:03,353 [IPC Server Responder] INFO  ipc.Server (Server.java:run(1507)) - IPC Server Responder: starting
2022-02-12 02:10:04,539 [Listener at 0.0.0.0/46433] WARN  server.ServerUtils (ServerUtils.java:getDBPath(225)) - ozone.om.db.dirs is not configured. We recommend adding this setting. Falling back to ozone.metadata.dirs instead.
2022-02-12 02:10:04,540 [Listener at 0.0.0.0/46433] INFO  codec.OmKeyInfoCodec (OmKeyInfoCodec.java:<init>(50)) - OmKeyInfoCodec ignorePipeline = true
2022-02-12 02:10:04,540 [Listener at 0.0.0.0/46433] INFO  codec.RepeatedOmKeyInfoCodec (RepeatedOmKeyInfoCodec.java:<init>(42)) - RepeatedOmKeyInfoCodec ignorePipeline = true
2022-02-12 02:10:04,902 [Listener at 0.0.0.0/46433] INFO  om.OzoneManager (OzoneManager.java:addS3GVolumeToDB(3732)) - Created Volume s3v With Owner runner required for S3Gateway operations.
2022-02-12 02:10:04,928 [Listener at 0.0.0.0/46433] WARN  server.ServerUtils (ServerUtils.java:getDefaultRatisDirectory(237)) - Storage directory for Ratis is not configured. It is a good idea to map this to an SSD disk. Falling back to ozone.metadata.dirs
2022-02-12 02:10:04,931 [Listener at 0.0.0.0/46433] WARN  utils.OzoneManagerRatisUtils (OzoneManagerRatisUtils.java:getOMRatisSnapshotDirectory(330)) - ozone.om.ratis.snapshot.dir is not configured. Falling back to ozone.metadata.dirs config
2022-02-12 02:10:04,932 [Listener at 0.0.0.0/46433] WARN  impl.MetricRegistriesImpl (MetricRegistriesImpl.java:addReporterRegistration(111)) - New reporters are added after registries were created. Some metrics will be missing from the reporter. Please add reporter before adding any new registry.
2022-02-12 02:10:04,932 [Listener at 0.0.0.0/46433] WARN  impl.MetricRegistriesImpl (MetricRegistriesImpl.java:addReporterRegistration(111)) - New reporters are added after registries were created. Some metrics will be missing from the reporter. Please add reporter before adding any new registry.
2022-02-12 02:10:04,932 [Listener at 0.0.0.0/46433] WARN  server.ServerUtils (ServerUtils.java:getDefaultRatisDirectory(237)) - Storage directory for Ratis is not configured. It is a good idea to map this to an SSD disk. Falling back to ozone.metadata.dirs
2022-02-12 02:10:04,933 [Listener at 0.0.0.0/46433] INFO  ratis.OzoneManagerRatisServer (OzoneManagerRatisServer.java:<init>(159)) - Instantiating OM Ratis server with groupID: omServiceIdDefault and peers: localhost:9872
2022-02-12 02:10:04,933 [Listener at 0.0.0.0/46433] INFO  ratis.OzoneManagerStateMachine (OzoneManagerStateMachine.java:loadSnapshotInfoFromDB(605)) - LastAppliedIndex is set from TransactionInfo from OM DB as (t:0, i:~)
2022-02-12 02:10:04,933 [Listener at 0.0.0.0/46433] INFO  server.RaftServer (ConfUtils.java:logGet(44)) - raft.rpc.type = GRPC (default)
2022-02-12 02:10:04,934 [Listener at 0.0.0.0/46433] INFO  grpc.GrpcFactory (GrpcFactory.java:checkPooledByteBufAllocatorUseCacheForAllThreads(48)) - PERFORMANCE WARNING: useCacheForAllThreads is true that may cause Netty to create a lot garbage objects and, as a result, trigger GC.
	It is recommended to disable useCacheForAllThreads by setting -Dorg.apache.ratis.thirdparty.io.netty.allocator.useCacheForAllThreads=false in command line.
2022-02-12 02:10:04,934 [Listener at 0.0.0.0/46433] INFO  grpc.GrpcConfigKeys (ConfUtils.java:logGet(44)) - raft.grpc.admin.port = -1 (default)
2022-02-12 02:10:04,934 [Listener at 0.0.0.0/46433] INFO  grpc.GrpcConfigKeys (ConfUtils.java:logGet(44)) - raft.grpc.server.port = 9872 (custom)
2022-02-12 02:10:04,934 [Listener at 0.0.0.0/46433] INFO  grpc.GrpcConfigKeys (ConfUtils.java:logGet(44)) - raft.grpc.client.port = -1 (default)
2022-02-12 02:10:04,934 [Listener at 0.0.0.0/46433] INFO  grpc.GrpcConfigKeys (ConfUtils.java:logGet(44)) - raft.grpc.server.port = 9872 (custom)
2022-02-12 02:10:04,934 [Listener at 0.0.0.0/46433] INFO  grpc.GrpcConfigKeys (ConfUtils.java:logGet(44)) - raft.grpc.server.port = 9872 (custom)
2022-02-12 02:10:04,934 [Listener at 0.0.0.0/46433] INFO  server.GrpcService (ConfUtils.java:logGet(44)) - raft.grpc.message.size.max = 33554432 (custom)
2022-02-12 02:10:04,934 [Listener at 0.0.0.0/46433] INFO  server.RaftServerConfigKeys (ConfUtils.java:logGet(44)) - raft.server.log.appender.buffer.byte-limit = 33554432 (custom)
2022-02-12 02:10:04,934 [Listener at 0.0.0.0/46433] INFO  server.GrpcService (ConfUtils.java:logGet(44)) - raft.grpc.flow.control.window = 1MB (=1048576) (default)
2022-02-12 02:10:04,934 [Listener at 0.0.0.0/46433] INFO  server.RaftServerConfigKeys (ConfUtils.java:logGet(44)) - raft.server.rpc.request.timeout = 3000ms (default)
2022-02-12 02:10:04,936 [Listener at 0.0.0.0/46433] INFO  impl.DataStreamServerImpl (ConfUtils.java:logGet(44)) - raft.datastream.type = DISABLED (default)
2022-02-12 02:10:04,948 [Listener at 0.0.0.0/46433] INFO  server.RaftServerConfigKeys (ConfUtils.java:logGet(44)) - raft.server.rpc.slowness.timeout = 120s (custom)
2022-02-12 02:10:04,948 [Listener at 0.0.0.0/46433] INFO  server.RaftServerConfigKeys (ConfUtils.java:logGet(44)) - raft.server.leaderelection.leader.step-down.wait-time = 10s (default)
2022-02-12 02:10:04,948 [Listener at 0.0.0.0/46433] INFO  server.RaftServerConfigKeys (ConfUtils.java:logGet(44)) - raft.server.storage.dir = [/home/runner/work/ozone/ozone/hadoop-ozone/integration-test/target/test-dir/MiniOzoneClusterImpl-f86292e6-51f6-48a5-a476-e96bf2e780fe/ozone-meta/ratis] (custom)
2022-02-12 02:10:04,949 [Listener at 0.0.0.0/46433] INFO  server.RaftServer (RaftServerProxy.java:addNew(95)) - om1: addNew group-C5BA1605619E:[om1|rpc:localhost:9872|priority:0] returns group-C5BA1605619E:java.util.concurrent.CompletableFuture@53f7a390[Not completed]
2022-02-12 02:10:04,949 [Listener at 0.0.0.0/46433] INFO  om.OzoneManager (OzoneManager.java:initializeRatisServer(1834)) - OzoneManager Ratis server initialized at port 9872
2022-02-12 02:10:04,950 [Listener at 0.0.0.0/46433] INFO  ipc.CallQueueManager (CallQueueManager.java:<init>(90)) - Using callQueue: class java.util.concurrent.LinkedBlockingQueue, queueCapacity: 2000, scheduler: class org.apache.hadoop.ipc.DefaultRpcScheduler, ipcBackoff: false.
2022-02-12 02:10:04,951 [pool-480-thread-1] INFO  server.RaftServer$Division (RaftServerImpl.java:<init>(184)) - om1: new RaftServerImpl for group-C5BA1605619E:[om1|rpc:localhost:9872|priority:0] with OzoneManagerStateMachine:uninitialized
2022-02-12 02:10:04,978 [pool-480-thread-1] INFO  server.RaftServerConfigKeys (ConfUtils.java:logGet(44)) - raft.server.rpc.timeout.min = 1s (custom)
2022-02-12 02:10:04,978 [pool-480-thread-1] INFO  server.RaftServerConfigKeys (ConfUtils.java:logGet(44)) - raft.server.rpc.timeout.max = 1200ms (custom)
2022-02-12 02:10:04,978 [pool-480-thread-1] INFO  server.RaftServerConfigKeys (ConfUtils.java:logGet(44)) - raft.server.rpc.sleep.time = 25ms (default)
2022-02-12 02:10:04,979 [pool-480-thread-1] INFO  server.RaftServerConfigKeys (ConfUtils.java:logGet(44)) - raft.server.rpc.slowness.timeout = 120s (custom)
2022-02-12 02:10:04,979 [pool-480-thread-1] INFO  server.RaftServerConfigKeys (ConfUtils.java:logGet(44)) - raft.server.leaderelection.leader.step-down.wait-time = 10s (default)
2022-02-12 02:10:04,979 [pool-480-thread-1] INFO  server.RaftServerConfigKeys (ConfUtils.java:logGet(44)) - raft.server.sleep.deviation.threshold = 300ms (default)
2022-02-12 02:10:04,979 [pool-480-thread-1] INFO  server.RaftServerConfigKeys (ConfUtils.java:logGet(44)) - raft.server.log.appender.install.snapshot.enabled = false (custom)
2022-02-12 02:10:04,979 [pool-480-thread-1] INFO  server.RaftServer$Division (ServerState.java:<init>(105)) - om1@group-C5BA1605619E: ConfigurationManager, init=-1: [om1|rpc:localhost:9872|priority:0], old=null, confs=<EMPTY_MAP>
2022-02-12 02:10:04,979 [pool-480-thread-1] INFO  server.RaftServerConfigKeys (ConfUtils.java:logGet(44)) - raft.server.storage.dir = [/home/runner/work/ozone/ozone/hadoop-ozone/integration-test/target/test-dir/MiniOzoneClusterImpl-f86292e6-51f6-48a5-a476-e96bf2e780fe/ozone-meta/ratis] (custom)
2022-02-12 02:10:04,979 [pool-480-thread-1] INFO  server.RaftServerConfigKeys (ConfUtils.java:logGet(44)) - raft.server.log.corruption.policy = EXCEPTION (default)
2022-02-12 02:10:04,979 [pool-480-thread-1] INFO  server.RaftServerConfigKeys (ConfUtils.java:logGet(44)) - raft.server.storage.free-space.min = 0MB (=0) (default)
2022-02-12 02:10:04,979 [pool-480-thread-1] INFO  storage.RaftStorageDirectory (RaftStorageDirectoryImpl.java:analyzeStorage(135)) - The storage directory /home/runner/work/ozone/ozone/hadoop-ozone/integration-test/target/test-dir/MiniOzoneClusterImpl-f86292e6-51f6-48a5-a476-e96bf2e780fe/ozone-meta/ratis/bf265839-605b-3f16-9796-c5ba1605619e does not exist. Creating ...
2022-02-12 02:10:04,983 [pool-480-thread-1] INFO  storage.RaftStorageDirectory (RaftStorageDirectoryImpl.java:tryLock(230)) - Lock on /home/runner/work/ozone/ozone/hadoop-ozone/integration-test/target/test-dir/MiniOzoneClusterImpl-f86292e6-51f6-48a5-a476-e96bf2e780fe/ozone-meta/ratis/bf265839-605b-3f16-9796-c5ba1605619e/in_use.lock acquired by nodename 9178@fv-az395-998
2022-02-12 02:10:04,991 [Socket Reader #1 for port 0] INFO  ipc.Server (Server.java:run(1265)) - Starting Socket Reader #1 for port 0
2022-02-12 02:10:04,996 [pool-480-thread-1] INFO  storage.RaftStorage (RaftStorageImpl.java:format(89)) - Storage directory /home/runner/work/ozone/ozone/hadoop-ozone/integration-test/target/test-dir/MiniOzoneClusterImpl-f86292e6-51f6-48a5-a476-e96bf2e780fe/ozone-meta/ratis/bf265839-605b-3f16-9796-c5ba1605619e has been successfully formatted.
2022-02-12 02:10:04,996 [pool-480-thread-1] INFO  server.RaftServerConfigKeys (ConfUtils.java:logGet(44)) - raft.server.notification.no-leader.timeout = 120s (custom)
2022-02-12 02:10:04,996 [pool-480-thread-1] INFO  server.RaftServerConfigKeys (ConfUtils.java:logGet(44)) - raft.server.log.use.memory = false (default)
2022-02-12 02:10:04,996 [pool-480-thread-1] INFO  server.RaftServerConfigKeys (ConfUtils.java:logGet(44)) - raft.server.log.purge.gap = 1000000 (custom)
2022-02-12 02:10:04,996 [pool-480-thread-1] INFO  server.RaftServerConfigKeys (ConfUtils.java:logGet(44)) - raft.server.log.appender.buffer.byte-limit = 33554432 (custom)
2022-02-12 02:10:04,997 [pool-480-thread-1] INFO  server.RaftServerConfigKeys (ConfUtils.java:logGet(44)) - raft.server.log.segment.size.max = 4194304 (custom)
2022-02-12 02:10:05,020 [pool-480-thread-1] INFO  server.RaftServerConfigKeys (ConfUtils.java:logGet(44)) - raft.server.log.segment.cache.num.max = 2 (custom)
2022-02-12 02:10:05,020 [pool-480-thread-1] INFO  server.RaftServerConfigKeys (ConfUtils.java:logGet(44)) - raft.server.log.segment.cache.size.max = 200MB (=209715200) (default)
2022-02-12 02:10:05,020 [pool-480-thread-1] INFO  segmented.SegmentedRaftLogWorker (SegmentedRaftLogWorker.java:<init>(182)) - new om1@group-C5BA1605619E-SegmentedRaftLogWorker for RaftStorageImpl:Storage Directory /home/runner/work/ozone/ozone/hadoop-ozone/integration-test/target/test-dir/MiniOzoneClusterImpl-f86292e6-51f6-48a5-a476-e96bf2e780fe/ozone-meta/ratis/bf265839-605b-3f16-9796-c5ba1605619e
2022-02-12 02:10:05,020 [pool-480-thread-1] INFO  server.RaftServerConfigKeys (ConfUtils.java:logGet(44)) - raft.server.log.queue.byte-limit = 64MB (=67108864) (default)
2022-02-12 02:10:05,020 [pool-480-thread-1] INFO  server.RaftServerConfigKeys (ConfUtils.java:logGet(44)) - raft.server.log.queue.element-limit = 4096 (default)
2022-02-12 02:10:05,021 [pool-480-thread-1] INFO  server.RaftServerConfigKeys (ConfUtils.java:logGet(44)) - raft.server.log.segment.size.max = 4194304 (custom)
2022-02-12 02:10:05,021 [pool-480-thread-1] INFO  server.RaftServerConfigKeys (ConfUtils.java:logGet(44)) - raft.server.log.preallocated.size = 4194304 (custom)
2022-02-12 02:10:05,021 [pool-480-thread-1] INFO  server.RaftServerConfigKeys (ConfUtils.java:logGet(44)) - raft.server.log.force.sync.num = 128 (default)
2022-02-12 02:10:05,021 [pool-480-thread-1] INFO  server.RaftServerConfigKeys (ConfUtils.java:logGet(44)) - raft.server.log.statemachine.data.sync = true (default)
2022-02-12 02:10:05,021 [pool-480-thread-1] INFO  server.RaftServerConfigKeys (ConfUtils.java:logGet(44)) - raft.server.log.statemachine.data.sync.timeout = 10s (default)
2022-02-12 02:10:05,021 [pool-480-thread-1] INFO  server.RaftServerConfigKeys (ConfUtils.java:logGet(44)) - raft.server.log.statemachine.data.sync.timeout.retry = -1 (default)
2022-02-12 02:10:05,021 [pool-480-thread-1] INFO  server.RaftServerConfigKeys (ConfUtils.java:logGet(44)) - raft.server.log.write.buffer.size = 64KB (=65536) (default)
2022-02-12 02:10:05,022 [pool-480-thread-1] INFO  server.RaftServerConfigKeys (ConfUtils.java:logGet(44)) - raft.server.log.statemachine.data.caching.enabled = false (default)
2022-02-12 02:10:05,022 [pool-480-thread-1] INFO  segmented.SegmentedRaftLogWorker (SegmentedRaftLogWorker.java:lambda$new$0(133)) - om1@group-C5BA1605619E-SegmentedRaftLogWorker: flushIndex: setUnconditionally 0 -> -1
2022-02-12 02:10:05,022 [pool-480-thread-1] INFO  segmented.SegmentedRaftLogWorker (SegmentedRaftLogWorker.java:lambda$new$0(133)) - om1@group-C5BA1605619E-SegmentedRaftLogWorker: safeCacheEvictIndex: setUnconditionally 0 -> -1
2022-02-12 02:10:05,040 [pool-480-thread-1] INFO  server.RaftServerConfigKeys (ConfUtils.java:logGet(44)) - raft.server.snapshot.auto.trigger.enabled = true (custom)
2022-02-12 02:10:05,051 [pool-480-thread-1] INFO  server.RaftServerConfigKeys (ConfUtils.java:logGet(44)) - raft.server.snapshot.auto.trigger.threshold = 400000 (default)
2022-02-12 02:10:05,051 [pool-480-thread-1] INFO  server.RaftServerConfigKeys (ConfUtils.java:logGet(44)) - raft.server.snapshot.retention.file.num = -1 (default)
2022-02-12 02:10:05,051 [pool-480-thread-1] INFO  server.RaftServerConfigKeys (ConfUtils.java:logGet(44)) - raft.server.log.purge.upto.snapshot.index = true (custom)
2022-02-12 02:10:05,051 [pool-480-thread-1] INFO  server.RaftServerConfigKeys (ConfUtils.java:logGet(44)) - raft.server.retrycache.expirytime = 300s (custom)
2022-02-12 02:10:05,051 [pool-480-thread-1] INFO  server.RaftServerConfigKeys (ConfUtils.java:logGet(44)) - raft.server.retrycache.statistics.expirytime = 100μs (default)
2022-02-12 02:10:05,053 [Listener at 127.0.0.1/37239] INFO  impl.MetricsSystemImpl (MetricsSystemImpl.java:init(158)) - OzoneManager metrics system started (again)
2022-02-12 02:10:05,068 [Listener at 127.0.0.1/37239] INFO  om.OzoneManager (OzoneManager.java:start(1365)) - OzoneManager RPC server is listening at localhost/127.0.0.1:37239
2022-02-12 02:10:05,068 [Listener at 127.0.0.1/37239] INFO  ratis.OzoneManagerRatisServer (OzoneManagerRatisServer.java:start(554)) - Starting OzoneManagerRatisServer om1 at port 9872
2022-02-12 02:10:05,068 [Listener at 127.0.0.1/37239] INFO  server.RaftServer$Division (RaftServerImpl.java:start(301)) - om1@group-C5BA1605619E: start as a follower, conf=-1: [om1|rpc:localhost:9872|priority:0], old=null
2022-02-12 02:10:05,068 [Listener at 127.0.0.1/37239] INFO  server.RaftServer$Division (RaftServerImpl.java:setRole(290)) - om1@group-C5BA1605619E: changes role from      null to FOLLOWER at term 0 for startAsFollower
2022-02-12 02:10:05,068 [Listener at 127.0.0.1/37239] INFO  impl.RoleInfo (RoleInfo.java:updateAndGet(130)) - om1: start om1@group-C5BA1605619E-FollowerState
2022-02-12 02:10:05,069 [Listener at 127.0.0.1/37239] INFO  util.JmxRegister (JmxRegister.java:tryRegister(44)) - Successfully registered JMX Bean with object name Ratis:service=RaftServer,group=group-C5BA1605619E,id=om1
2022-02-12 02:10:05,070 [Listener at 127.0.0.1/37239] INFO  server.RaftServer (RaftServerProxy.java:lambda$start$5(374)) - om1: start RPC server
2022-02-12 02:10:05,070 [Listener at 127.0.0.1/37239] INFO  server.GrpcService (GrpcService.java:startImpl(253)) - om1: GrpcService started, listening on 9872
2022-02-12 02:10:05,070 [Listener at 127.0.0.1/37239] INFO  om.OzoneManager (OzoneManager.java:start(1381)) - Version File has different layout version (0) than OM DB (null). That is expected if this OM has never been finalized to a newer layout version.
2022-02-12 02:10:05,071 [org.apache.ratis.util.JvmPauseMonitor$$Lambda$421/534662976@376cb3de] INFO  util.JvmPauseMonitor (JvmPauseMonitor.java:run(103)) - JvmPauseMonitor-om1: Started
2022-02-12 02:10:05,073 [Listener at 127.0.0.1/37239] INFO  http.BaseHttpServer (BaseHttpServer.java:newHttpServer2BuilderForOzone(209)) - Starting Web-server for ozoneManager at: http://0.0.0.0:0
2022-02-12 02:10:05,073 [Listener at 127.0.0.1/37239] INFO  http.BaseHttpServer (BaseHttpServer.java:<init>(107)) - Hadoop Security Enabled: false Ozone Security Enabled: false Ozone HTTP Security Enabled: false 
2022-02-12 02:10:05,073 [Listener at 127.0.0.1/37239] INFO  server.AuthenticationFilter (AuthenticationFilter.java:constructSecretProvider(240)) - Unable to initialize FileSignerSecretProvider, falling back to use random secrets.
2022-02-12 02:10:05,075 [Listener at 127.0.0.1/37239] WARN  http.HttpRequestLog (HttpRequestLog.java:getRequestLog(103)) - Jetty request log can only be enabled using Log4j
2022-02-12 02:10:05,085 [Listener at 127.0.0.1/37239] INFO  http.HttpServer2 (HttpServer2.java:addGlobalFilter(1030)) - Added global filter 'safety' (class=org.apache.hadoop.hdds.server.http.HttpServer2$QuotingInputFilter)
2022-02-12 02:10:05,086 [Listener at 127.0.0.1/37239] INFO  http.HttpServer2 (HttpServer2.java:addFilter(1006)) - Added filter static_user_filter (class=org.apache.hadoop.http.lib.StaticUserWebFilter$StaticUserFilter) to context ozoneManager
2022-02-12 02:10:05,086 [Listener at 127.0.0.1/37239] INFO  http.HttpServer2 (HttpServer2.java:addFilter(1014)) - Added filter static_user_filter (class=org.apache.hadoop.http.lib.StaticUserWebFilter$StaticUserFilter) to context logs
2022-02-12 02:10:05,086 [Listener at 127.0.0.1/37239] INFO  http.HttpServer2 (HttpServer2.java:addFilter(1014)) - Added filter static_user_filter (class=org.apache.hadoop.http.lib.StaticUserWebFilter$StaticUserFilter) to context static
2022-02-12 02:10:05,087 [Listener at 127.0.0.1/37239] INFO  http.HttpServer2 (HttpServer2.java:bindListener(1249)) - Jetty bound to port 40353
2022-02-12 02:10:05,087 [Listener at 127.0.0.1/37239] INFO  server.Server (Server.java:doStart(375)) - jetty-9.4.43.v20210629; built: 2021-06-30T11:07:22.254Z; git: 526006ecfa3af7f1a27ef3a288e2bef7ea9dd7e8; jvm 1.8.0_312-b07
2022-02-12 02:10:05,106 [Listener at 127.0.0.1/37239] INFO  server.session (DefaultSessionIdManager.java:doStart(334)) - DefaultSessionIdManager workerName=node0
2022-02-12 02:10:05,106 [Listener at 127.0.0.1/37239] INFO  server.session (DefaultSessionIdManager.java:doStart(339)) - No SessionScavenger set, using defaults
2022-02-12 02:10:05,106 [Listener at 127.0.0.1/37239] INFO  server.session (HouseKeeper.java:startScavenging(132)) - node0 Scavenging every 660000ms
2022-02-12 02:10:05,107 [Listener at 127.0.0.1/37239] INFO  handler.ContextHandler (ContextHandler.java:doStart(915)) - Started o.e.j.s.ServletContextHandler@ae04ba5{logs,/logs,file:///home/runner/work/ozone/ozone/hadoop-ozone/integration-test/target/log,AVAILABLE}
2022-02-12 02:10:05,107 [Listener at 127.0.0.1/37239] INFO  handler.ContextHandler (ContextHandler.java:doStart(915)) - Started o.e.j.s.ServletContextHandler@3ef26c78{static,/static,file:///home/runner/work/ozone/ozone/hadoop-ozone/integration-test/target/test-classes/webapps/static,AVAILABLE}
2022-02-12 02:10:05,110 [Listener at 127.0.0.1/37239] INFO  handler.ContextHandler (ContextHandler.java:doStart(915)) - Started o.e.j.w.WebAppContext@4d132162{ozoneManager,/,file:///home/runner/work/ozone/ozone/hadoop-ozone/integration-test/target/test-classes/webapps/ozoneManager/,AVAILABLE}{file:/home/runner/work/ozone/ozone/hadoop-ozone/integration-test/target/test-classes/webapps/ozoneManager}
2022-02-12 02:10:05,122 [Listener at 127.0.0.1/37239] INFO  server.AbstractConnector (AbstractConnector.java:doStart(331)) - Started ServerConnector@2fd29dd8{HTTP/1.1, (http/1.1)}{0.0.0.0:40353}
2022-02-12 02:10:05,122 [Listener at 127.0.0.1/37239] INFO  server.Server (Server.java:doStart(415)) - Started @223345ms
2022-02-12 02:10:05,122 [Listener at 127.0.0.1/37239] WARN  impl.MetricsSystemImpl (MetricsSystemImpl.java:register(279)) - Sink prometheus already exists!
2022-02-12 02:10:05,132 [Listener at 127.0.0.1/37239] INFO  http.BaseHttpServer (BaseHttpServer.java:updateConnectorAddress(329)) - HTTP server of ozoneManager listening at http://0.0.0.0:40353
2022-02-12 02:10:05,135 [IPC Server Responder] INFO  ipc.Server (Server.java:run(1507)) - IPC Server Responder: starting
2022-02-12 02:10:05,136 [IPC Server listener on 0] INFO  ipc.Server (Server.java:run(1344)) - IPC Server listener on 0: starting
2022-02-12 02:10:05,137 [Listener at 127.0.0.1/37239] INFO  om.TrashPolicyOzone (TrashPolicyOzone.java:<init>(178)) - Ozone Manager trash configuration: Deletion interval = 0 minutes, Emptier interval = 0 minutes.
2022-02-12 02:10:05,145 [org.apache.hadoop.util.JvmPauseMonitor$Monitor@421bcbad] INFO  util.JvmPauseMonitor (JvmPauseMonitor.java:run(188)) - Starting JVM pause monitor
2022-02-12 02:10:05,171 [Listener at 127.0.0.1/37239] WARN  impl.MetricRegistriesImpl (MetricRegistriesImpl.java:addReporterRegistration(111)) - New reporters are added after registries were created. Some metrics will be missing from the reporter. Please add reporter before adding any new registry.
2022-02-12 02:10:05,176 [Listener at 127.0.0.1/37239] WARN  impl.MetricRegistriesImpl (MetricRegistriesImpl.java:addReporterRegistration(111)) - New reporters are added after registries were created. Some metrics will be missing from the reporter. Please add reporter before adding any new registry.
2022-02-12 02:10:05,176 [Listener at 127.0.0.1/37239] INFO  impl.MetricsSystemImpl (MetricsSystemImpl.java:init(158)) - HddsDatanode metrics system started (again)
2022-02-12 02:10:05,207 [Listener at 127.0.0.1/37239] INFO  ozone.HddsDatanodeService (HddsDatanodeService.java:start(234)) - HddsDatanodeService host:fv-az395-998.zfmzfyrfkyou3ow0tsr0jxwq1e.bx.internal.cloudapp.net ip:10.1.0.17
2022-02-12 02:10:05,273 [Listener at 127.0.0.1/37239] INFO  upgrade.AbstractLayoutVersionManager (AbstractLayoutVersionManager.java:init(79)) - Initializing Layout version manager with metadata layout = SCM_HA (version = 2), software layout = SCM_HA (version = 2)
2022-02-12 02:10:05,370 [Listener at 127.0.0.1/37239] INFO  reflections.Reflections (Reflections.java:scan(232)) - Reflections took 95 ms to scan 7 urls, producing 119 keys and 279 values 
2022-02-12 02:10:05,371 [Listener at 127.0.0.1/37239] INFO  statemachine.DatanodeStateMachine (DatanodeStateMachine.java:getEndPointTaskThreadPoolSize(222)) - Datanode State Machine Task Thread Pool size 2
2022-02-12 02:10:05,388 [Listener at 127.0.0.1/37239] INFO  volume.HddsVolume (HddsVolume.java:<init>(120)) - Creating HddsVolume: /home/runner/work/ozone/ozone/hadoop-ozone/integration-test/target/test-dir/MiniOzoneClusterImpl-f86292e6-51f6-48a5-a476-e96bf2e780fe/datanode-0/data-0/containers/hdds of storage type : DISK capacity : 9223372036854775807
2022-02-12 02:10:05,388 [Listener at 127.0.0.1/37239] INFO  volume.MutableVolumeSet (MutableVolumeSet.java:initializeVolumeSet(168)) - Added Volume : /home/runner/work/ozone/ozone/hadoop-ozone/integration-test/target/test-dir/MiniOzoneClusterImpl-f86292e6-51f6-48a5-a476-e96bf2e780fe/datanode-0/data-0/containers/hdds to VolumeSet
2022-02-12 02:10:05,389 [Listener at 127.0.0.1/37239] INFO  volume.ThrottledAsyncChecker (ThrottledAsyncChecker.java:schedule(141)) - Scheduling a check for /home/runner/work/ozone/ozone/hadoop-ozone/integration-test/target/test-dir/MiniOzoneClusterImpl-f86292e6-51f6-48a5-a476-e96bf2e780fe/datanode-0/data-0/containers/hdds
2022-02-12 02:10:05,391 [Listener at 127.0.0.1/37239] INFO  volume.StorageVolumeChecker (StorageVolumeChecker.java:checkAllVolumes(202)) - Scheduled health check for volume /home/runner/work/ozone/ozone/hadoop-ozone/integration-test/target/test-dir/MiniOzoneClusterImpl-f86292e6-51f6-48a5-a476-e96bf2e780fe/datanode-0/data-0/containers/hdds
2022-02-12 02:10:05,403 [Listener at 127.0.0.1/37239] INFO  volume.MutableVolumeSet (MutableVolumeSet.java:initializeVolumeSet(168)) - Added Volume : /home/runner/work/ozone/ozone/hadoop-ozone/integration-test/target/test-dir/MiniOzoneClusterImpl-f86292e6-51f6-48a5-a476-e96bf2e780fe/datanode-0/data/ratis to VolumeSet
2022-02-12 02:10:05,403 [Listener at 127.0.0.1/37239] INFO  volume.ThrottledAsyncChecker (ThrottledAsyncChecker.java:schedule(141)) - Scheduling a check for /home/runner/work/ozone/ozone/hadoop-ozone/integration-test/target/test-dir/MiniOzoneClusterImpl-f86292e6-51f6-48a5-a476-e96bf2e780fe/datanode-0/data/ratis
2022-02-12 02:10:05,403 [Listener at 127.0.0.1/37239] INFO  volume.StorageVolumeChecker (StorageVolumeChecker.java:checkAllVolumes(202)) - Scheduled health check for volume /home/runner/work/ozone/ozone/hadoop-ozone/integration-test/target/test-dir/MiniOzoneClusterImpl-f86292e6-51f6-48a5-a476-e96bf2e780fe/datanode-0/data/ratis
2022-02-12 02:10:05,462 [Thread-1344] INFO  ozoneimpl.ContainerReader (ContainerReader.java:readVolume(172)) - Finish verifying containers on volume /home/runner/work/ozone/ozone/hadoop-ozone/integration-test/target/test-dir/MiniOzoneClusterImpl-f86292e6-51f6-48a5-a476-e96bf2e780fe/datanode-0/data-0/containers/hdds
2022-02-12 02:10:05,462 [Listener at 127.0.0.1/37239] INFO  ozoneimpl.OzoneContainer (OzoneContainer.java:buildContainerSet(237)) - Build ContainerSet costs 0s
2022-02-12 02:10:05,465 [Listener at 127.0.0.1/37239] INFO  server.RaftServer (ConfUtils.java:logGet(44)) - raft.rpc.type = GRPC (default)
2022-02-12 02:10:05,465 [Listener at 127.0.0.1/37239] INFO  grpc.GrpcFactory (GrpcFactory.java:checkPooledByteBufAllocatorUseCacheForAllThreads(48)) - PERFORMANCE WARNING: useCacheForAllThreads is true that may cause Netty to create a lot garbage objects and, as a result, trigger GC.
	It is recommended to disable useCacheForAllThreads by setting -Dorg.apache.ratis.thirdparty.io.netty.allocator.useCacheForAllThreads=false in command line.
2022-02-12 02:10:05,465 [Listener at 127.0.0.1/37239] INFO  grpc.GrpcConfigKeys (ConfUtils.java:logGet(44)) - raft.grpc.admin.port = 0 (custom)
2022-02-12 02:10:05,465 [Listener at 127.0.0.1/37239] INFO  grpc.GrpcConfigKeys (ConfUtils.java:logGet(44)) - raft.grpc.client.port = 0 (custom)
2022-02-12 02:10:05,468 [Listener at 127.0.0.1/37239] INFO  grpc.GrpcConfigKeys (ConfUtils.java:logGet(44)) - raft.grpc.server.port = 0 (default)
2022-02-12 02:10:05,468 [Listener at 127.0.0.1/37239] INFO  server.GrpcService (ConfUtils.java:logGet(44)) - raft.grpc.message.size.max = 32MB (=33554432) (custom)
2022-02-12 02:10:05,468 [Listener at 127.0.0.1/37239] INFO  server.RaftServerConfigKeys (ConfUtils.java:logGet(44)) - raft.server.log.appender.buffer.byte-limit = 33554432 (custom)
2022-02-12 02:10:05,468 [Listener at 127.0.0.1/37239] INFO  server.GrpcService (ConfUtils.java:logGet(44)) - raft.grpc.flow.control.window = 5MB (=5242880) (custom)
2022-02-12 02:10:05,469 [Listener at 127.0.0.1/37239] INFO  server.RaftServerConfigKeys (ConfUtils.java:logGet(44)) - raft.server.rpc.request.timeout = 60s (custom)
2022-02-12 02:10:05,470 [Listener at 127.0.0.1/37239] INFO  impl.DataStreamServerImpl (ConfUtils.java:logGet(44)) - raft.datastream.type = DISABLED (default)
2022-02-12 02:10:05,470 [Listener at 127.0.0.1/37239] INFO  server.RaftServerConfigKeys (ConfUtils.java:logGet(44)) - raft.server.rpc.slowness.timeout = 300s (custom)
2022-02-12 02:10:05,470 [Listener at 127.0.0.1/37239] INFO  server.RaftServerConfigKeys (ConfUtils.java:logGet(44)) - raft.server.leaderelection.leader.step-down.wait-time = 10s (default)
2022-02-12 02:10:05,470 [Listener at 127.0.0.1/37239] INFO  server.RaftServerConfigKeys (ConfUtils.java:logGet(44)) - raft.server.storage.dir = [/home/runner/work/ozone/ozone/hadoop-ozone/integration-test/target/test-dir/MiniOzoneClusterImpl-f86292e6-51f6-48a5-a476-e96bf2e780fe/datanode-0/data/ratis] (custom)
2022-02-12 02:10:05,471 [Listener at 127.0.0.1/37239] INFO  server.XceiverServerGrpc (XceiverServerGrpc.java:<init>(132)) - GrpcServer channel type EpollServerSocketChannel
2022-02-12 02:10:05,499 [Listener at 127.0.0.1/37239] INFO  http.BaseHttpServer (BaseHttpServer.java:newHttpServer2BuilderForOzone(209)) - Starting Web-server for hddsDatanode at: http://0.0.0.0:0
2022-02-12 02:10:05,499 [Listener at 127.0.0.1/37239] INFO  http.BaseHttpServer (BaseHttpServer.java:<init>(107)) - Hadoop Security Enabled: false Ozone Security Enabled: false Ozone HTTP Security Enabled: false 
2022-02-12 02:10:05,503 [Listener at 127.0.0.1/37239] INFO  server.AuthenticationFilter (AuthenticationFilter.java:constructSecretProvider(240)) - Unable to initialize FileSignerSecretProvider, falling back to use random secrets.
2022-02-12 02:10:05,516 [Listener at 127.0.0.1/37239] WARN  http.HttpRequestLog (HttpRequestLog.java:getRequestLog(103)) - Jetty request log can only be enabled using Log4j
2022-02-12 02:10:05,517 [Listener at 127.0.0.1/37239] INFO  http.HttpServer2 (HttpServer2.java:addGlobalFilter(1030)) - Added global filter 'safety' (class=org.apache.hadoop.hdds.server.http.HttpServer2$QuotingInputFilter)
2022-02-12 02:10:05,517 [Listener at 127.0.0.1/37239] INFO  http.HttpServer2 (HttpServer2.java:addFilter(1006)) - Added filter static_user_filter (class=org.apache.hadoop.http.lib.StaticUserWebFilter$StaticUserFilter) to context hddsDatanode
2022-02-12 02:10:05,517 [Listener at 127.0.0.1/37239] INFO  http.HttpServer2 (HttpServer2.java:addFilter(1014)) - Added filter static_user_filter (class=org.apache.hadoop.http.lib.StaticUserWebFilter$StaticUserFilter) to context logs
2022-02-12 02:10:05,517 [Listener at 127.0.0.1/37239] INFO  http.HttpServer2 (HttpServer2.java:addFilter(1014)) - Added filter static_user_filter (class=org.apache.hadoop.http.lib.StaticUserWebFilter$StaticUserFilter) to context static
2022-02-12 02:10:05,518 [Listener at 127.0.0.1/37239] INFO  http.HttpServer2 (HttpServer2.java:bindListener(1249)) - Jetty bound to port 44015
2022-02-12 02:10:05,518 [Listener at 127.0.0.1/37239] INFO  server.Server (Server.java:doStart(375)) - jetty-9.4.43.v20210629; built: 2021-06-30T11:07:22.254Z; git: 526006ecfa3af7f1a27ef3a288e2bef7ea9dd7e8; jvm 1.8.0_312-b07
2022-02-12 02:10:05,539 [Listener at 127.0.0.1/37239] INFO  server.session (DefaultSessionIdManager.java:doStart(334)) - DefaultSessionIdManager workerName=node0
2022-02-12 02:10:05,539 [Listener at 127.0.0.1/37239] INFO  server.session (DefaultSessionIdManager.java:doStart(339)) - No SessionScavenger set, using defaults
2022-02-12 02:10:05,540 [Listener at 127.0.0.1/37239] INFO  server.session (HouseKeeper.java:startScavenging(132)) - node0 Scavenging every 660000ms
2022-02-12 02:10:05,551 [Listener at 127.0.0.1/37239] INFO  handler.ContextHandler (ContextHandler.java:doStart(915)) - Started o.e.j.s.ServletContextHandler@11db540b{logs,/logs,file:///home/runner/work/ozone/ozone/hadoop-ozone/integration-test/target/log,AVAILABLE}
2022-02-12 02:10:05,551 [Listener at 127.0.0.1/37239] INFO  handler.ContextHandler (ContextHandler.java:doStart(915)) - Started o.e.j.s.ServletContextHandler@6cb21878{static,/static,jar:file:/home/runner/.m2/repository/org/apache/ozone/hdds-container-service/1.3.0-SNAPSHOT/hdds-container-service-1.3.0-SNAPSHOT.jar!/webapps/static,AVAILABLE}
2022-02-12 02:10:05,676 [Listener at 127.0.0.1/37239] INFO  handler.ContextHandler (ContextHandler.java:doStart(915)) - Started o.e.j.w.WebAppContext@2bb4b203{hddsDatanode,/,file:///tmp/jetty-0_0_0_0-44015-hdds-container-service-1_3_0-SNAPSHOT_jar-_-any-1630278436939488669/webapp/,AVAILABLE}{jar:file:/home/runner/.m2/repository/org/apache/ozone/hdds-container-service/1.3.0-SNAPSHOT/hdds-container-service-1.3.0-SNAPSHOT.jar!/webapps/hddsDatanode}
2022-02-12 02:10:05,686 [Listener at 127.0.0.1/37239] INFO  server.AbstractConnector (AbstractConnector.java:doStart(331)) - Started ServerConnector@53418cc0{HTTP/1.1, (http/1.1)}{0.0.0.0:44015}
2022-02-12 02:10:05,686 [Listener at 127.0.0.1/37239] INFO  server.Server (Server.java:doStart(415)) - Started @223910ms
2022-02-12 02:10:05,686 [Listener at 127.0.0.1/37239] WARN  impl.MetricsSystemImpl (MetricsSystemImpl.java:register(279)) - Sink prometheus already exists!
2022-02-12 02:10:05,687 [Listener at 127.0.0.1/37239] INFO  http.BaseHttpServer (BaseHttpServer.java:updateConnectorAddress(329)) - HTTP server of hddsDatanode listening at http://0.0.0.0:44015
2022-02-12 02:10:05,692 [Listener at 127.0.0.1/37239] WARN  impl.MetricRegistriesImpl (MetricRegistriesImpl.java:addReporterRegistration(111)) - New reporters are added after registries were created. Some metrics will be missing from the reporter. Please add reporter before adding any new registry.
2022-02-12 02:10:05,693 [Listener at 127.0.0.1/37239] WARN  impl.MetricRegistriesImpl (MetricRegistriesImpl.java:addReporterRegistration(111)) - New reporters are added after registries were created. Some metrics will be missing from the reporter. Please add reporter before adding any new registry.
2022-02-12 02:10:05,692 [Datanode State Machine Daemon Thread] INFO  statemachine.DatanodeStateMachine (DatanodeStateMachine.java:lambda$startDaemon$0(470)) - Ozone container server started.
2022-02-12 02:10:05,693 [Listener at 127.0.0.1/37239] INFO  impl.MetricsSystemImpl (MetricsSystemImpl.java:init(158)) - HddsDatanode metrics system started (again)
2022-02-12 02:10:05,755 [Listener at 127.0.0.1/37239] INFO  ozone.HddsDatanodeService (HddsDatanodeService.java:start(234)) - HddsDatanodeService host:fv-az395-998.zfmzfyrfkyou3ow0tsr0jxwq1e.bx.internal.cloudapp.net ip:10.1.0.17
2022-02-12 02:10:05,796 [org.apache.hadoop.util.JvmPauseMonitor$Monitor@7adf4a5c] INFO  util.JvmPauseMonitor (JvmPauseMonitor.java:run(188)) - Starting JVM pause monitor
2022-02-12 02:10:05,803 [Datanode State Machine Task Thread - 0] INFO  datanode.InitDatanodeState (InitDatanodeState.java:persistContainerDatanodeDetails(145)) - DatanodeDetails is persisted to /home/runner/work/ozone/ozone/hadoop-ozone/integration-test/target/test-dir/MiniOzoneClusterImpl-f86292e6-51f6-48a5-a476-e96bf2e780fe/datanode-0/meta/datanode.id
2022-02-12 02:10:05,822 [Listener at 127.0.0.1/37239] INFO  upgrade.AbstractLayoutVersionManager (AbstractLayoutVersionManager.java:init(79)) - Initializing Layout version manager with metadata layout = SCM_HA (version = 2), software layout = SCM_HA (version = 2)
2022-02-12 02:10:05,949 [Listener at 127.0.0.1/37239] INFO  reflections.Reflections (Reflections.java:scan(232)) - Reflections took 124 ms to scan 7 urls, producing 119 keys and 279 values 
2022-02-12 02:10:05,951 [Listener at 127.0.0.1/37239] INFO  statemachine.DatanodeStateMachine (DatanodeStateMachine.java:getEndPointTaskThreadPoolSize(222)) - Datanode State Machine Task Thread Pool size 2
2022-02-12 02:10:05,955 [Listener at 127.0.0.1/37239] INFO  volume.HddsVolume (HddsVolume.java:<init>(120)) - Creating HddsVolume: /home/runner/work/ozone/ozone/hadoop-ozone/integration-test/target/test-dir/MiniOzoneClusterImpl-f86292e6-51f6-48a5-a476-e96bf2e780fe/datanode-1/data-0/containers/hdds of storage type : DISK capacity : 9223372036854775807
2022-02-12 02:10:05,956 [Listener at 127.0.0.1/37239] INFO  volume.MutableVolumeSet (MutableVolumeSet.java:initializeVolumeSet(168)) - Added Volume : /home/runner/work/ozone/ozone/hadoop-ozone/integration-test/target/test-dir/MiniOzoneClusterImpl-f86292e6-51f6-48a5-a476-e96bf2e780fe/datanode-1/data-0/containers/hdds to VolumeSet
2022-02-12 02:10:05,956 [Listener at 127.0.0.1/37239] INFO  volume.ThrottledAsyncChecker (ThrottledAsyncChecker.java:schedule(141)) - Scheduling a check for /home/runner/work/ozone/ozone/hadoop-ozone/integration-test/target/test-dir/MiniOzoneClusterImpl-f86292e6-51f6-48a5-a476-e96bf2e780fe/datanode-1/data-0/containers/hdds
2022-02-12 02:10:05,983 [Listener at 127.0.0.1/37239] INFO  volume.StorageVolumeChecker (StorageVolumeChecker.java:checkAllVolumes(202)) - Scheduled health check for volume /home/runner/work/ozone/ozone/hadoop-ozone/integration-test/target/test-dir/MiniOzoneClusterImpl-f86292e6-51f6-48a5-a476-e96bf2e780fe/datanode-1/data-0/containers/hdds
2022-02-12 02:10:06,001 [Listener at 127.0.0.1/37239] INFO  volume.MutableVolumeSet (MutableVolumeSet.java:initializeVolumeSet(168)) - Added Volume : /home/runner/work/ozone/ozone/hadoop-ozone/integration-test/target/test-dir/MiniOzoneClusterImpl-f86292e6-51f6-48a5-a476-e96bf2e780fe/datanode-1/data/ratis to VolumeSet
2022-02-12 02:10:06,001 [Listener at 127.0.0.1/37239] INFO  volume.ThrottledAsyncChecker (ThrottledAsyncChecker.java:schedule(141)) - Scheduling a check for /home/runner/work/ozone/ozone/hadoop-ozone/integration-test/target/test-dir/MiniOzoneClusterImpl-f86292e6-51f6-48a5-a476-e96bf2e780fe/datanode-1/data/ratis
2022-02-12 02:10:06,001 [Listener at 127.0.0.1/37239] INFO  volume.StorageVolumeChecker (StorageVolumeChecker.java:checkAllVolumes(202)) - Scheduled health check for volume /home/runner/work/ozone/ozone/hadoop-ozone/integration-test/target/test-dir/MiniOzoneClusterImpl-f86292e6-51f6-48a5-a476-e96bf2e780fe/datanode-1/data/ratis
2022-02-12 02:10:06,012 [Thread-1356] INFO  ozoneimpl.ContainerReader (ContainerReader.java:readVolume(172)) - Finish verifying containers on volume /home/runner/work/ozone/ozone/hadoop-ozone/integration-test/target/test-dir/MiniOzoneClusterImpl-f86292e6-51f6-48a5-a476-e96bf2e780fe/datanode-1/data-0/containers/hdds
2022-02-12 02:10:06,013 [Listener at 127.0.0.1/37239] INFO  ozoneimpl.OzoneContainer (OzoneContainer.java:buildContainerSet(237)) - Build ContainerSet costs 0s
2022-02-12 02:10:06,014 [Listener at 127.0.0.1/37239] INFO  server.RaftServer (ConfUtils.java:logGet(44)) - raft.rpc.type = GRPC (default)
2022-02-12 02:10:06,015 [Listener at 127.0.0.1/37239] INFO  grpc.GrpcFactory (GrpcFactory.java:checkPooledByteBufAllocatorUseCacheForAllThreads(48)) - PERFORMANCE WARNING: useCacheForAllThreads is true that may cause Netty to create a lot garbage objects and, as a result, trigger GC.
	It is recommended to disable useCacheForAllThreads by setting -Dorg.apache.ratis.thirdparty.io.netty.allocator.useCacheForAllThreads=false in command line.
2022-02-12 02:10:06,015 [Listener at 127.0.0.1/37239] INFO  grpc.GrpcConfigKeys (ConfUtils.java:logGet(44)) - raft.grpc.admin.port = 0 (custom)
2022-02-12 02:10:06,015 [Listener at 127.0.0.1/37239] INFO  grpc.GrpcConfigKeys (ConfUtils.java:logGet(44)) - raft.grpc.client.port = 0 (custom)
2022-02-12 02:10:06,015 [Listener at 127.0.0.1/37239] INFO  grpc.GrpcConfigKeys (ConfUtils.java:logGet(44)) - raft.grpc.server.port = 0 (default)
2022-02-12 02:10:06,015 [Listener at 127.0.0.1/37239] INFO  server.GrpcService (ConfUtils.java:logGet(44)) - raft.grpc.message.size.max = 32MB (=33554432) (custom)
2022-02-12 02:10:06,016 [Listener at 127.0.0.1/37239] INFO  server.RaftServerConfigKeys (ConfUtils.java:logGet(44)) - raft.server.log.appender.buffer.byte-limit = 33554432 (custom)
2022-02-12 02:10:06,016 [Listener at 127.0.0.1/37239] INFO  server.GrpcService (ConfUtils.java:logGet(44)) - raft.grpc.flow.control.window = 5MB (=5242880) (custom)
2022-02-12 02:10:06,016 [Listener at 127.0.0.1/37239] INFO  server.RaftServerConfigKeys (ConfUtils.java:logGet(44)) - raft.server.rpc.request.timeout = 60s (custom)
2022-02-12 02:10:06,028 [Listener at 127.0.0.1/37239] INFO  impl.DataStreamServerImpl (ConfUtils.java:logGet(44)) - raft.datastream.type = DISABLED (default)
2022-02-12 02:10:06,028 [Listener at 127.0.0.1/37239] INFO  server.RaftServerConfigKeys (ConfUtils.java:logGet(44)) - raft.server.rpc.slowness.timeout = 300s (custom)
2022-02-12 02:10:06,028 [Listener at 127.0.0.1/37239] INFO  server.RaftServerConfigKeys (ConfUtils.java:logGet(44)) - raft.server.leaderelection.leader.step-down.wait-time = 10s (default)
2022-02-12 02:10:06,028 [Listener at 127.0.0.1/37239] INFO  server.RaftServerConfigKeys (ConfUtils.java:logGet(44)) - raft.server.storage.dir = [/home/runner/work/ozone/ozone/hadoop-ozone/integration-test/target/test-dir/MiniOzoneClusterImpl-f86292e6-51f6-48a5-a476-e96bf2e780fe/datanode-1/data/ratis] (custom)
2022-02-12 02:10:06,030 [Listener at 127.0.0.1/37239] INFO  server.XceiverServerGrpc (XceiverServerGrpc.java:<init>(132)) - GrpcServer channel type EpollServerSocketChannel
2022-02-12 02:10:06,045 [Listener at 127.0.0.1/37239] INFO  http.BaseHttpServer (BaseHttpServer.java:newHttpServer2BuilderForOzone(209)) - Starting Web-server for hddsDatanode at: http://0.0.0.0:0
2022-02-12 02:10:06,045 [Listener at 127.0.0.1/37239] INFO  http.BaseHttpServer (BaseHttpServer.java:<init>(107)) - Hadoop Security Enabled: false Ozone Security Enabled: false Ozone HTTP Security Enabled: false 
2022-02-12 02:10:06,046 [Listener at 127.0.0.1/37239] INFO  server.AuthenticationFilter (AuthenticationFilter.java:constructSecretProvider(240)) - Unable to initialize FileSignerSecretProvider, falling back to use random secrets.
2022-02-12 02:10:06,052 [Listener at 127.0.0.1/37239] WARN  http.HttpRequestLog (HttpRequestLog.java:getRequestLog(103)) - Jetty request log can only be enabled using Log4j
2022-02-12 02:10:06,052 [Listener at 127.0.0.1/37239] INFO  http.HttpServer2 (HttpServer2.java:addGlobalFilter(1030)) - Added global filter 'safety' (class=org.apache.hadoop.hdds.server.http.HttpServer2$QuotingInputFilter)
2022-02-12 02:10:06,053 [Listener at 127.0.0.1/37239] INFO  http.HttpServer2 (HttpServer2.java:addFilter(1006)) - Added filter static_user_filter (class=org.apache.hadoop.http.lib.StaticUserWebFilter$StaticUserFilter) to context hddsDatanode
2022-02-12 02:10:06,053 [Listener at 127.0.0.1/37239] INFO  http.HttpServer2 (HttpServer2.java:addFilter(1014)) - Added filter static_user_filter (class=org.apache.hadoop.http.lib.StaticUserWebFilter$StaticUserFilter) to context static
2022-02-12 02:10:06,053 [Listener at 127.0.0.1/37239] INFO  http.HttpServer2 (HttpServer2.java:addFilter(1014)) - Added filter static_user_filter (class=org.apache.hadoop.http.lib.StaticUserWebFilter$StaticUserFilter) to context logs
2022-02-12 02:10:06,053 [Listener at 127.0.0.1/37239] INFO  http.HttpServer2 (HttpServer2.java:bindListener(1249)) - Jetty bound to port 45459
2022-02-12 02:10:06,053 [Listener at 127.0.0.1/37239] INFO  server.Server (Server.java:doStart(375)) - jetty-9.4.43.v20210629; built: 2021-06-30T11:07:22.254Z; git: 526006ecfa3af7f1a27ef3a288e2bef7ea9dd7e8; jvm 1.8.0_312-b07
2022-02-12 02:10:06,087 [Listener at 127.0.0.1/37239] INFO  server.session (DefaultSessionIdManager.java:doStart(334)) - DefaultSessionIdManager workerName=node0
2022-02-12 02:10:06,087 [Listener at 127.0.0.1/37239] INFO  server.session (DefaultSessionIdManager.java:doStart(339)) - No SessionScavenger set, using defaults
2022-02-12 02:10:06,087 [Listener at 127.0.0.1/37239] INFO  server.session (HouseKeeper.java:startScavenging(132)) - node0 Scavenging every 600000ms
2022-02-12 02:10:06,089 [Listener at 127.0.0.1/37239] INFO  handler.ContextHandler (ContextHandler.java:doStart(915)) - Started o.e.j.s.ServletContextHandler@5f3d9383{logs,/logs,file:///home/runner/work/ozone/ozone/hadoop-ozone/integration-test/target/log,AVAILABLE}
2022-02-12 02:10:06,089 [Listener at 127.0.0.1/37239] INFO  handler.ContextHandler (ContextHandler.java:doStart(915)) - Started o.e.j.s.ServletContextHandler@20aec74f{static,/static,jar:file:/home/runner/.m2/repository/org/apache/ozone/hdds-container-service/1.3.0-SNAPSHOT/hdds-container-service-1.3.0-SNAPSHOT.jar!/webapps/static,AVAILABLE}
2022-02-12 02:10:06,230 [om1@group-C5BA1605619E-FollowerState] INFO  impl.FollowerState (FollowerState.java:run(134)) - om1@group-C5BA1605619E-FollowerState: change to CANDIDATE, lastRpcElapsedTime:1161209096ns, electionTimeout:1159ms
2022-02-12 02:10:06,230 [om1@group-C5BA1605619E-FollowerState] INFO  impl.RoleInfo (RoleInfo.java:shutdownFollowerState(108)) - om1: shutdown om1@group-C5BA1605619E-FollowerState
2022-02-12 02:10:06,230 [om1@group-C5BA1605619E-FollowerState] INFO  server.RaftServer$Division (RaftServerImpl.java:setRole(290)) - om1@group-C5BA1605619E: changes role from  FOLLOWER to CANDIDATE at term 0 for changeToCandidate
2022-02-12 02:10:06,230 [om1@group-C5BA1605619E-FollowerState] INFO  server.RaftServerConfigKeys (ConfUtils.java:logGet(44)) - raft.server.leaderelection.pre-vote = false (custom)
2022-02-12 02:10:06,230 [om1@group-C5BA1605619E-FollowerState] INFO  impl.RoleInfo (RoleInfo.java:updateAndGet(130)) - om1: start om1@group-C5BA1605619E-LeaderElection61
2022-02-12 02:10:06,272 [Listener at 127.0.0.1/37239] INFO  handler.ContextHandler (ContextHandler.java:doStart(915)) - Started o.e.j.w.WebAppContext@3749e682{hddsDatanode,/,file:///tmp/jetty-0_0_0_0-45459-hdds-container-service-1_3_0-SNAPSHOT_jar-_-any-7223218968381178818/webapp/,AVAILABLE}{jar:file:/home/runner/.m2/repository/org/apache/ozone/hdds-container-service/1.3.0-SNAPSHOT/hdds-container-service-1.3.0-SNAPSHOT.jar!/webapps/hddsDatanode}
2022-02-12 02:10:06,278 [Listener at 127.0.0.1/37239] INFO  server.AbstractConnector (AbstractConnector.java:doStart(331)) - Started ServerConnector@11e2a981{HTTP/1.1, (http/1.1)}{0.0.0.0:45459}
2022-02-12 02:10:06,279 [Listener at 127.0.0.1/37239] INFO  server.Server (Server.java:doStart(415)) - Started @224502ms
2022-02-12 02:10:06,281 [Listener at 127.0.0.1/37239] WARN  impl.MetricsSystemImpl (MetricsSystemImpl.java:register(279)) - Sink prometheus already exists!
2022-02-12 02:10:06,284 [Listener at 127.0.0.1/37239] INFO  http.BaseHttpServer (BaseHttpServer.java:updateConnectorAddress(329)) - HTTP server of hddsDatanode listening at http://0.0.0.0:45459
2022-02-12 02:10:06,288 [Listener at 127.0.0.1/37239] WARN  impl.MetricRegistriesImpl (MetricRegistriesImpl.java:addReporterRegistration(111)) - New reporters are added after registries were created. Some metrics will be missing from the reporter. Please add reporter before adding any new registry.
2022-02-12 02:10:06,288 [Listener at 127.0.0.1/37239] WARN  impl.MetricRegistriesImpl (MetricRegistriesImpl.java:addReporterRegistration(111)) - New reporters are added after registries were created. Some metrics will be missing from the reporter. Please add reporter before adding any new registry.
2022-02-12 02:10:06,288 [Listener at 127.0.0.1/37239] INFO  impl.MetricsSystemImpl (MetricsSystemImpl.java:init(158)) - HddsDatanode metrics system started (again)
2022-02-12 02:10:06,292 [Datanode State Machine Daemon Thread] INFO  statemachine.DatanodeStateMachine (DatanodeStateMachine.java:lambda$startDaemon$0(470)) - Ozone container server started.
2022-02-12 02:10:06,300 [om1@group-C5BA1605619E-LeaderElection61] INFO  impl.LeaderElection (LeaderElection.java:askForVotes(306)) - om1@group-C5BA1605619E-LeaderElection61 ELECTION round 0: submit vote requests at term 1 for -1: [om1|rpc:localhost:9872|priority:0], old=null
2022-02-12 02:10:06,300 [om1@group-C5BA1605619E-LeaderElection61] INFO  impl.LeaderElection (LeaderElection.java:askForVotes(308)) - om1@group-C5BA1605619E-LeaderElection61 ELECTION round 0: result PASSED (term=1)
2022-02-12 02:10:06,300 [om1@group-C5BA1605619E-LeaderElection61] INFO  impl.RoleInfo (RoleInfo.java:shutdownLeaderElection(121)) - om1: shutdown om1@group-C5BA1605619E-LeaderElection61
2022-02-12 02:10:06,300 [om1@group-C5BA1605619E-LeaderElection61] INFO  server.RaftServer$Division (RaftServerImpl.java:setRole(290)) - om1@group-C5BA1605619E: changes role from CANDIDATE to LEADER at term 1 for changeToLeader
2022-02-12 02:10:06,300 [om1@group-C5BA1605619E-LeaderElection61] INFO  server.RaftServer$Division (ServerState.java:setLeader(285)) - om1@group-C5BA1605619E: change Leader from null to om1 at term 1 for becomeLeader, leader elected after 1303ms
2022-02-12 02:10:06,300 [om1@group-C5BA1605619E-LeaderElection61] INFO  server.RaftServerConfigKeys (ConfUtils.java:logGet(44)) - raft.server.staging.catchup.gap = 1000 (default)
2022-02-12 02:10:06,300 [om1@group-C5BA1605619E-LeaderElection61] INFO  server.RaftServerConfigKeys (ConfUtils.java:logGet(44)) - raft.server.write.element-limit = 4096 (default)
2022-02-12 02:10:06,300 [om1@group-C5BA1605619E-LeaderElection61] INFO  server.RaftServerConfigKeys (ConfUtils.java:logGet(44)) - raft.server.write.byte-limit = 64MB (=67108864) (default)
2022-02-12 02:10:06,301 [om1@group-C5BA1605619E-LeaderElection61] INFO  server.RaftServerConfigKeys (ConfUtils.java:logGet(44)) - raft.server.watch.timeout = 10s (default)
2022-02-12 02:10:06,301 [om1@group-C5BA1605619E-LeaderElection61] INFO  server.RaftServerConfigKeys (ConfUtils.java:logGet(44)) - raft.server.watch.timeout.denomination = 1s (default)
2022-02-12 02:10:06,301 [om1@group-C5BA1605619E-LeaderElection61] INFO  server.RaftServerConfigKeys (ConfUtils.java:logGet(44)) - raft.server.watch.element-limit = 65536 (default)
2022-02-12 02:10:06,301 [om1@group-C5BA1605619E-LeaderElection61] INFO  server.RaftServerConfigKeys (ConfUtils.java:logGet(44)) - raft.server.write.element-limit = 4096 (default)
2022-02-12 02:10:06,301 [om1@group-C5BA1605619E-LeaderElection61] INFO  server.RaftServerConfigKeys (ConfUtils.java:logGet(44)) - raft.server.write.follower.gap.ratio.max = -1.0 (default)
2022-02-12 02:10:06,301 [om1@group-C5BA1605619E-LeaderElection61] INFO  impl.RoleInfo (RoleInfo.java:updateAndGet(130)) - om1: start om1@group-C5BA1605619E-LeaderStateImpl
2022-02-12 02:10:06,301 [om1@group-C5BA1605619E-LeaderElection61] INFO  segmented.SegmentedRaftLogWorker (SegmentedRaftLogWorker.java:startLogSegment(394)) - om1@group-C5BA1605619E-SegmentedRaftLogWorker: Starting segment from index:0
2022-02-12 02:10:06,317 [om1@group-C5BA1605619E-LeaderElection61] INFO  server.RaftServer$Division (ServerState.java:setRaftConf(387)) - om1@group-C5BA1605619E: set configuration 0: [om1|rpc:localhost:9872|admin:|client:|dataStream:|priority:0], old=null
2022-02-12 02:10:06,324 [org.apache.hadoop.util.JvmPauseMonitor$Monitor@41c669e7] INFO  util.JvmPauseMonitor (JvmPauseMonitor.java:run(188)) - Starting JVM pause monitor
2022-02-12 02:10:06,333 [Datanode State Machine Task Thread - 0] INFO  datanode.InitDatanodeState (InitDatanodeState.java:persistContainerDatanodeDetails(145)) - DatanodeDetails is persisted to /home/runner/work/ozone/ozone/hadoop-ozone/integration-test/target/test-dir/MiniOzoneClusterImpl-f86292e6-51f6-48a5-a476-e96bf2e780fe/datanode-1/meta/datanode.id
2022-02-12 02:10:06,352 [om1@group-C5BA1605619E-SegmentedRaftLogWorker] INFO  segmented.SegmentedRaftLogWorker (SegmentedRaftLogWorker.java:execute(601)) - om1@group-C5BA1605619E-SegmentedRaftLogWorker: created new log segment /home/runner/work/ozone/ozone/hadoop-ozone/integration-test/target/test-dir/MiniOzoneClusterImpl-f86292e6-51f6-48a5-a476-e96bf2e780fe/ozone-meta/ratis/bf265839-605b-3f16-9796-c5ba1605619e/current/log_inprogress_0
2022-02-12 02:10:06,354 [om1@group-C5BA1605619E-StateMachineUpdater] INFO  ratis.OzoneManagerStateMachine (OzoneManagerStateMachine.java:notifyConfigurationChanged(188)) - Received Configuration change notification from Ratis. New Peer list:
[id: "om1"
address: "localhost:9872"
]
2022-02-12 02:10:06,360 [Listener at 127.0.0.1/37239] INFO  ozone.HddsDatanodeService (HddsDatanodeService.java:start(234)) - HddsDatanodeService host:fv-az395-998.zfmzfyrfkyou3ow0tsr0jxwq1e.bx.internal.cloudapp.net ip:10.1.0.17
2022-02-12 02:10:06,410 [Listener at 127.0.0.1/37239] INFO  upgrade.AbstractLayoutVersionManager (AbstractLayoutVersionManager.java:init(79)) - Initializing Layout version manager with metadata layout = SCM_HA (version = 2), software layout = SCM_HA (version = 2)
2022-02-12 02:10:06,520 [Listener at 127.0.0.1/37239] INFO  reflections.Reflections (Reflections.java:scan(232)) - Reflections took 109 ms to scan 7 urls, producing 119 keys and 279 values 
2022-02-12 02:10:06,527 [Listener at 127.0.0.1/37239] INFO  statemachine.DatanodeStateMachine (DatanodeStateMachine.java:getEndPointTaskThreadPoolSize(222)) - Datanode State Machine Task Thread Pool size 2
2022-02-12 02:10:06,533 [Listener at 127.0.0.1/37239] INFO  volume.HddsVolume (HddsVolume.java:<init>(120)) - Creating HddsVolume: /home/runner/work/ozone/ozone/hadoop-ozone/integration-test/target/test-dir/MiniOzoneClusterImpl-f86292e6-51f6-48a5-a476-e96bf2e780fe/datanode-2/data-0/containers/hdds of storage type : DISK capacity : 9223372036854775807
2022-02-12 02:10:06,533 [Listener at 127.0.0.1/37239] INFO  volume.MutableVolumeSet (MutableVolumeSet.java:initializeVolumeSet(168)) - Added Volume : /home/runner/work/ozone/ozone/hadoop-ozone/integration-test/target/test-dir/MiniOzoneClusterImpl-f86292e6-51f6-48a5-a476-e96bf2e780fe/datanode-2/data-0/containers/hdds to VolumeSet
2022-02-12 02:10:06,534 [Listener at 127.0.0.1/37239] INFO  volume.ThrottledAsyncChecker (ThrottledAsyncChecker.java:schedule(141)) - Scheduling a check for /home/runner/work/ozone/ozone/hadoop-ozone/integration-test/target/test-dir/MiniOzoneClusterImpl-f86292e6-51f6-48a5-a476-e96bf2e780fe/datanode-2/data-0/containers/hdds
2022-02-12 02:10:06,546 [Listener at 127.0.0.1/37239] INFO  volume.StorageVolumeChecker (StorageVolumeChecker.java:checkAllVolumes(202)) - Scheduled health check for volume /home/runner/work/ozone/ozone/hadoop-ozone/integration-test/target/test-dir/MiniOzoneClusterImpl-f86292e6-51f6-48a5-a476-e96bf2e780fe/datanode-2/data-0/containers/hdds
2022-02-12 02:10:06,574 [Listener at 127.0.0.1/37239] INFO  volume.MutableVolumeSet (MutableVolumeSet.java:initializeVolumeSet(168)) - Added Volume : /home/runner/work/ozone/ozone/hadoop-ozone/integration-test/target/test-dir/MiniOzoneClusterImpl-f86292e6-51f6-48a5-a476-e96bf2e780fe/datanode-2/data/ratis to VolumeSet
2022-02-12 02:10:06,574 [Listener at 127.0.0.1/37239] INFO  volume.ThrottledAsyncChecker (ThrottledAsyncChecker.java:schedule(141)) - Scheduling a check for /home/runner/work/ozone/ozone/hadoop-ozone/integration-test/target/test-dir/MiniOzoneClusterImpl-f86292e6-51f6-48a5-a476-e96bf2e780fe/datanode-2/data/ratis
2022-02-12 02:10:06,575 [Listener at 127.0.0.1/37239] INFO  volume.StorageVolumeChecker (StorageVolumeChecker.java:checkAllVolumes(202)) - Scheduled health check for volume /home/runner/work/ozone/ozone/hadoop-ozone/integration-test/target/test-dir/MiniOzoneClusterImpl-f86292e6-51f6-48a5-a476-e96bf2e780fe/datanode-2/data/ratis
2022-02-12 02:10:06,592 [Thread-1370] INFO  ozoneimpl.ContainerReader (ContainerReader.java:readVolume(172)) - Finish verifying containers on volume /home/runner/work/ozone/ozone/hadoop-ozone/integration-test/target/test-dir/MiniOzoneClusterImpl-f86292e6-51f6-48a5-a476-e96bf2e780fe/datanode-2/data-0/containers/hdds
2022-02-12 02:10:06,592 [Listener at 127.0.0.1/37239] INFO  ozoneimpl.OzoneContainer (OzoneContainer.java:buildContainerSet(237)) - Build ContainerSet costs 0s
2022-02-12 02:10:06,593 [Listener at 127.0.0.1/37239] INFO  server.RaftServer (ConfUtils.java:logGet(44)) - raft.rpc.type = GRPC (default)
2022-02-12 02:10:06,594 [Listener at 127.0.0.1/37239] INFO  grpc.GrpcFactory (GrpcFactory.java:checkPooledByteBufAllocatorUseCacheForAllThreads(48)) - PERFORMANCE WARNING: useCacheForAllThreads is true that may cause Netty to create a lot garbage objects and, as a result, trigger GC.
	It is recommended to disable useCacheForAllThreads by setting -Dorg.apache.ratis.thirdparty.io.netty.allocator.useCacheForAllThreads=false in command line.
2022-02-12 02:10:06,594 [Listener at 127.0.0.1/37239] INFO  grpc.GrpcConfigKeys (ConfUtils.java:logGet(44)) - raft.grpc.admin.port = 0 (custom)
2022-02-12 02:10:06,594 [Listener at 127.0.0.1/37239] INFO  grpc.GrpcConfigKeys (ConfUtils.java:logGet(44)) - raft.grpc.client.port = 0 (custom)
2022-02-12 02:10:06,594 [Listener at 127.0.0.1/37239] INFO  grpc.GrpcConfigKeys (ConfUtils.java:logGet(44)) - raft.grpc.server.port = 0 (default)
2022-02-12 02:10:06,594 [Listener at 127.0.0.1/37239] INFO  server.GrpcService (ConfUtils.java:logGet(44)) - raft.grpc.message.size.max = 32MB (=33554432) (custom)
2022-02-12 02:10:06,594 [Listener at 127.0.0.1/37239] INFO  server.RaftServerConfigKeys (ConfUtils.java:logGet(44)) - raft.server.log.appender.buffer.byte-limit = 33554432 (custom)
2022-02-12 02:10:06,594 [Listener at 127.0.0.1/37239] INFO  server.GrpcService (ConfUtils.java:logGet(44)) - raft.grpc.flow.control.window = 5MB (=5242880) (custom)
2022-02-12 02:10:06,594 [Listener at 127.0.0.1/37239] INFO  server.RaftServerConfigKeys (ConfUtils.java:logGet(44)) - raft.server.rpc.request.timeout = 60s (custom)
2022-02-12 02:10:06,595 [Listener at 127.0.0.1/37239] INFO  impl.DataStreamServerImpl (ConfUtils.java:logGet(44)) - raft.datastream.type = DISABLED (default)
2022-02-12 02:10:06,595 [Listener at 127.0.0.1/37239] INFO  server.RaftServerConfigKeys (ConfUtils.java:logGet(44)) - raft.server.rpc.slowness.timeout = 300s (custom)
2022-02-12 02:10:06,596 [Listener at 127.0.0.1/37239] INFO  server.RaftServerConfigKeys (ConfUtils.java:logGet(44)) - raft.server.leaderelection.leader.step-down.wait-time = 10s (default)
2022-02-12 02:10:06,596 [Listener at 127.0.0.1/37239] INFO  server.RaftServerConfigKeys (ConfUtils.java:logGet(44)) - raft.server.storage.dir = [/home/runner/work/ozone/ozone/hadoop-ozone/integration-test/target/test-dir/MiniOzoneClusterImpl-f86292e6-51f6-48a5-a476-e96bf2e780fe/datanode-2/data/ratis] (custom)
2022-02-12 02:10:06,601 [Listener at 127.0.0.1/37239] INFO  server.XceiverServerGrpc (XceiverServerGrpc.java:<init>(132)) - GrpcServer channel type EpollServerSocketChannel
2022-02-12 02:10:06,615 [Listener at 127.0.0.1/37239] INFO  http.BaseHttpServer (BaseHttpServer.java:newHttpServer2BuilderForOzone(209)) - Starting Web-server for hddsDatanode at: http://0.0.0.0:0
2022-02-12 02:10:06,615 [Listener at 127.0.0.1/37239] INFO  http.BaseHttpServer (BaseHttpServer.java:<init>(107)) - Hadoop Security Enabled: false Ozone Security Enabled: false Ozone HTTP Security Enabled: false 
2022-02-12 02:10:06,626 [Listener at 127.0.0.1/37239] INFO  server.AuthenticationFilter (AuthenticationFilter.java:constructSecretProvider(240)) - Unable to initialize FileSignerSecretProvider, falling back to use random secrets.
2022-02-12 02:10:06,627 [Listener at 127.0.0.1/37239] WARN  http.HttpRequestLog (HttpRequestLog.java:getRequestLog(103)) - Jetty request log can only be enabled using Log4j
2022-02-12 02:10:06,627 [Listener at 127.0.0.1/37239] INFO  http.HttpServer2 (HttpServer2.java:addGlobalFilter(1030)) - Added global filter 'safety' (class=org.apache.hadoop.hdds.server.http.HttpServer2$QuotingInputFilter)
2022-02-12 02:10:06,628 [Listener at 127.0.0.1/37239] INFO  http.HttpServer2 (HttpServer2.java:addFilter(1006)) - Added filter static_user_filter (class=org.apache.hadoop.http.lib.StaticUserWebFilter$StaticUserFilter) to context hddsDatanode
2022-02-12 02:10:06,628 [Listener at 127.0.0.1/37239] INFO  http.HttpServer2 (HttpServer2.java:addFilter(1014)) - Added filter static_user_filter (class=org.apache.hadoop.http.lib.StaticUserWebFilter$StaticUserFilter) to context logs
2022-02-12 02:10:06,628 [Listener at 127.0.0.1/37239] INFO  http.HttpServer2 (HttpServer2.java:addFilter(1014)) - Added filter static_user_filter (class=org.apache.hadoop.http.lib.StaticUserWebFilter$StaticUserFilter) to context static
2022-02-12 02:10:06,628 [Listener at 127.0.0.1/37239] INFO  http.HttpServer2 (HttpServer2.java:bindListener(1249)) - Jetty bound to port 38025
2022-02-12 02:10:06,629 [Listener at 127.0.0.1/37239] INFO  server.Server (Server.java:doStart(375)) - jetty-9.4.43.v20210629; built: 2021-06-30T11:07:22.254Z; git: 526006ecfa3af7f1a27ef3a288e2bef7ea9dd7e8; jvm 1.8.0_312-b07
2022-02-12 02:10:06,644 [Listener at 127.0.0.1/37239] INFO  server.session (DefaultSessionIdManager.java:doStart(334)) - DefaultSessionIdManager workerName=node0
2022-02-12 02:10:06,645 [Listener at 127.0.0.1/37239] INFO  server.session (DefaultSessionIdManager.java:doStart(339)) - No SessionScavenger set, using defaults
2022-02-12 02:10:06,661 [Listener at 127.0.0.1/37239] INFO  server.session (HouseKeeper.java:startScavenging(132)) - node0 Scavenging every 600000ms
2022-02-12 02:10:06,662 [Listener at 127.0.0.1/37239] INFO  handler.ContextHandler (ContextHandler.java:doStart(915)) - Started o.e.j.s.ServletContextHandler@506c1549{logs,/logs,file:///home/runner/work/ozone/ozone/hadoop-ozone/integration-test/target/log,AVAILABLE}
2022-02-12 02:10:06,662 [Listener at 127.0.0.1/37239] INFO  handler.ContextHandler (ContextHandler.java:doStart(915)) - Started o.e.j.s.ServletContextHandler@124b0265{static,/static,jar:file:/home/runner/.m2/repository/org/apache/ozone/hdds-container-service/1.3.0-SNAPSHOT/hdds-container-service-1.3.0-SNAPSHOT.jar!/webapps/static,AVAILABLE}
2022-02-12 02:10:06,797 [Listener at 127.0.0.1/37239] INFO  handler.ContextHandler (ContextHandler.java:doStart(915)) - Started o.e.j.w.WebAppContext@6528f1fa{hddsDatanode,/,file:///tmp/jetty-0_0_0_0-38025-hdds-container-service-1_3_0-SNAPSHOT_jar-_-any-4182962468775053790/webapp/,AVAILABLE}{jar:file:/home/runner/.m2/repository/org/apache/ozone/hdds-container-service/1.3.0-SNAPSHOT/hdds-container-service-1.3.0-SNAPSHOT.jar!/webapps/hddsDatanode}
2022-02-12 02:10:06,826 [Listener at 127.0.0.1/37239] INFO  server.AbstractConnector (AbstractConnector.java:doStart(331)) - Started ServerConnector@1ab65374{HTTP/1.1, (http/1.1)}{0.0.0.0:38025}
2022-02-12 02:10:06,827 [Listener at 127.0.0.1/37239] INFO  server.Server (Server.java:doStart(415)) - Started @225050ms
2022-02-12 02:10:06,827 [Listener at 127.0.0.1/37239] WARN  impl.MetricsSystemImpl (MetricsSystemImpl.java:register(279)) - Sink prometheus already exists!
2022-02-12 02:10:06,828 [Listener at 127.0.0.1/37239] INFO  http.BaseHttpServer (BaseHttpServer.java:updateConnectorAddress(329)) - HTTP server of hddsDatanode listening at http://0.0.0.0:38025
2022-02-12 02:10:06,832 [Listener at 127.0.0.1/37239] INFO  ozone.MiniOzoneClusterImpl (MiniOzoneClusterImpl.java:lambda$waitForClusterToBeReady$0(219)) - Waiting for nodes to be ready. Got 0 of 3 DN Heartbeats.
2022-02-12 02:10:06,833 [Listener at 127.0.0.1/37239] INFO  ozone.MiniOzoneClusterImpl (MiniOzoneClusterImpl.java:lambda$waitForClusterToBeReady$0(222)) - Waiting for cluster to exit safe mode
2022-02-12 02:10:06,833 [Listener at 127.0.0.1/37239] INFO  ozone.MiniOzoneClusterImpl (MiniOzoneClusterImpl.java:lambda$waitForClusterToBeReady$0(224)) - SCM became leader
2022-02-12 02:10:06,833 [Datanode State Machine Daemon Thread] INFO  statemachine.DatanodeStateMachine (DatanodeStateMachine.java:lambda$startDaemon$0(470)) - Ozone container server started.
2022-02-12 02:10:06,880 [org.apache.hadoop.util.JvmPauseMonitor$Monitor@23c876b] INFO  util.JvmPauseMonitor (JvmPauseMonitor.java:run(188)) - Starting JVM pause monitor
2022-02-12 02:10:06,894 [Datanode State Machine Task Thread - 0] INFO  datanode.InitDatanodeState (InitDatanodeState.java:persistContainerDatanodeDetails(145)) - DatanodeDetails is persisted to /home/runner/work/ozone/ozone/hadoop-ozone/integration-test/target/test-dir/MiniOzoneClusterImpl-f86292e6-51f6-48a5-a476-e96bf2e780fe/datanode-2/meta/datanode.id
2022-02-12 02:10:07,825 [EndpointStateMachine task thread for /0.0.0.0:40289 - 0 ] INFO  ozoneimpl.OzoneContainer (OzoneContainer.java:start(315)) - Attempting to start container services.
2022-02-12 02:10:07,825 [EndpointStateMachine task thread for /0.0.0.0:40289 - 0 ] INFO  ozoneimpl.OzoneContainer (OzoneContainer.java:startContainerScrub(250)) - Background container scanner has been disabled.
2022-02-12 02:10:07,832 [EndpointStateMachine task thread for /0.0.0.0:40289 - 0 ] INFO  replication.ReplicationServer (ReplicationServer.java:start(111)) - ReplicationServer is started using port 46579
2022-02-12 02:10:07,833 [EndpointStateMachine task thread for /0.0.0.0:40289 - 0 ] INFO  ratis.XceiverServerRatis (XceiverServerRatis.java:start(484)) - Starting XceiverServerRatis 2a7c97ff-33a0-4dd1-806d-5e334853ac69
2022-02-12 02:10:07,833 [Listener at 127.0.0.1/37239] INFO  ozone.MiniOzoneClusterImpl (MiniOzoneClusterImpl.java:lambda$waitForClusterToBeReady$0(219)) - Waiting for nodes to be ready. Got 0 of 3 DN Heartbeats.
2022-02-12 02:10:07,833 [Listener at 127.0.0.1/37239] INFO  ozone.MiniOzoneClusterImpl (MiniOzoneClusterImpl.java:lambda$waitForClusterToBeReady$0(222)) - Waiting for cluster to exit safe mode
2022-02-12 02:10:07,833 [Listener at 127.0.0.1/37239] INFO  ozone.MiniOzoneClusterImpl (MiniOzoneClusterImpl.java:lambda$waitForClusterToBeReady$0(224)) - SCM became leader
2022-02-12 02:10:07,834 [EndpointStateMachine task thread for /0.0.0.0:40289 - 0 ] INFO  server.RaftServer (RaftServerProxy.java:lambda$start$5(374)) - 2a7c97ff-33a0-4dd1-806d-5e334853ac69: start RPC server
2022-02-12 02:10:07,841 [EndpointStateMachine task thread for /0.0.0.0:40289 - 0 ] INFO  server.GrpcService (GrpcService.java:startImpl(253)) - 2a7c97ff-33a0-4dd1-806d-5e334853ac69: GrpcService started, listening on 42493
2022-02-12 02:10:07,848 [EndpointStateMachine task thread for /0.0.0.0:40289 - 0 ] INFO  ratis.XceiverServerRatis (XceiverServerRatis.java:getRealPort(505)) - XceiverServerRatis 2a7c97ff-33a0-4dd1-806d-5e334853ac69 is started using port 42493 for RATIS
2022-02-12 02:10:07,848 [EndpointStateMachine task thread for /0.0.0.0:40289 - 0 ] INFO  ratis.XceiverServerRatis (XceiverServerRatis.java:getRealPort(505)) - XceiverServerRatis 2a7c97ff-33a0-4dd1-806d-5e334853ac69 is started using port 42493 for RATIS_ADMIN
2022-02-12 02:10:07,848 [EndpointStateMachine task thread for /0.0.0.0:40289 - 0 ] INFO  ratis.XceiverServerRatis (XceiverServerRatis.java:getRealPort(505)) - XceiverServerRatis 2a7c97ff-33a0-4dd1-806d-5e334853ac69 is started using port 42493 for RATIS_SERVER
2022-02-12 02:10:07,849 [org.apache.ratis.util.JvmPauseMonitor$$Lambda$421/534662976@9b0198e] INFO  util.JvmPauseMonitor (JvmPauseMonitor.java:run(103)) - JvmPauseMonitor-2a7c97ff-33a0-4dd1-806d-5e334853ac69: Started
2022-02-12 02:10:07,867 [EndpointStateMachine task thread for /0.0.0.0:40289 - 0 ] INFO  server.XceiverServerGrpc (XceiverServerGrpc.java:start(180)) - XceiverServerGrpc 2a7c97ff-33a0-4dd1-806d-5e334853ac69 is started using port 41285
2022-02-12 02:10:08,347 [EndpointStateMachine task thread for /0.0.0.0:40289 - 0 ] INFO  ozoneimpl.OzoneContainer (OzoneContainer.java:start(315)) - Attempting to start container services.
2022-02-12 02:10:08,348 [EndpointStateMachine task thread for /0.0.0.0:40289 - 0 ] INFO  ozoneimpl.OzoneContainer (OzoneContainer.java:startContainerScrub(250)) - Background container scanner has been disabled.
2022-02-12 02:10:08,353 [EndpointStateMachine task thread for /0.0.0.0:40289 - 0 ] INFO  replication.ReplicationServer (ReplicationServer.java:start(111)) - ReplicationServer is started using port 42687
2022-02-12 02:10:08,383 [EndpointStateMachine task thread for /0.0.0.0:40289 - 0 ] INFO  ratis.XceiverServerRatis (XceiverServerRatis.java:start(484)) - Starting XceiverServerRatis d2d0b78f-5d5f-439b-be51-19b16f7d6779
2022-02-12 02:10:08,395 [EndpointStateMachine task thread for /0.0.0.0:40289 - 0 ] INFO  server.RaftServer (RaftServerProxy.java:lambda$start$5(374)) - d2d0b78f-5d5f-439b-be51-19b16f7d6779: start RPC server
2022-02-12 02:10:08,398 [EndpointStateMachine task thread for /0.0.0.0:40289 - 0 ] INFO  server.GrpcService (GrpcService.java:startImpl(253)) - d2d0b78f-5d5f-439b-be51-19b16f7d6779: GrpcService started, listening on 36711
2022-02-12 02:10:08,405 [EndpointStateMachine task thread for /0.0.0.0:40289 - 0 ] INFO  ratis.XceiverServerRatis (XceiverServerRatis.java:getRealPort(505)) - XceiverServerRatis d2d0b78f-5d5f-439b-be51-19b16f7d6779 is started using port 36711 for RATIS
2022-02-12 02:10:08,405 [EndpointStateMachine task thread for /0.0.0.0:40289 - 0 ] INFO  ratis.XceiverServerRatis (XceiverServerRatis.java:getRealPort(505)) - XceiverServerRatis d2d0b78f-5d5f-439b-be51-19b16f7d6779 is started using port 36711 for RATIS_ADMIN
2022-02-12 02:10:08,405 [EndpointStateMachine task thread for /0.0.0.0:40289 - 0 ] INFO  ratis.XceiverServerRatis (XceiverServerRatis.java:getRealPort(505)) - XceiverServerRatis d2d0b78f-5d5f-439b-be51-19b16f7d6779 is started using port 36711 for RATIS_SERVER
2022-02-12 02:10:08,407 [org.apache.ratis.util.JvmPauseMonitor$$Lambda$421/534662976@2e750c38] INFO  util.JvmPauseMonitor (JvmPauseMonitor.java:run(103)) - JvmPauseMonitor-d2d0b78f-5d5f-439b-be51-19b16f7d6779: Started
2022-02-12 02:10:08,423 [EndpointStateMachine task thread for /0.0.0.0:40289 - 0 ] INFO  server.XceiverServerGrpc (XceiverServerGrpc.java:start(180)) - XceiverServerGrpc d2d0b78f-5d5f-439b-be51-19b16f7d6779 is started using port 41083
2022-02-12 02:10:08,836 [Listener at 127.0.0.1/37239] INFO  ozone.MiniOzoneClusterImpl (MiniOzoneClusterImpl.java:lambda$waitForClusterToBeReady$0(219)) - Waiting for nodes to be ready. Got 0 of 3 DN Heartbeats.
2022-02-12 02:10:08,836 [Listener at 127.0.0.1/37239] INFO  ozone.MiniOzoneClusterImpl (MiniOzoneClusterImpl.java:lambda$waitForClusterToBeReady$0(222)) - Waiting for cluster to exit safe mode
2022-02-12 02:10:08,836 [Listener at 127.0.0.1/37239] INFO  ozone.MiniOzoneClusterImpl (MiniOzoneClusterImpl.java:lambda$waitForClusterToBeReady$0(224)) - SCM became leader
2022-02-12 02:10:08,892 [EndpointStateMachine task thread for /0.0.0.0:40289 - 0 ] INFO  ozoneimpl.OzoneContainer (OzoneContainer.java:start(315)) - Attempting to start container services.
2022-02-12 02:10:08,892 [EndpointStateMachine task thread for /0.0.0.0:40289 - 0 ] INFO  ozoneimpl.OzoneContainer (OzoneContainer.java:startContainerScrub(250)) - Background container scanner has been disabled.
2022-02-12 02:10:08,899 [EndpointStateMachine task thread for /0.0.0.0:40289 - 0 ] INFO  replication.ReplicationServer (ReplicationServer.java:start(111)) - ReplicationServer is started using port 37351
2022-02-12 02:10:08,900 [EndpointStateMachine task thread for /0.0.0.0:40289 - 0 ] INFO  ratis.XceiverServerRatis (XceiverServerRatis.java:start(484)) - Starting XceiverServerRatis 86bf740c-10b6-47d5-be0a-24882d6e78ed
2022-02-12 02:10:08,901 [EndpointStateMachine task thread for /0.0.0.0:40289 - 0 ] INFO  server.RaftServer (RaftServerProxy.java:lambda$start$5(374)) - 86bf740c-10b6-47d5-be0a-24882d6e78ed: start RPC server
2022-02-12 02:10:08,904 [EndpointStateMachine task thread for /0.0.0.0:40289 - 0 ] INFO  server.GrpcService (GrpcService.java:startImpl(253)) - 86bf740c-10b6-47d5-be0a-24882d6e78ed: GrpcService started, listening on 34415
2022-02-12 02:10:08,915 [EndpointStateMachine task thread for /0.0.0.0:40289 - 0 ] INFO  ratis.XceiverServerRatis (XceiverServerRatis.java:getRealPort(505)) - XceiverServerRatis 86bf740c-10b6-47d5-be0a-24882d6e78ed is started using port 34415 for RATIS
2022-02-12 02:10:08,915 [EndpointStateMachine task thread for /0.0.0.0:40289 - 0 ] INFO  ratis.XceiverServerRatis (XceiverServerRatis.java:getRealPort(505)) - XceiverServerRatis 86bf740c-10b6-47d5-be0a-24882d6e78ed is started using port 34415 for RATIS_ADMIN
2022-02-12 02:10:08,915 [EndpointStateMachine task thread for /0.0.0.0:40289 - 0 ] INFO  ratis.XceiverServerRatis (XceiverServerRatis.java:getRealPort(505)) - XceiverServerRatis 86bf740c-10b6-47d5-be0a-24882d6e78ed is started using port 34415 for RATIS_SERVER
2022-02-12 02:10:08,915 [org.apache.ratis.util.JvmPauseMonitor$$Lambda$421/534662976@b39ab56] INFO  util.JvmPauseMonitor (JvmPauseMonitor.java:run(103)) - JvmPauseMonitor-86bf740c-10b6-47d5-be0a-24882d6e78ed: Started
2022-02-12 02:10:08,925 [EndpointStateMachine task thread for /0.0.0.0:40289 - 0 ] INFO  server.XceiverServerGrpc (XceiverServerGrpc.java:start(180)) - XceiverServerGrpc 86bf740c-10b6-47d5-be0a-24882d6e78ed is started using port 35495
2022-02-12 02:10:09,797 [IPC Server handler 0 on default port 40289] INFO  net.NetworkTopologyImpl (NetworkTopologyImpl.java:add(112)) - Added a new node: /default-rack/2a7c97ff-33a0-4dd1-806d-5e334853ac69
2022-02-12 02:10:09,797 [IPC Server handler 0 on default port 40289] INFO  node.SCMNodeManager (SCMNodeManager.java:register(389)) - Registered Data node : 2a7c97ff-33a0-4dd1-806d-5e334853ac69{ip: 10.1.0.17, host: fv-az395-998.zfmzfyrfkyou3ow0tsr0jxwq1e.bx.internal.cloudapp.net, ports: [REPLICATION=46579, RATIS=42493, RATIS_ADMIN=42493, RATIS_SERVER=42493, STANDALONE=41285], networkLocation: /default-rack, certSerialId: null, persistedOpState: null, persistedOpStateExpiryEpochSec: 0}
2022-02-12 02:10:09,799 [EventQueue-NewNodeForNewNodeHandler] INFO  pipeline.BackgroundPipelineCreator (BackgroundPipelineCreator.java:notifyEventTriggered(285)) - trigger a one-shot run on RatisPipelineUtilsThread.
2022-02-12 02:10:09,799 [RatisPipelineUtilsThread - 0] INFO  pipeline.RatisPipelineProvider (RatisPipelineProvider.java:lambda$create$0(183)) - Sending CreatePipelineCommand for pipeline:PipelineID=a3c2d045-a4d2-4cbc-8838-d104910553c0 to datanode:2a7c97ff-33a0-4dd1-806d-5e334853ac69
2022-02-12 02:10:09,800 [EventQueue-NodeRegistrationContainerReportForDataNodeSafeModeRule] INFO  safemode.SCMSafeModeManager (DataNodeSafeModeRule.java:process(71)) - SCM in safe mode. 1 DataNodes registered, 3 required.
2022-02-12 02:10:09,817 [EventQueue-NodeRegistrationContainerReportForContainerSafeModeRule] INFO  safemode.SCMSafeModeManager (SCMSafeModeManager.java:validateSafeModeExitRules(204)) - ContainerSafeModeRule rule is successfully validated
2022-02-12 02:10:09,833 [EventQueue-PipelineReportForOneReplicaPipelineSafeModeRule] INFO  safemode.SCMSafeModeManager (SCMSafeModeManager.java:validateSafeModeExitRules(204)) - AtleastOneDatanodeReportedRule rule is successfully validated
2022-02-12 02:10:09,836 [Listener at 127.0.0.1/37239] INFO  ozone.MiniOzoneClusterImpl (MiniOzoneClusterImpl.java:lambda$waitForClusterToBeReady$0(219)) - Waiting for nodes to be ready. Got 1 of 3 DN Heartbeats.
2022-02-12 02:10:09,837 [Listener at 127.0.0.1/37239] INFO  ozone.MiniOzoneClusterImpl (MiniOzoneClusterImpl.java:lambda$waitForClusterToBeReady$0(222)) - Waiting for cluster to exit safe mode
2022-02-12 02:10:09,837 [Listener at 127.0.0.1/37239] INFO  ozone.MiniOzoneClusterImpl (MiniOzoneClusterImpl.java:lambda$waitForClusterToBeReady$0(224)) - SCM became leader
2022-02-12 02:10:09,874 [c467f674-5d00-4497-9e9e-a7c35f247abe@group-E96BF2E780FE-StateMachineUpdater] INFO  pipeline.PipelineStateManagerImpl (PipelineStateManagerImpl.java:addPipeline(101)) - Created pipeline Pipeline[ Id: a3c2d045-a4d2-4cbc-8838-d104910553c0, Nodes: 2a7c97ff-33a0-4dd1-806d-5e334853ac69{ip: 10.1.0.17, host: fv-az395-998.zfmzfyrfkyou3ow0tsr0jxwq1e.bx.internal.cloudapp.net, ports: [REPLICATION=46579, RATIS=42493, RATIS_ADMIN=42493, RATIS_SERVER=42493, STANDALONE=41285], networkLocation: /default-rack, certSerialId: null, persistedOpState: IN_SERVICE, persistedOpStateExpiryEpochSec: 0}, ReplicationConfig: RATIS/ONE, State:ALLOCATED, leaderId:, CreationTimestamp2022-02-12T02:10:09.799Z[Etc/UTC]].
2022-02-12 02:10:09,875 [c467f674-5d00-4497-9e9e-a7c35f247abe@group-E96BF2E780FE-StateMachineUpdater] INFO  safemode.HealthyPipelineSafeModeRule (HealthyPipelineSafeModeRule.java:initializeRule(152)) - Refreshed total pipeline count is 0, healthy pipeline threshold count is 1
2022-02-12 02:10:10,326 [IPC Server handler 2 on default port 40289] INFO  net.NetworkTopologyImpl (NetworkTopologyImpl.java:add(112)) - Added a new node: /default-rack/d2d0b78f-5d5f-439b-be51-19b16f7d6779
2022-02-12 02:10:10,327 [IPC Server handler 2 on default port 40289] INFO  node.SCMNodeManager (SCMNodeManager.java:register(389)) - Registered Data node : d2d0b78f-5d5f-439b-be51-19b16f7d6779{ip: 10.1.0.17, host: fv-az395-998.zfmzfyrfkyou3ow0tsr0jxwq1e.bx.internal.cloudapp.net, ports: [REPLICATION=42687, RATIS=36711, RATIS_ADMIN=36711, RATIS_SERVER=36711, STANDALONE=41083], networkLocation: /default-rack, certSerialId: null, persistedOpState: null, persistedOpStateExpiryEpochSec: 0}
2022-02-12 02:10:10,327 [EventQueue-NewNodeForNewNodeHandler] INFO  pipeline.BackgroundPipelineCreator (BackgroundPipelineCreator.java:notifyEventTriggered(285)) - trigger a one-shot run on RatisPipelineUtilsThread.
2022-02-12 02:10:10,336 [EventQueue-NodeRegistrationContainerReportForDataNodeSafeModeRule] INFO  safemode.SCMSafeModeManager (DataNodeSafeModeRule.java:process(71)) - SCM in safe mode. 2 DataNodes registered, 3 required.
2022-02-12 02:10:10,339 [RatisPipelineUtilsThread - 0] INFO  pipeline.RatisPipelineProvider (RatisPipelineProvider.java:lambda$create$0(183)) - Sending CreatePipelineCommand for pipeline:PipelineID=6d8c11a9-8e92-4407-929c-38e7377d209a to datanode:d2d0b78f-5d5f-439b-be51-19b16f7d6779
2022-02-12 02:10:10,341 [c467f674-5d00-4497-9e9e-a7c35f247abe@group-E96BF2E780FE-StateMachineUpdater] INFO  pipeline.PipelineStateManagerImpl (PipelineStateManagerImpl.java:addPipeline(101)) - Created pipeline Pipeline[ Id: 6d8c11a9-8e92-4407-929c-38e7377d209a, Nodes: d2d0b78f-5d5f-439b-be51-19b16f7d6779{ip: 10.1.0.17, host: fv-az395-998.zfmzfyrfkyou3ow0tsr0jxwq1e.bx.internal.cloudapp.net, ports: [REPLICATION=42687, RATIS=36711, RATIS_ADMIN=36711, RATIS_SERVER=36711, STANDALONE=41083], networkLocation: /default-rack, certSerialId: null, persistedOpState: IN_SERVICE, persistedOpStateExpiryEpochSec: 0}, ReplicationConfig: RATIS/ONE, State:ALLOCATED, leaderId:, CreationTimestamp2022-02-12T02:10:10.339Z[Etc/UTC]].
2022-02-12 02:10:10,341 [c467f674-5d00-4497-9e9e-a7c35f247abe@group-E96BF2E780FE-StateMachineUpdater] INFO  safemode.HealthyPipelineSafeModeRule (HealthyPipelineSafeModeRule.java:initializeRule(152)) - Refreshed total pipeline count is 0, healthy pipeline threshold count is 1
2022-02-12 02:10:10,837 [Listener at 127.0.0.1/37239] INFO  ozone.MiniOzoneClusterImpl (MiniOzoneClusterImpl.java:lambda$waitForClusterToBeReady$0(219)) - Waiting for nodes to be ready. Got 2 of 3 DN Heartbeats.
2022-02-12 02:10:10,838 [Listener at 127.0.0.1/37239] INFO  ozone.MiniOzoneClusterImpl (MiniOzoneClusterImpl.java:lambda$waitForClusterToBeReady$0(222)) - Waiting for cluster to exit safe mode
2022-02-12 02:10:10,838 [Listener at 127.0.0.1/37239] INFO  ozone.MiniOzoneClusterImpl (MiniOzoneClusterImpl.java:lambda$waitForClusterToBeReady$0(224)) - SCM became leader
2022-02-12 02:10:10,877 [IPC Server handler 1 on default port 40289] INFO  net.NetworkTopologyImpl (NetworkTopologyImpl.java:add(112)) - Added a new node: /default-rack/86bf740c-10b6-47d5-be0a-24882d6e78ed
2022-02-12 02:10:10,878 [IPC Server handler 1 on default port 40289] INFO  node.SCMNodeManager (SCMNodeManager.java:register(389)) - Registered Data node : 86bf740c-10b6-47d5-be0a-24882d6e78ed{ip: 10.1.0.17, host: fv-az395-998.zfmzfyrfkyou3ow0tsr0jxwq1e.bx.internal.cloudapp.net, ports: [REPLICATION=37351, RATIS=34415, RATIS_ADMIN=34415, RATIS_SERVER=34415, STANDALONE=35495], networkLocation: /default-rack, certSerialId: null, persistedOpState: null, persistedOpStateExpiryEpochSec: 0}
2022-02-12 02:10:10,878 [EventQueue-NewNodeForNewNodeHandler] INFO  pipeline.BackgroundPipelineCreator (BackgroundPipelineCreator.java:notifyEventTriggered(285)) - trigger a one-shot run on RatisPipelineUtilsThread.
2022-02-12 02:10:10,879 [RatisPipelineUtilsThread - 0] INFO  pipeline.RatisPipelineProvider (RatisPipelineProvider.java:lambda$create$0(183)) - Sending CreatePipelineCommand for pipeline:PipelineID=69d7da29-168f-46f5-8b9e-b73ae0e2c7c3 to datanode:86bf740c-10b6-47d5-be0a-24882d6e78ed
2022-02-12 02:10:10,880 [c467f674-5d00-4497-9e9e-a7c35f247abe@group-E96BF2E780FE-StateMachineUpdater] INFO  pipeline.PipelineStateManagerImpl (PipelineStateManagerImpl.java:addPipeline(101)) - Created pipeline Pipeline[ Id: 69d7da29-168f-46f5-8b9e-b73ae0e2c7c3, Nodes: 86bf740c-10b6-47d5-be0a-24882d6e78ed{ip: 10.1.0.17, host: fv-az395-998.zfmzfyrfkyou3ow0tsr0jxwq1e.bx.internal.cloudapp.net, ports: [REPLICATION=37351, RATIS=34415, RATIS_ADMIN=34415, RATIS_SERVER=34415, STANDALONE=35495], networkLocation: /default-rack, certSerialId: null, persistedOpState: IN_SERVICE, persistedOpStateExpiryEpochSec: 0}, ReplicationConfig: RATIS/ONE, State:ALLOCATED, leaderId:, CreationTimestamp2022-02-12T02:10:10.879Z[Etc/UTC]].
2022-02-12 02:10:10,880 [c467f674-5d00-4497-9e9e-a7c35f247abe@group-E96BF2E780FE-StateMachineUpdater] INFO  safemode.HealthyPipelineSafeModeRule (HealthyPipelineSafeModeRule.java:initializeRule(152)) - Refreshed total pipeline count is 0, healthy pipeline threshold count is 1
2022-02-12 02:10:10,887 [EventQueue-NodeRegistrationContainerReportForDataNodeSafeModeRule] INFO  safemode.SCMSafeModeManager (DataNodeSafeModeRule.java:process(71)) - SCM in safe mode. 3 DataNodes registered, 3 required.
2022-02-12 02:10:10,887 [EventQueue-NodeRegistrationContainerReportForDataNodeSafeModeRule] INFO  safemode.SCMSafeModeManager (SCMSafeModeManager.java:validateSafeModeExitRules(204)) - DataNodeSafeModeRule rule is successfully validated
2022-02-12 02:10:10,887 [EventQueue-NodeRegistrationContainerReportForDataNodeSafeModeRule] INFO  safemode.SCMSafeModeManager (SCMSafeModeManager.java:completePreCheck(233)) - All SCM safe mode pre check rules have passed
2022-02-12 02:10:10,887 [EventQueue-NodeRegistrationContainerReportForDataNodeSafeModeRule] WARN  events.EventQueue (EventQueue.java:fireEvent(194)) - No event handler registered for event TypedEvent{payloadType=SafeModeStatus, name='Safe mode status'}
2022-02-12 02:10:10,887 [EventQueue-NodeRegistrationContainerReportForDataNodeSafeModeRule] INFO  ha.SCMContext (SCMContext.java:updateSafeModeStatus(211)) - Update SafeModeStatus from SafeModeStatus{safeModeStatus=true, preCheckPassed=false} to SafeModeStatus{safeModeStatus=true, preCheckPassed=true}.
2022-02-12 02:10:10,887 [EventQueue-NodeRegistrationContainerReportForDataNodeSafeModeRule] INFO  pipeline.BackgroundPipelineCreator (BackgroundPipelineCreator.java:notifyEventTriggered(285)) - trigger a one-shot run on RatisPipelineUtilsThread.
2022-02-12 02:10:10,888 [RatisPipelineUtilsThread - 0] INFO  pipeline.RatisPipelineProvider (RatisPipelineProvider.java:lambda$create$0(183)) - Sending CreatePipelineCommand for pipeline:PipelineID=889fed88-7bee-4882-afe9-d7ae16390746 to datanode:86bf740c-10b6-47d5-be0a-24882d6e78ed
2022-02-12 02:10:10,888 [RatisPipelineUtilsThread - 0] INFO  pipeline.RatisPipelineProvider (RatisPipelineProvider.java:lambda$create$0(183)) - Sending CreatePipelineCommand for pipeline:PipelineID=889fed88-7bee-4882-afe9-d7ae16390746 to datanode:d2d0b78f-5d5f-439b-be51-19b16f7d6779
2022-02-12 02:10:10,888 [RatisPipelineUtilsThread - 0] INFO  pipeline.RatisPipelineProvider (RatisPipelineProvider.java:lambda$create$0(183)) - Sending CreatePipelineCommand for pipeline:PipelineID=889fed88-7bee-4882-afe9-d7ae16390746 to datanode:2a7c97ff-33a0-4dd1-806d-5e334853ac69
2022-02-12 02:10:10,889 [c467f674-5d00-4497-9e9e-a7c35f247abe@group-E96BF2E780FE-StateMachineUpdater] INFO  pipeline.PipelineStateManagerImpl (PipelineStateManagerImpl.java:addPipeline(101)) - Created pipeline Pipeline[ Id: 889fed88-7bee-4882-afe9-d7ae16390746, Nodes: 86bf740c-10b6-47d5-be0a-24882d6e78ed{ip: 10.1.0.17, host: fv-az395-998.zfmzfyrfkyou3ow0tsr0jxwq1e.bx.internal.cloudapp.net, ports: [REPLICATION=37351, RATIS=34415, RATIS_ADMIN=34415, RATIS_SERVER=34415, STANDALONE=35495], networkLocation: /default-rack, certSerialId: null, persistedOpState: IN_SERVICE, persistedOpStateExpiryEpochSec: 0}d2d0b78f-5d5f-439b-be51-19b16f7d6779{ip: 10.1.0.17, host: fv-az395-998.zfmzfyrfkyou3ow0tsr0jxwq1e.bx.internal.cloudapp.net, ports: [REPLICATION=42687, RATIS=36711, RATIS_ADMIN=36711, RATIS_SERVER=36711, STANDALONE=41083], networkLocation: /default-rack, certSerialId: null, persistedOpState: IN_SERVICE, persistedOpStateExpiryEpochSec: 0}2a7c97ff-33a0-4dd1-806d-5e334853ac69{ip: 10.1.0.17, host: fv-az395-998.zfmzfyrfkyou3ow0tsr0jxwq1e.bx.internal.cloudapp.net, ports: [REPLICATION=46579, RATIS=42493, RATIS_ADMIN=42493, RATIS_SERVER=42493, STANDALONE=41285], networkLocation: /default-rack, certSerialId: null, persistedOpState: IN_SERVICE, persistedOpStateExpiryEpochSec: 0}, ReplicationConfig: RATIS/THREE, State:ALLOCATED, leaderId:, CreationTimestamp2022-02-12T02:10:10.888Z[Etc/UTC]].
2022-02-12 02:10:10,889 [c467f674-5d00-4497-9e9e-a7c35f247abe@group-E96BF2E780FE-StateMachineUpdater] INFO  safemode.HealthyPipelineSafeModeRule (HealthyPipelineSafeModeRule.java:initializeRule(152)) - Refreshed total pipeline count is 0, healthy pipeline threshold count is 1
2022-02-12 02:10:10,889 [RatisPipelineUtilsThread - 0] INFO  pipeline.RatisPipelineProvider (RatisPipelineProvider.java:lambda$create$0(183)) - Sending CreatePipelineCommand for pipeline:PipelineID=b4c0c0b9-4a02-4d82-ab45-d538847d235a to datanode:d2d0b78f-5d5f-439b-be51-19b16f7d6779
2022-02-12 02:10:10,889 [RatisPipelineUtilsThread - 0] INFO  pipeline.RatisPipelineProvider (RatisPipelineProvider.java:lambda$create$0(183)) - Sending CreatePipelineCommand for pipeline:PipelineID=b4c0c0b9-4a02-4d82-ab45-d538847d235a to datanode:86bf740c-10b6-47d5-be0a-24882d6e78ed
2022-02-12 02:10:10,889 [RatisPipelineUtilsThread - 0] INFO  pipeline.RatisPipelineProvider (RatisPipelineProvider.java:lambda$create$0(183)) - Sending CreatePipelineCommand for pipeline:PipelineID=b4c0c0b9-4a02-4d82-ab45-d538847d235a to datanode:2a7c97ff-33a0-4dd1-806d-5e334853ac69
2022-02-12 02:10:10,890 [c467f674-5d00-4497-9e9e-a7c35f247abe@group-E96BF2E780FE-StateMachineUpdater] INFO  pipeline.PipelineStateManagerImpl (PipelineStateManagerImpl.java:addPipeline(101)) - Created pipeline Pipeline[ Id: b4c0c0b9-4a02-4d82-ab45-d538847d235a, Nodes: d2d0b78f-5d5f-439b-be51-19b16f7d6779{ip: 10.1.0.17, host: fv-az395-998.zfmzfyrfkyou3ow0tsr0jxwq1e.bx.internal.cloudapp.net, ports: [REPLICATION=42687, RATIS=36711, RATIS_ADMIN=36711, RATIS_SERVER=36711, STANDALONE=41083], networkLocation: /default-rack, certSerialId: null, persistedOpState: IN_SERVICE, persistedOpStateExpiryEpochSec: 0}86bf740c-10b6-47d5-be0a-24882d6e78ed{ip: 10.1.0.17, host: fv-az395-998.zfmzfyrfkyou3ow0tsr0jxwq1e.bx.internal.cloudapp.net, ports: [REPLICATION=37351, RATIS=34415, RATIS_ADMIN=34415, RATIS_SERVER=34415, STANDALONE=35495], networkLocation: /default-rack, certSerialId: null, persistedOpState: IN_SERVICE, persistedOpStateExpiryEpochSec: 0}2a7c97ff-33a0-4dd1-806d-5e334853ac69{ip: 10.1.0.17, host: fv-az395-998.zfmzfyrfkyou3ow0tsr0jxwq1e.bx.internal.cloudapp.net, ports: [REPLICATION=46579, RATIS=42493, RATIS_ADMIN=42493, RATIS_SERVER=42493, STANDALONE=41285], networkLocation: /default-rack, certSerialId: null, persistedOpState: IN_SERVICE, persistedOpStateExpiryEpochSec: 0}, ReplicationConfig: RATIS/THREE, State:ALLOCATED, leaderId:, CreationTimestamp2022-02-12T02:10:10.889Z[Etc/UTC]].
2022-02-12 02:10:10,890 [c467f674-5d00-4497-9e9e-a7c35f247abe@group-E96BF2E780FE-StateMachineUpdater] INFO  safemode.HealthyPipelineSafeModeRule (HealthyPipelineSafeModeRule.java:initializeRule(152)) - Refreshed total pipeline count is 0, healthy pipeline threshold count is 1
2022-02-12 02:10:10,890 [RatisPipelineUtilsThread - 0] INFO  pipeline.PipelineManagerImpl (PipelineManagerImpl.java:recordMetricsForPipeline(639)) - Pipeline: PipelineID=b4c0c0b9-4a02-4d82-ab45-d538847d235a contains same datanodes as previous pipelines: PipelineID=889fed88-7bee-4882-afe9-d7ae16390746 nodeIds: d2d0b78f-5d5f-439b-be51-19b16f7d6779, 86bf740c-10b6-47d5-be0a-24882d6e78ed, 2a7c97ff-33a0-4dd1-806d-5e334853ac69
2022-02-12 02:10:11,838 [Listener at 127.0.0.1/37239] INFO  ozone.MiniOzoneClusterImpl (MiniOzoneClusterImpl.java:lambda$waitForClusterToBeReady$0(219)) - Nodes are ready. Got 3 of 3 DN Heartbeats.
2022-02-12 02:10:11,838 [Listener at 127.0.0.1/37239] INFO  ozone.MiniOzoneClusterImpl (MiniOzoneClusterImpl.java:lambda$waitForClusterToBeReady$0(222)) - Waiting for cluster to exit safe mode
2022-02-12 02:10:11,838 [Listener at 127.0.0.1/37239] INFO  ozone.MiniOzoneClusterImpl (MiniOzoneClusterImpl.java:lambda$waitForClusterToBeReady$0(224)) - SCM became leader
2022-02-12 02:10:12,797 [Command processor thread] INFO  server.RaftServer (RaftServerProxy.java:addNew(95)) - 2a7c97ff-33a0-4dd1-806d-5e334853ac69: addNew group-D104910553C0:[2a7c97ff-33a0-4dd1-806d-5e334853ac69|rpc:10.1.0.17:42493|priority:1] returns group-D104910553C0:java.util.concurrent.CompletableFuture@419c7054[Not completed]
2022-02-12 02:10:12,809 [pool-494-thread-1] INFO  server.RaftServer$Division (RaftServerImpl.java:<init>(184)) - 2a7c97ff-33a0-4dd1-806d-5e334853ac69: new RaftServerImpl for group-D104910553C0:[2a7c97ff-33a0-4dd1-806d-5e334853ac69|rpc:10.1.0.17:42493|priority:1] with ContainerStateMachine:uninitialized
2022-02-12 02:10:12,820 [pool-494-thread-1] INFO  server.RaftServerConfigKeys (ConfUtils.java:logGet(44)) - raft.server.rpc.timeout.min = 5s (custom)
2022-02-12 02:10:12,820 [pool-494-thread-1] INFO  server.RaftServerConfigKeys (ConfUtils.java:logGet(44)) - raft.server.rpc.timeout.max = 5200ms (custom)
2022-02-12 02:10:12,820 [pool-494-thread-1] INFO  server.RaftServerConfigKeys (ConfUtils.java:logGet(44)) - raft.server.rpc.sleep.time = 25ms (default)
2022-02-12 02:10:12,820 [pool-494-thread-1] INFO  server.RaftServerConfigKeys (ConfUtils.java:logGet(44)) - raft.server.rpc.slowness.timeout = 300s (custom)
2022-02-12 02:10:12,820 [pool-494-thread-1] INFO  server.RaftServerConfigKeys (ConfUtils.java:logGet(44)) - raft.server.leaderelection.leader.step-down.wait-time = 10s (default)
2022-02-12 02:10:12,820 [pool-494-thread-1] INFO  server.RaftServerConfigKeys (ConfUtils.java:logGet(44)) - raft.server.sleep.deviation.threshold = 300ms (default)
2022-02-12 02:10:12,820 [pool-494-thread-1] INFO  server.RaftServerConfigKeys (ConfUtils.java:logGet(44)) - raft.server.log.appender.install.snapshot.enabled = false (custom)
2022-02-12 02:10:12,821 [pool-494-thread-1] INFO  server.RaftServer$Division (ServerState.java:<init>(105)) - 2a7c97ff-33a0-4dd1-806d-5e334853ac69@group-D104910553C0: ConfigurationManager, init=-1: [2a7c97ff-33a0-4dd1-806d-5e334853ac69|rpc:10.1.0.17:42493|priority:1], old=null, confs=<EMPTY_MAP>
2022-02-12 02:10:12,821 [pool-494-thread-1] INFO  server.RaftServerConfigKeys (ConfUtils.java:logGet(44)) - raft.server.storage.dir = [/home/runner/work/ozone/ozone/hadoop-ozone/integration-test/target/test-dir/MiniOzoneClusterImpl-f86292e6-51f6-48a5-a476-e96bf2e780fe/datanode-0/data/ratis] (custom)
2022-02-12 02:10:12,821 [pool-494-thread-1] INFO  server.RaftServerConfigKeys (ConfUtils.java:logGet(44)) - raft.server.log.corruption.policy = EXCEPTION (default)
2022-02-12 02:10:12,821 [pool-494-thread-1] INFO  server.RaftServerConfigKeys (ConfUtils.java:logGet(44)) - raft.server.storage.free-space.min = 0MB (=0) (default)
2022-02-12 02:10:12,821 [pool-494-thread-1] INFO  storage.RaftStorageDirectory (RaftStorageDirectoryImpl.java:analyzeStorage(135)) - The storage directory /home/runner/work/ozone/ozone/hadoop-ozone/integration-test/target/test-dir/MiniOzoneClusterImpl-f86292e6-51f6-48a5-a476-e96bf2e780fe/datanode-0/data/ratis/a3c2d045-a4d2-4cbc-8838-d104910553c0 does not exist. Creating ...
2022-02-12 02:10:12,838 [pool-494-thread-1] INFO  storage.RaftStorageDirectory (RaftStorageDirectoryImpl.java:tryLock(230)) - Lock on /home/runner/work/ozone/ozone/hadoop-ozone/integration-test/target/test-dir/MiniOzoneClusterImpl-f86292e6-51f6-48a5-a476-e96bf2e780fe/datanode-0/data/ratis/a3c2d045-a4d2-4cbc-8838-d104910553c0/in_use.lock acquired by nodename 9178@fv-az395-998
2022-02-12 02:10:12,839 [Listener at 127.0.0.1/37239] INFO  ozone.MiniOzoneClusterImpl (MiniOzoneClusterImpl.java:lambda$waitForClusterToBeReady$0(219)) - Nodes are ready. Got 3 of 3 DN Heartbeats.
2022-02-12 02:10:12,839 [Listener at 127.0.0.1/37239] INFO  ozone.MiniOzoneClusterImpl (MiniOzoneClusterImpl.java:lambda$waitForClusterToBeReady$0(222)) - Waiting for cluster to exit safe mode
2022-02-12 02:10:12,839 [Listener at 127.0.0.1/37239] INFO  ozone.MiniOzoneClusterImpl (MiniOzoneClusterImpl.java:lambda$waitForClusterToBeReady$0(224)) - SCM became leader
2022-02-12 02:10:12,840 [pool-494-thread-1] INFO  storage.RaftStorage (RaftStorageImpl.java:format(89)) - Storage directory /home/runner/work/ozone/ozone/hadoop-ozone/integration-test/target/test-dir/MiniOzoneClusterImpl-f86292e6-51f6-48a5-a476-e96bf2e780fe/datanode-0/data/ratis/a3c2d045-a4d2-4cbc-8838-d104910553c0 has been successfully formatted.
2022-02-12 02:10:12,861 [pool-494-thread-1] INFO  ratis.ContainerStateMachine (ContainerStateMachine.java:loadSnapshot(231)) - group-D104910553C0: The snapshot info is null. Setting the last applied indexto:(t:0, i:~)
2022-02-12 02:10:12,861 [pool-494-thread-1] INFO  server.RaftServerConfigKeys (ConfUtils.java:logGet(44)) - raft.server.notification.no-leader.timeout = 300s (custom)
2022-02-12 02:10:12,861 [pool-494-thread-1] INFO  server.RaftServerConfigKeys (ConfUtils.java:logGet(44)) - raft.server.log.use.memory = false (default)
2022-02-12 02:10:12,861 [pool-494-thread-1] INFO  server.RaftServerConfigKeys (ConfUtils.java:logGet(44)) - raft.server.log.purge.gap = 1000000 (custom)
2022-02-12 02:10:12,861 [pool-494-thread-1] INFO  server.RaftServerConfigKeys (ConfUtils.java:logGet(44)) - raft.server.log.appender.buffer.byte-limit = 33554432 (custom)
2022-02-12 02:10:12,861 [pool-494-thread-1] INFO  server.RaftServerConfigKeys (ConfUtils.java:logGet(44)) - raft.server.log.segment.size.max = 1048576 (custom)
2022-02-12 02:10:12,862 [pool-494-thread-1] INFO  server.RaftServerConfigKeys (ConfUtils.java:logGet(44)) - raft.server.log.segment.cache.num.max = 2 (custom)
2022-02-12 02:10:12,862 [pool-494-thread-1] INFO  server.RaftServerConfigKeys (ConfUtils.java:logGet(44)) - raft.server.log.segment.cache.size.max = 200MB (=209715200) (default)
2022-02-12 02:10:12,862 [pool-494-thread-1] INFO  segmented.SegmentedRaftLogWorker (SegmentedRaftLogWorker.java:<init>(182)) - new 2a7c97ff-33a0-4dd1-806d-5e334853ac69@group-D104910553C0-SegmentedRaftLogWorker for RaftStorageImpl:Storage Directory /home/runner/work/ozone/ozone/hadoop-ozone/integration-test/target/test-dir/MiniOzoneClusterImpl-f86292e6-51f6-48a5-a476-e96bf2e780fe/datanode-0/data/ratis/a3c2d045-a4d2-4cbc-8838-d104910553c0
2022-02-12 02:10:12,862 [pool-494-thread-1] INFO  server.RaftServerConfigKeys (ConfUtils.java:logGet(44)) - raft.server.log.queue.byte-limit = 2147483647 (custom)
2022-02-12 02:10:12,862 [pool-494-thread-1] INFO  server.RaftServerConfigKeys (ConfUtils.java:logGet(44)) - raft.server.log.queue.element-limit = 1024 (custom)
2022-02-12 02:10:12,862 [pool-494-thread-1] INFO  server.RaftServerConfigKeys (ConfUtils.java:logGet(44)) - raft.server.log.segment.size.max = 1048576 (custom)
2022-02-12 02:10:12,862 [pool-494-thread-1] INFO  server.RaftServerConfigKeys (ConfUtils.java:logGet(44)) - raft.server.log.preallocated.size = 16384 (custom)
2022-02-12 02:10:12,862 [pool-494-thread-1] INFO  server.RaftServerConfigKeys (ConfUtils.java:logGet(44)) - raft.server.log.force.sync.num = 128 (default)
2022-02-12 02:10:12,862 [pool-494-thread-1] INFO  server.RaftServerConfigKeys (ConfUtils.java:logGet(44)) - raft.server.log.statemachine.data.sync = true (default)
2022-02-12 02:10:12,862 [pool-494-thread-1] INFO  server.RaftServerConfigKeys (ConfUtils.java:logGet(44)) - raft.server.log.statemachine.data.sync.timeout = 10s (default)
2022-02-12 02:10:12,862 [pool-494-thread-1] INFO  server.RaftServerConfigKeys (ConfUtils.java:logGet(44)) - raft.server.log.statemachine.data.sync.timeout.retry = -1 (default)
2022-02-12 02:10:12,863 [pool-494-thread-1] INFO  server.RaftServerConfigKeys (ConfUtils.java:logGet(44)) - raft.server.log.write.buffer.size = 1048576 (custom)
2022-02-12 02:10:12,864 [pool-494-thread-1] INFO  server.RaftServerConfigKeys (ConfUtils.java:logGet(44)) - raft.server.log.statemachine.data.caching.enabled = true (custom)
2022-02-12 02:10:12,864 [pool-494-thread-1] INFO  segmented.SegmentedRaftLogWorker (SegmentedRaftLogWorker.java:lambda$new$0(133)) - 2a7c97ff-33a0-4dd1-806d-5e334853ac69@group-D104910553C0-SegmentedRaftLogWorker: flushIndex: setUnconditionally 0 -> -1
2022-02-12 02:10:12,864 [pool-494-thread-1] INFO  segmented.SegmentedRaftLogWorker (SegmentedRaftLogWorker.java:lambda$new$0(133)) - 2a7c97ff-33a0-4dd1-806d-5e334853ac69@group-D104910553C0-SegmentedRaftLogWorker: safeCacheEvictIndex: setUnconditionally 0 -> -1
2022-02-12 02:10:12,865 [EventQueue-PipelineReportForPipelineReportHandler] INFO  pipeline.PipelineManagerImpl (PipelineManagerImpl.java:openPipeline(291)) - Pipeline Pipeline[ Id: a3c2d045-a4d2-4cbc-8838-d104910553c0, Nodes: 2a7c97ff-33a0-4dd1-806d-5e334853ac69{ip: 10.1.0.17, host: fv-az395-998.zfmzfyrfkyou3ow0tsr0jxwq1e.bx.internal.cloudapp.net, ports: [REPLICATION=46579, RATIS=42493, RATIS_ADMIN=42493, RATIS_SERVER=42493, STANDALONE=41285], networkLocation: /default-rack, certSerialId: null, persistedOpState: IN_SERVICE, persistedOpStateExpiryEpochSec: 0}, ReplicationConfig: RATIS/ONE, State:ALLOCATED, leaderId:2a7c97ff-33a0-4dd1-806d-5e334853ac69, CreationTimestamp2022-02-12T02:10:09.799Z[Etc/UTC]] moved to OPEN state
2022-02-12 02:10:12,876 [pool-494-thread-1] INFO  server.RaftServerConfigKeys (ConfUtils.java:logGet(44)) - raft.server.snapshot.auto.trigger.enabled = true (custom)
2022-02-12 02:10:12,876 [pool-494-thread-1] INFO  server.RaftServerConfigKeys (ConfUtils.java:logGet(44)) - raft.server.snapshot.auto.trigger.threshold = 10000 (custom)
2022-02-12 02:10:12,876 [pool-494-thread-1] INFO  server.RaftServerConfigKeys (ConfUtils.java:logGet(44)) - raft.server.snapshot.retention.file.num = 5 (custom)
2022-02-12 02:10:12,876 [pool-494-thread-1] INFO  server.RaftServerConfigKeys (ConfUtils.java:logGet(44)) - raft.server.log.purge.upto.snapshot.index = false (default)
2022-02-12 02:10:12,876 [pool-494-thread-1] INFO  server.RaftServerConfigKeys (ConfUtils.java:logGet(44)) - raft.server.retrycache.expirytime = 600000ms (custom)
2022-02-12 02:10:12,876 [pool-494-thread-1] INFO  server.RaftServerConfigKeys (ConfUtils.java:logGet(44)) - raft.server.retrycache.statistics.expirytime = 100μs (default)
2022-02-12 02:10:12,877 [pool-494-thread-1] INFO  server.RaftServer$Division (RaftServerImpl.java:start(301)) - 2a7c97ff-33a0-4dd1-806d-5e334853ac69@group-D104910553C0: start as a follower, conf=-1: [2a7c97ff-33a0-4dd1-806d-5e334853ac69|rpc:10.1.0.17:42493|priority:1], old=null
2022-02-12 02:10:12,877 [pool-494-thread-1] INFO  server.RaftServer$Division (RaftServerImpl.java:setRole(290)) - 2a7c97ff-33a0-4dd1-806d-5e334853ac69@group-D104910553C0: changes role from      null to FOLLOWER at term 0 for startAsFollower
2022-02-12 02:10:12,878 [pool-494-thread-1] INFO  impl.RoleInfo (RoleInfo.java:updateAndGet(130)) - 2a7c97ff-33a0-4dd1-806d-5e334853ac69: start 2a7c97ff-33a0-4dd1-806d-5e334853ac69@group-D104910553C0-FollowerState
2022-02-12 02:10:12,885 [pool-494-thread-1] INFO  util.JmxRegister (JmxRegister.java:tryRegister(44)) - Successfully registered JMX Bean with object name Ratis:service=RaftServer,group=group-D104910553C0,id=2a7c97ff-33a0-4dd1-806d-5e334853ac69
2022-02-12 02:10:12,920 [Command processor thread] INFO  ratis.XceiverServerRatis (XceiverServerRatis.java:addGroup(768)) - Created group PipelineID=a3c2d045-a4d2-4cbc-8838-d104910553c0
2022-02-12 02:10:12,920 [Command processor thread] INFO  commandhandler.CreatePipelineCommandHandler (CreatePipelineCommandHandler.java:handle(106)) - Created Pipeline RATIS ONE PipelineID=a3c2d045-a4d2-4cbc-8838-d104910553c0.
2022-02-12 02:10:12,923 [c467f674-5d00-4497-9e9e-a7c35f247abe@group-E96BF2E780FE-StateMachineUpdater] INFO  safemode.HealthyPipelineSafeModeRule (HealthyPipelineSafeModeRule.java:initializeRule(152)) - Refreshed total pipeline count is 0, healthy pipeline threshold count is 1
2022-02-12 02:10:12,923 [Command processor thread] INFO  server.RaftServer (RaftServerProxy.java:addNew(95)) - 2a7c97ff-33a0-4dd1-806d-5e334853ac69: addNew group-D7AE16390746:[d2d0b78f-5d5f-439b-be51-19b16f7d6779|rpc:10.1.0.17:36711|priority:0, 2a7c97ff-33a0-4dd1-806d-5e334853ac69|rpc:10.1.0.17:42493|priority:0, 86bf740c-10b6-47d5-be0a-24882d6e78ed|rpc:10.1.0.17:34415|priority:1] returns group-D7AE16390746:java.util.concurrent.CompletableFuture@45a3fcbf[Not completed]
2022-02-12 02:10:12,931 [EventQueue-OpenPipelineForHealthyPipelineSafeModeRule] INFO  safemode.SCMSafeModeManager (HealthyPipelineSafeModeRule.java:process(124)) - SCM in safe mode. Healthy pipelines reported count is 0, required healthy pipeline reported count is 1
2022-02-12 02:10:12,939 [pool-494-thread-1] INFO  server.RaftServer$Division (RaftServerImpl.java:<init>(184)) - 2a7c97ff-33a0-4dd1-806d-5e334853ac69: new RaftServerImpl for group-D7AE16390746:[d2d0b78f-5d5f-439b-be51-19b16f7d6779|rpc:10.1.0.17:36711|priority:0, 2a7c97ff-33a0-4dd1-806d-5e334853ac69|rpc:10.1.0.17:42493|priority:0, 86bf740c-10b6-47d5-be0a-24882d6e78ed|rpc:10.1.0.17:34415|priority:1] with ContainerStateMachine:uninitialized
2022-02-12 02:10:12,940 [pool-494-thread-1] INFO  server.RaftServerConfigKeys (ConfUtils.java:logGet(44)) - raft.server.rpc.timeout.min = 5s (custom)
2022-02-12 02:10:12,940 [pool-494-thread-1] INFO  server.RaftServerConfigKeys (ConfUtils.java:logGet(44)) - raft.server.rpc.timeout.max = 5200ms (custom)
2022-02-12 02:10:12,940 [pool-494-thread-1] INFO  server.RaftServerConfigKeys (ConfUtils.java:logGet(44)) - raft.server.rpc.sleep.time = 25ms (default)
2022-02-12 02:10:12,940 [pool-494-thread-1] INFO  server.RaftServerConfigKeys (ConfUtils.java:logGet(44)) - raft.server.rpc.slowness.timeout = 300s (custom)
2022-02-12 02:10:12,940 [pool-494-thread-1] INFO  server.RaftServerConfigKeys (ConfUtils.java:logGet(44)) - raft.server.leaderelection.leader.step-down.wait-time = 10s (default)
2022-02-12 02:10:12,940 [pool-494-thread-1] INFO  server.RaftServerConfigKeys (ConfUtils.java:logGet(44)) - raft.server.sleep.deviation.threshold = 300ms (default)
2022-02-12 02:10:12,940 [pool-494-thread-1] INFO  server.RaftServerConfigKeys (ConfUtils.java:logGet(44)) - raft.server.log.appender.install.snapshot.enabled = false (custom)
2022-02-12 02:10:12,940 [pool-494-thread-1] INFO  server.RaftServer$Division (ServerState.java:<init>(105)) - 2a7c97ff-33a0-4dd1-806d-5e334853ac69@group-D7AE16390746: ConfigurationManager, init=-1: [d2d0b78f-5d5f-439b-be51-19b16f7d6779|rpc:10.1.0.17:36711|priority:0, 2a7c97ff-33a0-4dd1-806d-5e334853ac69|rpc:10.1.0.17:42493|priority:0, 86bf740c-10b6-47d5-be0a-24882d6e78ed|rpc:10.1.0.17:34415|priority:1], old=null, confs=<EMPTY_MAP>
2022-02-12 02:10:12,952 [pool-494-thread-1] INFO  server.RaftServerConfigKeys (ConfUtils.java:logGet(44)) - raft.server.storage.dir = [/home/runner/work/ozone/ozone/hadoop-ozone/integration-test/target/test-dir/MiniOzoneClusterImpl-f86292e6-51f6-48a5-a476-e96bf2e780fe/datanode-0/data/ratis] (custom)
2022-02-12 02:10:12,952 [pool-494-thread-1] INFO  server.RaftServerConfigKeys (ConfUtils.java:logGet(44)) - raft.server.log.corruption.policy = EXCEPTION (default)
2022-02-12 02:10:12,952 [pool-494-thread-1] INFO  server.RaftServerConfigKeys (ConfUtils.java:logGet(44)) - raft.server.storage.free-space.min = 0MB (=0) (default)
2022-02-12 02:10:12,952 [pool-494-thread-1] INFO  storage.RaftStorageDirectory (RaftStorageDirectoryImpl.java:analyzeStorage(135)) - The storage directory /home/runner/work/ozone/ozone/hadoop-ozone/integration-test/target/test-dir/MiniOzoneClusterImpl-f86292e6-51f6-48a5-a476-e96bf2e780fe/datanode-0/data/ratis/889fed88-7bee-4882-afe9-d7ae16390746 does not exist. Creating ...
2022-02-12 02:10:12,953 [pool-494-thread-1] INFO  storage.RaftStorageDirectory (RaftStorageDirectoryImpl.java:tryLock(230)) - Lock on /home/runner/work/ozone/ozone/hadoop-ozone/integration-test/target/test-dir/MiniOzoneClusterImpl-f86292e6-51f6-48a5-a476-e96bf2e780fe/datanode-0/data/ratis/889fed88-7bee-4882-afe9-d7ae16390746/in_use.lock acquired by nodename 9178@fv-az395-998
2022-02-12 02:10:12,964 [pool-494-thread-1] INFO  storage.RaftStorage (RaftStorageImpl.java:format(89)) - Storage directory /home/runner/work/ozone/ozone/hadoop-ozone/integration-test/target/test-dir/MiniOzoneClusterImpl-f86292e6-51f6-48a5-a476-e96bf2e780fe/datanode-0/data/ratis/889fed88-7bee-4882-afe9-d7ae16390746 has been successfully formatted.
2022-02-12 02:10:12,964 [pool-494-thread-1] INFO  ratis.ContainerStateMachine (ContainerStateMachine.java:loadSnapshot(231)) - group-D7AE16390746: The snapshot info is null. Setting the last applied indexto:(t:0, i:~)
2022-02-12 02:10:12,966 [pool-494-thread-1] INFO  server.RaftServerConfigKeys (ConfUtils.java:logGet(44)) - raft.server.notification.no-leader.timeout = 300s (custom)
2022-02-12 02:10:12,966 [pool-494-thread-1] INFO  server.RaftServerConfigKeys (ConfUtils.java:logGet(44)) - raft.server.log.use.memory = false (default)
2022-02-12 02:10:12,966 [pool-494-thread-1] INFO  server.RaftServerConfigKeys (ConfUtils.java:logGet(44)) - raft.server.log.purge.gap = 1000000 (custom)
2022-02-12 02:10:12,966 [pool-494-thread-1] INFO  server.RaftServerConfigKeys (ConfUtils.java:logGet(44)) - raft.server.log.appender.buffer.byte-limit = 33554432 (custom)
2022-02-12 02:10:12,966 [pool-494-thread-1] INFO  server.RaftServerConfigKeys (ConfUtils.java:logGet(44)) - raft.server.log.segment.size.max = 1048576 (custom)
2022-02-12 02:10:12,967 [pool-494-thread-1] INFO  server.RaftServerConfigKeys (ConfUtils.java:logGet(44)) - raft.server.log.segment.cache.num.max = 2 (custom)
2022-02-12 02:10:12,967 [pool-494-thread-1] INFO  server.RaftServerConfigKeys (ConfUtils.java:logGet(44)) - raft.server.log.segment.cache.size.max = 200MB (=209715200) (default)
2022-02-12 02:10:12,967 [pool-494-thread-1] INFO  segmented.SegmentedRaftLogWorker (SegmentedRaftLogWorker.java:<init>(182)) - new 2a7c97ff-33a0-4dd1-806d-5e334853ac69@group-D7AE16390746-SegmentedRaftLogWorker for RaftStorageImpl:Storage Directory /home/runner/work/ozone/ozone/hadoop-ozone/integration-test/target/test-dir/MiniOzoneClusterImpl-f86292e6-51f6-48a5-a476-e96bf2e780fe/datanode-0/data/ratis/889fed88-7bee-4882-afe9-d7ae16390746
2022-02-12 02:10:12,967 [pool-494-thread-1] INFO  server.RaftServerConfigKeys (ConfUtils.java:logGet(44)) - raft.server.log.queue.byte-limit = 2147483647 (custom)
2022-02-12 02:10:12,967 [pool-494-thread-1] INFO  server.RaftServerConfigKeys (ConfUtils.java:logGet(44)) - raft.server.log.queue.element-limit = 1024 (custom)
2022-02-12 02:10:12,967 [pool-494-thread-1] INFO  server.RaftServerConfigKeys (ConfUtils.java:logGet(44)) - raft.server.log.segment.size.max = 1048576 (custom)
2022-02-12 02:10:12,967 [pool-494-thread-1] INFO  server.RaftServerConfigKeys (ConfUtils.java:logGet(44)) - raft.server.log.preallocated.size = 16384 (custom)
2022-02-12 02:10:12,967 [pool-494-thread-1] INFO  server.RaftServerConfigKeys (ConfUtils.java:logGet(44)) - raft.server.log.force.sync.num = 128 (default)
2022-02-12 02:10:12,967 [pool-494-thread-1] INFO  server.RaftServerConfigKeys (ConfUtils.java:logGet(44)) - raft.server.log.statemachine.data.sync = true (default)
2022-02-12 02:10:12,967 [pool-494-thread-1] INFO  server.RaftServerConfigKeys (ConfUtils.java:logGet(44)) - raft.server.log.statemachine.data.sync.timeout = 10s (default)
2022-02-12 02:10:12,967 [pool-494-thread-1] INFO  server.RaftServerConfigKeys (ConfUtils.java:logGet(44)) - raft.server.log.statemachine.data.sync.timeout.retry = -1 (default)
2022-02-12 02:10:12,968 [pool-494-thread-1] INFO  server.RaftServerConfigKeys (ConfUtils.java:logGet(44)) - raft.server.log.write.buffer.size = 1048576 (custom)
2022-02-12 02:10:12,966 [EventQueue-OpenPipelineForHealthyPipelineSafeModeRule] INFO  safemode.SCMSafeModeManager (HealthyPipelineSafeModeRule.java:process(124)) - SCM in safe mode. Healthy pipelines reported count is 0, required healthy pipeline reported count is 1
2022-02-12 02:10:12,969 [pool-494-thread-1] INFO  server.RaftServerConfigKeys (ConfUtils.java:logGet(44)) - raft.server.log.statemachine.data.caching.enabled = true (custom)
2022-02-12 02:10:12,969 [pool-494-thread-1] INFO  segmented.SegmentedRaftLogWorker (SegmentedRaftLogWorker.java:lambda$new$0(133)) - 2a7c97ff-33a0-4dd1-806d-5e334853ac69@group-D7AE16390746-SegmentedRaftLogWorker: flushIndex: setUnconditionally 0 -> -1
2022-02-12 02:10:12,969 [pool-494-thread-1] INFO  segmented.SegmentedRaftLogWorker (SegmentedRaftLogWorker.java:lambda$new$0(133)) - 2a7c97ff-33a0-4dd1-806d-5e334853ac69@group-D7AE16390746-SegmentedRaftLogWorker: safeCacheEvictIndex: setUnconditionally 0 -> -1
2022-02-12 02:10:12,970 [pool-494-thread-1] INFO  server.RaftServerConfigKeys (ConfUtils.java:logGet(44)) - raft.server.snapshot.auto.trigger.enabled = true (custom)
2022-02-12 02:10:12,970 [pool-494-thread-1] INFO  server.RaftServerConfigKeys (ConfUtils.java:logGet(44)) - raft.server.snapshot.auto.trigger.threshold = 10000 (custom)
2022-02-12 02:10:12,971 [pool-494-thread-1] INFO  server.RaftServerConfigKeys (ConfUtils.java:logGet(44)) - raft.server.snapshot.retention.file.num = 5 (custom)
2022-02-12 02:10:12,971 [pool-494-thread-1] INFO  server.RaftServerConfigKeys (ConfUtils.java:logGet(44)) - raft.server.log.purge.upto.snapshot.index = false (default)
2022-02-12 02:10:12,971 [pool-494-thread-1] INFO  server.RaftServerConfigKeys (ConfUtils.java:logGet(44)) - raft.server.retrycache.expirytime = 600000ms (custom)
2022-02-12 02:10:12,971 [pool-494-thread-1] INFO  server.RaftServerConfigKeys (ConfUtils.java:logGet(44)) - raft.server.retrycache.statistics.expirytime = 100μs (default)
2022-02-12 02:10:12,972 [pool-494-thread-1] INFO  server.RaftServer$Division (RaftServerImpl.java:start(301)) - 2a7c97ff-33a0-4dd1-806d-5e334853ac69@group-D7AE16390746: start as a follower, conf=-1: [d2d0b78f-5d5f-439b-be51-19b16f7d6779|rpc:10.1.0.17:36711|priority:0, 2a7c97ff-33a0-4dd1-806d-5e334853ac69|rpc:10.1.0.17:42493|priority:0, 86bf740c-10b6-47d5-be0a-24882d6e78ed|rpc:10.1.0.17:34415|priority:1], old=null
2022-02-12 02:10:12,972 [pool-494-thread-1] INFO  server.RaftServer$Division (RaftServerImpl.java:setRole(290)) - 2a7c97ff-33a0-4dd1-806d-5e334853ac69@group-D7AE16390746: changes role from      null to FOLLOWER at term 0 for startAsFollower
2022-02-12 02:10:12,972 [pool-494-thread-1] INFO  impl.RoleInfo (RoleInfo.java:updateAndGet(130)) - 2a7c97ff-33a0-4dd1-806d-5e334853ac69: start 2a7c97ff-33a0-4dd1-806d-5e334853ac69@group-D7AE16390746-FollowerState
2022-02-12 02:10:12,972 [pool-494-thread-1] INFO  util.JmxRegister (JmxRegister.java:tryRegister(44)) - Successfully registered JMX Bean with object name Ratis:service=RaftServer,group=group-D7AE16390746,id=2a7c97ff-33a0-4dd1-806d-5e334853ac69
2022-02-12 02:10:12,973 [Command processor thread] INFO  ratis.XceiverServerRatis (XceiverServerRatis.java:addGroup(768)) - Created group PipelineID=889fed88-7bee-4882-afe9-d7ae16390746
2022-02-12 02:10:13,010 [grpc-default-executor-2] INFO  server.RaftServer (RaftServerProxy.java:addNew(95)) - 86bf740c-10b6-47d5-be0a-24882d6e78ed: addNew group-D7AE16390746:[d2d0b78f-5d5f-439b-be51-19b16f7d6779|rpc:10.1.0.17:36711|dataStream:|priority:0, 2a7c97ff-33a0-4dd1-806d-5e334853ac69|rpc:10.1.0.17:42493|dataStream:|priority:0, 86bf740c-10b6-47d5-be0a-24882d6e78ed|rpc:10.1.0.17:34415|dataStream:|priority:1] returns group-D7AE16390746:java.util.concurrent.CompletableFuture@337961dc[Not completed]
2022-02-12 02:10:13,011 [pool-536-thread-1] INFO  server.RaftServer$Division (RaftServerImpl.java:<init>(184)) - 86bf740c-10b6-47d5-be0a-24882d6e78ed: new RaftServerImpl for group-D7AE16390746:[d2d0b78f-5d5f-439b-be51-19b16f7d6779|rpc:10.1.0.17:36711|dataStream:|priority:0, 2a7c97ff-33a0-4dd1-806d-5e334853ac69|rpc:10.1.0.17:42493|dataStream:|priority:0, 86bf740c-10b6-47d5-be0a-24882d6e78ed|rpc:10.1.0.17:34415|dataStream:|priority:1] with ContainerStateMachine:uninitialized
2022-02-12 02:10:13,017 [pool-536-thread-1] INFO  server.RaftServerConfigKeys (ConfUtils.java:logGet(44)) - raft.server.rpc.timeout.min = 5s (custom)
2022-02-12 02:10:13,017 [pool-536-thread-1] INFO  server.RaftServerConfigKeys (ConfUtils.java:logGet(44)) - raft.server.rpc.timeout.max = 5200ms (custom)
2022-02-12 02:10:13,017 [pool-536-thread-1] INFO  server.RaftServerConfigKeys (ConfUtils.java:logGet(44)) - raft.server.rpc.sleep.time = 25ms (default)
2022-02-12 02:10:13,017 [pool-536-thread-1] INFO  server.RaftServerConfigKeys (ConfUtils.java:logGet(44)) - raft.server.rpc.slowness.timeout = 300s (custom)
2022-02-12 02:10:13,017 [pool-536-thread-1] INFO  server.RaftServerConfigKeys (ConfUtils.java:logGet(44)) - raft.server.leaderelection.leader.step-down.wait-time = 10s (default)
2022-02-12 02:10:13,017 [pool-536-thread-1] INFO  server.RaftServerConfigKeys (ConfUtils.java:logGet(44)) - raft.server.sleep.deviation.threshold = 300ms (default)
2022-02-12 02:10:13,017 [pool-536-thread-1] INFO  server.RaftServerConfigKeys (ConfUtils.java:logGet(44)) - raft.server.log.appender.install.snapshot.enabled = false (custom)
2022-02-12 02:10:13,017 [pool-536-thread-1] INFO  server.RaftServer$Division (ServerState.java:<init>(105)) - 86bf740c-10b6-47d5-be0a-24882d6e78ed@group-D7AE16390746: ConfigurationManager, init=-1: [d2d0b78f-5d5f-439b-be51-19b16f7d6779|rpc:10.1.0.17:36711|dataStream:|priority:0, 2a7c97ff-33a0-4dd1-806d-5e334853ac69|rpc:10.1.0.17:42493|dataStream:|priority:0, 86bf740c-10b6-47d5-be0a-24882d6e78ed|rpc:10.1.0.17:34415|dataStream:|priority:1], old=null, confs=<EMPTY_MAP>
2022-02-12 02:10:13,017 [pool-536-thread-1] INFO  server.RaftServerConfigKeys (ConfUtils.java:logGet(44)) - raft.server.storage.dir = [/home/runner/work/ozone/ozone/hadoop-ozone/integration-test/target/test-dir/MiniOzoneClusterImpl-f86292e6-51f6-48a5-a476-e96bf2e780fe/datanode-2/data/ratis] (custom)
2022-02-12 02:10:13,017 [pool-536-thread-1] INFO  server.RaftServerConfigKeys (ConfUtils.java:logGet(44)) - raft.server.log.corruption.policy = EXCEPTION (default)
2022-02-12 02:10:13,017 [pool-536-thread-1] INFO  server.RaftServerConfigKeys (ConfUtils.java:logGet(44)) - raft.server.storage.free-space.min = 0MB (=0) (default)
2022-02-12 02:10:13,018 [pool-536-thread-1] INFO  storage.RaftStorageDirectory (RaftStorageDirectoryImpl.java:analyzeStorage(135)) - The storage directory /home/runner/work/ozone/ozone/hadoop-ozone/integration-test/target/test-dir/MiniOzoneClusterImpl-f86292e6-51f6-48a5-a476-e96bf2e780fe/datanode-2/data/ratis/889fed88-7bee-4882-afe9-d7ae16390746 does not exist. Creating ...
2022-02-12 02:10:13,020 [pool-536-thread-1] INFO  storage.RaftStorageDirectory (RaftStorageDirectoryImpl.java:tryLock(230)) - Lock on /home/runner/work/ozone/ozone/hadoop-ozone/integration-test/target/test-dir/MiniOzoneClusterImpl-f86292e6-51f6-48a5-a476-e96bf2e780fe/datanode-2/data/ratis/889fed88-7bee-4882-afe9-d7ae16390746/in_use.lock acquired by nodename 9178@fv-az395-998
2022-02-12 02:10:13,026 [pool-536-thread-1] INFO  storage.RaftStorage (RaftStorageImpl.java:format(89)) - Storage directory /home/runner/work/ozone/ozone/hadoop-ozone/integration-test/target/test-dir/MiniOzoneClusterImpl-f86292e6-51f6-48a5-a476-e96bf2e780fe/datanode-2/data/ratis/889fed88-7bee-4882-afe9-d7ae16390746 has been successfully formatted.
2022-02-12 02:10:13,044 [pool-536-thread-1] INFO  ratis.ContainerStateMachine (ContainerStateMachine.java:loadSnapshot(231)) - group-D7AE16390746: The snapshot info is null. Setting the last applied indexto:(t:0, i:~)
2022-02-12 02:10:13,044 [pool-536-thread-1] INFO  server.RaftServerConfigKeys (ConfUtils.java:logGet(44)) - raft.server.notification.no-leader.timeout = 300s (custom)
2022-02-12 02:10:13,044 [pool-536-thread-1] INFO  server.RaftServerConfigKeys (ConfUtils.java:logGet(44)) - raft.server.log.use.memory = false (default)
2022-02-12 02:10:13,044 [pool-536-thread-1] INFO  server.RaftServerConfigKeys (ConfUtils.java:logGet(44)) - raft.server.log.purge.gap = 1000000 (custom)
2022-02-12 02:10:13,044 [pool-536-thread-1] INFO  server.RaftServerConfigKeys (ConfUtils.java:logGet(44)) - raft.server.log.appender.buffer.byte-limit = 33554432 (custom)
2022-02-12 02:10:13,044 [pool-536-thread-1] INFO  server.RaftServerConfigKeys (ConfUtils.java:logGet(44)) - raft.server.log.segment.size.max = 1048576 (custom)
2022-02-12 02:10:13,045 [pool-536-thread-1] INFO  server.RaftServerConfigKeys (ConfUtils.java:logGet(44)) - raft.server.log.segment.cache.num.max = 2 (custom)
2022-02-12 02:10:13,045 [pool-536-thread-1] INFO  server.RaftServerConfigKeys (ConfUtils.java:logGet(44)) - raft.server.log.segment.cache.size.max = 200MB (=209715200) (default)
2022-02-12 02:10:13,045 [pool-536-thread-1] INFO  segmented.SegmentedRaftLogWorker (SegmentedRaftLogWorker.java:<init>(182)) - new 86bf740c-10b6-47d5-be0a-24882d6e78ed@group-D7AE16390746-SegmentedRaftLogWorker for RaftStorageImpl:Storage Directory /home/runner/work/ozone/ozone/hadoop-ozone/integration-test/target/test-dir/MiniOzoneClusterImpl-f86292e6-51f6-48a5-a476-e96bf2e780fe/datanode-2/data/ratis/889fed88-7bee-4882-afe9-d7ae16390746
2022-02-12 02:10:13,045 [pool-536-thread-1] INFO  server.RaftServerConfigKeys (ConfUtils.java:logGet(44)) - raft.server.log.queue.byte-limit = 2147483647 (custom)
2022-02-12 02:10:13,045 [pool-536-thread-1] INFO  server.RaftServerConfigKeys (ConfUtils.java:logGet(44)) - raft.server.log.queue.element-limit = 1024 (custom)
2022-02-12 02:10:13,045 [pool-536-thread-1] INFO  server.RaftServerConfigKeys (ConfUtils.java:logGet(44)) - raft.server.log.segment.size.max = 1048576 (custom)
2022-02-12 02:10:13,045 [pool-536-thread-1] INFO  server.RaftServerConfigKeys (ConfUtils.java:logGet(44)) - raft.server.log.preallocated.size = 16384 (custom)
2022-02-12 02:10:13,045 [pool-536-thread-1] INFO  server.RaftServerConfigKeys (ConfUtils.java:logGet(44)) - raft.server.log.force.sync.num = 128 (default)
2022-02-12 02:10:13,045 [pool-536-thread-1] INFO  server.RaftServerConfigKeys (ConfUtils.java:logGet(44)) - raft.server.log.statemachine.data.sync = true (default)
2022-02-12 02:10:13,045 [pool-536-thread-1] INFO  server.RaftServerConfigKeys (ConfUtils.java:logGet(44)) - raft.server.log.statemachine.data.sync.timeout = 10s (default)
2022-02-12 02:10:13,045 [pool-536-thread-1] INFO  server.RaftServerConfigKeys (ConfUtils.java:logGet(44)) - raft.server.log.statemachine.data.sync.timeout.retry = -1 (default)
2022-02-12 02:10:13,046 [pool-536-thread-1] INFO  server.RaftServerConfigKeys (ConfUtils.java:logGet(44)) - raft.server.log.write.buffer.size = 1048576 (custom)
2022-02-12 02:10:13,047 [pool-536-thread-1] INFO  server.RaftServerConfigKeys (ConfUtils.java:logGet(44)) - raft.server.log.statemachine.data.caching.enabled = true (custom)
2022-02-12 02:10:13,047 [pool-536-thread-1] INFO  segmented.SegmentedRaftLogWorker (SegmentedRaftLogWorker.java:lambda$new$0(133)) - 86bf740c-10b6-47d5-be0a-24882d6e78ed@group-D7AE16390746-SegmentedRaftLogWorker: flushIndex: setUnconditionally 0 -> -1
2022-02-12 02:10:13,047 [pool-536-thread-1] INFO  segmented.SegmentedRaftLogWorker (SegmentedRaftLogWorker.java:lambda$new$0(133)) - 86bf740c-10b6-47d5-be0a-24882d6e78ed@group-D7AE16390746-SegmentedRaftLogWorker: safeCacheEvictIndex: setUnconditionally 0 -> -1
2022-02-12 02:10:13,048 [pool-536-thread-1] INFO  server.RaftServerConfigKeys (ConfUtils.java:logGet(44)) - raft.server.snapshot.auto.trigger.enabled = true (custom)
2022-02-12 02:10:13,048 [pool-536-thread-1] INFO  server.RaftServerConfigKeys (ConfUtils.java:logGet(44)) - raft.server.snapshot.auto.trigger.threshold = 10000 (custom)
2022-02-12 02:10:13,048 [pool-536-thread-1] INFO  server.RaftServerConfigKeys (ConfUtils.java:logGet(44)) - raft.server.snapshot.retention.file.num = 5 (custom)
2022-02-12 02:10:13,048 [pool-536-thread-1] INFO  server.RaftServerConfigKeys (ConfUtils.java:logGet(44)) - raft.server.log.purge.upto.snapshot.index = false (default)
2022-02-12 02:10:13,048 [pool-536-thread-1] INFO  server.RaftServerConfigKeys (ConfUtils.java:logGet(44)) - raft.server.retrycache.expirytime = 600000ms (custom)
2022-02-12 02:10:13,048 [pool-536-thread-1] INFO  server.RaftServerConfigKeys (ConfUtils.java:logGet(44)) - raft.server.retrycache.statistics.expirytime = 100μs (default)
2022-02-12 02:10:13,051 [pool-536-thread-1] INFO  server.RaftServer$Division (RaftServerImpl.java:start(301)) - 86bf740c-10b6-47d5-be0a-24882d6e78ed@group-D7AE16390746: start as a follower, conf=-1: [d2d0b78f-5d5f-439b-be51-19b16f7d6779|rpc:10.1.0.17:36711|dataStream:|priority:0, 2a7c97ff-33a0-4dd1-806d-5e334853ac69|rpc:10.1.0.17:42493|dataStream:|priority:0, 86bf740c-10b6-47d5-be0a-24882d6e78ed|rpc:10.1.0.17:34415|dataStream:|priority:1], old=null
2022-02-12 02:10:13,051 [pool-536-thread-1] INFO  server.RaftServer$Division (RaftServerImpl.java:setRole(290)) - 86bf740c-10b6-47d5-be0a-24882d6e78ed@group-D7AE16390746: changes role from      null to FOLLOWER at term 0 for startAsFollower
2022-02-12 02:10:13,051 [pool-536-thread-1] INFO  impl.RoleInfo (RoleInfo.java:updateAndGet(130)) - 86bf740c-10b6-47d5-be0a-24882d6e78ed: start 86bf740c-10b6-47d5-be0a-24882d6e78ed@group-D7AE16390746-FollowerState
2022-02-12 02:10:13,072 [pool-536-thread-1] INFO  util.JmxRegister (JmxRegister.java:tryRegister(44)) - Successfully registered JMX Bean with object name Ratis:service=RaftServer,group=group-D7AE16390746,id=86bf740c-10b6-47d5-be0a-24882d6e78ed
2022-02-12 02:10:13,116 [grpc-default-executor-2] INFO  server.RaftServer (RaftServerProxy.java:addNew(95)) - d2d0b78f-5d5f-439b-be51-19b16f7d6779: addNew group-D7AE16390746:[d2d0b78f-5d5f-439b-be51-19b16f7d6779|rpc:10.1.0.17:36711|dataStream:|priority:0, 2a7c97ff-33a0-4dd1-806d-5e334853ac69|rpc:10.1.0.17:42493|dataStream:|priority:0, 86bf740c-10b6-47d5-be0a-24882d6e78ed|rpc:10.1.0.17:34415|dataStream:|priority:1] returns group-D7AE16390746:java.util.concurrent.CompletableFuture@548e1a6e[Not completed]
2022-02-12 02:10:13,117 [pool-515-thread-1] INFO  server.RaftServer$Division (RaftServerImpl.java:<init>(184)) - d2d0b78f-5d5f-439b-be51-19b16f7d6779: new RaftServerImpl for group-D7AE16390746:[d2d0b78f-5d5f-439b-be51-19b16f7d6779|rpc:10.1.0.17:36711|dataStream:|priority:0, 2a7c97ff-33a0-4dd1-806d-5e334853ac69|rpc:10.1.0.17:42493|dataStream:|priority:0, 86bf740c-10b6-47d5-be0a-24882d6e78ed|rpc:10.1.0.17:34415|dataStream:|priority:1] with ContainerStateMachine:uninitialized
2022-02-12 02:10:13,132 [pool-515-thread-1] INFO  server.RaftServerConfigKeys (ConfUtils.java:logGet(44)) - raft.server.rpc.timeout.min = 5s (custom)
2022-02-12 02:10:13,132 [pool-515-thread-1] INFO  server.RaftServerConfigKeys (ConfUtils.java:logGet(44)) - raft.server.rpc.timeout.max = 5200ms (custom)
2022-02-12 02:10:13,132 [pool-515-thread-1] INFO  server.RaftServerConfigKeys (ConfUtils.java:logGet(44)) - raft.server.rpc.sleep.time = 25ms (default)
2022-02-12 02:10:13,132 [pool-515-thread-1] INFO  server.RaftServerConfigKeys (ConfUtils.java:logGet(44)) - raft.server.rpc.slowness.timeout = 300s (custom)
2022-02-12 02:10:13,132 [pool-515-thread-1] INFO  server.RaftServerConfigKeys (ConfUtils.java:logGet(44)) - raft.server.leaderelection.leader.step-down.wait-time = 10s (default)
2022-02-12 02:10:13,132 [pool-515-thread-1] INFO  server.RaftServerConfigKeys (ConfUtils.java:logGet(44)) - raft.server.sleep.deviation.threshold = 300ms (default)
2022-02-12 02:10:13,132 [pool-515-thread-1] INFO  server.RaftServerConfigKeys (ConfUtils.java:logGet(44)) - raft.server.log.appender.install.snapshot.enabled = false (custom)
2022-02-12 02:10:13,132 [pool-515-thread-1] INFO  server.RaftServer$Division (ServerState.java:<init>(105)) - d2d0b78f-5d5f-439b-be51-19b16f7d6779@group-D7AE16390746: ConfigurationManager, init=-1: [d2d0b78f-5d5f-439b-be51-19b16f7d6779|rpc:10.1.0.17:36711|dataStream:|priority:0, 2a7c97ff-33a0-4dd1-806d-5e334853ac69|rpc:10.1.0.17:42493|dataStream:|priority:0, 86bf740c-10b6-47d5-be0a-24882d6e78ed|rpc:10.1.0.17:34415|dataStream:|priority:1], old=null, confs=<EMPTY_MAP>
2022-02-12 02:10:13,132 [pool-515-thread-1] INFO  server.RaftServerConfigKeys (ConfUtils.java:logGet(44)) - raft.server.storage.dir = [/home/runner/work/ozone/ozone/hadoop-ozone/integration-test/target/test-dir/MiniOzoneClusterImpl-f86292e6-51f6-48a5-a476-e96bf2e780fe/datanode-1/data/ratis] (custom)
2022-02-12 02:10:13,132 [pool-515-thread-1] INFO  server.RaftServerConfigKeys (ConfUtils.java:logGet(44)) - raft.server.log.corruption.policy = EXCEPTION (default)
2022-02-12 02:10:13,132 [pool-515-thread-1] INFO  server.RaftServerConfigKeys (ConfUtils.java:logGet(44)) - raft.server.storage.free-space.min = 0MB (=0) (default)
2022-02-12 02:10:13,133 [pool-515-thread-1] INFO  storage.RaftStorageDirectory (RaftStorageDirectoryImpl.java:analyzeStorage(135)) - The storage directory /home/runner/work/ozone/ozone/hadoop-ozone/integration-test/target/test-dir/MiniOzoneClusterImpl-f86292e6-51f6-48a5-a476-e96bf2e780fe/datanode-1/data/ratis/889fed88-7bee-4882-afe9-d7ae16390746 does not exist. Creating ...
2022-02-12 02:10:13,133 [pool-515-thread-1] INFO  storage.RaftStorageDirectory (RaftStorageDirectoryImpl.java:tryLock(230)) - Lock on /home/runner/work/ozone/ozone/hadoop-ozone/integration-test/target/test-dir/MiniOzoneClusterImpl-f86292e6-51f6-48a5-a476-e96bf2e780fe/datanode-1/data/ratis/889fed88-7bee-4882-afe9-d7ae16390746/in_use.lock acquired by nodename 9178@fv-az395-998
2022-02-12 02:10:13,135 [pool-515-thread-1] INFO  storage.RaftStorage (RaftStorageImpl.java:format(89)) - Storage directory /home/runner/work/ozone/ozone/hadoop-ozone/integration-test/target/test-dir/MiniOzoneClusterImpl-f86292e6-51f6-48a5-a476-e96bf2e780fe/datanode-1/data/ratis/889fed88-7bee-4882-afe9-d7ae16390746 has been successfully formatted.
2022-02-12 02:10:13,136 [pool-515-thread-1] INFO  ratis.ContainerStateMachine (ContainerStateMachine.java:loadSnapshot(231)) - group-D7AE16390746: The snapshot info is null. Setting the last applied indexto:(t:0, i:~)
2022-02-12 02:10:13,136 [pool-515-thread-1] INFO  server.RaftServerConfigKeys (ConfUtils.java:logGet(44)) - raft.server.notification.no-leader.timeout = 300s (custom)
2022-02-12 02:10:13,136 [pool-515-thread-1] INFO  server.RaftServerConfigKeys (ConfUtils.java:logGet(44)) - raft.server.log.use.memory = false (default)
2022-02-12 02:10:13,136 [pool-515-thread-1] INFO  server.RaftServerConfigKeys (ConfUtils.java:logGet(44)) - raft.server.log.purge.gap = 1000000 (custom)
2022-02-12 02:10:13,136 [pool-515-thread-1] INFO  server.RaftServerConfigKeys (ConfUtils.java:logGet(44)) - raft.server.log.appender.buffer.byte-limit = 33554432 (custom)
2022-02-12 02:10:13,140 [pool-515-thread-1] INFO  server.RaftServerConfigKeys (ConfUtils.java:logGet(44)) - raft.server.log.segment.size.max = 1048576 (custom)
2022-02-12 02:10:13,141 [pool-515-thread-1] INFO  server.RaftServerConfigKeys (ConfUtils.java:logGet(44)) - raft.server.log.segment.cache.num.max = 2 (custom)
2022-02-12 02:10:13,148 [pool-515-thread-1] INFO  server.RaftServerConfigKeys (ConfUtils.java:logGet(44)) - raft.server.log.segment.cache.size.max = 200MB (=209715200) (default)
2022-02-12 02:10:13,148 [pool-515-thread-1] INFO  segmented.SegmentedRaftLogWorker (SegmentedRaftLogWorker.java:<init>(182)) - new d2d0b78f-5d5f-439b-be51-19b16f7d6779@group-D7AE16390746-SegmentedRaftLogWorker for RaftStorageImpl:Storage Directory /home/runner/work/ozone/ozone/hadoop-ozone/integration-test/target/test-dir/MiniOzoneClusterImpl-f86292e6-51f6-48a5-a476-e96bf2e780fe/datanode-1/data/ratis/889fed88-7bee-4882-afe9-d7ae16390746
2022-02-12 02:10:13,148 [pool-515-thread-1] INFO  server.RaftServerConfigKeys (ConfUtils.java:logGet(44)) - raft.server.log.queue.byte-limit = 2147483647 (custom)
2022-02-12 02:10:13,148 [pool-515-thread-1] INFO  server.RaftServerConfigKeys (ConfUtils.java:logGet(44)) - raft.server.log.queue.element-limit = 1024 (custom)
2022-02-12 02:10:13,148 [pool-515-thread-1] INFO  server.RaftServerConfigKeys (ConfUtils.java:logGet(44)) - raft.server.log.segment.size.max = 1048576 (custom)
2022-02-12 02:10:13,148 [pool-515-thread-1] INFO  server.RaftServerConfigKeys (ConfUtils.java:logGet(44)) - raft.server.log.preallocated.size = 16384 (custom)
2022-02-12 02:10:13,148 [pool-515-thread-1] INFO  server.RaftServerConfigKeys (ConfUtils.java:logGet(44)) - raft.server.log.force.sync.num = 128 (default)
2022-02-12 02:10:13,148 [pool-515-thread-1] INFO  server.RaftServerConfigKeys (ConfUtils.java:logGet(44)) - raft.server.log.statemachine.data.sync = true (default)
2022-02-12 02:10:13,149 [pool-515-thread-1] INFO  server.RaftServerConfigKeys (ConfUtils.java:logGet(44)) - raft.server.log.statemachine.data.sync.timeout = 10s (default)
2022-02-12 02:10:13,149 [pool-515-thread-1] INFO  server.RaftServerConfigKeys (ConfUtils.java:logGet(44)) - raft.server.log.statemachine.data.sync.timeout.retry = -1 (default)
2022-02-12 02:10:13,149 [pool-515-thread-1] INFO  server.RaftServerConfigKeys (ConfUtils.java:logGet(44)) - raft.server.log.write.buffer.size = 1048576 (custom)
2022-02-12 02:10:13,152 [pool-515-thread-1] INFO  server.RaftServerConfigKeys (ConfUtils.java:logGet(44)) - raft.server.log.statemachine.data.caching.enabled = true (custom)
2022-02-12 02:10:13,160 [pool-515-thread-1] INFO  segmented.SegmentedRaftLogWorker (SegmentedRaftLogWorker.java:lambda$new$0(133)) - d2d0b78f-5d5f-439b-be51-19b16f7d6779@group-D7AE16390746-SegmentedRaftLogWorker: flushIndex: setUnconditionally 0 -> -1
2022-02-12 02:10:13,160 [pool-515-thread-1] INFO  segmented.SegmentedRaftLogWorker (SegmentedRaftLogWorker.java:lambda$new$0(133)) - d2d0b78f-5d5f-439b-be51-19b16f7d6779@group-D7AE16390746-SegmentedRaftLogWorker: safeCacheEvictIndex: setUnconditionally 0 -> -1
2022-02-12 02:10:13,175 [pool-515-thread-1] INFO  server.RaftServerConfigKeys (ConfUtils.java:logGet(44)) - raft.server.snapshot.auto.trigger.enabled = true (custom)
2022-02-12 02:10:13,175 [pool-515-thread-1] INFO  server.RaftServerConfigKeys (ConfUtils.java:logGet(44)) - raft.server.snapshot.auto.trigger.threshold = 10000 (custom)
2022-02-12 02:10:13,175 [pool-515-thread-1] INFO  server.RaftServerConfigKeys (ConfUtils.java:logGet(44)) - raft.server.snapshot.retention.file.num = 5 (custom)
2022-02-12 02:10:13,176 [pool-515-thread-1] INFO  server.RaftServerConfigKeys (ConfUtils.java:logGet(44)) - raft.server.log.purge.upto.snapshot.index = false (default)
2022-02-12 02:10:13,176 [pool-515-thread-1] INFO  server.RaftServerConfigKeys (ConfUtils.java:logGet(44)) - raft.server.retrycache.expirytime = 600000ms (custom)
2022-02-12 02:10:13,176 [pool-515-thread-1] INFO  server.RaftServerConfigKeys (ConfUtils.java:logGet(44)) - raft.server.retrycache.statistics.expirytime = 100μs (default)
2022-02-12 02:10:13,180 [pool-515-thread-1] INFO  server.RaftServer$Division (RaftServerImpl.java:start(301)) - d2d0b78f-5d5f-439b-be51-19b16f7d6779@group-D7AE16390746: start as a follower, conf=-1: [d2d0b78f-5d5f-439b-be51-19b16f7d6779|rpc:10.1.0.17:36711|dataStream:|priority:0, 2a7c97ff-33a0-4dd1-806d-5e334853ac69|rpc:10.1.0.17:42493|dataStream:|priority:0, 86bf740c-10b6-47d5-be0a-24882d6e78ed|rpc:10.1.0.17:34415|dataStream:|priority:1], old=null
2022-02-12 02:10:13,180 [pool-515-thread-1] INFO  server.RaftServer$Division (RaftServerImpl.java:setRole(290)) - d2d0b78f-5d5f-439b-be51-19b16f7d6779@group-D7AE16390746: changes role from      null to FOLLOWER at term 0 for startAsFollower
2022-02-12 02:10:13,180 [pool-515-thread-1] INFO  impl.RoleInfo (RoleInfo.java:updateAndGet(130)) - d2d0b78f-5d5f-439b-be51-19b16f7d6779: start d2d0b78f-5d5f-439b-be51-19b16f7d6779@group-D7AE16390746-FollowerState
2022-02-12 02:10:13,199 [pool-515-thread-1] INFO  util.JmxRegister (JmxRegister.java:tryRegister(44)) - Successfully registered JMX Bean with object name Ratis:service=RaftServer,group=group-D7AE16390746,id=d2d0b78f-5d5f-439b-be51-19b16f7d6779
2022-02-12 02:10:13,226 [Command processor thread] INFO  commandhandler.CreatePipelineCommandHandler (CreatePipelineCommandHandler.java:handle(106)) - Created Pipeline RATIS THREE PipelineID=889fed88-7bee-4882-afe9-d7ae16390746.
2022-02-12 02:10:13,226 [Command processor thread] INFO  server.RaftServer (RaftServerProxy.java:addNew(95)) - 2a7c97ff-33a0-4dd1-806d-5e334853ac69: addNew group-D538847D235A:[d2d0b78f-5d5f-439b-be51-19b16f7d6779|rpc:10.1.0.17:36711|priority:0, 2a7c97ff-33a0-4dd1-806d-5e334853ac69|rpc:10.1.0.17:42493|priority:1, 86bf740c-10b6-47d5-be0a-24882d6e78ed|rpc:10.1.0.17:34415|priority:0] returns group-D538847D235A:java.util.concurrent.CompletableFuture@28b75acb[Not completed]
2022-02-12 02:10:13,227 [pool-494-thread-1] INFO  server.RaftServer$Division (RaftServerImpl.java:<init>(184)) - 2a7c97ff-33a0-4dd1-806d-5e334853ac69: new RaftServerImpl for group-D538847D235A:[d2d0b78f-5d5f-439b-be51-19b16f7d6779|rpc:10.1.0.17:36711|priority:0, 2a7c97ff-33a0-4dd1-806d-5e334853ac69|rpc:10.1.0.17:42493|priority:1, 86bf740c-10b6-47d5-be0a-24882d6e78ed|rpc:10.1.0.17:34415|priority:0] with ContainerStateMachine:uninitialized
2022-02-12 02:10:13,227 [pool-494-thread-1] INFO  server.RaftServerConfigKeys (ConfUtils.java:logGet(44)) - raft.server.rpc.timeout.min = 5s (custom)
2022-02-12 02:10:13,227 [pool-494-thread-1] INFO  server.RaftServerConfigKeys (ConfUtils.java:logGet(44)) - raft.server.rpc.timeout.max = 5200ms (custom)
2022-02-12 02:10:13,227 [pool-494-thread-1] INFO  server.RaftServerConfigKeys (ConfUtils.java:logGet(44)) - raft.server.rpc.sleep.time = 25ms (default)
2022-02-12 02:10:13,227 [pool-494-thread-1] INFO  server.RaftServerConfigKeys (ConfUtils.java:logGet(44)) - raft.server.rpc.slowness.timeout = 300s (custom)
2022-02-12 02:10:13,227 [pool-494-thread-1] INFO  server.RaftServerConfigKeys (ConfUtils.java:logGet(44)) - raft.server.leaderelection.leader.step-down.wait-time = 10s (default)
2022-02-12 02:10:13,227 [pool-494-thread-1] INFO  server.RaftServerConfigKeys (ConfUtils.java:logGet(44)) - raft.server.sleep.deviation.threshold = 300ms (default)
2022-02-12 02:10:13,227 [pool-494-thread-1] INFO  server.RaftServerConfigKeys (ConfUtils.java:logGet(44)) - raft.server.log.appender.install.snapshot.enabled = false (custom)
2022-02-12 02:10:13,227 [pool-494-thread-1] INFO  server.RaftServer$Division (ServerState.java:<init>(105)) - 2a7c97ff-33a0-4dd1-806d-5e334853ac69@group-D538847D235A: ConfigurationManager, init=-1: [d2d0b78f-5d5f-439b-be51-19b16f7d6779|rpc:10.1.0.17:36711|priority:0, 2a7c97ff-33a0-4dd1-806d-5e334853ac69|rpc:10.1.0.17:42493|priority:1, 86bf740c-10b6-47d5-be0a-24882d6e78ed|rpc:10.1.0.17:34415|priority:0], old=null, confs=<EMPTY_MAP>
2022-02-12 02:10:13,227 [pool-494-thread-1] INFO  server.RaftServerConfigKeys (ConfUtils.java:logGet(44)) - raft.server.storage.dir = [/home/runner/work/ozone/ozone/hadoop-ozone/integration-test/target/test-dir/MiniOzoneClusterImpl-f86292e6-51f6-48a5-a476-e96bf2e780fe/datanode-0/data/ratis] (custom)
2022-02-12 02:10:13,227 [pool-494-thread-1] INFO  server.RaftServerConfigKeys (ConfUtils.java:logGet(44)) - raft.server.log.corruption.policy = EXCEPTION (default)
2022-02-12 02:10:13,227 [pool-494-thread-1] INFO  server.RaftServerConfigKeys (ConfUtils.java:logGet(44)) - raft.server.storage.free-space.min = 0MB (=0) (default)
2022-02-12 02:10:13,227 [pool-494-thread-1] INFO  storage.RaftStorageDirectory (RaftStorageDirectoryImpl.java:analyzeStorage(135)) - The storage directory /home/runner/work/ozone/ozone/hadoop-ozone/integration-test/target/test-dir/MiniOzoneClusterImpl-f86292e6-51f6-48a5-a476-e96bf2e780fe/datanode-0/data/ratis/b4c0c0b9-4a02-4d82-ab45-d538847d235a does not exist. Creating ...
2022-02-12 02:10:13,228 [pool-494-thread-1] INFO  storage.RaftStorageDirectory (RaftStorageDirectoryImpl.java:tryLock(230)) - Lock on /home/runner/work/ozone/ozone/hadoop-ozone/integration-test/target/test-dir/MiniOzoneClusterImpl-f86292e6-51f6-48a5-a476-e96bf2e780fe/datanode-0/data/ratis/b4c0c0b9-4a02-4d82-ab45-d538847d235a/in_use.lock acquired by nodename 9178@fv-az395-998
2022-02-12 02:10:13,229 [pool-494-thread-1] INFO  storage.RaftStorage (RaftStorageImpl.java:format(89)) - Storage directory /home/runner/work/ozone/ozone/hadoop-ozone/integration-test/target/test-dir/MiniOzoneClusterImpl-f86292e6-51f6-48a5-a476-e96bf2e780fe/datanode-0/data/ratis/b4c0c0b9-4a02-4d82-ab45-d538847d235a has been successfully formatted.
2022-02-12 02:10:13,230 [pool-494-thread-1] INFO  ratis.ContainerStateMachine (ContainerStateMachine.java:loadSnapshot(231)) - group-D538847D235A: The snapshot info is null. Setting the last applied indexto:(t:0, i:~)
2022-02-12 02:10:13,249 [pool-494-thread-1] INFO  server.RaftServerConfigKeys (ConfUtils.java:logGet(44)) - raft.server.notification.no-leader.timeout = 300s (custom)
2022-02-12 02:10:13,249 [pool-494-thread-1] INFO  server.RaftServerConfigKeys (ConfUtils.java:logGet(44)) - raft.server.log.use.memory = false (default)
2022-02-12 02:10:13,249 [pool-494-thread-1] INFO  server.RaftServerConfigKeys (ConfUtils.java:logGet(44)) - raft.server.log.purge.gap = 1000000 (custom)
2022-02-12 02:10:13,249 [pool-494-thread-1] INFO  server.RaftServerConfigKeys (ConfUtils.java:logGet(44)) - raft.server.log.appender.buffer.byte-limit = 33554432 (custom)
2022-02-12 02:10:13,249 [pool-494-thread-1] INFO  server.RaftServerConfigKeys (ConfUtils.java:logGet(44)) - raft.server.log.segment.size.max = 1048576 (custom)
2022-02-12 02:10:13,249 [pool-494-thread-1] INFO  server.RaftServerConfigKeys (ConfUtils.java:logGet(44)) - raft.server.log.segment.cache.num.max = 2 (custom)
2022-02-12 02:10:13,250 [pool-494-thread-1] INFO  server.RaftServerConfigKeys (ConfUtils.java:logGet(44)) - raft.server.log.segment.cache.size.max = 200MB (=209715200) (default)
2022-02-12 02:10:13,250 [pool-494-thread-1] INFO  segmented.SegmentedRaftLogWorker (SegmentedRaftLogWorker.java:<init>(182)) - new 2a7c97ff-33a0-4dd1-806d-5e334853ac69@group-D538847D235A-SegmentedRaftLogWorker for RaftStorageImpl:Storage Directory /home/runner/work/ozone/ozone/hadoop-ozone/integration-test/target/test-dir/MiniOzoneClusterImpl-f86292e6-51f6-48a5-a476-e96bf2e780fe/datanode-0/data/ratis/b4c0c0b9-4a02-4d82-ab45-d538847d235a
2022-02-12 02:10:13,250 [pool-494-thread-1] INFO  server.RaftServerConfigKeys (ConfUtils.java:logGet(44)) - raft.server.log.queue.byte-limit = 2147483647 (custom)
2022-02-12 02:10:13,250 [pool-494-thread-1] INFO  server.RaftServerConfigKeys (ConfUtils.java:logGet(44)) - raft.server.log.queue.element-limit = 1024 (custom)
2022-02-12 02:10:13,250 [pool-494-thread-1] INFO  server.RaftServerConfigKeys (ConfUtils.java:logGet(44)) - raft.server.log.segment.size.max = 1048576 (custom)
2022-02-12 02:10:13,250 [pool-494-thread-1] INFO  server.RaftServerConfigKeys (ConfUtils.java:logGet(44)) - raft.server.log.preallocated.size = 16384 (custom)
2022-02-12 02:10:13,250 [pool-494-thread-1] INFO  server.RaftServerConfigKeys (ConfUtils.java:logGet(44)) - raft.server.log.force.sync.num = 128 (default)
2022-02-12 02:10:13,250 [pool-494-thread-1] INFO  server.RaftServerConfigKeys (ConfUtils.java:logGet(44)) - raft.server.log.statemachine.data.sync = true (default)
2022-02-12 02:10:13,250 [pool-494-thread-1] INFO  server.RaftServerConfigKeys (ConfUtils.java:logGet(44)) - raft.server.log.statemachine.data.sync.timeout = 10s (default)
2022-02-12 02:10:13,250 [pool-494-thread-1] INFO  server.RaftServerConfigKeys (ConfUtils.java:logGet(44)) - raft.server.log.statemachine.data.sync.timeout.retry = -1 (default)
2022-02-12 02:10:13,251 [pool-494-thread-1] INFO  server.RaftServerConfigKeys (ConfUtils.java:logGet(44)) - raft.server.log.write.buffer.size = 1048576 (custom)
2022-02-12 02:10:13,255 [EventQueue-OpenPipelineForHealthyPipelineSafeModeRule] INFO  safemode.SCMSafeModeManager (HealthyPipelineSafeModeRule.java:process(124)) - SCM in safe mode. Healthy pipelines reported count is 0, required healthy pipeline reported count is 1
2022-02-12 02:10:13,255 [pool-494-thread-1] INFO  server.RaftServerConfigKeys (ConfUtils.java:logGet(44)) - raft.server.log.statemachine.data.caching.enabled = true (custom)
2022-02-12 02:10:13,255 [pool-494-thread-1] INFO  segmented.SegmentedRaftLogWorker (SegmentedRaftLogWorker.java:lambda$new$0(133)) - 2a7c97ff-33a0-4dd1-806d-5e334853ac69@group-D538847D235A-SegmentedRaftLogWorker: flushIndex: setUnconditionally 0 -> -1
2022-02-12 02:10:13,255 [pool-494-thread-1] INFO  segmented.SegmentedRaftLogWorker (SegmentedRaftLogWorker.java:lambda$new$0(133)) - 2a7c97ff-33a0-4dd1-806d-5e334853ac69@group-D538847D235A-SegmentedRaftLogWorker: safeCacheEvictIndex: setUnconditionally 0 -> -1
2022-02-12 02:10:13,258 [pool-494-thread-1] INFO  server.RaftServerConfigKeys (ConfUtils.java:logGet(44)) - raft.server.snapshot.auto.trigger.enabled = true (custom)
2022-02-12 02:10:13,258 [pool-494-thread-1] INFO  server.RaftServerConfigKeys (ConfUtils.java:logGet(44)) - raft.server.snapshot.auto.trigger.threshold = 10000 (custom)
2022-02-12 02:10:13,258 [pool-494-thread-1] INFO  server.RaftServerConfigKeys (ConfUtils.java:logGet(44)) - raft.server.snapshot.retention.file.num = 5 (custom)
2022-02-12 02:10:13,259 [pool-494-thread-1] INFO  server.RaftServerConfigKeys (ConfUtils.java:logGet(44)) - raft.server.log.purge.upto.snapshot.index = false (default)
2022-02-12 02:10:13,259 [pool-494-thread-1] INFO  server.RaftServerConfigKeys (ConfUtils.java:logGet(44)) - raft.server.retrycache.expirytime = 600000ms (custom)
2022-02-12 02:10:13,259 [pool-494-thread-1] INFO  server.RaftServerConfigKeys (ConfUtils.java:logGet(44)) - raft.server.retrycache.statistics.expirytime = 100μs (default)
2022-02-12 02:10:13,260 [pool-494-thread-1] INFO  server.RaftServer$Division (RaftServerImpl.java:start(301)) - 2a7c97ff-33a0-4dd1-806d-5e334853ac69@group-D538847D235A: start as a follower, conf=-1: [d2d0b78f-5d5f-439b-be51-19b16f7d6779|rpc:10.1.0.17:36711|priority:0, 2a7c97ff-33a0-4dd1-806d-5e334853ac69|rpc:10.1.0.17:42493|priority:1, 86bf740c-10b6-47d5-be0a-24882d6e78ed|rpc:10.1.0.17:34415|priority:0], old=null
2022-02-12 02:10:13,260 [pool-494-thread-1] INFO  server.RaftServer$Division (RaftServerImpl.java:setRole(290)) - 2a7c97ff-33a0-4dd1-806d-5e334853ac69@group-D538847D235A: changes role from      null to FOLLOWER at term 0 for startAsFollower
2022-02-12 02:10:13,260 [pool-494-thread-1] INFO  impl.RoleInfo (RoleInfo.java:updateAndGet(130)) - 2a7c97ff-33a0-4dd1-806d-5e334853ac69: start 2a7c97ff-33a0-4dd1-806d-5e334853ac69@group-D538847D235A-FollowerState
2022-02-12 02:10:13,260 [pool-494-thread-1] INFO  util.JmxRegister (JmxRegister.java:tryRegister(44)) - Successfully registered JMX Bean with object name Ratis:service=RaftServer,group=group-D538847D235A,id=2a7c97ff-33a0-4dd1-806d-5e334853ac69
2022-02-12 02:10:13,267 [Command processor thread] INFO  ratis.XceiverServerRatis (XceiverServerRatis.java:addGroup(768)) - Created group PipelineID=b4c0c0b9-4a02-4d82-ab45-d538847d235a
2022-02-12 02:10:13,276 [grpc-default-executor-2] INFO  server.RaftServer (RaftServerProxy.java:addNew(95)) - d2d0b78f-5d5f-439b-be51-19b16f7d6779: addNew group-D538847D235A:[d2d0b78f-5d5f-439b-be51-19b16f7d6779|rpc:10.1.0.17:36711|dataStream:|priority:0, 2a7c97ff-33a0-4dd1-806d-5e334853ac69|rpc:10.1.0.17:42493|dataStream:|priority:1, 86bf740c-10b6-47d5-be0a-24882d6e78ed|rpc:10.1.0.17:34415|dataStream:|priority:0] returns group-D538847D235A:java.util.concurrent.CompletableFuture@5a546c91[Not completed]
2022-02-12 02:10:13,277 [pool-515-thread-1] INFO  server.RaftServer$Division (RaftServerImpl.java:<init>(184)) - d2d0b78f-5d5f-439b-be51-19b16f7d6779: new RaftServerImpl for group-D538847D235A:[d2d0b78f-5d5f-439b-be51-19b16f7d6779|rpc:10.1.0.17:36711|dataStream:|priority:0, 2a7c97ff-33a0-4dd1-806d-5e334853ac69|rpc:10.1.0.17:42493|dataStream:|priority:1, 86bf740c-10b6-47d5-be0a-24882d6e78ed|rpc:10.1.0.17:34415|dataStream:|priority:0] with ContainerStateMachine:uninitialized
2022-02-12 02:10:13,277 [pool-515-thread-1] INFO  server.RaftServerConfigKeys (ConfUtils.java:logGet(44)) - raft.server.rpc.timeout.min = 5s (custom)
2022-02-12 02:10:13,277 [pool-515-thread-1] INFO  server.RaftServerConfigKeys (ConfUtils.java:logGet(44)) - raft.server.rpc.timeout.max = 5200ms (custom)
2022-02-12 02:10:13,277 [pool-515-thread-1] INFO  server.RaftServerConfigKeys (ConfUtils.java:logGet(44)) - raft.server.rpc.sleep.time = 25ms (default)
2022-02-12 02:10:13,277 [pool-515-thread-1] INFO  server.RaftServerConfigKeys (ConfUtils.java:logGet(44)) - raft.server.rpc.slowness.timeout = 300s (custom)
2022-02-12 02:10:13,277 [pool-515-thread-1] INFO  server.RaftServerConfigKeys (ConfUtils.java:logGet(44)) - raft.server.leaderelection.leader.step-down.wait-time = 10s (default)
2022-02-12 02:10:13,277 [pool-515-thread-1] INFO  server.RaftServerConfigKeys (ConfUtils.java:logGet(44)) - raft.server.sleep.deviation.threshold = 300ms (default)
2022-02-12 02:10:13,277 [pool-515-thread-1] INFO  server.RaftServerConfigKeys (ConfUtils.java:logGet(44)) - raft.server.log.appender.install.snapshot.enabled = false (custom)
2022-02-12 02:10:13,277 [pool-515-thread-1] INFO  server.RaftServer$Division (ServerState.java:<init>(105)) - d2d0b78f-5d5f-439b-be51-19b16f7d6779@group-D538847D235A: ConfigurationManager, init=-1: [d2d0b78f-5d5f-439b-be51-19b16f7d6779|rpc:10.1.0.17:36711|dataStream:|priority:0, 2a7c97ff-33a0-4dd1-806d-5e334853ac69|rpc:10.1.0.17:42493|dataStream:|priority:1, 86bf740c-10b6-47d5-be0a-24882d6e78ed|rpc:10.1.0.17:34415|dataStream:|priority:0], old=null, confs=<EMPTY_MAP>
2022-02-12 02:10:13,277 [pool-515-thread-1] INFO  server.RaftServerConfigKeys (ConfUtils.java:logGet(44)) - raft.server.storage.dir = [/home/runner/work/ozone/ozone/hadoop-ozone/integration-test/target/test-dir/MiniOzoneClusterImpl-f86292e6-51f6-48a5-a476-e96bf2e780fe/datanode-1/data/ratis] (custom)
2022-02-12 02:10:13,277 [pool-515-thread-1] INFO  server.RaftServerConfigKeys (ConfUtils.java:logGet(44)) - raft.server.log.corruption.policy = EXCEPTION (default)
2022-02-12 02:10:13,277 [pool-515-thread-1] INFO  server.RaftServerConfigKeys (ConfUtils.java:logGet(44)) - raft.server.storage.free-space.min = 0MB (=0) (default)
2022-02-12 02:10:13,277 [pool-515-thread-1] INFO  storage.RaftStorageDirectory (RaftStorageDirectoryImpl.java:analyzeStorage(135)) - The storage directory /home/runner/work/ozone/ozone/hadoop-ozone/integration-test/target/test-dir/MiniOzoneClusterImpl-f86292e6-51f6-48a5-a476-e96bf2e780fe/datanode-1/data/ratis/b4c0c0b9-4a02-4d82-ab45-d538847d235a does not exist. Creating ...
2022-02-12 02:10:13,284 [pool-515-thread-1] INFO  storage.RaftStorageDirectory (RaftStorageDirectoryImpl.java:tryLock(230)) - Lock on /home/runner/work/ozone/ozone/hadoop-ozone/integration-test/target/test-dir/MiniOzoneClusterImpl-f86292e6-51f6-48a5-a476-e96bf2e780fe/datanode-1/data/ratis/b4c0c0b9-4a02-4d82-ab45-d538847d235a/in_use.lock acquired by nodename 9178@fv-az395-998
2022-02-12 02:10:13,286 [pool-515-thread-1] INFO  storage.RaftStorage (RaftStorageImpl.java:format(89)) - Storage directory /home/runner/work/ozone/ozone/hadoop-ozone/integration-test/target/test-dir/MiniOzoneClusterImpl-f86292e6-51f6-48a5-a476-e96bf2e780fe/datanode-1/data/ratis/b4c0c0b9-4a02-4d82-ab45-d538847d235a has been successfully formatted.
2022-02-12 02:10:13,287 [pool-515-thread-1] INFO  ratis.ContainerStateMachine (ContainerStateMachine.java:loadSnapshot(231)) - group-D538847D235A: The snapshot info is null. Setting the last applied indexto:(t:0, i:~)
2022-02-12 02:10:13,287 [pool-515-thread-1] INFO  server.RaftServerConfigKeys (ConfUtils.java:logGet(44)) - raft.server.notification.no-leader.timeout = 300s (custom)
2022-02-12 02:10:13,287 [pool-515-thread-1] INFO  server.RaftServerConfigKeys (ConfUtils.java:logGet(44)) - raft.server.log.use.memory = false (default)
2022-02-12 02:10:13,287 [pool-515-thread-1] INFO  server.RaftServerConfigKeys (ConfUtils.java:logGet(44)) - raft.server.log.purge.gap = 1000000 (custom)
2022-02-12 02:10:13,287 [pool-515-thread-1] INFO  server.RaftServerConfigKeys (ConfUtils.java:logGet(44)) - raft.server.log.appender.buffer.byte-limit = 33554432 (custom)
2022-02-12 02:10:13,287 [pool-515-thread-1] INFO  server.RaftServerConfigKeys (ConfUtils.java:logGet(44)) - raft.server.log.segment.size.max = 1048576 (custom)
2022-02-12 02:10:13,288 [pool-515-thread-1] INFO  server.RaftServerConfigKeys (ConfUtils.java:logGet(44)) - raft.server.log.segment.cache.num.max = 2 (custom)
2022-02-12 02:10:13,288 [pool-515-thread-1] INFO  server.RaftServerConfigKeys (ConfUtils.java:logGet(44)) - raft.server.log.segment.cache.size.max = 200MB (=209715200) (default)
2022-02-12 02:10:13,288 [pool-515-thread-1] INFO  segmented.SegmentedRaftLogWorker (SegmentedRaftLogWorker.java:<init>(182)) - new d2d0b78f-5d5f-439b-be51-19b16f7d6779@group-D538847D235A-SegmentedRaftLogWorker for RaftStorageImpl:Storage Directory /home/runner/work/ozone/ozone/hadoop-ozone/integration-test/target/test-dir/MiniOzoneClusterImpl-f86292e6-51f6-48a5-a476-e96bf2e780fe/datanode-1/data/ratis/b4c0c0b9-4a02-4d82-ab45-d538847d235a
2022-02-12 02:10:13,288 [pool-515-thread-1] INFO  server.RaftServerConfigKeys (ConfUtils.java:logGet(44)) - raft.server.log.queue.byte-limit = 2147483647 (custom)
2022-02-12 02:10:13,288 [pool-515-thread-1] INFO  server.RaftServerConfigKeys (ConfUtils.java:logGet(44)) - raft.server.log.queue.element-limit = 1024 (custom)
2022-02-12 02:10:13,288 [pool-515-thread-1] INFO  server.RaftServerConfigKeys (ConfUtils.java:logGet(44)) - raft.server.log.segment.size.max = 1048576 (custom)
2022-02-12 02:10:13,288 [pool-515-thread-1] INFO  server.RaftServerConfigKeys (ConfUtils.java:logGet(44)) - raft.server.log.preallocated.size = 16384 (custom)
2022-02-12 02:10:13,288 [pool-515-thread-1] INFO  server.RaftServerConfigKeys (ConfUtils.java:logGet(44)) - raft.server.log.force.sync.num = 128 (default)
2022-02-12 02:10:13,288 [pool-515-thread-1] INFO  server.RaftServerConfigKeys (ConfUtils.java:logGet(44)) - raft.server.log.statemachine.data.sync = true (default)
2022-02-12 02:10:13,288 [pool-515-thread-1] INFO  server.RaftServerConfigKeys (ConfUtils.java:logGet(44)) - raft.server.log.statemachine.data.sync.timeout = 10s (default)
2022-02-12 02:10:13,289 [pool-515-thread-1] INFO  server.RaftServerConfigKeys (ConfUtils.java:logGet(44)) - raft.server.log.statemachine.data.sync.timeout.retry = -1 (default)
2022-02-12 02:10:13,289 [pool-515-thread-1] INFO  server.RaftServerConfigKeys (ConfUtils.java:logGet(44)) - raft.server.log.write.buffer.size = 1048576 (custom)
2022-02-12 02:10:13,290 [pool-515-thread-1] INFO  server.RaftServerConfigKeys (ConfUtils.java:logGet(44)) - raft.server.log.statemachine.data.caching.enabled = true (custom)
2022-02-12 02:10:13,290 [pool-515-thread-1] INFO  segmented.SegmentedRaftLogWorker (SegmentedRaftLogWorker.java:lambda$new$0(133)) - d2d0b78f-5d5f-439b-be51-19b16f7d6779@group-D538847D235A-SegmentedRaftLogWorker: flushIndex: setUnconditionally 0 -> -1
2022-02-12 02:10:13,290 [pool-515-thread-1] INFO  segmented.SegmentedRaftLogWorker (SegmentedRaftLogWorker.java:lambda$new$0(133)) - d2d0b78f-5d5f-439b-be51-19b16f7d6779@group-D538847D235A-SegmentedRaftLogWorker: safeCacheEvictIndex: setUnconditionally 0 -> -1
2022-02-12 02:10:13,293 [pool-515-thread-1] INFO  server.RaftServerConfigKeys (ConfUtils.java:logGet(44)) - raft.server.snapshot.auto.trigger.enabled = true (custom)
2022-02-12 02:10:13,293 [pool-515-thread-1] INFO  server.RaftServerConfigKeys (ConfUtils.java:logGet(44)) - raft.server.snapshot.auto.trigger.threshold = 10000 (custom)
2022-02-12 02:10:13,293 [pool-515-thread-1] INFO  server.RaftServerConfigKeys (ConfUtils.java:logGet(44)) - raft.server.snapshot.retention.file.num = 5 (custom)
2022-02-12 02:10:13,293 [pool-515-thread-1] INFO  server.RaftServerConfigKeys (ConfUtils.java:logGet(44)) - raft.server.log.purge.upto.snapshot.index = false (default)
2022-02-12 02:10:13,294 [pool-515-thread-1] INFO  server.RaftServerConfigKeys (ConfUtils.java:logGet(44)) - raft.server.retrycache.expirytime = 600000ms (custom)
2022-02-12 02:10:13,294 [pool-515-thread-1] INFO  server.RaftServerConfigKeys (ConfUtils.java:logGet(44)) - raft.server.retrycache.statistics.expirytime = 100μs (default)
2022-02-12 02:10:13,295 [pool-515-thread-1] INFO  server.RaftServer$Division (RaftServerImpl.java:start(301)) - d2d0b78f-5d5f-439b-be51-19b16f7d6779@group-D538847D235A: start as a follower, conf=-1: [d2d0b78f-5d5f-439b-be51-19b16f7d6779|rpc:10.1.0.17:36711|dataStream:|priority:0, 2a7c97ff-33a0-4dd1-806d-5e334853ac69|rpc:10.1.0.17:42493|dataStream:|priority:1, 86bf740c-10b6-47d5-be0a-24882d6e78ed|rpc:10.1.0.17:34415|dataStream:|priority:0], old=null
2022-02-12 02:10:13,295 [pool-515-thread-1] INFO  server.RaftServer$Division (RaftServerImpl.java:setRole(290)) - d2d0b78f-5d5f-439b-be51-19b16f7d6779@group-D538847D235A: changes role from      null to FOLLOWER at term 0 for startAsFollower
2022-02-12 02:10:13,295 [pool-515-thread-1] INFO  impl.RoleInfo (RoleInfo.java:updateAndGet(130)) - d2d0b78f-5d5f-439b-be51-19b16f7d6779: start d2d0b78f-5d5f-439b-be51-19b16f7d6779@group-D538847D235A-FollowerState
2022-02-12 02:10:13,314 [pool-515-thread-1] INFO  util.JmxRegister (JmxRegister.java:tryRegister(44)) - Successfully registered JMX Bean with object name Ratis:service=RaftServer,group=group-D538847D235A,id=d2d0b78f-5d5f-439b-be51-19b16f7d6779
2022-02-12 02:10:13,325 [Command processor thread] INFO  server.RaftServer (RaftServerProxy.java:addNew(95)) - d2d0b78f-5d5f-439b-be51-19b16f7d6779: addNew group-38E7377D209A:[d2d0b78f-5d5f-439b-be51-19b16f7d6779|rpc:10.1.0.17:36711|priority:1] returns group-38E7377D209A:java.util.concurrent.CompletableFuture@536a4ce[Not completed]
2022-02-12 02:10:13,325 [pool-515-thread-1] INFO  server.RaftServer$Division (RaftServerImpl.java:<init>(184)) - d2d0b78f-5d5f-439b-be51-19b16f7d6779: new RaftServerImpl for group-38E7377D209A:[d2d0b78f-5d5f-439b-be51-19b16f7d6779|rpc:10.1.0.17:36711|priority:1] with ContainerStateMachine:uninitialized
2022-02-12 02:10:13,325 [pool-515-thread-1] INFO  server.RaftServerConfigKeys (ConfUtils.java:logGet(44)) - raft.server.rpc.timeout.min = 5s (custom)
2022-02-12 02:10:13,326 [pool-515-thread-1] INFO  server.RaftServerConfigKeys (ConfUtils.java:logGet(44)) - raft.server.rpc.timeout.max = 5200ms (custom)
2022-02-12 02:10:13,326 [pool-515-thread-1] INFO  server.RaftServerConfigKeys (ConfUtils.java:logGet(44)) - raft.server.rpc.sleep.time = 25ms (default)
2022-02-12 02:10:13,326 [pool-515-thread-1] INFO  server.RaftServerConfigKeys (ConfUtils.java:logGet(44)) - raft.server.rpc.slowness.timeout = 300s (custom)
2022-02-12 02:10:13,326 [pool-515-thread-1] INFO  server.RaftServerConfigKeys (ConfUtils.java:logGet(44)) - raft.server.leaderelection.leader.step-down.wait-time = 10s (default)
2022-02-12 02:10:13,326 [pool-515-thread-1] INFO  server.RaftServerConfigKeys (ConfUtils.java:logGet(44)) - raft.server.sleep.deviation.threshold = 300ms (default)
2022-02-12 02:10:13,326 [pool-515-thread-1] INFO  server.RaftServerConfigKeys (ConfUtils.java:logGet(44)) - raft.server.log.appender.install.snapshot.enabled = false (custom)
2022-02-12 02:10:13,326 [pool-515-thread-1] INFO  server.RaftServer$Division (ServerState.java:<init>(105)) - d2d0b78f-5d5f-439b-be51-19b16f7d6779@group-38E7377D209A: ConfigurationManager, init=-1: [d2d0b78f-5d5f-439b-be51-19b16f7d6779|rpc:10.1.0.17:36711|priority:1], old=null, confs=<EMPTY_MAP>
2022-02-12 02:10:13,326 [pool-515-thread-1] INFO  server.RaftServerConfigKeys (ConfUtils.java:logGet(44)) - raft.server.storage.dir = [/home/runner/work/ozone/ozone/hadoop-ozone/integration-test/target/test-dir/MiniOzoneClusterImpl-f86292e6-51f6-48a5-a476-e96bf2e780fe/datanode-1/data/ratis] (custom)
2022-02-12 02:10:13,326 [pool-515-thread-1] INFO  server.RaftServerConfigKeys (ConfUtils.java:logGet(44)) - raft.server.log.corruption.policy = EXCEPTION (default)
2022-02-12 02:10:13,326 [pool-515-thread-1] INFO  server.RaftServerConfigKeys (ConfUtils.java:logGet(44)) - raft.server.storage.free-space.min = 0MB (=0) (default)
2022-02-12 02:10:13,326 [pool-515-thread-1] INFO  storage.RaftStorageDirectory (RaftStorageDirectoryImpl.java:analyzeStorage(135)) - The storage directory /home/runner/work/ozone/ozone/hadoop-ozone/integration-test/target/test-dir/MiniOzoneClusterImpl-f86292e6-51f6-48a5-a476-e96bf2e780fe/datanode-1/data/ratis/6d8c11a9-8e92-4407-929c-38e7377d209a does not exist. Creating ...
2022-02-12 02:10:13,330 [pool-515-thread-1] INFO  storage.RaftStorageDirectory (RaftStorageDirectoryImpl.java:tryLock(230)) - Lock on /home/runner/work/ozone/ozone/hadoop-ozone/integration-test/target/test-dir/MiniOzoneClusterImpl-f86292e6-51f6-48a5-a476-e96bf2e780fe/datanode-1/data/ratis/6d8c11a9-8e92-4407-929c-38e7377d209a/in_use.lock acquired by nodename 9178@fv-az395-998
2022-02-12 02:10:13,331 [pool-515-thread-1] INFO  storage.RaftStorage (RaftStorageImpl.java:format(89)) - Storage directory /home/runner/work/ozone/ozone/hadoop-ozone/integration-test/target/test-dir/MiniOzoneClusterImpl-f86292e6-51f6-48a5-a476-e96bf2e780fe/datanode-1/data/ratis/6d8c11a9-8e92-4407-929c-38e7377d209a has been successfully formatted.
2022-02-12 02:10:13,332 [pool-515-thread-1] INFO  ratis.ContainerStateMachine (ContainerStateMachine.java:loadSnapshot(231)) - group-38E7377D209A: The snapshot info is null. Setting the last applied indexto:(t:0, i:~)
2022-02-12 02:10:13,333 [pool-515-thread-1] INFO  server.RaftServerConfigKeys (ConfUtils.java:logGet(44)) - raft.server.notification.no-leader.timeout = 300s (custom)
2022-02-12 02:10:13,333 [pool-515-thread-1] INFO  server.RaftServerConfigKeys (ConfUtils.java:logGet(44)) - raft.server.log.use.memory = false (default)
2022-02-12 02:10:13,333 [pool-515-thread-1] INFO  server.RaftServerConfigKeys (ConfUtils.java:logGet(44)) - raft.server.log.purge.gap = 1000000 (custom)
2022-02-12 02:10:13,333 [pool-515-thread-1] INFO  server.RaftServerConfigKeys (ConfUtils.java:logGet(44)) - raft.server.log.appender.buffer.byte-limit = 33554432 (custom)
2022-02-12 02:10:13,333 [EventQueue-PipelineReportForPipelineReportHandler] INFO  pipeline.PipelineManagerImpl (PipelineManagerImpl.java:openPipeline(291)) - Pipeline Pipeline[ Id: 6d8c11a9-8e92-4407-929c-38e7377d209a, Nodes: d2d0b78f-5d5f-439b-be51-19b16f7d6779{ip: 10.1.0.17, host: fv-az395-998.zfmzfyrfkyou3ow0tsr0jxwq1e.bx.internal.cloudapp.net, ports: [REPLICATION=42687, RATIS=36711, RATIS_ADMIN=36711, RATIS_SERVER=36711, STANDALONE=41083], networkLocation: /default-rack, certSerialId: null, persistedOpState: IN_SERVICE, persistedOpStateExpiryEpochSec: 0}, ReplicationConfig: RATIS/ONE, State:ALLOCATED, leaderId:d2d0b78f-5d5f-439b-be51-19b16f7d6779, CreationTimestamp2022-02-12T02:10:10.339Z[Etc/UTC]] moved to OPEN state
2022-02-12 02:10:13,335 [pool-515-thread-1] INFO  server.RaftServerConfigKeys (ConfUtils.java:logGet(44)) - raft.server.log.segment.size.max = 1048576 (custom)
2022-02-12 02:10:13,336 [pool-515-thread-1] INFO  server.RaftServerConfigKeys (ConfUtils.java:logGet(44)) - raft.server.log.segment.cache.num.max = 2 (custom)
2022-02-12 02:10:13,336 [pool-515-thread-1] INFO  server.RaftServerConfigKeys (ConfUtils.java:logGet(44)) - raft.server.log.segment.cache.size.max = 200MB (=209715200) (default)
2022-02-12 02:10:13,336 [pool-515-thread-1] INFO  segmented.SegmentedRaftLogWorker (SegmentedRaftLogWorker.java:<init>(182)) - new d2d0b78f-5d5f-439b-be51-19b16f7d6779@group-38E7377D209A-SegmentedRaftLogWorker for RaftStorageImpl:Storage Directory /home/runner/work/ozone/ozone/hadoop-ozone/integration-test/target/test-dir/MiniOzoneClusterImpl-f86292e6-51f6-48a5-a476-e96bf2e780fe/datanode-1/data/ratis/6d8c11a9-8e92-4407-929c-38e7377d209a
2022-02-12 02:10:13,336 [pool-515-thread-1] INFO  server.RaftServerConfigKeys (ConfUtils.java:logGet(44)) - raft.server.log.queue.byte-limit = 2147483647 (custom)
2022-02-12 02:10:13,336 [pool-515-thread-1] INFO  server.RaftServerConfigKeys (ConfUtils.java:logGet(44)) - raft.server.log.queue.element-limit = 1024 (custom)
2022-02-12 02:10:13,336 [pool-515-thread-1] INFO  server.RaftServerConfigKeys (ConfUtils.java:logGet(44)) - raft.server.log.segment.size.max = 1048576 (custom)
2022-02-12 02:10:13,336 [pool-515-thread-1] INFO  server.RaftServerConfigKeys (ConfUtils.java:logGet(44)) - raft.server.log.preallocated.size = 16384 (custom)
2022-02-12 02:10:13,336 [pool-515-thread-1] INFO  server.RaftServerConfigKeys (ConfUtils.java:logGet(44)) - raft.server.log.force.sync.num = 128 (default)
2022-02-12 02:10:13,336 [pool-515-thread-1] INFO  server.RaftServerConfigKeys (ConfUtils.java:logGet(44)) - raft.server.log.statemachine.data.sync = true (default)
2022-02-12 02:10:13,336 [pool-515-thread-1] INFO  server.RaftServerConfigKeys (ConfUtils.java:logGet(44)) - raft.server.log.statemachine.data.sync.timeout = 10s (default)
2022-02-12 02:10:13,336 [pool-515-thread-1] INFO  server.RaftServerConfigKeys (ConfUtils.java:logGet(44)) - raft.server.log.statemachine.data.sync.timeout.retry = -1 (default)
2022-02-12 02:10:13,337 [c467f674-5d00-4497-9e9e-a7c35f247abe@group-E96BF2E780FE-StateMachineUpdater] INFO  safemode.HealthyPipelineSafeModeRule (HealthyPipelineSafeModeRule.java:initializeRule(152)) - Refreshed total pipeline count is 0, healthy pipeline threshold count is 1
2022-02-12 02:10:13,337 [EventQueue-OpenPipelineForHealthyPipelineSafeModeRule] INFO  safemode.SCMSafeModeManager (HealthyPipelineSafeModeRule.java:process(124)) - SCM in safe mode. Healthy pipelines reported count is 0, required healthy pipeline reported count is 1
2022-02-12 02:10:13,340 [pool-515-thread-1] INFO  server.RaftServerConfigKeys (ConfUtils.java:logGet(44)) - raft.server.log.write.buffer.size = 1048576 (custom)
2022-02-12 02:10:13,340 [pool-515-thread-1] INFO  server.RaftServerConfigKeys (ConfUtils.java:logGet(44)) - raft.server.log.statemachine.data.caching.enabled = true (custom)
2022-02-12 02:10:13,341 [pool-515-thread-1] INFO  segmented.SegmentedRaftLogWorker (SegmentedRaftLogWorker.java:lambda$new$0(133)) - d2d0b78f-5d5f-439b-be51-19b16f7d6779@group-38E7377D209A-SegmentedRaftLogWorker: flushIndex: setUnconditionally 0 -> -1
2022-02-12 02:10:13,341 [pool-515-thread-1] INFO  segmented.SegmentedRaftLogWorker (SegmentedRaftLogWorker.java:lambda$new$0(133)) - d2d0b78f-5d5f-439b-be51-19b16f7d6779@group-38E7377D209A-SegmentedRaftLogWorker: safeCacheEvictIndex: setUnconditionally 0 -> -1
2022-02-12 02:10:13,349 [pool-515-thread-1] INFO  server.RaftServerConfigKeys (ConfUtils.java:logGet(44)) - raft.server.snapshot.auto.trigger.enabled = true (custom)
2022-02-12 02:10:13,349 [pool-515-thread-1] INFO  server.RaftServerConfigKeys (ConfUtils.java:logGet(44)) - raft.server.snapshot.auto.trigger.threshold = 10000 (custom)
2022-02-12 02:10:13,349 [pool-515-thread-1] INFO  server.RaftServerConfigKeys (ConfUtils.java:logGet(44)) - raft.server.snapshot.retention.file.num = 5 (custom)
2022-02-12 02:10:13,349 [pool-515-thread-1] INFO  server.RaftServerConfigKeys (ConfUtils.java:logGet(44)) - raft.server.log.purge.upto.snapshot.index = false (default)
2022-02-12 02:10:13,349 [pool-515-thread-1] INFO  server.RaftServerConfigKeys (ConfUtils.java:logGet(44)) - raft.server.retrycache.expirytime = 600000ms (custom)
2022-02-12 02:10:13,349 [pool-515-thread-1] INFO  server.RaftServerConfigKeys (ConfUtils.java:logGet(44)) - raft.server.retrycache.statistics.expirytime = 100μs (default)
2022-02-12 02:10:13,350 [pool-515-thread-1] INFO  server.RaftServer$Division (RaftServerImpl.java:start(301)) - d2d0b78f-5d5f-439b-be51-19b16f7d6779@group-38E7377D209A: start as a follower, conf=-1: [d2d0b78f-5d5f-439b-be51-19b16f7d6779|rpc:10.1.0.17:36711|priority:1], old=null
2022-02-12 02:10:13,350 [pool-515-thread-1] INFO  server.RaftServer$Division (RaftServerImpl.java:setRole(290)) - d2d0b78f-5d5f-439b-be51-19b16f7d6779@group-38E7377D209A: changes role from      null to FOLLOWER at term 0 for startAsFollower
2022-02-12 02:10:13,350 [pool-515-thread-1] INFO  impl.RoleInfo (RoleInfo.java:updateAndGet(130)) - d2d0b78f-5d5f-439b-be51-19b16f7d6779: start d2d0b78f-5d5f-439b-be51-19b16f7d6779@group-38E7377D209A-FollowerState
2022-02-12 02:10:13,358 [pool-515-thread-1] INFO  util.JmxRegister (JmxRegister.java:tryRegister(44)) - Successfully registered JMX Bean with object name Ratis:service=RaftServer,group=group-38E7377D209A,id=d2d0b78f-5d5f-439b-be51-19b16f7d6779
2022-02-12 02:10:13,358 [Command processor thread] INFO  ratis.XceiverServerRatis (XceiverServerRatis.java:addGroup(768)) - Created group PipelineID=6d8c11a9-8e92-4407-929c-38e7377d209a
2022-02-12 02:10:13,358 [Command processor thread] INFO  commandhandler.CreatePipelineCommandHandler (CreatePipelineCommandHandler.java:handle(106)) - Created Pipeline RATIS ONE PipelineID=6d8c11a9-8e92-4407-929c-38e7377d209a.
2022-02-12 02:10:13,385 [grpc-default-executor-2] INFO  server.RaftServer (RaftServerProxy.java:addNew(95)) - 86bf740c-10b6-47d5-be0a-24882d6e78ed: addNew group-D538847D235A:[d2d0b78f-5d5f-439b-be51-19b16f7d6779|rpc:10.1.0.17:36711|dataStream:|priority:0, 2a7c97ff-33a0-4dd1-806d-5e334853ac69|rpc:10.1.0.17:42493|dataStream:|priority:1, 86bf740c-10b6-47d5-be0a-24882d6e78ed|rpc:10.1.0.17:34415|dataStream:|priority:0] returns group-D538847D235A:java.util.concurrent.CompletableFuture@189a0272[Not completed]
2022-02-12 02:10:13,386 [pool-536-thread-1] INFO  server.RaftServer$Division (RaftServerImpl.java:<init>(184)) - 86bf740c-10b6-47d5-be0a-24882d6e78ed: new RaftServerImpl for group-D538847D235A:[d2d0b78f-5d5f-439b-be51-19b16f7d6779|rpc:10.1.0.17:36711|dataStream:|priority:0, 2a7c97ff-33a0-4dd1-806d-5e334853ac69|rpc:10.1.0.17:42493|dataStream:|priority:1, 86bf740c-10b6-47d5-be0a-24882d6e78ed|rpc:10.1.0.17:34415|dataStream:|priority:0] with ContainerStateMachine:uninitialized
2022-02-12 02:10:13,386 [pool-536-thread-1] INFO  server.RaftServerConfigKeys (ConfUtils.java:logGet(44)) - raft.server.rpc.timeout.min = 5s (custom)
2022-02-12 02:10:13,386 [pool-536-thread-1] INFO  server.RaftServerConfigKeys (ConfUtils.java:logGet(44)) - raft.server.rpc.timeout.max = 5200ms (custom)
2022-02-12 02:10:13,386 [pool-536-thread-1] INFO  server.RaftServerConfigKeys (ConfUtils.java:logGet(44)) - raft.server.rpc.sleep.time = 25ms (default)
2022-02-12 02:10:13,386 [pool-536-thread-1] INFO  server.RaftServerConfigKeys (ConfUtils.java:logGet(44)) - raft.server.rpc.slowness.timeout = 300s (custom)
2022-02-12 02:10:13,386 [pool-536-thread-1] INFO  server.RaftServerConfigKeys (ConfUtils.java:logGet(44)) - raft.server.leaderelection.leader.step-down.wait-time = 10s (default)
2022-02-12 02:10:13,386 [pool-536-thread-1] INFO  server.RaftServerConfigKeys (ConfUtils.java:logGet(44)) - raft.server.sleep.deviation.threshold = 300ms (default)
2022-02-12 02:10:13,386 [pool-536-thread-1] INFO  server.RaftServerConfigKeys (ConfUtils.java:logGet(44)) - raft.server.log.appender.install.snapshot.enabled = false (custom)
2022-02-12 02:10:13,386 [pool-536-thread-1] INFO  server.RaftServer$Division (ServerState.java:<init>(105)) - 86bf740c-10b6-47d5-be0a-24882d6e78ed@group-D538847D235A: ConfigurationManager, init=-1: [d2d0b78f-5d5f-439b-be51-19b16f7d6779|rpc:10.1.0.17:36711|dataStream:|priority:0, 2a7c97ff-33a0-4dd1-806d-5e334853ac69|rpc:10.1.0.17:42493|dataStream:|priority:1, 86bf740c-10b6-47d5-be0a-24882d6e78ed|rpc:10.1.0.17:34415|dataStream:|priority:0], old=null, confs=<EMPTY_MAP>
2022-02-12 02:10:13,386 [pool-536-thread-1] INFO  server.RaftServerConfigKeys (ConfUtils.java:logGet(44)) - raft.server.storage.dir = [/home/runner/work/ozone/ozone/hadoop-ozone/integration-test/target/test-dir/MiniOzoneClusterImpl-f86292e6-51f6-48a5-a476-e96bf2e780fe/datanode-2/data/ratis] (custom)
2022-02-12 02:10:13,386 [pool-536-thread-1] INFO  server.RaftServerConfigKeys (ConfUtils.java:logGet(44)) - raft.server.log.corruption.policy = EXCEPTION (default)
2022-02-12 02:10:13,386 [pool-536-thread-1] INFO  server.RaftServerConfigKeys (ConfUtils.java:logGet(44)) - raft.server.storage.free-space.min = 0MB (=0) (default)
2022-02-12 02:10:13,386 [pool-536-thread-1] INFO  storage.RaftStorageDirectory (RaftStorageDirectoryImpl.java:analyzeStorage(135)) - The storage directory /home/runner/work/ozone/ozone/hadoop-ozone/integration-test/target/test-dir/MiniOzoneClusterImpl-f86292e6-51f6-48a5-a476-e96bf2e780fe/datanode-2/data/ratis/b4c0c0b9-4a02-4d82-ab45-d538847d235a does not exist. Creating ...
2022-02-12 02:10:13,388 [pool-536-thread-1] INFO  storage.RaftStorageDirectory (RaftStorageDirectoryImpl.java:tryLock(230)) - Lock on /home/runner/work/ozone/ozone/hadoop-ozone/integration-test/target/test-dir/MiniOzoneClusterImpl-f86292e6-51f6-48a5-a476-e96bf2e780fe/datanode-2/data/ratis/b4c0c0b9-4a02-4d82-ab45-d538847d235a/in_use.lock acquired by nodename 9178@fv-az395-998
2022-02-12 02:10:13,389 [pool-536-thread-1] INFO  storage.RaftStorage (RaftStorageImpl.java:format(89)) - Storage directory /home/runner/work/ozone/ozone/hadoop-ozone/integration-test/target/test-dir/MiniOzoneClusterImpl-f86292e6-51f6-48a5-a476-e96bf2e780fe/datanode-2/data/ratis/b4c0c0b9-4a02-4d82-ab45-d538847d235a has been successfully formatted.
2022-02-12 02:10:13,390 [pool-536-thread-1] INFO  ratis.ContainerStateMachine (ContainerStateMachine.java:loadSnapshot(231)) - group-D538847D235A: The snapshot info is null. Setting the last applied indexto:(t:0, i:~)
2022-02-12 02:10:13,391 [pool-536-thread-1] INFO  server.RaftServerConfigKeys (ConfUtils.java:logGet(44)) - raft.server.notification.no-leader.timeout = 300s (custom)
2022-02-12 02:10:13,391 [pool-536-thread-1] INFO  server.RaftServerConfigKeys (ConfUtils.java:logGet(44)) - raft.server.log.use.memory = false (default)
2022-02-12 02:10:13,391 [pool-536-thread-1] INFO  server.RaftServerConfigKeys (ConfUtils.java:logGet(44)) - raft.server.log.purge.gap = 1000000 (custom)
2022-02-12 02:10:13,391 [pool-536-thread-1] INFO  server.RaftServerConfigKeys (ConfUtils.java:logGet(44)) - raft.server.log.appender.buffer.byte-limit = 33554432 (custom)
2022-02-12 02:10:13,391 [pool-536-thread-1] INFO  server.RaftServerConfigKeys (ConfUtils.java:logGet(44)) - raft.server.log.segment.size.max = 1048576 (custom)
2022-02-12 02:10:13,391 [pool-536-thread-1] INFO  server.RaftServerConfigKeys (ConfUtils.java:logGet(44)) - raft.server.log.segment.cache.num.max = 2 (custom)
2022-02-12 02:10:13,391 [pool-536-thread-1] INFO  server.RaftServerConfigKeys (ConfUtils.java:logGet(44)) - raft.server.log.segment.cache.size.max = 200MB (=209715200) (default)
2022-02-12 02:10:13,392 [pool-536-thread-1] INFO  segmented.SegmentedRaftLogWorker (SegmentedRaftLogWorker.java:<init>(182)) - new 86bf740c-10b6-47d5-be0a-24882d6e78ed@group-D538847D235A-SegmentedRaftLogWorker for RaftStorageImpl:Storage Directory /home/runner/work/ozone/ozone/hadoop-ozone/integration-test/target/test-dir/MiniOzoneClusterImpl-f86292e6-51f6-48a5-a476-e96bf2e780fe/datanode-2/data/ratis/b4c0c0b9-4a02-4d82-ab45-d538847d235a
2022-02-12 02:10:13,392 [pool-536-thread-1] INFO  server.RaftServerConfigKeys (ConfUtils.java:logGet(44)) - raft.server.log.queue.byte-limit = 2147483647 (custom)
2022-02-12 02:10:13,392 [pool-536-thread-1] INFO  server.RaftServerConfigKeys (ConfUtils.java:logGet(44)) - raft.server.log.queue.element-limit = 1024 (custom)
2022-02-12 02:10:13,392 [pool-536-thread-1] INFO  server.RaftServerConfigKeys (ConfUtils.java:logGet(44)) - raft.server.log.segment.size.max = 1048576 (custom)
2022-02-12 02:10:13,392 [pool-536-thread-1] INFO  server.RaftServerConfigKeys (ConfUtils.java:logGet(44)) - raft.server.log.preallocated.size = 16384 (custom)
2022-02-12 02:10:13,392 [pool-536-thread-1] INFO  server.RaftServerConfigKeys (ConfUtils.java:logGet(44)) - raft.server.log.force.sync.num = 128 (default)
2022-02-12 02:10:13,392 [pool-536-thread-1] INFO  server.RaftServerConfigKeys (ConfUtils.java:logGet(44)) - raft.server.log.statemachine.data.sync = true (default)
2022-02-12 02:10:13,392 [pool-536-thread-1] INFO  server.RaftServerConfigKeys (ConfUtils.java:logGet(44)) - raft.server.log.statemachine.data.sync.timeout = 10s (default)
2022-02-12 02:10:13,392 [pool-536-thread-1] INFO  server.RaftServerConfigKeys (ConfUtils.java:logGet(44)) - raft.server.log.statemachine.data.sync.timeout.retry = -1 (default)
2022-02-12 02:10:13,393 [pool-536-thread-1] INFO  server.RaftServerConfigKeys (ConfUtils.java:logGet(44)) - raft.server.log.write.buffer.size = 1048576 (custom)
2022-02-12 02:10:13,394 [pool-536-thread-1] INFO  server.RaftServerConfigKeys (ConfUtils.java:logGet(44)) - raft.server.log.statemachine.data.caching.enabled = true (custom)
2022-02-12 02:10:13,394 [pool-536-thread-1] INFO  segmented.SegmentedRaftLogWorker (SegmentedRaftLogWorker.java:lambda$new$0(133)) - 86bf740c-10b6-47d5-be0a-24882d6e78ed@group-D538847D235A-SegmentedRaftLogWorker: flushIndex: setUnconditionally 0 -> -1
2022-02-12 02:10:13,394 [pool-536-thread-1] INFO  segmented.SegmentedRaftLogWorker (SegmentedRaftLogWorker.java:lambda$new$0(133)) - 86bf740c-10b6-47d5-be0a-24882d6e78ed@group-D538847D235A-SegmentedRaftLogWorker: safeCacheEvictIndex: setUnconditionally 0 -> -1
2022-02-12 02:10:13,412 [pool-536-thread-1] INFO  server.RaftServerConfigKeys (ConfUtils.java:logGet(44)) - raft.server.snapshot.auto.trigger.enabled = true (custom)
2022-02-12 02:10:13,412 [pool-536-thread-1] INFO  server.RaftServerConfigKeys (ConfUtils.java:logGet(44)) - raft.server.snapshot.auto.trigger.threshold = 10000 (custom)
2022-02-12 02:10:13,412 [pool-536-thread-1] INFO  server.RaftServerConfigKeys (ConfUtils.java:logGet(44)) - raft.server.snapshot.retention.file.num = 5 (custom)
2022-02-12 02:10:13,412 [pool-536-thread-1] INFO  server.RaftServerConfigKeys (ConfUtils.java:logGet(44)) - raft.server.log.purge.upto.snapshot.index = false (default)
2022-02-12 02:10:13,412 [pool-536-thread-1] INFO  server.RaftServerConfigKeys (ConfUtils.java:logGet(44)) - raft.server.retrycache.expirytime = 600000ms (custom)
2022-02-12 02:10:13,412 [pool-536-thread-1] INFO  server.RaftServerConfigKeys (ConfUtils.java:logGet(44)) - raft.server.retrycache.statistics.expirytime = 100μs (default)
2022-02-12 02:10:13,413 [pool-536-thread-1] INFO  server.RaftServer$Division (RaftServerImpl.java:start(301)) - 86bf740c-10b6-47d5-be0a-24882d6e78ed@group-D538847D235A: start as a follower, conf=-1: [d2d0b78f-5d5f-439b-be51-19b16f7d6779|rpc:10.1.0.17:36711|dataStream:|priority:0, 2a7c97ff-33a0-4dd1-806d-5e334853ac69|rpc:10.1.0.17:42493|dataStream:|priority:1, 86bf740c-10b6-47d5-be0a-24882d6e78ed|rpc:10.1.0.17:34415|dataStream:|priority:0], old=null
2022-02-12 02:10:13,413 [pool-536-thread-1] INFO  server.RaftServer$Division (RaftServerImpl.java:setRole(290)) - 86bf740c-10b6-47d5-be0a-24882d6e78ed@group-D538847D235A: changes role from      null to FOLLOWER at term 0 for startAsFollower
2022-02-12 02:10:13,413 [pool-536-thread-1] INFO  impl.RoleInfo (RoleInfo.java:updateAndGet(130)) - 86bf740c-10b6-47d5-be0a-24882d6e78ed: start 86bf740c-10b6-47d5-be0a-24882d6e78ed@group-D538847D235A-FollowerState
2022-02-12 02:10:13,424 [pool-536-thread-1] INFO  util.JmxRegister (JmxRegister.java:tryRegister(44)) - Successfully registered JMX Bean with object name Ratis:service=RaftServer,group=group-D538847D235A,id=86bf740c-10b6-47d5-be0a-24882d6e78ed
2022-02-12 02:10:13,448 [Command processor thread] INFO  commandhandler.CreatePipelineCommandHandler (CreatePipelineCommandHandler.java:handle(106)) - Created Pipeline RATIS THREE PipelineID=b4c0c0b9-4a02-4d82-ab45-d538847d235a.
2022-02-12 02:10:13,839 [Listener at 127.0.0.1/37239] INFO  ozone.MiniOzoneClusterImpl (MiniOzoneClusterImpl.java:lambda$waitForClusterToBeReady$0(219)) - Nodes are ready. Got 3 of 3 DN Heartbeats.
2022-02-12 02:10:13,839 [Listener at 127.0.0.1/37239] INFO  ozone.MiniOzoneClusterImpl (MiniOzoneClusterImpl.java:lambda$waitForClusterToBeReady$0(222)) - Waiting for cluster to exit safe mode
2022-02-12 02:10:13,839 [Listener at 127.0.0.1/37239] INFO  ozone.MiniOzoneClusterImpl (MiniOzoneClusterImpl.java:lambda$waitForClusterToBeReady$0(224)) - SCM became leader
2022-02-12 02:10:13,876 [Command processor thread] INFO  server.RaftServer (RaftServerProxy.java:addNew(95)) - 86bf740c-10b6-47d5-be0a-24882d6e78ed: addNew group-B73AE0E2C7C3:[86bf740c-10b6-47d5-be0a-24882d6e78ed|rpc:10.1.0.17:34415|priority:1] returns group-B73AE0E2C7C3:java.util.concurrent.CompletableFuture@685c84ea[Not completed]
2022-02-12 02:10:13,877 [pool-536-thread-1] INFO  server.RaftServer$Division (RaftServerImpl.java:<init>(184)) - 86bf740c-10b6-47d5-be0a-24882d6e78ed: new RaftServerImpl for group-B73AE0E2C7C3:[86bf740c-10b6-47d5-be0a-24882d6e78ed|rpc:10.1.0.17:34415|priority:1] with ContainerStateMachine:uninitialized
2022-02-12 02:10:13,877 [pool-536-thread-1] INFO  server.RaftServerConfigKeys (ConfUtils.java:logGet(44)) - raft.server.rpc.timeout.min = 5s (custom)
2022-02-12 02:10:13,877 [pool-536-thread-1] INFO  server.RaftServerConfigKeys (ConfUtils.java:logGet(44)) - raft.server.rpc.timeout.max = 5200ms (custom)
2022-02-12 02:10:13,877 [pool-536-thread-1] INFO  server.RaftServerConfigKeys (ConfUtils.java:logGet(44)) - raft.server.rpc.sleep.time = 25ms (default)
2022-02-12 02:10:13,877 [pool-536-thread-1] INFO  server.RaftServerConfigKeys (ConfUtils.java:logGet(44)) - raft.server.rpc.slowness.timeout = 300s (custom)
2022-02-12 02:10:13,877 [pool-536-thread-1] INFO  server.RaftServerConfigKeys (ConfUtils.java:logGet(44)) - raft.server.leaderelection.leader.step-down.wait-time = 10s (default)
2022-02-12 02:10:13,877 [pool-536-thread-1] INFO  server.RaftServerConfigKeys (ConfUtils.java:logGet(44)) - raft.server.sleep.deviation.threshold = 300ms (default)
2022-02-12 02:10:13,877 [pool-536-thread-1] INFO  server.RaftServerConfigKeys (ConfUtils.java:logGet(44)) - raft.server.log.appender.install.snapshot.enabled = false (custom)
2022-02-12 02:10:13,877 [pool-536-thread-1] INFO  server.RaftServer$Division (ServerState.java:<init>(105)) - 86bf740c-10b6-47d5-be0a-24882d6e78ed@group-B73AE0E2C7C3: ConfigurationManager, init=-1: [86bf740c-10b6-47d5-be0a-24882d6e78ed|rpc:10.1.0.17:34415|priority:1], old=null, confs=<EMPTY_MAP>
2022-02-12 02:10:13,877 [pool-536-thread-1] INFO  server.RaftServerConfigKeys (ConfUtils.java:logGet(44)) - raft.server.storage.dir = [/home/runner/work/ozone/ozone/hadoop-ozone/integration-test/target/test-dir/MiniOzoneClusterImpl-f86292e6-51f6-48a5-a476-e96bf2e780fe/datanode-2/data/ratis] (custom)
2022-02-12 02:10:13,877 [pool-536-thread-1] INFO  server.RaftServerConfigKeys (ConfUtils.java:logGet(44)) - raft.server.log.corruption.policy = EXCEPTION (default)
2022-02-12 02:10:13,877 [pool-536-thread-1] INFO  server.RaftServerConfigKeys (ConfUtils.java:logGet(44)) - raft.server.storage.free-space.min = 0MB (=0) (default)
2022-02-12 02:10:13,877 [pool-536-thread-1] INFO  storage.RaftStorageDirectory (RaftStorageDirectoryImpl.java:analyzeStorage(135)) - The storage directory /home/runner/work/ozone/ozone/hadoop-ozone/integration-test/target/test-dir/MiniOzoneClusterImpl-f86292e6-51f6-48a5-a476-e96bf2e780fe/datanode-2/data/ratis/69d7da29-168f-46f5-8b9e-b73ae0e2c7c3 does not exist. Creating ...
2022-02-12 02:10:13,884 [pool-536-thread-1] INFO  storage.RaftStorageDirectory (RaftStorageDirectoryImpl.java:tryLock(230)) - Lock on /home/runner/work/ozone/ozone/hadoop-ozone/integration-test/target/test-dir/MiniOzoneClusterImpl-f86292e6-51f6-48a5-a476-e96bf2e780fe/datanode-2/data/ratis/69d7da29-168f-46f5-8b9e-b73ae0e2c7c3/in_use.lock acquired by nodename 9178@fv-az395-998
2022-02-12 02:10:13,886 [pool-536-thread-1] INFO  storage.RaftStorage (RaftStorageImpl.java:format(89)) - Storage directory /home/runner/work/ozone/ozone/hadoop-ozone/integration-test/target/test-dir/MiniOzoneClusterImpl-f86292e6-51f6-48a5-a476-e96bf2e780fe/datanode-2/data/ratis/69d7da29-168f-46f5-8b9e-b73ae0e2c7c3 has been successfully formatted.
2022-02-12 02:10:13,887 [EventQueue-PipelineReportForPipelineReportHandler] INFO  pipeline.PipelineManagerImpl (PipelineManagerImpl.java:openPipeline(291)) - Pipeline Pipeline[ Id: 69d7da29-168f-46f5-8b9e-b73ae0e2c7c3, Nodes: 86bf740c-10b6-47d5-be0a-24882d6e78ed{ip: 10.1.0.17, host: fv-az395-998.zfmzfyrfkyou3ow0tsr0jxwq1e.bx.internal.cloudapp.net, ports: [REPLICATION=37351, RATIS=34415, RATIS_ADMIN=34415, RATIS_SERVER=34415, STANDALONE=35495], networkLocation: /default-rack, certSerialId: null, persistedOpState: IN_SERVICE, persistedOpStateExpiryEpochSec: 0}, ReplicationConfig: RATIS/ONE, State:ALLOCATED, leaderId:86bf740c-10b6-47d5-be0a-24882d6e78ed, CreationTimestamp2022-02-12T02:10:10.879Z[Etc/UTC]] moved to OPEN state
2022-02-12 02:10:13,888 [pool-536-thread-1] INFO  ratis.ContainerStateMachine (ContainerStateMachine.java:loadSnapshot(231)) - group-B73AE0E2C7C3: The snapshot info is null. Setting the last applied indexto:(t:0, i:~)
2022-02-12 02:10:13,889 [c467f674-5d00-4497-9e9e-a7c35f247abe@group-E96BF2E780FE-StateMachineUpdater] INFO  safemode.HealthyPipelineSafeModeRule (HealthyPipelineSafeModeRule.java:initializeRule(152)) - Refreshed total pipeline count is 0, healthy pipeline threshold count is 1
2022-02-12 02:10:13,889 [EventQueue-OpenPipelineForHealthyPipelineSafeModeRule] INFO  safemode.SCMSafeModeManager (HealthyPipelineSafeModeRule.java:process(124)) - SCM in safe mode. Healthy pipelines reported count is 0, required healthy pipeline reported count is 1
2022-02-12 02:10:13,890 [pool-536-thread-1] INFO  server.RaftServerConfigKeys (ConfUtils.java:logGet(44)) - raft.server.notification.no-leader.timeout = 300s (custom)
2022-02-12 02:10:13,890 [pool-536-thread-1] INFO  server.RaftServerConfigKeys (ConfUtils.java:logGet(44)) - raft.server.log.use.memory = false (default)
2022-02-12 02:10:13,890 [pool-536-thread-1] INFO  server.RaftServerConfigKeys (ConfUtils.java:logGet(44)) - raft.server.log.purge.gap = 1000000 (custom)
2022-02-12 02:10:13,890 [pool-536-thread-1] INFO  server.RaftServerConfigKeys (ConfUtils.java:logGet(44)) - raft.server.log.appender.buffer.byte-limit = 33554432 (custom)
2022-02-12 02:10:13,890 [pool-536-thread-1] INFO  server.RaftServerConfigKeys (ConfUtils.java:logGet(44)) - raft.server.log.segment.size.max = 1048576 (custom)
2022-02-12 02:10:13,891 [pool-536-thread-1] INFO  server.RaftServerConfigKeys (ConfUtils.java:logGet(44)) - raft.server.log.segment.cache.num.max = 2 (custom)
2022-02-12 02:10:13,891 [pool-536-thread-1] INFO  server.RaftServerConfigKeys (ConfUtils.java:logGet(44)) - raft.server.log.segment.cache.size.max = 200MB (=209715200) (default)
2022-02-12 02:10:13,891 [pool-536-thread-1] INFO  segmented.SegmentedRaftLogWorker (SegmentedRaftLogWorker.java:<init>(182)) - new 86bf740c-10b6-47d5-be0a-24882d6e78ed@group-B73AE0E2C7C3-SegmentedRaftLogWorker for RaftStorageImpl:Storage Directory /home/runner/work/ozone/ozone/hadoop-ozone/integration-test/target/test-dir/MiniOzoneClusterImpl-f86292e6-51f6-48a5-a476-e96bf2e780fe/datanode-2/data/ratis/69d7da29-168f-46f5-8b9e-b73ae0e2c7c3
2022-02-12 02:10:13,891 [pool-536-thread-1] INFO  server.RaftServerConfigKeys (ConfUtils.java:logGet(44)) - raft.server.log.queue.byte-limit = 2147483647 (custom)
2022-02-12 02:10:13,891 [pool-536-thread-1] INFO  server.RaftServerConfigKeys (ConfUtils.java:logGet(44)) - raft.server.log.queue.element-limit = 1024 (custom)
2022-02-12 02:10:13,891 [pool-536-thread-1] INFO  server.RaftServerConfigKeys (ConfUtils.java:logGet(44)) - raft.server.log.segment.size.max = 1048576 (custom)
2022-02-12 02:10:13,891 [pool-536-thread-1] INFO  server.RaftServerConfigKeys (ConfUtils.java:logGet(44)) - raft.server.log.preallocated.size = 16384 (custom)
2022-02-12 02:10:13,891 [pool-536-thread-1] INFO  server.RaftServerConfigKeys (ConfUtils.java:logGet(44)) - raft.server.log.force.sync.num = 128 (default)
2022-02-12 02:10:13,891 [pool-536-thread-1] INFO  server.RaftServerConfigKeys (ConfUtils.java:logGet(44)) - raft.server.log.statemachine.data.sync = true (default)
2022-02-12 02:10:13,891 [pool-536-thread-1] INFO  server.RaftServerConfigKeys (ConfUtils.java:logGet(44)) - raft.server.log.statemachine.data.sync.timeout = 10s (default)
2022-02-12 02:10:13,891 [pool-536-thread-1] INFO  server.RaftServerConfigKeys (ConfUtils.java:logGet(44)) - raft.server.log.statemachine.data.sync.timeout.retry = -1 (default)
2022-02-12 02:10:13,892 [pool-536-thread-1] INFO  server.RaftServerConfigKeys (ConfUtils.java:logGet(44)) - raft.server.log.write.buffer.size = 1048576 (custom)
2022-02-12 02:10:13,897 [pool-536-thread-1] INFO  server.RaftServerConfigKeys (ConfUtils.java:logGet(44)) - raft.server.log.statemachine.data.caching.enabled = true (custom)
2022-02-12 02:10:13,897 [pool-536-thread-1] INFO  segmented.SegmentedRaftLogWorker (SegmentedRaftLogWorker.java:lambda$new$0(133)) - 86bf740c-10b6-47d5-be0a-24882d6e78ed@group-B73AE0E2C7C3-SegmentedRaftLogWorker: flushIndex: setUnconditionally 0 -> -1
2022-02-12 02:10:13,897 [pool-536-thread-1] INFO  segmented.SegmentedRaftLogWorker (SegmentedRaftLogWorker.java:lambda$new$0(133)) - 86bf740c-10b6-47d5-be0a-24882d6e78ed@group-B73AE0E2C7C3-SegmentedRaftLogWorker: safeCacheEvictIndex: setUnconditionally 0 -> -1
2022-02-12 02:10:13,920 [pool-536-thread-1] INFO  server.RaftServerConfigKeys (ConfUtils.java:logGet(44)) - raft.server.snapshot.auto.trigger.enabled = true (custom)
2022-02-12 02:10:13,921 [pool-536-thread-1] INFO  server.RaftServerConfigKeys (ConfUtils.java:logGet(44)) - raft.server.snapshot.auto.trigger.threshold = 10000 (custom)
2022-02-12 02:10:13,921 [pool-536-thread-1] INFO  server.RaftServerConfigKeys (ConfUtils.java:logGet(44)) - raft.server.snapshot.retention.file.num = 5 (custom)
2022-02-12 02:10:13,921 [pool-536-thread-1] INFO  server.RaftServerConfigKeys (ConfUtils.java:logGet(44)) - raft.server.log.purge.upto.snapshot.index = false (default)
2022-02-12 02:10:13,921 [pool-536-thread-1] INFO  server.RaftServerConfigKeys (ConfUtils.java:logGet(44)) - raft.server.retrycache.expirytime = 600000ms (custom)
2022-02-12 02:10:13,921 [pool-536-thread-1] INFO  server.RaftServerConfigKeys (ConfUtils.java:logGet(44)) - raft.server.retrycache.statistics.expirytime = 100μs (default)
2022-02-12 02:10:13,922 [pool-536-thread-1] INFO  server.RaftServer$Division (RaftServerImpl.java:start(301)) - 86bf740c-10b6-47d5-be0a-24882d6e78ed@group-B73AE0E2C7C3: start as a follower, conf=-1: [86bf740c-10b6-47d5-be0a-24882d6e78ed|rpc:10.1.0.17:34415|priority:1], old=null
2022-02-12 02:10:13,922 [pool-536-thread-1] INFO  server.RaftServer$Division (RaftServerImpl.java:setRole(290)) - 86bf740c-10b6-47d5-be0a-24882d6e78ed@group-B73AE0E2C7C3: changes role from      null to FOLLOWER at term 0 for startAsFollower
2022-02-12 02:10:13,922 [pool-536-thread-1] INFO  impl.RoleInfo (RoleInfo.java:updateAndGet(130)) - 86bf740c-10b6-47d5-be0a-24882d6e78ed: start 86bf740c-10b6-47d5-be0a-24882d6e78ed@group-B73AE0E2C7C3-FollowerState
2022-02-12 02:10:13,923 [pool-536-thread-1] INFO  util.JmxRegister (JmxRegister.java:tryRegister(44)) - Successfully registered JMX Bean with object name Ratis:service=RaftServer,group=group-B73AE0E2C7C3,id=86bf740c-10b6-47d5-be0a-24882d6e78ed
2022-02-12 02:10:13,930 [Command processor thread] INFO  ratis.XceiverServerRatis (XceiverServerRatis.java:addGroup(768)) - Created group PipelineID=69d7da29-168f-46f5-8b9e-b73ae0e2c7c3
2022-02-12 02:10:13,930 [Command processor thread] INFO  commandhandler.CreatePipelineCommandHandler (CreatePipelineCommandHandler.java:handle(106)) - Created Pipeline RATIS ONE PipelineID=69d7da29-168f-46f5-8b9e-b73ae0e2c7c3.
2022-02-12 02:10:14,840 [Listener at 127.0.0.1/37239] INFO  ozone.MiniOzoneClusterImpl (MiniOzoneClusterImpl.java:lambda$waitForClusterToBeReady$0(219)) - Nodes are ready. Got 3 of 3 DN Heartbeats.
2022-02-12 02:10:14,840 [Listener at 127.0.0.1/37239] INFO  ozone.MiniOzoneClusterImpl (MiniOzoneClusterImpl.java:lambda$waitForClusterToBeReady$0(222)) - Waiting for cluster to exit safe mode
2022-02-12 02:10:14,840 [Listener at 127.0.0.1/37239] INFO  ozone.MiniOzoneClusterImpl (MiniOzoneClusterImpl.java:lambda$waitForClusterToBeReady$0(224)) - SCM became leader
2022-02-12 02:10:15,840 [Listener at 127.0.0.1/37239] INFO  ozone.MiniOzoneClusterImpl (MiniOzoneClusterImpl.java:lambda$waitForClusterToBeReady$0(219)) - Nodes are ready. Got 3 of 3 DN Heartbeats.
2022-02-12 02:10:15,841 [Listener at 127.0.0.1/37239] INFO  ozone.MiniOzoneClusterImpl (MiniOzoneClusterImpl.java:lambda$waitForClusterToBeReady$0(222)) - Waiting for cluster to exit safe mode
2022-02-12 02:10:15,841 [Listener at 127.0.0.1/37239] INFO  ozone.MiniOzoneClusterImpl (MiniOzoneClusterImpl.java:lambda$waitForClusterToBeReady$0(224)) - SCM became leader
2022-02-12 02:10:16,841 [Listener at 127.0.0.1/37239] INFO  ozone.MiniOzoneClusterImpl (MiniOzoneClusterImpl.java:lambda$waitForClusterToBeReady$0(219)) - Nodes are ready. Got 3 of 3 DN Heartbeats.
2022-02-12 02:10:16,841 [Listener at 127.0.0.1/37239] INFO  ozone.MiniOzoneClusterImpl (MiniOzoneClusterImpl.java:lambda$waitForClusterToBeReady$0(222)) - Waiting for cluster to exit safe mode
2022-02-12 02:10:16,841 [Listener at 127.0.0.1/37239] INFO  ozone.MiniOzoneClusterImpl (MiniOzoneClusterImpl.java:lambda$waitForClusterToBeReady$0(224)) - SCM became leader
2022-02-12 02:10:17,842 [Listener at 127.0.0.1/37239] INFO  ozone.MiniOzoneClusterImpl (MiniOzoneClusterImpl.java:lambda$waitForClusterToBeReady$0(219)) - Nodes are ready. Got 3 of 3 DN Heartbeats.
2022-02-12 02:10:17,842 [Listener at 127.0.0.1/37239] INFO  ozone.MiniOzoneClusterImpl (MiniOzoneClusterImpl.java:lambda$waitForClusterToBeReady$0(222)) - Waiting for cluster to exit safe mode
2022-02-12 02:10:17,842 [Listener at 127.0.0.1/37239] INFO  ozone.MiniOzoneClusterImpl (MiniOzoneClusterImpl.java:lambda$waitForClusterToBeReady$0(224)) - SCM became leader
2022-02-12 02:10:17,970 [2a7c97ff-33a0-4dd1-806d-5e334853ac69@group-D104910553C0-FollowerState] INFO  impl.FollowerState (FollowerState.java:run(134)) - 2a7c97ff-33a0-4dd1-806d-5e334853ac69@group-D104910553C0-FollowerState: change to CANDIDATE, lastRpcElapsedTime:5092612455ns, electionTimeout:5084ms
2022-02-12 02:10:17,970 [2a7c97ff-33a0-4dd1-806d-5e334853ac69@group-D104910553C0-FollowerState] INFO  impl.RoleInfo (RoleInfo.java:shutdownFollowerState(108)) - 2a7c97ff-33a0-4dd1-806d-5e334853ac69: shutdown 2a7c97ff-33a0-4dd1-806d-5e334853ac69@group-D104910553C0-FollowerState
2022-02-12 02:10:17,970 [2a7c97ff-33a0-4dd1-806d-5e334853ac69@group-D104910553C0-FollowerState] INFO  server.RaftServer$Division (RaftServerImpl.java:setRole(290)) - 2a7c97ff-33a0-4dd1-806d-5e334853ac69@group-D104910553C0: changes role from  FOLLOWER to CANDIDATE at term 0 for changeToCandidate
2022-02-12 02:10:17,971 [2a7c97ff-33a0-4dd1-806d-5e334853ac69@group-D104910553C0-FollowerState] INFO  server.RaftServerConfigKeys (ConfUtils.java:logGet(44)) - raft.server.leaderelection.pre-vote = false (custom)
2022-02-12 02:10:17,971 [2a7c97ff-33a0-4dd1-806d-5e334853ac69@group-D104910553C0-FollowerState] INFO  impl.RoleInfo (RoleInfo.java:updateAndGet(130)) - 2a7c97ff-33a0-4dd1-806d-5e334853ac69: start 2a7c97ff-33a0-4dd1-806d-5e334853ac69@group-D104910553C0-LeaderElection62
2022-02-12 02:10:18,005 [2a7c97ff-33a0-4dd1-806d-5e334853ac69@group-D104910553C0-LeaderElection62] INFO  impl.LeaderElection (LeaderElection.java:askForVotes(306)) - 2a7c97ff-33a0-4dd1-806d-5e334853ac69@group-D104910553C0-LeaderElection62 ELECTION round 0: submit vote requests at term 1 for -1: [2a7c97ff-33a0-4dd1-806d-5e334853ac69|rpc:10.1.0.17:42493|priority:1], old=null
2022-02-12 02:10:18,005 [2a7c97ff-33a0-4dd1-806d-5e334853ac69@group-D104910553C0-LeaderElection62] INFO  impl.LeaderElection (LeaderElection.java:askForVotes(308)) - 2a7c97ff-33a0-4dd1-806d-5e334853ac69@group-D104910553C0-LeaderElection62 ELECTION round 0: result PASSED (term=1)
2022-02-12 02:10:18,005 [2a7c97ff-33a0-4dd1-806d-5e334853ac69@group-D104910553C0-LeaderElection62] INFO  impl.RoleInfo (RoleInfo.java:shutdownLeaderElection(121)) - 2a7c97ff-33a0-4dd1-806d-5e334853ac69: shutdown 2a7c97ff-33a0-4dd1-806d-5e334853ac69@group-D104910553C0-LeaderElection62
2022-02-12 02:10:18,005 [2a7c97ff-33a0-4dd1-806d-5e334853ac69@group-D104910553C0-LeaderElection62] INFO  server.RaftServer$Division (RaftServerImpl.java:setRole(290)) - 2a7c97ff-33a0-4dd1-806d-5e334853ac69@group-D104910553C0: changes role from CANDIDATE to LEADER at term 1 for changeToLeader
2022-02-12 02:10:18,005 [2a7c97ff-33a0-4dd1-806d-5e334853ac69@group-D104910553C0-LeaderElection62] INFO  ratis.XceiverServerRatis (XceiverServerRatis.java:handleLeaderChangedNotification(866)) - Leader change notification received for group: group-D104910553C0 with new leaderId: 2a7c97ff-33a0-4dd1-806d-5e334853ac69
2022-02-12 02:10:18,006 [EventQueue-OpenPipelineForHealthyPipelineSafeModeRule] INFO  safemode.SCMSafeModeManager (HealthyPipelineSafeModeRule.java:process(124)) - SCM in safe mode. Healthy pipelines reported count is 0, required healthy pipeline reported count is 1
2022-02-12 02:10:18,010 [2a7c97ff-33a0-4dd1-806d-5e334853ac69@group-D104910553C0-LeaderElection62] INFO  server.RaftServer$Division (ServerState.java:setLeader(285)) - 2a7c97ff-33a0-4dd1-806d-5e334853ac69@group-D104910553C0: change Leader from null to 2a7c97ff-33a0-4dd1-806d-5e334853ac69 at term 1 for becomeLeader, leader elected after 5144ms
2022-02-12 02:10:18,010 [2a7c97ff-33a0-4dd1-806d-5e334853ac69@group-D104910553C0-LeaderElection62] INFO  server.RaftServerConfigKeys (ConfUtils.java:logGet(44)) - raft.server.staging.catchup.gap = 1000 (default)
2022-02-12 02:10:18,011 [2a7c97ff-33a0-4dd1-806d-5e334853ac69@group-D104910553C0-LeaderElection62] INFO  server.RaftServerConfigKeys (ConfUtils.java:logGet(44)) - raft.server.write.element-limit = 1024 (custom)
2022-02-12 02:10:18,011 [2a7c97ff-33a0-4dd1-806d-5e334853ac69@group-D104910553C0-LeaderElection62] INFO  server.RaftServerConfigKeys (ConfUtils.java:logGet(44)) - raft.server.write.byte-limit = 1024 M (=1073741824) (custom)
2022-02-12 02:10:18,011 [2a7c97ff-33a0-4dd1-806d-5e334853ac69@group-D104910553C0-LeaderElection62] INFO  server.RaftServerConfigKeys (ConfUtils.java:logGet(44)) - raft.server.watch.timeout = 180s (custom)
2022-02-12 02:10:18,011 [2a7c97ff-33a0-4dd1-806d-5e334853ac69@group-D104910553C0-LeaderElection62] INFO  server.RaftServerConfigKeys (ConfUtils.java:logGet(44)) - raft.server.watch.timeout.denomination = 1s (default)
2022-02-12 02:10:18,011 [2a7c97ff-33a0-4dd1-806d-5e334853ac69@group-D104910553C0-LeaderElection62] INFO  server.RaftServerConfigKeys (ConfUtils.java:logGet(44)) - raft.server.watch.element-limit = 65536 (default)
2022-02-12 02:10:18,011 [2a7c97ff-33a0-4dd1-806d-5e334853ac69@group-D104910553C0-LeaderElection62] INFO  server.RaftServerConfigKeys (ConfUtils.java:logGet(44)) - raft.server.write.element-limit = 1024 (custom)
2022-02-12 02:10:18,011 [2a7c97ff-33a0-4dd1-806d-5e334853ac69@group-D104910553C0-LeaderElection62] INFO  server.RaftServerConfigKeys (ConfUtils.java:logGet(44)) - raft.server.write.follower.gap.ratio.max = -1.0 (default)
2022-02-12 02:10:18,012 [2a7c97ff-33a0-4dd1-806d-5e334853ac69@group-D104910553C0-LeaderElection62] INFO  impl.RoleInfo (RoleInfo.java:updateAndGet(130)) - 2a7c97ff-33a0-4dd1-806d-5e334853ac69: start 2a7c97ff-33a0-4dd1-806d-5e334853ac69@group-D104910553C0-LeaderStateImpl
2022-02-12 02:10:18,012 [2a7c97ff-33a0-4dd1-806d-5e334853ac69@group-D104910553C0-LeaderElection62] INFO  segmented.SegmentedRaftLogWorker (SegmentedRaftLogWorker.java:startLogSegment(394)) - 2a7c97ff-33a0-4dd1-806d-5e334853ac69@group-D104910553C0-SegmentedRaftLogWorker: Starting segment from index:0
2022-02-12 02:10:18,012 [2a7c97ff-33a0-4dd1-806d-5e334853ac69@group-D7AE16390746-FollowerState] INFO  impl.FollowerState (FollowerState.java:run(134)) - 2a7c97ff-33a0-4dd1-806d-5e334853ac69@group-D7AE16390746-FollowerState: change to CANDIDATE, lastRpcElapsedTime:5040330227ns, electionTimeout:5039ms
2022-02-12 02:10:18,013 [2a7c97ff-33a0-4dd1-806d-5e334853ac69@group-D7AE16390746-FollowerState] INFO  impl.RoleInfo (RoleInfo.java:shutdownFollowerState(108)) - 2a7c97ff-33a0-4dd1-806d-5e334853ac69: shutdown 2a7c97ff-33a0-4dd1-806d-5e334853ac69@group-D7AE16390746-FollowerState
2022-02-12 02:10:18,013 [2a7c97ff-33a0-4dd1-806d-5e334853ac69@group-D7AE16390746-FollowerState] INFO  server.RaftServer$Division (RaftServerImpl.java:setRole(290)) - 2a7c97ff-33a0-4dd1-806d-5e334853ac69@group-D7AE16390746: changes role from  FOLLOWER to CANDIDATE at term 0 for changeToCandidate
2022-02-12 02:10:18,013 [2a7c97ff-33a0-4dd1-806d-5e334853ac69@group-D7AE16390746-FollowerState] INFO  server.RaftServerConfigKeys (ConfUtils.java:logGet(44)) - raft.server.leaderelection.pre-vote = false (custom)
2022-02-12 02:10:18,013 [2a7c97ff-33a0-4dd1-806d-5e334853ac69@group-D7AE16390746-FollowerState] INFO  impl.RoleInfo (RoleInfo.java:updateAndGet(130)) - 2a7c97ff-33a0-4dd1-806d-5e334853ac69: start 2a7c97ff-33a0-4dd1-806d-5e334853ac69@group-D7AE16390746-LeaderElection63
2022-02-12 02:10:18,013 [2a7c97ff-33a0-4dd1-806d-5e334853ac69@group-D104910553C0-SegmentedRaftLogWorker] INFO  segmented.SegmentedRaftLogWorker (SegmentedRaftLogWorker.java:execute(601)) - 2a7c97ff-33a0-4dd1-806d-5e334853ac69@group-D104910553C0-SegmentedRaftLogWorker: created new log segment /home/runner/work/ozone/ozone/hadoop-ozone/integration-test/target/test-dir/MiniOzoneClusterImpl-f86292e6-51f6-48a5-a476-e96bf2e780fe/datanode-0/data/ratis/a3c2d045-a4d2-4cbc-8838-d104910553c0/current/log_inprogress_0
2022-02-12 02:10:18,029 [2a7c97ff-33a0-4dd1-806d-5e334853ac69@group-D104910553C0-LeaderElection62] INFO  server.RaftServer$Division (ServerState.java:setRaftConf(387)) - 2a7c97ff-33a0-4dd1-806d-5e334853ac69@group-D104910553C0: set configuration 0: [2a7c97ff-33a0-4dd1-806d-5e334853ac69|rpc:10.1.0.17:42493|dataStream:|priority:1], old=null
2022-02-12 02:10:18,057 [2a7c97ff-33a0-4dd1-806d-5e334853ac69@group-D7AE16390746-LeaderElection63] INFO  impl.LeaderElection (LeaderElection.java:askForVotes(306)) - 2a7c97ff-33a0-4dd1-806d-5e334853ac69@group-D7AE16390746-LeaderElection63 ELECTION round 0: submit vote requests at term 1 for -1: [d2d0b78f-5d5f-439b-be51-19b16f7d6779|rpc:10.1.0.17:36711|priority:0, 2a7c97ff-33a0-4dd1-806d-5e334853ac69|rpc:10.1.0.17:42493|priority:0, 86bf740c-10b6-47d5-be0a-24882d6e78ed|rpc:10.1.0.17:34415|priority:1], old=null
2022-02-12 02:10:18,072 [grpc-default-executor-2] INFO  server.RaftServer$Division (RaftServerImpl.java:requestVote(1046)) - d2d0b78f-5d5f-439b-be51-19b16f7d6779@group-D7AE16390746: receive requestVote(ELECTION, 2a7c97ff-33a0-4dd1-806d-5e334853ac69, group-D7AE16390746, 1, (t:0, i:0))
2022-02-12 02:10:18,072 [grpc-default-executor-2] INFO  impl.VoteContext (VoteContext.java:log(48)) - d2d0b78f-5d5f-439b-be51-19b16f7d6779@group-D7AE16390746-FOLLOWER: accept ELECTION from 2a7c97ff-33a0-4dd1-806d-5e334853ac69: our priority 0 <= candidate's priority 0
2022-02-12 02:10:18,072 [grpc-default-executor-2] INFO  server.RaftServer$Division (RaftServerImpl.java:setRole(290)) - d2d0b78f-5d5f-439b-be51-19b16f7d6779@group-D7AE16390746: changes role from  FOLLOWER to FOLLOWER at term 1 for candidate:2a7c97ff-33a0-4dd1-806d-5e334853ac69
2022-02-12 02:10:18,073 [grpc-default-executor-2] INFO  impl.RoleInfo (RoleInfo.java:shutdownFollowerState(108)) - d2d0b78f-5d5f-439b-be51-19b16f7d6779: shutdown d2d0b78f-5d5f-439b-be51-19b16f7d6779@group-D7AE16390746-FollowerState
2022-02-12 02:10:18,073 [grpc-default-executor-2] INFO  impl.RoleInfo (RoleInfo.java:updateAndGet(130)) - d2d0b78f-5d5f-439b-be51-19b16f7d6779: start d2d0b78f-5d5f-439b-be51-19b16f7d6779@group-D7AE16390746-FollowerState
2022-02-12 02:10:18,073 [d2d0b78f-5d5f-439b-be51-19b16f7d6779@group-D7AE16390746-FollowerState] INFO  impl.FollowerState (FollowerState.java:run(143)) - d2d0b78f-5d5f-439b-be51-19b16f7d6779@group-D7AE16390746-FollowerState was interrupted: {}
java.lang.InterruptedException: sleep interrupted
	at java.lang.Thread.sleep(Native Method)
	at java.lang.Thread.sleep(Thread.java:340)
	at java.util.concurrent.TimeUnit.sleep(TimeUnit.java:386)
	at org.apache.ratis.util.TimeDuration.sleep(TimeDuration.java:324)
	at org.apache.ratis.util.TimeDuration.sleep(TimeDuration.java:309)
	at org.apache.ratis.server.impl.FollowerState.run(FollowerState.java:118)
2022-02-12 02:10:18,078 [grpc-default-executor-3] INFO  server.RaftServer$Division (RaftServerImpl.java:requestVote(1046)) - 86bf740c-10b6-47d5-be0a-24882d6e78ed@group-D7AE16390746: receive requestVote(ELECTION, 2a7c97ff-33a0-4dd1-806d-5e334853ac69, group-D7AE16390746, 1, (t:0, i:0))
2022-02-12 02:10:18,078 [grpc-default-executor-3] INFO  impl.VoteContext (VoteContext.java:log(48)) - 86bf740c-10b6-47d5-be0a-24882d6e78ed@group-D7AE16390746-FOLLOWER: reject ELECTION from 2a7c97ff-33a0-4dd1-806d-5e334853ac69: our priority 1 > candidate's priority 0
2022-02-12 02:10:18,078 [grpc-default-executor-3] INFO  server.RaftServer$Division (RaftServerImpl.java:setRole(290)) - 86bf740c-10b6-47d5-be0a-24882d6e78ed@group-D7AE16390746: changes role from  FOLLOWER to FOLLOWER at term 1 for candidate:2a7c97ff-33a0-4dd1-806d-5e334853ac69
2022-02-12 02:10:18,078 [grpc-default-executor-3] INFO  impl.RoleInfo (RoleInfo.java:shutdownFollowerState(108)) - 86bf740c-10b6-47d5-be0a-24882d6e78ed: shutdown 86bf740c-10b6-47d5-be0a-24882d6e78ed@group-D7AE16390746-FollowerState
2022-02-12 02:10:18,079 [grpc-default-executor-3] INFO  impl.RoleInfo (RoleInfo.java:updateAndGet(130)) - 86bf740c-10b6-47d5-be0a-24882d6e78ed: start 86bf740c-10b6-47d5-be0a-24882d6e78ed@group-D7AE16390746-FollowerState
2022-02-12 02:10:18,080 [86bf740c-10b6-47d5-be0a-24882d6e78ed@group-D7AE16390746-FollowerState] INFO  impl.FollowerState (FollowerState.java:run(143)) - 86bf740c-10b6-47d5-be0a-24882d6e78ed@group-D7AE16390746-FollowerState was interrupted: {}
java.lang.InterruptedException: sleep interrupted
	at java.lang.Thread.sleep(Native Method)
	at java.lang.Thread.sleep(Thread.java:340)
	at java.util.concurrent.TimeUnit.sleep(TimeUnit.java:386)
	at org.apache.ratis.util.TimeDuration.sleep(TimeDuration.java:324)
	at org.apache.ratis.util.TimeDuration.sleep(TimeDuration.java:309)
	at org.apache.ratis.server.impl.FollowerState.run(FollowerState.java:118)
2022-02-12 02:10:18,080 [grpc-default-executor-2] INFO  server.RaftServer$Division (RaftServerImpl.java:requestVote(1078)) - d2d0b78f-5d5f-439b-be51-19b16f7d6779@group-D7AE16390746 replies to ELECTION vote request: 2a7c97ff-33a0-4dd1-806d-5e334853ac69<-d2d0b78f-5d5f-439b-be51-19b16f7d6779#0:OK-t1. Peer's state: d2d0b78f-5d5f-439b-be51-19b16f7d6779@group-D7AE16390746:t1, leader=null, voted=2a7c97ff-33a0-4dd1-806d-5e334853ac69, raftlog=d2d0b78f-5d5f-439b-be51-19b16f7d6779@group-D7AE16390746-SegmentedRaftLog:OPENED:c-1, conf=-1: [d2d0b78f-5d5f-439b-be51-19b16f7d6779|rpc:10.1.0.17:36711|dataStream:|priority:0, 2a7c97ff-33a0-4dd1-806d-5e334853ac69|rpc:10.1.0.17:42493|dataStream:|priority:0, 86bf740c-10b6-47d5-be0a-24882d6e78ed|rpc:10.1.0.17:34415|dataStream:|priority:1], old=null
2022-02-12 02:10:18,085 [grpc-default-executor-3] INFO  server.RaftServer$Division (RaftServerImpl.java:requestVote(1078)) - 86bf740c-10b6-47d5-be0a-24882d6e78ed@group-D7AE16390746 replies to ELECTION vote request: 2a7c97ff-33a0-4dd1-806d-5e334853ac69<-86bf740c-10b6-47d5-be0a-24882d6e78ed#0:FAIL-t1. Peer's state: 86bf740c-10b6-47d5-be0a-24882d6e78ed@group-D7AE16390746:t1, leader=null, voted=null, raftlog=86bf740c-10b6-47d5-be0a-24882d6e78ed@group-D7AE16390746-SegmentedRaftLog:OPENED:c-1, conf=-1: [d2d0b78f-5d5f-439b-be51-19b16f7d6779|rpc:10.1.0.17:36711|dataStream:|priority:0, 2a7c97ff-33a0-4dd1-806d-5e334853ac69|rpc:10.1.0.17:42493|dataStream:|priority:0, 86bf740c-10b6-47d5-be0a-24882d6e78ed|rpc:10.1.0.17:34415|dataStream:|priority:1], old=null
2022-02-12 02:10:18,090 [2a7c97ff-33a0-4dd1-806d-5e334853ac69@group-D7AE16390746-LeaderElection63] INFO  impl.LeaderElection (LeaderElection.java:logAndReturn(89)) - 2a7c97ff-33a0-4dd1-806d-5e334853ac69@group-D7AE16390746-LeaderElection63: ELECTION REJECTED received 2 response(s) and 0 exception(s):
2022-02-12 02:10:18,090 [2a7c97ff-33a0-4dd1-806d-5e334853ac69@group-D7AE16390746-LeaderElection63] INFO  impl.LeaderElection (LeaderElection.java:logAndReturn(93)) -   Response 0: 2a7c97ff-33a0-4dd1-806d-5e334853ac69<-d2d0b78f-5d5f-439b-be51-19b16f7d6779#0:OK-t1
2022-02-12 02:10:18,090 [2a7c97ff-33a0-4dd1-806d-5e334853ac69@group-D7AE16390746-LeaderElection63] INFO  impl.LeaderElection (LeaderElection.java:logAndReturn(93)) -   Response 1: 2a7c97ff-33a0-4dd1-806d-5e334853ac69<-86bf740c-10b6-47d5-be0a-24882d6e78ed#0:FAIL-t1
2022-02-12 02:10:18,090 [2a7c97ff-33a0-4dd1-806d-5e334853ac69@group-D7AE16390746-LeaderElection63] INFO  impl.LeaderElection (LeaderElection.java:askForVotes(308)) - 2a7c97ff-33a0-4dd1-806d-5e334853ac69@group-D7AE16390746-LeaderElection63 ELECTION round 0: result REJECTED
2022-02-12 02:10:18,090 [2a7c97ff-33a0-4dd1-806d-5e334853ac69@group-D7AE16390746-LeaderElection63] INFO  server.RaftServer$Division (RaftServerImpl.java:setRole(290)) - 2a7c97ff-33a0-4dd1-806d-5e334853ac69@group-D7AE16390746: changes role from CANDIDATE to FOLLOWER at term 1 for REJECTED
2022-02-12 02:10:18,090 [2a7c97ff-33a0-4dd1-806d-5e334853ac69@group-D7AE16390746-LeaderElection63] INFO  impl.RoleInfo (RoleInfo.java:shutdownLeaderElection(121)) - 2a7c97ff-33a0-4dd1-806d-5e334853ac69: shutdown 2a7c97ff-33a0-4dd1-806d-5e334853ac69@group-D7AE16390746-LeaderElection63
2022-02-12 02:10:18,090 [2a7c97ff-33a0-4dd1-806d-5e334853ac69@group-D7AE16390746-LeaderElection63] INFO  impl.RoleInfo (RoleInfo.java:updateAndGet(130)) - 2a7c97ff-33a0-4dd1-806d-5e334853ac69: start 2a7c97ff-33a0-4dd1-806d-5e334853ac69@group-D7AE16390746-FollowerState
2022-02-12 02:10:18,335 [d2d0b78f-5d5f-439b-be51-19b16f7d6779@group-D538847D235A-FollowerState] INFO  impl.FollowerState (FollowerState.java:run(134)) - d2d0b78f-5d5f-439b-be51-19b16f7d6779@group-D538847D235A-FollowerState: change to CANDIDATE, lastRpcElapsedTime:5039760166ns, electionTimeout:5038ms
2022-02-12 02:10:18,335 [d2d0b78f-5d5f-439b-be51-19b16f7d6779@group-D538847D235A-FollowerState] INFO  impl.RoleInfo (RoleInfo.java:shutdownFollowerState(108)) - d2d0b78f-5d5f-439b-be51-19b16f7d6779: shutdown d2d0b78f-5d5f-439b-be51-19b16f7d6779@group-D538847D235A-FollowerState
2022-02-12 02:10:18,335 [d2d0b78f-5d5f-439b-be51-19b16f7d6779@group-D538847D235A-FollowerState] INFO  server.RaftServer$Division (RaftServerImpl.java:setRole(290)) - d2d0b78f-5d5f-439b-be51-19b16f7d6779@group-D538847D235A: changes role from  FOLLOWER to CANDIDATE at term 0 for changeToCandidate
2022-02-12 02:10:18,335 [d2d0b78f-5d5f-439b-be51-19b16f7d6779@group-D538847D235A-FollowerState] INFO  server.RaftServerConfigKeys (ConfUtils.java:logGet(44)) - raft.server.leaderelection.pre-vote = false (custom)
2022-02-12 02:10:18,335 [d2d0b78f-5d5f-439b-be51-19b16f7d6779@group-D538847D235A-FollowerState] INFO  impl.RoleInfo (RoleInfo.java:updateAndGet(130)) - d2d0b78f-5d5f-439b-be51-19b16f7d6779: start d2d0b78f-5d5f-439b-be51-19b16f7d6779@group-D538847D235A-LeaderElection64
2022-02-12 02:10:18,377 [d2d0b78f-5d5f-439b-be51-19b16f7d6779@group-D538847D235A-LeaderElection64] INFO  impl.LeaderElection (LeaderElection.java:askForVotes(306)) - d2d0b78f-5d5f-439b-be51-19b16f7d6779@group-D538847D235A-LeaderElection64 ELECTION round 0: submit vote requests at term 1 for -1: [d2d0b78f-5d5f-439b-be51-19b16f7d6779|rpc:10.1.0.17:36711|dataStream:|priority:0, 2a7c97ff-33a0-4dd1-806d-5e334853ac69|rpc:10.1.0.17:42493|dataStream:|priority:1, 86bf740c-10b6-47d5-be0a-24882d6e78ed|rpc:10.1.0.17:34415|dataStream:|priority:0], old=null
2022-02-12 02:10:18,383 [grpc-default-executor-3] INFO  server.RaftServer$Division (RaftServerImpl.java:requestVote(1046)) - 2a7c97ff-33a0-4dd1-806d-5e334853ac69@group-D538847D235A: receive requestVote(ELECTION, d2d0b78f-5d5f-439b-be51-19b16f7d6779, group-D538847D235A, 1, (t:0, i:0))
2022-02-12 02:10:18,383 [grpc-default-executor-3] INFO  impl.VoteContext (VoteContext.java:log(48)) - 2a7c97ff-33a0-4dd1-806d-5e334853ac69@group-D538847D235A-FOLLOWER: reject ELECTION from d2d0b78f-5d5f-439b-be51-19b16f7d6779: our priority 1 > candidate's priority 0
2022-02-12 02:10:18,383 [grpc-default-executor-3] INFO  server.RaftServer$Division (RaftServerImpl.java:setRole(290)) - 2a7c97ff-33a0-4dd1-806d-5e334853ac69@group-D538847D235A: changes role from  FOLLOWER to FOLLOWER at term 1 for candidate:d2d0b78f-5d5f-439b-be51-19b16f7d6779
2022-02-12 02:10:18,383 [grpc-default-executor-3] INFO  impl.RoleInfo (RoleInfo.java:shutdownFollowerState(108)) - 2a7c97ff-33a0-4dd1-806d-5e334853ac69: shutdown 2a7c97ff-33a0-4dd1-806d-5e334853ac69@group-D538847D235A-FollowerState
2022-02-12 02:10:18,383 [grpc-default-executor-3] INFO  impl.RoleInfo (RoleInfo.java:updateAndGet(130)) - 2a7c97ff-33a0-4dd1-806d-5e334853ac69: start 2a7c97ff-33a0-4dd1-806d-5e334853ac69@group-D538847D235A-FollowerState
2022-02-12 02:10:18,384 [2a7c97ff-33a0-4dd1-806d-5e334853ac69@group-D538847D235A-FollowerState] INFO  impl.FollowerState (FollowerState.java:run(143)) - 2a7c97ff-33a0-4dd1-806d-5e334853ac69@group-D538847D235A-FollowerState was interrupted: {}
java.lang.InterruptedException: sleep interrupted
	at java.lang.Thread.sleep(Native Method)
	at java.lang.Thread.sleep(Thread.java:340)
	at java.util.concurrent.TimeUnit.sleep(TimeUnit.java:386)
	at org.apache.ratis.util.TimeDuration.sleep(TimeDuration.java:324)
	at org.apache.ratis.util.TimeDuration.sleep(TimeDuration.java:309)
	at org.apache.ratis.server.impl.FollowerState.run(FollowerState.java:118)
2022-02-12 02:10:18,398 [grpc-default-executor-2] INFO  server.RaftServer$Division (RaftServerImpl.java:requestVote(1046)) - 86bf740c-10b6-47d5-be0a-24882d6e78ed@group-D538847D235A: receive requestVote(ELECTION, d2d0b78f-5d5f-439b-be51-19b16f7d6779, group-D538847D235A, 1, (t:0, i:0))
2022-02-12 02:10:18,398 [grpc-default-executor-2] INFO  impl.VoteContext (VoteContext.java:log(48)) - 86bf740c-10b6-47d5-be0a-24882d6e78ed@group-D538847D235A-FOLLOWER: accept ELECTION from d2d0b78f-5d5f-439b-be51-19b16f7d6779: our priority 0 <= candidate's priority 0
2022-02-12 02:10:18,398 [grpc-default-executor-2] INFO  server.RaftServer$Division (RaftServerImpl.java:setRole(290)) - 86bf740c-10b6-47d5-be0a-24882d6e78ed@group-D538847D235A: changes role from  FOLLOWER to FOLLOWER at term 1 for candidate:d2d0b78f-5d5f-439b-be51-19b16f7d6779
2022-02-12 02:10:18,398 [grpc-default-executor-2] INFO  impl.RoleInfo (RoleInfo.java:shutdownFollowerState(108)) - 86bf740c-10b6-47d5-be0a-24882d6e78ed: shutdown 86bf740c-10b6-47d5-be0a-24882d6e78ed@group-D538847D235A-FollowerState
2022-02-12 02:10:18,402 [grpc-default-executor-2] INFO  impl.RoleInfo (RoleInfo.java:updateAndGet(130)) - 86bf740c-10b6-47d5-be0a-24882d6e78ed: start 86bf740c-10b6-47d5-be0a-24882d6e78ed@group-D538847D235A-FollowerState
2022-02-12 02:10:18,403 [grpc-default-executor-3] INFO  server.RaftServer$Division (RaftServerImpl.java:requestVote(1078)) - 2a7c97ff-33a0-4dd1-806d-5e334853ac69@group-D538847D235A replies to ELECTION vote request: d2d0b78f-5d5f-439b-be51-19b16f7d6779<-2a7c97ff-33a0-4dd1-806d-5e334853ac69#0:FAIL-t1. Peer's state: 2a7c97ff-33a0-4dd1-806d-5e334853ac69@group-D538847D235A:t1, leader=null, voted=null, raftlog=2a7c97ff-33a0-4dd1-806d-5e334853ac69@group-D538847D235A-SegmentedRaftLog:OPENED:c-1, conf=-1: [d2d0b78f-5d5f-439b-be51-19b16f7d6779|rpc:10.1.0.17:36711|priority:0, 2a7c97ff-33a0-4dd1-806d-5e334853ac69|rpc:10.1.0.17:42493|priority:1, 86bf740c-10b6-47d5-be0a-24882d6e78ed|rpc:10.1.0.17:34415|priority:0], old=null
2022-02-12 02:10:18,412 [86bf740c-10b6-47d5-be0a-24882d6e78ed@group-D538847D235A-FollowerState] INFO  impl.FollowerState (FollowerState.java:run(143)) - 86bf740c-10b6-47d5-be0a-24882d6e78ed@group-D538847D235A-FollowerState was interrupted: {}
java.lang.InterruptedException: sleep interrupted
	at java.lang.Thread.sleep(Native Method)
	at java.lang.Thread.sleep(Thread.java:340)
	at java.util.concurrent.TimeUnit.sleep(TimeUnit.java:386)
	at org.apache.ratis.util.TimeDuration.sleep(TimeDuration.java:324)
	at org.apache.ratis.util.TimeDuration.sleep(TimeDuration.java:309)
	at org.apache.ratis.server.impl.FollowerState.run(FollowerState.java:118)
2022-02-12 02:10:18,423 [d2d0b78f-5d5f-439b-be51-19b16f7d6779@group-D538847D235A-LeaderElection64] INFO  impl.LeaderElection (LeaderElection.java:logAndReturn(89)) - d2d0b78f-5d5f-439b-be51-19b16f7d6779@group-D538847D235A-LeaderElection64: ELECTION REJECTED received 1 response(s) and 0 exception(s):
2022-02-12 02:10:18,423 [d2d0b78f-5d5f-439b-be51-19b16f7d6779@group-D538847D235A-LeaderElection64] INFO  impl.LeaderElection (LeaderElection.java:logAndReturn(93)) -   Response 0: d2d0b78f-5d5f-439b-be51-19b16f7d6779<-2a7c97ff-33a0-4dd1-806d-5e334853ac69#0:FAIL-t1
2022-02-12 02:10:18,423 [d2d0b78f-5d5f-439b-be51-19b16f7d6779@group-D538847D235A-LeaderElection64] INFO  impl.LeaderElection (LeaderElection.java:askForVotes(308)) - d2d0b78f-5d5f-439b-be51-19b16f7d6779@group-D538847D235A-LeaderElection64 ELECTION round 0: result REJECTED
2022-02-12 02:10:18,423 [d2d0b78f-5d5f-439b-be51-19b16f7d6779@group-D538847D235A-LeaderElection64] INFO  server.RaftServer$Division (RaftServerImpl.java:setRole(290)) - d2d0b78f-5d5f-439b-be51-19b16f7d6779@group-D538847D235A: changes role from CANDIDATE to FOLLOWER at term 1 for REJECTED
2022-02-12 02:10:18,423 [d2d0b78f-5d5f-439b-be51-19b16f7d6779@group-D538847D235A-LeaderElection64] INFO  impl.RoleInfo (RoleInfo.java:shutdownLeaderElection(121)) - d2d0b78f-5d5f-439b-be51-19b16f7d6779: shutdown d2d0b78f-5d5f-439b-be51-19b16f7d6779@group-D538847D235A-LeaderElection64
2022-02-12 02:10:18,423 [d2d0b78f-5d5f-439b-be51-19b16f7d6779@group-D538847D235A-LeaderElection64] INFO  impl.RoleInfo (RoleInfo.java:updateAndGet(130)) - d2d0b78f-5d5f-439b-be51-19b16f7d6779: start d2d0b78f-5d5f-439b-be51-19b16f7d6779@group-D538847D235A-FollowerState
2022-02-12 02:10:18,427 [d2d0b78f-5d5f-439b-be51-19b16f7d6779@group-38E7377D209A-FollowerState] INFO  impl.FollowerState (FollowerState.java:run(134)) - d2d0b78f-5d5f-439b-be51-19b16f7d6779@group-38E7377D209A-FollowerState: change to CANDIDATE, lastRpcElapsedTime:5076686863ns, electionTimeout:5046ms
2022-02-12 02:10:18,427 [d2d0b78f-5d5f-439b-be51-19b16f7d6779@group-38E7377D209A-FollowerState] INFO  impl.RoleInfo (RoleInfo.java:shutdownFollowerState(108)) - d2d0b78f-5d5f-439b-be51-19b16f7d6779: shutdown d2d0b78f-5d5f-439b-be51-19b16f7d6779@group-38E7377D209A-FollowerState
2022-02-12 02:10:18,427 [d2d0b78f-5d5f-439b-be51-19b16f7d6779@group-38E7377D209A-FollowerState] INFO  server.RaftServer$Division (RaftServerImpl.java:setRole(290)) - d2d0b78f-5d5f-439b-be51-19b16f7d6779@group-38E7377D209A: changes role from  FOLLOWER to CANDIDATE at term 0 for changeToCandidate
2022-02-12 02:10:18,444 [grpc-default-executor-2] INFO  server.RaftServer$Division (RaftServerImpl.java:requestVote(1078)) - 86bf740c-10b6-47d5-be0a-24882d6e78ed@group-D538847D235A replies to ELECTION vote request: d2d0b78f-5d5f-439b-be51-19b16f7d6779<-86bf740c-10b6-47d5-be0a-24882d6e78ed#0:OK-t1. Peer's state: 86bf740c-10b6-47d5-be0a-24882d6e78ed@group-D538847D235A:t1, leader=null, voted=d2d0b78f-5d5f-439b-be51-19b16f7d6779, raftlog=86bf740c-10b6-47d5-be0a-24882d6e78ed@group-D538847D235A-SegmentedRaftLog:OPENED:c-1, conf=-1: [d2d0b78f-5d5f-439b-be51-19b16f7d6779|rpc:10.1.0.17:36711|dataStream:|priority:0, 2a7c97ff-33a0-4dd1-806d-5e334853ac69|rpc:10.1.0.17:42493|dataStream:|priority:1, 86bf740c-10b6-47d5-be0a-24882d6e78ed|rpc:10.1.0.17:34415|dataStream:|priority:0], old=null
2022-02-12 02:10:18,444 [d2d0b78f-5d5f-439b-be51-19b16f7d6779@group-38E7377D209A-FollowerState] INFO  server.RaftServerConfigKeys (ConfUtils.java:logGet(44)) - raft.server.leaderelection.pre-vote = false (custom)
2022-02-12 02:10:18,444 [d2d0b78f-5d5f-439b-be51-19b16f7d6779@group-38E7377D209A-FollowerState] INFO  impl.RoleInfo (RoleInfo.java:updateAndGet(130)) - d2d0b78f-5d5f-439b-be51-19b16f7d6779: start d2d0b78f-5d5f-439b-be51-19b16f7d6779@group-38E7377D209A-LeaderElection65
2022-02-12 02:10:18,466 [d2d0b78f-5d5f-439b-be51-19b16f7d6779@group-38E7377D209A-LeaderElection65] INFO  impl.LeaderElection (LeaderElection.java:askForVotes(306)) - d2d0b78f-5d5f-439b-be51-19b16f7d6779@group-38E7377D209A-LeaderElection65 ELECTION round 0: submit vote requests at term 1 for -1: [d2d0b78f-5d5f-439b-be51-19b16f7d6779|rpc:10.1.0.17:36711|priority:1], old=null
2022-02-12 02:10:18,466 [d2d0b78f-5d5f-439b-be51-19b16f7d6779@group-38E7377D209A-LeaderElection65] INFO  impl.LeaderElection (LeaderElection.java:askForVotes(308)) - d2d0b78f-5d5f-439b-be51-19b16f7d6779@group-38E7377D209A-LeaderElection65 ELECTION round 0: result PASSED (term=1)
2022-02-12 02:10:18,466 [d2d0b78f-5d5f-439b-be51-19b16f7d6779@group-38E7377D209A-LeaderElection65] INFO  impl.RoleInfo (RoleInfo.java:shutdownLeaderElection(121)) - d2d0b78f-5d5f-439b-be51-19b16f7d6779: shutdown d2d0b78f-5d5f-439b-be51-19b16f7d6779@group-38E7377D209A-LeaderElection65
2022-02-12 02:10:18,466 [d2d0b78f-5d5f-439b-be51-19b16f7d6779@group-38E7377D209A-LeaderElection65] INFO  server.RaftServer$Division (RaftServerImpl.java:setRole(290)) - d2d0b78f-5d5f-439b-be51-19b16f7d6779@group-38E7377D209A: changes role from CANDIDATE to LEADER at term 1 for changeToLeader
2022-02-12 02:10:18,466 [d2d0b78f-5d5f-439b-be51-19b16f7d6779@group-38E7377D209A-LeaderElection65] INFO  ratis.XceiverServerRatis (XceiverServerRatis.java:handleLeaderChangedNotification(866)) - Leader change notification received for group: group-38E7377D209A with new leaderId: d2d0b78f-5d5f-439b-be51-19b16f7d6779
2022-02-12 02:10:18,467 [d2d0b78f-5d5f-439b-be51-19b16f7d6779@group-38E7377D209A-LeaderElection65] INFO  server.RaftServer$Division (ServerState.java:setLeader(285)) - d2d0b78f-5d5f-439b-be51-19b16f7d6779@group-38E7377D209A: change Leader from null to d2d0b78f-5d5f-439b-be51-19b16f7d6779 at term 1 for becomeLeader, leader elected after 5133ms
2022-02-12 02:10:18,467 [d2d0b78f-5d5f-439b-be51-19b16f7d6779@group-38E7377D209A-LeaderElection65] INFO  server.RaftServerConfigKeys (ConfUtils.java:logGet(44)) - raft.server.staging.catchup.gap = 1000 (default)
2022-02-12 02:10:18,467 [d2d0b78f-5d5f-439b-be51-19b16f7d6779@group-38E7377D209A-LeaderElection65] INFO  server.RaftServerConfigKeys (ConfUtils.java:logGet(44)) - raft.server.write.element-limit = 1024 (custom)
2022-02-12 02:10:18,467 [d2d0b78f-5d5f-439b-be51-19b16f7d6779@group-38E7377D209A-LeaderElection65] INFO  server.RaftServerConfigKeys (ConfUtils.java:logGet(44)) - raft.server.write.byte-limit = 1024 M (=1073741824) (custom)
2022-02-12 02:10:18,467 [d2d0b78f-5d5f-439b-be51-19b16f7d6779@group-38E7377D209A-LeaderElection65] INFO  server.RaftServerConfigKeys (ConfUtils.java:logGet(44)) - raft.server.watch.timeout = 180s (custom)
2022-02-12 02:10:18,467 [d2d0b78f-5d5f-439b-be51-19b16f7d6779@group-38E7377D209A-LeaderElection65] INFO  server.RaftServerConfigKeys (ConfUtils.java:logGet(44)) - raft.server.watch.timeout.denomination = 1s (default)
2022-02-12 02:10:18,467 [d2d0b78f-5d5f-439b-be51-19b16f7d6779@group-38E7377D209A-LeaderElection65] INFO  server.RaftServerConfigKeys (ConfUtils.java:logGet(44)) - raft.server.watch.element-limit = 65536 (default)
2022-02-12 02:10:18,467 [d2d0b78f-5d5f-439b-be51-19b16f7d6779@group-38E7377D209A-LeaderElection65] INFO  server.RaftServerConfigKeys (ConfUtils.java:logGet(44)) - raft.server.write.element-limit = 1024 (custom)
2022-02-12 02:10:18,467 [d2d0b78f-5d5f-439b-be51-19b16f7d6779@group-38E7377D209A-LeaderElection65] INFO  server.RaftServerConfigKeys (ConfUtils.java:logGet(44)) - raft.server.write.follower.gap.ratio.max = -1.0 (default)
2022-02-12 02:10:18,468 [d2d0b78f-5d5f-439b-be51-19b16f7d6779@group-38E7377D209A-LeaderElection65] INFO  impl.RoleInfo (RoleInfo.java:updateAndGet(130)) - d2d0b78f-5d5f-439b-be51-19b16f7d6779: start d2d0b78f-5d5f-439b-be51-19b16f7d6779@group-38E7377D209A-LeaderStateImpl
2022-02-12 02:10:18,468 [d2d0b78f-5d5f-439b-be51-19b16f7d6779@group-38E7377D209A-LeaderElection65] INFO  segmented.SegmentedRaftLogWorker (SegmentedRaftLogWorker.java:startLogSegment(394)) - d2d0b78f-5d5f-439b-be51-19b16f7d6779@group-38E7377D209A-SegmentedRaftLogWorker: Starting segment from index:0
2022-02-12 02:10:18,469 [d2d0b78f-5d5f-439b-be51-19b16f7d6779@group-38E7377D209A-SegmentedRaftLogWorker] INFO  segmented.SegmentedRaftLogWorker (SegmentedRaftLogWorker.java:execute(601)) - d2d0b78f-5d5f-439b-be51-19b16f7d6779@group-38E7377D209A-SegmentedRaftLogWorker: created new log segment /home/runner/work/ozone/ozone/hadoop-ozone/integration-test/target/test-dir/MiniOzoneClusterImpl-f86292e6-51f6-48a5-a476-e96bf2e780fe/datanode-1/data/ratis/6d8c11a9-8e92-4407-929c-38e7377d209a/current/log_inprogress_0
2022-02-12 02:10:18,469 [EventQueue-OpenPipelineForHealthyPipelineSafeModeRule] INFO  safemode.SCMSafeModeManager (HealthyPipelineSafeModeRule.java:process(124)) - SCM in safe mode. Healthy pipelines reported count is 0, required healthy pipeline reported count is 1
2022-02-12 02:10:18,481 [d2d0b78f-5d5f-439b-be51-19b16f7d6779@group-38E7377D209A-LeaderElection65] INFO  server.RaftServer$Division (ServerState.java:setRaftConf(387)) - d2d0b78f-5d5f-439b-be51-19b16f7d6779@group-38E7377D209A: set configuration 0: [d2d0b78f-5d5f-439b-be51-19b16f7d6779|rpc:10.1.0.17:36711|dataStream:|priority:1], old=null
2022-02-12 02:10:18,842 [Listener at 127.0.0.1/37239] INFO  ozone.MiniOzoneClusterImpl (MiniOzoneClusterImpl.java:lambda$waitForClusterToBeReady$0(219)) - Nodes are ready. Got 3 of 3 DN Heartbeats.
2022-02-12 02:10:18,842 [Listener at 127.0.0.1/37239] INFO  ozone.MiniOzoneClusterImpl (MiniOzoneClusterImpl.java:lambda$waitForClusterToBeReady$0(222)) - Waiting for cluster to exit safe mode
2022-02-12 02:10:18,842 [Listener at 127.0.0.1/37239] INFO  ozone.MiniOzoneClusterImpl (MiniOzoneClusterImpl.java:lambda$waitForClusterToBeReady$0(224)) - SCM became leader
2022-02-12 02:10:19,071 [86bf740c-10b6-47d5-be0a-24882d6e78ed@group-B73AE0E2C7C3-FollowerState] INFO  impl.FollowerState (FollowerState.java:run(134)) - 86bf740c-10b6-47d5-be0a-24882d6e78ed@group-B73AE0E2C7C3-FollowerState: change to CANDIDATE, lastRpcElapsedTime:5148561702ns, electionTimeout:5147ms
2022-02-12 02:10:19,071 [86bf740c-10b6-47d5-be0a-24882d6e78ed@group-B73AE0E2C7C3-FollowerState] INFO  impl.RoleInfo (RoleInfo.java:shutdownFollowerState(108)) - 86bf740c-10b6-47d5-be0a-24882d6e78ed: shutdown 86bf740c-10b6-47d5-be0a-24882d6e78ed@group-B73AE0E2C7C3-FollowerState
2022-02-12 02:10:19,071 [86bf740c-10b6-47d5-be0a-24882d6e78ed@group-B73AE0E2C7C3-FollowerState] INFO  server.RaftServer$Division (RaftServerImpl.java:setRole(290)) - 86bf740c-10b6-47d5-be0a-24882d6e78ed@group-B73AE0E2C7C3: changes role from  FOLLOWER to CANDIDATE at term 0 for changeToCandidate
2022-02-12 02:10:19,071 [86bf740c-10b6-47d5-be0a-24882d6e78ed@group-B73AE0E2C7C3-FollowerState] INFO  server.RaftServerConfigKeys (ConfUtils.java:logGet(44)) - raft.server.leaderelection.pre-vote = false (custom)
2022-02-12 02:10:19,071 [86bf740c-10b6-47d5-be0a-24882d6e78ed@group-B73AE0E2C7C3-FollowerState] INFO  impl.RoleInfo (RoleInfo.java:updateAndGet(130)) - 86bf740c-10b6-47d5-be0a-24882d6e78ed: start 86bf740c-10b6-47d5-be0a-24882d6e78ed@group-B73AE0E2C7C3-LeaderElection66
2022-02-12 02:10:19,091 [86bf740c-10b6-47d5-be0a-24882d6e78ed@group-B73AE0E2C7C3-LeaderElection66] INFO  impl.LeaderElection (LeaderElection.java:askForVotes(306)) - 86bf740c-10b6-47d5-be0a-24882d6e78ed@group-B73AE0E2C7C3-LeaderElection66 ELECTION round 0: submit vote requests at term 1 for -1: [86bf740c-10b6-47d5-be0a-24882d6e78ed|rpc:10.1.0.17:34415|priority:1], old=null
2022-02-12 02:10:19,091 [86bf740c-10b6-47d5-be0a-24882d6e78ed@group-B73AE0E2C7C3-LeaderElection66] INFO  impl.LeaderElection (LeaderElection.java:askForVotes(308)) - 86bf740c-10b6-47d5-be0a-24882d6e78ed@group-B73AE0E2C7C3-LeaderElection66 ELECTION round 0: result PASSED (term=1)
2022-02-12 02:10:19,091 [86bf740c-10b6-47d5-be0a-24882d6e78ed@group-B73AE0E2C7C3-LeaderElection66] INFO  impl.RoleInfo (RoleInfo.java:shutdownLeaderElection(121)) - 86bf740c-10b6-47d5-be0a-24882d6e78ed: shutdown 86bf740c-10b6-47d5-be0a-24882d6e78ed@group-B73AE0E2C7C3-LeaderElection66
2022-02-12 02:10:19,091 [86bf740c-10b6-47d5-be0a-24882d6e78ed@group-B73AE0E2C7C3-LeaderElection66] INFO  server.RaftServer$Division (RaftServerImpl.java:setRole(290)) - 86bf740c-10b6-47d5-be0a-24882d6e78ed@group-B73AE0E2C7C3: changes role from CANDIDATE to LEADER at term 1 for changeToLeader
2022-02-12 02:10:19,091 [86bf740c-10b6-47d5-be0a-24882d6e78ed@group-B73AE0E2C7C3-LeaderElection66] INFO  ratis.XceiverServerRatis (XceiverServerRatis.java:handleLeaderChangedNotification(866)) - Leader change notification received for group: group-B73AE0E2C7C3 with new leaderId: 86bf740c-10b6-47d5-be0a-24882d6e78ed
2022-02-12 02:10:19,091 [86bf740c-10b6-47d5-be0a-24882d6e78ed@group-B73AE0E2C7C3-LeaderElection66] INFO  server.RaftServer$Division (ServerState.java:setLeader(285)) - 86bf740c-10b6-47d5-be0a-24882d6e78ed@group-B73AE0E2C7C3: change Leader from null to 86bf740c-10b6-47d5-be0a-24882d6e78ed at term 1 for becomeLeader, leader elected after 5201ms
2022-02-12 02:10:19,091 [86bf740c-10b6-47d5-be0a-24882d6e78ed@group-B73AE0E2C7C3-LeaderElection66] INFO  server.RaftServerConfigKeys (ConfUtils.java:logGet(44)) - raft.server.staging.catchup.gap = 1000 (default)
2022-02-12 02:10:19,092 [EventQueue-OpenPipelineForHealthyPipelineSafeModeRule] INFO  safemode.SCMSafeModeManager (HealthyPipelineSafeModeRule.java:process(124)) - SCM in safe mode. Healthy pipelines reported count is 0, required healthy pipeline reported count is 1
2022-02-12 02:10:19,097 [86bf740c-10b6-47d5-be0a-24882d6e78ed@group-B73AE0E2C7C3-LeaderElection66] INFO  server.RaftServerConfigKeys (ConfUtils.java:logGet(44)) - raft.server.write.element-limit = 1024 (custom)
2022-02-12 02:10:19,097 [86bf740c-10b6-47d5-be0a-24882d6e78ed@group-B73AE0E2C7C3-LeaderElection66] INFO  server.RaftServerConfigKeys (ConfUtils.java:logGet(44)) - raft.server.write.byte-limit = 1024 M (=1073741824) (custom)
2022-02-12 02:10:19,098 [86bf740c-10b6-47d5-be0a-24882d6e78ed@group-B73AE0E2C7C3-LeaderElection66] INFO  server.RaftServerConfigKeys (ConfUtils.java:logGet(44)) - raft.server.watch.timeout = 180s (custom)
2022-02-12 02:10:19,098 [86bf740c-10b6-47d5-be0a-24882d6e78ed@group-B73AE0E2C7C3-LeaderElection66] INFO  server.RaftServerConfigKeys (ConfUtils.java:logGet(44)) - raft.server.watch.timeout.denomination = 1s (default)
2022-02-12 02:10:19,098 [86bf740c-10b6-47d5-be0a-24882d6e78ed@group-B73AE0E2C7C3-LeaderElection66] INFO  server.RaftServerConfigKeys (ConfUtils.java:logGet(44)) - raft.server.watch.element-limit = 65536 (default)
2022-02-12 02:10:19,098 [86bf740c-10b6-47d5-be0a-24882d6e78ed@group-B73AE0E2C7C3-LeaderElection66] INFO  server.RaftServerConfigKeys (ConfUtils.java:logGet(44)) - raft.server.write.element-limit = 1024 (custom)
2022-02-12 02:10:19,098 [86bf740c-10b6-47d5-be0a-24882d6e78ed@group-B73AE0E2C7C3-LeaderElection66] INFO  server.RaftServerConfigKeys (ConfUtils.java:logGet(44)) - raft.server.write.follower.gap.ratio.max = -1.0 (default)
2022-02-12 02:10:19,098 [86bf740c-10b6-47d5-be0a-24882d6e78ed@group-B73AE0E2C7C3-LeaderElection66] INFO  impl.RoleInfo (RoleInfo.java:updateAndGet(130)) - 86bf740c-10b6-47d5-be0a-24882d6e78ed: start 86bf740c-10b6-47d5-be0a-24882d6e78ed@group-B73AE0E2C7C3-LeaderStateImpl
2022-02-12 02:10:19,098 [86bf740c-10b6-47d5-be0a-24882d6e78ed@group-B73AE0E2C7C3-LeaderElection66] INFO  segmented.SegmentedRaftLogWorker (SegmentedRaftLogWorker.java:startLogSegment(394)) - 86bf740c-10b6-47d5-be0a-24882d6e78ed@group-B73AE0E2C7C3-SegmentedRaftLogWorker: Starting segment from index:0
2022-02-12 02:10:19,099 [86bf740c-10b6-47d5-be0a-24882d6e78ed@group-B73AE0E2C7C3-SegmentedRaftLogWorker] INFO  segmented.SegmentedRaftLogWorker (SegmentedRaftLogWorker.java:execute(601)) - 86bf740c-10b6-47d5-be0a-24882d6e78ed@group-B73AE0E2C7C3-SegmentedRaftLogWorker: created new log segment /home/runner/work/ozone/ozone/hadoop-ozone/integration-test/target/test-dir/MiniOzoneClusterImpl-f86292e6-51f6-48a5-a476-e96bf2e780fe/datanode-2/data/ratis/69d7da29-168f-46f5-8b9e-b73ae0e2c7c3/current/log_inprogress_0
2022-02-12 02:10:19,115 [86bf740c-10b6-47d5-be0a-24882d6e78ed@group-B73AE0E2C7C3-LeaderElection66] INFO  server.RaftServer$Division (ServerState.java:setRaftConf(387)) - 86bf740c-10b6-47d5-be0a-24882d6e78ed@group-B73AE0E2C7C3: set configuration 0: [86bf740c-10b6-47d5-be0a-24882d6e78ed|rpc:10.1.0.17:34415|dataStream:|priority:1], old=null
2022-02-12 02:10:19,843 [Listener at 127.0.0.1/37239] INFO  ozone.MiniOzoneClusterImpl (MiniOzoneClusterImpl.java:lambda$waitForClusterToBeReady$0(219)) - Nodes are ready. Got 3 of 3 DN Heartbeats.
2022-02-12 02:10:19,843 [Listener at 127.0.0.1/37239] INFO  ozone.MiniOzoneClusterImpl (MiniOzoneClusterImpl.java:lambda$waitForClusterToBeReady$0(222)) - Waiting for cluster to exit safe mode
2022-02-12 02:10:19,843 [Listener at 127.0.0.1/37239] INFO  ozone.MiniOzoneClusterImpl (MiniOzoneClusterImpl.java:lambda$waitForClusterToBeReady$0(224)) - SCM became leader
2022-02-12 02:10:20,843 [Listener at 127.0.0.1/37239] INFO  ozone.MiniOzoneClusterImpl (MiniOzoneClusterImpl.java:lambda$waitForClusterToBeReady$0(219)) - Nodes are ready. Got 3 of 3 DN Heartbeats.
2022-02-12 02:10:20,844 [Listener at 127.0.0.1/37239] INFO  ozone.MiniOzoneClusterImpl (MiniOzoneClusterImpl.java:lambda$waitForClusterToBeReady$0(222)) - Waiting for cluster to exit safe mode
2022-02-12 02:10:20,844 [Listener at 127.0.0.1/37239] INFO  ozone.MiniOzoneClusterImpl (MiniOzoneClusterImpl.java:lambda$waitForClusterToBeReady$0(224)) - SCM became leader
2022-02-12 02:10:21,844 [Listener at 127.0.0.1/37239] INFO  ozone.MiniOzoneClusterImpl (MiniOzoneClusterImpl.java:lambda$waitForClusterToBeReady$0(219)) - Nodes are ready. Got 3 of 3 DN Heartbeats.
2022-02-12 02:10:21,844 [Listener at 127.0.0.1/37239] INFO  ozone.MiniOzoneClusterImpl (MiniOzoneClusterImpl.java:lambda$waitForClusterToBeReady$0(222)) - Waiting for cluster to exit safe mode
2022-02-12 02:10:21,844 [Listener at 127.0.0.1/37239] INFO  ozone.MiniOzoneClusterImpl (MiniOzoneClusterImpl.java:lambda$waitForClusterToBeReady$0(224)) - SCM became leader
2022-02-12 02:10:22,844 [Listener at 127.0.0.1/37239] INFO  ozone.MiniOzoneClusterImpl (MiniOzoneClusterImpl.java:lambda$waitForClusterToBeReady$0(219)) - Nodes are ready. Got 3 of 3 DN Heartbeats.
2022-02-12 02:10:22,845 [Listener at 127.0.0.1/37239] INFO  ozone.MiniOzoneClusterImpl (MiniOzoneClusterImpl.java:lambda$waitForClusterToBeReady$0(222)) - Waiting for cluster to exit safe mode
2022-02-12 02:10:22,845 [Listener at 127.0.0.1/37239] INFO  ozone.MiniOzoneClusterImpl (MiniOzoneClusterImpl.java:lambda$waitForClusterToBeReady$0(224)) - SCM became leader
2022-02-12 02:10:23,125 [2a7c97ff-33a0-4dd1-806d-5e334853ac69@group-D7AE16390746-FollowerState] INFO  impl.FollowerState (FollowerState.java:run(134)) - 2a7c97ff-33a0-4dd1-806d-5e334853ac69@group-D7AE16390746-FollowerState: change to CANDIDATE, lastRpcElapsedTime:5035323203ns, electionTimeout:5032ms
2022-02-12 02:10:23,126 [2a7c97ff-33a0-4dd1-806d-5e334853ac69@group-D7AE16390746-FollowerState] INFO  impl.RoleInfo (RoleInfo.java:shutdownFollowerState(108)) - 2a7c97ff-33a0-4dd1-806d-5e334853ac69: shutdown 2a7c97ff-33a0-4dd1-806d-5e334853ac69@group-D7AE16390746-FollowerState
2022-02-12 02:10:23,126 [2a7c97ff-33a0-4dd1-806d-5e334853ac69@group-D7AE16390746-FollowerState] INFO  server.RaftServer$Division (RaftServerImpl.java:setRole(290)) - 2a7c97ff-33a0-4dd1-806d-5e334853ac69@group-D7AE16390746: changes role from  FOLLOWER to CANDIDATE at term 1 for changeToCandidate
2022-02-12 02:10:23,126 [2a7c97ff-33a0-4dd1-806d-5e334853ac69@group-D7AE16390746-FollowerState] INFO  server.RaftServerConfigKeys (ConfUtils.java:logGet(44)) - raft.server.leaderelection.pre-vote = false (custom)
2022-02-12 02:10:23,126 [2a7c97ff-33a0-4dd1-806d-5e334853ac69@group-D7AE16390746-FollowerState] INFO  impl.RoleInfo (RoleInfo.java:updateAndGet(130)) - 2a7c97ff-33a0-4dd1-806d-5e334853ac69: start 2a7c97ff-33a0-4dd1-806d-5e334853ac69@group-D7AE16390746-LeaderElection67
2022-02-12 02:10:23,141 [2a7c97ff-33a0-4dd1-806d-5e334853ac69@group-D7AE16390746-LeaderElection67] INFO  impl.LeaderElection (LeaderElection.java:askForVotes(306)) - 2a7c97ff-33a0-4dd1-806d-5e334853ac69@group-D7AE16390746-LeaderElection67 ELECTION round 0: submit vote requests at term 2 for -1: [d2d0b78f-5d5f-439b-be51-19b16f7d6779|rpc:10.1.0.17:36711|priority:0, 2a7c97ff-33a0-4dd1-806d-5e334853ac69|rpc:10.1.0.17:42493|priority:0, 86bf740c-10b6-47d5-be0a-24882d6e78ed|rpc:10.1.0.17:34415|priority:1], old=null
2022-02-12 02:10:23,149 [grpc-default-executor-3] INFO  server.RaftServer$Division (RaftServerImpl.java:requestVote(1046)) - d2d0b78f-5d5f-439b-be51-19b16f7d6779@group-D7AE16390746: receive requestVote(ELECTION, 2a7c97ff-33a0-4dd1-806d-5e334853ac69, group-D7AE16390746, 2, (t:0, i:0))
2022-02-12 02:10:23,152 [grpc-default-executor-3] INFO  impl.VoteContext (VoteContext.java:log(48)) - d2d0b78f-5d5f-439b-be51-19b16f7d6779@group-D7AE16390746-FOLLOWER: accept ELECTION from 2a7c97ff-33a0-4dd1-806d-5e334853ac69: our priority 0 <= candidate's priority 0
2022-02-12 02:10:23,152 [grpc-default-executor-3] INFO  server.RaftServer$Division (RaftServerImpl.java:setRole(290)) - d2d0b78f-5d5f-439b-be51-19b16f7d6779@group-D7AE16390746: changes role from  FOLLOWER to FOLLOWER at term 2 for candidate:2a7c97ff-33a0-4dd1-806d-5e334853ac69
2022-02-12 02:10:23,152 [grpc-default-executor-3] INFO  impl.RoleInfo (RoleInfo.java:shutdownFollowerState(108)) - d2d0b78f-5d5f-439b-be51-19b16f7d6779: shutdown d2d0b78f-5d5f-439b-be51-19b16f7d6779@group-D7AE16390746-FollowerState
2022-02-12 02:10:23,152 [grpc-default-executor-3] INFO  impl.RoleInfo (RoleInfo.java:updateAndGet(130)) - d2d0b78f-5d5f-439b-be51-19b16f7d6779: start d2d0b78f-5d5f-439b-be51-19b16f7d6779@group-D7AE16390746-FollowerState
2022-02-12 02:10:23,153 [d2d0b78f-5d5f-439b-be51-19b16f7d6779@group-D7AE16390746-FollowerState] INFO  impl.FollowerState (FollowerState.java:run(143)) - d2d0b78f-5d5f-439b-be51-19b16f7d6779@group-D7AE16390746-FollowerState was interrupted: {}
java.lang.InterruptedException: sleep interrupted
	at java.lang.Thread.sleep(Native Method)
	at java.lang.Thread.sleep(Thread.java:340)
	at java.util.concurrent.TimeUnit.sleep(TimeUnit.java:386)
	at org.apache.ratis.util.TimeDuration.sleep(TimeDuration.java:324)
	at org.apache.ratis.util.TimeDuration.sleep(TimeDuration.java:309)
	at org.apache.ratis.server.impl.FollowerState.run(FollowerState.java:118)
2022-02-12 02:10:23,154 [grpc-default-executor-3] INFO  server.RaftServer$Division (RaftServerImpl.java:requestVote(1078)) - d2d0b78f-5d5f-439b-be51-19b16f7d6779@group-D7AE16390746 replies to ELECTION vote request: 2a7c97ff-33a0-4dd1-806d-5e334853ac69<-d2d0b78f-5d5f-439b-be51-19b16f7d6779#0:OK-t2. Peer's state: d2d0b78f-5d5f-439b-be51-19b16f7d6779@group-D7AE16390746:t2, leader=null, voted=2a7c97ff-33a0-4dd1-806d-5e334853ac69, raftlog=d2d0b78f-5d5f-439b-be51-19b16f7d6779@group-D7AE16390746-SegmentedRaftLog:OPENED:c-1, conf=-1: [d2d0b78f-5d5f-439b-be51-19b16f7d6779|rpc:10.1.0.17:36711|dataStream:|priority:0, 2a7c97ff-33a0-4dd1-806d-5e334853ac69|rpc:10.1.0.17:42493|dataStream:|priority:0, 86bf740c-10b6-47d5-be0a-24882d6e78ed|rpc:10.1.0.17:34415|dataStream:|priority:1], old=null
2022-02-12 02:10:23,160 [grpc-default-executor-2] INFO  server.RaftServer$Division (RaftServerImpl.java:requestVote(1046)) - 86bf740c-10b6-47d5-be0a-24882d6e78ed@group-D7AE16390746: receive requestVote(ELECTION, 2a7c97ff-33a0-4dd1-806d-5e334853ac69, group-D7AE16390746, 2, (t:0, i:0))
2022-02-12 02:10:23,160 [grpc-default-executor-2] INFO  impl.VoteContext (VoteContext.java:log(48)) - 86bf740c-10b6-47d5-be0a-24882d6e78ed@group-D7AE16390746-FOLLOWER: reject ELECTION from 2a7c97ff-33a0-4dd1-806d-5e334853ac69: our priority 1 > candidate's priority 0
2022-02-12 02:10:23,160 [grpc-default-executor-2] INFO  server.RaftServer$Division (RaftServerImpl.java:setRole(290)) - 86bf740c-10b6-47d5-be0a-24882d6e78ed@group-D7AE16390746: changes role from  FOLLOWER to FOLLOWER at term 2 for candidate:2a7c97ff-33a0-4dd1-806d-5e334853ac69
2022-02-12 02:10:23,160 [grpc-default-executor-2] INFO  impl.RoleInfo (RoleInfo.java:shutdownFollowerState(108)) - 86bf740c-10b6-47d5-be0a-24882d6e78ed: shutdown 86bf740c-10b6-47d5-be0a-24882d6e78ed@group-D7AE16390746-FollowerState
2022-02-12 02:10:23,160 [grpc-default-executor-2] INFO  impl.RoleInfo (RoleInfo.java:updateAndGet(130)) - 86bf740c-10b6-47d5-be0a-24882d6e78ed: start 86bf740c-10b6-47d5-be0a-24882d6e78ed@group-D7AE16390746-FollowerState
2022-02-12 02:10:23,160 [86bf740c-10b6-47d5-be0a-24882d6e78ed@group-D7AE16390746-FollowerState] INFO  impl.FollowerState (FollowerState.java:run(143)) - 86bf740c-10b6-47d5-be0a-24882d6e78ed@group-D7AE16390746-FollowerState was interrupted: {}
java.lang.InterruptedException: sleep interrupted
	at java.lang.Thread.sleep(Native Method)
	at java.lang.Thread.sleep(Thread.java:340)
	at java.util.concurrent.TimeUnit.sleep(TimeUnit.java:386)
	at org.apache.ratis.util.TimeDuration.sleep(TimeDuration.java:324)
	at org.apache.ratis.util.TimeDuration.sleep(TimeDuration.java:309)
	at org.apache.ratis.server.impl.FollowerState.run(FollowerState.java:118)
2022-02-12 02:10:23,181 [grpc-default-executor-2] INFO  server.RaftServer$Division (RaftServerImpl.java:requestVote(1078)) - 86bf740c-10b6-47d5-be0a-24882d6e78ed@group-D7AE16390746 replies to ELECTION vote request: 2a7c97ff-33a0-4dd1-806d-5e334853ac69<-86bf740c-10b6-47d5-be0a-24882d6e78ed#0:FAIL-t2. Peer's state: 86bf740c-10b6-47d5-be0a-24882d6e78ed@group-D7AE16390746:t2, leader=null, voted=null, raftlog=86bf740c-10b6-47d5-be0a-24882d6e78ed@group-D7AE16390746-SegmentedRaftLog:OPENED:c-1, conf=-1: [d2d0b78f-5d5f-439b-be51-19b16f7d6779|rpc:10.1.0.17:36711|dataStream:|priority:0, 2a7c97ff-33a0-4dd1-806d-5e334853ac69|rpc:10.1.0.17:42493|dataStream:|priority:0, 86bf740c-10b6-47d5-be0a-24882d6e78ed|rpc:10.1.0.17:34415|dataStream:|priority:1], old=null
2022-02-12 02:10:23,184 [2a7c97ff-33a0-4dd1-806d-5e334853ac69@group-D7AE16390746-LeaderElection67] INFO  impl.LeaderElection (LeaderElection.java:logAndReturn(89)) - 2a7c97ff-33a0-4dd1-806d-5e334853ac69@group-D7AE16390746-LeaderElection67: ELECTION REJECTED received 2 response(s) and 0 exception(s):
2022-02-12 02:10:23,184 [2a7c97ff-33a0-4dd1-806d-5e334853ac69@group-D7AE16390746-LeaderElection67] INFO  impl.LeaderElection (LeaderElection.java:logAndReturn(93)) -   Response 0: 2a7c97ff-33a0-4dd1-806d-5e334853ac69<-d2d0b78f-5d5f-439b-be51-19b16f7d6779#0:OK-t2
2022-02-12 02:10:23,184 [2a7c97ff-33a0-4dd1-806d-5e334853ac69@group-D7AE16390746-LeaderElection67] INFO  impl.LeaderElection (LeaderElection.java:logAndReturn(93)) -   Response 1: 2a7c97ff-33a0-4dd1-806d-5e334853ac69<-86bf740c-10b6-47d5-be0a-24882d6e78ed#0:FAIL-t2
2022-02-12 02:10:23,184 [2a7c97ff-33a0-4dd1-806d-5e334853ac69@group-D7AE16390746-LeaderElection67] INFO  impl.LeaderElection (LeaderElection.java:askForVotes(308)) - 2a7c97ff-33a0-4dd1-806d-5e334853ac69@group-D7AE16390746-LeaderElection67 ELECTION round 0: result REJECTED
2022-02-12 02:10:23,184 [2a7c97ff-33a0-4dd1-806d-5e334853ac69@group-D7AE16390746-LeaderElection67] INFO  server.RaftServer$Division (RaftServerImpl.java:setRole(290)) - 2a7c97ff-33a0-4dd1-806d-5e334853ac69@group-D7AE16390746: changes role from CANDIDATE to FOLLOWER at term 2 for REJECTED
2022-02-12 02:10:23,184 [2a7c97ff-33a0-4dd1-806d-5e334853ac69@group-D7AE16390746-LeaderElection67] INFO  impl.RoleInfo (RoleInfo.java:shutdownLeaderElection(121)) - 2a7c97ff-33a0-4dd1-806d-5e334853ac69: shutdown 2a7c97ff-33a0-4dd1-806d-5e334853ac69@group-D7AE16390746-LeaderElection67
2022-02-12 02:10:23,184 [2a7c97ff-33a0-4dd1-806d-5e334853ac69@group-D7AE16390746-LeaderElection67] INFO  impl.RoleInfo (RoleInfo.java:updateAndGet(130)) - 2a7c97ff-33a0-4dd1-806d-5e334853ac69: start 2a7c97ff-33a0-4dd1-806d-5e334853ac69@group-D7AE16390746-FollowerState
2022-02-12 02:10:23,444 [2a7c97ff-33a0-4dd1-806d-5e334853ac69@group-D538847D235A-FollowerState] INFO  impl.FollowerState (FollowerState.java:run(134)) - 2a7c97ff-33a0-4dd1-806d-5e334853ac69@group-D538847D235A-FollowerState: change to CANDIDATE, lastRpcElapsedTime:5061370030ns, electionTimeout:5042ms
2022-02-12 02:10:23,445 [2a7c97ff-33a0-4dd1-806d-5e334853ac69@group-D538847D235A-FollowerState] INFO  impl.RoleInfo (RoleInfo.java:shutdownFollowerState(108)) - 2a7c97ff-33a0-4dd1-806d-5e334853ac69: shutdown 2a7c97ff-33a0-4dd1-806d-5e334853ac69@group-D538847D235A-FollowerState
2022-02-12 02:10:23,445 [2a7c97ff-33a0-4dd1-806d-5e334853ac69@group-D538847D235A-FollowerState] INFO  server.RaftServer$Division (RaftServerImpl.java:setRole(290)) - 2a7c97ff-33a0-4dd1-806d-5e334853ac69@group-D538847D235A: changes role from  FOLLOWER to CANDIDATE at term 1 for changeToCandidate
2022-02-12 02:10:23,445 [2a7c97ff-33a0-4dd1-806d-5e334853ac69@group-D538847D235A-FollowerState] INFO  server.RaftServerConfigKeys (ConfUtils.java:logGet(44)) - raft.server.leaderelection.pre-vote = false (custom)
2022-02-12 02:10:23,445 [2a7c97ff-33a0-4dd1-806d-5e334853ac69@group-D538847D235A-FollowerState] INFO  impl.RoleInfo (RoleInfo.java:updateAndGet(130)) - 2a7c97ff-33a0-4dd1-806d-5e334853ac69: start 2a7c97ff-33a0-4dd1-806d-5e334853ac69@group-D538847D235A-LeaderElection68
2022-02-12 02:10:23,483 [2a7c97ff-33a0-4dd1-806d-5e334853ac69@group-D538847D235A-LeaderElection68] INFO  impl.LeaderElection (LeaderElection.java:askForVotes(306)) - 2a7c97ff-33a0-4dd1-806d-5e334853ac69@group-D538847D235A-LeaderElection68 ELECTION round 0: submit vote requests at term 2 for -1: [d2d0b78f-5d5f-439b-be51-19b16f7d6779|rpc:10.1.0.17:36711|priority:0, 2a7c97ff-33a0-4dd1-806d-5e334853ac69|rpc:10.1.0.17:42493|priority:1, 86bf740c-10b6-47d5-be0a-24882d6e78ed|rpc:10.1.0.17:34415|priority:0], old=null
2022-02-12 02:10:23,487 [grpc-default-executor-2] INFO  server.RaftServer$Division (RaftServerImpl.java:requestVote(1046)) - d2d0b78f-5d5f-439b-be51-19b16f7d6779@group-D538847D235A: receive requestVote(ELECTION, 2a7c97ff-33a0-4dd1-806d-5e334853ac69, group-D538847D235A, 2, (t:0, i:0))
2022-02-12 02:10:23,487 [grpc-default-executor-2] INFO  impl.VoteContext (VoteContext.java:log(48)) - d2d0b78f-5d5f-439b-be51-19b16f7d6779@group-D538847D235A-FOLLOWER: accept ELECTION from 2a7c97ff-33a0-4dd1-806d-5e334853ac69: our priority 0 <= candidate's priority 1
2022-02-12 02:10:23,487 [grpc-default-executor-2] INFO  server.RaftServer$Division (RaftServerImpl.java:setRole(290)) - d2d0b78f-5d5f-439b-be51-19b16f7d6779@group-D538847D235A: changes role from  FOLLOWER to FOLLOWER at term 2 for candidate:2a7c97ff-33a0-4dd1-806d-5e334853ac69
2022-02-12 02:10:23,487 [grpc-default-executor-2] INFO  impl.RoleInfo (RoleInfo.java:shutdownFollowerState(108)) - d2d0b78f-5d5f-439b-be51-19b16f7d6779: shutdown d2d0b78f-5d5f-439b-be51-19b16f7d6779@group-D538847D235A-FollowerState
2022-02-12 02:10:23,487 [grpc-default-executor-2] INFO  impl.RoleInfo (RoleInfo.java:updateAndGet(130)) - d2d0b78f-5d5f-439b-be51-19b16f7d6779: start d2d0b78f-5d5f-439b-be51-19b16f7d6779@group-D538847D235A-FollowerState
2022-02-12 02:10:23,488 [d2d0b78f-5d5f-439b-be51-19b16f7d6779@group-D538847D235A-FollowerState] INFO  impl.FollowerState (FollowerState.java:run(143)) - d2d0b78f-5d5f-439b-be51-19b16f7d6779@group-D538847D235A-FollowerState was interrupted: {}
java.lang.InterruptedException: sleep interrupted
	at java.lang.Thread.sleep(Native Method)
	at java.lang.Thread.sleep(Thread.java:340)
	at java.util.concurrent.TimeUnit.sleep(TimeUnit.java:386)
	at org.apache.ratis.util.TimeDuration.sleep(TimeDuration.java:324)
	at org.apache.ratis.util.TimeDuration.sleep(TimeDuration.java:309)
	at org.apache.ratis.server.impl.FollowerState.run(FollowerState.java:118)
2022-02-12 02:10:23,500 [grpc-default-executor-2] INFO  server.RaftServer$Division (RaftServerImpl.java:requestVote(1078)) - d2d0b78f-5d5f-439b-be51-19b16f7d6779@group-D538847D235A replies to ELECTION vote request: 2a7c97ff-33a0-4dd1-806d-5e334853ac69<-d2d0b78f-5d5f-439b-be51-19b16f7d6779#0:OK-t2. Peer's state: d2d0b78f-5d5f-439b-be51-19b16f7d6779@group-D538847D235A:t2, leader=null, voted=2a7c97ff-33a0-4dd1-806d-5e334853ac69, raftlog=d2d0b78f-5d5f-439b-be51-19b16f7d6779@group-D538847D235A-SegmentedRaftLog:OPENED:c-1, conf=-1: [d2d0b78f-5d5f-439b-be51-19b16f7d6779|rpc:10.1.0.17:36711|dataStream:|priority:0, 2a7c97ff-33a0-4dd1-806d-5e334853ac69|rpc:10.1.0.17:42493|dataStream:|priority:1, 86bf740c-10b6-47d5-be0a-24882d6e78ed|rpc:10.1.0.17:34415|dataStream:|priority:0], old=null
2022-02-12 02:10:23,503 [grpc-default-executor-3] INFO  server.RaftServer$Division (RaftServerImpl.java:requestVote(1046)) - 86bf740c-10b6-47d5-be0a-24882d6e78ed@group-D538847D235A: receive requestVote(ELECTION, 2a7c97ff-33a0-4dd1-806d-5e334853ac69, group-D538847D235A, 2, (t:0, i:0))
2022-02-12 02:10:23,504 [grpc-default-executor-3] INFO  impl.VoteContext (VoteContext.java:log(48)) - 86bf740c-10b6-47d5-be0a-24882d6e78ed@group-D538847D235A-FOLLOWER: accept ELECTION from 2a7c97ff-33a0-4dd1-806d-5e334853ac69: our priority 0 <= candidate's priority 1
2022-02-12 02:10:23,504 [grpc-default-executor-3] INFO  server.RaftServer$Division (RaftServerImpl.java:setRole(290)) - 86bf740c-10b6-47d5-be0a-24882d6e78ed@group-D538847D235A: changes role from  FOLLOWER to FOLLOWER at term 2 for candidate:2a7c97ff-33a0-4dd1-806d-5e334853ac69
2022-02-12 02:10:23,504 [grpc-default-executor-3] INFO  impl.RoleInfo (RoleInfo.java:shutdownFollowerState(108)) - 86bf740c-10b6-47d5-be0a-24882d6e78ed: shutdown 86bf740c-10b6-47d5-be0a-24882d6e78ed@group-D538847D235A-FollowerState
2022-02-12 02:10:23,504 [grpc-default-executor-3] INFO  impl.RoleInfo (RoleInfo.java:updateAndGet(130)) - 86bf740c-10b6-47d5-be0a-24882d6e78ed: start 86bf740c-10b6-47d5-be0a-24882d6e78ed@group-D538847D235A-FollowerState
2022-02-12 02:10:23,504 [2a7c97ff-33a0-4dd1-806d-5e334853ac69@group-D538847D235A-LeaderElection68] INFO  impl.LeaderElection (LeaderElection.java:logAndReturn(89)) - 2a7c97ff-33a0-4dd1-806d-5e334853ac69@group-D538847D235A-LeaderElection68: ELECTION PASSED received 1 response(s) and 0 exception(s):
2022-02-12 02:10:23,504 [2a7c97ff-33a0-4dd1-806d-5e334853ac69@group-D538847D235A-LeaderElection68] INFO  impl.LeaderElection (LeaderElection.java:logAndReturn(93)) -   Response 0: 2a7c97ff-33a0-4dd1-806d-5e334853ac69<-d2d0b78f-5d5f-439b-be51-19b16f7d6779#0:OK-t2
2022-02-12 02:10:23,506 [2a7c97ff-33a0-4dd1-806d-5e334853ac69@group-D538847D235A-LeaderElection68] INFO  impl.LeaderElection (LeaderElection.java:askForVotes(308)) - 2a7c97ff-33a0-4dd1-806d-5e334853ac69@group-D538847D235A-LeaderElection68 ELECTION round 0: result PASSED
2022-02-12 02:10:23,506 [2a7c97ff-33a0-4dd1-806d-5e334853ac69@group-D538847D235A-LeaderElection68] INFO  impl.RoleInfo (RoleInfo.java:shutdownLeaderElection(121)) - 2a7c97ff-33a0-4dd1-806d-5e334853ac69: shutdown 2a7c97ff-33a0-4dd1-806d-5e334853ac69@group-D538847D235A-LeaderElection68
2022-02-12 02:10:23,506 [2a7c97ff-33a0-4dd1-806d-5e334853ac69@group-D538847D235A-LeaderElection68] INFO  server.RaftServer$Division (RaftServerImpl.java:setRole(290)) - 2a7c97ff-33a0-4dd1-806d-5e334853ac69@group-D538847D235A: changes role from CANDIDATE to LEADER at term 2 for changeToLeader
2022-02-12 02:10:23,506 [2a7c97ff-33a0-4dd1-806d-5e334853ac69@group-D538847D235A-LeaderElection68] INFO  ratis.XceiverServerRatis (XceiverServerRatis.java:handleLeaderChangedNotification(866)) - Leader change notification received for group: group-D538847D235A with new leaderId: 2a7c97ff-33a0-4dd1-806d-5e334853ac69
2022-02-12 02:10:23,506 [2a7c97ff-33a0-4dd1-806d-5e334853ac69@group-D538847D235A-LeaderElection68] INFO  server.RaftServer$Division (ServerState.java:setLeader(285)) - 2a7c97ff-33a0-4dd1-806d-5e334853ac69@group-D538847D235A: change Leader from null to 2a7c97ff-33a0-4dd1-806d-5e334853ac69 at term 2 for becomeLeader, leader elected after 10256ms
2022-02-12 02:10:23,506 [2a7c97ff-33a0-4dd1-806d-5e334853ac69@group-D538847D235A-LeaderElection68] INFO  server.RaftServerConfigKeys (ConfUtils.java:logGet(44)) - raft.server.staging.catchup.gap = 1000 (default)
2022-02-12 02:10:23,506 [2a7c97ff-33a0-4dd1-806d-5e334853ac69@group-D538847D235A-LeaderElection68] INFO  server.RaftServerConfigKeys (ConfUtils.java:logGet(44)) - raft.server.write.element-limit = 1024 (custom)
2022-02-12 02:10:23,506 [2a7c97ff-33a0-4dd1-806d-5e334853ac69@group-D538847D235A-LeaderElection68] INFO  server.RaftServerConfigKeys (ConfUtils.java:logGet(44)) - raft.server.write.byte-limit = 1024 M (=1073741824) (custom)
2022-02-12 02:10:23,506 [2a7c97ff-33a0-4dd1-806d-5e334853ac69@group-D538847D235A-LeaderElection68] INFO  server.RaftServerConfigKeys (ConfUtils.java:logGet(44)) - raft.server.watch.timeout = 180s (custom)
2022-02-12 02:10:23,506 [2a7c97ff-33a0-4dd1-806d-5e334853ac69@group-D538847D235A-LeaderElection68] INFO  server.RaftServerConfigKeys (ConfUtils.java:logGet(44)) - raft.server.watch.timeout.denomination = 1s (default)
2022-02-12 02:10:23,507 [2a7c97ff-33a0-4dd1-806d-5e334853ac69@group-D538847D235A-LeaderElection68] INFO  server.RaftServerConfigKeys (ConfUtils.java:logGet(44)) - raft.server.watch.element-limit = 65536 (default)
2022-02-12 02:10:23,507 [2a7c97ff-33a0-4dd1-806d-5e334853ac69@group-D538847D235A-LeaderElection68] INFO  server.RaftServerConfigKeys (ConfUtils.java:logGet(44)) - raft.server.write.element-limit = 1024 (custom)
2022-02-12 02:10:23,507 [2a7c97ff-33a0-4dd1-806d-5e334853ac69@group-D538847D235A-LeaderElection68] INFO  server.RaftServerConfigKeys (ConfUtils.java:logGet(44)) - raft.server.write.follower.gap.ratio.max = -1.0 (default)
2022-02-12 02:10:23,507 [2a7c97ff-33a0-4dd1-806d-5e334853ac69@group-D538847D235A-LeaderElection68] INFO  server.RaftServerConfigKeys (ConfUtils.java:logGet(44)) - raft.server.log.appender.snapshot.chunk.size.max = 16MB (=16777216) (default)
2022-02-12 02:10:23,507 [2a7c97ff-33a0-4dd1-806d-5e334853ac69@group-D538847D235A-LeaderElection68] INFO  server.RaftServerConfigKeys (ConfUtils.java:logGet(44)) - raft.server.log.appender.buffer.byte-limit = 33554432 (custom)
2022-02-12 02:10:23,507 [2a7c97ff-33a0-4dd1-806d-5e334853ac69@group-D538847D235A-LeaderElection68] INFO  server.RaftServerConfigKeys (ConfUtils.java:logGet(44)) - raft.server.log.appender.buffer.element-limit = 1 (custom)
2022-02-12 02:10:23,507 [2a7c97ff-33a0-4dd1-806d-5e334853ac69@group-D538847D235A-LeaderElection68] INFO  grpc.GrpcConfigKeys (ConfUtils.java:logGet(44)) - raft.grpc.server.leader.outstanding.appends.max = 128 (default)
2022-02-12 02:10:23,507 [2a7c97ff-33a0-4dd1-806d-5e334853ac69@group-D538847D235A-LeaderElection68] INFO  server.RaftServerConfigKeys (ConfUtils.java:logGet(44)) - raft.server.rpc.request.timeout = 60s (custom)
2022-02-12 02:10:23,507 [2a7c97ff-33a0-4dd1-806d-5e334853ac69@group-D538847D235A-LeaderElection68] INFO  server.RaftServerConfigKeys (ConfUtils.java:logGet(44)) - raft.server.log.appender.install.snapshot.enabled = false (custom)
2022-02-12 02:10:23,509 [EventQueue-PipelineReportForPipelineReportHandler] INFO  pipeline.PipelineManagerImpl (PipelineManagerImpl.java:openPipeline(291)) - Pipeline Pipeline[ Id: b4c0c0b9-4a02-4d82-ab45-d538847d235a, Nodes: d2d0b78f-5d5f-439b-be51-19b16f7d6779{ip: 10.1.0.17, host: fv-az395-998.zfmzfyrfkyou3ow0tsr0jxwq1e.bx.internal.cloudapp.net, ports: [REPLICATION=42687, RATIS=36711, RATIS_ADMIN=36711, RATIS_SERVER=36711, STANDALONE=41083], networkLocation: /default-rack, certSerialId: null, persistedOpState: IN_SERVICE, persistedOpStateExpiryEpochSec: 0}86bf740c-10b6-47d5-be0a-24882d6e78ed{ip: 10.1.0.17, host: fv-az395-998.zfmzfyrfkyou3ow0tsr0jxwq1e.bx.internal.cloudapp.net, ports: [REPLICATION=37351, RATIS=34415, RATIS_ADMIN=34415, RATIS_SERVER=34415, STANDALONE=35495], networkLocation: /default-rack, certSerialId: null, persistedOpState: IN_SERVICE, persistedOpStateExpiryEpochSec: 0}2a7c97ff-33a0-4dd1-806d-5e334853ac69{ip: 10.1.0.17, host: fv-az395-998.zfmzfyrfkyou3ow0tsr0jxwq1e.bx.internal.cloudapp.net, ports: [REPLICATION=46579, RATIS=42493, RATIS_ADMIN=42493, RATIS_SERVER=42493, STANDALONE=41285], networkLocation: /default-rack, certSerialId: null, persistedOpState: IN_SERVICE, persistedOpStateExpiryEpochSec: 0}, ReplicationConfig: RATIS/THREE, State:ALLOCATED, leaderId:2a7c97ff-33a0-4dd1-806d-5e334853ac69, CreationTimestamp2022-02-12T02:10:10.889Z[Etc/UTC]] moved to OPEN state
2022-02-12 02:10:23,509 [EventQueue-OpenPipelineForHealthyPipelineSafeModeRule] INFO  safemode.SCMSafeModeManager (HealthyPipelineSafeModeRule.java:process(124)) - SCM in safe mode. Healthy pipelines reported count is 0, required healthy pipeline reported count is 1
2022-02-12 02:10:23,509 [2a7c97ff-33a0-4dd1-806d-5e334853ac69@group-D538847D235A-LeaderElection68] INFO  server.RaftServerConfigKeys (ConfUtils.java:logGet(44)) - raft.server.log.appender.snapshot.chunk.size.max = 16MB (=16777216) (default)
2022-02-12 02:10:23,510 [2a7c97ff-33a0-4dd1-806d-5e334853ac69@group-D538847D235A-LeaderElection68] INFO  server.RaftServerConfigKeys (ConfUtils.java:logGet(44)) - raft.server.log.appender.buffer.byte-limit = 33554432 (custom)
2022-02-12 02:10:23,510 [2a7c97ff-33a0-4dd1-806d-5e334853ac69@group-D538847D235A-LeaderElection68] INFO  server.RaftServerConfigKeys (ConfUtils.java:logGet(44)) - raft.server.log.appender.buffer.element-limit = 1 (custom)
2022-02-12 02:10:23,510 [grpc-default-executor-3] INFO  server.RaftServer$Division (RaftServerImpl.java:requestVote(1078)) - 86bf740c-10b6-47d5-be0a-24882d6e78ed@group-D538847D235A replies to ELECTION vote request: 2a7c97ff-33a0-4dd1-806d-5e334853ac69<-86bf740c-10b6-47d5-be0a-24882d6e78ed#0:OK-t2. Peer's state: 86bf740c-10b6-47d5-be0a-24882d6e78ed@group-D538847D235A:t2, leader=null, voted=2a7c97ff-33a0-4dd1-806d-5e334853ac69, raftlog=86bf740c-10b6-47d5-be0a-24882d6e78ed@group-D538847D235A-SegmentedRaftLog:OPENED:c-1, conf=-1: [d2d0b78f-5d5f-439b-be51-19b16f7d6779|rpc:10.1.0.17:36711|dataStream:|priority:0, 2a7c97ff-33a0-4dd1-806d-5e334853ac69|rpc:10.1.0.17:42493|dataStream:|priority:1, 86bf740c-10b6-47d5-be0a-24882d6e78ed|rpc:10.1.0.17:34415|dataStream:|priority:0], old=null
2022-02-12 02:10:23,511 [c467f674-5d00-4497-9e9e-a7c35f247abe@group-E96BF2E780FE-StateMachineUpdater] INFO  safemode.HealthyPipelineSafeModeRule (HealthyPipelineSafeModeRule.java:initializeRule(152)) - Refreshed total pipeline count is 1, healthy pipeline threshold count is 1
2022-02-12 02:10:23,512 [EventQueue-OpenPipelineForHealthyPipelineSafeModeRule] INFO  safemode.SCMSafeModeManager (HealthyPipelineSafeModeRule.java:process(124)) - SCM in safe mode. Healthy pipelines reported count is 1, required healthy pipeline reported count is 1
2022-02-12 02:10:23,513 [EventQueue-OpenPipelineForHealthyPipelineSafeModeRule] INFO  safemode.SCMSafeModeManager (SCMSafeModeManager.java:validateSafeModeExitRules(204)) - HealthyPipelineSafeModeRule rule is successfully validated
2022-02-12 02:10:23,513 [EventQueue-OpenPipelineForHealthyPipelineSafeModeRule] INFO  safemode.SCMSafeModeManager (SCMSafeModeManager.java:validateSafeModeExitRules(219)) - ScmSafeModeManager, all rules are successfully validated
2022-02-12 02:10:23,513 [EventQueue-OpenPipelineForHealthyPipelineSafeModeRule] INFO  safemode.SCMSafeModeManager (SCMSafeModeManager.java:exitSafeMode(248)) - SCM exiting safe mode.
2022-02-12 02:10:23,513 [EventQueue-OpenPipelineForHealthyPipelineSafeModeRule] WARN  events.EventQueue (EventQueue.java:fireEvent(194)) - No event handler registered for event TypedEvent{payloadType=SafeModeStatus, name='Safe mode status'}
2022-02-12 02:10:23,513 [EventQueue-OpenPipelineForHealthyPipelineSafeModeRule] INFO  ha.SCMContext (SCMContext.java:updateSafeModeStatus(211)) - Update SafeModeStatus from SafeModeStatus{safeModeStatus=true, preCheckPassed=true} to SafeModeStatus{safeModeStatus=false, preCheckPassed=true}.
2022-02-12 02:10:23,513 [EventQueue-OpenPipelineForHealthyPipelineSafeModeRule] INFO  container.ReplicationManager (ReplicationManager.java:notifyStatusChanged(1807)) - Service ReplicationManager transitions to RUNNING.
2022-02-12 02:10:23,511 [2a7c97ff-33a0-4dd1-806d-5e334853ac69@group-D538847D235A-LeaderElection68] INFO  grpc.GrpcConfigKeys (ConfUtils.java:logGet(44)) - raft.grpc.server.leader.outstanding.appends.max = 128 (default)
2022-02-12 02:10:23,514 [2a7c97ff-33a0-4dd1-806d-5e334853ac69@group-D538847D235A-LeaderElection68] INFO  server.RaftServerConfigKeys (ConfUtils.java:logGet(44)) - raft.server.rpc.request.timeout = 60s (custom)
2022-02-12 02:10:23,514 [2a7c97ff-33a0-4dd1-806d-5e334853ac69@group-D538847D235A-LeaderElection68] INFO  server.RaftServerConfigKeys (ConfUtils.java:logGet(44)) - raft.server.log.appender.install.snapshot.enabled = false (custom)
2022-02-12 02:10:23,514 [2a7c97ff-33a0-4dd1-806d-5e334853ac69@group-D538847D235A-LeaderElection68] INFO  impl.RoleInfo (RoleInfo.java:updateAndGet(130)) - 2a7c97ff-33a0-4dd1-806d-5e334853ac69: start 2a7c97ff-33a0-4dd1-806d-5e334853ac69@group-D538847D235A-LeaderStateImpl
2022-02-12 02:10:23,517 [2a7c97ff-33a0-4dd1-806d-5e334853ac69@group-D538847D235A-LeaderElection68] INFO  segmented.SegmentedRaftLogWorker (SegmentedRaftLogWorker.java:startLogSegment(394)) - 2a7c97ff-33a0-4dd1-806d-5e334853ac69@group-D538847D235A-SegmentedRaftLogWorker: Starting segment from index:0
2022-02-12 02:10:23,520 [86bf740c-10b6-47d5-be0a-24882d6e78ed@group-D538847D235A-FollowerState] INFO  impl.FollowerState (FollowerState.java:run(143)) - 86bf740c-10b6-47d5-be0a-24882d6e78ed@group-D538847D235A-FollowerState was interrupted: {}
java.lang.InterruptedException: sleep interrupted
	at java.lang.Thread.sleep(Native Method)
	at java.lang.Thread.sleep(Thread.java:340)
	at java.util.concurrent.TimeUnit.sleep(TimeUnit.java:386)
	at org.apache.ratis.util.TimeDuration.sleep(TimeDuration.java:324)
	at org.apache.ratis.util.TimeDuration.sleep(TimeDuration.java:309)
	at org.apache.ratis.server.impl.FollowerState.run(FollowerState.java:118)
2022-02-12 02:10:23,521 [2a7c97ff-33a0-4dd1-806d-5e334853ac69@group-D538847D235A-SegmentedRaftLogWorker] INFO  segmented.SegmentedRaftLogWorker (SegmentedRaftLogWorker.java:execute(601)) - 2a7c97ff-33a0-4dd1-806d-5e334853ac69@group-D538847D235A-SegmentedRaftLogWorker: created new log segment /home/runner/work/ozone/ozone/hadoop-ozone/integration-test/target/test-dir/MiniOzoneClusterImpl-f86292e6-51f6-48a5-a476-e96bf2e780fe/datanode-0/data/ratis/b4c0c0b9-4a02-4d82-ab45-d538847d235a/current/log_inprogress_0
2022-02-12 02:10:23,572 [grpc-default-executor-2] INFO  ratis.XceiverServerRatis (XceiverServerRatis.java:handleLeaderChangedNotification(866)) - Leader change notification received for group: group-D538847D235A with new leaderId: 2a7c97ff-33a0-4dd1-806d-5e334853ac69
2022-02-12 02:10:23,572 [grpc-default-executor-2] INFO  server.RaftServer$Division (ServerState.java:setLeader(285)) - 86bf740c-10b6-47d5-be0a-24882d6e78ed@group-D538847D235A: change Leader from null to 2a7c97ff-33a0-4dd1-806d-5e334853ac69 at term 2 for appendEntries, leader elected after 10181ms
2022-02-12 02:10:23,582 [grpc-default-executor-3] INFO  ratis.XceiverServerRatis (XceiverServerRatis.java:handleLeaderChangedNotification(866)) - Leader change notification received for group: group-D538847D235A with new leaderId: 2a7c97ff-33a0-4dd1-806d-5e334853ac69
2022-02-12 02:10:23,582 [grpc-default-executor-3] INFO  server.RaftServer$Division (ServerState.java:setLeader(285)) - d2d0b78f-5d5f-439b-be51-19b16f7d6779@group-D538847D235A: change Leader from null to 2a7c97ff-33a0-4dd1-806d-5e334853ac69 at term 2 for appendEntries, leader elected after 10294ms
2022-02-12 02:10:23,595 [2a7c97ff-33a0-4dd1-806d-5e334853ac69@group-D538847D235A-LeaderElection68] INFO  server.RaftServer$Division (ServerState.java:setRaftConf(387)) - 2a7c97ff-33a0-4dd1-806d-5e334853ac69@group-D538847D235A: set configuration 0: [d2d0b78f-5d5f-439b-be51-19b16f7d6779|rpc:10.1.0.17:36711|dataStream:|priority:0, 2a7c97ff-33a0-4dd1-806d-5e334853ac69|rpc:10.1.0.17:42493|dataStream:|priority:1, 86bf740c-10b6-47d5-be0a-24882d6e78ed|rpc:10.1.0.17:34415|dataStream:|priority:0], old=null
2022-02-12 02:10:23,595 [grpc-default-executor-4] INFO  server.RaftServer$Division (ServerState.java:setRaftConf(387)) - 86bf740c-10b6-47d5-be0a-24882d6e78ed@group-D538847D235A: set configuration 0: [d2d0b78f-5d5f-439b-be51-19b16f7d6779|rpc:10.1.0.17:36711|dataStream:|priority:0, 2a7c97ff-33a0-4dd1-806d-5e334853ac69|rpc:10.1.0.17:42493|dataStream:|priority:1, 86bf740c-10b6-47d5-be0a-24882d6e78ed|rpc:10.1.0.17:34415|dataStream:|priority:0], old=null
2022-02-12 02:10:23,596 [grpc-default-executor-3] INFO  server.RaftServer$Division (ServerState.java:setRaftConf(387)) - d2d0b78f-5d5f-439b-be51-19b16f7d6779@group-D538847D235A: set configuration 0: [d2d0b78f-5d5f-439b-be51-19b16f7d6779|rpc:10.1.0.17:36711|dataStream:|priority:0, 2a7c97ff-33a0-4dd1-806d-5e334853ac69|rpc:10.1.0.17:42493|dataStream:|priority:1, 86bf740c-10b6-47d5-be0a-24882d6e78ed|rpc:10.1.0.17:34415|dataStream:|priority:0], old=null
2022-02-12 02:10:23,596 [grpc-default-executor-4] INFO  segmented.SegmentedRaftLogWorker (SegmentedRaftLogWorker.java:startLogSegment(394)) - 86bf740c-10b6-47d5-be0a-24882d6e78ed@group-D538847D235A-SegmentedRaftLogWorker: Starting segment from index:0
2022-02-12 02:10:23,609 [grpc-default-executor-3] INFO  segmented.SegmentedRaftLogWorker (SegmentedRaftLogWorker.java:startLogSegment(394)) - d2d0b78f-5d5f-439b-be51-19b16f7d6779@group-D538847D235A-SegmentedRaftLogWorker: Starting segment from index:0
2022-02-12 02:10:23,610 [86bf740c-10b6-47d5-be0a-24882d6e78ed@group-D538847D235A-SegmentedRaftLogWorker] INFO  segmented.SegmentedRaftLogWorker (SegmentedRaftLogWorker.java:execute(601)) - 86bf740c-10b6-47d5-be0a-24882d6e78ed@group-D538847D235A-SegmentedRaftLogWorker: created new log segment /home/runner/work/ozone/ozone/hadoop-ozone/integration-test/target/test-dir/MiniOzoneClusterImpl-f86292e6-51f6-48a5-a476-e96bf2e780fe/datanode-2/data/ratis/b4c0c0b9-4a02-4d82-ab45-d538847d235a/current/log_inprogress_0
2022-02-12 02:10:23,610 [d2d0b78f-5d5f-439b-be51-19b16f7d6779@group-D538847D235A-SegmentedRaftLogWorker] INFO  segmented.SegmentedRaftLogWorker (SegmentedRaftLogWorker.java:execute(601)) - d2d0b78f-5d5f-439b-be51-19b16f7d6779@group-D538847D235A-SegmentedRaftLogWorker: created new log segment /home/runner/work/ozone/ozone/hadoop-ozone/integration-test/target/test-dir/MiniOzoneClusterImpl-f86292e6-51f6-48a5-a476-e96bf2e780fe/datanode-1/data/ratis/b4c0c0b9-4a02-4d82-ab45-d538847d235a/current/log_inprogress_0
2022-02-12 02:10:23,845 [Listener at 127.0.0.1/37239] INFO  ozone.MiniOzoneClusterImpl (MiniOzoneClusterImpl.java:lambda$waitForClusterToBeReady$0(219)) - Nodes are ready. Got 3 of 3 DN Heartbeats.
2022-02-12 02:10:23,845 [Listener at 127.0.0.1/37239] INFO  ozone.MiniOzoneClusterImpl (MiniOzoneClusterImpl.java:lambda$waitForClusterToBeReady$0(222)) - Cluster exits safe mode
2022-02-12 02:10:23,845 [Listener at 127.0.0.1/37239] INFO  ozone.MiniOzoneClusterImpl (MiniOzoneClusterImpl.java:lambda$waitForClusterToBeReady$0(224)) - SCM became leader
2022-02-12 02:10:23,863 [Listener at 127.0.0.1/37239] INFO  rpc.RpcClient (RpcClient.java:createVolume(399)) - Creating Volume: volume88465, with user96225 as owner and space quota set to -1 bytes, counts quota set to -1
2022-02-12 02:10:23,898 [OM StateMachine ApplyTransaction Thread - 0] INFO  volume.OMVolumeCreateRequest (OMVolumeCreateRequest.java:validateAndUpdateCache(195)) - created volume:volume88465 for user:user96225
2022-02-12 02:10:23,943 [Listener at 127.0.0.1/37239] INFO  rpc.RpcClient (RpcClient.java:createBucket(562)) - Creating Bucket: volume88465/bucket98007, with runner as owner and Versioning false and Storage Type set to DISK and Encryption set to false 
]]></system-out>
  </testcase>
  <testcase name="testRenameFile[3]" classname="org.apache.hadoop.fs.ozone.TestRootedOzoneFileSystem" time="0.178"/>
  <testcase name="testListStatusRootAndVolumeRecursive[3]" classname="org.apache.hadoop.fs.ozone.TestRootedOzoneFileSystem" time="1.076"/>
  <testcase name="testTempMount[3]" classname="org.apache.hadoop.fs.ozone.TestRootedOzoneFileSystem" time="0.293"/>
  <testcase name="testListStatusRootAndVolumeNonRecursive[3]" classname="org.apache.hadoop.fs.ozone.TestRootedOzoneFileSystem" time="0.536"/>
  <testcase name="testDeleteVolumeAndBucket[3]" classname="org.apache.hadoop.fs.ozone.TestRootedOzoneFileSystem" time="0.037"/>
  <testcase name="testRenameDirToItsOwnSubDir[3]" classname="org.apache.hadoop.fs.ozone.TestRootedOzoneFileSystem" time="0.059"/>
  <testcase name="testOzoneFsServiceLoader[3]" classname="org.apache.hadoop.fs.ozone.TestRootedOzoneFileSystem" time="0.098"/>
  <testcase name="testTrash[3]" classname="org.apache.hadoop.fs.ozone.TestRootedOzoneFileSystem" time="0">
    <skipped/>
  </testcase>
  <testcase name="testRenameDestinationParentDoesntExist[3]" classname="org.apache.hadoop.fs.ozone.TestRootedOzoneFileSystem" time="0.056"/>
  <testcase name="testGetFileStatusRoot[3]" classname="org.apache.hadoop.fs.ozone.TestRootedOzoneFileSystem" time="0.009"/>
  <testcase name="testCreateWithInvalidPaths[3]" classname="org.apache.hadoop.fs.ozone.TestRootedOzoneFileSystem" time="0.01"/>
  <testcase name="testDeleteEmptyVolume[3]" classname="org.apache.hadoop.fs.ozone.TestRootedOzoneFileSystem" time="0.036"/>
  <testcase name="testListStatusRootAndVolumeContinuation[3]" classname="org.apache.hadoop.fs.ozone.TestRootedOzoneFileSystem" time="1.209"/>
  <testcase name="testDeleteVolumeBucketAndKey[3]" classname="org.apache.hadoop.fs.ozone.TestRootedOzoneFileSystem" time="0.127"/>
  <testcase name="testRenameToParentDir[3]" classname="org.apache.hadoop.fs.ozone.TestRootedOzoneFileSystem" time="0.085"/>
  <testcase name="testMkdirNonExistentVolumeBucket[3]" classname="org.apache.hadoop.fs.ozone.TestRootedOzoneFileSystem" time="0.074"/>
  <testcase name="testFailToDeleteRoot[3]" classname="org.apache.hadoop.fs.ozone.TestRootedOzoneFileSystem" time="0.012"/>
  <testcase name="testListStatusOnSubDirs[3]" classname="org.apache.hadoop.fs.ozone.TestRootedOzoneFileSystem" time="0.066"/>
  <testcase name="testListStatus[3]" classname="org.apache.hadoop.fs.ozone.TestRootedOzoneFileSystem" time="0.111"/>
  <testcase name="testGetTrashRoots[3]" classname="org.apache.hadoop.fs.ozone.TestRootedOzoneFileSystem" time="0.942"/>
  <testcase name="testCreateDoesNotAddParentDirKeys[3]" classname="org.apache.hadoop.fs.ozone.TestRootedOzoneFileSystem" time="0.191"/>
  <testcase name="testMkdirNonExistentVolume[3]" classname="org.apache.hadoop.fs.ozone.TestRootedOzoneFileSystem" time="0.039"/>
  <testcase name="testDeleteCreatesFakeParentDir[3]" classname="org.apache.hadoop.fs.ozone.TestRootedOzoneFileSystem" time="0.138"/>
  <testcase name="testNonExplicitlyCreatedPathExistsAfterItsLeafsWereRemoved[3]" classname="org.apache.hadoop.fs.ozone.TestRootedOzoneFileSystem" time="0.078"/>
  <testcase name="testFileDelete[3]" classname="org.apache.hadoop.fs.ozone.TestRootedOzoneFileSystem" time="0.192"/>
  <testcase name="testRenameToTrashEnabled[3]" classname="org.apache.hadoop.fs.ozone.TestRootedOzoneFileSystem" time="0.224"/>
  <testcase name="testMkdirOnNonExistentVolumeBucketDir[3]" classname="org.apache.hadoop.fs.ozone.TestRootedOzoneFileSystem" time="0.064"/>
  <testcase name="testListStatusOnLargeDirectory[3]" classname="org.apache.hadoop.fs.ozone.TestRootedOzoneFileSystem" time="15.733"/>
  <testcase name="testRenameToDifferentBucket[3]" classname="org.apache.hadoop.fs.ozone.TestRootedOzoneFileSystem" time="0.051"/>
  <testcase name="testListStatusInBucket[3]" classname="org.apache.hadoop.fs.ozone.TestRootedOzoneFileSystem" time="0.05"/>
  <testcase name="testRenameFileToDir[3]" classname="org.apache.hadoop.fs.ozone.TestRootedOzoneFileSystem" time="0.129"/>
  <testcase name="testNonPrivilegedUserMkdirCreateBucket[4]" classname="org.apache.hadoop.fs.ozone.TestRootedOzoneFileSystem" time="0">
    <skipped message="ACL is not enabled. Skipping this test as it requires ACL to be enabled to be meaningful." type="org.junit.AssumptionViolatedException">org.junit.AssumptionViolatedException: ACL is not enabled. Skipping this test as it requires ACL to be enabled to be meaningful.
	at org.junit.Assume.assumeTrue(Assume.java:68)
	at org.apache.hadoop.fs.ozone.TestRootedOzoneFileSystem.testNonPrivilegedUserMkdirCreateBucket(TestRootedOzoneFileSystem.java:1582)
	at sun.reflect.NativeMethodAccessorImpl.invoke0(Native Method)
	at sun.reflect.NativeMethodAccessorImpl.invoke(NativeMethodAccessorImpl.java:62)
	at sun.reflect.DelegatingMethodAccessorImpl.invoke(DelegatingMethodAccessorImpl.java:43)
	at java.lang.reflect.Method.invoke(Method.java:498)
	at org.junit.runners.model.FrameworkMethod$1.runReflectiveCall(FrameworkMethod.java:59)
	at org.junit.internal.runners.model.ReflectiveCallable.run(ReflectiveCallable.java:12)
	at org.junit.runners.model.FrameworkMethod.invokeExplosively(FrameworkMethod.java:56)
	at org.junit.internal.runners.statements.InvokeMethod.evaluate(InvokeMethod.java:17)
	at org.junit.internal.runners.statements.FailOnTimeout$CallableStatement.call(FailOnTimeout.java:288)
	at org.junit.internal.runners.statements.FailOnTimeout$CallableStatement.call(FailOnTimeout.java:282)
	at java.util.concurrent.FutureTask.run(FutureTask.java:266)
	at java.lang.Thread.run(Thread.java:748)
</skipped>
    <system-out><![CDATA[2022-02-12 02:10:45,924 [Listener at 127.0.0.1/37239] INFO  ozone.MiniOzoneClusterImpl (MiniOzoneClusterImpl.java:shutdown(437)) - Shutting down the Mini Ozone Cluster
2022-02-12 02:10:45,925 [Listener at 127.0.0.1/37239] INFO  ozone.MiniOzoneClusterImpl (MiniOzoneClusterImpl.java:stop(452)) - Stopping the Mini Ozone Cluster
2022-02-12 02:10:45,925 [Listener at 127.0.0.1/37239] INFO  ozone.MiniOzoneClusterImpl (MiniOzoneClusterImpl.java:stopOM(534)) - Stopping the OzoneManager
2022-02-12 02:10:45,925 [Listener at 127.0.0.1/37239] INFO  om.OzoneManager (OzoneManager.java:stop(1893)) - om1[localhost:0]: Stopping Ozone Manager
2022-02-12 02:10:45,925 [Listener at 127.0.0.1/37239] INFO  ipc.Server (Server.java:stop(3414)) - Stopping server on 37239
2022-02-12 02:10:45,954 [IPC Server listener on 0] INFO  ipc.Server (Server.java:run(1376)) - Stopping IPC Server listener on 0
2022-02-12 02:10:45,972 [IPC Server Responder] INFO  ipc.Server (Server.java:run(1512)) - Stopping IPC Server Responder
2022-02-12 02:10:45,972 [Listener at 127.0.0.1/37239] INFO  server.RaftServer (RaftServerProxy.java:lambda$close$6(391)) - om1: close
2022-02-12 02:10:45,972 [Listener at 127.0.0.1/37239] INFO  server.RaftServer$Division (RaftServerImpl.java:lambda$close$4(412)) - om1@group-C5BA1605619E: shutdown
2022-02-12 02:10:45,973 [Listener at 127.0.0.1/37239] INFO  util.JmxRegister (JmxRegister.java:unregister(73)) - Successfully un-registered JMX Bean with object name Ratis:service=RaftServer,group=group-C5BA1605619E,id=om1
2022-02-12 02:10:45,973 [Listener at 127.0.0.1/37239] INFO  impl.RoleInfo (RoleInfo.java:shutdownLeaderState(91)) - om1: shutdown om1@group-C5BA1605619E-LeaderStateImpl
2022-02-12 02:10:45,973 [Listener at 127.0.0.1/37239] INFO  impl.PendingRequests (PendingRequests.java:sendNotLeaderResponses(282)) - om1@group-C5BA1605619E-PendingRequests: sendNotLeaderResponses
2022-02-12 02:10:45,976 [Listener at 127.0.0.1/37239] INFO  impl.StateMachineUpdater (StateMachineUpdater.java:stopAndJoin(149)) - om1@group-C5BA1605619E-StateMachineUpdater: set stopIndex = 6688
2022-02-12 02:10:45,976 [om1@group-C5BA1605619E-StateMachineUpdater] INFO  ratis.OzoneManagerStateMachine (OzoneManagerStateMachine.java:takeSnapshot(417)) - Current Snapshot Index (t:1, i:6688)
2022-02-12 02:10:45,976 [om1@group-C5BA1605619E-StateMachineUpdater] INFO  impl.StateMachineUpdater (StateMachineUpdater.java:takeSnapshot(281)) - om1@group-C5BA1605619E-StateMachineUpdater: Took a snapshot at index 6688
2022-02-12 02:10:45,976 [om1@group-C5BA1605619E-StateMachineUpdater] INFO  impl.StateMachineUpdater (StateMachineUpdater.java:lambda$new$0(89)) - om1@group-C5BA1605619E-StateMachineUpdater: snapshotIndex: updateIncreasingly -1 -> 6688
2022-02-12 02:10:45,976 [om1@group-C5BA1605619E-StateMachineUpdater] INFO  ratis.OzoneManagerStateMachine (OzoneManagerStateMachine.java:close(471)) - StateMachine has shutdown. Shutdown OzoneManager if not already shutdown.
2022-02-12 02:10:45,987 [Listener at 127.0.0.1/37239] INFO  server.RaftServer$Division (ServerState.java:close(419)) - om1@group-C5BA1605619E: closes. applyIndex: 6688
2022-02-12 02:10:45,992 [om1@group-C5BA1605619E-SegmentedRaftLogWorker] INFO  segmented.SegmentedRaftLogWorker (SegmentedRaftLogWorker.java:run(327)) - om1@group-C5BA1605619E-SegmentedRaftLogWorker was interrupted, exiting. There are 0 tasks remaining in the queue.
2022-02-12 02:10:45,993 [Listener at 127.0.0.1/37239] INFO  segmented.SegmentedRaftLogWorker (SegmentedRaftLogWorker.java:close(237)) - om1@group-C5BA1605619E-SegmentedRaftLogWorker close()
2022-02-12 02:10:45,994 [Listener at 127.0.0.1/37239] INFO  server.GrpcService (GrpcService.java:closeImpl(262)) - om1: shutdown server with port 9872 now
2022-02-12 02:10:46,006 [Listener at 127.0.0.1/37239] INFO  server.GrpcService (GrpcService.java:closeImpl(271)) - om1: shutdown server with port 9872 successfully
2022-02-12 02:10:46,006 [org.apache.ratis.util.JvmPauseMonitor$$Lambda$421/534662976@376cb3de] INFO  util.JvmPauseMonitor (JvmPauseMonitor.java:run(109)) - JvmPauseMonitor-om1: Stopped
2022-02-12 02:10:46,006 [Listener at 127.0.0.1/37239] INFO  ratis.OzoneManagerDoubleBuffer (OzoneManagerDoubleBuffer.java:stop(437)) - Stopping OMDoubleBuffer flush thread
2022-02-12 02:10:46,006 [OMDoubleBufferFlushThread] INFO  ratis.OzoneManagerDoubleBuffer (OzoneManagerDoubleBuffer.java:flushTransactions(356)) - OMDoubleBuffer flush thread OMDoubleBufferFlushThread is interrupted and will exit. OMDoubleBufferFlushThread
2022-02-12 02:10:46,016 [Listener at 127.0.0.1/37239] INFO  utils.BackgroundService (BackgroundService.java:shutdown(132)) - Shutting down service KeyDeletingService
2022-02-12 02:10:46,016 [Listener at 127.0.0.1/37239] INFO  utils.BackgroundService (BackgroundService.java:shutdown(132)) - Shutting down service DirectoryDeletingService
2022-02-12 02:10:46,017 [Listener at 127.0.0.1/37239] INFO  handler.ContextHandler (ContextHandler.java:doStop(1153)) - Stopped o.e.j.w.WebAppContext@4d132162{ozoneManager,/,null,STOPPED}{file:/home/runner/work/ozone/ozone/hadoop-ozone/integration-test/target/test-classes/webapps/ozoneManager}
2022-02-12 02:10:46,018 [Listener at 127.0.0.1/37239] INFO  server.AbstractConnector (AbstractConnector.java:doStop(381)) - Stopped ServerConnector@2fd29dd8{HTTP/1.1, (http/1.1)}{0.0.0.0:0}
2022-02-12 02:10:46,018 [Listener at 127.0.0.1/37239] INFO  server.session (HouseKeeper.java:stopScavenging(149)) - node0 Stopped scavenging
2022-02-12 02:10:46,018 [Listener at 127.0.0.1/37239] INFO  handler.ContextHandler (ContextHandler.java:doStop(1153)) - Stopped o.e.j.s.ServletContextHandler@3ef26c78{static,/static,file:///home/runner/work/ozone/ozone/hadoop-ozone/integration-test/target/test-classes/webapps/static,STOPPED}
2022-02-12 02:10:46,018 [Listener at 127.0.0.1/37239] INFO  handler.ContextHandler (ContextHandler.java:doStop(1153)) - Stopped o.e.j.s.ServletContextHandler@ae04ba5{logs,/logs,file:///home/runner/work/ozone/ozone/hadoop-ozone/integration-test/target/log,STOPPED}
2022-02-12 02:10:46,029 [Trash Emptier] ERROR om.TrashPolicyOzone (TrashPolicyOzone.java:run(251)) - Error attempting to shutdown
java.lang.InterruptedException
	at java.util.concurrent.locks.AbstractQueuedSynchronizer$ConditionObject.awaitNanos(AbstractQueuedSynchronizer.java:2067)
	at java.util.concurrent.ThreadPoolExecutor.awaitTermination(ThreadPoolExecutor.java:1475)
	at org.apache.hadoop.ozone.om.TrashPolicyOzone$Emptier.run(TrashPolicyOzone.java:249)
	at java.lang.Thread.run(Thread.java:748)
2022-02-12 02:10:46,029 [Trash Emptier] ERROR util.ExitUtils (ExitUtils.java:terminate(133)) - Terminating with exit status -1: Thread[Trash Emptier,5,main] has thrown an uncaught exception
java.lang.UnsupportedOperationException: fs.getUri() not implemented in TrashOzoneFileSystem
	at org.apache.hadoop.ozone.om.TrashOzoneFileSystem.getUri(TrashOzoneFileSystem.java:124)
	at org.apache.hadoop.fs.FileSystem.close(FileSystem.java:2592)
	at org.apache.hadoop.ozone.om.TrashPolicyOzone$Emptier.run(TrashPolicyOzone.java:243)
	at java.lang.Thread.run(Thread.java:748)
2022-02-12 02:10:46,033 [Listener at 127.0.0.1/37239] INFO  ozone.MiniOzoneClusterImpl (MiniOzoneClusterImpl.java:stopDatanodes(511)) - Stopping the HddsDatanodes
2022-02-12 02:10:51,049 [ForkJoinPool.commonPool-worker-0] INFO  ozoneimpl.OzoneContainer (OzoneContainer.java:stop(336)) - Attempting to stop container services.
2022-02-12 02:10:51,049 [Listener at 127.0.0.1/37239] INFO  ozoneimpl.OzoneContainer (OzoneContainer.java:stop(336)) - Attempting to stop container services.
2022-02-12 02:10:51,051 [ForkJoinPool.commonPool-worker-0] INFO  server.RaftServer (RaftServerProxy.java:lambda$close$6(391)) - 2a7c97ff-33a0-4dd1-806d-5e334853ac69: close
2022-02-12 02:10:51,051 [ForkJoinPool.commonPool-worker-0] INFO  server.RaftServer$Division (RaftServerImpl.java:lambda$close$4(412)) - 2a7c97ff-33a0-4dd1-806d-5e334853ac69@group-D104910553C0: shutdown
2022-02-12 02:10:51,051 [ForkJoinPool.commonPool-worker-0] INFO  util.JmxRegister (JmxRegister.java:unregister(73)) - Successfully un-registered JMX Bean with object name Ratis:service=RaftServer,group=group-D104910553C0,id=2a7c97ff-33a0-4dd1-806d-5e334853ac69
2022-02-12 02:10:51,051 [ForkJoinPool.commonPool-worker-0] INFO  impl.RoleInfo (RoleInfo.java:shutdownLeaderState(91)) - 2a7c97ff-33a0-4dd1-806d-5e334853ac69: shutdown 2a7c97ff-33a0-4dd1-806d-5e334853ac69@group-D104910553C0-LeaderStateImpl
2022-02-12 02:10:51,051 [ForkJoinPool.commonPool-worker-0] INFO  impl.PendingRequests (PendingRequests.java:sendNotLeaderResponses(282)) - 2a7c97ff-33a0-4dd1-806d-5e334853ac69@group-D104910553C0-PendingRequests: sendNotLeaderResponses
2022-02-12 02:10:51,052 [ForkJoinPool.commonPool-worker-0] INFO  impl.StateMachineUpdater (StateMachineUpdater.java:stopAndJoin(149)) - 2a7c97ff-33a0-4dd1-806d-5e334853ac69@group-D104910553C0-StateMachineUpdater: set stopIndex = 0
2022-02-12 02:10:51,052 [2a7c97ff-33a0-4dd1-806d-5e334853ac69@group-D104910553C0-StateMachineUpdater] INFO  ratis.ContainerStateMachine (ContainerStateMachine.java:takeSnapshot(299)) - group-D104910553C0: Taking a snapshot at:(t:1, i:0) file /home/runner/work/ozone/ozone/hadoop-ozone/integration-test/target/test-dir/MiniOzoneClusterImpl-f86292e6-51f6-48a5-a476-e96bf2e780fe/datanode-0/data/ratis/a3c2d045-a4d2-4cbc-8838-d104910553c0/sm/snapshot.1_0
2022-02-12 02:10:51,052 [Listener at 127.0.0.1/37239] INFO  server.RaftServer (RaftServerProxy.java:lambda$close$6(391)) - d2d0b78f-5d5f-439b-be51-19b16f7d6779: close
2022-02-12 02:10:51,053 [Listener at 127.0.0.1/37239] INFO  server.RaftServer$Division (RaftServerImpl.java:lambda$close$4(412)) - d2d0b78f-5d5f-439b-be51-19b16f7d6779@group-D7AE16390746: shutdown
2022-02-12 02:10:51,053 [Listener at 127.0.0.1/37239] INFO  util.JmxRegister (JmxRegister.java:unregister(73)) - Successfully un-registered JMX Bean with object name Ratis:service=RaftServer,group=group-D7AE16390746,id=d2d0b78f-5d5f-439b-be51-19b16f7d6779
2022-02-12 02:10:51,053 [2a7c97ff-33a0-4dd1-806d-5e334853ac69@group-D104910553C0-StateMachineUpdater] INFO  ratis.ContainerStateMachine (ContainerStateMachine.java:takeSnapshot(310)) - group-D104910553C0: Finished taking a snapshot at:(t:1, i:0) file:/home/runner/work/ozone/ozone/hadoop-ozone/integration-test/target/test-dir/MiniOzoneClusterImpl-f86292e6-51f6-48a5-a476-e96bf2e780fe/datanode-0/data/ratis/a3c2d045-a4d2-4cbc-8838-d104910553c0/sm/snapshot.1_0 took: 1 ms
2022-02-12 02:10:51,054 [2a7c97ff-33a0-4dd1-806d-5e334853ac69@group-D104910553C0-StateMachineUpdater] INFO  impl.StateMachineUpdater (StateMachineUpdater.java:takeSnapshot(281)) - 2a7c97ff-33a0-4dd1-806d-5e334853ac69@group-D104910553C0-StateMachineUpdater: Took a snapshot at index 0
2022-02-12 02:10:51,054 [2a7c97ff-33a0-4dd1-806d-5e334853ac69@group-D104910553C0-StateMachineUpdater] INFO  impl.StateMachineUpdater (StateMachineUpdater.java:lambda$new$0(89)) - 2a7c97ff-33a0-4dd1-806d-5e334853ac69@group-D104910553C0-StateMachineUpdater: snapshotIndex: updateIncreasingly -1 -> 0
2022-02-12 02:10:51,053 [Listener at 127.0.0.1/37239] INFO  impl.RoleInfo (RoleInfo.java:shutdownFollowerState(108)) - d2d0b78f-5d5f-439b-be51-19b16f7d6779: shutdown d2d0b78f-5d5f-439b-be51-19b16f7d6779@group-D7AE16390746-FollowerState
2022-02-12 02:10:51,054 [Listener at 127.0.0.1/37239] INFO  impl.StateMachineUpdater (StateMachineUpdater.java:stopAndJoin(149)) - d2d0b78f-5d5f-439b-be51-19b16f7d6779@group-D7AE16390746-StateMachineUpdater: set stopIndex = 0
2022-02-12 02:10:51,054 [d2d0b78f-5d5f-439b-be51-19b16f7d6779@group-D7AE16390746-FollowerState] INFO  impl.FollowerState (FollowerState.java:run(143)) - d2d0b78f-5d5f-439b-be51-19b16f7d6779@group-D7AE16390746-FollowerState was interrupted: {}
java.lang.InterruptedException: sleep interrupted
	at java.lang.Thread.sleep(Native Method)
	at java.lang.Thread.sleep(Thread.java:340)
	at java.util.concurrent.TimeUnit.sleep(TimeUnit.java:386)
	at org.apache.ratis.util.TimeDuration.sleep(TimeDuration.java:324)
	at org.apache.ratis.util.TimeDuration.sleep(TimeDuration.java:309)
	at org.apache.ratis.server.impl.FollowerState.run(FollowerState.java:118)
2022-02-12 02:10:51,055 [d2d0b78f-5d5f-439b-be51-19b16f7d6779@group-D7AE16390746-StateMachineUpdater] INFO  ratis.ContainerStateMachine (ContainerStateMachine.java:takeSnapshot(299)) - group-D7AE16390746: Taking a snapshot at:(t:4, i:0) file /home/runner/work/ozone/ozone/hadoop-ozone/integration-test/target/test-dir/MiniOzoneClusterImpl-f86292e6-51f6-48a5-a476-e96bf2e780fe/datanode-1/data/ratis/889fed88-7bee-4882-afe9-d7ae16390746/sm/snapshot.4_0
2022-02-12 02:10:51,056 [d2d0b78f-5d5f-439b-be51-19b16f7d6779@group-D7AE16390746-StateMachineUpdater] INFO  ratis.ContainerStateMachine (ContainerStateMachine.java:takeSnapshot(310)) - group-D7AE16390746: Finished taking a snapshot at:(t:4, i:0) file:/home/runner/work/ozone/ozone/hadoop-ozone/integration-test/target/test-dir/MiniOzoneClusterImpl-f86292e6-51f6-48a5-a476-e96bf2e780fe/datanode-1/data/ratis/889fed88-7bee-4882-afe9-d7ae16390746/sm/snapshot.4_0 took: 1 ms
2022-02-12 02:10:51,056 [d2d0b78f-5d5f-439b-be51-19b16f7d6779@group-D7AE16390746-StateMachineUpdater] INFO  impl.StateMachineUpdater (StateMachineUpdater.java:takeSnapshot(281)) - d2d0b78f-5d5f-439b-be51-19b16f7d6779@group-D7AE16390746-StateMachineUpdater: Took a snapshot at index 0
2022-02-12 02:10:51,056 [d2d0b78f-5d5f-439b-be51-19b16f7d6779@group-D7AE16390746-StateMachineUpdater] INFO  impl.StateMachineUpdater (StateMachineUpdater.java:lambda$new$0(89)) - d2d0b78f-5d5f-439b-be51-19b16f7d6779@group-D7AE16390746-StateMachineUpdater: snapshotIndex: updateIncreasingly -1 -> 0
2022-02-12 02:10:51,056 [Listener at 127.0.0.1/37239] INFO  server.RaftServer$Division (ServerState.java:close(419)) - d2d0b78f-5d5f-439b-be51-19b16f7d6779@group-D7AE16390746: closes. applyIndex: 0
2022-02-12 02:10:51,057 [ForkJoinPool.commonPool-worker-0] INFO  server.RaftServer$Division (ServerState.java:close(419)) - 2a7c97ff-33a0-4dd1-806d-5e334853ac69@group-D104910553C0: closes. applyIndex: 0
2022-02-12 02:10:51,057 [d2d0b78f-5d5f-439b-be51-19b16f7d6779@group-D7AE16390746-SegmentedRaftLogWorker] INFO  segmented.SegmentedRaftLogWorker (SegmentedRaftLogWorker.java:run(327)) - d2d0b78f-5d5f-439b-be51-19b16f7d6779@group-D7AE16390746-SegmentedRaftLogWorker was interrupted, exiting. There are 0 tasks remaining in the queue.
2022-02-12 02:10:51,059 [Listener at 127.0.0.1/37239] INFO  segmented.SegmentedRaftLogWorker (SegmentedRaftLogWorker.java:close(237)) - d2d0b78f-5d5f-439b-be51-19b16f7d6779@group-D7AE16390746-SegmentedRaftLogWorker close()
2022-02-12 02:10:51,060 [Listener at 127.0.0.1/37239] INFO  server.RaftServer$Division (RaftServerImpl.java:lambda$close$4(412)) - d2d0b78f-5d5f-439b-be51-19b16f7d6779@group-D538847D235A: shutdown
2022-02-12 02:10:51,060 [Listener at 127.0.0.1/37239] INFO  util.JmxRegister (JmxRegister.java:unregister(73)) - Successfully un-registered JMX Bean with object name Ratis:service=RaftServer,group=group-D538847D235A,id=d2d0b78f-5d5f-439b-be51-19b16f7d6779
2022-02-12 02:10:51,060 [Listener at 127.0.0.1/37239] INFO  impl.RoleInfo (RoleInfo.java:shutdownFollowerState(108)) - d2d0b78f-5d5f-439b-be51-19b16f7d6779: shutdown d2d0b78f-5d5f-439b-be51-19b16f7d6779@group-D538847D235A-FollowerState
2022-02-12 02:10:51,060 [Listener at 127.0.0.1/37239] INFO  impl.StateMachineUpdater (StateMachineUpdater.java:stopAndJoin(149)) - d2d0b78f-5d5f-439b-be51-19b16f7d6779@group-D538847D235A-StateMachineUpdater: set stopIndex = 48
2022-02-12 02:10:51,060 [d2d0b78f-5d5f-439b-be51-19b16f7d6779@group-D538847D235A-FollowerState] INFO  impl.FollowerState (FollowerState.java:run(143)) - d2d0b78f-5d5f-439b-be51-19b16f7d6779@group-D538847D235A-FollowerState was interrupted: {}
java.lang.InterruptedException: sleep interrupted
	at java.lang.Thread.sleep(Native Method)
	at java.lang.Thread.sleep(Thread.java:340)
	at java.util.concurrent.TimeUnit.sleep(TimeUnit.java:386)
	at org.apache.ratis.util.TimeDuration.sleep(TimeDuration.java:324)
	at org.apache.ratis.util.TimeDuration.sleep(TimeDuration.java:309)
	at org.apache.ratis.server.impl.FollowerState.run(FollowerState.java:118)
2022-02-12 02:10:51,061 [d2d0b78f-5d5f-439b-be51-19b16f7d6779@group-D538847D235A-StateMachineUpdater] INFO  ratis.ContainerStateMachine (ContainerStateMachine.java:takeSnapshot(299)) - group-D538847D235A: Taking a snapshot at:(t:2, i:48) file /home/runner/work/ozone/ozone/hadoop-ozone/integration-test/target/test-dir/MiniOzoneClusterImpl-f86292e6-51f6-48a5-a476-e96bf2e780fe/datanode-1/data/ratis/b4c0c0b9-4a02-4d82-ab45-d538847d235a/sm/snapshot.2_48
2022-02-12 02:10:51,072 [2a7c97ff-33a0-4dd1-806d-5e334853ac69@group-D104910553C0-SegmentedRaftLogWorker] INFO  segmented.SegmentedRaftLogWorker (SegmentedRaftLogWorker.java:run(327)) - 2a7c97ff-33a0-4dd1-806d-5e334853ac69@group-D104910553C0-SegmentedRaftLogWorker was interrupted, exiting. There are 0 tasks remaining in the queue.
2022-02-12 02:10:51,072 [ForkJoinPool.commonPool-worker-0] INFO  segmented.SegmentedRaftLogWorker (SegmentedRaftLogWorker.java:close(237)) - 2a7c97ff-33a0-4dd1-806d-5e334853ac69@group-D104910553C0-SegmentedRaftLogWorker close()
2022-02-12 02:10:51,073 [d2d0b78f-5d5f-439b-be51-19b16f7d6779@group-D538847D235A-StateMachineUpdater] INFO  ratis.ContainerStateMachine (ContainerStateMachine.java:takeSnapshot(310)) - group-D538847D235A: Finished taking a snapshot at:(t:2, i:48) file:/home/runner/work/ozone/ozone/hadoop-ozone/integration-test/target/test-dir/MiniOzoneClusterImpl-f86292e6-51f6-48a5-a476-e96bf2e780fe/datanode-1/data/ratis/b4c0c0b9-4a02-4d82-ab45-d538847d235a/sm/snapshot.2_48 took: 13 ms
2022-02-12 02:10:51,073 [ForkJoinPool.commonPool-worker-0] INFO  server.RaftServer$Division (RaftServerImpl.java:lambda$close$4(412)) - 2a7c97ff-33a0-4dd1-806d-5e334853ac69@group-D7AE16390746: shutdown
2022-02-12 02:10:51,074 [ForkJoinPool.commonPool-worker-0] INFO  util.JmxRegister (JmxRegister.java:unregister(73)) - Successfully un-registered JMX Bean with object name Ratis:service=RaftServer,group=group-D7AE16390746,id=2a7c97ff-33a0-4dd1-806d-5e334853ac69
2022-02-12 02:10:51,074 [ForkJoinPool.commonPool-worker-0] INFO  impl.RoleInfo (RoleInfo.java:shutdownFollowerState(108)) - 2a7c97ff-33a0-4dd1-806d-5e334853ac69: shutdown 2a7c97ff-33a0-4dd1-806d-5e334853ac69@group-D7AE16390746-FollowerState
2022-02-12 02:10:51,074 [d2d0b78f-5d5f-439b-be51-19b16f7d6779@group-D538847D235A-StateMachineUpdater] INFO  impl.StateMachineUpdater (StateMachineUpdater.java:takeSnapshot(281)) - d2d0b78f-5d5f-439b-be51-19b16f7d6779@group-D538847D235A-StateMachineUpdater: Took a snapshot at index 48
2022-02-12 02:10:51,074 [d2d0b78f-5d5f-439b-be51-19b16f7d6779@group-D538847D235A-StateMachineUpdater] INFO  impl.StateMachineUpdater (StateMachineUpdater.java:lambda$new$0(89)) - d2d0b78f-5d5f-439b-be51-19b16f7d6779@group-D538847D235A-StateMachineUpdater: snapshotIndex: updateIncreasingly -1 -> 48
2022-02-12 02:10:51,075 [Listener at 127.0.0.1/37239] INFO  server.RaftServer$Division (ServerState.java:close(419)) - d2d0b78f-5d5f-439b-be51-19b16f7d6779@group-D538847D235A: closes. applyIndex: 48
2022-02-12 02:10:51,075 [2a7c97ff-33a0-4dd1-806d-5e334853ac69@group-D7AE16390746-FollowerState] INFO  impl.FollowerState (FollowerState.java:run(143)) - 2a7c97ff-33a0-4dd1-806d-5e334853ac69@group-D7AE16390746-FollowerState was interrupted: {}
java.lang.InterruptedException: sleep interrupted
	at java.lang.Thread.sleep(Native Method)
	at java.lang.Thread.sleep(Thread.java:340)
	at java.util.concurrent.TimeUnit.sleep(TimeUnit.java:386)
	at org.apache.ratis.util.TimeDuration.sleep(TimeDuration.java:324)
	at org.apache.ratis.util.TimeDuration.sleep(TimeDuration.java:309)
	at org.apache.ratis.server.impl.FollowerState.run(FollowerState.java:118)
2022-02-12 02:10:51,075 [2a7c97ff-33a0-4dd1-806d-5e334853ac69@group-D7AE16390746-StateMachineUpdater] INFO  ratis.ContainerStateMachine (ContainerStateMachine.java:takeSnapshot(299)) - group-D7AE16390746: Taking a snapshot at:(t:4, i:0) file /home/runner/work/ozone/ozone/hadoop-ozone/integration-test/target/test-dir/MiniOzoneClusterImpl-f86292e6-51f6-48a5-a476-e96bf2e780fe/datanode-0/data/ratis/889fed88-7bee-4882-afe9-d7ae16390746/sm/snapshot.4_0
2022-02-12 02:10:51,076 [d2d0b78f-5d5f-439b-be51-19b16f7d6779@group-D538847D235A-SegmentedRaftLogWorker] INFO  segmented.SegmentedRaftLogWorker (SegmentedRaftLogWorker.java:run(327)) - d2d0b78f-5d5f-439b-be51-19b16f7d6779@group-D538847D235A-SegmentedRaftLogWorker was interrupted, exiting. There are 0 tasks remaining in the queue.
2022-02-12 02:10:51,076 [Listener at 127.0.0.1/37239] INFO  segmented.SegmentedRaftLogWorker (SegmentedRaftLogWorker.java:close(237)) - d2d0b78f-5d5f-439b-be51-19b16f7d6779@group-D538847D235A-SegmentedRaftLogWorker close()
2022-02-12 02:10:51,076 [2a7c97ff-33a0-4dd1-806d-5e334853ac69@group-D7AE16390746-StateMachineUpdater] INFO  ratis.ContainerStateMachine (ContainerStateMachine.java:takeSnapshot(310)) - group-D7AE16390746: Finished taking a snapshot at:(t:4, i:0) file:/home/runner/work/ozone/ozone/hadoop-ozone/integration-test/target/test-dir/MiniOzoneClusterImpl-f86292e6-51f6-48a5-a476-e96bf2e780fe/datanode-0/data/ratis/889fed88-7bee-4882-afe9-d7ae16390746/sm/snapshot.4_0 took: 0 ms
2022-02-12 02:10:51,076 [2a7c97ff-33a0-4dd1-806d-5e334853ac69@group-D7AE16390746-StateMachineUpdater] INFO  impl.StateMachineUpdater (StateMachineUpdater.java:takeSnapshot(281)) - 2a7c97ff-33a0-4dd1-806d-5e334853ac69@group-D7AE16390746-StateMachineUpdater: Took a snapshot at index 0
2022-02-12 02:10:51,076 [2a7c97ff-33a0-4dd1-806d-5e334853ac69@group-D7AE16390746-StateMachineUpdater] INFO  impl.StateMachineUpdater (StateMachineUpdater.java:lambda$new$0(89)) - 2a7c97ff-33a0-4dd1-806d-5e334853ac69@group-D7AE16390746-StateMachineUpdater: snapshotIndex: updateIncreasingly -1 -> 0
2022-02-12 02:10:51,074 [ForkJoinPool.commonPool-worker-0] INFO  impl.StateMachineUpdater (StateMachineUpdater.java:stopAndJoin(149)) - 2a7c97ff-33a0-4dd1-806d-5e334853ac69@group-D7AE16390746-StateMachineUpdater: set stopIndex = 0
2022-02-12 02:10:51,077 [ForkJoinPool.commonPool-worker-0] INFO  server.RaftServer$Division (ServerState.java:close(419)) - 2a7c97ff-33a0-4dd1-806d-5e334853ac69@group-D7AE16390746: closes. applyIndex: 0
2022-02-12 02:10:51,077 [2a7c97ff-33a0-4dd1-806d-5e334853ac69@group-D7AE16390746-SegmentedRaftLogWorker] INFO  segmented.SegmentedRaftLogWorker (SegmentedRaftLogWorker.java:run(327)) - 2a7c97ff-33a0-4dd1-806d-5e334853ac69@group-D7AE16390746-SegmentedRaftLogWorker was interrupted, exiting. There are 0 tasks remaining in the queue.
2022-02-12 02:10:51,077 [ForkJoinPool.commonPool-worker-0] INFO  segmented.SegmentedRaftLogWorker (SegmentedRaftLogWorker.java:close(237)) - 2a7c97ff-33a0-4dd1-806d-5e334853ac69@group-D7AE16390746-SegmentedRaftLogWorker close()
2022-02-12 02:10:51,078 [Listener at 127.0.0.1/37239] INFO  server.RaftServer$Division (RaftServerImpl.java:lambda$close$4(412)) - d2d0b78f-5d5f-439b-be51-19b16f7d6779@group-38E7377D209A: shutdown
2022-02-12 02:10:51,078 [Listener at 127.0.0.1/37239] INFO  util.JmxRegister (JmxRegister.java:unregister(73)) - Successfully un-registered JMX Bean with object name Ratis:service=RaftServer,group=group-38E7377D209A,id=d2d0b78f-5d5f-439b-be51-19b16f7d6779
2022-02-12 02:10:51,078 [Listener at 127.0.0.1/37239] INFO  impl.RoleInfo (RoleInfo.java:shutdownLeaderState(91)) - d2d0b78f-5d5f-439b-be51-19b16f7d6779: shutdown d2d0b78f-5d5f-439b-be51-19b16f7d6779@group-38E7377D209A-LeaderStateImpl
2022-02-12 02:10:51,078 [ForkJoinPool.commonPool-worker-0] INFO  server.RaftServer$Division (RaftServerImpl.java:lambda$close$4(412)) - 2a7c97ff-33a0-4dd1-806d-5e334853ac69@group-D538847D235A: shutdown
2022-02-12 02:10:51,078 [ForkJoinPool.commonPool-worker-0] INFO  util.JmxRegister (JmxRegister.java:unregister(73)) - Successfully un-registered JMX Bean with object name Ratis:service=RaftServer,group=group-D538847D235A,id=2a7c97ff-33a0-4dd1-806d-5e334853ac69
2022-02-12 02:10:51,078 [ForkJoinPool.commonPool-worker-0] INFO  impl.RoleInfo (RoleInfo.java:shutdownLeaderState(91)) - 2a7c97ff-33a0-4dd1-806d-5e334853ac69: shutdown 2a7c97ff-33a0-4dd1-806d-5e334853ac69@group-D538847D235A-LeaderStateImpl
2022-02-12 02:10:51,079 [ForkJoinPool.commonPool-worker-0] INFO  impl.PendingRequests (PendingRequests.java:sendNotLeaderResponses(282)) - 2a7c97ff-33a0-4dd1-806d-5e334853ac69@group-D538847D235A-PendingRequests: sendNotLeaderResponses
2022-02-12 02:10:51,078 [Listener at 127.0.0.1/37239] INFO  impl.PendingRequests (PendingRequests.java:sendNotLeaderResponses(282)) - d2d0b78f-5d5f-439b-be51-19b16f7d6779@group-38E7377D209A-PendingRequests: sendNotLeaderResponses
2022-02-12 02:10:51,080 [2a7c97ff-33a0-4dd1-806d-5e334853ac69@group-D538847D235A->d2d0b78f-5d5f-439b-be51-19b16f7d6779-GrpcLogAppender-LogAppenderDaemon] WARN  server.GrpcLogAppender (GrpcLogAppender.java:mayWait(177)) - 2a7c97ff-33a0-4dd1-806d-5e334853ac69@group-D538847D235A->d2d0b78f-5d5f-439b-be51-19b16f7d6779-GrpcLogAppender: Wait interrupted by java.lang.InterruptedException
2022-02-12 02:10:51,080 [d2d0b78f-5d5f-439b-be51-19b16f7d6779@group-38E7377D209A-StateMachineUpdater] INFO  ratis.ContainerStateMachine (ContainerStateMachine.java:takeSnapshot(299)) - group-38E7377D209A: Taking a snapshot at:(t:1, i:0) file /home/runner/work/ozone/ozone/hadoop-ozone/integration-test/target/test-dir/MiniOzoneClusterImpl-f86292e6-51f6-48a5-a476-e96bf2e780fe/datanode-1/data/ratis/6d8c11a9-8e92-4407-929c-38e7377d209a/sm/snapshot.1_0
2022-02-12 02:10:51,080 [2a7c97ff-33a0-4dd1-806d-5e334853ac69@group-D538847D235A->86bf740c-10b6-47d5-be0a-24882d6e78ed-GrpcLogAppender-LogAppenderDaemon] WARN  server.GrpcLogAppender (GrpcLogAppender.java:mayWait(177)) - 2a7c97ff-33a0-4dd1-806d-5e334853ac69@group-D538847D235A->86bf740c-10b6-47d5-be0a-24882d6e78ed-GrpcLogAppender: Wait interrupted by java.lang.InterruptedException
2022-02-12 02:10:51,084 [grpc-default-executor-0] INFO  server.GrpcServerProtocolService (GrpcServerProtocolService.java:onCompleted(140)) - d2d0b78f-5d5f-439b-be51-19b16f7d6779: Completed APPEND_ENTRIES, lastRequest: 2a7c97ff-33a0-4dd1-806d-5e334853ac69->d2d0b78f-5d5f-439b-be51-19b16f7d6779#539-t2,previous=(t:2, i:47),leaderCommit=46,initializing? true,entries: size=1, first=(t:2, i:48), METADATAENTRY(c:46)
2022-02-12 02:10:51,084 [grpc-default-executor-3] INFO  server.GrpcServerProtocolService (GrpcServerProtocolService.java:onCompleted(140)) - 86bf740c-10b6-47d5-be0a-24882d6e78ed: Completed APPEND_ENTRIES, lastRequest: 2a7c97ff-33a0-4dd1-806d-5e334853ac69->86bf740c-10b6-47d5-be0a-24882d6e78ed#616-t2,previous=(t:2, i:47),leaderCommit=46,initializing? true,entries: size=1, first=(t:2, i:48), METADATAENTRY(c:46)
2022-02-12 02:10:51,085 [d2d0b78f-5d5f-439b-be51-19b16f7d6779@group-38E7377D209A-StateMachineUpdater] INFO  ratis.ContainerStateMachine (ContainerStateMachine.java:takeSnapshot(310)) - group-38E7377D209A: Finished taking a snapshot at:(t:1, i:0) file:/home/runner/work/ozone/ozone/hadoop-ozone/integration-test/target/test-dir/MiniOzoneClusterImpl-f86292e6-51f6-48a5-a476-e96bf2e780fe/datanode-1/data/ratis/6d8c11a9-8e92-4407-929c-38e7377d209a/sm/snapshot.1_0 took: 5 ms
2022-02-12 02:10:51,085 [grpc-default-executor-0] INFO  server.GrpcLogAppender (GrpcLogAppender.java:onCompleted(346)) - 2a7c97ff-33a0-4dd1-806d-5e334853ac69@group-D538847D235A->d2d0b78f-5d5f-439b-be51-19b16f7d6779-AppendLogResponseHandler: follower responses appendEntries COMPLETED
2022-02-12 02:10:51,085 [grpc-default-executor-3] INFO  server.GrpcLogAppender (GrpcLogAppender.java:onCompleted(346)) - 2a7c97ff-33a0-4dd1-806d-5e334853ac69@group-D538847D235A->86bf740c-10b6-47d5-be0a-24882d6e78ed-AppendLogResponseHandler: follower responses appendEntries COMPLETED
2022-02-12 02:10:51,085 [grpc-default-executor-3] INFO  leader.FollowerInfo (FollowerInfoImpl.java:lambda$new$0(47)) - 2a7c97ff-33a0-4dd1-806d-5e334853ac69@group-D538847D235A->86bf740c-10b6-47d5-be0a-24882d6e78ed: nextIndex: updateUnconditionally 49 -> 48
2022-02-12 02:10:51,085 [d2d0b78f-5d5f-439b-be51-19b16f7d6779@group-38E7377D209A-StateMachineUpdater] INFO  impl.StateMachineUpdater (StateMachineUpdater.java:takeSnapshot(281)) - d2d0b78f-5d5f-439b-be51-19b16f7d6779@group-38E7377D209A-StateMachineUpdater: Took a snapshot at index 0
2022-02-12 02:10:51,086 [d2d0b78f-5d5f-439b-be51-19b16f7d6779@group-38E7377D209A-StateMachineUpdater] INFO  impl.StateMachineUpdater (StateMachineUpdater.java:lambda$new$0(89)) - d2d0b78f-5d5f-439b-be51-19b16f7d6779@group-38E7377D209A-StateMachineUpdater: snapshotIndex: updateIncreasingly -1 -> 0
2022-02-12 02:10:51,086 [Listener at 127.0.0.1/37239] INFO  impl.StateMachineUpdater (StateMachineUpdater.java:stopAndJoin(149)) - d2d0b78f-5d5f-439b-be51-19b16f7d6779@group-38E7377D209A-StateMachineUpdater: set stopIndex = 0
2022-02-12 02:10:51,086 [Listener at 127.0.0.1/37239] INFO  server.RaftServer$Division (ServerState.java:close(419)) - d2d0b78f-5d5f-439b-be51-19b16f7d6779@group-38E7377D209A: closes. applyIndex: 0
2022-02-12 02:10:51,086 [d2d0b78f-5d5f-439b-be51-19b16f7d6779@group-38E7377D209A-SegmentedRaftLogWorker] INFO  segmented.SegmentedRaftLogWorker (SegmentedRaftLogWorker.java:run(327)) - d2d0b78f-5d5f-439b-be51-19b16f7d6779@group-38E7377D209A-SegmentedRaftLogWorker was interrupted, exiting. There are 0 tasks remaining in the queue.
2022-02-12 02:10:51,086 [Listener at 127.0.0.1/37239] INFO  segmented.SegmentedRaftLogWorker (SegmentedRaftLogWorker.java:close(237)) - d2d0b78f-5d5f-439b-be51-19b16f7d6779@group-38E7377D209A-SegmentedRaftLogWorker close()
2022-02-12 02:10:51,085 [grpc-default-executor-0] INFO  leader.FollowerInfo (FollowerInfoImpl.java:lambda$new$0(47)) - 2a7c97ff-33a0-4dd1-806d-5e334853ac69@group-D538847D235A->d2d0b78f-5d5f-439b-be51-19b16f7d6779: nextIndex: updateUnconditionally 49 -> 48
2022-02-12 02:10:51,091 [2a7c97ff-33a0-4dd1-806d-5e334853ac69@group-D538847D235A-StateMachineUpdater] INFO  ratis.ContainerStateMachine (ContainerStateMachine.java:takeSnapshot(299)) - group-D538847D235A: Taking a snapshot at:(t:2, i:48) file /home/runner/work/ozone/ozone/hadoop-ozone/integration-test/target/test-dir/MiniOzoneClusterImpl-f86292e6-51f6-48a5-a476-e96bf2e780fe/datanode-0/data/ratis/b4c0c0b9-4a02-4d82-ab45-d538847d235a/sm/snapshot.2_48
2022-02-12 02:10:51,091 [ForkJoinPool.commonPool-worker-0] INFO  impl.StateMachineUpdater (StateMachineUpdater.java:stopAndJoin(149)) - 2a7c97ff-33a0-4dd1-806d-5e334853ac69@group-D538847D235A-StateMachineUpdater: set stopIndex = 48
2022-02-12 02:10:51,087 [Listener at 127.0.0.1/37239] INFO  server.GrpcService (GrpcService.java:closeImpl(262)) - d2d0b78f-5d5f-439b-be51-19b16f7d6779: shutdown server with port 36711 now
2022-02-12 02:10:51,096 [2a7c97ff-33a0-4dd1-806d-5e334853ac69@group-D538847D235A-StateMachineUpdater] INFO  ratis.ContainerStateMachine (ContainerStateMachine.java:takeSnapshot(310)) - group-D538847D235A: Finished taking a snapshot at:(t:2, i:48) file:/home/runner/work/ozone/ozone/hadoop-ozone/integration-test/target/test-dir/MiniOzoneClusterImpl-f86292e6-51f6-48a5-a476-e96bf2e780fe/datanode-0/data/ratis/b4c0c0b9-4a02-4d82-ab45-d538847d235a/sm/snapshot.2_48 took: 5 ms
2022-02-12 02:10:51,096 [2a7c97ff-33a0-4dd1-806d-5e334853ac69@group-D538847D235A-StateMachineUpdater] INFO  impl.StateMachineUpdater (StateMachineUpdater.java:takeSnapshot(281)) - 2a7c97ff-33a0-4dd1-806d-5e334853ac69@group-D538847D235A-StateMachineUpdater: Took a snapshot at index 48
2022-02-12 02:10:51,096 [2a7c97ff-33a0-4dd1-806d-5e334853ac69@group-D538847D235A-StateMachineUpdater] INFO  impl.StateMachineUpdater (StateMachineUpdater.java:lambda$new$0(89)) - 2a7c97ff-33a0-4dd1-806d-5e334853ac69@group-D538847D235A-StateMachineUpdater: snapshotIndex: updateIncreasingly -1 -> 48
2022-02-12 02:10:51,097 [ForkJoinPool.commonPool-worker-0] INFO  server.RaftServer$Division (ServerState.java:close(419)) - 2a7c97ff-33a0-4dd1-806d-5e334853ac69@group-D538847D235A: closes. applyIndex: 48
2022-02-12 02:10:51,097 [2a7c97ff-33a0-4dd1-806d-5e334853ac69@group-D538847D235A-SegmentedRaftLogWorker] INFO  segmented.SegmentedRaftLogWorker (SegmentedRaftLogWorker.java:run(327)) - 2a7c97ff-33a0-4dd1-806d-5e334853ac69@group-D538847D235A-SegmentedRaftLogWorker was interrupted, exiting. There are 0 tasks remaining in the queue.
2022-02-12 02:10:51,097 [ForkJoinPool.commonPool-worker-0] INFO  segmented.SegmentedRaftLogWorker (SegmentedRaftLogWorker.java:close(237)) - 2a7c97ff-33a0-4dd1-806d-5e334853ac69@group-D538847D235A-SegmentedRaftLogWorker close()
2022-02-12 02:10:51,098 [ForkJoinPool.commonPool-worker-0] INFO  server.GrpcService (GrpcService.java:closeImpl(262)) - 2a7c97ff-33a0-4dd1-806d-5e334853ac69: shutdown server with port 42493 now
2022-02-12 02:10:51,108 [grpc-default-executor-4] WARN  client.GrpcClientProtocolService (LogUtils.java:warn(122)) - 1-UnorderedRequestStreamObserver1: onError: org.apache.ratis.thirdparty.io.grpc.StatusRuntimeException: CANCELLED: client cancelled
2022-02-12 02:10:51,115 [grpc-default-executor-3] WARN  server.GrpcServerProtocolService (LogUtils.java:warn(122)) - d2d0b78f-5d5f-439b-be51-19b16f7d6779: installSnapshot onError, lastRequest: 86bf740c-10b6-47d5-be0a-24882d6e78ed->d2d0b78f-5d5f-439b-be51-19b16f7d6779#1-t4,previous=(t:0, i:0),leaderCommit=0,initializing? true,entries: size=1, first=(t:4, i:0), CONFIGURATIONENTRY: org.apache.ratis.thirdparty.io.grpc.StatusRuntimeException: CANCELLED: client cancelled
2022-02-12 02:10:51,115 [grpc-default-executor-2] WARN  server.GrpcServerProtocolService (LogUtils.java:warn(122)) - 2a7c97ff-33a0-4dd1-806d-5e334853ac69: installSnapshot onError, lastRequest: 86bf740c-10b6-47d5-be0a-24882d6e78ed->2a7c97ff-33a0-4dd1-806d-5e334853ac69#1-t4,previous=(t:0, i:0),leaderCommit=-1,initializing? true,entries: size=1, first=(t:4, i:0), CONFIGURATIONENTRY: org.apache.ratis.thirdparty.io.grpc.StatusRuntimeException: CANCELLED: client cancelled
2022-02-12 02:10:51,116 [grpc-default-executor-4] WARN  server.GrpcLogAppender (LogUtils.java:warn(122)) - 86bf740c-10b6-47d5-be0a-24882d6e78ed@group-D7AE16390746->d2d0b78f-5d5f-439b-be51-19b16f7d6779-AppendLogResponseHandler: Failed appendEntries: org.apache.ratis.thirdparty.io.grpc.StatusRuntimeException: CANCELLED: HTTP/2 error code: CANCEL
Received Rst Stream
2022-02-12 02:10:51,116 [grpc-default-executor-4] WARN  server.GrpcLogAppender (GrpcLogAppender.java:resetClient(110)) - 86bf740c-10b6-47d5-be0a-24882d6e78ed@group-D7AE16390746->d2d0b78f-5d5f-439b-be51-19b16f7d6779-GrpcLogAppender: Leader has not got in touch with Follower 86bf740c-10b6-47d5-be0a-24882d6e78ed@group-D7AE16390746->d2d0b78f-5d5f-439b-be51-19b16f7d6779(c0,m0,n1, attendVote=true, lastRpcSendTime=2349, lastRpcResponseTime=2341) yet, just keep nextIndex unchanged and retry.
2022-02-12 02:10:51,116 [Listener at 127.0.0.1/37239] INFO  server.GrpcService (GrpcService.java:closeImpl(271)) - d2d0b78f-5d5f-439b-be51-19b16f7d6779: shutdown server with port 36711 successfully
2022-02-12 02:10:51,153 [org.apache.ratis.util.JvmPauseMonitor$$Lambda$421/534662976@2e750c38] INFO  util.JvmPauseMonitor (JvmPauseMonitor.java:run(109)) - JvmPauseMonitor-d2d0b78f-5d5f-439b-be51-19b16f7d6779: Stopped
2022-02-12 02:10:51,164 [grpc-default-executor-4] WARN  server.GrpcLogAppender (LogUtils.java:warn(122)) - 86bf740c-10b6-47d5-be0a-24882d6e78ed@group-D7AE16390746->2a7c97ff-33a0-4dd1-806d-5e334853ac69-AppendLogResponseHandler: Failed appendEntries: org.apache.ratis.thirdparty.io.grpc.StatusRuntimeException: CANCELLED: HTTP/2 error code: CANCEL
Received Rst Stream
2022-02-12 02:10:51,164 [grpc-default-executor-4] WARN  server.GrpcLogAppender (GrpcLogAppender.java:resetClient(110)) - 86bf740c-10b6-47d5-be0a-24882d6e78ed@group-D7AE16390746->2a7c97ff-33a0-4dd1-806d-5e334853ac69-GrpcLogAppender: Leader has not got in touch with Follower 86bf740c-10b6-47d5-be0a-24882d6e78ed@group-D7AE16390746->2a7c97ff-33a0-4dd1-806d-5e334853ac69(c0,m0,n1, attendVote=true, lastRpcSendTime=2386, lastRpcResponseTime=2379) yet, just keep nextIndex unchanged and retry.
2022-02-12 02:10:51,172 [ForkJoinPool.commonPool-worker-0] INFO  server.GrpcService (GrpcService.java:closeImpl(271)) - 2a7c97ff-33a0-4dd1-806d-5e334853ac69: shutdown server with port 42493 successfully
2022-02-12 02:10:51,172 [org.apache.ratis.util.JvmPauseMonitor$$Lambda$421/534662976@9b0198e] INFO  util.JvmPauseMonitor (JvmPauseMonitor.java:run(109)) - JvmPauseMonitor-2a7c97ff-33a0-4dd1-806d-5e334853ac69: Stopped
2022-02-12 02:10:51,305 [grpc-default-executor-5] WARN  server.GrpcLogAppender (LogUtils.java:warn(122)) - 86bf740c-10b6-47d5-be0a-24882d6e78ed@group-D7AE16390746->d2d0b78f-5d5f-439b-be51-19b16f7d6779-AppendLogResponseHandler: Failed appendEntries: org.apache.ratis.thirdparty.io.grpc.StatusRuntimeException: UNAVAILABLE: io exception
2022-02-12 02:10:51,305 [grpc-default-executor-5] WARN  server.GrpcLogAppender (GrpcLogAppender.java:resetClient(110)) - 86bf740c-10b6-47d5-be0a-24882d6e78ed@group-D7AE16390746->d2d0b78f-5d5f-439b-be51-19b16f7d6779-GrpcLogAppender: Leader has not got in touch with Follower 86bf740c-10b6-47d5-be0a-24882d6e78ed@group-D7AE16390746->d2d0b78f-5d5f-439b-be51-19b16f7d6779(c0,m0,n1, attendVote=true, lastRpcSendTime=0, lastRpcResponseTime=2530) yet, just keep nextIndex unchanged and retry.
2022-02-12 02:10:51,317 [grpc-default-executor-4] WARN  server.GrpcLogAppender (LogUtils.java:warn(122)) - 86bf740c-10b6-47d5-be0a-24882d6e78ed@group-D7AE16390746->2a7c97ff-33a0-4dd1-806d-5e334853ac69-AppendLogResponseHandler: Failed appendEntries: org.apache.ratis.thirdparty.io.grpc.StatusRuntimeException: UNAVAILABLE: io exception
2022-02-12 02:10:51,317 [grpc-default-executor-4] WARN  server.GrpcLogAppender (GrpcLogAppender.java:resetClient(110)) - 86bf740c-10b6-47d5-be0a-24882d6e78ed@group-D7AE16390746->2a7c97ff-33a0-4dd1-806d-5e334853ac69-GrpcLogAppender: Leader has not got in touch with Follower 86bf740c-10b6-47d5-be0a-24882d6e78ed@group-D7AE16390746->2a7c97ff-33a0-4dd1-806d-5e334853ac69(c0,m0,n1, attendVote=true, lastRpcSendTime=2, lastRpcResponseTime=2532) yet, just keep nextIndex unchanged and retry.
2022-02-12 02:10:53,215 [Listener at 127.0.0.1/37239] INFO  utils.BackgroundService (BackgroundService.java:shutdown(132)) - Shutting down service BlockDeletingService
2022-02-12 02:10:53,276 [ForkJoinPool.commonPool-worker-0] INFO  utils.BackgroundService (BackgroundService.java:shutdown(132)) - Shutting down service BlockDeletingService
2022-02-12 02:10:53,810 [grpc-default-executor-4] WARN  server.GrpcLogAppender (LogUtils.java:warn(122)) - 86bf740c-10b6-47d5-be0a-24882d6e78ed@group-D7AE16390746->d2d0b78f-5d5f-439b-be51-19b16f7d6779-AppendLogResponseHandler: Failed appendEntries: org.apache.ratis.thirdparty.io.grpc.StatusRuntimeException: UNAVAILABLE: io exception
2022-02-12 02:10:53,811 [grpc-default-executor-4] WARN  server.GrpcLogAppender (GrpcLogAppender.java:resetClient(110)) - 86bf740c-10b6-47d5-be0a-24882d6e78ed@group-D7AE16390746->d2d0b78f-5d5f-439b-be51-19b16f7d6779-GrpcLogAppender: Leader has not got in touch with Follower 86bf740c-10b6-47d5-be0a-24882d6e78ed@group-D7AE16390746->d2d0b78f-5d5f-439b-be51-19b16f7d6779(c0,m0,n1, attendVote=true, lastRpcSendTime=2506, lastRpcResponseTime=5036) yet, just keep nextIndex unchanged and retry.
2022-02-12 02:10:53,814 [grpc-default-executor-4] WARN  server.GrpcLogAppender (LogUtils.java:warn(122)) - 86bf740c-10b6-47d5-be0a-24882d6e78ed@group-D7AE16390746->2a7c97ff-33a0-4dd1-806d-5e334853ac69-AppendLogResponseHandler: Failed appendEntries: org.apache.ratis.thirdparty.io.grpc.StatusRuntimeException: UNAVAILABLE: io exception
2022-02-12 02:10:53,815 [grpc-default-executor-4] WARN  server.GrpcLogAppender (GrpcLogAppender.java:resetClient(110)) - 86bf740c-10b6-47d5-be0a-24882d6e78ed@group-D7AE16390746->2a7c97ff-33a0-4dd1-806d-5e334853ac69-GrpcLogAppender: Leader has not got in touch with Follower 86bf740c-10b6-47d5-be0a-24882d6e78ed@group-D7AE16390746->2a7c97ff-33a0-4dd1-806d-5e334853ac69(c0,m0,n1, attendVote=true, lastRpcSendTime=0, lastRpcResponseTime=5030) yet, just keep nextIndex unchanged and retry.
2022-02-12 02:10:54,342 [86bf740c-10b6-47d5-be0a-24882d6e78ed@group-D7AE16390746-LeaderStateImpl] WARN  server.RaftServer$Division (LeaderStateImpl.java:checkLeadership(974)) - 86bf740c-10b6-47d5-be0a-24882d6e78ed@group-D7AE16390746-LeaderStateImpl: Lost leadership on term: 4. Election timeout: 5200ms. In charge for: 20902ms. Conf: 0: [d2d0b78f-5d5f-439b-be51-19b16f7d6779|rpc:10.1.0.17:36711|dataStream:|priority:0, 2a7c97ff-33a0-4dd1-806d-5e334853ac69|rpc:10.1.0.17:42493|dataStream:|priority:0, 86bf740c-10b6-47d5-be0a-24882d6e78ed|rpc:10.1.0.17:34415|dataStream:|priority:1], old=null
2022-02-12 02:10:54,342 [86bf740c-10b6-47d5-be0a-24882d6e78ed@group-D7AE16390746-LeaderStateImpl] WARN  server.RaftServer$Division (LeaderStateImpl.java:lambda$checkLeadership$15(978)) - Follower 86bf740c-10b6-47d5-be0a-24882d6e78ed@group-D7AE16390746->d2d0b78f-5d5f-439b-be51-19b16f7d6779(c0,m0,n1, attendVote=true, lastRpcSendTime=530, lastRpcResponseTime=5568)
2022-02-12 02:10:54,343 [86bf740c-10b6-47d5-be0a-24882d6e78ed@group-D7AE16390746-LeaderStateImpl] WARN  server.RaftServer$Division (LeaderStateImpl.java:lambda$checkLeadership$15(978)) - Follower 86bf740c-10b6-47d5-be0a-24882d6e78ed@group-D7AE16390746->2a7c97ff-33a0-4dd1-806d-5e334853ac69(c0,m0,n1, attendVote=true, lastRpcSendTime=528, lastRpcResponseTime=5558)
2022-02-12 02:10:54,343 [86bf740c-10b6-47d5-be0a-24882d6e78ed@group-D7AE16390746-LeaderStateImpl] INFO  server.RaftServer$Division (RaftServerImpl.java:setRole(290)) - 86bf740c-10b6-47d5-be0a-24882d6e78ed@group-D7AE16390746: changes role from    LEADER to FOLLOWER at term 4 for StepDownReason:LOST_MAJORITY_HEARTBEATS
2022-02-12 02:10:54,343 [86bf740c-10b6-47d5-be0a-24882d6e78ed@group-D7AE16390746-LeaderStateImpl] INFO  impl.RoleInfo (RoleInfo.java:shutdownLeaderState(91)) - 86bf740c-10b6-47d5-be0a-24882d6e78ed: shutdown 86bf740c-10b6-47d5-be0a-24882d6e78ed@group-D7AE16390746-LeaderStateImpl
2022-02-12 02:10:54,343 [86bf740c-10b6-47d5-be0a-24882d6e78ed@group-D7AE16390746-LeaderStateImpl] INFO  impl.PendingRequests (PendingRequests.java:sendNotLeaderResponses(282)) - 86bf740c-10b6-47d5-be0a-24882d6e78ed@group-D7AE16390746-PendingRequests: sendNotLeaderResponses
2022-02-12 02:10:54,343 [86bf740c-10b6-47d5-be0a-24882d6e78ed@group-D7AE16390746-LeaderStateImpl] INFO  impl.RoleInfo (RoleInfo.java:updateAndGet(130)) - 86bf740c-10b6-47d5-be0a-24882d6e78ed: start 86bf740c-10b6-47d5-be0a-24882d6e78ed@group-D7AE16390746-FollowerState
2022-02-12 02:10:56,276 [Listener at 127.0.0.1/37239] INFO  statemachine.DatanodeStateMachine (DatanodeStateMachine.java:stopDaemon(529)) - Ozone container server stopped.
2022-02-12 02:10:56,277 [Listener at 127.0.0.1/37239] INFO  handler.ContextHandler (ContextHandler.java:doStop(1153)) - Stopped o.e.j.w.WebAppContext@3749e682{hddsDatanode,/,null,STOPPED}{jar:file:/home/runner/.m2/repository/org/apache/ozone/hdds-container-service/1.3.0-SNAPSHOT/hdds-container-service-1.3.0-SNAPSHOT.jar!/webapps/hddsDatanode}
2022-02-12 02:10:56,278 [Listener at 127.0.0.1/37239] INFO  server.AbstractConnector (AbstractConnector.java:doStop(381)) - Stopped ServerConnector@11e2a981{HTTP/1.1, (http/1.1)}{0.0.0.0:0}
2022-02-12 02:10:56,278 [Listener at 127.0.0.1/37239] INFO  server.session (HouseKeeper.java:stopScavenging(149)) - node0 Stopped scavenging
2022-02-12 02:10:56,278 [Listener at 127.0.0.1/37239] INFO  handler.ContextHandler (ContextHandler.java:doStop(1153)) - Stopped o.e.j.s.ServletContextHandler@20aec74f{static,/static,jar:file:/home/runner/.m2/repository/org/apache/ozone/hdds-container-service/1.3.0-SNAPSHOT/hdds-container-service-1.3.0-SNAPSHOT.jar!/webapps/static,STOPPED}
2022-02-12 02:10:56,279 [Listener at 127.0.0.1/37239] INFO  handler.ContextHandler (ContextHandler.java:doStop(1153)) - Stopped o.e.j.s.ServletContextHandler@5f3d9383{logs,/logs,file:///home/runner/work/ozone/ozone/hadoop-ozone/integration-test/target/log,STOPPED}
2022-02-12 02:10:56,308 [ForkJoinPool.commonPool-worker-0] INFO  statemachine.DatanodeStateMachine (DatanodeStateMachine.java:stopDaemon(529)) - Ozone container server stopped.
2022-02-12 02:10:56,316 [ForkJoinPool.commonPool-worker-0] INFO  handler.ContextHandler (ContextHandler.java:doStop(1153)) - Stopped o.e.j.w.WebAppContext@2bb4b203{hddsDatanode,/,null,STOPPED}{jar:file:/home/runner/.m2/repository/org/apache/ozone/hdds-container-service/1.3.0-SNAPSHOT/hdds-container-service-1.3.0-SNAPSHOT.jar!/webapps/hddsDatanode}
2022-02-12 02:10:56,316 [ForkJoinPool.commonPool-worker-0] INFO  server.AbstractConnector (AbstractConnector.java:doStop(381)) - Stopped ServerConnector@53418cc0{HTTP/1.1, (http/1.1)}{0.0.0.0:0}
2022-02-12 02:10:56,316 [ForkJoinPool.commonPool-worker-0] INFO  server.session (HouseKeeper.java:stopScavenging(149)) - node0 Stopped scavenging
2022-02-12 02:10:56,317 [ForkJoinPool.commonPool-worker-0] INFO  handler.ContextHandler (ContextHandler.java:doStop(1153)) - Stopped o.e.j.s.ServletContextHandler@6cb21878{static,/static,jar:file:/home/runner/.m2/repository/org/apache/ozone/hdds-container-service/1.3.0-SNAPSHOT/hdds-container-service-1.3.0-SNAPSHOT.jar!/webapps/static,STOPPED}
2022-02-12 02:10:56,325 [ForkJoinPool.commonPool-worker-0] INFO  handler.ContextHandler (ContextHandler.java:doStop(1153)) - Stopped o.e.j.s.ServletContextHandler@11db540b{logs,/logs,file:///home/runner/work/ozone/ozone/hadoop-ozone/integration-test/target/log,STOPPED}
2022-02-12 02:10:59,347 [86bf740c-10b6-47d5-be0a-24882d6e78ed@group-D538847D235A-FollowerState] INFO  impl.FollowerState (FollowerState.java:run(134)) - 86bf740c-10b6-47d5-be0a-24882d6e78ed@group-D538847D235A-FollowerState: change to CANDIDATE, lastRpcElapsedTime:9483357776ns, electionTimeout:5018ms
2022-02-12 02:10:59,348 [86bf740c-10b6-47d5-be0a-24882d6e78ed@group-D538847D235A-FollowerState] INFO  impl.RoleInfo (RoleInfo.java:shutdownFollowerState(108)) - 86bf740c-10b6-47d5-be0a-24882d6e78ed: shutdown 86bf740c-10b6-47d5-be0a-24882d6e78ed@group-D538847D235A-FollowerState
2022-02-12 02:10:59,348 [86bf740c-10b6-47d5-be0a-24882d6e78ed@group-D538847D235A-FollowerState] INFO  server.RaftServer$Division (RaftServerImpl.java:setRole(290)) - 86bf740c-10b6-47d5-be0a-24882d6e78ed@group-D538847D235A: changes role from  FOLLOWER to CANDIDATE at term 2 for changeToCandidate
2022-02-12 02:10:59,348 [86bf740c-10b6-47d5-be0a-24882d6e78ed@group-D538847D235A-FollowerState] INFO  server.RaftServerConfigKeys (ConfUtils.java:logGet(44)) - raft.server.leaderelection.pre-vote = false (custom)
2022-02-12 02:10:59,348 [86bf740c-10b6-47d5-be0a-24882d6e78ed@group-D538847D235A-FollowerState] INFO  impl.RoleInfo (RoleInfo.java:updateAndGet(130)) - 86bf740c-10b6-47d5-be0a-24882d6e78ed: start 86bf740c-10b6-47d5-be0a-24882d6e78ed@group-D538847D235A-LeaderElection71
2022-02-12 02:10:59,363 [86bf740c-10b6-47d5-be0a-24882d6e78ed@group-D538847D235A-LeaderElection71] INFO  server.RaftServer$Division (ServerState.java:setLeader(285)) - 86bf740c-10b6-47d5-be0a-24882d6e78ed@group-D538847D235A: change Leader from 2a7c97ff-33a0-4dd1-806d-5e334853ac69 to null at term 2 for ELECTION
2022-02-12 02:10:59,367 [86bf740c-10b6-47d5-be0a-24882d6e78ed@group-D538847D235A-LeaderElection71] INFO  impl.LeaderElection (LeaderElection.java:askForVotes(306)) - 86bf740c-10b6-47d5-be0a-24882d6e78ed@group-D538847D235A-LeaderElection71 ELECTION round 0: submit vote requests at term 3 for 0: [d2d0b78f-5d5f-439b-be51-19b16f7d6779|rpc:10.1.0.17:36711|dataStream:|priority:0, 2a7c97ff-33a0-4dd1-806d-5e334853ac69|rpc:10.1.0.17:42493|dataStream:|priority:1, 86bf740c-10b6-47d5-be0a-24882d6e78ed|rpc:10.1.0.17:34415|dataStream:|priority:0], old=null
2022-02-12 02:10:59,368 [86bf740c-10b6-47d5-be0a-24882d6e78ed@group-D538847D235A-LeaderElection71] INFO  impl.LeaderElection (LogUtils.java:infoOrTrace(137)) - 86bf740c-10b6-47d5-be0a-24882d6e78ed@group-D538847D235A-LeaderElection71 got exception when requesting votes: java.util.concurrent.ExecutionException: org.apache.ratis.thirdparty.io.grpc.StatusRuntimeException: UNAVAILABLE: io exception
2022-02-12 02:10:59,369 [86bf740c-10b6-47d5-be0a-24882d6e78ed@group-D538847D235A-LeaderElection71] INFO  impl.LeaderElection (LogUtils.java:infoOrTrace(137)) - 86bf740c-10b6-47d5-be0a-24882d6e78ed@group-D538847D235A-LeaderElection71 got exception when requesting votes: java.util.concurrent.ExecutionException: org.apache.ratis.thirdparty.io.grpc.StatusRuntimeException: UNAVAILABLE: io exception
2022-02-12 02:10:59,369 [86bf740c-10b6-47d5-be0a-24882d6e78ed@group-D538847D235A-LeaderElection71] INFO  impl.LeaderElection (LeaderElection.java:logAndReturn(89)) - 86bf740c-10b6-47d5-be0a-24882d6e78ed@group-D538847D235A-LeaderElection71: ELECTION REJECTED received 0 response(s) and 2 exception(s):
2022-02-12 02:10:59,369 [86bf740c-10b6-47d5-be0a-24882d6e78ed@group-D538847D235A-LeaderElection71] INFO  impl.LeaderElection (LogUtils.java:infoOrTrace(137)) -   Exception 0: java.util.concurrent.ExecutionException: org.apache.ratis.thirdparty.io.grpc.StatusRuntimeException: UNAVAILABLE: io exception
2022-02-12 02:10:59,369 [86bf740c-10b6-47d5-be0a-24882d6e78ed@group-D538847D235A-LeaderElection71] INFO  impl.LeaderElection (LogUtils.java:infoOrTrace(137)) -   Exception 1: java.util.concurrent.ExecutionException: org.apache.ratis.thirdparty.io.grpc.StatusRuntimeException: UNAVAILABLE: io exception
2022-02-12 02:10:59,369 [86bf740c-10b6-47d5-be0a-24882d6e78ed@group-D538847D235A-LeaderElection71] INFO  impl.LeaderElection (LeaderElection.java:askForVotes(308)) - 86bf740c-10b6-47d5-be0a-24882d6e78ed@group-D538847D235A-LeaderElection71 ELECTION round 0: result REJECTED
2022-02-12 02:10:59,369 [86bf740c-10b6-47d5-be0a-24882d6e78ed@group-D538847D235A-LeaderElection71] INFO  server.RaftServer$Division (RaftServerImpl.java:setRole(290)) - 86bf740c-10b6-47d5-be0a-24882d6e78ed@group-D538847D235A: changes role from CANDIDATE to FOLLOWER at term 3 for REJECTED
2022-02-12 02:10:59,369 [86bf740c-10b6-47d5-be0a-24882d6e78ed@group-D538847D235A-LeaderElection71] INFO  impl.RoleInfo (RoleInfo.java:shutdownLeaderElection(121)) - 86bf740c-10b6-47d5-be0a-24882d6e78ed: shutdown 86bf740c-10b6-47d5-be0a-24882d6e78ed@group-D538847D235A-LeaderElection71
2022-02-12 02:10:59,369 [86bf740c-10b6-47d5-be0a-24882d6e78ed@group-D538847D235A-LeaderElection71] INFO  impl.RoleInfo (RoleInfo.java:updateAndGet(130)) - 86bf740c-10b6-47d5-be0a-24882d6e78ed: start 86bf740c-10b6-47d5-be0a-24882d6e78ed@group-D538847D235A-FollowerState
2022-02-12 02:10:59,543 [86bf740c-10b6-47d5-be0a-24882d6e78ed@group-D7AE16390746-FollowerState] INFO  impl.FollowerState (FollowerState.java:lostMajorityHeartbeatsRecently(107)) - 86bf740c-10b6-47d5-be0a-24882d6e78ed@group-D7AE16390746-FollowerState: Skipping leader election since it stepped down recently (elapsed = 5199ms < waitTime = 10s)
2022-02-12 02:11:01,281 [Listener at 127.0.0.1/37239] INFO  ozoneimpl.OzoneContainer (OzoneContainer.java:stop(336)) - Attempting to stop container services.
2022-02-12 02:11:01,283 [Listener at 127.0.0.1/37239] INFO  server.RaftServer (RaftServerProxy.java:lambda$close$6(391)) - 86bf740c-10b6-47d5-be0a-24882d6e78ed: close
2022-02-12 02:11:01,289 [Listener at 127.0.0.1/37239] INFO  server.RaftServer$Division (RaftServerImpl.java:lambda$close$4(412)) - 86bf740c-10b6-47d5-be0a-24882d6e78ed@group-B73AE0E2C7C3: shutdown
2022-02-12 02:11:01,290 [Listener at 127.0.0.1/37239] INFO  util.JmxRegister (JmxRegister.java:unregister(73)) - Successfully un-registered JMX Bean with object name Ratis:service=RaftServer,group=group-B73AE0E2C7C3,id=86bf740c-10b6-47d5-be0a-24882d6e78ed
2022-02-12 02:11:01,290 [Listener at 127.0.0.1/37239] INFO  impl.RoleInfo (RoleInfo.java:shutdownLeaderState(91)) - 86bf740c-10b6-47d5-be0a-24882d6e78ed: shutdown 86bf740c-10b6-47d5-be0a-24882d6e78ed@group-B73AE0E2C7C3-LeaderStateImpl
2022-02-12 02:11:01,290 [Listener at 127.0.0.1/37239] INFO  impl.PendingRequests (PendingRequests.java:sendNotLeaderResponses(282)) - 86bf740c-10b6-47d5-be0a-24882d6e78ed@group-B73AE0E2C7C3-PendingRequests: sendNotLeaderResponses
2022-02-12 02:11:01,291 [Listener at 127.0.0.1/37239] INFO  impl.StateMachineUpdater (StateMachineUpdater.java:stopAndJoin(149)) - 86bf740c-10b6-47d5-be0a-24882d6e78ed@group-B73AE0E2C7C3-StateMachineUpdater: set stopIndex = 0
2022-02-12 02:11:01,291 [86bf740c-10b6-47d5-be0a-24882d6e78ed@group-B73AE0E2C7C3-StateMachineUpdater] INFO  ratis.ContainerStateMachine (ContainerStateMachine.java:takeSnapshot(299)) - group-B73AE0E2C7C3: Taking a snapshot at:(t:1, i:0) file /home/runner/work/ozone/ozone/hadoop-ozone/integration-test/target/test-dir/MiniOzoneClusterImpl-f86292e6-51f6-48a5-a476-e96bf2e780fe/datanode-2/data/ratis/69d7da29-168f-46f5-8b9e-b73ae0e2c7c3/sm/snapshot.1_0
2022-02-12 02:11:01,292 [86bf740c-10b6-47d5-be0a-24882d6e78ed@group-B73AE0E2C7C3-StateMachineUpdater] INFO  ratis.ContainerStateMachine (ContainerStateMachine.java:takeSnapshot(310)) - group-B73AE0E2C7C3: Finished taking a snapshot at:(t:1, i:0) file:/home/runner/work/ozone/ozone/hadoop-ozone/integration-test/target/test-dir/MiniOzoneClusterImpl-f86292e6-51f6-48a5-a476-e96bf2e780fe/datanode-2/data/ratis/69d7da29-168f-46f5-8b9e-b73ae0e2c7c3/sm/snapshot.1_0 took: 1 ms
2022-02-12 02:11:01,292 [86bf740c-10b6-47d5-be0a-24882d6e78ed@group-B73AE0E2C7C3-StateMachineUpdater] INFO  impl.StateMachineUpdater (StateMachineUpdater.java:takeSnapshot(281)) - 86bf740c-10b6-47d5-be0a-24882d6e78ed@group-B73AE0E2C7C3-StateMachineUpdater: Took a snapshot at index 0
2022-02-12 02:11:01,292 [86bf740c-10b6-47d5-be0a-24882d6e78ed@group-B73AE0E2C7C3-StateMachineUpdater] INFO  impl.StateMachineUpdater (StateMachineUpdater.java:lambda$new$0(89)) - 86bf740c-10b6-47d5-be0a-24882d6e78ed@group-B73AE0E2C7C3-StateMachineUpdater: snapshotIndex: updateIncreasingly -1 -> 0
2022-02-12 02:11:01,296 [Listener at 127.0.0.1/37239] INFO  server.RaftServer$Division (ServerState.java:close(419)) - 86bf740c-10b6-47d5-be0a-24882d6e78ed@group-B73AE0E2C7C3: closes. applyIndex: 0
2022-02-12 02:11:01,297 [86bf740c-10b6-47d5-be0a-24882d6e78ed@group-B73AE0E2C7C3-SegmentedRaftLogWorker] INFO  segmented.SegmentedRaftLogWorker (SegmentedRaftLogWorker.java:run(327)) - 86bf740c-10b6-47d5-be0a-24882d6e78ed@group-B73AE0E2C7C3-SegmentedRaftLogWorker was interrupted, exiting. There are 0 tasks remaining in the queue.
2022-02-12 02:11:01,297 [Listener at 127.0.0.1/37239] INFO  segmented.SegmentedRaftLogWorker (SegmentedRaftLogWorker.java:close(237)) - 86bf740c-10b6-47d5-be0a-24882d6e78ed@group-B73AE0E2C7C3-SegmentedRaftLogWorker close()
2022-02-12 02:11:01,314 [Listener at 127.0.0.1/37239] INFO  server.RaftServer$Division (RaftServerImpl.java:lambda$close$4(412)) - 86bf740c-10b6-47d5-be0a-24882d6e78ed@group-D7AE16390746: shutdown
2022-02-12 02:11:01,314 [Listener at 127.0.0.1/37239] INFO  util.JmxRegister (JmxRegister.java:unregister(73)) - Successfully un-registered JMX Bean with object name Ratis:service=RaftServer,group=group-D7AE16390746,id=86bf740c-10b6-47d5-be0a-24882d6e78ed
2022-02-12 02:11:01,314 [Listener at 127.0.0.1/37239] INFO  impl.RoleInfo (RoleInfo.java:shutdownFollowerState(108)) - 86bf740c-10b6-47d5-be0a-24882d6e78ed: shutdown 86bf740c-10b6-47d5-be0a-24882d6e78ed@group-D7AE16390746-FollowerState
2022-02-12 02:11:01,315 [Listener at 127.0.0.1/37239] INFO  impl.StateMachineUpdater (StateMachineUpdater.java:stopAndJoin(149)) - 86bf740c-10b6-47d5-be0a-24882d6e78ed@group-D7AE16390746-StateMachineUpdater: set stopIndex = 0
2022-02-12 02:11:01,315 [86bf740c-10b6-47d5-be0a-24882d6e78ed@group-D7AE16390746-StateMachineUpdater] INFO  ratis.ContainerStateMachine (ContainerStateMachine.java:takeSnapshot(299)) - group-D7AE16390746: Taking a snapshot at:(t:4, i:0) file /home/runner/work/ozone/ozone/hadoop-ozone/integration-test/target/test-dir/MiniOzoneClusterImpl-f86292e6-51f6-48a5-a476-e96bf2e780fe/datanode-2/data/ratis/889fed88-7bee-4882-afe9-d7ae16390746/sm/snapshot.4_0
2022-02-12 02:11:01,315 [86bf740c-10b6-47d5-be0a-24882d6e78ed@group-D7AE16390746-FollowerState] INFO  impl.FollowerState (FollowerState.java:run(143)) - 86bf740c-10b6-47d5-be0a-24882d6e78ed@group-D7AE16390746-FollowerState was interrupted: {}
java.lang.InterruptedException: sleep interrupted
	at java.lang.Thread.sleep(Native Method)
	at java.lang.Thread.sleep(Thread.java:340)
	at java.util.concurrent.TimeUnit.sleep(TimeUnit.java:386)
	at org.apache.ratis.util.TimeDuration.sleep(TimeDuration.java:324)
	at org.apache.ratis.util.TimeDuration.sleep(TimeDuration.java:309)
	at org.apache.ratis.server.impl.FollowerState.run(FollowerState.java:118)
2022-02-12 02:11:01,326 [86bf740c-10b6-47d5-be0a-24882d6e78ed@group-D7AE16390746-StateMachineUpdater] INFO  ratis.ContainerStateMachine (ContainerStateMachine.java:takeSnapshot(310)) - group-D7AE16390746: Finished taking a snapshot at:(t:4, i:0) file:/home/runner/work/ozone/ozone/hadoop-ozone/integration-test/target/test-dir/MiniOzoneClusterImpl-f86292e6-51f6-48a5-a476-e96bf2e780fe/datanode-2/data/ratis/889fed88-7bee-4882-afe9-d7ae16390746/sm/snapshot.4_0 took: 12 ms
2022-02-12 02:11:01,327 [86bf740c-10b6-47d5-be0a-24882d6e78ed@group-D7AE16390746-StateMachineUpdater] INFO  impl.StateMachineUpdater (StateMachineUpdater.java:takeSnapshot(281)) - 86bf740c-10b6-47d5-be0a-24882d6e78ed@group-D7AE16390746-StateMachineUpdater: Took a snapshot at index 0
2022-02-12 02:11:01,327 [86bf740c-10b6-47d5-be0a-24882d6e78ed@group-D7AE16390746-StateMachineUpdater] INFO  impl.StateMachineUpdater (StateMachineUpdater.java:lambda$new$0(89)) - 86bf740c-10b6-47d5-be0a-24882d6e78ed@group-D7AE16390746-StateMachineUpdater: snapshotIndex: updateIncreasingly -1 -> 0
2022-02-12 02:11:01,327 [Listener at 127.0.0.1/37239] INFO  server.RaftServer$Division (ServerState.java:close(419)) - 86bf740c-10b6-47d5-be0a-24882d6e78ed@group-D7AE16390746: closes. applyIndex: 0
2022-02-12 02:11:01,327 [86bf740c-10b6-47d5-be0a-24882d6e78ed@group-D7AE16390746-SegmentedRaftLogWorker] INFO  segmented.SegmentedRaftLogWorker (SegmentedRaftLogWorker.java:run(327)) - 86bf740c-10b6-47d5-be0a-24882d6e78ed@group-D7AE16390746-SegmentedRaftLogWorker was interrupted, exiting. There are 0 tasks remaining in the queue.
2022-02-12 02:11:01,327 [Listener at 127.0.0.1/37239] INFO  segmented.SegmentedRaftLogWorker (SegmentedRaftLogWorker.java:close(237)) - 86bf740c-10b6-47d5-be0a-24882d6e78ed@group-D7AE16390746-SegmentedRaftLogWorker close()
2022-02-12 02:11:01,329 [Listener at 127.0.0.1/37239] INFO  server.RaftServer$Division (RaftServerImpl.java:lambda$close$4(412)) - 86bf740c-10b6-47d5-be0a-24882d6e78ed@group-D538847D235A: shutdown
2022-02-12 02:11:01,329 [Listener at 127.0.0.1/37239] INFO  util.JmxRegister (JmxRegister.java:unregister(73)) - Successfully un-registered JMX Bean with object name Ratis:service=RaftServer,group=group-D538847D235A,id=86bf740c-10b6-47d5-be0a-24882d6e78ed
2022-02-12 02:11:01,329 [Listener at 127.0.0.1/37239] INFO  impl.RoleInfo (RoleInfo.java:shutdownFollowerState(108)) - 86bf740c-10b6-47d5-be0a-24882d6e78ed: shutdown 86bf740c-10b6-47d5-be0a-24882d6e78ed@group-D538847D235A-FollowerState
2022-02-12 02:11:01,330 [Listener at 127.0.0.1/37239] INFO  impl.StateMachineUpdater (StateMachineUpdater.java:stopAndJoin(149)) - 86bf740c-10b6-47d5-be0a-24882d6e78ed@group-D538847D235A-StateMachineUpdater: set stopIndex = 48
2022-02-12 02:11:01,330 [86bf740c-10b6-47d5-be0a-24882d6e78ed@group-D538847D235A-FollowerState] INFO  impl.FollowerState (FollowerState.java:run(143)) - 86bf740c-10b6-47d5-be0a-24882d6e78ed@group-D538847D235A-FollowerState was interrupted: {}
java.lang.InterruptedException: sleep interrupted
	at java.lang.Thread.sleep(Native Method)
	at java.lang.Thread.sleep(Thread.java:340)
	at java.util.concurrent.TimeUnit.sleep(TimeUnit.java:386)
	at org.apache.ratis.util.TimeDuration.sleep(TimeDuration.java:324)
	at org.apache.ratis.util.TimeDuration.sleep(TimeDuration.java:309)
	at org.apache.ratis.server.impl.FollowerState.run(FollowerState.java:118)
2022-02-12 02:11:01,330 [86bf740c-10b6-47d5-be0a-24882d6e78ed@group-D538847D235A-StateMachineUpdater] INFO  ratis.ContainerStateMachine (ContainerStateMachine.java:takeSnapshot(299)) - group-D538847D235A: Taking a snapshot at:(t:2, i:48) file /home/runner/work/ozone/ozone/hadoop-ozone/integration-test/target/test-dir/MiniOzoneClusterImpl-f86292e6-51f6-48a5-a476-e96bf2e780fe/datanode-2/data/ratis/b4c0c0b9-4a02-4d82-ab45-d538847d235a/sm/snapshot.2_48
2022-02-12 02:11:01,336 [86bf740c-10b6-47d5-be0a-24882d6e78ed@group-D538847D235A-StateMachineUpdater] INFO  ratis.ContainerStateMachine (ContainerStateMachine.java:takeSnapshot(310)) - group-D538847D235A: Finished taking a snapshot at:(t:2, i:48) file:/home/runner/work/ozone/ozone/hadoop-ozone/integration-test/target/test-dir/MiniOzoneClusterImpl-f86292e6-51f6-48a5-a476-e96bf2e780fe/datanode-2/data/ratis/b4c0c0b9-4a02-4d82-ab45-d538847d235a/sm/snapshot.2_48 took: 7 ms
2022-02-12 02:11:01,336 [86bf740c-10b6-47d5-be0a-24882d6e78ed@group-D538847D235A-StateMachineUpdater] INFO  impl.StateMachineUpdater (StateMachineUpdater.java:takeSnapshot(281)) - 86bf740c-10b6-47d5-be0a-24882d6e78ed@group-D538847D235A-StateMachineUpdater: Took a snapshot at index 48
2022-02-12 02:11:01,336 [86bf740c-10b6-47d5-be0a-24882d6e78ed@group-D538847D235A-StateMachineUpdater] INFO  impl.StateMachineUpdater (StateMachineUpdater.java:lambda$new$0(89)) - 86bf740c-10b6-47d5-be0a-24882d6e78ed@group-D538847D235A-StateMachineUpdater: snapshotIndex: updateIncreasingly -1 -> 48
2022-02-12 02:11:01,337 [Listener at 127.0.0.1/37239] INFO  server.RaftServer$Division (ServerState.java:close(419)) - 86bf740c-10b6-47d5-be0a-24882d6e78ed@group-D538847D235A: closes. applyIndex: 48
2022-02-12 02:11:01,337 [86bf740c-10b6-47d5-be0a-24882d6e78ed@group-D538847D235A-SegmentedRaftLogWorker] INFO  segmented.SegmentedRaftLogWorker (SegmentedRaftLogWorker.java:run(327)) - 86bf740c-10b6-47d5-be0a-24882d6e78ed@group-D538847D235A-SegmentedRaftLogWorker was interrupted, exiting. There are 0 tasks remaining in the queue.
2022-02-12 02:11:01,337 [Listener at 127.0.0.1/37239] INFO  segmented.SegmentedRaftLogWorker (SegmentedRaftLogWorker.java:close(237)) - 86bf740c-10b6-47d5-be0a-24882d6e78ed@group-D538847D235A-SegmentedRaftLogWorker close()
2022-02-12 02:11:01,338 [Listener at 127.0.0.1/37239] INFO  server.GrpcService (GrpcService.java:closeImpl(262)) - 86bf740c-10b6-47d5-be0a-24882d6e78ed: shutdown server with port 34415 now
2022-02-12 02:11:01,346 [Listener at 127.0.0.1/37239] INFO  server.GrpcService (GrpcService.java:closeImpl(271)) - 86bf740c-10b6-47d5-be0a-24882d6e78ed: shutdown server with port 34415 successfully
2022-02-12 02:11:01,346 [org.apache.ratis.util.JvmPauseMonitor$$Lambda$421/534662976@b39ab56] INFO  util.JvmPauseMonitor (JvmPauseMonitor.java:run(109)) - JvmPauseMonitor-86bf740c-10b6-47d5-be0a-24882d6e78ed: Stopped
2022-02-12 02:11:03,374 [Listener at 127.0.0.1/37239] INFO  utils.BackgroundService (BackgroundService.java:shutdown(132)) - Shutting down service BlockDeletingService
2022-02-12 02:11:06,392 [Listener at 127.0.0.1/37239] INFO  statemachine.DatanodeStateMachine (DatanodeStateMachine.java:stopDaemon(529)) - Ozone container server stopped.
2022-02-12 02:11:06,393 [Listener at 127.0.0.1/37239] INFO  handler.ContextHandler (ContextHandler.java:doStop(1153)) - Stopped o.e.j.w.WebAppContext@6528f1fa{hddsDatanode,/,null,STOPPED}{jar:file:/home/runner/.m2/repository/org/apache/ozone/hdds-container-service/1.3.0-SNAPSHOT/hdds-container-service-1.3.0-SNAPSHOT.jar!/webapps/hddsDatanode}
2022-02-12 02:11:06,396 [Listener at 127.0.0.1/37239] INFO  server.AbstractConnector (AbstractConnector.java:doStop(381)) - Stopped ServerConnector@1ab65374{HTTP/1.1, (http/1.1)}{0.0.0.0:0}
2022-02-12 02:11:06,397 [Listener at 127.0.0.1/37239] INFO  server.session (HouseKeeper.java:stopScavenging(149)) - node0 Stopped scavenging
2022-02-12 02:11:06,397 [Listener at 127.0.0.1/37239] INFO  handler.ContextHandler (ContextHandler.java:doStop(1153)) - Stopped o.e.j.s.ServletContextHandler@124b0265{static,/static,jar:file:/home/runner/.m2/repository/org/apache/ozone/hdds-container-service/1.3.0-SNAPSHOT/hdds-container-service-1.3.0-SNAPSHOT.jar!/webapps/static,STOPPED}
2022-02-12 02:11:06,397 [Listener at 127.0.0.1/37239] INFO  handler.ContextHandler (ContextHandler.java:doStop(1153)) - Stopped o.e.j.s.ServletContextHandler@506c1549{logs,/logs,file:///home/runner/work/ozone/ozone/hadoop-ozone/integration-test/target/log,STOPPED}
2022-02-12 02:11:06,398 [Listener at 127.0.0.1/37239] INFO  ozone.MiniOzoneClusterImpl (MiniOzoneClusterImpl.java:stopSCM(526)) - Stopping the StorageContainerManager
2022-02-12 02:11:06,399 [Listener at 127.0.0.1/37239] INFO  server.StorageContainerManager (StorageContainerManager.java:stop(1390)) - Stopping Container Balancer service.
2022-02-12 02:11:06,399 [Listener at 127.0.0.1/37239] INFO  balancer.ContainerBalancer (ContainerBalancer.java:stop(751)) - Container Balancer is not running.
2022-02-12 02:11:06,399 [Listener at 127.0.0.1/37239] INFO  server.StorageContainerManager (StorageContainerManager.java:stop(1397)) - Stopping Replication Manager Service.
2022-02-12 02:11:06,399 [Listener at 127.0.0.1/37239] INFO  container.ReplicationManager (ReplicationManager.java:stop(357)) - Stopping Replication Monitor Thread.
2022-02-12 02:11:06,399 [Listener at 127.0.0.1/37239] INFO  server.StorageContainerManager (StorageContainerManager.java:stop(1404)) - Stopping the Datanode Admin Monitor.
2022-02-12 02:11:06,399 [Listener at 127.0.0.1/37239] INFO  server.StorageContainerManager (StorageContainerManager.java:stop(1411)) - Stopping Lease Manager of the command watchers
2022-02-12 02:11:06,400 [Listener at 127.0.0.1/37239] INFO  server.StorageContainerManager (StorageContainerManager.java:stop(1418)) - Stopping datanode service RPC server
2022-02-12 02:11:06,400 [Listener at 127.0.0.1/37239] INFO  server.SCMDatanodeProtocolServer (SCMDatanodeProtocolServer.java:stop(390)) - Stopping the RPC server for DataNodes
2022-02-12 02:11:06,400 [Listener at 127.0.0.1/37239] INFO  ipc.Server (Server.java:stop(3414)) - Stopping server on 40289
2022-02-12 02:11:06,402 [IPC Server listener on 0] INFO  ipc.Server (Server.java:run(1376)) - Stopping IPC Server listener on 0
2022-02-12 02:11:06,402 [IPC Server Responder] INFO  ipc.Server (Server.java:run(1512)) - Stopping IPC Server Responder
2022-02-12 02:11:06,471 [SCM Heartbeat Processing Thread - 0] WARN  node.NodeStateManager (NodeStateManager.java:scheduleNextHealthCheck(799)) - Current Thread is interrupted, shutting down HB processing thread for Node Manager.
2022-02-12 02:11:06,473 [Listener at 127.0.0.1/37239] INFO  server.StorageContainerManager (StorageContainerManager.java:stop(1426)) - Stopping block service RPC server
2022-02-12 02:11:06,473 [Listener at 127.0.0.1/37239] INFO  server.SCMBlockProtocolServer (SCMBlockProtocolServer.java:stop(160)) - Stopping the RPC server for Block Protocol
2022-02-12 02:11:06,473 [Listener at 127.0.0.1/37239] INFO  ipc.Server (Server.java:stop(3414)) - Stopping server on 46111
2022-02-12 02:11:06,477 [Listener at 127.0.0.1/37239] INFO  server.StorageContainerManager (StorageContainerManager.java:stop(1433)) - Stopping the StorageContainerLocationProtocol RPC server
2022-02-12 02:11:06,477 [Listener at 127.0.0.1/37239] INFO  server.SCMClientProtocolServer (SCMClientProtocolServer.java:stop(174)) - Stopping the RPC server for Client Protocol
2022-02-12 02:11:06,477 [Listener at 127.0.0.1/37239] INFO  ipc.Server (Server.java:stop(3414)) - Stopping server on 46433
2022-02-12 02:11:06,478 [IPC Server Responder] INFO  ipc.Server (Server.java:run(1512)) - Stopping IPC Server Responder
2022-02-12 02:11:06,479 [IPC Server listener on 0] INFO  ipc.Server (Server.java:run(1376)) - Stopping IPC Server listener on 0
2022-02-12 02:11:06,480 [Listener at 127.0.0.1/37239] INFO  server.StorageContainerManager (StorageContainerManager.java:stop(1440)) - Stopping Storage Container Manager HTTP server.
2022-02-12 02:11:06,480 [Listener at 127.0.0.1/37239] INFO  handler.ContextHandler (ContextHandler.java:doStop(1153)) - Stopped o.e.j.w.WebAppContext@306b6231{scm,/,null,STOPPED}{file:/home/runner/work/ozone/ozone/hadoop-ozone/integration-test/target/test-classes/webapps/scm}
2022-02-12 02:11:06,480 [IPC Server listener on 0] INFO  ipc.Server (Server.java:run(1376)) - Stopping IPC Server listener on 0
2022-02-12 02:11:06,484 [IPC Server Responder] INFO  ipc.Server (Server.java:run(1512)) - Stopping IPC Server Responder
2022-02-12 02:11:06,492 [Listener at 127.0.0.1/37239] INFO  server.AbstractConnector (AbstractConnector.java:doStop(381)) - Stopped ServerConnector@1310a3a{HTTP/1.1, (http/1.1)}{0.0.0.0:0}
2022-02-12 02:11:06,492 [Listener at 127.0.0.1/37239] INFO  server.session (HouseKeeper.java:stopScavenging(149)) - node0 Stopped scavenging
2022-02-12 02:11:06,493 [Listener at 127.0.0.1/37239] INFO  handler.ContextHandler (ContextHandler.java:doStop(1153)) - Stopped o.e.j.s.ServletContextHandler@41b30463{static,/static,file:///home/runner/work/ozone/ozone/hadoop-ozone/integration-test/target/test-classes/webapps/static,STOPPED}
2022-02-12 02:11:06,493 [Listener at 127.0.0.1/37239] INFO  handler.ContextHandler (ContextHandler.java:doStop(1153)) - Stopped o.e.j.s.ServletContextHandler@34fa65d6{logs,/logs,file:///home/runner/work/ozone/ozone/hadoop-ozone/integration-test/target/log,STOPPED}
2022-02-12 02:11:06,508 [Listener at 127.0.0.1/37239] INFO  server.StorageContainerManager (StorageContainerManager.java:stop(1451)) - Stopping Block Manager Service.
2022-02-12 02:11:06,508 [Listener at 127.0.0.1/37239] INFO  utils.BackgroundService (BackgroundService.java:shutdown(132)) - Shutting down service SCMBlockDeletingService
2022-02-12 02:11:06,508 [Listener at 127.0.0.1/37239] INFO  utils.BackgroundService (BackgroundService.java:shutdown(132)) - Shutting down service SCMBlockDeletingService
2022-02-12 02:11:06,509 [Listener at 127.0.0.1/37239] INFO  server.StorageContainerManager (StorageContainerManager.java:stop(1478)) - Stopping SCM Event Queue.
2022-02-12 02:11:06,540 [Listener at 127.0.0.1/37239] INFO  server.StorageContainerManager (StorageContainerManager.java:stop(1489)) - Stopping SCM HA services.
2022-02-12 02:11:06,540 [Listener at 127.0.0.1/37239] INFO  ha.SCMRatisServerImpl (SCMRatisServerImpl.java:stop(236)) - stopping ratis server 0.0.0.0:9894
2022-02-12 02:11:06,540 [Listener at 127.0.0.1/37239] INFO  server.RaftServer (RaftServerProxy.java:lambda$close$6(391)) - c467f674-5d00-4497-9e9e-a7c35f247abe: close
2022-02-12 02:11:06,541 [Listener at 127.0.0.1/37239] INFO  server.RaftServer$Division (RaftServerImpl.java:lambda$close$4(412)) - c467f674-5d00-4497-9e9e-a7c35f247abe@group-E96BF2E780FE: shutdown
2022-02-12 02:11:06,541 [Listener at 127.0.0.1/37239] INFO  util.JmxRegister (JmxRegister.java:unregister(73)) - Successfully un-registered JMX Bean with object name Ratis:service=RaftServer,group=group-E96BF2E780FE,id=c467f674-5d00-4497-9e9e-a7c35f247abe
2022-02-12 02:11:06,541 [Listener at 127.0.0.1/37239] INFO  impl.RoleInfo (RoleInfo.java:shutdownLeaderState(91)) - c467f674-5d00-4497-9e9e-a7c35f247abe: shutdown c467f674-5d00-4497-9e9e-a7c35f247abe@group-E96BF2E780FE-LeaderStateImpl
2022-02-12 02:11:06,541 [Listener at 127.0.0.1/37239] INFO  impl.PendingRequests (PendingRequests.java:sendNotLeaderResponses(282)) - c467f674-5d00-4497-9e9e-a7c35f247abe@group-E96BF2E780FE-PendingRequests: sendNotLeaderResponses
2022-02-12 02:11:06,541 [Listener at 127.0.0.1/37239] INFO  ha.SCMStateMachine (SCMStateMachine.java:notifyNotLeader(190)) - current leader SCM steps down.
2022-02-12 02:11:06,541 [Listener at 127.0.0.1/37239] INFO  ha.SCMContext (SCMContext.java:updateLeaderAndTerm(90)) - update <isLeader,term> from <true,2> to <false,0>
2022-02-12 02:11:06,541 [Listener at 127.0.0.1/37239] INFO  ha.SCMContext (SCMContext.java:updateLeaderAndTerm(97)) - update <isLeaderReady> from <false> to <false>
2022-02-12 02:11:06,549 [Listener at 127.0.0.1/37239] INFO  impl.StateMachineUpdater (StateMachineUpdater.java:stopAndJoin(149)) - c467f674-5d00-4497-9e9e-a7c35f247abe@group-E96BF2E780FE-StateMachineUpdater: set stopIndex = 32
2022-02-12 02:11:06,550 [c467f674-5d00-4497-9e9e-a7c35f247abe@group-E96BF2E780FE-StateMachineUpdater] INFO  ha.SCMStateMachine (SCMStateMachine.java:takeSnapshot(297)) - Current Snapshot Index 32, takeSnapshot took 0 ms
2022-02-12 02:11:06,550 [c467f674-5d00-4497-9e9e-a7c35f247abe@group-E96BF2E780FE-StateMachineUpdater] INFO  impl.StateMachineUpdater (StateMachineUpdater.java:takeSnapshot(281)) - c467f674-5d00-4497-9e9e-a7c35f247abe@group-E96BF2E780FE-StateMachineUpdater: Took a snapshot at index 32
2022-02-12 02:11:06,550 [c467f674-5d00-4497-9e9e-a7c35f247abe@group-E96BF2E780FE-StateMachineUpdater] INFO  impl.StateMachineUpdater (StateMachineUpdater.java:lambda$new$0(89)) - c467f674-5d00-4497-9e9e-a7c35f247abe@group-E96BF2E780FE-StateMachineUpdater: snapshotIndex: updateIncreasingly -1 -> 32
2022-02-12 02:11:06,568 [Listener at 127.0.0.1/37239] INFO  server.RaftServer$Division (ServerState.java:close(419)) - c467f674-5d00-4497-9e9e-a7c35f247abe@group-E96BF2E780FE: closes. applyIndex: 32
2022-02-12 02:11:06,568 [c467f674-5d00-4497-9e9e-a7c35f247abe@group-E96BF2E780FE-SegmentedRaftLogWorker] INFO  segmented.SegmentedRaftLogWorker (SegmentedRaftLogWorker.java:run(327)) - c467f674-5d00-4497-9e9e-a7c35f247abe@group-E96BF2E780FE-SegmentedRaftLogWorker was interrupted, exiting. There are 0 tasks remaining in the queue.
2022-02-12 02:11:06,573 [Listener at 127.0.0.1/37239] INFO  segmented.SegmentedRaftLogWorker (SegmentedRaftLogWorker.java:close(237)) - c467f674-5d00-4497-9e9e-a7c35f247abe@group-E96BF2E780FE-SegmentedRaftLogWorker close()
2022-02-12 02:11:06,573 [Listener at 127.0.0.1/37239] INFO  server.GrpcService (GrpcService.java:closeImpl(262)) - c467f674-5d00-4497-9e9e-a7c35f247abe: shutdown server with port 9894 now
2022-02-12 02:11:06,573 [Listener at 127.0.0.1/37239] INFO  server.GrpcService (GrpcService.java:closeImpl(271)) - c467f674-5d00-4497-9e9e-a7c35f247abe: shutdown server with port 9894 successfully
2022-02-12 02:11:06,573 [org.apache.ratis.util.JvmPauseMonitor$$Lambda$421/534662976@6aea833f] INFO  util.JvmPauseMonitor (JvmPauseMonitor.java:run(109)) - JvmPauseMonitor-c467f674-5d00-4497-9e9e-a7c35f247abe: Stopped
2022-02-12 02:11:06,574 [Listener at 127.0.0.1/37239] INFO  pipeline.BackgroundPipelineCreator (BackgroundPipelineCreator.java:stop(158)) - Stopping RatisPipelineUtilsThread.
2022-02-12 02:11:06,574 [Listener at 127.0.0.1/37239] INFO  server.StorageContainerManager (StorageContainerManager.java:stop(1499)) - Stopping SCM MetadataStore.
2022-02-12 02:11:06,578 [Listener at 127.0.0.1/37239] INFO  impl.MetricsSystemImpl (MetricsSystemImpl.java:stop(210)) - Stopping HddsDatanode metrics system...
2022-02-12 02:11:06,588 [prometheus] INFO  impl.MetricsSinkAdapter (MetricsSinkAdapter.java:publishMetricsFromQueue(141)) - prometheus thread interrupted.
2022-02-12 02:11:06,588 [Listener at 127.0.0.1/37239] INFO  impl.MetricsSystemImpl (MetricsSystemImpl.java:stop(216)) - HddsDatanode metrics system stopped.
2022-02-12 02:11:06,745 [Listener at 127.0.0.1/37239] WARN  server.ServerUtils (ServerUtils.java:getScmDbDir(148)) - ozone.scm.db.dirs is not configured. We recommend adding this setting. Falling back to ozone.metadata.dirs instead.
2022-02-12 02:11:06,751 [Listener at 127.0.0.1/37239] INFO  ha.SCMHANodeDetails (SCMHANodeDetails.java:loadSCMHAConfig(157)) - ServiceID for StorageContainerManager is null
2022-02-12 02:11:06,751 [Listener at 127.0.0.1/37239] INFO  ha.SCMHANodeDetails (SCMHANodeDetails.java:loadSCMHAConfig(162)) - ozone.scm.default.service.id is not defined, falling back to ozone.scm.service.ids to find serviceID for StorageContainerManager if it is HA enabled cluster
2022-02-12 02:11:06,753 [Listener at 127.0.0.1/37239] INFO  server.RaftServer (ConfUtils.java:logGet(44)) - raft.rpc.type = GRPC (default)
2022-02-12 02:11:06,753 [Listener at 127.0.0.1/37239] INFO  grpc.GrpcFactory (GrpcFactory.java:checkPooledByteBufAllocatorUseCacheForAllThreads(48)) - PERFORMANCE WARNING: useCacheForAllThreads is true that may cause Netty to create a lot garbage objects and, as a result, trigger GC.
	It is recommended to disable useCacheForAllThreads by setting -Dorg.apache.ratis.thirdparty.io.netty.allocator.useCacheForAllThreads=false in command line.
2022-02-12 02:11:06,753 [Listener at 127.0.0.1/37239] INFO  grpc.GrpcConfigKeys (ConfUtils.java:logGet(44)) - raft.grpc.admin.port = -1 (default)
2022-02-12 02:11:06,753 [Listener at 127.0.0.1/37239] INFO  grpc.GrpcConfigKeys (ConfUtils.java:logGet(44)) - raft.grpc.server.port = 9894 (custom)
2022-02-12 02:11:06,753 [Listener at 127.0.0.1/37239] INFO  grpc.GrpcConfigKeys (ConfUtils.java:logGet(44)) - raft.grpc.client.port = -1 (default)
2022-02-12 02:11:06,754 [Listener at 127.0.0.1/37239] INFO  grpc.GrpcConfigKeys (ConfUtils.java:logGet(44)) - raft.grpc.server.port = 9894 (custom)
2022-02-12 02:11:06,754 [Listener at 127.0.0.1/37239] INFO  grpc.GrpcConfigKeys (ConfUtils.java:logGet(44)) - raft.grpc.server.port = 9894 (custom)
2022-02-12 02:11:06,754 [Listener at 127.0.0.1/37239] INFO  server.GrpcService (ConfUtils.java:logGet(44)) - raft.grpc.message.size.max = 32m (=33554432) (custom)
2022-02-12 02:11:06,754 [Listener at 127.0.0.1/37239] INFO  server.RaftServerConfigKeys (ConfUtils.java:logGet(44)) - raft.server.log.appender.buffer.byte-limit = 33554432 (custom)
2022-02-12 02:11:06,754 [Listener at 127.0.0.1/37239] INFO  server.GrpcService (ConfUtils.java:logGet(44)) - raft.grpc.flow.control.window = 1MB (=1048576) (default)
2022-02-12 02:11:06,754 [Listener at 127.0.0.1/37239] INFO  server.RaftServerConfigKeys (ConfUtils.java:logGet(44)) - raft.server.rpc.request.timeout = 30000ms (custom)
2022-02-12 02:11:06,755 [Listener at 127.0.0.1/37239] INFO  impl.DataStreamServerImpl (ConfUtils.java:logGet(44)) - raft.datastream.type = DISABLED (default)
2022-02-12 02:11:06,755 [Listener at 127.0.0.1/37239] INFO  server.RaftServerConfigKeys (ConfUtils.java:logGet(44)) - raft.server.rpc.slowness.timeout = 120000ms (custom)
2022-02-12 02:11:06,756 [Listener at 127.0.0.1/37239] INFO  server.RaftServerConfigKeys (ConfUtils.java:logGet(44)) - raft.server.leaderelection.leader.step-down.wait-time = 10s (default)
2022-02-12 02:11:06,756 [Listener at 127.0.0.1/37239] INFO  server.RaftServerConfigKeys (ConfUtils.java:logGet(44)) - raft.server.storage.dir = [/home/runner/work/ozone/ozone/hadoop-ozone/integration-test/target/test-dir/MiniOzoneClusterImpl-771b091a-ebe2-4b61-867f-4639ffb893ff/ozone-meta/scm-ha] (custom)
2022-02-12 02:11:06,772 [Listener at 127.0.0.1/37239] INFO  server.RaftServer (RaftServerProxy.java:addNew(95)) - 1b5f3bca-5d4a-4774-a0d7-e0522b1460f7: addNew group-4639FFB893FF:[1b5f3bca-5d4a-4774-a0d7-e0522b1460f7|rpc:fv-az395-998:9894|priority:0] returns group-4639FFB893FF:java.util.concurrent.CompletableFuture@4a0e3df6[Not completed]
2022-02-12 02:11:06,772 [pool-591-thread-1] INFO  server.RaftServer$Division (RaftServerImpl.java:<init>(184)) - 1b5f3bca-5d4a-4774-a0d7-e0522b1460f7: new RaftServerImpl for group-4639FFB893FF:[1b5f3bca-5d4a-4774-a0d7-e0522b1460f7|rpc:fv-az395-998:9894|priority:0] with SCMStateMachine:uninitialized
2022-02-12 02:11:06,779 [pool-591-thread-1] INFO  server.RaftServerConfigKeys (ConfUtils.java:logGet(44)) - raft.server.rpc.timeout.min = 5000ms (custom)
2022-02-12 02:11:06,779 [pool-591-thread-1] INFO  server.RaftServerConfigKeys (ConfUtils.java:logGet(44)) - raft.server.rpc.timeout.max = 5200ms (custom)
2022-02-12 02:11:06,779 [pool-591-thread-1] INFO  server.RaftServerConfigKeys (ConfUtils.java:logGet(44)) - raft.server.rpc.sleep.time = 25ms (default)
2022-02-12 02:11:06,779 [pool-591-thread-1] INFO  server.RaftServerConfigKeys (ConfUtils.java:logGet(44)) - raft.server.rpc.slowness.timeout = 120000ms (custom)
2022-02-12 02:11:06,779 [pool-591-thread-1] INFO  server.RaftServerConfigKeys (ConfUtils.java:logGet(44)) - raft.server.leaderelection.leader.step-down.wait-time = 10s (default)
2022-02-12 02:11:06,779 [pool-591-thread-1] INFO  server.RaftServerConfigKeys (ConfUtils.java:logGet(44)) - raft.server.sleep.deviation.threshold = 300ms (default)
2022-02-12 02:11:06,779 [pool-591-thread-1] INFO  server.RaftServerConfigKeys (ConfUtils.java:logGet(44)) - raft.server.log.appender.install.snapshot.enabled = false (custom)
2022-02-12 02:11:06,779 [pool-591-thread-1] INFO  server.RaftServer$Division (ServerState.java:<init>(105)) - 1b5f3bca-5d4a-4774-a0d7-e0522b1460f7@group-4639FFB893FF: ConfigurationManager, init=-1: [1b5f3bca-5d4a-4774-a0d7-e0522b1460f7|rpc:fv-az395-998:9894|priority:0], old=null, confs=<EMPTY_MAP>
2022-02-12 02:11:06,780 [pool-591-thread-1] INFO  server.RaftServerConfigKeys (ConfUtils.java:logGet(44)) - raft.server.storage.dir = [/home/runner/work/ozone/ozone/hadoop-ozone/integration-test/target/test-dir/MiniOzoneClusterImpl-771b091a-ebe2-4b61-867f-4639ffb893ff/ozone-meta/scm-ha] (custom)
2022-02-12 02:11:06,780 [pool-591-thread-1] INFO  server.RaftServerConfigKeys (ConfUtils.java:logGet(44)) - raft.server.log.corruption.policy = EXCEPTION (default)
2022-02-12 02:11:06,780 [pool-591-thread-1] INFO  server.RaftServerConfigKeys (ConfUtils.java:logGet(44)) - raft.server.storage.free-space.min = 0MB (=0) (default)
2022-02-12 02:11:06,780 [pool-591-thread-1] INFO  storage.RaftStorageDirectory (RaftStorageDirectoryImpl.java:analyzeStorage(135)) - The storage directory /home/runner/work/ozone/ozone/hadoop-ozone/integration-test/target/test-dir/MiniOzoneClusterImpl-771b091a-ebe2-4b61-867f-4639ffb893ff/ozone-meta/scm-ha/771b091a-ebe2-4b61-867f-4639ffb893ff does not exist. Creating ...
2022-02-12 02:11:06,781 [pool-591-thread-1] INFO  storage.RaftStorageDirectory (RaftStorageDirectoryImpl.java:tryLock(230)) - Lock on /home/runner/work/ozone/ozone/hadoop-ozone/integration-test/target/test-dir/MiniOzoneClusterImpl-771b091a-ebe2-4b61-867f-4639ffb893ff/ozone-meta/scm-ha/771b091a-ebe2-4b61-867f-4639ffb893ff/in_use.lock acquired by nodename 9178@fv-az395-998
2022-02-12 02:11:06,782 [pool-591-thread-1] INFO  storage.RaftStorage (RaftStorageImpl.java:format(89)) - Storage directory /home/runner/work/ozone/ozone/hadoop-ozone/integration-test/target/test-dir/MiniOzoneClusterImpl-771b091a-ebe2-4b61-867f-4639ffb893ff/ozone-meta/scm-ha/771b091a-ebe2-4b61-867f-4639ffb893ff has been successfully formatted.
2022-02-12 02:11:06,782 [pool-591-thread-1] INFO  server.RaftServerConfigKeys (ConfUtils.java:logGet(44)) - raft.server.notification.no-leader.timeout = 60s (default)
2022-02-12 02:11:06,782 [pool-591-thread-1] INFO  server.RaftServerConfigKeys (ConfUtils.java:logGet(44)) - raft.server.log.use.memory = false (default)
2022-02-12 02:11:06,782 [pool-591-thread-1] INFO  server.RaftServerConfigKeys (ConfUtils.java:logGet(44)) - raft.server.log.purge.gap = 1000000 (custom)
2022-02-12 02:11:06,782 [pool-591-thread-1] INFO  server.RaftServerConfigKeys (ConfUtils.java:logGet(44)) - raft.server.log.appender.buffer.byte-limit = 33554432 (custom)
2022-02-12 02:11:06,782 [pool-591-thread-1] INFO  server.RaftServerConfigKeys (ConfUtils.java:logGet(44)) - raft.server.log.segment.size.max = 4194304 (custom)
2022-02-12 02:11:06,783 [pool-591-thread-1] INFO  server.RaftServerConfigKeys (ConfUtils.java:logGet(44)) - raft.server.log.segment.cache.num.max = 2 (custom)
2022-02-12 02:11:06,783 [pool-591-thread-1] INFO  server.RaftServerConfigKeys (ConfUtils.java:logGet(44)) - raft.server.log.segment.cache.size.max = 200MB (=209715200) (default)
2022-02-12 02:11:06,783 [pool-591-thread-1] INFO  segmented.SegmentedRaftLogWorker (SegmentedRaftLogWorker.java:<init>(182)) - new 1b5f3bca-5d4a-4774-a0d7-e0522b1460f7@group-4639FFB893FF-SegmentedRaftLogWorker for RaftStorageImpl:Storage Directory /home/runner/work/ozone/ozone/hadoop-ozone/integration-test/target/test-dir/MiniOzoneClusterImpl-771b091a-ebe2-4b61-867f-4639ffb893ff/ozone-meta/scm-ha/771b091a-ebe2-4b61-867f-4639ffb893ff
2022-02-12 02:11:06,783 [pool-591-thread-1] INFO  server.RaftServerConfigKeys (ConfUtils.java:logGet(44)) - raft.server.log.queue.byte-limit = 64MB (=67108864) (default)
2022-02-12 02:11:06,783 [pool-591-thread-1] INFO  server.RaftServerConfigKeys (ConfUtils.java:logGet(44)) - raft.server.log.queue.element-limit = 4096 (default)
2022-02-12 02:11:06,783 [pool-591-thread-1] INFO  server.RaftServerConfigKeys (ConfUtils.java:logGet(44)) - raft.server.log.segment.size.max = 4194304 (custom)
2022-02-12 02:11:06,783 [pool-591-thread-1] INFO  server.RaftServerConfigKeys (ConfUtils.java:logGet(44)) - raft.server.log.preallocated.size = 4194304 (custom)
2022-02-12 02:11:06,783 [pool-591-thread-1] INFO  server.RaftServerConfigKeys (ConfUtils.java:logGet(44)) - raft.server.log.force.sync.num = 128 (default)
2022-02-12 02:11:06,783 [pool-591-thread-1] INFO  server.RaftServerConfigKeys (ConfUtils.java:logGet(44)) - raft.server.log.statemachine.data.sync = true (default)
2022-02-12 02:11:06,783 [pool-591-thread-1] INFO  server.RaftServerConfigKeys (ConfUtils.java:logGet(44)) - raft.server.log.statemachine.data.sync.timeout = 10s (default)
2022-02-12 02:11:06,783 [pool-591-thread-1] INFO  server.RaftServerConfigKeys (ConfUtils.java:logGet(44)) - raft.server.log.statemachine.data.sync.timeout.retry = -1 (default)
2022-02-12 02:11:06,795 [pool-591-thread-1] INFO  server.RaftServerConfigKeys (ConfUtils.java:logGet(44)) - raft.server.log.write.buffer.size = 64KB (=65536) (default)
2022-02-12 02:11:06,795 [pool-591-thread-1] INFO  server.RaftServerConfigKeys (ConfUtils.java:logGet(44)) - raft.server.log.statemachine.data.caching.enabled = false (default)
2022-02-12 02:11:06,796 [pool-591-thread-1] INFO  segmented.SegmentedRaftLogWorker (SegmentedRaftLogWorker.java:lambda$new$0(133)) - 1b5f3bca-5d4a-4774-a0d7-e0522b1460f7@group-4639FFB893FF-SegmentedRaftLogWorker: flushIndex: setUnconditionally 0 -> -1
2022-02-12 02:11:06,796 [pool-591-thread-1] INFO  segmented.SegmentedRaftLogWorker (SegmentedRaftLogWorker.java:lambda$new$0(133)) - 1b5f3bca-5d4a-4774-a0d7-e0522b1460f7@group-4639FFB893FF-SegmentedRaftLogWorker: safeCacheEvictIndex: setUnconditionally 0 -> -1
2022-02-12 02:11:06,796 [pool-591-thread-1] INFO  server.RaftServerConfigKeys (ConfUtils.java:logGet(44)) - raft.server.snapshot.auto.trigger.enabled = true (custom)
2022-02-12 02:11:06,796 [pool-591-thread-1] INFO  server.RaftServerConfigKeys (ConfUtils.java:logGet(44)) - raft.server.snapshot.auto.trigger.threshold = 1000 (custom)
2022-02-12 02:11:06,796 [pool-591-thread-1] INFO  server.RaftServerConfigKeys (ConfUtils.java:logGet(44)) - raft.server.snapshot.retention.file.num = -1 (default)
2022-02-12 02:11:06,796 [pool-591-thread-1] INFO  server.RaftServerConfigKeys (ConfUtils.java:logGet(44)) - raft.server.log.purge.upto.snapshot.index = false (default)
2022-02-12 02:11:06,796 [pool-591-thread-1] INFO  server.RaftServerConfigKeys (ConfUtils.java:logGet(44)) - raft.server.retrycache.expirytime = 60000ms (default)
2022-02-12 02:11:06,796 [pool-591-thread-1] INFO  server.RaftServerConfigKeys (ConfUtils.java:logGet(44)) - raft.server.retrycache.statistics.expirytime = 100μs (default)
2022-02-12 02:11:06,799 [Listener at 127.0.0.1/37239] INFO  server.RaftServer$Division (RaftServerImpl.java:start(301)) - 1b5f3bca-5d4a-4774-a0d7-e0522b1460f7@group-4639FFB893FF: start as a follower, conf=-1: [1b5f3bca-5d4a-4774-a0d7-e0522b1460f7|rpc:fv-az395-998:9894|priority:0], old=null
2022-02-12 02:11:06,799 [Listener at 127.0.0.1/37239] INFO  server.RaftServer$Division (RaftServerImpl.java:setRole(290)) - 1b5f3bca-5d4a-4774-a0d7-e0522b1460f7@group-4639FFB893FF: changes role from      null to FOLLOWER at term 0 for startAsFollower
2022-02-12 02:11:06,799 [Listener at 127.0.0.1/37239] INFO  impl.RoleInfo (RoleInfo.java:updateAndGet(130)) - 1b5f3bca-5d4a-4774-a0d7-e0522b1460f7: start 1b5f3bca-5d4a-4774-a0d7-e0522b1460f7@group-4639FFB893FF-FollowerState
2022-02-12 02:11:06,800 [Listener at 127.0.0.1/37239] INFO  util.JmxRegister (JmxRegister.java:tryRegister(44)) - Successfully registered JMX Bean with object name Ratis:service=RaftServer,group=group-4639FFB893FF,id=1b5f3bca-5d4a-4774-a0d7-e0522b1460f7
2022-02-12 02:11:06,800 [Listener at 127.0.0.1/37239] INFO  server.RaftServer (RaftServerProxy.java:lambda$start$5(374)) - 1b5f3bca-5d4a-4774-a0d7-e0522b1460f7: start RPC server
2022-02-12 02:11:06,801 [Listener at 127.0.0.1/37239] INFO  server.GrpcService (GrpcService.java:startImpl(253)) - 1b5f3bca-5d4a-4774-a0d7-e0522b1460f7: GrpcService started, listening on 9894
2022-02-12 02:11:06,801 [org.apache.ratis.util.JvmPauseMonitor$$Lambda$421/534662976@14b59871] INFO  util.JvmPauseMonitor (JvmPauseMonitor.java:run(103)) - JvmPauseMonitor-1b5f3bca-5d4a-4774-a0d7-e0522b1460f7: Started
2022-02-12 02:11:11,958 [1b5f3bca-5d4a-4774-a0d7-e0522b1460f7@group-4639FFB893FF-FollowerState] INFO  impl.FollowerState (FollowerState.java:run(134)) - 1b5f3bca-5d4a-4774-a0d7-e0522b1460f7@group-4639FFB893FF-FollowerState: change to CANDIDATE, lastRpcElapsedTime:5159311848ns, electionTimeout:5158ms
2022-02-12 02:11:11,959 [1b5f3bca-5d4a-4774-a0d7-e0522b1460f7@group-4639FFB893FF-FollowerState] INFO  impl.RoleInfo (RoleInfo.java:shutdownFollowerState(108)) - 1b5f3bca-5d4a-4774-a0d7-e0522b1460f7: shutdown 1b5f3bca-5d4a-4774-a0d7-e0522b1460f7@group-4639FFB893FF-FollowerState
2022-02-12 02:11:11,959 [1b5f3bca-5d4a-4774-a0d7-e0522b1460f7@group-4639FFB893FF-FollowerState] INFO  server.RaftServer$Division (RaftServerImpl.java:setRole(290)) - 1b5f3bca-5d4a-4774-a0d7-e0522b1460f7@group-4639FFB893FF: changes role from  FOLLOWER to CANDIDATE at term 0 for changeToCandidate
2022-02-12 02:11:11,959 [1b5f3bca-5d4a-4774-a0d7-e0522b1460f7@group-4639FFB893FF-FollowerState] INFO  server.RaftServerConfigKeys (ConfUtils.java:logGet(44)) - raft.server.leaderelection.pre-vote = false (custom)
2022-02-12 02:11:11,959 [1b5f3bca-5d4a-4774-a0d7-e0522b1460f7@group-4639FFB893FF-FollowerState] INFO  impl.RoleInfo (RoleInfo.java:updateAndGet(130)) - 1b5f3bca-5d4a-4774-a0d7-e0522b1460f7: start 1b5f3bca-5d4a-4774-a0d7-e0522b1460f7@group-4639FFB893FF-LeaderElection72
2022-02-12 02:11:11,995 [1b5f3bca-5d4a-4774-a0d7-e0522b1460f7@group-4639FFB893FF-LeaderElection72] INFO  impl.LeaderElection (LeaderElection.java:askForVotes(306)) - 1b5f3bca-5d4a-4774-a0d7-e0522b1460f7@group-4639FFB893FF-LeaderElection72 ELECTION round 0: submit vote requests at term 1 for -1: [1b5f3bca-5d4a-4774-a0d7-e0522b1460f7|rpc:fv-az395-998:9894|priority:0], old=null
2022-02-12 02:11:11,995 [1b5f3bca-5d4a-4774-a0d7-e0522b1460f7@group-4639FFB893FF-LeaderElection72] INFO  impl.LeaderElection (LeaderElection.java:askForVotes(308)) - 1b5f3bca-5d4a-4774-a0d7-e0522b1460f7@group-4639FFB893FF-LeaderElection72 ELECTION round 0: result PASSED (term=1)
2022-02-12 02:11:11,995 [1b5f3bca-5d4a-4774-a0d7-e0522b1460f7@group-4639FFB893FF-LeaderElection72] INFO  impl.RoleInfo (RoleInfo.java:shutdownLeaderElection(121)) - 1b5f3bca-5d4a-4774-a0d7-e0522b1460f7: shutdown 1b5f3bca-5d4a-4774-a0d7-e0522b1460f7@group-4639FFB893FF-LeaderElection72
2022-02-12 02:11:11,995 [1b5f3bca-5d4a-4774-a0d7-e0522b1460f7@group-4639FFB893FF-LeaderElection72] INFO  server.RaftServer$Division (RaftServerImpl.java:setRole(290)) - 1b5f3bca-5d4a-4774-a0d7-e0522b1460f7@group-4639FFB893FF: changes role from CANDIDATE to LEADER at term 1 for changeToLeader
2022-02-12 02:11:11,995 [1b5f3bca-5d4a-4774-a0d7-e0522b1460f7@group-4639FFB893FF-LeaderElection72] INFO  server.RaftServer$Division (ServerState.java:setLeader(285)) - 1b5f3bca-5d4a-4774-a0d7-e0522b1460f7@group-4639FFB893FF: change Leader from null to 1b5f3bca-5d4a-4774-a0d7-e0522b1460f7 at term 1 for becomeLeader, leader elected after 5213ms
2022-02-12 02:11:11,995 [1b5f3bca-5d4a-4774-a0d7-e0522b1460f7@group-4639FFB893FF-LeaderElection72] INFO  server.RaftServerConfigKeys (ConfUtils.java:logGet(44)) - raft.server.staging.catchup.gap = 1000 (default)
2022-02-12 02:11:11,996 [1b5f3bca-5d4a-4774-a0d7-e0522b1460f7@group-4639FFB893FF-LeaderElection72] INFO  server.RaftServerConfigKeys (ConfUtils.java:logGet(44)) - raft.server.write.element-limit = 4096 (default)
2022-02-12 02:11:11,996 [1b5f3bca-5d4a-4774-a0d7-e0522b1460f7@group-4639FFB893FF-LeaderElection72] INFO  server.RaftServerConfigKeys (ConfUtils.java:logGet(44)) - raft.server.write.byte-limit = 64MB (=67108864) (default)
2022-02-12 02:11:12,000 [1b5f3bca-5d4a-4774-a0d7-e0522b1460f7@group-4639FFB893FF-LeaderElection72] INFO  server.RaftServerConfigKeys (ConfUtils.java:logGet(44)) - raft.server.watch.timeout = 10s (default)
2022-02-12 02:11:12,000 [1b5f3bca-5d4a-4774-a0d7-e0522b1460f7@group-4639FFB893FF-LeaderElection72] INFO  server.RaftServerConfigKeys (ConfUtils.java:logGet(44)) - raft.server.watch.timeout.denomination = 1s (default)
2022-02-12 02:11:12,000 [1b5f3bca-5d4a-4774-a0d7-e0522b1460f7@group-4639FFB893FF-LeaderElection72] INFO  server.RaftServerConfigKeys (ConfUtils.java:logGet(44)) - raft.server.watch.element-limit = 65536 (default)
2022-02-12 02:11:12,000 [1b5f3bca-5d4a-4774-a0d7-e0522b1460f7@group-4639FFB893FF-LeaderElection72] INFO  server.RaftServerConfigKeys (ConfUtils.java:logGet(44)) - raft.server.write.element-limit = 4096 (default)
2022-02-12 02:11:12,000 [1b5f3bca-5d4a-4774-a0d7-e0522b1460f7@group-4639FFB893FF-LeaderElection72] INFO  server.RaftServerConfigKeys (ConfUtils.java:logGet(44)) - raft.server.write.follower.gap.ratio.max = -1.0 (default)
2022-02-12 02:11:12,001 [1b5f3bca-5d4a-4774-a0d7-e0522b1460f7@group-4639FFB893FF-LeaderElection72] INFO  impl.RoleInfo (RoleInfo.java:updateAndGet(130)) - 1b5f3bca-5d4a-4774-a0d7-e0522b1460f7: start 1b5f3bca-5d4a-4774-a0d7-e0522b1460f7@group-4639FFB893FF-LeaderStateImpl
2022-02-12 02:11:12,001 [1b5f3bca-5d4a-4774-a0d7-e0522b1460f7@group-4639FFB893FF-LeaderElection72] INFO  segmented.SegmentedRaftLogWorker (SegmentedRaftLogWorker.java:startLogSegment(394)) - 1b5f3bca-5d4a-4774-a0d7-e0522b1460f7@group-4639FFB893FF-SegmentedRaftLogWorker: Starting segment from index:0
2022-02-12 02:11:12,024 [1b5f3bca-5d4a-4774-a0d7-e0522b1460f7@group-4639FFB893FF-LeaderElection72] INFO  server.RaftServer$Division (ServerState.java:setRaftConf(387)) - 1b5f3bca-5d4a-4774-a0d7-e0522b1460f7@group-4639FFB893FF: set configuration 0: [1b5f3bca-5d4a-4774-a0d7-e0522b1460f7|rpc:fv-az395-998:9894|admin:|client:|dataStream:|priority:0], old=null
2022-02-12 02:11:12,033 [1b5f3bca-5d4a-4774-a0d7-e0522b1460f7@group-4639FFB893FF-SegmentedRaftLogWorker] INFO  segmented.SegmentedRaftLogWorker (SegmentedRaftLogWorker.java:execute(601)) - 1b5f3bca-5d4a-4774-a0d7-e0522b1460f7@group-4639FFB893FF-SegmentedRaftLogWorker: created new log segment /home/runner/work/ozone/ozone/hadoop-ozone/integration-test/target/test-dir/MiniOzoneClusterImpl-771b091a-ebe2-4b61-867f-4639ffb893ff/ozone-meta/scm-ha/771b091a-ebe2-4b61-867f-4639ffb893ff/current/log_inprogress_0
2022-02-12 02:11:12,806 [Listener at 127.0.0.1/37239] INFO  server.RaftServer (RaftServerProxy.java:lambda$close$6(391)) - 1b5f3bca-5d4a-4774-a0d7-e0522b1460f7: close
2022-02-12 02:11:12,807 [Listener at 127.0.0.1/37239] INFO  server.RaftServer$Division (RaftServerImpl.java:lambda$close$4(412)) - 1b5f3bca-5d4a-4774-a0d7-e0522b1460f7@group-4639FFB893FF: shutdown
2022-02-12 02:11:12,807 [Listener at 127.0.0.1/37239] INFO  util.JmxRegister (JmxRegister.java:unregister(73)) - Successfully un-registered JMX Bean with object name Ratis:service=RaftServer,group=group-4639FFB893FF,id=1b5f3bca-5d4a-4774-a0d7-e0522b1460f7
2022-02-12 02:11:12,807 [Listener at 127.0.0.1/37239] INFO  impl.RoleInfo (RoleInfo.java:shutdownLeaderState(91)) - 1b5f3bca-5d4a-4774-a0d7-e0522b1460f7: shutdown 1b5f3bca-5d4a-4774-a0d7-e0522b1460f7@group-4639FFB893FF-LeaderStateImpl
2022-02-12 02:11:12,807 [Listener at 127.0.0.1/37239] INFO  impl.PendingRequests (PendingRequests.java:sendNotLeaderResponses(282)) - 1b5f3bca-5d4a-4774-a0d7-e0522b1460f7@group-4639FFB893FF-PendingRequests: sendNotLeaderResponses
2022-02-12 02:11:12,808 [Listener at 127.0.0.1/37239] INFO  impl.StateMachineUpdater (StateMachineUpdater.java:stopAndJoin(149)) - 1b5f3bca-5d4a-4774-a0d7-e0522b1460f7@group-4639FFB893FF-StateMachineUpdater: set stopIndex = 0
2022-02-12 02:11:12,808 [1b5f3bca-5d4a-4774-a0d7-e0522b1460f7@group-4639FFB893FF-StateMachineUpdater] INFO  impl.StateMachineUpdater (StateMachineUpdater.java:takeSnapshot(281)) - 1b5f3bca-5d4a-4774-a0d7-e0522b1460f7@group-4639FFB893FF-StateMachineUpdater: Took a snapshot at index 0
2022-02-12 02:11:12,809 [1b5f3bca-5d4a-4774-a0d7-e0522b1460f7@group-4639FFB893FF-StateMachineUpdater] INFO  impl.StateMachineUpdater (StateMachineUpdater.java:lambda$new$0(89)) - 1b5f3bca-5d4a-4774-a0d7-e0522b1460f7@group-4639FFB893FF-StateMachineUpdater: snapshotIndex: updateIncreasingly -1 -> 0
2022-02-12 02:11:12,809 [Listener at 127.0.0.1/37239] INFO  server.RaftServer$Division (ServerState.java:close(419)) - 1b5f3bca-5d4a-4774-a0d7-e0522b1460f7@group-4639FFB893FF: closes. applyIndex: 0
2022-02-12 02:11:12,809 [1b5f3bca-5d4a-4774-a0d7-e0522b1460f7@group-4639FFB893FF-SegmentedRaftLogWorker] INFO  segmented.SegmentedRaftLogWorker (SegmentedRaftLogWorker.java:run(327)) - 1b5f3bca-5d4a-4774-a0d7-e0522b1460f7@group-4639FFB893FF-SegmentedRaftLogWorker was interrupted, exiting. There are 0 tasks remaining in the queue.
2022-02-12 02:11:12,810 [Listener at 127.0.0.1/37239] INFO  segmented.SegmentedRaftLogWorker (SegmentedRaftLogWorker.java:close(237)) - 1b5f3bca-5d4a-4774-a0d7-e0522b1460f7@group-4639FFB893FF-SegmentedRaftLogWorker close()
2022-02-12 02:11:12,820 [Listener at 127.0.0.1/37239] INFO  server.GrpcService (GrpcService.java:closeImpl(262)) - 1b5f3bca-5d4a-4774-a0d7-e0522b1460f7: shutdown server with port 9894 now
2022-02-12 02:11:12,821 [Listener at 127.0.0.1/37239] INFO  server.GrpcService (GrpcService.java:closeImpl(271)) - 1b5f3bca-5d4a-4774-a0d7-e0522b1460f7: shutdown server with port 9894 successfully
2022-02-12 02:11:12,821 [org.apache.ratis.util.JvmPauseMonitor$$Lambda$421/534662976@14b59871] INFO  util.JvmPauseMonitor (JvmPauseMonitor.java:run(109)) - JvmPauseMonitor-1b5f3bca-5d4a-4774-a0d7-e0522b1460f7: Stopped
2022-02-12 02:11:12,821 [Listener at 127.0.0.1/37239] INFO  ha.SCMHANodeDetails (SCMHANodeDetails.java:loadSCMHAConfig(157)) - ServiceID for StorageContainerManager is null
2022-02-12 02:11:12,821 [Listener at 127.0.0.1/37239] INFO  ha.SCMHANodeDetails (SCMHANodeDetails.java:loadSCMHAConfig(162)) - ozone.scm.default.service.id is not defined, falling back to ozone.scm.service.ids to find serviceID for StorageContainerManager if it is HA enabled cluster
2022-02-12 02:11:12,822 [Listener at 127.0.0.1/37239] WARN  server.ServerUtils (ServerUtils.java:getScmDbDir(148)) - ozone.scm.db.dirs is not configured. We recommend adding this setting. Falling back to ozone.metadata.dirs instead.
2022-02-12 02:11:12,822 [Listener at 127.0.0.1/37239] INFO  upgrade.AbstractLayoutVersionManager (AbstractLayoutVersionManager.java:init(79)) - Initializing Layout version manager with metadata layout = SCM_HA (version = 2), software layout = SCM_HA (version = 2)
2022-02-12 02:11:12,903 [Listener at 127.0.0.1/37239] INFO  reflections.Reflections (Reflections.java:scan(232)) - Reflections took 80 ms to scan 7 urls, producing 119 keys and 279 values 
2022-02-12 02:11:12,904 [Listener at 127.0.0.1/37239] WARN  utils.HAUtils (HAUtils.java:getMetaDir(342)) - ozone.scm.db.dirs is not configured. We recommend adding this setting. Falling back to ozone.metadata.dirs instead.
2022-02-12 02:11:12,905 [Listener at 127.0.0.1/37239] WARN  db.DBStoreBuilder (DBStoreBuilder.java:applyDBDefinition(145)) - ozone.scm.db.dirs is not configured. We recommend adding this setting. Falling back to ozone.metadata.dirs instead.
2022-02-12 02:11:13,152 [Listener at 127.0.0.1/37239] INFO  net.NodeSchemaLoader (NodeSchemaLoader.java:loadSchemaFromFile(129)) - Loading schema from [jar:file:/home/runner/.m2/repository/org/apache/ozone/hdds-common/1.3.0-SNAPSHOT/hdds-common-1.3.0-SNAPSHOT.jar!/network-topology-default.xml]
2022-02-12 02:11:13,152 [Listener at 127.0.0.1/37239] INFO  net.NodeSchemaLoader (NodeSchemaLoader.java:loadSchema(176)) - Loading network topology layer schema file
2022-02-12 02:11:13,166 [Listener at 127.0.0.1/37239] INFO  ha.SCMRatisServerImpl (SCMRatisServerImpl.java:<init>(87)) - starting Raft server for scm:1b5f3bca-5d4a-4774-a0d7-e0522b1460f7
2022-02-12 02:11:13,166 [Listener at 127.0.0.1/37239] INFO  server.RaftServer (ConfUtils.java:logGet(44)) - raft.rpc.type = GRPC (default)
2022-02-12 02:11:13,167 [Listener at 127.0.0.1/37239] INFO  grpc.GrpcFactory (GrpcFactory.java:checkPooledByteBufAllocatorUseCacheForAllThreads(48)) - PERFORMANCE WARNING: useCacheForAllThreads is true that may cause Netty to create a lot garbage objects and, as a result, trigger GC.
	It is recommended to disable useCacheForAllThreads by setting -Dorg.apache.ratis.thirdparty.io.netty.allocator.useCacheForAllThreads=false in command line.
2022-02-12 02:11:13,167 [Listener at 127.0.0.1/37239] INFO  grpc.GrpcConfigKeys (ConfUtils.java:logGet(44)) - raft.grpc.admin.port = -1 (default)
2022-02-12 02:11:13,167 [Listener at 127.0.0.1/37239] INFO  grpc.GrpcConfigKeys (ConfUtils.java:logGet(44)) - raft.grpc.server.port = 9894 (custom)
2022-02-12 02:11:13,167 [Listener at 127.0.0.1/37239] INFO  grpc.GrpcConfigKeys (ConfUtils.java:logGet(44)) - raft.grpc.client.port = -1 (default)
2022-02-12 02:11:13,167 [Listener at 127.0.0.1/37239] INFO  grpc.GrpcConfigKeys (ConfUtils.java:logGet(44)) - raft.grpc.server.port = 9894 (custom)
2022-02-12 02:11:13,167 [Listener at 127.0.0.1/37239] INFO  grpc.GrpcConfigKeys (ConfUtils.java:logGet(44)) - raft.grpc.server.port = 9894 (custom)
2022-02-12 02:11:13,176 [Listener at 127.0.0.1/37239] INFO  server.GrpcService (ConfUtils.java:logGet(44)) - raft.grpc.message.size.max = 32m (=33554432) (custom)
2022-02-12 02:11:13,178 [Listener at 127.0.0.1/37239] INFO  server.RaftServerConfigKeys (ConfUtils.java:logGet(44)) - raft.server.log.appender.buffer.byte-limit = 33554432 (custom)
2022-02-12 02:11:13,178 [Listener at 127.0.0.1/37239] INFO  server.GrpcService (ConfUtils.java:logGet(44)) - raft.grpc.flow.control.window = 1MB (=1048576) (default)
2022-02-12 02:11:13,179 [Listener at 127.0.0.1/37239] INFO  server.RaftServerConfigKeys (ConfUtils.java:logGet(44)) - raft.server.rpc.request.timeout = 30000ms (custom)
2022-02-12 02:11:13,180 [Listener at 127.0.0.1/37239] INFO  impl.DataStreamServerImpl (ConfUtils.java:logGet(44)) - raft.datastream.type = DISABLED (default)
2022-02-12 02:11:13,180 [Listener at 127.0.0.1/37239] INFO  server.RaftServerConfigKeys (ConfUtils.java:logGet(44)) - raft.server.rpc.slowness.timeout = 120000ms (custom)
2022-02-12 02:11:13,180 [Listener at 127.0.0.1/37239] INFO  server.RaftServerConfigKeys (ConfUtils.java:logGet(44)) - raft.server.leaderelection.leader.step-down.wait-time = 10s (default)
2022-02-12 02:11:13,180 [Listener at 127.0.0.1/37239] INFO  server.RaftServerConfigKeys (ConfUtils.java:logGet(44)) - raft.server.storage.dir = [/home/runner/work/ozone/ozone/hadoop-ozone/integration-test/target/test-dir/MiniOzoneClusterImpl-771b091a-ebe2-4b61-867f-4639ffb893ff/ozone-meta/scm-ha] (custom)
2022-02-12 02:11:13,180 [Listener at 127.0.0.1/37239] INFO  server.RaftServer (RaftServerProxy.java:lambda$null$1(235)) - 1b5f3bca-5d4a-4774-a0d7-e0522b1460f7: found a subdirectory /home/runner/work/ozone/ozone/hadoop-ozone/integration-test/target/test-dir/MiniOzoneClusterImpl-771b091a-ebe2-4b61-867f-4639ffb893ff/ozone-meta/scm-ha/771b091a-ebe2-4b61-867f-4639ffb893ff
2022-02-12 02:11:13,181 [Listener at 127.0.0.1/37239] INFO  server.RaftServer (RaftServerProxy.java:addNew(95)) - 1b5f3bca-5d4a-4774-a0d7-e0522b1460f7: addNew group-4639FFB893FF:[] returns group-4639FFB893FF:java.util.concurrent.CompletableFuture@5b5752a[Not completed]
2022-02-12 02:11:13,181 [pool-604-thread-1] INFO  server.RaftServer$Division (RaftServerImpl.java:<init>(184)) - 1b5f3bca-5d4a-4774-a0d7-e0522b1460f7: new RaftServerImpl for group-4639FFB893FF:[] with SCMStateMachine:uninitialized
2022-02-12 02:11:13,208 [pool-604-thread-1] INFO  server.RaftServerConfigKeys (ConfUtils.java:logGet(44)) - raft.server.rpc.timeout.min = 5000ms (custom)
2022-02-12 02:11:13,208 [pool-604-thread-1] INFO  server.RaftServerConfigKeys (ConfUtils.java:logGet(44)) - raft.server.rpc.timeout.max = 5200ms (custom)
2022-02-12 02:11:13,209 [pool-604-thread-1] INFO  server.RaftServerConfigKeys (ConfUtils.java:logGet(44)) - raft.server.rpc.sleep.time = 25ms (default)
2022-02-12 02:11:13,209 [pool-604-thread-1] INFO  server.RaftServerConfigKeys (ConfUtils.java:logGet(44)) - raft.server.rpc.slowness.timeout = 120000ms (custom)
2022-02-12 02:11:13,209 [pool-604-thread-1] INFO  server.RaftServerConfigKeys (ConfUtils.java:logGet(44)) - raft.server.leaderelection.leader.step-down.wait-time = 10s (default)
2022-02-12 02:11:13,209 [pool-604-thread-1] INFO  server.RaftServerConfigKeys (ConfUtils.java:logGet(44)) - raft.server.sleep.deviation.threshold = 300ms (default)
2022-02-12 02:11:13,209 [pool-604-thread-1] INFO  server.RaftServerConfigKeys (ConfUtils.java:logGet(44)) - raft.server.log.appender.install.snapshot.enabled = false (custom)
2022-02-12 02:11:13,209 [pool-604-thread-1] INFO  server.RaftServer$Division (ServerState.java:<init>(105)) - 1b5f3bca-5d4a-4774-a0d7-e0522b1460f7@group-4639FFB893FF: ConfigurationManager, init=-1: [], old=null, confs=<EMPTY_MAP>
2022-02-12 02:11:13,209 [pool-604-thread-1] INFO  server.RaftServerConfigKeys (ConfUtils.java:logGet(44)) - raft.server.storage.dir = [/home/runner/work/ozone/ozone/hadoop-ozone/integration-test/target/test-dir/MiniOzoneClusterImpl-771b091a-ebe2-4b61-867f-4639ffb893ff/ozone-meta/scm-ha] (custom)
2022-02-12 02:11:13,209 [pool-604-thread-1] INFO  server.RaftServerConfigKeys (ConfUtils.java:logGet(44)) - raft.server.log.corruption.policy = EXCEPTION (default)
2022-02-12 02:11:13,216 [pool-604-thread-1] INFO  server.RaftServerConfigKeys (ConfUtils.java:logGet(44)) - raft.server.storage.free-space.min = 0MB (=0) (default)
2022-02-12 02:11:13,224 [pool-604-thread-1] INFO  storage.RaftStorageDirectory (RaftStorageDirectoryImpl.java:tryLock(230)) - Lock on /home/runner/work/ozone/ozone/hadoop-ozone/integration-test/target/test-dir/MiniOzoneClusterImpl-771b091a-ebe2-4b61-867f-4639ffb893ff/ozone-meta/scm-ha/771b091a-ebe2-4b61-867f-4639ffb893ff/in_use.lock acquired by nodename 9178@fv-az395-998
2022-02-12 02:11:13,225 [pool-604-thread-1] INFO  storage.RaftStorage (RaftStorageImpl.java:analyzeAndRecoverStorage(110)) - Read RaftStorageMetadata{term=1, votedFor=1b5f3bca-5d4a-4774-a0d7-e0522b1460f7} from /home/runner/work/ozone/ozone/hadoop-ozone/integration-test/target/test-dir/MiniOzoneClusterImpl-771b091a-ebe2-4b61-867f-4639ffb893ff/ozone-meta/scm-ha/771b091a-ebe2-4b61-867f-4639ffb893ff/current/raft-meta
2022-02-12 02:11:13,225 [pool-604-thread-1] INFO  server.RaftServer$Division (ServerState.java:setRaftConf(387)) - 1b5f3bca-5d4a-4774-a0d7-e0522b1460f7@group-4639FFB893FF: set configuration 0: [1b5f3bca-5d4a-4774-a0d7-e0522b1460f7|rpc:fv-az395-998:9894|admin:|client:|dataStream:|priority:0], old=null
2022-02-12 02:11:13,225 [pool-604-thread-1] INFO  server.RaftServerConfigKeys (ConfUtils.java:logGet(44)) - raft.server.notification.no-leader.timeout = 60s (default)
2022-02-12 02:11:13,225 [pool-604-thread-1] INFO  server.RaftServerConfigKeys (ConfUtils.java:logGet(44)) - raft.server.log.use.memory = false (default)
2022-02-12 02:11:13,225 [pool-604-thread-1] INFO  server.RaftServerConfigKeys (ConfUtils.java:logGet(44)) - raft.server.log.purge.gap = 1000000 (custom)
2022-02-12 02:11:13,225 [pool-604-thread-1] INFO  server.RaftServerConfigKeys (ConfUtils.java:logGet(44)) - raft.server.log.appender.buffer.byte-limit = 33554432 (custom)
2022-02-12 02:11:13,225 [pool-604-thread-1] INFO  server.RaftServerConfigKeys (ConfUtils.java:logGet(44)) - raft.server.log.segment.size.max = 4194304 (custom)
2022-02-12 02:11:13,226 [pool-604-thread-1] INFO  server.RaftServerConfigKeys (ConfUtils.java:logGet(44)) - raft.server.log.segment.cache.num.max = 2 (custom)
2022-02-12 02:11:13,226 [pool-604-thread-1] INFO  server.RaftServerConfigKeys (ConfUtils.java:logGet(44)) - raft.server.log.segment.cache.size.max = 200MB (=209715200) (default)
2022-02-12 02:11:13,226 [pool-604-thread-1] INFO  segmented.SegmentedRaftLogWorker (SegmentedRaftLogWorker.java:<init>(182)) - new 1b5f3bca-5d4a-4774-a0d7-e0522b1460f7@group-4639FFB893FF-SegmentedRaftLogWorker for RaftStorageImpl:Storage Directory /home/runner/work/ozone/ozone/hadoop-ozone/integration-test/target/test-dir/MiniOzoneClusterImpl-771b091a-ebe2-4b61-867f-4639ffb893ff/ozone-meta/scm-ha/771b091a-ebe2-4b61-867f-4639ffb893ff
2022-02-12 02:11:13,226 [pool-604-thread-1] INFO  server.RaftServerConfigKeys (ConfUtils.java:logGet(44)) - raft.server.log.queue.byte-limit = 64MB (=67108864) (default)
2022-02-12 02:11:13,226 [pool-604-thread-1] INFO  server.RaftServerConfigKeys (ConfUtils.java:logGet(44)) - raft.server.log.queue.element-limit = 4096 (default)
2022-02-12 02:11:13,226 [pool-604-thread-1] INFO  server.RaftServerConfigKeys (ConfUtils.java:logGet(44)) - raft.server.log.segment.size.max = 4194304 (custom)
2022-02-12 02:11:13,226 [pool-604-thread-1] INFO  server.RaftServerConfigKeys (ConfUtils.java:logGet(44)) - raft.server.log.preallocated.size = 4194304 (custom)
2022-02-12 02:11:13,226 [pool-604-thread-1] INFO  server.RaftServerConfigKeys (ConfUtils.java:logGet(44)) - raft.server.log.force.sync.num = 128 (default)
2022-02-12 02:11:13,226 [pool-604-thread-1] INFO  server.RaftServerConfigKeys (ConfUtils.java:logGet(44)) - raft.server.log.statemachine.data.sync = true (default)
2022-02-12 02:11:13,226 [pool-604-thread-1] INFO  server.RaftServerConfigKeys (ConfUtils.java:logGet(44)) - raft.server.log.statemachine.data.sync.timeout = 10s (default)
2022-02-12 02:11:13,226 [pool-604-thread-1] INFO  server.RaftServerConfigKeys (ConfUtils.java:logGet(44)) - raft.server.log.statemachine.data.sync.timeout.retry = -1 (default)
2022-02-12 02:11:13,227 [pool-604-thread-1] INFO  server.RaftServerConfigKeys (ConfUtils.java:logGet(44)) - raft.server.log.write.buffer.size = 64KB (=65536) (default)
2022-02-12 02:11:13,227 [pool-604-thread-1] INFO  server.RaftServerConfigKeys (ConfUtils.java:logGet(44)) - raft.server.log.statemachine.data.caching.enabled = false (default)
2022-02-12 02:11:13,228 [pool-604-thread-1] INFO  server.RaftServer$Division (ServerState.java:setRaftConf(387)) - 1b5f3bca-5d4a-4774-a0d7-e0522b1460f7@group-4639FFB893FF: set configuration 0: [1b5f3bca-5d4a-4774-a0d7-e0522b1460f7|rpc:fv-az395-998:9894|admin:|client:|dataStream:|priority:0], old=null
2022-02-12 02:11:13,228 [pool-604-thread-1] INFO  segmented.LogSegment (LogSegment.java:loadSegment(173)) - Successfully read 1 entries from segment file /home/runner/work/ozone/ozone/hadoop-ozone/integration-test/target/test-dir/MiniOzoneClusterImpl-771b091a-ebe2-4b61-867f-4639ffb893ff/ozone-meta/scm-ha/771b091a-ebe2-4b61-867f-4639ffb893ff/current/log_inprogress_0
2022-02-12 02:11:13,228 [pool-604-thread-1] INFO  segmented.SegmentedRaftLogWorker (SegmentedRaftLogWorker.java:lambda$new$0(133)) - 1b5f3bca-5d4a-4774-a0d7-e0522b1460f7@group-4639FFB893FF-SegmentedRaftLogWorker: flushIndex: setUnconditionally 0 -> 0
2022-02-12 02:11:13,228 [pool-604-thread-1] INFO  segmented.SegmentedRaftLogWorker (SegmentedRaftLogWorker.java:lambda$new$0(133)) - 1b5f3bca-5d4a-4774-a0d7-e0522b1460f7@group-4639FFB893FF-SegmentedRaftLogWorker: safeCacheEvictIndex: setUnconditionally 0 -> -1
2022-02-12 02:11:13,228 [pool-604-thread-1] INFO  server.RaftServerConfigKeys (ConfUtils.java:logGet(44)) - raft.server.snapshot.auto.trigger.enabled = true (custom)
2022-02-12 02:11:13,228 [pool-604-thread-1] INFO  server.RaftServerConfigKeys (ConfUtils.java:logGet(44)) - raft.server.snapshot.auto.trigger.threshold = 1000 (custom)
2022-02-12 02:11:13,228 [pool-604-thread-1] INFO  server.RaftServerConfigKeys (ConfUtils.java:logGet(44)) - raft.server.snapshot.retention.file.num = -1 (default)
2022-02-12 02:11:13,228 [pool-604-thread-1] INFO  server.RaftServerConfigKeys (ConfUtils.java:logGet(44)) - raft.server.log.purge.upto.snapshot.index = false (default)
2022-02-12 02:11:13,229 [pool-604-thread-1] INFO  server.RaftServerConfigKeys (ConfUtils.java:logGet(44)) - raft.server.retrycache.expirytime = 60000ms (default)
2022-02-12 02:11:13,229 [pool-604-thread-1] INFO  server.RaftServerConfigKeys (ConfUtils.java:logGet(44)) - raft.server.retrycache.statistics.expirytime = 100μs (default)
2022-02-12 02:11:13,230 [Listener at 127.0.0.1/37239] INFO  ha.SCMSnapshotProvider (SCMSnapshotProvider.java:<init>(66)) - Initializing SCM Snapshot Provider
2022-02-12 02:11:13,230 [Listener at 127.0.0.1/37239] WARN  server.ServerUtils (ServerUtils.java:getDefaultRatisDirectory(237)) - Storage directory for Ratis is not configured. It is a good idea to map this to an SSD disk. Falling back to ozone.metadata.dirs
2022-02-12 02:11:13,230 [Listener at 127.0.0.1/37239] WARN  ha.SCMHAUtils (SCMHAUtils.java:getSCMRatisSnapshotDirectory(146)) - SCM snapshot dir is not configured. Falling back to ozone.metadata.dirs config
2022-02-12 02:11:13,231 [Listener at 127.0.0.1/37239] INFO  ha.SequenceIdGenerator (SequenceIdGenerator.java:upgradeToSequenceId(347)) - upgrade localId to 109611004723200000
2022-02-12 02:11:13,231 [Listener at 127.0.0.1/37239] INFO  ha.SequenceIdGenerator (SequenceIdGenerator.java:upgradeToSequenceId(357)) - upgrade delTxnId to 0
2022-02-12 02:11:13,232 [Listener at 127.0.0.1/37239] INFO  ha.SequenceIdGenerator (SequenceIdGenerator.java:upgradeToSequenceId(371)) - upgrade containerId to 0
2022-02-12 02:11:13,232 [Listener at 127.0.0.1/37239] INFO  ha.SequenceIdGenerator (SequenceIdGenerator.java:<init>(218)) - Init the HA SequenceIdGenerator.
2022-02-12 02:11:13,232 [Listener at 127.0.0.1/37239] WARN  server.ServerUtils (ServerUtils.java:sanitizeUserArgs(73)) - ozone.scm.stale.node.interval value = 300000 is larger than max = 100000 based on the key value of ozone.scm.heartbeat.thread.interval, reset to the max value 100000.
2022-02-12 02:11:13,232 [Listener at 127.0.0.1/37239] WARN  server.ServerUtils (ServerUtils.java:sanitizeUserArgs(73)) - ozone.scm.stale.node.interval value = 300000 is larger than max = 100000 based on the key value of ozone.scm.heartbeat.thread.interval, reset to the max value 100000.
2022-02-12 02:11:13,233 [Listener at 127.0.0.1/37239] INFO  node.SCMNodeManager (SCMNodeManager.java:<init>(144)) - Entering startup safe mode.
2022-02-12 02:11:13,233 [Listener at 127.0.0.1/37239] INFO  algorithms.ContainerPlacementPolicyFactory (ContainerPlacementPolicyFactory.java:getPolicy(60)) - Create container placement policy of type org.apache.hadoop.hdds.scm.container.placement.algorithms.SCMContainerPlacementRandom
2022-02-12 02:11:13,233 [Listener at 127.0.0.1/37239] INFO  pipeline.PipelineStateManagerImpl (PipelineStateManagerImpl.java:initialize(78)) - No pipeline exists in current db
2022-02-12 02:11:13,233 [Listener at 127.0.0.1/37239] INFO  algorithms.LeaderChoosePolicyFactory (LeaderChoosePolicyFactory.java:getPolicy(57)) - Create leader choose policy of type org.apache.hadoop.hdds.scm.pipeline.leader.choose.algorithms.MinLeaderCountChoosePolicy
2022-02-12 02:11:13,234 [Listener at 127.0.0.1/37239] INFO  ha.SCMServiceManager (SCMServiceManager.java:register(43)) - Registering service BackgroundPipelineCreator.
2022-02-12 02:11:13,234 [Listener at 127.0.0.1/37239] INFO  pipeline.BackgroundPipelineCreator (BackgroundPipelineCreator.java:start(130)) - Starting RatisPipelineUtilsThread.
2022-02-12 02:11:13,234 [Listener at 127.0.0.1/37239] INFO  algorithms.PipelineChoosePolicyFactory (PipelineChoosePolicyFactory.java:createPipelineChoosePolicyFromClass(73)) - Create pipeline choose policy of type org.apache.hadoop.hdds.scm.pipeline.choose.algorithms.RandomPipelineChoosePolicy
2022-02-12 02:11:13,235 [Listener at 127.0.0.1/37239] INFO  ha.SCMServiceManager (SCMServiceManager.java:register(43)) - Registering service SCMBlockDeletingService.
2022-02-12 02:11:13,235 [Listener at 127.0.0.1/37239] INFO  ha.SCMServiceManager (SCMServiceManager.java:register(43)) - Registering service ReplicationManager.
2022-02-12 02:11:13,235 [Listener at 127.0.0.1/37239] INFO  container.ReplicationManager (ReplicationManager.java:start(326)) - Starting Replication Monitor Thread.
2022-02-12 02:11:13,236 [Listener at 127.0.0.1/37239] INFO  safemode.ContainerSafeModeRule (ContainerSafeModeRule.java:<init>(89)) - containers with one replica threshold count 0
2022-02-12 02:11:13,236 [Listener at 127.0.0.1/37239] INFO  safemode.HealthyPipelineSafeModeRule (HealthyPipelineSafeModeRule.java:initializeRule(156)) - Total pipeline count is 0, healthy pipeline threshold count is 1
2022-02-12 02:11:13,236 [Listener at 127.0.0.1/37239] INFO  safemode.OneReplicaPipelineSafeModeRule (OneReplicaPipelineSafeModeRule.java:initializeRule(180)) - Total pipeline count is 0, pipeline's with at least one datanode reported threshold count is 0
2022-02-12 02:11:13,237 [Listener at 127.0.0.1/37239] INFO  ipc.CallQueueManager (CallQueueManager.java:<init>(90)) - Using callQueue: class java.util.concurrent.LinkedBlockingQueue, queueCapacity: 2000, scheduler: class org.apache.hadoop.ipc.DefaultRpcScheduler, ipcBackoff: false.
2022-02-12 02:11:13,237 [Socket Reader #1 for port 0] INFO  ipc.Server (Server.java:run(1265)) - Starting Socket Reader #1 for port 0
2022-02-12 02:11:13,238 [Listener at 0.0.0.0/43425] INFO  ipc.CallQueueManager (CallQueueManager.java:<init>(90)) - Using callQueue: class java.util.concurrent.LinkedBlockingQueue, queueCapacity: 2000, scheduler: class org.apache.hadoop.ipc.DefaultRpcScheduler, ipcBackoff: false.
2022-02-12 02:11:13,239 [Socket Reader #1 for port 0] INFO  ipc.Server (Server.java:run(1265)) - Starting Socket Reader #1 for port 0
2022-02-12 02:11:13,239 [Listener at 0.0.0.0/35487] INFO  ipc.CallQueueManager (CallQueueManager.java:<init>(90)) - Using callQueue: class java.util.concurrent.LinkedBlockingQueue, queueCapacity: 2000, scheduler: class org.apache.hadoop.ipc.DefaultRpcScheduler, ipcBackoff: false.
2022-02-12 02:11:13,244 [Socket Reader #1 for port 0] INFO  ipc.Server (Server.java:run(1265)) - Starting Socket Reader #1 for port 0
2022-02-12 02:11:13,257 [ReplicationMonitor] INFO  container.ReplicationManager (ReplicationManager.java:processAll(374)) - Replication Manager is not ready to run until 3000ms after safemode exit
2022-02-12 02:11:13,314 [Listener at 0.0.0.0/43357] INFO  algorithms.ContainerPlacementPolicyFactory (ContainerPlacementPolicyFactory.java:getPolicy(60)) - Create container placement policy of type org.apache.hadoop.hdds.scm.container.placement.algorithms.SCMContainerPlacementRandom
2022-02-12 02:11:13,315 [Listener at 0.0.0.0/43357] INFO  server.StorageContainerManager (StorageContainerManager.java:<init>(388)) - 
Container Balancer status:
Key                            Value
Running                        false
Container Balancer Configuration values:
Key                                                Value
Threshold                                          10
Max Datanodes to Involve per Iteration(percent)    20
Max Size to Move per Iteration                     500GB
Max Size Entering Target per Iteration             26GB
Max Size Leaving Source per Iteration              26GB

2022-02-12 02:11:13,315 [Listener at 0.0.0.0/43357] WARN  events.EventQueue (EventQueue.java:fireEvent(194)) - No event handler registered for event TypedEvent{payloadType=SafeModeStatus, name='Safe mode status'}
2022-02-12 02:11:13,315 [Listener at 0.0.0.0/43357] INFO  ha.SCMContext (SCMContext.java:updateSafeModeStatus(211)) - Update SafeModeStatus from SafeModeStatus{safeModeStatus=true, preCheckPassed=false} to SafeModeStatus{safeModeStatus=true, preCheckPassed=false}.
2022-02-12 02:11:13,316 [Listener at 0.0.0.0/43357] INFO  server.StorageContainerManager (StorageContainerManager.java:start(1303)) - StorageContainerLocationProtocol RPC server is listening at /0.0.0.0:43357
2022-02-12 02:11:13,316 [Listener at 0.0.0.0/43357] INFO  ha.SCMRatisServerImpl (SCMRatisServerImpl.java:start(177)) - starting ratis server 0.0.0.0:9894
2022-02-12 02:11:13,316 [Listener at 0.0.0.0/43357] INFO  server.RaftServer$Division (RaftServerImpl.java:start(301)) - 1b5f3bca-5d4a-4774-a0d7-e0522b1460f7@group-4639FFB893FF: start as a follower, conf=0: [1b5f3bca-5d4a-4774-a0d7-e0522b1460f7|rpc:fv-az395-998:9894|admin:|client:|dataStream:|priority:0], old=null
2022-02-12 02:11:13,316 [Listener at 0.0.0.0/43357] INFO  server.RaftServer$Division (RaftServerImpl.java:setRole(290)) - 1b5f3bca-5d4a-4774-a0d7-e0522b1460f7@group-4639FFB893FF: changes role from      null to FOLLOWER at term 1 for startAsFollower
2022-02-12 02:11:13,316 [Listener at 0.0.0.0/43357] INFO  impl.RoleInfo (RoleInfo.java:updateAndGet(130)) - 1b5f3bca-5d4a-4774-a0d7-e0522b1460f7: start 1b5f3bca-5d4a-4774-a0d7-e0522b1460f7@group-4639FFB893FF-FollowerState
2022-02-12 02:11:13,316 [Listener at 0.0.0.0/43357] INFO  util.JmxRegister (JmxRegister.java:tryRegister(44)) - Successfully registered JMX Bean with object name Ratis:service=RaftServer,group=group-4639FFB893FF,id=1b5f3bca-5d4a-4774-a0d7-e0522b1460f7
2022-02-12 02:11:13,323 [Listener at 0.0.0.0/43357] INFO  server.RaftServer (RaftServerProxy.java:lambda$start$5(374)) - 1b5f3bca-5d4a-4774-a0d7-e0522b1460f7: start RPC server
2022-02-12 02:11:13,323 [Listener at 0.0.0.0/43357] INFO  server.GrpcService (GrpcService.java:startImpl(253)) - 1b5f3bca-5d4a-4774-a0d7-e0522b1460f7: GrpcService started, listening on 9894
2022-02-12 02:11:13,335 [Listener at 0.0.0.0/43357] INFO  ha.SCMHAManagerImpl (SCMHAManagerImpl.java:start(121)) -  scm role is FOLLOWER peers [1b5f3bca-5d4a-4774-a0d7-e0522b1460f7|rpc:fv-az395-998:9894|admin:|client:|dataStream:|priority:0]
2022-02-12 02:11:13,335 [Listener at 0.0.0.0/43357] INFO  ha.InterSCMGrpcService (InterSCMGrpcProtocolService.java:start(94)) - Starting SCM Grpc Service at port 9895
2022-02-12 02:11:13,336 [Listener at 0.0.0.0/43357] WARN  impl.MetricsConfig (MetricsConfig.java:loadFirst(136)) - Cannot locate configuration: tried hadoop-metrics2-storagecontainermanager.properties,hadoop-metrics2.properties
2022-02-12 02:11:13,348 [org.apache.ratis.util.JvmPauseMonitor$$Lambda$421/534662976@4110dd10] INFO  util.JvmPauseMonitor (JvmPauseMonitor.java:run(103)) - JvmPauseMonitor-1b5f3bca-5d4a-4774-a0d7-e0522b1460f7: Started
2022-02-12 02:11:13,356 [Listener at 0.0.0.0/43357] INFO  impl.MetricsSystemImpl (MetricsSystemImpl.java:startTimer(378)) - Scheduled Metric snapshot period at 10 second(s).
2022-02-12 02:11:13,357 [Listener at 0.0.0.0/43357] INFO  impl.MetricsSystemImpl (MetricsSystemImpl.java:start(191)) - StorageContainerManager metrics system started
2022-02-12 02:11:13,368 [Listener at 0.0.0.0/43357] INFO  impl.MetricsSinkAdapter (MetricsSinkAdapter.java:start(204)) - Sink prometheus started
2022-02-12 02:11:13,368 [Listener at 0.0.0.0/43357] INFO  impl.MetricsSystemImpl (MetricsSystemImpl.java:registerSink(305)) - Registered sink prometheus
2022-02-12 02:11:13,437 [Listener at 0.0.0.0/43357] INFO  server.SCMClientProtocolServer (SCMClientProtocolServer.java:start(165)) - RPC server for Client  is listening at /0.0.0.0:43357
2022-02-12 02:11:13,444 [IPC Server Responder] INFO  ipc.Server (Server.java:run(1507)) - IPC Server Responder: starting
2022-02-12 02:11:13,444 [IPC Server listener on 0] INFO  ipc.Server (Server.java:run(1344)) - IPC Server listener on 0: starting
2022-02-12 02:11:13,446 [Listener at 0.0.0.0/43357] INFO  server.StorageContainerManager (StorageContainerManager.java:start(1318)) - ScmBlockLocationProtocol RPC server is listening at /0.0.0.0:35487
2022-02-12 02:11:13,446 [Listener at 0.0.0.0/43357] INFO  server.SCMBlockProtocolServer (SCMBlockProtocolServer.java:start(151)) - RPC server for Block Protocol is listening at /0.0.0.0:35487
2022-02-12 02:11:13,460 [IPC Server Responder] INFO  ipc.Server (Server.java:run(1507)) - IPC Server Responder: starting
2022-02-12 02:11:13,479 [IPC Server listener on 0] INFO  ipc.Server (Server.java:run(1344)) - IPC Server listener on 0: starting
2022-02-12 02:11:13,608 [Listener at 0.0.0.0/43357] INFO  http.BaseHttpServer (BaseHttpServer.java:newHttpServer2BuilderForOzone(209)) - Starting Web-server for scm at: http://0.0.0.0:0
2022-02-12 02:11:13,608 [Listener at 0.0.0.0/43357] INFO  http.BaseHttpServer (BaseHttpServer.java:<init>(107)) - Hadoop Security Enabled: false Ozone Security Enabled: false Ozone HTTP Security Enabled: false 
2022-02-12 02:11:13,609 [Listener at 0.0.0.0/43357] INFO  server.AuthenticationFilter (AuthenticationFilter.java:constructSecretProvider(240)) - Unable to initialize FileSignerSecretProvider, falling back to use random secrets.
2022-02-12 02:11:13,612 [org.apache.hadoop.util.JvmPauseMonitor$Monitor@7f206e59] INFO  util.JvmPauseMonitor (JvmPauseMonitor.java:run(188)) - Starting JVM pause monitor
2022-02-12 02:11:13,624 [Listener at 0.0.0.0/43357] WARN  http.HttpRequestLog (HttpRequestLog.java:getRequestLog(103)) - Jetty request log can only be enabled using Log4j
2022-02-12 02:11:13,625 [Listener at 0.0.0.0/43357] INFO  http.HttpServer2 (HttpServer2.java:addGlobalFilter(1030)) - Added global filter 'safety' (class=org.apache.hadoop.hdds.server.http.HttpServer2$QuotingInputFilter)
2022-02-12 02:11:13,625 [Listener at 0.0.0.0/43357] INFO  http.HttpServer2 (HttpServer2.java:addFilter(1006)) - Added filter static_user_filter (class=org.apache.hadoop.http.lib.StaticUserWebFilter$StaticUserFilter) to context scm
2022-02-12 02:11:13,626 [Listener at 0.0.0.0/43357] INFO  http.HttpServer2 (HttpServer2.java:addFilter(1014)) - Added filter static_user_filter (class=org.apache.hadoop.http.lib.StaticUserWebFilter$StaticUserFilter) to context static
2022-02-12 02:11:13,626 [Listener at 0.0.0.0/43357] INFO  http.HttpServer2 (HttpServer2.java:addFilter(1014)) - Added filter static_user_filter (class=org.apache.hadoop.http.lib.StaticUserWebFilter$StaticUserFilter) to context logs
2022-02-12 02:11:13,626 [Listener at 0.0.0.0/43357] INFO  http.HttpServer2 (HttpServer2.java:bindListener(1249)) - Jetty bound to port 39371
2022-02-12 02:11:13,626 [Listener at 0.0.0.0/43357] INFO  server.Server (Server.java:doStart(375)) - jetty-9.4.43.v20210629; built: 2021-06-30T11:07:22.254Z; git: 526006ecfa3af7f1a27ef3a288e2bef7ea9dd7e8; jvm 1.8.0_312-b07
2022-02-12 02:11:13,727 [Listener at 0.0.0.0/43357] INFO  server.session (DefaultSessionIdManager.java:doStart(334)) - DefaultSessionIdManager workerName=node0
2022-02-12 02:11:13,727 [Listener at 0.0.0.0/43357] INFO  server.session (DefaultSessionIdManager.java:doStart(339)) - No SessionScavenger set, using defaults
2022-02-12 02:11:13,727 [Listener at 0.0.0.0/43357] INFO  server.session (HouseKeeper.java:startScavenging(132)) - node0 Scavenging every 600000ms
2022-02-12 02:11:13,728 [Listener at 0.0.0.0/43357] INFO  handler.ContextHandler (ContextHandler.java:doStart(915)) - Started o.e.j.s.ServletContextHandler@12e74d4f{logs,/logs,file:///home/runner/work/ozone/ozone/hadoop-ozone/integration-test/target/log,AVAILABLE}
2022-02-12 02:11:13,728 [Listener at 0.0.0.0/43357] INFO  handler.ContextHandler (ContextHandler.java:doStart(915)) - Started o.e.j.s.ServletContextHandler@8235997{static,/static,file:///home/runner/work/ozone/ozone/hadoop-ozone/integration-test/target/test-classes/webapps/static,AVAILABLE}
2022-02-12 02:11:13,731 [Listener at 0.0.0.0/43357] INFO  handler.ContextHandler (ContextHandler.java:doStart(915)) - Started o.e.j.w.WebAppContext@7bb070b7{scm,/,file:///home/runner/work/ozone/ozone/hadoop-ozone/integration-test/target/test-classes/webapps/scm/,AVAILABLE}{file:/home/runner/work/ozone/ozone/hadoop-ozone/integration-test/target/test-classes/webapps/scm}
2022-02-12 02:11:13,742 [Listener at 0.0.0.0/43357] INFO  server.AbstractConnector (AbstractConnector.java:doStart(331)) - Started ServerConnector@45547014{HTTP/1.1, (http/1.1)}{0.0.0.0:39371}
2022-02-12 02:11:13,742 [Listener at 0.0.0.0/43357] INFO  server.Server (Server.java:doStart(415)) - Started @291966ms
2022-02-12 02:11:13,742 [Listener at 0.0.0.0/43357] WARN  impl.MetricsSystemImpl (MetricsSystemImpl.java:register(279)) - Sink prometheus already exists!
2022-02-12 02:11:13,747 [Listener at 0.0.0.0/43357] INFO  http.BaseHttpServer (BaseHttpServer.java:updateConnectorAddress(329)) - HTTP server of scm listening at http://0.0.0.0:39371
2022-02-12 02:11:13,747 [Listener at 0.0.0.0/43357] WARN  server.ServerUtils (ServerUtils.java:getDBPath(225)) - ozone.om.db.dirs is not configured. We recommend adding this setting. Falling back to ozone.metadata.dirs instead.
2022-02-12 02:11:13,749 [Listener at 0.0.0.0/43357] INFO  ha.OMHANodeDetails (OMHANodeDetails.java:loadOMHAConfig(112)) - ozone.om.internal.service.id is not defined, falling back to ozone.om.service.ids to find serviceID for OzoneManager if it is HA enabled cluster
2022-02-12 02:11:13,749 [Listener at 0.0.0.0/43357] INFO  ha.OMHANodeDetails (OMHANodeDetails.java:loadOMHAConfig(218)) - Configuration does not have ozone.om.address set. Falling back to the default OM address /127.0.0.1:0
2022-02-12 02:11:13,749 [Listener at 0.0.0.0/43357] INFO  ha.OMHANodeDetails (OMHANodeDetails.java:getOMNodeDetailsForNonHA(246)) - OM Service ID is not set. Setting it to the default ID: omServiceIdDefault
2022-02-12 02:11:13,749 [Listener at 0.0.0.0/43357] INFO  ha.OMHANodeDetails (OMHANodeDetails.java:getOMNodeDetailsForNonHA(253)) - OM Node ID is not set. Setting it to the default ID: om1
2022-02-12 02:11:13,749 [Listener at 0.0.0.0/43357] WARN  server.ServerUtils (ServerUtils.java:getDBPath(225)) - ozone.om.db.dirs is not configured. We recommend adding this setting. Falling back to ozone.metadata.dirs instead.
2022-02-12 02:11:13,750 [Listener at 0.0.0.0/43357] INFO  upgrade.AbstractLayoutVersionManager (AbstractLayoutVersionManager.java:init(79)) - Initializing Layout version manager with metadata layout = INITIAL_VERSION (version = 0), software layout = INITIAL_VERSION (version = 0)
2022-02-12 02:11:13,960 [Listener at 0.0.0.0/43357] INFO  reflections.Reflections (Reflections.java:scan(232)) - Reflections took 209 ms to scan 2 urls, producing 133 keys and 348 values [using 2 cores]
2022-02-12 02:11:13,960 [Listener at 0.0.0.0/43357] INFO  upgrade.OMLayoutVersionManager (OMLayoutVersionManager.java:lambda$0(115)) - Skipping Upgrade Action MockOmUpgradeAction since it has been finalized.
2022-02-12 02:11:13,960 [Listener at 0.0.0.0/43357] WARN  server.ServerUtils (ServerUtils.java:getDBPath(225)) - ozone.om.db.dirs is not configured. We recommend adding this setting. Falling back to ozone.metadata.dirs instead.
2022-02-12 02:11:16,045 [Listener at 0.0.0.0/43357] INFO  retry.RetryInvocationHandler (RetryInvocationHandler.java:log(411)) - com.google.protobuf.ServiceException: org.apache.hadoop.ipc.RemoteException(org.apache.hadoop.hdds.ratis.ServerNotLeaderException): Server:1b5f3bca-5d4a-4774-a0d7-e0522b1460f7 is not the leader. Could not determine the leader node.
	at org.apache.hadoop.hdds.ratis.ServerNotLeaderException.convertToNotLeaderException(ServerNotLeaderException.java:109)
	at org.apache.hadoop.hdds.scm.ha.RatisUtil.checkRatisException(RatisUtil.java:245)
	at org.apache.hadoop.hdds.scm.protocol.ScmBlockLocationProtocolServerSideTranslatorPB.send(ScmBlockLocationProtocolServerSideTranslatorPB.java:108)
	at org.apache.hadoop.hdds.protocol.proto.ScmBlockLocationProtocolProtos$ScmBlockLocationProtocolService$2.callBlockingMethod(ScmBlockLocationProtocolProtos.java:13937)
	at org.apache.hadoop.ipc.ProtobufRpcEngine$Server.processCall(ProtobufRpcEngine.java:466)
	at org.apache.hadoop.ipc.ProtobufRpcEngine2$Server$ProtoBufRpcInvoker.call(ProtobufRpcEngine2.java:574)
	at org.apache.hadoop.ipc.ProtobufRpcEngine2$Server$ProtoBufRpcInvoker.call(ProtobufRpcEngine2.java:552)
	at org.apache.hadoop.ipc.RPC$Server.call(RPC.java:1093)
	at org.apache.hadoop.ipc.Server$RpcCall.run(Server.java:1035)
	at org.apache.hadoop.ipc.Server$RpcCall.run(Server.java:963)
	at java.security.AccessController.doPrivileged(Native Method)
	at javax.security.auth.Subject.doAs(Subject.java:422)
	at org.apache.hadoop.security.UserGroupInformation.doAs(UserGroupInformation.java:1878)
	at org.apache.hadoop.ipc.Server$Handler.run(Server.java:2966)
, while invoking $Proxy46.send over nodeId=scmNodeId,nodeAddress=/0.0.0.0:35487 after 1 failover attempts. Trying to failover after sleeping for 2000ms.
2022-02-12 02:11:18,049 [Listener at 0.0.0.0/43357] INFO  retry.RetryInvocationHandler (RetryInvocationHandler.java:log(411)) - com.google.protobuf.ServiceException: org.apache.hadoop.ipc.RemoteException(org.apache.hadoop.hdds.ratis.ServerNotLeaderException): Server:1b5f3bca-5d4a-4774-a0d7-e0522b1460f7 is not the leader. Could not determine the leader node.
	at org.apache.hadoop.hdds.ratis.ServerNotLeaderException.convertToNotLeaderException(ServerNotLeaderException.java:109)
	at org.apache.hadoop.hdds.scm.ha.RatisUtil.checkRatisException(RatisUtil.java:245)
	at org.apache.hadoop.hdds.scm.protocol.ScmBlockLocationProtocolServerSideTranslatorPB.send(ScmBlockLocationProtocolServerSideTranslatorPB.java:108)
	at org.apache.hadoop.hdds.protocol.proto.ScmBlockLocationProtocolProtos$ScmBlockLocationProtocolService$2.callBlockingMethod(ScmBlockLocationProtocolProtos.java:13937)
	at org.apache.hadoop.ipc.ProtobufRpcEngine$Server.processCall(ProtobufRpcEngine.java:466)
	at org.apache.hadoop.ipc.ProtobufRpcEngine2$Server$ProtoBufRpcInvoker.call(ProtobufRpcEngine2.java:574)
	at org.apache.hadoop.ipc.ProtobufRpcEngine2$Server$ProtoBufRpcInvoker.call(ProtobufRpcEngine2.java:552)
	at org.apache.hadoop.ipc.RPC$Server.call(RPC.java:1093)
	at org.apache.hadoop.ipc.Server$RpcCall.run(Server.java:1035)
	at org.apache.hadoop.ipc.Server$RpcCall.run(Server.java:963)
	at java.security.AccessController.doPrivileged(Native Method)
	at javax.security.auth.Subject.doAs(Subject.java:422)
	at org.apache.hadoop.security.UserGroupInformation.doAs(UserGroupInformation.java:1878)
	at org.apache.hadoop.ipc.Server$Handler.run(Server.java:2966)
, while invoking $Proxy46.send over nodeId=scmNodeId,nodeAddress=/0.0.0.0:35487 after 2 failover attempts. Trying to failover after sleeping for 2000ms.
2022-02-12 02:11:18,370 [1b5f3bca-5d4a-4774-a0d7-e0522b1460f7@group-4639FFB893FF-FollowerState] INFO  impl.FollowerState (FollowerState.java:run(134)) - 1b5f3bca-5d4a-4774-a0d7-e0522b1460f7@group-4639FFB893FF-FollowerState: change to CANDIDATE, lastRpcElapsedTime:5053836856ns, electionTimeout:5052ms
2022-02-12 02:11:18,370 [1b5f3bca-5d4a-4774-a0d7-e0522b1460f7@group-4639FFB893FF-FollowerState] INFO  impl.RoleInfo (RoleInfo.java:shutdownFollowerState(108)) - 1b5f3bca-5d4a-4774-a0d7-e0522b1460f7: shutdown 1b5f3bca-5d4a-4774-a0d7-e0522b1460f7@group-4639FFB893FF-FollowerState
2022-02-12 02:11:18,370 [1b5f3bca-5d4a-4774-a0d7-e0522b1460f7@group-4639FFB893FF-FollowerState] INFO  server.RaftServer$Division (RaftServerImpl.java:setRole(290)) - 1b5f3bca-5d4a-4774-a0d7-e0522b1460f7@group-4639FFB893FF: changes role from  FOLLOWER to CANDIDATE at term 1 for changeToCandidate
2022-02-12 02:11:18,370 [1b5f3bca-5d4a-4774-a0d7-e0522b1460f7@group-4639FFB893FF-FollowerState] INFO  server.RaftServerConfigKeys (ConfUtils.java:logGet(44)) - raft.server.leaderelection.pre-vote = false (custom)
2022-02-12 02:11:18,370 [1b5f3bca-5d4a-4774-a0d7-e0522b1460f7@group-4639FFB893FF-FollowerState] INFO  impl.RoleInfo (RoleInfo.java:updateAndGet(130)) - 1b5f3bca-5d4a-4774-a0d7-e0522b1460f7: start 1b5f3bca-5d4a-4774-a0d7-e0522b1460f7@group-4639FFB893FF-LeaderElection73
2022-02-12 02:11:18,409 [1b5f3bca-5d4a-4774-a0d7-e0522b1460f7@group-4639FFB893FF-LeaderElection73] INFO  impl.LeaderElection (LeaderElection.java:askForVotes(306)) - 1b5f3bca-5d4a-4774-a0d7-e0522b1460f7@group-4639FFB893FF-LeaderElection73 ELECTION round 0: submit vote requests at term 2 for 0: [1b5f3bca-5d4a-4774-a0d7-e0522b1460f7|rpc:fv-az395-998:9894|admin:|client:|dataStream:|priority:0], old=null
2022-02-12 02:11:18,409 [1b5f3bca-5d4a-4774-a0d7-e0522b1460f7@group-4639FFB893FF-LeaderElection73] INFO  impl.LeaderElection (LeaderElection.java:askForVotes(308)) - 1b5f3bca-5d4a-4774-a0d7-e0522b1460f7@group-4639FFB893FF-LeaderElection73 ELECTION round 0: result PASSED (term=2)
2022-02-12 02:11:18,409 [1b5f3bca-5d4a-4774-a0d7-e0522b1460f7@group-4639FFB893FF-LeaderElection73] INFO  impl.RoleInfo (RoleInfo.java:shutdownLeaderElection(121)) - 1b5f3bca-5d4a-4774-a0d7-e0522b1460f7: shutdown 1b5f3bca-5d4a-4774-a0d7-e0522b1460f7@group-4639FFB893FF-LeaderElection73
2022-02-12 02:11:18,409 [1b5f3bca-5d4a-4774-a0d7-e0522b1460f7@group-4639FFB893FF-LeaderElection73] INFO  server.RaftServer$Division (RaftServerImpl.java:setRole(290)) - 1b5f3bca-5d4a-4774-a0d7-e0522b1460f7@group-4639FFB893FF: changes role from CANDIDATE to LEADER at term 2 for changeToLeader
2022-02-12 02:11:18,409 [1b5f3bca-5d4a-4774-a0d7-e0522b1460f7@group-4639FFB893FF-LeaderElection73] INFO  ha.SCMStateMachine (SCMStateMachine.java:notifyLeaderChanged(259)) - current SCM becomes leader of term 2.
2022-02-12 02:11:18,412 [1b5f3bca-5d4a-4774-a0d7-e0522b1460f7@group-4639FFB893FF-LeaderElection73] INFO  ha.SCMContext (SCMContext.java:updateLeaderAndTerm(90)) - update <isLeader,term> from <false,0> to <true,2>
2022-02-12 02:11:18,412 [1b5f3bca-5d4a-4774-a0d7-e0522b1460f7@group-4639FFB893FF-LeaderElection73] INFO  server.RaftServer$Division (ServerState.java:setLeader(285)) - 1b5f3bca-5d4a-4774-a0d7-e0522b1460f7@group-4639FFB893FF: change Leader from null to 1b5f3bca-5d4a-4774-a0d7-e0522b1460f7 at term 2 for becomeLeader, leader elected after 5183ms
2022-02-12 02:11:18,412 [1b5f3bca-5d4a-4774-a0d7-e0522b1460f7@group-4639FFB893FF-LeaderElection73] INFO  server.RaftServerConfigKeys (ConfUtils.java:logGet(44)) - raft.server.staging.catchup.gap = 1000 (default)
2022-02-12 02:11:18,412 [1b5f3bca-5d4a-4774-a0d7-e0522b1460f7@group-4639FFB893FF-LeaderElection73] INFO  server.RaftServerConfigKeys (ConfUtils.java:logGet(44)) - raft.server.write.element-limit = 4096 (default)
2022-02-12 02:11:18,412 [1b5f3bca-5d4a-4774-a0d7-e0522b1460f7@group-4639FFB893FF-LeaderElection73] INFO  server.RaftServerConfigKeys (ConfUtils.java:logGet(44)) - raft.server.write.byte-limit = 64MB (=67108864) (default)
2022-02-12 02:11:18,413 [1b5f3bca-5d4a-4774-a0d7-e0522b1460f7@group-4639FFB893FF-LeaderElection73] INFO  server.RaftServerConfigKeys (ConfUtils.java:logGet(44)) - raft.server.watch.timeout = 10s (default)
2022-02-12 02:11:18,413 [1b5f3bca-5d4a-4774-a0d7-e0522b1460f7@group-4639FFB893FF-LeaderElection73] INFO  server.RaftServerConfigKeys (ConfUtils.java:logGet(44)) - raft.server.watch.timeout.denomination = 1s (default)
2022-02-12 02:11:18,413 [1b5f3bca-5d4a-4774-a0d7-e0522b1460f7@group-4639FFB893FF-LeaderElection73] INFO  server.RaftServerConfigKeys (ConfUtils.java:logGet(44)) - raft.server.watch.element-limit = 65536 (default)
2022-02-12 02:11:18,413 [1b5f3bca-5d4a-4774-a0d7-e0522b1460f7@group-4639FFB893FF-LeaderElection73] INFO  server.RaftServerConfigKeys (ConfUtils.java:logGet(44)) - raft.server.write.element-limit = 4096 (default)
2022-02-12 02:11:18,413 [1b5f3bca-5d4a-4774-a0d7-e0522b1460f7@group-4639FFB893FF-LeaderElection73] INFO  server.RaftServerConfigKeys (ConfUtils.java:logGet(44)) - raft.server.write.follower.gap.ratio.max = -1.0 (default)
2022-02-12 02:11:18,413 [1b5f3bca-5d4a-4774-a0d7-e0522b1460f7@group-4639FFB893FF-LeaderElection73] INFO  impl.RoleInfo (RoleInfo.java:updateAndGet(130)) - 1b5f3bca-5d4a-4774-a0d7-e0522b1460f7: start 1b5f3bca-5d4a-4774-a0d7-e0522b1460f7@group-4639FFB893FF-LeaderStateImpl
2022-02-12 02:11:18,413 [1b5f3bca-5d4a-4774-a0d7-e0522b1460f7@group-4639FFB893FF-LeaderElection73] INFO  segmented.SegmentedRaftLogWorker (SegmentedRaftLogWorker.java:rollLogSegment(399)) - 1b5f3bca-5d4a-4774-a0d7-e0522b1460f7@group-4639FFB893FF-SegmentedRaftLogWorker: Rolling segment log-0_0 to index:0
2022-02-12 02:11:18,414 [1b5f3bca-5d4a-4774-a0d7-e0522b1460f7@group-4639FFB893FF-SegmentedRaftLogWorker] INFO  segmented.SegmentedRaftLogWorker (SegmentedRaftLogWorker.java:execute(558)) - 1b5f3bca-5d4a-4774-a0d7-e0522b1460f7@group-4639FFB893FF-SegmentedRaftLogWorker: Rolled log segment from /home/runner/work/ozone/ozone/hadoop-ozone/integration-test/target/test-dir/MiniOzoneClusterImpl-771b091a-ebe2-4b61-867f-4639ffb893ff/ozone-meta/scm-ha/771b091a-ebe2-4b61-867f-4639ffb893ff/current/log_inprogress_0 to /home/runner/work/ozone/ozone/hadoop-ozone/integration-test/target/test-dir/MiniOzoneClusterImpl-771b091a-ebe2-4b61-867f-4639ffb893ff/ozone-meta/scm-ha/771b091a-ebe2-4b61-867f-4639ffb893ff/current/log_0-0
2022-02-12 02:11:18,416 [1b5f3bca-5d4a-4774-a0d7-e0522b1460f7@group-4639FFB893FF-LeaderElection73] INFO  server.RaftServer$Division (ServerState.java:setRaftConf(387)) - 1b5f3bca-5d4a-4774-a0d7-e0522b1460f7@group-4639FFB893FF: set configuration 1: [1b5f3bca-5d4a-4774-a0d7-e0522b1460f7|rpc:fv-az395-998:9894|admin:|client:|dataStream:|priority:0], old=null
2022-02-12 02:11:18,425 [1b5f3bca-5d4a-4774-a0d7-e0522b1460f7@group-4639FFB893FF-SegmentedRaftLogWorker] INFO  segmented.SegmentedRaftLogWorker (SegmentedRaftLogWorker.java:execute(601)) - 1b5f3bca-5d4a-4774-a0d7-e0522b1460f7@group-4639FFB893FF-SegmentedRaftLogWorker: created new log segment /home/runner/work/ozone/ozone/hadoop-ozone/integration-test/target/test-dir/MiniOzoneClusterImpl-771b091a-ebe2-4b61-867f-4639ffb893ff/ozone-meta/scm-ha/771b091a-ebe2-4b61-867f-4639ffb893ff/current/log_inprogress_1
2022-02-12 02:11:18,426 [1b5f3bca-5d4a-4774-a0d7-e0522b1460f7@group-4639FFB893FF-StateMachineUpdater] INFO  ha.SCMContext (SCMContext.java:setLeaderReady(117)) - update <isLeaderReady> from <false> to <true>
2022-02-12 02:11:18,431 [1b5f3bca-5d4a-4774-a0d7-e0522b1460f7@group-4639FFB893FF-StateMachineUpdater] INFO  pipeline.BackgroundPipelineCreator (BackgroundPipelineCreator.java:notifyStatusChanged(264)) - Service BackgroundPipelineCreator transitions to RUNNING.
2022-02-12 02:11:18,435 [1b5f3bca-5d4a-4774-a0d7-e0522b1460f7@group-4639FFB893FF-StateMachineUpdater] INFO  safemode.HealthyPipelineSafeModeRule (HealthyPipelineSafeModeRule.java:initializeRule(152)) - Refreshed total pipeline count is 0, healthy pipeline threshold count is 1
2022-02-12 02:11:18,435 [1b5f3bca-5d4a-4774-a0d7-e0522b1460f7@group-4639FFB893FF-StateMachineUpdater] INFO  safemode.ContainerSafeModeRule (ContainerSafeModeRule.java:reInitializeRule(177)) - Refreshed one replica container threshold 0, currentThreshold 0
2022-02-12 02:11:18,435 [1b5f3bca-5d4a-4774-a0d7-e0522b1460f7@group-4639FFB893FF-StateMachineUpdater] INFO  safemode.OneReplicaPipelineSafeModeRule (OneReplicaPipelineSafeModeRule.java:initializeRule(176)) - Refreshed Total pipeline count is 0, pipeline's with at least one datanode reported threshold count is 0
2022-02-12 02:11:18,435 [1b5f3bca-5d4a-4774-a0d7-e0522b1460f7@group-4639FFB893FF-StateMachineUpdater] INFO  server.SCMDatanodeProtocolServer (SCMDatanodeProtocolServer.java:start(181)) - ScmDatanodeProtocol RPC server for DataNodes is listening at /0.0.0.0:43425
2022-02-12 02:11:18,444 [IPC Server Responder] INFO  ipc.Server (Server.java:run(1507)) - IPC Server Responder: starting
2022-02-12 02:11:18,445 [IPC Server listener on 0] INFO  ipc.Server (Server.java:run(1344)) - IPC Server listener on 0: starting
2022-02-12 02:11:20,053 [Listener at 0.0.0.0/43357] WARN  server.ServerUtils (ServerUtils.java:getDBPath(225)) - ozone.om.db.dirs is not configured. We recommend adding this setting. Falling back to ozone.metadata.dirs instead.
2022-02-12 02:11:20,054 [Listener at 0.0.0.0/43357] INFO  codec.OmKeyInfoCodec (OmKeyInfoCodec.java:<init>(50)) - OmKeyInfoCodec ignorePipeline = true
2022-02-12 02:11:20,054 [Listener at 0.0.0.0/43357] INFO  codec.RepeatedOmKeyInfoCodec (RepeatedOmKeyInfoCodec.java:<init>(42)) - RepeatedOmKeyInfoCodec ignorePipeline = true
2022-02-12 02:11:20,502 [Listener at 0.0.0.0/43357] INFO  om.OzoneManager (OzoneManager.java:addS3GVolumeToDB(3732)) - Created Volume s3v With Owner runner required for S3Gateway operations.
2022-02-12 02:11:20,510 [Listener at 0.0.0.0/43357] INFO  ipc.CallQueueManager (CallQueueManager.java:<init>(90)) - Using callQueue: class java.util.concurrent.LinkedBlockingQueue, queueCapacity: 2000, scheduler: class org.apache.hadoop.ipc.DefaultRpcScheduler, ipcBackoff: false.
2022-02-12 02:11:20,555 [Socket Reader #1 for port 0] INFO  ipc.Server (Server.java:run(1265)) - Starting Socket Reader #1 for port 0
2022-02-12 02:11:20,618 [Listener at 127.0.0.1/44149] INFO  impl.MetricsSystemImpl (MetricsSystemImpl.java:init(158)) - OzoneManager metrics system started (again)
2022-02-12 02:11:20,639 [Listener at 127.0.0.1/44149] INFO  om.OzoneManager (OzoneManager.java:start(1365)) - OzoneManager RPC server is listening at localhost/127.0.0.1:44149
2022-02-12 02:11:20,646 [Listener at 127.0.0.1/44149] INFO  om.OzoneManager (OzoneManager.java:start(1381)) - Version File has different layout version (0) than OM DB (null). That is expected if this OM has never been finalized to a newer layout version.
2022-02-12 02:11:20,648 [Listener at 127.0.0.1/44149] INFO  http.BaseHttpServer (BaseHttpServer.java:newHttpServer2BuilderForOzone(209)) - Starting Web-server for ozoneManager at: http://0.0.0.0:0
2022-02-12 02:11:20,648 [Listener at 127.0.0.1/44149] INFO  http.BaseHttpServer (BaseHttpServer.java:<init>(107)) - Hadoop Security Enabled: false Ozone Security Enabled: false Ozone HTTP Security Enabled: false 
2022-02-12 02:11:20,649 [Listener at 127.0.0.1/44149] INFO  server.AuthenticationFilter (AuthenticationFilter.java:constructSecretProvider(240)) - Unable to initialize FileSignerSecretProvider, falling back to use random secrets.
2022-02-12 02:11:20,650 [Listener at 127.0.0.1/44149] WARN  http.HttpRequestLog (HttpRequestLog.java:getRequestLog(103)) - Jetty request log can only be enabled using Log4j
2022-02-12 02:11:20,651 [Listener at 127.0.0.1/44149] INFO  http.HttpServer2 (HttpServer2.java:addGlobalFilter(1030)) - Added global filter 'safety' (class=org.apache.hadoop.hdds.server.http.HttpServer2$QuotingInputFilter)
2022-02-12 02:11:20,651 [Listener at 127.0.0.1/44149] INFO  http.HttpServer2 (HttpServer2.java:addFilter(1006)) - Added filter static_user_filter (class=org.apache.hadoop.http.lib.StaticUserWebFilter$StaticUserFilter) to context ozoneManager
2022-02-12 02:11:20,651 [Listener at 127.0.0.1/44149] INFO  http.HttpServer2 (HttpServer2.java:addFilter(1014)) - Added filter static_user_filter (class=org.apache.hadoop.http.lib.StaticUserWebFilter$StaticUserFilter) to context logs
2022-02-12 02:11:20,651 [Listener at 127.0.0.1/44149] INFO  http.HttpServer2 (HttpServer2.java:addFilter(1014)) - Added filter static_user_filter (class=org.apache.hadoop.http.lib.StaticUserWebFilter$StaticUserFilter) to context static
2022-02-12 02:11:20,652 [Listener at 127.0.0.1/44149] INFO  http.HttpServer2 (HttpServer2.java:bindListener(1249)) - Jetty bound to port 43087
2022-02-12 02:11:20,652 [Listener at 127.0.0.1/44149] INFO  server.Server (Server.java:doStart(375)) - jetty-9.4.43.v20210629; built: 2021-06-30T11:07:22.254Z; git: 526006ecfa3af7f1a27ef3a288e2bef7ea9dd7e8; jvm 1.8.0_312-b07
2022-02-12 02:11:20,661 [Listener at 127.0.0.1/44149] INFO  server.session (DefaultSessionIdManager.java:doStart(334)) - DefaultSessionIdManager workerName=node0
2022-02-12 02:11:20,661 [Listener at 127.0.0.1/44149] INFO  server.session (DefaultSessionIdManager.java:doStart(339)) - No SessionScavenger set, using defaults
2022-02-12 02:11:20,661 [Listener at 127.0.0.1/44149] INFO  server.session (HouseKeeper.java:startScavenging(132)) - node0 Scavenging every 600000ms
2022-02-12 02:11:20,664 [Listener at 127.0.0.1/44149] INFO  handler.ContextHandler (ContextHandler.java:doStart(915)) - Started o.e.j.s.ServletContextHandler@79f9d0bc{logs,/logs,file:///home/runner/work/ozone/ozone/hadoop-ozone/integration-test/target/log,AVAILABLE}
2022-02-12 02:11:20,664 [Listener at 127.0.0.1/44149] INFO  handler.ContextHandler (ContextHandler.java:doStart(915)) - Started o.e.j.s.ServletContextHandler@301576db{static,/static,file:///home/runner/work/ozone/ozone/hadoop-ozone/integration-test/target/test-classes/webapps/static,AVAILABLE}
2022-02-12 02:11:20,681 [Listener at 127.0.0.1/44149] INFO  handler.ContextHandler (ContextHandler.java:doStart(915)) - Started o.e.j.w.WebAppContext@46241f9{ozoneManager,/,file:///home/runner/work/ozone/ozone/hadoop-ozone/integration-test/target/test-classes/webapps/ozoneManager/,AVAILABLE}{file:/home/runner/work/ozone/ozone/hadoop-ozone/integration-test/target/test-classes/webapps/ozoneManager}
2022-02-12 02:11:20,712 [Listener at 127.0.0.1/44149] INFO  server.AbstractConnector (AbstractConnector.java:doStart(331)) - Started ServerConnector@de08cab{HTTP/1.1, (http/1.1)}{0.0.0.0:43087}
2022-02-12 02:11:20,712 [Listener at 127.0.0.1/44149] INFO  server.Server (Server.java:doStart(415)) - Started @298936ms
2022-02-12 02:11:20,712 [Listener at 127.0.0.1/44149] WARN  impl.MetricsSystemImpl (MetricsSystemImpl.java:register(279)) - Sink prometheus already exists!
2022-02-12 02:11:20,719 [Listener at 127.0.0.1/44149] INFO  http.BaseHttpServer (BaseHttpServer.java:updateConnectorAddress(329)) - HTTP server of ozoneManager listening at http://0.0.0.0:43087
2022-02-12 02:11:20,752 [IPC Server Responder] INFO  ipc.Server (Server.java:run(1507)) - IPC Server Responder: starting
2022-02-12 02:11:20,756 [IPC Server listener on 0] INFO  ipc.Server (Server.java:run(1344)) - IPC Server listener on 0: starting
2022-02-12 02:11:20,791 [Listener at 127.0.0.1/44149] INFO  om.TrashPolicyOzone (TrashPolicyOzone.java:<init>(178)) - Ozone Manager trash configuration: Deletion interval = 0 minutes, Emptier interval = 0 minutes.
2022-02-12 02:11:20,824 [Listener at 127.0.0.1/44149] WARN  impl.MetricRegistriesImpl (MetricRegistriesImpl.java:addReporterRegistration(111)) - New reporters are added after registries were created. Some metrics will be missing from the reporter. Please add reporter before adding any new registry.
2022-02-12 02:11:20,824 [Listener at 127.0.0.1/44149] WARN  impl.MetricRegistriesImpl (MetricRegistriesImpl.java:addReporterRegistration(111)) - New reporters are added after registries were created. Some metrics will be missing from the reporter. Please add reporter before adding any new registry.
2022-02-12 02:11:20,824 [Listener at 127.0.0.1/44149] INFO  impl.MetricsSystemImpl (MetricsSystemImpl.java:init(158)) - HddsDatanode metrics system started (again)
2022-02-12 02:11:20,844 [org.apache.hadoop.util.JvmPauseMonitor$Monitor@7a65bdb] INFO  util.JvmPauseMonitor (JvmPauseMonitor.java:run(188)) - Starting JVM pause monitor
2022-02-12 02:11:20,845 [Listener at 127.0.0.1/44149] INFO  ozone.HddsDatanodeService (HddsDatanodeService.java:start(234)) - HddsDatanodeService host:fv-az395-998.zfmzfyrfkyou3ow0tsr0jxwq1e.bx.internal.cloudapp.net ip:10.1.0.17
2022-02-12 02:11:20,902 [Listener at 127.0.0.1/44149] INFO  upgrade.AbstractLayoutVersionManager (AbstractLayoutVersionManager.java:init(79)) - Initializing Layout version manager with metadata layout = SCM_HA (version = 2), software layout = SCM_HA (version = 2)
2022-02-12 02:11:21,059 [Listener at 127.0.0.1/44149] INFO  reflections.Reflections (Reflections.java:scan(232)) - Reflections took 146 ms to scan 7 urls, producing 119 keys and 279 values 
2022-02-12 02:11:21,065 [Listener at 127.0.0.1/44149] INFO  statemachine.DatanodeStateMachine (DatanodeStateMachine.java:getEndPointTaskThreadPoolSize(222)) - Datanode State Machine Task Thread Pool size 2
2022-02-12 02:11:21,092 [Listener at 127.0.0.1/44149] INFO  volume.HddsVolume (HddsVolume.java:<init>(120)) - Creating HddsVolume: /home/runner/work/ozone/ozone/hadoop-ozone/integration-test/target/test-dir/MiniOzoneClusterImpl-771b091a-ebe2-4b61-867f-4639ffb893ff/datanode-0/data-0/containers/hdds of storage type : DISK capacity : 9223372036854775807
2022-02-12 02:11:21,093 [Listener at 127.0.0.1/44149] INFO  volume.MutableVolumeSet (MutableVolumeSet.java:initializeVolumeSet(168)) - Added Volume : /home/runner/work/ozone/ozone/hadoop-ozone/integration-test/target/test-dir/MiniOzoneClusterImpl-771b091a-ebe2-4b61-867f-4639ffb893ff/datanode-0/data-0/containers/hdds to VolumeSet
2022-02-12 02:11:21,093 [Listener at 127.0.0.1/44149] INFO  volume.ThrottledAsyncChecker (ThrottledAsyncChecker.java:schedule(141)) - Scheduling a check for /home/runner/work/ozone/ozone/hadoop-ozone/integration-test/target/test-dir/MiniOzoneClusterImpl-771b091a-ebe2-4b61-867f-4639ffb893ff/datanode-0/data-0/containers/hdds
2022-02-12 02:11:21,095 [Listener at 127.0.0.1/44149] INFO  volume.StorageVolumeChecker (StorageVolumeChecker.java:checkAllVolumes(202)) - Scheduled health check for volume /home/runner/work/ozone/ozone/hadoop-ozone/integration-test/target/test-dir/MiniOzoneClusterImpl-771b091a-ebe2-4b61-867f-4639ffb893ff/datanode-0/data-0/containers/hdds
2022-02-12 02:11:21,153 [Listener at 127.0.0.1/44149] INFO  volume.MutableVolumeSet (MutableVolumeSet.java:initializeVolumeSet(168)) - Added Volume : /home/runner/work/ozone/ozone/hadoop-ozone/integration-test/target/test-dir/MiniOzoneClusterImpl-771b091a-ebe2-4b61-867f-4639ffb893ff/datanode-0/data/ratis to VolumeSet
2022-02-12 02:11:21,153 [Listener at 127.0.0.1/44149] INFO  volume.ThrottledAsyncChecker (ThrottledAsyncChecker.java:schedule(141)) - Scheduling a check for /home/runner/work/ozone/ozone/hadoop-ozone/integration-test/target/test-dir/MiniOzoneClusterImpl-771b091a-ebe2-4b61-867f-4639ffb893ff/datanode-0/data/ratis
2022-02-12 02:11:21,154 [Listener at 127.0.0.1/44149] INFO  volume.StorageVolumeChecker (StorageVolumeChecker.java:checkAllVolumes(202)) - Scheduled health check for volume /home/runner/work/ozone/ozone/hadoop-ozone/integration-test/target/test-dir/MiniOzoneClusterImpl-771b091a-ebe2-4b61-867f-4639ffb893ff/datanode-0/data/ratis
2022-02-12 02:11:21,188 [Thread-1797] INFO  ozoneimpl.ContainerReader (ContainerReader.java:readVolume(172)) - Finish verifying containers on volume /home/runner/work/ozone/ozone/hadoop-ozone/integration-test/target/test-dir/MiniOzoneClusterImpl-771b091a-ebe2-4b61-867f-4639ffb893ff/datanode-0/data-0/containers/hdds
2022-02-12 02:11:21,188 [Listener at 127.0.0.1/44149] INFO  ozoneimpl.OzoneContainer (OzoneContainer.java:buildContainerSet(237)) - Build ContainerSet costs 0s
2022-02-12 02:11:21,192 [Listener at 127.0.0.1/44149] INFO  server.RaftServer (ConfUtils.java:logGet(44)) - raft.rpc.type = GRPC (default)
2022-02-12 02:11:21,193 [Listener at 127.0.0.1/44149] INFO  grpc.GrpcFactory (GrpcFactory.java:checkPooledByteBufAllocatorUseCacheForAllThreads(48)) - PERFORMANCE WARNING: useCacheForAllThreads is true that may cause Netty to create a lot garbage objects and, as a result, trigger GC.
	It is recommended to disable useCacheForAllThreads by setting -Dorg.apache.ratis.thirdparty.io.netty.allocator.useCacheForAllThreads=false in command line.
2022-02-12 02:11:21,193 [Listener at 127.0.0.1/44149] INFO  grpc.GrpcConfigKeys (ConfUtils.java:logGet(44)) - raft.grpc.admin.port = 0 (custom)
2022-02-12 02:11:21,193 [Listener at 127.0.0.1/44149] INFO  grpc.GrpcConfigKeys (ConfUtils.java:logGet(44)) - raft.grpc.client.port = 0 (custom)
2022-02-12 02:11:21,193 [Listener at 127.0.0.1/44149] INFO  grpc.GrpcConfigKeys (ConfUtils.java:logGet(44)) - raft.grpc.server.port = 0 (default)
2022-02-12 02:11:21,193 [Listener at 127.0.0.1/44149] INFO  server.GrpcService (ConfUtils.java:logGet(44)) - raft.grpc.message.size.max = 32MB (=33554432) (custom)
2022-02-12 02:11:21,193 [Listener at 127.0.0.1/44149] INFO  server.RaftServerConfigKeys (ConfUtils.java:logGet(44)) - raft.server.log.appender.buffer.byte-limit = 33554432 (custom)
2022-02-12 02:11:21,194 [Listener at 127.0.0.1/44149] INFO  server.GrpcService (ConfUtils.java:logGet(44)) - raft.grpc.flow.control.window = 5MB (=5242880) (custom)
2022-02-12 02:11:21,194 [Listener at 127.0.0.1/44149] INFO  server.RaftServerConfigKeys (ConfUtils.java:logGet(44)) - raft.server.rpc.request.timeout = 60s (custom)
2022-02-12 02:11:21,195 [Listener at 127.0.0.1/44149] INFO  impl.DataStreamServerImpl (ConfUtils.java:logGet(44)) - raft.datastream.type = DISABLED (default)
2022-02-12 02:11:21,195 [Listener at 127.0.0.1/44149] INFO  server.RaftServerConfigKeys (ConfUtils.java:logGet(44)) - raft.server.rpc.slowness.timeout = 300s (custom)
2022-02-12 02:11:21,195 [Listener at 127.0.0.1/44149] INFO  server.RaftServerConfigKeys (ConfUtils.java:logGet(44)) - raft.server.leaderelection.leader.step-down.wait-time = 10s (default)
2022-02-12 02:11:21,195 [Listener at 127.0.0.1/44149] INFO  server.RaftServerConfigKeys (ConfUtils.java:logGet(44)) - raft.server.storage.dir = [/home/runner/work/ozone/ozone/hadoop-ozone/integration-test/target/test-dir/MiniOzoneClusterImpl-771b091a-ebe2-4b61-867f-4639ffb893ff/datanode-0/data/ratis] (custom)
2022-02-12 02:11:21,196 [Listener at 127.0.0.1/44149] INFO  server.XceiverServerGrpc (XceiverServerGrpc.java:<init>(132)) - GrpcServer channel type EpollServerSocketChannel
2022-02-12 02:11:21,199 [Listener at 127.0.0.1/44149] INFO  http.BaseHttpServer (BaseHttpServer.java:newHttpServer2BuilderForOzone(209)) - Starting Web-server for hddsDatanode at: http://0.0.0.0:0
2022-02-12 02:11:21,199 [Listener at 127.0.0.1/44149] INFO  http.BaseHttpServer (BaseHttpServer.java:<init>(107)) - Hadoop Security Enabled: false Ozone Security Enabled: false Ozone HTTP Security Enabled: false 
2022-02-12 02:11:21,200 [Listener at 127.0.0.1/44149] INFO  server.AuthenticationFilter (AuthenticationFilter.java:constructSecretProvider(240)) - Unable to initialize FileSignerSecretProvider, falling back to use random secrets.
2022-02-12 02:11:21,201 [Listener at 127.0.0.1/44149] WARN  http.HttpRequestLog (HttpRequestLog.java:getRequestLog(103)) - Jetty request log can only be enabled using Log4j
2022-02-12 02:11:21,201 [Listener at 127.0.0.1/44149] INFO  http.HttpServer2 (HttpServer2.java:addGlobalFilter(1030)) - Added global filter 'safety' (class=org.apache.hadoop.hdds.server.http.HttpServer2$QuotingInputFilter)
2022-02-12 02:11:21,202 [Listener at 127.0.0.1/44149] INFO  http.HttpServer2 (HttpServer2.java:addFilter(1006)) - Added filter static_user_filter (class=org.apache.hadoop.http.lib.StaticUserWebFilter$StaticUserFilter) to context hddsDatanode
2022-02-12 02:11:21,202 [Listener at 127.0.0.1/44149] INFO  http.HttpServer2 (HttpServer2.java:addFilter(1014)) - Added filter static_user_filter (class=org.apache.hadoop.http.lib.StaticUserWebFilter$StaticUserFilter) to context static
2022-02-12 02:11:21,202 [Listener at 127.0.0.1/44149] INFO  http.HttpServer2 (HttpServer2.java:addFilter(1014)) - Added filter static_user_filter (class=org.apache.hadoop.http.lib.StaticUserWebFilter$StaticUserFilter) to context logs
2022-02-12 02:11:21,202 [Listener at 127.0.0.1/44149] INFO  http.HttpServer2 (HttpServer2.java:bindListener(1249)) - Jetty bound to port 40345
2022-02-12 02:11:21,202 [Listener at 127.0.0.1/44149] INFO  server.Server (Server.java:doStart(375)) - jetty-9.4.43.v20210629; built: 2021-06-30T11:07:22.254Z; git: 526006ecfa3af7f1a27ef3a288e2bef7ea9dd7e8; jvm 1.8.0_312-b07
2022-02-12 02:11:21,206 [Listener at 127.0.0.1/44149] INFO  server.session (DefaultSessionIdManager.java:doStart(334)) - DefaultSessionIdManager workerName=node0
2022-02-12 02:11:21,206 [Listener at 127.0.0.1/44149] INFO  server.session (DefaultSessionIdManager.java:doStart(339)) - No SessionScavenger set, using defaults
2022-02-12 02:11:21,206 [Listener at 127.0.0.1/44149] INFO  server.session (HouseKeeper.java:startScavenging(132)) - node0 Scavenging every 660000ms
2022-02-12 02:11:21,207 [Listener at 127.0.0.1/44149] INFO  handler.ContextHandler (ContextHandler.java:doStart(915)) - Started o.e.j.s.ServletContextHandler@5b555e90{logs,/logs,file:///home/runner/work/ozone/ozone/hadoop-ozone/integration-test/target/log,AVAILABLE}
2022-02-12 02:11:21,207 [Listener at 127.0.0.1/44149] INFO  handler.ContextHandler (ContextHandler.java:doStart(915)) - Started o.e.j.s.ServletContextHandler@cb06460{static,/static,jar:file:/home/runner/.m2/repository/org/apache/ozone/hdds-container-service/1.3.0-SNAPSHOT/hdds-container-service-1.3.0-SNAPSHOT.jar!/webapps/static,AVAILABLE}
2022-02-12 02:11:21,290 [Listener at 127.0.0.1/44149] INFO  handler.ContextHandler (ContextHandler.java:doStart(915)) - Started o.e.j.w.WebAppContext@3c206c5d{hddsDatanode,/,file:///tmp/jetty-0_0_0_0-40345-hdds-container-service-1_3_0-SNAPSHOT_jar-_-any-5287246633314421716/webapp/,AVAILABLE}{jar:file:/home/runner/.m2/repository/org/apache/ozone/hdds-container-service/1.3.0-SNAPSHOT/hdds-container-service-1.3.0-SNAPSHOT.jar!/webapps/hddsDatanode}
2022-02-12 02:11:21,304 [Listener at 127.0.0.1/44149] INFO  server.AbstractConnector (AbstractConnector.java:doStart(331)) - Started ServerConnector@7d0ddcf0{HTTP/1.1, (http/1.1)}{0.0.0.0:40345}
2022-02-12 02:11:21,304 [Listener at 127.0.0.1/44149] INFO  server.Server (Server.java:doStart(415)) - Started @299528ms
2022-02-12 02:11:21,305 [Listener at 127.0.0.1/44149] WARN  impl.MetricsSystemImpl (MetricsSystemImpl.java:register(279)) - Sink prometheus already exists!
2022-02-12 02:11:21,305 [Listener at 127.0.0.1/44149] INFO  http.BaseHttpServer (BaseHttpServer.java:updateConnectorAddress(329)) - HTTP server of hddsDatanode listening at http://0.0.0.0:40345
2022-02-12 02:11:21,316 [Listener at 127.0.0.1/44149] WARN  impl.MetricRegistriesImpl (MetricRegistriesImpl.java:addReporterRegistration(111)) - New reporters are added after registries were created. Some metrics will be missing from the reporter. Please add reporter before adding any new registry.
2022-02-12 02:11:21,316 [Listener at 127.0.0.1/44149] WARN  impl.MetricRegistriesImpl (MetricRegistriesImpl.java:addReporterRegistration(111)) - New reporters are added after registries were created. Some metrics will be missing from the reporter. Please add reporter before adding any new registry.
2022-02-12 02:11:21,316 [Listener at 127.0.0.1/44149] INFO  impl.MetricsSystemImpl (MetricsSystemImpl.java:init(158)) - HddsDatanode metrics system started (again)
2022-02-12 02:11:21,324 [Datanode State Machine Daemon Thread] INFO  statemachine.DatanodeStateMachine (DatanodeStateMachine.java:lambda$startDaemon$0(470)) - Ozone container server started.
2022-02-12 02:11:21,335 [org.apache.hadoop.util.JvmPauseMonitor$Monitor@39aff4d5] INFO  util.JvmPauseMonitor (JvmPauseMonitor.java:run(188)) - Starting JVM pause monitor
2022-02-12 02:11:21,354 [Listener at 127.0.0.1/44149] INFO  ozone.HddsDatanodeService (HddsDatanodeService.java:start(234)) - HddsDatanodeService host:fv-az395-998.zfmzfyrfkyou3ow0tsr0jxwq1e.bx.internal.cloudapp.net ip:10.1.0.17
2022-02-12 02:11:21,356 [Datanode State Machine Task Thread - 0] INFO  datanode.InitDatanodeState (InitDatanodeState.java:persistContainerDatanodeDetails(145)) - DatanodeDetails is persisted to /home/runner/work/ozone/ozone/hadoop-ozone/integration-test/target/test-dir/MiniOzoneClusterImpl-771b091a-ebe2-4b61-867f-4639ffb893ff/datanode-0/meta/datanode.id
2022-02-12 02:11:21,422 [Listener at 127.0.0.1/44149] INFO  upgrade.AbstractLayoutVersionManager (AbstractLayoutVersionManager.java:init(79)) - Initializing Layout version manager with metadata layout = SCM_HA (version = 2), software layout = SCM_HA (version = 2)
2022-02-12 02:11:21,517 [Listener at 127.0.0.1/44149] INFO  reflections.Reflections (Reflections.java:scan(232)) - Reflections took 94 ms to scan 7 urls, producing 119 keys and 279 values 
2022-02-12 02:11:21,518 [Listener at 127.0.0.1/44149] INFO  statemachine.DatanodeStateMachine (DatanodeStateMachine.java:getEndPointTaskThreadPoolSize(222)) - Datanode State Machine Task Thread Pool size 2
2022-02-12 02:11:21,519 [Listener at 127.0.0.1/44149] INFO  volume.HddsVolume (HddsVolume.java:<init>(120)) - Creating HddsVolume: /home/runner/work/ozone/ozone/hadoop-ozone/integration-test/target/test-dir/MiniOzoneClusterImpl-771b091a-ebe2-4b61-867f-4639ffb893ff/datanode-1/data-0/containers/hdds of storage type : DISK capacity : 9223372036854775807
2022-02-12 02:11:21,520 [Listener at 127.0.0.1/44149] INFO  volume.MutableVolumeSet (MutableVolumeSet.java:initializeVolumeSet(168)) - Added Volume : /home/runner/work/ozone/ozone/hadoop-ozone/integration-test/target/test-dir/MiniOzoneClusterImpl-771b091a-ebe2-4b61-867f-4639ffb893ff/datanode-1/data-0/containers/hdds to VolumeSet
2022-02-12 02:11:21,520 [Listener at 127.0.0.1/44149] INFO  volume.ThrottledAsyncChecker (ThrottledAsyncChecker.java:schedule(141)) - Scheduling a check for /home/runner/work/ozone/ozone/hadoop-ozone/integration-test/target/test-dir/MiniOzoneClusterImpl-771b091a-ebe2-4b61-867f-4639ffb893ff/datanode-1/data-0/containers/hdds
2022-02-12 02:11:21,522 [Listener at 127.0.0.1/44149] INFO  volume.StorageVolumeChecker (StorageVolumeChecker.java:checkAllVolumes(202)) - Scheduled health check for volume /home/runner/work/ozone/ozone/hadoop-ozone/integration-test/target/test-dir/MiniOzoneClusterImpl-771b091a-ebe2-4b61-867f-4639ffb893ff/datanode-1/data-0/containers/hdds
2022-02-12 02:11:21,543 [Listener at 127.0.0.1/44149] INFO  volume.MutableVolumeSet (MutableVolumeSet.java:initializeVolumeSet(168)) - Added Volume : /home/runner/work/ozone/ozone/hadoop-ozone/integration-test/target/test-dir/MiniOzoneClusterImpl-771b091a-ebe2-4b61-867f-4639ffb893ff/datanode-1/data/ratis to VolumeSet
2022-02-12 02:11:21,548 [Listener at 127.0.0.1/44149] INFO  volume.ThrottledAsyncChecker (ThrottledAsyncChecker.java:schedule(141)) - Scheduling a check for /home/runner/work/ozone/ozone/hadoop-ozone/integration-test/target/test-dir/MiniOzoneClusterImpl-771b091a-ebe2-4b61-867f-4639ffb893ff/datanode-1/data/ratis
2022-02-12 02:11:21,553 [Listener at 127.0.0.1/44149] INFO  volume.StorageVolumeChecker (StorageVolumeChecker.java:checkAllVolumes(202)) - Scheduled health check for volume /home/runner/work/ozone/ozone/hadoop-ozone/integration-test/target/test-dir/MiniOzoneClusterImpl-771b091a-ebe2-4b61-867f-4639ffb893ff/datanode-1/data/ratis
2022-02-12 02:11:21,605 [Thread-1809] INFO  ozoneimpl.ContainerReader (ContainerReader.java:readVolume(172)) - Finish verifying containers on volume /home/runner/work/ozone/ozone/hadoop-ozone/integration-test/target/test-dir/MiniOzoneClusterImpl-771b091a-ebe2-4b61-867f-4639ffb893ff/datanode-1/data-0/containers/hdds
2022-02-12 02:11:21,605 [Listener at 127.0.0.1/44149] INFO  ozoneimpl.OzoneContainer (OzoneContainer.java:buildContainerSet(237)) - Build ContainerSet costs 0s
2022-02-12 02:11:21,607 [Listener at 127.0.0.1/44149] INFO  server.RaftServer (ConfUtils.java:logGet(44)) - raft.rpc.type = GRPC (default)
2022-02-12 02:11:21,607 [Listener at 127.0.0.1/44149] INFO  grpc.GrpcFactory (GrpcFactory.java:checkPooledByteBufAllocatorUseCacheForAllThreads(48)) - PERFORMANCE WARNING: useCacheForAllThreads is true that may cause Netty to create a lot garbage objects and, as a result, trigger GC.
	It is recommended to disable useCacheForAllThreads by setting -Dorg.apache.ratis.thirdparty.io.netty.allocator.useCacheForAllThreads=false in command line.
2022-02-12 02:11:21,607 [Listener at 127.0.0.1/44149] INFO  grpc.GrpcConfigKeys (ConfUtils.java:logGet(44)) - raft.grpc.admin.port = 0 (custom)
2022-02-12 02:11:21,607 [Listener at 127.0.0.1/44149] INFO  grpc.GrpcConfigKeys (ConfUtils.java:logGet(44)) - raft.grpc.client.port = 0 (custom)
2022-02-12 02:11:21,608 [Listener at 127.0.0.1/44149] INFO  grpc.GrpcConfigKeys (ConfUtils.java:logGet(44)) - raft.grpc.server.port = 0 (default)
2022-02-12 02:11:21,608 [Listener at 127.0.0.1/44149] INFO  server.GrpcService (ConfUtils.java:logGet(44)) - raft.grpc.message.size.max = 32MB (=33554432) (custom)
2022-02-12 02:11:21,608 [Listener at 127.0.0.1/44149] INFO  server.RaftServerConfigKeys (ConfUtils.java:logGet(44)) - raft.server.log.appender.buffer.byte-limit = 33554432 (custom)
2022-02-12 02:11:21,608 [Listener at 127.0.0.1/44149] INFO  server.GrpcService (ConfUtils.java:logGet(44)) - raft.grpc.flow.control.window = 5MB (=5242880) (custom)
2022-02-12 02:11:21,608 [Listener at 127.0.0.1/44149] INFO  server.RaftServerConfigKeys (ConfUtils.java:logGet(44)) - raft.server.rpc.request.timeout = 60s (custom)
2022-02-12 02:11:21,609 [Listener at 127.0.0.1/44149] INFO  impl.DataStreamServerImpl (ConfUtils.java:logGet(44)) - raft.datastream.type = DISABLED (default)
2022-02-12 02:11:21,609 [Listener at 127.0.0.1/44149] INFO  server.RaftServerConfigKeys (ConfUtils.java:logGet(44)) - raft.server.rpc.slowness.timeout = 300s (custom)
2022-02-12 02:11:21,610 [Listener at 127.0.0.1/44149] INFO  server.RaftServerConfigKeys (ConfUtils.java:logGet(44)) - raft.server.leaderelection.leader.step-down.wait-time = 10s (default)
2022-02-12 02:11:21,610 [Listener at 127.0.0.1/44149] INFO  server.RaftServerConfigKeys (ConfUtils.java:logGet(44)) - raft.server.storage.dir = [/home/runner/work/ozone/ozone/hadoop-ozone/integration-test/target/test-dir/MiniOzoneClusterImpl-771b091a-ebe2-4b61-867f-4639ffb893ff/datanode-1/data/ratis] (custom)
2022-02-12 02:11:21,611 [Listener at 127.0.0.1/44149] INFO  server.XceiverServerGrpc (XceiverServerGrpc.java:<init>(132)) - GrpcServer channel type EpollServerSocketChannel
2022-02-12 02:11:21,614 [Listener at 127.0.0.1/44149] INFO  http.BaseHttpServer (BaseHttpServer.java:newHttpServer2BuilderForOzone(209)) - Starting Web-server for hddsDatanode at: http://0.0.0.0:0
2022-02-12 02:11:21,614 [Listener at 127.0.0.1/44149] INFO  http.BaseHttpServer (BaseHttpServer.java:<init>(107)) - Hadoop Security Enabled: false Ozone Security Enabled: false Ozone HTTP Security Enabled: false 
2022-02-12 02:11:21,615 [Listener at 127.0.0.1/44149] INFO  server.AuthenticationFilter (AuthenticationFilter.java:constructSecretProvider(240)) - Unable to initialize FileSignerSecretProvider, falling back to use random secrets.
2022-02-12 02:11:21,616 [Listener at 127.0.0.1/44149] WARN  http.HttpRequestLog (HttpRequestLog.java:getRequestLog(103)) - Jetty request log can only be enabled using Log4j
2022-02-12 02:11:21,617 [Listener at 127.0.0.1/44149] INFO  http.HttpServer2 (HttpServer2.java:addGlobalFilter(1030)) - Added global filter 'safety' (class=org.apache.hadoop.hdds.server.http.HttpServer2$QuotingInputFilter)
2022-02-12 02:11:21,617 [Listener at 127.0.0.1/44149] INFO  http.HttpServer2 (HttpServer2.java:addFilter(1006)) - Added filter static_user_filter (class=org.apache.hadoop.http.lib.StaticUserWebFilter$StaticUserFilter) to context hddsDatanode
2022-02-12 02:11:21,617 [Listener at 127.0.0.1/44149] INFO  http.HttpServer2 (HttpServer2.java:addFilter(1014)) - Added filter static_user_filter (class=org.apache.hadoop.http.lib.StaticUserWebFilter$StaticUserFilter) to context logs
2022-02-12 02:11:21,617 [Listener at 127.0.0.1/44149] INFO  http.HttpServer2 (HttpServer2.java:addFilter(1014)) - Added filter static_user_filter (class=org.apache.hadoop.http.lib.StaticUserWebFilter$StaticUserFilter) to context static
2022-02-12 02:11:21,618 [Listener at 127.0.0.1/44149] INFO  http.HttpServer2 (HttpServer2.java:bindListener(1249)) - Jetty bound to port 38977
2022-02-12 02:11:21,618 [Listener at 127.0.0.1/44149] INFO  server.Server (Server.java:doStart(375)) - jetty-9.4.43.v20210629; built: 2021-06-30T11:07:22.254Z; git: 526006ecfa3af7f1a27ef3a288e2bef7ea9dd7e8; jvm 1.8.0_312-b07
2022-02-12 02:11:21,664 [Listener at 127.0.0.1/44149] INFO  server.session (DefaultSessionIdManager.java:doStart(334)) - DefaultSessionIdManager workerName=node0
2022-02-12 02:11:21,665 [Listener at 127.0.0.1/44149] INFO  server.session (DefaultSessionIdManager.java:doStart(339)) - No SessionScavenger set, using defaults
2022-02-12 02:11:21,665 [Listener at 127.0.0.1/44149] INFO  server.session (HouseKeeper.java:startScavenging(132)) - node0 Scavenging every 600000ms
2022-02-12 02:11:21,666 [Listener at 127.0.0.1/44149] INFO  handler.ContextHandler (ContextHandler.java:doStart(915)) - Started o.e.j.s.ServletContextHandler@1b78ce4{logs,/logs,file:///home/runner/work/ozone/ozone/hadoop-ozone/integration-test/target/log,AVAILABLE}
2022-02-12 02:11:21,666 [Listener at 127.0.0.1/44149] INFO  handler.ContextHandler (ContextHandler.java:doStart(915)) - Started o.e.j.s.ServletContextHandler@5d632fe9{static,/static,jar:file:/home/runner/.m2/repository/org/apache/ozone/hdds-container-service/1.3.0-SNAPSHOT/hdds-container-service-1.3.0-SNAPSHOT.jar!/webapps/static,AVAILABLE}
2022-02-12 02:11:21,778 [Listener at 127.0.0.1/44149] INFO  handler.ContextHandler (ContextHandler.java:doStart(915)) - Started o.e.j.w.WebAppContext@3de86254{hddsDatanode,/,file:///tmp/jetty-0_0_0_0-38977-hdds-container-service-1_3_0-SNAPSHOT_jar-_-any-2449005936010499888/webapp/,AVAILABLE}{jar:file:/home/runner/.m2/repository/org/apache/ozone/hdds-container-service/1.3.0-SNAPSHOT/hdds-container-service-1.3.0-SNAPSHOT.jar!/webapps/hddsDatanode}
2022-02-12 02:11:21,800 [Listener at 127.0.0.1/44149] INFO  server.AbstractConnector (AbstractConnector.java:doStart(331)) - Started ServerConnector@6a964c56{HTTP/1.1, (http/1.1)}{0.0.0.0:38977}
2022-02-12 02:11:21,800 [Listener at 127.0.0.1/44149] INFO  server.Server (Server.java:doStart(415)) - Started @300024ms
2022-02-12 02:11:21,800 [Listener at 127.0.0.1/44149] WARN  impl.MetricsSystemImpl (MetricsSystemImpl.java:register(279)) - Sink prometheus already exists!
2022-02-12 02:11:21,801 [Listener at 127.0.0.1/44149] INFO  http.BaseHttpServer (BaseHttpServer.java:updateConnectorAddress(329)) - HTTP server of hddsDatanode listening at http://0.0.0.0:38977
2022-02-12 02:11:21,802 [Listener at 127.0.0.1/44149] WARN  impl.MetricRegistriesImpl (MetricRegistriesImpl.java:addReporterRegistration(111)) - New reporters are added after registries were created. Some metrics will be missing from the reporter. Please add reporter before adding any new registry.
2022-02-12 02:11:21,802 [Listener at 127.0.0.1/44149] WARN  impl.MetricRegistriesImpl (MetricRegistriesImpl.java:addReporterRegistration(111)) - New reporters are added after registries were created. Some metrics will be missing from the reporter. Please add reporter before adding any new registry.
2022-02-12 02:11:21,802 [Listener at 127.0.0.1/44149] INFO  impl.MetricsSystemImpl (MetricsSystemImpl.java:init(158)) - HddsDatanode metrics system started (again)
2022-02-12 02:11:21,812 [Datanode State Machine Daemon Thread] INFO  statemachine.DatanodeStateMachine (DatanodeStateMachine.java:lambda$startDaemon$0(470)) - Ozone container server started.
2022-02-12 02:11:21,869 [org.apache.hadoop.util.JvmPauseMonitor$Monitor@6094638b] INFO  util.JvmPauseMonitor (JvmPauseMonitor.java:run(188)) - Starting JVM pause monitor
2022-02-12 02:11:21,871 [Datanode State Machine Task Thread - 0] INFO  datanode.InitDatanodeState (InitDatanodeState.java:persistContainerDatanodeDetails(145)) - DatanodeDetails is persisted to /home/runner/work/ozone/ozone/hadoop-ozone/integration-test/target/test-dir/MiniOzoneClusterImpl-771b091a-ebe2-4b61-867f-4639ffb893ff/datanode-1/meta/datanode.id
2022-02-12 02:11:21,883 [Listener at 127.0.0.1/44149] INFO  ozone.HddsDatanodeService (HddsDatanodeService.java:start(234)) - HddsDatanodeService host:fv-az395-998.zfmzfyrfkyou3ow0tsr0jxwq1e.bx.internal.cloudapp.net ip:10.1.0.17
2022-02-12 02:11:21,937 [Listener at 127.0.0.1/44149] INFO  upgrade.AbstractLayoutVersionManager (AbstractLayoutVersionManager.java:init(79)) - Initializing Layout version manager with metadata layout = SCM_HA (version = 2), software layout = SCM_HA (version = 2)
2022-02-12 02:11:22,010 [Listener at 127.0.0.1/44149] INFO  reflections.Reflections (Reflections.java:scan(232)) - Reflections took 68 ms to scan 7 urls, producing 119 keys and 279 values 
2022-02-12 02:11:22,013 [Listener at 127.0.0.1/44149] INFO  statemachine.DatanodeStateMachine (DatanodeStateMachine.java:getEndPointTaskThreadPoolSize(222)) - Datanode State Machine Task Thread Pool size 2
2022-02-12 02:11:22,022 [Listener at 127.0.0.1/44149] INFO  volume.HddsVolume (HddsVolume.java:<init>(120)) - Creating HddsVolume: /home/runner/work/ozone/ozone/hadoop-ozone/integration-test/target/test-dir/MiniOzoneClusterImpl-771b091a-ebe2-4b61-867f-4639ffb893ff/datanode-2/data-0/containers/hdds of storage type : DISK capacity : 9223372036854775807
2022-02-12 02:11:22,023 [Listener at 127.0.0.1/44149] INFO  volume.MutableVolumeSet (MutableVolumeSet.java:initializeVolumeSet(168)) - Added Volume : /home/runner/work/ozone/ozone/hadoop-ozone/integration-test/target/test-dir/MiniOzoneClusterImpl-771b091a-ebe2-4b61-867f-4639ffb893ff/datanode-2/data-0/containers/hdds to VolumeSet
2022-02-12 02:11:22,023 [Listener at 127.0.0.1/44149] INFO  volume.ThrottledAsyncChecker (ThrottledAsyncChecker.java:schedule(141)) - Scheduling a check for /home/runner/work/ozone/ozone/hadoop-ozone/integration-test/target/test-dir/MiniOzoneClusterImpl-771b091a-ebe2-4b61-867f-4639ffb893ff/datanode-2/data-0/containers/hdds
2022-02-12 02:11:22,037 [Listener at 127.0.0.1/44149] INFO  volume.StorageVolumeChecker (StorageVolumeChecker.java:checkAllVolumes(202)) - Scheduled health check for volume /home/runner/work/ozone/ozone/hadoop-ozone/integration-test/target/test-dir/MiniOzoneClusterImpl-771b091a-ebe2-4b61-867f-4639ffb893ff/datanode-2/data-0/containers/hdds
2022-02-12 02:11:22,051 [Listener at 127.0.0.1/44149] INFO  volume.MutableVolumeSet (MutableVolumeSet.java:initializeVolumeSet(168)) - Added Volume : /home/runner/work/ozone/ozone/hadoop-ozone/integration-test/target/test-dir/MiniOzoneClusterImpl-771b091a-ebe2-4b61-867f-4639ffb893ff/datanode-2/data/ratis to VolumeSet
2022-02-12 02:11:22,051 [Listener at 127.0.0.1/44149] INFO  volume.ThrottledAsyncChecker (ThrottledAsyncChecker.java:schedule(141)) - Scheduling a check for /home/runner/work/ozone/ozone/hadoop-ozone/integration-test/target/test-dir/MiniOzoneClusterImpl-771b091a-ebe2-4b61-867f-4639ffb893ff/datanode-2/data/ratis
2022-02-12 02:11:22,051 [Listener at 127.0.0.1/44149] INFO  volume.StorageVolumeChecker (StorageVolumeChecker.java:checkAllVolumes(202)) - Scheduled health check for volume /home/runner/work/ozone/ozone/hadoop-ozone/integration-test/target/test-dir/MiniOzoneClusterImpl-771b091a-ebe2-4b61-867f-4639ffb893ff/datanode-2/data/ratis
2022-02-12 02:11:22,075 [Thread-1821] INFO  ozoneimpl.ContainerReader (ContainerReader.java:readVolume(172)) - Finish verifying containers on volume /home/runner/work/ozone/ozone/hadoop-ozone/integration-test/target/test-dir/MiniOzoneClusterImpl-771b091a-ebe2-4b61-867f-4639ffb893ff/datanode-2/data-0/containers/hdds
2022-02-12 02:11:22,075 [Listener at 127.0.0.1/44149] INFO  ozoneimpl.OzoneContainer (OzoneContainer.java:buildContainerSet(237)) - Build ContainerSet costs 0s
2022-02-12 02:11:22,077 [Listener at 127.0.0.1/44149] INFO  server.RaftServer (ConfUtils.java:logGet(44)) - raft.rpc.type = GRPC (default)
2022-02-12 02:11:22,077 [Listener at 127.0.0.1/44149] INFO  grpc.GrpcFactory (GrpcFactory.java:checkPooledByteBufAllocatorUseCacheForAllThreads(48)) - PERFORMANCE WARNING: useCacheForAllThreads is true that may cause Netty to create a lot garbage objects and, as a result, trigger GC.
	It is recommended to disable useCacheForAllThreads by setting -Dorg.apache.ratis.thirdparty.io.netty.allocator.useCacheForAllThreads=false in command line.
2022-02-12 02:11:22,077 [Listener at 127.0.0.1/44149] INFO  grpc.GrpcConfigKeys (ConfUtils.java:logGet(44)) - raft.grpc.admin.port = 0 (custom)
2022-02-12 02:11:22,077 [Listener at 127.0.0.1/44149] INFO  grpc.GrpcConfigKeys (ConfUtils.java:logGet(44)) - raft.grpc.client.port = 0 (custom)
2022-02-12 02:11:22,078 [Listener at 127.0.0.1/44149] INFO  grpc.GrpcConfigKeys (ConfUtils.java:logGet(44)) - raft.grpc.server.port = 0 (default)
2022-02-12 02:11:22,078 [Listener at 127.0.0.1/44149] INFO  server.GrpcService (ConfUtils.java:logGet(44)) - raft.grpc.message.size.max = 32MB (=33554432) (custom)
2022-02-12 02:11:22,078 [Listener at 127.0.0.1/44149] INFO  server.RaftServerConfigKeys (ConfUtils.java:logGet(44)) - raft.server.log.appender.buffer.byte-limit = 33554432 (custom)
2022-02-12 02:11:22,078 [Listener at 127.0.0.1/44149] INFO  server.GrpcService (ConfUtils.java:logGet(44)) - raft.grpc.flow.control.window = 5MB (=5242880) (custom)
2022-02-12 02:11:22,078 [Listener at 127.0.0.1/44149] INFO  server.RaftServerConfigKeys (ConfUtils.java:logGet(44)) - raft.server.rpc.request.timeout = 60s (custom)
2022-02-12 02:11:22,079 [Listener at 127.0.0.1/44149] INFO  impl.DataStreamServerImpl (ConfUtils.java:logGet(44)) - raft.datastream.type = DISABLED (default)
2022-02-12 02:11:22,079 [Listener at 127.0.0.1/44149] INFO  server.RaftServerConfigKeys (ConfUtils.java:logGet(44)) - raft.server.rpc.slowness.timeout = 300s (custom)
2022-02-12 02:11:22,079 [Listener at 127.0.0.1/44149] INFO  server.RaftServerConfigKeys (ConfUtils.java:logGet(44)) - raft.server.leaderelection.leader.step-down.wait-time = 10s (default)
2022-02-12 02:11:22,079 [Listener at 127.0.0.1/44149] INFO  server.RaftServerConfigKeys (ConfUtils.java:logGet(44)) - raft.server.storage.dir = [/home/runner/work/ozone/ozone/hadoop-ozone/integration-test/target/test-dir/MiniOzoneClusterImpl-771b091a-ebe2-4b61-867f-4639ffb893ff/datanode-2/data/ratis] (custom)
2022-02-12 02:11:22,080 [Listener at 127.0.0.1/44149] INFO  server.XceiverServerGrpc (XceiverServerGrpc.java:<init>(132)) - GrpcServer channel type EpollServerSocketChannel
2022-02-12 02:11:22,089 [Listener at 127.0.0.1/44149] INFO  http.BaseHttpServer (BaseHttpServer.java:newHttpServer2BuilderForOzone(209)) - Starting Web-server for hddsDatanode at: http://0.0.0.0:0
2022-02-12 02:11:22,089 [Listener at 127.0.0.1/44149] INFO  http.BaseHttpServer (BaseHttpServer.java:<init>(107)) - Hadoop Security Enabled: false Ozone Security Enabled: false Ozone HTTP Security Enabled: false 
2022-02-12 02:11:22,090 [Listener at 127.0.0.1/44149] INFO  server.AuthenticationFilter (AuthenticationFilter.java:constructSecretProvider(240)) - Unable to initialize FileSignerSecretProvider, falling back to use random secrets.
2022-02-12 02:11:22,090 [Listener at 127.0.0.1/44149] WARN  http.HttpRequestLog (HttpRequestLog.java:getRequestLog(103)) - Jetty request log can only be enabled using Log4j
2022-02-12 02:11:22,091 [Listener at 127.0.0.1/44149] INFO  http.HttpServer2 (HttpServer2.java:addGlobalFilter(1030)) - Added global filter 'safety' (class=org.apache.hadoop.hdds.server.http.HttpServer2$QuotingInputFilter)
2022-02-12 02:11:22,092 [Listener at 127.0.0.1/44149] INFO  http.HttpServer2 (HttpServer2.java:addFilter(1006)) - Added filter static_user_filter (class=org.apache.hadoop.http.lib.StaticUserWebFilter$StaticUserFilter) to context hddsDatanode
2022-02-12 02:11:22,092 [Listener at 127.0.0.1/44149] INFO  http.HttpServer2 (HttpServer2.java:addFilter(1014)) - Added filter static_user_filter (class=org.apache.hadoop.http.lib.StaticUserWebFilter$StaticUserFilter) to context logs
2022-02-12 02:11:22,092 [Listener at 127.0.0.1/44149] INFO  http.HttpServer2 (HttpServer2.java:addFilter(1014)) - Added filter static_user_filter (class=org.apache.hadoop.http.lib.StaticUserWebFilter$StaticUserFilter) to context static
2022-02-12 02:11:22,093 [Listener at 127.0.0.1/44149] INFO  http.HttpServer2 (HttpServer2.java:bindListener(1249)) - Jetty bound to port 38891
2022-02-12 02:11:22,093 [Listener at 127.0.0.1/44149] INFO  server.Server (Server.java:doStart(375)) - jetty-9.4.43.v20210629; built: 2021-06-30T11:07:22.254Z; git: 526006ecfa3af7f1a27ef3a288e2bef7ea9dd7e8; jvm 1.8.0_312-b07
2022-02-12 02:11:22,100 [Listener at 127.0.0.1/44149] INFO  server.session (DefaultSessionIdManager.java:doStart(334)) - DefaultSessionIdManager workerName=node0
2022-02-12 02:11:22,100 [Listener at 127.0.0.1/44149] INFO  server.session (DefaultSessionIdManager.java:doStart(339)) - No SessionScavenger set, using defaults
2022-02-12 02:11:22,101 [Listener at 127.0.0.1/44149] INFO  server.session (HouseKeeper.java:startScavenging(132)) - node0 Scavenging every 660000ms
2022-02-12 02:11:22,103 [Listener at 127.0.0.1/44149] INFO  handler.ContextHandler (ContextHandler.java:doStart(915)) - Started o.e.j.s.ServletContextHandler@2b0e378c{logs,/logs,file:///home/runner/work/ozone/ozone/hadoop-ozone/integration-test/target/log,AVAILABLE}
2022-02-12 02:11:22,103 [Listener at 127.0.0.1/44149] INFO  handler.ContextHandler (ContextHandler.java:doStart(915)) - Started o.e.j.s.ServletContextHandler@3a4db2b5{static,/static,jar:file:/home/runner/.m2/repository/org/apache/ozone/hdds-container-service/1.3.0-SNAPSHOT/hdds-container-service-1.3.0-SNAPSHOT.jar!/webapps/static,AVAILABLE}
2022-02-12 02:11:22,167 [Listener at 127.0.0.1/44149] INFO  handler.ContextHandler (ContextHandler.java:doStart(915)) - Started o.e.j.w.WebAppContext@1780140f{hddsDatanode,/,file:///tmp/jetty-0_0_0_0-38891-hdds-container-service-1_3_0-SNAPSHOT_jar-_-any-1904854070525726096/webapp/,AVAILABLE}{jar:file:/home/runner/.m2/repository/org/apache/ozone/hdds-container-service/1.3.0-SNAPSHOT/hdds-container-service-1.3.0-SNAPSHOT.jar!/webapps/hddsDatanode}
2022-02-12 02:11:22,212 [Listener at 127.0.0.1/44149] INFO  server.AbstractConnector (AbstractConnector.java:doStart(331)) - Started ServerConnector@da97587{HTTP/1.1, (http/1.1)}{0.0.0.0:38891}
2022-02-12 02:11:22,212 [Listener at 127.0.0.1/44149] INFO  server.Server (Server.java:doStart(415)) - Started @300436ms
2022-02-12 02:11:22,212 [Listener at 127.0.0.1/44149] WARN  impl.MetricsSystemImpl (MetricsSystemImpl.java:register(279)) - Sink prometheus already exists!
2022-02-12 02:11:22,213 [Listener at 127.0.0.1/44149] INFO  http.BaseHttpServer (BaseHttpServer.java:updateConnectorAddress(329)) - HTTP server of hddsDatanode listening at http://0.0.0.0:38891
2022-02-12 02:11:22,220 [Listener at 127.0.0.1/44149] INFO  ozone.MiniOzoneClusterImpl (MiniOzoneClusterImpl.java:lambda$waitForClusterToBeReady$0(219)) - Waiting for nodes to be ready. Got 0 of 3 DN Heartbeats.
2022-02-12 02:11:22,220 [Listener at 127.0.0.1/44149] INFO  ozone.MiniOzoneClusterImpl (MiniOzoneClusterImpl.java:lambda$waitForClusterToBeReady$0(222)) - Waiting for cluster to exit safe mode
2022-02-12 02:11:22,220 [Listener at 127.0.0.1/44149] INFO  ozone.MiniOzoneClusterImpl (MiniOzoneClusterImpl.java:lambda$waitForClusterToBeReady$0(224)) - SCM became leader
2022-02-12 02:11:22,220 [Datanode State Machine Daemon Thread] INFO  statemachine.DatanodeStateMachine (DatanodeStateMachine.java:lambda$startDaemon$0(470)) - Ozone container server started.
2022-02-12 02:11:22,276 [org.apache.hadoop.util.JvmPauseMonitor$Monitor@2c52a180] INFO  util.JvmPauseMonitor (JvmPauseMonitor.java:run(188)) - Starting JVM pause monitor
2022-02-12 02:11:22,299 [Datanode State Machine Task Thread - 0] INFO  datanode.InitDatanodeState (InitDatanodeState.java:persistContainerDatanodeDetails(145)) - DatanodeDetails is persisted to /home/runner/work/ozone/ozone/hadoop-ozone/integration-test/target/test-dir/MiniOzoneClusterImpl-771b091a-ebe2-4b61-867f-4639ffb893ff/datanode-2/meta/datanode.id
2022-02-12 02:11:23,220 [Listener at 127.0.0.1/44149] INFO  ozone.MiniOzoneClusterImpl (MiniOzoneClusterImpl.java:lambda$waitForClusterToBeReady$0(219)) - Waiting for nodes to be ready. Got 0 of 3 DN Heartbeats.
2022-02-12 02:11:23,220 [Listener at 127.0.0.1/44149] INFO  ozone.MiniOzoneClusterImpl (MiniOzoneClusterImpl.java:lambda$waitForClusterToBeReady$0(222)) - Waiting for cluster to exit safe mode
2022-02-12 02:11:23,221 [Listener at 127.0.0.1/44149] INFO  ozone.MiniOzoneClusterImpl (MiniOzoneClusterImpl.java:lambda$waitForClusterToBeReady$0(224)) - SCM became leader
2022-02-12 02:11:23,428 [EndpointStateMachine task thread for /0.0.0.0:43425 - 0 ] INFO  ozoneimpl.OzoneContainer (OzoneContainer.java:start(315)) - Attempting to start container services.
2022-02-12 02:11:23,428 [EndpointStateMachine task thread for /0.0.0.0:43425 - 0 ] INFO  ozoneimpl.OzoneContainer (OzoneContainer.java:startContainerScrub(250)) - Background container scanner has been disabled.
2022-02-12 02:11:23,428 [EndpointStateMachine task thread for /0.0.0.0:43425 - 0 ] INFO  replication.ReplicationServer (ReplicationServer.java:start(111)) - ReplicationServer is started using port 45309
2022-02-12 02:11:23,443 [EndpointStateMachine task thread for /0.0.0.0:43425 - 0 ] INFO  ratis.XceiverServerRatis (XceiverServerRatis.java:start(484)) - Starting XceiverServerRatis 88c0bc00-df96-4ef9-9408-bb649f6f57b6
2022-02-12 02:11:23,444 [EndpointStateMachine task thread for /0.0.0.0:43425 - 0 ] INFO  server.RaftServer (RaftServerProxy.java:lambda$start$5(374)) - 88c0bc00-df96-4ef9-9408-bb649f6f57b6: start RPC server
2022-02-12 02:11:23,445 [EndpointStateMachine task thread for /0.0.0.0:43425 - 0 ] INFO  server.GrpcService (GrpcService.java:startImpl(253)) - 88c0bc00-df96-4ef9-9408-bb649f6f57b6: GrpcService started, listening on 36805
2022-02-12 02:11:23,445 [EndpointStateMachine task thread for /0.0.0.0:43425 - 0 ] INFO  ratis.XceiverServerRatis (XceiverServerRatis.java:getRealPort(505)) - XceiverServerRatis 88c0bc00-df96-4ef9-9408-bb649f6f57b6 is started using port 36805 for RATIS
2022-02-12 02:11:23,445 [EndpointStateMachine task thread for /0.0.0.0:43425 - 0 ] INFO  ratis.XceiverServerRatis (XceiverServerRatis.java:getRealPort(505)) - XceiverServerRatis 88c0bc00-df96-4ef9-9408-bb649f6f57b6 is started using port 36805 for RATIS_ADMIN
2022-02-12 02:11:23,445 [EndpointStateMachine task thread for /0.0.0.0:43425 - 0 ] INFO  ratis.XceiverServerRatis (XceiverServerRatis.java:getRealPort(505)) - XceiverServerRatis 88c0bc00-df96-4ef9-9408-bb649f6f57b6 is started using port 36805 for RATIS_SERVER
2022-02-12 02:11:23,445 [org.apache.ratis.util.JvmPauseMonitor$$Lambda$421/534662976@6b9f354b] INFO  util.JvmPauseMonitor (JvmPauseMonitor.java:run(103)) - JvmPauseMonitor-88c0bc00-df96-4ef9-9408-bb649f6f57b6: Started
2022-02-12 02:11:23,490 [EndpointStateMachine task thread for /0.0.0.0:43425 - 0 ] INFO  server.XceiverServerGrpc (XceiverServerGrpc.java:start(180)) - XceiverServerGrpc 88c0bc00-df96-4ef9-9408-bb649f6f57b6 is started using port 46771
2022-02-12 02:11:23,872 [EndpointStateMachine task thread for /0.0.0.0:43425 - 0 ] INFO  ozoneimpl.OzoneContainer (OzoneContainer.java:start(315)) - Attempting to start container services.
2022-02-12 02:11:23,873 [EndpointStateMachine task thread for /0.0.0.0:43425 - 0 ] INFO  ozoneimpl.OzoneContainer (OzoneContainer.java:startContainerScrub(250)) - Background container scanner has been disabled.
2022-02-12 02:11:23,876 [EndpointStateMachine task thread for /0.0.0.0:43425 - 0 ] INFO  replication.ReplicationServer (ReplicationServer.java:start(111)) - ReplicationServer is started using port 43187
2022-02-12 02:11:23,880 [EndpointStateMachine task thread for /0.0.0.0:43425 - 0 ] INFO  ratis.XceiverServerRatis (XceiverServerRatis.java:start(484)) - Starting XceiverServerRatis fc069e42-0ca8-466b-ae9e-376ddea5bc06
2022-02-12 02:11:23,890 [EndpointStateMachine task thread for /0.0.0.0:43425 - 0 ] INFO  server.RaftServer (RaftServerProxy.java:lambda$start$5(374)) - fc069e42-0ca8-466b-ae9e-376ddea5bc06: start RPC server
2022-02-12 02:11:23,893 [EndpointStateMachine task thread for /0.0.0.0:43425 - 0 ] INFO  server.GrpcService (GrpcService.java:startImpl(253)) - fc069e42-0ca8-466b-ae9e-376ddea5bc06: GrpcService started, listening on 41959
2022-02-12 02:11:23,895 [EndpointStateMachine task thread for /0.0.0.0:43425 - 0 ] INFO  ratis.XceiverServerRatis (XceiverServerRatis.java:getRealPort(505)) - XceiverServerRatis fc069e42-0ca8-466b-ae9e-376ddea5bc06 is started using port 41959 for RATIS
2022-02-12 02:11:23,895 [EndpointStateMachine task thread for /0.0.0.0:43425 - 0 ] INFO  ratis.XceiverServerRatis (XceiverServerRatis.java:getRealPort(505)) - XceiverServerRatis fc069e42-0ca8-466b-ae9e-376ddea5bc06 is started using port 41959 for RATIS_ADMIN
2022-02-12 02:11:23,895 [EndpointStateMachine task thread for /0.0.0.0:43425 - 0 ] INFO  ratis.XceiverServerRatis (XceiverServerRatis.java:getRealPort(505)) - XceiverServerRatis fc069e42-0ca8-466b-ae9e-376ddea5bc06 is started using port 41959 for RATIS_SERVER
2022-02-12 02:11:23,896 [org.apache.ratis.util.JvmPauseMonitor$$Lambda$421/534662976@64733f5c] INFO  util.JvmPauseMonitor (JvmPauseMonitor.java:run(103)) - JvmPauseMonitor-fc069e42-0ca8-466b-ae9e-376ddea5bc06: Started
2022-02-12 02:11:23,901 [EndpointStateMachine task thread for /0.0.0.0:43425 - 0 ] INFO  server.XceiverServerGrpc (XceiverServerGrpc.java:start(180)) - XceiverServerGrpc fc069e42-0ca8-466b-ae9e-376ddea5bc06 is started using port 38485
2022-02-12 02:11:24,225 [Listener at 127.0.0.1/44149] INFO  ozone.MiniOzoneClusterImpl (MiniOzoneClusterImpl.java:lambda$waitForClusterToBeReady$0(219)) - Waiting for nodes to be ready. Got 0 of 3 DN Heartbeats.
2022-02-12 02:11:24,226 [Listener at 127.0.0.1/44149] INFO  ozone.MiniOzoneClusterImpl (MiniOzoneClusterImpl.java:lambda$waitForClusterToBeReady$0(222)) - Waiting for cluster to exit safe mode
2022-02-12 02:11:24,226 [Listener at 127.0.0.1/44149] INFO  ozone.MiniOzoneClusterImpl (MiniOzoneClusterImpl.java:lambda$waitForClusterToBeReady$0(224)) - SCM became leader
2022-02-12 02:11:24,303 [EndpointStateMachine task thread for /0.0.0.0:43425 - 0 ] INFO  ozoneimpl.OzoneContainer (OzoneContainer.java:start(315)) - Attempting to start container services.
2022-02-12 02:11:24,304 [EndpointStateMachine task thread for /0.0.0.0:43425 - 0 ] INFO  ozoneimpl.OzoneContainer (OzoneContainer.java:startContainerScrub(250)) - Background container scanner has been disabled.
2022-02-12 02:11:24,305 [EndpointStateMachine task thread for /0.0.0.0:43425 - 0 ] INFO  replication.ReplicationServer (ReplicationServer.java:start(111)) - ReplicationServer is started using port 36895
2022-02-12 02:11:24,320 [EndpointStateMachine task thread for /0.0.0.0:43425 - 0 ] INFO  ratis.XceiverServerRatis (XceiverServerRatis.java:start(484)) - Starting XceiverServerRatis 26faa8ae-1f6d-4682-8de1-020bfaee0d48
2022-02-12 02:11:24,321 [EndpointStateMachine task thread for /0.0.0.0:43425 - 0 ] INFO  server.RaftServer (RaftServerProxy.java:lambda$start$5(374)) - 26faa8ae-1f6d-4682-8de1-020bfaee0d48: start RPC server
2022-02-12 02:11:24,324 [EndpointStateMachine task thread for /0.0.0.0:43425 - 0 ] INFO  server.GrpcService (GrpcService.java:startImpl(253)) - 26faa8ae-1f6d-4682-8de1-020bfaee0d48: GrpcService started, listening on 33181
2022-02-12 02:11:24,344 [EndpointStateMachine task thread for /0.0.0.0:43425 - 0 ] INFO  ratis.XceiverServerRatis (XceiverServerRatis.java:getRealPort(505)) - XceiverServerRatis 26faa8ae-1f6d-4682-8de1-020bfaee0d48 is started using port 33181 for RATIS
2022-02-12 02:11:24,344 [EndpointStateMachine task thread for /0.0.0.0:43425 - 0 ] INFO  ratis.XceiverServerRatis (XceiverServerRatis.java:getRealPort(505)) - XceiverServerRatis 26faa8ae-1f6d-4682-8de1-020bfaee0d48 is started using port 33181 for RATIS_ADMIN
2022-02-12 02:11:24,344 [EndpointStateMachine task thread for /0.0.0.0:43425 - 0 ] INFO  ratis.XceiverServerRatis (XceiverServerRatis.java:getRealPort(505)) - XceiverServerRatis 26faa8ae-1f6d-4682-8de1-020bfaee0d48 is started using port 33181 for RATIS_SERVER
2022-02-12 02:11:24,344 [org.apache.ratis.util.JvmPauseMonitor$$Lambda$421/534662976@78c48ea5] INFO  util.JvmPauseMonitor (JvmPauseMonitor.java:run(103)) - JvmPauseMonitor-26faa8ae-1f6d-4682-8de1-020bfaee0d48: Started
2022-02-12 02:11:24,355 [EndpointStateMachine task thread for /0.0.0.0:43425 - 0 ] INFO  server.XceiverServerGrpc (XceiverServerGrpc.java:start(180)) - XceiverServerGrpc 26faa8ae-1f6d-4682-8de1-020bfaee0d48 is started using port 33677
2022-02-12 02:11:25,226 [Listener at 127.0.0.1/44149] INFO  ozone.MiniOzoneClusterImpl (MiniOzoneClusterImpl.java:lambda$waitForClusterToBeReady$0(219)) - Waiting for nodes to be ready. Got 0 of 3 DN Heartbeats.
2022-02-12 02:11:25,226 [Listener at 127.0.0.1/44149] INFO  ozone.MiniOzoneClusterImpl (MiniOzoneClusterImpl.java:lambda$waitForClusterToBeReady$0(222)) - Waiting for cluster to exit safe mode
2022-02-12 02:11:25,226 [Listener at 127.0.0.1/44149] INFO  ozone.MiniOzoneClusterImpl (MiniOzoneClusterImpl.java:lambda$waitForClusterToBeReady$0(224)) - SCM became leader
2022-02-12 02:11:25,338 [IPC Server handler 2 on default port 43425] INFO  net.NetworkTopologyImpl (NetworkTopologyImpl.java:add(112)) - Added a new node: /default-rack/88c0bc00-df96-4ef9-9408-bb649f6f57b6
2022-02-12 02:11:25,338 [IPC Server handler 2 on default port 43425] INFO  node.SCMNodeManager (SCMNodeManager.java:register(389)) - Registered Data node : 88c0bc00-df96-4ef9-9408-bb649f6f57b6{ip: 10.1.0.17, host: fv-az395-998.zfmzfyrfkyou3ow0tsr0jxwq1e.bx.internal.cloudapp.net, ports: [REPLICATION=45309, RATIS=36805, RATIS_ADMIN=36805, RATIS_SERVER=36805, STANDALONE=46771], networkLocation: /default-rack, certSerialId: null, persistedOpState: null, persistedOpStateExpiryEpochSec: 0}
2022-02-12 02:11:25,343 [EventQueue-NewNodeForNewNodeHandler] INFO  pipeline.BackgroundPipelineCreator (BackgroundPipelineCreator.java:notifyEventTriggered(285)) - trigger a one-shot run on RatisPipelineUtilsThread.
2022-02-12 02:11:25,344 [RatisPipelineUtilsThread - 0] INFO  pipeline.RatisPipelineProvider (RatisPipelineProvider.java:lambda$create$0(183)) - Sending CreatePipelineCommand for pipeline:PipelineID=2c6ce6bf-f19f-4863-909d-8b6f814f0470 to datanode:88c0bc00-df96-4ef9-9408-bb649f6f57b6
2022-02-12 02:11:25,344 [EventQueue-NodeRegistrationContainerReportForDataNodeSafeModeRule] INFO  safemode.SCMSafeModeManager (DataNodeSafeModeRule.java:process(71)) - SCM in safe mode. 1 DataNodes registered, 3 required.
2022-02-12 02:11:25,358 [EventQueue-NodeRegistrationContainerReportForContainerSafeModeRule] INFO  safemode.SCMSafeModeManager (SCMSafeModeManager.java:validateSafeModeExitRules(204)) - ContainerSafeModeRule rule is successfully validated
2022-02-12 02:11:25,386 [EventQueue-PipelineReportForOneReplicaPipelineSafeModeRule] INFO  safemode.SCMSafeModeManager (SCMSafeModeManager.java:validateSafeModeExitRules(204)) - AtleastOneDatanodeReportedRule rule is successfully validated
2022-02-12 02:11:25,445 [1b5f3bca-5d4a-4774-a0d7-e0522b1460f7@group-4639FFB893FF-StateMachineUpdater] INFO  pipeline.PipelineStateManagerImpl (PipelineStateManagerImpl.java:addPipeline(101)) - Created pipeline Pipeline[ Id: 2c6ce6bf-f19f-4863-909d-8b6f814f0470, Nodes: 88c0bc00-df96-4ef9-9408-bb649f6f57b6{ip: 10.1.0.17, host: fv-az395-998.zfmzfyrfkyou3ow0tsr0jxwq1e.bx.internal.cloudapp.net, ports: [REPLICATION=45309, RATIS=36805, RATIS_ADMIN=36805, RATIS_SERVER=36805, STANDALONE=46771], networkLocation: /default-rack, certSerialId: null, persistedOpState: IN_SERVICE, persistedOpStateExpiryEpochSec: 0}, ReplicationConfig: RATIS/ONE, State:ALLOCATED, leaderId:, CreationTimestamp2022-02-12T02:11:25.344Z[Etc/UTC]].
2022-02-12 02:11:25,445 [1b5f3bca-5d4a-4774-a0d7-e0522b1460f7@group-4639FFB893FF-StateMachineUpdater] INFO  safemode.HealthyPipelineSafeModeRule (HealthyPipelineSafeModeRule.java:initializeRule(152)) - Refreshed total pipeline count is 0, healthy pipeline threshold count is 1
2022-02-12 02:11:25,871 [IPC Server handler 0 on default port 43425] INFO  net.NetworkTopologyImpl (NetworkTopologyImpl.java:add(112)) - Added a new node: /default-rack/fc069e42-0ca8-466b-ae9e-376ddea5bc06
2022-02-12 02:11:25,871 [IPC Server handler 0 on default port 43425] INFO  node.SCMNodeManager (SCMNodeManager.java:register(389)) - Registered Data node : fc069e42-0ca8-466b-ae9e-376ddea5bc06{ip: 10.1.0.17, host: fv-az395-998.zfmzfyrfkyou3ow0tsr0jxwq1e.bx.internal.cloudapp.net, ports: [REPLICATION=43187, RATIS=41959, RATIS_ADMIN=41959, RATIS_SERVER=41959, STANDALONE=38485], networkLocation: /default-rack, certSerialId: null, persistedOpState: null, persistedOpStateExpiryEpochSec: 0}
2022-02-12 02:11:25,871 [EventQueue-NewNodeForNewNodeHandler] INFO  pipeline.BackgroundPipelineCreator (BackgroundPipelineCreator.java:notifyEventTriggered(285)) - trigger a one-shot run on RatisPipelineUtilsThread.
2022-02-12 02:11:25,876 [RatisPipelineUtilsThread - 0] INFO  pipeline.RatisPipelineProvider (RatisPipelineProvider.java:lambda$create$0(183)) - Sending CreatePipelineCommand for pipeline:PipelineID=ca5d2ca3-917b-45dc-8d83-cb1b8378d8a8 to datanode:fc069e42-0ca8-466b-ae9e-376ddea5bc06
2022-02-12 02:11:25,877 [EventQueue-NodeRegistrationContainerReportForDataNodeSafeModeRule] INFO  safemode.SCMSafeModeManager (DataNodeSafeModeRule.java:process(71)) - SCM in safe mode. 2 DataNodes registered, 3 required.
2022-02-12 02:11:25,877 [1b5f3bca-5d4a-4774-a0d7-e0522b1460f7@group-4639FFB893FF-StateMachineUpdater] INFO  pipeline.PipelineStateManagerImpl (PipelineStateManagerImpl.java:addPipeline(101)) - Created pipeline Pipeline[ Id: ca5d2ca3-917b-45dc-8d83-cb1b8378d8a8, Nodes: fc069e42-0ca8-466b-ae9e-376ddea5bc06{ip: 10.1.0.17, host: fv-az395-998.zfmzfyrfkyou3ow0tsr0jxwq1e.bx.internal.cloudapp.net, ports: [REPLICATION=43187, RATIS=41959, RATIS_ADMIN=41959, RATIS_SERVER=41959, STANDALONE=38485], networkLocation: /default-rack, certSerialId: null, persistedOpState: IN_SERVICE, persistedOpStateExpiryEpochSec: 0}, ReplicationConfig: RATIS/ONE, State:ALLOCATED, leaderId:, CreationTimestamp2022-02-12T02:11:25.876Z[Etc/UTC]].
2022-02-12 02:11:25,877 [1b5f3bca-5d4a-4774-a0d7-e0522b1460f7@group-4639FFB893FF-StateMachineUpdater] INFO  safemode.HealthyPipelineSafeModeRule (HealthyPipelineSafeModeRule.java:initializeRule(152)) - Refreshed total pipeline count is 0, healthy pipeline threshold count is 1
2022-02-12 02:11:26,226 [Listener at 127.0.0.1/44149] INFO  ozone.MiniOzoneClusterImpl (MiniOzoneClusterImpl.java:lambda$waitForClusterToBeReady$0(219)) - Waiting for nodes to be ready. Got 2 of 3 DN Heartbeats.
2022-02-12 02:11:26,227 [Listener at 127.0.0.1/44149] INFO  ozone.MiniOzoneClusterImpl (MiniOzoneClusterImpl.java:lambda$waitForClusterToBeReady$0(222)) - Waiting for cluster to exit safe mode
2022-02-12 02:11:26,227 [Listener at 127.0.0.1/44149] INFO  ozone.MiniOzoneClusterImpl (MiniOzoneClusterImpl.java:lambda$waitForClusterToBeReady$0(224)) - SCM became leader
2022-02-12 02:11:26,278 [IPC Server handler 1 on default port 43425] INFO  net.NetworkTopologyImpl (NetworkTopologyImpl.java:add(112)) - Added a new node: /default-rack/26faa8ae-1f6d-4682-8de1-020bfaee0d48
2022-02-12 02:11:26,278 [IPC Server handler 1 on default port 43425] INFO  node.SCMNodeManager (SCMNodeManager.java:register(389)) - Registered Data node : 26faa8ae-1f6d-4682-8de1-020bfaee0d48{ip: 10.1.0.17, host: fv-az395-998.zfmzfyrfkyou3ow0tsr0jxwq1e.bx.internal.cloudapp.net, ports: [REPLICATION=36895, RATIS=33181, RATIS_ADMIN=33181, RATIS_SERVER=33181, STANDALONE=33677], networkLocation: /default-rack, certSerialId: null, persistedOpState: null, persistedOpStateExpiryEpochSec: 0}
2022-02-12 02:11:26,278 [EventQueue-NewNodeForNewNodeHandler] INFO  pipeline.BackgroundPipelineCreator (BackgroundPipelineCreator.java:notifyEventTriggered(285)) - trigger a one-shot run on RatisPipelineUtilsThread.
2022-02-12 02:11:26,279 [RatisPipelineUtilsThread - 0] INFO  pipeline.RatisPipelineProvider (RatisPipelineProvider.java:lambda$create$0(183)) - Sending CreatePipelineCommand for pipeline:PipelineID=b797bcdf-4860-4033-a23a-b69905b65f9f to datanode:26faa8ae-1f6d-4682-8de1-020bfaee0d48
2022-02-12 02:11:26,280 [1b5f3bca-5d4a-4774-a0d7-e0522b1460f7@group-4639FFB893FF-StateMachineUpdater] INFO  pipeline.PipelineStateManagerImpl (PipelineStateManagerImpl.java:addPipeline(101)) - Created pipeline Pipeline[ Id: b797bcdf-4860-4033-a23a-b69905b65f9f, Nodes: 26faa8ae-1f6d-4682-8de1-020bfaee0d48{ip: 10.1.0.17, host: fv-az395-998.zfmzfyrfkyou3ow0tsr0jxwq1e.bx.internal.cloudapp.net, ports: [REPLICATION=36895, RATIS=33181, RATIS_ADMIN=33181, RATIS_SERVER=33181, STANDALONE=33677], networkLocation: /default-rack, certSerialId: null, persistedOpState: IN_SERVICE, persistedOpStateExpiryEpochSec: 0}, ReplicationConfig: RATIS/ONE, State:ALLOCATED, leaderId:, CreationTimestamp2022-02-12T02:11:26.279Z[Etc/UTC]].
2022-02-12 02:11:26,280 [1b5f3bca-5d4a-4774-a0d7-e0522b1460f7@group-4639FFB893FF-StateMachineUpdater] INFO  safemode.HealthyPipelineSafeModeRule (HealthyPipelineSafeModeRule.java:initializeRule(152)) - Refreshed total pipeline count is 0, healthy pipeline threshold count is 1
2022-02-12 02:11:26,287 [EventQueue-NodeRegistrationContainerReportForDataNodeSafeModeRule] INFO  safemode.SCMSafeModeManager (DataNodeSafeModeRule.java:process(71)) - SCM in safe mode. 3 DataNodes registered, 3 required.
2022-02-12 02:11:26,287 [EventQueue-NodeRegistrationContainerReportForDataNodeSafeModeRule] INFO  safemode.SCMSafeModeManager (SCMSafeModeManager.java:validateSafeModeExitRules(204)) - DataNodeSafeModeRule rule is successfully validated
2022-02-12 02:11:26,287 [EventQueue-NodeRegistrationContainerReportForDataNodeSafeModeRule] INFO  safemode.SCMSafeModeManager (SCMSafeModeManager.java:completePreCheck(233)) - All SCM safe mode pre check rules have passed
2022-02-12 02:11:26,287 [EventQueue-NodeRegistrationContainerReportForDataNodeSafeModeRule] WARN  events.EventQueue (EventQueue.java:fireEvent(194)) - No event handler registered for event TypedEvent{payloadType=SafeModeStatus, name='Safe mode status'}
2022-02-12 02:11:26,287 [EventQueue-NodeRegistrationContainerReportForDataNodeSafeModeRule] INFO  ha.SCMContext (SCMContext.java:updateSafeModeStatus(211)) - Update SafeModeStatus from SafeModeStatus{safeModeStatus=true, preCheckPassed=false} to SafeModeStatus{safeModeStatus=true, preCheckPassed=true}.
2022-02-12 02:11:26,287 [EventQueue-NodeRegistrationContainerReportForDataNodeSafeModeRule] INFO  pipeline.BackgroundPipelineCreator (BackgroundPipelineCreator.java:notifyEventTriggered(285)) - trigger a one-shot run on RatisPipelineUtilsThread.
2022-02-12 02:11:26,287 [RatisPipelineUtilsThread - 0] INFO  pipeline.RatisPipelineProvider (RatisPipelineProvider.java:lambda$create$0(183)) - Sending CreatePipelineCommand for pipeline:PipelineID=059774e9-a480-4269-bf8c-75fe1a793831 to datanode:fc069e42-0ca8-466b-ae9e-376ddea5bc06
2022-02-12 02:11:26,288 [RatisPipelineUtilsThread - 0] INFO  pipeline.RatisPipelineProvider (RatisPipelineProvider.java:lambda$create$0(183)) - Sending CreatePipelineCommand for pipeline:PipelineID=059774e9-a480-4269-bf8c-75fe1a793831 to datanode:88c0bc00-df96-4ef9-9408-bb649f6f57b6
2022-02-12 02:11:26,288 [RatisPipelineUtilsThread - 0] INFO  pipeline.RatisPipelineProvider (RatisPipelineProvider.java:lambda$create$0(183)) - Sending CreatePipelineCommand for pipeline:PipelineID=059774e9-a480-4269-bf8c-75fe1a793831 to datanode:26faa8ae-1f6d-4682-8de1-020bfaee0d48
2022-02-12 02:11:26,288 [1b5f3bca-5d4a-4774-a0d7-e0522b1460f7@group-4639FFB893FF-StateMachineUpdater] INFO  pipeline.PipelineStateManagerImpl (PipelineStateManagerImpl.java:addPipeline(101)) - Created pipeline Pipeline[ Id: 059774e9-a480-4269-bf8c-75fe1a793831, Nodes: fc069e42-0ca8-466b-ae9e-376ddea5bc06{ip: 10.1.0.17, host: fv-az395-998.zfmzfyrfkyou3ow0tsr0jxwq1e.bx.internal.cloudapp.net, ports: [REPLICATION=43187, RATIS=41959, RATIS_ADMIN=41959, RATIS_SERVER=41959, STANDALONE=38485], networkLocation: /default-rack, certSerialId: null, persistedOpState: IN_SERVICE, persistedOpStateExpiryEpochSec: 0}88c0bc00-df96-4ef9-9408-bb649f6f57b6{ip: 10.1.0.17, host: fv-az395-998.zfmzfyrfkyou3ow0tsr0jxwq1e.bx.internal.cloudapp.net, ports: [REPLICATION=45309, RATIS=36805, RATIS_ADMIN=36805, RATIS_SERVER=36805, STANDALONE=46771], networkLocation: /default-rack, certSerialId: null, persistedOpState: IN_SERVICE, persistedOpStateExpiryEpochSec: 0}26faa8ae-1f6d-4682-8de1-020bfaee0d48{ip: 10.1.0.17, host: fv-az395-998.zfmzfyrfkyou3ow0tsr0jxwq1e.bx.internal.cloudapp.net, ports: [REPLICATION=36895, RATIS=33181, RATIS_ADMIN=33181, RATIS_SERVER=33181, STANDALONE=33677], networkLocation: /default-rack, certSerialId: null, persistedOpState: IN_SERVICE, persistedOpStateExpiryEpochSec: 0}, ReplicationConfig: RATIS/THREE, State:ALLOCATED, leaderId:, CreationTimestamp2022-02-12T02:11:26.287Z[Etc/UTC]].
2022-02-12 02:11:26,289 [1b5f3bca-5d4a-4774-a0d7-e0522b1460f7@group-4639FFB893FF-StateMachineUpdater] INFO  safemode.HealthyPipelineSafeModeRule (HealthyPipelineSafeModeRule.java:initializeRule(152)) - Refreshed total pipeline count is 0, healthy pipeline threshold count is 1
2022-02-12 02:11:26,289 [RatisPipelineUtilsThread - 0] INFO  pipeline.RatisPipelineProvider (RatisPipelineProvider.java:lambda$create$0(183)) - Sending CreatePipelineCommand for pipeline:PipelineID=924bab32-8d90-48e8-9b66-edf8322d7ab0 to datanode:fc069e42-0ca8-466b-ae9e-376ddea5bc06
2022-02-12 02:11:26,289 [RatisPipelineUtilsThread - 0] INFO  pipeline.RatisPipelineProvider (RatisPipelineProvider.java:lambda$create$0(183)) - Sending CreatePipelineCommand for pipeline:PipelineID=924bab32-8d90-48e8-9b66-edf8322d7ab0 to datanode:88c0bc00-df96-4ef9-9408-bb649f6f57b6
2022-02-12 02:11:26,289 [RatisPipelineUtilsThread - 0] INFO  pipeline.RatisPipelineProvider (RatisPipelineProvider.java:lambda$create$0(183)) - Sending CreatePipelineCommand for pipeline:PipelineID=924bab32-8d90-48e8-9b66-edf8322d7ab0 to datanode:26faa8ae-1f6d-4682-8de1-020bfaee0d48
2022-02-12 02:11:26,290 [1b5f3bca-5d4a-4774-a0d7-e0522b1460f7@group-4639FFB893FF-StateMachineUpdater] INFO  pipeline.PipelineStateManagerImpl (PipelineStateManagerImpl.java:addPipeline(101)) - Created pipeline Pipeline[ Id: 924bab32-8d90-48e8-9b66-edf8322d7ab0, Nodes: fc069e42-0ca8-466b-ae9e-376ddea5bc06{ip: 10.1.0.17, host: fv-az395-998.zfmzfyrfkyou3ow0tsr0jxwq1e.bx.internal.cloudapp.net, ports: [REPLICATION=43187, RATIS=41959, RATIS_ADMIN=41959, RATIS_SERVER=41959, STANDALONE=38485], networkLocation: /default-rack, certSerialId: null, persistedOpState: IN_SERVICE, persistedOpStateExpiryEpochSec: 0}88c0bc00-df96-4ef9-9408-bb649f6f57b6{ip: 10.1.0.17, host: fv-az395-998.zfmzfyrfkyou3ow0tsr0jxwq1e.bx.internal.cloudapp.net, ports: [REPLICATION=45309, RATIS=36805, RATIS_ADMIN=36805, RATIS_SERVER=36805, STANDALONE=46771], networkLocation: /default-rack, certSerialId: null, persistedOpState: IN_SERVICE, persistedOpStateExpiryEpochSec: 0}26faa8ae-1f6d-4682-8de1-020bfaee0d48{ip: 10.1.0.17, host: fv-az395-998.zfmzfyrfkyou3ow0tsr0jxwq1e.bx.internal.cloudapp.net, ports: [REPLICATION=36895, RATIS=33181, RATIS_ADMIN=33181, RATIS_SERVER=33181, STANDALONE=33677], networkLocation: /default-rack, certSerialId: null, persistedOpState: IN_SERVICE, persistedOpStateExpiryEpochSec: 0}, ReplicationConfig: RATIS/THREE, State:ALLOCATED, leaderId:, CreationTimestamp2022-02-12T02:11:26.289Z[Etc/UTC]].
2022-02-12 02:11:26,290 [1b5f3bca-5d4a-4774-a0d7-e0522b1460f7@group-4639FFB893FF-StateMachineUpdater] INFO  safemode.HealthyPipelineSafeModeRule (HealthyPipelineSafeModeRule.java:initializeRule(152)) - Refreshed total pipeline count is 0, healthy pipeline threshold count is 1
2022-02-12 02:11:26,290 [RatisPipelineUtilsThread - 0] INFO  pipeline.PipelineManagerImpl (PipelineManagerImpl.java:recordMetricsForPipeline(639)) - Pipeline: PipelineID=924bab32-8d90-48e8-9b66-edf8322d7ab0 contains same datanodes as previous pipelines: PipelineID=059774e9-a480-4269-bf8c-75fe1a793831 nodeIds: fc069e42-0ca8-466b-ae9e-376ddea5bc06, 88c0bc00-df96-4ef9-9408-bb649f6f57b6, 26faa8ae-1f6d-4682-8de1-020bfaee0d48
2022-02-12 02:11:27,227 [Listener at 127.0.0.1/44149] INFO  ozone.MiniOzoneClusterImpl (MiniOzoneClusterImpl.java:lambda$waitForClusterToBeReady$0(219)) - Nodes are ready. Got 3 of 3 DN Heartbeats.
2022-02-12 02:11:27,227 [Listener at 127.0.0.1/44149] INFO  ozone.MiniOzoneClusterImpl (MiniOzoneClusterImpl.java:lambda$waitForClusterToBeReady$0(222)) - Waiting for cluster to exit safe mode
2022-02-12 02:11:27,227 [Listener at 127.0.0.1/44149] INFO  ozone.MiniOzoneClusterImpl (MiniOzoneClusterImpl.java:lambda$waitForClusterToBeReady$0(224)) - SCM became leader
2022-02-12 02:11:28,228 [Listener at 127.0.0.1/44149] INFO  ozone.MiniOzoneClusterImpl (MiniOzoneClusterImpl.java:lambda$waitForClusterToBeReady$0(219)) - Nodes are ready. Got 3 of 3 DN Heartbeats.
2022-02-12 02:11:28,228 [Listener at 127.0.0.1/44149] INFO  ozone.MiniOzoneClusterImpl (MiniOzoneClusterImpl.java:lambda$waitForClusterToBeReady$0(222)) - Waiting for cluster to exit safe mode
2022-02-12 02:11:28,228 [Listener at 127.0.0.1/44149] INFO  ozone.MiniOzoneClusterImpl (MiniOzoneClusterImpl.java:lambda$waitForClusterToBeReady$0(224)) - SCM became leader
2022-02-12 02:11:28,338 [Command processor thread] INFO  server.RaftServer (RaftServerProxy.java:addNew(95)) - 88c0bc00-df96-4ef9-9408-bb649f6f57b6: addNew group-8B6F814F0470:[88c0bc00-df96-4ef9-9408-bb649f6f57b6|rpc:10.1.0.17:36805|priority:1] returns group-8B6F814F0470:java.util.concurrent.CompletableFuture@1cec6537[Not completed]
2022-02-12 02:11:28,370 [pool-641-thread-1] INFO  server.RaftServer$Division (RaftServerImpl.java:<init>(184)) - 88c0bc00-df96-4ef9-9408-bb649f6f57b6: new RaftServerImpl for group-8B6F814F0470:[88c0bc00-df96-4ef9-9408-bb649f6f57b6|rpc:10.1.0.17:36805|priority:1] with ContainerStateMachine:uninitialized
2022-02-12 02:11:28,386 [pool-641-thread-1] INFO  server.RaftServerConfigKeys (ConfUtils.java:logGet(44)) - raft.server.rpc.timeout.min = 5s (custom)
2022-02-12 02:11:28,386 [pool-641-thread-1] INFO  server.RaftServerConfigKeys (ConfUtils.java:logGet(44)) - raft.server.rpc.timeout.max = 5200ms (custom)
2022-02-12 02:11:28,386 [pool-641-thread-1] INFO  server.RaftServerConfigKeys (ConfUtils.java:logGet(44)) - raft.server.rpc.sleep.time = 25ms (default)
2022-02-12 02:11:28,386 [pool-641-thread-1] INFO  server.RaftServerConfigKeys (ConfUtils.java:logGet(44)) - raft.server.rpc.slowness.timeout = 300s (custom)
2022-02-12 02:11:28,387 [pool-641-thread-1] INFO  server.RaftServerConfigKeys (ConfUtils.java:logGet(44)) - raft.server.leaderelection.leader.step-down.wait-time = 10s (default)
2022-02-12 02:11:28,387 [pool-641-thread-1] INFO  server.RaftServerConfigKeys (ConfUtils.java:logGet(44)) - raft.server.sleep.deviation.threshold = 300ms (default)
2022-02-12 02:11:28,387 [pool-641-thread-1] INFO  server.RaftServerConfigKeys (ConfUtils.java:logGet(44)) - raft.server.log.appender.install.snapshot.enabled = false (custom)
2022-02-12 02:11:28,387 [pool-641-thread-1] INFO  server.RaftServer$Division (ServerState.java:<init>(105)) - 88c0bc00-df96-4ef9-9408-bb649f6f57b6@group-8B6F814F0470: ConfigurationManager, init=-1: [88c0bc00-df96-4ef9-9408-bb649f6f57b6|rpc:10.1.0.17:36805|priority:1], old=null, confs=<EMPTY_MAP>
2022-02-12 02:11:28,387 [pool-641-thread-1] INFO  server.RaftServerConfigKeys (ConfUtils.java:logGet(44)) - raft.server.storage.dir = [/home/runner/work/ozone/ozone/hadoop-ozone/integration-test/target/test-dir/MiniOzoneClusterImpl-771b091a-ebe2-4b61-867f-4639ffb893ff/datanode-0/data/ratis] (custom)
2022-02-12 02:11:28,387 [pool-641-thread-1] INFO  server.RaftServerConfigKeys (ConfUtils.java:logGet(44)) - raft.server.log.corruption.policy = EXCEPTION (default)
2022-02-12 02:11:28,387 [pool-641-thread-1] INFO  server.RaftServerConfigKeys (ConfUtils.java:logGet(44)) - raft.server.storage.free-space.min = 0MB (=0) (default)
2022-02-12 02:11:28,387 [pool-641-thread-1] INFO  storage.RaftStorageDirectory (RaftStorageDirectoryImpl.java:analyzeStorage(135)) - The storage directory /home/runner/work/ozone/ozone/hadoop-ozone/integration-test/target/test-dir/MiniOzoneClusterImpl-771b091a-ebe2-4b61-867f-4639ffb893ff/datanode-0/data/ratis/2c6ce6bf-f19f-4863-909d-8b6f814f0470 does not exist. Creating ...
2022-02-12 02:11:28,388 [pool-641-thread-1] INFO  storage.RaftStorageDirectory (RaftStorageDirectoryImpl.java:tryLock(230)) - Lock on /home/runner/work/ozone/ozone/hadoop-ozone/integration-test/target/test-dir/MiniOzoneClusterImpl-771b091a-ebe2-4b61-867f-4639ffb893ff/datanode-0/data/ratis/2c6ce6bf-f19f-4863-909d-8b6f814f0470/in_use.lock acquired by nodename 9178@fv-az395-998
2022-02-12 02:11:28,389 [pool-641-thread-1] INFO  storage.RaftStorage (RaftStorageImpl.java:format(89)) - Storage directory /home/runner/work/ozone/ozone/hadoop-ozone/integration-test/target/test-dir/MiniOzoneClusterImpl-771b091a-ebe2-4b61-867f-4639ffb893ff/datanode-0/data/ratis/2c6ce6bf-f19f-4863-909d-8b6f814f0470 has been successfully formatted.
2022-02-12 02:11:28,394 [pool-641-thread-1] INFO  ratis.ContainerStateMachine (ContainerStateMachine.java:loadSnapshot(231)) - group-8B6F814F0470: The snapshot info is null. Setting the last applied indexto:(t:0, i:~)
2022-02-12 02:11:28,394 [pool-641-thread-1] INFO  server.RaftServerConfigKeys (ConfUtils.java:logGet(44)) - raft.server.notification.no-leader.timeout = 300s (custom)
2022-02-12 02:11:28,395 [pool-641-thread-1] INFO  server.RaftServerConfigKeys (ConfUtils.java:logGet(44)) - raft.server.log.use.memory = false (default)
2022-02-12 02:11:28,395 [pool-641-thread-1] INFO  server.RaftServerConfigKeys (ConfUtils.java:logGet(44)) - raft.server.log.purge.gap = 1000000 (custom)
2022-02-12 02:11:28,395 [pool-641-thread-1] INFO  server.RaftServerConfigKeys (ConfUtils.java:logGet(44)) - raft.server.log.appender.buffer.byte-limit = 33554432 (custom)
2022-02-12 02:11:28,395 [pool-641-thread-1] INFO  server.RaftServerConfigKeys (ConfUtils.java:logGet(44)) - raft.server.log.segment.size.max = 1048576 (custom)
2022-02-12 02:11:28,395 [pool-641-thread-1] INFO  server.RaftServerConfigKeys (ConfUtils.java:logGet(44)) - raft.server.log.segment.cache.num.max = 2 (custom)
2022-02-12 02:11:28,395 [pool-641-thread-1] INFO  server.RaftServerConfigKeys (ConfUtils.java:logGet(44)) - raft.server.log.segment.cache.size.max = 200MB (=209715200) (default)
2022-02-12 02:11:28,395 [pool-641-thread-1] INFO  segmented.SegmentedRaftLogWorker (SegmentedRaftLogWorker.java:<init>(182)) - new 88c0bc00-df96-4ef9-9408-bb649f6f57b6@group-8B6F814F0470-SegmentedRaftLogWorker for RaftStorageImpl:Storage Directory /home/runner/work/ozone/ozone/hadoop-ozone/integration-test/target/test-dir/MiniOzoneClusterImpl-771b091a-ebe2-4b61-867f-4639ffb893ff/datanode-0/data/ratis/2c6ce6bf-f19f-4863-909d-8b6f814f0470
2022-02-12 02:11:28,395 [pool-641-thread-1] INFO  server.RaftServerConfigKeys (ConfUtils.java:logGet(44)) - raft.server.log.queue.byte-limit = 2147483647 (custom)
2022-02-12 02:11:28,395 [pool-641-thread-1] INFO  server.RaftServerConfigKeys (ConfUtils.java:logGet(44)) - raft.server.log.queue.element-limit = 1024 (custom)
2022-02-12 02:11:28,395 [pool-641-thread-1] INFO  server.RaftServerConfigKeys (ConfUtils.java:logGet(44)) - raft.server.log.segment.size.max = 1048576 (custom)
2022-02-12 02:11:28,395 [pool-641-thread-1] INFO  server.RaftServerConfigKeys (ConfUtils.java:logGet(44)) - raft.server.log.preallocated.size = 16384 (custom)
2022-02-12 02:11:28,396 [pool-641-thread-1] INFO  server.RaftServerConfigKeys (ConfUtils.java:logGet(44)) - raft.server.log.force.sync.num = 128 (default)
2022-02-12 02:11:28,396 [pool-641-thread-1] INFO  server.RaftServerConfigKeys (ConfUtils.java:logGet(44)) - raft.server.log.statemachine.data.sync = true (default)
2022-02-12 02:11:28,396 [pool-641-thread-1] INFO  server.RaftServerConfigKeys (ConfUtils.java:logGet(44)) - raft.server.log.statemachine.data.sync.timeout = 10s (default)
2022-02-12 02:11:28,396 [pool-641-thread-1] INFO  server.RaftServerConfigKeys (ConfUtils.java:logGet(44)) - raft.server.log.statemachine.data.sync.timeout.retry = -1 (default)
2022-02-12 02:11:28,396 [EventQueue-PipelineReportForPipelineReportHandler] INFO  pipeline.PipelineManagerImpl (PipelineManagerImpl.java:openPipeline(291)) - Pipeline Pipeline[ Id: 2c6ce6bf-f19f-4863-909d-8b6f814f0470, Nodes: 88c0bc00-df96-4ef9-9408-bb649f6f57b6{ip: 10.1.0.17, host: fv-az395-998.zfmzfyrfkyou3ow0tsr0jxwq1e.bx.internal.cloudapp.net, ports: [REPLICATION=45309, RATIS=36805, RATIS_ADMIN=36805, RATIS_SERVER=36805, STANDALONE=46771], networkLocation: /default-rack, certSerialId: null, persistedOpState: IN_SERVICE, persistedOpStateExpiryEpochSec: 0}, ReplicationConfig: RATIS/ONE, State:ALLOCATED, leaderId:88c0bc00-df96-4ef9-9408-bb649f6f57b6, CreationTimestamp2022-02-12T02:11:25.344Z[Etc/UTC]] moved to OPEN state
2022-02-12 02:11:28,402 [1b5f3bca-5d4a-4774-a0d7-e0522b1460f7@group-4639FFB893FF-StateMachineUpdater] INFO  safemode.HealthyPipelineSafeModeRule (HealthyPipelineSafeModeRule.java:initializeRule(152)) - Refreshed total pipeline count is 0, healthy pipeline threshold count is 1
2022-02-12 02:11:28,403 [EventQueue-OpenPipelineForHealthyPipelineSafeModeRule] INFO  safemode.SCMSafeModeManager (HealthyPipelineSafeModeRule.java:process(124)) - SCM in safe mode. Healthy pipelines reported count is 0, required healthy pipeline reported count is 1
2022-02-12 02:11:28,430 [pool-641-thread-1] INFO  server.RaftServerConfigKeys (ConfUtils.java:logGet(44)) - raft.server.log.write.buffer.size = 1048576 (custom)
2022-02-12 02:11:28,431 [pool-641-thread-1] INFO  server.RaftServerConfigKeys (ConfUtils.java:logGet(44)) - raft.server.log.statemachine.data.caching.enabled = true (custom)
2022-02-12 02:11:28,431 [pool-641-thread-1] INFO  segmented.SegmentedRaftLogWorker (SegmentedRaftLogWorker.java:lambda$new$0(133)) - 88c0bc00-df96-4ef9-9408-bb649f6f57b6@group-8B6F814F0470-SegmentedRaftLogWorker: flushIndex: setUnconditionally 0 -> -1
2022-02-12 02:11:28,431 [pool-641-thread-1] INFO  segmented.SegmentedRaftLogWorker (SegmentedRaftLogWorker.java:lambda$new$0(133)) - 88c0bc00-df96-4ef9-9408-bb649f6f57b6@group-8B6F814F0470-SegmentedRaftLogWorker: safeCacheEvictIndex: setUnconditionally 0 -> -1
2022-02-12 02:11:28,440 [pool-641-thread-1] INFO  server.RaftServerConfigKeys (ConfUtils.java:logGet(44)) - raft.server.snapshot.auto.trigger.enabled = true (custom)
2022-02-12 02:11:28,440 [pool-641-thread-1] INFO  server.RaftServerConfigKeys (ConfUtils.java:logGet(44)) - raft.server.snapshot.auto.trigger.threshold = 10000 (custom)
2022-02-12 02:11:28,440 [pool-641-thread-1] INFO  server.RaftServerConfigKeys (ConfUtils.java:logGet(44)) - raft.server.snapshot.retention.file.num = 5 (custom)
2022-02-12 02:11:28,440 [pool-641-thread-1] INFO  server.RaftServerConfigKeys (ConfUtils.java:logGet(44)) - raft.server.log.purge.upto.snapshot.index = false (default)
2022-02-12 02:11:28,440 [pool-641-thread-1] INFO  server.RaftServerConfigKeys (ConfUtils.java:logGet(44)) - raft.server.retrycache.expirytime = 600000ms (custom)
2022-02-12 02:11:28,440 [pool-641-thread-1] INFO  server.RaftServerConfigKeys (ConfUtils.java:logGet(44)) - raft.server.retrycache.statistics.expirytime = 100μs (default)
2022-02-12 02:11:28,442 [pool-641-thread-1] INFO  server.RaftServer$Division (RaftServerImpl.java:start(301)) - 88c0bc00-df96-4ef9-9408-bb649f6f57b6@group-8B6F814F0470: start as a follower, conf=-1: [88c0bc00-df96-4ef9-9408-bb649f6f57b6|rpc:10.1.0.17:36805|priority:1], old=null
2022-02-12 02:11:28,442 [pool-641-thread-1] INFO  server.RaftServer$Division (RaftServerImpl.java:setRole(290)) - 88c0bc00-df96-4ef9-9408-bb649f6f57b6@group-8B6F814F0470: changes role from      null to FOLLOWER at term 0 for startAsFollower
2022-02-12 02:11:28,442 [pool-641-thread-1] INFO  impl.RoleInfo (RoleInfo.java:updateAndGet(130)) - 88c0bc00-df96-4ef9-9408-bb649f6f57b6: start 88c0bc00-df96-4ef9-9408-bb649f6f57b6@group-8B6F814F0470-FollowerState
2022-02-12 02:11:28,448 [pool-641-thread-1] INFO  util.JmxRegister (JmxRegister.java:tryRegister(44)) - Successfully registered JMX Bean with object name Ratis:service=RaftServer,group=group-8B6F814F0470,id=88c0bc00-df96-4ef9-9408-bb649f6f57b6
2022-02-12 02:11:28,449 [Command processor thread] INFO  ratis.XceiverServerRatis (XceiverServerRatis.java:addGroup(768)) - Created group PipelineID=2c6ce6bf-f19f-4863-909d-8b6f814f0470
2022-02-12 02:11:28,449 [Command processor thread] INFO  commandhandler.CreatePipelineCommandHandler (CreatePipelineCommandHandler.java:handle(106)) - Created Pipeline RATIS ONE PipelineID=2c6ce6bf-f19f-4863-909d-8b6f814f0470.
2022-02-12 02:11:28,449 [Command processor thread] INFO  server.RaftServer (RaftServerProxy.java:addNew(95)) - 88c0bc00-df96-4ef9-9408-bb649f6f57b6: addNew group-75FE1A793831:[88c0bc00-df96-4ef9-9408-bb649f6f57b6|rpc:10.1.0.17:36805|priority:0, 26faa8ae-1f6d-4682-8de1-020bfaee0d48|rpc:10.1.0.17:33181|priority:0, fc069e42-0ca8-466b-ae9e-376ddea5bc06|rpc:10.1.0.17:41959|priority:1] returns group-75FE1A793831:java.util.concurrent.CompletableFuture@18d3f272[Not completed]
2022-02-12 02:11:28,450 [pool-641-thread-1] INFO  server.RaftServer$Division (RaftServerImpl.java:<init>(184)) - 88c0bc00-df96-4ef9-9408-bb649f6f57b6: new RaftServerImpl for group-75FE1A793831:[88c0bc00-df96-4ef9-9408-bb649f6f57b6|rpc:10.1.0.17:36805|priority:0, 26faa8ae-1f6d-4682-8de1-020bfaee0d48|rpc:10.1.0.17:33181|priority:0, fc069e42-0ca8-466b-ae9e-376ddea5bc06|rpc:10.1.0.17:41959|priority:1] with ContainerStateMachine:uninitialized
2022-02-12 02:11:28,450 [pool-641-thread-1] INFO  server.RaftServerConfigKeys (ConfUtils.java:logGet(44)) - raft.server.rpc.timeout.min = 5s (custom)
2022-02-12 02:11:28,450 [pool-641-thread-1] INFO  server.RaftServerConfigKeys (ConfUtils.java:logGet(44)) - raft.server.rpc.timeout.max = 5200ms (custom)
2022-02-12 02:11:28,450 [pool-641-thread-1] INFO  server.RaftServerConfigKeys (ConfUtils.java:logGet(44)) - raft.server.rpc.sleep.time = 25ms (default)
2022-02-12 02:11:28,450 [pool-641-thread-1] INFO  server.RaftServerConfigKeys (ConfUtils.java:logGet(44)) - raft.server.rpc.slowness.timeout = 300s (custom)
2022-02-12 02:11:28,450 [pool-641-thread-1] INFO  server.RaftServerConfigKeys (ConfUtils.java:logGet(44)) - raft.server.leaderelection.leader.step-down.wait-time = 10s (default)
2022-02-12 02:11:28,450 [pool-641-thread-1] INFO  server.RaftServerConfigKeys (ConfUtils.java:logGet(44)) - raft.server.sleep.deviation.threshold = 300ms (default)
2022-02-12 02:11:28,450 [pool-641-thread-1] INFO  server.RaftServerConfigKeys (ConfUtils.java:logGet(44)) - raft.server.log.appender.install.snapshot.enabled = false (custom)
2022-02-12 02:11:28,450 [pool-641-thread-1] INFO  server.RaftServer$Division (ServerState.java:<init>(105)) - 88c0bc00-df96-4ef9-9408-bb649f6f57b6@group-75FE1A793831: ConfigurationManager, init=-1: [88c0bc00-df96-4ef9-9408-bb649f6f57b6|rpc:10.1.0.17:36805|priority:0, 26faa8ae-1f6d-4682-8de1-020bfaee0d48|rpc:10.1.0.17:33181|priority:0, fc069e42-0ca8-466b-ae9e-376ddea5bc06|rpc:10.1.0.17:41959|priority:1], old=null, confs=<EMPTY_MAP>
2022-02-12 02:11:28,450 [pool-641-thread-1] INFO  server.RaftServerConfigKeys (ConfUtils.java:logGet(44)) - raft.server.storage.dir = [/home/runner/work/ozone/ozone/hadoop-ozone/integration-test/target/test-dir/MiniOzoneClusterImpl-771b091a-ebe2-4b61-867f-4639ffb893ff/datanode-0/data/ratis] (custom)
2022-02-12 02:11:28,450 [pool-641-thread-1] INFO  server.RaftServerConfigKeys (ConfUtils.java:logGet(44)) - raft.server.log.corruption.policy = EXCEPTION (default)
2022-02-12 02:11:28,451 [pool-641-thread-1] INFO  server.RaftServerConfigKeys (ConfUtils.java:logGet(44)) - raft.server.storage.free-space.min = 0MB (=0) (default)
2022-02-12 02:11:28,451 [pool-641-thread-1] INFO  storage.RaftStorageDirectory (RaftStorageDirectoryImpl.java:analyzeStorage(135)) - The storage directory /home/runner/work/ozone/ozone/hadoop-ozone/integration-test/target/test-dir/MiniOzoneClusterImpl-771b091a-ebe2-4b61-867f-4639ffb893ff/datanode-0/data/ratis/059774e9-a480-4269-bf8c-75fe1a793831 does not exist. Creating ...
2022-02-12 02:11:28,456 [pool-641-thread-1] INFO  storage.RaftStorageDirectory (RaftStorageDirectoryImpl.java:tryLock(230)) - Lock on /home/runner/work/ozone/ozone/hadoop-ozone/integration-test/target/test-dir/MiniOzoneClusterImpl-771b091a-ebe2-4b61-867f-4639ffb893ff/datanode-0/data/ratis/059774e9-a480-4269-bf8c-75fe1a793831/in_use.lock acquired by nodename 9178@fv-az395-998
2022-02-12 02:11:28,458 [pool-641-thread-1] INFO  storage.RaftStorage (RaftStorageImpl.java:format(89)) - Storage directory /home/runner/work/ozone/ozone/hadoop-ozone/integration-test/target/test-dir/MiniOzoneClusterImpl-771b091a-ebe2-4b61-867f-4639ffb893ff/datanode-0/data/ratis/059774e9-a480-4269-bf8c-75fe1a793831 has been successfully formatted.
2022-02-12 02:11:28,459 [pool-641-thread-1] INFO  ratis.ContainerStateMachine (ContainerStateMachine.java:loadSnapshot(231)) - group-75FE1A793831: The snapshot info is null. Setting the last applied indexto:(t:0, i:~)
2022-02-12 02:11:28,460 [EventQueue-OpenPipelineForHealthyPipelineSafeModeRule] INFO  safemode.SCMSafeModeManager (HealthyPipelineSafeModeRule.java:process(124)) - SCM in safe mode. Healthy pipelines reported count is 0, required healthy pipeline reported count is 1
2022-02-12 02:11:28,481 [pool-641-thread-1] INFO  server.RaftServerConfigKeys (ConfUtils.java:logGet(44)) - raft.server.notification.no-leader.timeout = 300s (custom)
2022-02-12 02:11:28,481 [pool-641-thread-1] INFO  server.RaftServerConfigKeys (ConfUtils.java:logGet(44)) - raft.server.log.use.memory = false (default)
2022-02-12 02:11:28,481 [pool-641-thread-1] INFO  server.RaftServerConfigKeys (ConfUtils.java:logGet(44)) - raft.server.log.purge.gap = 1000000 (custom)
2022-02-12 02:11:28,481 [pool-641-thread-1] INFO  server.RaftServerConfigKeys (ConfUtils.java:logGet(44)) - raft.server.log.appender.buffer.byte-limit = 33554432 (custom)
2022-02-12 02:11:28,482 [pool-641-thread-1] INFO  server.RaftServerConfigKeys (ConfUtils.java:logGet(44)) - raft.server.log.segment.size.max = 1048576 (custom)
2022-02-12 02:11:28,482 [pool-641-thread-1] INFO  server.RaftServerConfigKeys (ConfUtils.java:logGet(44)) - raft.server.log.segment.cache.num.max = 2 (custom)
2022-02-12 02:11:28,482 [pool-641-thread-1] INFO  server.RaftServerConfigKeys (ConfUtils.java:logGet(44)) - raft.server.log.segment.cache.size.max = 200MB (=209715200) (default)
2022-02-12 02:11:28,482 [pool-641-thread-1] INFO  segmented.SegmentedRaftLogWorker (SegmentedRaftLogWorker.java:<init>(182)) - new 88c0bc00-df96-4ef9-9408-bb649f6f57b6@group-75FE1A793831-SegmentedRaftLogWorker for RaftStorageImpl:Storage Directory /home/runner/work/ozone/ozone/hadoop-ozone/integration-test/target/test-dir/MiniOzoneClusterImpl-771b091a-ebe2-4b61-867f-4639ffb893ff/datanode-0/data/ratis/059774e9-a480-4269-bf8c-75fe1a793831
2022-02-12 02:11:28,482 [pool-641-thread-1] INFO  server.RaftServerConfigKeys (ConfUtils.java:logGet(44)) - raft.server.log.queue.byte-limit = 2147483647 (custom)
2022-02-12 02:11:28,482 [pool-641-thread-1] INFO  server.RaftServerConfigKeys (ConfUtils.java:logGet(44)) - raft.server.log.queue.element-limit = 1024 (custom)
2022-02-12 02:11:28,482 [pool-641-thread-1] INFO  server.RaftServerConfigKeys (ConfUtils.java:logGet(44)) - raft.server.log.segment.size.max = 1048576 (custom)
2022-02-12 02:11:28,482 [pool-641-thread-1] INFO  server.RaftServerConfigKeys (ConfUtils.java:logGet(44)) - raft.server.log.preallocated.size = 16384 (custom)
2022-02-12 02:11:28,482 [pool-641-thread-1] INFO  server.RaftServerConfigKeys (ConfUtils.java:logGet(44)) - raft.server.log.force.sync.num = 128 (default)
2022-02-12 02:11:28,482 [pool-641-thread-1] INFO  server.RaftServerConfigKeys (ConfUtils.java:logGet(44)) - raft.server.log.statemachine.data.sync = true (default)
2022-02-12 02:11:28,482 [pool-641-thread-1] INFO  server.RaftServerConfigKeys (ConfUtils.java:logGet(44)) - raft.server.log.statemachine.data.sync.timeout = 10s (default)
2022-02-12 02:11:28,482 [pool-641-thread-1] INFO  server.RaftServerConfigKeys (ConfUtils.java:logGet(44)) - raft.server.log.statemachine.data.sync.timeout.retry = -1 (default)
2022-02-12 02:11:28,483 [pool-641-thread-1] INFO  server.RaftServerConfigKeys (ConfUtils.java:logGet(44)) - raft.server.log.write.buffer.size = 1048576 (custom)
2022-02-12 02:11:28,488 [pool-641-thread-1] INFO  server.RaftServerConfigKeys (ConfUtils.java:logGet(44)) - raft.server.log.statemachine.data.caching.enabled = true (custom)
2022-02-12 02:11:28,488 [pool-641-thread-1] INFO  segmented.SegmentedRaftLogWorker (SegmentedRaftLogWorker.java:lambda$new$0(133)) - 88c0bc00-df96-4ef9-9408-bb649f6f57b6@group-75FE1A793831-SegmentedRaftLogWorker: flushIndex: setUnconditionally 0 -> -1
2022-02-12 02:11:28,488 [pool-641-thread-1] INFO  segmented.SegmentedRaftLogWorker (SegmentedRaftLogWorker.java:lambda$new$0(133)) - 88c0bc00-df96-4ef9-9408-bb649f6f57b6@group-75FE1A793831-SegmentedRaftLogWorker: safeCacheEvictIndex: setUnconditionally 0 -> -1
2022-02-12 02:11:28,495 [pool-641-thread-1] INFO  server.RaftServerConfigKeys (ConfUtils.java:logGet(44)) - raft.server.snapshot.auto.trigger.enabled = true (custom)
2022-02-12 02:11:28,495 [pool-641-thread-1] INFO  server.RaftServerConfigKeys (ConfUtils.java:logGet(44)) - raft.server.snapshot.auto.trigger.threshold = 10000 (custom)
2022-02-12 02:11:28,495 [pool-641-thread-1] INFO  server.RaftServerConfigKeys (ConfUtils.java:logGet(44)) - raft.server.snapshot.retention.file.num = 5 (custom)
2022-02-12 02:11:28,495 [pool-641-thread-1] INFO  server.RaftServerConfigKeys (ConfUtils.java:logGet(44)) - raft.server.log.purge.upto.snapshot.index = false (default)
2022-02-12 02:11:28,495 [pool-641-thread-1] INFO  server.RaftServerConfigKeys (ConfUtils.java:logGet(44)) - raft.server.retrycache.expirytime = 600000ms (custom)
2022-02-12 02:11:28,495 [pool-641-thread-1] INFO  server.RaftServerConfigKeys (ConfUtils.java:logGet(44)) - raft.server.retrycache.statistics.expirytime = 100μs (default)
2022-02-12 02:11:28,496 [pool-641-thread-1] INFO  server.RaftServer$Division (RaftServerImpl.java:start(301)) - 88c0bc00-df96-4ef9-9408-bb649f6f57b6@group-75FE1A793831: start as a follower, conf=-1: [88c0bc00-df96-4ef9-9408-bb649f6f57b6|rpc:10.1.0.17:36805|priority:0, 26faa8ae-1f6d-4682-8de1-020bfaee0d48|rpc:10.1.0.17:33181|priority:0, fc069e42-0ca8-466b-ae9e-376ddea5bc06|rpc:10.1.0.17:41959|priority:1], old=null
2022-02-12 02:11:28,496 [pool-641-thread-1] INFO  server.RaftServer$Division (RaftServerImpl.java:setRole(290)) - 88c0bc00-df96-4ef9-9408-bb649f6f57b6@group-75FE1A793831: changes role from      null to FOLLOWER at term 0 for startAsFollower
2022-02-12 02:11:28,496 [pool-641-thread-1] INFO  impl.RoleInfo (RoleInfo.java:updateAndGet(130)) - 88c0bc00-df96-4ef9-9408-bb649f6f57b6: start 88c0bc00-df96-4ef9-9408-bb649f6f57b6@group-75FE1A793831-FollowerState
2022-02-12 02:11:28,520 [pool-641-thread-1] INFO  util.JmxRegister (JmxRegister.java:tryRegister(44)) - Successfully registered JMX Bean with object name Ratis:service=RaftServer,group=group-75FE1A793831,id=88c0bc00-df96-4ef9-9408-bb649f6f57b6
2022-02-12 02:11:28,531 [Command processor thread] INFO  ratis.XceiverServerRatis (XceiverServerRatis.java:addGroup(768)) - Created group PipelineID=059774e9-a480-4269-bf8c-75fe1a793831
2022-02-12 02:11:28,545 [grpc-default-executor-4] INFO  server.RaftServer (RaftServerProxy.java:addNew(95)) - fc069e42-0ca8-466b-ae9e-376ddea5bc06: addNew group-75FE1A793831:[88c0bc00-df96-4ef9-9408-bb649f6f57b6|rpc:10.1.0.17:36805|dataStream:|priority:0, 26faa8ae-1f6d-4682-8de1-020bfaee0d48|rpc:10.1.0.17:33181|dataStream:|priority:0, fc069e42-0ca8-466b-ae9e-376ddea5bc06|rpc:10.1.0.17:41959|dataStream:|priority:1] returns group-75FE1A793831:java.util.concurrent.CompletableFuture@17b2bc41[Not completed]
2022-02-12 02:11:28,565 [pool-662-thread-1] INFO  server.RaftServer$Division (RaftServerImpl.java:<init>(184)) - fc069e42-0ca8-466b-ae9e-376ddea5bc06: new RaftServerImpl for group-75FE1A793831:[88c0bc00-df96-4ef9-9408-bb649f6f57b6|rpc:10.1.0.17:36805|dataStream:|priority:0, 26faa8ae-1f6d-4682-8de1-020bfaee0d48|rpc:10.1.0.17:33181|dataStream:|priority:0, fc069e42-0ca8-466b-ae9e-376ddea5bc06|rpc:10.1.0.17:41959|dataStream:|priority:1] with ContainerStateMachine:uninitialized
2022-02-12 02:11:28,596 [pool-662-thread-1] INFO  server.RaftServerConfigKeys (ConfUtils.java:logGet(44)) - raft.server.rpc.timeout.min = 5s (custom)
2022-02-12 02:11:28,596 [pool-662-thread-1] INFO  server.RaftServerConfigKeys (ConfUtils.java:logGet(44)) - raft.server.rpc.timeout.max = 5200ms (custom)
2022-02-12 02:11:28,597 [pool-662-thread-1] INFO  server.RaftServerConfigKeys (ConfUtils.java:logGet(44)) - raft.server.rpc.sleep.time = 25ms (default)
2022-02-12 02:11:28,597 [pool-662-thread-1] INFO  server.RaftServerConfigKeys (ConfUtils.java:logGet(44)) - raft.server.rpc.slowness.timeout = 300s (custom)
2022-02-12 02:11:28,597 [pool-662-thread-1] INFO  server.RaftServerConfigKeys (ConfUtils.java:logGet(44)) - raft.server.leaderelection.leader.step-down.wait-time = 10s (default)
2022-02-12 02:11:28,597 [pool-662-thread-1] INFO  server.RaftServerConfigKeys (ConfUtils.java:logGet(44)) - raft.server.sleep.deviation.threshold = 300ms (default)
2022-02-12 02:11:28,597 [pool-662-thread-1] INFO  server.RaftServerConfigKeys (ConfUtils.java:logGet(44)) - raft.server.log.appender.install.snapshot.enabled = false (custom)
2022-02-12 02:11:28,597 [pool-662-thread-1] INFO  server.RaftServer$Division (ServerState.java:<init>(105)) - fc069e42-0ca8-466b-ae9e-376ddea5bc06@group-75FE1A793831: ConfigurationManager, init=-1: [88c0bc00-df96-4ef9-9408-bb649f6f57b6|rpc:10.1.0.17:36805|dataStream:|priority:0, 26faa8ae-1f6d-4682-8de1-020bfaee0d48|rpc:10.1.0.17:33181|dataStream:|priority:0, fc069e42-0ca8-466b-ae9e-376ddea5bc06|rpc:10.1.0.17:41959|dataStream:|priority:1], old=null, confs=<EMPTY_MAP>
2022-02-12 02:11:28,597 [pool-662-thread-1] INFO  server.RaftServerConfigKeys (ConfUtils.java:logGet(44)) - raft.server.storage.dir = [/home/runner/work/ozone/ozone/hadoop-ozone/integration-test/target/test-dir/MiniOzoneClusterImpl-771b091a-ebe2-4b61-867f-4639ffb893ff/datanode-1/data/ratis] (custom)
2022-02-12 02:11:28,597 [pool-662-thread-1] INFO  server.RaftServerConfigKeys (ConfUtils.java:logGet(44)) - raft.server.log.corruption.policy = EXCEPTION (default)
2022-02-12 02:11:28,597 [pool-662-thread-1] INFO  server.RaftServerConfigKeys (ConfUtils.java:logGet(44)) - raft.server.storage.free-space.min = 0MB (=0) (default)
2022-02-12 02:11:28,597 [pool-662-thread-1] INFO  storage.RaftStorageDirectory (RaftStorageDirectoryImpl.java:analyzeStorage(135)) - The storage directory /home/runner/work/ozone/ozone/hadoop-ozone/integration-test/target/test-dir/MiniOzoneClusterImpl-771b091a-ebe2-4b61-867f-4639ffb893ff/datanode-1/data/ratis/059774e9-a480-4269-bf8c-75fe1a793831 does not exist. Creating ...
2022-02-12 02:11:28,598 [pool-662-thread-1] INFO  storage.RaftStorageDirectory (RaftStorageDirectoryImpl.java:tryLock(230)) - Lock on /home/runner/work/ozone/ozone/hadoop-ozone/integration-test/target/test-dir/MiniOzoneClusterImpl-771b091a-ebe2-4b61-867f-4639ffb893ff/datanode-1/data/ratis/059774e9-a480-4269-bf8c-75fe1a793831/in_use.lock acquired by nodename 9178@fv-az395-998
2022-02-12 02:11:28,599 [pool-662-thread-1] INFO  storage.RaftStorage (RaftStorageImpl.java:format(89)) - Storage directory /home/runner/work/ozone/ozone/hadoop-ozone/integration-test/target/test-dir/MiniOzoneClusterImpl-771b091a-ebe2-4b61-867f-4639ffb893ff/datanode-1/data/ratis/059774e9-a480-4269-bf8c-75fe1a793831 has been successfully formatted.
2022-02-12 02:11:28,601 [pool-662-thread-1] INFO  ratis.ContainerStateMachine (ContainerStateMachine.java:loadSnapshot(231)) - group-75FE1A793831: The snapshot info is null. Setting the last applied indexto:(t:0, i:~)
2022-02-12 02:11:28,601 [pool-662-thread-1] INFO  server.RaftServerConfigKeys (ConfUtils.java:logGet(44)) - raft.server.notification.no-leader.timeout = 300s (custom)
2022-02-12 02:11:28,608 [pool-662-thread-1] INFO  server.RaftServerConfigKeys (ConfUtils.java:logGet(44)) - raft.server.log.use.memory = false (default)
2022-02-12 02:11:28,608 [pool-662-thread-1] INFO  server.RaftServerConfigKeys (ConfUtils.java:logGet(44)) - raft.server.log.purge.gap = 1000000 (custom)
2022-02-12 02:11:28,608 [pool-662-thread-1] INFO  server.RaftServerConfigKeys (ConfUtils.java:logGet(44)) - raft.server.log.appender.buffer.byte-limit = 33554432 (custom)
2022-02-12 02:11:28,608 [pool-662-thread-1] INFO  server.RaftServerConfigKeys (ConfUtils.java:logGet(44)) - raft.server.log.segment.size.max = 1048576 (custom)
2022-02-12 02:11:28,609 [pool-662-thread-1] INFO  server.RaftServerConfigKeys (ConfUtils.java:logGet(44)) - raft.server.log.segment.cache.num.max = 2 (custom)
2022-02-12 02:11:28,609 [pool-662-thread-1] INFO  server.RaftServerConfigKeys (ConfUtils.java:logGet(44)) - raft.server.log.segment.cache.size.max = 200MB (=209715200) (default)
2022-02-12 02:11:28,609 [pool-662-thread-1] INFO  segmented.SegmentedRaftLogWorker (SegmentedRaftLogWorker.java:<init>(182)) - new fc069e42-0ca8-466b-ae9e-376ddea5bc06@group-75FE1A793831-SegmentedRaftLogWorker for RaftStorageImpl:Storage Directory /home/runner/work/ozone/ozone/hadoop-ozone/integration-test/target/test-dir/MiniOzoneClusterImpl-771b091a-ebe2-4b61-867f-4639ffb893ff/datanode-1/data/ratis/059774e9-a480-4269-bf8c-75fe1a793831
2022-02-12 02:11:28,609 [pool-662-thread-1] INFO  server.RaftServerConfigKeys (ConfUtils.java:logGet(44)) - raft.server.log.queue.byte-limit = 2147483647 (custom)
2022-02-12 02:11:28,609 [pool-662-thread-1] INFO  server.RaftServerConfigKeys (ConfUtils.java:logGet(44)) - raft.server.log.queue.element-limit = 1024 (custom)
2022-02-12 02:11:28,610 [pool-662-thread-1] INFO  server.RaftServerConfigKeys (ConfUtils.java:logGet(44)) - raft.server.log.segment.size.max = 1048576 (custom)
2022-02-12 02:11:28,610 [pool-662-thread-1] INFO  server.RaftServerConfigKeys (ConfUtils.java:logGet(44)) - raft.server.log.preallocated.size = 16384 (custom)
2022-02-12 02:11:28,610 [pool-662-thread-1] INFO  server.RaftServerConfigKeys (ConfUtils.java:logGet(44)) - raft.server.log.force.sync.num = 128 (default)
2022-02-12 02:11:28,610 [pool-662-thread-1] INFO  server.RaftServerConfigKeys (ConfUtils.java:logGet(44)) - raft.server.log.statemachine.data.sync = true (default)
2022-02-12 02:11:28,610 [pool-662-thread-1] INFO  server.RaftServerConfigKeys (ConfUtils.java:logGet(44)) - raft.server.log.statemachine.data.sync.timeout = 10s (default)
2022-02-12 02:11:28,610 [pool-662-thread-1] INFO  server.RaftServerConfigKeys (ConfUtils.java:logGet(44)) - raft.server.log.statemachine.data.sync.timeout.retry = -1 (default)
2022-02-12 02:11:28,624 [pool-662-thread-1] INFO  server.RaftServerConfigKeys (ConfUtils.java:logGet(44)) - raft.server.log.write.buffer.size = 1048576 (custom)
2022-02-12 02:11:28,625 [pool-662-thread-1] INFO  server.RaftServerConfigKeys (ConfUtils.java:logGet(44)) - raft.server.log.statemachine.data.caching.enabled = true (custom)
2022-02-12 02:11:28,625 [pool-662-thread-1] INFO  segmented.SegmentedRaftLogWorker (SegmentedRaftLogWorker.java:lambda$new$0(133)) - fc069e42-0ca8-466b-ae9e-376ddea5bc06@group-75FE1A793831-SegmentedRaftLogWorker: flushIndex: setUnconditionally 0 -> -1
2022-02-12 02:11:28,625 [pool-662-thread-1] INFO  segmented.SegmentedRaftLogWorker (SegmentedRaftLogWorker.java:lambda$new$0(133)) - fc069e42-0ca8-466b-ae9e-376ddea5bc06@group-75FE1A793831-SegmentedRaftLogWorker: safeCacheEvictIndex: setUnconditionally 0 -> -1
2022-02-12 02:11:28,625 [pool-662-thread-1] INFO  server.RaftServerConfigKeys (ConfUtils.java:logGet(44)) - raft.server.snapshot.auto.trigger.enabled = true (custom)
2022-02-12 02:11:28,625 [pool-662-thread-1] INFO  server.RaftServerConfigKeys (ConfUtils.java:logGet(44)) - raft.server.snapshot.auto.trigger.threshold = 10000 (custom)
2022-02-12 02:11:28,625 [pool-662-thread-1] INFO  server.RaftServerConfigKeys (ConfUtils.java:logGet(44)) - raft.server.snapshot.retention.file.num = 5 (custom)
2022-02-12 02:11:28,625 [pool-662-thread-1] INFO  server.RaftServerConfigKeys (ConfUtils.java:logGet(44)) - raft.server.log.purge.upto.snapshot.index = false (default)
2022-02-12 02:11:28,626 [pool-662-thread-1] INFO  server.RaftServerConfigKeys (ConfUtils.java:logGet(44)) - raft.server.retrycache.expirytime = 600000ms (custom)
2022-02-12 02:11:28,626 [pool-662-thread-1] INFO  server.RaftServerConfigKeys (ConfUtils.java:logGet(44)) - raft.server.retrycache.statistics.expirytime = 100μs (default)
2022-02-12 02:11:28,628 [pool-662-thread-1] INFO  server.RaftServer$Division (RaftServerImpl.java:start(301)) - fc069e42-0ca8-466b-ae9e-376ddea5bc06@group-75FE1A793831: start as a follower, conf=-1: [88c0bc00-df96-4ef9-9408-bb649f6f57b6|rpc:10.1.0.17:36805|dataStream:|priority:0, 26faa8ae-1f6d-4682-8de1-020bfaee0d48|rpc:10.1.0.17:33181|dataStream:|priority:0, fc069e42-0ca8-466b-ae9e-376ddea5bc06|rpc:10.1.0.17:41959|dataStream:|priority:1], old=null
2022-02-12 02:11:28,629 [pool-662-thread-1] INFO  server.RaftServer$Division (RaftServerImpl.java:setRole(290)) - fc069e42-0ca8-466b-ae9e-376ddea5bc06@group-75FE1A793831: changes role from      null to FOLLOWER at term 0 for startAsFollower
2022-02-12 02:11:28,629 [pool-662-thread-1] INFO  impl.RoleInfo (RoleInfo.java:updateAndGet(130)) - fc069e42-0ca8-466b-ae9e-376ddea5bc06: start fc069e42-0ca8-466b-ae9e-376ddea5bc06@group-75FE1A793831-FollowerState
2022-02-12 02:11:28,636 [pool-662-thread-1] INFO  util.JmxRegister (JmxRegister.java:tryRegister(44)) - Successfully registered JMX Bean with object name Ratis:service=RaftServer,group=group-75FE1A793831,id=fc069e42-0ca8-466b-ae9e-376ddea5bc06
2022-02-12 02:11:28,760 [grpc-default-executor-4] INFO  server.RaftServer (RaftServerProxy.java:addNew(95)) - 26faa8ae-1f6d-4682-8de1-020bfaee0d48: addNew group-75FE1A793831:[88c0bc00-df96-4ef9-9408-bb649f6f57b6|rpc:10.1.0.17:36805|dataStream:|priority:0, 26faa8ae-1f6d-4682-8de1-020bfaee0d48|rpc:10.1.0.17:33181|dataStream:|priority:0, fc069e42-0ca8-466b-ae9e-376ddea5bc06|rpc:10.1.0.17:41959|dataStream:|priority:1] returns group-75FE1A793831:java.util.concurrent.CompletableFuture@6ea72e3d[Not completed]
2022-02-12 02:11:28,782 [pool-683-thread-1] INFO  server.RaftServer$Division (RaftServerImpl.java:<init>(184)) - 26faa8ae-1f6d-4682-8de1-020bfaee0d48: new RaftServerImpl for group-75FE1A793831:[88c0bc00-df96-4ef9-9408-bb649f6f57b6|rpc:10.1.0.17:36805|dataStream:|priority:0, 26faa8ae-1f6d-4682-8de1-020bfaee0d48|rpc:10.1.0.17:33181|dataStream:|priority:0, fc069e42-0ca8-466b-ae9e-376ddea5bc06|rpc:10.1.0.17:41959|dataStream:|priority:1] with ContainerStateMachine:uninitialized
2022-02-12 02:11:28,785 [pool-683-thread-1] INFO  server.RaftServerConfigKeys (ConfUtils.java:logGet(44)) - raft.server.rpc.timeout.min = 5s (custom)
2022-02-12 02:11:28,785 [pool-683-thread-1] INFO  server.RaftServerConfigKeys (ConfUtils.java:logGet(44)) - raft.server.rpc.timeout.max = 5200ms (custom)
2022-02-12 02:11:28,785 [pool-683-thread-1] INFO  server.RaftServerConfigKeys (ConfUtils.java:logGet(44)) - raft.server.rpc.sleep.time = 25ms (default)
2022-02-12 02:11:28,785 [pool-683-thread-1] INFO  server.RaftServerConfigKeys (ConfUtils.java:logGet(44)) - raft.server.rpc.slowness.timeout = 300s (custom)
2022-02-12 02:11:28,785 [pool-683-thread-1] INFO  server.RaftServerConfigKeys (ConfUtils.java:logGet(44)) - raft.server.leaderelection.leader.step-down.wait-time = 10s (default)
2022-02-12 02:11:28,785 [pool-683-thread-1] INFO  server.RaftServerConfigKeys (ConfUtils.java:logGet(44)) - raft.server.sleep.deviation.threshold = 300ms (default)
2022-02-12 02:11:28,785 [pool-683-thread-1] INFO  server.RaftServerConfigKeys (ConfUtils.java:logGet(44)) - raft.server.log.appender.install.snapshot.enabled = false (custom)
2022-02-12 02:11:28,785 [pool-683-thread-1] INFO  server.RaftServer$Division (ServerState.java:<init>(105)) - 26faa8ae-1f6d-4682-8de1-020bfaee0d48@group-75FE1A793831: ConfigurationManager, init=-1: [88c0bc00-df96-4ef9-9408-bb649f6f57b6|rpc:10.1.0.17:36805|dataStream:|priority:0, 26faa8ae-1f6d-4682-8de1-020bfaee0d48|rpc:10.1.0.17:33181|dataStream:|priority:0, fc069e42-0ca8-466b-ae9e-376ddea5bc06|rpc:10.1.0.17:41959|dataStream:|priority:1], old=null, confs=<EMPTY_MAP>
2022-02-12 02:11:28,785 [pool-683-thread-1] INFO  server.RaftServerConfigKeys (ConfUtils.java:logGet(44)) - raft.server.storage.dir = [/home/runner/work/ozone/ozone/hadoop-ozone/integration-test/target/test-dir/MiniOzoneClusterImpl-771b091a-ebe2-4b61-867f-4639ffb893ff/datanode-2/data/ratis] (custom)
2022-02-12 02:11:28,786 [pool-683-thread-1] INFO  server.RaftServerConfigKeys (ConfUtils.java:logGet(44)) - raft.server.log.corruption.policy = EXCEPTION (default)
2022-02-12 02:11:28,786 [pool-683-thread-1] INFO  server.RaftServerConfigKeys (ConfUtils.java:logGet(44)) - raft.server.storage.free-space.min = 0MB (=0) (default)
2022-02-12 02:11:28,786 [pool-683-thread-1] INFO  storage.RaftStorageDirectory (RaftStorageDirectoryImpl.java:analyzeStorage(135)) - The storage directory /home/runner/work/ozone/ozone/hadoop-ozone/integration-test/target/test-dir/MiniOzoneClusterImpl-771b091a-ebe2-4b61-867f-4639ffb893ff/datanode-2/data/ratis/059774e9-a480-4269-bf8c-75fe1a793831 does not exist. Creating ...
2022-02-12 02:11:28,787 [pool-683-thread-1] INFO  storage.RaftStorageDirectory (RaftStorageDirectoryImpl.java:tryLock(230)) - Lock on /home/runner/work/ozone/ozone/hadoop-ozone/integration-test/target/test-dir/MiniOzoneClusterImpl-771b091a-ebe2-4b61-867f-4639ffb893ff/datanode-2/data/ratis/059774e9-a480-4269-bf8c-75fe1a793831/in_use.lock acquired by nodename 9178@fv-az395-998
2022-02-12 02:11:28,788 [pool-683-thread-1] INFO  storage.RaftStorage (RaftStorageImpl.java:format(89)) - Storage directory /home/runner/work/ozone/ozone/hadoop-ozone/integration-test/target/test-dir/MiniOzoneClusterImpl-771b091a-ebe2-4b61-867f-4639ffb893ff/datanode-2/data/ratis/059774e9-a480-4269-bf8c-75fe1a793831 has been successfully formatted.
2022-02-12 02:11:28,816 [pool-683-thread-1] INFO  ratis.ContainerStateMachine (ContainerStateMachine.java:loadSnapshot(231)) - group-75FE1A793831: The snapshot info is null. Setting the last applied indexto:(t:0, i:~)
2022-02-12 02:11:28,817 [pool-683-thread-1] INFO  server.RaftServerConfigKeys (ConfUtils.java:logGet(44)) - raft.server.notification.no-leader.timeout = 300s (custom)
2022-02-12 02:11:28,817 [pool-683-thread-1] INFO  server.RaftServerConfigKeys (ConfUtils.java:logGet(44)) - raft.server.log.use.memory = false (default)
2022-02-12 02:11:28,817 [pool-683-thread-1] INFO  server.RaftServerConfigKeys (ConfUtils.java:logGet(44)) - raft.server.log.purge.gap = 1000000 (custom)
2022-02-12 02:11:28,817 [pool-683-thread-1] INFO  server.RaftServerConfigKeys (ConfUtils.java:logGet(44)) - raft.server.log.appender.buffer.byte-limit = 33554432 (custom)
2022-02-12 02:11:28,817 [pool-683-thread-1] INFO  server.RaftServerConfigKeys (ConfUtils.java:logGet(44)) - raft.server.log.segment.size.max = 1048576 (custom)
2022-02-12 02:11:28,818 [pool-683-thread-1] INFO  server.RaftServerConfigKeys (ConfUtils.java:logGet(44)) - raft.server.log.segment.cache.num.max = 2 (custom)
2022-02-12 02:11:28,824 [pool-683-thread-1] INFO  server.RaftServerConfigKeys (ConfUtils.java:logGet(44)) - raft.server.log.segment.cache.size.max = 200MB (=209715200) (default)
2022-02-12 02:11:28,824 [pool-683-thread-1] INFO  segmented.SegmentedRaftLogWorker (SegmentedRaftLogWorker.java:<init>(182)) - new 26faa8ae-1f6d-4682-8de1-020bfaee0d48@group-75FE1A793831-SegmentedRaftLogWorker for RaftStorageImpl:Storage Directory /home/runner/work/ozone/ozone/hadoop-ozone/integration-test/target/test-dir/MiniOzoneClusterImpl-771b091a-ebe2-4b61-867f-4639ffb893ff/datanode-2/data/ratis/059774e9-a480-4269-bf8c-75fe1a793831
2022-02-12 02:11:28,824 [pool-683-thread-1] INFO  server.RaftServerConfigKeys (ConfUtils.java:logGet(44)) - raft.server.log.queue.byte-limit = 2147483647 (custom)
2022-02-12 02:11:28,824 [pool-683-thread-1] INFO  server.RaftServerConfigKeys (ConfUtils.java:logGet(44)) - raft.server.log.queue.element-limit = 1024 (custom)
2022-02-12 02:11:28,824 [pool-683-thread-1] INFO  server.RaftServerConfigKeys (ConfUtils.java:logGet(44)) - raft.server.log.segment.size.max = 1048576 (custom)
2022-02-12 02:11:28,824 [pool-683-thread-1] INFO  server.RaftServerConfigKeys (ConfUtils.java:logGet(44)) - raft.server.log.preallocated.size = 16384 (custom)
2022-02-12 02:11:28,824 [pool-683-thread-1] INFO  server.RaftServerConfigKeys (ConfUtils.java:logGet(44)) - raft.server.log.force.sync.num = 128 (default)
2022-02-12 02:11:28,824 [pool-683-thread-1] INFO  server.RaftServerConfigKeys (ConfUtils.java:logGet(44)) - raft.server.log.statemachine.data.sync = true (default)
2022-02-12 02:11:28,824 [pool-683-thread-1] INFO  server.RaftServerConfigKeys (ConfUtils.java:logGet(44)) - raft.server.log.statemachine.data.sync.timeout = 10s (default)
2022-02-12 02:11:28,824 [pool-683-thread-1] INFO  server.RaftServerConfigKeys (ConfUtils.java:logGet(44)) - raft.server.log.statemachine.data.sync.timeout.retry = -1 (default)
2022-02-12 02:11:28,825 [pool-683-thread-1] INFO  server.RaftServerConfigKeys (ConfUtils.java:logGet(44)) - raft.server.log.write.buffer.size = 1048576 (custom)
2022-02-12 02:11:28,828 [pool-683-thread-1] INFO  server.RaftServerConfigKeys (ConfUtils.java:logGet(44)) - raft.server.log.statemachine.data.caching.enabled = true (custom)
2022-02-12 02:11:28,829 [pool-683-thread-1] INFO  segmented.SegmentedRaftLogWorker (SegmentedRaftLogWorker.java:lambda$new$0(133)) - 26faa8ae-1f6d-4682-8de1-020bfaee0d48@group-75FE1A793831-SegmentedRaftLogWorker: flushIndex: setUnconditionally 0 -> -1
2022-02-12 02:11:28,829 [pool-683-thread-1] INFO  segmented.SegmentedRaftLogWorker (SegmentedRaftLogWorker.java:lambda$new$0(133)) - 26faa8ae-1f6d-4682-8de1-020bfaee0d48@group-75FE1A793831-SegmentedRaftLogWorker: safeCacheEvictIndex: setUnconditionally 0 -> -1
2022-02-12 02:11:28,844 [pool-683-thread-1] INFO  server.RaftServerConfigKeys (ConfUtils.java:logGet(44)) - raft.server.snapshot.auto.trigger.enabled = true (custom)
2022-02-12 02:11:28,844 [pool-683-thread-1] INFO  server.RaftServerConfigKeys (ConfUtils.java:logGet(44)) - raft.server.snapshot.auto.trigger.threshold = 10000 (custom)
2022-02-12 02:11:28,844 [pool-683-thread-1] INFO  server.RaftServerConfigKeys (ConfUtils.java:logGet(44)) - raft.server.snapshot.retention.file.num = 5 (custom)
2022-02-12 02:11:28,844 [pool-683-thread-1] INFO  server.RaftServerConfigKeys (ConfUtils.java:logGet(44)) - raft.server.log.purge.upto.snapshot.index = false (default)
2022-02-12 02:11:28,844 [pool-683-thread-1] INFO  server.RaftServerConfigKeys (ConfUtils.java:logGet(44)) - raft.server.retrycache.expirytime = 600000ms (custom)
2022-02-12 02:11:28,844 [pool-683-thread-1] INFO  server.RaftServerConfigKeys (ConfUtils.java:logGet(44)) - raft.server.retrycache.statistics.expirytime = 100μs (default)
2022-02-12 02:11:28,845 [pool-683-thread-1] INFO  server.RaftServer$Division (RaftServerImpl.java:start(301)) - 26faa8ae-1f6d-4682-8de1-020bfaee0d48@group-75FE1A793831: start as a follower, conf=-1: [88c0bc00-df96-4ef9-9408-bb649f6f57b6|rpc:10.1.0.17:36805|dataStream:|priority:0, 26faa8ae-1f6d-4682-8de1-020bfaee0d48|rpc:10.1.0.17:33181|dataStream:|priority:0, fc069e42-0ca8-466b-ae9e-376ddea5bc06|rpc:10.1.0.17:41959|dataStream:|priority:1], old=null
2022-02-12 02:11:28,845 [pool-683-thread-1] INFO  server.RaftServer$Division (RaftServerImpl.java:setRole(290)) - 26faa8ae-1f6d-4682-8de1-020bfaee0d48@group-75FE1A793831: changes role from      null to FOLLOWER at term 0 for startAsFollower
2022-02-12 02:11:28,846 [pool-683-thread-1] INFO  impl.RoleInfo (RoleInfo.java:updateAndGet(130)) - 26faa8ae-1f6d-4682-8de1-020bfaee0d48: start 26faa8ae-1f6d-4682-8de1-020bfaee0d48@group-75FE1A793831-FollowerState
2022-02-12 02:11:28,851 [pool-683-thread-1] INFO  util.JmxRegister (JmxRegister.java:tryRegister(44)) - Successfully registered JMX Bean with object name Ratis:service=RaftServer,group=group-75FE1A793831,id=26faa8ae-1f6d-4682-8de1-020bfaee0d48
2022-02-12 02:11:28,858 [Command processor thread] INFO  commandhandler.CreatePipelineCommandHandler (CreatePipelineCommandHandler.java:handle(106)) - Created Pipeline RATIS THREE PipelineID=059774e9-a480-4269-bf8c-75fe1a793831.
2022-02-12 02:11:28,858 [Command processor thread] INFO  server.RaftServer (RaftServerProxy.java:addNew(95)) - 88c0bc00-df96-4ef9-9408-bb649f6f57b6: addNew group-EDF8322D7AB0:[88c0bc00-df96-4ef9-9408-bb649f6f57b6|rpc:10.1.0.17:36805|priority:0, 26faa8ae-1f6d-4682-8de1-020bfaee0d48|rpc:10.1.0.17:33181|priority:1, fc069e42-0ca8-466b-ae9e-376ddea5bc06|rpc:10.1.0.17:41959|priority:0] returns group-EDF8322D7AB0:java.util.concurrent.CompletableFuture@4524dcaa[Not completed]
2022-02-12 02:11:28,859 [pool-641-thread-1] INFO  server.RaftServer$Division (RaftServerImpl.java:<init>(184)) - 88c0bc00-df96-4ef9-9408-bb649f6f57b6: new RaftServerImpl for group-EDF8322D7AB0:[88c0bc00-df96-4ef9-9408-bb649f6f57b6|rpc:10.1.0.17:36805|priority:0, 26faa8ae-1f6d-4682-8de1-020bfaee0d48|rpc:10.1.0.17:33181|priority:1, fc069e42-0ca8-466b-ae9e-376ddea5bc06|rpc:10.1.0.17:41959|priority:0] with ContainerStateMachine:uninitialized
2022-02-12 02:11:28,859 [pool-641-thread-1] INFO  server.RaftServerConfigKeys (ConfUtils.java:logGet(44)) - raft.server.rpc.timeout.min = 5s (custom)
2022-02-12 02:11:28,859 [pool-641-thread-1] INFO  server.RaftServerConfigKeys (ConfUtils.java:logGet(44)) - raft.server.rpc.timeout.max = 5200ms (custom)
2022-02-12 02:11:28,859 [pool-641-thread-1] INFO  server.RaftServerConfigKeys (ConfUtils.java:logGet(44)) - raft.server.rpc.sleep.time = 25ms (default)
2022-02-12 02:11:28,859 [pool-641-thread-1] INFO  server.RaftServerConfigKeys (ConfUtils.java:logGet(44)) - raft.server.rpc.slowness.timeout = 300s (custom)
2022-02-12 02:11:28,859 [pool-641-thread-1] INFO  server.RaftServerConfigKeys (ConfUtils.java:logGet(44)) - raft.server.leaderelection.leader.step-down.wait-time = 10s (default)
2022-02-12 02:11:28,859 [pool-641-thread-1] INFO  server.RaftServerConfigKeys (ConfUtils.java:logGet(44)) - raft.server.sleep.deviation.threshold = 300ms (default)
2022-02-12 02:11:28,859 [pool-641-thread-1] INFO  server.RaftServerConfigKeys (ConfUtils.java:logGet(44)) - raft.server.log.appender.install.snapshot.enabled = false (custom)
2022-02-12 02:11:28,859 [pool-641-thread-1] INFO  server.RaftServer$Division (ServerState.java:<init>(105)) - 88c0bc00-df96-4ef9-9408-bb649f6f57b6@group-EDF8322D7AB0: ConfigurationManager, init=-1: [88c0bc00-df96-4ef9-9408-bb649f6f57b6|rpc:10.1.0.17:36805|priority:0, 26faa8ae-1f6d-4682-8de1-020bfaee0d48|rpc:10.1.0.17:33181|priority:1, fc069e42-0ca8-466b-ae9e-376ddea5bc06|rpc:10.1.0.17:41959|priority:0], old=null, confs=<EMPTY_MAP>
2022-02-12 02:11:28,859 [pool-641-thread-1] INFO  server.RaftServerConfigKeys (ConfUtils.java:logGet(44)) - raft.server.storage.dir = [/home/runner/work/ozone/ozone/hadoop-ozone/integration-test/target/test-dir/MiniOzoneClusterImpl-771b091a-ebe2-4b61-867f-4639ffb893ff/datanode-0/data/ratis] (custom)
2022-02-12 02:11:28,859 [pool-641-thread-1] INFO  server.RaftServerConfigKeys (ConfUtils.java:logGet(44)) - raft.server.log.corruption.policy = EXCEPTION (default)
2022-02-12 02:11:28,859 [pool-641-thread-1] INFO  server.RaftServerConfigKeys (ConfUtils.java:logGet(44)) - raft.server.storage.free-space.min = 0MB (=0) (default)
2022-02-12 02:11:28,859 [pool-641-thread-1] INFO  storage.RaftStorageDirectory (RaftStorageDirectoryImpl.java:analyzeStorage(135)) - The storage directory /home/runner/work/ozone/ozone/hadoop-ozone/integration-test/target/test-dir/MiniOzoneClusterImpl-771b091a-ebe2-4b61-867f-4639ffb893ff/datanode-0/data/ratis/924bab32-8d90-48e8-9b66-edf8322d7ab0 does not exist. Creating ...
2022-02-12 02:11:28,860 [pool-641-thread-1] INFO  storage.RaftStorageDirectory (RaftStorageDirectoryImpl.java:tryLock(230)) - Lock on /home/runner/work/ozone/ozone/hadoop-ozone/integration-test/target/test-dir/MiniOzoneClusterImpl-771b091a-ebe2-4b61-867f-4639ffb893ff/datanode-0/data/ratis/924bab32-8d90-48e8-9b66-edf8322d7ab0/in_use.lock acquired by nodename 9178@fv-az395-998
2022-02-12 02:11:28,865 [pool-641-thread-1] INFO  storage.RaftStorage (RaftStorageImpl.java:format(89)) - Storage directory /home/runner/work/ozone/ozone/hadoop-ozone/integration-test/target/test-dir/MiniOzoneClusterImpl-771b091a-ebe2-4b61-867f-4639ffb893ff/datanode-0/data/ratis/924bab32-8d90-48e8-9b66-edf8322d7ab0 has been successfully formatted.
2022-02-12 02:11:28,867 [pool-641-thread-1] INFO  ratis.ContainerStateMachine (ContainerStateMachine.java:loadSnapshot(231)) - group-EDF8322D7AB0: The snapshot info is null. Setting the last applied indexto:(t:0, i:~)
2022-02-12 02:11:28,867 [pool-641-thread-1] INFO  server.RaftServerConfigKeys (ConfUtils.java:logGet(44)) - raft.server.notification.no-leader.timeout = 300s (custom)
2022-02-12 02:11:28,867 [pool-641-thread-1] INFO  server.RaftServerConfigKeys (ConfUtils.java:logGet(44)) - raft.server.log.use.memory = false (default)
2022-02-12 02:11:28,867 [pool-641-thread-1] INFO  server.RaftServerConfigKeys (ConfUtils.java:logGet(44)) - raft.server.log.purge.gap = 1000000 (custom)
2022-02-12 02:11:28,867 [pool-641-thread-1] INFO  server.RaftServerConfigKeys (ConfUtils.java:logGet(44)) - raft.server.log.appender.buffer.byte-limit = 33554432 (custom)
2022-02-12 02:11:28,871 [pool-662-thread-1] INFO  server.RaftServer$Division (RaftServerImpl.java:<init>(184)) - fc069e42-0ca8-466b-ae9e-376ddea5bc06: new RaftServerImpl for group-CB1B8378D8A8:[fc069e42-0ca8-466b-ae9e-376ddea5bc06|rpc:10.1.0.17:41959|priority:1] with ContainerStateMachine:uninitialized
2022-02-12 02:11:28,872 [pool-662-thread-1] INFO  server.RaftServerConfigKeys (ConfUtils.java:logGet(44)) - raft.server.rpc.timeout.min = 5s (custom)
2022-02-12 02:11:28,872 [pool-662-thread-1] INFO  server.RaftServerConfigKeys (ConfUtils.java:logGet(44)) - raft.server.rpc.timeout.max = 5200ms (custom)
2022-02-12 02:11:28,872 [pool-662-thread-1] INFO  server.RaftServerConfigKeys (ConfUtils.java:logGet(44)) - raft.server.rpc.sleep.time = 25ms (default)
2022-02-12 02:11:28,872 [pool-662-thread-1] INFO  server.RaftServerConfigKeys (ConfUtils.java:logGet(44)) - raft.server.rpc.slowness.timeout = 300s (custom)
2022-02-12 02:11:28,872 [pool-662-thread-1] INFO  server.RaftServerConfigKeys (ConfUtils.java:logGet(44)) - raft.server.leaderelection.leader.step-down.wait-time = 10s (default)
2022-02-12 02:11:28,872 [pool-662-thread-1] INFO  server.RaftServerConfigKeys (ConfUtils.java:logGet(44)) - raft.server.sleep.deviation.threshold = 300ms (default)
2022-02-12 02:11:28,873 [pool-662-thread-1] INFO  server.RaftServerConfigKeys (ConfUtils.java:logGet(44)) - raft.server.log.appender.install.snapshot.enabled = false (custom)
2022-02-12 02:11:28,873 [pool-662-thread-1] INFO  server.RaftServer$Division (ServerState.java:<init>(105)) - fc069e42-0ca8-466b-ae9e-376ddea5bc06@group-CB1B8378D8A8: ConfigurationManager, init=-1: [fc069e42-0ca8-466b-ae9e-376ddea5bc06|rpc:10.1.0.17:41959|priority:1], old=null, confs=<EMPTY_MAP>
2022-02-12 02:11:28,873 [pool-662-thread-1] INFO  server.RaftServerConfigKeys (ConfUtils.java:logGet(44)) - raft.server.storage.dir = [/home/runner/work/ozone/ozone/hadoop-ozone/integration-test/target/test-dir/MiniOzoneClusterImpl-771b091a-ebe2-4b61-867f-4639ffb893ff/datanode-1/data/ratis] (custom)
2022-02-12 02:11:28,873 [pool-662-thread-1] INFO  server.RaftServerConfigKeys (ConfUtils.java:logGet(44)) - raft.server.log.corruption.policy = EXCEPTION (default)
2022-02-12 02:11:28,873 [pool-662-thread-1] INFO  server.RaftServerConfigKeys (ConfUtils.java:logGet(44)) - raft.server.storage.free-space.min = 0MB (=0) (default)
2022-02-12 02:11:28,873 [pool-662-thread-1] INFO  storage.RaftStorageDirectory (RaftStorageDirectoryImpl.java:analyzeStorage(135)) - The storage directory /home/runner/work/ozone/ozone/hadoop-ozone/integration-test/target/test-dir/MiniOzoneClusterImpl-771b091a-ebe2-4b61-867f-4639ffb893ff/datanode-1/data/ratis/ca5d2ca3-917b-45dc-8d83-cb1b8378d8a8 does not exist. Creating ...
2022-02-12 02:11:28,870 [Command processor thread] INFO  server.RaftServer (RaftServerProxy.java:addNew(95)) - fc069e42-0ca8-466b-ae9e-376ddea5bc06: addNew group-CB1B8378D8A8:[fc069e42-0ca8-466b-ae9e-376ddea5bc06|rpc:10.1.0.17:41959|priority:1] returns group-CB1B8378D8A8:java.util.concurrent.CompletableFuture@24eae27[Not completed]
2022-02-12 02:11:28,868 [EventQueue-OpenPipelineForHealthyPipelineSafeModeRule] INFO  safemode.SCMSafeModeManager (HealthyPipelineSafeModeRule.java:process(124)) - SCM in safe mode. Healthy pipelines reported count is 0, required healthy pipeline reported count is 1
2022-02-12 02:11:28,876 [pool-662-thread-1] INFO  storage.RaftStorageDirectory (RaftStorageDirectoryImpl.java:tryLock(230)) - Lock on /home/runner/work/ozone/ozone/hadoop-ozone/integration-test/target/test-dir/MiniOzoneClusterImpl-771b091a-ebe2-4b61-867f-4639ffb893ff/datanode-1/data/ratis/ca5d2ca3-917b-45dc-8d83-cb1b8378d8a8/in_use.lock acquired by nodename 9178@fv-az395-998
2022-02-12 02:11:28,878 [pool-641-thread-1] INFO  server.RaftServerConfigKeys (ConfUtils.java:logGet(44)) - raft.server.log.segment.size.max = 1048576 (custom)
2022-02-12 02:11:28,883 [pool-641-thread-1] INFO  server.RaftServerConfigKeys (ConfUtils.java:logGet(44)) - raft.server.log.segment.cache.num.max = 2 (custom)
2022-02-12 02:11:28,884 [pool-641-thread-1] INFO  server.RaftServerConfigKeys (ConfUtils.java:logGet(44)) - raft.server.log.segment.cache.size.max = 200MB (=209715200) (default)
2022-02-12 02:11:28,885 [pool-641-thread-1] INFO  segmented.SegmentedRaftLogWorker (SegmentedRaftLogWorker.java:<init>(182)) - new 88c0bc00-df96-4ef9-9408-bb649f6f57b6@group-EDF8322D7AB0-SegmentedRaftLogWorker for RaftStorageImpl:Storage Directory /home/runner/work/ozone/ozone/hadoop-ozone/integration-test/target/test-dir/MiniOzoneClusterImpl-771b091a-ebe2-4b61-867f-4639ffb893ff/datanode-0/data/ratis/924bab32-8d90-48e8-9b66-edf8322d7ab0
2022-02-12 02:11:28,886 [pool-641-thread-1] INFO  server.RaftServerConfigKeys (ConfUtils.java:logGet(44)) - raft.server.log.queue.byte-limit = 2147483647 (custom)
2022-02-12 02:11:28,886 [pool-641-thread-1] INFO  server.RaftServerConfigKeys (ConfUtils.java:logGet(44)) - raft.server.log.queue.element-limit = 1024 (custom)
2022-02-12 02:11:28,886 [pool-641-thread-1] INFO  server.RaftServerConfigKeys (ConfUtils.java:logGet(44)) - raft.server.log.segment.size.max = 1048576 (custom)
2022-02-12 02:11:28,886 [pool-641-thread-1] INFO  server.RaftServerConfigKeys (ConfUtils.java:logGet(44)) - raft.server.log.preallocated.size = 16384 (custom)
2022-02-12 02:11:28,886 [pool-641-thread-1] INFO  server.RaftServerConfigKeys (ConfUtils.java:logGet(44)) - raft.server.log.force.sync.num = 128 (default)
2022-02-12 02:11:28,886 [pool-641-thread-1] INFO  server.RaftServerConfigKeys (ConfUtils.java:logGet(44)) - raft.server.log.statemachine.data.sync = true (default)
2022-02-12 02:11:28,886 [pool-641-thread-1] INFO  server.RaftServerConfigKeys (ConfUtils.java:logGet(44)) - raft.server.log.statemachine.data.sync.timeout = 10s (default)
2022-02-12 02:11:28,878 [pool-662-thread-1] INFO  storage.RaftStorage (RaftStorageImpl.java:format(89)) - Storage directory /home/runner/work/ozone/ozone/hadoop-ozone/integration-test/target/test-dir/MiniOzoneClusterImpl-771b091a-ebe2-4b61-867f-4639ffb893ff/datanode-1/data/ratis/ca5d2ca3-917b-45dc-8d83-cb1b8378d8a8 has been successfully formatted.
2022-02-12 02:11:28,889 [EventQueue-PipelineReportForPipelineReportHandler] INFO  pipeline.PipelineManagerImpl (PipelineManagerImpl.java:openPipeline(291)) - Pipeline Pipeline[ Id: ca5d2ca3-917b-45dc-8d83-cb1b8378d8a8, Nodes: fc069e42-0ca8-466b-ae9e-376ddea5bc06{ip: 10.1.0.17, host: fv-az395-998.zfmzfyrfkyou3ow0tsr0jxwq1e.bx.internal.cloudapp.net, ports: [REPLICATION=43187, RATIS=41959, RATIS_ADMIN=41959, RATIS_SERVER=41959, STANDALONE=38485], networkLocation: /default-rack, certSerialId: null, persistedOpState: IN_SERVICE, persistedOpStateExpiryEpochSec: 0}, ReplicationConfig: RATIS/ONE, State:ALLOCATED, leaderId:fc069e42-0ca8-466b-ae9e-376ddea5bc06, CreationTimestamp2022-02-12T02:11:25.876Z[Etc/UTC]] moved to OPEN state
2022-02-12 02:11:28,889 [1b5f3bca-5d4a-4774-a0d7-e0522b1460f7@group-4639FFB893FF-StateMachineUpdater] INFO  safemode.HealthyPipelineSafeModeRule (HealthyPipelineSafeModeRule.java:initializeRule(152)) - Refreshed total pipeline count is 0, healthy pipeline threshold count is 1
2022-02-12 02:11:28,890 [EventQueue-OpenPipelineForHealthyPipelineSafeModeRule] INFO  safemode.SCMSafeModeManager (HealthyPipelineSafeModeRule.java:process(124)) - SCM in safe mode. Healthy pipelines reported count is 0, required healthy pipeline reported count is 1
2022-02-12 02:11:28,890 [pool-662-thread-1] INFO  ratis.ContainerStateMachine (ContainerStateMachine.java:loadSnapshot(231)) - group-CB1B8378D8A8: The snapshot info is null. Setting the last applied indexto:(t:0, i:~)
2022-02-12 02:11:28,890 [pool-662-thread-1] INFO  server.RaftServerConfigKeys (ConfUtils.java:logGet(44)) - raft.server.notification.no-leader.timeout = 300s (custom)
2022-02-12 02:11:28,890 [pool-662-thread-1] INFO  server.RaftServerConfigKeys (ConfUtils.java:logGet(44)) - raft.server.log.use.memory = false (default)
2022-02-12 02:11:28,890 [pool-662-thread-1] INFO  server.RaftServerConfigKeys (ConfUtils.java:logGet(44)) - raft.server.log.purge.gap = 1000000 (custom)
2022-02-12 02:11:28,890 [pool-662-thread-1] INFO  server.RaftServerConfigKeys (ConfUtils.java:logGet(44)) - raft.server.log.appender.buffer.byte-limit = 33554432 (custom)
2022-02-12 02:11:28,890 [pool-662-thread-1] INFO  server.RaftServerConfigKeys (ConfUtils.java:logGet(44)) - raft.server.log.segment.size.max = 1048576 (custom)
2022-02-12 02:11:28,891 [pool-662-thread-1] INFO  server.RaftServerConfigKeys (ConfUtils.java:logGet(44)) - raft.server.log.segment.cache.num.max = 2 (custom)
2022-02-12 02:11:28,891 [pool-662-thread-1] INFO  server.RaftServerConfigKeys (ConfUtils.java:logGet(44)) - raft.server.log.segment.cache.size.max = 200MB (=209715200) (default)
2022-02-12 02:11:28,891 [pool-662-thread-1] INFO  segmented.SegmentedRaftLogWorker (SegmentedRaftLogWorker.java:<init>(182)) - new fc069e42-0ca8-466b-ae9e-376ddea5bc06@group-CB1B8378D8A8-SegmentedRaftLogWorker for RaftStorageImpl:Storage Directory /home/runner/work/ozone/ozone/hadoop-ozone/integration-test/target/test-dir/MiniOzoneClusterImpl-771b091a-ebe2-4b61-867f-4639ffb893ff/datanode-1/data/ratis/ca5d2ca3-917b-45dc-8d83-cb1b8378d8a8
2022-02-12 02:11:28,891 [pool-662-thread-1] INFO  server.RaftServerConfigKeys (ConfUtils.java:logGet(44)) - raft.server.log.queue.byte-limit = 2147483647 (custom)
2022-02-12 02:11:28,891 [pool-662-thread-1] INFO  server.RaftServerConfigKeys (ConfUtils.java:logGet(44)) - raft.server.log.queue.element-limit = 1024 (custom)
2022-02-12 02:11:28,891 [pool-662-thread-1] INFO  server.RaftServerConfigKeys (ConfUtils.java:logGet(44)) - raft.server.log.segment.size.max = 1048576 (custom)
2022-02-12 02:11:28,891 [pool-662-thread-1] INFO  server.RaftServerConfigKeys (ConfUtils.java:logGet(44)) - raft.server.log.preallocated.size = 16384 (custom)
2022-02-12 02:11:28,891 [pool-662-thread-1] INFO  server.RaftServerConfigKeys (ConfUtils.java:logGet(44)) - raft.server.log.force.sync.num = 128 (default)
2022-02-12 02:11:28,891 [pool-662-thread-1] INFO  server.RaftServerConfigKeys (ConfUtils.java:logGet(44)) - raft.server.log.statemachine.data.sync = true (default)
2022-02-12 02:11:28,891 [pool-662-thread-1] INFO  server.RaftServerConfigKeys (ConfUtils.java:logGet(44)) - raft.server.log.statemachine.data.sync.timeout = 10s (default)
2022-02-12 02:11:28,891 [pool-662-thread-1] INFO  server.RaftServerConfigKeys (ConfUtils.java:logGet(44)) - raft.server.log.statemachine.data.sync.timeout.retry = -1 (default)
2022-02-12 02:11:28,892 [pool-641-thread-1] INFO  server.RaftServerConfigKeys (ConfUtils.java:logGet(44)) - raft.server.log.statemachine.data.sync.timeout.retry = -1 (default)
2022-02-12 02:11:28,893 [pool-641-thread-1] INFO  server.RaftServerConfigKeys (ConfUtils.java:logGet(44)) - raft.server.log.write.buffer.size = 1048576 (custom)
2022-02-12 02:11:28,900 [pool-641-thread-1] INFO  server.RaftServerConfigKeys (ConfUtils.java:logGet(44)) - raft.server.log.statemachine.data.caching.enabled = true (custom)
2022-02-12 02:11:28,904 [pool-641-thread-1] INFO  segmented.SegmentedRaftLogWorker (SegmentedRaftLogWorker.java:lambda$new$0(133)) - 88c0bc00-df96-4ef9-9408-bb649f6f57b6@group-EDF8322D7AB0-SegmentedRaftLogWorker: flushIndex: setUnconditionally 0 -> -1
2022-02-12 02:11:28,904 [pool-641-thread-1] INFO  segmented.SegmentedRaftLogWorker (SegmentedRaftLogWorker.java:lambda$new$0(133)) - 88c0bc00-df96-4ef9-9408-bb649f6f57b6@group-EDF8322D7AB0-SegmentedRaftLogWorker: safeCacheEvictIndex: setUnconditionally 0 -> -1
2022-02-12 02:11:28,893 [pool-662-thread-1] INFO  server.RaftServerConfigKeys (ConfUtils.java:logGet(44)) - raft.server.log.write.buffer.size = 1048576 (custom)
2022-02-12 02:11:28,905 [pool-662-thread-1] INFO  server.RaftServerConfigKeys (ConfUtils.java:logGet(44)) - raft.server.log.statemachine.data.caching.enabled = true (custom)
2022-02-12 02:11:28,905 [pool-662-thread-1] INFO  segmented.SegmentedRaftLogWorker (SegmentedRaftLogWorker.java:lambda$new$0(133)) - fc069e42-0ca8-466b-ae9e-376ddea5bc06@group-CB1B8378D8A8-SegmentedRaftLogWorker: flushIndex: setUnconditionally 0 -> -1
2022-02-12 02:11:28,905 [pool-662-thread-1] INFO  segmented.SegmentedRaftLogWorker (SegmentedRaftLogWorker.java:lambda$new$0(133)) - fc069e42-0ca8-466b-ae9e-376ddea5bc06@group-CB1B8378D8A8-SegmentedRaftLogWorker: safeCacheEvictIndex: setUnconditionally 0 -> -1
2022-02-12 02:11:28,911 [pool-641-thread-1] INFO  server.RaftServerConfigKeys (ConfUtils.java:logGet(44)) - raft.server.snapshot.auto.trigger.enabled = true (custom)
2022-02-12 02:11:28,911 [pool-641-thread-1] INFO  server.RaftServerConfigKeys (ConfUtils.java:logGet(44)) - raft.server.snapshot.auto.trigger.threshold = 10000 (custom)
2022-02-12 02:11:28,911 [pool-641-thread-1] INFO  server.RaftServerConfigKeys (ConfUtils.java:logGet(44)) - raft.server.snapshot.retention.file.num = 5 (custom)
2022-02-12 02:11:28,911 [pool-641-thread-1] INFO  server.RaftServerConfigKeys (ConfUtils.java:logGet(44)) - raft.server.log.purge.upto.snapshot.index = false (default)
2022-02-12 02:11:28,912 [pool-662-thread-1] INFO  server.RaftServerConfigKeys (ConfUtils.java:logGet(44)) - raft.server.snapshot.auto.trigger.enabled = true (custom)
2022-02-12 02:11:28,912 [pool-662-thread-1] INFO  server.RaftServerConfigKeys (ConfUtils.java:logGet(44)) - raft.server.snapshot.auto.trigger.threshold = 10000 (custom)
2022-02-12 02:11:28,912 [pool-662-thread-1] INFO  server.RaftServerConfigKeys (ConfUtils.java:logGet(44)) - raft.server.snapshot.retention.file.num = 5 (custom)
2022-02-12 02:11:28,912 [pool-662-thread-1] INFO  server.RaftServerConfigKeys (ConfUtils.java:logGet(44)) - raft.server.log.purge.upto.snapshot.index = false (default)
2022-02-12 02:11:28,912 [pool-662-thread-1] INFO  server.RaftServerConfigKeys (ConfUtils.java:logGet(44)) - raft.server.retrycache.expirytime = 600000ms (custom)
2022-02-12 02:11:28,912 [pool-662-thread-1] INFO  server.RaftServerConfigKeys (ConfUtils.java:logGet(44)) - raft.server.retrycache.statistics.expirytime = 100μs (default)
2022-02-12 02:11:28,914 [pool-662-thread-1] INFO  server.RaftServer$Division (RaftServerImpl.java:start(301)) - fc069e42-0ca8-466b-ae9e-376ddea5bc06@group-CB1B8378D8A8: start as a follower, conf=-1: [fc069e42-0ca8-466b-ae9e-376ddea5bc06|rpc:10.1.0.17:41959|priority:1], old=null
2022-02-12 02:11:28,914 [pool-662-thread-1] INFO  server.RaftServer$Division (RaftServerImpl.java:setRole(290)) - fc069e42-0ca8-466b-ae9e-376ddea5bc06@group-CB1B8378D8A8: changes role from      null to FOLLOWER at term 0 for startAsFollower
2022-02-12 02:11:28,914 [pool-662-thread-1] INFO  impl.RoleInfo (RoleInfo.java:updateAndGet(130)) - fc069e42-0ca8-466b-ae9e-376ddea5bc06: start fc069e42-0ca8-466b-ae9e-376ddea5bc06@group-CB1B8378D8A8-FollowerState
2022-02-12 02:11:28,924 [pool-662-thread-1] INFO  util.JmxRegister (JmxRegister.java:tryRegister(44)) - Successfully registered JMX Bean with object name Ratis:service=RaftServer,group=group-CB1B8378D8A8,id=fc069e42-0ca8-466b-ae9e-376ddea5bc06
2022-02-12 02:11:28,926 [Command processor thread] INFO  ratis.XceiverServerRatis (XceiverServerRatis.java:addGroup(768)) - Created group PipelineID=ca5d2ca3-917b-45dc-8d83-cb1b8378d8a8
2022-02-12 02:11:28,926 [Command processor thread] INFO  commandhandler.CreatePipelineCommandHandler (CreatePipelineCommandHandler.java:handle(106)) - Created Pipeline RATIS ONE PipelineID=ca5d2ca3-917b-45dc-8d83-cb1b8378d8a8.
2022-02-12 02:11:28,926 [Command processor thread] INFO  server.RaftServer (RaftServerProxy.java:addNew(95)) - fc069e42-0ca8-466b-ae9e-376ddea5bc06: addNew group-EDF8322D7AB0:[88c0bc00-df96-4ef9-9408-bb649f6f57b6|rpc:10.1.0.17:36805|priority:0, 26faa8ae-1f6d-4682-8de1-020bfaee0d48|rpc:10.1.0.17:33181|priority:1, fc069e42-0ca8-466b-ae9e-376ddea5bc06|rpc:10.1.0.17:41959|priority:0] returns group-EDF8322D7AB0:java.util.concurrent.CompletableFuture@c89501e[Not completed]
2022-02-12 02:11:28,927 [pool-662-thread-1] INFO  server.RaftServer$Division (RaftServerImpl.java:<init>(184)) - fc069e42-0ca8-466b-ae9e-376ddea5bc06: new RaftServerImpl for group-EDF8322D7AB0:[88c0bc00-df96-4ef9-9408-bb649f6f57b6|rpc:10.1.0.17:36805|priority:0, 26faa8ae-1f6d-4682-8de1-020bfaee0d48|rpc:10.1.0.17:33181|priority:1, fc069e42-0ca8-466b-ae9e-376ddea5bc06|rpc:10.1.0.17:41959|priority:0] with ContainerStateMachine:uninitialized
2022-02-12 02:11:28,927 [pool-662-thread-1] INFO  server.RaftServerConfigKeys (ConfUtils.java:logGet(44)) - raft.server.rpc.timeout.min = 5s (custom)
2022-02-12 02:11:28,927 [pool-662-thread-1] INFO  server.RaftServerConfigKeys (ConfUtils.java:logGet(44)) - raft.server.rpc.timeout.max = 5200ms (custom)
2022-02-12 02:11:28,927 [pool-662-thread-1] INFO  server.RaftServerConfigKeys (ConfUtils.java:logGet(44)) - raft.server.rpc.sleep.time = 25ms (default)
2022-02-12 02:11:28,927 [pool-662-thread-1] INFO  server.RaftServerConfigKeys (ConfUtils.java:logGet(44)) - raft.server.rpc.slowness.timeout = 300s (custom)
2022-02-12 02:11:28,927 [pool-662-thread-1] INFO  server.RaftServerConfigKeys (ConfUtils.java:logGet(44)) - raft.server.leaderelection.leader.step-down.wait-time = 10s (default)
2022-02-12 02:11:28,927 [pool-662-thread-1] INFO  server.RaftServerConfigKeys (ConfUtils.java:logGet(44)) - raft.server.sleep.deviation.threshold = 300ms (default)
2022-02-12 02:11:28,927 [pool-662-thread-1] INFO  server.RaftServerConfigKeys (ConfUtils.java:logGet(44)) - raft.server.log.appender.install.snapshot.enabled = false (custom)
2022-02-12 02:11:28,927 [pool-662-thread-1] INFO  server.RaftServer$Division (ServerState.java:<init>(105)) - fc069e42-0ca8-466b-ae9e-376ddea5bc06@group-EDF8322D7AB0: ConfigurationManager, init=-1: [88c0bc00-df96-4ef9-9408-bb649f6f57b6|rpc:10.1.0.17:36805|priority:0, 26faa8ae-1f6d-4682-8de1-020bfaee0d48|rpc:10.1.0.17:33181|priority:1, fc069e42-0ca8-466b-ae9e-376ddea5bc06|rpc:10.1.0.17:41959|priority:0], old=null, confs=<EMPTY_MAP>
2022-02-12 02:11:28,928 [pool-662-thread-1] INFO  server.RaftServerConfigKeys (ConfUtils.java:logGet(44)) - raft.server.storage.dir = [/home/runner/work/ozone/ozone/hadoop-ozone/integration-test/target/test-dir/MiniOzoneClusterImpl-771b091a-ebe2-4b61-867f-4639ffb893ff/datanode-1/data/ratis] (custom)
2022-02-12 02:11:28,928 [pool-641-thread-1] INFO  server.RaftServerConfigKeys (ConfUtils.java:logGet(44)) - raft.server.retrycache.expirytime = 600000ms (custom)
2022-02-12 02:11:28,928 [pool-641-thread-1] INFO  server.RaftServerConfigKeys (ConfUtils.java:logGet(44)) - raft.server.retrycache.statistics.expirytime = 100μs (default)
2022-02-12 02:11:28,928 [pool-662-thread-1] INFO  server.RaftServerConfigKeys (ConfUtils.java:logGet(44)) - raft.server.log.corruption.policy = EXCEPTION (default)
2022-02-12 02:11:28,928 [pool-662-thread-1] INFO  server.RaftServerConfigKeys (ConfUtils.java:logGet(44)) - raft.server.storage.free-space.min = 0MB (=0) (default)
2022-02-12 02:11:28,928 [pool-662-thread-1] INFO  storage.RaftStorageDirectory (RaftStorageDirectoryImpl.java:analyzeStorage(135)) - The storage directory /home/runner/work/ozone/ozone/hadoop-ozone/integration-test/target/test-dir/MiniOzoneClusterImpl-771b091a-ebe2-4b61-867f-4639ffb893ff/datanode-1/data/ratis/924bab32-8d90-48e8-9b66-edf8322d7ab0 does not exist. Creating ...
2022-02-12 02:11:28,929 [pool-662-thread-1] INFO  storage.RaftStorageDirectory (RaftStorageDirectoryImpl.java:tryLock(230)) - Lock on /home/runner/work/ozone/ozone/hadoop-ozone/integration-test/target/test-dir/MiniOzoneClusterImpl-771b091a-ebe2-4b61-867f-4639ffb893ff/datanode-1/data/ratis/924bab32-8d90-48e8-9b66-edf8322d7ab0/in_use.lock acquired by nodename 9178@fv-az395-998
2022-02-12 02:11:28,929 [pool-641-thread-1] INFO  server.RaftServer$Division (RaftServerImpl.java:start(301)) - 88c0bc00-df96-4ef9-9408-bb649f6f57b6@group-EDF8322D7AB0: start as a follower, conf=-1: [88c0bc00-df96-4ef9-9408-bb649f6f57b6|rpc:10.1.0.17:36805|priority:0, 26faa8ae-1f6d-4682-8de1-020bfaee0d48|rpc:10.1.0.17:33181|priority:1, fc069e42-0ca8-466b-ae9e-376ddea5bc06|rpc:10.1.0.17:41959|priority:0], old=null
2022-02-12 02:11:28,929 [pool-641-thread-1] INFO  server.RaftServer$Division (RaftServerImpl.java:setRole(290)) - 88c0bc00-df96-4ef9-9408-bb649f6f57b6@group-EDF8322D7AB0: changes role from      null to FOLLOWER at term 0 for startAsFollower
2022-02-12 02:11:28,929 [pool-641-thread-1] INFO  impl.RoleInfo (RoleInfo.java:updateAndGet(130)) - 88c0bc00-df96-4ef9-9408-bb649f6f57b6: start 88c0bc00-df96-4ef9-9408-bb649f6f57b6@group-EDF8322D7AB0-FollowerState
2022-02-12 02:11:28,930 [pool-641-thread-1] INFO  util.JmxRegister (JmxRegister.java:tryRegister(44)) - Successfully registered JMX Bean with object name Ratis:service=RaftServer,group=group-EDF8322D7AB0,id=88c0bc00-df96-4ef9-9408-bb649f6f57b6
2022-02-12 02:11:28,930 [Command processor thread] INFO  ratis.XceiverServerRatis (XceiverServerRatis.java:addGroup(768)) - Created group PipelineID=924bab32-8d90-48e8-9b66-edf8322d7ab0
2022-02-12 02:11:28,930 [pool-662-thread-1] INFO  storage.RaftStorage (RaftStorageImpl.java:format(89)) - Storage directory /home/runner/work/ozone/ozone/hadoop-ozone/integration-test/target/test-dir/MiniOzoneClusterImpl-771b091a-ebe2-4b61-867f-4639ffb893ff/datanode-1/data/ratis/924bab32-8d90-48e8-9b66-edf8322d7ab0 has been successfully formatted.
2022-02-12 02:11:28,931 [pool-662-thread-1] INFO  ratis.ContainerStateMachine (ContainerStateMachine.java:loadSnapshot(231)) - group-EDF8322D7AB0: The snapshot info is null. Setting the last applied indexto:(t:0, i:~)
2022-02-12 02:11:28,931 [pool-662-thread-1] INFO  server.RaftServerConfigKeys (ConfUtils.java:logGet(44)) - raft.server.notification.no-leader.timeout = 300s (custom)
2022-02-12 02:11:28,931 [pool-662-thread-1] INFO  server.RaftServerConfigKeys (ConfUtils.java:logGet(44)) - raft.server.log.use.memory = false (default)
2022-02-12 02:11:28,931 [pool-662-thread-1] INFO  server.RaftServerConfigKeys (ConfUtils.java:logGet(44)) - raft.server.log.purge.gap = 1000000 (custom)
2022-02-12 02:11:28,931 [pool-662-thread-1] INFO  server.RaftServerConfigKeys (ConfUtils.java:logGet(44)) - raft.server.log.appender.buffer.byte-limit = 33554432 (custom)
2022-02-12 02:11:28,931 [pool-662-thread-1] INFO  server.RaftServerConfigKeys (ConfUtils.java:logGet(44)) - raft.server.log.segment.size.max = 1048576 (custom)
2022-02-12 02:11:28,931 [pool-662-thread-1] INFO  server.RaftServerConfigKeys (ConfUtils.java:logGet(44)) - raft.server.log.segment.cache.num.max = 2 (custom)
2022-02-12 02:11:28,932 [pool-662-thread-1] INFO  server.RaftServerConfigKeys (ConfUtils.java:logGet(44)) - raft.server.log.segment.cache.size.max = 200MB (=209715200) (default)
2022-02-12 02:11:28,932 [pool-662-thread-1] INFO  segmented.SegmentedRaftLogWorker (SegmentedRaftLogWorker.java:<init>(182)) - new fc069e42-0ca8-466b-ae9e-376ddea5bc06@group-EDF8322D7AB0-SegmentedRaftLogWorker for RaftStorageImpl:Storage Directory /home/runner/work/ozone/ozone/hadoop-ozone/integration-test/target/test-dir/MiniOzoneClusterImpl-771b091a-ebe2-4b61-867f-4639ffb893ff/datanode-1/data/ratis/924bab32-8d90-48e8-9b66-edf8322d7ab0
2022-02-12 02:11:28,932 [pool-662-thread-1] INFO  server.RaftServerConfigKeys (ConfUtils.java:logGet(44)) - raft.server.log.queue.byte-limit = 2147483647 (custom)
2022-02-12 02:11:28,932 [pool-662-thread-1] INFO  server.RaftServerConfigKeys (ConfUtils.java:logGet(44)) - raft.server.log.queue.element-limit = 1024 (custom)
2022-02-12 02:11:28,932 [pool-662-thread-1] INFO  server.RaftServerConfigKeys (ConfUtils.java:logGet(44)) - raft.server.log.segment.size.max = 1048576 (custom)
2022-02-12 02:11:28,932 [pool-662-thread-1] INFO  server.RaftServerConfigKeys (ConfUtils.java:logGet(44)) - raft.server.log.preallocated.size = 16384 (custom)
2022-02-12 02:11:28,932 [pool-662-thread-1] INFO  server.RaftServerConfigKeys (ConfUtils.java:logGet(44)) - raft.server.log.force.sync.num = 128 (default)
2022-02-12 02:11:28,932 [pool-662-thread-1] INFO  server.RaftServerConfigKeys (ConfUtils.java:logGet(44)) - raft.server.log.statemachine.data.sync = true (default)
2022-02-12 02:11:28,932 [pool-662-thread-1] INFO  server.RaftServerConfigKeys (ConfUtils.java:logGet(44)) - raft.server.log.statemachine.data.sync.timeout = 10s (default)
2022-02-12 02:11:28,932 [pool-662-thread-1] INFO  server.RaftServerConfigKeys (ConfUtils.java:logGet(44)) - raft.server.log.statemachine.data.sync.timeout.retry = -1 (default)
2022-02-12 02:11:28,933 [pool-662-thread-1] INFO  server.RaftServerConfigKeys (ConfUtils.java:logGet(44)) - raft.server.log.write.buffer.size = 1048576 (custom)
2022-02-12 02:11:28,934 [pool-662-thread-1] INFO  server.RaftServerConfigKeys (ConfUtils.java:logGet(44)) - raft.server.log.statemachine.data.caching.enabled = true (custom)
2022-02-12 02:11:28,934 [EventQueue-OpenPipelineForHealthyPipelineSafeModeRule] INFO  safemode.SCMSafeModeManager (HealthyPipelineSafeModeRule.java:process(124)) - SCM in safe mode. Healthy pipelines reported count is 0, required healthy pipeline reported count is 1
2022-02-12 02:11:28,934 [pool-662-thread-1] INFO  segmented.SegmentedRaftLogWorker (SegmentedRaftLogWorker.java:lambda$new$0(133)) - fc069e42-0ca8-466b-ae9e-376ddea5bc06@group-EDF8322D7AB0-SegmentedRaftLogWorker: flushIndex: setUnconditionally 0 -> -1
2022-02-12 02:11:28,934 [pool-662-thread-1] INFO  segmented.SegmentedRaftLogWorker (SegmentedRaftLogWorker.java:lambda$new$0(133)) - fc069e42-0ca8-466b-ae9e-376ddea5bc06@group-EDF8322D7AB0-SegmentedRaftLogWorker: safeCacheEvictIndex: setUnconditionally 0 -> -1
2022-02-12 02:11:28,934 [pool-662-thread-1] INFO  server.RaftServerConfigKeys (ConfUtils.java:logGet(44)) - raft.server.snapshot.auto.trigger.enabled = true (custom)
2022-02-12 02:11:28,934 [pool-662-thread-1] INFO  server.RaftServerConfigKeys (ConfUtils.java:logGet(44)) - raft.server.snapshot.auto.trigger.threshold = 10000 (custom)
2022-02-12 02:11:28,934 [pool-662-thread-1] INFO  server.RaftServerConfigKeys (ConfUtils.java:logGet(44)) - raft.server.snapshot.retention.file.num = 5 (custom)
2022-02-12 02:11:28,934 [pool-662-thread-1] INFO  server.RaftServerConfigKeys (ConfUtils.java:logGet(44)) - raft.server.log.purge.upto.snapshot.index = false (default)
2022-02-12 02:11:28,934 [pool-662-thread-1] INFO  server.RaftServerConfigKeys (ConfUtils.java:logGet(44)) - raft.server.retrycache.expirytime = 600000ms (custom)
2022-02-12 02:11:28,934 [pool-662-thread-1] INFO  server.RaftServerConfigKeys (ConfUtils.java:logGet(44)) - raft.server.retrycache.statistics.expirytime = 100μs (default)
2022-02-12 02:11:28,974 [pool-662-thread-1] INFO  server.RaftServer$Division (RaftServerImpl.java:start(301)) - fc069e42-0ca8-466b-ae9e-376ddea5bc06@group-EDF8322D7AB0: start as a follower, conf=-1: [88c0bc00-df96-4ef9-9408-bb649f6f57b6|rpc:10.1.0.17:36805|priority:0, 26faa8ae-1f6d-4682-8de1-020bfaee0d48|rpc:10.1.0.17:33181|priority:1, fc069e42-0ca8-466b-ae9e-376ddea5bc06|rpc:10.1.0.17:41959|priority:0], old=null
2022-02-12 02:11:28,975 [pool-662-thread-1] INFO  server.RaftServer$Division (RaftServerImpl.java:setRole(290)) - fc069e42-0ca8-466b-ae9e-376ddea5bc06@group-EDF8322D7AB0: changes role from      null to FOLLOWER at term 0 for startAsFollower
2022-02-12 02:11:28,975 [pool-662-thread-1] INFO  impl.RoleInfo (RoleInfo.java:updateAndGet(130)) - fc069e42-0ca8-466b-ae9e-376ddea5bc06: start fc069e42-0ca8-466b-ae9e-376ddea5bc06@group-EDF8322D7AB0-FollowerState
2022-02-12 02:11:28,979 [pool-662-thread-1] INFO  util.JmxRegister (JmxRegister.java:tryRegister(44)) - Successfully registered JMX Bean with object name Ratis:service=RaftServer,group=group-EDF8322D7AB0,id=fc069e42-0ca8-466b-ae9e-376ddea5bc06
2022-02-12 02:11:28,985 [Command processor thread] INFO  ratis.XceiverServerRatis (XceiverServerRatis.java:addGroup(768)) - Created group PipelineID=924bab32-8d90-48e8-9b66-edf8322d7ab0
2022-02-12 02:11:29,037 [grpc-default-executor-4] INFO  server.RaftServer (RaftServerProxy.java:addNew(95)) - 26faa8ae-1f6d-4682-8de1-020bfaee0d48: addNew group-EDF8322D7AB0:[88c0bc00-df96-4ef9-9408-bb649f6f57b6|rpc:10.1.0.17:36805|dataStream:|priority:0, 26faa8ae-1f6d-4682-8de1-020bfaee0d48|rpc:10.1.0.17:33181|dataStream:|priority:1, fc069e42-0ca8-466b-ae9e-376ddea5bc06|rpc:10.1.0.17:41959|dataStream:|priority:0] returns group-EDF8322D7AB0:java.util.concurrent.CompletableFuture@35669a20[Not completed]
2022-02-12 02:11:29,038 [pool-683-thread-1] INFO  server.RaftServer$Division (RaftServerImpl.java:<init>(184)) - 26faa8ae-1f6d-4682-8de1-020bfaee0d48: new RaftServerImpl for group-EDF8322D7AB0:[88c0bc00-df96-4ef9-9408-bb649f6f57b6|rpc:10.1.0.17:36805|dataStream:|priority:0, 26faa8ae-1f6d-4682-8de1-020bfaee0d48|rpc:10.1.0.17:33181|dataStream:|priority:1, fc069e42-0ca8-466b-ae9e-376ddea5bc06|rpc:10.1.0.17:41959|dataStream:|priority:0] with ContainerStateMachine:uninitialized
2022-02-12 02:11:29,038 [pool-683-thread-1] INFO  server.RaftServerConfigKeys (ConfUtils.java:logGet(44)) - raft.server.rpc.timeout.min = 5s (custom)
2022-02-12 02:11:29,038 [pool-683-thread-1] INFO  server.RaftServerConfigKeys (ConfUtils.java:logGet(44)) - raft.server.rpc.timeout.max = 5200ms (custom)
2022-02-12 02:11:29,038 [pool-683-thread-1] INFO  server.RaftServerConfigKeys (ConfUtils.java:logGet(44)) - raft.server.rpc.sleep.time = 25ms (default)
2022-02-12 02:11:29,038 [pool-683-thread-1] INFO  server.RaftServerConfigKeys (ConfUtils.java:logGet(44)) - raft.server.rpc.slowness.timeout = 300s (custom)
2022-02-12 02:11:29,038 [pool-683-thread-1] INFO  server.RaftServerConfigKeys (ConfUtils.java:logGet(44)) - raft.server.leaderelection.leader.step-down.wait-time = 10s (default)
2022-02-12 02:11:29,038 [pool-683-thread-1] INFO  server.RaftServerConfigKeys (ConfUtils.java:logGet(44)) - raft.server.sleep.deviation.threshold = 300ms (default)
2022-02-12 02:11:29,038 [pool-683-thread-1] INFO  server.RaftServerConfigKeys (ConfUtils.java:logGet(44)) - raft.server.log.appender.install.snapshot.enabled = false (custom)
2022-02-12 02:11:29,038 [pool-683-thread-1] INFO  server.RaftServer$Division (ServerState.java:<init>(105)) - 26faa8ae-1f6d-4682-8de1-020bfaee0d48@group-EDF8322D7AB0: ConfigurationManager, init=-1: [88c0bc00-df96-4ef9-9408-bb649f6f57b6|rpc:10.1.0.17:36805|dataStream:|priority:0, 26faa8ae-1f6d-4682-8de1-020bfaee0d48|rpc:10.1.0.17:33181|dataStream:|priority:1, fc069e42-0ca8-466b-ae9e-376ddea5bc06|rpc:10.1.0.17:41959|dataStream:|priority:0], old=null, confs=<EMPTY_MAP>
2022-02-12 02:11:29,039 [pool-683-thread-1] INFO  server.RaftServerConfigKeys (ConfUtils.java:logGet(44)) - raft.server.storage.dir = [/home/runner/work/ozone/ozone/hadoop-ozone/integration-test/target/test-dir/MiniOzoneClusterImpl-771b091a-ebe2-4b61-867f-4639ffb893ff/datanode-2/data/ratis] (custom)
2022-02-12 02:11:29,039 [pool-683-thread-1] INFO  server.RaftServerConfigKeys (ConfUtils.java:logGet(44)) - raft.server.log.corruption.policy = EXCEPTION (default)
2022-02-12 02:11:29,039 [pool-683-thread-1] INFO  server.RaftServerConfigKeys (ConfUtils.java:logGet(44)) - raft.server.storage.free-space.min = 0MB (=0) (default)
2022-02-12 02:11:29,039 [pool-683-thread-1] INFO  storage.RaftStorageDirectory (RaftStorageDirectoryImpl.java:analyzeStorage(135)) - The storage directory /home/runner/work/ozone/ozone/hadoop-ozone/integration-test/target/test-dir/MiniOzoneClusterImpl-771b091a-ebe2-4b61-867f-4639ffb893ff/datanode-2/data/ratis/924bab32-8d90-48e8-9b66-edf8322d7ab0 does not exist. Creating ...
2022-02-12 02:11:29,040 [pool-683-thread-1] INFO  storage.RaftStorageDirectory (RaftStorageDirectoryImpl.java:tryLock(230)) - Lock on /home/runner/work/ozone/ozone/hadoop-ozone/integration-test/target/test-dir/MiniOzoneClusterImpl-771b091a-ebe2-4b61-867f-4639ffb893ff/datanode-2/data/ratis/924bab32-8d90-48e8-9b66-edf8322d7ab0/in_use.lock acquired by nodename 9178@fv-az395-998
2022-02-12 02:11:29,041 [pool-683-thread-1] INFO  storage.RaftStorage (RaftStorageImpl.java:format(89)) - Storage directory /home/runner/work/ozone/ozone/hadoop-ozone/integration-test/target/test-dir/MiniOzoneClusterImpl-771b091a-ebe2-4b61-867f-4639ffb893ff/datanode-2/data/ratis/924bab32-8d90-48e8-9b66-edf8322d7ab0 has been successfully formatted.
2022-02-12 02:11:29,041 [pool-683-thread-1] INFO  ratis.ContainerStateMachine (ContainerStateMachine.java:loadSnapshot(231)) - group-EDF8322D7AB0: The snapshot info is null. Setting the last applied indexto:(t:0, i:~)
2022-02-12 02:11:29,041 [pool-683-thread-1] INFO  server.RaftServerConfigKeys (ConfUtils.java:logGet(44)) - raft.server.notification.no-leader.timeout = 300s (custom)
2022-02-12 02:11:29,042 [pool-683-thread-1] INFO  server.RaftServerConfigKeys (ConfUtils.java:logGet(44)) - raft.server.log.use.memory = false (default)
2022-02-12 02:11:29,042 [pool-683-thread-1] INFO  server.RaftServerConfigKeys (ConfUtils.java:logGet(44)) - raft.server.log.purge.gap = 1000000 (custom)
2022-02-12 02:11:29,042 [pool-683-thread-1] INFO  server.RaftServerConfigKeys (ConfUtils.java:logGet(44)) - raft.server.log.appender.buffer.byte-limit = 33554432 (custom)
2022-02-12 02:11:29,043 [pool-683-thread-1] INFO  server.RaftServerConfigKeys (ConfUtils.java:logGet(44)) - raft.server.log.segment.size.max = 1048576 (custom)
2022-02-12 02:11:29,043 [pool-683-thread-1] INFO  server.RaftServerConfigKeys (ConfUtils.java:logGet(44)) - raft.server.log.segment.cache.num.max = 2 (custom)
2022-02-12 02:11:29,043 [pool-683-thread-1] INFO  server.RaftServerConfigKeys (ConfUtils.java:logGet(44)) - raft.server.log.segment.cache.size.max = 200MB (=209715200) (default)
2022-02-12 02:11:29,043 [pool-683-thread-1] INFO  segmented.SegmentedRaftLogWorker (SegmentedRaftLogWorker.java:<init>(182)) - new 26faa8ae-1f6d-4682-8de1-020bfaee0d48@group-EDF8322D7AB0-SegmentedRaftLogWorker for RaftStorageImpl:Storage Directory /home/runner/work/ozone/ozone/hadoop-ozone/integration-test/target/test-dir/MiniOzoneClusterImpl-771b091a-ebe2-4b61-867f-4639ffb893ff/datanode-2/data/ratis/924bab32-8d90-48e8-9b66-edf8322d7ab0
2022-02-12 02:11:29,043 [pool-683-thread-1] INFO  server.RaftServerConfigKeys (ConfUtils.java:logGet(44)) - raft.server.log.queue.byte-limit = 2147483647 (custom)
2022-02-12 02:11:29,043 [pool-683-thread-1] INFO  server.RaftServerConfigKeys (ConfUtils.java:logGet(44)) - raft.server.log.queue.element-limit = 1024 (custom)
2022-02-12 02:11:29,043 [pool-683-thread-1] INFO  server.RaftServerConfigKeys (ConfUtils.java:logGet(44)) - raft.server.log.segment.size.max = 1048576 (custom)
2022-02-12 02:11:29,043 [pool-683-thread-1] INFO  server.RaftServerConfigKeys (ConfUtils.java:logGet(44)) - raft.server.log.preallocated.size = 16384 (custom)
2022-02-12 02:11:29,043 [pool-683-thread-1] INFO  server.RaftServerConfigKeys (ConfUtils.java:logGet(44)) - raft.server.log.force.sync.num = 128 (default)
2022-02-12 02:11:29,043 [pool-683-thread-1] INFO  server.RaftServerConfigKeys (ConfUtils.java:logGet(44)) - raft.server.log.statemachine.data.sync = true (default)
2022-02-12 02:11:29,044 [pool-683-thread-1] INFO  server.RaftServerConfigKeys (ConfUtils.java:logGet(44)) - raft.server.log.statemachine.data.sync.timeout = 10s (default)
2022-02-12 02:11:29,044 [pool-683-thread-1] INFO  server.RaftServerConfigKeys (ConfUtils.java:logGet(44)) - raft.server.log.statemachine.data.sync.timeout.retry = -1 (default)
2022-02-12 02:11:29,045 [pool-683-thread-1] INFO  server.RaftServerConfigKeys (ConfUtils.java:logGet(44)) - raft.server.log.write.buffer.size = 1048576 (custom)
2022-02-12 02:11:29,045 [pool-683-thread-1] INFO  server.RaftServerConfigKeys (ConfUtils.java:logGet(44)) - raft.server.log.statemachine.data.caching.enabled = true (custom)
2022-02-12 02:11:29,045 [pool-683-thread-1] INFO  segmented.SegmentedRaftLogWorker (SegmentedRaftLogWorker.java:lambda$new$0(133)) - 26faa8ae-1f6d-4682-8de1-020bfaee0d48@group-EDF8322D7AB0-SegmentedRaftLogWorker: flushIndex: setUnconditionally 0 -> -1
2022-02-12 02:11:29,045 [pool-683-thread-1] INFO  segmented.SegmentedRaftLogWorker (SegmentedRaftLogWorker.java:lambda$new$0(133)) - 26faa8ae-1f6d-4682-8de1-020bfaee0d48@group-EDF8322D7AB0-SegmentedRaftLogWorker: safeCacheEvictIndex: setUnconditionally 0 -> -1
2022-02-12 02:11:29,045 [pool-683-thread-1] INFO  server.RaftServerConfigKeys (ConfUtils.java:logGet(44)) - raft.server.snapshot.auto.trigger.enabled = true (custom)
2022-02-12 02:11:29,045 [pool-683-thread-1] INFO  server.RaftServerConfigKeys (ConfUtils.java:logGet(44)) - raft.server.snapshot.auto.trigger.threshold = 10000 (custom)
2022-02-12 02:11:29,045 [pool-683-thread-1] INFO  server.RaftServerConfigKeys (ConfUtils.java:logGet(44)) - raft.server.snapshot.retention.file.num = 5 (custom)
2022-02-12 02:11:29,045 [pool-683-thread-1] INFO  server.RaftServerConfigKeys (ConfUtils.java:logGet(44)) - raft.server.log.purge.upto.snapshot.index = false (default)
2022-02-12 02:11:29,045 [pool-683-thread-1] INFO  server.RaftServerConfigKeys (ConfUtils.java:logGet(44)) - raft.server.retrycache.expirytime = 600000ms (custom)
2022-02-12 02:11:29,045 [pool-683-thread-1] INFO  server.RaftServerConfigKeys (ConfUtils.java:logGet(44)) - raft.server.retrycache.statistics.expirytime = 100μs (default)
2022-02-12 02:11:29,047 [pool-683-thread-1] INFO  server.RaftServer$Division (RaftServerImpl.java:start(301)) - 26faa8ae-1f6d-4682-8de1-020bfaee0d48@group-EDF8322D7AB0: start as a follower, conf=-1: [88c0bc00-df96-4ef9-9408-bb649f6f57b6|rpc:10.1.0.17:36805|dataStream:|priority:0, 26faa8ae-1f6d-4682-8de1-020bfaee0d48|rpc:10.1.0.17:33181|dataStream:|priority:1, fc069e42-0ca8-466b-ae9e-376ddea5bc06|rpc:10.1.0.17:41959|dataStream:|priority:0], old=null
2022-02-12 02:11:29,047 [pool-683-thread-1] INFO  server.RaftServer$Division (RaftServerImpl.java:setRole(290)) - 26faa8ae-1f6d-4682-8de1-020bfaee0d48@group-EDF8322D7AB0: changes role from      null to FOLLOWER at term 0 for startAsFollower
2022-02-12 02:11:29,047 [pool-683-thread-1] INFO  impl.RoleInfo (RoleInfo.java:updateAndGet(130)) - 26faa8ae-1f6d-4682-8de1-020bfaee0d48: start 26faa8ae-1f6d-4682-8de1-020bfaee0d48@group-EDF8322D7AB0-FollowerState
2022-02-12 02:11:29,048 [pool-683-thread-1] INFO  util.JmxRegister (JmxRegister.java:tryRegister(44)) - Successfully registered JMX Bean with object name Ratis:service=RaftServer,group=group-EDF8322D7AB0,id=26faa8ae-1f6d-4682-8de1-020bfaee0d48
2022-02-12 02:11:29,168 [Command processor thread] INFO  commandhandler.CreatePipelineCommandHandler (CreatePipelineCommandHandler.java:handle(106)) - Created Pipeline RATIS THREE PipelineID=924bab32-8d90-48e8-9b66-edf8322d7ab0.
2022-02-12 02:11:29,184 [Command processor thread] INFO  commandhandler.CreatePipelineCommandHandler (CreatePipelineCommandHandler.java:handle(106)) - Created Pipeline RATIS THREE PipelineID=924bab32-8d90-48e8-9b66-edf8322d7ab0.
2022-02-12 02:11:29,228 [Listener at 127.0.0.1/44149] INFO  ozone.MiniOzoneClusterImpl (MiniOzoneClusterImpl.java:lambda$waitForClusterToBeReady$0(219)) - Nodes are ready. Got 3 of 3 DN Heartbeats.
2022-02-12 02:11:29,228 [Listener at 127.0.0.1/44149] INFO  ozone.MiniOzoneClusterImpl (MiniOzoneClusterImpl.java:lambda$waitForClusterToBeReady$0(222)) - Waiting for cluster to exit safe mode
2022-02-12 02:11:29,228 [Listener at 127.0.0.1/44149] INFO  ozone.MiniOzoneClusterImpl (MiniOzoneClusterImpl.java:lambda$waitForClusterToBeReady$0(224)) - SCM became leader
2022-02-12 02:11:29,277 [Command processor thread] INFO  server.RaftServer (RaftServerProxy.java:addNew(95)) - 26faa8ae-1f6d-4682-8de1-020bfaee0d48: addNew group-B69905B65F9F:[26faa8ae-1f6d-4682-8de1-020bfaee0d48|rpc:10.1.0.17:33181|priority:1] returns group-B69905B65F9F:java.util.concurrent.CompletableFuture@64629c30[Not completed]
2022-02-12 02:11:29,278 [pool-683-thread-1] INFO  server.RaftServer$Division (RaftServerImpl.java:<init>(184)) - 26faa8ae-1f6d-4682-8de1-020bfaee0d48: new RaftServerImpl for group-B69905B65F9F:[26faa8ae-1f6d-4682-8de1-020bfaee0d48|rpc:10.1.0.17:33181|priority:1] with ContainerStateMachine:uninitialized
2022-02-12 02:11:29,278 [pool-683-thread-1] INFO  server.RaftServerConfigKeys (ConfUtils.java:logGet(44)) - raft.server.rpc.timeout.min = 5s (custom)
2022-02-12 02:11:29,278 [pool-683-thread-1] INFO  server.RaftServerConfigKeys (ConfUtils.java:logGet(44)) - raft.server.rpc.timeout.max = 5200ms (custom)
2022-02-12 02:11:29,278 [pool-683-thread-1] INFO  server.RaftServerConfigKeys (ConfUtils.java:logGet(44)) - raft.server.rpc.sleep.time = 25ms (default)
2022-02-12 02:11:29,278 [pool-683-thread-1] INFO  server.RaftServerConfigKeys (ConfUtils.java:logGet(44)) - raft.server.rpc.slowness.timeout = 300s (custom)
2022-02-12 02:11:29,278 [pool-683-thread-1] INFO  server.RaftServerConfigKeys (ConfUtils.java:logGet(44)) - raft.server.leaderelection.leader.step-down.wait-time = 10s (default)
2022-02-12 02:11:29,278 [pool-683-thread-1] INFO  server.RaftServerConfigKeys (ConfUtils.java:logGet(44)) - raft.server.sleep.deviation.threshold = 300ms (default)
2022-02-12 02:11:29,278 [pool-683-thread-1] INFO  server.RaftServerConfigKeys (ConfUtils.java:logGet(44)) - raft.server.log.appender.install.snapshot.enabled = false (custom)
2022-02-12 02:11:29,278 [pool-683-thread-1] INFO  server.RaftServer$Division (ServerState.java:<init>(105)) - 26faa8ae-1f6d-4682-8de1-020bfaee0d48@group-B69905B65F9F: ConfigurationManager, init=-1: [26faa8ae-1f6d-4682-8de1-020bfaee0d48|rpc:10.1.0.17:33181|priority:1], old=null, confs=<EMPTY_MAP>
2022-02-12 02:11:29,278 [pool-683-thread-1] INFO  server.RaftServerConfigKeys (ConfUtils.java:logGet(44)) - raft.server.storage.dir = [/home/runner/work/ozone/ozone/hadoop-ozone/integration-test/target/test-dir/MiniOzoneClusterImpl-771b091a-ebe2-4b61-867f-4639ffb893ff/datanode-2/data/ratis] (custom)
2022-02-12 02:11:29,279 [pool-683-thread-1] INFO  server.RaftServerConfigKeys (ConfUtils.java:logGet(44)) - raft.server.log.corruption.policy = EXCEPTION (default)
2022-02-12 02:11:29,279 [pool-683-thread-1] INFO  server.RaftServerConfigKeys (ConfUtils.java:logGet(44)) - raft.server.storage.free-space.min = 0MB (=0) (default)
2022-02-12 02:11:29,279 [pool-683-thread-1] INFO  storage.RaftStorageDirectory (RaftStorageDirectoryImpl.java:analyzeStorage(135)) - The storage directory /home/runner/work/ozone/ozone/hadoop-ozone/integration-test/target/test-dir/MiniOzoneClusterImpl-771b091a-ebe2-4b61-867f-4639ffb893ff/datanode-2/data/ratis/b797bcdf-4860-4033-a23a-b69905b65f9f does not exist. Creating ...
2022-02-12 02:11:29,280 [pool-683-thread-1] INFO  storage.RaftStorageDirectory (RaftStorageDirectoryImpl.java:tryLock(230)) - Lock on /home/runner/work/ozone/ozone/hadoop-ozone/integration-test/target/test-dir/MiniOzoneClusterImpl-771b091a-ebe2-4b61-867f-4639ffb893ff/datanode-2/data/ratis/b797bcdf-4860-4033-a23a-b69905b65f9f/in_use.lock acquired by nodename 9178@fv-az395-998
2022-02-12 02:11:29,281 [pool-683-thread-1] INFO  storage.RaftStorage (RaftStorageImpl.java:format(89)) - Storage directory /home/runner/work/ozone/ozone/hadoop-ozone/integration-test/target/test-dir/MiniOzoneClusterImpl-771b091a-ebe2-4b61-867f-4639ffb893ff/datanode-2/data/ratis/b797bcdf-4860-4033-a23a-b69905b65f9f has been successfully formatted.
2022-02-12 02:11:29,281 [pool-683-thread-1] INFO  ratis.ContainerStateMachine (ContainerStateMachine.java:loadSnapshot(231)) - group-B69905B65F9F: The snapshot info is null. Setting the last applied indexto:(t:0, i:~)
2022-02-12 02:11:29,281 [pool-683-thread-1] INFO  server.RaftServerConfigKeys (ConfUtils.java:logGet(44)) - raft.server.notification.no-leader.timeout = 300s (custom)
2022-02-12 02:11:29,281 [pool-683-thread-1] INFO  server.RaftServerConfigKeys (ConfUtils.java:logGet(44)) - raft.server.log.use.memory = false (default)
2022-02-12 02:11:29,281 [pool-683-thread-1] INFO  server.RaftServerConfigKeys (ConfUtils.java:logGet(44)) - raft.server.log.purge.gap = 1000000 (custom)
2022-02-12 02:11:29,282 [EventQueue-PipelineReportForPipelineReportHandler] INFO  pipeline.PipelineManagerImpl (PipelineManagerImpl.java:openPipeline(291)) - Pipeline Pipeline[ Id: b797bcdf-4860-4033-a23a-b69905b65f9f, Nodes: 26faa8ae-1f6d-4682-8de1-020bfaee0d48{ip: 10.1.0.17, host: fv-az395-998.zfmzfyrfkyou3ow0tsr0jxwq1e.bx.internal.cloudapp.net, ports: [REPLICATION=36895, RATIS=33181, RATIS_ADMIN=33181, RATIS_SERVER=33181, STANDALONE=33677], networkLocation: /default-rack, certSerialId: null, persistedOpState: IN_SERVICE, persistedOpStateExpiryEpochSec: 0}, ReplicationConfig: RATIS/ONE, State:ALLOCATED, leaderId:26faa8ae-1f6d-4682-8de1-020bfaee0d48, CreationTimestamp2022-02-12T02:11:26.279Z[Etc/UTC]] moved to OPEN state
2022-02-12 02:11:29,286 [1b5f3bca-5d4a-4774-a0d7-e0522b1460f7@group-4639FFB893FF-StateMachineUpdater] INFO  safemode.HealthyPipelineSafeModeRule (HealthyPipelineSafeModeRule.java:initializeRule(152)) - Refreshed total pipeline count is 0, healthy pipeline threshold count is 1
2022-02-12 02:11:29,288 [EventQueue-OpenPipelineForHealthyPipelineSafeModeRule] INFO  safemode.SCMSafeModeManager (HealthyPipelineSafeModeRule.java:process(124)) - SCM in safe mode. Healthy pipelines reported count is 0, required healthy pipeline reported count is 1
2022-02-12 02:11:29,293 [pool-683-thread-1] INFO  server.RaftServerConfigKeys (ConfUtils.java:logGet(44)) - raft.server.log.appender.buffer.byte-limit = 33554432 (custom)
2022-02-12 02:11:29,294 [pool-683-thread-1] INFO  server.RaftServerConfigKeys (ConfUtils.java:logGet(44)) - raft.server.log.segment.size.max = 1048576 (custom)
2022-02-12 02:11:29,294 [pool-683-thread-1] INFO  server.RaftServerConfigKeys (ConfUtils.java:logGet(44)) - raft.server.log.segment.cache.num.max = 2 (custom)
2022-02-12 02:11:29,294 [pool-683-thread-1] INFO  server.RaftServerConfigKeys (ConfUtils.java:logGet(44)) - raft.server.log.segment.cache.size.max = 200MB (=209715200) (default)
2022-02-12 02:11:29,294 [pool-683-thread-1] INFO  segmented.SegmentedRaftLogWorker (SegmentedRaftLogWorker.java:<init>(182)) - new 26faa8ae-1f6d-4682-8de1-020bfaee0d48@group-B69905B65F9F-SegmentedRaftLogWorker for RaftStorageImpl:Storage Directory /home/runner/work/ozone/ozone/hadoop-ozone/integration-test/target/test-dir/MiniOzoneClusterImpl-771b091a-ebe2-4b61-867f-4639ffb893ff/datanode-2/data/ratis/b797bcdf-4860-4033-a23a-b69905b65f9f
2022-02-12 02:11:29,294 [pool-683-thread-1] INFO  server.RaftServerConfigKeys (ConfUtils.java:logGet(44)) - raft.server.log.queue.byte-limit = 2147483647 (custom)
2022-02-12 02:11:29,294 [pool-683-thread-1] INFO  server.RaftServerConfigKeys (ConfUtils.java:logGet(44)) - raft.server.log.queue.element-limit = 1024 (custom)
2022-02-12 02:11:29,295 [pool-683-thread-1] INFO  server.RaftServerConfigKeys (ConfUtils.java:logGet(44)) - raft.server.log.segment.size.max = 1048576 (custom)
2022-02-12 02:11:29,295 [pool-683-thread-1] INFO  server.RaftServerConfigKeys (ConfUtils.java:logGet(44)) - raft.server.log.preallocated.size = 16384 (custom)
2022-02-12 02:11:29,295 [pool-683-thread-1] INFO  server.RaftServerConfigKeys (ConfUtils.java:logGet(44)) - raft.server.log.force.sync.num = 128 (default)
2022-02-12 02:11:29,295 [pool-683-thread-1] INFO  server.RaftServerConfigKeys (ConfUtils.java:logGet(44)) - raft.server.log.statemachine.data.sync = true (default)
2022-02-12 02:11:29,295 [pool-683-thread-1] INFO  server.RaftServerConfigKeys (ConfUtils.java:logGet(44)) - raft.server.log.statemachine.data.sync.timeout = 10s (default)
2022-02-12 02:11:29,295 [pool-683-thread-1] INFO  server.RaftServerConfigKeys (ConfUtils.java:logGet(44)) - raft.server.log.statemachine.data.sync.timeout.retry = -1 (default)
2022-02-12 02:11:29,296 [pool-683-thread-1] INFO  server.RaftServerConfigKeys (ConfUtils.java:logGet(44)) - raft.server.log.write.buffer.size = 1048576 (custom)
2022-02-12 02:11:29,296 [pool-683-thread-1] INFO  server.RaftServerConfigKeys (ConfUtils.java:logGet(44)) - raft.server.log.statemachine.data.caching.enabled = true (custom)
2022-02-12 02:11:29,296 [pool-683-thread-1] INFO  segmented.SegmentedRaftLogWorker (SegmentedRaftLogWorker.java:lambda$new$0(133)) - 26faa8ae-1f6d-4682-8de1-020bfaee0d48@group-B69905B65F9F-SegmentedRaftLogWorker: flushIndex: setUnconditionally 0 -> -1
2022-02-12 02:11:29,296 [pool-683-thread-1] INFO  segmented.SegmentedRaftLogWorker (SegmentedRaftLogWorker.java:lambda$new$0(133)) - 26faa8ae-1f6d-4682-8de1-020bfaee0d48@group-B69905B65F9F-SegmentedRaftLogWorker: safeCacheEvictIndex: setUnconditionally 0 -> -1
2022-02-12 02:11:29,296 [pool-683-thread-1] INFO  server.RaftServerConfigKeys (ConfUtils.java:logGet(44)) - raft.server.snapshot.auto.trigger.enabled = true (custom)
2022-02-12 02:11:29,296 [pool-683-thread-1] INFO  server.RaftServerConfigKeys (ConfUtils.java:logGet(44)) - raft.server.snapshot.auto.trigger.threshold = 10000 (custom)
2022-02-12 02:11:29,297 [pool-683-thread-1] INFO  server.RaftServerConfigKeys (ConfUtils.java:logGet(44)) - raft.server.snapshot.retention.file.num = 5 (custom)
2022-02-12 02:11:29,297 [pool-683-thread-1] INFO  server.RaftServerConfigKeys (ConfUtils.java:logGet(44)) - raft.server.log.purge.upto.snapshot.index = false (default)
2022-02-12 02:11:29,297 [pool-683-thread-1] INFO  server.RaftServerConfigKeys (ConfUtils.java:logGet(44)) - raft.server.retrycache.expirytime = 600000ms (custom)
2022-02-12 02:11:29,297 [pool-683-thread-1] INFO  server.RaftServerConfigKeys (ConfUtils.java:logGet(44)) - raft.server.retrycache.statistics.expirytime = 100μs (default)
2022-02-12 02:11:29,298 [pool-683-thread-1] INFO  server.RaftServer$Division (RaftServerImpl.java:start(301)) - 26faa8ae-1f6d-4682-8de1-020bfaee0d48@group-B69905B65F9F: start as a follower, conf=-1: [26faa8ae-1f6d-4682-8de1-020bfaee0d48|rpc:10.1.0.17:33181|priority:1], old=null
2022-02-12 02:11:29,298 [pool-683-thread-1] INFO  server.RaftServer$Division (RaftServerImpl.java:setRole(290)) - 26faa8ae-1f6d-4682-8de1-020bfaee0d48@group-B69905B65F9F: changes role from      null to FOLLOWER at term 0 for startAsFollower
2022-02-12 02:11:29,298 [pool-683-thread-1] INFO  impl.RoleInfo (RoleInfo.java:updateAndGet(130)) - 26faa8ae-1f6d-4682-8de1-020bfaee0d48: start 26faa8ae-1f6d-4682-8de1-020bfaee0d48@group-B69905B65F9F-FollowerState
2022-02-12 02:11:29,298 [pool-683-thread-1] INFO  util.JmxRegister (JmxRegister.java:tryRegister(44)) - Successfully registered JMX Bean with object name Ratis:service=RaftServer,group=group-B69905B65F9F,id=26faa8ae-1f6d-4682-8de1-020bfaee0d48
2022-02-12 02:11:29,299 [Command processor thread] INFO  ratis.XceiverServerRatis (XceiverServerRatis.java:addGroup(768)) - Created group PipelineID=b797bcdf-4860-4033-a23a-b69905b65f9f
2022-02-12 02:11:29,299 [Command processor thread] INFO  commandhandler.CreatePipelineCommandHandler (CreatePipelineCommandHandler.java:handle(106)) - Created Pipeline RATIS ONE PipelineID=b797bcdf-4860-4033-a23a-b69905b65f9f.
2022-02-12 02:11:30,230 [Listener at 127.0.0.1/44149] INFO  ozone.MiniOzoneClusterImpl (MiniOzoneClusterImpl.java:lambda$waitForClusterToBeReady$0(219)) - Nodes are ready. Got 3 of 3 DN Heartbeats.
2022-02-12 02:11:30,230 [Listener at 127.0.0.1/44149] INFO  ozone.MiniOzoneClusterImpl (MiniOzoneClusterImpl.java:lambda$waitForClusterToBeReady$0(222)) - Waiting for cluster to exit safe mode
2022-02-12 02:11:30,230 [Listener at 127.0.0.1/44149] INFO  ozone.MiniOzoneClusterImpl (MiniOzoneClusterImpl.java:lambda$waitForClusterToBeReady$0(224)) - SCM became leader
2022-02-12 02:11:31,234 [Listener at 127.0.0.1/44149] INFO  ozone.MiniOzoneClusterImpl (MiniOzoneClusterImpl.java:lambda$waitForClusterToBeReady$0(219)) - Nodes are ready. Got 3 of 3 DN Heartbeats.
2022-02-12 02:11:31,234 [Listener at 127.0.0.1/44149] INFO  ozone.MiniOzoneClusterImpl (MiniOzoneClusterImpl.java:lambda$waitForClusterToBeReady$0(222)) - Waiting for cluster to exit safe mode
2022-02-12 02:11:31,234 [Listener at 127.0.0.1/44149] INFO  ozone.MiniOzoneClusterImpl (MiniOzoneClusterImpl.java:lambda$waitForClusterToBeReady$0(224)) - SCM became leader
2022-02-12 02:11:32,234 [Listener at 127.0.0.1/44149] INFO  ozone.MiniOzoneClusterImpl (MiniOzoneClusterImpl.java:lambda$waitForClusterToBeReady$0(219)) - Nodes are ready. Got 3 of 3 DN Heartbeats.
2022-02-12 02:11:32,234 [Listener at 127.0.0.1/44149] INFO  ozone.MiniOzoneClusterImpl (MiniOzoneClusterImpl.java:lambda$waitForClusterToBeReady$0(222)) - Waiting for cluster to exit safe mode
2022-02-12 02:11:32,235 [Listener at 127.0.0.1/44149] INFO  ozone.MiniOzoneClusterImpl (MiniOzoneClusterImpl.java:lambda$waitForClusterToBeReady$0(224)) - SCM became leader
2022-02-12 02:11:33,236 [Listener at 127.0.0.1/44149] INFO  ozone.MiniOzoneClusterImpl (MiniOzoneClusterImpl.java:lambda$waitForClusterToBeReady$0(219)) - Nodes are ready. Got 3 of 3 DN Heartbeats.
2022-02-12 02:11:33,237 [Listener at 127.0.0.1/44149] INFO  ozone.MiniOzoneClusterImpl (MiniOzoneClusterImpl.java:lambda$waitForClusterToBeReady$0(222)) - Waiting for cluster to exit safe mode
2022-02-12 02:11:33,237 [Listener at 127.0.0.1/44149] INFO  ozone.MiniOzoneClusterImpl (MiniOzoneClusterImpl.java:lambda$waitForClusterToBeReady$0(224)) - SCM became leader
2022-02-12 02:11:33,472 [88c0bc00-df96-4ef9-9408-bb649f6f57b6@group-8B6F814F0470-FollowerState] INFO  impl.FollowerState (FollowerState.java:run(134)) - 88c0bc00-df96-4ef9-9408-bb649f6f57b6@group-8B6F814F0470-FollowerState: change to CANDIDATE, lastRpcElapsedTime:5030222264ns, electionTimeout:5020ms
2022-02-12 02:11:33,472 [88c0bc00-df96-4ef9-9408-bb649f6f57b6@group-8B6F814F0470-FollowerState] INFO  impl.RoleInfo (RoleInfo.java:shutdownFollowerState(108)) - 88c0bc00-df96-4ef9-9408-bb649f6f57b6: shutdown 88c0bc00-df96-4ef9-9408-bb649f6f57b6@group-8B6F814F0470-FollowerState
2022-02-12 02:11:33,472 [88c0bc00-df96-4ef9-9408-bb649f6f57b6@group-8B6F814F0470-FollowerState] INFO  server.RaftServer$Division (RaftServerImpl.java:setRole(290)) - 88c0bc00-df96-4ef9-9408-bb649f6f57b6@group-8B6F814F0470: changes role from  FOLLOWER to CANDIDATE at term 0 for changeToCandidate
2022-02-12 02:11:33,472 [88c0bc00-df96-4ef9-9408-bb649f6f57b6@group-8B6F814F0470-FollowerState] INFO  server.RaftServerConfigKeys (ConfUtils.java:logGet(44)) - raft.server.leaderelection.pre-vote = false (custom)
2022-02-12 02:11:33,472 [88c0bc00-df96-4ef9-9408-bb649f6f57b6@group-8B6F814F0470-FollowerState] INFO  impl.RoleInfo (RoleInfo.java:updateAndGet(130)) - 88c0bc00-df96-4ef9-9408-bb649f6f57b6: start 88c0bc00-df96-4ef9-9408-bb649f6f57b6@group-8B6F814F0470-LeaderElection74
2022-02-12 02:11:33,520 [88c0bc00-df96-4ef9-9408-bb649f6f57b6@group-8B6F814F0470-LeaderElection74] INFO  impl.LeaderElection (LeaderElection.java:askForVotes(306)) - 88c0bc00-df96-4ef9-9408-bb649f6f57b6@group-8B6F814F0470-LeaderElection74 ELECTION round 0: submit vote requests at term 1 for -1: [88c0bc00-df96-4ef9-9408-bb649f6f57b6|rpc:10.1.0.17:36805|priority:1], old=null
2022-02-12 02:11:33,520 [88c0bc00-df96-4ef9-9408-bb649f6f57b6@group-8B6F814F0470-LeaderElection74] INFO  impl.LeaderElection (LeaderElection.java:askForVotes(308)) - 88c0bc00-df96-4ef9-9408-bb649f6f57b6@group-8B6F814F0470-LeaderElection74 ELECTION round 0: result PASSED (term=1)
2022-02-12 02:11:33,520 [88c0bc00-df96-4ef9-9408-bb649f6f57b6@group-8B6F814F0470-LeaderElection74] INFO  impl.RoleInfo (RoleInfo.java:shutdownLeaderElection(121)) - 88c0bc00-df96-4ef9-9408-bb649f6f57b6: shutdown 88c0bc00-df96-4ef9-9408-bb649f6f57b6@group-8B6F814F0470-LeaderElection74
2022-02-12 02:11:33,520 [88c0bc00-df96-4ef9-9408-bb649f6f57b6@group-8B6F814F0470-LeaderElection74] INFO  server.RaftServer$Division (RaftServerImpl.java:setRole(290)) - 88c0bc00-df96-4ef9-9408-bb649f6f57b6@group-8B6F814F0470: changes role from CANDIDATE to LEADER at term 1 for changeToLeader
2022-02-12 02:11:33,520 [88c0bc00-df96-4ef9-9408-bb649f6f57b6@group-8B6F814F0470-LeaderElection74] INFO  ratis.XceiverServerRatis (XceiverServerRatis.java:handleLeaderChangedNotification(866)) - Leader change notification received for group: group-8B6F814F0470 with new leaderId: 88c0bc00-df96-4ef9-9408-bb649f6f57b6
2022-02-12 02:11:33,520 [88c0bc00-df96-4ef9-9408-bb649f6f57b6@group-8B6F814F0470-LeaderElection74] INFO  server.RaftServer$Division (ServerState.java:setLeader(285)) - 88c0bc00-df96-4ef9-9408-bb649f6f57b6@group-8B6F814F0470: change Leader from null to 88c0bc00-df96-4ef9-9408-bb649f6f57b6 at term 1 for becomeLeader, leader elected after 5125ms
2022-02-12 02:11:33,520 [88c0bc00-df96-4ef9-9408-bb649f6f57b6@group-8B6F814F0470-LeaderElection74] INFO  server.RaftServerConfigKeys (ConfUtils.java:logGet(44)) - raft.server.staging.catchup.gap = 1000 (default)
2022-02-12 02:11:33,521 [88c0bc00-df96-4ef9-9408-bb649f6f57b6@group-8B6F814F0470-LeaderElection74] INFO  server.RaftServerConfigKeys (ConfUtils.java:logGet(44)) - raft.server.write.element-limit = 1024 (custom)
2022-02-12 02:11:33,521 [88c0bc00-df96-4ef9-9408-bb649f6f57b6@group-8B6F814F0470-LeaderElection74] INFO  server.RaftServerConfigKeys (ConfUtils.java:logGet(44)) - raft.server.write.byte-limit = 1024 M (=1073741824) (custom)
2022-02-12 02:11:33,521 [88c0bc00-df96-4ef9-9408-bb649f6f57b6@group-8B6F814F0470-LeaderElection74] INFO  server.RaftServerConfigKeys (ConfUtils.java:logGet(44)) - raft.server.watch.timeout = 180s (custom)
2022-02-12 02:11:33,521 [88c0bc00-df96-4ef9-9408-bb649f6f57b6@group-8B6F814F0470-LeaderElection74] INFO  server.RaftServerConfigKeys (ConfUtils.java:logGet(44)) - raft.server.watch.timeout.denomination = 1s (default)
2022-02-12 02:11:33,521 [88c0bc00-df96-4ef9-9408-bb649f6f57b6@group-8B6F814F0470-LeaderElection74] INFO  server.RaftServerConfigKeys (ConfUtils.java:logGet(44)) - raft.server.watch.element-limit = 65536 (default)
2022-02-12 02:11:33,521 [88c0bc00-df96-4ef9-9408-bb649f6f57b6@group-8B6F814F0470-LeaderElection74] INFO  server.RaftServerConfigKeys (ConfUtils.java:logGet(44)) - raft.server.write.element-limit = 1024 (custom)
2022-02-12 02:11:33,521 [88c0bc00-df96-4ef9-9408-bb649f6f57b6@group-8B6F814F0470-LeaderElection74] INFO  server.RaftServerConfigKeys (ConfUtils.java:logGet(44)) - raft.server.write.follower.gap.ratio.max = -1.0 (default)
2022-02-12 02:11:33,521 [88c0bc00-df96-4ef9-9408-bb649f6f57b6@group-8B6F814F0470-LeaderElection74] INFO  impl.RoleInfo (RoleInfo.java:updateAndGet(130)) - 88c0bc00-df96-4ef9-9408-bb649f6f57b6: start 88c0bc00-df96-4ef9-9408-bb649f6f57b6@group-8B6F814F0470-LeaderStateImpl
2022-02-12 02:11:33,521 [88c0bc00-df96-4ef9-9408-bb649f6f57b6@group-8B6F814F0470-LeaderElection74] INFO  segmented.SegmentedRaftLogWorker (SegmentedRaftLogWorker.java:startLogSegment(394)) - 88c0bc00-df96-4ef9-9408-bb649f6f57b6@group-8B6F814F0470-SegmentedRaftLogWorker: Starting segment from index:0
2022-02-12 02:11:33,523 [EventQueue-OpenPipelineForHealthyPipelineSafeModeRule] INFO  safemode.SCMSafeModeManager (HealthyPipelineSafeModeRule.java:process(124)) - SCM in safe mode. Healthy pipelines reported count is 0, required healthy pipeline reported count is 1
2022-02-12 02:11:33,532 [88c0bc00-df96-4ef9-9408-bb649f6f57b6@group-8B6F814F0470-SegmentedRaftLogWorker] INFO  segmented.SegmentedRaftLogWorker (SegmentedRaftLogWorker.java:execute(601)) - 88c0bc00-df96-4ef9-9408-bb649f6f57b6@group-8B6F814F0470-SegmentedRaftLogWorker: created new log segment /home/runner/work/ozone/ozone/hadoop-ozone/integration-test/target/test-dir/MiniOzoneClusterImpl-771b091a-ebe2-4b61-867f-4639ffb893ff/datanode-0/data/ratis/2c6ce6bf-f19f-4863-909d-8b6f814f0470/current/log_inprogress_0
2022-02-12 02:11:33,542 [88c0bc00-df96-4ef9-9408-bb649f6f57b6@group-8B6F814F0470-LeaderElection74] INFO  server.RaftServer$Division (ServerState.java:setRaftConf(387)) - 88c0bc00-df96-4ef9-9408-bb649f6f57b6@group-8B6F814F0470: set configuration 0: [88c0bc00-df96-4ef9-9408-bb649f6f57b6|rpc:10.1.0.17:36805|dataStream:|priority:1], old=null
2022-02-12 02:11:33,582 [88c0bc00-df96-4ef9-9408-bb649f6f57b6@group-75FE1A793831-FollowerState] INFO  impl.FollowerState (FollowerState.java:run(134)) - 88c0bc00-df96-4ef9-9408-bb649f6f57b6@group-75FE1A793831-FollowerState: change to CANDIDATE, lastRpcElapsedTime:5085333983ns, electionTimeout:5061ms
2022-02-12 02:11:33,582 [88c0bc00-df96-4ef9-9408-bb649f6f57b6@group-75FE1A793831-FollowerState] INFO  impl.RoleInfo (RoleInfo.java:shutdownFollowerState(108)) - 88c0bc00-df96-4ef9-9408-bb649f6f57b6: shutdown 88c0bc00-df96-4ef9-9408-bb649f6f57b6@group-75FE1A793831-FollowerState
2022-02-12 02:11:33,582 [88c0bc00-df96-4ef9-9408-bb649f6f57b6@group-75FE1A793831-FollowerState] INFO  server.RaftServer$Division (RaftServerImpl.java:setRole(290)) - 88c0bc00-df96-4ef9-9408-bb649f6f57b6@group-75FE1A793831: changes role from  FOLLOWER to CANDIDATE at term 0 for changeToCandidate
2022-02-12 02:11:33,582 [88c0bc00-df96-4ef9-9408-bb649f6f57b6@group-75FE1A793831-FollowerState] INFO  server.RaftServerConfigKeys (ConfUtils.java:logGet(44)) - raft.server.leaderelection.pre-vote = false (custom)
2022-02-12 02:11:33,582 [88c0bc00-df96-4ef9-9408-bb649f6f57b6@group-75FE1A793831-FollowerState] INFO  impl.RoleInfo (RoleInfo.java:updateAndGet(130)) - 88c0bc00-df96-4ef9-9408-bb649f6f57b6: start 88c0bc00-df96-4ef9-9408-bb649f6f57b6@group-75FE1A793831-LeaderElection75
2022-02-12 02:11:33,624 [88c0bc00-df96-4ef9-9408-bb649f6f57b6@group-75FE1A793831-LeaderElection75] INFO  impl.LeaderElection (LeaderElection.java:askForVotes(306)) - 88c0bc00-df96-4ef9-9408-bb649f6f57b6@group-75FE1A793831-LeaderElection75 ELECTION round 0: submit vote requests at term 1 for -1: [88c0bc00-df96-4ef9-9408-bb649f6f57b6|rpc:10.1.0.17:36805|priority:0, 26faa8ae-1f6d-4682-8de1-020bfaee0d48|rpc:10.1.0.17:33181|priority:0, fc069e42-0ca8-466b-ae9e-376ddea5bc06|rpc:10.1.0.17:41959|priority:1], old=null
2022-02-12 02:11:33,657 [grpc-default-executor-5] INFO  server.RaftServer$Division (RaftServerImpl.java:requestVote(1046)) - 26faa8ae-1f6d-4682-8de1-020bfaee0d48@group-75FE1A793831: receive requestVote(ELECTION, 88c0bc00-df96-4ef9-9408-bb649f6f57b6, group-75FE1A793831, 1, (t:0, i:0))
2022-02-12 02:11:33,657 [grpc-default-executor-5] INFO  impl.VoteContext (VoteContext.java:log(48)) - 26faa8ae-1f6d-4682-8de1-020bfaee0d48@group-75FE1A793831-FOLLOWER: accept ELECTION from 88c0bc00-df96-4ef9-9408-bb649f6f57b6: our priority 0 <= candidate's priority 0
2022-02-12 02:11:33,657 [grpc-default-executor-5] INFO  server.RaftServer$Division (RaftServerImpl.java:setRole(290)) - 26faa8ae-1f6d-4682-8de1-020bfaee0d48@group-75FE1A793831: changes role from  FOLLOWER to FOLLOWER at term 1 for candidate:88c0bc00-df96-4ef9-9408-bb649f6f57b6
2022-02-12 02:11:33,657 [grpc-default-executor-5] INFO  impl.RoleInfo (RoleInfo.java:shutdownFollowerState(108)) - 26faa8ae-1f6d-4682-8de1-020bfaee0d48: shutdown 26faa8ae-1f6d-4682-8de1-020bfaee0d48@group-75FE1A793831-FollowerState
2022-02-12 02:11:33,658 [grpc-default-executor-5] INFO  impl.RoleInfo (RoleInfo.java:updateAndGet(130)) - 26faa8ae-1f6d-4682-8de1-020bfaee0d48: start 26faa8ae-1f6d-4682-8de1-020bfaee0d48@group-75FE1A793831-FollowerState
2022-02-12 02:11:33,666 [26faa8ae-1f6d-4682-8de1-020bfaee0d48@group-75FE1A793831-FollowerState] INFO  impl.FollowerState (FollowerState.java:run(143)) - 26faa8ae-1f6d-4682-8de1-020bfaee0d48@group-75FE1A793831-FollowerState was interrupted: {}
java.lang.InterruptedException: sleep interrupted
	at java.lang.Thread.sleep(Native Method)
	at java.lang.Thread.sleep(Thread.java:340)
	at java.util.concurrent.TimeUnit.sleep(TimeUnit.java:386)
	at org.apache.ratis.util.TimeDuration.sleep(TimeDuration.java:324)
	at org.apache.ratis.util.TimeDuration.sleep(TimeDuration.java:309)
	at org.apache.ratis.server.impl.FollowerState.run(FollowerState.java:118)
2022-02-12 02:11:33,692 [grpc-default-executor-4] INFO  server.RaftServer$Division (RaftServerImpl.java:requestVote(1046)) - fc069e42-0ca8-466b-ae9e-376ddea5bc06@group-75FE1A793831: receive requestVote(ELECTION, 88c0bc00-df96-4ef9-9408-bb649f6f57b6, group-75FE1A793831, 1, (t:0, i:0))
2022-02-12 02:11:33,692 [grpc-default-executor-4] INFO  impl.VoteContext (VoteContext.java:log(48)) - fc069e42-0ca8-466b-ae9e-376ddea5bc06@group-75FE1A793831-FOLLOWER: reject ELECTION from 88c0bc00-df96-4ef9-9408-bb649f6f57b6: our priority 1 > candidate's priority 0
2022-02-12 02:11:33,692 [grpc-default-executor-4] INFO  server.RaftServer$Division (RaftServerImpl.java:setRole(290)) - fc069e42-0ca8-466b-ae9e-376ddea5bc06@group-75FE1A793831: changes role from  FOLLOWER to FOLLOWER at term 1 for candidate:88c0bc00-df96-4ef9-9408-bb649f6f57b6
2022-02-12 02:11:33,692 [grpc-default-executor-4] INFO  impl.RoleInfo (RoleInfo.java:shutdownFollowerState(108)) - fc069e42-0ca8-466b-ae9e-376ddea5bc06: shutdown fc069e42-0ca8-466b-ae9e-376ddea5bc06@group-75FE1A793831-FollowerState
2022-02-12 02:11:33,692 [grpc-default-executor-4] INFO  impl.RoleInfo (RoleInfo.java:updateAndGet(130)) - fc069e42-0ca8-466b-ae9e-376ddea5bc06: start fc069e42-0ca8-466b-ae9e-376ddea5bc06@group-75FE1A793831-FollowerState
2022-02-12 02:11:33,692 [fc069e42-0ca8-466b-ae9e-376ddea5bc06@group-75FE1A793831-FollowerState] INFO  impl.FollowerState (FollowerState.java:run(143)) - fc069e42-0ca8-466b-ae9e-376ddea5bc06@group-75FE1A793831-FollowerState was interrupted: {}
java.lang.InterruptedException: sleep interrupted
	at java.lang.Thread.sleep(Native Method)
	at java.lang.Thread.sleep(Thread.java:340)
	at java.util.concurrent.TimeUnit.sleep(TimeUnit.java:386)
	at org.apache.ratis.util.TimeDuration.sleep(TimeDuration.java:324)
	at org.apache.ratis.util.TimeDuration.sleep(TimeDuration.java:309)
	at org.apache.ratis.server.impl.FollowerState.run(FollowerState.java:118)
2022-02-12 02:11:33,714 [grpc-default-executor-5] INFO  server.RaftServer$Division (RaftServerImpl.java:requestVote(1078)) - 26faa8ae-1f6d-4682-8de1-020bfaee0d48@group-75FE1A793831 replies to ELECTION vote request: 88c0bc00-df96-4ef9-9408-bb649f6f57b6<-26faa8ae-1f6d-4682-8de1-020bfaee0d48#0:OK-t1. Peer's state: 26faa8ae-1f6d-4682-8de1-020bfaee0d48@group-75FE1A793831:t1, leader=null, voted=88c0bc00-df96-4ef9-9408-bb649f6f57b6, raftlog=26faa8ae-1f6d-4682-8de1-020bfaee0d48@group-75FE1A793831-SegmentedRaftLog:OPENED:c-1, conf=-1: [88c0bc00-df96-4ef9-9408-bb649f6f57b6|rpc:10.1.0.17:36805|dataStream:|priority:0, 26faa8ae-1f6d-4682-8de1-020bfaee0d48|rpc:10.1.0.17:33181|dataStream:|priority:0, fc069e42-0ca8-466b-ae9e-376ddea5bc06|rpc:10.1.0.17:41959|dataStream:|priority:1], old=null
2022-02-12 02:11:33,701 [grpc-default-executor-4] INFO  server.RaftServer$Division (RaftServerImpl.java:requestVote(1078)) - fc069e42-0ca8-466b-ae9e-376ddea5bc06@group-75FE1A793831 replies to ELECTION vote request: 88c0bc00-df96-4ef9-9408-bb649f6f57b6<-fc069e42-0ca8-466b-ae9e-376ddea5bc06#0:FAIL-t1. Peer's state: fc069e42-0ca8-466b-ae9e-376ddea5bc06@group-75FE1A793831:t1, leader=null, voted=null, raftlog=fc069e42-0ca8-466b-ae9e-376ddea5bc06@group-75FE1A793831-SegmentedRaftLog:OPENED:c-1, conf=-1: [88c0bc00-df96-4ef9-9408-bb649f6f57b6|rpc:10.1.0.17:36805|dataStream:|priority:0, 26faa8ae-1f6d-4682-8de1-020bfaee0d48|rpc:10.1.0.17:33181|dataStream:|priority:0, fc069e42-0ca8-466b-ae9e-376ddea5bc06|rpc:10.1.0.17:41959|dataStream:|priority:1], old=null
2022-02-12 02:11:33,736 [88c0bc00-df96-4ef9-9408-bb649f6f57b6@group-75FE1A793831-LeaderElection75] INFO  impl.LeaderElection (LeaderElection.java:logAndReturn(89)) - 88c0bc00-df96-4ef9-9408-bb649f6f57b6@group-75FE1A793831-LeaderElection75: ELECTION REJECTED received 2 response(s) and 0 exception(s):
2022-02-12 02:11:33,736 [88c0bc00-df96-4ef9-9408-bb649f6f57b6@group-75FE1A793831-LeaderElection75] INFO  impl.LeaderElection (LeaderElection.java:logAndReturn(93)) -   Response 0: 88c0bc00-df96-4ef9-9408-bb649f6f57b6<-26faa8ae-1f6d-4682-8de1-020bfaee0d48#0:OK-t1
2022-02-12 02:11:33,736 [88c0bc00-df96-4ef9-9408-bb649f6f57b6@group-75FE1A793831-LeaderElection75] INFO  impl.LeaderElection (LeaderElection.java:logAndReturn(93)) -   Response 1: 88c0bc00-df96-4ef9-9408-bb649f6f57b6<-fc069e42-0ca8-466b-ae9e-376ddea5bc06#0:FAIL-t1
2022-02-12 02:11:33,736 [88c0bc00-df96-4ef9-9408-bb649f6f57b6@group-75FE1A793831-LeaderElection75] INFO  impl.LeaderElection (LeaderElection.java:askForVotes(308)) - 88c0bc00-df96-4ef9-9408-bb649f6f57b6@group-75FE1A793831-LeaderElection75 ELECTION round 0: result REJECTED
2022-02-12 02:11:33,736 [88c0bc00-df96-4ef9-9408-bb649f6f57b6@group-75FE1A793831-LeaderElection75] INFO  server.RaftServer$Division (RaftServerImpl.java:setRole(290)) - 88c0bc00-df96-4ef9-9408-bb649f6f57b6@group-75FE1A793831: changes role from CANDIDATE to FOLLOWER at term 1 for REJECTED
2022-02-12 02:11:33,736 [88c0bc00-df96-4ef9-9408-bb649f6f57b6@group-75FE1A793831-LeaderElection75] INFO  impl.RoleInfo (RoleInfo.java:shutdownLeaderElection(121)) - 88c0bc00-df96-4ef9-9408-bb649f6f57b6: shutdown 88c0bc00-df96-4ef9-9408-bb649f6f57b6@group-75FE1A793831-LeaderElection75
2022-02-12 02:11:33,736 [88c0bc00-df96-4ef9-9408-bb649f6f57b6@group-75FE1A793831-LeaderElection75] INFO  impl.RoleInfo (RoleInfo.java:updateAndGet(130)) - 88c0bc00-df96-4ef9-9408-bb649f6f57b6: start 88c0bc00-df96-4ef9-9408-bb649f6f57b6@group-75FE1A793831-FollowerState
2022-02-12 02:11:34,053 [fc069e42-0ca8-466b-ae9e-376ddea5bc06@group-CB1B8378D8A8-FollowerState] INFO  impl.FollowerState (FollowerState.java:run(134)) - fc069e42-0ca8-466b-ae9e-376ddea5bc06@group-CB1B8378D8A8-FollowerState: change to CANDIDATE, lastRpcElapsedTime:5138984390ns, electionTimeout:5128ms
2022-02-12 02:11:34,053 [fc069e42-0ca8-466b-ae9e-376ddea5bc06@group-CB1B8378D8A8-FollowerState] INFO  impl.RoleInfo (RoleInfo.java:shutdownFollowerState(108)) - fc069e42-0ca8-466b-ae9e-376ddea5bc06: shutdown fc069e42-0ca8-466b-ae9e-376ddea5bc06@group-CB1B8378D8A8-FollowerState
2022-02-12 02:11:34,053 [fc069e42-0ca8-466b-ae9e-376ddea5bc06@group-CB1B8378D8A8-FollowerState] INFO  server.RaftServer$Division (RaftServerImpl.java:setRole(290)) - fc069e42-0ca8-466b-ae9e-376ddea5bc06@group-CB1B8378D8A8: changes role from  FOLLOWER to CANDIDATE at term 0 for changeToCandidate
2022-02-12 02:11:34,053 [fc069e42-0ca8-466b-ae9e-376ddea5bc06@group-CB1B8378D8A8-FollowerState] INFO  server.RaftServerConfigKeys (ConfUtils.java:logGet(44)) - raft.server.leaderelection.pre-vote = false (custom)
2022-02-12 02:11:34,053 [fc069e42-0ca8-466b-ae9e-376ddea5bc06@group-CB1B8378D8A8-FollowerState] INFO  impl.RoleInfo (RoleInfo.java:updateAndGet(130)) - fc069e42-0ca8-466b-ae9e-376ddea5bc06: start fc069e42-0ca8-466b-ae9e-376ddea5bc06@group-CB1B8378D8A8-LeaderElection76
2022-02-12 02:11:34,053 [88c0bc00-df96-4ef9-9408-bb649f6f57b6@group-EDF8322D7AB0-FollowerState] INFO  impl.FollowerState (FollowerState.java:run(134)) - 88c0bc00-df96-4ef9-9408-bb649f6f57b6@group-EDF8322D7AB0-FollowerState: change to CANDIDATE, lastRpcElapsedTime:5124141221ns, electionTimeout:5123ms
2022-02-12 02:11:34,054 [88c0bc00-df96-4ef9-9408-bb649f6f57b6@group-EDF8322D7AB0-FollowerState] INFO  impl.RoleInfo (RoleInfo.java:shutdownFollowerState(108)) - 88c0bc00-df96-4ef9-9408-bb649f6f57b6: shutdown 88c0bc00-df96-4ef9-9408-bb649f6f57b6@group-EDF8322D7AB0-FollowerState
2022-02-12 02:11:34,054 [88c0bc00-df96-4ef9-9408-bb649f6f57b6@group-EDF8322D7AB0-FollowerState] INFO  server.RaftServer$Division (RaftServerImpl.java:setRole(290)) - 88c0bc00-df96-4ef9-9408-bb649f6f57b6@group-EDF8322D7AB0: changes role from  FOLLOWER to CANDIDATE at term 0 for changeToCandidate
2022-02-12 02:11:34,055 [88c0bc00-df96-4ef9-9408-bb649f6f57b6@group-EDF8322D7AB0-FollowerState] INFO  server.RaftServerConfigKeys (ConfUtils.java:logGet(44)) - raft.server.leaderelection.pre-vote = false (custom)
2022-02-12 02:11:34,067 [88c0bc00-df96-4ef9-9408-bb649f6f57b6@group-EDF8322D7AB0-FollowerState] INFO  impl.RoleInfo (RoleInfo.java:updateAndGet(130)) - 88c0bc00-df96-4ef9-9408-bb649f6f57b6: start 88c0bc00-df96-4ef9-9408-bb649f6f57b6@group-EDF8322D7AB0-LeaderElection77
2022-02-12 02:11:34,079 [fc069e42-0ca8-466b-ae9e-376ddea5bc06@group-EDF8322D7AB0-FollowerState] INFO  impl.FollowerState (FollowerState.java:run(134)) - fc069e42-0ca8-466b-ae9e-376ddea5bc06@group-EDF8322D7AB0-FollowerState: change to CANDIDATE, lastRpcElapsedTime:5104361860ns, electionTimeout:5099ms
2022-02-12 02:11:34,079 [fc069e42-0ca8-466b-ae9e-376ddea5bc06@group-EDF8322D7AB0-FollowerState] INFO  impl.RoleInfo (RoleInfo.java:shutdownFollowerState(108)) - fc069e42-0ca8-466b-ae9e-376ddea5bc06: shutdown fc069e42-0ca8-466b-ae9e-376ddea5bc06@group-EDF8322D7AB0-FollowerState
2022-02-12 02:11:34,079 [fc069e42-0ca8-466b-ae9e-376ddea5bc06@group-EDF8322D7AB0-FollowerState] INFO  server.RaftServer$Division (RaftServerImpl.java:setRole(290)) - fc069e42-0ca8-466b-ae9e-376ddea5bc06@group-EDF8322D7AB0: changes role from  FOLLOWER to CANDIDATE at term 0 for changeToCandidate
2022-02-12 02:11:34,079 [fc069e42-0ca8-466b-ae9e-376ddea5bc06@group-EDF8322D7AB0-FollowerState] INFO  server.RaftServerConfigKeys (ConfUtils.java:logGet(44)) - raft.server.leaderelection.pre-vote = false (custom)
2022-02-12 02:11:34,079 [fc069e42-0ca8-466b-ae9e-376ddea5bc06@group-EDF8322D7AB0-FollowerState] INFO  impl.RoleInfo (RoleInfo.java:updateAndGet(130)) - fc069e42-0ca8-466b-ae9e-376ddea5bc06: start fc069e42-0ca8-466b-ae9e-376ddea5bc06@group-EDF8322D7AB0-LeaderElection78
2022-02-12 02:11:34,101 [88c0bc00-df96-4ef9-9408-bb649f6f57b6@group-EDF8322D7AB0-LeaderElection77] INFO  impl.LeaderElection (LeaderElection.java:askForVotes(306)) - 88c0bc00-df96-4ef9-9408-bb649f6f57b6@group-EDF8322D7AB0-LeaderElection77 ELECTION round 0: submit vote requests at term 1 for -1: [88c0bc00-df96-4ef9-9408-bb649f6f57b6|rpc:10.1.0.17:36805|priority:0, 26faa8ae-1f6d-4682-8de1-020bfaee0d48|rpc:10.1.0.17:33181|priority:1, fc069e42-0ca8-466b-ae9e-376ddea5bc06|rpc:10.1.0.17:41959|priority:0], old=null
2022-02-12 02:11:34,131 [grpc-default-executor-4] INFO  server.RaftServer$Division (RaftServerImpl.java:requestVote(1046)) - 26faa8ae-1f6d-4682-8de1-020bfaee0d48@group-EDF8322D7AB0: receive requestVote(ELECTION, 88c0bc00-df96-4ef9-9408-bb649f6f57b6, group-EDF8322D7AB0, 1, (t:0, i:0))
2022-02-12 02:11:34,131 [grpc-default-executor-4] INFO  impl.VoteContext (VoteContext.java:log(48)) - 26faa8ae-1f6d-4682-8de1-020bfaee0d48@group-EDF8322D7AB0-FOLLOWER: reject ELECTION from 88c0bc00-df96-4ef9-9408-bb649f6f57b6: our priority 1 > candidate's priority 0
2022-02-12 02:11:34,131 [grpc-default-executor-4] INFO  server.RaftServer$Division (RaftServerImpl.java:setRole(290)) - 26faa8ae-1f6d-4682-8de1-020bfaee0d48@group-EDF8322D7AB0: changes role from  FOLLOWER to FOLLOWER at term 1 for candidate:88c0bc00-df96-4ef9-9408-bb649f6f57b6
2022-02-12 02:11:34,131 [grpc-default-executor-4] INFO  impl.RoleInfo (RoleInfo.java:shutdownFollowerState(108)) - 26faa8ae-1f6d-4682-8de1-020bfaee0d48: shutdown 26faa8ae-1f6d-4682-8de1-020bfaee0d48@group-EDF8322D7AB0-FollowerState
2022-02-12 02:11:34,131 [grpc-default-executor-4] INFO  impl.RoleInfo (RoleInfo.java:updateAndGet(130)) - 26faa8ae-1f6d-4682-8de1-020bfaee0d48: start 26faa8ae-1f6d-4682-8de1-020bfaee0d48@group-EDF8322D7AB0-FollowerState
2022-02-12 02:11:34,132 [26faa8ae-1f6d-4682-8de1-020bfaee0d48@group-EDF8322D7AB0-FollowerState] INFO  impl.FollowerState (FollowerState.java:run(143)) - 26faa8ae-1f6d-4682-8de1-020bfaee0d48@group-EDF8322D7AB0-FollowerState was interrupted: {}
java.lang.InterruptedException: sleep interrupted
	at java.lang.Thread.sleep(Native Method)
	at java.lang.Thread.sleep(Thread.java:340)
	at java.util.concurrent.TimeUnit.sleep(TimeUnit.java:386)
	at org.apache.ratis.util.TimeDuration.sleep(TimeDuration.java:324)
	at org.apache.ratis.util.TimeDuration.sleep(TimeDuration.java:309)
	at org.apache.ratis.server.impl.FollowerState.run(FollowerState.java:118)
2022-02-12 02:11:34,133 [grpc-default-executor-5] INFO  server.RaftServer$Division (RaftServerImpl.java:requestVote(1046)) - fc069e42-0ca8-466b-ae9e-376ddea5bc06@group-EDF8322D7AB0: receive requestVote(ELECTION, 88c0bc00-df96-4ef9-9408-bb649f6f57b6, group-EDF8322D7AB0, 1, (t:0, i:0))
2022-02-12 02:11:34,136 [grpc-default-executor-4] INFO  server.RaftServer$Division (RaftServerImpl.java:requestVote(1078)) - 26faa8ae-1f6d-4682-8de1-020bfaee0d48@group-EDF8322D7AB0 replies to ELECTION vote request: 88c0bc00-df96-4ef9-9408-bb649f6f57b6<-26faa8ae-1f6d-4682-8de1-020bfaee0d48#0:FAIL-t1. Peer's state: 26faa8ae-1f6d-4682-8de1-020bfaee0d48@group-EDF8322D7AB0:t1, leader=null, voted=null, raftlog=26faa8ae-1f6d-4682-8de1-020bfaee0d48@group-EDF8322D7AB0-SegmentedRaftLog:OPENED:c-1, conf=-1: [88c0bc00-df96-4ef9-9408-bb649f6f57b6|rpc:10.1.0.17:36805|dataStream:|priority:0, 26faa8ae-1f6d-4682-8de1-020bfaee0d48|rpc:10.1.0.17:33181|dataStream:|priority:1, fc069e42-0ca8-466b-ae9e-376ddea5bc06|rpc:10.1.0.17:41959|dataStream:|priority:0], old=null
2022-02-12 02:11:34,136 [88c0bc00-df96-4ef9-9408-bb649f6f57b6@group-EDF8322D7AB0-LeaderElection77] INFO  impl.LeaderElection (LeaderElection.java:logAndReturn(89)) - 88c0bc00-df96-4ef9-9408-bb649f6f57b6@group-EDF8322D7AB0-LeaderElection77: ELECTION REJECTED received 1 response(s) and 0 exception(s):
2022-02-12 02:11:34,136 [88c0bc00-df96-4ef9-9408-bb649f6f57b6@group-EDF8322D7AB0-LeaderElection77] INFO  impl.LeaderElection (LeaderElection.java:logAndReturn(93)) -   Response 0: 88c0bc00-df96-4ef9-9408-bb649f6f57b6<-26faa8ae-1f6d-4682-8de1-020bfaee0d48#0:FAIL-t1
2022-02-12 02:11:34,137 [88c0bc00-df96-4ef9-9408-bb649f6f57b6@group-EDF8322D7AB0-LeaderElection77] INFO  impl.LeaderElection (LeaderElection.java:askForVotes(308)) - 88c0bc00-df96-4ef9-9408-bb649f6f57b6@group-EDF8322D7AB0-LeaderElection77 ELECTION round 0: result REJECTED
2022-02-12 02:11:34,137 [88c0bc00-df96-4ef9-9408-bb649f6f57b6@group-EDF8322D7AB0-LeaderElection77] INFO  server.RaftServer$Division (RaftServerImpl.java:setRole(290)) - 88c0bc00-df96-4ef9-9408-bb649f6f57b6@group-EDF8322D7AB0: changes role from CANDIDATE to FOLLOWER at term 1 for REJECTED
2022-02-12 02:11:34,137 [88c0bc00-df96-4ef9-9408-bb649f6f57b6@group-EDF8322D7AB0-LeaderElection77] INFO  impl.RoleInfo (RoleInfo.java:shutdownLeaderElection(121)) - 88c0bc00-df96-4ef9-9408-bb649f6f57b6: shutdown 88c0bc00-df96-4ef9-9408-bb649f6f57b6@group-EDF8322D7AB0-LeaderElection77
2022-02-12 02:11:34,137 [88c0bc00-df96-4ef9-9408-bb649f6f57b6@group-EDF8322D7AB0-LeaderElection77] INFO  impl.RoleInfo (RoleInfo.java:updateAndGet(130)) - 88c0bc00-df96-4ef9-9408-bb649f6f57b6: start 88c0bc00-df96-4ef9-9408-bb649f6f57b6@group-EDF8322D7AB0-FollowerState
2022-02-12 02:11:34,140 [fc069e42-0ca8-466b-ae9e-376ddea5bc06@group-CB1B8378D8A8-LeaderElection76] INFO  impl.LeaderElection (LeaderElection.java:askForVotes(306)) - fc069e42-0ca8-466b-ae9e-376ddea5bc06@group-CB1B8378D8A8-LeaderElection76 ELECTION round 0: submit vote requests at term 1 for -1: [fc069e42-0ca8-466b-ae9e-376ddea5bc06|rpc:10.1.0.17:41959|priority:1], old=null
2022-02-12 02:11:34,143 [fc069e42-0ca8-466b-ae9e-376ddea5bc06@group-CB1B8378D8A8-LeaderElection76] INFO  impl.LeaderElection (LeaderElection.java:askForVotes(308)) - fc069e42-0ca8-466b-ae9e-376ddea5bc06@group-CB1B8378D8A8-LeaderElection76 ELECTION round 0: result PASSED (term=1)
2022-02-12 02:11:34,143 [fc069e42-0ca8-466b-ae9e-376ddea5bc06@group-CB1B8378D8A8-LeaderElection76] INFO  impl.RoleInfo (RoleInfo.java:shutdownLeaderElection(121)) - fc069e42-0ca8-466b-ae9e-376ddea5bc06: shutdown fc069e42-0ca8-466b-ae9e-376ddea5bc06@group-CB1B8378D8A8-LeaderElection76
2022-02-12 02:11:34,144 [fc069e42-0ca8-466b-ae9e-376ddea5bc06@group-CB1B8378D8A8-LeaderElection76] INFO  server.RaftServer$Division (RaftServerImpl.java:setRole(290)) - fc069e42-0ca8-466b-ae9e-376ddea5bc06@group-CB1B8378D8A8: changes role from CANDIDATE to LEADER at term 1 for changeToLeader
2022-02-12 02:11:34,144 [fc069e42-0ca8-466b-ae9e-376ddea5bc06@group-CB1B8378D8A8-LeaderElection76] INFO  ratis.XceiverServerRatis (XceiverServerRatis.java:handleLeaderChangedNotification(866)) - Leader change notification received for group: group-CB1B8378D8A8 with new leaderId: fc069e42-0ca8-466b-ae9e-376ddea5bc06
2022-02-12 02:11:34,144 [fc069e42-0ca8-466b-ae9e-376ddea5bc06@group-CB1B8378D8A8-LeaderElection76] INFO  server.RaftServer$Division (ServerState.java:setLeader(285)) - fc069e42-0ca8-466b-ae9e-376ddea5bc06@group-CB1B8378D8A8: change Leader from null to fc069e42-0ca8-466b-ae9e-376ddea5bc06 at term 1 for becomeLeader, leader elected after 5253ms
2022-02-12 02:11:34,144 [fc069e42-0ca8-466b-ae9e-376ddea5bc06@group-CB1B8378D8A8-LeaderElection76] INFO  server.RaftServerConfigKeys (ConfUtils.java:logGet(44)) - raft.server.staging.catchup.gap = 1000 (default)
2022-02-12 02:11:34,144 [fc069e42-0ca8-466b-ae9e-376ddea5bc06@group-CB1B8378D8A8-LeaderElection76] INFO  server.RaftServerConfigKeys (ConfUtils.java:logGet(44)) - raft.server.write.element-limit = 1024 (custom)
2022-02-12 02:11:34,144 [fc069e42-0ca8-466b-ae9e-376ddea5bc06@group-CB1B8378D8A8-LeaderElection76] INFO  server.RaftServerConfigKeys (ConfUtils.java:logGet(44)) - raft.server.write.byte-limit = 1024 M (=1073741824) (custom)
2022-02-12 02:11:34,144 [fc069e42-0ca8-466b-ae9e-376ddea5bc06@group-CB1B8378D8A8-LeaderElection76] INFO  server.RaftServerConfigKeys (ConfUtils.java:logGet(44)) - raft.server.watch.timeout = 180s (custom)
2022-02-12 02:11:34,145 [fc069e42-0ca8-466b-ae9e-376ddea5bc06@group-CB1B8378D8A8-LeaderElection76] INFO  server.RaftServerConfigKeys (ConfUtils.java:logGet(44)) - raft.server.watch.timeout.denomination = 1s (default)
2022-02-12 02:11:34,145 [fc069e42-0ca8-466b-ae9e-376ddea5bc06@group-CB1B8378D8A8-LeaderElection76] INFO  server.RaftServerConfigKeys (ConfUtils.java:logGet(44)) - raft.server.watch.element-limit = 65536 (default)
2022-02-12 02:11:34,145 [EventQueue-OpenPipelineForHealthyPipelineSafeModeRule] INFO  safemode.SCMSafeModeManager (HealthyPipelineSafeModeRule.java:process(124)) - SCM in safe mode. Healthy pipelines reported count is 0, required healthy pipeline reported count is 1
2022-02-12 02:11:34,146 [grpc-default-executor-5] INFO  impl.VoteContext (VoteContext.java:log(48)) - fc069e42-0ca8-466b-ae9e-376ddea5bc06@group-EDF8322D7AB0-CANDIDATE: accept ELECTION from 88c0bc00-df96-4ef9-9408-bb649f6f57b6: our priority 0 <= candidate's priority 0
2022-02-12 02:11:34,157 [grpc-default-executor-5] INFO  server.RaftServer$Division (RaftServerImpl.java:setRole(290)) - fc069e42-0ca8-466b-ae9e-376ddea5bc06@group-EDF8322D7AB0: changes role from CANDIDATE to FOLLOWER at term 1 for candidate:88c0bc00-df96-4ef9-9408-bb649f6f57b6
2022-02-12 02:11:34,157 [grpc-default-executor-5] INFO  impl.RoleInfo (RoleInfo.java:shutdownLeaderElection(121)) - fc069e42-0ca8-466b-ae9e-376ddea5bc06: shutdown fc069e42-0ca8-466b-ae9e-376ddea5bc06@group-EDF8322D7AB0-LeaderElection78
2022-02-12 02:11:34,157 [grpc-default-executor-5] INFO  impl.RoleInfo (RoleInfo.java:updateAndGet(130)) - fc069e42-0ca8-466b-ae9e-376ddea5bc06: start fc069e42-0ca8-466b-ae9e-376ddea5bc06@group-EDF8322D7AB0-FollowerState
2022-02-12 02:11:34,145 [fc069e42-0ca8-466b-ae9e-376ddea5bc06@group-CB1B8378D8A8-LeaderElection76] INFO  server.RaftServerConfigKeys (ConfUtils.java:logGet(44)) - raft.server.write.element-limit = 1024 (custom)
2022-02-12 02:11:34,160 [fc069e42-0ca8-466b-ae9e-376ddea5bc06@group-CB1B8378D8A8-LeaderElection76] INFO  server.RaftServerConfigKeys (ConfUtils.java:logGet(44)) - raft.server.write.follower.gap.ratio.max = -1.0 (default)
2022-02-12 02:11:34,160 [fc069e42-0ca8-466b-ae9e-376ddea5bc06@group-CB1B8378D8A8-LeaderElection76] INFO  impl.RoleInfo (RoleInfo.java:updateAndGet(130)) - fc069e42-0ca8-466b-ae9e-376ddea5bc06: start fc069e42-0ca8-466b-ae9e-376ddea5bc06@group-CB1B8378D8A8-LeaderStateImpl
2022-02-12 02:11:34,160 [fc069e42-0ca8-466b-ae9e-376ddea5bc06@group-CB1B8378D8A8-LeaderElection76] INFO  segmented.SegmentedRaftLogWorker (SegmentedRaftLogWorker.java:startLogSegment(394)) - fc069e42-0ca8-466b-ae9e-376ddea5bc06@group-CB1B8378D8A8-SegmentedRaftLogWorker: Starting segment from index:0
2022-02-12 02:11:34,176 [grpc-default-executor-5] INFO  server.RaftServer$Division (RaftServerImpl.java:requestVote(1078)) - fc069e42-0ca8-466b-ae9e-376ddea5bc06@group-EDF8322D7AB0 replies to ELECTION vote request: 88c0bc00-df96-4ef9-9408-bb649f6f57b6<-fc069e42-0ca8-466b-ae9e-376ddea5bc06#0:OK-t1. Peer's state: fc069e42-0ca8-466b-ae9e-376ddea5bc06@group-EDF8322D7AB0:t1, leader=null, voted=88c0bc00-df96-4ef9-9408-bb649f6f57b6, raftlog=fc069e42-0ca8-466b-ae9e-376ddea5bc06@group-EDF8322D7AB0-SegmentedRaftLog:OPENED:c-1, conf=-1: [88c0bc00-df96-4ef9-9408-bb649f6f57b6|rpc:10.1.0.17:36805|priority:0, 26faa8ae-1f6d-4682-8de1-020bfaee0d48|rpc:10.1.0.17:33181|priority:1, fc069e42-0ca8-466b-ae9e-376ddea5bc06|rpc:10.1.0.17:41959|priority:0], old=null
2022-02-12 02:11:34,180 [fc069e42-0ca8-466b-ae9e-376ddea5bc06@group-CB1B8378D8A8-SegmentedRaftLogWorker] INFO  segmented.SegmentedRaftLogWorker (SegmentedRaftLogWorker.java:execute(601)) - fc069e42-0ca8-466b-ae9e-376ddea5bc06@group-CB1B8378D8A8-SegmentedRaftLogWorker: created new log segment /home/runner/work/ozone/ozone/hadoop-ozone/integration-test/target/test-dir/MiniOzoneClusterImpl-771b091a-ebe2-4b61-867f-4639ffb893ff/datanode-1/data/ratis/ca5d2ca3-917b-45dc-8d83-cb1b8378d8a8/current/log_inprogress_0
2022-02-12 02:11:34,189 [fc069e42-0ca8-466b-ae9e-376ddea5bc06@group-CB1B8378D8A8-LeaderElection76] INFO  server.RaftServer$Division (ServerState.java:setRaftConf(387)) - fc069e42-0ca8-466b-ae9e-376ddea5bc06@group-CB1B8378D8A8: set configuration 0: [fc069e42-0ca8-466b-ae9e-376ddea5bc06|rpc:10.1.0.17:41959|dataStream:|priority:1], old=null
2022-02-12 02:11:34,238 [Listener at 127.0.0.1/44149] INFO  ozone.MiniOzoneClusterImpl (MiniOzoneClusterImpl.java:lambda$waitForClusterToBeReady$0(219)) - Nodes are ready. Got 3 of 3 DN Heartbeats.
2022-02-12 02:11:34,238 [Listener at 127.0.0.1/44149] INFO  ozone.MiniOzoneClusterImpl (MiniOzoneClusterImpl.java:lambda$waitForClusterToBeReady$0(222)) - Waiting for cluster to exit safe mode
2022-02-12 02:11:34,238 [Listener at 127.0.0.1/44149] INFO  ozone.MiniOzoneClusterImpl (MiniOzoneClusterImpl.java:lambda$waitForClusterToBeReady$0(224)) - SCM became leader
2022-02-12 02:11:34,343 [26faa8ae-1f6d-4682-8de1-020bfaee0d48@group-B69905B65F9F-FollowerState] INFO  impl.FollowerState (FollowerState.java:run(134)) - 26faa8ae-1f6d-4682-8de1-020bfaee0d48@group-B69905B65F9F-FollowerState: change to CANDIDATE, lastRpcElapsedTime:5044993065ns, electionTimeout:5044ms
2022-02-12 02:11:34,343 [26faa8ae-1f6d-4682-8de1-020bfaee0d48@group-B69905B65F9F-FollowerState] INFO  impl.RoleInfo (RoleInfo.java:shutdownFollowerState(108)) - 26faa8ae-1f6d-4682-8de1-020bfaee0d48: shutdown 26faa8ae-1f6d-4682-8de1-020bfaee0d48@group-B69905B65F9F-FollowerState
2022-02-12 02:11:34,343 [26faa8ae-1f6d-4682-8de1-020bfaee0d48@group-B69905B65F9F-FollowerState] INFO  server.RaftServer$Division (RaftServerImpl.java:setRole(290)) - 26faa8ae-1f6d-4682-8de1-020bfaee0d48@group-B69905B65F9F: changes role from  FOLLOWER to CANDIDATE at term 0 for changeToCandidate
2022-02-12 02:11:34,343 [26faa8ae-1f6d-4682-8de1-020bfaee0d48@group-B69905B65F9F-FollowerState] INFO  server.RaftServerConfigKeys (ConfUtils.java:logGet(44)) - raft.server.leaderelection.pre-vote = false (custom)
2022-02-12 02:11:34,343 [26faa8ae-1f6d-4682-8de1-020bfaee0d48@group-B69905B65F9F-FollowerState] INFO  impl.RoleInfo (RoleInfo.java:updateAndGet(130)) - 26faa8ae-1f6d-4682-8de1-020bfaee0d48: start 26faa8ae-1f6d-4682-8de1-020bfaee0d48@group-B69905B65F9F-LeaderElection79
2022-02-12 02:11:34,369 [26faa8ae-1f6d-4682-8de1-020bfaee0d48@group-B69905B65F9F-LeaderElection79] INFO  impl.LeaderElection (LeaderElection.java:askForVotes(306)) - 26faa8ae-1f6d-4682-8de1-020bfaee0d48@group-B69905B65F9F-LeaderElection79 ELECTION round 0: submit vote requests at term 1 for -1: [26faa8ae-1f6d-4682-8de1-020bfaee0d48|rpc:10.1.0.17:33181|priority:1], old=null
2022-02-12 02:11:34,370 [26faa8ae-1f6d-4682-8de1-020bfaee0d48@group-B69905B65F9F-LeaderElection79] INFO  impl.LeaderElection (LeaderElection.java:askForVotes(308)) - 26faa8ae-1f6d-4682-8de1-020bfaee0d48@group-B69905B65F9F-LeaderElection79 ELECTION round 0: result PASSED (term=1)
2022-02-12 02:11:34,370 [26faa8ae-1f6d-4682-8de1-020bfaee0d48@group-B69905B65F9F-LeaderElection79] INFO  impl.RoleInfo (RoleInfo.java:shutdownLeaderElection(121)) - 26faa8ae-1f6d-4682-8de1-020bfaee0d48: shutdown 26faa8ae-1f6d-4682-8de1-020bfaee0d48@group-B69905B65F9F-LeaderElection79
2022-02-12 02:11:34,370 [26faa8ae-1f6d-4682-8de1-020bfaee0d48@group-B69905B65F9F-LeaderElection79] INFO  server.RaftServer$Division (RaftServerImpl.java:setRole(290)) - 26faa8ae-1f6d-4682-8de1-020bfaee0d48@group-B69905B65F9F: changes role from CANDIDATE to LEADER at term 1 for changeToLeader
2022-02-12 02:11:34,370 [26faa8ae-1f6d-4682-8de1-020bfaee0d48@group-B69905B65F9F-LeaderElection79] INFO  ratis.XceiverServerRatis (XceiverServerRatis.java:handleLeaderChangedNotification(866)) - Leader change notification received for group: group-B69905B65F9F with new leaderId: 26faa8ae-1f6d-4682-8de1-020bfaee0d48
2022-02-12 02:11:34,371 [EventQueue-OpenPipelineForHealthyPipelineSafeModeRule] INFO  safemode.SCMSafeModeManager (HealthyPipelineSafeModeRule.java:process(124)) - SCM in safe mode. Healthy pipelines reported count is 0, required healthy pipeline reported count is 1
2022-02-12 02:11:34,371 [26faa8ae-1f6d-4682-8de1-020bfaee0d48@group-B69905B65F9F-LeaderElection79] INFO  server.RaftServer$Division (ServerState.java:setLeader(285)) - 26faa8ae-1f6d-4682-8de1-020bfaee0d48@group-B69905B65F9F: change Leader from null to 26faa8ae-1f6d-4682-8de1-020bfaee0d48 at term 1 for becomeLeader, leader elected after 5088ms
2022-02-12 02:11:34,371 [26faa8ae-1f6d-4682-8de1-020bfaee0d48@group-B69905B65F9F-LeaderElection79] INFO  server.RaftServerConfigKeys (ConfUtils.java:logGet(44)) - raft.server.staging.catchup.gap = 1000 (default)
2022-02-12 02:11:34,371 [26faa8ae-1f6d-4682-8de1-020bfaee0d48@group-B69905B65F9F-LeaderElection79] INFO  server.RaftServerConfigKeys (ConfUtils.java:logGet(44)) - raft.server.write.element-limit = 1024 (custom)
2022-02-12 02:11:34,371 [26faa8ae-1f6d-4682-8de1-020bfaee0d48@group-B69905B65F9F-LeaderElection79] INFO  server.RaftServerConfigKeys (ConfUtils.java:logGet(44)) - raft.server.write.byte-limit = 1024 M (=1073741824) (custom)
2022-02-12 02:11:34,372 [26faa8ae-1f6d-4682-8de1-020bfaee0d48@group-B69905B65F9F-LeaderElection79] INFO  server.RaftServerConfigKeys (ConfUtils.java:logGet(44)) - raft.server.watch.timeout = 180s (custom)
2022-02-12 02:11:34,372 [26faa8ae-1f6d-4682-8de1-020bfaee0d48@group-B69905B65F9F-LeaderElection79] INFO  server.RaftServerConfigKeys (ConfUtils.java:logGet(44)) - raft.server.watch.timeout.denomination = 1s (default)
2022-02-12 02:11:34,372 [26faa8ae-1f6d-4682-8de1-020bfaee0d48@group-B69905B65F9F-LeaderElection79] INFO  server.RaftServerConfigKeys (ConfUtils.java:logGet(44)) - raft.server.watch.element-limit = 65536 (default)
2022-02-12 02:11:34,372 [26faa8ae-1f6d-4682-8de1-020bfaee0d48@group-B69905B65F9F-LeaderElection79] INFO  server.RaftServerConfigKeys (ConfUtils.java:logGet(44)) - raft.server.write.element-limit = 1024 (custom)
2022-02-12 02:11:34,372 [26faa8ae-1f6d-4682-8de1-020bfaee0d48@group-B69905B65F9F-LeaderElection79] INFO  server.RaftServerConfigKeys (ConfUtils.java:logGet(44)) - raft.server.write.follower.gap.ratio.max = -1.0 (default)
2022-02-12 02:11:34,372 [26faa8ae-1f6d-4682-8de1-020bfaee0d48@group-B69905B65F9F-LeaderElection79] INFO  impl.RoleInfo (RoleInfo.java:updateAndGet(130)) - 26faa8ae-1f6d-4682-8de1-020bfaee0d48: start 26faa8ae-1f6d-4682-8de1-020bfaee0d48@group-B69905B65F9F-LeaderStateImpl
2022-02-12 02:11:34,373 [26faa8ae-1f6d-4682-8de1-020bfaee0d48@group-B69905B65F9F-LeaderElection79] INFO  segmented.SegmentedRaftLogWorker (SegmentedRaftLogWorker.java:startLogSegment(394)) - 26faa8ae-1f6d-4682-8de1-020bfaee0d48@group-B69905B65F9F-SegmentedRaftLogWorker: Starting segment from index:0
2022-02-12 02:11:34,377 [26faa8ae-1f6d-4682-8de1-020bfaee0d48@group-B69905B65F9F-LeaderElection79] INFO  server.RaftServer$Division (ServerState.java:setRaftConf(387)) - 26faa8ae-1f6d-4682-8de1-020bfaee0d48@group-B69905B65F9F: set configuration 0: [26faa8ae-1f6d-4682-8de1-020bfaee0d48|rpc:10.1.0.17:33181|dataStream:|priority:1], old=null
2022-02-12 02:11:34,384 [26faa8ae-1f6d-4682-8de1-020bfaee0d48@group-B69905B65F9F-SegmentedRaftLogWorker] INFO  segmented.SegmentedRaftLogWorker (SegmentedRaftLogWorker.java:execute(601)) - 26faa8ae-1f6d-4682-8de1-020bfaee0d48@group-B69905B65F9F-SegmentedRaftLogWorker: created new log segment /home/runner/work/ozone/ozone/hadoop-ozone/integration-test/target/test-dir/MiniOzoneClusterImpl-771b091a-ebe2-4b61-867f-4639ffb893ff/datanode-2/data/ratis/b797bcdf-4860-4033-a23a-b69905b65f9f/current/log_inprogress_0
2022-02-12 02:11:35,238 [Listener at 127.0.0.1/44149] INFO  ozone.MiniOzoneClusterImpl (MiniOzoneClusterImpl.java:lambda$waitForClusterToBeReady$0(219)) - Nodes are ready. Got 3 of 3 DN Heartbeats.
2022-02-12 02:11:35,239 [Listener at 127.0.0.1/44149] INFO  ozone.MiniOzoneClusterImpl (MiniOzoneClusterImpl.java:lambda$waitForClusterToBeReady$0(222)) - Waiting for cluster to exit safe mode
2022-02-12 02:11:35,239 [Listener at 127.0.0.1/44149] INFO  ozone.MiniOzoneClusterImpl (MiniOzoneClusterImpl.java:lambda$waitForClusterToBeReady$0(224)) - SCM became leader
2022-02-12 02:11:36,242 [Listener at 127.0.0.1/44149] INFO  ozone.MiniOzoneClusterImpl (MiniOzoneClusterImpl.java:lambda$waitForClusterToBeReady$0(219)) - Nodes are ready. Got 3 of 3 DN Heartbeats.
2022-02-12 02:11:36,242 [Listener at 127.0.0.1/44149] INFO  ozone.MiniOzoneClusterImpl (MiniOzoneClusterImpl.java:lambda$waitForClusterToBeReady$0(222)) - Waiting for cluster to exit safe mode
2022-02-12 02:11:36,242 [Listener at 127.0.0.1/44149] INFO  ozone.MiniOzoneClusterImpl (MiniOzoneClusterImpl.java:lambda$waitForClusterToBeReady$0(224)) - SCM became leader
2022-02-12 02:11:37,243 [Listener at 127.0.0.1/44149] INFO  ozone.MiniOzoneClusterImpl (MiniOzoneClusterImpl.java:lambda$waitForClusterToBeReady$0(219)) - Nodes are ready. Got 3 of 3 DN Heartbeats.
2022-02-12 02:11:37,243 [Listener at 127.0.0.1/44149] INFO  ozone.MiniOzoneClusterImpl (MiniOzoneClusterImpl.java:lambda$waitForClusterToBeReady$0(222)) - Waiting for cluster to exit safe mode
2022-02-12 02:11:37,243 [Listener at 127.0.0.1/44149] INFO  ozone.MiniOzoneClusterImpl (MiniOzoneClusterImpl.java:lambda$waitForClusterToBeReady$0(224)) - SCM became leader
2022-02-12 02:11:38,244 [Listener at 127.0.0.1/44149] INFO  ozone.MiniOzoneClusterImpl (MiniOzoneClusterImpl.java:lambda$waitForClusterToBeReady$0(219)) - Nodes are ready. Got 3 of 3 DN Heartbeats.
2022-02-12 02:11:38,244 [Listener at 127.0.0.1/44149] INFO  ozone.MiniOzoneClusterImpl (MiniOzoneClusterImpl.java:lambda$waitForClusterToBeReady$0(222)) - Waiting for cluster to exit safe mode
2022-02-12 02:11:38,244 [Listener at 127.0.0.1/44149] INFO  ozone.MiniOzoneClusterImpl (MiniOzoneClusterImpl.java:lambda$waitForClusterToBeReady$0(224)) - SCM became leader
2022-02-12 02:11:38,899 [88c0bc00-df96-4ef9-9408-bb649f6f57b6@group-75FE1A793831-FollowerState] INFO  impl.FollowerState (FollowerState.java:run(134)) - 88c0bc00-df96-4ef9-9408-bb649f6f57b6@group-75FE1A793831-FollowerState: change to CANDIDATE, lastRpcElapsedTime:5162900234ns, electionTimeout:5150ms
2022-02-12 02:11:38,899 [88c0bc00-df96-4ef9-9408-bb649f6f57b6@group-75FE1A793831-FollowerState] INFO  impl.RoleInfo (RoleInfo.java:shutdownFollowerState(108)) - 88c0bc00-df96-4ef9-9408-bb649f6f57b6: shutdown 88c0bc00-df96-4ef9-9408-bb649f6f57b6@group-75FE1A793831-FollowerState
2022-02-12 02:11:38,899 [88c0bc00-df96-4ef9-9408-bb649f6f57b6@group-75FE1A793831-FollowerState] INFO  server.RaftServer$Division (RaftServerImpl.java:setRole(290)) - 88c0bc00-df96-4ef9-9408-bb649f6f57b6@group-75FE1A793831: changes role from  FOLLOWER to CANDIDATE at term 1 for changeToCandidate
2022-02-12 02:11:38,899 [88c0bc00-df96-4ef9-9408-bb649f6f57b6@group-75FE1A793831-FollowerState] INFO  server.RaftServerConfigKeys (ConfUtils.java:logGet(44)) - raft.server.leaderelection.pre-vote = false (custom)
2022-02-12 02:11:38,899 [88c0bc00-df96-4ef9-9408-bb649f6f57b6@group-75FE1A793831-FollowerState] INFO  impl.RoleInfo (RoleInfo.java:updateAndGet(130)) - 88c0bc00-df96-4ef9-9408-bb649f6f57b6: start 88c0bc00-df96-4ef9-9408-bb649f6f57b6@group-75FE1A793831-LeaderElection80
2022-02-12 02:11:38,905 [26faa8ae-1f6d-4682-8de1-020bfaee0d48@group-75FE1A793831-FollowerState] INFO  impl.FollowerState (FollowerState.java:run(134)) - 26faa8ae-1f6d-4682-8de1-020bfaee0d48@group-75FE1A793831-FollowerState: change to CANDIDATE, lastRpcElapsedTime:5191229690ns, electionTimeout:5183ms
2022-02-12 02:11:38,905 [fc069e42-0ca8-466b-ae9e-376ddea5bc06@group-75FE1A793831-FollowerState] INFO  impl.FollowerState (FollowerState.java:run(134)) - fc069e42-0ca8-466b-ae9e-376ddea5bc06@group-75FE1A793831-FollowerState: change to CANDIDATE, lastRpcElapsedTime:5212865556ns, electionTimeout:5198ms
2022-02-12 02:11:38,905 [26faa8ae-1f6d-4682-8de1-020bfaee0d48@group-75FE1A793831-FollowerState] INFO  impl.RoleInfo (RoleInfo.java:shutdownFollowerState(108)) - 26faa8ae-1f6d-4682-8de1-020bfaee0d48: shutdown 26faa8ae-1f6d-4682-8de1-020bfaee0d48@group-75FE1A793831-FollowerState
2022-02-12 02:11:38,906 [26faa8ae-1f6d-4682-8de1-020bfaee0d48@group-75FE1A793831-FollowerState] INFO  server.RaftServer$Division (RaftServerImpl.java:setRole(290)) - 26faa8ae-1f6d-4682-8de1-020bfaee0d48@group-75FE1A793831: changes role from  FOLLOWER to CANDIDATE at term 1 for changeToCandidate
2022-02-12 02:11:38,906 [26faa8ae-1f6d-4682-8de1-020bfaee0d48@group-75FE1A793831-FollowerState] INFO  server.RaftServerConfigKeys (ConfUtils.java:logGet(44)) - raft.server.leaderelection.pre-vote = false (custom)
2022-02-12 02:11:38,906 [26faa8ae-1f6d-4682-8de1-020bfaee0d48@group-75FE1A793831-FollowerState] INFO  impl.RoleInfo (RoleInfo.java:updateAndGet(130)) - 26faa8ae-1f6d-4682-8de1-020bfaee0d48: start 26faa8ae-1f6d-4682-8de1-020bfaee0d48@group-75FE1A793831-LeaderElection81
2022-02-12 02:11:38,906 [fc069e42-0ca8-466b-ae9e-376ddea5bc06@group-75FE1A793831-FollowerState] INFO  impl.RoleInfo (RoleInfo.java:shutdownFollowerState(108)) - fc069e42-0ca8-466b-ae9e-376ddea5bc06: shutdown fc069e42-0ca8-466b-ae9e-376ddea5bc06@group-75FE1A793831-FollowerState
2022-02-12 02:11:38,906 [fc069e42-0ca8-466b-ae9e-376ddea5bc06@group-75FE1A793831-FollowerState] INFO  server.RaftServer$Division (RaftServerImpl.java:setRole(290)) - fc069e42-0ca8-466b-ae9e-376ddea5bc06@group-75FE1A793831: changes role from  FOLLOWER to CANDIDATE at term 1 for changeToCandidate
2022-02-12 02:11:38,906 [fc069e42-0ca8-466b-ae9e-376ddea5bc06@group-75FE1A793831-FollowerState] INFO  server.RaftServerConfigKeys (ConfUtils.java:logGet(44)) - raft.server.leaderelection.pre-vote = false (custom)
2022-02-12 02:11:38,906 [fc069e42-0ca8-466b-ae9e-376ddea5bc06@group-75FE1A793831-FollowerState] INFO  impl.RoleInfo (RoleInfo.java:updateAndGet(130)) - fc069e42-0ca8-466b-ae9e-376ddea5bc06: start fc069e42-0ca8-466b-ae9e-376ddea5bc06@group-75FE1A793831-LeaderElection82
2022-02-12 02:11:38,918 [88c0bc00-df96-4ef9-9408-bb649f6f57b6@group-75FE1A793831-LeaderElection80] INFO  impl.LeaderElection (LeaderElection.java:askForVotes(306)) - 88c0bc00-df96-4ef9-9408-bb649f6f57b6@group-75FE1A793831-LeaderElection80 ELECTION round 0: submit vote requests at term 2 for -1: [88c0bc00-df96-4ef9-9408-bb649f6f57b6|rpc:10.1.0.17:36805|priority:0, 26faa8ae-1f6d-4682-8de1-020bfaee0d48|rpc:10.1.0.17:33181|priority:0, fc069e42-0ca8-466b-ae9e-376ddea5bc06|rpc:10.1.0.17:41959|priority:1], old=null
2022-02-12 02:11:38,928 [fc069e42-0ca8-466b-ae9e-376ddea5bc06@group-75FE1A793831-LeaderElection82] INFO  impl.LeaderElection (LeaderElection.java:askForVotes(306)) - fc069e42-0ca8-466b-ae9e-376ddea5bc06@group-75FE1A793831-LeaderElection82 ELECTION round 0: submit vote requests at term 2 for -1: [88c0bc00-df96-4ef9-9408-bb649f6f57b6|rpc:10.1.0.17:36805|dataStream:|priority:0, 26faa8ae-1f6d-4682-8de1-020bfaee0d48|rpc:10.1.0.17:33181|dataStream:|priority:0, fc069e42-0ca8-466b-ae9e-376ddea5bc06|rpc:10.1.0.17:41959|dataStream:|priority:1], old=null
2022-02-12 02:11:38,930 [grpc-default-executor-5] INFO  server.RaftServer$Division (RaftServerImpl.java:requestVote(1046)) - 26faa8ae-1f6d-4682-8de1-020bfaee0d48@group-75FE1A793831: receive requestVote(ELECTION, 88c0bc00-df96-4ef9-9408-bb649f6f57b6, group-75FE1A793831, 2, (t:0, i:0))
2022-02-12 02:11:38,932 [26faa8ae-1f6d-4682-8de1-020bfaee0d48@group-75FE1A793831-LeaderElection81] INFO  impl.LeaderElection (LeaderElection.java:askForVotes(306)) - 26faa8ae-1f6d-4682-8de1-020bfaee0d48@group-75FE1A793831-LeaderElection81 ELECTION round 0: submit vote requests at term 2 for -1: [88c0bc00-df96-4ef9-9408-bb649f6f57b6|rpc:10.1.0.17:36805|dataStream:|priority:0, 26faa8ae-1f6d-4682-8de1-020bfaee0d48|rpc:10.1.0.17:33181|dataStream:|priority:0, fc069e42-0ca8-466b-ae9e-376ddea5bc06|rpc:10.1.0.17:41959|dataStream:|priority:1], old=null
2022-02-12 02:11:38,933 [grpc-default-executor-4] INFO  server.RaftServer$Division (RaftServerImpl.java:requestVote(1046)) - fc069e42-0ca8-466b-ae9e-376ddea5bc06@group-75FE1A793831: receive requestVote(ELECTION, 88c0bc00-df96-4ef9-9408-bb649f6f57b6, group-75FE1A793831, 2, (t:0, i:0))
2022-02-12 02:11:38,933 [grpc-default-executor-4] INFO  impl.VoteContext (VoteContext.java:log(48)) - fc069e42-0ca8-466b-ae9e-376ddea5bc06@group-75FE1A793831-CANDIDATE: reject ELECTION from 88c0bc00-df96-4ef9-9408-bb649f6f57b6: already has voted for fc069e42-0ca8-466b-ae9e-376ddea5bc06 at current term 2
2022-02-12 02:11:38,934 [grpc-default-executor-4] INFO  server.RaftServer$Division (RaftServerImpl.java:requestVote(1078)) - fc069e42-0ca8-466b-ae9e-376ddea5bc06@group-75FE1A793831 replies to ELECTION vote request: 88c0bc00-df96-4ef9-9408-bb649f6f57b6<-fc069e42-0ca8-466b-ae9e-376ddea5bc06#0:FAIL-t2. Peer's state: fc069e42-0ca8-466b-ae9e-376ddea5bc06@group-75FE1A793831:t2, leader=null, voted=fc069e42-0ca8-466b-ae9e-376ddea5bc06, raftlog=fc069e42-0ca8-466b-ae9e-376ddea5bc06@group-75FE1A793831-SegmentedRaftLog:OPENED:c-1, conf=-1: [88c0bc00-df96-4ef9-9408-bb649f6f57b6|rpc:10.1.0.17:36805|dataStream:|priority:0, 26faa8ae-1f6d-4682-8de1-020bfaee0d48|rpc:10.1.0.17:33181|dataStream:|priority:0, fc069e42-0ca8-466b-ae9e-376ddea5bc06|rpc:10.1.0.17:41959|dataStream:|priority:1], old=null
2022-02-12 02:11:38,940 [grpc-default-executor-5] INFO  impl.VoteContext (VoteContext.java:log(48)) - 26faa8ae-1f6d-4682-8de1-020bfaee0d48@group-75FE1A793831-CANDIDATE: reject ELECTION from 88c0bc00-df96-4ef9-9408-bb649f6f57b6: already has voted for 26faa8ae-1f6d-4682-8de1-020bfaee0d48 at current term 2
2022-02-12 02:11:38,940 [grpc-default-executor-5] INFO  server.RaftServer$Division (RaftServerImpl.java:requestVote(1078)) - 26faa8ae-1f6d-4682-8de1-020bfaee0d48@group-75FE1A793831 replies to ELECTION vote request: 88c0bc00-df96-4ef9-9408-bb649f6f57b6<-26faa8ae-1f6d-4682-8de1-020bfaee0d48#0:FAIL-t2. Peer's state: 26faa8ae-1f6d-4682-8de1-020bfaee0d48@group-75FE1A793831:t2, leader=null, voted=26faa8ae-1f6d-4682-8de1-020bfaee0d48, raftlog=26faa8ae-1f6d-4682-8de1-020bfaee0d48@group-75FE1A793831-SegmentedRaftLog:OPENED:c-1, conf=-1: [88c0bc00-df96-4ef9-9408-bb649f6f57b6|rpc:10.1.0.17:36805|dataStream:|priority:0, 26faa8ae-1f6d-4682-8de1-020bfaee0d48|rpc:10.1.0.17:33181|dataStream:|priority:0, fc069e42-0ca8-466b-ae9e-376ddea5bc06|rpc:10.1.0.17:41959|dataStream:|priority:1], old=null
2022-02-12 02:11:38,969 [88c0bc00-df96-4ef9-9408-bb649f6f57b6@group-75FE1A793831-LeaderElection80] INFO  impl.LeaderElection (LeaderElection.java:logAndReturn(89)) - 88c0bc00-df96-4ef9-9408-bb649f6f57b6@group-75FE1A793831-LeaderElection80: ELECTION REJECTED received 1 response(s) and 0 exception(s):
2022-02-12 02:11:38,969 [88c0bc00-df96-4ef9-9408-bb649f6f57b6@group-75FE1A793831-LeaderElection80] INFO  impl.LeaderElection (LeaderElection.java:logAndReturn(93)) -   Response 0: 88c0bc00-df96-4ef9-9408-bb649f6f57b6<-fc069e42-0ca8-466b-ae9e-376ddea5bc06#0:FAIL-t2
2022-02-12 02:11:38,969 [88c0bc00-df96-4ef9-9408-bb649f6f57b6@group-75FE1A793831-LeaderElection80] INFO  impl.LeaderElection (LeaderElection.java:askForVotes(308)) - 88c0bc00-df96-4ef9-9408-bb649f6f57b6@group-75FE1A793831-LeaderElection80 ELECTION round 0: result REJECTED
2022-02-12 02:11:38,969 [88c0bc00-df96-4ef9-9408-bb649f6f57b6@group-75FE1A793831-LeaderElection80] INFO  server.RaftServer$Division (RaftServerImpl.java:setRole(290)) - 88c0bc00-df96-4ef9-9408-bb649f6f57b6@group-75FE1A793831: changes role from CANDIDATE to FOLLOWER at term 2 for REJECTED
2022-02-12 02:11:38,969 [88c0bc00-df96-4ef9-9408-bb649f6f57b6@group-75FE1A793831-LeaderElection80] INFO  impl.RoleInfo (RoleInfo.java:shutdownLeaderElection(121)) - 88c0bc00-df96-4ef9-9408-bb649f6f57b6: shutdown 88c0bc00-df96-4ef9-9408-bb649f6f57b6@group-75FE1A793831-LeaderElection80
2022-02-12 02:11:38,969 [88c0bc00-df96-4ef9-9408-bb649f6f57b6@group-75FE1A793831-LeaderElection80] INFO  impl.RoleInfo (RoleInfo.java:updateAndGet(130)) - 88c0bc00-df96-4ef9-9408-bb649f6f57b6: start 88c0bc00-df96-4ef9-9408-bb649f6f57b6@group-75FE1A793831-FollowerState
2022-02-12 02:11:38,971 [grpc-default-executor-5] INFO  server.RaftServer$Division (RaftServerImpl.java:requestVote(1046)) - 88c0bc00-df96-4ef9-9408-bb649f6f57b6@group-75FE1A793831: receive requestVote(ELECTION, 26faa8ae-1f6d-4682-8de1-020bfaee0d48, group-75FE1A793831, 2, (t:0, i:0))
2022-02-12 02:11:38,971 [grpc-default-executor-5] INFO  impl.VoteContext (VoteContext.java:log(48)) - 88c0bc00-df96-4ef9-9408-bb649f6f57b6@group-75FE1A793831-FOLLOWER: reject ELECTION from 26faa8ae-1f6d-4682-8de1-020bfaee0d48: already has voted for 88c0bc00-df96-4ef9-9408-bb649f6f57b6 at current term 2
2022-02-12 02:11:38,971 [grpc-default-executor-5] INFO  server.RaftServer$Division (RaftServerImpl.java:requestVote(1078)) - 88c0bc00-df96-4ef9-9408-bb649f6f57b6@group-75FE1A793831 replies to ELECTION vote request: 26faa8ae-1f6d-4682-8de1-020bfaee0d48<-88c0bc00-df96-4ef9-9408-bb649f6f57b6#0:FAIL-t2. Peer's state: 88c0bc00-df96-4ef9-9408-bb649f6f57b6@group-75FE1A793831:t2, leader=null, voted=88c0bc00-df96-4ef9-9408-bb649f6f57b6, raftlog=88c0bc00-df96-4ef9-9408-bb649f6f57b6@group-75FE1A793831-SegmentedRaftLog:OPENED:c-1, conf=-1: [88c0bc00-df96-4ef9-9408-bb649f6f57b6|rpc:10.1.0.17:36805|priority:0, 26faa8ae-1f6d-4682-8de1-020bfaee0d48|rpc:10.1.0.17:33181|priority:0, fc069e42-0ca8-466b-ae9e-376ddea5bc06|rpc:10.1.0.17:41959|priority:1], old=null
2022-02-12 02:11:38,996 [grpc-default-executor-5] INFO  server.RaftServer$Division (RaftServerImpl.java:requestVote(1046)) - 88c0bc00-df96-4ef9-9408-bb649f6f57b6@group-75FE1A793831: receive requestVote(ELECTION, fc069e42-0ca8-466b-ae9e-376ddea5bc06, group-75FE1A793831, 2, (t:0, i:0))
2022-02-12 02:11:38,996 [grpc-default-executor-5] INFO  impl.VoteContext (VoteContext.java:log(48)) - 88c0bc00-df96-4ef9-9408-bb649f6f57b6@group-75FE1A793831-FOLLOWER: reject ELECTION from fc069e42-0ca8-466b-ae9e-376ddea5bc06: already has voted for 88c0bc00-df96-4ef9-9408-bb649f6f57b6 at current term 2
2022-02-12 02:11:38,997 [grpc-default-executor-5] INFO  server.RaftServer$Division (RaftServerImpl.java:requestVote(1078)) - 88c0bc00-df96-4ef9-9408-bb649f6f57b6@group-75FE1A793831 replies to ELECTION vote request: fc069e42-0ca8-466b-ae9e-376ddea5bc06<-88c0bc00-df96-4ef9-9408-bb649f6f57b6#0:FAIL-t2. Peer's state: 88c0bc00-df96-4ef9-9408-bb649f6f57b6@group-75FE1A793831:t2, leader=null, voted=88c0bc00-df96-4ef9-9408-bb649f6f57b6, raftlog=88c0bc00-df96-4ef9-9408-bb649f6f57b6@group-75FE1A793831-SegmentedRaftLog:OPENED:c-1, conf=-1: [88c0bc00-df96-4ef9-9408-bb649f6f57b6|rpc:10.1.0.17:36805|priority:0, 26faa8ae-1f6d-4682-8de1-020bfaee0d48|rpc:10.1.0.17:33181|priority:0, fc069e42-0ca8-466b-ae9e-376ddea5bc06|rpc:10.1.0.17:41959|priority:1], old=null
2022-02-12 02:11:39,023 [grpc-default-executor-5] INFO  server.RaftServer$Division (RaftServerImpl.java:requestVote(1046)) - 26faa8ae-1f6d-4682-8de1-020bfaee0d48@group-75FE1A793831: receive requestVote(ELECTION, fc069e42-0ca8-466b-ae9e-376ddea5bc06, group-75FE1A793831, 2, (t:0, i:0))
2022-02-12 02:11:39,023 [grpc-default-executor-5] INFO  impl.VoteContext (VoteContext.java:log(48)) - 26faa8ae-1f6d-4682-8de1-020bfaee0d48@group-75FE1A793831-CANDIDATE: reject ELECTION from fc069e42-0ca8-466b-ae9e-376ddea5bc06: already has voted for 26faa8ae-1f6d-4682-8de1-020bfaee0d48 at current term 2
2022-02-12 02:11:39,023 [grpc-default-executor-5] INFO  server.RaftServer$Division (RaftServerImpl.java:requestVote(1078)) - 26faa8ae-1f6d-4682-8de1-020bfaee0d48@group-75FE1A793831 replies to ELECTION vote request: fc069e42-0ca8-466b-ae9e-376ddea5bc06<-26faa8ae-1f6d-4682-8de1-020bfaee0d48#0:FAIL-t2. Peer's state: 26faa8ae-1f6d-4682-8de1-020bfaee0d48@group-75FE1A793831:t2, leader=null, voted=26faa8ae-1f6d-4682-8de1-020bfaee0d48, raftlog=26faa8ae-1f6d-4682-8de1-020bfaee0d48@group-75FE1A793831-SegmentedRaftLog:OPENED:c-1, conf=-1: [88c0bc00-df96-4ef9-9408-bb649f6f57b6|rpc:10.1.0.17:36805|dataStream:|priority:0, 26faa8ae-1f6d-4682-8de1-020bfaee0d48|rpc:10.1.0.17:33181|dataStream:|priority:0, fc069e42-0ca8-466b-ae9e-376ddea5bc06|rpc:10.1.0.17:41959|dataStream:|priority:1], old=null
2022-02-12 02:11:39,040 [fc069e42-0ca8-466b-ae9e-376ddea5bc06@group-75FE1A793831-LeaderElection82] INFO  impl.LeaderElection (LeaderElection.java:logAndReturn(89)) - fc069e42-0ca8-466b-ae9e-376ddea5bc06@group-75FE1A793831-LeaderElection82: ELECTION REJECTED received 2 response(s) and 0 exception(s):
2022-02-12 02:11:39,040 [fc069e42-0ca8-466b-ae9e-376ddea5bc06@group-75FE1A793831-LeaderElection82] INFO  impl.LeaderElection (LeaderElection.java:logAndReturn(93)) -   Response 0: fc069e42-0ca8-466b-ae9e-376ddea5bc06<-88c0bc00-df96-4ef9-9408-bb649f6f57b6#0:FAIL-t2
2022-02-12 02:11:39,040 [fc069e42-0ca8-466b-ae9e-376ddea5bc06@group-75FE1A793831-LeaderElection82] INFO  impl.LeaderElection (LeaderElection.java:logAndReturn(93)) -   Response 1: fc069e42-0ca8-466b-ae9e-376ddea5bc06<-26faa8ae-1f6d-4682-8de1-020bfaee0d48#0:FAIL-t2
2022-02-12 02:11:39,040 [fc069e42-0ca8-466b-ae9e-376ddea5bc06@group-75FE1A793831-LeaderElection82] INFO  impl.LeaderElection (LeaderElection.java:askForVotes(308)) - fc069e42-0ca8-466b-ae9e-376ddea5bc06@group-75FE1A793831-LeaderElection82 ELECTION round 0: result REJECTED
2022-02-12 02:11:39,040 [fc069e42-0ca8-466b-ae9e-376ddea5bc06@group-75FE1A793831-LeaderElection82] INFO  server.RaftServer$Division (RaftServerImpl.java:setRole(290)) - fc069e42-0ca8-466b-ae9e-376ddea5bc06@group-75FE1A793831: changes role from CANDIDATE to FOLLOWER at term 2 for REJECTED
2022-02-12 02:11:39,040 [fc069e42-0ca8-466b-ae9e-376ddea5bc06@group-75FE1A793831-LeaderElection82] INFO  impl.RoleInfo (RoleInfo.java:shutdownLeaderElection(121)) - fc069e42-0ca8-466b-ae9e-376ddea5bc06: shutdown fc069e42-0ca8-466b-ae9e-376ddea5bc06@group-75FE1A793831-LeaderElection82
2022-02-12 02:11:39,040 [fc069e42-0ca8-466b-ae9e-376ddea5bc06@group-75FE1A793831-LeaderElection82] INFO  impl.RoleInfo (RoleInfo.java:updateAndGet(130)) - fc069e42-0ca8-466b-ae9e-376ddea5bc06: start fc069e42-0ca8-466b-ae9e-376ddea5bc06@group-75FE1A793831-FollowerState
2022-02-12 02:11:39,062 [grpc-default-executor-4] INFO  server.RaftServer$Division (RaftServerImpl.java:requestVote(1046)) - fc069e42-0ca8-466b-ae9e-376ddea5bc06@group-75FE1A793831: receive requestVote(ELECTION, 26faa8ae-1f6d-4682-8de1-020bfaee0d48, group-75FE1A793831, 2, (t:0, i:0))
2022-02-12 02:11:39,062 [grpc-default-executor-4] INFO  impl.VoteContext (VoteContext.java:log(48)) - fc069e42-0ca8-466b-ae9e-376ddea5bc06@group-75FE1A793831-FOLLOWER: reject ELECTION from 26faa8ae-1f6d-4682-8de1-020bfaee0d48: already has voted for fc069e42-0ca8-466b-ae9e-376ddea5bc06 at current term 2
2022-02-12 02:11:39,062 [grpc-default-executor-4] INFO  server.RaftServer$Division (RaftServerImpl.java:requestVote(1078)) - fc069e42-0ca8-466b-ae9e-376ddea5bc06@group-75FE1A793831 replies to ELECTION vote request: 26faa8ae-1f6d-4682-8de1-020bfaee0d48<-fc069e42-0ca8-466b-ae9e-376ddea5bc06#0:FAIL-t2. Peer's state: fc069e42-0ca8-466b-ae9e-376ddea5bc06@group-75FE1A793831:t2, leader=null, voted=fc069e42-0ca8-466b-ae9e-376ddea5bc06, raftlog=fc069e42-0ca8-466b-ae9e-376ddea5bc06@group-75FE1A793831-SegmentedRaftLog:OPENED:c-1, conf=-1: [88c0bc00-df96-4ef9-9408-bb649f6f57b6|rpc:10.1.0.17:36805|dataStream:|priority:0, 26faa8ae-1f6d-4682-8de1-020bfaee0d48|rpc:10.1.0.17:33181|dataStream:|priority:0, fc069e42-0ca8-466b-ae9e-376ddea5bc06|rpc:10.1.0.17:41959|dataStream:|priority:1], old=null
2022-02-12 02:11:39,065 [26faa8ae-1f6d-4682-8de1-020bfaee0d48@group-75FE1A793831-LeaderElection81] INFO  impl.LeaderElection (LeaderElection.java:logAndReturn(89)) - 26faa8ae-1f6d-4682-8de1-020bfaee0d48@group-75FE1A793831-LeaderElection81: ELECTION REJECTED received 2 response(s) and 0 exception(s):
2022-02-12 02:11:39,065 [26faa8ae-1f6d-4682-8de1-020bfaee0d48@group-75FE1A793831-LeaderElection81] INFO  impl.LeaderElection (LeaderElection.java:logAndReturn(93)) -   Response 0: 26faa8ae-1f6d-4682-8de1-020bfaee0d48<-88c0bc00-df96-4ef9-9408-bb649f6f57b6#0:FAIL-t2
2022-02-12 02:11:39,065 [26faa8ae-1f6d-4682-8de1-020bfaee0d48@group-75FE1A793831-LeaderElection81] INFO  impl.LeaderElection (LeaderElection.java:logAndReturn(93)) -   Response 1: 26faa8ae-1f6d-4682-8de1-020bfaee0d48<-fc069e42-0ca8-466b-ae9e-376ddea5bc06#0:FAIL-t2
2022-02-12 02:11:39,065 [26faa8ae-1f6d-4682-8de1-020bfaee0d48@group-75FE1A793831-LeaderElection81] INFO  impl.LeaderElection (LeaderElection.java:askForVotes(308)) - 26faa8ae-1f6d-4682-8de1-020bfaee0d48@group-75FE1A793831-LeaderElection81 ELECTION round 0: result REJECTED
2022-02-12 02:11:39,065 [26faa8ae-1f6d-4682-8de1-020bfaee0d48@group-75FE1A793831-LeaderElection81] INFO  server.RaftServer$Division (RaftServerImpl.java:setRole(290)) - 26faa8ae-1f6d-4682-8de1-020bfaee0d48@group-75FE1A793831: changes role from CANDIDATE to FOLLOWER at term 2 for REJECTED
2022-02-12 02:11:39,065 [26faa8ae-1f6d-4682-8de1-020bfaee0d48@group-75FE1A793831-LeaderElection81] INFO  impl.RoleInfo (RoleInfo.java:shutdownLeaderElection(121)) - 26faa8ae-1f6d-4682-8de1-020bfaee0d48: shutdown 26faa8ae-1f6d-4682-8de1-020bfaee0d48@group-75FE1A793831-LeaderElection81
2022-02-12 02:11:39,065 [26faa8ae-1f6d-4682-8de1-020bfaee0d48@group-75FE1A793831-LeaderElection81] INFO  impl.RoleInfo (RoleInfo.java:updateAndGet(130)) - 26faa8ae-1f6d-4682-8de1-020bfaee0d48: start 26faa8ae-1f6d-4682-8de1-020bfaee0d48@group-75FE1A793831-FollowerState
2022-02-12 02:11:39,187 [88c0bc00-df96-4ef9-9408-bb649f6f57b6@group-EDF8322D7AB0-FollowerState] INFO  impl.FollowerState (FollowerState.java:run(134)) - 88c0bc00-df96-4ef9-9408-bb649f6f57b6@group-EDF8322D7AB0-FollowerState: change to CANDIDATE, lastRpcElapsedTime:5050063013ns, electionTimeout:5049ms
2022-02-12 02:11:39,187 [88c0bc00-df96-4ef9-9408-bb649f6f57b6@group-EDF8322D7AB0-FollowerState] INFO  impl.RoleInfo (RoleInfo.java:shutdownFollowerState(108)) - 88c0bc00-df96-4ef9-9408-bb649f6f57b6: shutdown 88c0bc00-df96-4ef9-9408-bb649f6f57b6@group-EDF8322D7AB0-FollowerState
2022-02-12 02:11:39,187 [88c0bc00-df96-4ef9-9408-bb649f6f57b6@group-EDF8322D7AB0-FollowerState] INFO  server.RaftServer$Division (RaftServerImpl.java:setRole(290)) - 88c0bc00-df96-4ef9-9408-bb649f6f57b6@group-EDF8322D7AB0: changes role from  FOLLOWER to CANDIDATE at term 1 for changeToCandidate
2022-02-12 02:11:39,187 [88c0bc00-df96-4ef9-9408-bb649f6f57b6@group-EDF8322D7AB0-FollowerState] INFO  server.RaftServerConfigKeys (ConfUtils.java:logGet(44)) - raft.server.leaderelection.pre-vote = false (custom)
2022-02-12 02:11:39,187 [88c0bc00-df96-4ef9-9408-bb649f6f57b6@group-EDF8322D7AB0-FollowerState] INFO  impl.RoleInfo (RoleInfo.java:updateAndGet(130)) - 88c0bc00-df96-4ef9-9408-bb649f6f57b6: start 88c0bc00-df96-4ef9-9408-bb649f6f57b6@group-EDF8322D7AB0-LeaderElection83
2022-02-12 02:11:39,194 [88c0bc00-df96-4ef9-9408-bb649f6f57b6@group-EDF8322D7AB0-LeaderElection83] INFO  impl.LeaderElection (LeaderElection.java:askForVotes(306)) - 88c0bc00-df96-4ef9-9408-bb649f6f57b6@group-EDF8322D7AB0-LeaderElection83 ELECTION round 0: submit vote requests at term 2 for -1: [88c0bc00-df96-4ef9-9408-bb649f6f57b6|rpc:10.1.0.17:36805|priority:0, 26faa8ae-1f6d-4682-8de1-020bfaee0d48|rpc:10.1.0.17:33181|priority:1, fc069e42-0ca8-466b-ae9e-376ddea5bc06|rpc:10.1.0.17:41959|priority:0], old=null
2022-02-12 02:11:39,196 [grpc-default-executor-4] INFO  server.RaftServer$Division (RaftServerImpl.java:requestVote(1046)) - 26faa8ae-1f6d-4682-8de1-020bfaee0d48@group-EDF8322D7AB0: receive requestVote(ELECTION, 88c0bc00-df96-4ef9-9408-bb649f6f57b6, group-EDF8322D7AB0, 2, (t:0, i:0))
2022-02-12 02:11:39,196 [grpc-default-executor-4] INFO  impl.VoteContext (VoteContext.java:log(48)) - 26faa8ae-1f6d-4682-8de1-020bfaee0d48@group-EDF8322D7AB0-FOLLOWER: reject ELECTION from 88c0bc00-df96-4ef9-9408-bb649f6f57b6: our priority 1 > candidate's priority 0
2022-02-12 02:11:39,196 [grpc-default-executor-4] INFO  server.RaftServer$Division (RaftServerImpl.java:setRole(290)) - 26faa8ae-1f6d-4682-8de1-020bfaee0d48@group-EDF8322D7AB0: changes role from  FOLLOWER to FOLLOWER at term 2 for candidate:88c0bc00-df96-4ef9-9408-bb649f6f57b6
2022-02-12 02:11:39,196 [grpc-default-executor-4] INFO  impl.RoleInfo (RoleInfo.java:shutdownFollowerState(108)) - 26faa8ae-1f6d-4682-8de1-020bfaee0d48: shutdown 26faa8ae-1f6d-4682-8de1-020bfaee0d48@group-EDF8322D7AB0-FollowerState
2022-02-12 02:11:39,197 [grpc-default-executor-4] INFO  impl.RoleInfo (RoleInfo.java:updateAndGet(130)) - 26faa8ae-1f6d-4682-8de1-020bfaee0d48: start 26faa8ae-1f6d-4682-8de1-020bfaee0d48@group-EDF8322D7AB0-FollowerState
2022-02-12 02:11:39,197 [26faa8ae-1f6d-4682-8de1-020bfaee0d48@group-EDF8322D7AB0-FollowerState] INFO  impl.FollowerState (FollowerState.java:run(143)) - 26faa8ae-1f6d-4682-8de1-020bfaee0d48@group-EDF8322D7AB0-FollowerState was interrupted: {}
java.lang.InterruptedException: sleep interrupted
	at java.lang.Thread.sleep(Native Method)
	at java.lang.Thread.sleep(Thread.java:340)
	at java.util.concurrent.TimeUnit.sleep(TimeUnit.java:386)
	at org.apache.ratis.util.TimeDuration.sleep(TimeDuration.java:324)
	at org.apache.ratis.util.TimeDuration.sleep(TimeDuration.java:309)
	at org.apache.ratis.server.impl.FollowerState.run(FollowerState.java:118)
2022-02-12 02:11:39,198 [grpc-default-executor-5] INFO  server.RaftServer$Division (RaftServerImpl.java:requestVote(1046)) - fc069e42-0ca8-466b-ae9e-376ddea5bc06@group-EDF8322D7AB0: receive requestVote(ELECTION, 88c0bc00-df96-4ef9-9408-bb649f6f57b6, group-EDF8322D7AB0, 2, (t:0, i:0))
2022-02-12 02:11:39,198 [grpc-default-executor-5] INFO  impl.VoteContext (VoteContext.java:log(48)) - fc069e42-0ca8-466b-ae9e-376ddea5bc06@group-EDF8322D7AB0-FOLLOWER: accept ELECTION from 88c0bc00-df96-4ef9-9408-bb649f6f57b6: our priority 0 <= candidate's priority 0
2022-02-12 02:11:39,198 [grpc-default-executor-5] INFO  server.RaftServer$Division (RaftServerImpl.java:setRole(290)) - fc069e42-0ca8-466b-ae9e-376ddea5bc06@group-EDF8322D7AB0: changes role from  FOLLOWER to FOLLOWER at term 2 for candidate:88c0bc00-df96-4ef9-9408-bb649f6f57b6
2022-02-12 02:11:39,198 [grpc-default-executor-5] INFO  impl.RoleInfo (RoleInfo.java:shutdownFollowerState(108)) - fc069e42-0ca8-466b-ae9e-376ddea5bc06: shutdown fc069e42-0ca8-466b-ae9e-376ddea5bc06@group-EDF8322D7AB0-FollowerState
2022-02-12 02:11:39,202 [grpc-default-executor-5] INFO  impl.RoleInfo (RoleInfo.java:updateAndGet(130)) - fc069e42-0ca8-466b-ae9e-376ddea5bc06: start fc069e42-0ca8-466b-ae9e-376ddea5bc06@group-EDF8322D7AB0-FollowerState
2022-02-12 02:11:39,202 [fc069e42-0ca8-466b-ae9e-376ddea5bc06@group-EDF8322D7AB0-FollowerState] INFO  impl.FollowerState (FollowerState.java:run(143)) - fc069e42-0ca8-466b-ae9e-376ddea5bc06@group-EDF8322D7AB0-FollowerState was interrupted: {}
java.lang.InterruptedException: sleep interrupted
	at java.lang.Thread.sleep(Native Method)
	at java.lang.Thread.sleep(Thread.java:340)
	at java.util.concurrent.TimeUnit.sleep(TimeUnit.java:386)
	at org.apache.ratis.util.TimeDuration.sleep(TimeDuration.java:324)
	at org.apache.ratis.util.TimeDuration.sleep(TimeDuration.java:309)
	at org.apache.ratis.server.impl.FollowerState.run(FollowerState.java:118)
2022-02-12 02:11:39,205 [grpc-default-executor-4] INFO  server.RaftServer$Division (RaftServerImpl.java:requestVote(1078)) - 26faa8ae-1f6d-4682-8de1-020bfaee0d48@group-EDF8322D7AB0 replies to ELECTION vote request: 88c0bc00-df96-4ef9-9408-bb649f6f57b6<-26faa8ae-1f6d-4682-8de1-020bfaee0d48#0:FAIL-t2. Peer's state: 26faa8ae-1f6d-4682-8de1-020bfaee0d48@group-EDF8322D7AB0:t2, leader=null, voted=null, raftlog=26faa8ae-1f6d-4682-8de1-020bfaee0d48@group-EDF8322D7AB0-SegmentedRaftLog:OPENED:c-1, conf=-1: [88c0bc00-df96-4ef9-9408-bb649f6f57b6|rpc:10.1.0.17:36805|dataStream:|priority:0, 26faa8ae-1f6d-4682-8de1-020bfaee0d48|rpc:10.1.0.17:33181|dataStream:|priority:1, fc069e42-0ca8-466b-ae9e-376ddea5bc06|rpc:10.1.0.17:41959|dataStream:|priority:0], old=null
2022-02-12 02:11:39,215 [88c0bc00-df96-4ef9-9408-bb649f6f57b6@group-EDF8322D7AB0-LeaderElection83] INFO  impl.LeaderElection (LeaderElection.java:logAndReturn(89)) - 88c0bc00-df96-4ef9-9408-bb649f6f57b6@group-EDF8322D7AB0-LeaderElection83: ELECTION REJECTED received 1 response(s) and 0 exception(s):
2022-02-12 02:11:39,215 [88c0bc00-df96-4ef9-9408-bb649f6f57b6@group-EDF8322D7AB0-LeaderElection83] INFO  impl.LeaderElection (LeaderElection.java:logAndReturn(93)) -   Response 0: 88c0bc00-df96-4ef9-9408-bb649f6f57b6<-26faa8ae-1f6d-4682-8de1-020bfaee0d48#0:FAIL-t2
2022-02-12 02:11:39,215 [88c0bc00-df96-4ef9-9408-bb649f6f57b6@group-EDF8322D7AB0-LeaderElection83] INFO  impl.LeaderElection (LeaderElection.java:askForVotes(308)) - 88c0bc00-df96-4ef9-9408-bb649f6f57b6@group-EDF8322D7AB0-LeaderElection83 ELECTION round 0: result REJECTED
2022-02-12 02:11:39,215 [88c0bc00-df96-4ef9-9408-bb649f6f57b6@group-EDF8322D7AB0-LeaderElection83] INFO  server.RaftServer$Division (RaftServerImpl.java:setRole(290)) - 88c0bc00-df96-4ef9-9408-bb649f6f57b6@group-EDF8322D7AB0: changes role from CANDIDATE to FOLLOWER at term 2 for REJECTED
2022-02-12 02:11:39,215 [88c0bc00-df96-4ef9-9408-bb649f6f57b6@group-EDF8322D7AB0-LeaderElection83] INFO  impl.RoleInfo (RoleInfo.java:shutdownLeaderElection(121)) - 88c0bc00-df96-4ef9-9408-bb649f6f57b6: shutdown 88c0bc00-df96-4ef9-9408-bb649f6f57b6@group-EDF8322D7AB0-LeaderElection83
2022-02-12 02:11:39,215 [88c0bc00-df96-4ef9-9408-bb649f6f57b6@group-EDF8322D7AB0-LeaderElection83] INFO  impl.RoleInfo (RoleInfo.java:updateAndGet(130)) - 88c0bc00-df96-4ef9-9408-bb649f6f57b6: start 88c0bc00-df96-4ef9-9408-bb649f6f57b6@group-EDF8322D7AB0-FollowerState
2022-02-12 02:11:39,219 [grpc-default-executor-5] INFO  server.RaftServer$Division (RaftServerImpl.java:requestVote(1078)) - fc069e42-0ca8-466b-ae9e-376ddea5bc06@group-EDF8322D7AB0 replies to ELECTION vote request: 88c0bc00-df96-4ef9-9408-bb649f6f57b6<-fc069e42-0ca8-466b-ae9e-376ddea5bc06#0:OK-t2. Peer's state: fc069e42-0ca8-466b-ae9e-376ddea5bc06@group-EDF8322D7AB0:t2, leader=null, voted=88c0bc00-df96-4ef9-9408-bb649f6f57b6, raftlog=fc069e42-0ca8-466b-ae9e-376ddea5bc06@group-EDF8322D7AB0-SegmentedRaftLog:OPENED:c-1, conf=-1: [88c0bc00-df96-4ef9-9408-bb649f6f57b6|rpc:10.1.0.17:36805|priority:0, 26faa8ae-1f6d-4682-8de1-020bfaee0d48|rpc:10.1.0.17:33181|priority:1, fc069e42-0ca8-466b-ae9e-376ddea5bc06|rpc:10.1.0.17:41959|priority:0], old=null
2022-02-12 02:11:39,244 [Listener at 127.0.0.1/44149] INFO  ozone.MiniOzoneClusterImpl (MiniOzoneClusterImpl.java:lambda$waitForClusterToBeReady$0(219)) - Nodes are ready. Got 3 of 3 DN Heartbeats.
2022-02-12 02:11:39,244 [Listener at 127.0.0.1/44149] INFO  ozone.MiniOzoneClusterImpl (MiniOzoneClusterImpl.java:lambda$waitForClusterToBeReady$0(222)) - Waiting for cluster to exit safe mode
2022-02-12 02:11:39,244 [Listener at 127.0.0.1/44149] INFO  ozone.MiniOzoneClusterImpl (MiniOzoneClusterImpl.java:lambda$waitForClusterToBeReady$0(224)) - SCM became leader
2022-02-12 02:11:40,245 [Listener at 127.0.0.1/44149] INFO  ozone.MiniOzoneClusterImpl (MiniOzoneClusterImpl.java:lambda$waitForClusterToBeReady$0(219)) - Nodes are ready. Got 3 of 3 DN Heartbeats.
2022-02-12 02:11:40,245 [Listener at 127.0.0.1/44149] INFO  ozone.MiniOzoneClusterImpl (MiniOzoneClusterImpl.java:lambda$waitForClusterToBeReady$0(222)) - Waiting for cluster to exit safe mode
2022-02-12 02:11:40,245 [Listener at 127.0.0.1/44149] INFO  ozone.MiniOzoneClusterImpl (MiniOzoneClusterImpl.java:lambda$waitForClusterToBeReady$0(224)) - SCM became leader
2022-02-12 02:11:41,247 [Listener at 127.0.0.1/44149] INFO  ozone.MiniOzoneClusterImpl (MiniOzoneClusterImpl.java:lambda$waitForClusterToBeReady$0(219)) - Nodes are ready. Got 3 of 3 DN Heartbeats.
2022-02-12 02:11:41,247 [Listener at 127.0.0.1/44149] INFO  ozone.MiniOzoneClusterImpl (MiniOzoneClusterImpl.java:lambda$waitForClusterToBeReady$0(222)) - Waiting for cluster to exit safe mode
2022-02-12 02:11:41,247 [Listener at 127.0.0.1/44149] INFO  ozone.MiniOzoneClusterImpl (MiniOzoneClusterImpl.java:lambda$waitForClusterToBeReady$0(224)) - SCM became leader
2022-02-12 02:11:42,252 [Listener at 127.0.0.1/44149] INFO  ozone.MiniOzoneClusterImpl (MiniOzoneClusterImpl.java:lambda$waitForClusterToBeReady$0(219)) - Nodes are ready. Got 3 of 3 DN Heartbeats.
2022-02-12 02:11:42,252 [Listener at 127.0.0.1/44149] INFO  ozone.MiniOzoneClusterImpl (MiniOzoneClusterImpl.java:lambda$waitForClusterToBeReady$0(222)) - Waiting for cluster to exit safe mode
2022-02-12 02:11:42,252 [Listener at 127.0.0.1/44149] INFO  ozone.MiniOzoneClusterImpl (MiniOzoneClusterImpl.java:lambda$waitForClusterToBeReady$0(224)) - SCM became leader
2022-02-12 02:11:43,253 [Listener at 127.0.0.1/44149] INFO  ozone.MiniOzoneClusterImpl (MiniOzoneClusterImpl.java:lambda$waitForClusterToBeReady$0(219)) - Nodes are ready. Got 3 of 3 DN Heartbeats.
2022-02-12 02:11:43,253 [Listener at 127.0.0.1/44149] INFO  ozone.MiniOzoneClusterImpl (MiniOzoneClusterImpl.java:lambda$waitForClusterToBeReady$0(222)) - Waiting for cluster to exit safe mode
2022-02-12 02:11:43,253 [Listener at 127.0.0.1/44149] INFO  ozone.MiniOzoneClusterImpl (MiniOzoneClusterImpl.java:lambda$waitForClusterToBeReady$0(224)) - SCM became leader
2022-02-12 02:11:44,028 [88c0bc00-df96-4ef9-9408-bb649f6f57b6@group-75FE1A793831-FollowerState] INFO  impl.FollowerState (FollowerState.java:run(134)) - 88c0bc00-df96-4ef9-9408-bb649f6f57b6@group-75FE1A793831-FollowerState: change to CANDIDATE, lastRpcElapsedTime:5058573766ns, electionTimeout:5016ms
2022-02-12 02:11:44,028 [88c0bc00-df96-4ef9-9408-bb649f6f57b6@group-75FE1A793831-FollowerState] INFO  impl.RoleInfo (RoleInfo.java:shutdownFollowerState(108)) - 88c0bc00-df96-4ef9-9408-bb649f6f57b6: shutdown 88c0bc00-df96-4ef9-9408-bb649f6f57b6@group-75FE1A793831-FollowerState
2022-02-12 02:11:44,028 [88c0bc00-df96-4ef9-9408-bb649f6f57b6@group-75FE1A793831-FollowerState] INFO  server.RaftServer$Division (RaftServerImpl.java:setRole(290)) - 88c0bc00-df96-4ef9-9408-bb649f6f57b6@group-75FE1A793831: changes role from  FOLLOWER to CANDIDATE at term 2 for changeToCandidate
2022-02-12 02:11:44,028 [88c0bc00-df96-4ef9-9408-bb649f6f57b6@group-75FE1A793831-FollowerState] INFO  server.RaftServerConfigKeys (ConfUtils.java:logGet(44)) - raft.server.leaderelection.pre-vote = false (custom)
2022-02-12 02:11:44,028 [88c0bc00-df96-4ef9-9408-bb649f6f57b6@group-75FE1A793831-FollowerState] INFO  impl.RoleInfo (RoleInfo.java:updateAndGet(130)) - 88c0bc00-df96-4ef9-9408-bb649f6f57b6: start 88c0bc00-df96-4ef9-9408-bb649f6f57b6@group-75FE1A793831-LeaderElection84
2022-02-12 02:11:44,052 [88c0bc00-df96-4ef9-9408-bb649f6f57b6@group-75FE1A793831-LeaderElection84] INFO  impl.LeaderElection (LeaderElection.java:askForVotes(306)) - 88c0bc00-df96-4ef9-9408-bb649f6f57b6@group-75FE1A793831-LeaderElection84 ELECTION round 0: submit vote requests at term 3 for -1: [88c0bc00-df96-4ef9-9408-bb649f6f57b6|rpc:10.1.0.17:36805|priority:0, 26faa8ae-1f6d-4682-8de1-020bfaee0d48|rpc:10.1.0.17:33181|priority:0, fc069e42-0ca8-466b-ae9e-376ddea5bc06|rpc:10.1.0.17:41959|priority:1], old=null
2022-02-12 02:11:44,055 [grpc-default-executor-5] INFO  server.RaftServer$Division (RaftServerImpl.java:requestVote(1046)) - 26faa8ae-1f6d-4682-8de1-020bfaee0d48@group-75FE1A793831: receive requestVote(ELECTION, 88c0bc00-df96-4ef9-9408-bb649f6f57b6, group-75FE1A793831, 3, (t:0, i:0))
2022-02-12 02:11:44,055 [grpc-default-executor-5] INFO  impl.VoteContext (VoteContext.java:log(48)) - 26faa8ae-1f6d-4682-8de1-020bfaee0d48@group-75FE1A793831-FOLLOWER: accept ELECTION from 88c0bc00-df96-4ef9-9408-bb649f6f57b6: our priority 0 <= candidate's priority 0
2022-02-12 02:11:44,056 [grpc-default-executor-5] INFO  server.RaftServer$Division (RaftServerImpl.java:setRole(290)) - 26faa8ae-1f6d-4682-8de1-020bfaee0d48@group-75FE1A793831: changes role from  FOLLOWER to FOLLOWER at term 3 for candidate:88c0bc00-df96-4ef9-9408-bb649f6f57b6
2022-02-12 02:11:44,056 [grpc-default-executor-5] INFO  impl.RoleInfo (RoleInfo.java:shutdownFollowerState(108)) - 26faa8ae-1f6d-4682-8de1-020bfaee0d48: shutdown 26faa8ae-1f6d-4682-8de1-020bfaee0d48@group-75FE1A793831-FollowerState
2022-02-12 02:11:44,058 [grpc-default-executor-5] INFO  impl.RoleInfo (RoleInfo.java:updateAndGet(130)) - 26faa8ae-1f6d-4682-8de1-020bfaee0d48: start 26faa8ae-1f6d-4682-8de1-020bfaee0d48@group-75FE1A793831-FollowerState
2022-02-12 02:11:44,058 [26faa8ae-1f6d-4682-8de1-020bfaee0d48@group-75FE1A793831-FollowerState] INFO  impl.FollowerState (FollowerState.java:run(143)) - 26faa8ae-1f6d-4682-8de1-020bfaee0d48@group-75FE1A793831-FollowerState was interrupted: {}
java.lang.InterruptedException: sleep interrupted
	at java.lang.Thread.sleep(Native Method)
	at java.lang.Thread.sleep(Thread.java:340)
	at java.util.concurrent.TimeUnit.sleep(TimeUnit.java:386)
	at org.apache.ratis.util.TimeDuration.sleep(TimeDuration.java:324)
	at org.apache.ratis.util.TimeDuration.sleep(TimeDuration.java:309)
	at org.apache.ratis.server.impl.FollowerState.run(FollowerState.java:118)
2022-02-12 02:11:44,065 [grpc-default-executor-4] INFO  server.RaftServer$Division (RaftServerImpl.java:requestVote(1046)) - fc069e42-0ca8-466b-ae9e-376ddea5bc06@group-75FE1A793831: receive requestVote(ELECTION, 88c0bc00-df96-4ef9-9408-bb649f6f57b6, group-75FE1A793831, 3, (t:0, i:0))
2022-02-12 02:11:44,065 [grpc-default-executor-4] INFO  impl.VoteContext (VoteContext.java:log(48)) - fc069e42-0ca8-466b-ae9e-376ddea5bc06@group-75FE1A793831-FOLLOWER: reject ELECTION from 88c0bc00-df96-4ef9-9408-bb649f6f57b6: our priority 1 > candidate's priority 0
2022-02-12 02:11:44,065 [grpc-default-executor-4] INFO  server.RaftServer$Division (RaftServerImpl.java:setRole(290)) - fc069e42-0ca8-466b-ae9e-376ddea5bc06@group-75FE1A793831: changes role from  FOLLOWER to FOLLOWER at term 3 for candidate:88c0bc00-df96-4ef9-9408-bb649f6f57b6
2022-02-12 02:11:44,065 [grpc-default-executor-4] INFO  impl.RoleInfo (RoleInfo.java:shutdownFollowerState(108)) - fc069e42-0ca8-466b-ae9e-376ddea5bc06: shutdown fc069e42-0ca8-466b-ae9e-376ddea5bc06@group-75FE1A793831-FollowerState
2022-02-12 02:11:44,067 [grpc-default-executor-5] INFO  server.RaftServer$Division (RaftServerImpl.java:requestVote(1078)) - 26faa8ae-1f6d-4682-8de1-020bfaee0d48@group-75FE1A793831 replies to ELECTION vote request: 88c0bc00-df96-4ef9-9408-bb649f6f57b6<-26faa8ae-1f6d-4682-8de1-020bfaee0d48#0:OK-t3. Peer's state: 26faa8ae-1f6d-4682-8de1-020bfaee0d48@group-75FE1A793831:t3, leader=null, voted=88c0bc00-df96-4ef9-9408-bb649f6f57b6, raftlog=26faa8ae-1f6d-4682-8de1-020bfaee0d48@group-75FE1A793831-SegmentedRaftLog:OPENED:c-1, conf=-1: [88c0bc00-df96-4ef9-9408-bb649f6f57b6|rpc:10.1.0.17:36805|dataStream:|priority:0, 26faa8ae-1f6d-4682-8de1-020bfaee0d48|rpc:10.1.0.17:33181|dataStream:|priority:0, fc069e42-0ca8-466b-ae9e-376ddea5bc06|rpc:10.1.0.17:41959|dataStream:|priority:1], old=null
2022-02-12 02:11:44,067 [grpc-default-executor-4] INFO  impl.RoleInfo (RoleInfo.java:updateAndGet(130)) - fc069e42-0ca8-466b-ae9e-376ddea5bc06: start fc069e42-0ca8-466b-ae9e-376ddea5bc06@group-75FE1A793831-FollowerState
2022-02-12 02:11:44,079 [grpc-default-executor-4] INFO  server.RaftServer$Division (RaftServerImpl.java:requestVote(1078)) - fc069e42-0ca8-466b-ae9e-376ddea5bc06@group-75FE1A793831 replies to ELECTION vote request: 88c0bc00-df96-4ef9-9408-bb649f6f57b6<-fc069e42-0ca8-466b-ae9e-376ddea5bc06#0:FAIL-t3. Peer's state: fc069e42-0ca8-466b-ae9e-376ddea5bc06@group-75FE1A793831:t3, leader=null, voted=null, raftlog=fc069e42-0ca8-466b-ae9e-376ddea5bc06@group-75FE1A793831-SegmentedRaftLog:OPENED:c-1, conf=-1: [88c0bc00-df96-4ef9-9408-bb649f6f57b6|rpc:10.1.0.17:36805|dataStream:|priority:0, 26faa8ae-1f6d-4682-8de1-020bfaee0d48|rpc:10.1.0.17:33181|dataStream:|priority:0, fc069e42-0ca8-466b-ae9e-376ddea5bc06|rpc:10.1.0.17:41959|dataStream:|priority:1], old=null
2022-02-12 02:11:44,097 [fc069e42-0ca8-466b-ae9e-376ddea5bc06@group-75FE1A793831-FollowerState] INFO  impl.FollowerState (FollowerState.java:run(143)) - fc069e42-0ca8-466b-ae9e-376ddea5bc06@group-75FE1A793831-FollowerState was interrupted: {}
java.lang.InterruptedException: sleep interrupted
	at java.lang.Thread.sleep(Native Method)
	at java.lang.Thread.sleep(Thread.java:340)
	at java.util.concurrent.TimeUnit.sleep(TimeUnit.java:386)
	at org.apache.ratis.util.TimeDuration.sleep(TimeDuration.java:324)
	at org.apache.ratis.util.TimeDuration.sleep(TimeDuration.java:309)
	at org.apache.ratis.server.impl.FollowerState.run(FollowerState.java:118)
2022-02-12 02:11:44,121 [88c0bc00-df96-4ef9-9408-bb649f6f57b6@group-75FE1A793831-LeaderElection84] INFO  impl.LeaderElection (LeaderElection.java:logAndReturn(89)) - 88c0bc00-df96-4ef9-9408-bb649f6f57b6@group-75FE1A793831-LeaderElection84: ELECTION REJECTED received 1 response(s) and 0 exception(s):
2022-02-12 02:11:44,121 [88c0bc00-df96-4ef9-9408-bb649f6f57b6@group-75FE1A793831-LeaderElection84] INFO  impl.LeaderElection (LeaderElection.java:logAndReturn(93)) -   Response 0: 88c0bc00-df96-4ef9-9408-bb649f6f57b6<-fc069e42-0ca8-466b-ae9e-376ddea5bc06#0:FAIL-t3
2022-02-12 02:11:44,121 [88c0bc00-df96-4ef9-9408-bb649f6f57b6@group-75FE1A793831-LeaderElection84] INFO  impl.LeaderElection (LeaderElection.java:askForVotes(308)) - 88c0bc00-df96-4ef9-9408-bb649f6f57b6@group-75FE1A793831-LeaderElection84 ELECTION round 0: result REJECTED
2022-02-12 02:11:44,121 [88c0bc00-df96-4ef9-9408-bb649f6f57b6@group-75FE1A793831-LeaderElection84] INFO  server.RaftServer$Division (RaftServerImpl.java:setRole(290)) - 88c0bc00-df96-4ef9-9408-bb649f6f57b6@group-75FE1A793831: changes role from CANDIDATE to FOLLOWER at term 3 for REJECTED
2022-02-12 02:11:44,121 [88c0bc00-df96-4ef9-9408-bb649f6f57b6@group-75FE1A793831-LeaderElection84] INFO  impl.RoleInfo (RoleInfo.java:shutdownLeaderElection(121)) - 88c0bc00-df96-4ef9-9408-bb649f6f57b6: shutdown 88c0bc00-df96-4ef9-9408-bb649f6f57b6@group-75FE1A793831-LeaderElection84
2022-02-12 02:11:44,121 [88c0bc00-df96-4ef9-9408-bb649f6f57b6@group-75FE1A793831-LeaderElection84] INFO  impl.RoleInfo (RoleInfo.java:updateAndGet(130)) - 88c0bc00-df96-4ef9-9408-bb649f6f57b6: start 88c0bc00-df96-4ef9-9408-bb649f6f57b6@group-75FE1A793831-FollowerState
2022-02-12 02:11:44,232 [26faa8ae-1f6d-4682-8de1-020bfaee0d48@group-EDF8322D7AB0-FollowerState] INFO  impl.FollowerState (FollowerState.java:run(134)) - 26faa8ae-1f6d-4682-8de1-020bfaee0d48@group-EDF8322D7AB0-FollowerState: change to CANDIDATE, lastRpcElapsedTime:5035234788ns, electionTimeout:5017ms
2022-02-12 02:11:44,232 [26faa8ae-1f6d-4682-8de1-020bfaee0d48@group-EDF8322D7AB0-FollowerState] INFO  impl.RoleInfo (RoleInfo.java:shutdownFollowerState(108)) - 26faa8ae-1f6d-4682-8de1-020bfaee0d48: shutdown 26faa8ae-1f6d-4682-8de1-020bfaee0d48@group-EDF8322D7AB0-FollowerState
2022-02-12 02:11:44,232 [26faa8ae-1f6d-4682-8de1-020bfaee0d48@group-EDF8322D7AB0-FollowerState] INFO  server.RaftServer$Division (RaftServerImpl.java:setRole(290)) - 26faa8ae-1f6d-4682-8de1-020bfaee0d48@group-EDF8322D7AB0: changes role from  FOLLOWER to CANDIDATE at term 2 for changeToCandidate
2022-02-12 02:11:44,232 [26faa8ae-1f6d-4682-8de1-020bfaee0d48@group-EDF8322D7AB0-FollowerState] INFO  server.RaftServerConfigKeys (ConfUtils.java:logGet(44)) - raft.server.leaderelection.pre-vote = false (custom)
2022-02-12 02:11:44,232 [26faa8ae-1f6d-4682-8de1-020bfaee0d48@group-EDF8322D7AB0-FollowerState] INFO  impl.RoleInfo (RoleInfo.java:updateAndGet(130)) - 26faa8ae-1f6d-4682-8de1-020bfaee0d48: start 26faa8ae-1f6d-4682-8de1-020bfaee0d48@group-EDF8322D7AB0-LeaderElection85
2022-02-12 02:11:44,250 [26faa8ae-1f6d-4682-8de1-020bfaee0d48@group-EDF8322D7AB0-LeaderElection85] INFO  impl.LeaderElection (LeaderElection.java:askForVotes(306)) - 26faa8ae-1f6d-4682-8de1-020bfaee0d48@group-EDF8322D7AB0-LeaderElection85 ELECTION round 0: submit vote requests at term 3 for -1: [88c0bc00-df96-4ef9-9408-bb649f6f57b6|rpc:10.1.0.17:36805|dataStream:|priority:0, 26faa8ae-1f6d-4682-8de1-020bfaee0d48|rpc:10.1.0.17:33181|dataStream:|priority:1, fc069e42-0ca8-466b-ae9e-376ddea5bc06|rpc:10.1.0.17:41959|dataStream:|priority:0], old=null
2022-02-12 02:11:44,253 [Listener at 127.0.0.1/44149] INFO  ozone.MiniOzoneClusterImpl (MiniOzoneClusterImpl.java:lambda$waitForClusterToBeReady$0(219)) - Nodes are ready. Got 3 of 3 DN Heartbeats.
2022-02-12 02:11:44,253 [Listener at 127.0.0.1/44149] INFO  ozone.MiniOzoneClusterImpl (MiniOzoneClusterImpl.java:lambda$waitForClusterToBeReady$0(222)) - Waiting for cluster to exit safe mode
2022-02-12 02:11:44,253 [Listener at 127.0.0.1/44149] INFO  ozone.MiniOzoneClusterImpl (MiniOzoneClusterImpl.java:lambda$waitForClusterToBeReady$0(224)) - SCM became leader
2022-02-12 02:11:44,255 [grpc-default-executor-4] INFO  server.RaftServer$Division (RaftServerImpl.java:requestVote(1046)) - 88c0bc00-df96-4ef9-9408-bb649f6f57b6@group-EDF8322D7AB0: receive requestVote(ELECTION, 26faa8ae-1f6d-4682-8de1-020bfaee0d48, group-EDF8322D7AB0, 3, (t:0, i:0))
2022-02-12 02:11:44,256 [grpc-default-executor-4] INFO  impl.VoteContext (VoteContext.java:log(48)) - 88c0bc00-df96-4ef9-9408-bb649f6f57b6@group-EDF8322D7AB0-FOLLOWER: accept ELECTION from 26faa8ae-1f6d-4682-8de1-020bfaee0d48: our priority 0 <= candidate's priority 1
2022-02-12 02:11:44,256 [grpc-default-executor-4] INFO  server.RaftServer$Division (RaftServerImpl.java:setRole(290)) - 88c0bc00-df96-4ef9-9408-bb649f6f57b6@group-EDF8322D7AB0: changes role from  FOLLOWER to FOLLOWER at term 3 for candidate:26faa8ae-1f6d-4682-8de1-020bfaee0d48
2022-02-12 02:11:44,256 [grpc-default-executor-4] INFO  impl.RoleInfo (RoleInfo.java:shutdownFollowerState(108)) - 88c0bc00-df96-4ef9-9408-bb649f6f57b6: shutdown 88c0bc00-df96-4ef9-9408-bb649f6f57b6@group-EDF8322D7AB0-FollowerState
2022-02-12 02:11:44,260 [88c0bc00-df96-4ef9-9408-bb649f6f57b6@group-EDF8322D7AB0-FollowerState] INFO  impl.FollowerState (FollowerState.java:run(127)) - 88c0bc00-df96-4ef9-9408-bb649f6f57b6@group-EDF8322D7AB0-FollowerState: Stopping now (isRunning? false, isFollower? true)
2022-02-12 02:11:44,269 [grpc-default-executor-4] INFO  impl.RoleInfo (RoleInfo.java:updateAndGet(130)) - 88c0bc00-df96-4ef9-9408-bb649f6f57b6: start 88c0bc00-df96-4ef9-9408-bb649f6f57b6@group-EDF8322D7AB0-FollowerState
2022-02-12 02:11:44,272 [grpc-default-executor-4] INFO  server.RaftServer$Division (RaftServerImpl.java:requestVote(1078)) - 88c0bc00-df96-4ef9-9408-bb649f6f57b6@group-EDF8322D7AB0 replies to ELECTION vote request: 26faa8ae-1f6d-4682-8de1-020bfaee0d48<-88c0bc00-df96-4ef9-9408-bb649f6f57b6#0:OK-t3. Peer's state: 88c0bc00-df96-4ef9-9408-bb649f6f57b6@group-EDF8322D7AB0:t3, leader=null, voted=26faa8ae-1f6d-4682-8de1-020bfaee0d48, raftlog=88c0bc00-df96-4ef9-9408-bb649f6f57b6@group-EDF8322D7AB0-SegmentedRaftLog:OPENED:c-1, conf=-1: [88c0bc00-df96-4ef9-9408-bb649f6f57b6|rpc:10.1.0.17:36805|priority:0, 26faa8ae-1f6d-4682-8de1-020bfaee0d48|rpc:10.1.0.17:33181|priority:1, fc069e42-0ca8-466b-ae9e-376ddea5bc06|rpc:10.1.0.17:41959|priority:0], old=null
2022-02-12 02:11:44,280 [26faa8ae-1f6d-4682-8de1-020bfaee0d48@group-EDF8322D7AB0-LeaderElection85] INFO  impl.LeaderElection (LeaderElection.java:logAndReturn(89)) - 26faa8ae-1f6d-4682-8de1-020bfaee0d48@group-EDF8322D7AB0-LeaderElection85: ELECTION PASSED received 1 response(s) and 0 exception(s):
2022-02-12 02:11:44,280 [26faa8ae-1f6d-4682-8de1-020bfaee0d48@group-EDF8322D7AB0-LeaderElection85] INFO  impl.LeaderElection (LeaderElection.java:logAndReturn(93)) -   Response 0: 26faa8ae-1f6d-4682-8de1-020bfaee0d48<-88c0bc00-df96-4ef9-9408-bb649f6f57b6#0:OK-t3
2022-02-12 02:11:44,280 [26faa8ae-1f6d-4682-8de1-020bfaee0d48@group-EDF8322D7AB0-LeaderElection85] INFO  impl.LeaderElection (LeaderElection.java:askForVotes(308)) - 26faa8ae-1f6d-4682-8de1-020bfaee0d48@group-EDF8322D7AB0-LeaderElection85 ELECTION round 0: result PASSED
2022-02-12 02:11:44,280 [26faa8ae-1f6d-4682-8de1-020bfaee0d48@group-EDF8322D7AB0-LeaderElection85] INFO  impl.RoleInfo (RoleInfo.java:shutdownLeaderElection(121)) - 26faa8ae-1f6d-4682-8de1-020bfaee0d48: shutdown 26faa8ae-1f6d-4682-8de1-020bfaee0d48@group-EDF8322D7AB0-LeaderElection85
2022-02-12 02:11:44,280 [26faa8ae-1f6d-4682-8de1-020bfaee0d48@group-EDF8322D7AB0-LeaderElection85] INFO  server.RaftServer$Division (RaftServerImpl.java:setRole(290)) - 26faa8ae-1f6d-4682-8de1-020bfaee0d48@group-EDF8322D7AB0: changes role from CANDIDATE to LEADER at term 3 for changeToLeader
2022-02-12 02:11:44,280 [26faa8ae-1f6d-4682-8de1-020bfaee0d48@group-EDF8322D7AB0-LeaderElection85] INFO  ratis.XceiverServerRatis (XceiverServerRatis.java:handleLeaderChangedNotification(866)) - Leader change notification received for group: group-EDF8322D7AB0 with new leaderId: 26faa8ae-1f6d-4682-8de1-020bfaee0d48
2022-02-12 02:11:44,281 [26faa8ae-1f6d-4682-8de1-020bfaee0d48@group-EDF8322D7AB0-LeaderElection85] INFO  server.RaftServer$Division (ServerState.java:setLeader(285)) - 26faa8ae-1f6d-4682-8de1-020bfaee0d48@group-EDF8322D7AB0: change Leader from null to 26faa8ae-1f6d-4682-8de1-020bfaee0d48 at term 3 for becomeLeader, leader elected after 15238ms
2022-02-12 02:11:44,281 [26faa8ae-1f6d-4682-8de1-020bfaee0d48@group-EDF8322D7AB0-LeaderElection85] INFO  server.RaftServerConfigKeys (ConfUtils.java:logGet(44)) - raft.server.staging.catchup.gap = 1000 (default)
2022-02-12 02:11:44,283 [26faa8ae-1f6d-4682-8de1-020bfaee0d48@group-EDF8322D7AB0-LeaderElection85] INFO  server.RaftServerConfigKeys (ConfUtils.java:logGet(44)) - raft.server.write.element-limit = 1024 (custom)
2022-02-12 02:11:44,283 [26faa8ae-1f6d-4682-8de1-020bfaee0d48@group-EDF8322D7AB0-LeaderElection85] INFO  server.RaftServerConfigKeys (ConfUtils.java:logGet(44)) - raft.server.write.byte-limit = 1024 M (=1073741824) (custom)
2022-02-12 02:11:44,283 [EventQueue-PipelineReportForPipelineReportHandler] INFO  pipeline.PipelineManagerImpl (PipelineManagerImpl.java:openPipeline(291)) - Pipeline Pipeline[ Id: 924bab32-8d90-48e8-9b66-edf8322d7ab0, Nodes: fc069e42-0ca8-466b-ae9e-376ddea5bc06{ip: 10.1.0.17, host: fv-az395-998.zfmzfyrfkyou3ow0tsr0jxwq1e.bx.internal.cloudapp.net, ports: [REPLICATION=43187, RATIS=41959, RATIS_ADMIN=41959, RATIS_SERVER=41959, STANDALONE=38485], networkLocation: /default-rack, certSerialId: null, persistedOpState: IN_SERVICE, persistedOpStateExpiryEpochSec: 0}88c0bc00-df96-4ef9-9408-bb649f6f57b6{ip: 10.1.0.17, host: fv-az395-998.zfmzfyrfkyou3ow0tsr0jxwq1e.bx.internal.cloudapp.net, ports: [REPLICATION=45309, RATIS=36805, RATIS_ADMIN=36805, RATIS_SERVER=36805, STANDALONE=46771], networkLocation: /default-rack, certSerialId: null, persistedOpState: IN_SERVICE, persistedOpStateExpiryEpochSec: 0}26faa8ae-1f6d-4682-8de1-020bfaee0d48{ip: 10.1.0.17, host: fv-az395-998.zfmzfyrfkyou3ow0tsr0jxwq1e.bx.internal.cloudapp.net, ports: [REPLICATION=36895, RATIS=33181, RATIS_ADMIN=33181, RATIS_SERVER=33181, STANDALONE=33677], networkLocation: /default-rack, certSerialId: null, persistedOpState: IN_SERVICE, persistedOpStateExpiryEpochSec: 0}, ReplicationConfig: RATIS/THREE, State:ALLOCATED, leaderId:26faa8ae-1f6d-4682-8de1-020bfaee0d48, CreationTimestamp2022-02-12T02:11:26.289Z[Etc/UTC]] moved to OPEN state
2022-02-12 02:11:44,284 [26faa8ae-1f6d-4682-8de1-020bfaee0d48@group-EDF8322D7AB0-LeaderElection85] INFO  server.RaftServerConfigKeys (ConfUtils.java:logGet(44)) - raft.server.watch.timeout = 180s (custom)
2022-02-12 02:11:44,284 [EventQueue-OpenPipelineForHealthyPipelineSafeModeRule] INFO  safemode.SCMSafeModeManager (HealthyPipelineSafeModeRule.java:process(124)) - SCM in safe mode. Healthy pipelines reported count is 0, required healthy pipeline reported count is 1
2022-02-12 02:11:44,284 [26faa8ae-1f6d-4682-8de1-020bfaee0d48@group-EDF8322D7AB0-LeaderElection85] INFO  server.RaftServerConfigKeys (ConfUtils.java:logGet(44)) - raft.server.watch.timeout.denomination = 1s (default)
2022-02-12 02:11:44,285 [grpc-default-executor-4] INFO  server.RaftServer$Division (RaftServerImpl.java:requestVote(1046)) - fc069e42-0ca8-466b-ae9e-376ddea5bc06@group-EDF8322D7AB0: receive requestVote(ELECTION, 26faa8ae-1f6d-4682-8de1-020bfaee0d48, group-EDF8322D7AB0, 3, (t:0, i:0))
2022-02-12 02:11:44,285 [1b5f3bca-5d4a-4774-a0d7-e0522b1460f7@group-4639FFB893FF-StateMachineUpdater] INFO  safemode.HealthyPipelineSafeModeRule (HealthyPipelineSafeModeRule.java:initializeRule(152)) - Refreshed total pipeline count is 1, healthy pipeline threshold count is 1
2022-02-12 02:11:44,286 [26faa8ae-1f6d-4682-8de1-020bfaee0d48@group-EDF8322D7AB0-LeaderElection85] INFO  server.RaftServerConfigKeys (ConfUtils.java:logGet(44)) - raft.server.watch.element-limit = 65536 (default)
2022-02-12 02:11:44,285 [grpc-default-executor-4] INFO  impl.VoteContext (VoteContext.java:log(48)) - fc069e42-0ca8-466b-ae9e-376ddea5bc06@group-EDF8322D7AB0-FOLLOWER: accept ELECTION from 26faa8ae-1f6d-4682-8de1-020bfaee0d48: our priority 0 <= candidate's priority 1
2022-02-12 02:11:44,286 [grpc-default-executor-4] INFO  server.RaftServer$Division (RaftServerImpl.java:setRole(290)) - fc069e42-0ca8-466b-ae9e-376ddea5bc06@group-EDF8322D7AB0: changes role from  FOLLOWER to FOLLOWER at term 3 for candidate:26faa8ae-1f6d-4682-8de1-020bfaee0d48
2022-02-12 02:11:44,286 [grpc-default-executor-4] INFO  impl.RoleInfo (RoleInfo.java:shutdownFollowerState(108)) - fc069e42-0ca8-466b-ae9e-376ddea5bc06: shutdown fc069e42-0ca8-466b-ae9e-376ddea5bc06@group-EDF8322D7AB0-FollowerState
2022-02-12 02:11:44,286 [grpc-default-executor-4] INFO  impl.RoleInfo (RoleInfo.java:updateAndGet(130)) - fc069e42-0ca8-466b-ae9e-376ddea5bc06: start fc069e42-0ca8-466b-ae9e-376ddea5bc06@group-EDF8322D7AB0-FollowerState
2022-02-12 02:11:44,286 [EventQueue-OpenPipelineForHealthyPipelineSafeModeRule] INFO  safemode.SCMSafeModeManager (HealthyPipelineSafeModeRule.java:process(124)) - SCM in safe mode. Healthy pipelines reported count is 1, required healthy pipeline reported count is 1
2022-02-12 02:11:44,286 [EventQueue-OpenPipelineForHealthyPipelineSafeModeRule] INFO  safemode.SCMSafeModeManager (SCMSafeModeManager.java:validateSafeModeExitRules(204)) - HealthyPipelineSafeModeRule rule is successfully validated
2022-02-12 02:11:44,286 [EventQueue-OpenPipelineForHealthyPipelineSafeModeRule] INFO  safemode.SCMSafeModeManager (SCMSafeModeManager.java:validateSafeModeExitRules(219)) - ScmSafeModeManager, all rules are successfully validated
2022-02-12 02:11:44,286 [EventQueue-OpenPipelineForHealthyPipelineSafeModeRule] INFO  safemode.SCMSafeModeManager (SCMSafeModeManager.java:exitSafeMode(248)) - SCM exiting safe mode.
2022-02-12 02:11:44,286 [EventQueue-OpenPipelineForHealthyPipelineSafeModeRule] WARN  events.EventQueue (EventQueue.java:fireEvent(194)) - No event handler registered for event TypedEvent{payloadType=SafeModeStatus, name='Safe mode status'}
2022-02-12 02:11:44,286 [EventQueue-OpenPipelineForHealthyPipelineSafeModeRule] INFO  ha.SCMContext (SCMContext.java:updateSafeModeStatus(211)) - Update SafeModeStatus from SafeModeStatus{safeModeStatus=true, preCheckPassed=true} to SafeModeStatus{safeModeStatus=false, preCheckPassed=true}.
2022-02-12 02:11:44,286 [EventQueue-OpenPipelineForHealthyPipelineSafeModeRule] INFO  container.ReplicationManager (ReplicationManager.java:notifyStatusChanged(1807)) - Service ReplicationManager transitions to RUNNING.
2022-02-12 02:11:44,286 [26faa8ae-1f6d-4682-8de1-020bfaee0d48@group-EDF8322D7AB0-LeaderElection85] INFO  server.RaftServerConfigKeys (ConfUtils.java:logGet(44)) - raft.server.write.element-limit = 1024 (custom)
2022-02-12 02:11:44,286 [26faa8ae-1f6d-4682-8de1-020bfaee0d48@group-EDF8322D7AB0-LeaderElection85] INFO  server.RaftServerConfigKeys (ConfUtils.java:logGet(44)) - raft.server.write.follower.gap.ratio.max = -1.0 (default)
2022-02-12 02:11:44,287 [26faa8ae-1f6d-4682-8de1-020bfaee0d48@group-EDF8322D7AB0-LeaderElection85] INFO  server.RaftServerConfigKeys (ConfUtils.java:logGet(44)) - raft.server.log.appender.snapshot.chunk.size.max = 16MB (=16777216) (default)
2022-02-12 02:11:44,287 [26faa8ae-1f6d-4682-8de1-020bfaee0d48@group-EDF8322D7AB0-LeaderElection85] INFO  server.RaftServerConfigKeys (ConfUtils.java:logGet(44)) - raft.server.log.appender.buffer.byte-limit = 33554432 (custom)
2022-02-12 02:11:44,287 [26faa8ae-1f6d-4682-8de1-020bfaee0d48@group-EDF8322D7AB0-LeaderElection85] INFO  server.RaftServerConfigKeys (ConfUtils.java:logGet(44)) - raft.server.log.appender.buffer.element-limit = 1 (custom)
2022-02-12 02:11:44,287 [26faa8ae-1f6d-4682-8de1-020bfaee0d48@group-EDF8322D7AB0-LeaderElection85] INFO  grpc.GrpcConfigKeys (ConfUtils.java:logGet(44)) - raft.grpc.server.leader.outstanding.appends.max = 128 (default)
2022-02-12 02:11:44,287 [26faa8ae-1f6d-4682-8de1-020bfaee0d48@group-EDF8322D7AB0-LeaderElection85] INFO  server.RaftServerConfigKeys (ConfUtils.java:logGet(44)) - raft.server.rpc.request.timeout = 60s (custom)
2022-02-12 02:11:44,287 [26faa8ae-1f6d-4682-8de1-020bfaee0d48@group-EDF8322D7AB0-LeaderElection85] INFO  server.RaftServerConfigKeys (ConfUtils.java:logGet(44)) - raft.server.log.appender.install.snapshot.enabled = false (custom)
2022-02-12 02:11:44,288 [grpc-default-executor-4] INFO  server.RaftServer$Division (RaftServerImpl.java:requestVote(1078)) - fc069e42-0ca8-466b-ae9e-376ddea5bc06@group-EDF8322D7AB0 replies to ELECTION vote request: 26faa8ae-1f6d-4682-8de1-020bfaee0d48<-fc069e42-0ca8-466b-ae9e-376ddea5bc06#0:OK-t3. Peer's state: fc069e42-0ca8-466b-ae9e-376ddea5bc06@group-EDF8322D7AB0:t3, leader=null, voted=26faa8ae-1f6d-4682-8de1-020bfaee0d48, raftlog=fc069e42-0ca8-466b-ae9e-376ddea5bc06@group-EDF8322D7AB0-SegmentedRaftLog:OPENED:c-1, conf=-1: [88c0bc00-df96-4ef9-9408-bb649f6f57b6|rpc:10.1.0.17:36805|priority:0, 26faa8ae-1f6d-4682-8de1-020bfaee0d48|rpc:10.1.0.17:33181|priority:1, fc069e42-0ca8-466b-ae9e-376ddea5bc06|rpc:10.1.0.17:41959|priority:0], old=null
2022-02-12 02:11:44,290 [26faa8ae-1f6d-4682-8de1-020bfaee0d48@group-EDF8322D7AB0-LeaderElection85] INFO  server.RaftServerConfigKeys (ConfUtils.java:logGet(44)) - raft.server.log.appender.snapshot.chunk.size.max = 16MB (=16777216) (default)
2022-02-12 02:11:44,290 [26faa8ae-1f6d-4682-8de1-020bfaee0d48@group-EDF8322D7AB0-LeaderElection85] INFO  server.RaftServerConfigKeys (ConfUtils.java:logGet(44)) - raft.server.log.appender.buffer.byte-limit = 33554432 (custom)
2022-02-12 02:11:44,290 [26faa8ae-1f6d-4682-8de1-020bfaee0d48@group-EDF8322D7AB0-LeaderElection85] INFO  server.RaftServerConfigKeys (ConfUtils.java:logGet(44)) - raft.server.log.appender.buffer.element-limit = 1 (custom)
2022-02-12 02:11:44,290 [26faa8ae-1f6d-4682-8de1-020bfaee0d48@group-EDF8322D7AB0-LeaderElection85] INFO  grpc.GrpcConfigKeys (ConfUtils.java:logGet(44)) - raft.grpc.server.leader.outstanding.appends.max = 128 (default)
2022-02-12 02:11:44,290 [26faa8ae-1f6d-4682-8de1-020bfaee0d48@group-EDF8322D7AB0-LeaderElection85] INFO  server.RaftServerConfigKeys (ConfUtils.java:logGet(44)) - raft.server.rpc.request.timeout = 60s (custom)
2022-02-12 02:11:44,290 [26faa8ae-1f6d-4682-8de1-020bfaee0d48@group-EDF8322D7AB0-LeaderElection85] INFO  server.RaftServerConfigKeys (ConfUtils.java:logGet(44)) - raft.server.log.appender.install.snapshot.enabled = false (custom)
2022-02-12 02:11:44,291 [26faa8ae-1f6d-4682-8de1-020bfaee0d48@group-EDF8322D7AB0-LeaderElection85] INFO  impl.RoleInfo (RoleInfo.java:updateAndGet(130)) - 26faa8ae-1f6d-4682-8de1-020bfaee0d48: start 26faa8ae-1f6d-4682-8de1-020bfaee0d48@group-EDF8322D7AB0-LeaderStateImpl
2022-02-12 02:11:44,291 [26faa8ae-1f6d-4682-8de1-020bfaee0d48@group-EDF8322D7AB0-LeaderElection85] INFO  segmented.SegmentedRaftLogWorker (SegmentedRaftLogWorker.java:startLogSegment(394)) - 26faa8ae-1f6d-4682-8de1-020bfaee0d48@group-EDF8322D7AB0-SegmentedRaftLogWorker: Starting segment from index:0
2022-02-12 02:11:44,292 [26faa8ae-1f6d-4682-8de1-020bfaee0d48@group-EDF8322D7AB0-SegmentedRaftLogWorker] INFO  segmented.SegmentedRaftLogWorker (SegmentedRaftLogWorker.java:execute(601)) - 26faa8ae-1f6d-4682-8de1-020bfaee0d48@group-EDF8322D7AB0-SegmentedRaftLogWorker: created new log segment /home/runner/work/ozone/ozone/hadoop-ozone/integration-test/target/test-dir/MiniOzoneClusterImpl-771b091a-ebe2-4b61-867f-4639ffb893ff/datanode-2/data/ratis/924bab32-8d90-48e8-9b66-edf8322d7ab0/current/log_inprogress_0
2022-02-12 02:11:44,297 [26faa8ae-1f6d-4682-8de1-020bfaee0d48@group-EDF8322D7AB0-LeaderElection85] INFO  server.RaftServer$Division (ServerState.java:setRaftConf(387)) - 26faa8ae-1f6d-4682-8de1-020bfaee0d48@group-EDF8322D7AB0: set configuration 0: [88c0bc00-df96-4ef9-9408-bb649f6f57b6|rpc:10.1.0.17:36805|dataStream:|priority:0, 26faa8ae-1f6d-4682-8de1-020bfaee0d48|rpc:10.1.0.17:33181|dataStream:|priority:1, fc069e42-0ca8-466b-ae9e-376ddea5bc06|rpc:10.1.0.17:41959|dataStream:|priority:0], old=null
2022-02-12 02:11:44,304 [fc069e42-0ca8-466b-ae9e-376ddea5bc06@group-EDF8322D7AB0-FollowerState] INFO  impl.FollowerState (FollowerState.java:run(143)) - fc069e42-0ca8-466b-ae9e-376ddea5bc06@group-EDF8322D7AB0-FollowerState was interrupted: {}
java.lang.InterruptedException: sleep interrupted
	at java.lang.Thread.sleep(Native Method)
	at java.lang.Thread.sleep(Thread.java:340)
	at java.util.concurrent.TimeUnit.sleep(TimeUnit.java:386)
	at org.apache.ratis.util.TimeDuration.sleep(TimeDuration.java:324)
	at org.apache.ratis.util.TimeDuration.sleep(TimeDuration.java:309)
	at org.apache.ratis.server.impl.FollowerState.run(FollowerState.java:118)
2022-02-12 02:11:44,321 [grpc-default-executor-5] INFO  ratis.XceiverServerRatis (XceiverServerRatis.java:handleLeaderChangedNotification(866)) - Leader change notification received for group: group-EDF8322D7AB0 with new leaderId: 26faa8ae-1f6d-4682-8de1-020bfaee0d48
2022-02-12 02:11:44,321 [grpc-default-executor-5] INFO  server.RaftServer$Division (ServerState.java:setLeader(285)) - fc069e42-0ca8-466b-ae9e-376ddea5bc06@group-EDF8322D7AB0: change Leader from null to 26faa8ae-1f6d-4682-8de1-020bfaee0d48 at term 3 for appendEntries, leader elected after 15390ms
2022-02-12 02:11:44,326 [grpc-default-executor-2] INFO  ratis.XceiverServerRatis (XceiverServerRatis.java:handleLeaderChangedNotification(866)) - Leader change notification received for group: group-EDF8322D7AB0 with new leaderId: 26faa8ae-1f6d-4682-8de1-020bfaee0d48
2022-02-12 02:11:44,326 [grpc-default-executor-2] INFO  server.RaftServer$Division (ServerState.java:setLeader(285)) - 88c0bc00-df96-4ef9-9408-bb649f6f57b6@group-EDF8322D7AB0: change Leader from null to 26faa8ae-1f6d-4682-8de1-020bfaee0d48 at term 3 for appendEntries, leader elected after 15459ms
2022-02-12 02:11:44,337 [grpc-default-executor-5] INFO  server.RaftServer$Division (ServerState.java:setRaftConf(387)) - fc069e42-0ca8-466b-ae9e-376ddea5bc06@group-EDF8322D7AB0: set configuration 0: [88c0bc00-df96-4ef9-9408-bb649f6f57b6|rpc:10.1.0.17:36805|dataStream:|priority:0, 26faa8ae-1f6d-4682-8de1-020bfaee0d48|rpc:10.1.0.17:33181|dataStream:|priority:1, fc069e42-0ca8-466b-ae9e-376ddea5bc06|rpc:10.1.0.17:41959|dataStream:|priority:0], old=null
2022-02-12 02:11:44,337 [grpc-default-executor-5] INFO  segmented.SegmentedRaftLogWorker (SegmentedRaftLogWorker.java:startLogSegment(394)) - fc069e42-0ca8-466b-ae9e-376ddea5bc06@group-EDF8322D7AB0-SegmentedRaftLogWorker: Starting segment from index:0
2022-02-12 02:11:44,344 [fc069e42-0ca8-466b-ae9e-376ddea5bc06@group-EDF8322D7AB0-SegmentedRaftLogWorker] INFO  segmented.SegmentedRaftLogWorker (SegmentedRaftLogWorker.java:execute(601)) - fc069e42-0ca8-466b-ae9e-376ddea5bc06@group-EDF8322D7AB0-SegmentedRaftLogWorker: created new log segment /home/runner/work/ozone/ozone/hadoop-ozone/integration-test/target/test-dir/MiniOzoneClusterImpl-771b091a-ebe2-4b61-867f-4639ffb893ff/datanode-1/data/ratis/924bab32-8d90-48e8-9b66-edf8322d7ab0/current/log_inprogress_0
2022-02-12 02:11:44,388 [grpc-default-executor-2] INFO  server.RaftServer$Division (ServerState.java:setRaftConf(387)) - 88c0bc00-df96-4ef9-9408-bb649f6f57b6@group-EDF8322D7AB0: set configuration 0: [88c0bc00-df96-4ef9-9408-bb649f6f57b6|rpc:10.1.0.17:36805|dataStream:|priority:0, 26faa8ae-1f6d-4682-8de1-020bfaee0d48|rpc:10.1.0.17:33181|dataStream:|priority:1, fc069e42-0ca8-466b-ae9e-376ddea5bc06|rpc:10.1.0.17:41959|dataStream:|priority:0], old=null
2022-02-12 02:11:44,421 [grpc-default-executor-2] INFO  segmented.SegmentedRaftLogWorker (SegmentedRaftLogWorker.java:startLogSegment(394)) - 88c0bc00-df96-4ef9-9408-bb649f6f57b6@group-EDF8322D7AB0-SegmentedRaftLogWorker: Starting segment from index:0
2022-02-12 02:11:44,422 [88c0bc00-df96-4ef9-9408-bb649f6f57b6@group-EDF8322D7AB0-SegmentedRaftLogWorker] INFO  segmented.SegmentedRaftLogWorker (SegmentedRaftLogWorker.java:execute(601)) - 88c0bc00-df96-4ef9-9408-bb649f6f57b6@group-EDF8322D7AB0-SegmentedRaftLogWorker: created new log segment /home/runner/work/ozone/ozone/hadoop-ozone/integration-test/target/test-dir/MiniOzoneClusterImpl-771b091a-ebe2-4b61-867f-4639ffb893ff/datanode-0/data/ratis/924bab32-8d90-48e8-9b66-edf8322d7ab0/current/log_inprogress_0
2022-02-12 02:11:45,254 [Listener at 127.0.0.1/44149] INFO  ozone.MiniOzoneClusterImpl (MiniOzoneClusterImpl.java:lambda$waitForClusterToBeReady$0(219)) - Nodes are ready. Got 3 of 3 DN Heartbeats.
2022-02-12 02:11:45,254 [Listener at 127.0.0.1/44149] INFO  ozone.MiniOzoneClusterImpl (MiniOzoneClusterImpl.java:lambda$waitForClusterToBeReady$0(222)) - Cluster exits safe mode
2022-02-12 02:11:45,254 [Listener at 127.0.0.1/44149] INFO  ozone.MiniOzoneClusterImpl (MiniOzoneClusterImpl.java:lambda$waitForClusterToBeReady$0(224)) - SCM became leader
2022-02-12 02:11:45,312 [Listener at 127.0.0.1/44149] INFO  rpc.RpcClient (RpcClient.java:createVolume(399)) - Creating Volume: volume35892, with user30825 as owner and space quota set to -1 bytes, counts quota set to -1
2022-02-12 02:11:45,319 [IPC Server handler 0 on default port 44149] INFO  volume.OMVolumeCreateRequest (OMVolumeCreateRequest.java:validateAndUpdateCache(195)) - created volume:volume35892 for user:user30825
2022-02-12 02:11:45,415 [Listener at 127.0.0.1/44149] INFO  rpc.RpcClient (RpcClient.java:createBucket(562)) - Creating Bucket: volume35892/bucket46126, with runner as owner and Versioning false and Storage Type set to DISK and Encryption set to false 
]]></system-out>
  </testcase>
  <testcase name="testRenameFile[4]" classname="org.apache.hadoop.fs.ozone.TestRootedOzoneFileSystem" time="0.146"/>
  <testcase name="testListStatusRootAndVolumeRecursive[4]" classname="org.apache.hadoop.fs.ozone.TestRootedOzoneFileSystem" time="1.09"/>
  <testcase name="testTempMount[4]" classname="org.apache.hadoop.fs.ozone.TestRootedOzoneFileSystem" time="0.346"/>
  <testcase name="testListStatusRootAndVolumeNonRecursive[4]" classname="org.apache.hadoop.fs.ozone.TestRootedOzoneFileSystem" time="0.559"/>
  <testcase name="testDeleteVolumeAndBucket[4]" classname="org.apache.hadoop.fs.ozone.TestRootedOzoneFileSystem" time="0.071"/>
  <testcase name="testRenameDirToItsOwnSubDir[4]" classname="org.apache.hadoop.fs.ozone.TestRootedOzoneFileSystem" time="0.036"/>
  <testcase name="testOzoneFsServiceLoader[4]" classname="org.apache.hadoop.fs.ozone.TestRootedOzoneFileSystem" time="0.156"/>
  <testcase name="testTrash[4]" classname="org.apache.hadoop.fs.ozone.TestRootedOzoneFileSystem" time="0">
    <skipped/>
  </testcase>
  <testcase name="testRenameDestinationParentDoesntExist[4]" classname="org.apache.hadoop.fs.ozone.TestRootedOzoneFileSystem" time="0.039"/>
  <testcase name="testGetFileStatusRoot[4]" classname="org.apache.hadoop.fs.ozone.TestRootedOzoneFileSystem" time="0.001"/>
  <testcase name="testCreateWithInvalidPaths[4]" classname="org.apache.hadoop.fs.ozone.TestRootedOzoneFileSystem" time="0.018"/>
  <testcase name="testDeleteEmptyVolume[4]" classname="org.apache.hadoop.fs.ozone.TestRootedOzoneFileSystem" time="0.046"/>
  <testcase name="testListStatusRootAndVolumeContinuation[4]" classname="org.apache.hadoop.fs.ozone.TestRootedOzoneFileSystem" time="0.975"/>
  <testcase name="testDeleteVolumeBucketAndKey[4]" classname="org.apache.hadoop.fs.ozone.TestRootedOzoneFileSystem" time="0.121"/>
  <testcase name="testRenameToParentDir[4]" classname="org.apache.hadoop.fs.ozone.TestRootedOzoneFileSystem" time="0.098"/>
  <testcase name="testMkdirNonExistentVolumeBucket[4]" classname="org.apache.hadoop.fs.ozone.TestRootedOzoneFileSystem" time="0.063"/>
  <testcase name="testFailToDeleteRoot[4]" classname="org.apache.hadoop.fs.ozone.TestRootedOzoneFileSystem" time="0.032"/>
  <testcase name="testListStatusOnSubDirs[4]" classname="org.apache.hadoop.fs.ozone.TestRootedOzoneFileSystem" time="0.171"/>
  <testcase name="testListStatus[4]" classname="org.apache.hadoop.fs.ozone.TestRootedOzoneFileSystem" time="0.106"/>
  <testcase name="testGetTrashRoots[4]" classname="org.apache.hadoop.fs.ozone.TestRootedOzoneFileSystem" time="0.892"/>
  <testcase name="testCreateDoesNotAddParentDirKeys[4]" classname="org.apache.hadoop.fs.ozone.TestRootedOzoneFileSystem" time="0.188"/>
  <testcase name="testMkdirNonExistentVolume[4]" classname="org.apache.hadoop.fs.ozone.TestRootedOzoneFileSystem" time="0.021"/>
  <testcase name="testDeleteCreatesFakeParentDir[4]" classname="org.apache.hadoop.fs.ozone.TestRootedOzoneFileSystem" time="0.1"/>
  <testcase name="testNonExplicitlyCreatedPathExistsAfterItsLeafsWereRemoved[4]" classname="org.apache.hadoop.fs.ozone.TestRootedOzoneFileSystem" time="0.052"/>
  <testcase name="testFileDelete[4]" classname="org.apache.hadoop.fs.ozone.TestRootedOzoneFileSystem" time="0.159"/>
  <testcase name="testRenameToTrashEnabled[4]" classname="org.apache.hadoop.fs.ozone.TestRootedOzoneFileSystem" time="0.468"/>
  <testcase name="testMkdirOnNonExistentVolumeBucketDir[4]" classname="org.apache.hadoop.fs.ozone.TestRootedOzoneFileSystem" time="0.052"/>
  <testcase name="testListStatusOnLargeDirectory[4]" classname="org.apache.hadoop.fs.ozone.TestRootedOzoneFileSystem" time="14.491"/>
  <testcase name="testRenameToDifferentBucket[4]" classname="org.apache.hadoop.fs.ozone.TestRootedOzoneFileSystem" time="0.043"/>
  <testcase name="testListStatusInBucket[4]" classname="org.apache.hadoop.fs.ozone.TestRootedOzoneFileSystem" time="0.032"/>
  <testcase name="testRenameFileToDir[4]" classname="org.apache.hadoop.fs.ozone.TestRootedOzoneFileSystem" time="0.103"/>
</testsuite>