<?xml version="1.0" encoding="UTF-8"?>
<testsuite xmlns:xsi="http://www.w3.org/2001/XMLSchema-instance" xsi:noNamespaceSchemaLocation="https://maven.apache.org/surefire/maven-surefire-plugin/xsd/surefire-test-report.xsd" version="3.0.2" name="org.apache.ozone.test.NonHATests$ContainerOperations" time="3.016" tests="10" errors="0" skipped="0" failures="1">
  <properties>
    <property name="java.specification.version" value="21"/>
    <property name="sun.jnu.encoding" value="UTF-8"/>
    <property name="java.class.path" value="/home/runner/work/ozone/ozone/hadoop-ozone/integration-test/target/test-classes:/home/runner/work/ozone/ozone/hadoop-ozone/integration-test/target/classes:/home/runner/.m2/repository/ch/qos/reload4j/reload4j/1.2.26/reload4j-1.2.26.jar:/home/runner/.m2/repository/com/fasterxml/jackson/core/jackson-core/2.16.2/jackson-core-2.16.2.jar:/home/runner/.m2/repository/com/fasterxml/jackson/core/jackson-databind/2.16.2/jackson-databind-2.16.2.jar:/home/runner/.m2/repository/com/fasterxml/jackson/core/jackson-annotations/2.16.2/jackson-annotations-2.16.2.jar:/home/runner/.m2/repository/com/github/stephenc/jcip/jcip-annotations/1.0-1/jcip-annotations-1.0-1.jar:/home/runner/.m2/repository/com/google/guava/guava/32.1.3-jre/guava-32.1.3-jre.jar:/home/runner/.m2/repository/com/google/guava/failureaccess/1.0.1/failureaccess-1.0.1.jar:/home/runner/.m2/repository/com/google/guava/listenablefuture/9999.0-empty-to-avoid-conflict-with-guava/listenablefuture-9999.0-empty-to-avoid-conflict-with-guava.jar:/home/runner/.m2/repository/org/checkerframework/checker-qual/3.37.0/checker-qual-3.37.0.jar:/home/runner/.m2/repository/com/google/errorprone/error_prone_annotations/2.29.2/error_prone_annotations-2.29.2.jar:/home/runner/.m2/repository/com/google/j2objc/j2objc-annotations/2.8/j2objc-annotations-2.8.jar:/home/runner/.m2/repository/com/google/protobuf/protobuf-java/2.5.0/protobuf-java-2.5.0.jar:/home/runner/.m2/repository/com/squareup/okhttp3/okhttp/4.12.0/okhttp-4.12.0.jar:/home/runner/.m2/repository/com/squareup/okio/okio/3.6.0/okio-3.6.0.jar:/home/runner/.m2/repository/com/squareup/okio/okio-jvm/3.6.0/okio-jvm-3.6.0.jar:/home/runner/.m2/repository/org/jetbrains/kotlin/kotlin-stdlib-common/1.9.25/kotlin-stdlib-common-1.9.25.jar:/home/runner/.m2/repository/org/jetbrains/kotlin/kotlin-stdlib-jdk8/1.9.25/kotlin-stdlib-jdk8-1.9.25.jar:/home/runner/.m2/repository/org/jetbrains/kotlin/kotlin-stdlib/1.9.25/kotlin-stdlib-1.9.25.jar:/home/runner/.m2/repository/org/jetbrains/annotations/13.0/annotations-13.0.jar:/home/runner/.m2/repository/org/jetbrains/kotlin/kotlin-stdlib-jdk7/1.9.25/kotlin-stdlib-jdk7-1.9.25.jar:/home/runner/.m2/repository/commons-codec/commons-codec/1.18.0/commons-codec-1.18.0.jar:/home/runner/.m2/repository/commons-io/commons-io/2.18.0/commons-io-2.18.0.jar:/home/runner/.m2/repository/commons-validator/commons-validator/1.6/commons-validator-1.6.jar:/home/runner/.m2/repository/commons-beanutils/commons-beanutils/1.11.0/commons-beanutils-1.11.0.jar:/home/runner/.m2/repository/commons-digester/commons-digester/1.8.1/commons-digester-1.8.1.jar:/home/runner/.m2/repository/commons-collections/commons-collections/3.2.2/commons-collections-3.2.2.jar:/home/runner/.m2/repository/info/picocli/picocli/4.7.7/picocli-4.7.7.jar:/home/runner/.m2/repository/jakarta/annotation/jakarta.annotation-api/2.1.1/jakarta.annotation-api-2.1.1.jar:/home/runner/.m2/repository/jakarta/xml/bind/jakarta.xml.bind-api/2.3.3/jakarta.xml.bind-api-2.3.3.jar:/home/runner/.m2/repository/jakarta/activation/jakarta.activation-api/1.2.2/jakarta.activation-api-1.2.2.jar:/home/runner/.m2/repository/javax/servlet/javax.servlet-api/3.1.0/javax.servlet-api-3.1.0.jar:/home/runner/.m2/repository/javax/ws/rs/jsr311-api/1.1.1/jsr311-api-1.1.1.jar:/home/runner/.m2/repository/org/apache/commons/commons-compress/1.27.1/commons-compress-1.27.1.jar:/home/runner/.m2/repository/org/apache/commons/commons-lang3/3.17.0/commons-lang3-3.17.0.jar:/home/runner/.m2/repository/org/apache/commons/commons-text/1.13.1/commons-text-1.13.1.jar:/home/runner/.m2/repository/org/apache/hadoop/hadoop-auth/3.4.1/hadoop-auth-3.4.1.jar:/home/runner/.m2/repository/com/nimbusds/nimbus-jose-jwt/9.40/nimbus-jose-jwt-9.40.jar:/home/runner/.m2/repository/io/dropwizard/metrics/metrics-core/3.2.6/metrics-core-3.2.6.jar:/home/runner/.m2/repository/org/apache/kerby/kerb-core/1.0.1/kerb-core-1.0.1.jar:/home/runner/.m2/repository/org/apache/kerby/kerby-pkix/1.0.1/kerby-pkix-1.0.1.jar:/home/runner/.m2/repository/org/apache/kerby/kerby-asn1/1.0.1/kerby-asn1-1.0.1.jar:/home/runner/.m2/repository/org/apache/kerby/kerb-util/1.0.1/kerb-util-1.0.1.jar:/home/runner/.m2/repository/org/apache/kerby/kerby-config/1.0.1/kerby-config-1.0.1.jar:/home/runner/.m2/repository/org/apache/kerby/kerb-crypto/1.0.1/kerb-crypto-1.0.1.jar:/home/runner/.m2/repository/org/apache/hadoop/thirdparty/hadoop-shaded-guava/1.3.0/hadoop-shaded-guava-1.3.0.jar:/home/runner/.m2/repository/org/apache/hadoop/hadoop-common/3.4.1/hadoop-common-3.4.1.jar:/home/runner/.m2/repository/org/apache/hadoop/thirdparty/hadoop-shaded-protobuf_3_25/1.4.0/hadoop-shaded-protobuf_3_25-1.4.0.jar:/home/runner/.m2/repository/org/apache/hadoop/hadoop-annotations/3.4.1/hadoop-annotations-3.4.1.jar:/home/runner/.m2/repository/commons-cli/commons-cli/1.8.0/commons-cli-1.8.0.jar:/home/runner/.m2/repository/commons-net/commons-net/3.11.1/commons-net-3.11.1.jar:/home/runner/.m2/repository/org/eclipse/jetty/jetty-server/9.4.57.v20241219/jetty-server-9.4.57.v20241219.jar:/home/runner/.m2/repository/org/eclipse/jetty/jetty-io/9.4.57.v20241219/jetty-io-9.4.57.v20241219.jar:/home/runner/.m2/repository/org/eclipse/jetty/jetty-util/9.4.57.v20241219/jetty-util-9.4.57.v20241219.jar:/home/runner/.m2/repository/org/eclipse/jetty/jetty-servlet/9.4.57.v20241219/jetty-servlet-9.4.57.v20241219.jar:/home/runner/.m2/repository/org/eclipse/jetty/jetty-security/9.4.57.v20241219/jetty-security-9.4.57.v20241219.jar:/home/runner/.m2/repository/org/eclipse/jetty/jetty-webapp/9.4.57.v20241219/jetty-webapp-9.4.57.v20241219.jar:/home/runner/.m2/repository/org/eclipse/jetty/jetty-xml/9.4.57.v20241219/jetty-xml-9.4.57.v20241219.jar:/home/runner/.m2/repository/javax/servlet/jsp/jsp-api/2.1/jsp-api-2.1.jar:/home/runner/.m2/repository/org/codehaus/jettison/jettison/1.5.4/jettison-1.5.4.jar:/home/runner/.m2/repository/org/apache/commons/commons-configuration2/2.12.0/commons-configuration2-2.12.0.jar:/home/runner/.m2/repository/com/google/re2j/re2j/1.7/re2j-1.7.jar:/home/runner/.m2/repository/com/google/code/gson/gson/2.10.1/gson-2.10.1.jar:/home/runner/.m2/repository/com/jcraft/jsch/0.1.55/jsch-0.1.55.jar:/home/runner/.m2/repository/io/netty/netty-handler/4.1.119.Final/netty-handler-4.1.119.Final.jar:/home/runner/.m2/repository/io/netty/netty-resolver/4.1.119.Final/netty-resolver-4.1.119.Final.jar:/home/runner/.m2/repository/io/netty/netty-transport-native-epoll/4.1.119.Final/netty-transport-native-epoll-4.1.119.Final.jar:/home/runner/.m2/repository/org/bouncycastle/bcprov-jdk18on/1.81/bcprov-jdk18on-1.81.jar:/home/runner/.m2/repository/org/codehaus/woodstox/stax2-api/4.2.1/stax2-api-4.2.1.jar:/home/runner/.m2/repository/com/fasterxml/woodstox/woodstox-core/5.4.0/woodstox-core-5.4.0.jar:/home/runner/.m2/repository/dnsjava/dnsjava/3.6.1/dnsjava-3.6.1.jar:/home/runner/.m2/repository/org/apache/hadoop/hadoop-common/3.4.1/hadoop-common-3.4.1-tests.jar:/home/runner/.m2/repository/org/apache/commons/commons-math3/3.6.1/commons-math3-3.6.1.jar:/home/runner/.m2/repository/com/sun/jersey/jersey-core/1.19.4/jersey-core-1.19.4.jar:/home/runner/.m2/repository/com/sun/jersey/jersey-servlet/1.19.4/jersey-servlet-1.19.4.jar:/home/runner/.m2/repository/com/github/pjfanning/jersey-json/1.22.0/jersey-json-1.22.0.jar:/home/runner/.m2/repository/com/sun/xml/bind/jaxb-impl/2.2.3-1/jaxb-impl-2.2.3-1.jar:/home/runner/.m2/repository/com/sun/jersey/jersey-server/1.19.4/jersey-server-1.19.4.jar:/home/runner/.m2/repository/org/slf4j/slf4j-reload4j/2.0.17/slf4j-reload4j-2.0.17.jar:/home/runner/.m2/repository/org/apache/avro/avro/1.9.2/avro-1.9.2.jar:/home/runner/.m2/repository/org/apache/curator/curator-client/4.2.0/curator-client-4.2.0.jar:/home/runner/.m2/repository/org/apache/curator/curator-recipes/5.2.0/curator-recipes-5.2.0.jar:/home/runner/.m2/repository/org/apache/curator/curator-framework/4.2.0/curator-framework-4.2.0.jar:/home/runner/.m2/repository/com/google/code/findbugs/jsr305/3.0.2/jsr305-3.0.2.jar:/home/runner/.m2/repository/org/apache/zookeeper/zookeeper/3.8.4/zookeeper-3.8.4.jar:/home/runner/.m2/repository/org/apache/zookeeper/zookeeper-jute/3.8.4/zookeeper-jute-3.8.4.jar:/home/runner/.m2/repository/org/apache/yetus/audience-annotations/0.12.0/audience-annotations-0.12.0.jar:/home/runner/.m2/repository/org/xerial/snappy/snappy-java/1.1.10.7/snappy-java-1.1.10.7.jar:/home/runner/.m2/repository/org/apache/hadoop/hadoop-distcp/3.4.1/hadoop-distcp-3.4.1.jar:/home/runner/.m2/repository/org/apache/hadoop/hadoop-distcp/3.4.1/hadoop-distcp-3.4.1-tests.jar:/home/runner/.m2/repository/org/apache/hadoop/hadoop-hdfs/3.4.1/hadoop-hdfs-3.4.1.jar:/home/runner/.m2/repository/org/eclipse/jetty/jetty-util-ajax/9.4.57.v20241219/jetty-util-ajax-9.4.57.v20241219.jar:/home/runner/.m2/repository/commons-daemon/commons-daemon/1.4.0/commons-daemon-1.4.0.jar:/home/runner/.m2/repository/org/apache/hadoop/hadoop-hdfs/3.4.1/hadoop-hdfs-3.4.1-tests.jar:/home/runner/.m2/repository/io/netty/netty-all/4.1.119.Final/netty-all-4.1.119.Final.jar:/home/runner/.m2/repository/io/netty/netty-codec-dns/4.1.119.Final/netty-codec-dns-4.1.119.Final.jar:/home/runner/.m2/repository/io/netty/netty-codec-haproxy/4.1.119.Final/netty-codec-haproxy-4.1.119.Final.jar:/home/runner/.m2/repository/io/netty/netty-codec-http/4.1.119.Final/netty-codec-http-4.1.119.Final.jar:/home/runner/.m2/repository/io/netty/netty-codec-memcache/4.1.119.Final/netty-codec-memcache-4.1.119.Final.jar:/home/runner/.m2/repository/io/netty/netty-codec-mqtt/4.1.119.Final/netty-codec-mqtt-4.1.119.Final.jar:/home/runner/.m2/repository/io/netty/netty-codec-redis/4.1.119.Final/netty-codec-redis-4.1.119.Final.jar:/home/runner/.m2/repository/io/netty/netty-codec-smtp/4.1.119.Final/netty-codec-smtp-4.1.119.Final.jar:/home/runner/.m2/repository/io/netty/netty-codec-socks/4.1.119.Final/netty-codec-socks-4.1.119.Final.jar:/home/runner/.m2/repository/io/netty/netty-codec-stomp/4.1.119.Final/netty-codec-stomp-4.1.119.Final.jar:/home/runner/.m2/repository/io/netty/netty-codec-xml/4.1.119.Final/netty-codec-xml-4.1.119.Final.jar:/home/runner/.m2/repository/io/netty/netty-handler-ssl-ocsp/4.1.119.Final/netty-handler-ssl-ocsp-4.1.119.Final.jar:/home/runner/.m2/repository/io/netty/netty-resolver-dns/4.1.119.Final/netty-resolver-dns-4.1.119.Final.jar:/home/runner/.m2/repository/io/netty/netty-transport-rxtx/4.1.119.Final/netty-transport-rxtx-4.1.119.Final.jar:/home/runner/.m2/repository/io/netty/netty-transport-sctp/4.1.119.Final/netty-transport-sctp-4.1.119.Final.jar:/home/runner/.m2/repository/io/netty/netty-transport-udt/4.1.119.Final/netty-transport-udt-4.1.119.Final.jar:/home/runner/.m2/repository/io/netty/netty-transport-classes-kqueue/4.1.119.Final/netty-transport-classes-kqueue-4.1.119.Final.jar:/home/runner/.m2/repository/io/netty/netty-resolver-dns-classes-macos/4.1.119.Final/netty-resolver-dns-classes-macos-4.1.119.Final.jar:/home/runner/.m2/repository/io/netty/netty-transport-native-epoll/4.1.119.Final/netty-transport-native-epoll-4.1.119.Final-linux-aarch_64.jar:/home/runner/.m2/repository/io/netty/netty-transport-native-epoll/4.1.119.Final/netty-transport-native-epoll-4.1.119.Final-linux-riscv64.jar:/home/runner/.m2/repository/io/netty/netty-transport-native-kqueue/4.1.119.Final/netty-transport-native-kqueue-4.1.119.Final-osx-x86_64.jar:/home/runner/.m2/repository/io/netty/netty-transport-native-kqueue/4.1.119.Final/netty-transport-native-kqueue-4.1.119.Final-osx-aarch_64.jar:/home/runner/.m2/repository/io/netty/netty-resolver-dns-native-macos/4.1.119.Final/netty-resolver-dns-native-macos-4.1.119.Final-osx-x86_64.jar:/home/runner/.m2/repository/io/netty/netty-resolver-dns-native-macos/4.1.119.Final/netty-resolver-dns-native-macos-4.1.119.Final-osx-aarch_64.jar:/home/runner/.m2/repository/org/fusesource/leveldbjni/leveldbjni-all/1.8/leveldbjni-all-1.8.jar:/home/runner/.m2/repository/org/apache/hadoop/hadoop-hdfs-client/3.4.1/hadoop-hdfs-client-3.4.1.jar:/home/runner/.m2/repository/org/apache/hadoop/hadoop-kms/3.4.1/hadoop-kms-3.4.1.jar:/home/runner/.m2/repository/org/apache/hadoop/hadoop-kms/3.4.1/hadoop-kms-3.4.1-tests.jar:/home/runner/.m2/repository/org/apache/hadoop/hadoop-mapreduce-client-core/3.4.1/hadoop-mapreduce-client-core-3.4.1.jar:/home/runner/.m2/repository/org/apache/hadoop/hadoop-yarn-client/3.4.1/hadoop-yarn-client-3.4.1.jar:/home/runner/.m2/repository/org/eclipse/jetty/websocket/websocket-client/9.4.53.v20231009/websocket-client-9.4.53.v20231009.jar:/home/runner/.m2/repository/org/eclipse/jetty/jetty-client/9.4.57.v20241219/jetty-client-9.4.57.v20241219.jar:/home/runner/.m2/repository/org/eclipse/jetty/websocket/websocket-common/9.4.53.v20231009/websocket-common-9.4.53.v20231009.jar:/home/runner/.m2/repository/org/eclipse/jetty/websocket/websocket-api/9.4.53.v20231009/websocket-api-9.4.53.v20231009.jar:/home/runner/.m2/repository/org/apache/hadoop/hadoop-yarn-api/3.4.1/hadoop-yarn-api-3.4.1.jar:/home/runner/.m2/repository/org/apache/hadoop/hadoop-yarn-common/3.4.1/hadoop-yarn-common-3.4.1.jar:/home/runner/.m2/repository/javax/xml/bind/jaxb-api/2.2.11/jaxb-api-2.2.11.jar:/home/runner/.m2/repository/com/sun/jersey/contribs/jersey-guice/1.19.4/jersey-guice-1.19.4.jar:/home/runner/.m2/repository/com/fasterxml/jackson/module/jackson-module-jaxb-annotations/2.16.2/jackson-module-jaxb-annotations-2.16.2.jar:/home/runner/.m2/repository/com/fasterxml/jackson/jaxrs/jackson-jaxrs-json-provider/2.16.2/jackson-jaxrs-json-provider-2.16.2.jar:/home/runner/.m2/repository/com/google/inject/extensions/guice-servlet/6.0.0/guice-servlet-6.0.0.jar:/home/runner/.m2/repository/org/apache/hadoop/hadoop-mapreduce-client-jobclient/3.4.1/hadoop-mapreduce-client-jobclient-3.4.1.jar:/home/runner/.m2/repository/org/apache/hadoop/hadoop-mapreduce-client-common/3.4.1/hadoop-mapreduce-client-common-3.4.1.jar:/home/runner/.m2/repository/org/apache/hadoop/hadoop-minikdc/3.4.1/hadoop-minikdc-3.4.1.jar:/home/runner/.m2/repository/org/apache/kerby/kerb-simplekdc/2.0.3/kerb-simplekdc-2.0.3.jar:/home/runner/.m2/repository/org/apache/kerby/kerb-client/2.0.3/kerb-client-2.0.3.jar:/home/runner/.m2/repository/org/apache/kerby/kerb-common/2.0.3/kerb-common-2.0.3.jar:/home/runner/.m2/repository/org/apache/kerby/token-provider/2.0.3/token-provider-2.0.3.jar:/home/runner/.m2/repository/org/apache/kerby/kerb-admin/2.0.3/kerb-admin-2.0.3.jar:/home/runner/.m2/repository/org/apache/kerby/kerb-server/2.0.3/kerb-server-2.0.3.jar:/home/runner/.m2/repository/org/apache/kerby/kerb-identity/2.0.3/kerb-identity-2.0.3.jar:/home/runner/.m2/repository/org/apache/kerby/kerby-xdr/2.0.3/kerby-xdr-2.0.3.jar:/home/runner/.m2/repository/junit/junit/4.13.2/junit-4.13.2.jar:/home/runner/.m2/repository/org/hamcrest/hamcrest-core/1.3/hamcrest-core-1.3.jar:/home/runner/.m2/repository/org/apache/httpcomponents/httpclient/4.5.14/httpclient-4.5.14.jar:/home/runner/.m2/repository/org/apache/httpcomponents/httpcore/4.4.16/httpcore-4.4.16.jar:/home/runner/.m2/repository/org/apache/kerby/kerby-util/1.0.1/kerby-util-1.0.1.jar:/home/runner/work/ozone/ozone/hadoop-hdds/client/target/hdds-client-2.1.0-SNAPSHOT.jar:/home/runner/.m2/repository/io/opentracing/opentracing-api/0.33.0/opentracing-api-0.33.0.jar:/home/runner/.m2/repository/io/opentracing/opentracing-util/0.33.0/opentracing-util-0.33.0.jar:/home/runner/.m2/repository/io/opentracing/opentracing-noop/0.33.0/opentracing-noop-0.33.0.jar:/home/runner/work/ozone/ozone/hadoop-hdds/erasurecode/target/hdds-erasurecode-2.1.0-SNAPSHOT.jar:/home/runner/work/ozone/ozone/hadoop-hdds/common/target/hdds-common-2.1.0-SNAPSHOT.jar:/home/runner/.m2/repository/com/fasterxml/jackson/datatype/jackson-datatype-jsr310/2.16.2/jackson-datatype-jsr310-2.16.2.jar:/home/runner/.m2/repository/io/jaegertracing/jaeger-core/1.8.1/jaeger-core-1.8.1.jar:/home/runner/.m2/repository/org/apache/ratis/ratis-netty/3.2.0/ratis-netty-3.2.0.jar:/home/runner/.m2/repository/org/yaml/snakeyaml/2.0/snakeyaml-2.0.jar:/home/runner/.m2/repository/io/jaegertracing/jaeger-client/1.8.1/jaeger-client-1.8.1.jar:/home/runner/.m2/repository/io/jaegertracing/jaeger-thrift/1.8.1/jaeger-thrift-1.8.1.jar:/home/runner/.m2/repository/org/apache/thrift/libthrift/0.15.0/libthrift-0.15.0.jar:/home/runner/.m2/repository/io/jaegertracing/jaeger-tracerresolver/1.8.1/jaeger-tracerresolver-1.8.1.jar:/home/runner/.m2/repository/io/opentracing/contrib/opentracing-tracerresolver/0.1.8/opentracing-tracerresolver-0.1.8.jar:/home/runner/.m2/repository/org/apache/ratis/ratis-metrics-dropwizard3/3.2.0/ratis-metrics-dropwizard3-3.2.0.jar:/home/runner/.m2/repository/org/slf4j/jcl-over-slf4j/2.0.17/jcl-over-slf4j-2.0.17.jar:/home/runner/work/ozone/ozone/hadoop-hdds/common/target/hdds-common-2.1.0-SNAPSHOT-tests.jar:/home/runner/work/ozone/ozone/hadoop-hdds/config/target/hdds-config-2.1.0-SNAPSHOT.jar:/home/runner/work/ozone/ozone/hadoop-hdds/container-service/target/hdds-container-service-2.1.0-SNAPSHOT.jar:/home/runner/.m2/repository/io/netty/netty-buffer/4.1.119.Final/netty-buffer-4.1.119.Final.jar:/home/runner/.m2/repository/io/netty/netty-codec/4.1.119.Final/netty-codec-4.1.119.Final.jar:/home/runner/.m2/repository/io/netty/netty-common/4.1.119.Final/netty-common-4.1.119.Final.jar:/home/runner/.m2/repository/io/netty/netty-transport/4.1.119.Final/netty-transport-4.1.119.Final.jar:/home/runner/.m2/repository/org/apache/logging/log4j/log4j-api/2.25.0/log4j-api-2.25.0.jar:/home/runner/.m2/repository/com/github/luben/zstd-jni/1.5.7-3/zstd-jni-1.5.7-3.jar:/home/runner/.m2/repository/log4j/apache-log4j-extras/1.2.17/apache-log4j-extras-1.2.17.jar:/home/runner/.m2/repository/org/glassfish/jaxb/jaxb-runtime/2.3.9/jaxb-runtime-2.3.9.jar:/home/runner/.m2/repository/org/glassfish/jaxb/txw2/2.3.9/txw2-2.3.9.jar:/home/runner/.m2/repository/com/sun/istack/istack-commons-runtime/3.0.12/istack-commons-runtime-3.0.12.jar:/home/runner/.m2/repository/com/sun/activation/jakarta.activation/1.2.2/jakarta.activation-1.2.2.jar:/home/runner/work/ozone/ozone/hadoop-hdds/container-service/target/hdds-container-service-2.1.0-SNAPSHOT-tests.jar:/home/runner/work/ozone/ozone/hadoop-hdds/interface-admin/target/hdds-interface-admin-2.1.0-SNAPSHOT.jar:/home/runner/work/ozone/ozone/hadoop-hdds/interface-client/target/hdds-interface-client-2.1.0-SNAPSHOT.jar:/home/runner/work/ozone/ozone/hadoop-hdds/interface-server/target/hdds-interface-server-2.1.0-SNAPSHOT.jar:/home/runner/work/ozone/ozone/hadoop-hdds/managed-rocksdb/target/hdds-managed-rocksdb-2.1.0-SNAPSHOT.jar:/home/runner/work/ozone/ozone/hadoop-hdds/rocks-native/target/hdds-rocks-native-2.1.0-SNAPSHOT.jar:/home/runner/work/ozone/ozone/hadoop-hdds/framework/target/hdds-server-framework-2.1.0-SNAPSHOT.jar:/home/runner/.m2/repository/com/github/jnr/jnr-constants/0.10.4/jnr-constants-0.10.4.jar:/home/runner/.m2/repository/com/github/jnr/jnr-posix/3.1.20/jnr-posix-3.1.20.jar:/home/runner/.m2/repository/com/github/jnr/jnr-ffi/2.2.17/jnr-ffi-2.2.17.jar:/home/runner/.m2/repository/com/github/jnr/jffi/1.3.13/jffi-1.3.13.jar:/home/runner/.m2/repository/com/github/jnr/jffi/1.3.13/jffi-1.3.13-native.jar:/home/runner/.m2/repository/org/ow2/asm/asm/9.7.1/asm-9.7.1.jar:/home/runner/.m2/repository/org/ow2/asm/asm-commons/9.7.1/asm-commons-9.7.1.jar:/home/runner/.m2/repository/org/ow2/asm/asm-analysis/9.7.1/asm-analysis-9.7.1.jar:/home/runner/.m2/repository/org/ow2/asm/asm-tree/9.7.1/asm-tree-9.7.1.jar:/home/runner/.m2/repository/org/ow2/asm/asm-util/9.7.1/asm-util-9.7.1.jar:/home/runner/.m2/repository/com/github/jnr/jnr-a64asm/1.0.0/jnr-a64asm-1.0.0.jar:/home/runner/.m2/repository/com/github/jnr/jnr-x86asm/1.0.2/jnr-x86asm-1.0.2.jar:/home/runner/.m2/repository/commons-fileupload/commons-fileupload/1.5/commons-fileupload-1.5.jar:/home/runner/.m2/repository/io/grpc/grpc-api/1.71.0/grpc-api-1.71.0.jar:/home/runner/.m2/repository/io/prometheus/simpleclient/0.16.0/simpleclient-0.16.0.jar:/home/runner/.m2/repository/io/prometheus/simpleclient_common/0.16.0/simpleclient_common-0.16.0.jar:/home/runner/.m2/repository/io/prometheus/simpleclient_dropwizard/0.16.0/simpleclient_dropwizard-0.16.0.jar:/home/runner/.m2/repository/jakarta/ws/rs/jakarta.ws.rs-api/2.1.6/jakarta.ws.rs-api-2.1.6.jar:/home/runner/.m2/repository/org/eclipse/jetty/jetty-http/9.4.57.v20241219/jetty-http-9.4.57.v20241219.jar:/home/runner/.m2/repository/org/glassfish/jersey/containers/jersey-container-servlet-core/2.47/jersey-container-servlet-core-2.47.jar:/home/runner/.m2/repository/org/glassfish/jersey/core/jersey-server/2.47/jersey-server-2.47.jar:/home/runner/.m2/repository/org/glassfish/jersey/core/jersey-client/2.47/jersey-client-2.47.jar:/home/runner/.m2/repository/com/lmax/disruptor/3.4.4/disruptor-3.4.4.jar:/home/runner/.m2/repository/org/apache/logging/log4j/log4j-core/2.25.0/log4j-core-2.25.0.jar:/home/runner/work/ozone/ozone/hadoop-hdds/framework/target/hdds-server-framework-2.1.0-SNAPSHOT-tests.jar:/home/runner/work/ozone/ozone/hadoop-hdds/server-scm/target/hdds-server-scm-2.1.0-SNAPSHOT.jar:/home/runner/work/ozone/ozone/hadoop-hdds/server-scm/target/hdds-server-scm-2.1.0-SNAPSHOT-tests.jar:/home/runner/work/ozone/ozone/hadoop-hdds/test-utils/target/hdds-test-utils-2.1.0-SNAPSHOT-tests.jar:/home/runner/work/ozone/ozone/hadoop-ozone/cli-admin/target/ozone-cli-admin-2.1.0-SNAPSHOT.jar:/home/runner/work/ozone/ozone/hadoop-ozone/cli-shell/target/ozone-cli-shell-2.1.0-SNAPSHOT.jar:/home/runner/.m2/repository/info/picocli/picocli-shell-jline3/4.7.7/picocli-shell-jline3-4.7.7.jar:/home/runner/.m2/repository/org/jline/jline/3.30.4/jline-3.30.4.jar:/home/runner/work/ozone/ozone/hadoop-ozone/client/target/ozone-client-2.1.0-SNAPSHOT.jar:/home/runner/work/ozone/ozone/hadoop-ozone/common/target/ozone-common-2.1.0-SNAPSHOT.jar:/home/runner/.m2/repository/io/grpc/grpc-netty/1.71.0/grpc-netty-1.71.0.jar:/home/runner/.m2/repository/org/codehaus/mojo/animal-sniffer-annotations/1.24/animal-sniffer-annotations-1.24.jar:/home/runner/.m2/repository/io/grpc/grpc-core/1.71.0/grpc-core-1.71.0.jar:/home/runner/.m2/repository/com/google/android/annotations/4.1.1.4/annotations-4.1.1.4.jar:/home/runner/.m2/repository/io/grpc/grpc-context/1.71.0/grpc-context-1.71.0.jar:/home/runner/.m2/repository/io/perfmark/perfmark-api/0.27.0/perfmark-api-0.27.0.jar:/home/runner/.m2/repository/io/grpc/grpc-util/1.71.0/grpc-util-1.71.0.jar:/home/runner/.m2/repository/io/netty/netty-codec-http2/4.1.119.Final/netty-codec-http2-4.1.119.Final.jar:/home/runner/.m2/repository/io/netty/netty-handler-proxy/4.1.119.Final/netty-handler-proxy-4.1.119.Final.jar:/home/runner/.m2/repository/io/netty/netty-tcnative-boringssl-static/2.0.70.Final/netty-tcnative-boringssl-static-2.0.70.Final.jar:/home/runner/.m2/repository/io/netty/netty-tcnative-classes/2.0.70.Final/netty-tcnative-classes-2.0.70.Final.jar:/home/runner/.m2/repository/io/netty/netty-tcnative-boringssl-static/2.0.70.Final/netty-tcnative-boringssl-static-2.0.70.Final-linux-x86_64.jar:/home/runner/.m2/repository/io/netty/netty-tcnative-boringssl-static/2.0.70.Final/netty-tcnative-boringssl-static-2.0.70.Final-linux-aarch_64.jar:/home/runner/.m2/repository/io/netty/netty-tcnative-boringssl-static/2.0.70.Final/netty-tcnative-boringssl-static-2.0.70.Final-osx-x86_64.jar:/home/runner/.m2/repository/io/netty/netty-tcnative-boringssl-static/2.0.70.Final/netty-tcnative-boringssl-static-2.0.70.Final-osx-aarch_64.jar:/home/runner/.m2/repository/io/netty/netty-tcnative-boringssl-static/2.0.70.Final/netty-tcnative-boringssl-static-2.0.70.Final-windows-x86_64.jar:/home/runner/work/ozone/ozone/hadoop-ozone/csi/target/ozone-csi-2.1.0-SNAPSHOT.jar:/home/runner/.m2/repository/io/grpc/grpc-protobuf/1.71.0/grpc-protobuf-1.71.0.jar:/home/runner/.m2/repository/com/google/api/grpc/proto-google-common-protos/2.51.0/proto-google-common-protos-2.51.0.jar:/home/runner/.m2/repository/io/grpc/grpc-protobuf-lite/1.71.0/grpc-protobuf-lite-1.71.0.jar:/home/runner/.m2/repository/io/grpc/grpc-stub/1.71.0/grpc-stub-1.71.0.jar:/home/runner/.m2/repository/io/netty/netty-transport-classes-epoll/4.1.119.Final/netty-transport-classes-epoll-4.1.119.Final.jar:/home/runner/.m2/repository/io/netty/netty-transport-native-unix-common/4.1.119.Final/netty-transport-native-unix-common-4.1.119.Final.jar:/home/runner/.m2/repository/io/netty/netty-transport-native-epoll/4.1.119.Final/netty-transport-native-epoll-4.1.119.Final-linux-x86_64.jar:/home/runner/work/ozone/ozone/hadoop-ozone/ozonefs/target/ozone-filesystem-2.1.0-SNAPSHOT.jar:/home/runner/work/ozone/ozone/hadoop-ozone/ozonefs-common/target/ozone-filesystem-common-2.1.0-SNAPSHOT.jar:/home/runner/work/ozone/ozone/hadoop-ozone/freon/target/ozone-freon-2.1.0-SNAPSHOT.jar:/home/runner/.m2/repository/com/amazonaws/aws-java-sdk-core/1.12.661/aws-java-sdk-core-1.12.661.jar:/home/runner/.m2/repository/com/fasterxml/jackson/dataformat/jackson-dataformat-cbor/2.16.2/jackson-dataformat-cbor-2.16.2.jar:/home/runner/.m2/repository/joda-time/joda-time/2.12.7/joda-time-2.12.7.jar:/home/runner/.m2/repository/com/amazonaws/aws-java-sdk-s3/1.12.661/aws-java-sdk-s3-1.12.661.jar:/home/runner/.m2/repository/com/amazonaws/aws-java-sdk-kms/1.12.661/aws-java-sdk-kms-1.12.661.jar:/home/runner/.m2/repository/com/amazonaws/jmespath-java/1.12.661/jmespath-java-1.12.661.jar:/home/runner/work/ozone/ozone/hadoop-ozone/interface-client/target/ozone-interface-client-2.1.0-SNAPSHOT.jar:/home/runner/work/ozone/ozone/hadoop-ozone/interface-storage/target/ozone-interface-storage-2.1.0-SNAPSHOT.jar:/home/runner/work/ozone/ozone/hadoop-ozone/ozone-manager/target/ozone-manager-2.1.0-SNAPSHOT.jar:/home/runner/.m2/repository/com/sun/jersey/jersey-client/1.19.4/jersey-client-1.19.4.jar:/home/runner/.m2/repository/org/apache/ranger/ranger-plugins-common/2.6.0/ranger-plugins-common-2.6.0.jar:/home/runner/.m2/repository/com/fasterxml/jackson/jaxrs/jackson-jaxrs-base/2.16.2/jackson-jaxrs-base-2.16.2.jar:/home/runner/.m2/repository/com/kstruct/gethostname4j/1.0.0/gethostname4j-1.0.0.jar:/home/runner/.m2/repository/commons-lang/commons-lang/2.6/commons-lang-2.6.jar:/home/runner/.m2/repository/net/java/dev/jna/jna/5.2.0/jna-5.2.0.jar:/home/runner/.m2/repository/net/java/dev/jna/jna-platform/5.2.0/jna-platform-5.2.0.jar:/home/runner/.m2/repository/org/apache/ranger/ranger-plugin-classloader/2.6.0/ranger-plugin-classloader-2.6.0.jar:/home/runner/.m2/repository/org/apache/ranger/ranger-plugins-audit/2.6.0/ranger-plugins-audit-2.6.0.jar:/home/runner/.m2/repository/com/amazonaws/aws-java-sdk-logs/1.12.765/aws-java-sdk-logs-1.12.765.jar:/home/runner/.m2/repository/com/carrotsearch/hppc/0.8.0/hppc-0.8.0.jar:/home/runner/.m2/repository/io/airlift/aircompressor/0.27/aircompressor-0.27.jar:/home/runner/.m2/repository/org/apache/httpcomponents/httpasyncclient/4.1.4/httpasyncclient-4.1.4.jar:/home/runner/.m2/repository/org/apache/httpcomponents/httpcore-nio/4.4.16/httpcore-nio-4.4.16.jar:/home/runner/.m2/repository/org/apache/httpcomponents/httpmime/4.5.13/httpmime-4.5.13.jar:/home/runner/.m2/repository/org/apache/orc/orc-core/1.5.8/orc-core-1.5.8.jar:/home/runner/.m2/repository/org/apache/orc/orc-shims/1.5.8/orc-shims-1.5.8.jar:/home/runner/.m2/repository/org/apache/ranger/ranger-plugins-cred/2.6.0/ranger-plugins-cred-2.6.0.jar:/home/runner/.m2/repository/org/aspectj/aspectjrt/1.9.7/aspectjrt-1.9.7.jar:/home/runner/work/ozone/ozone/hadoop-ozone/ozone-manager/target/ozone-manager-2.1.0-SNAPSHOT-tests.jar:/home/runner/work/ozone/ozone/hadoop-ozone/mini-cluster/target/ozone-mini-cluster-2.1.0-SNAPSHOT.jar:/home/runner/work/ozone/ozone/hadoop-ozone/recon/target/ozone-recon-2.1.0-SNAPSHOT.jar:/home/runner/.m2/repository/aopalliance/aopalliance/1.0/aopalliance-1.0.jar:/home/runner/.m2/repository/com/google/inject/guice/6.0.0/guice-6.0.0.jar:/home/runner/.m2/repository/jakarta/inject/jakarta.inject-api/2.0.1/jakarta.inject-api-2.0.1.jar:/home/runner/.m2/repository/com/jolbox/bonecp/0.8.0.RELEASE/bonecp-0.8.0.RELEASE.jar:/home/runner/.m2/repository/jakarta/validation/jakarta.validation-api/2.0.2/jakarta.validation-api-2.0.2.jar:/home/runner/.m2/repository/javax/annotation/javax.annotation-api/1.3.2/javax.annotation-api-1.3.2.jar:/home/runner/.m2/repository/javax/inject/javax.inject/1/javax.inject-1.jar:/home/runner/.m2/repository/org/apache/derby/derby/10.14.2.0/derby-10.14.2.0.jar:/home/runner/.m2/repository/org/glassfish/hk2/guice-bridge/2.6.1/guice-bridge-2.6.1.jar:/home/runner/.m2/repository/org/glassfish/hk2/hk2-api/2.6.1/hk2-api-2.6.1.jar:/home/runner/.m2/repository/org/glassfish/hk2/hk2-utils/2.6.1/hk2-utils-2.6.1.jar:/home/runner/.m2/repository/org/glassfish/hk2/external/aopalliance-repackaged/2.6.1/aopalliance-repackaged-2.6.1.jar:/home/runner/.m2/repository/org/glassfish/jersey/core/jersey-common/2.47/jersey-common-2.47.jar:/home/runner/.m2/repository/org/glassfish/hk2/osgi-resource-locator/1.0.3/osgi-resource-locator-1.0.3.jar:/home/runner/.m2/repository/org/jooq/jooq/3.11.10/jooq-3.11.10.jar:/home/runner/.m2/repository/org/springframework/spring-core/5.3.39/spring-core-5.3.39.jar:/home/runner/.m2/repository/org/springframework/spring-jdbc/5.3.39/spring-jdbc-5.3.39.jar:/home/runner/.m2/repository/org/springframework/spring-beans/5.3.39/spring-beans-5.3.39.jar:/home/runner/.m2/repository/org/springframework/spring-tx/5.3.39/spring-tx-5.3.39.jar:/home/runner/.m2/repository/org/xerial/sqlite-jdbc/3.50.1.0/sqlite-jdbc-3.50.1.0.jar:/home/runner/.m2/repository/com/google/inject/extensions/guice-assistedinject/6.0.0/guice-assistedinject-6.0.0.jar:/home/runner/.m2/repository/org/glassfish/hk2/external/jakarta.inject/2.6.1/jakarta.inject-2.6.1.jar:/home/runner/.m2/repository/org/glassfish/jersey/inject/jersey-hk2/2.47/jersey-hk2-2.47.jar:/home/runner/.m2/repository/org/glassfish/hk2/hk2-locator/2.6.1/hk2-locator-2.6.1.jar:/home/runner/.m2/repository/org/glassfish/jersey/media/jersey-media-jaxb/2.47/jersey-media-jaxb-2.47.jar:/home/runner/.m2/repository/org/glassfish/jersey/media/jersey-media-json-jackson/2.47/jersey-media-json-jackson-2.47.jar:/home/runner/.m2/repository/org/glassfish/jersey/ext/jersey-entity-filtering/2.47/jersey-entity-filtering-2.47.jar:/home/runner/work/ozone/ozone/hadoop-ozone/recon-codegen/target/ozone-reconcodegen-2.1.0-SNAPSHOT.jar:/home/runner/.m2/repository/org/jooq/jooq-codegen/3.11.10/jooq-codegen-3.11.10.jar:/home/runner/.m2/repository/org/jooq/jooq-meta/3.11.10/jooq-meta-3.11.10.jar:/home/runner/work/ozone/ozone/hadoop-ozone/s3gateway/target/ozone-s3gateway-2.1.0-SNAPSHOT.jar:/home/runner/work/ozone/ozone/hadoop-ozone/tools/target/ozone-tools-2.1.0-SNAPSHOT.jar:/home/runner/.m2/repository/com/github/vlsi/mxgraph/jgraphx/3.9.12/jgraphx-3.9.12.jar:/home/runner/.m2/repository/org/apache/ratis/ratis-shell/3.2.0/ratis-shell-3.2.0.jar:/home/runner/.m2/repository/org/apache/ratis/ratis-tools/3.2.0/ratis-tools-3.2.0.jar:/home/runner/.m2/repository/org/jgrapht/jgrapht-core/1.4.0/jgrapht-core-1.4.0.jar:/home/runner/.m2/repository/org/jheaps/jheaps/0.11/jheaps-0.11.jar:/home/runner/.m2/repository/org/jgrapht/jgrapht-ext/1.4.0/jgrapht-ext-1.4.0.jar:/home/runner/work/ozone/ozone/hadoop-hdds/rocksdb-checkpoint-differ/target/rocksdb-checkpoint-differ-2.1.0-SNAPSHOT.jar:/home/runner/.m2/repository/org/apache/ranger/ranger-intg/2.6.0/ranger-intg-2.6.0.jar:/home/runner/.m2/repository/org/apache/ratis/ratis-client/3.2.0/ratis-client-3.2.0.jar:/home/runner/.m2/repository/org/apache/ratis/ratis-common/3.2.0/ratis-common-3.2.0.jar:/home/runner/.m2/repository/org/apache/ratis/ratis-grpc/3.2.0/ratis-grpc-3.2.0.jar:/home/runner/.m2/repository/org/apache/ratis/ratis-metrics-api/3.2.0/ratis-metrics-api-3.2.0.jar:/home/runner/.m2/repository/org/apache/ratis/ratis-proto/3.2.0/ratis-proto-3.2.0.jar:/home/runner/.m2/repository/org/apache/ratis/ratis-server/3.2.0/ratis-server-3.2.0.jar:/home/runner/.m2/repository/org/apache/ratis/ratis-server-api/3.2.0/ratis-server-api-3.2.0.jar:/home/runner/.m2/repository/org/apache/ratis/ratis-thirdparty-misc/1.0.9/ratis-thirdparty-misc-1.0.9.jar:/home/runner/.m2/repository/org/bouncycastle/bcpkix-jdk18on/1.81/bcpkix-jdk18on-1.81.jar:/home/runner/.m2/repository/org/bouncycastle/bcutil-jdk18on/1.81/bcutil-jdk18on-1.81.jar:/home/runner/.m2/repository/org/hamcrest/hamcrest/2.2/hamcrest-2.2.jar:/home/runner/.m2/repository/org/reflections/reflections/0.10.2/reflections-0.10.2.jar:/home/runner/.m2/repository/org/javassist/javassist/3.30.2-GA/javassist-3.30.2-GA.jar:/home/runner/.m2/repository/org/rocksdb/rocksdbjni/7.7.3/rocksdbjni-7.7.3.jar:/home/runner/.m2/repository/org/slf4j/jul-to-slf4j/2.0.17/jul-to-slf4j-2.0.17.jar:/home/runner/.m2/repository/org/slf4j/slf4j-api/2.0.17/slf4j-api-2.0.17.jar:/home/runner/.m2/repository/org/assertj/assertj-core/3.27.3/assertj-core-3.27.3.jar:/home/runner/.m2/repository/net/bytebuddy/byte-buddy/1.15.11/byte-buddy-1.15.11.jar:/home/runner/.m2/repository/org/junit/jupiter/junit-jupiter-api/5.13.2/junit-jupiter-api-5.13.2.jar:/home/runner/.m2/repository/org/opentest4j/opentest4j/1.3.0/opentest4j-1.3.0.jar:/home/runner/.m2/repository/org/junit/platform/junit-platform-commons/1.13.2/junit-platform-commons-1.13.2.jar:/home/runner/.m2/repository/org/apiguardian/apiguardian-api/1.1.2/apiguardian-api-1.1.2.jar:/home/runner/.m2/repository/org/junit/jupiter/junit-jupiter-params/5.13.2/junit-jupiter-params-5.13.2.jar:/home/runner/.m2/repository/org/mockito/mockito-core/4.11.0/mockito-core-4.11.0.jar:/home/runner/.m2/repository/net/bytebuddy/byte-buddy-agent/1.12.19/byte-buddy-agent-1.12.19.jar:/home/runner/.m2/repository/org/objenesis/objenesis/3.3/objenesis-3.3.jar:/home/runner/.m2/repository/org/mockito/mockito-inline/4.11.0/mockito-inline-4.11.0.jar:/home/runner/.m2/repository/org/mockito/mockito-junit-jupiter/4.11.0/mockito-junit-jupiter-4.11.0.jar:/home/runner/work/ozone/ozone/hadoop-ozone/integration-test/target/gradle-enterprise/test-listeners.jar:"/>
    <property name="java.vm.vendor" value="Eclipse Adoptium"/>
    <property name="sun.arch.data.model" value="64"/>
    <property name="test.build.dir" value="/home/runner/work/ozone/ozone/hadoop-ozone/integration-test/target/test-dir"/>
    <property name="test.cache.data" value=""/>
    <property name="java.vendor.url" value="https://adoptium.net/"/>
    <property name="user.timezone" value="Etc/UTC"/>
    <property name="maven-surefire-plugin.argLineAccessArgs" value=" --add-opens java.management/com.sun.jmx.mbeanserver=ALL-UNNAMED --add-exports java.management/com.sun.jmx.mbeanserver=ALL-UNNAMED --add-opens java.base/java.nio=ALL-UNNAMED --add-opens java.base/java.lang=ALL-UNNAMED --add-opens java.base/java.lang.reflect=ALL-UNNAMED"/>
    <property name="os.name" value="Linux"/>
    <property name="java.vm.specification.version" value="21"/>
    <property name="test.build.data" value="/home/runner/work/ozone/ozone/hadoop-ozone/integration-test/target/test-dir"/>
    <property name="sun.java.launcher" value="SUN_STANDARD"/>
    <property name="sun.boot.library.path" value="/usr/lib/jvm/temurin-21-jdk-amd64/lib"/>
    <property name="sun.java.command" value="/home/runner/work/ozone/ozone/hadoop-ozone/integration-test/target/surefire/surefirebooter-20250703190923392_1106.jar /home/runner/work/ozone/ozone/hadoop-ozone/integration-test/target/surefire 2025-07-03T19-00-20_149-jvmRun1 surefire-20250703190923392_1104tmp surefire_158-20250703190923392_1105tmp"/>
    <property name="jdk.debug" value="release"/>
    <property name="native.lib.tmp.dir" value="/tmp"/>
    <property name="surefire.test.class.path" value="/home/runner/work/ozone/ozone/hadoop-ozone/integration-test/target/test-classes:/home/runner/work/ozone/ozone/hadoop-ozone/integration-test/target/classes:/home/runner/.m2/repository/ch/qos/reload4j/reload4j/1.2.26/reload4j-1.2.26.jar:/home/runner/.m2/repository/com/fasterxml/jackson/core/jackson-core/2.16.2/jackson-core-2.16.2.jar:/home/runner/.m2/repository/com/fasterxml/jackson/core/jackson-databind/2.16.2/jackson-databind-2.16.2.jar:/home/runner/.m2/repository/com/fasterxml/jackson/core/jackson-annotations/2.16.2/jackson-annotations-2.16.2.jar:/home/runner/.m2/repository/com/github/stephenc/jcip/jcip-annotations/1.0-1/jcip-annotations-1.0-1.jar:/home/runner/.m2/repository/com/google/guava/guava/32.1.3-jre/guava-32.1.3-jre.jar:/home/runner/.m2/repository/com/google/guava/failureaccess/1.0.1/failureaccess-1.0.1.jar:/home/runner/.m2/repository/com/google/guava/listenablefuture/9999.0-empty-to-avoid-conflict-with-guava/listenablefuture-9999.0-empty-to-avoid-conflict-with-guava.jar:/home/runner/.m2/repository/org/checkerframework/checker-qual/3.37.0/checker-qual-3.37.0.jar:/home/runner/.m2/repository/com/google/errorprone/error_prone_annotations/2.29.2/error_prone_annotations-2.29.2.jar:/home/runner/.m2/repository/com/google/j2objc/j2objc-annotations/2.8/j2objc-annotations-2.8.jar:/home/runner/.m2/repository/com/google/protobuf/protobuf-java/2.5.0/protobuf-java-2.5.0.jar:/home/runner/.m2/repository/com/squareup/okhttp3/okhttp/4.12.0/okhttp-4.12.0.jar:/home/runner/.m2/repository/com/squareup/okio/okio/3.6.0/okio-3.6.0.jar:/home/runner/.m2/repository/com/squareup/okio/okio-jvm/3.6.0/okio-jvm-3.6.0.jar:/home/runner/.m2/repository/org/jetbrains/kotlin/kotlin-stdlib-common/1.9.25/kotlin-stdlib-common-1.9.25.jar:/home/runner/.m2/repository/org/jetbrains/kotlin/kotlin-stdlib-jdk8/1.9.25/kotlin-stdlib-jdk8-1.9.25.jar:/home/runner/.m2/repository/org/jetbrains/kotlin/kotlin-stdlib/1.9.25/kotlin-stdlib-1.9.25.jar:/home/runner/.m2/repository/org/jetbrains/annotations/13.0/annotations-13.0.jar:/home/runner/.m2/repository/org/jetbrains/kotlin/kotlin-stdlib-jdk7/1.9.25/kotlin-stdlib-jdk7-1.9.25.jar:/home/runner/.m2/repository/commons-codec/commons-codec/1.18.0/commons-codec-1.18.0.jar:/home/runner/.m2/repository/commons-io/commons-io/2.18.0/commons-io-2.18.0.jar:/home/runner/.m2/repository/commons-validator/commons-validator/1.6/commons-validator-1.6.jar:/home/runner/.m2/repository/commons-beanutils/commons-beanutils/1.11.0/commons-beanutils-1.11.0.jar:/home/runner/.m2/repository/commons-digester/commons-digester/1.8.1/commons-digester-1.8.1.jar:/home/runner/.m2/repository/commons-collections/commons-collections/3.2.2/commons-collections-3.2.2.jar:/home/runner/.m2/repository/info/picocli/picocli/4.7.7/picocli-4.7.7.jar:/home/runner/.m2/repository/jakarta/annotation/jakarta.annotation-api/2.1.1/jakarta.annotation-api-2.1.1.jar:/home/runner/.m2/repository/jakarta/xml/bind/jakarta.xml.bind-api/2.3.3/jakarta.xml.bind-api-2.3.3.jar:/home/runner/.m2/repository/jakarta/activation/jakarta.activation-api/1.2.2/jakarta.activation-api-1.2.2.jar:/home/runner/.m2/repository/javax/servlet/javax.servlet-api/3.1.0/javax.servlet-api-3.1.0.jar:/home/runner/.m2/repository/javax/ws/rs/jsr311-api/1.1.1/jsr311-api-1.1.1.jar:/home/runner/.m2/repository/org/apache/commons/commons-compress/1.27.1/commons-compress-1.27.1.jar:/home/runner/.m2/repository/org/apache/commons/commons-lang3/3.17.0/commons-lang3-3.17.0.jar:/home/runner/.m2/repository/org/apache/commons/commons-text/1.13.1/commons-text-1.13.1.jar:/home/runner/.m2/repository/org/apache/hadoop/hadoop-auth/3.4.1/hadoop-auth-3.4.1.jar:/home/runner/.m2/repository/com/nimbusds/nimbus-jose-jwt/9.40/nimbus-jose-jwt-9.40.jar:/home/runner/.m2/repository/io/dropwizard/metrics/metrics-core/3.2.6/metrics-core-3.2.6.jar:/home/runner/.m2/repository/org/apache/kerby/kerb-core/1.0.1/kerb-core-1.0.1.jar:/home/runner/.m2/repository/org/apache/kerby/kerby-pkix/1.0.1/kerby-pkix-1.0.1.jar:/home/runner/.m2/repository/org/apache/kerby/kerby-asn1/1.0.1/kerby-asn1-1.0.1.jar:/home/runner/.m2/repository/org/apache/kerby/kerb-util/1.0.1/kerb-util-1.0.1.jar:/home/runner/.m2/repository/org/apache/kerby/kerby-config/1.0.1/kerby-config-1.0.1.jar:/home/runner/.m2/repository/org/apache/kerby/kerb-crypto/1.0.1/kerb-crypto-1.0.1.jar:/home/runner/.m2/repository/org/apache/hadoop/thirdparty/hadoop-shaded-guava/1.3.0/hadoop-shaded-guava-1.3.0.jar:/home/runner/.m2/repository/org/apache/hadoop/hadoop-common/3.4.1/hadoop-common-3.4.1.jar:/home/runner/.m2/repository/org/apache/hadoop/thirdparty/hadoop-shaded-protobuf_3_25/1.4.0/hadoop-shaded-protobuf_3_25-1.4.0.jar:/home/runner/.m2/repository/org/apache/hadoop/hadoop-annotations/3.4.1/hadoop-annotations-3.4.1.jar:/home/runner/.m2/repository/commons-cli/commons-cli/1.8.0/commons-cli-1.8.0.jar:/home/runner/.m2/repository/commons-net/commons-net/3.11.1/commons-net-3.11.1.jar:/home/runner/.m2/repository/org/eclipse/jetty/jetty-server/9.4.57.v20241219/jetty-server-9.4.57.v20241219.jar:/home/runner/.m2/repository/org/eclipse/jetty/jetty-io/9.4.57.v20241219/jetty-io-9.4.57.v20241219.jar:/home/runner/.m2/repository/org/eclipse/jetty/jetty-util/9.4.57.v20241219/jetty-util-9.4.57.v20241219.jar:/home/runner/.m2/repository/org/eclipse/jetty/jetty-servlet/9.4.57.v20241219/jetty-servlet-9.4.57.v20241219.jar:/home/runner/.m2/repository/org/eclipse/jetty/jetty-security/9.4.57.v20241219/jetty-security-9.4.57.v20241219.jar:/home/runner/.m2/repository/org/eclipse/jetty/jetty-webapp/9.4.57.v20241219/jetty-webapp-9.4.57.v20241219.jar:/home/runner/.m2/repository/org/eclipse/jetty/jetty-xml/9.4.57.v20241219/jetty-xml-9.4.57.v20241219.jar:/home/runner/.m2/repository/javax/servlet/jsp/jsp-api/2.1/jsp-api-2.1.jar:/home/runner/.m2/repository/org/codehaus/jettison/jettison/1.5.4/jettison-1.5.4.jar:/home/runner/.m2/repository/org/apache/commons/commons-configuration2/2.12.0/commons-configuration2-2.12.0.jar:/home/runner/.m2/repository/com/google/re2j/re2j/1.7/re2j-1.7.jar:/home/runner/.m2/repository/com/google/code/gson/gson/2.10.1/gson-2.10.1.jar:/home/runner/.m2/repository/com/jcraft/jsch/0.1.55/jsch-0.1.55.jar:/home/runner/.m2/repository/io/netty/netty-handler/4.1.119.Final/netty-handler-4.1.119.Final.jar:/home/runner/.m2/repository/io/netty/netty-resolver/4.1.119.Final/netty-resolver-4.1.119.Final.jar:/home/runner/.m2/repository/io/netty/netty-transport-native-epoll/4.1.119.Final/netty-transport-native-epoll-4.1.119.Final.jar:/home/runner/.m2/repository/org/bouncycastle/bcprov-jdk18on/1.81/bcprov-jdk18on-1.81.jar:/home/runner/.m2/repository/org/codehaus/woodstox/stax2-api/4.2.1/stax2-api-4.2.1.jar:/home/runner/.m2/repository/com/fasterxml/woodstox/woodstox-core/5.4.0/woodstox-core-5.4.0.jar:/home/runner/.m2/repository/dnsjava/dnsjava/3.6.1/dnsjava-3.6.1.jar:/home/runner/.m2/repository/org/apache/hadoop/hadoop-common/3.4.1/hadoop-common-3.4.1-tests.jar:/home/runner/.m2/repository/org/apache/commons/commons-math3/3.6.1/commons-math3-3.6.1.jar:/home/runner/.m2/repository/com/sun/jersey/jersey-core/1.19.4/jersey-core-1.19.4.jar:/home/runner/.m2/repository/com/sun/jersey/jersey-servlet/1.19.4/jersey-servlet-1.19.4.jar:/home/runner/.m2/repository/com/github/pjfanning/jersey-json/1.22.0/jersey-json-1.22.0.jar:/home/runner/.m2/repository/com/sun/xml/bind/jaxb-impl/2.2.3-1/jaxb-impl-2.2.3-1.jar:/home/runner/.m2/repository/com/sun/jersey/jersey-server/1.19.4/jersey-server-1.19.4.jar:/home/runner/.m2/repository/org/slf4j/slf4j-reload4j/2.0.17/slf4j-reload4j-2.0.17.jar:/home/runner/.m2/repository/org/apache/avro/avro/1.9.2/avro-1.9.2.jar:/home/runner/.m2/repository/org/apache/curator/curator-client/4.2.0/curator-client-4.2.0.jar:/home/runner/.m2/repository/org/apache/curator/curator-recipes/5.2.0/curator-recipes-5.2.0.jar:/home/runner/.m2/repository/org/apache/curator/curator-framework/4.2.0/curator-framework-4.2.0.jar:/home/runner/.m2/repository/com/google/code/findbugs/jsr305/3.0.2/jsr305-3.0.2.jar:/home/runner/.m2/repository/org/apache/zookeeper/zookeeper/3.8.4/zookeeper-3.8.4.jar:/home/runner/.m2/repository/org/apache/zookeeper/zookeeper-jute/3.8.4/zookeeper-jute-3.8.4.jar:/home/runner/.m2/repository/org/apache/yetus/audience-annotations/0.12.0/audience-annotations-0.12.0.jar:/home/runner/.m2/repository/org/xerial/snappy/snappy-java/1.1.10.7/snappy-java-1.1.10.7.jar:/home/runner/.m2/repository/org/apache/hadoop/hadoop-distcp/3.4.1/hadoop-distcp-3.4.1.jar:/home/runner/.m2/repository/org/apache/hadoop/hadoop-distcp/3.4.1/hadoop-distcp-3.4.1-tests.jar:/home/runner/.m2/repository/org/apache/hadoop/hadoop-hdfs/3.4.1/hadoop-hdfs-3.4.1.jar:/home/runner/.m2/repository/org/eclipse/jetty/jetty-util-ajax/9.4.57.v20241219/jetty-util-ajax-9.4.57.v20241219.jar:/home/runner/.m2/repository/commons-daemon/commons-daemon/1.4.0/commons-daemon-1.4.0.jar:/home/runner/.m2/repository/org/apache/hadoop/hadoop-hdfs/3.4.1/hadoop-hdfs-3.4.1-tests.jar:/home/runner/.m2/repository/io/netty/netty-all/4.1.119.Final/netty-all-4.1.119.Final.jar:/home/runner/.m2/repository/io/netty/netty-codec-dns/4.1.119.Final/netty-codec-dns-4.1.119.Final.jar:/home/runner/.m2/repository/io/netty/netty-codec-haproxy/4.1.119.Final/netty-codec-haproxy-4.1.119.Final.jar:/home/runner/.m2/repository/io/netty/netty-codec-http/4.1.119.Final/netty-codec-http-4.1.119.Final.jar:/home/runner/.m2/repository/io/netty/netty-codec-memcache/4.1.119.Final/netty-codec-memcache-4.1.119.Final.jar:/home/runner/.m2/repository/io/netty/netty-codec-mqtt/4.1.119.Final/netty-codec-mqtt-4.1.119.Final.jar:/home/runner/.m2/repository/io/netty/netty-codec-redis/4.1.119.Final/netty-codec-redis-4.1.119.Final.jar:/home/runner/.m2/repository/io/netty/netty-codec-smtp/4.1.119.Final/netty-codec-smtp-4.1.119.Final.jar:/home/runner/.m2/repository/io/netty/netty-codec-socks/4.1.119.Final/netty-codec-socks-4.1.119.Final.jar:/home/runner/.m2/repository/io/netty/netty-codec-stomp/4.1.119.Final/netty-codec-stomp-4.1.119.Final.jar:/home/runner/.m2/repository/io/netty/netty-codec-xml/4.1.119.Final/netty-codec-xml-4.1.119.Final.jar:/home/runner/.m2/repository/io/netty/netty-handler-ssl-ocsp/4.1.119.Final/netty-handler-ssl-ocsp-4.1.119.Final.jar:/home/runner/.m2/repository/io/netty/netty-resolver-dns/4.1.119.Final/netty-resolver-dns-4.1.119.Final.jar:/home/runner/.m2/repository/io/netty/netty-transport-rxtx/4.1.119.Final/netty-transport-rxtx-4.1.119.Final.jar:/home/runner/.m2/repository/io/netty/netty-transport-sctp/4.1.119.Final/netty-transport-sctp-4.1.119.Final.jar:/home/runner/.m2/repository/io/netty/netty-transport-udt/4.1.119.Final/netty-transport-udt-4.1.119.Final.jar:/home/runner/.m2/repository/io/netty/netty-transport-classes-kqueue/4.1.119.Final/netty-transport-classes-kqueue-4.1.119.Final.jar:/home/runner/.m2/repository/io/netty/netty-resolver-dns-classes-macos/4.1.119.Final/netty-resolver-dns-classes-macos-4.1.119.Final.jar:/home/runner/.m2/repository/io/netty/netty-transport-native-epoll/4.1.119.Final/netty-transport-native-epoll-4.1.119.Final-linux-aarch_64.jar:/home/runner/.m2/repository/io/netty/netty-transport-native-epoll/4.1.119.Final/netty-transport-native-epoll-4.1.119.Final-linux-riscv64.jar:/home/runner/.m2/repository/io/netty/netty-transport-native-kqueue/4.1.119.Final/netty-transport-native-kqueue-4.1.119.Final-osx-x86_64.jar:/home/runner/.m2/repository/io/netty/netty-transport-native-kqueue/4.1.119.Final/netty-transport-native-kqueue-4.1.119.Final-osx-aarch_64.jar:/home/runner/.m2/repository/io/netty/netty-resolver-dns-native-macos/4.1.119.Final/netty-resolver-dns-native-macos-4.1.119.Final-osx-x86_64.jar:/home/runner/.m2/repository/io/netty/netty-resolver-dns-native-macos/4.1.119.Final/netty-resolver-dns-native-macos-4.1.119.Final-osx-aarch_64.jar:/home/runner/.m2/repository/org/fusesource/leveldbjni/leveldbjni-all/1.8/leveldbjni-all-1.8.jar:/home/runner/.m2/repository/org/apache/hadoop/hadoop-hdfs-client/3.4.1/hadoop-hdfs-client-3.4.1.jar:/home/runner/.m2/repository/org/apache/hadoop/hadoop-kms/3.4.1/hadoop-kms-3.4.1.jar:/home/runner/.m2/repository/org/apache/hadoop/hadoop-kms/3.4.1/hadoop-kms-3.4.1-tests.jar:/home/runner/.m2/repository/org/apache/hadoop/hadoop-mapreduce-client-core/3.4.1/hadoop-mapreduce-client-core-3.4.1.jar:/home/runner/.m2/repository/org/apache/hadoop/hadoop-yarn-client/3.4.1/hadoop-yarn-client-3.4.1.jar:/home/runner/.m2/repository/org/eclipse/jetty/websocket/websocket-client/9.4.53.v20231009/websocket-client-9.4.53.v20231009.jar:/home/runner/.m2/repository/org/eclipse/jetty/jetty-client/9.4.57.v20241219/jetty-client-9.4.57.v20241219.jar:/home/runner/.m2/repository/org/eclipse/jetty/websocket/websocket-common/9.4.53.v20231009/websocket-common-9.4.53.v20231009.jar:/home/runner/.m2/repository/org/eclipse/jetty/websocket/websocket-api/9.4.53.v20231009/websocket-api-9.4.53.v20231009.jar:/home/runner/.m2/repository/org/apache/hadoop/hadoop-yarn-api/3.4.1/hadoop-yarn-api-3.4.1.jar:/home/runner/.m2/repository/org/apache/hadoop/hadoop-yarn-common/3.4.1/hadoop-yarn-common-3.4.1.jar:/home/runner/.m2/repository/javax/xml/bind/jaxb-api/2.2.11/jaxb-api-2.2.11.jar:/home/runner/.m2/repository/com/sun/jersey/contribs/jersey-guice/1.19.4/jersey-guice-1.19.4.jar:/home/runner/.m2/repository/com/fasterxml/jackson/module/jackson-module-jaxb-annotations/2.16.2/jackson-module-jaxb-annotations-2.16.2.jar:/home/runner/.m2/repository/com/fasterxml/jackson/jaxrs/jackson-jaxrs-json-provider/2.16.2/jackson-jaxrs-json-provider-2.16.2.jar:/home/runner/.m2/repository/com/google/inject/extensions/guice-servlet/6.0.0/guice-servlet-6.0.0.jar:/home/runner/.m2/repository/org/apache/hadoop/hadoop-mapreduce-client-jobclient/3.4.1/hadoop-mapreduce-client-jobclient-3.4.1.jar:/home/runner/.m2/repository/org/apache/hadoop/hadoop-mapreduce-client-common/3.4.1/hadoop-mapreduce-client-common-3.4.1.jar:/home/runner/.m2/repository/org/apache/hadoop/hadoop-minikdc/3.4.1/hadoop-minikdc-3.4.1.jar:/home/runner/.m2/repository/org/apache/kerby/kerb-simplekdc/2.0.3/kerb-simplekdc-2.0.3.jar:/home/runner/.m2/repository/org/apache/kerby/kerb-client/2.0.3/kerb-client-2.0.3.jar:/home/runner/.m2/repository/org/apache/kerby/kerb-common/2.0.3/kerb-common-2.0.3.jar:/home/runner/.m2/repository/org/apache/kerby/token-provider/2.0.3/token-provider-2.0.3.jar:/home/runner/.m2/repository/org/apache/kerby/kerb-admin/2.0.3/kerb-admin-2.0.3.jar:/home/runner/.m2/repository/org/apache/kerby/kerb-server/2.0.3/kerb-server-2.0.3.jar:/home/runner/.m2/repository/org/apache/kerby/kerb-identity/2.0.3/kerb-identity-2.0.3.jar:/home/runner/.m2/repository/org/apache/kerby/kerby-xdr/2.0.3/kerby-xdr-2.0.3.jar:/home/runner/.m2/repository/junit/junit/4.13.2/junit-4.13.2.jar:/home/runner/.m2/repository/org/hamcrest/hamcrest-core/1.3/hamcrest-core-1.3.jar:/home/runner/.m2/repository/org/apache/httpcomponents/httpclient/4.5.14/httpclient-4.5.14.jar:/home/runner/.m2/repository/org/apache/httpcomponents/httpcore/4.4.16/httpcore-4.4.16.jar:/home/runner/.m2/repository/org/apache/kerby/kerby-util/1.0.1/kerby-util-1.0.1.jar:/home/runner/work/ozone/ozone/hadoop-hdds/client/target/hdds-client-2.1.0-SNAPSHOT.jar:/home/runner/.m2/repository/io/opentracing/opentracing-api/0.33.0/opentracing-api-0.33.0.jar:/home/runner/.m2/repository/io/opentracing/opentracing-util/0.33.0/opentracing-util-0.33.0.jar:/home/runner/.m2/repository/io/opentracing/opentracing-noop/0.33.0/opentracing-noop-0.33.0.jar:/home/runner/work/ozone/ozone/hadoop-hdds/erasurecode/target/hdds-erasurecode-2.1.0-SNAPSHOT.jar:/home/runner/work/ozone/ozone/hadoop-hdds/common/target/hdds-common-2.1.0-SNAPSHOT.jar:/home/runner/.m2/repository/com/fasterxml/jackson/datatype/jackson-datatype-jsr310/2.16.2/jackson-datatype-jsr310-2.16.2.jar:/home/runner/.m2/repository/io/jaegertracing/jaeger-core/1.8.1/jaeger-core-1.8.1.jar:/home/runner/.m2/repository/org/apache/ratis/ratis-netty/3.2.0/ratis-netty-3.2.0.jar:/home/runner/.m2/repository/org/yaml/snakeyaml/2.0/snakeyaml-2.0.jar:/home/runner/.m2/repository/io/jaegertracing/jaeger-client/1.8.1/jaeger-client-1.8.1.jar:/home/runner/.m2/repository/io/jaegertracing/jaeger-thrift/1.8.1/jaeger-thrift-1.8.1.jar:/home/runner/.m2/repository/org/apache/thrift/libthrift/0.15.0/libthrift-0.15.0.jar:/home/runner/.m2/repository/io/jaegertracing/jaeger-tracerresolver/1.8.1/jaeger-tracerresolver-1.8.1.jar:/home/runner/.m2/repository/io/opentracing/contrib/opentracing-tracerresolver/0.1.8/opentracing-tracerresolver-0.1.8.jar:/home/runner/.m2/repository/org/apache/ratis/ratis-metrics-dropwizard3/3.2.0/ratis-metrics-dropwizard3-3.2.0.jar:/home/runner/.m2/repository/org/slf4j/jcl-over-slf4j/2.0.17/jcl-over-slf4j-2.0.17.jar:/home/runner/work/ozone/ozone/hadoop-hdds/common/target/hdds-common-2.1.0-SNAPSHOT-tests.jar:/home/runner/work/ozone/ozone/hadoop-hdds/config/target/hdds-config-2.1.0-SNAPSHOT.jar:/home/runner/work/ozone/ozone/hadoop-hdds/container-service/target/hdds-container-service-2.1.0-SNAPSHOT.jar:/home/runner/.m2/repository/io/netty/netty-buffer/4.1.119.Final/netty-buffer-4.1.119.Final.jar:/home/runner/.m2/repository/io/netty/netty-codec/4.1.119.Final/netty-codec-4.1.119.Final.jar:/home/runner/.m2/repository/io/netty/netty-common/4.1.119.Final/netty-common-4.1.119.Final.jar:/home/runner/.m2/repository/io/netty/netty-transport/4.1.119.Final/netty-transport-4.1.119.Final.jar:/home/runner/.m2/repository/org/apache/logging/log4j/log4j-api/2.25.0/log4j-api-2.25.0.jar:/home/runner/.m2/repository/com/github/luben/zstd-jni/1.5.7-3/zstd-jni-1.5.7-3.jar:/home/runner/.m2/repository/log4j/apache-log4j-extras/1.2.17/apache-log4j-extras-1.2.17.jar:/home/runner/.m2/repository/org/glassfish/jaxb/jaxb-runtime/2.3.9/jaxb-runtime-2.3.9.jar:/home/runner/.m2/repository/org/glassfish/jaxb/txw2/2.3.9/txw2-2.3.9.jar:/home/runner/.m2/repository/com/sun/istack/istack-commons-runtime/3.0.12/istack-commons-runtime-3.0.12.jar:/home/runner/.m2/repository/com/sun/activation/jakarta.activation/1.2.2/jakarta.activation-1.2.2.jar:/home/runner/work/ozone/ozone/hadoop-hdds/container-service/target/hdds-container-service-2.1.0-SNAPSHOT-tests.jar:/home/runner/work/ozone/ozone/hadoop-hdds/interface-admin/target/hdds-interface-admin-2.1.0-SNAPSHOT.jar:/home/runner/work/ozone/ozone/hadoop-hdds/interface-client/target/hdds-interface-client-2.1.0-SNAPSHOT.jar:/home/runner/work/ozone/ozone/hadoop-hdds/interface-server/target/hdds-interface-server-2.1.0-SNAPSHOT.jar:/home/runner/work/ozone/ozone/hadoop-hdds/managed-rocksdb/target/hdds-managed-rocksdb-2.1.0-SNAPSHOT.jar:/home/runner/work/ozone/ozone/hadoop-hdds/rocks-native/target/hdds-rocks-native-2.1.0-SNAPSHOT.jar:/home/runner/work/ozone/ozone/hadoop-hdds/framework/target/hdds-server-framework-2.1.0-SNAPSHOT.jar:/home/runner/.m2/repository/com/github/jnr/jnr-constants/0.10.4/jnr-constants-0.10.4.jar:/home/runner/.m2/repository/com/github/jnr/jnr-posix/3.1.20/jnr-posix-3.1.20.jar:/home/runner/.m2/repository/com/github/jnr/jnr-ffi/2.2.17/jnr-ffi-2.2.17.jar:/home/runner/.m2/repository/com/github/jnr/jffi/1.3.13/jffi-1.3.13.jar:/home/runner/.m2/repository/com/github/jnr/jffi/1.3.13/jffi-1.3.13-native.jar:/home/runner/.m2/repository/org/ow2/asm/asm/9.7.1/asm-9.7.1.jar:/home/runner/.m2/repository/org/ow2/asm/asm-commons/9.7.1/asm-commons-9.7.1.jar:/home/runner/.m2/repository/org/ow2/asm/asm-analysis/9.7.1/asm-analysis-9.7.1.jar:/home/runner/.m2/repository/org/ow2/asm/asm-tree/9.7.1/asm-tree-9.7.1.jar:/home/runner/.m2/repository/org/ow2/asm/asm-util/9.7.1/asm-util-9.7.1.jar:/home/runner/.m2/repository/com/github/jnr/jnr-a64asm/1.0.0/jnr-a64asm-1.0.0.jar:/home/runner/.m2/repository/com/github/jnr/jnr-x86asm/1.0.2/jnr-x86asm-1.0.2.jar:/home/runner/.m2/repository/commons-fileupload/commons-fileupload/1.5/commons-fileupload-1.5.jar:/home/runner/.m2/repository/io/grpc/grpc-api/1.71.0/grpc-api-1.71.0.jar:/home/runner/.m2/repository/io/prometheus/simpleclient/0.16.0/simpleclient-0.16.0.jar:/home/runner/.m2/repository/io/prometheus/simpleclient_common/0.16.0/simpleclient_common-0.16.0.jar:/home/runner/.m2/repository/io/prometheus/simpleclient_dropwizard/0.16.0/simpleclient_dropwizard-0.16.0.jar:/home/runner/.m2/repository/jakarta/ws/rs/jakarta.ws.rs-api/2.1.6/jakarta.ws.rs-api-2.1.6.jar:/home/runner/.m2/repository/org/eclipse/jetty/jetty-http/9.4.57.v20241219/jetty-http-9.4.57.v20241219.jar:/home/runner/.m2/repository/org/glassfish/jersey/containers/jersey-container-servlet-core/2.47/jersey-container-servlet-core-2.47.jar:/home/runner/.m2/repository/org/glassfish/jersey/core/jersey-server/2.47/jersey-server-2.47.jar:/home/runner/.m2/repository/org/glassfish/jersey/core/jersey-client/2.47/jersey-client-2.47.jar:/home/runner/.m2/repository/com/lmax/disruptor/3.4.4/disruptor-3.4.4.jar:/home/runner/.m2/repository/org/apache/logging/log4j/log4j-core/2.25.0/log4j-core-2.25.0.jar:/home/runner/work/ozone/ozone/hadoop-hdds/framework/target/hdds-server-framework-2.1.0-SNAPSHOT-tests.jar:/home/runner/work/ozone/ozone/hadoop-hdds/server-scm/target/hdds-server-scm-2.1.0-SNAPSHOT.jar:/home/runner/work/ozone/ozone/hadoop-hdds/server-scm/target/hdds-server-scm-2.1.0-SNAPSHOT-tests.jar:/home/runner/work/ozone/ozone/hadoop-hdds/test-utils/target/hdds-test-utils-2.1.0-SNAPSHOT-tests.jar:/home/runner/work/ozone/ozone/hadoop-ozone/cli-admin/target/ozone-cli-admin-2.1.0-SNAPSHOT.jar:/home/runner/work/ozone/ozone/hadoop-ozone/cli-shell/target/ozone-cli-shell-2.1.0-SNAPSHOT.jar:/home/runner/.m2/repository/info/picocli/picocli-shell-jline3/4.7.7/picocli-shell-jline3-4.7.7.jar:/home/runner/.m2/repository/org/jline/jline/3.30.4/jline-3.30.4.jar:/home/runner/work/ozone/ozone/hadoop-ozone/client/target/ozone-client-2.1.0-SNAPSHOT.jar:/home/runner/work/ozone/ozone/hadoop-ozone/common/target/ozone-common-2.1.0-SNAPSHOT.jar:/home/runner/.m2/repository/io/grpc/grpc-netty/1.71.0/grpc-netty-1.71.0.jar:/home/runner/.m2/repository/org/codehaus/mojo/animal-sniffer-annotations/1.24/animal-sniffer-annotations-1.24.jar:/home/runner/.m2/repository/io/grpc/grpc-core/1.71.0/grpc-core-1.71.0.jar:/home/runner/.m2/repository/com/google/android/annotations/4.1.1.4/annotations-4.1.1.4.jar:/home/runner/.m2/repository/io/grpc/grpc-context/1.71.0/grpc-context-1.71.0.jar:/home/runner/.m2/repository/io/perfmark/perfmark-api/0.27.0/perfmark-api-0.27.0.jar:/home/runner/.m2/repository/io/grpc/grpc-util/1.71.0/grpc-util-1.71.0.jar:/home/runner/.m2/repository/io/netty/netty-codec-http2/4.1.119.Final/netty-codec-http2-4.1.119.Final.jar:/home/runner/.m2/repository/io/netty/netty-handler-proxy/4.1.119.Final/netty-handler-proxy-4.1.119.Final.jar:/home/runner/.m2/repository/io/netty/netty-tcnative-boringssl-static/2.0.70.Final/netty-tcnative-boringssl-static-2.0.70.Final.jar:/home/runner/.m2/repository/io/netty/netty-tcnative-classes/2.0.70.Final/netty-tcnative-classes-2.0.70.Final.jar:/home/runner/.m2/repository/io/netty/netty-tcnative-boringssl-static/2.0.70.Final/netty-tcnative-boringssl-static-2.0.70.Final-linux-x86_64.jar:/home/runner/.m2/repository/io/netty/netty-tcnative-boringssl-static/2.0.70.Final/netty-tcnative-boringssl-static-2.0.70.Final-linux-aarch_64.jar:/home/runner/.m2/repository/io/netty/netty-tcnative-boringssl-static/2.0.70.Final/netty-tcnative-boringssl-static-2.0.70.Final-osx-x86_64.jar:/home/runner/.m2/repository/io/netty/netty-tcnative-boringssl-static/2.0.70.Final/netty-tcnative-boringssl-static-2.0.70.Final-osx-aarch_64.jar:/home/runner/.m2/repository/io/netty/netty-tcnative-boringssl-static/2.0.70.Final/netty-tcnative-boringssl-static-2.0.70.Final-windows-x86_64.jar:/home/runner/work/ozone/ozone/hadoop-ozone/csi/target/ozone-csi-2.1.0-SNAPSHOT.jar:/home/runner/.m2/repository/io/grpc/grpc-protobuf/1.71.0/grpc-protobuf-1.71.0.jar:/home/runner/.m2/repository/com/google/api/grpc/proto-google-common-protos/2.51.0/proto-google-common-protos-2.51.0.jar:/home/runner/.m2/repository/io/grpc/grpc-protobuf-lite/1.71.0/grpc-protobuf-lite-1.71.0.jar:/home/runner/.m2/repository/io/grpc/grpc-stub/1.71.0/grpc-stub-1.71.0.jar:/home/runner/.m2/repository/io/netty/netty-transport-classes-epoll/4.1.119.Final/netty-transport-classes-epoll-4.1.119.Final.jar:/home/runner/.m2/repository/io/netty/netty-transport-native-unix-common/4.1.119.Final/netty-transport-native-unix-common-4.1.119.Final.jar:/home/runner/.m2/repository/io/netty/netty-transport-native-epoll/4.1.119.Final/netty-transport-native-epoll-4.1.119.Final-linux-x86_64.jar:/home/runner/work/ozone/ozone/hadoop-ozone/ozonefs/target/ozone-filesystem-2.1.0-SNAPSHOT.jar:/home/runner/work/ozone/ozone/hadoop-ozone/ozonefs-common/target/ozone-filesystem-common-2.1.0-SNAPSHOT.jar:/home/runner/work/ozone/ozone/hadoop-ozone/freon/target/ozone-freon-2.1.0-SNAPSHOT.jar:/home/runner/.m2/repository/com/amazonaws/aws-java-sdk-core/1.12.661/aws-java-sdk-core-1.12.661.jar:/home/runner/.m2/repository/com/fasterxml/jackson/dataformat/jackson-dataformat-cbor/2.16.2/jackson-dataformat-cbor-2.16.2.jar:/home/runner/.m2/repository/joda-time/joda-time/2.12.7/joda-time-2.12.7.jar:/home/runner/.m2/repository/com/amazonaws/aws-java-sdk-s3/1.12.661/aws-java-sdk-s3-1.12.661.jar:/home/runner/.m2/repository/com/amazonaws/aws-java-sdk-kms/1.12.661/aws-java-sdk-kms-1.12.661.jar:/home/runner/.m2/repository/com/amazonaws/jmespath-java/1.12.661/jmespath-java-1.12.661.jar:/home/runner/work/ozone/ozone/hadoop-ozone/interface-client/target/ozone-interface-client-2.1.0-SNAPSHOT.jar:/home/runner/work/ozone/ozone/hadoop-ozone/interface-storage/target/ozone-interface-storage-2.1.0-SNAPSHOT.jar:/home/runner/work/ozone/ozone/hadoop-ozone/ozone-manager/target/ozone-manager-2.1.0-SNAPSHOT.jar:/home/runner/.m2/repository/com/sun/jersey/jersey-client/1.19.4/jersey-client-1.19.4.jar:/home/runner/.m2/repository/org/apache/ranger/ranger-plugins-common/2.6.0/ranger-plugins-common-2.6.0.jar:/home/runner/.m2/repository/com/fasterxml/jackson/jaxrs/jackson-jaxrs-base/2.16.2/jackson-jaxrs-base-2.16.2.jar:/home/runner/.m2/repository/com/kstruct/gethostname4j/1.0.0/gethostname4j-1.0.0.jar:/home/runner/.m2/repository/commons-lang/commons-lang/2.6/commons-lang-2.6.jar:/home/runner/.m2/repository/net/java/dev/jna/jna/5.2.0/jna-5.2.0.jar:/home/runner/.m2/repository/net/java/dev/jna/jna-platform/5.2.0/jna-platform-5.2.0.jar:/home/runner/.m2/repository/org/apache/ranger/ranger-plugin-classloader/2.6.0/ranger-plugin-classloader-2.6.0.jar:/home/runner/.m2/repository/org/apache/ranger/ranger-plugins-audit/2.6.0/ranger-plugins-audit-2.6.0.jar:/home/runner/.m2/repository/com/amazonaws/aws-java-sdk-logs/1.12.765/aws-java-sdk-logs-1.12.765.jar:/home/runner/.m2/repository/com/carrotsearch/hppc/0.8.0/hppc-0.8.0.jar:/home/runner/.m2/repository/io/airlift/aircompressor/0.27/aircompressor-0.27.jar:/home/runner/.m2/repository/org/apache/httpcomponents/httpasyncclient/4.1.4/httpasyncclient-4.1.4.jar:/home/runner/.m2/repository/org/apache/httpcomponents/httpcore-nio/4.4.16/httpcore-nio-4.4.16.jar:/home/runner/.m2/repository/org/apache/httpcomponents/httpmime/4.5.13/httpmime-4.5.13.jar:/home/runner/.m2/repository/org/apache/orc/orc-core/1.5.8/orc-core-1.5.8.jar:/home/runner/.m2/repository/org/apache/orc/orc-shims/1.5.8/orc-shims-1.5.8.jar:/home/runner/.m2/repository/org/apache/ranger/ranger-plugins-cred/2.6.0/ranger-plugins-cred-2.6.0.jar:/home/runner/.m2/repository/org/aspectj/aspectjrt/1.9.7/aspectjrt-1.9.7.jar:/home/runner/work/ozone/ozone/hadoop-ozone/ozone-manager/target/ozone-manager-2.1.0-SNAPSHOT-tests.jar:/home/runner/work/ozone/ozone/hadoop-ozone/mini-cluster/target/ozone-mini-cluster-2.1.0-SNAPSHOT.jar:/home/runner/work/ozone/ozone/hadoop-ozone/recon/target/ozone-recon-2.1.0-SNAPSHOT.jar:/home/runner/.m2/repository/aopalliance/aopalliance/1.0/aopalliance-1.0.jar:/home/runner/.m2/repository/com/google/inject/guice/6.0.0/guice-6.0.0.jar:/home/runner/.m2/repository/jakarta/inject/jakarta.inject-api/2.0.1/jakarta.inject-api-2.0.1.jar:/home/runner/.m2/repository/com/jolbox/bonecp/0.8.0.RELEASE/bonecp-0.8.0.RELEASE.jar:/home/runner/.m2/repository/jakarta/validation/jakarta.validation-api/2.0.2/jakarta.validation-api-2.0.2.jar:/home/runner/.m2/repository/javax/annotation/javax.annotation-api/1.3.2/javax.annotation-api-1.3.2.jar:/home/runner/.m2/repository/javax/inject/javax.inject/1/javax.inject-1.jar:/home/runner/.m2/repository/org/apache/derby/derby/10.14.2.0/derby-10.14.2.0.jar:/home/runner/.m2/repository/org/glassfish/hk2/guice-bridge/2.6.1/guice-bridge-2.6.1.jar:/home/runner/.m2/repository/org/glassfish/hk2/hk2-api/2.6.1/hk2-api-2.6.1.jar:/home/runner/.m2/repository/org/glassfish/hk2/hk2-utils/2.6.1/hk2-utils-2.6.1.jar:/home/runner/.m2/repository/org/glassfish/hk2/external/aopalliance-repackaged/2.6.1/aopalliance-repackaged-2.6.1.jar:/home/runner/.m2/repository/org/glassfish/jersey/core/jersey-common/2.47/jersey-common-2.47.jar:/home/runner/.m2/repository/org/glassfish/hk2/osgi-resource-locator/1.0.3/osgi-resource-locator-1.0.3.jar:/home/runner/.m2/repository/org/jooq/jooq/3.11.10/jooq-3.11.10.jar:/home/runner/.m2/repository/org/springframework/spring-core/5.3.39/spring-core-5.3.39.jar:/home/runner/.m2/repository/org/springframework/spring-jdbc/5.3.39/spring-jdbc-5.3.39.jar:/home/runner/.m2/repository/org/springframework/spring-beans/5.3.39/spring-beans-5.3.39.jar:/home/runner/.m2/repository/org/springframework/spring-tx/5.3.39/spring-tx-5.3.39.jar:/home/runner/.m2/repository/org/xerial/sqlite-jdbc/3.50.1.0/sqlite-jdbc-3.50.1.0.jar:/home/runner/.m2/repository/com/google/inject/extensions/guice-assistedinject/6.0.0/guice-assistedinject-6.0.0.jar:/home/runner/.m2/repository/org/glassfish/hk2/external/jakarta.inject/2.6.1/jakarta.inject-2.6.1.jar:/home/runner/.m2/repository/org/glassfish/jersey/inject/jersey-hk2/2.47/jersey-hk2-2.47.jar:/home/runner/.m2/repository/org/glassfish/hk2/hk2-locator/2.6.1/hk2-locator-2.6.1.jar:/home/runner/.m2/repository/org/glassfish/jersey/media/jersey-media-jaxb/2.47/jersey-media-jaxb-2.47.jar:/home/runner/.m2/repository/org/glassfish/jersey/media/jersey-media-json-jackson/2.47/jersey-media-json-jackson-2.47.jar:/home/runner/.m2/repository/org/glassfish/jersey/ext/jersey-entity-filtering/2.47/jersey-entity-filtering-2.47.jar:/home/runner/work/ozone/ozone/hadoop-ozone/recon-codegen/target/ozone-reconcodegen-2.1.0-SNAPSHOT.jar:/home/runner/.m2/repository/org/jooq/jooq-codegen/3.11.10/jooq-codegen-3.11.10.jar:/home/runner/.m2/repository/org/jooq/jooq-meta/3.11.10/jooq-meta-3.11.10.jar:/home/runner/work/ozone/ozone/hadoop-ozone/s3gateway/target/ozone-s3gateway-2.1.0-SNAPSHOT.jar:/home/runner/work/ozone/ozone/hadoop-ozone/tools/target/ozone-tools-2.1.0-SNAPSHOT.jar:/home/runner/.m2/repository/com/github/vlsi/mxgraph/jgraphx/3.9.12/jgraphx-3.9.12.jar:/home/runner/.m2/repository/org/apache/ratis/ratis-shell/3.2.0/ratis-shell-3.2.0.jar:/home/runner/.m2/repository/org/apache/ratis/ratis-tools/3.2.0/ratis-tools-3.2.0.jar:/home/runner/.m2/repository/org/jgrapht/jgrapht-core/1.4.0/jgrapht-core-1.4.0.jar:/home/runner/.m2/repository/org/jheaps/jheaps/0.11/jheaps-0.11.jar:/home/runner/.m2/repository/org/jgrapht/jgrapht-ext/1.4.0/jgrapht-ext-1.4.0.jar:/home/runner/work/ozone/ozone/hadoop-hdds/rocksdb-checkpoint-differ/target/rocksdb-checkpoint-differ-2.1.0-SNAPSHOT.jar:/home/runner/.m2/repository/org/apache/ranger/ranger-intg/2.6.0/ranger-intg-2.6.0.jar:/home/runner/.m2/repository/org/apache/ratis/ratis-client/3.2.0/ratis-client-3.2.0.jar:/home/runner/.m2/repository/org/apache/ratis/ratis-common/3.2.0/ratis-common-3.2.0.jar:/home/runner/.m2/repository/org/apache/ratis/ratis-grpc/3.2.0/ratis-grpc-3.2.0.jar:/home/runner/.m2/repository/org/apache/ratis/ratis-metrics-api/3.2.0/ratis-metrics-api-3.2.0.jar:/home/runner/.m2/repository/org/apache/ratis/ratis-proto/3.2.0/ratis-proto-3.2.0.jar:/home/runner/.m2/repository/org/apache/ratis/ratis-server/3.2.0/ratis-server-3.2.0.jar:/home/runner/.m2/repository/org/apache/ratis/ratis-server-api/3.2.0/ratis-server-api-3.2.0.jar:/home/runner/.m2/repository/org/apache/ratis/ratis-thirdparty-misc/1.0.9/ratis-thirdparty-misc-1.0.9.jar:/home/runner/.m2/repository/org/bouncycastle/bcpkix-jdk18on/1.81/bcpkix-jdk18on-1.81.jar:/home/runner/.m2/repository/org/bouncycastle/bcutil-jdk18on/1.81/bcutil-jdk18on-1.81.jar:/home/runner/.m2/repository/org/hamcrest/hamcrest/2.2/hamcrest-2.2.jar:/home/runner/.m2/repository/org/reflections/reflections/0.10.2/reflections-0.10.2.jar:/home/runner/.m2/repository/org/javassist/javassist/3.30.2-GA/javassist-3.30.2-GA.jar:/home/runner/.m2/repository/org/rocksdb/rocksdbjni/7.7.3/rocksdbjni-7.7.3.jar:/home/runner/.m2/repository/org/slf4j/jul-to-slf4j/2.0.17/jul-to-slf4j-2.0.17.jar:/home/runner/.m2/repository/org/slf4j/slf4j-api/2.0.17/slf4j-api-2.0.17.jar:/home/runner/.m2/repository/org/assertj/assertj-core/3.27.3/assertj-core-3.27.3.jar:/home/runner/.m2/repository/net/bytebuddy/byte-buddy/1.15.11/byte-buddy-1.15.11.jar:/home/runner/.m2/repository/org/junit/jupiter/junit-jupiter-api/5.13.2/junit-jupiter-api-5.13.2.jar:/home/runner/.m2/repository/org/opentest4j/opentest4j/1.3.0/opentest4j-1.3.0.jar:/home/runner/.m2/repository/org/junit/platform/junit-platform-commons/1.13.2/junit-platform-commons-1.13.2.jar:/home/runner/.m2/repository/org/apiguardian/apiguardian-api/1.1.2/apiguardian-api-1.1.2.jar:/home/runner/.m2/repository/org/junit/jupiter/junit-jupiter-params/5.13.2/junit-jupiter-params-5.13.2.jar:/home/runner/.m2/repository/org/mockito/mockito-core/4.11.0/mockito-core-4.11.0.jar:/home/runner/.m2/repository/net/bytebuddy/byte-buddy-agent/1.12.19/byte-buddy-agent-1.12.19.jar:/home/runner/.m2/repository/org/objenesis/objenesis/3.3/objenesis-3.3.jar:/home/runner/.m2/repository/org/mockito/mockito-inline/4.11.0/mockito-inline-4.11.0.jar:/home/runner/.m2/repository/org/mockito/mockito-junit-jupiter/4.11.0/mockito-junit-jupiter-4.11.0.jar:/home/runner/work/ozone/ozone/hadoop-ozone/integration-test/target/gradle-enterprise/test-listeners.jar:"/>
    <property name="sun.cpu.endian" value="little"/>
    <property name="user.home" value="/home/runner"/>
    <property name="user.language" value="en"/>
    <property name="java.specification.vendor" value="Oracle Corporation"/>
    <property name="skipRecon" value="true"/>
    <property name="java.version.date" value="2025-04-15"/>
    <property name="java.home" value="/usr/lib/jvm/temurin-21-jdk-amd64"/>
    <property name="java.security.krb5.conf" value="/home/runner/work/ozone/ozone/hadoop-ozone/integration-test/target/test-classes/krb5.conf"/>
    <property name="file.separator" value="/"/>
    <property name="basedir" value="/home/runner/work/ozone/ozone/hadoop-ozone/integration-test"/>
    <property name="java.vm.compressedOopsMode" value="Zero based"/>
    <property name="line.separator" value="&#10;"/>
    <property name="java.vm.specification.vendor" value="Oracle Corporation"/>
    <property name="java.specification.name" value="Java Platform API Specification"/>
    <property name="surefire.real.class.path" value="/home/runner/work/ozone/ozone/hadoop-ozone/integration-test/target/surefire/surefirebooter-20250703190923392_1106.jar"/>
    <property name="hadoop.log.dir" value="/home/runner/work/ozone/ozone/hadoop-ozone/integration-test/target/log"/>
    <property name="sun.management.compiler" value="HotSpot 64-Bit Tiered Compilers"/>
    <property name="skipShade" value="true"/>
    <property name="java.runtime.version" value="21.0.7+6-LTS"/>
    <property name="user.name" value="runner"/>
    <property name="java.net.preferIPv4Stack" value="true"/>
    <property name="stdout.encoding" value="UTF-8"/>
    <property name="path.separator" value=":"/>
    <property name="java.security.egd" value="file:///dev/urandom"/>
    <property name="os.version" value="6.11.0-1015-azure"/>
    <property name="java.runtime.name" value="OpenJDK Runtime Environment"/>
    <property name="com.gradle.maven.scan.extension.test.listener.junitplatform.NestedExecutionSafeDelegatingTestExecutionListener" value="2b43529a"/>
    <property name="file.encoding" value="UTF-8"/>
    <property name="java.vm.name" value="OpenJDK 64-Bit Server VM"/>
    <property name="rocks_tools_native" value="true"/>
    <property name="java.vendor.version" value="Temurin-21.0.7+6"/>
    <property name="test.build.webapps" value=""/>
    <property name="develocity.listener.surefire.forkId" value="1"/>
    <property name="localRepository" value="/home/runner/.m2/repository"/>
    <property name="java.vendor.url.bug" value="https://github.com/adoptium/adoptium-support/issues"/>
    <property name="jetty.git.hash" value="df524e6b29271c2e09ba9aea83c18dc9db464a31"/>
    <property name="java.io.tmpdir" value="/tmp"/>
    <property name="require.test.libhadoop" value=""/>
    <property name="java.version" value="21.0.7"/>
    <property name="user.dir" value="/home/runner/work/ozone/ozone/hadoop-ozone/integration-test"/>
    <property name="os.arch" value="amd64"/>
    <property name="java.vm.specification.name" value="Java Virtual Machine Specification"/>
    <property name="test.build.classes" value="/home/runner/work/ozone/ozone/hadoop-ozone/integration-test/target/test-classes"/>
    <property name="org.apache.ratis.thirdparty.io.netty.allocator.useCacheForAllThreads" value="false"/>
    <property name="native.encoding" value="UTF-8"/>
    <property name="hadoop.tmp.dir" value="/home/runner/work/ozone/ozone/hadoop-ozone/integration-test/target/tmp"/>
    <property name="java.library.path" value="/usr/java/packages/lib:/usr/lib64:/lib64:/lib:/usr/lib"/>
    <property name="java.vm.info" value="mixed mode, sharing"/>
    <property name="stderr.encoding" value="UTF-8"/>
    <property name="java.vendor" value="Eclipse Adoptium"/>
    <property name="java.vm.version" value="21.0.7+6-LTS"/>
    <property name="sun.io.unicode.encoding" value="UnicodeLittle"/>
    <property name="develocity.listener.port" value="39175"/>
    <property name="java.class.version" value="65.0"/>
  </properties>
  <testcase name="testCreateEC" classname="org.apache.ozone.test.NonHATests$ContainerOperations" time="0.022">
    <system-out><![CDATA[2025-07-03 19:36:53,693 [main] INFO  proxy.SCMContainerLocationFailoverProxyProvider (SCMFailoverProxyProviderBase.java:<init>(120)) - Created fail-over proxy for protocol StorageContainerLocationProtocolPB with 1 nodes: [nodeId=scmNodeId,nodeAddress=/0.0.0.0:15000]
2025-07-03 19:36:53,693 [main] INFO  proxy.SecretKeyProtocolFailoverProxyProvider (SCMFailoverProxyProviderBase.java:<init>(120)) - Created fail-over proxy for protocol SecretKeyProtocolScmPB with 1 nodes: [nodeId=scmNodeId,nodeAddress=/0.0.0.0:9961]
2025-07-03 19:36:53,708 [3ae8807d-e442-4742-971d-19f19bb3cc8e-ChunkReader-5] WARN  statemachine.DatanodeConfiguration (DatanodeConfiguration.java:validateMinFreeSpace(751)) - hdds.datanode.volume.min.free.space.percent = -1.0 is invalid, should be between 0 and 1
2025-07-03 19:36:53,709 [3ae8807d-e442-4742-971d-19f19bb3cc8e-ChunkReader-5] WARN  statemachine.DatanodeConfiguration (DatanodeConfiguration.java:validateMinFreeSpace(751)) - hdds.datanode.volume.min.free.space.percent = -1.0 is invalid, should be between 0 and 1
2025-07-03 19:36:53,715 [FixedThreadPoolWithAffinityExecutor-0-0] ERROR report.ContainerReportValidator$ECReplicaValidator (ContainerReportValidator.java:validate(71)) - ContainerReplicaReport for ContainerID: 65 in Datanode: 3ae8807d-e442-4742-971d-19f19bb3cc8e(localhost/127.0.0.1) failed. Replica Index should be between 1 and 5. Given Replica Index: 0
]]></system-out>
  </testcase>
  <testcase name="testCreateRatis" classname="org.apache.ozone.test.NonHATests$ContainerOperations" time="2.84">
    <system-out><![CDATA[2025-07-03 19:36:53,718 [IPC Server handler 24 on default port 15000] INFO  pipeline.RatisPipelineProvider (RatisPipelineProvider.java:lambda$create$0(208)) - Sending CreatePipelineCommand for pipeline:Pipeline-f5cce82e-686d-44d3-b8e7-9ba0e4f2719f to datanode:a5071774-fe07-4694-ae7c-055d5bacadc2(localhost/127.0.0.1)
2025-07-03 19:36:53,719 [IPC Server handler 24 on default port 15000] INFO  pipeline.RatisPipelineProvider (RatisPipelineProvider.java:lambda$create$0(208)) - Sending CreatePipelineCommand for pipeline:Pipeline-f5cce82e-686d-44d3-b8e7-9ba0e4f2719f to datanode:de5cfcaa-43ed-4718-939b-5ef5e1516f6c(localhost/127.0.0.1)
2025-07-03 19:36:53,720 [IPC Server handler 24 on default port 15000] INFO  pipeline.RatisPipelineProvider (RatisPipelineProvider.java:lambda$create$0(208)) - Sending CreatePipelineCommand for pipeline:Pipeline-f5cce82e-686d-44d3-b8e7-9ba0e4f2719f to datanode:88226f8e-0505-4bcc-b2dd-adb536ccacf4(localhost/127.0.0.1)
2025-07-03 19:36:54,394 [grpc-default-executor-5] INFO  segmented.SegmentedRaftLogWorker (SegmentedRaftLogWorker.java:close(254)) - 3ae8807d-e442-4742-971d-19f19bb3cc8e@group-DAF9EB5EBAB9-SegmentedRaftLogWorker close()
2025-07-03 19:36:54,401 [grpc-default-executor-5] WARN  keyvalue.KeyValueHandler (KeyValueHandler.java:updateAndGetContainerChecksum(1451)) - Container data checksum updated from 0 to 9d1cadc1
2025-07-03 19:36:54,402 [grpc-default-executor-5] INFO  keyvalue.KeyValueContainer (KeyValueContainer.java:flushAndSyncDB(514)) - Synced container: KeyValueContainerData #27 (CLOSING, non-empty, ri=0, origin=[dn_3ae8807d-e442-4742-971d-19f19bb3cc8e, pipeline_1f2d4892-1142-4f9a-8c71-daf9eb5ebab9])
2025-07-03 19:36:54,402 [grpc-default-executor-5] INFO  keyvalue.KeyValueContainer (KeyValueContainer.java:flushAndSyncDB(514)) - Synced container: KeyValueContainerData #27 (CLOSING, non-empty, ri=0, origin=[dn_3ae8807d-e442-4742-971d-19f19bb3cc8e, pipeline_1f2d4892-1142-4f9a-8c71-daf9eb5ebab9])
2025-07-03 19:36:54,407 [grpc-default-executor-5] INFO  server.RaftServer$Division (RaftServerImpl.java:groupRemove(497)) - 3ae8807d-e442-4742-971d-19f19bb3cc8e@group-DAF9EB5EBAB9: Succeed to remove RaftStorageDirectory Storage Directory /home/runner/work/ozone/ozone/hadoop-ozone/integration-test/target/test-dir/MiniOzoneClusterImpl-45853b25-0f16-4cd1-a389-19da62fdb6ec/ozone-meta/datanode-1/ratis/1f2d4892-1142-4f9a-8c71-daf9eb5ebab9
2025-07-03 19:36:54,411 [de5cfcaa-43ed-4718-939b-5ef5e1516f6c-PipelineCommandHandlerThread-0] INFO  server.RaftServer (RaftServerProxy.java:remove(116)) - de5cfcaa-43ed-4718-939b-5ef5e1516f6c: remove  FOLLOWER (RUNNING): de5cfcaa-43ed-4718-939b-5ef5e1516f6c@group-DAF9EB5EBAB9:t1, leader=3ae8807d-e442-4742-971d-19f19bb3cc8e, voted=3ae8807d-e442-4742-971d-19f19bb3cc8e, raftlog=Memoized:de5cfcaa-43ed-4718-939b-5ef5e1516f6c@group-DAF9EB5EBAB9-SegmentedRaftLog:OPENED:c805:last(t:1, i:805), conf=conf: {index: 0, cur=peers:[a5071774-fe07-4694-ae7c-055d5bacadc2|127.0.0.1:15031, 3ae8807d-e442-4742-971d-19f19bb3cc8e|127.0.0.1:15015, de5cfcaa-43ed-4718-939b-5ef5e1516f6c|127.0.0.1:15023]|listeners:[], old=null}
2025-07-03 19:36:54,411 [de5cfcaa-43ed-4718-939b-5ef5e1516f6c-PipelineCommandHandlerThread-0] INFO  server.RaftServer$Division (RaftServerImpl.java:lambda$close$1(527)) - de5cfcaa-43ed-4718-939b-5ef5e1516f6c@group-DAF9EB5EBAB9: shutdown
2025-07-03 19:36:54,411 [de5cfcaa-43ed-4718-939b-5ef5e1516f6c-PipelineCommandHandlerThread-0] INFO  util.JmxRegister (JmxRegister.java:unregister(74)) - Successfully un-registered JMX Bean with object name Ratis:service=RaftServer,group=group-DAF9EB5EBAB9,id=de5cfcaa-43ed-4718-939b-5ef5e1516f6c
2025-07-03 19:36:54,411 [de5cfcaa-43ed-4718-939b-5ef5e1516f6c-PipelineCommandHandlerThread-0] INFO  impl.RoleInfo (RoleInfo.java:shutdownFollowerState(121)) - de5cfcaa-43ed-4718-939b-5ef5e1516f6c: shutdown de5cfcaa-43ed-4718-939b-5ef5e1516f6c@group-DAF9EB5EBAB9-FollowerState
2025-07-03 19:36:54,411 [de5cfcaa-43ed-4718-939b-5ef5e1516f6c-PipelineCommandHandlerThread-0] INFO  impl.StateMachineUpdater (StateMachineUpdater.java:stopAndJoin(163)) - de5cfcaa-43ed-4718-939b-5ef5e1516f6c@group-DAF9EB5EBAB9-StateMachineUpdater: set stopIndex = 805
2025-07-03 19:36:54,411 [de5cfcaa-43ed-4718-939b-5ef5e1516f6c@group-DAF9EB5EBAB9-StateMachineUpdater] INFO  ratis.ContainerStateMachine (ContainerStateMachine.java:takeSnapshot(427)) - group-DAF9EB5EBAB9: Taking a snapshot at:(t:1, i:805) file /home/runner/work/ozone/ozone/hadoop-ozone/integration-test/target/test-dir/MiniOzoneClusterImpl-45853b25-0f16-4cd1-a389-19da62fdb6ec/ozone-meta/datanode-2/ratis/1f2d4892-1142-4f9a-8c71-daf9eb5ebab9/sm/snapshot.1_805
2025-07-03 19:36:54,411 [de5cfcaa-43ed-4718-939b-5ef5e1516f6c@group-DAF9EB5EBAB9-FollowerState] INFO  impl.FollowerState (FollowerState.java:runImpl(170)) - de5cfcaa-43ed-4718-939b-5ef5e1516f6c@group-DAF9EB5EBAB9-FollowerState was interrupted
2025-07-03 19:36:54,412 [de5cfcaa-43ed-4718-939b-5ef5e1516f6c@group-DAF9EB5EBAB9-StateMachineUpdater] INFO  ratis.ContainerStateMachine (ContainerStateMachine.java:takeSnapshot(436)) - group-DAF9EB5EBAB9: Finished taking a snapshot at:(t:1, i:805) file:/home/runner/work/ozone/ozone/hadoop-ozone/integration-test/target/test-dir/MiniOzoneClusterImpl-45853b25-0f16-4cd1-a389-19da62fdb6ec/ozone-meta/datanode-2/ratis/1f2d4892-1142-4f9a-8c71-daf9eb5ebab9/sm/snapshot.1_805 took: 1 ms
2025-07-03 19:36:54,412 [de5cfcaa-43ed-4718-939b-5ef5e1516f6c@group-DAF9EB5EBAB9-StateMachineUpdater] INFO  impl.StateMachineUpdater (StateMachineUpdater.java:takeSnapshot(307)) - de5cfcaa-43ed-4718-939b-5ef5e1516f6c@group-DAF9EB5EBAB9-StateMachineUpdater: Took a snapshot at index 805
2025-07-03 19:36:54,412 [de5cfcaa-43ed-4718-939b-5ef5e1516f6c@group-DAF9EB5EBAB9-StateMachineUpdater] INFO  impl.StateMachineUpdater (StateMachineUpdater.java:lambda$new$0(101)) - de5cfcaa-43ed-4718-939b-5ef5e1516f6c@group-DAF9EB5EBAB9-StateMachineUpdater: snapshotIndex: updateIncreasingly -1 -> 805
2025-07-03 19:36:54,413 [de5cfcaa-43ed-4718-939b-5ef5e1516f6c@group-DAF9EB5EBAB9-StateMachineUpdater] INFO  impl.StateMachineUpdater (StateMachineUpdater.java:stop(140)) - de5cfcaa-43ed-4718-939b-5ef5e1516f6c@group-DAF9EB5EBAB9-StateMachineUpdater: closing ContainerStateMachine, lastApplied=(t:1, i:805)
2025-07-03 19:36:54,415 [de5cfcaa-43ed-4718-939b-5ef5e1516f6c@group-DAF9EB5EBAB9-cacheEviction-AwaitToRun] INFO  util.AwaitToRun (AwaitToRun.java:run(49)) - de5cfcaa-43ed-4718-939b-5ef5e1516f6c@group-DAF9EB5EBAB9-cacheEviction-AwaitToRun-AwaitForSignal is interrupted
2025-07-03 19:36:55,344 [de5cfcaa-43ed-4718-939b-5ef5e1516f6c-CloseContainerThread-0] INFO  commandhandler.CloseContainerCommandHandler (CloseContainerCommandHandler.java:lambda$handle$0(105)) - Container #7 does not exist in datanode. Its pipeline may have closed before it was created. Container close failed.
2025-07-03 19:36:55,344 [de5cfcaa-43ed-4718-939b-5ef5e1516f6c-CloseContainerThread-0] INFO  commandhandler.CloseContainerCommandHandler (CloseContainerCommandHandler.java:lambda$handle$0(105)) - Container #8 does not exist in datanode. Its pipeline may have closed before it was created. Container close failed.
2025-07-03 19:36:55,349 [de5cfcaa-43ed-4718-939b-5ef5e1516f6c-CloseContainerThread-2] WARN  keyvalue.KeyValueHandler (KeyValueHandler.java:updateAndGetContainerChecksum(1451)) - Container data checksum updated from 0 to 9d1cadc1
2025-07-03 19:36:55,349 [de5cfcaa-43ed-4718-939b-5ef5e1516f6c-CloseContainerThread-1] WARN  keyvalue.KeyValueHandler (KeyValueHandler.java:updateAndGetContainerChecksum(1451)) - Container data checksum updated from 0 to f8b8326d
2025-07-03 19:36:55,350 [de5cfcaa-43ed-4718-939b-5ef5e1516f6c-CloseContainerThread-2] ERROR commandhandler.CloseContainerCommandHandler (CloseContainerCommandHandler.java:lambda$handle$0(156)) - Can't close container #27
java.io.IOException: org.apache.ratis.protocol.exceptions.GroupMismatchException: de5cfcaa-43ed-4718-939b-5ef5e1516f6c: group-DAF9EB5EBAB9 not found.
	at org.apache.hadoop.ozone.container.common.transport.server.ratis.XceiverServerRatis.submitRequest(XceiverServerRatis.java:674)
	at org.apache.hadoop.ozone.container.common.statemachine.commandhandler.CloseContainerCommandHandler.lambda$handle$0(CloseContainerCommandHandler.java:126)
	at java.base/java.util.concurrent.CompletableFuture$AsyncRun.run(CompletableFuture.java:1804)
	at java.base/java.util.concurrent.ThreadPoolExecutor.runWorker(ThreadPoolExecutor.java:1144)
	at java.base/java.util.concurrent.ThreadPoolExecutor$Worker.run(ThreadPoolExecutor.java:642)
	at java.base/java.lang.Thread.run(Thread.java:1583)
Caused by: java.util.concurrent.ExecutionException: org.apache.ratis.protocol.exceptions.GroupMismatchException: de5cfcaa-43ed-4718-939b-5ef5e1516f6c: group-DAF9EB5EBAB9 not found.
	at java.base/java.util.concurrent.CompletableFuture.reportGet(CompletableFuture.java:396)
	at java.base/java.util.concurrent.CompletableFuture.get(CompletableFuture.java:2096)
	at org.apache.hadoop.ozone.container.common.transport.server.ratis.XceiverServerRatis.submitRequest(XceiverServerRatis.java:672)
	... 5 more
Caused by: org.apache.ratis.protocol.exceptions.GroupMismatchException: de5cfcaa-43ed-4718-939b-5ef5e1516f6c: group-DAF9EB5EBAB9 not found.
	at org.apache.ratis.server.impl.RaftServerProxy$ImplMap.get(RaftServerProxy.java:160)
	at org.apache.ratis.server.impl.RaftServerProxy.getImplFuture(RaftServerProxy.java:370)
	at org.apache.ratis.server.impl.RaftServerProxy.submitClientRequestAsync(RaftServerProxy.java:455)
	at org.apache.hadoop.ozone.container.common.transport.server.ratis.XceiverServerRatis.submitRequest(XceiverServerRatis.java:671)
	... 5 more
2025-07-03 19:36:55,350 [de5cfcaa-43ed-4718-939b-5ef5e1516f6c-CloseContainerThread-2] INFO  commandhandler.CloseContainerCommandHandler (CloseContainerCommandHandler.java:lambda$handle$0(105)) - Container #30 does not exist in datanode. Its pipeline may have closed before it was created. Container close failed.
2025-07-03 19:36:55,350 [de5cfcaa-43ed-4718-939b-5ef5e1516f6c-CloseContainerThread-2] INFO  commandhandler.CloseContainerCommandHandler (CloseContainerCommandHandler.java:lambda$handle$0(105)) - Container #31 does not exist in datanode. Its pipeline may have closed before it was created. Container close failed.
2025-07-03 19:36:55,350 [de5cfcaa-43ed-4718-939b-5ef5e1516f6c-CloseContainerThread-2] INFO  commandhandler.CloseContainerCommandHandler (CloseContainerCommandHandler.java:lambda$handle$0(105)) - Container #32 does not exist in datanode. Its pipeline may have closed before it was created. Container close failed.
2025-07-03 19:36:55,350 [de5cfcaa-43ed-4718-939b-5ef5e1516f6c-CloseContainerThread-2] INFO  commandhandler.CloseContainerCommandHandler (CloseContainerCommandHandler.java:lambda$handle$0(105)) - Container #33 does not exist in datanode. Its pipeline may have closed before it was created. Container close failed.
2025-07-03 19:36:55,350 [de5cfcaa-43ed-4718-939b-5ef5e1516f6c-CloseContainerThread-0] WARN  keyvalue.KeyValueHandler (KeyValueHandler.java:updateAndGetContainerChecksum(1451)) - Container data checksum updated from 0 to a51693cb
2025-07-03 19:36:55,351 [de5cfcaa-43ed-4718-939b-5ef5e1516f6c-CloseContainerThread-1] INFO  keyvalue.KeyValueContainer (KeyValueContainer.java:flushAndSyncDB(514)) - Synced container: KeyValueContainerData #4 (CLOSING, non-empty, ri=5, origin=[dn_de5cfcaa-43ed-4718-939b-5ef5e1516f6c, pipeline_])
2025-07-03 19:36:55,352 [de5cfcaa-43ed-4718-939b-5ef5e1516f6c-CloseContainerThread-1] INFO  keyvalue.KeyValueContainer (KeyValueContainer.java:flushAndSyncDB(514)) - Synced container: KeyValueContainerData #4 (CLOSING, non-empty, ri=5, origin=[dn_de5cfcaa-43ed-4718-939b-5ef5e1516f6c, pipeline_])
2025-07-03 19:36:55,355 [de5cfcaa-43ed-4718-939b-5ef5e1516f6c-ContainerOp-9917a034-3238-42d1-a5ea-e6089f4b0b89-9] INFO  keyvalue.KeyValueContainer (KeyValueContainer.java:flushAndSyncDB(514)) - Synced container: KeyValueContainerData #12 (CLOSING, non-empty, ri=0, origin=[dn_de5cfcaa-43ed-4718-939b-5ef5e1516f6c, pipeline_9917a034-3238-42d1-a5ea-e6089f4b0b89])
2025-07-03 19:36:55,355 [de5cfcaa-43ed-4718-939b-5ef5e1516f6c-ContainerOp-9917a034-3238-42d1-a5ea-e6089f4b0b89-9] INFO  keyvalue.KeyValueContainer (KeyValueContainer.java:flushAndSyncDB(514)) - Synced container: KeyValueContainerData #12 (CLOSING, non-empty, ri=0, origin=[dn_de5cfcaa-43ed-4718-939b-5ef5e1516f6c, pipeline_9917a034-3238-42d1-a5ea-e6089f4b0b89])
2025-07-03 19:36:55,356 [de5cfcaa-43ed-4718-939b-5ef5e1516f6c-CloseContainerThread-1] INFO  keyvalue.KeyValueContainer (KeyValueContainer.java:close(430)) - Closed container: KeyValueContainerData #4 (CLOSED, non-empty, ri=5, origin=[dn_de5cfcaa-43ed-4718-939b-5ef5e1516f6c, pipeline_])
2025-07-03 19:36:55,358 [FixedThreadPoolWithAffinityExecutor-9-0] INFO  container.IncrementalContainerReportHandler (AbstractContainerReportHandler.java:updateContainerState(289)) - CLOSE Container #4 (CLOSING, sid=0) r5 (CLOSED, bcsid=0, origin=de5cfcaa-43ed-4718-939b-5ef5e1516f6c, non-empty) from dn de5cfcaa-43ed-4718-939b-5ef5e1516f6c(localhost/127.0.0.1)
2025-07-03 19:36:55,361 [de5cfcaa-43ed-4718-939b-5ef5e1516f6c-ContainerOp-9917a034-3238-42d1-a5ea-e6089f4b0b89-9] INFO  keyvalue.KeyValueContainer (KeyValueContainer.java:close(430)) - Closed container: KeyValueContainerData #12 (CLOSED, non-empty, ri=0, origin=[dn_de5cfcaa-43ed-4718-939b-5ef5e1516f6c, pipeline_9917a034-3238-42d1-a5ea-e6089f4b0b89])
2025-07-03 19:36:55,362 [FixedThreadPoolWithAffinityExecutor-9-0] INFO  container.IncrementalContainerReportHandler (AbstractContainerReportHandler.java:updateContainerState(289)) - CLOSE Container #12 (CLOSING, sid=2) r0 (CLOSED, bcsid=2, origin=de5cfcaa-43ed-4718-939b-5ef5e1516f6c, non-empty) from dn de5cfcaa-43ed-4718-939b-5ef5e1516f6c(localhost/127.0.0.1)
2025-07-03 19:36:55,395 [de5cfcaa-43ed-4718-939b-5ef5e1516f6c-PipelineCommandHandlerThread-0] INFO  segmented.SegmentedRaftLogWorker (SegmentedRaftLogWorker.java:close(254)) - de5cfcaa-43ed-4718-939b-5ef5e1516f6c@group-DAF9EB5EBAB9-SegmentedRaftLogWorker close()
2025-07-03 19:36:55,401 [de5cfcaa-43ed-4718-939b-5ef5e1516f6c-PipelineCommandHandlerThread-0] INFO  keyvalue.KeyValueContainer (KeyValueContainer.java:flushAndSyncDB(514)) - Synced container: KeyValueContainerData #27 (CLOSING, non-empty, ri=0, origin=[dn_de5cfcaa-43ed-4718-939b-5ef5e1516f6c, pipeline_1f2d4892-1142-4f9a-8c71-daf9eb5ebab9])
2025-07-03 19:36:55,401 [de5cfcaa-43ed-4718-939b-5ef5e1516f6c-PipelineCommandHandlerThread-0] INFO  keyvalue.KeyValueContainer (KeyValueContainer.java:flushAndSyncDB(514)) - Synced container: KeyValueContainerData #27 (CLOSING, non-empty, ri=0, origin=[dn_de5cfcaa-43ed-4718-939b-5ef5e1516f6c, pipeline_1f2d4892-1142-4f9a-8c71-daf9eb5ebab9])
2025-07-03 19:36:55,410 [de5cfcaa-43ed-4718-939b-5ef5e1516f6c-PipelineCommandHandlerThread-0] INFO  server.RaftServer$Division (RaftServerImpl.java:groupRemove(497)) - de5cfcaa-43ed-4718-939b-5ef5e1516f6c@group-DAF9EB5EBAB9: Succeed to remove RaftStorageDirectory Storage Directory /home/runner/work/ozone/ozone/hadoop-ozone/integration-test/target/test-dir/MiniOzoneClusterImpl-45853b25-0f16-4cd1-a389-19da62fdb6ec/ozone-meta/datanode-2/ratis/1f2d4892-1142-4f9a-8c71-daf9eb5ebab9
2025-07-03 19:36:55,410 [de5cfcaa-43ed-4718-939b-5ef5e1516f6c-PipelineCommandHandlerThread-0] INFO  commandhandler.ClosePipelineCommandHandler (ClosePipelineCommandHandler.java:lambda$handle$2(142)) - Close Pipeline Pipeline-1f2d4892-1142-4f9a-8c71-daf9eb5ebab9 command on datanode de5cfcaa-43ed-4718-939b-5ef5e1516f6c(localhost/127.0.0.1).
2025-07-03 19:36:55,411 [de5cfcaa-43ed-4718-939b-5ef5e1516f6c-PipelineCommandHandlerThread-0] INFO  server.RaftServer (RaftServerProxy.java:addNew(105)) - de5cfcaa-43ed-4718-939b-5ef5e1516f6c: addNew group-9BA0E4F2719F:[a5071774-fe07-4694-ae7c-055d5bacadc2|127.0.0.1:15031, 88226f8e-0505-4bcc-b2dd-adb536ccacf4|127.0.0.1:15047, de5cfcaa-43ed-4718-939b-5ef5e1516f6c|127.0.0.1:15023] returns group-9BA0E4F2719F:java.util.concurrent.CompletableFuture@552302fe[Not completed]
2025-07-03 19:36:55,416 [de5cfcaa-43ed-4718-939b-5ef5e1516f6c-groupManagement] WARN  statemachine.DatanodeConfiguration (DatanodeConfiguration.java:validateMinFreeSpace(751)) - hdds.datanode.volume.min.free.space.percent = -1.0 is invalid, should be between 0 and 1
2025-07-03 19:36:55,416 [de5cfcaa-43ed-4718-939b-5ef5e1516f6c-groupManagement] INFO  server.RaftServer$Division (RaftServerImpl.java:<init>(268)) - de5cfcaa-43ed-4718-939b-5ef5e1516f6c: new RaftServerImpl for group-9BA0E4F2719F:[a5071774-fe07-4694-ae7c-055d5bacadc2|127.0.0.1:15031, 88226f8e-0505-4bcc-b2dd-adb536ccacf4|127.0.0.1:15047, de5cfcaa-43ed-4718-939b-5ef5e1516f6c|127.0.0.1:15023] with ContainerStateMachine:uninitialized
2025-07-03 19:36:55,417 [de5cfcaa-43ed-4718-939b-5ef5e1516f6c-groupManagement] INFO  server.RaftServer$Division (ServerState.java:<init>(114)) - de5cfcaa-43ed-4718-939b-5ef5e1516f6c@group-9BA0E4F2719F: ConfigurationManager, init=conf: {index: -1, cur=peers:[a5071774-fe07-4694-ae7c-055d5bacadc2|127.0.0.1:15031, 88226f8e-0505-4bcc-b2dd-adb536ccacf4|127.0.0.1:15047, de5cfcaa-43ed-4718-939b-5ef5e1516f6c|127.0.0.1:15023]|listeners:[], old=null}, confs=<EMPTY_MAP>
2025-07-03 19:36:55,422 [a5071774-fe07-4694-ae7c-055d5bacadc2-CloseContainerThread-2] INFO  commandhandler.CloseContainerCommandHandler (CloseContainerCommandHandler.java:lambda$handle$0(105)) - Container #28 does not exist in datanode. Its pipeline may have closed before it was created. Container close failed.
2025-07-03 19:36:55,422 [a5071774-fe07-4694-ae7c-055d5bacadc2-CloseContainerThread-1] INFO  commandhandler.CloseContainerCommandHandler (CloseContainerCommandHandler.java:lambda$handle$0(105)) - Container #30 does not exist in datanode. Its pipeline may have closed before it was created. Container close failed.
2025-07-03 19:36:55,422 [a5071774-fe07-4694-ae7c-055d5bacadc2-CloseContainerThread-2] INFO  commandhandler.CloseContainerCommandHandler (CloseContainerCommandHandler.java:lambda$handle$0(105)) - Container #31 does not exist in datanode. Its pipeline may have closed before it was created. Container close failed.
2025-07-03 19:36:55,422 [a5071774-fe07-4694-ae7c-055d5bacadc2-CloseContainerThread-2] INFO  commandhandler.CloseContainerCommandHandler (CloseContainerCommandHandler.java:lambda$handle$0(105)) - Container #32 does not exist in datanode. Its pipeline may have closed before it was created. Container close failed.
2025-07-03 19:36:55,422 [a5071774-fe07-4694-ae7c-055d5bacadc2-CloseContainerThread-2] INFO  commandhandler.CloseContainerCommandHandler (CloseContainerCommandHandler.java:lambda$handle$0(105)) - Container #33 does not exist in datanode. Its pipeline may have closed before it was created. Container close failed.
2025-07-03 19:36:55,422 [a5071774-fe07-4694-ae7c-055d5bacadc2-PipelineCommandHandlerThread-0] INFO  server.RaftServer (RaftServerProxy.java:addNew(105)) - a5071774-fe07-4694-ae7c-055d5bacadc2: addNew group-9BA0E4F2719F:[a5071774-fe07-4694-ae7c-055d5bacadc2|127.0.0.1:15031, 88226f8e-0505-4bcc-b2dd-adb536ccacf4|127.0.0.1:15047, de5cfcaa-43ed-4718-939b-5ef5e1516f6c|127.0.0.1:15023] returns group-9BA0E4F2719F:java.util.concurrent.CompletableFuture@6aa6b40f[Not completed]
2025-07-03 19:36:55,424 [de5cfcaa-43ed-4718-939b-5ef5e1516f6c-groupManagement] INFO  server.RaftServerConfigKeys (ConfUtils.java:logGet(62)) - raft.server.storage.dir = [/home/runner/work/ozone/ozone/hadoop-ozone/integration-test/target/test-dir/MiniOzoneClusterImpl-45853b25-0f16-4cd1-a389-19da62fdb6ec/ozone-meta/datanode-2/ratis] (custom)
2025-07-03 19:36:55,425 [de5cfcaa-43ed-4718-939b-5ef5e1516f6c-groupManagement] INFO  storage.RaftStorageDirectory (RaftStorageDirectoryImpl.java:analyzeStorage(138)) - The storage directory /home/runner/work/ozone/ozone/hadoop-ozone/integration-test/target/test-dir/MiniOzoneClusterImpl-45853b25-0f16-4cd1-a389-19da62fdb6ec/ozone-meta/datanode-2/ratis/f5cce82e-686d-44d3-b8e7-9ba0e4f2719f does not exist. Creating ...
2025-07-03 19:36:55,427 [de5cfcaa-43ed-4718-939b-5ef5e1516f6c-groupManagement] INFO  storage.RaftStorageDirectory (RaftStorageDirectoryImpl.java:tryLock(229)) - Lock on /home/runner/work/ozone/ozone/hadoop-ozone/integration-test/target/test-dir/MiniOzoneClusterImpl-45853b25-0f16-4cd1-a389-19da62fdb6ec/ozone-meta/datanode-2/ratis/f5cce82e-686d-44d3-b8e7-9ba0e4f2719f/in_use.lock acquired by nodename 103273@localhost
2025-07-03 19:36:55,429 [de5cfcaa-43ed-4718-939b-5ef5e1516f6c-groupManagement] INFO  storage.RaftStorage (RaftStorageImpl.java:format(98)) - Storage directory /home/runner/work/ozone/ozone/hadoop-ozone/integration-test/target/test-dir/MiniOzoneClusterImpl-45853b25-0f16-4cd1-a389-19da62fdb6ec/ozone-meta/datanode-2/ratis/f5cce82e-686d-44d3-b8e7-9ba0e4f2719f has been successfully formatted.
2025-07-03 19:36:55,429 [de5cfcaa-43ed-4718-939b-5ef5e1516f6c-groupManagement] INFO  ratis.ContainerStateMachine (ContainerStateMachine.java:initialize(339)) - de5cfcaa-43ed-4718-939b-5ef5e1516f6c: initialize group-9BA0E4F2719F
2025-07-03 19:36:55,430 [a5071774-fe07-4694-ae7c-055d5bacadc2-groupManagement] WARN  statemachine.DatanodeConfiguration (DatanodeConfiguration.java:validateMinFreeSpace(751)) - hdds.datanode.volume.min.free.space.percent = -1.0 is invalid, should be between 0 and 1
2025-07-03 19:36:55,430 [a5071774-fe07-4694-ae7c-055d5bacadc2-groupManagement] INFO  server.RaftServer$Division (RaftServerImpl.java:<init>(268)) - a5071774-fe07-4694-ae7c-055d5bacadc2: new RaftServerImpl for group-9BA0E4F2719F:[a5071774-fe07-4694-ae7c-055d5bacadc2|127.0.0.1:15031, 88226f8e-0505-4bcc-b2dd-adb536ccacf4|127.0.0.1:15047, de5cfcaa-43ed-4718-939b-5ef5e1516f6c|127.0.0.1:15023] with ContainerStateMachine:uninitialized
2025-07-03 19:36:55,430 [a5071774-fe07-4694-ae7c-055d5bacadc2-groupManagement] INFO  server.RaftServer$Division (ServerState.java:<init>(114)) - a5071774-fe07-4694-ae7c-055d5bacadc2@group-9BA0E4F2719F: ConfigurationManager, init=conf: {index: -1, cur=peers:[a5071774-fe07-4694-ae7c-055d5bacadc2|127.0.0.1:15031, 88226f8e-0505-4bcc-b2dd-adb536ccacf4|127.0.0.1:15047, de5cfcaa-43ed-4718-939b-5ef5e1516f6c|127.0.0.1:15023]|listeners:[], old=null}, confs=<EMPTY_MAP>
2025-07-03 19:36:55,431 [de5cfcaa-43ed-4718-939b-5ef5e1516f6c-groupManagement] INFO  ratis.ContainerStateMachine (ContainerStateMachine.java:loadSnapshot(347)) - group-9BA0E4F2719F: The snapshot info is null. Setting the last applied index to:<INITIAL_VALUE>
2025-07-03 19:36:55,432 [de5cfcaa-43ed-4718-939b-5ef5e1516f6c-groupManagement] INFO  server.RaftServerConfigKeys (ConfUtils.java:logGet(62)) - raft.server.log.appender.buffer.byte-limit = 33554432 (custom)
2025-07-03 19:36:55,433 [a5071774-fe07-4694-ae7c-055d5bacadc2-CloseContainerThread-0] WARN  keyvalue.KeyValueHandler (KeyValueHandler.java:updateAndGetContainerChecksum(1451)) - Container data checksum updated from 0 to 8c28b28a
2025-07-03 19:36:55,434 [a5071774-fe07-4694-ae7c-055d5bacadc2-CloseContainerThread-0] INFO  keyvalue.KeyValueContainer (KeyValueContainer.java:flushAndSyncDB(514)) - Synced container: KeyValueContainerData #4 (CLOSING, non-empty, ri=2, origin=[dn_a5071774-fe07-4694-ae7c-055d5bacadc2, pipeline_])
2025-07-03 19:36:55,434 [a5071774-fe07-4694-ae7c-055d5bacadc2-CloseContainerThread-0] INFO  keyvalue.KeyValueContainer (KeyValueContainer.java:flushAndSyncDB(514)) - Synced container: KeyValueContainerData #4 (CLOSING, non-empty, ri=2, origin=[dn_a5071774-fe07-4694-ae7c-055d5bacadc2, pipeline_])
2025-07-03 19:36:55,437 [a5071774-fe07-4694-ae7c-055d5bacadc2-groupManagement] INFO  server.RaftServerConfigKeys (ConfUtils.java:logGet(62)) - raft.server.storage.dir = [/home/runner/work/ozone/ozone/hadoop-ozone/integration-test/target/test-dir/MiniOzoneClusterImpl-45853b25-0f16-4cd1-a389-19da62fdb6ec/ozone-meta/datanode-3/ratis] (custom)
2025-07-03 19:36:55,438 [a5071774-fe07-4694-ae7c-055d5bacadc2-groupManagement] INFO  storage.RaftStorageDirectory (RaftStorageDirectoryImpl.java:analyzeStorage(138)) - The storage directory /home/runner/work/ozone/ozone/hadoop-ozone/integration-test/target/test-dir/MiniOzoneClusterImpl-45853b25-0f16-4cd1-a389-19da62fdb6ec/ozone-meta/datanode-3/ratis/f5cce82e-686d-44d3-b8e7-9ba0e4f2719f does not exist. Creating ...
2025-07-03 19:36:55,439 [a5071774-fe07-4694-ae7c-055d5bacadc2-CloseContainerThread-0] INFO  keyvalue.KeyValueContainer (KeyValueContainer.java:close(430)) - Closed container: KeyValueContainerData #4 (CLOSED, non-empty, ri=2, origin=[dn_a5071774-fe07-4694-ae7c-055d5bacadc2, pipeline_])
2025-07-03 19:36:55,439 [de5cfcaa-43ed-4718-939b-5ef5e1516f6c-groupManagement] INFO  server.RaftServerConfigKeys (ConfUtils.java:logGet(62)) - raft.server.log.segment.size.max = 67108864 (custom)
2025-07-03 19:36:55,439 [de5cfcaa-43ed-4718-939b-5ef5e1516f6c-groupManagement] INFO  server.RaftServerConfigKeys (ConfUtils.java:logGet(62)) - raft.server.log.appender.buffer.byte-limit = 33554432 (custom)
2025-07-03 19:36:55,440 [a5071774-fe07-4694-ae7c-055d5bacadc2-groupManagement] INFO  storage.RaftStorageDirectory (RaftStorageDirectoryImpl.java:tryLock(229)) - Lock on /home/runner/work/ozone/ozone/hadoop-ozone/integration-test/target/test-dir/MiniOzoneClusterImpl-45853b25-0f16-4cd1-a389-19da62fdb6ec/ozone-meta/datanode-3/ratis/f5cce82e-686d-44d3-b8e7-9ba0e4f2719f/in_use.lock acquired by nodename 103273@localhost
2025-07-03 19:36:55,441 [de5cfcaa-43ed-4718-939b-5ef5e1516f6c-groupManagement] INFO  util.AwaitToRun (AwaitToRun.java:start(81)) - Thread[#2208,de5cfcaa-43ed-4718-939b-5ef5e1516f6c@group-9BA0E4F2719F-cacheEviction-AwaitToRun,5,main] started
2025-07-03 19:36:55,441 [a5071774-fe07-4694-ae7c-055d5bacadc2-groupManagement] INFO  storage.RaftStorage (RaftStorageImpl.java:format(98)) - Storage directory /home/runner/work/ozone/ozone/hadoop-ozone/integration-test/target/test-dir/MiniOzoneClusterImpl-45853b25-0f16-4cd1-a389-19da62fdb6ec/ozone-meta/datanode-3/ratis/f5cce82e-686d-44d3-b8e7-9ba0e4f2719f has been successfully formatted.
2025-07-03 19:36:55,442 [de5cfcaa-43ed-4718-939b-5ef5e1516f6c-groupManagement] INFO  segmented.SegmentedRaftLogWorker (SegmentedRaftLogWorker.java:<init>(190)) - new de5cfcaa-43ed-4718-939b-5ef5e1516f6c@group-9BA0E4F2719F-SegmentedRaftLogWorker for RaftStorageImpl:Storage Directory /home/runner/work/ozone/ozone/hadoop-ozone/integration-test/target/test-dir/MiniOzoneClusterImpl-45853b25-0f16-4cd1-a389-19da62fdb6ec/ozone-meta/datanode-2/ratis/f5cce82e-686d-44d3-b8e7-9ba0e4f2719f
2025-07-03 19:36:55,442 [a5071774-fe07-4694-ae7c-055d5bacadc2-groupManagement] INFO  ratis.ContainerStateMachine (ContainerStateMachine.java:initialize(339)) - a5071774-fe07-4694-ae7c-055d5bacadc2: initialize group-9BA0E4F2719F
2025-07-03 19:36:55,443 [a5071774-fe07-4694-ae7c-055d5bacadc2-groupManagement] INFO  ratis.ContainerStateMachine (ContainerStateMachine.java:loadSnapshot(347)) - group-9BA0E4F2719F: The snapshot info is null. Setting the last applied index to:<INITIAL_VALUE>
2025-07-03 19:36:55,443 [de5cfcaa-43ed-4718-939b-5ef5e1516f6c-groupManagement] INFO  server.RaftServerConfigKeys (ConfUtils.java:logGet(62)) - raft.server.log.queue.byte-limit = 4294967296 (custom)
2025-07-03 19:36:55,443 [de5cfcaa-43ed-4718-939b-5ef5e1516f6c-groupManagement] INFO  server.RaftServerConfigKeys (ConfUtils.java:logGet(62)) - raft.server.log.segment.size.max = 67108864 (custom)
2025-07-03 19:36:55,443 [de5cfcaa-43ed-4718-939b-5ef5e1516f6c-groupManagement] INFO  server.RaftServerConfigKeys (ConfUtils.java:logGet(62)) - raft.server.log.preallocated.size = 4194304 (custom)
2025-07-03 19:36:55,443 [de5cfcaa-43ed-4718-939b-5ef5e1516f6c-groupManagement] INFO  server.RaftServerConfigKeys (ConfUtils.java:logGet(62)) - raft.server.log.write.buffer.size = 33554440 (custom)
2025-07-03 19:36:55,444 [a5071774-fe07-4694-ae7c-055d5bacadc2-groupManagement] INFO  server.RaftServerConfigKeys (ConfUtils.java:logGet(62)) - raft.server.log.appender.buffer.byte-limit = 33554432 (custom)
2025-07-03 19:36:55,447 [a5071774-fe07-4694-ae7c-055d5bacadc2-groupManagement] INFO  server.RaftServerConfigKeys (ConfUtils.java:logGet(62)) - raft.server.log.segment.size.max = 67108864 (custom)
2025-07-03 19:36:55,447 [a5071774-fe07-4694-ae7c-055d5bacadc2-groupManagement] INFO  server.RaftServerConfigKeys (ConfUtils.java:logGet(62)) - raft.server.log.appender.buffer.byte-limit = 33554432 (custom)
2025-07-03 19:36:55,449 [a5071774-fe07-4694-ae7c-055d5bacadc2-groupManagement] INFO  util.AwaitToRun (AwaitToRun.java:start(81)) - Thread[#2209,a5071774-fe07-4694-ae7c-055d5bacadc2@group-9BA0E4F2719F-cacheEviction-AwaitToRun,5,main] started
2025-07-03 19:36:55,449 [a5071774-fe07-4694-ae7c-055d5bacadc2-groupManagement] INFO  segmented.SegmentedRaftLogWorker (SegmentedRaftLogWorker.java:<init>(190)) - new a5071774-fe07-4694-ae7c-055d5bacadc2@group-9BA0E4F2719F-SegmentedRaftLogWorker for RaftStorageImpl:Storage Directory /home/runner/work/ozone/ozone/hadoop-ozone/integration-test/target/test-dir/MiniOzoneClusterImpl-45853b25-0f16-4cd1-a389-19da62fdb6ec/ozone-meta/datanode-3/ratis/f5cce82e-686d-44d3-b8e7-9ba0e4f2719f
2025-07-03 19:36:55,449 [a5071774-fe07-4694-ae7c-055d5bacadc2-groupManagement] INFO  server.RaftServerConfigKeys (ConfUtils.java:logGet(62)) - raft.server.log.queue.byte-limit = 4294967296 (custom)
2025-07-03 19:36:55,449 [a5071774-fe07-4694-ae7c-055d5bacadc2-groupManagement] INFO  server.RaftServerConfigKeys (ConfUtils.java:logGet(62)) - raft.server.log.segment.size.max = 67108864 (custom)
2025-07-03 19:36:55,449 [a5071774-fe07-4694-ae7c-055d5bacadc2-groupManagement] INFO  server.RaftServerConfigKeys (ConfUtils.java:logGet(62)) - raft.server.log.preallocated.size = 4194304 (custom)
2025-07-03 19:36:55,450 [de5cfcaa-43ed-4718-939b-5ef5e1516f6c-groupManagement] INFO  server.RaftServerConfigKeys (ConfUtils.java:logGet(62)) - raft.server.log.appender.buffer.byte-limit = 33554432 (custom)
2025-07-03 19:36:55,450 [de5cfcaa-43ed-4718-939b-5ef5e1516f6c-groupManagement] INFO  segmented.SegmentedRaftLogWorker (SegmentedRaftLogWorker.java:lambda$new$0(141)) - de5cfcaa-43ed-4718-939b-5ef5e1516f6c@group-9BA0E4F2719F-SegmentedRaftLogWorker: flushIndex: setUnconditionally 0 -> -1
2025-07-03 19:36:55,450 [a5071774-fe07-4694-ae7c-055d5bacadc2-groupManagement] INFO  server.RaftServerConfigKeys (ConfUtils.java:logGet(62)) - raft.server.log.write.buffer.size = 33554440 (custom)
2025-07-03 19:36:55,451 [de5cfcaa-43ed-4718-939b-5ef5e1516f6c-groupManagement] INFO  segmented.SegmentedRaftLogWorker (SegmentedRaftLogWorker.java:lambda$new$0(141)) - de5cfcaa-43ed-4718-939b-5ef5e1516f6c@group-9BA0E4F2719F-SegmentedRaftLogWorker: safeCacheEvictIndex: setUnconditionally 0 -> -1
2025-07-03 19:36:55,451 [de5cfcaa-43ed-4718-939b-5ef5e1516f6c-groupManagement] INFO  server.RaftServer$Division (RaftServerImpl.java:start(405)) - de5cfcaa-43ed-4718-939b-5ef5e1516f6c@group-9BA0E4F2719F: start as a follower, conf=conf: {index: -1, cur=peers:[a5071774-fe07-4694-ae7c-055d5bacadc2|127.0.0.1:15031, 88226f8e-0505-4bcc-b2dd-adb536ccacf4|127.0.0.1:15047, de5cfcaa-43ed-4718-939b-5ef5e1516f6c|127.0.0.1:15023]|listeners:[], old=null}
2025-07-03 19:36:55,451 [de5cfcaa-43ed-4718-939b-5ef5e1516f6c-groupManagement] INFO  server.RaftServer$Division (RaftServerImpl.java:setRole(392)) - de5cfcaa-43ed-4718-939b-5ef5e1516f6c@group-9BA0E4F2719F: changes role from      null to FOLLOWER at term 0 for startAsFollower
2025-07-03 19:36:55,451 [de5cfcaa-43ed-4718-939b-5ef5e1516f6c-groupManagement] INFO  impl.RoleInfo (RoleInfo.java:updateAndGet(148)) - de5cfcaa-43ed-4718-939b-5ef5e1516f6c: start de5cfcaa-43ed-4718-939b-5ef5e1516f6c@group-9BA0E4F2719F-FollowerState
2025-07-03 19:36:55,454 [de5cfcaa-43ed-4718-939b-5ef5e1516f6c-groupManagement] INFO  util.JmxRegister (JmxRegister.java:tryRegister(44)) - Successfully registered JMX Bean with object name Ratis:service=RaftServer,group=group-9BA0E4F2719F,id=de5cfcaa-43ed-4718-939b-5ef5e1516f6c
2025-07-03 19:36:55,455 [de5cfcaa-43ed-4718-939b-5ef5e1516f6c-groupManagement] INFO  util.JmxRegister (JmxRegister.java:register(58)) - register mxBean class org.apache.ratis.server.impl.RaftServerJmxAdapter as Ratis:service=RaftServer,group=group-9BA0E4F2719F,id=de5cfcaa-43ed-4718-939b-5ef5e1516f6c
2025-07-03 19:36:55,456 [de5cfcaa-43ed-4718-939b-5ef5e1516f6c-groupManagement] INFO  server.RaftServer$Division (RaftServerImpl.java:start(419)) - de5cfcaa-43ed-4718-939b-5ef5e1516f6c@group-9BA0E4F2719F: Successfully started.
2025-07-03 19:36:55,457 [a5071774-fe07-4694-ae7c-055d5bacadc2-groupManagement] INFO  server.RaftServerConfigKeys (ConfUtils.java:logGet(62)) - raft.server.log.appender.buffer.byte-limit = 33554432 (custom)
2025-07-03 19:36:55,457 [a5071774-fe07-4694-ae7c-055d5bacadc2-groupManagement] INFO  segmented.SegmentedRaftLogWorker (SegmentedRaftLogWorker.java:lambda$new$0(141)) - a5071774-fe07-4694-ae7c-055d5bacadc2@group-9BA0E4F2719F-SegmentedRaftLogWorker: flushIndex: setUnconditionally 0 -> -1
2025-07-03 19:36:55,457 [a5071774-fe07-4694-ae7c-055d5bacadc2-groupManagement] INFO  segmented.SegmentedRaftLogWorker (SegmentedRaftLogWorker.java:lambda$new$0(141)) - a5071774-fe07-4694-ae7c-055d5bacadc2@group-9BA0E4F2719F-SegmentedRaftLogWorker: safeCacheEvictIndex: setUnconditionally 0 -> -1
2025-07-03 19:36:55,457 [a5071774-fe07-4694-ae7c-055d5bacadc2-groupManagement] INFO  server.RaftServer$Division (RaftServerImpl.java:start(405)) - a5071774-fe07-4694-ae7c-055d5bacadc2@group-9BA0E4F2719F: start as a follower, conf=conf: {index: -1, cur=peers:[a5071774-fe07-4694-ae7c-055d5bacadc2|127.0.0.1:15031, 88226f8e-0505-4bcc-b2dd-adb536ccacf4|127.0.0.1:15047, de5cfcaa-43ed-4718-939b-5ef5e1516f6c|127.0.0.1:15023]|listeners:[], old=null}
2025-07-03 19:36:55,457 [a5071774-fe07-4694-ae7c-055d5bacadc2-groupManagement] INFO  server.RaftServer$Division (RaftServerImpl.java:setRole(392)) - a5071774-fe07-4694-ae7c-055d5bacadc2@group-9BA0E4F2719F: changes role from      null to FOLLOWER at term 0 for startAsFollower
2025-07-03 19:36:55,458 [a5071774-fe07-4694-ae7c-055d5bacadc2-groupManagement] INFO  impl.RoleInfo (RoleInfo.java:updateAndGet(148)) - a5071774-fe07-4694-ae7c-055d5bacadc2: start a5071774-fe07-4694-ae7c-055d5bacadc2@group-9BA0E4F2719F-FollowerState
2025-07-03 19:36:55,458 [de5cfcaa-43ed-4718-939b-5ef5e1516f6c-PipelineCommandHandlerThread-0] INFO  ratis.XceiverServerRatis (XceiverServerRatis.java:addGroup(843)) - Created group Pipeline-f5cce82e-686d-44d3-b8e7-9ba0e4f2719f
2025-07-03 19:36:55,458 [a5071774-fe07-4694-ae7c-055d5bacadc2-groupManagement] INFO  util.JmxRegister (JmxRegister.java:tryRegister(44)) - Successfully registered JMX Bean with object name Ratis:service=RaftServer,group=group-9BA0E4F2719F,id=a5071774-fe07-4694-ae7c-055d5bacadc2
2025-07-03 19:36:55,458 [a5071774-fe07-4694-ae7c-055d5bacadc2-groupManagement] INFO  util.JmxRegister (JmxRegister.java:register(58)) - register mxBean class org.apache.ratis.server.impl.RaftServerJmxAdapter as Ratis:service=RaftServer,group=group-9BA0E4F2719F,id=a5071774-fe07-4694-ae7c-055d5bacadc2
2025-07-03 19:36:55,460 [a5071774-fe07-4694-ae7c-055d5bacadc2-groupManagement] INFO  server.RaftServer$Division (RaftServerImpl.java:start(419)) - a5071774-fe07-4694-ae7c-055d5bacadc2@group-9BA0E4F2719F: Successfully started.
2025-07-03 19:36:55,460 [a5071774-fe07-4694-ae7c-055d5bacadc2-PipelineCommandHandlerThread-0] INFO  ratis.XceiverServerRatis (XceiverServerRatis.java:addGroup(843)) - Created group Pipeline-f5cce82e-686d-44d3-b8e7-9ba0e4f2719f
2025-07-03 19:36:55,465 [grpc-default-executor-3] WARN  server.GrpcAdminProtocolService (GrpcAdminProtocolService.java:lambda$groupManagement$1(53)) - Failed groupManagement: GROUPADD, GroupManagementRequest:client-75504AF815A2->de5cfcaa-43ed-4718-939b-5ef5e1516f6c@group-9BA0E4F2719F, cid=698, seq=null, RW, null, Add:group-9BA0E4F2719F:[a5071774-fe07-4694-ae7c-055d5bacadc2|127.0.0.1:15031, 88226f8e-0505-4bcc-b2dd-adb536ccacf4|127.0.0.1:15047, de5cfcaa-43ed-4718-939b-5ef5e1516f6c|127.0.0.1:15023]
java.util.concurrent.CompletionException: org.apache.ratis.protocol.exceptions.AlreadyExistsException: de5cfcaa-43ed-4718-939b-5ef5e1516f6c: Failed to add group-9BA0E4F2719F:[a5071774-fe07-4694-ae7c-055d5bacadc2|127.0.0.1:15031, 88226f8e-0505-4bcc-b2dd-adb536ccacf4|127.0.0.1:15047, de5cfcaa-43ed-4718-939b-5ef5e1516f6c|127.0.0.1:15023] since the group already exists in the map.
	at java.base/java.util.concurrent.CompletableFuture.encodeThrowable(CompletableFuture.java:332)
	at java.base/java.util.concurrent.CompletableFuture.uniApplyNow(CompletableFuture.java:674)
	at java.base/java.util.concurrent.CompletableFuture.uniApplyStage(CompletableFuture.java:662)
	at java.base/java.util.concurrent.CompletableFuture.thenApplyAsync(CompletableFuture.java:2210)
	at org.apache.ratis.server.impl.RaftServerProxy.groupAddAsync(RaftServerProxy.java:513)
	at org.apache.ratis.server.impl.RaftServerProxy.groupManagementAsync(RaftServerProxy.java:495)
	at org.apache.ratis.grpc.server.GrpcAdminProtocolService.lambda$groupManagement$0(GrpcAdminProtocolService.java:51)
	at org.apache.ratis.grpc.GrpcUtil.asyncCall(GrpcUtil.java:172)
	at org.apache.ratis.grpc.server.GrpcAdminProtocolService.groupManagement(GrpcAdminProtocolService.java:51)
	at org.apache.ratis.proto.grpc.AdminProtocolServiceGrpc$MethodHandlers.invoke(AdminProtocolServiceGrpc.java:701)
	at org.apache.ratis.thirdparty.io.grpc.stub.ServerCalls$UnaryServerCallHandler$UnaryServerCallListener.onHalfClose(ServerCalls.java:182)
	at org.apache.ratis.thirdparty.io.grpc.internal.ServerCallImpl$ServerStreamListenerImpl.halfClosed(ServerCallImpl.java:356)
	at org.apache.ratis.thirdparty.io.grpc.internal.ServerImpl$JumpToApplicationThreadServerStreamListener$1HalfClosed.runInContext(ServerImpl.java:861)
	at org.apache.ratis.thirdparty.io.grpc.internal.ContextRunnable.run(ContextRunnable.java:37)
	at org.apache.ratis.thirdparty.io.grpc.internal.SerializingExecutor.run(SerializingExecutor.java:133)
	at java.base/java.util.concurrent.ThreadPoolExecutor.runWorker(ThreadPoolExecutor.java:1144)
	at java.base/java.util.concurrent.ThreadPoolExecutor$Worker.run(ThreadPoolExecutor.java:642)
	at java.base/java.lang.Thread.run(Thread.java:1583)
Caused by: org.apache.ratis.protocol.exceptions.AlreadyExistsException: de5cfcaa-43ed-4718-939b-5ef5e1516f6c: Failed to add group-9BA0E4F2719F:[a5071774-fe07-4694-ae7c-055d5bacadc2|127.0.0.1:15031, 88226f8e-0505-4bcc-b2dd-adb536ccacf4|127.0.0.1:15047, de5cfcaa-43ed-4718-939b-5ef5e1516f6c|127.0.0.1:15023] since the group already exists in the map.
	at org.apache.ratis.server.impl.RaftServerProxy$ImplMap.addNew(RaftServerProxy.java:99)
	at org.apache.ratis.server.impl.RaftServerProxy.groupAddAsync(RaftServerProxy.java:512)
	... 13 more
2025-07-03 19:36:55,465 [grpc-default-executor-5] WARN  server.GrpcAdminProtocolService (GrpcAdminProtocolService.java:lambda$groupManagement$1(53)) - Failed groupManagement: GROUPADD, GroupManagementRequest:client-F744892136D6->a5071774-fe07-4694-ae7c-055d5bacadc2@group-9BA0E4F2719F, cid=697, seq=null, RW, null, Add:group-9BA0E4F2719F:[a5071774-fe07-4694-ae7c-055d5bacadc2|127.0.0.1:15031, 88226f8e-0505-4bcc-b2dd-adb536ccacf4|127.0.0.1:15047, de5cfcaa-43ed-4718-939b-5ef5e1516f6c|127.0.0.1:15023]
java.util.concurrent.CompletionException: org.apache.ratis.protocol.exceptions.AlreadyExistsException: a5071774-fe07-4694-ae7c-055d5bacadc2: Failed to add group-9BA0E4F2719F:[a5071774-fe07-4694-ae7c-055d5bacadc2|127.0.0.1:15031, 88226f8e-0505-4bcc-b2dd-adb536ccacf4|127.0.0.1:15047, de5cfcaa-43ed-4718-939b-5ef5e1516f6c|127.0.0.1:15023] since the group already exists in the map.
	at java.base/java.util.concurrent.CompletableFuture.encodeThrowable(CompletableFuture.java:332)
	at java.base/java.util.concurrent.CompletableFuture.uniApplyNow(CompletableFuture.java:674)
	at java.base/java.util.concurrent.CompletableFuture.uniApplyStage(CompletableFuture.java:662)
	at java.base/java.util.concurrent.CompletableFuture.thenApplyAsync(CompletableFuture.java:2210)
	at org.apache.ratis.server.impl.RaftServerProxy.groupAddAsync(RaftServerProxy.java:513)
	at org.apache.ratis.server.impl.RaftServerProxy.groupManagementAsync(RaftServerProxy.java:495)
	at org.apache.ratis.grpc.server.GrpcAdminProtocolService.lambda$groupManagement$0(GrpcAdminProtocolService.java:51)
	at org.apache.ratis.grpc.GrpcUtil.asyncCall(GrpcUtil.java:172)
	at org.apache.ratis.grpc.server.GrpcAdminProtocolService.groupManagement(GrpcAdminProtocolService.java:51)
	at org.apache.ratis.proto.grpc.AdminProtocolServiceGrpc$MethodHandlers.invoke(AdminProtocolServiceGrpc.java:701)
	at org.apache.ratis.thirdparty.io.grpc.stub.ServerCalls$UnaryServerCallHandler$UnaryServerCallListener.onHalfClose(ServerCalls.java:182)
	at org.apache.ratis.thirdparty.io.grpc.internal.ServerCallImpl$ServerStreamListenerImpl.halfClosed(ServerCallImpl.java:356)
	at org.apache.ratis.thirdparty.io.grpc.internal.ServerImpl$JumpToApplicationThreadServerStreamListener$1HalfClosed.runInContext(ServerImpl.java:861)
	at org.apache.ratis.thirdparty.io.grpc.internal.ContextRunnable.run(ContextRunnable.java:37)
	at org.apache.ratis.thirdparty.io.grpc.internal.SerializingExecutor.run(SerializingExecutor.java:133)
	at java.base/java.util.concurrent.ThreadPoolExecutor.runWorker(ThreadPoolExecutor.java:1144)
	at java.base/java.util.concurrent.ThreadPoolExecutor$Worker.run(ThreadPoolExecutor.java:642)
	at java.base/java.lang.Thread.run(Thread.java:1583)
Caused by: org.apache.ratis.protocol.exceptions.AlreadyExistsException: a5071774-fe07-4694-ae7c-055d5bacadc2: Failed to add group-9BA0E4F2719F:[a5071774-fe07-4694-ae7c-055d5bacadc2|127.0.0.1:15031, 88226f8e-0505-4bcc-b2dd-adb536ccacf4|127.0.0.1:15047, de5cfcaa-43ed-4718-939b-5ef5e1516f6c|127.0.0.1:15023] since the group already exists in the map.
	at org.apache.ratis.server.impl.RaftServerProxy$ImplMap.addNew(RaftServerProxy.java:99)
	at org.apache.ratis.server.impl.RaftServerProxy.groupAddAsync(RaftServerProxy.java:512)
	... 13 more
2025-07-03 19:36:55,486 [grpc-default-executor-5] INFO  server.RaftServer (RaftServerProxy.java:addNew(105)) - 88226f8e-0505-4bcc-b2dd-adb536ccacf4: addNew group-9BA0E4F2719F:[a5071774-fe07-4694-ae7c-055d5bacadc2|127.0.0.1:15031, 88226f8e-0505-4bcc-b2dd-adb536ccacf4|127.0.0.1:15047, de5cfcaa-43ed-4718-939b-5ef5e1516f6c|127.0.0.1:15023] returns group-9BA0E4F2719F:java.util.concurrent.CompletableFuture@6f73f4a2[Not completed]
2025-07-03 19:36:55,487 [grpc-default-executor-3] WARN  server.GrpcAdminProtocolService (GrpcAdminProtocolService.java:lambda$groupManagement$1(53)) - Failed groupManagement: GROUPADD, GroupManagementRequest:client-55DBD3AEA83B->88226f8e-0505-4bcc-b2dd-adb536ccacf4@group-9BA0E4F2719F, cid=699, seq=null, RW, null, Add:group-9BA0E4F2719F:[a5071774-fe07-4694-ae7c-055d5bacadc2|127.0.0.1:15031, 88226f8e-0505-4bcc-b2dd-adb536ccacf4|127.0.0.1:15047, de5cfcaa-43ed-4718-939b-5ef5e1516f6c|127.0.0.1:15023]
java.util.concurrent.CompletionException: org.apache.ratis.protocol.exceptions.AlreadyExistsException: 88226f8e-0505-4bcc-b2dd-adb536ccacf4: Failed to add group-9BA0E4F2719F:[a5071774-fe07-4694-ae7c-055d5bacadc2|127.0.0.1:15031, 88226f8e-0505-4bcc-b2dd-adb536ccacf4|127.0.0.1:15047, de5cfcaa-43ed-4718-939b-5ef5e1516f6c|127.0.0.1:15023] since the group already exists in the map.
	at java.base/java.util.concurrent.CompletableFuture.encodeThrowable(CompletableFuture.java:332)
	at java.base/java.util.concurrent.CompletableFuture.uniApplyNow(CompletableFuture.java:674)
	at java.base/java.util.concurrent.CompletableFuture.uniApplyStage(CompletableFuture.java:662)
	at java.base/java.util.concurrent.CompletableFuture.thenApplyAsync(CompletableFuture.java:2210)
	at org.apache.ratis.server.impl.RaftServerProxy.groupAddAsync(RaftServerProxy.java:513)
	at org.apache.ratis.server.impl.RaftServerProxy.groupManagementAsync(RaftServerProxy.java:495)
	at org.apache.ratis.grpc.server.GrpcAdminProtocolService.lambda$groupManagement$0(GrpcAdminProtocolService.java:51)
	at org.apache.ratis.grpc.GrpcUtil.asyncCall(GrpcUtil.java:172)
	at org.apache.ratis.grpc.server.GrpcAdminProtocolService.groupManagement(GrpcAdminProtocolService.java:51)
	at org.apache.ratis.proto.grpc.AdminProtocolServiceGrpc$MethodHandlers.invoke(AdminProtocolServiceGrpc.java:701)
	at org.apache.ratis.thirdparty.io.grpc.stub.ServerCalls$UnaryServerCallHandler$UnaryServerCallListener.onHalfClose(ServerCalls.java:182)
	at org.apache.ratis.thirdparty.io.grpc.internal.ServerCallImpl$ServerStreamListenerImpl.halfClosed(ServerCallImpl.java:356)
	at org.apache.ratis.thirdparty.io.grpc.internal.ServerImpl$JumpToApplicationThreadServerStreamListener$1HalfClosed.runInContext(ServerImpl.java:861)
	at org.apache.ratis.thirdparty.io.grpc.internal.ContextRunnable.run(ContextRunnable.java:37)
	at org.apache.ratis.thirdparty.io.grpc.internal.SerializingExecutor.run(SerializingExecutor.java:133)
	at java.base/java.util.concurrent.ThreadPoolExecutor.runWorker(ThreadPoolExecutor.java:1144)
	at java.base/java.util.concurrent.ThreadPoolExecutor$Worker.run(ThreadPoolExecutor.java:642)
	at java.base/java.lang.Thread.run(Thread.java:1583)
Caused by: org.apache.ratis.protocol.exceptions.AlreadyExistsException: 88226f8e-0505-4bcc-b2dd-adb536ccacf4: Failed to add group-9BA0E4F2719F:[a5071774-fe07-4694-ae7c-055d5bacadc2|127.0.0.1:15031, 88226f8e-0505-4bcc-b2dd-adb536ccacf4|127.0.0.1:15047, de5cfcaa-43ed-4718-939b-5ef5e1516f6c|127.0.0.1:15023] since the group already exists in the map.
	at org.apache.ratis.server.impl.RaftServerProxy$ImplMap.addNew(RaftServerProxy.java:99)
	at org.apache.ratis.server.impl.RaftServerProxy.groupAddAsync(RaftServerProxy.java:512)
	... 13 more
2025-07-03 19:36:55,488 [88226f8e-0505-4bcc-b2dd-adb536ccacf4-groupManagement] WARN  statemachine.DatanodeConfiguration (DatanodeConfiguration.java:validateMinFreeSpace(751)) - hdds.datanode.volume.min.free.space.percent = -1.0 is invalid, should be between 0 and 1
2025-07-03 19:36:55,488 [88226f8e-0505-4bcc-b2dd-adb536ccacf4-groupManagement] INFO  server.RaftServer$Division (RaftServerImpl.java:<init>(268)) - 88226f8e-0505-4bcc-b2dd-adb536ccacf4: new RaftServerImpl for group-9BA0E4F2719F:[a5071774-fe07-4694-ae7c-055d5bacadc2|127.0.0.1:15031, 88226f8e-0505-4bcc-b2dd-adb536ccacf4|127.0.0.1:15047, de5cfcaa-43ed-4718-939b-5ef5e1516f6c|127.0.0.1:15023] with ContainerStateMachine:uninitialized
2025-07-03 19:36:55,489 [88226f8e-0505-4bcc-b2dd-adb536ccacf4-groupManagement] INFO  server.RaftServer$Division (ServerState.java:<init>(114)) - 88226f8e-0505-4bcc-b2dd-adb536ccacf4@group-9BA0E4F2719F: ConfigurationManager, init=conf: {index: -1, cur=peers:[a5071774-fe07-4694-ae7c-055d5bacadc2|127.0.0.1:15031, 88226f8e-0505-4bcc-b2dd-adb536ccacf4|127.0.0.1:15047, de5cfcaa-43ed-4718-939b-5ef5e1516f6c|127.0.0.1:15023]|listeners:[], old=null}, confs=<EMPTY_MAP>
2025-07-03 19:36:55,496 [88226f8e-0505-4bcc-b2dd-adb536ccacf4-groupManagement] INFO  server.RaftServerConfigKeys (ConfUtils.java:logGet(62)) - raft.server.storage.dir = [/home/runner/work/ozone/ozone/hadoop-ozone/integration-test/target/test-dir/MiniOzoneClusterImpl-45853b25-0f16-4cd1-a389-19da62fdb6ec/ozone-meta/datanode-5/ratis] (custom)
2025-07-03 19:36:55,496 [a5071774-fe07-4694-ae7c-055d5bacadc2-PipelineCommandHandlerThread-0] INFO  commandhandler.CreatePipelineCommandHandler (CreatePipelineCommandHandler.java:lambda$handle$2(127)) - Created Pipeline RATIS THREE Pipeline-f5cce82e-686d-44d3-b8e7-9ba0e4f2719f.
2025-07-03 19:36:55,496 [88226f8e-0505-4bcc-b2dd-adb536ccacf4-groupManagement] INFO  storage.RaftStorageDirectory (RaftStorageDirectoryImpl.java:analyzeStorage(138)) - The storage directory /home/runner/work/ozone/ozone/hadoop-ozone/integration-test/target/test-dir/MiniOzoneClusterImpl-45853b25-0f16-4cd1-a389-19da62fdb6ec/ozone-meta/datanode-5/ratis/f5cce82e-686d-44d3-b8e7-9ba0e4f2719f does not exist. Creating ...
2025-07-03 19:36:55,498 [88226f8e-0505-4bcc-b2dd-adb536ccacf4-groupManagement] INFO  storage.RaftStorageDirectory (RaftStorageDirectoryImpl.java:tryLock(229)) - Lock on /home/runner/work/ozone/ozone/hadoop-ozone/integration-test/target/test-dir/MiniOzoneClusterImpl-45853b25-0f16-4cd1-a389-19da62fdb6ec/ozone-meta/datanode-5/ratis/f5cce82e-686d-44d3-b8e7-9ba0e4f2719f/in_use.lock acquired by nodename 103273@localhost
2025-07-03 19:36:55,501 [88226f8e-0505-4bcc-b2dd-adb536ccacf4-groupManagement] INFO  storage.RaftStorage (RaftStorageImpl.java:format(98)) - Storage directory /home/runner/work/ozone/ozone/hadoop-ozone/integration-test/target/test-dir/MiniOzoneClusterImpl-45853b25-0f16-4cd1-a389-19da62fdb6ec/ozone-meta/datanode-5/ratis/f5cce82e-686d-44d3-b8e7-9ba0e4f2719f has been successfully formatted.
2025-07-03 19:36:55,503 [88226f8e-0505-4bcc-b2dd-adb536ccacf4-groupManagement] INFO  ratis.ContainerStateMachine (ContainerStateMachine.java:initialize(339)) - 88226f8e-0505-4bcc-b2dd-adb536ccacf4: initialize group-9BA0E4F2719F
2025-07-03 19:36:55,503 [88226f8e-0505-4bcc-b2dd-adb536ccacf4-groupManagement] INFO  ratis.ContainerStateMachine (ContainerStateMachine.java:loadSnapshot(347)) - group-9BA0E4F2719F: The snapshot info is null. Setting the last applied index to:<INITIAL_VALUE>
2025-07-03 19:36:55,504 [88226f8e-0505-4bcc-b2dd-adb536ccacf4-groupManagement] INFO  server.RaftServerConfigKeys (ConfUtils.java:logGet(62)) - raft.server.log.appender.buffer.byte-limit = 33554432 (custom)
2025-07-03 19:36:55,506 [88226f8e-0505-4bcc-b2dd-adb536ccacf4-groupManagement] INFO  server.RaftServerConfigKeys (ConfUtils.java:logGet(62)) - raft.server.log.segment.size.max = 67108864 (custom)
2025-07-03 19:36:55,506 [88226f8e-0505-4bcc-b2dd-adb536ccacf4-groupManagement] INFO  server.RaftServerConfigKeys (ConfUtils.java:logGet(62)) - raft.server.log.appender.buffer.byte-limit = 33554432 (custom)
2025-07-03 19:36:55,506 [88226f8e-0505-4bcc-b2dd-adb536ccacf4-groupManagement] INFO  util.AwaitToRun (AwaitToRun.java:start(81)) - Thread[#2225,88226f8e-0505-4bcc-b2dd-adb536ccacf4@group-9BA0E4F2719F-cacheEviction-AwaitToRun,5,main] started
2025-07-03 19:36:55,506 [88226f8e-0505-4bcc-b2dd-adb536ccacf4-groupManagement] INFO  segmented.SegmentedRaftLogWorker (SegmentedRaftLogWorker.java:<init>(190)) - new 88226f8e-0505-4bcc-b2dd-adb536ccacf4@group-9BA0E4F2719F-SegmentedRaftLogWorker for RaftStorageImpl:Storage Directory /home/runner/work/ozone/ozone/hadoop-ozone/integration-test/target/test-dir/MiniOzoneClusterImpl-45853b25-0f16-4cd1-a389-19da62fdb6ec/ozone-meta/datanode-5/ratis/f5cce82e-686d-44d3-b8e7-9ba0e4f2719f
2025-07-03 19:36:55,506 [88226f8e-0505-4bcc-b2dd-adb536ccacf4-groupManagement] INFO  server.RaftServerConfigKeys (ConfUtils.java:logGet(62)) - raft.server.log.queue.byte-limit = 4294967296 (custom)
2025-07-03 19:36:55,506 [88226f8e-0505-4bcc-b2dd-adb536ccacf4-groupManagement] INFO  server.RaftServerConfigKeys (ConfUtils.java:logGet(62)) - raft.server.log.segment.size.max = 67108864 (custom)
2025-07-03 19:36:55,507 [88226f8e-0505-4bcc-b2dd-adb536ccacf4-groupManagement] INFO  server.RaftServerConfigKeys (ConfUtils.java:logGet(62)) - raft.server.log.preallocated.size = 4194304 (custom)
2025-07-03 19:36:55,507 [88226f8e-0505-4bcc-b2dd-adb536ccacf4-groupManagement] INFO  server.RaftServerConfigKeys (ConfUtils.java:logGet(62)) - raft.server.log.write.buffer.size = 33554440 (custom)
2025-07-03 19:36:55,515 [88226f8e-0505-4bcc-b2dd-adb536ccacf4-groupManagement] INFO  server.RaftServerConfigKeys (ConfUtils.java:logGet(62)) - raft.server.log.appender.buffer.byte-limit = 33554432 (custom)
2025-07-03 19:36:55,516 [88226f8e-0505-4bcc-b2dd-adb536ccacf4-groupManagement] INFO  segmented.SegmentedRaftLogWorker (SegmentedRaftLogWorker.java:lambda$new$0(141)) - 88226f8e-0505-4bcc-b2dd-adb536ccacf4@group-9BA0E4F2719F-SegmentedRaftLogWorker: flushIndex: setUnconditionally 0 -> -1
2025-07-03 19:36:55,517 [88226f8e-0505-4bcc-b2dd-adb536ccacf4-groupManagement] INFO  segmented.SegmentedRaftLogWorker (SegmentedRaftLogWorker.java:lambda$new$0(141)) - 88226f8e-0505-4bcc-b2dd-adb536ccacf4@group-9BA0E4F2719F-SegmentedRaftLogWorker: safeCacheEvictIndex: setUnconditionally 0 -> -1
2025-07-03 19:36:55,517 [88226f8e-0505-4bcc-b2dd-adb536ccacf4-groupManagement] INFO  server.RaftServer$Division (RaftServerImpl.java:start(405)) - 88226f8e-0505-4bcc-b2dd-adb536ccacf4@group-9BA0E4F2719F: start as a follower, conf=conf: {index: -1, cur=peers:[a5071774-fe07-4694-ae7c-055d5bacadc2|127.0.0.1:15031, 88226f8e-0505-4bcc-b2dd-adb536ccacf4|127.0.0.1:15047, de5cfcaa-43ed-4718-939b-5ef5e1516f6c|127.0.0.1:15023]|listeners:[], old=null}
2025-07-03 19:36:55,517 [88226f8e-0505-4bcc-b2dd-adb536ccacf4-groupManagement] INFO  server.RaftServer$Division (RaftServerImpl.java:setRole(392)) - 88226f8e-0505-4bcc-b2dd-adb536ccacf4@group-9BA0E4F2719F: changes role from      null to FOLLOWER at term 0 for startAsFollower
2025-07-03 19:36:55,518 [88226f8e-0505-4bcc-b2dd-adb536ccacf4-groupManagement] INFO  impl.RoleInfo (RoleInfo.java:updateAndGet(148)) - 88226f8e-0505-4bcc-b2dd-adb536ccacf4: start 88226f8e-0505-4bcc-b2dd-adb536ccacf4@group-9BA0E4F2719F-FollowerState
2025-07-03 19:36:55,518 [88226f8e-0505-4bcc-b2dd-adb536ccacf4-groupManagement] INFO  util.JmxRegister (JmxRegister.java:tryRegister(44)) - Successfully registered JMX Bean with object name Ratis:service=RaftServer,group=group-9BA0E4F2719F,id=88226f8e-0505-4bcc-b2dd-adb536ccacf4
2025-07-03 19:36:55,518 [88226f8e-0505-4bcc-b2dd-adb536ccacf4-groupManagement] INFO  util.JmxRegister (JmxRegister.java:register(58)) - register mxBean class org.apache.ratis.server.impl.RaftServerJmxAdapter as Ratis:service=RaftServer,group=group-9BA0E4F2719F,id=88226f8e-0505-4bcc-b2dd-adb536ccacf4
2025-07-03 19:36:55,519 [88226f8e-0505-4bcc-b2dd-adb536ccacf4-groupManagement] INFO  server.RaftServer$Division (RaftServerImpl.java:start(419)) - 88226f8e-0505-4bcc-b2dd-adb536ccacf4@group-9BA0E4F2719F: Successfully started.
2025-07-03 19:36:55,523 [de5cfcaa-43ed-4718-939b-5ef5e1516f6c-PipelineCommandHandlerThread-0] INFO  commandhandler.CreatePipelineCommandHandler (CreatePipelineCommandHandler.java:lambda$handle$2(127)) - Created Pipeline RATIS THREE Pipeline-f5cce82e-686d-44d3-b8e7-9ba0e4f2719f.
2025-07-03 19:36:55,706 [88226f8e-0505-4bcc-b2dd-adb536ccacf4-CloseContainerThread-2] WARN  keyvalue.KeyValueHandler (KeyValueHandler.java:updateAndGetContainerChecksum(1451)) - Container data checksum updated from 0 to 2f9d4286
2025-07-03 19:36:55,706 [88226f8e-0505-4bcc-b2dd-adb536ccacf4-CloseContainerThread-0] WARN  keyvalue.KeyValueHandler (KeyValueHandler.java:updateAndGetContainerChecksum(1451)) - Container data checksum updated from 0 to 8d9efb82
2025-07-03 19:36:55,709 [88226f8e-0505-4bcc-b2dd-adb536ccacf4-CloseContainerThread-1] WARN  keyvalue.KeyValueHandler (KeyValueHandler.java:updateAndGetContainerChecksum(1451)) - Container data checksum updated from 0 to b1e608d0
2025-07-03 19:36:55,709 [88226f8e-0505-4bcc-b2dd-adb536ccacf4-CloseContainerThread-1] INFO  keyvalue.KeyValueContainer (KeyValueContainer.java:flushAndSyncDB(514)) - Synced container: KeyValueContainerData #4 (CLOSING, non-empty, ri=1, origin=[dn_88226f8e-0505-4bcc-b2dd-adb536ccacf4, pipeline_])
2025-07-03 19:36:55,710 [88226f8e-0505-4bcc-b2dd-adb536ccacf4-CloseContainerThread-1] INFO  keyvalue.KeyValueContainer (KeyValueContainer.java:flushAndSyncDB(514)) - Synced container: KeyValueContainerData #4 (CLOSING, non-empty, ri=1, origin=[dn_88226f8e-0505-4bcc-b2dd-adb536ccacf4, pipeline_])
2025-07-03 19:36:55,711 [88226f8e-0505-4bcc-b2dd-adb536ccacf4-ContainerOp-e8637f68-3abf-4224-85fd-54b1d5edd197-4] INFO  keyvalue.KeyValueContainer (KeyValueContainer.java:flushAndSyncDB(514)) - Synced container: KeyValueContainerData #11 (CLOSING, non-empty, ri=0, origin=[dn_88226f8e-0505-4bcc-b2dd-adb536ccacf4, pipeline_e8637f68-3abf-4224-85fd-54b1d5edd197])
2025-07-03 19:36:55,711 [88226f8e-0505-4bcc-b2dd-adb536ccacf4-ContainerOp-e8637f68-3abf-4224-85fd-54b1d5edd197-4] INFO  keyvalue.KeyValueContainer (KeyValueContainer.java:flushAndSyncDB(514)) - Synced container: KeyValueContainerData #11 (CLOSING, non-empty, ri=0, origin=[dn_88226f8e-0505-4bcc-b2dd-adb536ccacf4, pipeline_e8637f68-3abf-4224-85fd-54b1d5edd197])
2025-07-03 19:36:55,713 [88226f8e-0505-4bcc-b2dd-adb536ccacf4-ContainerOp-e8637f68-3abf-4224-85fd-54b1d5edd197-5] INFO  keyvalue.KeyValueContainer (KeyValueContainer.java:flushAndSyncDB(514)) - Synced container: KeyValueContainerData #10 (CLOSING, non-empty, ri=0, origin=[dn_88226f8e-0505-4bcc-b2dd-adb536ccacf4, pipeline_e8637f68-3abf-4224-85fd-54b1d5edd197])
2025-07-03 19:36:55,713 [88226f8e-0505-4bcc-b2dd-adb536ccacf4-ContainerOp-e8637f68-3abf-4224-85fd-54b1d5edd197-5] INFO  keyvalue.KeyValueContainer (KeyValueContainer.java:flushAndSyncDB(514)) - Synced container: KeyValueContainerData #10 (CLOSING, non-empty, ri=0, origin=[dn_88226f8e-0505-4bcc-b2dd-adb536ccacf4, pipeline_e8637f68-3abf-4224-85fd-54b1d5edd197])
2025-07-03 19:36:55,713 [88226f8e-0505-4bcc-b2dd-adb536ccacf4-CloseContainerThread-1] INFO  keyvalue.KeyValueContainer (KeyValueContainer.java:close(430)) - Closed container: KeyValueContainerData #4 (CLOSED, non-empty, ri=1, origin=[dn_88226f8e-0505-4bcc-b2dd-adb536ccacf4, pipeline_])
2025-07-03 19:36:55,714 [88226f8e-0505-4bcc-b2dd-adb536ccacf4-CloseContainerThread-1] INFO  commandhandler.CloseContainerCommandHandler (CloseContainerCommandHandler.java:lambda$handle$0(105)) - Container #30 does not exist in datanode. Its pipeline may have closed before it was created. Container close failed.
2025-07-03 19:36:55,714 [88226f8e-0505-4bcc-b2dd-adb536ccacf4-CloseContainerThread-1] INFO  commandhandler.CloseContainerCommandHandler (CloseContainerCommandHandler.java:lambda$handle$0(105)) - Container #31 does not exist in datanode. Its pipeline may have closed before it was created. Container close failed.
2025-07-03 19:36:55,714 [88226f8e-0505-4bcc-b2dd-adb536ccacf4-CloseContainerThread-1] INFO  commandhandler.CloseContainerCommandHandler (CloseContainerCommandHandler.java:lambda$handle$0(105)) - Container #32 does not exist in datanode. Its pipeline may have closed before it was created. Container close failed.
2025-07-03 19:36:55,714 [88226f8e-0505-4bcc-b2dd-adb536ccacf4-CloseContainerThread-1] INFO  commandhandler.CloseContainerCommandHandler (CloseContainerCommandHandler.java:lambda$handle$0(105)) - Container #33 does not exist in datanode. Its pipeline may have closed before it was created. Container close failed.
2025-07-03 19:36:55,717 [88226f8e-0505-4bcc-b2dd-adb536ccacf4-ContainerOp-e8637f68-3abf-4224-85fd-54b1d5edd197-4] INFO  keyvalue.KeyValueContainer (KeyValueContainer.java:close(430)) - Closed container: KeyValueContainerData #11 (CLOSED, non-empty, ri=0, origin=[dn_88226f8e-0505-4bcc-b2dd-adb536ccacf4, pipeline_e8637f68-3abf-4224-85fd-54b1d5edd197])
2025-07-03 19:36:55,720 [FixedThreadPoolWithAffinityExecutor-1-0] INFO  container.IncrementalContainerReportHandler (AbstractContainerReportHandler.java:updateContainerState(289)) - CLOSE Container #11 (CLOSING, sid=5) r0 (CLOSED, bcsid=5, origin=88226f8e-0505-4bcc-b2dd-adb536ccacf4, non-empty) from dn 88226f8e-0505-4bcc-b2dd-adb536ccacf4(localhost/127.0.0.1)
2025-07-03 19:36:55,720 [88226f8e-0505-4bcc-b2dd-adb536ccacf4-ContainerOp-e8637f68-3abf-4224-85fd-54b1d5edd197-5] INFO  keyvalue.KeyValueContainer (KeyValueContainer.java:close(430)) - Closed container: KeyValueContainerData #10 (CLOSED, non-empty, ri=0, origin=[dn_88226f8e-0505-4bcc-b2dd-adb536ccacf4, pipeline_e8637f68-3abf-4224-85fd-54b1d5edd197])
2025-07-03 19:36:55,724 [3ae8807d-e442-4742-971d-19f19bb3cc8e-CloseContainerThread-0] WARN  keyvalue.KeyValueHandler (KeyValueHandler.java:updateAndGetContainerChecksum(1451)) - Container data checksum updated from 0 to 2f9d4286
2025-07-03 19:36:55,725 [FixedThreadPoolWithAffinityExecutor-1-0] INFO  container.IncrementalContainerReportHandler (AbstractContainerReportHandler.java:updateContainerState(289)) - CLOSE Container #10 (CLOSING, sid=2) r0 (CLOSED, bcsid=2, origin=88226f8e-0505-4bcc-b2dd-adb536ccacf4, non-empty) from dn 88226f8e-0505-4bcc-b2dd-adb536ccacf4(localhost/127.0.0.1)
2025-07-03 19:36:55,726 [3ae8807d-e442-4742-971d-19f19bb3cc8e-CloseContainerThread-2] WARN  keyvalue.KeyValueHandler (KeyValueHandler.java:updateAndGetContainerChecksum(1451)) - Container data checksum updated from 0 to 78e07f37
2025-07-03 19:36:55,727 [3ae8807d-e442-4742-971d-19f19bb3cc8e-CloseContainerThread-1] WARN  keyvalue.KeyValueHandler (KeyValueHandler.java:updateAndGetContainerChecksum(1451)) - Container data checksum updated from 0 to a76efc22
2025-07-03 19:36:55,727 [3ae8807d-e442-4742-971d-19f19bb3cc8e-CloseContainerThread-1] INFO  keyvalue.KeyValueContainer (KeyValueContainer.java:flushAndSyncDB(514)) - Synced container: KeyValueContainerData #4 (CLOSING, non-empty, ri=4, origin=[dn_3ae8807d-e442-4742-971d-19f19bb3cc8e, pipeline_])
2025-07-03 19:36:55,728 [3ae8807d-e442-4742-971d-19f19bb3cc8e-CloseContainerThread-1] INFO  keyvalue.KeyValueContainer (KeyValueContainer.java:flushAndSyncDB(514)) - Synced container: KeyValueContainerData #4 (CLOSING, non-empty, ri=4, origin=[dn_3ae8807d-e442-4742-971d-19f19bb3cc8e, pipeline_])
2025-07-03 19:36:55,730 [3ae8807d-e442-4742-971d-19f19bb3cc8e-ContainerOp-27f077c4-6383-407d-84c2-8e534a312446-7] INFO  keyvalue.KeyValueContainer (KeyValueContainer.java:flushAndSyncDB(514)) - Synced container: KeyValueContainerData #13 (CLOSING, non-empty, ri=0, origin=[dn_3ae8807d-e442-4742-971d-19f19bb3cc8e, pipeline_27f077c4-6383-407d-84c2-8e534a312446])
2025-07-03 19:36:55,730 [3ae8807d-e442-4742-971d-19f19bb3cc8e-ContainerOp-27f077c4-6383-407d-84c2-8e534a312446-7] INFO  keyvalue.KeyValueContainer (KeyValueContainer.java:flushAndSyncDB(514)) - Synced container: KeyValueContainerData #13 (CLOSING, non-empty, ri=0, origin=[dn_3ae8807d-e442-4742-971d-19f19bb3cc8e, pipeline_27f077c4-6383-407d-84c2-8e534a312446])
2025-07-03 19:36:55,734 [3ae8807d-e442-4742-971d-19f19bb3cc8e-ContainerOp-27f077c4-6383-407d-84c2-8e534a312446-8] INFO  keyvalue.KeyValueContainer (KeyValueContainer.java:flushAndSyncDB(514)) - Synced container: KeyValueContainerData #16 (CLOSING, non-empty, ri=0, origin=[dn_3ae8807d-e442-4742-971d-19f19bb3cc8e, pipeline_27f077c4-6383-407d-84c2-8e534a312446])
2025-07-03 19:36:55,734 [3ae8807d-e442-4742-971d-19f19bb3cc8e-ContainerOp-27f077c4-6383-407d-84c2-8e534a312446-8] INFO  keyvalue.KeyValueContainer (KeyValueContainer.java:flushAndSyncDB(514)) - Synced container: KeyValueContainerData #16 (CLOSING, non-empty, ri=0, origin=[dn_3ae8807d-e442-4742-971d-19f19bb3cc8e, pipeline_27f077c4-6383-407d-84c2-8e534a312446])
2025-07-03 19:36:55,734 [3ae8807d-e442-4742-971d-19f19bb3cc8e-ContainerOp-27f077c4-6383-407d-84c2-8e534a312446-7] INFO  keyvalue.KeyValueContainer (KeyValueContainer.java:close(430)) - Closed container: KeyValueContainerData #13 (CLOSED, non-empty, ri=0, origin=[dn_3ae8807d-e442-4742-971d-19f19bb3cc8e, pipeline_27f077c4-6383-407d-84c2-8e534a312446])
2025-07-03 19:36:55,735 [3ae8807d-e442-4742-971d-19f19bb3cc8e-CloseContainerThread-1] INFO  keyvalue.KeyValueContainer (KeyValueContainer.java:close(430)) - Closed container: KeyValueContainerData #4 (CLOSED, non-empty, ri=4, origin=[dn_3ae8807d-e442-4742-971d-19f19bb3cc8e, pipeline_])
2025-07-03 19:36:55,735 [3ae8807d-e442-4742-971d-19f19bb3cc8e-CloseContainerThread-0] INFO  commandhandler.CloseContainerCommandHandler (CloseContainerCommandHandler.java:lambda$handle$0(105)) - Container #30 does not exist in datanode. Its pipeline may have closed before it was created. Container close failed.
2025-07-03 19:36:55,735 [3ae8807d-e442-4742-971d-19f19bb3cc8e-CloseContainerThread-0] INFO  commandhandler.CloseContainerCommandHandler (CloseContainerCommandHandler.java:lambda$handle$0(105)) - Container #32 does not exist in datanode. Its pipeline may have closed before it was created. Container close failed.
2025-07-03 19:36:55,735 [3ae8807d-e442-4742-971d-19f19bb3cc8e-CloseContainerThread-0] INFO  commandhandler.CloseContainerCommandHandler (CloseContainerCommandHandler.java:lambda$handle$0(105)) - Container #33 does not exist in datanode. Its pipeline may have closed before it was created. Container close failed.
2025-07-03 19:36:55,735 [3ae8807d-e442-4742-971d-19f19bb3cc8e-CloseContainerThread-1] INFO  commandhandler.CloseContainerCommandHandler (CloseContainerCommandHandler.java:lambda$handle$0(105)) - Container #31 does not exist in datanode. Its pipeline may have closed before it was created. Container close failed.
2025-07-03 19:36:55,737 [FixedThreadPoolWithAffinityExecutor-0-0] INFO  container.IncrementalContainerReportHandler (AbstractContainerReportHandler.java:updateContainerState(289)) - CLOSE Container #13 (CLOSING, sid=2) r0 (CLOSED, bcsid=2, origin=3ae8807d-e442-4742-971d-19f19bb3cc8e, non-empty) from dn 3ae8807d-e442-4742-971d-19f19bb3cc8e(localhost/127.0.0.1)
2025-07-03 19:36:55,738 [3ae8807d-e442-4742-971d-19f19bb3cc8e-ContainerOp-27f077c4-6383-407d-84c2-8e534a312446-8] INFO  keyvalue.KeyValueContainer (KeyValueContainer.java:close(430)) - Closed container: KeyValueContainerData #16 (CLOSED, non-empty, ri=0, origin=[dn_3ae8807d-e442-4742-971d-19f19bb3cc8e, pipeline_27f077c4-6383-407d-84c2-8e534a312446])
2025-07-03 19:36:55,739 [FixedThreadPoolWithAffinityExecutor-0-0] INFO  container.IncrementalContainerReportHandler (AbstractContainerReportHandler.java:updateContainerState(289)) - CLOSE Container #16 (CLOSING, sid=5) r0 (CLOSED, bcsid=5, origin=3ae8807d-e442-4742-971d-19f19bb3cc8e, non-empty) from dn 3ae8807d-e442-4742-971d-19f19bb3cc8e(localhost/127.0.0.1)
2025-07-03 19:36:56,459 [a5071774-fe07-4694-ae7c-055d5bacadc2@group-9BA0E4F2719F-FollowerState] INFO  impl.FollowerState (FollowerState.java:runImpl(161)) - a5071774-fe07-4694-ae7c-055d5bacadc2@group-9BA0E4F2719F-FollowerState: change to CANDIDATE, lastRpcElapsedTime:1001843008ns, electionTimeout:1001ms
2025-07-03 19:36:56,460 [a5071774-fe07-4694-ae7c-055d5bacadc2@group-9BA0E4F2719F-FollowerState] INFO  impl.RoleInfo (RoleInfo.java:shutdownFollowerState(121)) - a5071774-fe07-4694-ae7c-055d5bacadc2: shutdown a5071774-fe07-4694-ae7c-055d5bacadc2@group-9BA0E4F2719F-FollowerState
2025-07-03 19:36:56,460 [a5071774-fe07-4694-ae7c-055d5bacadc2@group-9BA0E4F2719F-FollowerState] INFO  server.RaftServer$Division (RaftServerImpl.java:setRole(392)) - a5071774-fe07-4694-ae7c-055d5bacadc2@group-9BA0E4F2719F: changes role from  FOLLOWER to CANDIDATE at term 0 for changeToCandidate
2025-07-03 19:36:56,460 [a5071774-fe07-4694-ae7c-055d5bacadc2@group-9BA0E4F2719F-FollowerState] INFO  impl.RoleInfo (RoleInfo.java:updateAndGet(148)) - a5071774-fe07-4694-ae7c-055d5bacadc2: start a5071774-fe07-4694-ae7c-055d5bacadc2@group-9BA0E4F2719F-LeaderElection13
2025-07-03 19:36:56,460 [a5071774-fe07-4694-ae7c-055d5bacadc2@group-9BA0E4F2719F-LeaderElection13] INFO  impl.LeaderElection (LeaderElection.java:askForVotes(448)) - a5071774-fe07-4694-ae7c-055d5bacadc2@group-9BA0E4F2719F-LeaderElection13 PRE_VOTE round 0: submit vote requests at term 0 for conf: {index: -1, cur=peers:[a5071774-fe07-4694-ae7c-055d5bacadc2|127.0.0.1:15031, 88226f8e-0505-4bcc-b2dd-adb536ccacf4|127.0.0.1:15047, de5cfcaa-43ed-4718-939b-5ef5e1516f6c|127.0.0.1:15023]|listeners:[], old=null}
2025-07-03 19:36:56,461 [a5071774-fe07-4694-ae7c-055d5bacadc2@group-9BA0E4F2719F-LeaderElection13-1] INFO  server.GrpcServerProtocolClient (GrpcServerProtocolClient.java:<init>(65)) - Build channel for 88226f8e-0505-4bcc-b2dd-adb536ccacf4|127.0.0.1:15047
2025-07-03 19:36:56,461 [a5071774-fe07-4694-ae7c-055d5bacadc2@group-9BA0E4F2719F-LeaderElection13-2] INFO  server.GrpcServerProtocolClient (GrpcServerProtocolClient.java:<init>(65)) - Build channel for de5cfcaa-43ed-4718-939b-5ef5e1516f6c|127.0.0.1:15023
2025-07-03 19:36:56,465 [grpc-default-executor-5] INFO  server.RaftServer$Division (RaftServerImpl.java:requestVote(1421)) - de5cfcaa-43ed-4718-939b-5ef5e1516f6c@group-9BA0E4F2719F: receive requestVote(PRE_VOTE, a5071774-fe07-4694-ae7c-055d5bacadc2, group-9BA0E4F2719F, 0, <PROTO_DEFAULT>)
2025-07-03 19:36:56,465 [grpc-default-executor-3] INFO  server.RaftServer$Division (RaftServerImpl.java:requestVote(1421)) - 88226f8e-0505-4bcc-b2dd-adb536ccacf4@group-9BA0E4F2719F: receive requestVote(PRE_VOTE, a5071774-fe07-4694-ae7c-055d5bacadc2, group-9BA0E4F2719F, 0, <PROTO_DEFAULT>)
2025-07-03 19:36:56,465 [grpc-default-executor-5] INFO  impl.VoteContext (VoteContext.java:log(49)) - de5cfcaa-43ed-4718-939b-5ef5e1516f6c@group-9BA0E4F2719F-FOLLOWER: accept PRE_VOTE from a5071774-fe07-4694-ae7c-055d5bacadc2: our priority 0 <= candidate's priority 1
2025-07-03 19:36:56,466 [grpc-default-executor-5] INFO  server.RaftServer$Division (RaftServerImpl.java:requestVote(1455)) - de5cfcaa-43ed-4718-939b-5ef5e1516f6c@group-9BA0E4F2719F replies to PRE_VOTE vote request: a5071774-fe07-4694-ae7c-055d5bacadc2<-de5cfcaa-43ed-4718-939b-5ef5e1516f6c#0:OK-t0-last:<INITIAL_VALUE>. Peer's state: de5cfcaa-43ed-4718-939b-5ef5e1516f6c@group-9BA0E4F2719F:t0, leader=null, voted=, raftlog=Memoized:de5cfcaa-43ed-4718-939b-5ef5e1516f6c@group-9BA0E4F2719F-SegmentedRaftLog:OPENED:c-1:lastnull, conf=conf: {index: -1, cur=peers:[a5071774-fe07-4694-ae7c-055d5bacadc2|127.0.0.1:15031, 88226f8e-0505-4bcc-b2dd-adb536ccacf4|127.0.0.1:15047, de5cfcaa-43ed-4718-939b-5ef5e1516f6c|127.0.0.1:15023]|listeners:[], old=null}
2025-07-03 19:36:56,465 [grpc-default-executor-3] INFO  impl.VoteContext (VoteContext.java:log(49)) - 88226f8e-0505-4bcc-b2dd-adb536ccacf4@group-9BA0E4F2719F-FOLLOWER: accept PRE_VOTE from a5071774-fe07-4694-ae7c-055d5bacadc2: our priority 0 <= candidate's priority 1
2025-07-03 19:36:56,466 [grpc-default-executor-3] INFO  server.RaftServer$Division (RaftServerImpl.java:requestVote(1455)) - 88226f8e-0505-4bcc-b2dd-adb536ccacf4@group-9BA0E4F2719F replies to PRE_VOTE vote request: a5071774-fe07-4694-ae7c-055d5bacadc2<-88226f8e-0505-4bcc-b2dd-adb536ccacf4#0:OK-t0-last:<INITIAL_VALUE>. Peer's state: 88226f8e-0505-4bcc-b2dd-adb536ccacf4@group-9BA0E4F2719F:t0, leader=null, voted=, raftlog=Memoized:88226f8e-0505-4bcc-b2dd-adb536ccacf4@group-9BA0E4F2719F-SegmentedRaftLog:OPENED:c-1:lastnull, conf=conf: {index: -1, cur=peers:[a5071774-fe07-4694-ae7c-055d5bacadc2|127.0.0.1:15031, 88226f8e-0505-4bcc-b2dd-adb536ccacf4|127.0.0.1:15047, de5cfcaa-43ed-4718-939b-5ef5e1516f6c|127.0.0.1:15023]|listeners:[], old=null}
2025-07-03 19:36:56,467 [a5071774-fe07-4694-ae7c-055d5bacadc2@group-9BA0E4F2719F-LeaderElection13] INFO  impl.LeaderElection (LeaderElection.java:logAndReturn(206)) - a5071774-fe07-4694-ae7c-055d5bacadc2@group-9BA0E4F2719F-LeaderElection13: PRE_VOTE PASSED received 1 response(s) and 0 exception(s):
2025-07-03 19:36:56,467 [a5071774-fe07-4694-ae7c-055d5bacadc2@group-9BA0E4F2719F-LeaderElection13] INFO  impl.LeaderElection (LeaderElection.java:logAndReturn(210)) -   Response 0: a5071774-fe07-4694-ae7c-055d5bacadc2<-de5cfcaa-43ed-4718-939b-5ef5e1516f6c#0:OK-t0-last:<INITIAL_VALUE>
2025-07-03 19:36:56,467 [a5071774-fe07-4694-ae7c-055d5bacadc2@group-9BA0E4F2719F-LeaderElection13] INFO  impl.LeaderElection (LeaderElection.java:askForVotes(450)) - a5071774-fe07-4694-ae7c-055d5bacadc2@group-9BA0E4F2719F-LeaderElection13 PRE_VOTE round 0: result PASSED
2025-07-03 19:36:56,468 [a5071774-fe07-4694-ae7c-055d5bacadc2@group-9BA0E4F2719F-LeaderElection13] INFO  impl.LeaderElection (LeaderElection.java:askForVotes(448)) - a5071774-fe07-4694-ae7c-055d5bacadc2@group-9BA0E4F2719F-LeaderElection13 ELECTION round 0: submit vote requests at term 1 for conf: {index: -1, cur=peers:[a5071774-fe07-4694-ae7c-055d5bacadc2|127.0.0.1:15031, 88226f8e-0505-4bcc-b2dd-adb536ccacf4|127.0.0.1:15047, de5cfcaa-43ed-4718-939b-5ef5e1516f6c|127.0.0.1:15023]|listeners:[], old=null}
2025-07-03 19:36:56,470 [grpc-default-executor-4] INFO  server.RaftServer$Division (RaftServerImpl.java:requestVote(1421)) - de5cfcaa-43ed-4718-939b-5ef5e1516f6c@group-9BA0E4F2719F: receive requestVote(ELECTION, a5071774-fe07-4694-ae7c-055d5bacadc2, group-9BA0E4F2719F, 1, <PROTO_DEFAULT>)
2025-07-03 19:36:56,470 [grpc-default-executor-4] INFO  impl.VoteContext (VoteContext.java:log(49)) - de5cfcaa-43ed-4718-939b-5ef5e1516f6c@group-9BA0E4F2719F-FOLLOWER: accept ELECTION from a5071774-fe07-4694-ae7c-055d5bacadc2: our priority 0 <= candidate's priority 1
2025-07-03 19:36:56,470 [grpc-default-executor-4] INFO  server.RaftServer$Division (RaftServerImpl.java:setRole(392)) - de5cfcaa-43ed-4718-939b-5ef5e1516f6c@group-9BA0E4F2719F: changes role from  FOLLOWER to FOLLOWER at term 0 for candidate:a5071774-fe07-4694-ae7c-055d5bacadc2
2025-07-03 19:36:56,470 [grpc-default-executor-4] INFO  impl.RoleInfo (RoleInfo.java:shutdownFollowerState(121)) - de5cfcaa-43ed-4718-939b-5ef5e1516f6c: shutdown de5cfcaa-43ed-4718-939b-5ef5e1516f6c@group-9BA0E4F2719F-FollowerState
2025-07-03 19:36:56,470 [grpc-default-executor-4] INFO  impl.RoleInfo (RoleInfo.java:updateAndGet(148)) - de5cfcaa-43ed-4718-939b-5ef5e1516f6c: start de5cfcaa-43ed-4718-939b-5ef5e1516f6c@group-9BA0E4F2719F-FollowerState
2025-07-03 19:36:56,470 [de5cfcaa-43ed-4718-939b-5ef5e1516f6c@group-9BA0E4F2719F-FollowerState] INFO  impl.FollowerState (FollowerState.java:runImpl(170)) - de5cfcaa-43ed-4718-939b-5ef5e1516f6c@group-9BA0E4F2719F-FollowerState was interrupted
2025-07-03 19:36:56,470 [grpc-default-executor-4] INFO  server.RaftServer$Division (RaftServerImpl.java:setFirstElection(576)) - de5cfcaa-43ed-4718-939b-5ef5e1516f6c@group-9BA0E4F2719F: set firstElectionSinceStartup to false for candidate:a5071774-fe07-4694-ae7c-055d5bacadc2
2025-07-03 19:36:56,471 [grpc-default-executor-5] INFO  server.RaftServer$Division (RaftServerImpl.java:requestVote(1421)) - 88226f8e-0505-4bcc-b2dd-adb536ccacf4@group-9BA0E4F2719F: receive requestVote(ELECTION, a5071774-fe07-4694-ae7c-055d5bacadc2, group-9BA0E4F2719F, 1, <PROTO_DEFAULT>)
2025-07-03 19:36:56,471 [grpc-default-executor-5] INFO  impl.VoteContext (VoteContext.java:log(49)) - 88226f8e-0505-4bcc-b2dd-adb536ccacf4@group-9BA0E4F2719F-FOLLOWER: accept ELECTION from a5071774-fe07-4694-ae7c-055d5bacadc2: our priority 0 <= candidate's priority 1
2025-07-03 19:36:56,471 [grpc-default-executor-5] INFO  server.RaftServer$Division (RaftServerImpl.java:setRole(392)) - 88226f8e-0505-4bcc-b2dd-adb536ccacf4@group-9BA0E4F2719F: changes role from  FOLLOWER to FOLLOWER at term 0 for candidate:a5071774-fe07-4694-ae7c-055d5bacadc2
2025-07-03 19:36:56,471 [grpc-default-executor-5] INFO  impl.RoleInfo (RoleInfo.java:shutdownFollowerState(121)) - 88226f8e-0505-4bcc-b2dd-adb536ccacf4: shutdown 88226f8e-0505-4bcc-b2dd-adb536ccacf4@group-9BA0E4F2719F-FollowerState
2025-07-03 19:36:56,471 [grpc-default-executor-5] INFO  impl.RoleInfo (RoleInfo.java:updateAndGet(148)) - 88226f8e-0505-4bcc-b2dd-adb536ccacf4: start 88226f8e-0505-4bcc-b2dd-adb536ccacf4@group-9BA0E4F2719F-FollowerState
2025-07-03 19:36:56,471 [88226f8e-0505-4bcc-b2dd-adb536ccacf4@group-9BA0E4F2719F-FollowerState] INFO  impl.FollowerState (FollowerState.java:runImpl(170)) - 88226f8e-0505-4bcc-b2dd-adb536ccacf4@group-9BA0E4F2719F-FollowerState was interrupted
2025-07-03 19:36:56,472 [grpc-default-executor-4] INFO  server.RaftServer$Division (RaftServerImpl.java:requestVote(1455)) - de5cfcaa-43ed-4718-939b-5ef5e1516f6c@group-9BA0E4F2719F replies to ELECTION vote request: a5071774-fe07-4694-ae7c-055d5bacadc2<-de5cfcaa-43ed-4718-939b-5ef5e1516f6c#0:OK-t1-last:<INITIAL_VALUE>. Peer's state: de5cfcaa-43ed-4718-939b-5ef5e1516f6c@group-9BA0E4F2719F:t1, leader=null, voted=a5071774-fe07-4694-ae7c-055d5bacadc2, raftlog=Memoized:de5cfcaa-43ed-4718-939b-5ef5e1516f6c@group-9BA0E4F2719F-SegmentedRaftLog:OPENED:c-1:lastnull, conf=conf: {index: -1, cur=peers:[a5071774-fe07-4694-ae7c-055d5bacadc2|127.0.0.1:15031, 88226f8e-0505-4bcc-b2dd-adb536ccacf4|127.0.0.1:15047, de5cfcaa-43ed-4718-939b-5ef5e1516f6c|127.0.0.1:15023]|listeners:[], old=null}
2025-07-03 19:36:56,471 [grpc-default-executor-5] INFO  server.RaftServer$Division (RaftServerImpl.java:setFirstElection(576)) - 88226f8e-0505-4bcc-b2dd-adb536ccacf4@group-9BA0E4F2719F: set firstElectionSinceStartup to false for candidate:a5071774-fe07-4694-ae7c-055d5bacadc2
2025-07-03 19:36:56,473 [a5071774-fe07-4694-ae7c-055d5bacadc2@group-9BA0E4F2719F-LeaderElection13] INFO  impl.LeaderElection (LeaderElection.java:logAndReturn(206)) - a5071774-fe07-4694-ae7c-055d5bacadc2@group-9BA0E4F2719F-LeaderElection13: ELECTION PASSED received 1 response(s) and 0 exception(s):
2025-07-03 19:36:56,473 [a5071774-fe07-4694-ae7c-055d5bacadc2@group-9BA0E4F2719F-LeaderElection13] INFO  impl.LeaderElection (LeaderElection.java:logAndReturn(210)) -   Response 0: a5071774-fe07-4694-ae7c-055d5bacadc2<-de5cfcaa-43ed-4718-939b-5ef5e1516f6c#0:OK-t1-last:<INITIAL_VALUE>
2025-07-03 19:36:56,473 [a5071774-fe07-4694-ae7c-055d5bacadc2@group-9BA0E4F2719F-LeaderElection13] INFO  impl.LeaderElection (LeaderElection.java:askForVotes(450)) - a5071774-fe07-4694-ae7c-055d5bacadc2@group-9BA0E4F2719F-LeaderElection13 ELECTION round 0: result PASSED
2025-07-03 19:36:56,473 [a5071774-fe07-4694-ae7c-055d5bacadc2@group-9BA0E4F2719F-LeaderElection13] INFO  impl.RoleInfo (RoleInfo.java:shutdownLeaderElection(141)) - a5071774-fe07-4694-ae7c-055d5bacadc2: shutdown a5071774-fe07-4694-ae7c-055d5bacadc2@group-9BA0E4F2719F-LeaderElection13
2025-07-03 19:36:56,473 [a5071774-fe07-4694-ae7c-055d5bacadc2@group-9BA0E4F2719F-LeaderElection13] INFO  server.RaftServer$Division (RaftServerImpl.java:setRole(392)) - a5071774-fe07-4694-ae7c-055d5bacadc2@group-9BA0E4F2719F: changes role from CANDIDATE to LEADER at term 1 for changeToLeader
2025-07-03 19:36:56,473 [a5071774-fe07-4694-ae7c-055d5bacadc2@group-9BA0E4F2719F-LeaderElection13] INFO  server.RaftServerConfigKeys (ConfUtils.java:logFallback(69)) - raft.server.staging.timeout = 15600ms (fallback to raft.server.rpc.timeout.max)
2025-07-03 19:36:56,474 [a5071774-fe07-4694-ae7c-055d5bacadc2@group-9BA0E4F2719F-LeaderElection13] INFO  server.RaftServerConfigKeys (ConfUtils.java:logGet(62)) - raft.server.write.byte-limit = 1024 M (=1073741824) (custom)
2025-07-03 19:36:56,474 [grpc-default-executor-5] INFO  server.RaftServer$Division (RaftServerImpl.java:requestVote(1455)) - 88226f8e-0505-4bcc-b2dd-adb536ccacf4@group-9BA0E4F2719F replies to ELECTION vote request: a5071774-fe07-4694-ae7c-055d5bacadc2<-88226f8e-0505-4bcc-b2dd-adb536ccacf4#0:OK-t1-last:<INITIAL_VALUE>. Peer's state: 88226f8e-0505-4bcc-b2dd-adb536ccacf4@group-9BA0E4F2719F:t1, leader=null, voted=a5071774-fe07-4694-ae7c-055d5bacadc2, raftlog=Memoized:88226f8e-0505-4bcc-b2dd-adb536ccacf4@group-9BA0E4F2719F-SegmentedRaftLog:OPENED:c-1:lastnull, conf=conf: {index: -1, cur=peers:[a5071774-fe07-4694-ae7c-055d5bacadc2|127.0.0.1:15031, 88226f8e-0505-4bcc-b2dd-adb536ccacf4|127.0.0.1:15047, de5cfcaa-43ed-4718-939b-5ef5e1516f6c|127.0.0.1:15023]|listeners:[], old=null}
2025-07-03 19:36:56,475 [a5071774-fe07-4694-ae7c-055d5bacadc2@group-9BA0E4F2719F-LeaderElection13] INFO  server.RaftServerConfigKeys (ConfUtils.java:logGet(62)) - raft.server.log.appender.buffer.byte-limit = 33554432 (custom)
2025-07-03 19:36:56,476 [a5071774-fe07-4694-ae7c-055d5bacadc2@group-9BA0E4F2719F-LeaderElection13] INFO  server.RaftServerConfigKeys (ConfUtils.java:logGet(62)) - raft.server.log.appender.buffer.byte-limit = 33554432 (custom)
2025-07-03 19:36:56,476 [a5071774-fe07-4694-ae7c-055d5bacadc2@group-9BA0E4F2719F-LeaderElection13] INFO  impl.RoleInfo (RoleInfo.java:updateAndGet(148)) - a5071774-fe07-4694-ae7c-055d5bacadc2: start a5071774-fe07-4694-ae7c-055d5bacadc2@group-9BA0E4F2719F-LeaderStateImpl
2025-07-03 19:36:56,476 [a5071774-fe07-4694-ae7c-055d5bacadc2@group-9BA0E4F2719F-LeaderElection13] INFO  server.RaftServer$Division (RaftServerImpl.java:setFirstElection(576)) - a5071774-fe07-4694-ae7c-055d5bacadc2@group-9BA0E4F2719F: set firstElectionSinceStartup to false for becomeLeader
2025-07-03 19:36:56,476 [a5071774-fe07-4694-ae7c-055d5bacadc2@group-9BA0E4F2719F-LeaderElection13] INFO  ratis.XceiverServerRatis (XceiverServerRatis.java:handleLeaderChangedNotification(944)) - Leader change notification received for group: group-9BA0E4F2719F with new leaderId: a5071774-fe07-4694-ae7c-055d5bacadc2
2025-07-03 19:36:56,476 [a5071774-fe07-4694-ae7c-055d5bacadc2@group-9BA0E4F2719F-LeaderElection13] INFO  server.RaftServer$Division (ServerState.java:setLeader(272)) - a5071774-fe07-4694-ae7c-055d5bacadc2@group-9BA0E4F2719F: change Leader from null to a5071774-fe07-4694-ae7c-055d5bacadc2 at term 1 for becomeLeader, leader elected after 1045ms
2025-07-03 19:36:56,477 [a5071774-fe07-4694-ae7c-055d5bacadc2@group-9BA0E4F2719F-LeaderElection13] INFO  segmented.SegmentedRaftLogWorker (SegmentedRaftLogWorker.java:startLogSegment(440)) - a5071774-fe07-4694-ae7c-055d5bacadc2@group-9BA0E4F2719F-SegmentedRaftLogWorker: Starting segment from index:0
2025-07-03 19:36:56,477 [a5071774-fe07-4694-ae7c-055d5bacadc2@group-9BA0E4F2719F-LeaderElection13] INFO  server.RaftServer$Division (ServerState.java:setRaftConf(386)) - a5071774-fe07-4694-ae7c-055d5bacadc2@group-9BA0E4F2719F: set configuration conf: {index: 0, cur=peers:[a5071774-fe07-4694-ae7c-055d5bacadc2|127.0.0.1:15031, 88226f8e-0505-4bcc-b2dd-adb536ccacf4|127.0.0.1:15047, de5cfcaa-43ed-4718-939b-5ef5e1516f6c|127.0.0.1:15023]|listeners:[], old=null}
2025-07-03 19:36:56,478 [a5071774-fe07-4694-ae7c-055d5bacadc2@group-9BA0E4F2719F-SegmentedRaftLogWorker] INFO  segmented.BufferedWriteChannel (BufferedWriteChannel.java:open(61)) - open log_inprogress_0 at position 0
2025-07-03 19:36:56,484 [grpc-default-executor-5] INFO  ratis.XceiverServerRatis (XceiverServerRatis.java:handleLeaderChangedNotification(944)) - Leader change notification received for group: group-9BA0E4F2719F with new leaderId: a5071774-fe07-4694-ae7c-055d5bacadc2
2025-07-03 19:36:56,484 [grpc-default-executor-5] INFO  server.RaftServer$Division (ServerState.java:setLeader(272)) - 88226f8e-0505-4bcc-b2dd-adb536ccacf4@group-9BA0E4F2719F: change Leader from null to a5071774-fe07-4694-ae7c-055d5bacadc2 at term 1 for appendEntries, leader elected after 994ms
2025-07-03 19:36:56,485 [EventQueue-PipelineReportForPipelineReportHandler] INFO  pipeline.PipelineReportHandler (PipelineReportHandler.java:processPipelineReport(134)) - Opened pipeline Pipeline-f5cce82e-686d-44d3-b8e7-9ba0e4f2719f
2025-07-03 19:36:56,486 [grpc-default-executor-5] INFO  server.RaftServer$Division (ServerState.java:setRaftConf(386)) - 88226f8e-0505-4bcc-b2dd-adb536ccacf4@group-9BA0E4F2719F: set configuration conf: {index: 0, cur=peers:[a5071774-fe07-4694-ae7c-055d5bacadc2|127.0.0.1:15031, 88226f8e-0505-4bcc-b2dd-adb536ccacf4|127.0.0.1:15047, de5cfcaa-43ed-4718-939b-5ef5e1516f6c|127.0.0.1:15023]|listeners:[], old=null}
2025-07-03 19:36:56,486 [grpc-default-executor-2] INFO  ratis.XceiverServerRatis (XceiverServerRatis.java:handleLeaderChangedNotification(944)) - Leader change notification received for group: group-9BA0E4F2719F with new leaderId: a5071774-fe07-4694-ae7c-055d5bacadc2
2025-07-03 19:36:56,486 [grpc-default-executor-2] INFO  server.RaftServer$Division (ServerState.java:setLeader(272)) - de5cfcaa-43ed-4718-939b-5ef5e1516f6c@group-9BA0E4F2719F: change Leader from null to a5071774-fe07-4694-ae7c-055d5bacadc2 at term 1 for appendEntries, leader elected after 1069ms
2025-07-03 19:36:56,486 [grpc-default-executor-5] INFO  segmented.SegmentedRaftLogWorker (SegmentedRaftLogWorker.java:startLogSegment(440)) - 88226f8e-0505-4bcc-b2dd-adb536ccacf4@group-9BA0E4F2719F-SegmentedRaftLogWorker: Starting segment from index:0
2025-07-03 19:36:56,487 [grpc-default-executor-3] INFO  server.RaftServer$Division (ServerState.java:setRaftConf(386)) - de5cfcaa-43ed-4718-939b-5ef5e1516f6c@group-9BA0E4F2719F: set configuration conf: {index: 0, cur=peers:[a5071774-fe07-4694-ae7c-055d5bacadc2|127.0.0.1:15031, 88226f8e-0505-4bcc-b2dd-adb536ccacf4|127.0.0.1:15047, de5cfcaa-43ed-4718-939b-5ef5e1516f6c|127.0.0.1:15023]|listeners:[], old=null}
2025-07-03 19:36:56,487 [grpc-default-executor-3] INFO  segmented.SegmentedRaftLogWorker (SegmentedRaftLogWorker.java:startLogSegment(440)) - de5cfcaa-43ed-4718-939b-5ef5e1516f6c@group-9BA0E4F2719F-SegmentedRaftLogWorker: Starting segment from index:0
2025-07-03 19:36:56,487 [88226f8e-0505-4bcc-b2dd-adb536ccacf4@group-9BA0E4F2719F-SegmentedRaftLogWorker] INFO  segmented.BufferedWriteChannel (BufferedWriteChannel.java:open(61)) - open log_inprogress_0 at position 0
2025-07-03 19:36:56,487 [de5cfcaa-43ed-4718-939b-5ef5e1516f6c@group-9BA0E4F2719F-SegmentedRaftLogWorker] INFO  segmented.BufferedWriteChannel (BufferedWriteChannel.java:open(61)) - open log_inprogress_0 at position 0
2025-07-03 19:36:56,489 [a5071774-fe07-4694-ae7c-055d5bacadc2@group-9BA0E4F2719F-SegmentedRaftLogWorker] INFO  segmented.SegmentedRaftLogWorker (SegmentedRaftLogWorker.java:execute(647)) - a5071774-fe07-4694-ae7c-055d5bacadc2@group-9BA0E4F2719F-SegmentedRaftLogWorker: created new log segment /home/runner/work/ozone/ozone/hadoop-ozone/integration-test/target/test-dir/MiniOzoneClusterImpl-45853b25-0f16-4cd1-a389-19da62fdb6ec/ozone-meta/datanode-3/ratis/f5cce82e-686d-44d3-b8e7-9ba0e4f2719f/current/log_inprogress_0
2025-07-03 19:36:56,501 [88226f8e-0505-4bcc-b2dd-adb536ccacf4@group-9BA0E4F2719F-SegmentedRaftLogWorker] INFO  segmented.SegmentedRaftLogWorker (SegmentedRaftLogWorker.java:execute(647)) - 88226f8e-0505-4bcc-b2dd-adb536ccacf4@group-9BA0E4F2719F-SegmentedRaftLogWorker: created new log segment /home/runner/work/ozone/ozone/hadoop-ozone/integration-test/target/test-dir/MiniOzoneClusterImpl-45853b25-0f16-4cd1-a389-19da62fdb6ec/ozone-meta/datanode-5/ratis/f5cce82e-686d-44d3-b8e7-9ba0e4f2719f/current/log_inprogress_0
2025-07-03 19:36:56,501 [de5cfcaa-43ed-4718-939b-5ef5e1516f6c@group-9BA0E4F2719F-SegmentedRaftLogWorker] INFO  segmented.SegmentedRaftLogWorker (SegmentedRaftLogWorker.java:execute(647)) - de5cfcaa-43ed-4718-939b-5ef5e1516f6c@group-9BA0E4F2719F-SegmentedRaftLogWorker: created new log segment /home/runner/work/ozone/ozone/hadoop-ozone/integration-test/target/test-dir/MiniOzoneClusterImpl-45853b25-0f16-4cd1-a389-19da62fdb6ec/ozone-meta/datanode-2/ratis/f5cce82e-686d-44d3-b8e7-9ba0e4f2719f/current/log_inprogress_0
2025-07-03 19:36:56,506 [a5071774-fe07-4694-ae7c-055d5bacadc2@group-9BA0E4F2719F-StateMachineUpdater] INFO  server.RaftServer$Division (LeaderStateImpl.java:checkStartIndex(309)) - Leader a5071774-fe07-4694-ae7c-055d5bacadc2@group-9BA0E4F2719F-LeaderStateImpl is ready since appliedIndex == startIndex == 0
2025-07-03 19:36:56,544 [a5071774-fe07-4694-ae7c-055d5bacadc2-ContainerOp-f5cce82e-686d-44d3-b8e7-9ba0e4f2719f-0] WARN  statemachine.DatanodeConfiguration (DatanodeConfiguration.java:validateMinFreeSpace(751)) - hdds.datanode.volume.min.free.space.percent = -1.0 is invalid, should be between 0 and 1
2025-07-03 19:36:56,545 [a5071774-fe07-4694-ae7c-055d5bacadc2-ContainerOp-f5cce82e-686d-44d3-b8e7-9ba0e4f2719f-0] WARN  statemachine.DatanodeConfiguration (DatanodeConfiguration.java:validateMinFreeSpace(751)) - hdds.datanode.volume.min.free.space.percent = -1.0 is invalid, should be between 0 and 1
2025-07-03 19:36:56,547 [88226f8e-0505-4bcc-b2dd-adb536ccacf4-ContainerOp-f5cce82e-686d-44d3-b8e7-9ba0e4f2719f-0] WARN  statemachine.DatanodeConfiguration (DatanodeConfiguration.java:validateMinFreeSpace(751)) - hdds.datanode.volume.min.free.space.percent = -1.0 is invalid, should be between 0 and 1
2025-07-03 19:36:56,548 [88226f8e-0505-4bcc-b2dd-adb536ccacf4-ContainerOp-f5cce82e-686d-44d3-b8e7-9ba0e4f2719f-0] WARN  statemachine.DatanodeConfiguration (DatanodeConfiguration.java:validateMinFreeSpace(751)) - hdds.datanode.volume.min.free.space.percent = -1.0 is invalid, should be between 0 and 1
2025-07-03 19:36:56,551 [de5cfcaa-43ed-4718-939b-5ef5e1516f6c-ContainerOp-f5cce82e-686d-44d3-b8e7-9ba0e4f2719f-0] WARN  statemachine.DatanodeConfiguration (DatanodeConfiguration.java:validateMinFreeSpace(751)) - hdds.datanode.volume.min.free.space.percent = -1.0 is invalid, should be between 0 and 1
2025-07-03 19:36:56,552 [de5cfcaa-43ed-4718-939b-5ef5e1516f6c-ContainerOp-f5cce82e-686d-44d3-b8e7-9ba0e4f2719f-0] WARN  statemachine.DatanodeConfiguration (DatanodeConfiguration.java:validateMinFreeSpace(751)) - hdds.datanode.volume.min.free.space.percent = -1.0 is invalid, should be between 0 and 1
]]></system-out>
  </testcase>
  <testcase name="testDatanodeUsageInfoContainerCount" classname="org.apache.ozone.test.NonHATests$ContainerOperations" time="0.011">
    <failure message="expected: &lt;28&gt; but was: &lt;29&gt;" type="org.opentest4j.AssertionFailedError"><![CDATA[org.opentest4j.AssertionFailedError: expected: <28> but was: <29>
	at org.apache.hadoop.hdds.scm.TestContainerOperations.testDatanodeUsageInfoContainerCount(TestContainerOperations.java:206)
	at java.base/java.lang.reflect.Method.invoke(Method.java:580)
	at java.base/java.util.ArrayList.forEach(ArrayList.java:1596)
	at java.base/java.util.ArrayList.forEach(ArrayList.java:1596)
	at java.base/java.util.ArrayList.forEach(ArrayList.java:1596)
]]></failure>
  </testcase>
  <testcase name="testListContainerExceedMaxAllowedCountOperations" classname="org.apache.ozone.test.NonHATests$ContainerOperations" time="0.032">
    <system-out><![CDATA[2025-07-03 19:36:56,579 [de5cfcaa-43ed-4718-939b-5ef5e1516f6c-ChunkReader-3] WARN  statemachine.DatanodeConfiguration (DatanodeConfiguration.java:validateMinFreeSpace(751)) - hdds.datanode.volume.min.free.space.percent = -1.0 is invalid, should be between 0 and 1
2025-07-03 19:36:56,580 [de5cfcaa-43ed-4718-939b-5ef5e1516f6c-ChunkReader-3] WARN  statemachine.DatanodeConfiguration (DatanodeConfiguration.java:validateMinFreeSpace(751)) - hdds.datanode.volume.min.free.space.percent = -1.0 is invalid, should be between 0 and 1
2025-07-03 19:36:56,588 [de5cfcaa-43ed-4718-939b-5ef5e1516f6c-ChunkReader-5] WARN  statemachine.DatanodeConfiguration (DatanodeConfiguration.java:validateMinFreeSpace(751)) - hdds.datanode.volume.min.free.space.percent = -1.0 is invalid, should be between 0 and 1
2025-07-03 19:36:56,589 [de5cfcaa-43ed-4718-939b-5ef5e1516f6c-ChunkReader-5] WARN  statemachine.DatanodeConfiguration (DatanodeConfiguration.java:validateMinFreeSpace(751)) - hdds.datanode.volume.min.free.space.percent = -1.0 is invalid, should be between 0 and 1
2025-07-03 19:36:56,594 [main] WARN  cli.ContainerOperationClient (ContainerOperationClient.java:listContainer(354)) - Attempting to list 2 containers. However, this exceeds the cluster's current limit of 1. The results will be capped at the maximum allowed count.
]]></system-out>
  </testcase>
  <testcase name="testHealthyNodesCount" classname="org.apache.ozone.test.NonHATests$ContainerOperations" time="0.002"/>
  <testcase name="testNodeOperationalStates" classname="org.apache.ozone.test.NonHATests$ContainerOperations" time="0.016">
    <system-out><![CDATA[2025-07-03 19:36:56,604 [EventQueue-HealthyReadonlyToHealthyNodeForReadOnlyHealthyToHealthyNodeHandler] INFO  node.ReadOnlyHealthyToHealthyNodeHandler (ReadOnlyHealthyToHealthyNodeHandler.java:onMessage(46)) - Datanode de5cfcaa-43ed-4718-939b-5ef5e1516f6c(localhost/127.0.0.1) moved to HEALTHY state.
2025-07-03 19:36:56,604 [EventQueue-HealthyReadonlyToHealthyNodeForReadOnlyHealthyToHealthyNodeHandler] INFO  pipeline.BackgroundPipelineCreator (BackgroundPipelineCreator.java:notifyEventTriggered(290)) - trigger a one-shot run on RatisPipelineUtilsThread.
2025-07-03 19:36:56,605 [RatisPipelineUtilsThread-0] INFO  pipeline.RatisPipelineProvider (RatisPipelineProvider.java:lambda$create$0(208)) - Sending CreatePipelineCommand for pipeline:Pipeline-3381fff9-1760-49a4-8ace-2e81b4995cf2 to datanode:b0317c4b-6269-46f0-9d56-6c71affd7579(localhost/127.0.0.1)
2025-07-03 19:36:56,607 [RatisPipelineUtilsThread-0] INFO  pipeline.BackgroundPipelineCreator (BackgroundPipelineCreator.java:createPipelines(246)) - Created new pipeline Pipeline{ Id: 3381fff9-1760-49a4-8ace-2e81b4995cf2, Nodes: [ {b0317c4b-6269-46f0-9d56-6c71affd7579(localhost/127.0.0.1), ReplicaIndex: 0},], ReplicationConfig: RATIS/ONE, State:ALLOCATED, leaderId:, CreationTimestamp2025-07-03T19:36:56.605263761Z[Etc/UTC]}
2025-07-03 19:36:56,608 [RatisPipelineUtilsThread-0] INFO  pipeline.RatisPipelineProvider (RatisPipelineProvider.java:lambda$create$0(208)) - Sending CreatePipelineCommand for pipeline:Pipeline-b4f2a679-a8eb-4371-a8b6-3d9bb00efe51 to datanode:a5071774-fe07-4694-ae7c-055d5bacadc2(localhost/127.0.0.1)
2025-07-03 19:36:56,608 [RatisPipelineUtilsThread-0] INFO  pipeline.RatisPipelineProvider (RatisPipelineProvider.java:lambda$create$0(208)) - Sending CreatePipelineCommand for pipeline:Pipeline-b4f2a679-a8eb-4371-a8b6-3d9bb00efe51 to datanode:88226f8e-0505-4bcc-b2dd-adb536ccacf4(localhost/127.0.0.1)
2025-07-03 19:36:56,608 [RatisPipelineUtilsThread-0] INFO  pipeline.RatisPipelineProvider (RatisPipelineProvider.java:lambda$create$0(208)) - Sending CreatePipelineCommand for pipeline:Pipeline-b4f2a679-a8eb-4371-a8b6-3d9bb00efe51 to datanode:3ae8807d-e442-4742-971d-19f19bb3cc8e(localhost/127.0.0.1)
2025-07-03 19:36:56,610 [RatisPipelineUtilsThread-0] INFO  pipeline.BackgroundPipelineCreator (BackgroundPipelineCreator.java:createPipelines(246)) - Created new pipeline Pipeline{ Id: b4f2a679-a8eb-4371-a8b6-3d9bb00efe51, Nodes: [ {a5071774-fe07-4694-ae7c-055d5bacadc2(localhost/127.0.0.1), ReplicaIndex: 0}, {88226f8e-0505-4bcc-b2dd-adb536ccacf4(localhost/127.0.0.1), ReplicaIndex: 0}, {3ae8807d-e442-4742-971d-19f19bb3cc8e(localhost/127.0.0.1), ReplicaIndex: 0},], ReplicationConfig: RATIS/THREE, State:ALLOCATED, leaderId:, CreationTimestamp2025-07-03T19:36:56.608068878Z[Etc/UTC]}
2025-07-03 19:36:56,611 [RatisPipelineUtilsThread-0] INFO  pipeline.RatisPipelineProvider (RatisPipelineProvider.java:lambda$create$0(208)) - Sending CreatePipelineCommand for pipeline:Pipeline-ba62dd4c-1c65-47ea-be1d-dd05fa0a836e to datanode:a5071774-fe07-4694-ae7c-055d5bacadc2(localhost/127.0.0.1)
2025-07-03 19:36:56,612 [EventQueue-HealthyReadonlyToHealthyNodeForReadOnlyHealthyToHealthyNodeHandler] INFO  node.ReadOnlyHealthyToHealthyNodeHandler (ReadOnlyHealthyToHealthyNodeHandler.java:onMessage(46)) - Datanode de5cfcaa-43ed-4718-939b-5ef5e1516f6c(localhost/127.0.0.1) moved to HEALTHY state.
2025-07-03 19:36:56,612 [EventQueue-HealthyReadonlyToHealthyNodeForReadOnlyHealthyToHealthyNodeHandler] INFO  pipeline.BackgroundPipelineCreator (BackgroundPipelineCreator.java:notifyEventTriggered(290)) - trigger a one-shot run on RatisPipelineUtilsThread.
2025-07-03 19:36:56,613 [RatisPipelineUtilsThread-0] INFO  pipeline.BackgroundPipelineCreator (BackgroundPipelineCreator.java:createPipelines(246)) - Created new pipeline Pipeline{ Id: ba62dd4c-1c65-47ea-be1d-dd05fa0a836e, Nodes: [ {a5071774-fe07-4694-ae7c-055d5bacadc2(localhost/127.0.0.1), ReplicaIndex: 0},], ReplicationConfig: RATIS/ONE, State:ALLOCATED, leaderId:, CreationTimestamp2025-07-03T19:36:56.611232958Z[Etc/UTC]}
2025-07-03 19:36:56,614 [EventQueue-HealthyReadonlyToHealthyNodeForReadOnlyHealthyToHealthyNodeHandler] INFO  node.ReadOnlyHealthyToHealthyNodeHandler (ReadOnlyHealthyToHealthyNodeHandler.java:onMessage(46)) - Datanode de5cfcaa-43ed-4718-939b-5ef5e1516f6c(localhost/127.0.0.1) moved to HEALTHY state.
2025-07-03 19:36:56,614 [EventQueue-HealthyReadonlyToHealthyNodeForReadOnlyHealthyToHealthyNodeHandler] INFO  pipeline.BackgroundPipelineCreator (BackgroundPipelineCreator.java:notifyEventTriggered(290)) - trigger a one-shot run on RatisPipelineUtilsThread.
2025-07-03 19:36:56,615 [RatisPipelineUtilsThread-0] INFO  pipeline.RatisPipelineProvider (RatisPipelineProvider.java:lambda$create$0(208)) - Sending CreatePipelineCommand for pipeline:Pipeline-afd52aec-5f7d-4342-b716-39981987ffaa to datanode:3ae8807d-e442-4742-971d-19f19bb3cc8e(localhost/127.0.0.1)
2025-07-03 19:36:56,615 [RatisPipelineUtilsThread-0] INFO  pipeline.RatisPipelineProvider (RatisPipelineProvider.java:lambda$create$0(208)) - Sending CreatePipelineCommand for pipeline:Pipeline-afd52aec-5f7d-4342-b716-39981987ffaa to datanode:b0317c4b-6269-46f0-9d56-6c71affd7579(localhost/127.0.0.1)
2025-07-03 19:36:56,615 [RatisPipelineUtilsThread-0] INFO  pipeline.RatisPipelineProvider (RatisPipelineProvider.java:lambda$create$0(208)) - Sending CreatePipelineCommand for pipeline:Pipeline-afd52aec-5f7d-4342-b716-39981987ffaa to datanode:de5cfcaa-43ed-4718-939b-5ef5e1516f6c(localhost/127.0.0.1)
2025-07-03 19:36:56,615 [EventQueue-HealthyReadonlyToHealthyNodeForReadOnlyHealthyToHealthyNodeHandler] INFO  node.ReadOnlyHealthyToHealthyNodeHandler (ReadOnlyHealthyToHealthyNodeHandler.java:onMessage(46)) - Datanode de5cfcaa-43ed-4718-939b-5ef5e1516f6c(localhost/127.0.0.1) moved to HEALTHY state.
2025-07-03 19:36:56,616 [EventQueue-HealthyReadonlyToHealthyNodeForReadOnlyHealthyToHealthyNodeHandler] INFO  pipeline.BackgroundPipelineCreator (BackgroundPipelineCreator.java:notifyEventTriggered(290)) - trigger a one-shot run on RatisPipelineUtilsThread.
2025-07-03 19:36:56,617 [EventQueue-HealthyReadonlyToHealthyNodeForReadOnlyHealthyToHealthyNodeHandler] INFO  node.ReadOnlyHealthyToHealthyNodeHandler (ReadOnlyHealthyToHealthyNodeHandler.java:onMessage(46)) - Datanode de5cfcaa-43ed-4718-939b-5ef5e1516f6c(localhost/127.0.0.1) moved to HEALTHY state.
2025-07-03 19:36:56,617 [EventQueue-HealthyReadonlyToHealthyNodeForReadOnlyHealthyToHealthyNodeHandler] INFO  pipeline.BackgroundPipelineCreator (BackgroundPipelineCreator.java:notifyEventTriggered(290)) - trigger a one-shot run on RatisPipelineUtilsThread.
2025-07-03 19:36:56,618 [RatisPipelineUtilsThread-0] INFO  pipeline.BackgroundPipelineCreator (BackgroundPipelineCreator.java:createPipelines(246)) - Created new pipeline Pipeline{ Id: afd52aec-5f7d-4342-b716-39981987ffaa, Nodes: [ {3ae8807d-e442-4742-971d-19f19bb3cc8e(localhost/127.0.0.1), ReplicaIndex: 0}, {b0317c4b-6269-46f0-9d56-6c71affd7579(localhost/127.0.0.1), ReplicaIndex: 0}, {de5cfcaa-43ed-4718-939b-5ef5e1516f6c(localhost/127.0.0.1), ReplicaIndex: 0},], ReplicationConfig: RATIS/THREE, State:ALLOCATED, leaderId:, CreationTimestamp2025-07-03T19:36:56.615270160Z[Etc/UTC]}
2025-07-03 19:36:56,619 [EventQueue-HealthyReadonlyToHealthyNodeForReadOnlyHealthyToHealthyNodeHandler] INFO  node.ReadOnlyHealthyToHealthyNodeHandler (ReadOnlyHealthyToHealthyNodeHandler.java:onMessage(46)) - Datanode de5cfcaa-43ed-4718-939b-5ef5e1516f6c(localhost/127.0.0.1) moved to HEALTHY state.
2025-07-03 19:36:56,619 [EventQueue-HealthyReadonlyToHealthyNodeForReadOnlyHealthyToHealthyNodeHandler] INFO  pipeline.BackgroundPipelineCreator (BackgroundPipelineCreator.java:notifyEventTriggered(290)) - trigger a one-shot run on RatisPipelineUtilsThread.
2025-07-03 19:36:56,620 [EventQueue-HealthyReadonlyToHealthyNodeForReadOnlyHealthyToHealthyNodeHandler] INFO  node.ReadOnlyHealthyToHealthyNodeHandler (ReadOnlyHealthyToHealthyNodeHandler.java:onMessage(46)) - Datanode de5cfcaa-43ed-4718-939b-5ef5e1516f6c(localhost/127.0.0.1) moved to HEALTHY state.
]]></system-out>
  </testcase>
  <testcase name="testDatanodeUsageInfoCompatibility" classname="org.apache.ozone.test.NonHATests$ContainerOperations" time="0.005">
    <system-out><![CDATA[2025-07-03 19:36:56,620 [EventQueue-HealthyReadonlyToHealthyNodeForReadOnlyHealthyToHealthyNodeHandler] INFO  pipeline.BackgroundPipelineCreator (BackgroundPipelineCreator.java:notifyEventTriggered(290)) - trigger a one-shot run on RatisPipelineUtilsThread.
]]></system-out>
  </testcase>
  <testcase name="testGetPipeline" classname="org.apache.ozone.test.NonHATests$ContainerOperations" time="0.011">
    <system-out><![CDATA[2025-07-03T19:36:56.629271831Z IPC Server handler 38 on default port 15000 ERROR user=runner | ip=127.0.0.1 | op=GET_PIPELINE {pipelineID=8167d284-f43e-48fe-a8de-83f6a79d3b2a} | ret=FAILURE
org.apache.hadoop.hdds.scm.pipeline.PipelineNotFoundException: Pipeline-8167d284-f43e-48fe-a8de-83f6a79d3b2a not found
	at org.apache.hadoop.hdds.scm.pipeline.PipelineStateMap.getPipeline(PipelineStateMap.java:150)
	at org.apache.hadoop.hdds.scm.pipeline.PipelineStateManagerImpl.getPipeline(PipelineStateManagerImpl.java:133)
	at java.base/jdk.internal.reflect.DirectMethodHandleAccessor.invoke(DirectMethodHandleAccessor.java:103)
	at java.base/java.lang.reflect.Method.invoke(Method.java:580)
	at org.apache.hadoop.hdds.scm.ha.SCMHAInvocationHandler.invokeLocal(SCMHAInvocationHandler.java:90)
	at org.apache.hadoop.hdds.scm.ha.SCMHAInvocationHandler.invoke(SCMHAInvocationHandler.java:73)
	at jdk.proxy2/jdk.proxy2.$Proxy51.getPipeline(Unknown Source)
	at org.apache.hadoop.hdds.scm.pipeline.PipelineManagerImpl.getPipeline(PipelineManagerImpl.java:336)
	at org.apache.hadoop.hdds.scm.server.SCMClientProtocolServer.getPipeline(SCMClientProtocolServer.java:836)
	at org.apache.hadoop.hdds.scm.protocol.StorageContainerLocationProtocolServerSideTranslatorPB.getPipeline(StorageContainerLocationProtocolServerSideTranslatorPB.java:979)
	at org.apache.hadoop.hdds.scm.protocol.StorageContainerLocationProtocolServerSideTranslatorPB.processRequest(StorageContainerLocationProtocolServerSideTranslatorPB.java:618)
	at org.apache.hadoop.hdds.server.OzoneProtocolMessageDispatcher.processRequest(OzoneProtocolMessageDispatcher.java:87)
	at org.apache.hadoop.hdds.scm.protocol.StorageContainerLocationProtocolServerSideTranslatorPB.submitRequest(StorageContainerLocationProtocolServerSideTranslatorPB.java:236)
	at org.apache.hadoop.hdds.protocol.proto.StorageContainerLocationProtocolProtos$StorageContainerLocationProtocolService$2.callBlockingMethod(StorageContainerLocationProtocolProtos.java)
	at org.apache.hadoop.ipc.ProtobufRpcEngine$Server.processCall(ProtobufRpcEngine.java:484)
	at org.apache.hadoop.ipc.ProtobufRpcEngine2$Server$ProtoBufRpcInvoker.call(ProtobufRpcEngine2.java:595)
	at org.apache.hadoop.ipc.ProtobufRpcEngine2$Server$ProtoBufRpcInvoker.call(ProtobufRpcEngine2.java:573)
	at org.apache.hadoop.ipc.RPC$Server.call(RPC.java:1227)
	at org.apache.hadoop.ipc.Server$RpcCall.run(Server.java:1246)
	at org.apache.hadoop.ipc.Server$RpcCall.run(Server.java:1169)
	at java.base/java.security.AccessController.doPrivileged(AccessController.java:714)
	at java.base/javax.security.auth.Subject.doAs(Subject.java:525)
	at org.apache.hadoop.security.UserGroupInformation.doAs(UserGroupInformation.java:1953)
	at org.apache.hadoop.ipc.Server$Handler.run(Server.java:3198)
2025-07-03 19:36:56,629 [IPC Server handler 38 on default port 15000] INFO  ipc.Server (Server.java:logException(3260)) - IPC Server handler 38 on default port 15000, call Call#3912 Retry#0 org.apache.hadoop.hdds.scm.protocol.StorageContainerLocationProtocol.submitRequest from 127.0.0.1:49102
org.apache.hadoop.hdds.scm.pipeline.PipelineNotFoundException: Pipeline-8167d284-f43e-48fe-a8de-83f6a79d3b2a not found
	at org.apache.hadoop.hdds.scm.pipeline.PipelineStateMap.getPipeline(PipelineStateMap.java:150)
	at org.apache.hadoop.hdds.scm.pipeline.PipelineStateManagerImpl.getPipeline(PipelineStateManagerImpl.java:133)
	at java.base/jdk.internal.reflect.DirectMethodHandleAccessor.invoke(DirectMethodHandleAccessor.java:103)
	at java.base/java.lang.reflect.Method.invoke(Method.java:580)
	at org.apache.hadoop.hdds.scm.ha.SCMHAInvocationHandler.invokeLocal(SCMHAInvocationHandler.java:90)
	at org.apache.hadoop.hdds.scm.ha.SCMHAInvocationHandler.invoke(SCMHAInvocationHandler.java:73)
	at jdk.proxy2/jdk.proxy2.$Proxy51.getPipeline(Unknown Source)
	at org.apache.hadoop.hdds.scm.pipeline.PipelineManagerImpl.getPipeline(PipelineManagerImpl.java:336)
	at org.apache.hadoop.hdds.scm.server.SCMClientProtocolServer.getPipeline(SCMClientProtocolServer.java:836)
	at org.apache.hadoop.hdds.scm.protocol.StorageContainerLocationProtocolServerSideTranslatorPB.getPipeline(StorageContainerLocationProtocolServerSideTranslatorPB.java:979)
	at org.apache.hadoop.hdds.scm.protocol.StorageContainerLocationProtocolServerSideTranslatorPB.processRequest(StorageContainerLocationProtocolServerSideTranslatorPB.java:618)
	at org.apache.hadoop.hdds.server.OzoneProtocolMessageDispatcher.processRequest(OzoneProtocolMessageDispatcher.java:87)
	at org.apache.hadoop.hdds.scm.protocol.StorageContainerLocationProtocolServerSideTranslatorPB.submitRequest(StorageContainerLocationProtocolServerSideTranslatorPB.java:236)
	at org.apache.hadoop.hdds.protocol.proto.StorageContainerLocationProtocolProtos$StorageContainerLocationProtocolService$2.callBlockingMethod(StorageContainerLocationProtocolProtos.java)
	at org.apache.hadoop.ipc.ProtobufRpcEngine$Server.processCall(ProtobufRpcEngine.java:484)
	at org.apache.hadoop.ipc.ProtobufRpcEngine2$Server$ProtoBufRpcInvoker.call(ProtobufRpcEngine2.java:595)
	at org.apache.hadoop.ipc.ProtobufRpcEngine2$Server$ProtoBufRpcInvoker.call(ProtobufRpcEngine2.java:573)
	at org.apache.hadoop.ipc.RPC$Server.call(RPC.java:1227)
	at org.apache.hadoop.ipc.Server$RpcCall.run(Server.java:1246)
	at org.apache.hadoop.ipc.Server$RpcCall.run(Server.java:1169)
	at java.base/java.security.AccessController.doPrivileged(AccessController.java:714)
	at java.base/javax.security.auth.Subject.doAs(Subject.java:525)
	at org.apache.hadoop.security.UserGroupInformation.doAs(UserGroupInformation.java:1953)
	at org.apache.hadoop.ipc.Server$Handler.run(Server.java:3198)
]]></system-out>
  </testcase>
  <testcase name="testCreate" classname="org.apache.ozone.test.NonHATests$ContainerOperations" time="0.012">
    <system-out><![CDATA[2025-07-03 19:36:56,641 [de5cfcaa-43ed-4718-939b-5ef5e1516f6c-ChunkReader-7] WARN  statemachine.DatanodeConfiguration (DatanodeConfiguration.java:validateMinFreeSpace(751)) - hdds.datanode.volume.min.free.space.percent = -1.0 is invalid, should be between 0 and 1
2025-07-03 19:36:56,641 [de5cfcaa-43ed-4718-939b-5ef5e1516f6c-ChunkReader-7] WARN  statemachine.DatanodeConfiguration (DatanodeConfiguration.java:validateMinFreeSpace(751)) - hdds.datanode.volume.min.free.space.percent = -1.0 is invalid, should be between 0 and 1
]]></system-out>
  </testcase>
  <testcase name="testContainerStateMachineIdempotency" classname="org.apache.ozone.test.NonHATests$ContainerOperations" time="0.054">
    <system-out><![CDATA[2025-07-03 19:36:56,653 [de5cfcaa-43ed-4718-939b-5ef5e1516f6c-ChunkReader-0] WARN  statemachine.DatanodeConfiguration (DatanodeConfiguration.java:validateMinFreeSpace(751)) - hdds.datanode.volume.min.free.space.percent = -1.0 is invalid, should be between 0 and 1
2025-07-03 19:36:56,654 [de5cfcaa-43ed-4718-939b-5ef5e1516f6c-ChunkReader-0] WARN  statemachine.DatanodeConfiguration (DatanodeConfiguration.java:validateMinFreeSpace(751)) - hdds.datanode.volume.min.free.space.percent = -1.0 is invalid, should be between 0 and 1
2025-07-03 19:36:56,666 [de5cfcaa-43ed-4718-939b-5ef5e1516f6c-ChunkReader-7] WARN  helpers.ChunkUtils (ChunkUtils.java:validateChunkForOverwrite(378)) - Duplicate write chunk request. Chunk overwrite without explicit request. ChunkInfo{chunkName='114790984362230030.data.0, offset=0, len=275}
2025-07-03 19:36:56,676 [de5cfcaa-43ed-4718-939b-5ef5e1516f6c-PipelineCommandHandlerThread-0] INFO  server.RaftServer (RaftServerProxy.java:addNew(105)) - de5cfcaa-43ed-4718-939b-5ef5e1516f6c: addNew group-39981987FFAA:[3ae8807d-e442-4742-971d-19f19bb3cc8e|127.0.0.1:15015, b0317c4b-6269-46f0-9d56-6c71affd7579|127.0.0.1:15039, de5cfcaa-43ed-4718-939b-5ef5e1516f6c|127.0.0.1:15023] returns group-39981987FFAA:java.util.concurrent.CompletableFuture@40c4a001[Not completed]
2025-07-03 19:36:56,678 [de5cfcaa-43ed-4718-939b-5ef5e1516f6c-groupManagement] WARN  statemachine.DatanodeConfiguration (DatanodeConfiguration.java:validateMinFreeSpace(751)) - hdds.datanode.volume.min.free.space.percent = -1.0 is invalid, should be between 0 and 1
2025-07-03 19:36:56,678 [de5cfcaa-43ed-4718-939b-5ef5e1516f6c-groupManagement] INFO  server.RaftServer$Division (RaftServerImpl.java:<init>(268)) - de5cfcaa-43ed-4718-939b-5ef5e1516f6c: new RaftServerImpl for group-39981987FFAA:[3ae8807d-e442-4742-971d-19f19bb3cc8e|127.0.0.1:15015, b0317c4b-6269-46f0-9d56-6c71affd7579|127.0.0.1:15039, de5cfcaa-43ed-4718-939b-5ef5e1516f6c|127.0.0.1:15023] with ContainerStateMachine:uninitialized
2025-07-03 19:36:56,678 [de5cfcaa-43ed-4718-939b-5ef5e1516f6c-groupManagement] INFO  server.RaftServer$Division (ServerState.java:<init>(114)) - de5cfcaa-43ed-4718-939b-5ef5e1516f6c@group-39981987FFAA: ConfigurationManager, init=conf: {index: -1, cur=peers:[3ae8807d-e442-4742-971d-19f19bb3cc8e|127.0.0.1:15015, b0317c4b-6269-46f0-9d56-6c71affd7579|127.0.0.1:15039, de5cfcaa-43ed-4718-939b-5ef5e1516f6c|127.0.0.1:15023]|listeners:[], old=null}, confs=<EMPTY_MAP>
2025-07-03 19:36:56,678 [de5cfcaa-43ed-4718-939b-5ef5e1516f6c-ChunkReader-6] WARN  keyvalue.KeyValueHandler (KeyValueHandler.java:updateAndGetContainerChecksum(1451)) - Container data checksum updated from 0 to cbcaa213
2025-07-03 19:36:56,680 [de5cfcaa-43ed-4718-939b-5ef5e1516f6c-ChunkReader-6] INFO  keyvalue.KeyValueContainer (KeyValueContainer.java:flushAndSyncDB(514)) - Synced container: KeyValueContainerData #70 (CLOSING, non-empty, ri=0, origin=[dn_de5cfcaa-43ed-4718-939b-5ef5e1516f6c, pipeline_])
2025-07-03 19:36:56,680 [de5cfcaa-43ed-4718-939b-5ef5e1516f6c-ChunkReader-6] INFO  keyvalue.KeyValueContainer (KeyValueContainer.java:flushAndSyncDB(514)) - Synced container: KeyValueContainerData #70 (CLOSING, non-empty, ri=0, origin=[dn_de5cfcaa-43ed-4718-939b-5ef5e1516f6c, pipeline_])
2025-07-03 19:36:56,681 [de5cfcaa-43ed-4718-939b-5ef5e1516f6c-groupManagement] INFO  server.RaftServerConfigKeys (ConfUtils.java:logGet(62)) - raft.server.storage.dir = [/home/runner/work/ozone/ozone/hadoop-ozone/integration-test/target/test-dir/MiniOzoneClusterImpl-45853b25-0f16-4cd1-a389-19da62fdb6ec/ozone-meta/datanode-2/ratis] (custom)
2025-07-03 19:36:56,682 [de5cfcaa-43ed-4718-939b-5ef5e1516f6c-groupManagement] INFO  storage.RaftStorageDirectory (RaftStorageDirectoryImpl.java:analyzeStorage(138)) - The storage directory /home/runner/work/ozone/ozone/hadoop-ozone/integration-test/target/test-dir/MiniOzoneClusterImpl-45853b25-0f16-4cd1-a389-19da62fdb6ec/ozone-meta/datanode-2/ratis/afd52aec-5f7d-4342-b716-39981987ffaa does not exist. Creating ...
2025-07-03 19:36:56,683 [FixedThreadPoolWithAffinityExecutor-9-0] INFO  container.IncrementalContainerReportHandler (AbstractContainerReportHandler.java:updateContainerState(253)) - FINALIZE (i.e. CLOSING) Container #70 (OPEN, sid=0) r0 (CLOSING, bcsid=0, origin=de5cfcaa-43ed-4718-939b-5ef5e1516f6c, non-empty) from dn de5cfcaa-43ed-4718-939b-5ef5e1516f6c(localhost/127.0.0.1)
2025-07-03 19:36:56,684 [de5cfcaa-43ed-4718-939b-5ef5e1516f6c-groupManagement] INFO  storage.RaftStorageDirectory (RaftStorageDirectoryImpl.java:tryLock(229)) - Lock on /home/runner/work/ozone/ozone/hadoop-ozone/integration-test/target/test-dir/MiniOzoneClusterImpl-45853b25-0f16-4cd1-a389-19da62fdb6ec/ozone-meta/datanode-2/ratis/afd52aec-5f7d-4342-b716-39981987ffaa/in_use.lock acquired by nodename 103273@localhost
2025-07-03 19:36:56,686 [de5cfcaa-43ed-4718-939b-5ef5e1516f6c-groupManagement] INFO  storage.RaftStorage (RaftStorageImpl.java:format(98)) - Storage directory /home/runner/work/ozone/ozone/hadoop-ozone/integration-test/target/test-dir/MiniOzoneClusterImpl-45853b25-0f16-4cd1-a389-19da62fdb6ec/ozone-meta/datanode-2/ratis/afd52aec-5f7d-4342-b716-39981987ffaa has been successfully formatted.
2025-07-03 19:36:56,687 [de5cfcaa-43ed-4718-939b-5ef5e1516f6c-groupManagement] INFO  ratis.ContainerStateMachine (ContainerStateMachine.java:initialize(339)) - de5cfcaa-43ed-4718-939b-5ef5e1516f6c: initialize group-39981987FFAA
2025-07-03 19:36:56,687 [de5cfcaa-43ed-4718-939b-5ef5e1516f6c-groupManagement] INFO  ratis.ContainerStateMachine (ContainerStateMachine.java:loadSnapshot(347)) - group-39981987FFAA: The snapshot info is null. Setting the last applied index to:<INITIAL_VALUE>
2025-07-03 19:36:56,688 [de5cfcaa-43ed-4718-939b-5ef5e1516f6c-groupManagement] INFO  server.RaftServerConfigKeys (ConfUtils.java:logGet(62)) - raft.server.log.appender.buffer.byte-limit = 33554432 (custom)
2025-07-03 19:36:56,688 [de5cfcaa-43ed-4718-939b-5ef5e1516f6c-ChunkReader-6] INFO  keyvalue.KeyValueContainer (KeyValueContainer.java:close(430)) - Closed container: KeyValueContainerData #70 (CLOSED, non-empty, ri=0, origin=[dn_de5cfcaa-43ed-4718-939b-5ef5e1516f6c, pipeline_])
2025-07-03 19:36:56,690 [de5cfcaa-43ed-4718-939b-5ef5e1516f6c-groupManagement] INFO  server.RaftServerConfigKeys (ConfUtils.java:logGet(62)) - raft.server.log.segment.size.max = 67108864 (custom)
2025-07-03 19:36:56,690 [de5cfcaa-43ed-4718-939b-5ef5e1516f6c-groupManagement] INFO  server.RaftServerConfigKeys (ConfUtils.java:logGet(62)) - raft.server.log.appender.buffer.byte-limit = 33554432 (custom)
2025-07-03 19:36:56,690 [de5cfcaa-43ed-4718-939b-5ef5e1516f6c-groupManagement] INFO  util.AwaitToRun (AwaitToRun.java:start(81)) - Thread[#2256,de5cfcaa-43ed-4718-939b-5ef5e1516f6c@group-39981987FFAA-cacheEviction-AwaitToRun,5,main] started
2025-07-03 19:36:56,690 [de5cfcaa-43ed-4718-939b-5ef5e1516f6c-groupManagement] INFO  segmented.SegmentedRaftLogWorker (SegmentedRaftLogWorker.java:<init>(190)) - new de5cfcaa-43ed-4718-939b-5ef5e1516f6c@group-39981987FFAA-SegmentedRaftLogWorker for RaftStorageImpl:Storage Directory /home/runner/work/ozone/ozone/hadoop-ozone/integration-test/target/test-dir/MiniOzoneClusterImpl-45853b25-0f16-4cd1-a389-19da62fdb6ec/ozone-meta/datanode-2/ratis/afd52aec-5f7d-4342-b716-39981987ffaa
2025-07-03 19:36:56,690 [de5cfcaa-43ed-4718-939b-5ef5e1516f6c-groupManagement] INFO  server.RaftServerConfigKeys (ConfUtils.java:logGet(62)) - raft.server.log.queue.byte-limit = 4294967296 (custom)
2025-07-03 19:36:56,690 [de5cfcaa-43ed-4718-939b-5ef5e1516f6c-groupManagement] INFO  server.RaftServerConfigKeys (ConfUtils.java:logGet(62)) - raft.server.log.segment.size.max = 67108864 (custom)
2025-07-03 19:36:56,691 [de5cfcaa-43ed-4718-939b-5ef5e1516f6c-groupManagement] INFO  server.RaftServerConfigKeys (ConfUtils.java:logGet(62)) - raft.server.log.preallocated.size = 4194304 (custom)
2025-07-03 19:36:56,691 [FixedThreadPoolWithAffinityExecutor-9-0] INFO  container.IncrementalContainerReportHandler (AbstractContainerReportHandler.java:updateContainerState(289)) - CLOSE Container #70 (CLOSING, sid=0) r0 (CLOSED, bcsid=0, origin=de5cfcaa-43ed-4718-939b-5ef5e1516f6c, non-empty) from dn de5cfcaa-43ed-4718-939b-5ef5e1516f6c(localhost/127.0.0.1)
2025-07-03 19:36:56,691 [de5cfcaa-43ed-4718-939b-5ef5e1516f6c-groupManagement] INFO  server.RaftServerConfigKeys (ConfUtils.java:logGet(62)) - raft.server.log.write.buffer.size = 33554440 (custom)
2025-07-03 19:36:56,698 [de5cfcaa-43ed-4718-939b-5ef5e1516f6c-groupManagement] INFO  server.RaftServerConfigKeys (ConfUtils.java:logGet(62)) - raft.server.log.appender.buffer.byte-limit = 33554432 (custom)
2025-07-03 19:36:56,698 [de5cfcaa-43ed-4718-939b-5ef5e1516f6c-groupManagement] INFO  segmented.SegmentedRaftLogWorker (SegmentedRaftLogWorker.java:lambda$new$0(141)) - de5cfcaa-43ed-4718-939b-5ef5e1516f6c@group-39981987FFAA-SegmentedRaftLogWorker: flushIndex: setUnconditionally 0 -> -1
2025-07-03 19:36:56,698 [de5cfcaa-43ed-4718-939b-5ef5e1516f6c-groupManagement] INFO  segmented.SegmentedRaftLogWorker (SegmentedRaftLogWorker.java:lambda$new$0(141)) - de5cfcaa-43ed-4718-939b-5ef5e1516f6c@group-39981987FFAA-SegmentedRaftLogWorker: safeCacheEvictIndex: setUnconditionally 0 -> -1
2025-07-03 19:36:56,699 [de5cfcaa-43ed-4718-939b-5ef5e1516f6c-groupManagement] INFO  server.RaftServer$Division (RaftServerImpl.java:start(405)) - de5cfcaa-43ed-4718-939b-5ef5e1516f6c@group-39981987FFAA: start as a follower, conf=conf: {index: -1, cur=peers:[3ae8807d-e442-4742-971d-19f19bb3cc8e|127.0.0.1:15015, b0317c4b-6269-46f0-9d56-6c71affd7579|127.0.0.1:15039, de5cfcaa-43ed-4718-939b-5ef5e1516f6c|127.0.0.1:15023]|listeners:[], old=null}
2025-07-03 19:36:56,699 [de5cfcaa-43ed-4718-939b-5ef5e1516f6c-groupManagement] INFO  server.RaftServer$Division (RaftServerImpl.java:setRole(392)) - de5cfcaa-43ed-4718-939b-5ef5e1516f6c@group-39981987FFAA: changes role from      null to FOLLOWER at term 0 for startAsFollower
2025-07-03 19:36:56,699 [de5cfcaa-43ed-4718-939b-5ef5e1516f6c-groupManagement] INFO  impl.RoleInfo (RoleInfo.java:updateAndGet(148)) - de5cfcaa-43ed-4718-939b-5ef5e1516f6c: start de5cfcaa-43ed-4718-939b-5ef5e1516f6c@group-39981987FFAA-FollowerState
2025-07-03 19:36:56,700 [de5cfcaa-43ed-4718-939b-5ef5e1516f6c-groupManagement] INFO  util.JmxRegister (JmxRegister.java:tryRegister(44)) - Successfully registered JMX Bean with object name Ratis:service=RaftServer,group=group-39981987FFAA,id=de5cfcaa-43ed-4718-939b-5ef5e1516f6c
2025-07-03 19:36:56,701 [de5cfcaa-43ed-4718-939b-5ef5e1516f6c-groupManagement] INFO  util.JmxRegister (JmxRegister.java:register(58)) - register mxBean class org.apache.ratis.server.impl.RaftServerJmxAdapter as Ratis:service=RaftServer,group=group-39981987FFAA,id=de5cfcaa-43ed-4718-939b-5ef5e1516f6c
]]></system-out>
  </testcase>
</testsuite>