<?xml version="1.0" encoding="UTF-8"?>
<testsuite xmlns:xsi="http://www.w3.org/2001/XMLSchema-instance" xsi:noNamespaceSchemaLocation="https://maven.apache.org/surefire/maven-surefire-plugin/xsd/surefire-test-report.xsd" name="org.apache.hadoop.ozone.om.TestOMRatisSnapshots" time="132.216" tests="3" errors="0" skipped="0" failures="1">
  <properties>
    <property name="awt.toolkit" value="sun.awt.X11.XToolkit"/>
    <property name="file.encoding.pkg" value="sun.io"/>
    <property name="java.specification.version" value="1.8"/>
    <property name="sun.cpu.isalist" value=""/>
    <property name="sun.jnu.encoding" value="UTF-8"/>
    <property name="java.class.path" value="/home/runner/work/ozone/ozone/hadoop-ozone/integration-test/target/test-classes:/home/runner/work/ozone/ozone/hadoop-ozone/integration-test/target/classes:/home/runner/.m2/repository/org/apache/ozone/ozone-common/1.2.0-SNAPSHOT/ozone-common-1.2.0-SNAPSHOT.jar:/home/runner/.m2/repository/org/apache/commons/commons-compress/1.20/commons-compress-1.20.jar:/home/runner/.m2/repository/org/apache/ozone/hdds-common/1.2.0-SNAPSHOT/hdds-common-1.2.0-SNAPSHOT.jar:/home/runner/.m2/repository/org/apache/ozone/hdds-client/1.2.0-SNAPSHOT/hdds-client-1.2.0-SNAPSHOT.jar:/home/runner/.m2/repository/org/apache/ozone/ozone-interface-client/1.2.0-SNAPSHOT/ozone-interface-client-1.2.0-SNAPSHOT.jar:/home/runner/.m2/repository/org/apache/ozone/hdds-server-framework/1.2.0-SNAPSHOT/hdds-server-framework-1.2.0-SNAPSHOT.jar:/home/runner/.m2/repository/org/apache/ozone/hdds-interface-server/1.2.0-SNAPSHOT/hdds-interface-server-1.2.0-SNAPSHOT.jar:/home/runner/.m2/repository/org/eclipse/jetty/jetty-servlet/9.4.43.v20210629/jetty-servlet-9.4.43.v20210629.jar:/home/runner/.m2/repository/org/eclipse/jetty/jetty-security/9.4.43.v20210629/jetty-security-9.4.43.v20210629.jar:/home/runner/.m2/repository/org/rocksdb/rocksdbjni/6.20.3/rocksdbjni-6.20.3.jar:/home/runner/.m2/repository/io/prometheus/simpleclient_dropwizard/0.7.0/simpleclient_dropwizard-0.7.0.jar:/home/runner/.m2/repository/io/prometheus/simpleclient/0.7.0/simpleclient-0.7.0.jar:/home/runner/.m2/repository/io/prometheus/simpleclient_common/0.7.0/simpleclient_common-0.7.0.jar:/home/runner/.m2/repository/com/fasterxml/jackson/datatype/jackson-datatype-jsr310/2.12.1/jackson-datatype-jsr310-2.12.1.jar:/home/runner/.m2/repository/org/apache/ozone/hdds-test-utils/1.2.0-SNAPSHOT/hdds-test-utils-1.2.0-SNAPSHOT.jar:/home/runner/.m2/repository/com/google/guava/guava/30.1.1-jre/guava-30.1.1-jre.jar:/home/runner/.m2/repository/com/google/guava/failureaccess/1.0.1/failureaccess-1.0.1.jar:/home/runner/.m2/repository/com/google/guava/listenablefuture/9999.0-empty-to-avoid-conflict-with-guava/listenablefuture-9999.0-empty-to-avoid-conflict-with-guava.jar:/home/runner/.m2/repository/com/google/code/findbugs/jsr305/3.0.0/jsr305-3.0.0.jar:/home/runner/.m2/repository/org/checkerframework/checker-qual/3.8.0/checker-qual-3.8.0.jar:/home/runner/.m2/repository/com/google/errorprone/error_prone_annotations/2.2.0/error_prone_annotations-2.2.0.jar:/home/runner/.m2/repository/com/google/j2objc/j2objc-annotations/1.3/j2objc-annotations-1.3.jar:/home/runner/.m2/repository/commons-io/commons-io/2.8.0/commons-io-2.8.0.jar:/home/runner/.m2/repository/commons-logging/commons-logging/1.2/commons-logging-1.2.jar:/home/runner/.m2/repository/log4j/log4j/1.2.17/log4j-1.2.17.jar:/home/runner/.m2/repository/org/slf4j/slf4j-api/1.7.30/slf4j-api-1.7.30.jar:/home/runner/.m2/repository/org/apache/ozone/hdds-server-scm/1.2.0-SNAPSHOT/hdds-server-scm-1.2.0-SNAPSHOT.jar:/home/runner/.m2/repository/org/apache/ozone/hdds-container-service/1.2.0-SNAPSHOT/hdds-container-service-1.2.0-SNAPSHOT.jar:/home/runner/.m2/repository/org/apache/ozone/hdds-hadoop-dependency-server/1.2.0-SNAPSHOT/hdds-hadoop-dependency-server-1.2.0-SNAPSHOT.jar:/home/runner/.m2/repository/org/apache/hadoop/hadoop-hdfs/3.3.1/hadoop-hdfs-3.3.1.jar:/home/runner/.m2/repository/io/dropwizard/metrics/metrics-core/3.2.4/metrics-core-3.2.4.jar:/home/runner/.m2/repository/org/apache/hadoop/hadoop-hdfs-client/3.3.1/hadoop-hdfs-client-3.3.1.jar:/home/runner/.m2/repository/org/bouncycastle/bcprov-jdk15on/1.67/bcprov-jdk15on-1.67.jar:/home/runner/.m2/repository/com/google/protobuf/protobuf-java/2.5.0/protobuf-java-2.5.0.jar:/home/runner/.m2/repository/org/apache/ozone/ozone-manager/1.2.0-SNAPSHOT/ozone-manager-1.2.0-SNAPSHOT.jar:/home/runner/.m2/repository/org/aspectj/aspectjrt/1.8.9/aspectjrt-1.8.9.jar:/home/runner/.m2/repository/org/aspectj/aspectjweaver/1.8.9/aspectjweaver-1.8.9.jar:/home/runner/.m2/repository/org/apache/ozone/hdds-interface-client/1.2.0-SNAPSHOT/hdds-interface-client-1.2.0-SNAPSHOT.jar:/home/runner/.m2/repository/org/apache/hadoop/thirdparty/hadoop-shaded-protobuf_3_7/1.1.1/hadoop-shaded-protobuf_3_7-1.1.1.jar:/home/runner/.m2/repository/org/apache/ozone/ozone-interface-storage/1.2.0-SNAPSHOT/ozone-interface-storage-1.2.0-SNAPSHOT.jar:/home/runner/.m2/repository/org/reflections/reflections/0.9.11/reflections-0.9.11.jar:/home/runner/.m2/repository/org/apache/hadoop/hadoop-minikdc/3.3.1/hadoop-minikdc-3.3.1.jar:/home/runner/.m2/repository/org/apache/kerby/kerb-simplekdc/1.0.1/kerb-simplekdc-1.0.1.jar:/home/runner/.m2/repository/org/apache/kerby/kerb-client/1.0.1/kerb-client-1.0.1.jar:/home/runner/.m2/repository/org/apache/kerby/kerby-config/1.0.1/kerby-config-1.0.1.jar:/home/runner/.m2/repository/org/apache/kerby/kerb-common/1.0.1/kerb-common-1.0.1.jar:/home/runner/.m2/repository/org/apache/kerby/kerb-crypto/1.0.1/kerb-crypto-1.0.1.jar:/home/runner/.m2/repository/org/apache/kerby/kerb-util/1.0.1/kerb-util-1.0.1.jar:/home/runner/.m2/repository/org/apache/kerby/token-provider/1.0.1/token-provider-1.0.1.jar:/home/runner/.m2/repository/org/apache/kerby/kerb-admin/1.0.1/kerb-admin-1.0.1.jar:/home/runner/.m2/repository/org/apache/kerby/kerb-server/1.0.1/kerb-server-1.0.1.jar:/home/runner/.m2/repository/org/apache/kerby/kerb-identity/1.0.1/kerb-identity-1.0.1.jar:/home/runner/.m2/repository/org/apache/kerby/kerby-xdr/1.0.1/kerby-xdr-1.0.1.jar:/home/runner/.m2/repository/org/slf4j/slf4j-log4j12/1.7.30/slf4j-log4j12-1.7.30.jar:/home/runner/.m2/repository/org/apache/ozone/ozone-s3gateway/1.2.0-SNAPSHOT/ozone-s3gateway-1.2.0-SNAPSHOT.jar:/home/runner/.m2/repository/org/javassist/javassist/3.21.0-GA/javassist-3.21.0-GA.jar:/home/runner/.m2/repository/org/jboss/weld/servlet/weld-servlet/2.4.7.Final/weld-servlet-2.4.7.Final.jar:/home/runner/.m2/repository/org/glassfish/jersey/containers/jersey-container-servlet-core/2.33/jersey-container-servlet-core-2.33.jar:/home/runner/.m2/repository/org/glassfish/hk2/external/jakarta.inject/2.6.1/jakarta.inject-2.6.1.jar:/home/runner/.m2/repository/org/glassfish/jersey/core/jersey-common/2.33/jersey-common-2.33.jar:/home/runner/.m2/repository/jakarta/ws/rs/jakarta.ws.rs-api/2.1.6/jakarta.ws.rs-api-2.1.6.jar:/home/runner/.m2/repository/org/glassfish/jersey/ext/cdi/jersey-cdi1x/2.33/jersey-cdi1x-2.33.jar:/home/runner/.m2/repository/org/glassfish/jersey/inject/jersey-hk2/2.33/jersey-hk2-2.33.jar:/home/runner/.m2/repository/org/glassfish/hk2/hk2-locator/2.6.1/hk2-locator-2.6.1.jar:/home/runner/.m2/repository/org/glassfish/jersey/media/jersey-media-jaxb/2.33/jersey-media-jaxb-2.33.jar:/home/runner/.m2/repository/org/glassfish/hk2/osgi-resource-locator/1.0.3/osgi-resource-locator-1.0.3.jar:/home/runner/.m2/repository/org/glassfish/hk2/hk2-api/2.5.0/hk2-api-2.5.0.jar:/home/runner/.m2/repository/org/glassfish/hk2/hk2-utils/2.5.0/hk2-utils-2.5.0.jar:/home/runner/.m2/repository/org/glassfish/hk2/external/aopalliance-repackaged/2.5.0/aopalliance-repackaged-2.5.0.jar:/home/runner/.m2/repository/com/fasterxml/jackson/dataformat/jackson-dataformat-xml/2.12.1/jackson-dataformat-xml-2.12.1.jar:/home/runner/.m2/repository/com/fasterxml/jackson/core/jackson-core/2.12.1/jackson-core-2.12.1.jar:/home/runner/.m2/repository/com/fasterxml/jackson/module/jackson-module-jaxb-annotations/2.12.1/jackson-module-jaxb-annotations-2.12.1.jar:/home/runner/.m2/repository/jakarta/xml/bind/jakarta.xml.bind-api/2.3.2/jakarta.xml.bind-api-2.3.2.jar:/home/runner/.m2/repository/org/codehaus/woodstox/stax2-api/3.1.4/stax2-api-3.1.4.jar:/home/runner/.m2/repository/com/fasterxml/woodstox/woodstox-core/5.0.3/woodstox-core-5.0.3.jar:/home/runner/.m2/repository/javax/enterprise/cdi-api/1.2/cdi-api-1.2.jar:/home/runner/.m2/repository/javax/el/javax.el-api/3.0.0/javax.el-api-3.0.0.jar:/home/runner/.m2/repository/javax/interceptor/javax.interceptor-api/1.2/javax.interceptor-api-1.2.jar:/home/runner/.m2/repository/javax/inject/javax.inject/1/javax.inject-1.jar:/home/runner/.m2/repository/javax/xml/bind/jaxb-api/2.3.0/jaxb-api-2.3.0.jar:/home/runner/.m2/repository/org/glassfish/jaxb/jaxb-runtime/2.3.0.1/jaxb-runtime-2.3.0.1.jar:/home/runner/.m2/repository/org/glassfish/jaxb/jaxb-core/2.3.0.1/jaxb-core-2.3.0.1.jar:/home/runner/.m2/repository/org/glassfish/jaxb/txw2/2.3.0.1/txw2-2.3.0.1.jar:/home/runner/.m2/repository/com/sun/istack/istack-commons-runtime/3.0.5/istack-commons-runtime-3.0.5.jar:/home/runner/.m2/repository/org/jvnet/staxex/stax-ex/1.7.8/stax-ex-1.7.8.jar:/home/runner/.m2/repository/com/sun/xml/fastinfoset/FastInfoset/1.2.13/FastInfoset-1.2.13.jar:/home/runner/.m2/repository/javax/activation/activation/1.1.1/activation-1.1.1.jar:/home/runner/.m2/repository/org/apache/ozone/ozone-csi/1.2.0-SNAPSHOT/ozone-csi-1.2.0-SNAPSHOT.jar:/home/runner/.m2/repository/com/google/protobuf/protobuf-java-util/3.12.0/protobuf-java-util-3.12.0.jar:/home/runner/.m2/repository/com/google/code/gson/gson/2.2.4/gson-2.2.4.jar:/home/runner/.m2/repository/org/apache/ozone/hdds-config/1.2.0-SNAPSHOT/hdds-config-1.2.0-SNAPSHOT.jar:/home/runner/.m2/repository/io/grpc/grpc-netty/1.33.0/grpc-netty-1.33.0.jar:/home/runner/.m2/repository/io/grpc/grpc-core/1.33.0/grpc-core-1.33.0.jar:/home/runner/.m2/repository/com/google/android/annotations/4.1.1.4/annotations-4.1.1.4.jar:/home/runner/.m2/repository/io/netty/netty-codec-http2/4.1.63.Final/netty-codec-http2-4.1.63.Final.jar:/home/runner/.m2/repository/io/netty/netty-codec-http/4.1.63.Final/netty-codec-http-4.1.63.Final.jar:/home/runner/.m2/repository/io/netty/netty-handler-proxy/4.1.63.Final/netty-handler-proxy-4.1.63.Final.jar:/home/runner/.m2/repository/io/netty/netty-codec-socks/4.1.63.Final/netty-codec-socks-4.1.63.Final.jar:/home/runner/.m2/repository/io/perfmark/perfmark-api/0.19.0/perfmark-api-0.19.0.jar:/home/runner/.m2/repository/org/codehaus/mojo/animal-sniffer-annotations/1.18/animal-sniffer-annotations-1.18.jar:/home/runner/.m2/repository/io/netty/netty-transport-native-epoll/4.1.63.Final/netty-transport-native-epoll-4.1.63.Final.jar:/home/runner/.m2/repository/io/netty/netty-common/4.1.63.Final/netty-common-4.1.63.Final.jar:/home/runner/.m2/repository/io/netty/netty-buffer/4.1.63.Final/netty-buffer-4.1.63.Final.jar:/home/runner/.m2/repository/io/netty/netty-transport-native-unix-common/4.1.63.Final/netty-transport-native-unix-common-4.1.63.Final.jar:/home/runner/.m2/repository/io/grpc/grpc-protobuf/1.33.0/grpc-protobuf-1.33.0.jar:/home/runner/.m2/repository/io/grpc/grpc-api/1.33.0/grpc-api-1.33.0.jar:/home/runner/.m2/repository/io/grpc/grpc-context/1.33.0/grpc-context-1.33.0.jar:/home/runner/.m2/repository/com/google/api/grpc/proto-google-common-protos/1.17.0/proto-google-common-protos-1.17.0.jar:/home/runner/.m2/repository/io/grpc/grpc-protobuf-lite/1.33.0/grpc-protobuf-lite-1.33.0.jar:/home/runner/.m2/repository/io/grpc/grpc-stub/1.33.0/grpc-stub-1.33.0.jar:/home/runner/.m2/repository/org/apache/ozone/ozone-recon/1.2.0-SNAPSHOT/ozone-recon-1.2.0-SNAPSHOT.jar:/home/runner/.m2/repository/org/apache/ozone/ozone-reconcodegen/1.2.0-SNAPSHOT/ozone-reconcodegen-1.2.0-SNAPSHOT.jar:/home/runner/.m2/repository/com/google/inject/extensions/guice-multibindings/4.0/guice-multibindings-4.0.jar:/home/runner/.m2/repository/com/google/inject/guice/4.0/guice-4.0.jar:/home/runner/.m2/repository/aopalliance/aopalliance/1.0/aopalliance-1.0.jar:/home/runner/.m2/repository/com/google/inject/extensions/guice-assistedinject/4.0/guice-assistedinject-4.0.jar:/home/runner/.m2/repository/com/google/inject/extensions/guice-servlet/4.0/guice-servlet-4.0.jar:/home/runner/.m2/repository/org/glassfish/jersey/containers/jersey-container-servlet/2.33/jersey-container-servlet-2.33.jar:/home/runner/.m2/repository/org/glassfish/hk2/guice-bridge/2.5.0/guice-bridge-2.5.0.jar:/home/runner/.m2/repository/org/glassfish/jersey/core/jersey-server/2.33/jersey-server-2.33.jar:/home/runner/.m2/repository/org/glassfish/jersey/core/jersey-client/2.33/jersey-client-2.33.jar:/home/runner/.m2/repository/jakarta/annotation/jakarta.annotation-api/1.3.5/jakarta.annotation-api-1.3.5.jar:/home/runner/.m2/repository/jakarta/validation/jakarta.validation-api/2.0.2/jakarta.validation-api-2.0.2.jar:/home/runner/.m2/repository/org/glassfish/jersey/media/jersey-media-json-jackson/2.33/jersey-media-json-jackson-2.33.jar:/home/runner/.m2/repository/org/glassfish/jersey/ext/jersey-entity-filtering/2.33/jersey-entity-filtering-2.33.jar:/home/runner/.m2/repository/org/jooq/jooq/3.11.10/jooq-3.11.10.jar:/home/runner/.m2/repository/org/jooq/jooq-meta/3.11.10/jooq-meta-3.11.10.jar:/home/runner/.m2/repository/org/jooq/jooq-codegen/3.11.10/jooq-codegen-3.11.10.jar:/home/runner/.m2/repository/com/jolbox/bonecp/0.8.0.RELEASE/bonecp-0.8.0.RELEASE.jar:/home/runner/.m2/repository/org/apache/derby/derby/10.14.2.0/derby-10.14.2.0.jar:/home/runner/.m2/repository/org/xerial/sqlite-jdbc/3.25.2/sqlite-jdbc-3.25.2.jar:/home/runner/.m2/repository/org/springframework/spring-jdbc/5.2.11.RELEASE/spring-jdbc-5.2.11.RELEASE.jar:/home/runner/.m2/repository/org/springframework/spring-beans/5.2.11.RELEASE/spring-beans-5.2.11.RELEASE.jar:/home/runner/.m2/repository/org/springframework/spring-core/5.2.11.RELEASE/spring-core-5.2.11.RELEASE.jar:/home/runner/.m2/repository/org/springframework/spring-jcl/5.2.11.RELEASE/spring-jcl-5.2.11.RELEASE.jar:/home/runner/.m2/repository/org/springframework/spring-tx/5.2.11.RELEASE/spring-tx-5.2.11.RELEASE.jar:/home/runner/.m2/repository/org/apache/ozone/ozone-client/1.2.0-SNAPSHOT/ozone-client-1.2.0-SNAPSHOT.jar:/home/runner/.m2/repository/org/apache/ozone/ozone-filesystem/1.2.0-SNAPSHOT/ozone-filesystem-1.2.0-SNAPSHOT.jar:/home/runner/.m2/repository/org/apache/ozone/ozone-filesystem-common/1.2.0-SNAPSHOT/ozone-filesystem-common-1.2.0-SNAPSHOT.jar:/home/runner/.m2/repository/org/apache/ozone/ozone-tools/1.2.0-SNAPSHOT/ozone-tools-1.2.0-SNAPSHOT.jar:/home/runner/.m2/repository/org/apache/ratis/ratis-tools/2.1.0-03f3b68-SNAPSHOT/ratis-tools-2.1.0-03f3b68-SNAPSHOT.jar:/home/runner/.m2/repository/com/amazonaws/aws-java-sdk-core/1.11.901/aws-java-sdk-core-1.11.901.jar:/home/runner/.m2/repository/org/apache/httpcomponents/httpclient/4.5.13/httpclient-4.5.13.jar:/home/runner/.m2/repository/org/apache/httpcomponents/httpcore/4.4.13/httpcore-4.4.13.jar:/home/runner/.m2/repository/software/amazon/ion/ion-java/1.0.2/ion-java-1.0.2.jar:/home/runner/.m2/repository/com/fasterxml/jackson/dataformat/jackson-dataformat-cbor/2.12.1/jackson-dataformat-cbor-2.12.1.jar:/home/runner/.m2/repository/joda-time/joda-time/2.8.1/joda-time-2.8.1.jar:/home/runner/.m2/repository/com/amazonaws/aws-java-sdk-s3/1.11.901/aws-java-sdk-s3-1.11.901.jar:/home/runner/.m2/repository/com/amazonaws/aws-java-sdk-kms/1.11.901/aws-java-sdk-kms-1.11.901.jar:/home/runner/.m2/repository/com/amazonaws/jmespath-java/1.11.901/jmespath-java-1.11.901.jar:/home/runner/.m2/repository/org/kohsuke/metainf-services/metainf-services/1.8/metainf-services-1.8.jar:/home/runner/.m2/repository/org/apache/ozone/hdds-tools/1.2.0-SNAPSHOT/hdds-tools-1.2.0-SNAPSHOT.jar:/home/runner/.m2/repository/commons-cli/commons-cli/1.2/commons-cli-1.2.jar:/home/runner/.m2/repository/org/apache/commons/commons-lang3/3.7/commons-lang3-3.7.jar:/home/runner/.m2/repository/org/apache/ozone/ozone-manager/1.2.0-SNAPSHOT/ozone-manager-1.2.0-SNAPSHOT-tests.jar:/home/runner/.m2/repository/org/apache/ozone/hdds-common/1.2.0-SNAPSHOT/hdds-common-1.2.0-SNAPSHOT-tests.jar:/home/runner/.m2/repository/org/apache/ozone/hdds-hadoop-dependency-client/1.2.0-SNAPSHOT/hdds-hadoop-dependency-client-1.2.0-SNAPSHOT.jar:/home/runner/.m2/repository/info/picocli/picocli/4.4.0/picocli-4.4.0.jar:/home/runner/.m2/repository/com/fasterxml/jackson/core/jackson-annotations/2.12.1/jackson-annotations-2.12.1.jar:/home/runner/.m2/repository/javax/annotation/javax.annotation-api/1.2/javax.annotation-api-1.2.jar:/home/runner/.m2/repository/org/apache/ratis/ratis-server/2.1.0-03f3b68-SNAPSHOT/ratis-server-2.1.0-03f3b68-SNAPSHOT.jar:/home/runner/.m2/repository/org/apache/ratis/ratis-client/2.1.0-03f3b68-SNAPSHOT/ratis-client-2.1.0-03f3b68-SNAPSHOT.jar:/home/runner/.m2/repository/org/apache/ratis/ratis-server-api/2.1.0-03f3b68-SNAPSHOT/ratis-server-api-2.1.0-03f3b68-SNAPSHOT.jar:/home/runner/.m2/repository/org/apache/ratis/ratis-metrics/2.1.0-03f3b68-SNAPSHOT/ratis-metrics-2.1.0-03f3b68-SNAPSHOT.jar:/home/runner/.m2/repository/org/apache/ratis/ratis-netty/2.1.0-03f3b68-SNAPSHOT/ratis-netty-2.1.0-03f3b68-SNAPSHOT.jar:/home/runner/.m2/repository/org/apache/ratis/ratis-grpc/2.1.0-03f3b68-SNAPSHOT/ratis-grpc-2.1.0-03f3b68-SNAPSHOT.jar:/home/runner/.m2/repository/org/apache/logging/log4j/log4j-api/2.13.3/log4j-api-2.13.3.jar:/home/runner/.m2/repository/org/apache/logging/log4j/log4j-core/2.13.3/log4j-core-2.13.3.jar:/home/runner/.m2/repository/com/lmax/disruptor/3.4.2/disruptor-3.4.2.jar:/home/runner/.m2/repository/org/apache/commons/commons-pool2/2.6.0/commons-pool2-2.6.0.jar:/home/runner/.m2/repository/org/bouncycastle/bcpkix-jdk15on/1.67/bcpkix-jdk15on-1.67.jar:/home/runner/.m2/repository/commons-validator/commons-validator/1.6/commons-validator-1.6.jar:/home/runner/.m2/repository/commons-beanutils/commons-beanutils/1.9.4/commons-beanutils-1.9.4.jar:/home/runner/.m2/repository/commons-digester/commons-digester/1.8.1/commons-digester-1.8.1.jar:/home/runner/.m2/repository/commons-collections/commons-collections/3.2.2/commons-collections-3.2.2.jar:/home/runner/.m2/repository/io/jaegertracing/jaeger-client/1.6.0/jaeger-client-1.6.0.jar:/home/runner/.m2/repository/io/jaegertracing/jaeger-thrift/1.6.0/jaeger-thrift-1.6.0.jar:/home/runner/.m2/repository/org/apache/thrift/libthrift/0.14.1/libthrift-0.14.1.jar:/home/runner/.m2/repository/com/squareup/okhttp3/okhttp/4.9.0/okhttp-4.9.0.jar:/home/runner/.m2/repository/com/squareup/okio/okio/2.8.0/okio-2.8.0.jar:/home/runner/.m2/repository/io/jaegertracing/jaeger-core/1.6.0/jaeger-core-1.6.0.jar:/home/runner/.m2/repository/io/jaegertracing/jaeger-tracerresolver/1.6.0/jaeger-tracerresolver-1.6.0.jar:/home/runner/.m2/repository/io/opentracing/contrib/opentracing-tracerresolver/0.1.8/opentracing-tracerresolver-0.1.8.jar:/home/runner/.m2/repository/org/jetbrains/kotlin/kotlin-stdlib/1.4.31/kotlin-stdlib-1.4.31.jar:/home/runner/.m2/repository/org/jetbrains/kotlin/kotlin-stdlib-common/1.4.31/kotlin-stdlib-common-1.4.31.jar:/home/runner/.m2/repository/org/jetbrains/annotations/13.0/annotations-13.0.jar:/home/runner/.m2/repository/io/opentracing/opentracing-util/0.33.0/opentracing-util-0.33.0.jar:/home/runner/.m2/repository/io/opentracing/opentracing-api/0.33.0/opentracing-api-0.33.0.jar:/home/runner/.m2/repository/io/opentracing/opentracing-noop/0.33.0/opentracing-noop-0.33.0.jar:/home/runner/.m2/repository/org/yaml/snakeyaml/1.26/snakeyaml-1.26.jar:/home/runner/.m2/repository/org/apache/ozone/hdds-interface-admin/1.2.0-SNAPSHOT/hdds-interface-admin-1.2.0-SNAPSHOT.jar:/home/runner/.m2/repository/junit/junit/4.13.1/junit-4.13.1.jar:/home/runner/.m2/repository/org/hamcrest/hamcrest-core/1.3/hamcrest-core-1.3.jar:/home/runner/.m2/repository/org/junit/jupiter/junit-jupiter-api/5.7.0/junit-jupiter-api-5.7.0.jar:/home/runner/.m2/repository/org/apiguardian/apiguardian-api/1.1.0/apiguardian-api-1.1.0.jar:/home/runner/.m2/repository/org/opentest4j/opentest4j/1.2.0/opentest4j-1.2.0.jar:/home/runner/.m2/repository/org/junit/platform/junit-platform-commons/1.7.0/junit-platform-commons-1.7.0.jar:/home/runner/.m2/repository/org/junit/jupiter/junit-jupiter-engine/5.7.0/junit-jupiter-engine-5.7.0.jar:/home/runner/.m2/repository/org/junit/platform/junit-platform-engine/1.7.0/junit-platform-engine-1.7.0.jar:/home/runner/.m2/repository/org/junit/vintage/junit-vintage-engine/5.7.0/junit-vintage-engine-5.7.0.jar:/home/runner/.m2/repository/org/junit/platform/junit-platform-launcher/1.7.0/junit-platform-launcher-1.7.0.jar:/home/runner/.m2/repository/org/openjdk/jmh/jmh-core/1.19/jmh-core-1.19.jar:/home/runner/.m2/repository/net/sf/jopt-simple/jopt-simple/4.6/jopt-simple-4.6.jar:/home/runner/.m2/repository/org/apache/commons/commons-math3/3.1.1/commons-math3-3.1.1.jar:/home/runner/.m2/repository/org/openjdk/jmh/jmh-generator-annprocess/1.19/jmh-generator-annprocess-1.19.jar:/home/runner/.m2/repository/org/mockito/mockito-core/2.28.2/mockito-core-2.28.2.jar:/home/runner/.m2/repository/net/bytebuddy/byte-buddy/1.9.10/byte-buddy-1.9.10.jar:/home/runner/.m2/repository/net/bytebuddy/byte-buddy-agent/1.9.10/byte-buddy-agent-1.9.10.jar:/home/runner/.m2/repository/org/objenesis/objenesis/1.0/objenesis-1.0.jar:/home/runner/.m2/repository/org/apache/hadoop/hadoop-kms/3.3.1/hadoop-kms-3.3.1.jar:/home/runner/.m2/repository/org/apache/hadoop/hadoop-auth/3.3.1/hadoop-auth-3.3.1.jar:/home/runner/.m2/repository/com/nimbusds/nimbus-jose-jwt/7.9/nimbus-jose-jwt-7.9.jar:/home/runner/.m2/repository/com/github/stephenc/jcip/jcip-annotations/1.0-1/jcip-annotations-1.0-1.jar:/home/runner/.m2/repository/net/minidev/json-smart/2.3/json-smart-2.3.jar:/home/runner/.m2/repository/net/minidev/accessors-smart/1.2/accessors-smart-1.2.jar:/home/runner/.m2/repository/org/ow2/asm/asm/5.0.4/asm-5.0.4.jar:/home/runner/.m2/repository/org/apache/zookeeper/zookeeper/3.5.6/zookeeper-3.5.6.jar:/home/runner/.m2/repository/org/apache/zookeeper/zookeeper-jute/3.5.6/zookeeper-jute-3.5.6.jar:/home/runner/.m2/repository/org/apache/yetus/audience-annotations/0.5.0/audience-annotations-0.5.0.jar:/home/runner/.m2/repository/org/apache/curator/curator-framework/4.2.0/curator-framework-4.2.0.jar:/home/runner/.m2/repository/org/apache/hadoop/thirdparty/hadoop-shaded-guava/1.1.1/hadoop-shaded-guava-1.1.1.jar:/home/runner/.m2/repository/com/sun/jersey/jersey-core/1.19/jersey-core-1.19.jar:/home/runner/.m2/repository/javax/ws/rs/jsr311-api/1.1.1/jsr311-api-1.1.1.jar:/home/runner/.m2/repository/com/sun/jersey/jersey-server/1.19/jersey-server-1.19.jar:/home/runner/.m2/repository/javax/servlet/javax.servlet-api/3.1.0/javax.servlet-api-3.1.0.jar:/home/runner/.m2/repository/org/eclipse/jetty/jetty-server/9.4.43.v20210629/jetty-server-9.4.43.v20210629.jar:/home/runner/.m2/repository/org/eclipse/jetty/jetty-http/9.4.43.v20210629/jetty-http-9.4.43.v20210629.jar:/home/runner/.m2/repository/org/eclipse/jetty/jetty-io/9.4.43.v20210629/jetty-io-9.4.43.v20210629.jar:/home/runner/.m2/repository/org/eclipse/jetty/jetty-webapp/9.4.43.v20210629/jetty-webapp-9.4.43.v20210629.jar:/home/runner/.m2/repository/org/eclipse/jetty/jetty-xml/9.4.43.v20210629/jetty-xml-9.4.43.v20210629.jar:/home/runner/.m2/repository/org/apache/hadoop/hadoop-common/3.3.1/hadoop-common-3.3.1.jar:/home/runner/.m2/repository/commons-net/commons-net/3.6/commons-net-3.6.jar:/home/runner/.m2/repository/jakarta/activation/jakarta.activation-api/1.2.1/jakarta.activation-api-1.2.1.jar:/home/runner/.m2/repository/com/sun/jersey/jersey-servlet/1.19/jersey-servlet-1.19.jar:/home/runner/.m2/repository/com/sun/jersey/jersey-json/1.19/jersey-json-1.19.jar:/home/runner/.m2/repository/org/codehaus/jettison/jettison/1.1/jettison-1.1.jar:/home/runner/.m2/repository/com/sun/xml/bind/jaxb-impl/2.2.3-1/jaxb-impl-2.2.3-1.jar:/home/runner/.m2/repository/org/codehaus/jackson/jackson-jaxrs/1.9.2/jackson-jaxrs-1.9.2.jar:/home/runner/.m2/repository/org/codehaus/jackson/jackson-xc/1.9.2/jackson-xc-1.9.2.jar:/home/runner/.m2/repository/org/apache/commons/commons-configuration2/2.1.1/commons-configuration2-2.1.1.jar:/home/runner/.m2/repository/org/apache/commons/commons-text/1.4/commons-text-1.4.jar:/home/runner/.m2/repository/com/google/re2j/re2j/1.1/re2j-1.1.jar:/home/runner/.m2/repository/com/jcraft/jsch/0.1.54/jsch-0.1.54.jar:/home/runner/.m2/repository/org/apache/curator/curator-client/4.2.0/curator-client-4.2.0.jar:/home/runner/.m2/repository/org/apache/curator/curator-recipes/4.2.0/curator-recipes-4.2.0.jar:/home/runner/.m2/repository/org/apache/kerby/kerb-core/1.0.1/kerb-core-1.0.1.jar:/home/runner/.m2/repository/org/apache/kerby/kerby-pkix/1.0.1/kerby-pkix-1.0.1.jar:/home/runner/.m2/repository/org/apache/kerby/kerby-asn1/1.0.1/kerby-asn1-1.0.1.jar:/home/runner/.m2/repository/org/apache/kerby/kerby-util/1.0.1/kerby-util-1.0.1.jar:/home/runner/.m2/repository/dnsjava/dnsjava/2.1.7/dnsjava-2.1.7.jar:/home/runner/.m2/repository/org/xerial/snappy/snappy-java/1.1.8.2/snappy-java-1.1.8.2.jar:/home/runner/.m2/repository/org/slf4j/jul-to-slf4j/1.7.30/jul-to-slf4j-1.7.30.jar:/home/runner/.m2/repository/org/eclipse/jetty/jetty-util/9.4.43.v20210629/jetty-util-9.4.43.v20210629.jar:/home/runner/.m2/repository/com/fasterxml/jackson/core/jackson-databind/2.12.1/jackson-databind-2.12.1.jar:/home/runner/.m2/repository/org/apache/hadoop/hadoop-kms/3.3.1/hadoop-kms-3.3.1-tests.jar:/home/runner/.m2/repository/org/apache/ozone/hdds-server-scm/1.2.0-SNAPSHOT/hdds-server-scm-1.2.0-SNAPSHOT-tests.jar:/home/runner/.m2/repository/org/apache/ozone/hdds-container-service/1.2.0-SNAPSHOT/hdds-container-service-1.2.0-SNAPSHOT-tests.jar:/home/runner/.m2/repository/commons-codec/commons-codec/1.11/commons-codec-1.11.jar:/home/runner/.m2/repository/io/netty/netty-transport/4.1.63.Final/netty-transport-4.1.63.Final.jar:/home/runner/.m2/repository/io/netty/netty-resolver/4.1.63.Final/netty-resolver-4.1.63.Final.jar:/home/runner/.m2/repository/io/netty/netty-codec/4.1.63.Final/netty-codec-4.1.63.Final.jar:/home/runner/.m2/repository/io/netty/netty-handler/4.1.63.Final/netty-handler-4.1.63.Final.jar:/home/runner/.m2/repository/org/apache/ozone/hdds-hadoop-dependency-test/1.2.0-SNAPSHOT/hdds-hadoop-dependency-test-1.2.0-SNAPSHOT.jar:/home/runner/.m2/repository/org/apache/hadoop/hadoop-common/3.3.1/hadoop-common-3.3.1-tests.jar:/home/runner/.m2/repository/org/assertj/assertj-core/3.12.2/assertj-core-3.12.2.jar:/home/runner/.m2/repository/org/apache/hadoop/hadoop-hdfs/3.3.1/hadoop-hdfs-3.3.1-tests.jar:/home/runner/.m2/repository/org/eclipse/jetty/jetty-util-ajax/9.4.43.v20210629/jetty-util-ajax-9.4.43.v20210629.jar:/home/runner/.m2/repository/commons-daemon/commons-daemon/1.0.13/commons-daemon-1.0.13.jar:/home/runner/.m2/repository/io/netty/netty/3.10.6.Final/netty-3.10.6.Final.jar:/home/runner/.m2/repository/io/netty/netty-all/4.1.63.Final/netty-all-4.1.63.Final.jar:/home/runner/.m2/repository/org/apache/htrace/htrace-core4/4.1.0-incubating/htrace-core4-4.1.0-incubating.jar:/home/runner/.m2/repository/org/fusesource/leveldbjni/leveldbjni-all/1.8/leveldbjni-all-1.8.jar:/home/runner/.m2/repository/org/apache/hadoop/hadoop-distcp/3.3.1/hadoop-distcp-3.3.1.jar:/home/runner/.m2/repository/org/apache/hadoop/hadoop-mapreduce-client-jobclient/3.3.1/hadoop-mapreduce-client-jobclient-3.3.1.jar:/home/runner/.m2/repository/org/apache/hadoop/hadoop-mapreduce-client-common/3.3.1/hadoop-mapreduce-client-common-3.3.1.jar:/home/runner/.m2/repository/org/apache/hadoop/hadoop-yarn-common/3.3.1/hadoop-yarn-common-3.3.1.jar:/home/runner/.m2/repository/org/apache/hadoop/hadoop-yarn-api/3.3.1/hadoop-yarn-api-3.3.1.jar:/home/runner/.m2/repository/com/sun/jersey/jersey-client/1.19/jersey-client-1.19.jar:/home/runner/.m2/repository/com/sun/jersey/contribs/jersey-guice/1.19/jersey-guice-1.19.jar:/home/runner/.m2/repository/com/fasterxml/jackson/jaxrs/jackson-jaxrs-json-provider/2.12.1/jackson-jaxrs-json-provider-2.12.1.jar:/home/runner/.m2/repository/com/fasterxml/jackson/jaxrs/jackson-jaxrs-base/2.12.1/jackson-jaxrs-base-2.12.1.jar:/home/runner/.m2/repository/org/apache/hadoop/hadoop-yarn-client/3.3.1/hadoop-yarn-client-3.3.1.jar:/home/runner/.m2/repository/org/eclipse/jetty/websocket/websocket-client/9.4.40.v20210413/websocket-client-9.4.40.v20210413.jar:/home/runner/.m2/repository/org/eclipse/jetty/jetty-client/9.4.40.v20210413/jetty-client-9.4.40.v20210413.jar:/home/runner/.m2/repository/org/eclipse/jetty/websocket/websocket-common/9.4.40.v20210413/websocket-common-9.4.40.v20210413.jar:/home/runner/.m2/repository/org/eclipse/jetty/websocket/websocket-api/9.4.40.v20210413/websocket-api-9.4.40.v20210413.jar:/home/runner/.m2/repository/org/jline/jline/3.9.0/jline-3.9.0.jar:/home/runner/.m2/repository/org/apache/hadoop/hadoop-mapreduce-client-core/3.3.1/hadoop-mapreduce-client-core-3.3.1.jar:/home/runner/.m2/repository/org/apache/avro/avro/1.7.7/avro-1.7.7.jar:/home/runner/.m2/repository/org/codehaus/jackson/jackson-core-asl/1.9.13/jackson-core-asl-1.9.13.jar:/home/runner/.m2/repository/org/codehaus/jackson/jackson-mapper-asl/1.9.13/jackson-mapper-asl-1.9.13.jar:/home/runner/.m2/repository/com/thoughtworks/paranamer/paranamer/2.3/paranamer-2.3.jar:/home/runner/.m2/repository/org/apache/hadoop/hadoop-annotations/3.3.1/hadoop-annotations-3.3.1.jar:/usr/lib/jvm/adoptopenjdk-8-hotspot-amd64/jre/../lib/tools.jar:/home/runner/.m2/repository/org/apache/hadoop/hadoop-distcp/3.3.1/hadoop-distcp-3.3.1-tests.jar:/home/runner/.m2/repository/org/apache/ratis/ratis-common/2.1.0-03f3b68-SNAPSHOT/ratis-common-2.1.0-03f3b68-SNAPSHOT.jar:/home/runner/.m2/repository/org/apache/ratis/ratis-thirdparty-misc/0.7.0/ratis-thirdparty-misc-0.7.0.jar:/home/runner/.m2/repository/org/apache/ratis/ratis-proto/2.1.0-03f3b68-SNAPSHOT/ratis-proto-2.1.0-03f3b68-SNAPSHOT.jar:"/>
    <property name="java.vm.vendor" value="AdoptOpenJDK"/>
    <property name="sun.arch.data.model" value="64"/>
    <property name="test.build.dir" value="/home/runner/work/ozone/ozone/hadoop-ozone/integration-test/target/test-dir"/>
    <property name="test.cache.data" value=""/>
    <property name="java.vendor.url" value="https://adoptopenjdk.net/"/>
    <property name="user.timezone" value=""/>
    <property name="java.vm.specification.version" value="1.8"/>
    <property name="os.name" value="Linux"/>
    <property name="test.build.data" value="/home/runner/work/ozone/ozone/hadoop-ozone/integration-test/target/test-dir"/>
    <property name="sun.java.launcher" value="SUN_STANDARD"/>
    <property name="sun.boot.library.path" value="/usr/lib/jvm/adoptopenjdk-8-hotspot-amd64/jre/lib/amd64"/>
    <property name="sun.java.command" value="/home/runner/work/ozone/ozone/hadoop-ozone/integration-test/target/surefire/surefirebooter8894244486088261162.jar /home/runner/work/ozone/ozone/hadoop-ozone/integration-test/target/surefire 2021-08-24T17-08-53_339-jvmRun1 surefire4887575909489788285tmp surefire_216947748092528614341tmp"/>
    <property name="surefire.test.class.path" value="/home/runner/work/ozone/ozone/hadoop-ozone/integration-test/target/test-classes:/home/runner/work/ozone/ozone/hadoop-ozone/integration-test/target/classes:/home/runner/.m2/repository/org/apache/ozone/ozone-common/1.2.0-SNAPSHOT/ozone-common-1.2.0-SNAPSHOT.jar:/home/runner/.m2/repository/org/apache/commons/commons-compress/1.20/commons-compress-1.20.jar:/home/runner/.m2/repository/org/apache/ozone/hdds-common/1.2.0-SNAPSHOT/hdds-common-1.2.0-SNAPSHOT.jar:/home/runner/.m2/repository/org/apache/ozone/hdds-client/1.2.0-SNAPSHOT/hdds-client-1.2.0-SNAPSHOT.jar:/home/runner/.m2/repository/org/apache/ozone/ozone-interface-client/1.2.0-SNAPSHOT/ozone-interface-client-1.2.0-SNAPSHOT.jar:/home/runner/.m2/repository/org/apache/ozone/hdds-server-framework/1.2.0-SNAPSHOT/hdds-server-framework-1.2.0-SNAPSHOT.jar:/home/runner/.m2/repository/org/apache/ozone/hdds-interface-server/1.2.0-SNAPSHOT/hdds-interface-server-1.2.0-SNAPSHOT.jar:/home/runner/.m2/repository/org/eclipse/jetty/jetty-servlet/9.4.43.v20210629/jetty-servlet-9.4.43.v20210629.jar:/home/runner/.m2/repository/org/eclipse/jetty/jetty-security/9.4.43.v20210629/jetty-security-9.4.43.v20210629.jar:/home/runner/.m2/repository/org/rocksdb/rocksdbjni/6.20.3/rocksdbjni-6.20.3.jar:/home/runner/.m2/repository/io/prometheus/simpleclient_dropwizard/0.7.0/simpleclient_dropwizard-0.7.0.jar:/home/runner/.m2/repository/io/prometheus/simpleclient/0.7.0/simpleclient-0.7.0.jar:/home/runner/.m2/repository/io/prometheus/simpleclient_common/0.7.0/simpleclient_common-0.7.0.jar:/home/runner/.m2/repository/com/fasterxml/jackson/datatype/jackson-datatype-jsr310/2.12.1/jackson-datatype-jsr310-2.12.1.jar:/home/runner/.m2/repository/org/apache/ozone/hdds-test-utils/1.2.0-SNAPSHOT/hdds-test-utils-1.2.0-SNAPSHOT.jar:/home/runner/.m2/repository/com/google/guava/guava/30.1.1-jre/guava-30.1.1-jre.jar:/home/runner/.m2/repository/com/google/guava/failureaccess/1.0.1/failureaccess-1.0.1.jar:/home/runner/.m2/repository/com/google/guava/listenablefuture/9999.0-empty-to-avoid-conflict-with-guava/listenablefuture-9999.0-empty-to-avoid-conflict-with-guava.jar:/home/runner/.m2/repository/com/google/code/findbugs/jsr305/3.0.0/jsr305-3.0.0.jar:/home/runner/.m2/repository/org/checkerframework/checker-qual/3.8.0/checker-qual-3.8.0.jar:/home/runner/.m2/repository/com/google/errorprone/error_prone_annotations/2.2.0/error_prone_annotations-2.2.0.jar:/home/runner/.m2/repository/com/google/j2objc/j2objc-annotations/1.3/j2objc-annotations-1.3.jar:/home/runner/.m2/repository/commons-io/commons-io/2.8.0/commons-io-2.8.0.jar:/home/runner/.m2/repository/commons-logging/commons-logging/1.2/commons-logging-1.2.jar:/home/runner/.m2/repository/log4j/log4j/1.2.17/log4j-1.2.17.jar:/home/runner/.m2/repository/org/slf4j/slf4j-api/1.7.30/slf4j-api-1.7.30.jar:/home/runner/.m2/repository/org/apache/ozone/hdds-server-scm/1.2.0-SNAPSHOT/hdds-server-scm-1.2.0-SNAPSHOT.jar:/home/runner/.m2/repository/org/apache/ozone/hdds-container-service/1.2.0-SNAPSHOT/hdds-container-service-1.2.0-SNAPSHOT.jar:/home/runner/.m2/repository/org/apache/ozone/hdds-hadoop-dependency-server/1.2.0-SNAPSHOT/hdds-hadoop-dependency-server-1.2.0-SNAPSHOT.jar:/home/runner/.m2/repository/org/apache/hadoop/hadoop-hdfs/3.3.1/hadoop-hdfs-3.3.1.jar:/home/runner/.m2/repository/io/dropwizard/metrics/metrics-core/3.2.4/metrics-core-3.2.4.jar:/home/runner/.m2/repository/org/apache/hadoop/hadoop-hdfs-client/3.3.1/hadoop-hdfs-client-3.3.1.jar:/home/runner/.m2/repository/org/bouncycastle/bcprov-jdk15on/1.67/bcprov-jdk15on-1.67.jar:/home/runner/.m2/repository/com/google/protobuf/protobuf-java/2.5.0/protobuf-java-2.5.0.jar:/home/runner/.m2/repository/org/apache/ozone/ozone-manager/1.2.0-SNAPSHOT/ozone-manager-1.2.0-SNAPSHOT.jar:/home/runner/.m2/repository/org/aspectj/aspectjrt/1.8.9/aspectjrt-1.8.9.jar:/home/runner/.m2/repository/org/aspectj/aspectjweaver/1.8.9/aspectjweaver-1.8.9.jar:/home/runner/.m2/repository/org/apache/ozone/hdds-interface-client/1.2.0-SNAPSHOT/hdds-interface-client-1.2.0-SNAPSHOT.jar:/home/runner/.m2/repository/org/apache/hadoop/thirdparty/hadoop-shaded-protobuf_3_7/1.1.1/hadoop-shaded-protobuf_3_7-1.1.1.jar:/home/runner/.m2/repository/org/apache/ozone/ozone-interface-storage/1.2.0-SNAPSHOT/ozone-interface-storage-1.2.0-SNAPSHOT.jar:/home/runner/.m2/repository/org/reflections/reflections/0.9.11/reflections-0.9.11.jar:/home/runner/.m2/repository/org/apache/hadoop/hadoop-minikdc/3.3.1/hadoop-minikdc-3.3.1.jar:/home/runner/.m2/repository/org/apache/kerby/kerb-simplekdc/1.0.1/kerb-simplekdc-1.0.1.jar:/home/runner/.m2/repository/org/apache/kerby/kerb-client/1.0.1/kerb-client-1.0.1.jar:/home/runner/.m2/repository/org/apache/kerby/kerby-config/1.0.1/kerby-config-1.0.1.jar:/home/runner/.m2/repository/org/apache/kerby/kerb-common/1.0.1/kerb-common-1.0.1.jar:/home/runner/.m2/repository/org/apache/kerby/kerb-crypto/1.0.1/kerb-crypto-1.0.1.jar:/home/runner/.m2/repository/org/apache/kerby/kerb-util/1.0.1/kerb-util-1.0.1.jar:/home/runner/.m2/repository/org/apache/kerby/token-provider/1.0.1/token-provider-1.0.1.jar:/home/runner/.m2/repository/org/apache/kerby/kerb-admin/1.0.1/kerb-admin-1.0.1.jar:/home/runner/.m2/repository/org/apache/kerby/kerb-server/1.0.1/kerb-server-1.0.1.jar:/home/runner/.m2/repository/org/apache/kerby/kerb-identity/1.0.1/kerb-identity-1.0.1.jar:/home/runner/.m2/repository/org/apache/kerby/kerby-xdr/1.0.1/kerby-xdr-1.0.1.jar:/home/runner/.m2/repository/org/slf4j/slf4j-log4j12/1.7.30/slf4j-log4j12-1.7.30.jar:/home/runner/.m2/repository/org/apache/ozone/ozone-s3gateway/1.2.0-SNAPSHOT/ozone-s3gateway-1.2.0-SNAPSHOT.jar:/home/runner/.m2/repository/org/javassist/javassist/3.21.0-GA/javassist-3.21.0-GA.jar:/home/runner/.m2/repository/org/jboss/weld/servlet/weld-servlet/2.4.7.Final/weld-servlet-2.4.7.Final.jar:/home/runner/.m2/repository/org/glassfish/jersey/containers/jersey-container-servlet-core/2.33/jersey-container-servlet-core-2.33.jar:/home/runner/.m2/repository/org/glassfish/hk2/external/jakarta.inject/2.6.1/jakarta.inject-2.6.1.jar:/home/runner/.m2/repository/org/glassfish/jersey/core/jersey-common/2.33/jersey-common-2.33.jar:/home/runner/.m2/repository/jakarta/ws/rs/jakarta.ws.rs-api/2.1.6/jakarta.ws.rs-api-2.1.6.jar:/home/runner/.m2/repository/org/glassfish/jersey/ext/cdi/jersey-cdi1x/2.33/jersey-cdi1x-2.33.jar:/home/runner/.m2/repository/org/glassfish/jersey/inject/jersey-hk2/2.33/jersey-hk2-2.33.jar:/home/runner/.m2/repository/org/glassfish/hk2/hk2-locator/2.6.1/hk2-locator-2.6.1.jar:/home/runner/.m2/repository/org/glassfish/jersey/media/jersey-media-jaxb/2.33/jersey-media-jaxb-2.33.jar:/home/runner/.m2/repository/org/glassfish/hk2/osgi-resource-locator/1.0.3/osgi-resource-locator-1.0.3.jar:/home/runner/.m2/repository/org/glassfish/hk2/hk2-api/2.5.0/hk2-api-2.5.0.jar:/home/runner/.m2/repository/org/glassfish/hk2/hk2-utils/2.5.0/hk2-utils-2.5.0.jar:/home/runner/.m2/repository/org/glassfish/hk2/external/aopalliance-repackaged/2.5.0/aopalliance-repackaged-2.5.0.jar:/home/runner/.m2/repository/com/fasterxml/jackson/dataformat/jackson-dataformat-xml/2.12.1/jackson-dataformat-xml-2.12.1.jar:/home/runner/.m2/repository/com/fasterxml/jackson/core/jackson-core/2.12.1/jackson-core-2.12.1.jar:/home/runner/.m2/repository/com/fasterxml/jackson/module/jackson-module-jaxb-annotations/2.12.1/jackson-module-jaxb-annotations-2.12.1.jar:/home/runner/.m2/repository/jakarta/xml/bind/jakarta.xml.bind-api/2.3.2/jakarta.xml.bind-api-2.3.2.jar:/home/runner/.m2/repository/org/codehaus/woodstox/stax2-api/3.1.4/stax2-api-3.1.4.jar:/home/runner/.m2/repository/com/fasterxml/woodstox/woodstox-core/5.0.3/woodstox-core-5.0.3.jar:/home/runner/.m2/repository/javax/enterprise/cdi-api/1.2/cdi-api-1.2.jar:/home/runner/.m2/repository/javax/el/javax.el-api/3.0.0/javax.el-api-3.0.0.jar:/home/runner/.m2/repository/javax/interceptor/javax.interceptor-api/1.2/javax.interceptor-api-1.2.jar:/home/runner/.m2/repository/javax/inject/javax.inject/1/javax.inject-1.jar:/home/runner/.m2/repository/javax/xml/bind/jaxb-api/2.3.0/jaxb-api-2.3.0.jar:/home/runner/.m2/repository/org/glassfish/jaxb/jaxb-runtime/2.3.0.1/jaxb-runtime-2.3.0.1.jar:/home/runner/.m2/repository/org/glassfish/jaxb/jaxb-core/2.3.0.1/jaxb-core-2.3.0.1.jar:/home/runner/.m2/repository/org/glassfish/jaxb/txw2/2.3.0.1/txw2-2.3.0.1.jar:/home/runner/.m2/repository/com/sun/istack/istack-commons-runtime/3.0.5/istack-commons-runtime-3.0.5.jar:/home/runner/.m2/repository/org/jvnet/staxex/stax-ex/1.7.8/stax-ex-1.7.8.jar:/home/runner/.m2/repository/com/sun/xml/fastinfoset/FastInfoset/1.2.13/FastInfoset-1.2.13.jar:/home/runner/.m2/repository/javax/activation/activation/1.1.1/activation-1.1.1.jar:/home/runner/.m2/repository/org/apache/ozone/ozone-csi/1.2.0-SNAPSHOT/ozone-csi-1.2.0-SNAPSHOT.jar:/home/runner/.m2/repository/com/google/protobuf/protobuf-java-util/3.12.0/protobuf-java-util-3.12.0.jar:/home/runner/.m2/repository/com/google/code/gson/gson/2.2.4/gson-2.2.4.jar:/home/runner/.m2/repository/org/apache/ozone/hdds-config/1.2.0-SNAPSHOT/hdds-config-1.2.0-SNAPSHOT.jar:/home/runner/.m2/repository/io/grpc/grpc-netty/1.33.0/grpc-netty-1.33.0.jar:/home/runner/.m2/repository/io/grpc/grpc-core/1.33.0/grpc-core-1.33.0.jar:/home/runner/.m2/repository/com/google/android/annotations/4.1.1.4/annotations-4.1.1.4.jar:/home/runner/.m2/repository/io/netty/netty-codec-http2/4.1.63.Final/netty-codec-http2-4.1.63.Final.jar:/home/runner/.m2/repository/io/netty/netty-codec-http/4.1.63.Final/netty-codec-http-4.1.63.Final.jar:/home/runner/.m2/repository/io/netty/netty-handler-proxy/4.1.63.Final/netty-handler-proxy-4.1.63.Final.jar:/home/runner/.m2/repository/io/netty/netty-codec-socks/4.1.63.Final/netty-codec-socks-4.1.63.Final.jar:/home/runner/.m2/repository/io/perfmark/perfmark-api/0.19.0/perfmark-api-0.19.0.jar:/home/runner/.m2/repository/org/codehaus/mojo/animal-sniffer-annotations/1.18/animal-sniffer-annotations-1.18.jar:/home/runner/.m2/repository/io/netty/netty-transport-native-epoll/4.1.63.Final/netty-transport-native-epoll-4.1.63.Final.jar:/home/runner/.m2/repository/io/netty/netty-common/4.1.63.Final/netty-common-4.1.63.Final.jar:/home/runner/.m2/repository/io/netty/netty-buffer/4.1.63.Final/netty-buffer-4.1.63.Final.jar:/home/runner/.m2/repository/io/netty/netty-transport-native-unix-common/4.1.63.Final/netty-transport-native-unix-common-4.1.63.Final.jar:/home/runner/.m2/repository/io/grpc/grpc-protobuf/1.33.0/grpc-protobuf-1.33.0.jar:/home/runner/.m2/repository/io/grpc/grpc-api/1.33.0/grpc-api-1.33.0.jar:/home/runner/.m2/repository/io/grpc/grpc-context/1.33.0/grpc-context-1.33.0.jar:/home/runner/.m2/repository/com/google/api/grpc/proto-google-common-protos/1.17.0/proto-google-common-protos-1.17.0.jar:/home/runner/.m2/repository/io/grpc/grpc-protobuf-lite/1.33.0/grpc-protobuf-lite-1.33.0.jar:/home/runner/.m2/repository/io/grpc/grpc-stub/1.33.0/grpc-stub-1.33.0.jar:/home/runner/.m2/repository/org/apache/ozone/ozone-recon/1.2.0-SNAPSHOT/ozone-recon-1.2.0-SNAPSHOT.jar:/home/runner/.m2/repository/org/apache/ozone/ozone-reconcodegen/1.2.0-SNAPSHOT/ozone-reconcodegen-1.2.0-SNAPSHOT.jar:/home/runner/.m2/repository/com/google/inject/extensions/guice-multibindings/4.0/guice-multibindings-4.0.jar:/home/runner/.m2/repository/com/google/inject/guice/4.0/guice-4.0.jar:/home/runner/.m2/repository/aopalliance/aopalliance/1.0/aopalliance-1.0.jar:/home/runner/.m2/repository/com/google/inject/extensions/guice-assistedinject/4.0/guice-assistedinject-4.0.jar:/home/runner/.m2/repository/com/google/inject/extensions/guice-servlet/4.0/guice-servlet-4.0.jar:/home/runner/.m2/repository/org/glassfish/jersey/containers/jersey-container-servlet/2.33/jersey-container-servlet-2.33.jar:/home/runner/.m2/repository/org/glassfish/hk2/guice-bridge/2.5.0/guice-bridge-2.5.0.jar:/home/runner/.m2/repository/org/glassfish/jersey/core/jersey-server/2.33/jersey-server-2.33.jar:/home/runner/.m2/repository/org/glassfish/jersey/core/jersey-client/2.33/jersey-client-2.33.jar:/home/runner/.m2/repository/jakarta/annotation/jakarta.annotation-api/1.3.5/jakarta.annotation-api-1.3.5.jar:/home/runner/.m2/repository/jakarta/validation/jakarta.validation-api/2.0.2/jakarta.validation-api-2.0.2.jar:/home/runner/.m2/repository/org/glassfish/jersey/media/jersey-media-json-jackson/2.33/jersey-media-json-jackson-2.33.jar:/home/runner/.m2/repository/org/glassfish/jersey/ext/jersey-entity-filtering/2.33/jersey-entity-filtering-2.33.jar:/home/runner/.m2/repository/org/jooq/jooq/3.11.10/jooq-3.11.10.jar:/home/runner/.m2/repository/org/jooq/jooq-meta/3.11.10/jooq-meta-3.11.10.jar:/home/runner/.m2/repository/org/jooq/jooq-codegen/3.11.10/jooq-codegen-3.11.10.jar:/home/runner/.m2/repository/com/jolbox/bonecp/0.8.0.RELEASE/bonecp-0.8.0.RELEASE.jar:/home/runner/.m2/repository/org/apache/derby/derby/10.14.2.0/derby-10.14.2.0.jar:/home/runner/.m2/repository/org/xerial/sqlite-jdbc/3.25.2/sqlite-jdbc-3.25.2.jar:/home/runner/.m2/repository/org/springframework/spring-jdbc/5.2.11.RELEASE/spring-jdbc-5.2.11.RELEASE.jar:/home/runner/.m2/repository/org/springframework/spring-beans/5.2.11.RELEASE/spring-beans-5.2.11.RELEASE.jar:/home/runner/.m2/repository/org/springframework/spring-core/5.2.11.RELEASE/spring-core-5.2.11.RELEASE.jar:/home/runner/.m2/repository/org/springframework/spring-jcl/5.2.11.RELEASE/spring-jcl-5.2.11.RELEASE.jar:/home/runner/.m2/repository/org/springframework/spring-tx/5.2.11.RELEASE/spring-tx-5.2.11.RELEASE.jar:/home/runner/.m2/repository/org/apache/ozone/ozone-client/1.2.0-SNAPSHOT/ozone-client-1.2.0-SNAPSHOT.jar:/home/runner/.m2/repository/org/apache/ozone/ozone-filesystem/1.2.0-SNAPSHOT/ozone-filesystem-1.2.0-SNAPSHOT.jar:/home/runner/.m2/repository/org/apache/ozone/ozone-filesystem-common/1.2.0-SNAPSHOT/ozone-filesystem-common-1.2.0-SNAPSHOT.jar:/home/runner/.m2/repository/org/apache/ozone/ozone-tools/1.2.0-SNAPSHOT/ozone-tools-1.2.0-SNAPSHOT.jar:/home/runner/.m2/repository/org/apache/ratis/ratis-tools/2.1.0-03f3b68-SNAPSHOT/ratis-tools-2.1.0-03f3b68-SNAPSHOT.jar:/home/runner/.m2/repository/com/amazonaws/aws-java-sdk-core/1.11.901/aws-java-sdk-core-1.11.901.jar:/home/runner/.m2/repository/org/apache/httpcomponents/httpclient/4.5.13/httpclient-4.5.13.jar:/home/runner/.m2/repository/org/apache/httpcomponents/httpcore/4.4.13/httpcore-4.4.13.jar:/home/runner/.m2/repository/software/amazon/ion/ion-java/1.0.2/ion-java-1.0.2.jar:/home/runner/.m2/repository/com/fasterxml/jackson/dataformat/jackson-dataformat-cbor/2.12.1/jackson-dataformat-cbor-2.12.1.jar:/home/runner/.m2/repository/joda-time/joda-time/2.8.1/joda-time-2.8.1.jar:/home/runner/.m2/repository/com/amazonaws/aws-java-sdk-s3/1.11.901/aws-java-sdk-s3-1.11.901.jar:/home/runner/.m2/repository/com/amazonaws/aws-java-sdk-kms/1.11.901/aws-java-sdk-kms-1.11.901.jar:/home/runner/.m2/repository/com/amazonaws/jmespath-java/1.11.901/jmespath-java-1.11.901.jar:/home/runner/.m2/repository/org/kohsuke/metainf-services/metainf-services/1.8/metainf-services-1.8.jar:/home/runner/.m2/repository/org/apache/ozone/hdds-tools/1.2.0-SNAPSHOT/hdds-tools-1.2.0-SNAPSHOT.jar:/home/runner/.m2/repository/commons-cli/commons-cli/1.2/commons-cli-1.2.jar:/home/runner/.m2/repository/org/apache/commons/commons-lang3/3.7/commons-lang3-3.7.jar:/home/runner/.m2/repository/org/apache/ozone/ozone-manager/1.2.0-SNAPSHOT/ozone-manager-1.2.0-SNAPSHOT-tests.jar:/home/runner/.m2/repository/org/apache/ozone/hdds-common/1.2.0-SNAPSHOT/hdds-common-1.2.0-SNAPSHOT-tests.jar:/home/runner/.m2/repository/org/apache/ozone/hdds-hadoop-dependency-client/1.2.0-SNAPSHOT/hdds-hadoop-dependency-client-1.2.0-SNAPSHOT.jar:/home/runner/.m2/repository/info/picocli/picocli/4.4.0/picocli-4.4.0.jar:/home/runner/.m2/repository/com/fasterxml/jackson/core/jackson-annotations/2.12.1/jackson-annotations-2.12.1.jar:/home/runner/.m2/repository/javax/annotation/javax.annotation-api/1.2/javax.annotation-api-1.2.jar:/home/runner/.m2/repository/org/apache/ratis/ratis-server/2.1.0-03f3b68-SNAPSHOT/ratis-server-2.1.0-03f3b68-SNAPSHOT.jar:/home/runner/.m2/repository/org/apache/ratis/ratis-client/2.1.0-03f3b68-SNAPSHOT/ratis-client-2.1.0-03f3b68-SNAPSHOT.jar:/home/runner/.m2/repository/org/apache/ratis/ratis-server-api/2.1.0-03f3b68-SNAPSHOT/ratis-server-api-2.1.0-03f3b68-SNAPSHOT.jar:/home/runner/.m2/repository/org/apache/ratis/ratis-metrics/2.1.0-03f3b68-SNAPSHOT/ratis-metrics-2.1.0-03f3b68-SNAPSHOT.jar:/home/runner/.m2/repository/org/apache/ratis/ratis-netty/2.1.0-03f3b68-SNAPSHOT/ratis-netty-2.1.0-03f3b68-SNAPSHOT.jar:/home/runner/.m2/repository/org/apache/ratis/ratis-grpc/2.1.0-03f3b68-SNAPSHOT/ratis-grpc-2.1.0-03f3b68-SNAPSHOT.jar:/home/runner/.m2/repository/org/apache/logging/log4j/log4j-api/2.13.3/log4j-api-2.13.3.jar:/home/runner/.m2/repository/org/apache/logging/log4j/log4j-core/2.13.3/log4j-core-2.13.3.jar:/home/runner/.m2/repository/com/lmax/disruptor/3.4.2/disruptor-3.4.2.jar:/home/runner/.m2/repository/org/apache/commons/commons-pool2/2.6.0/commons-pool2-2.6.0.jar:/home/runner/.m2/repository/org/bouncycastle/bcpkix-jdk15on/1.67/bcpkix-jdk15on-1.67.jar:/home/runner/.m2/repository/commons-validator/commons-validator/1.6/commons-validator-1.6.jar:/home/runner/.m2/repository/commons-beanutils/commons-beanutils/1.9.4/commons-beanutils-1.9.4.jar:/home/runner/.m2/repository/commons-digester/commons-digester/1.8.1/commons-digester-1.8.1.jar:/home/runner/.m2/repository/commons-collections/commons-collections/3.2.2/commons-collections-3.2.2.jar:/home/runner/.m2/repository/io/jaegertracing/jaeger-client/1.6.0/jaeger-client-1.6.0.jar:/home/runner/.m2/repository/io/jaegertracing/jaeger-thrift/1.6.0/jaeger-thrift-1.6.0.jar:/home/runner/.m2/repository/org/apache/thrift/libthrift/0.14.1/libthrift-0.14.1.jar:/home/runner/.m2/repository/com/squareup/okhttp3/okhttp/4.9.0/okhttp-4.9.0.jar:/home/runner/.m2/repository/com/squareup/okio/okio/2.8.0/okio-2.8.0.jar:/home/runner/.m2/repository/io/jaegertracing/jaeger-core/1.6.0/jaeger-core-1.6.0.jar:/home/runner/.m2/repository/io/jaegertracing/jaeger-tracerresolver/1.6.0/jaeger-tracerresolver-1.6.0.jar:/home/runner/.m2/repository/io/opentracing/contrib/opentracing-tracerresolver/0.1.8/opentracing-tracerresolver-0.1.8.jar:/home/runner/.m2/repository/org/jetbrains/kotlin/kotlin-stdlib/1.4.31/kotlin-stdlib-1.4.31.jar:/home/runner/.m2/repository/org/jetbrains/kotlin/kotlin-stdlib-common/1.4.31/kotlin-stdlib-common-1.4.31.jar:/home/runner/.m2/repository/org/jetbrains/annotations/13.0/annotations-13.0.jar:/home/runner/.m2/repository/io/opentracing/opentracing-util/0.33.0/opentracing-util-0.33.0.jar:/home/runner/.m2/repository/io/opentracing/opentracing-api/0.33.0/opentracing-api-0.33.0.jar:/home/runner/.m2/repository/io/opentracing/opentracing-noop/0.33.0/opentracing-noop-0.33.0.jar:/home/runner/.m2/repository/org/yaml/snakeyaml/1.26/snakeyaml-1.26.jar:/home/runner/.m2/repository/org/apache/ozone/hdds-interface-admin/1.2.0-SNAPSHOT/hdds-interface-admin-1.2.0-SNAPSHOT.jar:/home/runner/.m2/repository/junit/junit/4.13.1/junit-4.13.1.jar:/home/runner/.m2/repository/org/hamcrest/hamcrest-core/1.3/hamcrest-core-1.3.jar:/home/runner/.m2/repository/org/junit/jupiter/junit-jupiter-api/5.7.0/junit-jupiter-api-5.7.0.jar:/home/runner/.m2/repository/org/apiguardian/apiguardian-api/1.1.0/apiguardian-api-1.1.0.jar:/home/runner/.m2/repository/org/opentest4j/opentest4j/1.2.0/opentest4j-1.2.0.jar:/home/runner/.m2/repository/org/junit/platform/junit-platform-commons/1.7.0/junit-platform-commons-1.7.0.jar:/home/runner/.m2/repository/org/junit/jupiter/junit-jupiter-engine/5.7.0/junit-jupiter-engine-5.7.0.jar:/home/runner/.m2/repository/org/junit/platform/junit-platform-engine/1.7.0/junit-platform-engine-1.7.0.jar:/home/runner/.m2/repository/org/junit/vintage/junit-vintage-engine/5.7.0/junit-vintage-engine-5.7.0.jar:/home/runner/.m2/repository/org/junit/platform/junit-platform-launcher/1.7.0/junit-platform-launcher-1.7.0.jar:/home/runner/.m2/repository/org/openjdk/jmh/jmh-core/1.19/jmh-core-1.19.jar:/home/runner/.m2/repository/net/sf/jopt-simple/jopt-simple/4.6/jopt-simple-4.6.jar:/home/runner/.m2/repository/org/apache/commons/commons-math3/3.1.1/commons-math3-3.1.1.jar:/home/runner/.m2/repository/org/openjdk/jmh/jmh-generator-annprocess/1.19/jmh-generator-annprocess-1.19.jar:/home/runner/.m2/repository/org/mockito/mockito-core/2.28.2/mockito-core-2.28.2.jar:/home/runner/.m2/repository/net/bytebuddy/byte-buddy/1.9.10/byte-buddy-1.9.10.jar:/home/runner/.m2/repository/net/bytebuddy/byte-buddy-agent/1.9.10/byte-buddy-agent-1.9.10.jar:/home/runner/.m2/repository/org/objenesis/objenesis/1.0/objenesis-1.0.jar:/home/runner/.m2/repository/org/apache/hadoop/hadoop-kms/3.3.1/hadoop-kms-3.3.1.jar:/home/runner/.m2/repository/org/apache/hadoop/hadoop-auth/3.3.1/hadoop-auth-3.3.1.jar:/home/runner/.m2/repository/com/nimbusds/nimbus-jose-jwt/7.9/nimbus-jose-jwt-7.9.jar:/home/runner/.m2/repository/com/github/stephenc/jcip/jcip-annotations/1.0-1/jcip-annotations-1.0-1.jar:/home/runner/.m2/repository/net/minidev/json-smart/2.3/json-smart-2.3.jar:/home/runner/.m2/repository/net/minidev/accessors-smart/1.2/accessors-smart-1.2.jar:/home/runner/.m2/repository/org/ow2/asm/asm/5.0.4/asm-5.0.4.jar:/home/runner/.m2/repository/org/apache/zookeeper/zookeeper/3.5.6/zookeeper-3.5.6.jar:/home/runner/.m2/repository/org/apache/zookeeper/zookeeper-jute/3.5.6/zookeeper-jute-3.5.6.jar:/home/runner/.m2/repository/org/apache/yetus/audience-annotations/0.5.0/audience-annotations-0.5.0.jar:/home/runner/.m2/repository/org/apache/curator/curator-framework/4.2.0/curator-framework-4.2.0.jar:/home/runner/.m2/repository/org/apache/hadoop/thirdparty/hadoop-shaded-guava/1.1.1/hadoop-shaded-guava-1.1.1.jar:/home/runner/.m2/repository/com/sun/jersey/jersey-core/1.19/jersey-core-1.19.jar:/home/runner/.m2/repository/javax/ws/rs/jsr311-api/1.1.1/jsr311-api-1.1.1.jar:/home/runner/.m2/repository/com/sun/jersey/jersey-server/1.19/jersey-server-1.19.jar:/home/runner/.m2/repository/javax/servlet/javax.servlet-api/3.1.0/javax.servlet-api-3.1.0.jar:/home/runner/.m2/repository/org/eclipse/jetty/jetty-server/9.4.43.v20210629/jetty-server-9.4.43.v20210629.jar:/home/runner/.m2/repository/org/eclipse/jetty/jetty-http/9.4.43.v20210629/jetty-http-9.4.43.v20210629.jar:/home/runner/.m2/repository/org/eclipse/jetty/jetty-io/9.4.43.v20210629/jetty-io-9.4.43.v20210629.jar:/home/runner/.m2/repository/org/eclipse/jetty/jetty-webapp/9.4.43.v20210629/jetty-webapp-9.4.43.v20210629.jar:/home/runner/.m2/repository/org/eclipse/jetty/jetty-xml/9.4.43.v20210629/jetty-xml-9.4.43.v20210629.jar:/home/runner/.m2/repository/org/apache/hadoop/hadoop-common/3.3.1/hadoop-common-3.3.1.jar:/home/runner/.m2/repository/commons-net/commons-net/3.6/commons-net-3.6.jar:/home/runner/.m2/repository/jakarta/activation/jakarta.activation-api/1.2.1/jakarta.activation-api-1.2.1.jar:/home/runner/.m2/repository/com/sun/jersey/jersey-servlet/1.19/jersey-servlet-1.19.jar:/home/runner/.m2/repository/com/sun/jersey/jersey-json/1.19/jersey-json-1.19.jar:/home/runner/.m2/repository/org/codehaus/jettison/jettison/1.1/jettison-1.1.jar:/home/runner/.m2/repository/com/sun/xml/bind/jaxb-impl/2.2.3-1/jaxb-impl-2.2.3-1.jar:/home/runner/.m2/repository/org/codehaus/jackson/jackson-jaxrs/1.9.2/jackson-jaxrs-1.9.2.jar:/home/runner/.m2/repository/org/codehaus/jackson/jackson-xc/1.9.2/jackson-xc-1.9.2.jar:/home/runner/.m2/repository/org/apache/commons/commons-configuration2/2.1.1/commons-configuration2-2.1.1.jar:/home/runner/.m2/repository/org/apache/commons/commons-text/1.4/commons-text-1.4.jar:/home/runner/.m2/repository/com/google/re2j/re2j/1.1/re2j-1.1.jar:/home/runner/.m2/repository/com/jcraft/jsch/0.1.54/jsch-0.1.54.jar:/home/runner/.m2/repository/org/apache/curator/curator-client/4.2.0/curator-client-4.2.0.jar:/home/runner/.m2/repository/org/apache/curator/curator-recipes/4.2.0/curator-recipes-4.2.0.jar:/home/runner/.m2/repository/org/apache/kerby/kerb-core/1.0.1/kerb-core-1.0.1.jar:/home/runner/.m2/repository/org/apache/kerby/kerby-pkix/1.0.1/kerby-pkix-1.0.1.jar:/home/runner/.m2/repository/org/apache/kerby/kerby-asn1/1.0.1/kerby-asn1-1.0.1.jar:/home/runner/.m2/repository/org/apache/kerby/kerby-util/1.0.1/kerby-util-1.0.1.jar:/home/runner/.m2/repository/dnsjava/dnsjava/2.1.7/dnsjava-2.1.7.jar:/home/runner/.m2/repository/org/xerial/snappy/snappy-java/1.1.8.2/snappy-java-1.1.8.2.jar:/home/runner/.m2/repository/org/slf4j/jul-to-slf4j/1.7.30/jul-to-slf4j-1.7.30.jar:/home/runner/.m2/repository/org/eclipse/jetty/jetty-util/9.4.43.v20210629/jetty-util-9.4.43.v20210629.jar:/home/runner/.m2/repository/com/fasterxml/jackson/core/jackson-databind/2.12.1/jackson-databind-2.12.1.jar:/home/runner/.m2/repository/org/apache/hadoop/hadoop-kms/3.3.1/hadoop-kms-3.3.1-tests.jar:/home/runner/.m2/repository/org/apache/ozone/hdds-server-scm/1.2.0-SNAPSHOT/hdds-server-scm-1.2.0-SNAPSHOT-tests.jar:/home/runner/.m2/repository/org/apache/ozone/hdds-container-service/1.2.0-SNAPSHOT/hdds-container-service-1.2.0-SNAPSHOT-tests.jar:/home/runner/.m2/repository/commons-codec/commons-codec/1.11/commons-codec-1.11.jar:/home/runner/.m2/repository/io/netty/netty-transport/4.1.63.Final/netty-transport-4.1.63.Final.jar:/home/runner/.m2/repository/io/netty/netty-resolver/4.1.63.Final/netty-resolver-4.1.63.Final.jar:/home/runner/.m2/repository/io/netty/netty-codec/4.1.63.Final/netty-codec-4.1.63.Final.jar:/home/runner/.m2/repository/io/netty/netty-handler/4.1.63.Final/netty-handler-4.1.63.Final.jar:/home/runner/.m2/repository/org/apache/ozone/hdds-hadoop-dependency-test/1.2.0-SNAPSHOT/hdds-hadoop-dependency-test-1.2.0-SNAPSHOT.jar:/home/runner/.m2/repository/org/apache/hadoop/hadoop-common/3.3.1/hadoop-common-3.3.1-tests.jar:/home/runner/.m2/repository/org/assertj/assertj-core/3.12.2/assertj-core-3.12.2.jar:/home/runner/.m2/repository/org/apache/hadoop/hadoop-hdfs/3.3.1/hadoop-hdfs-3.3.1-tests.jar:/home/runner/.m2/repository/org/eclipse/jetty/jetty-util-ajax/9.4.43.v20210629/jetty-util-ajax-9.4.43.v20210629.jar:/home/runner/.m2/repository/commons-daemon/commons-daemon/1.0.13/commons-daemon-1.0.13.jar:/home/runner/.m2/repository/io/netty/netty/3.10.6.Final/netty-3.10.6.Final.jar:/home/runner/.m2/repository/io/netty/netty-all/4.1.63.Final/netty-all-4.1.63.Final.jar:/home/runner/.m2/repository/org/apache/htrace/htrace-core4/4.1.0-incubating/htrace-core4-4.1.0-incubating.jar:/home/runner/.m2/repository/org/fusesource/leveldbjni/leveldbjni-all/1.8/leveldbjni-all-1.8.jar:/home/runner/.m2/repository/org/apache/hadoop/hadoop-distcp/3.3.1/hadoop-distcp-3.3.1.jar:/home/runner/.m2/repository/org/apache/hadoop/hadoop-mapreduce-client-jobclient/3.3.1/hadoop-mapreduce-client-jobclient-3.3.1.jar:/home/runner/.m2/repository/org/apache/hadoop/hadoop-mapreduce-client-common/3.3.1/hadoop-mapreduce-client-common-3.3.1.jar:/home/runner/.m2/repository/org/apache/hadoop/hadoop-yarn-common/3.3.1/hadoop-yarn-common-3.3.1.jar:/home/runner/.m2/repository/org/apache/hadoop/hadoop-yarn-api/3.3.1/hadoop-yarn-api-3.3.1.jar:/home/runner/.m2/repository/com/sun/jersey/jersey-client/1.19/jersey-client-1.19.jar:/home/runner/.m2/repository/com/sun/jersey/contribs/jersey-guice/1.19/jersey-guice-1.19.jar:/home/runner/.m2/repository/com/fasterxml/jackson/jaxrs/jackson-jaxrs-json-provider/2.12.1/jackson-jaxrs-json-provider-2.12.1.jar:/home/runner/.m2/repository/com/fasterxml/jackson/jaxrs/jackson-jaxrs-base/2.12.1/jackson-jaxrs-base-2.12.1.jar:/home/runner/.m2/repository/org/apache/hadoop/hadoop-yarn-client/3.3.1/hadoop-yarn-client-3.3.1.jar:/home/runner/.m2/repository/org/eclipse/jetty/websocket/websocket-client/9.4.40.v20210413/websocket-client-9.4.40.v20210413.jar:/home/runner/.m2/repository/org/eclipse/jetty/jetty-client/9.4.40.v20210413/jetty-client-9.4.40.v20210413.jar:/home/runner/.m2/repository/org/eclipse/jetty/websocket/websocket-common/9.4.40.v20210413/websocket-common-9.4.40.v20210413.jar:/home/runner/.m2/repository/org/eclipse/jetty/websocket/websocket-api/9.4.40.v20210413/websocket-api-9.4.40.v20210413.jar:/home/runner/.m2/repository/org/jline/jline/3.9.0/jline-3.9.0.jar:/home/runner/.m2/repository/org/apache/hadoop/hadoop-mapreduce-client-core/3.3.1/hadoop-mapreduce-client-core-3.3.1.jar:/home/runner/.m2/repository/org/apache/avro/avro/1.7.7/avro-1.7.7.jar:/home/runner/.m2/repository/org/codehaus/jackson/jackson-core-asl/1.9.13/jackson-core-asl-1.9.13.jar:/home/runner/.m2/repository/org/codehaus/jackson/jackson-mapper-asl/1.9.13/jackson-mapper-asl-1.9.13.jar:/home/runner/.m2/repository/com/thoughtworks/paranamer/paranamer/2.3/paranamer-2.3.jar:/home/runner/.m2/repository/org/apache/hadoop/hadoop-annotations/3.3.1/hadoop-annotations-3.3.1.jar:/usr/lib/jvm/adoptopenjdk-8-hotspot-amd64/jre/../lib/tools.jar:/home/runner/.m2/repository/org/apache/hadoop/hadoop-distcp/3.3.1/hadoop-distcp-3.3.1-tests.jar:/home/runner/.m2/repository/org/apache/ratis/ratis-common/2.1.0-03f3b68-SNAPSHOT/ratis-common-2.1.0-03f3b68-SNAPSHOT.jar:/home/runner/.m2/repository/org/apache/ratis/ratis-thirdparty-misc/0.7.0/ratis-thirdparty-misc-0.7.0.jar:/home/runner/.m2/repository/org/apache/ratis/ratis-proto/2.1.0-03f3b68-SNAPSHOT/ratis-proto-2.1.0-03f3b68-SNAPSHOT.jar:"/>
    <property name="sun.cpu.endian" value="little"/>
    <property name="user.home" value="/home/runner"/>
    <property name="user.language" value="en"/>
    <property name="java.specification.vendor" value="Oracle Corporation"/>
    <property name="java.home" value="/usr/lib/jvm/adoptopenjdk-8-hotspot-amd64/jre"/>
    <property name="java.security.krb5.conf" value="/home/runner/work/ozone/ozone/hadoop-ozone/integration-test/target/test-classes/krb5.conf"/>
    <property name="basedir" value="/home/runner/work/ozone/ozone/hadoop-ozone/integration-test"/>
    <property name="file.separator" value="/"/>
    <property name="line.separator" value="&#10;"/>
    <property name="java.vm.specification.vendor" value="Oracle Corporation"/>
    <property name="java.specification.name" value="Java Platform API Specification"/>
    <property name="java.awt.graphicsenv" value="sun.awt.X11GraphicsEnvironment"/>
    <property name="skip.installnpx" value="true"/>
    <property name="surefire.real.class.path" value="/home/runner/work/ozone/ozone/hadoop-ozone/integration-test/target/surefire/surefirebooter8894244486088261162.jar:/home/runner/.m2/repository/org/jacoco/org.jacoco.agent/0.8.5/org.jacoco.agent-0.8.5-runtime.jar"/>
    <property name="hadoop.log.dir" value="/home/runner/work/ozone/ozone/hadoop-ozone/integration-test/target/log"/>
    <property name="sun.boot.class.path" value="/usr/lib/jvm/adoptopenjdk-8-hotspot-amd64/jre/lib/resources.jar:/usr/lib/jvm/adoptopenjdk-8-hotspot-amd64/jre/lib/rt.jar:/usr/lib/jvm/adoptopenjdk-8-hotspot-amd64/jre/lib/sunrsasign.jar:/usr/lib/jvm/adoptopenjdk-8-hotspot-amd64/jre/lib/jsse.jar:/usr/lib/jvm/adoptopenjdk-8-hotspot-amd64/jre/lib/jce.jar:/usr/lib/jvm/adoptopenjdk-8-hotspot-amd64/jre/lib/charsets.jar:/usr/lib/jvm/adoptopenjdk-8-hotspot-amd64/jre/lib/jfr.jar:/usr/lib/jvm/adoptopenjdk-8-hotspot-amd64/jre/classes"/>
    <property name="sun.management.compiler" value="HotSpot 64-Bit Tiered Compilers"/>
    <property name="skip.npx" value="true"/>
    <property name="java.runtime.version" value="1.8.0_292-b10"/>
    <property name="java.net.preferIPv4Stack" value="true"/>
    <property name="user.name" value="runner"/>
    <property name="path.separator" value=":"/>
    <property name="java.security.egd" value="file:///dev/urandom"/>
    <property name="os.version" value="5.4.0-1055-azure"/>
    <property name="java.endorsed.dirs" value="/usr/lib/jvm/adoptopenjdk-8-hotspot-amd64/jre/lib/endorsed"/>
    <property name="java.runtime.name" value="OpenJDK Runtime Environment"/>
    <property name="file.encoding" value="UTF-8"/>
    <property name="java.vm.name" value="OpenJDK 64-Bit Server VM"/>
    <property name="test.build.webapps" value=""/>
    <property name="localRepository" value="/home/runner/.m2/repository"/>
    <property name="java.vendor.url.bug" value="https://github.com/AdoptOpenJDK/openjdk-support/issues"/>
    <property name="java.io.tmpdir" value="/tmp"/>
    <property name="require.test.libhadoop" value=""/>
    <property name="java.version" value="1.8.0_292"/>
    <property name="user.dir" value="/home/runner/work/ozone/ozone/hadoop-ozone/integration-test"/>
    <property name="os.arch" value="amd64"/>
    <property name="java.vm.specification.name" value="Java Virtual Machine Specification"/>
    <property name="test.build.classes" value="/home/runner/work/ozone/ozone/hadoop-ozone/integration-test/target/test-classes"/>
    <property name="java.awt.printerjob" value="sun.print.PSPrinterJob"/>
    <property name="sun.os.patch.level" value="unknown"/>
    <property name="hadoop.tmp.dir" value="/home/runner/work/ozone/ozone/hadoop-ozone/integration-test/target/tmp"/>
    <property name="java.library.path" value="/usr/java/packages/lib/amd64:/usr/lib64:/lib64:/lib:/usr/lib"/>
    <property name="java.vm.info" value="mixed mode"/>
    <property name="java.vendor" value="AdoptOpenJDK"/>
    <property name="java.vm.version" value="25.292-b10"/>
    <property name="java.ext.dirs" value="/usr/lib/jvm/adoptopenjdk-8-hotspot-amd64/jre/lib/ext:/usr/java/packages/lib/ext"/>
    <property name="sun.io.unicode.encoding" value="UnicodeLittle"/>
    <property name="java.class.version" value="52.0"/>
  </properties>
  <testcase name="testInstallSnapshot" classname="org.apache.hadoop.ozone.om.TestOMRatisSnapshots" time="45.663"/>
  <testcase name="testInstallOldCheckpointFailure" classname="org.apache.hadoop.ozone.om.TestOMRatisSnapshots" time="42.253">
    <failure type="java.lang.AssertionError">java.lang.AssertionError
	at org.junit.Assert.fail(Assert.java:87)
	at org.junit.Assert.assertTrue(Assert.java:42)
	at org.junit.Assert.assertTrue(Assert.java:53)
	at org.apache.hadoop.ozone.om.TestOMRatisSnapshots.testInstallOldCheckpointFailure(TestOMRatisSnapshots.java:247)
	at sun.reflect.NativeMethodAccessorImpl.invoke0(Native Method)
	at sun.reflect.NativeMethodAccessorImpl.invoke(NativeMethodAccessorImpl.java:62)
	at sun.reflect.DelegatingMethodAccessorImpl.invoke(DelegatingMethodAccessorImpl.java:43)
	at java.lang.reflect.Method.invoke(Method.java:498)
	at org.junit.platform.commons.util.ReflectionUtils.invokeMethod(ReflectionUtils.java:688)
	at org.junit.jupiter.engine.execution.MethodInvocation.proceed(MethodInvocation.java:60)
	at org.junit.jupiter.engine.execution.InvocationInterceptorChain$ValidatingInvocation.proceed(InvocationInterceptorChain.java:131)
	at org.junit.jupiter.engine.extension.TimeoutInvocation.proceed(TimeoutInvocation.java:46)
	at org.junit.jupiter.engine.extension.TimeoutExtension.intercept(TimeoutExtension.java:149)
	at org.junit.jupiter.engine.extension.TimeoutExtension.interceptTestableMethod(TimeoutExtension.java:140)
	at org.junit.jupiter.engine.extension.TimeoutExtension.interceptTestMethod(TimeoutExtension.java:84)
	at org.junit.jupiter.engine.execution.ExecutableInvoker$ReflectiveInterceptorCall.lambda$ofVoidMethod$0(ExecutableInvoker.java:115)
	at org.junit.jupiter.engine.execution.ExecutableInvoker.lambda$invoke$0(ExecutableInvoker.java:105)
	at org.junit.jupiter.engine.execution.InvocationInterceptorChain$InterceptedInvocation.proceed(InvocationInterceptorChain.java:106)
	at org.junit.jupiter.engine.execution.InvocationInterceptorChain.proceed(InvocationInterceptorChain.java:64)
	at org.junit.jupiter.engine.execution.InvocationInterceptorChain.chainAndInvoke(InvocationInterceptorChain.java:45)
	at org.junit.jupiter.engine.execution.InvocationInterceptorChain.invoke(InvocationInterceptorChain.java:37)
	at org.junit.jupiter.engine.execution.ExecutableInvoker.invoke(ExecutableInvoker.java:104)
	at org.junit.jupiter.engine.execution.ExecutableInvoker.invoke(ExecutableInvoker.java:98)
	at org.junit.jupiter.engine.descriptor.TestMethodTestDescriptor.lambda$invokeTestMethod$6(TestMethodTestDescriptor.java:210)
	at org.junit.platform.engine.support.hierarchical.ThrowableCollector.execute(ThrowableCollector.java:73)
	at org.junit.jupiter.engine.descriptor.TestMethodTestDescriptor.invokeTestMethod(TestMethodTestDescriptor.java:206)
	at org.junit.jupiter.engine.descriptor.TestMethodTestDescriptor.execute(TestMethodTestDescriptor.java:131)
	at org.junit.jupiter.engine.descriptor.TestMethodTestDescriptor.execute(TestMethodTestDescriptor.java:65)
	at org.junit.platform.engine.support.hierarchical.NodeTestTask.lambda$executeRecursively$5(NodeTestTask.java:139)
	at org.junit.platform.engine.support.hierarchical.ThrowableCollector.execute(ThrowableCollector.java:73)
	at org.junit.platform.engine.support.hierarchical.NodeTestTask.lambda$executeRecursively$7(NodeTestTask.java:129)
	at org.junit.platform.engine.support.hierarchical.Node.around(Node.java:137)
	at org.junit.platform.engine.support.hierarchical.NodeTestTask.lambda$executeRecursively$8(NodeTestTask.java:127)
	at org.junit.platform.engine.support.hierarchical.ThrowableCollector.execute(ThrowableCollector.java:73)
	at org.junit.platform.engine.support.hierarchical.NodeTestTask.executeRecursively(NodeTestTask.java:126)
	at org.junit.platform.engine.support.hierarchical.NodeTestTask.execute(NodeTestTask.java:84)
	at java.util.ArrayList.forEach(ArrayList.java:1259)
	at org.junit.platform.engine.support.hierarchical.SameThreadHierarchicalTestExecutorService.invokeAll(SameThreadHierarchicalTestExecutorService.java:38)
	at org.junit.platform.engine.support.hierarchical.NodeTestTask.lambda$executeRecursively$5(NodeTestTask.java:143)
	at org.junit.platform.engine.support.hierarchical.ThrowableCollector.execute(ThrowableCollector.java:73)
	at org.junit.platform.engine.support.hierarchical.NodeTestTask.lambda$executeRecursively$7(NodeTestTask.java:129)
	at org.junit.platform.engine.support.hierarchical.Node.around(Node.java:137)
	at org.junit.platform.engine.support.hierarchical.NodeTestTask.lambda$executeRecursively$8(NodeTestTask.java:127)
	at org.junit.platform.engine.support.hierarchical.ThrowableCollector.execute(ThrowableCollector.java:73)
	at org.junit.platform.engine.support.hierarchical.NodeTestTask.executeRecursively(NodeTestTask.java:126)
	at org.junit.platform.engine.support.hierarchical.NodeTestTask.execute(NodeTestTask.java:84)
	at java.util.ArrayList.forEach(ArrayList.java:1259)
	at org.junit.platform.engine.support.hierarchical.SameThreadHierarchicalTestExecutorService.invokeAll(SameThreadHierarchicalTestExecutorService.java:38)
	at org.junit.platform.engine.support.hierarchical.NodeTestTask.lambda$executeRecursively$5(NodeTestTask.java:143)
	at org.junit.platform.engine.support.hierarchical.ThrowableCollector.execute(ThrowableCollector.java:73)
	at org.junit.platform.engine.support.hierarchical.NodeTestTask.lambda$executeRecursively$7(NodeTestTask.java:129)
	at org.junit.platform.engine.support.hierarchical.Node.around(Node.java:137)
	at org.junit.platform.engine.support.hierarchical.NodeTestTask.lambda$executeRecursively$8(NodeTestTask.java:127)
	at org.junit.platform.engine.support.hierarchical.ThrowableCollector.execute(ThrowableCollector.java:73)
	at org.junit.platform.engine.support.hierarchical.NodeTestTask.executeRecursively(NodeTestTask.java:126)
	at org.junit.platform.engine.support.hierarchical.NodeTestTask.execute(NodeTestTask.java:84)
	at org.junit.platform.engine.support.hierarchical.SameThreadHierarchicalTestExecutorService.submit(SameThreadHierarchicalTestExecutorService.java:32)
	at org.junit.platform.engine.support.hierarchical.HierarchicalTestExecutor.execute(HierarchicalTestExecutor.java:57)
	at org.junit.platform.engine.support.hierarchical.HierarchicalTestEngine.execute(HierarchicalTestEngine.java:51)
	at org.junit.platform.launcher.core.EngineExecutionOrchestrator.execute(EngineExecutionOrchestrator.java:108)
	at org.junit.platform.launcher.core.EngineExecutionOrchestrator.execute(EngineExecutionOrchestrator.java:88)
	at org.junit.platform.launcher.core.EngineExecutionOrchestrator.lambda$execute$0(EngineExecutionOrchestrator.java:54)
	at org.junit.platform.launcher.core.EngineExecutionOrchestrator.withInterceptedStreams(EngineExecutionOrchestrator.java:67)
	at org.junit.platform.launcher.core.EngineExecutionOrchestrator.execute(EngineExecutionOrchestrator.java:52)
	at org.junit.platform.launcher.core.DefaultLauncher.execute(DefaultLauncher.java:96)
	at org.junit.platform.launcher.core.DefaultLauncher.execute(DefaultLauncher.java:75)
	at org.apache.maven.surefire.junitplatform.JUnitPlatformProvider.invokeAllTests(JUnitPlatformProvider.java:142)
	at org.apache.maven.surefire.junitplatform.JUnitPlatformProvider.invoke(JUnitPlatformProvider.java:113)
	at org.apache.maven.surefire.booter.ForkedBooter.invokeProviderInSameClassLoader(ForkedBooter.java:384)
	at org.apache.maven.surefire.booter.ForkedBooter.runSuitesInProcess(ForkedBooter.java:345)
	at org.apache.maven.surefire.booter.ForkedBooter.execute(ForkedBooter.java:126)
	at org.apache.maven.surefire.booter.ForkedBooter.main(ForkedBooter.java:418)
</failure>
    <system-out><![CDATA[2021-08-24 17:28:49,353 [Listener at 127.0.0.1/11708] WARN  server.ServerUtils (ServerUtils.java:getScmDbDir(148)) - ozone.scm.db.dirs is not configured. We recommend adding this setting. Falling back to ozone.metadata.dirs instead.
2021-08-24 17:28:49,377 [Listener at 127.0.0.1/11708] INFO  ha.SCMHANodeDetails (SCMHANodeDetails.java:loadSCMHAConfig(157)) - ServiceID for StorageContainerManager is null
2021-08-24 17:28:49,377 [Listener at 127.0.0.1/11708] INFO  ha.SCMHANodeDetails (SCMHANodeDetails.java:loadSCMHAConfig(162)) - ozone.scm.default.service.id is not defined, falling back to ozone.scm.service.ids to find serviceID for StorageContainerManager if it is HA enabled cluster
2021-08-24 17:28:49,377 [Listener at 127.0.0.1/11708] WARN  server.ServerUtils (ServerUtils.java:getScmDbDir(148)) - ozone.scm.db.dirs is not configured. We recommend adding this setting. Falling back to ozone.metadata.dirs instead.
2021-08-24 17:28:49,378 [Listener at 127.0.0.1/11708] INFO  upgrade.AbstractLayoutVersionManager (AbstractLayoutVersionManager.java:init(70)) - Initializing Layout version manager with metadata layout = SCM_HA (version = 2), software layout = SCM_HA (version = 2)
2021-08-24 17:28:49,432 [Listener at 127.0.0.1/11708] INFO  reflections.Reflections (Reflections.java:scan(232)) - Reflections took 53 ms to scan 7 urls, producing 120 keys and 275 values 
2021-08-24 17:28:49,436 [Listener at 127.0.0.1/11708] WARN  utils.HAUtils (HAUtils.java:getMetaDir(342)) - ozone.scm.db.dirs is not configured. We recommend adding this setting. Falling back to ozone.metadata.dirs instead.
2021-08-24 17:28:49,438 [Listener at 127.0.0.1/11708] WARN  db.DBStoreBuilder (DBStoreBuilder.java:applyDBDefinition(145)) - ozone.scm.db.dirs is not configured. We recommend adding this setting. Falling back to ozone.metadata.dirs instead.
2021-08-24 17:28:49,614 [Listener at 127.0.0.1/11708] INFO  net.NodeSchemaLoader (NodeSchemaLoader.java:loadSchemaFromFile(129)) - Loading schema from [jar:file:/home/runner/.m2/repository/org/apache/ozone/hdds-common/1.2.0-SNAPSHOT/hdds-common-1.2.0-SNAPSHOT.jar!/network-topology-default.xml]
2021-08-24 17:28:49,614 [Listener at 127.0.0.1/11708] INFO  net.NodeSchemaLoader (NodeSchemaLoader.java:loadSchema(176)) - Loading network topology layer schema file
2021-08-24 17:28:49,626 [Listener at 127.0.0.1/11708] INFO  ha.SequenceIdGenerator (SequenceIdGenerator.java:upgradeToSequenceId(327)) - upgrade localId to 107544261427200000
2021-08-24 17:28:49,627 [Listener at 127.0.0.1/11708] INFO  ha.SequenceIdGenerator (SequenceIdGenerator.java:upgradeToSequenceId(337)) - upgrade delTxnId to 0
2021-08-24 17:28:49,627 [Listener at 127.0.0.1/11708] INFO  ha.SequenceIdGenerator (SequenceIdGenerator.java:upgradeToSequenceId(351)) - upgrade containerId to 0
2021-08-24 17:28:49,628 [Listener at 127.0.0.1/11708] INFO  ha.SequenceIdGenerator (SequenceIdGenerator.java:<init>(217)) - Init the HA SequenceIdGenerator.
2021-08-24 17:28:49,628 [Listener at 127.0.0.1/11708] WARN  server.ServerUtils (ServerUtils.java:sanitizeUserArgs(73)) - ozone.scm.stale.node.interval value = 300000 is larger than max = 100000 based on the key value of ozone.scm.heartbeat.thread.interval, reset to the max value 100000.
2021-08-24 17:28:49,628 [Listener at 127.0.0.1/11708] WARN  server.ServerUtils (ServerUtils.java:sanitizeUserArgs(73)) - ozone.scm.stale.node.interval value = 300000 is larger than max = 100000 based on the key value of ozone.scm.heartbeat.thread.interval, reset to the max value 100000.
2021-08-24 17:28:49,634 [Listener at 127.0.0.1/11708] INFO  node.SCMNodeManager (SCMNodeManager.java:<init>(145)) - Entering startup safe mode.
2021-08-24 17:28:49,634 [Listener at 127.0.0.1/11708] INFO  algorithms.ContainerPlacementPolicyFactory (ContainerPlacementPolicyFactory.java:getPolicy(60)) - Create container placement policy of type org.apache.hadoop.hdds.scm.container.placement.algorithms.SCMContainerPlacementRandom
2021-08-24 17:28:49,634 [Listener at 127.0.0.1/11708] INFO  pipeline.PipelineStateManager (PipelineStateManagerV2Impl.java:initialize(78)) - No pipeline exists in current db
2021-08-24 17:28:49,635 [Listener at 127.0.0.1/11708] INFO  algorithms.LeaderChoosePolicyFactory (LeaderChoosePolicyFactory.java:getPolicy(57)) - Create leader choose policy of type org.apache.hadoop.hdds.scm.pipeline.leader.choose.algorithms.MinLeaderCountChoosePolicy
2021-08-24 17:28:49,635 [Listener at 127.0.0.1/11708] INFO  ha.SCMServiceManager (SCMServiceManager.java:register(43)) - Registering service BackgroundPipelineCreator.
2021-08-24 17:28:49,635 [Listener at 127.0.0.1/11708] INFO  pipeline.BackgroundPipelineCreator (BackgroundPipelineCreatorV2.java:start(130)) - Starting RatisPipelineUtilsThread.
2021-08-24 17:28:49,650 [Listener at 127.0.0.1/11708] INFO  algorithms.PipelineChoosePolicyFactory (PipelineChoosePolicyFactory.java:createPipelineChoosePolicyFromClass(73)) - Create pipeline choose policy of type org.apache.hadoop.hdds.scm.pipeline.choose.algorithms.RandomPipelineChoosePolicy
2021-08-24 17:28:49,650 [Listener at 127.0.0.1/11708] INFO  ha.SCMServiceManager (SCMServiceManager.java:register(43)) - Registering service SCMBlockDeletingService.
2021-08-24 17:28:49,651 [Listener at 127.0.0.1/11708] INFO  ha.SCMServiceManager (SCMServiceManager.java:register(43)) - Registering service ReplicationManager.
2021-08-24 17:28:49,651 [Listener at 127.0.0.1/11708] INFO  container.ReplicationManager (ReplicationManager.java:start(307)) - Starting Replication Monitor Thread.
2021-08-24 17:28:49,662 [Listener at 127.0.0.1/11708] INFO  safemode.ContainerSafeModeRule (ContainerSafeModeRule.java:<init>(89)) - containers with one replica threshold count 0
2021-08-24 17:28:49,670 [ReplicationMonitor] INFO  container.ReplicationManager (ReplicationManager.java:processAll(359)) - Replication Monitor Thread took 0 milliseconds for processing 0 containers.
2021-08-24 17:28:49,670 [Listener at 127.0.0.1/11708] INFO  safemode.HealthyPipelineSafeModeRule (HealthyPipelineSafeModeRule.java:initializeRule(156)) - Total pipeline count is 0, healthy pipeline threshold count is 1
2021-08-24 17:28:49,670 [Listener at 127.0.0.1/11708] INFO  safemode.OneReplicaPipelineSafeModeRule (OneReplicaPipelineSafeModeRule.java:initializeRule(180)) - Total pipeline count is 0, pipeline's with at least one datanode reported threshold count is 0
2021-08-24 17:28:49,682 [Listener at 127.0.0.1/11708] INFO  ipc.CallQueueManager (CallQueueManager.java:<init>(90)) - Using callQueue: class java.util.concurrent.LinkedBlockingQueue, queueCapacity: 2000, scheduler: class org.apache.hadoop.ipc.DefaultRpcScheduler, ipcBackoff: false.
2021-08-24 17:28:49,696 [Socket Reader #1 for port 0] INFO  ipc.Server (Server.java:run(1265)) - Starting Socket Reader #1 for port 0
2021-08-24 17:28:49,703 [Listener at 0.0.0.0/39803] INFO  ipc.CallQueueManager (CallQueueManager.java:<init>(90)) - Using callQueue: class java.util.concurrent.LinkedBlockingQueue, queueCapacity: 2000, scheduler: class org.apache.hadoop.ipc.DefaultRpcScheduler, ipcBackoff: false.
2021-08-24 17:28:49,710 [Socket Reader #1 for port 0] INFO  ipc.Server (Server.java:run(1265)) - Starting Socket Reader #1 for port 0
2021-08-24 17:28:49,718 [Listener at 0.0.0.0/32867] INFO  ipc.CallQueueManager (CallQueueManager.java:<init>(90)) - Using callQueue: class java.util.concurrent.LinkedBlockingQueue, queueCapacity: 2000, scheduler: class org.apache.hadoop.ipc.DefaultRpcScheduler, ipcBackoff: false.
2021-08-24 17:28:49,725 [Socket Reader #1 for port 0] INFO  ipc.Server (Server.java:run(1265)) - Starting Socket Reader #1 for port 0
2021-08-24 17:28:49,777 [Listener at 0.0.0.0/43649] INFO  algorithms.ContainerPlacementPolicyFactory (ContainerPlacementPolicyFactory.java:getPolicy(60)) - Create container placement policy of type org.apache.hadoop.hdds.scm.container.placement.algorithms.SCMContainerPlacementRandom
2021-08-24 17:28:49,778 [Listener at 0.0.0.0/43649] INFO  server.StorageContainerManager (StorageContainerManager.java:<init>(387)) - 
Container Balancer status:
Key                            Value
Running                        false
Container Balancer Configuration values:
Key                                                Value
Threshold                                          0.1
Max Datanodes to Involve per Iteration(ratio)      0.5
Max Size to Move per Iteration                     10737418240B

2021-08-24 17:28:49,778 [Listener at 0.0.0.0/43649] WARN  events.EventQueue (EventQueue.java:fireEvent(194)) - No event handler registered for event TypedEvent{payloadType=SafeModeStatus, name='Safe mode status'}
2021-08-24 17:28:49,778 [Listener at 0.0.0.0/43649] INFO  ha.SCMContext (SCMContext.java:updateSafeModeStatus(205)) - Update SafeModeStatus from SafeModeStatus{safeModeStatus=true, preCheckPassed=false} to SafeModeStatus{safeModeStatus=true, preCheckPassed=false}.
2021-08-24 17:28:49,778 [Listener at 0.0.0.0/43649] INFO  server.StorageContainerManager (StorageContainerManager.java:start(1255)) - StorageContainerLocationProtocol RPC server is listening at /0.0.0.0:43649
2021-08-24 17:28:49,779 [Listener at 0.0.0.0/43649] WARN  impl.MetricsConfig (MetricsConfig.java:loadFirst(136)) - Cannot locate configuration: tried hadoop-metrics2-storagecontainermanager.properties,hadoop-metrics2.properties
2021-08-24 17:28:49,792 [Listener at 0.0.0.0/43649] INFO  impl.MetricsSystemImpl (MetricsSystemImpl.java:startTimer(378)) - Scheduled Metric snapshot period at 10 second(s).
2021-08-24 17:28:49,792 [Listener at 0.0.0.0/43649] INFO  impl.MetricsSystemImpl (MetricsSystemImpl.java:start(191)) - StorageContainerManager metrics system started
2021-08-24 17:28:49,829 [Listener at 0.0.0.0/43649] INFO  impl.MetricsSinkAdapter (MetricsSinkAdapter.java:start(204)) - Sink prometheus started
2021-08-24 17:28:49,829 [Listener at 0.0.0.0/43649] INFO  impl.MetricsSystemImpl (MetricsSystemImpl.java:registerSink(305)) - Registered sink prometheus
2021-08-24 17:28:49,878 [Listener at 0.0.0.0/43649] INFO  server.SCMClientProtocolServer (SCMClientProtocolServer.java:start(164)) - RPC server for Client  is listening at /0.0.0.0:43649
2021-08-24 17:28:49,890 [IPC Server Responder] INFO  ipc.Server (Server.java:run(1507)) - IPC Server Responder: starting
2021-08-24 17:28:49,898 [IPC Server listener on 0] INFO  ipc.Server (Server.java:run(1344)) - IPC Server listener on 0: starting
2021-08-24 17:28:50,074 [Listener at 0.0.0.0/43649] INFO  server.StorageContainerManager (StorageContainerManager.java:start(1272)) - ScmBlockLocationProtocol RPC server is listening at /0.0.0.0:32867
2021-08-24 17:28:50,074 [Listener at 0.0.0.0/43649] INFO  server.SCMBlockProtocolServer (SCMBlockProtocolServer.java:start(151)) - RPC server for Block Protocol is listening at /0.0.0.0:32867
2021-08-24 17:28:50,078 [IPC Server Responder] INFO  ipc.Server (Server.java:run(1507)) - IPC Server Responder: starting
2021-08-24 17:28:50,092 [IPC Server listener on 0] INFO  ipc.Server (Server.java:run(1344)) - IPC Server listener on 0: starting
2021-08-24 17:28:50,143 [EndpointStateMachine task thread for /0.0.0.0:35951 - 0 ] INFO  ipc.Client (Client.java:handleConnectionFailure(977)) - Retrying connect to server: 0.0.0.0/0.0.0.0:35951. Already tried 0 time(s); retry policy is RetryUpToMaximumCountWithFixedSleep(maxRetries=15, sleepTime=1000 MILLISECONDS)
2021-08-24 17:28:50,157 [Listener at 0.0.0.0/43649] INFO  server.StorageContainerManager (StorageContainerManager.java:start(1278)) - ScmDatanodeProtocl RPC server is listening at /0.0.0.0:39803
2021-08-24 17:28:50,157 [Listener at 0.0.0.0/43649] INFO  server.SCMDatanodeProtocolServer (SCMDatanodeProtocolServer.java:start(181)) - RPC server for DataNodes is listening at /0.0.0.0:39803
2021-08-24 17:28:50,158 [IPC Server Responder] INFO  ipc.Server (Server.java:run(1507)) - IPC Server Responder: starting
2021-08-24 17:28:50,159 [IPC Server listener on 0] INFO  ipc.Server (Server.java:run(1344)) - IPC Server listener on 0: starting
2021-08-24 17:28:50,250 [Listener at 0.0.0.0/43649] INFO  http.BaseHttpServer (BaseHttpServer.java:newHttpServer2BuilderForOzone(209)) - Starting Web-server for scm at: http://0.0.0.0:0
2021-08-24 17:28:50,250 [Listener at 0.0.0.0/43649] INFO  http.BaseHttpServer (BaseHttpServer.java:<init>(107)) - Hadoop Security Enabled: false Ozone Security Enabled: false Ozone HTTP Security Enabled: false 
2021-08-24 17:28:50,251 [Listener at 0.0.0.0/43649] INFO  server.AuthenticationFilter (AuthenticationFilter.java:constructSecretProvider(240)) - Unable to initialize FileSignerSecretProvider, falling back to use random secrets.
2021-08-24 17:28:50,252 [org.apache.hadoop.util.JvmPauseMonitor$Monitor@52010383] INFO  util.JvmPauseMonitor (JvmPauseMonitor.java:run(188)) - Starting JVM pause monitor
2021-08-24 17:28:50,257 [Listener at 0.0.0.0/43649] WARN  http.HttpRequestLog (HttpRequestLog.java:getRequestLog(103)) - Jetty request log can only be enabled using Log4j
2021-08-24 17:28:50,258 [Listener at 0.0.0.0/43649] INFO  http.HttpServer2 (HttpServer2.java:addGlobalFilter(1030)) - Added global filter 'safety' (class=org.apache.hadoop.hdds.server.http.HttpServer2$QuotingInputFilter)
2021-08-24 17:28:50,259 [Listener at 0.0.0.0/43649] INFO  http.HttpServer2 (HttpServer2.java:addFilter(1006)) - Added filter static_user_filter (class=org.apache.hadoop.http.lib.StaticUserWebFilter$StaticUserFilter) to context scm
2021-08-24 17:28:50,259 [Listener at 0.0.0.0/43649] INFO  http.HttpServer2 (HttpServer2.java:addFilter(1014)) - Added filter static_user_filter (class=org.apache.hadoop.http.lib.StaticUserWebFilter$StaticUserFilter) to context logs
2021-08-24 17:28:50,259 [Listener at 0.0.0.0/43649] INFO  http.HttpServer2 (HttpServer2.java:addFilter(1014)) - Added filter static_user_filter (class=org.apache.hadoop.http.lib.StaticUserWebFilter$StaticUserFilter) to context static
2021-08-24 17:28:50,260 [Listener at 0.0.0.0/43649] INFO  http.HttpServer2 (HttpServer2.java:bindListener(1249)) - Jetty bound to port 32795
2021-08-24 17:28:50,260 [Listener at 0.0.0.0/43649] INFO  server.Server (Server.java:doStart(375)) - jetty-9.4.43.v20210629; built: 2021-06-30T11:07:22.254Z; git: 526006ecfa3af7f1a27ef3a288e2bef7ea9dd7e8; jvm 1.8.0_292-b10
2021-08-24 17:28:50,261 [Listener at 0.0.0.0/43649] INFO  server.session (DefaultSessionIdManager.java:doStart(334)) - DefaultSessionIdManager workerName=node0
2021-08-24 17:28:50,262 [Listener at 0.0.0.0/43649] INFO  server.session (DefaultSessionIdManager.java:doStart(339)) - No SessionScavenger set, using defaults
2021-08-24 17:28:50,262 [Listener at 0.0.0.0/43649] INFO  server.session (HouseKeeper.java:startScavenging(132)) - node0 Scavenging every 660000ms
2021-08-24 17:28:50,262 [Listener at 0.0.0.0/43649] INFO  handler.ContextHandler (ContextHandler.java:doStart(915)) - Started o.e.j.s.ServletContextHandler@227a2e32{logs,/logs,file:///home/runner/work/ozone/ozone/hadoop-ozone/integration-test/target/log,AVAILABLE}
2021-08-24 17:28:50,263 [Listener at 0.0.0.0/43649] INFO  handler.ContextHandler (ContextHandler.java:doStart(915)) - Started o.e.j.s.ServletContextHandler@38e2e99e{static,/static,file:///home/runner/work/ozone/ozone/hadoop-ozone/integration-test/target/test-classes/webapps/static,AVAILABLE}
2021-08-24 17:28:50,278 [Listener at 0.0.0.0/43649] INFO  handler.ContextHandler (ContextHandler.java:doStart(915)) - Started o.e.j.w.WebAppContext@2c0e24c7{scm,/,file:///home/runner/work/ozone/ozone/hadoop-ozone/integration-test/target/test-classes/webapps/scm/,AVAILABLE}{file:/home/runner/work/ozone/ozone/hadoop-ozone/integration-test/target/test-classes/webapps/scm}
2021-08-24 17:28:50,282 [Listener at 0.0.0.0/43649] INFO  server.AbstractConnector (AbstractConnector.java:doStart(331)) - Started ServerConnector@12f4f654{HTTP/1.1, (http/1.1)}{0.0.0.0:32795}
2021-08-24 17:28:50,282 [Listener at 0.0.0.0/43649] INFO  server.Server (Server.java:doStart(415)) - Started @47801ms
2021-08-24 17:28:50,283 [Listener at 0.0.0.0/43649] WARN  impl.MetricsSystemImpl (MetricsSystemImpl.java:register(279)) - Sink prometheus already exists!
2021-08-24 17:28:50,283 [Listener at 0.0.0.0/43649] INFO  http.BaseHttpServer (BaseHttpServer.java:updateConnectorAddress(329)) - HTTP server of scm listening at http://0.0.0.0:32795
2021-08-24 17:28:50,284 [Listener at 0.0.0.0/43649] INFO  ha.OMHANodeDetails (OMHANodeDetails.java:loadOMHAConfig(118)) - ServiceID for OzoneManager is om-service-test1
2021-08-24 17:28:50,285 [Listener at 0.0.0.0/43649] INFO  ha.OMHANodeDetails (OMHANodeDetails.java:loadOMHAConfig(194)) - Found matching OM address with OMServiceId: om-service-test1, OMNodeId: omNode-1, RPC Address: localhost:13264 and Ratis port: 13268
2021-08-24 17:28:50,285 [Listener at 0.0.0.0/43649] INFO  ha.OMHANodeDetails (ConfUtils.java:setNodeSpecificConfigs(108)) - Setting configuration key ozone.om.http-address with value of key ozone.om.http-address.om-service-test1.omNode-1: 127.0.0.1:13266
2021-08-24 17:28:50,285 [Listener at 0.0.0.0/43649] INFO  ha.OMHANodeDetails (ConfUtils.java:setNodeSpecificConfigs(108)) - Setting configuration key ozone.om.https-address with value of key ozone.om.https-address.om-service-test1.omNode-1: 127.0.0.1:13267
2021-08-24 17:28:50,285 [Listener at 0.0.0.0/43649] INFO  ha.OMHANodeDetails (ConfUtils.java:setNodeSpecificConfigs(108)) - Setting configuration key ozone.om.address with value of key ozone.om.address.om-service-test1.omNode-1: 127.0.0.1:13264
2021-08-24 17:28:50,286 [Listener at 0.0.0.0/43649] WARN  server.ServerUtils (ServerUtils.java:getDBPath(225)) - ozone.om.db.dirs is not configured. We recommend adding this setting. Falling back to ozone.metadata.dirs instead.
OM initialization succeeded.Current cluster id for sd=/home/runner/work/ozone/ozone/hadoop-ozone/integration-test/target/test-dir/MiniOzoneClusterImpl-013421b4-bdfc-48e1-b28d-0fb3f9f00c6e/omNode-1/om;cid=013421b4-bdfc-48e1-b28d-0fb3f9f00c6e;layoutVersion=0
2021-08-24 17:28:50,301 [Listener at 0.0.0.0/43649] INFO  ha.OMHANodeDetails (OMHANodeDetails.java:loadOMHAConfig(118)) - ServiceID for OzoneManager is om-service-test1
2021-08-24 17:28:50,302 [Listener at 0.0.0.0/43649] INFO  ha.OMHANodeDetails (OMHANodeDetails.java:loadOMHAConfig(194)) - Found matching OM address with OMServiceId: om-service-test1, OMNodeId: omNode-1, RPC Address: localhost:13264 and Ratis port: 13268
2021-08-24 17:28:50,302 [Listener at 0.0.0.0/43649] INFO  ha.OMHANodeDetails (ConfUtils.java:setNodeSpecificConfigs(108)) - Setting configuration key ozone.om.http-address with value of key ozone.om.http-address.om-service-test1.omNode-1: 127.0.0.1:13266
2021-08-24 17:28:50,302 [Listener at 0.0.0.0/43649] INFO  ha.OMHANodeDetails (ConfUtils.java:setNodeSpecificConfigs(108)) - Setting configuration key ozone.om.https-address with value of key ozone.om.https-address.om-service-test1.omNode-1: 127.0.0.1:13267
2021-08-24 17:28:50,302 [Listener at 0.0.0.0/43649] INFO  ha.OMHANodeDetails (ConfUtils.java:setNodeSpecificConfigs(108)) - Setting configuration key ozone.om.address with value of key ozone.om.address.om-service-test1.omNode-1: 127.0.0.1:13264
2021-08-24 17:28:50,302 [Listener at 0.0.0.0/43649] WARN  server.ServerUtils (ServerUtils.java:getDBPath(225)) - ozone.om.db.dirs is not configured. We recommend adding this setting. Falling back to ozone.metadata.dirs instead.
2021-08-24 17:28:50,302 [Listener at 0.0.0.0/43649] INFO  upgrade.AbstractLayoutVersionManager (AbstractLayoutVersionManager.java:init(70)) - Initializing Layout version manager with metadata layout = INITIAL_VERSION (version = 0), software layout = INITIAL_VERSION (version = 0)
2021-08-24 17:28:50,401 [Listener at 0.0.0.0/43649] INFO  reflections.Reflections (Reflections.java:scan(232)) - Reflections took 98 ms to scan 2 urls, producing 131 keys and 342 values [using 2 cores]
2021-08-24 17:28:50,402 [Listener at 0.0.0.0/43649] INFO  upgrade.OMLayoutVersionManager (OMLayoutVersionManager.java:lambda$0(116)) - Skipping Upgrade Action MockOmUpgradeAction since it has been finalized.
2021-08-24 17:28:50,402 [Listener at 0.0.0.0/43649] WARN  server.ServerUtils (ServerUtils.java:getDBPath(225)) - ozone.om.db.dirs is not configured. We recommend adding this setting. Falling back to ozone.metadata.dirs instead.
2021-08-24 17:28:50,412 [Listener at 0.0.0.0/43649] WARN  server.ServerUtils (ServerUtils.java:getDBPath(225)) - ozone.om.db.dirs is not configured. We recommend adding this setting. Falling back to ozone.metadata.dirs instead.
2021-08-24 17:28:50,413 [Listener at 0.0.0.0/43649] INFO  codec.OmKeyInfoCodec (OmKeyInfoCodec.java:<init>(51)) - OmKeyInfoCodec ignorePipeline = true
2021-08-24 17:28:50,413 [Listener at 0.0.0.0/43649] INFO  codec.RepeatedOmKeyInfoCodec (RepeatedOmKeyInfoCodec.java:<init>(42)) - RepeatedOmKeyInfoCodec ignorePipeline = true
2021-08-24 17:28:50,652 [Listener at 0.0.0.0/43649] INFO  om.OzoneManager (OzoneManager.java:addS3GVolumeToDB(4115)) - Created Volume s3v With Owner runner required for S3Gateway operations.
2021-08-24 17:28:50,657 [Listener at 0.0.0.0/43649] WARN  server.ServerUtils (ServerUtils.java:getDefaultRatisDirectory(237)) - Storage directory for Ratis is not configured. It is a good idea to map this to an SSD disk. Falling back to ozone.metadata.dirs
2021-08-24 17:28:50,657 [Listener at 0.0.0.0/43649] WARN  utils.OzoneManagerRatisUtils (OzoneManagerRatisUtils.java:getOMRatisSnapshotDirectory(391)) - ozone.om.ratis.snapshot.dir is not configured. Falling back to ozone.metadata.dirs config
2021-08-24 17:28:50,658 [Listener at 0.0.0.0/43649] INFO  snapshot.OzoneManagerSnapshotProvider (OzoneManagerSnapshotProvider.java:<init>(76)) - Initializing OM Snapshot Provider
2021-08-24 17:28:50,662 [Listener at 0.0.0.0/43649] WARN  server.ServerUtils (ServerUtils.java:getDefaultRatisDirectory(237)) - Storage directory for Ratis is not configured. It is a good idea to map this to an SSD disk. Falling back to ozone.metadata.dirs
2021-08-24 17:28:50,663 [Listener at 0.0.0.0/43649] INFO  ratis.OzoneManagerRatisServer (OzoneManagerRatisServer.java:<init>(158)) - Instantiating OM Ratis server with groupID: om-service-test1 and peers: localhost:13268, localhost:13280, localhost:13274
2021-08-24 17:28:50,663 [Listener at 0.0.0.0/43649] INFO  ratis.OzoneManagerStateMachine (OzoneManagerStateMachine.java:loadSnapshotInfoFromDB(605)) - LastAppliedIndex is set from TransactionInfo from OM DB as (t:0, i:~)
2021-08-24 17:28:50,667 [Listener at 0.0.0.0/43649] INFO  server.RaftServer (ConfUtils.java:logGet(44)) - raft.rpc.type = GRPC (default)
2021-08-24 17:28:50,667 [Listener at 0.0.0.0/43649] INFO  grpc.GrpcFactory (GrpcFactory.java:checkPooledByteBufAllocatorUseCacheForAllThreads(48)) - PERFORMANCE WARNING: useCacheForAllThreads is true that may cause Netty to create a lot garbage objects and, as a result, trigger GC.
	It is recommended to disable useCacheForAllThreads by setting -Dorg.apache.ratis.thirdparty.io.netty.allocator.useCacheForAllThreads=false in command line.
2021-08-24 17:28:50,667 [Listener at 0.0.0.0/43649] INFO  grpc.GrpcConfigKeys (ConfUtils.java:logGet(44)) - raft.grpc.admin.port = -1 (default)
2021-08-24 17:28:50,667 [Listener at 0.0.0.0/43649] INFO  grpc.GrpcConfigKeys (ConfUtils.java:logGet(44)) - raft.grpc.server.port = 13268 (custom)
2021-08-24 17:28:50,667 [Listener at 0.0.0.0/43649] INFO  grpc.GrpcConfigKeys (ConfUtils.java:logGet(44)) - raft.grpc.client.port = -1 (default)
2021-08-24 17:28:50,668 [Listener at 0.0.0.0/43649] INFO  grpc.GrpcConfigKeys (ConfUtils.java:logGet(44)) - raft.grpc.server.port = 13268 (custom)
2021-08-24 17:28:50,668 [Listener at 0.0.0.0/43649] INFO  grpc.GrpcConfigKeys (ConfUtils.java:logGet(44)) - raft.grpc.server.port = 13268 (custom)
2021-08-24 17:28:50,668 [Listener at 0.0.0.0/43649] INFO  server.GrpcService (ConfUtils.java:logGet(44)) - raft.grpc.message.size.max = 33554432 (custom)
2021-08-24 17:28:50,668 [Listener at 0.0.0.0/43649] INFO  server.RaftServerConfigKeys (ConfUtils.java:logGet(44)) - raft.server.log.appender.buffer.byte-limit = 33554432 (custom)
2021-08-24 17:28:50,668 [Listener at 0.0.0.0/43649] INFO  server.GrpcService (ConfUtils.java:logGet(44)) - raft.grpc.flow.control.window = 1MB (=1048576) (default)
2021-08-24 17:28:50,668 [Listener at 0.0.0.0/43649] INFO  server.RaftServerConfigKeys (ConfUtils.java:logGet(44)) - raft.server.rpc.request.timeout = 3000ms (default)
2021-08-24 17:28:50,670 [Listener at 0.0.0.0/43649] INFO  impl.DataStreamServerImpl (ConfUtils.java:logGet(44)) - raft.datastream.type = DISABLED (default)
2021-08-24 17:28:50,670 [Listener at 0.0.0.0/43649] INFO  server.RaftServerConfigKeys (ConfUtils.java:logGet(44)) - raft.server.rpc.slowness.timeout = 2s (custom)
2021-08-24 17:28:50,670 [Listener at 0.0.0.0/43649] INFO  server.RaftServerConfigKeys (ConfUtils.java:logGet(44)) - raft.server.leaderelection.leader.step-down.wait-time = 10s (default)
2021-08-24 17:28:50,670 [Listener at 0.0.0.0/43649] INFO  server.RaftServerConfigKeys (ConfUtils.java:logGet(44)) - raft.server.storage.dir = [/home/runner/work/ozone/ozone/hadoop-ozone/integration-test/target/test-dir/MiniOzoneClusterImpl-013421b4-bdfc-48e1-b28d-0fb3f9f00c6e/omNode-1/ratis] (custom)
2021-08-24 17:28:50,679 [Listener at 0.0.0.0/43649] INFO  server.RaftServer (RaftServerProxy.java:addNew(95)) - omNode-1: addNew group-523986131536:[omNode-3|rpc:localhost:13280|priority:0, omNode-1|rpc:localhost:13268|priority:0, omNode-2|rpc:localhost:13274|priority:0] returns group-523986131536:java.util.concurrent.CompletableFuture@2dae6c7c[Not completed]
2021-08-24 17:28:50,679 [Listener at 0.0.0.0/43649] INFO  om.OzoneManager (OzoneManager.java:initializeRatisServer(1573)) - OzoneManager Ratis server initialized at port 13268
2021-08-24 17:28:50,680 [Listener at 0.0.0.0/43649] INFO  ipc.CallQueueManager (CallQueueManager.java:<init>(90)) - Using callQueue: class java.util.concurrent.LinkedBlockingQueue, queueCapacity: 2000, scheduler: class org.apache.hadoop.ipc.DefaultRpcScheduler, ipcBackoff: false.
2021-08-24 17:28:50,683 [pool-263-thread-1] INFO  server.RaftServer$Division (RaftServerImpl.java:<init>(181)) - omNode-1: new RaftServerImpl for group-523986131536:[omNode-3|rpc:localhost:13280|priority:0, omNode-1|rpc:localhost:13268|priority:0, omNode-2|rpc:localhost:13274|priority:0] with OzoneManagerStateMachine:uninitialized
2021-08-24 17:28:50,690 [pool-263-thread-1] INFO  server.RaftServerConfigKeys (ConfUtils.java:logGet(44)) - raft.server.rpc.timeout.min = 1s (custom)
2021-08-24 17:28:50,690 [pool-263-thread-1] INFO  server.RaftServerConfigKeys (ConfUtils.java:logGet(44)) - raft.server.rpc.timeout.max = 1200ms (custom)
2021-08-24 17:28:50,690 [pool-263-thread-1] INFO  server.RaftServerConfigKeys (ConfUtils.java:logGet(44)) - raft.server.rpc.sleep.time = 25ms (default)
2021-08-24 17:28:50,690 [pool-263-thread-1] INFO  server.RaftServerConfigKeys (ConfUtils.java:logGet(44)) - raft.server.rpc.slowness.timeout = 2s (custom)
2021-08-24 17:28:50,690 [pool-263-thread-1] INFO  server.RaftServerConfigKeys (ConfUtils.java:logGet(44)) - raft.server.leaderelection.leader.step-down.wait-time = 10s (default)
2021-08-24 17:28:50,690 [pool-263-thread-1] INFO  server.RaftServerConfigKeys (ConfUtils.java:logGet(44)) - raft.server.sleep.deviation.threshold = 300ms (default)
2021-08-24 17:28:50,690 [pool-263-thread-1] INFO  server.RaftServerConfigKeys (ConfUtils.java:logGet(44)) - raft.server.log.appender.install.snapshot.enabled = false (custom)
2021-08-24 17:28:50,690 [pool-263-thread-1] INFO  server.RaftServer$Division (ServerState.java:<init>(105)) - omNode-1@group-523986131536: ConfigurationManager, init=-1: [omNode-3|rpc:localhost:13280|priority:0, omNode-1|rpc:localhost:13268|priority:0, omNode-2|rpc:localhost:13274|priority:0], old=null, confs=<EMPTY_MAP>
2021-08-24 17:28:50,690 [pool-263-thread-1] INFO  server.RaftServerConfigKeys (ConfUtils.java:logGet(44)) - raft.server.storage.dir = [/home/runner/work/ozone/ozone/hadoop-ozone/integration-test/target/test-dir/MiniOzoneClusterImpl-013421b4-bdfc-48e1-b28d-0fb3f9f00c6e/omNode-1/ratis] (custom)
2021-08-24 17:28:50,691 [pool-263-thread-1] INFO  server.RaftServerConfigKeys (ConfUtils.java:logGet(44)) - raft.server.log.corruption.policy = EXCEPTION (default)
2021-08-24 17:28:50,691 [pool-263-thread-1] INFO  server.RaftServerConfigKeys (ConfUtils.java:logGet(44)) - raft.server.storage.free-space.min = 0MB (=0) (default)
2021-08-24 17:28:50,691 [pool-263-thread-1] INFO  storage.RaftStorageDirectory (RaftStorageDirectoryImpl.java:analyzeStorage(135)) - The storage directory /home/runner/work/ozone/ozone/hadoop-ozone/integration-test/target/test-dir/MiniOzoneClusterImpl-013421b4-bdfc-48e1-b28d-0fb3f9f00c6e/omNode-1/ratis/c9bc4cf4-3bc3-3c60-a66b-523986131536 does not exist. Creating ...
2021-08-24 17:28:50,692 [pool-263-thread-1] INFO  storage.RaftStorageDirectory (RaftStorageDirectoryImpl.java:tryLock(230)) - Lock on /home/runner/work/ozone/ozone/hadoop-ozone/integration-test/target/test-dir/MiniOzoneClusterImpl-013421b4-bdfc-48e1-b28d-0fb3f9f00c6e/omNode-1/ratis/c9bc4cf4-3bc3-3c60-a66b-523986131536/in_use.lock acquired by nodename 20860@fv-az297-489
2021-08-24 17:28:50,693 [pool-263-thread-1] INFO  storage.RaftStorage (RaftStorageImpl.java:format(89)) - Storage directory /home/runner/work/ozone/ozone/hadoop-ozone/integration-test/target/test-dir/MiniOzoneClusterImpl-013421b4-bdfc-48e1-b28d-0fb3f9f00c6e/omNode-1/ratis/c9bc4cf4-3bc3-3c60-a66b-523986131536 has been successfully formatted.
2021-08-24 17:28:50,694 [pool-263-thread-1] INFO  server.RaftServerConfigKeys (ConfUtils.java:logGet(44)) - raft.server.notification.no-leader.timeout = 2s (custom)
2021-08-24 17:28:50,694 [pool-263-thread-1] INFO  server.RaftServerConfigKeys (ConfUtils.java:logGet(44)) - raft.server.log.use.memory = false (default)
2021-08-24 17:28:50,694 [pool-263-thread-1] INFO  server.RaftServerConfigKeys (ConfUtils.java:logGet(44)) - raft.server.log.purge.gap = 50 (custom)
2021-08-24 17:28:50,694 [pool-263-thread-1] INFO  server.RaftServerConfigKeys (ConfUtils.java:logGet(44)) - raft.server.log.appender.buffer.byte-limit = 33554432 (custom)
2021-08-24 17:28:50,694 [pool-263-thread-1] INFO  server.RaftServerConfigKeys (ConfUtils.java:logGet(44)) - raft.server.log.segment.size.max = 4194304 (custom)
2021-08-24 17:28:50,694 [pool-263-thread-1] INFO  server.RaftServerConfigKeys (ConfUtils.java:logGet(44)) - raft.server.log.segment.cache.num.max = 2 (custom)
2021-08-24 17:28:50,695 [pool-263-thread-1] INFO  server.RaftServerConfigKeys (ConfUtils.java:logGet(44)) - raft.server.log.segment.cache.size.max = 200MB (=209715200) (default)
2021-08-24 17:28:50,695 [pool-263-thread-1] INFO  segmented.SegmentedRaftLogWorker (SegmentedRaftLogWorker.java:<init>(182)) - new omNode-1@group-523986131536-SegmentedRaftLogWorker for RaftStorageImpl:Storage Directory /home/runner/work/ozone/ozone/hadoop-ozone/integration-test/target/test-dir/MiniOzoneClusterImpl-013421b4-bdfc-48e1-b28d-0fb3f9f00c6e/omNode-1/ratis/c9bc4cf4-3bc3-3c60-a66b-523986131536
2021-08-24 17:28:50,695 [pool-263-thread-1] INFO  server.RaftServerConfigKeys (ConfUtils.java:logGet(44)) - raft.server.log.queue.byte-limit = 64MB (=67108864) (default)
2021-08-24 17:28:50,695 [pool-263-thread-1] INFO  server.RaftServerConfigKeys (ConfUtils.java:logGet(44)) - raft.server.log.queue.element-limit = 4096 (default)
2021-08-24 17:28:50,695 [pool-263-thread-1] INFO  server.RaftServerConfigKeys (ConfUtils.java:logGet(44)) - raft.server.log.segment.size.max = 4194304 (custom)
2021-08-24 17:28:50,695 [pool-263-thread-1] INFO  server.RaftServerConfigKeys (ConfUtils.java:logGet(44)) - raft.server.log.preallocated.size = 4194304 (custom)
2021-08-24 17:28:50,695 [pool-263-thread-1] INFO  server.RaftServerConfigKeys (ConfUtils.java:logGet(44)) - raft.server.log.force.sync.num = 128 (default)
2021-08-24 17:28:50,695 [pool-263-thread-1] INFO  server.RaftServerConfigKeys (ConfUtils.java:logGet(44)) - raft.server.log.statemachine.data.sync = true (default)
2021-08-24 17:28:50,695 [pool-263-thread-1] INFO  server.RaftServerConfigKeys (ConfUtils.java:logGet(44)) - raft.server.log.statemachine.data.sync.timeout = 10s (default)
2021-08-24 17:28:50,695 [pool-263-thread-1] INFO  server.RaftServerConfigKeys (ConfUtils.java:logGet(44)) - raft.server.log.statemachine.data.sync.timeout.retry = -1 (default)
2021-08-24 17:28:50,696 [pool-263-thread-1] INFO  server.RaftServerConfigKeys (ConfUtils.java:logGet(44)) - raft.server.log.write.buffer.size = 64KB (=65536) (default)
2021-08-24 17:28:50,696 [pool-263-thread-1] INFO  server.RaftServerConfigKeys (ConfUtils.java:logGet(44)) - raft.server.log.statemachine.data.caching.enabled = false (default)
2021-08-24 17:28:50,696 [pool-263-thread-1] INFO  segmented.SegmentedRaftLogWorker (SegmentedRaftLogWorker.java:lambda$new$0(133)) - omNode-1@group-523986131536-SegmentedRaftLogWorker: flushIndex: setUnconditionally 0 -> -1
2021-08-24 17:28:50,696 [pool-263-thread-1] INFO  segmented.SegmentedRaftLogWorker (SegmentedRaftLogWorker.java:lambda$new$0(133)) - omNode-1@group-523986131536-SegmentedRaftLogWorker: safeCacheEvictIndex: setUnconditionally 0 -> -1
2021-08-24 17:28:50,706 [pool-263-thread-1] INFO  server.RaftServerConfigKeys (ConfUtils.java:logGet(44)) - raft.server.snapshot.auto.trigger.enabled = true (custom)
2021-08-24 17:28:50,706 [pool-263-thread-1] INFO  server.RaftServerConfigKeys (ConfUtils.java:logGet(44)) - raft.server.snapshot.auto.trigger.threshold = 50 (custom)
2021-08-24 17:28:50,706 [pool-263-thread-1] INFO  server.RaftServerConfigKeys (ConfUtils.java:logGet(44)) - raft.server.snapshot.retention.file.num = -1 (default)
2021-08-24 17:28:50,706 [pool-263-thread-1] INFO  server.RaftServerConfigKeys (ConfUtils.java:logGet(44)) - raft.server.log.purge.upto.snapshot.index = true (custom)
2021-08-24 17:28:50,706 [pool-263-thread-1] INFO  server.RaftServerConfigKeys (ConfUtils.java:logGet(44)) - raft.server.retrycache.expirytime = 300s (custom)
2021-08-24 17:28:50,706 [pool-263-thread-1] INFO  server.RaftServerConfigKeys (ConfUtils.java:logGet(44)) - raft.server.retrycache.statistics.expirytime = 100μs (default)
2021-08-24 17:28:50,707 [Socket Reader #1 for port 13264] INFO  ipc.Server (Server.java:run(1265)) - Starting Socket Reader #1 for port 13264
2021-08-24 17:28:50,729 [Listener at 127.0.0.1/13264] INFO  om.OzoneManager (OzoneManager.java:initFSOLayout(4321)) - Configured ozone.om.metadata.layout=SIMPLE and disabled optimized OM FS operations
2021-08-24 17:28:50,731 [Listener at 127.0.0.1/13264] INFO  impl.MetricsSystemImpl (MetricsSystemImpl.java:init(158)) - OzoneManager metrics system started (again)
2021-08-24 17:28:50,757 [Listener at 127.0.0.1/13264] INFO  om.OzoneManager (OzoneManager.java:start(1270)) - OzoneManager RPC server is listening at localhost/127.0.0.1:13264
2021-08-24 17:28:50,771 [Listener at 127.0.0.1/13264] INFO  ratis.OzoneManagerRatisServer (OzoneManagerRatisServer.java:start(516)) - Starting OzoneManagerRatisServer omNode-1 at port 13268
2021-08-24 17:28:50,771 [Listener at 127.0.0.1/13264] INFO  server.RaftServer$Division (RaftServerImpl.java:start(296)) - omNode-1@group-523986131536: start as a follower, conf=-1: [omNode-3|rpc:localhost:13280|priority:0, omNode-1|rpc:localhost:13268|priority:0, omNode-2|rpc:localhost:13274|priority:0], old=null
2021-08-24 17:28:50,772 [Listener at 127.0.0.1/13264] INFO  server.RaftServer$Division (RaftServerImpl.java:setRole(285)) - omNode-1@group-523986131536: changes role from      null to FOLLOWER at term 0 for startAsFollower
2021-08-24 17:28:50,772 [Listener at 127.0.0.1/13264] INFO  impl.RoleInfo (RoleInfo.java:updateAndGet(130)) - omNode-1: start omNode-1@group-523986131536-FollowerState
2021-08-24 17:28:50,786 [Listener at 127.0.0.1/13264] INFO  util.JmxRegister (JmxRegister.java:tryRegister(44)) - Successfully registered JMX Bean with object name Ratis:service=RaftServer,group=group-523986131536,id=omNode-1
2021-08-24 17:28:50,793 [Listener at 127.0.0.1/13264] INFO  server.RaftServer (RaftServerProxy.java:lambda$start$5(374)) - omNode-1: start RPC server
2021-08-24 17:28:50,810 [Listener at 127.0.0.1/13264] INFO  server.GrpcService (GrpcService.java:startImpl(253)) - omNode-1: GrpcService started, listening on 13268
2021-08-24 17:28:50,821 [Listener at 127.0.0.1/13264] INFO  om.OzoneManager (OzoneManager.java:start(1288)) - Version File has different layout version (0) than OM DB (null). That is expected if this OM has never been finalized to a newer layout version.
2021-08-24 17:28:50,822 [org.apache.ratis.util.JvmPauseMonitor$$Lambda$596/1246764203@63540ec4] INFO  util.JvmPauseMonitor (JvmPauseMonitor.java:run(103)) - JvmPauseMonitor-omNode-1: Started
2021-08-24 17:28:50,832 [Listener at 127.0.0.1/13264] INFO  http.BaseHttpServer (BaseHttpServer.java:newHttpServer2BuilderForOzone(209)) - Starting Web-server for ozoneManager at: http://0.0.0.0:13266
2021-08-24 17:28:50,832 [Listener at 127.0.0.1/13264] INFO  http.BaseHttpServer (BaseHttpServer.java:<init>(107)) - Hadoop Security Enabled: false Ozone Security Enabled: false Ozone HTTP Security Enabled: false 
2021-08-24 17:28:50,833 [Listener at 127.0.0.1/13264] INFO  server.AuthenticationFilter (AuthenticationFilter.java:constructSecretProvider(240)) - Unable to initialize FileSignerSecretProvider, falling back to use random secrets.
2021-08-24 17:28:50,834 [Listener at 127.0.0.1/13264] WARN  http.HttpRequestLog (HttpRequestLog.java:getRequestLog(103)) - Jetty request log can only be enabled using Log4j
2021-08-24 17:28:50,835 [Listener at 127.0.0.1/13264] INFO  http.HttpServer2 (HttpServer2.java:addGlobalFilter(1030)) - Added global filter 'safety' (class=org.apache.hadoop.hdds.server.http.HttpServer2$QuotingInputFilter)
2021-08-24 17:28:50,836 [Listener at 127.0.0.1/13264] INFO  http.HttpServer2 (HttpServer2.java:addFilter(1006)) - Added filter static_user_filter (class=org.apache.hadoop.http.lib.StaticUserWebFilter$StaticUserFilter) to context ozoneManager
2021-08-24 17:28:50,836 [Listener at 127.0.0.1/13264] INFO  http.HttpServer2 (HttpServer2.java:addFilter(1014)) - Added filter static_user_filter (class=org.apache.hadoop.http.lib.StaticUserWebFilter$StaticUserFilter) to context logs
2021-08-24 17:28:50,836 [Listener at 127.0.0.1/13264] INFO  http.HttpServer2 (HttpServer2.java:addFilter(1014)) - Added filter static_user_filter (class=org.apache.hadoop.http.lib.StaticUserWebFilter$StaticUserFilter) to context static
2021-08-24 17:28:50,837 [Listener at 127.0.0.1/13264] INFO  http.HttpServer2 (HttpServer2.java:bindListener(1249)) - Jetty bound to port 13266
2021-08-24 17:28:50,837 [Listener at 127.0.0.1/13264] INFO  server.Server (Server.java:doStart(375)) - jetty-9.4.43.v20210629; built: 2021-06-30T11:07:22.254Z; git: 526006ecfa3af7f1a27ef3a288e2bef7ea9dd7e8; jvm 1.8.0_292-b10
2021-08-24 17:28:50,840 [Listener at 127.0.0.1/13264] INFO  server.session (DefaultSessionIdManager.java:doStart(334)) - DefaultSessionIdManager workerName=node0
2021-08-24 17:28:50,840 [Listener at 127.0.0.1/13264] INFO  server.session (DefaultSessionIdManager.java:doStart(339)) - No SessionScavenger set, using defaults
2021-08-24 17:28:50,840 [Listener at 127.0.0.1/13264] INFO  server.session (HouseKeeper.java:startScavenging(132)) - node0 Scavenging every 660000ms
2021-08-24 17:28:50,841 [Listener at 127.0.0.1/13264] INFO  handler.ContextHandler (ContextHandler.java:doStart(915)) - Started o.e.j.s.ServletContextHandler@5b2e4796{logs,/logs,file:///home/runner/work/ozone/ozone/hadoop-ozone/integration-test/target/log,AVAILABLE}
2021-08-24 17:28:50,841 [Listener at 127.0.0.1/13264] INFO  handler.ContextHandler (ContextHandler.java:doStart(915)) - Started o.e.j.s.ServletContextHandler@10a0bd3c{static,/static,file:///home/runner/work/ozone/ozone/hadoop-ozone/integration-test/target/test-classes/webapps/static,AVAILABLE}
2021-08-24 17:28:50,848 [Listener at 127.0.0.1/13264] INFO  handler.ContextHandler (ContextHandler.java:doStart(915)) - Started o.e.j.w.WebAppContext@5557cc74{ozoneManager,/,file:///home/runner/work/ozone/ozone/hadoop-ozone/integration-test/target/test-classes/webapps/ozoneManager/,AVAILABLE}{file:/home/runner/work/ozone/ozone/hadoop-ozone/integration-test/target/test-classes/webapps/ozoneManager}
2021-08-24 17:28:50,861 [Listener at 127.0.0.1/13264] INFO  server.AbstractConnector (AbstractConnector.java:doStart(331)) - Started ServerConnector@677f0c10{HTTP/1.1, (http/1.1)}{0.0.0.0:13266}
2021-08-24 17:28:50,861 [Listener at 127.0.0.1/13264] INFO  server.Server (Server.java:doStart(415)) - Started @48380ms
2021-08-24 17:28:50,862 [Listener at 127.0.0.1/13264] WARN  impl.MetricsSystemImpl (MetricsSystemImpl.java:register(279)) - Sink prometheus already exists!
2021-08-24 17:28:50,862 [Listener at 127.0.0.1/13264] INFO  http.BaseHttpServer (BaseHttpServer.java:updateConnectorAddress(329)) - HTTP server of ozoneManager listening at http://0.0.0.0:13266
2021-08-24 17:28:50,866 [IPC Server Responder] INFO  ipc.Server (Server.java:run(1507)) - IPC Server Responder: starting
2021-08-24 17:28:50,873 [IPC Server listener on 13264] INFO  ipc.Server (Server.java:run(1344)) - IPC Server listener on 13264: starting
2021-08-24 17:28:50,890 [Listener at 127.0.0.1/13264] INFO  om.OzoneManager (OzoneManager.java:startTrashEmptier(1531)) - Trash Interval set to 0. Files deleted will not move to trash
2021-08-24 17:28:50,890 [Listener at 127.0.0.1/13264] INFO  ozone.MiniOzoneHAClusterImpl (MiniOzoneHAClusterImpl.java:createOMService(485)) - Started OzoneManager omNode-1 RPC server at localhost/127.0.0.1:13264
2021-08-24 17:28:50,891 [Listener at 127.0.0.1/13264] INFO  ha.OMHANodeDetails (OMHANodeDetails.java:loadOMHAConfig(118)) - ServiceID for OzoneManager is om-service-test1
2021-08-24 17:28:50,891 [Listener at 127.0.0.1/13264] INFO  ha.OMHANodeDetails (OMHANodeDetails.java:loadOMHAConfig(194)) - Found matching OM address with OMServiceId: om-service-test1, OMNodeId: omNode-2, RPC Address: localhost:13270 and Ratis port: 13274
2021-08-24 17:28:50,892 [Listener at 127.0.0.1/13264] INFO  ha.OMHANodeDetails (ConfUtils.java:setNodeSpecificConfigs(108)) - Setting configuration key ozone.om.http-address with value of key ozone.om.http-address.om-service-test1.omNode-2: 127.0.0.1:13272
2021-08-24 17:28:50,892 [Listener at 127.0.0.1/13264] INFO  ha.OMHANodeDetails (ConfUtils.java:setNodeSpecificConfigs(108)) - Setting configuration key ozone.om.https-address with value of key ozone.om.https-address.om-service-test1.omNode-2: 127.0.0.1:13273
2021-08-24 17:28:50,892 [Listener at 127.0.0.1/13264] INFO  ha.OMHANodeDetails (ConfUtils.java:setNodeSpecificConfigs(108)) - Setting configuration key ozone.om.address with value of key ozone.om.address.om-service-test1.omNode-2: 127.0.0.1:13270
2021-08-24 17:28:50,892 [Listener at 127.0.0.1/13264] WARN  server.ServerUtils (ServerUtils.java:getDBPath(225)) - ozone.om.db.dirs is not configured. We recommend adding this setting. Falling back to ozone.metadata.dirs instead.
2021-08-24 17:28:50,898 [org.apache.hadoop.util.JvmPauseMonitor$Monitor@37ad86cb] INFO  util.JvmPauseMonitor (JvmPauseMonitor.java:run(188)) - Starting JVM pause monitor
OM initialization succeeded.Current cluster id for sd=/home/runner/work/ozone/ozone/hadoop-ozone/integration-test/target/test-dir/MiniOzoneClusterImpl-013421b4-bdfc-48e1-b28d-0fb3f9f00c6e/omNode-2/om;cid=013421b4-bdfc-48e1-b28d-0fb3f9f00c6e;layoutVersion=0
2021-08-24 17:28:50,923 [Listener at 127.0.0.1/13264] INFO  ha.OMHANodeDetails (OMHANodeDetails.java:loadOMHAConfig(118)) - ServiceID for OzoneManager is om-service-test1
2021-08-24 17:28:50,923 [Listener at 127.0.0.1/13264] INFO  ha.OMHANodeDetails (OMHANodeDetails.java:loadOMHAConfig(194)) - Found matching OM address with OMServiceId: om-service-test1, OMNodeId: omNode-2, RPC Address: localhost:13270 and Ratis port: 13274
2021-08-24 17:28:50,924 [Listener at 127.0.0.1/13264] INFO  ha.OMHANodeDetails (ConfUtils.java:setNodeSpecificConfigs(108)) - Setting configuration key ozone.om.http-address with value of key ozone.om.http-address.om-service-test1.omNode-2: 127.0.0.1:13272
2021-08-24 17:28:50,924 [Listener at 127.0.0.1/13264] INFO  ha.OMHANodeDetails (ConfUtils.java:setNodeSpecificConfigs(108)) - Setting configuration key ozone.om.https-address with value of key ozone.om.https-address.om-service-test1.omNode-2: 127.0.0.1:13273
2021-08-24 17:28:50,924 [Listener at 127.0.0.1/13264] INFO  ha.OMHANodeDetails (ConfUtils.java:setNodeSpecificConfigs(108)) - Setting configuration key ozone.om.address with value of key ozone.om.address.om-service-test1.omNode-2: 127.0.0.1:13270
2021-08-24 17:28:50,924 [Listener at 127.0.0.1/13264] WARN  server.ServerUtils (ServerUtils.java:getDBPath(225)) - ozone.om.db.dirs is not configured. We recommend adding this setting. Falling back to ozone.metadata.dirs instead.
2021-08-24 17:28:50,925 [Listener at 127.0.0.1/13264] INFO  upgrade.AbstractLayoutVersionManager (AbstractLayoutVersionManager.java:init(70)) - Initializing Layout version manager with metadata layout = INITIAL_VERSION (version = 0), software layout = INITIAL_VERSION (version = 0)
2021-08-24 17:28:51,031 [Listener at 127.0.0.1/13264] INFO  reflections.Reflections (Reflections.java:scan(232)) - Reflections took 106 ms to scan 2 urls, producing 131 keys and 342 values [using 2 cores]
2021-08-24 17:28:51,032 [Listener at 127.0.0.1/13264] INFO  upgrade.OMLayoutVersionManager (OMLayoutVersionManager.java:lambda$0(116)) - Skipping Upgrade Action MockOmUpgradeAction since it has been finalized.
2021-08-24 17:28:51,032 [Listener at 127.0.0.1/13264] WARN  server.ServerUtils (ServerUtils.java:getDBPath(225)) - ozone.om.db.dirs is not configured. We recommend adding this setting. Falling back to ozone.metadata.dirs instead.
2021-08-24 17:28:51,059 [Listener at 127.0.0.1/13264] WARN  server.ServerUtils (ServerUtils.java:getDBPath(225)) - ozone.om.db.dirs is not configured. We recommend adding this setting. Falling back to ozone.metadata.dirs instead.
2021-08-24 17:28:51,060 [Listener at 127.0.0.1/13264] INFO  codec.OmKeyInfoCodec (OmKeyInfoCodec.java:<init>(51)) - OmKeyInfoCodec ignorePipeline = true
2021-08-24 17:28:51,060 [Listener at 127.0.0.1/13264] INFO  codec.RepeatedOmKeyInfoCodec (RepeatedOmKeyInfoCodec.java:<init>(42)) - RepeatedOmKeyInfoCodec ignorePipeline = true
2021-08-24 17:28:51,144 [EndpointStateMachine task thread for /0.0.0.0:35951 - 0 ] INFO  ipc.Client (Client.java:handleConnectionFailure(977)) - Retrying connect to server: 0.0.0.0/0.0.0.0:35951. Already tried 1 time(s); retry policy is RetryUpToMaximumCountWithFixedSleep(maxRetries=15, sleepTime=1000 MILLISECONDS)
2021-08-24 17:28:51,306 [Listener at 127.0.0.1/13264] INFO  om.OzoneManager (OzoneManager.java:addS3GVolumeToDB(4115)) - Created Volume s3v With Owner runner required for S3Gateway operations.
2021-08-24 17:28:51,307 [Listener at 127.0.0.1/13264] WARN  server.ServerUtils (ServerUtils.java:getDefaultRatisDirectory(237)) - Storage directory for Ratis is not configured. It is a good idea to map this to an SSD disk. Falling back to ozone.metadata.dirs
2021-08-24 17:28:51,307 [Listener at 127.0.0.1/13264] WARN  utils.OzoneManagerRatisUtils (OzoneManagerRatisUtils.java:getOMRatisSnapshotDirectory(391)) - ozone.om.ratis.snapshot.dir is not configured. Falling back to ozone.metadata.dirs config
2021-08-24 17:28:51,307 [Listener at 127.0.0.1/13264] INFO  snapshot.OzoneManagerSnapshotProvider (OzoneManagerSnapshotProvider.java:<init>(76)) - Initializing OM Snapshot Provider
2021-08-24 17:28:51,316 [Listener at 127.0.0.1/13264] WARN  impl.MetricRegistriesImpl (MetricRegistriesImpl.java:addReporterRegistration(111)) - New reporters are added after registries were created. Some metrics will be missing from the reporter. Please add reporter before adding any new registry.
2021-08-24 17:28:51,316 [Listener at 127.0.0.1/13264] WARN  impl.MetricRegistriesImpl (MetricRegistriesImpl.java:addReporterRegistration(111)) - New reporters are added after registries were created. Some metrics will be missing from the reporter. Please add reporter before adding any new registry.
2021-08-24 17:28:51,316 [Listener at 127.0.0.1/13264] WARN  server.ServerUtils (ServerUtils.java:getDefaultRatisDirectory(237)) - Storage directory for Ratis is not configured. It is a good idea to map this to an SSD disk. Falling back to ozone.metadata.dirs
2021-08-24 17:28:51,318 [Listener at 127.0.0.1/13264] INFO  ratis.OzoneManagerRatisServer (OzoneManagerRatisServer.java:<init>(158)) - Instantiating OM Ratis server with groupID: om-service-test1 and peers: localhost:13274, localhost:13280, localhost:13268
2021-08-24 17:28:51,318 [Listener at 127.0.0.1/13264] INFO  ratis.OzoneManagerStateMachine (OzoneManagerStateMachine.java:loadSnapshotInfoFromDB(605)) - LastAppliedIndex is set from TransactionInfo from OM DB as (t:0, i:~)
2021-08-24 17:28:51,322 [Listener at 127.0.0.1/13264] INFO  server.RaftServer (ConfUtils.java:logGet(44)) - raft.rpc.type = GRPC (default)
2021-08-24 17:28:51,322 [Listener at 127.0.0.1/13264] INFO  grpc.GrpcFactory (GrpcFactory.java:checkPooledByteBufAllocatorUseCacheForAllThreads(48)) - PERFORMANCE WARNING: useCacheForAllThreads is true that may cause Netty to create a lot garbage objects and, as a result, trigger GC.
	It is recommended to disable useCacheForAllThreads by setting -Dorg.apache.ratis.thirdparty.io.netty.allocator.useCacheForAllThreads=false in command line.
2021-08-24 17:28:51,323 [Listener at 127.0.0.1/13264] INFO  grpc.GrpcConfigKeys (ConfUtils.java:logGet(44)) - raft.grpc.admin.port = -1 (default)
2021-08-24 17:28:51,323 [Listener at 127.0.0.1/13264] INFO  grpc.GrpcConfigKeys (ConfUtils.java:logGet(44)) - raft.grpc.server.port = 13274 (custom)
2021-08-24 17:28:51,323 [Listener at 127.0.0.1/13264] INFO  grpc.GrpcConfigKeys (ConfUtils.java:logGet(44)) - raft.grpc.client.port = -1 (default)
2021-08-24 17:28:51,323 [Listener at 127.0.0.1/13264] INFO  grpc.GrpcConfigKeys (ConfUtils.java:logGet(44)) - raft.grpc.server.port = 13274 (custom)
2021-08-24 17:28:51,323 [Listener at 127.0.0.1/13264] INFO  grpc.GrpcConfigKeys (ConfUtils.java:logGet(44)) - raft.grpc.server.port = 13274 (custom)
2021-08-24 17:28:51,323 [Listener at 127.0.0.1/13264] INFO  server.GrpcService (ConfUtils.java:logGet(44)) - raft.grpc.message.size.max = 33554432 (custom)
2021-08-24 17:28:51,323 [Listener at 127.0.0.1/13264] INFO  server.RaftServerConfigKeys (ConfUtils.java:logGet(44)) - raft.server.log.appender.buffer.byte-limit = 33554432 (custom)
2021-08-24 17:28:51,324 [Listener at 127.0.0.1/13264] INFO  server.GrpcService (ConfUtils.java:logGet(44)) - raft.grpc.flow.control.window = 1MB (=1048576) (default)
2021-08-24 17:28:51,324 [Listener at 127.0.0.1/13264] INFO  server.RaftServerConfigKeys (ConfUtils.java:logGet(44)) - raft.server.rpc.request.timeout = 3000ms (default)
2021-08-24 17:28:51,325 [Listener at 127.0.0.1/13264] INFO  impl.DataStreamServerImpl (ConfUtils.java:logGet(44)) - raft.datastream.type = DISABLED (default)
2021-08-24 17:28:51,325 [Listener at 127.0.0.1/13264] INFO  server.RaftServerConfigKeys (ConfUtils.java:logGet(44)) - raft.server.rpc.slowness.timeout = 2s (custom)
2021-08-24 17:28:51,325 [Listener at 127.0.0.1/13264] INFO  server.RaftServerConfigKeys (ConfUtils.java:logGet(44)) - raft.server.leaderelection.leader.step-down.wait-time = 10s (default)
2021-08-24 17:28:51,325 [Listener at 127.0.0.1/13264] INFO  server.RaftServerConfigKeys (ConfUtils.java:logGet(44)) - raft.server.storage.dir = [/home/runner/work/ozone/ozone/hadoop-ozone/integration-test/target/test-dir/MiniOzoneClusterImpl-013421b4-bdfc-48e1-b28d-0fb3f9f00c6e/omNode-2/ratis] (custom)
2021-08-24 17:28:51,330 [Listener at 127.0.0.1/13264] INFO  server.RaftServer (RaftServerProxy.java:addNew(95)) - omNode-2: addNew group-523986131536:[omNode-3|rpc:localhost:13280|priority:0, omNode-1|rpc:localhost:13268|priority:0, omNode-2|rpc:localhost:13274|priority:0] returns group-523986131536:java.util.concurrent.CompletableFuture@dfbbfb0[Not completed]
2021-08-24 17:28:51,330 [Listener at 127.0.0.1/13264] INFO  om.OzoneManager (OzoneManager.java:initializeRatisServer(1573)) - OzoneManager Ratis server initialized at port 13274
2021-08-24 17:28:51,331 [Listener at 127.0.0.1/13264] INFO  ipc.CallQueueManager (CallQueueManager.java:<init>(90)) - Using callQueue: class java.util.concurrent.LinkedBlockingQueue, queueCapacity: 2000, scheduler: class org.apache.hadoop.ipc.DefaultRpcScheduler, ipcBackoff: false.
2021-08-24 17:28:51,331 [pool-284-thread-1] INFO  server.RaftServer$Division (RaftServerImpl.java:<init>(181)) - omNode-2: new RaftServerImpl for group-523986131536:[omNode-3|rpc:localhost:13280|priority:0, omNode-1|rpc:localhost:13268|priority:0, omNode-2|rpc:localhost:13274|priority:0] with OzoneManagerStateMachine:uninitialized
2021-08-24 17:28:51,332 [pool-284-thread-1] INFO  server.RaftServerConfigKeys (ConfUtils.java:logGet(44)) - raft.server.rpc.timeout.min = 1s (custom)
2021-08-24 17:28:51,333 [pool-284-thread-1] INFO  server.RaftServerConfigKeys (ConfUtils.java:logGet(44)) - raft.server.rpc.timeout.max = 1200ms (custom)
2021-08-24 17:28:51,333 [pool-284-thread-1] INFO  server.RaftServerConfigKeys (ConfUtils.java:logGet(44)) - raft.server.rpc.sleep.time = 25ms (default)
2021-08-24 17:28:51,338 [pool-284-thread-1] INFO  server.RaftServerConfigKeys (ConfUtils.java:logGet(44)) - raft.server.rpc.slowness.timeout = 2s (custom)
2021-08-24 17:28:51,338 [pool-284-thread-1] INFO  server.RaftServerConfigKeys (ConfUtils.java:logGet(44)) - raft.server.leaderelection.leader.step-down.wait-time = 10s (default)
2021-08-24 17:28:51,338 [pool-284-thread-1] INFO  server.RaftServerConfigKeys (ConfUtils.java:logGet(44)) - raft.server.sleep.deviation.threshold = 300ms (default)
2021-08-24 17:28:51,338 [pool-284-thread-1] INFO  server.RaftServerConfigKeys (ConfUtils.java:logGet(44)) - raft.server.log.appender.install.snapshot.enabled = false (custom)
2021-08-24 17:28:51,338 [pool-284-thread-1] INFO  server.RaftServer$Division (ServerState.java:<init>(105)) - omNode-2@group-523986131536: ConfigurationManager, init=-1: [omNode-3|rpc:localhost:13280|priority:0, omNode-1|rpc:localhost:13268|priority:0, omNode-2|rpc:localhost:13274|priority:0], old=null, confs=<EMPTY_MAP>
2021-08-24 17:28:51,338 [pool-284-thread-1] INFO  server.RaftServerConfigKeys (ConfUtils.java:logGet(44)) - raft.server.storage.dir = [/home/runner/work/ozone/ozone/hadoop-ozone/integration-test/target/test-dir/MiniOzoneClusterImpl-013421b4-bdfc-48e1-b28d-0fb3f9f00c6e/omNode-2/ratis] (custom)
2021-08-24 17:28:51,338 [pool-284-thread-1] INFO  server.RaftServerConfigKeys (ConfUtils.java:logGet(44)) - raft.server.log.corruption.policy = EXCEPTION (default)
2021-08-24 17:28:51,338 [pool-284-thread-1] INFO  server.RaftServerConfigKeys (ConfUtils.java:logGet(44)) - raft.server.storage.free-space.min = 0MB (=0) (default)
2021-08-24 17:28:51,338 [pool-284-thread-1] INFO  storage.RaftStorageDirectory (RaftStorageDirectoryImpl.java:analyzeStorage(135)) - The storage directory /home/runner/work/ozone/ozone/hadoop-ozone/integration-test/target/test-dir/MiniOzoneClusterImpl-013421b4-bdfc-48e1-b28d-0fb3f9f00c6e/omNode-2/ratis/c9bc4cf4-3bc3-3c60-a66b-523986131536 does not exist. Creating ...
2021-08-24 17:28:51,339 [Socket Reader #1 for port 13270] INFO  ipc.Server (Server.java:run(1265)) - Starting Socket Reader #1 for port 13270
2021-08-24 17:28:51,342 [pool-284-thread-1] INFO  storage.RaftStorageDirectory (RaftStorageDirectoryImpl.java:tryLock(230)) - Lock on /home/runner/work/ozone/ozone/hadoop-ozone/integration-test/target/test-dir/MiniOzoneClusterImpl-013421b4-bdfc-48e1-b28d-0fb3f9f00c6e/omNode-2/ratis/c9bc4cf4-3bc3-3c60-a66b-523986131536/in_use.lock acquired by nodename 20860@fv-az297-489
2021-08-24 17:28:51,345 [pool-284-thread-1] INFO  storage.RaftStorage (RaftStorageImpl.java:format(89)) - Storage directory /home/runner/work/ozone/ozone/hadoop-ozone/integration-test/target/test-dir/MiniOzoneClusterImpl-013421b4-bdfc-48e1-b28d-0fb3f9f00c6e/omNode-2/ratis/c9bc4cf4-3bc3-3c60-a66b-523986131536 has been successfully formatted.
2021-08-24 17:28:51,345 [pool-284-thread-1] INFO  server.RaftServerConfigKeys (ConfUtils.java:logGet(44)) - raft.server.notification.no-leader.timeout = 2s (custom)
2021-08-24 17:28:51,346 [pool-284-thread-1] INFO  server.RaftServerConfigKeys (ConfUtils.java:logGet(44)) - raft.server.log.use.memory = false (default)
2021-08-24 17:28:51,346 [pool-284-thread-1] INFO  server.RaftServerConfigKeys (ConfUtils.java:logGet(44)) - raft.server.log.purge.gap = 50 (custom)
2021-08-24 17:28:51,346 [pool-284-thread-1] INFO  server.RaftServerConfigKeys (ConfUtils.java:logGet(44)) - raft.server.log.appender.buffer.byte-limit = 33554432 (custom)
2021-08-24 17:28:51,346 [pool-284-thread-1] INFO  server.RaftServerConfigKeys (ConfUtils.java:logGet(44)) - raft.server.log.segment.size.max = 4194304 (custom)
2021-08-24 17:28:51,346 [pool-284-thread-1] INFO  server.RaftServerConfigKeys (ConfUtils.java:logGet(44)) - raft.server.log.segment.cache.num.max = 2 (custom)
2021-08-24 17:28:51,346 [pool-284-thread-1] INFO  server.RaftServerConfigKeys (ConfUtils.java:logGet(44)) - raft.server.log.segment.cache.size.max = 200MB (=209715200) (default)
2021-08-24 17:28:51,346 [pool-284-thread-1] INFO  segmented.SegmentedRaftLogWorker (SegmentedRaftLogWorker.java:<init>(182)) - new omNode-2@group-523986131536-SegmentedRaftLogWorker for RaftStorageImpl:Storage Directory /home/runner/work/ozone/ozone/hadoop-ozone/integration-test/target/test-dir/MiniOzoneClusterImpl-013421b4-bdfc-48e1-b28d-0fb3f9f00c6e/omNode-2/ratis/c9bc4cf4-3bc3-3c60-a66b-523986131536
2021-08-24 17:28:51,346 [pool-284-thread-1] INFO  server.RaftServerConfigKeys (ConfUtils.java:logGet(44)) - raft.server.log.queue.byte-limit = 64MB (=67108864) (default)
2021-08-24 17:28:51,346 [pool-284-thread-1] INFO  server.RaftServerConfigKeys (ConfUtils.java:logGet(44)) - raft.server.log.queue.element-limit = 4096 (default)
2021-08-24 17:28:51,347 [pool-284-thread-1] INFO  server.RaftServerConfigKeys (ConfUtils.java:logGet(44)) - raft.server.log.segment.size.max = 4194304 (custom)
2021-08-24 17:28:51,347 [pool-284-thread-1] INFO  server.RaftServerConfigKeys (ConfUtils.java:logGet(44)) - raft.server.log.preallocated.size = 4194304 (custom)
2021-08-24 17:28:51,347 [pool-284-thread-1] INFO  server.RaftServerConfigKeys (ConfUtils.java:logGet(44)) - raft.server.log.force.sync.num = 128 (default)
2021-08-24 17:28:51,347 [pool-284-thread-1] INFO  server.RaftServerConfigKeys (ConfUtils.java:logGet(44)) - raft.server.log.statemachine.data.sync = true (default)
2021-08-24 17:28:51,347 [pool-284-thread-1] INFO  server.RaftServerConfigKeys (ConfUtils.java:logGet(44)) - raft.server.log.statemachine.data.sync.timeout = 10s (default)
2021-08-24 17:28:51,347 [pool-284-thread-1] INFO  server.RaftServerConfigKeys (ConfUtils.java:logGet(44)) - raft.server.log.statemachine.data.sync.timeout.retry = -1 (default)
2021-08-24 17:28:51,358 [pool-284-thread-1] INFO  server.RaftServerConfigKeys (ConfUtils.java:logGet(44)) - raft.server.log.write.buffer.size = 64KB (=65536) (default)
2021-08-24 17:28:51,358 [pool-284-thread-1] INFO  server.RaftServerConfigKeys (ConfUtils.java:logGet(44)) - raft.server.log.statemachine.data.caching.enabled = false (default)
2021-08-24 17:28:51,359 [pool-284-thread-1] INFO  segmented.SegmentedRaftLogWorker (SegmentedRaftLogWorker.java:lambda$new$0(133)) - omNode-2@group-523986131536-SegmentedRaftLogWorker: flushIndex: setUnconditionally 0 -> -1
2021-08-24 17:28:51,359 [pool-284-thread-1] INFO  segmented.SegmentedRaftLogWorker (SegmentedRaftLogWorker.java:lambda$new$0(133)) - omNode-2@group-523986131536-SegmentedRaftLogWorker: safeCacheEvictIndex: setUnconditionally 0 -> -1
2021-08-24 17:28:51,368 [pool-284-thread-1] INFO  server.RaftServerConfigKeys (ConfUtils.java:logGet(44)) - raft.server.snapshot.auto.trigger.enabled = true (custom)
2021-08-24 17:28:51,368 [pool-284-thread-1] INFO  server.RaftServerConfigKeys (ConfUtils.java:logGet(44)) - raft.server.snapshot.auto.trigger.threshold = 50 (custom)
2021-08-24 17:28:51,368 [pool-284-thread-1] INFO  server.RaftServerConfigKeys (ConfUtils.java:logGet(44)) - raft.server.snapshot.retention.file.num = -1 (default)
2021-08-24 17:28:51,368 [pool-284-thread-1] INFO  server.RaftServerConfigKeys (ConfUtils.java:logGet(44)) - raft.server.log.purge.upto.snapshot.index = true (custom)
2021-08-24 17:28:51,368 [pool-284-thread-1] INFO  server.RaftServerConfigKeys (ConfUtils.java:logGet(44)) - raft.server.retrycache.expirytime = 300s (custom)
2021-08-24 17:28:51,368 [pool-284-thread-1] INFO  server.RaftServerConfigKeys (ConfUtils.java:logGet(44)) - raft.server.retrycache.statistics.expirytime = 100μs (default)
2021-08-24 17:28:51,398 [Listener at 127.0.0.1/13270] INFO  om.OzoneManager (OzoneManager.java:initFSOLayout(4321)) - Configured ozone.om.metadata.layout=SIMPLE and disabled optimized OM FS operations
2021-08-24 17:28:51,398 [Listener at 127.0.0.1/13270] INFO  impl.MetricsSystemImpl (MetricsSystemImpl.java:init(158)) - OzoneManager metrics system started (again)
2021-08-24 17:28:51,409 [Listener at 127.0.0.1/13270] INFO  om.OzoneManager (OzoneManager.java:start(1270)) - OzoneManager RPC server is listening at localhost/127.0.0.1:13270
2021-08-24 17:28:51,417 [Listener at 127.0.0.1/13270] INFO  ratis.OzoneManagerRatisServer (OzoneManagerRatisServer.java:start(516)) - Starting OzoneManagerRatisServer omNode-2 at port 13274
2021-08-24 17:28:51,417 [Listener at 127.0.0.1/13270] INFO  server.RaftServer$Division (RaftServerImpl.java:start(296)) - omNode-2@group-523986131536: start as a follower, conf=-1: [omNode-3|rpc:localhost:13280|priority:0, omNode-1|rpc:localhost:13268|priority:0, omNode-2|rpc:localhost:13274|priority:0], old=null
2021-08-24 17:28:51,417 [Listener at 127.0.0.1/13270] INFO  server.RaftServer$Division (RaftServerImpl.java:setRole(285)) - omNode-2@group-523986131536: changes role from      null to FOLLOWER at term 0 for startAsFollower
2021-08-24 17:28:51,418 [Listener at 127.0.0.1/13270] INFO  impl.RoleInfo (RoleInfo.java:updateAndGet(130)) - omNode-2: start omNode-2@group-523986131536-FollowerState
2021-08-24 17:28:51,421 [Listener at 127.0.0.1/13270] INFO  util.JmxRegister (JmxRegister.java:tryRegister(44)) - Successfully registered JMX Bean with object name Ratis:service=RaftServer,group=group-523986131536,id=omNode-2
2021-08-24 17:28:51,430 [Listener at 127.0.0.1/13270] INFO  server.RaftServer (RaftServerProxy.java:lambda$start$5(374)) - omNode-2: start RPC server
2021-08-24 17:28:51,430 [Listener at 127.0.0.1/13270] INFO  server.GrpcService (GrpcService.java:startImpl(253)) - omNode-2: GrpcService started, listening on 13274
2021-08-24 17:28:51,434 [Listener at 127.0.0.1/13270] INFO  om.OzoneManager (OzoneManager.java:start(1288)) - Version File has different layout version (0) than OM DB (null). That is expected if this OM has never been finalized to a newer layout version.
2021-08-24 17:28:51,438 [org.apache.ratis.util.JvmPauseMonitor$$Lambda$596/1246764203@499c2c14] INFO  util.JvmPauseMonitor (JvmPauseMonitor.java:run(103)) - JvmPauseMonitor-omNode-2: Started
2021-08-24 17:28:51,446 [Listener at 127.0.0.1/13270] INFO  http.BaseHttpServer (BaseHttpServer.java:newHttpServer2BuilderForOzone(209)) - Starting Web-server for ozoneManager at: http://0.0.0.0:13272
2021-08-24 17:28:51,446 [Listener at 127.0.0.1/13270] INFO  http.BaseHttpServer (BaseHttpServer.java:<init>(107)) - Hadoop Security Enabled: false Ozone Security Enabled: false Ozone HTTP Security Enabled: false 
2021-08-24 17:28:51,447 [Listener at 127.0.0.1/13270] INFO  server.AuthenticationFilter (AuthenticationFilter.java:constructSecretProvider(240)) - Unable to initialize FileSignerSecretProvider, falling back to use random secrets.
2021-08-24 17:28:51,448 [Listener at 127.0.0.1/13270] WARN  http.HttpRequestLog (HttpRequestLog.java:getRequestLog(103)) - Jetty request log can only be enabled using Log4j
2021-08-24 17:28:51,449 [Listener at 127.0.0.1/13270] INFO  http.HttpServer2 (HttpServer2.java:addGlobalFilter(1030)) - Added global filter 'safety' (class=org.apache.hadoop.hdds.server.http.HttpServer2$QuotingInputFilter)
2021-08-24 17:28:51,465 [Listener at 127.0.0.1/13270] INFO  http.HttpServer2 (HttpServer2.java:addFilter(1006)) - Added filter static_user_filter (class=org.apache.hadoop.http.lib.StaticUserWebFilter$StaticUserFilter) to context ozoneManager
2021-08-24 17:28:51,466 [Listener at 127.0.0.1/13270] INFO  http.HttpServer2 (HttpServer2.java:addFilter(1014)) - Added filter static_user_filter (class=org.apache.hadoop.http.lib.StaticUserWebFilter$StaticUserFilter) to context logs
2021-08-24 17:28:51,466 [Listener at 127.0.0.1/13270] INFO  http.HttpServer2 (HttpServer2.java:addFilter(1014)) - Added filter static_user_filter (class=org.apache.hadoop.http.lib.StaticUserWebFilter$StaticUserFilter) to context static
2021-08-24 17:28:51,466 [Listener at 127.0.0.1/13270] INFO  http.HttpServer2 (HttpServer2.java:bindListener(1249)) - Jetty bound to port 13272
2021-08-24 17:28:51,466 [Listener at 127.0.0.1/13270] INFO  server.Server (Server.java:doStart(375)) - jetty-9.4.43.v20210629; built: 2021-06-30T11:07:22.254Z; git: 526006ecfa3af7f1a27ef3a288e2bef7ea9dd7e8; jvm 1.8.0_292-b10
2021-08-24 17:28:51,490 [Listener at 127.0.0.1/13270] INFO  server.session (DefaultSessionIdManager.java:doStart(334)) - DefaultSessionIdManager workerName=node0
2021-08-24 17:28:51,490 [Listener at 127.0.0.1/13270] INFO  server.session (DefaultSessionIdManager.java:doStart(339)) - No SessionScavenger set, using defaults
2021-08-24 17:28:51,491 [Listener at 127.0.0.1/13270] INFO  server.session (HouseKeeper.java:startScavenging(132)) - node0 Scavenging every 600000ms
2021-08-24 17:28:51,492 [Listener at 127.0.0.1/13270] INFO  handler.ContextHandler (ContextHandler.java:doStart(915)) - Started o.e.j.s.ServletContextHandler@467ac5f8{logs,/logs,file:///home/runner/work/ozone/ozone/hadoop-ozone/integration-test/target/log,AVAILABLE}
2021-08-24 17:28:51,492 [Listener at 127.0.0.1/13270] INFO  handler.ContextHandler (ContextHandler.java:doStart(915)) - Started o.e.j.s.ServletContextHandler@4d7f5e96{static,/static,file:///home/runner/work/ozone/ozone/hadoop-ozone/integration-test/target/test-classes/webapps/static,AVAILABLE}
2021-08-24 17:28:51,495 [Listener at 127.0.0.1/13270] INFO  handler.ContextHandler (ContextHandler.java:doStart(915)) - Started o.e.j.w.WebAppContext@36a2fd51{ozoneManager,/,file:///home/runner/work/ozone/ozone/hadoop-ozone/integration-test/target/test-classes/webapps/ozoneManager/,AVAILABLE}{file:/home/runner/work/ozone/ozone/hadoop-ozone/integration-test/target/test-classes/webapps/ozoneManager}
2021-08-24 17:28:51,502 [Listener at 127.0.0.1/13270] INFO  server.AbstractConnector (AbstractConnector.java:doStart(331)) - Started ServerConnector@1c35bf43{HTTP/1.1, (http/1.1)}{0.0.0.0:13272}
2021-08-24 17:28:51,502 [Listener at 127.0.0.1/13270] INFO  server.Server (Server.java:doStart(415)) - Started @49021ms
2021-08-24 17:28:51,502 [Listener at 127.0.0.1/13270] WARN  impl.MetricsSystemImpl (MetricsSystemImpl.java:register(279)) - Sink prometheus already exists!
2021-08-24 17:28:51,502 [Listener at 127.0.0.1/13270] INFO  http.BaseHttpServer (BaseHttpServer.java:updateConnectorAddress(329)) - HTTP server of ozoneManager listening at http://0.0.0.0:13272
2021-08-24 17:28:51,503 [IPC Server Responder] INFO  ipc.Server (Server.java:run(1507)) - IPC Server Responder: starting
2021-08-24 17:28:51,503 [IPC Server listener on 13270] INFO  ipc.Server (Server.java:run(1344)) - IPC Server listener on 13270: starting
2021-08-24 17:28:51,518 [Listener at 127.0.0.1/13270] INFO  om.OzoneManager (OzoneManager.java:startTrashEmptier(1531)) - Trash Interval set to 0. Files deleted will not move to trash
2021-08-24 17:28:51,520 [Listener at 127.0.0.1/13270] INFO  ozone.MiniOzoneHAClusterImpl (MiniOzoneHAClusterImpl.java:createOMService(485)) - Started OzoneManager omNode-2 RPC server at localhost/127.0.0.1:13270
2021-08-24 17:28:51,521 [Listener at 127.0.0.1/13270] INFO  ha.OMHANodeDetails (OMHANodeDetails.java:loadOMHAConfig(118)) - ServiceID for OzoneManager is om-service-test1
2021-08-24 17:28:51,522 [Listener at 127.0.0.1/13270] INFO  ha.OMHANodeDetails (OMHANodeDetails.java:loadOMHAConfig(194)) - Found matching OM address with OMServiceId: om-service-test1, OMNodeId: omNode-3, RPC Address: localhost:13276 and Ratis port: 13280
2021-08-24 17:28:51,522 [Listener at 127.0.0.1/13270] INFO  ha.OMHANodeDetails (ConfUtils.java:setNodeSpecificConfigs(108)) - Setting configuration key ozone.om.http-address with value of key ozone.om.http-address.om-service-test1.omNode-3: 127.0.0.1:13278
2021-08-24 17:28:51,522 [Listener at 127.0.0.1/13270] INFO  ha.OMHANodeDetails (ConfUtils.java:setNodeSpecificConfigs(108)) - Setting configuration key ozone.om.https-address with value of key ozone.om.https-address.om-service-test1.omNode-3: 127.0.0.1:13279
2021-08-24 17:28:51,522 [Listener at 127.0.0.1/13270] INFO  ha.OMHANodeDetails (ConfUtils.java:setNodeSpecificConfigs(108)) - Setting configuration key ozone.om.address with value of key ozone.om.address.om-service-test1.omNode-3: 127.0.0.1:13276
2021-08-24 17:28:51,522 [Listener at 127.0.0.1/13270] WARN  server.ServerUtils (ServerUtils.java:getDBPath(225)) - ozone.om.db.dirs is not configured. We recommend adding this setting. Falling back to ozone.metadata.dirs instead.
2021-08-24 17:28:51,533 [org.apache.hadoop.util.JvmPauseMonitor$Monitor@6d9fa54e] INFO  util.JvmPauseMonitor (JvmPauseMonitor.java:run(188)) - Starting JVM pause monitor
OM initialization succeeded.Current cluster id for sd=/home/runner/work/ozone/ozone/hadoop-ozone/integration-test/target/test-dir/MiniOzoneClusterImpl-013421b4-bdfc-48e1-b28d-0fb3f9f00c6e/omNode-3/om;cid=013421b4-bdfc-48e1-b28d-0fb3f9f00c6e;layoutVersion=0
2021-08-24 17:28:51,540 [Listener at 127.0.0.1/13270] INFO  ha.OMHANodeDetails (OMHANodeDetails.java:loadOMHAConfig(118)) - ServiceID for OzoneManager is om-service-test1
2021-08-24 17:28:51,540 [Listener at 127.0.0.1/13270] INFO  ha.OMHANodeDetails (OMHANodeDetails.java:loadOMHAConfig(194)) - Found matching OM address with OMServiceId: om-service-test1, OMNodeId: omNode-3, RPC Address: localhost:13276 and Ratis port: 13280
2021-08-24 17:28:51,540 [Listener at 127.0.0.1/13270] INFO  ha.OMHANodeDetails (ConfUtils.java:setNodeSpecificConfigs(108)) - Setting configuration key ozone.om.http-address with value of key ozone.om.http-address.om-service-test1.omNode-3: 127.0.0.1:13278
2021-08-24 17:28:51,540 [Listener at 127.0.0.1/13270] INFO  ha.OMHANodeDetails (ConfUtils.java:setNodeSpecificConfigs(108)) - Setting configuration key ozone.om.https-address with value of key ozone.om.https-address.om-service-test1.omNode-3: 127.0.0.1:13279
2021-08-24 17:28:51,540 [Listener at 127.0.0.1/13270] INFO  ha.OMHANodeDetails (ConfUtils.java:setNodeSpecificConfigs(108)) - Setting configuration key ozone.om.address with value of key ozone.om.address.om-service-test1.omNode-3: 127.0.0.1:13276
2021-08-24 17:28:51,541 [Listener at 127.0.0.1/13270] WARN  server.ServerUtils (ServerUtils.java:getDBPath(225)) - ozone.om.db.dirs is not configured. We recommend adding this setting. Falling back to ozone.metadata.dirs instead.
2021-08-24 17:28:51,541 [Listener at 127.0.0.1/13270] INFO  upgrade.AbstractLayoutVersionManager (AbstractLayoutVersionManager.java:init(70)) - Initializing Layout version manager with metadata layout = INITIAL_VERSION (version = 0), software layout = INITIAL_VERSION (version = 0)
2021-08-24 17:28:51,605 [Listener at 127.0.0.1/13270] INFO  reflections.Reflections (Reflections.java:scan(232)) - Reflections took 63 ms to scan 2 urls, producing 131 keys and 342 values [using 2 cores]
2021-08-24 17:28:51,605 [Listener at 127.0.0.1/13270] INFO  upgrade.OMLayoutVersionManager (OMLayoutVersionManager.java:lambda$0(116)) - Skipping Upgrade Action MockOmUpgradeAction since it has been finalized.
2021-08-24 17:28:51,606 [Listener at 127.0.0.1/13270] WARN  server.ServerUtils (ServerUtils.java:getDBPath(225)) - ozone.om.db.dirs is not configured. We recommend adding this setting. Falling back to ozone.metadata.dirs instead.
2021-08-24 17:28:51,619 [Listener at 127.0.0.1/13270] WARN  server.ServerUtils (ServerUtils.java:getDBPath(225)) - ozone.om.db.dirs is not configured. We recommend adding this setting. Falling back to ozone.metadata.dirs instead.
2021-08-24 17:28:51,620 [Listener at 127.0.0.1/13270] INFO  codec.OmKeyInfoCodec (OmKeyInfoCodec.java:<init>(51)) - OmKeyInfoCodec ignorePipeline = true
2021-08-24 17:28:51,620 [Listener at 127.0.0.1/13270] INFO  codec.RepeatedOmKeyInfoCodec (RepeatedOmKeyInfoCodec.java:<init>(42)) - RepeatedOmKeyInfoCodec ignorePipeline = true
2021-08-24 17:28:51,871 [Listener at 127.0.0.1/13270] INFO  om.OzoneManager (OzoneManager.java:addS3GVolumeToDB(4115)) - Created Volume s3v With Owner runner required for S3Gateway operations.
2021-08-24 17:28:51,872 [Listener at 127.0.0.1/13270] WARN  server.ServerUtils (ServerUtils.java:getDefaultRatisDirectory(237)) - Storage directory for Ratis is not configured. It is a good idea to map this to an SSD disk. Falling back to ozone.metadata.dirs
2021-08-24 17:28:51,872 [Listener at 127.0.0.1/13270] WARN  utils.OzoneManagerRatisUtils (OzoneManagerRatisUtils.java:getOMRatisSnapshotDirectory(391)) - ozone.om.ratis.snapshot.dir is not configured. Falling back to ozone.metadata.dirs config
2021-08-24 17:28:51,872 [Listener at 127.0.0.1/13270] INFO  snapshot.OzoneManagerSnapshotProvider (OzoneManagerSnapshotProvider.java:<init>(76)) - Initializing OM Snapshot Provider
2021-08-24 17:28:51,882 [Listener at 127.0.0.1/13270] WARN  impl.MetricRegistriesImpl (MetricRegistriesImpl.java:addReporterRegistration(111)) - New reporters are added after registries were created. Some metrics will be missing from the reporter. Please add reporter before adding any new registry.
2021-08-24 17:28:51,882 [Listener at 127.0.0.1/13270] WARN  impl.MetricRegistriesImpl (MetricRegistriesImpl.java:addReporterRegistration(111)) - New reporters are added after registries were created. Some metrics will be missing from the reporter. Please add reporter before adding any new registry.
2021-08-24 17:28:51,882 [Listener at 127.0.0.1/13270] WARN  server.ServerUtils (ServerUtils.java:getDefaultRatisDirectory(237)) - Storage directory for Ratis is not configured. It is a good idea to map this to an SSD disk. Falling back to ozone.metadata.dirs
2021-08-24 17:28:51,886 [Listener at 127.0.0.1/13270] INFO  ratis.OzoneManagerRatisServer (OzoneManagerRatisServer.java:<init>(158)) - Instantiating OM Ratis server with groupID: om-service-test1 and peers: localhost:13280, localhost:13268, localhost:13274
2021-08-24 17:28:51,886 [Listener at 127.0.0.1/13270] INFO  ratis.OzoneManagerStateMachine (OzoneManagerStateMachine.java:loadSnapshotInfoFromDB(605)) - LastAppliedIndex is set from TransactionInfo from OM DB as (t:0, i:~)
2021-08-24 17:28:51,894 [Listener at 127.0.0.1/13270] INFO  server.RaftServer (ConfUtils.java:logGet(44)) - raft.rpc.type = GRPC (default)
2021-08-24 17:28:51,894 [Listener at 127.0.0.1/13270] INFO  grpc.GrpcFactory (GrpcFactory.java:checkPooledByteBufAllocatorUseCacheForAllThreads(48)) - PERFORMANCE WARNING: useCacheForAllThreads is true that may cause Netty to create a lot garbage objects and, as a result, trigger GC.
	It is recommended to disable useCacheForAllThreads by setting -Dorg.apache.ratis.thirdparty.io.netty.allocator.useCacheForAllThreads=false in command line.
2021-08-24 17:28:51,894 [Listener at 127.0.0.1/13270] INFO  grpc.GrpcConfigKeys (ConfUtils.java:logGet(44)) - raft.grpc.admin.port = -1 (default)
2021-08-24 17:28:51,894 [Listener at 127.0.0.1/13270] INFO  grpc.GrpcConfigKeys (ConfUtils.java:logGet(44)) - raft.grpc.server.port = 13280 (custom)
2021-08-24 17:28:51,894 [Listener at 127.0.0.1/13270] INFO  grpc.GrpcConfigKeys (ConfUtils.java:logGet(44)) - raft.grpc.client.port = -1 (default)
2021-08-24 17:28:51,895 [Listener at 127.0.0.1/13270] INFO  grpc.GrpcConfigKeys (ConfUtils.java:logGet(44)) - raft.grpc.server.port = 13280 (custom)
2021-08-24 17:28:51,895 [Listener at 127.0.0.1/13270] INFO  grpc.GrpcConfigKeys (ConfUtils.java:logGet(44)) - raft.grpc.server.port = 13280 (custom)
2021-08-24 17:28:51,895 [Listener at 127.0.0.1/13270] INFO  server.GrpcService (ConfUtils.java:logGet(44)) - raft.grpc.message.size.max = 33554432 (custom)
2021-08-24 17:28:51,895 [Listener at 127.0.0.1/13270] INFO  server.RaftServerConfigKeys (ConfUtils.java:logGet(44)) - raft.server.log.appender.buffer.byte-limit = 33554432 (custom)
2021-08-24 17:28:51,895 [Listener at 127.0.0.1/13270] INFO  server.GrpcService (ConfUtils.java:logGet(44)) - raft.grpc.flow.control.window = 1MB (=1048576) (default)
2021-08-24 17:28:51,895 [Listener at 127.0.0.1/13270] INFO  server.RaftServerConfigKeys (ConfUtils.java:logGet(44)) - raft.server.rpc.request.timeout = 3000ms (default)
2021-08-24 17:28:51,897 [Listener at 127.0.0.1/13270] INFO  impl.DataStreamServerImpl (ConfUtils.java:logGet(44)) - raft.datastream.type = DISABLED (default)
2021-08-24 17:28:51,897 [Listener at 127.0.0.1/13270] INFO  server.RaftServerConfigKeys (ConfUtils.java:logGet(44)) - raft.server.rpc.slowness.timeout = 2s (custom)
2021-08-24 17:28:51,897 [Listener at 127.0.0.1/13270] INFO  server.RaftServerConfigKeys (ConfUtils.java:logGet(44)) - raft.server.leaderelection.leader.step-down.wait-time = 10s (default)
2021-08-24 17:28:51,897 [Listener at 127.0.0.1/13270] INFO  server.RaftServerConfigKeys (ConfUtils.java:logGet(44)) - raft.server.storage.dir = [/home/runner/work/ozone/ozone/hadoop-ozone/integration-test/target/test-dir/MiniOzoneClusterImpl-013421b4-bdfc-48e1-b28d-0fb3f9f00c6e/omNode-3/ratis] (custom)
2021-08-24 17:28:51,910 [Listener at 127.0.0.1/13270] INFO  server.RaftServer (RaftServerProxy.java:addNew(95)) - omNode-3: addNew group-523986131536:[omNode-3|rpc:localhost:13280|priority:0, omNode-1|rpc:localhost:13268|priority:0, omNode-2|rpc:localhost:13274|priority:0] returns group-523986131536:java.util.concurrent.CompletableFuture@605db391[Not completed]
2021-08-24 17:28:51,910 [Listener at 127.0.0.1/13270] INFO  om.OzoneManager (OzoneManager.java:initializeRatisServer(1573)) - OzoneManager Ratis server initialized at port 13280
2021-08-24 17:28:51,911 [Listener at 127.0.0.1/13270] INFO  ipc.CallQueueManager (CallQueueManager.java:<init>(90)) - Using callQueue: class java.util.concurrent.LinkedBlockingQueue, queueCapacity: 2000, scheduler: class org.apache.hadoop.ipc.DefaultRpcScheduler, ipcBackoff: false.
2021-08-24 17:28:51,914 [pool-305-thread-1] INFO  server.RaftServer$Division (RaftServerImpl.java:<init>(181)) - omNode-3: new RaftServerImpl for group-523986131536:[omNode-3|rpc:localhost:13280|priority:0, omNode-1|rpc:localhost:13268|priority:0, omNode-2|rpc:localhost:13274|priority:0] with OzoneManagerStateMachine:uninitialized
2021-08-24 17:28:51,920 [pool-305-thread-1] INFO  server.RaftServerConfigKeys (ConfUtils.java:logGet(44)) - raft.server.rpc.timeout.min = 1s (custom)
2021-08-24 17:28:51,920 [pool-305-thread-1] INFO  server.RaftServerConfigKeys (ConfUtils.java:logGet(44)) - raft.server.rpc.timeout.max = 1200ms (custom)
2021-08-24 17:28:51,920 [pool-305-thread-1] INFO  server.RaftServerConfigKeys (ConfUtils.java:logGet(44)) - raft.server.rpc.sleep.time = 25ms (default)
2021-08-24 17:28:51,920 [pool-305-thread-1] INFO  server.RaftServerConfigKeys (ConfUtils.java:logGet(44)) - raft.server.rpc.slowness.timeout = 2s (custom)
2021-08-24 17:28:51,920 [pool-305-thread-1] INFO  server.RaftServerConfigKeys (ConfUtils.java:logGet(44)) - raft.server.leaderelection.leader.step-down.wait-time = 10s (default)
2021-08-24 17:28:51,920 [pool-305-thread-1] INFO  server.RaftServerConfigKeys (ConfUtils.java:logGet(44)) - raft.server.sleep.deviation.threshold = 300ms (default)
2021-08-24 17:28:51,920 [pool-305-thread-1] INFO  server.RaftServerConfigKeys (ConfUtils.java:logGet(44)) - raft.server.log.appender.install.snapshot.enabled = false (custom)
2021-08-24 17:28:51,920 [pool-305-thread-1] INFO  server.RaftServer$Division (ServerState.java:<init>(105)) - omNode-3@group-523986131536: ConfigurationManager, init=-1: [omNode-3|rpc:localhost:13280|priority:0, omNode-1|rpc:localhost:13268|priority:0, omNode-2|rpc:localhost:13274|priority:0], old=null, confs=<EMPTY_MAP>
2021-08-24 17:28:51,920 [pool-305-thread-1] INFO  server.RaftServerConfigKeys (ConfUtils.java:logGet(44)) - raft.server.storage.dir = [/home/runner/work/ozone/ozone/hadoop-ozone/integration-test/target/test-dir/MiniOzoneClusterImpl-013421b4-bdfc-48e1-b28d-0fb3f9f00c6e/omNode-3/ratis] (custom)
2021-08-24 17:28:51,920 [pool-305-thread-1] INFO  server.RaftServerConfigKeys (ConfUtils.java:logGet(44)) - raft.server.log.corruption.policy = EXCEPTION (default)
2021-08-24 17:28:51,920 [pool-305-thread-1] INFO  server.RaftServerConfigKeys (ConfUtils.java:logGet(44)) - raft.server.storage.free-space.min = 0MB (=0) (default)
2021-08-24 17:28:51,921 [pool-305-thread-1] INFO  storage.RaftStorageDirectory (RaftStorageDirectoryImpl.java:analyzeStorage(135)) - The storage directory /home/runner/work/ozone/ozone/hadoop-ozone/integration-test/target/test-dir/MiniOzoneClusterImpl-013421b4-bdfc-48e1-b28d-0fb3f9f00c6e/omNode-3/ratis/c9bc4cf4-3bc3-3c60-a66b-523986131536 does not exist. Creating ...
2021-08-24 17:28:51,923 [pool-305-thread-1] INFO  storage.RaftStorageDirectory (RaftStorageDirectoryImpl.java:tryLock(230)) - Lock on /home/runner/work/ozone/ozone/hadoop-ozone/integration-test/target/test-dir/MiniOzoneClusterImpl-013421b4-bdfc-48e1-b28d-0fb3f9f00c6e/omNode-3/ratis/c9bc4cf4-3bc3-3c60-a66b-523986131536/in_use.lock acquired by nodename 20860@fv-az297-489
2021-08-24 17:28:51,925 [pool-305-thread-1] INFO  storage.RaftStorage (RaftStorageImpl.java:format(89)) - Storage directory /home/runner/work/ozone/ozone/hadoop-ozone/integration-test/target/test-dir/MiniOzoneClusterImpl-013421b4-bdfc-48e1-b28d-0fb3f9f00c6e/omNode-3/ratis/c9bc4cf4-3bc3-3c60-a66b-523986131536 has been successfully formatted.
2021-08-24 17:28:51,926 [pool-305-thread-1] INFO  server.RaftServerConfigKeys (ConfUtils.java:logGet(44)) - raft.server.notification.no-leader.timeout = 2s (custom)
2021-08-24 17:28:51,926 [pool-305-thread-1] INFO  server.RaftServerConfigKeys (ConfUtils.java:logGet(44)) - raft.server.log.use.memory = false (default)
2021-08-24 17:28:51,926 [pool-305-thread-1] INFO  server.RaftServerConfigKeys (ConfUtils.java:logGet(44)) - raft.server.log.purge.gap = 50 (custom)
2021-08-24 17:28:51,926 [pool-305-thread-1] INFO  server.RaftServerConfigKeys (ConfUtils.java:logGet(44)) - raft.server.log.appender.buffer.byte-limit = 33554432 (custom)
2021-08-24 17:28:51,926 [pool-305-thread-1] INFO  server.RaftServerConfigKeys (ConfUtils.java:logGet(44)) - raft.server.log.segment.size.max = 4194304 (custom)
2021-08-24 17:28:51,927 [pool-305-thread-1] INFO  server.RaftServerConfigKeys (ConfUtils.java:logGet(44)) - raft.server.log.segment.cache.num.max = 2 (custom)
2021-08-24 17:28:51,927 [pool-305-thread-1] INFO  server.RaftServerConfigKeys (ConfUtils.java:logGet(44)) - raft.server.log.segment.cache.size.max = 200MB (=209715200) (default)
2021-08-24 17:28:51,927 [pool-305-thread-1] INFO  segmented.SegmentedRaftLogWorker (SegmentedRaftLogWorker.java:<init>(182)) - new omNode-3@group-523986131536-SegmentedRaftLogWorker for RaftStorageImpl:Storage Directory /home/runner/work/ozone/ozone/hadoop-ozone/integration-test/target/test-dir/MiniOzoneClusterImpl-013421b4-bdfc-48e1-b28d-0fb3f9f00c6e/omNode-3/ratis/c9bc4cf4-3bc3-3c60-a66b-523986131536
2021-08-24 17:28:51,927 [pool-305-thread-1] INFO  server.RaftServerConfigKeys (ConfUtils.java:logGet(44)) - raft.server.log.queue.byte-limit = 64MB (=67108864) (default)
2021-08-24 17:28:51,927 [pool-305-thread-1] INFO  server.RaftServerConfigKeys (ConfUtils.java:logGet(44)) - raft.server.log.queue.element-limit = 4096 (default)
2021-08-24 17:28:51,927 [pool-305-thread-1] INFO  server.RaftServerConfigKeys (ConfUtils.java:logGet(44)) - raft.server.log.segment.size.max = 4194304 (custom)
2021-08-24 17:28:51,927 [pool-305-thread-1] INFO  server.RaftServerConfigKeys (ConfUtils.java:logGet(44)) - raft.server.log.preallocated.size = 4194304 (custom)
2021-08-24 17:28:51,927 [pool-305-thread-1] INFO  server.RaftServerConfigKeys (ConfUtils.java:logGet(44)) - raft.server.log.force.sync.num = 128 (default)
2021-08-24 17:28:51,927 [pool-305-thread-1] INFO  server.RaftServerConfigKeys (ConfUtils.java:logGet(44)) - raft.server.log.statemachine.data.sync = true (default)
2021-08-24 17:28:51,927 [pool-305-thread-1] INFO  server.RaftServerConfigKeys (ConfUtils.java:logGet(44)) - raft.server.log.statemachine.data.sync.timeout = 10s (default)
2021-08-24 17:28:51,927 [pool-305-thread-1] INFO  server.RaftServerConfigKeys (ConfUtils.java:logGet(44)) - raft.server.log.statemachine.data.sync.timeout.retry = -1 (default)
2021-08-24 17:28:51,933 [omNode-1@group-523986131536-FollowerState] INFO  impl.FollowerState (FollowerState.java:run(134)) - omNode-1@group-523986131536-FollowerState: change to CANDIDATE, lastRpcElapsedTime:1160838530ns, electionTimeout:1140ms
2021-08-24 17:28:51,933 [omNode-1@group-523986131536-FollowerState] INFO  impl.RoleInfo (RoleInfo.java:shutdownFollowerState(108)) - omNode-1: shutdown omNode-1@group-523986131536-FollowerState
2021-08-24 17:28:51,933 [omNode-1@group-523986131536-FollowerState] INFO  server.RaftServer$Division (RaftServerImpl.java:setRole(285)) - omNode-1@group-523986131536: changes role from  FOLLOWER to CANDIDATE at term 0 for changeToCandidate
2021-08-24 17:28:51,933 [omNode-1@group-523986131536-FollowerState] INFO  server.RaftServerConfigKeys (ConfUtils.java:logGet(44)) - raft.server.leaderelection.pre-vote = false (custom)
2021-08-24 17:28:51,933 [omNode-1@group-523986131536-FollowerState] INFO  impl.RoleInfo (RoleInfo.java:updateAndGet(130)) - omNode-1: start omNode-1@group-523986131536-LeaderElection14
2021-08-24 17:28:51,942 [Socket Reader #1 for port 13276] INFO  ipc.Server (Server.java:run(1265)) - Starting Socket Reader #1 for port 13276
2021-08-24 17:28:51,947 [pool-305-thread-1] INFO  server.RaftServerConfigKeys (ConfUtils.java:logGet(44)) - raft.server.log.write.buffer.size = 64KB (=65536) (default)
2021-08-24 17:28:51,947 [pool-305-thread-1] INFO  server.RaftServerConfigKeys (ConfUtils.java:logGet(44)) - raft.server.log.statemachine.data.caching.enabled = false (default)
2021-08-24 17:28:51,947 [pool-305-thread-1] INFO  segmented.SegmentedRaftLogWorker (SegmentedRaftLogWorker.java:lambda$new$0(133)) - omNode-3@group-523986131536-SegmentedRaftLogWorker: flushIndex: setUnconditionally 0 -> -1
2021-08-24 17:28:51,947 [pool-305-thread-1] INFO  segmented.SegmentedRaftLogWorker (SegmentedRaftLogWorker.java:lambda$new$0(133)) - omNode-3@group-523986131536-SegmentedRaftLogWorker: safeCacheEvictIndex: setUnconditionally 0 -> -1
2021-08-24 17:28:51,949 [pool-305-thread-1] INFO  server.RaftServerConfigKeys (ConfUtils.java:logGet(44)) - raft.server.snapshot.auto.trigger.enabled = true (custom)
2021-08-24 17:28:51,949 [pool-305-thread-1] INFO  server.RaftServerConfigKeys (ConfUtils.java:logGet(44)) - raft.server.snapshot.auto.trigger.threshold = 50 (custom)
2021-08-24 17:28:51,949 [pool-305-thread-1] INFO  server.RaftServerConfigKeys (ConfUtils.java:logGet(44)) - raft.server.snapshot.retention.file.num = -1 (default)
2021-08-24 17:28:51,949 [pool-305-thread-1] INFO  server.RaftServerConfigKeys (ConfUtils.java:logGet(44)) - raft.server.log.purge.upto.snapshot.index = true (custom)
2021-08-24 17:28:51,950 [pool-305-thread-1] INFO  server.RaftServerConfigKeys (ConfUtils.java:logGet(44)) - raft.server.retrycache.expirytime = 300s (custom)
2021-08-24 17:28:51,950 [pool-305-thread-1] INFO  server.RaftServerConfigKeys (ConfUtils.java:logGet(44)) - raft.server.retrycache.statistics.expirytime = 100μs (default)
2021-08-24 17:28:51,954 [omNode-1@group-523986131536-LeaderElection14] INFO  impl.LeaderElection (LeaderElection.java:askForVotes(306)) - omNode-1@group-523986131536-LeaderElection14 ELECTION round 0: submit vote requests at term 1 for -1: [omNode-3|rpc:localhost:13280|priority:0, omNode-1|rpc:localhost:13268|priority:0, omNode-2|rpc:localhost:13274|priority:0], old=null
2021-08-24 17:28:51,977 [Listener at 127.0.0.1/13276] INFO  ozone.MiniOzoneHAClusterImpl (MiniOzoneHAClusterImpl.java:createOMService(489)) - Intialized OzoneManager at localhost/127.0.0.1:13276. This OM is currently inactive (not running).
2021-08-24 17:28:51,986 [grpc-default-executor-2] INFO  server.RaftServer$Division (RaftServerImpl.java:requestVote(1043)) - omNode-2@group-523986131536: receive requestVote(ELECTION, omNode-1, group-523986131536, 1, (t:0, i:~))
2021-08-24 17:28:51,986 [grpc-default-executor-2] INFO  impl.VoteContext (VoteContext.java:log(48)) - omNode-2@group-523986131536-FOLLOWER: accept ELECTION from omNode-1: our priority 0 <= candidate's priority 0
2021-08-24 17:28:51,986 [grpc-default-executor-2] INFO  server.RaftServer$Division (RaftServerImpl.java:setRole(285)) - omNode-2@group-523986131536: changes role from  FOLLOWER to FOLLOWER at term 1 for candidate:omNode-1
2021-08-24 17:28:51,986 [grpc-default-executor-2] INFO  impl.RoleInfo (RoleInfo.java:shutdownFollowerState(108)) - omNode-2: shutdown omNode-2@group-523986131536-FollowerState
2021-08-24 17:28:51,986 [grpc-default-executor-2] INFO  impl.RoleInfo (RoleInfo.java:updateAndGet(130)) - omNode-2: start omNode-2@group-523986131536-FollowerState
2021-08-24 17:28:51,986 [omNode-2@group-523986131536-FollowerState] INFO  impl.FollowerState (FollowerState.java:run(143)) - omNode-2@group-523986131536-FollowerState was interrupted: {}
java.lang.InterruptedException: sleep interrupted
	at java.lang.Thread.sleep(Native Method)
	at java.lang.Thread.sleep(Thread.java:340)
	at java.util.concurrent.TimeUnit.sleep(TimeUnit.java:386)
	at org.apache.ratis.util.TimeDuration.sleep(TimeDuration.java:324)
	at org.apache.ratis.util.TimeDuration.sleep(TimeDuration.java:309)
	at org.apache.ratis.server.impl.FollowerState.run(FollowerState.java:118)
2021-08-24 17:28:52,002 [omNode-1@group-523986131536-LeaderElection14] INFO  impl.LeaderElection (LogUtils.java:infoOrTrace(137)) - omNode-1@group-523986131536-LeaderElection14 got exception when requesting votes: java.util.concurrent.ExecutionException: org.apache.ratis.thirdparty.io.grpc.StatusRuntimeException: UNAVAILABLE: io exception
2021-08-24 17:28:52,013 [grpc-default-executor-2] INFO  server.RaftServer$Division (RaftServerImpl.java:requestVote(1075)) - omNode-2@group-523986131536 replies to ELECTION vote request: omNode-1<-omNode-2#0:OK-t1. Peer's state: omNode-2@group-523986131536:t1, leader=null, voted=omNode-1, raftlog=omNode-2@group-523986131536-SegmentedRaftLog:OPENED:c-1,f-1,i0, conf=-1: [omNode-3|rpc:localhost:13280|priority:0, omNode-1|rpc:localhost:13268|priority:0, omNode-2|rpc:localhost:13274|priority:0], old=null
2021-08-24 17:28:52,015 [omNode-1@group-523986131536-LeaderElection14] INFO  impl.LeaderElection (LeaderElection.java:logAndReturn(89)) - omNode-1@group-523986131536-LeaderElection14: ELECTION PASSED received 1 response(s) and 1 exception(s):
2021-08-24 17:28:52,015 [omNode-1@group-523986131536-LeaderElection14] INFO  impl.LeaderElection (LeaderElection.java:logAndReturn(93)) -   Response 0: omNode-1<-omNode-2#0:OK-t1
2021-08-24 17:28:52,015 [omNode-1@group-523986131536-LeaderElection14] INFO  impl.LeaderElection (LogUtils.java:infoOrTrace(137)) -   Exception 1: java.util.concurrent.ExecutionException: org.apache.ratis.thirdparty.io.grpc.StatusRuntimeException: UNAVAILABLE: io exception
2021-08-24 17:28:52,015 [omNode-1@group-523986131536-LeaderElection14] INFO  impl.LeaderElection (LeaderElection.java:askForVotes(308)) - omNode-1@group-523986131536-LeaderElection14 ELECTION round 0: result PASSED
2021-08-24 17:28:52,015 [omNode-1@group-523986131536-LeaderElection14] INFO  impl.RoleInfo (RoleInfo.java:shutdownLeaderElection(121)) - omNode-1: shutdown omNode-1@group-523986131536-LeaderElection14
2021-08-24 17:28:52,015 [omNode-1@group-523986131536-LeaderElection14] INFO  server.RaftServer$Division (RaftServerImpl.java:setRole(285)) - omNode-1@group-523986131536: changes role from CANDIDATE to LEADER at term 1 for changeToLeader
2021-08-24 17:28:52,015 [omNode-1@group-523986131536-LeaderElection14] INFO  server.RaftServer$Division (ServerState.java:setLeader(285)) - omNode-1@group-523986131536: change Leader from null to omNode-1 at term 1 for becomeLeader, leader elected after 1321ms
2021-08-24 17:28:52,015 [omNode-1@group-523986131536-LeaderElection14] INFO  server.RaftServerConfigKeys (ConfUtils.java:logGet(44)) - raft.server.staging.catchup.gap = 1000 (default)
2021-08-24 17:28:52,016 [omNode-1@group-523986131536-LeaderElection14] INFO  server.RaftServerConfigKeys (ConfUtils.java:logGet(44)) - raft.server.write.element-limit = 4096 (default)
2021-08-24 17:28:52,016 [omNode-1@group-523986131536-LeaderElection14] INFO  server.RaftServerConfigKeys (ConfUtils.java:logGet(44)) - raft.server.write.byte-limit = 64MB (=67108864) (default)
2021-08-24 17:28:52,016 [omNode-1@group-523986131536-LeaderElection14] INFO  server.RaftServerConfigKeys (ConfUtils.java:logGet(44)) - raft.server.watch.timeout = 10s (default)
2021-08-24 17:28:52,016 [omNode-1@group-523986131536-LeaderElection14] INFO  server.RaftServerConfigKeys (ConfUtils.java:logGet(44)) - raft.server.watch.timeout.denomination = 1s (default)
2021-08-24 17:28:52,016 [omNode-1@group-523986131536-LeaderElection14] INFO  server.RaftServerConfigKeys (ConfUtils.java:logGet(44)) - raft.server.watch.element-limit = 65536 (default)
2021-08-24 17:28:52,016 [omNode-1@group-523986131536-LeaderElection14] INFO  server.RaftServerConfigKeys (ConfUtils.java:logGet(44)) - raft.server.log.appender.snapshot.chunk.size.max = 16MB (=16777216) (default)
2021-08-24 17:28:52,016 [omNode-1@group-523986131536-LeaderElection14] INFO  server.RaftServerConfigKeys (ConfUtils.java:logGet(44)) - raft.server.log.appender.buffer.byte-limit = 33554432 (custom)
2021-08-24 17:28:52,016 [omNode-1@group-523986131536-LeaderElection14] INFO  server.RaftServerConfigKeys (ConfUtils.java:logGet(44)) - raft.server.log.appender.buffer.element-limit = 1024 (custom)
2021-08-24 17:28:52,016 [omNode-1@group-523986131536-LeaderElection14] INFO  grpc.GrpcConfigKeys (ConfUtils.java:logGet(44)) - raft.grpc.server.leader.outstanding.appends.max = 128 (default)
2021-08-24 17:28:52,017 [omNode-1@group-523986131536-LeaderElection14] INFO  server.RaftServerConfigKeys (ConfUtils.java:logGet(44)) - raft.server.rpc.request.timeout = 3000ms (default)
2021-08-24 17:28:52,017 [omNode-1@group-523986131536-LeaderElection14] INFO  server.RaftServerConfigKeys (ConfUtils.java:logGet(44)) - raft.server.log.appender.install.snapshot.enabled = false (custom)
2021-08-24 17:28:52,020 [Listener at 127.0.0.1/13276] WARN  impl.MetricRegistriesImpl (MetricRegistriesImpl.java:addReporterRegistration(111)) - New reporters are added after registries were created. Some metrics will be missing from the reporter. Please add reporter before adding any new registry.
2021-08-24 17:28:52,020 [Listener at 127.0.0.1/13276] WARN  impl.MetricRegistriesImpl (MetricRegistriesImpl.java:addReporterRegistration(111)) - New reporters are added after registries were created. Some metrics will be missing from the reporter. Please add reporter before adding any new registry.
2021-08-24 17:28:52,021 [Listener at 127.0.0.1/13276] INFO  impl.MetricsSystemImpl (MetricsSystemImpl.java:init(158)) - HddsDatanode metrics system started (again)
2021-08-24 17:28:52,020 [omNode-1@group-523986131536-LeaderElection14] INFO  server.RaftServerConfigKeys (ConfUtils.java:logGet(44)) - raft.server.log.appender.snapshot.chunk.size.max = 16MB (=16777216) (default)
2021-08-24 17:28:52,021 [omNode-1@group-523986131536-LeaderElection14] INFO  server.RaftServerConfigKeys (ConfUtils.java:logGet(44)) - raft.server.log.appender.buffer.byte-limit = 33554432 (custom)
2021-08-24 17:28:52,021 [omNode-1@group-523986131536-LeaderElection14] INFO  server.RaftServerConfigKeys (ConfUtils.java:logGet(44)) - raft.server.log.appender.buffer.element-limit = 1024 (custom)
2021-08-24 17:28:52,021 [omNode-1@group-523986131536-LeaderElection14] INFO  grpc.GrpcConfigKeys (ConfUtils.java:logGet(44)) - raft.grpc.server.leader.outstanding.appends.max = 128 (default)
2021-08-24 17:28:52,021 [omNode-1@group-523986131536-LeaderElection14] INFO  server.RaftServerConfigKeys (ConfUtils.java:logGet(44)) - raft.server.rpc.request.timeout = 3000ms (default)
2021-08-24 17:28:52,021 [omNode-1@group-523986131536-LeaderElection14] INFO  server.RaftServerConfigKeys (ConfUtils.java:logGet(44)) - raft.server.log.appender.install.snapshot.enabled = false (custom)
2021-08-24 17:28:52,022 [omNode-1@group-523986131536-LeaderElection14] INFO  impl.RoleInfo (RoleInfo.java:updateAndGet(130)) - omNode-1: start omNode-1@group-523986131536-LeaderStateImpl
2021-08-24 17:28:52,026 [omNode-1@group-523986131536-LeaderElection14] INFO  segmented.SegmentedRaftLogWorker (SegmentedRaftLogWorker.java:startLogSegment(394)) - omNode-1@group-523986131536-SegmentedRaftLogWorker: Starting segment from index:0
2021-08-24 17:28:52,035 [omNode-1@group-523986131536-SegmentedRaftLogWorker] INFO  segmented.SegmentedRaftLogWorker (SegmentedRaftLogWorker.java:execute(601)) - omNode-1@group-523986131536-SegmentedRaftLogWorker: created new log segment /home/runner/work/ozone/ozone/hadoop-ozone/integration-test/target/test-dir/MiniOzoneClusterImpl-013421b4-bdfc-48e1-b28d-0fb3f9f00c6e/omNode-1/ratis/c9bc4cf4-3bc3-3c60-a66b-523986131536/current/log_inprogress_0
2021-08-24 17:28:52,050 [grpc-default-executor-2] WARN  server.GrpcLogAppender (LogUtils.java:warn(122)) - omNode-1@group-523986131536->omNode-3-AppendLogResponseHandler: Failed appendEntries: org.apache.ratis.thirdparty.io.grpc.StatusRuntimeException: UNAVAILABLE: io exception
2021-08-24 17:28:52,058 [Listener at 127.0.0.1/13276] INFO  ozone.HddsDatanodeService (HddsDatanodeService.java:start(234)) - HddsDatanodeService host:fv-az297-489.nmf1rxwemy4u5di1sxxf4ejcwb.jx.internal.cloudapp.net ip:10.1.0.28
2021-08-24 17:28:52,066 [grpc-default-executor-2] WARN  server.GrpcLogAppender (GrpcLogAppender.java:resetClient(111)) - omNode-1@group-523986131536->omNode-3-GrpcLogAppender: Leader has not got in touch with Follower omNode-1@group-523986131536->omNode-3(c-1,m0,n1, attendVote=true, lastRpcSendTime=1, lastRpcResponseTime=1250) yet, just keep nextIndex unchanged and retry.
2021-08-24 17:28:52,070 [omNode-1@group-523986131536-LeaderElection14] INFO  server.RaftServer$Division (ServerState.java:setRaftConf(387)) - omNode-1@group-523986131536: set configuration 0: [omNode-3|rpc:localhost:13280|admin:|client:|dataStream:|priority:0, omNode-1|rpc:localhost:13268|admin:|client:|dataStream:|priority:0, omNode-2|rpc:localhost:13274|admin:|client:|dataStream:|priority:0], old=null
2021-08-24 17:28:52,071 [omNode-1@group-523986131536-StateMachineUpdater] INFO  ratis.OzoneManagerStateMachine (OzoneManagerStateMachine.java:notifyConfigurationChanged(188)) - Received Configuration change notification from Ratis. New Peer list:
[id: "omNode-3"
address: "localhost:13280"
, id: "omNode-1"
address: "localhost:13268"
, id: "omNode-2"
address: "localhost:13274"
]
2021-08-24 17:28:52,079 [grpc-default-executor-0] INFO  server.RaftServer$Division (ServerState.java:setLeader(285)) - omNode-2@group-523986131536: change Leader from null to omNode-1 at term 1 for appendEntries, leader elected after 733ms
2021-08-24 17:28:52,092 [grpc-default-executor-2] INFO  server.RaftServer$Division (ServerState.java:setRaftConf(387)) - omNode-2@group-523986131536: set configuration 0: [omNode-3|rpc:localhost:13280|admin:|client:|dataStream:|priority:0, omNode-1|rpc:localhost:13268|admin:|client:|dataStream:|priority:0, omNode-2|rpc:localhost:13274|admin:|client:|dataStream:|priority:0], old=null
2021-08-24 17:28:52,092 [grpc-default-executor-2] INFO  segmented.SegmentedRaftLogWorker (SegmentedRaftLogWorker.java:startLogSegment(394)) - omNode-2@group-523986131536-SegmentedRaftLogWorker: Starting segment from index:0
2021-08-24 17:28:52,104 [omNode-2@group-523986131536-SegmentedRaftLogWorker] INFO  segmented.SegmentedRaftLogWorker (SegmentedRaftLogWorker.java:execute(601)) - omNode-2@group-523986131536-SegmentedRaftLogWorker: created new log segment /home/runner/work/ozone/ozone/hadoop-ozone/integration-test/target/test-dir/MiniOzoneClusterImpl-013421b4-bdfc-48e1-b28d-0fb3f9f00c6e/omNode-2/ratis/c9bc4cf4-3bc3-3c60-a66b-523986131536/current/log_inprogress_0
2021-08-24 17:28:52,124 [omNode-2@group-523986131536-StateMachineUpdater] INFO  ratis.OzoneManagerStateMachine (OzoneManagerStateMachine.java:notifyConfigurationChanged(188)) - Received Configuration change notification from Ratis. New Peer list:
[id: "omNode-3"
address: "localhost:13280"
, id: "omNode-1"
address: "localhost:13268"
, id: "omNode-2"
address: "localhost:13274"
]
2021-08-24 17:28:52,126 [Listener at 127.0.0.1/13276] INFO  upgrade.AbstractLayoutVersionManager (AbstractLayoutVersionManager.java:init(70)) - Initializing Layout version manager with metadata layout = SCM_HA (version = 2), software layout = SCM_HA (version = 2)
2021-08-24 17:28:52,145 [EndpointStateMachine task thread for /0.0.0.0:35951 - 0 ] INFO  ipc.Client (Client.java:handleConnectionFailure(977)) - Retrying connect to server: 0.0.0.0/0.0.0.0:35951. Already tried 2 time(s); retry policy is RetryUpToMaximumCountWithFixedSleep(maxRetries=15, sleepTime=1000 MILLISECONDS)
2021-08-24 17:28:52,278 [Listener at 127.0.0.1/13276] INFO  reflections.Reflections (Reflections.java:scan(232)) - Reflections took 151 ms to scan 7 urls, producing 120 keys and 275 values 
2021-08-24 17:28:52,306 [Listener at 127.0.0.1/13276] INFO  volume.HddsVolume (HddsVolume.java:<init>(120)) - Creating HddsVolume: /home/runner/work/ozone/ozone/hadoop-ozone/integration-test/target/test-dir/MiniOzoneClusterImpl-013421b4-bdfc-48e1-b28d-0fb3f9f00c6e/datanode-0/data-0/containers/hdds of storage type : DISK capacity : 9223372036854775807
2021-08-24 17:28:52,307 [Listener at 127.0.0.1/13276] INFO  volume.MutableVolumeSet (MutableVolumeSet.java:initializeVolumeSet(181)) - Added Volume : /home/runner/work/ozone/ozone/hadoop-ozone/integration-test/target/test-dir/MiniOzoneClusterImpl-013421b4-bdfc-48e1-b28d-0fb3f9f00c6e/datanode-0/data-0/containers/hdds to VolumeSet
2021-08-24 17:28:52,307 [Listener at 127.0.0.1/13276] INFO  volume.ThrottledAsyncChecker (ThrottledAsyncChecker.java:schedule(141)) - Scheduling a check for /home/runner/work/ozone/ozone/hadoop-ozone/integration-test/target/test-dir/MiniOzoneClusterImpl-013421b4-bdfc-48e1-b28d-0fb3f9f00c6e/datanode-0/data-0/containers/hdds
2021-08-24 17:28:52,326 [Listener at 127.0.0.1/13276] INFO  volume.StorageVolumeChecker (StorageVolumeChecker.java:checkAllVolumes(202)) - Scheduled health check for volume /home/runner/work/ozone/ozone/hadoop-ozone/integration-test/target/test-dir/MiniOzoneClusterImpl-013421b4-bdfc-48e1-b28d-0fb3f9f00c6e/datanode-0/data-0/containers/hdds
2021-08-24 17:28:52,358 [Listener at 127.0.0.1/13276] INFO  volume.MutableVolumeSet (MutableVolumeSet.java:initializeVolumeSet(181)) - Added Volume : /home/runner/work/ozone/ozone/hadoop-ozone/integration-test/target/test-dir/MiniOzoneClusterImpl-013421b4-bdfc-48e1-b28d-0fb3f9f00c6e/datanode-0/data/ratis to VolumeSet
2021-08-24 17:28:52,376 [Listener at 127.0.0.1/13276] INFO  volume.ThrottledAsyncChecker (ThrottledAsyncChecker.java:schedule(141)) - Scheduling a check for /home/runner/work/ozone/ozone/hadoop-ozone/integration-test/target/test-dir/MiniOzoneClusterImpl-013421b4-bdfc-48e1-b28d-0fb3f9f00c6e/datanode-0/data/ratis
2021-08-24 17:28:52,377 [Listener at 127.0.0.1/13276] INFO  volume.StorageVolumeChecker (StorageVolumeChecker.java:checkAllVolumes(202)) - Scheduled health check for volume /home/runner/work/ozone/ozone/hadoop-ozone/integration-test/target/test-dir/MiniOzoneClusterImpl-013421b4-bdfc-48e1-b28d-0fb3f9f00c6e/datanode-0/data/ratis
2021-08-24 17:28:52,407 [Listener at 127.0.0.1/13276] INFO  ozoneimpl.ContainerReader (ContainerReader.java:<init>(98)) - Running in upgrade mode:true
2021-08-24 17:28:52,418 [Thread-798] INFO  ozoneimpl.ContainerReader (ContainerReader.java:readVolume(142)) - Start to verify containers on volume /home/runner/work/ozone/ozone/hadoop-ozone/integration-test/target/test-dir/MiniOzoneClusterImpl-013421b4-bdfc-48e1-b28d-0fb3f9f00c6e/datanode-0/data-0/containers/hdds
2021-08-24 17:28:52,418 [Thread-798] INFO  ozoneimpl.ContainerReader (ContainerReader.java:readVolume(174)) - Finish verifying containers on volume /home/runner/work/ozone/ozone/hadoop-ozone/integration-test/target/test-dir/MiniOzoneClusterImpl-013421b4-bdfc-48e1-b28d-0fb3f9f00c6e/datanode-0/data-0/containers/hdds
2021-08-24 17:28:52,418 [Listener at 127.0.0.1/13276] INFO  ozoneimpl.OzoneContainer (OzoneContainer.java:buildContainerSet(237)) - Build ContainerSet costs 0s
2021-08-24 17:28:52,420 [Listener at 127.0.0.1/13276] INFO  server.RaftServer (ConfUtils.java:logGet(44)) - raft.rpc.type = GRPC (default)
2021-08-24 17:28:52,421 [Listener at 127.0.0.1/13276] INFO  grpc.GrpcFactory (GrpcFactory.java:checkPooledByteBufAllocatorUseCacheForAllThreads(48)) - PERFORMANCE WARNING: useCacheForAllThreads is true that may cause Netty to create a lot garbage objects and, as a result, trigger GC.
	It is recommended to disable useCacheForAllThreads by setting -Dorg.apache.ratis.thirdparty.io.netty.allocator.useCacheForAllThreads=false in command line.
2021-08-24 17:28:52,421 [Listener at 127.0.0.1/13276] INFO  grpc.GrpcConfigKeys (ConfUtils.java:logGet(44)) - raft.grpc.admin.port = 0 (custom)
2021-08-24 17:28:52,421 [Listener at 127.0.0.1/13276] INFO  grpc.GrpcConfigKeys (ConfUtils.java:logGet(44)) - raft.grpc.client.port = 0 (custom)
2021-08-24 17:28:52,422 [Listener at 127.0.0.1/13276] INFO  grpc.GrpcConfigKeys (ConfUtils.java:logGet(44)) - raft.grpc.server.port = 0 (default)
2021-08-24 17:28:52,422 [Listener at 127.0.0.1/13276] INFO  server.GrpcService (ConfUtils.java:logGet(44)) - raft.grpc.message.size.max = 32MB (=33554432) (custom)
2021-08-24 17:28:52,422 [Listener at 127.0.0.1/13276] INFO  server.RaftServerConfigKeys (ConfUtils.java:logGet(44)) - raft.server.log.appender.buffer.byte-limit = 33554432 (custom)
2021-08-24 17:28:52,422 [Listener at 127.0.0.1/13276] INFO  server.GrpcService (ConfUtils.java:logGet(44)) - raft.grpc.flow.control.window = 5MB (=5242880) (custom)
2021-08-24 17:28:52,423 [Listener at 127.0.0.1/13276] INFO  server.RaftServerConfigKeys (ConfUtils.java:logGet(44)) - raft.server.rpc.request.timeout = 60s (custom)
2021-08-24 17:28:52,424 [Listener at 127.0.0.1/13276] INFO  impl.DataStreamServerImpl (ConfUtils.java:logGet(44)) - raft.datastream.type = DISABLED (default)
2021-08-24 17:28:52,424 [Listener at 127.0.0.1/13276] INFO  server.RaftServerConfigKeys (ConfUtils.java:logGet(44)) - raft.server.rpc.slowness.timeout = 300s (custom)
2021-08-24 17:28:52,424 [Listener at 127.0.0.1/13276] INFO  server.RaftServerConfigKeys (ConfUtils.java:logGet(44)) - raft.server.leaderelection.leader.step-down.wait-time = 10s (default)
2021-08-24 17:28:52,424 [Listener at 127.0.0.1/13276] INFO  server.RaftServerConfigKeys (ConfUtils.java:logGet(44)) - raft.server.storage.dir = [/home/runner/work/ozone/ozone/hadoop-ozone/integration-test/target/test-dir/MiniOzoneClusterImpl-013421b4-bdfc-48e1-b28d-0fb3f9f00c6e/datanode-0/data/ratis] (custom)
2021-08-24 17:28:52,436 [Listener at 127.0.0.1/13276] INFO  http.BaseHttpServer (BaseHttpServer.java:newHttpServer2BuilderForOzone(209)) - Starting Web-server for hddsDatanode at: http://0.0.0.0:0
2021-08-24 17:28:52,436 [Listener at 127.0.0.1/13276] INFO  http.BaseHttpServer (BaseHttpServer.java:<init>(107)) - Hadoop Security Enabled: false Ozone Security Enabled: false Ozone HTTP Security Enabled: false 
2021-08-24 17:28:52,437 [Listener at 127.0.0.1/13276] INFO  server.AuthenticationFilter (AuthenticationFilter.java:constructSecretProvider(240)) - Unable to initialize FileSignerSecretProvider, falling back to use random secrets.
2021-08-24 17:28:52,446 [Listener at 127.0.0.1/13276] WARN  http.HttpRequestLog (HttpRequestLog.java:getRequestLog(103)) - Jetty request log can only be enabled using Log4j
2021-08-24 17:28:52,446 [Listener at 127.0.0.1/13276] INFO  http.HttpServer2 (HttpServer2.java:addGlobalFilter(1030)) - Added global filter 'safety' (class=org.apache.hadoop.hdds.server.http.HttpServer2$QuotingInputFilter)
2021-08-24 17:28:52,447 [Listener at 127.0.0.1/13276] INFO  http.HttpServer2 (HttpServer2.java:addFilter(1006)) - Added filter static_user_filter (class=org.apache.hadoop.http.lib.StaticUserWebFilter$StaticUserFilter) to context hddsDatanode
2021-08-24 17:28:52,447 [Listener at 127.0.0.1/13276] INFO  http.HttpServer2 (HttpServer2.java:addFilter(1014)) - Added filter static_user_filter (class=org.apache.hadoop.http.lib.StaticUserWebFilter$StaticUserFilter) to context logs
2021-08-24 17:28:52,447 [Listener at 127.0.0.1/13276] INFO  http.HttpServer2 (HttpServer2.java:addFilter(1014)) - Added filter static_user_filter (class=org.apache.hadoop.http.lib.StaticUserWebFilter$StaticUserFilter) to context static
2021-08-24 17:28:52,448 [Listener at 127.0.0.1/13276] INFO  http.HttpServer2 (HttpServer2.java:bindListener(1249)) - Jetty bound to port 44381
2021-08-24 17:28:52,448 [Listener at 127.0.0.1/13276] INFO  server.Server (Server.java:doStart(375)) - jetty-9.4.43.v20210629; built: 2021-06-30T11:07:22.254Z; git: 526006ecfa3af7f1a27ef3a288e2bef7ea9dd7e8; jvm 1.8.0_292-b10
2021-08-24 17:28:52,469 [Listener at 127.0.0.1/13276] INFO  server.session (DefaultSessionIdManager.java:doStart(334)) - DefaultSessionIdManager workerName=node0
2021-08-24 17:28:52,469 [Listener at 127.0.0.1/13276] INFO  server.session (DefaultSessionIdManager.java:doStart(339)) - No SessionScavenger set, using defaults
2021-08-24 17:28:52,469 [Listener at 127.0.0.1/13276] INFO  server.session (HouseKeeper.java:startScavenging(132)) - node0 Scavenging every 600000ms
2021-08-24 17:28:52,471 [Listener at 127.0.0.1/13276] INFO  handler.ContextHandler (ContextHandler.java:doStart(915)) - Started o.e.j.s.ServletContextHandler@12b8b7c8{logs,/logs,file:///home/runner/work/ozone/ozone/hadoop-ozone/integration-test/target/log,AVAILABLE}
2021-08-24 17:28:52,471 [Listener at 127.0.0.1/13276] INFO  handler.ContextHandler (ContextHandler.java:doStart(915)) - Started o.e.j.s.ServletContextHandler@4f1dbd13{static,/static,jar:file:/home/runner/.m2/repository/org/apache/ozone/hdds-container-service/1.2.0-SNAPSHOT/hdds-container-service-1.2.0-SNAPSHOT.jar!/webapps/static,AVAILABLE}
2021-08-24 17:28:52,529 [Listener at 127.0.0.1/13276] INFO  handler.ContextHandler (ContextHandler.java:doStart(915)) - Started o.e.j.w.WebAppContext@64cd555c{hddsDatanode,/,file:///tmp/jetty-0_0_0_0-44381-hdds-container-service-1_2_0-SNAPSHOT_jar-_-any-1741617643152496434/webapp/,AVAILABLE}{jar:file:/home/runner/.m2/repository/org/apache/ozone/hdds-container-service/1.2.0-SNAPSHOT/hdds-container-service-1.2.0-SNAPSHOT.jar!/webapps/hddsDatanode}
2021-08-24 17:28:52,546 [Listener at 127.0.0.1/13276] INFO  server.AbstractConnector (AbstractConnector.java:doStart(331)) - Started ServerConnector@2359b4fe{HTTP/1.1, (http/1.1)}{0.0.0.0:44381}
2021-08-24 17:28:52,546 [Listener at 127.0.0.1/13276] INFO  server.Server (Server.java:doStart(415)) - Started @50065ms
2021-08-24 17:28:52,546 [Listener at 127.0.0.1/13276] WARN  impl.MetricsSystemImpl (MetricsSystemImpl.java:register(279)) - Sink prometheus already exists!
2021-08-24 17:28:52,554 [Listener at 127.0.0.1/13276] INFO  http.BaseHttpServer (BaseHttpServer.java:updateConnectorAddress(329)) - HTTP server of hddsDatanode listening at http://0.0.0.0:44381
2021-08-24 17:28:52,565 [grpc-default-executor-2] WARN  server.GrpcLogAppender (LogUtils.java:warn(122)) - omNode-1@group-523986131536->omNode-3-AppendLogResponseHandler: Failed appendEntries: org.apache.ratis.thirdparty.io.grpc.StatusRuntimeException: UNAVAILABLE: io exception
2021-08-24 17:28:52,567 [grpc-default-executor-2] WARN  server.GrpcLogAppender (GrpcLogAppender.java:resetClient(111)) - omNode-1@group-523986131536->omNode-3-GrpcLogAppender: Leader has not got in touch with Follower omNode-1@group-523986131536->omNode-3(c-1,m0,n1, attendVote=true, lastRpcSendTime=1, lastRpcResponseTime=1750) yet, just keep nextIndex unchanged and retry.
2021-08-24 17:28:52,577 [Listener at 127.0.0.1/13276] WARN  impl.MetricRegistriesImpl (MetricRegistriesImpl.java:addReporterRegistration(111)) - New reporters are added after registries were created. Some metrics will be missing from the reporter. Please add reporter before adding any new registry.
2021-08-24 17:28:52,577 [Listener at 127.0.0.1/13276] WARN  impl.MetricRegistriesImpl (MetricRegistriesImpl.java:addReporterRegistration(111)) - New reporters are added after registries were created. Some metrics will be missing from the reporter. Please add reporter before adding any new registry.
2021-08-24 17:28:52,577 [Listener at 127.0.0.1/13276] INFO  impl.MetricsSystemImpl (MetricsSystemImpl.java:init(158)) - HddsDatanode metrics system started (again)
2021-08-24 17:28:52,618 [org.apache.hadoop.util.JvmPauseMonitor$Monitor@71c18350] INFO  util.JvmPauseMonitor (JvmPauseMonitor.java:run(188)) - Starting JVM pause monitor
2021-08-24 17:28:52,639 [Listener at 127.0.0.1/13276] INFO  ozone.HddsDatanodeService (HddsDatanodeService.java:start(234)) - HddsDatanodeService host:fv-az297-489.nmf1rxwemy4u5di1sxxf4ejcwb.jx.internal.cloudapp.net ip:10.1.0.28
2021-08-24 17:28:52,640 [Datanode State Machine Task Thread - 0] INFO  datanode.InitDatanodeState (InitDatanodeState.java:persistContainerDatanodeDetails(145)) - DatanodeDetails is persisted to /home/runner/work/ozone/ozone/hadoop-ozone/integration-test/target/test-dir/MiniOzoneClusterImpl-013421b4-bdfc-48e1-b28d-0fb3f9f00c6e/datanode-0/meta/datanode.id
2021-08-24 17:28:52,685 [Listener at 127.0.0.1/13276] INFO  upgrade.AbstractLayoutVersionManager (AbstractLayoutVersionManager.java:init(70)) - Initializing Layout version manager with metadata layout = SCM_HA (version = 2), software layout = SCM_HA (version = 2)
2021-08-24 17:28:52,794 [Listener at 127.0.0.1/13276] INFO  reflections.Reflections (Reflections.java:scan(232)) - Reflections took 108 ms to scan 7 urls, producing 120 keys and 275 values 
2021-08-24 17:28:52,810 [Listener at 127.0.0.1/13276] INFO  volume.HddsVolume (HddsVolume.java:<init>(120)) - Creating HddsVolume: /home/runner/work/ozone/ozone/hadoop-ozone/integration-test/target/test-dir/MiniOzoneClusterImpl-013421b4-bdfc-48e1-b28d-0fb3f9f00c6e/datanode-1/data-0/containers/hdds of storage type : DISK capacity : 9223372036854775807
2021-08-24 17:28:52,811 [Listener at 127.0.0.1/13276] INFO  volume.MutableVolumeSet (MutableVolumeSet.java:initializeVolumeSet(181)) - Added Volume : /home/runner/work/ozone/ozone/hadoop-ozone/integration-test/target/test-dir/MiniOzoneClusterImpl-013421b4-bdfc-48e1-b28d-0fb3f9f00c6e/datanode-1/data-0/containers/hdds to VolumeSet
2021-08-24 17:28:52,811 [Listener at 127.0.0.1/13276] INFO  volume.ThrottledAsyncChecker (ThrottledAsyncChecker.java:schedule(141)) - Scheduling a check for /home/runner/work/ozone/ozone/hadoop-ozone/integration-test/target/test-dir/MiniOzoneClusterImpl-013421b4-bdfc-48e1-b28d-0fb3f9f00c6e/datanode-1/data-0/containers/hdds
2021-08-24 17:28:52,824 [Listener at 127.0.0.1/13276] INFO  volume.StorageVolumeChecker (StorageVolumeChecker.java:checkAllVolumes(202)) - Scheduled health check for volume /home/runner/work/ozone/ozone/hadoop-ozone/integration-test/target/test-dir/MiniOzoneClusterImpl-013421b4-bdfc-48e1-b28d-0fb3f9f00c6e/datanode-1/data-0/containers/hdds
2021-08-24 17:28:52,837 [Listener at 127.0.0.1/13276] INFO  volume.MutableVolumeSet (MutableVolumeSet.java:initializeVolumeSet(181)) - Added Volume : /home/runner/work/ozone/ozone/hadoop-ozone/integration-test/target/test-dir/MiniOzoneClusterImpl-013421b4-bdfc-48e1-b28d-0fb3f9f00c6e/datanode-1/data/ratis to VolumeSet
2021-08-24 17:28:52,862 [Listener at 127.0.0.1/13276] INFO  volume.ThrottledAsyncChecker (ThrottledAsyncChecker.java:schedule(141)) - Scheduling a check for /home/runner/work/ozone/ozone/hadoop-ozone/integration-test/target/test-dir/MiniOzoneClusterImpl-013421b4-bdfc-48e1-b28d-0fb3f9f00c6e/datanode-1/data/ratis
2021-08-24 17:28:52,862 [Listener at 127.0.0.1/13276] INFO  volume.StorageVolumeChecker (StorageVolumeChecker.java:checkAllVolumes(202)) - Scheduled health check for volume /home/runner/work/ozone/ozone/hadoop-ozone/integration-test/target/test-dir/MiniOzoneClusterImpl-013421b4-bdfc-48e1-b28d-0fb3f9f00c6e/datanode-1/data/ratis
2021-08-24 17:28:52,904 [Listener at 127.0.0.1/13276] INFO  ozoneimpl.ContainerReader (ContainerReader.java:<init>(98)) - Running in upgrade mode:true
2021-08-24 17:28:52,918 [Thread-811] INFO  ozoneimpl.ContainerReader (ContainerReader.java:readVolume(142)) - Start to verify containers on volume /home/runner/work/ozone/ozone/hadoop-ozone/integration-test/target/test-dir/MiniOzoneClusterImpl-013421b4-bdfc-48e1-b28d-0fb3f9f00c6e/datanode-1/data-0/containers/hdds
2021-08-24 17:28:52,918 [Thread-811] INFO  ozoneimpl.ContainerReader (ContainerReader.java:readVolume(174)) - Finish verifying containers on volume /home/runner/work/ozone/ozone/hadoop-ozone/integration-test/target/test-dir/MiniOzoneClusterImpl-013421b4-bdfc-48e1-b28d-0fb3f9f00c6e/datanode-1/data-0/containers/hdds
2021-08-24 17:28:52,918 [Listener at 127.0.0.1/13276] INFO  ozoneimpl.OzoneContainer (OzoneContainer.java:buildContainerSet(237)) - Build ContainerSet costs 0s
2021-08-24 17:28:52,924 [Listener at 127.0.0.1/13276] INFO  server.RaftServer (ConfUtils.java:logGet(44)) - raft.rpc.type = GRPC (default)
2021-08-24 17:28:52,924 [Listener at 127.0.0.1/13276] INFO  grpc.GrpcFactory (GrpcFactory.java:checkPooledByteBufAllocatorUseCacheForAllThreads(48)) - PERFORMANCE WARNING: useCacheForAllThreads is true that may cause Netty to create a lot garbage objects and, as a result, trigger GC.
	It is recommended to disable useCacheForAllThreads by setting -Dorg.apache.ratis.thirdparty.io.netty.allocator.useCacheForAllThreads=false in command line.
2021-08-24 17:28:52,924 [Listener at 127.0.0.1/13276] INFO  grpc.GrpcConfigKeys (ConfUtils.java:logGet(44)) - raft.grpc.admin.port = 0 (custom)
2021-08-24 17:28:52,925 [Listener at 127.0.0.1/13276] INFO  grpc.GrpcConfigKeys (ConfUtils.java:logGet(44)) - raft.grpc.client.port = 0 (custom)
2021-08-24 17:28:52,925 [Listener at 127.0.0.1/13276] INFO  grpc.GrpcConfigKeys (ConfUtils.java:logGet(44)) - raft.grpc.server.port = 0 (default)
2021-08-24 17:28:52,925 [Listener at 127.0.0.1/13276] INFO  server.GrpcService (ConfUtils.java:logGet(44)) - raft.grpc.message.size.max = 32MB (=33554432) (custom)
2021-08-24 17:28:52,926 [Listener at 127.0.0.1/13276] INFO  server.RaftServerConfigKeys (ConfUtils.java:logGet(44)) - raft.server.log.appender.buffer.byte-limit = 33554432 (custom)
2021-08-24 17:28:52,926 [Listener at 127.0.0.1/13276] INFO  server.GrpcService (ConfUtils.java:logGet(44)) - raft.grpc.flow.control.window = 5MB (=5242880) (custom)
2021-08-24 17:28:52,926 [Listener at 127.0.0.1/13276] INFO  server.RaftServerConfigKeys (ConfUtils.java:logGet(44)) - raft.server.rpc.request.timeout = 60s (custom)
2021-08-24 17:28:52,928 [Listener at 127.0.0.1/13276] INFO  impl.DataStreamServerImpl (ConfUtils.java:logGet(44)) - raft.datastream.type = DISABLED (default)
2021-08-24 17:28:52,928 [Listener at 127.0.0.1/13276] INFO  server.RaftServerConfigKeys (ConfUtils.java:logGet(44)) - raft.server.rpc.slowness.timeout = 300s (custom)
2021-08-24 17:28:52,928 [Listener at 127.0.0.1/13276] INFO  server.RaftServerConfigKeys (ConfUtils.java:logGet(44)) - raft.server.leaderelection.leader.step-down.wait-time = 10s (default)
2021-08-24 17:28:52,932 [Listener at 127.0.0.1/13276] INFO  server.RaftServerConfigKeys (ConfUtils.java:logGet(44)) - raft.server.storage.dir = [/home/runner/work/ozone/ozone/hadoop-ozone/integration-test/target/test-dir/MiniOzoneClusterImpl-013421b4-bdfc-48e1-b28d-0fb3f9f00c6e/datanode-1/data/ratis] (custom)
2021-08-24 17:28:52,952 [Listener at 127.0.0.1/13276] INFO  http.BaseHttpServer (BaseHttpServer.java:newHttpServer2BuilderForOzone(209)) - Starting Web-server for hddsDatanode at: http://0.0.0.0:0
2021-08-24 17:28:52,952 [Listener at 127.0.0.1/13276] INFO  http.BaseHttpServer (BaseHttpServer.java:<init>(107)) - Hadoop Security Enabled: false Ozone Security Enabled: false Ozone HTTP Security Enabled: false 
2021-08-24 17:28:52,953 [Listener at 127.0.0.1/13276] INFO  server.AuthenticationFilter (AuthenticationFilter.java:constructSecretProvider(240)) - Unable to initialize FileSignerSecretProvider, falling back to use random secrets.
2021-08-24 17:28:52,958 [Listener at 127.0.0.1/13276] WARN  http.HttpRequestLog (HttpRequestLog.java:getRequestLog(103)) - Jetty request log can only be enabled using Log4j
2021-08-24 17:28:52,958 [Listener at 127.0.0.1/13276] INFO  http.HttpServer2 (HttpServer2.java:addGlobalFilter(1030)) - Added global filter 'safety' (class=org.apache.hadoop.hdds.server.http.HttpServer2$QuotingInputFilter)
2021-08-24 17:28:52,959 [Listener at 127.0.0.1/13276] INFO  http.HttpServer2 (HttpServer2.java:addFilter(1006)) - Added filter static_user_filter (class=org.apache.hadoop.http.lib.StaticUserWebFilter$StaticUserFilter) to context hddsDatanode
2021-08-24 17:28:52,959 [Listener at 127.0.0.1/13276] INFO  http.HttpServer2 (HttpServer2.java:addFilter(1014)) - Added filter static_user_filter (class=org.apache.hadoop.http.lib.StaticUserWebFilter$StaticUserFilter) to context logs
2021-08-24 17:28:52,959 [Listener at 127.0.0.1/13276] INFO  http.HttpServer2 (HttpServer2.java:addFilter(1014)) - Added filter static_user_filter (class=org.apache.hadoop.http.lib.StaticUserWebFilter$StaticUserFilter) to context static
2021-08-24 17:28:52,960 [Listener at 127.0.0.1/13276] INFO  http.HttpServer2 (HttpServer2.java:bindListener(1249)) - Jetty bound to port 43459
2021-08-24 17:28:52,960 [Listener at 127.0.0.1/13276] INFO  server.Server (Server.java:doStart(375)) - jetty-9.4.43.v20210629; built: 2021-06-30T11:07:22.254Z; git: 526006ecfa3af7f1a27ef3a288e2bef7ea9dd7e8; jvm 1.8.0_292-b10
2021-08-24 17:28:53,022 [Listener at 127.0.0.1/13276] INFO  server.session (DefaultSessionIdManager.java:doStart(334)) - DefaultSessionIdManager workerName=node0
2021-08-24 17:28:53,022 [Listener at 127.0.0.1/13276] INFO  server.session (DefaultSessionIdManager.java:doStart(339)) - No SessionScavenger set, using defaults
2021-08-24 17:28:53,022 [Listener at 127.0.0.1/13276] INFO  server.session (HouseKeeper.java:startScavenging(132)) - node0 Scavenging every 660000ms
2021-08-24 17:28:53,026 [Listener at 127.0.0.1/13276] INFO  handler.ContextHandler (ContextHandler.java:doStart(915)) - Started o.e.j.s.ServletContextHandler@2d385605{logs,/logs,file:///home/runner/work/ozone/ozone/hadoop-ozone/integration-test/target/log,AVAILABLE}
2021-08-24 17:28:53,026 [Listener at 127.0.0.1/13276] INFO  handler.ContextHandler (ContextHandler.java:doStart(915)) - Started o.e.j.s.ServletContextHandler@7fe1202c{static,/static,jar:file:/home/runner/.m2/repository/org/apache/ozone/hdds-container-service/1.2.0-SNAPSHOT/hdds-container-service-1.2.0-SNAPSHOT.jar!/webapps/static,AVAILABLE}
2021-08-24 17:28:53,069 [grpc-default-executor-2] WARN  server.GrpcLogAppender (LogUtils.java:warn(122)) - omNode-1@group-523986131536->omNode-3-AppendLogResponseHandler: Failed appendEntries: org.apache.ratis.thirdparty.io.grpc.StatusRuntimeException: UNAVAILABLE: io exception
2021-08-24 17:28:53,069 [grpc-default-executor-2] WARN  server.GrpcLogAppender (GrpcLogAppender.java:resetClient(111)) - omNode-1@group-523986131536->omNode-3-GrpcLogAppender: Leader has not got in touch with Follower omNode-1@group-523986131536->omNode-3(c-1,m0,n1, attendVote=true, lastRpcSendTime=504, lastRpcResponseTime=2253) yet, just keep nextIndex unchanged and retry.
2021-08-24 17:28:53,145 [EndpointStateMachine task thread for /0.0.0.0:35951 - 0 ] INFO  ipc.Client (Client.java:handleConnectionFailure(977)) - Retrying connect to server: 0.0.0.0/0.0.0.0:35951. Already tried 3 time(s); retry policy is RetryUpToMaximumCountWithFixedSleep(maxRetries=15, sleepTime=1000 MILLISECONDS)
2021-08-24 17:28:53,161 [Listener at 127.0.0.1/13276] INFO  handler.ContextHandler (ContextHandler.java:doStart(915)) - Started o.e.j.w.WebAppContext@735e9176{hddsDatanode,/,file:///tmp/jetty-0_0_0_0-43459-hdds-container-service-1_2_0-SNAPSHOT_jar-_-any-3349272576911110414/webapp/,AVAILABLE}{jar:file:/home/runner/.m2/repository/org/apache/ozone/hdds-container-service/1.2.0-SNAPSHOT/hdds-container-service-1.2.0-SNAPSHOT.jar!/webapps/hddsDatanode}
2021-08-24 17:28:53,180 [Listener at 127.0.0.1/13276] INFO  server.AbstractConnector (AbstractConnector.java:doStart(331)) - Started ServerConnector@5d576790{HTTP/1.1, (http/1.1)}{0.0.0.0:43459}
2021-08-24 17:28:53,180 [Listener at 127.0.0.1/13276] INFO  server.Server (Server.java:doStart(415)) - Started @50699ms
2021-08-24 17:28:53,180 [Listener at 127.0.0.1/13276] WARN  impl.MetricsSystemImpl (MetricsSystemImpl.java:register(279)) - Sink prometheus already exists!
2021-08-24 17:28:53,181 [Listener at 127.0.0.1/13276] INFO  http.BaseHttpServer (BaseHttpServer.java:updateConnectorAddress(329)) - HTTP server of hddsDatanode listening at http://0.0.0.0:43459
2021-08-24 17:28:53,190 [Listener at 127.0.0.1/13276] WARN  impl.MetricRegistriesImpl (MetricRegistriesImpl.java:addReporterRegistration(111)) - New reporters are added after registries were created. Some metrics will be missing from the reporter. Please add reporter before adding any new registry.
2021-08-24 17:28:53,190 [Listener at 127.0.0.1/13276] WARN  impl.MetricRegistriesImpl (MetricRegistriesImpl.java:addReporterRegistration(111)) - New reporters are added after registries were created. Some metrics will be missing from the reporter. Please add reporter before adding any new registry.
2021-08-24 17:28:53,190 [Listener at 127.0.0.1/13276] INFO  impl.MetricsSystemImpl (MetricsSystemImpl.java:init(158)) - HddsDatanode metrics system started (again)
2021-08-24 17:28:53,219 [Listener at 127.0.0.1/13276] INFO  ozone.HddsDatanodeService (HddsDatanodeService.java:start(234)) - HddsDatanodeService host:fv-az297-489.nmf1rxwemy4u5di1sxxf4ejcwb.jx.internal.cloudapp.net ip:10.1.0.28
2021-08-24 17:28:53,234 [org.apache.hadoop.util.JvmPauseMonitor$Monitor@1574b501] INFO  util.JvmPauseMonitor (JvmPauseMonitor.java:run(188)) - Starting JVM pause monitor
2021-08-24 17:28:53,253 [Datanode State Machine Task Thread - 0] INFO  datanode.InitDatanodeState (InitDatanodeState.java:persistContainerDatanodeDetails(145)) - DatanodeDetails is persisted to /home/runner/work/ozone/ozone/hadoop-ozone/integration-test/target/test-dir/MiniOzoneClusterImpl-013421b4-bdfc-48e1-b28d-0fb3f9f00c6e/datanode-1/meta/datanode.id
2021-08-24 17:28:53,306 [Listener at 127.0.0.1/13276] INFO  upgrade.AbstractLayoutVersionManager (AbstractLayoutVersionManager.java:init(70)) - Initializing Layout version manager with metadata layout = SCM_HA (version = 2), software layout = SCM_HA (version = 2)
2021-08-24 17:28:53,414 [Listener at 127.0.0.1/13276] INFO  reflections.Reflections (Reflections.java:scan(232)) - Reflections took 106 ms to scan 7 urls, producing 120 keys and 275 values 
2021-08-24 17:28:53,434 [Listener at 127.0.0.1/13276] INFO  volume.HddsVolume (HddsVolume.java:<init>(120)) - Creating HddsVolume: /home/runner/work/ozone/ozone/hadoop-ozone/integration-test/target/test-dir/MiniOzoneClusterImpl-013421b4-bdfc-48e1-b28d-0fb3f9f00c6e/datanode-2/data-0/containers/hdds of storage type : DISK capacity : 9223372036854775807
2021-08-24 17:28:53,434 [Listener at 127.0.0.1/13276] INFO  volume.MutableVolumeSet (MutableVolumeSet.java:initializeVolumeSet(181)) - Added Volume : /home/runner/work/ozone/ozone/hadoop-ozone/integration-test/target/test-dir/MiniOzoneClusterImpl-013421b4-bdfc-48e1-b28d-0fb3f9f00c6e/datanode-2/data-0/containers/hdds to VolumeSet
2021-08-24 17:28:53,435 [Listener at 127.0.0.1/13276] INFO  volume.ThrottledAsyncChecker (ThrottledAsyncChecker.java:schedule(141)) - Scheduling a check for /home/runner/work/ozone/ozone/hadoop-ozone/integration-test/target/test-dir/MiniOzoneClusterImpl-013421b4-bdfc-48e1-b28d-0fb3f9f00c6e/datanode-2/data-0/containers/hdds
2021-08-24 17:28:53,450 [Listener at 127.0.0.1/13276] INFO  volume.StorageVolumeChecker (StorageVolumeChecker.java:checkAllVolumes(202)) - Scheduled health check for volume /home/runner/work/ozone/ozone/hadoop-ozone/integration-test/target/test-dir/MiniOzoneClusterImpl-013421b4-bdfc-48e1-b28d-0fb3f9f00c6e/datanode-2/data-0/containers/hdds
2021-08-24 17:28:53,473 [Listener at 127.0.0.1/13276] INFO  volume.MutableVolumeSet (MutableVolumeSet.java:initializeVolumeSet(181)) - Added Volume : /home/runner/work/ozone/ozone/hadoop-ozone/integration-test/target/test-dir/MiniOzoneClusterImpl-013421b4-bdfc-48e1-b28d-0fb3f9f00c6e/datanode-2/data/ratis to VolumeSet
2021-08-24 17:28:53,473 [Listener at 127.0.0.1/13276] INFO  volume.ThrottledAsyncChecker (ThrottledAsyncChecker.java:schedule(141)) - Scheduling a check for /home/runner/work/ozone/ozone/hadoop-ozone/integration-test/target/test-dir/MiniOzoneClusterImpl-013421b4-bdfc-48e1-b28d-0fb3f9f00c6e/datanode-2/data/ratis
2021-08-24 17:28:53,474 [Listener at 127.0.0.1/13276] INFO  volume.StorageVolumeChecker (StorageVolumeChecker.java:checkAllVolumes(202)) - Scheduled health check for volume /home/runner/work/ozone/ozone/hadoop-ozone/integration-test/target/test-dir/MiniOzoneClusterImpl-013421b4-bdfc-48e1-b28d-0fb3f9f00c6e/datanode-2/data/ratis
2021-08-24 17:28:53,493 [Listener at 127.0.0.1/13276] INFO  ozoneimpl.ContainerReader (ContainerReader.java:<init>(98)) - Running in upgrade mode:true
2021-08-24 17:28:53,514 [Thread-824] INFO  ozoneimpl.ContainerReader (ContainerReader.java:readVolume(142)) - Start to verify containers on volume /home/runner/work/ozone/ozone/hadoop-ozone/integration-test/target/test-dir/MiniOzoneClusterImpl-013421b4-bdfc-48e1-b28d-0fb3f9f00c6e/datanode-2/data-0/containers/hdds
2021-08-24 17:28:53,514 [Thread-824] INFO  ozoneimpl.ContainerReader (ContainerReader.java:readVolume(174)) - Finish verifying containers on volume /home/runner/work/ozone/ozone/hadoop-ozone/integration-test/target/test-dir/MiniOzoneClusterImpl-013421b4-bdfc-48e1-b28d-0fb3f9f00c6e/datanode-2/data-0/containers/hdds
2021-08-24 17:28:53,514 [Listener at 127.0.0.1/13276] INFO  ozoneimpl.OzoneContainer (OzoneContainer.java:buildContainerSet(237)) - Build ContainerSet costs 0s
2021-08-24 17:28:53,516 [Listener at 127.0.0.1/13276] INFO  server.RaftServer (ConfUtils.java:logGet(44)) - raft.rpc.type = GRPC (default)
2021-08-24 17:28:53,527 [Listener at 127.0.0.1/13276] INFO  grpc.GrpcFactory (GrpcFactory.java:checkPooledByteBufAllocatorUseCacheForAllThreads(48)) - PERFORMANCE WARNING: useCacheForAllThreads is true that may cause Netty to create a lot garbage objects and, as a result, trigger GC.
	It is recommended to disable useCacheForAllThreads by setting -Dorg.apache.ratis.thirdparty.io.netty.allocator.useCacheForAllThreads=false in command line.
2021-08-24 17:28:53,527 [Listener at 127.0.0.1/13276] INFO  grpc.GrpcConfigKeys (ConfUtils.java:logGet(44)) - raft.grpc.admin.port = 0 (custom)
2021-08-24 17:28:53,530 [Listener at 127.0.0.1/13276] INFO  grpc.GrpcConfigKeys (ConfUtils.java:logGet(44)) - raft.grpc.client.port = 0 (custom)
2021-08-24 17:28:53,535 [Listener at 127.0.0.1/13276] INFO  grpc.GrpcConfigKeys (ConfUtils.java:logGet(44)) - raft.grpc.server.port = 0 (default)
2021-08-24 17:28:53,535 [Listener at 127.0.0.1/13276] INFO  server.GrpcService (ConfUtils.java:logGet(44)) - raft.grpc.message.size.max = 32MB (=33554432) (custom)
2021-08-24 17:28:53,536 [Listener at 127.0.0.1/13276] INFO  server.RaftServerConfigKeys (ConfUtils.java:logGet(44)) - raft.server.log.appender.buffer.byte-limit = 33554432 (custom)
2021-08-24 17:28:53,536 [Listener at 127.0.0.1/13276] INFO  server.GrpcService (ConfUtils.java:logGet(44)) - raft.grpc.flow.control.window = 5MB (=5242880) (custom)
2021-08-24 17:28:53,536 [Listener at 127.0.0.1/13276] INFO  server.RaftServerConfigKeys (ConfUtils.java:logGet(44)) - raft.server.rpc.request.timeout = 60s (custom)
2021-08-24 17:28:53,543 [Listener at 127.0.0.1/13276] INFO  impl.DataStreamServerImpl (ConfUtils.java:logGet(44)) - raft.datastream.type = DISABLED (default)
2021-08-24 17:28:53,543 [Listener at 127.0.0.1/13276] INFO  server.RaftServerConfigKeys (ConfUtils.java:logGet(44)) - raft.server.rpc.slowness.timeout = 300s (custom)
2021-08-24 17:28:53,543 [Listener at 127.0.0.1/13276] INFO  server.RaftServerConfigKeys (ConfUtils.java:logGet(44)) - raft.server.leaderelection.leader.step-down.wait-time = 10s (default)
2021-08-24 17:28:53,543 [Listener at 127.0.0.1/13276] INFO  server.RaftServerConfigKeys (ConfUtils.java:logGet(44)) - raft.server.storage.dir = [/home/runner/work/ozone/ozone/hadoop-ozone/integration-test/target/test-dir/MiniOzoneClusterImpl-013421b4-bdfc-48e1-b28d-0fb3f9f00c6e/datanode-2/data/ratis] (custom)
2021-08-24 17:28:53,554 [Listener at 127.0.0.1/13276] INFO  http.BaseHttpServer (BaseHttpServer.java:newHttpServer2BuilderForOzone(209)) - Starting Web-server for hddsDatanode at: http://0.0.0.0:0
2021-08-24 17:28:53,562 [Listener at 127.0.0.1/13276] INFO  http.BaseHttpServer (BaseHttpServer.java:<init>(107)) - Hadoop Security Enabled: false Ozone Security Enabled: false Ozone HTTP Security Enabled: false 
2021-08-24 17:28:53,563 [Listener at 127.0.0.1/13276] INFO  server.AuthenticationFilter (AuthenticationFilter.java:constructSecretProvider(240)) - Unable to initialize FileSignerSecretProvider, falling back to use random secrets.
2021-08-24 17:28:53,563 [Listener at 127.0.0.1/13276] WARN  http.HttpRequestLog (HttpRequestLog.java:getRequestLog(103)) - Jetty request log can only be enabled using Log4j
2021-08-24 17:28:53,565 [Listener at 127.0.0.1/13276] INFO  http.HttpServer2 (HttpServer2.java:addGlobalFilter(1030)) - Added global filter 'safety' (class=org.apache.hadoop.hdds.server.http.HttpServer2$QuotingInputFilter)
2021-08-24 17:28:53,566 [Listener at 127.0.0.1/13276] INFO  http.HttpServer2 (HttpServer2.java:addFilter(1006)) - Added filter static_user_filter (class=org.apache.hadoop.http.lib.StaticUserWebFilter$StaticUserFilter) to context hddsDatanode
2021-08-24 17:28:53,566 [Listener at 127.0.0.1/13276] INFO  http.HttpServer2 (HttpServer2.java:addFilter(1014)) - Added filter static_user_filter (class=org.apache.hadoop.http.lib.StaticUserWebFilter$StaticUserFilter) to context logs
2021-08-24 17:28:53,566 [Listener at 127.0.0.1/13276] INFO  http.HttpServer2 (HttpServer2.java:addFilter(1014)) - Added filter static_user_filter (class=org.apache.hadoop.http.lib.StaticUserWebFilter$StaticUserFilter) to context static
2021-08-24 17:28:53,567 [Listener at 127.0.0.1/13276] INFO  http.HttpServer2 (HttpServer2.java:bindListener(1249)) - Jetty bound to port 33433
2021-08-24 17:28:53,567 [Listener at 127.0.0.1/13276] INFO  server.Server (Server.java:doStart(375)) - jetty-9.4.43.v20210629; built: 2021-06-30T11:07:22.254Z; git: 526006ecfa3af7f1a27ef3a288e2bef7ea9dd7e8; jvm 1.8.0_292-b10
2021-08-24 17:28:53,570 [grpc-default-executor-2] WARN  server.GrpcLogAppender (LogUtils.java:warn(122)) - omNode-1@group-523986131536->omNode-3-AppendLogResponseHandler: Failed appendEntries: org.apache.ratis.thirdparty.io.grpc.StatusRuntimeException: UNAVAILABLE: io exception
2021-08-24 17:28:53,571 [grpc-default-executor-2] WARN  server.GrpcLogAppender (GrpcLogAppender.java:resetClient(111)) - omNode-1@group-523986131536->omNode-3-GrpcLogAppender: Leader has not got in touch with Follower omNode-1@group-523986131536->omNode-3(c-1,m0,n1, attendVote=true, lastRpcSendTime=500, lastRpcResponseTime=2754) yet, just keep nextIndex unchanged and retry.
2021-08-24 17:28:53,626 [Listener at 127.0.0.1/13276] INFO  server.session (DefaultSessionIdManager.java:doStart(334)) - DefaultSessionIdManager workerName=node0
2021-08-24 17:28:53,626 [Listener at 127.0.0.1/13276] INFO  server.session (DefaultSessionIdManager.java:doStart(339)) - No SessionScavenger set, using defaults
2021-08-24 17:28:53,626 [Listener at 127.0.0.1/13276] INFO  server.session (HouseKeeper.java:startScavenging(132)) - node0 Scavenging every 660000ms
2021-08-24 17:28:53,635 [Listener at 127.0.0.1/13276] INFO  handler.ContextHandler (ContextHandler.java:doStart(915)) - Started o.e.j.s.ServletContextHandler@6ab93e29{logs,/logs,file:///home/runner/work/ozone/ozone/hadoop-ozone/integration-test/target/log,AVAILABLE}
2021-08-24 17:28:53,635 [Listener at 127.0.0.1/13276] INFO  handler.ContextHandler (ContextHandler.java:doStart(915)) - Started o.e.j.s.ServletContextHandler@4eb7521e{static,/static,jar:file:/home/runner/.m2/repository/org/apache/ozone/hdds-container-service/1.2.0-SNAPSHOT/hdds-container-service-1.2.0-SNAPSHOT.jar!/webapps/static,AVAILABLE}
2021-08-24 17:28:53,778 [Listener at 127.0.0.1/13276] INFO  handler.ContextHandler (ContextHandler.java:doStart(915)) - Started o.e.j.w.WebAppContext@5ecce5d7{hddsDatanode,/,file:///tmp/jetty-0_0_0_0-33433-hdds-container-service-1_2_0-SNAPSHOT_jar-_-any-217453957601750017/webapp/,AVAILABLE}{jar:file:/home/runner/.m2/repository/org/apache/ozone/hdds-container-service/1.2.0-SNAPSHOT/hdds-container-service-1.2.0-SNAPSHOT.jar!/webapps/hddsDatanode}
2021-08-24 17:28:53,794 [Listener at 127.0.0.1/13276] INFO  server.AbstractConnector (AbstractConnector.java:doStart(331)) - Started ServerConnector@60050ce6{HTTP/1.1, (http/1.1)}{0.0.0.0:33433}
2021-08-24 17:28:53,794 [Listener at 127.0.0.1/13276] INFO  server.Server (Server.java:doStart(415)) - Started @51313ms
2021-08-24 17:28:53,795 [Listener at 127.0.0.1/13276] WARN  impl.MetricsSystemImpl (MetricsSystemImpl.java:register(279)) - Sink prometheus already exists!
2021-08-24 17:28:53,799 [Listener at 127.0.0.1/13276] INFO  http.BaseHttpServer (BaseHttpServer.java:updateConnectorAddress(329)) - HTTP server of hddsDatanode listening at http://0.0.0.0:33433
2021-08-24 17:28:53,800 [Listener at 127.0.0.1/13276] INFO  ozone.MiniOzoneClusterImpl (MiniOzoneClusterImpl.java:lambda$waitForClusterToBeReady$0(235)) - Waiting for nodes to be ready. Got 0 of 3 DN Heartbeats.
2021-08-24 17:28:53,800 [Listener at 127.0.0.1/13276] INFO  ozone.MiniOzoneClusterImpl (MiniOzoneClusterImpl.java:lambda$waitForClusterToBeReady$0(238)) - Waiting for cluster to exit safe mode
2021-08-24 17:28:53,800 [Listener at 127.0.0.1/13276] INFO  ozone.MiniOzoneClusterImpl (MiniOzoneClusterImpl.java:lambda$waitForClusterToBeReady$0(240)) - SCM became leader
2021-08-24 17:28:53,897 [org.apache.hadoop.util.JvmPauseMonitor$Monitor@45b967c6] INFO  util.JvmPauseMonitor (JvmPauseMonitor.java:run(188)) - Starting JVM pause monitor
2021-08-24 17:28:53,900 [Datanode State Machine Task Thread - 0] INFO  datanode.InitDatanodeState (InitDatanodeState.java:persistContainerDatanodeDetails(145)) - DatanodeDetails is persisted to /home/runner/work/ozone/ozone/hadoop-ozone/integration-test/target/test-dir/MiniOzoneClusterImpl-013421b4-bdfc-48e1-b28d-0fb3f9f00c6e/datanode-2/meta/datanode.id
2021-08-24 17:28:54,072 [grpc-default-executor-2] WARN  server.GrpcLogAppender (LogUtils.java:warn(122)) - omNode-1@group-523986131536->omNode-3-AppendLogResponseHandler: Failed appendEntries: org.apache.ratis.thirdparty.io.grpc.StatusRuntimeException: UNAVAILABLE: io exception
2021-08-24 17:28:54,073 [grpc-default-executor-2] WARN  server.GrpcLogAppender (GrpcLogAppender.java:resetClient(111)) - omNode-1@group-523986131536->omNode-3-GrpcLogAppender: Leader has not got in touch with Follower omNode-1@group-523986131536->omNode-3(c-1,m0,n1, attendVote=true, lastRpcSendTime=501, lastRpcResponseTime=3257) yet, just keep nextIndex unchanged and retry.
2021-08-24 17:28:54,146 [EndpointStateMachine task thread for /0.0.0.0:35951 - 0 ] INFO  ipc.Client (Client.java:handleConnectionFailure(977)) - Retrying connect to server: 0.0.0.0/0.0.0.0:35951. Already tried 4 time(s); retry policy is RetryUpToMaximumCountWithFixedSleep(maxRetries=15, sleepTime=1000 MILLISECONDS)
2021-08-24 17:28:54,586 [grpc-default-executor-2] WARN  server.GrpcLogAppender (LogUtils.java:warn(122)) - omNode-1@group-523986131536->omNode-3-AppendLogResponseHandler: Failed appendEntries: org.apache.ratis.thirdparty.io.grpc.StatusRuntimeException: UNAVAILABLE: io exception
2021-08-24 17:28:54,587 [grpc-default-executor-2] WARN  server.GrpcLogAppender (GrpcLogAppender.java:resetClient(111)) - omNode-1@group-523986131536->omNode-3-GrpcLogAppender: Leader has not got in touch with Follower omNode-1@group-523986131536->omNode-3(c-1,m0,n1, attendVote=true, lastRpcSendTime=0, lastRpcResponseTime=3770) yet, just keep nextIndex unchanged and retry.
2021-08-24 17:28:54,699 [EndpointStateMachine task thread for /0.0.0.0:39803 - 0 ] INFO  ozoneimpl.OzoneContainer (OzoneContainer.java:start(305)) - Attempting to start container services.
2021-08-24 17:28:54,699 [EndpointStateMachine task thread for /0.0.0.0:39803 - 0 ] INFO  ozoneimpl.OzoneContainer (OzoneContainer.java:startContainerScrub(250)) - Background container scanner has been disabled.
2021-08-24 17:28:54,700 [EndpointStateMachine task thread for /0.0.0.0:39803 - 0 ] INFO  replication.ReplicationServer (ReplicationServer.java:start(107)) - ReplicationServer is started using port 37015
2021-08-24 17:28:54,706 [EndpointStateMachine task thread for /0.0.0.0:39803 - 0 ] INFO  ratis.XceiverServerRatis (XceiverServerRatis.java:start(482)) - Starting XceiverServerRatis 09a15da1-6242-4e82-84e8-d6513e6d0a72
2021-08-24 17:28:54,710 [EndpointStateMachine task thread for /0.0.0.0:39803 - 0 ] INFO  server.RaftServer (RaftServerProxy.java:lambda$start$5(374)) - 09a15da1-6242-4e82-84e8-d6513e6d0a72: start RPC server
2021-08-24 17:28:54,714 [EndpointStateMachine task thread for /0.0.0.0:39803 - 0 ] INFO  server.GrpcService (GrpcService.java:startImpl(253)) - 09a15da1-6242-4e82-84e8-d6513e6d0a72: GrpcService started, listening on 38023
2021-08-24 17:28:54,734 [EndpointStateMachine task thread for /0.0.0.0:39803 - 0 ] INFO  ratis.XceiverServerRatis (XceiverServerRatis.java:getRealPort(503)) - XceiverServerRatis 09a15da1-6242-4e82-84e8-d6513e6d0a72 is started using port 38023 for RATIS
2021-08-24 17:28:54,734 [EndpointStateMachine task thread for /0.0.0.0:39803 - 0 ] INFO  ratis.XceiverServerRatis (XceiverServerRatis.java:getRealPort(503)) - XceiverServerRatis 09a15da1-6242-4e82-84e8-d6513e6d0a72 is started using port 38023 for RATIS_ADMIN
2021-08-24 17:28:54,734 [EndpointStateMachine task thread for /0.0.0.0:39803 - 0 ] INFO  ratis.XceiverServerRatis (XceiverServerRatis.java:getRealPort(503)) - XceiverServerRatis 09a15da1-6242-4e82-84e8-d6513e6d0a72 is started using port 38023 for RATIS_SERVER
2021-08-24 17:28:54,738 [EndpointStateMachine task thread for /0.0.0.0:39803 - 0 ] INFO  server.XceiverServerGrpc (XceiverServerGrpc.java:start(135)) - XceiverServerGrpc 09a15da1-6242-4e82-84e8-d6513e6d0a72 is started using port 40673
2021-08-24 17:28:54,738 [org.apache.ratis.util.JvmPauseMonitor$$Lambda$596/1246764203@5780f33a] INFO  util.JvmPauseMonitor (JvmPauseMonitor.java:run(103)) - JvmPauseMonitor-09a15da1-6242-4e82-84e8-d6513e6d0a72: Started
2021-08-24 17:28:54,801 [Listener at 127.0.0.1/13276] INFO  ozone.MiniOzoneClusterImpl (MiniOzoneClusterImpl.java:lambda$waitForClusterToBeReady$0(235)) - Waiting for nodes to be ready. Got 0 of 3 DN Heartbeats.
2021-08-24 17:28:54,801 [Listener at 127.0.0.1/13276] INFO  ozone.MiniOzoneClusterImpl (MiniOzoneClusterImpl.java:lambda$waitForClusterToBeReady$0(238)) - Waiting for cluster to exit safe mode
2021-08-24 17:28:54,801 [Listener at 127.0.0.1/13276] INFO  ozone.MiniOzoneClusterImpl (MiniOzoneClusterImpl.java:lambda$waitForClusterToBeReady$0(240)) - SCM became leader
2021-08-24 17:28:55,098 [grpc-default-executor-2] WARN  server.GrpcLogAppender (LogUtils.java:warn(122)) - omNode-1@group-523986131536->omNode-3-AppendLogResponseHandler: Failed appendEntries: org.apache.ratis.thirdparty.io.grpc.StatusRuntimeException: UNAVAILABLE: io exception
2021-08-24 17:28:55,098 [grpc-default-executor-2] WARN  server.GrpcLogAppender (GrpcLogAppender.java:resetClient(111)) - omNode-1@group-523986131536->omNode-3-GrpcLogAppender: Leader has not got in touch with Follower omNode-1@group-523986131536->omNode-3(c-1,m0,n1, attendVote=true, lastRpcSendTime=512, lastRpcResponseTime=4282) yet, just keep nextIndex unchanged and retry.
2021-08-24 17:28:55,146 [EndpointStateMachine task thread for /0.0.0.0:35951 - 0 ] INFO  ipc.Client (Client.java:handleConnectionFailure(977)) - Retrying connect to server: 0.0.0.0/0.0.0.0:35951. Already tried 5 time(s); retry policy is RetryUpToMaximumCountWithFixedSleep(maxRetries=15, sleepTime=1000 MILLISECONDS)
2021-08-24 17:28:55,267 [EndpointStateMachine task thread for /0.0.0.0:39803 - 0 ] INFO  ozoneimpl.OzoneContainer (OzoneContainer.java:start(305)) - Attempting to start container services.
2021-08-24 17:28:55,267 [EndpointStateMachine task thread for /0.0.0.0:39803 - 0 ] INFO  ozoneimpl.OzoneContainer (OzoneContainer.java:startContainerScrub(250)) - Background container scanner has been disabled.
2021-08-24 17:28:55,268 [EndpointStateMachine task thread for /0.0.0.0:39803 - 0 ] INFO  replication.ReplicationServer (ReplicationServer.java:start(107)) - ReplicationServer is started using port 42323
2021-08-24 17:28:55,269 [EndpointStateMachine task thread for /0.0.0.0:39803 - 0 ] INFO  ratis.XceiverServerRatis (XceiverServerRatis.java:start(482)) - Starting XceiverServerRatis e8d1986c-780f-4d33-a74d-27dc83e10bbb
2021-08-24 17:28:55,302 [EndpointStateMachine task thread for /0.0.0.0:39803 - 0 ] INFO  server.RaftServer (RaftServerProxy.java:lambda$start$5(374)) - e8d1986c-780f-4d33-a74d-27dc83e10bbb: start RPC server
2021-08-24 17:28:55,306 [EndpointStateMachine task thread for /0.0.0.0:39803 - 0 ] INFO  server.GrpcService (GrpcService.java:startImpl(253)) - e8d1986c-780f-4d33-a74d-27dc83e10bbb: GrpcService started, listening on 42563
2021-08-24 17:28:55,322 [EndpointStateMachine task thread for /0.0.0.0:39803 - 0 ] INFO  ratis.XceiverServerRatis (XceiverServerRatis.java:getRealPort(503)) - XceiverServerRatis e8d1986c-780f-4d33-a74d-27dc83e10bbb is started using port 42563 for RATIS
2021-08-24 17:28:55,322 [EndpointStateMachine task thread for /0.0.0.0:39803 - 0 ] INFO  ratis.XceiverServerRatis (XceiverServerRatis.java:getRealPort(503)) - XceiverServerRatis e8d1986c-780f-4d33-a74d-27dc83e10bbb is started using port 42563 for RATIS_ADMIN
2021-08-24 17:28:55,322 [org.apache.ratis.util.JvmPauseMonitor$$Lambda$596/1246764203@689b2bf1] INFO  util.JvmPauseMonitor (JvmPauseMonitor.java:run(103)) - JvmPauseMonitor-e8d1986c-780f-4d33-a74d-27dc83e10bbb: Started
2021-08-24 17:28:55,323 [EndpointStateMachine task thread for /0.0.0.0:39803 - 0 ] INFO  ratis.XceiverServerRatis (XceiverServerRatis.java:getRealPort(503)) - XceiverServerRatis e8d1986c-780f-4d33-a74d-27dc83e10bbb is started using port 42563 for RATIS_SERVER
2021-08-24 17:28:55,330 [EndpointStateMachine task thread for /0.0.0.0:39803 - 0 ] INFO  server.XceiverServerGrpc (XceiverServerGrpc.java:start(135)) - XceiverServerGrpc e8d1986c-780f-4d33-a74d-27dc83e10bbb is started using port 34051
2021-08-24 17:28:55,610 [grpc-default-executor-2] WARN  server.GrpcLogAppender (LogUtils.java:warn(122)) - omNode-1@group-523986131536->omNode-3-AppendLogResponseHandler: Failed appendEntries: org.apache.ratis.thirdparty.io.grpc.StatusRuntimeException: UNAVAILABLE: io exception
2021-08-24 17:28:55,610 [grpc-default-executor-2] WARN  server.GrpcLogAppender (GrpcLogAppender.java:resetClient(111)) - omNode-1@group-523986131536->omNode-3-GrpcLogAppender: Leader has not got in touch with Follower omNode-1@group-523986131536->omNode-3(c-1,m0,n1, attendVote=true, lastRpcSendTime=511, lastRpcResponseTime=4794) yet, just keep nextIndex unchanged and retry.
2021-08-24 17:28:55,801 [Listener at 127.0.0.1/13276] INFO  ozone.MiniOzoneClusterImpl (MiniOzoneClusterImpl.java:lambda$waitForClusterToBeReady$0(235)) - Waiting for nodes to be ready. Got 0 of 3 DN Heartbeats.
2021-08-24 17:28:55,801 [Listener at 127.0.0.1/13276] INFO  ozone.MiniOzoneClusterImpl (MiniOzoneClusterImpl.java:lambda$waitForClusterToBeReady$0(238)) - Waiting for cluster to exit safe mode
2021-08-24 17:28:55,801 [Listener at 127.0.0.1/13276] INFO  ozone.MiniOzoneClusterImpl (MiniOzoneClusterImpl.java:lambda$waitForClusterToBeReady$0(240)) - SCM became leader
2021-08-24 17:28:55,927 [EndpointStateMachine task thread for /0.0.0.0:39803 - 0 ] INFO  ozoneimpl.OzoneContainer (OzoneContainer.java:start(305)) - Attempting to start container services.
2021-08-24 17:28:55,927 [EndpointStateMachine task thread for /0.0.0.0:39803 - 0 ] INFO  ozoneimpl.OzoneContainer (OzoneContainer.java:startContainerScrub(250)) - Background container scanner has been disabled.
2021-08-24 17:28:55,928 [EndpointStateMachine task thread for /0.0.0.0:39803 - 0 ] INFO  replication.ReplicationServer (ReplicationServer.java:start(107)) - ReplicationServer is started using port 43189
2021-08-24 17:28:55,929 [EndpointStateMachine task thread for /0.0.0.0:39803 - 0 ] INFO  ratis.XceiverServerRatis (XceiverServerRatis.java:start(482)) - Starting XceiverServerRatis 6297aa79-c9f3-4b67-b89c-6a3b1390e4ad
2021-08-24 17:28:55,929 [EndpointStateMachine task thread for /0.0.0.0:39803 - 0 ] INFO  server.RaftServer (RaftServerProxy.java:lambda$start$5(374)) - 6297aa79-c9f3-4b67-b89c-6a3b1390e4ad: start RPC server
2021-08-24 17:28:55,934 [EndpointStateMachine task thread for /0.0.0.0:39803 - 0 ] INFO  server.GrpcService (GrpcService.java:startImpl(253)) - 6297aa79-c9f3-4b67-b89c-6a3b1390e4ad: GrpcService started, listening on 45341
2021-08-24 17:28:55,942 [EndpointStateMachine task thread for /0.0.0.0:39803 - 0 ] INFO  ratis.XceiverServerRatis (XceiverServerRatis.java:getRealPort(503)) - XceiverServerRatis 6297aa79-c9f3-4b67-b89c-6a3b1390e4ad is started using port 45341 for RATIS
2021-08-24 17:28:55,942 [EndpointStateMachine task thread for /0.0.0.0:39803 - 0 ] INFO  ratis.XceiverServerRatis (XceiverServerRatis.java:getRealPort(503)) - XceiverServerRatis 6297aa79-c9f3-4b67-b89c-6a3b1390e4ad is started using port 45341 for RATIS_ADMIN
2021-08-24 17:28:55,942 [EndpointStateMachine task thread for /0.0.0.0:39803 - 0 ] INFO  ratis.XceiverServerRatis (XceiverServerRatis.java:getRealPort(503)) - XceiverServerRatis 6297aa79-c9f3-4b67-b89c-6a3b1390e4ad is started using port 45341 for RATIS_SERVER
2021-08-24 17:28:55,942 [EndpointStateMachine task thread for /0.0.0.0:39803 - 0 ] INFO  server.XceiverServerGrpc (XceiverServerGrpc.java:start(135)) - XceiverServerGrpc 6297aa79-c9f3-4b67-b89c-6a3b1390e4ad is started using port 43485
2021-08-24 17:28:55,943 [org.apache.ratis.util.JvmPauseMonitor$$Lambda$596/1246764203@15eed5ab] INFO  util.JvmPauseMonitor (JvmPauseMonitor.java:run(103)) - JvmPauseMonitor-6297aa79-c9f3-4b67-b89c-6a3b1390e4ad: Started
2021-08-24 17:28:56,119 [grpc-default-executor-2] WARN  server.GrpcLogAppender (LogUtils.java:warn(122)) - omNode-1@group-523986131536->omNode-3-AppendLogResponseHandler: Failed appendEntries: org.apache.ratis.thirdparty.io.grpc.StatusRuntimeException: UNAVAILABLE: io exception
2021-08-24 17:28:56,120 [grpc-default-executor-2] WARN  server.GrpcLogAppender (GrpcLogAppender.java:resetClient(111)) - omNode-1@group-523986131536->omNode-3-GrpcLogAppender: Leader has not got in touch with Follower omNode-1@group-523986131536->omNode-3(c-1,m0,n1, attendVote=true, lastRpcSendTime=503, lastRpcResponseTime=5303) yet, just keep nextIndex unchanged and retry.
2021-08-24 17:28:56,147 [EndpointStateMachine task thread for /0.0.0.0:35951 - 0 ] INFO  ipc.Client (Client.java:handleConnectionFailure(977)) - Retrying connect to server: 0.0.0.0/0.0.0.0:35951. Already tried 6 time(s); retry policy is RetryUpToMaximumCountWithFixedSleep(maxRetries=15, sleepTime=1000 MILLISECONDS)
2021-08-24 17:28:56,619 [IPC Server handler 5 on default port 39803] INFO  net.NetworkTopologyImpl (NetworkTopologyImpl.java:add(112)) - Added a new node: /default-rack/09a15da1-6242-4e82-84e8-d6513e6d0a72
2021-08-24 17:28:56,620 [IPC Server handler 5 on default port 39803] INFO  node.SCMNodeManager (SCMNodeManager.java:register(390)) - Registered Data node : 09a15da1-6242-4e82-84e8-d6513e6d0a72{ip: 10.1.0.28, host: fv-az297-489.nmf1rxwemy4u5di1sxxf4ejcwb.jx.internal.cloudapp.net, ports: [REPLICATION=37015, RATIS=38023, RATIS_ADMIN=38023, RATIS_SERVER=38023, STANDALONE=40673], networkLocation: /default-rack, certSerialId: null, persistedOpState: null, persistedOpStateExpiryEpochSec: 0}
2021-08-24 17:28:56,622 [EventQueue-NodeRegistrationContainerReportForContainerSafeModeRule] INFO  safemode.SCMSafeModeManager (SCMSafeModeManager.java:validateSafeModeExitRules(204)) - ContainerSafeModeRule rule is successfully validated
2021-08-24 17:28:56,622 [EventQueue-NodeRegistrationContainerReportForDataNodeSafeModeRule] INFO  safemode.SCMSafeModeManager (DataNodeSafeModeRule.java:process(71)) - SCM in safe mode. 1 DataNodes registered, 3 required.
2021-08-24 17:28:56,625 [EventQueue-NewNodeForNewNodeHandler] INFO  pipeline.BackgroundPipelineCreator (BackgroundPipelineCreatorV2.java:notifyEventTriggered(285)) - trigger a one-shot run on RatisPipelineUtilsThread.
2021-08-24 17:28:56,625 [RatisPipelineUtilsThread - 0] INFO  pipeline.RatisPipelineProvider (RatisPipelineProvider.java:lambda$create$0(183)) - Sending CreatePipelineCommand for pipeline:PipelineID=149b9e0f-0b6f-4293-9782-a771c5e605af to datanode:09a15da1-6242-4e82-84e8-d6513e6d0a72
2021-08-24 17:28:56,626 [EventQueue-PipelineReportForOneReplicaPipelineSafeModeRule] INFO  safemode.SCMSafeModeManager (SCMSafeModeManager.java:validateSafeModeExitRules(204)) - AtleastOneDatanodeReportedRule rule is successfully validated
2021-08-24 17:28:56,630 [RatisPipelineUtilsThread - 0] INFO  pipeline.PipelineStateManager (PipelineStateManagerV2Impl.java:addPipeline(101)) - Created pipeline Pipeline[ Id: 149b9e0f-0b6f-4293-9782-a771c5e605af, Nodes: 09a15da1-6242-4e82-84e8-d6513e6d0a72{ip: 10.1.0.28, host: fv-az297-489.nmf1rxwemy4u5di1sxxf4ejcwb.jx.internal.cloudapp.net, ports: [REPLICATION=37015, RATIS=38023, RATIS_ADMIN=38023, RATIS_SERVER=38023, STANDALONE=40673], networkLocation: /default-rack, certSerialId: null, persistedOpState: IN_SERVICE, persistedOpStateExpiryEpochSec: 0}, ReplicationConfig: RATIS/ONE, State:ALLOCATED, leaderId:, CreationTimestamp2021-08-24T17:28:56.625Z[Etc/UTC]].
2021-08-24 17:28:56,631 [grpc-default-executor-2] WARN  server.GrpcLogAppender (LogUtils.java:warn(122)) - omNode-1@group-523986131536->omNode-3-AppendLogResponseHandler: Failed appendEntries: org.apache.ratis.thirdparty.io.grpc.StatusRuntimeException: UNAVAILABLE: io exception
2021-08-24 17:28:56,632 [grpc-default-executor-2] WARN  server.GrpcLogAppender (GrpcLogAppender.java:resetClient(111)) - omNode-1@group-523986131536->omNode-3-GrpcLogAppender: Leader has not got in touch with Follower omNode-1@group-523986131536->omNode-3(c-1,m0,n1, attendVote=true, lastRpcSendTime=511, lastRpcResponseTime=5815) yet, just keep nextIndex unchanged and retry.
2021-08-24 17:28:56,802 [Listener at 127.0.0.1/13276] INFO  ozone.MiniOzoneClusterImpl (MiniOzoneClusterImpl.java:lambda$waitForClusterToBeReady$0(235)) - Waiting for nodes to be ready. Got 1 of 3 DN Heartbeats.
2021-08-24 17:28:56,805 [Listener at 127.0.0.1/13276] INFO  ozone.MiniOzoneClusterImpl (MiniOzoneClusterImpl.java:lambda$waitForClusterToBeReady$0(238)) - Waiting for cluster to exit safe mode
2021-08-24 17:28:56,805 [Listener at 127.0.0.1/13276] INFO  ozone.MiniOzoneClusterImpl (MiniOzoneClusterImpl.java:lambda$waitForClusterToBeReady$0(240)) - SCM became leader
2021-08-24 17:28:57,138 [grpc-default-executor-2] WARN  server.GrpcLogAppender (LogUtils.java:warn(122)) - omNode-1@group-523986131536->omNode-3-AppendLogResponseHandler: Failed appendEntries: org.apache.ratis.thirdparty.io.grpc.StatusRuntimeException: UNAVAILABLE: io exception
2021-08-24 17:28:57,139 [grpc-default-executor-2] WARN  server.GrpcLogAppender (GrpcLogAppender.java:resetClient(111)) - omNode-1@group-523986131536->omNode-3-GrpcLogAppender: Leader has not got in touch with Follower omNode-1@group-523986131536->omNode-3(c-1,m0,n1, attendVote=true, lastRpcSendTime=507, lastRpcResponseTime=6322) yet, just keep nextIndex unchanged and retry.
2021-08-24 17:28:57,147 [EndpointStateMachine task thread for /0.0.0.0:35951 - 0 ] INFO  ipc.Client (Client.java:handleConnectionFailure(977)) - Retrying connect to server: 0.0.0.0/0.0.0.0:35951. Already tried 7 time(s); retry policy is RetryUpToMaximumCountWithFixedSleep(maxRetries=15, sleepTime=1000 MILLISECONDS)
2021-08-24 17:28:57,235 [IPC Server handler 19 on default port 39803] INFO  net.NetworkTopologyImpl (NetworkTopologyImpl.java:add(112)) - Added a new node: /default-rack/e8d1986c-780f-4d33-a74d-27dc83e10bbb
2021-08-24 17:28:57,236 [IPC Server handler 19 on default port 39803] INFO  node.SCMNodeManager (SCMNodeManager.java:register(390)) - Registered Data node : e8d1986c-780f-4d33-a74d-27dc83e10bbb{ip: 10.1.0.28, host: fv-az297-489.nmf1rxwemy4u5di1sxxf4ejcwb.jx.internal.cloudapp.net, ports: [REPLICATION=42323, RATIS=42563, RATIS_ADMIN=42563, RATIS_SERVER=42563, STANDALONE=34051], networkLocation: /default-rack, certSerialId: null, persistedOpState: null, persistedOpStateExpiryEpochSec: 0}
2021-08-24 17:28:57,237 [EventQueue-NewNodeForNewNodeHandler] INFO  pipeline.BackgroundPipelineCreator (BackgroundPipelineCreatorV2.java:notifyEventTriggered(285)) - trigger a one-shot run on RatisPipelineUtilsThread.
2021-08-24 17:28:57,246 [EventQueue-NodeRegistrationContainerReportForDataNodeSafeModeRule] INFO  safemode.SCMSafeModeManager (DataNodeSafeModeRule.java:process(71)) - SCM in safe mode. 2 DataNodes registered, 3 required.
2021-08-24 17:28:57,250 [RatisPipelineUtilsThread - 0] INFO  pipeline.RatisPipelineProvider (RatisPipelineProvider.java:lambda$create$0(183)) - Sending CreatePipelineCommand for pipeline:PipelineID=55d56908-60ab-49cb-82d2-371d8429d248 to datanode:e8d1986c-780f-4d33-a74d-27dc83e10bbb
2021-08-24 17:28:57,250 [RatisPipelineUtilsThread - 0] INFO  pipeline.PipelineStateManager (PipelineStateManagerV2Impl.java:addPipeline(101)) - Created pipeline Pipeline[ Id: 55d56908-60ab-49cb-82d2-371d8429d248, Nodes: e8d1986c-780f-4d33-a74d-27dc83e10bbb{ip: 10.1.0.28, host: fv-az297-489.nmf1rxwemy4u5di1sxxf4ejcwb.jx.internal.cloudapp.net, ports: [REPLICATION=42323, RATIS=42563, RATIS_ADMIN=42563, RATIS_SERVER=42563, STANDALONE=34051], networkLocation: /default-rack, certSerialId: null, persistedOpState: IN_SERVICE, persistedOpStateExpiryEpochSec: 0}, ReplicationConfig: RATIS/ONE, State:ALLOCATED, leaderId:, CreationTimestamp2021-08-24T17:28:57.250Z[Etc/UTC]].
2021-08-24 17:28:57,646 [grpc-default-executor-2] WARN  server.GrpcLogAppender (LogUtils.java:warn(122)) - omNode-1@group-523986131536->omNode-3-AppendLogResponseHandler: Failed appendEntries: org.apache.ratis.thirdparty.io.grpc.StatusRuntimeException: UNAVAILABLE: io exception
2021-08-24 17:28:57,646 [grpc-default-executor-2] WARN  server.GrpcLogAppender (GrpcLogAppender.java:resetClient(111)) - omNode-1@group-523986131536->omNode-3-GrpcLogAppender: Leader has not got in touch with Follower omNode-1@group-523986131536->omNode-3(c-1,m0,n1, attendVote=true, lastRpcSendTime=0, lastRpcResponseTime=6830) yet, just keep nextIndex unchanged and retry.
2021-08-24 17:28:57,805 [Listener at 127.0.0.1/13276] INFO  ozone.MiniOzoneClusterImpl (MiniOzoneClusterImpl.java:lambda$waitForClusterToBeReady$0(235)) - Waiting for nodes to be ready. Got 2 of 3 DN Heartbeats.
2021-08-24 17:28:57,807 [Listener at 127.0.0.1/13276] INFO  ozone.MiniOzoneClusterImpl (MiniOzoneClusterImpl.java:lambda$waitForClusterToBeReady$0(238)) - Waiting for cluster to exit safe mode
2021-08-24 17:28:57,807 [Listener at 127.0.0.1/13276] INFO  ozone.MiniOzoneClusterImpl (MiniOzoneClusterImpl.java:lambda$waitForClusterToBeReady$0(240)) - SCM became leader
2021-08-24 17:28:57,897 [IPC Server handler 4 on default port 39803] INFO  net.NetworkTopologyImpl (NetworkTopologyImpl.java:add(112)) - Added a new node: /default-rack/6297aa79-c9f3-4b67-b89c-6a3b1390e4ad
2021-08-24 17:28:57,899 [IPC Server handler 4 on default port 39803] INFO  node.SCMNodeManager (SCMNodeManager.java:register(390)) - Registered Data node : 6297aa79-c9f3-4b67-b89c-6a3b1390e4ad{ip: 10.1.0.28, host: fv-az297-489.nmf1rxwemy4u5di1sxxf4ejcwb.jx.internal.cloudapp.net, ports: [REPLICATION=43189, RATIS=45341, RATIS_ADMIN=45341, RATIS_SERVER=45341, STANDALONE=43485], networkLocation: /default-rack, certSerialId: null, persistedOpState: null, persistedOpStateExpiryEpochSec: 0}
2021-08-24 17:28:57,900 [EventQueue-NewNodeForNewNodeHandler] INFO  pipeline.BackgroundPipelineCreator (BackgroundPipelineCreatorV2.java:notifyEventTriggered(285)) - trigger a one-shot run on RatisPipelineUtilsThread.
2021-08-24 17:28:57,901 [RatisPipelineUtilsThread - 0] INFO  pipeline.RatisPipelineProvider (RatisPipelineProvider.java:lambda$create$0(183)) - Sending CreatePipelineCommand for pipeline:PipelineID=e0a3254b-148e-4114-9d63-1b6e99baeced to datanode:6297aa79-c9f3-4b67-b89c-6a3b1390e4ad
2021-08-24 17:28:57,901 [RatisPipelineUtilsThread - 0] INFO  pipeline.PipelineStateManager (PipelineStateManagerV2Impl.java:addPipeline(101)) - Created pipeline Pipeline[ Id: e0a3254b-148e-4114-9d63-1b6e99baeced, Nodes: 6297aa79-c9f3-4b67-b89c-6a3b1390e4ad{ip: 10.1.0.28, host: fv-az297-489.nmf1rxwemy4u5di1sxxf4ejcwb.jx.internal.cloudapp.net, ports: [REPLICATION=43189, RATIS=45341, RATIS_ADMIN=45341, RATIS_SERVER=45341, STANDALONE=43485], networkLocation: /default-rack, certSerialId: null, persistedOpState: IN_SERVICE, persistedOpStateExpiryEpochSec: 0}, ReplicationConfig: RATIS/ONE, State:ALLOCATED, leaderId:, CreationTimestamp2021-08-24T17:28:57.901Z[Etc/UTC]].
2021-08-24 17:28:57,914 [EventQueue-NodeRegistrationContainerReportForDataNodeSafeModeRule] INFO  safemode.SCMSafeModeManager (DataNodeSafeModeRule.java:process(71)) - SCM in safe mode. 3 DataNodes registered, 3 required.
2021-08-24 17:28:57,914 [EventQueue-NodeRegistrationContainerReportForDataNodeSafeModeRule] INFO  safemode.SCMSafeModeManager (SCMSafeModeManager.java:validateSafeModeExitRules(204)) - DataNodeSafeModeRule rule is successfully validated
2021-08-24 17:28:57,914 [EventQueue-NodeRegistrationContainerReportForDataNodeSafeModeRule] INFO  safemode.SCMSafeModeManager (SCMSafeModeManager.java:completePreCheck(233)) - All SCM safe mode pre check rules have passed
2021-08-24 17:28:57,914 [EventQueue-NodeRegistrationContainerReportForDataNodeSafeModeRule] WARN  events.EventQueue (EventQueue.java:fireEvent(194)) - No event handler registered for event TypedEvent{payloadType=SafeModeStatus, name='Safe mode status'}
2021-08-24 17:28:57,914 [EventQueue-NodeRegistrationContainerReportForDataNodeSafeModeRule] INFO  ha.SCMContext (SCMContext.java:updateSafeModeStatus(205)) - Update SafeModeStatus from SafeModeStatus{safeModeStatus=true, preCheckPassed=false} to SafeModeStatus{safeModeStatus=true, preCheckPassed=true}.
2021-08-24 17:28:57,914 [EventQueue-NodeRegistrationContainerReportForDataNodeSafeModeRule] INFO  pipeline.BackgroundPipelineCreator (BackgroundPipelineCreatorV2.java:notifyEventTriggered(285)) - trigger a one-shot run on RatisPipelineUtilsThread.
2021-08-24 17:28:57,914 [RatisPipelineUtilsThread - 0] INFO  pipeline.RatisPipelineProvider (RatisPipelineProvider.java:lambda$create$0(183)) - Sending CreatePipelineCommand for pipeline:PipelineID=943151b8-789d-4c97-a550-a351cf2c3253 to datanode:09a15da1-6242-4e82-84e8-d6513e6d0a72
2021-08-24 17:28:57,926 [RatisPipelineUtilsThread - 0] INFO  pipeline.RatisPipelineProvider (RatisPipelineProvider.java:lambda$create$0(183)) - Sending CreatePipelineCommand for pipeline:PipelineID=943151b8-789d-4c97-a550-a351cf2c3253 to datanode:e8d1986c-780f-4d33-a74d-27dc83e10bbb
2021-08-24 17:28:57,926 [RatisPipelineUtilsThread - 0] INFO  pipeline.RatisPipelineProvider (RatisPipelineProvider.java:lambda$create$0(183)) - Sending CreatePipelineCommand for pipeline:PipelineID=943151b8-789d-4c97-a550-a351cf2c3253 to datanode:6297aa79-c9f3-4b67-b89c-6a3b1390e4ad
2021-08-24 17:28:57,927 [RatisPipelineUtilsThread - 0] INFO  pipeline.PipelineStateManager (PipelineStateManagerV2Impl.java:addPipeline(101)) - Created pipeline Pipeline[ Id: 943151b8-789d-4c97-a550-a351cf2c3253, Nodes: 09a15da1-6242-4e82-84e8-d6513e6d0a72{ip: 10.1.0.28, host: fv-az297-489.nmf1rxwemy4u5di1sxxf4ejcwb.jx.internal.cloudapp.net, ports: [REPLICATION=37015, RATIS=38023, RATIS_ADMIN=38023, RATIS_SERVER=38023, STANDALONE=40673], networkLocation: /default-rack, certSerialId: null, persistedOpState: IN_SERVICE, persistedOpStateExpiryEpochSec: 0}e8d1986c-780f-4d33-a74d-27dc83e10bbb{ip: 10.1.0.28, host: fv-az297-489.nmf1rxwemy4u5di1sxxf4ejcwb.jx.internal.cloudapp.net, ports: [REPLICATION=42323, RATIS=42563, RATIS_ADMIN=42563, RATIS_SERVER=42563, STANDALONE=34051], networkLocation: /default-rack, certSerialId: null, persistedOpState: IN_SERVICE, persistedOpStateExpiryEpochSec: 0}6297aa79-c9f3-4b67-b89c-6a3b1390e4ad{ip: 10.1.0.28, host: fv-az297-489.nmf1rxwemy4u5di1sxxf4ejcwb.jx.internal.cloudapp.net, ports: [REPLICATION=43189, RATIS=45341, RATIS_ADMIN=45341, RATIS_SERVER=45341, STANDALONE=43485], networkLocation: /default-rack, certSerialId: null, persistedOpState: IN_SERVICE, persistedOpStateExpiryEpochSec: 0}, ReplicationConfig: RATIS/THREE, State:ALLOCATED, leaderId:, CreationTimestamp2021-08-24T17:28:57.914Z[Etc/UTC]].
2021-08-24 17:28:57,927 [RatisPipelineUtilsThread - 0] INFO  pipeline.RatisPipelineProvider (RatisPipelineProvider.java:lambda$create$0(183)) - Sending CreatePipelineCommand for pipeline:PipelineID=1c8879a2-c243-4424-b625-7c5dc977ed2d to datanode:6297aa79-c9f3-4b67-b89c-6a3b1390e4ad
2021-08-24 17:28:57,927 [RatisPipelineUtilsThread - 0] INFO  pipeline.RatisPipelineProvider (RatisPipelineProvider.java:lambda$create$0(183)) - Sending CreatePipelineCommand for pipeline:PipelineID=1c8879a2-c243-4424-b625-7c5dc977ed2d to datanode:09a15da1-6242-4e82-84e8-d6513e6d0a72
2021-08-24 17:28:57,927 [RatisPipelineUtilsThread - 0] INFO  pipeline.RatisPipelineProvider (RatisPipelineProvider.java:lambda$create$0(183)) - Sending CreatePipelineCommand for pipeline:PipelineID=1c8879a2-c243-4424-b625-7c5dc977ed2d to datanode:e8d1986c-780f-4d33-a74d-27dc83e10bbb
2021-08-24 17:28:57,928 [RatisPipelineUtilsThread - 0] INFO  pipeline.PipelineStateManager (PipelineStateManagerV2Impl.java:addPipeline(101)) - Created pipeline Pipeline[ Id: 1c8879a2-c243-4424-b625-7c5dc977ed2d, Nodes: 6297aa79-c9f3-4b67-b89c-6a3b1390e4ad{ip: 10.1.0.28, host: fv-az297-489.nmf1rxwemy4u5di1sxxf4ejcwb.jx.internal.cloudapp.net, ports: [REPLICATION=43189, RATIS=45341, RATIS_ADMIN=45341, RATIS_SERVER=45341, STANDALONE=43485], networkLocation: /default-rack, certSerialId: null, persistedOpState: IN_SERVICE, persistedOpStateExpiryEpochSec: 0}09a15da1-6242-4e82-84e8-d6513e6d0a72{ip: 10.1.0.28, host: fv-az297-489.nmf1rxwemy4u5di1sxxf4ejcwb.jx.internal.cloudapp.net, ports: [REPLICATION=37015, RATIS=38023, RATIS_ADMIN=38023, RATIS_SERVER=38023, STANDALONE=40673], networkLocation: /default-rack, certSerialId: null, persistedOpState: IN_SERVICE, persistedOpStateExpiryEpochSec: 0}e8d1986c-780f-4d33-a74d-27dc83e10bbb{ip: 10.1.0.28, host: fv-az297-489.nmf1rxwemy4u5di1sxxf4ejcwb.jx.internal.cloudapp.net, ports: [REPLICATION=42323, RATIS=42563, RATIS_ADMIN=42563, RATIS_SERVER=42563, STANDALONE=34051], networkLocation: /default-rack, certSerialId: null, persistedOpState: IN_SERVICE, persistedOpStateExpiryEpochSec: 0}, ReplicationConfig: RATIS/THREE, State:ALLOCATED, leaderId:, CreationTimestamp2021-08-24T17:28:57.927Z[Etc/UTC]].
2021-08-24 17:28:57,928 [RatisPipelineUtilsThread - 0] INFO  pipeline.PipelineManagerImpl (PipelineManagerImpl.java:recordMetricsForPipeline(614)) - Pipeline: PipelineID=1c8879a2-c243-4424-b625-7c5dc977ed2d contains same datanodes as previous pipelines: PipelineID=943151b8-789d-4c97-a550-a351cf2c3253 nodeIds: 6297aa79-c9f3-4b67-b89c-6a3b1390e4ad, 09a15da1-6242-4e82-84e8-d6513e6d0a72, e8d1986c-780f-4d33-a74d-27dc83e10bbb
2021-08-24 17:28:58,151 [EndpointStateMachine task thread for /0.0.0.0:35951 - 0 ] INFO  ipc.Client (Client.java:handleConnectionFailure(977)) - Retrying connect to server: 0.0.0.0/0.0.0.0:35951. Already tried 8 time(s); retry policy is RetryUpToMaximumCountWithFixedSleep(maxRetries=15, sleepTime=1000 MILLISECONDS)
2021-08-24 17:28:58,158 [grpc-default-executor-2] WARN  server.GrpcLogAppender (LogUtils.java:warn(122)) - omNode-1@group-523986131536->omNode-3-AppendLogResponseHandler: Failed appendEntries: org.apache.ratis.thirdparty.io.grpc.StatusRuntimeException: UNAVAILABLE: io exception
2021-08-24 17:28:58,158 [grpc-default-executor-2] WARN  server.GrpcLogAppender (GrpcLogAppender.java:resetClient(111)) - omNode-1@group-523986131536->omNode-3-GrpcLogAppender: Leader has not got in touch with Follower omNode-1@group-523986131536->omNode-3(c-1,m0,n1, attendVote=true, lastRpcSendTime=3, lastRpcResponseTime=7341) yet, just keep nextIndex unchanged and retry.
2021-08-24 17:28:58,655 [grpc-default-executor-2] WARN  server.GrpcLogAppender (LogUtils.java:warn(122)) - omNode-1@group-523986131536->omNode-3-AppendLogResponseHandler: Failed appendEntries: org.apache.ratis.thirdparty.io.grpc.StatusRuntimeException: UNAVAILABLE: io exception
2021-08-24 17:28:58,655 [grpc-default-executor-2] WARN  server.GrpcLogAppender (GrpcLogAppender.java:resetClient(111)) - omNode-1@group-523986131536->omNode-3-GrpcLogAppender: Leader has not got in touch with Follower omNode-1@group-523986131536->omNode-3(c-1,m0,n1, attendVote=true, lastRpcSendTime=0, lastRpcResponseTime=7838) yet, just keep nextIndex unchanged and retry.
2021-08-24 17:28:58,808 [Listener at 127.0.0.1/13276] INFO  ozone.MiniOzoneClusterImpl (MiniOzoneClusterImpl.java:lambda$waitForClusterToBeReady$0(235)) - Nodes are ready. Got 3 of 3 DN Heartbeats.
2021-08-24 17:28:58,808 [Listener at 127.0.0.1/13276] INFO  ozone.MiniOzoneClusterImpl (MiniOzoneClusterImpl.java:lambda$waitForClusterToBeReady$0(238)) - Waiting for cluster to exit safe mode
2021-08-24 17:28:58,808 [Listener at 127.0.0.1/13276] INFO  ozone.MiniOzoneClusterImpl (MiniOzoneClusterImpl.java:lambda$waitForClusterToBeReady$0(240)) - SCM became leader
2021-08-24 17:28:59,154 [EndpointStateMachine task thread for /0.0.0.0:35951 - 0 ] INFO  ipc.Client (Client.java:handleConnectionFailure(977)) - Retrying connect to server: 0.0.0.0/0.0.0.0:35951. Already tried 9 time(s); retry policy is RetryUpToMaximumCountWithFixedSleep(maxRetries=15, sleepTime=1000 MILLISECONDS)
2021-08-24 17:28:59,155 [grpc-default-executor-2] WARN  server.GrpcLogAppender (LogUtils.java:warn(122)) - omNode-1@group-523986131536->omNode-3-AppendLogResponseHandler: Failed appendEntries: org.apache.ratis.thirdparty.io.grpc.StatusRuntimeException: UNAVAILABLE: io exception
2021-08-24 17:28:59,156 [grpc-default-executor-2] WARN  server.GrpcLogAppender (GrpcLogAppender.java:resetClient(111)) - omNode-1@group-523986131536->omNode-3-GrpcLogAppender: Leader has not got in touch with Follower omNode-1@group-523986131536->omNode-3(c-1,m0,n1, attendVote=true, lastRpcSendTime=501, lastRpcResponseTime=8339) yet, just keep nextIndex unchanged and retry.
2021-08-24 17:28:59,619 [Command processor thread] INFO  server.RaftServer (RaftServerProxy.java:addNew(95)) - 09a15da1-6242-4e82-84e8-d6513e6d0a72: addNew group-A771C5E605AF:[09a15da1-6242-4e82-84e8-d6513e6d0a72|rpc:10.1.0.28:38023|priority:1] returns group-A771C5E605AF:java.util.concurrent.CompletableFuture@393a6aba[Not completed]
2021-08-24 17:28:59,634 [pool-317-thread-1] INFO  server.RaftServer$Division (RaftServerImpl.java:<init>(181)) - 09a15da1-6242-4e82-84e8-d6513e6d0a72: new RaftServerImpl for group-A771C5E605AF:[09a15da1-6242-4e82-84e8-d6513e6d0a72|rpc:10.1.0.28:38023|priority:1] with ContainerStateMachine:uninitialized
2021-08-24 17:28:59,659 [grpc-default-executor-2] WARN  server.GrpcLogAppender (LogUtils.java:warn(122)) - omNode-1@group-523986131536->omNode-3-AppendLogResponseHandler: Failed appendEntries: org.apache.ratis.thirdparty.io.grpc.StatusRuntimeException: UNAVAILABLE: io exception
2021-08-24 17:28:59,660 [grpc-default-executor-2] WARN  server.GrpcLogAppender (GrpcLogAppender.java:resetClient(111)) - omNode-1@group-523986131536->omNode-3-GrpcLogAppender: Leader has not got in touch with Follower omNode-1@group-523986131536->omNode-3(c-1,m0,n1, attendVote=true, lastRpcSendTime=503, lastRpcResponseTime=8843) yet, just keep nextIndex unchanged and retry.
2021-08-24 17:28:59,662 [pool-317-thread-1] INFO  server.RaftServerConfigKeys (ConfUtils.java:logGet(44)) - raft.server.rpc.timeout.min = 5s (custom)
2021-08-24 17:28:59,662 [pool-317-thread-1] INFO  server.RaftServerConfigKeys (ConfUtils.java:logGet(44)) - raft.server.rpc.timeout.max = 5200ms (custom)
2021-08-24 17:28:59,662 [pool-317-thread-1] INFO  server.RaftServerConfigKeys (ConfUtils.java:logGet(44)) - raft.server.rpc.sleep.time = 25ms (default)
2021-08-24 17:28:59,662 [pool-317-thread-1] INFO  server.RaftServerConfigKeys (ConfUtils.java:logGet(44)) - raft.server.rpc.slowness.timeout = 300s (custom)
2021-08-24 17:28:59,662 [pool-317-thread-1] INFO  server.RaftServerConfigKeys (ConfUtils.java:logGet(44)) - raft.server.leaderelection.leader.step-down.wait-time = 10s (default)
2021-08-24 17:28:59,662 [pool-317-thread-1] INFO  server.RaftServerConfigKeys (ConfUtils.java:logGet(44)) - raft.server.sleep.deviation.threshold = 300ms (default)
2021-08-24 17:28:59,662 [pool-317-thread-1] INFO  server.RaftServerConfigKeys (ConfUtils.java:logGet(44)) - raft.server.log.appender.install.snapshot.enabled = false (custom)
2021-08-24 17:28:59,662 [pool-317-thread-1] INFO  server.RaftServer$Division (ServerState.java:<init>(105)) - 09a15da1-6242-4e82-84e8-d6513e6d0a72@group-A771C5E605AF: ConfigurationManager, init=-1: [09a15da1-6242-4e82-84e8-d6513e6d0a72|rpc:10.1.0.28:38023|priority:1], old=null, confs=<EMPTY_MAP>
2021-08-24 17:28:59,662 [pool-317-thread-1] INFO  server.RaftServerConfigKeys (ConfUtils.java:logGet(44)) - raft.server.storage.dir = [/home/runner/work/ozone/ozone/hadoop-ozone/integration-test/target/test-dir/MiniOzoneClusterImpl-013421b4-bdfc-48e1-b28d-0fb3f9f00c6e/datanode-0/data/ratis] (custom)
2021-08-24 17:28:59,662 [pool-317-thread-1] INFO  server.RaftServerConfigKeys (ConfUtils.java:logGet(44)) - raft.server.log.corruption.policy = EXCEPTION (default)
2021-08-24 17:28:59,662 [pool-317-thread-1] INFO  server.RaftServerConfigKeys (ConfUtils.java:logGet(44)) - raft.server.storage.free-space.min = 0MB (=0) (default)
2021-08-24 17:28:59,663 [pool-317-thread-1] INFO  storage.RaftStorageDirectory (RaftStorageDirectoryImpl.java:analyzeStorage(135)) - The storage directory /home/runner/work/ozone/ozone/hadoop-ozone/integration-test/target/test-dir/MiniOzoneClusterImpl-013421b4-bdfc-48e1-b28d-0fb3f9f00c6e/datanode-0/data/ratis/149b9e0f-0b6f-4293-9782-a771c5e605af does not exist. Creating ...
2021-08-24 17:28:59,663 [pool-317-thread-1] INFO  storage.RaftStorageDirectory (RaftStorageDirectoryImpl.java:tryLock(230)) - Lock on /home/runner/work/ozone/ozone/hadoop-ozone/integration-test/target/test-dir/MiniOzoneClusterImpl-013421b4-bdfc-48e1-b28d-0fb3f9f00c6e/datanode-0/data/ratis/149b9e0f-0b6f-4293-9782-a771c5e605af/in_use.lock acquired by nodename 20860@fv-az297-489
2021-08-24 17:28:59,664 [pool-317-thread-1] INFO  storage.RaftStorage (RaftStorageImpl.java:format(89)) - Storage directory /home/runner/work/ozone/ozone/hadoop-ozone/integration-test/target/test-dir/MiniOzoneClusterImpl-013421b4-bdfc-48e1-b28d-0fb3f9f00c6e/datanode-0/data/ratis/149b9e0f-0b6f-4293-9782-a771c5e605af has been successfully formatted.
2021-08-24 17:28:59,665 [pool-317-thread-1] INFO  ratis.ContainerStateMachine (ContainerStateMachine.java:loadSnapshot(224)) - group-A771C5E605AF: The snapshot info is null. Setting the last applied indexto:(t:0, i:~)
2021-08-24 17:28:59,666 [pool-317-thread-1] INFO  server.RaftServerConfigKeys (ConfUtils.java:logGet(44)) - raft.server.notification.no-leader.timeout = 300s (custom)
2021-08-24 17:28:59,666 [pool-317-thread-1] INFO  server.RaftServerConfigKeys (ConfUtils.java:logGet(44)) - raft.server.log.use.memory = false (default)
2021-08-24 17:28:59,666 [pool-317-thread-1] INFO  server.RaftServerConfigKeys (ConfUtils.java:logGet(44)) - raft.server.log.purge.gap = 1000000 (custom)
2021-08-24 17:28:59,666 [pool-317-thread-1] INFO  server.RaftServerConfigKeys (ConfUtils.java:logGet(44)) - raft.server.log.appender.buffer.byte-limit = 33554432 (custom)
2021-08-24 17:28:59,666 [pool-317-thread-1] INFO  server.RaftServerConfigKeys (ConfUtils.java:logGet(44)) - raft.server.log.segment.size.max = 1048576 (custom)
2021-08-24 17:28:59,667 [pool-317-thread-1] INFO  server.RaftServerConfigKeys (ConfUtils.java:logGet(44)) - raft.server.log.segment.cache.num.max = 2 (custom)
2021-08-24 17:28:59,667 [pool-317-thread-1] INFO  server.RaftServerConfigKeys (ConfUtils.java:logGet(44)) - raft.server.log.segment.cache.size.max = 200MB (=209715200) (default)
2021-08-24 17:28:59,667 [pool-317-thread-1] INFO  segmented.SegmentedRaftLogWorker (SegmentedRaftLogWorker.java:<init>(182)) - new 09a15da1-6242-4e82-84e8-d6513e6d0a72@group-A771C5E605AF-SegmentedRaftLogWorker for RaftStorageImpl:Storage Directory /home/runner/work/ozone/ozone/hadoop-ozone/integration-test/target/test-dir/MiniOzoneClusterImpl-013421b4-bdfc-48e1-b28d-0fb3f9f00c6e/datanode-0/data/ratis/149b9e0f-0b6f-4293-9782-a771c5e605af
2021-08-24 17:28:59,667 [pool-317-thread-1] INFO  server.RaftServerConfigKeys (ConfUtils.java:logGet(44)) - raft.server.log.queue.byte-limit = 2147483647 (custom)
2021-08-24 17:28:59,667 [pool-317-thread-1] INFO  server.RaftServerConfigKeys (ConfUtils.java:logGet(44)) - raft.server.log.queue.element-limit = 1024 (custom)
2021-08-24 17:28:59,667 [pool-317-thread-1] INFO  server.RaftServerConfigKeys (ConfUtils.java:logGet(44)) - raft.server.log.segment.size.max = 1048576 (custom)
2021-08-24 17:28:59,667 [pool-317-thread-1] INFO  server.RaftServerConfigKeys (ConfUtils.java:logGet(44)) - raft.server.log.preallocated.size = 16384 (custom)
2021-08-24 17:28:59,667 [pool-317-thread-1] INFO  server.RaftServerConfigKeys (ConfUtils.java:logGet(44)) - raft.server.log.force.sync.num = 128 (default)
2021-08-24 17:28:59,667 [pool-317-thread-1] INFO  server.RaftServerConfigKeys (ConfUtils.java:logGet(44)) - raft.server.log.statemachine.data.sync = true (default)
2021-08-24 17:28:59,667 [pool-317-thread-1] INFO  server.RaftServerConfigKeys (ConfUtils.java:logGet(44)) - raft.server.log.statemachine.data.sync.timeout = 10s (default)
2021-08-24 17:28:59,667 [pool-317-thread-1] INFO  server.RaftServerConfigKeys (ConfUtils.java:logGet(44)) - raft.server.log.statemachine.data.sync.timeout.retry = -1 (default)
2021-08-24 17:28:59,668 [pool-317-thread-1] INFO  server.RaftServerConfigKeys (ConfUtils.java:logGet(44)) - raft.server.log.write.buffer.size = 1048576 (custom)
2021-08-24 17:28:59,669 [pool-317-thread-1] INFO  server.RaftServerConfigKeys (ConfUtils.java:logGet(44)) - raft.server.log.statemachine.data.caching.enabled = true (custom)
2021-08-24 17:28:59,669 [pool-317-thread-1] INFO  segmented.SegmentedRaftLogWorker (SegmentedRaftLogWorker.java:lambda$new$0(133)) - 09a15da1-6242-4e82-84e8-d6513e6d0a72@group-A771C5E605AF-SegmentedRaftLogWorker: flushIndex: setUnconditionally 0 -> -1
2021-08-24 17:28:59,669 [pool-317-thread-1] INFO  segmented.SegmentedRaftLogWorker (SegmentedRaftLogWorker.java:lambda$new$0(133)) - 09a15da1-6242-4e82-84e8-d6513e6d0a72@group-A771C5E605AF-SegmentedRaftLogWorker: safeCacheEvictIndex: setUnconditionally 0 -> -1
2021-08-24 17:28:59,671 [EventQueue-PipelineReportForPipelineReportHandler] INFO  pipeline.PipelineManagerImpl (PipelineManagerImpl.java:openPipeline(283)) - Pipeline Pipeline[ Id: 149b9e0f-0b6f-4293-9782-a771c5e605af, Nodes: 09a15da1-6242-4e82-84e8-d6513e6d0a72{ip: 10.1.0.28, host: fv-az297-489.nmf1rxwemy4u5di1sxxf4ejcwb.jx.internal.cloudapp.net, ports: [REPLICATION=37015, RATIS=38023, RATIS_ADMIN=38023, RATIS_SERVER=38023, STANDALONE=40673], networkLocation: /default-rack, certSerialId: null, persistedOpState: IN_SERVICE, persistedOpStateExpiryEpochSec: 0}, ReplicationConfig: RATIS/ONE, State:ALLOCATED, leaderId:09a15da1-6242-4e82-84e8-d6513e6d0a72, CreationTimestamp2021-08-24T17:28:56.625Z[Etc/UTC]] moved to OPEN state
2021-08-24 17:28:59,677 [pool-317-thread-1] INFO  server.RaftServerConfigKeys (ConfUtils.java:logGet(44)) - raft.server.snapshot.auto.trigger.enabled = true (custom)
2021-08-24 17:28:59,677 [pool-317-thread-1] INFO  server.RaftServerConfigKeys (ConfUtils.java:logGet(44)) - raft.server.snapshot.auto.trigger.threshold = 10000 (custom)
2021-08-24 17:28:59,677 [pool-317-thread-1] INFO  server.RaftServerConfigKeys (ConfUtils.java:logGet(44)) - raft.server.snapshot.retention.file.num = 5 (custom)
2021-08-24 17:28:59,677 [pool-317-thread-1] INFO  server.RaftServerConfigKeys (ConfUtils.java:logGet(44)) - raft.server.log.purge.upto.snapshot.index = false (default)
2021-08-24 17:28:59,677 [pool-317-thread-1] INFO  server.RaftServerConfigKeys (ConfUtils.java:logGet(44)) - raft.server.retrycache.expirytime = 600000ms (custom)
2021-08-24 17:28:59,677 [pool-317-thread-1] INFO  server.RaftServerConfigKeys (ConfUtils.java:logGet(44)) - raft.server.retrycache.statistics.expirytime = 100μs (default)
2021-08-24 17:28:59,679 [pool-317-thread-1] INFO  server.RaftServer$Division (RaftServerImpl.java:start(296)) - 09a15da1-6242-4e82-84e8-d6513e6d0a72@group-A771C5E605AF: start as a follower, conf=-1: [09a15da1-6242-4e82-84e8-d6513e6d0a72|rpc:10.1.0.28:38023|priority:1], old=null
2021-08-24 17:28:59,679 [pool-317-thread-1] INFO  server.RaftServer$Division (RaftServerImpl.java:setRole(285)) - 09a15da1-6242-4e82-84e8-d6513e6d0a72@group-A771C5E605AF: changes role from      null to FOLLOWER at term 0 for startAsFollower
2021-08-24 17:28:59,679 [pool-317-thread-1] INFO  impl.RoleInfo (RoleInfo.java:updateAndGet(130)) - 09a15da1-6242-4e82-84e8-d6513e6d0a72: start 09a15da1-6242-4e82-84e8-d6513e6d0a72@group-A771C5E605AF-FollowerState
2021-08-24 17:28:59,694 [pool-317-thread-1] INFO  util.JmxRegister (JmxRegister.java:tryRegister(44)) - Successfully registered JMX Bean with object name Ratis:service=RaftServer,group=group-A771C5E605AF,id=09a15da1-6242-4e82-84e8-d6513e6d0a72
2021-08-24 17:28:59,698 [Command processor thread] INFO  ratis.XceiverServerRatis (XceiverServerRatis.java:addGroup(763)) - Created group PipelineID=149b9e0f-0b6f-4293-9782-a771c5e605af
2021-08-24 17:28:59,709 [Command processor thread] INFO  commandhandler.CreatePipelineCommandHandler (CreatePipelineCommandHandler.java:handle(106)) - Created Pipeline RATIS ONE PipelineID=149b9e0f-0b6f-4293-9782-a771c5e605af.
2021-08-24 17:28:59,709 [Command processor thread] INFO  server.RaftServer (RaftServerProxy.java:addNew(95)) - 09a15da1-6242-4e82-84e8-d6513e6d0a72: addNew group-A351CF2C3253:[6297aa79-c9f3-4b67-b89c-6a3b1390e4ad|rpc:10.1.0.28:45341|priority:1, e8d1986c-780f-4d33-a74d-27dc83e10bbb|rpc:10.1.0.28:42563|priority:0, 09a15da1-6242-4e82-84e8-d6513e6d0a72|rpc:10.1.0.28:38023|priority:0] returns group-A351CF2C3253:java.util.concurrent.CompletableFuture@3d05e945[Not completed]
2021-08-24 17:28:59,710 [pool-317-thread-1] INFO  server.RaftServer$Division (RaftServerImpl.java:<init>(181)) - 09a15da1-6242-4e82-84e8-d6513e6d0a72: new RaftServerImpl for group-A351CF2C3253:[6297aa79-c9f3-4b67-b89c-6a3b1390e4ad|rpc:10.1.0.28:45341|priority:1, e8d1986c-780f-4d33-a74d-27dc83e10bbb|rpc:10.1.0.28:42563|priority:0, 09a15da1-6242-4e82-84e8-d6513e6d0a72|rpc:10.1.0.28:38023|priority:0] with ContainerStateMachine:uninitialized
2021-08-24 17:28:59,710 [pool-317-thread-1] INFO  server.RaftServerConfigKeys (ConfUtils.java:logGet(44)) - raft.server.rpc.timeout.min = 5s (custom)
2021-08-24 17:28:59,710 [pool-317-thread-1] INFO  server.RaftServerConfigKeys (ConfUtils.java:logGet(44)) - raft.server.rpc.timeout.max = 5200ms (custom)
2021-08-24 17:28:59,710 [pool-317-thread-1] INFO  server.RaftServerConfigKeys (ConfUtils.java:logGet(44)) - raft.server.rpc.sleep.time = 25ms (default)
2021-08-24 17:28:59,710 [pool-317-thread-1] INFO  server.RaftServerConfigKeys (ConfUtils.java:logGet(44)) - raft.server.rpc.slowness.timeout = 300s (custom)
2021-08-24 17:28:59,710 [pool-317-thread-1] INFO  server.RaftServerConfigKeys (ConfUtils.java:logGet(44)) - raft.server.leaderelection.leader.step-down.wait-time = 10s (default)
2021-08-24 17:28:59,710 [pool-317-thread-1] INFO  server.RaftServerConfigKeys (ConfUtils.java:logGet(44)) - raft.server.sleep.deviation.threshold = 300ms (default)
2021-08-24 17:28:59,710 [pool-317-thread-1] INFO  server.RaftServerConfigKeys (ConfUtils.java:logGet(44)) - raft.server.log.appender.install.snapshot.enabled = false (custom)
2021-08-24 17:28:59,710 [pool-317-thread-1] INFO  server.RaftServer$Division (ServerState.java:<init>(105)) - 09a15da1-6242-4e82-84e8-d6513e6d0a72@group-A351CF2C3253: ConfigurationManager, init=-1: [6297aa79-c9f3-4b67-b89c-6a3b1390e4ad|rpc:10.1.0.28:45341|priority:1, e8d1986c-780f-4d33-a74d-27dc83e10bbb|rpc:10.1.0.28:42563|priority:0, 09a15da1-6242-4e82-84e8-d6513e6d0a72|rpc:10.1.0.28:38023|priority:0], old=null, confs=<EMPTY_MAP>
2021-08-24 17:28:59,710 [pool-317-thread-1] INFO  server.RaftServerConfigKeys (ConfUtils.java:logGet(44)) - raft.server.storage.dir = [/home/runner/work/ozone/ozone/hadoop-ozone/integration-test/target/test-dir/MiniOzoneClusterImpl-013421b4-bdfc-48e1-b28d-0fb3f9f00c6e/datanode-0/data/ratis] (custom)
2021-08-24 17:28:59,710 [pool-317-thread-1] INFO  server.RaftServerConfigKeys (ConfUtils.java:logGet(44)) - raft.server.log.corruption.policy = EXCEPTION (default)
2021-08-24 17:28:59,710 [pool-317-thread-1] INFO  server.RaftServerConfigKeys (ConfUtils.java:logGet(44)) - raft.server.storage.free-space.min = 0MB (=0) (default)
2021-08-24 17:28:59,711 [pool-317-thread-1] INFO  storage.RaftStorageDirectory (RaftStorageDirectoryImpl.java:analyzeStorage(135)) - The storage directory /home/runner/work/ozone/ozone/hadoop-ozone/integration-test/target/test-dir/MiniOzoneClusterImpl-013421b4-bdfc-48e1-b28d-0fb3f9f00c6e/datanode-0/data/ratis/943151b8-789d-4c97-a550-a351cf2c3253 does not exist. Creating ...
2021-08-24 17:28:59,712 [pool-317-thread-1] INFO  storage.RaftStorageDirectory (RaftStorageDirectoryImpl.java:tryLock(230)) - Lock on /home/runner/work/ozone/ozone/hadoop-ozone/integration-test/target/test-dir/MiniOzoneClusterImpl-013421b4-bdfc-48e1-b28d-0fb3f9f00c6e/datanode-0/data/ratis/943151b8-789d-4c97-a550-a351cf2c3253/in_use.lock acquired by nodename 20860@fv-az297-489
2021-08-24 17:28:59,713 [pool-317-thread-1] INFO  storage.RaftStorage (RaftStorageImpl.java:format(89)) - Storage directory /home/runner/work/ozone/ozone/hadoop-ozone/integration-test/target/test-dir/MiniOzoneClusterImpl-013421b4-bdfc-48e1-b28d-0fb3f9f00c6e/datanode-0/data/ratis/943151b8-789d-4c97-a550-a351cf2c3253 has been successfully formatted.
2021-08-24 17:28:59,714 [pool-317-thread-1] INFO  ratis.ContainerStateMachine (ContainerStateMachine.java:loadSnapshot(224)) - group-A351CF2C3253: The snapshot info is null. Setting the last applied indexto:(t:0, i:~)
2021-08-24 17:28:59,720 [pool-317-thread-1] INFO  server.RaftServerConfigKeys (ConfUtils.java:logGet(44)) - raft.server.notification.no-leader.timeout = 300s (custom)
2021-08-24 17:28:59,721 [pool-317-thread-1] INFO  server.RaftServerConfigKeys (ConfUtils.java:logGet(44)) - raft.server.log.use.memory = false (default)
2021-08-24 17:28:59,721 [pool-317-thread-1] INFO  server.RaftServerConfigKeys (ConfUtils.java:logGet(44)) - raft.server.log.purge.gap = 1000000 (custom)
2021-08-24 17:28:59,721 [pool-317-thread-1] INFO  server.RaftServerConfigKeys (ConfUtils.java:logGet(44)) - raft.server.log.appender.buffer.byte-limit = 33554432 (custom)
2021-08-24 17:28:59,726 [pool-317-thread-1] INFO  server.RaftServerConfigKeys (ConfUtils.java:logGet(44)) - raft.server.log.segment.size.max = 1048576 (custom)
2021-08-24 17:28:59,729 [pool-317-thread-1] INFO  server.RaftServerConfigKeys (ConfUtils.java:logGet(44)) - raft.server.log.segment.cache.num.max = 2 (custom)
2021-08-24 17:28:59,729 [pool-317-thread-1] INFO  server.RaftServerConfigKeys (ConfUtils.java:logGet(44)) - raft.server.log.segment.cache.size.max = 200MB (=209715200) (default)
2021-08-24 17:28:59,729 [pool-317-thread-1] INFO  segmented.SegmentedRaftLogWorker (SegmentedRaftLogWorker.java:<init>(182)) - new 09a15da1-6242-4e82-84e8-d6513e6d0a72@group-A351CF2C3253-SegmentedRaftLogWorker for RaftStorageImpl:Storage Directory /home/runner/work/ozone/ozone/hadoop-ozone/integration-test/target/test-dir/MiniOzoneClusterImpl-013421b4-bdfc-48e1-b28d-0fb3f9f00c6e/datanode-0/data/ratis/943151b8-789d-4c97-a550-a351cf2c3253
2021-08-24 17:28:59,730 [pool-317-thread-1] INFO  server.RaftServerConfigKeys (ConfUtils.java:logGet(44)) - raft.server.log.queue.byte-limit = 2147483647 (custom)
2021-08-24 17:28:59,730 [pool-317-thread-1] INFO  server.RaftServerConfigKeys (ConfUtils.java:logGet(44)) - raft.server.log.queue.element-limit = 1024 (custom)
2021-08-24 17:28:59,730 [pool-317-thread-1] INFO  server.RaftServerConfigKeys (ConfUtils.java:logGet(44)) - raft.server.log.segment.size.max = 1048576 (custom)
2021-08-24 17:28:59,730 [pool-317-thread-1] INFO  server.RaftServerConfigKeys (ConfUtils.java:logGet(44)) - raft.server.log.preallocated.size = 16384 (custom)
2021-08-24 17:28:59,730 [pool-317-thread-1] INFO  server.RaftServerConfigKeys (ConfUtils.java:logGet(44)) - raft.server.log.force.sync.num = 128 (default)
2021-08-24 17:28:59,730 [pool-317-thread-1] INFO  server.RaftServerConfigKeys (ConfUtils.java:logGet(44)) - raft.server.log.statemachine.data.sync = true (default)
2021-08-24 17:28:59,730 [pool-317-thread-1] INFO  server.RaftServerConfigKeys (ConfUtils.java:logGet(44)) - raft.server.log.statemachine.data.sync.timeout = 10s (default)
2021-08-24 17:28:59,730 [pool-317-thread-1] INFO  server.RaftServerConfigKeys (ConfUtils.java:logGet(44)) - raft.server.log.statemachine.data.sync.timeout.retry = -1 (default)
2021-08-24 17:28:59,731 [pool-317-thread-1] INFO  server.RaftServerConfigKeys (ConfUtils.java:logGet(44)) - raft.server.log.write.buffer.size = 1048576 (custom)
2021-08-24 17:28:59,731 [pool-317-thread-1] INFO  server.RaftServerConfigKeys (ConfUtils.java:logGet(44)) - raft.server.log.statemachine.data.caching.enabled = true (custom)
2021-08-24 17:28:59,732 [pool-317-thread-1] INFO  segmented.SegmentedRaftLogWorker (SegmentedRaftLogWorker.java:lambda$new$0(133)) - 09a15da1-6242-4e82-84e8-d6513e6d0a72@group-A351CF2C3253-SegmentedRaftLogWorker: flushIndex: setUnconditionally 0 -> -1
2021-08-24 17:28:59,732 [pool-317-thread-1] INFO  segmented.SegmentedRaftLogWorker (SegmentedRaftLogWorker.java:lambda$new$0(133)) - 09a15da1-6242-4e82-84e8-d6513e6d0a72@group-A351CF2C3253-SegmentedRaftLogWorker: safeCacheEvictIndex: setUnconditionally 0 -> -1
2021-08-24 17:28:59,742 [pool-317-thread-1] INFO  server.RaftServerConfigKeys (ConfUtils.java:logGet(44)) - raft.server.snapshot.auto.trigger.enabled = true (custom)
2021-08-24 17:28:59,742 [pool-317-thread-1] INFO  server.RaftServerConfigKeys (ConfUtils.java:logGet(44)) - raft.server.snapshot.auto.trigger.threshold = 10000 (custom)
2021-08-24 17:28:59,742 [pool-317-thread-1] INFO  server.RaftServerConfigKeys (ConfUtils.java:logGet(44)) - raft.server.snapshot.retention.file.num = 5 (custom)
2021-08-24 17:28:59,743 [pool-317-thread-1] INFO  server.RaftServerConfigKeys (ConfUtils.java:logGet(44)) - raft.server.log.purge.upto.snapshot.index = false (default)
2021-08-24 17:28:59,743 [pool-317-thread-1] INFO  server.RaftServerConfigKeys (ConfUtils.java:logGet(44)) - raft.server.retrycache.expirytime = 600000ms (custom)
2021-08-24 17:28:59,743 [pool-317-thread-1] INFO  server.RaftServerConfigKeys (ConfUtils.java:logGet(44)) - raft.server.retrycache.statistics.expirytime = 100μs (default)
2021-08-24 17:28:59,744 [pool-317-thread-1] INFO  server.RaftServer$Division (RaftServerImpl.java:start(296)) - 09a15da1-6242-4e82-84e8-d6513e6d0a72@group-A351CF2C3253: start as a follower, conf=-1: [6297aa79-c9f3-4b67-b89c-6a3b1390e4ad|rpc:10.1.0.28:45341|priority:1, e8d1986c-780f-4d33-a74d-27dc83e10bbb|rpc:10.1.0.28:42563|priority:0, 09a15da1-6242-4e82-84e8-d6513e6d0a72|rpc:10.1.0.28:38023|priority:0], old=null
2021-08-24 17:28:59,744 [pool-317-thread-1] INFO  server.RaftServer$Division (RaftServerImpl.java:setRole(285)) - 09a15da1-6242-4e82-84e8-d6513e6d0a72@group-A351CF2C3253: changes role from      null to FOLLOWER at term 0 for startAsFollower
2021-08-24 17:28:59,744 [pool-317-thread-1] INFO  impl.RoleInfo (RoleInfo.java:updateAndGet(130)) - 09a15da1-6242-4e82-84e8-d6513e6d0a72: start 09a15da1-6242-4e82-84e8-d6513e6d0a72@group-A351CF2C3253-FollowerState
2021-08-24 17:28:59,745 [pool-317-thread-1] INFO  util.JmxRegister (JmxRegister.java:tryRegister(44)) - Successfully registered JMX Bean with object name Ratis:service=RaftServer,group=group-A351CF2C3253,id=09a15da1-6242-4e82-84e8-d6513e6d0a72
2021-08-24 17:28:59,723 [EventQueue-OpenPipelineForHealthyPipelineSafeModeRule] INFO  safemode.SCMSafeModeManager (HealthyPipelineSafeModeRule.java:process(124)) - SCM in safe mode. Healthy pipelines reported count is 0, required healthy pipeline reported count is 1
2021-08-24 17:28:59,746 [EventQueue-OpenPipelineForHealthyPipelineSafeModeRule] INFO  safemode.SCMSafeModeManager (HealthyPipelineSafeModeRule.java:process(124)) - SCM in safe mode. Healthy pipelines reported count is 0, required healthy pipeline reported count is 1
2021-08-24 17:28:59,754 [Command processor thread] INFO  ratis.XceiverServerRatis (XceiverServerRatis.java:addGroup(763)) - Created group PipelineID=943151b8-789d-4c97-a550-a351cf2c3253
2021-08-24 17:28:59,773 [grpc-default-executor-2] INFO  server.RaftServer (RaftServerProxy.java:addNew(95)) - e8d1986c-780f-4d33-a74d-27dc83e10bbb: addNew group-A351CF2C3253:[6297aa79-c9f3-4b67-b89c-6a3b1390e4ad|rpc:10.1.0.28:45341|dataStream:|priority:1, e8d1986c-780f-4d33-a74d-27dc83e10bbb|rpc:10.1.0.28:42563|dataStream:|priority:0, 09a15da1-6242-4e82-84e8-d6513e6d0a72|rpc:10.1.0.28:38023|dataStream:|priority:0] returns group-A351CF2C3253:java.util.concurrent.CompletableFuture@1f70f602[Not completed]
2021-08-24 17:28:59,786 [pool-336-thread-1] INFO  server.RaftServer$Division (RaftServerImpl.java:<init>(181)) - e8d1986c-780f-4d33-a74d-27dc83e10bbb: new RaftServerImpl for group-A351CF2C3253:[6297aa79-c9f3-4b67-b89c-6a3b1390e4ad|rpc:10.1.0.28:45341|dataStream:|priority:1, e8d1986c-780f-4d33-a74d-27dc83e10bbb|rpc:10.1.0.28:42563|dataStream:|priority:0, 09a15da1-6242-4e82-84e8-d6513e6d0a72|rpc:10.1.0.28:38023|dataStream:|priority:0] with ContainerStateMachine:uninitialized
2021-08-24 17:28:59,802 [pool-336-thread-1] INFO  server.RaftServerConfigKeys (ConfUtils.java:logGet(44)) - raft.server.rpc.timeout.min = 5s (custom)
2021-08-24 17:28:59,802 [pool-336-thread-1] INFO  server.RaftServerConfigKeys (ConfUtils.java:logGet(44)) - raft.server.rpc.timeout.max = 5200ms (custom)
2021-08-24 17:28:59,802 [pool-336-thread-1] INFO  server.RaftServerConfigKeys (ConfUtils.java:logGet(44)) - raft.server.rpc.sleep.time = 25ms (default)
2021-08-24 17:28:59,802 [pool-336-thread-1] INFO  server.RaftServerConfigKeys (ConfUtils.java:logGet(44)) - raft.server.rpc.slowness.timeout = 300s (custom)
2021-08-24 17:28:59,802 [pool-336-thread-1] INFO  server.RaftServerConfigKeys (ConfUtils.java:logGet(44)) - raft.server.leaderelection.leader.step-down.wait-time = 10s (default)
2021-08-24 17:28:59,802 [pool-336-thread-1] INFO  server.RaftServerConfigKeys (ConfUtils.java:logGet(44)) - raft.server.sleep.deviation.threshold = 300ms (default)
2021-08-24 17:28:59,802 [pool-336-thread-1] INFO  server.RaftServerConfigKeys (ConfUtils.java:logGet(44)) - raft.server.log.appender.install.snapshot.enabled = false (custom)
2021-08-24 17:28:59,802 [pool-336-thread-1] INFO  server.RaftServer$Division (ServerState.java:<init>(105)) - e8d1986c-780f-4d33-a74d-27dc83e10bbb@group-A351CF2C3253: ConfigurationManager, init=-1: [6297aa79-c9f3-4b67-b89c-6a3b1390e4ad|rpc:10.1.0.28:45341|dataStream:|priority:1, e8d1986c-780f-4d33-a74d-27dc83e10bbb|rpc:10.1.0.28:42563|dataStream:|priority:0, 09a15da1-6242-4e82-84e8-d6513e6d0a72|rpc:10.1.0.28:38023|dataStream:|priority:0], old=null, confs=<EMPTY_MAP>
2021-08-24 17:28:59,802 [pool-336-thread-1] INFO  server.RaftServerConfigKeys (ConfUtils.java:logGet(44)) - raft.server.storage.dir = [/home/runner/work/ozone/ozone/hadoop-ozone/integration-test/target/test-dir/MiniOzoneClusterImpl-013421b4-bdfc-48e1-b28d-0fb3f9f00c6e/datanode-1/data/ratis] (custom)
2021-08-24 17:28:59,803 [pool-336-thread-1] INFO  server.RaftServerConfigKeys (ConfUtils.java:logGet(44)) - raft.server.log.corruption.policy = EXCEPTION (default)
2021-08-24 17:28:59,803 [pool-336-thread-1] INFO  server.RaftServerConfigKeys (ConfUtils.java:logGet(44)) - raft.server.storage.free-space.min = 0MB (=0) (default)
2021-08-24 17:28:59,803 [pool-336-thread-1] INFO  storage.RaftStorageDirectory (RaftStorageDirectoryImpl.java:analyzeStorage(135)) - The storage directory /home/runner/work/ozone/ozone/hadoop-ozone/integration-test/target/test-dir/MiniOzoneClusterImpl-013421b4-bdfc-48e1-b28d-0fb3f9f00c6e/datanode-1/data/ratis/943151b8-789d-4c97-a550-a351cf2c3253 does not exist. Creating ...
2021-08-24 17:28:59,804 [pool-336-thread-1] INFO  storage.RaftStorageDirectory (RaftStorageDirectoryImpl.java:tryLock(230)) - Lock on /home/runner/work/ozone/ozone/hadoop-ozone/integration-test/target/test-dir/MiniOzoneClusterImpl-013421b4-bdfc-48e1-b28d-0fb3f9f00c6e/datanode-1/data/ratis/943151b8-789d-4c97-a550-a351cf2c3253/in_use.lock acquired by nodename 20860@fv-az297-489
2021-08-24 17:28:59,808 [Listener at 127.0.0.1/13276] INFO  ozone.MiniOzoneClusterImpl (MiniOzoneClusterImpl.java:lambda$waitForClusterToBeReady$0(235)) - Nodes are ready. Got 3 of 3 DN Heartbeats.
2021-08-24 17:28:59,808 [Listener at 127.0.0.1/13276] INFO  ozone.MiniOzoneClusterImpl (MiniOzoneClusterImpl.java:lambda$waitForClusterToBeReady$0(238)) - Waiting for cluster to exit safe mode
2021-08-24 17:28:59,808 [Listener at 127.0.0.1/13276] INFO  ozone.MiniOzoneClusterImpl (MiniOzoneClusterImpl.java:lambda$waitForClusterToBeReady$0(240)) - SCM became leader
2021-08-24 17:28:59,810 [pool-336-thread-1] INFO  storage.RaftStorage (RaftStorageImpl.java:format(89)) - Storage directory /home/runner/work/ozone/ozone/hadoop-ozone/integration-test/target/test-dir/MiniOzoneClusterImpl-013421b4-bdfc-48e1-b28d-0fb3f9f00c6e/datanode-1/data/ratis/943151b8-789d-4c97-a550-a351cf2c3253 has been successfully formatted.
2021-08-24 17:28:59,815 [pool-336-thread-1] INFO  ratis.ContainerStateMachine (ContainerStateMachine.java:loadSnapshot(224)) - group-A351CF2C3253: The snapshot info is null. Setting the last applied indexto:(t:0, i:~)
2021-08-24 17:28:59,815 [pool-336-thread-1] INFO  server.RaftServerConfigKeys (ConfUtils.java:logGet(44)) - raft.server.notification.no-leader.timeout = 300s (custom)
2021-08-24 17:28:59,815 [pool-336-thread-1] INFO  server.RaftServerConfigKeys (ConfUtils.java:logGet(44)) - raft.server.log.use.memory = false (default)
2021-08-24 17:28:59,815 [pool-336-thread-1] INFO  server.RaftServerConfigKeys (ConfUtils.java:logGet(44)) - raft.server.log.purge.gap = 1000000 (custom)
2021-08-24 17:28:59,815 [pool-336-thread-1] INFO  server.RaftServerConfigKeys (ConfUtils.java:logGet(44)) - raft.server.log.appender.buffer.byte-limit = 33554432 (custom)
2021-08-24 17:28:59,816 [pool-336-thread-1] INFO  server.RaftServerConfigKeys (ConfUtils.java:logGet(44)) - raft.server.log.segment.size.max = 1048576 (custom)
2021-08-24 17:28:59,816 [pool-336-thread-1] INFO  server.RaftServerConfigKeys (ConfUtils.java:logGet(44)) - raft.server.log.segment.cache.num.max = 2 (custom)
2021-08-24 17:28:59,816 [pool-336-thread-1] INFO  server.RaftServerConfigKeys (ConfUtils.java:logGet(44)) - raft.server.log.segment.cache.size.max = 200MB (=209715200) (default)
2021-08-24 17:28:59,816 [pool-336-thread-1] INFO  segmented.SegmentedRaftLogWorker (SegmentedRaftLogWorker.java:<init>(182)) - new e8d1986c-780f-4d33-a74d-27dc83e10bbb@group-A351CF2C3253-SegmentedRaftLogWorker for RaftStorageImpl:Storage Directory /home/runner/work/ozone/ozone/hadoop-ozone/integration-test/target/test-dir/MiniOzoneClusterImpl-013421b4-bdfc-48e1-b28d-0fb3f9f00c6e/datanode-1/data/ratis/943151b8-789d-4c97-a550-a351cf2c3253
2021-08-24 17:28:59,816 [pool-336-thread-1] INFO  server.RaftServerConfigKeys (ConfUtils.java:logGet(44)) - raft.server.log.queue.byte-limit = 2147483647 (custom)
2021-08-24 17:28:59,816 [pool-336-thread-1] INFO  server.RaftServerConfigKeys (ConfUtils.java:logGet(44)) - raft.server.log.queue.element-limit = 1024 (custom)
2021-08-24 17:28:59,817 [pool-336-thread-1] INFO  server.RaftServerConfigKeys (ConfUtils.java:logGet(44)) - raft.server.log.segment.size.max = 1048576 (custom)
2021-08-24 17:28:59,817 [pool-336-thread-1] INFO  server.RaftServerConfigKeys (ConfUtils.java:logGet(44)) - raft.server.log.preallocated.size = 16384 (custom)
2021-08-24 17:28:59,817 [pool-336-thread-1] INFO  server.RaftServerConfigKeys (ConfUtils.java:logGet(44)) - raft.server.log.force.sync.num = 128 (default)
2021-08-24 17:28:59,817 [pool-336-thread-1] INFO  server.RaftServerConfigKeys (ConfUtils.java:logGet(44)) - raft.server.log.statemachine.data.sync = true (default)
2021-08-24 17:28:59,817 [pool-336-thread-1] INFO  server.RaftServerConfigKeys (ConfUtils.java:logGet(44)) - raft.server.log.statemachine.data.sync.timeout = 10s (default)
2021-08-24 17:28:59,817 [pool-336-thread-1] INFO  server.RaftServerConfigKeys (ConfUtils.java:logGet(44)) - raft.server.log.statemachine.data.sync.timeout.retry = -1 (default)
2021-08-24 17:28:59,818 [Datanode State Machine Thread - 0] WARN  statemachine.StateContext (StateContext.java:execute(621)) - No available thread in pool for past 1 seconds.
2021-08-24 17:28:59,829 [pool-336-thread-1] INFO  server.RaftServerConfigKeys (ConfUtils.java:logGet(44)) - raft.server.log.write.buffer.size = 1048576 (custom)
2021-08-24 17:28:59,830 [pool-336-thread-1] INFO  server.RaftServerConfigKeys (ConfUtils.java:logGet(44)) - raft.server.log.statemachine.data.caching.enabled = true (custom)
2021-08-24 17:28:59,830 [pool-336-thread-1] INFO  segmented.SegmentedRaftLogWorker (SegmentedRaftLogWorker.java:lambda$new$0(133)) - e8d1986c-780f-4d33-a74d-27dc83e10bbb@group-A351CF2C3253-SegmentedRaftLogWorker: flushIndex: setUnconditionally 0 -> -1
2021-08-24 17:28:59,830 [pool-336-thread-1] INFO  segmented.SegmentedRaftLogWorker (SegmentedRaftLogWorker.java:lambda$new$0(133)) - e8d1986c-780f-4d33-a74d-27dc83e10bbb@group-A351CF2C3253-SegmentedRaftLogWorker: safeCacheEvictIndex: setUnconditionally 0 -> -1
2021-08-24 17:28:59,838 [pool-336-thread-1] INFO  server.RaftServerConfigKeys (ConfUtils.java:logGet(44)) - raft.server.snapshot.auto.trigger.enabled = true (custom)
2021-08-24 17:28:59,838 [pool-336-thread-1] INFO  server.RaftServerConfigKeys (ConfUtils.java:logGet(44)) - raft.server.snapshot.auto.trigger.threshold = 10000 (custom)
2021-08-24 17:28:59,838 [pool-336-thread-1] INFO  server.RaftServerConfigKeys (ConfUtils.java:logGet(44)) - raft.server.snapshot.retention.file.num = 5 (custom)
2021-08-24 17:28:59,838 [pool-336-thread-1] INFO  server.RaftServerConfigKeys (ConfUtils.java:logGet(44)) - raft.server.log.purge.upto.snapshot.index = false (default)
2021-08-24 17:28:59,838 [pool-336-thread-1] INFO  server.RaftServerConfigKeys (ConfUtils.java:logGet(44)) - raft.server.retrycache.expirytime = 600000ms (custom)
2021-08-24 17:28:59,838 [pool-336-thread-1] INFO  server.RaftServerConfigKeys (ConfUtils.java:logGet(44)) - raft.server.retrycache.statistics.expirytime = 100μs (default)
2021-08-24 17:28:59,839 [pool-336-thread-1] INFO  server.RaftServer$Division (RaftServerImpl.java:start(296)) - e8d1986c-780f-4d33-a74d-27dc83e10bbb@group-A351CF2C3253: start as a follower, conf=-1: [6297aa79-c9f3-4b67-b89c-6a3b1390e4ad|rpc:10.1.0.28:45341|dataStream:|priority:1, e8d1986c-780f-4d33-a74d-27dc83e10bbb|rpc:10.1.0.28:42563|dataStream:|priority:0, 09a15da1-6242-4e82-84e8-d6513e6d0a72|rpc:10.1.0.28:38023|dataStream:|priority:0], old=null
2021-08-24 17:28:59,840 [pool-336-thread-1] INFO  server.RaftServer$Division (RaftServerImpl.java:setRole(285)) - e8d1986c-780f-4d33-a74d-27dc83e10bbb@group-A351CF2C3253: changes role from      null to FOLLOWER at term 0 for startAsFollower
2021-08-24 17:28:59,840 [pool-336-thread-1] INFO  impl.RoleInfo (RoleInfo.java:updateAndGet(130)) - e8d1986c-780f-4d33-a74d-27dc83e10bbb: start e8d1986c-780f-4d33-a74d-27dc83e10bbb@group-A351CF2C3253-FollowerState
2021-08-24 17:28:59,857 [pool-336-thread-1] INFO  util.JmxRegister (JmxRegister.java:tryRegister(44)) - Successfully registered JMX Bean with object name Ratis:service=RaftServer,group=group-A351CF2C3253,id=e8d1986c-780f-4d33-a74d-27dc83e10bbb
2021-08-24 17:28:59,946 [grpc-default-executor-2] INFO  server.RaftServer (RaftServerProxy.java:addNew(95)) - 6297aa79-c9f3-4b67-b89c-6a3b1390e4ad: addNew group-A351CF2C3253:[6297aa79-c9f3-4b67-b89c-6a3b1390e4ad|rpc:10.1.0.28:45341|dataStream:|priority:1, e8d1986c-780f-4d33-a74d-27dc83e10bbb|rpc:10.1.0.28:42563|dataStream:|priority:0, 09a15da1-6242-4e82-84e8-d6513e6d0a72|rpc:10.1.0.28:38023|dataStream:|priority:0] returns group-A351CF2C3253:java.util.concurrent.CompletableFuture@231cce86[Not completed]
2021-08-24 17:29:00,017 [pool-355-thread-1] INFO  server.RaftServer$Division (RaftServerImpl.java:<init>(181)) - 6297aa79-c9f3-4b67-b89c-6a3b1390e4ad: new RaftServerImpl for group-A351CF2C3253:[6297aa79-c9f3-4b67-b89c-6a3b1390e4ad|rpc:10.1.0.28:45341|dataStream:|priority:1, e8d1986c-780f-4d33-a74d-27dc83e10bbb|rpc:10.1.0.28:42563|dataStream:|priority:0, 09a15da1-6242-4e82-84e8-d6513e6d0a72|rpc:10.1.0.28:38023|dataStream:|priority:0] with ContainerStateMachine:uninitialized
2021-08-24 17:29:00,026 [pool-355-thread-1] INFO  server.RaftServerConfigKeys (ConfUtils.java:logGet(44)) - raft.server.rpc.timeout.min = 5s (custom)
2021-08-24 17:29:00,026 [pool-355-thread-1] INFO  server.RaftServerConfigKeys (ConfUtils.java:logGet(44)) - raft.server.rpc.timeout.max = 5200ms (custom)
2021-08-24 17:29:00,026 [pool-355-thread-1] INFO  server.RaftServerConfigKeys (ConfUtils.java:logGet(44)) - raft.server.rpc.sleep.time = 25ms (default)
2021-08-24 17:29:00,026 [pool-355-thread-1] INFO  server.RaftServerConfigKeys (ConfUtils.java:logGet(44)) - raft.server.rpc.slowness.timeout = 300s (custom)
2021-08-24 17:29:00,026 [pool-355-thread-1] INFO  server.RaftServerConfigKeys (ConfUtils.java:logGet(44)) - raft.server.leaderelection.leader.step-down.wait-time = 10s (default)
2021-08-24 17:29:00,027 [pool-355-thread-1] INFO  server.RaftServerConfigKeys (ConfUtils.java:logGet(44)) - raft.server.sleep.deviation.threshold = 300ms (default)
2021-08-24 17:29:00,027 [pool-355-thread-1] INFO  server.RaftServerConfigKeys (ConfUtils.java:logGet(44)) - raft.server.log.appender.install.snapshot.enabled = false (custom)
2021-08-24 17:29:00,027 [pool-355-thread-1] INFO  server.RaftServer$Division (ServerState.java:<init>(105)) - 6297aa79-c9f3-4b67-b89c-6a3b1390e4ad@group-A351CF2C3253: ConfigurationManager, init=-1: [6297aa79-c9f3-4b67-b89c-6a3b1390e4ad|rpc:10.1.0.28:45341|dataStream:|priority:1, e8d1986c-780f-4d33-a74d-27dc83e10bbb|rpc:10.1.0.28:42563|dataStream:|priority:0, 09a15da1-6242-4e82-84e8-d6513e6d0a72|rpc:10.1.0.28:38023|dataStream:|priority:0], old=null, confs=<EMPTY_MAP>
2021-08-24 17:29:00,027 [pool-355-thread-1] INFO  server.RaftServerConfigKeys (ConfUtils.java:logGet(44)) - raft.server.storage.dir = [/home/runner/work/ozone/ozone/hadoop-ozone/integration-test/target/test-dir/MiniOzoneClusterImpl-013421b4-bdfc-48e1-b28d-0fb3f9f00c6e/datanode-2/data/ratis] (custom)
2021-08-24 17:29:00,027 [pool-355-thread-1] INFO  server.RaftServerConfigKeys (ConfUtils.java:logGet(44)) - raft.server.log.corruption.policy = EXCEPTION (default)
2021-08-24 17:29:00,027 [pool-355-thread-1] INFO  server.RaftServerConfigKeys (ConfUtils.java:logGet(44)) - raft.server.storage.free-space.min = 0MB (=0) (default)
2021-08-24 17:29:00,027 [pool-355-thread-1] INFO  storage.RaftStorageDirectory (RaftStorageDirectoryImpl.java:analyzeStorage(135)) - The storage directory /home/runner/work/ozone/ozone/hadoop-ozone/integration-test/target/test-dir/MiniOzoneClusterImpl-013421b4-bdfc-48e1-b28d-0fb3f9f00c6e/datanode-2/data/ratis/943151b8-789d-4c97-a550-a351cf2c3253 does not exist. Creating ...
2021-08-24 17:29:00,030 [pool-355-thread-1] INFO  storage.RaftStorageDirectory (RaftStorageDirectoryImpl.java:tryLock(230)) - Lock on /home/runner/work/ozone/ozone/hadoop-ozone/integration-test/target/test-dir/MiniOzoneClusterImpl-013421b4-bdfc-48e1-b28d-0fb3f9f00c6e/datanode-2/data/ratis/943151b8-789d-4c97-a550-a351cf2c3253/in_use.lock acquired by nodename 20860@fv-az297-489
2021-08-24 17:29:00,034 [pool-355-thread-1] INFO  storage.RaftStorage (RaftStorageImpl.java:format(89)) - Storage directory /home/runner/work/ozone/ozone/hadoop-ozone/integration-test/target/test-dir/MiniOzoneClusterImpl-013421b4-bdfc-48e1-b28d-0fb3f9f00c6e/datanode-2/data/ratis/943151b8-789d-4c97-a550-a351cf2c3253 has been successfully formatted.
2021-08-24 17:29:00,040 [pool-355-thread-1] INFO  ratis.ContainerStateMachine (ContainerStateMachine.java:loadSnapshot(224)) - group-A351CF2C3253: The snapshot info is null. Setting the last applied indexto:(t:0, i:~)
2021-08-24 17:29:00,040 [pool-355-thread-1] INFO  server.RaftServerConfigKeys (ConfUtils.java:logGet(44)) - raft.server.notification.no-leader.timeout = 300s (custom)
2021-08-24 17:29:00,040 [pool-355-thread-1] INFO  server.RaftServerConfigKeys (ConfUtils.java:logGet(44)) - raft.server.log.use.memory = false (default)
2021-08-24 17:29:00,040 [pool-355-thread-1] INFO  server.RaftServerConfigKeys (ConfUtils.java:logGet(44)) - raft.server.log.purge.gap = 1000000 (custom)
2021-08-24 17:29:00,040 [pool-355-thread-1] INFO  server.RaftServerConfigKeys (ConfUtils.java:logGet(44)) - raft.server.log.appender.buffer.byte-limit = 33554432 (custom)
2021-08-24 17:29:00,040 [pool-355-thread-1] INFO  server.RaftServerConfigKeys (ConfUtils.java:logGet(44)) - raft.server.log.segment.size.max = 1048576 (custom)
2021-08-24 17:29:00,041 [pool-355-thread-1] INFO  server.RaftServerConfigKeys (ConfUtils.java:logGet(44)) - raft.server.log.segment.cache.num.max = 2 (custom)
2021-08-24 17:29:00,041 [pool-355-thread-1] INFO  server.RaftServerConfigKeys (ConfUtils.java:logGet(44)) - raft.server.log.segment.cache.size.max = 200MB (=209715200) (default)
2021-08-24 17:29:00,041 [pool-355-thread-1] INFO  segmented.SegmentedRaftLogWorker (SegmentedRaftLogWorker.java:<init>(182)) - new 6297aa79-c9f3-4b67-b89c-6a3b1390e4ad@group-A351CF2C3253-SegmentedRaftLogWorker for RaftStorageImpl:Storage Directory /home/runner/work/ozone/ozone/hadoop-ozone/integration-test/target/test-dir/MiniOzoneClusterImpl-013421b4-bdfc-48e1-b28d-0fb3f9f00c6e/datanode-2/data/ratis/943151b8-789d-4c97-a550-a351cf2c3253
2021-08-24 17:29:00,041 [pool-355-thread-1] INFO  server.RaftServerConfigKeys (ConfUtils.java:logGet(44)) - raft.server.log.queue.byte-limit = 2147483647 (custom)
2021-08-24 17:29:00,041 [pool-355-thread-1] INFO  server.RaftServerConfigKeys (ConfUtils.java:logGet(44)) - raft.server.log.queue.element-limit = 1024 (custom)
2021-08-24 17:29:00,041 [pool-355-thread-1] INFO  server.RaftServerConfigKeys (ConfUtils.java:logGet(44)) - raft.server.log.segment.size.max = 1048576 (custom)
2021-08-24 17:29:00,042 [pool-355-thread-1] INFO  server.RaftServerConfigKeys (ConfUtils.java:logGet(44)) - raft.server.log.preallocated.size = 16384 (custom)
2021-08-24 17:29:00,042 [pool-355-thread-1] INFO  server.RaftServerConfigKeys (ConfUtils.java:logGet(44)) - raft.server.log.force.sync.num = 128 (default)
2021-08-24 17:29:00,042 [pool-355-thread-1] INFO  server.RaftServerConfigKeys (ConfUtils.java:logGet(44)) - raft.server.log.statemachine.data.sync = true (default)
2021-08-24 17:29:00,042 [pool-355-thread-1] INFO  server.RaftServerConfigKeys (ConfUtils.java:logGet(44)) - raft.server.log.statemachine.data.sync.timeout = 10s (default)
2021-08-24 17:29:00,042 [pool-355-thread-1] INFO  server.RaftServerConfigKeys (ConfUtils.java:logGet(44)) - raft.server.log.statemachine.data.sync.timeout.retry = -1 (default)
2021-08-24 17:29:00,043 [pool-355-thread-1] INFO  server.RaftServerConfigKeys (ConfUtils.java:logGet(44)) - raft.server.log.write.buffer.size = 1048576 (custom)
2021-08-24 17:29:00,044 [pool-355-thread-1] INFO  server.RaftServerConfigKeys (ConfUtils.java:logGet(44)) - raft.server.log.statemachine.data.caching.enabled = true (custom)
2021-08-24 17:29:00,044 [pool-355-thread-1] INFO  segmented.SegmentedRaftLogWorker (SegmentedRaftLogWorker.java:lambda$new$0(133)) - 6297aa79-c9f3-4b67-b89c-6a3b1390e4ad@group-A351CF2C3253-SegmentedRaftLogWorker: flushIndex: setUnconditionally 0 -> -1
2021-08-24 17:29:00,044 [pool-355-thread-1] INFO  segmented.SegmentedRaftLogWorker (SegmentedRaftLogWorker.java:lambda$new$0(133)) - 6297aa79-c9f3-4b67-b89c-6a3b1390e4ad@group-A351CF2C3253-SegmentedRaftLogWorker: safeCacheEvictIndex: setUnconditionally 0 -> -1
2021-08-24 17:29:00,058 [pool-355-thread-1] INFO  server.RaftServerConfigKeys (ConfUtils.java:logGet(44)) - raft.server.snapshot.auto.trigger.enabled = true (custom)
2021-08-24 17:29:00,069 [pool-355-thread-1] INFO  server.RaftServerConfigKeys (ConfUtils.java:logGet(44)) - raft.server.snapshot.auto.trigger.threshold = 10000 (custom)
2021-08-24 17:29:00,069 [pool-355-thread-1] INFO  server.RaftServerConfigKeys (ConfUtils.java:logGet(44)) - raft.server.snapshot.retention.file.num = 5 (custom)
2021-08-24 17:29:00,069 [pool-355-thread-1] INFO  server.RaftServerConfigKeys (ConfUtils.java:logGet(44)) - raft.server.log.purge.upto.snapshot.index = false (default)
2021-08-24 17:29:00,069 [pool-355-thread-1] INFO  server.RaftServerConfigKeys (ConfUtils.java:logGet(44)) - raft.server.retrycache.expirytime = 600000ms (custom)
2021-08-24 17:29:00,069 [pool-355-thread-1] INFO  server.RaftServerConfigKeys (ConfUtils.java:logGet(44)) - raft.server.retrycache.statistics.expirytime = 100μs (default)
2021-08-24 17:29:00,088 [pool-355-thread-1] INFO  server.RaftServer$Division (RaftServerImpl.java:start(296)) - 6297aa79-c9f3-4b67-b89c-6a3b1390e4ad@group-A351CF2C3253: start as a follower, conf=-1: [6297aa79-c9f3-4b67-b89c-6a3b1390e4ad|rpc:10.1.0.28:45341|dataStream:|priority:1, e8d1986c-780f-4d33-a74d-27dc83e10bbb|rpc:10.1.0.28:42563|dataStream:|priority:0, 09a15da1-6242-4e82-84e8-d6513e6d0a72|rpc:10.1.0.28:38023|dataStream:|priority:0], old=null
2021-08-24 17:29:00,088 [pool-355-thread-1] INFO  server.RaftServer$Division (RaftServerImpl.java:setRole(285)) - 6297aa79-c9f3-4b67-b89c-6a3b1390e4ad@group-A351CF2C3253: changes role from      null to FOLLOWER at term 0 for startAsFollower
2021-08-24 17:29:00,088 [pool-355-thread-1] INFO  impl.RoleInfo (RoleInfo.java:updateAndGet(130)) - 6297aa79-c9f3-4b67-b89c-6a3b1390e4ad: start 6297aa79-c9f3-4b67-b89c-6a3b1390e4ad@group-A351CF2C3253-FollowerState
2021-08-24 17:29:00,096 [pool-355-thread-1] INFO  util.JmxRegister (JmxRegister.java:tryRegister(44)) - Successfully registered JMX Bean with object name Ratis:service=RaftServer,group=group-A351CF2C3253,id=6297aa79-c9f3-4b67-b89c-6a3b1390e4ad
2021-08-24 17:29:00,134 [Command processor thread] INFO  commandhandler.CreatePipelineCommandHandler (CreatePipelineCommandHandler.java:handle(106)) - Created Pipeline RATIS THREE PipelineID=943151b8-789d-4c97-a550-a351cf2c3253.
2021-08-24 17:29:00,134 [Command processor thread] INFO  server.RaftServer (RaftServerProxy.java:addNew(95)) - 09a15da1-6242-4e82-84e8-d6513e6d0a72: addNew group-7C5DC977ED2D:[6297aa79-c9f3-4b67-b89c-6a3b1390e4ad|rpc:10.1.0.28:45341|priority:0, e8d1986c-780f-4d33-a74d-27dc83e10bbb|rpc:10.1.0.28:42563|priority:0, 09a15da1-6242-4e82-84e8-d6513e6d0a72|rpc:10.1.0.28:38023|priority:1] returns group-7C5DC977ED2D:java.util.concurrent.CompletableFuture@1626f795[Not completed]
2021-08-24 17:29:00,150 [pool-317-thread-1] INFO  server.RaftServer$Division (RaftServerImpl.java:<init>(181)) - 09a15da1-6242-4e82-84e8-d6513e6d0a72: new RaftServerImpl for group-7C5DC977ED2D:[6297aa79-c9f3-4b67-b89c-6a3b1390e4ad|rpc:10.1.0.28:45341|priority:0, e8d1986c-780f-4d33-a74d-27dc83e10bbb|rpc:10.1.0.28:42563|priority:0, 09a15da1-6242-4e82-84e8-d6513e6d0a72|rpc:10.1.0.28:38023|priority:1] with ContainerStateMachine:uninitialized
2021-08-24 17:29:00,150 [pool-317-thread-1] INFO  server.RaftServerConfigKeys (ConfUtils.java:logGet(44)) - raft.server.rpc.timeout.min = 5s (custom)
2021-08-24 17:29:00,150 [pool-317-thread-1] INFO  server.RaftServerConfigKeys (ConfUtils.java:logGet(44)) - raft.server.rpc.timeout.max = 5200ms (custom)
2021-08-24 17:29:00,150 [pool-317-thread-1] INFO  server.RaftServerConfigKeys (ConfUtils.java:logGet(44)) - raft.server.rpc.sleep.time = 25ms (default)
2021-08-24 17:29:00,150 [pool-317-thread-1] INFO  server.RaftServerConfigKeys (ConfUtils.java:logGet(44)) - raft.server.rpc.slowness.timeout = 300s (custom)
2021-08-24 17:29:00,150 [pool-317-thread-1] INFO  server.RaftServerConfigKeys (ConfUtils.java:logGet(44)) - raft.server.leaderelection.leader.step-down.wait-time = 10s (default)
2021-08-24 17:29:00,151 [pool-317-thread-1] INFO  server.RaftServerConfigKeys (ConfUtils.java:logGet(44)) - raft.server.sleep.deviation.threshold = 300ms (default)
2021-08-24 17:29:00,151 [pool-317-thread-1] INFO  server.RaftServerConfigKeys (ConfUtils.java:logGet(44)) - raft.server.log.appender.install.snapshot.enabled = false (custom)
2021-08-24 17:29:00,151 [pool-317-thread-1] INFO  server.RaftServer$Division (ServerState.java:<init>(105)) - 09a15da1-6242-4e82-84e8-d6513e6d0a72@group-7C5DC977ED2D: ConfigurationManager, init=-1: [6297aa79-c9f3-4b67-b89c-6a3b1390e4ad|rpc:10.1.0.28:45341|priority:0, e8d1986c-780f-4d33-a74d-27dc83e10bbb|rpc:10.1.0.28:42563|priority:0, 09a15da1-6242-4e82-84e8-d6513e6d0a72|rpc:10.1.0.28:38023|priority:1], old=null, confs=<EMPTY_MAP>
2021-08-24 17:29:00,151 [pool-317-thread-1] INFO  server.RaftServerConfigKeys (ConfUtils.java:logGet(44)) - raft.server.storage.dir = [/home/runner/work/ozone/ozone/hadoop-ozone/integration-test/target/test-dir/MiniOzoneClusterImpl-013421b4-bdfc-48e1-b28d-0fb3f9f00c6e/datanode-0/data/ratis] (custom)
2021-08-24 17:29:00,151 [pool-317-thread-1] INFO  server.RaftServerConfigKeys (ConfUtils.java:logGet(44)) - raft.server.log.corruption.policy = EXCEPTION (default)
2021-08-24 17:29:00,151 [pool-317-thread-1] INFO  server.RaftServerConfigKeys (ConfUtils.java:logGet(44)) - raft.server.storage.free-space.min = 0MB (=0) (default)
2021-08-24 17:29:00,151 [pool-317-thread-1] INFO  storage.RaftStorageDirectory (RaftStorageDirectoryImpl.java:analyzeStorage(135)) - The storage directory /home/runner/work/ozone/ozone/hadoop-ozone/integration-test/target/test-dir/MiniOzoneClusterImpl-013421b4-bdfc-48e1-b28d-0fb3f9f00c6e/datanode-0/data/ratis/1c8879a2-c243-4424-b625-7c5dc977ed2d does not exist. Creating ...
2021-08-24 17:29:00,155 [EndpointStateMachine task thread for /0.0.0.0:35951 - 0 ] INFO  ipc.Client (Client.java:handleConnectionFailure(977)) - Retrying connect to server: 0.0.0.0/0.0.0.0:35951. Already tried 10 time(s); retry policy is RetryUpToMaximumCountWithFixedSleep(maxRetries=15, sleepTime=1000 MILLISECONDS)
2021-08-24 17:29:00,155 [pool-317-thread-1] INFO  storage.RaftStorageDirectory (RaftStorageDirectoryImpl.java:tryLock(230)) - Lock on /home/runner/work/ozone/ozone/hadoop-ozone/integration-test/target/test-dir/MiniOzoneClusterImpl-013421b4-bdfc-48e1-b28d-0fb3f9f00c6e/datanode-0/data/ratis/1c8879a2-c243-4424-b625-7c5dc977ed2d/in_use.lock acquired by nodename 20860@fv-az297-489
2021-08-24 17:29:00,168 [grpc-default-executor-2] WARN  server.GrpcLogAppender (LogUtils.java:warn(122)) - omNode-1@group-523986131536->omNode-3-AppendLogResponseHandler: Failed appendEntries: org.apache.ratis.thirdparty.io.grpc.StatusRuntimeException: UNAVAILABLE: io exception
2021-08-24 17:29:00,168 [grpc-default-executor-2] WARN  server.GrpcLogAppender (GrpcLogAppender.java:resetClient(111)) - omNode-1@group-523986131536->omNode-3-GrpcLogAppender: Leader has not got in touch with Follower omNode-1@group-523986131536->omNode-3(c-1,m0,n1, attendVote=true, lastRpcSendTime=505, lastRpcResponseTime=9351) yet, just keep nextIndex unchanged and retry.
2021-08-24 17:29:00,174 [pool-317-thread-1] INFO  storage.RaftStorage (RaftStorageImpl.java:format(89)) - Storage directory /home/runner/work/ozone/ozone/hadoop-ozone/integration-test/target/test-dir/MiniOzoneClusterImpl-013421b4-bdfc-48e1-b28d-0fb3f9f00c6e/datanode-0/data/ratis/1c8879a2-c243-4424-b625-7c5dc977ed2d has been successfully formatted.
2021-08-24 17:29:00,178 [pool-317-thread-1] INFO  ratis.ContainerStateMachine (ContainerStateMachine.java:loadSnapshot(224)) - group-7C5DC977ED2D: The snapshot info is null. Setting the last applied indexto:(t:0, i:~)
2021-08-24 17:29:00,178 [pool-317-thread-1] INFO  server.RaftServerConfigKeys (ConfUtils.java:logGet(44)) - raft.server.notification.no-leader.timeout = 300s (custom)
2021-08-24 17:29:00,178 [pool-317-thread-1] INFO  server.RaftServerConfigKeys (ConfUtils.java:logGet(44)) - raft.server.log.use.memory = false (default)
2021-08-24 17:29:00,178 [pool-317-thread-1] INFO  server.RaftServerConfigKeys (ConfUtils.java:logGet(44)) - raft.server.log.purge.gap = 1000000 (custom)
2021-08-24 17:29:00,178 [pool-317-thread-1] INFO  server.RaftServerConfigKeys (ConfUtils.java:logGet(44)) - raft.server.log.appender.buffer.byte-limit = 33554432 (custom)
2021-08-24 17:29:00,178 [pool-317-thread-1] INFO  server.RaftServerConfigKeys (ConfUtils.java:logGet(44)) - raft.server.log.segment.size.max = 1048576 (custom)
2021-08-24 17:29:00,178 [Datanode State Machine Thread - 0] WARN  statemachine.StateContext (StateContext.java:execute(621)) - No available thread in pool for past 1 seconds.
2021-08-24 17:29:00,179 [pool-317-thread-1] INFO  server.RaftServerConfigKeys (ConfUtils.java:logGet(44)) - raft.server.log.segment.cache.num.max = 2 (custom)
2021-08-24 17:29:00,179 [pool-317-thread-1] INFO  server.RaftServerConfigKeys (ConfUtils.java:logGet(44)) - raft.server.log.segment.cache.size.max = 200MB (=209715200) (default)
2021-08-24 17:29:00,179 [pool-317-thread-1] INFO  segmented.SegmentedRaftLogWorker (SegmentedRaftLogWorker.java:<init>(182)) - new 09a15da1-6242-4e82-84e8-d6513e6d0a72@group-7C5DC977ED2D-SegmentedRaftLogWorker for RaftStorageImpl:Storage Directory /home/runner/work/ozone/ozone/hadoop-ozone/integration-test/target/test-dir/MiniOzoneClusterImpl-013421b4-bdfc-48e1-b28d-0fb3f9f00c6e/datanode-0/data/ratis/1c8879a2-c243-4424-b625-7c5dc977ed2d
2021-08-24 17:29:00,179 [pool-317-thread-1] INFO  server.RaftServerConfigKeys (ConfUtils.java:logGet(44)) - raft.server.log.queue.byte-limit = 2147483647 (custom)
2021-08-24 17:29:00,179 [pool-317-thread-1] INFO  server.RaftServerConfigKeys (ConfUtils.java:logGet(44)) - raft.server.log.queue.element-limit = 1024 (custom)
2021-08-24 17:29:00,179 [pool-317-thread-1] INFO  server.RaftServerConfigKeys (ConfUtils.java:logGet(44)) - raft.server.log.segment.size.max = 1048576 (custom)
2021-08-24 17:29:00,179 [pool-317-thread-1] INFO  server.RaftServerConfigKeys (ConfUtils.java:logGet(44)) - raft.server.log.preallocated.size = 16384 (custom)
2021-08-24 17:29:00,179 [pool-317-thread-1] INFO  server.RaftServerConfigKeys (ConfUtils.java:logGet(44)) - raft.server.log.force.sync.num = 128 (default)
2021-08-24 17:29:00,179 [pool-317-thread-1] INFO  server.RaftServerConfigKeys (ConfUtils.java:logGet(44)) - raft.server.log.statemachine.data.sync = true (default)
2021-08-24 17:29:00,179 [pool-317-thread-1] INFO  server.RaftServerConfigKeys (ConfUtils.java:logGet(44)) - raft.server.log.statemachine.data.sync.timeout = 10s (default)
2021-08-24 17:29:00,179 [pool-317-thread-1] INFO  server.RaftServerConfigKeys (ConfUtils.java:logGet(44)) - raft.server.log.statemachine.data.sync.timeout.retry = -1 (default)
2021-08-24 17:29:00,180 [pool-317-thread-1] INFO  server.RaftServerConfigKeys (ConfUtils.java:logGet(44)) - raft.server.log.write.buffer.size = 1048576 (custom)
2021-08-24 17:29:00,182 [EventQueue-OpenPipelineForHealthyPipelineSafeModeRule] INFO  safemode.SCMSafeModeManager (HealthyPipelineSafeModeRule.java:process(124)) - SCM in safe mode. Healthy pipelines reported count is 0, required healthy pipeline reported count is 1
2021-08-24 17:29:00,182 [pool-317-thread-1] INFO  server.RaftServerConfigKeys (ConfUtils.java:logGet(44)) - raft.server.log.statemachine.data.caching.enabled = true (custom)
2021-08-24 17:29:00,186 [pool-317-thread-1] INFO  segmented.SegmentedRaftLogWorker (SegmentedRaftLogWorker.java:lambda$new$0(133)) - 09a15da1-6242-4e82-84e8-d6513e6d0a72@group-7C5DC977ED2D-SegmentedRaftLogWorker: flushIndex: setUnconditionally 0 -> -1
2021-08-24 17:29:00,186 [pool-317-thread-1] INFO  segmented.SegmentedRaftLogWorker (SegmentedRaftLogWorker.java:lambda$new$0(133)) - 09a15da1-6242-4e82-84e8-d6513e6d0a72@group-7C5DC977ED2D-SegmentedRaftLogWorker: safeCacheEvictIndex: setUnconditionally 0 -> -1
2021-08-24 17:29:00,198 [pool-317-thread-1] INFO  server.RaftServerConfigKeys (ConfUtils.java:logGet(44)) - raft.server.snapshot.auto.trigger.enabled = true (custom)
2021-08-24 17:29:00,198 [pool-317-thread-1] INFO  server.RaftServerConfigKeys (ConfUtils.java:logGet(44)) - raft.server.snapshot.auto.trigger.threshold = 10000 (custom)
2021-08-24 17:29:00,198 [pool-317-thread-1] INFO  server.RaftServerConfigKeys (ConfUtils.java:logGet(44)) - raft.server.snapshot.retention.file.num = 5 (custom)
2021-08-24 17:29:00,198 [pool-317-thread-1] INFO  server.RaftServerConfigKeys (ConfUtils.java:logGet(44)) - raft.server.log.purge.upto.snapshot.index = false (default)
2021-08-24 17:29:00,198 [pool-317-thread-1] INFO  server.RaftServerConfigKeys (ConfUtils.java:logGet(44)) - raft.server.retrycache.expirytime = 600000ms (custom)
2021-08-24 17:29:00,198 [pool-317-thread-1] INFO  server.RaftServerConfigKeys (ConfUtils.java:logGet(44)) - raft.server.retrycache.statistics.expirytime = 100μs (default)
2021-08-24 17:29:00,199 [pool-317-thread-1] INFO  server.RaftServer$Division (RaftServerImpl.java:start(296)) - 09a15da1-6242-4e82-84e8-d6513e6d0a72@group-7C5DC977ED2D: start as a follower, conf=-1: [6297aa79-c9f3-4b67-b89c-6a3b1390e4ad|rpc:10.1.0.28:45341|priority:0, e8d1986c-780f-4d33-a74d-27dc83e10bbb|rpc:10.1.0.28:42563|priority:0, 09a15da1-6242-4e82-84e8-d6513e6d0a72|rpc:10.1.0.28:38023|priority:1], old=null
2021-08-24 17:29:00,199 [pool-317-thread-1] INFO  server.RaftServer$Division (RaftServerImpl.java:setRole(285)) - 09a15da1-6242-4e82-84e8-d6513e6d0a72@group-7C5DC977ED2D: changes role from      null to FOLLOWER at term 0 for startAsFollower
2021-08-24 17:29:00,199 [pool-317-thread-1] INFO  impl.RoleInfo (RoleInfo.java:updateAndGet(130)) - 09a15da1-6242-4e82-84e8-d6513e6d0a72: start 09a15da1-6242-4e82-84e8-d6513e6d0a72@group-7C5DC977ED2D-FollowerState
2021-08-24 17:29:00,210 [pool-317-thread-1] INFO  util.JmxRegister (JmxRegister.java:tryRegister(44)) - Successfully registered JMX Bean with object name Ratis:service=RaftServer,group=group-7C5DC977ED2D,id=09a15da1-6242-4e82-84e8-d6513e6d0a72
2021-08-24 17:29:00,210 [Command processor thread] INFO  ratis.XceiverServerRatis (XceiverServerRatis.java:addGroup(763)) - Created group PipelineID=1c8879a2-c243-4424-b625-7c5dc977ed2d
2021-08-24 17:29:00,235 [Command processor thread] INFO  server.RaftServer (RaftServerProxy.java:addNew(95)) - e8d1986c-780f-4d33-a74d-27dc83e10bbb: addNew group-371D8429D248:[e8d1986c-780f-4d33-a74d-27dc83e10bbb|rpc:10.1.0.28:42563|priority:1] returns group-371D8429D248:java.util.concurrent.CompletableFuture@6c086283[Not completed]
2021-08-24 17:29:00,244 [grpc-default-executor-2] INFO  server.RaftServer (RaftServerProxy.java:addNew(95)) - 6297aa79-c9f3-4b67-b89c-6a3b1390e4ad: addNew group-7C5DC977ED2D:[6297aa79-c9f3-4b67-b89c-6a3b1390e4ad|rpc:10.1.0.28:45341|dataStream:|priority:0, e8d1986c-780f-4d33-a74d-27dc83e10bbb|rpc:10.1.0.28:42563|dataStream:|priority:0, 09a15da1-6242-4e82-84e8-d6513e6d0a72|rpc:10.1.0.28:38023|dataStream:|priority:1] returns group-7C5DC977ED2D:java.util.concurrent.CompletableFuture@5fe1706d[Not completed]
2021-08-24 17:29:00,245 [pool-355-thread-1] INFO  server.RaftServer$Division (RaftServerImpl.java:<init>(181)) - 6297aa79-c9f3-4b67-b89c-6a3b1390e4ad: new RaftServerImpl for group-7C5DC977ED2D:[6297aa79-c9f3-4b67-b89c-6a3b1390e4ad|rpc:10.1.0.28:45341|dataStream:|priority:0, e8d1986c-780f-4d33-a74d-27dc83e10bbb|rpc:10.1.0.28:42563|dataStream:|priority:0, 09a15da1-6242-4e82-84e8-d6513e6d0a72|rpc:10.1.0.28:38023|dataStream:|priority:1] with ContainerStateMachine:uninitialized
2021-08-24 17:29:00,245 [pool-355-thread-1] INFO  server.RaftServerConfigKeys (ConfUtils.java:logGet(44)) - raft.server.rpc.timeout.min = 5s (custom)
2021-08-24 17:29:00,245 [pool-355-thread-1] INFO  server.RaftServerConfigKeys (ConfUtils.java:logGet(44)) - raft.server.rpc.timeout.max = 5200ms (custom)
2021-08-24 17:29:00,245 [pool-355-thread-1] INFO  server.RaftServerConfigKeys (ConfUtils.java:logGet(44)) - raft.server.rpc.sleep.time = 25ms (default)
2021-08-24 17:29:00,245 [pool-355-thread-1] INFO  server.RaftServerConfigKeys (ConfUtils.java:logGet(44)) - raft.server.rpc.slowness.timeout = 300s (custom)
2021-08-24 17:29:00,245 [pool-355-thread-1] INFO  server.RaftServerConfigKeys (ConfUtils.java:logGet(44)) - raft.server.leaderelection.leader.step-down.wait-time = 10s (default)
2021-08-24 17:29:00,245 [pool-355-thread-1] INFO  server.RaftServerConfigKeys (ConfUtils.java:logGet(44)) - raft.server.sleep.deviation.threshold = 300ms (default)
2021-08-24 17:29:00,245 [pool-355-thread-1] INFO  server.RaftServerConfigKeys (ConfUtils.java:logGet(44)) - raft.server.log.appender.install.snapshot.enabled = false (custom)
2021-08-24 17:29:00,245 [pool-355-thread-1] INFO  server.RaftServer$Division (ServerState.java:<init>(105)) - 6297aa79-c9f3-4b67-b89c-6a3b1390e4ad@group-7C5DC977ED2D: ConfigurationManager, init=-1: [6297aa79-c9f3-4b67-b89c-6a3b1390e4ad|rpc:10.1.0.28:45341|dataStream:|priority:0, e8d1986c-780f-4d33-a74d-27dc83e10bbb|rpc:10.1.0.28:42563|dataStream:|priority:0, 09a15da1-6242-4e82-84e8-d6513e6d0a72|rpc:10.1.0.28:38023|dataStream:|priority:1], old=null, confs=<EMPTY_MAP>
2021-08-24 17:29:00,245 [pool-355-thread-1] INFO  server.RaftServerConfigKeys (ConfUtils.java:logGet(44)) - raft.server.storage.dir = [/home/runner/work/ozone/ozone/hadoop-ozone/integration-test/target/test-dir/MiniOzoneClusterImpl-013421b4-bdfc-48e1-b28d-0fb3f9f00c6e/datanode-2/data/ratis] (custom)
2021-08-24 17:29:00,246 [pool-355-thread-1] INFO  server.RaftServerConfigKeys (ConfUtils.java:logGet(44)) - raft.server.log.corruption.policy = EXCEPTION (default)
2021-08-24 17:29:00,246 [pool-355-thread-1] INFO  server.RaftServerConfigKeys (ConfUtils.java:logGet(44)) - raft.server.storage.free-space.min = 0MB (=0) (default)
2021-08-24 17:29:00,246 [pool-336-thread-1] INFO  server.RaftServer$Division (RaftServerImpl.java:<init>(181)) - e8d1986c-780f-4d33-a74d-27dc83e10bbb: new RaftServerImpl for group-371D8429D248:[e8d1986c-780f-4d33-a74d-27dc83e10bbb|rpc:10.1.0.28:42563|priority:1] with ContainerStateMachine:uninitialized
2021-08-24 17:29:00,246 [pool-355-thread-1] INFO  storage.RaftStorageDirectory (RaftStorageDirectoryImpl.java:analyzeStorage(135)) - The storage directory /home/runner/work/ozone/ozone/hadoop-ozone/integration-test/target/test-dir/MiniOzoneClusterImpl-013421b4-bdfc-48e1-b28d-0fb3f9f00c6e/datanode-2/data/ratis/1c8879a2-c243-4424-b625-7c5dc977ed2d does not exist. Creating ...
2021-08-24 17:29:00,246 [pool-336-thread-1] INFO  server.RaftServerConfigKeys (ConfUtils.java:logGet(44)) - raft.server.rpc.timeout.min = 5s (custom)
2021-08-24 17:29:00,246 [pool-336-thread-1] INFO  server.RaftServerConfigKeys (ConfUtils.java:logGet(44)) - raft.server.rpc.timeout.max = 5200ms (custom)
2021-08-24 17:29:00,246 [pool-336-thread-1] INFO  server.RaftServerConfigKeys (ConfUtils.java:logGet(44)) - raft.server.rpc.sleep.time = 25ms (default)
2021-08-24 17:29:00,246 [pool-336-thread-1] INFO  server.RaftServerConfigKeys (ConfUtils.java:logGet(44)) - raft.server.rpc.slowness.timeout = 300s (custom)
2021-08-24 17:29:00,246 [pool-336-thread-1] INFO  server.RaftServerConfigKeys (ConfUtils.java:logGet(44)) - raft.server.leaderelection.leader.step-down.wait-time = 10s (default)
2021-08-24 17:29:00,246 [pool-336-thread-1] INFO  server.RaftServerConfigKeys (ConfUtils.java:logGet(44)) - raft.server.sleep.deviation.threshold = 300ms (default)
2021-08-24 17:29:00,246 [pool-336-thread-1] INFO  server.RaftServerConfigKeys (ConfUtils.java:logGet(44)) - raft.server.log.appender.install.snapshot.enabled = false (custom)
2021-08-24 17:29:00,246 [pool-336-thread-1] INFO  server.RaftServer$Division (ServerState.java:<init>(105)) - e8d1986c-780f-4d33-a74d-27dc83e10bbb@group-371D8429D248: ConfigurationManager, init=-1: [e8d1986c-780f-4d33-a74d-27dc83e10bbb|rpc:10.1.0.28:42563|priority:1], old=null, confs=<EMPTY_MAP>
2021-08-24 17:29:00,247 [pool-336-thread-1] INFO  server.RaftServerConfigKeys (ConfUtils.java:logGet(44)) - raft.server.storage.dir = [/home/runner/work/ozone/ozone/hadoop-ozone/integration-test/target/test-dir/MiniOzoneClusterImpl-013421b4-bdfc-48e1-b28d-0fb3f9f00c6e/datanode-1/data/ratis] (custom)
2021-08-24 17:29:00,247 [pool-336-thread-1] INFO  server.RaftServerConfigKeys (ConfUtils.java:logGet(44)) - raft.server.log.corruption.policy = EXCEPTION (default)
2021-08-24 17:29:00,247 [pool-336-thread-1] INFO  server.RaftServerConfigKeys (ConfUtils.java:logGet(44)) - raft.server.storage.free-space.min = 0MB (=0) (default)
2021-08-24 17:29:00,247 [pool-336-thread-1] INFO  storage.RaftStorageDirectory (RaftStorageDirectoryImpl.java:analyzeStorage(135)) - The storage directory /home/runner/work/ozone/ozone/hadoop-ozone/integration-test/target/test-dir/MiniOzoneClusterImpl-013421b4-bdfc-48e1-b28d-0fb3f9f00c6e/datanode-1/data/ratis/55d56908-60ab-49cb-82d2-371d8429d248 does not exist. Creating ...
2021-08-24 17:29:00,248 [pool-336-thread-1] INFO  storage.RaftStorageDirectory (RaftStorageDirectoryImpl.java:tryLock(230)) - Lock on /home/runner/work/ozone/ozone/hadoop-ozone/integration-test/target/test-dir/MiniOzoneClusterImpl-013421b4-bdfc-48e1-b28d-0fb3f9f00c6e/datanode-1/data/ratis/55d56908-60ab-49cb-82d2-371d8429d248/in_use.lock acquired by nodename 20860@fv-az297-489
2021-08-24 17:29:00,248 [pool-355-thread-1] INFO  storage.RaftStorageDirectory (RaftStorageDirectoryImpl.java:tryLock(230)) - Lock on /home/runner/work/ozone/ozone/hadoop-ozone/integration-test/target/test-dir/MiniOzoneClusterImpl-013421b4-bdfc-48e1-b28d-0fb3f9f00c6e/datanode-2/data/ratis/1c8879a2-c243-4424-b625-7c5dc977ed2d/in_use.lock acquired by nodename 20860@fv-az297-489
2021-08-24 17:29:00,251 [pool-355-thread-1] INFO  storage.RaftStorage (RaftStorageImpl.java:format(89)) - Storage directory /home/runner/work/ozone/ozone/hadoop-ozone/integration-test/target/test-dir/MiniOzoneClusterImpl-013421b4-bdfc-48e1-b28d-0fb3f9f00c6e/datanode-2/data/ratis/1c8879a2-c243-4424-b625-7c5dc977ed2d has been successfully formatted.
2021-08-24 17:29:00,252 [pool-355-thread-1] INFO  ratis.ContainerStateMachine (ContainerStateMachine.java:loadSnapshot(224)) - group-7C5DC977ED2D: The snapshot info is null. Setting the last applied indexto:(t:0, i:~)
2021-08-24 17:29:00,251 [pool-336-thread-1] INFO  storage.RaftStorage (RaftStorageImpl.java:format(89)) - Storage directory /home/runner/work/ozone/ozone/hadoop-ozone/integration-test/target/test-dir/MiniOzoneClusterImpl-013421b4-bdfc-48e1-b28d-0fb3f9f00c6e/datanode-1/data/ratis/55d56908-60ab-49cb-82d2-371d8429d248 has been successfully formatted.
2021-08-24 17:29:00,252 [pool-336-thread-1] INFO  ratis.ContainerStateMachine (ContainerStateMachine.java:loadSnapshot(224)) - group-371D8429D248: The snapshot info is null. Setting the last applied indexto:(t:0, i:~)
2021-08-24 17:29:00,266 [pool-336-thread-1] INFO  server.RaftServerConfigKeys (ConfUtils.java:logGet(44)) - raft.server.notification.no-leader.timeout = 300s (custom)
2021-08-24 17:29:00,266 [pool-336-thread-1] INFO  server.RaftServerConfigKeys (ConfUtils.java:logGet(44)) - raft.server.log.use.memory = false (default)
2021-08-24 17:29:00,266 [Datanode State Machine Thread - 0] WARN  statemachine.StateContext (StateContext.java:execute(621)) - No available thread in pool for past 1 seconds.
2021-08-24 17:29:00,266 [Datanode State Machine Thread - 0] WARN  statemachine.StateContext (StateContext.java:execute(621)) - No available thread in pool for past 1 seconds.
2021-08-24 17:29:00,267 [pool-355-thread-1] INFO  server.RaftServerConfigKeys (ConfUtils.java:logGet(44)) - raft.server.notification.no-leader.timeout = 300s (custom)
2021-08-24 17:29:00,267 [pool-355-thread-1] INFO  server.RaftServerConfigKeys (ConfUtils.java:logGet(44)) - raft.server.log.use.memory = false (default)
2021-08-24 17:29:00,267 [pool-355-thread-1] INFO  server.RaftServerConfigKeys (ConfUtils.java:logGet(44)) - raft.server.log.purge.gap = 1000000 (custom)
2021-08-24 17:29:00,267 [pool-355-thread-1] INFO  server.RaftServerConfigKeys (ConfUtils.java:logGet(44)) - raft.server.log.appender.buffer.byte-limit = 33554432 (custom)
2021-08-24 17:29:00,267 [pool-355-thread-1] INFO  server.RaftServerConfigKeys (ConfUtils.java:logGet(44)) - raft.server.log.segment.size.max = 1048576 (custom)
2021-08-24 17:29:00,267 [pool-355-thread-1] INFO  server.RaftServerConfigKeys (ConfUtils.java:logGet(44)) - raft.server.log.segment.cache.num.max = 2 (custom)
2021-08-24 17:29:00,268 [pool-355-thread-1] INFO  server.RaftServerConfigKeys (ConfUtils.java:logGet(44)) - raft.server.log.segment.cache.size.max = 200MB (=209715200) (default)
2021-08-24 17:29:00,268 [pool-355-thread-1] INFO  segmented.SegmentedRaftLogWorker (SegmentedRaftLogWorker.java:<init>(182)) - new 6297aa79-c9f3-4b67-b89c-6a3b1390e4ad@group-7C5DC977ED2D-SegmentedRaftLogWorker for RaftStorageImpl:Storage Directory /home/runner/work/ozone/ozone/hadoop-ozone/integration-test/target/test-dir/MiniOzoneClusterImpl-013421b4-bdfc-48e1-b28d-0fb3f9f00c6e/datanode-2/data/ratis/1c8879a2-c243-4424-b625-7c5dc977ed2d
2021-08-24 17:29:00,268 [pool-355-thread-1] INFO  server.RaftServerConfigKeys (ConfUtils.java:logGet(44)) - raft.server.log.queue.byte-limit = 2147483647 (custom)
2021-08-24 17:29:00,268 [pool-355-thread-1] INFO  server.RaftServerConfigKeys (ConfUtils.java:logGet(44)) - raft.server.log.queue.element-limit = 1024 (custom)
2021-08-24 17:29:00,268 [pool-355-thread-1] INFO  server.RaftServerConfigKeys (ConfUtils.java:logGet(44)) - raft.server.log.segment.size.max = 1048576 (custom)
2021-08-24 17:29:00,268 [pool-355-thread-1] INFO  server.RaftServerConfigKeys (ConfUtils.java:logGet(44)) - raft.server.log.preallocated.size = 16384 (custom)
2021-08-24 17:29:00,268 [pool-355-thread-1] INFO  server.RaftServerConfigKeys (ConfUtils.java:logGet(44)) - raft.server.log.force.sync.num = 128 (default)
2021-08-24 17:29:00,268 [pool-355-thread-1] INFO  server.RaftServerConfigKeys (ConfUtils.java:logGet(44)) - raft.server.log.statemachine.data.sync = true (default)
2021-08-24 17:29:00,268 [pool-355-thread-1] INFO  server.RaftServerConfigKeys (ConfUtils.java:logGet(44)) - raft.server.log.statemachine.data.sync.timeout = 10s (default)
2021-08-24 17:29:00,268 [pool-355-thread-1] INFO  server.RaftServerConfigKeys (ConfUtils.java:logGet(44)) - raft.server.log.statemachine.data.sync.timeout.retry = -1 (default)
2021-08-24 17:29:00,269 [pool-355-thread-1] INFO  server.RaftServerConfigKeys (ConfUtils.java:logGet(44)) - raft.server.log.write.buffer.size = 1048576 (custom)
2021-08-24 17:29:00,266 [pool-336-thread-1] INFO  server.RaftServerConfigKeys (ConfUtils.java:logGet(44)) - raft.server.log.purge.gap = 1000000 (custom)
2021-08-24 17:29:00,270 [pool-336-thread-1] INFO  server.RaftServerConfigKeys (ConfUtils.java:logGet(44)) - raft.server.log.appender.buffer.byte-limit = 33554432 (custom)
2021-08-24 17:29:00,270 [pool-336-thread-1] INFO  server.RaftServerConfigKeys (ConfUtils.java:logGet(44)) - raft.server.log.segment.size.max = 1048576 (custom)
2021-08-24 17:29:00,270 [pool-336-thread-1] INFO  server.RaftServerConfigKeys (ConfUtils.java:logGet(44)) - raft.server.log.segment.cache.num.max = 2 (custom)
2021-08-24 17:29:00,270 [pool-336-thread-1] INFO  server.RaftServerConfigKeys (ConfUtils.java:logGet(44)) - raft.server.log.segment.cache.size.max = 200MB (=209715200) (default)
2021-08-24 17:29:00,270 [pool-336-thread-1] INFO  segmented.SegmentedRaftLogWorker (SegmentedRaftLogWorker.java:<init>(182)) - new e8d1986c-780f-4d33-a74d-27dc83e10bbb@group-371D8429D248-SegmentedRaftLogWorker for RaftStorageImpl:Storage Directory /home/runner/work/ozone/ozone/hadoop-ozone/integration-test/target/test-dir/MiniOzoneClusterImpl-013421b4-bdfc-48e1-b28d-0fb3f9f00c6e/datanode-1/data/ratis/55d56908-60ab-49cb-82d2-371d8429d248
2021-08-24 17:29:00,270 [pool-336-thread-1] INFO  server.RaftServerConfigKeys (ConfUtils.java:logGet(44)) - raft.server.log.queue.byte-limit = 2147483647 (custom)
2021-08-24 17:29:00,270 [pool-336-thread-1] INFO  server.RaftServerConfigKeys (ConfUtils.java:logGet(44)) - raft.server.log.queue.element-limit = 1024 (custom)
2021-08-24 17:29:00,270 [EventQueue-PipelineReportForPipelineReportHandler] INFO  pipeline.PipelineManagerImpl (PipelineManagerImpl.java:openPipeline(283)) - Pipeline Pipeline[ Id: 55d56908-60ab-49cb-82d2-371d8429d248, Nodes: e8d1986c-780f-4d33-a74d-27dc83e10bbb{ip: 10.1.0.28, host: fv-az297-489.nmf1rxwemy4u5di1sxxf4ejcwb.jx.internal.cloudapp.net, ports: [REPLICATION=42323, RATIS=42563, RATIS_ADMIN=42563, RATIS_SERVER=42563, STANDALONE=34051], networkLocation: /default-rack, certSerialId: null, persistedOpState: IN_SERVICE, persistedOpStateExpiryEpochSec: 0}, ReplicationConfig: RATIS/ONE, State:ALLOCATED, leaderId:e8d1986c-780f-4d33-a74d-27dc83e10bbb, CreationTimestamp2021-08-24T17:28:57.250Z[Etc/UTC]] moved to OPEN state
2021-08-24 17:29:00,271 [EventQueue-OpenPipelineForHealthyPipelineSafeModeRule] INFO  safemode.SCMSafeModeManager (HealthyPipelineSafeModeRule.java:process(124)) - SCM in safe mode. Healthy pipelines reported count is 0, required healthy pipeline reported count is 1
2021-08-24 17:29:00,270 [pool-336-thread-1] INFO  server.RaftServerConfigKeys (ConfUtils.java:logGet(44)) - raft.server.log.segment.size.max = 1048576 (custom)
2021-08-24 17:29:00,277 [pool-336-thread-1] INFO  server.RaftServerConfigKeys (ConfUtils.java:logGet(44)) - raft.server.log.preallocated.size = 16384 (custom)
2021-08-24 17:29:00,277 [pool-355-thread-1] INFO  server.RaftServerConfigKeys (ConfUtils.java:logGet(44)) - raft.server.log.statemachine.data.caching.enabled = true (custom)
2021-08-24 17:29:00,277 [pool-336-thread-1] INFO  server.RaftServerConfigKeys (ConfUtils.java:logGet(44)) - raft.server.log.force.sync.num = 128 (default)
2021-08-24 17:29:00,277 [pool-336-thread-1] INFO  server.RaftServerConfigKeys (ConfUtils.java:logGet(44)) - raft.server.log.statemachine.data.sync = true (default)
2021-08-24 17:29:00,277 [pool-355-thread-1] INFO  segmented.SegmentedRaftLogWorker (SegmentedRaftLogWorker.java:lambda$new$0(133)) - 6297aa79-c9f3-4b67-b89c-6a3b1390e4ad@group-7C5DC977ED2D-SegmentedRaftLogWorker: flushIndex: setUnconditionally 0 -> -1
2021-08-24 17:29:00,277 [pool-355-thread-1] INFO  segmented.SegmentedRaftLogWorker (SegmentedRaftLogWorker.java:lambda$new$0(133)) - 6297aa79-c9f3-4b67-b89c-6a3b1390e4ad@group-7C5DC977ED2D-SegmentedRaftLogWorker: safeCacheEvictIndex: setUnconditionally 0 -> -1
2021-08-24 17:29:00,277 [pool-336-thread-1] INFO  server.RaftServerConfigKeys (ConfUtils.java:logGet(44)) - raft.server.log.statemachine.data.sync.timeout = 10s (default)
2021-08-24 17:29:00,278 [pool-355-thread-1] INFO  server.RaftServerConfigKeys (ConfUtils.java:logGet(44)) - raft.server.snapshot.auto.trigger.enabled = true (custom)
2021-08-24 17:29:00,278 [pool-355-thread-1] INFO  server.RaftServerConfigKeys (ConfUtils.java:logGet(44)) - raft.server.snapshot.auto.trigger.threshold = 10000 (custom)
2021-08-24 17:29:00,278 [pool-355-thread-1] INFO  server.RaftServerConfigKeys (ConfUtils.java:logGet(44)) - raft.server.snapshot.retention.file.num = 5 (custom)
2021-08-24 17:29:00,278 [pool-355-thread-1] INFO  server.RaftServerConfigKeys (ConfUtils.java:logGet(44)) - raft.server.log.purge.upto.snapshot.index = false (default)
2021-08-24 17:29:00,278 [pool-355-thread-1] INFO  server.RaftServerConfigKeys (ConfUtils.java:logGet(44)) - raft.server.retrycache.expirytime = 600000ms (custom)
2021-08-24 17:29:00,278 [pool-355-thread-1] INFO  server.RaftServerConfigKeys (ConfUtils.java:logGet(44)) - raft.server.retrycache.statistics.expirytime = 100μs (default)
2021-08-24 17:29:00,279 [pool-355-thread-1] INFO  server.RaftServer$Division (RaftServerImpl.java:start(296)) - 6297aa79-c9f3-4b67-b89c-6a3b1390e4ad@group-7C5DC977ED2D: start as a follower, conf=-1: [6297aa79-c9f3-4b67-b89c-6a3b1390e4ad|rpc:10.1.0.28:45341|dataStream:|priority:0, e8d1986c-780f-4d33-a74d-27dc83e10bbb|rpc:10.1.0.28:42563|dataStream:|priority:0, 09a15da1-6242-4e82-84e8-d6513e6d0a72|rpc:10.1.0.28:38023|dataStream:|priority:1], old=null
2021-08-24 17:29:00,279 [pool-355-thread-1] INFO  server.RaftServer$Division (RaftServerImpl.java:setRole(285)) - 6297aa79-c9f3-4b67-b89c-6a3b1390e4ad@group-7C5DC977ED2D: changes role from      null to FOLLOWER at term 0 for startAsFollower
2021-08-24 17:29:00,279 [pool-355-thread-1] INFO  impl.RoleInfo (RoleInfo.java:updateAndGet(130)) - 6297aa79-c9f3-4b67-b89c-6a3b1390e4ad: start 6297aa79-c9f3-4b67-b89c-6a3b1390e4ad@group-7C5DC977ED2D-FollowerState
2021-08-24 17:29:00,290 [pool-336-thread-1] INFO  server.RaftServerConfigKeys (ConfUtils.java:logGet(44)) - raft.server.log.statemachine.data.sync.timeout.retry = -1 (default)
2021-08-24 17:29:00,291 [pool-336-thread-1] INFO  server.RaftServerConfigKeys (ConfUtils.java:logGet(44)) - raft.server.log.write.buffer.size = 1048576 (custom)
2021-08-24 17:29:00,292 [pool-336-thread-1] INFO  server.RaftServerConfigKeys (ConfUtils.java:logGet(44)) - raft.server.log.statemachine.data.caching.enabled = true (custom)
2021-08-24 17:29:00,292 [pool-336-thread-1] INFO  segmented.SegmentedRaftLogWorker (SegmentedRaftLogWorker.java:lambda$new$0(133)) - e8d1986c-780f-4d33-a74d-27dc83e10bbb@group-371D8429D248-SegmentedRaftLogWorker: flushIndex: setUnconditionally 0 -> -1
2021-08-24 17:29:00,292 [pool-336-thread-1] INFO  segmented.SegmentedRaftLogWorker (SegmentedRaftLogWorker.java:lambda$new$0(133)) - e8d1986c-780f-4d33-a74d-27dc83e10bbb@group-371D8429D248-SegmentedRaftLogWorker: safeCacheEvictIndex: setUnconditionally 0 -> -1
2021-08-24 17:29:00,294 [pool-336-thread-1] INFO  server.RaftServerConfigKeys (ConfUtils.java:logGet(44)) - raft.server.snapshot.auto.trigger.enabled = true (custom)
2021-08-24 17:29:00,294 [pool-336-thread-1] INFO  server.RaftServerConfigKeys (ConfUtils.java:logGet(44)) - raft.server.snapshot.auto.trigger.threshold = 10000 (custom)
2021-08-24 17:29:00,294 [pool-336-thread-1] INFO  server.RaftServerConfigKeys (ConfUtils.java:logGet(44)) - raft.server.snapshot.retention.file.num = 5 (custom)
2021-08-24 17:29:00,294 [pool-336-thread-1] INFO  server.RaftServerConfigKeys (ConfUtils.java:logGet(44)) - raft.server.log.purge.upto.snapshot.index = false (default)
2021-08-24 17:29:00,294 [pool-336-thread-1] INFO  server.RaftServerConfigKeys (ConfUtils.java:logGet(44)) - raft.server.retrycache.expirytime = 600000ms (custom)
2021-08-24 17:29:00,294 [pool-336-thread-1] INFO  server.RaftServerConfigKeys (ConfUtils.java:logGet(44)) - raft.server.retrycache.statistics.expirytime = 100μs (default)
2021-08-24 17:29:00,295 [pool-336-thread-1] INFO  server.RaftServer$Division (RaftServerImpl.java:start(296)) - e8d1986c-780f-4d33-a74d-27dc83e10bbb@group-371D8429D248: start as a follower, conf=-1: [e8d1986c-780f-4d33-a74d-27dc83e10bbb|rpc:10.1.0.28:42563|priority:1], old=null
2021-08-24 17:29:00,295 [pool-336-thread-1] INFO  server.RaftServer$Division (RaftServerImpl.java:setRole(285)) - e8d1986c-780f-4d33-a74d-27dc83e10bbb@group-371D8429D248: changes role from      null to FOLLOWER at term 0 for startAsFollower
2021-08-24 17:29:00,295 [pool-336-thread-1] INFO  impl.RoleInfo (RoleInfo.java:updateAndGet(130)) - e8d1986c-780f-4d33-a74d-27dc83e10bbb: start e8d1986c-780f-4d33-a74d-27dc83e10bbb@group-371D8429D248-FollowerState
2021-08-24 17:29:00,309 [pool-355-thread-1] INFO  util.JmxRegister (JmxRegister.java:tryRegister(44)) - Successfully registered JMX Bean with object name Ratis:service=RaftServer,group=group-7C5DC977ED2D,id=6297aa79-c9f3-4b67-b89c-6a3b1390e4ad
2021-08-24 17:29:00,310 [pool-336-thread-1] INFO  util.JmxRegister (JmxRegister.java:tryRegister(44)) - Successfully registered JMX Bean with object name Ratis:service=RaftServer,group=group-371D8429D248,id=e8d1986c-780f-4d33-a74d-27dc83e10bbb
2021-08-24 17:29:00,334 [Command processor thread] INFO  ratis.XceiverServerRatis (XceiverServerRatis.java:addGroup(763)) - Created group PipelineID=55d56908-60ab-49cb-82d2-371d8429d248
2021-08-24 17:29:00,334 [Command processor thread] INFO  commandhandler.CreatePipelineCommandHandler (CreatePipelineCommandHandler.java:handle(106)) - Created Pipeline RATIS ONE PipelineID=55d56908-60ab-49cb-82d2-371d8429d248.
2021-08-24 17:29:00,334 [Command processor thread] INFO  server.RaftServer (RaftServerProxy.java:addNew(95)) - e8d1986c-780f-4d33-a74d-27dc83e10bbb: addNew group-7C5DC977ED2D:[6297aa79-c9f3-4b67-b89c-6a3b1390e4ad|rpc:10.1.0.28:45341|priority:0, e8d1986c-780f-4d33-a74d-27dc83e10bbb|rpc:10.1.0.28:42563|priority:0, 09a15da1-6242-4e82-84e8-d6513e6d0a72|rpc:10.1.0.28:38023|priority:1] returns group-7C5DC977ED2D:java.util.concurrent.CompletableFuture@62cf9172[Not completed]
2021-08-24 17:29:00,335 [pool-336-thread-1] INFO  server.RaftServer$Division (RaftServerImpl.java:<init>(181)) - e8d1986c-780f-4d33-a74d-27dc83e10bbb: new RaftServerImpl for group-7C5DC977ED2D:[6297aa79-c9f3-4b67-b89c-6a3b1390e4ad|rpc:10.1.0.28:45341|priority:0, e8d1986c-780f-4d33-a74d-27dc83e10bbb|rpc:10.1.0.28:42563|priority:0, 09a15da1-6242-4e82-84e8-d6513e6d0a72|rpc:10.1.0.28:38023|priority:1] with ContainerStateMachine:uninitialized
2021-08-24 17:29:00,335 [pool-336-thread-1] INFO  server.RaftServerConfigKeys (ConfUtils.java:logGet(44)) - raft.server.rpc.timeout.min = 5s (custom)
2021-08-24 17:29:00,335 [pool-336-thread-1] INFO  server.RaftServerConfigKeys (ConfUtils.java:logGet(44)) - raft.server.rpc.timeout.max = 5200ms (custom)
2021-08-24 17:29:00,335 [pool-336-thread-1] INFO  server.RaftServerConfigKeys (ConfUtils.java:logGet(44)) - raft.server.rpc.sleep.time = 25ms (default)
2021-08-24 17:29:00,335 [pool-336-thread-1] INFO  server.RaftServerConfigKeys (ConfUtils.java:logGet(44)) - raft.server.rpc.slowness.timeout = 300s (custom)
2021-08-24 17:29:00,336 [pool-336-thread-1] INFO  server.RaftServerConfigKeys (ConfUtils.java:logGet(44)) - raft.server.leaderelection.leader.step-down.wait-time = 10s (default)
2021-08-24 17:29:00,336 [pool-336-thread-1] INFO  server.RaftServerConfigKeys (ConfUtils.java:logGet(44)) - raft.server.sleep.deviation.threshold = 300ms (default)
2021-08-24 17:29:00,336 [pool-336-thread-1] INFO  server.RaftServerConfigKeys (ConfUtils.java:logGet(44)) - raft.server.log.appender.install.snapshot.enabled = false (custom)
2021-08-24 17:29:00,336 [pool-336-thread-1] INFO  server.RaftServer$Division (ServerState.java:<init>(105)) - e8d1986c-780f-4d33-a74d-27dc83e10bbb@group-7C5DC977ED2D: ConfigurationManager, init=-1: [6297aa79-c9f3-4b67-b89c-6a3b1390e4ad|rpc:10.1.0.28:45341|priority:0, e8d1986c-780f-4d33-a74d-27dc83e10bbb|rpc:10.1.0.28:42563|priority:0, 09a15da1-6242-4e82-84e8-d6513e6d0a72|rpc:10.1.0.28:38023|priority:1], old=null, confs=<EMPTY_MAP>
2021-08-24 17:29:00,336 [pool-336-thread-1] INFO  server.RaftServerConfigKeys (ConfUtils.java:logGet(44)) - raft.server.storage.dir = [/home/runner/work/ozone/ozone/hadoop-ozone/integration-test/target/test-dir/MiniOzoneClusterImpl-013421b4-bdfc-48e1-b28d-0fb3f9f00c6e/datanode-1/data/ratis] (custom)
2021-08-24 17:29:00,336 [pool-336-thread-1] INFO  server.RaftServerConfigKeys (ConfUtils.java:logGet(44)) - raft.server.log.corruption.policy = EXCEPTION (default)
2021-08-24 17:29:00,336 [pool-336-thread-1] INFO  server.RaftServerConfigKeys (ConfUtils.java:logGet(44)) - raft.server.storage.free-space.min = 0MB (=0) (default)
2021-08-24 17:29:00,336 [pool-336-thread-1] INFO  storage.RaftStorageDirectory (RaftStorageDirectoryImpl.java:analyzeStorage(135)) - The storage directory /home/runner/work/ozone/ozone/hadoop-ozone/integration-test/target/test-dir/MiniOzoneClusterImpl-013421b4-bdfc-48e1-b28d-0fb3f9f00c6e/datanode-1/data/ratis/1c8879a2-c243-4424-b625-7c5dc977ed2d does not exist. Creating ...
2021-08-24 17:29:00,339 [pool-336-thread-1] INFO  storage.RaftStorageDirectory (RaftStorageDirectoryImpl.java:tryLock(230)) - Lock on /home/runner/work/ozone/ozone/hadoop-ozone/integration-test/target/test-dir/MiniOzoneClusterImpl-013421b4-bdfc-48e1-b28d-0fb3f9f00c6e/datanode-1/data/ratis/1c8879a2-c243-4424-b625-7c5dc977ed2d/in_use.lock acquired by nodename 20860@fv-az297-489
2021-08-24 17:29:00,343 [pool-336-thread-1] INFO  storage.RaftStorage (RaftStorageImpl.java:format(89)) - Storage directory /home/runner/work/ozone/ozone/hadoop-ozone/integration-test/target/test-dir/MiniOzoneClusterImpl-013421b4-bdfc-48e1-b28d-0fb3f9f00c6e/datanode-1/data/ratis/1c8879a2-c243-4424-b625-7c5dc977ed2d has been successfully formatted.
2021-08-24 17:29:00,344 [pool-336-thread-1] INFO  ratis.ContainerStateMachine (ContainerStateMachine.java:loadSnapshot(224)) - group-7C5DC977ED2D: The snapshot info is null. Setting the last applied indexto:(t:0, i:~)
2021-08-24 17:29:00,344 [pool-336-thread-1] INFO  server.RaftServerConfigKeys (ConfUtils.java:logGet(44)) - raft.server.notification.no-leader.timeout = 300s (custom)
2021-08-24 17:29:00,344 [pool-336-thread-1] INFO  server.RaftServerConfigKeys (ConfUtils.java:logGet(44)) - raft.server.log.use.memory = false (default)
2021-08-24 17:29:00,344 [pool-336-thread-1] INFO  server.RaftServerConfigKeys (ConfUtils.java:logGet(44)) - raft.server.log.purge.gap = 1000000 (custom)
2021-08-24 17:29:00,344 [pool-336-thread-1] INFO  server.RaftServerConfigKeys (ConfUtils.java:logGet(44)) - raft.server.log.appender.buffer.byte-limit = 33554432 (custom)
2021-08-24 17:29:00,344 [pool-336-thread-1] INFO  server.RaftServerConfigKeys (ConfUtils.java:logGet(44)) - raft.server.log.segment.size.max = 1048576 (custom)
2021-08-24 17:29:00,345 [pool-336-thread-1] INFO  server.RaftServerConfigKeys (ConfUtils.java:logGet(44)) - raft.server.log.segment.cache.num.max = 2 (custom)
2021-08-24 17:29:00,345 [pool-336-thread-1] INFO  server.RaftServerConfigKeys (ConfUtils.java:logGet(44)) - raft.server.log.segment.cache.size.max = 200MB (=209715200) (default)
2021-08-24 17:29:00,345 [pool-336-thread-1] INFO  segmented.SegmentedRaftLogWorker (SegmentedRaftLogWorker.java:<init>(182)) - new e8d1986c-780f-4d33-a74d-27dc83e10bbb@group-7C5DC977ED2D-SegmentedRaftLogWorker for RaftStorageImpl:Storage Directory /home/runner/work/ozone/ozone/hadoop-ozone/integration-test/target/test-dir/MiniOzoneClusterImpl-013421b4-bdfc-48e1-b28d-0fb3f9f00c6e/datanode-1/data/ratis/1c8879a2-c243-4424-b625-7c5dc977ed2d
2021-08-24 17:29:00,345 [pool-336-thread-1] INFO  server.RaftServerConfigKeys (ConfUtils.java:logGet(44)) - raft.server.log.queue.byte-limit = 2147483647 (custom)
2021-08-24 17:29:00,345 [pool-336-thread-1] INFO  server.RaftServerConfigKeys (ConfUtils.java:logGet(44)) - raft.server.log.queue.element-limit = 1024 (custom)
2021-08-24 17:29:00,345 [pool-336-thread-1] INFO  server.RaftServerConfigKeys (ConfUtils.java:logGet(44)) - raft.server.log.segment.size.max = 1048576 (custom)
2021-08-24 17:29:00,345 [pool-336-thread-1] INFO  server.RaftServerConfigKeys (ConfUtils.java:logGet(44)) - raft.server.log.preallocated.size = 16384 (custom)
2021-08-24 17:29:00,345 [pool-336-thread-1] INFO  server.RaftServerConfigKeys (ConfUtils.java:logGet(44)) - raft.server.log.force.sync.num = 128 (default)
2021-08-24 17:29:00,345 [pool-336-thread-1] INFO  server.RaftServerConfigKeys (ConfUtils.java:logGet(44)) - raft.server.log.statemachine.data.sync = true (default)
2021-08-24 17:29:00,345 [pool-336-thread-1] INFO  server.RaftServerConfigKeys (ConfUtils.java:logGet(44)) - raft.server.log.statemachine.data.sync.timeout = 10s (default)
2021-08-24 17:29:00,345 [pool-336-thread-1] INFO  server.RaftServerConfigKeys (ConfUtils.java:logGet(44)) - raft.server.log.statemachine.data.sync.timeout.retry = -1 (default)
2021-08-24 17:29:00,346 [Datanode State Machine Thread - 0] WARN  statemachine.StateContext (StateContext.java:execute(621)) - No available thread in pool for past 1 seconds.
2021-08-24 17:29:00,347 [EventQueue-OpenPipelineForHealthyPipelineSafeModeRule] INFO  safemode.SCMSafeModeManager (HealthyPipelineSafeModeRule.java:process(124)) - SCM in safe mode. Healthy pipelines reported count is 0, required healthy pipeline reported count is 1
2021-08-24 17:29:00,351 [pool-336-thread-1] INFO  server.RaftServerConfigKeys (ConfUtils.java:logGet(44)) - raft.server.log.write.buffer.size = 1048576 (custom)
2021-08-24 17:29:00,351 [pool-336-thread-1] INFO  server.RaftServerConfigKeys (ConfUtils.java:logGet(44)) - raft.server.log.statemachine.data.caching.enabled = true (custom)
2021-08-24 17:29:00,351 [pool-336-thread-1] INFO  segmented.SegmentedRaftLogWorker (SegmentedRaftLogWorker.java:lambda$new$0(133)) - e8d1986c-780f-4d33-a74d-27dc83e10bbb@group-7C5DC977ED2D-SegmentedRaftLogWorker: flushIndex: setUnconditionally 0 -> -1
2021-08-24 17:29:00,351 [pool-336-thread-1] INFO  segmented.SegmentedRaftLogWorker (SegmentedRaftLogWorker.java:lambda$new$0(133)) - e8d1986c-780f-4d33-a74d-27dc83e10bbb@group-7C5DC977ED2D-SegmentedRaftLogWorker: safeCacheEvictIndex: setUnconditionally 0 -> -1
2021-08-24 17:29:00,365 [pool-336-thread-1] INFO  server.RaftServerConfigKeys (ConfUtils.java:logGet(44)) - raft.server.snapshot.auto.trigger.enabled = true (custom)
2021-08-24 17:29:00,365 [pool-336-thread-1] INFO  server.RaftServerConfigKeys (ConfUtils.java:logGet(44)) - raft.server.snapshot.auto.trigger.threshold = 10000 (custom)
2021-08-24 17:29:00,365 [pool-336-thread-1] INFO  server.RaftServerConfigKeys (ConfUtils.java:logGet(44)) - raft.server.snapshot.retention.file.num = 5 (custom)
2021-08-24 17:29:00,365 [pool-336-thread-1] INFO  server.RaftServerConfigKeys (ConfUtils.java:logGet(44)) - raft.server.log.purge.upto.snapshot.index = false (default)
2021-08-24 17:29:00,365 [pool-336-thread-1] INFO  server.RaftServerConfigKeys (ConfUtils.java:logGet(44)) - raft.server.retrycache.expirytime = 600000ms (custom)
2021-08-24 17:29:00,365 [pool-336-thread-1] INFO  server.RaftServerConfigKeys (ConfUtils.java:logGet(44)) - raft.server.retrycache.statistics.expirytime = 100μs (default)
2021-08-24 17:29:00,366 [pool-336-thread-1] INFO  server.RaftServer$Division (RaftServerImpl.java:start(296)) - e8d1986c-780f-4d33-a74d-27dc83e10bbb@group-7C5DC977ED2D: start as a follower, conf=-1: [6297aa79-c9f3-4b67-b89c-6a3b1390e4ad|rpc:10.1.0.28:45341|priority:0, e8d1986c-780f-4d33-a74d-27dc83e10bbb|rpc:10.1.0.28:42563|priority:0, 09a15da1-6242-4e82-84e8-d6513e6d0a72|rpc:10.1.0.28:38023|priority:1], old=null
2021-08-24 17:29:00,366 [pool-336-thread-1] INFO  server.RaftServer$Division (RaftServerImpl.java:setRole(285)) - e8d1986c-780f-4d33-a74d-27dc83e10bbb@group-7C5DC977ED2D: changes role from      null to FOLLOWER at term 0 for startAsFollower
2021-08-24 17:29:00,366 [pool-336-thread-1] INFO  impl.RoleInfo (RoleInfo.java:updateAndGet(130)) - e8d1986c-780f-4d33-a74d-27dc83e10bbb: start e8d1986c-780f-4d33-a74d-27dc83e10bbb@group-7C5DC977ED2D-FollowerState
2021-08-24 17:29:00,372 [pool-336-thread-1] INFO  util.JmxRegister (JmxRegister.java:tryRegister(44)) - Successfully registered JMX Bean with object name Ratis:service=RaftServer,group=group-7C5DC977ED2D,id=e8d1986c-780f-4d33-a74d-27dc83e10bbb
2021-08-24 17:29:00,373 [Command processor thread] INFO  ratis.XceiverServerRatis (XceiverServerRatis.java:addGroup(763)) - Created group PipelineID=1c8879a2-c243-4424-b625-7c5dc977ed2d
2021-08-24 17:29:00,438 [Command processor thread] INFO  commandhandler.CreatePipelineCommandHandler (CreatePipelineCommandHandler.java:handle(106)) - Created Pipeline RATIS THREE PipelineID=1c8879a2-c243-4424-b625-7c5dc977ed2d.
2021-08-24 17:29:00,523 [Command processor thread] INFO  commandhandler.CreatePipelineCommandHandler (CreatePipelineCommandHandler.java:handle(106)) - Created Pipeline RATIS THREE PipelineID=1c8879a2-c243-4424-b625-7c5dc977ed2d.
2021-08-24 17:29:00,689 [grpc-default-executor-2] WARN  server.GrpcLogAppender (LogUtils.java:warn(122)) - omNode-1@group-523986131536->omNode-3-AppendLogResponseHandler: Failed appendEntries: org.apache.ratis.thirdparty.io.grpc.StatusRuntimeException: UNAVAILABLE: io exception
2021-08-24 17:29:00,691 [grpc-default-executor-2] WARN  server.GrpcLogAppender (GrpcLogAppender.java:resetClient(111)) - omNode-1@group-523986131536->omNode-3-GrpcLogAppender: Leader has not got in touch with Follower omNode-1@group-523986131536->omNode-3(c-1,m0,n1, attendVote=true, lastRpcSendTime=509, lastRpcResponseTime=9875) yet, just keep nextIndex unchanged and retry.
2021-08-24 17:29:00,809 [Listener at 127.0.0.1/13276] INFO  ozone.MiniOzoneClusterImpl (MiniOzoneClusterImpl.java:lambda$waitForClusterToBeReady$0(235)) - Nodes are ready. Got 3 of 3 DN Heartbeats.
2021-08-24 17:29:00,809 [Listener at 127.0.0.1/13276] INFO  ozone.MiniOzoneClusterImpl (MiniOzoneClusterImpl.java:lambda$waitForClusterToBeReady$0(238)) - Waiting for cluster to exit safe mode
2021-08-24 17:29:00,809 [Listener at 127.0.0.1/13276] INFO  ozone.MiniOzoneClusterImpl (MiniOzoneClusterImpl.java:lambda$waitForClusterToBeReady$0(240)) - SCM became leader
2021-08-24 17:29:00,896 [Command processor thread] INFO  server.RaftServer (RaftServerProxy.java:addNew(95)) - 6297aa79-c9f3-4b67-b89c-6a3b1390e4ad: addNew group-1B6E99BAECED:[6297aa79-c9f3-4b67-b89c-6a3b1390e4ad|rpc:10.1.0.28:45341|priority:1] returns group-1B6E99BAECED:java.util.concurrent.CompletableFuture@7e82e440[Not completed]
2021-08-24 17:29:00,897 [pool-355-thread-1] INFO  server.RaftServer$Division (RaftServerImpl.java:<init>(181)) - 6297aa79-c9f3-4b67-b89c-6a3b1390e4ad: new RaftServerImpl for group-1B6E99BAECED:[6297aa79-c9f3-4b67-b89c-6a3b1390e4ad|rpc:10.1.0.28:45341|priority:1] with ContainerStateMachine:uninitialized
2021-08-24 17:29:00,897 [pool-355-thread-1] INFO  server.RaftServerConfigKeys (ConfUtils.java:logGet(44)) - raft.server.rpc.timeout.min = 5s (custom)
2021-08-24 17:29:00,898 [pool-355-thread-1] INFO  server.RaftServerConfigKeys (ConfUtils.java:logGet(44)) - raft.server.rpc.timeout.max = 5200ms (custom)
2021-08-24 17:29:00,898 [pool-355-thread-1] INFO  server.RaftServerConfigKeys (ConfUtils.java:logGet(44)) - raft.server.rpc.sleep.time = 25ms (default)
2021-08-24 17:29:00,898 [pool-355-thread-1] INFO  server.RaftServerConfigKeys (ConfUtils.java:logGet(44)) - raft.server.rpc.slowness.timeout = 300s (custom)
2021-08-24 17:29:00,898 [pool-355-thread-1] INFO  server.RaftServerConfigKeys (ConfUtils.java:logGet(44)) - raft.server.leaderelection.leader.step-down.wait-time = 10s (default)
2021-08-24 17:29:00,898 [pool-355-thread-1] INFO  server.RaftServerConfigKeys (ConfUtils.java:logGet(44)) - raft.server.sleep.deviation.threshold = 300ms (default)
2021-08-24 17:29:00,898 [pool-355-thread-1] INFO  server.RaftServerConfigKeys (ConfUtils.java:logGet(44)) - raft.server.log.appender.install.snapshot.enabled = false (custom)
2021-08-24 17:29:00,898 [pool-355-thread-1] INFO  server.RaftServer$Division (ServerState.java:<init>(105)) - 6297aa79-c9f3-4b67-b89c-6a3b1390e4ad@group-1B6E99BAECED: ConfigurationManager, init=-1: [6297aa79-c9f3-4b67-b89c-6a3b1390e4ad|rpc:10.1.0.28:45341|priority:1], old=null, confs=<EMPTY_MAP>
2021-08-24 17:29:00,898 [pool-355-thread-1] INFO  server.RaftServerConfigKeys (ConfUtils.java:logGet(44)) - raft.server.storage.dir = [/home/runner/work/ozone/ozone/hadoop-ozone/integration-test/target/test-dir/MiniOzoneClusterImpl-013421b4-bdfc-48e1-b28d-0fb3f9f00c6e/datanode-2/data/ratis] (custom)
2021-08-24 17:29:00,898 [pool-355-thread-1] INFO  server.RaftServerConfigKeys (ConfUtils.java:logGet(44)) - raft.server.log.corruption.policy = EXCEPTION (default)
2021-08-24 17:29:00,898 [pool-355-thread-1] INFO  server.RaftServerConfigKeys (ConfUtils.java:logGet(44)) - raft.server.storage.free-space.min = 0MB (=0) (default)
2021-08-24 17:29:00,898 [pool-355-thread-1] INFO  storage.RaftStorageDirectory (RaftStorageDirectoryImpl.java:analyzeStorage(135)) - The storage directory /home/runner/work/ozone/ozone/hadoop-ozone/integration-test/target/test-dir/MiniOzoneClusterImpl-013421b4-bdfc-48e1-b28d-0fb3f9f00c6e/datanode-2/data/ratis/e0a3254b-148e-4114-9d63-1b6e99baeced does not exist. Creating ...
2021-08-24 17:29:00,902 [pool-355-thread-1] INFO  storage.RaftStorageDirectory (RaftStorageDirectoryImpl.java:tryLock(230)) - Lock on /home/runner/work/ozone/ozone/hadoop-ozone/integration-test/target/test-dir/MiniOzoneClusterImpl-013421b4-bdfc-48e1-b28d-0fb3f9f00c6e/datanode-2/data/ratis/e0a3254b-148e-4114-9d63-1b6e99baeced/in_use.lock acquired by nodename 20860@fv-az297-489
2021-08-24 17:29:00,904 [pool-355-thread-1] INFO  storage.RaftStorage (RaftStorageImpl.java:format(89)) - Storage directory /home/runner/work/ozone/ozone/hadoop-ozone/integration-test/target/test-dir/MiniOzoneClusterImpl-013421b4-bdfc-48e1-b28d-0fb3f9f00c6e/datanode-2/data/ratis/e0a3254b-148e-4114-9d63-1b6e99baeced has been successfully formatted.
2021-08-24 17:29:00,904 [pool-355-thread-1] INFO  ratis.ContainerStateMachine (ContainerStateMachine.java:loadSnapshot(224)) - group-1B6E99BAECED: The snapshot info is null. Setting the last applied indexto:(t:0, i:~)
2021-08-24 17:29:00,904 [Datanode State Machine Thread - 0] WARN  statemachine.StateContext (StateContext.java:execute(621)) - No available thread in pool for past 1 seconds.
2021-08-24 17:29:00,909 [EventQueue-PipelineReportForPipelineReportHandler] INFO  pipeline.PipelineManagerImpl (PipelineManagerImpl.java:openPipeline(283)) - Pipeline Pipeline[ Id: e0a3254b-148e-4114-9d63-1b6e99baeced, Nodes: 6297aa79-c9f3-4b67-b89c-6a3b1390e4ad{ip: 10.1.0.28, host: fv-az297-489.nmf1rxwemy4u5di1sxxf4ejcwb.jx.internal.cloudapp.net, ports: [REPLICATION=43189, RATIS=45341, RATIS_ADMIN=45341, RATIS_SERVER=45341, STANDALONE=43485], networkLocation: /default-rack, certSerialId: null, persistedOpState: IN_SERVICE, persistedOpStateExpiryEpochSec: 0}, ReplicationConfig: RATIS/ONE, State:ALLOCATED, leaderId:6297aa79-c9f3-4b67-b89c-6a3b1390e4ad, CreationTimestamp2021-08-24T17:28:57.901Z[Etc/UTC]] moved to OPEN state
2021-08-24 17:29:00,904 [pool-355-thread-1] INFO  server.RaftServerConfigKeys (ConfUtils.java:logGet(44)) - raft.server.notification.no-leader.timeout = 300s (custom)
2021-08-24 17:29:00,909 [pool-355-thread-1] INFO  server.RaftServerConfigKeys (ConfUtils.java:logGet(44)) - raft.server.log.use.memory = false (default)
2021-08-24 17:29:00,909 [pool-355-thread-1] INFO  server.RaftServerConfigKeys (ConfUtils.java:logGet(44)) - raft.server.log.purge.gap = 1000000 (custom)
2021-08-24 17:29:00,909 [pool-355-thread-1] INFO  server.RaftServerConfigKeys (ConfUtils.java:logGet(44)) - raft.server.log.appender.buffer.byte-limit = 33554432 (custom)
2021-08-24 17:29:00,909 [EventQueue-OpenPipelineForHealthyPipelineSafeModeRule] INFO  safemode.SCMSafeModeManager (HealthyPipelineSafeModeRule.java:process(124)) - SCM in safe mode. Healthy pipelines reported count is 0, required healthy pipeline reported count is 1
2021-08-24 17:29:00,909 [pool-355-thread-1] INFO  server.RaftServerConfigKeys (ConfUtils.java:logGet(44)) - raft.server.log.segment.size.max = 1048576 (custom)
2021-08-24 17:29:00,915 [pool-355-thread-1] INFO  server.RaftServerConfigKeys (ConfUtils.java:logGet(44)) - raft.server.log.segment.cache.num.max = 2 (custom)
2021-08-24 17:29:00,915 [pool-355-thread-1] INFO  server.RaftServerConfigKeys (ConfUtils.java:logGet(44)) - raft.server.log.segment.cache.size.max = 200MB (=209715200) (default)
2021-08-24 17:29:00,915 [pool-355-thread-1] INFO  segmented.SegmentedRaftLogWorker (SegmentedRaftLogWorker.java:<init>(182)) - new 6297aa79-c9f3-4b67-b89c-6a3b1390e4ad@group-1B6E99BAECED-SegmentedRaftLogWorker for RaftStorageImpl:Storage Directory /home/runner/work/ozone/ozone/hadoop-ozone/integration-test/target/test-dir/MiniOzoneClusterImpl-013421b4-bdfc-48e1-b28d-0fb3f9f00c6e/datanode-2/data/ratis/e0a3254b-148e-4114-9d63-1b6e99baeced
2021-08-24 17:29:00,915 [pool-355-thread-1] INFO  server.RaftServerConfigKeys (ConfUtils.java:logGet(44)) - raft.server.log.queue.byte-limit = 2147483647 (custom)
2021-08-24 17:29:00,915 [pool-355-thread-1] INFO  server.RaftServerConfigKeys (ConfUtils.java:logGet(44)) - raft.server.log.queue.element-limit = 1024 (custom)
2021-08-24 17:29:00,915 [pool-355-thread-1] INFO  server.RaftServerConfigKeys (ConfUtils.java:logGet(44)) - raft.server.log.segment.size.max = 1048576 (custom)
2021-08-24 17:29:00,915 [pool-355-thread-1] INFO  server.RaftServerConfigKeys (ConfUtils.java:logGet(44)) - raft.server.log.preallocated.size = 16384 (custom)
2021-08-24 17:29:00,915 [pool-355-thread-1] INFO  server.RaftServerConfigKeys (ConfUtils.java:logGet(44)) - raft.server.log.force.sync.num = 128 (default)
2021-08-24 17:29:00,915 [pool-355-thread-1] INFO  server.RaftServerConfigKeys (ConfUtils.java:logGet(44)) - raft.server.log.statemachine.data.sync = true (default)
2021-08-24 17:29:00,915 [pool-355-thread-1] INFO  server.RaftServerConfigKeys (ConfUtils.java:logGet(44)) - raft.server.log.statemachine.data.sync.timeout = 10s (default)
2021-08-24 17:29:00,915 [pool-355-thread-1] INFO  server.RaftServerConfigKeys (ConfUtils.java:logGet(44)) - raft.server.log.statemachine.data.sync.timeout.retry = -1 (default)
2021-08-24 17:29:00,916 [pool-355-thread-1] INFO  server.RaftServerConfigKeys (ConfUtils.java:logGet(44)) - raft.server.log.write.buffer.size = 1048576 (custom)
2021-08-24 17:29:00,917 [pool-355-thread-1] INFO  server.RaftServerConfigKeys (ConfUtils.java:logGet(44)) - raft.server.log.statemachine.data.caching.enabled = true (custom)
2021-08-24 17:29:00,917 [pool-355-thread-1] INFO  segmented.SegmentedRaftLogWorker (SegmentedRaftLogWorker.java:lambda$new$0(133)) - 6297aa79-c9f3-4b67-b89c-6a3b1390e4ad@group-1B6E99BAECED-SegmentedRaftLogWorker: flushIndex: setUnconditionally 0 -> -1
2021-08-24 17:29:00,917 [pool-355-thread-1] INFO  segmented.SegmentedRaftLogWorker (SegmentedRaftLogWorker.java:lambda$new$0(133)) - 6297aa79-c9f3-4b67-b89c-6a3b1390e4ad@group-1B6E99BAECED-SegmentedRaftLogWorker: safeCacheEvictIndex: setUnconditionally 0 -> -1
2021-08-24 17:29:00,921 [pool-355-thread-1] INFO  server.RaftServerConfigKeys (ConfUtils.java:logGet(44)) - raft.server.snapshot.auto.trigger.enabled = true (custom)
2021-08-24 17:29:00,921 [pool-355-thread-1] INFO  server.RaftServerConfigKeys (ConfUtils.java:logGet(44)) - raft.server.snapshot.auto.trigger.threshold = 10000 (custom)
2021-08-24 17:29:00,921 [pool-355-thread-1] INFO  server.RaftServerConfigKeys (ConfUtils.java:logGet(44)) - raft.server.snapshot.retention.file.num = 5 (custom)
2021-08-24 17:29:00,921 [pool-355-thread-1] INFO  server.RaftServerConfigKeys (ConfUtils.java:logGet(44)) - raft.server.log.purge.upto.snapshot.index = false (default)
2021-08-24 17:29:00,921 [pool-355-thread-1] INFO  server.RaftServerConfigKeys (ConfUtils.java:logGet(44)) - raft.server.retrycache.expirytime = 600000ms (custom)
2021-08-24 17:29:00,921 [pool-355-thread-1] INFO  server.RaftServerConfigKeys (ConfUtils.java:logGet(44)) - raft.server.retrycache.statistics.expirytime = 100μs (default)
2021-08-24 17:29:00,922 [pool-355-thread-1] INFO  server.RaftServer$Division (RaftServerImpl.java:start(296)) - 6297aa79-c9f3-4b67-b89c-6a3b1390e4ad@group-1B6E99BAECED: start as a follower, conf=-1: [6297aa79-c9f3-4b67-b89c-6a3b1390e4ad|rpc:10.1.0.28:45341|priority:1], old=null
2021-08-24 17:29:00,922 [pool-355-thread-1] INFO  server.RaftServer$Division (RaftServerImpl.java:setRole(285)) - 6297aa79-c9f3-4b67-b89c-6a3b1390e4ad@group-1B6E99BAECED: changes role from      null to FOLLOWER at term 0 for startAsFollower
2021-08-24 17:29:00,922 [pool-355-thread-1] INFO  impl.RoleInfo (RoleInfo.java:updateAndGet(130)) - 6297aa79-c9f3-4b67-b89c-6a3b1390e4ad: start 6297aa79-c9f3-4b67-b89c-6a3b1390e4ad@group-1B6E99BAECED-FollowerState
2021-08-24 17:29:00,931 [pool-355-thread-1] INFO  util.JmxRegister (JmxRegister.java:tryRegister(44)) - Successfully registered JMX Bean with object name Ratis:service=RaftServer,group=group-1B6E99BAECED,id=6297aa79-c9f3-4b67-b89c-6a3b1390e4ad
2021-08-24 17:29:00,938 [Command processor thread] INFO  ratis.XceiverServerRatis (XceiverServerRatis.java:addGroup(763)) - Created group PipelineID=e0a3254b-148e-4114-9d63-1b6e99baeced
2021-08-24 17:29:00,938 [Command processor thread] INFO  commandhandler.CreatePipelineCommandHandler (CreatePipelineCommandHandler.java:handle(106)) - Created Pipeline RATIS ONE PipelineID=e0a3254b-148e-4114-9d63-1b6e99baeced.
2021-08-24 17:29:01,155 [EndpointStateMachine task thread for /0.0.0.0:35951 - 0 ] INFO  ipc.Client (Client.java:handleConnectionFailure(977)) - Retrying connect to server: 0.0.0.0/0.0.0.0:35951. Already tried 11 time(s); retry policy is RetryUpToMaximumCountWithFixedSleep(maxRetries=15, sleepTime=1000 MILLISECONDS)
2021-08-24 17:29:01,201 [grpc-default-executor-2] WARN  server.GrpcLogAppender (LogUtils.java:warn(122)) - omNode-1@group-523986131536->omNode-3-AppendLogResponseHandler: Failed appendEntries: org.apache.ratis.thirdparty.io.grpc.StatusRuntimeException: UNAVAILABLE: io exception
2021-08-24 17:29:01,201 [grpc-default-executor-2] WARN  server.GrpcLogAppender (GrpcLogAppender.java:resetClient(111)) - omNode-1@group-523986131536->omNode-3-GrpcLogAppender: Leader has not got in touch with Follower omNode-1@group-523986131536->omNode-3(c-1,m0,n1, attendVote=true, lastRpcSendTime=503, lastRpcResponseTime=10385) yet, just keep nextIndex unchanged and retry.
2021-08-24 17:29:01,707 [grpc-default-executor-2] WARN  server.GrpcLogAppender (LogUtils.java:warn(122)) - omNode-1@group-523986131536->omNode-3-AppendLogResponseHandler: Failed appendEntries: org.apache.ratis.thirdparty.io.grpc.StatusRuntimeException: UNAVAILABLE: io exception
2021-08-24 17:29:01,707 [grpc-default-executor-2] WARN  server.GrpcLogAppender (GrpcLogAppender.java:resetClient(111)) - omNode-1@group-523986131536->omNode-3-GrpcLogAppender: Leader has not got in touch with Follower omNode-1@group-523986131536->omNode-3(c-1,m0,n1, attendVote=true, lastRpcSendTime=1, lastRpcResponseTime=10891) yet, just keep nextIndex unchanged and retry.
2021-08-24 17:29:01,809 [Listener at 127.0.0.1/13276] INFO  ozone.MiniOzoneClusterImpl (MiniOzoneClusterImpl.java:lambda$waitForClusterToBeReady$0(235)) - Nodes are ready. Got 3 of 3 DN Heartbeats.
2021-08-24 17:29:01,810 [Listener at 127.0.0.1/13276] INFO  ozone.MiniOzoneClusterImpl (MiniOzoneClusterImpl.java:lambda$waitForClusterToBeReady$0(238)) - Waiting for cluster to exit safe mode
2021-08-24 17:29:01,810 [Listener at 127.0.0.1/13276] INFO  ozone.MiniOzoneClusterImpl (MiniOzoneClusterImpl.java:lambda$waitForClusterToBeReady$0(240)) - SCM became leader
2021-08-24 17:29:02,156 [EndpointStateMachine task thread for /0.0.0.0:35951 - 0 ] INFO  ipc.Client (Client.java:handleConnectionFailure(977)) - Retrying connect to server: 0.0.0.0/0.0.0.0:35951. Already tried 12 time(s); retry policy is RetryUpToMaximumCountWithFixedSleep(maxRetries=15, sleepTime=1000 MILLISECONDS)
2021-08-24 17:29:02,213 [grpc-default-executor-2] WARN  server.GrpcLogAppender (LogUtils.java:warn(122)) - omNode-1@group-523986131536->omNode-3-AppendLogResponseHandler: Failed appendEntries: org.apache.ratis.thirdparty.io.grpc.StatusRuntimeException: UNAVAILABLE: io exception
2021-08-24 17:29:02,214 [grpc-default-executor-2] WARN  server.GrpcLogAppender (GrpcLogAppender.java:resetClient(111)) - omNode-1@group-523986131536->omNode-3-GrpcLogAppender: Leader has not got in touch with Follower omNode-1@group-523986131536->omNode-3(c-1,m0,n1, attendVote=true, lastRpcSendTime=507, lastRpcResponseTime=11397) yet, just keep nextIndex unchanged and retry.
2021-08-24 17:29:02,718 [grpc-default-executor-2] WARN  server.GrpcLogAppender (LogUtils.java:warn(122)) - omNode-1@group-523986131536->omNode-3-AppendLogResponseHandler: Failed appendEntries: org.apache.ratis.thirdparty.io.grpc.StatusRuntimeException: UNAVAILABLE: io exception
2021-08-24 17:29:02,719 [grpc-default-executor-2] WARN  server.GrpcLogAppender (GrpcLogAppender.java:resetClient(111)) - omNode-1@group-523986131536->omNode-3-GrpcLogAppender: Leader has not got in touch with Follower omNode-1@group-523986131536->omNode-3(c-1,m0,n1, attendVote=true, lastRpcSendTime=503, lastRpcResponseTime=11902) yet, just keep nextIndex unchanged and retry.
2021-08-24 17:29:02,810 [Listener at 127.0.0.1/13276] INFO  ozone.MiniOzoneClusterImpl (MiniOzoneClusterImpl.java:lambda$waitForClusterToBeReady$0(235)) - Nodes are ready. Got 3 of 3 DN Heartbeats.
2021-08-24 17:29:02,810 [Listener at 127.0.0.1/13276] INFO  ozone.MiniOzoneClusterImpl (MiniOzoneClusterImpl.java:lambda$waitForClusterToBeReady$0(238)) - Waiting for cluster to exit safe mode
2021-08-24 17:29:02,810 [Listener at 127.0.0.1/13276] INFO  ozone.MiniOzoneClusterImpl (MiniOzoneClusterImpl.java:lambda$waitForClusterToBeReady$0(240)) - SCM became leader
2021-08-24 17:29:03,156 [EndpointStateMachine task thread for /0.0.0.0:35951 - 0 ] INFO  ipc.Client (Client.java:handleConnectionFailure(977)) - Retrying connect to server: 0.0.0.0/0.0.0.0:35951. Already tried 13 time(s); retry policy is RetryUpToMaximumCountWithFixedSleep(maxRetries=15, sleepTime=1000 MILLISECONDS)
2021-08-24 17:29:03,222 [grpc-default-executor-2] WARN  server.GrpcLogAppender (LogUtils.java:warn(122)) - omNode-1@group-523986131536->omNode-3-AppendLogResponseHandler: Failed appendEntries: org.apache.ratis.thirdparty.io.grpc.StatusRuntimeException: UNAVAILABLE: io exception
2021-08-24 17:29:03,222 [grpc-default-executor-2] WARN  server.GrpcLogAppender (GrpcLogAppender.java:resetClient(111)) - omNode-1@group-523986131536->omNode-3-GrpcLogAppender: Leader has not got in touch with Follower omNode-1@group-523986131536->omNode-3(c-1,m0,n1, attendVote=true, lastRpcSendTime=0, lastRpcResponseTime=12406) yet, just keep nextIndex unchanged and retry.
2021-08-24 17:29:03,722 [grpc-default-executor-2] WARN  server.GrpcLogAppender (LogUtils.java:warn(122)) - omNode-1@group-523986131536->omNode-3-AppendLogResponseHandler: Failed appendEntries: org.apache.ratis.thirdparty.io.grpc.StatusRuntimeException: UNAVAILABLE: io exception
2021-08-24 17:29:03,723 [grpc-default-executor-2] WARN  server.GrpcLogAppender (GrpcLogAppender.java:resetClient(111)) - omNode-1@group-523986131536->omNode-3-GrpcLogAppender: Leader has not got in touch with Follower omNode-1@group-523986131536->omNode-3(c-1,m0,n1, attendVote=true, lastRpcSendTime=0, lastRpcResponseTime=12906) yet, just keep nextIndex unchanged and retry.
2021-08-24 17:29:03,822 [Listener at 127.0.0.1/13276] INFO  ozone.MiniOzoneClusterImpl (MiniOzoneClusterImpl.java:lambda$waitForClusterToBeReady$0(235)) - Nodes are ready. Got 3 of 3 DN Heartbeats.
2021-08-24 17:29:03,822 [Listener at 127.0.0.1/13276] INFO  ozone.MiniOzoneClusterImpl (MiniOzoneClusterImpl.java:lambda$waitForClusterToBeReady$0(238)) - Waiting for cluster to exit safe mode
2021-08-24 17:29:03,822 [Listener at 127.0.0.1/13276] INFO  ozone.MiniOzoneClusterImpl (MiniOzoneClusterImpl.java:lambda$waitForClusterToBeReady$0(240)) - SCM became leader
2021-08-24 17:29:04,157 [EndpointStateMachine task thread for /0.0.0.0:35951 - 0 ] INFO  ipc.Client (Client.java:handleConnectionFailure(977)) - Retrying connect to server: 0.0.0.0/0.0.0.0:35951. Already tried 14 time(s); retry policy is RetryUpToMaximumCountWithFixedSleep(maxRetries=15, sleepTime=1000 MILLISECONDS)
2021-08-24 17:29:04,224 [grpc-default-executor-2] WARN  server.GrpcLogAppender (LogUtils.java:warn(122)) - omNode-1@group-523986131536->omNode-3-AppendLogResponseHandler: Failed appendEntries: org.apache.ratis.thirdparty.io.grpc.StatusRuntimeException: UNAVAILABLE: io exception
2021-08-24 17:29:04,224 [grpc-default-executor-2] WARN  server.GrpcLogAppender (GrpcLogAppender.java:resetClient(111)) - omNode-1@group-523986131536->omNode-3-GrpcLogAppender: Leader has not got in touch with Follower omNode-1@group-523986131536->omNode-3(c-1,m0,n1, attendVote=true, lastRpcSendTime=0, lastRpcResponseTime=13408) yet, just keep nextIndex unchanged and retry.
2021-08-24 17:29:04,724 [grpc-default-executor-2] WARN  server.GrpcLogAppender (LogUtils.java:warn(122)) - omNode-1@group-523986131536->omNode-3-AppendLogResponseHandler: Failed appendEntries: org.apache.ratis.thirdparty.io.grpc.StatusRuntimeException: UNAVAILABLE: io exception
2021-08-24 17:29:04,734 [grpc-default-executor-2] WARN  server.GrpcLogAppender (GrpcLogAppender.java:resetClient(111)) - omNode-1@group-523986131536->omNode-3-GrpcLogAppender: Leader has not got in touch with Follower omNode-1@group-523986131536->omNode-3(c-1,m0,n1, attendVote=true, lastRpcSendTime=510, lastRpcResponseTime=13917) yet, just keep nextIndex unchanged and retry.
2021-08-24 17:29:04,820 [09a15da1-6242-4e82-84e8-d6513e6d0a72@group-A771C5E605AF-FollowerState] INFO  impl.FollowerState (FollowerState.java:run(134)) - 09a15da1-6242-4e82-84e8-d6513e6d0a72@group-A771C5E605AF-FollowerState: change to CANDIDATE, lastRpcElapsedTime:5141221160ns, electionTimeout:5124ms
2021-08-24 17:29:04,820 [09a15da1-6242-4e82-84e8-d6513e6d0a72@group-A771C5E605AF-FollowerState] INFO  impl.RoleInfo (RoleInfo.java:shutdownFollowerState(108)) - 09a15da1-6242-4e82-84e8-d6513e6d0a72: shutdown 09a15da1-6242-4e82-84e8-d6513e6d0a72@group-A771C5E605AF-FollowerState
2021-08-24 17:29:04,820 [09a15da1-6242-4e82-84e8-d6513e6d0a72@group-A771C5E605AF-FollowerState] INFO  server.RaftServer$Division (RaftServerImpl.java:setRole(285)) - 09a15da1-6242-4e82-84e8-d6513e6d0a72@group-A771C5E605AF: changes role from  FOLLOWER to CANDIDATE at term 0 for changeToCandidate
2021-08-24 17:29:04,821 [09a15da1-6242-4e82-84e8-d6513e6d0a72@group-A771C5E605AF-FollowerState] INFO  server.RaftServerConfigKeys (ConfUtils.java:logGet(44)) - raft.server.leaderelection.pre-vote = false (custom)
2021-08-24 17:29:04,821 [09a15da1-6242-4e82-84e8-d6513e6d0a72@group-A771C5E605AF-FollowerState] INFO  impl.RoleInfo (RoleInfo.java:updateAndGet(130)) - 09a15da1-6242-4e82-84e8-d6513e6d0a72: start 09a15da1-6242-4e82-84e8-d6513e6d0a72@group-A771C5E605AF-LeaderElection15
2021-08-24 17:29:04,822 [Listener at 127.0.0.1/13276] INFO  ozone.MiniOzoneClusterImpl (MiniOzoneClusterImpl.java:lambda$waitForClusterToBeReady$0(235)) - Nodes are ready. Got 3 of 3 DN Heartbeats.
2021-08-24 17:29:04,823 [Listener at 127.0.0.1/13276] INFO  ozone.MiniOzoneClusterImpl (MiniOzoneClusterImpl.java:lambda$waitForClusterToBeReady$0(238)) - Waiting for cluster to exit safe mode
2021-08-24 17:29:04,823 [Listener at 127.0.0.1/13276] INFO  ozone.MiniOzoneClusterImpl (MiniOzoneClusterImpl.java:lambda$waitForClusterToBeReady$0(240)) - SCM became leader
2021-08-24 17:29:04,828 [09a15da1-6242-4e82-84e8-d6513e6d0a72@group-A351CF2C3253-FollowerState] INFO  impl.FollowerState (FollowerState.java:run(134)) - 09a15da1-6242-4e82-84e8-d6513e6d0a72@group-A351CF2C3253-FollowerState: change to CANDIDATE, lastRpcElapsedTime:5084019345ns, electionTimeout:5083ms
2021-08-24 17:29:04,828 [09a15da1-6242-4e82-84e8-d6513e6d0a72@group-A351CF2C3253-FollowerState] INFO  impl.RoleInfo (RoleInfo.java:shutdownFollowerState(108)) - 09a15da1-6242-4e82-84e8-d6513e6d0a72: shutdown 09a15da1-6242-4e82-84e8-d6513e6d0a72@group-A351CF2C3253-FollowerState
2021-08-24 17:29:04,828 [09a15da1-6242-4e82-84e8-d6513e6d0a72@group-A351CF2C3253-FollowerState] INFO  server.RaftServer$Division (RaftServerImpl.java:setRole(285)) - 09a15da1-6242-4e82-84e8-d6513e6d0a72@group-A351CF2C3253: changes role from  FOLLOWER to CANDIDATE at term 0 for changeToCandidate
2021-08-24 17:29:04,828 [09a15da1-6242-4e82-84e8-d6513e6d0a72@group-A351CF2C3253-FollowerState] INFO  server.RaftServerConfigKeys (ConfUtils.java:logGet(44)) - raft.server.leaderelection.pre-vote = false (custom)
2021-08-24 17:29:04,829 [09a15da1-6242-4e82-84e8-d6513e6d0a72@group-A351CF2C3253-FollowerState] INFO  impl.RoleInfo (RoleInfo.java:updateAndGet(130)) - 09a15da1-6242-4e82-84e8-d6513e6d0a72: start 09a15da1-6242-4e82-84e8-d6513e6d0a72@group-A351CF2C3253-LeaderElection16
2021-08-24 17:29:04,836 [09a15da1-6242-4e82-84e8-d6513e6d0a72@group-A771C5E605AF-LeaderElection15] INFO  impl.LeaderElection (LeaderElection.java:askForVotes(306)) - 09a15da1-6242-4e82-84e8-d6513e6d0a72@group-A771C5E605AF-LeaderElection15 ELECTION round 0: submit vote requests at term 1 for -1: [09a15da1-6242-4e82-84e8-d6513e6d0a72|rpc:10.1.0.28:38023|priority:1], old=null
2021-08-24 17:29:04,836 [09a15da1-6242-4e82-84e8-d6513e6d0a72@group-A771C5E605AF-LeaderElection15] INFO  impl.LeaderElection (LeaderElection.java:askForVotes(308)) - 09a15da1-6242-4e82-84e8-d6513e6d0a72@group-A771C5E605AF-LeaderElection15 ELECTION round 0: result PASSED (term=1)
2021-08-24 17:29:04,836 [09a15da1-6242-4e82-84e8-d6513e6d0a72@group-A771C5E605AF-LeaderElection15] INFO  impl.RoleInfo (RoleInfo.java:shutdownLeaderElection(121)) - 09a15da1-6242-4e82-84e8-d6513e6d0a72: shutdown 09a15da1-6242-4e82-84e8-d6513e6d0a72@group-A771C5E605AF-LeaderElection15
2021-08-24 17:29:04,836 [09a15da1-6242-4e82-84e8-d6513e6d0a72@group-A771C5E605AF-LeaderElection15] INFO  server.RaftServer$Division (RaftServerImpl.java:setRole(285)) - 09a15da1-6242-4e82-84e8-d6513e6d0a72@group-A771C5E605AF: changes role from CANDIDATE to LEADER at term 1 for changeToLeader
2021-08-24 17:29:04,836 [09a15da1-6242-4e82-84e8-d6513e6d0a72@group-A771C5E605AF-LeaderElection15] INFO  ratis.XceiverServerRatis (XceiverServerRatis.java:handleLeaderChangedNotification(861)) - Leader change notification received for group: group-A771C5E605AF with new leaderId: 09a15da1-6242-4e82-84e8-d6513e6d0a72
2021-08-24 17:29:04,836 [09a15da1-6242-4e82-84e8-d6513e6d0a72@group-A771C5E605AF-LeaderElection15] INFO  server.RaftServer$Division (ServerState.java:setLeader(285)) - 09a15da1-6242-4e82-84e8-d6513e6d0a72@group-A771C5E605AF: change Leader from null to 09a15da1-6242-4e82-84e8-d6513e6d0a72 at term 1 for becomeLeader, leader elected after 5170ms
2021-08-24 17:29:04,836 [09a15da1-6242-4e82-84e8-d6513e6d0a72@group-A771C5E605AF-LeaderElection15] INFO  server.RaftServerConfigKeys (ConfUtils.java:logGet(44)) - raft.server.staging.catchup.gap = 1000 (default)
2021-08-24 17:29:04,837 [09a15da1-6242-4e82-84e8-d6513e6d0a72@group-A771C5E605AF-LeaderElection15] INFO  server.RaftServerConfigKeys (ConfUtils.java:logGet(44)) - raft.server.write.element-limit = 1024 (custom)
2021-08-24 17:29:04,837 [09a15da1-6242-4e82-84e8-d6513e6d0a72@group-A771C5E605AF-LeaderElection15] INFO  server.RaftServerConfigKeys (ConfUtils.java:logGet(44)) - raft.server.write.byte-limit = 1024 M (=1073741824) (custom)
2021-08-24 17:29:04,837 [09a15da1-6242-4e82-84e8-d6513e6d0a72@group-A771C5E605AF-LeaderElection15] INFO  server.RaftServerConfigKeys (ConfUtils.java:logGet(44)) - raft.server.watch.timeout = 180s (custom)
2021-08-24 17:29:04,837 [09a15da1-6242-4e82-84e8-d6513e6d0a72@group-A771C5E605AF-LeaderElection15] INFO  server.RaftServerConfigKeys (ConfUtils.java:logGet(44)) - raft.server.watch.timeout.denomination = 1s (default)
2021-08-24 17:29:04,837 [09a15da1-6242-4e82-84e8-d6513e6d0a72@group-A771C5E605AF-LeaderElection15] INFO  server.RaftServerConfigKeys (ConfUtils.java:logGet(44)) - raft.server.watch.element-limit = 65536 (default)
2021-08-24 17:29:04,837 [09a15da1-6242-4e82-84e8-d6513e6d0a72@group-A771C5E605AF-LeaderElection15] INFO  impl.RoleInfo (RoleInfo.java:updateAndGet(130)) - 09a15da1-6242-4e82-84e8-d6513e6d0a72: start 09a15da1-6242-4e82-84e8-d6513e6d0a72@group-A771C5E605AF-LeaderStateImpl
2021-08-24 17:29:04,838 [09a15da1-6242-4e82-84e8-d6513e6d0a72@group-A771C5E605AF-LeaderElection15] INFO  segmented.SegmentedRaftLogWorker (SegmentedRaftLogWorker.java:startLogSegment(394)) - 09a15da1-6242-4e82-84e8-d6513e6d0a72@group-A771C5E605AF-SegmentedRaftLogWorker: Starting segment from index:0
2021-08-24 17:29:04,838 [Datanode State Machine Thread - 0] WARN  statemachine.StateContext (StateContext.java:execute(621)) - No available thread in pool for past 1 seconds.
2021-08-24 17:29:04,839 [EventQueue-OpenPipelineForHealthyPipelineSafeModeRule] INFO  safemode.SCMSafeModeManager (HealthyPipelineSafeModeRule.java:process(124)) - SCM in safe mode. Healthy pipelines reported count is 0, required healthy pipeline reported count is 1
2021-08-24 17:29:04,844 [09a15da1-6242-4e82-84e8-d6513e6d0a72@group-A771C5E605AF-SegmentedRaftLogWorker] INFO  segmented.SegmentedRaftLogWorker (SegmentedRaftLogWorker.java:execute(601)) - 09a15da1-6242-4e82-84e8-d6513e6d0a72@group-A771C5E605AF-SegmentedRaftLogWorker: created new log segment /home/runner/work/ozone/ozone/hadoop-ozone/integration-test/target/test-dir/MiniOzoneClusterImpl-013421b4-bdfc-48e1-b28d-0fb3f9f00c6e/datanode-0/data/ratis/149b9e0f-0b6f-4293-9782-a771c5e605af/current/log_inprogress_0
2021-08-24 17:29:04,858 [09a15da1-6242-4e82-84e8-d6513e6d0a72@group-A771C5E605AF-LeaderElection15] INFO  server.RaftServer$Division (ServerState.java:setRaftConf(387)) - 09a15da1-6242-4e82-84e8-d6513e6d0a72@group-A771C5E605AF: set configuration 0: [09a15da1-6242-4e82-84e8-d6513e6d0a72|rpc:10.1.0.28:38023|dataStream:|priority:1], old=null
2021-08-24 17:29:04,864 [09a15da1-6242-4e82-84e8-d6513e6d0a72@group-A351CF2C3253-LeaderElection16] INFO  impl.LeaderElection (LeaderElection.java:askForVotes(306)) - 09a15da1-6242-4e82-84e8-d6513e6d0a72@group-A351CF2C3253-LeaderElection16 ELECTION round 0: submit vote requests at term 1 for -1: [6297aa79-c9f3-4b67-b89c-6a3b1390e4ad|rpc:10.1.0.28:45341|priority:1, e8d1986c-780f-4d33-a74d-27dc83e10bbb|rpc:10.1.0.28:42563|priority:0, 09a15da1-6242-4e82-84e8-d6513e6d0a72|rpc:10.1.0.28:38023|priority:0], old=null
2021-08-24 17:29:04,890 [grpc-default-executor-2] INFO  server.RaftServer$Division (RaftServerImpl.java:requestVote(1043)) - 6297aa79-c9f3-4b67-b89c-6a3b1390e4ad@group-A351CF2C3253: receive requestVote(ELECTION, 09a15da1-6242-4e82-84e8-d6513e6d0a72, group-A351CF2C3253, 1, (t:0, i:0))
2021-08-24 17:29:04,890 [grpc-default-executor-2] INFO  impl.VoteContext (VoteContext.java:log(48)) - 6297aa79-c9f3-4b67-b89c-6a3b1390e4ad@group-A351CF2C3253-FOLLOWER: reject ELECTION from 09a15da1-6242-4e82-84e8-d6513e6d0a72: our priority 1 > candidate's priority 0
2021-08-24 17:29:04,891 [grpc-default-executor-2] INFO  server.RaftServer$Division (RaftServerImpl.java:setRole(285)) - 6297aa79-c9f3-4b67-b89c-6a3b1390e4ad@group-A351CF2C3253: changes role from  FOLLOWER to FOLLOWER at term 1 for candidate:09a15da1-6242-4e82-84e8-d6513e6d0a72
2021-08-24 17:29:04,891 [grpc-default-executor-2] INFO  impl.RoleInfo (RoleInfo.java:shutdownFollowerState(108)) - 6297aa79-c9f3-4b67-b89c-6a3b1390e4ad: shutdown 6297aa79-c9f3-4b67-b89c-6a3b1390e4ad@group-A351CF2C3253-FollowerState
2021-08-24 17:29:04,891 [grpc-default-executor-2] INFO  impl.RoleInfo (RoleInfo.java:updateAndGet(130)) - 6297aa79-c9f3-4b67-b89c-6a3b1390e4ad: start 6297aa79-c9f3-4b67-b89c-6a3b1390e4ad@group-A351CF2C3253-FollowerState
2021-08-24 17:29:04,891 [6297aa79-c9f3-4b67-b89c-6a3b1390e4ad@group-A351CF2C3253-FollowerState] INFO  impl.FollowerState (FollowerState.java:run(143)) - 6297aa79-c9f3-4b67-b89c-6a3b1390e4ad@group-A351CF2C3253-FollowerState was interrupted: {}
java.lang.InterruptedException: sleep interrupted
	at java.lang.Thread.sleep(Native Method)
	at java.lang.Thread.sleep(Thread.java:340)
	at java.util.concurrent.TimeUnit.sleep(TimeUnit.java:386)
	at org.apache.ratis.util.TimeDuration.sleep(TimeDuration.java:324)
	at org.apache.ratis.util.TimeDuration.sleep(TimeDuration.java:309)
	at org.apache.ratis.server.impl.FollowerState.run(FollowerState.java:118)
2021-08-24 17:29:04,909 [e8d1986c-780f-4d33-a74d-27dc83e10bbb@group-A351CF2C3253-FollowerState] INFO  impl.FollowerState (FollowerState.java:run(134)) - e8d1986c-780f-4d33-a74d-27dc83e10bbb@group-A351CF2C3253-FollowerState: change to CANDIDATE, lastRpcElapsedTime:5069543540ns, electionTimeout:5035ms
2021-08-24 17:29:04,909 [e8d1986c-780f-4d33-a74d-27dc83e10bbb@group-A351CF2C3253-FollowerState] INFO  impl.RoleInfo (RoleInfo.java:shutdownFollowerState(108)) - e8d1986c-780f-4d33-a74d-27dc83e10bbb: shutdown e8d1986c-780f-4d33-a74d-27dc83e10bbb@group-A351CF2C3253-FollowerState
2021-08-24 17:29:04,909 [e8d1986c-780f-4d33-a74d-27dc83e10bbb@group-A351CF2C3253-FollowerState] INFO  server.RaftServer$Division (RaftServerImpl.java:setRole(285)) - e8d1986c-780f-4d33-a74d-27dc83e10bbb@group-A351CF2C3253: changes role from  FOLLOWER to CANDIDATE at term 0 for changeToCandidate
2021-08-24 17:29:04,910 [e8d1986c-780f-4d33-a74d-27dc83e10bbb@group-A351CF2C3253-FollowerState] INFO  server.RaftServerConfigKeys (ConfUtils.java:logGet(44)) - raft.server.leaderelection.pre-vote = false (custom)
2021-08-24 17:29:04,910 [e8d1986c-780f-4d33-a74d-27dc83e10bbb@group-A351CF2C3253-FollowerState] INFO  impl.RoleInfo (RoleInfo.java:updateAndGet(130)) - e8d1986c-780f-4d33-a74d-27dc83e10bbb: start e8d1986c-780f-4d33-a74d-27dc83e10bbb@group-A351CF2C3253-LeaderElection17
2021-08-24 17:29:04,922 [grpc-default-executor-2] INFO  server.RaftServer$Division (RaftServerImpl.java:requestVote(1075)) - 6297aa79-c9f3-4b67-b89c-6a3b1390e4ad@group-A351CF2C3253 replies to ELECTION vote request: 09a15da1-6242-4e82-84e8-d6513e6d0a72<-6297aa79-c9f3-4b67-b89c-6a3b1390e4ad#0:FAIL-t1. Peer's state: 6297aa79-c9f3-4b67-b89c-6a3b1390e4ad@group-A351CF2C3253:t1, leader=null, voted=null, raftlog=6297aa79-c9f3-4b67-b89c-6a3b1390e4ad@group-A351CF2C3253-SegmentedRaftLog:OPENED:c-1,f-1,i0, conf=-1: [6297aa79-c9f3-4b67-b89c-6a3b1390e4ad|rpc:10.1.0.28:45341|dataStream:|priority:1, e8d1986c-780f-4d33-a74d-27dc83e10bbb|rpc:10.1.0.28:42563|dataStream:|priority:0, 09a15da1-6242-4e82-84e8-d6513e6d0a72|rpc:10.1.0.28:38023|dataStream:|priority:0], old=null
2021-08-24 17:29:04,925 [e8d1986c-780f-4d33-a74d-27dc83e10bbb@group-A351CF2C3253-LeaderElection17] INFO  impl.LeaderElection (LeaderElection.java:askForVotes(306)) - e8d1986c-780f-4d33-a74d-27dc83e10bbb@group-A351CF2C3253-LeaderElection17 ELECTION round 0: submit vote requests at term 1 for -1: [6297aa79-c9f3-4b67-b89c-6a3b1390e4ad|rpc:10.1.0.28:45341|dataStream:|priority:1, e8d1986c-780f-4d33-a74d-27dc83e10bbb|rpc:10.1.0.28:42563|dataStream:|priority:0, 09a15da1-6242-4e82-84e8-d6513e6d0a72|rpc:10.1.0.28:38023|dataStream:|priority:0], old=null
2021-08-24 17:29:04,955 [09a15da1-6242-4e82-84e8-d6513e6d0a72@group-A351CF2C3253-LeaderElection16] INFO  impl.LeaderElection (LeaderElection.java:logAndReturn(89)) - 09a15da1-6242-4e82-84e8-d6513e6d0a72@group-A351CF2C3253-LeaderElection16: ELECTION REJECTED received 1 response(s) and 0 exception(s):
2021-08-24 17:29:04,958 [09a15da1-6242-4e82-84e8-d6513e6d0a72@group-A351CF2C3253-LeaderElection16] INFO  impl.LeaderElection (LeaderElection.java:logAndReturn(93)) -   Response 0: 09a15da1-6242-4e82-84e8-d6513e6d0a72<-6297aa79-c9f3-4b67-b89c-6a3b1390e4ad#0:FAIL-t1
2021-08-24 17:29:04,958 [09a15da1-6242-4e82-84e8-d6513e6d0a72@group-A351CF2C3253-LeaderElection16] INFO  impl.LeaderElection (LeaderElection.java:askForVotes(308)) - 09a15da1-6242-4e82-84e8-d6513e6d0a72@group-A351CF2C3253-LeaderElection16 ELECTION round 0: result REJECTED
2021-08-24 17:29:04,958 [09a15da1-6242-4e82-84e8-d6513e6d0a72@group-A351CF2C3253-LeaderElection16] INFO  server.RaftServer$Division (RaftServerImpl.java:setRole(285)) - 09a15da1-6242-4e82-84e8-d6513e6d0a72@group-A351CF2C3253: changes role from CANDIDATE to FOLLOWER at term 1 for REJECTED
2021-08-24 17:29:04,958 [09a15da1-6242-4e82-84e8-d6513e6d0a72@group-A351CF2C3253-LeaderElection16] INFO  impl.RoleInfo (RoleInfo.java:shutdownLeaderElection(121)) - 09a15da1-6242-4e82-84e8-d6513e6d0a72: shutdown 09a15da1-6242-4e82-84e8-d6513e6d0a72@group-A351CF2C3253-LeaderElection16
2021-08-24 17:29:04,958 [09a15da1-6242-4e82-84e8-d6513e6d0a72@group-A351CF2C3253-LeaderElection16] INFO  impl.RoleInfo (RoleInfo.java:updateAndGet(130)) - 09a15da1-6242-4e82-84e8-d6513e6d0a72: start 09a15da1-6242-4e82-84e8-d6513e6d0a72@group-A351CF2C3253-FollowerState
2021-08-24 17:29:04,967 [grpc-default-executor-2] INFO  server.RaftServer$Division (RaftServerImpl.java:requestVote(1043)) - 09a15da1-6242-4e82-84e8-d6513e6d0a72@group-A351CF2C3253: receive requestVote(ELECTION, e8d1986c-780f-4d33-a74d-27dc83e10bbb, group-A351CF2C3253, 1, (t:0, i:0))
2021-08-24 17:29:04,970 [grpc-default-executor-2] INFO  impl.VoteContext (VoteContext.java:log(48)) - 09a15da1-6242-4e82-84e8-d6513e6d0a72@group-A351CF2C3253-FOLLOWER: reject ELECTION from e8d1986c-780f-4d33-a74d-27dc83e10bbb: already has voted for 09a15da1-6242-4e82-84e8-d6513e6d0a72 at current term 1
2021-08-24 17:29:04,970 [grpc-default-executor-2] INFO  server.RaftServer$Division (RaftServerImpl.java:requestVote(1075)) - 09a15da1-6242-4e82-84e8-d6513e6d0a72@group-A351CF2C3253 replies to ELECTION vote request: e8d1986c-780f-4d33-a74d-27dc83e10bbb<-09a15da1-6242-4e82-84e8-d6513e6d0a72#0:FAIL-t1. Peer's state: 09a15da1-6242-4e82-84e8-d6513e6d0a72@group-A351CF2C3253:t1, leader=null, voted=09a15da1-6242-4e82-84e8-d6513e6d0a72, raftlog=09a15da1-6242-4e82-84e8-d6513e6d0a72@group-A351CF2C3253-SegmentedRaftLog:OPENED:c-1,f-1,i0, conf=-1: [6297aa79-c9f3-4b67-b89c-6a3b1390e4ad|rpc:10.1.0.28:45341|priority:1, e8d1986c-780f-4d33-a74d-27dc83e10bbb|rpc:10.1.0.28:42563|priority:0, 09a15da1-6242-4e82-84e8-d6513e6d0a72|rpc:10.1.0.28:38023|priority:0], old=null
2021-08-24 17:29:04,967 [grpc-default-executor-3] INFO  server.RaftServer$Division (RaftServerImpl.java:requestVote(1043)) - e8d1986c-780f-4d33-a74d-27dc83e10bbb@group-A351CF2C3253: receive requestVote(ELECTION, 09a15da1-6242-4e82-84e8-d6513e6d0a72, group-A351CF2C3253, 1, (t:0, i:0))
2021-08-24 17:29:04,970 [grpc-default-executor-3] INFO  impl.VoteContext (VoteContext.java:log(48)) - e8d1986c-780f-4d33-a74d-27dc83e10bbb@group-A351CF2C3253-CANDIDATE: reject ELECTION from 09a15da1-6242-4e82-84e8-d6513e6d0a72: already has voted for e8d1986c-780f-4d33-a74d-27dc83e10bbb at current term 1
2021-08-24 17:29:04,970 [grpc-default-executor-3] INFO  server.RaftServer$Division (RaftServerImpl.java:requestVote(1075)) - e8d1986c-780f-4d33-a74d-27dc83e10bbb@group-A351CF2C3253 replies to ELECTION vote request: 09a15da1-6242-4e82-84e8-d6513e6d0a72<-e8d1986c-780f-4d33-a74d-27dc83e10bbb#0:FAIL-t1. Peer's state: e8d1986c-780f-4d33-a74d-27dc83e10bbb@group-A351CF2C3253:t1, leader=null, voted=e8d1986c-780f-4d33-a74d-27dc83e10bbb, raftlog=e8d1986c-780f-4d33-a74d-27dc83e10bbb@group-A351CF2C3253-SegmentedRaftLog:OPENED:c-1,f-1,i0, conf=-1: [6297aa79-c9f3-4b67-b89c-6a3b1390e4ad|rpc:10.1.0.28:45341|dataStream:|priority:1, e8d1986c-780f-4d33-a74d-27dc83e10bbb|rpc:10.1.0.28:42563|dataStream:|priority:0, 09a15da1-6242-4e82-84e8-d6513e6d0a72|rpc:10.1.0.28:38023|dataStream:|priority:0], old=null
2021-08-24 17:29:04,985 [grpc-default-executor-0] INFO  server.RaftServer$Division (RaftServerImpl.java:requestVote(1043)) - 6297aa79-c9f3-4b67-b89c-6a3b1390e4ad@group-A351CF2C3253: receive requestVote(ELECTION, e8d1986c-780f-4d33-a74d-27dc83e10bbb, group-A351CF2C3253, 1, (t:0, i:0))
2021-08-24 17:29:04,991 [grpc-default-executor-0] INFO  impl.VoteContext (VoteContext.java:log(48)) - 6297aa79-c9f3-4b67-b89c-6a3b1390e4ad@group-A351CF2C3253-FOLLOWER: reject ELECTION from e8d1986c-780f-4d33-a74d-27dc83e10bbb: our priority 1 > candidate's priority 0
2021-08-24 17:29:04,992 [grpc-default-executor-0] INFO  server.RaftServer$Division (RaftServerImpl.java:setRole(285)) - 6297aa79-c9f3-4b67-b89c-6a3b1390e4ad@group-A351CF2C3253: changes role from  FOLLOWER to FOLLOWER at term 1 for candidate:e8d1986c-780f-4d33-a74d-27dc83e10bbb
2021-08-24 17:29:04,992 [grpc-default-executor-0] INFO  impl.RoleInfo (RoleInfo.java:shutdownFollowerState(108)) - 6297aa79-c9f3-4b67-b89c-6a3b1390e4ad: shutdown 6297aa79-c9f3-4b67-b89c-6a3b1390e4ad@group-A351CF2C3253-FollowerState
2021-08-24 17:29:04,992 [grpc-default-executor-0] INFO  impl.RoleInfo (RoleInfo.java:updateAndGet(130)) - 6297aa79-c9f3-4b67-b89c-6a3b1390e4ad: start 6297aa79-c9f3-4b67-b89c-6a3b1390e4ad@group-A351CF2C3253-FollowerState
2021-08-24 17:29:04,992 [6297aa79-c9f3-4b67-b89c-6a3b1390e4ad@group-A351CF2C3253-FollowerState] INFO  impl.FollowerState (FollowerState.java:run(143)) - 6297aa79-c9f3-4b67-b89c-6a3b1390e4ad@group-A351CF2C3253-FollowerState was interrupted: {}
java.lang.InterruptedException: sleep interrupted
	at java.lang.Thread.sleep(Native Method)
	at java.lang.Thread.sleep(Thread.java:340)
	at java.util.concurrent.TimeUnit.sleep(TimeUnit.java:386)
	at org.apache.ratis.util.TimeDuration.sleep(TimeDuration.java:324)
	at org.apache.ratis.util.TimeDuration.sleep(TimeDuration.java:309)
	at org.apache.ratis.server.impl.FollowerState.run(FollowerState.java:118)
2021-08-24 17:29:04,992 [grpc-default-executor-0] INFO  server.RaftServer$Division (RaftServerImpl.java:requestVote(1075)) - 6297aa79-c9f3-4b67-b89c-6a3b1390e4ad@group-A351CF2C3253 replies to ELECTION vote request: e8d1986c-780f-4d33-a74d-27dc83e10bbb<-6297aa79-c9f3-4b67-b89c-6a3b1390e4ad#0:FAIL-t1. Peer's state: 6297aa79-c9f3-4b67-b89c-6a3b1390e4ad@group-A351CF2C3253:t1, leader=null, voted=null, raftlog=6297aa79-c9f3-4b67-b89c-6a3b1390e4ad@group-A351CF2C3253-SegmentedRaftLog:OPENED:c-1,f-1,i0, conf=-1: [6297aa79-c9f3-4b67-b89c-6a3b1390e4ad|rpc:10.1.0.28:45341|dataStream:|priority:1, e8d1986c-780f-4d33-a74d-27dc83e10bbb|rpc:10.1.0.28:42563|dataStream:|priority:0, 09a15da1-6242-4e82-84e8-d6513e6d0a72|rpc:10.1.0.28:38023|dataStream:|priority:0], old=null
2021-08-24 17:29:05,003 [e8d1986c-780f-4d33-a74d-27dc83e10bbb@group-A351CF2C3253-LeaderElection17] INFO  impl.LeaderElection (LeaderElection.java:logAndReturn(89)) - e8d1986c-780f-4d33-a74d-27dc83e10bbb@group-A351CF2C3253-LeaderElection17: ELECTION REJECTED received 2 response(s) and 0 exception(s):
2021-08-24 17:29:05,003 [e8d1986c-780f-4d33-a74d-27dc83e10bbb@group-A351CF2C3253-LeaderElection17] INFO  impl.LeaderElection (LeaderElection.java:logAndReturn(93)) -   Response 0: e8d1986c-780f-4d33-a74d-27dc83e10bbb<-6297aa79-c9f3-4b67-b89c-6a3b1390e4ad#0:FAIL-t1
2021-08-24 17:29:05,003 [e8d1986c-780f-4d33-a74d-27dc83e10bbb@group-A351CF2C3253-LeaderElection17] INFO  impl.LeaderElection (LeaderElection.java:logAndReturn(93)) -   Response 1: e8d1986c-780f-4d33-a74d-27dc83e10bbb<-09a15da1-6242-4e82-84e8-d6513e6d0a72#0:FAIL-t1
2021-08-24 17:29:05,003 [e8d1986c-780f-4d33-a74d-27dc83e10bbb@group-A351CF2C3253-LeaderElection17] INFO  impl.LeaderElection (LeaderElection.java:askForVotes(308)) - e8d1986c-780f-4d33-a74d-27dc83e10bbb@group-A351CF2C3253-LeaderElection17 ELECTION round 0: result REJECTED
2021-08-24 17:29:05,003 [e8d1986c-780f-4d33-a74d-27dc83e10bbb@group-A351CF2C3253-LeaderElection17] INFO  server.RaftServer$Division (RaftServerImpl.java:setRole(285)) - e8d1986c-780f-4d33-a74d-27dc83e10bbb@group-A351CF2C3253: changes role from CANDIDATE to FOLLOWER at term 1 for REJECTED
2021-08-24 17:29:05,003 [e8d1986c-780f-4d33-a74d-27dc83e10bbb@group-A351CF2C3253-LeaderElection17] INFO  impl.RoleInfo (RoleInfo.java:shutdownLeaderElection(121)) - e8d1986c-780f-4d33-a74d-27dc83e10bbb: shutdown e8d1986c-780f-4d33-a74d-27dc83e10bbb@group-A351CF2C3253-LeaderElection17
2021-08-24 17:29:05,003 [e8d1986c-780f-4d33-a74d-27dc83e10bbb@group-A351CF2C3253-LeaderElection17] INFO  impl.RoleInfo (RoleInfo.java:updateAndGet(130)) - e8d1986c-780f-4d33-a74d-27dc83e10bbb: start e8d1986c-780f-4d33-a74d-27dc83e10bbb@group-A351CF2C3253-FollowerState
2021-08-24 17:29:05,161 [EndpointStateMachine task thread for /0.0.0.0:35951 - 0 ] INFO  ipc.Client (Client.java:handleConnectionFailure(977)) - Retrying connect to server: 0.0.0.0/0.0.0.0:35951. Already tried 0 time(s); retry policy is RetryUpToMaximumCountWithFixedSleep(maxRetries=15, sleepTime=1000 MILLISECONDS)
2021-08-24 17:29:05,223 [09a15da1-6242-4e82-84e8-d6513e6d0a72@group-7C5DC977ED2D-FollowerState] INFO  impl.FollowerState (FollowerState.java:run(134)) - 09a15da1-6242-4e82-84e8-d6513e6d0a72@group-7C5DC977ED2D-FollowerState: change to CANDIDATE, lastRpcElapsedTime:5023981527ns, electionTimeout:5013ms
2021-08-24 17:29:05,224 [09a15da1-6242-4e82-84e8-d6513e6d0a72@group-7C5DC977ED2D-FollowerState] INFO  impl.RoleInfo (RoleInfo.java:shutdownFollowerState(108)) - 09a15da1-6242-4e82-84e8-d6513e6d0a72: shutdown 09a15da1-6242-4e82-84e8-d6513e6d0a72@group-7C5DC977ED2D-FollowerState
2021-08-24 17:29:05,224 [09a15da1-6242-4e82-84e8-d6513e6d0a72@group-7C5DC977ED2D-FollowerState] INFO  server.RaftServer$Division (RaftServerImpl.java:setRole(285)) - 09a15da1-6242-4e82-84e8-d6513e6d0a72@group-7C5DC977ED2D: changes role from  FOLLOWER to CANDIDATE at term 0 for changeToCandidate
2021-08-24 17:29:05,224 [09a15da1-6242-4e82-84e8-d6513e6d0a72@group-7C5DC977ED2D-FollowerState] INFO  server.RaftServerConfigKeys (ConfUtils.java:logGet(44)) - raft.server.leaderelection.pre-vote = false (custom)
2021-08-24 17:29:05,224 [09a15da1-6242-4e82-84e8-d6513e6d0a72@group-7C5DC977ED2D-FollowerState] INFO  impl.RoleInfo (RoleInfo.java:updateAndGet(130)) - 09a15da1-6242-4e82-84e8-d6513e6d0a72: start 09a15da1-6242-4e82-84e8-d6513e6d0a72@group-7C5DC977ED2D-LeaderElection18
2021-08-24 17:29:05,236 [grpc-default-executor-0] WARN  server.GrpcLogAppender (LogUtils.java:warn(122)) - omNode-1@group-523986131536->omNode-3-AppendLogResponseHandler: Failed appendEntries: org.apache.ratis.thirdparty.io.grpc.StatusRuntimeException: UNAVAILABLE: io exception
2021-08-24 17:29:05,237 [grpc-default-executor-0] WARN  server.GrpcLogAppender (GrpcLogAppender.java:resetClient(111)) - omNode-1@group-523986131536->omNode-3-GrpcLogAppender: Leader has not got in touch with Follower omNode-1@group-523986131536->omNode-3(c-1,m0,n1, attendVote=true, lastRpcSendTime=0, lastRpcResponseTime=14420) yet, just keep nextIndex unchanged and retry.
2021-08-24 17:29:05,261 [09a15da1-6242-4e82-84e8-d6513e6d0a72@group-7C5DC977ED2D-LeaderElection18] INFO  impl.LeaderElection (LeaderElection.java:askForVotes(306)) - 09a15da1-6242-4e82-84e8-d6513e6d0a72@group-7C5DC977ED2D-LeaderElection18 ELECTION round 0: submit vote requests at term 1 for -1: [6297aa79-c9f3-4b67-b89c-6a3b1390e4ad|rpc:10.1.0.28:45341|priority:0, e8d1986c-780f-4d33-a74d-27dc83e10bbb|rpc:10.1.0.28:42563|priority:0, 09a15da1-6242-4e82-84e8-d6513e6d0a72|rpc:10.1.0.28:38023|priority:1], old=null
2021-08-24 17:29:05,264 [grpc-default-executor-0] INFO  server.RaftServer$Division (RaftServerImpl.java:requestVote(1043)) - 6297aa79-c9f3-4b67-b89c-6a3b1390e4ad@group-7C5DC977ED2D: receive requestVote(ELECTION, 09a15da1-6242-4e82-84e8-d6513e6d0a72, group-7C5DC977ED2D, 1, (t:0, i:0))
2021-08-24 17:29:05,264 [grpc-default-executor-3] INFO  server.RaftServer$Division (RaftServerImpl.java:requestVote(1043)) - e8d1986c-780f-4d33-a74d-27dc83e10bbb@group-7C5DC977ED2D: receive requestVote(ELECTION, 09a15da1-6242-4e82-84e8-d6513e6d0a72, group-7C5DC977ED2D, 1, (t:0, i:0))
2021-08-24 17:29:05,264 [grpc-default-executor-3] INFO  impl.VoteContext (VoteContext.java:log(48)) - e8d1986c-780f-4d33-a74d-27dc83e10bbb@group-7C5DC977ED2D-FOLLOWER: accept ELECTION from 09a15da1-6242-4e82-84e8-d6513e6d0a72: our priority 0 <= candidate's priority 1
2021-08-24 17:29:05,264 [grpc-default-executor-0] INFO  impl.VoteContext (VoteContext.java:log(48)) - 6297aa79-c9f3-4b67-b89c-6a3b1390e4ad@group-7C5DC977ED2D-FOLLOWER: accept ELECTION from 09a15da1-6242-4e82-84e8-d6513e6d0a72: our priority 0 <= candidate's priority 1
2021-08-24 17:29:05,264 [grpc-default-executor-3] INFO  server.RaftServer$Division (RaftServerImpl.java:setRole(285)) - e8d1986c-780f-4d33-a74d-27dc83e10bbb@group-7C5DC977ED2D: changes role from  FOLLOWER to FOLLOWER at term 1 for candidate:09a15da1-6242-4e82-84e8-d6513e6d0a72
2021-08-24 17:29:05,264 [grpc-default-executor-3] INFO  impl.RoleInfo (RoleInfo.java:shutdownFollowerState(108)) - e8d1986c-780f-4d33-a74d-27dc83e10bbb: shutdown e8d1986c-780f-4d33-a74d-27dc83e10bbb@group-7C5DC977ED2D-FollowerState
2021-08-24 17:29:05,264 [grpc-default-executor-0] INFO  server.RaftServer$Division (RaftServerImpl.java:setRole(285)) - 6297aa79-c9f3-4b67-b89c-6a3b1390e4ad@group-7C5DC977ED2D: changes role from  FOLLOWER to FOLLOWER at term 1 for candidate:09a15da1-6242-4e82-84e8-d6513e6d0a72
2021-08-24 17:29:05,264 [grpc-default-executor-3] INFO  impl.RoleInfo (RoleInfo.java:updateAndGet(130)) - e8d1986c-780f-4d33-a74d-27dc83e10bbb: start e8d1986c-780f-4d33-a74d-27dc83e10bbb@group-7C5DC977ED2D-FollowerState
2021-08-24 17:29:05,264 [grpc-default-executor-0] INFO  impl.RoleInfo (RoleInfo.java:shutdownFollowerState(108)) - 6297aa79-c9f3-4b67-b89c-6a3b1390e4ad: shutdown 6297aa79-c9f3-4b67-b89c-6a3b1390e4ad@group-7C5DC977ED2D-FollowerState
2021-08-24 17:29:05,265 [e8d1986c-780f-4d33-a74d-27dc83e10bbb@group-7C5DC977ED2D-FollowerState] INFO  impl.FollowerState (FollowerState.java:run(143)) - e8d1986c-780f-4d33-a74d-27dc83e10bbb@group-7C5DC977ED2D-FollowerState was interrupted: {}
java.lang.InterruptedException: sleep interrupted
	at java.lang.Thread.sleep(Native Method)
	at java.lang.Thread.sleep(Thread.java:340)
	at java.util.concurrent.TimeUnit.sleep(TimeUnit.java:386)
	at org.apache.ratis.util.TimeDuration.sleep(TimeDuration.java:324)
	at org.apache.ratis.util.TimeDuration.sleep(TimeDuration.java:309)
	at org.apache.ratis.server.impl.FollowerState.run(FollowerState.java:118)
2021-08-24 17:29:05,282 [grpc-default-executor-0] INFO  impl.RoleInfo (RoleInfo.java:updateAndGet(130)) - 6297aa79-c9f3-4b67-b89c-6a3b1390e4ad: start 6297aa79-c9f3-4b67-b89c-6a3b1390e4ad@group-7C5DC977ED2D-FollowerState
2021-08-24 17:29:05,282 [6297aa79-c9f3-4b67-b89c-6a3b1390e4ad@group-7C5DC977ED2D-FollowerState] INFO  impl.FollowerState (FollowerState.java:run(143)) - 6297aa79-c9f3-4b67-b89c-6a3b1390e4ad@group-7C5DC977ED2D-FollowerState was interrupted: {}
java.lang.InterruptedException: sleep interrupted
	at java.lang.Thread.sleep(Native Method)
	at java.lang.Thread.sleep(Thread.java:340)
	at java.util.concurrent.TimeUnit.sleep(TimeUnit.java:386)
	at org.apache.ratis.util.TimeDuration.sleep(TimeDuration.java:324)
	at org.apache.ratis.util.TimeDuration.sleep(TimeDuration.java:309)
	at org.apache.ratis.server.impl.FollowerState.run(FollowerState.java:118)
2021-08-24 17:29:05,284 [grpc-default-executor-0] INFO  server.RaftServer$Division (RaftServerImpl.java:requestVote(1075)) - 6297aa79-c9f3-4b67-b89c-6a3b1390e4ad@group-7C5DC977ED2D replies to ELECTION vote request: 09a15da1-6242-4e82-84e8-d6513e6d0a72<-6297aa79-c9f3-4b67-b89c-6a3b1390e4ad#0:OK-t1. Peer's state: 6297aa79-c9f3-4b67-b89c-6a3b1390e4ad@group-7C5DC977ED2D:t1, leader=null, voted=09a15da1-6242-4e82-84e8-d6513e6d0a72, raftlog=6297aa79-c9f3-4b67-b89c-6a3b1390e4ad@group-7C5DC977ED2D-SegmentedRaftLog:OPENED:c-1,f-1,i0, conf=-1: [6297aa79-c9f3-4b67-b89c-6a3b1390e4ad|rpc:10.1.0.28:45341|dataStream:|priority:0, e8d1986c-780f-4d33-a74d-27dc83e10bbb|rpc:10.1.0.28:42563|dataStream:|priority:0, 09a15da1-6242-4e82-84e8-d6513e6d0a72|rpc:10.1.0.28:38023|dataStream:|priority:1], old=null
2021-08-24 17:29:05,285 [09a15da1-6242-4e82-84e8-d6513e6d0a72@group-7C5DC977ED2D-LeaderElection18] INFO  impl.LeaderElection (LeaderElection.java:logAndReturn(89)) - 09a15da1-6242-4e82-84e8-d6513e6d0a72@group-7C5DC977ED2D-LeaderElection18: ELECTION PASSED received 1 response(s) and 0 exception(s):
2021-08-24 17:29:05,285 [09a15da1-6242-4e82-84e8-d6513e6d0a72@group-7C5DC977ED2D-LeaderElection18] INFO  impl.LeaderElection (LeaderElection.java:logAndReturn(93)) -   Response 0: 09a15da1-6242-4e82-84e8-d6513e6d0a72<-6297aa79-c9f3-4b67-b89c-6a3b1390e4ad#0:OK-t1
2021-08-24 17:29:05,285 [09a15da1-6242-4e82-84e8-d6513e6d0a72@group-7C5DC977ED2D-LeaderElection18] INFO  impl.LeaderElection (LeaderElection.java:askForVotes(308)) - 09a15da1-6242-4e82-84e8-d6513e6d0a72@group-7C5DC977ED2D-LeaderElection18 ELECTION round 0: result PASSED
2021-08-24 17:29:05,285 [09a15da1-6242-4e82-84e8-d6513e6d0a72@group-7C5DC977ED2D-LeaderElection18] INFO  impl.RoleInfo (RoleInfo.java:shutdownLeaderElection(121)) - 09a15da1-6242-4e82-84e8-d6513e6d0a72: shutdown 09a15da1-6242-4e82-84e8-d6513e6d0a72@group-7C5DC977ED2D-LeaderElection18
2021-08-24 17:29:05,285 [09a15da1-6242-4e82-84e8-d6513e6d0a72@group-7C5DC977ED2D-LeaderElection18] INFO  server.RaftServer$Division (RaftServerImpl.java:setRole(285)) - 09a15da1-6242-4e82-84e8-d6513e6d0a72@group-7C5DC977ED2D: changes role from CANDIDATE to LEADER at term 1 for changeToLeader
2021-08-24 17:29:05,285 [09a15da1-6242-4e82-84e8-d6513e6d0a72@group-7C5DC977ED2D-LeaderElection18] INFO  ratis.XceiverServerRatis (XceiverServerRatis.java:handleLeaderChangedNotification(861)) - Leader change notification received for group: group-7C5DC977ED2D with new leaderId: 09a15da1-6242-4e82-84e8-d6513e6d0a72
2021-08-24 17:29:05,285 [09a15da1-6242-4e82-84e8-d6513e6d0a72@group-7C5DC977ED2D-LeaderElection18] INFO  server.RaftServer$Division (ServerState.java:setLeader(285)) - 09a15da1-6242-4e82-84e8-d6513e6d0a72@group-7C5DC977ED2D: change Leader from null to 09a15da1-6242-4e82-84e8-d6513e6d0a72 at term 1 for becomeLeader, leader elected after 5107ms
2021-08-24 17:29:05,294 [09a15da1-6242-4e82-84e8-d6513e6d0a72@group-7C5DC977ED2D-LeaderElection18] INFO  server.RaftServerConfigKeys (ConfUtils.java:logGet(44)) - raft.server.staging.catchup.gap = 1000 (default)
2021-08-24 17:29:05,295 [09a15da1-6242-4e82-84e8-d6513e6d0a72@group-7C5DC977ED2D-LeaderElection18] INFO  server.RaftServerConfigKeys (ConfUtils.java:logGet(44)) - raft.server.write.element-limit = 1024 (custom)
2021-08-24 17:29:05,295 [09a15da1-6242-4e82-84e8-d6513e6d0a72@group-7C5DC977ED2D-LeaderElection18] INFO  server.RaftServerConfigKeys (ConfUtils.java:logGet(44)) - raft.server.write.byte-limit = 1024 M (=1073741824) (custom)
2021-08-24 17:29:05,295 [09a15da1-6242-4e82-84e8-d6513e6d0a72@group-7C5DC977ED2D-LeaderElection18] INFO  server.RaftServerConfigKeys (ConfUtils.java:logGet(44)) - raft.server.watch.timeout = 180s (custom)
2021-08-24 17:29:05,295 [09a15da1-6242-4e82-84e8-d6513e6d0a72@group-7C5DC977ED2D-LeaderElection18] INFO  server.RaftServerConfigKeys (ConfUtils.java:logGet(44)) - raft.server.watch.timeout.denomination = 1s (default)
2021-08-24 17:29:05,295 [09a15da1-6242-4e82-84e8-d6513e6d0a72@group-7C5DC977ED2D-LeaderElection18] INFO  server.RaftServerConfigKeys (ConfUtils.java:logGet(44)) - raft.server.watch.element-limit = 65536 (default)
2021-08-24 17:29:05,295 [09a15da1-6242-4e82-84e8-d6513e6d0a72@group-7C5DC977ED2D-LeaderElection18] INFO  server.RaftServerConfigKeys (ConfUtils.java:logGet(44)) - raft.server.log.appender.snapshot.chunk.size.max = 16MB (=16777216) (default)
2021-08-24 17:29:05,295 [09a15da1-6242-4e82-84e8-d6513e6d0a72@group-7C5DC977ED2D-LeaderElection18] INFO  server.RaftServerConfigKeys (ConfUtils.java:logGet(44)) - raft.server.log.appender.buffer.byte-limit = 33554432 (custom)
2021-08-24 17:29:05,296 [09a15da1-6242-4e82-84e8-d6513e6d0a72@group-7C5DC977ED2D-LeaderElection18] INFO  server.RaftServerConfigKeys (ConfUtils.java:logGet(44)) - raft.server.log.appender.buffer.element-limit = 1 (custom)
2021-08-24 17:29:05,296 [09a15da1-6242-4e82-84e8-d6513e6d0a72@group-7C5DC977ED2D-LeaderElection18] INFO  grpc.GrpcConfigKeys (ConfUtils.java:logGet(44)) - raft.grpc.server.leader.outstanding.appends.max = 128 (default)
2021-08-24 17:29:05,296 [09a15da1-6242-4e82-84e8-d6513e6d0a72@group-7C5DC977ED2D-LeaderElection18] INFO  server.RaftServerConfigKeys (ConfUtils.java:logGet(44)) - raft.server.rpc.request.timeout = 60s (custom)
2021-08-24 17:29:05,296 [09a15da1-6242-4e82-84e8-d6513e6d0a72@group-7C5DC977ED2D-LeaderElection18] INFO  server.RaftServerConfigKeys (ConfUtils.java:logGet(44)) - raft.server.log.appender.install.snapshot.enabled = false (custom)
2021-08-24 17:29:05,297 [09a15da1-6242-4e82-84e8-d6513e6d0a72@group-7C5DC977ED2D-LeaderElection18] INFO  server.RaftServerConfigKeys (ConfUtils.java:logGet(44)) - raft.server.log.appender.snapshot.chunk.size.max = 16MB (=16777216) (default)
2021-08-24 17:29:05,297 [09a15da1-6242-4e82-84e8-d6513e6d0a72@group-7C5DC977ED2D-LeaderElection18] INFO  server.RaftServerConfigKeys (ConfUtils.java:logGet(44)) - raft.server.log.appender.buffer.byte-limit = 33554432 (custom)
2021-08-24 17:29:05,297 [09a15da1-6242-4e82-84e8-d6513e6d0a72@group-7C5DC977ED2D-LeaderElection18] INFO  server.RaftServerConfigKeys (ConfUtils.java:logGet(44)) - raft.server.log.appender.buffer.element-limit = 1 (custom)
2021-08-24 17:29:05,297 [09a15da1-6242-4e82-84e8-d6513e6d0a72@group-7C5DC977ED2D-LeaderElection18] INFO  grpc.GrpcConfigKeys (ConfUtils.java:logGet(44)) - raft.grpc.server.leader.outstanding.appends.max = 128 (default)
2021-08-24 17:29:05,297 [09a15da1-6242-4e82-84e8-d6513e6d0a72@group-7C5DC977ED2D-LeaderElection18] INFO  server.RaftServerConfigKeys (ConfUtils.java:logGet(44)) - raft.server.rpc.request.timeout = 60s (custom)
2021-08-24 17:29:05,297 [09a15da1-6242-4e82-84e8-d6513e6d0a72@group-7C5DC977ED2D-LeaderElection18] INFO  server.RaftServerConfigKeys (ConfUtils.java:logGet(44)) - raft.server.log.appender.install.snapshot.enabled = false (custom)
2021-08-24 17:29:05,287 [grpc-default-executor-3] INFO  server.RaftServer$Division (RaftServerImpl.java:requestVote(1075)) - e8d1986c-780f-4d33-a74d-27dc83e10bbb@group-7C5DC977ED2D replies to ELECTION vote request: 09a15da1-6242-4e82-84e8-d6513e6d0a72<-e8d1986c-780f-4d33-a74d-27dc83e10bbb#0:OK-t1. Peer's state: e8d1986c-780f-4d33-a74d-27dc83e10bbb@group-7C5DC977ED2D:t1, leader=null, voted=09a15da1-6242-4e82-84e8-d6513e6d0a72, raftlog=e8d1986c-780f-4d33-a74d-27dc83e10bbb@group-7C5DC977ED2D-SegmentedRaftLog:OPENED:c-1,f-1,i0, conf=-1: [6297aa79-c9f3-4b67-b89c-6a3b1390e4ad|rpc:10.1.0.28:45341|priority:0, e8d1986c-780f-4d33-a74d-27dc83e10bbb|rpc:10.1.0.28:42563|priority:0, 09a15da1-6242-4e82-84e8-d6513e6d0a72|rpc:10.1.0.28:38023|priority:1], old=null
2021-08-24 17:29:05,294 [EventQueue-PipelineReportForPipelineReportHandler] INFO  pipeline.PipelineManagerImpl (PipelineManagerImpl.java:openPipeline(283)) - Pipeline Pipeline[ Id: 1c8879a2-c243-4424-b625-7c5dc977ed2d, Nodes: 6297aa79-c9f3-4b67-b89c-6a3b1390e4ad{ip: 10.1.0.28, host: fv-az297-489.nmf1rxwemy4u5di1sxxf4ejcwb.jx.internal.cloudapp.net, ports: [REPLICATION=43189, RATIS=45341, RATIS_ADMIN=45341, RATIS_SERVER=45341, STANDALONE=43485], networkLocation: /default-rack, certSerialId: null, persistedOpState: IN_SERVICE, persistedOpStateExpiryEpochSec: 0}09a15da1-6242-4e82-84e8-d6513e6d0a72{ip: 10.1.0.28, host: fv-az297-489.nmf1rxwemy4u5di1sxxf4ejcwb.jx.internal.cloudapp.net, ports: [REPLICATION=37015, RATIS=38023, RATIS_ADMIN=38023, RATIS_SERVER=38023, STANDALONE=40673], networkLocation: /default-rack, certSerialId: null, persistedOpState: IN_SERVICE, persistedOpStateExpiryEpochSec: 0}e8d1986c-780f-4d33-a74d-27dc83e10bbb{ip: 10.1.0.28, host: fv-az297-489.nmf1rxwemy4u5di1sxxf4ejcwb.jx.internal.cloudapp.net, ports: [REPLICATION=42323, RATIS=42563, RATIS_ADMIN=42563, RATIS_SERVER=42563, STANDALONE=34051], networkLocation: /default-rack, certSerialId: null, persistedOpState: IN_SERVICE, persistedOpStateExpiryEpochSec: 0}, ReplicationConfig: RATIS/THREE, State:ALLOCATED, leaderId:09a15da1-6242-4e82-84e8-d6513e6d0a72, CreationTimestamp2021-08-24T17:28:57.927Z[Etc/UTC]] moved to OPEN state
2021-08-24 17:29:05,298 [09a15da1-6242-4e82-84e8-d6513e6d0a72@group-7C5DC977ED2D-LeaderElection18] INFO  impl.RoleInfo (RoleInfo.java:updateAndGet(130)) - 09a15da1-6242-4e82-84e8-d6513e6d0a72: start 09a15da1-6242-4e82-84e8-d6513e6d0a72@group-7C5DC977ED2D-LeaderStateImpl
2021-08-24 17:29:05,316 [09a15da1-6242-4e82-84e8-d6513e6d0a72@group-7C5DC977ED2D-LeaderElection18] INFO  segmented.SegmentedRaftLogWorker (SegmentedRaftLogWorker.java:startLogSegment(394)) - 09a15da1-6242-4e82-84e8-d6513e6d0a72@group-7C5DC977ED2D-SegmentedRaftLogWorker: Starting segment from index:0
2021-08-24 17:29:05,322 [09a15da1-6242-4e82-84e8-d6513e6d0a72@group-7C5DC977ED2D-LeaderElection18] INFO  server.RaftServer$Division (ServerState.java:setRaftConf(387)) - 09a15da1-6242-4e82-84e8-d6513e6d0a72@group-7C5DC977ED2D: set configuration 0: [6297aa79-c9f3-4b67-b89c-6a3b1390e4ad|rpc:10.1.0.28:45341|dataStream:|priority:0, e8d1986c-780f-4d33-a74d-27dc83e10bbb|rpc:10.1.0.28:42563|dataStream:|priority:0, 09a15da1-6242-4e82-84e8-d6513e6d0a72|rpc:10.1.0.28:38023|dataStream:|priority:1], old=null
2021-08-24 17:29:05,322 [EventQueue-OpenPipelineForHealthyPipelineSafeModeRule] INFO  safemode.SCMSafeModeManager (HealthyPipelineSafeModeRule.java:process(124)) - SCM in safe mode. Healthy pipelines reported count is 0, required healthy pipeline reported count is 1
2021-08-24 17:29:05,323 [EventQueue-OpenPipelineForHealthyPipelineSafeModeRule] INFO  safemode.SCMSafeModeManager (HealthyPipelineSafeModeRule.java:process(124)) - SCM in safe mode. Healthy pipelines reported count is 1, required healthy pipeline reported count is 1
2021-08-24 17:29:05,323 [EventQueue-OpenPipelineForHealthyPipelineSafeModeRule] INFO  safemode.SCMSafeModeManager (SCMSafeModeManager.java:validateSafeModeExitRules(204)) - HealthyPipelineSafeModeRule rule is successfully validated
2021-08-24 17:29:05,323 [EventQueue-OpenPipelineForHealthyPipelineSafeModeRule] INFO  safemode.SCMSafeModeManager (SCMSafeModeManager.java:validateSafeModeExitRules(219)) - ScmSafeModeManager, all rules are successfully validated
2021-08-24 17:29:05,323 [EventQueue-OpenPipelineForHealthyPipelineSafeModeRule] INFO  safemode.SCMSafeModeManager (SCMSafeModeManager.java:exitSafeMode(248)) - SCM exiting safe mode.
2021-08-24 17:29:05,323 [EventQueue-OpenPipelineForHealthyPipelineSafeModeRule] WARN  events.EventQueue (EventQueue.java:fireEvent(194)) - No event handler registered for event TypedEvent{payloadType=SafeModeStatus, name='Safe mode status'}
2021-08-24 17:29:05,323 [09a15da1-6242-4e82-84e8-d6513e6d0a72@group-7C5DC977ED2D-SegmentedRaftLogWorker] INFO  segmented.SegmentedRaftLogWorker (SegmentedRaftLogWorker.java:execute(601)) - 09a15da1-6242-4e82-84e8-d6513e6d0a72@group-7C5DC977ED2D-SegmentedRaftLogWorker: created new log segment /home/runner/work/ozone/ozone/hadoop-ozone/integration-test/target/test-dir/MiniOzoneClusterImpl-013421b4-bdfc-48e1-b28d-0fb3f9f00c6e/datanode-0/data/ratis/1c8879a2-c243-4424-b625-7c5dc977ed2d/current/log_inprogress_0
2021-08-24 17:29:05,325 [EventQueue-OpenPipelineForHealthyPipelineSafeModeRule] INFO  ha.SCMContext (SCMContext.java:updateSafeModeStatus(205)) - Update SafeModeStatus from SafeModeStatus{safeModeStatus=true, preCheckPassed=true} to SafeModeStatus{safeModeStatus=false, preCheckPassed=true}.
2021-08-24 17:29:05,326 [EventQueue-OpenPipelineForHealthyPipelineSafeModeRule] INFO  pipeline.BackgroundPipelineCreator (BackgroundPipelineCreatorV2.java:notifyStatusChanged(264)) - Service BackgroundPipelineCreator transitions to RUNNING.
2021-08-24 17:29:05,326 [EventQueue-OpenPipelineForHealthyPipelineSafeModeRule] INFO  container.ReplicationManager (ReplicationManager.java:notifyStatusChanged(1722)) - Service ReplicationManager transitions to RUNNING.
2021-08-24 17:29:05,326 [e8d1986c-780f-4d33-a74d-27dc83e10bbb@group-371D8429D248-FollowerState] INFO  impl.FollowerState (FollowerState.java:run(134)) - e8d1986c-780f-4d33-a74d-27dc83e10bbb@group-371D8429D248-FollowerState: change to CANDIDATE, lastRpcElapsedTime:5030941329ns, electionTimeout:5027ms
2021-08-24 17:29:05,353 [e8d1986c-780f-4d33-a74d-27dc83e10bbb@group-371D8429D248-FollowerState] INFO  impl.RoleInfo (RoleInfo.java:shutdownFollowerState(108)) - e8d1986c-780f-4d33-a74d-27dc83e10bbb: shutdown e8d1986c-780f-4d33-a74d-27dc83e10bbb@group-371D8429D248-FollowerState
2021-08-24 17:29:05,353 [e8d1986c-780f-4d33-a74d-27dc83e10bbb@group-371D8429D248-FollowerState] INFO  server.RaftServer$Division (RaftServerImpl.java:setRole(285)) - e8d1986c-780f-4d33-a74d-27dc83e10bbb@group-371D8429D248: changes role from  FOLLOWER to CANDIDATE at term 0 for changeToCandidate
2021-08-24 17:29:05,353 [e8d1986c-780f-4d33-a74d-27dc83e10bbb@group-371D8429D248-FollowerState] INFO  server.RaftServerConfigKeys (ConfUtils.java:logGet(44)) - raft.server.leaderelection.pre-vote = false (custom)
2021-08-24 17:29:05,353 [e8d1986c-780f-4d33-a74d-27dc83e10bbb@group-371D8429D248-FollowerState] INFO  impl.RoleInfo (RoleInfo.java:updateAndGet(130)) - e8d1986c-780f-4d33-a74d-27dc83e10bbb: start e8d1986c-780f-4d33-a74d-27dc83e10bbb@group-371D8429D248-LeaderElection19
2021-08-24 17:29:05,358 [grpc-default-executor-0] INFO  ratis.XceiverServerRatis (XceiverServerRatis.java:handleLeaderChangedNotification(861)) - Leader change notification received for group: group-7C5DC977ED2D with new leaderId: 09a15da1-6242-4e82-84e8-d6513e6d0a72
2021-08-24 17:29:05,358 [grpc-default-executor-0] INFO  server.RaftServer$Division (ServerState.java:setLeader(285)) - 6297aa79-c9f3-4b67-b89c-6a3b1390e4ad@group-7C5DC977ED2D: change Leader from null to 09a15da1-6242-4e82-84e8-d6513e6d0a72 at term 1 for appendEntries, leader elected after 5091ms
2021-08-24 17:29:05,384 [grpc-default-executor-2] INFO  ratis.XceiverServerRatis (XceiverServerRatis.java:handleLeaderChangedNotification(861)) - Leader change notification received for group: group-7C5DC977ED2D with new leaderId: 09a15da1-6242-4e82-84e8-d6513e6d0a72
2021-08-24 17:29:05,384 [grpc-default-executor-2] INFO  server.RaftServer$Division (ServerState.java:setLeader(285)) - e8d1986c-780f-4d33-a74d-27dc83e10bbb@group-7C5DC977ED2D: change Leader from null to 09a15da1-6242-4e82-84e8-d6513e6d0a72 at term 1 for appendEntries, leader elected after 5039ms
2021-08-24 17:29:05,388 [e8d1986c-780f-4d33-a74d-27dc83e10bbb@group-371D8429D248-LeaderElection19] INFO  impl.LeaderElection (LeaderElection.java:askForVotes(306)) - e8d1986c-780f-4d33-a74d-27dc83e10bbb@group-371D8429D248-LeaderElection19 ELECTION round 0: submit vote requests at term 1 for -1: [e8d1986c-780f-4d33-a74d-27dc83e10bbb|rpc:10.1.0.28:42563|priority:1], old=null
2021-08-24 17:29:05,388 [e8d1986c-780f-4d33-a74d-27dc83e10bbb@group-371D8429D248-LeaderElection19] INFO  impl.LeaderElection (LeaderElection.java:askForVotes(308)) - e8d1986c-780f-4d33-a74d-27dc83e10bbb@group-371D8429D248-LeaderElection19 ELECTION round 0: result PASSED (term=1)
2021-08-24 17:29:05,388 [e8d1986c-780f-4d33-a74d-27dc83e10bbb@group-371D8429D248-LeaderElection19] INFO  impl.RoleInfo (RoleInfo.java:shutdownLeaderElection(121)) - e8d1986c-780f-4d33-a74d-27dc83e10bbb: shutdown e8d1986c-780f-4d33-a74d-27dc83e10bbb@group-371D8429D248-LeaderElection19
2021-08-24 17:29:05,388 [e8d1986c-780f-4d33-a74d-27dc83e10bbb@group-371D8429D248-LeaderElection19] INFO  server.RaftServer$Division (RaftServerImpl.java:setRole(285)) - e8d1986c-780f-4d33-a74d-27dc83e10bbb@group-371D8429D248: changes role from CANDIDATE to LEADER at term 1 for changeToLeader
2021-08-24 17:29:05,388 [e8d1986c-780f-4d33-a74d-27dc83e10bbb@group-371D8429D248-LeaderElection19] INFO  ratis.XceiverServerRatis (XceiverServerRatis.java:handleLeaderChangedNotification(861)) - Leader change notification received for group: group-371D8429D248 with new leaderId: e8d1986c-780f-4d33-a74d-27dc83e10bbb
2021-08-24 17:29:05,388 [e8d1986c-780f-4d33-a74d-27dc83e10bbb@group-371D8429D248-LeaderElection19] INFO  server.RaftServer$Division (ServerState.java:setLeader(285)) - e8d1986c-780f-4d33-a74d-27dc83e10bbb@group-371D8429D248: change Leader from null to e8d1986c-780f-4d33-a74d-27dc83e10bbb at term 1 for becomeLeader, leader elected after 5122ms
2021-08-24 17:29:05,388 [e8d1986c-780f-4d33-a74d-27dc83e10bbb@group-371D8429D248-LeaderElection19] INFO  server.RaftServerConfigKeys (ConfUtils.java:logGet(44)) - raft.server.staging.catchup.gap = 1000 (default)
2021-08-24 17:29:05,389 [e8d1986c-780f-4d33-a74d-27dc83e10bbb@group-371D8429D248-LeaderElection19] INFO  server.RaftServerConfigKeys (ConfUtils.java:logGet(44)) - raft.server.write.element-limit = 1024 (custom)
2021-08-24 17:29:05,389 [e8d1986c-780f-4d33-a74d-27dc83e10bbb@group-371D8429D248-LeaderElection19] INFO  server.RaftServerConfigKeys (ConfUtils.java:logGet(44)) - raft.server.write.byte-limit = 1024 M (=1073741824) (custom)
2021-08-24 17:29:05,390 [e8d1986c-780f-4d33-a74d-27dc83e10bbb@group-371D8429D248-LeaderElection19] INFO  server.RaftServerConfigKeys (ConfUtils.java:logGet(44)) - raft.server.watch.timeout = 180s (custom)
2021-08-24 17:29:05,390 [e8d1986c-780f-4d33-a74d-27dc83e10bbb@group-371D8429D248-LeaderElection19] INFO  server.RaftServerConfigKeys (ConfUtils.java:logGet(44)) - raft.server.watch.timeout.denomination = 1s (default)
2021-08-24 17:29:05,390 [e8d1986c-780f-4d33-a74d-27dc83e10bbb@group-371D8429D248-LeaderElection19] INFO  server.RaftServerConfigKeys (ConfUtils.java:logGet(44)) - raft.server.watch.element-limit = 65536 (default)
2021-08-24 17:29:05,390 [e8d1986c-780f-4d33-a74d-27dc83e10bbb@group-371D8429D248-LeaderElection19] INFO  impl.RoleInfo (RoleInfo.java:updateAndGet(130)) - e8d1986c-780f-4d33-a74d-27dc83e10bbb: start e8d1986c-780f-4d33-a74d-27dc83e10bbb@group-371D8429D248-LeaderStateImpl
2021-08-24 17:29:05,391 [e8d1986c-780f-4d33-a74d-27dc83e10bbb@group-371D8429D248-LeaderElection19] INFO  segmented.SegmentedRaftLogWorker (SegmentedRaftLogWorker.java:startLogSegment(394)) - e8d1986c-780f-4d33-a74d-27dc83e10bbb@group-371D8429D248-SegmentedRaftLogWorker: Starting segment from index:0
2021-08-24 17:29:05,393 [Datanode State Machine Thread - 0] WARN  statemachine.StateContext (StateContext.java:execute(621)) - No available thread in pool for past 1 seconds.
2021-08-24 17:29:05,395 [grpc-default-executor-0] INFO  server.RaftServer$Division (ServerState.java:setRaftConf(387)) - 6297aa79-c9f3-4b67-b89c-6a3b1390e4ad@group-7C5DC977ED2D: set configuration 0: [6297aa79-c9f3-4b67-b89c-6a3b1390e4ad|rpc:10.1.0.28:45341|dataStream:|priority:0, e8d1986c-780f-4d33-a74d-27dc83e10bbb|rpc:10.1.0.28:42563|dataStream:|priority:0, 09a15da1-6242-4e82-84e8-d6513e6d0a72|rpc:10.1.0.28:38023|dataStream:|priority:1], old=null
2021-08-24 17:29:05,395 [grpc-default-executor-0] INFO  segmented.SegmentedRaftLogWorker (SegmentedRaftLogWorker.java:startLogSegment(394)) - 6297aa79-c9f3-4b67-b89c-6a3b1390e4ad@group-7C5DC977ED2D-SegmentedRaftLogWorker: Starting segment from index:0
2021-08-24 17:29:05,395 [grpc-default-executor-2] INFO  server.RaftServer$Division (ServerState.java:setRaftConf(387)) - e8d1986c-780f-4d33-a74d-27dc83e10bbb@group-7C5DC977ED2D: set configuration 0: [6297aa79-c9f3-4b67-b89c-6a3b1390e4ad|rpc:10.1.0.28:45341|dataStream:|priority:0, e8d1986c-780f-4d33-a74d-27dc83e10bbb|rpc:10.1.0.28:42563|dataStream:|priority:0, 09a15da1-6242-4e82-84e8-d6513e6d0a72|rpc:10.1.0.28:38023|dataStream:|priority:1], old=null
2021-08-24 17:29:05,397 [grpc-default-executor-2] INFO  segmented.SegmentedRaftLogWorker (SegmentedRaftLogWorker.java:startLogSegment(394)) - e8d1986c-780f-4d33-a74d-27dc83e10bbb@group-7C5DC977ED2D-SegmentedRaftLogWorker: Starting segment from index:0
2021-08-24 17:29:05,398 [6297aa79-c9f3-4b67-b89c-6a3b1390e4ad@group-7C5DC977ED2D-SegmentedRaftLogWorker] INFO  segmented.SegmentedRaftLogWorker (SegmentedRaftLogWorker.java:execute(601)) - 6297aa79-c9f3-4b67-b89c-6a3b1390e4ad@group-7C5DC977ED2D-SegmentedRaftLogWorker: created new log segment /home/runner/work/ozone/ozone/hadoop-ozone/integration-test/target/test-dir/MiniOzoneClusterImpl-013421b4-bdfc-48e1-b28d-0fb3f9f00c6e/datanode-2/data/ratis/1c8879a2-c243-4424-b625-7c5dc977ed2d/current/log_inprogress_0
2021-08-24 17:29:05,409 [e8d1986c-780f-4d33-a74d-27dc83e10bbb@group-7C5DC977ED2D-SegmentedRaftLogWorker] INFO  segmented.SegmentedRaftLogWorker (SegmentedRaftLogWorker.java:execute(601)) - e8d1986c-780f-4d33-a74d-27dc83e10bbb@group-7C5DC977ED2D-SegmentedRaftLogWorker: created new log segment /home/runner/work/ozone/ozone/hadoop-ozone/integration-test/target/test-dir/MiniOzoneClusterImpl-013421b4-bdfc-48e1-b28d-0fb3f9f00c6e/datanode-1/data/ratis/1c8879a2-c243-4424-b625-7c5dc977ed2d/current/log_inprogress_0
2021-08-24 17:29:05,424 [e8d1986c-780f-4d33-a74d-27dc83e10bbb@group-371D8429D248-SegmentedRaftLogWorker] INFO  segmented.SegmentedRaftLogWorker (SegmentedRaftLogWorker.java:execute(601)) - e8d1986c-780f-4d33-a74d-27dc83e10bbb@group-371D8429D248-SegmentedRaftLogWorker: created new log segment /home/runner/work/ozone/ozone/hadoop-ozone/integration-test/target/test-dir/MiniOzoneClusterImpl-013421b4-bdfc-48e1-b28d-0fb3f9f00c6e/datanode-1/data/ratis/55d56908-60ab-49cb-82d2-371d8429d248/current/log_inprogress_0
2021-08-24 17:29:05,435 [e8d1986c-780f-4d33-a74d-27dc83e10bbb@group-371D8429D248-LeaderElection19] INFO  server.RaftServer$Division (ServerState.java:setRaftConf(387)) - e8d1986c-780f-4d33-a74d-27dc83e10bbb@group-371D8429D248: set configuration 0: [e8d1986c-780f-4d33-a74d-27dc83e10bbb|rpc:10.1.0.28:42563|dataStream:|priority:1], old=null
2021-08-24 17:29:05,736 [grpc-default-executor-0] WARN  server.GrpcLogAppender (LogUtils.java:warn(122)) - omNode-1@group-523986131536->omNode-3-AppendLogResponseHandler: Failed appendEntries: org.apache.ratis.thirdparty.io.grpc.StatusRuntimeException: UNAVAILABLE: io exception
2021-08-24 17:29:05,737 [grpc-default-executor-0] WARN  server.GrpcLogAppender (GrpcLogAppender.java:resetClient(111)) - omNode-1@group-523986131536->omNode-3-GrpcLogAppender: Leader has not got in touch with Follower omNode-1@group-523986131536->omNode-3(c-1,m0,n1, attendVote=true, lastRpcSendTime=0, lastRpcResponseTime=14920) yet, just keep nextIndex unchanged and retry.
2021-08-24 17:29:05,823 [Listener at 127.0.0.1/13276] INFO  ozone.MiniOzoneClusterImpl (MiniOzoneClusterImpl.java:lambda$waitForClusterToBeReady$0(235)) - Nodes are ready. Got 3 of 3 DN Heartbeats.
2021-08-24 17:29:05,823 [Listener at 127.0.0.1/13276] INFO  ozone.MiniOzoneClusterImpl (MiniOzoneClusterImpl.java:lambda$waitForClusterToBeReady$0(238)) - Cluster exits safe mode
2021-08-24 17:29:05,823 [Listener at 127.0.0.1/13276] INFO  ozone.MiniOzoneClusterImpl (MiniOzoneClusterImpl.java:lambda$waitForClusterToBeReady$0(240)) - SCM became leader
2021-08-24 17:29:05,947 [Listener at 127.0.0.1/13276] INFO  rpc.RpcClient (RpcClient.java:createVolume(342)) - Creating Volume: volume29238, with user99491 as owner and space quota set to -1 bytes, counts quota set to -1
2021-08-24 17:29:05,950 [grpc-default-executor-2] WARN  server.GrpcLogAppender (LogUtils.java:warn(122)) - omNode-1@group-523986131536->omNode-3-AppendLogResponseHandler: Failed appendEntries: org.apache.ratis.thirdparty.io.grpc.StatusRuntimeException: UNAVAILABLE: io exception
2021-08-24 17:29:05,950 [grpc-default-executor-2] WARN  server.GrpcLogAppender (GrpcLogAppender.java:resetClient(111)) - omNode-1@group-523986131536->omNode-3-GrpcLogAppender: Leader has not got in touch with Follower omNode-1@group-523986131536->omNode-3(c-1,m0,n2, attendVote=true, lastRpcSendTime=0, lastRpcResponseTime=15133) yet, just keep nextIndex unchanged and retry.
2021-08-24 17:29:05,960 [grpc-default-executor-2] WARN  server.GrpcLogAppender (LogUtils.java:warn(122)) - omNode-1@group-523986131536->omNode-3-AppendLogResponseHandler: Failed appendEntries: org.apache.ratis.thirdparty.io.grpc.StatusRuntimeException: UNAVAILABLE: io exception
2021-08-24 17:29:05,960 [grpc-default-executor-2] WARN  server.GrpcLogAppender (GrpcLogAppender.java:resetClient(111)) - omNode-1@group-523986131536->omNode-3-GrpcLogAppender: Leader has not got in touch with Follower omNode-1@group-523986131536->omNode-3(c-1,m0,n3, attendVote=true, lastRpcSendTime=0, lastRpcResponseTime=15144) yet, just keep nextIndex unchanged and retry.
2021-08-24 17:29:05,964 [OM StateMachine ApplyTransaction Thread - 0] INFO  volume.OMVolumeCreateRequest (OMVolumeCreateRequest.java:validateAndUpdateCache(195)) - created volume:volume29238 for user:user99491
2021-08-24 17:29:05,976 [OM StateMachine ApplyTransaction Thread - 0] INFO  volume.OMVolumeCreateRequest (OMVolumeCreateRequest.java:validateAndUpdateCache(195)) - created volume:volume29238 for user:user99491
2021-08-24 17:29:05,977 [Listener at 127.0.0.1/13276] INFO  rpc.RpcClient (RpcClient.java:createBucket(502)) - Creating Bucket: volume29238/bucket56419, with Versioning false and Storage Type set to DISK and Encryption set to false 
2021-08-24 17:29:06,010 [grpc-default-executor-2] WARN  server.GrpcLogAppender (LogUtils.java:warn(122)) - omNode-1@group-523986131536->omNode-3-AppendLogResponseHandler: Failed appendEntries: org.apache.ratis.thirdparty.io.grpc.StatusRuntimeException: UNAVAILABLE: io exception
2021-08-24 17:29:06,010 [grpc-default-executor-2] WARN  server.GrpcLogAppender (GrpcLogAppender.java:resetClient(111)) - omNode-1@group-523986131536->omNode-3-GrpcLogAppender: Leader has not got in touch with Follower omNode-1@group-523986131536->omNode-3(c-1,m0,n4, attendVote=true, lastRpcSendTime=0, lastRpcResponseTime=15194) yet, just keep nextIndex unchanged and retry.
2021-08-24 17:29:06,029 [grpc-default-executor-2] WARN  server.GrpcLogAppender (LogUtils.java:warn(122)) - omNode-1@group-523986131536->omNode-3-AppendLogResponseHandler: Failed appendEntries: org.apache.ratis.thirdparty.io.grpc.StatusRuntimeException: UNAVAILABLE: io exception
2021-08-24 17:29:06,030 [grpc-default-executor-2] WARN  server.GrpcLogAppender (GrpcLogAppender.java:resetClient(111)) - omNode-1@group-523986131536->omNode-3-GrpcLogAppender: Leader has not got in touch with Follower omNode-1@group-523986131536->omNode-3(c-1,m0,n5, attendVote=true, lastRpcSendTime=3, lastRpcResponseTime=15213) yet, just keep nextIndex unchanged and retry.
2021-08-24 17:29:06,045 [Listener at 127.0.0.1/13276] INFO  om.OzoneManager (OzoneManager.java:initFSOLayout(4321)) - Configured ozone.om.metadata.layout=SIMPLE and disabled optimized OM FS operations
2021-08-24 17:29:06,046 [Listener at 127.0.0.1/13276] INFO  impl.MetricsSystemImpl (MetricsSystemImpl.java:init(158)) - OzoneManager metrics system started (again)
2021-08-24 17:29:06,074 [Listener at 127.0.0.1/13276] INFO  om.OzoneManager (OzoneManager.java:start(1270)) - OzoneManager RPC server is listening at localhost/127.0.0.1:13276
2021-08-24 17:29:06,082 [Listener at 127.0.0.1/13276] INFO  ratis.OzoneManagerRatisServer (OzoneManagerRatisServer.java:start(516)) - Starting OzoneManagerRatisServer omNode-3 at port 13280
2021-08-24 17:29:06,082 [Listener at 127.0.0.1/13276] INFO  server.RaftServer$Division (RaftServerImpl.java:start(296)) - omNode-3@group-523986131536: start as a follower, conf=-1: [omNode-3|rpc:localhost:13280|priority:0, omNode-1|rpc:localhost:13268|priority:0, omNode-2|rpc:localhost:13274|priority:0], old=null
2021-08-24 17:29:06,082 [Listener at 127.0.0.1/13276] INFO  server.RaftServer$Division (RaftServerImpl.java:setRole(285)) - omNode-3@group-523986131536: changes role from      null to FOLLOWER at term 0 for startAsFollower
2021-08-24 17:29:06,082 [Listener at 127.0.0.1/13276] INFO  impl.RoleInfo (RoleInfo.java:updateAndGet(130)) - omNode-3: start omNode-3@group-523986131536-FollowerState
2021-08-24 17:29:06,084 [Listener at 127.0.0.1/13276] INFO  util.JmxRegister (JmxRegister.java:tryRegister(44)) - Successfully registered JMX Bean with object name Ratis:service=RaftServer,group=group-523986131536,id=omNode-3
2021-08-24 17:29:06,093 [Listener at 127.0.0.1/13276] INFO  server.RaftServer (RaftServerProxy.java:lambda$start$5(374)) - omNode-3: start RPC server
2021-08-24 17:29:06,094 [6297aa79-c9f3-4b67-b89c-6a3b1390e4ad@group-1B6E99BAECED-FollowerState] INFO  impl.FollowerState (FollowerState.java:run(134)) - 6297aa79-c9f3-4b67-b89c-6a3b1390e4ad@group-1B6E99BAECED-FollowerState: change to CANDIDATE, lastRpcElapsedTime:5171617569ns, electionTimeout:5156ms
2021-08-24 17:29:06,094 [6297aa79-c9f3-4b67-b89c-6a3b1390e4ad@group-1B6E99BAECED-FollowerState] INFO  impl.RoleInfo (RoleInfo.java:shutdownFollowerState(108)) - 6297aa79-c9f3-4b67-b89c-6a3b1390e4ad: shutdown 6297aa79-c9f3-4b67-b89c-6a3b1390e4ad@group-1B6E99BAECED-FollowerState
2021-08-24 17:29:06,094 [6297aa79-c9f3-4b67-b89c-6a3b1390e4ad@group-1B6E99BAECED-FollowerState] INFO  server.RaftServer$Division (RaftServerImpl.java:setRole(285)) - 6297aa79-c9f3-4b67-b89c-6a3b1390e4ad@group-1B6E99BAECED: changes role from  FOLLOWER to CANDIDATE at term 0 for changeToCandidate
2021-08-24 17:29:06,094 [6297aa79-c9f3-4b67-b89c-6a3b1390e4ad@group-1B6E99BAECED-FollowerState] INFO  server.RaftServerConfigKeys (ConfUtils.java:logGet(44)) - raft.server.leaderelection.pre-vote = false (custom)
2021-08-24 17:29:06,094 [6297aa79-c9f3-4b67-b89c-6a3b1390e4ad@group-1B6E99BAECED-FollowerState] INFO  impl.RoleInfo (RoleInfo.java:updateAndGet(130)) - 6297aa79-c9f3-4b67-b89c-6a3b1390e4ad: start 6297aa79-c9f3-4b67-b89c-6a3b1390e4ad@group-1B6E99BAECED-LeaderElection20
2021-08-24 17:29:06,095 [Listener at 127.0.0.1/13276] INFO  server.GrpcService (GrpcService.java:startImpl(253)) - omNode-3: GrpcService started, listening on 13280
2021-08-24 17:29:06,110 [Listener at 127.0.0.1/13276] INFO  om.OzoneManager (OzoneManager.java:start(1288)) - Version File has different layout version (0) than OM DB (null). That is expected if this OM has never been finalized to a newer layout version.
2021-08-24 17:29:06,110 [org.apache.ratis.util.JvmPauseMonitor$$Lambda$596/1246764203@408a0df] INFO  util.JvmPauseMonitor (JvmPauseMonitor.java:run(103)) - JvmPauseMonitor-omNode-3: Started
2021-08-24 17:29:06,122 [Listener at 127.0.0.1/13276] INFO  http.BaseHttpServer (BaseHttpServer.java:newHttpServer2BuilderForOzone(209)) - Starting Web-server for ozoneManager at: http://0.0.0.0:13278
2021-08-24 17:29:06,122 [Listener at 127.0.0.1/13276] INFO  http.BaseHttpServer (BaseHttpServer.java:<init>(107)) - Hadoop Security Enabled: false Ozone Security Enabled: false Ozone HTTP Security Enabled: false 
2021-08-24 17:29:06,124 [Listener at 127.0.0.1/13276] INFO  server.AuthenticationFilter (AuthenticationFilter.java:constructSecretProvider(240)) - Unable to initialize FileSignerSecretProvider, falling back to use random secrets.
2021-08-24 17:29:06,127 [6297aa79-c9f3-4b67-b89c-6a3b1390e4ad@group-1B6E99BAECED-LeaderElection20] INFO  impl.LeaderElection (LeaderElection.java:askForVotes(306)) - 6297aa79-c9f3-4b67-b89c-6a3b1390e4ad@group-1B6E99BAECED-LeaderElection20 ELECTION round 0: submit vote requests at term 1 for -1: [6297aa79-c9f3-4b67-b89c-6a3b1390e4ad|rpc:10.1.0.28:45341|priority:1], old=null
2021-08-24 17:29:06,127 [6297aa79-c9f3-4b67-b89c-6a3b1390e4ad@group-1B6E99BAECED-LeaderElection20] INFO  impl.LeaderElection (LeaderElection.java:askForVotes(308)) - 6297aa79-c9f3-4b67-b89c-6a3b1390e4ad@group-1B6E99BAECED-LeaderElection20 ELECTION round 0: result PASSED (term=1)
2021-08-24 17:29:06,127 [6297aa79-c9f3-4b67-b89c-6a3b1390e4ad@group-1B6E99BAECED-LeaderElection20] INFO  impl.RoleInfo (RoleInfo.java:shutdownLeaderElection(121)) - 6297aa79-c9f3-4b67-b89c-6a3b1390e4ad: shutdown 6297aa79-c9f3-4b67-b89c-6a3b1390e4ad@group-1B6E99BAECED-LeaderElection20
2021-08-24 17:29:06,127 [6297aa79-c9f3-4b67-b89c-6a3b1390e4ad@group-1B6E99BAECED-LeaderElection20] INFO  server.RaftServer$Division (RaftServerImpl.java:setRole(285)) - 6297aa79-c9f3-4b67-b89c-6a3b1390e4ad@group-1B6E99BAECED: changes role from CANDIDATE to LEADER at term 1 for changeToLeader
2021-08-24 17:29:06,127 [6297aa79-c9f3-4b67-b89c-6a3b1390e4ad@group-1B6E99BAECED-LeaderElection20] INFO  ratis.XceiverServerRatis (XceiverServerRatis.java:handleLeaderChangedNotification(861)) - Leader change notification received for group: group-1B6E99BAECED with new leaderId: 6297aa79-c9f3-4b67-b89c-6a3b1390e4ad
2021-08-24 17:29:06,134 [Listener at 127.0.0.1/13276] WARN  http.HttpRequestLog (HttpRequestLog.java:getRequestLog(103)) - Jetty request log can only be enabled using Log4j
2021-08-24 17:29:06,134 [Datanode State Machine Thread - 0] WARN  statemachine.StateContext (StateContext.java:execute(621)) - No available thread in pool for past 1 seconds.
2021-08-24 17:29:06,134 [6297aa79-c9f3-4b67-b89c-6a3b1390e4ad@group-1B6E99BAECED-LeaderElection20] INFO  server.RaftServer$Division (ServerState.java:setLeader(285)) - 6297aa79-c9f3-4b67-b89c-6a3b1390e4ad@group-1B6E99BAECED: change Leader from null to 6297aa79-c9f3-4b67-b89c-6a3b1390e4ad at term 1 for becomeLeader, leader elected after 5222ms
2021-08-24 17:29:06,135 [6297aa79-c9f3-4b67-b89c-6a3b1390e4ad@group-1B6E99BAECED-LeaderElection20] INFO  server.RaftServerConfigKeys (ConfUtils.java:logGet(44)) - raft.server.staging.catchup.gap = 1000 (default)
2021-08-24 17:29:06,135 [6297aa79-c9f3-4b67-b89c-6a3b1390e4ad@group-1B6E99BAECED-LeaderElection20] INFO  server.RaftServerConfigKeys (ConfUtils.java:logGet(44)) - raft.server.write.element-limit = 1024 (custom)
2021-08-24 17:29:06,135 [6297aa79-c9f3-4b67-b89c-6a3b1390e4ad@group-1B6E99BAECED-LeaderElection20] INFO  server.RaftServerConfigKeys (ConfUtils.java:logGet(44)) - raft.server.write.byte-limit = 1024 M (=1073741824) (custom)
2021-08-24 17:29:06,135 [6297aa79-c9f3-4b67-b89c-6a3b1390e4ad@group-1B6E99BAECED-LeaderElection20] INFO  server.RaftServerConfigKeys (ConfUtils.java:logGet(44)) - raft.server.watch.timeout = 180s (custom)
2021-08-24 17:29:06,135 [6297aa79-c9f3-4b67-b89c-6a3b1390e4ad@group-1B6E99BAECED-LeaderElection20] INFO  server.RaftServerConfigKeys (ConfUtils.java:logGet(44)) - raft.server.watch.timeout.denomination = 1s (default)
2021-08-24 17:29:06,135 [6297aa79-c9f3-4b67-b89c-6a3b1390e4ad@group-1B6E99BAECED-LeaderElection20] INFO  server.RaftServerConfigKeys (ConfUtils.java:logGet(44)) - raft.server.watch.element-limit = 65536 (default)
2021-08-24 17:29:06,135 [6297aa79-c9f3-4b67-b89c-6a3b1390e4ad@group-1B6E99BAECED-LeaderElection20] INFO  impl.RoleInfo (RoleInfo.java:updateAndGet(130)) - 6297aa79-c9f3-4b67-b89c-6a3b1390e4ad: start 6297aa79-c9f3-4b67-b89c-6a3b1390e4ad@group-1B6E99BAECED-LeaderStateImpl
2021-08-24 17:29:06,136 [6297aa79-c9f3-4b67-b89c-6a3b1390e4ad@group-1B6E99BAECED-LeaderElection20] INFO  segmented.SegmentedRaftLogWorker (SegmentedRaftLogWorker.java:startLogSegment(394)) - 6297aa79-c9f3-4b67-b89c-6a3b1390e4ad@group-1B6E99BAECED-SegmentedRaftLogWorker: Starting segment from index:0
2021-08-24 17:29:06,135 [Listener at 127.0.0.1/13276] INFO  http.HttpServer2 (HttpServer2.java:addGlobalFilter(1030)) - Added global filter 'safety' (class=org.apache.hadoop.hdds.server.http.HttpServer2$QuotingInputFilter)
2021-08-24 17:29:06,138 [Listener at 127.0.0.1/13276] INFO  http.HttpServer2 (HttpServer2.java:addFilter(1006)) - Added filter static_user_filter (class=org.apache.hadoop.http.lib.StaticUserWebFilter$StaticUserFilter) to context ozoneManager
2021-08-24 17:29:06,138 [Listener at 127.0.0.1/13276] INFO  http.HttpServer2 (HttpServer2.java:addFilter(1014)) - Added filter static_user_filter (class=org.apache.hadoop.http.lib.StaticUserWebFilter$StaticUserFilter) to context static
2021-08-24 17:29:06,138 [Listener at 127.0.0.1/13276] INFO  http.HttpServer2 (HttpServer2.java:addFilter(1014)) - Added filter static_user_filter (class=org.apache.hadoop.http.lib.StaticUserWebFilter$StaticUserFilter) to context logs
2021-08-24 17:29:06,138 [6297aa79-c9f3-4b67-b89c-6a3b1390e4ad@group-1B6E99BAECED-SegmentedRaftLogWorker] INFO  segmented.SegmentedRaftLogWorker (SegmentedRaftLogWorker.java:execute(601)) - 6297aa79-c9f3-4b67-b89c-6a3b1390e4ad@group-1B6E99BAECED-SegmentedRaftLogWorker: created new log segment /home/runner/work/ozone/ozone/hadoop-ozone/integration-test/target/test-dir/MiniOzoneClusterImpl-013421b4-bdfc-48e1-b28d-0fb3f9f00c6e/datanode-2/data/ratis/e0a3254b-148e-4114-9d63-1b6e99baeced/current/log_inprogress_0
2021-08-24 17:29:06,138 [Listener at 127.0.0.1/13276] INFO  http.HttpServer2 (HttpServer2.java:bindListener(1249)) - Jetty bound to port 13278
2021-08-24 17:29:06,139 [Listener at 127.0.0.1/13276] INFO  server.Server (Server.java:doStart(375)) - jetty-9.4.43.v20210629; built: 2021-06-30T11:07:22.254Z; git: 526006ecfa3af7f1a27ef3a288e2bef7ea9dd7e8; jvm 1.8.0_292-b10
2021-08-24 17:29:06,144 [6297aa79-c9f3-4b67-b89c-6a3b1390e4ad@group-1B6E99BAECED-LeaderElection20] INFO  server.RaftServer$Division (ServerState.java:setRaftConf(387)) - 6297aa79-c9f3-4b67-b89c-6a3b1390e4ad@group-1B6E99BAECED: set configuration 0: [6297aa79-c9f3-4b67-b89c-6a3b1390e4ad|rpc:10.1.0.28:45341|dataStream:|priority:1], old=null
2021-08-24 17:29:06,163 [EndpointStateMachine task thread for /0.0.0.0:35951 - 0 ] INFO  ipc.Client (Client.java:handleConnectionFailure(977)) - Retrying connect to server: 0.0.0.0/0.0.0.0:35951. Already tried 1 time(s); retry policy is RetryUpToMaximumCountWithFixedSleep(maxRetries=15, sleepTime=1000 MILLISECONDS)
2021-08-24 17:29:06,203 [Listener at 127.0.0.1/13276] INFO  server.session (DefaultSessionIdManager.java:doStart(334)) - DefaultSessionIdManager workerName=node0
2021-08-24 17:29:06,204 [Listener at 127.0.0.1/13276] INFO  server.session (DefaultSessionIdManager.java:doStart(339)) - No SessionScavenger set, using defaults
2021-08-24 17:29:06,204 [Listener at 127.0.0.1/13276] INFO  server.session (HouseKeeper.java:startScavenging(132)) - node0 Scavenging every 660000ms
2021-08-24 17:29:06,214 [Listener at 127.0.0.1/13276] INFO  handler.ContextHandler (ContextHandler.java:doStart(915)) - Started o.e.j.s.ServletContextHandler@16c87aa2{logs,/logs,file:///home/runner/work/ozone/ozone/hadoop-ozone/integration-test/target/log,AVAILABLE}
2021-08-24 17:29:06,214 [Listener at 127.0.0.1/13276] INFO  handler.ContextHandler (ContextHandler.java:doStart(915)) - Started o.e.j.s.ServletContextHandler@2d2ece26{static,/static,file:///home/runner/work/ozone/ozone/hadoop-ozone/integration-test/target/test-classes/webapps/static,AVAILABLE}
2021-08-24 17:29:06,228 [Listener at 127.0.0.1/13276] INFO  handler.ContextHandler (ContextHandler.java:doStart(915)) - Started o.e.j.w.WebAppContext@ff192b8{ozoneManager,/,file:///home/runner/work/ozone/ozone/hadoop-ozone/integration-test/target/test-classes/webapps/ozoneManager/,AVAILABLE}{file:/home/runner/work/ozone/ozone/hadoop-ozone/integration-test/target/test-classes/webapps/ozoneManager}
2021-08-24 17:29:06,238 [Listener at 127.0.0.1/13276] INFO  server.AbstractConnector (AbstractConnector.java:doStart(331)) - Started ServerConnector@7b1d1c75{HTTP/1.1, (http/1.1)}{0.0.0.0:13278}
2021-08-24 17:29:06,238 [Listener at 127.0.0.1/13276] INFO  server.Server (Server.java:doStart(415)) - Started @63757ms
2021-08-24 17:29:06,238 [Listener at 127.0.0.1/13276] WARN  impl.MetricsSystemImpl (MetricsSystemImpl.java:register(279)) - Sink prometheus already exists!
2021-08-24 17:29:06,240 [Listener at 127.0.0.1/13276] INFO  http.BaseHttpServer (BaseHttpServer.java:updateConnectorAddress(329)) - HTTP server of ozoneManager listening at http://0.0.0.0:13278
2021-08-24 17:29:06,249 [IPC Server Responder] INFO  ipc.Server (Server.java:run(1507)) - IPC Server Responder: starting
2021-08-24 17:29:06,249 [IPC Server listener on 13276] INFO  ipc.Server (Server.java:run(1344)) - IPC Server listener on 13276: starting
2021-08-24 17:29:06,252 [Listener at 127.0.0.1/13276] INFO  om.OzoneManager (OzoneManager.java:startTrashEmptier(1531)) - Trash Interval set to 0. Files deleted will not move to trash
2021-08-24 17:29:06,253 [org.apache.hadoop.util.JvmPauseMonitor$Monitor@56f919b9] INFO  util.JvmPauseMonitor (JvmPauseMonitor.java:run(188)) - Starting JVM pause monitor
2021-08-24 17:29:06,284 [IPC Server handler 0 on default port 32867] INFO  pipeline.PipelineStateManager (PipelineStateManagerV2Impl.java:addPipeline(101)) - Created pipeline Pipeline[ Id: c2230449-4020-42c6-a3d5-477144fbac45, Nodes: 6297aa79-c9f3-4b67-b89c-6a3b1390e4ad{ip: 10.1.0.28, host: fv-az297-489.nmf1rxwemy4u5di1sxxf4ejcwb.jx.internal.cloudapp.net, ports: [REPLICATION=43189, RATIS=45341, RATIS_ADMIN=45341, RATIS_SERVER=45341, STANDALONE=43485], networkLocation: /default-rack, certSerialId: null, persistedOpState: IN_SERVICE, persistedOpStateExpiryEpochSec: 0}, ReplicationConfig: STANDALONE/ONE, State:OPEN, leaderId:, CreationTimestamp2021-08-24T17:29:06.278Z[Etc/UTC]].
2021-08-24 17:29:06,287 [IPC Server handler 0 on default port 32867] INFO  ha.SequenceIdGenerator (SequenceIdGenerator.java:getNextId(127)) - Allocate a batch for containerId, change lastId from 0 to 1000.
2021-08-24 17:29:06,287 [IPC Server handler 0 on default port 32867] WARN  ha.SequenceIdGenerator (SequenceIdGenerator.java:allocateBatch(234)) - Failed to allocate a batch for localId, expected lastId is 0, actual lastId is 107544261427200000.
2021-08-24 17:29:06,287 [IPC Server handler 0 on default port 32867] INFO  ha.SequenceIdGenerator (SequenceIdGenerator.java:getNextId(127)) - Allocate a batch for localId, change lastId from 107544261427200000 to 107544261427201000.
2021-08-24 17:29:06,306 [grpc-default-executor-2] WARN  server.GrpcLogAppender (LogUtils.java:warn(122)) - omNode-1@group-523986131536->omNode-3-AppendLogResponseHandler: Failed appendEntries: org.apache.ratis.thirdparty.io.grpc.StatusRuntimeException: UNAVAILABLE: io exception
2021-08-24 17:29:06,310 [grpc-default-executor-2] WARN  server.GrpcLogAppender (GrpcLogAppender.java:resetClient(111)) - omNode-1@group-523986131536->omNode-3-GrpcLogAppender: Leader has not got in touch with Follower omNode-1@group-523986131536->omNode-3(c-1,m0,n6, attendVote=true, lastRpcSendTime=4, lastRpcResponseTime=15494) yet, just keep nextIndex unchanged and retry.
2021-08-24 17:29:06,328 [grpc-default-executor-2] INFO  server.RaftServer$Division (ServerState.java:setLeader(285)) - omNode-3@group-523986131536: change Leader from null to omNode-1 at term 1 for appendEntries, leader elected after 14402ms
2021-08-24 17:29:06,329 [grpc-default-executor-2] INFO  server.RaftServer$Division (RaftServerImpl.java:checkInconsistentAppendEntries(1319)) - omNode-3@group-523986131536: Failed appendEntries as previous log entry ((t:1, i:5)) is not found
2021-08-24 17:29:06,329 [grpc-default-executor-2] INFO  server.RaftServer$Division (RaftServerImpl.java:checkInconsistentAppendEntries(1285)) - omNode-3@group-523986131536: inconsistency entries. Reply:omNode-1<-omNode-3#9947818:FAIL-t0,INCONSISTENCY,nextIndex=0,followerCommit=-1
2021-08-24 17:29:06,329 [grpc-default-executor-2] INFO  leader.FollowerInfo (FollowerInfoImpl.java:lambda$new$0(46)) - omNode-1@group-523986131536->omNode-3: nextIndex: updateUnconditionally 7 -> 0
2021-08-24 17:29:06,330 [grpc-default-executor-2] INFO  server.RaftServer$Division (ServerState.java:setRaftConf(387)) - omNode-3@group-523986131536: set configuration 0: [omNode-3|rpc:localhost:13280|admin:|client:|dataStream:|priority:0, omNode-1|rpc:localhost:13268|admin:|client:|dataStream:|priority:0, omNode-2|rpc:localhost:13274|admin:|client:|dataStream:|priority:0], old=null
2021-08-24 17:29:06,330 [grpc-default-executor-2] INFO  segmented.SegmentedRaftLogWorker (SegmentedRaftLogWorker.java:startLogSegment(394)) - omNode-3@group-523986131536-SegmentedRaftLogWorker: Starting segment from index:0
2021-08-24 17:29:06,353 [omNode-3@group-523986131536-SegmentedRaftLogWorker] INFO  segmented.SegmentedRaftLogWorker (SegmentedRaftLogWorker.java:execute(601)) - omNode-3@group-523986131536-SegmentedRaftLogWorker: created new log segment /home/runner/work/ozone/ozone/hadoop-ozone/integration-test/target/test-dir/MiniOzoneClusterImpl-013421b4-bdfc-48e1-b28d-0fb3f9f00c6e/omNode-3/ratis/c9bc4cf4-3bc3-3c60-a66b-523986131536/current/log_inprogress_0
2021-08-24 17:29:06,369 [omNode-3@group-523986131536-StateMachineUpdater] INFO  ratis.OzoneManagerStateMachine (OzoneManagerStateMachine.java:notifyConfigurationChanged(188)) - Received Configuration change notification from Ratis. New Peer list:
[id: "omNode-3"
address: "localhost:13280"
, id: "omNode-1"
address: "localhost:13268"
, id: "omNode-2"
address: "localhost:13274"
]
2021-08-24 17:29:06,379 [OM StateMachine ApplyTransaction Thread - 0] INFO  volume.OMVolumeCreateRequest (OMVolumeCreateRequest.java:validateAndUpdateCache(195)) - created volume:volume29238 for user:user99491
2021-08-24 17:29:06,418 [Datanode State Machine Thread - 0] WARN  statemachine.StateContext (StateContext.java:execute(621)) - No available thread in pool for past 1 seconds.
2021-08-24 17:29:06,632 [Datanode State Machine Thread - 0] WARN  statemachine.StateContext (StateContext.java:execute(621)) - No available thread in pool for past 1 seconds.
2021-08-24 17:29:07,163 [EndpointStateMachine task thread for /0.0.0.0:35951 - 0 ] INFO  ipc.Client (Client.java:handleConnectionFailure(977)) - Retrying connect to server: 0.0.0.0/0.0.0.0:35951. Already tried 2 time(s); retry policy is RetryUpToMaximumCountWithFixedSleep(maxRetries=15, sleepTime=1000 MILLISECONDS)
2021-08-24 17:29:08,164 [EndpointStateMachine task thread for /0.0.0.0:35951 - 0 ] INFO  ipc.Client (Client.java:handleConnectionFailure(977)) - Retrying connect to server: 0.0.0.0/0.0.0.0:35951. Already tried 3 time(s); retry policy is RetryUpToMaximumCountWithFixedSleep(maxRetries=15, sleepTime=1000 MILLISECONDS)
2021-08-24 17:29:08,259 [omNode-1@group-523986131536-StateMachineUpdater] INFO  ratis.OzoneManagerStateMachine (OzoneManagerStateMachine.java:takeSnapshot(417)) - Current Snapshot Index (t:1, i:49)
2021-08-24 17:29:08,259 [omNode-1@group-523986131536-StateMachineUpdater] INFO  impl.StateMachineUpdater (StateMachineUpdater.java:takeSnapshot(281)) - omNode-1@group-523986131536-StateMachineUpdater: Took a snapshot at index 49
2021-08-24 17:29:08,259 [omNode-1@group-523986131536-StateMachineUpdater] INFO  impl.StateMachineUpdater (StateMachineUpdater.java:lambda$new$0(89)) - omNode-1@group-523986131536-StateMachineUpdater: snapshotIndex: updateIncreasingly -1 -> 49
2021-08-24 17:29:08,259 [omNode-1@group-523986131536-StateMachineUpdater] INFO  raftlog.RaftLog (RaftLogBase.java:purge(306)) - omNode-1@group-523986131536-SegmentedRaftLog: purge 49
2021-08-24 17:29:08,259 [omNode-1@group-523986131536-StateMachineUpdater] INFO  raftlog.RaftLog (RaftLogBase.java:lambda$new$0(53)) - omNode-1@group-523986131536-SegmentedRaftLog: snapshotIndex: updateIncreasingly -1 -> 49
2021-08-24 17:29:08,259 [omNode-1@group-523986131536-StateMachineUpdater] INFO  raftlog.RaftLog (RaftLogBase.java:lambda$new$0(53)) - omNode-1@group-523986131536-SegmentedRaftLog: purgeIndex: updateToMax old=-1, new=49, updated? true
2021-08-24 17:29:08,303 [omNode-2@group-523986131536-StateMachineUpdater] INFO  ratis.OzoneManagerStateMachine (OzoneManagerStateMachine.java:takeSnapshot(417)) - Current Snapshot Index (t:1, i:49)
2021-08-24 17:29:08,304 [omNode-2@group-523986131536-StateMachineUpdater] INFO  impl.StateMachineUpdater (StateMachineUpdater.java:takeSnapshot(281)) - omNode-2@group-523986131536-StateMachineUpdater: Took a snapshot at index 49
2021-08-24 17:29:08,304 [omNode-2@group-523986131536-StateMachineUpdater] INFO  impl.StateMachineUpdater (StateMachineUpdater.java:lambda$new$0(89)) - omNode-2@group-523986131536-StateMachineUpdater: snapshotIndex: updateIncreasingly -1 -> 49
2021-08-24 17:29:08,304 [omNode-2@group-523986131536-StateMachineUpdater] INFO  raftlog.RaftLog (RaftLogBase.java:purge(306)) - omNode-2@group-523986131536-SegmentedRaftLog: purge 49
2021-08-24 17:29:08,304 [omNode-2@group-523986131536-StateMachineUpdater] INFO  raftlog.RaftLog (RaftLogBase.java:lambda$new$0(53)) - omNode-2@group-523986131536-SegmentedRaftLog: snapshotIndex: updateIncreasingly -1 -> 49
2021-08-24 17:29:08,304 [omNode-2@group-523986131536-StateMachineUpdater] INFO  raftlog.RaftLog (RaftLogBase.java:lambda$new$0(53)) - omNode-2@group-523986131536-SegmentedRaftLog: purgeIndex: updateToMax old=-1, new=49, updated? true
2021-08-24 17:29:08,304 [omNode-3@group-523986131536-StateMachineUpdater] INFO  ratis.OzoneManagerStateMachine (OzoneManagerStateMachine.java:takeSnapshot(417)) - Current Snapshot Index (t:1, i:49)
2021-08-24 17:29:08,304 [omNode-3@group-523986131536-StateMachineUpdater] INFO  impl.StateMachineUpdater (StateMachineUpdater.java:takeSnapshot(281)) - omNode-3@group-523986131536-StateMachineUpdater: Took a snapshot at index 49
2021-08-24 17:29:08,304 [omNode-3@group-523986131536-StateMachineUpdater] INFO  impl.StateMachineUpdater (StateMachineUpdater.java:lambda$new$0(89)) - omNode-3@group-523986131536-StateMachineUpdater: snapshotIndex: updateIncreasingly -1 -> 49
2021-08-24 17:29:08,304 [omNode-3@group-523986131536-StateMachineUpdater] INFO  raftlog.RaftLog (RaftLogBase.java:purge(306)) - omNode-3@group-523986131536-SegmentedRaftLog: purge 49
2021-08-24 17:29:08,304 [omNode-3@group-523986131536-StateMachineUpdater] INFO  raftlog.RaftLog (RaftLogBase.java:lambda$new$0(53)) - omNode-3@group-523986131536-SegmentedRaftLog: snapshotIndex: updateIncreasingly -1 -> 49
2021-08-24 17:29:08,304 [omNode-3@group-523986131536-StateMachineUpdater] INFO  raftlog.RaftLog (RaftLogBase.java:lambda$new$0(53)) - omNode-3@group-523986131536-SegmentedRaftLog: purgeIndex: updateToMax old=-1, new=49, updated? true
2021-08-24 17:29:09,164 [EndpointStateMachine task thread for /0.0.0.0:35951 - 0 ] INFO  ipc.Client (Client.java:handleConnectionFailure(977)) - Retrying connect to server: 0.0.0.0/0.0.0.0:35951. Already tried 4 time(s); retry policy is RetryUpToMaximumCountWithFixedSleep(maxRetries=15, sleepTime=1000 MILLISECONDS)
2021-08-24 17:29:10,114 [e8d1986c-780f-4d33-a74d-27dc83e10bbb@group-A351CF2C3253-FollowerState] INFO  impl.FollowerState (FollowerState.java:run(134)) - e8d1986c-780f-4d33-a74d-27dc83e10bbb@group-A351CF2C3253-FollowerState: change to CANDIDATE, lastRpcElapsedTime:5110406752ns, electionTimeout:5104ms
2021-08-24 17:29:10,114 [e8d1986c-780f-4d33-a74d-27dc83e10bbb@group-A351CF2C3253-FollowerState] INFO  impl.RoleInfo (RoleInfo.java:shutdownFollowerState(108)) - e8d1986c-780f-4d33-a74d-27dc83e10bbb: shutdown e8d1986c-780f-4d33-a74d-27dc83e10bbb@group-A351CF2C3253-FollowerState
2021-08-24 17:29:10,114 [e8d1986c-780f-4d33-a74d-27dc83e10bbb@group-A351CF2C3253-FollowerState] INFO  server.RaftServer$Division (RaftServerImpl.java:setRole(285)) - e8d1986c-780f-4d33-a74d-27dc83e10bbb@group-A351CF2C3253: changes role from  FOLLOWER to CANDIDATE at term 1 for changeToCandidate
2021-08-24 17:29:10,114 [e8d1986c-780f-4d33-a74d-27dc83e10bbb@group-A351CF2C3253-FollowerState] INFO  server.RaftServerConfigKeys (ConfUtils.java:logGet(44)) - raft.server.leaderelection.pre-vote = false (custom)
2021-08-24 17:29:10,114 [e8d1986c-780f-4d33-a74d-27dc83e10bbb@group-A351CF2C3253-FollowerState] INFO  impl.RoleInfo (RoleInfo.java:updateAndGet(130)) - e8d1986c-780f-4d33-a74d-27dc83e10bbb: start e8d1986c-780f-4d33-a74d-27dc83e10bbb@group-A351CF2C3253-LeaderElection21
2021-08-24 17:29:10,125 [e8d1986c-780f-4d33-a74d-27dc83e10bbb@group-A351CF2C3253-LeaderElection21] INFO  impl.LeaderElection (LeaderElection.java:askForVotes(306)) - e8d1986c-780f-4d33-a74d-27dc83e10bbb@group-A351CF2C3253-LeaderElection21 ELECTION round 0: submit vote requests at term 2 for -1: [6297aa79-c9f3-4b67-b89c-6a3b1390e4ad|rpc:10.1.0.28:45341|dataStream:|priority:1, e8d1986c-780f-4d33-a74d-27dc83e10bbb|rpc:10.1.0.28:42563|dataStream:|priority:0, 09a15da1-6242-4e82-84e8-d6513e6d0a72|rpc:10.1.0.28:38023|dataStream:|priority:0], old=null
2021-08-24 17:29:10,127 [grpc-default-executor-0] INFO  server.RaftServer$Division (RaftServerImpl.java:requestVote(1043)) - 6297aa79-c9f3-4b67-b89c-6a3b1390e4ad@group-A351CF2C3253: receive requestVote(ELECTION, e8d1986c-780f-4d33-a74d-27dc83e10bbb, group-A351CF2C3253, 2, (t:0, i:0))
2021-08-24 17:29:10,127 [grpc-default-executor-0] INFO  impl.VoteContext (VoteContext.java:log(48)) - 6297aa79-c9f3-4b67-b89c-6a3b1390e4ad@group-A351CF2C3253-FOLLOWER: reject ELECTION from e8d1986c-780f-4d33-a74d-27dc83e10bbb: our priority 1 > candidate's priority 0
2021-08-24 17:29:10,127 [grpc-default-executor-0] INFO  server.RaftServer$Division (RaftServerImpl.java:setRole(285)) - 6297aa79-c9f3-4b67-b89c-6a3b1390e4ad@group-A351CF2C3253: changes role from  FOLLOWER to FOLLOWER at term 2 for candidate:e8d1986c-780f-4d33-a74d-27dc83e10bbb
2021-08-24 17:29:10,127 [grpc-default-executor-0] INFO  impl.RoleInfo (RoleInfo.java:shutdownFollowerState(108)) - 6297aa79-c9f3-4b67-b89c-6a3b1390e4ad: shutdown 6297aa79-c9f3-4b67-b89c-6a3b1390e4ad@group-A351CF2C3253-FollowerState
2021-08-24 17:29:10,127 [grpc-default-executor-0] INFO  impl.RoleInfo (RoleInfo.java:updateAndGet(130)) - 6297aa79-c9f3-4b67-b89c-6a3b1390e4ad: start 6297aa79-c9f3-4b67-b89c-6a3b1390e4ad@group-A351CF2C3253-FollowerState
2021-08-24 17:29:10,130 [6297aa79-c9f3-4b67-b89c-6a3b1390e4ad@group-A351CF2C3253-FollowerState] INFO  impl.FollowerState (FollowerState.java:run(143)) - 6297aa79-c9f3-4b67-b89c-6a3b1390e4ad@group-A351CF2C3253-FollowerState was interrupted: {}
java.lang.InterruptedException: sleep interrupted
	at java.lang.Thread.sleep(Native Method)
	at java.lang.Thread.sleep(Thread.java:340)
	at java.util.concurrent.TimeUnit.sleep(TimeUnit.java:386)
	at org.apache.ratis.util.TimeDuration.sleep(TimeDuration.java:324)
	at org.apache.ratis.util.TimeDuration.sleep(TimeDuration.java:309)
	at org.apache.ratis.server.impl.FollowerState.run(FollowerState.java:118)
2021-08-24 17:29:10,138 [grpc-default-executor-0] INFO  server.RaftServer$Division (RaftServerImpl.java:requestVote(1075)) - 6297aa79-c9f3-4b67-b89c-6a3b1390e4ad@group-A351CF2C3253 replies to ELECTION vote request: e8d1986c-780f-4d33-a74d-27dc83e10bbb<-6297aa79-c9f3-4b67-b89c-6a3b1390e4ad#0:FAIL-t2. Peer's state: 6297aa79-c9f3-4b67-b89c-6a3b1390e4ad@group-A351CF2C3253:t2, leader=null, voted=null, raftlog=6297aa79-c9f3-4b67-b89c-6a3b1390e4ad@group-A351CF2C3253-SegmentedRaftLog:OPENED:c-1,f-1,i0, conf=-1: [6297aa79-c9f3-4b67-b89c-6a3b1390e4ad|rpc:10.1.0.28:45341|dataStream:|priority:1, e8d1986c-780f-4d33-a74d-27dc83e10bbb|rpc:10.1.0.28:42563|dataStream:|priority:0, 09a15da1-6242-4e82-84e8-d6513e6d0a72|rpc:10.1.0.28:38023|dataStream:|priority:0], old=null
2021-08-24 17:29:10,136 [09a15da1-6242-4e82-84e8-d6513e6d0a72@group-A351CF2C3253-FollowerState] INFO  impl.FollowerState (FollowerState.java:run(134)) - 09a15da1-6242-4e82-84e8-d6513e6d0a72@group-A351CF2C3253-FollowerState: change to CANDIDATE, lastRpcElapsedTime:5177601770ns, electionTimeout:5177ms
2021-08-24 17:29:10,139 [09a15da1-6242-4e82-84e8-d6513e6d0a72@group-A351CF2C3253-FollowerState] INFO  impl.RoleInfo (RoleInfo.java:shutdownFollowerState(108)) - 09a15da1-6242-4e82-84e8-d6513e6d0a72: shutdown 09a15da1-6242-4e82-84e8-d6513e6d0a72@group-A351CF2C3253-FollowerState
2021-08-24 17:29:10,139 [09a15da1-6242-4e82-84e8-d6513e6d0a72@group-A351CF2C3253-FollowerState] INFO  server.RaftServer$Division (RaftServerImpl.java:setRole(285)) - 09a15da1-6242-4e82-84e8-d6513e6d0a72@group-A351CF2C3253: changes role from  FOLLOWER to CANDIDATE at term 1 for changeToCandidate
2021-08-24 17:29:10,139 [09a15da1-6242-4e82-84e8-d6513e6d0a72@group-A351CF2C3253-FollowerState] INFO  server.RaftServerConfigKeys (ConfUtils.java:logGet(44)) - raft.server.leaderelection.pre-vote = false (custom)
2021-08-24 17:29:10,139 [09a15da1-6242-4e82-84e8-d6513e6d0a72@group-A351CF2C3253-FollowerState] INFO  impl.RoleInfo (RoleInfo.java:updateAndGet(130)) - 09a15da1-6242-4e82-84e8-d6513e6d0a72: start 09a15da1-6242-4e82-84e8-d6513e6d0a72@group-A351CF2C3253-LeaderElection22
2021-08-24 17:29:10,150 [e8d1986c-780f-4d33-a74d-27dc83e10bbb@group-A351CF2C3253-LeaderElection21] INFO  impl.LeaderElection (LeaderElection.java:logAndReturn(89)) - e8d1986c-780f-4d33-a74d-27dc83e10bbb@group-A351CF2C3253-LeaderElection21: ELECTION REJECTED received 1 response(s) and 0 exception(s):
2021-08-24 17:29:10,182 [e8d1986c-780f-4d33-a74d-27dc83e10bbb@group-A351CF2C3253-LeaderElection21] INFO  impl.LeaderElection (LeaderElection.java:logAndReturn(93)) -   Response 0: e8d1986c-780f-4d33-a74d-27dc83e10bbb<-6297aa79-c9f3-4b67-b89c-6a3b1390e4ad#0:FAIL-t2
2021-08-24 17:29:10,183 [e8d1986c-780f-4d33-a74d-27dc83e10bbb@group-A351CF2C3253-LeaderElection21] INFO  impl.LeaderElection (LeaderElection.java:askForVotes(308)) - e8d1986c-780f-4d33-a74d-27dc83e10bbb@group-A351CF2C3253-LeaderElection21 ELECTION round 0: result REJECTED
2021-08-24 17:29:10,183 [e8d1986c-780f-4d33-a74d-27dc83e10bbb@group-A351CF2C3253-LeaderElection21] INFO  server.RaftServer$Division (RaftServerImpl.java:setRole(285)) - e8d1986c-780f-4d33-a74d-27dc83e10bbb@group-A351CF2C3253: changes role from CANDIDATE to FOLLOWER at term 2 for REJECTED
2021-08-24 17:29:10,183 [e8d1986c-780f-4d33-a74d-27dc83e10bbb@group-A351CF2C3253-LeaderElection21] INFO  impl.RoleInfo (RoleInfo.java:shutdownLeaderElection(121)) - e8d1986c-780f-4d33-a74d-27dc83e10bbb: shutdown e8d1986c-780f-4d33-a74d-27dc83e10bbb@group-A351CF2C3253-LeaderElection21
2021-08-24 17:29:10,183 [e8d1986c-780f-4d33-a74d-27dc83e10bbb@group-A351CF2C3253-LeaderElection21] INFO  impl.RoleInfo (RoleInfo.java:updateAndGet(130)) - e8d1986c-780f-4d33-a74d-27dc83e10bbb: start e8d1986c-780f-4d33-a74d-27dc83e10bbb@group-A351CF2C3253-FollowerState
2021-08-24 17:29:10,166 [09a15da1-6242-4e82-84e8-d6513e6d0a72@group-A351CF2C3253-LeaderElection22] INFO  impl.LeaderElection (LeaderElection.java:askForVotes(306)) - 09a15da1-6242-4e82-84e8-d6513e6d0a72@group-A351CF2C3253-LeaderElection22 ELECTION round 0: submit vote requests at term 2 for -1: [6297aa79-c9f3-4b67-b89c-6a3b1390e4ad|rpc:10.1.0.28:45341|priority:1, e8d1986c-780f-4d33-a74d-27dc83e10bbb|rpc:10.1.0.28:42563|priority:0, 09a15da1-6242-4e82-84e8-d6513e6d0a72|rpc:10.1.0.28:38023|priority:0], old=null
2021-08-24 17:29:10,165 [EndpointStateMachine task thread for /0.0.0.0:35951 - 0 ] INFO  ipc.Client (Client.java:handleConnectionFailure(977)) - Retrying connect to server: 0.0.0.0/0.0.0.0:35951. Already tried 5 time(s); retry policy is RetryUpToMaximumCountWithFixedSleep(maxRetries=15, sleepTime=1000 MILLISECONDS)
2021-08-24 17:29:10,151 [grpc-default-executor-2] INFO  server.RaftServer$Division (RaftServerImpl.java:requestVote(1043)) - 09a15da1-6242-4e82-84e8-d6513e6d0a72@group-A351CF2C3253: receive requestVote(ELECTION, e8d1986c-780f-4d33-a74d-27dc83e10bbb, group-A351CF2C3253, 2, (t:0, i:0))
2021-08-24 17:29:10,183 [grpc-default-executor-2] INFO  impl.VoteContext (VoteContext.java:log(48)) - 09a15da1-6242-4e82-84e8-d6513e6d0a72@group-A351CF2C3253-CANDIDATE: reject ELECTION from e8d1986c-780f-4d33-a74d-27dc83e10bbb: already has voted for 09a15da1-6242-4e82-84e8-d6513e6d0a72 at current term 2
2021-08-24 17:29:10,184 [grpc-default-executor-2] INFO  server.RaftServer$Division (RaftServerImpl.java:requestVote(1075)) - 09a15da1-6242-4e82-84e8-d6513e6d0a72@group-A351CF2C3253 replies to ELECTION vote request: e8d1986c-780f-4d33-a74d-27dc83e10bbb<-09a15da1-6242-4e82-84e8-d6513e6d0a72#0:FAIL-t2. Peer's state: 09a15da1-6242-4e82-84e8-d6513e6d0a72@group-A351CF2C3253:t2, leader=null, voted=09a15da1-6242-4e82-84e8-d6513e6d0a72, raftlog=09a15da1-6242-4e82-84e8-d6513e6d0a72@group-A351CF2C3253-SegmentedRaftLog:OPENED:c-1,f-1,i0, conf=-1: [6297aa79-c9f3-4b67-b89c-6a3b1390e4ad|rpc:10.1.0.28:45341|priority:1, e8d1986c-780f-4d33-a74d-27dc83e10bbb|rpc:10.1.0.28:42563|priority:0, 09a15da1-6242-4e82-84e8-d6513e6d0a72|rpc:10.1.0.28:38023|priority:0], old=null
2021-08-24 17:29:10,247 [grpc-default-executor-0] INFO  server.RaftServer$Division (RaftServerImpl.java:requestVote(1043)) - 6297aa79-c9f3-4b67-b89c-6a3b1390e4ad@group-A351CF2C3253: receive requestVote(ELECTION, 09a15da1-6242-4e82-84e8-d6513e6d0a72, group-A351CF2C3253, 2, (t:0, i:0))
2021-08-24 17:29:10,247 [grpc-default-executor-0] INFO  impl.VoteContext (VoteContext.java:log(48)) - 6297aa79-c9f3-4b67-b89c-6a3b1390e4ad@group-A351CF2C3253-FOLLOWER: reject ELECTION from 09a15da1-6242-4e82-84e8-d6513e6d0a72: our priority 1 > candidate's priority 0
2021-08-24 17:29:10,247 [grpc-default-executor-0] INFO  server.RaftServer$Division (RaftServerImpl.java:setRole(285)) - 6297aa79-c9f3-4b67-b89c-6a3b1390e4ad@group-A351CF2C3253: changes role from  FOLLOWER to FOLLOWER at term 2 for candidate:09a15da1-6242-4e82-84e8-d6513e6d0a72
2021-08-24 17:29:10,247 [grpc-default-executor-0] INFO  impl.RoleInfo (RoleInfo.java:shutdownFollowerState(108)) - 6297aa79-c9f3-4b67-b89c-6a3b1390e4ad: shutdown 6297aa79-c9f3-4b67-b89c-6a3b1390e4ad@group-A351CF2C3253-FollowerState
2021-08-24 17:29:10,258 [grpc-default-executor-0] INFO  impl.RoleInfo (RoleInfo.java:updateAndGet(130)) - 6297aa79-c9f3-4b67-b89c-6a3b1390e4ad: start 6297aa79-c9f3-4b67-b89c-6a3b1390e4ad@group-A351CF2C3253-FollowerState
2021-08-24 17:29:10,258 [6297aa79-c9f3-4b67-b89c-6a3b1390e4ad@group-A351CF2C3253-FollowerState] INFO  impl.FollowerState (FollowerState.java:run(143)) - 6297aa79-c9f3-4b67-b89c-6a3b1390e4ad@group-A351CF2C3253-FollowerState was interrupted: {}
java.lang.InterruptedException: sleep interrupted
	at java.lang.Thread.sleep(Native Method)
	at java.lang.Thread.sleep(Thread.java:340)
	at java.util.concurrent.TimeUnit.sleep(TimeUnit.java:386)
	at org.apache.ratis.util.TimeDuration.sleep(TimeDuration.java:324)
	at org.apache.ratis.util.TimeDuration.sleep(TimeDuration.java:309)
	at org.apache.ratis.server.impl.FollowerState.run(FollowerState.java:118)
2021-08-24 17:29:10,266 [grpc-default-executor-0] INFO  server.RaftServer$Division (RaftServerImpl.java:requestVote(1075)) - 6297aa79-c9f3-4b67-b89c-6a3b1390e4ad@group-A351CF2C3253 replies to ELECTION vote request: 09a15da1-6242-4e82-84e8-d6513e6d0a72<-6297aa79-c9f3-4b67-b89c-6a3b1390e4ad#0:FAIL-t2. Peer's state: 6297aa79-c9f3-4b67-b89c-6a3b1390e4ad@group-A351CF2C3253:t2, leader=null, voted=null, raftlog=6297aa79-c9f3-4b67-b89c-6a3b1390e4ad@group-A351CF2C3253-SegmentedRaftLog:OPENED:c-1,f-1,i0, conf=-1: [6297aa79-c9f3-4b67-b89c-6a3b1390e4ad|rpc:10.1.0.28:45341|dataStream:|priority:1, e8d1986c-780f-4d33-a74d-27dc83e10bbb|rpc:10.1.0.28:42563|dataStream:|priority:0, 09a15da1-6242-4e82-84e8-d6513e6d0a72|rpc:10.1.0.28:38023|dataStream:|priority:0], old=null
2021-08-24 17:29:10,259 [grpc-default-executor-1] INFO  server.RaftServer$Division (RaftServerImpl.java:requestVote(1043)) - e8d1986c-780f-4d33-a74d-27dc83e10bbb@group-A351CF2C3253: receive requestVote(ELECTION, 09a15da1-6242-4e82-84e8-d6513e6d0a72, group-A351CF2C3253, 2, (t:0, i:0))
2021-08-24 17:29:10,273 [grpc-default-executor-1] INFO  impl.VoteContext (VoteContext.java:log(48)) - e8d1986c-780f-4d33-a74d-27dc83e10bbb@group-A351CF2C3253-FOLLOWER: reject ELECTION from 09a15da1-6242-4e82-84e8-d6513e6d0a72: already has voted for e8d1986c-780f-4d33-a74d-27dc83e10bbb at current term 2
2021-08-24 17:29:10,274 [grpc-default-executor-1] INFO  server.RaftServer$Division (RaftServerImpl.java:requestVote(1075)) - e8d1986c-780f-4d33-a74d-27dc83e10bbb@group-A351CF2C3253 replies to ELECTION vote request: 09a15da1-6242-4e82-84e8-d6513e6d0a72<-e8d1986c-780f-4d33-a74d-27dc83e10bbb#0:FAIL-t2. Peer's state: e8d1986c-780f-4d33-a74d-27dc83e10bbb@group-A351CF2C3253:t2, leader=null, voted=e8d1986c-780f-4d33-a74d-27dc83e10bbb, raftlog=e8d1986c-780f-4d33-a74d-27dc83e10bbb@group-A351CF2C3253-SegmentedRaftLog:OPENED:c-1,f-1,i0, conf=-1: [6297aa79-c9f3-4b67-b89c-6a3b1390e4ad|rpc:10.1.0.28:45341|dataStream:|priority:1, e8d1986c-780f-4d33-a74d-27dc83e10bbb|rpc:10.1.0.28:42563|dataStream:|priority:0, 09a15da1-6242-4e82-84e8-d6513e6d0a72|rpc:10.1.0.28:38023|dataStream:|priority:0], old=null
2021-08-24 17:29:10,275 [09a15da1-6242-4e82-84e8-d6513e6d0a72@group-A351CF2C3253-LeaderElection22] INFO  impl.LeaderElection (LeaderElection.java:logAndReturn(89)) - 09a15da1-6242-4e82-84e8-d6513e6d0a72@group-A351CF2C3253-LeaderElection22: ELECTION REJECTED received 1 response(s) and 0 exception(s):
2021-08-24 17:29:10,283 [omNode-1@group-523986131536-StateMachineUpdater] INFO  ratis.OzoneManagerStateMachine (OzoneManagerStateMachine.java:takeSnapshot(417)) - Current Snapshot Index (t:1, i:99)
2021-08-24 17:29:10,286 [09a15da1-6242-4e82-84e8-d6513e6d0a72@group-A351CF2C3253-LeaderElection22] INFO  impl.LeaderElection (LeaderElection.java:logAndReturn(93)) -   Response 0: 09a15da1-6242-4e82-84e8-d6513e6d0a72<-6297aa79-c9f3-4b67-b89c-6a3b1390e4ad#0:FAIL-t2
2021-08-24 17:29:10,287 [omNode-1@group-523986131536-StateMachineUpdater] INFO  impl.StateMachineUpdater (StateMachineUpdater.java:takeSnapshot(281)) - omNode-1@group-523986131536-StateMachineUpdater: Took a snapshot at index 99
2021-08-24 17:29:10,287 [omNode-1@group-523986131536-StateMachineUpdater] INFO  impl.StateMachineUpdater (StateMachineUpdater.java:lambda$new$0(89)) - omNode-1@group-523986131536-StateMachineUpdater: snapshotIndex: updateIncreasingly 49 -> 99
2021-08-24 17:29:10,287 [omNode-1@group-523986131536-StateMachineUpdater] INFO  raftlog.RaftLog (RaftLogBase.java:purge(306)) - omNode-1@group-523986131536-SegmentedRaftLog: purge 99
2021-08-24 17:29:10,287 [09a15da1-6242-4e82-84e8-d6513e6d0a72@group-A351CF2C3253-LeaderElection22] INFO  impl.LeaderElection (LeaderElection.java:askForVotes(308)) - 09a15da1-6242-4e82-84e8-d6513e6d0a72@group-A351CF2C3253-LeaderElection22 ELECTION round 0: result REJECTED
2021-08-24 17:29:10,287 [09a15da1-6242-4e82-84e8-d6513e6d0a72@group-A351CF2C3253-LeaderElection22] INFO  server.RaftServer$Division (RaftServerImpl.java:setRole(285)) - 09a15da1-6242-4e82-84e8-d6513e6d0a72@group-A351CF2C3253: changes role from CANDIDATE to FOLLOWER at term 2 for REJECTED
2021-08-24 17:29:10,287 [omNode-1@group-523986131536-StateMachineUpdater] INFO  raftlog.RaftLog (RaftLogBase.java:lambda$new$0(53)) - omNode-1@group-523986131536-SegmentedRaftLog: snapshotIndex: updateIncreasingly 49 -> 99
2021-08-24 17:29:10,287 [omNode-1@group-523986131536-StateMachineUpdater] INFO  raftlog.RaftLog (RaftLogBase.java:lambda$new$0(53)) - omNode-1@group-523986131536-SegmentedRaftLog: purgeIndex: updateToMax old=49, new=99, updated? true
2021-08-24 17:29:10,287 [09a15da1-6242-4e82-84e8-d6513e6d0a72@group-A351CF2C3253-LeaderElection22] INFO  impl.RoleInfo (RoleInfo.java:shutdownLeaderElection(121)) - 09a15da1-6242-4e82-84e8-d6513e6d0a72: shutdown 09a15da1-6242-4e82-84e8-d6513e6d0a72@group-A351CF2C3253-LeaderElection22
2021-08-24 17:29:10,287 [09a15da1-6242-4e82-84e8-d6513e6d0a72@group-A351CF2C3253-LeaderElection22] INFO  impl.RoleInfo (RoleInfo.java:updateAndGet(130)) - 09a15da1-6242-4e82-84e8-d6513e6d0a72: start 09a15da1-6242-4e82-84e8-d6513e6d0a72@group-A351CF2C3253-FollowerState
2021-08-24 17:29:10,301 [omNode-2@group-523986131536-StateMachineUpdater] INFO  ratis.OzoneManagerStateMachine (OzoneManagerStateMachine.java:takeSnapshot(417)) - Current Snapshot Index (t:1, i:99)
2021-08-24 17:29:10,301 [omNode-2@group-523986131536-StateMachineUpdater] INFO  impl.StateMachineUpdater (StateMachineUpdater.java:takeSnapshot(281)) - omNode-2@group-523986131536-StateMachineUpdater: Took a snapshot at index 99
2021-08-24 17:29:10,301 [omNode-2@group-523986131536-StateMachineUpdater] INFO  impl.StateMachineUpdater (StateMachineUpdater.java:lambda$new$0(89)) - omNode-2@group-523986131536-StateMachineUpdater: snapshotIndex: updateIncreasingly 49 -> 99
2021-08-24 17:29:10,301 [omNode-2@group-523986131536-StateMachineUpdater] INFO  raftlog.RaftLog (RaftLogBase.java:purge(306)) - omNode-2@group-523986131536-SegmentedRaftLog: purge 99
2021-08-24 17:29:10,301 [omNode-2@group-523986131536-StateMachineUpdater] INFO  raftlog.RaftLog (RaftLogBase.java:lambda$new$0(53)) - omNode-2@group-523986131536-SegmentedRaftLog: snapshotIndex: updateIncreasingly 49 -> 99
2021-08-24 17:29:10,301 [omNode-2@group-523986131536-StateMachineUpdater] INFO  raftlog.RaftLog (RaftLogBase.java:lambda$new$0(53)) - omNode-2@group-523986131536-SegmentedRaftLog: purgeIndex: updateToMax old=49, new=99, updated? true
2021-08-24 17:29:10,308 [omNode-3@group-523986131536-StateMachineUpdater] INFO  ratis.OzoneManagerStateMachine (OzoneManagerStateMachine.java:takeSnapshot(417)) - Current Snapshot Index (t:1, i:99)
2021-08-24 17:29:10,308 [omNode-3@group-523986131536-StateMachineUpdater] INFO  impl.StateMachineUpdater (StateMachineUpdater.java:takeSnapshot(281)) - omNode-3@group-523986131536-StateMachineUpdater: Took a snapshot at index 99
2021-08-24 17:29:10,308 [omNode-3@group-523986131536-StateMachineUpdater] INFO  impl.StateMachineUpdater (StateMachineUpdater.java:lambda$new$0(89)) - omNode-3@group-523986131536-StateMachineUpdater: snapshotIndex: updateIncreasingly 49 -> 99
2021-08-24 17:29:10,308 [omNode-3@group-523986131536-StateMachineUpdater] INFO  raftlog.RaftLog (RaftLogBase.java:purge(306)) - omNode-3@group-523986131536-SegmentedRaftLog: purge 99
2021-08-24 17:29:10,308 [omNode-3@group-523986131536-StateMachineUpdater] INFO  raftlog.RaftLog (RaftLogBase.java:lambda$new$0(53)) - omNode-3@group-523986131536-SegmentedRaftLog: snapshotIndex: updateIncreasingly 49 -> 99
2021-08-24 17:29:10,308 [omNode-3@group-523986131536-StateMachineUpdater] INFO  raftlog.RaftLog (RaftLogBase.java:lambda$new$0(53)) - omNode-3@group-523986131536-SegmentedRaftLog: purgeIndex: updateToMax old=49, new=99, updated? true
2021-08-24 17:29:10,576 [Listener at 127.0.0.1/13276] INFO  db.RDBCheckpointManager (RDBCheckpointManager.java:createCheckpoint(86)) - Created checkpoint at /home/runner/work/ozone/ozone/hadoop-ozone/integration-test/target/test-dir/MiniOzoneClusterImpl-013421b4-bdfc-48e1-b28d-0fb3f9f00c6e/omNode-1/db.checkpoints/om.db_checkpoint_1629826150533 in 43 milliseconds
2021-08-24 17:29:11,183 [EndpointStateMachine task thread for /0.0.0.0:35951 - 0 ] INFO  ipc.Client (Client.java:handleConnectionFailure(977)) - Retrying connect to server: 0.0.0.0/0.0.0.0:35951. Already tried 6 time(s); retry policy is RetryUpToMaximumCountWithFixedSleep(maxRetries=15, sleepTime=1000 MILLISECONDS)
2021-08-24 17:29:12,184 [EndpointStateMachine task thread for /0.0.0.0:35951 - 0 ] INFO  ipc.Client (Client.java:handleConnectionFailure(977)) - Retrying connect to server: 0.0.0.0/0.0.0.0:35951. Already tried 7 time(s); retry policy is RetryUpToMaximumCountWithFixedSleep(maxRetries=15, sleepTime=1000 MILLISECONDS)
2021-08-24 17:29:12,366 [omNode-1@group-523986131536-StateMachineUpdater] INFO  ratis.OzoneManagerStateMachine (OzoneManagerStateMachine.java:takeSnapshot(417)) - Current Snapshot Index (t:1, i:148)
2021-08-24 17:29:12,366 [omNode-1@group-523986131536-StateMachineUpdater] INFO  impl.StateMachineUpdater (StateMachineUpdater.java:takeSnapshot(281)) - omNode-1@group-523986131536-StateMachineUpdater: Took a snapshot at index 148
2021-08-24 17:29:12,366 [omNode-1@group-523986131536-StateMachineUpdater] INFO  impl.StateMachineUpdater (StateMachineUpdater.java:lambda$new$0(89)) - omNode-1@group-523986131536-StateMachineUpdater: snapshotIndex: updateIncreasingly 99 -> 148
2021-08-24 17:29:12,401 [omNode-3@group-523986131536-StateMachineUpdater] INFO  ratis.OzoneManagerStateMachine (OzoneManagerStateMachine.java:takeSnapshot(417)) - Current Snapshot Index (t:1, i:149)
2021-08-24 17:29:12,401 [omNode-3@group-523986131536-StateMachineUpdater] INFO  impl.StateMachineUpdater (StateMachineUpdater.java:takeSnapshot(281)) - omNode-3@group-523986131536-StateMachineUpdater: Took a snapshot at index 149
2021-08-24 17:29:12,402 [omNode-3@group-523986131536-StateMachineUpdater] INFO  impl.StateMachineUpdater (StateMachineUpdater.java:lambda$new$0(89)) - omNode-3@group-523986131536-StateMachineUpdater: snapshotIndex: updateIncreasingly 99 -> 149
2021-08-24 17:29:12,402 [omNode-3@group-523986131536-StateMachineUpdater] INFO  raftlog.RaftLog (RaftLogBase.java:purge(306)) - omNode-3@group-523986131536-SegmentedRaftLog: purge 149
2021-08-24 17:29:12,402 [omNode-3@group-523986131536-StateMachineUpdater] INFO  raftlog.RaftLog (RaftLogBase.java:lambda$new$0(53)) - omNode-3@group-523986131536-SegmentedRaftLog: snapshotIndex: updateIncreasingly 99 -> 149
2021-08-24 17:29:12,402 [omNode-3@group-523986131536-StateMachineUpdater] INFO  raftlog.RaftLog (RaftLogBase.java:lambda$new$0(53)) - omNode-3@group-523986131536-SegmentedRaftLog: purgeIndex: updateToMax old=99, new=149, updated? true
2021-08-24 17:29:12,407 [omNode-2@group-523986131536-StateMachineUpdater] INFO  ratis.OzoneManagerStateMachine (OzoneManagerStateMachine.java:takeSnapshot(417)) - Current Snapshot Index (t:1, i:149)
2021-08-24 17:29:12,407 [omNode-2@group-523986131536-StateMachineUpdater] INFO  impl.StateMachineUpdater (StateMachineUpdater.java:takeSnapshot(281)) - omNode-2@group-523986131536-StateMachineUpdater: Took a snapshot at index 149
2021-08-24 17:29:12,407 [omNode-2@group-523986131536-StateMachineUpdater] INFO  impl.StateMachineUpdater (StateMachineUpdater.java:lambda$new$0(89)) - omNode-2@group-523986131536-StateMachineUpdater: snapshotIndex: updateIncreasingly 99 -> 149
2021-08-24 17:29:12,407 [omNode-2@group-523986131536-StateMachineUpdater] INFO  raftlog.RaftLog (RaftLogBase.java:purge(306)) - omNode-2@group-523986131536-SegmentedRaftLog: purge 149
2021-08-24 17:29:12,407 [omNode-2@group-523986131536-StateMachineUpdater] INFO  raftlog.RaftLog (RaftLogBase.java:lambda$new$0(53)) - omNode-2@group-523986131536-SegmentedRaftLog: snapshotIndex: updateIncreasingly 99 -> 149
2021-08-24 17:29:12,407 [omNode-2@group-523986131536-StateMachineUpdater] INFO  raftlog.RaftLog (RaftLogBase.java:lambda$new$0(53)) - omNode-2@group-523986131536-SegmentedRaftLog: purgeIndex: updateToMax old=99, new=149, updated? true
2021-08-24 17:29:13,185 [EndpointStateMachine task thread for /0.0.0.0:35951 - 0 ] INFO  ipc.Client (Client.java:handleConnectionFailure(977)) - Retrying connect to server: 0.0.0.0/0.0.0.0:35951. Already tried 8 time(s); retry policy is RetryUpToMaximumCountWithFixedSleep(maxRetries=15, sleepTime=1000 MILLISECONDS)
2021-08-24 17:29:14,185 [EndpointStateMachine task thread for /0.0.0.0:35951 - 0 ] INFO  ipc.Client (Client.java:handleConnectionFailure(977)) - Retrying connect to server: 0.0.0.0/0.0.0.0:35951. Already tried 9 time(s); retry policy is RetryUpToMaximumCountWithFixedSleep(maxRetries=15, sleepTime=1000 MILLISECONDS)
2021-08-24 17:29:14,270 [omNode-1@group-523986131536-StateMachineUpdater] INFO  ratis.OzoneManagerStateMachine (OzoneManagerStateMachine.java:takeSnapshot(417)) - Current Snapshot Index (t:1, i:198)
2021-08-24 17:29:14,270 [omNode-1@group-523986131536-StateMachineUpdater] INFO  impl.StateMachineUpdater (StateMachineUpdater.java:takeSnapshot(281)) - omNode-1@group-523986131536-StateMachineUpdater: Took a snapshot at index 198
2021-08-24 17:29:14,270 [omNode-1@group-523986131536-StateMachineUpdater] INFO  impl.StateMachineUpdater (StateMachineUpdater.java:lambda$new$0(89)) - omNode-1@group-523986131536-StateMachineUpdater: snapshotIndex: updateIncreasingly 148 -> 198
2021-08-24 17:29:14,270 [omNode-1@group-523986131536-StateMachineUpdater] INFO  raftlog.RaftLog (RaftLogBase.java:purge(306)) - omNode-1@group-523986131536-SegmentedRaftLog: purge 198
2021-08-24 17:29:14,270 [omNode-1@group-523986131536-StateMachineUpdater] INFO  raftlog.RaftLog (RaftLogBase.java:lambda$new$0(53)) - omNode-1@group-523986131536-SegmentedRaftLog: snapshotIndex: updateIncreasingly 99 -> 198
2021-08-24 17:29:14,270 [omNode-1@group-523986131536-StateMachineUpdater] INFO  raftlog.RaftLog (RaftLogBase.java:lambda$new$0(53)) - omNode-1@group-523986131536-SegmentedRaftLog: purgeIndex: updateToMax old=99, new=198, updated? true
2021-08-24 17:29:14,289 [omNode-2@group-523986131536-StateMachineUpdater] INFO  ratis.OzoneManagerStateMachine (OzoneManagerStateMachine.java:takeSnapshot(417)) - Current Snapshot Index (t:1, i:198)
2021-08-24 17:29:14,289 [omNode-2@group-523986131536-StateMachineUpdater] INFO  impl.StateMachineUpdater (StateMachineUpdater.java:takeSnapshot(281)) - omNode-2@group-523986131536-StateMachineUpdater: Took a snapshot at index 198
2021-08-24 17:29:14,289 [omNode-2@group-523986131536-StateMachineUpdater] INFO  impl.StateMachineUpdater (StateMachineUpdater.java:lambda$new$0(89)) - omNode-2@group-523986131536-StateMachineUpdater: snapshotIndex: updateIncreasingly 149 -> 198
2021-08-24 17:29:14,297 [omNode-3@group-523986131536-StateMachineUpdater] INFO  ratis.OzoneManagerStateMachine (OzoneManagerStateMachine.java:takeSnapshot(417)) - Current Snapshot Index (t:1, i:199)
2021-08-24 17:29:14,297 [omNode-3@group-523986131536-StateMachineUpdater] INFO  impl.StateMachineUpdater (StateMachineUpdater.java:takeSnapshot(281)) - omNode-3@group-523986131536-StateMachineUpdater: Took a snapshot at index 199
2021-08-24 17:29:14,297 [omNode-3@group-523986131536-StateMachineUpdater] INFO  impl.StateMachineUpdater (StateMachineUpdater.java:lambda$new$0(89)) - omNode-3@group-523986131536-StateMachineUpdater: snapshotIndex: updateIncreasingly 149 -> 199
2021-08-24 17:29:14,297 [omNode-3@group-523986131536-StateMachineUpdater] INFO  raftlog.RaftLog (RaftLogBase.java:purge(306)) - omNode-3@group-523986131536-SegmentedRaftLog: purge 199
2021-08-24 17:29:14,297 [omNode-3@group-523986131536-StateMachineUpdater] INFO  raftlog.RaftLog (RaftLogBase.java:lambda$new$0(53)) - omNode-3@group-523986131536-SegmentedRaftLog: snapshotIndex: updateIncreasingly 149 -> 199
2021-08-24 17:29:14,297 [omNode-3@group-523986131536-StateMachineUpdater] INFO  raftlog.RaftLog (RaftLogBase.java:lambda$new$0(53)) - omNode-3@group-523986131536-SegmentedRaftLog: purgeIndex: updateToMax old=149, new=199, updated? true
2021-08-24 17:29:14,797 [org.apache.ratis.util.JvmPauseMonitor$$Lambda$596/1246764203@408a0df] WARN  util.JvmPauseMonitor (JvmPauseMonitor.java:detectPause(124)) - JvmPauseMonitor-omNode-3: Detected pause in JVM or host machine (eg GC): pause of approximately 181593893ns.
GC pool 'PS MarkSweep' had collection(s): count=1 time=158ms
GC pool 'PS Scavenge' had collection(s): count=1 time=21ms
2021-08-24 17:29:14,889 [Listener at 127.0.0.1/13276] INFO  om.OzoneManager (OzoneManager.java:installCheckpoint(3587)) - Installing checkpoint with OMTransactionInfo 1#103
2021-08-24 17:29:14,890 [Listener at 127.0.0.1/13276] INFO  utils.BackgroundService (BackgroundService.java:shutdown(132)) - Shutting down service KeyDeletingService
2021-08-24 17:29:14,894 [Listener at 127.0.0.1/13276] INFO  ratis.OzoneManagerDoubleBuffer (OzoneManagerDoubleBuffer.java:stop(437)) - Stopping OMDoubleBuffer flush thread
2021-08-24 17:29:14,894 [OMDoubleBufferFlushThread] INFO  ratis.OzoneManagerDoubleBuffer (OzoneManagerDoubleBuffer.java:flushTransactions(356)) - OMDoubleBuffer flush thread OMDoubleBufferFlushThread is interrupted and will exit. OMDoubleBufferFlushThread
2021-08-24 17:29:14,896 [Listener at 127.0.0.1/13276] ERROR om.OzoneManager (HAUtils.java:verifyTransactionInfo(300)) - Failed to install checkpoint from SCM leader: omNode-1. The last applied index: 207 is greater than or equal to the checkpoint's applied index: 103. Deleting the downloaded checkpoint /home/runner/work/ozone/ozone/hadoop-ozone/integration-test/target/test-dir/MiniOzoneClusterImpl-013421b4-bdfc-48e1-b28d-0fb3f9f00c6e/omNode-1/db.checkpoints/om.db_checkpoint_1629826150533
2021-08-24 17:29:14,897 [Listener at 127.0.0.1/13276] WARN  om.OzoneManager (OzoneManager.java:installCheckpoint(3640)) - Cannot proceed with InstallSnapshot as OM is at TermIndex (t:1, i:207) and checkpoint has lower TermIndex (t:1, i:103). Reloading old state of OM.
2021-08-24 17:29:14,898 [Listener at 127.0.0.1/13276] WARN  server.ServerUtils (ServerUtils.java:getDBPath(225)) - ozone.om.db.dirs is not configured. We recommend adding this setting. Falling back to ozone.metadata.dirs instead.
2021-08-24 17:29:14,900 [Listener at 127.0.0.1/13276] INFO  codec.OmKeyInfoCodec (OmKeyInfoCodec.java:<init>(51)) - OmKeyInfoCodec ignorePipeline = true
2021-08-24 17:29:14,900 [Listener at 127.0.0.1/13276] INFO  codec.RepeatedOmKeyInfoCodec (RepeatedOmKeyInfoCodec.java:<init>(42)) - RepeatedOmKeyInfoCodec ignorePipeline = true
2021-08-24 17:29:15,029 [Listener at 127.0.0.1/13276] INFO  om.OzoneManager (OzoneManager.java:startTrashEmptier(1531)) - Trash Interval set to 0. Files deleted will not move to trash
2021-08-24 17:29:15,030 [Listener at 127.0.0.1/13276] INFO  om.OzoneManager (OzoneManager.java:installCheckpoint(3651)) - Reloaded OM state with Term: 1 and Index: 207
2021-08-24 17:29:15,033 [Listener at 127.0.0.1/13276] INFO  ozone.MiniOzoneClusterImpl (MiniOzoneClusterImpl.java:shutdown(453)) - Shutting down the Mini Ozone Cluster
2021-08-24 17:29:15,034 [Listener at 127.0.0.1/13276] INFO  ozone.MiniOzoneHAClusterImpl (MiniOzoneHAClusterImpl.java:stop(298)) - Stopping the OzoneManager omNode-3
2021-08-24 17:29:15,041 [Listener at 127.0.0.1/13276] INFO  om.OzoneManager (OzoneManager.java:stop(1632)) - Stopping Ozone Manager
2021-08-24 17:29:15,042 [Listener at 127.0.0.1/13276] INFO  ipc.Server (Server.java:stop(3414)) - Stopping server on 13276
2021-08-24 17:29:15,053 [IPC Server listener on 13276] INFO  ipc.Server (Server.java:run(1376)) - Stopping IPC Server listener on 13276
2021-08-24 17:29:15,053 [IPC Server Responder] INFO  ipc.Server (Server.java:run(1512)) - Stopping IPC Server Responder
2021-08-24 17:29:15,053 [Listener at 127.0.0.1/13276] INFO  server.RaftServer (RaftServerProxy.java:lambda$close$6(391)) - omNode-3: close
2021-08-24 17:29:15,057 [Listener at 127.0.0.1/13276] INFO  server.RaftServer$Division (RaftServerImpl.java:lambda$close$4(407)) - omNode-3@group-523986131536: shutdown
2021-08-24 17:29:15,057 [Listener at 127.0.0.1/13276] INFO  util.JmxRegister (JmxRegister.java:unregister(73)) - Successfully un-registered JMX Bean with object name Ratis:service=RaftServer,group=group-523986131536,id=omNode-3
2021-08-24 17:29:15,057 [Listener at 127.0.0.1/13276] INFO  impl.RoleInfo (RoleInfo.java:shutdownFollowerState(108)) - omNode-3: shutdown omNode-3@group-523986131536-FollowerState
2021-08-24 17:29:15,057 [Listener at 127.0.0.1/13276] INFO  impl.StateMachineUpdater (StateMachineUpdater.java:stopAndJoin(149)) - omNode-3@group-523986131536-StateMachineUpdater: set stopIndex = 207
2021-08-24 17:29:15,057 [omNode-3@group-523986131536-FollowerState] INFO  impl.FollowerState (FollowerState.java:run(143)) - omNode-3@group-523986131536-FollowerState was interrupted: {}
java.lang.InterruptedException: sleep interrupted
	at java.lang.Thread.sleep(Native Method)
	at java.lang.Thread.sleep(Thread.java:340)
	at java.util.concurrent.TimeUnit.sleep(TimeUnit.java:386)
	at org.apache.ratis.util.TimeDuration.sleep(TimeDuration.java:324)
	at org.apache.ratis.util.TimeDuration.sleep(TimeDuration.java:309)
	at org.apache.ratis.server.impl.FollowerState.run(FollowerState.java:118)
2021-08-24 17:29:15,058 [omNode-3@group-523986131536-StateMachineUpdater] INFO  ratis.OzoneManagerStateMachine (OzoneManagerStateMachine.java:takeSnapshot(417)) - Current Snapshot Index (t:1, i:207)
2021-08-24 17:29:15,058 [omNode-3@group-523986131536-StateMachineUpdater] INFO  impl.StateMachineUpdater (StateMachineUpdater.java:takeSnapshot(281)) - omNode-3@group-523986131536-StateMachineUpdater: Took a snapshot at index 207
2021-08-24 17:29:15,058 [omNode-3@group-523986131536-StateMachineUpdater] INFO  impl.StateMachineUpdater (StateMachineUpdater.java:lambda$new$0(89)) - omNode-3@group-523986131536-StateMachineUpdater: snapshotIndex: updateIncreasingly 199 -> 207
2021-08-24 17:29:15,058 [omNode-3@group-523986131536-StateMachineUpdater] INFO  ratis.OzoneManagerStateMachine (OzoneManagerStateMachine.java:close(471)) - StateMachine has shutdown. Shutdown OzoneManager if not already shutdown.
2021-08-24 17:29:15,059 [Listener at 127.0.0.1/13276] INFO  server.RaftServer$Division (ServerState.java:close(419)) - omNode-3@group-523986131536: closes. applyIndex: 207
2021-08-24 17:29:15,059 [omNode-3@group-523986131536-SegmentedRaftLogWorker] INFO  segmented.SegmentedRaftLogWorker (SegmentedRaftLogWorker.java:run(327)) - omNode-3@group-523986131536-SegmentedRaftLogWorker was interrupted, exiting. There are 0 tasks remaining in the queue.
2021-08-24 17:29:15,060 [Listener at 127.0.0.1/13276] INFO  segmented.SegmentedRaftLogWorker (SegmentedRaftLogWorker.java:close(237)) - omNode-3@group-523986131536-SegmentedRaftLogWorker close()
2021-08-24 17:29:15,065 [Listener at 127.0.0.1/13276] INFO  server.GrpcService (GrpcService.java:closeImpl(262)) - omNode-3: shutdown server with port 13280 now
2021-08-24 17:29:15,072 [grpc-default-executor-0] WARN  server.GrpcServerProtocolService (LogUtils.java:warn(122)) - omNode-3: installSnapshot onError, lastRequest: omNode-1->omNode-3#9948968-t1,previous=(t:1, i:207),leaderCommit=207,initializing? true,entries: size=1, first=(t:1, i:208), METADATAENTRY(c:207): org.apache.ratis.thirdparty.io.grpc.StatusRuntimeException: CANCELLED: client cancelled
2021-08-24 17:29:15,072 [Listener at 127.0.0.1/13276] INFO  server.GrpcService (GrpcService.java:closeImpl(271)) - omNode-3: shutdown server with port 13280 successfully
2021-08-24 17:29:15,072 [org.apache.ratis.util.JvmPauseMonitor$$Lambda$596/1246764203@408a0df] INFO  util.JvmPauseMonitor (JvmPauseMonitor.java:run(109)) - JvmPauseMonitor-omNode-3: Stopped
2021-08-24 17:29:15,073 [Listener at 127.0.0.1/13276] INFO  ratis.OzoneManagerDoubleBuffer (OzoneManagerDoubleBuffer.java:stop(437)) - Stopping OMDoubleBuffer flush thread
2021-08-24 17:29:15,073 [OMDoubleBufferFlushThread] INFO  ratis.OzoneManagerDoubleBuffer (OzoneManagerDoubleBuffer.java:flushTransactions(356)) - OMDoubleBuffer flush thread OMDoubleBufferFlushThread is interrupted and will exit. OMDoubleBufferFlushThread
2021-08-24 17:29:15,073 [grpc-default-executor-0] WARN  server.GrpcLogAppender (LogUtils.java:warn(122)) - omNode-1@group-523986131536->omNode-3-AppendLogResponseHandler: Failed appendEntries: org.apache.ratis.thirdparty.io.grpc.StatusRuntimeException: CANCELLED: HTTP/2 error code: CANCEL
Received Rst Stream
2021-08-24 17:29:15,073 [grpc-default-executor-0] INFO  leader.FollowerInfo (FollowerInfoImpl.java:lambda$new$0(46)) - omNode-1@group-523986131536->omNode-3: nextIndex: updateUnconditionally 209 -> 208
2021-08-24 17:29:15,075 [Listener at 127.0.0.1/13276] INFO  utils.BackgroundService (BackgroundService.java:shutdown(132)) - Shutting down service KeyDeletingService
2021-08-24 17:29:15,076 [Listener at 127.0.0.1/13276] INFO  handler.ContextHandler (ContextHandler.java:doStop(1153)) - Stopped o.e.j.w.WebAppContext@ff192b8{ozoneManager,/,null,STOPPED}{file:/home/runner/work/ozone/ozone/hadoop-ozone/integration-test/target/test-classes/webapps/ozoneManager}
2021-08-24 17:29:15,080 [Listener at 127.0.0.1/13276] INFO  server.AbstractConnector (AbstractConnector.java:doStop(381)) - Stopped ServerConnector@7b1d1c75{HTTP/1.1, (http/1.1)}{0.0.0.0:13278}
2021-08-24 17:29:15,080 [Listener at 127.0.0.1/13276] INFO  server.session (HouseKeeper.java:stopScavenging(149)) - node0 Stopped scavenging
2021-08-24 17:29:15,080 [Listener at 127.0.0.1/13276] INFO  handler.ContextHandler (ContextHandler.java:doStop(1153)) - Stopped o.e.j.s.ServletContextHandler@2d2ece26{static,/static,file:///home/runner/work/ozone/ozone/hadoop-ozone/integration-test/target/test-classes/webapps/static,STOPPED}
2021-08-24 17:29:15,081 [Listener at 127.0.0.1/13276] INFO  handler.ContextHandler (ContextHandler.java:doStop(1153)) - Stopped o.e.j.s.ServletContextHandler@16c87aa2{logs,/logs,file:///home/runner/work/ozone/ozone/hadoop-ozone/integration-test/target/log,STOPPED}
2021-08-24 17:29:15,084 [grpc-default-executor-3] WARN  server.GrpcLogAppender (LogUtils.java:warn(122)) - omNode-1@group-523986131536->omNode-3-AppendLogResponseHandler: Failed appendEntries: org.apache.ratis.thirdparty.io.grpc.StatusRuntimeException: UNAVAILABLE: io exception
2021-08-24 17:29:15,085 [grpc-default-executor-3] INFO  leader.FollowerInfo (FollowerInfoImpl.java:lambda$new$0(46)) - omNode-1@group-523986131536->omNode-3: nextIndex: updateUnconditionally 209 -> 208
2021-08-24 17:29:15,094 [Listener at 127.0.0.1/13276] INFO  ozone.MiniOzoneHAClusterImpl (MiniOzoneHAClusterImpl.java:stop(298)) - Stopping the OzoneManager omNode-1
2021-08-24 17:29:15,094 [Listener at 127.0.0.1/13276] INFO  om.OzoneManager (OzoneManager.java:stop(1632)) - Stopping Ozone Manager
2021-08-24 17:29:15,095 [Listener at 127.0.0.1/13276] INFO  ipc.Server (Server.java:stop(3414)) - Stopping server on 13264
2021-08-24 17:29:15,098 [IPC Server listener on 13264] INFO  ipc.Server (Server.java:run(1376)) - Stopping IPC Server listener on 13264
2021-08-24 17:29:15,111 [IPC Server Responder] INFO  ipc.Server (Server.java:run(1512)) - Stopping IPC Server Responder
2021-08-24 17:29:15,111 [Listener at 127.0.0.1/13276] INFO  server.RaftServer (RaftServerProxy.java:lambda$close$6(391)) - omNode-1: close
2021-08-24 17:29:15,112 [Listener at 127.0.0.1/13276] INFO  server.RaftServer$Division (RaftServerImpl.java:lambda$close$4(407)) - omNode-1@group-523986131536: shutdown
2021-08-24 17:29:15,112 [Listener at 127.0.0.1/13276] INFO  util.JmxRegister (JmxRegister.java:unregister(73)) - Successfully un-registered JMX Bean with object name Ratis:service=RaftServer,group=group-523986131536,id=omNode-1
2021-08-24 17:29:15,112 [Listener at 127.0.0.1/13276] INFO  impl.RoleInfo (RoleInfo.java:shutdownLeaderState(91)) - omNode-1: shutdown omNode-1@group-523986131536-LeaderStateImpl
2021-08-24 17:29:15,112 [Listener at 127.0.0.1/13276] INFO  impl.PendingRequests (PendingRequests.java:sendNotLeaderResponses(282)) - omNode-1@group-523986131536-PendingRequests: sendNotLeaderResponses
2021-08-24 17:29:15,112 [omNode-1@group-523986131536->omNode-2-GrpcLogAppender-LogAppenderDaemon] WARN  server.GrpcLogAppender (GrpcLogAppender.java:mayWait(175)) - omNode-1@group-523986131536->omNode-2-GrpcLogAppender: Wait interrupted by java.lang.InterruptedException
2021-08-24 17:29:15,112 [omNode-1@group-523986131536->omNode-3-GrpcLogAppender-LogAppenderDaemon] WARN  server.GrpcLogAppender (GrpcLogAppender.java:mayWait(175)) - omNode-1@group-523986131536->omNode-3-GrpcLogAppender: Wait interrupted by java.lang.InterruptedException
2021-08-24 17:29:15,113 [grpc-default-executor-3] INFO  server.GrpcServerProtocolService (GrpcServerProtocolService.java:onCompleted(140)) - omNode-2: Completed APPEND_ENTRIES, lastRequest: omNode-1->omNode-2#1219-t1,previous=(t:1, i:207),leaderCommit=207,initializing? true,entries: size=1, first=(t:1, i:208), METADATAENTRY(c:207)
2021-08-24 17:29:15,115 [Listener at 127.0.0.1/13276] INFO  impl.StateMachineUpdater (StateMachineUpdater.java:stopAndJoin(149)) - omNode-1@group-523986131536-StateMachineUpdater: set stopIndex = 208
2021-08-24 17:29:15,115 [omNode-1@group-523986131536-StateMachineUpdater] INFO  ratis.OzoneManagerStateMachine (OzoneManagerStateMachine.java:takeSnapshot(417)) - Current Snapshot Index (t:1, i:208)
2021-08-24 17:29:15,115 [omNode-1@group-523986131536-StateMachineUpdater] INFO  impl.StateMachineUpdater (StateMachineUpdater.java:takeSnapshot(281)) - omNode-1@group-523986131536-StateMachineUpdater: Took a snapshot at index 208
2021-08-24 17:29:15,115 [omNode-1@group-523986131536-StateMachineUpdater] INFO  impl.StateMachineUpdater (StateMachineUpdater.java:lambda$new$0(89)) - omNode-1@group-523986131536-StateMachineUpdater: snapshotIndex: updateIncreasingly 198 -> 208
2021-08-24 17:29:15,115 [omNode-1@group-523986131536-StateMachineUpdater] INFO  ratis.OzoneManagerStateMachine (OzoneManagerStateMachine.java:close(471)) - StateMachine has shutdown. Shutdown OzoneManager if not already shutdown.
2021-08-24 17:29:15,115 [Listener at 127.0.0.1/13276] INFO  server.RaftServer$Division (ServerState.java:close(419)) - omNode-1@group-523986131536: closes. applyIndex: 208
2021-08-24 17:29:15,116 [grpc-default-executor-3] INFO  server.GrpcLogAppender (GrpcLogAppender.java:onCompleted(344)) - omNode-1@group-523986131536->omNode-2-AppendLogResponseHandler: follower responses appendEntries COMPLETED
2021-08-24 17:29:15,116 [omNode-1@group-523986131536-SegmentedRaftLogWorker] INFO  segmented.SegmentedRaftLogWorker (SegmentedRaftLogWorker.java:run(327)) - omNode-1@group-523986131536-SegmentedRaftLogWorker was interrupted, exiting. There are 0 tasks remaining in the queue.
2021-08-24 17:29:15,116 [grpc-default-executor-3] INFO  leader.FollowerInfo (FollowerInfoImpl.java:lambda$new$0(46)) - omNode-1@group-523986131536->omNode-2: nextIndex: updateUnconditionally 209 -> 208
2021-08-24 17:29:15,116 [Listener at 127.0.0.1/13276] INFO  segmented.SegmentedRaftLogWorker (SegmentedRaftLogWorker.java:close(237)) - omNode-1@group-523986131536-SegmentedRaftLogWorker close()
2021-08-24 17:29:15,123 [Listener at 127.0.0.1/13276] INFO  server.GrpcService (GrpcService.java:closeImpl(262)) - omNode-1: shutdown server with port 13268 now
2021-08-24 17:29:15,152 [Listener at 127.0.0.1/13276] INFO  server.GrpcService (GrpcService.java:closeImpl(271)) - omNode-1: shutdown server with port 13268 successfully
2021-08-24 17:29:15,152 [org.apache.ratis.util.JvmPauseMonitor$$Lambda$596/1246764203@63540ec4] INFO  util.JvmPauseMonitor (JvmPauseMonitor.java:run(109)) - JvmPauseMonitor-omNode-1: Stopped
2021-08-24 17:29:15,152 [Listener at 127.0.0.1/13276] INFO  ratis.OzoneManagerDoubleBuffer (OzoneManagerDoubleBuffer.java:stop(437)) - Stopping OMDoubleBuffer flush thread
2021-08-24 17:29:15,152 [OMDoubleBufferFlushThread] INFO  ratis.OzoneManagerDoubleBuffer (OzoneManagerDoubleBuffer.java:flushTransactions(356)) - OMDoubleBuffer flush thread OMDoubleBufferFlushThread is interrupted and will exit. OMDoubleBufferFlushThread
2021-08-24 17:29:15,152 [Listener at 127.0.0.1/13276] INFO  utils.BackgroundService (BackgroundService.java:shutdown(132)) - Shutting down service KeyDeletingService
2021-08-24 17:29:15,153 [Listener at 127.0.0.1/13276] INFO  handler.ContextHandler (ContextHandler.java:doStop(1153)) - Stopped o.e.j.w.WebAppContext@5557cc74{ozoneManager,/,null,STOPPED}{file:/home/runner/work/ozone/ozone/hadoop-ozone/integration-test/target/test-classes/webapps/ozoneManager}
2021-08-24 17:29:15,154 [Listener at 127.0.0.1/13276] INFO  server.AbstractConnector (AbstractConnector.java:doStop(381)) - Stopped ServerConnector@677f0c10{HTTP/1.1, (http/1.1)}{0.0.0.0:13266}
2021-08-24 17:29:15,154 [Listener at 127.0.0.1/13276] INFO  server.session (HouseKeeper.java:stopScavenging(149)) - node0 Stopped scavenging
2021-08-24 17:29:15,154 [Listener at 127.0.0.1/13276] INFO  handler.ContextHandler (ContextHandler.java:doStop(1153)) - Stopped o.e.j.s.ServletContextHandler@10a0bd3c{static,/static,file:///home/runner/work/ozone/ozone/hadoop-ozone/integration-test/target/test-classes/webapps/static,STOPPED}
2021-08-24 17:29:15,155 [Listener at 127.0.0.1/13276] INFO  handler.ContextHandler (ContextHandler.java:doStop(1153)) - Stopped o.e.j.s.ServletContextHandler@5b2e4796{logs,/logs,file:///home/runner/work/ozone/ozone/hadoop-ozone/integration-test/target/log,STOPPED}
2021-08-24 17:29:15,166 [Listener at 127.0.0.1/13276] INFO  ozone.MiniOzoneHAClusterImpl (MiniOzoneHAClusterImpl.java:stop(298)) - Stopping the OzoneManager omNode-2
2021-08-24 17:29:15,166 [Listener at 127.0.0.1/13276] INFO  om.OzoneManager (OzoneManager.java:stop(1632)) - Stopping Ozone Manager
2021-08-24 17:29:15,166 [Listener at 127.0.0.1/13276] INFO  ipc.Server (Server.java:stop(3414)) - Stopping server on 13270
2021-08-24 17:29:15,186 [EndpointStateMachine task thread for /0.0.0.0:35951 - 0 ] INFO  ipc.Client (Client.java:handleConnectionFailure(977)) - Retrying connect to server: 0.0.0.0/0.0.0.0:35951. Already tried 10 time(s); retry policy is RetryUpToMaximumCountWithFixedSleep(maxRetries=15, sleepTime=1000 MILLISECONDS)
2021-08-24 17:29:15,186 [IPC Server listener on 13270] INFO  ipc.Server (Server.java:run(1376)) - Stopping IPC Server listener on 13270
2021-08-24 17:29:15,187 [IPC Server Responder] INFO  ipc.Server (Server.java:run(1512)) - Stopping IPC Server Responder
2021-08-24 17:29:15,187 [Listener at 127.0.0.1/13276] INFO  server.RaftServer (RaftServerProxy.java:lambda$close$6(391)) - omNode-2: close
2021-08-24 17:29:15,187 [Listener at 127.0.0.1/13276] INFO  server.RaftServer$Division (RaftServerImpl.java:lambda$close$4(407)) - omNode-2@group-523986131536: shutdown
2021-08-24 17:29:15,187 [Listener at 127.0.0.1/13276] INFO  util.JmxRegister (JmxRegister.java:unregister(73)) - Successfully un-registered JMX Bean with object name Ratis:service=RaftServer,group=group-523986131536,id=omNode-2
2021-08-24 17:29:15,187 [Listener at 127.0.0.1/13276] INFO  impl.RoleInfo (RoleInfo.java:shutdownFollowerState(108)) - omNode-2: shutdown omNode-2@group-523986131536-FollowerState
2021-08-24 17:29:15,188 [Listener at 127.0.0.1/13276] INFO  impl.StateMachineUpdater (StateMachineUpdater.java:stopAndJoin(149)) - omNode-2@group-523986131536-StateMachineUpdater: set stopIndex = 207
2021-08-24 17:29:15,188 [omNode-2@group-523986131536-StateMachineUpdater] INFO  ratis.OzoneManagerStateMachine (OzoneManagerStateMachine.java:takeSnapshot(417)) - Current Snapshot Index (t:1, i:207)
2021-08-24 17:29:15,188 [omNode-2@group-523986131536-FollowerState] INFO  impl.FollowerState (FollowerState.java:run(143)) - omNode-2@group-523986131536-FollowerState was interrupted: {}
java.lang.InterruptedException: sleep interrupted
	at java.lang.Thread.sleep(Native Method)
	at java.lang.Thread.sleep(Thread.java:340)
	at java.util.concurrent.TimeUnit.sleep(TimeUnit.java:386)
	at org.apache.ratis.util.TimeDuration.sleep(TimeDuration.java:324)
	at org.apache.ratis.util.TimeDuration.sleep(TimeDuration.java:309)
	at org.apache.ratis.server.impl.FollowerState.run(FollowerState.java:118)
2021-08-24 17:29:15,188 [omNode-2@group-523986131536-StateMachineUpdater] INFO  impl.StateMachineUpdater (StateMachineUpdater.java:takeSnapshot(281)) - omNode-2@group-523986131536-StateMachineUpdater: Took a snapshot at index 207
2021-08-24 17:29:15,190 [omNode-2@group-523986131536-StateMachineUpdater] INFO  impl.StateMachineUpdater (StateMachineUpdater.java:lambda$new$0(89)) - omNode-2@group-523986131536-StateMachineUpdater: snapshotIndex: updateIncreasingly 198 -> 207
2021-08-24 17:29:15,190 [omNode-2@group-523986131536-StateMachineUpdater] INFO  raftlog.RaftLog (RaftLogBase.java:purge(306)) - omNode-2@group-523986131536-SegmentedRaftLog: purge 207
2021-08-24 17:29:15,190 [omNode-2@group-523986131536-StateMachineUpdater] INFO  raftlog.RaftLog (RaftLogBase.java:lambda$new$0(53)) - omNode-2@group-523986131536-SegmentedRaftLog: snapshotIndex: updateIncreasingly 149 -> 207
2021-08-24 17:29:15,190 [omNode-2@group-523986131536-StateMachineUpdater] INFO  raftlog.RaftLog (RaftLogBase.java:lambda$new$0(53)) - omNode-2@group-523986131536-SegmentedRaftLog: purgeIndex: updateToMax old=149, new=207, updated? true
2021-08-24 17:29:15,190 [omNode-2@group-523986131536-StateMachineUpdater] INFO  ratis.OzoneManagerStateMachine (OzoneManagerStateMachine.java:close(471)) - StateMachine has shutdown. Shutdown OzoneManager if not already shutdown.
2021-08-24 17:29:15,190 [Listener at 127.0.0.1/13276] INFO  server.RaftServer$Division (ServerState.java:close(419)) - omNode-2@group-523986131536: closes. applyIndex: 207
2021-08-24 17:29:15,190 [omNode-2@group-523986131536-SegmentedRaftLogWorker] INFO  segmented.SegmentedRaftLogWorker (SegmentedRaftLogWorker.java:run(327)) - omNode-2@group-523986131536-SegmentedRaftLogWorker was interrupted, exiting. There are 0 tasks remaining in the queue.
2021-08-24 17:29:15,191 [Listener at 127.0.0.1/13276] INFO  segmented.SegmentedRaftLogWorker (SegmentedRaftLogWorker.java:close(237)) - omNode-2@group-523986131536-SegmentedRaftLogWorker close()
2021-08-24 17:29:15,193 [Listener at 127.0.0.1/13276] INFO  server.GrpcService (GrpcService.java:closeImpl(262)) - omNode-2: shutdown server with port 13274 now
2021-08-24 17:29:15,194 [Listener at 127.0.0.1/13276] INFO  server.GrpcService (GrpcService.java:closeImpl(271)) - omNode-2: shutdown server with port 13274 successfully
2021-08-24 17:29:15,194 [org.apache.ratis.util.JvmPauseMonitor$$Lambda$596/1246764203@499c2c14] INFO  util.JvmPauseMonitor (JvmPauseMonitor.java:run(109)) - JvmPauseMonitor-omNode-2: Stopped
2021-08-24 17:29:15,194 [Listener at 127.0.0.1/13276] INFO  ratis.OzoneManagerDoubleBuffer (OzoneManagerDoubleBuffer.java:stop(437)) - Stopping OMDoubleBuffer flush thread
2021-08-24 17:29:15,195 [OMDoubleBufferFlushThread] INFO  ratis.OzoneManagerDoubleBuffer (OzoneManagerDoubleBuffer.java:flushTransactions(356)) - OMDoubleBuffer flush thread OMDoubleBufferFlushThread is interrupted and will exit. OMDoubleBufferFlushThread
2021-08-24 17:29:15,195 [Listener at 127.0.0.1/13276] INFO  utils.BackgroundService (BackgroundService.java:shutdown(132)) - Shutting down service KeyDeletingService
2021-08-24 17:29:15,196 [Listener at 127.0.0.1/13276] INFO  handler.ContextHandler (ContextHandler.java:doStop(1153)) - Stopped o.e.j.w.WebAppContext@36a2fd51{ozoneManager,/,null,STOPPED}{file:/home/runner/work/ozone/ozone/hadoop-ozone/integration-test/target/test-classes/webapps/ozoneManager}
2021-08-24 17:29:15,196 [Listener at 127.0.0.1/13276] INFO  server.AbstractConnector (AbstractConnector.java:doStop(381)) - Stopped ServerConnector@1c35bf43{HTTP/1.1, (http/1.1)}{0.0.0.0:13272}
2021-08-24 17:29:15,196 [Listener at 127.0.0.1/13276] INFO  server.session (HouseKeeper.java:stopScavenging(149)) - node0 Stopped scavenging
2021-08-24 17:29:15,197 [Listener at 127.0.0.1/13276] INFO  handler.ContextHandler (ContextHandler.java:doStop(1153)) - Stopped o.e.j.s.ServletContextHandler@4d7f5e96{static,/static,file:///home/runner/work/ozone/ozone/hadoop-ozone/integration-test/target/test-classes/webapps/static,STOPPED}
2021-08-24 17:29:15,197 [Listener at 127.0.0.1/13276] INFO  handler.ContextHandler (ContextHandler.java:doStop(1153)) - Stopped o.e.j.s.ServletContextHandler@467ac5f8{logs,/logs,file:///home/runner/work/ozone/ozone/hadoop-ozone/integration-test/target/log,STOPPED}
2021-08-24 17:29:15,202 [Listener at 127.0.0.1/13276] INFO  ozone.MiniOzoneHAClusterImpl (MiniOzoneHAClusterImpl.java:stop(306)) - Stopping the StorageContainerManager 750823e8-cc79-4fa7-adf3-01ea0490f906
2021-08-24 17:29:15,202 [Listener at 127.0.0.1/13276] INFO  server.StorageContainerManager (StorageContainerManager.java:stop(1349)) - Stopping Container Balancer service.
2021-08-24 17:29:15,202 [Listener at 127.0.0.1/13276] INFO  balancer.ContainerBalancer (ContainerBalancer.java:stop(721)) - Container Balancer is not running.
2021-08-24 17:29:15,202 [Listener at 127.0.0.1/13276] INFO  server.StorageContainerManager (StorageContainerManager.java:stop(1356)) - Stopping Replication Manager Service.
2021-08-24 17:29:15,202 [Listener at 127.0.0.1/13276] INFO  container.ReplicationManager (ReplicationManager.java:stop(338)) - Stopping Replication Monitor Thread.
2021-08-24 17:29:15,202 [Listener at 127.0.0.1/13276] INFO  server.StorageContainerManager (StorageContainerManager.java:stop(1363)) - Stopping the Datanode Admin Monitor.
2021-08-24 17:29:15,203 [Listener at 127.0.0.1/13276] INFO  server.StorageContainerManager (StorageContainerManager.java:stop(1370)) - Stopping Lease Manager of the command watchers
2021-08-24 17:29:15,203 [Listener at 127.0.0.1/13276] INFO  server.StorageContainerManager (StorageContainerManager.java:stop(1377)) - Stopping datanode service RPC server
2021-08-24 17:29:15,203 [Listener at 127.0.0.1/13276] INFO  server.SCMDatanodeProtocolServer (SCMDatanodeProtocolServer.java:stop(389)) - Stopping the RPC server for DataNodes
2021-08-24 17:29:15,203 [Listener at 127.0.0.1/13276] INFO  ipc.Server (Server.java:stop(3414)) - Stopping server on 39803
2021-08-24 17:29:15,205 [IPC Server listener on 0] INFO  ipc.Server (Server.java:run(1376)) - Stopping IPC Server listener on 0
2021-08-24 17:29:15,209 [IPC Server Responder] INFO  ipc.Server (Server.java:run(1512)) - Stopping IPC Server Responder
2021-08-24 17:29:15,296 [EndpointStateMachine task thread for /0.0.0.0:39803 - 0 ] WARN  statemachine.EndpointStateMachine (EndpointStateMachine.java:logIfNeeded(236)) - Unable to communicate to SCM server at 0.0.0.0:39803 for past 0 seconds.
java.io.EOFException: End of File Exception between local host is: "fv-az297-489/10.1.0.28"; destination host is: "0.0.0.0":39803; : java.io.EOFException; For more details see:  http://wiki.apache.org/hadoop/EOFException
	at sun.reflect.NativeConstructorAccessorImpl.newInstance0(Native Method)
	at sun.reflect.NativeConstructorAccessorImpl.newInstance(NativeConstructorAccessorImpl.java:62)
	at sun.reflect.DelegatingConstructorAccessorImpl.newInstance(DelegatingConstructorAccessorImpl.java:45)
	at java.lang.reflect.Constructor.newInstance(Constructor.java:423)
	at org.apache.hadoop.net.NetUtils.wrapWithMessage(NetUtils.java:913)
	at org.apache.hadoop.net.NetUtils.wrapException(NetUtils.java:862)
	at org.apache.hadoop.ipc.Client.getRpcResponse(Client.java:1577)
	at org.apache.hadoop.ipc.Client.call(Client.java:1519)
	at org.apache.hadoop.ipc.Client.call(Client.java:1416)
	at org.apache.hadoop.ipc.ProtobufRpcEngine$Invoker.invoke(ProtobufRpcEngine.java:236)
	at org.apache.hadoop.ipc.ProtobufRpcEngine$Invoker.invoke(ProtobufRpcEngine.java:123)
	at com.sun.proxy.$Proxy48.submitRequest(Unknown Source)
	at org.apache.hadoop.ozone.protocolPB.StorageContainerDatanodeProtocolClientSideTranslatorPB.submitRequest(StorageContainerDatanodeProtocolClientSideTranslatorPB.java:117)
	at org.apache.hadoop.ozone.protocolPB.StorageContainerDatanodeProtocolClientSideTranslatorPB.sendHeartbeat(StorageContainerDatanodeProtocolClientSideTranslatorPB.java:149)
	at org.apache.hadoop.ozone.container.common.states.endpoint.HeartbeatEndpointTask.call(HeartbeatEndpointTask.java:179)
	at org.apache.hadoop.ozone.container.common.states.endpoint.HeartbeatEndpointTask.call(HeartbeatEndpointTask.java:82)
	at java.util.concurrent.FutureTask.run(FutureTask.java:266)
	at java.util.concurrent.ThreadPoolExecutor.runWorker(ThreadPoolExecutor.java:1149)
	at java.util.concurrent.ThreadPoolExecutor$Worker.run(ThreadPoolExecutor.java:624)
	at java.lang.Thread.run(Thread.java:748)
Caused by: java.io.EOFException
	at java.io.DataInputStream.readInt(DataInputStream.java:392)
	at org.apache.hadoop.ipc.Client$IpcStreams.readResponse(Client.java:1892)
	at org.apache.hadoop.ipc.Client$Connection.receiveRpcResponse(Client.java:1202)
	at org.apache.hadoop.ipc.Client$Connection.run(Client.java:1098)
2021-08-24 17:29:15,297 [SCM Heartbeat Processing Thread - 0] WARN  node.NodeStateManager (NodeStateManager.java:scheduleNextHealthCheck(799)) - Current Thread is interrupted, shutting down HB processing thread for Node Manager.
2021-08-24 17:29:15,297 [Listener at 127.0.0.1/13276] INFO  server.StorageContainerManager (StorageContainerManager.java:stop(1385)) - Stopping block service RPC server
2021-08-24 17:29:15,297 [Listener at 127.0.0.1/13276] INFO  server.SCMBlockProtocolServer (SCMBlockProtocolServer.java:stop(160)) - Stopping the RPC server for Block Protocol
2021-08-24 17:29:15,298 [Listener at 127.0.0.1/13276] INFO  ipc.Server (Server.java:stop(3414)) - Stopping server on 32867
2021-08-24 17:29:15,303 [Listener at 127.0.0.1/13276] INFO  server.StorageContainerManager (StorageContainerManager.java:stop(1392)) - Stopping the StorageContainerLocationProtocol RPC server
2021-08-24 17:29:15,303 [Listener at 127.0.0.1/13276] INFO  server.SCMClientProtocolServer (SCMClientProtocolServer.java:stop(173)) - Stopping the RPC server for Client Protocol
2021-08-24 17:29:15,303 [Listener at 127.0.0.1/13276] INFO  ipc.Server (Server.java:stop(3414)) - Stopping server on 43649
2021-08-24 17:29:15,303 [IPC Server listener on 0] INFO  ipc.Server (Server.java:run(1376)) - Stopping IPC Server listener on 0
2021-08-24 17:29:15,304 [IPC Server Responder] INFO  ipc.Server (Server.java:run(1512)) - Stopping IPC Server Responder
2021-08-24 17:29:15,310 [IPC Server listener on 0] INFO  ipc.Server (Server.java:run(1376)) - Stopping IPC Server listener on 0
2021-08-24 17:29:15,314 [IPC Server Responder] INFO  ipc.Server (Server.java:run(1512)) - Stopping IPC Server Responder
2021-08-24 17:29:15,314 [Listener at 127.0.0.1/13276] INFO  server.StorageContainerManager (StorageContainerManager.java:stop(1399)) - Stopping Storage Container Manager HTTP server.
2021-08-24 17:29:15,314 [Listener at 127.0.0.1/13276] INFO  handler.ContextHandler (ContextHandler.java:doStop(1153)) - Stopped o.e.j.w.WebAppContext@2c0e24c7{scm,/,null,STOPPED}{file:/home/runner/work/ozone/ozone/hadoop-ozone/integration-test/target/test-classes/webapps/scm}
2021-08-24 17:29:15,315 [e8d1986c-780f-4d33-a74d-27dc83e10bbb@group-A351CF2C3253-FollowerState] INFO  impl.FollowerState (FollowerState.java:run(134)) - e8d1986c-780f-4d33-a74d-27dc83e10bbb@group-A351CF2C3253-FollowerState: change to CANDIDATE, lastRpcElapsedTime:5131832157ns, electionTimeout:5116ms
2021-08-24 17:29:15,315 [e8d1986c-780f-4d33-a74d-27dc83e10bbb@group-A351CF2C3253-FollowerState] INFO  impl.RoleInfo (RoleInfo.java:shutdownFollowerState(108)) - e8d1986c-780f-4d33-a74d-27dc83e10bbb: shutdown e8d1986c-780f-4d33-a74d-27dc83e10bbb@group-A351CF2C3253-FollowerState
2021-08-24 17:29:15,315 [e8d1986c-780f-4d33-a74d-27dc83e10bbb@group-A351CF2C3253-FollowerState] INFO  server.RaftServer$Division (RaftServerImpl.java:setRole(285)) - e8d1986c-780f-4d33-a74d-27dc83e10bbb@group-A351CF2C3253: changes role from  FOLLOWER to CANDIDATE at term 2 for changeToCandidate
2021-08-24 17:29:15,315 [e8d1986c-780f-4d33-a74d-27dc83e10bbb@group-A351CF2C3253-FollowerState] INFO  server.RaftServerConfigKeys (ConfUtils.java:logGet(44)) - raft.server.leaderelection.pre-vote = false (custom)
2021-08-24 17:29:15,315 [e8d1986c-780f-4d33-a74d-27dc83e10bbb@group-A351CF2C3253-FollowerState] INFO  impl.RoleInfo (RoleInfo.java:updateAndGet(130)) - e8d1986c-780f-4d33-a74d-27dc83e10bbb: start e8d1986c-780f-4d33-a74d-27dc83e10bbb@group-A351CF2C3253-LeaderElection23
2021-08-24 17:29:15,318 [Listener at 127.0.0.1/13276] INFO  server.AbstractConnector (AbstractConnector.java:doStop(381)) - Stopped ServerConnector@12f4f654{HTTP/1.1, (http/1.1)}{0.0.0.0:0}
2021-08-24 17:29:15,318 [Listener at 127.0.0.1/13276] INFO  server.session (HouseKeeper.java:stopScavenging(149)) - node0 Stopped scavenging
2021-08-24 17:29:15,331 [Listener at 127.0.0.1/13276] INFO  handler.ContextHandler (ContextHandler.java:doStop(1153)) - Stopped o.e.j.s.ServletContextHandler@38e2e99e{static,/static,file:///home/runner/work/ozone/ozone/hadoop-ozone/integration-test/target/test-classes/webapps/static,STOPPED}
2021-08-24 17:29:15,331 [Listener at 127.0.0.1/13276] INFO  handler.ContextHandler (ContextHandler.java:doStop(1153)) - Stopped o.e.j.s.ServletContextHandler@227a2e32{logs,/logs,file:///home/runner/work/ozone/ozone/hadoop-ozone/integration-test/target/log,STOPPED}
2021-08-24 17:29:15,332 [Listener at 127.0.0.1/13276] INFO  server.StorageContainerManager (StorageContainerManager.java:stop(1410)) - Stopping Block Manager Service.
2021-08-24 17:29:15,332 [Listener at 127.0.0.1/13276] INFO  utils.BackgroundService (BackgroundService.java:shutdown(132)) - Shutting down service SCMBlockDeletingService
2021-08-24 17:29:15,333 [Listener at 127.0.0.1/13276] INFO  utils.BackgroundService (BackgroundService.java:shutdown(132)) - Shutting down service SCMBlockDeletingService
2021-08-24 17:29:15,333 [Listener at 127.0.0.1/13276] INFO  server.StorageContainerManager (StorageContainerManager.java:stop(1437)) - Stopping SCM Event Queue.
2021-08-24 17:29:15,336 [Listener at 127.0.0.1/13276] INFO  server.StorageContainerManager (StorageContainerManager.java:stop(1448)) - Stopping SCM HA services.
2021-08-24 17:29:15,336 [Listener at 127.0.0.1/13276] INFO  pipeline.BackgroundPipelineCreator (BackgroundPipelineCreatorV2.java:stop(158)) - Stopping RatisPipelineUtilsThread.
2021-08-24 17:29:15,337 [Listener at 127.0.0.1/13276] INFO  server.StorageContainerManager (StorageContainerManager.java:stop(1458)) - Stopping SCM MetadataStore.
2021-08-24 17:29:15,337 [Listener at 127.0.0.1/13276] INFO  impl.MetricsSystemImpl (MetricsSystemImpl.java:stop(210)) - Stopping OzoneManager metrics system...
2021-08-24 17:29:15,358 [e8d1986c-780f-4d33-a74d-27dc83e10bbb@group-A351CF2C3253-LeaderElection23] INFO  impl.LeaderElection (LeaderElection.java:askForVotes(306)) - e8d1986c-780f-4d33-a74d-27dc83e10bbb@group-A351CF2C3253-LeaderElection23 ELECTION round 0: submit vote requests at term 3 for -1: [6297aa79-c9f3-4b67-b89c-6a3b1390e4ad|rpc:10.1.0.28:45341|dataStream:|priority:1, e8d1986c-780f-4d33-a74d-27dc83e10bbb|rpc:10.1.0.28:42563|dataStream:|priority:0, 09a15da1-6242-4e82-84e8-d6513e6d0a72|rpc:10.1.0.28:38023|dataStream:|priority:0], old=null
2021-08-24 17:29:15,369 [prometheus] INFO  impl.MetricsSinkAdapter (MetricsSinkAdapter.java:publishMetricsFromQueue(141)) - prometheus thread interrupted.
2021-08-24 17:29:15,373 [Listener at 127.0.0.1/13276] INFO  impl.MetricsSystemImpl (MetricsSystemImpl.java:stop(216)) - OzoneManager metrics system stopped.
2021-08-24 17:29:15,374 [Listener at 127.0.0.1/13276] INFO  ozone.MiniOzoneClusterImpl (MiniOzoneClusterImpl.java:stop(468)) - Stopping the Mini Ozone Cluster
2021-08-24 17:29:15,374 [Listener at 127.0.0.1/13276] INFO  ozone.MiniOzoneClusterImpl (MiniOzoneClusterImpl.java:stopDatanodes(527)) - Stopping the HddsDatanodes
2021-08-24 17:29:15,376 [grpc-default-executor-3] INFO  server.RaftServer$Division (RaftServerImpl.java:requestVote(1043)) - 6297aa79-c9f3-4b67-b89c-6a3b1390e4ad@group-A351CF2C3253: receive requestVote(ELECTION, e8d1986c-780f-4d33-a74d-27dc83e10bbb, group-A351CF2C3253, 3, (t:0, i:0))
2021-08-24 17:29:15,376 [grpc-default-executor-3] INFO  impl.VoteContext (VoteContext.java:log(48)) - 6297aa79-c9f3-4b67-b89c-6a3b1390e4ad@group-A351CF2C3253-FOLLOWER: reject ELECTION from e8d1986c-780f-4d33-a74d-27dc83e10bbb: our priority 1 > candidate's priority 0
2021-08-24 17:29:15,376 [grpc-default-executor-3] INFO  server.RaftServer$Division (RaftServerImpl.java:setRole(285)) - 6297aa79-c9f3-4b67-b89c-6a3b1390e4ad@group-A351CF2C3253: changes role from  FOLLOWER to FOLLOWER at term 3 for candidate:e8d1986c-780f-4d33-a74d-27dc83e10bbb
2021-08-24 17:29:15,376 [grpc-default-executor-3] INFO  impl.RoleInfo (RoleInfo.java:shutdownFollowerState(108)) - 6297aa79-c9f3-4b67-b89c-6a3b1390e4ad: shutdown 6297aa79-c9f3-4b67-b89c-6a3b1390e4ad@group-A351CF2C3253-FollowerState
2021-08-24 17:29:15,376 [grpc-default-executor-3] INFO  impl.RoleInfo (RoleInfo.java:updateAndGet(130)) - 6297aa79-c9f3-4b67-b89c-6a3b1390e4ad: start 6297aa79-c9f3-4b67-b89c-6a3b1390e4ad@group-A351CF2C3253-FollowerState
2021-08-24 17:29:15,377 [6297aa79-c9f3-4b67-b89c-6a3b1390e4ad@group-A351CF2C3253-FollowerState] INFO  impl.FollowerState (FollowerState.java:run(143)) - 6297aa79-c9f3-4b67-b89c-6a3b1390e4ad@group-A351CF2C3253-FollowerState was interrupted: {}
java.lang.InterruptedException: sleep interrupted
	at java.lang.Thread.sleep(Native Method)
	at java.lang.Thread.sleep(Thread.java:340)
	at java.util.concurrent.TimeUnit.sleep(TimeUnit.java:386)
	at org.apache.ratis.util.TimeDuration.sleep(TimeDuration.java:324)
	at org.apache.ratis.util.TimeDuration.sleep(TimeDuration.java:309)
	at org.apache.ratis.server.impl.FollowerState.run(FollowerState.java:118)
2021-08-24 17:29:15,390 [grpc-default-executor-0] INFO  server.RaftServer$Division (RaftServerImpl.java:requestVote(1043)) - 09a15da1-6242-4e82-84e8-d6513e6d0a72@group-A351CF2C3253: receive requestVote(ELECTION, e8d1986c-780f-4d33-a74d-27dc83e10bbb, group-A351CF2C3253, 3, (t:0, i:0))
2021-08-24 17:29:15,390 [grpc-default-executor-0] INFO  impl.VoteContext (VoteContext.java:log(48)) - 09a15da1-6242-4e82-84e8-d6513e6d0a72@group-A351CF2C3253-FOLLOWER: accept ELECTION from e8d1986c-780f-4d33-a74d-27dc83e10bbb: our priority 0 <= candidate's priority 0
2021-08-24 17:29:15,390 [grpc-default-executor-0] INFO  server.RaftServer$Division (RaftServerImpl.java:setRole(285)) - 09a15da1-6242-4e82-84e8-d6513e6d0a72@group-A351CF2C3253: changes role from  FOLLOWER to FOLLOWER at term 3 for candidate:e8d1986c-780f-4d33-a74d-27dc83e10bbb
2021-08-24 17:29:15,390 [grpc-default-executor-0] INFO  impl.RoleInfo (RoleInfo.java:shutdownFollowerState(108)) - 09a15da1-6242-4e82-84e8-d6513e6d0a72: shutdown 09a15da1-6242-4e82-84e8-d6513e6d0a72@group-A351CF2C3253-FollowerState
2021-08-24 17:29:15,390 [grpc-default-executor-0] INFO  impl.RoleInfo (RoleInfo.java:updateAndGet(130)) - 09a15da1-6242-4e82-84e8-d6513e6d0a72: start 09a15da1-6242-4e82-84e8-d6513e6d0a72@group-A351CF2C3253-FollowerState
2021-08-24 17:29:15,390 [09a15da1-6242-4e82-84e8-d6513e6d0a72@group-A351CF2C3253-FollowerState] INFO  impl.FollowerState (FollowerState.java:run(143)) - 09a15da1-6242-4e82-84e8-d6513e6d0a72@group-A351CF2C3253-FollowerState was interrupted: {}
java.lang.InterruptedException: sleep interrupted
	at java.lang.Thread.sleep(Native Method)
	at java.lang.Thread.sleep(Thread.java:340)
	at java.util.concurrent.TimeUnit.sleep(TimeUnit.java:386)
	at org.apache.ratis.util.TimeDuration.sleep(TimeDuration.java:324)
	at org.apache.ratis.util.TimeDuration.sleep(TimeDuration.java:309)
	at org.apache.ratis.server.impl.FollowerState.run(FollowerState.java:118)
2021-08-24 17:29:15,392 [grpc-default-executor-3] INFO  server.RaftServer$Division (RaftServerImpl.java:requestVote(1075)) - 6297aa79-c9f3-4b67-b89c-6a3b1390e4ad@group-A351CF2C3253 replies to ELECTION vote request: e8d1986c-780f-4d33-a74d-27dc83e10bbb<-6297aa79-c9f3-4b67-b89c-6a3b1390e4ad#0:FAIL-t3. Peer's state: 6297aa79-c9f3-4b67-b89c-6a3b1390e4ad@group-A351CF2C3253:t3, leader=null, voted=null, raftlog=6297aa79-c9f3-4b67-b89c-6a3b1390e4ad@group-A351CF2C3253-SegmentedRaftLog:OPENED:c-1,f-1,i0, conf=-1: [6297aa79-c9f3-4b67-b89c-6a3b1390e4ad|rpc:10.1.0.28:45341|dataStream:|priority:1, e8d1986c-780f-4d33-a74d-27dc83e10bbb|rpc:10.1.0.28:42563|dataStream:|priority:0, 09a15da1-6242-4e82-84e8-d6513e6d0a72|rpc:10.1.0.28:38023|dataStream:|priority:0], old=null
2021-08-24 17:29:15,393 [grpc-default-executor-0] INFO  server.RaftServer$Division (RaftServerImpl.java:requestVote(1075)) - 09a15da1-6242-4e82-84e8-d6513e6d0a72@group-A351CF2C3253 replies to ELECTION vote request: e8d1986c-780f-4d33-a74d-27dc83e10bbb<-09a15da1-6242-4e82-84e8-d6513e6d0a72#0:OK-t3. Peer's state: 09a15da1-6242-4e82-84e8-d6513e6d0a72@group-A351CF2C3253:t3, leader=null, voted=e8d1986c-780f-4d33-a74d-27dc83e10bbb, raftlog=09a15da1-6242-4e82-84e8-d6513e6d0a72@group-A351CF2C3253-SegmentedRaftLog:OPENED:c-1,f-1,i0, conf=-1: [6297aa79-c9f3-4b67-b89c-6a3b1390e4ad|rpc:10.1.0.28:45341|priority:1, e8d1986c-780f-4d33-a74d-27dc83e10bbb|rpc:10.1.0.28:42563|priority:0, 09a15da1-6242-4e82-84e8-d6513e6d0a72|rpc:10.1.0.28:38023|priority:0], old=null
2021-08-24 17:29:15,393 [e8d1986c-780f-4d33-a74d-27dc83e10bbb@group-A351CF2C3253-LeaderElection23] INFO  impl.LeaderElection (LeaderElection.java:logAndReturn(89)) - e8d1986c-780f-4d33-a74d-27dc83e10bbb@group-A351CF2C3253-LeaderElection23: ELECTION REJECTED received 1 response(s) and 0 exception(s):
2021-08-24 17:29:15,393 [e8d1986c-780f-4d33-a74d-27dc83e10bbb@group-A351CF2C3253-LeaderElection23] INFO  impl.LeaderElection (LeaderElection.java:logAndReturn(93)) -   Response 0: e8d1986c-780f-4d33-a74d-27dc83e10bbb<-6297aa79-c9f3-4b67-b89c-6a3b1390e4ad#0:FAIL-t3
2021-08-24 17:29:15,393 [e8d1986c-780f-4d33-a74d-27dc83e10bbb@group-A351CF2C3253-LeaderElection23] INFO  impl.LeaderElection (LeaderElection.java:askForVotes(308)) - e8d1986c-780f-4d33-a74d-27dc83e10bbb@group-A351CF2C3253-LeaderElection23 ELECTION round 0: result REJECTED
2021-08-24 17:29:15,393 [e8d1986c-780f-4d33-a74d-27dc83e10bbb@group-A351CF2C3253-LeaderElection23] INFO  server.RaftServer$Division (RaftServerImpl.java:setRole(285)) - e8d1986c-780f-4d33-a74d-27dc83e10bbb@group-A351CF2C3253: changes role from CANDIDATE to FOLLOWER at term 3 for REJECTED
2021-08-24 17:29:15,393 [e8d1986c-780f-4d33-a74d-27dc83e10bbb@group-A351CF2C3253-LeaderElection23] INFO  impl.RoleInfo (RoleInfo.java:shutdownLeaderElection(121)) - e8d1986c-780f-4d33-a74d-27dc83e10bbb: shutdown e8d1986c-780f-4d33-a74d-27dc83e10bbb@group-A351CF2C3253-LeaderElection23
2021-08-24 17:29:15,393 [e8d1986c-780f-4d33-a74d-27dc83e10bbb@group-A351CF2C3253-LeaderElection23] INFO  impl.RoleInfo (RoleInfo.java:updateAndGet(130)) - e8d1986c-780f-4d33-a74d-27dc83e10bbb: start e8d1986c-780f-4d33-a74d-27dc83e10bbb@group-A351CF2C3253-FollowerState
2021-08-24 17:29:15,415 [Datanode State Machine Thread - 0] INFO  statemachine.DatanodeStateMachine (DatanodeStateMachine.java:lambda$startDaemon$0(457)) - Ozone container server started.
2021-08-24 17:29:16,186 [EndpointStateMachine task thread for /0.0.0.0:35951 - 0 ] INFO  ipc.Client (Client.java:handleConnectionFailure(977)) - Retrying connect to server: 0.0.0.0/0.0.0.0:35951. Already tried 11 time(s); retry policy is RetryUpToMaximumCountWithFixedSleep(maxRetries=15, sleepTime=1000 MILLISECONDS)
2021-08-24 17:29:16,294 [Datanode State Machine Thread - 0] INFO  statemachine.DatanodeStateMachine (DatanodeStateMachine.java:lambda$startDaemon$0(457)) - Ozone container server started.
2021-08-24 17:29:16,797 [EndpointStateMachine task thread for /0.0.0.0:39803 - 0 ] INFO  ipc.Client (Client.java:handleConnectionFailure(977)) - Retrying connect to server: 0.0.0.0/0.0.0.0:39803. Already tried 0 time(s); retry policy is RetryUpToMaximumCountWithFixedSleep(maxRetries=15, sleepTime=1000 MILLISECONDS)
2021-08-24 17:29:17,187 [EndpointStateMachine task thread for /0.0.0.0:35951 - 0 ] INFO  ipc.Client (Client.java:handleConnectionFailure(977)) - Retrying connect to server: 0.0.0.0/0.0.0.0:35951. Already tried 12 time(s); retry policy is RetryUpToMaximumCountWithFixedSleep(maxRetries=15, sleepTime=1000 MILLISECONDS)
2021-08-24 17:29:17,799 [EndpointStateMachine task thread for /0.0.0.0:39803 - 0 ] INFO  ipc.Client (Client.java:handleConnectionFailure(977)) - Retrying connect to server: 0.0.0.0/0.0.0.0:39803. Already tried 1 time(s); retry policy is RetryUpToMaximumCountWithFixedSleep(maxRetries=15, sleepTime=1000 MILLISECONDS)
2021-08-24 17:29:18,188 [EndpointStateMachine task thread for /0.0.0.0:35951 - 0 ] INFO  ipc.Client (Client.java:handleConnectionFailure(977)) - Retrying connect to server: 0.0.0.0/0.0.0.0:35951. Already tried 13 time(s); retry policy is RetryUpToMaximumCountWithFixedSleep(maxRetries=15, sleepTime=1000 MILLISECONDS)
2021-08-24 17:29:18,799 [EndpointStateMachine task thread for /0.0.0.0:39803 - 0 ] INFO  ipc.Client (Client.java:handleConnectionFailure(977)) - Retrying connect to server: 0.0.0.0/0.0.0.0:39803. Already tried 2 time(s); retry policy is RetryUpToMaximumCountWithFixedSleep(maxRetries=15, sleepTime=1000 MILLISECONDS)
2021-08-24 17:29:19,188 [EndpointStateMachine task thread for /0.0.0.0:35951 - 0 ] INFO  ipc.Client (Client.java:handleConnectionFailure(977)) - Retrying connect to server: 0.0.0.0/0.0.0.0:35951. Already tried 14 time(s); retry policy is RetryUpToMaximumCountWithFixedSleep(maxRetries=15, sleepTime=1000 MILLISECONDS)
2021-08-24 17:29:19,800 [EndpointStateMachine task thread for /0.0.0.0:39803 - 0 ] INFO  ipc.Client (Client.java:handleConnectionFailure(977)) - Retrying connect to server: 0.0.0.0/0.0.0.0:39803. Already tried 3 time(s); retry policy is RetryUpToMaximumCountWithFixedSleep(maxRetries=15, sleepTime=1000 MILLISECONDS)
2021-08-24 17:29:20,190 [EndpointStateMachine task thread for /0.0.0.0:35951 - 0 ] INFO  ipc.Client (Client.java:handleConnectionFailure(977)) - Retrying connect to server: 0.0.0.0/0.0.0.0:35951. Already tried 0 time(s); retry policy is RetryUpToMaximumCountWithFixedSleep(maxRetries=15, sleepTime=1000 MILLISECONDS)
2021-08-24 17:29:20,374 [Listener at 127.0.0.1/13276] INFO  ozoneimpl.OzoneContainer (OzoneContainer.java:stop(326)) - Attempting to stop container services.
2021-08-24 17:29:20,375 [ForkJoinPool.commonPool-worker-1] INFO  ozoneimpl.OzoneContainer (OzoneContainer.java:stop(326)) - Attempting to stop container services.
2021-08-24 17:29:20,376 [ForkJoinPool.commonPool-worker-1] INFO  server.RaftServer (RaftServerProxy.java:lambda$close$6(391)) - 09a15da1-6242-4e82-84e8-d6513e6d0a72: close
2021-08-24 17:29:20,376 [ForkJoinPool.commonPool-worker-1] INFO  server.RaftServer$Division (RaftServerImpl.java:lambda$close$4(407)) - 09a15da1-6242-4e82-84e8-d6513e6d0a72@group-A771C5E605AF: shutdown
2021-08-24 17:29:20,376 [ForkJoinPool.commonPool-worker-1] INFO  util.JmxRegister (JmxRegister.java:unregister(73)) - Successfully un-registered JMX Bean with object name Ratis:service=RaftServer,group=group-A771C5E605AF,id=09a15da1-6242-4e82-84e8-d6513e6d0a72
2021-08-24 17:29:20,376 [ForkJoinPool.commonPool-worker-1] INFO  impl.RoleInfo (RoleInfo.java:shutdownLeaderState(91)) - 09a15da1-6242-4e82-84e8-d6513e6d0a72: shutdown 09a15da1-6242-4e82-84e8-d6513e6d0a72@group-A771C5E605AF-LeaderStateImpl
2021-08-24 17:29:20,376 [ForkJoinPool.commonPool-worker-1] INFO  impl.PendingRequests (PendingRequests.java:sendNotLeaderResponses(282)) - 09a15da1-6242-4e82-84e8-d6513e6d0a72@group-A771C5E605AF-PendingRequests: sendNotLeaderResponses
2021-08-24 17:29:20,377 [ForkJoinPool.commonPool-worker-1] INFO  impl.StateMachineUpdater (StateMachineUpdater.java:stopAndJoin(149)) - 09a15da1-6242-4e82-84e8-d6513e6d0a72@group-A771C5E605AF-StateMachineUpdater: set stopIndex = 0
2021-08-24 17:29:20,377 [09a15da1-6242-4e82-84e8-d6513e6d0a72@group-A771C5E605AF-StateMachineUpdater] INFO  ratis.ContainerStateMachine (ContainerStateMachine.java:takeSnapshot(292)) - group-A771C5E605AF: Taking a snapshot at:(t:1, i:0) file /home/runner/work/ozone/ozone/hadoop-ozone/integration-test/target/test-dir/MiniOzoneClusterImpl-013421b4-bdfc-48e1-b28d-0fb3f9f00c6e/datanode-0/data/ratis/149b9e0f-0b6f-4293-9782-a771c5e605af/sm/snapshot.1_0
2021-08-24 17:29:20,379 [Listener at 127.0.0.1/13276] INFO  server.RaftServer (RaftServerProxy.java:lambda$close$6(391)) - e8d1986c-780f-4d33-a74d-27dc83e10bbb: close
2021-08-24 17:29:20,379 [Listener at 127.0.0.1/13276] INFO  server.RaftServer$Division (RaftServerImpl.java:lambda$close$4(407)) - e8d1986c-780f-4d33-a74d-27dc83e10bbb@group-371D8429D248: shutdown
2021-08-24 17:29:20,379 [Listener at 127.0.0.1/13276] INFO  util.JmxRegister (JmxRegister.java:unregister(73)) - Successfully un-registered JMX Bean with object name Ratis:service=RaftServer,group=group-371D8429D248,id=e8d1986c-780f-4d33-a74d-27dc83e10bbb
2021-08-24 17:29:20,380 [Listener at 127.0.0.1/13276] INFO  impl.RoleInfo (RoleInfo.java:shutdownLeaderState(91)) - e8d1986c-780f-4d33-a74d-27dc83e10bbb: shutdown e8d1986c-780f-4d33-a74d-27dc83e10bbb@group-371D8429D248-LeaderStateImpl
2021-08-24 17:29:20,380 [Listener at 127.0.0.1/13276] INFO  impl.PendingRequests (PendingRequests.java:sendNotLeaderResponses(282)) - e8d1986c-780f-4d33-a74d-27dc83e10bbb@group-371D8429D248-PendingRequests: sendNotLeaderResponses
2021-08-24 17:29:20,381 [09a15da1-6242-4e82-84e8-d6513e6d0a72@group-A771C5E605AF-StateMachineUpdater] INFO  ratis.ContainerStateMachine (ContainerStateMachine.java:takeSnapshot(303)) - group-A771C5E605AF: Finished taking a snapshot at:(t:1, i:0) file:/home/runner/work/ozone/ozone/hadoop-ozone/integration-test/target/test-dir/MiniOzoneClusterImpl-013421b4-bdfc-48e1-b28d-0fb3f9f00c6e/datanode-0/data/ratis/149b9e0f-0b6f-4293-9782-a771c5e605af/sm/snapshot.1_0 took: 4 ms
2021-08-24 17:29:20,381 [09a15da1-6242-4e82-84e8-d6513e6d0a72@group-A771C5E605AF-StateMachineUpdater] INFO  impl.StateMachineUpdater (StateMachineUpdater.java:takeSnapshot(281)) - 09a15da1-6242-4e82-84e8-d6513e6d0a72@group-A771C5E605AF-StateMachineUpdater: Took a snapshot at index 0
2021-08-24 17:29:20,381 [09a15da1-6242-4e82-84e8-d6513e6d0a72@group-A771C5E605AF-StateMachineUpdater] INFO  impl.StateMachineUpdater (StateMachineUpdater.java:lambda$new$0(89)) - 09a15da1-6242-4e82-84e8-d6513e6d0a72@group-A771C5E605AF-StateMachineUpdater: snapshotIndex: updateIncreasingly -1 -> 0
2021-08-24 17:29:20,381 [ForkJoinPool.commonPool-worker-1] INFO  server.RaftServer$Division (ServerState.java:close(419)) - 09a15da1-6242-4e82-84e8-d6513e6d0a72@group-A771C5E605AF: closes. applyIndex: 0
2021-08-24 17:29:20,381 [09a15da1-6242-4e82-84e8-d6513e6d0a72@group-A771C5E605AF-SegmentedRaftLogWorker] INFO  segmented.SegmentedRaftLogWorker (SegmentedRaftLogWorker.java:run(327)) - 09a15da1-6242-4e82-84e8-d6513e6d0a72@group-A771C5E605AF-SegmentedRaftLogWorker was interrupted, exiting. There are 0 tasks remaining in the queue.
2021-08-24 17:29:20,382 [e8d1986c-780f-4d33-a74d-27dc83e10bbb@group-371D8429D248-StateMachineUpdater] INFO  ratis.ContainerStateMachine (ContainerStateMachine.java:takeSnapshot(292)) - group-371D8429D248: Taking a snapshot at:(t:1, i:0) file /home/runner/work/ozone/ozone/hadoop-ozone/integration-test/target/test-dir/MiniOzoneClusterImpl-013421b4-bdfc-48e1-b28d-0fb3f9f00c6e/datanode-1/data/ratis/55d56908-60ab-49cb-82d2-371d8429d248/sm/snapshot.1_0
2021-08-24 17:29:20,382 [Listener at 127.0.0.1/13276] INFO  impl.StateMachineUpdater (StateMachineUpdater.java:stopAndJoin(149)) - e8d1986c-780f-4d33-a74d-27dc83e10bbb@group-371D8429D248-StateMachineUpdater: set stopIndex = 0
2021-08-24 17:29:20,383 [ForkJoinPool.commonPool-worker-1] INFO  segmented.SegmentedRaftLogWorker (SegmentedRaftLogWorker.java:close(237)) - 09a15da1-6242-4e82-84e8-d6513e6d0a72@group-A771C5E605AF-SegmentedRaftLogWorker close()
2021-08-24 17:29:20,383 [ForkJoinPool.commonPool-worker-1] INFO  server.RaftServer$Division (RaftServerImpl.java:lambda$close$4(407)) - 09a15da1-6242-4e82-84e8-d6513e6d0a72@group-A351CF2C3253: shutdown
2021-08-24 17:29:20,384 [ForkJoinPool.commonPool-worker-1] INFO  util.JmxRegister (JmxRegister.java:unregister(73)) - Successfully un-registered JMX Bean with object name Ratis:service=RaftServer,group=group-A351CF2C3253,id=09a15da1-6242-4e82-84e8-d6513e6d0a72
2021-08-24 17:29:20,384 [ForkJoinPool.commonPool-worker-1] INFO  impl.RoleInfo (RoleInfo.java:shutdownFollowerState(108)) - 09a15da1-6242-4e82-84e8-d6513e6d0a72: shutdown 09a15da1-6242-4e82-84e8-d6513e6d0a72@group-A351CF2C3253-FollowerState
2021-08-24 17:29:20,384 [ForkJoinPool.commonPool-worker-1] INFO  impl.StateMachineUpdater (StateMachineUpdater.java:stopAndJoin(149)) - 09a15da1-6242-4e82-84e8-d6513e6d0a72@group-A351CF2C3253-StateMachineUpdater: set stopIndex = -1
2021-08-24 17:29:20,384 [09a15da1-6242-4e82-84e8-d6513e6d0a72@group-A351CF2C3253-FollowerState] INFO  impl.FollowerState (FollowerState.java:run(143)) - 09a15da1-6242-4e82-84e8-d6513e6d0a72@group-A351CF2C3253-FollowerState was interrupted: {}
java.lang.InterruptedException: sleep interrupted
	at java.lang.Thread.sleep(Native Method)
	at java.lang.Thread.sleep(Thread.java:340)
	at java.util.concurrent.TimeUnit.sleep(TimeUnit.java:386)
	at org.apache.ratis.util.TimeDuration.sleep(TimeDuration.java:324)
	at org.apache.ratis.util.TimeDuration.sleep(TimeDuration.java:309)
	at org.apache.ratis.server.impl.FollowerState.run(FollowerState.java:118)
2021-08-24 17:29:20,384 [e8d1986c-780f-4d33-a74d-27dc83e10bbb@group-371D8429D248-StateMachineUpdater] INFO  ratis.ContainerStateMachine (ContainerStateMachine.java:takeSnapshot(303)) - group-371D8429D248: Finished taking a snapshot at:(t:1, i:0) file:/home/runner/work/ozone/ozone/hadoop-ozone/integration-test/target/test-dir/MiniOzoneClusterImpl-013421b4-bdfc-48e1-b28d-0fb3f9f00c6e/datanode-1/data/ratis/55d56908-60ab-49cb-82d2-371d8429d248/sm/snapshot.1_0 took: 3 ms
2021-08-24 17:29:20,384 [e8d1986c-780f-4d33-a74d-27dc83e10bbb@group-371D8429D248-StateMachineUpdater] INFO  impl.StateMachineUpdater (StateMachineUpdater.java:takeSnapshot(281)) - e8d1986c-780f-4d33-a74d-27dc83e10bbb@group-371D8429D248-StateMachineUpdater: Took a snapshot at index 0
2021-08-24 17:29:20,384 [e8d1986c-780f-4d33-a74d-27dc83e10bbb@group-371D8429D248-StateMachineUpdater] INFO  impl.StateMachineUpdater (StateMachineUpdater.java:lambda$new$0(89)) - e8d1986c-780f-4d33-a74d-27dc83e10bbb@group-371D8429D248-StateMachineUpdater: snapshotIndex: updateIncreasingly -1 -> 0
2021-08-24 17:29:20,390 [Listener at 127.0.0.1/13276] INFO  server.RaftServer$Division (ServerState.java:close(419)) - e8d1986c-780f-4d33-a74d-27dc83e10bbb@group-371D8429D248: closes. applyIndex: 0
2021-08-24 17:29:20,390 [ForkJoinPool.commonPool-worker-1] INFO  server.RaftServer$Division (ServerState.java:close(419)) - 09a15da1-6242-4e82-84e8-d6513e6d0a72@group-A351CF2C3253: closes. applyIndex: -1
2021-08-24 17:29:20,390 [e8d1986c-780f-4d33-a74d-27dc83e10bbb@group-371D8429D248-SegmentedRaftLogWorker] INFO  segmented.SegmentedRaftLogWorker (SegmentedRaftLogWorker.java:run(327)) - e8d1986c-780f-4d33-a74d-27dc83e10bbb@group-371D8429D248-SegmentedRaftLogWorker was interrupted, exiting. There are 0 tasks remaining in the queue.
2021-08-24 17:29:20,390 [09a15da1-6242-4e82-84e8-d6513e6d0a72@group-A351CF2C3253-SegmentedRaftLogWorker] INFO  segmented.SegmentedRaftLogWorker (SegmentedRaftLogWorker.java:run(327)) - 09a15da1-6242-4e82-84e8-d6513e6d0a72@group-A351CF2C3253-SegmentedRaftLogWorker was interrupted, exiting. There are 0 tasks remaining in the queue.
2021-08-24 17:29:20,390 [ForkJoinPool.commonPool-worker-1] INFO  segmented.SegmentedRaftLogWorker (SegmentedRaftLogWorker.java:close(237)) - 09a15da1-6242-4e82-84e8-d6513e6d0a72@group-A351CF2C3253-SegmentedRaftLogWorker close()
2021-08-24 17:29:20,390 [Listener at 127.0.0.1/13276] INFO  segmented.SegmentedRaftLogWorker (SegmentedRaftLogWorker.java:close(237)) - e8d1986c-780f-4d33-a74d-27dc83e10bbb@group-371D8429D248-SegmentedRaftLogWorker close()
2021-08-24 17:29:20,391 [ForkJoinPool.commonPool-worker-1] INFO  server.RaftServer$Division (RaftServerImpl.java:lambda$close$4(407)) - 09a15da1-6242-4e82-84e8-d6513e6d0a72@group-7C5DC977ED2D: shutdown
2021-08-24 17:29:20,391 [ForkJoinPool.commonPool-worker-1] INFO  util.JmxRegister (JmxRegister.java:unregister(73)) - Successfully un-registered JMX Bean with object name Ratis:service=RaftServer,group=group-7C5DC977ED2D,id=09a15da1-6242-4e82-84e8-d6513e6d0a72
2021-08-24 17:29:20,391 [ForkJoinPool.commonPool-worker-1] INFO  impl.RoleInfo (RoleInfo.java:shutdownLeaderState(91)) - 09a15da1-6242-4e82-84e8-d6513e6d0a72: shutdown 09a15da1-6242-4e82-84e8-d6513e6d0a72@group-7C5DC977ED2D-LeaderStateImpl
2021-08-24 17:29:20,391 [ForkJoinPool.commonPool-worker-1] INFO  impl.PendingRequests (PendingRequests.java:sendNotLeaderResponses(282)) - 09a15da1-6242-4e82-84e8-d6513e6d0a72@group-7C5DC977ED2D-PendingRequests: sendNotLeaderResponses
2021-08-24 17:29:20,392 [09a15da1-6242-4e82-84e8-d6513e6d0a72@group-7C5DC977ED2D->e8d1986c-780f-4d33-a74d-27dc83e10bbb-GrpcLogAppender-LogAppenderDaemon] WARN  server.GrpcLogAppender (GrpcLogAppender.java:mayWait(175)) - 09a15da1-6242-4e82-84e8-d6513e6d0a72@group-7C5DC977ED2D->e8d1986c-780f-4d33-a74d-27dc83e10bbb-GrpcLogAppender: Wait interrupted by java.lang.InterruptedException
2021-08-24 17:29:20,392 [09a15da1-6242-4e82-84e8-d6513e6d0a72@group-7C5DC977ED2D->6297aa79-c9f3-4b67-b89c-6a3b1390e4ad-GrpcLogAppender-LogAppenderDaemon] WARN  server.GrpcLogAppender (GrpcLogAppender.java:mayWait(175)) - 09a15da1-6242-4e82-84e8-d6513e6d0a72@group-7C5DC977ED2D->6297aa79-c9f3-4b67-b89c-6a3b1390e4ad-GrpcLogAppender: Wait interrupted by java.lang.InterruptedException
2021-08-24 17:29:20,393 [Listener at 127.0.0.1/13276] INFO  server.RaftServer$Division (RaftServerImpl.java:lambda$close$4(407)) - e8d1986c-780f-4d33-a74d-27dc83e10bbb@group-A351CF2C3253: shutdown
2021-08-24 17:29:20,395 [09a15da1-6242-4e82-84e8-d6513e6d0a72@group-7C5DC977ED2D-StateMachineUpdater] INFO  ratis.ContainerStateMachine (ContainerStateMachine.java:takeSnapshot(292)) - group-7C5DC977ED2D: Taking a snapshot at:(t:1, i:0) file /home/runner/work/ozone/ozone/hadoop-ozone/integration-test/target/test-dir/MiniOzoneClusterImpl-013421b4-bdfc-48e1-b28d-0fb3f9f00c6e/datanode-0/data/ratis/1c8879a2-c243-4424-b625-7c5dc977ed2d/sm/snapshot.1_0
2021-08-24 17:29:20,393 [ForkJoinPool.commonPool-worker-1] INFO  impl.StateMachineUpdater (StateMachineUpdater.java:stopAndJoin(149)) - 09a15da1-6242-4e82-84e8-d6513e6d0a72@group-7C5DC977ED2D-StateMachineUpdater: set stopIndex = 0
2021-08-24 17:29:20,393 [grpc-default-executor-3] INFO  server.GrpcServerProtocolService (GrpcServerProtocolService.java:onCompleted(140)) - 6297aa79-c9f3-4b67-b89c-6a3b1390e4ad: Completed APPEND_ENTRIES, lastRequest: 09a15da1-6242-4e82-84e8-d6513e6d0a72->6297aa79-c9f3-4b67-b89c-6a3b1390e4ad#1-t1,previous=(t:0, i:0),leaderCommit=-1,initializing? true,entries: size=1, first=(t:1, i:0), CONFIGURATIONENTRY
2021-08-24 17:29:20,393 [grpc-default-executor-0] INFO  server.GrpcServerProtocolService (GrpcServerProtocolService.java:onCompleted(140)) - e8d1986c-780f-4d33-a74d-27dc83e10bbb: Completed APPEND_ENTRIES, lastRequest: 09a15da1-6242-4e82-84e8-d6513e6d0a72->e8d1986c-780f-4d33-a74d-27dc83e10bbb#1-t1,previous=(t:0, i:0),leaderCommit=-1,initializing? true,entries: size=1, first=(t:1, i:0), CONFIGURATIONENTRY
2021-08-24 17:29:20,396 [Listener at 127.0.0.1/13276] INFO  util.JmxRegister (JmxRegister.java:unregister(73)) - Successfully un-registered JMX Bean with object name Ratis:service=RaftServer,group=group-A351CF2C3253,id=e8d1986c-780f-4d33-a74d-27dc83e10bbb
2021-08-24 17:29:20,399 [grpc-default-executor-1] INFO  server.GrpcLogAppender (GrpcLogAppender.java:onCompleted(344)) - 09a15da1-6242-4e82-84e8-d6513e6d0a72@group-7C5DC977ED2D->e8d1986c-780f-4d33-a74d-27dc83e10bbb-AppendLogResponseHandler: follower responses appendEntries COMPLETED
2021-08-24 17:29:20,400 [grpc-default-executor-1] INFO  leader.FollowerInfo (FollowerInfoImpl.java:lambda$new$0(46)) - 09a15da1-6242-4e82-84e8-d6513e6d0a72@group-7C5DC977ED2D->e8d1986c-780f-4d33-a74d-27dc83e10bbb: nextIndex: updateUnconditionally 1 -> 0
2021-08-24 17:29:20,399 [grpc-default-executor-2] INFO  server.GrpcLogAppender (GrpcLogAppender.java:onCompleted(344)) - 09a15da1-6242-4e82-84e8-d6513e6d0a72@group-7C5DC977ED2D->6297aa79-c9f3-4b67-b89c-6a3b1390e4ad-AppendLogResponseHandler: follower responses appendEntries COMPLETED
2021-08-24 17:29:20,401 [grpc-default-executor-2] INFO  leader.FollowerInfo (FollowerInfoImpl.java:lambda$new$0(46)) - 09a15da1-6242-4e82-84e8-d6513e6d0a72@group-7C5DC977ED2D->6297aa79-c9f3-4b67-b89c-6a3b1390e4ad: nextIndex: updateUnconditionally 1 -> 0
2021-08-24 17:29:20,401 [Listener at 127.0.0.1/13276] INFO  impl.RoleInfo (RoleInfo.java:shutdownFollowerState(108)) - e8d1986c-780f-4d33-a74d-27dc83e10bbb: shutdown e8d1986c-780f-4d33-a74d-27dc83e10bbb@group-A351CF2C3253-FollowerState
2021-08-24 17:29:20,401 [e8d1986c-780f-4d33-a74d-27dc83e10bbb@group-A351CF2C3253-FollowerState] INFO  impl.FollowerState (FollowerState.java:run(143)) - e8d1986c-780f-4d33-a74d-27dc83e10bbb@group-A351CF2C3253-FollowerState was interrupted: {}
java.lang.InterruptedException: sleep interrupted
	at java.lang.Thread.sleep(Native Method)
	at java.lang.Thread.sleep(Thread.java:340)
	at java.util.concurrent.TimeUnit.sleep(TimeUnit.java:386)
	at org.apache.ratis.util.TimeDuration.sleep(TimeDuration.java:324)
	at org.apache.ratis.util.TimeDuration.sleep(TimeDuration.java:309)
	at org.apache.ratis.server.impl.FollowerState.run(FollowerState.java:118)
2021-08-24 17:29:20,401 [Listener at 127.0.0.1/13276] INFO  impl.StateMachineUpdater (StateMachineUpdater.java:stopAndJoin(149)) - e8d1986c-780f-4d33-a74d-27dc83e10bbb@group-A351CF2C3253-StateMachineUpdater: set stopIndex = -1
2021-08-24 17:29:20,401 [Listener at 127.0.0.1/13276] INFO  server.RaftServer$Division (ServerState.java:close(419)) - e8d1986c-780f-4d33-a74d-27dc83e10bbb@group-A351CF2C3253: closes. applyIndex: -1
2021-08-24 17:29:20,402 [e8d1986c-780f-4d33-a74d-27dc83e10bbb@group-A351CF2C3253-SegmentedRaftLogWorker] INFO  segmented.SegmentedRaftLogWorker (SegmentedRaftLogWorker.java:run(327)) - e8d1986c-780f-4d33-a74d-27dc83e10bbb@group-A351CF2C3253-SegmentedRaftLogWorker was interrupted, exiting. There are 0 tasks remaining in the queue.
2021-08-24 17:29:20,402 [Listener at 127.0.0.1/13276] INFO  segmented.SegmentedRaftLogWorker (SegmentedRaftLogWorker.java:close(237)) - e8d1986c-780f-4d33-a74d-27dc83e10bbb@group-A351CF2C3253-SegmentedRaftLogWorker close()
2021-08-24 17:29:20,403 [09a15da1-6242-4e82-84e8-d6513e6d0a72@group-7C5DC977ED2D-StateMachineUpdater] INFO  ratis.ContainerStateMachine (ContainerStateMachine.java:takeSnapshot(303)) - group-7C5DC977ED2D: Finished taking a snapshot at:(t:1, i:0) file:/home/runner/work/ozone/ozone/hadoop-ozone/integration-test/target/test-dir/MiniOzoneClusterImpl-013421b4-bdfc-48e1-b28d-0fb3f9f00c6e/datanode-0/data/ratis/1c8879a2-c243-4424-b625-7c5dc977ed2d/sm/snapshot.1_0 took: 8 ms
2021-08-24 17:29:20,403 [09a15da1-6242-4e82-84e8-d6513e6d0a72@group-7C5DC977ED2D-StateMachineUpdater] INFO  impl.StateMachineUpdater (StateMachineUpdater.java:takeSnapshot(281)) - 09a15da1-6242-4e82-84e8-d6513e6d0a72@group-7C5DC977ED2D-StateMachineUpdater: Took a snapshot at index 0
2021-08-24 17:29:20,403 [09a15da1-6242-4e82-84e8-d6513e6d0a72@group-7C5DC977ED2D-StateMachineUpdater] INFO  impl.StateMachineUpdater (StateMachineUpdater.java:lambda$new$0(89)) - 09a15da1-6242-4e82-84e8-d6513e6d0a72@group-7C5DC977ED2D-StateMachineUpdater: snapshotIndex: updateIncreasingly -1 -> 0
2021-08-24 17:29:20,403 [ForkJoinPool.commonPool-worker-1] INFO  server.RaftServer$Division (ServerState.java:close(419)) - 09a15da1-6242-4e82-84e8-d6513e6d0a72@group-7C5DC977ED2D: closes. applyIndex: 0
2021-08-24 17:29:20,410 [Listener at 127.0.0.1/13276] INFO  server.RaftServer$Division (RaftServerImpl.java:lambda$close$4(407)) - e8d1986c-780f-4d33-a74d-27dc83e10bbb@group-7C5DC977ED2D: shutdown
2021-08-24 17:29:20,410 [Listener at 127.0.0.1/13276] INFO  util.JmxRegister (JmxRegister.java:unregister(73)) - Successfully un-registered JMX Bean with object name Ratis:service=RaftServer,group=group-7C5DC977ED2D,id=e8d1986c-780f-4d33-a74d-27dc83e10bbb
2021-08-24 17:29:20,410 [Listener at 127.0.0.1/13276] INFO  impl.RoleInfo (RoleInfo.java:shutdownFollowerState(108)) - e8d1986c-780f-4d33-a74d-27dc83e10bbb: shutdown e8d1986c-780f-4d33-a74d-27dc83e10bbb@group-7C5DC977ED2D-FollowerState
2021-08-24 17:29:20,410 [Listener at 127.0.0.1/13276] INFO  impl.StateMachineUpdater (StateMachineUpdater.java:stopAndJoin(149)) - e8d1986c-780f-4d33-a74d-27dc83e10bbb@group-7C5DC977ED2D-StateMachineUpdater: set stopIndex = 0
2021-08-24 17:29:20,410 [e8d1986c-780f-4d33-a74d-27dc83e10bbb@group-7C5DC977ED2D-FollowerState] INFO  impl.FollowerState (FollowerState.java:run(143)) - e8d1986c-780f-4d33-a74d-27dc83e10bbb@group-7C5DC977ED2D-FollowerState was interrupted: {}
java.lang.InterruptedException: sleep interrupted
	at java.lang.Thread.sleep(Native Method)
	at java.lang.Thread.sleep(Thread.java:340)
	at java.util.concurrent.TimeUnit.sleep(TimeUnit.java:386)
	at org.apache.ratis.util.TimeDuration.sleep(TimeDuration.java:324)
	at org.apache.ratis.util.TimeDuration.sleep(TimeDuration.java:309)
	at org.apache.ratis.server.impl.FollowerState.run(FollowerState.java:118)
2021-08-24 17:29:20,411 [e8d1986c-780f-4d33-a74d-27dc83e10bbb@group-7C5DC977ED2D-StateMachineUpdater] INFO  ratis.ContainerStateMachine (ContainerStateMachine.java:takeSnapshot(292)) - group-7C5DC977ED2D: Taking a snapshot at:(t:1, i:0) file /home/runner/work/ozone/ozone/hadoop-ozone/integration-test/target/test-dir/MiniOzoneClusterImpl-013421b4-bdfc-48e1-b28d-0fb3f9f00c6e/datanode-1/data/ratis/1c8879a2-c243-4424-b625-7c5dc977ed2d/sm/snapshot.1_0
2021-08-24 17:29:20,413 [e8d1986c-780f-4d33-a74d-27dc83e10bbb@group-7C5DC977ED2D-StateMachineUpdater] INFO  ratis.ContainerStateMachine (ContainerStateMachine.java:takeSnapshot(303)) - group-7C5DC977ED2D: Finished taking a snapshot at:(t:1, i:0) file:/home/runner/work/ozone/ozone/hadoop-ozone/integration-test/target/test-dir/MiniOzoneClusterImpl-013421b4-bdfc-48e1-b28d-0fb3f9f00c6e/datanode-1/data/ratis/1c8879a2-c243-4424-b625-7c5dc977ed2d/sm/snapshot.1_0 took: 2 ms
2021-08-24 17:29:20,413 [e8d1986c-780f-4d33-a74d-27dc83e10bbb@group-7C5DC977ED2D-StateMachineUpdater] INFO  impl.StateMachineUpdater (StateMachineUpdater.java:takeSnapshot(281)) - e8d1986c-780f-4d33-a74d-27dc83e10bbb@group-7C5DC977ED2D-StateMachineUpdater: Took a snapshot at index 0
2021-08-24 17:29:20,413 [e8d1986c-780f-4d33-a74d-27dc83e10bbb@group-7C5DC977ED2D-StateMachineUpdater] INFO  impl.StateMachineUpdater (StateMachineUpdater.java:lambda$new$0(89)) - e8d1986c-780f-4d33-a74d-27dc83e10bbb@group-7C5DC977ED2D-StateMachineUpdater: snapshotIndex: updateIncreasingly -1 -> 0
2021-08-24 17:29:20,414 [Listener at 127.0.0.1/13276] INFO  server.RaftServer$Division (ServerState.java:close(419)) - e8d1986c-780f-4d33-a74d-27dc83e10bbb@group-7C5DC977ED2D: closes. applyIndex: 0
2021-08-24 17:29:20,414 [e8d1986c-780f-4d33-a74d-27dc83e10bbb@group-7C5DC977ED2D-SegmentedRaftLogWorker] INFO  segmented.SegmentedRaftLogWorker (SegmentedRaftLogWorker.java:run(327)) - e8d1986c-780f-4d33-a74d-27dc83e10bbb@group-7C5DC977ED2D-SegmentedRaftLogWorker was interrupted, exiting. There are 0 tasks remaining in the queue.
2021-08-24 17:29:20,414 [Listener at 127.0.0.1/13276] INFO  segmented.SegmentedRaftLogWorker (SegmentedRaftLogWorker.java:close(237)) - e8d1986c-780f-4d33-a74d-27dc83e10bbb@group-7C5DC977ED2D-SegmentedRaftLogWorker close()
2021-08-24 17:29:20,414 [09a15da1-6242-4e82-84e8-d6513e6d0a72@group-7C5DC977ED2D-SegmentedRaftLogWorker] INFO  segmented.SegmentedRaftLogWorker (SegmentedRaftLogWorker.java:run(327)) - 09a15da1-6242-4e82-84e8-d6513e6d0a72@group-7C5DC977ED2D-SegmentedRaftLogWorker was interrupted, exiting. There are 0 tasks remaining in the queue.
2021-08-24 17:29:20,414 [ForkJoinPool.commonPool-worker-1] INFO  segmented.SegmentedRaftLogWorker (SegmentedRaftLogWorker.java:close(237)) - 09a15da1-6242-4e82-84e8-d6513e6d0a72@group-7C5DC977ED2D-SegmentedRaftLogWorker close()
2021-08-24 17:29:20,416 [ForkJoinPool.commonPool-worker-1] INFO  server.GrpcService (GrpcService.java:closeImpl(262)) - 09a15da1-6242-4e82-84e8-d6513e6d0a72: shutdown server with port 38023 now
2021-08-24 17:29:20,416 [Listener at 127.0.0.1/13276] INFO  server.GrpcService (GrpcService.java:closeImpl(262)) - e8d1986c-780f-4d33-a74d-27dc83e10bbb: shutdown server with port 42563 now
2021-08-24 17:29:20,418 [ForkJoinPool.commonPool-worker-1] INFO  server.GrpcService (GrpcService.java:closeImpl(271)) - 09a15da1-6242-4e82-84e8-d6513e6d0a72: shutdown server with port 38023 successfully
2021-08-24 17:29:20,419 [Listener at 127.0.0.1/13276] INFO  server.GrpcService (GrpcService.java:closeImpl(271)) - e8d1986c-780f-4d33-a74d-27dc83e10bbb: shutdown server with port 42563 successfully
2021-08-24 17:29:20,419 [org.apache.ratis.util.JvmPauseMonitor$$Lambda$596/1246764203@689b2bf1] INFO  util.JvmPauseMonitor (JvmPauseMonitor.java:run(109)) - JvmPauseMonitor-e8d1986c-780f-4d33-a74d-27dc83e10bbb: Stopped
2021-08-24 17:29:20,420 [Listener at 127.0.0.1/13276] INFO  utils.BackgroundService (BackgroundService.java:shutdown(132)) - Shutting down service BlockDeletingService
2021-08-24 17:29:20,421 [org.apache.ratis.util.JvmPauseMonitor$$Lambda$596/1246764203@5780f33a] INFO  util.JvmPauseMonitor (JvmPauseMonitor.java:run(109)) - JvmPauseMonitor-09a15da1-6242-4e82-84e8-d6513e6d0a72: Stopped
2021-08-24 17:29:20,424 [ForkJoinPool.commonPool-worker-1] INFO  utils.BackgroundService (BackgroundService.java:shutdown(132)) - Shutting down service BlockDeletingService
2021-08-24 17:29:20,488 [6297aa79-c9f3-4b67-b89c-6a3b1390e4ad@group-A351CF2C3253-FollowerState] INFO  impl.FollowerState (FollowerState.java:run(134)) - 6297aa79-c9f3-4b67-b89c-6a3b1390e4ad@group-A351CF2C3253-FollowerState: change to CANDIDATE, lastRpcElapsedTime:5111791352ns, electionTimeout:5097ms
2021-08-24 17:29:20,488 [6297aa79-c9f3-4b67-b89c-6a3b1390e4ad@group-A351CF2C3253-FollowerState] INFO  impl.RoleInfo (RoleInfo.java:shutdownFollowerState(108)) - 6297aa79-c9f3-4b67-b89c-6a3b1390e4ad: shutdown 6297aa79-c9f3-4b67-b89c-6a3b1390e4ad@group-A351CF2C3253-FollowerState
2021-08-24 17:29:20,489 [6297aa79-c9f3-4b67-b89c-6a3b1390e4ad@group-A351CF2C3253-FollowerState] INFO  server.RaftServer$Division (RaftServerImpl.java:setRole(285)) - 6297aa79-c9f3-4b67-b89c-6a3b1390e4ad@group-A351CF2C3253: changes role from  FOLLOWER to CANDIDATE at term 3 for changeToCandidate
2021-08-24 17:29:20,489 [6297aa79-c9f3-4b67-b89c-6a3b1390e4ad@group-A351CF2C3253-FollowerState] INFO  server.RaftServerConfigKeys (ConfUtils.java:logGet(44)) - raft.server.leaderelection.pre-vote = false (custom)
2021-08-24 17:29:20,489 [6297aa79-c9f3-4b67-b89c-6a3b1390e4ad@group-A351CF2C3253-FollowerState] INFO  impl.RoleInfo (RoleInfo.java:updateAndGet(130)) - 6297aa79-c9f3-4b67-b89c-6a3b1390e4ad: start 6297aa79-c9f3-4b67-b89c-6a3b1390e4ad@group-A351CF2C3253-LeaderElection24
2021-08-24 17:29:20,510 [6297aa79-c9f3-4b67-b89c-6a3b1390e4ad@group-A351CF2C3253-LeaderElection24] INFO  impl.LeaderElection (LeaderElection.java:askForVotes(306)) - 6297aa79-c9f3-4b67-b89c-6a3b1390e4ad@group-A351CF2C3253-LeaderElection24 ELECTION round 0: submit vote requests at term 4 for -1: [6297aa79-c9f3-4b67-b89c-6a3b1390e4ad|rpc:10.1.0.28:45341|dataStream:|priority:1, e8d1986c-780f-4d33-a74d-27dc83e10bbb|rpc:10.1.0.28:42563|dataStream:|priority:0, 09a15da1-6242-4e82-84e8-d6513e6d0a72|rpc:10.1.0.28:38023|dataStream:|priority:0], old=null
2021-08-24 17:29:20,550 [6297aa79-c9f3-4b67-b89c-6a3b1390e4ad@group-A351CF2C3253-LeaderElection24] INFO  impl.LeaderElection (LogUtils.java:infoOrTrace(137)) - 6297aa79-c9f3-4b67-b89c-6a3b1390e4ad@group-A351CF2C3253-LeaderElection24 got exception when requesting votes: java.util.concurrent.ExecutionException: org.apache.ratis.thirdparty.io.grpc.StatusRuntimeException: UNAVAILABLE: io exception
2021-08-24 17:29:20,554 [6297aa79-c9f3-4b67-b89c-6a3b1390e4ad@group-A351CF2C3253-LeaderElection24] INFO  impl.LeaderElection (LogUtils.java:infoOrTrace(137)) - 6297aa79-c9f3-4b67-b89c-6a3b1390e4ad@group-A351CF2C3253-LeaderElection24 got exception when requesting votes: java.util.concurrent.ExecutionException: org.apache.ratis.thirdparty.io.grpc.StatusRuntimeException: UNAVAILABLE: io exception
2021-08-24 17:29:20,554 [6297aa79-c9f3-4b67-b89c-6a3b1390e4ad@group-A351CF2C3253-LeaderElection24] INFO  impl.LeaderElection (LeaderElection.java:logAndReturn(89)) - 6297aa79-c9f3-4b67-b89c-6a3b1390e4ad@group-A351CF2C3253-LeaderElection24: ELECTION REJECTED received 0 response(s) and 2 exception(s):
2021-08-24 17:29:20,554 [6297aa79-c9f3-4b67-b89c-6a3b1390e4ad@group-A351CF2C3253-LeaderElection24] INFO  impl.LeaderElection (LogUtils.java:infoOrTrace(137)) -   Exception 0: java.util.concurrent.ExecutionException: org.apache.ratis.thirdparty.io.grpc.StatusRuntimeException: UNAVAILABLE: io exception
2021-08-24 17:29:20,554 [6297aa79-c9f3-4b67-b89c-6a3b1390e4ad@group-A351CF2C3253-LeaderElection24] INFO  impl.LeaderElection (LogUtils.java:infoOrTrace(137)) -   Exception 1: java.util.concurrent.ExecutionException: org.apache.ratis.thirdparty.io.grpc.StatusRuntimeException: UNAVAILABLE: io exception
2021-08-24 17:29:20,554 [6297aa79-c9f3-4b67-b89c-6a3b1390e4ad@group-A351CF2C3253-LeaderElection24] INFO  impl.LeaderElection (LeaderElection.java:askForVotes(308)) - 6297aa79-c9f3-4b67-b89c-6a3b1390e4ad@group-A351CF2C3253-LeaderElection24 ELECTION round 0: result REJECTED
2021-08-24 17:29:20,554 [6297aa79-c9f3-4b67-b89c-6a3b1390e4ad@group-A351CF2C3253-LeaderElection24] INFO  server.RaftServer$Division (RaftServerImpl.java:setRole(285)) - 6297aa79-c9f3-4b67-b89c-6a3b1390e4ad@group-A351CF2C3253: changes role from CANDIDATE to FOLLOWER at term 4 for REJECTED
2021-08-24 17:29:20,554 [6297aa79-c9f3-4b67-b89c-6a3b1390e4ad@group-A351CF2C3253-LeaderElection24] INFO  impl.RoleInfo (RoleInfo.java:shutdownLeaderElection(121)) - 6297aa79-c9f3-4b67-b89c-6a3b1390e4ad: shutdown 6297aa79-c9f3-4b67-b89c-6a3b1390e4ad@group-A351CF2C3253-LeaderElection24
2021-08-24 17:29:20,554 [6297aa79-c9f3-4b67-b89c-6a3b1390e4ad@group-A351CF2C3253-LeaderElection24] INFO  impl.RoleInfo (RoleInfo.java:updateAndGet(130)) - 6297aa79-c9f3-4b67-b89c-6a3b1390e4ad: start 6297aa79-c9f3-4b67-b89c-6a3b1390e4ad@group-A351CF2C3253-FollowerState
2021-08-24 17:29:20,800 [EndpointStateMachine task thread for /0.0.0.0:39803 - 0 ] INFO  ipc.Client (Client.java:handleConnectionFailure(977)) - Retrying connect to server: 0.0.0.0/0.0.0.0:39803. Already tried 4 time(s); retry policy is RetryUpToMaximumCountWithFixedSleep(maxRetries=15, sleepTime=1000 MILLISECONDS)
2021-08-24 17:29:21,190 [EndpointStateMachine task thread for /0.0.0.0:35951 - 0 ] INFO  ipc.Client (Client.java:handleConnectionFailure(977)) - Retrying connect to server: 0.0.0.0/0.0.0.0:35951. Already tried 1 time(s); retry policy is RetryUpToMaximumCountWithFixedSleep(maxRetries=15, sleepTime=1000 MILLISECONDS)
2021-08-24 17:29:21,801 [EndpointStateMachine task thread for /0.0.0.0:39803 - 0 ] INFO  ipc.Client (Client.java:handleConnectionFailure(977)) - Retrying connect to server: 0.0.0.0/0.0.0.0:39803. Already tried 5 time(s); retry policy is RetryUpToMaximumCountWithFixedSleep(maxRetries=15, sleepTime=1000 MILLISECONDS)
2021-08-24 17:29:22,191 [EndpointStateMachine task thread for /0.0.0.0:35951 - 0 ] INFO  ipc.Client (Client.java:handleConnectionFailure(977)) - Retrying connect to server: 0.0.0.0/0.0.0.0:35951. Already tried 2 time(s); retry policy is RetryUpToMaximumCountWithFixedSleep(maxRetries=15, sleepTime=1000 MILLISECONDS)
2021-08-24 17:29:22,801 [EndpointStateMachine task thread for /0.0.0.0:39803 - 0 ] INFO  ipc.Client (Client.java:handleConnectionFailure(977)) - Retrying connect to server: 0.0.0.0/0.0.0.0:39803. Already tried 6 time(s); retry policy is RetryUpToMaximumCountWithFixedSleep(maxRetries=15, sleepTime=1000 MILLISECONDS)
2021-08-24 17:29:22,801 [Datanode State Machine Thread - 0] ERROR datanode.RunningDatanodeState (RunningDatanodeState.java:computeNextContainerState(199)) - Error in executing end point task.
java.util.concurrent.ExecutionException: java.util.concurrent.TimeoutException
	at java.util.concurrent.FutureTask.report(FutureTask.java:122)
	at java.util.concurrent.FutureTask.get(FutureTask.java:192)
	at org.apache.hadoop.ozone.container.common.states.datanode.RunningDatanodeState.computeNextContainerState(RunningDatanodeState.java:191)
	at org.apache.hadoop.ozone.container.common.states.datanode.RunningDatanodeState.await(RunningDatanodeState.java:231)
	at org.apache.hadoop.ozone.container.common.states.datanode.RunningDatanodeState.await(RunningDatanodeState.java:50)
	at org.apache.hadoop.ozone.container.common.statemachine.StateContext.execute(StateContext.java:629)
	at org.apache.hadoop.ozone.container.common.statemachine.DatanodeStateMachine.start(DatanodeStateMachine.java:270)
	at org.apache.hadoop.ozone.container.common.statemachine.DatanodeStateMachine.lambda$startDaemon$0(DatanodeStateMachine.java:456)
	at java.lang.Thread.run(Thread.java:748)
Caused by: java.util.concurrent.TimeoutException
	at java.util.concurrent.FutureTask.get(FutureTask.java:205)
	at org.apache.hadoop.ozone.container.common.states.datanode.RunningDatanodeState.lambda$execute$0(RunningDatanodeState.java:149)
	at java.util.concurrent.FutureTask.run(FutureTask.java:266)
	at java.util.concurrent.Executors$RunnableAdapter.call(Executors.java:511)
	at java.util.concurrent.FutureTask.run(FutureTask.java:266)
	at java.util.concurrent.ThreadPoolExecutor.runWorker(ThreadPoolExecutor.java:1149)
	at java.util.concurrent.ThreadPoolExecutor$Worker.run(ThreadPoolExecutor.java:624)
	... 1 more
2021-08-24 17:29:23,192 [EndpointStateMachine task thread for /0.0.0.0:35951 - 0 ] INFO  ipc.Client (Client.java:handleConnectionFailure(977)) - Retrying connect to server: 0.0.0.0/0.0.0.0:35951. Already tried 3 time(s); retry policy is RetryUpToMaximumCountWithFixedSleep(maxRetries=15, sleepTime=1000 MILLISECONDS)
2021-08-24 17:29:23,425 [ForkJoinPool.commonPool-worker-1] INFO  statemachine.DatanodeStateMachine (DatanodeStateMachine.java:stopDaemon(515)) - Ozone container server stopped.
2021-08-24 17:29:23,427 [ForkJoinPool.commonPool-worker-1] INFO  handler.ContextHandler (ContextHandler.java:doStop(1153)) - Stopped o.e.j.w.WebAppContext@64cd555c{hddsDatanode,/,null,STOPPED}{jar:file:/home/runner/.m2/repository/org/apache/ozone/hdds-container-service/1.2.0-SNAPSHOT/hdds-container-service-1.2.0-SNAPSHOT.jar!/webapps/hddsDatanode}
2021-08-24 17:29:23,429 [ForkJoinPool.commonPool-worker-1] INFO  server.AbstractConnector (AbstractConnector.java:doStop(381)) - Stopped ServerConnector@2359b4fe{HTTP/1.1, (http/1.1)}{0.0.0.0:0}
2021-08-24 17:29:23,429 [ForkJoinPool.commonPool-worker-1] INFO  server.session (HouseKeeper.java:stopScavenging(149)) - node0 Stopped scavenging
2021-08-24 17:29:23,435 [ForkJoinPool.commonPool-worker-1] INFO  handler.ContextHandler (ContextHandler.java:doStop(1153)) - Stopped o.e.j.s.ServletContextHandler@4f1dbd13{static,/static,jar:file:/home/runner/.m2/repository/org/apache/ozone/hdds-container-service/1.2.0-SNAPSHOT/hdds-container-service-1.2.0-SNAPSHOT.jar!/webapps/static,STOPPED}
2021-08-24 17:29:23,436 [ForkJoinPool.commonPool-worker-1] INFO  handler.ContextHandler (ContextHandler.java:doStop(1153)) - Stopped o.e.j.s.ServletContextHandler@12b8b7c8{logs,/logs,file:///home/runner/work/ozone/ozone/hadoop-ozone/integration-test/target/log,STOPPED}
2021-08-24 17:29:23,437 [Listener at 127.0.0.1/13276] INFO  statemachine.DatanodeStateMachine (DatanodeStateMachine.java:stopDaemon(515)) - Ozone container server stopped.
2021-08-24 17:29:23,438 [Listener at 127.0.0.1/13276] INFO  handler.ContextHandler (ContextHandler.java:doStop(1153)) - Stopped o.e.j.w.WebAppContext@735e9176{hddsDatanode,/,null,STOPPED}{jar:file:/home/runner/.m2/repository/org/apache/ozone/hdds-container-service/1.2.0-SNAPSHOT/hdds-container-service-1.2.0-SNAPSHOT.jar!/webapps/hddsDatanode}
2021-08-24 17:29:23,438 [Listener at 127.0.0.1/13276] INFO  server.AbstractConnector (AbstractConnector.java:doStop(381)) - Stopped ServerConnector@5d576790{HTTP/1.1, (http/1.1)}{0.0.0.0:0}
2021-08-24 17:29:23,438 [Listener at 127.0.0.1/13276] INFO  server.session (HouseKeeper.java:stopScavenging(149)) - node0 Stopped scavenging
2021-08-24 17:29:23,439 [Listener at 127.0.0.1/13276] INFO  handler.ContextHandler (ContextHandler.java:doStop(1153)) - Stopped o.e.j.s.ServletContextHandler@7fe1202c{static,/static,jar:file:/home/runner/.m2/repository/org/apache/ozone/hdds-container-service/1.2.0-SNAPSHOT/hdds-container-service-1.2.0-SNAPSHOT.jar!/webapps/static,STOPPED}
2021-08-24 17:29:23,439 [Listener at 127.0.0.1/13276] INFO  handler.ContextHandler (ContextHandler.java:doStop(1153)) - Stopped o.e.j.s.ServletContextHandler@2d385605{logs,/logs,file:///home/runner/work/ozone/ozone/hadoop-ozone/integration-test/target/log,STOPPED}
2021-08-24 17:29:23,806 [Datanode State Machine Thread - 0] WARN  statemachine.StateContext (StateContext.java:setState(246)) - Ignore disallowed transition from SHUTDOWN to RUNNING
2021-08-24 17:29:23,806 [Datanode State Machine Thread - 0] INFO  statemachine.DatanodeStateMachine (DatanodeStateMachine.java:lambda$startDaemon$0(457)) - Ozone container server started.
2021-08-24 17:29:23,819 [EndpointStateMachine task thread for /0.0.0.0:39803 - 0 ] INFO  ipc.Client (Client.java:handleConnectionFailure(977)) - Retrying connect to server: 0.0.0.0/0.0.0.0:39803. Already tried 7 time(s); retry policy is RetryUpToMaximumCountWithFixedSleep(maxRetries=15, sleepTime=1000 MILLISECONDS)
2021-08-24 17:29:24,192 [EndpointStateMachine task thread for /0.0.0.0:35951 - 0 ] INFO  ipc.Client (Client.java:handleConnectionFailure(977)) - Retrying connect to server: 0.0.0.0/0.0.0.0:35951. Already tried 4 time(s); retry policy is RetryUpToMaximumCountWithFixedSleep(maxRetries=15, sleepTime=1000 MILLISECONDS)
2021-08-24 17:29:24,820 [EndpointStateMachine task thread for /0.0.0.0:39803 - 0 ] INFO  ipc.Client (Client.java:handleConnectionFailure(977)) - Retrying connect to server: 0.0.0.0/0.0.0.0:39803. Already tried 8 time(s); retry policy is RetryUpToMaximumCountWithFixedSleep(maxRetries=15, sleepTime=1000 MILLISECONDS)
2021-08-24 17:29:25,193 [EndpointStateMachine task thread for /0.0.0.0:35951 - 0 ] INFO  ipc.Client (Client.java:handleConnectionFailure(977)) - Retrying connect to server: 0.0.0.0/0.0.0.0:35951. Already tried 5 time(s); retry policy is RetryUpToMaximumCountWithFixedSleep(maxRetries=15, sleepTime=1000 MILLISECONDS)
2021-08-24 17:29:25,682 [6297aa79-c9f3-4b67-b89c-6a3b1390e4ad@group-A351CF2C3253-FollowerState] INFO  impl.FollowerState (FollowerState.java:run(134)) - 6297aa79-c9f3-4b67-b89c-6a3b1390e4ad@group-A351CF2C3253-FollowerState: change to CANDIDATE, lastRpcElapsedTime:5127461556ns, electionTimeout:5120ms
2021-08-24 17:29:25,682 [6297aa79-c9f3-4b67-b89c-6a3b1390e4ad@group-A351CF2C3253-FollowerState] INFO  impl.RoleInfo (RoleInfo.java:shutdownFollowerState(108)) - 6297aa79-c9f3-4b67-b89c-6a3b1390e4ad: shutdown 6297aa79-c9f3-4b67-b89c-6a3b1390e4ad@group-A351CF2C3253-FollowerState
2021-08-24 17:29:25,682 [6297aa79-c9f3-4b67-b89c-6a3b1390e4ad@group-A351CF2C3253-FollowerState] INFO  server.RaftServer$Division (RaftServerImpl.java:setRole(285)) - 6297aa79-c9f3-4b67-b89c-6a3b1390e4ad@group-A351CF2C3253: changes role from  FOLLOWER to CANDIDATE at term 4 for changeToCandidate
2021-08-24 17:29:25,682 [6297aa79-c9f3-4b67-b89c-6a3b1390e4ad@group-A351CF2C3253-FollowerState] INFO  server.RaftServerConfigKeys (ConfUtils.java:logGet(44)) - raft.server.leaderelection.pre-vote = false (custom)
2021-08-24 17:29:25,682 [6297aa79-c9f3-4b67-b89c-6a3b1390e4ad@group-A351CF2C3253-FollowerState] INFO  impl.RoleInfo (RoleInfo.java:updateAndGet(130)) - 6297aa79-c9f3-4b67-b89c-6a3b1390e4ad: start 6297aa79-c9f3-4b67-b89c-6a3b1390e4ad@group-A351CF2C3253-LeaderElection25
2021-08-24 17:29:25,699 [6297aa79-c9f3-4b67-b89c-6a3b1390e4ad@group-A351CF2C3253-LeaderElection25] INFO  impl.LeaderElection (LeaderElection.java:askForVotes(306)) - 6297aa79-c9f3-4b67-b89c-6a3b1390e4ad@group-A351CF2C3253-LeaderElection25 ELECTION round 0: submit vote requests at term 5 for -1: [6297aa79-c9f3-4b67-b89c-6a3b1390e4ad|rpc:10.1.0.28:45341|dataStream:|priority:1, e8d1986c-780f-4d33-a74d-27dc83e10bbb|rpc:10.1.0.28:42563|dataStream:|priority:0, 09a15da1-6242-4e82-84e8-d6513e6d0a72|rpc:10.1.0.28:38023|dataStream:|priority:0], old=null
2021-08-24 17:29:25,718 [6297aa79-c9f3-4b67-b89c-6a3b1390e4ad@group-A351CF2C3253-LeaderElection25] INFO  impl.LeaderElection (LogUtils.java:infoOrTrace(137)) - 6297aa79-c9f3-4b67-b89c-6a3b1390e4ad@group-A351CF2C3253-LeaderElection25 got exception when requesting votes: java.util.concurrent.ExecutionException: org.apache.ratis.thirdparty.io.grpc.StatusRuntimeException: UNAVAILABLE: io exception
2021-08-24 17:29:25,718 [6297aa79-c9f3-4b67-b89c-6a3b1390e4ad@group-A351CF2C3253-LeaderElection25] INFO  impl.LeaderElection (LogUtils.java:infoOrTrace(137)) - 6297aa79-c9f3-4b67-b89c-6a3b1390e4ad@group-A351CF2C3253-LeaderElection25 got exception when requesting votes: java.util.concurrent.ExecutionException: org.apache.ratis.thirdparty.io.grpc.StatusRuntimeException: UNAVAILABLE: io exception
2021-08-24 17:29:25,718 [6297aa79-c9f3-4b67-b89c-6a3b1390e4ad@group-A351CF2C3253-LeaderElection25] INFO  impl.LeaderElection (LeaderElection.java:logAndReturn(89)) - 6297aa79-c9f3-4b67-b89c-6a3b1390e4ad@group-A351CF2C3253-LeaderElection25: ELECTION REJECTED received 0 response(s) and 2 exception(s):
2021-08-24 17:29:25,718 [6297aa79-c9f3-4b67-b89c-6a3b1390e4ad@group-A351CF2C3253-LeaderElection25] INFO  impl.LeaderElection (LogUtils.java:infoOrTrace(137)) -   Exception 0: java.util.concurrent.ExecutionException: org.apache.ratis.thirdparty.io.grpc.StatusRuntimeException: UNAVAILABLE: io exception
2021-08-24 17:29:25,718 [6297aa79-c9f3-4b67-b89c-6a3b1390e4ad@group-A351CF2C3253-LeaderElection25] INFO  impl.LeaderElection (LogUtils.java:infoOrTrace(137)) -   Exception 1: java.util.concurrent.ExecutionException: org.apache.ratis.thirdparty.io.grpc.StatusRuntimeException: UNAVAILABLE: io exception
2021-08-24 17:29:25,718 [6297aa79-c9f3-4b67-b89c-6a3b1390e4ad@group-A351CF2C3253-LeaderElection25] INFO  impl.LeaderElection (LeaderElection.java:askForVotes(308)) - 6297aa79-c9f3-4b67-b89c-6a3b1390e4ad@group-A351CF2C3253-LeaderElection25 ELECTION round 0: result REJECTED
2021-08-24 17:29:25,718 [6297aa79-c9f3-4b67-b89c-6a3b1390e4ad@group-A351CF2C3253-LeaderElection25] INFO  server.RaftServer$Division (RaftServerImpl.java:setRole(285)) - 6297aa79-c9f3-4b67-b89c-6a3b1390e4ad@group-A351CF2C3253: changes role from CANDIDATE to FOLLOWER at term 5 for REJECTED
2021-08-24 17:29:25,718 [6297aa79-c9f3-4b67-b89c-6a3b1390e4ad@group-A351CF2C3253-LeaderElection25] INFO  impl.RoleInfo (RoleInfo.java:shutdownLeaderElection(121)) - 6297aa79-c9f3-4b67-b89c-6a3b1390e4ad: shutdown 6297aa79-c9f3-4b67-b89c-6a3b1390e4ad@group-A351CF2C3253-LeaderElection25
2021-08-24 17:29:25,718 [6297aa79-c9f3-4b67-b89c-6a3b1390e4ad@group-A351CF2C3253-LeaderElection25] INFO  impl.RoleInfo (RoleInfo.java:updateAndGet(130)) - 6297aa79-c9f3-4b67-b89c-6a3b1390e4ad: start 6297aa79-c9f3-4b67-b89c-6a3b1390e4ad@group-A351CF2C3253-FollowerState
2021-08-24 17:29:25,821 [EndpointStateMachine task thread for /0.0.0.0:39803 - 0 ] INFO  ipc.Client (Client.java:handleConnectionFailure(977)) - Retrying connect to server: 0.0.0.0/0.0.0.0:39803. Already tried 9 time(s); retry policy is RetryUpToMaximumCountWithFixedSleep(maxRetries=15, sleepTime=1000 MILLISECONDS)
2021-08-24 17:29:25,873 [6297aa79-c9f3-4b67-b89c-6a3b1390e4ad@group-7C5DC977ED2D-FollowerState] INFO  impl.FollowerState (FollowerState.java:run(134)) - 6297aa79-c9f3-4b67-b89c-6a3b1390e4ad@group-7C5DC977ED2D-FollowerState: change to CANDIDATE, lastRpcElapsedTime:7883537839ns, electionTimeout:5141ms
2021-08-24 17:29:25,873 [6297aa79-c9f3-4b67-b89c-6a3b1390e4ad@group-7C5DC977ED2D-FollowerState] INFO  impl.RoleInfo (RoleInfo.java:shutdownFollowerState(108)) - 6297aa79-c9f3-4b67-b89c-6a3b1390e4ad: shutdown 6297aa79-c9f3-4b67-b89c-6a3b1390e4ad@group-7C5DC977ED2D-FollowerState
2021-08-24 17:29:25,873 [6297aa79-c9f3-4b67-b89c-6a3b1390e4ad@group-7C5DC977ED2D-FollowerState] INFO  server.RaftServer$Division (RaftServerImpl.java:setRole(285)) - 6297aa79-c9f3-4b67-b89c-6a3b1390e4ad@group-7C5DC977ED2D: changes role from  FOLLOWER to CANDIDATE at term 1 for changeToCandidate
2021-08-24 17:29:25,873 [6297aa79-c9f3-4b67-b89c-6a3b1390e4ad@group-7C5DC977ED2D-FollowerState] INFO  server.RaftServerConfigKeys (ConfUtils.java:logGet(44)) - raft.server.leaderelection.pre-vote = false (custom)
2021-08-24 17:29:25,874 [6297aa79-c9f3-4b67-b89c-6a3b1390e4ad@group-7C5DC977ED2D-FollowerState] INFO  impl.RoleInfo (RoleInfo.java:updateAndGet(130)) - 6297aa79-c9f3-4b67-b89c-6a3b1390e4ad: start 6297aa79-c9f3-4b67-b89c-6a3b1390e4ad@group-7C5DC977ED2D-LeaderElection26
2021-08-24 17:29:25,874 [6297aa79-c9f3-4b67-b89c-6a3b1390e4ad@group-7C5DC977ED2D-LeaderElection26] INFO  server.RaftServer$Division (ServerState.java:setLeader(285)) - 6297aa79-c9f3-4b67-b89c-6a3b1390e4ad@group-7C5DC977ED2D: change Leader from 09a15da1-6242-4e82-84e8-d6513e6d0a72 to null at term 1 for ELECTION
2021-08-24 17:29:25,876 [6297aa79-c9f3-4b67-b89c-6a3b1390e4ad@group-7C5DC977ED2D-LeaderElection26] INFO  impl.LeaderElection (LeaderElection.java:askForVotes(306)) - 6297aa79-c9f3-4b67-b89c-6a3b1390e4ad@group-7C5DC977ED2D-LeaderElection26 ELECTION round 0: submit vote requests at term 2 for 0: [6297aa79-c9f3-4b67-b89c-6a3b1390e4ad|rpc:10.1.0.28:45341|dataStream:|priority:0, e8d1986c-780f-4d33-a74d-27dc83e10bbb|rpc:10.1.0.28:42563|dataStream:|priority:0, 09a15da1-6242-4e82-84e8-d6513e6d0a72|rpc:10.1.0.28:38023|dataStream:|priority:1], old=null
2021-08-24 17:29:25,882 [6297aa79-c9f3-4b67-b89c-6a3b1390e4ad@group-7C5DC977ED2D-LeaderElection26] INFO  impl.LeaderElection (LogUtils.java:infoOrTrace(137)) - 6297aa79-c9f3-4b67-b89c-6a3b1390e4ad@group-7C5DC977ED2D-LeaderElection26 got exception when requesting votes: java.util.concurrent.ExecutionException: org.apache.ratis.thirdparty.io.grpc.StatusRuntimeException: UNAVAILABLE: io exception
2021-08-24 17:29:25,886 [6297aa79-c9f3-4b67-b89c-6a3b1390e4ad@group-7C5DC977ED2D-LeaderElection26] INFO  impl.LeaderElection (LogUtils.java:infoOrTrace(137)) - 6297aa79-c9f3-4b67-b89c-6a3b1390e4ad@group-7C5DC977ED2D-LeaderElection26 got exception when requesting votes: java.util.concurrent.ExecutionException: org.apache.ratis.thirdparty.io.grpc.StatusRuntimeException: UNAVAILABLE: io exception
2021-08-24 17:29:25,886 [6297aa79-c9f3-4b67-b89c-6a3b1390e4ad@group-7C5DC977ED2D-LeaderElection26] INFO  impl.LeaderElection (LeaderElection.java:logAndReturn(89)) - 6297aa79-c9f3-4b67-b89c-6a3b1390e4ad@group-7C5DC977ED2D-LeaderElection26: ELECTION REJECTED received 0 response(s) and 2 exception(s):
2021-08-24 17:29:25,886 [6297aa79-c9f3-4b67-b89c-6a3b1390e4ad@group-7C5DC977ED2D-LeaderElection26] INFO  impl.LeaderElection (LogUtils.java:infoOrTrace(137)) -   Exception 0: java.util.concurrent.ExecutionException: org.apache.ratis.thirdparty.io.grpc.StatusRuntimeException: UNAVAILABLE: io exception
2021-08-24 17:29:25,886 [6297aa79-c9f3-4b67-b89c-6a3b1390e4ad@group-7C5DC977ED2D-LeaderElection26] INFO  impl.LeaderElection (LogUtils.java:infoOrTrace(137)) -   Exception 1: java.util.concurrent.ExecutionException: org.apache.ratis.thirdparty.io.grpc.StatusRuntimeException: UNAVAILABLE: io exception
2021-08-24 17:29:25,886 [6297aa79-c9f3-4b67-b89c-6a3b1390e4ad@group-7C5DC977ED2D-LeaderElection26] INFO  impl.LeaderElection (LeaderElection.java:askForVotes(308)) - 6297aa79-c9f3-4b67-b89c-6a3b1390e4ad@group-7C5DC977ED2D-LeaderElection26 ELECTION round 0: result REJECTED
2021-08-24 17:29:25,886 [6297aa79-c9f3-4b67-b89c-6a3b1390e4ad@group-7C5DC977ED2D-LeaderElection26] INFO  server.RaftServer$Division (RaftServerImpl.java:setRole(285)) - 6297aa79-c9f3-4b67-b89c-6a3b1390e4ad@group-7C5DC977ED2D: changes role from CANDIDATE to FOLLOWER at term 2 for REJECTED
2021-08-24 17:29:25,886 [6297aa79-c9f3-4b67-b89c-6a3b1390e4ad@group-7C5DC977ED2D-LeaderElection26] INFO  impl.RoleInfo (RoleInfo.java:shutdownLeaderElection(121)) - 6297aa79-c9f3-4b67-b89c-6a3b1390e4ad: shutdown 6297aa79-c9f3-4b67-b89c-6a3b1390e4ad@group-7C5DC977ED2D-LeaderElection26
2021-08-24 17:29:25,886 [6297aa79-c9f3-4b67-b89c-6a3b1390e4ad@group-7C5DC977ED2D-LeaderElection26] INFO  impl.RoleInfo (RoleInfo.java:updateAndGet(130)) - 6297aa79-c9f3-4b67-b89c-6a3b1390e4ad: start 6297aa79-c9f3-4b67-b89c-6a3b1390e4ad@group-7C5DC977ED2D-FollowerState
2021-08-24 17:29:26,193 [EndpointStateMachine task thread for /0.0.0.0:35951 - 0 ] INFO  ipc.Client (Client.java:handleConnectionFailure(977)) - Retrying connect to server: 0.0.0.0/0.0.0.0:35951. Already tried 6 time(s); retry policy is RetryUpToMaximumCountWithFixedSleep(maxRetries=15, sleepTime=1000 MILLISECONDS)
2021-08-24 17:29:26,821 [EndpointStateMachine task thread for /0.0.0.0:39803 - 0 ] INFO  ipc.Client (Client.java:handleConnectionFailure(977)) - Retrying connect to server: 0.0.0.0/0.0.0.0:39803. Already tried 10 time(s); retry policy is RetryUpToMaximumCountWithFixedSleep(maxRetries=15, sleepTime=1000 MILLISECONDS)
2021-08-24 17:29:27,194 [EndpointStateMachine task thread for /0.0.0.0:35951 - 0 ] INFO  ipc.Client (Client.java:handleConnectionFailure(977)) - Retrying connect to server: 0.0.0.0/0.0.0.0:35951. Already tried 7 time(s); retry policy is RetryUpToMaximumCountWithFixedSleep(maxRetries=15, sleepTime=1000 MILLISECONDS)
2021-08-24 17:29:27,822 [EndpointStateMachine task thread for /0.0.0.0:39803 - 0 ] INFO  ipc.Client (Client.java:handleConnectionFailure(977)) - Retrying connect to server: 0.0.0.0/0.0.0.0:39803. Already tried 11 time(s); retry policy is RetryUpToMaximumCountWithFixedSleep(maxRetries=15, sleepTime=1000 MILLISECONDS)
2021-08-24 17:29:28,195 [EndpointStateMachine task thread for /0.0.0.0:35951 - 0 ] INFO  ipc.Client (Client.java:handleConnectionFailure(977)) - Retrying connect to server: 0.0.0.0/0.0.0.0:35951. Already tried 8 time(s); retry policy is RetryUpToMaximumCountWithFixedSleep(maxRetries=15, sleepTime=1000 MILLISECONDS)
2021-08-24 17:29:28,437 [ForkJoinPool.commonPool-worker-1] INFO  ozoneimpl.OzoneContainer (OzoneContainer.java:stop(326)) - Attempting to stop container services.
2021-08-24 17:29:28,439 [ForkJoinPool.commonPool-worker-1] INFO  server.RaftServer (RaftServerProxy.java:lambda$close$6(391)) - 6297aa79-c9f3-4b67-b89c-6a3b1390e4ad: close
2021-08-24 17:29:28,439 [ForkJoinPool.commonPool-worker-1] INFO  server.RaftServer$Division (RaftServerImpl.java:lambda$close$4(407)) - 6297aa79-c9f3-4b67-b89c-6a3b1390e4ad@group-1B6E99BAECED: shutdown
2021-08-24 17:29:28,439 [ForkJoinPool.commonPool-worker-1] INFO  util.JmxRegister (JmxRegister.java:unregister(73)) - Successfully un-registered JMX Bean with object name Ratis:service=RaftServer,group=group-1B6E99BAECED,id=6297aa79-c9f3-4b67-b89c-6a3b1390e4ad
2021-08-24 17:29:28,439 [ForkJoinPool.commonPool-worker-1] INFO  impl.RoleInfo (RoleInfo.java:shutdownLeaderState(91)) - 6297aa79-c9f3-4b67-b89c-6a3b1390e4ad: shutdown 6297aa79-c9f3-4b67-b89c-6a3b1390e4ad@group-1B6E99BAECED-LeaderStateImpl
2021-08-24 17:29:28,439 [ForkJoinPool.commonPool-worker-1] INFO  impl.PendingRequests (PendingRequests.java:sendNotLeaderResponses(282)) - 6297aa79-c9f3-4b67-b89c-6a3b1390e4ad@group-1B6E99BAECED-PendingRequests: sendNotLeaderResponses
2021-08-24 17:29:28,440 [ForkJoinPool.commonPool-worker-1] INFO  impl.StateMachineUpdater (StateMachineUpdater.java:stopAndJoin(149)) - 6297aa79-c9f3-4b67-b89c-6a3b1390e4ad@group-1B6E99BAECED-StateMachineUpdater: set stopIndex = 0
2021-08-24 17:29:28,440 [6297aa79-c9f3-4b67-b89c-6a3b1390e4ad@group-1B6E99BAECED-StateMachineUpdater] INFO  ratis.ContainerStateMachine (ContainerStateMachine.java:takeSnapshot(292)) - group-1B6E99BAECED: Taking a snapshot at:(t:1, i:0) file /home/runner/work/ozone/ozone/hadoop-ozone/integration-test/target/test-dir/MiniOzoneClusterImpl-013421b4-bdfc-48e1-b28d-0fb3f9f00c6e/datanode-2/data/ratis/e0a3254b-148e-4114-9d63-1b6e99baeced/sm/snapshot.1_0
2021-08-24 17:29:28,442 [6297aa79-c9f3-4b67-b89c-6a3b1390e4ad@group-1B6E99BAECED-StateMachineUpdater] INFO  ratis.ContainerStateMachine (ContainerStateMachine.java:takeSnapshot(303)) - group-1B6E99BAECED: Finished taking a snapshot at:(t:1, i:0) file:/home/runner/work/ozone/ozone/hadoop-ozone/integration-test/target/test-dir/MiniOzoneClusterImpl-013421b4-bdfc-48e1-b28d-0fb3f9f00c6e/datanode-2/data/ratis/e0a3254b-148e-4114-9d63-1b6e99baeced/sm/snapshot.1_0 took: 2 ms
2021-08-24 17:29:28,443 [6297aa79-c9f3-4b67-b89c-6a3b1390e4ad@group-1B6E99BAECED-StateMachineUpdater] INFO  impl.StateMachineUpdater (StateMachineUpdater.java:takeSnapshot(281)) - 6297aa79-c9f3-4b67-b89c-6a3b1390e4ad@group-1B6E99BAECED-StateMachineUpdater: Took a snapshot at index 0
2021-08-24 17:29:28,443 [6297aa79-c9f3-4b67-b89c-6a3b1390e4ad@group-1B6E99BAECED-StateMachineUpdater] INFO  impl.StateMachineUpdater (StateMachineUpdater.java:lambda$new$0(89)) - 6297aa79-c9f3-4b67-b89c-6a3b1390e4ad@group-1B6E99BAECED-StateMachineUpdater: snapshotIndex: updateIncreasingly -1 -> 0
2021-08-24 17:29:28,444 [ForkJoinPool.commonPool-worker-1] INFO  server.RaftServer$Division (ServerState.java:close(419)) - 6297aa79-c9f3-4b67-b89c-6a3b1390e4ad@group-1B6E99BAECED: closes. applyIndex: 0
2021-08-24 17:29:28,444 [6297aa79-c9f3-4b67-b89c-6a3b1390e4ad@group-1B6E99BAECED-SegmentedRaftLogWorker] INFO  segmented.SegmentedRaftLogWorker (SegmentedRaftLogWorker.java:run(327)) - 6297aa79-c9f3-4b67-b89c-6a3b1390e4ad@group-1B6E99BAECED-SegmentedRaftLogWorker was interrupted, exiting. There are 0 tasks remaining in the queue.
2021-08-24 17:29:28,447 [ForkJoinPool.commonPool-worker-1] INFO  segmented.SegmentedRaftLogWorker (SegmentedRaftLogWorker.java:close(237)) - 6297aa79-c9f3-4b67-b89c-6a3b1390e4ad@group-1B6E99BAECED-SegmentedRaftLogWorker close()
2021-08-24 17:29:28,448 [ForkJoinPool.commonPool-worker-1] INFO  server.RaftServer$Division (RaftServerImpl.java:lambda$close$4(407)) - 6297aa79-c9f3-4b67-b89c-6a3b1390e4ad@group-A351CF2C3253: shutdown
2021-08-24 17:29:28,448 [ForkJoinPool.commonPool-worker-1] INFO  util.JmxRegister (JmxRegister.java:unregister(73)) - Successfully un-registered JMX Bean with object name Ratis:service=RaftServer,group=group-A351CF2C3253,id=6297aa79-c9f3-4b67-b89c-6a3b1390e4ad
2021-08-24 17:29:28,448 [ForkJoinPool.commonPool-worker-1] INFO  impl.RoleInfo (RoleInfo.java:shutdownFollowerState(108)) - 6297aa79-c9f3-4b67-b89c-6a3b1390e4ad: shutdown 6297aa79-c9f3-4b67-b89c-6a3b1390e4ad@group-A351CF2C3253-FollowerState
2021-08-24 17:29:28,448 [6297aa79-c9f3-4b67-b89c-6a3b1390e4ad@group-A351CF2C3253-FollowerState] INFO  impl.FollowerState (FollowerState.java:run(143)) - 6297aa79-c9f3-4b67-b89c-6a3b1390e4ad@group-A351CF2C3253-FollowerState was interrupted: {}
java.lang.InterruptedException: sleep interrupted
	at java.lang.Thread.sleep(Native Method)
	at java.lang.Thread.sleep(Thread.java:340)
	at java.util.concurrent.TimeUnit.sleep(TimeUnit.java:386)
	at org.apache.ratis.util.TimeDuration.sleep(TimeDuration.java:324)
	at org.apache.ratis.util.TimeDuration.sleep(TimeDuration.java:309)
	at org.apache.ratis.server.impl.FollowerState.run(FollowerState.java:118)
2021-08-24 17:29:28,448 [ForkJoinPool.commonPool-worker-1] INFO  impl.StateMachineUpdater (StateMachineUpdater.java:stopAndJoin(149)) - 6297aa79-c9f3-4b67-b89c-6a3b1390e4ad@group-A351CF2C3253-StateMachineUpdater: set stopIndex = -1
2021-08-24 17:29:28,449 [ForkJoinPool.commonPool-worker-1] INFO  server.RaftServer$Division (ServerState.java:close(419)) - 6297aa79-c9f3-4b67-b89c-6a3b1390e4ad@group-A351CF2C3253: closes. applyIndex: -1
2021-08-24 17:29:28,449 [6297aa79-c9f3-4b67-b89c-6a3b1390e4ad@group-A351CF2C3253-SegmentedRaftLogWorker] INFO  segmented.SegmentedRaftLogWorker (SegmentedRaftLogWorker.java:run(327)) - 6297aa79-c9f3-4b67-b89c-6a3b1390e4ad@group-A351CF2C3253-SegmentedRaftLogWorker was interrupted, exiting. There are 0 tasks remaining in the queue.
2021-08-24 17:29:28,449 [ForkJoinPool.commonPool-worker-1] INFO  segmented.SegmentedRaftLogWorker (SegmentedRaftLogWorker.java:close(237)) - 6297aa79-c9f3-4b67-b89c-6a3b1390e4ad@group-A351CF2C3253-SegmentedRaftLogWorker close()
2021-08-24 17:29:28,449 [ForkJoinPool.commonPool-worker-1] INFO  server.RaftServer$Division (RaftServerImpl.java:lambda$close$4(407)) - 6297aa79-c9f3-4b67-b89c-6a3b1390e4ad@group-7C5DC977ED2D: shutdown
2021-08-24 17:29:28,449 [ForkJoinPool.commonPool-worker-1] INFO  util.JmxRegister (JmxRegister.java:unregister(73)) - Successfully un-registered JMX Bean with object name Ratis:service=RaftServer,group=group-7C5DC977ED2D,id=6297aa79-c9f3-4b67-b89c-6a3b1390e4ad
2021-08-24 17:29:28,449 [ForkJoinPool.commonPool-worker-1] INFO  impl.RoleInfo (RoleInfo.java:shutdownFollowerState(108)) - 6297aa79-c9f3-4b67-b89c-6a3b1390e4ad: shutdown 6297aa79-c9f3-4b67-b89c-6a3b1390e4ad@group-7C5DC977ED2D-FollowerState
2021-08-24 17:29:28,449 [6297aa79-c9f3-4b67-b89c-6a3b1390e4ad@group-7C5DC977ED2D-FollowerState] INFO  impl.FollowerState (FollowerState.java:run(143)) - 6297aa79-c9f3-4b67-b89c-6a3b1390e4ad@group-7C5DC977ED2D-FollowerState was interrupted: {}
java.lang.InterruptedException: sleep interrupted
	at java.lang.Thread.sleep(Native Method)
	at java.lang.Thread.sleep(Thread.java:340)
	at java.util.concurrent.TimeUnit.sleep(TimeUnit.java:386)
	at org.apache.ratis.util.TimeDuration.sleep(TimeDuration.java:324)
	at org.apache.ratis.util.TimeDuration.sleep(TimeDuration.java:309)
	at org.apache.ratis.server.impl.FollowerState.run(FollowerState.java:118)
2021-08-24 17:29:28,454 [6297aa79-c9f3-4b67-b89c-6a3b1390e4ad@group-7C5DC977ED2D-StateMachineUpdater] INFO  ratis.ContainerStateMachine (ContainerStateMachine.java:takeSnapshot(292)) - group-7C5DC977ED2D: Taking a snapshot at:(t:1, i:0) file /home/runner/work/ozone/ozone/hadoop-ozone/integration-test/target/test-dir/MiniOzoneClusterImpl-013421b4-bdfc-48e1-b28d-0fb3f9f00c6e/datanode-2/data/ratis/1c8879a2-c243-4424-b625-7c5dc977ed2d/sm/snapshot.1_0
2021-08-24 17:29:28,454 [ForkJoinPool.commonPool-worker-1] INFO  impl.StateMachineUpdater (StateMachineUpdater.java:stopAndJoin(149)) - 6297aa79-c9f3-4b67-b89c-6a3b1390e4ad@group-7C5DC977ED2D-StateMachineUpdater: set stopIndex = 0
2021-08-24 17:29:28,457 [6297aa79-c9f3-4b67-b89c-6a3b1390e4ad@group-7C5DC977ED2D-StateMachineUpdater] INFO  ratis.ContainerStateMachine (ContainerStateMachine.java:takeSnapshot(303)) - group-7C5DC977ED2D: Finished taking a snapshot at:(t:1, i:0) file:/home/runner/work/ozone/ozone/hadoop-ozone/integration-test/target/test-dir/MiniOzoneClusterImpl-013421b4-bdfc-48e1-b28d-0fb3f9f00c6e/datanode-2/data/ratis/1c8879a2-c243-4424-b625-7c5dc977ed2d/sm/snapshot.1_0 took: 3 ms
2021-08-24 17:29:28,457 [6297aa79-c9f3-4b67-b89c-6a3b1390e4ad@group-7C5DC977ED2D-StateMachineUpdater] INFO  impl.StateMachineUpdater (StateMachineUpdater.java:takeSnapshot(281)) - 6297aa79-c9f3-4b67-b89c-6a3b1390e4ad@group-7C5DC977ED2D-StateMachineUpdater: Took a snapshot at index 0
2021-08-24 17:29:28,457 [6297aa79-c9f3-4b67-b89c-6a3b1390e4ad@group-7C5DC977ED2D-StateMachineUpdater] INFO  impl.StateMachineUpdater (StateMachineUpdater.java:lambda$new$0(89)) - 6297aa79-c9f3-4b67-b89c-6a3b1390e4ad@group-7C5DC977ED2D-StateMachineUpdater: snapshotIndex: updateIncreasingly -1 -> 0
2021-08-24 17:29:28,457 [ForkJoinPool.commonPool-worker-1] INFO  server.RaftServer$Division (ServerState.java:close(419)) - 6297aa79-c9f3-4b67-b89c-6a3b1390e4ad@group-7C5DC977ED2D: closes. applyIndex: 0
2021-08-24 17:29:28,459 [6297aa79-c9f3-4b67-b89c-6a3b1390e4ad@group-7C5DC977ED2D-SegmentedRaftLogWorker] INFO  segmented.SegmentedRaftLogWorker (SegmentedRaftLogWorker.java:run(327)) - 6297aa79-c9f3-4b67-b89c-6a3b1390e4ad@group-7C5DC977ED2D-SegmentedRaftLogWorker was interrupted, exiting. There are 0 tasks remaining in the queue.
2021-08-24 17:29:28,459 [ForkJoinPool.commonPool-worker-1] INFO  segmented.SegmentedRaftLogWorker (SegmentedRaftLogWorker.java:close(237)) - 6297aa79-c9f3-4b67-b89c-6a3b1390e4ad@group-7C5DC977ED2D-SegmentedRaftLogWorker close()
2021-08-24 17:29:28,459 [ForkJoinPool.commonPool-worker-1] INFO  server.GrpcService (GrpcService.java:closeImpl(262)) - 6297aa79-c9f3-4b67-b89c-6a3b1390e4ad: shutdown server with port 45341 now
2021-08-24 17:29:28,460 [ForkJoinPool.commonPool-worker-1] INFO  server.GrpcService (GrpcService.java:closeImpl(271)) - 6297aa79-c9f3-4b67-b89c-6a3b1390e4ad: shutdown server with port 45341 successfully
2021-08-24 17:29:28,461 [org.apache.ratis.util.JvmPauseMonitor$$Lambda$596/1246764203@15eed5ab] INFO  util.JvmPauseMonitor (JvmPauseMonitor.java:run(109)) - JvmPauseMonitor-6297aa79-c9f3-4b67-b89c-6a3b1390e4ad: Stopped
2021-08-24 17:29:28,478 [ForkJoinPool.commonPool-worker-1] INFO  utils.BackgroundService (BackgroundService.java:shutdown(132)) - Shutting down service BlockDeletingService
2021-08-24 17:29:28,822 [EndpointStateMachine task thread for /0.0.0.0:39803 - 0 ] INFO  ipc.Client (Client.java:handleConnectionFailure(977)) - Retrying connect to server: 0.0.0.0/0.0.0.0:39803. Already tried 12 time(s); retry policy is RetryUpToMaximumCountWithFixedSleep(maxRetries=15, sleepTime=1000 MILLISECONDS)
2021-08-24 17:29:29,195 [EndpointStateMachine task thread for /0.0.0.0:35951 - 0 ] INFO  ipc.Client (Client.java:handleConnectionFailure(977)) - Retrying connect to server: 0.0.0.0/0.0.0.0:35951. Already tried 9 time(s); retry policy is RetryUpToMaximumCountWithFixedSleep(maxRetries=15, sleepTime=1000 MILLISECONDS)
2021-08-24 17:29:29,823 [EndpointStateMachine task thread for /0.0.0.0:39803 - 0 ] INFO  ipc.Client (Client.java:handleConnectionFailure(977)) - Retrying connect to server: 0.0.0.0/0.0.0.0:39803. Already tried 13 time(s); retry policy is RetryUpToMaximumCountWithFixedSleep(maxRetries=15, sleepTime=1000 MILLISECONDS)
2021-08-24 17:29:30,196 [EndpointStateMachine task thread for /0.0.0.0:35951 - 0 ] INFO  ipc.Client (Client.java:handleConnectionFailure(977)) - Retrying connect to server: 0.0.0.0/0.0.0.0:35951. Already tried 10 time(s); retry policy is RetryUpToMaximumCountWithFixedSleep(maxRetries=15, sleepTime=1000 MILLISECONDS)
2021-08-24 17:29:30,826 [EndpointStateMachine task thread for /0.0.0.0:39803 - 0 ] INFO  ipc.Client (Client.java:handleConnectionFailure(977)) - Retrying connect to server: 0.0.0.0/0.0.0.0:39803. Already tried 14 time(s); retry policy is RetryUpToMaximumCountWithFixedSleep(maxRetries=15, sleepTime=1000 MILLISECONDS)
2021-08-24 17:29:30,826 [EndpointStateMachine task thread for /0.0.0.0:39803 - 0 ] WARN  statemachine.EndpointStateMachine (EndpointStateMachine.java:logIfNeeded(236)) - Unable to communicate to SCM server at 0.0.0.0:39803 for past 0 seconds.
java.net.ConnectException: Your endpoint configuration is wrong; For more details see:  http://wiki.apache.org/hadoop/UnsetHostnameOrPort
	at sun.reflect.NativeConstructorAccessorImpl.newInstance0(Native Method)
	at sun.reflect.NativeConstructorAccessorImpl.newInstance(NativeConstructorAccessorImpl.java:62)
	at sun.reflect.DelegatingConstructorAccessorImpl.newInstance(DelegatingConstructorAccessorImpl.java:45)
	at java.lang.reflect.Constructor.newInstance(Constructor.java:423)
	at org.apache.hadoop.net.NetUtils.wrapWithMessage(NetUtils.java:913)
	at org.apache.hadoop.net.NetUtils.wrapException(NetUtils.java:824)
	at org.apache.hadoop.ipc.Client.getRpcResponse(Client.java:1577)
	at org.apache.hadoop.ipc.Client.call(Client.java:1519)
	at org.apache.hadoop.ipc.Client.call(Client.java:1416)
	at org.apache.hadoop.ipc.ProtobufRpcEngine$Invoker.invoke(ProtobufRpcEngine.java:236)
	at org.apache.hadoop.ipc.ProtobufRpcEngine$Invoker.invoke(ProtobufRpcEngine.java:123)
	at com.sun.proxy.$Proxy48.submitRequest(Unknown Source)
	at org.apache.hadoop.ozone.protocolPB.StorageContainerDatanodeProtocolClientSideTranslatorPB.submitRequest(StorageContainerDatanodeProtocolClientSideTranslatorPB.java:117)
	at org.apache.hadoop.ozone.protocolPB.StorageContainerDatanodeProtocolClientSideTranslatorPB.sendHeartbeat(StorageContainerDatanodeProtocolClientSideTranslatorPB.java:149)
	at org.apache.hadoop.ozone.container.common.states.endpoint.HeartbeatEndpointTask.call(HeartbeatEndpointTask.java:179)
	at org.apache.hadoop.ozone.container.common.states.endpoint.HeartbeatEndpointTask.call(HeartbeatEndpointTask.java:82)
	at java.util.concurrent.FutureTask.run(FutureTask.java:266)
	at java.util.concurrent.ThreadPoolExecutor.runWorker(ThreadPoolExecutor.java:1149)
	at java.util.concurrent.ThreadPoolExecutor$Worker.run(ThreadPoolExecutor.java:624)
	at java.lang.Thread.run(Thread.java:748)
Caused by: java.net.ConnectException: Connection refused
	at sun.nio.ch.SocketChannelImpl.checkConnect(Native Method)
	at sun.nio.ch.SocketChannelImpl.finishConnect(SocketChannelImpl.java:716)
	at org.apache.hadoop.net.SocketIOWithTimeout.connect(SocketIOWithTimeout.java:206)
	at org.apache.hadoop.net.NetUtils.connect(NetUtils.java:586)
	at org.apache.hadoop.ipc.Client$Connection.setupConnection(Client.java:701)
	at org.apache.hadoop.ipc.Client$Connection.setupIOstreams(Client.java:822)
	at org.apache.hadoop.ipc.Client$Connection.access$3800(Client.java:414)
	at org.apache.hadoop.ipc.Client.getConnection(Client.java:1647)
	at org.apache.hadoop.ipc.Client.call(Client.java:1463)
	... 12 more
2021-08-24 17:29:31,197 [EndpointStateMachine task thread for /0.0.0.0:35951 - 0 ] INFO  ipc.Client (Client.java:handleConnectionFailure(977)) - Retrying connect to server: 0.0.0.0/0.0.0.0:35951. Already tried 11 time(s); retry policy is RetryUpToMaximumCountWithFixedSleep(maxRetries=15, sleepTime=1000 MILLISECONDS)
2021-08-24 17:29:31,485 [ForkJoinPool.commonPool-worker-1] INFO  statemachine.DatanodeStateMachine (DatanodeStateMachine.java:stopDaemon(515)) - Ozone container server stopped.
2021-08-24 17:29:31,487 [ForkJoinPool.commonPool-worker-1] INFO  handler.ContextHandler (ContextHandler.java:doStop(1153)) - Stopped o.e.j.w.WebAppContext@5ecce5d7{hddsDatanode,/,null,STOPPED}{jar:file:/home/runner/.m2/repository/org/apache/ozone/hdds-container-service/1.2.0-SNAPSHOT/hdds-container-service-1.2.0-SNAPSHOT.jar!/webapps/hddsDatanode}
2021-08-24 17:29:31,489 [ForkJoinPool.commonPool-worker-1] INFO  server.AbstractConnector (AbstractConnector.java:doStop(381)) - Stopped ServerConnector@60050ce6{HTTP/1.1, (http/1.1)}{0.0.0.0:0}
2021-08-24 17:29:31,489 [ForkJoinPool.commonPool-worker-1] INFO  server.session (HouseKeeper.java:stopScavenging(149)) - node0 Stopped scavenging
2021-08-24 17:29:31,490 [ForkJoinPool.commonPool-worker-1] INFO  handler.ContextHandler (ContextHandler.java:doStop(1153)) - Stopped o.e.j.s.ServletContextHandler@4eb7521e{static,/static,jar:file:/home/runner/.m2/repository/org/apache/ozone/hdds-container-service/1.2.0-SNAPSHOT/hdds-container-service-1.2.0-SNAPSHOT.jar!/webapps/static,STOPPED}
2021-08-24 17:29:31,500 [ForkJoinPool.commonPool-worker-1] INFO  handler.ContextHandler (ContextHandler.java:doStop(1153)) - Stopped o.e.j.s.ServletContextHandler@6ab93e29{logs,/logs,file:///home/runner/work/ozone/ozone/hadoop-ozone/integration-test/target/log,STOPPED}
]]></system-out>
    <system-err><![CDATA[Aug 24, 2021 5:29:15 PM org.apache.ratis.thirdparty.io.grpc.internal.ManagedChannelOrphanWrapper$ManagedChannelReference cleanQueue
SEVERE: *~*~*~ Channel ManagedChannelImpl{logId=168, target=10.1.0.28:37531} was not shutdown properly!!! ~*~*~*
    Make sure to call shutdown()/shutdownNow() and wait until awaitTermination() returns true.
java.lang.RuntimeException: ManagedChannel allocation site
	at org.apache.ratis.thirdparty.io.grpc.internal.ManagedChannelOrphanWrapper$ManagedChannelReference.<init>(ManagedChannelOrphanWrapper.java:93)
	at org.apache.ratis.thirdparty.io.grpc.internal.ManagedChannelOrphanWrapper.<init>(ManagedChannelOrphanWrapper.java:53)
	at org.apache.ratis.thirdparty.io.grpc.internal.ManagedChannelOrphanWrapper.<init>(ManagedChannelOrphanWrapper.java:44)
	at org.apache.ratis.thirdparty.io.grpc.internal.ManagedChannelImplBuilder.build(ManagedChannelImplBuilder.java:596)
	at org.apache.ratis.thirdparty.io.grpc.ForwardingChannelBuilder.build(ForwardingChannelBuilder.java:255)
	at org.apache.hadoop.hdds.scm.XceiverClientGrpc.connectToDatanode(XceiverClientGrpc.java:193)
	at org.apache.hadoop.hdds.scm.XceiverClientGrpc.connect(XceiverClientGrpc.java:142)
	at org.apache.hadoop.hdds.scm.XceiverClientManager$2.call(XceiverClientManager.java:237)
	at org.apache.hadoop.hdds.scm.XceiverClientManager$2.call(XceiverClientManager.java:221)
	at com.google.common.cache.LocalCache$LocalManualCache$1.load(LocalCache.java:4864)
	at com.google.common.cache.LocalCache$LoadingValueReference.loadFuture(LocalCache.java:3529)
	at com.google.common.cache.LocalCache$Segment.loadSync(LocalCache.java:2278)
	at com.google.common.cache.LocalCache$Segment.lockedGetOrLoad(LocalCache.java:2155)
	at com.google.common.cache.LocalCache$Segment.get(LocalCache.java:2045)
	at com.google.common.cache.LocalCache.get(LocalCache.java:3962)
	at com.google.common.cache.LocalCache$LocalManualCache.get(LocalCache.java:4859)
	at org.apache.hadoop.hdds.scm.XceiverClientManager.getClient(XceiverClientManager.java:221)
	at org.apache.hadoop.hdds.scm.XceiverClientManager.acquireClient(XceiverClientManager.java:165)
	at org.apache.hadoop.hdds.scm.XceiverClientManager.acquireClient(XceiverClientManager.java:138)
	at org.apache.hadoop.hdds.scm.storage.BlockOutputStream.<init>(BlockOutputStream.java:147)
	at org.apache.hadoop.hdds.scm.storage.RatisBlockOutputStream.<init>(RatisBlockOutputStream.java:79)
	at org.apache.hadoop.ozone.client.io.BlockOutputStreamEntry.checkStream(BlockOutputStreamEntry.java:99)
	at org.apache.hadoop.ozone.client.io.BlockOutputStreamEntry.write(BlockOutputStreamEntry.java:115)
	at org.apache.hadoop.ozone.client.io.KeyOutputStream.writeToOutputStream(KeyOutputStream.java:262)
	at org.apache.hadoop.ozone.client.io.KeyOutputStream.handleWrite(KeyOutputStream.java:240)
	at org.apache.hadoop.ozone.client.io.KeyOutputStream.write(KeyOutputStream.java:220)
	at org.apache.hadoop.ozone.client.io.OzoneOutputStream.write(OzoneOutputStream.java:50)
	at org.apache.hadoop.ozone.om.TestOzoneManagerHA.createKey(TestOzoneManagerHA.java:201)
	at org.apache.hadoop.ozone.om.TestOMRatisSnapshots.writeKeysToIncreaseLogIndex(TestOMRatisSnapshots.java:313)
	at org.apache.hadoop.ozone.om.TestOMRatisSnapshots.testInstallSnapshot(TestOMRatisSnapshots.java:145)
	at sun.reflect.NativeMethodAccessorImpl.invoke0(Native Method)
	at sun.reflect.NativeMethodAccessorImpl.invoke(NativeMethodAccessorImpl.java:62)
	at sun.reflect.DelegatingMethodAccessorImpl.invoke(DelegatingMethodAccessorImpl.java:43)
	at java.lang.reflect.Method.invoke(Method.java:498)
	at org.junit.platform.commons.util.ReflectionUtils.invokeMethod(ReflectionUtils.java:688)
	at org.junit.jupiter.engine.execution.MethodInvocation.proceed(MethodInvocation.java:60)
	at org.junit.jupiter.engine.execution.InvocationInterceptorChain$ValidatingInvocation.proceed(InvocationInterceptorChain.java:131)
	at org.junit.jupiter.engine.extension.TimeoutInvocation.proceed(TimeoutInvocation.java:46)
	at org.junit.jupiter.engine.extension.TimeoutExtension.intercept(TimeoutExtension.java:149)
	at org.junit.jupiter.engine.extension.TimeoutExtension.interceptTestableMethod(TimeoutExtension.java:140)
	at org.junit.jupiter.engine.extension.TimeoutExtension.interceptTestMethod(TimeoutExtension.java:84)
	at org.junit.jupiter.engine.execution.ExecutableInvoker$ReflectiveInterceptorCall.lambda$ofVoidMethod$0(ExecutableInvoker.java:115)
	at org.junit.jupiter.engine.execution.ExecutableInvoker.lambda$invoke$0(ExecutableInvoker.java:105)
	at org.junit.jupiter.engine.execution.InvocationInterceptorChain$InterceptedInvocation.proceed(InvocationInterceptorChain.java:106)
	at org.junit.jupiter.engine.execution.InvocationInterceptorChain.proceed(InvocationInterceptorChain.java:64)
	at org.junit.jupiter.engine.execution.InvocationInterceptorChain.chainAndInvoke(InvocationInterceptorChain.java:45)
	at org.junit.jupiter.engine.execution.InvocationInterceptorChain.invoke(InvocationInterceptorChain.java:37)
	at org.junit.jupiter.engine.execution.ExecutableInvoker.invoke(ExecutableInvoker.java:104)
	at org.junit.jupiter.engine.execution.ExecutableInvoker.invoke(ExecutableInvoker.java:98)
	at org.junit.jupiter.engine.descriptor.TestMethodTestDescriptor.lambda$invokeTestMethod$6(TestMethodTestDescriptor.java:210)
	at org.junit.platform.engine.support.hierarchical.ThrowableCollector.execute(ThrowableCollector.java:73)
	at org.junit.jupiter.engine.descriptor.TestMethodTestDescriptor.invokeTestMethod(TestMethodTestDescriptor.java:206)
	at org.junit.jupiter.engine.descriptor.TestMethodTestDescriptor.execute(TestMethodTestDescriptor.java:131)
	at org.junit.jupiter.engine.descriptor.TestMethodTestDescriptor.execute(TestMethodTestDescriptor.java:65)
	at org.junit.platform.engine.support.hierarchical.NodeTestTask.lambda$executeRecursively$5(NodeTestTask.java:139)
	at org.junit.platform.engine.support.hierarchical.ThrowableCollector.execute(ThrowableCollector.java:73)
	at org.junit.platform.engine.support.hierarchical.NodeTestTask.lambda$executeRecursively$7(NodeTestTask.java:129)
	at org.junit.platform.engine.support.hierarchical.Node.around(Node.java:137)
	at org.junit.platform.engine.support.hierarchical.NodeTestTask.lambda$executeRecursively$8(NodeTestTask.java:127)
	at org.junit.platform.engine.support.hierarchical.ThrowableCollector.execute(ThrowableCollector.java:73)
	at org.junit.platform.engine.support.hierarchical.NodeTestTask.executeRecursively(NodeTestTask.java:126)
	at org.junit.platform.engine.support.hierarchical.NodeTestTask.execute(NodeTestTask.java:84)
	at java.util.ArrayList.forEach(ArrayList.java:1259)
	at org.junit.platform.engine.support.hierarchical.SameThreadHierarchicalTestExecutorService.invokeAll(SameThreadHierarchicalTestExecutorService.java:38)
	at org.junit.platform.engine.support.hierarchical.NodeTestTask.lambda$executeRecursively$5(NodeTestTask.java:143)
	at org.junit.platform.engine.support.hierarchical.ThrowableCollector.execute(ThrowableCollector.java:73)
	at org.junit.platform.engine.support.hierarchical.NodeTestTask.lambda$executeRecursively$7(NodeTestTask.java:129)
	at org.junit.platform.engine.support.hierarchical.Node.around(Node.java:137)
	at org.junit.platform.engine.support.hierarchical.NodeTestTask.lambda$executeRecursively$8(NodeTestTask.java:127)
	at org.junit.platform.engine.support.hierarchical.ThrowableCollector.execute(ThrowableCollector.java:73)
	at org.junit.platform.engine.support.hierarchical.NodeTestTask.executeRecursively(NodeTestTask.java:126)
	at org.junit.platform.engine.support.hierarchical.NodeTestTask.execute(NodeTestTask.java:84)
	at java.util.ArrayList.forEach(ArrayList.java:1259)
	at org.junit.platform.engine.support.hierarchical.SameThreadHierarchicalTestExecutorService.invokeAll(SameThreadHierarchicalTestExecutorService.java:38)
	at org.junit.platform.engine.support.hierarchical.NodeTestTask.lambda$executeRecursively$5(NodeTestTask.java:143)
	at org.junit.platform.engine.support.hierarchical.ThrowableCollector.execute(ThrowableCollector.java:73)
	at org.junit.platform.engine.support.hierarchical.NodeTestTask.lambda$executeRecursively$7(NodeTestTask.java:129)
	at org.junit.platform.engine.support.hierarchical.Node.around(Node.java:137)
	at org.junit.platform.engine.support.hierarchical.NodeTestTask.lambda$executeRecursively$8(NodeTestTask.java:127)
	at org.junit.platform.engine.support.hierarchical.ThrowableCollector.execute(ThrowableCollector.java:73)
	at org.junit.platform.engine.support.hierarchical.NodeTestTask.executeRecursively(NodeTestTask.java:126)
	at org.junit.platform.engine.support.hierarchical.NodeTestTask.execute(NodeTestTask.java:84)
	at org.junit.platform.engine.support.hierarchical.SameThreadHierarchicalTestExecutorService.submit(SameThreadHierarchicalTestExecutorService.java:32)
	at org.junit.platform.engine.support.hierarchical.HierarchicalTestExecutor.execute(HierarchicalTestExecutor.java:57)
	at org.junit.platform.engine.support.hierarchical.HierarchicalTestEngine.execute(HierarchicalTestEngine.java:51)
	at org.junit.platform.launcher.core.EngineExecutionOrchestrator.execute(EngineExecutionOrchestrator.java:108)
	at org.junit.platform.launcher.core.EngineExecutionOrchestrator.execute(EngineExecutionOrchestrator.java:88)
	at org.junit.platform.launcher.core.EngineExecutionOrchestrator.lambda$execute$0(EngineExecutionOrchestrator.java:54)
	at org.junit.platform.launcher.core.EngineExecutionOrchestrator.withInterceptedStreams(EngineExecutionOrchestrator.java:67)
	at org.junit.platform.launcher.core.EngineExecutionOrchestrator.execute(EngineExecutionOrchestrator.java:52)
	at org.junit.platform.launcher.core.DefaultLauncher.execute(DefaultLauncher.java:96)
	at org.junit.platform.launcher.core.DefaultLauncher.execute(DefaultLauncher.java:75)
	at org.apache.maven.surefire.junitplatform.JUnitPlatformProvider.invokeAllTests(JUnitPlatformProvider.java:142)
	at org.apache.maven.surefire.junitplatform.JUnitPlatformProvider.invoke(JUnitPlatformProvider.java:113)
	at org.apache.maven.surefire.booter.ForkedBooter.invokeProviderInSameClassLoader(ForkedBooter.java:384)
	at org.apache.maven.surefire.booter.ForkedBooter.runSuitesInProcess(ForkedBooter.java:345)
	at org.apache.maven.surefire.booter.ForkedBooter.execute(ForkedBooter.java:126)
	at org.apache.maven.surefire.booter.ForkedBooter.main(ForkedBooter.java:418)

]]></system-err>
  </testcase>
  <testcase name="testInstallCorruptedCheckpointFailure" classname="org.apache.hadoop.ozone.om.TestOMRatisSnapshots" time="44.279"/>
</testsuite>