<?xml version="1.0" encoding="UTF-8"?>
<testsuite xmlns:xsi="http://www.w3.org/2001/XMLSchema-instance" xsi:noNamespaceSchemaLocation="https://maven.apache.org/surefire/maven-surefire-plugin/xsd/surefire-test-report.xsd" version="3.0.2" name="org.apache.hadoop.ozone.dn.checksum.TestContainerCommandReconciliation" time="105.422" tests="10" errors="0" skipped="0" failures="1">
  <properties>
    <property name="java.specification.version" value="21"/>
    <property name="sun.jnu.encoding" value="UTF-8"/>
    <property name="java.class.path" value="/home/runner/work/ozone/ozone/hadoop-ozone/integration-test/target/test-classes:/home/runner/work/ozone/ozone/hadoop-ozone/integration-test/target/classes:/home/runner/.m2/repository/ch/qos/reload4j/reload4j/1.2.26/reload4j-1.2.26.jar:/home/runner/.m2/repository/com/fasterxml/jackson/core/jackson-core/2.16.2/jackson-core-2.16.2.jar:/home/runner/.m2/repository/com/fasterxml/jackson/core/jackson-databind/2.16.2/jackson-databind-2.16.2.jar:/home/runner/.m2/repository/com/fasterxml/jackson/core/jackson-annotations/2.16.2/jackson-annotations-2.16.2.jar:/home/runner/.m2/repository/com/github/stephenc/jcip/jcip-annotations/1.0-1/jcip-annotations-1.0-1.jar:/home/runner/.m2/repository/com/google/guava/guava/32.1.3-jre/guava-32.1.3-jre.jar:/home/runner/.m2/repository/com/google/guava/failureaccess/1.0.1/failureaccess-1.0.1.jar:/home/runner/.m2/repository/com/google/guava/listenablefuture/9999.0-empty-to-avoid-conflict-with-guava/listenablefuture-9999.0-empty-to-avoid-conflict-with-guava.jar:/home/runner/.m2/repository/org/checkerframework/checker-qual/3.37.0/checker-qual-3.37.0.jar:/home/runner/.m2/repository/com/google/errorprone/error_prone_annotations/2.29.2/error_prone_annotations-2.29.2.jar:/home/runner/.m2/repository/com/google/j2objc/j2objc-annotations/2.8/j2objc-annotations-2.8.jar:/home/runner/.m2/repository/com/google/protobuf/protobuf-java/2.5.0/protobuf-java-2.5.0.jar:/home/runner/.m2/repository/com/squareup/okhttp3/okhttp/4.12.0/okhttp-4.12.0.jar:/home/runner/.m2/repository/com/squareup/okio/okio/3.6.0/okio-3.6.0.jar:/home/runner/.m2/repository/com/squareup/okio/okio-jvm/3.6.0/okio-jvm-3.6.0.jar:/home/runner/.m2/repository/org/jetbrains/kotlin/kotlin-stdlib-common/1.9.25/kotlin-stdlib-common-1.9.25.jar:/home/runner/.m2/repository/org/jetbrains/kotlin/kotlin-stdlib-jdk8/1.9.25/kotlin-stdlib-jdk8-1.9.25.jar:/home/runner/.m2/repository/org/jetbrains/kotlin/kotlin-stdlib/1.9.25/kotlin-stdlib-1.9.25.jar:/home/runner/.m2/repository/org/jetbrains/annotations/13.0/annotations-13.0.jar:/home/runner/.m2/repository/org/jetbrains/kotlin/kotlin-stdlib-jdk7/1.9.25/kotlin-stdlib-jdk7-1.9.25.jar:/home/runner/.m2/repository/commons-codec/commons-codec/1.18.0/commons-codec-1.18.0.jar:/home/runner/.m2/repository/commons-io/commons-io/2.18.0/commons-io-2.18.0.jar:/home/runner/.m2/repository/commons-validator/commons-validator/1.6/commons-validator-1.6.jar:/home/runner/.m2/repository/commons-beanutils/commons-beanutils/1.11.0/commons-beanutils-1.11.0.jar:/home/runner/.m2/repository/commons-digester/commons-digester/1.8.1/commons-digester-1.8.1.jar:/home/runner/.m2/repository/commons-collections/commons-collections/3.2.2/commons-collections-3.2.2.jar:/home/runner/.m2/repository/info/picocli/picocli/4.7.7/picocli-4.7.7.jar:/home/runner/.m2/repository/jakarta/annotation/jakarta.annotation-api/2.1.1/jakarta.annotation-api-2.1.1.jar:/home/runner/.m2/repository/jakarta/xml/bind/jakarta.xml.bind-api/2.3.3/jakarta.xml.bind-api-2.3.3.jar:/home/runner/.m2/repository/jakarta/activation/jakarta.activation-api/1.2.2/jakarta.activation-api-1.2.2.jar:/home/runner/.m2/repository/javax/servlet/javax.servlet-api/3.1.0/javax.servlet-api-3.1.0.jar:/home/runner/.m2/repository/javax/ws/rs/jsr311-api/1.1.1/jsr311-api-1.1.1.jar:/home/runner/.m2/repository/org/apache/commons/commons-compress/1.27.1/commons-compress-1.27.1.jar:/home/runner/.m2/repository/org/apache/commons/commons-lang3/3.17.0/commons-lang3-3.17.0.jar:/home/runner/.m2/repository/org/apache/commons/commons-text/1.13.1/commons-text-1.13.1.jar:/home/runner/.m2/repository/org/apache/hadoop/hadoop-auth/3.4.1/hadoop-auth-3.4.1.jar:/home/runner/.m2/repository/com/nimbusds/nimbus-jose-jwt/9.40/nimbus-jose-jwt-9.40.jar:/home/runner/.m2/repository/io/dropwizard/metrics/metrics-core/3.2.6/metrics-core-3.2.6.jar:/home/runner/.m2/repository/org/apache/kerby/kerb-core/1.0.1/kerb-core-1.0.1.jar:/home/runner/.m2/repository/org/apache/kerby/kerby-pkix/1.0.1/kerby-pkix-1.0.1.jar:/home/runner/.m2/repository/org/apache/kerby/kerby-asn1/1.0.1/kerby-asn1-1.0.1.jar:/home/runner/.m2/repository/org/apache/kerby/kerb-util/1.0.1/kerb-util-1.0.1.jar:/home/runner/.m2/repository/org/apache/kerby/kerby-config/1.0.1/kerby-config-1.0.1.jar:/home/runner/.m2/repository/org/apache/kerby/kerb-crypto/1.0.1/kerb-crypto-1.0.1.jar:/home/runner/.m2/repository/org/apache/hadoop/thirdparty/hadoop-shaded-guava/1.3.0/hadoop-shaded-guava-1.3.0.jar:/home/runner/.m2/repository/org/apache/hadoop/hadoop-common/3.4.1/hadoop-common-3.4.1.jar:/home/runner/.m2/repository/org/apache/hadoop/thirdparty/hadoop-shaded-protobuf_3_25/1.4.0/hadoop-shaded-protobuf_3_25-1.4.0.jar:/home/runner/.m2/repository/org/apache/hadoop/hadoop-annotations/3.4.1/hadoop-annotations-3.4.1.jar:/home/runner/.m2/repository/commons-cli/commons-cli/1.8.0/commons-cli-1.8.0.jar:/home/runner/.m2/repository/commons-net/commons-net/3.11.1/commons-net-3.11.1.jar:/home/runner/.m2/repository/org/eclipse/jetty/jetty-server/9.4.57.v20241219/jetty-server-9.4.57.v20241219.jar:/home/runner/.m2/repository/org/eclipse/jetty/jetty-io/9.4.57.v20241219/jetty-io-9.4.57.v20241219.jar:/home/runner/.m2/repository/org/eclipse/jetty/jetty-util/9.4.57.v20241219/jetty-util-9.4.57.v20241219.jar:/home/runner/.m2/repository/org/eclipse/jetty/jetty-servlet/9.4.57.v20241219/jetty-servlet-9.4.57.v20241219.jar:/home/runner/.m2/repository/org/eclipse/jetty/jetty-security/9.4.57.v20241219/jetty-security-9.4.57.v20241219.jar:/home/runner/.m2/repository/org/eclipse/jetty/jetty-webapp/9.4.57.v20241219/jetty-webapp-9.4.57.v20241219.jar:/home/runner/.m2/repository/org/eclipse/jetty/jetty-xml/9.4.57.v20241219/jetty-xml-9.4.57.v20241219.jar:/home/runner/.m2/repository/javax/servlet/jsp/jsp-api/2.1/jsp-api-2.1.jar:/home/runner/.m2/repository/org/codehaus/jettison/jettison/1.5.4/jettison-1.5.4.jar:/home/runner/.m2/repository/org/apache/commons/commons-configuration2/2.12.0/commons-configuration2-2.12.0.jar:/home/runner/.m2/repository/com/google/re2j/re2j/1.7/re2j-1.7.jar:/home/runner/.m2/repository/com/google/code/gson/gson/2.10.1/gson-2.10.1.jar:/home/runner/.m2/repository/com/jcraft/jsch/0.1.55/jsch-0.1.55.jar:/home/runner/.m2/repository/io/netty/netty-handler/4.1.119.Final/netty-handler-4.1.119.Final.jar:/home/runner/.m2/repository/io/netty/netty-resolver/4.1.119.Final/netty-resolver-4.1.119.Final.jar:/home/runner/.m2/repository/io/netty/netty-transport-native-epoll/4.1.119.Final/netty-transport-native-epoll-4.1.119.Final.jar:/home/runner/.m2/repository/org/bouncycastle/bcprov-jdk18on/1.81/bcprov-jdk18on-1.81.jar:/home/runner/.m2/repository/org/codehaus/woodstox/stax2-api/4.2.1/stax2-api-4.2.1.jar:/home/runner/.m2/repository/com/fasterxml/woodstox/woodstox-core/5.4.0/woodstox-core-5.4.0.jar:/home/runner/.m2/repository/dnsjava/dnsjava/3.6.1/dnsjava-3.6.1.jar:/home/runner/.m2/repository/org/apache/hadoop/hadoop-common/3.4.1/hadoop-common-3.4.1-tests.jar:/home/runner/.m2/repository/org/apache/commons/commons-math3/3.6.1/commons-math3-3.6.1.jar:/home/runner/.m2/repository/com/sun/jersey/jersey-core/1.19.4/jersey-core-1.19.4.jar:/home/runner/.m2/repository/com/sun/jersey/jersey-servlet/1.19.4/jersey-servlet-1.19.4.jar:/home/runner/.m2/repository/com/github/pjfanning/jersey-json/1.22.0/jersey-json-1.22.0.jar:/home/runner/.m2/repository/com/sun/xml/bind/jaxb-impl/2.2.3-1/jaxb-impl-2.2.3-1.jar:/home/runner/.m2/repository/com/sun/jersey/jersey-server/1.19.4/jersey-server-1.19.4.jar:/home/runner/.m2/repository/org/slf4j/slf4j-reload4j/2.0.17/slf4j-reload4j-2.0.17.jar:/home/runner/.m2/repository/org/apache/avro/avro/1.9.2/avro-1.9.2.jar:/home/runner/.m2/repository/org/apache/curator/curator-client/4.2.0/curator-client-4.2.0.jar:/home/runner/.m2/repository/org/apache/curator/curator-recipes/5.2.0/curator-recipes-5.2.0.jar:/home/runner/.m2/repository/org/apache/curator/curator-framework/4.2.0/curator-framework-4.2.0.jar:/home/runner/.m2/repository/com/google/code/findbugs/jsr305/3.0.2/jsr305-3.0.2.jar:/home/runner/.m2/repository/org/apache/zookeeper/zookeeper/3.8.4/zookeeper-3.8.4.jar:/home/runner/.m2/repository/org/apache/zookeeper/zookeeper-jute/3.8.4/zookeeper-jute-3.8.4.jar:/home/runner/.m2/repository/org/apache/yetus/audience-annotations/0.12.0/audience-annotations-0.12.0.jar:/home/runner/.m2/repository/org/xerial/snappy/snappy-java/1.1.10.7/snappy-java-1.1.10.7.jar:/home/runner/.m2/repository/org/apache/hadoop/hadoop-distcp/3.4.1/hadoop-distcp-3.4.1.jar:/home/runner/.m2/repository/org/apache/hadoop/hadoop-distcp/3.4.1/hadoop-distcp-3.4.1-tests.jar:/home/runner/.m2/repository/org/apache/hadoop/hadoop-hdfs/3.4.1/hadoop-hdfs-3.4.1.jar:/home/runner/.m2/repository/org/eclipse/jetty/jetty-util-ajax/9.4.57.v20241219/jetty-util-ajax-9.4.57.v20241219.jar:/home/runner/.m2/repository/commons-daemon/commons-daemon/1.4.0/commons-daemon-1.4.0.jar:/home/runner/.m2/repository/org/apache/hadoop/hadoop-hdfs/3.4.1/hadoop-hdfs-3.4.1-tests.jar:/home/runner/.m2/repository/io/netty/netty-all/4.1.119.Final/netty-all-4.1.119.Final.jar:/home/runner/.m2/repository/io/netty/netty-codec-dns/4.1.119.Final/netty-codec-dns-4.1.119.Final.jar:/home/runner/.m2/repository/io/netty/netty-codec-haproxy/4.1.119.Final/netty-codec-haproxy-4.1.119.Final.jar:/home/runner/.m2/repository/io/netty/netty-codec-http/4.1.119.Final/netty-codec-http-4.1.119.Final.jar:/home/runner/.m2/repository/io/netty/netty-codec-memcache/4.1.119.Final/netty-codec-memcache-4.1.119.Final.jar:/home/runner/.m2/repository/io/netty/netty-codec-mqtt/4.1.119.Final/netty-codec-mqtt-4.1.119.Final.jar:/home/runner/.m2/repository/io/netty/netty-codec-redis/4.1.119.Final/netty-codec-redis-4.1.119.Final.jar:/home/runner/.m2/repository/io/netty/netty-codec-smtp/4.1.119.Final/netty-codec-smtp-4.1.119.Final.jar:/home/runner/.m2/repository/io/netty/netty-codec-socks/4.1.119.Final/netty-codec-socks-4.1.119.Final.jar:/home/runner/.m2/repository/io/netty/netty-codec-stomp/4.1.119.Final/netty-codec-stomp-4.1.119.Final.jar:/home/runner/.m2/repository/io/netty/netty-codec-xml/4.1.119.Final/netty-codec-xml-4.1.119.Final.jar:/home/runner/.m2/repository/io/netty/netty-handler-ssl-ocsp/4.1.119.Final/netty-handler-ssl-ocsp-4.1.119.Final.jar:/home/runner/.m2/repository/io/netty/netty-resolver-dns/4.1.119.Final/netty-resolver-dns-4.1.119.Final.jar:/home/runner/.m2/repository/io/netty/netty-transport-rxtx/4.1.119.Final/netty-transport-rxtx-4.1.119.Final.jar:/home/runner/.m2/repository/io/netty/netty-transport-sctp/4.1.119.Final/netty-transport-sctp-4.1.119.Final.jar:/home/runner/.m2/repository/io/netty/netty-transport-udt/4.1.119.Final/netty-transport-udt-4.1.119.Final.jar:/home/runner/.m2/repository/io/netty/netty-transport-classes-kqueue/4.1.119.Final/netty-transport-classes-kqueue-4.1.119.Final.jar:/home/runner/.m2/repository/io/netty/netty-resolver-dns-classes-macos/4.1.119.Final/netty-resolver-dns-classes-macos-4.1.119.Final.jar:/home/runner/.m2/repository/io/netty/netty-transport-native-epoll/4.1.119.Final/netty-transport-native-epoll-4.1.119.Final-linux-aarch_64.jar:/home/runner/.m2/repository/io/netty/netty-transport-native-epoll/4.1.119.Final/netty-transport-native-epoll-4.1.119.Final-linux-riscv64.jar:/home/runner/.m2/repository/io/netty/netty-transport-native-kqueue/4.1.119.Final/netty-transport-native-kqueue-4.1.119.Final-osx-x86_64.jar:/home/runner/.m2/repository/io/netty/netty-transport-native-kqueue/4.1.119.Final/netty-transport-native-kqueue-4.1.119.Final-osx-aarch_64.jar:/home/runner/.m2/repository/io/netty/netty-resolver-dns-native-macos/4.1.119.Final/netty-resolver-dns-native-macos-4.1.119.Final-osx-x86_64.jar:/home/runner/.m2/repository/io/netty/netty-resolver-dns-native-macos/4.1.119.Final/netty-resolver-dns-native-macos-4.1.119.Final-osx-aarch_64.jar:/home/runner/.m2/repository/org/fusesource/leveldbjni/leveldbjni-all/1.8/leveldbjni-all-1.8.jar:/home/runner/.m2/repository/org/apache/hadoop/hadoop-hdfs-client/3.4.1/hadoop-hdfs-client-3.4.1.jar:/home/runner/.m2/repository/org/apache/hadoop/hadoop-kms/3.4.1/hadoop-kms-3.4.1.jar:/home/runner/.m2/repository/org/apache/hadoop/hadoop-kms/3.4.1/hadoop-kms-3.4.1-tests.jar:/home/runner/.m2/repository/org/apache/hadoop/hadoop-mapreduce-client-core/3.4.1/hadoop-mapreduce-client-core-3.4.1.jar:/home/runner/.m2/repository/org/apache/hadoop/hadoop-yarn-client/3.4.1/hadoop-yarn-client-3.4.1.jar:/home/runner/.m2/repository/org/eclipse/jetty/websocket/websocket-client/9.4.53.v20231009/websocket-client-9.4.53.v20231009.jar:/home/runner/.m2/repository/org/eclipse/jetty/jetty-client/9.4.57.v20241219/jetty-client-9.4.57.v20241219.jar:/home/runner/.m2/repository/org/eclipse/jetty/websocket/websocket-common/9.4.53.v20231009/websocket-common-9.4.53.v20231009.jar:/home/runner/.m2/repository/org/eclipse/jetty/websocket/websocket-api/9.4.53.v20231009/websocket-api-9.4.53.v20231009.jar:/home/runner/.m2/repository/org/apache/hadoop/hadoop-yarn-api/3.4.1/hadoop-yarn-api-3.4.1.jar:/home/runner/.m2/repository/org/apache/hadoop/hadoop-yarn-common/3.4.1/hadoop-yarn-common-3.4.1.jar:/home/runner/.m2/repository/javax/xml/bind/jaxb-api/2.2.11/jaxb-api-2.2.11.jar:/home/runner/.m2/repository/com/sun/jersey/contribs/jersey-guice/1.19.4/jersey-guice-1.19.4.jar:/home/runner/.m2/repository/com/fasterxml/jackson/module/jackson-module-jaxb-annotations/2.16.2/jackson-module-jaxb-annotations-2.16.2.jar:/home/runner/.m2/repository/com/fasterxml/jackson/jaxrs/jackson-jaxrs-json-provider/2.16.2/jackson-jaxrs-json-provider-2.16.2.jar:/home/runner/.m2/repository/com/google/inject/extensions/guice-servlet/6.0.0/guice-servlet-6.0.0.jar:/home/runner/.m2/repository/org/apache/hadoop/hadoop-mapreduce-client-jobclient/3.4.1/hadoop-mapreduce-client-jobclient-3.4.1.jar:/home/runner/.m2/repository/org/apache/hadoop/hadoop-mapreduce-client-common/3.4.1/hadoop-mapreduce-client-common-3.4.1.jar:/home/runner/.m2/repository/org/apache/hadoop/hadoop-minikdc/3.4.1/hadoop-minikdc-3.4.1.jar:/home/runner/.m2/repository/org/apache/kerby/kerb-simplekdc/2.0.3/kerb-simplekdc-2.0.3.jar:/home/runner/.m2/repository/org/apache/kerby/kerb-client/2.0.3/kerb-client-2.0.3.jar:/home/runner/.m2/repository/org/apache/kerby/kerb-common/2.0.3/kerb-common-2.0.3.jar:/home/runner/.m2/repository/org/apache/kerby/token-provider/2.0.3/token-provider-2.0.3.jar:/home/runner/.m2/repository/org/apache/kerby/kerb-admin/2.0.3/kerb-admin-2.0.3.jar:/home/runner/.m2/repository/org/apache/kerby/kerb-server/2.0.3/kerb-server-2.0.3.jar:/home/runner/.m2/repository/org/apache/kerby/kerb-identity/2.0.3/kerb-identity-2.0.3.jar:/home/runner/.m2/repository/org/apache/kerby/kerby-xdr/2.0.3/kerby-xdr-2.0.3.jar:/home/runner/.m2/repository/junit/junit/4.13.2/junit-4.13.2.jar:/home/runner/.m2/repository/org/hamcrest/hamcrest-core/1.3/hamcrest-core-1.3.jar:/home/runner/.m2/repository/org/apache/httpcomponents/httpclient/4.5.14/httpclient-4.5.14.jar:/home/runner/.m2/repository/org/apache/httpcomponents/httpcore/4.4.16/httpcore-4.4.16.jar:/home/runner/.m2/repository/org/apache/kerby/kerby-util/1.0.1/kerby-util-1.0.1.jar:/home/runner/work/ozone/ozone/hadoop-hdds/client/target/hdds-client-2.1.0-SNAPSHOT.jar:/home/runner/.m2/repository/io/opentracing/opentracing-api/0.33.0/opentracing-api-0.33.0.jar:/home/runner/.m2/repository/io/opentracing/opentracing-util/0.33.0/opentracing-util-0.33.0.jar:/home/runner/.m2/repository/io/opentracing/opentracing-noop/0.33.0/opentracing-noop-0.33.0.jar:/home/runner/work/ozone/ozone/hadoop-hdds/erasurecode/target/hdds-erasurecode-2.1.0-SNAPSHOT.jar:/home/runner/work/ozone/ozone/hadoop-hdds/common/target/hdds-common-2.1.0-SNAPSHOT.jar:/home/runner/.m2/repository/com/fasterxml/jackson/datatype/jackson-datatype-jsr310/2.16.2/jackson-datatype-jsr310-2.16.2.jar:/home/runner/.m2/repository/io/jaegertracing/jaeger-core/1.8.1/jaeger-core-1.8.1.jar:/home/runner/.m2/repository/org/apache/ratis/ratis-netty/3.2.0/ratis-netty-3.2.0.jar:/home/runner/.m2/repository/org/yaml/snakeyaml/2.0/snakeyaml-2.0.jar:/home/runner/.m2/repository/io/jaegertracing/jaeger-client/1.8.1/jaeger-client-1.8.1.jar:/home/runner/.m2/repository/io/jaegertracing/jaeger-thrift/1.8.1/jaeger-thrift-1.8.1.jar:/home/runner/.m2/repository/org/apache/thrift/libthrift/0.15.0/libthrift-0.15.0.jar:/home/runner/.m2/repository/io/jaegertracing/jaeger-tracerresolver/1.8.1/jaeger-tracerresolver-1.8.1.jar:/home/runner/.m2/repository/io/opentracing/contrib/opentracing-tracerresolver/0.1.8/opentracing-tracerresolver-0.1.8.jar:/home/runner/.m2/repository/org/apache/ratis/ratis-metrics-dropwizard3/3.2.0/ratis-metrics-dropwizard3-3.2.0.jar:/home/runner/.m2/repository/org/slf4j/jcl-over-slf4j/2.0.17/jcl-over-slf4j-2.0.17.jar:/home/runner/work/ozone/ozone/hadoop-hdds/common/target/hdds-common-2.1.0-SNAPSHOT-tests.jar:/home/runner/work/ozone/ozone/hadoop-hdds/config/target/hdds-config-2.1.0-SNAPSHOT.jar:/home/runner/work/ozone/ozone/hadoop-hdds/container-service/target/hdds-container-service-2.1.0-SNAPSHOT.jar:/home/runner/.m2/repository/io/netty/netty-buffer/4.1.119.Final/netty-buffer-4.1.119.Final.jar:/home/runner/.m2/repository/io/netty/netty-codec/4.1.119.Final/netty-codec-4.1.119.Final.jar:/home/runner/.m2/repository/io/netty/netty-common/4.1.119.Final/netty-common-4.1.119.Final.jar:/home/runner/.m2/repository/io/netty/netty-transport/4.1.119.Final/netty-transport-4.1.119.Final.jar:/home/runner/.m2/repository/org/apache/logging/log4j/log4j-api/2.25.0/log4j-api-2.25.0.jar:/home/runner/.m2/repository/com/github/luben/zstd-jni/1.5.7-3/zstd-jni-1.5.7-3.jar:/home/runner/.m2/repository/log4j/apache-log4j-extras/1.2.17/apache-log4j-extras-1.2.17.jar:/home/runner/.m2/repository/org/glassfish/jaxb/jaxb-runtime/2.3.9/jaxb-runtime-2.3.9.jar:/home/runner/.m2/repository/org/glassfish/jaxb/txw2/2.3.9/txw2-2.3.9.jar:/home/runner/.m2/repository/com/sun/istack/istack-commons-runtime/3.0.12/istack-commons-runtime-3.0.12.jar:/home/runner/.m2/repository/com/sun/activation/jakarta.activation/1.2.2/jakarta.activation-1.2.2.jar:/home/runner/work/ozone/ozone/hadoop-hdds/container-service/target/hdds-container-service-2.1.0-SNAPSHOT-tests.jar:/home/runner/work/ozone/ozone/hadoop-hdds/interface-admin/target/hdds-interface-admin-2.1.0-SNAPSHOT.jar:/home/runner/work/ozone/ozone/hadoop-hdds/interface-client/target/hdds-interface-client-2.1.0-SNAPSHOT.jar:/home/runner/work/ozone/ozone/hadoop-hdds/interface-server/target/hdds-interface-server-2.1.0-SNAPSHOT.jar:/home/runner/work/ozone/ozone/hadoop-hdds/managed-rocksdb/target/hdds-managed-rocksdb-2.1.0-SNAPSHOT.jar:/home/runner/work/ozone/ozone/hadoop-hdds/rocks-native/target/hdds-rocks-native-2.1.0-SNAPSHOT.jar:/home/runner/work/ozone/ozone/hadoop-hdds/framework/target/hdds-server-framework-2.1.0-SNAPSHOT.jar:/home/runner/.m2/repository/com/github/jnr/jnr-constants/0.10.4/jnr-constants-0.10.4.jar:/home/runner/.m2/repository/com/github/jnr/jnr-posix/3.1.20/jnr-posix-3.1.20.jar:/home/runner/.m2/repository/com/github/jnr/jnr-ffi/2.2.17/jnr-ffi-2.2.17.jar:/home/runner/.m2/repository/com/github/jnr/jffi/1.3.13/jffi-1.3.13.jar:/home/runner/.m2/repository/com/github/jnr/jffi/1.3.13/jffi-1.3.13-native.jar:/home/runner/.m2/repository/org/ow2/asm/asm/9.7.1/asm-9.7.1.jar:/home/runner/.m2/repository/org/ow2/asm/asm-commons/9.7.1/asm-commons-9.7.1.jar:/home/runner/.m2/repository/org/ow2/asm/asm-analysis/9.7.1/asm-analysis-9.7.1.jar:/home/runner/.m2/repository/org/ow2/asm/asm-tree/9.7.1/asm-tree-9.7.1.jar:/home/runner/.m2/repository/org/ow2/asm/asm-util/9.7.1/asm-util-9.7.1.jar:/home/runner/.m2/repository/com/github/jnr/jnr-a64asm/1.0.0/jnr-a64asm-1.0.0.jar:/home/runner/.m2/repository/com/github/jnr/jnr-x86asm/1.0.2/jnr-x86asm-1.0.2.jar:/home/runner/.m2/repository/commons-fileupload/commons-fileupload/1.5/commons-fileupload-1.5.jar:/home/runner/.m2/repository/io/grpc/grpc-api/1.71.0/grpc-api-1.71.0.jar:/home/runner/.m2/repository/io/prometheus/simpleclient/0.16.0/simpleclient-0.16.0.jar:/home/runner/.m2/repository/io/prometheus/simpleclient_common/0.16.0/simpleclient_common-0.16.0.jar:/home/runner/.m2/repository/io/prometheus/simpleclient_dropwizard/0.16.0/simpleclient_dropwizard-0.16.0.jar:/home/runner/.m2/repository/jakarta/ws/rs/jakarta.ws.rs-api/2.1.6/jakarta.ws.rs-api-2.1.6.jar:/home/runner/.m2/repository/org/eclipse/jetty/jetty-http/9.4.57.v20241219/jetty-http-9.4.57.v20241219.jar:/home/runner/.m2/repository/org/glassfish/jersey/containers/jersey-container-servlet-core/2.47/jersey-container-servlet-core-2.47.jar:/home/runner/.m2/repository/org/glassfish/jersey/core/jersey-server/2.47/jersey-server-2.47.jar:/home/runner/.m2/repository/org/glassfish/jersey/core/jersey-client/2.47/jersey-client-2.47.jar:/home/runner/.m2/repository/com/lmax/disruptor/3.4.4/disruptor-3.4.4.jar:/home/runner/.m2/repository/org/apache/logging/log4j/log4j-core/2.25.0/log4j-core-2.25.0.jar:/home/runner/work/ozone/ozone/hadoop-hdds/framework/target/hdds-server-framework-2.1.0-SNAPSHOT-tests.jar:/home/runner/work/ozone/ozone/hadoop-hdds/server-scm/target/hdds-server-scm-2.1.0-SNAPSHOT.jar:/home/runner/work/ozone/ozone/hadoop-hdds/server-scm/target/hdds-server-scm-2.1.0-SNAPSHOT-tests.jar:/home/runner/work/ozone/ozone/hadoop-hdds/test-utils/target/hdds-test-utils-2.1.0-SNAPSHOT-tests.jar:/home/runner/work/ozone/ozone/hadoop-ozone/cli-admin/target/ozone-cli-admin-2.1.0-SNAPSHOT.jar:/home/runner/work/ozone/ozone/hadoop-ozone/cli-shell/target/ozone-cli-shell-2.1.0-SNAPSHOT.jar:/home/runner/.m2/repository/info/picocli/picocli-shell-jline3/4.7.7/picocli-shell-jline3-4.7.7.jar:/home/runner/.m2/repository/org/jline/jline/3.30.4/jline-3.30.4.jar:/home/runner/work/ozone/ozone/hadoop-ozone/client/target/ozone-client-2.1.0-SNAPSHOT.jar:/home/runner/work/ozone/ozone/hadoop-ozone/common/target/ozone-common-2.1.0-SNAPSHOT.jar:/home/runner/.m2/repository/io/grpc/grpc-netty/1.71.0/grpc-netty-1.71.0.jar:/home/runner/.m2/repository/org/codehaus/mojo/animal-sniffer-annotations/1.24/animal-sniffer-annotations-1.24.jar:/home/runner/.m2/repository/io/grpc/grpc-core/1.71.0/grpc-core-1.71.0.jar:/home/runner/.m2/repository/com/google/android/annotations/4.1.1.4/annotations-4.1.1.4.jar:/home/runner/.m2/repository/io/grpc/grpc-context/1.71.0/grpc-context-1.71.0.jar:/home/runner/.m2/repository/io/perfmark/perfmark-api/0.27.0/perfmark-api-0.27.0.jar:/home/runner/.m2/repository/io/grpc/grpc-util/1.71.0/grpc-util-1.71.0.jar:/home/runner/.m2/repository/io/netty/netty-codec-http2/4.1.119.Final/netty-codec-http2-4.1.119.Final.jar:/home/runner/.m2/repository/io/netty/netty-handler-proxy/4.1.119.Final/netty-handler-proxy-4.1.119.Final.jar:/home/runner/.m2/repository/io/netty/netty-tcnative-boringssl-static/2.0.70.Final/netty-tcnative-boringssl-static-2.0.70.Final.jar:/home/runner/.m2/repository/io/netty/netty-tcnative-classes/2.0.70.Final/netty-tcnative-classes-2.0.70.Final.jar:/home/runner/.m2/repository/io/netty/netty-tcnative-boringssl-static/2.0.70.Final/netty-tcnative-boringssl-static-2.0.70.Final-linux-x86_64.jar:/home/runner/.m2/repository/io/netty/netty-tcnative-boringssl-static/2.0.70.Final/netty-tcnative-boringssl-static-2.0.70.Final-linux-aarch_64.jar:/home/runner/.m2/repository/io/netty/netty-tcnative-boringssl-static/2.0.70.Final/netty-tcnative-boringssl-static-2.0.70.Final-osx-x86_64.jar:/home/runner/.m2/repository/io/netty/netty-tcnative-boringssl-static/2.0.70.Final/netty-tcnative-boringssl-static-2.0.70.Final-osx-aarch_64.jar:/home/runner/.m2/repository/io/netty/netty-tcnative-boringssl-static/2.0.70.Final/netty-tcnative-boringssl-static-2.0.70.Final-windows-x86_64.jar:/home/runner/work/ozone/ozone/hadoop-ozone/csi/target/ozone-csi-2.1.0-SNAPSHOT.jar:/home/runner/.m2/repository/io/grpc/grpc-protobuf/1.71.0/grpc-protobuf-1.71.0.jar:/home/runner/.m2/repository/com/google/api/grpc/proto-google-common-protos/2.51.0/proto-google-common-protos-2.51.0.jar:/home/runner/.m2/repository/io/grpc/grpc-protobuf-lite/1.71.0/grpc-protobuf-lite-1.71.0.jar:/home/runner/.m2/repository/io/grpc/grpc-stub/1.71.0/grpc-stub-1.71.0.jar:/home/runner/.m2/repository/io/netty/netty-transport-classes-epoll/4.1.119.Final/netty-transport-classes-epoll-4.1.119.Final.jar:/home/runner/.m2/repository/io/netty/netty-transport-native-unix-common/4.1.119.Final/netty-transport-native-unix-common-4.1.119.Final.jar:/home/runner/.m2/repository/io/netty/netty-transport-native-epoll/4.1.119.Final/netty-transport-native-epoll-4.1.119.Final-linux-x86_64.jar:/home/runner/work/ozone/ozone/hadoop-ozone/ozonefs/target/ozone-filesystem-2.1.0-SNAPSHOT.jar:/home/runner/work/ozone/ozone/hadoop-ozone/ozonefs-common/target/ozone-filesystem-common-2.1.0-SNAPSHOT.jar:/home/runner/work/ozone/ozone/hadoop-ozone/freon/target/ozone-freon-2.1.0-SNAPSHOT.jar:/home/runner/.m2/repository/com/amazonaws/aws-java-sdk-core/1.12.661/aws-java-sdk-core-1.12.661.jar:/home/runner/.m2/repository/com/fasterxml/jackson/dataformat/jackson-dataformat-cbor/2.16.2/jackson-dataformat-cbor-2.16.2.jar:/home/runner/.m2/repository/joda-time/joda-time/2.12.7/joda-time-2.12.7.jar:/home/runner/.m2/repository/com/amazonaws/aws-java-sdk-s3/1.12.661/aws-java-sdk-s3-1.12.661.jar:/home/runner/.m2/repository/com/amazonaws/aws-java-sdk-kms/1.12.661/aws-java-sdk-kms-1.12.661.jar:/home/runner/.m2/repository/com/amazonaws/jmespath-java/1.12.661/jmespath-java-1.12.661.jar:/home/runner/work/ozone/ozone/hadoop-ozone/interface-client/target/ozone-interface-client-2.1.0-SNAPSHOT.jar:/home/runner/work/ozone/ozone/hadoop-ozone/interface-storage/target/ozone-interface-storage-2.1.0-SNAPSHOT.jar:/home/runner/work/ozone/ozone/hadoop-ozone/ozone-manager/target/ozone-manager-2.1.0-SNAPSHOT.jar:/home/runner/.m2/repository/com/sun/jersey/jersey-client/1.19.4/jersey-client-1.19.4.jar:/home/runner/.m2/repository/org/apache/ranger/ranger-plugins-common/2.6.0/ranger-plugins-common-2.6.0.jar:/home/runner/.m2/repository/com/fasterxml/jackson/jaxrs/jackson-jaxrs-base/2.16.2/jackson-jaxrs-base-2.16.2.jar:/home/runner/.m2/repository/com/kstruct/gethostname4j/1.0.0/gethostname4j-1.0.0.jar:/home/runner/.m2/repository/commons-lang/commons-lang/2.6/commons-lang-2.6.jar:/home/runner/.m2/repository/net/java/dev/jna/jna/5.2.0/jna-5.2.0.jar:/home/runner/.m2/repository/net/java/dev/jna/jna-platform/5.2.0/jna-platform-5.2.0.jar:/home/runner/.m2/repository/org/apache/ranger/ranger-plugin-classloader/2.6.0/ranger-plugin-classloader-2.6.0.jar:/home/runner/.m2/repository/org/apache/ranger/ranger-plugins-audit/2.6.0/ranger-plugins-audit-2.6.0.jar:/home/runner/.m2/repository/com/amazonaws/aws-java-sdk-logs/1.12.765/aws-java-sdk-logs-1.12.765.jar:/home/runner/.m2/repository/com/carrotsearch/hppc/0.8.0/hppc-0.8.0.jar:/home/runner/.m2/repository/io/airlift/aircompressor/0.27/aircompressor-0.27.jar:/home/runner/.m2/repository/org/apache/httpcomponents/httpasyncclient/4.1.4/httpasyncclient-4.1.4.jar:/home/runner/.m2/repository/org/apache/httpcomponents/httpcore-nio/4.4.16/httpcore-nio-4.4.16.jar:/home/runner/.m2/repository/org/apache/httpcomponents/httpmime/4.5.13/httpmime-4.5.13.jar:/home/runner/.m2/repository/org/apache/orc/orc-core/1.5.8/orc-core-1.5.8.jar:/home/runner/.m2/repository/org/apache/orc/orc-shims/1.5.8/orc-shims-1.5.8.jar:/home/runner/.m2/repository/org/apache/ranger/ranger-plugins-cred/2.6.0/ranger-plugins-cred-2.6.0.jar:/home/runner/.m2/repository/org/aspectj/aspectjrt/1.9.7/aspectjrt-1.9.7.jar:/home/runner/work/ozone/ozone/hadoop-ozone/ozone-manager/target/ozone-manager-2.1.0-SNAPSHOT-tests.jar:/home/runner/work/ozone/ozone/hadoop-ozone/mini-cluster/target/ozone-mini-cluster-2.1.0-SNAPSHOT.jar:/home/runner/work/ozone/ozone/hadoop-ozone/recon/target/ozone-recon-2.1.0-SNAPSHOT.jar:/home/runner/.m2/repository/aopalliance/aopalliance/1.0/aopalliance-1.0.jar:/home/runner/.m2/repository/com/google/inject/guice/6.0.0/guice-6.0.0.jar:/home/runner/.m2/repository/jakarta/inject/jakarta.inject-api/2.0.1/jakarta.inject-api-2.0.1.jar:/home/runner/.m2/repository/com/jolbox/bonecp/0.8.0.RELEASE/bonecp-0.8.0.RELEASE.jar:/home/runner/.m2/repository/jakarta/validation/jakarta.validation-api/2.0.2/jakarta.validation-api-2.0.2.jar:/home/runner/.m2/repository/javax/annotation/javax.annotation-api/1.3.2/javax.annotation-api-1.3.2.jar:/home/runner/.m2/repository/javax/inject/javax.inject/1/javax.inject-1.jar:/home/runner/.m2/repository/org/apache/derby/derby/10.14.2.0/derby-10.14.2.0.jar:/home/runner/.m2/repository/org/glassfish/hk2/guice-bridge/2.6.1/guice-bridge-2.6.1.jar:/home/runner/.m2/repository/org/glassfish/hk2/hk2-api/2.6.1/hk2-api-2.6.1.jar:/home/runner/.m2/repository/org/glassfish/hk2/hk2-utils/2.6.1/hk2-utils-2.6.1.jar:/home/runner/.m2/repository/org/glassfish/hk2/external/aopalliance-repackaged/2.6.1/aopalliance-repackaged-2.6.1.jar:/home/runner/.m2/repository/org/glassfish/jersey/core/jersey-common/2.47/jersey-common-2.47.jar:/home/runner/.m2/repository/org/glassfish/hk2/osgi-resource-locator/1.0.3/osgi-resource-locator-1.0.3.jar:/home/runner/.m2/repository/org/jooq/jooq/3.11.10/jooq-3.11.10.jar:/home/runner/.m2/repository/org/springframework/spring-core/5.3.39/spring-core-5.3.39.jar:/home/runner/.m2/repository/org/springframework/spring-jdbc/5.3.39/spring-jdbc-5.3.39.jar:/home/runner/.m2/repository/org/springframework/spring-beans/5.3.39/spring-beans-5.3.39.jar:/home/runner/.m2/repository/org/springframework/spring-tx/5.3.39/spring-tx-5.3.39.jar:/home/runner/.m2/repository/org/xerial/sqlite-jdbc/3.50.1.0/sqlite-jdbc-3.50.1.0.jar:/home/runner/.m2/repository/com/google/inject/extensions/guice-assistedinject/6.0.0/guice-assistedinject-6.0.0.jar:/home/runner/.m2/repository/org/glassfish/hk2/external/jakarta.inject/2.6.1/jakarta.inject-2.6.1.jar:/home/runner/.m2/repository/org/glassfish/jersey/inject/jersey-hk2/2.47/jersey-hk2-2.47.jar:/home/runner/.m2/repository/org/glassfish/hk2/hk2-locator/2.6.1/hk2-locator-2.6.1.jar:/home/runner/.m2/repository/org/glassfish/jersey/media/jersey-media-jaxb/2.47/jersey-media-jaxb-2.47.jar:/home/runner/.m2/repository/org/glassfish/jersey/media/jersey-media-json-jackson/2.47/jersey-media-json-jackson-2.47.jar:/home/runner/.m2/repository/org/glassfish/jersey/ext/jersey-entity-filtering/2.47/jersey-entity-filtering-2.47.jar:/home/runner/work/ozone/ozone/hadoop-ozone/recon-codegen/target/ozone-reconcodegen-2.1.0-SNAPSHOT.jar:/home/runner/.m2/repository/org/jooq/jooq-codegen/3.11.10/jooq-codegen-3.11.10.jar:/home/runner/.m2/repository/org/jooq/jooq-meta/3.11.10/jooq-meta-3.11.10.jar:/home/runner/work/ozone/ozone/hadoop-ozone/s3gateway/target/ozone-s3gateway-2.1.0-SNAPSHOT.jar:/home/runner/work/ozone/ozone/hadoop-ozone/tools/target/ozone-tools-2.1.0-SNAPSHOT.jar:/home/runner/.m2/repository/com/github/vlsi/mxgraph/jgraphx/3.9.12/jgraphx-3.9.12.jar:/home/runner/.m2/repository/org/apache/ratis/ratis-shell/3.2.0/ratis-shell-3.2.0.jar:/home/runner/.m2/repository/org/apache/ratis/ratis-tools/3.2.0/ratis-tools-3.2.0.jar:/home/runner/.m2/repository/org/jgrapht/jgrapht-core/1.4.0/jgrapht-core-1.4.0.jar:/home/runner/.m2/repository/org/jheaps/jheaps/0.11/jheaps-0.11.jar:/home/runner/.m2/repository/org/jgrapht/jgrapht-ext/1.4.0/jgrapht-ext-1.4.0.jar:/home/runner/work/ozone/ozone/hadoop-hdds/rocksdb-checkpoint-differ/target/rocksdb-checkpoint-differ-2.1.0-SNAPSHOT.jar:/home/runner/.m2/repository/org/apache/ranger/ranger-intg/2.6.0/ranger-intg-2.6.0.jar:/home/runner/.m2/repository/org/apache/ratis/ratis-client/3.2.0/ratis-client-3.2.0.jar:/home/runner/.m2/repository/org/apache/ratis/ratis-common/3.2.0/ratis-common-3.2.0.jar:/home/runner/.m2/repository/org/apache/ratis/ratis-grpc/3.2.0/ratis-grpc-3.2.0.jar:/home/runner/.m2/repository/org/apache/ratis/ratis-metrics-api/3.2.0/ratis-metrics-api-3.2.0.jar:/home/runner/.m2/repository/org/apache/ratis/ratis-proto/3.2.0/ratis-proto-3.2.0.jar:/home/runner/.m2/repository/org/apache/ratis/ratis-server/3.2.0/ratis-server-3.2.0.jar:/home/runner/.m2/repository/org/apache/ratis/ratis-server-api/3.2.0/ratis-server-api-3.2.0.jar:/home/runner/.m2/repository/org/apache/ratis/ratis-thirdparty-misc/1.0.9/ratis-thirdparty-misc-1.0.9.jar:/home/runner/.m2/repository/org/bouncycastle/bcpkix-jdk18on/1.81/bcpkix-jdk18on-1.81.jar:/home/runner/.m2/repository/org/bouncycastle/bcutil-jdk18on/1.81/bcutil-jdk18on-1.81.jar:/home/runner/.m2/repository/org/hamcrest/hamcrest/2.2/hamcrest-2.2.jar:/home/runner/.m2/repository/org/reflections/reflections/0.10.2/reflections-0.10.2.jar:/home/runner/.m2/repository/org/javassist/javassist/3.30.2-GA/javassist-3.30.2-GA.jar:/home/runner/.m2/repository/org/rocksdb/rocksdbjni/7.7.3/rocksdbjni-7.7.3.jar:/home/runner/.m2/repository/org/slf4j/jul-to-slf4j/2.0.17/jul-to-slf4j-2.0.17.jar:/home/runner/.m2/repository/org/slf4j/slf4j-api/2.0.17/slf4j-api-2.0.17.jar:/home/runner/.m2/repository/org/assertj/assertj-core/3.27.3/assertj-core-3.27.3.jar:/home/runner/.m2/repository/net/bytebuddy/byte-buddy/1.15.11/byte-buddy-1.15.11.jar:/home/runner/.m2/repository/org/junit/jupiter/junit-jupiter-api/5.13.2/junit-jupiter-api-5.13.2.jar:/home/runner/.m2/repository/org/opentest4j/opentest4j/1.3.0/opentest4j-1.3.0.jar:/home/runner/.m2/repository/org/junit/platform/junit-platform-commons/1.13.2/junit-platform-commons-1.13.2.jar:/home/runner/.m2/repository/org/apiguardian/apiguardian-api/1.1.2/apiguardian-api-1.1.2.jar:/home/runner/.m2/repository/org/junit/jupiter/junit-jupiter-params/5.13.2/junit-jupiter-params-5.13.2.jar:/home/runner/.m2/repository/org/mockito/mockito-core/4.11.0/mockito-core-4.11.0.jar:/home/runner/.m2/repository/net/bytebuddy/byte-buddy-agent/1.12.19/byte-buddy-agent-1.12.19.jar:/home/runner/.m2/repository/org/objenesis/objenesis/3.3/objenesis-3.3.jar:/home/runner/.m2/repository/org/mockito/mockito-inline/4.11.0/mockito-inline-4.11.0.jar:/home/runner/.m2/repository/org/mockito/mockito-junit-jupiter/4.11.0/mockito-junit-jupiter-4.11.0.jar:/home/runner/work/ozone/ozone/hadoop-ozone/integration-test/target/gradle-enterprise/test-listeners.jar:"/>
    <property name="java.vm.vendor" value="Eclipse Adoptium"/>
    <property name="sun.arch.data.model" value="64"/>
    <property name="test.build.dir" value="/home/runner/work/ozone/ozone/hadoop-ozone/integration-test/target/test-dir"/>
    <property name="sun.security.krb5.debug" value="false"/>
    <property name="test.cache.data" value=""/>
    <property name="java.vendor.url" value="https://adoptium.net/"/>
    <property name="user.timezone" value="Etc/UTC"/>
    <property name="maven-surefire-plugin.argLineAccessArgs" value=" --add-opens java.management/com.sun.jmx.mbeanserver=ALL-UNNAMED --add-exports java.management/com.sun.jmx.mbeanserver=ALL-UNNAMED --add-opens java.base/java.nio=ALL-UNNAMED --add-opens java.base/java.lang=ALL-UNNAMED --add-opens java.base/java.lang.reflect=ALL-UNNAMED"/>
    <property name="java.vm.specification.version" value="21"/>
    <property name="os.name" value="Linux"/>
    <property name="test.build.data" value="/home/runner/work/ozone/ozone/hadoop-ozone/integration-test/target/test-dir"/>
    <property name="sun.java.launcher" value="SUN_STANDARD"/>
    <property name="sun.boot.library.path" value="/usr/lib/jvm/temurin-21-jdk-amd64/lib"/>
    <property name="sun.java.command" value="/home/runner/work/ozone/ozone/hadoop-ozone/integration-test/target/surefire/surefirebooter-20250705154052643_936.jar /home/runner/work/ozone/ozone/hadoop-ozone/integration-test/target/surefire 2025-07-05T15-31-42_793-jvmRun1 surefire-20250705154052643_934tmp surefire_140-20250705154052643_935tmp"/>
    <property name="jdk.debug" value="release"/>
    <property name="native.lib.tmp.dir" value="/tmp"/>
    <property name="surefire.test.class.path" value="/home/runner/work/ozone/ozone/hadoop-ozone/integration-test/target/test-classes:/home/runner/work/ozone/ozone/hadoop-ozone/integration-test/target/classes:/home/runner/.m2/repository/ch/qos/reload4j/reload4j/1.2.26/reload4j-1.2.26.jar:/home/runner/.m2/repository/com/fasterxml/jackson/core/jackson-core/2.16.2/jackson-core-2.16.2.jar:/home/runner/.m2/repository/com/fasterxml/jackson/core/jackson-databind/2.16.2/jackson-databind-2.16.2.jar:/home/runner/.m2/repository/com/fasterxml/jackson/core/jackson-annotations/2.16.2/jackson-annotations-2.16.2.jar:/home/runner/.m2/repository/com/github/stephenc/jcip/jcip-annotations/1.0-1/jcip-annotations-1.0-1.jar:/home/runner/.m2/repository/com/google/guava/guava/32.1.3-jre/guava-32.1.3-jre.jar:/home/runner/.m2/repository/com/google/guava/failureaccess/1.0.1/failureaccess-1.0.1.jar:/home/runner/.m2/repository/com/google/guava/listenablefuture/9999.0-empty-to-avoid-conflict-with-guava/listenablefuture-9999.0-empty-to-avoid-conflict-with-guava.jar:/home/runner/.m2/repository/org/checkerframework/checker-qual/3.37.0/checker-qual-3.37.0.jar:/home/runner/.m2/repository/com/google/errorprone/error_prone_annotations/2.29.2/error_prone_annotations-2.29.2.jar:/home/runner/.m2/repository/com/google/j2objc/j2objc-annotations/2.8/j2objc-annotations-2.8.jar:/home/runner/.m2/repository/com/google/protobuf/protobuf-java/2.5.0/protobuf-java-2.5.0.jar:/home/runner/.m2/repository/com/squareup/okhttp3/okhttp/4.12.0/okhttp-4.12.0.jar:/home/runner/.m2/repository/com/squareup/okio/okio/3.6.0/okio-3.6.0.jar:/home/runner/.m2/repository/com/squareup/okio/okio-jvm/3.6.0/okio-jvm-3.6.0.jar:/home/runner/.m2/repository/org/jetbrains/kotlin/kotlin-stdlib-common/1.9.25/kotlin-stdlib-common-1.9.25.jar:/home/runner/.m2/repository/org/jetbrains/kotlin/kotlin-stdlib-jdk8/1.9.25/kotlin-stdlib-jdk8-1.9.25.jar:/home/runner/.m2/repository/org/jetbrains/kotlin/kotlin-stdlib/1.9.25/kotlin-stdlib-1.9.25.jar:/home/runner/.m2/repository/org/jetbrains/annotations/13.0/annotations-13.0.jar:/home/runner/.m2/repository/org/jetbrains/kotlin/kotlin-stdlib-jdk7/1.9.25/kotlin-stdlib-jdk7-1.9.25.jar:/home/runner/.m2/repository/commons-codec/commons-codec/1.18.0/commons-codec-1.18.0.jar:/home/runner/.m2/repository/commons-io/commons-io/2.18.0/commons-io-2.18.0.jar:/home/runner/.m2/repository/commons-validator/commons-validator/1.6/commons-validator-1.6.jar:/home/runner/.m2/repository/commons-beanutils/commons-beanutils/1.11.0/commons-beanutils-1.11.0.jar:/home/runner/.m2/repository/commons-digester/commons-digester/1.8.1/commons-digester-1.8.1.jar:/home/runner/.m2/repository/commons-collections/commons-collections/3.2.2/commons-collections-3.2.2.jar:/home/runner/.m2/repository/info/picocli/picocli/4.7.7/picocli-4.7.7.jar:/home/runner/.m2/repository/jakarta/annotation/jakarta.annotation-api/2.1.1/jakarta.annotation-api-2.1.1.jar:/home/runner/.m2/repository/jakarta/xml/bind/jakarta.xml.bind-api/2.3.3/jakarta.xml.bind-api-2.3.3.jar:/home/runner/.m2/repository/jakarta/activation/jakarta.activation-api/1.2.2/jakarta.activation-api-1.2.2.jar:/home/runner/.m2/repository/javax/servlet/javax.servlet-api/3.1.0/javax.servlet-api-3.1.0.jar:/home/runner/.m2/repository/javax/ws/rs/jsr311-api/1.1.1/jsr311-api-1.1.1.jar:/home/runner/.m2/repository/org/apache/commons/commons-compress/1.27.1/commons-compress-1.27.1.jar:/home/runner/.m2/repository/org/apache/commons/commons-lang3/3.17.0/commons-lang3-3.17.0.jar:/home/runner/.m2/repository/org/apache/commons/commons-text/1.13.1/commons-text-1.13.1.jar:/home/runner/.m2/repository/org/apache/hadoop/hadoop-auth/3.4.1/hadoop-auth-3.4.1.jar:/home/runner/.m2/repository/com/nimbusds/nimbus-jose-jwt/9.40/nimbus-jose-jwt-9.40.jar:/home/runner/.m2/repository/io/dropwizard/metrics/metrics-core/3.2.6/metrics-core-3.2.6.jar:/home/runner/.m2/repository/org/apache/kerby/kerb-core/1.0.1/kerb-core-1.0.1.jar:/home/runner/.m2/repository/org/apache/kerby/kerby-pkix/1.0.1/kerby-pkix-1.0.1.jar:/home/runner/.m2/repository/org/apache/kerby/kerby-asn1/1.0.1/kerby-asn1-1.0.1.jar:/home/runner/.m2/repository/org/apache/kerby/kerb-util/1.0.1/kerb-util-1.0.1.jar:/home/runner/.m2/repository/org/apache/kerby/kerby-config/1.0.1/kerby-config-1.0.1.jar:/home/runner/.m2/repository/org/apache/kerby/kerb-crypto/1.0.1/kerb-crypto-1.0.1.jar:/home/runner/.m2/repository/org/apache/hadoop/thirdparty/hadoop-shaded-guava/1.3.0/hadoop-shaded-guava-1.3.0.jar:/home/runner/.m2/repository/org/apache/hadoop/hadoop-common/3.4.1/hadoop-common-3.4.1.jar:/home/runner/.m2/repository/org/apache/hadoop/thirdparty/hadoop-shaded-protobuf_3_25/1.4.0/hadoop-shaded-protobuf_3_25-1.4.0.jar:/home/runner/.m2/repository/org/apache/hadoop/hadoop-annotations/3.4.1/hadoop-annotations-3.4.1.jar:/home/runner/.m2/repository/commons-cli/commons-cli/1.8.0/commons-cli-1.8.0.jar:/home/runner/.m2/repository/commons-net/commons-net/3.11.1/commons-net-3.11.1.jar:/home/runner/.m2/repository/org/eclipse/jetty/jetty-server/9.4.57.v20241219/jetty-server-9.4.57.v20241219.jar:/home/runner/.m2/repository/org/eclipse/jetty/jetty-io/9.4.57.v20241219/jetty-io-9.4.57.v20241219.jar:/home/runner/.m2/repository/org/eclipse/jetty/jetty-util/9.4.57.v20241219/jetty-util-9.4.57.v20241219.jar:/home/runner/.m2/repository/org/eclipse/jetty/jetty-servlet/9.4.57.v20241219/jetty-servlet-9.4.57.v20241219.jar:/home/runner/.m2/repository/org/eclipse/jetty/jetty-security/9.4.57.v20241219/jetty-security-9.4.57.v20241219.jar:/home/runner/.m2/repository/org/eclipse/jetty/jetty-webapp/9.4.57.v20241219/jetty-webapp-9.4.57.v20241219.jar:/home/runner/.m2/repository/org/eclipse/jetty/jetty-xml/9.4.57.v20241219/jetty-xml-9.4.57.v20241219.jar:/home/runner/.m2/repository/javax/servlet/jsp/jsp-api/2.1/jsp-api-2.1.jar:/home/runner/.m2/repository/org/codehaus/jettison/jettison/1.5.4/jettison-1.5.4.jar:/home/runner/.m2/repository/org/apache/commons/commons-configuration2/2.12.0/commons-configuration2-2.12.0.jar:/home/runner/.m2/repository/com/google/re2j/re2j/1.7/re2j-1.7.jar:/home/runner/.m2/repository/com/google/code/gson/gson/2.10.1/gson-2.10.1.jar:/home/runner/.m2/repository/com/jcraft/jsch/0.1.55/jsch-0.1.55.jar:/home/runner/.m2/repository/io/netty/netty-handler/4.1.119.Final/netty-handler-4.1.119.Final.jar:/home/runner/.m2/repository/io/netty/netty-resolver/4.1.119.Final/netty-resolver-4.1.119.Final.jar:/home/runner/.m2/repository/io/netty/netty-transport-native-epoll/4.1.119.Final/netty-transport-native-epoll-4.1.119.Final.jar:/home/runner/.m2/repository/org/bouncycastle/bcprov-jdk18on/1.81/bcprov-jdk18on-1.81.jar:/home/runner/.m2/repository/org/codehaus/woodstox/stax2-api/4.2.1/stax2-api-4.2.1.jar:/home/runner/.m2/repository/com/fasterxml/woodstox/woodstox-core/5.4.0/woodstox-core-5.4.0.jar:/home/runner/.m2/repository/dnsjava/dnsjava/3.6.1/dnsjava-3.6.1.jar:/home/runner/.m2/repository/org/apache/hadoop/hadoop-common/3.4.1/hadoop-common-3.4.1-tests.jar:/home/runner/.m2/repository/org/apache/commons/commons-math3/3.6.1/commons-math3-3.6.1.jar:/home/runner/.m2/repository/com/sun/jersey/jersey-core/1.19.4/jersey-core-1.19.4.jar:/home/runner/.m2/repository/com/sun/jersey/jersey-servlet/1.19.4/jersey-servlet-1.19.4.jar:/home/runner/.m2/repository/com/github/pjfanning/jersey-json/1.22.0/jersey-json-1.22.0.jar:/home/runner/.m2/repository/com/sun/xml/bind/jaxb-impl/2.2.3-1/jaxb-impl-2.2.3-1.jar:/home/runner/.m2/repository/com/sun/jersey/jersey-server/1.19.4/jersey-server-1.19.4.jar:/home/runner/.m2/repository/org/slf4j/slf4j-reload4j/2.0.17/slf4j-reload4j-2.0.17.jar:/home/runner/.m2/repository/org/apache/avro/avro/1.9.2/avro-1.9.2.jar:/home/runner/.m2/repository/org/apache/curator/curator-client/4.2.0/curator-client-4.2.0.jar:/home/runner/.m2/repository/org/apache/curator/curator-recipes/5.2.0/curator-recipes-5.2.0.jar:/home/runner/.m2/repository/org/apache/curator/curator-framework/4.2.0/curator-framework-4.2.0.jar:/home/runner/.m2/repository/com/google/code/findbugs/jsr305/3.0.2/jsr305-3.0.2.jar:/home/runner/.m2/repository/org/apache/zookeeper/zookeeper/3.8.4/zookeeper-3.8.4.jar:/home/runner/.m2/repository/org/apache/zookeeper/zookeeper-jute/3.8.4/zookeeper-jute-3.8.4.jar:/home/runner/.m2/repository/org/apache/yetus/audience-annotations/0.12.0/audience-annotations-0.12.0.jar:/home/runner/.m2/repository/org/xerial/snappy/snappy-java/1.1.10.7/snappy-java-1.1.10.7.jar:/home/runner/.m2/repository/org/apache/hadoop/hadoop-distcp/3.4.1/hadoop-distcp-3.4.1.jar:/home/runner/.m2/repository/org/apache/hadoop/hadoop-distcp/3.4.1/hadoop-distcp-3.4.1-tests.jar:/home/runner/.m2/repository/org/apache/hadoop/hadoop-hdfs/3.4.1/hadoop-hdfs-3.4.1.jar:/home/runner/.m2/repository/org/eclipse/jetty/jetty-util-ajax/9.4.57.v20241219/jetty-util-ajax-9.4.57.v20241219.jar:/home/runner/.m2/repository/commons-daemon/commons-daemon/1.4.0/commons-daemon-1.4.0.jar:/home/runner/.m2/repository/org/apache/hadoop/hadoop-hdfs/3.4.1/hadoop-hdfs-3.4.1-tests.jar:/home/runner/.m2/repository/io/netty/netty-all/4.1.119.Final/netty-all-4.1.119.Final.jar:/home/runner/.m2/repository/io/netty/netty-codec-dns/4.1.119.Final/netty-codec-dns-4.1.119.Final.jar:/home/runner/.m2/repository/io/netty/netty-codec-haproxy/4.1.119.Final/netty-codec-haproxy-4.1.119.Final.jar:/home/runner/.m2/repository/io/netty/netty-codec-http/4.1.119.Final/netty-codec-http-4.1.119.Final.jar:/home/runner/.m2/repository/io/netty/netty-codec-memcache/4.1.119.Final/netty-codec-memcache-4.1.119.Final.jar:/home/runner/.m2/repository/io/netty/netty-codec-mqtt/4.1.119.Final/netty-codec-mqtt-4.1.119.Final.jar:/home/runner/.m2/repository/io/netty/netty-codec-redis/4.1.119.Final/netty-codec-redis-4.1.119.Final.jar:/home/runner/.m2/repository/io/netty/netty-codec-smtp/4.1.119.Final/netty-codec-smtp-4.1.119.Final.jar:/home/runner/.m2/repository/io/netty/netty-codec-socks/4.1.119.Final/netty-codec-socks-4.1.119.Final.jar:/home/runner/.m2/repository/io/netty/netty-codec-stomp/4.1.119.Final/netty-codec-stomp-4.1.119.Final.jar:/home/runner/.m2/repository/io/netty/netty-codec-xml/4.1.119.Final/netty-codec-xml-4.1.119.Final.jar:/home/runner/.m2/repository/io/netty/netty-handler-ssl-ocsp/4.1.119.Final/netty-handler-ssl-ocsp-4.1.119.Final.jar:/home/runner/.m2/repository/io/netty/netty-resolver-dns/4.1.119.Final/netty-resolver-dns-4.1.119.Final.jar:/home/runner/.m2/repository/io/netty/netty-transport-rxtx/4.1.119.Final/netty-transport-rxtx-4.1.119.Final.jar:/home/runner/.m2/repository/io/netty/netty-transport-sctp/4.1.119.Final/netty-transport-sctp-4.1.119.Final.jar:/home/runner/.m2/repository/io/netty/netty-transport-udt/4.1.119.Final/netty-transport-udt-4.1.119.Final.jar:/home/runner/.m2/repository/io/netty/netty-transport-classes-kqueue/4.1.119.Final/netty-transport-classes-kqueue-4.1.119.Final.jar:/home/runner/.m2/repository/io/netty/netty-resolver-dns-classes-macos/4.1.119.Final/netty-resolver-dns-classes-macos-4.1.119.Final.jar:/home/runner/.m2/repository/io/netty/netty-transport-native-epoll/4.1.119.Final/netty-transport-native-epoll-4.1.119.Final-linux-aarch_64.jar:/home/runner/.m2/repository/io/netty/netty-transport-native-epoll/4.1.119.Final/netty-transport-native-epoll-4.1.119.Final-linux-riscv64.jar:/home/runner/.m2/repository/io/netty/netty-transport-native-kqueue/4.1.119.Final/netty-transport-native-kqueue-4.1.119.Final-osx-x86_64.jar:/home/runner/.m2/repository/io/netty/netty-transport-native-kqueue/4.1.119.Final/netty-transport-native-kqueue-4.1.119.Final-osx-aarch_64.jar:/home/runner/.m2/repository/io/netty/netty-resolver-dns-native-macos/4.1.119.Final/netty-resolver-dns-native-macos-4.1.119.Final-osx-x86_64.jar:/home/runner/.m2/repository/io/netty/netty-resolver-dns-native-macos/4.1.119.Final/netty-resolver-dns-native-macos-4.1.119.Final-osx-aarch_64.jar:/home/runner/.m2/repository/org/fusesource/leveldbjni/leveldbjni-all/1.8/leveldbjni-all-1.8.jar:/home/runner/.m2/repository/org/apache/hadoop/hadoop-hdfs-client/3.4.1/hadoop-hdfs-client-3.4.1.jar:/home/runner/.m2/repository/org/apache/hadoop/hadoop-kms/3.4.1/hadoop-kms-3.4.1.jar:/home/runner/.m2/repository/org/apache/hadoop/hadoop-kms/3.4.1/hadoop-kms-3.4.1-tests.jar:/home/runner/.m2/repository/org/apache/hadoop/hadoop-mapreduce-client-core/3.4.1/hadoop-mapreduce-client-core-3.4.1.jar:/home/runner/.m2/repository/org/apache/hadoop/hadoop-yarn-client/3.4.1/hadoop-yarn-client-3.4.1.jar:/home/runner/.m2/repository/org/eclipse/jetty/websocket/websocket-client/9.4.53.v20231009/websocket-client-9.4.53.v20231009.jar:/home/runner/.m2/repository/org/eclipse/jetty/jetty-client/9.4.57.v20241219/jetty-client-9.4.57.v20241219.jar:/home/runner/.m2/repository/org/eclipse/jetty/websocket/websocket-common/9.4.53.v20231009/websocket-common-9.4.53.v20231009.jar:/home/runner/.m2/repository/org/eclipse/jetty/websocket/websocket-api/9.4.53.v20231009/websocket-api-9.4.53.v20231009.jar:/home/runner/.m2/repository/org/apache/hadoop/hadoop-yarn-api/3.4.1/hadoop-yarn-api-3.4.1.jar:/home/runner/.m2/repository/org/apache/hadoop/hadoop-yarn-common/3.4.1/hadoop-yarn-common-3.4.1.jar:/home/runner/.m2/repository/javax/xml/bind/jaxb-api/2.2.11/jaxb-api-2.2.11.jar:/home/runner/.m2/repository/com/sun/jersey/contribs/jersey-guice/1.19.4/jersey-guice-1.19.4.jar:/home/runner/.m2/repository/com/fasterxml/jackson/module/jackson-module-jaxb-annotations/2.16.2/jackson-module-jaxb-annotations-2.16.2.jar:/home/runner/.m2/repository/com/fasterxml/jackson/jaxrs/jackson-jaxrs-json-provider/2.16.2/jackson-jaxrs-json-provider-2.16.2.jar:/home/runner/.m2/repository/com/google/inject/extensions/guice-servlet/6.0.0/guice-servlet-6.0.0.jar:/home/runner/.m2/repository/org/apache/hadoop/hadoop-mapreduce-client-jobclient/3.4.1/hadoop-mapreduce-client-jobclient-3.4.1.jar:/home/runner/.m2/repository/org/apache/hadoop/hadoop-mapreduce-client-common/3.4.1/hadoop-mapreduce-client-common-3.4.1.jar:/home/runner/.m2/repository/org/apache/hadoop/hadoop-minikdc/3.4.1/hadoop-minikdc-3.4.1.jar:/home/runner/.m2/repository/org/apache/kerby/kerb-simplekdc/2.0.3/kerb-simplekdc-2.0.3.jar:/home/runner/.m2/repository/org/apache/kerby/kerb-client/2.0.3/kerb-client-2.0.3.jar:/home/runner/.m2/repository/org/apache/kerby/kerb-common/2.0.3/kerb-common-2.0.3.jar:/home/runner/.m2/repository/org/apache/kerby/token-provider/2.0.3/token-provider-2.0.3.jar:/home/runner/.m2/repository/org/apache/kerby/kerb-admin/2.0.3/kerb-admin-2.0.3.jar:/home/runner/.m2/repository/org/apache/kerby/kerb-server/2.0.3/kerb-server-2.0.3.jar:/home/runner/.m2/repository/org/apache/kerby/kerb-identity/2.0.3/kerb-identity-2.0.3.jar:/home/runner/.m2/repository/org/apache/kerby/kerby-xdr/2.0.3/kerby-xdr-2.0.3.jar:/home/runner/.m2/repository/junit/junit/4.13.2/junit-4.13.2.jar:/home/runner/.m2/repository/org/hamcrest/hamcrest-core/1.3/hamcrest-core-1.3.jar:/home/runner/.m2/repository/org/apache/httpcomponents/httpclient/4.5.14/httpclient-4.5.14.jar:/home/runner/.m2/repository/org/apache/httpcomponents/httpcore/4.4.16/httpcore-4.4.16.jar:/home/runner/.m2/repository/org/apache/kerby/kerby-util/1.0.1/kerby-util-1.0.1.jar:/home/runner/work/ozone/ozone/hadoop-hdds/client/target/hdds-client-2.1.0-SNAPSHOT.jar:/home/runner/.m2/repository/io/opentracing/opentracing-api/0.33.0/opentracing-api-0.33.0.jar:/home/runner/.m2/repository/io/opentracing/opentracing-util/0.33.0/opentracing-util-0.33.0.jar:/home/runner/.m2/repository/io/opentracing/opentracing-noop/0.33.0/opentracing-noop-0.33.0.jar:/home/runner/work/ozone/ozone/hadoop-hdds/erasurecode/target/hdds-erasurecode-2.1.0-SNAPSHOT.jar:/home/runner/work/ozone/ozone/hadoop-hdds/common/target/hdds-common-2.1.0-SNAPSHOT.jar:/home/runner/.m2/repository/com/fasterxml/jackson/datatype/jackson-datatype-jsr310/2.16.2/jackson-datatype-jsr310-2.16.2.jar:/home/runner/.m2/repository/io/jaegertracing/jaeger-core/1.8.1/jaeger-core-1.8.1.jar:/home/runner/.m2/repository/org/apache/ratis/ratis-netty/3.2.0/ratis-netty-3.2.0.jar:/home/runner/.m2/repository/org/yaml/snakeyaml/2.0/snakeyaml-2.0.jar:/home/runner/.m2/repository/io/jaegertracing/jaeger-client/1.8.1/jaeger-client-1.8.1.jar:/home/runner/.m2/repository/io/jaegertracing/jaeger-thrift/1.8.1/jaeger-thrift-1.8.1.jar:/home/runner/.m2/repository/org/apache/thrift/libthrift/0.15.0/libthrift-0.15.0.jar:/home/runner/.m2/repository/io/jaegertracing/jaeger-tracerresolver/1.8.1/jaeger-tracerresolver-1.8.1.jar:/home/runner/.m2/repository/io/opentracing/contrib/opentracing-tracerresolver/0.1.8/opentracing-tracerresolver-0.1.8.jar:/home/runner/.m2/repository/org/apache/ratis/ratis-metrics-dropwizard3/3.2.0/ratis-metrics-dropwizard3-3.2.0.jar:/home/runner/.m2/repository/org/slf4j/jcl-over-slf4j/2.0.17/jcl-over-slf4j-2.0.17.jar:/home/runner/work/ozone/ozone/hadoop-hdds/common/target/hdds-common-2.1.0-SNAPSHOT-tests.jar:/home/runner/work/ozone/ozone/hadoop-hdds/config/target/hdds-config-2.1.0-SNAPSHOT.jar:/home/runner/work/ozone/ozone/hadoop-hdds/container-service/target/hdds-container-service-2.1.0-SNAPSHOT.jar:/home/runner/.m2/repository/io/netty/netty-buffer/4.1.119.Final/netty-buffer-4.1.119.Final.jar:/home/runner/.m2/repository/io/netty/netty-codec/4.1.119.Final/netty-codec-4.1.119.Final.jar:/home/runner/.m2/repository/io/netty/netty-common/4.1.119.Final/netty-common-4.1.119.Final.jar:/home/runner/.m2/repository/io/netty/netty-transport/4.1.119.Final/netty-transport-4.1.119.Final.jar:/home/runner/.m2/repository/org/apache/logging/log4j/log4j-api/2.25.0/log4j-api-2.25.0.jar:/home/runner/.m2/repository/com/github/luben/zstd-jni/1.5.7-3/zstd-jni-1.5.7-3.jar:/home/runner/.m2/repository/log4j/apache-log4j-extras/1.2.17/apache-log4j-extras-1.2.17.jar:/home/runner/.m2/repository/org/glassfish/jaxb/jaxb-runtime/2.3.9/jaxb-runtime-2.3.9.jar:/home/runner/.m2/repository/org/glassfish/jaxb/txw2/2.3.9/txw2-2.3.9.jar:/home/runner/.m2/repository/com/sun/istack/istack-commons-runtime/3.0.12/istack-commons-runtime-3.0.12.jar:/home/runner/.m2/repository/com/sun/activation/jakarta.activation/1.2.2/jakarta.activation-1.2.2.jar:/home/runner/work/ozone/ozone/hadoop-hdds/container-service/target/hdds-container-service-2.1.0-SNAPSHOT-tests.jar:/home/runner/work/ozone/ozone/hadoop-hdds/interface-admin/target/hdds-interface-admin-2.1.0-SNAPSHOT.jar:/home/runner/work/ozone/ozone/hadoop-hdds/interface-client/target/hdds-interface-client-2.1.0-SNAPSHOT.jar:/home/runner/work/ozone/ozone/hadoop-hdds/interface-server/target/hdds-interface-server-2.1.0-SNAPSHOT.jar:/home/runner/work/ozone/ozone/hadoop-hdds/managed-rocksdb/target/hdds-managed-rocksdb-2.1.0-SNAPSHOT.jar:/home/runner/work/ozone/ozone/hadoop-hdds/rocks-native/target/hdds-rocks-native-2.1.0-SNAPSHOT.jar:/home/runner/work/ozone/ozone/hadoop-hdds/framework/target/hdds-server-framework-2.1.0-SNAPSHOT.jar:/home/runner/.m2/repository/com/github/jnr/jnr-constants/0.10.4/jnr-constants-0.10.4.jar:/home/runner/.m2/repository/com/github/jnr/jnr-posix/3.1.20/jnr-posix-3.1.20.jar:/home/runner/.m2/repository/com/github/jnr/jnr-ffi/2.2.17/jnr-ffi-2.2.17.jar:/home/runner/.m2/repository/com/github/jnr/jffi/1.3.13/jffi-1.3.13.jar:/home/runner/.m2/repository/com/github/jnr/jffi/1.3.13/jffi-1.3.13-native.jar:/home/runner/.m2/repository/org/ow2/asm/asm/9.7.1/asm-9.7.1.jar:/home/runner/.m2/repository/org/ow2/asm/asm-commons/9.7.1/asm-commons-9.7.1.jar:/home/runner/.m2/repository/org/ow2/asm/asm-analysis/9.7.1/asm-analysis-9.7.1.jar:/home/runner/.m2/repository/org/ow2/asm/asm-tree/9.7.1/asm-tree-9.7.1.jar:/home/runner/.m2/repository/org/ow2/asm/asm-util/9.7.1/asm-util-9.7.1.jar:/home/runner/.m2/repository/com/github/jnr/jnr-a64asm/1.0.0/jnr-a64asm-1.0.0.jar:/home/runner/.m2/repository/com/github/jnr/jnr-x86asm/1.0.2/jnr-x86asm-1.0.2.jar:/home/runner/.m2/repository/commons-fileupload/commons-fileupload/1.5/commons-fileupload-1.5.jar:/home/runner/.m2/repository/io/grpc/grpc-api/1.71.0/grpc-api-1.71.0.jar:/home/runner/.m2/repository/io/prometheus/simpleclient/0.16.0/simpleclient-0.16.0.jar:/home/runner/.m2/repository/io/prometheus/simpleclient_common/0.16.0/simpleclient_common-0.16.0.jar:/home/runner/.m2/repository/io/prometheus/simpleclient_dropwizard/0.16.0/simpleclient_dropwizard-0.16.0.jar:/home/runner/.m2/repository/jakarta/ws/rs/jakarta.ws.rs-api/2.1.6/jakarta.ws.rs-api-2.1.6.jar:/home/runner/.m2/repository/org/eclipse/jetty/jetty-http/9.4.57.v20241219/jetty-http-9.4.57.v20241219.jar:/home/runner/.m2/repository/org/glassfish/jersey/containers/jersey-container-servlet-core/2.47/jersey-container-servlet-core-2.47.jar:/home/runner/.m2/repository/org/glassfish/jersey/core/jersey-server/2.47/jersey-server-2.47.jar:/home/runner/.m2/repository/org/glassfish/jersey/core/jersey-client/2.47/jersey-client-2.47.jar:/home/runner/.m2/repository/com/lmax/disruptor/3.4.4/disruptor-3.4.4.jar:/home/runner/.m2/repository/org/apache/logging/log4j/log4j-core/2.25.0/log4j-core-2.25.0.jar:/home/runner/work/ozone/ozone/hadoop-hdds/framework/target/hdds-server-framework-2.1.0-SNAPSHOT-tests.jar:/home/runner/work/ozone/ozone/hadoop-hdds/server-scm/target/hdds-server-scm-2.1.0-SNAPSHOT.jar:/home/runner/work/ozone/ozone/hadoop-hdds/server-scm/target/hdds-server-scm-2.1.0-SNAPSHOT-tests.jar:/home/runner/work/ozone/ozone/hadoop-hdds/test-utils/target/hdds-test-utils-2.1.0-SNAPSHOT-tests.jar:/home/runner/work/ozone/ozone/hadoop-ozone/cli-admin/target/ozone-cli-admin-2.1.0-SNAPSHOT.jar:/home/runner/work/ozone/ozone/hadoop-ozone/cli-shell/target/ozone-cli-shell-2.1.0-SNAPSHOT.jar:/home/runner/.m2/repository/info/picocli/picocli-shell-jline3/4.7.7/picocli-shell-jline3-4.7.7.jar:/home/runner/.m2/repository/org/jline/jline/3.30.4/jline-3.30.4.jar:/home/runner/work/ozone/ozone/hadoop-ozone/client/target/ozone-client-2.1.0-SNAPSHOT.jar:/home/runner/work/ozone/ozone/hadoop-ozone/common/target/ozone-common-2.1.0-SNAPSHOT.jar:/home/runner/.m2/repository/io/grpc/grpc-netty/1.71.0/grpc-netty-1.71.0.jar:/home/runner/.m2/repository/org/codehaus/mojo/animal-sniffer-annotations/1.24/animal-sniffer-annotations-1.24.jar:/home/runner/.m2/repository/io/grpc/grpc-core/1.71.0/grpc-core-1.71.0.jar:/home/runner/.m2/repository/com/google/android/annotations/4.1.1.4/annotations-4.1.1.4.jar:/home/runner/.m2/repository/io/grpc/grpc-context/1.71.0/grpc-context-1.71.0.jar:/home/runner/.m2/repository/io/perfmark/perfmark-api/0.27.0/perfmark-api-0.27.0.jar:/home/runner/.m2/repository/io/grpc/grpc-util/1.71.0/grpc-util-1.71.0.jar:/home/runner/.m2/repository/io/netty/netty-codec-http2/4.1.119.Final/netty-codec-http2-4.1.119.Final.jar:/home/runner/.m2/repository/io/netty/netty-handler-proxy/4.1.119.Final/netty-handler-proxy-4.1.119.Final.jar:/home/runner/.m2/repository/io/netty/netty-tcnative-boringssl-static/2.0.70.Final/netty-tcnative-boringssl-static-2.0.70.Final.jar:/home/runner/.m2/repository/io/netty/netty-tcnative-classes/2.0.70.Final/netty-tcnative-classes-2.0.70.Final.jar:/home/runner/.m2/repository/io/netty/netty-tcnative-boringssl-static/2.0.70.Final/netty-tcnative-boringssl-static-2.0.70.Final-linux-x86_64.jar:/home/runner/.m2/repository/io/netty/netty-tcnative-boringssl-static/2.0.70.Final/netty-tcnative-boringssl-static-2.0.70.Final-linux-aarch_64.jar:/home/runner/.m2/repository/io/netty/netty-tcnative-boringssl-static/2.0.70.Final/netty-tcnative-boringssl-static-2.0.70.Final-osx-x86_64.jar:/home/runner/.m2/repository/io/netty/netty-tcnative-boringssl-static/2.0.70.Final/netty-tcnative-boringssl-static-2.0.70.Final-osx-aarch_64.jar:/home/runner/.m2/repository/io/netty/netty-tcnative-boringssl-static/2.0.70.Final/netty-tcnative-boringssl-static-2.0.70.Final-windows-x86_64.jar:/home/runner/work/ozone/ozone/hadoop-ozone/csi/target/ozone-csi-2.1.0-SNAPSHOT.jar:/home/runner/.m2/repository/io/grpc/grpc-protobuf/1.71.0/grpc-protobuf-1.71.0.jar:/home/runner/.m2/repository/com/google/api/grpc/proto-google-common-protos/2.51.0/proto-google-common-protos-2.51.0.jar:/home/runner/.m2/repository/io/grpc/grpc-protobuf-lite/1.71.0/grpc-protobuf-lite-1.71.0.jar:/home/runner/.m2/repository/io/grpc/grpc-stub/1.71.0/grpc-stub-1.71.0.jar:/home/runner/.m2/repository/io/netty/netty-transport-classes-epoll/4.1.119.Final/netty-transport-classes-epoll-4.1.119.Final.jar:/home/runner/.m2/repository/io/netty/netty-transport-native-unix-common/4.1.119.Final/netty-transport-native-unix-common-4.1.119.Final.jar:/home/runner/.m2/repository/io/netty/netty-transport-native-epoll/4.1.119.Final/netty-transport-native-epoll-4.1.119.Final-linux-x86_64.jar:/home/runner/work/ozone/ozone/hadoop-ozone/ozonefs/target/ozone-filesystem-2.1.0-SNAPSHOT.jar:/home/runner/work/ozone/ozone/hadoop-ozone/ozonefs-common/target/ozone-filesystem-common-2.1.0-SNAPSHOT.jar:/home/runner/work/ozone/ozone/hadoop-ozone/freon/target/ozone-freon-2.1.0-SNAPSHOT.jar:/home/runner/.m2/repository/com/amazonaws/aws-java-sdk-core/1.12.661/aws-java-sdk-core-1.12.661.jar:/home/runner/.m2/repository/com/fasterxml/jackson/dataformat/jackson-dataformat-cbor/2.16.2/jackson-dataformat-cbor-2.16.2.jar:/home/runner/.m2/repository/joda-time/joda-time/2.12.7/joda-time-2.12.7.jar:/home/runner/.m2/repository/com/amazonaws/aws-java-sdk-s3/1.12.661/aws-java-sdk-s3-1.12.661.jar:/home/runner/.m2/repository/com/amazonaws/aws-java-sdk-kms/1.12.661/aws-java-sdk-kms-1.12.661.jar:/home/runner/.m2/repository/com/amazonaws/jmespath-java/1.12.661/jmespath-java-1.12.661.jar:/home/runner/work/ozone/ozone/hadoop-ozone/interface-client/target/ozone-interface-client-2.1.0-SNAPSHOT.jar:/home/runner/work/ozone/ozone/hadoop-ozone/interface-storage/target/ozone-interface-storage-2.1.0-SNAPSHOT.jar:/home/runner/work/ozone/ozone/hadoop-ozone/ozone-manager/target/ozone-manager-2.1.0-SNAPSHOT.jar:/home/runner/.m2/repository/com/sun/jersey/jersey-client/1.19.4/jersey-client-1.19.4.jar:/home/runner/.m2/repository/org/apache/ranger/ranger-plugins-common/2.6.0/ranger-plugins-common-2.6.0.jar:/home/runner/.m2/repository/com/fasterxml/jackson/jaxrs/jackson-jaxrs-base/2.16.2/jackson-jaxrs-base-2.16.2.jar:/home/runner/.m2/repository/com/kstruct/gethostname4j/1.0.0/gethostname4j-1.0.0.jar:/home/runner/.m2/repository/commons-lang/commons-lang/2.6/commons-lang-2.6.jar:/home/runner/.m2/repository/net/java/dev/jna/jna/5.2.0/jna-5.2.0.jar:/home/runner/.m2/repository/net/java/dev/jna/jna-platform/5.2.0/jna-platform-5.2.0.jar:/home/runner/.m2/repository/org/apache/ranger/ranger-plugin-classloader/2.6.0/ranger-plugin-classloader-2.6.0.jar:/home/runner/.m2/repository/org/apache/ranger/ranger-plugins-audit/2.6.0/ranger-plugins-audit-2.6.0.jar:/home/runner/.m2/repository/com/amazonaws/aws-java-sdk-logs/1.12.765/aws-java-sdk-logs-1.12.765.jar:/home/runner/.m2/repository/com/carrotsearch/hppc/0.8.0/hppc-0.8.0.jar:/home/runner/.m2/repository/io/airlift/aircompressor/0.27/aircompressor-0.27.jar:/home/runner/.m2/repository/org/apache/httpcomponents/httpasyncclient/4.1.4/httpasyncclient-4.1.4.jar:/home/runner/.m2/repository/org/apache/httpcomponents/httpcore-nio/4.4.16/httpcore-nio-4.4.16.jar:/home/runner/.m2/repository/org/apache/httpcomponents/httpmime/4.5.13/httpmime-4.5.13.jar:/home/runner/.m2/repository/org/apache/orc/orc-core/1.5.8/orc-core-1.5.8.jar:/home/runner/.m2/repository/org/apache/orc/orc-shims/1.5.8/orc-shims-1.5.8.jar:/home/runner/.m2/repository/org/apache/ranger/ranger-plugins-cred/2.6.0/ranger-plugins-cred-2.6.0.jar:/home/runner/.m2/repository/org/aspectj/aspectjrt/1.9.7/aspectjrt-1.9.7.jar:/home/runner/work/ozone/ozone/hadoop-ozone/ozone-manager/target/ozone-manager-2.1.0-SNAPSHOT-tests.jar:/home/runner/work/ozone/ozone/hadoop-ozone/mini-cluster/target/ozone-mini-cluster-2.1.0-SNAPSHOT.jar:/home/runner/work/ozone/ozone/hadoop-ozone/recon/target/ozone-recon-2.1.0-SNAPSHOT.jar:/home/runner/.m2/repository/aopalliance/aopalliance/1.0/aopalliance-1.0.jar:/home/runner/.m2/repository/com/google/inject/guice/6.0.0/guice-6.0.0.jar:/home/runner/.m2/repository/jakarta/inject/jakarta.inject-api/2.0.1/jakarta.inject-api-2.0.1.jar:/home/runner/.m2/repository/com/jolbox/bonecp/0.8.0.RELEASE/bonecp-0.8.0.RELEASE.jar:/home/runner/.m2/repository/jakarta/validation/jakarta.validation-api/2.0.2/jakarta.validation-api-2.0.2.jar:/home/runner/.m2/repository/javax/annotation/javax.annotation-api/1.3.2/javax.annotation-api-1.3.2.jar:/home/runner/.m2/repository/javax/inject/javax.inject/1/javax.inject-1.jar:/home/runner/.m2/repository/org/apache/derby/derby/10.14.2.0/derby-10.14.2.0.jar:/home/runner/.m2/repository/org/glassfish/hk2/guice-bridge/2.6.1/guice-bridge-2.6.1.jar:/home/runner/.m2/repository/org/glassfish/hk2/hk2-api/2.6.1/hk2-api-2.6.1.jar:/home/runner/.m2/repository/org/glassfish/hk2/hk2-utils/2.6.1/hk2-utils-2.6.1.jar:/home/runner/.m2/repository/org/glassfish/hk2/external/aopalliance-repackaged/2.6.1/aopalliance-repackaged-2.6.1.jar:/home/runner/.m2/repository/org/glassfish/jersey/core/jersey-common/2.47/jersey-common-2.47.jar:/home/runner/.m2/repository/org/glassfish/hk2/osgi-resource-locator/1.0.3/osgi-resource-locator-1.0.3.jar:/home/runner/.m2/repository/org/jooq/jooq/3.11.10/jooq-3.11.10.jar:/home/runner/.m2/repository/org/springframework/spring-core/5.3.39/spring-core-5.3.39.jar:/home/runner/.m2/repository/org/springframework/spring-jdbc/5.3.39/spring-jdbc-5.3.39.jar:/home/runner/.m2/repository/org/springframework/spring-beans/5.3.39/spring-beans-5.3.39.jar:/home/runner/.m2/repository/org/springframework/spring-tx/5.3.39/spring-tx-5.3.39.jar:/home/runner/.m2/repository/org/xerial/sqlite-jdbc/3.50.1.0/sqlite-jdbc-3.50.1.0.jar:/home/runner/.m2/repository/com/google/inject/extensions/guice-assistedinject/6.0.0/guice-assistedinject-6.0.0.jar:/home/runner/.m2/repository/org/glassfish/hk2/external/jakarta.inject/2.6.1/jakarta.inject-2.6.1.jar:/home/runner/.m2/repository/org/glassfish/jersey/inject/jersey-hk2/2.47/jersey-hk2-2.47.jar:/home/runner/.m2/repository/org/glassfish/hk2/hk2-locator/2.6.1/hk2-locator-2.6.1.jar:/home/runner/.m2/repository/org/glassfish/jersey/media/jersey-media-jaxb/2.47/jersey-media-jaxb-2.47.jar:/home/runner/.m2/repository/org/glassfish/jersey/media/jersey-media-json-jackson/2.47/jersey-media-json-jackson-2.47.jar:/home/runner/.m2/repository/org/glassfish/jersey/ext/jersey-entity-filtering/2.47/jersey-entity-filtering-2.47.jar:/home/runner/work/ozone/ozone/hadoop-ozone/recon-codegen/target/ozone-reconcodegen-2.1.0-SNAPSHOT.jar:/home/runner/.m2/repository/org/jooq/jooq-codegen/3.11.10/jooq-codegen-3.11.10.jar:/home/runner/.m2/repository/org/jooq/jooq-meta/3.11.10/jooq-meta-3.11.10.jar:/home/runner/work/ozone/ozone/hadoop-ozone/s3gateway/target/ozone-s3gateway-2.1.0-SNAPSHOT.jar:/home/runner/work/ozone/ozone/hadoop-ozone/tools/target/ozone-tools-2.1.0-SNAPSHOT.jar:/home/runner/.m2/repository/com/github/vlsi/mxgraph/jgraphx/3.9.12/jgraphx-3.9.12.jar:/home/runner/.m2/repository/org/apache/ratis/ratis-shell/3.2.0/ratis-shell-3.2.0.jar:/home/runner/.m2/repository/org/apache/ratis/ratis-tools/3.2.0/ratis-tools-3.2.0.jar:/home/runner/.m2/repository/org/jgrapht/jgrapht-core/1.4.0/jgrapht-core-1.4.0.jar:/home/runner/.m2/repository/org/jheaps/jheaps/0.11/jheaps-0.11.jar:/home/runner/.m2/repository/org/jgrapht/jgrapht-ext/1.4.0/jgrapht-ext-1.4.0.jar:/home/runner/work/ozone/ozone/hadoop-hdds/rocksdb-checkpoint-differ/target/rocksdb-checkpoint-differ-2.1.0-SNAPSHOT.jar:/home/runner/.m2/repository/org/apache/ranger/ranger-intg/2.6.0/ranger-intg-2.6.0.jar:/home/runner/.m2/repository/org/apache/ratis/ratis-client/3.2.0/ratis-client-3.2.0.jar:/home/runner/.m2/repository/org/apache/ratis/ratis-common/3.2.0/ratis-common-3.2.0.jar:/home/runner/.m2/repository/org/apache/ratis/ratis-grpc/3.2.0/ratis-grpc-3.2.0.jar:/home/runner/.m2/repository/org/apache/ratis/ratis-metrics-api/3.2.0/ratis-metrics-api-3.2.0.jar:/home/runner/.m2/repository/org/apache/ratis/ratis-proto/3.2.0/ratis-proto-3.2.0.jar:/home/runner/.m2/repository/org/apache/ratis/ratis-server/3.2.0/ratis-server-3.2.0.jar:/home/runner/.m2/repository/org/apache/ratis/ratis-server-api/3.2.0/ratis-server-api-3.2.0.jar:/home/runner/.m2/repository/org/apache/ratis/ratis-thirdparty-misc/1.0.9/ratis-thirdparty-misc-1.0.9.jar:/home/runner/.m2/repository/org/bouncycastle/bcpkix-jdk18on/1.81/bcpkix-jdk18on-1.81.jar:/home/runner/.m2/repository/org/bouncycastle/bcutil-jdk18on/1.81/bcutil-jdk18on-1.81.jar:/home/runner/.m2/repository/org/hamcrest/hamcrest/2.2/hamcrest-2.2.jar:/home/runner/.m2/repository/org/reflections/reflections/0.10.2/reflections-0.10.2.jar:/home/runner/.m2/repository/org/javassist/javassist/3.30.2-GA/javassist-3.30.2-GA.jar:/home/runner/.m2/repository/org/rocksdb/rocksdbjni/7.7.3/rocksdbjni-7.7.3.jar:/home/runner/.m2/repository/org/slf4j/jul-to-slf4j/2.0.17/jul-to-slf4j-2.0.17.jar:/home/runner/.m2/repository/org/slf4j/slf4j-api/2.0.17/slf4j-api-2.0.17.jar:/home/runner/.m2/repository/org/assertj/assertj-core/3.27.3/assertj-core-3.27.3.jar:/home/runner/.m2/repository/net/bytebuddy/byte-buddy/1.15.11/byte-buddy-1.15.11.jar:/home/runner/.m2/repository/org/junit/jupiter/junit-jupiter-api/5.13.2/junit-jupiter-api-5.13.2.jar:/home/runner/.m2/repository/org/opentest4j/opentest4j/1.3.0/opentest4j-1.3.0.jar:/home/runner/.m2/repository/org/junit/platform/junit-platform-commons/1.13.2/junit-platform-commons-1.13.2.jar:/home/runner/.m2/repository/org/apiguardian/apiguardian-api/1.1.2/apiguardian-api-1.1.2.jar:/home/runner/.m2/repository/org/junit/jupiter/junit-jupiter-params/5.13.2/junit-jupiter-params-5.13.2.jar:/home/runner/.m2/repository/org/mockito/mockito-core/4.11.0/mockito-core-4.11.0.jar:/home/runner/.m2/repository/net/bytebuddy/byte-buddy-agent/1.12.19/byte-buddy-agent-1.12.19.jar:/home/runner/.m2/repository/org/objenesis/objenesis/3.3/objenesis-3.3.jar:/home/runner/.m2/repository/org/mockito/mockito-inline/4.11.0/mockito-inline-4.11.0.jar:/home/runner/.m2/repository/org/mockito/mockito-junit-jupiter/4.11.0/mockito-junit-jupiter-4.11.0.jar:/home/runner/work/ozone/ozone/hadoop-ozone/integration-test/target/gradle-enterprise/test-listeners.jar:"/>
    <property name="sun.cpu.endian" value="little"/>
    <property name="user.home" value="/home/runner"/>
    <property name="user.language" value="en"/>
    <property name="java.specification.vendor" value="Oracle Corporation"/>
    <property name="skipRecon" value="true"/>
    <property name="java.version.date" value="2025-04-15"/>
    <property name="java.home" value="/usr/lib/jvm/temurin-21-jdk-amd64"/>
    <property name="java.security.krb5.conf" value="/tmp/junit-2184590309689548046/1751730818932/krb5.conf"/>
    <property name="file.separator" value="/"/>
    <property name="basedir" value="/home/runner/work/ozone/ozone/hadoop-ozone/integration-test"/>
    <property name="java.vm.compressedOopsMode" value="Zero based"/>
    <property name="line.separator" value="&#10;"/>
    <property name="java.vm.specification.vendor" value="Oracle Corporation"/>
    <property name="java.specification.name" value="Java Platform API Specification"/>
    <property name="surefire.real.class.path" value="/home/runner/work/ozone/ozone/hadoop-ozone/integration-test/target/surefire/surefirebooter-20250705154052643_936.jar"/>
    <property name="hadoop.log.dir" value="/home/runner/work/ozone/ozone/hadoop-ozone/integration-test/target/log"/>
    <property name="sun.management.compiler" value="HotSpot 64-Bit Tiered Compilers"/>
    <property name="skipShade" value="true"/>
    <property name="java.runtime.version" value="21.0.7+6-LTS"/>
    <property name="user.name" value="runner"/>
    <property name="java.net.preferIPv4Stack" value="true"/>
    <property name="stdout.encoding" value="UTF-8"/>
    <property name="path.separator" value=":"/>
    <property name="java.security.egd" value="file:///dev/urandom"/>
    <property name="os.version" value="6.11.0-1015-azure"/>
    <property name="java.runtime.name" value="OpenJDK Runtime Environment"/>
    <property name="com.gradle.maven.scan.extension.test.listener.junitplatform.NestedExecutionSafeDelegatingTestExecutionListener" value="189cbd7c"/>
    <property name="file.encoding" value="UTF-8"/>
    <property name="java.vm.name" value="OpenJDK 64-Bit Server VM"/>
    <property name="rocks_tools_native" value="true"/>
    <property name="java.vendor.version" value="Temurin-21.0.7+6"/>
    <property name="test.build.webapps" value=""/>
    <property name="develocity.listener.surefire.forkId" value="1"/>
    <property name="localRepository" value="/home/runner/.m2/repository"/>
    <property name="java.vendor.url.bug" value="https://github.com/adoptium/adoptium-support/issues"/>
    <property name="jetty.git.hash" value="df524e6b29271c2e09ba9aea83c18dc9db464a31"/>
    <property name="java.io.tmpdir" value="/tmp"/>
    <property name="require.test.libhadoop" value=""/>
    <property name="java.version" value="21.0.7"/>
    <property name="user.dir" value="/home/runner/work/ozone/ozone/hadoop-ozone/integration-test"/>
    <property name="os.arch" value="amd64"/>
    <property name="java.vm.specification.name" value="Java Virtual Machine Specification"/>
    <property name="test.build.classes" value="/home/runner/work/ozone/ozone/hadoop-ozone/integration-test/target/test-classes"/>
    <property name="org.apache.ratis.thirdparty.io.netty.allocator.useCacheForAllThreads" value="false"/>
    <property name="native.encoding" value="UTF-8"/>
    <property name="hadoop.tmp.dir" value="/home/runner/work/ozone/ozone/hadoop-ozone/integration-test/target/tmp"/>
    <property name="java.library.path" value="/usr/java/packages/lib:/usr/lib64:/lib64:/lib:/usr/lib"/>
    <property name="java.vm.info" value="mixed mode, sharing"/>
    <property name="stderr.encoding" value="UTF-8"/>
    <property name="java.vendor" value="Eclipse Adoptium"/>
    <property name="java.vm.version" value="21.0.7+6-LTS"/>
    <property name="sun.io.unicode.encoding" value="UnicodeLittle"/>
    <property name="develocity.listener.port" value="43689"/>
    <property name="java.class.version" value="65.0"/>
  </properties>
  <testcase name="testGetChecksumInfoSuccess" classname="org.apache.hadoop.ozone.dn.checksum.TestContainerCommandReconciliation" time="6.232">
    <system-out><![CDATA[2025-07-05 15:53:38,934 [main] INFO  minikdc.MiniKdc (MiniKdc.java:<init>(225)) - Configuration:
2025-07-05 15:53:38,935 [main] INFO  minikdc.MiniKdc (MiniKdc.java:<init>(226)) - ---------------------------------------------------------------
2025-07-05 15:53:38,936 [main] INFO  minikdc.MiniKdc (MiniKdc.java:<init>(228)) -   max.renewable.lifetime: 604800000
2025-07-05 15:53:38,936 [main] INFO  minikdc.MiniKdc (MiniKdc.java:<init>(228)) -   instance: DefaultKrbServer
2025-07-05 15:53:38,936 [main] INFO  minikdc.MiniKdc (MiniKdc.java:<init>(228)) -   debug: false
2025-07-05 15:53:38,936 [main] INFO  minikdc.MiniKdc (MiniKdc.java:<init>(228)) -   kdc.bind.address: localhost
2025-07-05 15:53:38,937 [main] INFO  minikdc.MiniKdc (MiniKdc.java:<init>(228)) -   max.ticket.lifetime: 86400000
2025-07-05 15:53:38,937 [main] INFO  minikdc.MiniKdc (MiniKdc.java:<init>(228)) -   transport: TCP
2025-07-05 15:53:38,937 [main] INFO  minikdc.MiniKdc (MiniKdc.java:<init>(228)) -   org.name: EXAMPLE
2025-07-05 15:53:38,937 [main] INFO  minikdc.MiniKdc (MiniKdc.java:<init>(228)) -   org.domain: COM
2025-07-05 15:53:38,938 [main] INFO  minikdc.MiniKdc (MiniKdc.java:<init>(228)) -   kdc.port: 0
2025-07-05 15:53:38,938 [main] INFO  minikdc.MiniKdc (MiniKdc.java:<init>(230)) - ---------------------------------------------------------------
2025-07-05 15:53:38,984 [main] INFO  minikdc.MiniKdc (MiniKdc.java:start(285)) - MiniKdc started.
2025-07-05 15:53:39,449 [main] INFO  audit.AuditLogger (AuditLogger.java:refreshDebugCmdSet(133)) - Refresh DebugCmdSet for OMAudit to [].
2025-07-05 15:53:39,468 [main] INFO  audit.AuditLogger (AuditLogger.java:refreshDebugCmdSet(133)) - Refresh DebugCmdSet for OMSystemAudit to [].
2025-07-05 15:53:39,652 [main] WARN  server.ServerUtils (ServerUtils.java:getScmDbDir(138)) - ozone.scm.db.dirs is not configured. We recommend adding this setting. Falling back to ozone.metadata.dirs instead.
2025-07-05 15:53:39,868 [main] INFO  reflections.Reflections (Reflections.java:scan(219)) - Reflections took 202 ms to scan 7 urls, producing 168 keys and 373 values
2025-07-05 15:53:39,965 [main] INFO  ha.SCMHANodeDetails (SCMHANodeDetails.java:loadSCMHAConfig(162)) - ServiceID for StorageContainerManager is SecureSCM
2025-07-05 15:53:39,966 [main] INFO  ha.SCMHANodeDetails (SCMHANodeDetails.java:loadSCMHAConfig(172)) - ServiceID for StorageContainerManager is SecureSCM
2025-07-05 15:53:40,001 [main] WARN  scm.ScmUtils (ScmUtils.java:logWarn(162)) - ConfigKey ozone.scm.block.client.address is deprecated, For configuring different ports for each SCM use PortConfigKey ozone.scm.block.client.port appended with serviceId and nodeId. If want to configure same port configure ozone.scm.block.client.port
2025-07-05 15:53:40,002 [main] WARN  scm.ScmUtils (ScmUtils.java:logWarn(162)) - ConfigKey ozone.scm.client.address is deprecated, For configuring different ports for each SCM use PortConfigKey ozone.scm.client.port appended with serviceId and nodeId. If want to configure same port configure ozone.scm.client.port
2025-07-05 15:53:40,002 [main] WARN  scm.ScmUtils (ScmUtils.java:logWarn(162)) - ConfigKey ozone.scm.datanode.address is deprecated, For configuring different ports for each SCM use PortConfigKey ozone.scm.datanode.port appended with serviceId and nodeId. If want to configure same port configure ozone.scm.datanode.port
2025-07-05 15:53:40,004 [main] WARN  scm.ScmUtils (ScmUtils.java:logWarn(162)) - ConfigKey ozone.scm.block.client.address is deprecated, For configuring different ports for each SCM use PortConfigKey ozone.scm.block.client.port appended with serviceId and nodeId. If want to configure same port configure ozone.scm.block.client.port
2025-07-05 15:53:40,005 [main] WARN  scm.ScmUtils (ScmUtils.java:logWarn(162)) - ConfigKey ozone.scm.client.address is deprecated, For configuring different ports for each SCM use PortConfigKey ozone.scm.client.port appended with serviceId and nodeId. If want to configure same port configure ozone.scm.client.port
2025-07-05 15:53:40,005 [main] WARN  scm.ScmUtils (ScmUtils.java:logWarn(162)) - ConfigKey ozone.scm.datanode.address is deprecated, For configuring different ports for each SCM use PortConfigKey ozone.scm.datanode.port appended with serviceId and nodeId. If want to configure same port configure ozone.scm.datanode.port
2025-07-05 15:53:40,006 [main] INFO  ha.SCMHANodeDetails (SCMHANodeDetails.java:loadSCMHAConfig(259)) - Found matching SCM address with SCMServiceId: SecureSCM, SCMNodeId: scmNode-1, RPC Address: localhost:15003 and Ratis port: 15003
2025-07-05 15:53:40,006 [main] INFO  ha.SCMHANodeDetails (ConfUtils.java:setNodeSpecificConfigs(98)) - Setting configuration key ozone.scm.datanode.address with value of key ozone.scm.datanode.address.SecureSCM.scmNode-1: 127.0.0.1:15004
2025-07-05 15:53:40,006 [main] INFO  ha.SCMHANodeDetails (ConfUtils.java:setNodeSpecificConfigs(98)) - Setting configuration key ozone.scm.block.client.address with value of key ozone.scm.block.client.address.SecureSCM.scmNode-1: 127.0.0.1:15007
2025-07-05 15:53:40,006 [main] INFO  ha.SCMHANodeDetails (ConfUtils.java:setNodeSpecificConfigs(98)) - Setting configuration key ozone.scm.client.address with value of key ozone.scm.client.address.SecureSCM.scmNode-1: 127.0.0.1:15005
2025-07-05 15:53:40,007 [main] INFO  ha.SCMHANodeDetails (ConfUtils.java:setNodeSpecificConfigs(98)) - Setting configuration key ozone.scm.security.service.address with value of key ozone.scm.security.service.address.SecureSCM.scmNode-1: 127.0.0.1:15002
2025-07-05 15:53:40,007 [main] INFO  ha.SCMHANodeDetails (ConfUtils.java:setNodeSpecificConfigs(98)) - Setting configuration key ozone.scm.ratis.port with value of key ozone.scm.ratis.port.SecureSCM.scmNode-1: 15003
2025-07-05 15:53:40,007 [main] INFO  ha.SCMHANodeDetails (ConfUtils.java:setNodeSpecificConfigs(98)) - Setting configuration key ozone.scm.grpc.port with value of key ozone.scm.grpc.port.SecureSCM.scmNode-1: 15006
2025-07-05 15:53:40,008 [main] INFO  ha.SCMHANodeDetails (ConfUtils.java:setNodeSpecificConfigs(98)) - Setting configuration key ozone.scm.http-address with value of key ozone.scm.http-address.SecureSCM.scmNode-1: 127.0.0.1:15000
2025-07-05 15:53:40,008 [main] INFO  ha.SCMHANodeDetails (ConfUtils.java:setNodeSpecificConfigs(98)) - Setting configuration key ozone.scm.https-address with value of key ozone.scm.https-address.SecureSCM.scmNode-1: 127.0.0.1:15001
2025-07-05 15:53:40,008 [main] INFO  ha.SCMHANodeDetails (ConfUtils.java:setNodeSpecificConfigs(98)) - Setting configuration key ozone.scm.address with value of key ozone.scm.address.SecureSCM.scmNode-1: 127.0.0.1
2025-07-05 15:53:40,008 [main] WARN  scm.ScmUtils (ScmUtils.java:logWarn(162)) - ConfigKey ozone.scm.block.client.address is deprecated, For configuring different ports for each SCM use PortConfigKey ozone.scm.block.client.port appended with serviceId and nodeId. If want to configure same port configure ozone.scm.block.client.port
2025-07-05 15:53:40,009 [main] WARN  scm.ScmUtils (ScmUtils.java:logWarn(162)) - ConfigKey ozone.scm.client.address is deprecated, For configuring different ports for each SCM use PortConfigKey ozone.scm.client.port appended with serviceId and nodeId. If want to configure same port configure ozone.scm.client.port
2025-07-05 15:53:40,009 [main] WARN  scm.ScmUtils (ScmUtils.java:logWarn(162)) - ConfigKey ozone.scm.datanode.address is deprecated, For configuring different ports for each SCM use PortConfigKey ozone.scm.datanode.port appended with serviceId and nodeId. If want to configure same port configure ozone.scm.datanode.port
2025-07-05 15:53:40,315 [main] INFO  ha.SCMNodeInfo (SCMNodeInfo.java:getPort(197)) - ConfigKey ozone.scm.client.address is deprecated, For configuring different ports for each SCM use PortConfigKey ozone.scm.client.port appended with serviceId and nodeId
2025-07-05 15:53:40,315 [main] INFO  ha.SCMNodeInfo (SCMNodeInfo.java:getPort(197)) - ConfigKey ozone.scm.block.client.address is deprecated, For configuring different ports for each SCM use PortConfigKey ozone.scm.block.client.port appended with serviceId and nodeId
2025-07-05 15:53:40,316 [main] INFO  ha.SCMNodeInfo (SCMNodeInfo.java:getPort(197)) - ConfigKey ozone.scm.security.service.address is deprecated, For configuring different ports for each SCM use PortConfigKey ozone.scm.security.service.port appended with serviceId and nodeId
2025-07-05 15:53:40,316 [main] INFO  ha.SCMNodeInfo (SCMNodeInfo.java:getPort(197)) - ConfigKey ozone.scm.datanode.address is deprecated, For configuring different ports for each SCM use PortConfigKey ozone.scm.datanode.port appended with serviceId and nodeId
2025-07-05 15:53:40,317 [main] INFO  ha.SCMNodeInfo (SCMNodeInfo.java:getPort(197)) - ConfigKey ozone.scm.client.address is deprecated, For configuring different ports for each SCM use PortConfigKey ozone.scm.client.port appended with serviceId and nodeId
2025-07-05 15:53:40,318 [main] INFO  ha.SCMNodeInfo (SCMNodeInfo.java:getPort(197)) - ConfigKey ozone.scm.block.client.address is deprecated, For configuring different ports for each SCM use PortConfigKey ozone.scm.block.client.port appended with serviceId and nodeId
2025-07-05 15:53:40,318 [main] INFO  ha.SCMNodeInfo (SCMNodeInfo.java:getPort(197)) - ConfigKey ozone.scm.security.service.address is deprecated, For configuring different ports for each SCM use PortConfigKey ozone.scm.security.service.port appended with serviceId and nodeId
2025-07-05 15:53:40,318 [main] INFO  ha.SCMNodeInfo (SCMNodeInfo.java:getPort(197)) - ConfigKey ozone.scm.datanode.address is deprecated, For configuring different ports for each SCM use PortConfigKey ozone.scm.datanode.port appended with serviceId and nodeId
2025-07-05 15:53:40,318 [main] INFO  ha.SCMNodeInfo (SCMNodeInfo.java:getPort(197)) - ConfigKey ozone.scm.client.address is deprecated, For configuring different ports for each SCM use PortConfigKey ozone.scm.client.port appended with serviceId and nodeId
2025-07-05 15:53:40,319 [main] INFO  ha.SCMNodeInfo (SCMNodeInfo.java:getPort(197)) - ConfigKey ozone.scm.block.client.address is deprecated, For configuring different ports for each SCM use PortConfigKey ozone.scm.block.client.port appended with serviceId and nodeId
2025-07-05 15:53:40,319 [main] INFO  ha.SCMNodeInfo (SCMNodeInfo.java:getPort(197)) - ConfigKey ozone.scm.security.service.address is deprecated, For configuring different ports for each SCM use PortConfigKey ozone.scm.security.service.port appended with serviceId and nodeId
2025-07-05 15:53:40,319 [main] INFO  ha.SCMNodeInfo (SCMNodeInfo.java:getPort(197)) - ConfigKey ozone.scm.datanode.address is deprecated, For configuring different ports for each SCM use PortConfigKey ozone.scm.datanode.port appended with serviceId and nodeId
2025-07-05 15:53:40,323 [main] INFO  ha.HASecurityUtils (HASecurityUtils.java:initializeSecurity(79)) - Initializing secure StorageContainerManager.
2025-07-05 15:53:40,334 [main] INFO  ha.SCMNodeInfo (SCMNodeInfo.java:getPort(197)) - ConfigKey ozone.scm.client.address is deprecated, For configuring different ports for each SCM use PortConfigKey ozone.scm.client.port appended with serviceId and nodeId
2025-07-05 15:53:40,335 [main] INFO  ha.SCMNodeInfo (SCMNodeInfo.java:getPort(197)) - ConfigKey ozone.scm.block.client.address is deprecated, For configuring different ports for each SCM use PortConfigKey ozone.scm.block.client.port appended with serviceId and nodeId
2025-07-05 15:53:40,335 [main] INFO  ha.SCMNodeInfo (SCMNodeInfo.java:getPort(197)) - ConfigKey ozone.scm.security.service.address is deprecated, For configuring different ports for each SCM use PortConfigKey ozone.scm.security.service.port appended with serviceId and nodeId
2025-07-05 15:53:40,336 [main] INFO  ha.SCMNodeInfo (SCMNodeInfo.java:getPort(197)) - ConfigKey ozone.scm.datanode.address is deprecated, For configuring different ports for each SCM use PortConfigKey ozone.scm.datanode.port appended with serviceId and nodeId
2025-07-05 15:53:40,336 [main] INFO  ha.SCMNodeInfo (SCMNodeInfo.java:getPort(197)) - ConfigKey ozone.scm.client.address is deprecated, For configuring different ports for each SCM use PortConfigKey ozone.scm.client.port appended with serviceId and nodeId
2025-07-05 15:53:40,336 [main] INFO  ha.SCMNodeInfo (SCMNodeInfo.java:getPort(197)) - ConfigKey ozone.scm.block.client.address is deprecated, For configuring different ports for each SCM use PortConfigKey ozone.scm.block.client.port appended with serviceId and nodeId
2025-07-05 15:53:40,336 [main] INFO  ha.SCMNodeInfo (SCMNodeInfo.java:getPort(197)) - ConfigKey ozone.scm.security.service.address is deprecated, For configuring different ports for each SCM use PortConfigKey ozone.scm.security.service.port appended with serviceId and nodeId
2025-07-05 15:53:40,337 [main] INFO  ha.SCMNodeInfo (SCMNodeInfo.java:getPort(197)) - ConfigKey ozone.scm.datanode.address is deprecated, For configuring different ports for each SCM use PortConfigKey ozone.scm.datanode.port appended with serviceId and nodeId
2025-07-05 15:53:40,337 [main] INFO  ha.SCMNodeInfo (SCMNodeInfo.java:getPort(197)) - ConfigKey ozone.scm.client.address is deprecated, For configuring different ports for each SCM use PortConfigKey ozone.scm.client.port appended with serviceId and nodeId
2025-07-05 15:53:40,337 [main] INFO  ha.SCMNodeInfo (SCMNodeInfo.java:getPort(197)) - ConfigKey ozone.scm.block.client.address is deprecated, For configuring different ports for each SCM use PortConfigKey ozone.scm.block.client.port appended with serviceId and nodeId
2025-07-05 15:53:40,337 [main] INFO  ha.SCMNodeInfo (SCMNodeInfo.java:getPort(197)) - ConfigKey ozone.scm.security.service.address is deprecated, For configuring different ports for each SCM use PortConfigKey ozone.scm.security.service.port appended with serviceId and nodeId
2025-07-05 15:53:40,338 [main] INFO  ha.SCMNodeInfo (SCMNodeInfo.java:getPort(197)) - ConfigKey ozone.scm.datanode.address is deprecated, For configuring different ports for each SCM use PortConfigKey ozone.scm.datanode.port appended with serviceId and nodeId
2025-07-05 15:53:40,339 [main] INFO  proxy.SCMSecurityProtocolFailoverProxyProvider (SCMFailoverProxyProviderBase.java:<init>(120)) - Created fail-over proxy for protocol SCMSecurityProtocolPB with 3 nodes: [nodeId=scmNode-2,nodeAddress=/127.0.0.1:15010, nodeId=scmNode-3,nodeAddress=/127.0.0.1:15018, nodeId=scmNode-1,nodeAddress=/127.0.0.1:15002]
2025-07-05 15:53:40,376 [main] INFO  client.SCMCertificateClient (DefaultCertificateClient.java:updateCertSerialId(1289)) - Certificate serial ID set to null
2025-07-05 15:53:40,376 [main] ERROR client.SCMCertificateClient (DefaultCertificateClient.java:getCertPath(373)) - Default certificate serial id is not set. Can't locate the default certificate for this client.
2025-07-05 15:53:40,376 [main] INFO  client.SCMCertificateClient (DefaultCertificateClient.java:init(717)) - Certificate client init case: 0
2025-07-05 15:53:40,377 [main] INFO  client.SCMCertificateClient (DefaultCertificateClient.java:handleCase(735)) - Creating keypair for client as keypair and certificate not found.
2025-07-05 15:53:40,600 [main] INFO  keys.KeyStorage (KeyStorage.java:storePublicKey(210)) - Storing public key to /home/runner/work/ozone/ozone/hadoop-ozone/integration-test/target/test-dir/MiniOzoneClusterImpl-ea17cf83-5a24-424f-8e3a-0ef9e94bb6a3/scmNode-1/scm/sub-ca/keys/public.pem.
2025-07-05 15:53:40,603 [main] INFO  keys.KeyStorage (KeyStorage.java:storePrivateKey(194)) - Storing private key to /home/runner/work/ozone/ozone/hadoop-ozone/integration-test/target/test-dir/MiniOzoneClusterImpl-ea17cf83-5a24-424f-8e3a-0ef9e94bb6a3/scmNode-1/scm/sub-ca/keys/private.pem.
2025-07-05 15:53:40,606 [main] INFO  client.SCMCertificateClient (SCMCertificateClient.java:recoverStateIfNeeded(278)) - Init response: GETCERT
2025-07-05 15:53:40,628 [main] INFO  keys.KeyStorage (KeyStorage.java:readPublicKey(174)) - Reading public key from /home/runner/work/ozone/ozone/hadoop-ozone/integration-test/target/test-dir/MiniOzoneClusterImpl-ea17cf83-5a24-424f-8e3a-0ef9e94bb6a3/scmNode-1/scm/ca/keys/public.pem.
2025-07-05 15:53:40,628 [main] ERROR keys.KeyStorage (KeyStorage.java:readPublicKey(178)) - Failed to read the public key.
java.nio.file.NoSuchFileException: /home/runner/work/ozone/ozone/hadoop-ozone/integration-test/target/test-dir/MiniOzoneClusterImpl-ea17cf83-5a24-424f-8e3a-0ef9e94bb6a3/scmNode-1/scm/ca/keys/public.pem
	at java.base/sun.nio.fs.UnixException.translateToIOException(UnixException.java:92)
	at java.base/sun.nio.fs.UnixException.rethrowAsIOException(UnixException.java:106)
	at java.base/sun.nio.fs.UnixException.rethrowAsIOException(UnixException.java:111)
	at java.base/sun.nio.fs.UnixFileSystemProvider.newByteChannel(UnixFileSystemProvider.java:261)
	at java.base/java.nio.file.Files.newByteChannel(Files.java:380)
	at java.base/java.nio.file.Files.newByteChannel(Files.java:432)
	at java.base/java.nio.file.Files.readAllBytes(Files.java:3281)
	at org.apache.hadoop.hdds.security.x509.keys.KeyStorage.readPublicKey(KeyStorage.java:176)
	at org.apache.hadoop.hdds.security.x509.keys.KeyStorage.readKeyPair(KeyStorage.java:184)
	at org.apache.hadoop.hdds.security.x509.certificate.authority.DefaultCAServer.checkIfKeysExist(DefaultCAServer.java:354)
	at org.apache.hadoop.hdds.security.x509.certificate.authority.DefaultCAServer.verifySelfSignedCA(DefaultCAServer.java:323)
	at org.apache.hadoop.hdds.security.x509.certificate.authority.DefaultCAServer.init(DefaultCAServer.java:162)
	at org.apache.hadoop.hdds.security.x509.certificate.client.SCMCertificateClient.initializeRootCertificateServer(SCMCertificateClient.java:396)
	at org.apache.hadoop.hdds.security.x509.certificate.client.SCMCertificateClient.getPrimarySCMSelfSignedCert(SCMCertificateClient.java:346)
	at org.apache.hadoop.hdds.security.x509.certificate.client.SCMCertificateClient.recoverStateIfNeeded(SCMCertificateClient.java:287)
	at org.apache.hadoop.hdds.security.x509.certificate.client.DefaultCertificateClient.initWithRecovery(DefaultCertificateClient.java:698)
	at org.apache.hadoop.hdds.scm.ha.HASecurityUtils.initializeSecurity(HASecurityUtils.java:96)
	at org.apache.hadoop.hdds.scm.server.StorageContainerManager.scmInit(StorageContainerManager.java:1265)
	at org.apache.hadoop.ozone.MiniOzoneHAClusterImpl$Builder.createSCMService(MiniOzoneHAClusterImpl.java:570)
	at org.apache.hadoop.ozone.MiniOzoneHAClusterImpl$Builder.build(MiniOzoneHAClusterImpl.java:423)
	at org.apache.hadoop.ozone.dn.checksum.TestContainerCommandReconciliation.startCluster(TestContainerCommandReconciliation.java:662)
	at org.apache.hadoop.ozone.dn.checksum.TestContainerCommandReconciliation.init(TestContainerCommandReconciliation.java:170)
	at java.base/jdk.internal.reflect.DirectMethodHandleAccessor.invoke(DirectMethodHandleAccessor.java:103)
	at java.base/java.lang.reflect.Method.invoke(Method.java:580)
	at org.junit.platform.commons.util.ReflectionUtils.invokeMethod(ReflectionUtils.java:787)
	at org.junit.platform.commons.support.ReflectionSupport.invokeMethod(ReflectionSupport.java:479)
	at org.junit.jupiter.engine.execution.MethodInvocation.proceed(MethodInvocation.java:60)
	at org.junit.jupiter.engine.execution.InvocationInterceptorChain$ValidatingInvocation.proceed(InvocationInterceptorChain.java:131)
	at org.junit.jupiter.engine.extension.SameThreadTimeoutInvocation.proceed(SameThreadTimeoutInvocation.java:49)
	at org.junit.jupiter.engine.extension.TimeoutExtension.intercept(TimeoutExtension.java:161)
	at org.junit.jupiter.engine.extension.TimeoutExtension.interceptLifecycleMethod(TimeoutExtension.java:133)
	at org.junit.jupiter.engine.extension.TimeoutExtension.interceptBeforeAllMethod(TimeoutExtension.java:75)
	at org.junit.jupiter.engine.execution.InterceptingExecutableInvoker$ReflectiveInterceptorCall.lambda$ofVoidMethod$0(InterceptingExecutableInvoker.java:112)
	at org.junit.jupiter.engine.execution.InterceptingExecutableInvoker.lambda$invoke$0(InterceptingExecutableInvoker.java:94)
	at org.junit.jupiter.engine.execution.InvocationInterceptorChain$InterceptedInvocation.proceed(InvocationInterceptorChain.java:106)
	at org.junit.jupiter.engine.execution.InvocationInterceptorChain.proceed(InvocationInterceptorChain.java:64)
	at org.junit.jupiter.engine.execution.InvocationInterceptorChain.chainAndInvoke(InvocationInterceptorChain.java:45)
	at org.junit.jupiter.engine.execution.InvocationInterceptorChain.invoke(InvocationInterceptorChain.java:37)
	at org.junit.jupiter.engine.execution.InterceptingExecutableInvoker.invoke(InterceptingExecutableInvoker.java:93)
	at org.junit.jupiter.engine.execution.InterceptingExecutableInvoker.invoke(InterceptingExecutableInvoker.java:87)
	at org.junit.jupiter.engine.descriptor.ClassBasedTestDescriptor.lambda$invokeBeforeAllMethods$14(ClassBasedTestDescriptor.java:446)
	at org.junit.platform.engine.support.hierarchical.ThrowableCollector.execute(ThrowableCollector.java:73)
	at org.junit.jupiter.engine.descriptor.ClassBasedTestDescriptor.invokeBeforeAllMethods(ClassBasedTestDescriptor.java:444)
	at org.junit.jupiter.engine.descriptor.ClassBasedTestDescriptor.before(ClassBasedTestDescriptor.java:247)
	at org.junit.jupiter.engine.descriptor.ClassBasedTestDescriptor.before(ClassBasedTestDescriptor.java:87)
	at org.junit.platform.engine.support.hierarchical.NodeTestTask.lambda$executeRecursively$6(NodeTestTask.java:154)
	at org.junit.platform.engine.support.hierarchical.ThrowableCollector.execute(ThrowableCollector.java:73)
	at org.junit.platform.engine.support.hierarchical.NodeTestTask.lambda$executeRecursively$8(NodeTestTask.java:147)
	at org.junit.platform.engine.support.hierarchical.Node.around(Node.java:137)
	at org.junit.platform.engine.support.hierarchical.NodeTestTask.lambda$executeRecursively$9(NodeTestTask.java:145)
	at org.junit.platform.engine.support.hierarchical.ThrowableCollector.execute(ThrowableCollector.java:73)
	at org.junit.platform.engine.support.hierarchical.NodeTestTask.executeRecursively(NodeTestTask.java:144)
	at org.junit.platform.engine.support.hierarchical.NodeTestTask.execute(NodeTestTask.java:101)
	at java.base/java.util.ArrayList.forEach(ArrayList.java:1596)
	at org.junit.platform.engine.support.hierarchical.SameThreadHierarchicalTestExecutorService.invokeAll(SameThreadHierarchicalTestExecutorService.java:41)
	at org.junit.platform.engine.support.hierarchical.NodeTestTask.lambda$executeRecursively$6(NodeTestTask.java:161)
	at org.junit.platform.engine.support.hierarchical.ThrowableCollector.execute(ThrowableCollector.java:73)
	at org.junit.platform.engine.support.hierarchical.NodeTestTask.lambda$executeRecursively$8(NodeTestTask.java:147)
	at org.junit.platform.engine.support.hierarchical.Node.around(Node.java:137)
	at org.junit.platform.engine.support.hierarchical.NodeTestTask.lambda$executeRecursively$9(NodeTestTask.java:145)
	at org.junit.platform.engine.support.hierarchical.ThrowableCollector.execute(ThrowableCollector.java:73)
	at org.junit.platform.engine.support.hierarchical.NodeTestTask.executeRecursively(NodeTestTask.java:144)
	at org.junit.platform.engine.support.hierarchical.NodeTestTask.execute(NodeTestTask.java:101)
	at org.junit.platform.engine.support.hierarchical.SameThreadHierarchicalTestExecutorService.submit(SameThreadHierarchicalTestExecutorService.java:35)
	at org.junit.platform.engine.support.hierarchical.HierarchicalTestExecutor.execute(HierarchicalTestExecutor.java:57)
	at org.junit.platform.engine.support.hierarchical.HierarchicalTestEngine.execute(HierarchicalTestEngine.java:54)
	at org.junit.platform.launcher.core.EngineExecutionOrchestrator.executeEngine(EngineExecutionOrchestrator.java:230)
	at org.junit.platform.launcher.core.EngineExecutionOrchestrator.failOrExecuteEngine(EngineExecutionOrchestrator.java:204)
	at org.junit.platform.launcher.core.EngineExecutionOrchestrator.execute(EngineExecutionOrchestrator.java:172)
	at org.junit.platform.launcher.core.EngineExecutionOrchestrator.execute(EngineExecutionOrchestrator.java:101)
	at org.junit.platform.launcher.core.EngineExecutionOrchestrator.lambda$execute$0(EngineExecutionOrchestrator.java:64)
	at org.junit.platform.launcher.core.EngineExecutionOrchestrator.withInterceptedStreams(EngineExecutionOrchestrator.java:150)
	at org.junit.platform.launcher.core.EngineExecutionOrchestrator.execute(EngineExecutionOrchestrator.java:63)
	at org.junit.platform.launcher.core.DefaultLauncher.execute(DefaultLauncher.java:109)
	at org.junit.platform.launcher.core.DefaultLauncher.execute(DefaultLauncher.java:91)
	at org.junit.platform.launcher.core.DelegatingLauncher.execute(DelegatingLauncher.java:47)
	at org.junit.platform.launcher.core.InterceptingLauncher.lambda$execute$1(InterceptingLauncher.java:39)
	at org.junit.platform.launcher.core.ClasspathAlignmentCheckingLauncherInterceptor.intercept(ClasspathAlignmentCheckingLauncherInterceptor.java:25)
	at org.junit.platform.launcher.core.InterceptingLauncher.execute(InterceptingLauncher.java:38)
	at org.junit.platform.launcher.core.DelegatingLauncher.execute(DelegatingLauncher.java:47)
	at org.apache.maven.surefire.junitplatform.LazyLauncher.execute(LazyLauncher.java:56)
	at org.apache.maven.surefire.junitplatform.JUnitPlatformProvider.execute(JUnitPlatformProvider.java:184)
	at org.apache.maven.surefire.junitplatform.JUnitPlatformProvider.invokeAllTests(JUnitPlatformProvider.java:148)
	at org.apache.maven.surefire.junitplatform.JUnitPlatformProvider.invoke(JUnitPlatformProvider.java:120)
	at org.apache.maven.surefire.booter.ForkedBooter.runSuitesInProcess(ForkedBooter.java:385)
	at org.apache.maven.surefire.booter.ForkedBooter.execute(ForkedBooter.java:162)
	at org.apache.maven.surefire.booter.ForkedBooter.run(ForkedBooter.java:507)
	at org.apache.maven.surefire.booter.ForkedBooter.main(ForkedBooter.java:495)
2025-07-05 15:53:40,816 [main] INFO  keys.KeyStorage (KeyStorage.java:storePublicKey(210)) - Storing public key to /home/runner/work/ozone/ozone/hadoop-ozone/integration-test/target/test-dir/MiniOzoneClusterImpl-ea17cf83-5a24-424f-8e3a-0ef9e94bb6a3/scmNode-1/scm/ca/keys/public.pem.
2025-07-05 15:53:40,817 [main] INFO  keys.KeyStorage (KeyStorage.java:storePrivateKey(194)) - Storing private key to /home/runner/work/ozone/ozone/hadoop-ozone/integration-test/target/test-dir/MiniOzoneClusterImpl-ea17cf83-5a24-424f-8e3a-0ef9e94bb6a3/scmNode-1/scm/ca/keys/private.pem.
2025-07-05 15:53:40,827 [main] INFO  ozone.OzoneSecurityUtil (OzoneSecurityUtil.java:getValidInetsForCurrentHost(116)) - ip:fe80:0:0:0:6245:bdff:fe4b:d8f9%eth0 not returned.
2025-07-05 15:53:40,827 [main] INFO  ozone.OzoneSecurityUtil (OzoneSecurityUtil.java:getValidInetsForCurrentHost(113)) - Adding ip:10.1.0.89,host:fv-az1280-891.5ine1el5mbmedjxkdw5calxeef.ex.internal.cloudapp.net
2025-07-05 15:53:40,828 [main] INFO  ozone.OzoneSecurityUtil (OzoneSecurityUtil.java:getValidInetsForCurrentHost(116)) - ip:0:0:0:0:0:0:0:1%lo not returned.
2025-07-05 15:53:40,828 [main] INFO  ozone.OzoneSecurityUtil (OzoneSecurityUtil.java:getValidInetsForCurrentHost(116)) - ip:127.0.0.1 not returned.
2025-07-05 15:53:40,883 [main] INFO  utils.SelfSignedCertificate (SelfSignedCertificate.java:generateCertificate(156)) - Certificate 1 is issued by SERIALNUMBER=1, O=ea17cf83-5a24-424f-8e3a-0ef9e94bb6a3, OU=d608cca7-8f6c-485f-afd6-2c7e3558bc9e, CN=scm@localhost to SERIALNUMBER=1, O=ea17cf83-5a24-424f-8e3a-0ef9e94bb6a3, OU=d608cca7-8f6c-485f-afd6-2c7e3558bc9e, CN=scm@localhost, valid from Sat Jul 05 15:53:40 UTC 2025 to Tue Aug 13 15:53:40 UTC 2030
2025-07-05 15:53:40,888 [main] INFO  utils.CertificateCodec (CertificateCodec.java:writeCertificate(241)) - Save certificate to /home/runner/work/ozone/ozone/hadoop-ozone/integration-test/target/test-dir/MiniOzoneClusterImpl-ea17cf83-5a24-424f-8e3a-0ef9e94bb6a3/scmNode-1/scm/ca/certs/certificate.crt
2025-07-05 15:53:40,888 [main] INFO  utils.CertificateCodec (CertificateCodec.java:writeCertificate(242)) - Certificate -----BEGIN CERTIFICATE-----
MIID+DCCAuCgAwIBAgIBATANBgkqhkiG9w0BAQsFADCBgjEWMBQGA1UEAwwNc2Nt
QGxvY2FsaG9zdDEtMCsGA1UECwwkZDYwOGNjYTctOGY2Yy00ODVmLWFmZDYtMmM3
ZTM1NThiYzllMS0wKwYDVQQKDCRlYTE3Y2Y4My01YTI0LTQyNGYtOGUzYS0wZWY5
ZTk0YmI2YTMxCjAIBgNVBAUTATEwHhcNMjUwNzA1MTU1MzQwWhcNMzAwODEzMTU1
MzQwWjCBgjEWMBQGA1UEAwwNc2NtQGxvY2FsaG9zdDEtMCsGA1UECwwkZDYwOGNj
YTctOGY2Yy00ODVmLWFmZDYtMmM3ZTM1NThiYzllMS0wKwYDVQQKDCRlYTE3Y2Y4
My01YTI0LTQyNGYtOGUzYS0wZWY5ZTk0YmI2YTMxCjAIBgNVBAUTATEwggEiMA0G
CSqGSIb3DQEBAQUAA4IBDwAwggEKAoIBAQDatei3N+kw7JbL1zCKuuMRj/z2bT0w
1oPD5H2JUwP4tHfe0laBCGJRS5NNdFLmWCA6mVEJ+wI5qOEGfekL9JHEkXiy2yjj
kF81uirr/+n87N5uQF7j3ATQZlSN5iIO05f4Mg8K8yWST32eQ571nT3qJCq6aTZJ
5xvsqB7CWjgEjj+fJYV053M+ma+ACYk078ACmt5g/DyxzsWDmBaTddoyYjXzmN4t
ydD7qwadpboi+C5MSbC0A119sAANeP9NOnwxdrfmPUdErFJVujzYxx1YoQwy19Jh
IWspc7N9Ef9hwDpFbe+ps1dxmiIRy9vt7brBhJOKIPu9YA+Lidn5lsw1AgMBAAGj
dzB1MA8GA1UdEwEB/wQFMAMBAf8wDgYDVR0PAQH/BAQDAgEGMFIGA1UdEQRLMEmH
BAoBAFmCQWZ2LWF6MTI4MC04OTEuNWluZTFlbDVtYm1lZGp4a2R3NWNhbHhlZWYu
ZXguaW50ZXJuYWwuY2xvdWRhcHAubmV0MA0GCSqGSIb3DQEBCwUAA4IBAQC/stst
JnbZIAbhSy8k51njgPW7WelXmNH819nGeQexvfR+pGFu41OHZ0O2DilgWAV/4CUN
0NjfZBJAlMAHRrHDZP0dnKKDtDGsRgakxLiqxsiBtAAlEMRd7+ruNMMScvnt0uz1
GBrnV2Bpz/URjA2RoCySEaKp0IxdT8XpQVoTrBxjUpKfsO1Ub5mx0dhwqHjS3Ff5
eVGQn4+EDjID2yh9Ijttx/+ZfJ5S3Jf2NAN9PvHeCAmvqT/yZ7CtuYtfqajyY2h6
5Y1ss7y/PzLp8h4LcnIInt1hLWj+rF9eg78OXZVp0B8gsqZqcRLI8hy+Jx136LEV
WMsNZW6+FhlwxqiJ
-----END CERTIFICATE-----

2025-07-05 15:53:40,889 [main] INFO  keys.KeyStorage (KeyStorage.java:readPublicKey(174)) - Reading public key from /home/runner/work/ozone/ozone/hadoop-ozone/integration-test/target/test-dir/MiniOzoneClusterImpl-ea17cf83-5a24-424f-8e3a-0ef9e94bb6a3/scmNode-1/scm/ca/keys/public.pem.
2025-07-05 15:53:40,891 [main] INFO  keys.KeyStorage (KeyStorage.java:readPrivateKey(158)) - Reading private key from /home/runner/work/ozone/ozone/hadoop-ozone/integration-test/target/test-dir/MiniOzoneClusterImpl-ea17cf83-5a24-424f-8e3a-0ef9e94bb6a3/scmNode-1/scm/ca/keys/private.pem.
2025-07-05 15:53:40,903 [main] INFO  client.SCMCertificateClient (SCMCertificateClient.java:configureCSRBuilder(141)) - Creating csr for SCM->hostName:localhost,scmId:d608cca7-8f6c-485f-afd6-2c7e3558bc9e,clusterId:ea17cf83-5a24-424f-8e3a-0ef9e94bb6a3,subject:scm-sub@localhost
2025-07-05 15:53:40,905 [main] INFO  ozone.OzoneSecurityUtil (OzoneSecurityUtil.java:getValidInetsForCurrentHost(116)) - ip:fe80:0:0:0:6245:bdff:fe4b:d8f9%eth0 not returned.
2025-07-05 15:53:40,905 [main] INFO  ozone.OzoneSecurityUtil (OzoneSecurityUtil.java:getValidInetsForCurrentHost(113)) - Adding ip:10.1.0.89,host:fv-az1280-891.5ine1el5mbmedjxkdw5calxeef.ex.internal.cloudapp.net
2025-07-05 15:53:40,905 [main] INFO  ozone.OzoneSecurityUtil (OzoneSecurityUtil.java:getValidInetsForCurrentHost(116)) - ip:0:0:0:0:0:0:0:1%lo not returned.
2025-07-05 15:53:40,906 [main] INFO  ozone.OzoneSecurityUtil (OzoneSecurityUtil.java:getValidInetsForCurrentHost(116)) - ip:127.0.0.1 not returned.
2025-07-05 15:53:40,919 [main] INFO  keys.KeyStorage (KeyStorage.java:readPrivateKey(158)) - Reading private key from /home/runner/work/ozone/ozone/hadoop-ozone/integration-test/target/test-dir/MiniOzoneClusterImpl-ea17cf83-5a24-424f-8e3a-0ef9e94bb6a3/scmNode-1/scm/ca/keys/private.pem.
2025-07-05 15:53:40,930 [main] INFO  authority.DefaultApprover (DefaultApprover.java:sign(171)) - Extensions in CSR: 2.5.29.19, 2.5.29.15, 2.5.29.17
2025-07-05 15:53:40,931 [main] INFO  authority.DefaultApprover (DefaultApprover.java:sign(175)) - Extensions to add to the certificate if they present in CSR: 2.5.29.15, 2.5.29.17, 2.5.29.35, 2.5.29.37, 2.5.29.19, 1.3.6.1.5.5.7.1.12
2025-07-05 15:53:40,943 [main] INFO  utils.CertificateCodec (CertificateCodec.java:writeCertificate(241)) - Save certificate to /home/runner/work/ozone/ozone/hadoop-ozone/integration-test/target/test-dir/MiniOzoneClusterImpl-ea17cf83-5a24-424f-8e3a-0ef9e94bb6a3/scmNode-1/scm/sub-ca/certs/CA-1.crt
2025-07-05 15:53:40,943 [main] INFO  utils.CertificateCodec (CertificateCodec.java:writeCertificate(242)) - Certificate -----BEGIN CERTIFICATE-----
MIID+DCCAuCgAwIBAgIBATANBgkqhkiG9w0BAQsFADCBgjEWMBQGA1UEAwwNc2Nt
QGxvY2FsaG9zdDEtMCsGA1UECwwkZDYwOGNjYTctOGY2Yy00ODVmLWFmZDYtMmM3
ZTM1NThiYzllMS0wKwYDVQQKDCRlYTE3Y2Y4My01YTI0LTQyNGYtOGUzYS0wZWY5
ZTk0YmI2YTMxCjAIBgNVBAUTATEwHhcNMjUwNzA1MTU1MzQwWhcNMzAwODEzMTU1
MzQwWjCBgjEWMBQGA1UEAwwNc2NtQGxvY2FsaG9zdDEtMCsGA1UECwwkZDYwOGNj
YTctOGY2Yy00ODVmLWFmZDYtMmM3ZTM1NThiYzllMS0wKwYDVQQKDCRlYTE3Y2Y4
My01YTI0LTQyNGYtOGUzYS0wZWY5ZTk0YmI2YTMxCjAIBgNVBAUTATEwggEiMA0G
CSqGSIb3DQEBAQUAA4IBDwAwggEKAoIBAQDatei3N+kw7JbL1zCKuuMRj/z2bT0w
1oPD5H2JUwP4tHfe0laBCGJRS5NNdFLmWCA6mVEJ+wI5qOEGfekL9JHEkXiy2yjj
kF81uirr/+n87N5uQF7j3ATQZlSN5iIO05f4Mg8K8yWST32eQ571nT3qJCq6aTZJ
5xvsqB7CWjgEjj+fJYV053M+ma+ACYk078ACmt5g/DyxzsWDmBaTddoyYjXzmN4t
ydD7qwadpboi+C5MSbC0A119sAANeP9NOnwxdrfmPUdErFJVujzYxx1YoQwy19Jh
IWspc7N9Ef9hwDpFbe+ps1dxmiIRy9vt7brBhJOKIPu9YA+Lidn5lsw1AgMBAAGj
dzB1MA8GA1UdEwEB/wQFMAMBAf8wDgYDVR0PAQH/BAQDAgEGMFIGA1UdEQRLMEmH
BAoBAFmCQWZ2LWF6MTI4MC04OTEuNWluZTFlbDVtYm1lZGp4a2R3NWNhbHhlZWYu
ZXguaW50ZXJuYWwuY2xvdWRhcHAubmV0MA0GCSqGSIb3DQEBCwUAA4IBAQC/stst
JnbZIAbhSy8k51njgPW7WelXmNH819nGeQexvfR+pGFu41OHZ0O2DilgWAV/4CUN
0NjfZBJAlMAHRrHDZP0dnKKDtDGsRgakxLiqxsiBtAAlEMRd7+ruNMMScvnt0uz1
GBrnV2Bpz/URjA2RoCySEaKp0IxdT8XpQVoTrBxjUpKfsO1Ub5mx0dhwqHjS3Ff5
eVGQn4+EDjID2yh9Ijttx/+ZfJ5S3Jf2NAN9PvHeCAmvqT/yZ7CtuYtfqajyY2h6
5Y1ss7y/PzLp8h4LcnIInt1hLWj+rF9eg78OXZVp0B8gsqZqcRLI8hy+Jx136LEV
WMsNZW6+FhlwxqiJ
-----END CERTIFICATE-----

2025-07-05 15:53:40,946 [main] INFO  utils.CertificateCodec (CertificateCodec.java:writeCertificate(241)) - Save certificate to /home/runner/work/ozone/ozone/hadoop-ozone/integration-test/target/test-dir/MiniOzoneClusterImpl-ea17cf83-5a24-424f-8e3a-0ef9e94bb6a3/scmNode-1/scm/sub-ca/certs/2.crt
2025-07-05 15:53:40,946 [main] INFO  utils.CertificateCodec (CertificateCodec.java:writeCertificate(242)) - Certificate -----BEGIN CERTIFICATE-----
MIID/DCCAuSgAwIBAgIBAjANBgkqhkiG9w0BAQsFADCBgjEWMBQGA1UEAwwNc2Nt
QGxvY2FsaG9zdDEtMCsGA1UECwwkZDYwOGNjYTctOGY2Yy00ODVmLWFmZDYtMmM3
ZTM1NThiYzllMS0wKwYDVQQKDCRlYTE3Y2Y4My01YTI0LTQyNGYtOGUzYS0wZWY5
ZTk0YmI2YTMxCjAIBgNVBAUTATEwHhcNMjUwNzA1MTU1MzQwWhcNMzAwODEzMTU1
MzQwWjCBhjEaMBgGA1UEAwwRc2NtLXN1YkBsb2NhbGhvc3QxLTArBgNVBAsMJGQ2
MDhjY2E3LThmNmMtNDg1Zi1hZmQ2LTJjN2UzNTU4YmM5ZTEtMCsGA1UECgwkZWEx
N2NmODMtNWEyNC00MjRmLThlM2EtMGVmOWU5NGJiNmEzMQowCAYDVQQFEwEyMIIB
IjANBgkqhkiG9w0BAQEFAAOCAQ8AMIIBCgKCAQEAuQscYUewG1m/uHgL49S/QTp6
LaaEIMS/4ZuVlYF651wyH+ZBviJuQbIt51YTqOgzvF7hqPMsZRiZXz6KJd2jwwQt
AJXRdr0tSt9nvfnsvC2MjI+Ne83vqLnAf6Zu/1mGpzSnV7pqwwXzOUYDKaK9eBem
NC9qKZroT4MbKhKkLYKiH6Iqb+D7YzVkUOyItGAPl7SZDZifOJDnCV3FiNhUzlaY
T1KuaJ9DHAZAIZADi0VFnPzTRVSqxynfz8jCFdRq3AftAhC5WnUvTIOPqfsFeg5B
fLSaW9Ko4X4NzEMZLizxVpnmX1575EC8E5Je8P5SFtaMZpdfKRUWRKfIfkMtPwID
AQABo3cwdTAOBgNVHQ8BAf8EBAMCAb4wUgYDVR0RBEswSYcECgEAWYJBZnYtYXox
MjgwLTg5MS41aW5lMWVsNW1ibWVkanhrZHc1Y2FseGVlZi5leC5pbnRlcm5hbC5j
bG91ZGFwcC5uZXQwDwYDVR0TAQH/BAUwAwEB/zANBgkqhkiG9w0BAQsFAAOCAQEA
PfktgZz/V0yyD6A6k8LAWaVFdZhwApkGq98nFqa3VzmnnlYTx07/YwLtvEwsA3cr
+2j3mZtbC6Vi9XCpBEPHPT42qEEbnbTEx81I52shWSXLGj6bx/10YXUwFcE3zQ7H
4SFgpL76o0g+KuMbHzSW4ukG6XdvcbE+pT5ehdieWdqbUz6WtetKE+uD66yyXE8e
KhSBp76hDSn1ZDVfgtXRbwd4j0Xd6KwTcZAbXRgTnPBChhH/fp+aN2SCqvCZDaum
/dRgF2rO2/HG8xGL2vtj0YN5pa+Jrm7jNT8WqMwMdRP+Fegmk7FPdqE6UjeB6Jno
FSokfgWrxvTBpFoalj9slw==
-----END CERTIFICATE-----

-----BEGIN CERTIFICATE-----
MIID+DCCAuCgAwIBAgIBATANBgkqhkiG9w0BAQsFADCBgjEWMBQGA1UEAwwNc2Nt
QGxvY2FsaG9zdDEtMCsGA1UECwwkZDYwOGNjYTctOGY2Yy00ODVmLWFmZDYtMmM3
ZTM1NThiYzllMS0wKwYDVQQKDCRlYTE3Y2Y4My01YTI0LTQyNGYtOGUzYS0wZWY5
ZTk0YmI2YTMxCjAIBgNVBAUTATEwHhcNMjUwNzA1MTU1MzQwWhcNMzAwODEzMTU1
MzQwWjCBgjEWMBQGA1UEAwwNc2NtQGxvY2FsaG9zdDEtMCsGA1UECwwkZDYwOGNj
YTctOGY2Yy00ODVmLWFmZDYtMmM3ZTM1NThiYzllMS0wKwYDVQQKDCRlYTE3Y2Y4
My01YTI0LTQyNGYtOGUzYS0wZWY5ZTk0YmI2YTMxCjAIBgNVBAUTATEwggEiMA0G
CSqGSIb3DQEBAQUAA4IBDwAwggEKAoIBAQDatei3N+kw7JbL1zCKuuMRj/z2bT0w
1oPD5H2JUwP4tHfe0laBCGJRS5NNdFLmWCA6mVEJ+wI5qOEGfekL9JHEkXiy2yjj
kF81uirr/+n87N5uQF7j3ATQZlSN5iIO05f4Mg8K8yWST32eQ571nT3qJCq6aTZJ
5xvsqB7CWjgEjj+fJYV053M+ma+ACYk078ACmt5g/DyxzsWDmBaTddoyYjXzmN4t
ydD7qwadpboi+C5MSbC0A119sAANeP9NOnwxdrfmPUdErFJVujzYxx1YoQwy19Jh
IWspc7N9Ef9hwDpFbe+ps1dxmiIRy9vt7brBhJOKIPu9YA+Lidn5lsw1AgMBAAGj
dzB1MA8GA1UdEwEB/wQFMAMBAf8wDgYDVR0PAQH/BAQDAgEGMFIGA1UdEQRLMEmH
BAoBAFmCQWZ2LWF6MTI4MC04OTEuNWluZTFlbDVtYm1lZGp4a2R3NWNhbHhlZWYu
ZXguaW50ZXJuYWwuY2xvdWRhcHAubmV0MA0GCSqGSIb3DQEBCwUAA4IBAQC/stst
JnbZIAbhSy8k51njgPW7WelXmNH819nGeQexvfR+pGFu41OHZ0O2DilgWAV/4CUN
0NjfZBJAlMAHRrHDZP0dnKKDtDGsRgakxLiqxsiBtAAlEMRd7+ruNMMScvnt0uz1
GBrnV2Bpz/URjA2RoCySEaKp0IxdT8XpQVoTrBxjUpKfsO1Ub5mx0dhwqHjS3Ff5
eVGQn4+EDjID2yh9Ijttx/+ZfJ5S3Jf2NAN9PvHeCAmvqT/yZ7CtuYtfqajyY2h6
5Y1ss7y/PzLp8h4LcnIInt1hLWj+rF9eg78OXZVp0B8gsqZqcRLI8hy+Jx136LEV
WMsNZW6+FhlwxqiJ
-----END CERTIFICATE-----

2025-07-05 15:53:40,947 [main] INFO  utils.CertificateCodec (CertificateCodec.java:writeCertificate(241)) - Save certificate to /home/runner/work/ozone/ozone/hadoop-ozone/integration-test/target/test-dir/MiniOzoneClusterImpl-ea17cf83-5a24-424f-8e3a-0ef9e94bb6a3/scmNode-1/scm/sub-ca/certs/certificate.crt
2025-07-05 15:53:40,947 [main] INFO  utils.CertificateCodec (CertificateCodec.java:writeCertificate(242)) - Certificate -----BEGIN CERTIFICATE-----
MIID/DCCAuSgAwIBAgIBAjANBgkqhkiG9w0BAQsFADCBgjEWMBQGA1UEAwwNc2Nt
QGxvY2FsaG9zdDEtMCsGA1UECwwkZDYwOGNjYTctOGY2Yy00ODVmLWFmZDYtMmM3
ZTM1NThiYzllMS0wKwYDVQQKDCRlYTE3Y2Y4My01YTI0LTQyNGYtOGUzYS0wZWY5
ZTk0YmI2YTMxCjAIBgNVBAUTATEwHhcNMjUwNzA1MTU1MzQwWhcNMzAwODEzMTU1
MzQwWjCBhjEaMBgGA1UEAwwRc2NtLXN1YkBsb2NhbGhvc3QxLTArBgNVBAsMJGQ2
MDhjY2E3LThmNmMtNDg1Zi1hZmQ2LTJjN2UzNTU4YmM5ZTEtMCsGA1UECgwkZWEx
N2NmODMtNWEyNC00MjRmLThlM2EtMGVmOWU5NGJiNmEzMQowCAYDVQQFEwEyMIIB
IjANBgkqhkiG9w0BAQEFAAOCAQ8AMIIBCgKCAQEAuQscYUewG1m/uHgL49S/QTp6
LaaEIMS/4ZuVlYF651wyH+ZBviJuQbIt51YTqOgzvF7hqPMsZRiZXz6KJd2jwwQt
AJXRdr0tSt9nvfnsvC2MjI+Ne83vqLnAf6Zu/1mGpzSnV7pqwwXzOUYDKaK9eBem
NC9qKZroT4MbKhKkLYKiH6Iqb+D7YzVkUOyItGAPl7SZDZifOJDnCV3FiNhUzlaY
T1KuaJ9DHAZAIZADi0VFnPzTRVSqxynfz8jCFdRq3AftAhC5WnUvTIOPqfsFeg5B
fLSaW9Ko4X4NzEMZLizxVpnmX1575EC8E5Je8P5SFtaMZpdfKRUWRKfIfkMtPwID
AQABo3cwdTAOBgNVHQ8BAf8EBAMCAb4wUgYDVR0RBEswSYcECgEAWYJBZnYtYXox
MjgwLTg5MS41aW5lMWVsNW1ibWVkanhrZHc1Y2FseGVlZi5leC5pbnRlcm5hbC5j
bG91ZGFwcC5uZXQwDwYDVR0TAQH/BAUwAwEB/zANBgkqhkiG9w0BAQsFAAOCAQEA
PfktgZz/V0yyD6A6k8LAWaVFdZhwApkGq98nFqa3VzmnnlYTx07/YwLtvEwsA3cr
+2j3mZtbC6Vi9XCpBEPHPT42qEEbnbTEx81I52shWSXLGj6bx/10YXUwFcE3zQ7H
4SFgpL76o0g+KuMbHzSW4ukG6XdvcbE+pT5ehdieWdqbUz6WtetKE+uD66yyXE8e
KhSBp76hDSn1ZDVfgtXRbwd4j0Xd6KwTcZAbXRgTnPBChhH/fp+aN2SCqvCZDaum
/dRgF2rO2/HG8xGL2vtj0YN5pa+Jrm7jNT8WqMwMdRP+Fegmk7FPdqE6UjeB6Jno
FSokfgWrxvTBpFoalj9slw==
-----END CERTIFICATE-----

-----BEGIN CERTIFICATE-----
MIID+DCCAuCgAwIBAgIBATANBgkqhkiG9w0BAQsFADCBgjEWMBQGA1UEAwwNc2Nt
QGxvY2FsaG9zdDEtMCsGA1UECwwkZDYwOGNjYTctOGY2Yy00ODVmLWFmZDYtMmM3
ZTM1NThiYzllMS0wKwYDVQQKDCRlYTE3Y2Y4My01YTI0LTQyNGYtOGUzYS0wZWY5
ZTk0YmI2YTMxCjAIBgNVBAUTATEwHhcNMjUwNzA1MTU1MzQwWhcNMzAwODEzMTU1
MzQwWjCBgjEWMBQGA1UEAwwNc2NtQGxvY2FsaG9zdDEtMCsGA1UECwwkZDYwOGNj
YTctOGY2Yy00ODVmLWFmZDYtMmM3ZTM1NThiYzllMS0wKwYDVQQKDCRlYTE3Y2Y4
My01YTI0LTQyNGYtOGUzYS0wZWY5ZTk0YmI2YTMxCjAIBgNVBAUTATEwggEiMA0G
CSqGSIb3DQEBAQUAA4IBDwAwggEKAoIBAQDatei3N+kw7JbL1zCKuuMRj/z2bT0w
1oPD5H2JUwP4tHfe0laBCGJRS5NNdFLmWCA6mVEJ+wI5qOEGfekL9JHEkXiy2yjj
kF81uirr/+n87N5uQF7j3ATQZlSN5iIO05f4Mg8K8yWST32eQ571nT3qJCq6aTZJ
5xvsqB7CWjgEjj+fJYV053M+ma+ACYk078ACmt5g/DyxzsWDmBaTddoyYjXzmN4t
ydD7qwadpboi+C5MSbC0A119sAANeP9NOnwxdrfmPUdErFJVujzYxx1YoQwy19Jh
IWspc7N9Ef9hwDpFbe+ps1dxmiIRy9vt7brBhJOKIPu9YA+Lidn5lsw1AgMBAAGj
dzB1MA8GA1UdEwEB/wQFMAMBAf8wDgYDVR0PAQH/BAQDAgEGMFIGA1UdEQRLMEmH
BAoBAFmCQWZ2LWF6MTI4MC04OTEuNWluZTFlbDVtYm1lZGp4a2R3NWNhbHhlZWYu
ZXguaW50ZXJuYWwuY2xvdWRhcHAubmV0MA0GCSqGSIb3DQEBCwUAA4IBAQC/stst
JnbZIAbhSy8k51njgPW7WelXmNH819nGeQexvfR+pGFu41OHZ0O2DilgWAV/4CUN
0NjfZBJAlMAHRrHDZP0dnKKDtDGsRgakxLiqxsiBtAAlEMRd7+ruNMMScvnt0uz1
GBrnV2Bpz/URjA2RoCySEaKp0IxdT8XpQVoTrBxjUpKfsO1Ub5mx0dhwqHjS3Ff5
eVGQn4+EDjID2yh9Ijttx/+ZfJ5S3Jf2NAN9PvHeCAmvqT/yZ7CtuYtfqajyY2h6
5Y1ss7y/PzLp8h4LcnIInt1hLWj+rF9eg78OXZVp0B8gsqZqcRLI8hy+Jx136LEV
WMsNZW6+FhlwxqiJ
-----END CERTIFICATE-----

2025-07-05 15:53:40,948 [main] INFO  client.SCMCertificateClient (SCMCertificateClient.java:recoverStateIfNeeded(289)) - Successfully stored SCM signed certificate.
2025-07-05 15:53:40,956 [main] WARN  server.ServerUtils (ServerUtils.java:getScmDbDir(138)) - ozone.scm.db.dirs is not configured. We recommend adding this setting. Falling back to ozone.metadata.dirs instead.
2025-07-05 15:53:40,958 [main] INFO  ha.SCMHANodeDetails (SCMHANodeDetails.java:loadSCMHAConfig(162)) - ServiceID for StorageContainerManager is SecureSCM
2025-07-05 15:53:40,958 [main] INFO  ha.SCMHANodeDetails (SCMHANodeDetails.java:loadSCMHAConfig(172)) - ServiceID for StorageContainerManager is SecureSCM
2025-07-05 15:53:40,959 [main] WARN  scm.ScmUtils (ScmUtils.java:logWarn(162)) - ConfigKey ozone.scm.block.client.address is deprecated, For configuring different ports for each SCM use PortConfigKey ozone.scm.block.client.port appended with serviceId and nodeId. If want to configure same port configure ozone.scm.block.client.port
2025-07-05 15:53:40,960 [main] WARN  scm.ScmUtils (ScmUtils.java:logWarn(162)) - ConfigKey ozone.scm.client.address is deprecated, For configuring different ports for each SCM use PortConfigKey ozone.scm.client.port appended with serviceId and nodeId. If want to configure same port configure ozone.scm.client.port
2025-07-05 15:53:40,960 [main] WARN  scm.ScmUtils (ScmUtils.java:logWarn(162)) - ConfigKey ozone.scm.datanode.address is deprecated, For configuring different ports for each SCM use PortConfigKey ozone.scm.datanode.port appended with serviceId and nodeId. If want to configure same port configure ozone.scm.datanode.port
2025-07-05 15:53:40,961 [main] WARN  scm.ScmUtils (ScmUtils.java:logWarn(162)) - ConfigKey ozone.scm.block.client.address is deprecated, For configuring different ports for each SCM use PortConfigKey ozone.scm.block.client.port appended with serviceId and nodeId. If want to configure same port configure ozone.scm.block.client.port
2025-07-05 15:53:40,961 [main] WARN  scm.ScmUtils (ScmUtils.java:logWarn(162)) - ConfigKey ozone.scm.client.address is deprecated, For configuring different ports for each SCM use PortConfigKey ozone.scm.client.port appended with serviceId and nodeId. If want to configure same port configure ozone.scm.client.port
2025-07-05 15:53:40,961 [main] WARN  scm.ScmUtils (ScmUtils.java:logWarn(162)) - ConfigKey ozone.scm.datanode.address is deprecated, For configuring different ports for each SCM use PortConfigKey ozone.scm.datanode.port appended with serviceId and nodeId. If want to configure same port configure ozone.scm.datanode.port
2025-07-05 15:53:40,962 [main] INFO  ha.SCMHANodeDetails (SCMHANodeDetails.java:loadSCMHAConfig(259)) - Found matching SCM address with SCMServiceId: SecureSCM, SCMNodeId: scmNode-1, RPC Address: localhost:15003 and Ratis port: 15003
2025-07-05 15:53:40,962 [main] INFO  ha.SCMHANodeDetails (ConfUtils.java:setNodeSpecificConfigs(98)) - Setting configuration key ozone.scm.datanode.address with value of key ozone.scm.datanode.address.SecureSCM.scmNode-1: 127.0.0.1:15004
2025-07-05 15:53:40,962 [main] INFO  ha.SCMHANodeDetails (ConfUtils.java:setNodeSpecificConfigs(98)) - Setting configuration key ozone.scm.block.client.address with value of key ozone.scm.block.client.address.SecureSCM.scmNode-1: 127.0.0.1:15007
2025-07-05 15:53:40,962 [main] INFO  ha.SCMHANodeDetails (ConfUtils.java:setNodeSpecificConfigs(98)) - Setting configuration key ozone.scm.client.address with value of key ozone.scm.client.address.SecureSCM.scmNode-1: 127.0.0.1:15005
2025-07-05 15:53:40,963 [main] INFO  ha.SCMHANodeDetails (ConfUtils.java:setNodeSpecificConfigs(98)) - Setting configuration key ozone.scm.security.service.address with value of key ozone.scm.security.service.address.SecureSCM.scmNode-1: 127.0.0.1:15002
2025-07-05 15:53:40,963 [main] INFO  ha.SCMHANodeDetails (ConfUtils.java:setNodeSpecificConfigs(98)) - Setting configuration key ozone.scm.ratis.port with value of key ozone.scm.ratis.port.SecureSCM.scmNode-1: 15003
2025-07-05 15:53:40,964 [main] INFO  ha.SCMHANodeDetails (ConfUtils.java:setNodeSpecificConfigs(98)) - Setting configuration key ozone.scm.grpc.port with value of key ozone.scm.grpc.port.SecureSCM.scmNode-1: 15006
2025-07-05 15:53:40,964 [main] INFO  ha.SCMHANodeDetails (ConfUtils.java:setNodeSpecificConfigs(98)) - Setting configuration key ozone.scm.http-address with value of key ozone.scm.http-address.SecureSCM.scmNode-1: 127.0.0.1:15000
2025-07-05 15:53:40,965 [main] INFO  ha.SCMHANodeDetails (ConfUtils.java:setNodeSpecificConfigs(98)) - Setting configuration key ozone.scm.https-address with value of key ozone.scm.https-address.SecureSCM.scmNode-1: 127.0.0.1:15001
2025-07-05 15:53:40,965 [main] INFO  ha.SCMHANodeDetails (ConfUtils.java:setNodeSpecificConfigs(98)) - Setting configuration key ozone.scm.address with value of key ozone.scm.address.SecureSCM.scmNode-1: 127.0.0.1
2025-07-05 15:53:40,965 [main] WARN  scm.ScmUtils (ScmUtils.java:logWarn(162)) - ConfigKey ozone.scm.block.client.address is deprecated, For configuring different ports for each SCM use PortConfigKey ozone.scm.block.client.port appended with serviceId and nodeId. If want to configure same port configure ozone.scm.block.client.port
2025-07-05 15:53:40,965 [main] WARN  scm.ScmUtils (ScmUtils.java:logWarn(162)) - ConfigKey ozone.scm.client.address is deprecated, For configuring different ports for each SCM use PortConfigKey ozone.scm.client.port appended with serviceId and nodeId. If want to configure same port configure ozone.scm.client.port
2025-07-05 15:53:40,966 [main] WARN  scm.ScmUtils (ScmUtils.java:logWarn(162)) - ConfigKey ozone.scm.datanode.address is deprecated, For configuring different ports for each SCM use PortConfigKey ozone.scm.datanode.port appended with serviceId and nodeId. If want to configure same port configure ozone.scm.datanode.port
2025-07-05 15:53:41,005 [main] INFO  server.RaftServerConfigKeys (ConfUtils.java:logGet(62)) - raft.server.log.appender.buffer.byte-limit = 4194304 (custom)
2025-07-05 15:53:41,024 [main] INFO  server.RaftServer (ConfUtils.java:logGet(62)) - raft.rpc.type = GRPC (default)
2025-07-05 15:53:41,084 [main] INFO  grpc.GrpcConfigKeys (ConfUtils.java:logFallback(69)) - raft.grpc.admin.host = null (fallback to raft.grpc.server.host)
2025-07-05 15:53:41,085 [main] INFO  grpc.GrpcConfigKeys (ConfUtils.java:logFallback(69)) - raft.grpc.admin.port = 15003 (fallback to raft.grpc.server.port)
2025-07-05 15:53:41,086 [main] INFO  grpc.GrpcConfigKeys (ConfUtils.java:logFallback(69)) - raft.grpc.client.host = null (fallback to raft.grpc.server.host)
2025-07-05 15:53:41,086 [main] INFO  grpc.GrpcConfigKeys (ConfUtils.java:logFallback(69)) - raft.grpc.client.port = 15003 (fallback to raft.grpc.server.port)
2025-07-05 15:53:41,086 [main] INFO  grpc.GrpcConfigKeys (ConfUtils.java:logGet(62)) - raft.grpc.server.port = 15003 (custom)
2025-07-05 15:53:41,087 [main] INFO  server.GrpcServicesImpl (ConfUtils.java:logGet(62)) - raft.grpc.message.size.max = 5242880 (custom)
2025-07-05 15:53:41,087 [main] INFO  server.GrpcServicesImpl (ConfUtils.java:logGet(62)) - raft.grpc.flow.control.window = 1MB (=1048576) (default)
2025-07-05 15:53:41,088 [main] INFO  server.RaftServerConfigKeys (ConfUtils.java:logGet(62)) - raft.server.rpc.request.timeout = 30000ms (custom)
2025-07-05 15:53:41,091 [main] INFO  grpc.GrpcConfigKeys (ConfUtils.java:logGet(62)) - raft.grpc.server.heartbeat.channel = true (default)
2025-07-05 15:53:41,092 [main] INFO  server.RaftServerConfigKeys (ConfUtils.java:logGet(62)) - raft.server.log.appender.buffer.byte-limit = 4194304 (custom)
2025-07-05 15:53:41,094 [main] INFO  grpc.GrpcConfigKeys (ConfUtils.java:logGet(62)) - raft.grpc.server.async.request.thread.pool.cached = true (default)
2025-07-05 15:53:41,095 [main] INFO  grpc.GrpcConfigKeys (ConfUtils.java:logGet(62)) - raft.grpc.server.async.request.thread.pool.size = 32 (default)
2025-07-05 15:53:41,265 [main] INFO  impl.DataStreamServerImpl (ConfUtils.java:logGet(62)) - raft.datastream.type = DISABLED (default)
2025-07-05 15:53:41,268 [main] INFO  server.RaftServerConfigKeys (ConfUtils.java:logGet(62)) - raft.server.sleep.deviation.threshold = 300ms (default)
2025-07-05 15:53:41,268 [main] INFO  server.RaftServerConfigKeys (ConfUtils.java:logGet(62)) - raft.server.close.threshold = 60s (default)
2025-07-05 15:53:41,268 [main] INFO  server.RaftServerConfigKeys (ConfUtils.java:logGet(62)) - raft.server.leaderelection.leader.step-down.wait-time = 10s (default)
2025-07-05 15:53:41,272 [main] INFO  server.RaftServerConfigKeys (ConfUtils.java:logGet(62)) - raft.server.storage.dir = [/home/runner/work/ozone/ozone/hadoop-ozone/integration-test/target/test-dir/MiniOzoneClusterImpl-ea17cf83-5a24-424f-8e3a-0ef9e94bb6a3/scmNode-1/scm-ha] (custom)
2025-07-05 15:53:41,273 [main] INFO  server.RaftServerConfigKeys (ConfUtils.java:logGet(62)) - raft.server.threadpool.proxy.cached = true (default)
2025-07-05 15:53:41,273 [main] INFO  server.RaftServerConfigKeys (ConfUtils.java:logGet(62)) - raft.server.threadpool.proxy.size = 0 (default)
2025-07-05 15:53:41,278 [main] INFO  server.RaftServer (RaftServerProxy.java:addNew(105)) - d608cca7-8f6c-485f-afd6-2c7e3558bc9e: addNew group-0EF9E94BB6A3:[d608cca7-8f6c-485f-afd6-2c7e3558bc9e|localhost:15003] returns group-0EF9E94BB6A3:java.util.concurrent.CompletableFuture@2e4d4d22[Not completed]
2025-07-05 15:53:41,292 [d608cca7-8f6c-485f-afd6-2c7e3558bc9e-groupManagement] INFO  server.RaftServer$Division (RaftServerImpl.java:<init>(268)) - d608cca7-8f6c-485f-afd6-2c7e3558bc9e: new RaftServerImpl for group-0EF9E94BB6A3:[d608cca7-8f6c-485f-afd6-2c7e3558bc9e|localhost:15003] with SCMStateMachine:uninitialized
2025-07-05 15:53:41,294 [d608cca7-8f6c-485f-afd6-2c7e3558bc9e-groupManagement] INFO  server.RaftServerConfigKeys (ConfUtils.java:logGet(62)) - raft.server.rpc.timeout.min = 5000ms (custom)
2025-07-05 15:53:41,294 [d608cca7-8f6c-485f-afd6-2c7e3558bc9e-groupManagement] INFO  server.RaftServerConfigKeys (ConfUtils.java:logGet(62)) - raft.server.rpc.timeout.max = 5200ms (custom)
2025-07-05 15:53:41,294 [d608cca7-8f6c-485f-afd6-2c7e3558bc9e-groupManagement] INFO  server.RaftServerConfigKeys (ConfUtils.java:logGet(62)) - raft.server.rpc.sleep.time = 25ms (default)
2025-07-05 15:53:41,294 [d608cca7-8f6c-485f-afd6-2c7e3558bc9e-groupManagement] INFO  server.RaftServerConfigKeys (ConfUtils.java:logGet(62)) - raft.server.rpc.slowness.timeout = 120000ms (custom)
2025-07-05 15:53:41,295 [d608cca7-8f6c-485f-afd6-2c7e3558bc9e-groupManagement] INFO  server.RaftServerConfigKeys (ConfUtils.java:logGet(62)) - raft.server.leaderelection.member.majority-add = false (default)
2025-07-05 15:53:41,299 [d608cca7-8f6c-485f-afd6-2c7e3558bc9e-groupManagement] INFO  server.RaftServer$Division (ServerState.java:<init>(114)) - d608cca7-8f6c-485f-afd6-2c7e3558bc9e@group-0EF9E94BB6A3: ConfigurationManager, init=conf: {index: -1, cur=peers:[d608cca7-8f6c-485f-afd6-2c7e3558bc9e|localhost:15003]|listeners:[], old=null}, confs=<EMPTY_MAP>
2025-07-05 15:53:41,303 [d608cca7-8f6c-485f-afd6-2c7e3558bc9e-groupManagement] INFO  server.RaftServerConfigKeys (ConfUtils.java:logGet(62)) - raft.server.notification.no-leader.timeout = 60s (default)
2025-07-05 15:53:41,305 [d608cca7-8f6c-485f-afd6-2c7e3558bc9e-groupManagement] INFO  server.RaftServerConfigKeys (ConfUtils.java:logGet(62)) - raft.server.read.timeout = 10s (default)
2025-07-05 15:53:41,308 [d608cca7-8f6c-485f-afd6-2c7e3558bc9e-groupManagement] INFO  server.RaftServerConfigKeys (ConfUtils.java:logGet(62)) - raft.server.retrycache.expirytime = 60000ms (default)
2025-07-05 15:53:41,308 [d608cca7-8f6c-485f-afd6-2c7e3558bc9e-groupManagement] INFO  server.RaftServerConfigKeys (ConfUtils.java:logGet(62)) - raft.server.retrycache.statistics.expirytime = 100ms (default)
2025-07-05 15:53:41,322 [d608cca7-8f6c-485f-afd6-2c7e3558bc9e-groupManagement] INFO  server.RaftServerConfigKeys (ConfUtils.java:logGet(62)) - raft.server.read.option = DEFAULT (default)
2025-07-05 15:53:41,323 [d608cca7-8f6c-485f-afd6-2c7e3558bc9e-groupManagement] INFO  server.RaftServerConfigKeys (ConfUtils.java:logGet(62)) - raft.server.read.read-after-write-consistent.write-index-cache.expiry-time = 60s (default)
2025-07-05 15:53:41,439 [d608cca7-8f6c-485f-afd6-2c7e3558bc9e-groupManagement] INFO  server.RaftServerConfigKeys (ConfUtils.java:logGet(62)) - raft.server.log.appender.install.snapshot.enabled = false (custom)
2025-07-05 15:53:41,439 [d608cca7-8f6c-485f-afd6-2c7e3558bc9e-groupManagement] INFO  server.RaftServerConfigKeys (ConfUtils.java:logGet(62)) - raft.server.threadpool.server.cached = true (default)
2025-07-05 15:53:41,440 [d608cca7-8f6c-485f-afd6-2c7e3558bc9e-groupManagement] INFO  server.RaftServerConfigKeys (ConfUtils.java:logGet(62)) - raft.server.threadpool.server.size = 0 (default)
2025-07-05 15:53:41,440 [d608cca7-8f6c-485f-afd6-2c7e3558bc9e-groupManagement] INFO  server.RaftServerConfigKeys (ConfUtils.java:logGet(62)) - raft.server.threadpool.client.cached = true (default)
2025-07-05 15:53:41,440 [d608cca7-8f6c-485f-afd6-2c7e3558bc9e-groupManagement] INFO  server.RaftServerConfigKeys (ConfUtils.java:logGet(62)) - raft.server.threadpool.client.size = 0 (default)
2025-07-05 15:53:41,441 [d608cca7-8f6c-485f-afd6-2c7e3558bc9e-impl-thread1] INFO  server.RaftServerConfigKeys (ConfUtils.java:logGet(62)) - raft.server.storage.free-space.min = 0MB (=0) (default)
2025-07-05 15:53:41,442 [d608cca7-8f6c-485f-afd6-2c7e3558bc9e-impl-thread1] INFO  server.RaftServerConfigKeys (ConfUtils.java:logGet(62)) - raft.server.log.corruption.policy = EXCEPTION (default)
2025-07-05 15:53:41,447 [d608cca7-8f6c-485f-afd6-2c7e3558bc9e-impl-thread1] INFO  storage.RaftStorageDirectory (RaftStorageDirectoryImpl.java:analyzeStorage(138)) - The storage directory /home/runner/work/ozone/ozone/hadoop-ozone/integration-test/target/test-dir/MiniOzoneClusterImpl-ea17cf83-5a24-424f-8e3a-0ef9e94bb6a3/scmNode-1/scm-ha/ea17cf83-5a24-424f-8e3a-0ef9e94bb6a3 does not exist. Creating ...
2025-07-05 15:53:41,449 [d608cca7-8f6c-485f-afd6-2c7e3558bc9e-impl-thread1] INFO  storage.RaftStorageDirectory (RaftStorageDirectoryImpl.java:tryLock(229)) - Lock on /home/runner/work/ozone/ozone/hadoop-ozone/integration-test/target/test-dir/MiniOzoneClusterImpl-ea17cf83-5a24-424f-8e3a-0ef9e94bb6a3/scmNode-1/scm-ha/ea17cf83-5a24-424f-8e3a-0ef9e94bb6a3/in_use.lock acquired by nodename 59929@localhost
2025-07-05 15:53:41,452 [d608cca7-8f6c-485f-afd6-2c7e3558bc9e-impl-thread1] INFO  storage.RaftStorage (RaftStorageImpl.java:format(98)) - Storage directory /home/runner/work/ozone/ozone/hadoop-ozone/integration-test/target/test-dir/MiniOzoneClusterImpl-ea17cf83-5a24-424f-8e3a-0ef9e94bb6a3/scmNode-1/scm-ha/ea17cf83-5a24-424f-8e3a-0ef9e94bb6a3 has been successfully formatted.
2025-07-05 15:53:41,454 [d608cca7-8f6c-485f-afd6-2c7e3558bc9e-impl-thread1] INFO  ha.SCMStateMachine (SCMStateMachine.java:lambda$initialize$0(135)) - d608cca7-8f6c-485f-afd6-2c7e3558bc9e: initialize group-0EF9E94BB6A3
2025-07-05 15:53:41,455 [d608cca7-8f6c-485f-afd6-2c7e3558bc9e-impl-thread1] INFO  server.RaftServerConfigKeys (ConfUtils.java:logGet(62)) - raft.server.log.use.memory = false (default)
2025-07-05 15:53:41,460 [d608cca7-8f6c-485f-afd6-2c7e3558bc9e-impl-thread1] INFO  server.RaftServerConfigKeys (ConfUtils.java:logGet(62)) - raft.server.log.purge.gap = 1000000 (custom)
2025-07-05 15:53:41,460 [d608cca7-8f6c-485f-afd6-2c7e3558bc9e-impl-thread1] INFO  server.RaftServerConfigKeys (ConfUtils.java:logGet(62)) - raft.server.log.appender.buffer.byte-limit = 4194304 (custom)
2025-07-05 15:53:41,462 [d608cca7-8f6c-485f-afd6-2c7e3558bc9e-impl-thread1] INFO  server.RaftServerConfigKeys (ConfUtils.java:logGet(62)) - raft.server.log.statemachine.data.read.timeout = 1000ms (default)
2025-07-05 15:53:41,462 [d608cca7-8f6c-485f-afd6-2c7e3558bc9e-impl-thread1] INFO  server.RaftServerConfigKeys (ConfUtils.java:logGet(62)) - raft.server.log.purge.preservation.log.num = 0 (default)
2025-07-05 15:53:41,465 [d608cca7-8f6c-485f-afd6-2c7e3558bc9e-impl-thread1] INFO  server.RaftServerConfigKeys (ConfUtils.java:logGet(62)) - raft.server.log.segment.size.max = 4194304 (custom)
2025-07-05 15:53:41,468 [d608cca7-8f6c-485f-afd6-2c7e3558bc9e-impl-thread1] INFO  server.RaftServerConfigKeys (ConfUtils.java:logGet(62)) - raft.server.log.segment.cache.num.max = 2 (custom)
2025-07-05 15:53:41,468 [d608cca7-8f6c-485f-afd6-2c7e3558bc9e-impl-thread1] INFO  server.RaftServerConfigKeys (ConfUtils.java:logGet(62)) - raft.server.log.segment.cache.size.max = 200MB (=209715200) (default)
2025-07-05 15:53:41,468 [d608cca7-8f6c-485f-afd6-2c7e3558bc9e-impl-thread1] INFO  server.RaftServerConfigKeys (ConfUtils.java:logGet(62)) - raft.server.log.appender.buffer.byte-limit = 4194304 (custom)
2025-07-05 15:53:41,470 [d608cca7-8f6c-485f-afd6-2c7e3558bc9e-impl-thread1] INFO  util.AwaitToRun (AwaitToRun.java:start(81)) - Thread[#40,d608cca7-8f6c-485f-afd6-2c7e3558bc9e@group-0EF9E94BB6A3-cacheEviction-AwaitToRun,5,main] started
2025-07-05 15:53:41,473 [d608cca7-8f6c-485f-afd6-2c7e3558bc9e-impl-thread1] INFO  segmented.SegmentedRaftLogWorker (SegmentedRaftLogWorker.java:<init>(190)) - new d608cca7-8f6c-485f-afd6-2c7e3558bc9e@group-0EF9E94BB6A3-SegmentedRaftLogWorker for RaftStorageImpl:Storage Directory /home/runner/work/ozone/ozone/hadoop-ozone/integration-test/target/test-dir/MiniOzoneClusterImpl-ea17cf83-5a24-424f-8e3a-0ef9e94bb6a3/scmNode-1/scm-ha/ea17cf83-5a24-424f-8e3a-0ef9e94bb6a3
2025-07-05 15:53:41,474 [d608cca7-8f6c-485f-afd6-2c7e3558bc9e-impl-thread1] INFO  server.RaftServerConfigKeys (ConfUtils.java:logGet(62)) - raft.server.log.queue.byte-limit = 64MB (=67108864) (default)
2025-07-05 15:53:41,474 [d608cca7-8f6c-485f-afd6-2c7e3558bc9e-impl-thread1] INFO  server.RaftServerConfigKeys (ConfUtils.java:logGet(62)) - raft.server.log.queue.element-limit = 4096 (default)
2025-07-05 15:53:41,476 [d608cca7-8f6c-485f-afd6-2c7e3558bc9e-impl-thread1] INFO  server.RaftServerConfigKeys (ConfUtils.java:logGet(62)) - raft.server.log.segment.size.max = 4194304 (custom)
2025-07-05 15:53:41,476 [d608cca7-8f6c-485f-afd6-2c7e3558bc9e-impl-thread1] INFO  server.RaftServerConfigKeys (ConfUtils.java:logGet(62)) - raft.server.log.preallocated.size = 4194304 (custom)
2025-07-05 15:53:41,476 [d608cca7-8f6c-485f-afd6-2c7e3558bc9e-impl-thread1] INFO  server.RaftServerConfigKeys (ConfUtils.java:logGet(62)) - raft.server.log.force.sync.num = 128 (default)
2025-07-05 15:53:41,477 [d608cca7-8f6c-485f-afd6-2c7e3558bc9e-impl-thread1] INFO  server.RaftServerConfigKeys (ConfUtils.java:logGet(62)) - raft.server.log.statemachine.data.sync = true (default)
2025-07-05 15:53:41,477 [d608cca7-8f6c-485f-afd6-2c7e3558bc9e-impl-thread1] INFO  server.RaftServerConfigKeys (ConfUtils.java:logGet(62)) - raft.server.log.statemachine.data.sync.timeout = 10s (default)
2025-07-05 15:53:41,478 [d608cca7-8f6c-485f-afd6-2c7e3558bc9e-impl-thread1] INFO  server.RaftServerConfigKeys (ConfUtils.java:logGet(62)) - raft.server.log.statemachine.data.sync.timeout.retry = -1 (default)
2025-07-05 15:53:41,479 [d608cca7-8f6c-485f-afd6-2c7e3558bc9e-impl-thread1] INFO  server.RaftServerConfigKeys (ConfUtils.java:logGet(62)) - raft.server.log.write.buffer.size = 4194312 (custom)
2025-07-05 15:53:41,481 [d608cca7-8f6c-485f-afd6-2c7e3558bc9e-impl-thread1] INFO  server.RaftServerConfigKeys (ConfUtils.java:logGet(62)) - raft.server.log.appender.buffer.byte-limit = 4194304 (custom)
2025-07-05 15:53:41,481 [d608cca7-8f6c-485f-afd6-2c7e3558bc9e-impl-thread1] INFO  server.RaftServerConfigKeys (ConfUtils.java:logGet(62)) - raft.server.log.unsafe-flush.enabled = false (default)
2025-07-05 15:53:41,481 [d608cca7-8f6c-485f-afd6-2c7e3558bc9e-impl-thread1] INFO  server.RaftServerConfigKeys (ConfUtils.java:logGet(62)) - raft.server.log.async-flush.enabled = false (default)
2025-07-05 15:53:41,482 [d608cca7-8f6c-485f-afd6-2c7e3558bc9e-impl-thread1] INFO  server.RaftServerConfigKeys (ConfUtils.java:logGet(62)) - raft.server.log.statemachine.data.caching.enabled = false (default)
2025-07-05 15:53:41,488 [d608cca7-8f6c-485f-afd6-2c7e3558bc9e-impl-thread1] INFO  segmented.SegmentedRaftLogWorker (SegmentedRaftLogWorker.java:lambda$new$0(141)) - d608cca7-8f6c-485f-afd6-2c7e3558bc9e@group-0EF9E94BB6A3-SegmentedRaftLogWorker: flushIndex: setUnconditionally 0 -> -1
2025-07-05 15:53:41,489 [d608cca7-8f6c-485f-afd6-2c7e3558bc9e-impl-thread1] INFO  segmented.SegmentedRaftLogWorker (SegmentedRaftLogWorker.java:lambda$new$0(141)) - d608cca7-8f6c-485f-afd6-2c7e3558bc9e@group-0EF9E94BB6A3-SegmentedRaftLogWorker: safeCacheEvictIndex: setUnconditionally 0 -> -1
2025-07-05 15:53:41,496 [d608cca7-8f6c-485f-afd6-2c7e3558bc9e-impl-thread1] INFO  server.RaftServer$Division (RaftServerImpl.java:start(405)) - d608cca7-8f6c-485f-afd6-2c7e3558bc9e@group-0EF9E94BB6A3: start as a follower, conf=conf: {index: -1, cur=peers:[d608cca7-8f6c-485f-afd6-2c7e3558bc9e|localhost:15003]|listeners:[], old=null}
2025-07-05 15:53:41,497 [d608cca7-8f6c-485f-afd6-2c7e3558bc9e-impl-thread1] INFO  server.RaftServer$Division (RaftServerImpl.java:setRole(392)) - d608cca7-8f6c-485f-afd6-2c7e3558bc9e@group-0EF9E94BB6A3: changes role from      null to FOLLOWER at term 0 for startAsFollower
2025-07-05 15:53:41,498 [d608cca7-8f6c-485f-afd6-2c7e3558bc9e-impl-thread1] INFO  impl.RoleInfo (RoleInfo.java:updateAndGet(148)) - d608cca7-8f6c-485f-afd6-2c7e3558bc9e: start d608cca7-8f6c-485f-afd6-2c7e3558bc9e@group-0EF9E94BB6A3-FollowerState
2025-07-05 15:53:41,499 [d608cca7-8f6c-485f-afd6-2c7e3558bc9e@group-0EF9E94BB6A3-FollowerState] INFO  server.RaftServerConfigKeys (ConfUtils.java:logFallback(69)) - raft.server.rpc.first-election.timeout.min = 5000ms (fallback to raft.server.rpc.timeout.min)
2025-07-05 15:53:41,500 [d608cca7-8f6c-485f-afd6-2c7e3558bc9e@group-0EF9E94BB6A3-FollowerState] INFO  server.RaftServerConfigKeys (ConfUtils.java:logFallback(69)) - raft.server.rpc.first-election.timeout.max = 5200ms (fallback to raft.server.rpc.timeout.max)
2025-07-05 15:53:41,500 [d608cca7-8f6c-485f-afd6-2c7e3558bc9e-impl-thread1] INFO  util.JmxRegister (JmxRegister.java:tryRegister(44)) - Successfully registered JMX Bean with object name Ratis:service=RaftServer,group=group-0EF9E94BB6A3,id=d608cca7-8f6c-485f-afd6-2c7e3558bc9e
2025-07-05 15:53:41,501 [d608cca7-8f6c-485f-afd6-2c7e3558bc9e-impl-thread1] INFO  util.JmxRegister (JmxRegister.java:register(58)) - register mxBean class org.apache.ratis.server.impl.RaftServerJmxAdapter as Ratis:service=RaftServer,group=group-0EF9E94BB6A3,id=d608cca7-8f6c-485f-afd6-2c7e3558bc9e
2025-07-05 15:53:41,503 [d608cca7-8f6c-485f-afd6-2c7e3558bc9e-impl-thread1] INFO  server.RaftServerConfigKeys (ConfUtils.java:logGet(62)) - raft.server.snapshot.trigger-when-stop.enabled = true (default)
2025-07-05 15:53:41,503 [d608cca7-8f6c-485f-afd6-2c7e3558bc9e-impl-thread1] INFO  server.RaftServerConfigKeys (ConfUtils.java:logGet(62)) - raft.server.snapshot.trigger-when-remove.enabled = true (default)
2025-07-05 15:53:41,503 [d608cca7-8f6c-485f-afd6-2c7e3558bc9e-impl-thread1] INFO  server.RaftServerConfigKeys (ConfUtils.java:logGet(62)) - raft.server.snapshot.auto.trigger.enabled = true (custom)
2025-07-05 15:53:41,503 [d608cca7-8f6c-485f-afd6-2c7e3558bc9e-impl-thread1] INFO  server.RaftServerConfigKeys (ConfUtils.java:logGet(62)) - raft.server.snapshot.auto.trigger.threshold = 1000 (custom)
2025-07-05 15:53:41,504 [d608cca7-8f6c-485f-afd6-2c7e3558bc9e-impl-thread1] INFO  server.RaftServerConfigKeys (ConfUtils.java:logGet(62)) - raft.server.snapshot.retention.file.num = -1 (default)
2025-07-05 15:53:41,504 [d608cca7-8f6c-485f-afd6-2c7e3558bc9e-impl-thread1] INFO  server.RaftServerConfigKeys (ConfUtils.java:logGet(62)) - raft.server.log.purge.upto.snapshot.index = false (default)
2025-07-05 15:53:41,508 [d608cca7-8f6c-485f-afd6-2c7e3558bc9e-impl-thread1] INFO  server.RaftServer$Division (RaftServerImpl.java:start(419)) - d608cca7-8f6c-485f-afd6-2c7e3558bc9e@group-0EF9E94BB6A3: Successfully started.
2025-07-05 15:53:41,508 [main] INFO  server.RaftServer (RaftServerProxy.java:startImpl(412)) - d608cca7-8f6c-485f-afd6-2c7e3558bc9e: start RPC server
2025-07-05 15:53:41,547 [main] INFO  server.GrpcServicesImpl (GrpcServicesImpl.java:startImpl(346)) - d608cca7-8f6c-485f-afd6-2c7e3558bc9e: GrpcServicesImpl started, listening on 15003
2025-07-05 15:53:41,549 [JvmPauseMonitor0] INFO  util.JvmPauseMonitor (JvmPauseMonitor.java:run(146)) - JvmPauseMonitor-d608cca7-8f6c-485f-afd6-2c7e3558bc9e: Started
2025-07-05 15:53:46,562 [d608cca7-8f6c-485f-afd6-2c7e3558bc9e@group-0EF9E94BB6A3-FollowerState] INFO  impl.FollowerState (FollowerState.java:runImpl(161)) - d608cca7-8f6c-485f-afd6-2c7e3558bc9e@group-0EF9E94BB6A3-FollowerState: change to CANDIDATE, lastRpcElapsedTime:5063762962ns, electionTimeout:5061ms
2025-07-05 15:53:46,562 [d608cca7-8f6c-485f-afd6-2c7e3558bc9e@group-0EF9E94BB6A3-FollowerState] INFO  impl.RoleInfo (RoleInfo.java:shutdownFollowerState(121)) - d608cca7-8f6c-485f-afd6-2c7e3558bc9e: shutdown d608cca7-8f6c-485f-afd6-2c7e3558bc9e@group-0EF9E94BB6A3-FollowerState
2025-07-05 15:53:46,562 [d608cca7-8f6c-485f-afd6-2c7e3558bc9e@group-0EF9E94BB6A3-FollowerState] INFO  server.RaftServer$Division (RaftServerImpl.java:setRole(392)) - d608cca7-8f6c-485f-afd6-2c7e3558bc9e@group-0EF9E94BB6A3: changes role from  FOLLOWER to CANDIDATE at term 0 for changeToCandidate
2025-07-05 15:53:46,564 [d608cca7-8f6c-485f-afd6-2c7e3558bc9e@group-0EF9E94BB6A3-FollowerState] INFO  server.RaftServerConfigKeys (ConfUtils.java:logGet(62)) - raft.server.leaderelection.pre-vote = true (default)
2025-07-05 15:53:46,565 [d608cca7-8f6c-485f-afd6-2c7e3558bc9e@group-0EF9E94BB6A3-FollowerState] INFO  impl.RoleInfo (RoleInfo.java:updateAndGet(148)) - d608cca7-8f6c-485f-afd6-2c7e3558bc9e: start d608cca7-8f6c-485f-afd6-2c7e3558bc9e@group-0EF9E94BB6A3-LeaderElection1
2025-07-05 15:53:46,567 [d608cca7-8f6c-485f-afd6-2c7e3558bc9e@group-0EF9E94BB6A3-LeaderElection1] INFO  impl.LeaderElection (LeaderElection.java:askForVotes(448)) - d608cca7-8f6c-485f-afd6-2c7e3558bc9e@group-0EF9E94BB6A3-LeaderElection1 PRE_VOTE round 0: submit vote requests at term 0 for conf: {index: -1, cur=peers:[d608cca7-8f6c-485f-afd6-2c7e3558bc9e|localhost:15003]|listeners:[], old=null}
2025-07-05 15:53:46,568 [d608cca7-8f6c-485f-afd6-2c7e3558bc9e@group-0EF9E94BB6A3-LeaderElection1] INFO  impl.LeaderElection (LeaderElection.java:askForVotes(450)) - d608cca7-8f6c-485f-afd6-2c7e3558bc9e@group-0EF9E94BB6A3-LeaderElection1 PRE_VOTE round 0: result PASSED (term=0)
2025-07-05 15:53:46,570 [d608cca7-8f6c-485f-afd6-2c7e3558bc9e@group-0EF9E94BB6A3-LeaderElection1] INFO  impl.LeaderElection (LeaderElection.java:askForVotes(448)) - d608cca7-8f6c-485f-afd6-2c7e3558bc9e@group-0EF9E94BB6A3-LeaderElection1 ELECTION round 0: submit vote requests at term 1 for conf: {index: -1, cur=peers:[d608cca7-8f6c-485f-afd6-2c7e3558bc9e|localhost:15003]|listeners:[], old=null}
2025-07-05 15:53:46,570 [d608cca7-8f6c-485f-afd6-2c7e3558bc9e@group-0EF9E94BB6A3-LeaderElection1] INFO  impl.LeaderElection (LeaderElection.java:askForVotes(450)) - d608cca7-8f6c-485f-afd6-2c7e3558bc9e@group-0EF9E94BB6A3-LeaderElection1 ELECTION round 0: result PASSED (term=1)
2025-07-05 15:53:46,571 [d608cca7-8f6c-485f-afd6-2c7e3558bc9e@group-0EF9E94BB6A3-LeaderElection1] INFO  impl.RoleInfo (RoleInfo.java:shutdownLeaderElection(141)) - d608cca7-8f6c-485f-afd6-2c7e3558bc9e: shutdown d608cca7-8f6c-485f-afd6-2c7e3558bc9e@group-0EF9E94BB6A3-LeaderElection1
2025-07-05 15:53:46,571 [d608cca7-8f6c-485f-afd6-2c7e3558bc9e@group-0EF9E94BB6A3-LeaderElection1] INFO  server.RaftServer$Division (RaftServerImpl.java:setRole(392)) - d608cca7-8f6c-485f-afd6-2c7e3558bc9e@group-0EF9E94BB6A3: changes role from CANDIDATE to LEADER at term 1 for changeToLeader
2025-07-05 15:53:46,575 [d608cca7-8f6c-485f-afd6-2c7e3558bc9e@group-0EF9E94BB6A3-LeaderElection1] INFO  server.RaftServerConfigKeys (ConfUtils.java:logGet(62)) - raft.server.staging.catchup.gap = 1000 (default)
2025-07-05 15:53:46,576 [d608cca7-8f6c-485f-afd6-2c7e3558bc9e@group-0EF9E94BB6A3-LeaderElection1] INFO  server.RaftServerConfigKeys (ConfUtils.java:logFallback(69)) - raft.server.staging.timeout = 15600ms (fallback to raft.server.rpc.timeout.max)
2025-07-05 15:53:46,578 [d608cca7-8f6c-485f-afd6-2c7e3558bc9e@group-0EF9E94BB6A3-LeaderElection1] INFO  server.RaftServerConfigKeys (ConfUtils.java:logGet(62)) - raft.server.write.element-limit = 4096 (default)
2025-07-05 15:53:46,579 [d608cca7-8f6c-485f-afd6-2c7e3558bc9e@group-0EF9E94BB6A3-LeaderElection1] INFO  server.RaftServerConfigKeys (ConfUtils.java:logGet(62)) - raft.server.write.byte-limit = 64MB (=67108864) (default)
2025-07-05 15:53:46,581 [d608cca7-8f6c-485f-afd6-2c7e3558bc9e@group-0EF9E94BB6A3-LeaderElection1] INFO  server.RaftServerConfigKeys (ConfUtils.java:logGet(62)) - raft.server.watch.timeout = 10s (default)
2025-07-05 15:53:46,581 [d608cca7-8f6c-485f-afd6-2c7e3558bc9e@group-0EF9E94BB6A3-LeaderElection1] INFO  server.RaftServerConfigKeys (ConfUtils.java:logGet(62)) - raft.server.watch.timeout.denomination = 1s (default)
2025-07-05 15:53:46,582 [d608cca7-8f6c-485f-afd6-2c7e3558bc9e@group-0EF9E94BB6A3-LeaderElection1] INFO  server.RaftServerConfigKeys (ConfUtils.java:logGet(62)) - raft.server.watch.element-limit = 65536 (default)
2025-07-05 15:53:46,587 [d608cca7-8f6c-485f-afd6-2c7e3558bc9e@group-0EF9E94BB6A3-LeaderElection1] INFO  server.RaftServerConfigKeys (ConfUtils.java:logGet(62)) - raft.server.read.leader.lease.enabled = false (default)
2025-07-05 15:53:46,588 [d608cca7-8f6c-485f-afd6-2c7e3558bc9e@group-0EF9E94BB6A3-LeaderElection1] INFO  server.RaftServerConfigKeys (ConfUtils.java:logGet(62)) - raft.server.read.leader.lease.timeout.ratio = 0.9 (default)
2025-07-05 15:53:46,588 [d608cca7-8f6c-485f-afd6-2c7e3558bc9e@group-0EF9E94BB6A3-LeaderElection1] INFO  server.RaftServerConfigKeys (ConfUtils.java:logGet(62)) - raft.server.log.log-metadata.enabled = false (custom)
2025-07-05 15:53:46,589 [d608cca7-8f6c-485f-afd6-2c7e3558bc9e@group-0EF9E94BB6A3-LeaderElection1] INFO  server.RaftServerConfigKeys (ConfUtils.java:logGet(62)) - raft.server.write.follower.gap.ratio.max = -1.0 (default)
2025-07-05 15:53:46,590 [d608cca7-8f6c-485f-afd6-2c7e3558bc9e@group-0EF9E94BB6A3-LeaderElection1] INFO  impl.RoleInfo (RoleInfo.java:updateAndGet(148)) - d608cca7-8f6c-485f-afd6-2c7e3558bc9e: start d608cca7-8f6c-485f-afd6-2c7e3558bc9e@group-0EF9E94BB6A3-LeaderStateImpl
2025-07-05 15:53:46,590 [d608cca7-8f6c-485f-afd6-2c7e3558bc9e@group-0EF9E94BB6A3-LeaderElection1] INFO  server.RaftServer$Division (RaftServerImpl.java:setFirstElection(576)) - d608cca7-8f6c-485f-afd6-2c7e3558bc9e@group-0EF9E94BB6A3: set firstElectionSinceStartup to false for becomeLeader
2025-07-05 15:53:46,591 [d608cca7-8f6c-485f-afd6-2c7e3558bc9e@group-0EF9E94BB6A3-LeaderElection1] INFO  server.RaftServer$Division (ServerState.java:setLeader(272)) - d608cca7-8f6c-485f-afd6-2c7e3558bc9e@group-0EF9E94BB6A3: change Leader from null to d608cca7-8f6c-485f-afd6-2c7e3558bc9e at term 1 for becomeLeader, leader elected after 5287ms
2025-07-05 15:53:46,607 [d608cca7-8f6c-485f-afd6-2c7e3558bc9e@group-0EF9E94BB6A3-LeaderElection1] INFO  segmented.SegmentedRaftLogWorker (SegmentedRaftLogWorker.java:startLogSegment(440)) - d608cca7-8f6c-485f-afd6-2c7e3558bc9e@group-0EF9E94BB6A3-SegmentedRaftLogWorker: Starting segment from index:0
2025-07-05 15:53:46,623 [d608cca7-8f6c-485f-afd6-2c7e3558bc9e@group-0EF9E94BB6A3-LeaderElection1] INFO  server.RaftServer$Division (ServerState.java:setRaftConf(386)) - d608cca7-8f6c-485f-afd6-2c7e3558bc9e@group-0EF9E94BB6A3: set configuration conf: {index: 0, cur=peers:[d608cca7-8f6c-485f-afd6-2c7e3558bc9e|localhost:15003]|listeners:[], old=null}
2025-07-05 15:53:46,628 [d608cca7-8f6c-485f-afd6-2c7e3558bc9e@group-0EF9E94BB6A3-SegmentedRaftLogWorker] INFO  segmented.BufferedWriteChannel (BufferedWriteChannel.java:open(61)) - open log_inprogress_0 at position 0
2025-07-05 15:53:46,639 [d608cca7-8f6c-485f-afd6-2c7e3558bc9e@group-0EF9E94BB6A3-SegmentedRaftLogWorker] INFO  segmented.SegmentedRaftLogWorker (SegmentedRaftLogWorker.java:execute(647)) - d608cca7-8f6c-485f-afd6-2c7e3558bc9e@group-0EF9E94BB6A3-SegmentedRaftLogWorker: created new log segment /home/runner/work/ozone/ozone/hadoop-ozone/integration-test/target/test-dir/MiniOzoneClusterImpl-ea17cf83-5a24-424f-8e3a-0ef9e94bb6a3/scmNode-1/scm-ha/ea17cf83-5a24-424f-8e3a-0ef9e94bb6a3/current/log_inprogress_0
2025-07-05 15:53:46,648 [d608cca7-8f6c-485f-afd6-2c7e3558bc9e@group-0EF9E94BB6A3-StateMachineUpdater] INFO  server.RaftServer$Division (LeaderStateImpl.java:checkStartIndex(309)) - Leader d608cca7-8f6c-485f-afd6-2c7e3558bc9e@group-0EF9E94BB6A3-LeaderStateImpl is ready since appliedIndex == startIndex == 0
2025-07-05 15:53:47,550 [main] INFO  server.RaftServer (RaftServerProxy.java:lambda$close$9(422)) - d608cca7-8f6c-485f-afd6-2c7e3558bc9e: close
2025-07-05 15:53:47,551 [main] INFO  server.GrpcServicesImpl (GrpcServicesImpl.java:closeImpl(355)) - d608cca7-8f6c-485f-afd6-2c7e3558bc9e: shutdown server GrpcServerProtocolService now
2025-07-05 15:53:47,551 [d608cca7-8f6c-485f-afd6-2c7e3558bc9e-impl-thread1] INFO  server.RaftServer$Division (RaftServerImpl.java:lambda$close$1(527)) - d608cca7-8f6c-485f-afd6-2c7e3558bc9e@group-0EF9E94BB6A3: shutdown
2025-07-05 15:53:47,552 [d608cca7-8f6c-485f-afd6-2c7e3558bc9e-impl-thread1] INFO  util.JmxRegister (JmxRegister.java:unregister(74)) - Successfully un-registered JMX Bean with object name Ratis:service=RaftServer,group=group-0EF9E94BB6A3,id=d608cca7-8f6c-485f-afd6-2c7e3558bc9e
2025-07-05 15:53:47,552 [d608cca7-8f6c-485f-afd6-2c7e3558bc9e-impl-thread1] INFO  impl.RoleInfo (RoleInfo.java:shutdownLeaderState(103)) - d608cca7-8f6c-485f-afd6-2c7e3558bc9e: shutdown d608cca7-8f6c-485f-afd6-2c7e3558bc9e@group-0EF9E94BB6A3-LeaderStateImpl
2025-07-05 15:53:47,555 [d608cca7-8f6c-485f-afd6-2c7e3558bc9e-impl-thread1] INFO  impl.PendingRequests (PendingRequests.java:sendNotLeaderResponses(287)) - d608cca7-8f6c-485f-afd6-2c7e3558bc9e@group-0EF9E94BB6A3-PendingRequests: sendNotLeaderResponses
2025-07-05 15:53:47,558 [main] INFO  server.GrpcServicesImpl (GrpcServicesImpl.java:closeImpl(364)) - d608cca7-8f6c-485f-afd6-2c7e3558bc9e: shutdown server GrpcServerProtocolService successfully
2025-07-05 15:53:47,558 [d608cca7-8f6c-485f-afd6-2c7e3558bc9e-impl-thread1] INFO  impl.StateMachineUpdater (StateMachineUpdater.java:stopAndJoin(163)) - d608cca7-8f6c-485f-afd6-2c7e3558bc9e@group-0EF9E94BB6A3-StateMachineUpdater: set stopIndex = 0
2025-07-05 15:53:47,558 [d608cca7-8f6c-485f-afd6-2c7e3558bc9e@group-0EF9E94BB6A3-StateMachineUpdater] INFO  impl.StateMachineUpdater (StateMachineUpdater.java:takeSnapshot(307)) - d608cca7-8f6c-485f-afd6-2c7e3558bc9e@group-0EF9E94BB6A3-StateMachineUpdater: Took a snapshot at index 0
2025-07-05 15:53:47,559 [d608cca7-8f6c-485f-afd6-2c7e3558bc9e@group-0EF9E94BB6A3-StateMachineUpdater] INFO  impl.StateMachineUpdater (StateMachineUpdater.java:lambda$new$0(101)) - d608cca7-8f6c-485f-afd6-2c7e3558bc9e@group-0EF9E94BB6A3-StateMachineUpdater: snapshotIndex: updateIncreasingly -1 -> 0
2025-07-05 15:53:47,560 [d608cca7-8f6c-485f-afd6-2c7e3558bc9e@group-0EF9E94BB6A3-StateMachineUpdater] INFO  impl.StateMachineUpdater (StateMachineUpdater.java:stop(140)) - d608cca7-8f6c-485f-afd6-2c7e3558bc9e@group-0EF9E94BB6A3-StateMachineUpdater: closing SCMStateMachine, lastApplied=(t:1, i:0)
2025-07-05 15:53:47,561 [d608cca7-8f6c-485f-afd6-2c7e3558bc9e@group-0EF9E94BB6A3-cacheEviction-AwaitToRun] INFO  util.AwaitToRun (AwaitToRun.java:run(49)) - d608cca7-8f6c-485f-afd6-2c7e3558bc9e@group-0EF9E94BB6A3-cacheEviction-AwaitToRun-AwaitForSignal is interrupted
2025-07-05 15:53:47,645 [d608cca7-8f6c-485f-afd6-2c7e3558bc9e-impl-thread1] INFO  segmented.SegmentedRaftLogWorker (SegmentedRaftLogWorker.java:close(254)) - d608cca7-8f6c-485f-afd6-2c7e3558bc9e@group-0EF9E94BB6A3-SegmentedRaftLogWorker close()
2025-07-05 15:53:47,650 [JvmPauseMonitor0] INFO  util.JvmPauseMonitor (JvmPauseMonitor.java:run(152)) - JvmPauseMonitor-d608cca7-8f6c-485f-afd6-2c7e3558bc9e: Stopped
2025-07-05 15:53:47,653 [main] INFO  server.StorageContainerManager (StorageContainerManager.java:initializeRatis(1335)) - Enabled Ratis!
2025-07-05 15:53:47,653 [main] INFO  server.StorageContainerManager (StorageContainerManager.java:scmInit(1284)) - SCM initialization succeeded. Current cluster id for sd=/home/runner/work/ozone/ozone/hadoop-ozone/integration-test/target/test-dir/MiniOzoneClusterImpl-ea17cf83-5a24-424f-8e3a-0ef9e94bb6a3/scmNode-1/scm; cid=ea17cf83-5a24-424f-8e3a-0ef9e94bb6a3; layoutVersion=8; scmId=d608cca7-8f6c-485f-afd6-2c7e3558bc9e
2025-07-05 15:53:47,667 [main] WARN  server.ServerUtils (ServerUtils.java:getScmDbDir(138)) - ozone.scm.db.dirs is not configured. We recommend adding this setting. Falling back to ozone.metadata.dirs instead.
2025-07-05 15:53:47,667 [main] INFO  ha.SCMHANodeDetails (SCMHANodeDetails.java:loadSCMHAConfig(162)) - ServiceID for StorageContainerManager is SecureSCM
2025-07-05 15:53:47,668 [main] INFO  ha.SCMHANodeDetails (SCMHANodeDetails.java:loadSCMHAConfig(172)) - ServiceID for StorageContainerManager is SecureSCM
2025-07-05 15:53:47,668 [main] WARN  scm.ScmUtils (ScmUtils.java:logWarn(162)) - ConfigKey ozone.scm.block.client.address is deprecated, For configuring different ports for each SCM use PortConfigKey ozone.scm.block.client.port appended with serviceId and nodeId. If want to configure same port configure ozone.scm.block.client.port
2025-07-05 15:53:47,668 [main] WARN  scm.ScmUtils (ScmUtils.java:logWarn(162)) - ConfigKey ozone.scm.client.address is deprecated, For configuring different ports for each SCM use PortConfigKey ozone.scm.client.port appended with serviceId and nodeId. If want to configure same port configure ozone.scm.client.port
2025-07-05 15:53:47,668 [main] WARN  scm.ScmUtils (ScmUtils.java:logWarn(162)) - ConfigKey ozone.scm.datanode.address is deprecated, For configuring different ports for each SCM use PortConfigKey ozone.scm.datanode.port appended with serviceId and nodeId. If want to configure same port configure ozone.scm.datanode.port
2025-07-05 15:53:47,669 [main] WARN  scm.ScmUtils (ScmUtils.java:logWarn(162)) - ConfigKey ozone.scm.block.client.address is deprecated, For configuring different ports for each SCM use PortConfigKey ozone.scm.block.client.port appended with serviceId and nodeId. If want to configure same port configure ozone.scm.block.client.port
2025-07-05 15:53:47,669 [main] WARN  scm.ScmUtils (ScmUtils.java:logWarn(162)) - ConfigKey ozone.scm.client.address is deprecated, For configuring different ports for each SCM use PortConfigKey ozone.scm.client.port appended with serviceId and nodeId. If want to configure same port configure ozone.scm.client.port
2025-07-05 15:53:47,669 [main] WARN  scm.ScmUtils (ScmUtils.java:logWarn(162)) - ConfigKey ozone.scm.datanode.address is deprecated, For configuring different ports for each SCM use PortConfigKey ozone.scm.datanode.port appended with serviceId and nodeId. If want to configure same port configure ozone.scm.datanode.port
2025-07-05 15:53:47,669 [main] INFO  ha.SCMHANodeDetails (SCMHANodeDetails.java:loadSCMHAConfig(259)) - Found matching SCM address with SCMServiceId: SecureSCM, SCMNodeId: scmNode-1, RPC Address: localhost:15003 and Ratis port: 15003
2025-07-05 15:53:47,670 [main] INFO  ha.SCMHANodeDetails (ConfUtils.java:setNodeSpecificConfigs(98)) - Setting configuration key ozone.scm.datanode.address with value of key ozone.scm.datanode.address.SecureSCM.scmNode-1: 127.0.0.1:15004
2025-07-05 15:53:47,670 [main] INFO  ha.SCMHANodeDetails (ConfUtils.java:setNodeSpecificConfigs(98)) - Setting configuration key ozone.scm.block.client.address with value of key ozone.scm.block.client.address.SecureSCM.scmNode-1: 127.0.0.1:15007
2025-07-05 15:53:47,670 [main] INFO  ha.SCMHANodeDetails (ConfUtils.java:setNodeSpecificConfigs(98)) - Setting configuration key ozone.scm.client.address with value of key ozone.scm.client.address.SecureSCM.scmNode-1: 127.0.0.1:15005
2025-07-05 15:53:47,670 [main] INFO  ha.SCMHANodeDetails (ConfUtils.java:setNodeSpecificConfigs(98)) - Setting configuration key ozone.scm.security.service.address with value of key ozone.scm.security.service.address.SecureSCM.scmNode-1: 127.0.0.1:15002
2025-07-05 15:53:47,670 [main] INFO  ha.SCMHANodeDetails (ConfUtils.java:setNodeSpecificConfigs(98)) - Setting configuration key ozone.scm.ratis.port with value of key ozone.scm.ratis.port.SecureSCM.scmNode-1: 15003
2025-07-05 15:53:47,670 [main] INFO  ha.SCMHANodeDetails (ConfUtils.java:setNodeSpecificConfigs(98)) - Setting configuration key ozone.scm.grpc.port with value of key ozone.scm.grpc.port.SecureSCM.scmNode-1: 15006
2025-07-05 15:53:47,671 [main] INFO  ha.SCMHANodeDetails (ConfUtils.java:setNodeSpecificConfigs(98)) - Setting configuration key ozone.scm.http-address with value of key ozone.scm.http-address.SecureSCM.scmNode-1: 127.0.0.1:15000
2025-07-05 15:53:47,671 [main] INFO  ha.SCMHANodeDetails (ConfUtils.java:setNodeSpecificConfigs(98)) - Setting configuration key ozone.scm.https-address with value of key ozone.scm.https-address.SecureSCM.scmNode-1: 127.0.0.1:15001
2025-07-05 15:53:47,671 [main] INFO  ha.SCMHANodeDetails (ConfUtils.java:setNodeSpecificConfigs(98)) - Setting configuration key ozone.scm.address with value of key ozone.scm.address.SecureSCM.scmNode-1: 127.0.0.1
2025-07-05 15:53:47,671 [main] WARN  scm.ScmUtils (ScmUtils.java:logWarn(162)) - ConfigKey ozone.scm.block.client.address is deprecated, For configuring different ports for each SCM use PortConfigKey ozone.scm.block.client.port appended with serviceId and nodeId. If want to configure same port configure ozone.scm.block.client.port
2025-07-05 15:53:47,672 [main] WARN  scm.ScmUtils (ScmUtils.java:logWarn(162)) - ConfigKey ozone.scm.client.address is deprecated, For configuring different ports for each SCM use PortConfigKey ozone.scm.client.port appended with serviceId and nodeId. If want to configure same port configure ozone.scm.client.port
2025-07-05 15:53:47,673 [main] WARN  scm.ScmUtils (ScmUtils.java:logWarn(162)) - ConfigKey ozone.scm.datanode.address is deprecated, For configuring different ports for each SCM use PortConfigKey ozone.scm.datanode.port appended with serviceId and nodeId. If want to configure same port configure ozone.scm.datanode.port
2025-07-05 15:53:47,683 [main] INFO  ha.SCMNodeInfo (SCMNodeInfo.java:getPort(197)) - ConfigKey ozone.scm.client.address is deprecated, For configuring different ports for each SCM use PortConfigKey ozone.scm.client.port appended with serviceId and nodeId
2025-07-05 15:53:47,683 [main] INFO  ha.SCMNodeInfo (SCMNodeInfo.java:getPort(197)) - ConfigKey ozone.scm.block.client.address is deprecated, For configuring different ports for each SCM use PortConfigKey ozone.scm.block.client.port appended with serviceId and nodeId
2025-07-05 15:53:47,683 [main] INFO  ha.SCMNodeInfo (SCMNodeInfo.java:getPort(197)) - ConfigKey ozone.scm.security.service.address is deprecated, For configuring different ports for each SCM use PortConfigKey ozone.scm.security.service.port appended with serviceId and nodeId
2025-07-05 15:53:47,684 [main] INFO  ha.SCMNodeInfo (SCMNodeInfo.java:getPort(197)) - ConfigKey ozone.scm.datanode.address is deprecated, For configuring different ports for each SCM use PortConfigKey ozone.scm.datanode.port appended with serviceId and nodeId
2025-07-05 15:53:47,684 [main] INFO  ha.SCMNodeInfo (SCMNodeInfo.java:getPort(197)) - ConfigKey ozone.scm.client.address is deprecated, For configuring different ports for each SCM use PortConfigKey ozone.scm.client.port appended with serviceId and nodeId
2025-07-05 15:53:47,684 [main] INFO  ha.SCMNodeInfo (SCMNodeInfo.java:getPort(197)) - ConfigKey ozone.scm.block.client.address is deprecated, For configuring different ports for each SCM use PortConfigKey ozone.scm.block.client.port appended with serviceId and nodeId
2025-07-05 15:53:47,684 [main] INFO  ha.SCMNodeInfo (SCMNodeInfo.java:getPort(197)) - ConfigKey ozone.scm.security.service.address is deprecated, For configuring different ports for each SCM use PortConfigKey ozone.scm.security.service.port appended with serviceId and nodeId
2025-07-05 15:53:47,685 [main] INFO  ha.SCMNodeInfo (SCMNodeInfo.java:getPort(197)) - ConfigKey ozone.scm.datanode.address is deprecated, For configuring different ports for each SCM use PortConfigKey ozone.scm.datanode.port appended with serviceId and nodeId
2025-07-05 15:53:47,685 [main] INFO  ha.SCMNodeInfo (SCMNodeInfo.java:getPort(197)) - ConfigKey ozone.scm.client.address is deprecated, For configuring different ports for each SCM use PortConfigKey ozone.scm.client.port appended with serviceId and nodeId
2025-07-05 15:53:47,685 [main] INFO  ha.SCMNodeInfo (SCMNodeInfo.java:getPort(197)) - ConfigKey ozone.scm.block.client.address is deprecated, For configuring different ports for each SCM use PortConfigKey ozone.scm.block.client.port appended with serviceId and nodeId
2025-07-05 15:53:47,685 [main] INFO  ha.SCMNodeInfo (SCMNodeInfo.java:getPort(197)) - ConfigKey ozone.scm.security.service.address is deprecated, For configuring different ports for each SCM use PortConfigKey ozone.scm.security.service.port appended with serviceId and nodeId
2025-07-05 15:53:47,686 [main] INFO  ha.SCMNodeInfo (SCMNodeInfo.java:getPort(197)) - ConfigKey ozone.scm.datanode.address is deprecated, For configuring different ports for each SCM use PortConfigKey ozone.scm.datanode.port appended with serviceId and nodeId
2025-07-05 15:53:47,718 [pool-2-thread-1] INFO  request.KdcRequest (KdcRequest.java:preauth(683)) - The preauth data is empty.
2025-07-05 15:53:47,722 [pool-2-thread-1] INFO  server.KdcHandler (KdcHandler.java:handleRecoverableException(177)) - KRB error occurred while processing request: Additional pre-authentication required
2025-07-05 15:53:47,738 [pool-2-thread-1] INFO  request.AsRequest (AsRequest.java:issueTicket(112)) - AS_REQ ISSUE: authtime 1751730827736,scm/localhost@EXAMPLE.COM for krbtgt/EXAMPLE.COM@EXAMPLE.COM
2025-07-05 15:53:47,743 [main] INFO  security.UserGroupInformation (UserGroupInformation.java:loginUserFromKeytab(1143)) - Login successful for user scm/localhost@EXAMPLE.COM using keytab file scm.keytab. Keytab auto renewal enabled : false
2025-07-05 15:53:47,743 [main] INFO  server.StorageContainerManager (StorageContainerManager.java:loginAsSCMUserIfSecurityEnabled(1068)) - SCM login successful.
2025-07-05 15:53:47,750 [main] INFO  ha.SCMNodeInfo (SCMNodeInfo.java:getPort(197)) - ConfigKey ozone.scm.client.address is deprecated, For configuring different ports for each SCM use PortConfigKey ozone.scm.client.port appended with serviceId and nodeId
2025-07-05 15:53:47,750 [main] INFO  ha.SCMNodeInfo (SCMNodeInfo.java:getPort(197)) - ConfigKey ozone.scm.block.client.address is deprecated, For configuring different ports for each SCM use PortConfigKey ozone.scm.block.client.port appended with serviceId and nodeId
2025-07-05 15:53:47,750 [main] INFO  ha.SCMNodeInfo (SCMNodeInfo.java:getPort(197)) - ConfigKey ozone.scm.security.service.address is deprecated, For configuring different ports for each SCM use PortConfigKey ozone.scm.security.service.port appended with serviceId and nodeId
2025-07-05 15:53:47,750 [main] INFO  ha.SCMNodeInfo (SCMNodeInfo.java:getPort(197)) - ConfigKey ozone.scm.datanode.address is deprecated, For configuring different ports for each SCM use PortConfigKey ozone.scm.datanode.port appended with serviceId and nodeId
2025-07-05 15:53:47,750 [main] INFO  ha.SCMNodeInfo (SCMNodeInfo.java:getPort(197)) - ConfigKey ozone.scm.client.address is deprecated, For configuring different ports for each SCM use PortConfigKey ozone.scm.client.port appended with serviceId and nodeId
2025-07-05 15:53:47,750 [main] INFO  ha.SCMNodeInfo (SCMNodeInfo.java:getPort(197)) - ConfigKey ozone.scm.block.client.address is deprecated, For configuring different ports for each SCM use PortConfigKey ozone.scm.block.client.port appended with serviceId and nodeId
2025-07-05 15:53:47,751 [main] INFO  ha.SCMNodeInfo (SCMNodeInfo.java:getPort(197)) - ConfigKey ozone.scm.security.service.address is deprecated, For configuring different ports for each SCM use PortConfigKey ozone.scm.security.service.port appended with serviceId and nodeId
2025-07-05 15:53:47,751 [main] INFO  ha.SCMNodeInfo (SCMNodeInfo.java:getPort(197)) - ConfigKey ozone.scm.datanode.address is deprecated, For configuring different ports for each SCM use PortConfigKey ozone.scm.datanode.port appended with serviceId and nodeId
2025-07-05 15:53:47,751 [main] INFO  ha.SCMNodeInfo (SCMNodeInfo.java:getPort(197)) - ConfigKey ozone.scm.client.address is deprecated, For configuring different ports for each SCM use PortConfigKey ozone.scm.client.port appended with serviceId and nodeId
2025-07-05 15:53:47,751 [main] INFO  ha.SCMNodeInfo (SCMNodeInfo.java:getPort(197)) - ConfigKey ozone.scm.block.client.address is deprecated, For configuring different ports for each SCM use PortConfigKey ozone.scm.block.client.port appended with serviceId and nodeId
2025-07-05 15:53:47,751 [main] INFO  ha.SCMNodeInfo (SCMNodeInfo.java:getPort(197)) - ConfigKey ozone.scm.security.service.address is deprecated, For configuring different ports for each SCM use PortConfigKey ozone.scm.security.service.port appended with serviceId and nodeId
2025-07-05 15:53:47,751 [main] INFO  ha.SCMNodeInfo (SCMNodeInfo.java:getPort(197)) - ConfigKey ozone.scm.datanode.address is deprecated, For configuring different ports for each SCM use PortConfigKey ozone.scm.datanode.port appended with serviceId and nodeId
2025-07-05 15:53:47,752 [main] INFO  proxy.SCMSecurityProtocolFailoverProxyProvider (SCMFailoverProxyProviderBase.java:<init>(120)) - Created fail-over proxy for protocol SCMSecurityProtocolPB with 3 nodes: [nodeId=scmNode-2,nodeAddress=/127.0.0.1:15010, nodeId=scmNode-3,nodeAddress=/127.0.0.1:15018, nodeId=scmNode-1,nodeAddress=/127.0.0.1:15002]
2025-07-05 15:53:47,757 [main] INFO  ha.SCMNodeInfo (SCMNodeInfo.java:getPort(197)) - ConfigKey ozone.scm.client.address is deprecated, For configuring different ports for each SCM use PortConfigKey ozone.scm.client.port appended with serviceId and nodeId
2025-07-05 15:53:47,757 [main] INFO  ha.SCMNodeInfo (SCMNodeInfo.java:getPort(197)) - ConfigKey ozone.scm.block.client.address is deprecated, For configuring different ports for each SCM use PortConfigKey ozone.scm.block.client.port appended with serviceId and nodeId
2025-07-05 15:53:47,757 [main] INFO  ha.SCMNodeInfo (SCMNodeInfo.java:getPort(197)) - ConfigKey ozone.scm.security.service.address is deprecated, For configuring different ports for each SCM use PortConfigKey ozone.scm.security.service.port appended with serviceId and nodeId
2025-07-05 15:53:47,757 [main] INFO  ha.SCMNodeInfo (SCMNodeInfo.java:getPort(197)) - ConfigKey ozone.scm.datanode.address is deprecated, For configuring different ports for each SCM use PortConfigKey ozone.scm.datanode.port appended with serviceId and nodeId
2025-07-05 15:53:47,757 [main] INFO  ha.SCMNodeInfo (SCMNodeInfo.java:getPort(197)) - ConfigKey ozone.scm.client.address is deprecated, For configuring different ports for each SCM use PortConfigKey ozone.scm.client.port appended with serviceId and nodeId
2025-07-05 15:53:47,757 [main] INFO  ha.SCMNodeInfo (SCMNodeInfo.java:getPort(197)) - ConfigKey ozone.scm.block.client.address is deprecated, For configuring different ports for each SCM use PortConfigKey ozone.scm.block.client.port appended with serviceId and nodeId
2025-07-05 15:53:47,758 [main] INFO  ha.SCMNodeInfo (SCMNodeInfo.java:getPort(197)) - ConfigKey ozone.scm.security.service.address is deprecated, For configuring different ports for each SCM use PortConfigKey ozone.scm.security.service.port appended with serviceId and nodeId
2025-07-05 15:53:47,758 [main] INFO  ha.SCMNodeInfo (SCMNodeInfo.java:getPort(197)) - ConfigKey ozone.scm.datanode.address is deprecated, For configuring different ports for each SCM use PortConfigKey ozone.scm.datanode.port appended with serviceId and nodeId
2025-07-05 15:53:47,758 [main] INFO  ha.SCMNodeInfo (SCMNodeInfo.java:getPort(197)) - ConfigKey ozone.scm.client.address is deprecated, For configuring different ports for each SCM use PortConfigKey ozone.scm.client.port appended with serviceId and nodeId
2025-07-05 15:53:47,758 [main] INFO  ha.SCMNodeInfo (SCMNodeInfo.java:getPort(197)) - ConfigKey ozone.scm.block.client.address is deprecated, For configuring different ports for each SCM use PortConfigKey ozone.scm.block.client.port appended with serviceId and nodeId
2025-07-05 15:53:47,758 [main] INFO  ha.SCMNodeInfo (SCMNodeInfo.java:getPort(197)) - ConfigKey ozone.scm.security.service.address is deprecated, For configuring different ports for each SCM use PortConfigKey ozone.scm.security.service.port appended with serviceId and nodeId
2025-07-05 15:53:47,758 [main] INFO  ha.SCMNodeInfo (SCMNodeInfo.java:getPort(197)) - ConfigKey ozone.scm.datanode.address is deprecated, For configuring different ports for each SCM use PortConfigKey ozone.scm.datanode.port appended with serviceId and nodeId
2025-07-05 15:53:47,759 [main] INFO  client.SCMCertificateClient (DefaultCertificateClient.java:updateCertSerialId(1289)) - Certificate serial ID set to 2
2025-07-05 15:53:47,761 [main] INFO  client.SCMCertificateClient (DefaultCertificateClient.java:readCertificateFile(247)) - Added certificate 1 from file: /home/runner/work/ozone/ozone/hadoop-ozone/integration-test/target/test-dir/MiniOzoneClusterImpl-ea17cf83-5a24-424f-8e3a-0ef9e94bb6a3/scmNode-1/scm/sub-ca/certs/CA-1.crt.
2025-07-05 15:53:47,763 [main] INFO  client.SCMCertificateClient (DefaultCertificateClient.java:readCertificateFile(247)) - Added certificate 2 from file: /home/runner/work/ozone/ozone/hadoop-ozone/integration-test/target/test-dir/MiniOzoneClusterImpl-ea17cf83-5a24-424f-8e3a-0ef9e94bb6a3/scmNode-1/scm/sub-ca/certs/certificate.crt.
2025-07-05 15:53:47,765 [main] INFO  client.SCMCertificateClient (DefaultCertificateClient.java:readCertificateFile(247)) - Added certificate 2 from file: /home/runner/work/ozone/ozone/hadoop-ozone/integration-test/target/test-dir/MiniOzoneClusterImpl-ea17cf83-5a24-424f-8e3a-0ef9e94bb6a3/scmNode-1/scm/sub-ca/certs/2.crt.
2025-07-05 15:53:47,765 [main] INFO  client.SCMCertificateClient (DefaultCertificateClient.java:loadAllCertificates(196)) - CertificateRenewerService and root ca rotation polling is disabled for scm/sub-ca
2025-07-05 15:53:47,822 [main] WARN  utils.HAUtils (HAUtils.java:getMetaDir(311)) - ozone.scm.db.dirs is not configured. We recommend adding this setting. Falling back to ozone.metadata.dirs instead.
2025-07-05 15:53:47,918 [main] WARN  db.DBStoreBuilder (DBStoreBuilder.java:getDBDirPath(158)) - ozone.scm.db.dirs is not configured. We recommend adding this setting. Falling back to ozone.metadata.dirs instead.
2025-07-05 15:53:48,047 [main] INFO  net.NodeSchemaLoader (NodeSchemaLoader.java:loadSchemaFromFile(128)) - Loading schema from [jar:file:/home/runner/work/ozone/ozone/hadoop-hdds/common/target/hdds-common-2.1.0-SNAPSHOT.jar!/network-topology-default.xml]
2025-07-05 15:53:48,048 [main] INFO  net.NodeSchemaLoader (NodeSchemaLoader.java:loadSchema(175)) - Loading network topology layer schema file
2025-07-05 15:53:48,127 [main] INFO  ha.SCMRatisServerImpl (SCMRatisServerImpl.java:<init>(100)) - starting Raft server for scm:d608cca7-8f6c-485f-afd6-2c7e3558bc9e
2025-07-05 15:53:48,128 [main] INFO  server.RaftServerConfigKeys (ConfUtils.java:logGet(62)) - raft.server.log.appender.buffer.byte-limit = 4194304 (custom)
2025-07-05 15:53:48,129 [main] INFO  grpc.GrpcConfigKeys (ConfUtils.java:logFallback(69)) - raft.grpc.admin.host = null (fallback to raft.grpc.server.host)
2025-07-05 15:53:48,129 [main] INFO  grpc.GrpcConfigKeys (ConfUtils.java:logFallback(69)) - raft.grpc.admin.port = 15003 (fallback to raft.grpc.server.port)
2025-07-05 15:53:48,130 [main] INFO  grpc.GrpcConfigKeys (ConfUtils.java:logFallback(69)) - raft.grpc.client.host = null (fallback to raft.grpc.server.host)
2025-07-05 15:53:48,130 [main] INFO  grpc.GrpcConfigKeys (ConfUtils.java:logFallback(69)) - raft.grpc.client.port = 15003 (fallback to raft.grpc.server.port)
2025-07-05 15:53:48,130 [main] INFO  server.GrpcServicesImpl (ConfUtils.java:logGet(62)) - raft.grpc.message.size.max = 5242880 (custom)
2025-07-05 15:53:48,130 [main] INFO  server.RaftServerConfigKeys (ConfUtils.java:logGet(62)) - raft.server.log.appender.buffer.byte-limit = 4194304 (custom)
2025-07-05 15:53:48,132 [d608cca7-8f6c-485f-afd6-2c7e3558bc9e-impl-thread1] INFO  server.RaftServer (RaftServerProxy.java:initGroupDir(270)) - d608cca7-8f6c-485f-afd6-2c7e3558bc9e: found a subdirectory /home/runner/work/ozone/ozone/hadoop-ozone/integration-test/target/test-dir/MiniOzoneClusterImpl-ea17cf83-5a24-424f-8e3a-0ef9e94bb6a3/scmNode-1/scm-ha/ea17cf83-5a24-424f-8e3a-0ef9e94bb6a3
2025-07-05 15:53:48,132 [main] INFO  server.RaftServer (RaftServerProxy.java:addNew(105)) - d608cca7-8f6c-485f-afd6-2c7e3558bc9e: addNew group-0EF9E94BB6A3:[] returns group-0EF9E94BB6A3:java.util.concurrent.CompletableFuture@309e7215[Not completed]
2025-07-05 15:53:48,134 [d608cca7-8f6c-485f-afd6-2c7e3558bc9e-groupManagement] INFO  server.RaftServer$Division (RaftServerImpl.java:<init>(268)) - d608cca7-8f6c-485f-afd6-2c7e3558bc9e: new RaftServerImpl for group-0EF9E94BB6A3:[] with SCMStateMachine:uninitialized
2025-07-05 15:53:48,135 [d608cca7-8f6c-485f-afd6-2c7e3558bc9e-groupManagement] INFO  server.RaftServer$Division (ServerState.java:<init>(114)) - d608cca7-8f6c-485f-afd6-2c7e3558bc9e@group-0EF9E94BB6A3: ConfigurationManager, init=conf: {index: -1, cur=peers:[]|listeners:[], old=null}, confs=<EMPTY_MAP>
2025-07-05 15:53:48,143 [main] INFO  ha.SCMSnapshotProvider (SCMSnapshotProvider.java:<init>(61)) - Initializing SCM Snapshot Provider
2025-07-05 15:53:48,143 [main] WARN  server.ServerUtils (ServerUtils.java:getDefaultRatisDirectory(304)) - Storage directory for Ratis is not configured. It is a good idea to map this to an SSD disk. Falling back to ozone.metadata.dirs
2025-07-05 15:53:48,144 [main] WARN  ha.SCMHAUtils (SCMHAUtils.java:getSCMRatisSnapshotDirectory(120)) - SCM snapshot dir is not configured. Falling back to ozone.metadata.dirs config
2025-07-05 15:53:48,164 [main] INFO  upgrade.AbstractLayoutVersionManager (AbstractLayoutVersionManager.java:init(80)) - Initializing Layout version manager with metadata layout = HBASE_SUPPORT (version = 8), software layout = HBASE_SUPPORT (version = 8)
2025-07-05 15:53:48,188 [main] INFO  ha.SequenceIdGenerator (SequenceIdGenerator.java:upgradeToSequenceId(353)) - upgrade localId to 115816896921600000
2025-07-05 15:53:48,189 [main] INFO  ha.SequenceIdGenerator (SequenceIdGenerator.java:upgradeToSequenceId(363)) - upgrade delTxnId to 0
2025-07-05 15:53:48,195 [main] INFO  ha.SequenceIdGenerator (SequenceIdGenerator.java:upgradeToSequenceId(379)) - upgrade containerId to 0
2025-07-05 15:53:48,198 [main] INFO  ha.SequenceIdGenerator (SequenceIdGenerator.java:upgradeToCertificateSequenceId(414)) - upgrade CertificateId to 2
2025-07-05 15:53:48,200 [main] INFO  ha.SequenceIdGenerator (SequenceIdGenerator.java:<init>(231)) - Init the HA SequenceIdGenerator.
2025-07-05 15:53:48,242 [main] INFO  node.SCMNodeManager (SCMNodeManager.java:<init>(180)) - Entering startup safe mode.
2025-07-05 15:53:48,253 [main] INFO  algorithms.ContainerPlacementPolicyFactory (ContainerPlacementPolicyFactory.java:getPolicyInternal(83)) - Create container placement policy of type org.apache.hadoop.hdds.scm.container.placement.algorithms.SCMContainerPlacementRackAware
2025-07-05 15:53:48,256 [main] INFO  algorithms.ContainerPlacementPolicyFactory (ContainerPlacementPolicyFactory.java:getPolicyInternal(83)) - Create container placement policy of type org.apache.hadoop.hdds.scm.container.placement.algorithms.SCMContainerPlacementRackScatter
2025-07-05 15:53:48,263 [main] INFO  pipeline.PipelineStateManagerImpl (PipelineStateManagerImpl.java:initialize(75)) - No pipeline exists in current db
2025-07-05 15:53:48,273 [main] INFO  algorithms.LeaderChoosePolicyFactory (LeaderChoosePolicyFactory.java:getPolicy(55)) - Create leader choose policy of type org.apache.hadoop.hdds.scm.pipeline.leader.choose.algorithms.MinLeaderCountChoosePolicy
2025-07-05 15:53:48,274 [main] INFO  algorithms.ContainerPlacementPolicyFactory (ContainerPlacementPolicyFactory.java:getPolicyInternal(83)) - Create container placement policy of type org.apache.hadoop.hdds.scm.container.placement.algorithms.SCMContainerPlacementRackScatter
2025-07-05 15:53:48,280 [main] INFO  ha.SCMServiceManager (SCMServiceManager.java:register(42)) - Registering service BackgroundPipelineCreator.
2025-07-05 15:53:48,280 [main] INFO  pipeline.BackgroundPipelineCreator (BackgroundPipelineCreator.java:start(126)) - Starting scmNode-1-RatisPipelineUtilsThread.
2025-07-05 15:53:48,283 [main] INFO  BackgroundPipelineScrubber (BackgroundSCMService.java:start(64)) - Starting BackgroundPipelineScrubber Service.
2025-07-05 15:53:48,283 [main] INFO  ha.SCMServiceManager (SCMServiceManager.java:register(42)) - Registering service BackgroundPipelineScrubber.
2025-07-05 15:53:48,288 [main] INFO  ExpiredContainerReplicaOpScrubber (BackgroundSCMService.java:start(64)) - Starting ExpiredContainerReplicaOpScrubber Service.
2025-07-05 15:53:48,288 [main] INFO  ha.SCMServiceManager (SCMServiceManager.java:register(42)) - Registering service ExpiredContainerReplicaOpScrubber.
2025-07-05 15:53:48,310 [main] INFO  algorithms.PipelineChoosePolicyFactory (PipelineChoosePolicyFactory.java:createPipelineChoosePolicyFromClass(78)) - Create pipeline choose policy of type org.apache.hadoop.hdds.scm.pipeline.choose.algorithms.RandomPipelineChoosePolicy
2025-07-05 15:53:48,310 [main] INFO  algorithms.PipelineChoosePolicyFactory (PipelineChoosePolicyFactory.java:createPipelineChoosePolicyFromClass(78)) - Create pipeline choose policy of type org.apache.hadoop.hdds.scm.pipeline.choose.algorithms.RandomPipelineChoosePolicy
2025-07-05 15:53:48,349 [main] WARN  statemachine.DatanodeConfiguration (DatanodeConfiguration.java:validateMinFreeSpace(751)) - hdds.datanode.volume.min.free.space.percent = -1.0 is invalid, should be between 0 and 1
2025-07-05 15:53:48,350 [main] INFO  ha.SCMServiceManager (SCMServiceManager.java:register(42)) - Registering service SCMBlockDeletingService.
2025-07-05 15:53:48,392 [main] INFO  replication.ReplicationManager (ReplicationManager.java:start(285)) - Starting Replication Monitor Thread.
2025-07-05 15:53:48,393 [main] INFO  ha.SCMServiceManager (SCMServiceManager.java:register(42)) - Registering service ReplicationManager.
2025-07-05 15:53:48,404 [main] INFO  safemode.RatisContainerSafeModeRule (RatisContainerSafeModeRule.java:initializeRule(160)) - Refreshed Containers with one replica threshold count 0.
2025-07-05 15:53:48,406 [main] INFO  safemode.ECContainerSafeModeRule (ECContainerSafeModeRule.java:initializeRule(205)) - Refreshed Containers with ec n replica threshold count 0.
2025-07-05 15:53:48,411 [main] INFO  safemode.HealthyPipelineSafeModeRule (HealthyPipelineSafeModeRule.java:initializeRule(232)) - Total pipeline count is 0, healthy pipeline threshold count is 1
2025-07-05 15:53:48,413 [main] INFO  safemode.OneReplicaPipelineSafeModeRule (OneReplicaPipelineSafeModeRule.java:initializeRule(190)) - Total pipeline count is 0, pipeline's with at least one datanode reported threshold count is 0
2025-07-05 15:53:48,459 [main] INFO  security.SecretKeyManagerService (SecretKeyManagerService.java:start(143)) - Scheduling rotation checker with interval PT8M20S
2025-07-05 15:53:48,459 [main] INFO  ha.SCMServiceManager (SCMServiceManager.java:register(42)) - Registering service SecretKeyManagerService.
2025-07-05 15:53:48,462 [main] INFO  keys.KeyStorage (KeyStorage.java:readPublicKey(174)) - Reading public key from /home/runner/work/ozone/ozone/hadoop-ozone/integration-test/target/test-dir/MiniOzoneClusterImpl-ea17cf83-5a24-424f-8e3a-0ef9e94bb6a3/scmNode-1/scm/sub-ca/keys/public.pem.
2025-07-05 15:53:48,463 [main] INFO  keys.KeyStorage (KeyStorage.java:readPrivateKey(158)) - Reading private key from /home/runner/work/ozone/ozone/hadoop-ozone/integration-test/target/test-dir/MiniOzoneClusterImpl-ea17cf83-5a24-424f-8e3a-0ef9e94bb6a3/scmNode-1/scm/sub-ca/keys/private.pem.
2025-07-05 15:53:48,464 [main] INFO  authority.DefaultCAServer (DefaultCAServer.java:lambda$processVerificationStatus$0(392)) - CertificateServer validation is successful
2025-07-05 15:53:48,464 [main] INFO  keys.KeyStorage (KeyStorage.java:readPublicKey(174)) - Reading public key from /home/runner/work/ozone/ozone/hadoop-ozone/integration-test/target/test-dir/MiniOzoneClusterImpl-ea17cf83-5a24-424f-8e3a-0ef9e94bb6a3/scmNode-1/scm/ca/keys/public.pem.
2025-07-05 15:53:48,464 [main] INFO  keys.KeyStorage (KeyStorage.java:readPrivateKey(158)) - Reading private key from /home/runner/work/ozone/ozone/hadoop-ozone/integration-test/target/test-dir/MiniOzoneClusterImpl-ea17cf83-5a24-424f-8e3a-0ef9e94bb6a3/scmNode-1/scm/ca/keys/private.pem.
2025-07-05 15:53:48,465 [main] INFO  authority.DefaultCAServer (DefaultCAServer.java:lambda$processVerificationStatus$0(392)) - CertificateServer validation is successful
2025-07-05 15:53:48,466 [main] INFO  server.StorageContainerManager (StorageContainerManager.java:persistPrimarySCMCerts(956)) - Storing sub-ca certificate serialId 2 on primary SCM
2025-07-05 15:53:48,477 [main] INFO  server.SCMCertStore (SCMCertStore.java:storeValidScmCertificate(96)) - Scm certificate 2 for CN=scm-sub@localhost,OU=d608cca7-8f6c-485f-afd6-2c7e3558bc9e,O=ea17cf83-5a24-424f-8e3a-0ef9e94bb6a3,SERIALNUMBER=2 is stored
2025-07-05 15:53:48,478 [main] INFO  server.StorageContainerManager (StorageContainerManager.java:persistPrimarySCMCerts(963)) - Storing root certificate serialId 1
2025-07-05 15:53:48,479 [main] INFO  server.SCMCertStore (SCMCertStore.java:storeValidScmCertificate(96)) - Scm certificate 1 for CN=scm@localhost,OU=d608cca7-8f6c-485f-afd6-2c7e3558bc9e,O=ea17cf83-5a24-424f-8e3a-0ef9e94bb6a3,SERIALNUMBER=1 is stored
2025-07-05 15:53:48,483 [main] INFO  ha.SequenceIdGenerator (SequenceIdGenerator.java:upgradeToCertificateSequenceId(414)) - upgrade CertificateId to 2
2025-07-05 15:53:48,502 [main] INFO  ipc.CallQueueManager (CallQueueManager.java:<init>(93)) - Using callQueue: class java.util.concurrent.LinkedBlockingQueue, queueCapacity: 200, scheduler: class org.apache.hadoop.ipc.DefaultRpcScheduler, ipcBackoff: false, ipcFailOver: false.
2025-07-05 15:53:48,528 [main] INFO  ipc.Server (Server.java:<init>(1438)) - Listener at 0.0.0.0:15002
2025-07-05 15:53:48,530 [Socket Reader #1 for port 15002] INFO  ipc.Server (Server.java:run(1474)) - Starting Socket Reader #1 for port 15002
2025-07-05 15:53:48,553 [main] INFO  server.StorageContainerManager (StorageContainerManager.java:<init>(433)) - SCM start with adminUsers: [runner, scm]
2025-07-05 15:53:48,583 [main] INFO  audit.AuditLogger (AuditLogger.java:refreshDebugCmdSet(133)) - Refresh DebugCmdSet for SCMAudit to [].
2025-07-05 15:53:48,589 [main] INFO  ipc.CallQueueManager (CallQueueManager.java:<init>(93)) - Using callQueue: class java.util.concurrent.LinkedBlockingQueue, queueCapacity: 10000, scheduler: class org.apache.hadoop.ipc.DefaultRpcScheduler, ipcBackoff: false, ipcFailOver: false.
2025-07-05 15:53:48,590 [main] INFO  ipc.Server (Server.java:<init>(1438)) - Listener at 0.0.0.0:15004
2025-07-05 15:53:48,591 [Socket Reader #1 for port 15004] INFO  ipc.Server (Server.java:run(1474)) - Starting Socket Reader #1 for port 15004
2025-07-05 15:53:48,591 [Socket Reader #3 for port 15004] INFO  ipc.Server (Server.java:run(1474)) - Starting Socket Reader #3 for port 15004
2025-07-05 15:53:48,591 [Socket Reader #2 for port 15004] INFO  ipc.Server (Server.java:run(1474)) - Starting Socket Reader #2 for port 15004
2025-07-05 15:53:48,592 [Socket Reader #5 for port 15004] INFO  ipc.Server (Server.java:run(1474)) - Starting Socket Reader #5 for port 15004
2025-07-05 15:53:48,591 [Socket Reader #4 for port 15004] INFO  ipc.Server (Server.java:run(1474)) - Starting Socket Reader #4 for port 15004
2025-07-05 15:53:48,592 [Socket Reader #6 for port 15004] INFO  ipc.Server (Server.java:run(1474)) - Starting Socket Reader #6 for port 15004
2025-07-05 15:53:48,592 [Socket Reader #7 for port 15004] INFO  ipc.Server (Server.java:run(1474)) - Starting Socket Reader #7 for port 15004
2025-07-05 15:53:48,593 [Socket Reader #8 for port 15004] INFO  ipc.Server (Server.java:run(1474)) - Starting Socket Reader #8 for port 15004
2025-07-05 15:53:48,593 [Socket Reader #9 for port 15004] INFO  ipc.Server (Server.java:run(1474)) - Starting Socket Reader #9 for port 15004
2025-07-05 15:53:48,593 [Socket Reader #10 for port 15004] INFO  ipc.Server (Server.java:run(1474)) - Starting Socket Reader #10 for port 15004
2025-07-05 15:53:48,621 [main] INFO  audit.AuditLogger (AuditLogger.java:refreshDebugCmdSet(133)) - Refresh DebugCmdSet for SCMAudit to [].
2025-07-05 15:53:48,627 [main] INFO  ipc.CallQueueManager (CallQueueManager.java:<init>(93)) - Using callQueue: class java.util.concurrent.LinkedBlockingQueue, queueCapacity: 10000, scheduler: class org.apache.hadoop.ipc.DefaultRpcScheduler, ipcBackoff: false, ipcFailOver: false.
2025-07-05 15:53:48,627 [main] INFO  ipc.Server (Server.java:<init>(1438)) - Listener at 0.0.0.0:15007
2025-07-05 15:53:48,628 [Socket Reader #1 for port 15007] INFO  ipc.Server (Server.java:run(1474)) - Starting Socket Reader #1 for port 15007
2025-07-05 15:53:48,628 [Socket Reader #2 for port 15007] INFO  ipc.Server (Server.java:run(1474)) - Starting Socket Reader #2 for port 15007
2025-07-05 15:53:48,628 [Socket Reader #3 for port 15007] INFO  ipc.Server (Server.java:run(1474)) - Starting Socket Reader #3 for port 15007
2025-07-05 15:53:48,628 [Socket Reader #4 for port 15007] INFO  ipc.Server (Server.java:run(1474)) - Starting Socket Reader #4 for port 15007
2025-07-05 15:53:48,629 [Socket Reader #5 for port 15007] INFO  ipc.Server (Server.java:run(1474)) - Starting Socket Reader #5 for port 15007
2025-07-05 15:53:48,629 [Socket Reader #6 for port 15007] INFO  ipc.Server (Server.java:run(1474)) - Starting Socket Reader #6 for port 15007
2025-07-05 15:53:48,630 [Socket Reader #7 for port 15007] INFO  ipc.Server (Server.java:run(1474)) - Starting Socket Reader #7 for port 15007
2025-07-05 15:53:48,630 [Socket Reader #8 for port 15007] INFO  ipc.Server (Server.java:run(1474)) - Starting Socket Reader #8 for port 15007
2025-07-05 15:53:48,631 [Socket Reader #9 for port 15007] INFO  ipc.Server (Server.java:run(1474)) - Starting Socket Reader #9 for port 15007
2025-07-05 15:53:48,632 [Socket Reader #10 for port 15007] INFO  ipc.Server (Server.java:run(1474)) - Starting Socket Reader #10 for port 15007
2025-07-05 15:53:48,665 [main] INFO  audit.AuditLogger (AuditLogger.java:refreshDebugCmdSet(133)) - Refresh DebugCmdSet for SCMAudit to [].
2025-07-05 15:53:48,675 [main] INFO  ipc.CallQueueManager (CallQueueManager.java:<init>(93)) - Using callQueue: class java.util.concurrent.LinkedBlockingQueue, queueCapacity: 10000, scheduler: class org.apache.hadoop.ipc.DefaultRpcScheduler, ipcBackoff: false, ipcFailOver: false.
2025-07-05 15:53:48,676 [main] INFO  ipc.Server (Server.java:<init>(1438)) - Listener at 0.0.0.0:15005
2025-07-05 15:53:48,677 [Socket Reader #2 for port 15005] INFO  ipc.Server (Server.java:run(1474)) - Starting Socket Reader #2 for port 15005
2025-07-05 15:53:48,677 [Socket Reader #4 for port 15005] INFO  ipc.Server (Server.java:run(1474)) - Starting Socket Reader #4 for port 15005
2025-07-05 15:53:48,677 [Socket Reader #3 for port 15005] INFO  ipc.Server (Server.java:run(1474)) - Starting Socket Reader #3 for port 15005
2025-07-05 15:53:48,677 [Socket Reader #1 for port 15005] INFO  ipc.Server (Server.java:run(1474)) - Starting Socket Reader #1 for port 15005
2025-07-05 15:53:48,678 [Socket Reader #5 for port 15005] INFO  ipc.Server (Server.java:run(1474)) - Starting Socket Reader #5 for port 15005
2025-07-05 15:53:48,679 [Socket Reader #6 for port 15005] INFO  ipc.Server (Server.java:run(1474)) - Starting Socket Reader #6 for port 15005
2025-07-05 15:53:48,679 [Socket Reader #7 for port 15005] INFO  ipc.Server (Server.java:run(1474)) - Starting Socket Reader #7 for port 15005
2025-07-05 15:53:48,680 [Socket Reader #8 for port 15005] INFO  ipc.Server (Server.java:run(1474)) - Starting Socket Reader #8 for port 15005
2025-07-05 15:53:48,680 [Socket Reader #9 for port 15005] INFO  ipc.Server (Server.java:run(1474)) - Starting Socket Reader #9 for port 15005
2025-07-05 15:53:48,680 [Socket Reader #10 for port 15005] INFO  ipc.Server (Server.java:run(1474)) - Starting Socket Reader #10 for port 15005
2025-07-05 15:53:48,754 [main] INFO  ha.SCMServiceManager (SCMServiceManager.java:register(42)) - Registering service ContainerBalancer.
2025-07-05 15:53:48,754 [main] INFO  ha.SCMContext (SCMContext.java:updateSafeModeStatus(224)) - Update SafeModeStatus from SafeModeStatus{safeModeStatus=true, preCheckPassed=false} to SafeModeStatus{safeModeStatus=true, preCheckPassed=false}.
2025-07-05 15:53:48,760 [main] INFO  server.StorageContainerManager (StorageContainerManager.java:start(1513)) - StorageContainerLocationProtocol RPC server is listening at /0.0.0.0:15005
2025-07-05 15:53:48,761 [main] INFO  ha.SCMRatisServerImpl (SCMRatisServerImpl.java:start(203)) - starting ratis server 0.0.0.0:15003
2025-07-05 15:53:48,762 [d608cca7-8f6c-485f-afd6-2c7e3558bc9e-impl-thread1] INFO  storage.RaftStorageDirectory (RaftStorageDirectoryImpl.java:tryLock(229)) - Lock on /home/runner/work/ozone/ozone/hadoop-ozone/integration-test/target/test-dir/MiniOzoneClusterImpl-ea17cf83-5a24-424f-8e3a-0ef9e94bb6a3/scmNode-1/scm-ha/ea17cf83-5a24-424f-8e3a-0ef9e94bb6a3/in_use.lock acquired by nodename 59929@localhost
2025-07-05 15:53:48,764 [d608cca7-8f6c-485f-afd6-2c7e3558bc9e-impl-thread1] INFO  storage.RaftStorage (RaftStorageImpl.java:analyzeAndRecoverStorage(118)) - Read RaftStorageMetadata{term=1, votedFor=d608cca7-8f6c-485f-afd6-2c7e3558bc9e} from /home/runner/work/ozone/ozone/hadoop-ozone/integration-test/target/test-dir/MiniOzoneClusterImpl-ea17cf83-5a24-424f-8e3a-0ef9e94bb6a3/scmNode-1/scm-ha/ea17cf83-5a24-424f-8e3a-0ef9e94bb6a3/current/raft-meta
2025-07-05 15:53:48,766 [d608cca7-8f6c-485f-afd6-2c7e3558bc9e-impl-thread1] INFO  server.RaftServer$Division (ServerState.java:setRaftConf(386)) - d608cca7-8f6c-485f-afd6-2c7e3558bc9e@group-0EF9E94BB6A3: set configuration conf: {index: 0, cur=peers:[d608cca7-8f6c-485f-afd6-2c7e3558bc9e|localhost:15003]|listeners:[], old=null}
2025-07-05 15:53:48,766 [d608cca7-8f6c-485f-afd6-2c7e3558bc9e-impl-thread1] INFO  ha.SCMStateMachine (SCMStateMachine.java:lambda$initialize$0(135)) - d608cca7-8f6c-485f-afd6-2c7e3558bc9e: initialize group-0EF9E94BB6A3
2025-07-05 15:53:48,767 [d608cca7-8f6c-485f-afd6-2c7e3558bc9e-impl-thread1] INFO  server.RaftServerConfigKeys (ConfUtils.java:logGet(62)) - raft.server.log.appender.buffer.byte-limit = 4194304 (custom)
2025-07-05 15:53:48,768 [d608cca7-8f6c-485f-afd6-2c7e3558bc9e-impl-thread1] INFO  server.RaftServerConfigKeys (ConfUtils.java:logGet(62)) - raft.server.log.segment.size.max = 4194304 (custom)
2025-07-05 15:53:48,769 [d608cca7-8f6c-485f-afd6-2c7e3558bc9e-impl-thread1] INFO  server.RaftServerConfigKeys (ConfUtils.java:logGet(62)) - raft.server.log.appender.buffer.byte-limit = 4194304 (custom)
2025-07-05 15:53:48,769 [d608cca7-8f6c-485f-afd6-2c7e3558bc9e-impl-thread1] INFO  util.AwaitToRun (AwaitToRun.java:start(81)) - Thread[#120,d608cca7-8f6c-485f-afd6-2c7e3558bc9e@group-0EF9E94BB6A3-cacheEviction-AwaitToRun,5,main] started
2025-07-05 15:53:48,770 [d608cca7-8f6c-485f-afd6-2c7e3558bc9e-impl-thread1] INFO  segmented.SegmentedRaftLogWorker (SegmentedRaftLogWorker.java:<init>(190)) - new d608cca7-8f6c-485f-afd6-2c7e3558bc9e@group-0EF9E94BB6A3-SegmentedRaftLogWorker for RaftStorageImpl:Storage Directory /home/runner/work/ozone/ozone/hadoop-ozone/integration-test/target/test-dir/MiniOzoneClusterImpl-ea17cf83-5a24-424f-8e3a-0ef9e94bb6a3/scmNode-1/scm-ha/ea17cf83-5a24-424f-8e3a-0ef9e94bb6a3
2025-07-05 15:53:48,770 [d608cca7-8f6c-485f-afd6-2c7e3558bc9e-impl-thread1] INFO  server.RaftServerConfigKeys (ConfUtils.java:logGet(62)) - raft.server.log.segment.size.max = 4194304 (custom)
2025-07-05 15:53:48,770 [d608cca7-8f6c-485f-afd6-2c7e3558bc9e-impl-thread1] INFO  server.RaftServerConfigKeys (ConfUtils.java:logGet(62)) - raft.server.log.preallocated.size = 4194304 (custom)
2025-07-05 15:53:48,770 [d608cca7-8f6c-485f-afd6-2c7e3558bc9e-impl-thread1] INFO  server.RaftServerConfigKeys (ConfUtils.java:logGet(62)) - raft.server.log.write.buffer.size = 4194312 (custom)
2025-07-05 15:53:48,772 [d608cca7-8f6c-485f-afd6-2c7e3558bc9e-impl-thread1] INFO  server.RaftServerConfigKeys (ConfUtils.java:logGet(62)) - raft.server.log.appender.buffer.byte-limit = 4194304 (custom)
2025-07-05 15:53:48,777 [d608cca7-8f6c-485f-afd6-2c7e3558bc9e-impl-thread1] INFO  server.RaftServer$Division (ServerState.java:setRaftConf(386)) - d608cca7-8f6c-485f-afd6-2c7e3558bc9e@group-0EF9E94BB6A3: set configuration conf: {index: 0, cur=peers:[d608cca7-8f6c-485f-afd6-2c7e3558bc9e|localhost:15003]|listeners:[], old=null}
2025-07-05 15:53:48,777 [d608cca7-8f6c-485f-afd6-2c7e3558bc9e-impl-thread1] INFO  segmented.LogSegment (LogSegment.java:loadSegment(171)) - Successfully read 1 entries from segment file /home/runner/work/ozone/ozone/hadoop-ozone/integration-test/target/test-dir/MiniOzoneClusterImpl-ea17cf83-5a24-424f-8e3a-0ef9e94bb6a3/scmNode-1/scm-ha/ea17cf83-5a24-424f-8e3a-0ef9e94bb6a3/current/log_inprogress_0
2025-07-05 15:53:48,777 [d608cca7-8f6c-485f-afd6-2c7e3558bc9e-impl-thread1] INFO  segmented.SegmentedRaftLogWorker (SegmentedRaftLogWorker.java:lambda$new$0(141)) - d608cca7-8f6c-485f-afd6-2c7e3558bc9e@group-0EF9E94BB6A3-SegmentedRaftLogWorker: safeCacheEvictIndex: setUnconditionally 0 -> -1
2025-07-05 15:53:48,778 [d608cca7-8f6c-485f-afd6-2c7e3558bc9e-impl-thread1] INFO  segmented.BufferedWriteChannel (BufferedWriteChannel.java:open(61)) - open log_inprogress_0 (append) at position 76
2025-07-05 15:53:48,779 [d608cca7-8f6c-485f-afd6-2c7e3558bc9e-impl-thread1] INFO  server.RaftServer$Division (RaftServerImpl.java:start(405)) - d608cca7-8f6c-485f-afd6-2c7e3558bc9e@group-0EF9E94BB6A3: start as a follower, conf=conf: {index: 0, cur=peers:[d608cca7-8f6c-485f-afd6-2c7e3558bc9e|localhost:15003]|listeners:[], old=null}
2025-07-05 15:53:48,779 [d608cca7-8f6c-485f-afd6-2c7e3558bc9e-impl-thread1] INFO  server.RaftServer$Division (RaftServerImpl.java:setRole(392)) - d608cca7-8f6c-485f-afd6-2c7e3558bc9e@group-0EF9E94BB6A3: changes role from      null to FOLLOWER at term 1 for startAsFollower
2025-07-05 15:53:48,779 [d608cca7-8f6c-485f-afd6-2c7e3558bc9e-impl-thread1] INFO  impl.RoleInfo (RoleInfo.java:updateAndGet(148)) - d608cca7-8f6c-485f-afd6-2c7e3558bc9e: start d608cca7-8f6c-485f-afd6-2c7e3558bc9e@group-0EF9E94BB6A3-FollowerState
2025-07-05 15:53:48,780 [d608cca7-8f6c-485f-afd6-2c7e3558bc9e@group-0EF9E94BB6A3-FollowerState] INFO  server.RaftServerConfigKeys (ConfUtils.java:logFallback(69)) - raft.server.rpc.first-election.timeout.min = 5000ms (fallback to raft.server.rpc.timeout.min)
2025-07-05 15:53:48,780 [d608cca7-8f6c-485f-afd6-2c7e3558bc9e@group-0EF9E94BB6A3-FollowerState] INFO  server.RaftServerConfigKeys (ConfUtils.java:logFallback(69)) - raft.server.rpc.first-election.timeout.max = 5200ms (fallback to raft.server.rpc.timeout.max)
2025-07-05 15:53:48,781 [d608cca7-8f6c-485f-afd6-2c7e3558bc9e-impl-thread1] INFO  util.JmxRegister (JmxRegister.java:tryRegister(44)) - Successfully registered JMX Bean with object name Ratis:service=RaftServer,group=group-0EF9E94BB6A3,id=d608cca7-8f6c-485f-afd6-2c7e3558bc9e
2025-07-05 15:53:48,781 [d608cca7-8f6c-485f-afd6-2c7e3558bc9e-impl-thread1] INFO  util.JmxRegister (JmxRegister.java:register(58)) - register mxBean class org.apache.ratis.server.impl.RaftServerJmxAdapter as Ratis:service=RaftServer,group=group-0EF9E94BB6A3,id=d608cca7-8f6c-485f-afd6-2c7e3558bc9e
2025-07-05 15:53:48,782 [d608cca7-8f6c-485f-afd6-2c7e3558bc9e-impl-thread1] INFO  server.RaftServer$Division (RaftServerImpl.java:start(419)) - d608cca7-8f6c-485f-afd6-2c7e3558bc9e@group-0EF9E94BB6A3: Successfully started.
2025-07-05 15:53:48,782 [main] INFO  server.RaftServer (RaftServerProxy.java:startImpl(412)) - d608cca7-8f6c-485f-afd6-2c7e3558bc9e: start RPC server
2025-07-05 15:53:48,783 [main] INFO  server.GrpcServicesImpl (GrpcServicesImpl.java:startImpl(346)) - d608cca7-8f6c-485f-afd6-2c7e3558bc9e: GrpcServicesImpl started, listening on 15003
2025-07-05 15:53:48,784 [JvmPauseMonitor1] INFO  util.JvmPauseMonitor (JvmPauseMonitor.java:run(146)) - JvmPauseMonitor-d608cca7-8f6c-485f-afd6-2c7e3558bc9e: Started
2025-07-05 15:53:48,791 [main] INFO  ha.SCMHAManagerImpl (SCMHAManagerImpl.java:start(131)) -  scm role is FOLLOWER peers [d608cca7-8f6c-485f-afd6-2c7e3558bc9e|localhost:15003]
2025-07-05 15:53:48,791 [main] INFO  ha.InterSCMGrpcService (InterSCMGrpcProtocolService.java:start(98)) - Starting SCM Grpc Service at port 15006
2025-07-05 15:53:48,793 [main] INFO  SCMHATransactionMonitor (BackgroundSCMService.java:start(64)) - Starting SCMHATransactionMonitor Service.
2025-07-05 15:53:48,793 [main] INFO  ha.SCMServiceManager (SCMServiceManager.java:register(42)) - Registering service SCMHATransactionMonitor.
2025-07-05 15:53:48,793 [main] INFO  SCMHATransactionMonitor (BackgroundSCMService.java:start(61)) - SCMHATransactionMonitor Service is already running, skip start.
2025-07-05 15:53:48,832 [main] WARN  impl.MetricsConfig (MetricsConfig.java:loadFirst(138)) - Cannot locate configuration: tried hadoop-metrics2-storagecontainermanager.properties,hadoop-metrics2.properties
2025-07-05 15:53:48,840 [main] INFO  impl.MetricsSystemImpl (MetricsSystemImpl.java:startTimer(378)) - Scheduled Metric snapshot period at 10 second(s).
2025-07-05 15:53:48,840 [main] INFO  impl.MetricsSystemImpl (MetricsSystemImpl.java:start(191)) - StorageContainerManager metrics system started
2025-07-05 15:53:48,905 [main] INFO  server.SCMClientProtocolServer (SCMClientProtocolServer.java:start(209)) - RPC server for Client  is listening at /0.0.0.0:15005
2025-07-05 15:53:48,906 [IPC Server Responder] INFO  ipc.Server (Server.java:run(1713)) - IPC Server Responder: starting
2025-07-05 15:53:48,906 [IPC Server listener on 15005] INFO  ipc.Server (Server.java:run(1553)) - IPC Server listener on 15005: starting
2025-07-05 15:53:48,924 [main] INFO  server.StorageContainerManager (StorageContainerManager.java:start(1526)) - ScmBlockLocationProtocol RPC server is listening at /0.0.0.0:15007
2025-07-05 15:53:48,925 [main] INFO  server.SCMBlockProtocolServer (SCMBlockProtocolServer.java:start(166)) - RPC server for Block Protocol is listening at /0.0.0.0:15007
2025-07-05 15:53:48,926 [IPC Server Responder] INFO  ipc.Server (Server.java:run(1713)) - IPC Server Responder: starting
2025-07-05 15:53:48,926 [IPC Server listener on 15007] INFO  ipc.Server (Server.java:run(1553)) - IPC Server listener on 15007: starting
2025-07-05 15:53:48,944 [main] INFO  server.SCMSecurityProtocolServer (SCMSecurityProtocolServer.java:start(503)) - Starting RPC server for SCMSecurityProtocolServer. is listening at /0.0.0.0:15002
2025-07-05 15:53:48,945 [IPC Server Responder] INFO  ipc.Server (Server.java:run(1713)) - IPC Server Responder: starting
2025-07-05 15:53:48,945 [IPC Server listener on 15002] INFO  ipc.Server (Server.java:run(1553)) - IPC Server listener on 15002: starting
2025-07-05 15:53:48,946 [main] INFO  utils.BackgroundService (BackgroundService.java:start(118)) - Starting service SCMBlockDeletingService with interval 60000 milliseconds
2025-07-05 15:53:48,958 [main] INFO  http.BaseHttpServer (BaseHttpServer.java:newHttpServer2BuilderForOzone(229)) - Starting Web-server for scm at: http://0.0.0.0:15000
2025-07-05 15:53:48,958 [main] INFO  http.BaseHttpServer (BaseHttpServer.java:<init>(107)) - Hadoop Security Enabled: true Ozone Security Enabled: true Ozone HTTP Security Enabled: false 
2025-07-05 15:53:48,979 [main] INFO  util.log (Log.java:initialized(170)) - Logging initialized @11129ms to org.eclipse.jetty.util.log.Slf4jLog
2025-07-05 15:53:49,056 [main] WARN  server.AuthenticationFilter (AuthenticationFilter.java:constructSecretProvider(240)) - Unable to initialize FileSignerSecretProvider, falling back to use random secrets. Reason: Could not read signature secret file: /home/runner/hadoop-http-auth-signature-secret
2025-07-05 15:53:49,095 [main] INFO  http.HttpServer2 (HttpServer2.java:addGlobalFilter(1042)) - Added global filter 'safety' (class=org.apache.hadoop.hdds.server.http.HttpServer2$QuotingInputFilter)
2025-07-05 15:53:49,101 [main] INFO  http.HttpServer2 (HttpServer2.java:addFilter(1018)) - Added filter static_user_filter (class=org.apache.hadoop.http.lib.StaticUserWebFilter$StaticUserFilter) to context scm
2025-07-05 15:53:49,101 [main] INFO  http.HttpServer2 (HttpServer2.java:addFilter(1026)) - Added filter static_user_filter (class=org.apache.hadoop.http.lib.StaticUserWebFilter$StaticUserFilter) to context logs
2025-07-05 15:53:49,101 [main] INFO  http.HttpServer2 (HttpServer2.java:addFilter(1026)) - Added filter static_user_filter (class=org.apache.hadoop.http.lib.StaticUserWebFilter$StaticUserFilter) to context static
2025-07-05 15:53:49,127 [main] INFO  http.BaseHttpServer (BaseHttpServer.java:<init>(195)) - HTTP server of scm uses base directory /home/runner/work/ozone/ozone/hadoop-ozone/integration-test/target/test-dir/MiniOzoneClusterImpl-ea17cf83-5a24-424f-8e3a-0ef9e94bb6a3/scmNode-1/webserver
2025-07-05 15:53:49,128 [main] INFO  http.HttpServer2 (HttpServer2.java:bindListener(1242)) - Jetty bound to port 15000
2025-07-05 15:53:49,129 [main] INFO  server.Server (Server.java:doStart(375)) - jetty-9.4.57.v20241219; built: 2025-01-08T21:24:30.412Z; git: df524e6b29271c2e09ba9aea83c18dc9db464a31; jvm 21.0.7+6-LTS
2025-07-05 15:53:49,145 [main] INFO  server.session (DefaultSessionIdManager.java:doStart(334)) - DefaultSessionIdManager workerName=node0
2025-07-05 15:53:49,145 [main] INFO  server.session (DefaultSessionIdManager.java:doStart(339)) - No SessionScavenger set, using defaults
2025-07-05 15:53:49,146 [main] INFO  server.session (HouseKeeper.java:startScavenging(132)) - node0 Scavenging every 660000ms
2025-07-05 15:53:49,154 [main] INFO  handler.ContextHandler (ContextHandler.java:doStart(921)) - Started o.e.j.s.ServletContextHandler@69ca71b3{logs,/logs,file:///home/runner/work/ozone/ozone/hadoop-ozone/integration-test/target/log,AVAILABLE}
2025-07-05 15:53:49,154 [main] INFO  handler.ContextHandler (ContextHandler.java:doStart(921)) - Started o.e.j.s.ServletContextHandler@13056efe{static,/static,file:///home/runner/work/ozone/ozone/hadoop-ozone/integration-test/target/test-classes/webapps/static,AVAILABLE}
2025-07-05 15:53:49,183 [main] INFO  handler.ContextHandler (ContextHandler.java:doStart(921)) - Started o.e.j.w.WebAppContext@2a0a178f{scm,/,file:///home/runner/work/ozone/ozone/hadoop-ozone/integration-test/target/test-classes/webapps/scm/,AVAILABLE}{file:/home/runner/work/ozone/ozone/hadoop-ozone/integration-test/target/test-classes/webapps/scm}
2025-07-05 15:53:49,187 [main] INFO  server.AbstractConnector (AbstractConnector.java:doStart(333)) - Started ServerConnector@746f1505{HTTP/1.1, (http/1.1)}{0.0.0.0:15000}
2025-07-05 15:53:49,187 [main] INFO  server.Server (Server.java:doStart(415)) - Started @11338ms
2025-07-05 15:53:49,189 [main] INFO  impl.MetricsSinkAdapter (MetricsSinkAdapter.java:start(204)) - Sink prometheus started
2025-07-05 15:53:49,189 [main] INFO  impl.MetricsSystemImpl (MetricsSystemImpl.java:registerSink(305)) - Registered sink prometheus
2025-07-05 15:53:49,190 [main] INFO  http.BaseHttpServer (BaseHttpServer.java:updateConnectorAddress(359)) - HTTP server of scm listening at http://localhost:15000
2025-07-05 15:53:49,198 [main] INFO  db.CodecBuffer (CodecBuffer.java:set(85)) - Successfully set constructor to LeakDetector::newCodecBuffer: org.apache.hadoop.hdds.utils.db.CodecBuffer$$Lambda/0x00007fe468779340@2518245b
2025-07-05 15:53:49,198 [main] INFO  ozone.MiniOzoneHAClusterImpl (MiniOzoneHAClusterImpl.java:createSCMService(589)) - Started SCM RPC server at /0.0.0.0:15005
2025-07-05 15:53:49,200 [main] WARN  server.ServerUtils (ServerUtils.java:getScmDbDir(138)) - ozone.scm.db.dirs is not configured. We recommend adding this setting. Falling back to ozone.metadata.dirs instead.
2025-07-05 15:53:49,200 [main] INFO  ha.SCMHANodeDetails (SCMHANodeDetails.java:loadSCMHAConfig(162)) - ServiceID for StorageContainerManager is SecureSCM
2025-07-05 15:53:49,200 [main] INFO  ha.SCMHANodeDetails (SCMHANodeDetails.java:loadSCMHAConfig(172)) - ServiceID for StorageContainerManager is SecureSCM
2025-07-05 15:53:49,201 [main] WARN  scm.ScmUtils (ScmUtils.java:logWarn(162)) - ConfigKey ozone.scm.block.client.address is deprecated, For configuring different ports for each SCM use PortConfigKey ozone.scm.block.client.port appended with serviceId and nodeId. If want to configure same port configure ozone.scm.block.client.port
2025-07-05 15:53:49,201 [main] WARN  scm.ScmUtils (ScmUtils.java:logWarn(162)) - ConfigKey ozone.scm.client.address is deprecated, For configuring different ports for each SCM use PortConfigKey ozone.scm.client.port appended with serviceId and nodeId. If want to configure same port configure ozone.scm.client.port
2025-07-05 15:53:49,201 [main] WARN  scm.ScmUtils (ScmUtils.java:logWarn(162)) - ConfigKey ozone.scm.datanode.address is deprecated, For configuring different ports for each SCM use PortConfigKey ozone.scm.datanode.port appended with serviceId and nodeId. If want to configure same port configure ozone.scm.datanode.port
2025-07-05 15:53:49,204 [main] WARN  scm.ScmUtils (ScmUtils.java:logWarn(162)) - ConfigKey ozone.scm.block.client.address is deprecated, For configuring different ports for each SCM use PortConfigKey ozone.scm.block.client.port appended with serviceId and nodeId. If want to configure same port configure ozone.scm.block.client.port
2025-07-05 15:53:49,204 [main] WARN  scm.ScmUtils (ScmUtils.java:logWarn(162)) - ConfigKey ozone.scm.client.address is deprecated, For configuring different ports for each SCM use PortConfigKey ozone.scm.client.port appended with serviceId and nodeId. If want to configure same port configure ozone.scm.client.port
2025-07-05 15:53:49,204 [main] WARN  scm.ScmUtils (ScmUtils.java:logWarn(162)) - ConfigKey ozone.scm.datanode.address is deprecated, For configuring different ports for each SCM use PortConfigKey ozone.scm.datanode.port appended with serviceId and nodeId. If want to configure same port configure ozone.scm.datanode.port
2025-07-05 15:53:49,205 [main] INFO  ha.SCMHANodeDetails (SCMHANodeDetails.java:loadSCMHAConfig(259)) - Found matching SCM address with SCMServiceId: SecureSCM, SCMNodeId: scmNode-2, RPC Address: localhost:15011 and Ratis port: 15011
2025-07-05 15:53:49,205 [main] INFO  ha.SCMHANodeDetails (ConfUtils.java:setNodeSpecificConfigs(98)) - Setting configuration key ozone.scm.datanode.address with value of key ozone.scm.datanode.address.SecureSCM.scmNode-2: 127.0.0.1:15012
2025-07-05 15:53:49,205 [main] INFO  ha.SCMHANodeDetails (ConfUtils.java:setNodeSpecificConfigs(98)) - Setting configuration key ozone.scm.block.client.address with value of key ozone.scm.block.client.address.SecureSCM.scmNode-2: 127.0.0.1:15015
2025-07-05 15:53:49,205 [main] INFO  ha.SCMHANodeDetails (ConfUtils.java:setNodeSpecificConfigs(98)) - Setting configuration key ozone.scm.client.address with value of key ozone.scm.client.address.SecureSCM.scmNode-2: 127.0.0.1:15013
2025-07-05 15:53:49,205 [main] INFO  ha.SCMHANodeDetails (ConfUtils.java:setNodeSpecificConfigs(98)) - Setting configuration key ozone.scm.security.service.address with value of key ozone.scm.security.service.address.SecureSCM.scmNode-2: 127.0.0.1:15010
2025-07-05 15:53:49,206 [main] INFO  ha.SCMHANodeDetails (ConfUtils.java:setNodeSpecificConfigs(98)) - Setting configuration key ozone.scm.ratis.port with value of key ozone.scm.ratis.port.SecureSCM.scmNode-2: 15011
2025-07-05 15:53:49,206 [main] INFO  ha.SCMHANodeDetails (ConfUtils.java:setNodeSpecificConfigs(98)) - Setting configuration key ozone.scm.grpc.port with value of key ozone.scm.grpc.port.SecureSCM.scmNode-2: 15014
2025-07-05 15:53:49,206 [main] INFO  ha.SCMHANodeDetails (ConfUtils.java:setNodeSpecificConfigs(98)) - Setting configuration key ozone.scm.http-address with value of key ozone.scm.http-address.SecureSCM.scmNode-2: 127.0.0.1:15008
2025-07-05 15:53:49,206 [main] INFO  ha.SCMHANodeDetails (ConfUtils.java:setNodeSpecificConfigs(98)) - Setting configuration key ozone.scm.https-address with value of key ozone.scm.https-address.SecureSCM.scmNode-2: 127.0.0.1:15009
2025-07-05 15:53:49,206 [main] INFO  ha.SCMHANodeDetails (ConfUtils.java:setNodeSpecificConfigs(98)) - Setting configuration key ozone.scm.address with value of key ozone.scm.address.SecureSCM.scmNode-2: 127.0.0.1
2025-07-05 15:53:49,206 [main] WARN  scm.ScmUtils (ScmUtils.java:logWarn(162)) - ConfigKey ozone.scm.block.client.address is deprecated, For configuring different ports for each SCM use PortConfigKey ozone.scm.block.client.port appended with serviceId and nodeId. If want to configure same port configure ozone.scm.block.client.port
2025-07-05 15:53:49,206 [main] WARN  scm.ScmUtils (ScmUtils.java:logWarn(162)) - ConfigKey ozone.scm.client.address is deprecated, For configuring different ports for each SCM use PortConfigKey ozone.scm.client.port appended with serviceId and nodeId. If want to configure same port configure ozone.scm.client.port
2025-07-05 15:53:49,209 [main] WARN  scm.ScmUtils (ScmUtils.java:logWarn(162)) - ConfigKey ozone.scm.datanode.address is deprecated, For configuring different ports for each SCM use PortConfigKey ozone.scm.datanode.port appended with serviceId and nodeId. If want to configure same port configure ozone.scm.datanode.port
2025-07-05 15:53:49,209 [main] INFO  ha.SCMNodeInfo (SCMNodeInfo.java:getPort(197)) - ConfigKey ozone.scm.client.address is deprecated, For configuring different ports for each SCM use PortConfigKey ozone.scm.client.port appended with serviceId and nodeId
2025-07-05 15:53:49,209 [main] INFO  ha.SCMNodeInfo (SCMNodeInfo.java:getPort(197)) - ConfigKey ozone.scm.block.client.address is deprecated, For configuring different ports for each SCM use PortConfigKey ozone.scm.block.client.port appended with serviceId and nodeId
2025-07-05 15:53:49,209 [main] INFO  ha.SCMNodeInfo (SCMNodeInfo.java:getPort(197)) - ConfigKey ozone.scm.security.service.address is deprecated, For configuring different ports for each SCM use PortConfigKey ozone.scm.security.service.port appended with serviceId and nodeId
2025-07-05 15:53:49,210 [main] INFO  ha.SCMNodeInfo (SCMNodeInfo.java:getPort(197)) - ConfigKey ozone.scm.datanode.address is deprecated, For configuring different ports for each SCM use PortConfigKey ozone.scm.datanode.port appended with serviceId and nodeId
2025-07-05 15:53:49,210 [main] INFO  ha.SCMNodeInfo (SCMNodeInfo.java:getPort(197)) - ConfigKey ozone.scm.client.address is deprecated, For configuring different ports for each SCM use PortConfigKey ozone.scm.client.port appended with serviceId and nodeId
2025-07-05 15:53:49,210 [main] INFO  ha.SCMNodeInfo (SCMNodeInfo.java:getPort(197)) - ConfigKey ozone.scm.block.client.address is deprecated, For configuring different ports for each SCM use PortConfigKey ozone.scm.block.client.port appended with serviceId and nodeId
2025-07-05 15:53:49,210 [main] INFO  ha.SCMNodeInfo (SCMNodeInfo.java:getPort(197)) - ConfigKey ozone.scm.security.service.address is deprecated, For configuring different ports for each SCM use PortConfigKey ozone.scm.security.service.port appended with serviceId and nodeId
2025-07-05 15:53:49,210 [main] INFO  ha.SCMNodeInfo (SCMNodeInfo.java:getPort(197)) - ConfigKey ozone.scm.datanode.address is deprecated, For configuring different ports for each SCM use PortConfigKey ozone.scm.datanode.port appended with serviceId and nodeId
2025-07-05 15:53:49,210 [main] INFO  ha.SCMNodeInfo (SCMNodeInfo.java:getPort(197)) - ConfigKey ozone.scm.client.address is deprecated, For configuring different ports for each SCM use PortConfigKey ozone.scm.client.port appended with serviceId and nodeId
2025-07-05 15:53:49,210 [main] INFO  ha.SCMNodeInfo (SCMNodeInfo.java:getPort(197)) - ConfigKey ozone.scm.block.client.address is deprecated, For configuring different ports for each SCM use PortConfigKey ozone.scm.block.client.port appended with serviceId and nodeId
2025-07-05 15:53:49,210 [main] INFO  ha.SCMNodeInfo (SCMNodeInfo.java:getPort(197)) - ConfigKey ozone.scm.security.service.address is deprecated, For configuring different ports for each SCM use PortConfigKey ozone.scm.security.service.port appended with serviceId and nodeId
2025-07-05 15:53:49,210 [main] INFO  ha.SCMNodeInfo (SCMNodeInfo.java:getPort(197)) - ConfigKey ozone.scm.datanode.address is deprecated, For configuring different ports for each SCM use PortConfigKey ozone.scm.datanode.port appended with serviceId and nodeId
2025-07-05 15:53:49,215 [pool-2-thread-1] INFO  request.KdcRequest (KdcRequest.java:preauth(683)) - The preauth data is empty.
2025-07-05 15:53:49,216 [pool-2-thread-1] INFO  server.KdcHandler (KdcHandler.java:handleRecoverableException(177)) - KRB error occurred while processing request: Additional pre-authentication required
2025-07-05 15:53:49,232 [pool-2-thread-1] INFO  request.AsRequest (AsRequest.java:issueTicket(112)) - AS_REQ ISSUE: authtime 1751730829231,scm/localhost@EXAMPLE.COM for krbtgt/EXAMPLE.COM@EXAMPLE.COM
2025-07-05 15:53:49,236 [main] INFO  security.UserGroupInformation (UserGroupInformation.java:loginUserFromKeytab(1143)) - Login successful for user scm/localhost@EXAMPLE.COM using keytab file scm.keytab. Keytab auto renewal enabled : false
2025-07-05 15:53:49,236 [main] INFO  server.StorageContainerManager (StorageContainerManager.java:loginAsSCMUserIfSecurityEnabled(1068)) - SCM login successful.
2025-07-05 15:53:49,242 [main] INFO  ha.SCMNodeInfo (SCMNodeInfo.java:getPort(197)) - ConfigKey ozone.scm.client.address is deprecated, For configuring different ports for each SCM use PortConfigKey ozone.scm.client.port appended with serviceId and nodeId
2025-07-05 15:53:49,242 [main] INFO  ha.SCMNodeInfo (SCMNodeInfo.java:getPort(197)) - ConfigKey ozone.scm.block.client.address is deprecated, For configuring different ports for each SCM use PortConfigKey ozone.scm.block.client.port appended with serviceId and nodeId
2025-07-05 15:53:49,242 [main] INFO  ha.SCMNodeInfo (SCMNodeInfo.java:getPort(197)) - ConfigKey ozone.scm.security.service.address is deprecated, For configuring different ports for each SCM use PortConfigKey ozone.scm.security.service.port appended with serviceId and nodeId
2025-07-05 15:53:49,243 [main] INFO  ha.SCMNodeInfo (SCMNodeInfo.java:getPort(197)) - ConfigKey ozone.scm.datanode.address is deprecated, For configuring different ports for each SCM use PortConfigKey ozone.scm.datanode.port appended with serviceId and nodeId
2025-07-05 15:53:49,243 [main] INFO  ha.SCMNodeInfo (SCMNodeInfo.java:getPort(197)) - ConfigKey ozone.scm.client.address is deprecated, For configuring different ports for each SCM use PortConfigKey ozone.scm.client.port appended with serviceId and nodeId
2025-07-05 15:53:49,244 [main] INFO  ha.SCMNodeInfo (SCMNodeInfo.java:getPort(197)) - ConfigKey ozone.scm.block.client.address is deprecated, For configuring different ports for each SCM use PortConfigKey ozone.scm.block.client.port appended with serviceId and nodeId
2025-07-05 15:53:49,244 [main] INFO  ha.SCMNodeInfo (SCMNodeInfo.java:getPort(197)) - ConfigKey ozone.scm.security.service.address is deprecated, For configuring different ports for each SCM use PortConfigKey ozone.scm.security.service.port appended with serviceId and nodeId
2025-07-05 15:53:49,244 [main] INFO  ha.SCMNodeInfo (SCMNodeInfo.java:getPort(197)) - ConfigKey ozone.scm.datanode.address is deprecated, For configuring different ports for each SCM use PortConfigKey ozone.scm.datanode.port appended with serviceId and nodeId
2025-07-05 15:53:49,245 [main] INFO  proxy.SCMBlockLocationFailoverProxyProvider (SCMFailoverProxyProviderBase.java:<init>(120)) - Created fail-over proxy for protocol ScmBlockLocationProtocolPB with 2 nodes: [nodeId=scmNode-3,nodeAddress=/127.0.0.1:15023, nodeId=scmNode-1,nodeAddress=/127.0.0.1:15007]
2025-07-05 15:53:49,358 [pool-2-thread-2] INFO  request.TgsRequest (TgsRequest.java:issueTicket(117)) - TGS_REQ ISSUE: authtime 1751730829356,scm/localhost@EXAMPLE.COM for scm/localhost@EXAMPLE.COM
2025-07-05 15:53:49,362 [pool-2-thread-1] INFO  request.TgsRequest (TgsRequest.java:issueTicket(117)) - TGS_REQ ISSUE: authtime 1751730829360,scm/localhost@EXAMPLE.COM for scm/localhost@EXAMPLE.COM
2025-07-05 15:53:49,383 [Socket Reader #1 for port 15002] INFO  ipc.Server (Server.java:saslProcess(2290)) - Auth successful for scm/localhost@EXAMPLE.COM (auth:KERBEROS) from 127.0.0.1:33043
2025-07-05 15:53:49,387 [Socket Reader #2 for port 15007] INFO  ipc.Server (Server.java:saslProcess(2290)) - Auth successful for scm/localhost@EXAMPLE.COM (auth:KERBEROS) from 127.0.0.1:42049
2025-07-05 15:53:49,468 [IPC Server handler 0 on default port 15002] INFO  ipc.Server (Server.java:logException(3260)) - IPC Server handler 0 on default port 15002, call Call#0 Retry#0 org.apache.hadoop.hdds.protocol.SCMSecurityProtocol.submitRequest from 127.0.0.1:33043
org.apache.hadoop.hdds.ratis.ServerNotLeaderException: SCM Server:d608cca7-8f6c-485f-afd6-2c7e3558bc9e(localhost) is not the leader. Could not determine the leader node.
	at org.apache.hadoop.hdds.ratis.ServerNotLeaderException.convertToNotLeaderException(ServerNotLeaderException.java:106)
	at org.apache.hadoop.hdds.scm.ha.RatisUtil.checkRatisException(RatisUtil.java:254)
	at org.apache.hadoop.hdds.scm.protocol.SCMSecurityProtocolServerSideTranslatorPB.submitRequest(SCMSecurityProtocolServerSideTranslatorPB.java:83)
	at org.apache.hadoop.hdds.protocol.proto.SCMSecurityProtocolProtos$SCMSecurityProtocolService$2.callBlockingMethod(SCMSecurityProtocolProtos.java:18942)
	at org.apache.hadoop.ipc.ProtobufRpcEngine$Server.processCall(ProtobufRpcEngine.java:484)
	at org.apache.hadoop.ipc.ProtobufRpcEngine2$Server$ProtoBufRpcInvoker.call(ProtobufRpcEngine2.java:595)
	at org.apache.hadoop.ipc.ProtobufRpcEngine2$Server$ProtoBufRpcInvoker.call(ProtobufRpcEngine2.java:573)
	at org.apache.hadoop.ipc.RPC$Server.call(RPC.java:1227)
	at org.apache.hadoop.ipc.Server$RpcCall.run(Server.java:1246)
	at org.apache.hadoop.ipc.Server$RpcCall.run(Server.java:1169)
	at java.base/java.security.AccessController.doPrivileged(AccessController.java:714)
	at java.base/javax.security.auth.Subject.doAs(Subject.java:525)
	at org.apache.hadoop.security.UserGroupInformation.doAs(UserGroupInformation.java:1953)
	at org.apache.hadoop.ipc.Server$Handler.run(Server.java:3198)
2025-07-05 15:53:53,478 [main] INFO  retry.RetryInvocationHandler (RetryInvocationHandler.java:log(426)) - com.google.protobuf.ServiceException: org.apache.hadoop.ipc.RemoteException(org.apache.hadoop.hdds.ratis.ServerNotLeaderException): SCM Server:d608cca7-8f6c-485f-afd6-2c7e3558bc9e(localhost) is not the leader. Could not determine the leader node.
	at org.apache.hadoop.hdds.ratis.ServerNotLeaderException.convertToNotLeaderException(ServerNotLeaderException.java:106)
	at org.apache.hadoop.hdds.scm.ha.RatisUtil.checkRatisException(RatisUtil.java:254)
	at org.apache.hadoop.hdds.scm.protocol.ScmBlockLocationProtocolServerSideTranslatorPB.send(ScmBlockLocationProtocolServerSideTranslatorPB.java:111)
	at org.apache.hadoop.hdds.protocol.proto.ScmBlockLocationProtocolProtos$ScmBlockLocationProtocolService$2.callBlockingMethod(ScmBlockLocationProtocolProtos.java:15785)
	at org.apache.hadoop.ipc.ProtobufRpcEngine$Server.processCall(ProtobufRpcEngine.java:484)
	at org.apache.hadoop.ipc.ProtobufRpcEngine2$Server$ProtoBufRpcInvoker.call(ProtobufRpcEngine2.java:595)
	at org.apache.hadoop.ipc.ProtobufRpcEngine2$Server$ProtoBufRpcInvoker.call(ProtobufRpcEngine2.java:573)
	at org.apache.hadoop.ipc.RPC$Server.call(RPC.java:1227)
	at org.apache.hadoop.ipc.Server$RpcCall.run(Server.java:1246)
	at org.apache.hadoop.ipc.Server$RpcCall.run(Server.java:1169)
	at java.base/java.security.AccessController.doPrivileged(AccessController.java:714)
	at java.base/javax.security.auth.Subject.doAs(Subject.java:525)
	at org.apache.hadoop.security.UserGroupInformation.doAs(UserGroupInformation.java:1953)
	at org.apache.hadoop.ipc.Server$Handler.run(Server.java:3198)
, while invoking $Proxy55.send over nodeId=scmNode-1,nodeAddress=/127.0.0.1:15007 after 2 failover attempts. Trying to failover after sleeping for 2000ms. Current retry count: 2.
2025-07-05 15:53:53,886 [d608cca7-8f6c-485f-afd6-2c7e3558bc9e@group-0EF9E94BB6A3-FollowerState] INFO  impl.FollowerState (FollowerState.java:runImpl(161)) - d608cca7-8f6c-485f-afd6-2c7e3558bc9e@group-0EF9E94BB6A3-FollowerState: change to CANDIDATE, lastRpcElapsedTime:5106983339ns, electionTimeout:5106ms
2025-07-05 15:53:53,887 [d608cca7-8f6c-485f-afd6-2c7e3558bc9e@group-0EF9E94BB6A3-FollowerState] INFO  impl.RoleInfo (RoleInfo.java:shutdownFollowerState(121)) - d608cca7-8f6c-485f-afd6-2c7e3558bc9e: shutdown d608cca7-8f6c-485f-afd6-2c7e3558bc9e@group-0EF9E94BB6A3-FollowerState
2025-07-05 15:53:53,887 [d608cca7-8f6c-485f-afd6-2c7e3558bc9e@group-0EF9E94BB6A3-FollowerState] INFO  server.RaftServer$Division (RaftServerImpl.java:setRole(392)) - d608cca7-8f6c-485f-afd6-2c7e3558bc9e@group-0EF9E94BB6A3: changes role from  FOLLOWER to CANDIDATE at term 1 for changeToCandidate
2025-07-05 15:53:53,887 [d608cca7-8f6c-485f-afd6-2c7e3558bc9e@group-0EF9E94BB6A3-FollowerState] INFO  impl.RoleInfo (RoleInfo.java:updateAndGet(148)) - d608cca7-8f6c-485f-afd6-2c7e3558bc9e: start d608cca7-8f6c-485f-afd6-2c7e3558bc9e@group-0EF9E94BB6A3-LeaderElection2
2025-07-05 15:53:53,888 [d608cca7-8f6c-485f-afd6-2c7e3558bc9e@group-0EF9E94BB6A3-LeaderElection2] INFO  impl.LeaderElection (LeaderElection.java:askForVotes(448)) - d608cca7-8f6c-485f-afd6-2c7e3558bc9e@group-0EF9E94BB6A3-LeaderElection2 PRE_VOTE round 0: submit vote requests at term 1 for conf: {index: 0, cur=peers:[d608cca7-8f6c-485f-afd6-2c7e3558bc9e|localhost:15003]|listeners:[], old=null}
2025-07-05 15:53:53,888 [d608cca7-8f6c-485f-afd6-2c7e3558bc9e@group-0EF9E94BB6A3-LeaderElection2] INFO  impl.LeaderElection (LeaderElection.java:askForVotes(450)) - d608cca7-8f6c-485f-afd6-2c7e3558bc9e@group-0EF9E94BB6A3-LeaderElection2 PRE_VOTE round 0: result PASSED (term=1)
2025-07-05 15:53:53,890 [d608cca7-8f6c-485f-afd6-2c7e3558bc9e@group-0EF9E94BB6A3-LeaderElection2] INFO  impl.LeaderElection (LeaderElection.java:askForVotes(448)) - d608cca7-8f6c-485f-afd6-2c7e3558bc9e@group-0EF9E94BB6A3-LeaderElection2 ELECTION round 0: submit vote requests at term 2 for conf: {index: 0, cur=peers:[d608cca7-8f6c-485f-afd6-2c7e3558bc9e|localhost:15003]|listeners:[], old=null}
2025-07-05 15:53:53,890 [d608cca7-8f6c-485f-afd6-2c7e3558bc9e@group-0EF9E94BB6A3-LeaderElection2] INFO  impl.LeaderElection (LeaderElection.java:askForVotes(450)) - d608cca7-8f6c-485f-afd6-2c7e3558bc9e@group-0EF9E94BB6A3-LeaderElection2 ELECTION round 0: result PASSED (term=2)
2025-07-05 15:53:53,890 [d608cca7-8f6c-485f-afd6-2c7e3558bc9e@group-0EF9E94BB6A3-LeaderElection2] INFO  impl.RoleInfo (RoleInfo.java:shutdownLeaderElection(141)) - d608cca7-8f6c-485f-afd6-2c7e3558bc9e: shutdown d608cca7-8f6c-485f-afd6-2c7e3558bc9e@group-0EF9E94BB6A3-LeaderElection2
2025-07-05 15:53:53,891 [d608cca7-8f6c-485f-afd6-2c7e3558bc9e@group-0EF9E94BB6A3-LeaderElection2] INFO  server.RaftServer$Division (RaftServerImpl.java:setRole(392)) - d608cca7-8f6c-485f-afd6-2c7e3558bc9e@group-0EF9E94BB6A3: changes role from CANDIDATE to LEADER at term 2 for changeToLeader
2025-07-05 15:53:53,891 [d608cca7-8f6c-485f-afd6-2c7e3558bc9e@group-0EF9E94BB6A3-LeaderElection2] INFO  server.RaftServerConfigKeys (ConfUtils.java:logFallback(69)) - raft.server.staging.timeout = 15600ms (fallback to raft.server.rpc.timeout.max)
2025-07-05 15:53:53,892 [d608cca7-8f6c-485f-afd6-2c7e3558bc9e@group-0EF9E94BB6A3-LeaderElection2] INFO  impl.RoleInfo (RoleInfo.java:updateAndGet(148)) - d608cca7-8f6c-485f-afd6-2c7e3558bc9e: start d608cca7-8f6c-485f-afd6-2c7e3558bc9e@group-0EF9E94BB6A3-LeaderStateImpl
2025-07-05 15:53:53,893 [d608cca7-8f6c-485f-afd6-2c7e3558bc9e@group-0EF9E94BB6A3-LeaderElection2] INFO  server.RaftServer$Division (RaftServerImpl.java:setFirstElection(576)) - d608cca7-8f6c-485f-afd6-2c7e3558bc9e@group-0EF9E94BB6A3: set firstElectionSinceStartup to false for becomeLeader
2025-07-05 15:53:53,893 [d608cca7-8f6c-485f-afd6-2c7e3558bc9e@group-0EF9E94BB6A3-LeaderElection2] INFO  ha.SCMStateMachine (SCMStateMachine.java:notifyLeaderChanged(293)) - current SCM becomes leader of term 2.
2025-07-05 15:53:53,893 [d608cca7-8f6c-485f-afd6-2c7e3558bc9e@group-0EF9E94BB6A3-LeaderElection2] INFO  ha.SCMContext (SCMContext.java:updateLeaderAndTerm(95)) - update <isLeader,term> from <false,0> to <true,2>
2025-07-05 15:53:53,895 [d608cca7-8f6c-485f-afd6-2c7e3558bc9e@group-0EF9E94BB6A3-LeaderElection2] INFO  server.RaftServer$Division (ServerState.java:setLeader(272)) - d608cca7-8f6c-485f-afd6-2c7e3558bc9e@group-0EF9E94BB6A3: change Leader from null to d608cca7-8f6c-485f-afd6-2c7e3558bc9e at term 2 for becomeLeader, leader elected after 5757ms
2025-07-05 15:53:53,896 [d608cca7-8f6c-485f-afd6-2c7e3558bc9e@group-0EF9E94BB6A3-LeaderElection2] INFO  segmented.SegmentedRaftLogWorker (SegmentedRaftLogWorker.java:rollLogSegment(445)) - d608cca7-8f6c-485f-afd6-2c7e3558bc9e@group-0EF9E94BB6A3-SegmentedRaftLogWorker: Rolling segment log-0_0 to index:0
2025-07-05 15:53:53,897 [d608cca7-8f6c-485f-afd6-2c7e3558bc9e@group-0EF9E94BB6A3-SegmentedRaftLogWorker] INFO  segmented.SegmentedRaftLogWorker (SegmentedRaftLogWorker.java:execute(604)) - d608cca7-8f6c-485f-afd6-2c7e3558bc9e@group-0EF9E94BB6A3-SegmentedRaftLogWorker: Rolled log segment from /home/runner/work/ozone/ozone/hadoop-ozone/integration-test/target/test-dir/MiniOzoneClusterImpl-ea17cf83-5a24-424f-8e3a-0ef9e94bb6a3/scmNode-1/scm-ha/ea17cf83-5a24-424f-8e3a-0ef9e94bb6a3/current/log_inprogress_0 to /home/runner/work/ozone/ozone/hadoop-ozone/integration-test/target/test-dir/MiniOzoneClusterImpl-ea17cf83-5a24-424f-8e3a-0ef9e94bb6a3/scmNode-1/scm-ha/ea17cf83-5a24-424f-8e3a-0ef9e94bb6a3/current/log_0-0
2025-07-05 15:53:53,897 [d608cca7-8f6c-485f-afd6-2c7e3558bc9e@group-0EF9E94BB6A3-LeaderElection2] INFO  server.RaftServer$Division (ServerState.java:setRaftConf(386)) - d608cca7-8f6c-485f-afd6-2c7e3558bc9e@group-0EF9E94BB6A3: set configuration conf: {index: 1, cur=peers:[d608cca7-8f6c-485f-afd6-2c7e3558bc9e|localhost:15003]|listeners:[], old=null}
2025-07-05 15:53:53,900 [d608cca7-8f6c-485f-afd6-2c7e3558bc9e@group-0EF9E94BB6A3-SegmentedRaftLogWorker] INFO  segmented.BufferedWriteChannel (BufferedWriteChannel.java:open(61)) - open log_inprogress_1 at position 0
2025-07-05 15:53:53,909 [d608cca7-8f6c-485f-afd6-2c7e3558bc9e@group-0EF9E94BB6A3-SegmentedRaftLogWorker] INFO  segmented.SegmentedRaftLogWorker (SegmentedRaftLogWorker.java:execute(647)) - d608cca7-8f6c-485f-afd6-2c7e3558bc9e@group-0EF9E94BB6A3-SegmentedRaftLogWorker: created new log segment /home/runner/work/ozone/ozone/hadoop-ozone/integration-test/target/test-dir/MiniOzoneClusterImpl-ea17cf83-5a24-424f-8e3a-0ef9e94bb6a3/scmNode-1/scm-ha/ea17cf83-5a24-424f-8e3a-0ef9e94bb6a3/current/log_inprogress_1
2025-07-05 15:53:53,913 [d608cca7-8f6c-485f-afd6-2c7e3558bc9e@group-0EF9E94BB6A3-StateMachineUpdater] INFO  server.RaftServer$Division (LeaderStateImpl.java:checkStartIndex(309)) - Leader d608cca7-8f6c-485f-afd6-2c7e3558bc9e@group-0EF9E94BB6A3-LeaderStateImpl is ready since appliedIndex == startIndex == 1
2025-07-05 15:53:53,913 [d608cca7-8f6c-485f-afd6-2c7e3558bc9e@group-0EF9E94BB6A3-StateMachineUpdater] INFO  ha.SCMContext (SCMContext.java:setLeaderReady(122)) - update <isLeaderReady> from <false> to <true>
2025-07-05 15:53:53,913 [d608cca7-8f6c-485f-afd6-2c7e3558bc9e@group-0EF9E94BB6A3-StateMachineUpdater] INFO  pipeline.BackgroundPipelineCreator (BackgroundPipelineCreator.java:notifyStatusChanged(268)) - Service BackgroundPipelineCreator transitions to RUNNING.
2025-07-05 15:53:53,914 [scmNode-1-SecretKeyManagerService] INFO  symmetric.SecretKeyManager (SecretKeyManager.java:checkAndInitialize(78)) - Initializing SecretKeys.
2025-07-05 15:53:53,915 [d608cca7-8f6c-485f-afd6-2c7e3558bc9e@group-0EF9E94BB6A3-StateMachineUpdater] INFO  safemode.RatisContainerSafeModeRule (RatisContainerSafeModeRule.java:initializeRule(160)) - Refreshed Containers with one replica threshold count 0.
2025-07-05 15:53:53,915 [d608cca7-8f6c-485f-afd6-2c7e3558bc9e@group-0EF9E94BB6A3-StateMachineUpdater] INFO  safemode.HealthyPipelineSafeModeRule (HealthyPipelineSafeModeRule.java:initializeRule(228)) - Refreshed total pipeline count is 0, healthy pipeline threshold count is 1
2025-07-05 15:53:53,915 [scmNode-1-SecretKeyManagerService] INFO  symmetric.SecretKeyManager (SecretKeyManager.java:checkAndInitialize(92)) - No valid key has been loaded. A new key is generated: SecretKey(id = d68e803d-24ae-4d18-af54-e13ef808b648, creation at: 2025-07-05T15:53:53.915143372Z, expire at: 2025-07-05T16:02:13.915143372Z)
2025-07-05 15:53:53,915 [d608cca7-8f6c-485f-afd6-2c7e3558bc9e@group-0EF9E94BB6A3-StateMachineUpdater] INFO  safemode.ECContainerSafeModeRule (ECContainerSafeModeRule.java:initializeRule(205)) - Refreshed Containers with ec n replica threshold count 0.
2025-07-05 15:53:53,916 [d608cca7-8f6c-485f-afd6-2c7e3558bc9e@group-0EF9E94BB6A3-StateMachineUpdater] INFO  safemode.OneReplicaPipelineSafeModeRule (OneReplicaPipelineSafeModeRule.java:initializeRule(186)) - Refreshed Total pipeline count is 0, pipeline's with at least one datanode reported threshold count is 0
2025-07-05 15:53:53,916 [d608cca7-8f6c-485f-afd6-2c7e3558bc9e@group-0EF9E94BB6A3-StateMachineUpdater] INFO  server.SCMDatanodeProtocolServer (SCMDatanodeProtocolServer.java:start(195)) - ScmDatanodeProtocol RPC server for DataNodes is listening at /0.0.0.0:15004
2025-07-05 15:53:53,917 [IPC Server Responder] INFO  ipc.Server (Server.java:run(1713)) - IPC Server Responder: starting
2025-07-05 15:53:53,917 [IPC Server listener on 15004] INFO  ipc.Server (Server.java:run(1553)) - IPC Server listener on 15004: starting
2025-07-05 15:53:53,985 [d608cca7-8f6c-485f-afd6-2c7e3558bc9e@group-0EF9E94BB6A3-StateMachineUpdater] INFO  symmetric.SecretKeyStateImpl (SecretKeyStateImpl.java:updateKeysInternal(111)) - Updating keys with [SecretKey(id = d68e803d-24ae-4d18-af54-e13ef808b648, creation at: 2025-07-05T15:53:53.915Z, expire at: 2025-07-05T16:02:13.915Z)]
2025-07-05 15:53:53,986 [d608cca7-8f6c-485f-afd6-2c7e3558bc9e@group-0EF9E94BB6A3-StateMachineUpdater] INFO  symmetric.SecretKeyStateImpl (SecretKeyStateImpl.java:updateKeysInternal(126)) - Current key updated SecretKey(id = d68e803d-24ae-4d18-af54-e13ef808b648, creation at: 2025-07-05T15:53:53.915Z, expire at: 2025-07-05T16:02:13.915Z)
2025-07-05 15:53:54,003 [d608cca7-8f6c-485f-afd6-2c7e3558bc9e@group-0EF9E94BB6A3-StateMachineUpdater] INFO  symmetric.LocalSecretKeyStore (LocalSecretKeyStore.java:save(107)) - Saved [SecretKey(id = d68e803d-24ae-4d18-af54-e13ef808b648, creation at: 2025-07-05T15:53:53.915Z, expire at: 2025-07-05T16:02:13.915Z)] to file /home/runner/work/ozone/ozone/hadoop-ozone/integration-test/target/test-dir/MiniOzoneClusterImpl-ea17cf83-5a24-424f-8e3a-0ef9e94bb6a3/scmNode-1/scm/keys/secret_keys.json
2025-07-05 15:53:54,005 [d608cca7-8f6c-485f-afd6-2c7e3558bc9e@group-0EF9E94BB6A3-StateMachineUpdater] INFO  safemode.SCMSafeModeManager (SCMSafeModeManager.java:validateSafeModeExitRules(138)) - RatisContainerSafeModeRule rule is successfully validated
2025-07-05 15:53:54,005 [d608cca7-8f6c-485f-afd6-2c7e3558bc9e@group-0EF9E94BB6A3-StateMachineUpdater] INFO  safemode.HealthyPipelineSafeModeRule (HealthyPipelineSafeModeRule.java:initializeRule(228)) - Refreshed total pipeline count is 0, healthy pipeline threshold count is 1
2025-07-05 15:53:54,005 [d608cca7-8f6c-485f-afd6-2c7e3558bc9e@group-0EF9E94BB6A3-StateMachineUpdater] INFO  safemode.SCMSafeModeManager (SCMSafeModeManager.java:validateSafeModeExitRules(138)) - ECContainerSafeModeRule rule is successfully validated
2025-07-05 15:53:54,005 [d608cca7-8f6c-485f-afd6-2c7e3558bc9e@group-0EF9E94BB6A3-StateMachineUpdater] INFO  safemode.SCMSafeModeManager (SCMSafeModeManager.java:validateSafeModeExitRules(138)) - AtleastOneDatanodeReportedRule rule is successfully validated
2025-07-05 15:53:55,479 [main] INFO  retry.RetryInvocationHandler (RetryInvocationHandler.java:log(426)) - com.google.protobuf.ServiceException: java.net.ConnectException: Call From localhost/127.0.0.1 to localhost:15023 failed on connection exception: java.net.ConnectException: Connection refused; For more details see:  http://wiki.apache.org/hadoop/ConnectionRefused, while invoking $Proxy55.send over nodeId=scmNode-3,nodeAddress=/127.0.0.1:15023 after 3 failover attempts. Trying to failover after sleeping for 2000ms. Current retry count: 3.
2025-07-05 15:53:55,500 [IPC Server handler 1 on default port 15002] INFO  client.SCMCertificateClient (DefaultCertificateClient.java:getAllRootCaCerts(971)) - scm/sub-ca has 0 Root CA certificates
2025-07-05 15:53:55,500 [IPC Server handler 1 on default port 15002] INFO  client.SCMCertificateClient (DefaultCertificateClient.java:getAllCaCerts(979)) - scm/sub-ca has 1 CA certificates
2025-07-05 15:53:55,503 [d608cca7-8f6c-485f-afd6-2c7e3558bc9e-scm/sub-ca-refreshCACertificates] INFO  client.SCMCertificateClient (DefaultCertificateClient.java:getAllRootCaCerts(971)) - scm/sub-ca has 0 Root CA certificates
2025-07-05 15:53:55,503 [d608cca7-8f6c-485f-afd6-2c7e3558bc9e-scm/sub-ca-refreshCACertificates] INFO  client.SCMCertificateClient (DefaultCertificateClient.java:getAllCaCerts(979)) - scm/sub-ca has 1 CA certificates
2025-07-05 15:53:55,504 [d608cca7-8f6c-485f-afd6-2c7e3558bc9e-scm/sub-ca-refreshCACertificates] INFO  client.SCMCertificateClient (SCMCertificateClient.java:run(249)) - CA certificates are not changed.
2025-07-05 15:53:57,503 [main] INFO  ha.HASecurityUtils (HASecurityUtils.java:initializeSecurity(79)) - Initializing secure StorageContainerManager.
2025-07-05 15:53:57,504 [main] INFO  ha.SCMNodeInfo (SCMNodeInfo.java:getPort(197)) - ConfigKey ozone.scm.client.address is deprecated, For configuring different ports for each SCM use PortConfigKey ozone.scm.client.port appended with serviceId and nodeId
2025-07-05 15:53:57,504 [main] INFO  ha.SCMNodeInfo (SCMNodeInfo.java:getPort(197)) - ConfigKey ozone.scm.block.client.address is deprecated, For configuring different ports for each SCM use PortConfigKey ozone.scm.block.client.port appended with serviceId and nodeId
2025-07-05 15:53:57,505 [main] INFO  ha.SCMNodeInfo (SCMNodeInfo.java:getPort(197)) - ConfigKey ozone.scm.security.service.address is deprecated, For configuring different ports for each SCM use PortConfigKey ozone.scm.security.service.port appended with serviceId and nodeId
2025-07-05 15:53:57,505 [main] INFO  ha.SCMNodeInfo (SCMNodeInfo.java:getPort(197)) - ConfigKey ozone.scm.datanode.address is deprecated, For configuring different ports for each SCM use PortConfigKey ozone.scm.datanode.port appended with serviceId and nodeId
2025-07-05 15:53:57,505 [main] INFO  ha.SCMNodeInfo (SCMNodeInfo.java:getPort(197)) - ConfigKey ozone.scm.client.address is deprecated, For configuring different ports for each SCM use PortConfigKey ozone.scm.client.port appended with serviceId and nodeId
2025-07-05 15:53:57,505 [main] INFO  ha.SCMNodeInfo (SCMNodeInfo.java:getPort(197)) - ConfigKey ozone.scm.block.client.address is deprecated, For configuring different ports for each SCM use PortConfigKey ozone.scm.block.client.port appended with serviceId and nodeId
2025-07-05 15:53:57,505 [main] INFO  ha.SCMNodeInfo (SCMNodeInfo.java:getPort(197)) - ConfigKey ozone.scm.security.service.address is deprecated, For configuring different ports for each SCM use PortConfigKey ozone.scm.security.service.port appended with serviceId and nodeId
2025-07-05 15:53:57,505 [main] INFO  ha.SCMNodeInfo (SCMNodeInfo.java:getPort(197)) - ConfigKey ozone.scm.datanode.address is deprecated, For configuring different ports for each SCM use PortConfigKey ozone.scm.datanode.port appended with serviceId and nodeId
2025-07-05 15:53:57,506 [main] INFO  proxy.SCMSecurityProtocolFailoverProxyProvider (SCMFailoverProxyProviderBase.java:<init>(120)) - Created fail-over proxy for protocol SCMSecurityProtocolPB with 2 nodes: [nodeId=scmNode-3,nodeAddress=/127.0.0.1:15018, nodeId=scmNode-1,nodeAddress=/127.0.0.1:15002]
2025-07-05 15:53:57,506 [main] INFO  client.SCMCertificateClient (DefaultCertificateClient.java:updateCertSerialId(1289)) - Certificate serial ID set to null
2025-07-05 15:53:57,506 [main] ERROR client.SCMCertificateClient (DefaultCertificateClient.java:getCertPath(373)) - Default certificate serial id is not set. Can't locate the default certificate for this client.
2025-07-05 15:53:57,506 [main] INFO  client.SCMCertificateClient (DefaultCertificateClient.java:init(717)) - Certificate client init case: 0
2025-07-05 15:53:57,506 [main] INFO  client.SCMCertificateClient (DefaultCertificateClient.java:handleCase(735)) - Creating keypair for client as keypair and certificate not found.
2025-07-05 15:53:57,752 [main] INFO  keys.KeyStorage (KeyStorage.java:storePublicKey(210)) - Storing public key to /home/runner/work/ozone/ozone/hadoop-ozone/integration-test/target/test-dir/MiniOzoneClusterImpl-ea17cf83-5a24-424f-8e3a-0ef9e94bb6a3/scmNode-2/scm/sub-ca/keys/public.pem.
2025-07-05 15:53:57,753 [main] INFO  keys.KeyStorage (KeyStorage.java:storePrivateKey(194)) - Storing private key to /home/runner/work/ozone/ozone/hadoop-ozone/integration-test/target/test-dir/MiniOzoneClusterImpl-ea17cf83-5a24-424f-8e3a-0ef9e94bb6a3/scmNode-2/scm/sub-ca/keys/private.pem.
2025-07-05 15:53:57,753 [main] INFO  client.SCMCertificateClient (SCMCertificateClient.java:recoverStateIfNeeded(278)) - Init response: GETCERT
2025-07-05 15:53:57,754 [main] INFO  client.SCMCertificateClient (SCMCertificateClient.java:configureCSRBuilder(141)) - Creating csr for SCM->hostName:localhost,scmId:2d344aaf-3adb-4590-a8db-0ff637af21a8,clusterId:ea17cf83-5a24-424f-8e3a-0ef9e94bb6a3,subject:scm-sub@localhost
2025-07-05 15:53:57,754 [main] INFO  ozone.OzoneSecurityUtil (OzoneSecurityUtil.java:getValidInetsForCurrentHost(116)) - ip:fe80:0:0:0:6245:bdff:fe4b:d8f9%eth0 not returned.
2025-07-05 15:53:57,754 [main] INFO  ozone.OzoneSecurityUtil (OzoneSecurityUtil.java:getValidInetsForCurrentHost(113)) - Adding ip:10.1.0.89,host:fv-az1280-891.5ine1el5mbmedjxkdw5calxeef.ex.internal.cloudapp.net
2025-07-05 15:53:57,754 [main] INFO  ozone.OzoneSecurityUtil (OzoneSecurityUtil.java:getValidInetsForCurrentHost(116)) - ip:0:0:0:0:0:0:0:1%lo not returned.
2025-07-05 15:53:57,754 [main] INFO  ozone.OzoneSecurityUtil (OzoneSecurityUtil.java:getValidInetsForCurrentHost(116)) - ip:127.0.0.1 not returned.
2025-07-05 15:53:57,770 [Socket Reader #1 for port 15002] INFO  ipc.Server (Server.java:saslProcess(2290)) - Auth successful for scm/localhost@EXAMPLE.COM (auth:KERBEROS) from 127.0.0.1:35277
2025-07-05 15:53:57,772 [IPC Server handler 0 on default port 15002] INFO  server.SCMSecurityProtocolServer (SCMSecurityProtocolServer.java:getSCMCertificate(326)) - Processing CSR for scm localhost, nodeId: 2d344aaf-3adb-4590-a8db-0ff637af21a8
2025-07-05 15:53:57,777 [d608cca7-8f6c-485f-afd6-2c7e3558bc9e@group-0EF9E94BB6A3-StateMachineUpdater] WARN  ha.SequenceIdGenerator (SequenceIdGenerator.java:allocateBatch(248)) - Failed to allocate a batch for CertificateId, expected lastId is 0, actual lastId is 2.
2025-07-05 15:53:57,780 [d608cca7-8f6c-485f-afd6-2c7e3558bc9e@group-0EF9E94BB6A3-StateMachineUpdater] INFO  safemode.SCMSafeModeManager (SCMSafeModeManager.java:validateSafeModeExitRules(138)) - RatisContainerSafeModeRule rule is successfully validated
2025-07-05 15:53:57,780 [d608cca7-8f6c-485f-afd6-2c7e3558bc9e@group-0EF9E94BB6A3-StateMachineUpdater] INFO  safemode.HealthyPipelineSafeModeRule (HealthyPipelineSafeModeRule.java:initializeRule(228)) - Refreshed total pipeline count is 0, healthy pipeline threshold count is 1
2025-07-05 15:53:57,781 [d608cca7-8f6c-485f-afd6-2c7e3558bc9e@group-0EF9E94BB6A3-StateMachineUpdater] INFO  safemode.SCMSafeModeManager (SCMSafeModeManager.java:validateSafeModeExitRules(138)) - ECContainerSafeModeRule rule is successfully validated
2025-07-05 15:53:57,781 [d608cca7-8f6c-485f-afd6-2c7e3558bc9e@group-0EF9E94BB6A3-StateMachineUpdater] INFO  safemode.SCMSafeModeManager (SCMSafeModeManager.java:validateSafeModeExitRules(138)) - AtleastOneDatanodeReportedRule rule is successfully validated
2025-07-05 15:53:57,784 [d608cca7-8f6c-485f-afd6-2c7e3558bc9e@group-0EF9E94BB6A3-StateMachineUpdater] INFO  safemode.SCMSafeModeManager (SCMSafeModeManager.java:validateSafeModeExitRules(138)) - RatisContainerSafeModeRule rule is successfully validated
2025-07-05 15:53:57,784 [d608cca7-8f6c-485f-afd6-2c7e3558bc9e@group-0EF9E94BB6A3-StateMachineUpdater] INFO  safemode.HealthyPipelineSafeModeRule (HealthyPipelineSafeModeRule.java:initializeRule(228)) - Refreshed total pipeline count is 0, healthy pipeline threshold count is 1
2025-07-05 15:53:57,785 [d608cca7-8f6c-485f-afd6-2c7e3558bc9e@group-0EF9E94BB6A3-StateMachineUpdater] INFO  safemode.SCMSafeModeManager (SCMSafeModeManager.java:validateSafeModeExitRules(138)) - ECContainerSafeModeRule rule is successfully validated
2025-07-05 15:53:57,785 [d608cca7-8f6c-485f-afd6-2c7e3558bc9e@group-0EF9E94BB6A3-StateMachineUpdater] INFO  safemode.SCMSafeModeManager (SCMSafeModeManager.java:validateSafeModeExitRules(138)) - AtleastOneDatanodeReportedRule rule is successfully validated
2025-07-05 15:53:57,785 [IPC Server handler 0 on default port 15002] INFO  ha.SequenceIdGenerator (SequenceIdGenerator.java:getNextId(135)) - Allocate a batch for CertificateId, change lastId from 2 to 3.
2025-07-05 15:53:57,786 [IPC Server handler 0 on default port 15002] INFO  keys.KeyStorage (KeyStorage.java:readPrivateKey(158)) - Reading private key from /home/runner/work/ozone/ozone/hadoop-ozone/integration-test/target/test-dir/MiniOzoneClusterImpl-ea17cf83-5a24-424f-8e3a-0ef9e94bb6a3/scmNode-1/scm/ca/keys/private.pem.
2025-07-05 15:53:57,790 [IPC Server handler 0 on default port 15002] INFO  authority.DefaultApprover (DefaultApprover.java:sign(171)) - Extensions in CSR: 2.5.29.19, 2.5.29.15, 2.5.29.17
2025-07-05 15:53:57,790 [IPC Server handler 0 on default port 15002] INFO  authority.DefaultApprover (DefaultApprover.java:sign(175)) - Extensions to add to the certificate if they present in CSR: 2.5.29.15, 2.5.29.17, 2.5.29.35, 2.5.29.37, 2.5.29.19, 1.3.6.1.5.5.7.1.12
2025-07-05 15:53:58,142 [d608cca7-8f6c-485f-afd6-2c7e3558bc9e@group-0EF9E94BB6A3-StateMachineUpdater] INFO  server.SCMCertStore (SCMCertStore.java:storeValidScmCertificate(96)) - Scm certificate 3 for CN=scm-sub@localhost,OU=2d344aaf-3adb-4590-a8db-0ff637af21a8,O=ea17cf83-5a24-424f-8e3a-0ef9e94bb6a3,SERIALNUMBER=3 is stored
2025-07-05 15:53:58,142 [d608cca7-8f6c-485f-afd6-2c7e3558bc9e@group-0EF9E94BB6A3-StateMachineUpdater] INFO  safemode.SCMSafeModeManager (SCMSafeModeManager.java:validateSafeModeExitRules(138)) - RatisContainerSafeModeRule rule is successfully validated
2025-07-05 15:53:58,143 [d608cca7-8f6c-485f-afd6-2c7e3558bc9e@group-0EF9E94BB6A3-StateMachineUpdater] INFO  safemode.HealthyPipelineSafeModeRule (HealthyPipelineSafeModeRule.java:initializeRule(228)) - Refreshed total pipeline count is 0, healthy pipeline threshold count is 1
2025-07-05 15:53:58,143 [d608cca7-8f6c-485f-afd6-2c7e3558bc9e@group-0EF9E94BB6A3-StateMachineUpdater] INFO  safemode.SCMSafeModeManager (SCMSafeModeManager.java:validateSafeModeExitRules(138)) - ECContainerSafeModeRule rule is successfully validated
2025-07-05 15:53:58,143 [d608cca7-8f6c-485f-afd6-2c7e3558bc9e@group-0EF9E94BB6A3-StateMachineUpdater] INFO  safemode.SCMSafeModeManager (SCMSafeModeManager.java:validateSafeModeExitRules(138)) - AtleastOneDatanodeReportedRule rule is successfully validated
2025-07-05 15:53:58,166 [main] INFO  utils.CertificateCodec (CertificateCodec.java:writeCertificate(241)) - Save certificate to /home/runner/work/ozone/ozone/hadoop-ozone/integration-test/target/test-dir/MiniOzoneClusterImpl-ea17cf83-5a24-424f-8e3a-0ef9e94bb6a3/scmNode-2/scm/sub-ca/certs/CA-1.crt
2025-07-05 15:53:58,166 [main] INFO  utils.CertificateCodec (CertificateCodec.java:writeCertificate(242)) - Certificate -----BEGIN CERTIFICATE-----
MIID+DCCAuCgAwIBAgIBATANBgkqhkiG9w0BAQsFADCBgjEWMBQGA1UEAwwNc2Nt
QGxvY2FsaG9zdDEtMCsGA1UECwwkZDYwOGNjYTctOGY2Yy00ODVmLWFmZDYtMmM3
ZTM1NThiYzllMS0wKwYDVQQKDCRlYTE3Y2Y4My01YTI0LTQyNGYtOGUzYS0wZWY5
ZTk0YmI2YTMxCjAIBgNVBAUTATEwHhcNMjUwNzA1MTU1MzQwWhcNMzAwODEzMTU1
MzQwWjCBgjEWMBQGA1UEAwwNc2NtQGxvY2FsaG9zdDEtMCsGA1UECwwkZDYwOGNj
YTctOGY2Yy00ODVmLWFmZDYtMmM3ZTM1NThiYzllMS0wKwYDVQQKDCRlYTE3Y2Y4
My01YTI0LTQyNGYtOGUzYS0wZWY5ZTk0YmI2YTMxCjAIBgNVBAUTATEwggEiMA0G
CSqGSIb3DQEBAQUAA4IBDwAwggEKAoIBAQDatei3N+kw7JbL1zCKuuMRj/z2bT0w
1oPD5H2JUwP4tHfe0laBCGJRS5NNdFLmWCA6mVEJ+wI5qOEGfekL9JHEkXiy2yjj
kF81uirr/+n87N5uQF7j3ATQZlSN5iIO05f4Mg8K8yWST32eQ571nT3qJCq6aTZJ
5xvsqB7CWjgEjj+fJYV053M+ma+ACYk078ACmt5g/DyxzsWDmBaTddoyYjXzmN4t
ydD7qwadpboi+C5MSbC0A119sAANeP9NOnwxdrfmPUdErFJVujzYxx1YoQwy19Jh
IWspc7N9Ef9hwDpFbe+ps1dxmiIRy9vt7brBhJOKIPu9YA+Lidn5lsw1AgMBAAGj
dzB1MA8GA1UdEwEB/wQFMAMBAf8wDgYDVR0PAQH/BAQDAgEGMFIGA1UdEQRLMEmH
BAoBAFmCQWZ2LWF6MTI4MC04OTEuNWluZTFlbDVtYm1lZGp4a2R3NWNhbHhlZWYu
ZXguaW50ZXJuYWwuY2xvdWRhcHAubmV0MA0GCSqGSIb3DQEBCwUAA4IBAQC/stst
JnbZIAbhSy8k51njgPW7WelXmNH819nGeQexvfR+pGFu41OHZ0O2DilgWAV/4CUN
0NjfZBJAlMAHRrHDZP0dnKKDtDGsRgakxLiqxsiBtAAlEMRd7+ruNMMScvnt0uz1
GBrnV2Bpz/URjA2RoCySEaKp0IxdT8XpQVoTrBxjUpKfsO1Ub5mx0dhwqHjS3Ff5
eVGQn4+EDjID2yh9Ijttx/+ZfJ5S3Jf2NAN9PvHeCAmvqT/yZ7CtuYtfqajyY2h6
5Y1ss7y/PzLp8h4LcnIInt1hLWj+rF9eg78OXZVp0B8gsqZqcRLI8hy+Jx136LEV
WMsNZW6+FhlwxqiJ
-----END CERTIFICATE-----

2025-07-05 15:53:58,168 [main] INFO  utils.CertificateCodec (CertificateCodec.java:writeCertificate(241)) - Save certificate to /home/runner/work/ozone/ozone/hadoop-ozone/integration-test/target/test-dir/MiniOzoneClusterImpl-ea17cf83-5a24-424f-8e3a-0ef9e94bb6a3/scmNode-2/scm/sub-ca/certs/3.crt
2025-07-05 15:53:58,168 [main] INFO  utils.CertificateCodec (CertificateCodec.java:writeCertificate(242)) - Certificate -----BEGIN CERTIFICATE-----
MIID/DCCAuSgAwIBAgIBAzANBgkqhkiG9w0BAQsFADCBgjEWMBQGA1UEAwwNc2Nt
QGxvY2FsaG9zdDEtMCsGA1UECwwkZDYwOGNjYTctOGY2Yy00ODVmLWFmZDYtMmM3
ZTM1NThiYzllMS0wKwYDVQQKDCRlYTE3Y2Y4My01YTI0LTQyNGYtOGUzYS0wZWY5
ZTk0YmI2YTMxCjAIBgNVBAUTATEwHhcNMjUwNzA1MTU1MzU3WhcNMzAwODEzMTU1
MzU3WjCBhjEaMBgGA1UEAwwRc2NtLXN1YkBsb2NhbGhvc3QxLTArBgNVBAsMJDJk
MzQ0YWFmLTNhZGItNDU5MC1hOGRiLTBmZjYzN2FmMjFhODEtMCsGA1UECgwkZWEx
N2NmODMtNWEyNC00MjRmLThlM2EtMGVmOWU5NGJiNmEzMQowCAYDVQQFEwEzMIIB
IjANBgkqhkiG9w0BAQEFAAOCAQ8AMIIBCgKCAQEAk9qk4njGoJXuEnggnv14fsmF
cF+oRMbywEzzqXdLjNz22DoBBjcO3X0tuMkYsTyeE5aPN+ycXz3e1bVxy/vQ7XRO
nl0Us+t5iCooA3+MMefq6W+wt6buCn4ko68XSCVDF8E/MKgqvT2V8QYdsWLmSrCf
kYRhOcey9g8mWXutNKd1Y6QMWZyqQ8lJ1mywYSo78lJPFk/ma0EmSzA26HolypYf
IfjlUZ3iSEZp42US4iZ88BU9W0lI8ZVn2qxJcKrb1eU6Ls40XXv0/g/FZDHPvvTI
n2T3fyMW7DYs1i7TMEDWEkXJmmIlSAJ9gBkX6y29yPTv3WEKSWWH3PR0MG99fQID
AQABo3cwdTAOBgNVHQ8BAf8EBAMCAb4wUgYDVR0RBEswSYcECgEAWYJBZnYtYXox
MjgwLTg5MS41aW5lMWVsNW1ibWVkanhrZHc1Y2FseGVlZi5leC5pbnRlcm5hbC5j
bG91ZGFwcC5uZXQwDwYDVR0TAQH/BAUwAwEB/zANBgkqhkiG9w0BAQsFAAOCAQEA
DlaRQ8HBcNW7bkBAtKAAHCr0euEEyP9Yq81b4JyG3EaRF3Ur7ImEGd+pSe0jCowa
dRsxElGPRfqTVpYSHxr4VNtVjEZCxiTheJ9hixCaAijOxgujqMcQHFK99mjtUJhs
mRwx7lzKWCwtESk3eWL/r76nFHuzpGRAMQ33oOw1UNONc+7IAo/OQ6iDeKEs3qXV
+KV/fDXHg0EwFJmXyA9JGQKM9PlrAJraAXQA/mpmEGHutcJIxS2HDHVTkmhAJ0sd
LBqXgEASw7ELQZaAXT8TXFHFoudS9WmeYLglZjCykROVYCob3E3B0nIm1hqDll4c
81g5oSAGbxFSLdLrziAaUQ==
-----END CERTIFICATE-----

-----BEGIN CERTIFICATE-----
MIID+DCCAuCgAwIBAgIBATANBgkqhkiG9w0BAQsFADCBgjEWMBQGA1UEAwwNc2Nt
QGxvY2FsaG9zdDEtMCsGA1UECwwkZDYwOGNjYTctOGY2Yy00ODVmLWFmZDYtMmM3
ZTM1NThiYzllMS0wKwYDVQQKDCRlYTE3Y2Y4My01YTI0LTQyNGYtOGUzYS0wZWY5
ZTk0YmI2YTMxCjAIBgNVBAUTATEwHhcNMjUwNzA1MTU1MzQwWhcNMzAwODEzMTU1
MzQwWjCBgjEWMBQGA1UEAwwNc2NtQGxvY2FsaG9zdDEtMCsGA1UECwwkZDYwOGNj
YTctOGY2Yy00ODVmLWFmZDYtMmM3ZTM1NThiYzllMS0wKwYDVQQKDCRlYTE3Y2Y4
My01YTI0LTQyNGYtOGUzYS0wZWY5ZTk0YmI2YTMxCjAIBgNVBAUTATEwggEiMA0G
CSqGSIb3DQEBAQUAA4IBDwAwggEKAoIBAQDatei3N+kw7JbL1zCKuuMRj/z2bT0w
1oPD5H2JUwP4tHfe0laBCGJRS5NNdFLmWCA6mVEJ+wI5qOEGfekL9JHEkXiy2yjj
kF81uirr/+n87N5uQF7j3ATQZlSN5iIO05f4Mg8K8yWST32eQ571nT3qJCq6aTZJ
5xvsqB7CWjgEjj+fJYV053M+ma+ACYk078ACmt5g/DyxzsWDmBaTddoyYjXzmN4t
ydD7qwadpboi+C5MSbC0A119sAANeP9NOnwxdrfmPUdErFJVujzYxx1YoQwy19Jh
IWspc7N9Ef9hwDpFbe+ps1dxmiIRy9vt7brBhJOKIPu9YA+Lidn5lsw1AgMBAAGj
dzB1MA8GA1UdEwEB/wQFMAMBAf8wDgYDVR0PAQH/BAQDAgEGMFIGA1UdEQRLMEmH
BAoBAFmCQWZ2LWF6MTI4MC04OTEuNWluZTFlbDVtYm1lZGp4a2R3NWNhbHhlZWYu
ZXguaW50ZXJuYWwuY2xvdWRhcHAubmV0MA0GCSqGSIb3DQEBCwUAA4IBAQC/stst
JnbZIAbhSy8k51njgPW7WelXmNH819nGeQexvfR+pGFu41OHZ0O2DilgWAV/4CUN
0NjfZBJAlMAHRrHDZP0dnKKDtDGsRgakxLiqxsiBtAAlEMRd7+ruNMMScvnt0uz1
GBrnV2Bpz/URjA2RoCySEaKp0IxdT8XpQVoTrBxjUpKfsO1Ub5mx0dhwqHjS3Ff5
eVGQn4+EDjID2yh9Ijttx/+ZfJ5S3Jf2NAN9PvHeCAmvqT/yZ7CtuYtfqajyY2h6
5Y1ss7y/PzLp8h4LcnIInt1hLWj+rF9eg78OXZVp0B8gsqZqcRLI8hy+Jx136LEV
WMsNZW6+FhlwxqiJ
-----END CERTIFICATE-----

2025-07-05 15:53:58,168 [main] INFO  utils.CertificateCodec (CertificateCodec.java:writeCertificate(241)) - Save certificate to /home/runner/work/ozone/ozone/hadoop-ozone/integration-test/target/test-dir/MiniOzoneClusterImpl-ea17cf83-5a24-424f-8e3a-0ef9e94bb6a3/scmNode-2/scm/sub-ca/certs/certificate.crt
2025-07-05 15:53:58,168 [main] INFO  utils.CertificateCodec (CertificateCodec.java:writeCertificate(242)) - Certificate -----BEGIN CERTIFICATE-----
MIID/DCCAuSgAwIBAgIBAzANBgkqhkiG9w0BAQsFADCBgjEWMBQGA1UEAwwNc2Nt
QGxvY2FsaG9zdDEtMCsGA1UECwwkZDYwOGNjYTctOGY2Yy00ODVmLWFmZDYtMmM3
ZTM1NThiYzllMS0wKwYDVQQKDCRlYTE3Y2Y4My01YTI0LTQyNGYtOGUzYS0wZWY5
ZTk0YmI2YTMxCjAIBgNVBAUTATEwHhcNMjUwNzA1MTU1MzU3WhcNMzAwODEzMTU1
MzU3WjCBhjEaMBgGA1UEAwwRc2NtLXN1YkBsb2NhbGhvc3QxLTArBgNVBAsMJDJk
MzQ0YWFmLTNhZGItNDU5MC1hOGRiLTBmZjYzN2FmMjFhODEtMCsGA1UECgwkZWEx
N2NmODMtNWEyNC00MjRmLThlM2EtMGVmOWU5NGJiNmEzMQowCAYDVQQFEwEzMIIB
IjANBgkqhkiG9w0BAQEFAAOCAQ8AMIIBCgKCAQEAk9qk4njGoJXuEnggnv14fsmF
cF+oRMbywEzzqXdLjNz22DoBBjcO3X0tuMkYsTyeE5aPN+ycXz3e1bVxy/vQ7XRO
nl0Us+t5iCooA3+MMefq6W+wt6buCn4ko68XSCVDF8E/MKgqvT2V8QYdsWLmSrCf
kYRhOcey9g8mWXutNKd1Y6QMWZyqQ8lJ1mywYSo78lJPFk/ma0EmSzA26HolypYf
IfjlUZ3iSEZp42US4iZ88BU9W0lI8ZVn2qxJcKrb1eU6Ls40XXv0/g/FZDHPvvTI
n2T3fyMW7DYs1i7TMEDWEkXJmmIlSAJ9gBkX6y29yPTv3WEKSWWH3PR0MG99fQID
AQABo3cwdTAOBgNVHQ8BAf8EBAMCAb4wUgYDVR0RBEswSYcECgEAWYJBZnYtYXox
MjgwLTg5MS41aW5lMWVsNW1ibWVkanhrZHc1Y2FseGVlZi5leC5pbnRlcm5hbC5j
bG91ZGFwcC5uZXQwDwYDVR0TAQH/BAUwAwEB/zANBgkqhkiG9w0BAQsFAAOCAQEA
DlaRQ8HBcNW7bkBAtKAAHCr0euEEyP9Yq81b4JyG3EaRF3Ur7ImEGd+pSe0jCowa
dRsxElGPRfqTVpYSHxr4VNtVjEZCxiTheJ9hixCaAijOxgujqMcQHFK99mjtUJhs
mRwx7lzKWCwtESk3eWL/r76nFHuzpGRAMQ33oOw1UNONc+7IAo/OQ6iDeKEs3qXV
+KV/fDXHg0EwFJmXyA9JGQKM9PlrAJraAXQA/mpmEGHutcJIxS2HDHVTkmhAJ0sd
LBqXgEASw7ELQZaAXT8TXFHFoudS9WmeYLglZjCykROVYCob3E3B0nIm1hqDll4c
81g5oSAGbxFSLdLrziAaUQ==
-----END CERTIFICATE-----

-----BEGIN CERTIFICATE-----
MIID+DCCAuCgAwIBAgIBATANBgkqhkiG9w0BAQsFADCBgjEWMBQGA1UEAwwNc2Nt
QGxvY2FsaG9zdDEtMCsGA1UECwwkZDYwOGNjYTctOGY2Yy00ODVmLWFmZDYtMmM3
ZTM1NThiYzllMS0wKwYDVQQKDCRlYTE3Y2Y4My01YTI0LTQyNGYtOGUzYS0wZWY5
ZTk0YmI2YTMxCjAIBgNVBAUTATEwHhcNMjUwNzA1MTU1MzQwWhcNMzAwODEzMTU1
MzQwWjCBgjEWMBQGA1UEAwwNc2NtQGxvY2FsaG9zdDEtMCsGA1UECwwkZDYwOGNj
YTctOGY2Yy00ODVmLWFmZDYtMmM3ZTM1NThiYzllMS0wKwYDVQQKDCRlYTE3Y2Y4
My01YTI0LTQyNGYtOGUzYS0wZWY5ZTk0YmI2YTMxCjAIBgNVBAUTATEwggEiMA0G
CSqGSIb3DQEBAQUAA4IBDwAwggEKAoIBAQDatei3N+kw7JbL1zCKuuMRj/z2bT0w
1oPD5H2JUwP4tHfe0laBCGJRS5NNdFLmWCA6mVEJ+wI5qOEGfekL9JHEkXiy2yjj
kF81uirr/+n87N5uQF7j3ATQZlSN5iIO05f4Mg8K8yWST32eQ571nT3qJCq6aTZJ
5xvsqB7CWjgEjj+fJYV053M+ma+ACYk078ACmt5g/DyxzsWDmBaTddoyYjXzmN4t
ydD7qwadpboi+C5MSbC0A119sAANeP9NOnwxdrfmPUdErFJVujzYxx1YoQwy19Jh
IWspc7N9Ef9hwDpFbe+ps1dxmiIRy9vt7brBhJOKIPu9YA+Lidn5lsw1AgMBAAGj
dzB1MA8GA1UdEwEB/wQFMAMBAf8wDgYDVR0PAQH/BAQDAgEGMFIGA1UdEQRLMEmH
BAoBAFmCQWZ2LWF6MTI4MC04OTEuNWluZTFlbDVtYm1lZGp4a2R3NWNhbHhlZWYu
ZXguaW50ZXJuYWwuY2xvdWRhcHAubmV0MA0GCSqGSIb3DQEBCwUAA4IBAQC/stst
JnbZIAbhSy8k51njgPW7WelXmNH819nGeQexvfR+pGFu41OHZ0O2DilgWAV/4CUN
0NjfZBJAlMAHRrHDZP0dnKKDtDGsRgakxLiqxsiBtAAlEMRd7+ruNMMScvnt0uz1
GBrnV2Bpz/URjA2RoCySEaKp0IxdT8XpQVoTrBxjUpKfsO1Ub5mx0dhwqHjS3Ff5
eVGQn4+EDjID2yh9Ijttx/+ZfJ5S3Jf2NAN9PvHeCAmvqT/yZ7CtuYtfqajyY2h6
5Y1ss7y/PzLp8h4LcnIInt1hLWj+rF9eg78OXZVp0B8gsqZqcRLI8hy+Jx136LEV
WMsNZW6+FhlwxqiJ
-----END CERTIFICATE-----

2025-07-05 15:53:58,169 [main] INFO  client.SCMCertificateClient (SCMCertificateClient.java:recoverStateIfNeeded(289)) - Successfully stored SCM signed certificate.
2025-07-05 15:53:58,171 [main] INFO  server.StorageContainerManager (StorageContainerManager.java:scmBootstrap(1202)) - SCM BootStrap  is successful for ClusterID ea17cf83-5a24-424f-8e3a-0ef9e94bb6a3, SCMID 2d344aaf-3adb-4590-a8db-0ff637af21a8
2025-07-05 15:53:58,171 [main] INFO  server.StorageContainerManager (StorageContainerManager.java:scmBootstrap(1204)) - Primary SCM Node ID d608cca7-8f6c-485f-afd6-2c7e3558bc9e
2025-07-05 15:53:58,171 [main] WARN  server.ServerUtils (ServerUtils.java:getScmDbDir(138)) - ozone.scm.db.dirs is not configured. We recommend adding this setting. Falling back to ozone.metadata.dirs instead.
2025-07-05 15:53:58,172 [main] INFO  ha.SCMHANodeDetails (SCMHANodeDetails.java:loadSCMHAConfig(162)) - ServiceID for StorageContainerManager is SecureSCM
2025-07-05 15:53:58,172 [main] INFO  ha.SCMHANodeDetails (SCMHANodeDetails.java:loadSCMHAConfig(172)) - ServiceID for StorageContainerManager is SecureSCM
2025-07-05 15:53:58,172 [main] WARN  scm.ScmUtils (ScmUtils.java:logWarn(162)) - ConfigKey ozone.scm.block.client.address is deprecated, For configuring different ports for each SCM use PortConfigKey ozone.scm.block.client.port appended with serviceId and nodeId. If want to configure same port configure ozone.scm.block.client.port
2025-07-05 15:53:58,172 [main] WARN  scm.ScmUtils (ScmUtils.java:logWarn(162)) - ConfigKey ozone.scm.client.address is deprecated, For configuring different ports for each SCM use PortConfigKey ozone.scm.client.port appended with serviceId and nodeId. If want to configure same port configure ozone.scm.client.port
2025-07-05 15:53:58,173 [main] WARN  scm.ScmUtils (ScmUtils.java:logWarn(162)) - ConfigKey ozone.scm.datanode.address is deprecated, For configuring different ports for each SCM use PortConfigKey ozone.scm.datanode.port appended with serviceId and nodeId. If want to configure same port configure ozone.scm.datanode.port
2025-07-05 15:53:58,173 [main] WARN  scm.ScmUtils (ScmUtils.java:logWarn(162)) - ConfigKey ozone.scm.block.client.address is deprecated, For configuring different ports for each SCM use PortConfigKey ozone.scm.block.client.port appended with serviceId and nodeId. If want to configure same port configure ozone.scm.block.client.port
2025-07-05 15:53:58,173 [main] WARN  scm.ScmUtils (ScmUtils.java:logWarn(162)) - ConfigKey ozone.scm.client.address is deprecated, For configuring different ports for each SCM use PortConfigKey ozone.scm.client.port appended with serviceId and nodeId. If want to configure same port configure ozone.scm.client.port
2025-07-05 15:53:58,173 [main] WARN  scm.ScmUtils (ScmUtils.java:logWarn(162)) - ConfigKey ozone.scm.datanode.address is deprecated, For configuring different ports for each SCM use PortConfigKey ozone.scm.datanode.port appended with serviceId and nodeId. If want to configure same port configure ozone.scm.datanode.port
2025-07-05 15:53:58,174 [main] INFO  ha.SCMHANodeDetails (SCMHANodeDetails.java:loadSCMHAConfig(259)) - Found matching SCM address with SCMServiceId: SecureSCM, SCMNodeId: scmNode-2, RPC Address: localhost:15011 and Ratis port: 15011
2025-07-05 15:53:58,174 [main] INFO  ha.SCMHANodeDetails (ConfUtils.java:setNodeSpecificConfigs(98)) - Setting configuration key ozone.scm.datanode.address with value of key ozone.scm.datanode.address.SecureSCM.scmNode-2: 127.0.0.1:15012
2025-07-05 15:53:58,174 [main] INFO  ha.SCMHANodeDetails (ConfUtils.java:setNodeSpecificConfigs(98)) - Setting configuration key ozone.scm.block.client.address with value of key ozone.scm.block.client.address.SecureSCM.scmNode-2: 127.0.0.1:15015
2025-07-05 15:53:58,174 [main] INFO  ha.SCMHANodeDetails (ConfUtils.java:setNodeSpecificConfigs(98)) - Setting configuration key ozone.scm.client.address with value of key ozone.scm.client.address.SecureSCM.scmNode-2: 127.0.0.1:15013
2025-07-05 15:53:58,174 [main] INFO  ha.SCMHANodeDetails (ConfUtils.java:setNodeSpecificConfigs(98)) - Setting configuration key ozone.scm.security.service.address with value of key ozone.scm.security.service.address.SecureSCM.scmNode-2: 127.0.0.1:15010
2025-07-05 15:53:58,174 [main] INFO  ha.SCMHANodeDetails (ConfUtils.java:setNodeSpecificConfigs(98)) - Setting configuration key ozone.scm.ratis.port with value of key ozone.scm.ratis.port.SecureSCM.scmNode-2: 15011
2025-07-05 15:53:58,174 [main] INFO  ha.SCMHANodeDetails (ConfUtils.java:setNodeSpecificConfigs(98)) - Setting configuration key ozone.scm.grpc.port with value of key ozone.scm.grpc.port.SecureSCM.scmNode-2: 15014
2025-07-05 15:53:58,174 [main] INFO  ha.SCMHANodeDetails (ConfUtils.java:setNodeSpecificConfigs(98)) - Setting configuration key ozone.scm.http-address with value of key ozone.scm.http-address.SecureSCM.scmNode-2: 127.0.0.1:15008
2025-07-05 15:53:58,175 [main] INFO  ha.SCMHANodeDetails (ConfUtils.java:setNodeSpecificConfigs(98)) - Setting configuration key ozone.scm.https-address with value of key ozone.scm.https-address.SecureSCM.scmNode-2: 127.0.0.1:15009
2025-07-05 15:53:58,175 [main] INFO  ha.SCMHANodeDetails (ConfUtils.java:setNodeSpecificConfigs(98)) - Setting configuration key ozone.scm.address with value of key ozone.scm.address.SecureSCM.scmNode-2: 127.0.0.1
2025-07-05 15:53:58,175 [main] WARN  scm.ScmUtils (ScmUtils.java:logWarn(162)) - ConfigKey ozone.scm.block.client.address is deprecated, For configuring different ports for each SCM use PortConfigKey ozone.scm.block.client.port appended with serviceId and nodeId. If want to configure same port configure ozone.scm.block.client.port
2025-07-05 15:53:58,175 [main] WARN  scm.ScmUtils (ScmUtils.java:logWarn(162)) - ConfigKey ozone.scm.client.address is deprecated, For configuring different ports for each SCM use PortConfigKey ozone.scm.client.port appended with serviceId and nodeId. If want to configure same port configure ozone.scm.client.port
2025-07-05 15:53:58,175 [main] WARN  scm.ScmUtils (ScmUtils.java:logWarn(162)) - ConfigKey ozone.scm.datanode.address is deprecated, For configuring different ports for each SCM use PortConfigKey ozone.scm.datanode.port appended with serviceId and nodeId. If want to configure same port configure ozone.scm.datanode.port
2025-07-05 15:53:58,177 [main] INFO  ha.SCMNodeInfo (SCMNodeInfo.java:getPort(197)) - ConfigKey ozone.scm.client.address is deprecated, For configuring different ports for each SCM use PortConfigKey ozone.scm.client.port appended with serviceId and nodeId
2025-07-05 15:53:58,178 [main] INFO  ha.SCMNodeInfo (SCMNodeInfo.java:getPort(197)) - ConfigKey ozone.scm.block.client.address is deprecated, For configuring different ports for each SCM use PortConfigKey ozone.scm.block.client.port appended with serviceId and nodeId
2025-07-05 15:53:58,178 [main] INFO  ha.SCMNodeInfo (SCMNodeInfo.java:getPort(197)) - ConfigKey ozone.scm.security.service.address is deprecated, For configuring different ports for each SCM use PortConfigKey ozone.scm.security.service.port appended with serviceId and nodeId
2025-07-05 15:53:58,178 [main] INFO  ha.SCMNodeInfo (SCMNodeInfo.java:getPort(197)) - ConfigKey ozone.scm.datanode.address is deprecated, For configuring different ports for each SCM use PortConfigKey ozone.scm.datanode.port appended with serviceId and nodeId
2025-07-05 15:53:58,178 [main] INFO  ha.SCMNodeInfo (SCMNodeInfo.java:getPort(197)) - ConfigKey ozone.scm.client.address is deprecated, For configuring different ports for each SCM use PortConfigKey ozone.scm.client.port appended with serviceId and nodeId
2025-07-05 15:53:58,178 [main] INFO  ha.SCMNodeInfo (SCMNodeInfo.java:getPort(197)) - ConfigKey ozone.scm.block.client.address is deprecated, For configuring different ports for each SCM use PortConfigKey ozone.scm.block.client.port appended with serviceId and nodeId
2025-07-05 15:53:58,178 [main] INFO  ha.SCMNodeInfo (SCMNodeInfo.java:getPort(197)) - ConfigKey ozone.scm.security.service.address is deprecated, For configuring different ports for each SCM use PortConfigKey ozone.scm.security.service.port appended with serviceId and nodeId
2025-07-05 15:53:58,179 [main] INFO  ha.SCMNodeInfo (SCMNodeInfo.java:getPort(197)) - ConfigKey ozone.scm.datanode.address is deprecated, For configuring different ports for each SCM use PortConfigKey ozone.scm.datanode.port appended with serviceId and nodeId
2025-07-05 15:53:58,179 [main] INFO  ha.SCMNodeInfo (SCMNodeInfo.java:getPort(197)) - ConfigKey ozone.scm.client.address is deprecated, For configuring different ports for each SCM use PortConfigKey ozone.scm.client.port appended with serviceId and nodeId
2025-07-05 15:53:58,179 [main] INFO  ha.SCMNodeInfo (SCMNodeInfo.java:getPort(197)) - ConfigKey ozone.scm.block.client.address is deprecated, For configuring different ports for each SCM use PortConfigKey ozone.scm.block.client.port appended with serviceId and nodeId
2025-07-05 15:53:58,179 [main] INFO  ha.SCMNodeInfo (SCMNodeInfo.java:getPort(197)) - ConfigKey ozone.scm.security.service.address is deprecated, For configuring different ports for each SCM use PortConfigKey ozone.scm.security.service.port appended with serviceId and nodeId
2025-07-05 15:53:58,179 [main] INFO  ha.SCMNodeInfo (SCMNodeInfo.java:getPort(197)) - ConfigKey ozone.scm.datanode.address is deprecated, For configuring different ports for each SCM use PortConfigKey ozone.scm.datanode.port appended with serviceId and nodeId
2025-07-05 15:53:58,182 [pool-2-thread-2] INFO  request.KdcRequest (KdcRequest.java:preauth(683)) - The preauth data is empty.
2025-07-05 15:53:58,182 [pool-2-thread-2] INFO  server.KdcHandler (KdcHandler.java:handleRecoverableException(177)) - KRB error occurred while processing request: Additional pre-authentication required
2025-07-05 15:53:58,193 [pool-2-thread-2] INFO  request.AsRequest (AsRequest.java:issueTicket(112)) - AS_REQ ISSUE: authtime 1751730838192,scm/localhost@EXAMPLE.COM for krbtgt/EXAMPLE.COM@EXAMPLE.COM
2025-07-05 15:53:58,196 [main] INFO  security.UserGroupInformation (UserGroupInformation.java:loginUserFromKeytab(1143)) - Login successful for user scm/localhost@EXAMPLE.COM using keytab file scm.keytab. Keytab auto renewal enabled : false
2025-07-05 15:53:58,196 [main] INFO  server.StorageContainerManager (StorageContainerManager.java:loginAsSCMUserIfSecurityEnabled(1068)) - SCM login successful.
2025-07-05 15:53:58,198 [main] INFO  ha.SCMNodeInfo (SCMNodeInfo.java:getPort(197)) - ConfigKey ozone.scm.client.address is deprecated, For configuring different ports for each SCM use PortConfigKey ozone.scm.client.port appended with serviceId and nodeId
2025-07-05 15:53:58,199 [main] INFO  ha.SCMNodeInfo (SCMNodeInfo.java:getPort(197)) - ConfigKey ozone.scm.block.client.address is deprecated, For configuring different ports for each SCM use PortConfigKey ozone.scm.block.client.port appended with serviceId and nodeId
2025-07-05 15:53:58,199 [main] INFO  ha.SCMNodeInfo (SCMNodeInfo.java:getPort(197)) - ConfigKey ozone.scm.security.service.address is deprecated, For configuring different ports for each SCM use PortConfigKey ozone.scm.security.service.port appended with serviceId and nodeId
2025-07-05 15:53:58,199 [main] INFO  ha.SCMNodeInfo (SCMNodeInfo.java:getPort(197)) - ConfigKey ozone.scm.datanode.address is deprecated, For configuring different ports for each SCM use PortConfigKey ozone.scm.datanode.port appended with serviceId and nodeId
2025-07-05 15:53:58,199 [main] INFO  ha.SCMNodeInfo (SCMNodeInfo.java:getPort(197)) - ConfigKey ozone.scm.client.address is deprecated, For configuring different ports for each SCM use PortConfigKey ozone.scm.client.port appended with serviceId and nodeId
2025-07-05 15:53:58,199 [main] INFO  ha.SCMNodeInfo (SCMNodeInfo.java:getPort(197)) - ConfigKey ozone.scm.block.client.address is deprecated, For configuring different ports for each SCM use PortConfigKey ozone.scm.block.client.port appended with serviceId and nodeId
2025-07-05 15:53:58,199 [main] INFO  ha.SCMNodeInfo (SCMNodeInfo.java:getPort(197)) - ConfigKey ozone.scm.security.service.address is deprecated, For configuring different ports for each SCM use PortConfigKey ozone.scm.security.service.port appended with serviceId and nodeId
2025-07-05 15:53:58,199 [main] INFO  ha.SCMNodeInfo (SCMNodeInfo.java:getPort(197)) - ConfigKey ozone.scm.datanode.address is deprecated, For configuring different ports for each SCM use PortConfigKey ozone.scm.datanode.port appended with serviceId and nodeId
2025-07-05 15:53:58,199 [main] INFO  ha.SCMNodeInfo (SCMNodeInfo.java:getPort(197)) - ConfigKey ozone.scm.client.address is deprecated, For configuring different ports for each SCM use PortConfigKey ozone.scm.client.port appended with serviceId and nodeId
2025-07-05 15:53:58,199 [main] INFO  ha.SCMNodeInfo (SCMNodeInfo.java:getPort(197)) - ConfigKey ozone.scm.block.client.address is deprecated, For configuring different ports for each SCM use PortConfigKey ozone.scm.block.client.port appended with serviceId and nodeId
2025-07-05 15:53:58,200 [main] INFO  ha.SCMNodeInfo (SCMNodeInfo.java:getPort(197)) - ConfigKey ozone.scm.security.service.address is deprecated, For configuring different ports for each SCM use PortConfigKey ozone.scm.security.service.port appended with serviceId and nodeId
2025-07-05 15:53:58,200 [main] INFO  ha.SCMNodeInfo (SCMNodeInfo.java:getPort(197)) - ConfigKey ozone.scm.datanode.address is deprecated, For configuring different ports for each SCM use PortConfigKey ozone.scm.datanode.port appended with serviceId and nodeId
2025-07-05 15:53:58,200 [main] INFO  proxy.SCMSecurityProtocolFailoverProxyProvider (SCMFailoverProxyProviderBase.java:<init>(120)) - Created fail-over proxy for protocol SCMSecurityProtocolPB with 3 nodes: [nodeId=scmNode-2,nodeAddress=/127.0.0.1:15010, nodeId=scmNode-3,nodeAddress=/127.0.0.1:15018, nodeId=scmNode-1,nodeAddress=/127.0.0.1:15002]
2025-07-05 15:53:58,200 [main] INFO  ha.SCMNodeInfo (SCMNodeInfo.java:getPort(197)) - ConfigKey ozone.scm.client.address is deprecated, For configuring different ports for each SCM use PortConfigKey ozone.scm.client.port appended with serviceId and nodeId
2025-07-05 15:53:58,201 [main] INFO  ha.SCMNodeInfo (SCMNodeInfo.java:getPort(197)) - ConfigKey ozone.scm.block.client.address is deprecated, For configuring different ports for each SCM use PortConfigKey ozone.scm.block.client.port appended with serviceId and nodeId
2025-07-05 15:53:58,201 [main] INFO  ha.SCMNodeInfo (SCMNodeInfo.java:getPort(197)) - ConfigKey ozone.scm.security.service.address is deprecated, For configuring different ports for each SCM use PortConfigKey ozone.scm.security.service.port appended with serviceId and nodeId
2025-07-05 15:53:58,201 [main] INFO  ha.SCMNodeInfo (SCMNodeInfo.java:getPort(197)) - ConfigKey ozone.scm.datanode.address is deprecated, For configuring different ports for each SCM use PortConfigKey ozone.scm.datanode.port appended with serviceId and nodeId
2025-07-05 15:53:58,201 [main] INFO  ha.SCMNodeInfo (SCMNodeInfo.java:getPort(197)) - ConfigKey ozone.scm.client.address is deprecated, For configuring different ports for each SCM use PortConfigKey ozone.scm.client.port appended with serviceId and nodeId
2025-07-05 15:53:58,201 [main] INFO  ha.SCMNodeInfo (SCMNodeInfo.java:getPort(197)) - ConfigKey ozone.scm.block.client.address is deprecated, For configuring different ports for each SCM use PortConfigKey ozone.scm.block.client.port appended with serviceId and nodeId
2025-07-05 15:53:58,201 [main] INFO  ha.SCMNodeInfo (SCMNodeInfo.java:getPort(197)) - ConfigKey ozone.scm.security.service.address is deprecated, For configuring different ports for each SCM use PortConfigKey ozone.scm.security.service.port appended with serviceId and nodeId
2025-07-05 15:53:58,201 [main] INFO  ha.SCMNodeInfo (SCMNodeInfo.java:getPort(197)) - ConfigKey ozone.scm.datanode.address is deprecated, For configuring different ports for each SCM use PortConfigKey ozone.scm.datanode.port appended with serviceId and nodeId
2025-07-05 15:53:58,201 [main] INFO  ha.SCMNodeInfo (SCMNodeInfo.java:getPort(197)) - ConfigKey ozone.scm.client.address is deprecated, For configuring different ports for each SCM use PortConfigKey ozone.scm.client.port appended with serviceId and nodeId
2025-07-05 15:53:58,201 [main] INFO  ha.SCMNodeInfo (SCMNodeInfo.java:getPort(197)) - ConfigKey ozone.scm.block.client.address is deprecated, For configuring different ports for each SCM use PortConfigKey ozone.scm.block.client.port appended with serviceId and nodeId
2025-07-05 15:53:58,202 [main] INFO  ha.SCMNodeInfo (SCMNodeInfo.java:getPort(197)) - ConfigKey ozone.scm.security.service.address is deprecated, For configuring different ports for each SCM use PortConfigKey ozone.scm.security.service.port appended with serviceId and nodeId
2025-07-05 15:53:58,202 [main] INFO  ha.SCMNodeInfo (SCMNodeInfo.java:getPort(197)) - ConfigKey ozone.scm.datanode.address is deprecated, For configuring different ports for each SCM use PortConfigKey ozone.scm.datanode.port appended with serviceId and nodeId
2025-07-05 15:53:58,202 [main] INFO  client.SCMCertificateClient (DefaultCertificateClient.java:updateCertSerialId(1289)) - Certificate serial ID set to 3
2025-07-05 15:53:58,204 [main] INFO  client.SCMCertificateClient (DefaultCertificateClient.java:readCertificateFile(247)) - Added certificate 1 from file: /home/runner/work/ozone/ozone/hadoop-ozone/integration-test/target/test-dir/MiniOzoneClusterImpl-ea17cf83-5a24-424f-8e3a-0ef9e94bb6a3/scmNode-2/scm/sub-ca/certs/CA-1.crt.
2025-07-05 15:53:58,205 [main] INFO  client.SCMCertificateClient (DefaultCertificateClient.java:readCertificateFile(247)) - Added certificate 3 from file: /home/runner/work/ozone/ozone/hadoop-ozone/integration-test/target/test-dir/MiniOzoneClusterImpl-ea17cf83-5a24-424f-8e3a-0ef9e94bb6a3/scmNode-2/scm/sub-ca/certs/3.crt.
2025-07-05 15:53:58,206 [main] INFO  client.SCMCertificateClient (DefaultCertificateClient.java:readCertificateFile(247)) - Added certificate 3 from file: /home/runner/work/ozone/ozone/hadoop-ozone/integration-test/target/test-dir/MiniOzoneClusterImpl-ea17cf83-5a24-424f-8e3a-0ef9e94bb6a3/scmNode-2/scm/sub-ca/certs/certificate.crt.
2025-07-05 15:53:58,207 [main] INFO  client.SCMCertificateClient (DefaultCertificateClient.java:loadAllCertificates(196)) - CertificateRenewerService and root ca rotation polling is disabled for scm/sub-ca
2025-07-05 15:53:58,207 [main] WARN  utils.HAUtils (HAUtils.java:getMetaDir(311)) - ozone.scm.db.dirs is not configured. We recommend adding this setting. Falling back to ozone.metadata.dirs instead.
2025-07-05 15:53:58,208 [main] WARN  db.DBStoreBuilder (DBStoreBuilder.java:getDBDirPath(158)) - ozone.scm.db.dirs is not configured. We recommend adding this setting. Falling back to ozone.metadata.dirs instead.
2025-07-05 15:53:58,272 [main] INFO  net.NodeSchemaLoader (NodeSchemaLoader.java:loadSchemaFromFile(128)) - Loading schema from [jar:file:/home/runner/work/ozone/ozone/hadoop-hdds/common/target/hdds-common-2.1.0-SNAPSHOT.jar!/network-topology-default.xml]
2025-07-05 15:53:58,272 [main] INFO  net.NodeSchemaLoader (NodeSchemaLoader.java:loadSchema(175)) - Loading network topology layer schema file
2025-07-05 15:53:58,275 [main] WARN  dropwizard3.Dm3MetricRegistriesImpl (Dm3MetricRegistriesImpl.java:addReporterRegistration(114)) - New reporters are added after registries were created. Some metrics will be missing from the reporter. Please add reporter before adding any new registry.
2025-07-05 15:53:58,275 [main] WARN  dropwizard3.Dm3MetricRegistriesImpl (Dm3MetricRegistriesImpl.java:addReporterRegistration(114)) - New reporters are added after registries were created. Some metrics will be missing from the reporter. Please add reporter before adding any new registry.
2025-07-05 15:53:58,299 [main] INFO  ha.SCMRatisServerImpl (SCMRatisServerImpl.java:<init>(100)) - starting Raft server for scm:2d344aaf-3adb-4590-a8db-0ff637af21a8
2025-07-05 15:53:58,300 [main] INFO  server.RaftServerConfigKeys (ConfUtils.java:logGet(62)) - raft.server.log.appender.buffer.byte-limit = 4194304 (custom)
2025-07-05 15:53:58,303 [main] INFO  grpc.GrpcConfigKeys (ConfUtils.java:logFallback(69)) - raft.grpc.admin.host = null (fallback to raft.grpc.server.host)
2025-07-05 15:53:58,303 [main] INFO  grpc.GrpcConfigKeys (ConfUtils.java:logFallback(69)) - raft.grpc.admin.port = 15011 (fallback to raft.grpc.server.port)
2025-07-05 15:53:58,304 [main] INFO  grpc.GrpcConfigKeys (ConfUtils.java:logFallback(69)) - raft.grpc.client.host = null (fallback to raft.grpc.server.host)
2025-07-05 15:53:58,304 [main] INFO  grpc.GrpcConfigKeys (ConfUtils.java:logFallback(69)) - raft.grpc.client.port = 15011 (fallback to raft.grpc.server.port)
2025-07-05 15:53:58,304 [main] INFO  grpc.GrpcConfigKeys (ConfUtils.java:logGet(62)) - raft.grpc.server.port = 15011 (custom)
2025-07-05 15:53:58,304 [main] INFO  server.GrpcServicesImpl (ConfUtils.java:logGet(62)) - raft.grpc.message.size.max = 5242880 (custom)
2025-07-05 15:53:58,304 [main] INFO  server.RaftServerConfigKeys (ConfUtils.java:logGet(62)) - raft.server.log.appender.buffer.byte-limit = 4194304 (custom)
2025-07-05 15:53:58,305 [main] INFO  server.RaftServerConfigKeys (ConfUtils.java:logGet(62)) - raft.server.storage.dir = [/home/runner/work/ozone/ozone/hadoop-ozone/integration-test/target/test-dir/MiniOzoneClusterImpl-ea17cf83-5a24-424f-8e3a-0ef9e94bb6a3/scmNode-2/scm-ha] (custom)
2025-07-05 15:53:58,306 [main] INFO  server.RaftServer (RaftServerProxy.java:addNew(105)) - 2d344aaf-3adb-4590-a8db-0ff637af21a8: addNew group-0EF9E94BB6A3:[] returns group-0EF9E94BB6A3:java.util.concurrent.CompletableFuture@1098c1b1[Not completed]
2025-07-05 15:53:58,307 [2d344aaf-3adb-4590-a8db-0ff637af21a8-groupManagement] INFO  server.RaftServer$Division (RaftServerImpl.java:<init>(268)) - 2d344aaf-3adb-4590-a8db-0ff637af21a8: new RaftServerImpl for group-0EF9E94BB6A3:[] with SCMStateMachine:uninitialized
2025-07-05 15:53:58,307 [2d344aaf-3adb-4590-a8db-0ff637af21a8-groupManagement] INFO  server.RaftServer$Division (ServerState.java:<init>(114)) - 2d344aaf-3adb-4590-a8db-0ff637af21a8@group-0EF9E94BB6A3: ConfigurationManager, init=conf: {index: -1, cur=peers:[]|listeners:[], old=null}, confs=<EMPTY_MAP>
2025-07-05 15:53:58,315 [main] INFO  ha.SCMSnapshotProvider (SCMSnapshotProvider.java:<init>(61)) - Initializing SCM Snapshot Provider
2025-07-05 15:53:58,316 [main] WARN  server.ServerUtils (ServerUtils.java:getDefaultRatisDirectory(304)) - Storage directory for Ratis is not configured. It is a good idea to map this to an SSD disk. Falling back to ozone.metadata.dirs
2025-07-05 15:53:58,316 [main] WARN  ha.SCMHAUtils (SCMHAUtils.java:getSCMRatisSnapshotDirectory(120)) - SCM snapshot dir is not configured. Falling back to ozone.metadata.dirs config
2025-07-05 15:53:58,318 [main] INFO  upgrade.AbstractLayoutVersionManager (AbstractLayoutVersionManager.java:init(80)) - Initializing Layout version manager with metadata layout = HBASE_SUPPORT (version = 8), software layout = HBASE_SUPPORT (version = 8)
2025-07-05 15:53:58,320 [main] INFO  ha.SequenceIdGenerator (SequenceIdGenerator.java:upgradeToSequenceId(353)) - upgrade localId to 115816896921600000
2025-07-05 15:53:58,321 [main] INFO  ha.SequenceIdGenerator (SequenceIdGenerator.java:upgradeToSequenceId(363)) - upgrade delTxnId to 0
2025-07-05 15:53:58,322 [main] INFO  ha.SequenceIdGenerator (SequenceIdGenerator.java:upgradeToSequenceId(379)) - upgrade containerId to 0
2025-07-05 15:53:58,323 [main] INFO  ha.SequenceIdGenerator (SequenceIdGenerator.java:upgradeToCertificateSequenceId(414)) - upgrade CertificateId to 2
2025-07-05 15:53:58,324 [main] INFO  ha.SequenceIdGenerator (SequenceIdGenerator.java:<init>(231)) - Init the HA SequenceIdGenerator.
2025-07-05 15:53:58,325 [main] INFO  node.SCMNodeManager (SCMNodeManager.java:<init>(180)) - Entering startup safe mode.
2025-07-05 15:53:58,326 [main] INFO  algorithms.ContainerPlacementPolicyFactory (ContainerPlacementPolicyFactory.java:getPolicyInternal(83)) - Create container placement policy of type org.apache.hadoop.hdds.scm.container.placement.algorithms.SCMContainerPlacementRackAware
2025-07-05 15:53:58,326 [main] INFO  algorithms.ContainerPlacementPolicyFactory (ContainerPlacementPolicyFactory.java:getPolicyInternal(83)) - Create container placement policy of type org.apache.hadoop.hdds.scm.container.placement.algorithms.SCMContainerPlacementRackScatter
2025-07-05 15:53:58,327 [main] INFO  pipeline.PipelineStateManagerImpl (PipelineStateManagerImpl.java:initialize(75)) - No pipeline exists in current db
2025-07-05 15:53:58,327 [main] INFO  algorithms.LeaderChoosePolicyFactory (LeaderChoosePolicyFactory.java:getPolicy(55)) - Create leader choose policy of type org.apache.hadoop.hdds.scm.pipeline.leader.choose.algorithms.MinLeaderCountChoosePolicy
2025-07-05 15:53:58,327 [main] INFO  algorithms.ContainerPlacementPolicyFactory (ContainerPlacementPolicyFactory.java:getPolicyInternal(83)) - Create container placement policy of type org.apache.hadoop.hdds.scm.container.placement.algorithms.SCMContainerPlacementRackScatter
2025-07-05 15:53:58,328 [main] INFO  ha.SCMServiceManager (SCMServiceManager.java:register(42)) - Registering service BackgroundPipelineCreator.
2025-07-05 15:53:58,328 [main] INFO  pipeline.BackgroundPipelineCreator (BackgroundPipelineCreator.java:start(126)) - Starting scmNode-2-RatisPipelineUtilsThread.
2025-07-05 15:53:58,329 [main] INFO  BackgroundPipelineScrubber (BackgroundSCMService.java:start(64)) - Starting BackgroundPipelineScrubber Service.
2025-07-05 15:53:58,329 [main] INFO  ha.SCMServiceManager (SCMServiceManager.java:register(42)) - Registering service BackgroundPipelineScrubber.
2025-07-05 15:53:58,329 [main] INFO  ExpiredContainerReplicaOpScrubber (BackgroundSCMService.java:start(64)) - Starting ExpiredContainerReplicaOpScrubber Service.
2025-07-05 15:53:58,330 [main] INFO  ha.SCMServiceManager (SCMServiceManager.java:register(42)) - Registering service ExpiredContainerReplicaOpScrubber.
2025-07-05 15:53:58,331 [main] INFO  algorithms.PipelineChoosePolicyFactory (PipelineChoosePolicyFactory.java:createPipelineChoosePolicyFromClass(78)) - Create pipeline choose policy of type org.apache.hadoop.hdds.scm.pipeline.choose.algorithms.RandomPipelineChoosePolicy
2025-07-05 15:53:58,331 [main] INFO  algorithms.PipelineChoosePolicyFactory (PipelineChoosePolicyFactory.java:createPipelineChoosePolicyFromClass(78)) - Create pipeline choose policy of type org.apache.hadoop.hdds.scm.pipeline.choose.algorithms.RandomPipelineChoosePolicy
2025-07-05 15:53:58,333 [main] WARN  statemachine.DatanodeConfiguration (DatanodeConfiguration.java:validateMinFreeSpace(751)) - hdds.datanode.volume.min.free.space.percent = -1.0 is invalid, should be between 0 and 1
2025-07-05 15:53:58,333 [main] INFO  ha.SCMServiceManager (SCMServiceManager.java:register(42)) - Registering service SCMBlockDeletingService.
2025-07-05 15:53:58,334 [main] INFO  replication.ReplicationManager (ReplicationManager.java:start(285)) - Starting Replication Monitor Thread.
2025-07-05 15:53:58,335 [main] INFO  ha.SCMServiceManager (SCMServiceManager.java:register(42)) - Registering service ReplicationManager.
2025-07-05 15:53:58,336 [main] INFO  safemode.RatisContainerSafeModeRule (RatisContainerSafeModeRule.java:initializeRule(160)) - Refreshed Containers with one replica threshold count 0.
2025-07-05 15:53:58,337 [main] INFO  safemode.ECContainerSafeModeRule (ECContainerSafeModeRule.java:initializeRule(205)) - Refreshed Containers with ec n replica threshold count 0.
2025-07-05 15:53:58,339 [main] INFO  safemode.HealthyPipelineSafeModeRule (HealthyPipelineSafeModeRule.java:initializeRule(232)) - Total pipeline count is 0, healthy pipeline threshold count is 1
2025-07-05 15:53:58,340 [main] INFO  safemode.OneReplicaPipelineSafeModeRule (OneReplicaPipelineSafeModeRule.java:initializeRule(190)) - Total pipeline count is 0, pipeline's with at least one datanode reported threshold count is 0
2025-07-05 15:53:58,342 [main] INFO  security.SecretKeyManagerService (SecretKeyManagerService.java:start(143)) - Scheduling rotation checker with interval PT8M20S
2025-07-05 15:53:58,342 [main] INFO  ha.SCMServiceManager (SCMServiceManager.java:register(42)) - Registering service SecretKeyManagerService.
2025-07-05 15:53:58,343 [main] INFO  keys.KeyStorage (KeyStorage.java:readPublicKey(174)) - Reading public key from /home/runner/work/ozone/ozone/hadoop-ozone/integration-test/target/test-dir/MiniOzoneClusterImpl-ea17cf83-5a24-424f-8e3a-0ef9e94bb6a3/scmNode-2/scm/sub-ca/keys/public.pem.
2025-07-05 15:53:58,343 [main] INFO  keys.KeyStorage (KeyStorage.java:readPrivateKey(158)) - Reading private key from /home/runner/work/ozone/ozone/hadoop-ozone/integration-test/target/test-dir/MiniOzoneClusterImpl-ea17cf83-5a24-424f-8e3a-0ef9e94bb6a3/scmNode-2/scm/sub-ca/keys/private.pem.
2025-07-05 15:53:58,344 [main] INFO  authority.DefaultCAServer (DefaultCAServer.java:lambda$processVerificationStatus$0(392)) - CertificateServer validation is successful
2025-07-05 15:53:58,344 [main] INFO  ipc.CallQueueManager (CallQueueManager.java:<init>(93)) - Using callQueue: class java.util.concurrent.LinkedBlockingQueue, queueCapacity: 200, scheduler: class org.apache.hadoop.ipc.DefaultRpcScheduler, ipcBackoff: false, ipcFailOver: false.
2025-07-05 15:53:58,345 [main] INFO  ipc.Server (Server.java:<init>(1438)) - Listener at 0.0.0.0:15010
2025-07-05 15:53:58,345 [Socket Reader #1 for port 15010] INFO  ipc.Server (Server.java:run(1474)) - Starting Socket Reader #1 for port 15010
2025-07-05 15:53:58,348 [main] INFO  server.StorageContainerManager (StorageContainerManager.java:<init>(433)) - SCM start with adminUsers: [runner, scm]
2025-07-05 15:53:58,348 [main] INFO  ipc.CallQueueManager (CallQueueManager.java:<init>(93)) - Using callQueue: class java.util.concurrent.LinkedBlockingQueue, queueCapacity: 10000, scheduler: class org.apache.hadoop.ipc.DefaultRpcScheduler, ipcBackoff: false, ipcFailOver: false.
2025-07-05 15:53:58,349 [main] INFO  ipc.Server (Server.java:<init>(1438)) - Listener at 0.0.0.0:15012
2025-07-05 15:53:58,350 [Socket Reader #2 for port 15012] INFO  ipc.Server (Server.java:run(1474)) - Starting Socket Reader #2 for port 15012
2025-07-05 15:53:58,351 [Socket Reader #1 for port 15012] INFO  ipc.Server (Server.java:run(1474)) - Starting Socket Reader #1 for port 15012
2025-07-05 15:53:58,351 [Socket Reader #3 for port 15012] INFO  ipc.Server (Server.java:run(1474)) - Starting Socket Reader #3 for port 15012
2025-07-05 15:53:58,351 [Socket Reader #4 for port 15012] INFO  ipc.Server (Server.java:run(1474)) - Starting Socket Reader #4 for port 15012
2025-07-05 15:53:58,352 [Socket Reader #5 for port 15012] INFO  ipc.Server (Server.java:run(1474)) - Starting Socket Reader #5 for port 15012
2025-07-05 15:53:58,352 [Socket Reader #6 for port 15012] INFO  ipc.Server (Server.java:run(1474)) - Starting Socket Reader #6 for port 15012
2025-07-05 15:53:58,352 [Socket Reader #7 for port 15012] INFO  ipc.Server (Server.java:run(1474)) - Starting Socket Reader #7 for port 15012
2025-07-05 15:53:58,353 [Socket Reader #8 for port 15012] INFO  ipc.Server (Server.java:run(1474)) - Starting Socket Reader #8 for port 15012
2025-07-05 15:53:58,353 [Socket Reader #9 for port 15012] INFO  ipc.Server (Server.java:run(1474)) - Starting Socket Reader #9 for port 15012
2025-07-05 15:53:58,354 [Socket Reader #10 for port 15012] INFO  ipc.Server (Server.java:run(1474)) - Starting Socket Reader #10 for port 15012
2025-07-05 15:53:58,356 [main] INFO  ipc.CallQueueManager (CallQueueManager.java:<init>(93)) - Using callQueue: class java.util.concurrent.LinkedBlockingQueue, queueCapacity: 10000, scheduler: class org.apache.hadoop.ipc.DefaultRpcScheduler, ipcBackoff: false, ipcFailOver: false.
2025-07-05 15:53:58,357 [main] INFO  ipc.Server (Server.java:<init>(1438)) - Listener at 0.0.0.0:15015
2025-07-05 15:53:58,357 [Socket Reader #2 for port 15015] INFO  ipc.Server (Server.java:run(1474)) - Starting Socket Reader #2 for port 15015
2025-07-05 15:53:58,357 [Socket Reader #1 for port 15015] INFO  ipc.Server (Server.java:run(1474)) - Starting Socket Reader #1 for port 15015
2025-07-05 15:53:58,358 [Socket Reader #3 for port 15015] INFO  ipc.Server (Server.java:run(1474)) - Starting Socket Reader #3 for port 15015
2025-07-05 15:53:58,358 [Socket Reader #4 for port 15015] INFO  ipc.Server (Server.java:run(1474)) - Starting Socket Reader #4 for port 15015
2025-07-05 15:53:58,359 [Socket Reader #5 for port 15015] INFO  ipc.Server (Server.java:run(1474)) - Starting Socket Reader #5 for port 15015
2025-07-05 15:53:58,359 [Socket Reader #6 for port 15015] INFO  ipc.Server (Server.java:run(1474)) - Starting Socket Reader #6 for port 15015
2025-07-05 15:53:58,359 [Socket Reader #7 for port 15015] INFO  ipc.Server (Server.java:run(1474)) - Starting Socket Reader #7 for port 15015
2025-07-05 15:53:58,359 [Socket Reader #8 for port 15015] INFO  ipc.Server (Server.java:run(1474)) - Starting Socket Reader #8 for port 15015
2025-07-05 15:53:58,361 [Socket Reader #9 for port 15015] INFO  ipc.Server (Server.java:run(1474)) - Starting Socket Reader #9 for port 15015
2025-07-05 15:53:58,361 [Socket Reader #10 for port 15015] INFO  ipc.Server (Server.java:run(1474)) - Starting Socket Reader #10 for port 15015
2025-07-05 15:53:58,363 [main] INFO  ipc.CallQueueManager (CallQueueManager.java:<init>(93)) - Using callQueue: class java.util.concurrent.LinkedBlockingQueue, queueCapacity: 10000, scheduler: class org.apache.hadoop.ipc.DefaultRpcScheduler, ipcBackoff: false, ipcFailOver: false.
2025-07-05 15:53:58,364 [main] INFO  ipc.Server (Server.java:<init>(1438)) - Listener at 0.0.0.0:15013
2025-07-05 15:53:58,365 [Socket Reader #1 for port 15013] INFO  ipc.Server (Server.java:run(1474)) - Starting Socket Reader #1 for port 15013
2025-07-05 15:53:58,366 [Socket Reader #3 for port 15013] INFO  ipc.Server (Server.java:run(1474)) - Starting Socket Reader #3 for port 15013
2025-07-05 15:53:58,366 [Socket Reader #2 for port 15013] INFO  ipc.Server (Server.java:run(1474)) - Starting Socket Reader #2 for port 15013
2025-07-05 15:53:58,366 [Socket Reader #4 for port 15013] INFO  ipc.Server (Server.java:run(1474)) - Starting Socket Reader #4 for port 15013
2025-07-05 15:53:58,367 [Socket Reader #5 for port 15013] INFO  ipc.Server (Server.java:run(1474)) - Starting Socket Reader #5 for port 15013
2025-07-05 15:53:58,367 [Socket Reader #6 for port 15013] INFO  ipc.Server (Server.java:run(1474)) - Starting Socket Reader #6 for port 15013
2025-07-05 15:53:58,367 [Socket Reader #7 for port 15013] INFO  ipc.Server (Server.java:run(1474)) - Starting Socket Reader #7 for port 15013
2025-07-05 15:53:58,368 [Socket Reader #8 for port 15013] INFO  ipc.Server (Server.java:run(1474)) - Starting Socket Reader #8 for port 15013
2025-07-05 15:53:58,368 [Socket Reader #9 for port 15013] INFO  ipc.Server (Server.java:run(1474)) - Starting Socket Reader #9 for port 15013
2025-07-05 15:53:58,368 [Socket Reader #10 for port 15013] INFO  ipc.Server (Server.java:run(1474)) - Starting Socket Reader #10 for port 15013
2025-07-05 15:53:58,380 [main] INFO  ha.SCMServiceManager (SCMServiceManager.java:register(42)) - Registering service ContainerBalancer.
2025-07-05 15:53:58,380 [main] INFO  ha.SCMContext (SCMContext.java:updateSafeModeStatus(224)) - Update SafeModeStatus from SafeModeStatus{safeModeStatus=true, preCheckPassed=false} to SafeModeStatus{safeModeStatus=true, preCheckPassed=false}.
2025-07-05 15:53:58,381 [main] INFO  server.StorageContainerManager (StorageContainerManager.java:start(1513)) - StorageContainerLocationProtocol RPC server is listening at /0.0.0.0:15013
2025-07-05 15:53:58,382 [main] INFO  ha.SCMRatisServerImpl (SCMRatisServerImpl.java:start(203)) - starting ratis server 0.0.0.0:15011
2025-07-05 15:53:58,382 [2d344aaf-3adb-4590-a8db-0ff637af21a8-impl-thread1] INFO  storage.RaftStorageDirectory (RaftStorageDirectoryImpl.java:analyzeStorage(138)) - The storage directory /home/runner/work/ozone/ozone/hadoop-ozone/integration-test/target/test-dir/MiniOzoneClusterImpl-ea17cf83-5a24-424f-8e3a-0ef9e94bb6a3/scmNode-2/scm-ha/ea17cf83-5a24-424f-8e3a-0ef9e94bb6a3 does not exist. Creating ...
2025-07-05 15:53:58,384 [2d344aaf-3adb-4590-a8db-0ff637af21a8-impl-thread1] INFO  storage.RaftStorageDirectory (RaftStorageDirectoryImpl.java:tryLock(229)) - Lock on /home/runner/work/ozone/ozone/hadoop-ozone/integration-test/target/test-dir/MiniOzoneClusterImpl-ea17cf83-5a24-424f-8e3a-0ef9e94bb6a3/scmNode-2/scm-ha/ea17cf83-5a24-424f-8e3a-0ef9e94bb6a3/in_use.lock acquired by nodename 59929@localhost
2025-07-05 15:53:58,385 [2d344aaf-3adb-4590-a8db-0ff637af21a8-impl-thread1] INFO  storage.RaftStorage (RaftStorageImpl.java:format(98)) - Storage directory /home/runner/work/ozone/ozone/hadoop-ozone/integration-test/target/test-dir/MiniOzoneClusterImpl-ea17cf83-5a24-424f-8e3a-0ef9e94bb6a3/scmNode-2/scm-ha/ea17cf83-5a24-424f-8e3a-0ef9e94bb6a3 has been successfully formatted.
2025-07-05 15:53:58,386 [2d344aaf-3adb-4590-a8db-0ff637af21a8-impl-thread1] INFO  ha.SCMStateMachine (SCMStateMachine.java:lambda$initialize$0(135)) - 2d344aaf-3adb-4590-a8db-0ff637af21a8: initialize group-0EF9E94BB6A3
2025-07-05 15:53:58,386 [2d344aaf-3adb-4590-a8db-0ff637af21a8-impl-thread1] INFO  server.RaftServerConfigKeys (ConfUtils.java:logGet(62)) - raft.server.log.appender.buffer.byte-limit = 4194304 (custom)
2025-07-05 15:53:58,389 [2d344aaf-3adb-4590-a8db-0ff637af21a8-impl-thread1] INFO  server.RaftServerConfigKeys (ConfUtils.java:logGet(62)) - raft.server.log.segment.size.max = 4194304 (custom)
2025-07-05 15:53:58,389 [2d344aaf-3adb-4590-a8db-0ff637af21a8-impl-thread1] INFO  server.RaftServerConfigKeys (ConfUtils.java:logGet(62)) - raft.server.log.appender.buffer.byte-limit = 4194304 (custom)
2025-07-05 15:53:58,389 [2d344aaf-3adb-4590-a8db-0ff637af21a8-impl-thread1] INFO  util.AwaitToRun (AwaitToRun.java:start(81)) - Thread[#540,2d344aaf-3adb-4590-a8db-0ff637af21a8@group-0EF9E94BB6A3-cacheEviction-AwaitToRun,5,main] started
2025-07-05 15:53:58,389 [2d344aaf-3adb-4590-a8db-0ff637af21a8-impl-thread1] INFO  segmented.SegmentedRaftLogWorker (SegmentedRaftLogWorker.java:<init>(190)) - new 2d344aaf-3adb-4590-a8db-0ff637af21a8@group-0EF9E94BB6A3-SegmentedRaftLogWorker for RaftStorageImpl:Storage Directory /home/runner/work/ozone/ozone/hadoop-ozone/integration-test/target/test-dir/MiniOzoneClusterImpl-ea17cf83-5a24-424f-8e3a-0ef9e94bb6a3/scmNode-2/scm-ha/ea17cf83-5a24-424f-8e3a-0ef9e94bb6a3
2025-07-05 15:53:58,389 [2d344aaf-3adb-4590-a8db-0ff637af21a8-impl-thread1] INFO  server.RaftServerConfigKeys (ConfUtils.java:logGet(62)) - raft.server.log.segment.size.max = 4194304 (custom)
2025-07-05 15:53:58,389 [2d344aaf-3adb-4590-a8db-0ff637af21a8-impl-thread1] INFO  server.RaftServerConfigKeys (ConfUtils.java:logGet(62)) - raft.server.log.preallocated.size = 4194304 (custom)
2025-07-05 15:53:58,390 [2d344aaf-3adb-4590-a8db-0ff637af21a8-impl-thread1] INFO  server.RaftServerConfigKeys (ConfUtils.java:logGet(62)) - raft.server.log.write.buffer.size = 4194312 (custom)
2025-07-05 15:53:58,391 [2d344aaf-3adb-4590-a8db-0ff637af21a8-impl-thread1] INFO  server.RaftServerConfigKeys (ConfUtils.java:logGet(62)) - raft.server.log.appender.buffer.byte-limit = 4194304 (custom)
2025-07-05 15:53:58,391 [2d344aaf-3adb-4590-a8db-0ff637af21a8-impl-thread1] INFO  segmented.SegmentedRaftLogWorker (SegmentedRaftLogWorker.java:lambda$new$0(141)) - 2d344aaf-3adb-4590-a8db-0ff637af21a8@group-0EF9E94BB6A3-SegmentedRaftLogWorker: flushIndex: setUnconditionally 0 -> -1
2025-07-05 15:53:58,391 [2d344aaf-3adb-4590-a8db-0ff637af21a8-impl-thread1] INFO  segmented.SegmentedRaftLogWorker (SegmentedRaftLogWorker.java:lambda$new$0(141)) - 2d344aaf-3adb-4590-a8db-0ff637af21a8@group-0EF9E94BB6A3-SegmentedRaftLogWorker: safeCacheEvictIndex: setUnconditionally 0 -> -1
2025-07-05 15:53:58,391 [2d344aaf-3adb-4590-a8db-0ff637af21a8-impl-thread1] INFO  server.RaftServer$Division (RaftServerImpl.java:start(411)) - 2d344aaf-3adb-4590-a8db-0ff637af21a8@group-0EF9E94BB6A3: start with initializing state, conf=conf: {index: -1, cur=peers:[]|listeners:[], old=null}
2025-07-05 15:53:58,391 [2d344aaf-3adb-4590-a8db-0ff637af21a8-impl-thread1] INFO  server.RaftServer$Division (RaftServerImpl.java:setRole(392)) - 2d344aaf-3adb-4590-a8db-0ff637af21a8@group-0EF9E94BB6A3: changes role from      null to FOLLOWER at term 0 for start
2025-07-05 15:53:58,392 [2d344aaf-3adb-4590-a8db-0ff637af21a8-impl-thread1] INFO  util.JmxRegister (JmxRegister.java:tryRegister(44)) - Successfully registered JMX Bean with object name Ratis:service=RaftServer,group=group-0EF9E94BB6A3,id=2d344aaf-3adb-4590-a8db-0ff637af21a8
2025-07-05 15:53:58,392 [2d344aaf-3adb-4590-a8db-0ff637af21a8-impl-thread1] INFO  util.JmxRegister (JmxRegister.java:register(58)) - register mxBean class org.apache.ratis.server.impl.RaftServerJmxAdapter as Ratis:service=RaftServer,group=group-0EF9E94BB6A3,id=2d344aaf-3adb-4590-a8db-0ff637af21a8
2025-07-05 15:53:58,392 [2d344aaf-3adb-4590-a8db-0ff637af21a8-impl-thread1] INFO  server.RaftServer$Division (RaftServerImpl.java:start(419)) - 2d344aaf-3adb-4590-a8db-0ff637af21a8@group-0EF9E94BB6A3: Successfully started.
2025-07-05 15:53:58,393 [main] INFO  server.RaftServer (RaftServerProxy.java:startImpl(412)) - 2d344aaf-3adb-4590-a8db-0ff637af21a8: start RPC server
2025-07-05 15:53:58,394 [main] INFO  server.GrpcServicesImpl (GrpcServicesImpl.java:startImpl(346)) - 2d344aaf-3adb-4590-a8db-0ff637af21a8: GrpcServicesImpl started, listening on 15011
2025-07-05 15:53:58,395 [JvmPauseMonitor2] INFO  util.JvmPauseMonitor (JvmPauseMonitor.java:run(146)) - JvmPauseMonitor-2d344aaf-3adb-4590-a8db-0ff637af21a8: Started
2025-07-05 15:53:58,399 [main] INFO  ha.SCMNodeInfo (SCMNodeInfo.java:getPort(197)) - ConfigKey ozone.scm.client.address is deprecated, For configuring different ports for each SCM use PortConfigKey ozone.scm.client.port appended with serviceId and nodeId
2025-07-05 15:53:58,400 [main] INFO  ha.SCMNodeInfo (SCMNodeInfo.java:getPort(197)) - ConfigKey ozone.scm.block.client.address is deprecated, For configuring different ports for each SCM use PortConfigKey ozone.scm.block.client.port appended with serviceId and nodeId
2025-07-05 15:53:58,400 [main] INFO  ha.SCMNodeInfo (SCMNodeInfo.java:getPort(197)) - ConfigKey ozone.scm.security.service.address is deprecated, For configuring different ports for each SCM use PortConfigKey ozone.scm.security.service.port appended with serviceId and nodeId
2025-07-05 15:53:58,400 [main] INFO  ha.SCMNodeInfo (SCMNodeInfo.java:getPort(197)) - ConfigKey ozone.scm.datanode.address is deprecated, For configuring different ports for each SCM use PortConfigKey ozone.scm.datanode.port appended with serviceId and nodeId
2025-07-05 15:53:58,400 [main] INFO  ha.SCMNodeInfo (SCMNodeInfo.java:getPort(197)) - ConfigKey ozone.scm.client.address is deprecated, For configuring different ports for each SCM use PortConfigKey ozone.scm.client.port appended with serviceId and nodeId
2025-07-05 15:53:58,400 [main] INFO  ha.SCMNodeInfo (SCMNodeInfo.java:getPort(197)) - ConfigKey ozone.scm.block.client.address is deprecated, For configuring different ports for each SCM use PortConfigKey ozone.scm.block.client.port appended with serviceId and nodeId
2025-07-05 15:53:58,400 [main] INFO  ha.SCMNodeInfo (SCMNodeInfo.java:getPort(197)) - ConfigKey ozone.scm.security.service.address is deprecated, For configuring different ports for each SCM use PortConfigKey ozone.scm.security.service.port appended with serviceId and nodeId
2025-07-05 15:53:58,400 [main] INFO  ha.SCMNodeInfo (SCMNodeInfo.java:getPort(197)) - ConfigKey ozone.scm.datanode.address is deprecated, For configuring different ports for each SCM use PortConfigKey ozone.scm.datanode.port appended with serviceId and nodeId
2025-07-05 15:53:58,401 [main] INFO  proxy.SCMBlockLocationFailoverProxyProvider (SCMFailoverProxyProviderBase.java:<init>(120)) - Created fail-over proxy for protocol ScmBlockLocationProtocolPB with 2 nodes: [nodeId=scmNode-3,nodeAddress=/127.0.0.1:15023, nodeId=scmNode-1,nodeAddress=/127.0.0.1:15007]
2025-07-05 15:53:58,423 [pool-2-thread-2] INFO  request.TgsRequest (TgsRequest.java:issueTicket(117)) - TGS_REQ ISSUE: authtime 1751730838423,scm/localhost@EXAMPLE.COM for scm/localhost@EXAMPLE.COM
2025-07-05 15:53:58,432 [Socket Reader #3 for port 15007] INFO  ipc.Server (Server.java:saslProcess(2290)) - Auth successful for scm/localhost@EXAMPLE.COM (auth:KERBEROS) from 127.0.0.1:43589
2025-07-05 15:53:58,434 [IPC Server handler 0 on default port 15007] INFO  ha.SCMRatisServerImpl (SCMRatisServerImpl.java:addSCM(328)) - d608cca7-8f6c-485f-afd6-2c7e3558bc9e: Submitting SetConfiguration request to Ratis server with new SCM peers list: [d608cca7-8f6c-485f-afd6-2c7e3558bc9e|localhost:15003, 2d344aaf-3adb-4590-a8db-0ff637af21a8|localhost:15011]
2025-07-05 15:53:58,438 [IPC Server handler 0 on default port 15007] INFO  server.RaftServer$Division (RaftServerImpl.java:setConfigurationAsync(1310)) - d608cca7-8f6c-485f-afd6-2c7e3558bc9e@group-0EF9E94BB6A3: receive setConfiguration SetConfigurationRequest:client-B72CF03A70B7->d608cca7-8f6c-485f-afd6-2c7e3558bc9e@group-0EF9E94BB6A3, cid=3, seq=null, RW, null, SET_UNCONDITIONALLY, servers:[d608cca7-8f6c-485f-afd6-2c7e3558bc9e|localhost:15003, 2d344aaf-3adb-4590-a8db-0ff637af21a8|localhost:15011], listeners:[]
2025-07-05 15:53:58,439 [IPC Server handler 0 on default port 15007] INFO  server.RaftServer$Division (LeaderStateImpl.java:startSetConfiguration(483)) - d608cca7-8f6c-485f-afd6-2c7e3558bc9e@group-0EF9E94BB6A3-LeaderStateImpl: startSetConfiguration SetConfigurationRequest:client-B72CF03A70B7->d608cca7-8f6c-485f-afd6-2c7e3558bc9e@group-0EF9E94BB6A3, cid=3, seq=null, RW, null, SET_UNCONDITIONALLY, servers:[d608cca7-8f6c-485f-afd6-2c7e3558bc9e|localhost:15003, 2d344aaf-3adb-4590-a8db-0ff637af21a8|localhost:15011], listeners:[]
2025-07-05 15:53:58,447 [IPC Server handler 0 on default port 15007] INFO  server.RaftServerConfigKeys (ConfUtils.java:logGet(62)) - raft.server.log.appender.snapshot.chunk.size.max = 16MB (=16777216) (default)
2025-07-05 15:53:58,447 [IPC Server handler 0 on default port 15007] INFO  server.RaftServerConfigKeys (ConfUtils.java:logGet(62)) - raft.server.log.appender.buffer.byte-limit = 4194304 (custom)
2025-07-05 15:53:58,447 [IPC Server handler 0 on default port 15007] INFO  server.RaftServerConfigKeys (ConfUtils.java:logGet(62)) - raft.server.log.appender.buffer.element-limit = 1024 (custom)
2025-07-05 15:53:58,449 [IPC Server handler 0 on default port 15007] INFO  server.RaftServerConfigKeys (ConfUtils.java:logGet(62)) - raft.server.log.appender.wait-time.min = 0ms (custom)
2025-07-05 15:53:58,450 [IPC Server handler 0 on default port 15007] INFO  grpc.GrpcConfigKeys (ConfUtils.java:logGet(62)) - raft.grpc.server.leader.outstanding.appends.max = 8 (default)
2025-07-05 15:53:58,450 [IPC Server handler 0 on default port 15007] INFO  grpc.GrpcConfigKeys (ConfUtils.java:logGet(62)) - raft.grpc.server.install_snapshot.request.element-limit = 8 (default)
2025-07-05 15:53:58,450 [IPC Server handler 0 on default port 15007] INFO  grpc.GrpcConfigKeys (ConfUtils.java:logGet(62)) - raft.grpc.server.install_snapshot.request.timeout = 3000ms (default)
2025-07-05 15:53:58,451 [IPC Server handler 0 on default port 15007] INFO  grpc.GrpcConfigKeys (ConfUtils.java:logGet(62)) - raft.grpc.server.log-message.batch.duration = 5s (default)
2025-07-05 15:53:58,456 [d608cca7-8f6c-485f-afd6-2c7e3558bc9e@group-0EF9E94BB6A3->2d344aaf-3adb-4590-a8db-0ff637af21a8-GrpcLogAppender-LogAppenderDaemon] INFO  server.GrpcLogAppender (GrpcLogAppender.java:notifyInstallSnapshot(799)) - d608cca7-8f6c-485f-afd6-2c7e3558bc9e@group-0EF9E94BB6A3->2d344aaf-3adb-4590-a8db-0ff637af21a8-GrpcLogAppender: notifyInstallSnapshot with firstAvailable=(t:1, i:0), followerNextIndex=0
2025-07-05 15:53:58,462 [d608cca7-8f6c-485f-afd6-2c7e3558bc9e@group-0EF9E94BB6A3->2d344aaf-3adb-4590-a8db-0ff637af21a8-GrpcLogAppender-LogAppenderDaemon] INFO  server.GrpcLogAppender (GrpcLogAppender.java:notifyInstallSnapshot(807)) - d608cca7-8f6c-485f-afd6-2c7e3558bc9e@group-0EF9E94BB6A3->2d344aaf-3adb-4590-a8db-0ff637af21a8-GrpcLogAppender: send d608cca7-8f6c-485f-afd6-2c7e3558bc9e->2d344aaf-3adb-4590-a8db-0ff637af21a8#0-t2,notify:(t:1, i:0)
2025-07-05 15:53:58,462 [d608cca7-8f6c-485f-afd6-2c7e3558bc9e@group-0EF9E94BB6A3->2d344aaf-3adb-4590-a8db-0ff637af21a8-GrpcLogAppender-LogAppenderDaemon] INFO  server.GrpcServerProtocolClient (GrpcServerProtocolClient.java:<init>(65)) - Build channel for 2d344aaf-3adb-4590-a8db-0ff637af21a8|localhost:15011
2025-07-05 15:53:58,482 [grpc-default-executor-1] INFO  impl.SnapshotInstallationHandler (SnapshotInstallationHandler.java:lambda$installSnapshot$0(103)) - 2d344aaf-3adb-4590-a8db-0ff637af21a8@group-0EF9E94BB6A3: receive installSnapshot: d608cca7-8f6c-485f-afd6-2c7e3558bc9e->2d344aaf-3adb-4590-a8db-0ff637af21a8#0-t2,notify:(t:1, i:0) 
2025-07-05 15:53:58,484 [grpc-default-executor-1] INFO  server.RaftServer$Division (RaftServerImpl.java:setFirstElection(576)) - 2d344aaf-3adb-4590-a8db-0ff637af21a8@group-0EF9E94BB6A3: set firstElectionSinceStartup to false for installSnapshot
2025-07-05 15:53:58,484 [grpc-default-executor-1] INFO  ha.SCMStateMachine (SCMStateMachine.java:notifyLeaderChanged(289)) - leader changed, yet current SCM is still follower.
2025-07-05 15:53:58,484 [grpc-default-executor-1] INFO  server.RaftServer$Division (ServerState.java:setLeader(272)) - 2d344aaf-3adb-4590-a8db-0ff637af21a8@group-0EF9E94BB6A3: change Leader from null to d608cca7-8f6c-485f-afd6-2c7e3558bc9e at term 2 for installSnapshot, leader elected after 176ms
2025-07-05 15:53:58,486 [grpc-default-executor-1] INFO  impl.SnapshotInstallationHandler (SnapshotInstallationHandler.java:notifyStateMachineToInstallSnapshot(262)) - 2d344aaf-3adb-4590-a8db-0ff637af21a8@group-0EF9E94BB6A3: Received notification to install snapshot at index 0
2025-07-05 15:53:58,488 [grpc-default-executor-1] INFO  impl.SnapshotInstallationHandler (SnapshotInstallationHandler.java:notifyStateMachineToInstallSnapshot(297)) - 2d344aaf-3adb-4590-a8db-0ff637af21a8@group-0EF9E94BB6A3: notifyInstallSnapshot: nextIndex is 0 but the leader's first available index is 0.
2025-07-05 15:53:58,489 [grpc-default-executor-1] INFO  ha.SCMStateMachine (SCMStateMachine.java:notifyInstallSnapshotFromLeader(242)) - Received install snapshot notification from SCM leader: localhost:15003 with term index: (t:1, i:0)
2025-07-05 15:53:58,489 [scmNode-2-SCMInstallSnapshot-0] INFO  ha.SCMHAManagerImpl (SCMHAManagerImpl.java:getDBCheckpointFromLeader(254)) - Downloading checkpoint from leader SCM scmNode-1 and reloading state from the checkpoint.
2025-07-05 15:53:58,507 [grpc-default-executor-0] INFO  ha.SCMDBCheckpointProvider (SCMDBCheckpointProvider.java:writeDBCheckPointToSream(48)) - Received request to obtain SCM DB checkpoint snapshot
2025-07-05 15:53:58,523 [grpc-default-executor-0] INFO  db.RDBCheckpointManager (RDBCheckpointManager.java:createCheckpoint(87)) - Created checkpoint in rocksDB at /home/runner/work/ozone/ozone/hadoop-ozone/integration-test/target/test-dir/MiniOzoneClusterImpl-ea17cf83-5a24-424f-8e3a-0ef9e94bb6a3/scmNode-1/db.checkpoints/scm.db_checkpoint_1751730838518 in 4 milliseconds
2025-07-05 15:53:58,549 [grpc-default-executor-0] INFO  ha.SCMGrpcOutputStream (SCMGrpcOutputStream.java:close(107)) - Sent 75776 bytes for cluster ea17cf83-5a24-424f-8e3a-0ef9e94bb6a3
2025-07-05 15:53:58,550 [grpc-default-executor-0] INFO  ha.SCMDBCheckpointProvider (SCMDBCheckpointProvider.java:writeDBCheckPointToSream(73)) - Time taken to write the checkpoint to response output stream: 25 milliseconds
2025-07-05 15:53:58,550 [grpc-default-executor-0] INFO  db.RocksDBCheckpoint (RocksDBCheckpoint.java:cleanupCheckpoint(75)) - Cleaning up RocksDB checkpoint at /home/runner/work/ozone/ozone/hadoop-ozone/integration-test/target/test-dir/MiniOzoneClusterImpl-ea17cf83-5a24-424f-8e3a-0ef9e94bb6a3/scmNode-1/db.checkpoints/scm.db_checkpoint_1751730838518
2025-07-05 15:53:58,556 [grpc-default-executor-3] INFO  ha.InterSCMGrpcClient (InterSCMGrpcClient.java:onCompleted(169)) - Checkpoint is downloaded to /home/runner/work/ozone/ozone/hadoop-ozone/integration-test/target/test-dir/MiniOzoneClusterImpl-ea17cf83-5a24-424f-8e3a-0ef9e94bb6a3/scmNode-2/snapshot/scm.db-scmNode-1-1751730838489.tar
2025-07-05 15:53:58,567 [grpc-default-executor-1] INFO  impl.SnapshotInstallationHandler (SnapshotInstallationHandler.java:installSnapshotImpl(147)) - 2d344aaf-3adb-4590-a8db-0ff637af21a8@group-0EF9E94BB6A3: set new configuration index: 1
configurationEntry {
  peers {
    id: "d608cca7-8f6c-485f-afd6-2c7e3558bc9e"
    address: "localhost:15003"
    startupRole: FOLLOWER
  }
}
 from snapshot
2025-07-05 15:53:58,567 [grpc-default-executor-1] INFO  server.RaftServer$Division (ServerState.java:setRaftConf(386)) - 2d344aaf-3adb-4590-a8db-0ff637af21a8@group-0EF9E94BB6A3: set configuration conf: {index: 1, cur=peers:[d608cca7-8f6c-485f-afd6-2c7e3558bc9e|localhost:15003]|listeners:[], old=null}
2025-07-05 15:53:58,569 [grpc-default-executor-1] INFO  impl.SnapshotInstallationHandler (SnapshotInstallationHandler.java:lambda$installSnapshot$1(113)) - 2d344aaf-3adb-4590-a8db-0ff637af21a8@group-0EF9E94BB6A3: reply installSnapshot: d608cca7-8f6c-485f-afd6-2c7e3558bc9e<-2d344aaf-3adb-4590-a8db-0ff637af21a8#0:FAIL-t0,IN_PROGRESS,snapshotIndex=0 
2025-07-05 15:53:58,570 [scmNode-2-SCMInstallSnapshot-0] INFO  ha.SCMSnapshotProvider (SCMSnapshotProvider.java:getSCMDBSnapshot(126)) - Successfully downloaded latest checkpoint from leader SCM: scmNode-1 path /home/runner/work/ozone/ozone/hadoop-ozone/integration-test/target/test-dir/MiniOzoneClusterImpl-ea17cf83-5a24-424f-8e3a-0ef9e94bb6a3/scmNode-2/snapshot/scm.db-scmNode-1-1751730838489
2025-07-05 15:53:58,570 [scmNode-2-SCMInstallSnapshot-0] INFO  ha.SCMHAManagerImpl (SCMHAManagerImpl.java:downloadCheckpointFromLeader(189)) - Downloaded checkpoint from Leader scmNode-1 to the location /home/runner/work/ozone/ozone/hadoop-ozone/integration-test/target/test-dir/MiniOzoneClusterImpl-ea17cf83-5a24-424f-8e3a-0ef9e94bb6a3/scmNode-2/snapshot/scm.db-scmNode-1-1751730838489
2025-07-05 15:53:58,570 [scmNode-2-SCMInstallSnapshot-0] INFO  ha.SCMHAManagerImpl (SCMHAManagerImpl.java:getSecretKeysFromLeader(202)) - Getting secret keys from leader scmNode-1.
2025-07-05 15:53:58,571 [grpc-default-executor-0] INFO  server.GrpcLogAppender (GrpcLogAppender.java:onNext(663)) - d608cca7-8f6c-485f-afd6-2c7e3558bc9e@group-0EF9E94BB6A3->2d344aaf-3adb-4590-a8db-0ff637af21a8-InstallSnapshotResponseHandler: received the first reply d608cca7-8f6c-485f-afd6-2c7e3558bc9e<-2d344aaf-3adb-4590-a8db-0ff637af21a8#0:FAIL-t0,IN_PROGRESS,snapshotIndex=0
2025-07-05 15:53:58,572 [grpc-default-executor-1] INFO  server.GrpcServerProtocolService (GrpcServerProtocolService.java:lambda$onCompleted$6(171)) - 2d344aaf-3adb-4590-a8db-0ff637af21a8: Completed INSTALL_SNAPSHOT, lastRequest: d608cca7-8f6c-485f-afd6-2c7e3558bc9e->2d344aaf-3adb-4590-a8db-0ff637af21a8#0-t2,notify:(t:1, i:0) 
2025-07-05 15:53:58,573 [grpc-default-executor-1] INFO  server.GrpcServerProtocolService (GrpcServerProtocolService.java:lambda$null$7(175)) - 2d344aaf-3adb-4590-a8db-0ff637af21a8: Completed INSTALL_SNAPSHOT, lastReply: null 
2025-07-05 15:53:58,574 [scmNode-2-SCMInstallSnapshot-0] INFO  ha.SCMNodeInfo (SCMNodeInfo.java:getPort(197)) - ConfigKey ozone.scm.client.address is deprecated, For configuring different ports for each SCM use PortConfigKey ozone.scm.client.port appended with serviceId and nodeId
2025-07-05 15:53:58,575 [scmNode-2-SCMInstallSnapshot-0] INFO  ha.SCMNodeInfo (SCMNodeInfo.java:getPort(197)) - ConfigKey ozone.scm.block.client.address is deprecated, For configuring different ports for each SCM use PortConfigKey ozone.scm.block.client.port appended with serviceId and nodeId
2025-07-05 15:53:58,575 [scmNode-2-SCMInstallSnapshot-0] INFO  ha.SCMNodeInfo (SCMNodeInfo.java:getPort(197)) - ConfigKey ozone.scm.security.service.address is deprecated, For configuring different ports for each SCM use PortConfigKey ozone.scm.security.service.port appended with serviceId and nodeId
2025-07-05 15:53:58,575 [scmNode-2-SCMInstallSnapshot-0] INFO  ha.SCMNodeInfo (SCMNodeInfo.java:getPort(197)) - ConfigKey ozone.scm.datanode.address is deprecated, For configuring different ports for each SCM use PortConfigKey ozone.scm.datanode.port appended with serviceId and nodeId
2025-07-05 15:53:58,575 [scmNode-2-SCMInstallSnapshot-0] INFO  ha.SCMNodeInfo (SCMNodeInfo.java:getPort(197)) - ConfigKey ozone.scm.client.address is deprecated, For configuring different ports for each SCM use PortConfigKey ozone.scm.client.port appended with serviceId and nodeId
2025-07-05 15:53:58,575 [scmNode-2-SCMInstallSnapshot-0] INFO  ha.SCMNodeInfo (SCMNodeInfo.java:getPort(197)) - ConfigKey ozone.scm.block.client.address is deprecated, For configuring different ports for each SCM use PortConfigKey ozone.scm.block.client.port appended with serviceId and nodeId
2025-07-05 15:53:58,575 [scmNode-2-SCMInstallSnapshot-0] INFO  ha.SCMNodeInfo (SCMNodeInfo.java:getPort(197)) - ConfigKey ozone.scm.security.service.address is deprecated, For configuring different ports for each SCM use PortConfigKey ozone.scm.security.service.port appended with serviceId and nodeId
2025-07-05 15:53:58,575 [scmNode-2-SCMInstallSnapshot-0] INFO  ha.SCMNodeInfo (SCMNodeInfo.java:getPort(197)) - ConfigKey ozone.scm.datanode.address is deprecated, For configuring different ports for each SCM use PortConfigKey ozone.scm.datanode.port appended with serviceId and nodeId
2025-07-05 15:53:58,575 [scmNode-2-SCMInstallSnapshot-0] INFO  ha.SCMNodeInfo (SCMNodeInfo.java:getPort(197)) - ConfigKey ozone.scm.client.address is deprecated, For configuring different ports for each SCM use PortConfigKey ozone.scm.client.port appended with serviceId and nodeId
2025-07-05 15:53:58,575 [scmNode-2-SCMInstallSnapshot-0] INFO  ha.SCMNodeInfo (SCMNodeInfo.java:getPort(197)) - ConfigKey ozone.scm.block.client.address is deprecated, For configuring different ports for each SCM use PortConfigKey ozone.scm.block.client.port appended with serviceId and nodeId
2025-07-05 15:53:58,575 [scmNode-2-SCMInstallSnapshot-0] INFO  ha.SCMNodeInfo (SCMNodeInfo.java:getPort(197)) - ConfigKey ozone.scm.security.service.address is deprecated, For configuring different ports for each SCM use PortConfigKey ozone.scm.security.service.port appended with serviceId and nodeId
2025-07-05 15:53:58,575 [scmNode-2-SCMInstallSnapshot-0] INFO  ha.SCMNodeInfo (SCMNodeInfo.java:getPort(197)) - ConfigKey ozone.scm.datanode.address is deprecated, For configuring different ports for each SCM use PortConfigKey ozone.scm.datanode.port appended with serviceId and nodeId
2025-07-05 15:53:58,576 [scmNode-2-SCMInstallSnapshot-0] INFO  proxy.SingleSecretKeyProtocolProxyProvider (SCMFailoverProxyProviderBase.java:<init>(120)) - Created fail-over proxy for protocol SecretKeyProtocolScmPB with 3 nodes: [nodeId=scmNode-2,nodeAddress=/127.0.0.1:15010, nodeId=scmNode-3,nodeAddress=/127.0.0.1:15018, nodeId=scmNode-1,nodeAddress=/127.0.0.1:15002]
2025-07-05 15:53:58,573 [grpc-default-executor-0] INFO  server.GrpcLogAppender (GrpcLogAppender.java:onNext(679)) - d608cca7-8f6c-485f-afd6-2c7e3558bc9e@group-0EF9E94BB6A3->2d344aaf-3adb-4590-a8db-0ff637af21a8-InstallSnapshotResponseHandler: InstallSnapshot in progress.
2025-07-05 15:53:58,590 [d608cca7-8f6c-485f-afd6-2c7e3558bc9e@group-0EF9E94BB6A3->2d344aaf-3adb-4590-a8db-0ff637af21a8-GrpcLogAppender-LogAppenderDaemon] INFO  server.GrpcLogAppender (GrpcLogAppender.java:notifyInstallSnapshot(799)) - d608cca7-8f6c-485f-afd6-2c7e3558bc9e@group-0EF9E94BB6A3->2d344aaf-3adb-4590-a8db-0ff637af21a8-GrpcLogAppender: notifyInstallSnapshot with firstAvailable=(t:1, i:0), followerNextIndex=0
2025-07-05 15:53:58,591 [d608cca7-8f6c-485f-afd6-2c7e3558bc9e@group-0EF9E94BB6A3->2d344aaf-3adb-4590-a8db-0ff637af21a8-GrpcLogAppender-LogAppenderDaemon] INFO  server.GrpcLogAppender (GrpcLogAppender.java:notifyInstallSnapshot(807)) - d608cca7-8f6c-485f-afd6-2c7e3558bc9e@group-0EF9E94BB6A3->2d344aaf-3adb-4590-a8db-0ff637af21a8-GrpcLogAppender: send d608cca7-8f6c-485f-afd6-2c7e3558bc9e->2d344aaf-3adb-4590-a8db-0ff637af21a8#0-t2,notify:(t:1, i:0)
2025-07-05 15:53:58,593 [grpc-default-executor-2] INFO  server.RaftServer$Division (RaftServerImpl.java:checkInconsistentAppendEntries(1651)) - 2d344aaf-3adb-4590-a8db-0ff637af21a8@group-0EF9E94BB6A3: Failed appendEntries as snapshot (0) installation is in progress
2025-07-05 15:53:58,594 [grpc-default-executor-2] INFO  server.RaftServer$Division (RaftServerImpl.java:appendEntriesAsync(1594)) - 2d344aaf-3adb-4590-a8db-0ff637af21a8@group-0EF9E94BB6A3: appendEntries* reply d608cca7-8f6c-485f-afd6-2c7e3558bc9e<-2d344aaf-3adb-4590-a8db-0ff637af21a8#0:FAIL-t2,INCONSISTENCY,nextIndex=0,followerCommit=-1,matchIndex=-1
2025-07-05 15:53:58,596 [grpc-default-executor-3] INFO  impl.SnapshotInstallationHandler (SnapshotInstallationHandler.java:installSnapshotImpl(147)) - 2d344aaf-3adb-4590-a8db-0ff637af21a8@group-0EF9E94BB6A3: set new configuration index: 1
configurationEntry {
  peers {
    id: "d608cca7-8f6c-485f-afd6-2c7e3558bc9e"
    address: "localhost:15003"
    startupRole: FOLLOWER
  }
}
 from snapshot
2025-07-05 15:53:58,596 [grpc-default-executor-3] INFO  server.RaftServer$Division (ServerState.java:setRaftConf(386)) - 2d344aaf-3adb-4590-a8db-0ff637af21a8@group-0EF9E94BB6A3: set configuration conf: {index: 1, cur=peers:[d608cca7-8f6c-485f-afd6-2c7e3558bc9e|localhost:15003]|listeners:[], old=null}
2025-07-05 15:53:58,599 [grpc-default-executor-3] INFO  server.GrpcLogAppender (GrpcLogAppender.java:onNext(663)) - d608cca7-8f6c-485f-afd6-2c7e3558bc9e@group-0EF9E94BB6A3->2d344aaf-3adb-4590-a8db-0ff637af21a8-InstallSnapshotResponseHandler: received a reply d608cca7-8f6c-485f-afd6-2c7e3558bc9e<-2d344aaf-3adb-4590-a8db-0ff637af21a8#0:FAIL-t2,IN_PROGRESS,snapshotIndex=0
2025-07-05 15:53:58,600 [grpc-default-executor-3] INFO  server.GrpcLogAppender (GrpcLogAppender.java:onNext(679)) - d608cca7-8f6c-485f-afd6-2c7e3558bc9e@group-0EF9E94BB6A3->2d344aaf-3adb-4590-a8db-0ff637af21a8-InstallSnapshotResponseHandler: InstallSnapshot in progress.
2025-07-05 15:53:58,602 [grpc-default-executor-2] WARN  server.GrpcLogAppender (GrpcLogAppender.java:lambda$onNextImpl$0(527)) - d608cca7-8f6c-485f-afd6-2c7e3558bc9e@group-0EF9E94BB6A3->2d344aaf-3adb-4590-a8db-0ff637af21a8-AppendLogResponseHandler: received INCONSISTENCY reply with nextIndex 0, errorCount=1, request=AppendEntriesRequest:cid=0,entriesCount=0 
2025-07-05 15:53:58,602 [grpc-default-executor-3] INFO  server.RaftServer$Division (RaftServerImpl.java:checkInconsistentAppendEntries(1651)) - 2d344aaf-3adb-4590-a8db-0ff637af21a8@group-0EF9E94BB6A3: Failed appendEntries as snapshot (0) installation is in progress
2025-07-05 15:53:58,602 [grpc-default-executor-3] INFO  server.RaftServer$Division (RaftServerImpl.java:appendEntriesAsync(1594)) - 2d344aaf-3adb-4590-a8db-0ff637af21a8@group-0EF9E94BB6A3: appendEntries* reply d608cca7-8f6c-485f-afd6-2c7e3558bc9e<-2d344aaf-3adb-4590-a8db-0ff637af21a8#1:FAIL-t2,INCONSISTENCY,nextIndex=0,followerCommit=-1,matchIndex=-1
2025-07-05 15:53:58,602 [d608cca7-8f6c-485f-afd6-2c7e3558bc9e@group-0EF9E94BB6A3->2d344aaf-3adb-4590-a8db-0ff637af21a8-GrpcLogAppender-LogAppenderDaemon] INFO  server.GrpcLogAppender (GrpcLogAppender.java:notifyInstallSnapshot(799)) - d608cca7-8f6c-485f-afd6-2c7e3558bc9e@group-0EF9E94BB6A3->2d344aaf-3adb-4590-a8db-0ff637af21a8-GrpcLogAppender: notifyInstallSnapshot with firstAvailable=(t:1, i:0), followerNextIndex=0
2025-07-05 15:53:58,603 [d608cca7-8f6c-485f-afd6-2c7e3558bc9e@group-0EF9E94BB6A3->2d344aaf-3adb-4590-a8db-0ff637af21a8-GrpcLogAppender-LogAppenderDaemon] INFO  server.GrpcLogAppender (GrpcLogAppender.java:notifyInstallSnapshot(807)) - d608cca7-8f6c-485f-afd6-2c7e3558bc9e@group-0EF9E94BB6A3->2d344aaf-3adb-4590-a8db-0ff637af21a8-GrpcLogAppender: send d608cca7-8f6c-485f-afd6-2c7e3558bc9e->2d344aaf-3adb-4590-a8db-0ff637af21a8#0-t2,notify:(t:1, i:0)
2025-07-05 15:53:58,607 [grpc-default-executor-2] INFO  impl.SnapshotInstallationHandler (SnapshotInstallationHandler.java:installSnapshotImpl(147)) - 2d344aaf-3adb-4590-a8db-0ff637af21a8@group-0EF9E94BB6A3: set new configuration index: 1
configurationEntry {
  peers {
    id: "d608cca7-8f6c-485f-afd6-2c7e3558bc9e"
    address: "localhost:15003"
    startupRole: FOLLOWER
  }
}
 from snapshot
2025-07-05 15:53:58,608 [grpc-default-executor-2] INFO  server.RaftServer$Division (ServerState.java:setRaftConf(386)) - 2d344aaf-3adb-4590-a8db-0ff637af21a8@group-0EF9E94BB6A3: set configuration conf: {index: 1, cur=peers:[d608cca7-8f6c-485f-afd6-2c7e3558bc9e|localhost:15003]|listeners:[], old=null}
2025-07-05 15:53:58,608 [Socket Reader #1 for port 15002] INFO  ipc.Server (Server.java:saslProcess(2290)) - Auth successful for scm/localhost@EXAMPLE.COM (auth:KERBEROS) from 127.0.0.1:39947
2025-07-05 15:53:58,611 [grpc-default-executor-3] INFO  server.GrpcLogAppender (GrpcLogAppender.java:onNext(663)) - d608cca7-8f6c-485f-afd6-2c7e3558bc9e@group-0EF9E94BB6A3->2d344aaf-3adb-4590-a8db-0ff637af21a8-InstallSnapshotResponseHandler: received a reply d608cca7-8f6c-485f-afd6-2c7e3558bc9e<-2d344aaf-3adb-4590-a8db-0ff637af21a8#0:FAIL-t2,IN_PROGRESS,snapshotIndex=0
2025-07-05 15:53:58,612 [grpc-default-executor-3] INFO  server.GrpcLogAppender (GrpcLogAppender.java:onNext(679)) - d608cca7-8f6c-485f-afd6-2c7e3558bc9e@group-0EF9E94BB6A3->2d344aaf-3adb-4590-a8db-0ff637af21a8-InstallSnapshotResponseHandler: InstallSnapshot in progress.
2025-07-05 15:53:58,613 [grpc-default-executor-3] INFO  server.RaftServer$Division (RaftServerImpl.java:checkInconsistentAppendEntries(1651)) - 2d344aaf-3adb-4590-a8db-0ff637af21a8@group-0EF9E94BB6A3: Failed appendEntries as snapshot (0) installation is in progress
2025-07-05 15:53:58,613 [grpc-default-executor-3] INFO  server.RaftServer$Division (RaftServerImpl.java:appendEntriesAsync(1594)) - 2d344aaf-3adb-4590-a8db-0ff637af21a8@group-0EF9E94BB6A3: appendEntries* reply d608cca7-8f6c-485f-afd6-2c7e3558bc9e<-2d344aaf-3adb-4590-a8db-0ff637af21a8#2:FAIL-t2,INCONSISTENCY,nextIndex=0,followerCommit=-1,matchIndex=-1
2025-07-05 15:53:58,614 [d608cca7-8f6c-485f-afd6-2c7e3558bc9e@group-0EF9E94BB6A3->2d344aaf-3adb-4590-a8db-0ff637af21a8-GrpcLogAppender-LogAppenderDaemon] INFO  server.GrpcLogAppender (GrpcLogAppender.java:notifyInstallSnapshot(799)) - d608cca7-8f6c-485f-afd6-2c7e3558bc9e@group-0EF9E94BB6A3->2d344aaf-3adb-4590-a8db-0ff637af21a8-GrpcLogAppender: notifyInstallSnapshot with firstAvailable=(t:1, i:0), followerNextIndex=0
2025-07-05 15:53:58,614 [d608cca7-8f6c-485f-afd6-2c7e3558bc9e@group-0EF9E94BB6A3->2d344aaf-3adb-4590-a8db-0ff637af21a8-GrpcLogAppender-LogAppenderDaemon] INFO  server.GrpcLogAppender (GrpcLogAppender.java:notifyInstallSnapshot(807)) - d608cca7-8f6c-485f-afd6-2c7e3558bc9e@group-0EF9E94BB6A3->2d344aaf-3adb-4590-a8db-0ff637af21a8-GrpcLogAppender: send d608cca7-8f6c-485f-afd6-2c7e3558bc9e->2d344aaf-3adb-4590-a8db-0ff637af21a8#0-t2,notify:(t:1, i:0)
2025-07-05 15:53:58,617 [grpc-default-executor-2] INFO  impl.SnapshotInstallationHandler (SnapshotInstallationHandler.java:installSnapshotImpl(147)) - 2d344aaf-3adb-4590-a8db-0ff637af21a8@group-0EF9E94BB6A3: set new configuration index: 1
configurationEntry {
  peers {
    id: "d608cca7-8f6c-485f-afd6-2c7e3558bc9e"
    address: "localhost:15003"
    startupRole: FOLLOWER
  }
}
 from snapshot
2025-07-05 15:53:58,617 [grpc-default-executor-2] INFO  server.RaftServer$Division (ServerState.java:setRaftConf(386)) - 2d344aaf-3adb-4590-a8db-0ff637af21a8@group-0EF9E94BB6A3: set configuration conf: {index: 1, cur=peers:[d608cca7-8f6c-485f-afd6-2c7e3558bc9e|localhost:15003]|listeners:[], old=null}
2025-07-05 15:53:58,622 [grpc-default-executor-2] INFO  server.GrpcLogAppender (GrpcLogAppender.java:onNext(663)) - d608cca7-8f6c-485f-afd6-2c7e3558bc9e@group-0EF9E94BB6A3->2d344aaf-3adb-4590-a8db-0ff637af21a8-InstallSnapshotResponseHandler: received a reply d608cca7-8f6c-485f-afd6-2c7e3558bc9e<-2d344aaf-3adb-4590-a8db-0ff637af21a8#0:FAIL-t2,IN_PROGRESS,snapshotIndex=0
2025-07-05 15:53:58,622 [grpc-default-executor-2] INFO  server.GrpcLogAppender (GrpcLogAppender.java:onNext(679)) - d608cca7-8f6c-485f-afd6-2c7e3558bc9e@group-0EF9E94BB6A3->2d344aaf-3adb-4590-a8db-0ff637af21a8-InstallSnapshotResponseHandler: InstallSnapshot in progress.
2025-07-05 15:53:58,623 [d608cca7-8f6c-485f-afd6-2c7e3558bc9e@group-0EF9E94BB6A3->2d344aaf-3adb-4590-a8db-0ff637af21a8-GrpcLogAppender-LogAppenderDaemon] INFO  server.GrpcLogAppender (GrpcLogAppender.java:notifyInstallSnapshot(799)) - d608cca7-8f6c-485f-afd6-2c7e3558bc9e@group-0EF9E94BB6A3->2d344aaf-3adb-4590-a8db-0ff637af21a8-GrpcLogAppender: notifyInstallSnapshot with firstAvailable=(t:1, i:0), followerNextIndex=0
2025-07-05 15:53:58,623 [d608cca7-8f6c-485f-afd6-2c7e3558bc9e@group-0EF9E94BB6A3->2d344aaf-3adb-4590-a8db-0ff637af21a8-GrpcLogAppender-LogAppenderDaemon] INFO  server.GrpcLogAppender (GrpcLogAppender.java:notifyInstallSnapshot(807)) - d608cca7-8f6c-485f-afd6-2c7e3558bc9e@group-0EF9E94BB6A3->2d344aaf-3adb-4590-a8db-0ff637af21a8-GrpcLogAppender: send d608cca7-8f6c-485f-afd6-2c7e3558bc9e->2d344aaf-3adb-4590-a8db-0ff637af21a8#0-t2,notify:(t:1, i:0)
2025-07-05 15:53:58,626 [grpc-default-executor-2] INFO  server.RaftServer$Division (RaftServerImpl.java:checkInconsistentAppendEntries(1651)) - 2d344aaf-3adb-4590-a8db-0ff637af21a8@group-0EF9E94BB6A3: Failed appendEntries as snapshot (0) installation is in progress
2025-07-05 15:53:58,626 [grpc-default-executor-2] INFO  server.RaftServer$Division (RaftServerImpl.java:appendEntriesAsync(1594)) - 2d344aaf-3adb-4590-a8db-0ff637af21a8@group-0EF9E94BB6A3: appendEntries* reply d608cca7-8f6c-485f-afd6-2c7e3558bc9e<-2d344aaf-3adb-4590-a8db-0ff637af21a8#3:FAIL-t2,INCONSISTENCY,nextIndex=0,followerCommit=-1,matchIndex=-1
2025-07-05 15:53:58,632 [grpc-default-executor-2] INFO  impl.SnapshotInstallationHandler (SnapshotInstallationHandler.java:installSnapshotImpl(147)) - 2d344aaf-3adb-4590-a8db-0ff637af21a8@group-0EF9E94BB6A3: set new configuration index: 1
configurationEntry {
  peers {
    id: "d608cca7-8f6c-485f-afd6-2c7e3558bc9e"
    address: "localhost:15003"
    startupRole: FOLLOWER
  }
}
 from snapshot
2025-07-05 15:53:58,633 [grpc-default-executor-2] INFO  server.RaftServer$Division (ServerState.java:setRaftConf(386)) - 2d344aaf-3adb-4590-a8db-0ff637af21a8@group-0EF9E94BB6A3: set configuration conf: {index: 1, cur=peers:[d608cca7-8f6c-485f-afd6-2c7e3558bc9e|localhost:15003]|listeners:[], old=null}
2025-07-05 15:53:58,637 [grpc-default-executor-2] INFO  server.GrpcLogAppender (GrpcLogAppender.java:onNext(663)) - d608cca7-8f6c-485f-afd6-2c7e3558bc9e@group-0EF9E94BB6A3->2d344aaf-3adb-4590-a8db-0ff637af21a8-InstallSnapshotResponseHandler: received a reply d608cca7-8f6c-485f-afd6-2c7e3558bc9e<-2d344aaf-3adb-4590-a8db-0ff637af21a8#0:FAIL-t2,IN_PROGRESS,snapshotIndex=0
2025-07-05 15:53:58,638 [grpc-default-executor-2] INFO  server.GrpcLogAppender (GrpcLogAppender.java:onNext(679)) - d608cca7-8f6c-485f-afd6-2c7e3558bc9e@group-0EF9E94BB6A3->2d344aaf-3adb-4590-a8db-0ff637af21a8-InstallSnapshotResponseHandler: InstallSnapshot in progress.
2025-07-05 15:53:58,640 [grpc-default-executor-2] INFO  server.RaftServer$Division (RaftServerImpl.java:checkInconsistentAppendEntries(1651)) - 2d344aaf-3adb-4590-a8db-0ff637af21a8@group-0EF9E94BB6A3: Failed appendEntries as snapshot (0) installation is in progress
2025-07-05 15:53:58,640 [grpc-default-executor-2] INFO  server.RaftServer$Division (RaftServerImpl.java:appendEntriesAsync(1594)) - 2d344aaf-3adb-4590-a8db-0ff637af21a8@group-0EF9E94BB6A3: appendEntries* reply d608cca7-8f6c-485f-afd6-2c7e3558bc9e<-2d344aaf-3adb-4590-a8db-0ff637af21a8#4:FAIL-t2,INCONSISTENCY,nextIndex=0,followerCommit=-1,matchIndex=-1
2025-07-05 15:53:58,641 [scmNode-2-SCMInstallSnapshot-0] INFO  ha.SCMStateMachine (SCMStateMachine.java:lambda$notifyInstallSnapshotFromLeader$2(258)) - Got secret keys from leaders [SecretKey(id = d68e803d-24ae-4d18-af54-e13ef808b648, creation at: 2025-07-05T15:53:53.915Z, expire at: 2025-07-05T16:02:13.915Z)]
2025-07-05 15:53:58,641 [d608cca7-8f6c-485f-afd6-2c7e3558bc9e@group-0EF9E94BB6A3->2d344aaf-3adb-4590-a8db-0ff637af21a8-GrpcLogAppender-LogAppenderDaemon] INFO  server.GrpcLogAppender (GrpcLogAppender.java:notifyInstallSnapshot(799)) - d608cca7-8f6c-485f-afd6-2c7e3558bc9e@group-0EF9E94BB6A3->2d344aaf-3adb-4590-a8db-0ff637af21a8-GrpcLogAppender: notifyInstallSnapshot with firstAvailable=(t:1, i:0), followerNextIndex=0
2025-07-05 15:53:58,641 [d608cca7-8f6c-485f-afd6-2c7e3558bc9e@group-0EF9E94BB6A3->2d344aaf-3adb-4590-a8db-0ff637af21a8-GrpcLogAppender-LogAppenderDaemon] INFO  server.GrpcLogAppender (GrpcLogAppender.java:notifyInstallSnapshot(807)) - d608cca7-8f6c-485f-afd6-2c7e3558bc9e@group-0EF9E94BB6A3->2d344aaf-3adb-4590-a8db-0ff637af21a8-GrpcLogAppender: send d608cca7-8f6c-485f-afd6-2c7e3558bc9e->2d344aaf-3adb-4590-a8db-0ff637af21a8#0-t2,notify:(t:1, i:0)
2025-07-05 15:53:58,644 [grpc-default-executor-2] INFO  impl.SnapshotInstallationHandler (SnapshotInstallationHandler.java:installSnapshotImpl(147)) - 2d344aaf-3adb-4590-a8db-0ff637af21a8@group-0EF9E94BB6A3: set new configuration index: 1
configurationEntry {
  peers {
    id: "d608cca7-8f6c-485f-afd6-2c7e3558bc9e"
    address: "localhost:15003"
    startupRole: FOLLOWER
  }
}
 from snapshot
2025-07-05 15:53:58,644 [grpc-default-executor-2] INFO  server.RaftServer$Division (ServerState.java:setRaftConf(386)) - 2d344aaf-3adb-4590-a8db-0ff637af21a8@group-0EF9E94BB6A3: set configuration conf: {index: 1, cur=peers:[d608cca7-8f6c-485f-afd6-2c7e3558bc9e|localhost:15003]|listeners:[], old=null}
2025-07-05 15:53:58,648 [grpc-default-executor-3] INFO  server.GrpcLogAppender (GrpcLogAppender.java:onNext(663)) - d608cca7-8f6c-485f-afd6-2c7e3558bc9e@group-0EF9E94BB6A3->2d344aaf-3adb-4590-a8db-0ff637af21a8-InstallSnapshotResponseHandler: received a reply d608cca7-8f6c-485f-afd6-2c7e3558bc9e<-2d344aaf-3adb-4590-a8db-0ff637af21a8#0:FAIL-t2,IN_PROGRESS,snapshotIndex=0
2025-07-05 15:53:58,648 [grpc-default-executor-3] INFO  server.GrpcLogAppender (GrpcLogAppender.java:onNext(679)) - d608cca7-8f6c-485f-afd6-2c7e3558bc9e@group-0EF9E94BB6A3->2d344aaf-3adb-4590-a8db-0ff637af21a8-InstallSnapshotResponseHandler: InstallSnapshot in progress.
2025-07-05 15:53:58,649 [d608cca7-8f6c-485f-afd6-2c7e3558bc9e@group-0EF9E94BB6A3->2d344aaf-3adb-4590-a8db-0ff637af21a8-GrpcLogAppender-LogAppenderDaemon] INFO  server.GrpcLogAppender (GrpcLogAppender.java:notifyInstallSnapshot(799)) - d608cca7-8f6c-485f-afd6-2c7e3558bc9e@group-0EF9E94BB6A3->2d344aaf-3adb-4590-a8db-0ff637af21a8-GrpcLogAppender: notifyInstallSnapshot with firstAvailable=(t:1, i:0), followerNextIndex=0
2025-07-05 15:53:58,650 [d608cca7-8f6c-485f-afd6-2c7e3558bc9e@group-0EF9E94BB6A3->2d344aaf-3adb-4590-a8db-0ff637af21a8-GrpcLogAppender-LogAppenderDaemon] INFO  server.GrpcLogAppender (GrpcLogAppender.java:notifyInstallSnapshot(807)) - d608cca7-8f6c-485f-afd6-2c7e3558bc9e@group-0EF9E94BB6A3->2d344aaf-3adb-4590-a8db-0ff637af21a8-GrpcLogAppender: send d608cca7-8f6c-485f-afd6-2c7e3558bc9e->2d344aaf-3adb-4590-a8db-0ff637af21a8#0-t2,notify:(t:1, i:0)
2025-07-05 15:53:58,652 [grpc-default-executor-2] INFO  server.RaftServer$Division (RaftServerImpl.java:checkInconsistentAppendEntries(1651)) - 2d344aaf-3adb-4590-a8db-0ff637af21a8@group-0EF9E94BB6A3: Failed appendEntries as snapshot (0) installation is in progress
2025-07-05 15:53:58,652 [grpc-default-executor-2] INFO  server.RaftServer$Division (RaftServerImpl.java:appendEntriesAsync(1594)) - 2d344aaf-3adb-4590-a8db-0ff637af21a8@group-0EF9E94BB6A3: appendEntries* reply d608cca7-8f6c-485f-afd6-2c7e3558bc9e<-2d344aaf-3adb-4590-a8db-0ff637af21a8#5:FAIL-t2,INCONSISTENCY,nextIndex=0,followerCommit=-1,matchIndex=-1
2025-07-05 15:53:58,656 [grpc-default-executor-1] INFO  impl.SnapshotInstallationHandler (SnapshotInstallationHandler.java:installSnapshotImpl(147)) - 2d344aaf-3adb-4590-a8db-0ff637af21a8@group-0EF9E94BB6A3: set new configuration index: 1
configurationEntry {
  peers {
    id: "d608cca7-8f6c-485f-afd6-2c7e3558bc9e"
    address: "localhost:15003"
    startupRole: FOLLOWER
  }
}
 from snapshot
2025-07-05 15:53:58,657 [grpc-default-executor-1] INFO  server.RaftServer$Division (ServerState.java:setRaftConf(386)) - 2d344aaf-3adb-4590-a8db-0ff637af21a8@group-0EF9E94BB6A3: set configuration conf: {index: 1, cur=peers:[d608cca7-8f6c-485f-afd6-2c7e3558bc9e|localhost:15003]|listeners:[], old=null}
2025-07-05 15:53:58,661 [grpc-default-executor-1] INFO  server.GrpcLogAppender (GrpcLogAppender.java:onNext(663)) - d608cca7-8f6c-485f-afd6-2c7e3558bc9e@group-0EF9E94BB6A3->2d344aaf-3adb-4590-a8db-0ff637af21a8-InstallSnapshotResponseHandler: received a reply d608cca7-8f6c-485f-afd6-2c7e3558bc9e<-2d344aaf-3adb-4590-a8db-0ff637af21a8#0:FAIL-t2,IN_PROGRESS,snapshotIndex=0
2025-07-05 15:53:58,662 [grpc-default-executor-1] INFO  server.GrpcLogAppender (GrpcLogAppender.java:onNext(679)) - d608cca7-8f6c-485f-afd6-2c7e3558bc9e@group-0EF9E94BB6A3->2d344aaf-3adb-4590-a8db-0ff637af21a8-InstallSnapshotResponseHandler: InstallSnapshot in progress.
2025-07-05 15:53:58,663 [d608cca7-8f6c-485f-afd6-2c7e3558bc9e@group-0EF9E94BB6A3->2d344aaf-3adb-4590-a8db-0ff637af21a8-GrpcLogAppender-LogAppenderDaemon] INFO  server.GrpcLogAppender (GrpcLogAppender.java:notifyInstallSnapshot(799)) - d608cca7-8f6c-485f-afd6-2c7e3558bc9e@group-0EF9E94BB6A3->2d344aaf-3adb-4590-a8db-0ff637af21a8-GrpcLogAppender: notifyInstallSnapshot with firstAvailable=(t:1, i:0), followerNextIndex=0
2025-07-05 15:53:58,664 [d608cca7-8f6c-485f-afd6-2c7e3558bc9e@group-0EF9E94BB6A3->2d344aaf-3adb-4590-a8db-0ff637af21a8-GrpcLogAppender-LogAppenderDaemon] INFO  server.GrpcLogAppender (GrpcLogAppender.java:notifyInstallSnapshot(807)) - d608cca7-8f6c-485f-afd6-2c7e3558bc9e@group-0EF9E94BB6A3->2d344aaf-3adb-4590-a8db-0ff637af21a8-GrpcLogAppender: send d608cca7-8f6c-485f-afd6-2c7e3558bc9e->2d344aaf-3adb-4590-a8db-0ff637af21a8#0-t2,notify:(t:1, i:0)
2025-07-05 15:53:58,664 [grpc-default-executor-1] INFO  server.RaftServer$Division (RaftServerImpl.java:checkInconsistentAppendEntries(1651)) - 2d344aaf-3adb-4590-a8db-0ff637af21a8@group-0EF9E94BB6A3: Failed appendEntries as snapshot (0) installation is in progress
2025-07-05 15:53:58,665 [grpc-default-executor-1] INFO  server.RaftServer$Division (RaftServerImpl.java:appendEntriesAsync(1594)) - 2d344aaf-3adb-4590-a8db-0ff637af21a8@group-0EF9E94BB6A3: appendEntries* reply d608cca7-8f6c-485f-afd6-2c7e3558bc9e<-2d344aaf-3adb-4590-a8db-0ff637af21a8#6:FAIL-t2,INCONSISTENCY,nextIndex=0,followerCommit=-1,matchIndex=-1
2025-07-05 15:53:58,669 [grpc-default-executor-2] INFO  impl.SnapshotInstallationHandler (SnapshotInstallationHandler.java:installSnapshotImpl(147)) - 2d344aaf-3adb-4590-a8db-0ff637af21a8@group-0EF9E94BB6A3: set new configuration index: 1
configurationEntry {
  peers {
    id: "d608cca7-8f6c-485f-afd6-2c7e3558bc9e"
    address: "localhost:15003"
    startupRole: FOLLOWER
  }
}
 from snapshot
2025-07-05 15:53:58,669 [grpc-default-executor-2] INFO  server.RaftServer$Division (ServerState.java:setRaftConf(386)) - 2d344aaf-3adb-4590-a8db-0ff637af21a8@group-0EF9E94BB6A3: set configuration conf: {index: 1, cur=peers:[d608cca7-8f6c-485f-afd6-2c7e3558bc9e|localhost:15003]|listeners:[], old=null}
2025-07-05 15:53:58,672 [grpc-default-executor-2] INFO  server.GrpcLogAppender (GrpcLogAppender.java:onNext(663)) - d608cca7-8f6c-485f-afd6-2c7e3558bc9e@group-0EF9E94BB6A3->2d344aaf-3adb-4590-a8db-0ff637af21a8-InstallSnapshotResponseHandler: received a reply d608cca7-8f6c-485f-afd6-2c7e3558bc9e<-2d344aaf-3adb-4590-a8db-0ff637af21a8#0:FAIL-t2,IN_PROGRESS,snapshotIndex=0
2025-07-05 15:53:58,672 [grpc-default-executor-2] INFO  server.GrpcLogAppender (GrpcLogAppender.java:onNext(679)) - d608cca7-8f6c-485f-afd6-2c7e3558bc9e@group-0EF9E94BB6A3->2d344aaf-3adb-4590-a8db-0ff637af21a8-InstallSnapshotResponseHandler: InstallSnapshot in progress.
2025-07-05 15:53:58,673 [d608cca7-8f6c-485f-afd6-2c7e3558bc9e@group-0EF9E94BB6A3->2d344aaf-3adb-4590-a8db-0ff637af21a8-GrpcLogAppender-LogAppenderDaemon] INFO  server.GrpcLogAppender (GrpcLogAppender.java:notifyInstallSnapshot(799)) - d608cca7-8f6c-485f-afd6-2c7e3558bc9e@group-0EF9E94BB6A3->2d344aaf-3adb-4590-a8db-0ff637af21a8-GrpcLogAppender: notifyInstallSnapshot with firstAvailable=(t:1, i:0), followerNextIndex=0
2025-07-05 15:53:58,673 [d608cca7-8f6c-485f-afd6-2c7e3558bc9e@group-0EF9E94BB6A3->2d344aaf-3adb-4590-a8db-0ff637af21a8-GrpcLogAppender-LogAppenderDaemon] INFO  server.GrpcLogAppender (GrpcLogAppender.java:notifyInstallSnapshot(807)) - d608cca7-8f6c-485f-afd6-2c7e3558bc9e@group-0EF9E94BB6A3->2d344aaf-3adb-4590-a8db-0ff637af21a8-GrpcLogAppender: send d608cca7-8f6c-485f-afd6-2c7e3558bc9e->2d344aaf-3adb-4590-a8db-0ff637af21a8#0-t2,notify:(t:1, i:0)
2025-07-05 15:53:58,676 [grpc-default-executor-1] INFO  impl.SnapshotInstallationHandler (SnapshotInstallationHandler.java:installSnapshotImpl(147)) - 2d344aaf-3adb-4590-a8db-0ff637af21a8@group-0EF9E94BB6A3: set new configuration index: 1
configurationEntry {
  peers {
    id: "d608cca7-8f6c-485f-afd6-2c7e3558bc9e"
    address: "localhost:15003"
    startupRole: FOLLOWER
  }
}
 from snapshot
2025-07-05 15:53:58,678 [grpc-default-executor-1] INFO  server.RaftServer$Division (ServerState.java:setRaftConf(386)) - 2d344aaf-3adb-4590-a8db-0ff637af21a8@group-0EF9E94BB6A3: set configuration conf: {index: 1, cur=peers:[d608cca7-8f6c-485f-afd6-2c7e3558bc9e|localhost:15003]|listeners:[], old=null}
2025-07-05 15:53:58,676 [grpc-default-executor-2] INFO  server.RaftServer$Division (RaftServerImpl.java:checkInconsistentAppendEntries(1651)) - 2d344aaf-3adb-4590-a8db-0ff637af21a8@group-0EF9E94BB6A3: Failed appendEntries as snapshot (0) installation is in progress
2025-07-05 15:53:58,679 [grpc-default-executor-2] INFO  server.RaftServer$Division (RaftServerImpl.java:appendEntriesAsync(1594)) - 2d344aaf-3adb-4590-a8db-0ff637af21a8@group-0EF9E94BB6A3: appendEntries* reply d608cca7-8f6c-485f-afd6-2c7e3558bc9e<-2d344aaf-3adb-4590-a8db-0ff637af21a8#7:FAIL-t2,INCONSISTENCY,nextIndex=0,followerCommit=-1,matchIndex=-1
2025-07-05 15:53:58,683 [grpc-default-executor-1] INFO  server.GrpcLogAppender (GrpcLogAppender.java:onNext(663)) - d608cca7-8f6c-485f-afd6-2c7e3558bc9e@group-0EF9E94BB6A3->2d344aaf-3adb-4590-a8db-0ff637af21a8-InstallSnapshotResponseHandler: received a reply d608cca7-8f6c-485f-afd6-2c7e3558bc9e<-2d344aaf-3adb-4590-a8db-0ff637af21a8#0:FAIL-t2,IN_PROGRESS,snapshotIndex=0
2025-07-05 15:53:58,683 [grpc-default-executor-1] INFO  server.GrpcLogAppender (GrpcLogAppender.java:onNext(679)) - d608cca7-8f6c-485f-afd6-2c7e3558bc9e@group-0EF9E94BB6A3->2d344aaf-3adb-4590-a8db-0ff637af21a8-InstallSnapshotResponseHandler: InstallSnapshot in progress.
2025-07-05 15:53:58,686 [grpc-default-executor-1] INFO  server.RaftServer$Division (RaftServerImpl.java:checkInconsistentAppendEntries(1651)) - 2d344aaf-3adb-4590-a8db-0ff637af21a8@group-0EF9E94BB6A3: Failed appendEntries as snapshot (0) installation is in progress
2025-07-05 15:53:58,686 [grpc-default-executor-1] INFO  server.RaftServer$Division (RaftServerImpl.java:appendEntriesAsync(1594)) - 2d344aaf-3adb-4590-a8db-0ff637af21a8@group-0EF9E94BB6A3: appendEntries* reply d608cca7-8f6c-485f-afd6-2c7e3558bc9e<-2d344aaf-3adb-4590-a8db-0ff637af21a8#8:FAIL-t2,INCONSISTENCY,nextIndex=0,followerCommit=-1,matchIndex=-1
2025-07-05 15:53:58,687 [d608cca7-8f6c-485f-afd6-2c7e3558bc9e@group-0EF9E94BB6A3->2d344aaf-3adb-4590-a8db-0ff637af21a8-GrpcLogAppender-LogAppenderDaemon] INFO  server.GrpcLogAppender (GrpcLogAppender.java:notifyInstallSnapshot(799)) - d608cca7-8f6c-485f-afd6-2c7e3558bc9e@group-0EF9E94BB6A3->2d344aaf-3adb-4590-a8db-0ff637af21a8-GrpcLogAppender: notifyInstallSnapshot with firstAvailable=(t:1, i:0), followerNextIndex=0
2025-07-05 15:53:58,687 [d608cca7-8f6c-485f-afd6-2c7e3558bc9e@group-0EF9E94BB6A3->2d344aaf-3adb-4590-a8db-0ff637af21a8-GrpcLogAppender-LogAppenderDaemon] INFO  server.GrpcLogAppender (GrpcLogAppender.java:notifyInstallSnapshot(807)) - d608cca7-8f6c-485f-afd6-2c7e3558bc9e@group-0EF9E94BB6A3->2d344aaf-3adb-4590-a8db-0ff637af21a8-GrpcLogAppender: send d608cca7-8f6c-485f-afd6-2c7e3558bc9e->2d344aaf-3adb-4590-a8db-0ff637af21a8#0-t2,notify:(t:1, i:0)
2025-07-05 15:53:58,691 [grpc-default-executor-2] INFO  impl.SnapshotInstallationHandler (SnapshotInstallationHandler.java:installSnapshotImpl(147)) - 2d344aaf-3adb-4590-a8db-0ff637af21a8@group-0EF9E94BB6A3: set new configuration index: 1
configurationEntry {
  peers {
    id: "d608cca7-8f6c-485f-afd6-2c7e3558bc9e"
    address: "localhost:15003"
    startupRole: FOLLOWER
  }
}
 from snapshot
2025-07-05 15:53:58,691 [grpc-default-executor-2] INFO  server.RaftServer$Division (ServerState.java:setRaftConf(386)) - 2d344aaf-3adb-4590-a8db-0ff637af21a8@group-0EF9E94BB6A3: set configuration conf: {index: 1, cur=peers:[d608cca7-8f6c-485f-afd6-2c7e3558bc9e|localhost:15003]|listeners:[], old=null}
2025-07-05 15:53:58,699 [grpc-default-executor-2] INFO  server.GrpcLogAppender (GrpcLogAppender.java:onNext(663)) - d608cca7-8f6c-485f-afd6-2c7e3558bc9e@group-0EF9E94BB6A3->2d344aaf-3adb-4590-a8db-0ff637af21a8-InstallSnapshotResponseHandler: received a reply d608cca7-8f6c-485f-afd6-2c7e3558bc9e<-2d344aaf-3adb-4590-a8db-0ff637af21a8#0:FAIL-t2,IN_PROGRESS,snapshotIndex=0
2025-07-05 15:53:58,701 [grpc-default-executor-2] INFO  server.GrpcLogAppender (GrpcLogAppender.java:onNext(679)) - d608cca7-8f6c-485f-afd6-2c7e3558bc9e@group-0EF9E94BB6A3->2d344aaf-3adb-4590-a8db-0ff637af21a8-InstallSnapshotResponseHandler: InstallSnapshot in progress.
2025-07-05 15:53:58,703 [d608cca7-8f6c-485f-afd6-2c7e3558bc9e@group-0EF9E94BB6A3->2d344aaf-3adb-4590-a8db-0ff637af21a8-GrpcLogAppender-LogAppenderDaemon] INFO  server.GrpcLogAppender (GrpcLogAppender.java:notifyInstallSnapshot(799)) - d608cca7-8f6c-485f-afd6-2c7e3558bc9e@group-0EF9E94BB6A3->2d344aaf-3adb-4590-a8db-0ff637af21a8-GrpcLogAppender: notifyInstallSnapshot with firstAvailable=(t:1, i:0), followerNextIndex=0
2025-07-05 15:53:58,703 [d608cca7-8f6c-485f-afd6-2c7e3558bc9e@group-0EF9E94BB6A3->2d344aaf-3adb-4590-a8db-0ff637af21a8-GrpcLogAppender-LogAppenderDaemon] INFO  server.GrpcLogAppender (GrpcLogAppender.java:notifyInstallSnapshot(807)) - d608cca7-8f6c-485f-afd6-2c7e3558bc9e@group-0EF9E94BB6A3->2d344aaf-3adb-4590-a8db-0ff637af21a8-GrpcLogAppender: send d608cca7-8f6c-485f-afd6-2c7e3558bc9e->2d344aaf-3adb-4590-a8db-0ff637af21a8#0-t2,notify:(t:1, i:0)
2025-07-05 15:53:58,706 [grpc-default-executor-2] INFO  server.RaftServer$Division (RaftServerImpl.java:checkInconsistentAppendEntries(1651)) - 2d344aaf-3adb-4590-a8db-0ff637af21a8@group-0EF9E94BB6A3: Failed appendEntries as snapshot (0) installation is in progress
2025-07-05 15:53:58,706 [grpc-default-executor-2] INFO  server.RaftServer$Division (RaftServerImpl.java:appendEntriesAsync(1594)) - 2d344aaf-3adb-4590-a8db-0ff637af21a8@group-0EF9E94BB6A3: appendEntries* reply d608cca7-8f6c-485f-afd6-2c7e3558bc9e<-2d344aaf-3adb-4590-a8db-0ff637af21a8#9:FAIL-t2,INCONSISTENCY,nextIndex=0,followerCommit=-1,matchIndex=-1
2025-07-05 15:53:58,709 [grpc-default-executor-1] INFO  impl.SnapshotInstallationHandler (SnapshotInstallationHandler.java:installSnapshotImpl(147)) - 2d344aaf-3adb-4590-a8db-0ff637af21a8@group-0EF9E94BB6A3: set new configuration index: 1
configurationEntry {
  peers {
    id: "d608cca7-8f6c-485f-afd6-2c7e3558bc9e"
    address: "localhost:15003"
    startupRole: FOLLOWER
  }
}
 from snapshot
2025-07-05 15:53:58,709 [grpc-default-executor-1] INFO  server.RaftServer$Division (ServerState.java:setRaftConf(386)) - 2d344aaf-3adb-4590-a8db-0ff637af21a8@group-0EF9E94BB6A3: set configuration conf: {index: 1, cur=peers:[d608cca7-8f6c-485f-afd6-2c7e3558bc9e|localhost:15003]|listeners:[], old=null}
2025-07-05 15:53:58,715 [grpc-default-executor-2] INFO  server.GrpcLogAppender (GrpcLogAppender.java:onNext(663)) - d608cca7-8f6c-485f-afd6-2c7e3558bc9e@group-0EF9E94BB6A3->2d344aaf-3adb-4590-a8db-0ff637af21a8-InstallSnapshotResponseHandler: received a reply d608cca7-8f6c-485f-afd6-2c7e3558bc9e<-2d344aaf-3adb-4590-a8db-0ff637af21a8#0:FAIL-t2,IN_PROGRESS,snapshotIndex=0
2025-07-05 15:53:58,715 [grpc-default-executor-2] INFO  server.GrpcLogAppender (GrpcLogAppender.java:onNext(679)) - d608cca7-8f6c-485f-afd6-2c7e3558bc9e@group-0EF9E94BB6A3->2d344aaf-3adb-4590-a8db-0ff637af21a8-InstallSnapshotResponseHandler: InstallSnapshot in progress.
2025-07-05 15:53:58,718 [d608cca7-8f6c-485f-afd6-2c7e3558bc9e@group-0EF9E94BB6A3->2d344aaf-3adb-4590-a8db-0ff637af21a8-GrpcLogAppender-LogAppenderDaemon] INFO  server.GrpcLogAppender (GrpcLogAppender.java:notifyInstallSnapshot(799)) - d608cca7-8f6c-485f-afd6-2c7e3558bc9e@group-0EF9E94BB6A3->2d344aaf-3adb-4590-a8db-0ff637af21a8-GrpcLogAppender: notifyInstallSnapshot with firstAvailable=(t:1, i:0), followerNextIndex=0
2025-07-05 15:53:58,718 [d608cca7-8f6c-485f-afd6-2c7e3558bc9e@group-0EF9E94BB6A3->2d344aaf-3adb-4590-a8db-0ff637af21a8-GrpcLogAppender-LogAppenderDaemon] INFO  server.GrpcLogAppender (GrpcLogAppender.java:notifyInstallSnapshot(807)) - d608cca7-8f6c-485f-afd6-2c7e3558bc9e@group-0EF9E94BB6A3->2d344aaf-3adb-4590-a8db-0ff637af21a8-GrpcLogAppender: send d608cca7-8f6c-485f-afd6-2c7e3558bc9e->2d344aaf-3adb-4590-a8db-0ff637af21a8#0-t2,notify:(t:1, i:0)
2025-07-05 15:53:58,723 [grpc-default-executor-1] INFO  impl.SnapshotInstallationHandler (SnapshotInstallationHandler.java:installSnapshotImpl(147)) - 2d344aaf-3adb-4590-a8db-0ff637af21a8@group-0EF9E94BB6A3: set new configuration index: 1
configurationEntry {
  peers {
    id: "d608cca7-8f6c-485f-afd6-2c7e3558bc9e"
    address: "localhost:15003"
    startupRole: FOLLOWER
  }
}
 from snapshot
2025-07-05 15:53:58,723 [scmNode-2-SCMInstallSnapshot-0] INFO  ha.SCMHAManagerImpl (SCMHAManagerImpl.java:verifyCheckpointFromLeader(221)) - 2d344aaf-3adb-4590-a8db-0ff637af21a8: Verify checkpoint 2#5 from leader scmNode-1
2025-07-05 15:53:58,723 [scmNode-2-SCMInstallSnapshot-0] INFO  impl.SnapshotInstallationHandler (SnapshotInstallationHandler.java:lambda$notifyStateMachineToInstallSnapshot$8(320)) - 2d344aaf-3adb-4590-a8db-0ff637af21a8@group-0EF9E94BB6A3: StateMachine successfully installed snapshot index 5. Reloading the StateMachine.
2025-07-05 15:53:58,723 [grpc-default-executor-2] INFO  server.RaftServer$Division (RaftServerImpl.java:checkInconsistentAppendEntries(1651)) - 2d344aaf-3adb-4590-a8db-0ff637af21a8@group-0EF9E94BB6A3: Failed appendEntries as snapshot (0) installation is in progress
2025-07-05 15:53:58,724 [grpc-default-executor-2] INFO  server.RaftServer$Division (RaftServerImpl.java:appendEntriesAsync(1594)) - 2d344aaf-3adb-4590-a8db-0ff637af21a8@group-0EF9E94BB6A3: appendEntries* reply d608cca7-8f6c-485f-afd6-2c7e3558bc9e<-2d344aaf-3adb-4590-a8db-0ff637af21a8#10:FAIL-t2,INCONSISTENCY,nextIndex=0,followerCommit=-1,matchIndex=-1
2025-07-05 15:53:58,724 [grpc-default-executor-1] INFO  server.RaftServer$Division (ServerState.java:setRaftConf(386)) - 2d344aaf-3adb-4590-a8db-0ff637af21a8@group-0EF9E94BB6A3: set configuration conf: {index: 1, cur=peers:[d608cca7-8f6c-485f-afd6-2c7e3558bc9e|localhost:15003]|listeners:[], old=null}
2025-07-05 15:53:58,728 [grpc-default-executor-1] INFO  server.GrpcLogAppender (GrpcLogAppender.java:onNext(663)) - d608cca7-8f6c-485f-afd6-2c7e3558bc9e@group-0EF9E94BB6A3->2d344aaf-3adb-4590-a8db-0ff637af21a8-InstallSnapshotResponseHandler: received a reply d608cca7-8f6c-485f-afd6-2c7e3558bc9e<-2d344aaf-3adb-4590-a8db-0ff637af21a8#0:FAIL-t2,IN_PROGRESS,snapshotIndex=0
2025-07-05 15:53:58,728 [grpc-default-executor-1] INFO  server.GrpcLogAppender (GrpcLogAppender.java:onNext(679)) - d608cca7-8f6c-485f-afd6-2c7e3558bc9e@group-0EF9E94BB6A3->2d344aaf-3adb-4590-a8db-0ff637af21a8-InstallSnapshotResponseHandler: InstallSnapshot in progress.
2025-07-05 15:53:58,730 [grpc-default-executor-1] INFO  server.RaftServer$Division (RaftServerImpl.java:checkInconsistentAppendEntries(1651)) - 2d344aaf-3adb-4590-a8db-0ff637af21a8@group-0EF9E94BB6A3: Failed appendEntries as snapshot (0) installation is in progress
2025-07-05 15:53:58,730 [grpc-default-executor-1] INFO  server.RaftServer$Division (RaftServerImpl.java:appendEntriesAsync(1594)) - 2d344aaf-3adb-4590-a8db-0ff637af21a8@group-0EF9E94BB6A3: appendEntries* reply d608cca7-8f6c-485f-afd6-2c7e3558bc9e<-2d344aaf-3adb-4590-a8db-0ff637af21a8#11:FAIL-t2,INCONSISTENCY,nextIndex=0,followerCommit=-1,matchIndex=-1
2025-07-05 15:53:58,730 [d608cca7-8f6c-485f-afd6-2c7e3558bc9e@group-0EF9E94BB6A3->2d344aaf-3adb-4590-a8db-0ff637af21a8-GrpcLogAppender-LogAppenderDaemon] INFO  server.GrpcLogAppender (GrpcLogAppender.java:notifyInstallSnapshot(799)) - d608cca7-8f6c-485f-afd6-2c7e3558bc9e@group-0EF9E94BB6A3->2d344aaf-3adb-4590-a8db-0ff637af21a8-GrpcLogAppender: notifyInstallSnapshot with firstAvailable=(t:1, i:0), followerNextIndex=0
2025-07-05 15:53:58,730 [d608cca7-8f6c-485f-afd6-2c7e3558bc9e@group-0EF9E94BB6A3->2d344aaf-3adb-4590-a8db-0ff637af21a8-GrpcLogAppender-LogAppenderDaemon] INFO  server.GrpcLogAppender (GrpcLogAppender.java:notifyInstallSnapshot(807)) - d608cca7-8f6c-485f-afd6-2c7e3558bc9e@group-0EF9E94BB6A3->2d344aaf-3adb-4590-a8db-0ff637af21a8-GrpcLogAppender: send d608cca7-8f6c-485f-afd6-2c7e3558bc9e->2d344aaf-3adb-4590-a8db-0ff637af21a8#0-t2,notify:(t:1, i:0)
2025-07-05 15:53:58,733 [grpc-default-executor-2] INFO  ha.SCMStateMachine (SCMStateMachine.java:pause(393)) - 2d344aaf-3adb-4590-a8db-0ff637af21a8: Try to pause from current LifeCycle state SCMStateMachine:2d344aaf-3adb-4590-a8db-0ff637af21a8:group-0EF9E94BB6A3:RUNNING
2025-07-05 15:53:58,733 [grpc-default-executor-2] INFO  raftlog.RaftLog (RaftLogBase.java:lambda$new$0(54)) - 2d344aaf-3adb-4590-a8db-0ff637af21a8@group-0EF9E94BB6A3-SegmentedRaftLog: snapshotIndex: updateIncreasingly -1 -> 5
2025-07-05 15:53:58,733 [grpc-default-executor-2] INFO  segmented.SegmentedRaftLogWorker (SegmentedRaftLogWorker.java:lambda$new$0(141)) - 2d344aaf-3adb-4590-a8db-0ff637af21a8@group-0EF9E94BB6A3-SegmentedRaftLogWorker: flushIndex: setUnconditionally -1 -> 5
2025-07-05 15:53:58,733 [grpc-default-executor-2] INFO  segmented.SegmentedRaftLogWorker (SegmentedRaftLogWorker.java:lambda$new$0(141)) - 2d344aaf-3adb-4590-a8db-0ff637af21a8@group-0EF9E94BB6A3-SegmentedRaftLogWorker: safeCacheEvictIndex: setUnconditionally -1 -> 5
2025-07-05 15:53:58,734 [grpc-default-executor-2] INFO  raftlog.RaftLog (RaftLogBase.java:lambda$new$0(54)) - 2d344aaf-3adb-4590-a8db-0ff637af21a8@group-0EF9E94BB6A3-SegmentedRaftLog: purgeIndex: updateToMax old=-1, new=5, updated? true
2025-07-05 15:53:58,735 [grpc-default-executor-2] INFO  impl.SnapshotInstallationHandler (SnapshotInstallationHandler.java:notifyStateMachineToInstallSnapshot(365)) - 2d344aaf-3adb-4590-a8db-0ff637af21a8@group-0EF9E94BB6A3: InstallSnapshot notification result: SNAPSHOT_INSTALLED, at index: (t:2, i:5)
2025-07-05 15:53:58,736 [grpc-default-executor-2] INFO  impl.SnapshotInstallationHandler (SnapshotInstallationHandler.java:installSnapshotImpl(147)) - 2d344aaf-3adb-4590-a8db-0ff637af21a8@group-0EF9E94BB6A3: set new configuration index: 1
configurationEntry {
  peers {
    id: "d608cca7-8f6c-485f-afd6-2c7e3558bc9e"
    address: "localhost:15003"
    startupRole: FOLLOWER
  }
}
 from snapshot
2025-07-05 15:53:58,736 [grpc-default-executor-2] INFO  server.RaftServer$Division (ServerState.java:setRaftConf(386)) - 2d344aaf-3adb-4590-a8db-0ff637af21a8@group-0EF9E94BB6A3: set configuration conf: {index: 1, cur=peers:[d608cca7-8f6c-485f-afd6-2c7e3558bc9e|localhost:15003]|listeners:[], old=null}
2025-07-05 15:53:58,739 [grpc-default-executor-2] INFO  server.GrpcLogAppender (GrpcLogAppender.java:onNext(663)) - d608cca7-8f6c-485f-afd6-2c7e3558bc9e@group-0EF9E94BB6A3->2d344aaf-3adb-4590-a8db-0ff637af21a8-InstallSnapshotResponseHandler: received a reply d608cca7-8f6c-485f-afd6-2c7e3558bc9e<-2d344aaf-3adb-4590-a8db-0ff637af21a8#0:OK-t2,SNAPSHOT_INSTALLED,snapshotIndex=5
2025-07-05 15:53:58,739 [grpc-default-executor-2] INFO  server.GrpcLogAppender (GrpcLogAppender.java:onNext(701)) - d608cca7-8f6c-485f-afd6-2c7e3558bc9e@group-0EF9E94BB6A3->2d344aaf-3adb-4590-a8db-0ff637af21a8-InstallSnapshotResponseHandler: Follower installed snapshot at index 5
2025-07-05 15:53:58,740 [grpc-default-executor-2] INFO  leader.FollowerInfo (FollowerInfoImpl.java:info(64)) - d608cca7-8f6c-485f-afd6-2c7e3558bc9e@group-0EF9E94BB6A3->2d344aaf-3adb-4590-a8db-0ff637af21a8: snapshotIndex: setUnconditionally 0 -> 5
2025-07-05 15:53:58,740 [grpc-default-executor-2] INFO  leader.FollowerInfo (FollowerInfoImpl.java:info(64)) - d608cca7-8f6c-485f-afd6-2c7e3558bc9e@group-0EF9E94BB6A3->2d344aaf-3adb-4590-a8db-0ff637af21a8: matchIndex: setUnconditionally -1 -> 5
2025-07-05 15:53:58,740 [grpc-default-executor-2] INFO  leader.FollowerInfo (FollowerInfoImpl.java:info(64)) - d608cca7-8f6c-485f-afd6-2c7e3558bc9e@group-0EF9E94BB6A3->2d344aaf-3adb-4590-a8db-0ff637af21a8: nextIndex: setUnconditionally 0 -> 6
2025-07-05 15:53:58,740 [grpc-default-executor-2] INFO  leader.FollowerInfo (FollowerInfoImpl.java:setAttemptedToInstallSnapshot(154)) - Follower d608cca7-8f6c-485f-afd6-2c7e3558bc9e@group-0EF9E94BB6A3->2d344aaf-3adb-4590-a8db-0ff637af21a8 acknowledged installing snapshot
2025-07-05 15:53:58,740 [grpc-default-executor-2] INFO  server.GrpcLogAppender (GrpcLogAppender.java:increaseNextIndex(464)) - d608cca7-8f6c-485f-afd6-2c7e3558bc9e@group-0EF9E94BB6A3->2d344aaf-3adb-4590-a8db-0ff637af21a8-GrpcLogAppender: updateNextIndex 6 for SNAPSHOT_INSTALLED
2025-07-05 15:53:58,741 [grpc-default-executor-2] INFO  server.GrpcLogAppender (GrpcLogAppender.java:onFollowerCatchup(629)) - d608cca7-8f6c-485f-afd6-2c7e3558bc9e@group-0EF9E94BB6A3->2d344aaf-3adb-4590-a8db-0ff637af21a8-InstallSnapshotResponseHandler: Follower can catch up leader after install the snapshot, as leader's start index is 6
2025-07-05 15:53:58,771 [2d344aaf-3adb-4590-a8db-0ff637af21a8@group-0EF9E94BB6A3-StateMachineUpdater] INFO  ha.SCMHAManagerImpl (SCMHAManagerImpl.java:installCheckpoint(273)) - 2d344aaf-3adb-4590-a8db-0ff637af21a8: Install checkpoint 2#5
2025-07-05 15:53:58,778 [2d344aaf-3adb-4590-a8db-0ff637af21a8@group-0EF9E94BB6A3-StateMachineUpdater] INFO  ha.SCMHAManagerImpl (SCMHAManagerImpl.java:installCheckpoint(311)) - Replaced DB with checkpoint, term: 2, index: 5
2025-07-05 15:53:58,778 [2d344aaf-3adb-4590-a8db-0ff637af21a8@group-0EF9E94BB6A3-StateMachineUpdater] WARN  utils.HAUtils (HAUtils.java:getMetaDir(311)) - ozone.scm.db.dirs is not configured. We recommend adding this setting. Falling back to ozone.metadata.dirs instead.
2025-07-05 15:53:58,778 [2d344aaf-3adb-4590-a8db-0ff637af21a8@group-0EF9E94BB6A3-StateMachineUpdater] WARN  db.DBStoreBuilder (DBStoreBuilder.java:getDBDirPath(158)) - ozone.scm.db.dirs is not configured. We recommend adding this setting. Falling back to ozone.metadata.dirs instead.
2025-07-05 15:53:58,806 [2d344aaf-3adb-4590-a8db-0ff637af21a8@group-0EF9E94BB6A3-StateMachineUpdater] INFO  ha.SequenceIdGenerator (SequenceIdGenerator.java:reinitialize(176)) - reinitialize SequenceIdGenerator.
2025-07-05 15:53:58,807 [2d344aaf-3adb-4590-a8db-0ff637af21a8@group-0EF9E94BB6A3-StateMachineUpdater] INFO  pipeline.PipelineStateManagerImpl (PipelineStateManagerImpl.java:initialize(75)) - No pipeline exists in current db
2025-07-05 15:53:58,809 [2d344aaf-3adb-4590-a8db-0ff637af21a8@group-0EF9E94BB6A3-StateMachineUpdater] INFO  ha.SCMHAManagerImpl (SCMHAManagerImpl.java:installCheckpoint(326)) - Reloaded SCM state with Term: 2 and Index: 5
2025-07-05 15:53:58,811 [2d344aaf-3adb-4590-a8db-0ff637af21a8@group-0EF9E94BB6A3-StateMachineUpdater] INFO  ha.SCMStateMachine (SCMStateMachine.java:reinitialize(419)) - 2d344aaf-3adb-4590-a8db-0ff637af21a8: SCMStateMachine is reinitializing. newTermIndex = (t:2, i:5)
2025-07-05 15:53:58,812 [2d344aaf-3adb-4590-a8db-0ff637af21a8@group-0EF9E94BB6A3-StateMachineUpdater] INFO  symmetric.SecretKeyStateImpl (SecretKeyStateImpl.java:updateKeysInternal(111)) - Updating keys with [SecretKey(id = d68e803d-24ae-4d18-af54-e13ef808b648, creation at: 2025-07-05T15:53:53.915Z, expire at: 2025-07-05T16:02:13.915Z)]
2025-07-05 15:53:58,812 [2d344aaf-3adb-4590-a8db-0ff637af21a8@group-0EF9E94BB6A3-StateMachineUpdater] INFO  symmetric.SecretKeyStateImpl (SecretKeyStateImpl.java:updateKeysInternal(126)) - Current key updated SecretKey(id = d68e803d-24ae-4d18-af54-e13ef808b648, creation at: 2025-07-05T15:53:53.915Z, expire at: 2025-07-05T16:02:13.915Z)
2025-07-05 15:53:58,815 [2d344aaf-3adb-4590-a8db-0ff637af21a8@group-0EF9E94BB6A3-StateMachineUpdater] INFO  symmetric.LocalSecretKeyStore (LocalSecretKeyStore.java:save(107)) - Saved [SecretKey(id = d68e803d-24ae-4d18-af54-e13ef808b648, creation at: 2025-07-05T15:53:53.915Z, expire at: 2025-07-05T16:02:13.915Z)] to file /home/runner/work/ozone/ozone/hadoop-ozone/integration-test/target/test-dir/MiniOzoneClusterImpl-ea17cf83-5a24-424f-8e3a-0ef9e94bb6a3/scmNode-2/scm/keys/secret_keys.json
2025-07-05 15:53:58,815 [2d344aaf-3adb-4590-a8db-0ff637af21a8@group-0EF9E94BB6A3-StateMachineUpdater] INFO  impl.StateMachineUpdater (StateMachineUpdater.java:lambda$new$0(101)) - 2d344aaf-3adb-4590-a8db-0ff637af21a8@group-0EF9E94BB6A3-StateMachineUpdater: snapshotIndex: setUnconditionally -1 -> 5
2025-07-05 15:53:58,815 [2d344aaf-3adb-4590-a8db-0ff637af21a8@group-0EF9E94BB6A3-StateMachineUpdater] INFO  impl.StateMachineUpdater (StateMachineUpdater.java:lambda$new$0(101)) - 2d344aaf-3adb-4590-a8db-0ff637af21a8@group-0EF9E94BB6A3-StateMachineUpdater: appliedIndex: setUnconditionally -1 -> 5
2025-07-05 15:54:03,333 [d608cca7-8f6c-485f-afd6-2c7e3558bc9e@group-0EF9E94BB6A3-LeaderStateImpl] INFO  server.RaftServer$Division (ServerState.java:setRaftConf(386)) - d608cca7-8f6c-485f-afd6-2c7e3558bc9e@group-0EF9E94BB6A3: set configuration conf: {index: 6, cur=peers:[2d344aaf-3adb-4590-a8db-0ff637af21a8|localhost:15011, d608cca7-8f6c-485f-afd6-2c7e3558bc9e|localhost:15003]|listeners:[], old=peers:[d608cca7-8f6c-485f-afd6-2c7e3558bc9e|localhost:15003]|listeners:[]}
2025-07-05 15:54:03,338 [grpc-default-executor-2] INFO  impl.RoleInfo (RoleInfo.java:updateAndGet(148)) - 2d344aaf-3adb-4590-a8db-0ff637af21a8: start 2d344aaf-3adb-4590-a8db-0ff637af21a8@group-0EF9E94BB6A3-FollowerState
2025-07-05 15:54:03,338 [grpc-default-executor-2] INFO  server.RaftServer$Division (ServerState.java:setRaftConf(386)) - 2d344aaf-3adb-4590-a8db-0ff637af21a8@group-0EF9E94BB6A3: set configuration conf: {index: 6, cur=peers:[2d344aaf-3adb-4590-a8db-0ff637af21a8|localhost:15011, d608cca7-8f6c-485f-afd6-2c7e3558bc9e|localhost:15003]|listeners:[], old=peers:[d608cca7-8f6c-485f-afd6-2c7e3558bc9e|localhost:15003]|listeners:[]}
2025-07-05 15:54:03,340 [grpc-default-executor-2] INFO  segmented.SegmentedRaftLogWorker (SegmentedRaftLogWorker.java:startLogSegment(440)) - 2d344aaf-3adb-4590-a8db-0ff637af21a8@group-0EF9E94BB6A3-SegmentedRaftLogWorker: Starting segment from index:6
2025-07-05 15:54:03,341 [2d344aaf-3adb-4590-a8db-0ff637af21a8@group-0EF9E94BB6A3-SegmentedRaftLogWorker] INFO  segmented.BufferedWriteChannel (BufferedWriteChannel.java:open(61)) - open log_inprogress_6 at position 0
2025-07-05 15:54:03,341 [grpc-default-executor-2] INFO  server.RaftServer$Division (RaftServerImpl.java:appendEntriesAsync(1611)) -  FOLLOWER (RUNNING): 2d344aaf-3adb-4590-a8db-0ff637af21a8@group-0EF9E94BB6A3:t2, leader=d608cca7-8f6c-485f-afd6-2c7e3558bc9e, voted=null, raftlog=Memoized:2d344aaf-3adb-4590-a8db-0ff637af21a8@group-0EF9E94BB6A3-SegmentedRaftLog:OPENED:c5:last(t:2, i:6), conf=conf: {index: 6, cur=peers:[2d344aaf-3adb-4590-a8db-0ff637af21a8|localhost:15011, d608cca7-8f6c-485f-afd6-2c7e3558bc9e|localhost:15003]|listeners:[], old=peers:[d608cca7-8f6c-485f-afd6-2c7e3558bc9e|localhost:15003]|listeners:[]}: Follower has completed install the snapshot 5.
2025-07-05 15:54:03,349 [2d344aaf-3adb-4590-a8db-0ff637af21a8@group-0EF9E94BB6A3-SegmentedRaftLogWorker] INFO  segmented.SegmentedRaftLogWorker (SegmentedRaftLogWorker.java:execute(647)) - 2d344aaf-3adb-4590-a8db-0ff637af21a8@group-0EF9E94BB6A3-SegmentedRaftLogWorker: created new log segment /home/runner/work/ozone/ozone/hadoop-ozone/integration-test/target/test-dir/MiniOzoneClusterImpl-ea17cf83-5a24-424f-8e3a-0ef9e94bb6a3/scmNode-2/scm-ha/ea17cf83-5a24-424f-8e3a-0ef9e94bb6a3/current/log_inprogress_6
2025-07-05 15:54:03,352 [d608cca7-8f6c-485f-afd6-2c7e3558bc9e@group-0EF9E94BB6A3-LeaderStateImpl] INFO  server.RaftServer$Division (ServerState.java:setRaftConf(386)) - d608cca7-8f6c-485f-afd6-2c7e3558bc9e@group-0EF9E94BB6A3: set configuration conf: {index: 7, cur=peers:[2d344aaf-3adb-4590-a8db-0ff637af21a8|localhost:15011, d608cca7-8f6c-485f-afd6-2c7e3558bc9e|localhost:15003]|listeners:[], old=null}
2025-07-05 15:54:03,354 [grpc-default-executor-2] INFO  server.RaftServer$Division (ServerState.java:setRaftConf(386)) - 2d344aaf-3adb-4590-a8db-0ff637af21a8@group-0EF9E94BB6A3: set configuration conf: {index: 7, cur=peers:[2d344aaf-3adb-4590-a8db-0ff637af21a8|localhost:15011, d608cca7-8f6c-485f-afd6-2c7e3558bc9e|localhost:15003]|listeners:[], old=null}
2025-07-05 15:54:03,356 [IPC Server handler 0 on default port 15007] INFO  ha.SCMRatisServerImpl (SCMRatisServerImpl.java:addSCM(339)) - Successfully added new SCM: 2d344aaf-3adb-4590-a8db-0ff637af21a8.
2025-07-05 15:54:03,357 [2d344aaf-3adb-4590-a8db-0ff637af21a8@group-0EF9E94BB6A3-StateMachineUpdater] INFO  safemode.RatisContainerSafeModeRule (RatisContainerSafeModeRule.java:initializeRule(160)) - Refreshed Containers with one replica threshold count 0.
2025-07-05 15:54:03,357 [2d344aaf-3adb-4590-a8db-0ff637af21a8@group-0EF9E94BB6A3-StateMachineUpdater] INFO  safemode.HealthyPipelineSafeModeRule (HealthyPipelineSafeModeRule.java:initializeRule(228)) - Refreshed total pipeline count is 0, healthy pipeline threshold count is 1
2025-07-05 15:54:03,357 [2d344aaf-3adb-4590-a8db-0ff637af21a8@group-0EF9E94BB6A3-StateMachineUpdater] INFO  safemode.ECContainerSafeModeRule (ECContainerSafeModeRule.java:initializeRule(205)) - Refreshed Containers with ec n replica threshold count 0.
2025-07-05 15:54:03,357 [2d344aaf-3adb-4590-a8db-0ff637af21a8@group-0EF9E94BB6A3-StateMachineUpdater] INFO  safemode.OneReplicaPipelineSafeModeRule (OneReplicaPipelineSafeModeRule.java:initializeRule(186)) - Refreshed Total pipeline count is 0, pipeline's with at least one datanode reported threshold count is 0
2025-07-05 15:54:03,357 [2d344aaf-3adb-4590-a8db-0ff637af21a8@group-0EF9E94BB6A3-StateMachineUpdater] INFO  server.SCMDatanodeProtocolServer (SCMDatanodeProtocolServer.java:start(195)) - ScmDatanodeProtocol RPC server for DataNodes is listening at /0.0.0.0:15012
2025-07-05 15:54:03,358 [IPC Server Responder] INFO  ipc.Server (Server.java:run(1713)) - IPC Server Responder: starting
2025-07-05 15:54:03,358 [IPC Server listener on 15012] INFO  ipc.Server (Server.java:run(1553)) - IPC Server listener on 15012: starting
2025-07-05 15:54:03,359 [main] INFO  ha.SCMHAManagerImpl (SCMHAManagerImpl.java:start(127)) - Successfully added SCM scmNode-2 to group group-0EF9E94BB6A3:[2d344aaf-3adb-4590-a8db-0ff637af21a8|localhost:15011, d608cca7-8f6c-485f-afd6-2c7e3558bc9e|localhost:15003]
2025-07-05 15:54:03,359 [main] INFO  ha.InterSCMGrpcService (InterSCMGrpcProtocolService.java:start(98)) - Starting SCM Grpc Service at port 15014
2025-07-05 15:54:03,360 [main] INFO  SCMHATransactionMonitor (BackgroundSCMService.java:start(64)) - Starting SCMHATransactionMonitor Service.
2025-07-05 15:54:03,360 [main] INFO  ha.SCMServiceManager (SCMServiceManager.java:register(42)) - Registering service SCMHATransactionMonitor.
2025-07-05 15:54:03,360 [main] INFO  SCMHATransactionMonitor (BackgroundSCMService.java:start(61)) - SCMHATransactionMonitor Service is already running, skip start.
2025-07-05 15:54:03,360 [main] INFO  impl.MetricsSystemImpl (MetricsSystemImpl.java:init(158)) - StorageContainerManager metrics system started (again)
2025-07-05 15:54:03,381 [main] INFO  server.SCMClientProtocolServer (SCMClientProtocolServer.java:start(209)) - RPC server for Client  is listening at /0.0.0.0:15013
2025-07-05 15:54:03,382 [IPC Server Responder] INFO  ipc.Server (Server.java:run(1713)) - IPC Server Responder: starting
2025-07-05 15:54:03,382 [IPC Server listener on 15013] INFO  ipc.Server (Server.java:run(1553)) - IPC Server listener on 15013: starting
2025-07-05 15:54:03,391 [main] INFO  server.StorageContainerManager (StorageContainerManager.java:start(1526)) - ScmBlockLocationProtocol RPC server is listening at /0.0.0.0:15015
2025-07-05 15:54:03,392 [main] INFO  server.SCMBlockProtocolServer (SCMBlockProtocolServer.java:start(166)) - RPC server for Block Protocol is listening at /0.0.0.0:15015
2025-07-05 15:54:03,392 [IPC Server Responder] INFO  ipc.Server (Server.java:run(1713)) - IPC Server Responder: starting
2025-07-05 15:54:03,392 [IPC Server listener on 15015] INFO  ipc.Server (Server.java:run(1553)) - IPC Server listener on 15015: starting
2025-07-05 15:54:03,401 [main] INFO  server.SCMSecurityProtocolServer (SCMSecurityProtocolServer.java:start(503)) - Starting RPC server for SCMSecurityProtocolServer. is listening at /0.0.0.0:15010
2025-07-05 15:54:03,402 [IPC Server Responder] INFO  ipc.Server (Server.java:run(1713)) - IPC Server Responder: starting
2025-07-05 15:54:03,402 [IPC Server listener on 15010] INFO  ipc.Server (Server.java:run(1553)) - IPC Server listener on 15010: starting
2025-07-05 15:54:03,403 [main] INFO  ha.SCMNodeInfo (SCMNodeInfo.java:getPort(197)) - ConfigKey ozone.scm.client.address is deprecated, For configuring different ports for each SCM use PortConfigKey ozone.scm.client.port appended with serviceId and nodeId
2025-07-05 15:54:03,404 [main] INFO  ha.SCMNodeInfo (SCMNodeInfo.java:getPort(197)) - ConfigKey ozone.scm.block.client.address is deprecated, For configuring different ports for each SCM use PortConfigKey ozone.scm.block.client.port appended with serviceId and nodeId
2025-07-05 15:54:03,404 [main] INFO  ha.SCMNodeInfo (SCMNodeInfo.java:getPort(197)) - ConfigKey ozone.scm.security.service.address is deprecated, For configuring different ports for each SCM use PortConfigKey ozone.scm.security.service.port appended with serviceId and nodeId
2025-07-05 15:54:03,404 [main] INFO  ha.SCMNodeInfo (SCMNodeInfo.java:getPort(197)) - ConfigKey ozone.scm.datanode.address is deprecated, For configuring different ports for each SCM use PortConfigKey ozone.scm.datanode.port appended with serviceId and nodeId
2025-07-05 15:54:03,404 [main] INFO  ha.SCMNodeInfo (SCMNodeInfo.java:getPort(197)) - ConfigKey ozone.scm.client.address is deprecated, For configuring different ports for each SCM use PortConfigKey ozone.scm.client.port appended with serviceId and nodeId
2025-07-05 15:54:03,404 [main] INFO  ha.SCMNodeInfo (SCMNodeInfo.java:getPort(197)) - ConfigKey ozone.scm.block.client.address is deprecated, For configuring different ports for each SCM use PortConfigKey ozone.scm.block.client.port appended with serviceId and nodeId
2025-07-05 15:54:03,404 [main] INFO  ha.SCMNodeInfo (SCMNodeInfo.java:getPort(197)) - ConfigKey ozone.scm.security.service.address is deprecated, For configuring different ports for each SCM use PortConfigKey ozone.scm.security.service.port appended with serviceId and nodeId
2025-07-05 15:54:03,404 [main] INFO  ha.SCMNodeInfo (SCMNodeInfo.java:getPort(197)) - ConfigKey ozone.scm.datanode.address is deprecated, For configuring different ports for each SCM use PortConfigKey ozone.scm.datanode.port appended with serviceId and nodeId
2025-07-05 15:54:03,404 [main] INFO  ha.SCMNodeInfo (SCMNodeInfo.java:getPort(197)) - ConfigKey ozone.scm.client.address is deprecated, For configuring different ports for each SCM use PortConfigKey ozone.scm.client.port appended with serviceId and nodeId
2025-07-05 15:54:03,404 [main] INFO  ha.SCMNodeInfo (SCMNodeInfo.java:getPort(197)) - ConfigKey ozone.scm.block.client.address is deprecated, For configuring different ports for each SCM use PortConfigKey ozone.scm.block.client.port appended with serviceId and nodeId
2025-07-05 15:54:03,404 [main] INFO  ha.SCMNodeInfo (SCMNodeInfo.java:getPort(197)) - ConfigKey ozone.scm.security.service.address is deprecated, For configuring different ports for each SCM use PortConfigKey ozone.scm.security.service.port appended with serviceId and nodeId
2025-07-05 15:54:03,404 [main] INFO  ha.SCMNodeInfo (SCMNodeInfo.java:getPort(197)) - ConfigKey ozone.scm.datanode.address is deprecated, For configuring different ports for each SCM use PortConfigKey ozone.scm.datanode.port appended with serviceId and nodeId
2025-07-05 15:54:03,405 [main] INFO  proxy.SCMSecurityProtocolFailoverProxyProvider (SCMFailoverProxyProviderBase.java:<init>(120)) - Created fail-over proxy for protocol SCMSecurityProtocolPB with 3 nodes: [nodeId=scmNode-2,nodeAddress=/127.0.0.1:15010, nodeId=scmNode-3,nodeAddress=/127.0.0.1:15018, nodeId=scmNode-1,nodeAddress=/127.0.0.1:15002]
2025-07-05 15:54:03,413 [Socket Reader #1 for port 15002] INFO  ipc.Server (Server.java:saslProcess(2290)) - Auth successful for scm/localhost@EXAMPLE.COM (auth:KERBEROS) from 127.0.0.1:46473
2025-07-05 15:54:03,422 [main] INFO  utils.BackgroundService (BackgroundService.java:start(118)) - Starting service SCMBlockDeletingService with interval 60000 milliseconds
2025-07-05 15:54:03,424 [main] INFO  http.BaseHttpServer (BaseHttpServer.java:newHttpServer2BuilderForOzone(229)) - Starting Web-server for scm at: http://0.0.0.0:15008
2025-07-05 15:54:03,424 [main] INFO  http.BaseHttpServer (BaseHttpServer.java:<init>(107)) - Hadoop Security Enabled: true Ozone Security Enabled: true Ozone HTTP Security Enabled: false 
2025-07-05 15:54:03,426 [main] WARN  server.AuthenticationFilter (AuthenticationFilter.java:constructSecretProvider(240)) - Unable to initialize FileSignerSecretProvider, falling back to use random secrets. Reason: Could not read signature secret file: /home/runner/hadoop-http-auth-signature-secret
2025-07-05 15:54:03,429 [main] INFO  http.HttpServer2 (HttpServer2.java:addGlobalFilter(1042)) - Added global filter 'safety' (class=org.apache.hadoop.hdds.server.http.HttpServer2$QuotingInputFilter)
2025-07-05 15:54:03,430 [main] INFO  http.HttpServer2 (HttpServer2.java:addFilter(1018)) - Added filter static_user_filter (class=org.apache.hadoop.http.lib.StaticUserWebFilter$StaticUserFilter) to context scm
2025-07-05 15:54:03,430 [main] INFO  http.HttpServer2 (HttpServer2.java:addFilter(1026)) - Added filter static_user_filter (class=org.apache.hadoop.http.lib.StaticUserWebFilter$StaticUserFilter) to context static
2025-07-05 15:54:03,430 [main] INFO  http.HttpServer2 (HttpServer2.java:addFilter(1026)) - Added filter static_user_filter (class=org.apache.hadoop.http.lib.StaticUserWebFilter$StaticUserFilter) to context logs
2025-07-05 15:54:03,431 [main] INFO  http.BaseHttpServer (BaseHttpServer.java:<init>(195)) - HTTP server of scm uses base directory /home/runner/work/ozone/ozone/hadoop-ozone/integration-test/target/test-dir/MiniOzoneClusterImpl-ea17cf83-5a24-424f-8e3a-0ef9e94bb6a3/scmNode-2/webserver
2025-07-05 15:54:03,431 [main] INFO  http.HttpServer2 (HttpServer2.java:bindListener(1242)) - Jetty bound to port 15008
2025-07-05 15:54:03,431 [main] INFO  server.Server (Server.java:doStart(375)) - jetty-9.4.57.v20241219; built: 2025-01-08T21:24:30.412Z; git: df524e6b29271c2e09ba9aea83c18dc9db464a31; jvm 21.0.7+6-LTS
2025-07-05 15:54:03,433 [main] INFO  server.session (DefaultSessionIdManager.java:doStart(334)) - DefaultSessionIdManager workerName=node0
2025-07-05 15:54:03,433 [main] INFO  server.session (DefaultSessionIdManager.java:doStart(339)) - No SessionScavenger set, using defaults
2025-07-05 15:54:03,433 [main] INFO  server.session (HouseKeeper.java:startScavenging(132)) - node0 Scavenging every 600000ms
2025-07-05 15:54:03,434 [main] INFO  handler.ContextHandler (ContextHandler.java:doStart(921)) - Started o.e.j.s.ServletContextHandler@6a73b74c{logs,/logs,file:///home/runner/work/ozone/ozone/hadoop-ozone/integration-test/target/log,AVAILABLE}
2025-07-05 15:54:03,435 [main] INFO  handler.ContextHandler (ContextHandler.java:doStart(921)) - Started o.e.j.s.ServletContextHandler@4c58212{static,/static,file:///home/runner/work/ozone/ozone/hadoop-ozone/integration-test/target/test-classes/webapps/static,AVAILABLE}
2025-07-05 15:54:03,444 [main] INFO  handler.ContextHandler (ContextHandler.java:doStart(921)) - Started o.e.j.w.WebAppContext@814b60b{scm,/,file:///home/runner/work/ozone/ozone/hadoop-ozone/integration-test/target/test-classes/webapps/scm/,AVAILABLE}{file:/home/runner/work/ozone/ozone/hadoop-ozone/integration-test/target/test-classes/webapps/scm}
2025-07-05 15:54:03,445 [main] INFO  server.AbstractConnector (AbstractConnector.java:doStart(333)) - Started ServerConnector@3c72c488{HTTP/1.1, (http/1.1)}{0.0.0.0:15008}
2025-07-05 15:54:03,445 [main] INFO  server.Server (Server.java:doStart(415)) - Started @25596ms
2025-07-05 15:54:03,445 [main] WARN  impl.MetricsSystemImpl (MetricsSystemImpl.java:register(279)) - Sink prometheus already exists!
2025-07-05 15:54:03,445 [main] INFO  http.BaseHttpServer (BaseHttpServer.java:updateConnectorAddress(359)) - HTTP server of scm listening at http://localhost:15008
2025-07-05 15:54:03,446 [main] INFO  ozone.MiniOzoneHAClusterImpl (MiniOzoneHAClusterImpl.java:createSCMService(589)) - Started SCM RPC server at /0.0.0.0:15013
2025-07-05 15:54:03,447 [main] WARN  server.ServerUtils (ServerUtils.java:getScmDbDir(138)) - ozone.scm.db.dirs is not configured. We recommend adding this setting. Falling back to ozone.metadata.dirs instead.
2025-07-05 15:54:03,448 [main] INFO  ha.SCMHANodeDetails (SCMHANodeDetails.java:loadSCMHAConfig(162)) - ServiceID for StorageContainerManager is SecureSCM
2025-07-05 15:54:03,448 [main] INFO  ha.SCMHANodeDetails (SCMHANodeDetails.java:loadSCMHAConfig(172)) - ServiceID for StorageContainerManager is SecureSCM
2025-07-05 15:54:03,448 [main] WARN  scm.ScmUtils (ScmUtils.java:logWarn(162)) - ConfigKey ozone.scm.block.client.address is deprecated, For configuring different ports for each SCM use PortConfigKey ozone.scm.block.client.port appended with serviceId and nodeId. If want to configure same port configure ozone.scm.block.client.port
2025-07-05 15:54:03,448 [main] WARN  scm.ScmUtils (ScmUtils.java:logWarn(162)) - ConfigKey ozone.scm.client.address is deprecated, For configuring different ports for each SCM use PortConfigKey ozone.scm.client.port appended with serviceId and nodeId. If want to configure same port configure ozone.scm.client.port
2025-07-05 15:54:03,449 [main] WARN  scm.ScmUtils (ScmUtils.java:logWarn(162)) - ConfigKey ozone.scm.datanode.address is deprecated, For configuring different ports for each SCM use PortConfigKey ozone.scm.datanode.port appended with serviceId and nodeId. If want to configure same port configure ozone.scm.datanode.port
2025-07-05 15:54:03,449 [main] WARN  scm.ScmUtils (ScmUtils.java:logWarn(162)) - ConfigKey ozone.scm.block.client.address is deprecated, For configuring different ports for each SCM use PortConfigKey ozone.scm.block.client.port appended with serviceId and nodeId. If want to configure same port configure ozone.scm.block.client.port
2025-07-05 15:54:03,449 [main] WARN  scm.ScmUtils (ScmUtils.java:logWarn(162)) - ConfigKey ozone.scm.client.address is deprecated, For configuring different ports for each SCM use PortConfigKey ozone.scm.client.port appended with serviceId and nodeId. If want to configure same port configure ozone.scm.client.port
2025-07-05 15:54:03,449 [main] WARN  scm.ScmUtils (ScmUtils.java:logWarn(162)) - ConfigKey ozone.scm.datanode.address is deprecated, For configuring different ports for each SCM use PortConfigKey ozone.scm.datanode.port appended with serviceId and nodeId. If want to configure same port configure ozone.scm.datanode.port
2025-07-05 15:54:03,449 [main] INFO  ha.SCMHANodeDetails (SCMHANodeDetails.java:loadSCMHAConfig(259)) - Found matching SCM address with SCMServiceId: SecureSCM, SCMNodeId: scmNode-3, RPC Address: localhost:15019 and Ratis port: 15019
2025-07-05 15:54:03,449 [main] INFO  ha.SCMHANodeDetails (ConfUtils.java:setNodeSpecificConfigs(98)) - Setting configuration key ozone.scm.datanode.address with value of key ozone.scm.datanode.address.SecureSCM.scmNode-3: 127.0.0.1:15020
2025-07-05 15:54:03,450 [main] INFO  ha.SCMHANodeDetails (ConfUtils.java:setNodeSpecificConfigs(98)) - Setting configuration key ozone.scm.block.client.address with value of key ozone.scm.block.client.address.SecureSCM.scmNode-3: 127.0.0.1:15023
2025-07-05 15:54:03,450 [main] INFO  ha.SCMHANodeDetails (ConfUtils.java:setNodeSpecificConfigs(98)) - Setting configuration key ozone.scm.client.address with value of key ozone.scm.client.address.SecureSCM.scmNode-3: 127.0.0.1:15021
2025-07-05 15:54:03,450 [main] INFO  ha.SCMHANodeDetails (ConfUtils.java:setNodeSpecificConfigs(98)) - Setting configuration key ozone.scm.security.service.address with value of key ozone.scm.security.service.address.SecureSCM.scmNode-3: 127.0.0.1:15018
2025-07-05 15:54:03,450 [main] INFO  ha.SCMHANodeDetails (ConfUtils.java:setNodeSpecificConfigs(98)) - Setting configuration key ozone.scm.ratis.port with value of key ozone.scm.ratis.port.SecureSCM.scmNode-3: 15019
2025-07-05 15:54:03,450 [main] INFO  ha.SCMHANodeDetails (ConfUtils.java:setNodeSpecificConfigs(98)) - Setting configuration key ozone.scm.grpc.port with value of key ozone.scm.grpc.port.SecureSCM.scmNode-3: 15022
2025-07-05 15:54:03,450 [main] INFO  ha.SCMHANodeDetails (ConfUtils.java:setNodeSpecificConfigs(98)) - Setting configuration key ozone.scm.http-address with value of key ozone.scm.http-address.SecureSCM.scmNode-3: 127.0.0.1:15016
2025-07-05 15:54:03,450 [main] INFO  ha.SCMHANodeDetails (ConfUtils.java:setNodeSpecificConfigs(98)) - Setting configuration key ozone.scm.https-address with value of key ozone.scm.https-address.SecureSCM.scmNode-3: 127.0.0.1:15017
2025-07-05 15:54:03,450 [main] INFO  ha.SCMHANodeDetails (ConfUtils.java:setNodeSpecificConfigs(98)) - Setting configuration key ozone.scm.address with value of key ozone.scm.address.SecureSCM.scmNode-3: 127.0.0.1
2025-07-05 15:54:03,450 [main] WARN  scm.ScmUtils (ScmUtils.java:logWarn(162)) - ConfigKey ozone.scm.block.client.address is deprecated, For configuring different ports for each SCM use PortConfigKey ozone.scm.block.client.port appended with serviceId and nodeId. If want to configure same port configure ozone.scm.block.client.port
2025-07-05 15:54:03,451 [main] WARN  scm.ScmUtils (ScmUtils.java:logWarn(162)) - ConfigKey ozone.scm.client.address is deprecated, For configuring different ports for each SCM use PortConfigKey ozone.scm.client.port appended with serviceId and nodeId. If want to configure same port configure ozone.scm.client.port
2025-07-05 15:54:03,451 [main] WARN  scm.ScmUtils (ScmUtils.java:logWarn(162)) - ConfigKey ozone.scm.datanode.address is deprecated, For configuring different ports for each SCM use PortConfigKey ozone.scm.datanode.port appended with serviceId and nodeId. If want to configure same port configure ozone.scm.datanode.port
2025-07-05 15:54:03,451 [main] INFO  ha.SCMNodeInfo (SCMNodeInfo.java:getPort(197)) - ConfigKey ozone.scm.client.address is deprecated, For configuring different ports for each SCM use PortConfigKey ozone.scm.client.port appended with serviceId and nodeId
2025-07-05 15:54:03,451 [main] INFO  ha.SCMNodeInfo (SCMNodeInfo.java:getPort(197)) - ConfigKey ozone.scm.block.client.address is deprecated, For configuring different ports for each SCM use PortConfigKey ozone.scm.block.client.port appended with serviceId and nodeId
2025-07-05 15:54:03,451 [main] INFO  ha.SCMNodeInfo (SCMNodeInfo.java:getPort(197)) - ConfigKey ozone.scm.security.service.address is deprecated, For configuring different ports for each SCM use PortConfigKey ozone.scm.security.service.port appended with serviceId and nodeId
2025-07-05 15:54:03,451 [main] INFO  ha.SCMNodeInfo (SCMNodeInfo.java:getPort(197)) - ConfigKey ozone.scm.datanode.address is deprecated, For configuring different ports for each SCM use PortConfigKey ozone.scm.datanode.port appended with serviceId and nodeId
2025-07-05 15:54:03,451 [main] INFO  ha.SCMNodeInfo (SCMNodeInfo.java:getPort(197)) - ConfigKey ozone.scm.client.address is deprecated, For configuring different ports for each SCM use PortConfigKey ozone.scm.client.port appended with serviceId and nodeId
2025-07-05 15:54:03,451 [main] INFO  ha.SCMNodeInfo (SCMNodeInfo.java:getPort(197)) - ConfigKey ozone.scm.block.client.address is deprecated, For configuring different ports for each SCM use PortConfigKey ozone.scm.block.client.port appended with serviceId and nodeId
2025-07-05 15:54:03,452 [main] INFO  ha.SCMNodeInfo (SCMNodeInfo.java:getPort(197)) - ConfigKey ozone.scm.security.service.address is deprecated, For configuring different ports for each SCM use PortConfigKey ozone.scm.security.service.port appended with serviceId and nodeId
2025-07-05 15:54:03,452 [main] INFO  ha.SCMNodeInfo (SCMNodeInfo.java:getPort(197)) - ConfigKey ozone.scm.datanode.address is deprecated, For configuring different ports for each SCM use PortConfigKey ozone.scm.datanode.port appended with serviceId and nodeId
2025-07-05 15:54:03,452 [main] INFO  ha.SCMNodeInfo (SCMNodeInfo.java:getPort(197)) - ConfigKey ozone.scm.client.address is deprecated, For configuring different ports for each SCM use PortConfigKey ozone.scm.client.port appended with serviceId and nodeId
2025-07-05 15:54:03,452 [main] INFO  ha.SCMNodeInfo (SCMNodeInfo.java:getPort(197)) - ConfigKey ozone.scm.block.client.address is deprecated, For configuring different ports for each SCM use PortConfigKey ozone.scm.block.client.port appended with serviceId and nodeId
2025-07-05 15:54:03,452 [main] INFO  ha.SCMNodeInfo (SCMNodeInfo.java:getPort(197)) - ConfigKey ozone.scm.security.service.address is deprecated, For configuring different ports for each SCM use PortConfigKey ozone.scm.security.service.port appended with serviceId and nodeId
2025-07-05 15:54:03,452 [main] INFO  ha.SCMNodeInfo (SCMNodeInfo.java:getPort(197)) - ConfigKey ozone.scm.datanode.address is deprecated, For configuring different ports for each SCM use PortConfigKey ozone.scm.datanode.port appended with serviceId and nodeId
2025-07-05 15:54:03,467 [pool-2-thread-2] INFO  request.KdcRequest (KdcRequest.java:preauth(683)) - The preauth data is empty.
2025-07-05 15:54:03,468 [pool-2-thread-2] INFO  server.KdcHandler (KdcHandler.java:handleRecoverableException(177)) - KRB error occurred while processing request: Additional pre-authentication required
2025-07-05 15:54:03,480 [pool-2-thread-2] INFO  request.AsRequest (AsRequest.java:issueTicket(112)) - AS_REQ ISSUE: authtime 1751730843479,scm/localhost@EXAMPLE.COM for krbtgt/EXAMPLE.COM@EXAMPLE.COM
2025-07-05 15:54:03,481 [Socket Reader #1 for port 15002] INFO  ipc.Server (Server.java:saslProcess(2290)) - Auth successful for scm/localhost@EXAMPLE.COM (auth:KERBEROS) from 127.0.0.1:34569
2025-07-05 15:54:03,482 [main] INFO  security.UserGroupInformation (UserGroupInformation.java:loginUserFromKeytab(1143)) - Login successful for user scm/localhost@EXAMPLE.COM using keytab file scm.keytab. Keytab auto renewal enabled : false
2025-07-05 15:54:03,482 [main] INFO  server.StorageContainerManager (StorageContainerManager.java:loginAsSCMUserIfSecurityEnabled(1068)) - SCM login successful.
2025-07-05 15:54:03,485 [IPC Server handler 0 on default port 15002] INFO  client.SCMCertificateClient (DefaultCertificateClient.java:getAllRootCaCerts(971)) - scm/sub-ca has 0 Root CA certificates
2025-07-05 15:54:03,485 [IPC Server handler 0 on default port 15002] INFO  client.SCMCertificateClient (DefaultCertificateClient.java:getAllCaCerts(979)) - scm/sub-ca has 1 CA certificates
2025-07-05 15:54:03,486 [timer4] INFO  impl.SnapshotInstallationHandler (SnapshotInstallationHandler.java:lambda$installSnapshot$0(103)) - 2d344aaf-3adb-4590-a8db-0ff637af21a8@group-0EF9E94BB6A3: receive installSnapshot: d608cca7-8f6c-485f-afd6-2c7e3558bc9e->2d344aaf-3adb-4590-a8db-0ff637af21a8#0-t2,notify:(t:1, i:0)  (Repeated 13 times in the last 5.003s)
2025-07-05 15:54:03,486 [main] INFO  ha.SCMNodeInfo (SCMNodeInfo.java:getPort(197)) - ConfigKey ozone.scm.client.address is deprecated, For configuring different ports for each SCM use PortConfigKey ozone.scm.client.port appended with serviceId and nodeId
2025-07-05 15:54:03,487 [main] INFO  ha.SCMNodeInfo (SCMNodeInfo.java:getPort(197)) - ConfigKey ozone.scm.block.client.address is deprecated, For configuring different ports for each SCM use PortConfigKey ozone.scm.block.client.port appended with serviceId and nodeId
2025-07-05 15:54:03,487 [2d344aaf-3adb-4590-a8db-0ff637af21a8-scm/sub-ca-refreshCACertificates] INFO  client.SCMCertificateClient (DefaultCertificateClient.java:getAllRootCaCerts(971)) - scm/sub-ca has 0 Root CA certificates
2025-07-05 15:54:03,487 [2d344aaf-3adb-4590-a8db-0ff637af21a8-scm/sub-ca-refreshCACertificates] INFO  client.SCMCertificateClient (DefaultCertificateClient.java:getAllCaCerts(979)) - scm/sub-ca has 1 CA certificates
2025-07-05 15:54:03,487 [main] INFO  ha.SCMNodeInfo (SCMNodeInfo.java:getPort(197)) - ConfigKey ozone.scm.security.service.address is deprecated, For configuring different ports for each SCM use PortConfigKey ozone.scm.security.service.port appended with serviceId and nodeId
2025-07-05 15:54:03,487 [main] INFO  ha.SCMNodeInfo (SCMNodeInfo.java:getPort(197)) - ConfigKey ozone.scm.datanode.address is deprecated, For configuring different ports for each SCM use PortConfigKey ozone.scm.datanode.port appended with serviceId and nodeId
2025-07-05 15:54:03,487 [main] INFO  ha.SCMNodeInfo (SCMNodeInfo.java:getPort(197)) - ConfigKey ozone.scm.client.address is deprecated, For configuring different ports for each SCM use PortConfigKey ozone.scm.client.port appended with serviceId and nodeId
2025-07-05 15:54:03,487 [main] INFO  ha.SCMNodeInfo (SCMNodeInfo.java:getPort(197)) - ConfigKey ozone.scm.block.client.address is deprecated, For configuring different ports for each SCM use PortConfigKey ozone.scm.block.client.port appended with serviceId and nodeId
2025-07-05 15:54:03,487 [main] INFO  ha.SCMNodeInfo (SCMNodeInfo.java:getPort(197)) - ConfigKey ozone.scm.security.service.address is deprecated, For configuring different ports for each SCM use PortConfigKey ozone.scm.security.service.port appended with serviceId and nodeId
2025-07-05 15:54:03,487 [main] INFO  ha.SCMNodeInfo (SCMNodeInfo.java:getPort(197)) - ConfigKey ozone.scm.datanode.address is deprecated, For configuring different ports for each SCM use PortConfigKey ozone.scm.datanode.port appended with serviceId and nodeId
2025-07-05 15:54:03,488 [main] INFO  proxy.SCMBlockLocationFailoverProxyProvider (SCMFailoverProxyProviderBase.java:<init>(120)) - Created fail-over proxy for protocol ScmBlockLocationProtocolPB with 2 nodes: [nodeId=scmNode-2,nodeAddress=/127.0.0.1:15015, nodeId=scmNode-1,nodeAddress=/127.0.0.1:15007]
2025-07-05 15:54:03,489 [2d344aaf-3adb-4590-a8db-0ff637af21a8-scm/sub-ca-refreshCACertificates] INFO  client.SCMCertificateClient (SCMCertificateClient.java:run(249)) - CA certificates are not changed.
2025-07-05 15:54:03,502 [pool-2-thread-2] INFO  request.TgsRequest (TgsRequest.java:issueTicket(117)) - TGS_REQ ISSUE: authtime 1751730843502,scm/localhost@EXAMPLE.COM for scm/localhost@EXAMPLE.COM
2025-07-05 15:54:03,511 [Socket Reader #4 for port 15007] INFO  ipc.Server (Server.java:saslProcess(2290)) - Auth successful for scm/localhost@EXAMPLE.COM (auth:KERBEROS) from 127.0.0.1:40511
2025-07-05 15:54:03,513 [main] INFO  ha.HASecurityUtils (HASecurityUtils.java:initializeSecurity(79)) - Initializing secure StorageContainerManager.
2025-07-05 15:54:03,514 [main] INFO  ha.SCMNodeInfo (SCMNodeInfo.java:getPort(197)) - ConfigKey ozone.scm.client.address is deprecated, For configuring different ports for each SCM use PortConfigKey ozone.scm.client.port appended with serviceId and nodeId
2025-07-05 15:54:03,514 [main] INFO  ha.SCMNodeInfo (SCMNodeInfo.java:getPort(197)) - ConfigKey ozone.scm.block.client.address is deprecated, For configuring different ports for each SCM use PortConfigKey ozone.scm.block.client.port appended with serviceId and nodeId
2025-07-05 15:54:03,514 [main] INFO  ha.SCMNodeInfo (SCMNodeInfo.java:getPort(197)) - ConfigKey ozone.scm.security.service.address is deprecated, For configuring different ports for each SCM use PortConfigKey ozone.scm.security.service.port appended with serviceId and nodeId
2025-07-05 15:54:03,515 [main] INFO  ha.SCMNodeInfo (SCMNodeInfo.java:getPort(197)) - ConfigKey ozone.scm.datanode.address is deprecated, For configuring different ports for each SCM use PortConfigKey ozone.scm.datanode.port appended with serviceId and nodeId
2025-07-05 15:54:03,515 [main] INFO  ha.SCMNodeInfo (SCMNodeInfo.java:getPort(197)) - ConfigKey ozone.scm.client.address is deprecated, For configuring different ports for each SCM use PortConfigKey ozone.scm.client.port appended with serviceId and nodeId
2025-07-05 15:54:03,515 [main] INFO  ha.SCMNodeInfo (SCMNodeInfo.java:getPort(197)) - ConfigKey ozone.scm.block.client.address is deprecated, For configuring different ports for each SCM use PortConfigKey ozone.scm.block.client.port appended with serviceId and nodeId
2025-07-05 15:54:03,515 [main] INFO  ha.SCMNodeInfo (SCMNodeInfo.java:getPort(197)) - ConfigKey ozone.scm.security.service.address is deprecated, For configuring different ports for each SCM use PortConfigKey ozone.scm.security.service.port appended with serviceId and nodeId
2025-07-05 15:54:03,515 [main] INFO  ha.SCMNodeInfo (SCMNodeInfo.java:getPort(197)) - ConfigKey ozone.scm.datanode.address is deprecated, For configuring different ports for each SCM use PortConfigKey ozone.scm.datanode.port appended with serviceId and nodeId
2025-07-05 15:54:03,515 [main] INFO  proxy.SCMSecurityProtocolFailoverProxyProvider (SCMFailoverProxyProviderBase.java:<init>(120)) - Created fail-over proxy for protocol SCMSecurityProtocolPB with 2 nodes: [nodeId=scmNode-2,nodeAddress=/127.0.0.1:15010, nodeId=scmNode-1,nodeAddress=/127.0.0.1:15002]
2025-07-05 15:54:03,515 [main] INFO  client.SCMCertificateClient (DefaultCertificateClient.java:updateCertSerialId(1289)) - Certificate serial ID set to null
2025-07-05 15:54:03,516 [main] ERROR client.SCMCertificateClient (DefaultCertificateClient.java:getCertPath(373)) - Default certificate serial id is not set. Can't locate the default certificate for this client.
2025-07-05 15:54:03,516 [main] INFO  client.SCMCertificateClient (DefaultCertificateClient.java:init(717)) - Certificate client init case: 0
2025-07-05 15:54:03,516 [main] INFO  client.SCMCertificateClient (DefaultCertificateClient.java:handleCase(735)) - Creating keypair for client as keypair and certificate not found.
2025-07-05 15:54:03,569 [timer5] INFO  impl.SnapshotInstallationHandler (SnapshotInstallationHandler.java:lambda$installSnapshot$1(113)) - 2d344aaf-3adb-4590-a8db-0ff637af21a8@group-0EF9E94BB6A3: reply installSnapshot: d608cca7-8f6c-485f-afd6-2c7e3558bc9e<-2d344aaf-3adb-4590-a8db-0ff637af21a8#0:OK-t2,SNAPSHOT_INSTALLED,snapshotIndex=5  (Repeated 13 times in the last 5.001s)
2025-07-05 15:54:03,572 [timer6] INFO  server.GrpcServerProtocolService (GrpcServerProtocolService.java:lambda$onCompleted$6(171)) - 2d344aaf-3adb-4590-a8db-0ff637af21a8: Completed INSTALL_SNAPSHOT, lastRequest: d608cca7-8f6c-485f-afd6-2c7e3558bc9e->2d344aaf-3adb-4590-a8db-0ff637af21a8#0-t2,notify:(t:1, i:0)  (Repeated 13 times in the last 5.000s)
2025-07-05 15:54:03,573 [timer7] INFO  server.GrpcServerProtocolService (GrpcServerProtocolService.java:lambda$null$7(175)) - 2d344aaf-3adb-4590-a8db-0ff637af21a8: Completed INSTALL_SNAPSHOT, lastReply: null  (Repeated 13 times in the last 5.000s)
2025-07-05 15:54:03,602 [timer3] WARN  server.GrpcLogAppender (GrpcLogAppender.java:lambda$onNextImpl$0(527)) - d608cca7-8f6c-485f-afd6-2c7e3558bc9e@group-0EF9E94BB6A3->2d344aaf-3adb-4590-a8db-0ff637af21a8-AppendLogResponseHandler: received INCONSISTENCY reply with nextIndex 0, errorCount=1, request=AppendEntriesRequest:cid=11,entriesCount=0  (Repeated 12 times in the last 5.001s)
2025-07-05 15:54:03,711 [main] INFO  keys.KeyStorage (KeyStorage.java:storePublicKey(210)) - Storing public key to /home/runner/work/ozone/ozone/hadoop-ozone/integration-test/target/test-dir/MiniOzoneClusterImpl-ea17cf83-5a24-424f-8e3a-0ef9e94bb6a3/scmNode-3/scm/sub-ca/keys/public.pem.
2025-07-05 15:54:03,712 [main] INFO  keys.KeyStorage (KeyStorage.java:storePrivateKey(194)) - Storing private key to /home/runner/work/ozone/ozone/hadoop-ozone/integration-test/target/test-dir/MiniOzoneClusterImpl-ea17cf83-5a24-424f-8e3a-0ef9e94bb6a3/scmNode-3/scm/sub-ca/keys/private.pem.
2025-07-05 15:54:03,712 [main] INFO  client.SCMCertificateClient (SCMCertificateClient.java:recoverStateIfNeeded(278)) - Init response: GETCERT
2025-07-05 15:54:03,712 [main] INFO  client.SCMCertificateClient (SCMCertificateClient.java:configureCSRBuilder(141)) - Creating csr for SCM->hostName:localhost,scmId:e9f0a7df-dfca-4eba-a7d3-db47f637b57c,clusterId:ea17cf83-5a24-424f-8e3a-0ef9e94bb6a3,subject:scm-sub@localhost
2025-07-05 15:54:03,713 [main] INFO  ozone.OzoneSecurityUtil (OzoneSecurityUtil.java:getValidInetsForCurrentHost(116)) - ip:fe80:0:0:0:6245:bdff:fe4b:d8f9%eth0 not returned.
2025-07-05 15:54:03,713 [main] INFO  ozone.OzoneSecurityUtil (OzoneSecurityUtil.java:getValidInetsForCurrentHost(113)) - Adding ip:10.1.0.89,host:fv-az1280-891.5ine1el5mbmedjxkdw5calxeef.ex.internal.cloudapp.net
2025-07-05 15:54:03,713 [main] INFO  ozone.OzoneSecurityUtil (OzoneSecurityUtil.java:getValidInetsForCurrentHost(116)) - ip:0:0:0:0:0:0:0:1%lo not returned.
2025-07-05 15:54:03,713 [main] INFO  ozone.OzoneSecurityUtil (OzoneSecurityUtil.java:getValidInetsForCurrentHost(116)) - ip:127.0.0.1 not returned.
2025-07-05 15:54:03,735 [Socket Reader #1 for port 15002] INFO  ipc.Server (Server.java:saslProcess(2290)) - Auth successful for scm/localhost@EXAMPLE.COM (auth:KERBEROS) from 127.0.0.1:39751
2025-07-05 15:54:03,737 [IPC Server handler 1 on default port 15002] INFO  server.SCMSecurityProtocolServer (SCMSecurityProtocolServer.java:getSCMCertificate(326)) - Processing CSR for scm localhost, nodeId: e9f0a7df-dfca-4eba-a7d3-db47f637b57c
2025-07-05 15:54:03,746 [d608cca7-8f6c-485f-afd6-2c7e3558bc9e@group-0EF9E94BB6A3-StateMachineUpdater] INFO  safemode.SCMSafeModeManager (SCMSafeModeManager.java:validateSafeModeExitRules(138)) - RatisContainerSafeModeRule rule is successfully validated
2025-07-05 15:54:03,746 [d608cca7-8f6c-485f-afd6-2c7e3558bc9e@group-0EF9E94BB6A3-StateMachineUpdater] INFO  safemode.HealthyPipelineSafeModeRule (HealthyPipelineSafeModeRule.java:initializeRule(228)) - Refreshed total pipeline count is 0, healthy pipeline threshold count is 1
2025-07-05 15:54:03,746 [d608cca7-8f6c-485f-afd6-2c7e3558bc9e@group-0EF9E94BB6A3-StateMachineUpdater] INFO  safemode.SCMSafeModeManager (SCMSafeModeManager.java:validateSafeModeExitRules(138)) - ECContainerSafeModeRule rule is successfully validated
2025-07-05 15:54:03,746 [d608cca7-8f6c-485f-afd6-2c7e3558bc9e@group-0EF9E94BB6A3-StateMachineUpdater] INFO  safemode.SCMSafeModeManager (SCMSafeModeManager.java:validateSafeModeExitRules(138)) - AtleastOneDatanodeReportedRule rule is successfully validated
2025-07-05 15:54:03,747 [IPC Server handler 1 on default port 15002] INFO  ha.SequenceIdGenerator (SequenceIdGenerator.java:getNextId(135)) - Allocate a batch for CertificateId, change lastId from 3 to 4.
2025-07-05 15:54:03,748 [IPC Server handler 1 on default port 15002] INFO  keys.KeyStorage (KeyStorage.java:readPrivateKey(158)) - Reading private key from /home/runner/work/ozone/ozone/hadoop-ozone/integration-test/target/test-dir/MiniOzoneClusterImpl-ea17cf83-5a24-424f-8e3a-0ef9e94bb6a3/scmNode-1/scm/ca/keys/private.pem.
2025-07-05 15:54:03,751 [IPC Server handler 1 on default port 15002] INFO  authority.DefaultApprover (DefaultApprover.java:sign(171)) - Extensions in CSR: 2.5.29.19, 2.5.29.15, 2.5.29.17
2025-07-05 15:54:03,752 [IPC Server handler 1 on default port 15002] INFO  authority.DefaultApprover (DefaultApprover.java:sign(175)) - Extensions to add to the certificate if they present in CSR: 2.5.29.15, 2.5.29.17, 2.5.29.35, 2.5.29.37, 2.5.29.19, 1.3.6.1.5.5.7.1.12
2025-07-05 15:54:03,769 [2d344aaf-3adb-4590-a8db-0ff637af21a8@group-0EF9E94BB6A3-StateMachineUpdater] INFO  safemode.SCMSafeModeManager (SCMSafeModeManager.java:validateSafeModeExitRules(138)) - RatisContainerSafeModeRule rule is successfully validated
2025-07-05 15:54:03,769 [2d344aaf-3adb-4590-a8db-0ff637af21a8@group-0EF9E94BB6A3-StateMachineUpdater] INFO  safemode.HealthyPipelineSafeModeRule (HealthyPipelineSafeModeRule.java:initializeRule(228)) - Refreshed total pipeline count is 0, healthy pipeline threshold count is 1
2025-07-05 15:54:03,769 [2d344aaf-3adb-4590-a8db-0ff637af21a8@group-0EF9E94BB6A3-StateMachineUpdater] INFO  safemode.SCMSafeModeManager (SCMSafeModeManager.java:validateSafeModeExitRules(138)) - ECContainerSafeModeRule rule is successfully validated
2025-07-05 15:54:03,769 [2d344aaf-3adb-4590-a8db-0ff637af21a8@group-0EF9E94BB6A3-StateMachineUpdater] INFO  safemode.SCMSafeModeManager (SCMSafeModeManager.java:validateSafeModeExitRules(138)) - AtleastOneDatanodeReportedRule rule is successfully validated
2025-07-05 15:54:03,773 [d608cca7-8f6c-485f-afd6-2c7e3558bc9e@group-0EF9E94BB6A3-StateMachineUpdater] INFO  server.SCMCertStore (SCMCertStore.java:storeValidScmCertificate(96)) - Scm certificate 4 for CN=scm-sub@localhost,OU=e9f0a7df-dfca-4eba-a7d3-db47f637b57c,O=ea17cf83-5a24-424f-8e3a-0ef9e94bb6a3,SERIALNUMBER=4 is stored
2025-07-05 15:54:03,773 [d608cca7-8f6c-485f-afd6-2c7e3558bc9e@group-0EF9E94BB6A3-StateMachineUpdater] INFO  safemode.SCMSafeModeManager (SCMSafeModeManager.java:validateSafeModeExitRules(138)) - RatisContainerSafeModeRule rule is successfully validated
2025-07-05 15:54:03,773 [d608cca7-8f6c-485f-afd6-2c7e3558bc9e@group-0EF9E94BB6A3-StateMachineUpdater] INFO  safemode.HealthyPipelineSafeModeRule (HealthyPipelineSafeModeRule.java:initializeRule(228)) - Refreshed total pipeline count is 0, healthy pipeline threshold count is 1
2025-07-05 15:54:03,774 [d608cca7-8f6c-485f-afd6-2c7e3558bc9e@group-0EF9E94BB6A3-StateMachineUpdater] INFO  safemode.SCMSafeModeManager (SCMSafeModeManager.java:validateSafeModeExitRules(138)) - ECContainerSafeModeRule rule is successfully validated
2025-07-05 15:54:03,774 [d608cca7-8f6c-485f-afd6-2c7e3558bc9e@group-0EF9E94BB6A3-StateMachineUpdater] INFO  safemode.SCMSafeModeManager (SCMSafeModeManager.java:validateSafeModeExitRules(138)) - AtleastOneDatanodeReportedRule rule is successfully validated
2025-07-05 15:54:03,784 [main] INFO  utils.CertificateCodec (CertificateCodec.java:writeCertificate(241)) - Save certificate to /home/runner/work/ozone/ozone/hadoop-ozone/integration-test/target/test-dir/MiniOzoneClusterImpl-ea17cf83-5a24-424f-8e3a-0ef9e94bb6a3/scmNode-3/scm/sub-ca/certs/CA-1.crt
2025-07-05 15:54:03,784 [main] INFO  utils.CertificateCodec (CertificateCodec.java:writeCertificate(242)) - Certificate -----BEGIN CERTIFICATE-----
MIID+DCCAuCgAwIBAgIBATANBgkqhkiG9w0BAQsFADCBgjEWMBQGA1UEAwwNc2Nt
QGxvY2FsaG9zdDEtMCsGA1UECwwkZDYwOGNjYTctOGY2Yy00ODVmLWFmZDYtMmM3
ZTM1NThiYzllMS0wKwYDVQQKDCRlYTE3Y2Y4My01YTI0LTQyNGYtOGUzYS0wZWY5
ZTk0YmI2YTMxCjAIBgNVBAUTATEwHhcNMjUwNzA1MTU1MzQwWhcNMzAwODEzMTU1
MzQwWjCBgjEWMBQGA1UEAwwNc2NtQGxvY2FsaG9zdDEtMCsGA1UECwwkZDYwOGNj
YTctOGY2Yy00ODVmLWFmZDYtMmM3ZTM1NThiYzllMS0wKwYDVQQKDCRlYTE3Y2Y4
My01YTI0LTQyNGYtOGUzYS0wZWY5ZTk0YmI2YTMxCjAIBgNVBAUTATEwggEiMA0G
CSqGSIb3DQEBAQUAA4IBDwAwggEKAoIBAQDatei3N+kw7JbL1zCKuuMRj/z2bT0w
1oPD5H2JUwP4tHfe0laBCGJRS5NNdFLmWCA6mVEJ+wI5qOEGfekL9JHEkXiy2yjj
kF81uirr/+n87N5uQF7j3ATQZlSN5iIO05f4Mg8K8yWST32eQ571nT3qJCq6aTZJ
5xvsqB7CWjgEjj+fJYV053M+ma+ACYk078ACmt5g/DyxzsWDmBaTddoyYjXzmN4t
ydD7qwadpboi+C5MSbC0A119sAANeP9NOnwxdrfmPUdErFJVujzYxx1YoQwy19Jh
IWspc7N9Ef9hwDpFbe+ps1dxmiIRy9vt7brBhJOKIPu9YA+Lidn5lsw1AgMBAAGj
dzB1MA8GA1UdEwEB/wQFMAMBAf8wDgYDVR0PAQH/BAQDAgEGMFIGA1UdEQRLMEmH
BAoBAFmCQWZ2LWF6MTI4MC04OTEuNWluZTFlbDVtYm1lZGp4a2R3NWNhbHhlZWYu
ZXguaW50ZXJuYWwuY2xvdWRhcHAubmV0MA0GCSqGSIb3DQEBCwUAA4IBAQC/stst
JnbZIAbhSy8k51njgPW7WelXmNH819nGeQexvfR+pGFu41OHZ0O2DilgWAV/4CUN
0NjfZBJAlMAHRrHDZP0dnKKDtDGsRgakxLiqxsiBtAAlEMRd7+ruNMMScvnt0uz1
GBrnV2Bpz/URjA2RoCySEaKp0IxdT8XpQVoTrBxjUpKfsO1Ub5mx0dhwqHjS3Ff5
eVGQn4+EDjID2yh9Ijttx/+ZfJ5S3Jf2NAN9PvHeCAmvqT/yZ7CtuYtfqajyY2h6
5Y1ss7y/PzLp8h4LcnIInt1hLWj+rF9eg78OXZVp0B8gsqZqcRLI8hy+Jx136LEV
WMsNZW6+FhlwxqiJ
-----END CERTIFICATE-----

2025-07-05 15:54:03,786 [main] INFO  utils.CertificateCodec (CertificateCodec.java:writeCertificate(241)) - Save certificate to /home/runner/work/ozone/ozone/hadoop-ozone/integration-test/target/test-dir/MiniOzoneClusterImpl-ea17cf83-5a24-424f-8e3a-0ef9e94bb6a3/scmNode-3/scm/sub-ca/certs/4.crt
2025-07-05 15:54:03,786 [main] INFO  utils.CertificateCodec (CertificateCodec.java:writeCertificate(242)) - Certificate -----BEGIN CERTIFICATE-----
MIID/DCCAuSgAwIBAgIBBDANBgkqhkiG9w0BAQsFADCBgjEWMBQGA1UEAwwNc2Nt
QGxvY2FsaG9zdDEtMCsGA1UECwwkZDYwOGNjYTctOGY2Yy00ODVmLWFmZDYtMmM3
ZTM1NThiYzllMS0wKwYDVQQKDCRlYTE3Y2Y4My01YTI0LTQyNGYtOGUzYS0wZWY5
ZTk0YmI2YTMxCjAIBgNVBAUTATEwHhcNMjUwNzA1MTU1NDAzWhcNMzAwODEzMTU1
NDAzWjCBhjEaMBgGA1UEAwwRc2NtLXN1YkBsb2NhbGhvc3QxLTArBgNVBAsMJGU5
ZjBhN2RmLWRmY2EtNGViYS1hN2QzLWRiNDdmNjM3YjU3YzEtMCsGA1UECgwkZWEx
N2NmODMtNWEyNC00MjRmLThlM2EtMGVmOWU5NGJiNmEzMQowCAYDVQQFEwE0MIIB
IjANBgkqhkiG9w0BAQEFAAOCAQ8AMIIBCgKCAQEAvXDzuTJjHSNTEaBUfrGe9A19
QaISWGZ+B2IfHl5qP+vUTFXuSlZNYLL6esfAijwAJP8SVdyZVPEdo4Fjme9f3IGz
5qxOOwWIdYGI4H2shOqqr5nZI3TugJ1qmVMeSImZtMYKLDKurxeqOultg4bJ07l7
ZuCLD09eDgTRggWB2TPXFMxa+4WtVVHjmRlBKSiIIrQFoXnbWe7wKrNws4x3qO9C
uIugSYhsYfWsk1xA8T4Bo5TgR+NqLwj9toBxq097W6N4/nfphCkrc+KLbqhA6b4m
LnZ0weLlfWLlyqELekppykFXOlMoH9CTDIVRFhWcDPyIoJHPyUeqOSW08TSw0QID
AQABo3cwdTAOBgNVHQ8BAf8EBAMCAb4wUgYDVR0RBEswSYcECgEAWYJBZnYtYXox
MjgwLTg5MS41aW5lMWVsNW1ibWVkanhrZHc1Y2FseGVlZi5leC5pbnRlcm5hbC5j
bG91ZGFwcC5uZXQwDwYDVR0TAQH/BAUwAwEB/zANBgkqhkiG9w0BAQsFAAOCAQEA
Tn3Tmqk7T7VE8R0KnmXVudQlKq315E8CtI9t+TlrBkYEIFMyrkHm7nBNgePj6pOT
rNuHhJ1r7Z6ieynwK9uz4l11Hz475Uv6VoBUFxrSWo2s0t/c61XECY+YFy/LyNxd
BH+naPLfET/qDe9zJFGGrqqiyshWUKDqz5rGRyAhjNj1jw9qQJPU/rG45Ylg72/w
6a6JzQrUuBCdL0RXw/nRMcKN/dtJSu1WPIVAwINVnj5tLDUatRWU9IRegbShDIgj
dsoP/qa+MRGV7v+GV+qt7ViEkf4N9fuMys47oIxqGOeSvlHk4TESdEX4SQvNBBP6
5s/De3j12AbHoNR9ucq47Q==
-----END CERTIFICATE-----

-----BEGIN CERTIFICATE-----
MIID+DCCAuCgAwIBAgIBATANBgkqhkiG9w0BAQsFADCBgjEWMBQGA1UEAwwNc2Nt
QGxvY2FsaG9zdDEtMCsGA1UECwwkZDYwOGNjYTctOGY2Yy00ODVmLWFmZDYtMmM3
ZTM1NThiYzllMS0wKwYDVQQKDCRlYTE3Y2Y4My01YTI0LTQyNGYtOGUzYS0wZWY5
ZTk0YmI2YTMxCjAIBgNVBAUTATEwHhcNMjUwNzA1MTU1MzQwWhcNMzAwODEzMTU1
MzQwWjCBgjEWMBQGA1UEAwwNc2NtQGxvY2FsaG9zdDEtMCsGA1UECwwkZDYwOGNj
YTctOGY2Yy00ODVmLWFmZDYtMmM3ZTM1NThiYzllMS0wKwYDVQQKDCRlYTE3Y2Y4
My01YTI0LTQyNGYtOGUzYS0wZWY5ZTk0YmI2YTMxCjAIBgNVBAUTATEwggEiMA0G
CSqGSIb3DQEBAQUAA4IBDwAwggEKAoIBAQDatei3N+kw7JbL1zCKuuMRj/z2bT0w
1oPD5H2JUwP4tHfe0laBCGJRS5NNdFLmWCA6mVEJ+wI5qOEGfekL9JHEkXiy2yjj
kF81uirr/+n87N5uQF7j3ATQZlSN5iIO05f4Mg8K8yWST32eQ571nT3qJCq6aTZJ
5xvsqB7CWjgEjj+fJYV053M+ma+ACYk078ACmt5g/DyxzsWDmBaTddoyYjXzmN4t
ydD7qwadpboi+C5MSbC0A119sAANeP9NOnwxdrfmPUdErFJVujzYxx1YoQwy19Jh
IWspc7N9Ef9hwDpFbe+ps1dxmiIRy9vt7brBhJOKIPu9YA+Lidn5lsw1AgMBAAGj
dzB1MA8GA1UdEwEB/wQFMAMBAf8wDgYDVR0PAQH/BAQDAgEGMFIGA1UdEQRLMEmH
BAoBAFmCQWZ2LWF6MTI4MC04OTEuNWluZTFlbDVtYm1lZGp4a2R3NWNhbHhlZWYu
ZXguaW50ZXJuYWwuY2xvdWRhcHAubmV0MA0GCSqGSIb3DQEBCwUAA4IBAQC/stst
JnbZIAbhSy8k51njgPW7WelXmNH819nGeQexvfR+pGFu41OHZ0O2DilgWAV/4CUN
0NjfZBJAlMAHRrHDZP0dnKKDtDGsRgakxLiqxsiBtAAlEMRd7+ruNMMScvnt0uz1
GBrnV2Bpz/URjA2RoCySEaKp0IxdT8XpQVoTrBxjUpKfsO1Ub5mx0dhwqHjS3Ff5
eVGQn4+EDjID2yh9Ijttx/+ZfJ5S3Jf2NAN9PvHeCAmvqT/yZ7CtuYtfqajyY2h6
5Y1ss7y/PzLp8h4LcnIInt1hLWj+rF9eg78OXZVp0B8gsqZqcRLI8hy+Jx136LEV
WMsNZW6+FhlwxqiJ
-----END CERTIFICATE-----

2025-07-05 15:54:03,786 [main] INFO  utils.CertificateCodec (CertificateCodec.java:writeCertificate(241)) - Save certificate to /home/runner/work/ozone/ozone/hadoop-ozone/integration-test/target/test-dir/MiniOzoneClusterImpl-ea17cf83-5a24-424f-8e3a-0ef9e94bb6a3/scmNode-3/scm/sub-ca/certs/certificate.crt
2025-07-05 15:54:03,786 [main] INFO  utils.CertificateCodec (CertificateCodec.java:writeCertificate(242)) - Certificate -----BEGIN CERTIFICATE-----
MIID/DCCAuSgAwIBAgIBBDANBgkqhkiG9w0BAQsFADCBgjEWMBQGA1UEAwwNc2Nt
QGxvY2FsaG9zdDEtMCsGA1UECwwkZDYwOGNjYTctOGY2Yy00ODVmLWFmZDYtMmM3
ZTM1NThiYzllMS0wKwYDVQQKDCRlYTE3Y2Y4My01YTI0LTQyNGYtOGUzYS0wZWY5
ZTk0YmI2YTMxCjAIBgNVBAUTATEwHhcNMjUwNzA1MTU1NDAzWhcNMzAwODEzMTU1
NDAzWjCBhjEaMBgGA1UEAwwRc2NtLXN1YkBsb2NhbGhvc3QxLTArBgNVBAsMJGU5
ZjBhN2RmLWRmY2EtNGViYS1hN2QzLWRiNDdmNjM3YjU3YzEtMCsGA1UECgwkZWEx
N2NmODMtNWEyNC00MjRmLThlM2EtMGVmOWU5NGJiNmEzMQowCAYDVQQFEwE0MIIB
IjANBgkqhkiG9w0BAQEFAAOCAQ8AMIIBCgKCAQEAvXDzuTJjHSNTEaBUfrGe9A19
QaISWGZ+B2IfHl5qP+vUTFXuSlZNYLL6esfAijwAJP8SVdyZVPEdo4Fjme9f3IGz
5qxOOwWIdYGI4H2shOqqr5nZI3TugJ1qmVMeSImZtMYKLDKurxeqOultg4bJ07l7
ZuCLD09eDgTRggWB2TPXFMxa+4WtVVHjmRlBKSiIIrQFoXnbWe7wKrNws4x3qO9C
uIugSYhsYfWsk1xA8T4Bo5TgR+NqLwj9toBxq097W6N4/nfphCkrc+KLbqhA6b4m
LnZ0weLlfWLlyqELekppykFXOlMoH9CTDIVRFhWcDPyIoJHPyUeqOSW08TSw0QID
AQABo3cwdTAOBgNVHQ8BAf8EBAMCAb4wUgYDVR0RBEswSYcECgEAWYJBZnYtYXox
MjgwLTg5MS41aW5lMWVsNW1ibWVkanhrZHc1Y2FseGVlZi5leC5pbnRlcm5hbC5j
bG91ZGFwcC5uZXQwDwYDVR0TAQH/BAUwAwEB/zANBgkqhkiG9w0BAQsFAAOCAQEA
Tn3Tmqk7T7VE8R0KnmXVudQlKq315E8CtI9t+TlrBkYEIFMyrkHm7nBNgePj6pOT
rNuHhJ1r7Z6ieynwK9uz4l11Hz475Uv6VoBUFxrSWo2s0t/c61XECY+YFy/LyNxd
BH+naPLfET/qDe9zJFGGrqqiyshWUKDqz5rGRyAhjNj1jw9qQJPU/rG45Ylg72/w
6a6JzQrUuBCdL0RXw/nRMcKN/dtJSu1WPIVAwINVnj5tLDUatRWU9IRegbShDIgj
dsoP/qa+MRGV7v+GV+qt7ViEkf4N9fuMys47oIxqGOeSvlHk4TESdEX4SQvNBBP6
5s/De3j12AbHoNR9ucq47Q==
-----END CERTIFICATE-----

-----BEGIN CERTIFICATE-----
MIID+DCCAuCgAwIBAgIBATANBgkqhkiG9w0BAQsFADCBgjEWMBQGA1UEAwwNc2Nt
QGxvY2FsaG9zdDEtMCsGA1UECwwkZDYwOGNjYTctOGY2Yy00ODVmLWFmZDYtMmM3
ZTM1NThiYzllMS0wKwYDVQQKDCRlYTE3Y2Y4My01YTI0LTQyNGYtOGUzYS0wZWY5
ZTk0YmI2YTMxCjAIBgNVBAUTATEwHhcNMjUwNzA1MTU1MzQwWhcNMzAwODEzMTU1
MzQwWjCBgjEWMBQGA1UEAwwNc2NtQGxvY2FsaG9zdDEtMCsGA1UECwwkZDYwOGNj
YTctOGY2Yy00ODVmLWFmZDYtMmM3ZTM1NThiYzllMS0wKwYDVQQKDCRlYTE3Y2Y4
My01YTI0LTQyNGYtOGUzYS0wZWY5ZTk0YmI2YTMxCjAIBgNVBAUTATEwggEiMA0G
CSqGSIb3DQEBAQUAA4IBDwAwggEKAoIBAQDatei3N+kw7JbL1zCKuuMRj/z2bT0w
1oPD5H2JUwP4tHfe0laBCGJRS5NNdFLmWCA6mVEJ+wI5qOEGfekL9JHEkXiy2yjj
kF81uirr/+n87N5uQF7j3ATQZlSN5iIO05f4Mg8K8yWST32eQ571nT3qJCq6aTZJ
5xvsqB7CWjgEjj+fJYV053M+ma+ACYk078ACmt5g/DyxzsWDmBaTddoyYjXzmN4t
ydD7qwadpboi+C5MSbC0A119sAANeP9NOnwxdrfmPUdErFJVujzYxx1YoQwy19Jh
IWspc7N9Ef9hwDpFbe+ps1dxmiIRy9vt7brBhJOKIPu9YA+Lidn5lsw1AgMBAAGj
dzB1MA8GA1UdEwEB/wQFMAMBAf8wDgYDVR0PAQH/BAQDAgEGMFIGA1UdEQRLMEmH
BAoBAFmCQWZ2LWF6MTI4MC04OTEuNWluZTFlbDVtYm1lZGp4a2R3NWNhbHhlZWYu
ZXguaW50ZXJuYWwuY2xvdWRhcHAubmV0MA0GCSqGSIb3DQEBCwUAA4IBAQC/stst
JnbZIAbhSy8k51njgPW7WelXmNH819nGeQexvfR+pGFu41OHZ0O2DilgWAV/4CUN
0NjfZBJAlMAHRrHDZP0dnKKDtDGsRgakxLiqxsiBtAAlEMRd7+ruNMMScvnt0uz1
GBrnV2Bpz/URjA2RoCySEaKp0IxdT8XpQVoTrBxjUpKfsO1Ub5mx0dhwqHjS3Ff5
eVGQn4+EDjID2yh9Ijttx/+ZfJ5S3Jf2NAN9PvHeCAmvqT/yZ7CtuYtfqajyY2h6
5Y1ss7y/PzLp8h4LcnIInt1hLWj+rF9eg78OXZVp0B8gsqZqcRLI8hy+Jx136LEV
WMsNZW6+FhlwxqiJ
-----END CERTIFICATE-----

2025-07-05 15:54:03,787 [main] INFO  client.SCMCertificateClient (SCMCertificateClient.java:recoverStateIfNeeded(289)) - Successfully stored SCM signed certificate.
2025-07-05 15:54:03,789 [main] INFO  server.StorageContainerManager (StorageContainerManager.java:scmBootstrap(1202)) - SCM BootStrap  is successful for ClusterID ea17cf83-5a24-424f-8e3a-0ef9e94bb6a3, SCMID e9f0a7df-dfca-4eba-a7d3-db47f637b57c
2025-07-05 15:54:03,789 [main] INFO  server.StorageContainerManager (StorageContainerManager.java:scmBootstrap(1204)) - Primary SCM Node ID d608cca7-8f6c-485f-afd6-2c7e3558bc9e
2025-07-05 15:54:03,789 [main] WARN  server.ServerUtils (ServerUtils.java:getScmDbDir(138)) - ozone.scm.db.dirs is not configured. We recommend adding this setting. Falling back to ozone.metadata.dirs instead.
2025-07-05 15:54:03,789 [main] INFO  ha.SCMHANodeDetails (SCMHANodeDetails.java:loadSCMHAConfig(162)) - ServiceID for StorageContainerManager is SecureSCM
2025-07-05 15:54:03,790 [main] INFO  ha.SCMHANodeDetails (SCMHANodeDetails.java:loadSCMHAConfig(172)) - ServiceID for StorageContainerManager is SecureSCM
2025-07-05 15:54:03,790 [main] WARN  scm.ScmUtils (ScmUtils.java:logWarn(162)) - ConfigKey ozone.scm.block.client.address is deprecated, For configuring different ports for each SCM use PortConfigKey ozone.scm.block.client.port appended with serviceId and nodeId. If want to configure same port configure ozone.scm.block.client.port
2025-07-05 15:54:03,790 [main] WARN  scm.ScmUtils (ScmUtils.java:logWarn(162)) - ConfigKey ozone.scm.client.address is deprecated, For configuring different ports for each SCM use PortConfigKey ozone.scm.client.port appended with serviceId and nodeId. If want to configure same port configure ozone.scm.client.port
2025-07-05 15:54:03,790 [main] WARN  scm.ScmUtils (ScmUtils.java:logWarn(162)) - ConfigKey ozone.scm.datanode.address is deprecated, For configuring different ports for each SCM use PortConfigKey ozone.scm.datanode.port appended with serviceId and nodeId. If want to configure same port configure ozone.scm.datanode.port
2025-07-05 15:54:03,790 [main] WARN  scm.ScmUtils (ScmUtils.java:logWarn(162)) - ConfigKey ozone.scm.block.client.address is deprecated, For configuring different ports for each SCM use PortConfigKey ozone.scm.block.client.port appended with serviceId and nodeId. If want to configure same port configure ozone.scm.block.client.port
2025-07-05 15:54:03,791 [main] WARN  scm.ScmUtils (ScmUtils.java:logWarn(162)) - ConfigKey ozone.scm.client.address is deprecated, For configuring different ports for each SCM use PortConfigKey ozone.scm.client.port appended with serviceId and nodeId. If want to configure same port configure ozone.scm.client.port
2025-07-05 15:54:03,791 [main] WARN  scm.ScmUtils (ScmUtils.java:logWarn(162)) - ConfigKey ozone.scm.datanode.address is deprecated, For configuring different ports for each SCM use PortConfigKey ozone.scm.datanode.port appended with serviceId and nodeId. If want to configure same port configure ozone.scm.datanode.port
2025-07-05 15:54:03,791 [main] INFO  ha.SCMHANodeDetails (SCMHANodeDetails.java:loadSCMHAConfig(259)) - Found matching SCM address with SCMServiceId: SecureSCM, SCMNodeId: scmNode-3, RPC Address: localhost:15019 and Ratis port: 15019
2025-07-05 15:54:03,791 [main] INFO  ha.SCMHANodeDetails (ConfUtils.java:setNodeSpecificConfigs(98)) - Setting configuration key ozone.scm.datanode.address with value of key ozone.scm.datanode.address.SecureSCM.scmNode-3: 127.0.0.1:15020
2025-07-05 15:54:03,791 [main] INFO  ha.SCMHANodeDetails (ConfUtils.java:setNodeSpecificConfigs(98)) - Setting configuration key ozone.scm.block.client.address with value of key ozone.scm.block.client.address.SecureSCM.scmNode-3: 127.0.0.1:15023
2025-07-05 15:54:03,791 [main] INFO  ha.SCMHANodeDetails (ConfUtils.java:setNodeSpecificConfigs(98)) - Setting configuration key ozone.scm.client.address with value of key ozone.scm.client.address.SecureSCM.scmNode-3: 127.0.0.1:15021
2025-07-05 15:54:03,791 [main] INFO  ha.SCMHANodeDetails (ConfUtils.java:setNodeSpecificConfigs(98)) - Setting configuration key ozone.scm.security.service.address with value of key ozone.scm.security.service.address.SecureSCM.scmNode-3: 127.0.0.1:15018
2025-07-05 15:54:03,792 [main] INFO  ha.SCMHANodeDetails (ConfUtils.java:setNodeSpecificConfigs(98)) - Setting configuration key ozone.scm.ratis.port with value of key ozone.scm.ratis.port.SecureSCM.scmNode-3: 15019
2025-07-05 15:54:03,792 [main] INFO  ha.SCMHANodeDetails (ConfUtils.java:setNodeSpecificConfigs(98)) - Setting configuration key ozone.scm.grpc.port with value of key ozone.scm.grpc.port.SecureSCM.scmNode-3: 15022
2025-07-05 15:54:03,792 [main] INFO  ha.SCMHANodeDetails (ConfUtils.java:setNodeSpecificConfigs(98)) - Setting configuration key ozone.scm.http-address with value of key ozone.scm.http-address.SecureSCM.scmNode-3: 127.0.0.1:15016
2025-07-05 15:54:03,792 [main] INFO  ha.SCMHANodeDetails (ConfUtils.java:setNodeSpecificConfigs(98)) - Setting configuration key ozone.scm.https-address with value of key ozone.scm.https-address.SecureSCM.scmNode-3: 127.0.0.1:15017
2025-07-05 15:54:03,792 [main] INFO  ha.SCMHANodeDetails (ConfUtils.java:setNodeSpecificConfigs(98)) - Setting configuration key ozone.scm.address with value of key ozone.scm.address.SecureSCM.scmNode-3: 127.0.0.1
2025-07-05 15:54:03,792 [main] WARN  scm.ScmUtils (ScmUtils.java:logWarn(162)) - ConfigKey ozone.scm.block.client.address is deprecated, For configuring different ports for each SCM use PortConfigKey ozone.scm.block.client.port appended with serviceId and nodeId. If want to configure same port configure ozone.scm.block.client.port
2025-07-05 15:54:03,792 [main] WARN  scm.ScmUtils (ScmUtils.java:logWarn(162)) - ConfigKey ozone.scm.client.address is deprecated, For configuring different ports for each SCM use PortConfigKey ozone.scm.client.port appended with serviceId and nodeId. If want to configure same port configure ozone.scm.client.port
2025-07-05 15:54:03,793 [main] WARN  scm.ScmUtils (ScmUtils.java:logWarn(162)) - ConfigKey ozone.scm.datanode.address is deprecated, For configuring different ports for each SCM use PortConfigKey ozone.scm.datanode.port appended with serviceId and nodeId. If want to configure same port configure ozone.scm.datanode.port
2025-07-05 15:54:03,794 [main] INFO  ha.SCMNodeInfo (SCMNodeInfo.java:getPort(197)) - ConfigKey ozone.scm.client.address is deprecated, For configuring different ports for each SCM use PortConfigKey ozone.scm.client.port appended with serviceId and nodeId
2025-07-05 15:54:03,794 [main] INFO  ha.SCMNodeInfo (SCMNodeInfo.java:getPort(197)) - ConfigKey ozone.scm.block.client.address is deprecated, For configuring different ports for each SCM use PortConfigKey ozone.scm.block.client.port appended with serviceId and nodeId
2025-07-05 15:54:03,795 [main] INFO  ha.SCMNodeInfo (SCMNodeInfo.java:getPort(197)) - ConfigKey ozone.scm.security.service.address is deprecated, For configuring different ports for each SCM use PortConfigKey ozone.scm.security.service.port appended with serviceId and nodeId
2025-07-05 15:54:03,795 [main] INFO  ha.SCMNodeInfo (SCMNodeInfo.java:getPort(197)) - ConfigKey ozone.scm.datanode.address is deprecated, For configuring different ports for each SCM use PortConfigKey ozone.scm.datanode.port appended with serviceId and nodeId
2025-07-05 15:54:03,795 [main] INFO  ha.SCMNodeInfo (SCMNodeInfo.java:getPort(197)) - ConfigKey ozone.scm.client.address is deprecated, For configuring different ports for each SCM use PortConfigKey ozone.scm.client.port appended with serviceId and nodeId
2025-07-05 15:54:03,795 [main] INFO  ha.SCMNodeInfo (SCMNodeInfo.java:getPort(197)) - ConfigKey ozone.scm.block.client.address is deprecated, For configuring different ports for each SCM use PortConfigKey ozone.scm.block.client.port appended with serviceId and nodeId
2025-07-05 15:54:03,795 [main] INFO  ha.SCMNodeInfo (SCMNodeInfo.java:getPort(197)) - ConfigKey ozone.scm.security.service.address is deprecated, For configuring different ports for each SCM use PortConfigKey ozone.scm.security.service.port appended with serviceId and nodeId
2025-07-05 15:54:03,796 [main] INFO  ha.SCMNodeInfo (SCMNodeInfo.java:getPort(197)) - ConfigKey ozone.scm.datanode.address is deprecated, For configuring different ports for each SCM use PortConfigKey ozone.scm.datanode.port appended with serviceId and nodeId
2025-07-05 15:54:03,796 [main] INFO  ha.SCMNodeInfo (SCMNodeInfo.java:getPort(197)) - ConfigKey ozone.scm.client.address is deprecated, For configuring different ports for each SCM use PortConfigKey ozone.scm.client.port appended with serviceId and nodeId
2025-07-05 15:54:03,796 [main] INFO  ha.SCMNodeInfo (SCMNodeInfo.java:getPort(197)) - ConfigKey ozone.scm.block.client.address is deprecated, For configuring different ports for each SCM use PortConfigKey ozone.scm.block.client.port appended with serviceId and nodeId
2025-07-05 15:54:03,796 [main] INFO  ha.SCMNodeInfo (SCMNodeInfo.java:getPort(197)) - ConfigKey ozone.scm.security.service.address is deprecated, For configuring different ports for each SCM use PortConfigKey ozone.scm.security.service.port appended with serviceId and nodeId
2025-07-05 15:54:03,796 [main] INFO  ha.SCMNodeInfo (SCMNodeInfo.java:getPort(197)) - ConfigKey ozone.scm.datanode.address is deprecated, For configuring different ports for each SCM use PortConfigKey ozone.scm.datanode.port appended with serviceId and nodeId
2025-07-05 15:54:03,799 [pool-2-thread-2] INFO  request.KdcRequest (KdcRequest.java:preauth(683)) - The preauth data is empty.
2025-07-05 15:54:03,800 [pool-2-thread-2] INFO  server.KdcHandler (KdcHandler.java:handleRecoverableException(177)) - KRB error occurred while processing request: Additional pre-authentication required
2025-07-05 15:54:03,804 [pool-2-thread-2] INFO  request.AsRequest (AsRequest.java:issueTicket(112)) - AS_REQ ISSUE: authtime 1751730843803,scm/localhost@EXAMPLE.COM for krbtgt/EXAMPLE.COM@EXAMPLE.COM
2025-07-05 15:54:03,805 [main] INFO  security.UserGroupInformation (UserGroupInformation.java:loginUserFromKeytab(1143)) - Login successful for user scm/localhost@EXAMPLE.COM using keytab file scm.keytab. Keytab auto renewal enabled : false
2025-07-05 15:54:03,806 [main] INFO  server.StorageContainerManager (StorageContainerManager.java:loginAsSCMUserIfSecurityEnabled(1068)) - SCM login successful.
2025-07-05 15:54:03,808 [main] INFO  ha.SCMNodeInfo (SCMNodeInfo.java:getPort(197)) - ConfigKey ozone.scm.client.address is deprecated, For configuring different ports for each SCM use PortConfigKey ozone.scm.client.port appended with serviceId and nodeId
2025-07-05 15:54:03,809 [main] INFO  ha.SCMNodeInfo (SCMNodeInfo.java:getPort(197)) - ConfigKey ozone.scm.block.client.address is deprecated, For configuring different ports for each SCM use PortConfigKey ozone.scm.block.client.port appended with serviceId and nodeId
2025-07-05 15:54:03,809 [main] INFO  ha.SCMNodeInfo (SCMNodeInfo.java:getPort(197)) - ConfigKey ozone.scm.security.service.address is deprecated, For configuring different ports for each SCM use PortConfigKey ozone.scm.security.service.port appended with serviceId and nodeId
2025-07-05 15:54:03,809 [main] INFO  ha.SCMNodeInfo (SCMNodeInfo.java:getPort(197)) - ConfigKey ozone.scm.datanode.address is deprecated, For configuring different ports for each SCM use PortConfigKey ozone.scm.datanode.port appended with serviceId and nodeId
2025-07-05 15:54:03,809 [main] INFO  ha.SCMNodeInfo (SCMNodeInfo.java:getPort(197)) - ConfigKey ozone.scm.client.address is deprecated, For configuring different ports for each SCM use PortConfigKey ozone.scm.client.port appended with serviceId and nodeId
2025-07-05 15:54:03,810 [main] INFO  ha.SCMNodeInfo (SCMNodeInfo.java:getPort(197)) - ConfigKey ozone.scm.block.client.address is deprecated, For configuring different ports for each SCM use PortConfigKey ozone.scm.block.client.port appended with serviceId and nodeId
2025-07-05 15:54:03,810 [main] INFO  ha.SCMNodeInfo (SCMNodeInfo.java:getPort(197)) - ConfigKey ozone.scm.security.service.address is deprecated, For configuring different ports for each SCM use PortConfigKey ozone.scm.security.service.port appended with serviceId and nodeId
2025-07-05 15:54:03,810 [main] INFO  ha.SCMNodeInfo (SCMNodeInfo.java:getPort(197)) - ConfigKey ozone.scm.datanode.address is deprecated, For configuring different ports for each SCM use PortConfigKey ozone.scm.datanode.port appended with serviceId and nodeId
2025-07-05 15:54:03,810 [main] INFO  ha.SCMNodeInfo (SCMNodeInfo.java:getPort(197)) - ConfigKey ozone.scm.client.address is deprecated, For configuring different ports for each SCM use PortConfigKey ozone.scm.client.port appended with serviceId and nodeId
2025-07-05 15:54:03,811 [main] INFO  ha.SCMNodeInfo (SCMNodeInfo.java:getPort(197)) - ConfigKey ozone.scm.block.client.address is deprecated, For configuring different ports for each SCM use PortConfigKey ozone.scm.block.client.port appended with serviceId and nodeId
2025-07-05 15:54:03,811 [main] INFO  ha.SCMNodeInfo (SCMNodeInfo.java:getPort(197)) - ConfigKey ozone.scm.security.service.address is deprecated, For configuring different ports for each SCM use PortConfigKey ozone.scm.security.service.port appended with serviceId and nodeId
2025-07-05 15:54:03,811 [main] INFO  ha.SCMNodeInfo (SCMNodeInfo.java:getPort(197)) - ConfigKey ozone.scm.datanode.address is deprecated, For configuring different ports for each SCM use PortConfigKey ozone.scm.datanode.port appended with serviceId and nodeId
2025-07-05 15:54:03,811 [main] INFO  proxy.SCMSecurityProtocolFailoverProxyProvider (SCMFailoverProxyProviderBase.java:<init>(120)) - Created fail-over proxy for protocol SCMSecurityProtocolPB with 3 nodes: [nodeId=scmNode-2,nodeAddress=/127.0.0.1:15010, nodeId=scmNode-3,nodeAddress=/127.0.0.1:15018, nodeId=scmNode-1,nodeAddress=/127.0.0.1:15002]
2025-07-05 15:54:03,812 [main] INFO  ha.SCMNodeInfo (SCMNodeInfo.java:getPort(197)) - ConfigKey ozone.scm.client.address is deprecated, For configuring different ports for each SCM use PortConfigKey ozone.scm.client.port appended with serviceId and nodeId
2025-07-05 15:54:03,812 [main] INFO  ha.SCMNodeInfo (SCMNodeInfo.java:getPort(197)) - ConfigKey ozone.scm.block.client.address is deprecated, For configuring different ports for each SCM use PortConfigKey ozone.scm.block.client.port appended with serviceId and nodeId
2025-07-05 15:54:03,812 [main] INFO  ha.SCMNodeInfo (SCMNodeInfo.java:getPort(197)) - ConfigKey ozone.scm.security.service.address is deprecated, For configuring different ports for each SCM use PortConfigKey ozone.scm.security.service.port appended with serviceId and nodeId
2025-07-05 15:54:03,812 [main] INFO  ha.SCMNodeInfo (SCMNodeInfo.java:getPort(197)) - ConfigKey ozone.scm.datanode.address is deprecated, For configuring different ports for each SCM use PortConfigKey ozone.scm.datanode.port appended with serviceId and nodeId
2025-07-05 15:54:03,812 [main] INFO  ha.SCMNodeInfo (SCMNodeInfo.java:getPort(197)) - ConfigKey ozone.scm.client.address is deprecated, For configuring different ports for each SCM use PortConfigKey ozone.scm.client.port appended with serviceId and nodeId
2025-07-05 15:54:03,812 [main] INFO  ha.SCMNodeInfo (SCMNodeInfo.java:getPort(197)) - ConfigKey ozone.scm.block.client.address is deprecated, For configuring different ports for each SCM use PortConfigKey ozone.scm.block.client.port appended with serviceId and nodeId
2025-07-05 15:54:03,812 [main] INFO  ha.SCMNodeInfo (SCMNodeInfo.java:getPort(197)) - ConfigKey ozone.scm.security.service.address is deprecated, For configuring different ports for each SCM use PortConfigKey ozone.scm.security.service.port appended with serviceId and nodeId
2025-07-05 15:54:03,812 [main] INFO  ha.SCMNodeInfo (SCMNodeInfo.java:getPort(197)) - ConfigKey ozone.scm.datanode.address is deprecated, For configuring different ports for each SCM use PortConfigKey ozone.scm.datanode.port appended with serviceId and nodeId
2025-07-05 15:54:03,812 [main] INFO  ha.SCMNodeInfo (SCMNodeInfo.java:getPort(197)) - ConfigKey ozone.scm.client.address is deprecated, For configuring different ports for each SCM use PortConfigKey ozone.scm.client.port appended with serviceId and nodeId
2025-07-05 15:54:03,812 [main] INFO  ha.SCMNodeInfo (SCMNodeInfo.java:getPort(197)) - ConfigKey ozone.scm.block.client.address is deprecated, For configuring different ports for each SCM use PortConfigKey ozone.scm.block.client.port appended with serviceId and nodeId
2025-07-05 15:54:03,812 [main] INFO  ha.SCMNodeInfo (SCMNodeInfo.java:getPort(197)) - ConfigKey ozone.scm.security.service.address is deprecated, For configuring different ports for each SCM use PortConfigKey ozone.scm.security.service.port appended with serviceId and nodeId
2025-07-05 15:54:03,812 [main] INFO  ha.SCMNodeInfo (SCMNodeInfo.java:getPort(197)) - ConfigKey ozone.scm.datanode.address is deprecated, For configuring different ports for each SCM use PortConfigKey ozone.scm.datanode.port appended with serviceId and nodeId
2025-07-05 15:54:03,813 [main] INFO  client.SCMCertificateClient (DefaultCertificateClient.java:updateCertSerialId(1289)) - Certificate serial ID set to 4
2025-07-05 15:54:03,814 [main] INFO  client.SCMCertificateClient (DefaultCertificateClient.java:readCertificateFile(247)) - Added certificate 1 from file: /home/runner/work/ozone/ozone/hadoop-ozone/integration-test/target/test-dir/MiniOzoneClusterImpl-ea17cf83-5a24-424f-8e3a-0ef9e94bb6a3/scmNode-3/scm/sub-ca/certs/CA-1.crt.
2025-07-05 15:54:03,815 [main] INFO  client.SCMCertificateClient (DefaultCertificateClient.java:readCertificateFile(247)) - Added certificate 4 from file: /home/runner/work/ozone/ozone/hadoop-ozone/integration-test/target/test-dir/MiniOzoneClusterImpl-ea17cf83-5a24-424f-8e3a-0ef9e94bb6a3/scmNode-3/scm/sub-ca/certs/certificate.crt.
2025-07-05 15:54:03,816 [main] INFO  client.SCMCertificateClient (DefaultCertificateClient.java:readCertificateFile(247)) - Added certificate 4 from file: /home/runner/work/ozone/ozone/hadoop-ozone/integration-test/target/test-dir/MiniOzoneClusterImpl-ea17cf83-5a24-424f-8e3a-0ef9e94bb6a3/scmNode-3/scm/sub-ca/certs/4.crt.
2025-07-05 15:54:03,816 [main] INFO  client.SCMCertificateClient (DefaultCertificateClient.java:loadAllCertificates(196)) - CertificateRenewerService and root ca rotation polling is disabled for scm/sub-ca
2025-07-05 15:54:03,816 [main] WARN  utils.HAUtils (HAUtils.java:getMetaDir(311)) - ozone.scm.db.dirs is not configured. We recommend adding this setting. Falling back to ozone.metadata.dirs instead.
2025-07-05 15:54:03,817 [main] WARN  db.DBStoreBuilder (DBStoreBuilder.java:getDBDirPath(158)) - ozone.scm.db.dirs is not configured. We recommend adding this setting. Falling back to ozone.metadata.dirs instead.
2025-07-05 15:54:03,875 [main] INFO  net.NodeSchemaLoader (NodeSchemaLoader.java:loadSchemaFromFile(128)) - Loading schema from [jar:file:/home/runner/work/ozone/ozone/hadoop-hdds/common/target/hdds-common-2.1.0-SNAPSHOT.jar!/network-topology-default.xml]
2025-07-05 15:54:03,875 [main] INFO  net.NodeSchemaLoader (NodeSchemaLoader.java:loadSchema(175)) - Loading network topology layer schema file
2025-07-05 15:54:03,878 [main] WARN  dropwizard3.Dm3MetricRegistriesImpl (Dm3MetricRegistriesImpl.java:addReporterRegistration(114)) - New reporters are added after registries were created. Some metrics will be missing from the reporter. Please add reporter before adding any new registry.
2025-07-05 15:54:03,878 [main] WARN  dropwizard3.Dm3MetricRegistriesImpl (Dm3MetricRegistriesImpl.java:addReporterRegistration(114)) - New reporters are added after registries were created. Some metrics will be missing from the reporter. Please add reporter before adding any new registry.
2025-07-05 15:54:03,898 [main] INFO  ha.SCMRatisServerImpl (SCMRatisServerImpl.java:<init>(100)) - starting Raft server for scm:e9f0a7df-dfca-4eba-a7d3-db47f637b57c
2025-07-05 15:54:03,899 [main] INFO  server.RaftServerConfigKeys (ConfUtils.java:logGet(62)) - raft.server.log.appender.buffer.byte-limit = 4194304 (custom)
2025-07-05 15:54:03,901 [main] INFO  grpc.GrpcConfigKeys (ConfUtils.java:logFallback(69)) - raft.grpc.admin.host = null (fallback to raft.grpc.server.host)
2025-07-05 15:54:03,901 [main] INFO  grpc.GrpcConfigKeys (ConfUtils.java:logFallback(69)) - raft.grpc.admin.port = 15019 (fallback to raft.grpc.server.port)
2025-07-05 15:54:03,901 [main] INFO  grpc.GrpcConfigKeys (ConfUtils.java:logFallback(69)) - raft.grpc.client.host = null (fallback to raft.grpc.server.host)
2025-07-05 15:54:03,901 [main] INFO  grpc.GrpcConfigKeys (ConfUtils.java:logFallback(69)) - raft.grpc.client.port = 15019 (fallback to raft.grpc.server.port)
2025-07-05 15:54:03,901 [main] INFO  grpc.GrpcConfigKeys (ConfUtils.java:logGet(62)) - raft.grpc.server.port = 15019 (custom)
2025-07-05 15:54:03,901 [main] INFO  server.GrpcServicesImpl (ConfUtils.java:logGet(62)) - raft.grpc.message.size.max = 5242880 (custom)
2025-07-05 15:54:03,901 [main] INFO  server.RaftServerConfigKeys (ConfUtils.java:logGet(62)) - raft.server.log.appender.buffer.byte-limit = 4194304 (custom)
2025-07-05 15:54:03,903 [main] INFO  server.RaftServerConfigKeys (ConfUtils.java:logGet(62)) - raft.server.storage.dir = [/home/runner/work/ozone/ozone/hadoop-ozone/integration-test/target/test-dir/MiniOzoneClusterImpl-ea17cf83-5a24-424f-8e3a-0ef9e94bb6a3/scmNode-3/scm-ha] (custom)
2025-07-05 15:54:03,904 [main] INFO  server.RaftServer (RaftServerProxy.java:addNew(105)) - e9f0a7df-dfca-4eba-a7d3-db47f637b57c: addNew group-0EF9E94BB6A3:[] returns group-0EF9E94BB6A3:java.util.concurrent.CompletableFuture@7ca46aaf[Not completed]
2025-07-05 15:54:03,904 [e9f0a7df-dfca-4eba-a7d3-db47f637b57c-groupManagement] INFO  server.RaftServer$Division (RaftServerImpl.java:<init>(268)) - e9f0a7df-dfca-4eba-a7d3-db47f637b57c: new RaftServerImpl for group-0EF9E94BB6A3:[] with SCMStateMachine:uninitialized
2025-07-05 15:54:03,904 [e9f0a7df-dfca-4eba-a7d3-db47f637b57c-groupManagement] INFO  server.RaftServer$Division (ServerState.java:<init>(114)) - e9f0a7df-dfca-4eba-a7d3-db47f637b57c@group-0EF9E94BB6A3: ConfigurationManager, init=conf: {index: -1, cur=peers:[]|listeners:[], old=null}, confs=<EMPTY_MAP>
2025-07-05 15:54:03,910 [main] INFO  ha.SCMSnapshotProvider (SCMSnapshotProvider.java:<init>(61)) - Initializing SCM Snapshot Provider
2025-07-05 15:54:03,910 [main] WARN  server.ServerUtils (ServerUtils.java:getDefaultRatisDirectory(304)) - Storage directory for Ratis is not configured. It is a good idea to map this to an SSD disk. Falling back to ozone.metadata.dirs
2025-07-05 15:54:03,911 [main] WARN  ha.SCMHAUtils (SCMHAUtils.java:getSCMRatisSnapshotDirectory(120)) - SCM snapshot dir is not configured. Falling back to ozone.metadata.dirs config
2025-07-05 15:54:03,912 [main] INFO  upgrade.AbstractLayoutVersionManager (AbstractLayoutVersionManager.java:init(80)) - Initializing Layout version manager with metadata layout = HBASE_SUPPORT (version = 8), software layout = HBASE_SUPPORT (version = 8)
2025-07-05 15:54:03,913 [main] INFO  ha.SequenceIdGenerator (SequenceIdGenerator.java:upgradeToSequenceId(353)) - upgrade localId to 115816896921600000
2025-07-05 15:54:03,914 [main] INFO  ha.SequenceIdGenerator (SequenceIdGenerator.java:upgradeToSequenceId(363)) - upgrade delTxnId to 0
2025-07-05 15:54:03,915 [main] INFO  ha.SequenceIdGenerator (SequenceIdGenerator.java:upgradeToSequenceId(379)) - upgrade containerId to 0
2025-07-05 15:54:03,916 [main] INFO  ha.SequenceIdGenerator (SequenceIdGenerator.java:upgradeToCertificateSequenceId(414)) - upgrade CertificateId to 2
2025-07-05 15:54:03,916 [main] INFO  ha.SequenceIdGenerator (SequenceIdGenerator.java:<init>(231)) - Init the HA SequenceIdGenerator.
2025-07-05 15:54:03,917 [main] INFO  node.SCMNodeManager (SCMNodeManager.java:<init>(180)) - Entering startup safe mode.
2025-07-05 15:54:03,918 [main] INFO  algorithms.ContainerPlacementPolicyFactory (ContainerPlacementPolicyFactory.java:getPolicyInternal(83)) - Create container placement policy of type org.apache.hadoop.hdds.scm.container.placement.algorithms.SCMContainerPlacementRackAware
2025-07-05 15:54:03,919 [main] INFO  algorithms.ContainerPlacementPolicyFactory (ContainerPlacementPolicyFactory.java:getPolicyInternal(83)) - Create container placement policy of type org.apache.hadoop.hdds.scm.container.placement.algorithms.SCMContainerPlacementRackScatter
2025-07-05 15:54:03,919 [main] INFO  pipeline.PipelineStateManagerImpl (PipelineStateManagerImpl.java:initialize(75)) - No pipeline exists in current db
2025-07-05 15:54:03,919 [main] INFO  algorithms.LeaderChoosePolicyFactory (LeaderChoosePolicyFactory.java:getPolicy(55)) - Create leader choose policy of type org.apache.hadoop.hdds.scm.pipeline.leader.choose.algorithms.MinLeaderCountChoosePolicy
2025-07-05 15:54:03,919 [main] INFO  algorithms.ContainerPlacementPolicyFactory (ContainerPlacementPolicyFactory.java:getPolicyInternal(83)) - Create container placement policy of type org.apache.hadoop.hdds.scm.container.placement.algorithms.SCMContainerPlacementRackScatter
2025-07-05 15:54:03,920 [main] INFO  ha.SCMServiceManager (SCMServiceManager.java:register(42)) - Registering service BackgroundPipelineCreator.
2025-07-05 15:54:03,920 [main] INFO  pipeline.BackgroundPipelineCreator (BackgroundPipelineCreator.java:start(126)) - Starting scmNode-3-RatisPipelineUtilsThread.
2025-07-05 15:54:03,921 [main] INFO  BackgroundPipelineScrubber (BackgroundSCMService.java:start(64)) - Starting BackgroundPipelineScrubber Service.
2025-07-05 15:54:03,921 [main] INFO  ha.SCMServiceManager (SCMServiceManager.java:register(42)) - Registering service BackgroundPipelineScrubber.
2025-07-05 15:54:03,921 [main] INFO  ExpiredContainerReplicaOpScrubber (BackgroundSCMService.java:start(64)) - Starting ExpiredContainerReplicaOpScrubber Service.
2025-07-05 15:54:03,922 [main] INFO  ha.SCMServiceManager (SCMServiceManager.java:register(42)) - Registering service ExpiredContainerReplicaOpScrubber.
2025-07-05 15:54:03,923 [main] INFO  algorithms.PipelineChoosePolicyFactory (PipelineChoosePolicyFactory.java:createPipelineChoosePolicyFromClass(78)) - Create pipeline choose policy of type org.apache.hadoop.hdds.scm.pipeline.choose.algorithms.RandomPipelineChoosePolicy
2025-07-05 15:54:03,924 [main] INFO  algorithms.PipelineChoosePolicyFactory (PipelineChoosePolicyFactory.java:createPipelineChoosePolicyFromClass(78)) - Create pipeline choose policy of type org.apache.hadoop.hdds.scm.pipeline.choose.algorithms.RandomPipelineChoosePolicy
2025-07-05 15:54:03,925 [main] WARN  statemachine.DatanodeConfiguration (DatanodeConfiguration.java:validateMinFreeSpace(751)) - hdds.datanode.volume.min.free.space.percent = -1.0 is invalid, should be between 0 and 1
2025-07-05 15:54:03,925 [main] INFO  ha.SCMServiceManager (SCMServiceManager.java:register(42)) - Registering service SCMBlockDeletingService.
2025-07-05 15:54:03,926 [main] INFO  replication.ReplicationManager (ReplicationManager.java:start(285)) - Starting Replication Monitor Thread.
2025-07-05 15:54:03,927 [main] INFO  ha.SCMServiceManager (SCMServiceManager.java:register(42)) - Registering service ReplicationManager.
2025-07-05 15:54:03,928 [main] INFO  safemode.RatisContainerSafeModeRule (RatisContainerSafeModeRule.java:initializeRule(160)) - Refreshed Containers with one replica threshold count 0.
2025-07-05 15:54:03,929 [main] INFO  safemode.ECContainerSafeModeRule (ECContainerSafeModeRule.java:initializeRule(205)) - Refreshed Containers with ec n replica threshold count 0.
2025-07-05 15:54:03,930 [main] INFO  safemode.HealthyPipelineSafeModeRule (HealthyPipelineSafeModeRule.java:initializeRule(232)) - Total pipeline count is 0, healthy pipeline threshold count is 1
2025-07-05 15:54:03,931 [main] INFO  safemode.OneReplicaPipelineSafeModeRule (OneReplicaPipelineSafeModeRule.java:initializeRule(190)) - Total pipeline count is 0, pipeline's with at least one datanode reported threshold count is 0
2025-07-05 15:54:03,932 [main] INFO  security.SecretKeyManagerService (SecretKeyManagerService.java:start(143)) - Scheduling rotation checker with interval PT8M20S
2025-07-05 15:54:03,933 [main] INFO  ha.SCMServiceManager (SCMServiceManager.java:register(42)) - Registering service SecretKeyManagerService.
2025-07-05 15:54:03,934 [main] INFO  keys.KeyStorage (KeyStorage.java:readPublicKey(174)) - Reading public key from /home/runner/work/ozone/ozone/hadoop-ozone/integration-test/target/test-dir/MiniOzoneClusterImpl-ea17cf83-5a24-424f-8e3a-0ef9e94bb6a3/scmNode-3/scm/sub-ca/keys/public.pem.
2025-07-05 15:54:03,934 [main] INFO  keys.KeyStorage (KeyStorage.java:readPrivateKey(158)) - Reading private key from /home/runner/work/ozone/ozone/hadoop-ozone/integration-test/target/test-dir/MiniOzoneClusterImpl-ea17cf83-5a24-424f-8e3a-0ef9e94bb6a3/scmNode-3/scm/sub-ca/keys/private.pem.
2025-07-05 15:54:03,935 [main] INFO  authority.DefaultCAServer (DefaultCAServer.java:lambda$processVerificationStatus$0(392)) - CertificateServer validation is successful
2025-07-05 15:54:03,935 [main] INFO  ipc.CallQueueManager (CallQueueManager.java:<init>(93)) - Using callQueue: class java.util.concurrent.LinkedBlockingQueue, queueCapacity: 200, scheduler: class org.apache.hadoop.ipc.DefaultRpcScheduler, ipcBackoff: false, ipcFailOver: false.
2025-07-05 15:54:03,936 [main] INFO  ipc.Server (Server.java:<init>(1438)) - Listener at 0.0.0.0:15018
2025-07-05 15:54:03,936 [Socket Reader #1 for port 15018] INFO  ipc.Server (Server.java:run(1474)) - Starting Socket Reader #1 for port 15018
2025-07-05 15:54:03,939 [main] INFO  server.StorageContainerManager (StorageContainerManager.java:<init>(433)) - SCM start with adminUsers: [runner, scm]
2025-07-05 15:54:03,939 [main] INFO  ipc.CallQueueManager (CallQueueManager.java:<init>(93)) - Using callQueue: class java.util.concurrent.LinkedBlockingQueue, queueCapacity: 10000, scheduler: class org.apache.hadoop.ipc.DefaultRpcScheduler, ipcBackoff: false, ipcFailOver: false.
2025-07-05 15:54:03,939 [main] INFO  ipc.Server (Server.java:<init>(1438)) - Listener at 0.0.0.0:15020
2025-07-05 15:54:03,940 [Socket Reader #1 for port 15020] INFO  ipc.Server (Server.java:run(1474)) - Starting Socket Reader #1 for port 15020
2025-07-05 15:54:03,940 [Socket Reader #2 for port 15020] INFO  ipc.Server (Server.java:run(1474)) - Starting Socket Reader #2 for port 15020
2025-07-05 15:54:03,941 [Socket Reader #3 for port 15020] INFO  ipc.Server (Server.java:run(1474)) - Starting Socket Reader #3 for port 15020
2025-07-05 15:54:03,941 [Socket Reader #4 for port 15020] INFO  ipc.Server (Server.java:run(1474)) - Starting Socket Reader #4 for port 15020
2025-07-05 15:54:03,941 [Socket Reader #5 for port 15020] INFO  ipc.Server (Server.java:run(1474)) - Starting Socket Reader #5 for port 15020
2025-07-05 15:54:03,942 [Socket Reader #6 for port 15020] INFO  ipc.Server (Server.java:run(1474)) - Starting Socket Reader #6 for port 15020
2025-07-05 15:54:03,942 [Socket Reader #7 for port 15020] INFO  ipc.Server (Server.java:run(1474)) - Starting Socket Reader #7 for port 15020
2025-07-05 15:54:03,942 [Socket Reader #8 for port 15020] INFO  ipc.Server (Server.java:run(1474)) - Starting Socket Reader #8 for port 15020
2025-07-05 15:54:03,943 [Socket Reader #9 for port 15020] INFO  ipc.Server (Server.java:run(1474)) - Starting Socket Reader #9 for port 15020
2025-07-05 15:54:03,943 [Socket Reader #10 for port 15020] INFO  ipc.Server (Server.java:run(1474)) - Starting Socket Reader #10 for port 15020
2025-07-05 15:54:03,946 [main] INFO  ipc.CallQueueManager (CallQueueManager.java:<init>(93)) - Using callQueue: class java.util.concurrent.LinkedBlockingQueue, queueCapacity: 10000, scheduler: class org.apache.hadoop.ipc.DefaultRpcScheduler, ipcBackoff: false, ipcFailOver: false.
2025-07-05 15:54:03,946 [main] INFO  ipc.Server (Server.java:<init>(1438)) - Listener at 0.0.0.0:15023
2025-07-05 15:54:03,946 [Socket Reader #1 for port 15023] INFO  ipc.Server (Server.java:run(1474)) - Starting Socket Reader #1 for port 15023
2025-07-05 15:54:03,947 [Socket Reader #2 for port 15023] INFO  ipc.Server (Server.java:run(1474)) - Starting Socket Reader #2 for port 15023
2025-07-05 15:54:03,947 [Socket Reader #3 for port 15023] INFO  ipc.Server (Server.java:run(1474)) - Starting Socket Reader #3 for port 15023
2025-07-05 15:54:03,947 [Socket Reader #4 for port 15023] INFO  ipc.Server (Server.java:run(1474)) - Starting Socket Reader #4 for port 15023
2025-07-05 15:54:03,948 [Socket Reader #5 for port 15023] INFO  ipc.Server (Server.java:run(1474)) - Starting Socket Reader #5 for port 15023
2025-07-05 15:54:03,948 [Socket Reader #6 for port 15023] INFO  ipc.Server (Server.java:run(1474)) - Starting Socket Reader #6 for port 15023
2025-07-05 15:54:03,948 [Socket Reader #7 for port 15023] INFO  ipc.Server (Server.java:run(1474)) - Starting Socket Reader #7 for port 15023
2025-07-05 15:54:03,948 [Socket Reader #8 for port 15023] INFO  ipc.Server (Server.java:run(1474)) - Starting Socket Reader #8 for port 15023
2025-07-05 15:54:03,949 [Socket Reader #9 for port 15023] INFO  ipc.Server (Server.java:run(1474)) - Starting Socket Reader #9 for port 15023
2025-07-05 15:54:03,949 [Socket Reader #10 for port 15023] INFO  ipc.Server (Server.java:run(1474)) - Starting Socket Reader #10 for port 15023
2025-07-05 15:54:03,952 [main] INFO  ipc.CallQueueManager (CallQueueManager.java:<init>(93)) - Using callQueue: class java.util.concurrent.LinkedBlockingQueue, queueCapacity: 10000, scheduler: class org.apache.hadoop.ipc.DefaultRpcScheduler, ipcBackoff: false, ipcFailOver: false.
2025-07-05 15:54:03,952 [main] INFO  ipc.Server (Server.java:<init>(1438)) - Listener at 0.0.0.0:15021
2025-07-05 15:54:03,952 [Socket Reader #1 for port 15021] INFO  ipc.Server (Server.java:run(1474)) - Starting Socket Reader #1 for port 15021
2025-07-05 15:54:03,953 [Socket Reader #2 for port 15021] INFO  ipc.Server (Server.java:run(1474)) - Starting Socket Reader #2 for port 15021
2025-07-05 15:54:03,953 [Socket Reader #3 for port 15021] INFO  ipc.Server (Server.java:run(1474)) - Starting Socket Reader #3 for port 15021
2025-07-05 15:54:03,953 [Socket Reader #4 for port 15021] INFO  ipc.Server (Server.java:run(1474)) - Starting Socket Reader #4 for port 15021
2025-07-05 15:54:03,954 [Socket Reader #5 for port 15021] INFO  ipc.Server (Server.java:run(1474)) - Starting Socket Reader #5 for port 15021
2025-07-05 15:54:03,954 [Socket Reader #6 for port 15021] INFO  ipc.Server (Server.java:run(1474)) - Starting Socket Reader #6 for port 15021
2025-07-05 15:54:03,954 [Socket Reader #7 for port 15021] INFO  ipc.Server (Server.java:run(1474)) - Starting Socket Reader #7 for port 15021
2025-07-05 15:54:03,955 [Socket Reader #8 for port 15021] INFO  ipc.Server (Server.java:run(1474)) - Starting Socket Reader #8 for port 15021
2025-07-05 15:54:03,955 [Socket Reader #9 for port 15021] INFO  ipc.Server (Server.java:run(1474)) - Starting Socket Reader #9 for port 15021
2025-07-05 15:54:03,955 [Socket Reader #10 for port 15021] INFO  ipc.Server (Server.java:run(1474)) - Starting Socket Reader #10 for port 15021
2025-07-05 15:54:03,967 [main] INFO  ha.SCMServiceManager (SCMServiceManager.java:register(42)) - Registering service ContainerBalancer.
2025-07-05 15:54:03,967 [main] INFO  ha.SCMContext (SCMContext.java:updateSafeModeStatus(224)) - Update SafeModeStatus from SafeModeStatus{safeModeStatus=true, preCheckPassed=false} to SafeModeStatus{safeModeStatus=true, preCheckPassed=false}.
2025-07-05 15:54:03,968 [main] INFO  server.StorageContainerManager (StorageContainerManager.java:start(1513)) - StorageContainerLocationProtocol RPC server is listening at /0.0.0.0:15021
2025-07-05 15:54:03,968 [main] INFO  ha.SCMRatisServerImpl (SCMRatisServerImpl.java:start(203)) - starting ratis server 0.0.0.0:15019
2025-07-05 15:54:03,969 [e9f0a7df-dfca-4eba-a7d3-db47f637b57c-impl-thread1] INFO  storage.RaftStorageDirectory (RaftStorageDirectoryImpl.java:analyzeStorage(138)) - The storage directory /home/runner/work/ozone/ozone/hadoop-ozone/integration-test/target/test-dir/MiniOzoneClusterImpl-ea17cf83-5a24-424f-8e3a-0ef9e94bb6a3/scmNode-3/scm-ha/ea17cf83-5a24-424f-8e3a-0ef9e94bb6a3 does not exist. Creating ...
2025-07-05 15:54:03,970 [e9f0a7df-dfca-4eba-a7d3-db47f637b57c-impl-thread1] INFO  storage.RaftStorageDirectory (RaftStorageDirectoryImpl.java:tryLock(229)) - Lock on /home/runner/work/ozone/ozone/hadoop-ozone/integration-test/target/test-dir/MiniOzoneClusterImpl-ea17cf83-5a24-424f-8e3a-0ef9e94bb6a3/scmNode-3/scm-ha/ea17cf83-5a24-424f-8e3a-0ef9e94bb6a3/in_use.lock acquired by nodename 59929@localhost
2025-07-05 15:54:03,972 [e9f0a7df-dfca-4eba-a7d3-db47f637b57c-impl-thread1] INFO  storage.RaftStorage (RaftStorageImpl.java:format(98)) - Storage directory /home/runner/work/ozone/ozone/hadoop-ozone/integration-test/target/test-dir/MiniOzoneClusterImpl-ea17cf83-5a24-424f-8e3a-0ef9e94bb6a3/scmNode-3/scm-ha/ea17cf83-5a24-424f-8e3a-0ef9e94bb6a3 has been successfully formatted.
2025-07-05 15:54:03,972 [e9f0a7df-dfca-4eba-a7d3-db47f637b57c-impl-thread1] INFO  ha.SCMStateMachine (SCMStateMachine.java:lambda$initialize$0(135)) - e9f0a7df-dfca-4eba-a7d3-db47f637b57c: initialize group-0EF9E94BB6A3
2025-07-05 15:54:03,972 [e9f0a7df-dfca-4eba-a7d3-db47f637b57c-impl-thread1] INFO  server.RaftServerConfigKeys (ConfUtils.java:logGet(62)) - raft.server.log.appender.buffer.byte-limit = 4194304 (custom)
2025-07-05 15:54:03,974 [e9f0a7df-dfca-4eba-a7d3-db47f637b57c-impl-thread1] INFO  server.RaftServerConfigKeys (ConfUtils.java:logGet(62)) - raft.server.log.segment.size.max = 4194304 (custom)
2025-07-05 15:54:03,974 [e9f0a7df-dfca-4eba-a7d3-db47f637b57c-impl-thread1] INFO  server.RaftServerConfigKeys (ConfUtils.java:logGet(62)) - raft.server.log.appender.buffer.byte-limit = 4194304 (custom)
2025-07-05 15:54:03,975 [e9f0a7df-dfca-4eba-a7d3-db47f637b57c-impl-thread1] INFO  util.AwaitToRun (AwaitToRun.java:start(81)) - Thread[#955,e9f0a7df-dfca-4eba-a7d3-db47f637b57c@group-0EF9E94BB6A3-cacheEviction-AwaitToRun,5,main] started
2025-07-05 15:54:03,975 [e9f0a7df-dfca-4eba-a7d3-db47f637b57c-impl-thread1] INFO  segmented.SegmentedRaftLogWorker (SegmentedRaftLogWorker.java:<init>(190)) - new e9f0a7df-dfca-4eba-a7d3-db47f637b57c@group-0EF9E94BB6A3-SegmentedRaftLogWorker for RaftStorageImpl:Storage Directory /home/runner/work/ozone/ozone/hadoop-ozone/integration-test/target/test-dir/MiniOzoneClusterImpl-ea17cf83-5a24-424f-8e3a-0ef9e94bb6a3/scmNode-3/scm-ha/ea17cf83-5a24-424f-8e3a-0ef9e94bb6a3
2025-07-05 15:54:03,975 [e9f0a7df-dfca-4eba-a7d3-db47f637b57c-impl-thread1] INFO  server.RaftServerConfigKeys (ConfUtils.java:logGet(62)) - raft.server.log.segment.size.max = 4194304 (custom)
2025-07-05 15:54:03,975 [e9f0a7df-dfca-4eba-a7d3-db47f637b57c-impl-thread1] INFO  server.RaftServerConfigKeys (ConfUtils.java:logGet(62)) - raft.server.log.preallocated.size = 4194304 (custom)
2025-07-05 15:54:03,975 [e9f0a7df-dfca-4eba-a7d3-db47f637b57c-impl-thread1] INFO  server.RaftServerConfigKeys (ConfUtils.java:logGet(62)) - raft.server.log.write.buffer.size = 4194312 (custom)
2025-07-05 15:54:03,977 [e9f0a7df-dfca-4eba-a7d3-db47f637b57c-impl-thread1] INFO  server.RaftServerConfigKeys (ConfUtils.java:logGet(62)) - raft.server.log.appender.buffer.byte-limit = 4194304 (custom)
2025-07-05 15:54:03,977 [e9f0a7df-dfca-4eba-a7d3-db47f637b57c-impl-thread1] INFO  segmented.SegmentedRaftLogWorker (SegmentedRaftLogWorker.java:lambda$new$0(141)) - e9f0a7df-dfca-4eba-a7d3-db47f637b57c@group-0EF9E94BB6A3-SegmentedRaftLogWorker: flushIndex: setUnconditionally 0 -> -1
2025-07-05 15:54:03,977 [e9f0a7df-dfca-4eba-a7d3-db47f637b57c-impl-thread1] INFO  segmented.SegmentedRaftLogWorker (SegmentedRaftLogWorker.java:lambda$new$0(141)) - e9f0a7df-dfca-4eba-a7d3-db47f637b57c@group-0EF9E94BB6A3-SegmentedRaftLogWorker: safeCacheEvictIndex: setUnconditionally 0 -> -1
2025-07-05 15:54:03,978 [e9f0a7df-dfca-4eba-a7d3-db47f637b57c-impl-thread1] INFO  server.RaftServer$Division (RaftServerImpl.java:start(411)) - e9f0a7df-dfca-4eba-a7d3-db47f637b57c@group-0EF9E94BB6A3: start with initializing state, conf=conf: {index: -1, cur=peers:[]|listeners:[], old=null}
2025-07-05 15:54:03,978 [e9f0a7df-dfca-4eba-a7d3-db47f637b57c-impl-thread1] INFO  server.RaftServer$Division (RaftServerImpl.java:setRole(392)) - e9f0a7df-dfca-4eba-a7d3-db47f637b57c@group-0EF9E94BB6A3: changes role from      null to FOLLOWER at term 0 for start
2025-07-05 15:54:03,978 [e9f0a7df-dfca-4eba-a7d3-db47f637b57c-impl-thread1] INFO  util.JmxRegister (JmxRegister.java:tryRegister(44)) - Successfully registered JMX Bean with object name Ratis:service=RaftServer,group=group-0EF9E94BB6A3,id=e9f0a7df-dfca-4eba-a7d3-db47f637b57c
2025-07-05 15:54:03,978 [e9f0a7df-dfca-4eba-a7d3-db47f637b57c-impl-thread1] INFO  util.JmxRegister (JmxRegister.java:register(58)) - register mxBean class org.apache.ratis.server.impl.RaftServerJmxAdapter as Ratis:service=RaftServer,group=group-0EF9E94BB6A3,id=e9f0a7df-dfca-4eba-a7d3-db47f637b57c
2025-07-05 15:54:03,979 [e9f0a7df-dfca-4eba-a7d3-db47f637b57c-impl-thread1] INFO  server.RaftServer$Division (RaftServerImpl.java:start(419)) - e9f0a7df-dfca-4eba-a7d3-db47f637b57c@group-0EF9E94BB6A3: Successfully started.
2025-07-05 15:54:03,979 [main] INFO  server.RaftServer (RaftServerProxy.java:startImpl(412)) - e9f0a7df-dfca-4eba-a7d3-db47f637b57c: start RPC server
2025-07-05 15:54:03,980 [main] INFO  server.GrpcServicesImpl (GrpcServicesImpl.java:startImpl(346)) - e9f0a7df-dfca-4eba-a7d3-db47f637b57c: GrpcServicesImpl started, listening on 15019
2025-07-05 15:54:03,981 [JvmPauseMonitor3] INFO  util.JvmPauseMonitor (JvmPauseMonitor.java:run(146)) - JvmPauseMonitor-e9f0a7df-dfca-4eba-a7d3-db47f637b57c: Started
2025-07-05 15:54:03,982 [main] INFO  ha.SCMNodeInfo (SCMNodeInfo.java:getPort(197)) - ConfigKey ozone.scm.client.address is deprecated, For configuring different ports for each SCM use PortConfigKey ozone.scm.client.port appended with serviceId and nodeId
2025-07-05 15:54:03,983 [main] INFO  ha.SCMNodeInfo (SCMNodeInfo.java:getPort(197)) - ConfigKey ozone.scm.block.client.address is deprecated, For configuring different ports for each SCM use PortConfigKey ozone.scm.block.client.port appended with serviceId and nodeId
2025-07-05 15:54:03,983 [main] INFO  ha.SCMNodeInfo (SCMNodeInfo.java:getPort(197)) - ConfigKey ozone.scm.security.service.address is deprecated, For configuring different ports for each SCM use PortConfigKey ozone.scm.security.service.port appended with serviceId and nodeId
2025-07-05 15:54:03,983 [main] INFO  ha.SCMNodeInfo (SCMNodeInfo.java:getPort(197)) - ConfigKey ozone.scm.datanode.address is deprecated, For configuring different ports for each SCM use PortConfigKey ozone.scm.datanode.port appended with serviceId and nodeId
2025-07-05 15:54:03,983 [main] INFO  ha.SCMNodeInfo (SCMNodeInfo.java:getPort(197)) - ConfigKey ozone.scm.client.address is deprecated, For configuring different ports for each SCM use PortConfigKey ozone.scm.client.port appended with serviceId and nodeId
2025-07-05 15:54:03,983 [main] INFO  ha.SCMNodeInfo (SCMNodeInfo.java:getPort(197)) - ConfigKey ozone.scm.block.client.address is deprecated, For configuring different ports for each SCM use PortConfigKey ozone.scm.block.client.port appended with serviceId and nodeId
2025-07-05 15:54:03,983 [main] INFO  ha.SCMNodeInfo (SCMNodeInfo.java:getPort(197)) - ConfigKey ozone.scm.security.service.address is deprecated, For configuring different ports for each SCM use PortConfigKey ozone.scm.security.service.port appended with serviceId and nodeId
2025-07-05 15:54:03,983 [main] INFO  ha.SCMNodeInfo (SCMNodeInfo.java:getPort(197)) - ConfigKey ozone.scm.datanode.address is deprecated, For configuring different ports for each SCM use PortConfigKey ozone.scm.datanode.port appended with serviceId and nodeId
2025-07-05 15:54:03,984 [main] INFO  proxy.SCMBlockLocationFailoverProxyProvider (SCMFailoverProxyProviderBase.java:<init>(120)) - Created fail-over proxy for protocol ScmBlockLocationProtocolPB with 2 nodes: [nodeId=scmNode-2,nodeAddress=/127.0.0.1:15015, nodeId=scmNode-1,nodeAddress=/127.0.0.1:15007]
2025-07-05 15:54:03,994 [pool-2-thread-2] INFO  request.TgsRequest (TgsRequest.java:issueTicket(117)) - TGS_REQ ISSUE: authtime 1751730843991,scm/localhost@EXAMPLE.COM for scm/localhost@EXAMPLE.COM
2025-07-05 15:54:04,002 [Socket Reader #5 for port 15007] INFO  ipc.Server (Server.java:saslProcess(2290)) - Auth successful for scm/localhost@EXAMPLE.COM (auth:KERBEROS) from 127.0.0.1:45717
2025-07-05 15:54:04,004 [IPC Server handler 0 on default port 15007] INFO  ha.SCMRatisServerImpl (SCMRatisServerImpl.java:addSCM(328)) - d608cca7-8f6c-485f-afd6-2c7e3558bc9e: Submitting SetConfiguration request to Ratis server with new SCM peers list: [2d344aaf-3adb-4590-a8db-0ff637af21a8|localhost:15011, d608cca7-8f6c-485f-afd6-2c7e3558bc9e|localhost:15003, e9f0a7df-dfca-4eba-a7d3-db47f637b57c|localhost:15019]
2025-07-05 15:54:04,004 [IPC Server handler 0 on default port 15007] INFO  server.RaftServer$Division (RaftServerImpl.java:setConfigurationAsync(1310)) - d608cca7-8f6c-485f-afd6-2c7e3558bc9e@group-0EF9E94BB6A3: receive setConfiguration SetConfigurationRequest:client-B72CF03A70B7->d608cca7-8f6c-485f-afd6-2c7e3558bc9e@group-0EF9E94BB6A3, cid=5, seq=null, RW, null, SET_UNCONDITIONALLY, servers:[2d344aaf-3adb-4590-a8db-0ff637af21a8|localhost:15011, d608cca7-8f6c-485f-afd6-2c7e3558bc9e|localhost:15003, e9f0a7df-dfca-4eba-a7d3-db47f637b57c|localhost:15019], listeners:[]
2025-07-05 15:54:04,005 [IPC Server handler 0 on default port 15007] INFO  server.RaftServer$Division (LeaderStateImpl.java:startSetConfiguration(483)) - d608cca7-8f6c-485f-afd6-2c7e3558bc9e@group-0EF9E94BB6A3-LeaderStateImpl: startSetConfiguration SetConfigurationRequest:client-B72CF03A70B7->d608cca7-8f6c-485f-afd6-2c7e3558bc9e@group-0EF9E94BB6A3, cid=5, seq=null, RW, null, SET_UNCONDITIONALLY, servers:[2d344aaf-3adb-4590-a8db-0ff637af21a8|localhost:15011, d608cca7-8f6c-485f-afd6-2c7e3558bc9e|localhost:15003, e9f0a7df-dfca-4eba-a7d3-db47f637b57c|localhost:15019], listeners:[]
2025-07-05 15:54:04,005 [IPC Server handler 0 on default port 15007] INFO  server.RaftServerConfigKeys (ConfUtils.java:logGet(62)) - raft.server.log.appender.buffer.byte-limit = 4194304 (custom)
2025-07-05 15:54:04,007 [d608cca7-8f6c-485f-afd6-2c7e3558bc9e@group-0EF9E94BB6A3->e9f0a7df-dfca-4eba-a7d3-db47f637b57c-GrpcLogAppender-LogAppenderDaemon] INFO  server.GrpcLogAppender (GrpcLogAppender.java:notifyInstallSnapshot(799)) - d608cca7-8f6c-485f-afd6-2c7e3558bc9e@group-0EF9E94BB6A3->e9f0a7df-dfca-4eba-a7d3-db47f637b57c-GrpcLogAppender: notifyInstallSnapshot with firstAvailable=(t:1, i:0), followerNextIndex=0
2025-07-05 15:54:04,007 [d608cca7-8f6c-485f-afd6-2c7e3558bc9e@group-0EF9E94BB6A3->e9f0a7df-dfca-4eba-a7d3-db47f637b57c-GrpcLogAppender-LogAppenderDaemon] INFO  server.GrpcLogAppender (GrpcLogAppender.java:notifyInstallSnapshot(807)) - d608cca7-8f6c-485f-afd6-2c7e3558bc9e@group-0EF9E94BB6A3->e9f0a7df-dfca-4eba-a7d3-db47f637b57c-GrpcLogAppender: send d608cca7-8f6c-485f-afd6-2c7e3558bc9e->e9f0a7df-dfca-4eba-a7d3-db47f637b57c#0-t2,notify:(t:1, i:0)
2025-07-05 15:54:04,007 [d608cca7-8f6c-485f-afd6-2c7e3558bc9e@group-0EF9E94BB6A3->e9f0a7df-dfca-4eba-a7d3-db47f637b57c-GrpcLogAppender-LogAppenderDaemon] INFO  server.GrpcServerProtocolClient (GrpcServerProtocolClient.java:<init>(65)) - Build channel for e9f0a7df-dfca-4eba-a7d3-db47f637b57c|localhost:15019
2025-07-05 15:54:04,014 [grpc-default-executor-2] INFO  impl.SnapshotInstallationHandler (SnapshotInstallationHandler.java:lambda$installSnapshot$0(103)) - e9f0a7df-dfca-4eba-a7d3-db47f637b57c@group-0EF9E94BB6A3: receive installSnapshot: d608cca7-8f6c-485f-afd6-2c7e3558bc9e->e9f0a7df-dfca-4eba-a7d3-db47f637b57c#0-t2,notify:(t:1, i:0) 
2025-07-05 15:54:04,016 [grpc-default-executor-2] INFO  server.RaftServer$Division (RaftServerImpl.java:setFirstElection(576)) - e9f0a7df-dfca-4eba-a7d3-db47f637b57c@group-0EF9E94BB6A3: set firstElectionSinceStartup to false for installSnapshot
2025-07-05 15:54:04,016 [grpc-default-executor-2] INFO  ha.SCMStateMachine (SCMStateMachine.java:notifyLeaderChanged(289)) - leader changed, yet current SCM is still follower.
2025-07-05 15:54:04,016 [grpc-default-executor-2] INFO  server.RaftServer$Division (ServerState.java:setLeader(272)) - e9f0a7df-dfca-4eba-a7d3-db47f637b57c@group-0EF9E94BB6A3: change Leader from null to d608cca7-8f6c-485f-afd6-2c7e3558bc9e at term 2 for installSnapshot, leader elected after 111ms
2025-07-05 15:54:04,016 [grpc-default-executor-2] INFO  impl.SnapshotInstallationHandler (SnapshotInstallationHandler.java:notifyStateMachineToInstallSnapshot(262)) - e9f0a7df-dfca-4eba-a7d3-db47f637b57c@group-0EF9E94BB6A3: Received notification to install snapshot at index 0
2025-07-05 15:54:04,017 [grpc-default-executor-2] INFO  impl.SnapshotInstallationHandler (SnapshotInstallationHandler.java:notifyStateMachineToInstallSnapshot(297)) - e9f0a7df-dfca-4eba-a7d3-db47f637b57c@group-0EF9E94BB6A3: notifyInstallSnapshot: nextIndex is 0 but the leader's first available index is 0.
2025-07-05 15:54:04,017 [grpc-default-executor-2] INFO  ha.SCMStateMachine (SCMStateMachine.java:notifyInstallSnapshotFromLeader(242)) - Received install snapshot notification from SCM leader: localhost:15003 with term index: (t:1, i:0)
2025-07-05 15:54:04,018 [scmNode-3-SCMInstallSnapshot-0] INFO  ha.SCMHAManagerImpl (SCMHAManagerImpl.java:getDBCheckpointFromLeader(254)) - Downloading checkpoint from leader SCM scmNode-1 and reloading state from the checkpoint.
2025-07-05 15:54:04,018 [grpc-default-executor-2] INFO  impl.SnapshotInstallationHandler (SnapshotInstallationHandler.java:installSnapshotImpl(147)) - e9f0a7df-dfca-4eba-a7d3-db47f637b57c@group-0EF9E94BB6A3: set new configuration index: 7
configurationEntry {
  peers {
    id: "2d344aaf-3adb-4590-a8db-0ff637af21a8"
    address: "localhost:15011"
    startupRole: FOLLOWER
  }
  peers {
    id: "d608cca7-8f6c-485f-afd6-2c7e3558bc9e"
    address: "localhost:15003"
    startupRole: FOLLOWER
  }
}
 from snapshot
2025-07-05 15:54:04,019 [grpc-default-executor-2] INFO  server.RaftServer$Division (ServerState.java:setRaftConf(386)) - e9f0a7df-dfca-4eba-a7d3-db47f637b57c@group-0EF9E94BB6A3: set configuration conf: {index: 7, cur=peers:[2d344aaf-3adb-4590-a8db-0ff637af21a8|localhost:15011, d608cca7-8f6c-485f-afd6-2c7e3558bc9e|localhost:15003]|listeners:[], old=null}
2025-07-05 15:54:04,021 [grpc-default-executor-2] INFO  impl.SnapshotInstallationHandler (SnapshotInstallationHandler.java:lambda$installSnapshot$1(113)) - e9f0a7df-dfca-4eba-a7d3-db47f637b57c@group-0EF9E94BB6A3: reply installSnapshot: d608cca7-8f6c-485f-afd6-2c7e3558bc9e<-e9f0a7df-dfca-4eba-a7d3-db47f637b57c#0:FAIL-t0,IN_PROGRESS,snapshotIndex=0 
2025-07-05 15:54:04,023 [grpc-default-executor-2] INFO  server.GrpcServerProtocolService (GrpcServerProtocolService.java:lambda$onCompleted$6(171)) - e9f0a7df-dfca-4eba-a7d3-db47f637b57c: Completed INSTALL_SNAPSHOT, lastRequest: d608cca7-8f6c-485f-afd6-2c7e3558bc9e->e9f0a7df-dfca-4eba-a7d3-db47f637b57c#0-t2,notify:(t:1, i:0) 
2025-07-05 15:54:04,023 [grpc-default-executor-2] INFO  server.GrpcServerProtocolService (GrpcServerProtocolService.java:lambda$null$7(175)) - e9f0a7df-dfca-4eba-a7d3-db47f637b57c: Completed INSTALL_SNAPSHOT, lastReply: null 
2025-07-05 15:54:04,026 [grpc-default-executor-0] INFO  server.GrpcLogAppender (GrpcLogAppender.java:onNext(663)) - d608cca7-8f6c-485f-afd6-2c7e3558bc9e@group-0EF9E94BB6A3->e9f0a7df-dfca-4eba-a7d3-db47f637b57c-InstallSnapshotResponseHandler: received the first reply d608cca7-8f6c-485f-afd6-2c7e3558bc9e<-e9f0a7df-dfca-4eba-a7d3-db47f637b57c#0:FAIL-t0,IN_PROGRESS,snapshotIndex=0
2025-07-05 15:54:04,026 [grpc-default-executor-0] INFO  server.GrpcLogAppender (GrpcLogAppender.java:onNext(679)) - d608cca7-8f6c-485f-afd6-2c7e3558bc9e@group-0EF9E94BB6A3->e9f0a7df-dfca-4eba-a7d3-db47f637b57c-InstallSnapshotResponseHandler: InstallSnapshot in progress.
2025-07-05 15:54:04,029 [grpc-default-executor-0] INFO  ha.SCMDBCheckpointProvider (SCMDBCheckpointProvider.java:writeDBCheckPointToSream(48)) - Received request to obtain SCM DB checkpoint snapshot
2025-07-05 15:54:04,034 [grpc-default-executor-4] INFO  server.RaftServer$Division (RaftServerImpl.java:checkInconsistentAppendEntries(1651)) - e9f0a7df-dfca-4eba-a7d3-db47f637b57c@group-0EF9E94BB6A3: Failed appendEntries as snapshot (0) installation is in progress
2025-07-05 15:54:04,035 [grpc-default-executor-4] INFO  server.RaftServer$Division (RaftServerImpl.java:appendEntriesAsync(1594)) - e9f0a7df-dfca-4eba-a7d3-db47f637b57c@group-0EF9E94BB6A3: appendEntries* reply d608cca7-8f6c-485f-afd6-2c7e3558bc9e<-e9f0a7df-dfca-4eba-a7d3-db47f637b57c#0:FAIL-t2,INCONSISTENCY,nextIndex=0,followerCommit=-1,matchIndex=-1
2025-07-05 15:54:04,035 [d608cca7-8f6c-485f-afd6-2c7e3558bc9e@group-0EF9E94BB6A3->e9f0a7df-dfca-4eba-a7d3-db47f637b57c-GrpcLogAppender-LogAppenderDaemon] INFO  server.GrpcLogAppender (GrpcLogAppender.java:notifyInstallSnapshot(799)) - d608cca7-8f6c-485f-afd6-2c7e3558bc9e@group-0EF9E94BB6A3->e9f0a7df-dfca-4eba-a7d3-db47f637b57c-GrpcLogAppender: notifyInstallSnapshot with firstAvailable=(t:1, i:0), followerNextIndex=0
2025-07-05 15:54:04,035 [d608cca7-8f6c-485f-afd6-2c7e3558bc9e@group-0EF9E94BB6A3->e9f0a7df-dfca-4eba-a7d3-db47f637b57c-GrpcLogAppender-LogAppenderDaemon] INFO  server.GrpcLogAppender (GrpcLogAppender.java:notifyInstallSnapshot(807)) - d608cca7-8f6c-485f-afd6-2c7e3558bc9e@group-0EF9E94BB6A3->e9f0a7df-dfca-4eba-a7d3-db47f637b57c-GrpcLogAppender: send d608cca7-8f6c-485f-afd6-2c7e3558bc9e->e9f0a7df-dfca-4eba-a7d3-db47f637b57c#0-t2,notify:(t:1, i:0)
2025-07-05 15:54:04,037 [grpc-default-executor-4] WARN  server.GrpcLogAppender (GrpcLogAppender.java:lambda$onNextImpl$0(527)) - d608cca7-8f6c-485f-afd6-2c7e3558bc9e@group-0EF9E94BB6A3->e9f0a7df-dfca-4eba-a7d3-db47f637b57c-AppendLogResponseHandler: received INCONSISTENCY reply with nextIndex 0, errorCount=1, request=AppendEntriesRequest:cid=0,entriesCount=0 
2025-07-05 15:54:04,039 [grpc-default-executor-4] INFO  impl.SnapshotInstallationHandler (SnapshotInstallationHandler.java:installSnapshotImpl(147)) - e9f0a7df-dfca-4eba-a7d3-db47f637b57c@group-0EF9E94BB6A3: set new configuration index: 7
configurationEntry {
  peers {
    id: "2d344aaf-3adb-4590-a8db-0ff637af21a8"
    address: "localhost:15011"
    startupRole: FOLLOWER
  }
  peers {
    id: "d608cca7-8f6c-485f-afd6-2c7e3558bc9e"
    address: "localhost:15003"
    startupRole: FOLLOWER
  }
}
 from snapshot
2025-07-05 15:54:04,040 [grpc-default-executor-4] INFO  server.RaftServer$Division (ServerState.java:setRaftConf(386)) - e9f0a7df-dfca-4eba-a7d3-db47f637b57c@group-0EF9E94BB6A3: set configuration conf: {index: 7, cur=peers:[2d344aaf-3adb-4590-a8db-0ff637af21a8|localhost:15011, d608cca7-8f6c-485f-afd6-2c7e3558bc9e|localhost:15003]|listeners:[], old=null}
2025-07-05 15:54:04,043 [grpc-default-executor-4] INFO  server.GrpcLogAppender (GrpcLogAppender.java:onNext(663)) - d608cca7-8f6c-485f-afd6-2c7e3558bc9e@group-0EF9E94BB6A3->e9f0a7df-dfca-4eba-a7d3-db47f637b57c-InstallSnapshotResponseHandler: received a reply d608cca7-8f6c-485f-afd6-2c7e3558bc9e<-e9f0a7df-dfca-4eba-a7d3-db47f637b57c#0:FAIL-t2,IN_PROGRESS,snapshotIndex=0
2025-07-05 15:54:04,043 [grpc-default-executor-4] INFO  server.GrpcLogAppender (GrpcLogAppender.java:onNext(679)) - d608cca7-8f6c-485f-afd6-2c7e3558bc9e@group-0EF9E94BB6A3->e9f0a7df-dfca-4eba-a7d3-db47f637b57c-InstallSnapshotResponseHandler: InstallSnapshot in progress.
2025-07-05 15:54:04,044 [d608cca7-8f6c-485f-afd6-2c7e3558bc9e@group-0EF9E94BB6A3->e9f0a7df-dfca-4eba-a7d3-db47f637b57c-GrpcLogAppender-LogAppenderDaemon] INFO  server.GrpcLogAppender (GrpcLogAppender.java:notifyInstallSnapshot(799)) - d608cca7-8f6c-485f-afd6-2c7e3558bc9e@group-0EF9E94BB6A3->e9f0a7df-dfca-4eba-a7d3-db47f637b57c-GrpcLogAppender: notifyInstallSnapshot with firstAvailable=(t:1, i:0), followerNextIndex=0
2025-07-05 15:54:04,044 [d608cca7-8f6c-485f-afd6-2c7e3558bc9e@group-0EF9E94BB6A3->e9f0a7df-dfca-4eba-a7d3-db47f637b57c-GrpcLogAppender-LogAppenderDaemon] INFO  server.GrpcLogAppender (GrpcLogAppender.java:notifyInstallSnapshot(807)) - d608cca7-8f6c-485f-afd6-2c7e3558bc9e@group-0EF9E94BB6A3->e9f0a7df-dfca-4eba-a7d3-db47f637b57c-GrpcLogAppender: send d608cca7-8f6c-485f-afd6-2c7e3558bc9e->e9f0a7df-dfca-4eba-a7d3-db47f637b57c#0-t2,notify:(t:1, i:0)
2025-07-05 15:54:04,044 [grpc-default-executor-4] INFO  server.RaftServer$Division (RaftServerImpl.java:checkInconsistentAppendEntries(1651)) - e9f0a7df-dfca-4eba-a7d3-db47f637b57c@group-0EF9E94BB6A3: Failed appendEntries as snapshot (0) installation is in progress
2025-07-05 15:54:04,046 [grpc-default-executor-4] INFO  server.RaftServer$Division (RaftServerImpl.java:appendEntriesAsync(1594)) - e9f0a7df-dfca-4eba-a7d3-db47f637b57c@group-0EF9E94BB6A3: appendEntries* reply d608cca7-8f6c-485f-afd6-2c7e3558bc9e<-e9f0a7df-dfca-4eba-a7d3-db47f637b57c#1:FAIL-t2,INCONSISTENCY,nextIndex=0,followerCommit=-1,matchIndex=-1
2025-07-05 15:54:04,048 [grpc-default-executor-0] INFO  db.RDBCheckpointManager (RDBCheckpointManager.java:createCheckpoint(87)) - Created checkpoint in rocksDB at /home/runner/work/ozone/ozone/hadoop-ozone/integration-test/target/test-dir/MiniOzoneClusterImpl-ea17cf83-5a24-424f-8e3a-0ef9e94bb6a3/scmNode-1/db.checkpoints/scm.db_checkpoint_1751730844044 in 3 milliseconds
2025-07-05 15:54:04,052 [grpc-default-executor-1] INFO  impl.SnapshotInstallationHandler (SnapshotInstallationHandler.java:installSnapshotImpl(147)) - e9f0a7df-dfca-4eba-a7d3-db47f637b57c@group-0EF9E94BB6A3: set new configuration index: 7
configurationEntry {
  peers {
    id: "2d344aaf-3adb-4590-a8db-0ff637af21a8"
    address: "localhost:15011"
    startupRole: FOLLOWER
  }
  peers {
    id: "d608cca7-8f6c-485f-afd6-2c7e3558bc9e"
    address: "localhost:15003"
    startupRole: FOLLOWER
  }
}
 from snapshot
2025-07-05 15:54:04,052 [grpc-default-executor-1] INFO  server.RaftServer$Division (ServerState.java:setRaftConf(386)) - e9f0a7df-dfca-4eba-a7d3-db47f637b57c@group-0EF9E94BB6A3: set configuration conf: {index: 7, cur=peers:[2d344aaf-3adb-4590-a8db-0ff637af21a8|localhost:15011, d608cca7-8f6c-485f-afd6-2c7e3558bc9e|localhost:15003]|listeners:[], old=null}
2025-07-05 15:54:04,054 [grpc-default-executor-0] INFO  ha.SCMGrpcOutputStream (SCMGrpcOutputStream.java:close(107)) - Sent 91648 bytes for cluster ea17cf83-5a24-424f-8e3a-0ef9e94bb6a3
2025-07-05 15:54:04,054 [grpc-default-executor-0] INFO  ha.SCMDBCheckpointProvider (SCMDBCheckpointProvider.java:writeDBCheckPointToSream(73)) - Time taken to write the checkpoint to response output stream: 6 milliseconds
2025-07-05 15:54:04,054 [grpc-default-executor-0] INFO  db.RocksDBCheckpoint (RocksDBCheckpoint.java:cleanupCheckpoint(75)) - Cleaning up RocksDB checkpoint at /home/runner/work/ozone/ozone/hadoop-ozone/integration-test/target/test-dir/MiniOzoneClusterImpl-ea17cf83-5a24-424f-8e3a-0ef9e94bb6a3/scmNode-1/db.checkpoints/scm.db_checkpoint_1751730844044
2025-07-05 15:54:04,058 [grpc-default-executor-3] INFO  ha.InterSCMGrpcClient (InterSCMGrpcClient.java:onCompleted(169)) - Checkpoint is downloaded to /home/runner/work/ozone/ozone/hadoop-ozone/integration-test/target/test-dir/MiniOzoneClusterImpl-ea17cf83-5a24-424f-8e3a-0ef9e94bb6a3/scmNode-3/snapshot/scm.db-scmNode-1-1751730844018.tar
2025-07-05 15:54:04,059 [grpc-default-executor-0] INFO  server.GrpcLogAppender (GrpcLogAppender.java:onNext(663)) - d608cca7-8f6c-485f-afd6-2c7e3558bc9e@group-0EF9E94BB6A3->e9f0a7df-dfca-4eba-a7d3-db47f637b57c-InstallSnapshotResponseHandler: received a reply d608cca7-8f6c-485f-afd6-2c7e3558bc9e<-e9f0a7df-dfca-4eba-a7d3-db47f637b57c#0:FAIL-t2,IN_PROGRESS,snapshotIndex=0
2025-07-05 15:54:04,059 [grpc-default-executor-0] INFO  server.GrpcLogAppender (GrpcLogAppender.java:onNext(679)) - d608cca7-8f6c-485f-afd6-2c7e3558bc9e@group-0EF9E94BB6A3->e9f0a7df-dfca-4eba-a7d3-db47f637b57c-InstallSnapshotResponseHandler: InstallSnapshot in progress.
2025-07-05 15:54:04,061 [grpc-default-executor-0] INFO  server.RaftServer$Division (RaftServerImpl.java:checkInconsistentAppendEntries(1651)) - e9f0a7df-dfca-4eba-a7d3-db47f637b57c@group-0EF9E94BB6A3: Failed appendEntries as snapshot (0) installation is in progress
2025-07-05 15:54:04,061 [grpc-default-executor-0] INFO  server.RaftServer$Division (RaftServerImpl.java:appendEntriesAsync(1594)) - e9f0a7df-dfca-4eba-a7d3-db47f637b57c@group-0EF9E94BB6A3: appendEntries* reply d608cca7-8f6c-485f-afd6-2c7e3558bc9e<-e9f0a7df-dfca-4eba-a7d3-db47f637b57c#2:FAIL-t2,INCONSISTENCY,nextIndex=0,followerCommit=-1,matchIndex=-1
2025-07-05 15:54:04,062 [d608cca7-8f6c-485f-afd6-2c7e3558bc9e@group-0EF9E94BB6A3->e9f0a7df-dfca-4eba-a7d3-db47f637b57c-GrpcLogAppender-LogAppenderDaemon] INFO  server.GrpcLogAppender (GrpcLogAppender.java:notifyInstallSnapshot(799)) - d608cca7-8f6c-485f-afd6-2c7e3558bc9e@group-0EF9E94BB6A3->e9f0a7df-dfca-4eba-a7d3-db47f637b57c-GrpcLogAppender: notifyInstallSnapshot with firstAvailable=(t:1, i:0), followerNextIndex=0
2025-07-05 15:54:04,062 [d608cca7-8f6c-485f-afd6-2c7e3558bc9e@group-0EF9E94BB6A3->e9f0a7df-dfca-4eba-a7d3-db47f637b57c-GrpcLogAppender-LogAppenderDaemon] INFO  server.GrpcLogAppender (GrpcLogAppender.java:notifyInstallSnapshot(807)) - d608cca7-8f6c-485f-afd6-2c7e3558bc9e@group-0EF9E94BB6A3->e9f0a7df-dfca-4eba-a7d3-db47f637b57c-GrpcLogAppender: send d608cca7-8f6c-485f-afd6-2c7e3558bc9e->e9f0a7df-dfca-4eba-a7d3-db47f637b57c#0-t2,notify:(t:1, i:0)
2025-07-05 15:54:04,065 [grpc-default-executor-0] INFO  impl.SnapshotInstallationHandler (SnapshotInstallationHandler.java:installSnapshotImpl(147)) - e9f0a7df-dfca-4eba-a7d3-db47f637b57c@group-0EF9E94BB6A3: set new configuration index: 7
configurationEntry {
  peers {
    id: "2d344aaf-3adb-4590-a8db-0ff637af21a8"
    address: "localhost:15011"
    startupRole: FOLLOWER
  }
  peers {
    id: "d608cca7-8f6c-485f-afd6-2c7e3558bc9e"
    address: "localhost:15003"
    startupRole: FOLLOWER
  }
}
 from snapshot
2025-07-05 15:54:04,065 [grpc-default-executor-0] INFO  server.RaftServer$Division (ServerState.java:setRaftConf(386)) - e9f0a7df-dfca-4eba-a7d3-db47f637b57c@group-0EF9E94BB6A3: set configuration conf: {index: 7, cur=peers:[2d344aaf-3adb-4590-a8db-0ff637af21a8|localhost:15011, d608cca7-8f6c-485f-afd6-2c7e3558bc9e|localhost:15003]|listeners:[], old=null}
2025-07-05 15:54:04,068 [grpc-default-executor-0] INFO  server.GrpcLogAppender (GrpcLogAppender.java:onNext(663)) - d608cca7-8f6c-485f-afd6-2c7e3558bc9e@group-0EF9E94BB6A3->e9f0a7df-dfca-4eba-a7d3-db47f637b57c-InstallSnapshotResponseHandler: received a reply d608cca7-8f6c-485f-afd6-2c7e3558bc9e<-e9f0a7df-dfca-4eba-a7d3-db47f637b57c#0:FAIL-t2,IN_PROGRESS,snapshotIndex=0
2025-07-05 15:54:04,069 [grpc-default-executor-0] INFO  server.GrpcLogAppender (GrpcLogAppender.java:onNext(679)) - d608cca7-8f6c-485f-afd6-2c7e3558bc9e@group-0EF9E94BB6A3->e9f0a7df-dfca-4eba-a7d3-db47f637b57c-InstallSnapshotResponseHandler: InstallSnapshot in progress.
2025-07-05 15:54:04,071 [d608cca7-8f6c-485f-afd6-2c7e3558bc9e@group-0EF9E94BB6A3->e9f0a7df-dfca-4eba-a7d3-db47f637b57c-GrpcLogAppender-LogAppenderDaemon] INFO  server.GrpcLogAppender (GrpcLogAppender.java:notifyInstallSnapshot(799)) - d608cca7-8f6c-485f-afd6-2c7e3558bc9e@group-0EF9E94BB6A3->e9f0a7df-dfca-4eba-a7d3-db47f637b57c-GrpcLogAppender: notifyInstallSnapshot with firstAvailable=(t:1, i:0), followerNextIndex=0
2025-07-05 15:54:04,071 [d608cca7-8f6c-485f-afd6-2c7e3558bc9e@group-0EF9E94BB6A3->e9f0a7df-dfca-4eba-a7d3-db47f637b57c-GrpcLogAppender-LogAppenderDaemon] INFO  server.GrpcLogAppender (GrpcLogAppender.java:notifyInstallSnapshot(807)) - d608cca7-8f6c-485f-afd6-2c7e3558bc9e@group-0EF9E94BB6A3->e9f0a7df-dfca-4eba-a7d3-db47f637b57c-GrpcLogAppender: send d608cca7-8f6c-485f-afd6-2c7e3558bc9e->e9f0a7df-dfca-4eba-a7d3-db47f637b57c#0-t2,notify:(t:1, i:0)
2025-07-05 15:54:04,071 [grpc-default-executor-0] INFO  server.RaftServer$Division (RaftServerImpl.java:checkInconsistentAppendEntries(1651)) - e9f0a7df-dfca-4eba-a7d3-db47f637b57c@group-0EF9E94BB6A3: Failed appendEntries as snapshot (0) installation is in progress
2025-07-05 15:54:04,071 [grpc-default-executor-0] INFO  server.RaftServer$Division (RaftServerImpl.java:appendEntriesAsync(1594)) - e9f0a7df-dfca-4eba-a7d3-db47f637b57c@group-0EF9E94BB6A3: appendEntries* reply d608cca7-8f6c-485f-afd6-2c7e3558bc9e<-e9f0a7df-dfca-4eba-a7d3-db47f637b57c#3:FAIL-t2,INCONSISTENCY,nextIndex=0,followerCommit=-1,matchIndex=-1
2025-07-05 15:54:04,073 [scmNode-3-SCMInstallSnapshot-0] INFO  ha.SCMSnapshotProvider (SCMSnapshotProvider.java:getSCMDBSnapshot(126)) - Successfully downloaded latest checkpoint from leader SCM: scmNode-1 path /home/runner/work/ozone/ozone/hadoop-ozone/integration-test/target/test-dir/MiniOzoneClusterImpl-ea17cf83-5a24-424f-8e3a-0ef9e94bb6a3/scmNode-3/snapshot/scm.db-scmNode-1-1751730844018
2025-07-05 15:54:04,073 [scmNode-3-SCMInstallSnapshot-0] INFO  ha.SCMHAManagerImpl (SCMHAManagerImpl.java:downloadCheckpointFromLeader(189)) - Downloaded checkpoint from Leader scmNode-1 to the location /home/runner/work/ozone/ozone/hadoop-ozone/integration-test/target/test-dir/MiniOzoneClusterImpl-ea17cf83-5a24-424f-8e3a-0ef9e94bb6a3/scmNode-3/snapshot/scm.db-scmNode-1-1751730844018
2025-07-05 15:54:04,073 [scmNode-3-SCMInstallSnapshot-0] INFO  ha.SCMHAManagerImpl (SCMHAManagerImpl.java:getSecretKeysFromLeader(202)) - Getting secret keys from leader scmNode-1.
2025-07-05 15:54:04,074 [scmNode-3-SCMInstallSnapshot-0] INFO  ha.SCMNodeInfo (SCMNodeInfo.java:getPort(197)) - ConfigKey ozone.scm.client.address is deprecated, For configuring different ports for each SCM use PortConfigKey ozone.scm.client.port appended with serviceId and nodeId
2025-07-05 15:54:04,074 [scmNode-3-SCMInstallSnapshot-0] INFO  ha.SCMNodeInfo (SCMNodeInfo.java:getPort(197)) - ConfigKey ozone.scm.block.client.address is deprecated, For configuring different ports for each SCM use PortConfigKey ozone.scm.block.client.port appended with serviceId and nodeId
2025-07-05 15:54:04,074 [scmNode-3-SCMInstallSnapshot-0] INFO  ha.SCMNodeInfo (SCMNodeInfo.java:getPort(197)) - ConfigKey ozone.scm.security.service.address is deprecated, For configuring different ports for each SCM use PortConfigKey ozone.scm.security.service.port appended with serviceId and nodeId
2025-07-05 15:54:04,074 [scmNode-3-SCMInstallSnapshot-0] INFO  ha.SCMNodeInfo (SCMNodeInfo.java:getPort(197)) - ConfigKey ozone.scm.datanode.address is deprecated, For configuring different ports for each SCM use PortConfigKey ozone.scm.datanode.port appended with serviceId and nodeId
2025-07-05 15:54:04,074 [scmNode-3-SCMInstallSnapshot-0] INFO  ha.SCMNodeInfo (SCMNodeInfo.java:getPort(197)) - ConfigKey ozone.scm.client.address is deprecated, For configuring different ports for each SCM use PortConfigKey ozone.scm.client.port appended with serviceId and nodeId
2025-07-05 15:54:04,074 [scmNode-3-SCMInstallSnapshot-0] INFO  ha.SCMNodeInfo (SCMNodeInfo.java:getPort(197)) - ConfigKey ozone.scm.block.client.address is deprecated, For configuring different ports for each SCM use PortConfigKey ozone.scm.block.client.port appended with serviceId and nodeId
2025-07-05 15:54:04,074 [scmNode-3-SCMInstallSnapshot-0] INFO  ha.SCMNodeInfo (SCMNodeInfo.java:getPort(197)) - ConfigKey ozone.scm.security.service.address is deprecated, For configuring different ports for each SCM use PortConfigKey ozone.scm.security.service.port appended with serviceId and nodeId
2025-07-05 15:54:04,074 [scmNode-3-SCMInstallSnapshot-0] INFO  ha.SCMNodeInfo (SCMNodeInfo.java:getPort(197)) - ConfigKey ozone.scm.datanode.address is deprecated, For configuring different ports for each SCM use PortConfigKey ozone.scm.datanode.port appended with serviceId and nodeId
2025-07-05 15:54:04,074 [scmNode-3-SCMInstallSnapshot-0] INFO  ha.SCMNodeInfo (SCMNodeInfo.java:getPort(197)) - ConfigKey ozone.scm.client.address is deprecated, For configuring different ports for each SCM use PortConfigKey ozone.scm.client.port appended with serviceId and nodeId
2025-07-05 15:54:04,074 [scmNode-3-SCMInstallSnapshot-0] INFO  ha.SCMNodeInfo (SCMNodeInfo.java:getPort(197)) - ConfigKey ozone.scm.block.client.address is deprecated, For configuring different ports for each SCM use PortConfigKey ozone.scm.block.client.port appended with serviceId and nodeId
2025-07-05 15:54:04,074 [scmNode-3-SCMInstallSnapshot-0] INFO  ha.SCMNodeInfo (SCMNodeInfo.java:getPort(197)) - ConfigKey ozone.scm.security.service.address is deprecated, For configuring different ports for each SCM use PortConfigKey ozone.scm.security.service.port appended with serviceId and nodeId
2025-07-05 15:54:04,074 [scmNode-3-SCMInstallSnapshot-0] INFO  ha.SCMNodeInfo (SCMNodeInfo.java:getPort(197)) - ConfigKey ozone.scm.datanode.address is deprecated, For configuring different ports for each SCM use PortConfigKey ozone.scm.datanode.port appended with serviceId and nodeId
2025-07-05 15:54:04,074 [scmNode-3-SCMInstallSnapshot-0] INFO  proxy.SingleSecretKeyProtocolProxyProvider (SCMFailoverProxyProviderBase.java:<init>(120)) - Created fail-over proxy for protocol SecretKeyProtocolScmPB with 3 nodes: [nodeId=scmNode-2,nodeAddress=/127.0.0.1:15010, nodeId=scmNode-3,nodeAddress=/127.0.0.1:15018, nodeId=scmNode-1,nodeAddress=/127.0.0.1:15002]
2025-07-05 15:54:04,074 [grpc-default-executor-0] INFO  impl.SnapshotInstallationHandler (SnapshotInstallationHandler.java:installSnapshotImpl(147)) - e9f0a7df-dfca-4eba-a7d3-db47f637b57c@group-0EF9E94BB6A3: set new configuration index: 7
configurationEntry {
  peers {
    id: "2d344aaf-3adb-4590-a8db-0ff637af21a8"
    address: "localhost:15011"
    startupRole: FOLLOWER
  }
  peers {
    id: "d608cca7-8f6c-485f-afd6-2c7e3558bc9e"
    address: "localhost:15003"
    startupRole: FOLLOWER
  }
}
 from snapshot
2025-07-05 15:54:04,075 [grpc-default-executor-0] INFO  server.RaftServer$Division (ServerState.java:setRaftConf(386)) - e9f0a7df-dfca-4eba-a7d3-db47f637b57c@group-0EF9E94BB6A3: set configuration conf: {index: 7, cur=peers:[2d344aaf-3adb-4590-a8db-0ff637af21a8|localhost:15011, d608cca7-8f6c-485f-afd6-2c7e3558bc9e|localhost:15003]|listeners:[], old=null}
2025-07-05 15:54:04,078 [grpc-default-executor-0] INFO  server.GrpcLogAppender (GrpcLogAppender.java:onNext(663)) - d608cca7-8f6c-485f-afd6-2c7e3558bc9e@group-0EF9E94BB6A3->e9f0a7df-dfca-4eba-a7d3-db47f637b57c-InstallSnapshotResponseHandler: received a reply d608cca7-8f6c-485f-afd6-2c7e3558bc9e<-e9f0a7df-dfca-4eba-a7d3-db47f637b57c#0:FAIL-t2,IN_PROGRESS,snapshotIndex=0
2025-07-05 15:54:04,079 [grpc-default-executor-0] INFO  server.GrpcLogAppender (GrpcLogAppender.java:onNext(679)) - d608cca7-8f6c-485f-afd6-2c7e3558bc9e@group-0EF9E94BB6A3->e9f0a7df-dfca-4eba-a7d3-db47f637b57c-InstallSnapshotResponseHandler: InstallSnapshot in progress.
2025-07-05 15:54:04,080 [grpc-default-executor-0] INFO  server.RaftServer$Division (RaftServerImpl.java:checkInconsistentAppendEntries(1651)) - e9f0a7df-dfca-4eba-a7d3-db47f637b57c@group-0EF9E94BB6A3: Failed appendEntries as snapshot (0) installation is in progress
2025-07-05 15:54:04,080 [grpc-default-executor-0] INFO  server.RaftServer$Division (RaftServerImpl.java:appendEntriesAsync(1594)) - e9f0a7df-dfca-4eba-a7d3-db47f637b57c@group-0EF9E94BB6A3: appendEntries* reply d608cca7-8f6c-485f-afd6-2c7e3558bc9e<-e9f0a7df-dfca-4eba-a7d3-db47f637b57c#4:FAIL-t2,INCONSISTENCY,nextIndex=0,followerCommit=-1,matchIndex=-1
2025-07-05 15:54:04,081 [d608cca7-8f6c-485f-afd6-2c7e3558bc9e@group-0EF9E94BB6A3->e9f0a7df-dfca-4eba-a7d3-db47f637b57c-GrpcLogAppender-LogAppenderDaemon] INFO  server.GrpcLogAppender (GrpcLogAppender.java:notifyInstallSnapshot(799)) - d608cca7-8f6c-485f-afd6-2c7e3558bc9e@group-0EF9E94BB6A3->e9f0a7df-dfca-4eba-a7d3-db47f637b57c-GrpcLogAppender: notifyInstallSnapshot with firstAvailable=(t:1, i:0), followerNextIndex=0
2025-07-05 15:54:04,082 [d608cca7-8f6c-485f-afd6-2c7e3558bc9e@group-0EF9E94BB6A3->e9f0a7df-dfca-4eba-a7d3-db47f637b57c-GrpcLogAppender-LogAppenderDaemon] INFO  server.GrpcLogAppender (GrpcLogAppender.java:notifyInstallSnapshot(807)) - d608cca7-8f6c-485f-afd6-2c7e3558bc9e@group-0EF9E94BB6A3->e9f0a7df-dfca-4eba-a7d3-db47f637b57c-GrpcLogAppender: send d608cca7-8f6c-485f-afd6-2c7e3558bc9e->e9f0a7df-dfca-4eba-a7d3-db47f637b57c#0-t2,notify:(t:1, i:0)
2025-07-05 15:54:04,084 [grpc-default-executor-0] INFO  impl.SnapshotInstallationHandler (SnapshotInstallationHandler.java:installSnapshotImpl(147)) - e9f0a7df-dfca-4eba-a7d3-db47f637b57c@group-0EF9E94BB6A3: set new configuration index: 7
configurationEntry {
  peers {
    id: "2d344aaf-3adb-4590-a8db-0ff637af21a8"
    address: "localhost:15011"
    startupRole: FOLLOWER
  }
  peers {
    id: "d608cca7-8f6c-485f-afd6-2c7e3558bc9e"
    address: "localhost:15003"
    startupRole: FOLLOWER
  }
}
 from snapshot
2025-07-05 15:54:04,085 [grpc-default-executor-0] INFO  server.RaftServer$Division (ServerState.java:setRaftConf(386)) - e9f0a7df-dfca-4eba-a7d3-db47f637b57c@group-0EF9E94BB6A3: set configuration conf: {index: 7, cur=peers:[2d344aaf-3adb-4590-a8db-0ff637af21a8|localhost:15011, d608cca7-8f6c-485f-afd6-2c7e3558bc9e|localhost:15003]|listeners:[], old=null}
2025-07-05 15:54:04,088 [Socket Reader #1 for port 15002] INFO  ipc.Server (Server.java:saslProcess(2290)) - Auth successful for scm/localhost@EXAMPLE.COM (auth:KERBEROS) from 127.0.0.1:42713
2025-07-05 15:54:04,088 [grpc-default-executor-3] INFO  server.GrpcLogAppender (GrpcLogAppender.java:onNext(663)) - d608cca7-8f6c-485f-afd6-2c7e3558bc9e@group-0EF9E94BB6A3->e9f0a7df-dfca-4eba-a7d3-db47f637b57c-InstallSnapshotResponseHandler: received a reply d608cca7-8f6c-485f-afd6-2c7e3558bc9e<-e9f0a7df-dfca-4eba-a7d3-db47f637b57c#0:FAIL-t2,IN_PROGRESS,snapshotIndex=0
2025-07-05 15:54:04,089 [grpc-default-executor-3] INFO  server.GrpcLogAppender (GrpcLogAppender.java:onNext(679)) - d608cca7-8f6c-485f-afd6-2c7e3558bc9e@group-0EF9E94BB6A3->e9f0a7df-dfca-4eba-a7d3-db47f637b57c-InstallSnapshotResponseHandler: InstallSnapshot in progress.
2025-07-05 15:54:04,091 [scmNode-3-SCMInstallSnapshot-0] INFO  ha.SCMStateMachine (SCMStateMachine.java:lambda$notifyInstallSnapshotFromLeader$2(258)) - Got secret keys from leaders [SecretKey(id = d68e803d-24ae-4d18-af54-e13ef808b648, creation at: 2025-07-05T15:53:53.915Z, expire at: 2025-07-05T16:02:13.915Z)]
2025-07-05 15:54:04,091 [grpc-default-executor-3] INFO  server.RaftServer$Division (RaftServerImpl.java:checkInconsistentAppendEntries(1651)) - e9f0a7df-dfca-4eba-a7d3-db47f637b57c@group-0EF9E94BB6A3: Failed appendEntries as snapshot (0) installation is in progress
2025-07-05 15:54:04,092 [grpc-default-executor-3] INFO  server.RaftServer$Division (RaftServerImpl.java:appendEntriesAsync(1594)) - e9f0a7df-dfca-4eba-a7d3-db47f637b57c@group-0EF9E94BB6A3: appendEntries* reply d608cca7-8f6c-485f-afd6-2c7e3558bc9e<-e9f0a7df-dfca-4eba-a7d3-db47f637b57c#5:FAIL-t2,INCONSISTENCY,nextIndex=0,followerCommit=-1,matchIndex=-1
2025-07-05 15:54:04,093 [d608cca7-8f6c-485f-afd6-2c7e3558bc9e@group-0EF9E94BB6A3->e9f0a7df-dfca-4eba-a7d3-db47f637b57c-GrpcLogAppender-LogAppenderDaemon] INFO  server.GrpcLogAppender (GrpcLogAppender.java:notifyInstallSnapshot(799)) - d608cca7-8f6c-485f-afd6-2c7e3558bc9e@group-0EF9E94BB6A3->e9f0a7df-dfca-4eba-a7d3-db47f637b57c-GrpcLogAppender: notifyInstallSnapshot with firstAvailable=(t:1, i:0), followerNextIndex=0
2025-07-05 15:54:04,093 [d608cca7-8f6c-485f-afd6-2c7e3558bc9e@group-0EF9E94BB6A3->e9f0a7df-dfca-4eba-a7d3-db47f637b57c-GrpcLogAppender-LogAppenderDaemon] INFO  server.GrpcLogAppender (GrpcLogAppender.java:notifyInstallSnapshot(807)) - d608cca7-8f6c-485f-afd6-2c7e3558bc9e@group-0EF9E94BB6A3->e9f0a7df-dfca-4eba-a7d3-db47f637b57c-GrpcLogAppender: send d608cca7-8f6c-485f-afd6-2c7e3558bc9e->e9f0a7df-dfca-4eba-a7d3-db47f637b57c#0-t2,notify:(t:1, i:0)
2025-07-05 15:54:04,096 [grpc-default-executor-3] INFO  impl.SnapshotInstallationHandler (SnapshotInstallationHandler.java:installSnapshotImpl(147)) - e9f0a7df-dfca-4eba-a7d3-db47f637b57c@group-0EF9E94BB6A3: set new configuration index: 7
configurationEntry {
  peers {
    id: "2d344aaf-3adb-4590-a8db-0ff637af21a8"
    address: "localhost:15011"
    startupRole: FOLLOWER
  }
  peers {
    id: "d608cca7-8f6c-485f-afd6-2c7e3558bc9e"
    address: "localhost:15003"
    startupRole: FOLLOWER
  }
}
 from snapshot
2025-07-05 15:54:04,097 [grpc-default-executor-3] INFO  server.RaftServer$Division (ServerState.java:setRaftConf(386)) - e9f0a7df-dfca-4eba-a7d3-db47f637b57c@group-0EF9E94BB6A3: set configuration conf: {index: 7, cur=peers:[2d344aaf-3adb-4590-a8db-0ff637af21a8|localhost:15011, d608cca7-8f6c-485f-afd6-2c7e3558bc9e|localhost:15003]|listeners:[], old=null}
2025-07-05 15:54:04,101 [grpc-default-executor-3] INFO  server.GrpcLogAppender (GrpcLogAppender.java:onNext(663)) - d608cca7-8f6c-485f-afd6-2c7e3558bc9e@group-0EF9E94BB6A3->e9f0a7df-dfca-4eba-a7d3-db47f637b57c-InstallSnapshotResponseHandler: received a reply d608cca7-8f6c-485f-afd6-2c7e3558bc9e<-e9f0a7df-dfca-4eba-a7d3-db47f637b57c#0:FAIL-t2,IN_PROGRESS,snapshotIndex=0
2025-07-05 15:54:04,101 [grpc-default-executor-3] INFO  server.GrpcLogAppender (GrpcLogAppender.java:onNext(679)) - d608cca7-8f6c-485f-afd6-2c7e3558bc9e@group-0EF9E94BB6A3->e9f0a7df-dfca-4eba-a7d3-db47f637b57c-InstallSnapshotResponseHandler: InstallSnapshot in progress.
2025-07-05 15:54:04,102 [d608cca7-8f6c-485f-afd6-2c7e3558bc9e@group-0EF9E94BB6A3->e9f0a7df-dfca-4eba-a7d3-db47f637b57c-GrpcLogAppender-LogAppenderDaemon] INFO  server.GrpcLogAppender (GrpcLogAppender.java:notifyInstallSnapshot(799)) - d608cca7-8f6c-485f-afd6-2c7e3558bc9e@group-0EF9E94BB6A3->e9f0a7df-dfca-4eba-a7d3-db47f637b57c-GrpcLogAppender: notifyInstallSnapshot with firstAvailable=(t:1, i:0), followerNextIndex=0
2025-07-05 15:54:04,102 [d608cca7-8f6c-485f-afd6-2c7e3558bc9e@group-0EF9E94BB6A3->e9f0a7df-dfca-4eba-a7d3-db47f637b57c-GrpcLogAppender-LogAppenderDaemon] INFO  server.GrpcLogAppender (GrpcLogAppender.java:notifyInstallSnapshot(807)) - d608cca7-8f6c-485f-afd6-2c7e3558bc9e@group-0EF9E94BB6A3->e9f0a7df-dfca-4eba-a7d3-db47f637b57c-GrpcLogAppender: send d608cca7-8f6c-485f-afd6-2c7e3558bc9e->e9f0a7df-dfca-4eba-a7d3-db47f637b57c#0-t2,notify:(t:1, i:0)
2025-07-05 15:54:04,102 [grpc-default-executor-3] INFO  server.RaftServer$Division (RaftServerImpl.java:checkInconsistentAppendEntries(1651)) - e9f0a7df-dfca-4eba-a7d3-db47f637b57c@group-0EF9E94BB6A3: Failed appendEntries as snapshot (0) installation is in progress
2025-07-05 15:54:04,103 [grpc-default-executor-3] INFO  server.RaftServer$Division (RaftServerImpl.java:appendEntriesAsync(1594)) - e9f0a7df-dfca-4eba-a7d3-db47f637b57c@group-0EF9E94BB6A3: appendEntries* reply d608cca7-8f6c-485f-afd6-2c7e3558bc9e<-e9f0a7df-dfca-4eba-a7d3-db47f637b57c#6:FAIL-t2,INCONSISTENCY,nextIndex=0,followerCommit=-1,matchIndex=-1
2025-07-05 15:54:04,106 [grpc-default-executor-0] INFO  impl.SnapshotInstallationHandler (SnapshotInstallationHandler.java:installSnapshotImpl(147)) - e9f0a7df-dfca-4eba-a7d3-db47f637b57c@group-0EF9E94BB6A3: set new configuration index: 7
configurationEntry {
  peers {
    id: "2d344aaf-3adb-4590-a8db-0ff637af21a8"
    address: "localhost:15011"
    startupRole: FOLLOWER
  }
  peers {
    id: "d608cca7-8f6c-485f-afd6-2c7e3558bc9e"
    address: "localhost:15003"
    startupRole: FOLLOWER
  }
}
 from snapshot
2025-07-05 15:54:04,106 [grpc-default-executor-0] INFO  server.RaftServer$Division (ServerState.java:setRaftConf(386)) - e9f0a7df-dfca-4eba-a7d3-db47f637b57c@group-0EF9E94BB6A3: set configuration conf: {index: 7, cur=peers:[2d344aaf-3adb-4590-a8db-0ff637af21a8|localhost:15011, d608cca7-8f6c-485f-afd6-2c7e3558bc9e|localhost:15003]|listeners:[], old=null}
2025-07-05 15:54:04,109 [grpc-default-executor-3] INFO  server.GrpcLogAppender (GrpcLogAppender.java:onNext(663)) - d608cca7-8f6c-485f-afd6-2c7e3558bc9e@group-0EF9E94BB6A3->e9f0a7df-dfca-4eba-a7d3-db47f637b57c-InstallSnapshotResponseHandler: received a reply d608cca7-8f6c-485f-afd6-2c7e3558bc9e<-e9f0a7df-dfca-4eba-a7d3-db47f637b57c#0:FAIL-t2,IN_PROGRESS,snapshotIndex=0
2025-07-05 15:54:04,110 [grpc-default-executor-3] INFO  server.GrpcLogAppender (GrpcLogAppender.java:onNext(679)) - d608cca7-8f6c-485f-afd6-2c7e3558bc9e@group-0EF9E94BB6A3->e9f0a7df-dfca-4eba-a7d3-db47f637b57c-InstallSnapshotResponseHandler: InstallSnapshot in progress.
2025-07-05 15:54:04,111 [d608cca7-8f6c-485f-afd6-2c7e3558bc9e@group-0EF9E94BB6A3->e9f0a7df-dfca-4eba-a7d3-db47f637b57c-GrpcLogAppender-LogAppenderDaemon] INFO  server.GrpcLogAppender (GrpcLogAppender.java:notifyInstallSnapshot(799)) - d608cca7-8f6c-485f-afd6-2c7e3558bc9e@group-0EF9E94BB6A3->e9f0a7df-dfca-4eba-a7d3-db47f637b57c-GrpcLogAppender: notifyInstallSnapshot with firstAvailable=(t:1, i:0), followerNextIndex=0
2025-07-05 15:54:04,111 [grpc-default-executor-3] INFO  server.RaftServer$Division (RaftServerImpl.java:checkInconsistentAppendEntries(1651)) - e9f0a7df-dfca-4eba-a7d3-db47f637b57c@group-0EF9E94BB6A3: Failed appendEntries as snapshot (0) installation is in progress
2025-07-05 15:54:04,112 [grpc-default-executor-3] INFO  server.RaftServer$Division (RaftServerImpl.java:appendEntriesAsync(1594)) - e9f0a7df-dfca-4eba-a7d3-db47f637b57c@group-0EF9E94BB6A3: appendEntries* reply d608cca7-8f6c-485f-afd6-2c7e3558bc9e<-e9f0a7df-dfca-4eba-a7d3-db47f637b57c#7:FAIL-t2,INCONSISTENCY,nextIndex=0,followerCommit=-1,matchIndex=-1
2025-07-05 15:54:04,111 [d608cca7-8f6c-485f-afd6-2c7e3558bc9e@group-0EF9E94BB6A3->e9f0a7df-dfca-4eba-a7d3-db47f637b57c-GrpcLogAppender-LogAppenderDaemon] INFO  server.GrpcLogAppender (GrpcLogAppender.java:notifyInstallSnapshot(807)) - d608cca7-8f6c-485f-afd6-2c7e3558bc9e@group-0EF9E94BB6A3->e9f0a7df-dfca-4eba-a7d3-db47f637b57c-GrpcLogAppender: send d608cca7-8f6c-485f-afd6-2c7e3558bc9e->e9f0a7df-dfca-4eba-a7d3-db47f637b57c#0-t2,notify:(t:1, i:0)
2025-07-05 15:54:04,115 [grpc-default-executor-3] INFO  impl.SnapshotInstallationHandler (SnapshotInstallationHandler.java:installSnapshotImpl(147)) - e9f0a7df-dfca-4eba-a7d3-db47f637b57c@group-0EF9E94BB6A3: set new configuration index: 7
configurationEntry {
  peers {
    id: "2d344aaf-3adb-4590-a8db-0ff637af21a8"
    address: "localhost:15011"
    startupRole: FOLLOWER
  }
  peers {
    id: "d608cca7-8f6c-485f-afd6-2c7e3558bc9e"
    address: "localhost:15003"
    startupRole: FOLLOWER
  }
}
 from snapshot
2025-07-05 15:54:04,115 [grpc-default-executor-3] INFO  server.RaftServer$Division (ServerState.java:setRaftConf(386)) - e9f0a7df-dfca-4eba-a7d3-db47f637b57c@group-0EF9E94BB6A3: set configuration conf: {index: 7, cur=peers:[2d344aaf-3adb-4590-a8db-0ff637af21a8|localhost:15011, d608cca7-8f6c-485f-afd6-2c7e3558bc9e|localhost:15003]|listeners:[], old=null}
2025-07-05 15:54:04,119 [grpc-default-executor-3] INFO  server.GrpcLogAppender (GrpcLogAppender.java:onNext(663)) - d608cca7-8f6c-485f-afd6-2c7e3558bc9e@group-0EF9E94BB6A3->e9f0a7df-dfca-4eba-a7d3-db47f637b57c-InstallSnapshotResponseHandler: received a reply d608cca7-8f6c-485f-afd6-2c7e3558bc9e<-e9f0a7df-dfca-4eba-a7d3-db47f637b57c#0:FAIL-t2,IN_PROGRESS,snapshotIndex=0
2025-07-05 15:54:04,119 [grpc-default-executor-3] INFO  server.GrpcLogAppender (GrpcLogAppender.java:onNext(679)) - d608cca7-8f6c-485f-afd6-2c7e3558bc9e@group-0EF9E94BB6A3->e9f0a7df-dfca-4eba-a7d3-db47f637b57c-InstallSnapshotResponseHandler: InstallSnapshot in progress.
2025-07-05 15:54:04,120 [grpc-default-executor-3] INFO  server.RaftServer$Division (RaftServerImpl.java:checkInconsistentAppendEntries(1651)) - e9f0a7df-dfca-4eba-a7d3-db47f637b57c@group-0EF9E94BB6A3: Failed appendEntries as snapshot (0) installation is in progress
2025-07-05 15:54:04,120 [grpc-default-executor-3] INFO  server.RaftServer$Division (RaftServerImpl.java:appendEntriesAsync(1594)) - e9f0a7df-dfca-4eba-a7d3-db47f637b57c@group-0EF9E94BB6A3: appendEntries* reply d608cca7-8f6c-485f-afd6-2c7e3558bc9e<-e9f0a7df-dfca-4eba-a7d3-db47f637b57c#8:FAIL-t2,INCONSISTENCY,nextIndex=0,followerCommit=-1,matchIndex=-1
2025-07-05 15:54:04,120 [d608cca7-8f6c-485f-afd6-2c7e3558bc9e@group-0EF9E94BB6A3->e9f0a7df-dfca-4eba-a7d3-db47f637b57c-GrpcLogAppender-LogAppenderDaemon] INFO  server.GrpcLogAppender (GrpcLogAppender.java:notifyInstallSnapshot(799)) - d608cca7-8f6c-485f-afd6-2c7e3558bc9e@group-0EF9E94BB6A3->e9f0a7df-dfca-4eba-a7d3-db47f637b57c-GrpcLogAppender: notifyInstallSnapshot with firstAvailable=(t:1, i:0), followerNextIndex=0
2025-07-05 15:54:04,121 [d608cca7-8f6c-485f-afd6-2c7e3558bc9e@group-0EF9E94BB6A3->e9f0a7df-dfca-4eba-a7d3-db47f637b57c-GrpcLogAppender-LogAppenderDaemon] INFO  server.GrpcLogAppender (GrpcLogAppender.java:notifyInstallSnapshot(807)) - d608cca7-8f6c-485f-afd6-2c7e3558bc9e@group-0EF9E94BB6A3->e9f0a7df-dfca-4eba-a7d3-db47f637b57c-GrpcLogAppender: send d608cca7-8f6c-485f-afd6-2c7e3558bc9e->e9f0a7df-dfca-4eba-a7d3-db47f637b57c#0-t2,notify:(t:1, i:0)
2025-07-05 15:54:04,124 [grpc-default-executor-3] INFO  impl.SnapshotInstallationHandler (SnapshotInstallationHandler.java:installSnapshotImpl(147)) - e9f0a7df-dfca-4eba-a7d3-db47f637b57c@group-0EF9E94BB6A3: set new configuration index: 7
configurationEntry {
  peers {
    id: "2d344aaf-3adb-4590-a8db-0ff637af21a8"
    address: "localhost:15011"
    startupRole: FOLLOWER
  }
  peers {
    id: "d608cca7-8f6c-485f-afd6-2c7e3558bc9e"
    address: "localhost:15003"
    startupRole: FOLLOWER
  }
}
 from snapshot
2025-07-05 15:54:04,124 [grpc-default-executor-3] INFO  server.RaftServer$Division (ServerState.java:setRaftConf(386)) - e9f0a7df-dfca-4eba-a7d3-db47f637b57c@group-0EF9E94BB6A3: set configuration conf: {index: 7, cur=peers:[2d344aaf-3adb-4590-a8db-0ff637af21a8|localhost:15011, d608cca7-8f6c-485f-afd6-2c7e3558bc9e|localhost:15003]|listeners:[], old=null}
2025-07-05 15:54:04,128 [grpc-default-executor-3] INFO  server.GrpcLogAppender (GrpcLogAppender.java:onNext(663)) - d608cca7-8f6c-485f-afd6-2c7e3558bc9e@group-0EF9E94BB6A3->e9f0a7df-dfca-4eba-a7d3-db47f637b57c-InstallSnapshotResponseHandler: received a reply d608cca7-8f6c-485f-afd6-2c7e3558bc9e<-e9f0a7df-dfca-4eba-a7d3-db47f637b57c#0:FAIL-t2,IN_PROGRESS,snapshotIndex=0
2025-07-05 15:54:04,128 [grpc-default-executor-3] INFO  server.GrpcLogAppender (GrpcLogAppender.java:onNext(679)) - d608cca7-8f6c-485f-afd6-2c7e3558bc9e@group-0EF9E94BB6A3->e9f0a7df-dfca-4eba-a7d3-db47f637b57c-InstallSnapshotResponseHandler: InstallSnapshot in progress.
2025-07-05 15:54:04,129 [d608cca7-8f6c-485f-afd6-2c7e3558bc9e@group-0EF9E94BB6A3->e9f0a7df-dfca-4eba-a7d3-db47f637b57c-GrpcLogAppender-LogAppenderDaemon] INFO  server.GrpcLogAppender (GrpcLogAppender.java:notifyInstallSnapshot(799)) - d608cca7-8f6c-485f-afd6-2c7e3558bc9e@group-0EF9E94BB6A3->e9f0a7df-dfca-4eba-a7d3-db47f637b57c-GrpcLogAppender: notifyInstallSnapshot with firstAvailable=(t:1, i:0), followerNextIndex=0
2025-07-05 15:54:04,130 [grpc-default-executor-3] INFO  server.RaftServer$Division (RaftServerImpl.java:checkInconsistentAppendEntries(1651)) - e9f0a7df-dfca-4eba-a7d3-db47f637b57c@group-0EF9E94BB6A3: Failed appendEntries as snapshot (0) installation is in progress
2025-07-05 15:54:04,130 [grpc-default-executor-3] INFO  server.RaftServer$Division (RaftServerImpl.java:appendEntriesAsync(1594)) - e9f0a7df-dfca-4eba-a7d3-db47f637b57c@group-0EF9E94BB6A3: appendEntries* reply d608cca7-8f6c-485f-afd6-2c7e3558bc9e<-e9f0a7df-dfca-4eba-a7d3-db47f637b57c#9:FAIL-t2,INCONSISTENCY,nextIndex=0,followerCommit=-1,matchIndex=-1
2025-07-05 15:54:04,130 [d608cca7-8f6c-485f-afd6-2c7e3558bc9e@group-0EF9E94BB6A3->e9f0a7df-dfca-4eba-a7d3-db47f637b57c-GrpcLogAppender-LogAppenderDaemon] INFO  server.GrpcLogAppender (GrpcLogAppender.java:notifyInstallSnapshot(807)) - d608cca7-8f6c-485f-afd6-2c7e3558bc9e@group-0EF9E94BB6A3->e9f0a7df-dfca-4eba-a7d3-db47f637b57c-GrpcLogAppender: send d608cca7-8f6c-485f-afd6-2c7e3558bc9e->e9f0a7df-dfca-4eba-a7d3-db47f637b57c#0-t2,notify:(t:1, i:0)
2025-07-05 15:54:04,131 [scmNode-3-SCMInstallSnapshot-0] INFO  ha.SCMHAManagerImpl (SCMHAManagerImpl.java:verifyCheckpointFromLeader(221)) - e9f0a7df-dfca-4eba-a7d3-db47f637b57c: Verify checkpoint 2#9 from leader scmNode-1
2025-07-05 15:54:04,131 [scmNode-3-SCMInstallSnapshot-0] INFO  impl.SnapshotInstallationHandler (SnapshotInstallationHandler.java:lambda$notifyStateMachineToInstallSnapshot$8(320)) - e9f0a7df-dfca-4eba-a7d3-db47f637b57c@group-0EF9E94BB6A3: StateMachine successfully installed snapshot index 9. Reloading the StateMachine.
2025-07-05 15:54:04,132 [grpc-default-executor-0] INFO  ha.SCMStateMachine (SCMStateMachine.java:pause(393)) - e9f0a7df-dfca-4eba-a7d3-db47f637b57c: Try to pause from current LifeCycle state SCMStateMachine:e9f0a7df-dfca-4eba-a7d3-db47f637b57c:group-0EF9E94BB6A3:RUNNING
2025-07-05 15:54:04,132 [grpc-default-executor-0] INFO  raftlog.RaftLog (RaftLogBase.java:lambda$new$0(54)) - e9f0a7df-dfca-4eba-a7d3-db47f637b57c@group-0EF9E94BB6A3-SegmentedRaftLog: snapshotIndex: updateIncreasingly -1 -> 9
2025-07-05 15:54:04,133 [grpc-default-executor-0] INFO  segmented.SegmentedRaftLogWorker (SegmentedRaftLogWorker.java:lambda$new$0(141)) - e9f0a7df-dfca-4eba-a7d3-db47f637b57c@group-0EF9E94BB6A3-SegmentedRaftLogWorker: flushIndex: setUnconditionally -1 -> 9
2025-07-05 15:54:04,133 [grpc-default-executor-0] INFO  segmented.SegmentedRaftLogWorker (SegmentedRaftLogWorker.java:lambda$new$0(141)) - e9f0a7df-dfca-4eba-a7d3-db47f637b57c@group-0EF9E94BB6A3-SegmentedRaftLogWorker: safeCacheEvictIndex: setUnconditionally -1 -> 9
2025-07-05 15:54:04,133 [grpc-default-executor-0] INFO  raftlog.RaftLog (RaftLogBase.java:lambda$new$0(54)) - e9f0a7df-dfca-4eba-a7d3-db47f637b57c@group-0EF9E94BB6A3-SegmentedRaftLog: purgeIndex: updateToMax old=-1, new=9, updated? true
2025-07-05 15:54:04,133 [grpc-default-executor-0] INFO  impl.SnapshotInstallationHandler (SnapshotInstallationHandler.java:notifyStateMachineToInstallSnapshot(365)) - e9f0a7df-dfca-4eba-a7d3-db47f637b57c@group-0EF9E94BB6A3: InstallSnapshot notification result: SNAPSHOT_INSTALLED, at index: (t:2, i:9)
2025-07-05 15:54:04,134 [grpc-default-executor-0] INFO  impl.SnapshotInstallationHandler (SnapshotInstallationHandler.java:installSnapshotImpl(147)) - e9f0a7df-dfca-4eba-a7d3-db47f637b57c@group-0EF9E94BB6A3: set new configuration index: 7
configurationEntry {
  peers {
    id: "2d344aaf-3adb-4590-a8db-0ff637af21a8"
    address: "localhost:15011"
    startupRole: FOLLOWER
  }
  peers {
    id: "d608cca7-8f6c-485f-afd6-2c7e3558bc9e"
    address: "localhost:15003"
    startupRole: FOLLOWER
  }
}
 from snapshot
2025-07-05 15:54:04,134 [grpc-default-executor-0] INFO  server.RaftServer$Division (ServerState.java:setRaftConf(386)) - e9f0a7df-dfca-4eba-a7d3-db47f637b57c@group-0EF9E94BB6A3: set configuration conf: {index: 7, cur=peers:[2d344aaf-3adb-4590-a8db-0ff637af21a8|localhost:15011, d608cca7-8f6c-485f-afd6-2c7e3558bc9e|localhost:15003]|listeners:[], old=null}
2025-07-05 15:54:04,139 [grpc-default-executor-0] INFO  server.GrpcLogAppender (GrpcLogAppender.java:onNext(663)) - d608cca7-8f6c-485f-afd6-2c7e3558bc9e@group-0EF9E94BB6A3->e9f0a7df-dfca-4eba-a7d3-db47f637b57c-InstallSnapshotResponseHandler: received a reply d608cca7-8f6c-485f-afd6-2c7e3558bc9e<-e9f0a7df-dfca-4eba-a7d3-db47f637b57c#0:OK-t2,SNAPSHOT_INSTALLED,snapshotIndex=9
2025-07-05 15:54:04,139 [grpc-default-executor-0] INFO  server.GrpcLogAppender (GrpcLogAppender.java:onNext(701)) - d608cca7-8f6c-485f-afd6-2c7e3558bc9e@group-0EF9E94BB6A3->e9f0a7df-dfca-4eba-a7d3-db47f637b57c-InstallSnapshotResponseHandler: Follower installed snapshot at index 9
2025-07-05 15:54:04,139 [grpc-default-executor-0] INFO  leader.FollowerInfo (FollowerInfoImpl.java:info(64)) - d608cca7-8f6c-485f-afd6-2c7e3558bc9e@group-0EF9E94BB6A3->e9f0a7df-dfca-4eba-a7d3-db47f637b57c: snapshotIndex: setUnconditionally 0 -> 9
2025-07-05 15:54:04,140 [grpc-default-executor-0] INFO  leader.FollowerInfo (FollowerInfoImpl.java:info(64)) - d608cca7-8f6c-485f-afd6-2c7e3558bc9e@group-0EF9E94BB6A3->e9f0a7df-dfca-4eba-a7d3-db47f637b57c: matchIndex: setUnconditionally -1 -> 9
2025-07-05 15:54:04,140 [grpc-default-executor-0] INFO  leader.FollowerInfo (FollowerInfoImpl.java:info(64)) - d608cca7-8f6c-485f-afd6-2c7e3558bc9e@group-0EF9E94BB6A3->e9f0a7df-dfca-4eba-a7d3-db47f637b57c: nextIndex: setUnconditionally 0 -> 10
2025-07-05 15:54:04,140 [grpc-default-executor-0] INFO  leader.FollowerInfo (FollowerInfoImpl.java:setAttemptedToInstallSnapshot(154)) - Follower d608cca7-8f6c-485f-afd6-2c7e3558bc9e@group-0EF9E94BB6A3->e9f0a7df-dfca-4eba-a7d3-db47f637b57c acknowledged installing snapshot
2025-07-05 15:54:04,140 [grpc-default-executor-0] INFO  server.GrpcLogAppender (GrpcLogAppender.java:increaseNextIndex(464)) - d608cca7-8f6c-485f-afd6-2c7e3558bc9e@group-0EF9E94BB6A3->e9f0a7df-dfca-4eba-a7d3-db47f637b57c-GrpcLogAppender: updateNextIndex 10 for SNAPSHOT_INSTALLED
2025-07-05 15:54:04,140 [grpc-default-executor-0] INFO  server.GrpcLogAppender (GrpcLogAppender.java:onFollowerCatchup(629)) - d608cca7-8f6c-485f-afd6-2c7e3558bc9e@group-0EF9E94BB6A3->e9f0a7df-dfca-4eba-a7d3-db47f637b57c-InstallSnapshotResponseHandler: Follower can catch up leader after install the snapshot, as leader's start index is 10
2025-07-05 15:54:04,160 [e9f0a7df-dfca-4eba-a7d3-db47f637b57c@group-0EF9E94BB6A3-StateMachineUpdater] INFO  ha.SCMHAManagerImpl (SCMHAManagerImpl.java:installCheckpoint(273)) - e9f0a7df-dfca-4eba-a7d3-db47f637b57c: Install checkpoint 2#9
2025-07-05 15:54:04,165 [e9f0a7df-dfca-4eba-a7d3-db47f637b57c@group-0EF9E94BB6A3-StateMachineUpdater] INFO  ha.SCMHAManagerImpl (SCMHAManagerImpl.java:installCheckpoint(311)) - Replaced DB with checkpoint, term: 2, index: 9
2025-07-05 15:54:04,166 [e9f0a7df-dfca-4eba-a7d3-db47f637b57c@group-0EF9E94BB6A3-StateMachineUpdater] WARN  utils.HAUtils (HAUtils.java:getMetaDir(311)) - ozone.scm.db.dirs is not configured. We recommend adding this setting. Falling back to ozone.metadata.dirs instead.
2025-07-05 15:54:04,166 [e9f0a7df-dfca-4eba-a7d3-db47f637b57c@group-0EF9E94BB6A3-StateMachineUpdater] WARN  db.DBStoreBuilder (DBStoreBuilder.java:getDBDirPath(158)) - ozone.scm.db.dirs is not configured. We recommend adding this setting. Falling back to ozone.metadata.dirs instead.
2025-07-05 15:54:04,188 [e9f0a7df-dfca-4eba-a7d3-db47f637b57c@group-0EF9E94BB6A3-StateMachineUpdater] INFO  ha.SequenceIdGenerator (SequenceIdGenerator.java:reinitialize(176)) - reinitialize SequenceIdGenerator.
2025-07-05 15:54:04,189 [e9f0a7df-dfca-4eba-a7d3-db47f637b57c@group-0EF9E94BB6A3-StateMachineUpdater] INFO  pipeline.PipelineStateManagerImpl (PipelineStateManagerImpl.java:initialize(75)) - No pipeline exists in current db
2025-07-05 15:54:04,189 [e9f0a7df-dfca-4eba-a7d3-db47f637b57c@group-0EF9E94BB6A3-StateMachineUpdater] INFO  ha.SCMHAManagerImpl (SCMHAManagerImpl.java:installCheckpoint(326)) - Reloaded SCM state with Term: 2 and Index: 9
2025-07-05 15:54:04,190 [e9f0a7df-dfca-4eba-a7d3-db47f637b57c@group-0EF9E94BB6A3-StateMachineUpdater] INFO  ha.SCMStateMachine (SCMStateMachine.java:reinitialize(419)) - e9f0a7df-dfca-4eba-a7d3-db47f637b57c: SCMStateMachine is reinitializing. newTermIndex = (t:2, i:9)
2025-07-05 15:54:04,191 [e9f0a7df-dfca-4eba-a7d3-db47f637b57c@group-0EF9E94BB6A3-StateMachineUpdater] INFO  symmetric.SecretKeyStateImpl (SecretKeyStateImpl.java:updateKeysInternal(111)) - Updating keys with [SecretKey(id = d68e803d-24ae-4d18-af54-e13ef808b648, creation at: 2025-07-05T15:53:53.915Z, expire at: 2025-07-05T16:02:13.915Z)]
2025-07-05 15:54:04,191 [e9f0a7df-dfca-4eba-a7d3-db47f637b57c@group-0EF9E94BB6A3-StateMachineUpdater] INFO  symmetric.SecretKeyStateImpl (SecretKeyStateImpl.java:updateKeysInternal(126)) - Current key updated SecretKey(id = d68e803d-24ae-4d18-af54-e13ef808b648, creation at: 2025-07-05T15:53:53.915Z, expire at: 2025-07-05T16:02:13.915Z)
2025-07-05 15:54:04,193 [e9f0a7df-dfca-4eba-a7d3-db47f637b57c@group-0EF9E94BB6A3-StateMachineUpdater] INFO  symmetric.LocalSecretKeyStore (LocalSecretKeyStore.java:save(107)) - Saved [SecretKey(id = d68e803d-24ae-4d18-af54-e13ef808b648, creation at: 2025-07-05T15:53:53.915Z, expire at: 2025-07-05T16:02:13.915Z)] to file /home/runner/work/ozone/ozone/hadoop-ozone/integration-test/target/test-dir/MiniOzoneClusterImpl-ea17cf83-5a24-424f-8e3a-0ef9e94bb6a3/scmNode-3/scm/keys/secret_keys.json
2025-07-05 15:54:04,193 [e9f0a7df-dfca-4eba-a7d3-db47f637b57c@group-0EF9E94BB6A3-StateMachineUpdater] INFO  impl.StateMachineUpdater (StateMachineUpdater.java:lambda$new$0(101)) - e9f0a7df-dfca-4eba-a7d3-db47f637b57c@group-0EF9E94BB6A3-StateMachineUpdater: snapshotIndex: setUnconditionally -1 -> 9
2025-07-05 15:54:04,193 [e9f0a7df-dfca-4eba-a7d3-db47f637b57c@group-0EF9E94BB6A3-StateMachineUpdater] INFO  impl.StateMachineUpdater (StateMachineUpdater.java:lambda$new$0(101)) - e9f0a7df-dfca-4eba-a7d3-db47f637b57c@group-0EF9E94BB6A3-StateMachineUpdater: appliedIndex: setUnconditionally -1 -> 9
2025-07-05 15:54:06,275 [2d344aaf-3adb-4590-a8db-0ff637af21a8@group-0EF9E94BB6A3-StateMachineUpdater] INFO  server.SCMCertStore (SCMCertStore.java:storeValidScmCertificate(96)) - Scm certificate 4 for CN=scm-sub@localhost,OU=e9f0a7df-dfca-4eba-a7d3-db47f637b57c,O=ea17cf83-5a24-424f-8e3a-0ef9e94bb6a3,SERIALNUMBER=4 is stored
2025-07-05 15:54:06,275 [2d344aaf-3adb-4590-a8db-0ff637af21a8@group-0EF9E94BB6A3-StateMachineUpdater] INFO  safemode.SCMSafeModeManager (SCMSafeModeManager.java:validateSafeModeExitRules(138)) - RatisContainerSafeModeRule rule is successfully validated
2025-07-05 15:54:06,275 [2d344aaf-3adb-4590-a8db-0ff637af21a8@group-0EF9E94BB6A3-StateMachineUpdater] INFO  safemode.HealthyPipelineSafeModeRule (HealthyPipelineSafeModeRule.java:initializeRule(228)) - Refreshed total pipeline count is 0, healthy pipeline threshold count is 1
2025-07-05 15:54:06,276 [2d344aaf-3adb-4590-a8db-0ff637af21a8@group-0EF9E94BB6A3-StateMachineUpdater] INFO  safemode.SCMSafeModeManager (SCMSafeModeManager.java:validateSafeModeExitRules(138)) - ECContainerSafeModeRule rule is successfully validated
2025-07-05 15:54:06,276 [2d344aaf-3adb-4590-a8db-0ff637af21a8@group-0EF9E94BB6A3-StateMachineUpdater] INFO  safemode.SCMSafeModeManager (SCMSafeModeManager.java:validateSafeModeExitRules(138)) - AtleastOneDatanodeReportedRule rule is successfully validated
2025-07-05 15:54:08,971 [d608cca7-8f6c-485f-afd6-2c7e3558bc9e@group-0EF9E94BB6A3-LeaderStateImpl] INFO  server.RaftServer$Division (ServerState.java:setRaftConf(386)) - d608cca7-8f6c-485f-afd6-2c7e3558bc9e@group-0EF9E94BB6A3: set configuration conf: {index: 10, cur=peers:[2d344aaf-3adb-4590-a8db-0ff637af21a8|localhost:15011, e9f0a7df-dfca-4eba-a7d3-db47f637b57c|localhost:15019, d608cca7-8f6c-485f-afd6-2c7e3558bc9e|localhost:15003]|listeners:[], old=peers:[2d344aaf-3adb-4590-a8db-0ff637af21a8|localhost:15011, d608cca7-8f6c-485f-afd6-2c7e3558bc9e|localhost:15003]|listeners:[]}
2025-07-05 15:54:08,973 [grpc-default-executor-3] INFO  impl.RoleInfo (RoleInfo.java:updateAndGet(148)) - e9f0a7df-dfca-4eba-a7d3-db47f637b57c: start e9f0a7df-dfca-4eba-a7d3-db47f637b57c@group-0EF9E94BB6A3-FollowerState
2025-07-05 15:54:08,973 [grpc-default-executor-0] INFO  server.RaftServer$Division (ServerState.java:setRaftConf(386)) - 2d344aaf-3adb-4590-a8db-0ff637af21a8@group-0EF9E94BB6A3: set configuration conf: {index: 10, cur=peers:[2d344aaf-3adb-4590-a8db-0ff637af21a8|localhost:15011, e9f0a7df-dfca-4eba-a7d3-db47f637b57c|localhost:15019, d608cca7-8f6c-485f-afd6-2c7e3558bc9e|localhost:15003]|listeners:[], old=peers:[2d344aaf-3adb-4590-a8db-0ff637af21a8|localhost:15011, d608cca7-8f6c-485f-afd6-2c7e3558bc9e|localhost:15003]|listeners:[]}
2025-07-05 15:54:08,974 [grpc-default-executor-3] INFO  server.RaftServer$Division (ServerState.java:setRaftConf(386)) - e9f0a7df-dfca-4eba-a7d3-db47f637b57c@group-0EF9E94BB6A3: set configuration conf: {index: 10, cur=peers:[2d344aaf-3adb-4590-a8db-0ff637af21a8|localhost:15011, e9f0a7df-dfca-4eba-a7d3-db47f637b57c|localhost:15019, d608cca7-8f6c-485f-afd6-2c7e3558bc9e|localhost:15003]|listeners:[], old=peers:[2d344aaf-3adb-4590-a8db-0ff637af21a8|localhost:15011, d608cca7-8f6c-485f-afd6-2c7e3558bc9e|localhost:15003]|listeners:[]}
2025-07-05 15:54:08,974 [grpc-default-executor-3] INFO  segmented.SegmentedRaftLogWorker (SegmentedRaftLogWorker.java:startLogSegment(440)) - e9f0a7df-dfca-4eba-a7d3-db47f637b57c@group-0EF9E94BB6A3-SegmentedRaftLogWorker: Starting segment from index:10
2025-07-05 15:54:08,974 [grpc-default-executor-3] INFO  server.RaftServer$Division (RaftServerImpl.java:appendEntriesAsync(1611)) -  FOLLOWER (RUNNING): e9f0a7df-dfca-4eba-a7d3-db47f637b57c@group-0EF9E94BB6A3:t2, leader=d608cca7-8f6c-485f-afd6-2c7e3558bc9e, voted=null, raftlog=Memoized:e9f0a7df-dfca-4eba-a7d3-db47f637b57c@group-0EF9E94BB6A3-SegmentedRaftLog:OPENED:c9:last(t:2, i:10), conf=conf: {index: 10, cur=peers:[2d344aaf-3adb-4590-a8db-0ff637af21a8|localhost:15011, e9f0a7df-dfca-4eba-a7d3-db47f637b57c|localhost:15019, d608cca7-8f6c-485f-afd6-2c7e3558bc9e|localhost:15003]|listeners:[], old=peers:[2d344aaf-3adb-4590-a8db-0ff637af21a8|localhost:15011, d608cca7-8f6c-485f-afd6-2c7e3558bc9e|localhost:15003]|listeners:[]}: Follower has completed install the snapshot 9.
2025-07-05 15:54:08,975 [e9f0a7df-dfca-4eba-a7d3-db47f637b57c@group-0EF9E94BB6A3-SegmentedRaftLogWorker] INFO  segmented.BufferedWriteChannel (BufferedWriteChannel.java:open(61)) - open log_inprogress_10 at position 0
2025-07-05 15:54:08,976 [d608cca7-8f6c-485f-afd6-2c7e3558bc9e@group-0EF9E94BB6A3-LeaderStateImpl] INFO  server.RaftServer$Division (ServerState.java:setRaftConf(386)) - d608cca7-8f6c-485f-afd6-2c7e3558bc9e@group-0EF9E94BB6A3: set configuration conf: {index: 11, cur=peers:[2d344aaf-3adb-4590-a8db-0ff637af21a8|localhost:15011, e9f0a7df-dfca-4eba-a7d3-db47f637b57c|localhost:15019, d608cca7-8f6c-485f-afd6-2c7e3558bc9e|localhost:15003]|listeners:[], old=null}
2025-07-05 15:54:08,978 [grpc-default-executor-3] INFO  server.RaftServer$Division (ServerState.java:setRaftConf(386)) - e9f0a7df-dfca-4eba-a7d3-db47f637b57c@group-0EF9E94BB6A3: set configuration conf: {index: 11, cur=peers:[2d344aaf-3adb-4590-a8db-0ff637af21a8|localhost:15011, e9f0a7df-dfca-4eba-a7d3-db47f637b57c|localhost:15019, d608cca7-8f6c-485f-afd6-2c7e3558bc9e|localhost:15003]|listeners:[], old=null}
2025-07-05 15:54:08,980 [grpc-default-executor-3] INFO  server.RaftServer$Division (ServerState.java:setRaftConf(386)) - 2d344aaf-3adb-4590-a8db-0ff637af21a8@group-0EF9E94BB6A3: set configuration conf: {index: 11, cur=peers:[2d344aaf-3adb-4590-a8db-0ff637af21a8|localhost:15011, e9f0a7df-dfca-4eba-a7d3-db47f637b57c|localhost:15019, d608cca7-8f6c-485f-afd6-2c7e3558bc9e|localhost:15003]|listeners:[], old=null}
2025-07-05 15:54:08,985 [IPC Server handler 0 on default port 15007] INFO  ha.SCMRatisServerImpl (SCMRatisServerImpl.java:addSCM(339)) - Successfully added new SCM: e9f0a7df-dfca-4eba-a7d3-db47f637b57c.
2025-07-05 15:54:08,986 [e9f0a7df-dfca-4eba-a7d3-db47f637b57c@group-0EF9E94BB6A3-SegmentedRaftLogWorker] INFO  segmented.SegmentedRaftLogWorker (SegmentedRaftLogWorker.java:execute(647)) - e9f0a7df-dfca-4eba-a7d3-db47f637b57c@group-0EF9E94BB6A3-SegmentedRaftLogWorker: created new log segment /home/runner/work/ozone/ozone/hadoop-ozone/integration-test/target/test-dir/MiniOzoneClusterImpl-ea17cf83-5a24-424f-8e3a-0ef9e94bb6a3/scmNode-3/scm-ha/ea17cf83-5a24-424f-8e3a-0ef9e94bb6a3/current/log_inprogress_10
2025-07-05 15:54:08,988 [main] INFO  ha.SCMHAManagerImpl (SCMHAManagerImpl.java:start(127)) - Successfully added SCM scmNode-3 to group group-0EF9E94BB6A3:[2d344aaf-3adb-4590-a8db-0ff637af21a8|localhost:15011, e9f0a7df-dfca-4eba-a7d3-db47f637b57c|localhost:15019, d608cca7-8f6c-485f-afd6-2c7e3558bc9e|localhost:15003]
2025-07-05 15:54:08,988 [main] INFO  ha.InterSCMGrpcService (InterSCMGrpcProtocolService.java:start(98)) - Starting SCM Grpc Service at port 15022
2025-07-05 15:54:08,990 [main] INFO  SCMHATransactionMonitor (BackgroundSCMService.java:start(64)) - Starting SCMHATransactionMonitor Service.
2025-07-05 15:54:08,991 [main] INFO  ha.SCMServiceManager (SCMServiceManager.java:register(42)) - Registering service SCMHATransactionMonitor.
2025-07-05 15:54:08,991 [main] INFO  SCMHATransactionMonitor (BackgroundSCMService.java:start(61)) - SCMHATransactionMonitor Service is already running, skip start.
2025-07-05 15:54:08,991 [main] INFO  impl.MetricsSystemImpl (MetricsSystemImpl.java:init(158)) - StorageContainerManager metrics system started (again)
2025-07-05 15:54:08,992 [e9f0a7df-dfca-4eba-a7d3-db47f637b57c@group-0EF9E94BB6A3-StateMachineUpdater] INFO  safemode.RatisContainerSafeModeRule (RatisContainerSafeModeRule.java:initializeRule(160)) - Refreshed Containers with one replica threshold count 0.
2025-07-05 15:54:08,992 [e9f0a7df-dfca-4eba-a7d3-db47f637b57c@group-0EF9E94BB6A3-StateMachineUpdater] INFO  safemode.HealthyPipelineSafeModeRule (HealthyPipelineSafeModeRule.java:initializeRule(228)) - Refreshed total pipeline count is 0, healthy pipeline threshold count is 1
2025-07-05 15:54:08,992 [e9f0a7df-dfca-4eba-a7d3-db47f637b57c@group-0EF9E94BB6A3-StateMachineUpdater] INFO  safemode.ECContainerSafeModeRule (ECContainerSafeModeRule.java:initializeRule(205)) - Refreshed Containers with ec n replica threshold count 0.
2025-07-05 15:54:08,992 [e9f0a7df-dfca-4eba-a7d3-db47f637b57c@group-0EF9E94BB6A3-StateMachineUpdater] INFO  safemode.OneReplicaPipelineSafeModeRule (OneReplicaPipelineSafeModeRule.java:initializeRule(186)) - Refreshed Total pipeline count is 0, pipeline's with at least one datanode reported threshold count is 0
2025-07-05 15:54:08,992 [e9f0a7df-dfca-4eba-a7d3-db47f637b57c@group-0EF9E94BB6A3-StateMachineUpdater] INFO  server.SCMDatanodeProtocolServer (SCMDatanodeProtocolServer.java:start(195)) - ScmDatanodeProtocol RPC server for DataNodes is listening at /0.0.0.0:15020
2025-07-05 15:54:08,995 [IPC Server Responder] INFO  ipc.Server (Server.java:run(1713)) - IPC Server Responder: starting
2025-07-05 15:54:08,996 [IPC Server listener on 15020] INFO  ipc.Server (Server.java:run(1553)) - IPC Server listener on 15020: starting
2025-07-05 15:54:09,016 [timer4] INFO  impl.SnapshotInstallationHandler (SnapshotInstallationHandler.java:lambda$installSnapshot$0(103)) - e9f0a7df-dfca-4eba-a7d3-db47f637b57c@group-0EF9E94BB6A3: receive installSnapshot: d608cca7-8f6c-485f-afd6-2c7e3558bc9e->e9f0a7df-dfca-4eba-a7d3-db47f637b57c#0-t2,notify:(t:1, i:0)  (Repeated 11 times in the last 5.002s)
2025-07-05 15:54:09,017 [main] INFO  server.SCMClientProtocolServer (SCMClientProtocolServer.java:start(209)) - RPC server for Client  is listening at /0.0.0.0:15021
2025-07-05 15:54:09,018 [IPC Server Responder] INFO  ipc.Server (Server.java:run(1713)) - IPC Server Responder: starting
2025-07-05 15:54:09,019 [IPC Server listener on 15021] INFO  ipc.Server (Server.java:run(1553)) - IPC Server listener on 15021: starting
2025-07-05 15:54:09,022 [timer5] INFO  impl.SnapshotInstallationHandler (SnapshotInstallationHandler.java:lambda$installSnapshot$1(113)) - e9f0a7df-dfca-4eba-a7d3-db47f637b57c@group-0EF9E94BB6A3: reply installSnapshot: d608cca7-8f6c-485f-afd6-2c7e3558bc9e<-e9f0a7df-dfca-4eba-a7d3-db47f637b57c#0:OK-t2,SNAPSHOT_INSTALLED,snapshotIndex=9  (Repeated 11 times in the last 5.000s)
2025-07-05 15:54:09,024 [timer7] INFO  server.GrpcServerProtocolService (GrpcServerProtocolService.java:lambda$null$7(175)) - e9f0a7df-dfca-4eba-a7d3-db47f637b57c: Completed INSTALL_SNAPSHOT, lastReply: null  (Repeated 11 times in the last 5.001s)
2025-07-05 15:54:09,024 [timer6] INFO  server.GrpcServerProtocolService (GrpcServerProtocolService.java:lambda$onCompleted$6(171)) - e9f0a7df-dfca-4eba-a7d3-db47f637b57c: Completed INSTALL_SNAPSHOT, lastRequest: d608cca7-8f6c-485f-afd6-2c7e3558bc9e->e9f0a7df-dfca-4eba-a7d3-db47f637b57c#0-t2,notify:(t:1, i:0)  (Repeated 11 times in the last 5.001s)
2025-07-05 15:54:09,034 [main] INFO  server.StorageContainerManager (StorageContainerManager.java:start(1526)) - ScmBlockLocationProtocol RPC server is listening at /0.0.0.0:15023
2025-07-05 15:54:09,035 [main] INFO  server.SCMBlockProtocolServer (SCMBlockProtocolServer.java:start(166)) - RPC server for Block Protocol is listening at /0.0.0.0:15023
2025-07-05 15:54:09,035 [IPC Server Responder] INFO  ipc.Server (Server.java:run(1713)) - IPC Server Responder: starting
2025-07-05 15:54:09,036 [IPC Server listener on 15023] INFO  ipc.Server (Server.java:run(1553)) - IPC Server listener on 15023: starting
2025-07-05 15:54:09,038 [timer2] WARN  server.GrpcLogAppender (GrpcLogAppender.java:lambda$onNextImpl$0(527)) - d608cca7-8f6c-485f-afd6-2c7e3558bc9e@group-0EF9E94BB6A3->e9f0a7df-dfca-4eba-a7d3-db47f637b57c-AppendLogResponseHandler: received INCONSISTENCY reply with nextIndex 0, errorCount=1, request=AppendEntriesRequest:cid=9,entriesCount=0  (Repeated 10 times in the last 5.001s)
2025-07-05 15:54:09,049 [main] INFO  server.SCMSecurityProtocolServer (SCMSecurityProtocolServer.java:start(503)) - Starting RPC server for SCMSecurityProtocolServer. is listening at /0.0.0.0:15018
2025-07-05 15:54:09,050 [IPC Server Responder] INFO  ipc.Server (Server.java:run(1713)) - IPC Server Responder: starting
2025-07-05 15:54:09,050 [IPC Server listener on 15018] INFO  ipc.Server (Server.java:run(1553)) - IPC Server listener on 15018: starting
2025-07-05 15:54:09,052 [main] INFO  ha.SCMNodeInfo (SCMNodeInfo.java:getPort(197)) - ConfigKey ozone.scm.client.address is deprecated, For configuring different ports for each SCM use PortConfigKey ozone.scm.client.port appended with serviceId and nodeId
2025-07-05 15:54:09,052 [main] INFO  ha.SCMNodeInfo (SCMNodeInfo.java:getPort(197)) - ConfigKey ozone.scm.block.client.address is deprecated, For configuring different ports for each SCM use PortConfigKey ozone.scm.block.client.port appended with serviceId and nodeId
2025-07-05 15:54:09,052 [main] INFO  ha.SCMNodeInfo (SCMNodeInfo.java:getPort(197)) - ConfigKey ozone.scm.security.service.address is deprecated, For configuring different ports for each SCM use PortConfigKey ozone.scm.security.service.port appended with serviceId and nodeId
2025-07-05 15:54:09,052 [main] INFO  ha.SCMNodeInfo (SCMNodeInfo.java:getPort(197)) - ConfigKey ozone.scm.datanode.address is deprecated, For configuring different ports for each SCM use PortConfigKey ozone.scm.datanode.port appended with serviceId and nodeId
2025-07-05 15:54:09,052 [main] INFO  ha.SCMNodeInfo (SCMNodeInfo.java:getPort(197)) - ConfigKey ozone.scm.client.address is deprecated, For configuring different ports for each SCM use PortConfigKey ozone.scm.client.port appended with serviceId and nodeId
2025-07-05 15:54:09,052 [main] INFO  ha.SCMNodeInfo (SCMNodeInfo.java:getPort(197)) - ConfigKey ozone.scm.block.client.address is deprecated, For configuring different ports for each SCM use PortConfigKey ozone.scm.block.client.port appended with serviceId and nodeId
2025-07-05 15:54:09,052 [main] INFO  ha.SCMNodeInfo (SCMNodeInfo.java:getPort(197)) - ConfigKey ozone.scm.security.service.address is deprecated, For configuring different ports for each SCM use PortConfigKey ozone.scm.security.service.port appended with serviceId and nodeId
2025-07-05 15:54:09,052 [main] INFO  ha.SCMNodeInfo (SCMNodeInfo.java:getPort(197)) - ConfigKey ozone.scm.datanode.address is deprecated, For configuring different ports for each SCM use PortConfigKey ozone.scm.datanode.port appended with serviceId and nodeId
2025-07-05 15:54:09,052 [main] INFO  ha.SCMNodeInfo (SCMNodeInfo.java:getPort(197)) - ConfigKey ozone.scm.client.address is deprecated, For configuring different ports for each SCM use PortConfigKey ozone.scm.client.port appended with serviceId and nodeId
2025-07-05 15:54:09,052 [main] INFO  ha.SCMNodeInfo (SCMNodeInfo.java:getPort(197)) - ConfigKey ozone.scm.block.client.address is deprecated, For configuring different ports for each SCM use PortConfigKey ozone.scm.block.client.port appended with serviceId and nodeId
2025-07-05 15:54:09,053 [main] INFO  ha.SCMNodeInfo (SCMNodeInfo.java:getPort(197)) - ConfigKey ozone.scm.security.service.address is deprecated, For configuring different ports for each SCM use PortConfigKey ozone.scm.security.service.port appended with serviceId and nodeId
2025-07-05 15:54:09,053 [main] INFO  ha.SCMNodeInfo (SCMNodeInfo.java:getPort(197)) - ConfigKey ozone.scm.datanode.address is deprecated, For configuring different ports for each SCM use PortConfigKey ozone.scm.datanode.port appended with serviceId and nodeId
2025-07-05 15:54:09,053 [main] INFO  proxy.SCMSecurityProtocolFailoverProxyProvider (SCMFailoverProxyProviderBase.java:<init>(120)) - Created fail-over proxy for protocol SCMSecurityProtocolPB with 3 nodes: [nodeId=scmNode-2,nodeAddress=/127.0.0.1:15010, nodeId=scmNode-3,nodeAddress=/127.0.0.1:15018, nodeId=scmNode-1,nodeAddress=/127.0.0.1:15002]
2025-07-05 15:54:09,060 [Socket Reader #1 for port 15002] INFO  ipc.Server (Server.java:saslProcess(2290)) - Auth successful for scm/localhost@EXAMPLE.COM (auth:KERBEROS) from 127.0.0.1:40247
2025-07-05 15:54:09,068 [main] INFO  utils.BackgroundService (BackgroundService.java:start(118)) - Starting service SCMBlockDeletingService with interval 60000 milliseconds
2025-07-05 15:54:09,069 [main] INFO  http.BaseHttpServer (BaseHttpServer.java:newHttpServer2BuilderForOzone(229)) - Starting Web-server for scm at: http://0.0.0.0:15016
2025-07-05 15:54:09,069 [main] INFO  http.BaseHttpServer (BaseHttpServer.java:<init>(107)) - Hadoop Security Enabled: true Ozone Security Enabled: true Ozone HTTP Security Enabled: false 
2025-07-05 15:54:09,071 [main] WARN  server.AuthenticationFilter (AuthenticationFilter.java:constructSecretProvider(240)) - Unable to initialize FileSignerSecretProvider, falling back to use random secrets. Reason: Could not read signature secret file: /home/runner/hadoop-http-auth-signature-secret
2025-07-05 15:54:09,075 [main] INFO  http.HttpServer2 (HttpServer2.java:addGlobalFilter(1042)) - Added global filter 'safety' (class=org.apache.hadoop.hdds.server.http.HttpServer2$QuotingInputFilter)
2025-07-05 15:54:09,076 [main] INFO  http.HttpServer2 (HttpServer2.java:addFilter(1018)) - Added filter static_user_filter (class=org.apache.hadoop.http.lib.StaticUserWebFilter$StaticUserFilter) to context scm
2025-07-05 15:54:09,076 [main] INFO  http.HttpServer2 (HttpServer2.java:addFilter(1026)) - Added filter static_user_filter (class=org.apache.hadoop.http.lib.StaticUserWebFilter$StaticUserFilter) to context static
2025-07-05 15:54:09,076 [main] INFO  http.HttpServer2 (HttpServer2.java:addFilter(1026)) - Added filter static_user_filter (class=org.apache.hadoop.http.lib.StaticUserWebFilter$StaticUserFilter) to context logs
2025-07-05 15:54:09,078 [main] INFO  http.BaseHttpServer (BaseHttpServer.java:<init>(195)) - HTTP server of scm uses base directory /home/runner/work/ozone/ozone/hadoop-ozone/integration-test/target/test-dir/MiniOzoneClusterImpl-ea17cf83-5a24-424f-8e3a-0ef9e94bb6a3/scmNode-3/webserver
2025-07-05 15:54:09,078 [main] INFO  http.HttpServer2 (HttpServer2.java:bindListener(1242)) - Jetty bound to port 15016
2025-07-05 15:54:09,079 [main] INFO  server.Server (Server.java:doStart(375)) - jetty-9.4.57.v20241219; built: 2025-01-08T21:24:30.412Z; git: df524e6b29271c2e09ba9aea83c18dc9db464a31; jvm 21.0.7+6-LTS
2025-07-05 15:54:09,081 [main] INFO  server.session (DefaultSessionIdManager.java:doStart(334)) - DefaultSessionIdManager workerName=node0
2025-07-05 15:54:09,081 [main] INFO  server.session (DefaultSessionIdManager.java:doStart(339)) - No SessionScavenger set, using defaults
2025-07-05 15:54:09,081 [main] INFO  server.session (HouseKeeper.java:startScavenging(132)) - node0 Scavenging every 600000ms
2025-07-05 15:54:09,082 [main] INFO  handler.ContextHandler (ContextHandler.java:doStart(921)) - Started o.e.j.s.ServletContextHandler@64641bb2{logs,/logs,file:///home/runner/work/ozone/ozone/hadoop-ozone/integration-test/target/log,AVAILABLE}
2025-07-05 15:54:09,083 [main] INFO  handler.ContextHandler (ContextHandler.java:doStart(921)) - Started o.e.j.s.ServletContextHandler@6bed8d98{static,/static,file:///home/runner/work/ozone/ozone/hadoop-ozone/integration-test/target/test-classes/webapps/static,AVAILABLE}
2025-07-05 15:54:09,089 [main] INFO  handler.ContextHandler (ContextHandler.java:doStart(921)) - Started o.e.j.w.WebAppContext@472073bb{scm,/,file:///home/runner/work/ozone/ozone/hadoop-ozone/integration-test/target/test-classes/webapps/scm/,AVAILABLE}{file:/home/runner/work/ozone/ozone/hadoop-ozone/integration-test/target/test-classes/webapps/scm}
2025-07-05 15:54:09,089 [main] INFO  server.AbstractConnector (AbstractConnector.java:doStart(333)) - Started ServerConnector@10014459{HTTP/1.1, (http/1.1)}{0.0.0.0:15016}
2025-07-05 15:54:09,090 [main] INFO  server.Server (Server.java:doStart(415)) - Started @31240ms
2025-07-05 15:54:09,090 [main] WARN  impl.MetricsSystemImpl (MetricsSystemImpl.java:register(279)) - Sink prometheus already exists!
2025-07-05 15:54:09,090 [main] INFO  http.BaseHttpServer (BaseHttpServer.java:updateConnectorAddress(359)) - HTTP server of scm listening at http://localhost:15016
2025-07-05 15:54:09,091 [main] INFO  ozone.MiniOzoneHAClusterImpl (MiniOzoneHAClusterImpl.java:createSCMService(589)) - Started SCM RPC server at /0.0.0.0:15021
2025-07-05 15:54:09,094 [main] WARN  server.ServerUtils (ServerUtils.java:getDBPath(292)) - ozone.om.db.dirs is not configured. We recommend adding this setting. Falling back to ozone.metadata.dirs instead.
2025-07-05 15:54:09,098 [main] INFO  om.OzoneManager (OzoneManager.java:initializeSecurity(1552)) - Initializing secure OzoneManager.
2025-07-05 15:54:09,104 [Socket Reader #1 for port 15002] INFO  ipc.Server (Server.java:saslProcess(2290)) - Auth successful for scm/localhost@EXAMPLE.COM (auth:KERBEROS) from 127.0.0.1:42193
2025-07-05 15:54:09,109 [IPC Server handler 1 on default port 15002] INFO  client.SCMCertificateClient (DefaultCertificateClient.java:getAllRootCaCerts(971)) - scm/sub-ca has 0 Root CA certificates
2025-07-05 15:54:09,109 [IPC Server handler 1 on default port 15002] INFO  client.SCMCertificateClient (DefaultCertificateClient.java:getAllCaCerts(979)) - scm/sub-ca has 1 CA certificates
2025-07-05 15:54:09,111 [main] INFO  om.OzoneManager (OzoneManager.java:getOmDetailsProto(4964)) - OzoneManager ports added:[name: "RPC"
value: 15042
]
2025-07-05 15:54:09,111 [e9f0a7df-dfca-4eba-a7d3-db47f637b57c-scm/sub-ca-refreshCACertificates] INFO  client.SCMCertificateClient (DefaultCertificateClient.java:getAllRootCaCerts(971)) - scm/sub-ca has 0 Root CA certificates
2025-07-05 15:54:09,111 [e9f0a7df-dfca-4eba-a7d3-db47f637b57c-scm/sub-ca-refreshCACertificates] INFO  client.SCMCertificateClient (DefaultCertificateClient.java:getAllCaCerts(979)) - scm/sub-ca has 1 CA certificates
2025-07-05 15:54:09,112 [e9f0a7df-dfca-4eba-a7d3-db47f637b57c-scm/sub-ca-refreshCACertificates] INFO  client.SCMCertificateClient (SCMCertificateClient.java:run(249)) - CA certificates are not changed.
2025-07-05 15:54:09,112 [main] INFO  ha.SCMNodeInfo (SCMNodeInfo.java:getPort(197)) - ConfigKey ozone.scm.client.address is deprecated, For configuring different ports for each SCM use PortConfigKey ozone.scm.client.port appended with serviceId and nodeId
2025-07-05 15:54:09,112 [main] INFO  ha.SCMNodeInfo (SCMNodeInfo.java:getPort(197)) - ConfigKey ozone.scm.block.client.address is deprecated, For configuring different ports for each SCM use PortConfigKey ozone.scm.block.client.port appended with serviceId and nodeId
2025-07-05 15:54:09,113 [main] INFO  ha.SCMNodeInfo (SCMNodeInfo.java:getPort(197)) - ConfigKey ozone.scm.security.service.address is deprecated, For configuring different ports for each SCM use PortConfigKey ozone.scm.security.service.port appended with serviceId and nodeId
2025-07-05 15:54:09,113 [main] INFO  ha.SCMNodeInfo (SCMNodeInfo.java:getPort(197)) - ConfigKey ozone.scm.datanode.address is deprecated, For configuring different ports for each SCM use PortConfigKey ozone.scm.datanode.port appended with serviceId and nodeId
2025-07-05 15:54:09,114 [main] INFO  ha.SCMNodeInfo (SCMNodeInfo.java:getPort(197)) - ConfigKey ozone.scm.client.address is deprecated, For configuring different ports for each SCM use PortConfigKey ozone.scm.client.port appended with serviceId and nodeId
2025-07-05 15:54:09,114 [main] INFO  ha.SCMNodeInfo (SCMNodeInfo.java:getPort(197)) - ConfigKey ozone.scm.block.client.address is deprecated, For configuring different ports for each SCM use PortConfigKey ozone.scm.block.client.port appended with serviceId and nodeId
2025-07-05 15:54:09,114 [main] INFO  ha.SCMNodeInfo (SCMNodeInfo.java:getPort(197)) - ConfigKey ozone.scm.security.service.address is deprecated, For configuring different ports for each SCM use PortConfigKey ozone.scm.security.service.port appended with serviceId and nodeId
2025-07-05 15:54:09,114 [main] INFO  ha.SCMNodeInfo (SCMNodeInfo.java:getPort(197)) - ConfigKey ozone.scm.datanode.address is deprecated, For configuring different ports for each SCM use PortConfigKey ozone.scm.datanode.port appended with serviceId and nodeId
2025-07-05 15:54:09,114 [main] INFO  ha.SCMNodeInfo (SCMNodeInfo.java:getPort(197)) - ConfigKey ozone.scm.client.address is deprecated, For configuring different ports for each SCM use PortConfigKey ozone.scm.client.port appended with serviceId and nodeId
2025-07-05 15:54:09,114 [main] INFO  ha.SCMNodeInfo (SCMNodeInfo.java:getPort(197)) - ConfigKey ozone.scm.block.client.address is deprecated, For configuring different ports for each SCM use PortConfigKey ozone.scm.block.client.port appended with serviceId and nodeId
2025-07-05 15:54:09,114 [main] INFO  ha.SCMNodeInfo (SCMNodeInfo.java:getPort(197)) - ConfigKey ozone.scm.security.service.address is deprecated, For configuring different ports for each SCM use PortConfigKey ozone.scm.security.service.port appended with serviceId and nodeId
2025-07-05 15:54:09,115 [main] INFO  ha.SCMNodeInfo (SCMNodeInfo.java:getPort(197)) - ConfigKey ozone.scm.datanode.address is deprecated, For configuring different ports for each SCM use PortConfigKey ozone.scm.datanode.port appended with serviceId and nodeId
2025-07-05 15:54:09,115 [main] INFO  proxy.SCMSecurityProtocolFailoverProxyProvider (SCMFailoverProxyProviderBase.java:<init>(120)) - Created fail-over proxy for protocol SCMSecurityProtocolPB with 3 nodes: [nodeId=scmNode-2,nodeAddress=/127.0.0.1:15010, nodeId=scmNode-3,nodeAddress=/127.0.0.1:15018, nodeId=scmNode-1,nodeAddress=/127.0.0.1:15002]
2025-07-05 15:54:09,117 [main] INFO  security.OMCertificateClient (DefaultCertificateClient.java:updateCertSerialId(1289)) - Certificate serial ID set to null
2025-07-05 15:54:09,117 [main] ERROR security.OMCertificateClient (DefaultCertificateClient.java:getCertPath(373)) - Default certificate serial id is not set. Can't locate the default certificate for this client.
2025-07-05 15:54:09,117 [main] INFO  security.OMCertificateClient (DefaultCertificateClient.java:init(717)) - Certificate client init case: 0
2025-07-05 15:54:09,117 [main] INFO  security.OMCertificateClient (DefaultCertificateClient.java:handleCase(735)) - Creating keypair for client as keypair and certificate not found.
2025-07-05 15:54:09,346 [main] INFO  keys.KeyStorage (KeyStorage.java:storePublicKey(210)) - Storing public key to /home/runner/work/ozone/ozone/hadoop-ozone/integration-test/target/test-dir/MiniOzoneClusterImpl-ea17cf83-5a24-424f-8e3a-0ef9e94bb6a3/ozone-meta/om/keys/public.pem.
2025-07-05 15:54:09,347 [main] INFO  keys.KeyStorage (KeyStorage.java:storePrivateKey(194)) - Storing private key to /home/runner/work/ozone/ozone/hadoop-ozone/integration-test/target/test-dir/MiniOzoneClusterImpl-ea17cf83-5a24-424f-8e3a-0ef9e94bb6a3/ozone-meta/om/keys/private.pem.
2025-07-05 15:54:09,347 [main] INFO  security.OMCertificateClient (DefaultCertificateClient.java:recoverStateIfNeeded(796)) - Init response: GETCERT
2025-07-05 15:54:09,348 [main] INFO  ozone.OzoneSecurityUtil (OzoneSecurityUtil.java:getValidInetsForCurrentHost(116)) - ip:fe80:0:0:0:6245:bdff:fe4b:d8f9%eth0 not returned.
2025-07-05 15:54:09,348 [main] INFO  ozone.OzoneSecurityUtil (OzoneSecurityUtil.java:getValidInetsForCurrentHost(113)) - Adding ip:10.1.0.89,host:fv-az1280-891.5ine1el5mbmedjxkdw5calxeef.ex.internal.cloudapp.net
2025-07-05 15:54:09,348 [main] INFO  ozone.OzoneSecurityUtil (OzoneSecurityUtil.java:getValidInetsForCurrentHost(116)) - ip:0:0:0:0:0:0:0:1%lo not returned.
2025-07-05 15:54:09,348 [main] INFO  ozone.OzoneSecurityUtil (OzoneSecurityUtil.java:getValidInetsForCurrentHost(116)) - ip:127.0.0.1 not returned.
2025-07-05 15:54:09,349 [main] INFO  security.OMCertificateClient (OMCertificateClient.java:configureCSRBuilder(109)) - Creating csr for OM->dns:localhost,ip:127.0.0.1,scmId:16af32b4-b161-4e98-9ae2-2330f9b34f24,clusterId:ea17cf83-5a24-424f-8e3a-0ef9e94bb6a3,subject:scm@localhost
2025-07-05 15:54:09,359 [Socket Reader #1 for port 15002] INFO  ipc.Server (Server.java:saslProcess(2290)) - Auth successful for scm/localhost@EXAMPLE.COM (auth:KERBEROS) from 127.0.0.1:37325
2025-07-05 15:54:09,361 [IPC Server handler 0 on default port 15002] INFO  server.SCMSecurityProtocolServer (SCMSecurityProtocolServer.java:getOMCertificate(278)) - Processing CSR for om localhost, UUID: 22915c27-b604-4aee-a0fa-f2a4d688a5a6
2025-07-05 15:54:09,365 [d608cca7-8f6c-485f-afd6-2c7e3558bc9e@group-0EF9E94BB6A3-StateMachineUpdater] INFO  safemode.SCMSafeModeManager (SCMSafeModeManager.java:validateSafeModeExitRules(138)) - RatisContainerSafeModeRule rule is successfully validated
2025-07-05 15:54:09,366 [d608cca7-8f6c-485f-afd6-2c7e3558bc9e@group-0EF9E94BB6A3-StateMachineUpdater] INFO  safemode.HealthyPipelineSafeModeRule (HealthyPipelineSafeModeRule.java:initializeRule(228)) - Refreshed total pipeline count is 0, healthy pipeline threshold count is 1
2025-07-05 15:54:09,366 [d608cca7-8f6c-485f-afd6-2c7e3558bc9e@group-0EF9E94BB6A3-StateMachineUpdater] INFO  safemode.SCMSafeModeManager (SCMSafeModeManager.java:validateSafeModeExitRules(138)) - ECContainerSafeModeRule rule is successfully validated
2025-07-05 15:54:09,366 [d608cca7-8f6c-485f-afd6-2c7e3558bc9e@group-0EF9E94BB6A3-StateMachineUpdater] INFO  safemode.SCMSafeModeManager (SCMSafeModeManager.java:validateSafeModeExitRules(138)) - AtleastOneDatanodeReportedRule rule is successfully validated
2025-07-05 15:54:09,366 [IPC Server handler 0 on default port 15002] INFO  ha.SequenceIdGenerator (SequenceIdGenerator.java:getNextId(135)) - Allocate a batch for CertificateId, change lastId from 4 to 5.
2025-07-05 15:54:09,368 [IPC Server handler 0 on default port 15002] INFO  keys.KeyStorage (KeyStorage.java:readPrivateKey(158)) - Reading private key from /home/runner/work/ozone/ozone/hadoop-ozone/integration-test/target/test-dir/MiniOzoneClusterImpl-ea17cf83-5a24-424f-8e3a-0ef9e94bb6a3/scmNode-1/scm/sub-ca/keys/private.pem.
2025-07-05 15:54:09,370 [IPC Server handler 0 on default port 15002] INFO  authority.DefaultApprover (DefaultApprover.java:sign(171)) - Extensions in CSR: 2.5.29.15, 2.5.29.17
2025-07-05 15:54:09,370 [IPC Server handler 0 on default port 15002] INFO  authority.DefaultApprover (DefaultApprover.java:sign(175)) - Extensions to add to the certificate if they present in CSR: 2.5.29.15, 2.5.29.17, 2.5.29.35, 2.5.29.37, 2.5.29.19, 1.3.6.1.5.5.7.1.12
2025-07-05 15:54:09,382 [e9f0a7df-dfca-4eba-a7d3-db47f637b57c@group-0EF9E94BB6A3-StateMachineUpdater] INFO  safemode.SCMSafeModeManager (SCMSafeModeManager.java:validateSafeModeExitRules(138)) - RatisContainerSafeModeRule rule is successfully validated
2025-07-05 15:54:09,382 [e9f0a7df-dfca-4eba-a7d3-db47f637b57c@group-0EF9E94BB6A3-StateMachineUpdater] INFO  safemode.HealthyPipelineSafeModeRule (HealthyPipelineSafeModeRule.java:initializeRule(228)) - Refreshed total pipeline count is 0, healthy pipeline threshold count is 1
2025-07-05 15:54:09,382 [e9f0a7df-dfca-4eba-a7d3-db47f637b57c@group-0EF9E94BB6A3-StateMachineUpdater] INFO  safemode.SCMSafeModeManager (SCMSafeModeManager.java:validateSafeModeExitRules(138)) - ECContainerSafeModeRule rule is successfully validated
2025-07-05 15:54:09,382 [e9f0a7df-dfca-4eba-a7d3-db47f637b57c@group-0EF9E94BB6A3-StateMachineUpdater] INFO  safemode.SCMSafeModeManager (SCMSafeModeManager.java:validateSafeModeExitRules(138)) - AtleastOneDatanodeReportedRule rule is successfully validated
2025-07-05 15:54:09,383 [2d344aaf-3adb-4590-a8db-0ff637af21a8@group-0EF9E94BB6A3-StateMachineUpdater] INFO  safemode.SCMSafeModeManager (SCMSafeModeManager.java:validateSafeModeExitRules(138)) - RatisContainerSafeModeRule rule is successfully validated
2025-07-05 15:54:09,383 [2d344aaf-3adb-4590-a8db-0ff637af21a8@group-0EF9E94BB6A3-StateMachineUpdater] INFO  safemode.HealthyPipelineSafeModeRule (HealthyPipelineSafeModeRule.java:initializeRule(228)) - Refreshed total pipeline count is 0, healthy pipeline threshold count is 1
2025-07-05 15:54:09,383 [2d344aaf-3adb-4590-a8db-0ff637af21a8@group-0EF9E94BB6A3-StateMachineUpdater] INFO  safemode.SCMSafeModeManager (SCMSafeModeManager.java:validateSafeModeExitRules(138)) - ECContainerSafeModeRule rule is successfully validated
2025-07-05 15:54:09,384 [2d344aaf-3adb-4590-a8db-0ff637af21a8@group-0EF9E94BB6A3-StateMachineUpdater] INFO  safemode.SCMSafeModeManager (SCMSafeModeManager.java:validateSafeModeExitRules(138)) - AtleastOneDatanodeReportedRule rule is successfully validated
2025-07-05 15:54:09,385 [d608cca7-8f6c-485f-afd6-2c7e3558bc9e@group-0EF9E94BB6A3-StateMachineUpdater] INFO  safemode.SCMSafeModeManager (SCMSafeModeManager.java:validateSafeModeExitRules(138)) - RatisContainerSafeModeRule rule is successfully validated
2025-07-05 15:54:09,385 [d608cca7-8f6c-485f-afd6-2c7e3558bc9e@group-0EF9E94BB6A3-StateMachineUpdater] INFO  safemode.HealthyPipelineSafeModeRule (HealthyPipelineSafeModeRule.java:initializeRule(228)) - Refreshed total pipeline count is 0, healthy pipeline threshold count is 1
2025-07-05 15:54:09,385 [d608cca7-8f6c-485f-afd6-2c7e3558bc9e@group-0EF9E94BB6A3-StateMachineUpdater] INFO  safemode.SCMSafeModeManager (SCMSafeModeManager.java:validateSafeModeExitRules(138)) - ECContainerSafeModeRule rule is successfully validated
2025-07-05 15:54:09,385 [d608cca7-8f6c-485f-afd6-2c7e3558bc9e@group-0EF9E94BB6A3-StateMachineUpdater] INFO  safemode.SCMSafeModeManager (SCMSafeModeManager.java:validateSafeModeExitRules(138)) - AtleastOneDatanodeReportedRule rule is successfully validated
2025-07-05 15:54:09,394 [main] INFO  utils.CertificateCodec (CertificateCodec.java:writeCertificate(241)) - Save certificate to /home/runner/work/ozone/ozone/hadoop-ozone/integration-test/target/test-dir/MiniOzoneClusterImpl-ea17cf83-5a24-424f-8e3a-0ef9e94bb6a3/ozone-meta/om/certs/5.crt
2025-07-05 15:54:09,395 [main] INFO  utils.CertificateCodec (CertificateCodec.java:writeCertificate(242)) - Certificate -----BEGIN CERTIFICATE-----
MIID6zCCAtOgAwIBAgIBBTANBgkqhkiG9w0BAQsFADCBhjEaMBgGA1UEAwwRc2Nt
LXN1YkBsb2NhbGhvc3QxLTArBgNVBAsMJGQ2MDhjY2E3LThmNmMtNDg1Zi1hZmQ2
LTJjN2UzNTU4YmM5ZTEtMCsGA1UECgwkZWExN2NmODMtNWEyNC00MjRmLThlM2Et
MGVmOWU5NGJiNmEzMQowCAYDVQQFEwEyMB4XDTI1MDcwNTE1NTQwOVoXDTI2MDcw
NTE1NTQwOVowgYIxFjAUBgNVBAMMDXNjbUBsb2NhbGhvc3QxLTArBgNVBAsMJDE2
YWYzMmI0LWIxNjEtNGU5OC05YWUyLTIzMzBmOWIzNGYyNDEtMCsGA1UECgwkZWEx
N2NmODMtNWEyNC00MjRmLThlM2EtMGVmOWU5NGJiNmEzMQowCAYDVQQFEwE1MIIB
IjANBgkqhkiG9w0BAQEFAAOCAQ8AMIIBCgKCAQEA6TUaNRbrStZOdY0LTjvN6UwX
BsYgWZZC8UtrWC11ctcxVX6OG3s5DBvI8d2bN9Ze/FsbmXzwCJ1FwdoJ681srLB+
OU1omHg+NKgpGoBm0tkLUtVaURF40ntGiJ+EaoOjNkEQi6L3xkpfyOBjU3EowaKi
lYeOhEj6UDZ5Xbc+hdw1RG0WhLifHg8QE/+n8PbdU4oqFecJe8PmHoC1bKFkgkcX
kkdoU+vbW4Jqmefps/XBJABnReZJ0Q7apxAUN3plXiAvgAVAnR3jTWH3rn/3E43A
oAuZrQLtZlLXWBSDVPfRB+0/xdL4+VewvdFIWD+5sw21PmeqwbhkK8YARg+49wID
AQABo2YwZDAOBgNVHQ8BAf8EBAMCA7gwUgYDVR0RBEswSYcECgEAWYJBZnYtYXox
MjgwLTg5MS41aW5lMWVsNW1ibWVkanhrZHc1Y2FseGVlZi5leC5pbnRlcm5hbC5j
bG91ZGFwcC5uZXQwDQYJKoZIhvcNAQELBQADggEBAEPT5PtWDo9hP3mRyD4jnwd7
uwFmiTwkniH1st56b0wjVEGPdW0uQMi+oaJ7ZG8kqhqtTCeFvy7ctGQh+ZSxQFBJ
TlCxr5j7GHOsH0lGmktuIwhUishlzN4yRQGdGMpBJYH1En8Uqeedfn4Ob8ZGBxMT
hCjTCS8oeJkYkwjqCe/I73dlrIVcXf/70U8gMDqG8robNpzTKz0LKq1wnr/NnEfx
tsQ6SeDZ55SlORgmBoJq7eN/Q6QNti5GjYGzlNfUtsea2nFyKsK+hQPp4igduaqD
lT6LR+Dypw0vr3q98RZLkuMK1UC8Aif76ThlTBiqzGds7nFFHKbEQSTvcMBrlQI=
-----END CERTIFICATE-----

-----BEGIN CERTIFICATE-----
MIID/DCCAuSgAwIBAgIBAjANBgkqhkiG9w0BAQsFADCBgjEWMBQGA1UEAwwNc2Nt
QGxvY2FsaG9zdDEtMCsGA1UECwwkZDYwOGNjYTctOGY2Yy00ODVmLWFmZDYtMmM3
ZTM1NThiYzllMS0wKwYDVQQKDCRlYTE3Y2Y4My01YTI0LTQyNGYtOGUzYS0wZWY5
ZTk0YmI2YTMxCjAIBgNVBAUTATEwHhcNMjUwNzA1MTU1MzQwWhcNMzAwODEzMTU1
MzQwWjCBhjEaMBgGA1UEAwwRc2NtLXN1YkBsb2NhbGhvc3QxLTArBgNVBAsMJGQ2
MDhjY2E3LThmNmMtNDg1Zi1hZmQ2LTJjN2UzNTU4YmM5ZTEtMCsGA1UECgwkZWEx
N2NmODMtNWEyNC00MjRmLThlM2EtMGVmOWU5NGJiNmEzMQowCAYDVQQFEwEyMIIB
IjANBgkqhkiG9w0BAQEFAAOCAQ8AMIIBCgKCAQEAuQscYUewG1m/uHgL49S/QTp6
LaaEIMS/4ZuVlYF651wyH+ZBviJuQbIt51YTqOgzvF7hqPMsZRiZXz6KJd2jwwQt
AJXRdr0tSt9nvfnsvC2MjI+Ne83vqLnAf6Zu/1mGpzSnV7pqwwXzOUYDKaK9eBem
NC9qKZroT4MbKhKkLYKiH6Iqb+D7YzVkUOyItGAPl7SZDZifOJDnCV3FiNhUzlaY
T1KuaJ9DHAZAIZADi0VFnPzTRVSqxynfz8jCFdRq3AftAhC5WnUvTIOPqfsFeg5B
fLSaW9Ko4X4NzEMZLizxVpnmX1575EC8E5Je8P5SFtaMZpdfKRUWRKfIfkMtPwID
AQABo3cwdTAOBgNVHQ8BAf8EBAMCAb4wUgYDVR0RBEswSYcECgEAWYJBZnYtYXox
MjgwLTg5MS41aW5lMWVsNW1ibWVkanhrZHc1Y2FseGVlZi5leC5pbnRlcm5hbC5j
bG91ZGFwcC5uZXQwDwYDVR0TAQH/BAUwAwEB/zANBgkqhkiG9w0BAQsFAAOCAQEA
PfktgZz/V0yyD6A6k8LAWaVFdZhwApkGq98nFqa3VzmnnlYTx07/YwLtvEwsA3cr
+2j3mZtbC6Vi9XCpBEPHPT42qEEbnbTEx81I52shWSXLGj6bx/10YXUwFcE3zQ7H
4SFgpL76o0g+KuMbHzSW4ukG6XdvcbE+pT5ehdieWdqbUz6WtetKE+uD66yyXE8e
KhSBp76hDSn1ZDVfgtXRbwd4j0Xd6KwTcZAbXRgTnPBChhH/fp+aN2SCqvCZDaum
/dRgF2rO2/HG8xGL2vtj0YN5pa+Jrm7jNT8WqMwMdRP+Fegmk7FPdqE6UjeB6Jno
FSokfgWrxvTBpFoalj9slw==
-----END CERTIFICATE-----

-----BEGIN CERTIFICATE-----
MIID+DCCAuCgAwIBAgIBATANBgkqhkiG9w0BAQsFADCBgjEWMBQGA1UEAwwNc2Nt
QGxvY2FsaG9zdDEtMCsGA1UECwwkZDYwOGNjYTctOGY2Yy00ODVmLWFmZDYtMmM3
ZTM1NThiYzllMS0wKwYDVQQKDCRlYTE3Y2Y4My01YTI0LTQyNGYtOGUzYS0wZWY5
ZTk0YmI2YTMxCjAIBgNVBAUTATEwHhcNMjUwNzA1MTU1MzQwWhcNMzAwODEzMTU1
MzQwWjCBgjEWMBQGA1UEAwwNc2NtQGxvY2FsaG9zdDEtMCsGA1UECwwkZDYwOGNj
YTctOGY2Yy00ODVmLWFmZDYtMmM3ZTM1NThiYzllMS0wKwYDVQQKDCRlYTE3Y2Y4
My01YTI0LTQyNGYtOGUzYS0wZWY5ZTk0YmI2YTMxCjAIBgNVBAUTATEwggEiMA0G
CSqGSIb3DQEBAQUAA4IBDwAwggEKAoIBAQDatei3N+kw7JbL1zCKuuMRj/z2bT0w
1oPD5H2JUwP4tHfe0laBCGJRS5NNdFLmWCA6mVEJ+wI5qOEGfekL9JHEkXiy2yjj
kF81uirr/+n87N5uQF7j3ATQZlSN5iIO05f4Mg8K8yWST32eQ571nT3qJCq6aTZJ
5xvsqB7CWjgEjj+fJYV053M+ma+ACYk078ACmt5g/DyxzsWDmBaTddoyYjXzmN4t
ydD7qwadpboi+C5MSbC0A119sAANeP9NOnwxdrfmPUdErFJVujzYxx1YoQwy19Jh
IWspc7N9Ef9hwDpFbe+ps1dxmiIRy9vt7brBhJOKIPu9YA+Lidn5lsw1AgMBAAGj
dzB1MA8GA1UdEwEB/wQFMAMBAf8wDgYDVR0PAQH/BAQDAgEGMFIGA1UdEQRLMEmH
BAoBAFmCQWZ2LWF6MTI4MC04OTEuNWluZTFlbDVtYm1lZGp4a2R3NWNhbHhlZWYu
ZXguaW50ZXJuYWwuY2xvdWRhcHAubmV0MA0GCSqGSIb3DQEBCwUAA4IBAQC/stst
JnbZIAbhSy8k51njgPW7WelXmNH819nGeQexvfR+pGFu41OHZ0O2DilgWAV/4CUN
0NjfZBJAlMAHRrHDZP0dnKKDtDGsRgakxLiqxsiBtAAlEMRd7+ruNMMScvnt0uz1
GBrnV2Bpz/URjA2RoCySEaKp0IxdT8XpQVoTrBxjUpKfsO1Ub5mx0dhwqHjS3Ff5
eVGQn4+EDjID2yh9Ijttx/+ZfJ5S3Jf2NAN9PvHeCAmvqT/yZ7CtuYtfqajyY2h6
5Y1ss7y/PzLp8h4LcnIInt1hLWj+rF9eg78OXZVp0B8gsqZqcRLI8hy+Jx136LEV
WMsNZW6+FhlwxqiJ
-----END CERTIFICATE-----

2025-07-05 15:54:09,396 [main] INFO  utils.CertificateCodec (CertificateCodec.java:writeCertificate(241)) - Save certificate to /home/runner/work/ozone/ozone/hadoop-ozone/integration-test/target/test-dir/MiniOzoneClusterImpl-ea17cf83-5a24-424f-8e3a-0ef9e94bb6a3/ozone-meta/om/certs/CA-2.crt
2025-07-05 15:54:09,396 [main] INFO  utils.CertificateCodec (CertificateCodec.java:writeCertificate(242)) - Certificate -----BEGIN CERTIFICATE-----
MIID/DCCAuSgAwIBAgIBAjANBgkqhkiG9w0BAQsFADCBgjEWMBQGA1UEAwwNc2Nt
QGxvY2FsaG9zdDEtMCsGA1UECwwkZDYwOGNjYTctOGY2Yy00ODVmLWFmZDYtMmM3
ZTM1NThiYzllMS0wKwYDVQQKDCRlYTE3Y2Y4My01YTI0LTQyNGYtOGUzYS0wZWY5
ZTk0YmI2YTMxCjAIBgNVBAUTATEwHhcNMjUwNzA1MTU1MzQwWhcNMzAwODEzMTU1
MzQwWjCBhjEaMBgGA1UEAwwRc2NtLXN1YkBsb2NhbGhvc3QxLTArBgNVBAsMJGQ2
MDhjY2E3LThmNmMtNDg1Zi1hZmQ2LTJjN2UzNTU4YmM5ZTEtMCsGA1UECgwkZWEx
N2NmODMtNWEyNC00MjRmLThlM2EtMGVmOWU5NGJiNmEzMQowCAYDVQQFEwEyMIIB
IjANBgkqhkiG9w0BAQEFAAOCAQ8AMIIBCgKCAQEAuQscYUewG1m/uHgL49S/QTp6
LaaEIMS/4ZuVlYF651wyH+ZBviJuQbIt51YTqOgzvF7hqPMsZRiZXz6KJd2jwwQt
AJXRdr0tSt9nvfnsvC2MjI+Ne83vqLnAf6Zu/1mGpzSnV7pqwwXzOUYDKaK9eBem
NC9qKZroT4MbKhKkLYKiH6Iqb+D7YzVkUOyItGAPl7SZDZifOJDnCV3FiNhUzlaY
T1KuaJ9DHAZAIZADi0VFnPzTRVSqxynfz8jCFdRq3AftAhC5WnUvTIOPqfsFeg5B
fLSaW9Ko4X4NzEMZLizxVpnmX1575EC8E5Je8P5SFtaMZpdfKRUWRKfIfkMtPwID
AQABo3cwdTAOBgNVHQ8BAf8EBAMCAb4wUgYDVR0RBEswSYcECgEAWYJBZnYtYXox
MjgwLTg5MS41aW5lMWVsNW1ibWVkanhrZHc1Y2FseGVlZi5leC5pbnRlcm5hbC5j
bG91ZGFwcC5uZXQwDwYDVR0TAQH/BAUwAwEB/zANBgkqhkiG9w0BAQsFAAOCAQEA
PfktgZz/V0yyD6A6k8LAWaVFdZhwApkGq98nFqa3VzmnnlYTx07/YwLtvEwsA3cr
+2j3mZtbC6Vi9XCpBEPHPT42qEEbnbTEx81I52shWSXLGj6bx/10YXUwFcE3zQ7H
4SFgpL76o0g+KuMbHzSW4ukG6XdvcbE+pT5ehdieWdqbUz6WtetKE+uD66yyXE8e
KhSBp76hDSn1ZDVfgtXRbwd4j0Xd6KwTcZAbXRgTnPBChhH/fp+aN2SCqvCZDaum
/dRgF2rO2/HG8xGL2vtj0YN5pa+Jrm7jNT8WqMwMdRP+Fegmk7FPdqE6UjeB6Jno
FSokfgWrxvTBpFoalj9slw==
-----END CERTIFICATE-----

-----BEGIN CERTIFICATE-----
MIID+DCCAuCgAwIBAgIBATANBgkqhkiG9w0BAQsFADCBgjEWMBQGA1UEAwwNc2Nt
QGxvY2FsaG9zdDEtMCsGA1UECwwkZDYwOGNjYTctOGY2Yy00ODVmLWFmZDYtMmM3
ZTM1NThiYzllMS0wKwYDVQQKDCRlYTE3Y2Y4My01YTI0LTQyNGYtOGUzYS0wZWY5
ZTk0YmI2YTMxCjAIBgNVBAUTATEwHhcNMjUwNzA1MTU1MzQwWhcNMzAwODEzMTU1
MzQwWjCBgjEWMBQGA1UEAwwNc2NtQGxvY2FsaG9zdDEtMCsGA1UECwwkZDYwOGNj
YTctOGY2Yy00ODVmLWFmZDYtMmM3ZTM1NThiYzllMS0wKwYDVQQKDCRlYTE3Y2Y4
My01YTI0LTQyNGYtOGUzYS0wZWY5ZTk0YmI2YTMxCjAIBgNVBAUTATEwggEiMA0G
CSqGSIb3DQEBAQUAA4IBDwAwggEKAoIBAQDatei3N+kw7JbL1zCKuuMRj/z2bT0w
1oPD5H2JUwP4tHfe0laBCGJRS5NNdFLmWCA6mVEJ+wI5qOEGfekL9JHEkXiy2yjj
kF81uirr/+n87N5uQF7j3ATQZlSN5iIO05f4Mg8K8yWST32eQ571nT3qJCq6aTZJ
5xvsqB7CWjgEjj+fJYV053M+ma+ACYk078ACmt5g/DyxzsWDmBaTddoyYjXzmN4t
ydD7qwadpboi+C5MSbC0A119sAANeP9NOnwxdrfmPUdErFJVujzYxx1YoQwy19Jh
IWspc7N9Ef9hwDpFbe+ps1dxmiIRy9vt7brBhJOKIPu9YA+Lidn5lsw1AgMBAAGj
dzB1MA8GA1UdEwEB/wQFMAMBAf8wDgYDVR0PAQH/BAQDAgEGMFIGA1UdEQRLMEmH
BAoBAFmCQWZ2LWF6MTI4MC04OTEuNWluZTFlbDVtYm1lZGp4a2R3NWNhbHhlZWYu
ZXguaW50ZXJuYWwuY2xvdWRhcHAubmV0MA0GCSqGSIb3DQEBCwUAA4IBAQC/stst
JnbZIAbhSy8k51njgPW7WelXmNH819nGeQexvfR+pGFu41OHZ0O2DilgWAV/4CUN
0NjfZBJAlMAHRrHDZP0dnKKDtDGsRgakxLiqxsiBtAAlEMRd7+ruNMMScvnt0uz1
GBrnV2Bpz/URjA2RoCySEaKp0IxdT8XpQVoTrBxjUpKfsO1Ub5mx0dhwqHjS3Ff5
eVGQn4+EDjID2yh9Ijttx/+ZfJ5S3Jf2NAN9PvHeCAmvqT/yZ7CtuYtfqajyY2h6
5Y1ss7y/PzLp8h4LcnIInt1hLWj+rF9eg78OXZVp0B8gsqZqcRLI8hy+Jx136LEV
WMsNZW6+FhlwxqiJ
-----END CERTIFICATE-----

2025-07-05 15:54:09,397 [IPC Server handler 1 on default port 15002] INFO  client.SCMCertificateClient (DefaultCertificateClient.java:getAllRootCaCerts(971)) - scm/sub-ca has 0 Root CA certificates
2025-07-05 15:54:09,397 [IPC Server handler 1 on default port 15002] INFO  client.SCMCertificateClient (DefaultCertificateClient.java:getAllCaCerts(979)) - scm/sub-ca has 1 CA certificates
2025-07-05 15:54:09,398 [main] INFO  utils.CertificateCodec (CertificateCodec.java:writeCertificate(241)) - Save certificate to /home/runner/work/ozone/ozone/hadoop-ozone/integration-test/target/test-dir/MiniOzoneClusterImpl-ea17cf83-5a24-424f-8e3a-0ef9e94bb6a3/ozone-meta/om/certs/ROOTCA-1.crt
2025-07-05 15:54:09,398 [main] INFO  utils.CertificateCodec (CertificateCodec.java:writeCertificate(242)) - Certificate -----BEGIN CERTIFICATE-----
MIID+DCCAuCgAwIBAgIBATANBgkqhkiG9w0BAQsFADCBgjEWMBQGA1UEAwwNc2Nt
QGxvY2FsaG9zdDEtMCsGA1UECwwkZDYwOGNjYTctOGY2Yy00ODVmLWFmZDYtMmM3
ZTM1NThiYzllMS0wKwYDVQQKDCRlYTE3Y2Y4My01YTI0LTQyNGYtOGUzYS0wZWY5
ZTk0YmI2YTMxCjAIBgNVBAUTATEwHhcNMjUwNzA1MTU1MzQwWhcNMzAwODEzMTU1
MzQwWjCBgjEWMBQGA1UEAwwNc2NtQGxvY2FsaG9zdDEtMCsGA1UECwwkZDYwOGNj
YTctOGY2Yy00ODVmLWFmZDYtMmM3ZTM1NThiYzllMS0wKwYDVQQKDCRlYTE3Y2Y4
My01YTI0LTQyNGYtOGUzYS0wZWY5ZTk0YmI2YTMxCjAIBgNVBAUTATEwggEiMA0G
CSqGSIb3DQEBAQUAA4IBDwAwggEKAoIBAQDatei3N+kw7JbL1zCKuuMRj/z2bT0w
1oPD5H2JUwP4tHfe0laBCGJRS5NNdFLmWCA6mVEJ+wI5qOEGfekL9JHEkXiy2yjj
kF81uirr/+n87N5uQF7j3ATQZlSN5iIO05f4Mg8K8yWST32eQ571nT3qJCq6aTZJ
5xvsqB7CWjgEjj+fJYV053M+ma+ACYk078ACmt5g/DyxzsWDmBaTddoyYjXzmN4t
ydD7qwadpboi+C5MSbC0A119sAANeP9NOnwxdrfmPUdErFJVujzYxx1YoQwy19Jh
IWspc7N9Ef9hwDpFbe+ps1dxmiIRy9vt7brBhJOKIPu9YA+Lidn5lsw1AgMBAAGj
dzB1MA8GA1UdEwEB/wQFMAMBAf8wDgYDVR0PAQH/BAQDAgEGMFIGA1UdEQRLMEmH
BAoBAFmCQWZ2LWF6MTI4MC04OTEuNWluZTFlbDVtYm1lZGp4a2R3NWNhbHhlZWYu
ZXguaW50ZXJuYWwuY2xvdWRhcHAubmV0MA0GCSqGSIb3DQEBCwUAA4IBAQC/stst
JnbZIAbhSy8k51njgPW7WelXmNH819nGeQexvfR+pGFu41OHZ0O2DilgWAV/4CUN
0NjfZBJAlMAHRrHDZP0dnKKDtDGsRgakxLiqxsiBtAAlEMRd7+ruNMMScvnt0uz1
GBrnV2Bpz/URjA2RoCySEaKp0IxdT8XpQVoTrBxjUpKfsO1Ub5mx0dhwqHjS3Ff5
eVGQn4+EDjID2yh9Ijttx/+ZfJ5S3Jf2NAN9PvHeCAmvqT/yZ7CtuYtfqajyY2h6
5Y1ss7y/PzLp8h4LcnIInt1hLWj+rF9eg78OXZVp0B8gsqZqcRLI8hy+Jx136LEV
WMsNZW6+FhlwxqiJ
-----END CERTIFICATE-----

2025-07-05 15:54:09,399 [main] INFO  security.OMCertificateClient (DefaultCertificateClient.java:updateCertSerialId(1289)) - Certificate serial ID set to 5
2025-07-05 15:54:09,399 [main] INFO  security.OMCertificateClient (DefaultCertificateClient.java:readCertificateFile(247)) - Added certificate 1 from file: /home/runner/work/ozone/ozone/hadoop-ozone/integration-test/target/test-dir/MiniOzoneClusterImpl-ea17cf83-5a24-424f-8e3a-0ef9e94bb6a3/ozone-meta/om/certs/ROOTCA-1.crt.
2025-07-05 15:54:09,400 [main] INFO  security.OMCertificateClient (DefaultCertificateClient.java:readCertificateFile(247)) - Added certificate 2 from file: /home/runner/work/ozone/ozone/hadoop-ozone/integration-test/target/test-dir/MiniOzoneClusterImpl-ea17cf83-5a24-424f-8e3a-0ef9e94bb6a3/ozone-meta/om/certs/CA-2.crt.
2025-07-05 15:54:09,402 [main] INFO  security.OMCertificateClient (DefaultCertificateClient.java:readCertificateFile(247)) - Added certificate 5 from file: /home/runner/work/ozone/ozone/hadoop-ozone/integration-test/target/test-dir/MiniOzoneClusterImpl-ea17cf83-5a24-424f-8e3a-0ef9e94bb6a3/ozone-meta/om/certs/5.crt.
2025-07-05 15:54:09,404 [main] INFO  security.OMCertificateClient (DefaultCertificateClient.java:startCertificateRenewerService(1380)) - CertificateRenewerService for om is started with first delay 29116799597 ms and interval 86400000 ms.
2025-07-05 15:54:09,404 [main] INFO  security.OMCertificateClient (DefaultCertificateClient.java:recoverStateIfNeeded(812)) - Successfully stored OM signed certificate, case:GETCERT.
2025-07-05 15:54:09,412 [main] INFO  ha.OMHANodeDetails (OMHANodeDetails.java:loadOMHAConfig(113)) - ozone.om.internal.service.id is not defined, falling back to ozone.om.service.ids to find serviceID for OzoneManager if it is HA enabled cluster
2025-07-05 15:54:09,412 [main] INFO  ha.OMHANodeDetails (OMHANodeDetails.java:loadOMHAConfig(224)) - Configuration does not have ozone.om.address set. Falling back to the default OM address /127.0.0.1:15042
2025-07-05 15:54:09,412 [main] INFO  ha.OMHANodeDetails (OMHANodeDetails.java:getOMNodeDetailsForNonHA(252)) - OM Service ID is not set. Setting it to the default ID: omServiceIdDefault
2025-07-05 15:54:09,412 [main] INFO  ha.OMHANodeDetails (OMHANodeDetails.java:getOMNodeDetailsForNonHA(259)) - OM Node ID is not set. Setting it to the default ID: om1
2025-07-05 15:54:09,414 [main] WARN  server.ServerUtils (ServerUtils.java:getDBPath(292)) - ozone.om.db.dirs is not configured. We recommend adding this setting. Falling back to ozone.metadata.dirs instead.
2025-07-05 15:54:09,418 [main] INFO  upgrade.AbstractLayoutVersionManager (AbstractLayoutVersionManager.java:init(80)) - Initializing Layout version manager with metadata layout = DELEGATION_TOKEN_SYMMETRIC_SIGN (version = 8), software layout = DELEGATION_TOKEN_SYMMETRIC_SIGN (version = 8)
2025-07-05 15:54:09,507 [main] INFO  reflections.Reflections (Reflections.java:scan(219)) - Reflections took 88 ms to scan 2 urls, producing 208 keys and 619 values
2025-07-05 15:54:09,511 [main] INFO  upgrade.OMLayoutVersionManager (OMLayoutVersionManager.java:lambda$0(110)) - Skipping Upgrade Action QuotaRepairUpgradeAction since it has been finalized.
2025-07-05 15:54:09,512 [main] INFO  upgrade.OMLayoutVersionManager (OMLayoutVersionManager.java:lambda$0(110)) - Skipping Upgrade Action MockOmUpgradeAction since it has been finalized.
2025-07-05 15:54:09,517 [pool-2-thread-2] INFO  request.KdcRequest (KdcRequest.java:preauth(683)) - The preauth data is empty.
2025-07-05 15:54:09,517 [pool-2-thread-2] INFO  server.KdcHandler (KdcHandler.java:handleRecoverableException(177)) - KRB error occurred while processing request: Additional pre-authentication required
2025-07-05 15:54:09,520 [pool-2-thread-2] INFO  request.AsRequest (AsRequest.java:issueTicket(112)) - AS_REQ ISSUE: authtime 1751730849520,scm/localhost@EXAMPLE.COM for krbtgt/EXAMPLE.COM@EXAMPLE.COM
2025-07-05 15:54:09,521 [main] INFO  security.UserGroupInformation (UserGroupInformation.java:loginUserFromKeytab(1143)) - Login successful for user scm/localhost@EXAMPLE.COM using keytab file scm.keytab. Keytab auto renewal enabled : false
2025-07-05 15:54:09,522 [main] INFO  om.OzoneManager (OzoneManager.java:loginOMUser(1327)) - Ozone Manager login successful.
2025-07-05 15:54:09,522 [main] WARN  server.ServerUtils (ServerUtils.java:getDBPath(292)) - ozone.om.db.dirs is not configured. We recommend adding this setting. Falling back to ozone.metadata.dirs instead.
2025-07-05 15:54:09,524 [main] INFO  om.OzoneManager (OzoneManager.java:setReplicationFromConfig(4619)) - Set default replication in OM: RATIS/3 -> RATIS/THREE
2025-07-05 15:54:09,528 [main] INFO  ha.SCMNodeInfo (SCMNodeInfo.java:getPort(197)) - ConfigKey ozone.scm.client.address is deprecated, For configuring different ports for each SCM use PortConfigKey ozone.scm.client.port appended with serviceId and nodeId
2025-07-05 15:54:09,529 [main] INFO  ha.SCMNodeInfo (SCMNodeInfo.java:getPort(197)) - ConfigKey ozone.scm.block.client.address is deprecated, For configuring different ports for each SCM use PortConfigKey ozone.scm.block.client.port appended with serviceId and nodeId
2025-07-05 15:54:09,529 [main] INFO  ha.SCMNodeInfo (SCMNodeInfo.java:getPort(197)) - ConfigKey ozone.scm.security.service.address is deprecated, For configuring different ports for each SCM use PortConfigKey ozone.scm.security.service.port appended with serviceId and nodeId
2025-07-05 15:54:09,529 [main] INFO  ha.SCMNodeInfo (SCMNodeInfo.java:getPort(197)) - ConfigKey ozone.scm.datanode.address is deprecated, For configuring different ports for each SCM use PortConfigKey ozone.scm.datanode.port appended with serviceId and nodeId
2025-07-05 15:54:09,529 [main] INFO  ha.SCMNodeInfo (SCMNodeInfo.java:getPort(197)) - ConfigKey ozone.scm.client.address is deprecated, For configuring different ports for each SCM use PortConfigKey ozone.scm.client.port appended with serviceId and nodeId
2025-07-05 15:54:09,529 [main] INFO  ha.SCMNodeInfo (SCMNodeInfo.java:getPort(197)) - ConfigKey ozone.scm.block.client.address is deprecated, For configuring different ports for each SCM use PortConfigKey ozone.scm.block.client.port appended with serviceId and nodeId
2025-07-05 15:54:09,529 [main] INFO  ha.SCMNodeInfo (SCMNodeInfo.java:getPort(197)) - ConfigKey ozone.scm.security.service.address is deprecated, For configuring different ports for each SCM use PortConfigKey ozone.scm.security.service.port appended with serviceId and nodeId
2025-07-05 15:54:09,529 [main] INFO  ha.SCMNodeInfo (SCMNodeInfo.java:getPort(197)) - ConfigKey ozone.scm.datanode.address is deprecated, For configuring different ports for each SCM use PortConfigKey ozone.scm.datanode.port appended with serviceId and nodeId
2025-07-05 15:54:09,530 [main] INFO  ha.SCMNodeInfo (SCMNodeInfo.java:getPort(197)) - ConfigKey ozone.scm.client.address is deprecated, For configuring different ports for each SCM use PortConfigKey ozone.scm.client.port appended with serviceId and nodeId
2025-07-05 15:54:09,530 [main] INFO  ha.SCMNodeInfo (SCMNodeInfo.java:getPort(197)) - ConfigKey ozone.scm.block.client.address is deprecated, For configuring different ports for each SCM use PortConfigKey ozone.scm.block.client.port appended with serviceId and nodeId
2025-07-05 15:54:09,530 [main] INFO  ha.SCMNodeInfo (SCMNodeInfo.java:getPort(197)) - ConfigKey ozone.scm.security.service.address is deprecated, For configuring different ports for each SCM use PortConfigKey ozone.scm.security.service.port appended with serviceId and nodeId
2025-07-05 15:54:09,530 [main] INFO  ha.SCMNodeInfo (SCMNodeInfo.java:getPort(197)) - ConfigKey ozone.scm.datanode.address is deprecated, For configuring different ports for each SCM use PortConfigKey ozone.scm.datanode.port appended with serviceId and nodeId
2025-07-05 15:54:09,531 [main] INFO  proxy.SCMContainerLocationFailoverProxyProvider (SCMFailoverProxyProviderBase.java:<init>(120)) - Created fail-over proxy for protocol StorageContainerLocationProtocolPB with 3 nodes: [nodeId=scmNode-2,nodeAddress=/127.0.0.1:15013, nodeId=scmNode-3,nodeAddress=/127.0.0.1:15021, nodeId=scmNode-1,nodeAddress=/127.0.0.1:15005]
2025-07-05 15:54:09,550 [main] INFO  ha.SCMNodeInfo (SCMNodeInfo.java:getPort(197)) - ConfigKey ozone.scm.client.address is deprecated, For configuring different ports for each SCM use PortConfigKey ozone.scm.client.port appended with serviceId and nodeId
2025-07-05 15:54:09,550 [main] INFO  ha.SCMNodeInfo (SCMNodeInfo.java:getPort(197)) - ConfigKey ozone.scm.block.client.address is deprecated, For configuring different ports for each SCM use PortConfigKey ozone.scm.block.client.port appended with serviceId and nodeId
2025-07-05 15:54:09,550 [main] INFO  ha.SCMNodeInfo (SCMNodeInfo.java:getPort(197)) - ConfigKey ozone.scm.security.service.address is deprecated, For configuring different ports for each SCM use PortConfigKey ozone.scm.security.service.port appended with serviceId and nodeId
2025-07-05 15:54:09,550 [main] INFO  ha.SCMNodeInfo (SCMNodeInfo.java:getPort(197)) - ConfigKey ozone.scm.datanode.address is deprecated, For configuring different ports for each SCM use PortConfigKey ozone.scm.datanode.port appended with serviceId and nodeId
2025-07-05 15:54:09,550 [main] INFO  ha.SCMNodeInfo (SCMNodeInfo.java:getPort(197)) - ConfigKey ozone.scm.client.address is deprecated, For configuring different ports for each SCM use PortConfigKey ozone.scm.client.port appended with serviceId and nodeId
2025-07-05 15:54:09,550 [main] INFO  ha.SCMNodeInfo (SCMNodeInfo.java:getPort(197)) - ConfigKey ozone.scm.block.client.address is deprecated, For configuring different ports for each SCM use PortConfigKey ozone.scm.block.client.port appended with serviceId and nodeId
2025-07-05 15:54:09,550 [main] INFO  ha.SCMNodeInfo (SCMNodeInfo.java:getPort(197)) - ConfigKey ozone.scm.security.service.address is deprecated, For configuring different ports for each SCM use PortConfigKey ozone.scm.security.service.port appended with serviceId and nodeId
2025-07-05 15:54:09,550 [main] INFO  ha.SCMNodeInfo (SCMNodeInfo.java:getPort(197)) - ConfigKey ozone.scm.datanode.address is deprecated, For configuring different ports for each SCM use PortConfigKey ozone.scm.datanode.port appended with serviceId and nodeId
2025-07-05 15:54:09,551 [main] INFO  ha.SCMNodeInfo (SCMNodeInfo.java:getPort(197)) - ConfigKey ozone.scm.client.address is deprecated, For configuring different ports for each SCM use PortConfigKey ozone.scm.client.port appended with serviceId and nodeId
2025-07-05 15:54:09,551 [main] INFO  ha.SCMNodeInfo (SCMNodeInfo.java:getPort(197)) - ConfigKey ozone.scm.block.client.address is deprecated, For configuring different ports for each SCM use PortConfigKey ozone.scm.block.client.port appended with serviceId and nodeId
2025-07-05 15:54:09,551 [main] INFO  ha.SCMNodeInfo (SCMNodeInfo.java:getPort(197)) - ConfigKey ozone.scm.security.service.address is deprecated, For configuring different ports for each SCM use PortConfigKey ozone.scm.security.service.port appended with serviceId and nodeId
2025-07-05 15:54:09,551 [main] INFO  ha.SCMNodeInfo (SCMNodeInfo.java:getPort(197)) - ConfigKey ozone.scm.datanode.address is deprecated, For configuring different ports for each SCM use PortConfigKey ozone.scm.datanode.port appended with serviceId and nodeId
2025-07-05 15:54:09,551 [main] INFO  proxy.SCMBlockLocationFailoverProxyProvider (SCMFailoverProxyProviderBase.java:<init>(120)) - Created fail-over proxy for protocol ScmBlockLocationProtocolPB with 3 nodes: [nodeId=scmNode-2,nodeAddress=/127.0.0.1:15015, nodeId=scmNode-3,nodeAddress=/127.0.0.1:15023, nodeId=scmNode-1,nodeAddress=/127.0.0.1:15007]
2025-07-05 15:54:09,562 [main] INFO  om.OzoneManager (OzoneManager.java:getOmDetailsProto(4964)) - OzoneManager ports added:[name: "RPC"
value: 15042
]
2025-07-05 15:54:09,564 [main] INFO  ha.SCMNodeInfo (SCMNodeInfo.java:getPort(197)) - ConfigKey ozone.scm.client.address is deprecated, For configuring different ports for each SCM use PortConfigKey ozone.scm.client.port appended with serviceId and nodeId
2025-07-05 15:54:09,564 [main] INFO  ha.SCMNodeInfo (SCMNodeInfo.java:getPort(197)) - ConfigKey ozone.scm.block.client.address is deprecated, For configuring different ports for each SCM use PortConfigKey ozone.scm.block.client.port appended with serviceId and nodeId
2025-07-05 15:54:09,564 [main] INFO  ha.SCMNodeInfo (SCMNodeInfo.java:getPort(197)) - ConfigKey ozone.scm.security.service.address is deprecated, For configuring different ports for each SCM use PortConfigKey ozone.scm.security.service.port appended with serviceId and nodeId
2025-07-05 15:54:09,564 [main] INFO  ha.SCMNodeInfo (SCMNodeInfo.java:getPort(197)) - ConfigKey ozone.scm.datanode.address is deprecated, For configuring different ports for each SCM use PortConfigKey ozone.scm.datanode.port appended with serviceId and nodeId
2025-07-05 15:54:09,564 [main] INFO  ha.SCMNodeInfo (SCMNodeInfo.java:getPort(197)) - ConfigKey ozone.scm.client.address is deprecated, For configuring different ports for each SCM use PortConfigKey ozone.scm.client.port appended with serviceId and nodeId
2025-07-05 15:54:09,564 [main] INFO  ha.SCMNodeInfo (SCMNodeInfo.java:getPort(197)) - ConfigKey ozone.scm.block.client.address is deprecated, For configuring different ports for each SCM use PortConfigKey ozone.scm.block.client.port appended with serviceId and nodeId
2025-07-05 15:54:09,564 [main] INFO  ha.SCMNodeInfo (SCMNodeInfo.java:getPort(197)) - ConfigKey ozone.scm.security.service.address is deprecated, For configuring different ports for each SCM use PortConfigKey ozone.scm.security.service.port appended with serviceId and nodeId
2025-07-05 15:54:09,564 [main] INFO  ha.SCMNodeInfo (SCMNodeInfo.java:getPort(197)) - ConfigKey ozone.scm.datanode.address is deprecated, For configuring different ports for each SCM use PortConfigKey ozone.scm.datanode.port appended with serviceId and nodeId
2025-07-05 15:54:09,564 [main] INFO  ha.SCMNodeInfo (SCMNodeInfo.java:getPort(197)) - ConfigKey ozone.scm.client.address is deprecated, For configuring different ports for each SCM use PortConfigKey ozone.scm.client.port appended with serviceId and nodeId
2025-07-05 15:54:09,564 [main] INFO  ha.SCMNodeInfo (SCMNodeInfo.java:getPort(197)) - ConfigKey ozone.scm.block.client.address is deprecated, For configuring different ports for each SCM use PortConfigKey ozone.scm.block.client.port appended with serviceId and nodeId
2025-07-05 15:54:09,565 [main] INFO  ha.SCMNodeInfo (SCMNodeInfo.java:getPort(197)) - ConfigKey ozone.scm.security.service.address is deprecated, For configuring different ports for each SCM use PortConfigKey ozone.scm.security.service.port appended with serviceId and nodeId
2025-07-05 15:54:09,565 [main] INFO  ha.SCMNodeInfo (SCMNodeInfo.java:getPort(197)) - ConfigKey ozone.scm.datanode.address is deprecated, For configuring different ports for each SCM use PortConfigKey ozone.scm.datanode.port appended with serviceId and nodeId
2025-07-05 15:54:09,565 [main] INFO  proxy.SCMSecurityProtocolFailoverProxyProvider (SCMFailoverProxyProviderBase.java:<init>(120)) - Created fail-over proxy for protocol SCMSecurityProtocolPB with 3 nodes: [nodeId=scmNode-2,nodeAddress=/127.0.0.1:15010, nodeId=scmNode-3,nodeAddress=/127.0.0.1:15018, nodeId=scmNode-1,nodeAddress=/127.0.0.1:15002]
2025-07-05 15:54:09,565 [main] INFO  security.OMCertificateClient (DefaultCertificateClient.java:updateCertSerialId(1289)) - Certificate serial ID set to 5
2025-07-05 15:54:09,566 [main] INFO  security.OMCertificateClient (DefaultCertificateClient.java:readCertificateFile(247)) - Added certificate 1 from file: /home/runner/work/ozone/ozone/hadoop-ozone/integration-test/target/test-dir/MiniOzoneClusterImpl-ea17cf83-5a24-424f-8e3a-0ef9e94bb6a3/ozone-meta/om/certs/ROOTCA-1.crt.
2025-07-05 15:54:09,568 [main] INFO  security.OMCertificateClient (DefaultCertificateClient.java:readCertificateFile(247)) - Added certificate 2 from file: /home/runner/work/ozone/ozone/hadoop-ozone/integration-test/target/test-dir/MiniOzoneClusterImpl-ea17cf83-5a24-424f-8e3a-0ef9e94bb6a3/ozone-meta/om/certs/CA-2.crt.
2025-07-05 15:54:09,569 [main] INFO  security.OMCertificateClient (DefaultCertificateClient.java:readCertificateFile(247)) - Added certificate 5 from file: /home/runner/work/ozone/ozone/hadoop-ozone/integration-test/target/test-dir/MiniOzoneClusterImpl-ea17cf83-5a24-424f-8e3a-0ef9e94bb6a3/ozone-meta/om/certs/5.crt.
2025-07-05 15:54:09,570 [main] INFO  security.OMCertificateClient (DefaultCertificateClient.java:startCertificateRenewerService(1380)) - CertificateRenewerService for om is started with first delay 29116799430 ms and interval 86400000 ms.
2025-07-05 15:54:09,570 [main] INFO  ha.SCMNodeInfo (SCMNodeInfo.java:getPort(197)) - ConfigKey ozone.scm.client.address is deprecated, For configuring different ports for each SCM use PortConfigKey ozone.scm.client.port appended with serviceId and nodeId
2025-07-05 15:54:09,570 [main] INFO  ha.SCMNodeInfo (SCMNodeInfo.java:getPort(197)) - ConfigKey ozone.scm.block.client.address is deprecated, For configuring different ports for each SCM use PortConfigKey ozone.scm.block.client.port appended with serviceId and nodeId
2025-07-05 15:54:09,570 [main] INFO  ha.SCMNodeInfo (SCMNodeInfo.java:getPort(197)) - ConfigKey ozone.scm.security.service.address is deprecated, For configuring different ports for each SCM use PortConfigKey ozone.scm.security.service.port appended with serviceId and nodeId
2025-07-05 15:54:09,570 [main] INFO  ha.SCMNodeInfo (SCMNodeInfo.java:getPort(197)) - ConfigKey ozone.scm.datanode.address is deprecated, For configuring different ports for each SCM use PortConfigKey ozone.scm.datanode.port appended with serviceId and nodeId
2025-07-05 15:54:09,570 [main] INFO  ha.SCMNodeInfo (SCMNodeInfo.java:getPort(197)) - ConfigKey ozone.scm.client.address is deprecated, For configuring different ports for each SCM use PortConfigKey ozone.scm.client.port appended with serviceId and nodeId
2025-07-05 15:54:09,570 [main] INFO  ha.SCMNodeInfo (SCMNodeInfo.java:getPort(197)) - ConfigKey ozone.scm.block.client.address is deprecated, For configuring different ports for each SCM use PortConfigKey ozone.scm.block.client.port appended with serviceId and nodeId
2025-07-05 15:54:09,570 [main] INFO  ha.SCMNodeInfo (SCMNodeInfo.java:getPort(197)) - ConfigKey ozone.scm.security.service.address is deprecated, For configuring different ports for each SCM use PortConfigKey ozone.scm.security.service.port appended with serviceId and nodeId
2025-07-05 15:54:09,571 [main] INFO  ha.SCMNodeInfo (SCMNodeInfo.java:getPort(197)) - ConfigKey ozone.scm.datanode.address is deprecated, For configuring different ports for each SCM use PortConfigKey ozone.scm.datanode.port appended with serviceId and nodeId
2025-07-05 15:54:09,571 [main] INFO  ha.SCMNodeInfo (SCMNodeInfo.java:getPort(197)) - ConfigKey ozone.scm.client.address is deprecated, For configuring different ports for each SCM use PortConfigKey ozone.scm.client.port appended with serviceId and nodeId
2025-07-05 15:54:09,571 [main] INFO  ha.SCMNodeInfo (SCMNodeInfo.java:getPort(197)) - ConfigKey ozone.scm.block.client.address is deprecated, For configuring different ports for each SCM use PortConfigKey ozone.scm.block.client.port appended with serviceId and nodeId
2025-07-05 15:54:09,571 [main] INFO  ha.SCMNodeInfo (SCMNodeInfo.java:getPort(197)) - ConfigKey ozone.scm.security.service.address is deprecated, For configuring different ports for each SCM use PortConfigKey ozone.scm.security.service.port appended with serviceId and nodeId
2025-07-05 15:54:09,571 [main] INFO  ha.SCMNodeInfo (SCMNodeInfo.java:getPort(197)) - ConfigKey ozone.scm.datanode.address is deprecated, For configuring different ports for each SCM use PortConfigKey ozone.scm.datanode.port appended with serviceId and nodeId
2025-07-05 15:54:09,571 [main] INFO  proxy.SecretKeyProtocolFailoverProxyProvider (SCMFailoverProxyProviderBase.java:<init>(120)) - Created fail-over proxy for protocol SecretKeyProtocolOmPB with 3 nodes: [nodeId=scmNode-2,nodeAddress=/127.0.0.1:15010, nodeId=scmNode-3,nodeAddress=/127.0.0.1:15018, nodeId=scmNode-1,nodeAddress=/127.0.0.1:15002]
2025-07-05 15:54:09,575 [main] INFO  symmetric.DefaultSecretKeyVerifierClient (DefaultSecretKeyVerifierClient.java:<init>(76)) - Initializing secret key cache with size 4, TTL PT8M20S
2025-07-05 15:54:09,593 [main] INFO  om.OzoneManager (OzoneManager.java:<init>(679)) - OM start with adminUsers: [runner, scm]
2025-07-05 15:54:09,609 [main] WARN  server.ServerUtils (ServerUtils.java:getDBPath(292)) - ozone.om.db.dirs is not configured. We recommend adding this setting. Falling back to ozone.metadata.dirs instead.
2025-07-05 15:54:09,699 [main] INFO  utils.NativeLibraryLoader (NativeLibraryLoader.java:loadLibrary(120)) - Loading Library: ozone_rocksdb_tools
2025-07-05 15:54:09,973 [main] INFO  om.OzoneManager (OzoneManager.java:instantiateServices(923)) - S3 Multi-Tenancy is disabled
2025-07-05 15:54:09,980 [main] INFO  security.OzoneSecretStore (OzoneSecretStore.java:loadState(58)) - Loaded 0 tokens
2025-07-05 15:54:09,980 [main] INFO  security.OzoneDelegationTokenSecretManager (OzoneDelegationTokenSecretManager.java:loadTokenSecretState(513)) - Loading token state into token manager.
2025-07-05 15:54:09,999 [main] INFO  om.OmSnapshotManager (OmSnapshotManager.java:<init>(189)) - Ozone filesystem snapshot feature is enabled.
2025-07-05 15:54:10,009 [main] WARN  server.ServerUtils (ServerUtils.java:getDBPath(292)) - ozone.om.snapshot.diff.db.dir is not configured. We recommend adding this setting. Falling back to ozone.metadata.dirs instead.
2025-07-05 15:54:10,061 [main] INFO  utils.BackgroundService (BackgroundService.java:start(118)) - Starting service SnapshotDiffCleanupService with interval 60000 milliseconds
2025-07-05 15:54:10,103 [main] INFO  om.OzoneManager (OzoneManager.java:addS3GVolumeToDB(4677)) - Created Volume s3v With Owner scm required for S3Gateway operations.
2025-07-05 15:54:10,171 [main] WARN  server.ServerUtils (ServerUtils.java:getDefaultRatisDirectory(304)) - Storage directory for Ratis is not configured. It is a good idea to map this to an SSD disk. Falling back to ozone.metadata.dirs
2025-07-05 15:54:10,171 [main] WARN  utils.OzoneManagerRatisUtils (OzoneManagerRatisUtils.java:getOMRatisSnapshotDirectory(488)) - ozone.om.ratis.snapshot.dir is not configured. Falling back to ozone.metadata.dirs config
2025-07-05 15:54:10,176 [main] WARN  dropwizard3.Dm3MetricRegistriesImpl (Dm3MetricRegistriesImpl.java:addReporterRegistration(114)) - New reporters are added after registries were created. Some metrics will be missing from the reporter. Please add reporter before adding any new registry.
2025-07-05 15:54:10,176 [main] WARN  dropwizard3.Dm3MetricRegistriesImpl (Dm3MetricRegistriesImpl.java:addReporterRegistration(114)) - New reporters are added after registries were created. Some metrics will be missing from the reporter. Please add reporter before adding any new registry.
2025-07-05 15:54:10,176 [main] WARN  server.ServerUtils (ServerUtils.java:getDefaultRatisDirectory(304)) - Storage directory for Ratis is not configured. It is a good idea to map this to an SSD disk. Falling back to ozone.metadata.dirs
2025-07-05 15:54:10,177 [main] INFO  server.RaftServerConfigKeys (ConfUtils.java:logGet(62)) - raft.server.log.appender.buffer.byte-limit = 4194304 (custom)
2025-07-05 15:54:10,179 [main] INFO  ratis.OzoneManagerRatisServer (OzoneManagerRatisServer.java:<init>(167)) - Instantiating OM Ratis server with groupID: omServiceIdDefault and peers: localhost:15045
2025-07-05 15:54:10,184 [main] INFO  ratis.OzoneManagerStateMachine (OzoneManagerStateMachine.java:loadSnapshotInfoFromDB(618)) - TransactionInfo not found in OM DB.
2025-07-05 15:54:10,221 [main] INFO  grpc.GrpcConfigKeys (ConfUtils.java:logFallback(69)) - raft.grpc.admin.host = null (fallback to raft.grpc.server.host)
2025-07-05 15:54:10,222 [main] INFO  grpc.GrpcConfigKeys (ConfUtils.java:logFallback(69)) - raft.grpc.admin.port = 15045 (fallback to raft.grpc.server.port)
2025-07-05 15:54:10,222 [main] INFO  grpc.GrpcConfigKeys (ConfUtils.java:logFallback(69)) - raft.grpc.client.host = null (fallback to raft.grpc.server.host)
2025-07-05 15:54:10,222 [main] INFO  grpc.GrpcConfigKeys (ConfUtils.java:logFallback(69)) - raft.grpc.client.port = 15045 (fallback to raft.grpc.server.port)
2025-07-05 15:54:10,222 [main] INFO  grpc.GrpcConfigKeys (ConfUtils.java:logGet(62)) - raft.grpc.server.port = 15045 (custom)
2025-07-05 15:54:10,222 [main] INFO  server.GrpcServicesImpl (ConfUtils.java:logGet(62)) - raft.grpc.message.size.max = 5242880 (custom)
2025-07-05 15:54:10,222 [main] INFO  server.RaftServerConfigKeys (ConfUtils.java:logGet(62)) - raft.server.rpc.request.timeout = 3000ms (default)
2025-07-05 15:54:10,222 [main] INFO  server.RaftServerConfigKeys (ConfUtils.java:logGet(62)) - raft.server.log.appender.buffer.byte-limit = 4194304 (custom)
2025-07-05 15:54:10,223 [main] INFO  server.RaftServerConfigKeys (ConfUtils.java:logGet(62)) - raft.server.storage.dir = [/home/runner/work/ozone/ozone/hadoop-ozone/integration-test/target/test-dir/MiniOzoneClusterImpl-ea17cf83-5a24-424f-8e3a-0ef9e94bb6a3/ozone-meta/ratis] (custom)
2025-07-05 15:54:10,224 [main] INFO  server.RaftServer (RaftServerProxy.java:addNew(105)) - om1: addNew group-C5BA1605619E:[om1|localhost:15045] returns group-C5BA1605619E:java.util.concurrent.CompletableFuture@43c4f7ee[Not completed]
2025-07-05 15:54:10,225 [main] INFO  om.OzoneManager (OzoneManager.java:initializeRatisServer(2307)) - OzoneManager Ratis server initialized at port 15045
2025-07-05 15:54:10,227 [om1-groupManagement] INFO  server.RaftServer$Division (RaftServerImpl.java:<init>(268)) - om1: new RaftServerImpl for group-C5BA1605619E:[om1|localhost:15045] with OzoneManagerStateMachine:uninitialized
2025-07-05 15:54:10,228 [om1-groupManagement] INFO  server.RaftServerConfigKeys (ConfUtils.java:logGet(62)) - raft.server.rpc.timeout.min = 1s (custom)
2025-07-05 15:54:10,228 [om1-groupManagement] INFO  server.RaftServerConfigKeys (ConfUtils.java:logGet(62)) - raft.server.rpc.timeout.max = 1200ms (custom)
2025-07-05 15:54:10,228 [om1-groupManagement] INFO  server.RaftServerConfigKeys (ConfUtils.java:logGet(62)) - raft.server.rpc.slowness.timeout = 2s (custom)
2025-07-05 15:54:10,228 [om1-groupManagement] INFO  server.RaftServer$Division (ServerState.java:<init>(114)) - om1@group-C5BA1605619E: ConfigurationManager, init=conf: {index: -1, cur=peers:[om1|localhost:15045]|listeners:[], old=null}, confs=<EMPTY_MAP>
2025-07-05 15:54:10,228 [om1-groupManagement] INFO  server.RaftServerConfigKeys (ConfUtils.java:logGet(62)) - raft.server.notification.no-leader.timeout = 2s (custom)
2025-07-05 15:54:10,228 [om1-groupManagement] INFO  server.RaftServerConfigKeys (ConfUtils.java:logGet(62)) - raft.server.retrycache.expirytime = 300s (custom)
2025-07-05 15:54:10,232 [main] INFO  om.OzoneManager (OzoneManager.java:getRpcServer(1359)) - Creating RPC Server
2025-07-05 15:54:10,981 [main] INFO  reflections.Reflections (Reflections.java:scan(219)) - Reflections took 706 ms to scan 24 urls, producing 60 keys and 7723 values
2025-07-05 15:54:11,118 [main] INFO  ipc.CallQueueManager (CallQueueManager.java:<init>(93)) - Using callQueue: class java.util.concurrent.LinkedBlockingQueue, queueCapacity: 2000, scheduler: class org.apache.hadoop.ipc.DefaultRpcScheduler, ipcBackoff: false, ipcFailOver: false.
2025-07-05 15:54:11,119 [main] INFO  ipc.Server (Server.java:<init>(1438)) - Listener at 127.0.0.1:15042
2025-07-05 15:54:11,119 [Socket Reader #1 for port 15042] INFO  ipc.Server (Server.java:run(1474)) - Starting Socket Reader #1 for port 15042
2025-07-05 15:54:11,119 [Socket Reader #2 for port 15042] INFO  ipc.Server (Server.java:run(1474)) - Starting Socket Reader #2 for port 15042
2025-07-05 15:54:11,120 [Socket Reader #3 for port 15042] INFO  ipc.Server (Server.java:run(1474)) - Starting Socket Reader #3 for port 15042
2025-07-05 15:54:11,120 [Socket Reader #4 for port 15042] INFO  ipc.Server (Server.java:run(1474)) - Starting Socket Reader #4 for port 15042
2025-07-05 15:54:11,120 [Socket Reader #5 for port 15042] INFO  ipc.Server (Server.java:run(1474)) - Starting Socket Reader #5 for port 15042
2025-07-05 15:54:11,120 [Socket Reader #6 for port 15042] INFO  ipc.Server (Server.java:run(1474)) - Starting Socket Reader #6 for port 15042
2025-07-05 15:54:11,121 [Socket Reader #7 for port 15042] INFO  ipc.Server (Server.java:run(1474)) - Starting Socket Reader #7 for port 15042
2025-07-05 15:54:11,121 [Socket Reader #8 for port 15042] INFO  ipc.Server (Server.java:run(1474)) - Starting Socket Reader #8 for port 15042
2025-07-05 15:54:11,121 [Socket Reader #9 for port 15042] INFO  ipc.Server (Server.java:run(1474)) - Starting Socket Reader #9 for port 15042
2025-07-05 15:54:11,121 [Socket Reader #10 for port 15042] INFO  ipc.Server (Server.java:run(1474)) - Starting Socket Reader #10 for port 15042
2025-07-05 15:54:11,146 [main] INFO  impl.MetricsSystemImpl (MetricsSystemImpl.java:init(158)) - OzoneManager metrics system started (again)
2025-07-05 15:54:11,161 [main] INFO  om.OzoneManager (OzoneManager.java:start(1791)) - OzoneManager RPC server is listening at localhost/127.0.0.1:15042
2025-07-05 15:54:11,162 [main] INFO  keys.KeyStorage (KeyStorage.java:readPublicKey(174)) - Reading public key from /home/runner/work/ozone/ozone/hadoop-ozone/integration-test/target/test-dir/MiniOzoneClusterImpl-ea17cf83-5a24-424f-8e3a-0ef9e94bb6a3/ozone-meta/om/keys/public.pem.
2025-07-05 15:54:11,162 [main] INFO  keys.KeyStorage (KeyStorage.java:readPrivateKey(158)) - Reading private key from /home/runner/work/ozone/ozone/hadoop-ozone/integration-test/target/test-dir/MiniOzoneClusterImpl-ea17cf83-5a24-424f-8e3a-0ef9e94bb6a3/ozone-meta/om/keys/private.pem.
2025-07-05 15:54:11,162 [main] INFO  om.OzoneManager (OzoneManager.java:startSecretManager(1240)) - Starting secret key client.
2025-07-05 15:54:11,170 [pool-2-thread-2] INFO  request.TgsRequest (TgsRequest.java:issueTicket(117)) - TGS_REQ ISSUE: authtime 1751730851170,scm/localhost@EXAMPLE.COM for scm/localhost@EXAMPLE.COM
2025-07-05 15:54:11,175 [Socket Reader #1 for port 15002] INFO  ipc.Server (Server.java:saslProcess(2290)) - Auth successful for scm/localhost@EXAMPLE.COM (auth:KERBEROS) from 127.0.0.1:40987
2025-07-05 15:54:11,179 [main] INFO  symmetric.DefaultSecretKeySignerClient (DefaultSecretKeySignerClient.java:start(83)) - Initial secret key fetched from SCM: SecretKey(id = d68e803d-24ae-4d18-af54-e13ef808b648, creation at: 2025-07-05T15:53:53.915Z, expire at: 2025-07-05T16:02:13.915Z).
2025-07-05 15:54:11,179 [main] INFO  symmetric.DefaultSecretKeySignerClient (DefaultSecretKeySignerClient.java:scheduleSecretKeyPoller(149)) - Scheduling SecretKeyPoller with initial delay of PT8M2.735394083S and interval of PT8M20S
2025-07-05 15:54:11,180 [main] INFO  om.OzoneManager (OzoneManager.java:startSecretManager(1251)) - Starting OM delegation token secret manager
2025-07-05 15:54:11,181 [main] INFO  security.OzoneDelegationTokenSecretManager (OzoneSecretManager.java:updateCurrentKey(179)) - Updated current master key for generating tokens. Cert id 5, Master key id 1
2025-07-05 15:54:11,181 [main] INFO  ratis.OzoneManagerRatisServer (OzoneManagerRatisServer.java:start(628)) - Starting OzoneManagerRatisServer om1 at port 15045
2025-07-05 15:54:11,182 [om1-ExpiredTokenRemover] INFO  security.OzoneDelegationTokenSecretManager (OzoneDelegationTokenSecretManager.java:run(645)) - Starting expired delegation token remover thread, tokenRemoverScanInterval=60 min(s)
2025-07-05 15:54:11,182 [om1-impl-thread1] INFO  storage.RaftStorageDirectory (RaftStorageDirectoryImpl.java:analyzeStorage(138)) - The storage directory /home/runner/work/ozone/ozone/hadoop-ozone/integration-test/target/test-dir/MiniOzoneClusterImpl-ea17cf83-5a24-424f-8e3a-0ef9e94bb6a3/ozone-meta/ratis/bf265839-605b-3f16-9796-c5ba1605619e does not exist. Creating ...
2025-07-05 15:54:11,183 [om1-impl-thread1] INFO  storage.RaftStorageDirectory (RaftStorageDirectoryImpl.java:tryLock(229)) - Lock on /home/runner/work/ozone/ozone/hadoop-ozone/integration-test/target/test-dir/MiniOzoneClusterImpl-ea17cf83-5a24-424f-8e3a-0ef9e94bb6a3/ozone-meta/ratis/bf265839-605b-3f16-9796-c5ba1605619e/in_use.lock acquired by nodename 59929@localhost
2025-07-05 15:54:11,185 [om1-impl-thread1] INFO  storage.RaftStorage (RaftStorageImpl.java:format(98)) - Storage directory /home/runner/work/ozone/ozone/hadoop-ozone/integration-test/target/test-dir/MiniOzoneClusterImpl-ea17cf83-5a24-424f-8e3a-0ef9e94bb6a3/ozone-meta/ratis/bf265839-605b-3f16-9796-c5ba1605619e has been successfully formatted.
2025-07-05 15:54:11,186 [om1-impl-thread1] INFO  ratis.OzoneManagerStateMachine (OzoneManagerStateMachine.java:lambda$0(138)) - om1: initialize group-C5BA1605619E with <INITIAL_VALUE>
2025-07-05 15:54:11,186 [om1-impl-thread1] INFO  server.RaftServerConfigKeys (ConfUtils.java:logGet(62)) - raft.server.log.appender.buffer.byte-limit = 4194304 (custom)
2025-07-05 15:54:11,188 [om1-impl-thread1] INFO  server.RaftServerConfigKeys (ConfUtils.java:logGet(62)) - raft.server.log.segment.size.max = 4194304 (custom)
2025-07-05 15:54:11,188 [om1-impl-thread1] INFO  server.RaftServerConfigKeys (ConfUtils.java:logGet(62)) - raft.server.log.appender.buffer.byte-limit = 4194304 (custom)
2025-07-05 15:54:11,189 [om1-impl-thread1] INFO  util.AwaitToRun (AwaitToRun.java:start(81)) - Thread[#1326,om1@group-C5BA1605619E-cacheEviction-AwaitToRun,5,main] started
2025-07-05 15:54:11,189 [om1-impl-thread1] INFO  segmented.SegmentedRaftLogWorker (SegmentedRaftLogWorker.java:<init>(190)) - new om1@group-C5BA1605619E-SegmentedRaftLogWorker for RaftStorageImpl:Storage Directory /home/runner/work/ozone/ozone/hadoop-ozone/integration-test/target/test-dir/MiniOzoneClusterImpl-ea17cf83-5a24-424f-8e3a-0ef9e94bb6a3/ozone-meta/ratis/bf265839-605b-3f16-9796-c5ba1605619e
2025-07-05 15:54:11,189 [om1-impl-thread1] INFO  server.RaftServerConfigKeys (ConfUtils.java:logGet(62)) - raft.server.log.segment.size.max = 4194304 (custom)
2025-07-05 15:54:11,189 [om1-impl-thread1] INFO  server.RaftServerConfigKeys (ConfUtils.java:logGet(62)) - raft.server.log.preallocated.size = 4194304 (custom)
2025-07-05 15:54:11,189 [om1-impl-thread1] INFO  server.RaftServerConfigKeys (ConfUtils.java:logGet(62)) - raft.server.log.write.buffer.size = 4194312 (custom)
2025-07-05 15:54:11,191 [om1-impl-thread1] INFO  server.RaftServerConfigKeys (ConfUtils.java:logGet(62)) - raft.server.log.appender.buffer.byte-limit = 4194304 (custom)
2025-07-05 15:54:11,191 [om1-impl-thread1] INFO  segmented.SegmentedRaftLogWorker (SegmentedRaftLogWorker.java:lambda$new$0(141)) - om1@group-C5BA1605619E-SegmentedRaftLogWorker: flushIndex: setUnconditionally 0 -> -1
2025-07-05 15:54:11,191 [om1-impl-thread1] INFO  segmented.SegmentedRaftLogWorker (SegmentedRaftLogWorker.java:lambda$new$0(141)) - om1@group-C5BA1605619E-SegmentedRaftLogWorker: safeCacheEvictIndex: setUnconditionally 0 -> -1
2025-07-05 15:54:11,192 [om1-impl-thread1] INFO  server.RaftServer$Division (RaftServerImpl.java:start(405)) - om1@group-C5BA1605619E: start as a follower, conf=conf: {index: -1, cur=peers:[om1|localhost:15045]|listeners:[], old=null}
2025-07-05 15:54:11,192 [om1-impl-thread1] INFO  server.RaftServer$Division (RaftServerImpl.java:setRole(392)) - om1@group-C5BA1605619E: changes role from      null to FOLLOWER at term 0 for startAsFollower
2025-07-05 15:54:11,192 [om1-impl-thread1] INFO  impl.RoleInfo (RoleInfo.java:updateAndGet(148)) - om1: start om1@group-C5BA1605619E-FollowerState
2025-07-05 15:54:11,192 [om1@group-C5BA1605619E-FollowerState] INFO  server.RaftServerConfigKeys (ConfUtils.java:logFallback(69)) - raft.server.rpc.first-election.timeout.min = 1s (fallback to raft.server.rpc.timeout.min)
2025-07-05 15:54:11,192 [om1@group-C5BA1605619E-FollowerState] INFO  server.RaftServerConfigKeys (ConfUtils.java:logFallback(69)) - raft.server.rpc.first-election.timeout.max = 1200ms (fallback to raft.server.rpc.timeout.max)
2025-07-05 15:54:11,192 [om1-impl-thread1] INFO  util.JmxRegister (JmxRegister.java:tryRegister(44)) - Successfully registered JMX Bean with object name Ratis:service=RaftServer,group=group-C5BA1605619E,id=om1
2025-07-05 15:54:11,193 [om1-impl-thread1] INFO  util.JmxRegister (JmxRegister.java:register(58)) - register mxBean class org.apache.ratis.server.impl.RaftServerJmxAdapter as Ratis:service=RaftServer,group=group-C5BA1605619E,id=om1
2025-07-05 15:54:11,193 [om1-impl-thread1] INFO  server.RaftServerConfigKeys (ConfUtils.java:logGet(62)) - raft.server.snapshot.auto.trigger.threshold = 400000 (default)
2025-07-05 15:54:11,193 [om1-impl-thread1] INFO  server.RaftServerConfigKeys (ConfUtils.java:logGet(62)) - raft.server.log.purge.upto.snapshot.index = true (custom)
2025-07-05 15:54:11,194 [om1-impl-thread1] INFO  server.RaftServer$Division (RaftServerImpl.java:start(419)) - om1@group-C5BA1605619E: Successfully started.
2025-07-05 15:54:11,194 [main] INFO  server.RaftServer (RaftServerProxy.java:startImpl(412)) - om1: start RPC server
2025-07-05 15:54:11,195 [main] INFO  server.GrpcServicesImpl (GrpcServicesImpl.java:startImpl(346)) - om1: GrpcServicesImpl started, listening on 15045
2025-07-05 15:54:11,195 [JvmPauseMonitor4] INFO  util.JvmPauseMonitor (JvmPauseMonitor.java:run(146)) - JvmPauseMonitor-om1: Started
2025-07-05 15:54:11,196 [main] INFO  om.OzoneManager (OzoneManager.java:start(1806)) - Version File has different layout version (8) than OM DB (null). That is expected if this OM has never been finalized to a newer layout version.
2025-07-05 15:54:11,203 [Socket Reader #6 for port 15007] INFO  ipc.Server (Server.java:saslProcess(2290)) - Auth successful for scm/localhost@EXAMPLE.COM (auth:KERBEROS) from 127.0.0.1:42907
2025-07-05 15:54:11,215 [main] INFO  client.ScmTopologyClient (ScmTopologyClient.java:start(70)) - Initial network topology fetched from SCM: /.
2025-07-05 15:54:11,216 [main] INFO  net.NodeSchemaLoader (NodeSchemaLoader.java:loadSchemaFromFile(128)) - Loading schema from [jar:file:/home/runner/work/ozone/ozone/hadoop-hdds/common/target/hdds-common-2.1.0-SNAPSHOT.jar!/network-topology-default.xml]
2025-07-05 15:54:11,216 [main] INFO  net.NodeSchemaLoader (NodeSchemaLoader.java:loadSchema(175)) - Loading network topology layer schema file
2025-07-05 15:54:11,222 [main] INFO  utils.BackgroundService (BackgroundService.java:start(118)) - Starting service KeyDeletingService with interval 60000 milliseconds
2025-07-05 15:54:11,225 [main] INFO  utils.BackgroundService (BackgroundService.java:start(118)) - Starting service DirectoryDeletingService with interval 120000 milliseconds
2025-07-05 15:54:11,225 [main] INFO  utils.BackgroundService (BackgroundService.java:start(118)) - Starting service OpenKeyCleanupService with interval 86400000 milliseconds
2025-07-05 15:54:11,226 [main] INFO  utils.BackgroundService (BackgroundService.java:start(118)) - Starting service SstFilteringService with interval 60000 milliseconds
2025-07-05 15:54:11,229 [main] INFO  utils.BackgroundService (BackgroundService.java:start(118)) - Starting service SnapshotDeletingService with interval 30000 milliseconds
2025-07-05 15:54:11,229 [main] INFO  utils.BackgroundService (BackgroundService.java:start(118)) - Starting service MultipartUploadCleanupService with interval 86400000 milliseconds
2025-07-05 15:54:11,230 [main] INFO  http.BaseHttpServer (BaseHttpServer.java:newHttpServer2BuilderForOzone(229)) - Starting Web-server for ozoneManager at: http://0.0.0.0:15043
2025-07-05 15:54:11,231 [main] INFO  http.BaseHttpServer (BaseHttpServer.java:<init>(107)) - Hadoop Security Enabled: true Ozone Security Enabled: true Ozone HTTP Security Enabled: false 
2025-07-05 15:54:11,232 [main] WARN  server.AuthenticationFilter (AuthenticationFilter.java:constructSecretProvider(240)) - Unable to initialize FileSignerSecretProvider, falling back to use random secrets. Reason: Could not read signature secret file: /home/runner/hadoop-http-auth-signature-secret
2025-07-05 15:54:11,234 [main] INFO  http.HttpServer2 (HttpServer2.java:addGlobalFilter(1042)) - Added global filter 'safety' (class=org.apache.hadoop.hdds.server.http.HttpServer2$QuotingInputFilter)
2025-07-05 15:54:11,235 [main] INFO  http.HttpServer2 (HttpServer2.java:addFilter(1018)) - Added filter static_user_filter (class=org.apache.hadoop.http.lib.StaticUserWebFilter$StaticUserFilter) to context ozoneManager
2025-07-05 15:54:11,235 [main] INFO  http.HttpServer2 (HttpServer2.java:addFilter(1026)) - Added filter static_user_filter (class=org.apache.hadoop.http.lib.StaticUserWebFilter$StaticUserFilter) to context logs
2025-07-05 15:54:11,235 [main] INFO  http.HttpServer2 (HttpServer2.java:addFilter(1026)) - Added filter static_user_filter (class=org.apache.hadoop.http.lib.StaticUserWebFilter$StaticUserFilter) to context static
2025-07-05 15:54:11,236 [main] INFO  http.BaseHttpServer (BaseHttpServer.java:<init>(195)) - HTTP server of ozoneManager uses base directory /home/runner/work/ozone/ozone/hadoop-ozone/integration-test/target/test-dir/MiniOzoneClusterImpl-ea17cf83-5a24-424f-8e3a-0ef9e94bb6a3/ozone-meta/webserver
2025-07-05 15:54:11,238 [main] INFO  http.HttpServer2 (HttpServer2.java:bindListener(1242)) - Jetty bound to port 15043
2025-07-05 15:54:11,238 [main] INFO  server.Server (Server.java:doStart(375)) - jetty-9.4.57.v20241219; built: 2025-01-08T21:24:30.412Z; git: df524e6b29271c2e09ba9aea83c18dc9db464a31; jvm 21.0.7+6-LTS
2025-07-05 15:54:11,239 [main] INFO  server.session (DefaultSessionIdManager.java:doStart(334)) - DefaultSessionIdManager workerName=node0
2025-07-05 15:54:11,239 [main] INFO  server.session (DefaultSessionIdManager.java:doStart(339)) - No SessionScavenger set, using defaults
2025-07-05 15:54:11,239 [main] INFO  server.session (HouseKeeper.java:startScavenging(132)) - node0 Scavenging every 600000ms
2025-07-05 15:54:11,240 [main] INFO  handler.ContextHandler (ContextHandler.java:doStart(921)) - Started o.e.j.s.ServletContextHandler@2c04e8e7{logs,/logs,file:///home/runner/work/ozone/ozone/hadoop-ozone/integration-test/target/log,AVAILABLE}
2025-07-05 15:54:11,240 [main] INFO  handler.ContextHandler (ContextHandler.java:doStart(921)) - Started o.e.j.s.ServletContextHandler@1efe7598{static,/static,file:///home/runner/work/ozone/ozone/hadoop-ozone/integration-test/target/test-classes/webapps/static,AVAILABLE}
2025-07-05 15:54:11,246 [main] INFO  handler.ContextHandler (ContextHandler.java:doStart(921)) - Started o.e.j.w.WebAppContext@2c5fcecb{ozoneManager,/,file:///home/runner/work/ozone/ozone/hadoop-ozone/integration-test/target/test-classes/webapps/ozoneManager/,AVAILABLE}{file:/home/runner/work/ozone/ozone/hadoop-ozone/integration-test/target/test-classes/webapps/ozoneManager}
2025-07-05 15:54:11,246 [main] INFO  server.AbstractConnector (AbstractConnector.java:doStart(333)) - Started ServerConnector@b106802{HTTP/1.1, (http/1.1)}{0.0.0.0:15043}
2025-07-05 15:54:11,247 [main] INFO  server.Server (Server.java:doStart(415)) - Started @33397ms
2025-07-05 15:54:11,247 [main] WARN  impl.MetricsSystemImpl (MetricsSystemImpl.java:register(279)) - Sink prometheus already exists!
2025-07-05 15:54:11,247 [main] INFO  http.BaseHttpServer (BaseHttpServer.java:updateConnectorAddress(359)) - HTTP server of ozoneManager listening at http://localhost:15043
2025-07-05 15:54:11,247 [IPC Server Responder] INFO  ipc.Server (Server.java:run(1713)) - IPC Server Responder: starting
2025-07-05 15:54:11,247 [IPC Server listener on 15042] INFO  ipc.Server (Server.java:run(1553)) - IPC Server listener on 15042: starting
2025-07-05 15:54:11,249 [main] INFO  om.OzoneManager (OzoneManager.java:startTrashEmptier(2261)) - Trash Interval set to 0. Files deleted won't move to trash
2025-07-05 15:54:11,326 [main] WARN  dropwizard3.Dm3MetricRegistriesImpl (Dm3MetricRegistriesImpl.java:addReporterRegistration(114)) - New reporters are added after registries were created. Some metrics will be missing from the reporter. Please add reporter before adding any new registry.
2025-07-05 15:54:11,327 [main] WARN  dropwizard3.Dm3MetricRegistriesImpl (Dm3MetricRegistriesImpl.java:addReporterRegistration(114)) - New reporters are added after registries were created. Some metrics will be missing from the reporter. Please add reporter before adding any new registry.
2025-07-05 15:54:11,327 [main] INFO  impl.MetricsSystemImpl (MetricsSystemImpl.java:init(158)) - HddsDatanode metrics system started (again)
2025-07-05 15:54:11,349 [main] INFO  protocol.DatanodeDetails (DatanodeDetails.java:validateDatanodeIpAddress(199)) - Updating IP address of datanode 0584da7b-3980-4d20-b3ba-d97c117b17a2(localhost/null) to 127.0.0.1
2025-07-05 15:54:11,349 [main] INFO  ozone.HddsDatanodeService (HddsDatanodeService.java:start(236)) - HddsDatanodeService 0584da7b-3980-4d20-b3ba-d97c117b17a2(localhost/127.0.0.1)
2025-07-05 15:54:11,350 [main] INFO  ozone.HddsDatanodeService (HddsDatanodeService.java:start(244)) - Ozone security is enabled. Attempting login for Hdds Datanode user. Principal: scm/localhost@EXAMPLE.COM,keytab: /tmp/junit-2184590309689548046/scm.keytab
2025-07-05 15:54:11,352 [pool-2-thread-2] INFO  request.KdcRequest (KdcRequest.java:preauth(683)) - The preauth data is empty.
2025-07-05 15:54:11,352 [pool-2-thread-2] INFO  server.KdcHandler (KdcHandler.java:handleRecoverableException(177)) - KRB error occurred while processing request: Additional pre-authentication required
2025-07-05 15:54:11,355 [pool-2-thread-2] INFO  request.AsRequest (AsRequest.java:issueTicket(112)) - AS_REQ ISSUE: authtime 1751730851354,scm/localhost@EXAMPLE.COM for krbtgt/EXAMPLE.COM@EXAMPLE.COM
2025-07-05 15:54:11,356 [main] INFO  security.UserGroupInformation (UserGroupInformation.java:loginUserFromKeytab(1143)) - Login successful for user scm/localhost@EXAMPLE.COM using keytab file scm.keytab. Keytab auto renewal enabled : false
2025-07-05 15:54:11,356 [main] INFO  ozone.HddsDatanodeService (HddsDatanodeService.java:start(262)) - Hdds Datanode login successful.
2025-07-05 15:54:11,359 [main] INFO  ozone.HddsDatanodeService (HddsDatanodeService.java:initializeCertificateClient(394)) - Initializing secure Datanode.
2025-07-05 15:54:11,361 [main] INFO  ha.SCMNodeInfo (SCMNodeInfo.java:getPort(197)) - ConfigKey ozone.scm.client.address is deprecated, For configuring different ports for each SCM use PortConfigKey ozone.scm.client.port appended with serviceId and nodeId
2025-07-05 15:54:11,361 [main] INFO  ha.SCMNodeInfo (SCMNodeInfo.java:getPort(197)) - ConfigKey ozone.scm.block.client.address is deprecated, For configuring different ports for each SCM use PortConfigKey ozone.scm.block.client.port appended with serviceId and nodeId
2025-07-05 15:54:11,361 [main] INFO  ha.SCMNodeInfo (SCMNodeInfo.java:getPort(197)) - ConfigKey ozone.scm.security.service.address is deprecated, For configuring different ports for each SCM use PortConfigKey ozone.scm.security.service.port appended with serviceId and nodeId
2025-07-05 15:54:11,361 [main] INFO  ha.SCMNodeInfo (SCMNodeInfo.java:getPort(197)) - ConfigKey ozone.scm.datanode.address is deprecated, For configuring different ports for each SCM use PortConfigKey ozone.scm.datanode.port appended with serviceId and nodeId
2025-07-05 15:54:11,361 [main] INFO  ha.SCMNodeInfo (SCMNodeInfo.java:getPort(197)) - ConfigKey ozone.scm.client.address is deprecated, For configuring different ports for each SCM use PortConfigKey ozone.scm.client.port appended with serviceId and nodeId
2025-07-05 15:54:11,361 [main] INFO  ha.SCMNodeInfo (SCMNodeInfo.java:getPort(197)) - ConfigKey ozone.scm.block.client.address is deprecated, For configuring different ports for each SCM use PortConfigKey ozone.scm.block.client.port appended with serviceId and nodeId
2025-07-05 15:54:11,361 [main] INFO  ha.SCMNodeInfo (SCMNodeInfo.java:getPort(197)) - ConfigKey ozone.scm.security.service.address is deprecated, For configuring different ports for each SCM use PortConfigKey ozone.scm.security.service.port appended with serviceId and nodeId
2025-07-05 15:54:11,361 [main] INFO  ha.SCMNodeInfo (SCMNodeInfo.java:getPort(197)) - ConfigKey ozone.scm.datanode.address is deprecated, For configuring different ports for each SCM use PortConfigKey ozone.scm.datanode.port appended with serviceId and nodeId
2025-07-05 15:54:11,361 [main] INFO  ha.SCMNodeInfo (SCMNodeInfo.java:getPort(197)) - ConfigKey ozone.scm.client.address is deprecated, For configuring different ports for each SCM use PortConfigKey ozone.scm.client.port appended with serviceId and nodeId
2025-07-05 15:54:11,362 [main] INFO  ha.SCMNodeInfo (SCMNodeInfo.java:getPort(197)) - ConfigKey ozone.scm.block.client.address is deprecated, For configuring different ports for each SCM use PortConfigKey ozone.scm.block.client.port appended with serviceId and nodeId
2025-07-05 15:54:11,362 [main] INFO  ha.SCMNodeInfo (SCMNodeInfo.java:getPort(197)) - ConfigKey ozone.scm.security.service.address is deprecated, For configuring different ports for each SCM use PortConfigKey ozone.scm.security.service.port appended with serviceId and nodeId
2025-07-05 15:54:11,362 [main] INFO  ha.SCMNodeInfo (SCMNodeInfo.java:getPort(197)) - ConfigKey ozone.scm.datanode.address is deprecated, For configuring different ports for each SCM use PortConfigKey ozone.scm.datanode.port appended with serviceId and nodeId
2025-07-05 15:54:11,362 [main] INFO  proxy.SCMSecurityProtocolFailoverProxyProvider (SCMFailoverProxyProviderBase.java:<init>(120)) - Created fail-over proxy for protocol SCMSecurityProtocolPB with 3 nodes: [nodeId=scmNode-2,nodeAddress=/127.0.0.1:15010, nodeId=scmNode-3,nodeAddress=/127.0.0.1:15018, nodeId=scmNode-1,nodeAddress=/127.0.0.1:15002]
2025-07-05 15:54:11,363 [main] INFO  client.DNCertificateClient (DefaultCertificateClient.java:updateCertSerialId(1289)) - Certificate serial ID set to null
2025-07-05 15:54:11,363 [main] ERROR client.DNCertificateClient (DefaultCertificateClient.java:getCertPath(373)) - Default certificate serial id is not set. Can't locate the default certificate for this client.
2025-07-05 15:54:11,363 [main] INFO  client.DNCertificateClient (DefaultCertificateClient.java:init(717)) - Certificate client init case: 0
2025-07-05 15:54:11,363 [main] INFO  client.DNCertificateClient (DefaultCertificateClient.java:handleCase(735)) - Creating keypair for client as keypair and certificate not found.
2025-07-05 15:54:11,443 [main] INFO  keys.KeyStorage (KeyStorage.java:storePublicKey(210)) - Storing public key to /home/runner/work/ozone/ozone/hadoop-ozone/integration-test/target/test-dir/MiniOzoneClusterImpl-ea17cf83-5a24-424f-8e3a-0ef9e94bb6a3/ozone-meta/datanode-1/meta/dn/keys/public.pem.
2025-07-05 15:54:11,444 [main] INFO  keys.KeyStorage (KeyStorage.java:storePrivateKey(194)) - Storing private key to /home/runner/work/ozone/ozone/hadoop-ozone/integration-test/target/test-dir/MiniOzoneClusterImpl-ea17cf83-5a24-424f-8e3a-0ef9e94bb6a3/ozone-meta/datanode-1/meta/dn/keys/private.pem.
2025-07-05 15:54:11,444 [main] INFO  client.DNCertificateClient (DefaultCertificateClient.java:recoverStateIfNeeded(796)) - Init response: GETCERT
2025-07-05 15:54:11,445 [main] INFO  ozone.OzoneSecurityUtil (OzoneSecurityUtil.java:getValidInetsForCurrentHost(116)) - ip:fe80:0:0:0:6245:bdff:fe4b:d8f9%eth0 not returned.
2025-07-05 15:54:11,445 [main] INFO  ozone.OzoneSecurityUtil (OzoneSecurityUtil.java:getValidInetsForCurrentHost(113)) - Adding ip:10.1.0.89,host:fv-az1280-891.5ine1el5mbmedjxkdw5calxeef.ex.internal.cloudapp.net
2025-07-05 15:54:11,445 [main] INFO  ozone.OzoneSecurityUtil (OzoneSecurityUtil.java:getValidInetsForCurrentHost(116)) - ip:0:0:0:0:0:0:0:1%lo not returned.
2025-07-05 15:54:11,445 [main] INFO  ozone.OzoneSecurityUtil (OzoneSecurityUtil.java:getValidInetsForCurrentHost(116)) - ip:127.0.0.1 not returned.
2025-07-05 15:54:11,446 [main] INFO  client.DNCertificateClient (DNCertificateClient.java:configureCSRBuilder(82)) - Created csr for DN-> subject:scm@localhost
2025-07-05 15:54:11,458 [pool-2-thread-2] INFO  request.TgsRequest (TgsRequest.java:issueTicket(117)) - TGS_REQ ISSUE: authtime 1751730851457,scm/localhost@EXAMPLE.COM for scm/localhost@EXAMPLE.COM
2025-07-05 15:54:11,463 [Socket Reader #1 for port 15002] INFO  ipc.Server (Server.java:saslProcess(2290)) - Auth successful for scm/localhost@EXAMPLE.COM (auth:KERBEROS) from 127.0.0.1:36155
2025-07-05 15:54:11,465 [IPC Server handler 0 on default port 15002] INFO  server.SCMSecurityProtocolServer (SCMSecurityProtocolServer.java:getDataNodeCertificate(183)) - Processing CSR for dn localhost, UUID: 0584da7b-3980-4d20-b3ba-d97c117b17a2
2025-07-05 15:54:11,473 [2d344aaf-3adb-4590-a8db-0ff637af21a8@group-0EF9E94BB6A3-StateMachineUpdater] INFO  safemode.SCMSafeModeManager (SCMSafeModeManager.java:validateSafeModeExitRules(138)) - RatisContainerSafeModeRule rule is successfully validated
2025-07-05 15:54:11,473 [2d344aaf-3adb-4590-a8db-0ff637af21a8@group-0EF9E94BB6A3-StateMachineUpdater] INFO  safemode.HealthyPipelineSafeModeRule (HealthyPipelineSafeModeRule.java:initializeRule(228)) - Refreshed total pipeline count is 0, healthy pipeline threshold count is 1
2025-07-05 15:54:11,473 [2d344aaf-3adb-4590-a8db-0ff637af21a8@group-0EF9E94BB6A3-StateMachineUpdater] INFO  safemode.SCMSafeModeManager (SCMSafeModeManager.java:validateSafeModeExitRules(138)) - ECContainerSafeModeRule rule is successfully validated
2025-07-05 15:54:11,473 [2d344aaf-3adb-4590-a8db-0ff637af21a8@group-0EF9E94BB6A3-StateMachineUpdater] INFO  safemode.SCMSafeModeManager (SCMSafeModeManager.java:validateSafeModeExitRules(138)) - AtleastOneDatanodeReportedRule rule is successfully validated
2025-07-05 15:54:11,474 [e9f0a7df-dfca-4eba-a7d3-db47f637b57c@group-0EF9E94BB6A3-StateMachineUpdater] INFO  safemode.SCMSafeModeManager (SCMSafeModeManager.java:validateSafeModeExitRules(138)) - RatisContainerSafeModeRule rule is successfully validated
2025-07-05 15:54:11,474 [e9f0a7df-dfca-4eba-a7d3-db47f637b57c@group-0EF9E94BB6A3-StateMachineUpdater] INFO  safemode.HealthyPipelineSafeModeRule (HealthyPipelineSafeModeRule.java:initializeRule(228)) - Refreshed total pipeline count is 0, healthy pipeline threshold count is 1
2025-07-05 15:54:11,474 [e9f0a7df-dfca-4eba-a7d3-db47f637b57c@group-0EF9E94BB6A3-StateMachineUpdater] INFO  safemode.SCMSafeModeManager (SCMSafeModeManager.java:validateSafeModeExitRules(138)) - ECContainerSafeModeRule rule is successfully validated
2025-07-05 15:54:11,474 [e9f0a7df-dfca-4eba-a7d3-db47f637b57c@group-0EF9E94BB6A3-StateMachineUpdater] INFO  safemode.SCMSafeModeManager (SCMSafeModeManager.java:validateSafeModeExitRules(138)) - AtleastOneDatanodeReportedRule rule is successfully validated
2025-07-05 15:54:11,474 [d608cca7-8f6c-485f-afd6-2c7e3558bc9e@group-0EF9E94BB6A3-StateMachineUpdater] INFO  safemode.SCMSafeModeManager (SCMSafeModeManager.java:validateSafeModeExitRules(138)) - RatisContainerSafeModeRule rule is successfully validated
2025-07-05 15:54:11,474 [d608cca7-8f6c-485f-afd6-2c7e3558bc9e@group-0EF9E94BB6A3-StateMachineUpdater] INFO  safemode.HealthyPipelineSafeModeRule (HealthyPipelineSafeModeRule.java:initializeRule(228)) - Refreshed total pipeline count is 0, healthy pipeline threshold count is 1
2025-07-05 15:54:11,475 [d608cca7-8f6c-485f-afd6-2c7e3558bc9e@group-0EF9E94BB6A3-StateMachineUpdater] INFO  safemode.SCMSafeModeManager (SCMSafeModeManager.java:validateSafeModeExitRules(138)) - ECContainerSafeModeRule rule is successfully validated
2025-07-05 15:54:11,475 [d608cca7-8f6c-485f-afd6-2c7e3558bc9e@group-0EF9E94BB6A3-StateMachineUpdater] INFO  safemode.SCMSafeModeManager (SCMSafeModeManager.java:validateSafeModeExitRules(138)) - AtleastOneDatanodeReportedRule rule is successfully validated
2025-07-05 15:54:11,475 [IPC Server handler 0 on default port 15002] INFO  ha.SequenceIdGenerator (SequenceIdGenerator.java:getNextId(135)) - Allocate a batch for CertificateId, change lastId from 5 to 6.
2025-07-05 15:54:11,476 [IPC Server handler 0 on default port 15002] INFO  keys.KeyStorage (KeyStorage.java:readPrivateKey(158)) - Reading private key from /home/runner/work/ozone/ozone/hadoop-ozone/integration-test/target/test-dir/MiniOzoneClusterImpl-ea17cf83-5a24-424f-8e3a-0ef9e94bb6a3/scmNode-1/scm/sub-ca/keys/private.pem.
2025-07-05 15:54:11,478 [IPC Server handler 0 on default port 15002] INFO  authority.DefaultApprover (DefaultApprover.java:sign(171)) - Extensions in CSR: 2.5.29.15, 2.5.29.17
2025-07-05 15:54:11,478 [IPC Server handler 0 on default port 15002] INFO  authority.DefaultApprover (DefaultApprover.java:sign(175)) - Extensions to add to the certificate if they present in CSR: 2.5.29.15, 2.5.29.17, 2.5.29.35, 2.5.29.37, 2.5.29.19, 1.3.6.1.5.5.7.1.12
2025-07-05 15:54:11,496 [e9f0a7df-dfca-4eba-a7d3-db47f637b57c@group-0EF9E94BB6A3-StateMachineUpdater] INFO  safemode.SCMSafeModeManager (SCMSafeModeManager.java:validateSafeModeExitRules(138)) - RatisContainerSafeModeRule rule is successfully validated
2025-07-05 15:54:11,496 [e9f0a7df-dfca-4eba-a7d3-db47f637b57c@group-0EF9E94BB6A3-StateMachineUpdater] INFO  safemode.HealthyPipelineSafeModeRule (HealthyPipelineSafeModeRule.java:initializeRule(228)) - Refreshed total pipeline count is 0, healthy pipeline threshold count is 1
2025-07-05 15:54:11,496 [e9f0a7df-dfca-4eba-a7d3-db47f637b57c@group-0EF9E94BB6A3-StateMachineUpdater] INFO  safemode.SCMSafeModeManager (SCMSafeModeManager.java:validateSafeModeExitRules(138)) - ECContainerSafeModeRule rule is successfully validated
2025-07-05 15:54:11,496 [e9f0a7df-dfca-4eba-a7d3-db47f637b57c@group-0EF9E94BB6A3-StateMachineUpdater] INFO  safemode.SCMSafeModeManager (SCMSafeModeManager.java:validateSafeModeExitRules(138)) - AtleastOneDatanodeReportedRule rule is successfully validated
2025-07-05 15:54:11,497 [2d344aaf-3adb-4590-a8db-0ff637af21a8@group-0EF9E94BB6A3-StateMachineUpdater] INFO  safemode.SCMSafeModeManager (SCMSafeModeManager.java:validateSafeModeExitRules(138)) - RatisContainerSafeModeRule rule is successfully validated
2025-07-05 15:54:11,497 [2d344aaf-3adb-4590-a8db-0ff637af21a8@group-0EF9E94BB6A3-StateMachineUpdater] INFO  safemode.HealthyPipelineSafeModeRule (HealthyPipelineSafeModeRule.java:initializeRule(228)) - Refreshed total pipeline count is 0, healthy pipeline threshold count is 1
2025-07-05 15:54:11,497 [2d344aaf-3adb-4590-a8db-0ff637af21a8@group-0EF9E94BB6A3-StateMachineUpdater] INFO  safemode.SCMSafeModeManager (SCMSafeModeManager.java:validateSafeModeExitRules(138)) - ECContainerSafeModeRule rule is successfully validated
2025-07-05 15:54:11,497 [2d344aaf-3adb-4590-a8db-0ff637af21a8@group-0EF9E94BB6A3-StateMachineUpdater] INFO  safemode.SCMSafeModeManager (SCMSafeModeManager.java:validateSafeModeExitRules(138)) - AtleastOneDatanodeReportedRule rule is successfully validated
2025-07-05 15:54:11,498 [d608cca7-8f6c-485f-afd6-2c7e3558bc9e@group-0EF9E94BB6A3-StateMachineUpdater] INFO  safemode.SCMSafeModeManager (SCMSafeModeManager.java:validateSafeModeExitRules(138)) - RatisContainerSafeModeRule rule is successfully validated
2025-07-05 15:54:11,498 [d608cca7-8f6c-485f-afd6-2c7e3558bc9e@group-0EF9E94BB6A3-StateMachineUpdater] INFO  safemode.HealthyPipelineSafeModeRule (HealthyPipelineSafeModeRule.java:initializeRule(228)) - Refreshed total pipeline count is 0, healthy pipeline threshold count is 1
2025-07-05 15:54:11,498 [d608cca7-8f6c-485f-afd6-2c7e3558bc9e@group-0EF9E94BB6A3-StateMachineUpdater] INFO  safemode.SCMSafeModeManager (SCMSafeModeManager.java:validateSafeModeExitRules(138)) - ECContainerSafeModeRule rule is successfully validated
2025-07-05 15:54:11,498 [d608cca7-8f6c-485f-afd6-2c7e3558bc9e@group-0EF9E94BB6A3-StateMachineUpdater] INFO  safemode.SCMSafeModeManager (SCMSafeModeManager.java:validateSafeModeExitRules(138)) - AtleastOneDatanodeReportedRule rule is successfully validated
2025-07-05 15:54:11,507 [main] INFO  utils.CertificateCodec (CertificateCodec.java:writeCertificate(241)) - Save certificate to /home/runner/work/ozone/ozone/hadoop-ozone/integration-test/target/test-dir/MiniOzoneClusterImpl-ea17cf83-5a24-424f-8e3a-0ef9e94bb6a3/ozone-meta/datanode-1/meta/dn/certs/6.crt
2025-07-05 15:54:11,508 [main] INFO  utils.CertificateCodec (CertificateCodec.java:writeCertificate(242)) - Certificate -----BEGIN CERTIFICATE-----
MIID6zCCAtOgAwIBAgIBBjANBgkqhkiG9w0BAQsFADCBhjEaMBgGA1UEAwwRc2Nt
LXN1YkBsb2NhbGhvc3QxLTArBgNVBAsMJGQ2MDhjY2E3LThmNmMtNDg1Zi1hZmQ2
LTJjN2UzNTU4YmM5ZTEtMCsGA1UECgwkZWExN2NmODMtNWEyNC00MjRmLThlM2Et
MGVmOWU5NGJiNmEzMQowCAYDVQQFEwEyMB4XDTI1MDcwNTE1NTQxMVoXDTI2MDcw
NTE1NTQxMVowgYIxFjAUBgNVBAMMDXNjbUBsb2NhbGhvc3QxLTArBgNVBAsMJGQ2
MDhjY2E3LThmNmMtNDg1Zi1hZmQ2LTJjN2UzNTU4YmM5ZTEtMCsGA1UECgwkZWEx
N2NmODMtNWEyNC00MjRmLThlM2EtMGVmOWU5NGJiNmEzMQowCAYDVQQFEwE2MIIB
IjANBgkqhkiG9w0BAQEFAAOCAQ8AMIIBCgKCAQEAv2YjAdL2mJod4KCGyksGb3+f
+5Yhu0Ut5xRd/C9yESDKHFrGMimLQzw/tfV1a3o4xoEWaG1cRtWV+KOUzrOqK67B
U5LnhKKj49w5WVMsbZxPopDVgo5c6XqHcyPpMSOvq6WEBgd3rGcI8HYpl8xF+IvI
/3O6VJQ2+rlH3PiFhj7Rx3An8rUntmbR9VYrDWG86j9Fpwd+8nqKHgBJDjEvCOy+
lgGSQ5d+YkLcdDdA4l2w4c6H9VMRXivWZ/uyw6IjQkD6OeYqvLqzKYvTqVoAp7Il
UV0fZea+DzAE+N7DshY6QY8vVaOqwzvmLenyqW/hXATogA5suxpxkr0iUGkQiwID
AQABo2YwZDAOBgNVHQ8BAf8EBAMCA7gwUgYDVR0RBEswSYcECgEAWYJBZnYtYXox
MjgwLTg5MS41aW5lMWVsNW1ibWVkanhrZHc1Y2FseGVlZi5leC5pbnRlcm5hbC5j
bG91ZGFwcC5uZXQwDQYJKoZIhvcNAQELBQADggEBAKD2pZRhTg1Tdv+BVAYu3mNg
QUfzT8nqiDaedtCerS3Ga0InjeYQPHgZg25jmGOAYYDG/2+WLdRVe0Sq6765p54Q
BbN2WtW2Ox93IOgYl3neeXbJFmuAngv4y2RbcLgkwaybXTx8dH+JzUy6qYQD4JsM
d7Tkgtr/uokO2GtogVj2I4OIP90C9jnX2Hhond9rBswp8YQpNI6emqsywclykC8+
coCZNbqeelqLcubEH1NVJveg4vByRcdJS3FD2Ja1eiy45DHDtq/O/Ovv9sdjVbed
T68UdBvuUcYCMeGnhJDAGAK+4IfmWNKPC7NuEh7Y6jlQ1OjJoGVkOIqLpGpi3UM=
-----END CERTIFICATE-----

-----BEGIN CERTIFICATE-----
MIID/DCCAuSgAwIBAgIBAjANBgkqhkiG9w0BAQsFADCBgjEWMBQGA1UEAwwNc2Nt
QGxvY2FsaG9zdDEtMCsGA1UECwwkZDYwOGNjYTctOGY2Yy00ODVmLWFmZDYtMmM3
ZTM1NThiYzllMS0wKwYDVQQKDCRlYTE3Y2Y4My01YTI0LTQyNGYtOGUzYS0wZWY5
ZTk0YmI2YTMxCjAIBgNVBAUTATEwHhcNMjUwNzA1MTU1MzQwWhcNMzAwODEzMTU1
MzQwWjCBhjEaMBgGA1UEAwwRc2NtLXN1YkBsb2NhbGhvc3QxLTArBgNVBAsMJGQ2
MDhjY2E3LThmNmMtNDg1Zi1hZmQ2LTJjN2UzNTU4YmM5ZTEtMCsGA1UECgwkZWEx
N2NmODMtNWEyNC00MjRmLThlM2EtMGVmOWU5NGJiNmEzMQowCAYDVQQFEwEyMIIB
IjANBgkqhkiG9w0BAQEFAAOCAQ8AMIIBCgKCAQEAuQscYUewG1m/uHgL49S/QTp6
LaaEIMS/4ZuVlYF651wyH+ZBviJuQbIt51YTqOgzvF7hqPMsZRiZXz6KJd2jwwQt
AJXRdr0tSt9nvfnsvC2MjI+Ne83vqLnAf6Zu/1mGpzSnV7pqwwXzOUYDKaK9eBem
NC9qKZroT4MbKhKkLYKiH6Iqb+D7YzVkUOyItGAPl7SZDZifOJDnCV3FiNhUzlaY
T1KuaJ9DHAZAIZADi0VFnPzTRVSqxynfz8jCFdRq3AftAhC5WnUvTIOPqfsFeg5B
fLSaW9Ko4X4NzEMZLizxVpnmX1575EC8E5Je8P5SFtaMZpdfKRUWRKfIfkMtPwID
AQABo3cwdTAOBgNVHQ8BAf8EBAMCAb4wUgYDVR0RBEswSYcECgEAWYJBZnYtYXox
MjgwLTg5MS41aW5lMWVsNW1ibWVkanhrZHc1Y2FseGVlZi5leC5pbnRlcm5hbC5j
bG91ZGFwcC5uZXQwDwYDVR0TAQH/BAUwAwEB/zANBgkqhkiG9w0BAQsFAAOCAQEA
PfktgZz/V0yyD6A6k8LAWaVFdZhwApkGq98nFqa3VzmnnlYTx07/YwLtvEwsA3cr
+2j3mZtbC6Vi9XCpBEPHPT42qEEbnbTEx81I52shWSXLGj6bx/10YXUwFcE3zQ7H
4SFgpL76o0g+KuMbHzSW4ukG6XdvcbE+pT5ehdieWdqbUz6WtetKE+uD66yyXE8e
KhSBp76hDSn1ZDVfgtXRbwd4j0Xd6KwTcZAbXRgTnPBChhH/fp+aN2SCqvCZDaum
/dRgF2rO2/HG8xGL2vtj0YN5pa+Jrm7jNT8WqMwMdRP+Fegmk7FPdqE6UjeB6Jno
FSokfgWrxvTBpFoalj9slw==
-----END CERTIFICATE-----

-----BEGIN CERTIFICATE-----
MIID+DCCAuCgAwIBAgIBATANBgkqhkiG9w0BAQsFADCBgjEWMBQGA1UEAwwNc2Nt
QGxvY2FsaG9zdDEtMCsGA1UECwwkZDYwOGNjYTctOGY2Yy00ODVmLWFmZDYtMmM3
ZTM1NThiYzllMS0wKwYDVQQKDCRlYTE3Y2Y4My01YTI0LTQyNGYtOGUzYS0wZWY5
ZTk0YmI2YTMxCjAIBgNVBAUTATEwHhcNMjUwNzA1MTU1MzQwWhcNMzAwODEzMTU1
MzQwWjCBgjEWMBQGA1UEAwwNc2NtQGxvY2FsaG9zdDEtMCsGA1UECwwkZDYwOGNj
YTctOGY2Yy00ODVmLWFmZDYtMmM3ZTM1NThiYzllMS0wKwYDVQQKDCRlYTE3Y2Y4
My01YTI0LTQyNGYtOGUzYS0wZWY5ZTk0YmI2YTMxCjAIBgNVBAUTATEwggEiMA0G
CSqGSIb3DQEBAQUAA4IBDwAwggEKAoIBAQDatei3N+kw7JbL1zCKuuMRj/z2bT0w
1oPD5H2JUwP4tHfe0laBCGJRS5NNdFLmWCA6mVEJ+wI5qOEGfekL9JHEkXiy2yjj
kF81uirr/+n87N5uQF7j3ATQZlSN5iIO05f4Mg8K8yWST32eQ571nT3qJCq6aTZJ
5xvsqB7CWjgEjj+fJYV053M+ma+ACYk078ACmt5g/DyxzsWDmBaTddoyYjXzmN4t
ydD7qwadpboi+C5MSbC0A119sAANeP9NOnwxdrfmPUdErFJVujzYxx1YoQwy19Jh
IWspc7N9Ef9hwDpFbe+ps1dxmiIRy9vt7brBhJOKIPu9YA+Lidn5lsw1AgMBAAGj
dzB1MA8GA1UdEwEB/wQFMAMBAf8wDgYDVR0PAQH/BAQDAgEGMFIGA1UdEQRLMEmH
BAoBAFmCQWZ2LWF6MTI4MC04OTEuNWluZTFlbDVtYm1lZGp4a2R3NWNhbHhlZWYu
ZXguaW50ZXJuYWwuY2xvdWRhcHAubmV0MA0GCSqGSIb3DQEBCwUAA4IBAQC/stst
JnbZIAbhSy8k51njgPW7WelXmNH819nGeQexvfR+pGFu41OHZ0O2DilgWAV/4CUN
0NjfZBJAlMAHRrHDZP0dnKKDtDGsRgakxLiqxsiBtAAlEMRd7+ruNMMScvnt0uz1
GBrnV2Bpz/URjA2RoCySEaKp0IxdT8XpQVoTrBxjUpKfsO1Ub5mx0dhwqHjS3Ff5
eVGQn4+EDjID2yh9Ijttx/+ZfJ5S3Jf2NAN9PvHeCAmvqT/yZ7CtuYtfqajyY2h6
5Y1ss7y/PzLp8h4LcnIInt1hLWj+rF9eg78OXZVp0B8gsqZqcRLI8hy+Jx136LEV
WMsNZW6+FhlwxqiJ
-----END CERTIFICATE-----

2025-07-05 15:54:11,509 [main] INFO  utils.CertificateCodec (CertificateCodec.java:writeCertificate(241)) - Save certificate to /home/runner/work/ozone/ozone/hadoop-ozone/integration-test/target/test-dir/MiniOzoneClusterImpl-ea17cf83-5a24-424f-8e3a-0ef9e94bb6a3/ozone-meta/datanode-1/meta/dn/certs/CA-2.crt
2025-07-05 15:54:11,509 [main] INFO  utils.CertificateCodec (CertificateCodec.java:writeCertificate(242)) - Certificate -----BEGIN CERTIFICATE-----
MIID/DCCAuSgAwIBAgIBAjANBgkqhkiG9w0BAQsFADCBgjEWMBQGA1UEAwwNc2Nt
QGxvY2FsaG9zdDEtMCsGA1UECwwkZDYwOGNjYTctOGY2Yy00ODVmLWFmZDYtMmM3
ZTM1NThiYzllMS0wKwYDVQQKDCRlYTE3Y2Y4My01YTI0LTQyNGYtOGUzYS0wZWY5
ZTk0YmI2YTMxCjAIBgNVBAUTATEwHhcNMjUwNzA1MTU1MzQwWhcNMzAwODEzMTU1
MzQwWjCBhjEaMBgGA1UEAwwRc2NtLXN1YkBsb2NhbGhvc3QxLTArBgNVBAsMJGQ2
MDhjY2E3LThmNmMtNDg1Zi1hZmQ2LTJjN2UzNTU4YmM5ZTEtMCsGA1UECgwkZWEx
N2NmODMtNWEyNC00MjRmLThlM2EtMGVmOWU5NGJiNmEzMQowCAYDVQQFEwEyMIIB
IjANBgkqhkiG9w0BAQEFAAOCAQ8AMIIBCgKCAQEAuQscYUewG1m/uHgL49S/QTp6
LaaEIMS/4ZuVlYF651wyH+ZBviJuQbIt51YTqOgzvF7hqPMsZRiZXz6KJd2jwwQt
AJXRdr0tSt9nvfnsvC2MjI+Ne83vqLnAf6Zu/1mGpzSnV7pqwwXzOUYDKaK9eBem
NC9qKZroT4MbKhKkLYKiH6Iqb+D7YzVkUOyItGAPl7SZDZifOJDnCV3FiNhUzlaY
T1KuaJ9DHAZAIZADi0VFnPzTRVSqxynfz8jCFdRq3AftAhC5WnUvTIOPqfsFeg5B
fLSaW9Ko4X4NzEMZLizxVpnmX1575EC8E5Je8P5SFtaMZpdfKRUWRKfIfkMtPwID
AQABo3cwdTAOBgNVHQ8BAf8EBAMCAb4wUgYDVR0RBEswSYcECgEAWYJBZnYtYXox
MjgwLTg5MS41aW5lMWVsNW1ibWVkanhrZHc1Y2FseGVlZi5leC5pbnRlcm5hbC5j
bG91ZGFwcC5uZXQwDwYDVR0TAQH/BAUwAwEB/zANBgkqhkiG9w0BAQsFAAOCAQEA
PfktgZz/V0yyD6A6k8LAWaVFdZhwApkGq98nFqa3VzmnnlYTx07/YwLtvEwsA3cr
+2j3mZtbC6Vi9XCpBEPHPT42qEEbnbTEx81I52shWSXLGj6bx/10YXUwFcE3zQ7H
4SFgpL76o0g+KuMbHzSW4ukG6XdvcbE+pT5ehdieWdqbUz6WtetKE+uD66yyXE8e
KhSBp76hDSn1ZDVfgtXRbwd4j0Xd6KwTcZAbXRgTnPBChhH/fp+aN2SCqvCZDaum
/dRgF2rO2/HG8xGL2vtj0YN5pa+Jrm7jNT8WqMwMdRP+Fegmk7FPdqE6UjeB6Jno
FSokfgWrxvTBpFoalj9slw==
-----END CERTIFICATE-----

-----BEGIN CERTIFICATE-----
MIID+DCCAuCgAwIBAgIBATANBgkqhkiG9w0BAQsFADCBgjEWMBQGA1UEAwwNc2Nt
QGxvY2FsaG9zdDEtMCsGA1UECwwkZDYwOGNjYTctOGY2Yy00ODVmLWFmZDYtMmM3
ZTM1NThiYzllMS0wKwYDVQQKDCRlYTE3Y2Y4My01YTI0LTQyNGYtOGUzYS0wZWY5
ZTk0YmI2YTMxCjAIBgNVBAUTATEwHhcNMjUwNzA1MTU1MzQwWhcNMzAwODEzMTU1
MzQwWjCBgjEWMBQGA1UEAwwNc2NtQGxvY2FsaG9zdDEtMCsGA1UECwwkZDYwOGNj
YTctOGY2Yy00ODVmLWFmZDYtMmM3ZTM1NThiYzllMS0wKwYDVQQKDCRlYTE3Y2Y4
My01YTI0LTQyNGYtOGUzYS0wZWY5ZTk0YmI2YTMxCjAIBgNVBAUTATEwggEiMA0G
CSqGSIb3DQEBAQUAA4IBDwAwggEKAoIBAQDatei3N+kw7JbL1zCKuuMRj/z2bT0w
1oPD5H2JUwP4tHfe0laBCGJRS5NNdFLmWCA6mVEJ+wI5qOEGfekL9JHEkXiy2yjj
kF81uirr/+n87N5uQF7j3ATQZlSN5iIO05f4Mg8K8yWST32eQ571nT3qJCq6aTZJ
5xvsqB7CWjgEjj+fJYV053M+ma+ACYk078ACmt5g/DyxzsWDmBaTddoyYjXzmN4t
ydD7qwadpboi+C5MSbC0A119sAANeP9NOnwxdrfmPUdErFJVujzYxx1YoQwy19Jh
IWspc7N9Ef9hwDpFbe+ps1dxmiIRy9vt7brBhJOKIPu9YA+Lidn5lsw1AgMBAAGj
dzB1MA8GA1UdEwEB/wQFMAMBAf8wDgYDVR0PAQH/BAQDAgEGMFIGA1UdEQRLMEmH
BAoBAFmCQWZ2LWF6MTI4MC04OTEuNWluZTFlbDVtYm1lZGp4a2R3NWNhbHhlZWYu
ZXguaW50ZXJuYWwuY2xvdWRhcHAubmV0MA0GCSqGSIb3DQEBCwUAA4IBAQC/stst
JnbZIAbhSy8k51njgPW7WelXmNH819nGeQexvfR+pGFu41OHZ0O2DilgWAV/4CUN
0NjfZBJAlMAHRrHDZP0dnKKDtDGsRgakxLiqxsiBtAAlEMRd7+ruNMMScvnt0uz1
GBrnV2Bpz/URjA2RoCySEaKp0IxdT8XpQVoTrBxjUpKfsO1Ub5mx0dhwqHjS3Ff5
eVGQn4+EDjID2yh9Ijttx/+ZfJ5S3Jf2NAN9PvHeCAmvqT/yZ7CtuYtfqajyY2h6
5Y1ss7y/PzLp8h4LcnIInt1hLWj+rF9eg78OXZVp0B8gsqZqcRLI8hy+Jx136LEV
WMsNZW6+FhlwxqiJ
-----END CERTIFICATE-----

2025-07-05 15:54:11,510 [IPC Server handler 1 on default port 15002] INFO  client.SCMCertificateClient (DefaultCertificateClient.java:getAllRootCaCerts(971)) - scm/sub-ca has 0 Root CA certificates
2025-07-05 15:54:11,510 [IPC Server handler 1 on default port 15002] INFO  client.SCMCertificateClient (DefaultCertificateClient.java:getAllCaCerts(979)) - scm/sub-ca has 1 CA certificates
2025-07-05 15:54:11,512 [main] INFO  utils.CertificateCodec (CertificateCodec.java:writeCertificate(241)) - Save certificate to /home/runner/work/ozone/ozone/hadoop-ozone/integration-test/target/test-dir/MiniOzoneClusterImpl-ea17cf83-5a24-424f-8e3a-0ef9e94bb6a3/ozone-meta/datanode-1/meta/dn/certs/ROOTCA-1.crt
2025-07-05 15:54:11,512 [main] INFO  utils.CertificateCodec (CertificateCodec.java:writeCertificate(242)) - Certificate -----BEGIN CERTIFICATE-----
MIID+DCCAuCgAwIBAgIBATANBgkqhkiG9w0BAQsFADCBgjEWMBQGA1UEAwwNc2Nt
QGxvY2FsaG9zdDEtMCsGA1UECwwkZDYwOGNjYTctOGY2Yy00ODVmLWFmZDYtMmM3
ZTM1NThiYzllMS0wKwYDVQQKDCRlYTE3Y2Y4My01YTI0LTQyNGYtOGUzYS0wZWY5
ZTk0YmI2YTMxCjAIBgNVBAUTATEwHhcNMjUwNzA1MTU1MzQwWhcNMzAwODEzMTU1
MzQwWjCBgjEWMBQGA1UEAwwNc2NtQGxvY2FsaG9zdDEtMCsGA1UECwwkZDYwOGNj
YTctOGY2Yy00ODVmLWFmZDYtMmM3ZTM1NThiYzllMS0wKwYDVQQKDCRlYTE3Y2Y4
My01YTI0LTQyNGYtOGUzYS0wZWY5ZTk0YmI2YTMxCjAIBgNVBAUTATEwggEiMA0G
CSqGSIb3DQEBAQUAA4IBDwAwggEKAoIBAQDatei3N+kw7JbL1zCKuuMRj/z2bT0w
1oPD5H2JUwP4tHfe0laBCGJRS5NNdFLmWCA6mVEJ+wI5qOEGfekL9JHEkXiy2yjj
kF81uirr/+n87N5uQF7j3ATQZlSN5iIO05f4Mg8K8yWST32eQ571nT3qJCq6aTZJ
5xvsqB7CWjgEjj+fJYV053M+ma+ACYk078ACmt5g/DyxzsWDmBaTddoyYjXzmN4t
ydD7qwadpboi+C5MSbC0A119sAANeP9NOnwxdrfmPUdErFJVujzYxx1YoQwy19Jh
IWspc7N9Ef9hwDpFbe+ps1dxmiIRy9vt7brBhJOKIPu9YA+Lidn5lsw1AgMBAAGj
dzB1MA8GA1UdEwEB/wQFMAMBAf8wDgYDVR0PAQH/BAQDAgEGMFIGA1UdEQRLMEmH
BAoBAFmCQWZ2LWF6MTI4MC04OTEuNWluZTFlbDVtYm1lZGp4a2R3NWNhbHhlZWYu
ZXguaW50ZXJuYWwuY2xvdWRhcHAubmV0MA0GCSqGSIb3DQEBCwUAA4IBAQC/stst
JnbZIAbhSy8k51njgPW7WelXmNH819nGeQexvfR+pGFu41OHZ0O2DilgWAV/4CUN
0NjfZBJAlMAHRrHDZP0dnKKDtDGsRgakxLiqxsiBtAAlEMRd7+ruNMMScvnt0uz1
GBrnV2Bpz/URjA2RoCySEaKp0IxdT8XpQVoTrBxjUpKfsO1Ub5mx0dhwqHjS3Ff5
eVGQn4+EDjID2yh9Ijttx/+ZfJ5S3Jf2NAN9PvHeCAmvqT/yZ7CtuYtfqajyY2h6
5Y1ss7y/PzLp8h4LcnIInt1hLWj+rF9eg78OXZVp0B8gsqZqcRLI8hy+Jx136LEV
WMsNZW6+FhlwxqiJ
-----END CERTIFICATE-----

2025-07-05 15:54:11,513 [main] INFO  client.DNCertificateClient (DefaultCertificateClient.java:updateCertSerialId(1289)) - Certificate serial ID set to 6
2025-07-05 15:54:11,513 [main] INFO  client.DNCertificateClient (DefaultCertificateClient.java:readCertificateFile(247)) - Added certificate 1 from file: /home/runner/work/ozone/ozone/hadoop-ozone/integration-test/target/test-dir/MiniOzoneClusterImpl-ea17cf83-5a24-424f-8e3a-0ef9e94bb6a3/ozone-meta/datanode-1/meta/dn/certs/ROOTCA-1.crt.
2025-07-05 15:54:11,514 [main] INFO  client.DNCertificateClient (DefaultCertificateClient.java:readCertificateFile(247)) - Added certificate 2 from file: /home/runner/work/ozone/ozone/hadoop-ozone/integration-test/target/test-dir/MiniOzoneClusterImpl-ea17cf83-5a24-424f-8e3a-0ef9e94bb6a3/ozone-meta/datanode-1/meta/dn/certs/CA-2.crt.
2025-07-05 15:54:11,516 [main] INFO  client.DNCertificateClient (DefaultCertificateClient.java:readCertificateFile(247)) - Added certificate 6 from file: /home/runner/work/ozone/ozone/hadoop-ozone/integration-test/target/test-dir/MiniOzoneClusterImpl-ea17cf83-5a24-424f-8e3a-0ef9e94bb6a3/ozone-meta/datanode-1/meta/dn/certs/6.crt.
2025-07-05 15:54:11,516 [main] INFO  client.DNCertificateClient (DefaultCertificateClient.java:startCertificateRenewerService(1380)) - CertificateRenewerService for dn is started with first delay 29116799483 ms and interval 86400000 ms.
2025-07-05 15:54:11,551 [main] INFO  client.DNCertificateClient (DefaultCertificateClient.java:recoverStateIfNeeded(812)) - Successfully stored DN signed certificate, case:GETCERT.
2025-07-05 15:54:11,552 [main] INFO  ha.SCMNodeInfo (SCMNodeInfo.java:getPort(197)) - ConfigKey ozone.scm.client.address is deprecated, For configuring different ports for each SCM use PortConfigKey ozone.scm.client.port appended with serviceId and nodeId
2025-07-05 15:54:11,552 [main] INFO  ha.SCMNodeInfo (SCMNodeInfo.java:getPort(197)) - ConfigKey ozone.scm.block.client.address is deprecated, For configuring different ports for each SCM use PortConfigKey ozone.scm.block.client.port appended with serviceId and nodeId
2025-07-05 15:54:11,552 [main] INFO  ha.SCMNodeInfo (SCMNodeInfo.java:getPort(197)) - ConfigKey ozone.scm.security.service.address is deprecated, For configuring different ports for each SCM use PortConfigKey ozone.scm.security.service.port appended with serviceId and nodeId
2025-07-05 15:54:11,552 [main] INFO  ha.SCMNodeInfo (SCMNodeInfo.java:getPort(197)) - ConfigKey ozone.scm.datanode.address is deprecated, For configuring different ports for each SCM use PortConfigKey ozone.scm.datanode.port appended with serviceId and nodeId
2025-07-05 15:54:11,552 [main] INFO  ha.SCMNodeInfo (SCMNodeInfo.java:getPort(197)) - ConfigKey ozone.scm.client.address is deprecated, For configuring different ports for each SCM use PortConfigKey ozone.scm.client.port appended with serviceId and nodeId
2025-07-05 15:54:11,552 [main] INFO  ha.SCMNodeInfo (SCMNodeInfo.java:getPort(197)) - ConfigKey ozone.scm.block.client.address is deprecated, For configuring different ports for each SCM use PortConfigKey ozone.scm.block.client.port appended with serviceId and nodeId
2025-07-05 15:54:11,552 [main] INFO  ha.SCMNodeInfo (SCMNodeInfo.java:getPort(197)) - ConfigKey ozone.scm.security.service.address is deprecated, For configuring different ports for each SCM use PortConfigKey ozone.scm.security.service.port appended with serviceId and nodeId
2025-07-05 15:54:11,552 [main] INFO  ha.SCMNodeInfo (SCMNodeInfo.java:getPort(197)) - ConfigKey ozone.scm.datanode.address is deprecated, For configuring different ports for each SCM use PortConfigKey ozone.scm.datanode.port appended with serviceId and nodeId
2025-07-05 15:54:11,552 [main] INFO  ha.SCMNodeInfo (SCMNodeInfo.java:getPort(197)) - ConfigKey ozone.scm.client.address is deprecated, For configuring different ports for each SCM use PortConfigKey ozone.scm.client.port appended with serviceId and nodeId
2025-07-05 15:54:11,552 [main] INFO  ha.SCMNodeInfo (SCMNodeInfo.java:getPort(197)) - ConfigKey ozone.scm.block.client.address is deprecated, For configuring different ports for each SCM use PortConfigKey ozone.scm.block.client.port appended with serviceId and nodeId
2025-07-05 15:54:11,552 [main] INFO  ha.SCMNodeInfo (SCMNodeInfo.java:getPort(197)) - ConfigKey ozone.scm.security.service.address is deprecated, For configuring different ports for each SCM use PortConfigKey ozone.scm.security.service.port appended with serviceId and nodeId
2025-07-05 15:54:11,553 [main] INFO  ha.SCMNodeInfo (SCMNodeInfo.java:getPort(197)) - ConfigKey ozone.scm.datanode.address is deprecated, For configuring different ports for each SCM use PortConfigKey ozone.scm.datanode.port appended with serviceId and nodeId
2025-07-05 15:54:11,553 [main] INFO  proxy.SecretKeyProtocolFailoverProxyProvider (SCMFailoverProxyProviderBase.java:<init>(120)) - Created fail-over proxy for protocol SecretKeyProtocolDatanodePB with 3 nodes: [nodeId=scmNode-2,nodeAddress=/127.0.0.1:15010, nodeId=scmNode-3,nodeAddress=/127.0.0.1:15018, nodeId=scmNode-1,nodeAddress=/127.0.0.1:15002]
2025-07-05 15:54:11,554 [main] INFO  symmetric.DefaultSecretKeyVerifierClient (DefaultSecretKeyVerifierClient.java:<init>(76)) - Initializing secret key cache with size 4, TTL PT8M20S
2025-07-05 15:54:11,561 [Socket Reader #1 for port 15002] INFO  ipc.Server (Server.java:saslProcess(2290)) - Auth successful for scm/localhost@EXAMPLE.COM (auth:KERBEROS) from 127.0.0.1:44639
2025-07-05 15:54:11,563 [main] INFO  symmetric.DefaultSecretKeySignerClient (DefaultSecretKeySignerClient.java:start(83)) - Initial secret key fetched from SCM: SecretKey(id = d68e803d-24ae-4d18-af54-e13ef808b648, creation at: 2025-07-05T15:53:53.915Z, expire at: 2025-07-05T16:02:13.915Z).
2025-07-05 15:54:11,564 [main] INFO  symmetric.DefaultSecretKeySignerClient (DefaultSecretKeySignerClient.java:scheduleSecretKeyPoller(149)) - Scheduling SecretKeyPoller with initial delay of PT8M2.35086412S and interval of PT8M20S
2025-07-05 15:54:11,567 [main] WARN  statemachine.DatanodeConfiguration (DatanodeConfiguration.java:validateMinFreeSpace(751)) - hdds.datanode.volume.min.free.space.percent = -1.0 is invalid, should be between 0 and 1
2025-07-05 15:54:11,567 [main] INFO  upgrade.AbstractLayoutVersionManager (AbstractLayoutVersionManager.java:init(80)) - Initializing Layout version manager with metadata layout = HBASE_SUPPORT (version = 8), software layout = HBASE_SUPPORT (version = 8)
2025-07-05 15:54:11,569 [main] INFO  ha.SCMNodeInfo (SCMNodeInfo.java:getPort(197)) - ConfigKey ozone.scm.client.address is deprecated, For configuring different ports for each SCM use PortConfigKey ozone.scm.client.port appended with serviceId and nodeId
2025-07-05 15:54:11,569 [main] INFO  ha.SCMNodeInfo (SCMNodeInfo.java:getPort(197)) - ConfigKey ozone.scm.block.client.address is deprecated, For configuring different ports for each SCM use PortConfigKey ozone.scm.block.client.port appended with serviceId and nodeId
2025-07-05 15:54:11,569 [main] INFO  ha.SCMNodeInfo (SCMNodeInfo.java:getPort(197)) - ConfigKey ozone.scm.security.service.address is deprecated, For configuring different ports for each SCM use PortConfigKey ozone.scm.security.service.port appended with serviceId and nodeId
2025-07-05 15:54:11,569 [main] INFO  ha.SCMNodeInfo (SCMNodeInfo.java:getPort(197)) - ConfigKey ozone.scm.datanode.address is deprecated, For configuring different ports for each SCM use PortConfigKey ozone.scm.datanode.port appended with serviceId and nodeId
2025-07-05 15:54:11,569 [main] INFO  ha.SCMNodeInfo (SCMNodeInfo.java:getPort(197)) - ConfigKey ozone.scm.client.address is deprecated, For configuring different ports for each SCM use PortConfigKey ozone.scm.client.port appended with serviceId and nodeId
2025-07-05 15:54:11,570 [main] INFO  ha.SCMNodeInfo (SCMNodeInfo.java:getPort(197)) - ConfigKey ozone.scm.block.client.address is deprecated, For configuring different ports for each SCM use PortConfigKey ozone.scm.block.client.port appended with serviceId and nodeId
2025-07-05 15:54:11,570 [main] INFO  ha.SCMNodeInfo (SCMNodeInfo.java:getPort(197)) - ConfigKey ozone.scm.security.service.address is deprecated, For configuring different ports for each SCM use PortConfigKey ozone.scm.security.service.port appended with serviceId and nodeId
2025-07-05 15:54:11,570 [main] INFO  ha.SCMNodeInfo (SCMNodeInfo.java:getPort(197)) - ConfigKey ozone.scm.datanode.address is deprecated, For configuring different ports for each SCM use PortConfigKey ozone.scm.datanode.port appended with serviceId and nodeId
2025-07-05 15:54:11,570 [main] INFO  ha.SCMNodeInfo (SCMNodeInfo.java:getPort(197)) - ConfigKey ozone.scm.client.address is deprecated, For configuring different ports for each SCM use PortConfigKey ozone.scm.client.port appended with serviceId and nodeId
2025-07-05 15:54:11,570 [main] INFO  ha.SCMNodeInfo (SCMNodeInfo.java:getPort(197)) - ConfigKey ozone.scm.block.client.address is deprecated, For configuring different ports for each SCM use PortConfigKey ozone.scm.block.client.port appended with serviceId and nodeId
2025-07-05 15:54:11,570 [main] INFO  ha.SCMNodeInfo (SCMNodeInfo.java:getPort(197)) - ConfigKey ozone.scm.security.service.address is deprecated, For configuring different ports for each SCM use PortConfigKey ozone.scm.security.service.port appended with serviceId and nodeId
2025-07-05 15:54:11,570 [main] INFO  ha.SCMNodeInfo (SCMNodeInfo.java:getPort(197)) - ConfigKey ozone.scm.datanode.address is deprecated, For configuring different ports for each SCM use PortConfigKey ozone.scm.datanode.port appended with serviceId and nodeId
2025-07-05 15:54:11,570 [main] INFO  statemachine.DatanodeStateMachine (DatanodeStateMachine.java:getEndPointTaskThreadPoolSize(305)) - Datanode State Machine Task Thread Pool size 4
2025-07-05 15:54:11,587 [main] WARN  statemachine.DatanodeConfiguration (DatanodeConfiguration.java:validateMinFreeSpace(751)) - hdds.datanode.volume.min.free.space.percent = -1.0 is invalid, should be between 0 and 1
2025-07-05 15:54:11,591 [main] WARN  statemachine.DatanodeConfiguration (DatanodeConfiguration.java:validateMinFreeSpace(751)) - hdds.datanode.volume.min.free.space.percent = -1.0 is invalid, should be between 0 and 1
2025-07-05 15:54:11,599 [main] WARN  statemachine.DatanodeConfiguration (DatanodeConfiguration.java:validateMinFreeSpace(751)) - hdds.datanode.volume.min.free.space.percent = -1.0 is invalid, should be between 0 and 1
2025-07-05 15:54:11,608 [main] WARN  statemachine.DatanodeConfiguration (DatanodeConfiguration.java:validateMinFreeSpace(751)) - hdds.datanode.volume.min.free.space.percent = -1.0 is invalid, should be between 0 and 1
2025-07-05 15:54:11,617 [main] INFO  volume.HddsVolume (HddsVolume.java:<init>(162)) - HddsVolume: { id=DS-f63a31d9-9968-4ed8-b47e-ae5abbc93c7e dir=/home/runner/work/ozone/ozone/hadoop-ozone/integration-test/target/test-dir/MiniOzoneClusterImpl-ea17cf83-5a24-424f-8e3a-0ef9e94bb6a3/ozone-meta/datanode-1/data-0/hdds type=DISK capacity=9222449699674390527 used=0 available=9222449699674390527 minFree=9222450130714624 committed=0 }
2025-07-05 15:54:11,618 [main] INFO  volume.MutableVolumeSet (MutableVolumeSet.java:initializeVolumeSet(167)) - Added Volume : /home/runner/work/ozone/ozone/hadoop-ozone/integration-test/target/test-dir/MiniOzoneClusterImpl-ea17cf83-5a24-424f-8e3a-0ef9e94bb6a3/ozone-meta/datanode-1/data-0/hdds to VolumeSet
2025-07-05 15:54:11,618 [main] WARN  statemachine.DatanodeConfiguration (DatanodeConfiguration.java:validateMinFreeSpace(751)) - hdds.datanode.volume.min.free.space.percent = -1.0 is invalid, should be between 0 and 1
2025-07-05 15:54:11,620 [main] WARN  statemachine.DatanodeConfiguration (DatanodeConfiguration.java:validateMinFreeSpace(751)) - hdds.datanode.volume.min.free.space.percent = -1.0 is invalid, should be between 0 and 1
2025-07-05 15:54:11,621 [main] INFO  volume.MutableVolumeSet (MutableVolumeSet.java:initializeVolumeSet(167)) - Added Volume : /home/runner/work/ozone/ozone/hadoop-ozone/integration-test/target/test-dir/MiniOzoneClusterImpl-ea17cf83-5a24-424f-8e3a-0ef9e94bb6a3/ozone-meta/datanode-1/ratis to VolumeSet
2025-07-05 15:54:11,621 [main] WARN  statemachine.DatanodeConfiguration (DatanodeConfiguration.java:validateMinFreeSpace(751)) - hdds.datanode.volume.min.free.space.percent = -1.0 is invalid, should be between 0 and 1
2025-07-05 15:54:11,622 [main] WARN  statemachine.DatanodeConfiguration (DatanodeConfiguration.java:validateMinFreeSpace(751)) - hdds.datanode.volume.min.free.space.percent = -1.0 is invalid, should be between 0 and 1
2025-07-05 15:54:11,624 [main] INFO  ozoneimpl.OzoneContainer (HddsVolumeUtil.java:loadAllHddsVolumeDbStore(102)) - Load 1 volumes DbStore cost: 0ms
2025-07-05 15:54:11,627 [main] WARN  db.DBStoreBuilder (DBStoreBuilder.java:getDBDirPath(158)) - ozone.scm.datanode.id.dir is not configured. We recommend adding this setting. Falling back to ozone.metadata.dirs instead.
2025-07-05 15:54:11,630 [main] WARN  statemachine.DatanodeConfiguration (DatanodeConfiguration.java:validateMinFreeSpace(751)) - hdds.datanode.volume.min.free.space.percent = -1.0 is invalid, should be between 0 and 1
2025-07-05 15:54:11,631 [main] WARN  db.DBStoreBuilder (DBStoreBuilder.java:getDBDirPath(158)) - ozone.scm.datanode.id.dir is not configured. We recommend adding this setting. Falling back to ozone.metadata.dirs instead.
2025-07-05 15:54:11,652 [main] WARN  statemachine.DatanodeConfiguration (DatanodeConfiguration.java:validateMinFreeSpace(751)) - hdds.datanode.volume.min.free.space.percent = -1.0 is invalid, should be between 0 and 1
2025-07-05 15:54:11,669 [main] WARN  statemachine.DatanodeConfiguration (DatanodeConfiguration.java:validateMinFreeSpace(751)) - hdds.datanode.volume.min.free.space.percent = -1.0 is invalid, should be between 0 and 1
2025-07-05 15:54:11,673 [main] INFO  impl.FilePerChunkStrategy (FilePerChunkStrategy.java:<init>(79)) - ozone.chunk.read.mapped.buffer.max.count is load with 0
2025-07-05 15:54:11,675 [main] INFO  impl.FilePerBlockStrategy (FilePerBlockStrategy.java:<init>(88)) - ozone.chunk.read.mapped.buffer.max.count is load with 0
2025-07-05 15:54:11,676 [main] WARN  statemachine.DatanodeConfiguration (DatanodeConfiguration.java:validateMinFreeSpace(751)) - hdds.datanode.volume.min.free.space.percent = -1.0 is invalid, should be between 0 and 1
2025-07-05 15:54:11,721 [main] INFO  audit.AuditLogger (AuditLogger.java:refreshDebugCmdSet(133)) - Refresh DebugCmdSet for DNAudit to [].
2025-07-05 15:54:11,739 [main] INFO  server.RaftServerConfigKeys (ConfUtils.java:logGet(62)) - raft.server.log.appender.buffer.byte-limit = 33554432 (custom)
2025-07-05 15:54:11,750 [main] INFO  grpc.GrpcConfigKeys (ConfUtils.java:logFallback(69)) - raft.grpc.admin.host = null (fallback to raft.grpc.server.host)
2025-07-05 15:54:11,750 [main] INFO  grpc.GrpcConfigKeys (ConfUtils.java:logGet(62)) - raft.grpc.admin.port = 15050 (custom)
2025-07-05 15:54:11,751 [main] INFO  grpc.GrpcConfigKeys (ConfUtils.java:logFallback(69)) - raft.grpc.client.host = null (fallback to raft.grpc.server.host)
2025-07-05 15:54:11,751 [main] INFO  grpc.GrpcConfigKeys (ConfUtils.java:logGet(62)) - raft.grpc.client.port = 15049 (custom)
2025-07-05 15:54:11,751 [main] INFO  grpc.GrpcConfigKeys (ConfUtils.java:logGet(62)) - raft.grpc.server.port = 15051 (custom)
2025-07-05 15:54:11,751 [main] INFO  server.GrpcServicesImpl (ConfUtils.java:logGet(62)) - raft.grpc.message.size.max = 34603008 (custom)
2025-07-05 15:54:11,751 [main] INFO  server.GrpcServicesImpl (ConfUtils.java:logGet(62)) - raft.grpc.flow.control.window = 5MB (=5242880) (custom)
2025-07-05 15:54:11,751 [main] INFO  server.RaftServerConfigKeys (ConfUtils.java:logGet(62)) - raft.server.rpc.request.timeout = 60s (custom)
2025-07-05 15:54:11,751 [main] INFO  server.RaftServerConfigKeys (ConfUtils.java:logGet(62)) - raft.server.log.appender.buffer.byte-limit = 33554432 (custom)
2025-07-05 15:54:11,753 [main] INFO  impl.DataStreamServerImpl (ConfUtils.java:logGet(62)) - raft.datastream.type = NETTY (custom)
2025-07-05 15:54:11,765 [main] INFO  server.RaftServerConfigKeys (ConfUtils.java:logGet(62)) - raft.server.data-stream.async.request.thread.pool.cached = false (default)
2025-07-05 15:54:11,765 [main] INFO  server.RaftServerConfigKeys (ConfUtils.java:logGet(62)) - raft.server.data-stream.async.request.thread.pool.size = 20 (custom)
2025-07-05 15:54:11,766 [main] INFO  server.RaftServerConfigKeys (ConfUtils.java:logGet(62)) - raft.server.data-stream.async.write.thread.pool.size = 16 (default)
2025-07-05 15:54:11,767 [main] INFO  netty.NettyConfigKeys$DataStream (ConfUtils.java:logGet(62)) - raft.netty.dataStream.server.channel.inactive.grace-period = 10min (default)
2025-07-05 15:54:11,767 [main] INFO  server.RaftServerConfigKeys (ConfUtils.java:logGet(62)) - raft.server.data-stream.client.pool.size = 10 (default)
2025-07-05 15:54:11,768 [main] INFO  netty.NettyConfigKeys$DataStream (ConfUtils.java:logGet(62)) - raft.netty.dataStream.server.use-epoll = true (default)
2025-07-05 15:54:11,768 [main] INFO  netty.NettyConfigKeys$DataStream (ConfUtils.java:logGet(62)) - raft.netty.dataStream.server.boss-group.size = 0 (default)
2025-07-05 15:54:11,769 [main] INFO  netty.NettyUtils (NettyUtils.java:newEventLoopGroup(74)) - Create EpollEventLoopGroup for 0584da7b-3980-4d20-b3ba-d97c117b17a2-NettyServerStreamRpc-bossGroup; Thread size is 0.
2025-07-05 15:54:11,770 [main] INFO  netty.NettyConfigKeys$DataStream (ConfUtils.java:logGet(62)) - raft.netty.dataStream.server.worker-group.size = 0 (default)
2025-07-05 15:54:11,770 [main] INFO  netty.NettyUtils (NettyUtils.java:newEventLoopGroup(74)) - Create EpollEventLoopGroup for 0584da7b-3980-4d20-b3ba-d97c117b17a2-NettyServerStreamRpc-workerGroup; Thread size is 0.
2025-07-05 15:54:11,772 [main] INFO  netty.NettyConfigKeys$DataStream (ConfUtils.java:logGet(62)) - raft.netty.dataStream.port = 15052 (custom)
2025-07-05 15:54:11,780 [main] INFO  server.RaftServerConfigKeys (ConfUtils.java:logGet(62)) - raft.server.storage.dir = [/home/runner/work/ozone/ozone/hadoop-ozone/integration-test/target/test-dir/MiniOzoneClusterImpl-ea17cf83-5a24-424f-8e3a-0ef9e94bb6a3/ozone-meta/datanode-1/ratis] (custom)
2025-07-05 15:54:11,781 [0584da7b-3980-4d20-b3ba-d97c117b17a2-impl-thread1] INFO  server.RaftServer (RaftServerProxy.java:initGroupDir(270)) - 0584da7b-3980-4d20-b3ba-d97c117b17a2: found a subdirectory /home/runner/work/ozone/ozone/hadoop-ozone/integration-test/target/test-dir/MiniOzoneClusterImpl-ea17cf83-5a24-424f-8e3a-0ef9e94bb6a3/ozone-meta/datanode-1/ratis/tmp
2025-07-05 15:54:11,781 [0584da7b-3980-4d20-b3ba-d97c117b17a2-impl-thread1] INFO  server.RaftServer (RaftServerProxy.java:initGroupDir(275)) - 0584da7b-3980-4d20-b3ba-d97c117b17a2: The directory /home/runner/work/ozone/ozone/hadoop-ozone/integration-test/target/test-dir/MiniOzoneClusterImpl-ea17cf83-5a24-424f-8e3a-0ef9e94bb6a3/ozone-meta/datanode-1/ratis/tmp is not a group directory; ignoring it. 
2025-07-05 15:54:11,784 [main] INFO  replication.ReplicationServer (ReplicationServer.java:<init>(84)) - Initializing replication server with thread count = 10 queue length = 4096
2025-07-05 15:54:11,789 [0584da7b-3980-4d20-b3ba-d97c117b17a2-NettyServerStreamRpc-bossGroup--thread1] INFO  logging.LoggingHandler (AbstractInternalLogger.java:log(148)) - [id: 0x33caabae] REGISTERED
2025-07-05 15:54:11,789 [0584da7b-3980-4d20-b3ba-d97c117b17a2-NettyServerStreamRpc-bossGroup--thread1] INFO  logging.LoggingHandler (AbstractInternalLogger.java:log(148)) - [id: 0x33caabae] BIND: 0.0.0.0/0.0.0.0:15052
2025-07-05 15:54:11,789 [0584da7b-3980-4d20-b3ba-d97c117b17a2-NettyServerStreamRpc-bossGroup--thread1] INFO  logging.LoggingHandler (AbstractInternalLogger.java:log(148)) - [id: 0x33caabae, L:/0.0.0.0:15052] ACTIVE
2025-07-05 15:54:11,809 [main] WARN  statemachine.DatanodeConfiguration (DatanodeConfiguration.java:validateMinFreeSpace(751)) - hdds.datanode.volume.min.free.space.percent = -1.0 is invalid, should be between 0 and 1
2025-07-05 15:54:11,810 [main] INFO  server.XceiverServerGrpc (XceiverServerGrpc.java:<init>(130)) - GrpcServer channel type EpollServerSocketChannel
2025-07-05 15:54:11,826 [main] WARN  statemachine.DatanodeConfiguration (DatanodeConfiguration.java:validateMinFreeSpace(751)) - hdds.datanode.volume.min.free.space.percent = -1.0 is invalid, should be between 0 and 1
2025-07-05 15:54:11,840 [main] INFO  replication.ReplicationSupervisor (ReplicationSupervisor.java:build(169)) - Initializing replication supervisor with thread count = 10
2025-07-05 15:54:11,841 [main] INFO  replication.ReplicationSupervisor (ReplicationSupervisor.java:nodeStateUpdated(358)) - Node state updated to IN_SERVICE, scaling executor pool size to 10
2025-07-05 15:54:11,847 [main] INFO  client.DNCertificateClient (DefaultCertificateClient.java:getAllCaCerts(979)) - dn has 2 CA certificates
2025-07-05 15:54:11,848 [main] INFO  client.DNCertificateClient (DefaultCertificateClient.java:getAllRootCaCerts(971)) - dn has 1 Root CA certificates
2025-07-05 15:54:11,870 [main] INFO  lib.Interns (Interns.java:removeEldestEntry(50)) - Metrics intern cache overflow at 2011 for MetricsSystem={MetricsSystem=MetricsInfoImpl{name=MetricsSystem, description=MetricsSystem}, MetricsSystem record=MetricsInfoImpl{name=MetricsSystem, description=MetricsSystem record}}
2025-07-05 15:54:11,876 [main] INFO  client.DNCertificateClient (DefaultCertificateClient.java:getAllCaCerts(979)) - dn has 2 CA certificates
2025-07-05 15:54:11,876 [main] INFO  client.DNCertificateClient (DefaultCertificateClient.java:getAllRootCaCerts(971)) - dn has 1 Root CA certificates
2025-07-05 15:54:11,877 [main] WARN  statemachine.DatanodeConfiguration (DatanodeConfiguration.java:validateMinFreeSpace(751)) - hdds.datanode.volume.min.free.space.percent = -1.0 is invalid, should be between 0 and 1
2025-07-05 15:54:11,901 [main] INFO  http.BaseHttpServer (BaseHttpServer.java:newHttpServer2BuilderForOzone(229)) - Starting Web-server for hddsDatanode at: http://0.0.0.0:15046
2025-07-05 15:54:11,902 [main] INFO  http.BaseHttpServer (BaseHttpServer.java:<init>(107)) - Hadoop Security Enabled: true Ozone Security Enabled: true Ozone HTTP Security Enabled: false 
2025-07-05 15:54:11,904 [main] WARN  server.AuthenticationFilter (AuthenticationFilter.java:constructSecretProvider(240)) - Unable to initialize FileSignerSecretProvider, falling back to use random secrets. Reason: Could not read signature secret file: /home/runner/hadoop-http-auth-signature-secret
2025-07-05 15:54:11,907 [main] INFO  http.HttpServer2 (HttpServer2.java:addGlobalFilter(1042)) - Added global filter 'safety' (class=org.apache.hadoop.hdds.server.http.HttpServer2$QuotingInputFilter)
2025-07-05 15:54:11,908 [main] INFO  http.HttpServer2 (HttpServer2.java:addFilter(1018)) - Added filter static_user_filter (class=org.apache.hadoop.http.lib.StaticUserWebFilter$StaticUserFilter) to context hddsDatanode
2025-07-05 15:54:11,908 [main] INFO  http.HttpServer2 (HttpServer2.java:addFilter(1026)) - Added filter static_user_filter (class=org.apache.hadoop.http.lib.StaticUserWebFilter$StaticUserFilter) to context logs
2025-07-05 15:54:11,908 [main] INFO  http.HttpServer2 (HttpServer2.java:addFilter(1026)) - Added filter static_user_filter (class=org.apache.hadoop.http.lib.StaticUserWebFilter$StaticUserFilter) to context static
2025-07-05 15:54:11,909 [main] INFO  http.BaseHttpServer (BaseHttpServer.java:<init>(195)) - HTTP server of hddsDatanode uses base directory /home/runner/work/ozone/ozone/hadoop-ozone/integration-test/target/test-dir/MiniOzoneClusterImpl-ea17cf83-5a24-424f-8e3a-0ef9e94bb6a3/ozone-meta/datanode-1/meta/webserver
2025-07-05 15:54:11,910 [main] INFO  http.HttpServer2 (HttpServer2.java:bindListener(1242)) - Jetty bound to port 15046
2025-07-05 15:54:11,910 [main] INFO  server.Server (Server.java:doStart(375)) - jetty-9.4.57.v20241219; built: 2025-01-08T21:24:30.412Z; git: df524e6b29271c2e09ba9aea83c18dc9db464a31; jvm 21.0.7+6-LTS
2025-07-05 15:54:11,914 [main] INFO  server.session (DefaultSessionIdManager.java:doStart(334)) - DefaultSessionIdManager workerName=node0
2025-07-05 15:54:11,914 [main] INFO  server.session (DefaultSessionIdManager.java:doStart(339)) - No SessionScavenger set, using defaults
2025-07-05 15:54:11,914 [main] INFO  server.session (HouseKeeper.java:startScavenging(132)) - node0 Scavenging every 660000ms
2025-07-05 15:54:11,917 [main] INFO  handler.ContextHandler (ContextHandler.java:doStart(921)) - Started o.e.j.s.ServletContextHandler@bf0b496{logs,/logs,file:///home/runner/work/ozone/ozone/hadoop-ozone/integration-test/target/log,AVAILABLE}
2025-07-05 15:54:11,917 [main] INFO  handler.ContextHandler (ContextHandler.java:doStart(921)) - Started o.e.j.s.ServletContextHandler@4008caaf{static,/static,jar:file:/home/runner/work/ozone/ozone/hadoop-hdds/container-service/target/hdds-container-service-2.1.0-SNAPSHOT.jar!/webapps/static,AVAILABLE}
2025-07-05 15:54:12,128 [main] INFO  handler.ContextHandler (ContextHandler.java:doStart(921)) - Started o.e.j.w.WebAppContext@413b0b08{hddsDatanode,/,file:///home/runner/work/ozone/ozone/hadoop-ozone/integration-test/target/test-dir/MiniOzoneClusterImpl-ea17cf83-5a24-424f-8e3a-0ef9e94bb6a3/ozone-meta/datanode-1/meta/webserver/jetty-0_0_0_0-15046-hdds-container-service-2_1_0-SNAPSHOT_jar-_-any-17935030913977394515/webapp/,AVAILABLE}{jar:file:/home/runner/work/ozone/ozone/hadoop-hdds/container-service/target/hdds-container-service-2.1.0-SNAPSHOT.jar!/webapps/hddsDatanode}
2025-07-05 15:54:12,129 [main] INFO  server.AbstractConnector (AbstractConnector.java:doStart(333)) - Started ServerConnector@fdc3b84{HTTP/1.1, (http/1.1)}{0.0.0.0:15046}
2025-07-05 15:54:12,129 [main] INFO  server.Server (Server.java:doStart(415)) - Started @34280ms
2025-07-05 15:54:12,129 [main] WARN  impl.MetricsSystemImpl (MetricsSystemImpl.java:register(279)) - Sink prometheus already exists!
2025-07-05 15:54:12,129 [main] INFO  http.BaseHttpServer (BaseHttpServer.java:updateConnectorAddress(359)) - HTTP server of hddsDatanode listening at http://localhost:15046
2025-07-05 15:54:12,132 [main] INFO  ipc.CallQueueManager (CallQueueManager.java:<init>(93)) - Using callQueue: class java.util.concurrent.LinkedBlockingQueue, queueCapacity: 1000, scheduler: class org.apache.hadoop.ipc.DefaultRpcScheduler, ipcBackoff: false, ipcFailOver: false.
2025-07-05 15:54:12,133 [main] INFO  ipc.Server (Server.java:<init>(1438)) - Listener at 0.0.0.0:15047
2025-07-05 15:54:12,133 [Socket Reader #1 for port 15047] INFO  ipc.Server (Server.java:run(1474)) - Starting Socket Reader #1 for port 15047
2025-07-05 15:54:12,134 [Socket Reader #2 for port 15047] INFO  ipc.Server (Server.java:run(1474)) - Starting Socket Reader #2 for port 15047
2025-07-05 15:54:12,134 [Socket Reader #4 for port 15047] INFO  ipc.Server (Server.java:run(1474)) - Starting Socket Reader #4 for port 15047
2025-07-05 15:54:12,134 [Socket Reader #3 for port 15047] INFO  ipc.Server (Server.java:run(1474)) - Starting Socket Reader #3 for port 15047
2025-07-05 15:54:12,134 [Socket Reader #5 for port 15047] INFO  ipc.Server (Server.java:run(1474)) - Starting Socket Reader #5 for port 15047
2025-07-05 15:54:12,135 [Socket Reader #6 for port 15047] INFO  ipc.Server (Server.java:run(1474)) - Starting Socket Reader #6 for port 15047
2025-07-05 15:54:12,135 [Socket Reader #7 for port 15047] INFO  ipc.Server (Server.java:run(1474)) - Starting Socket Reader #7 for port 15047
2025-07-05 15:54:12,136 [Socket Reader #8 for port 15047] INFO  ipc.Server (Server.java:run(1474)) - Starting Socket Reader #8 for port 15047
2025-07-05 15:54:12,136 [Socket Reader #9 for port 15047] INFO  ipc.Server (Server.java:run(1474)) - Starting Socket Reader #9 for port 15047
2025-07-05 15:54:12,136 [Socket Reader #10 for port 15047] INFO  ipc.Server (Server.java:run(1474)) - Starting Socket Reader #10 for port 15047
2025-07-05 15:54:12,139 [main] INFO  ozone.HddsDatanodeService (HddsDatanodeService.java:start(333)) - Datanode start with admins: [runner, scm]
2025-07-05 15:54:12,139 [main] INFO  ozone.HddsDatanodeClientProtocolServer (HddsDatanodeClientProtocolServer.java:start(76)) - RPC server for Client /0.0.0.0:15047
2025-07-05 15:54:12,140 [IPC Server Responder] INFO  ipc.Server (Server.java:run(1713)) - IPC Server Responder: starting
2025-07-05 15:54:12,140 [IPC Server listener on 15047] INFO  ipc.Server (Server.java:run(1553)) - IPC Server listener on 15047: starting
2025-07-05 15:54:12,142 [main] WARN  dropwizard3.Dm3MetricRegistriesImpl (Dm3MetricRegistriesImpl.java:addReporterRegistration(114)) - New reporters are added after registries were created. Some metrics will be missing from the reporter. Please add reporter before adding any new registry.
2025-07-05 15:54:12,143 [main] WARN  dropwizard3.Dm3MetricRegistriesImpl (Dm3MetricRegistriesImpl.java:addReporterRegistration(114)) - New reporters are added after registries were created. Some metrics will be missing from the reporter. Please add reporter before adding any new registry.
2025-07-05 15:54:12,143 [main] INFO  impl.MetricsSystemImpl (MetricsSystemImpl.java:init(158)) - HddsDatanode metrics system started (again)
2025-07-05 15:54:12,148 [0584da7b-3980-4d20-b3ba-d97c117b17a2-DatanodeStateMachineDaemonThread] INFO  statemachine.DatanodeStateMachine (DatanodeStateMachine.java:startStateMachineThread(347)) - Ozone container server started.
2025-07-05 15:54:12,150 [0584da7b-3980-4d20-b3ba-d97c117b17a2-DatanodeStateMachineTaskThread-0] INFO  ha.SCMNodeInfo (SCMNodeInfo.java:getPort(197)) - ConfigKey ozone.scm.client.address is deprecated, For configuring different ports for each SCM use PortConfigKey ozone.scm.client.port appended with serviceId and nodeId
2025-07-05 15:54:12,150 [0584da7b-3980-4d20-b3ba-d97c117b17a2-DatanodeStateMachineTaskThread-0] INFO  ha.SCMNodeInfo (SCMNodeInfo.java:getPort(197)) - ConfigKey ozone.scm.block.client.address is deprecated, For configuring different ports for each SCM use PortConfigKey ozone.scm.block.client.port appended with serviceId and nodeId
2025-07-05 15:54:12,150 [0584da7b-3980-4d20-b3ba-d97c117b17a2-DatanodeStateMachineTaskThread-0] INFO  ha.SCMNodeInfo (SCMNodeInfo.java:getPort(197)) - ConfigKey ozone.scm.security.service.address is deprecated, For configuring different ports for each SCM use PortConfigKey ozone.scm.security.service.port appended with serviceId and nodeId
2025-07-05 15:54:12,150 [0584da7b-3980-4d20-b3ba-d97c117b17a2-DatanodeStateMachineTaskThread-0] INFO  ha.SCMNodeInfo (SCMNodeInfo.java:getPort(197)) - ConfigKey ozone.scm.datanode.address is deprecated, For configuring different ports for each SCM use PortConfigKey ozone.scm.datanode.port appended with serviceId and nodeId
2025-07-05 15:54:12,150 [0584da7b-3980-4d20-b3ba-d97c117b17a2-DatanodeStateMachineTaskThread-0] INFO  ha.SCMNodeInfo (SCMNodeInfo.java:getPort(197)) - ConfigKey ozone.scm.client.address is deprecated, For configuring different ports for each SCM use PortConfigKey ozone.scm.client.port appended with serviceId and nodeId
2025-07-05 15:54:12,150 [0584da7b-3980-4d20-b3ba-d97c117b17a2-DatanodeStateMachineTaskThread-0] INFO  ha.SCMNodeInfo (SCMNodeInfo.java:getPort(197)) - ConfigKey ozone.scm.block.client.address is deprecated, For configuring different ports for each SCM use PortConfigKey ozone.scm.block.client.port appended with serviceId and nodeId
2025-07-05 15:54:12,150 [0584da7b-3980-4d20-b3ba-d97c117b17a2-DatanodeStateMachineTaskThread-0] INFO  ha.SCMNodeInfo (SCMNodeInfo.java:getPort(197)) - ConfigKey ozone.scm.security.service.address is deprecated, For configuring different ports for each SCM use PortConfigKey ozone.scm.security.service.port appended with serviceId and nodeId
2025-07-05 15:54:12,150 [0584da7b-3980-4d20-b3ba-d97c117b17a2-DatanodeStateMachineTaskThread-0] INFO  ha.SCMNodeInfo (SCMNodeInfo.java:getPort(197)) - ConfigKey ozone.scm.datanode.address is deprecated, For configuring different ports for each SCM use PortConfigKey ozone.scm.datanode.port appended with serviceId and nodeId
2025-07-05 15:54:12,150 [0584da7b-3980-4d20-b3ba-d97c117b17a2-DatanodeStateMachineTaskThread-0] INFO  ha.SCMNodeInfo (SCMNodeInfo.java:getPort(197)) - ConfigKey ozone.scm.client.address is deprecated, For configuring different ports for each SCM use PortConfigKey ozone.scm.client.port appended with serviceId and nodeId
2025-07-05 15:54:12,150 [0584da7b-3980-4d20-b3ba-d97c117b17a2-DatanodeStateMachineTaskThread-0] INFO  ha.SCMNodeInfo (SCMNodeInfo.java:getPort(197)) - ConfigKey ozone.scm.block.client.address is deprecated, For configuring different ports for each SCM use PortConfigKey ozone.scm.block.client.port appended with serviceId and nodeId
2025-07-05 15:54:12,150 [0584da7b-3980-4d20-b3ba-d97c117b17a2-DatanodeStateMachineTaskThread-0] INFO  ha.SCMNodeInfo (SCMNodeInfo.java:getPort(197)) - ConfigKey ozone.scm.security.service.address is deprecated, For configuring different ports for each SCM use PortConfigKey ozone.scm.security.service.port appended with serviceId and nodeId
2025-07-05 15:54:12,150 [0584da7b-3980-4d20-b3ba-d97c117b17a2-DatanodeStateMachineTaskThread-0] INFO  ha.SCMNodeInfo (SCMNodeInfo.java:getPort(197)) - ConfigKey ozone.scm.datanode.address is deprecated, For configuring different ports for each SCM use PortConfigKey ozone.scm.datanode.port appended with serviceId and nodeId
2025-07-05 15:54:12,164 [0584da7b-3980-4d20-b3ba-d97c117b17a2-DatanodeStateMachineTaskThread-0] INFO  datanode.InitDatanodeState (InitDatanodeState.java:persistContainerDatanodeDetails(139)) - DatanodeDetails is persisted to /home/runner/work/ozone/ozone/hadoop-ozone/integration-test/target/test-dir/MiniOzoneClusterImpl-ea17cf83-5a24-424f-8e3a-0ef9e94bb6a3/ozone-meta/datanode-1/meta/datanode.id
2025-07-05 15:54:12,170 [main] INFO  protocol.DatanodeDetails (DatanodeDetails.java:validateDatanodeIpAddress(199)) - Updating IP address of datanode b30b3ffb-bc08-4f2c-b590-0aeed9816472(localhost/null) to 127.0.0.1
2025-07-05 15:54:12,171 [main] INFO  ozone.HddsDatanodeService (HddsDatanodeService.java:start(236)) - HddsDatanodeService b30b3ffb-bc08-4f2c-b590-0aeed9816472(localhost/127.0.0.1)
2025-07-05 15:54:12,171 [main] INFO  ozone.HddsDatanodeService (HddsDatanodeService.java:start(244)) - Ozone security is enabled. Attempting login for Hdds Datanode user. Principal: scm/localhost@EXAMPLE.COM,keytab: /tmp/junit-2184590309689548046/scm.keytab
2025-07-05 15:54:12,173 [pool-2-thread-2] INFO  request.KdcRequest (KdcRequest.java:preauth(683)) - The preauth data is empty.
2025-07-05 15:54:12,173 [pool-2-thread-2] INFO  server.KdcHandler (KdcHandler.java:handleRecoverableException(177)) - KRB error occurred while processing request: Additional pre-authentication required
2025-07-05 15:54:12,176 [pool-2-thread-2] INFO  request.AsRequest (AsRequest.java:issueTicket(112)) - AS_REQ ISSUE: authtime 1751730852176,scm/localhost@EXAMPLE.COM for krbtgt/EXAMPLE.COM@EXAMPLE.COM
2025-07-05 15:54:12,177 [main] INFO  security.UserGroupInformation (UserGroupInformation.java:loginUserFromKeytab(1143)) - Login successful for user scm/localhost@EXAMPLE.COM using keytab file scm.keytab. Keytab auto renewal enabled : false
2025-07-05 15:54:12,177 [main] INFO  ozone.HddsDatanodeService (HddsDatanodeService.java:start(262)) - Hdds Datanode login successful.
2025-07-05 15:54:12,179 [main] INFO  ozone.HddsDatanodeService (HddsDatanodeService.java:initializeCertificateClient(394)) - Initializing secure Datanode.
2025-07-05 15:54:12,181 [main] INFO  ha.SCMNodeInfo (SCMNodeInfo.java:getPort(197)) - ConfigKey ozone.scm.client.address is deprecated, For configuring different ports for each SCM use PortConfigKey ozone.scm.client.port appended with serviceId and nodeId
2025-07-05 15:54:12,181 [main] INFO  ha.SCMNodeInfo (SCMNodeInfo.java:getPort(197)) - ConfigKey ozone.scm.block.client.address is deprecated, For configuring different ports for each SCM use PortConfigKey ozone.scm.block.client.port appended with serviceId and nodeId
2025-07-05 15:54:12,181 [main] INFO  ha.SCMNodeInfo (SCMNodeInfo.java:getPort(197)) - ConfigKey ozone.scm.security.service.address is deprecated, For configuring different ports for each SCM use PortConfigKey ozone.scm.security.service.port appended with serviceId and nodeId
2025-07-05 15:54:12,181 [main] INFO  ha.SCMNodeInfo (SCMNodeInfo.java:getPort(197)) - ConfigKey ozone.scm.datanode.address is deprecated, For configuring different ports for each SCM use PortConfigKey ozone.scm.datanode.port appended with serviceId and nodeId
2025-07-05 15:54:12,181 [main] INFO  ha.SCMNodeInfo (SCMNodeInfo.java:getPort(197)) - ConfigKey ozone.scm.client.address is deprecated, For configuring different ports for each SCM use PortConfigKey ozone.scm.client.port appended with serviceId and nodeId
2025-07-05 15:54:12,181 [main] INFO  ha.SCMNodeInfo (SCMNodeInfo.java:getPort(197)) - ConfigKey ozone.scm.block.client.address is deprecated, For configuring different ports for each SCM use PortConfigKey ozone.scm.block.client.port appended with serviceId and nodeId
2025-07-05 15:54:12,181 [main] INFO  ha.SCMNodeInfo (SCMNodeInfo.java:getPort(197)) - ConfigKey ozone.scm.security.service.address is deprecated, For configuring different ports for each SCM use PortConfigKey ozone.scm.security.service.port appended with serviceId and nodeId
2025-07-05 15:54:12,181 [main] INFO  ha.SCMNodeInfo (SCMNodeInfo.java:getPort(197)) - ConfigKey ozone.scm.datanode.address is deprecated, For configuring different ports for each SCM use PortConfigKey ozone.scm.datanode.port appended with serviceId and nodeId
2025-07-05 15:54:12,182 [main] INFO  ha.SCMNodeInfo (SCMNodeInfo.java:getPort(197)) - ConfigKey ozone.scm.client.address is deprecated, For configuring different ports for each SCM use PortConfigKey ozone.scm.client.port appended with serviceId and nodeId
2025-07-05 15:54:12,182 [main] INFO  ha.SCMNodeInfo (SCMNodeInfo.java:getPort(197)) - ConfigKey ozone.scm.block.client.address is deprecated, For configuring different ports for each SCM use PortConfigKey ozone.scm.block.client.port appended with serviceId and nodeId
2025-07-05 15:54:12,182 [main] INFO  ha.SCMNodeInfo (SCMNodeInfo.java:getPort(197)) - ConfigKey ozone.scm.security.service.address is deprecated, For configuring different ports for each SCM use PortConfigKey ozone.scm.security.service.port appended with serviceId and nodeId
2025-07-05 15:54:12,182 [main] INFO  ha.SCMNodeInfo (SCMNodeInfo.java:getPort(197)) - ConfigKey ozone.scm.datanode.address is deprecated, For configuring different ports for each SCM use PortConfigKey ozone.scm.datanode.port appended with serviceId and nodeId
2025-07-05 15:54:12,183 [main] INFO  proxy.SCMSecurityProtocolFailoverProxyProvider (SCMFailoverProxyProviderBase.java:<init>(120)) - Created fail-over proxy for protocol SCMSecurityProtocolPB with 3 nodes: [nodeId=scmNode-2,nodeAddress=/127.0.0.1:15010, nodeId=scmNode-3,nodeAddress=/127.0.0.1:15018, nodeId=scmNode-1,nodeAddress=/127.0.0.1:15002]
2025-07-05 15:54:12,183 [main] INFO  client.DNCertificateClient (DefaultCertificateClient.java:updateCertSerialId(1289)) - Certificate serial ID set to null
2025-07-05 15:54:12,183 [main] ERROR client.DNCertificateClient (DefaultCertificateClient.java:getCertPath(373)) - Default certificate serial id is not set. Can't locate the default certificate for this client.
2025-07-05 15:54:12,183 [main] INFO  client.DNCertificateClient (DefaultCertificateClient.java:init(717)) - Certificate client init case: 0
2025-07-05 15:54:12,183 [main] INFO  client.DNCertificateClient (DefaultCertificateClient.java:handleCase(735)) - Creating keypair for client as keypair and certificate not found.
2025-07-05 15:54:12,232 [om1@group-C5BA1605619E-FollowerState] INFO  impl.FollowerState (FollowerState.java:runImpl(161)) - om1@group-C5BA1605619E-FollowerState: change to CANDIDATE, lastRpcElapsedTime:1039833280ns, electionTimeout:1038ms
2025-07-05 15:54:12,232 [om1@group-C5BA1605619E-FollowerState] INFO  impl.RoleInfo (RoleInfo.java:shutdownFollowerState(121)) - om1: shutdown om1@group-C5BA1605619E-FollowerState
2025-07-05 15:54:12,233 [om1@group-C5BA1605619E-FollowerState] INFO  server.RaftServer$Division (RaftServerImpl.java:setRole(392)) - om1@group-C5BA1605619E: changes role from  FOLLOWER to CANDIDATE at term 0 for changeToCandidate
2025-07-05 15:54:12,235 [om1@group-C5BA1605619E-FollowerState] INFO  impl.RoleInfo (RoleInfo.java:updateAndGet(148)) - om1: start om1@group-C5BA1605619E-LeaderElection3
2025-07-05 15:54:12,235 [om1@group-C5BA1605619E-LeaderElection3] INFO  impl.LeaderElection (LeaderElection.java:askForVotes(448)) - om1@group-C5BA1605619E-LeaderElection3 PRE_VOTE round 0: submit vote requests at term 0 for conf: {index: -1, cur=peers:[om1|localhost:15045]|listeners:[], old=null}
2025-07-05 15:54:12,236 [om1@group-C5BA1605619E-LeaderElection3] INFO  impl.LeaderElection (LeaderElection.java:askForVotes(450)) - om1@group-C5BA1605619E-LeaderElection3 PRE_VOTE round 0: result PASSED (term=0)
2025-07-05 15:54:12,237 [om1@group-C5BA1605619E-LeaderElection3] INFO  impl.LeaderElection (LeaderElection.java:askForVotes(448)) - om1@group-C5BA1605619E-LeaderElection3 ELECTION round 0: submit vote requests at term 1 for conf: {index: -1, cur=peers:[om1|localhost:15045]|listeners:[], old=null}
2025-07-05 15:54:12,237 [om1@group-C5BA1605619E-LeaderElection3] INFO  impl.LeaderElection (LeaderElection.java:askForVotes(450)) - om1@group-C5BA1605619E-LeaderElection3 ELECTION round 0: result PASSED (term=1)
2025-07-05 15:54:12,237 [om1@group-C5BA1605619E-LeaderElection3] INFO  impl.RoleInfo (RoleInfo.java:shutdownLeaderElection(141)) - om1: shutdown om1@group-C5BA1605619E-LeaderElection3
2025-07-05 15:54:12,238 [om1@group-C5BA1605619E-LeaderElection3] INFO  server.RaftServer$Division (RaftServerImpl.java:setRole(392)) - om1@group-C5BA1605619E: changes role from CANDIDATE to LEADER at term 1 for changeToLeader
2025-07-05 15:54:12,238 [om1@group-C5BA1605619E-LeaderElection3] INFO  server.RaftServerConfigKeys (ConfUtils.java:logFallback(69)) - raft.server.staging.timeout = 3600ms (fallback to raft.server.rpc.timeout.max)
2025-07-05 15:54:12,239 [om1@group-C5BA1605619E-LeaderElection3] INFO  impl.RoleInfo (RoleInfo.java:updateAndGet(148)) - om1: start om1@group-C5BA1605619E-LeaderStateImpl
2025-07-05 15:54:12,239 [om1@group-C5BA1605619E-LeaderElection3] INFO  server.RaftServer$Division (RaftServerImpl.java:setFirstElection(576)) - om1@group-C5BA1605619E: set firstElectionSinceStartup to false for becomeLeader
2025-07-05 15:54:12,241 [om1@group-C5BA1605619E-LeaderElection3] INFO  ratis.OzoneManagerStateMachine (OzoneManagerStateMachine.java:notifyLeaderChanged(174)) - om1@group-C5BA1605619E: leader changed to om1
2025-07-05 15:54:12,241 [om1@group-C5BA1605619E-LeaderElection3] INFO  server.RaftServer$Division (ServerState.java:setLeader(272)) - om1@group-C5BA1605619E: change Leader from null to om1 at term 1 for becomeLeader, leader elected after 2010ms
2025-07-05 15:54:12,241 [om1@group-C5BA1605619E-LeaderElection3] INFO  segmented.SegmentedRaftLogWorker (SegmentedRaftLogWorker.java:startLogSegment(440)) - om1@group-C5BA1605619E-SegmentedRaftLogWorker: Starting segment from index:0
2025-07-05 15:54:12,241 [om1@group-C5BA1605619E-LeaderElection3] INFO  server.RaftServer$Division (ServerState.java:setRaftConf(386)) - om1@group-C5BA1605619E: set configuration conf: {index: 0, cur=peers:[om1|localhost:15045]|listeners:[], old=null}
2025-07-05 15:54:12,242 [om1@group-C5BA1605619E-SegmentedRaftLogWorker] INFO  segmented.BufferedWriteChannel (BufferedWriteChannel.java:open(61)) - open log_inprogress_0 at position 0
2025-07-05 15:54:12,254 [om1@group-C5BA1605619E-SegmentedRaftLogWorker] INFO  segmented.SegmentedRaftLogWorker (SegmentedRaftLogWorker.java:execute(647)) - om1@group-C5BA1605619E-SegmentedRaftLogWorker: created new log segment /home/runner/work/ozone/ozone/hadoop-ozone/integration-test/target/test-dir/MiniOzoneClusterImpl-ea17cf83-5a24-424f-8e3a-0ef9e94bb6a3/ozone-meta/ratis/bf265839-605b-3f16-9796-c5ba1605619e/current/log_inprogress_0
2025-07-05 15:54:12,256 [om1@group-C5BA1605619E-StateMachineUpdater] INFO  ratis.OzoneManagerStateMachine (OzoneManagerStateMachine.java:notifyConfigurationChanged(236)) - notifyConfigurationChanged from Ratis: term=1, index=0, New Peer list: om1(localhost:15045)
2025-07-05 15:54:12,256 [om1@group-C5BA1605619E-StateMachineUpdater] INFO  server.RaftServer$Division (LeaderStateImpl.java:checkStartIndex(309)) - Leader om1@group-C5BA1605619E-LeaderStateImpl is ready since appliedIndex == startIndex == 0
2025-07-05 15:54:12,461 [main] INFO  keys.KeyStorage (KeyStorage.java:storePublicKey(210)) - Storing public key to /home/runner/work/ozone/ozone/hadoop-ozone/integration-test/target/test-dir/MiniOzoneClusterImpl-ea17cf83-5a24-424f-8e3a-0ef9e94bb6a3/ozone-meta/datanode-2/meta/dn/keys/public.pem.
2025-07-05 15:54:12,462 [main] INFO  keys.KeyStorage (KeyStorage.java:storePrivateKey(194)) - Storing private key to /home/runner/work/ozone/ozone/hadoop-ozone/integration-test/target/test-dir/MiniOzoneClusterImpl-ea17cf83-5a24-424f-8e3a-0ef9e94bb6a3/ozone-meta/datanode-2/meta/dn/keys/private.pem.
2025-07-05 15:54:12,462 [main] INFO  client.DNCertificateClient (DefaultCertificateClient.java:recoverStateIfNeeded(796)) - Init response: GETCERT
2025-07-05 15:54:12,462 [main] INFO  ozone.OzoneSecurityUtil (OzoneSecurityUtil.java:getValidInetsForCurrentHost(116)) - ip:fe80:0:0:0:6245:bdff:fe4b:d8f9%eth0 not returned.
2025-07-05 15:54:12,463 [main] INFO  ozone.OzoneSecurityUtil (OzoneSecurityUtil.java:getValidInetsForCurrentHost(113)) - Adding ip:10.1.0.89,host:fv-az1280-891.5ine1el5mbmedjxkdw5calxeef.ex.internal.cloudapp.net
2025-07-05 15:54:12,463 [main] INFO  ozone.OzoneSecurityUtil (OzoneSecurityUtil.java:getValidInetsForCurrentHost(116)) - ip:0:0:0:0:0:0:0:1%lo not returned.
2025-07-05 15:54:12,463 [main] INFO  ozone.OzoneSecurityUtil (OzoneSecurityUtil.java:getValidInetsForCurrentHost(116)) - ip:127.0.0.1 not returned.
2025-07-05 15:54:12,463 [main] INFO  client.DNCertificateClient (DNCertificateClient.java:configureCSRBuilder(82)) - Created csr for DN-> subject:scm@localhost
2025-07-05 15:54:12,470 [pool-2-thread-2] INFO  request.TgsRequest (TgsRequest.java:issueTicket(117)) - TGS_REQ ISSUE: authtime 1751730852470,scm/localhost@EXAMPLE.COM for scm/localhost@EXAMPLE.COM
2025-07-05 15:54:12,474 [Socket Reader #1 for port 15002] INFO  ipc.Server (Server.java:saslProcess(2290)) - Auth successful for scm/localhost@EXAMPLE.COM (auth:KERBEROS) from 127.0.0.1:41557
2025-07-05 15:54:12,476 [IPC Server handler 1 on default port 15002] INFO  server.SCMSecurityProtocolServer (SCMSecurityProtocolServer.java:getDataNodeCertificate(183)) - Processing CSR for dn localhost, UUID: b30b3ffb-bc08-4f2c-b590-0aeed9816472
2025-07-05 15:54:12,481 [e9f0a7df-dfca-4eba-a7d3-db47f637b57c@group-0EF9E94BB6A3-StateMachineUpdater] INFO  safemode.SCMSafeModeManager (SCMSafeModeManager.java:validateSafeModeExitRules(138)) - RatisContainerSafeModeRule rule is successfully validated
2025-07-05 15:54:12,482 [e9f0a7df-dfca-4eba-a7d3-db47f637b57c@group-0EF9E94BB6A3-StateMachineUpdater] INFO  safemode.HealthyPipelineSafeModeRule (HealthyPipelineSafeModeRule.java:initializeRule(228)) - Refreshed total pipeline count is 0, healthy pipeline threshold count is 1
2025-07-05 15:54:12,482 [e9f0a7df-dfca-4eba-a7d3-db47f637b57c@group-0EF9E94BB6A3-StateMachineUpdater] INFO  safemode.SCMSafeModeManager (SCMSafeModeManager.java:validateSafeModeExitRules(138)) - ECContainerSafeModeRule rule is successfully validated
2025-07-05 15:54:12,482 [e9f0a7df-dfca-4eba-a7d3-db47f637b57c@group-0EF9E94BB6A3-StateMachineUpdater] INFO  safemode.SCMSafeModeManager (SCMSafeModeManager.java:validateSafeModeExitRules(138)) - AtleastOneDatanodeReportedRule rule is successfully validated
2025-07-05 15:54:12,481 [2d344aaf-3adb-4590-a8db-0ff637af21a8@group-0EF9E94BB6A3-StateMachineUpdater] INFO  safemode.SCMSafeModeManager (SCMSafeModeManager.java:validateSafeModeExitRules(138)) - RatisContainerSafeModeRule rule is successfully validated
2025-07-05 15:54:12,483 [2d344aaf-3adb-4590-a8db-0ff637af21a8@group-0EF9E94BB6A3-StateMachineUpdater] INFO  safemode.HealthyPipelineSafeModeRule (HealthyPipelineSafeModeRule.java:initializeRule(228)) - Refreshed total pipeline count is 0, healthy pipeline threshold count is 1
2025-07-05 15:54:12,483 [2d344aaf-3adb-4590-a8db-0ff637af21a8@group-0EF9E94BB6A3-StateMachineUpdater] INFO  safemode.SCMSafeModeManager (SCMSafeModeManager.java:validateSafeModeExitRules(138)) - ECContainerSafeModeRule rule is successfully validated
2025-07-05 15:54:12,483 [2d344aaf-3adb-4590-a8db-0ff637af21a8@group-0EF9E94BB6A3-StateMachineUpdater] INFO  safemode.SCMSafeModeManager (SCMSafeModeManager.java:validateSafeModeExitRules(138)) - AtleastOneDatanodeReportedRule rule is successfully validated
2025-07-05 15:54:12,484 [d608cca7-8f6c-485f-afd6-2c7e3558bc9e@group-0EF9E94BB6A3-StateMachineUpdater] INFO  safemode.SCMSafeModeManager (SCMSafeModeManager.java:validateSafeModeExitRules(138)) - RatisContainerSafeModeRule rule is successfully validated
2025-07-05 15:54:12,484 [d608cca7-8f6c-485f-afd6-2c7e3558bc9e@group-0EF9E94BB6A3-StateMachineUpdater] INFO  safemode.HealthyPipelineSafeModeRule (HealthyPipelineSafeModeRule.java:initializeRule(228)) - Refreshed total pipeline count is 0, healthy pipeline threshold count is 1
2025-07-05 15:54:12,484 [d608cca7-8f6c-485f-afd6-2c7e3558bc9e@group-0EF9E94BB6A3-StateMachineUpdater] INFO  safemode.SCMSafeModeManager (SCMSafeModeManager.java:validateSafeModeExitRules(138)) - ECContainerSafeModeRule rule is successfully validated
2025-07-05 15:54:12,484 [d608cca7-8f6c-485f-afd6-2c7e3558bc9e@group-0EF9E94BB6A3-StateMachineUpdater] INFO  safemode.SCMSafeModeManager (SCMSafeModeManager.java:validateSafeModeExitRules(138)) - AtleastOneDatanodeReportedRule rule is successfully validated
2025-07-05 15:54:12,484 [IPC Server handler 1 on default port 15002] INFO  ha.SequenceIdGenerator (SequenceIdGenerator.java:getNextId(135)) - Allocate a batch for CertificateId, change lastId from 6 to 7.
2025-07-05 15:54:12,485 [IPC Server handler 1 on default port 15002] INFO  keys.KeyStorage (KeyStorage.java:readPrivateKey(158)) - Reading private key from /home/runner/work/ozone/ozone/hadoop-ozone/integration-test/target/test-dir/MiniOzoneClusterImpl-ea17cf83-5a24-424f-8e3a-0ef9e94bb6a3/scmNode-1/scm/sub-ca/keys/private.pem.
2025-07-05 15:54:12,488 [IPC Server handler 1 on default port 15002] INFO  authority.DefaultApprover (DefaultApprover.java:sign(171)) - Extensions in CSR: 2.5.29.15, 2.5.29.17
2025-07-05 15:54:12,488 [IPC Server handler 1 on default port 15002] INFO  authority.DefaultApprover (DefaultApprover.java:sign(175)) - Extensions to add to the certificate if they present in CSR: 2.5.29.15, 2.5.29.17, 2.5.29.35, 2.5.29.37, 2.5.29.19, 1.3.6.1.5.5.7.1.12
2025-07-05 15:54:12,503 [2d344aaf-3adb-4590-a8db-0ff637af21a8@group-0EF9E94BB6A3-StateMachineUpdater] INFO  safemode.SCMSafeModeManager (SCMSafeModeManager.java:validateSafeModeExitRules(138)) - RatisContainerSafeModeRule rule is successfully validated
2025-07-05 15:54:12,503 [2d344aaf-3adb-4590-a8db-0ff637af21a8@group-0EF9E94BB6A3-StateMachineUpdater] INFO  safemode.HealthyPipelineSafeModeRule (HealthyPipelineSafeModeRule.java:initializeRule(228)) - Refreshed total pipeline count is 0, healthy pipeline threshold count is 1
2025-07-05 15:54:12,503 [2d344aaf-3adb-4590-a8db-0ff637af21a8@group-0EF9E94BB6A3-StateMachineUpdater] INFO  safemode.SCMSafeModeManager (SCMSafeModeManager.java:validateSafeModeExitRules(138)) - ECContainerSafeModeRule rule is successfully validated
2025-07-05 15:54:12,503 [2d344aaf-3adb-4590-a8db-0ff637af21a8@group-0EF9E94BB6A3-StateMachineUpdater] INFO  safemode.SCMSafeModeManager (SCMSafeModeManager.java:validateSafeModeExitRules(138)) - AtleastOneDatanodeReportedRule rule is successfully validated
2025-07-05 15:54:12,505 [d608cca7-8f6c-485f-afd6-2c7e3558bc9e@group-0EF9E94BB6A3-StateMachineUpdater] INFO  safemode.SCMSafeModeManager (SCMSafeModeManager.java:validateSafeModeExitRules(138)) - RatisContainerSafeModeRule rule is successfully validated
2025-07-05 15:54:12,506 [d608cca7-8f6c-485f-afd6-2c7e3558bc9e@group-0EF9E94BB6A3-StateMachineUpdater] INFO  safemode.HealthyPipelineSafeModeRule (HealthyPipelineSafeModeRule.java:initializeRule(228)) - Refreshed total pipeline count is 0, healthy pipeline threshold count is 1
2025-07-05 15:54:12,506 [d608cca7-8f6c-485f-afd6-2c7e3558bc9e@group-0EF9E94BB6A3-StateMachineUpdater] INFO  safemode.SCMSafeModeManager (SCMSafeModeManager.java:validateSafeModeExitRules(138)) - ECContainerSafeModeRule rule is successfully validated
2025-07-05 15:54:12,506 [d608cca7-8f6c-485f-afd6-2c7e3558bc9e@group-0EF9E94BB6A3-StateMachineUpdater] INFO  safemode.SCMSafeModeManager (SCMSafeModeManager.java:validateSafeModeExitRules(138)) - AtleastOneDatanodeReportedRule rule is successfully validated
2025-07-05 15:54:12,507 [e9f0a7df-dfca-4eba-a7d3-db47f637b57c@group-0EF9E94BB6A3-StateMachineUpdater] INFO  safemode.SCMSafeModeManager (SCMSafeModeManager.java:validateSafeModeExitRules(138)) - RatisContainerSafeModeRule rule is successfully validated
2025-07-05 15:54:12,508 [e9f0a7df-dfca-4eba-a7d3-db47f637b57c@group-0EF9E94BB6A3-StateMachineUpdater] INFO  safemode.HealthyPipelineSafeModeRule (HealthyPipelineSafeModeRule.java:initializeRule(228)) - Refreshed total pipeline count is 0, healthy pipeline threshold count is 1
2025-07-05 15:54:12,508 [e9f0a7df-dfca-4eba-a7d3-db47f637b57c@group-0EF9E94BB6A3-StateMachineUpdater] INFO  safemode.SCMSafeModeManager (SCMSafeModeManager.java:validateSafeModeExitRules(138)) - ECContainerSafeModeRule rule is successfully validated
2025-07-05 15:54:12,508 [e9f0a7df-dfca-4eba-a7d3-db47f637b57c@group-0EF9E94BB6A3-StateMachineUpdater] INFO  safemode.SCMSafeModeManager (SCMSafeModeManager.java:validateSafeModeExitRules(138)) - AtleastOneDatanodeReportedRule rule is successfully validated
2025-07-05 15:54:12,517 [main] INFO  utils.CertificateCodec (CertificateCodec.java:writeCertificate(241)) - Save certificate to /home/runner/work/ozone/ozone/hadoop-ozone/integration-test/target/test-dir/MiniOzoneClusterImpl-ea17cf83-5a24-424f-8e3a-0ef9e94bb6a3/ozone-meta/datanode-2/meta/dn/certs/7.crt
2025-07-05 15:54:12,517 [main] INFO  utils.CertificateCodec (CertificateCodec.java:writeCertificate(242)) - Certificate -----BEGIN CERTIFICATE-----
MIID6zCCAtOgAwIBAgIBBzANBgkqhkiG9w0BAQsFADCBhjEaMBgGA1UEAwwRc2Nt
LXN1YkBsb2NhbGhvc3QxLTArBgNVBAsMJGQ2MDhjY2E3LThmNmMtNDg1Zi1hZmQ2
LTJjN2UzNTU4YmM5ZTEtMCsGA1UECgwkZWExN2NmODMtNWEyNC00MjRmLThlM2Et
MGVmOWU5NGJiNmEzMQowCAYDVQQFEwEyMB4XDTI1MDcwNTE1NTQxMloXDTI2MDcw
NTE1NTQxMlowgYIxFjAUBgNVBAMMDXNjbUBsb2NhbGhvc3QxLTArBgNVBAsMJGQ2
MDhjY2E3LThmNmMtNDg1Zi1hZmQ2LTJjN2UzNTU4YmM5ZTEtMCsGA1UECgwkZWEx
N2NmODMtNWEyNC00MjRmLThlM2EtMGVmOWU5NGJiNmEzMQowCAYDVQQFEwE3MIIB
IjANBgkqhkiG9w0BAQEFAAOCAQ8AMIIBCgKCAQEAvzuQiaPWq62i+mpGDh+ULtNV
lKikWNJ9QEJL8yNG1jUH3XTJv6ry+QaN7baWdyDc9FYs7QOP+09Et2awrytV3iXn
MaQC4YGp7Ji57qf+EOa9wyqZeXRzvZgaXNy6+yPckYabWElRxzm54TXKWiU5V90d
2G3G9ADcTgnZs1dVFbcunWTgTRNr1IWb67OaZP6eoiSNToYfI8vkdc2rN1+pvDTW
hVq6hrxFjBjlRSvcqq/uQ0cN4F/qJVxx1e3HhTQr3DFVZlTRL4Xa8G85xYgRC1mX
LCnJJ2PZP9TjgBA9rV9m4uU6beVaue8PnZ1w4FOnIsedOxbffCscbgUMHZj0XQID
AQABo2YwZDAOBgNVHQ8BAf8EBAMCA7gwUgYDVR0RBEswSYcECgEAWYJBZnYtYXox
MjgwLTg5MS41aW5lMWVsNW1ibWVkanhrZHc1Y2FseGVlZi5leC5pbnRlcm5hbC5j
bG91ZGFwcC5uZXQwDQYJKoZIhvcNAQELBQADggEBAHk6sW5AYVZJ4ahNA4bYKHXi
p9wXao4jom5GUUpCPCpCj13p1le/VgyhKW0q8cBoHZYbR0Td3J+PbhxWXBdBNkA1
JUtD2BCJlRZGG4bx6OFP7GZLsfseRZNrPRxaNjaqBRP6flxSQoNFuiGazrimyw2d
ORGKtmCC6pDlCJTySRsg0UpX4Mv6y9x2MkEal5r1U220RK8tYVZTjkkQEQOGNQTV
TcGBMwDWrauTOERWJN7jgFYovds2EWzdaAtB9TtlTCrm2YiaJqtcAJFnPXICin1t
cDdPNUsGvEeIHcT9IsLxJyAaXYPaBXIT/AEb7uoo/2wRdDkwnOnLtT0Gh0cWWSs=
-----END CERTIFICATE-----

-----BEGIN CERTIFICATE-----
MIID/DCCAuSgAwIBAgIBAjANBgkqhkiG9w0BAQsFADCBgjEWMBQGA1UEAwwNc2Nt
QGxvY2FsaG9zdDEtMCsGA1UECwwkZDYwOGNjYTctOGY2Yy00ODVmLWFmZDYtMmM3
ZTM1NThiYzllMS0wKwYDVQQKDCRlYTE3Y2Y4My01YTI0LTQyNGYtOGUzYS0wZWY5
ZTk0YmI2YTMxCjAIBgNVBAUTATEwHhcNMjUwNzA1MTU1MzQwWhcNMzAwODEzMTU1
MzQwWjCBhjEaMBgGA1UEAwwRc2NtLXN1YkBsb2NhbGhvc3QxLTArBgNVBAsMJGQ2
MDhjY2E3LThmNmMtNDg1Zi1hZmQ2LTJjN2UzNTU4YmM5ZTEtMCsGA1UECgwkZWEx
N2NmODMtNWEyNC00MjRmLThlM2EtMGVmOWU5NGJiNmEzMQowCAYDVQQFEwEyMIIB
IjANBgkqhkiG9w0BAQEFAAOCAQ8AMIIBCgKCAQEAuQscYUewG1m/uHgL49S/QTp6
LaaEIMS/4ZuVlYF651wyH+ZBviJuQbIt51YTqOgzvF7hqPMsZRiZXz6KJd2jwwQt
AJXRdr0tSt9nvfnsvC2MjI+Ne83vqLnAf6Zu/1mGpzSnV7pqwwXzOUYDKaK9eBem
NC9qKZroT4MbKhKkLYKiH6Iqb+D7YzVkUOyItGAPl7SZDZifOJDnCV3FiNhUzlaY
T1KuaJ9DHAZAIZADi0VFnPzTRVSqxynfz8jCFdRq3AftAhC5WnUvTIOPqfsFeg5B
fLSaW9Ko4X4NzEMZLizxVpnmX1575EC8E5Je8P5SFtaMZpdfKRUWRKfIfkMtPwID
AQABo3cwdTAOBgNVHQ8BAf8EBAMCAb4wUgYDVR0RBEswSYcECgEAWYJBZnYtYXox
MjgwLTg5MS41aW5lMWVsNW1ibWVkanhrZHc1Y2FseGVlZi5leC5pbnRlcm5hbC5j
bG91ZGFwcC5uZXQwDwYDVR0TAQH/BAUwAwEB/zANBgkqhkiG9w0BAQsFAAOCAQEA
PfktgZz/V0yyD6A6k8LAWaVFdZhwApkGq98nFqa3VzmnnlYTx07/YwLtvEwsA3cr
+2j3mZtbC6Vi9XCpBEPHPT42qEEbnbTEx81I52shWSXLGj6bx/10YXUwFcE3zQ7H
4SFgpL76o0g+KuMbHzSW4ukG6XdvcbE+pT5ehdieWdqbUz6WtetKE+uD66yyXE8e
KhSBp76hDSn1ZDVfgtXRbwd4j0Xd6KwTcZAbXRgTnPBChhH/fp+aN2SCqvCZDaum
/dRgF2rO2/HG8xGL2vtj0YN5pa+Jrm7jNT8WqMwMdRP+Fegmk7FPdqE6UjeB6Jno
FSokfgWrxvTBpFoalj9slw==
-----END CERTIFICATE-----

-----BEGIN CERTIFICATE-----
MIID+DCCAuCgAwIBAgIBATANBgkqhkiG9w0BAQsFADCBgjEWMBQGA1UEAwwNc2Nt
QGxvY2FsaG9zdDEtMCsGA1UECwwkZDYwOGNjYTctOGY2Yy00ODVmLWFmZDYtMmM3
ZTM1NThiYzllMS0wKwYDVQQKDCRlYTE3Y2Y4My01YTI0LTQyNGYtOGUzYS0wZWY5
ZTk0YmI2YTMxCjAIBgNVBAUTATEwHhcNMjUwNzA1MTU1MzQwWhcNMzAwODEzMTU1
MzQwWjCBgjEWMBQGA1UEAwwNc2NtQGxvY2FsaG9zdDEtMCsGA1UECwwkZDYwOGNj
YTctOGY2Yy00ODVmLWFmZDYtMmM3ZTM1NThiYzllMS0wKwYDVQQKDCRlYTE3Y2Y4
My01YTI0LTQyNGYtOGUzYS0wZWY5ZTk0YmI2YTMxCjAIBgNVBAUTATEwggEiMA0G
CSqGSIb3DQEBAQUAA4IBDwAwggEKAoIBAQDatei3N+kw7JbL1zCKuuMRj/z2bT0w
1oPD5H2JUwP4tHfe0laBCGJRS5NNdFLmWCA6mVEJ+wI5qOEGfekL9JHEkXiy2yjj
kF81uirr/+n87N5uQF7j3ATQZlSN5iIO05f4Mg8K8yWST32eQ571nT3qJCq6aTZJ
5xvsqB7CWjgEjj+fJYV053M+ma+ACYk078ACmt5g/DyxzsWDmBaTddoyYjXzmN4t
ydD7qwadpboi+C5MSbC0A119sAANeP9NOnwxdrfmPUdErFJVujzYxx1YoQwy19Jh
IWspc7N9Ef9hwDpFbe+ps1dxmiIRy9vt7brBhJOKIPu9YA+Lidn5lsw1AgMBAAGj
dzB1MA8GA1UdEwEB/wQFMAMBAf8wDgYDVR0PAQH/BAQDAgEGMFIGA1UdEQRLMEmH
BAoBAFmCQWZ2LWF6MTI4MC04OTEuNWluZTFlbDVtYm1lZGp4a2R3NWNhbHhlZWYu
ZXguaW50ZXJuYWwuY2xvdWRhcHAubmV0MA0GCSqGSIb3DQEBCwUAA4IBAQC/stst
JnbZIAbhSy8k51njgPW7WelXmNH819nGeQexvfR+pGFu41OHZ0O2DilgWAV/4CUN
0NjfZBJAlMAHRrHDZP0dnKKDtDGsRgakxLiqxsiBtAAlEMRd7+ruNMMScvnt0uz1
GBrnV2Bpz/URjA2RoCySEaKp0IxdT8XpQVoTrBxjUpKfsO1Ub5mx0dhwqHjS3Ff5
eVGQn4+EDjID2yh9Ijttx/+ZfJ5S3Jf2NAN9PvHeCAmvqT/yZ7CtuYtfqajyY2h6
5Y1ss7y/PzLp8h4LcnIInt1hLWj+rF9eg78OXZVp0B8gsqZqcRLI8hy+Jx136LEV
WMsNZW6+FhlwxqiJ
-----END CERTIFICATE-----

2025-07-05 15:54:12,519 [main] INFO  utils.CertificateCodec (CertificateCodec.java:writeCertificate(241)) - Save certificate to /home/runner/work/ozone/ozone/hadoop-ozone/integration-test/target/test-dir/MiniOzoneClusterImpl-ea17cf83-5a24-424f-8e3a-0ef9e94bb6a3/ozone-meta/datanode-2/meta/dn/certs/CA-2.crt
2025-07-05 15:54:12,519 [main] INFO  utils.CertificateCodec (CertificateCodec.java:writeCertificate(242)) - Certificate -----BEGIN CERTIFICATE-----
MIID/DCCAuSgAwIBAgIBAjANBgkqhkiG9w0BAQsFADCBgjEWMBQGA1UEAwwNc2Nt
QGxvY2FsaG9zdDEtMCsGA1UECwwkZDYwOGNjYTctOGY2Yy00ODVmLWFmZDYtMmM3
ZTM1NThiYzllMS0wKwYDVQQKDCRlYTE3Y2Y4My01YTI0LTQyNGYtOGUzYS0wZWY5
ZTk0YmI2YTMxCjAIBgNVBAUTATEwHhcNMjUwNzA1MTU1MzQwWhcNMzAwODEzMTU1
MzQwWjCBhjEaMBgGA1UEAwwRc2NtLXN1YkBsb2NhbGhvc3QxLTArBgNVBAsMJGQ2
MDhjY2E3LThmNmMtNDg1Zi1hZmQ2LTJjN2UzNTU4YmM5ZTEtMCsGA1UECgwkZWEx
N2NmODMtNWEyNC00MjRmLThlM2EtMGVmOWU5NGJiNmEzMQowCAYDVQQFEwEyMIIB
IjANBgkqhkiG9w0BAQEFAAOCAQ8AMIIBCgKCAQEAuQscYUewG1m/uHgL49S/QTp6
LaaEIMS/4ZuVlYF651wyH+ZBviJuQbIt51YTqOgzvF7hqPMsZRiZXz6KJd2jwwQt
AJXRdr0tSt9nvfnsvC2MjI+Ne83vqLnAf6Zu/1mGpzSnV7pqwwXzOUYDKaK9eBem
NC9qKZroT4MbKhKkLYKiH6Iqb+D7YzVkUOyItGAPl7SZDZifOJDnCV3FiNhUzlaY
T1KuaJ9DHAZAIZADi0VFnPzTRVSqxynfz8jCFdRq3AftAhC5WnUvTIOPqfsFeg5B
fLSaW9Ko4X4NzEMZLizxVpnmX1575EC8E5Je8P5SFtaMZpdfKRUWRKfIfkMtPwID
AQABo3cwdTAOBgNVHQ8BAf8EBAMCAb4wUgYDVR0RBEswSYcECgEAWYJBZnYtYXox
MjgwLTg5MS41aW5lMWVsNW1ibWVkanhrZHc1Y2FseGVlZi5leC5pbnRlcm5hbC5j
bG91ZGFwcC5uZXQwDwYDVR0TAQH/BAUwAwEB/zANBgkqhkiG9w0BAQsFAAOCAQEA
PfktgZz/V0yyD6A6k8LAWaVFdZhwApkGq98nFqa3VzmnnlYTx07/YwLtvEwsA3cr
+2j3mZtbC6Vi9XCpBEPHPT42qEEbnbTEx81I52shWSXLGj6bx/10YXUwFcE3zQ7H
4SFgpL76o0g+KuMbHzSW4ukG6XdvcbE+pT5ehdieWdqbUz6WtetKE+uD66yyXE8e
KhSBp76hDSn1ZDVfgtXRbwd4j0Xd6KwTcZAbXRgTnPBChhH/fp+aN2SCqvCZDaum
/dRgF2rO2/HG8xGL2vtj0YN5pa+Jrm7jNT8WqMwMdRP+Fegmk7FPdqE6UjeB6Jno
FSokfgWrxvTBpFoalj9slw==
-----END CERTIFICATE-----

-----BEGIN CERTIFICATE-----
MIID+DCCAuCgAwIBAgIBATANBgkqhkiG9w0BAQsFADCBgjEWMBQGA1UEAwwNc2Nt
QGxvY2FsaG9zdDEtMCsGA1UECwwkZDYwOGNjYTctOGY2Yy00ODVmLWFmZDYtMmM3
ZTM1NThiYzllMS0wKwYDVQQKDCRlYTE3Y2Y4My01YTI0LTQyNGYtOGUzYS0wZWY5
ZTk0YmI2YTMxCjAIBgNVBAUTATEwHhcNMjUwNzA1MTU1MzQwWhcNMzAwODEzMTU1
MzQwWjCBgjEWMBQGA1UEAwwNc2NtQGxvY2FsaG9zdDEtMCsGA1UECwwkZDYwOGNj
YTctOGY2Yy00ODVmLWFmZDYtMmM3ZTM1NThiYzllMS0wKwYDVQQKDCRlYTE3Y2Y4
My01YTI0LTQyNGYtOGUzYS0wZWY5ZTk0YmI2YTMxCjAIBgNVBAUTATEwggEiMA0G
CSqGSIb3DQEBAQUAA4IBDwAwggEKAoIBAQDatei3N+kw7JbL1zCKuuMRj/z2bT0w
1oPD5H2JUwP4tHfe0laBCGJRS5NNdFLmWCA6mVEJ+wI5qOEGfekL9JHEkXiy2yjj
kF81uirr/+n87N5uQF7j3ATQZlSN5iIO05f4Mg8K8yWST32eQ571nT3qJCq6aTZJ
5xvsqB7CWjgEjj+fJYV053M+ma+ACYk078ACmt5g/DyxzsWDmBaTddoyYjXzmN4t
ydD7qwadpboi+C5MSbC0A119sAANeP9NOnwxdrfmPUdErFJVujzYxx1YoQwy19Jh
IWspc7N9Ef9hwDpFbe+ps1dxmiIRy9vt7brBhJOKIPu9YA+Lidn5lsw1AgMBAAGj
dzB1MA8GA1UdEwEB/wQFMAMBAf8wDgYDVR0PAQH/BAQDAgEGMFIGA1UdEQRLMEmH
BAoBAFmCQWZ2LWF6MTI4MC04OTEuNWluZTFlbDVtYm1lZGp4a2R3NWNhbHhlZWYu
ZXguaW50ZXJuYWwuY2xvdWRhcHAubmV0MA0GCSqGSIb3DQEBCwUAA4IBAQC/stst
JnbZIAbhSy8k51njgPW7WelXmNH819nGeQexvfR+pGFu41OHZ0O2DilgWAV/4CUN
0NjfZBJAlMAHRrHDZP0dnKKDtDGsRgakxLiqxsiBtAAlEMRd7+ruNMMScvnt0uz1
GBrnV2Bpz/URjA2RoCySEaKp0IxdT8XpQVoTrBxjUpKfsO1Ub5mx0dhwqHjS3Ff5
eVGQn4+EDjID2yh9Ijttx/+ZfJ5S3Jf2NAN9PvHeCAmvqT/yZ7CtuYtfqajyY2h6
5Y1ss7y/PzLp8h4LcnIInt1hLWj+rF9eg78OXZVp0B8gsqZqcRLI8hy+Jx136LEV
WMsNZW6+FhlwxqiJ
-----END CERTIFICATE-----

2025-07-05 15:54:12,520 [IPC Server handler 0 on default port 15002] INFO  client.SCMCertificateClient (DefaultCertificateClient.java:getAllRootCaCerts(971)) - scm/sub-ca has 0 Root CA certificates
2025-07-05 15:54:12,520 [IPC Server handler 0 on default port 15002] INFO  client.SCMCertificateClient (DefaultCertificateClient.java:getAllCaCerts(979)) - scm/sub-ca has 1 CA certificates
2025-07-05 15:54:12,521 [main] INFO  utils.CertificateCodec (CertificateCodec.java:writeCertificate(241)) - Save certificate to /home/runner/work/ozone/ozone/hadoop-ozone/integration-test/target/test-dir/MiniOzoneClusterImpl-ea17cf83-5a24-424f-8e3a-0ef9e94bb6a3/ozone-meta/datanode-2/meta/dn/certs/ROOTCA-1.crt
2025-07-05 15:54:12,521 [main] INFO  utils.CertificateCodec (CertificateCodec.java:writeCertificate(242)) - Certificate -----BEGIN CERTIFICATE-----
MIID+DCCAuCgAwIBAgIBATANBgkqhkiG9w0BAQsFADCBgjEWMBQGA1UEAwwNc2Nt
QGxvY2FsaG9zdDEtMCsGA1UECwwkZDYwOGNjYTctOGY2Yy00ODVmLWFmZDYtMmM3
ZTM1NThiYzllMS0wKwYDVQQKDCRlYTE3Y2Y4My01YTI0LTQyNGYtOGUzYS0wZWY5
ZTk0YmI2YTMxCjAIBgNVBAUTATEwHhcNMjUwNzA1MTU1MzQwWhcNMzAwODEzMTU1
MzQwWjCBgjEWMBQGA1UEAwwNc2NtQGxvY2FsaG9zdDEtMCsGA1UECwwkZDYwOGNj
YTctOGY2Yy00ODVmLWFmZDYtMmM3ZTM1NThiYzllMS0wKwYDVQQKDCRlYTE3Y2Y4
My01YTI0LTQyNGYtOGUzYS0wZWY5ZTk0YmI2YTMxCjAIBgNVBAUTATEwggEiMA0G
CSqGSIb3DQEBAQUAA4IBDwAwggEKAoIBAQDatei3N+kw7JbL1zCKuuMRj/z2bT0w
1oPD5H2JUwP4tHfe0laBCGJRS5NNdFLmWCA6mVEJ+wI5qOEGfekL9JHEkXiy2yjj
kF81uirr/+n87N5uQF7j3ATQZlSN5iIO05f4Mg8K8yWST32eQ571nT3qJCq6aTZJ
5xvsqB7CWjgEjj+fJYV053M+ma+ACYk078ACmt5g/DyxzsWDmBaTddoyYjXzmN4t
ydD7qwadpboi+C5MSbC0A119sAANeP9NOnwxdrfmPUdErFJVujzYxx1YoQwy19Jh
IWspc7N9Ef9hwDpFbe+ps1dxmiIRy9vt7brBhJOKIPu9YA+Lidn5lsw1AgMBAAGj
dzB1MA8GA1UdEwEB/wQFMAMBAf8wDgYDVR0PAQH/BAQDAgEGMFIGA1UdEQRLMEmH
BAoBAFmCQWZ2LWF6MTI4MC04OTEuNWluZTFlbDVtYm1lZGp4a2R3NWNhbHhlZWYu
ZXguaW50ZXJuYWwuY2xvdWRhcHAubmV0MA0GCSqGSIb3DQEBCwUAA4IBAQC/stst
JnbZIAbhSy8k51njgPW7WelXmNH819nGeQexvfR+pGFu41OHZ0O2DilgWAV/4CUN
0NjfZBJAlMAHRrHDZP0dnKKDtDGsRgakxLiqxsiBtAAlEMRd7+ruNMMScvnt0uz1
GBrnV2Bpz/URjA2RoCySEaKp0IxdT8XpQVoTrBxjUpKfsO1Ub5mx0dhwqHjS3Ff5
eVGQn4+EDjID2yh9Ijttx/+ZfJ5S3Jf2NAN9PvHeCAmvqT/yZ7CtuYtfqajyY2h6
5Y1ss7y/PzLp8h4LcnIInt1hLWj+rF9eg78OXZVp0B8gsqZqcRLI8hy+Jx136LEV
WMsNZW6+FhlwxqiJ
-----END CERTIFICATE-----

2025-07-05 15:54:12,521 [main] INFO  client.DNCertificateClient (DefaultCertificateClient.java:updateCertSerialId(1289)) - Certificate serial ID set to 7
2025-07-05 15:54:12,522 [main] INFO  client.DNCertificateClient (DefaultCertificateClient.java:readCertificateFile(247)) - Added certificate 1 from file: /home/runner/work/ozone/ozone/hadoop-ozone/integration-test/target/test-dir/MiniOzoneClusterImpl-ea17cf83-5a24-424f-8e3a-0ef9e94bb6a3/ozone-meta/datanode-2/meta/dn/certs/ROOTCA-1.crt.
2025-07-05 15:54:12,523 [main] INFO  client.DNCertificateClient (DefaultCertificateClient.java:readCertificateFile(247)) - Added certificate 2 from file: /home/runner/work/ozone/ozone/hadoop-ozone/integration-test/target/test-dir/MiniOzoneClusterImpl-ea17cf83-5a24-424f-8e3a-0ef9e94bb6a3/ozone-meta/datanode-2/meta/dn/certs/CA-2.crt.
2025-07-05 15:54:12,525 [main] INFO  client.DNCertificateClient (DefaultCertificateClient.java:readCertificateFile(247)) - Added certificate 7 from file: /home/runner/work/ozone/ozone/hadoop-ozone/integration-test/target/test-dir/MiniOzoneClusterImpl-ea17cf83-5a24-424f-8e3a-0ef9e94bb6a3/ozone-meta/datanode-2/meta/dn/certs/7.crt.
2025-07-05 15:54:12,525 [main] INFO  client.DNCertificateClient (DefaultCertificateClient.java:startCertificateRenewerService(1380)) - CertificateRenewerService for dn is started with first delay 29116799474 ms and interval 86400000 ms.
2025-07-05 15:54:12,529 [main] INFO  client.DNCertificateClient (DefaultCertificateClient.java:recoverStateIfNeeded(812)) - Successfully stored DN signed certificate, case:GETCERT.
2025-07-05 15:54:12,529 [main] INFO  ha.SCMNodeInfo (SCMNodeInfo.java:getPort(197)) - ConfigKey ozone.scm.client.address is deprecated, For configuring different ports for each SCM use PortConfigKey ozone.scm.client.port appended with serviceId and nodeId
2025-07-05 15:54:12,530 [main] INFO  ha.SCMNodeInfo (SCMNodeInfo.java:getPort(197)) - ConfigKey ozone.scm.block.client.address is deprecated, For configuring different ports for each SCM use PortConfigKey ozone.scm.block.client.port appended with serviceId and nodeId
2025-07-05 15:54:12,530 [main] INFO  ha.SCMNodeInfo (SCMNodeInfo.java:getPort(197)) - ConfigKey ozone.scm.security.service.address is deprecated, For configuring different ports for each SCM use PortConfigKey ozone.scm.security.service.port appended with serviceId and nodeId
2025-07-05 15:54:12,530 [main] INFO  ha.SCMNodeInfo (SCMNodeInfo.java:getPort(197)) - ConfigKey ozone.scm.datanode.address is deprecated, For configuring different ports for each SCM use PortConfigKey ozone.scm.datanode.port appended with serviceId and nodeId
2025-07-05 15:54:12,530 [main] INFO  ha.SCMNodeInfo (SCMNodeInfo.java:getPort(197)) - ConfigKey ozone.scm.client.address is deprecated, For configuring different ports for each SCM use PortConfigKey ozone.scm.client.port appended with serviceId and nodeId
2025-07-05 15:54:12,530 [main] INFO  ha.SCMNodeInfo (SCMNodeInfo.java:getPort(197)) - ConfigKey ozone.scm.block.client.address is deprecated, For configuring different ports for each SCM use PortConfigKey ozone.scm.block.client.port appended with serviceId and nodeId
2025-07-05 15:54:12,530 [main] INFO  ha.SCMNodeInfo (SCMNodeInfo.java:getPort(197)) - ConfigKey ozone.scm.security.service.address is deprecated, For configuring different ports for each SCM use PortConfigKey ozone.scm.security.service.port appended with serviceId and nodeId
2025-07-05 15:54:12,530 [main] INFO  ha.SCMNodeInfo (SCMNodeInfo.java:getPort(197)) - ConfigKey ozone.scm.datanode.address is deprecated, For configuring different ports for each SCM use PortConfigKey ozone.scm.datanode.port appended with serviceId and nodeId
2025-07-05 15:54:12,530 [main] INFO  ha.SCMNodeInfo (SCMNodeInfo.java:getPort(197)) - ConfigKey ozone.scm.client.address is deprecated, For configuring different ports for each SCM use PortConfigKey ozone.scm.client.port appended with serviceId and nodeId
2025-07-05 15:54:12,530 [main] INFO  ha.SCMNodeInfo (SCMNodeInfo.java:getPort(197)) - ConfigKey ozone.scm.block.client.address is deprecated, For configuring different ports for each SCM use PortConfigKey ozone.scm.block.client.port appended with serviceId and nodeId
2025-07-05 15:54:12,530 [main] INFO  ha.SCMNodeInfo (SCMNodeInfo.java:getPort(197)) - ConfigKey ozone.scm.security.service.address is deprecated, For configuring different ports for each SCM use PortConfigKey ozone.scm.security.service.port appended with serviceId and nodeId
2025-07-05 15:54:12,530 [main] INFO  ha.SCMNodeInfo (SCMNodeInfo.java:getPort(197)) - ConfigKey ozone.scm.datanode.address is deprecated, For configuring different ports for each SCM use PortConfigKey ozone.scm.datanode.port appended with serviceId and nodeId
2025-07-05 15:54:12,531 [main] INFO  proxy.SecretKeyProtocolFailoverProxyProvider (SCMFailoverProxyProviderBase.java:<init>(120)) - Created fail-over proxy for protocol SecretKeyProtocolDatanodePB with 3 nodes: [nodeId=scmNode-2,nodeAddress=/127.0.0.1:15010, nodeId=scmNode-3,nodeAddress=/127.0.0.1:15018, nodeId=scmNode-1,nodeAddress=/127.0.0.1:15002]
2025-07-05 15:54:12,531 [main] INFO  symmetric.DefaultSecretKeyVerifierClient (DefaultSecretKeyVerifierClient.java:<init>(76)) - Initializing secret key cache with size 4, TTL PT8M20S
2025-07-05 15:54:12,537 [Socket Reader #1 for port 15002] INFO  ipc.Server (Server.java:saslProcess(2290)) - Auth successful for scm/localhost@EXAMPLE.COM (auth:KERBEROS) from 127.0.0.1:43333
2025-07-05 15:54:12,539 [main] INFO  symmetric.DefaultSecretKeySignerClient (DefaultSecretKeySignerClient.java:start(83)) - Initial secret key fetched from SCM: SecretKey(id = d68e803d-24ae-4d18-af54-e13ef808b648, creation at: 2025-07-05T15:53:53.915Z, expire at: 2025-07-05T16:02:13.915Z).
2025-07-05 15:54:12,539 [main] INFO  symmetric.DefaultSecretKeySignerClient (DefaultSecretKeySignerClient.java:scheduleSecretKeyPoller(149)) - Scheduling SecretKeyPoller with initial delay of PT8M1.375344458S and interval of PT8M20S
2025-07-05 15:54:12,540 [main] WARN  statemachine.DatanodeConfiguration (DatanodeConfiguration.java:validateMinFreeSpace(751)) - hdds.datanode.volume.min.free.space.percent = -1.0 is invalid, should be between 0 and 1
2025-07-05 15:54:12,541 [main] INFO  upgrade.AbstractLayoutVersionManager (AbstractLayoutVersionManager.java:init(80)) - Initializing Layout version manager with metadata layout = HBASE_SUPPORT (version = 8), software layout = HBASE_SUPPORT (version = 8)
2025-07-05 15:54:12,541 [main] INFO  ha.SCMNodeInfo (SCMNodeInfo.java:getPort(197)) - ConfigKey ozone.scm.client.address is deprecated, For configuring different ports for each SCM use PortConfigKey ozone.scm.client.port appended with serviceId and nodeId
2025-07-05 15:54:12,542 [main] INFO  ha.SCMNodeInfo (SCMNodeInfo.java:getPort(197)) - ConfigKey ozone.scm.block.client.address is deprecated, For configuring different ports for each SCM use PortConfigKey ozone.scm.block.client.port appended with serviceId and nodeId
2025-07-05 15:54:12,542 [main] INFO  ha.SCMNodeInfo (SCMNodeInfo.java:getPort(197)) - ConfigKey ozone.scm.security.service.address is deprecated, For configuring different ports for each SCM use PortConfigKey ozone.scm.security.service.port appended with serviceId and nodeId
2025-07-05 15:54:12,542 [main] INFO  ha.SCMNodeInfo (SCMNodeInfo.java:getPort(197)) - ConfigKey ozone.scm.datanode.address is deprecated, For configuring different ports for each SCM use PortConfigKey ozone.scm.datanode.port appended with serviceId and nodeId
2025-07-05 15:54:12,542 [main] INFO  ha.SCMNodeInfo (SCMNodeInfo.java:getPort(197)) - ConfigKey ozone.scm.client.address is deprecated, For configuring different ports for each SCM use PortConfigKey ozone.scm.client.port appended with serviceId and nodeId
2025-07-05 15:54:12,542 [main] INFO  ha.SCMNodeInfo (SCMNodeInfo.java:getPort(197)) - ConfigKey ozone.scm.block.client.address is deprecated, For configuring different ports for each SCM use PortConfigKey ozone.scm.block.client.port appended with serviceId and nodeId
2025-07-05 15:54:12,542 [main] INFO  ha.SCMNodeInfo (SCMNodeInfo.java:getPort(197)) - ConfigKey ozone.scm.security.service.address is deprecated, For configuring different ports for each SCM use PortConfigKey ozone.scm.security.service.port appended with serviceId and nodeId
2025-07-05 15:54:12,542 [main] INFO  ha.SCMNodeInfo (SCMNodeInfo.java:getPort(197)) - ConfigKey ozone.scm.datanode.address is deprecated, For configuring different ports for each SCM use PortConfigKey ozone.scm.datanode.port appended with serviceId and nodeId
2025-07-05 15:54:12,542 [main] INFO  ha.SCMNodeInfo (SCMNodeInfo.java:getPort(197)) - ConfigKey ozone.scm.client.address is deprecated, For configuring different ports for each SCM use PortConfigKey ozone.scm.client.port appended with serviceId and nodeId
2025-07-05 15:54:12,542 [main] INFO  ha.SCMNodeInfo (SCMNodeInfo.java:getPort(197)) - ConfigKey ozone.scm.block.client.address is deprecated, For configuring different ports for each SCM use PortConfigKey ozone.scm.block.client.port appended with serviceId and nodeId
2025-07-05 15:54:12,542 [main] INFO  ha.SCMNodeInfo (SCMNodeInfo.java:getPort(197)) - ConfigKey ozone.scm.security.service.address is deprecated, For configuring different ports for each SCM use PortConfigKey ozone.scm.security.service.port appended with serviceId and nodeId
2025-07-05 15:54:12,542 [main] INFO  ha.SCMNodeInfo (SCMNodeInfo.java:getPort(197)) - ConfigKey ozone.scm.datanode.address is deprecated, For configuring different ports for each SCM use PortConfigKey ozone.scm.datanode.port appended with serviceId and nodeId
2025-07-05 15:54:12,543 [main] INFO  statemachine.DatanodeStateMachine (DatanodeStateMachine.java:getEndPointTaskThreadPoolSize(305)) - Datanode State Machine Task Thread Pool size 4
2025-07-05 15:54:12,543 [main] WARN  statemachine.DatanodeConfiguration (DatanodeConfiguration.java:validateMinFreeSpace(751)) - hdds.datanode.volume.min.free.space.percent = -1.0 is invalid, should be between 0 and 1
2025-07-05 15:54:12,544 [main] WARN  statemachine.DatanodeConfiguration (DatanodeConfiguration.java:validateMinFreeSpace(751)) - hdds.datanode.volume.min.free.space.percent = -1.0 is invalid, should be between 0 and 1
2025-07-05 15:54:12,544 [main] WARN  statemachine.DatanodeConfiguration (DatanodeConfiguration.java:validateMinFreeSpace(751)) - hdds.datanode.volume.min.free.space.percent = -1.0 is invalid, should be between 0 and 1
2025-07-05 15:54:12,545 [main] WARN  statemachine.DatanodeConfiguration (DatanodeConfiguration.java:validateMinFreeSpace(751)) - hdds.datanode.volume.min.free.space.percent = -1.0 is invalid, should be between 0 and 1
2025-07-05 15:54:12,547 [main] INFO  volume.HddsVolume (HddsVolume.java:<init>(162)) - HddsVolume: { id=DS-4c74a131-fa57-4401-9357-478e494cec9d dir=/home/runner/work/ozone/ozone/hadoop-ozone/integration-test/target/test-dir/MiniOzoneClusterImpl-ea17cf83-5a24-424f-8e3a-0ef9e94bb6a3/ozone-meta/datanode-2/data-0/hdds type=DISK capacity=9222449699674390527 used=0 available=9222449699674390527 minFree=9222450130714624 committed=0 }
2025-07-05 15:54:12,547 [main] INFO  volume.MutableVolumeSet (MutableVolumeSet.java:initializeVolumeSet(167)) - Added Volume : /home/runner/work/ozone/ozone/hadoop-ozone/integration-test/target/test-dir/MiniOzoneClusterImpl-ea17cf83-5a24-424f-8e3a-0ef9e94bb6a3/ozone-meta/datanode-2/data-0/hdds to VolumeSet
2025-07-05 15:54:12,547 [main] WARN  statemachine.DatanodeConfiguration (DatanodeConfiguration.java:validateMinFreeSpace(751)) - hdds.datanode.volume.min.free.space.percent = -1.0 is invalid, should be between 0 and 1
2025-07-05 15:54:12,548 [main] WARN  statemachine.DatanodeConfiguration (DatanodeConfiguration.java:validateMinFreeSpace(751)) - hdds.datanode.volume.min.free.space.percent = -1.0 is invalid, should be between 0 and 1
2025-07-05 15:54:12,548 [main] INFO  volume.MutableVolumeSet (MutableVolumeSet.java:initializeVolumeSet(167)) - Added Volume : /home/runner/work/ozone/ozone/hadoop-ozone/integration-test/target/test-dir/MiniOzoneClusterImpl-ea17cf83-5a24-424f-8e3a-0ef9e94bb6a3/ozone-meta/datanode-2/ratis to VolumeSet
2025-07-05 15:54:12,549 [main] WARN  statemachine.DatanodeConfiguration (DatanodeConfiguration.java:validateMinFreeSpace(751)) - hdds.datanode.volume.min.free.space.percent = -1.0 is invalid, should be between 0 and 1
2025-07-05 15:54:12,549 [main] WARN  statemachine.DatanodeConfiguration (DatanodeConfiguration.java:validateMinFreeSpace(751)) - hdds.datanode.volume.min.free.space.percent = -1.0 is invalid, should be between 0 and 1
2025-07-05 15:54:12,550 [main] INFO  ozoneimpl.OzoneContainer (HddsVolumeUtil.java:loadAllHddsVolumeDbStore(102)) - Load 1 volumes DbStore cost: 0ms
2025-07-05 15:54:12,551 [main] WARN  db.DBStoreBuilder (DBStoreBuilder.java:getDBDirPath(158)) - ozone.scm.datanode.id.dir is not configured. We recommend adding this setting. Falling back to ozone.metadata.dirs instead.
2025-07-05 15:54:12,552 [main] WARN  statemachine.DatanodeConfiguration (DatanodeConfiguration.java:validateMinFreeSpace(751)) - hdds.datanode.volume.min.free.space.percent = -1.0 is invalid, should be between 0 and 1
2025-07-05 15:54:12,552 [main] WARN  db.DBStoreBuilder (DBStoreBuilder.java:getDBDirPath(158)) - ozone.scm.datanode.id.dir is not configured. We recommend adding this setting. Falling back to ozone.metadata.dirs instead.
2025-07-05 15:54:12,568 [main] WARN  statemachine.DatanodeConfiguration (DatanodeConfiguration.java:validateMinFreeSpace(751)) - hdds.datanode.volume.min.free.space.percent = -1.0 is invalid, should be between 0 and 1
2025-07-05 15:54:12,569 [main] WARN  statemachine.DatanodeConfiguration (DatanodeConfiguration.java:validateMinFreeSpace(751)) - hdds.datanode.volume.min.free.space.percent = -1.0 is invalid, should be between 0 and 1
2025-07-05 15:54:12,569 [main] INFO  impl.FilePerChunkStrategy (FilePerChunkStrategy.java:<init>(79)) - ozone.chunk.read.mapped.buffer.max.count is load with 0
2025-07-05 15:54:12,569 [main] INFO  impl.FilePerBlockStrategy (FilePerBlockStrategy.java:<init>(88)) - ozone.chunk.read.mapped.buffer.max.count is load with 0
2025-07-05 15:54:12,569 [main] WARN  statemachine.DatanodeConfiguration (DatanodeConfiguration.java:validateMinFreeSpace(751)) - hdds.datanode.volume.min.free.space.percent = -1.0 is invalid, should be between 0 and 1
2025-07-05 15:54:12,570 [main] INFO  server.RaftServerConfigKeys (ConfUtils.java:logGet(62)) - raft.server.log.appender.buffer.byte-limit = 33554432 (custom)
2025-07-05 15:54:12,572 [main] INFO  grpc.GrpcConfigKeys (ConfUtils.java:logFallback(69)) - raft.grpc.admin.host = null (fallback to raft.grpc.server.host)
2025-07-05 15:54:12,572 [main] INFO  grpc.GrpcConfigKeys (ConfUtils.java:logGet(62)) - raft.grpc.admin.port = 15058 (custom)
2025-07-05 15:54:12,572 [main] INFO  grpc.GrpcConfigKeys (ConfUtils.java:logFallback(69)) - raft.grpc.client.host = null (fallback to raft.grpc.server.host)
2025-07-05 15:54:12,572 [main] INFO  grpc.GrpcConfigKeys (ConfUtils.java:logGet(62)) - raft.grpc.client.port = 15057 (custom)
2025-07-05 15:54:12,573 [main] INFO  grpc.GrpcConfigKeys (ConfUtils.java:logGet(62)) - raft.grpc.server.port = 15059 (custom)
2025-07-05 15:54:12,573 [main] INFO  server.GrpcServicesImpl (ConfUtils.java:logGet(62)) - raft.grpc.message.size.max = 34603008 (custom)
2025-07-05 15:54:12,573 [main] INFO  server.GrpcServicesImpl (ConfUtils.java:logGet(62)) - raft.grpc.flow.control.window = 5MB (=5242880) (custom)
2025-07-05 15:54:12,573 [main] INFO  server.RaftServerConfigKeys (ConfUtils.java:logGet(62)) - raft.server.log.appender.buffer.byte-limit = 33554432 (custom)
2025-07-05 15:54:12,575 [main] INFO  netty.NettyUtils (NettyUtils.java:newEventLoopGroup(74)) - Create EpollEventLoopGroup for b30b3ffb-bc08-4f2c-b590-0aeed9816472-NettyServerStreamRpc-bossGroup; Thread size is 0.
2025-07-05 15:54:12,575 [main] INFO  netty.NettyUtils (NettyUtils.java:newEventLoopGroup(74)) - Create EpollEventLoopGroup for b30b3ffb-bc08-4f2c-b590-0aeed9816472-NettyServerStreamRpc-workerGroup; Thread size is 0.
2025-07-05 15:54:12,576 [main] INFO  netty.NettyConfigKeys$DataStream (ConfUtils.java:logGet(62)) - raft.netty.dataStream.port = 15060 (custom)
2025-07-05 15:54:12,577 [main] INFO  server.RaftServerConfigKeys (ConfUtils.java:logGet(62)) - raft.server.storage.dir = [/home/runner/work/ozone/ozone/hadoop-ozone/integration-test/target/test-dir/MiniOzoneClusterImpl-ea17cf83-5a24-424f-8e3a-0ef9e94bb6a3/ozone-meta/datanode-2/ratis] (custom)
2025-07-05 15:54:12,577 [b30b3ffb-bc08-4f2c-b590-0aeed9816472-NettyServerStreamRpc-bossGroup--thread1] INFO  logging.LoggingHandler (AbstractInternalLogger.java:log(148)) - [id: 0xa8379fc5] REGISTERED
2025-07-05 15:54:12,578 [b30b3ffb-bc08-4f2c-b590-0aeed9816472-NettyServerStreamRpc-bossGroup--thread1] INFO  logging.LoggingHandler (AbstractInternalLogger.java:log(148)) - [id: 0xa8379fc5] BIND: 0.0.0.0/0.0.0.0:15060
2025-07-05 15:54:12,578 [b30b3ffb-bc08-4f2c-b590-0aeed9816472-NettyServerStreamRpc-bossGroup--thread1] INFO  logging.LoggingHandler (AbstractInternalLogger.java:log(148)) - [id: 0xa8379fc5, L:/0.0.0.0:15060] ACTIVE
2025-07-05 15:54:12,577 [b30b3ffb-bc08-4f2c-b590-0aeed9816472-impl-thread1] INFO  server.RaftServer (RaftServerProxy.java:initGroupDir(270)) - b30b3ffb-bc08-4f2c-b590-0aeed9816472: found a subdirectory /home/runner/work/ozone/ozone/hadoop-ozone/integration-test/target/test-dir/MiniOzoneClusterImpl-ea17cf83-5a24-424f-8e3a-0ef9e94bb6a3/ozone-meta/datanode-2/ratis/tmp
2025-07-05 15:54:12,578 [b30b3ffb-bc08-4f2c-b590-0aeed9816472-impl-thread1] INFO  server.RaftServer (RaftServerProxy.java:initGroupDir(275)) - b30b3ffb-bc08-4f2c-b590-0aeed9816472: The directory /home/runner/work/ozone/ozone/hadoop-ozone/integration-test/target/test-dir/MiniOzoneClusterImpl-ea17cf83-5a24-424f-8e3a-0ef9e94bb6a3/ozone-meta/datanode-2/ratis/tmp is not a group directory; ignoring it. 
2025-07-05 15:54:12,579 [main] INFO  replication.ReplicationServer (ReplicationServer.java:<init>(84)) - Initializing replication server with thread count = 10 queue length = 4096
2025-07-05 15:54:12,580 [main] WARN  statemachine.DatanodeConfiguration (DatanodeConfiguration.java:validateMinFreeSpace(751)) - hdds.datanode.volume.min.free.space.percent = -1.0 is invalid, should be between 0 and 1
2025-07-05 15:54:12,580 [main] INFO  server.XceiverServerGrpc (XceiverServerGrpc.java:<init>(130)) - GrpcServer channel type EpollServerSocketChannel
2025-07-05 15:54:12,581 [main] WARN  statemachine.DatanodeConfiguration (DatanodeConfiguration.java:validateMinFreeSpace(751)) - hdds.datanode.volume.min.free.space.percent = -1.0 is invalid, should be between 0 and 1
2025-07-05 15:54:12,582 [main] INFO  replication.ReplicationSupervisor (ReplicationSupervisor.java:build(169)) - Initializing replication supervisor with thread count = 10
2025-07-05 15:54:12,582 [main] INFO  replication.ReplicationSupervisor (ReplicationSupervisor.java:nodeStateUpdated(358)) - Node state updated to IN_SERVICE, scaling executor pool size to 10
2025-07-05 15:54:12,583 [main] INFO  client.DNCertificateClient (DefaultCertificateClient.java:getAllCaCerts(979)) - dn has 2 CA certificates
2025-07-05 15:54:12,583 [main] INFO  client.DNCertificateClient (DefaultCertificateClient.java:getAllRootCaCerts(971)) - dn has 1 Root CA certificates
2025-07-05 15:54:12,584 [main] INFO  client.DNCertificateClient (DefaultCertificateClient.java:getAllCaCerts(979)) - dn has 2 CA certificates
2025-07-05 15:54:12,584 [main] INFO  client.DNCertificateClient (DefaultCertificateClient.java:getAllRootCaCerts(971)) - dn has 1 Root CA certificates
2025-07-05 15:54:12,585 [main] WARN  statemachine.DatanodeConfiguration (DatanodeConfiguration.java:validateMinFreeSpace(751)) - hdds.datanode.volume.min.free.space.percent = -1.0 is invalid, should be between 0 and 1
2025-07-05 15:54:12,587 [main] INFO  http.BaseHttpServer (BaseHttpServer.java:newHttpServer2BuilderForOzone(229)) - Starting Web-server for hddsDatanode at: http://0.0.0.0:15054
2025-07-05 15:54:12,587 [main] INFO  http.BaseHttpServer (BaseHttpServer.java:<init>(107)) - Hadoop Security Enabled: true Ozone Security Enabled: true Ozone HTTP Security Enabled: false 
2025-07-05 15:54:12,589 [main] WARN  server.AuthenticationFilter (AuthenticationFilter.java:constructSecretProvider(240)) - Unable to initialize FileSignerSecretProvider, falling back to use random secrets. Reason: Could not read signature secret file: /home/runner/hadoop-http-auth-signature-secret
2025-07-05 15:54:12,592 [main] INFO  http.HttpServer2 (HttpServer2.java:addGlobalFilter(1042)) - Added global filter 'safety' (class=org.apache.hadoop.hdds.server.http.HttpServer2$QuotingInputFilter)
2025-07-05 15:54:12,593 [main] INFO  http.HttpServer2 (HttpServer2.java:addFilter(1018)) - Added filter static_user_filter (class=org.apache.hadoop.http.lib.StaticUserWebFilter$StaticUserFilter) to context hddsDatanode
2025-07-05 15:54:12,593 [main] INFO  http.HttpServer2 (HttpServer2.java:addFilter(1026)) - Added filter static_user_filter (class=org.apache.hadoop.http.lib.StaticUserWebFilter$StaticUserFilter) to context static
2025-07-05 15:54:12,593 [main] INFO  http.HttpServer2 (HttpServer2.java:addFilter(1026)) - Added filter static_user_filter (class=org.apache.hadoop.http.lib.StaticUserWebFilter$StaticUserFilter) to context logs
2025-07-05 15:54:12,594 [main] INFO  http.BaseHttpServer (BaseHttpServer.java:<init>(195)) - HTTP server of hddsDatanode uses base directory /home/runner/work/ozone/ozone/hadoop-ozone/integration-test/target/test-dir/MiniOzoneClusterImpl-ea17cf83-5a24-424f-8e3a-0ef9e94bb6a3/ozone-meta/datanode-2/meta/webserver
2025-07-05 15:54:12,595 [main] INFO  http.HttpServer2 (HttpServer2.java:bindListener(1242)) - Jetty bound to port 15054
2025-07-05 15:54:12,595 [main] INFO  server.Server (Server.java:doStart(375)) - jetty-9.4.57.v20241219; built: 2025-01-08T21:24:30.412Z; git: df524e6b29271c2e09ba9aea83c18dc9db464a31; jvm 21.0.7+6-LTS
2025-07-05 15:54:12,597 [main] INFO  server.session (DefaultSessionIdManager.java:doStart(334)) - DefaultSessionIdManager workerName=node0
2025-07-05 15:54:12,597 [main] INFO  server.session (DefaultSessionIdManager.java:doStart(339)) - No SessionScavenger set, using defaults
2025-07-05 15:54:12,598 [main] INFO  server.session (HouseKeeper.java:startScavenging(132)) - node0 Scavenging every 660000ms
2025-07-05 15:54:12,598 [main] INFO  handler.ContextHandler (ContextHandler.java:doStart(921)) - Started o.e.j.s.ServletContextHandler@b51e53c{logs,/logs,file:///home/runner/work/ozone/ozone/hadoop-ozone/integration-test/target/log,AVAILABLE}
2025-07-05 15:54:12,599 [main] INFO  handler.ContextHandler (ContextHandler.java:doStart(921)) - Started o.e.j.s.ServletContextHandler@68be702f{static,/static,jar:file:/home/runner/work/ozone/ozone/hadoop-hdds/container-service/target/hdds-container-service-2.1.0-SNAPSHOT.jar!/webapps/static,AVAILABLE}
2025-07-05 15:54:12,674 [Socket Reader #2 for port 15020] INFO  ipc.Server (Server.java:saslProcess(2290)) - Auth successful for scm/localhost@EXAMPLE.COM (auth:KERBEROS) from 127.0.0.1:37641
2025-07-05 15:54:12,674 [Socket Reader #2 for port 15012] INFO  ipc.Server (Server.java:saslProcess(2290)) - Auth successful for scm/localhost@EXAMPLE.COM (auth:KERBEROS) from 127.0.0.1:42823
2025-07-05 15:54:12,677 [Socket Reader #2 for port 15004] INFO  ipc.Server (Server.java:saslProcess(2290)) - Auth successful for scm/localhost@EXAMPLE.COM (auth:KERBEROS) from 127.0.0.1:46801
2025-07-05 15:54:12,743 [0584da7b-3980-4d20-b3ba-d97c117b17a2-EndpointStateMachineTaskThread-/127.0.0.1:15004-0 ] WARN  statemachine.DatanodeConfiguration (DatanodeConfiguration.java:validateMinFreeSpace(751)) - hdds.datanode.volume.min.free.space.percent = -1.0 is invalid, should be between 0 and 1
2025-07-05 15:54:12,745 [0584da7b-3980-4d20-b3ba-d97c117b17a2-EndpointStateMachineTaskThread-/127.0.0.1:15004-0 ] WARN  statemachine.DatanodeConfiguration (DatanodeConfiguration.java:validateMinFreeSpace(751)) - hdds.datanode.volume.min.free.space.percent = -1.0 is invalid, should be between 0 and 1
2025-07-05 15:54:12,747 [0584da7b-3980-4d20-b3ba-d97c117b17a2-EndpointStateMachineTaskThread-/127.0.0.1:15004-0 ] WARN  statemachine.DatanodeConfiguration (DatanodeConfiguration.java:validateMinFreeSpace(751)) - hdds.datanode.volume.min.free.space.percent = -1.0 is invalid, should be between 0 and 1
2025-07-05 15:54:12,784 [0584da7b-3980-4d20-b3ba-d97c117b17a2-EndpointStateMachineTaskThread-/127.0.0.1:15004-0 ] INFO  utils.DatanodeStoreCache (DatanodeStoreCache.java:addDB(70)) - Added db /home/runner/work/ozone/ozone/hadoop-ozone/integration-test/target/test-dir/MiniOzoneClusterImpl-ea17cf83-5a24-424f-8e3a-0ef9e94bb6a3/ozone-meta/datanode-1/data-0/hdds/ea17cf83-5a24-424f-8e3a-0ef9e94bb6a3/DS-21dd839b-ecd7-4982-a752-59669fe6aee1/container.db to cache
2025-07-05 15:54:12,784 [0584da7b-3980-4d20-b3ba-d97c117b17a2-EndpointStateMachineTaskThread-/127.0.0.1:15004-0 ] INFO  volume.HddsVolume (HddsVolume.java:createDbStore(575)) - SchemaV3 db is created and loaded at /home/runner/work/ozone/ozone/hadoop-ozone/integration-test/target/test-dir/MiniOzoneClusterImpl-ea17cf83-5a24-424f-8e3a-0ef9e94bb6a3/ozone-meta/datanode-1/data-0/hdds/ea17cf83-5a24-424f-8e3a-0ef9e94bb6a3/DS-21dd839b-ecd7-4982-a752-59669fe6aee1/container.db for volume DS-21dd839b-ecd7-4982-a752-59669fe6aee1
2025-07-05 15:54:12,785 [0584da7b-3980-4d20-b3ba-d97c117b17a2-EndpointStateMachineTaskThread-/127.0.0.1:15004-0 ] WARN  statemachine.DatanodeConfiguration (DatanodeConfiguration.java:validateMinFreeSpace(751)) - hdds.datanode.volume.min.free.space.percent = -1.0 is invalid, should be between 0 and 1
2025-07-05 15:54:12,792 [0584da7b-3980-4d20-b3ba-d97c117b17a2-ContainerReader-0] INFO  ozoneimpl.ContainerReader (ContainerReader.java:readVolume(144)) - Start to verify containers on volume /home/runner/work/ozone/ozone/hadoop-ozone/integration-test/target/test-dir/MiniOzoneClusterImpl-ea17cf83-5a24-424f-8e3a-0ef9e94bb6a3/ozone-meta/datanode-1/data-0/hdds
2025-07-05 15:54:12,792 [0584da7b-3980-4d20-b3ba-d97c117b17a2-ContainerReader-0] INFO  ozoneimpl.ContainerReader (ContainerReader.java:readVolume(174)) - Finish verifying containers on volume /home/runner/work/ozone/ozone/hadoop-ozone/integration-test/target/test-dir/MiniOzoneClusterImpl-ea17cf83-5a24-424f-8e3a-0ef9e94bb6a3/ozone-meta/datanode-1/data-0/hdds
2025-07-05 15:54:12,793 [0584da7b-3980-4d20-b3ba-d97c117b17a2-EndpointStateMachineTaskThread-/127.0.0.1:15004-0 ] INFO  ozoneimpl.OzoneContainer (OzoneContainer.java:buildContainerSet(370)) - Build ContainerSet costs 0s
2025-07-05 15:54:12,794 [0584da7b-3980-4d20-b3ba-d97c117b17a2-EndpointStateMachineTaskThread-/127.0.0.1:15004-0 ] INFO  volume.ThrottledAsyncChecker (ThrottledAsyncChecker.java:schedule(138)) - Scheduling a check for /home/runner/work/ozone/ozone/hadoop-ozone/integration-test/target/test-dir/MiniOzoneClusterImpl-ea17cf83-5a24-424f-8e3a-0ef9e94bb6a3/ozone-meta/datanode-1/data-0/hdds
2025-07-05 15:54:12,801 [0584da7b-3980-4d20-b3ba-d97c117b17a2-EndpointStateMachineTaskThread-/127.0.0.1:15004-0 ] INFO  volume.StorageVolumeChecker (StorageVolumeChecker.java:checkAllVolumes(215)) - Scheduled health check for volume /home/runner/work/ozone/ozone/hadoop-ozone/integration-test/target/test-dir/MiniOzoneClusterImpl-ea17cf83-5a24-424f-8e3a-0ef9e94bb6a3/ozone-meta/datanode-1/data-0/hdds
2025-07-05 15:54:12,802 [main] INFO  handler.ContextHandler (ContextHandler.java:doStart(921)) - Started o.e.j.w.WebAppContext@7fb8eff8{hddsDatanode,/,file:///home/runner/work/ozone/ozone/hadoop-ozone/integration-test/target/test-dir/MiniOzoneClusterImpl-ea17cf83-5a24-424f-8e3a-0ef9e94bb6a3/ozone-meta/datanode-2/meta/webserver/jetty-0_0_0_0-15054-hdds-container-service-2_1_0-SNAPSHOT_jar-_-any-14778642103438490308/webapp/,AVAILABLE}{jar:file:/home/runner/work/ozone/ozone/hadoop-hdds/container-service/target/hdds-container-service-2.1.0-SNAPSHOT.jar!/webapps/hddsDatanode}
2025-07-05 15:54:12,803 [main] INFO  server.AbstractConnector (AbstractConnector.java:doStart(333)) - Started ServerConnector@72211dc8{HTTP/1.1, (http/1.1)}{0.0.0.0:15054}
2025-07-05 15:54:12,803 [main] INFO  server.Server (Server.java:doStart(415)) - Started @34953ms
2025-07-05 15:54:12,803 [main] WARN  impl.MetricsSystemImpl (MetricsSystemImpl.java:register(279)) - Sink prometheus already exists!
2025-07-05 15:54:12,803 [main] INFO  http.BaseHttpServer (BaseHttpServer.java:updateConnectorAddress(359)) - HTTP server of hddsDatanode listening at http://localhost:15054
2025-07-05 15:54:12,804 [main] INFO  ipc.CallQueueManager (CallQueueManager.java:<init>(93)) - Using callQueue: class java.util.concurrent.LinkedBlockingQueue, queueCapacity: 1000, scheduler: class org.apache.hadoop.ipc.DefaultRpcScheduler, ipcBackoff: false, ipcFailOver: false.
2025-07-05 15:54:12,804 [main] INFO  ipc.Server (Server.java:<init>(1438)) - Listener at 0.0.0.0:15055
2025-07-05 15:54:12,804 [Socket Reader #1 for port 15055] INFO  ipc.Server (Server.java:run(1474)) - Starting Socket Reader #1 for port 15055
2025-07-05 15:54:12,805 [Socket Reader #2 for port 15055] INFO  ipc.Server (Server.java:run(1474)) - Starting Socket Reader #2 for port 15055
2025-07-05 15:54:12,805 [Socket Reader #3 for port 15055] INFO  ipc.Server (Server.java:run(1474)) - Starting Socket Reader #3 for port 15055
2025-07-05 15:54:12,805 [Socket Reader #4 for port 15055] INFO  ipc.Server (Server.java:run(1474)) - Starting Socket Reader #4 for port 15055
2025-07-05 15:54:12,805 [Socket Reader #5 for port 15055] INFO  ipc.Server (Server.java:run(1474)) - Starting Socket Reader #5 for port 15055
2025-07-05 15:54:12,806 [Socket Reader #6 for port 15055] INFO  ipc.Server (Server.java:run(1474)) - Starting Socket Reader #6 for port 15055
2025-07-05 15:54:12,806 [Socket Reader #7 for port 15055] INFO  ipc.Server (Server.java:run(1474)) - Starting Socket Reader #7 for port 15055
2025-07-05 15:54:12,806 [Socket Reader #8 for port 15055] INFO  ipc.Server (Server.java:run(1474)) - Starting Socket Reader #8 for port 15055
2025-07-05 15:54:12,807 [Socket Reader #9 for port 15055] INFO  ipc.Server (Server.java:run(1474)) - Starting Socket Reader #9 for port 15055
2025-07-05 15:54:12,807 [Socket Reader #10 for port 15055] INFO  ipc.Server (Server.java:run(1474)) - Starting Socket Reader #10 for port 15055
2025-07-05 15:54:12,809 [0584da7b-3980-4d20-b3ba-d97c117b17a2-EndpointStateMachineTaskThread-/127.0.0.1:15004-0 ] INFO  volume.ThrottledAsyncChecker (ThrottledAsyncChecker.java:schedule(138)) - Scheduling a check for /home/runner/work/ozone/ozone/hadoop-ozone/integration-test/target/test-dir/MiniOzoneClusterImpl-ea17cf83-5a24-424f-8e3a-0ef9e94bb6a3/ozone-meta/datanode-1/ratis
2025-07-05 15:54:12,810 [0584da7b-3980-4d20-b3ba-d97c117b17a2-EndpointStateMachineTaskThread-/127.0.0.1:15004-0 ] INFO  volume.StorageVolumeChecker (StorageVolumeChecker.java:checkAllVolumes(215)) - Scheduled health check for volume /home/runner/work/ozone/ozone/hadoop-ozone/integration-test/target/test-dir/MiniOzoneClusterImpl-ea17cf83-5a24-424f-8e3a-0ef9e94bb6a3/ozone-meta/datanode-1/ratis
2025-07-05 15:54:12,810 [main] INFO  ozone.HddsDatanodeService (HddsDatanodeService.java:start(333)) - Datanode start with admins: [runner, scm]
2025-07-05 15:54:12,810 [main] INFO  ozone.HddsDatanodeClientProtocolServer (HddsDatanodeClientProtocolServer.java:start(76)) - RPC server for Client /0.0.0.0:15055
2025-07-05 15:54:12,811 [IPC Server Responder] INFO  ipc.Server (Server.java:run(1713)) - IPC Server Responder: starting
2025-07-05 15:54:12,811 [0584da7b-3980-4d20-b3ba-d97c117b17a2-EndpointStateMachineTaskThread-/127.0.0.1:15004-0 ] INFO  ozoneimpl.OzoneContainer (OzoneContainer.java:start(520)) - Attempting to start container services.
2025-07-05 15:54:12,811 [IPC Server listener on 15055] INFO  ipc.Server (Server.java:run(1553)) - IPC Server listener on 15055: starting
2025-07-05 15:54:12,818 [main] WARN  dropwizard3.Dm3MetricRegistriesImpl (Dm3MetricRegistriesImpl.java:addReporterRegistration(114)) - New reporters are added after registries were created. Some metrics will be missing from the reporter. Please add reporter before adding any new registry.
2025-07-05 15:54:12,818 [main] WARN  dropwizard3.Dm3MetricRegistriesImpl (Dm3MetricRegistriesImpl.java:addReporterRegistration(114)) - New reporters are added after registries were created. Some metrics will be missing from the reporter. Please add reporter before adding any new registry.
2025-07-05 15:54:12,818 [main] INFO  impl.MetricsSystemImpl (MetricsSystemImpl.java:init(158)) - HddsDatanode metrics system started (again)
2025-07-05 15:54:12,819 [ContainerMetadataScanner] INFO  ozoneimpl.AbstractBackgroundContainerScanner (AbstractBackgroundContainerScanner.java:runIteration(89)) - Completed an iteration in 0 minutes. Number of iterations (since the data-node restart) : 1, Number of containers scanned in this iteration : 0, Number of unhealthy containers found in this iteration : 0
2025-07-05 15:54:12,822 [ContainerDataScanner(/home/runner/work/ozone/ozone/hadoop-ozone/integration-test/target/test-dir/MiniOzoneClusterImpl-ea17cf83-5a24-424f-8e3a-0ef9e94bb6a3/ozone-meta/datanode-1/data-0/hdds)] INFO  ozoneimpl.AbstractBackgroundContainerScanner (AbstractBackgroundContainerScanner.java:runIteration(89)) - Completed an iteration in 0 minutes. Number of iterations (since the data-node restart) : 1, Number of containers scanned in this iteration : 0, Number of unhealthy containers found in this iteration : 0
2025-07-05 15:54:12,823 [b30b3ffb-bc08-4f2c-b590-0aeed9816472-DatanodeStateMachineDaemonThread] INFO  statemachine.DatanodeStateMachine (DatanodeStateMachine.java:startStateMachineThread(347)) - Ozone container server started.
2025-07-05 15:54:12,824 [b30b3ffb-bc08-4f2c-b590-0aeed9816472-DatanodeStateMachineTaskThread-0] INFO  ha.SCMNodeInfo (SCMNodeInfo.java:getPort(197)) - ConfigKey ozone.scm.client.address is deprecated, For configuring different ports for each SCM use PortConfigKey ozone.scm.client.port appended with serviceId and nodeId
2025-07-05 15:54:12,824 [b30b3ffb-bc08-4f2c-b590-0aeed9816472-DatanodeStateMachineTaskThread-0] INFO  ha.SCMNodeInfo (SCMNodeInfo.java:getPort(197)) - ConfigKey ozone.scm.block.client.address is deprecated, For configuring different ports for each SCM use PortConfigKey ozone.scm.block.client.port appended with serviceId and nodeId
2025-07-05 15:54:12,824 [b30b3ffb-bc08-4f2c-b590-0aeed9816472-DatanodeStateMachineTaskThread-0] INFO  ha.SCMNodeInfo (SCMNodeInfo.java:getPort(197)) - ConfigKey ozone.scm.security.service.address is deprecated, For configuring different ports for each SCM use PortConfigKey ozone.scm.security.service.port appended with serviceId and nodeId
2025-07-05 15:54:12,824 [b30b3ffb-bc08-4f2c-b590-0aeed9816472-DatanodeStateMachineTaskThread-0] INFO  ha.SCMNodeInfo (SCMNodeInfo.java:getPort(197)) - ConfigKey ozone.scm.datanode.address is deprecated, For configuring different ports for each SCM use PortConfigKey ozone.scm.datanode.port appended with serviceId and nodeId
2025-07-05 15:54:12,824 [b30b3ffb-bc08-4f2c-b590-0aeed9816472-DatanodeStateMachineTaskThread-0] INFO  ha.SCMNodeInfo (SCMNodeInfo.java:getPort(197)) - ConfigKey ozone.scm.client.address is deprecated, For configuring different ports for each SCM use PortConfigKey ozone.scm.client.port appended with serviceId and nodeId
2025-07-05 15:54:12,824 [b30b3ffb-bc08-4f2c-b590-0aeed9816472-DatanodeStateMachineTaskThread-0] INFO  ha.SCMNodeInfo (SCMNodeInfo.java:getPort(197)) - ConfigKey ozone.scm.block.client.address is deprecated, For configuring different ports for each SCM use PortConfigKey ozone.scm.block.client.port appended with serviceId and nodeId
2025-07-05 15:54:12,824 [b30b3ffb-bc08-4f2c-b590-0aeed9816472-DatanodeStateMachineTaskThread-0] INFO  ha.SCMNodeInfo (SCMNodeInfo.java:getPort(197)) - ConfigKey ozone.scm.security.service.address is deprecated, For configuring different ports for each SCM use PortConfigKey ozone.scm.security.service.port appended with serviceId and nodeId
2025-07-05 15:54:12,824 [b30b3ffb-bc08-4f2c-b590-0aeed9816472-DatanodeStateMachineTaskThread-0] INFO  ha.SCMNodeInfo (SCMNodeInfo.java:getPort(197)) - ConfigKey ozone.scm.datanode.address is deprecated, For configuring different ports for each SCM use PortConfigKey ozone.scm.datanode.port appended with serviceId and nodeId
2025-07-05 15:54:12,824 [b30b3ffb-bc08-4f2c-b590-0aeed9816472-DatanodeStateMachineTaskThread-0] INFO  ha.SCMNodeInfo (SCMNodeInfo.java:getPort(197)) - ConfigKey ozone.scm.client.address is deprecated, For configuring different ports for each SCM use PortConfigKey ozone.scm.client.port appended with serviceId and nodeId
2025-07-05 15:54:12,824 [b30b3ffb-bc08-4f2c-b590-0aeed9816472-DatanodeStateMachineTaskThread-0] INFO  ha.SCMNodeInfo (SCMNodeInfo.java:getPort(197)) - ConfigKey ozone.scm.block.client.address is deprecated, For configuring different ports for each SCM use PortConfigKey ozone.scm.block.client.port appended with serviceId and nodeId
2025-07-05 15:54:12,824 [b30b3ffb-bc08-4f2c-b590-0aeed9816472-DatanodeStateMachineTaskThread-0] INFO  ha.SCMNodeInfo (SCMNodeInfo.java:getPort(197)) - ConfigKey ozone.scm.security.service.address is deprecated, For configuring different ports for each SCM use PortConfigKey ozone.scm.security.service.port appended with serviceId and nodeId
2025-07-05 15:54:12,824 [b30b3ffb-bc08-4f2c-b590-0aeed9816472-DatanodeStateMachineTaskThread-0] INFO  ha.SCMNodeInfo (SCMNodeInfo.java:getPort(197)) - ConfigKey ozone.scm.datanode.address is deprecated, For configuring different ports for each SCM use PortConfigKey ozone.scm.datanode.port appended with serviceId and nodeId
2025-07-05 15:54:12,824 [0584da7b-3980-4d20-b3ba-d97c117b17a2-EndpointStateMachineTaskThread-/127.0.0.1:15004-0 ] INFO  replication.ReplicationServer (ReplicationServer.java:start(137)) - ReplicationServer is started using port 15053
2025-07-05 15:54:12,826 [0584da7b-3980-4d20-b3ba-d97c117b17a2-EndpointStateMachineTaskThread-/127.0.0.1:15004-0 ] INFO  ratis.XceiverServerRatis (XceiverServerRatis.java:start(559)) - Starting XceiverServerRatis(0584da7b-3980-4d20-b3ba-d97c117b17a2)
2025-07-05 15:54:12,829 [0584da7b-3980-4d20-b3ba-d97c117b17a2-EndpointStateMachineTaskThread-/127.0.0.1:15004-0 ] INFO  server.RaftServer (RaftServerProxy.java:startImpl(412)) - 0584da7b-3980-4d20-b3ba-d97c117b17a2: start RPC server
2025-07-05 15:54:12,829 [0584da7b-3980-4d20-b3ba-d97c117b17a2-EndpointStateMachineTaskThread-/127.0.0.1:15004-0 ] INFO  server.GrpcServicesImpl (GrpcServicesImpl.java:startImpl(346)) - 0584da7b-3980-4d20-b3ba-d97c117b17a2: GrpcServicesImpl started, listening on 15049
2025-07-05 15:54:12,834 [0584da7b-3980-4d20-b3ba-d97c117b17a2-EndpointStateMachineTaskThread-/127.0.0.1:15004-0 ] INFO  server.GrpcServicesImpl (GrpcServicesImpl.java:startImpl(346)) - 0584da7b-3980-4d20-b3ba-d97c117b17a2: GrpcServicesImpl started, listening on 15051
2025-07-05 15:54:12,834 [0584da7b-3980-4d20-b3ba-d97c117b17a2-EndpointStateMachineTaskThread-/127.0.0.1:15004-0 ] INFO  server.GrpcServicesImpl (GrpcServicesImpl.java:startImpl(346)) - 0584da7b-3980-4d20-b3ba-d97c117b17a2: GrpcServicesImpl started, listening on 15050
2025-07-05 15:54:12,835 [0584da7b-3980-4d20-b3ba-d97c117b17a2-EndpointStateMachineTaskThread-/127.0.0.1:15004-0 ] INFO  ratis.XceiverServerRatis (XceiverServerRatis.java:getRealPort(586)) - XceiverServerRatis(0584da7b-3980-4d20-b3ba-d97c117b17a2) is started using port RATIS=15049
2025-07-05 15:54:12,835 [0584da7b-3980-4d20-b3ba-d97c117b17a2-EndpointStateMachineTaskThread-/127.0.0.1:15004-0 ] INFO  ratis.XceiverServerRatis (XceiverServerRatis.java:getRealPort(586)) - XceiverServerRatis(0584da7b-3980-4d20-b3ba-d97c117b17a2) is started using port RATIS_ADMIN=15050
2025-07-05 15:54:12,835 [0584da7b-3980-4d20-b3ba-d97c117b17a2-EndpointStateMachineTaskThread-/127.0.0.1:15004-0 ] INFO  ratis.XceiverServerRatis (XceiverServerRatis.java:getRealPort(586)) - XceiverServerRatis(0584da7b-3980-4d20-b3ba-d97c117b17a2) is started using port RATIS_SERVER=15051
2025-07-05 15:54:12,836 [0584da7b-3980-4d20-b3ba-d97c117b17a2-EndpointStateMachineTaskThread-/127.0.0.1:15004-0 ] INFO  ratis.XceiverServerRatis (XceiverServerRatis.java:getRealPort(586)) - XceiverServerRatis(0584da7b-3980-4d20-b3ba-d97c117b17a2) is started using port RATIS_DATASTREAM=15052
2025-07-05 15:54:12,836 [JvmPauseMonitor5] INFO  util.JvmPauseMonitor (JvmPauseMonitor.java:run(146)) - JvmPauseMonitor-0584da7b-3980-4d20-b3ba-d97c117b17a2: Started
2025-07-05 15:54:12,837 [0584da7b-3980-4d20-b3ba-d97c117b17a2-EndpointStateMachineTaskThread-/127.0.0.1:15004-0 ] INFO  utils.BackgroundService (BackgroundService.java:start(118)) - Starting service BlockDeletingService with interval 60000 milliseconds
2025-07-05 15:54:12,838 [0584da7b-3980-4d20-b3ba-d97c117b17a2-EndpointStateMachineTaskThread-/127.0.0.1:15004-0 ] INFO  utils.BackgroundService (BackgroundService.java:start(118)) - Starting service StaleRecoveringContainerScrubbingService with interval 60000 milliseconds
2025-07-05 15:54:12,839 [b30b3ffb-bc08-4f2c-b590-0aeed9816472-DatanodeStateMachineTaskThread-0] INFO  datanode.InitDatanodeState (InitDatanodeState.java:persistContainerDatanodeDetails(139)) - DatanodeDetails is persisted to /home/runner/work/ozone/ozone/hadoop-ozone/integration-test/target/test-dir/MiniOzoneClusterImpl-ea17cf83-5a24-424f-8e3a-0ef9e94bb6a3/ozone-meta/datanode-2/meta/datanode.id
2025-07-05 15:54:12,840 [0584da7b-3980-4d20-b3ba-d97c117b17a2-EndpointStateMachineTaskThread-/127.0.0.1:15012-0 ] INFO  ozoneimpl.OzoneContainer (OzoneContainer.java:start(495)) - Ignore. OzoneContainer already started.
2025-07-05 15:54:12,841 [0584da7b-3980-4d20-b3ba-d97c117b17a2-EndpointStateMachineTaskThread-/127.0.0.1:15020-0 ] INFO  ozoneimpl.OzoneContainer (OzoneContainer.java:start(495)) - Ignore. OzoneContainer already started.
2025-07-05 15:54:12,843 [main] INFO  protocol.DatanodeDetails (DatanodeDetails.java:validateDatanodeIpAddress(199)) - Updating IP address of datanode 11776e6b-d53e-4cdc-a879-730cb763d81d(localhost/null) to 127.0.0.1
2025-07-05 15:54:12,843 [main] INFO  ozone.HddsDatanodeService (HddsDatanodeService.java:start(236)) - HddsDatanodeService 11776e6b-d53e-4cdc-a879-730cb763d81d(localhost/127.0.0.1)
2025-07-05 15:54:12,844 [main] INFO  ozone.HddsDatanodeService (HddsDatanodeService.java:start(244)) - Ozone security is enabled. Attempting login for Hdds Datanode user. Principal: scm/localhost@EXAMPLE.COM,keytab: /tmp/junit-2184590309689548046/scm.keytab
2025-07-05 15:54:12,846 [pool-2-thread-2] INFO  request.KdcRequest (KdcRequest.java:preauth(683)) - The preauth data is empty.
2025-07-05 15:54:12,846 [pool-2-thread-2] INFO  server.KdcHandler (KdcHandler.java:handleRecoverableException(177)) - KRB error occurred while processing request: Additional pre-authentication required
2025-07-05 15:54:12,849 [pool-2-thread-2] INFO  request.AsRequest (AsRequest.java:issueTicket(112)) - AS_REQ ISSUE: authtime 1751730852849,scm/localhost@EXAMPLE.COM for krbtgt/EXAMPLE.COM@EXAMPLE.COM
2025-07-05 15:54:12,850 [main] INFO  security.UserGroupInformation (UserGroupInformation.java:loginUserFromKeytab(1143)) - Login successful for user scm/localhost@EXAMPLE.COM using keytab file scm.keytab. Keytab auto renewal enabled : false
2025-07-05 15:54:12,850 [main] INFO  ozone.HddsDatanodeService (HddsDatanodeService.java:start(262)) - Hdds Datanode login successful.
2025-07-05 15:54:12,852 [main] INFO  ozone.HddsDatanodeService (HddsDatanodeService.java:initializeCertificateClient(394)) - Initializing secure Datanode.
2025-07-05 15:54:12,853 [main] INFO  ha.SCMNodeInfo (SCMNodeInfo.java:getPort(197)) - ConfigKey ozone.scm.client.address is deprecated, For configuring different ports for each SCM use PortConfigKey ozone.scm.client.port appended with serviceId and nodeId
2025-07-05 15:54:12,853 [main] INFO  ha.SCMNodeInfo (SCMNodeInfo.java:getPort(197)) - ConfigKey ozone.scm.block.client.address is deprecated, For configuring different ports for each SCM use PortConfigKey ozone.scm.block.client.port appended with serviceId and nodeId
2025-07-05 15:54:12,853 [main] INFO  ha.SCMNodeInfo (SCMNodeInfo.java:getPort(197)) - ConfigKey ozone.scm.security.service.address is deprecated, For configuring different ports for each SCM use PortConfigKey ozone.scm.security.service.port appended with serviceId and nodeId
2025-07-05 15:54:12,853 [main] INFO  ha.SCMNodeInfo (SCMNodeInfo.java:getPort(197)) - ConfigKey ozone.scm.datanode.address is deprecated, For configuring different ports for each SCM use PortConfigKey ozone.scm.datanode.port appended with serviceId and nodeId
2025-07-05 15:54:12,853 [main] INFO  ha.SCMNodeInfo (SCMNodeInfo.java:getPort(197)) - ConfigKey ozone.scm.client.address is deprecated, For configuring different ports for each SCM use PortConfigKey ozone.scm.client.port appended with serviceId and nodeId
2025-07-05 15:54:12,853 [main] INFO  ha.SCMNodeInfo (SCMNodeInfo.java:getPort(197)) - ConfigKey ozone.scm.block.client.address is deprecated, For configuring different ports for each SCM use PortConfigKey ozone.scm.block.client.port appended with serviceId and nodeId
2025-07-05 15:54:12,854 [main] INFO  ha.SCMNodeInfo (SCMNodeInfo.java:getPort(197)) - ConfigKey ozone.scm.security.service.address is deprecated, For configuring different ports for each SCM use PortConfigKey ozone.scm.security.service.port appended with serviceId and nodeId
2025-07-05 15:54:12,854 [main] INFO  ha.SCMNodeInfo (SCMNodeInfo.java:getPort(197)) - ConfigKey ozone.scm.datanode.address is deprecated, For configuring different ports for each SCM use PortConfigKey ozone.scm.datanode.port appended with serviceId and nodeId
2025-07-05 15:54:12,854 [main] INFO  ha.SCMNodeInfo (SCMNodeInfo.java:getPort(197)) - ConfigKey ozone.scm.client.address is deprecated, For configuring different ports for each SCM use PortConfigKey ozone.scm.client.port appended with serviceId and nodeId
2025-07-05 15:54:12,854 [main] INFO  ha.SCMNodeInfo (SCMNodeInfo.java:getPort(197)) - ConfigKey ozone.scm.block.client.address is deprecated, For configuring different ports for each SCM use PortConfigKey ozone.scm.block.client.port appended with serviceId and nodeId
2025-07-05 15:54:12,854 [main] INFO  ha.SCMNodeInfo (SCMNodeInfo.java:getPort(197)) - ConfigKey ozone.scm.security.service.address is deprecated, For configuring different ports for each SCM use PortConfigKey ozone.scm.security.service.port appended with serviceId and nodeId
2025-07-05 15:54:12,854 [main] INFO  ha.SCMNodeInfo (SCMNodeInfo.java:getPort(197)) - ConfigKey ozone.scm.datanode.address is deprecated, For configuring different ports for each SCM use PortConfigKey ozone.scm.datanode.port appended with serviceId and nodeId
2025-07-05 15:54:12,854 [main] INFO  proxy.SCMSecurityProtocolFailoverProxyProvider (SCMFailoverProxyProviderBase.java:<init>(120)) - Created fail-over proxy for protocol SCMSecurityProtocolPB with 3 nodes: [nodeId=scmNode-2,nodeAddress=/127.0.0.1:15010, nodeId=scmNode-3,nodeAddress=/127.0.0.1:15018, nodeId=scmNode-1,nodeAddress=/127.0.0.1:15002]
2025-07-05 15:54:12,855 [main] INFO  client.DNCertificateClient (DefaultCertificateClient.java:updateCertSerialId(1289)) - Certificate serial ID set to null
2025-07-05 15:54:12,855 [main] ERROR client.DNCertificateClient (DefaultCertificateClient.java:getCertPath(373)) - Default certificate serial id is not set. Can't locate the default certificate for this client.
2025-07-05 15:54:12,855 [main] INFO  client.DNCertificateClient (DefaultCertificateClient.java:init(717)) - Certificate client init case: 0
2025-07-05 15:54:12,855 [main] INFO  client.DNCertificateClient (DefaultCertificateClient.java:handleCase(735)) - Creating keypair for client as keypair and certificate not found.
2025-07-05 15:54:12,890 [main] INFO  keys.KeyStorage (KeyStorage.java:storePublicKey(210)) - Storing public key to /home/runner/work/ozone/ozone/hadoop-ozone/integration-test/target/test-dir/MiniOzoneClusterImpl-ea17cf83-5a24-424f-8e3a-0ef9e94bb6a3/ozone-meta/datanode-3/meta/dn/keys/public.pem.
2025-07-05 15:54:12,890 [main] INFO  keys.KeyStorage (KeyStorage.java:storePrivateKey(194)) - Storing private key to /home/runner/work/ozone/ozone/hadoop-ozone/integration-test/target/test-dir/MiniOzoneClusterImpl-ea17cf83-5a24-424f-8e3a-0ef9e94bb6a3/ozone-meta/datanode-3/meta/dn/keys/private.pem.
2025-07-05 15:54:12,891 [main] INFO  client.DNCertificateClient (DefaultCertificateClient.java:recoverStateIfNeeded(796)) - Init response: GETCERT
2025-07-05 15:54:12,891 [main] INFO  ozone.OzoneSecurityUtil (OzoneSecurityUtil.java:getValidInetsForCurrentHost(116)) - ip:fe80:0:0:0:6245:bdff:fe4b:d8f9%eth0 not returned.
2025-07-05 15:54:12,891 [main] INFO  ozone.OzoneSecurityUtil (OzoneSecurityUtil.java:getValidInetsForCurrentHost(113)) - Adding ip:10.1.0.89,host:fv-az1280-891.5ine1el5mbmedjxkdw5calxeef.ex.internal.cloudapp.net
2025-07-05 15:54:12,891 [main] INFO  ozone.OzoneSecurityUtil (OzoneSecurityUtil.java:getValidInetsForCurrentHost(116)) - ip:0:0:0:0:0:0:0:1%lo not returned.
2025-07-05 15:54:12,891 [main] INFO  ozone.OzoneSecurityUtil (OzoneSecurityUtil.java:getValidInetsForCurrentHost(116)) - ip:127.0.0.1 not returned.
2025-07-05 15:54:12,892 [main] INFO  client.DNCertificateClient (DNCertificateClient.java:configureCSRBuilder(82)) - Created csr for DN-> subject:scm@localhost
2025-07-05 15:54:12,899 [pool-2-thread-2] INFO  request.TgsRequest (TgsRequest.java:issueTicket(117)) - TGS_REQ ISSUE: authtime 1751730852899,scm/localhost@EXAMPLE.COM for scm/localhost@EXAMPLE.COM
2025-07-05 15:54:12,905 [Socket Reader #1 for port 15002] INFO  ipc.Server (Server.java:saslProcess(2290)) - Auth successful for scm/localhost@EXAMPLE.COM (auth:KERBEROS) from 127.0.0.1:42287
2025-07-05 15:54:12,907 [IPC Server handler 0 on default port 15002] INFO  server.SCMSecurityProtocolServer (SCMSecurityProtocolServer.java:getDataNodeCertificate(183)) - Processing CSR for dn localhost, UUID: 11776e6b-d53e-4cdc-a879-730cb763d81d
2025-07-05 15:54:12,912 [e9f0a7df-dfca-4eba-a7d3-db47f637b57c@group-0EF9E94BB6A3-StateMachineUpdater] INFO  safemode.SCMSafeModeManager (SCMSafeModeManager.java:validateSafeModeExitRules(138)) - RatisContainerSafeModeRule rule is successfully validated
2025-07-05 15:54:12,912 [e9f0a7df-dfca-4eba-a7d3-db47f637b57c@group-0EF9E94BB6A3-StateMachineUpdater] INFO  safemode.HealthyPipelineSafeModeRule (HealthyPipelineSafeModeRule.java:initializeRule(228)) - Refreshed total pipeline count is 0, healthy pipeline threshold count is 1
2025-07-05 15:54:12,912 [e9f0a7df-dfca-4eba-a7d3-db47f637b57c@group-0EF9E94BB6A3-StateMachineUpdater] INFO  safemode.SCMSafeModeManager (SCMSafeModeManager.java:validateSafeModeExitRules(138)) - ECContainerSafeModeRule rule is successfully validated
2025-07-05 15:54:12,912 [e9f0a7df-dfca-4eba-a7d3-db47f637b57c@group-0EF9E94BB6A3-StateMachineUpdater] INFO  safemode.SCMSafeModeManager (SCMSafeModeManager.java:validateSafeModeExitRules(138)) - AtleastOneDatanodeReportedRule rule is successfully validated
2025-07-05 15:54:12,912 [2d344aaf-3adb-4590-a8db-0ff637af21a8@group-0EF9E94BB6A3-StateMachineUpdater] INFO  safemode.SCMSafeModeManager (SCMSafeModeManager.java:validateSafeModeExitRules(138)) - RatisContainerSafeModeRule rule is successfully validated
2025-07-05 15:54:12,912 [2d344aaf-3adb-4590-a8db-0ff637af21a8@group-0EF9E94BB6A3-StateMachineUpdater] INFO  safemode.HealthyPipelineSafeModeRule (HealthyPipelineSafeModeRule.java:initializeRule(228)) - Refreshed total pipeline count is 0, healthy pipeline threshold count is 1
2025-07-05 15:54:12,912 [2d344aaf-3adb-4590-a8db-0ff637af21a8@group-0EF9E94BB6A3-StateMachineUpdater] INFO  safemode.SCMSafeModeManager (SCMSafeModeManager.java:validateSafeModeExitRules(138)) - ECContainerSafeModeRule rule is successfully validated
2025-07-05 15:54:12,912 [2d344aaf-3adb-4590-a8db-0ff637af21a8@group-0EF9E94BB6A3-StateMachineUpdater] INFO  safemode.SCMSafeModeManager (SCMSafeModeManager.java:validateSafeModeExitRules(138)) - AtleastOneDatanodeReportedRule rule is successfully validated
2025-07-05 15:54:12,913 [d608cca7-8f6c-485f-afd6-2c7e3558bc9e@group-0EF9E94BB6A3-StateMachineUpdater] INFO  safemode.SCMSafeModeManager (SCMSafeModeManager.java:validateSafeModeExitRules(138)) - RatisContainerSafeModeRule rule is successfully validated
2025-07-05 15:54:12,913 [d608cca7-8f6c-485f-afd6-2c7e3558bc9e@group-0EF9E94BB6A3-StateMachineUpdater] INFO  safemode.HealthyPipelineSafeModeRule (HealthyPipelineSafeModeRule.java:initializeRule(228)) - Refreshed total pipeline count is 0, healthy pipeline threshold count is 1
2025-07-05 15:54:12,913 [d608cca7-8f6c-485f-afd6-2c7e3558bc9e@group-0EF9E94BB6A3-StateMachineUpdater] INFO  safemode.SCMSafeModeManager (SCMSafeModeManager.java:validateSafeModeExitRules(138)) - ECContainerSafeModeRule rule is successfully validated
2025-07-05 15:54:12,913 [d608cca7-8f6c-485f-afd6-2c7e3558bc9e@group-0EF9E94BB6A3-StateMachineUpdater] INFO  safemode.SCMSafeModeManager (SCMSafeModeManager.java:validateSafeModeExitRules(138)) - AtleastOneDatanodeReportedRule rule is successfully validated
2025-07-05 15:54:12,914 [IPC Server handler 0 on default port 15002] INFO  ha.SequenceIdGenerator (SequenceIdGenerator.java:getNextId(135)) - Allocate a batch for CertificateId, change lastId from 7 to 8.
2025-07-05 15:54:12,915 [IPC Server handler 0 on default port 15002] INFO  keys.KeyStorage (KeyStorage.java:readPrivateKey(158)) - Reading private key from /home/runner/work/ozone/ozone/hadoop-ozone/integration-test/target/test-dir/MiniOzoneClusterImpl-ea17cf83-5a24-424f-8e3a-0ef9e94bb6a3/scmNode-1/scm/sub-ca/keys/private.pem.
2025-07-05 15:54:12,916 [IPC Server handler 0 on default port 15002] INFO  authority.DefaultApprover (DefaultApprover.java:sign(171)) - Extensions in CSR: 2.5.29.15, 2.5.29.17
2025-07-05 15:54:12,917 [IPC Server handler 0 on default port 15002] INFO  authority.DefaultApprover (DefaultApprover.java:sign(175)) - Extensions to add to the certificate if they present in CSR: 2.5.29.15, 2.5.29.17, 2.5.29.35, 2.5.29.37, 2.5.29.19, 1.3.6.1.5.5.7.1.12
2025-07-05 15:54:12,932 [2d344aaf-3adb-4590-a8db-0ff637af21a8@group-0EF9E94BB6A3-StateMachineUpdater] INFO  safemode.SCMSafeModeManager (SCMSafeModeManager.java:validateSafeModeExitRules(138)) - RatisContainerSafeModeRule rule is successfully validated
2025-07-05 15:54:12,932 [2d344aaf-3adb-4590-a8db-0ff637af21a8@group-0EF9E94BB6A3-StateMachineUpdater] INFO  safemode.HealthyPipelineSafeModeRule (HealthyPipelineSafeModeRule.java:initializeRule(228)) - Refreshed total pipeline count is 0, healthy pipeline threshold count is 1
2025-07-05 15:54:12,932 [2d344aaf-3adb-4590-a8db-0ff637af21a8@group-0EF9E94BB6A3-StateMachineUpdater] INFO  safemode.SCMSafeModeManager (SCMSafeModeManager.java:validateSafeModeExitRules(138)) - ECContainerSafeModeRule rule is successfully validated
2025-07-05 15:54:12,932 [2d344aaf-3adb-4590-a8db-0ff637af21a8@group-0EF9E94BB6A3-StateMachineUpdater] INFO  safemode.SCMSafeModeManager (SCMSafeModeManager.java:validateSafeModeExitRules(138)) - AtleastOneDatanodeReportedRule rule is successfully validated
2025-07-05 15:54:12,934 [e9f0a7df-dfca-4eba-a7d3-db47f637b57c@group-0EF9E94BB6A3-StateMachineUpdater] INFO  safemode.SCMSafeModeManager (SCMSafeModeManager.java:validateSafeModeExitRules(138)) - RatisContainerSafeModeRule rule is successfully validated
2025-07-05 15:54:12,935 [e9f0a7df-dfca-4eba-a7d3-db47f637b57c@group-0EF9E94BB6A3-StateMachineUpdater] INFO  safemode.HealthyPipelineSafeModeRule (HealthyPipelineSafeModeRule.java:initializeRule(228)) - Refreshed total pipeline count is 0, healthy pipeline threshold count is 1
2025-07-05 15:54:12,934 [d608cca7-8f6c-485f-afd6-2c7e3558bc9e@group-0EF9E94BB6A3-StateMachineUpdater] INFO  safemode.SCMSafeModeManager (SCMSafeModeManager.java:validateSafeModeExitRules(138)) - RatisContainerSafeModeRule rule is successfully validated
2025-07-05 15:54:12,935 [e9f0a7df-dfca-4eba-a7d3-db47f637b57c@group-0EF9E94BB6A3-StateMachineUpdater] INFO  safemode.SCMSafeModeManager (SCMSafeModeManager.java:validateSafeModeExitRules(138)) - ECContainerSafeModeRule rule is successfully validated
2025-07-05 15:54:12,935 [e9f0a7df-dfca-4eba-a7d3-db47f637b57c@group-0EF9E94BB6A3-StateMachineUpdater] INFO  safemode.SCMSafeModeManager (SCMSafeModeManager.java:validateSafeModeExitRules(138)) - AtleastOneDatanodeReportedRule rule is successfully validated
2025-07-05 15:54:12,935 [d608cca7-8f6c-485f-afd6-2c7e3558bc9e@group-0EF9E94BB6A3-StateMachineUpdater] INFO  safemode.HealthyPipelineSafeModeRule (HealthyPipelineSafeModeRule.java:initializeRule(228)) - Refreshed total pipeline count is 0, healthy pipeline threshold count is 1
2025-07-05 15:54:12,935 [d608cca7-8f6c-485f-afd6-2c7e3558bc9e@group-0EF9E94BB6A3-StateMachineUpdater] INFO  safemode.SCMSafeModeManager (SCMSafeModeManager.java:validateSafeModeExitRules(138)) - ECContainerSafeModeRule rule is successfully validated
2025-07-05 15:54:12,935 [d608cca7-8f6c-485f-afd6-2c7e3558bc9e@group-0EF9E94BB6A3-StateMachineUpdater] INFO  safemode.SCMSafeModeManager (SCMSafeModeManager.java:validateSafeModeExitRules(138)) - AtleastOneDatanodeReportedRule rule is successfully validated
2025-07-05 15:54:12,946 [main] INFO  utils.CertificateCodec (CertificateCodec.java:writeCertificate(241)) - Save certificate to /home/runner/work/ozone/ozone/hadoop-ozone/integration-test/target/test-dir/MiniOzoneClusterImpl-ea17cf83-5a24-424f-8e3a-0ef9e94bb6a3/ozone-meta/datanode-3/meta/dn/certs/8.crt
2025-07-05 15:54:12,947 [main] INFO  utils.CertificateCodec (CertificateCodec.java:writeCertificate(242)) - Certificate -----BEGIN CERTIFICATE-----
MIID6zCCAtOgAwIBAgIBCDANBgkqhkiG9w0BAQsFADCBhjEaMBgGA1UEAwwRc2Nt
LXN1YkBsb2NhbGhvc3QxLTArBgNVBAsMJGQ2MDhjY2E3LThmNmMtNDg1Zi1hZmQ2
LTJjN2UzNTU4YmM5ZTEtMCsGA1UECgwkZWExN2NmODMtNWEyNC00MjRmLThlM2Et
MGVmOWU5NGJiNmEzMQowCAYDVQQFEwEyMB4XDTI1MDcwNTE1NTQxMloXDTI2MDcw
NTE1NTQxMlowgYIxFjAUBgNVBAMMDXNjbUBsb2NhbGhvc3QxLTArBgNVBAsMJGQ2
MDhjY2E3LThmNmMtNDg1Zi1hZmQ2LTJjN2UzNTU4YmM5ZTEtMCsGA1UECgwkZWEx
N2NmODMtNWEyNC00MjRmLThlM2EtMGVmOWU5NGJiNmEzMQowCAYDVQQFEwE4MIIB
IjANBgkqhkiG9w0BAQEFAAOCAQ8AMIIBCgKCAQEAqZcZYAf/qMAuVY08knuVqZax
KttN3/D66NsoptPOkv7zFP6hGSXSvyrge0lXUM7gw3357QJtgga8k/4tQDbkpq64
jADRdY5fgfnKZH1A40U6AboxrXRilu/FxcB37Myo5CjsRJBlFMMvRpGs1aJPgqYL
ymhLHRpGIb7kXn6PQkzwygKH9Kryd0jHrMzKXQWGBYtRoqpbmNkG/57AihggDu/r
p/Hz4b0/hdxTOrPD8M8ZYMLeD+2Z2m06XklMrIr5+stm74JCT38c/xOV+5ZKA+oJ
Q/ckDI6y4lIu6qd9sf6CpP9c7QmUIAC3TmR+4YoywNT/yEamU7yOSEPorvwEsQID
AQABo2YwZDAOBgNVHQ8BAf8EBAMCA7gwUgYDVR0RBEswSYcECgEAWYJBZnYtYXox
MjgwLTg5MS41aW5lMWVsNW1ibWVkanhrZHc1Y2FseGVlZi5leC5pbnRlcm5hbC5j
bG91ZGFwcC5uZXQwDQYJKoZIhvcNAQELBQADggEBAKq2JTpmN0Hy8PnvrBjdRiR7
9oKuxKHCIKBvO2muwPzu9G/V4BpT2oXLj4gXU3cqYeBMuUuEDsov7jY99v7N+Bvm
uNFhGJzroqIxu9UYHSU+AoI5+DW4z1Pjv4UN6E+XOlXDy7erp2lCWqeGs60bdDJp
/Xba/Eoez3tkSDfKA0Tz+k9LfXMRO+6OvMZsZVpN/st4uu0apdkGLmfL0OXYUs2u
ihcGYb3/aAXYuAY7jEE/ahRTpuXf+Xz6IImFJf49fqhpgwdMwEPB/DsfIdzNbwzM
HPg89UFzfRQS+xqKJGunUWiEs9bk+qvJQGMXcjOR0NxJ+Kly5nLGFJ9XgYZ+Qwo=
-----END CERTIFICATE-----

-----BEGIN CERTIFICATE-----
MIID/DCCAuSgAwIBAgIBAjANBgkqhkiG9w0BAQsFADCBgjEWMBQGA1UEAwwNc2Nt
QGxvY2FsaG9zdDEtMCsGA1UECwwkZDYwOGNjYTctOGY2Yy00ODVmLWFmZDYtMmM3
ZTM1NThiYzllMS0wKwYDVQQKDCRlYTE3Y2Y4My01YTI0LTQyNGYtOGUzYS0wZWY5
ZTk0YmI2YTMxCjAIBgNVBAUTATEwHhcNMjUwNzA1MTU1MzQwWhcNMzAwODEzMTU1
MzQwWjCBhjEaMBgGA1UEAwwRc2NtLXN1YkBsb2NhbGhvc3QxLTArBgNVBAsMJGQ2
MDhjY2E3LThmNmMtNDg1Zi1hZmQ2LTJjN2UzNTU4YmM5ZTEtMCsGA1UECgwkZWEx
N2NmODMtNWEyNC00MjRmLThlM2EtMGVmOWU5NGJiNmEzMQowCAYDVQQFEwEyMIIB
IjANBgkqhkiG9w0BAQEFAAOCAQ8AMIIBCgKCAQEAuQscYUewG1m/uHgL49S/QTp6
LaaEIMS/4ZuVlYF651wyH+ZBviJuQbIt51YTqOgzvF7hqPMsZRiZXz6KJd2jwwQt
AJXRdr0tSt9nvfnsvC2MjI+Ne83vqLnAf6Zu/1mGpzSnV7pqwwXzOUYDKaK9eBem
NC9qKZroT4MbKhKkLYKiH6Iqb+D7YzVkUOyItGAPl7SZDZifOJDnCV3FiNhUzlaY
T1KuaJ9DHAZAIZADi0VFnPzTRVSqxynfz8jCFdRq3AftAhC5WnUvTIOPqfsFeg5B
fLSaW9Ko4X4NzEMZLizxVpnmX1575EC8E5Je8P5SFtaMZpdfKRUWRKfIfkMtPwID
AQABo3cwdTAOBgNVHQ8BAf8EBAMCAb4wUgYDVR0RBEswSYcECgEAWYJBZnYtYXox
MjgwLTg5MS41aW5lMWVsNW1ibWVkanhrZHc1Y2FseGVlZi5leC5pbnRlcm5hbC5j
bG91ZGFwcC5uZXQwDwYDVR0TAQH/BAUwAwEB/zANBgkqhkiG9w0BAQsFAAOCAQEA
PfktgZz/V0yyD6A6k8LAWaVFdZhwApkGq98nFqa3VzmnnlYTx07/YwLtvEwsA3cr
+2j3mZtbC6Vi9XCpBEPHPT42qEEbnbTEx81I52shWSXLGj6bx/10YXUwFcE3zQ7H
4SFgpL76o0g+KuMbHzSW4ukG6XdvcbE+pT5ehdieWdqbUz6WtetKE+uD66yyXE8e
KhSBp76hDSn1ZDVfgtXRbwd4j0Xd6KwTcZAbXRgTnPBChhH/fp+aN2SCqvCZDaum
/dRgF2rO2/HG8xGL2vtj0YN5pa+Jrm7jNT8WqMwMdRP+Fegmk7FPdqE6UjeB6Jno
FSokfgWrxvTBpFoalj9slw==
-----END CERTIFICATE-----

-----BEGIN CERTIFICATE-----
MIID+DCCAuCgAwIBAgIBATANBgkqhkiG9w0BAQsFADCBgjEWMBQGA1UEAwwNc2Nt
QGxvY2FsaG9zdDEtMCsGA1UECwwkZDYwOGNjYTctOGY2Yy00ODVmLWFmZDYtMmM3
ZTM1NThiYzllMS0wKwYDVQQKDCRlYTE3Y2Y4My01YTI0LTQyNGYtOGUzYS0wZWY5
ZTk0YmI2YTMxCjAIBgNVBAUTATEwHhcNMjUwNzA1MTU1MzQwWhcNMzAwODEzMTU1
MzQwWjCBgjEWMBQGA1UEAwwNc2NtQGxvY2FsaG9zdDEtMCsGA1UECwwkZDYwOGNj
YTctOGY2Yy00ODVmLWFmZDYtMmM3ZTM1NThiYzllMS0wKwYDVQQKDCRlYTE3Y2Y4
My01YTI0LTQyNGYtOGUzYS0wZWY5ZTk0YmI2YTMxCjAIBgNVBAUTATEwggEiMA0G
CSqGSIb3DQEBAQUAA4IBDwAwggEKAoIBAQDatei3N+kw7JbL1zCKuuMRj/z2bT0w
1oPD5H2JUwP4tHfe0laBCGJRS5NNdFLmWCA6mVEJ+wI5qOEGfekL9JHEkXiy2yjj
kF81uirr/+n87N5uQF7j3ATQZlSN5iIO05f4Mg8K8yWST32eQ571nT3qJCq6aTZJ
5xvsqB7CWjgEjj+fJYV053M+ma+ACYk078ACmt5g/DyxzsWDmBaTddoyYjXzmN4t
ydD7qwadpboi+C5MSbC0A119sAANeP9NOnwxdrfmPUdErFJVujzYxx1YoQwy19Jh
IWspc7N9Ef9hwDpFbe+ps1dxmiIRy9vt7brBhJOKIPu9YA+Lidn5lsw1AgMBAAGj
dzB1MA8GA1UdEwEB/wQFMAMBAf8wDgYDVR0PAQH/BAQDAgEGMFIGA1UdEQRLMEmH
BAoBAFmCQWZ2LWF6MTI4MC04OTEuNWluZTFlbDVtYm1lZGp4a2R3NWNhbHhlZWYu
ZXguaW50ZXJuYWwuY2xvdWRhcHAubmV0MA0GCSqGSIb3DQEBCwUAA4IBAQC/stst
JnbZIAbhSy8k51njgPW7WelXmNH819nGeQexvfR+pGFu41OHZ0O2DilgWAV/4CUN
0NjfZBJAlMAHRrHDZP0dnKKDtDGsRgakxLiqxsiBtAAlEMRd7+ruNMMScvnt0uz1
GBrnV2Bpz/URjA2RoCySEaKp0IxdT8XpQVoTrBxjUpKfsO1Ub5mx0dhwqHjS3Ff5
eVGQn4+EDjID2yh9Ijttx/+ZfJ5S3Jf2NAN9PvHeCAmvqT/yZ7CtuYtfqajyY2h6
5Y1ss7y/PzLp8h4LcnIInt1hLWj+rF9eg78OXZVp0B8gsqZqcRLI8hy+Jx136LEV
WMsNZW6+FhlwxqiJ
-----END CERTIFICATE-----

2025-07-05 15:54:12,948 [main] INFO  utils.CertificateCodec (CertificateCodec.java:writeCertificate(241)) - Save certificate to /home/runner/work/ozone/ozone/hadoop-ozone/integration-test/target/test-dir/MiniOzoneClusterImpl-ea17cf83-5a24-424f-8e3a-0ef9e94bb6a3/ozone-meta/datanode-3/meta/dn/certs/CA-2.crt
2025-07-05 15:54:12,948 [main] INFO  utils.CertificateCodec (CertificateCodec.java:writeCertificate(242)) - Certificate -----BEGIN CERTIFICATE-----
MIID/DCCAuSgAwIBAgIBAjANBgkqhkiG9w0BAQsFADCBgjEWMBQGA1UEAwwNc2Nt
QGxvY2FsaG9zdDEtMCsGA1UECwwkZDYwOGNjYTctOGY2Yy00ODVmLWFmZDYtMmM3
ZTM1NThiYzllMS0wKwYDVQQKDCRlYTE3Y2Y4My01YTI0LTQyNGYtOGUzYS0wZWY5
ZTk0YmI2YTMxCjAIBgNVBAUTATEwHhcNMjUwNzA1MTU1MzQwWhcNMzAwODEzMTU1
MzQwWjCBhjEaMBgGA1UEAwwRc2NtLXN1YkBsb2NhbGhvc3QxLTArBgNVBAsMJGQ2
MDhjY2E3LThmNmMtNDg1Zi1hZmQ2LTJjN2UzNTU4YmM5ZTEtMCsGA1UECgwkZWEx
N2NmODMtNWEyNC00MjRmLThlM2EtMGVmOWU5NGJiNmEzMQowCAYDVQQFEwEyMIIB
IjANBgkqhkiG9w0BAQEFAAOCAQ8AMIIBCgKCAQEAuQscYUewG1m/uHgL49S/QTp6
LaaEIMS/4ZuVlYF651wyH+ZBviJuQbIt51YTqOgzvF7hqPMsZRiZXz6KJd2jwwQt
AJXRdr0tSt9nvfnsvC2MjI+Ne83vqLnAf6Zu/1mGpzSnV7pqwwXzOUYDKaK9eBem
NC9qKZroT4MbKhKkLYKiH6Iqb+D7YzVkUOyItGAPl7SZDZifOJDnCV3FiNhUzlaY
T1KuaJ9DHAZAIZADi0VFnPzTRVSqxynfz8jCFdRq3AftAhC5WnUvTIOPqfsFeg5B
fLSaW9Ko4X4NzEMZLizxVpnmX1575EC8E5Je8P5SFtaMZpdfKRUWRKfIfkMtPwID
AQABo3cwdTAOBgNVHQ8BAf8EBAMCAb4wUgYDVR0RBEswSYcECgEAWYJBZnYtYXox
MjgwLTg5MS41aW5lMWVsNW1ibWVkanhrZHc1Y2FseGVlZi5leC5pbnRlcm5hbC5j
bG91ZGFwcC5uZXQwDwYDVR0TAQH/BAUwAwEB/zANBgkqhkiG9w0BAQsFAAOCAQEA
PfktgZz/V0yyD6A6k8LAWaVFdZhwApkGq98nFqa3VzmnnlYTx07/YwLtvEwsA3cr
+2j3mZtbC6Vi9XCpBEPHPT42qEEbnbTEx81I52shWSXLGj6bx/10YXUwFcE3zQ7H
4SFgpL76o0g+KuMbHzSW4ukG6XdvcbE+pT5ehdieWdqbUz6WtetKE+uD66yyXE8e
KhSBp76hDSn1ZDVfgtXRbwd4j0Xd6KwTcZAbXRgTnPBChhH/fp+aN2SCqvCZDaum
/dRgF2rO2/HG8xGL2vtj0YN5pa+Jrm7jNT8WqMwMdRP+Fegmk7FPdqE6UjeB6Jno
FSokfgWrxvTBpFoalj9slw==
-----END CERTIFICATE-----

-----BEGIN CERTIFICATE-----
MIID+DCCAuCgAwIBAgIBATANBgkqhkiG9w0BAQsFADCBgjEWMBQGA1UEAwwNc2Nt
QGxvY2FsaG9zdDEtMCsGA1UECwwkZDYwOGNjYTctOGY2Yy00ODVmLWFmZDYtMmM3
ZTM1NThiYzllMS0wKwYDVQQKDCRlYTE3Y2Y4My01YTI0LTQyNGYtOGUzYS0wZWY5
ZTk0YmI2YTMxCjAIBgNVBAUTATEwHhcNMjUwNzA1MTU1MzQwWhcNMzAwODEzMTU1
MzQwWjCBgjEWMBQGA1UEAwwNc2NtQGxvY2FsaG9zdDEtMCsGA1UECwwkZDYwOGNj
YTctOGY2Yy00ODVmLWFmZDYtMmM3ZTM1NThiYzllMS0wKwYDVQQKDCRlYTE3Y2Y4
My01YTI0LTQyNGYtOGUzYS0wZWY5ZTk0YmI2YTMxCjAIBgNVBAUTATEwggEiMA0G
CSqGSIb3DQEBAQUAA4IBDwAwggEKAoIBAQDatei3N+kw7JbL1zCKuuMRj/z2bT0w
1oPD5H2JUwP4tHfe0laBCGJRS5NNdFLmWCA6mVEJ+wI5qOEGfekL9JHEkXiy2yjj
kF81uirr/+n87N5uQF7j3ATQZlSN5iIO05f4Mg8K8yWST32eQ571nT3qJCq6aTZJ
5xvsqB7CWjgEjj+fJYV053M+ma+ACYk078ACmt5g/DyxzsWDmBaTddoyYjXzmN4t
ydD7qwadpboi+C5MSbC0A119sAANeP9NOnwxdrfmPUdErFJVujzYxx1YoQwy19Jh
IWspc7N9Ef9hwDpFbe+ps1dxmiIRy9vt7brBhJOKIPu9YA+Lidn5lsw1AgMBAAGj
dzB1MA8GA1UdEwEB/wQFMAMBAf8wDgYDVR0PAQH/BAQDAgEGMFIGA1UdEQRLMEmH
BAoBAFmCQWZ2LWF6MTI4MC04OTEuNWluZTFlbDVtYm1lZGp4a2R3NWNhbHhlZWYu
ZXguaW50ZXJuYWwuY2xvdWRhcHAubmV0MA0GCSqGSIb3DQEBCwUAA4IBAQC/stst
JnbZIAbhSy8k51njgPW7WelXmNH819nGeQexvfR+pGFu41OHZ0O2DilgWAV/4CUN
0NjfZBJAlMAHRrHDZP0dnKKDtDGsRgakxLiqxsiBtAAlEMRd7+ruNMMScvnt0uz1
GBrnV2Bpz/URjA2RoCySEaKp0IxdT8XpQVoTrBxjUpKfsO1Ub5mx0dhwqHjS3Ff5
eVGQn4+EDjID2yh9Ijttx/+ZfJ5S3Jf2NAN9PvHeCAmvqT/yZ7CtuYtfqajyY2h6
5Y1ss7y/PzLp8h4LcnIInt1hLWj+rF9eg78OXZVp0B8gsqZqcRLI8hy+Jx136LEV
WMsNZW6+FhlwxqiJ
-----END CERTIFICATE-----

2025-07-05 15:54:12,950 [IPC Server handler 1 on default port 15002] INFO  client.SCMCertificateClient (DefaultCertificateClient.java:getAllRootCaCerts(971)) - scm/sub-ca has 0 Root CA certificates
2025-07-05 15:54:12,950 [IPC Server handler 1 on default port 15002] INFO  client.SCMCertificateClient (DefaultCertificateClient.java:getAllCaCerts(979)) - scm/sub-ca has 1 CA certificates
2025-07-05 15:54:12,952 [main] INFO  utils.CertificateCodec (CertificateCodec.java:writeCertificate(241)) - Save certificate to /home/runner/work/ozone/ozone/hadoop-ozone/integration-test/target/test-dir/MiniOzoneClusterImpl-ea17cf83-5a24-424f-8e3a-0ef9e94bb6a3/ozone-meta/datanode-3/meta/dn/certs/ROOTCA-1.crt
2025-07-05 15:54:12,952 [main] INFO  utils.CertificateCodec (CertificateCodec.java:writeCertificate(242)) - Certificate -----BEGIN CERTIFICATE-----
MIID+DCCAuCgAwIBAgIBATANBgkqhkiG9w0BAQsFADCBgjEWMBQGA1UEAwwNc2Nt
QGxvY2FsaG9zdDEtMCsGA1UECwwkZDYwOGNjYTctOGY2Yy00ODVmLWFmZDYtMmM3
ZTM1NThiYzllMS0wKwYDVQQKDCRlYTE3Y2Y4My01YTI0LTQyNGYtOGUzYS0wZWY5
ZTk0YmI2YTMxCjAIBgNVBAUTATEwHhcNMjUwNzA1MTU1MzQwWhcNMzAwODEzMTU1
MzQwWjCBgjEWMBQGA1UEAwwNc2NtQGxvY2FsaG9zdDEtMCsGA1UECwwkZDYwOGNj
YTctOGY2Yy00ODVmLWFmZDYtMmM3ZTM1NThiYzllMS0wKwYDVQQKDCRlYTE3Y2Y4
My01YTI0LTQyNGYtOGUzYS0wZWY5ZTk0YmI2YTMxCjAIBgNVBAUTATEwggEiMA0G
CSqGSIb3DQEBAQUAA4IBDwAwggEKAoIBAQDatei3N+kw7JbL1zCKuuMRj/z2bT0w
1oPD5H2JUwP4tHfe0laBCGJRS5NNdFLmWCA6mVEJ+wI5qOEGfekL9JHEkXiy2yjj
kF81uirr/+n87N5uQF7j3ATQZlSN5iIO05f4Mg8K8yWST32eQ571nT3qJCq6aTZJ
5xvsqB7CWjgEjj+fJYV053M+ma+ACYk078ACmt5g/DyxzsWDmBaTddoyYjXzmN4t
ydD7qwadpboi+C5MSbC0A119sAANeP9NOnwxdrfmPUdErFJVujzYxx1YoQwy19Jh
IWspc7N9Ef9hwDpFbe+ps1dxmiIRy9vt7brBhJOKIPu9YA+Lidn5lsw1AgMBAAGj
dzB1MA8GA1UdEwEB/wQFMAMBAf8wDgYDVR0PAQH/BAQDAgEGMFIGA1UdEQRLMEmH
BAoBAFmCQWZ2LWF6MTI4MC04OTEuNWluZTFlbDVtYm1lZGp4a2R3NWNhbHhlZWYu
ZXguaW50ZXJuYWwuY2xvdWRhcHAubmV0MA0GCSqGSIb3DQEBCwUAA4IBAQC/stst
JnbZIAbhSy8k51njgPW7WelXmNH819nGeQexvfR+pGFu41OHZ0O2DilgWAV/4CUN
0NjfZBJAlMAHRrHDZP0dnKKDtDGsRgakxLiqxsiBtAAlEMRd7+ruNMMScvnt0uz1
GBrnV2Bpz/URjA2RoCySEaKp0IxdT8XpQVoTrBxjUpKfsO1Ub5mx0dhwqHjS3Ff5
eVGQn4+EDjID2yh9Ijttx/+ZfJ5S3Jf2NAN9PvHeCAmvqT/yZ7CtuYtfqajyY2h6
5Y1ss7y/PzLp8h4LcnIInt1hLWj+rF9eg78OXZVp0B8gsqZqcRLI8hy+Jx136LEV
WMsNZW6+FhlwxqiJ
-----END CERTIFICATE-----

2025-07-05 15:54:12,953 [main] INFO  client.DNCertificateClient (DefaultCertificateClient.java:updateCertSerialId(1289)) - Certificate serial ID set to 8
2025-07-05 15:54:12,953 [main] INFO  client.DNCertificateClient (DefaultCertificateClient.java:readCertificateFile(247)) - Added certificate 1 from file: /home/runner/work/ozone/ozone/hadoop-ozone/integration-test/target/test-dir/MiniOzoneClusterImpl-ea17cf83-5a24-424f-8e3a-0ef9e94bb6a3/ozone-meta/datanode-3/meta/dn/certs/ROOTCA-1.crt.
2025-07-05 15:54:12,955 [main] INFO  client.DNCertificateClient (DefaultCertificateClient.java:readCertificateFile(247)) - Added certificate 2 from file: /home/runner/work/ozone/ozone/hadoop-ozone/integration-test/target/test-dir/MiniOzoneClusterImpl-ea17cf83-5a24-424f-8e3a-0ef9e94bb6a3/ozone-meta/datanode-3/meta/dn/certs/CA-2.crt.
2025-07-05 15:54:12,956 [main] INFO  client.DNCertificateClient (DefaultCertificateClient.java:readCertificateFile(247)) - Added certificate 8 from file: /home/runner/work/ozone/ozone/hadoop-ozone/integration-test/target/test-dir/MiniOzoneClusterImpl-ea17cf83-5a24-424f-8e3a-0ef9e94bb6a3/ozone-meta/datanode-3/meta/dn/certs/8.crt.
2025-07-05 15:54:12,957 [main] INFO  client.DNCertificateClient (DefaultCertificateClient.java:startCertificateRenewerService(1380)) - CertificateRenewerService for dn is started with first delay 29116799043 ms and interval 86400000 ms.
2025-07-05 15:54:12,961 [main] INFO  client.DNCertificateClient (DefaultCertificateClient.java:recoverStateIfNeeded(812)) - Successfully stored DN signed certificate, case:GETCERT.
2025-07-05 15:54:12,962 [main] INFO  ha.SCMNodeInfo (SCMNodeInfo.java:getPort(197)) - ConfigKey ozone.scm.client.address is deprecated, For configuring different ports for each SCM use PortConfigKey ozone.scm.client.port appended with serviceId and nodeId
2025-07-05 15:54:12,962 [main] INFO  ha.SCMNodeInfo (SCMNodeInfo.java:getPort(197)) - ConfigKey ozone.scm.block.client.address is deprecated, For configuring different ports for each SCM use PortConfigKey ozone.scm.block.client.port appended with serviceId and nodeId
2025-07-05 15:54:12,962 [main] INFO  ha.SCMNodeInfo (SCMNodeInfo.java:getPort(197)) - ConfigKey ozone.scm.security.service.address is deprecated, For configuring different ports for each SCM use PortConfigKey ozone.scm.security.service.port appended with serviceId and nodeId
2025-07-05 15:54:12,962 [main] INFO  ha.SCMNodeInfo (SCMNodeInfo.java:getPort(197)) - ConfigKey ozone.scm.datanode.address is deprecated, For configuring different ports for each SCM use PortConfigKey ozone.scm.datanode.port appended with serviceId and nodeId
2025-07-05 15:54:12,962 [main] INFO  ha.SCMNodeInfo (SCMNodeInfo.java:getPort(197)) - ConfigKey ozone.scm.client.address is deprecated, For configuring different ports for each SCM use PortConfigKey ozone.scm.client.port appended with serviceId and nodeId
2025-07-05 15:54:12,963 [main] INFO  ha.SCMNodeInfo (SCMNodeInfo.java:getPort(197)) - ConfigKey ozone.scm.block.client.address is deprecated, For configuring different ports for each SCM use PortConfigKey ozone.scm.block.client.port appended with serviceId and nodeId
2025-07-05 15:54:12,963 [main] INFO  ha.SCMNodeInfo (SCMNodeInfo.java:getPort(197)) - ConfigKey ozone.scm.security.service.address is deprecated, For configuring different ports for each SCM use PortConfigKey ozone.scm.security.service.port appended with serviceId and nodeId
2025-07-05 15:54:12,963 [main] INFO  ha.SCMNodeInfo (SCMNodeInfo.java:getPort(197)) - ConfigKey ozone.scm.datanode.address is deprecated, For configuring different ports for each SCM use PortConfigKey ozone.scm.datanode.port appended with serviceId and nodeId
2025-07-05 15:54:12,963 [main] INFO  ha.SCMNodeInfo (SCMNodeInfo.java:getPort(197)) - ConfigKey ozone.scm.client.address is deprecated, For configuring different ports for each SCM use PortConfigKey ozone.scm.client.port appended with serviceId and nodeId
2025-07-05 15:54:12,963 [main] INFO  ha.SCMNodeInfo (SCMNodeInfo.java:getPort(197)) - ConfigKey ozone.scm.block.client.address is deprecated, For configuring different ports for each SCM use PortConfigKey ozone.scm.block.client.port appended with serviceId and nodeId
2025-07-05 15:54:12,964 [main] INFO  ha.SCMNodeInfo (SCMNodeInfo.java:getPort(197)) - ConfigKey ozone.scm.security.service.address is deprecated, For configuring different ports for each SCM use PortConfigKey ozone.scm.security.service.port appended with serviceId and nodeId
2025-07-05 15:54:12,964 [main] INFO  ha.SCMNodeInfo (SCMNodeInfo.java:getPort(197)) - ConfigKey ozone.scm.datanode.address is deprecated, For configuring different ports for each SCM use PortConfigKey ozone.scm.datanode.port appended with serviceId and nodeId
2025-07-05 15:54:12,965 [main] INFO  proxy.SecretKeyProtocolFailoverProxyProvider (SCMFailoverProxyProviderBase.java:<init>(120)) - Created fail-over proxy for protocol SecretKeyProtocolDatanodePB with 3 nodes: [nodeId=scmNode-2,nodeAddress=/127.0.0.1:15010, nodeId=scmNode-3,nodeAddress=/127.0.0.1:15018, nodeId=scmNode-1,nodeAddress=/127.0.0.1:15002]
2025-07-05 15:54:12,965 [main] INFO  symmetric.DefaultSecretKeyVerifierClient (DefaultSecretKeyVerifierClient.java:<init>(76)) - Initializing secret key cache with size 4, TTL PT8M20S
2025-07-05 15:54:12,974 [Socket Reader #1 for port 15002] INFO  ipc.Server (Server.java:saslProcess(2290)) - Auth successful for scm/localhost@EXAMPLE.COM (auth:KERBEROS) from 127.0.0.1:34623
2025-07-05 15:54:12,980 [main] INFO  symmetric.DefaultSecretKeySignerClient (DefaultSecretKeySignerClient.java:start(83)) - Initial secret key fetched from SCM: SecretKey(id = d68e803d-24ae-4d18-af54-e13ef808b648, creation at: 2025-07-05T15:53:53.915Z, expire at: 2025-07-05T16:02:13.915Z).
2025-07-05 15:54:12,980 [main] INFO  symmetric.DefaultSecretKeySignerClient (DefaultSecretKeySignerClient.java:scheduleSecretKeyPoller(149)) - Scheduling SecretKeyPoller with initial delay of PT8M0.93404636S and interval of PT8M20S
2025-07-05 15:54:12,981 [main] WARN  statemachine.DatanodeConfiguration (DatanodeConfiguration.java:validateMinFreeSpace(751)) - hdds.datanode.volume.min.free.space.percent = -1.0 is invalid, should be between 0 and 1
2025-07-05 15:54:12,982 [main] INFO  upgrade.AbstractLayoutVersionManager (AbstractLayoutVersionManager.java:init(80)) - Initializing Layout version manager with metadata layout = HBASE_SUPPORT (version = 8), software layout = HBASE_SUPPORT (version = 8)
2025-07-05 15:54:12,983 [main] INFO  ha.SCMNodeInfo (SCMNodeInfo.java:getPort(197)) - ConfigKey ozone.scm.client.address is deprecated, For configuring different ports for each SCM use PortConfigKey ozone.scm.client.port appended with serviceId and nodeId
2025-07-05 15:54:12,983 [main] INFO  ha.SCMNodeInfo (SCMNodeInfo.java:getPort(197)) - ConfigKey ozone.scm.block.client.address is deprecated, For configuring different ports for each SCM use PortConfigKey ozone.scm.block.client.port appended with serviceId and nodeId
2025-07-05 15:54:12,983 [main] INFO  ha.SCMNodeInfo (SCMNodeInfo.java:getPort(197)) - ConfigKey ozone.scm.security.service.address is deprecated, For configuring different ports for each SCM use PortConfigKey ozone.scm.security.service.port appended with serviceId and nodeId
2025-07-05 15:54:12,983 [main] INFO  ha.SCMNodeInfo (SCMNodeInfo.java:getPort(197)) - ConfigKey ozone.scm.datanode.address is deprecated, For configuring different ports for each SCM use PortConfigKey ozone.scm.datanode.port appended with serviceId and nodeId
2025-07-05 15:54:12,983 [main] INFO  ha.SCMNodeInfo (SCMNodeInfo.java:getPort(197)) - ConfigKey ozone.scm.client.address is deprecated, For configuring different ports for each SCM use PortConfigKey ozone.scm.client.port appended with serviceId and nodeId
2025-07-05 15:54:12,983 [main] INFO  ha.SCMNodeInfo (SCMNodeInfo.java:getPort(197)) - ConfigKey ozone.scm.block.client.address is deprecated, For configuring different ports for each SCM use PortConfigKey ozone.scm.block.client.port appended with serviceId and nodeId
2025-07-05 15:54:12,983 [main] INFO  ha.SCMNodeInfo (SCMNodeInfo.java:getPort(197)) - ConfigKey ozone.scm.security.service.address is deprecated, For configuring different ports for each SCM use PortConfigKey ozone.scm.security.service.port appended with serviceId and nodeId
2025-07-05 15:54:12,983 [main] INFO  ha.SCMNodeInfo (SCMNodeInfo.java:getPort(197)) - ConfigKey ozone.scm.datanode.address is deprecated, For configuring different ports for each SCM use PortConfigKey ozone.scm.datanode.port appended with serviceId and nodeId
2025-07-05 15:54:12,983 [main] INFO  ha.SCMNodeInfo (SCMNodeInfo.java:getPort(197)) - ConfigKey ozone.scm.client.address is deprecated, For configuring different ports for each SCM use PortConfigKey ozone.scm.client.port appended with serviceId and nodeId
2025-07-05 15:54:12,983 [main] INFO  ha.SCMNodeInfo (SCMNodeInfo.java:getPort(197)) - ConfigKey ozone.scm.block.client.address is deprecated, For configuring different ports for each SCM use PortConfigKey ozone.scm.block.client.port appended with serviceId and nodeId
2025-07-05 15:54:12,983 [main] INFO  ha.SCMNodeInfo (SCMNodeInfo.java:getPort(197)) - ConfigKey ozone.scm.security.service.address is deprecated, For configuring different ports for each SCM use PortConfigKey ozone.scm.security.service.port appended with serviceId and nodeId
2025-07-05 15:54:12,983 [main] INFO  ha.SCMNodeInfo (SCMNodeInfo.java:getPort(197)) - ConfigKey ozone.scm.datanode.address is deprecated, For configuring different ports for each SCM use PortConfigKey ozone.scm.datanode.port appended with serviceId and nodeId
2025-07-05 15:54:12,984 [main] INFO  statemachine.DatanodeStateMachine (DatanodeStateMachine.java:getEndPointTaskThreadPoolSize(305)) - Datanode State Machine Task Thread Pool size 4
2025-07-05 15:54:12,984 [main] WARN  statemachine.DatanodeConfiguration (DatanodeConfiguration.java:validateMinFreeSpace(751)) - hdds.datanode.volume.min.free.space.percent = -1.0 is invalid, should be between 0 and 1
2025-07-05 15:54:12,985 [main] WARN  statemachine.DatanodeConfiguration (DatanodeConfiguration.java:validateMinFreeSpace(751)) - hdds.datanode.volume.min.free.space.percent = -1.0 is invalid, should be between 0 and 1
2025-07-05 15:54:12,985 [main] WARN  statemachine.DatanodeConfiguration (DatanodeConfiguration.java:validateMinFreeSpace(751)) - hdds.datanode.volume.min.free.space.percent = -1.0 is invalid, should be between 0 and 1
2025-07-05 15:54:12,986 [main] WARN  statemachine.DatanodeConfiguration (DatanodeConfiguration.java:validateMinFreeSpace(751)) - hdds.datanode.volume.min.free.space.percent = -1.0 is invalid, should be between 0 and 1
2025-07-05 15:54:12,987 [main] INFO  volume.HddsVolume (HddsVolume.java:<init>(162)) - HddsVolume: { id=DS-77ef1ebc-72e5-4219-b11d-dea127ddbeb5 dir=/home/runner/work/ozone/ozone/hadoop-ozone/integration-test/target/test-dir/MiniOzoneClusterImpl-ea17cf83-5a24-424f-8e3a-0ef9e94bb6a3/ozone-meta/datanode-3/data-0/hdds type=DISK capacity=9222449699674390527 used=0 available=9222449699674390527 minFree=9222450130714624 committed=0 }
2025-07-05 15:54:12,987 [main] INFO  volume.MutableVolumeSet (MutableVolumeSet.java:initializeVolumeSet(167)) - Added Volume : /home/runner/work/ozone/ozone/hadoop-ozone/integration-test/target/test-dir/MiniOzoneClusterImpl-ea17cf83-5a24-424f-8e3a-0ef9e94bb6a3/ozone-meta/datanode-3/data-0/hdds to VolumeSet
2025-07-05 15:54:12,988 [main] WARN  statemachine.DatanodeConfiguration (DatanodeConfiguration.java:validateMinFreeSpace(751)) - hdds.datanode.volume.min.free.space.percent = -1.0 is invalid, should be between 0 and 1
2025-07-05 15:54:12,988 [main] WARN  statemachine.DatanodeConfiguration (DatanodeConfiguration.java:validateMinFreeSpace(751)) - hdds.datanode.volume.min.free.space.percent = -1.0 is invalid, should be between 0 and 1
2025-07-05 15:54:12,989 [main] INFO  volume.MutableVolumeSet (MutableVolumeSet.java:initializeVolumeSet(167)) - Added Volume : /home/runner/work/ozone/ozone/hadoop-ozone/integration-test/target/test-dir/MiniOzoneClusterImpl-ea17cf83-5a24-424f-8e3a-0ef9e94bb6a3/ozone-meta/datanode-3/ratis to VolumeSet
2025-07-05 15:54:12,989 [main] WARN  statemachine.DatanodeConfiguration (DatanodeConfiguration.java:validateMinFreeSpace(751)) - hdds.datanode.volume.min.free.space.percent = -1.0 is invalid, should be between 0 and 1
2025-07-05 15:54:12,989 [main] WARN  statemachine.DatanodeConfiguration (DatanodeConfiguration.java:validateMinFreeSpace(751)) - hdds.datanode.volume.min.free.space.percent = -1.0 is invalid, should be between 0 and 1
2025-07-05 15:54:12,990 [main] INFO  ozoneimpl.OzoneContainer (HddsVolumeUtil.java:loadAllHddsVolumeDbStore(102)) - Load 1 volumes DbStore cost: 0ms
2025-07-05 15:54:12,990 [main] WARN  db.DBStoreBuilder (DBStoreBuilder.java:getDBDirPath(158)) - ozone.scm.datanode.id.dir is not configured. We recommend adding this setting. Falling back to ozone.metadata.dirs instead.
2025-07-05 15:54:12,991 [main] WARN  statemachine.DatanodeConfiguration (DatanodeConfiguration.java:validateMinFreeSpace(751)) - hdds.datanode.volume.min.free.space.percent = -1.0 is invalid, should be between 0 and 1
2025-07-05 15:54:12,991 [main] WARN  db.DBStoreBuilder (DBStoreBuilder.java:getDBDirPath(158)) - ozone.scm.datanode.id.dir is not configured. We recommend adding this setting. Falling back to ozone.metadata.dirs instead.
2025-07-05 15:54:13,005 [main] WARN  statemachine.DatanodeConfiguration (DatanodeConfiguration.java:validateMinFreeSpace(751)) - hdds.datanode.volume.min.free.space.percent = -1.0 is invalid, should be between 0 and 1
2025-07-05 15:54:13,006 [main] WARN  statemachine.DatanodeConfiguration (DatanodeConfiguration.java:validateMinFreeSpace(751)) - hdds.datanode.volume.min.free.space.percent = -1.0 is invalid, should be between 0 and 1
2025-07-05 15:54:13,006 [main] INFO  impl.FilePerChunkStrategy (FilePerChunkStrategy.java:<init>(79)) - ozone.chunk.read.mapped.buffer.max.count is load with 0
2025-07-05 15:54:13,007 [main] INFO  impl.FilePerBlockStrategy (FilePerBlockStrategy.java:<init>(88)) - ozone.chunk.read.mapped.buffer.max.count is load with 0
2025-07-05 15:54:13,007 [main] WARN  statemachine.DatanodeConfiguration (DatanodeConfiguration.java:validateMinFreeSpace(751)) - hdds.datanode.volume.min.free.space.percent = -1.0 is invalid, should be between 0 and 1
2025-07-05 15:54:13,008 [main] INFO  server.RaftServerConfigKeys (ConfUtils.java:logGet(62)) - raft.server.log.appender.buffer.byte-limit = 33554432 (custom)
2025-07-05 15:54:13,010 [main] INFO  grpc.GrpcConfigKeys (ConfUtils.java:logFallback(69)) - raft.grpc.admin.host = null (fallback to raft.grpc.server.host)
2025-07-05 15:54:13,010 [main] INFO  grpc.GrpcConfigKeys (ConfUtils.java:logGet(62)) - raft.grpc.admin.port = 15066 (custom)
2025-07-05 15:54:13,010 [main] INFO  grpc.GrpcConfigKeys (ConfUtils.java:logFallback(69)) - raft.grpc.client.host = null (fallback to raft.grpc.server.host)
2025-07-05 15:54:13,010 [main] INFO  grpc.GrpcConfigKeys (ConfUtils.java:logGet(62)) - raft.grpc.client.port = 15065 (custom)
2025-07-05 15:54:13,010 [main] INFO  grpc.GrpcConfigKeys (ConfUtils.java:logGet(62)) - raft.grpc.server.port = 15067 (custom)
2025-07-05 15:54:13,010 [main] INFO  server.GrpcServicesImpl (ConfUtils.java:logGet(62)) - raft.grpc.message.size.max = 34603008 (custom)
2025-07-05 15:54:13,010 [main] INFO  server.GrpcServicesImpl (ConfUtils.java:logGet(62)) - raft.grpc.flow.control.window = 5MB (=5242880) (custom)
2025-07-05 15:54:13,011 [main] INFO  server.RaftServerConfigKeys (ConfUtils.java:logGet(62)) - raft.server.log.appender.buffer.byte-limit = 33554432 (custom)
2025-07-05 15:54:13,012 [main] INFO  netty.NettyUtils (NettyUtils.java:newEventLoopGroup(74)) - Create EpollEventLoopGroup for 11776e6b-d53e-4cdc-a879-730cb763d81d-NettyServerStreamRpc-bossGroup; Thread size is 0.
2025-07-05 15:54:13,013 [main] INFO  netty.NettyUtils (NettyUtils.java:newEventLoopGroup(74)) - Create EpollEventLoopGroup for 11776e6b-d53e-4cdc-a879-730cb763d81d-NettyServerStreamRpc-workerGroup; Thread size is 0.
2025-07-05 15:54:13,014 [main] INFO  netty.NettyConfigKeys$DataStream (ConfUtils.java:logGet(62)) - raft.netty.dataStream.port = 15068 (custom)
2025-07-05 15:54:13,015 [main] INFO  server.RaftServerConfigKeys (ConfUtils.java:logGet(62)) - raft.server.storage.dir = [/home/runner/work/ozone/ozone/hadoop-ozone/integration-test/target/test-dir/MiniOzoneClusterImpl-ea17cf83-5a24-424f-8e3a-0ef9e94bb6a3/ozone-meta/datanode-3/ratis] (custom)
2025-07-05 15:54:13,015 [11776e6b-d53e-4cdc-a879-730cb763d81d-NettyServerStreamRpc-bossGroup--thread1] INFO  logging.LoggingHandler (AbstractInternalLogger.java:log(148)) - [id: 0xccf331af] REGISTERED
2025-07-05 15:54:13,015 [11776e6b-d53e-4cdc-a879-730cb763d81d-NettyServerStreamRpc-bossGroup--thread1] INFO  logging.LoggingHandler (AbstractInternalLogger.java:log(148)) - [id: 0xccf331af] BIND: 0.0.0.0/0.0.0.0:15068
2025-07-05 15:54:13,015 [11776e6b-d53e-4cdc-a879-730cb763d81d-NettyServerStreamRpc-bossGroup--thread1] INFO  logging.LoggingHandler (AbstractInternalLogger.java:log(148)) - [id: 0xccf331af, L:/0.0.0.0:15068] ACTIVE
2025-07-05 15:54:13,015 [11776e6b-d53e-4cdc-a879-730cb763d81d-impl-thread1] INFO  server.RaftServer (RaftServerProxy.java:initGroupDir(270)) - 11776e6b-d53e-4cdc-a879-730cb763d81d: found a subdirectory /home/runner/work/ozone/ozone/hadoop-ozone/integration-test/target/test-dir/MiniOzoneClusterImpl-ea17cf83-5a24-424f-8e3a-0ef9e94bb6a3/ozone-meta/datanode-3/ratis/tmp
2025-07-05 15:54:13,015 [11776e6b-d53e-4cdc-a879-730cb763d81d-impl-thread1] INFO  server.RaftServer (RaftServerProxy.java:initGroupDir(275)) - 11776e6b-d53e-4cdc-a879-730cb763d81d: The directory /home/runner/work/ozone/ozone/hadoop-ozone/integration-test/target/test-dir/MiniOzoneClusterImpl-ea17cf83-5a24-424f-8e3a-0ef9e94bb6a3/ozone-meta/datanode-3/ratis/tmp is not a group directory; ignoring it. 
2025-07-05 15:54:13,016 [main] INFO  replication.ReplicationServer (ReplicationServer.java:<init>(84)) - Initializing replication server with thread count = 10 queue length = 4096
2025-07-05 15:54:13,016 [main] WARN  statemachine.DatanodeConfiguration (DatanodeConfiguration.java:validateMinFreeSpace(751)) - hdds.datanode.volume.min.free.space.percent = -1.0 is invalid, should be between 0 and 1
2025-07-05 15:54:13,017 [main] INFO  server.XceiverServerGrpc (XceiverServerGrpc.java:<init>(130)) - GrpcServer channel type EpollServerSocketChannel
2025-07-05 15:54:13,017 [main] WARN  statemachine.DatanodeConfiguration (DatanodeConfiguration.java:validateMinFreeSpace(751)) - hdds.datanode.volume.min.free.space.percent = -1.0 is invalid, should be between 0 and 1
2025-07-05 15:54:13,018 [main] INFO  replication.ReplicationSupervisor (ReplicationSupervisor.java:build(169)) - Initializing replication supervisor with thread count = 10
2025-07-05 15:54:13,018 [main] INFO  replication.ReplicationSupervisor (ReplicationSupervisor.java:nodeStateUpdated(358)) - Node state updated to IN_SERVICE, scaling executor pool size to 10
2025-07-05 15:54:13,018 [main] INFO  client.DNCertificateClient (DefaultCertificateClient.java:getAllCaCerts(979)) - dn has 2 CA certificates
2025-07-05 15:54:13,019 [main] INFO  client.DNCertificateClient (DefaultCertificateClient.java:getAllRootCaCerts(971)) - dn has 1 Root CA certificates
2025-07-05 15:54:13,019 [main] INFO  client.DNCertificateClient (DefaultCertificateClient.java:getAllCaCerts(979)) - dn has 2 CA certificates
2025-07-05 15:54:13,019 [main] INFO  client.DNCertificateClient (DefaultCertificateClient.java:getAllRootCaCerts(971)) - dn has 1 Root CA certificates
2025-07-05 15:54:13,020 [main] WARN  statemachine.DatanodeConfiguration (DatanodeConfiguration.java:validateMinFreeSpace(751)) - hdds.datanode.volume.min.free.space.percent = -1.0 is invalid, should be between 0 and 1
2025-07-05 15:54:13,022 [main] INFO  http.BaseHttpServer (BaseHttpServer.java:newHttpServer2BuilderForOzone(229)) - Starting Web-server for hddsDatanode at: http://0.0.0.0:15062
2025-07-05 15:54:13,022 [main] INFO  http.BaseHttpServer (BaseHttpServer.java:<init>(107)) - Hadoop Security Enabled: true Ozone Security Enabled: true Ozone HTTP Security Enabled: false 
2025-07-05 15:54:13,024 [main] WARN  server.AuthenticationFilter (AuthenticationFilter.java:constructSecretProvider(240)) - Unable to initialize FileSignerSecretProvider, falling back to use random secrets. Reason: Could not read signature secret file: /home/runner/hadoop-http-auth-signature-secret
2025-07-05 15:54:13,026 [main] INFO  http.HttpServer2 (HttpServer2.java:addGlobalFilter(1042)) - Added global filter 'safety' (class=org.apache.hadoop.hdds.server.http.HttpServer2$QuotingInputFilter)
2025-07-05 15:54:13,027 [main] INFO  http.HttpServer2 (HttpServer2.java:addFilter(1018)) - Added filter static_user_filter (class=org.apache.hadoop.http.lib.StaticUserWebFilter$StaticUserFilter) to context hddsDatanode
2025-07-05 15:54:13,027 [main] INFO  http.HttpServer2 (HttpServer2.java:addFilter(1026)) - Added filter static_user_filter (class=org.apache.hadoop.http.lib.StaticUserWebFilter$StaticUserFilter) to context logs
2025-07-05 15:54:13,027 [main] INFO  http.HttpServer2 (HttpServer2.java:addFilter(1026)) - Added filter static_user_filter (class=org.apache.hadoop.http.lib.StaticUserWebFilter$StaticUserFilter) to context static
2025-07-05 15:54:13,028 [main] INFO  http.BaseHttpServer (BaseHttpServer.java:<init>(195)) - HTTP server of hddsDatanode uses base directory /home/runner/work/ozone/ozone/hadoop-ozone/integration-test/target/test-dir/MiniOzoneClusterImpl-ea17cf83-5a24-424f-8e3a-0ef9e94bb6a3/ozone-meta/datanode-3/meta/webserver
2025-07-05 15:54:13,028 [main] INFO  http.HttpServer2 (HttpServer2.java:bindListener(1242)) - Jetty bound to port 15062
2025-07-05 15:54:13,028 [main] INFO  server.Server (Server.java:doStart(375)) - jetty-9.4.57.v20241219; built: 2025-01-08T21:24:30.412Z; git: df524e6b29271c2e09ba9aea83c18dc9db464a31; jvm 21.0.7+6-LTS
2025-07-05 15:54:13,029 [main] INFO  server.session (DefaultSessionIdManager.java:doStart(334)) - DefaultSessionIdManager workerName=node0
2025-07-05 15:54:13,029 [main] INFO  server.session (DefaultSessionIdManager.java:doStart(339)) - No SessionScavenger set, using defaults
2025-07-05 15:54:13,030 [main] INFO  server.session (HouseKeeper.java:startScavenging(132)) - node0 Scavenging every 660000ms
2025-07-05 15:54:13,030 [main] INFO  handler.ContextHandler (ContextHandler.java:doStart(921)) - Started o.e.j.s.ServletContextHandler@9f5022c{logs,/logs,file:///home/runner/work/ozone/ozone/hadoop-ozone/integration-test/target/log,AVAILABLE}
2025-07-05 15:54:13,031 [main] INFO  handler.ContextHandler (ContextHandler.java:doStart(921)) - Started o.e.j.s.ServletContextHandler@290ab243{static,/static,jar:file:/home/runner/work/ozone/ozone/hadoop-hdds/container-service/target/hdds-container-service-2.1.0-SNAPSHOT.jar!/webapps/static,AVAILABLE}
2025-07-05 15:54:13,176 [IPC Server handler 2 on default port 15004] INFO  net.NetworkTopologyImpl (NetworkTopologyImpl.java:add(133)) - Added a new node: /default-rack/0584da7b-3980-4d20-b3ba-d97c117b17a2
2025-07-05 15:54:13,177 [IPC Server handler 0 on default port 15020] INFO  net.NetworkTopologyImpl (NetworkTopologyImpl.java:add(133)) - Added a new node: /default-rack/0584da7b-3980-4d20-b3ba-d97c117b17a2
2025-07-05 15:54:13,176 [IPC Server handler 2 on default port 15012] INFO  net.NetworkTopologyImpl (NetworkTopologyImpl.java:add(133)) - Added a new node: /default-rack/0584da7b-3980-4d20-b3ba-d97c117b17a2
2025-07-05 15:54:13,178 [IPC Server handler 2 on default port 15012] INFO  node.SCMNodeManager (SCMNodeManager.java:register(423)) - Registered datanode: 0584da7b-3980-4d20-b3ba-d97c117b17a2{ip: 127.0.0.1, host: localhost, ports: [HTTP=15046, CLIENT_RPC=15047, REPLICATION=15053, RATIS=15049, RATIS_ADMIN=15050, RATIS_SERVER=15051, RATIS_DATASTREAM=15052, STANDALONE=15048], networkLocation: /default-rack, certSerialId: 6, persistedOpState: null, persistedOpStateExpiryEpochSec: 0}
2025-07-05 15:54:13,179 [IPC Server handler 2 on default port 15004] INFO  node.SCMNodeManager (SCMNodeManager.java:register(423)) - Registered datanode: 0584da7b-3980-4d20-b3ba-d97c117b17a2{ip: 127.0.0.1, host: localhost, ports: [HTTP=15046, CLIENT_RPC=15047, REPLICATION=15053, RATIS=15049, RATIS_ADMIN=15050, RATIS_SERVER=15051, RATIS_DATASTREAM=15052, STANDALONE=15048], networkLocation: /default-rack, certSerialId: 6, persistedOpState: null, persistedOpStateExpiryEpochSec: 0}
2025-07-05 15:54:13,178 [IPC Server handler 0 on default port 15020] INFO  node.SCMNodeManager (SCMNodeManager.java:register(423)) - Registered datanode: 0584da7b-3980-4d20-b3ba-d97c117b17a2{ip: 127.0.0.1, host: localhost, ports: [HTTP=15046, CLIENT_RPC=15047, REPLICATION=15053, RATIS=15049, RATIS_ADMIN=15050, RATIS_SERVER=15051, RATIS_DATASTREAM=15052, STANDALONE=15048], networkLocation: /default-rack, certSerialId: 6, persistedOpState: null, persistedOpStateExpiryEpochSec: 0}
2025-07-05 15:54:13,182 [scmNode-2-EventQueue-NewNodeForNewNodeHandler] INFO  pipeline.BackgroundPipelineCreator (BackgroundPipelineCreator.java:notifyEventTriggered(283)) - ignore, not leader SCM.
2025-07-05 15:54:13,182 [scmNode-1-EventQueue-NewNodeForNewNodeHandler] INFO  pipeline.BackgroundPipelineCreator (BackgroundPipelineCreator.java:notifyEventTriggered(290)) - trigger a one-shot run on scmNode-1-RatisPipelineUtilsThread.
2025-07-05 15:54:13,182 [scmNode-3-EventQueue-NewNodeForNewNodeHandler] INFO  pipeline.BackgroundPipelineCreator (BackgroundPipelineCreator.java:notifyEventTriggered(283)) - ignore, not leader SCM.
2025-07-05 15:54:13,184 [scmNode-3-EventQueue-NodeRegistrationContainerReportForDataNodeSafeModeRule] INFO  safemode.SCMSafeModeManager (DataNodeSafeModeRule.java:process(80)) - SCM in safe mode. 1 DataNodes registered, 3 required.
2025-07-05 15:54:13,184 [scmNode-3-EventQueue-ContainerRegistrationReportForRatisContainerSafeModeRule] INFO  safemode.SCMSafeModeManager (SCMSafeModeManager.java:validateSafeModeExitRules(138)) - RatisContainerSafeModeRule rule is successfully validated
2025-07-05 15:54:13,184 [scmNode-1-EventQueue-NodeRegistrationContainerReportForDataNodeSafeModeRule] INFO  safemode.SCMSafeModeManager (DataNodeSafeModeRule.java:process(80)) - SCM in safe mode. 1 DataNodes registered, 3 required.
2025-07-05 15:54:13,186 [scmNode-1-EventQueue-PipelineReportForOneReplicaPipelineSafeModeRule] INFO  safemode.SCMSafeModeManager (SCMSafeModeManager.java:validateSafeModeExitRules(138)) - AtleastOneDatanodeReportedRule rule is successfully validated
2025-07-05 15:54:13,187 [scmNode-2-EventQueue-ContainerRegistrationReportForRatisContainerSafeModeRule] INFO  safemode.SCMSafeModeManager (SCMSafeModeManager.java:validateSafeModeExitRules(138)) - RatisContainerSafeModeRule rule is successfully validated
2025-07-05 15:54:13,187 [scmNode-2-EventQueue-ContainerRegistrationReportForECContainerSafeModeRule] INFO  safemode.SCMSafeModeManager (SCMSafeModeManager.java:validateSafeModeExitRules(138)) - ECContainerSafeModeRule rule is successfully validated
2025-07-05 15:54:13,189 [main] INFO  handler.ContextHandler (ContextHandler.java:doStart(921)) - Started o.e.j.w.WebAppContext@4d5a5cd6{hddsDatanode,/,file:///home/runner/work/ozone/ozone/hadoop-ozone/integration-test/target/test-dir/MiniOzoneClusterImpl-ea17cf83-5a24-424f-8e3a-0ef9e94bb6a3/ozone-meta/datanode-3/meta/webserver/jetty-0_0_0_0-15062-hdds-container-service-2_1_0-SNAPSHOT_jar-_-any-8490390262707659780/webapp/,AVAILABLE}{jar:file:/home/runner/work/ozone/ozone/hadoop-hdds/container-service/target/hdds-container-service-2.1.0-SNAPSHOT.jar!/webapps/hddsDatanode}
2025-07-05 15:54:13,190 [scmNode-1-RatisPipelineUtilsThread-0] INFO  pipeline.RatisPipelineProvider (RatisPipelineProvider.java:lambda$create$0(208)) - Sending CreatePipelineCommand for pipeline:Pipeline-7ba059b5-b1d5-4ffa-b205-e1c7e8442453 to datanode:0584da7b-3980-4d20-b3ba-d97c117b17a2(localhost/127.0.0.1)
2025-07-05 15:54:13,190 [scmNode-3-EventQueue-PipelineReportForOneReplicaPipelineSafeModeRule] INFO  safemode.SCMSafeModeManager (SCMSafeModeManager.java:validateSafeModeExitRules(138)) - AtleastOneDatanodeReportedRule rule is successfully validated
2025-07-05 15:54:13,190 [scmNode-1-EventQueue-ContainerRegistrationReportForECContainerSafeModeRule] INFO  safemode.SCMSafeModeManager (SCMSafeModeManager.java:validateSafeModeExitRules(138)) - ECContainerSafeModeRule rule is successfully validated
2025-07-05 15:54:13,190 [main] INFO  server.AbstractConnector (AbstractConnector.java:doStart(333)) - Started ServerConnector@ae06bd1{HTTP/1.1, (http/1.1)}{0.0.0.0:15062}
2025-07-05 15:54:13,191 [main] INFO  server.Server (Server.java:doStart(415)) - Started @35341ms
2025-07-05 15:54:13,191 [main] WARN  impl.MetricsSystemImpl (MetricsSystemImpl.java:register(279)) - Sink prometheus already exists!
2025-07-05 15:54:13,191 [main] INFO  http.BaseHttpServer (BaseHttpServer.java:updateConnectorAddress(359)) - HTTP server of hddsDatanode listening at http://localhost:15062
2025-07-05 15:54:13,192 [main] INFO  ipc.CallQueueManager (CallQueueManager.java:<init>(93)) - Using callQueue: class java.util.concurrent.LinkedBlockingQueue, queueCapacity: 1000, scheduler: class org.apache.hadoop.ipc.DefaultRpcScheduler, ipcBackoff: false, ipcFailOver: false.
2025-07-05 15:54:13,192 [main] INFO  ipc.Server (Server.java:<init>(1438)) - Listener at 0.0.0.0:15063
2025-07-05 15:54:13,192 [scmNode-3-EventQueue-ContainerRegistrationReportForECContainerSafeModeRule] INFO  safemode.SCMSafeModeManager (SCMSafeModeManager.java:validateSafeModeExitRules(138)) - ECContainerSafeModeRule rule is successfully validated
2025-07-05 15:54:13,192 [scmNode-1-EventQueue-ContainerRegistrationReportForRatisContainerSafeModeRule] INFO  safemode.SCMSafeModeManager (SCMSafeModeManager.java:validateSafeModeExitRules(138)) - RatisContainerSafeModeRule rule is successfully validated
2025-07-05 15:54:13,193 [scmNode-2-EventQueue-NodeRegistrationContainerReportForDataNodeSafeModeRule] INFO  safemode.SCMSafeModeManager (DataNodeSafeModeRule.java:process(80)) - SCM in safe mode. 1 DataNodes registered, 3 required.
2025-07-05 15:54:13,193 [Socket Reader #1 for port 15063] INFO  ipc.Server (Server.java:run(1474)) - Starting Socket Reader #1 for port 15063
2025-07-05 15:54:13,193 [Socket Reader #2 for port 15063] INFO  ipc.Server (Server.java:run(1474)) - Starting Socket Reader #2 for port 15063
2025-07-05 15:54:13,194 [scmNode-2-EventQueue-PipelineReportForOneReplicaPipelineSafeModeRule] INFO  safemode.SCMSafeModeManager (SCMSafeModeManager.java:validateSafeModeExitRules(138)) - AtleastOneDatanodeReportedRule rule is successfully validated
2025-07-05 15:54:13,195 [Socket Reader #3 for port 15063] INFO  ipc.Server (Server.java:run(1474)) - Starting Socket Reader #3 for port 15063
2025-07-05 15:54:13,195 [Socket Reader #4 for port 15063] INFO  ipc.Server (Server.java:run(1474)) - Starting Socket Reader #4 for port 15063
2025-07-05 15:54:13,196 [Socket Reader #5 for port 15063] INFO  ipc.Server (Server.java:run(1474)) - Starting Socket Reader #5 for port 15063
2025-07-05 15:54:13,196 [Socket Reader #6 for port 15063] INFO  ipc.Server (Server.java:run(1474)) - Starting Socket Reader #6 for port 15063
2025-07-05 15:54:13,196 [Socket Reader #7 for port 15063] INFO  ipc.Server (Server.java:run(1474)) - Starting Socket Reader #7 for port 15063
2025-07-05 15:54:13,197 [Socket Reader #8 for port 15063] INFO  ipc.Server (Server.java:run(1474)) - Starting Socket Reader #8 for port 15063
2025-07-05 15:54:13,197 [Socket Reader #9 for port 15063] INFO  ipc.Server (Server.java:run(1474)) - Starting Socket Reader #9 for port 15063
2025-07-05 15:54:13,197 [Socket Reader #10 for port 15063] INFO  ipc.Server (Server.java:run(1474)) - Starting Socket Reader #10 for port 15063
2025-07-05 15:54:13,200 [main] INFO  ozone.HddsDatanodeService (HddsDatanodeService.java:start(333)) - Datanode start with admins: [runner, scm]
2025-07-05 15:54:13,200 [main] INFO  ozone.HddsDatanodeClientProtocolServer (HddsDatanodeClientProtocolServer.java:start(76)) - RPC server for Client /0.0.0.0:15063
2025-07-05 15:54:13,201 [IPC Server Responder] INFO  ipc.Server (Server.java:run(1713)) - IPC Server Responder: starting
2025-07-05 15:54:13,201 [IPC Server listener on 15063] INFO  ipc.Server (Server.java:run(1553)) - IPC Server listener on 15063: starting
2025-07-05 15:54:13,206 [11776e6b-d53e-4cdc-a879-730cb763d81d-DatanodeStateMachineDaemonThread] INFO  statemachine.DatanodeStateMachine (DatanodeStateMachine.java:startStateMachineThread(347)) - Ozone container server started.
2025-07-05 15:54:13,208 [11776e6b-d53e-4cdc-a879-730cb763d81d-DatanodeStateMachineTaskThread-0] INFO  ha.SCMNodeInfo (SCMNodeInfo.java:getPort(197)) - ConfigKey ozone.scm.client.address is deprecated, For configuring different ports for each SCM use PortConfigKey ozone.scm.client.port appended with serviceId and nodeId
2025-07-05 15:54:13,209 [11776e6b-d53e-4cdc-a879-730cb763d81d-DatanodeStateMachineTaskThread-0] INFO  ha.SCMNodeInfo (SCMNodeInfo.java:getPort(197)) - ConfigKey ozone.scm.block.client.address is deprecated, For configuring different ports for each SCM use PortConfigKey ozone.scm.block.client.port appended with serviceId and nodeId
2025-07-05 15:54:13,209 [11776e6b-d53e-4cdc-a879-730cb763d81d-DatanodeStateMachineTaskThread-0] INFO  ha.SCMNodeInfo (SCMNodeInfo.java:getPort(197)) - ConfigKey ozone.scm.security.service.address is deprecated, For configuring different ports for each SCM use PortConfigKey ozone.scm.security.service.port appended with serviceId and nodeId
2025-07-05 15:54:13,209 [11776e6b-d53e-4cdc-a879-730cb763d81d-DatanodeStateMachineTaskThread-0] INFO  ha.SCMNodeInfo (SCMNodeInfo.java:getPort(197)) - ConfigKey ozone.scm.datanode.address is deprecated, For configuring different ports for each SCM use PortConfigKey ozone.scm.datanode.port appended with serviceId and nodeId
2025-07-05 15:54:13,209 [11776e6b-d53e-4cdc-a879-730cb763d81d-DatanodeStateMachineTaskThread-0] INFO  ha.SCMNodeInfo (SCMNodeInfo.java:getPort(197)) - ConfigKey ozone.scm.client.address is deprecated, For configuring different ports for each SCM use PortConfigKey ozone.scm.client.port appended with serviceId and nodeId
2025-07-05 15:54:13,209 [11776e6b-d53e-4cdc-a879-730cb763d81d-DatanodeStateMachineTaskThread-0] INFO  ha.SCMNodeInfo (SCMNodeInfo.java:getPort(197)) - ConfigKey ozone.scm.block.client.address is deprecated, For configuring different ports for each SCM use PortConfigKey ozone.scm.block.client.port appended with serviceId and nodeId
2025-07-05 15:54:13,209 [11776e6b-d53e-4cdc-a879-730cb763d81d-DatanodeStateMachineTaskThread-0] INFO  ha.SCMNodeInfo (SCMNodeInfo.java:getPort(197)) - ConfigKey ozone.scm.security.service.address is deprecated, For configuring different ports for each SCM use PortConfigKey ozone.scm.security.service.port appended with serviceId and nodeId
2025-07-05 15:54:13,209 [11776e6b-d53e-4cdc-a879-730cb763d81d-DatanodeStateMachineTaskThread-0] INFO  ha.SCMNodeInfo (SCMNodeInfo.java:getPort(197)) - ConfigKey ozone.scm.datanode.address is deprecated, For configuring different ports for each SCM use PortConfigKey ozone.scm.datanode.port appended with serviceId and nodeId
2025-07-05 15:54:13,209 [11776e6b-d53e-4cdc-a879-730cb763d81d-DatanodeStateMachineTaskThread-0] INFO  ha.SCMNodeInfo (SCMNodeInfo.java:getPort(197)) - ConfigKey ozone.scm.client.address is deprecated, For configuring different ports for each SCM use PortConfigKey ozone.scm.client.port appended with serviceId and nodeId
2025-07-05 15:54:13,209 [11776e6b-d53e-4cdc-a879-730cb763d81d-DatanodeStateMachineTaskThread-0] INFO  ha.SCMNodeInfo (SCMNodeInfo.java:getPort(197)) - ConfigKey ozone.scm.block.client.address is deprecated, For configuring different ports for each SCM use PortConfigKey ozone.scm.block.client.port appended with serviceId and nodeId
2025-07-05 15:54:13,209 [11776e6b-d53e-4cdc-a879-730cb763d81d-DatanodeStateMachineTaskThread-0] INFO  ha.SCMNodeInfo (SCMNodeInfo.java:getPort(197)) - ConfigKey ozone.scm.security.service.address is deprecated, For configuring different ports for each SCM use PortConfigKey ozone.scm.security.service.port appended with serviceId and nodeId
2025-07-05 15:54:13,209 [11776e6b-d53e-4cdc-a879-730cb763d81d-DatanodeStateMachineTaskThread-0] INFO  ha.SCMNodeInfo (SCMNodeInfo.java:getPort(197)) - ConfigKey ozone.scm.datanode.address is deprecated, For configuring different ports for each SCM use PortConfigKey ozone.scm.datanode.port appended with serviceId and nodeId
2025-07-05 15:54:13,209 [2d344aaf-3adb-4590-a8db-0ff637af21a8@group-0EF9E94BB6A3-StateMachineUpdater] INFO  safemode.SCMSafeModeManager (SCMSafeModeManager.java:validateSafeModeExitRules(138)) - RatisContainerSafeModeRule rule is successfully validated
2025-07-05 15:54:13,209 [2d344aaf-3adb-4590-a8db-0ff637af21a8@group-0EF9E94BB6A3-StateMachineUpdater] INFO  safemode.HealthyPipelineSafeModeRule (HealthyPipelineSafeModeRule.java:initializeRule(228)) - Refreshed total pipeline count is 0, healthy pipeline threshold count is 1
2025-07-05 15:54:13,209 [2d344aaf-3adb-4590-a8db-0ff637af21a8@group-0EF9E94BB6A3-StateMachineUpdater] INFO  safemode.SCMSafeModeManager (SCMSafeModeManager.java:validateSafeModeExitRules(138)) - ECContainerSafeModeRule rule is successfully validated
2025-07-05 15:54:13,209 [2d344aaf-3adb-4590-a8db-0ff637af21a8@group-0EF9E94BB6A3-StateMachineUpdater] INFO  safemode.SCMSafeModeManager (SCMSafeModeManager.java:validateSafeModeExitRules(138)) - AtleastOneDatanodeReportedRule rule is successfully validated
2025-07-05 15:54:13,210 [main] INFO  ozone.MiniOzoneClusterImpl (MiniOzoneClusterImpl.java:lambda$waitForClusterToBeReady$0(173)) - Waiting for nodes to be ready. Got 1 of 3 DN Heartbeats.
2025-07-05 15:54:13,210 [main] INFO  ozone.MiniOzoneClusterImpl (MiniOzoneClusterImpl.java:lambda$waitForClusterToBeReady$0(176)) - Waiting for cluster to exit safe mode
2025-07-05 15:54:13,210 [main] INFO  ozone.MiniOzoneClusterImpl (MiniOzoneClusterImpl.java:lambda$waitForClusterToBeReady$0(178)) - SCM became leader
2025-07-05 15:54:13,211 [e9f0a7df-dfca-4eba-a7d3-db47f637b57c@group-0EF9E94BB6A3-StateMachineUpdater] INFO  safemode.SCMSafeModeManager (SCMSafeModeManager.java:validateSafeModeExitRules(138)) - RatisContainerSafeModeRule rule is successfully validated
2025-07-05 15:54:13,211 [e9f0a7df-dfca-4eba-a7d3-db47f637b57c@group-0EF9E94BB6A3-StateMachineUpdater] INFO  safemode.HealthyPipelineSafeModeRule (HealthyPipelineSafeModeRule.java:initializeRule(228)) - Refreshed total pipeline count is 0, healthy pipeline threshold count is 1
2025-07-05 15:54:13,212 [e9f0a7df-dfca-4eba-a7d3-db47f637b57c@group-0EF9E94BB6A3-StateMachineUpdater] INFO  safemode.SCMSafeModeManager (SCMSafeModeManager.java:validateSafeModeExitRules(138)) - ECContainerSafeModeRule rule is successfully validated
2025-07-05 15:54:13,212 [e9f0a7df-dfca-4eba-a7d3-db47f637b57c@group-0EF9E94BB6A3-StateMachineUpdater] INFO  safemode.SCMSafeModeManager (SCMSafeModeManager.java:validateSafeModeExitRules(138)) - AtleastOneDatanodeReportedRule rule is successfully validated
2025-07-05 15:54:13,213 [d608cca7-8f6c-485f-afd6-2c7e3558bc9e@group-0EF9E94BB6A3-StateMachineUpdater] INFO  safemode.SCMSafeModeManager (SCMSafeModeManager.java:validateSafeModeExitRules(138)) - RatisContainerSafeModeRule rule is successfully validated
2025-07-05 15:54:13,214 [d608cca7-8f6c-485f-afd6-2c7e3558bc9e@group-0EF9E94BB6A3-StateMachineUpdater] INFO  safemode.HealthyPipelineSafeModeRule (HealthyPipelineSafeModeRule.java:initializeRule(228)) - Refreshed total pipeline count is 0, healthy pipeline threshold count is 1
2025-07-05 15:54:13,214 [d608cca7-8f6c-485f-afd6-2c7e3558bc9e@group-0EF9E94BB6A3-StateMachineUpdater] INFO  safemode.SCMSafeModeManager (SCMSafeModeManager.java:validateSafeModeExitRules(138)) - ECContainerSafeModeRule rule is successfully validated
2025-07-05 15:54:13,214 [d608cca7-8f6c-485f-afd6-2c7e3558bc9e@group-0EF9E94BB6A3-StateMachineUpdater] INFO  safemode.SCMSafeModeManager (SCMSafeModeManager.java:validateSafeModeExitRules(138)) - AtleastOneDatanodeReportedRule rule is successfully validated
2025-07-05 15:54:13,217 [scmNode-1-RatisPipelineUtilsThread-0] INFO  pipeline.BackgroundPipelineCreator (BackgroundPipelineCreator.java:createPipelines(246)) - Created new pipeline Pipeline{ Id: 7ba059b5-b1d5-4ffa-b205-e1c7e8442453, Nodes: [ {0584da7b-3980-4d20-b3ba-d97c117b17a2(localhost/127.0.0.1), ReplicaIndex: 0},], ReplicationConfig: RATIS/ONE, State:ALLOCATED, leaderId:, CreationTimestamp2025-07-05T15:54:13.188742274Z[Etc/UTC]}
2025-07-05 15:54:13,218 [11776e6b-d53e-4cdc-a879-730cb763d81d-DatanodeStateMachineTaskThread-0] INFO  datanode.InitDatanodeState (InitDatanodeState.java:persistContainerDatanodeDetails(139)) - DatanodeDetails is persisted to /home/runner/work/ozone/ozone/hadoop-ozone/integration-test/target/test-dir/MiniOzoneClusterImpl-ea17cf83-5a24-424f-8e3a-0ef9e94bb6a3/ozone-meta/datanode-3/meta/datanode.id
2025-07-05 15:54:13,331 [Socket Reader #3 for port 15012] INFO  ipc.Server (Server.java:saslProcess(2290)) - Auth successful for scm/localhost@EXAMPLE.COM (auth:KERBEROS) from 127.0.0.1:46187
2025-07-05 15:54:13,331 [Socket Reader #3 for port 15004] INFO  ipc.Server (Server.java:saslProcess(2290)) - Auth successful for scm/localhost@EXAMPLE.COM (auth:KERBEROS) from 127.0.0.1:44923
2025-07-05 15:54:13,332 [Socket Reader #3 for port 15020] INFO  ipc.Server (Server.java:saslProcess(2290)) - Auth successful for scm/localhost@EXAMPLE.COM (auth:KERBEROS) from 127.0.0.1:42885
2025-07-05 15:54:13,336 [b30b3ffb-bc08-4f2c-b590-0aeed9816472-EndpointStateMachineTaskThread-/127.0.0.1:15004-0 ] WARN  statemachine.DatanodeConfiguration (DatanodeConfiguration.java:validateMinFreeSpace(751)) - hdds.datanode.volume.min.free.space.percent = -1.0 is invalid, should be between 0 and 1
2025-07-05 15:54:13,337 [b30b3ffb-bc08-4f2c-b590-0aeed9816472-EndpointStateMachineTaskThread-/127.0.0.1:15004-0 ] WARN  statemachine.DatanodeConfiguration (DatanodeConfiguration.java:validateMinFreeSpace(751)) - hdds.datanode.volume.min.free.space.percent = -1.0 is invalid, should be between 0 and 1
2025-07-05 15:54:13,338 [b30b3ffb-bc08-4f2c-b590-0aeed9816472-EndpointStateMachineTaskThread-/127.0.0.1:15004-0 ] WARN  statemachine.DatanodeConfiguration (DatanodeConfiguration.java:validateMinFreeSpace(751)) - hdds.datanode.volume.min.free.space.percent = -1.0 is invalid, should be between 0 and 1
2025-07-05 15:54:13,368 [b30b3ffb-bc08-4f2c-b590-0aeed9816472-EndpointStateMachineTaskThread-/127.0.0.1:15004-0 ] INFO  utils.DatanodeStoreCache (DatanodeStoreCache.java:addDB(70)) - Added db /home/runner/work/ozone/ozone/hadoop-ozone/integration-test/target/test-dir/MiniOzoneClusterImpl-ea17cf83-5a24-424f-8e3a-0ef9e94bb6a3/ozone-meta/datanode-2/data-0/hdds/ea17cf83-5a24-424f-8e3a-0ef9e94bb6a3/DS-6aebe5be-0071-43ac-b2be-4c07d6942cac/container.db to cache
2025-07-05 15:54:13,369 [b30b3ffb-bc08-4f2c-b590-0aeed9816472-EndpointStateMachineTaskThread-/127.0.0.1:15004-0 ] INFO  volume.HddsVolume (HddsVolume.java:createDbStore(575)) - SchemaV3 db is created and loaded at /home/runner/work/ozone/ozone/hadoop-ozone/integration-test/target/test-dir/MiniOzoneClusterImpl-ea17cf83-5a24-424f-8e3a-0ef9e94bb6a3/ozone-meta/datanode-2/data-0/hdds/ea17cf83-5a24-424f-8e3a-0ef9e94bb6a3/DS-6aebe5be-0071-43ac-b2be-4c07d6942cac/container.db for volume DS-6aebe5be-0071-43ac-b2be-4c07d6942cac
2025-07-05 15:54:13,369 [b30b3ffb-bc08-4f2c-b590-0aeed9816472-EndpointStateMachineTaskThread-/127.0.0.1:15004-0 ] WARN  statemachine.DatanodeConfiguration (DatanodeConfiguration.java:validateMinFreeSpace(751)) - hdds.datanode.volume.min.free.space.percent = -1.0 is invalid, should be between 0 and 1
2025-07-05 15:54:13,372 [b30b3ffb-bc08-4f2c-b590-0aeed9816472-ContainerReader-0] INFO  ozoneimpl.ContainerReader (ContainerReader.java:readVolume(144)) - Start to verify containers on volume /home/runner/work/ozone/ozone/hadoop-ozone/integration-test/target/test-dir/MiniOzoneClusterImpl-ea17cf83-5a24-424f-8e3a-0ef9e94bb6a3/ozone-meta/datanode-2/data-0/hdds
2025-07-05 15:54:13,372 [b30b3ffb-bc08-4f2c-b590-0aeed9816472-ContainerReader-0] INFO  ozoneimpl.ContainerReader (ContainerReader.java:readVolume(174)) - Finish verifying containers on volume /home/runner/work/ozone/ozone/hadoop-ozone/integration-test/target/test-dir/MiniOzoneClusterImpl-ea17cf83-5a24-424f-8e3a-0ef9e94bb6a3/ozone-meta/datanode-2/data-0/hdds
2025-07-05 15:54:13,372 [b30b3ffb-bc08-4f2c-b590-0aeed9816472-EndpointStateMachineTaskThread-/127.0.0.1:15004-0 ] INFO  ozoneimpl.OzoneContainer (OzoneContainer.java:buildContainerSet(370)) - Build ContainerSet costs 0s
2025-07-05 15:54:13,372 [b30b3ffb-bc08-4f2c-b590-0aeed9816472-EndpointStateMachineTaskThread-/127.0.0.1:15004-0 ] INFO  volume.ThrottledAsyncChecker (ThrottledAsyncChecker.java:schedule(138)) - Scheduling a check for /home/runner/work/ozone/ozone/hadoop-ozone/integration-test/target/test-dir/MiniOzoneClusterImpl-ea17cf83-5a24-424f-8e3a-0ef9e94bb6a3/ozone-meta/datanode-2/data-0/hdds
2025-07-05 15:54:13,373 [b30b3ffb-bc08-4f2c-b590-0aeed9816472-EndpointStateMachineTaskThread-/127.0.0.1:15004-0 ] INFO  volume.StorageVolumeChecker (StorageVolumeChecker.java:checkAllVolumes(215)) - Scheduled health check for volume /home/runner/work/ozone/ozone/hadoop-ozone/integration-test/target/test-dir/MiniOzoneClusterImpl-ea17cf83-5a24-424f-8e3a-0ef9e94bb6a3/ozone-meta/datanode-2/data-0/hdds
2025-07-05 15:54:13,377 [b30b3ffb-bc08-4f2c-b590-0aeed9816472-EndpointStateMachineTaskThread-/127.0.0.1:15004-0 ] INFO  volume.ThrottledAsyncChecker (ThrottledAsyncChecker.java:schedule(138)) - Scheduling a check for /home/runner/work/ozone/ozone/hadoop-ozone/integration-test/target/test-dir/MiniOzoneClusterImpl-ea17cf83-5a24-424f-8e3a-0ef9e94bb6a3/ozone-meta/datanode-2/ratis
2025-07-05 15:54:13,377 [b30b3ffb-bc08-4f2c-b590-0aeed9816472-EndpointStateMachineTaskThread-/127.0.0.1:15004-0 ] INFO  volume.StorageVolumeChecker (StorageVolumeChecker.java:checkAllVolumes(215)) - Scheduled health check for volume /home/runner/work/ozone/ozone/hadoop-ozone/integration-test/target/test-dir/MiniOzoneClusterImpl-ea17cf83-5a24-424f-8e3a-0ef9e94bb6a3/ozone-meta/datanode-2/ratis
2025-07-05 15:54:13,378 [b30b3ffb-bc08-4f2c-b590-0aeed9816472-EndpointStateMachineTaskThread-/127.0.0.1:15004-0 ] INFO  ozoneimpl.OzoneContainer (OzoneContainer.java:start(520)) - Attempting to start container services.
2025-07-05 15:54:13,379 [ContainerMetadataScanner] INFO  ozoneimpl.AbstractBackgroundContainerScanner (AbstractBackgroundContainerScanner.java:runIteration(89)) - Completed an iteration in 0 minutes. Number of iterations (since the data-node restart) : 1, Number of containers scanned in this iteration : 0, Number of unhealthy containers found in this iteration : 0
2025-07-05 15:54:13,379 [ContainerDataScanner(/home/runner/work/ozone/ozone/hadoop-ozone/integration-test/target/test-dir/MiniOzoneClusterImpl-ea17cf83-5a24-424f-8e3a-0ef9e94bb6a3/ozone-meta/datanode-2/data-0/hdds)] INFO  ozoneimpl.AbstractBackgroundContainerScanner (AbstractBackgroundContainerScanner.java:runIteration(89)) - Completed an iteration in 0 minutes. Number of iterations (since the data-node restart) : 1, Number of containers scanned in this iteration : 0, Number of unhealthy containers found in this iteration : 0
2025-07-05 15:54:13,380 [b30b3ffb-bc08-4f2c-b590-0aeed9816472-EndpointStateMachineTaskThread-/127.0.0.1:15004-0 ] INFO  replication.ReplicationServer (ReplicationServer.java:start(137)) - ReplicationServer is started using port 15061
2025-07-05 15:54:13,380 [b30b3ffb-bc08-4f2c-b590-0aeed9816472-EndpointStateMachineTaskThread-/127.0.0.1:15004-0 ] INFO  ratis.XceiverServerRatis (XceiverServerRatis.java:start(559)) - Starting XceiverServerRatis(b30b3ffb-bc08-4f2c-b590-0aeed9816472)
2025-07-05 15:54:13,381 [b30b3ffb-bc08-4f2c-b590-0aeed9816472-EndpointStateMachineTaskThread-/127.0.0.1:15004-0 ] INFO  server.RaftServer (RaftServerProxy.java:startImpl(412)) - b30b3ffb-bc08-4f2c-b590-0aeed9816472: start RPC server
2025-07-05 15:54:13,381 [b30b3ffb-bc08-4f2c-b590-0aeed9816472-EndpointStateMachineTaskThread-/127.0.0.1:15004-0 ] INFO  server.GrpcServicesImpl (GrpcServicesImpl.java:startImpl(346)) - b30b3ffb-bc08-4f2c-b590-0aeed9816472: GrpcServicesImpl started, listening on 15057
2025-07-05 15:54:13,382 [b30b3ffb-bc08-4f2c-b590-0aeed9816472-EndpointStateMachineTaskThread-/127.0.0.1:15004-0 ] INFO  server.GrpcServicesImpl (GrpcServicesImpl.java:startImpl(346)) - b30b3ffb-bc08-4f2c-b590-0aeed9816472: GrpcServicesImpl started, listening on 15059
2025-07-05 15:54:13,382 [b30b3ffb-bc08-4f2c-b590-0aeed9816472-EndpointStateMachineTaskThread-/127.0.0.1:15004-0 ] INFO  server.GrpcServicesImpl (GrpcServicesImpl.java:startImpl(346)) - b30b3ffb-bc08-4f2c-b590-0aeed9816472: GrpcServicesImpl started, listening on 15058
2025-07-05 15:54:13,382 [b30b3ffb-bc08-4f2c-b590-0aeed9816472-EndpointStateMachineTaskThread-/127.0.0.1:15004-0 ] INFO  ratis.XceiverServerRatis (XceiverServerRatis.java:getRealPort(586)) - XceiverServerRatis(b30b3ffb-bc08-4f2c-b590-0aeed9816472) is started using port RATIS=15057
2025-07-05 15:54:13,382 [b30b3ffb-bc08-4f2c-b590-0aeed9816472-EndpointStateMachineTaskThread-/127.0.0.1:15004-0 ] INFO  ratis.XceiverServerRatis (XceiverServerRatis.java:getRealPort(586)) - XceiverServerRatis(b30b3ffb-bc08-4f2c-b590-0aeed9816472) is started using port RATIS_ADMIN=15058
2025-07-05 15:54:13,382 [JvmPauseMonitor6] INFO  util.JvmPauseMonitor (JvmPauseMonitor.java:run(146)) - JvmPauseMonitor-b30b3ffb-bc08-4f2c-b590-0aeed9816472: Started
2025-07-05 15:54:13,383 [b30b3ffb-bc08-4f2c-b590-0aeed9816472-EndpointStateMachineTaskThread-/127.0.0.1:15004-0 ] INFO  ratis.XceiverServerRatis (XceiverServerRatis.java:getRealPort(586)) - XceiverServerRatis(b30b3ffb-bc08-4f2c-b590-0aeed9816472) is started using port RATIS_SERVER=15059
2025-07-05 15:54:13,383 [b30b3ffb-bc08-4f2c-b590-0aeed9816472-EndpointStateMachineTaskThread-/127.0.0.1:15004-0 ] INFO  ratis.XceiverServerRatis (XceiverServerRatis.java:getRealPort(586)) - XceiverServerRatis(b30b3ffb-bc08-4f2c-b590-0aeed9816472) is started using port RATIS_DATASTREAM=15060
2025-07-05 15:54:13,384 [b30b3ffb-bc08-4f2c-b590-0aeed9816472-EndpointStateMachineTaskThread-/127.0.0.1:15004-0 ] INFO  utils.BackgroundService (BackgroundService.java:start(118)) - Starting service BlockDeletingService with interval 60000 milliseconds
2025-07-05 15:54:13,384 [b30b3ffb-bc08-4f2c-b590-0aeed9816472-EndpointStateMachineTaskThread-/127.0.0.1:15004-0 ] INFO  utils.BackgroundService (BackgroundService.java:start(118)) - Starting service StaleRecoveringContainerScrubbingService with interval 60000 milliseconds
2025-07-05 15:54:13,385 [b30b3ffb-bc08-4f2c-b590-0aeed9816472-EndpointStateMachineTaskThread-/127.0.0.1:15012-0 ] INFO  ozoneimpl.OzoneContainer (OzoneContainer.java:start(495)) - Ignore. OzoneContainer already started.
2025-07-05 15:54:13,385 [b30b3ffb-bc08-4f2c-b590-0aeed9816472-EndpointStateMachineTaskThread-/127.0.0.1:15020-0 ] INFO  ozoneimpl.OzoneContainer (OzoneContainer.java:start(495)) - Ignore. OzoneContainer already started.
2025-07-05 15:54:13,713 [Socket Reader #4 for port 15012] INFO  ipc.Server (Server.java:saslProcess(2290)) - Auth successful for scm/localhost@EXAMPLE.COM (auth:KERBEROS) from 127.0.0.1:34023
2025-07-05 15:54:13,713 [Socket Reader #4 for port 15020] INFO  ipc.Server (Server.java:saslProcess(2290)) - Auth successful for scm/localhost@EXAMPLE.COM (auth:KERBEROS) from 127.0.0.1:37905
2025-07-05 15:54:13,721 [11776e6b-d53e-4cdc-a879-730cb763d81d-EndpointStateMachineTaskThread-/127.0.0.1:15020-0 ] WARN  statemachine.DatanodeConfiguration (DatanodeConfiguration.java:validateMinFreeSpace(751)) - hdds.datanode.volume.min.free.space.percent = -1.0 is invalid, should be between 0 and 1
2025-07-05 15:54:13,722 [11776e6b-d53e-4cdc-a879-730cb763d81d-EndpointStateMachineTaskThread-/127.0.0.1:15020-0 ] WARN  statemachine.DatanodeConfiguration (DatanodeConfiguration.java:validateMinFreeSpace(751)) - hdds.datanode.volume.min.free.space.percent = -1.0 is invalid, should be between 0 and 1
2025-07-05 15:54:13,722 [11776e6b-d53e-4cdc-a879-730cb763d81d-EndpointStateMachineTaskThread-/127.0.0.1:15020-0 ] WARN  statemachine.DatanodeConfiguration (DatanodeConfiguration.java:validateMinFreeSpace(751)) - hdds.datanode.volume.min.free.space.percent = -1.0 is invalid, should be between 0 and 1
2025-07-05 15:54:13,724 [Socket Reader #4 for port 15004] INFO  ipc.Server (Server.java:saslProcess(2290)) - Auth successful for scm/localhost@EXAMPLE.COM (auth:KERBEROS) from 127.0.0.1:39623
2025-07-05 15:54:13,760 [11776e6b-d53e-4cdc-a879-730cb763d81d-EndpointStateMachineTaskThread-/127.0.0.1:15020-0 ] INFO  utils.DatanodeStoreCache (DatanodeStoreCache.java:addDB(70)) - Added db /home/runner/work/ozone/ozone/hadoop-ozone/integration-test/target/test-dir/MiniOzoneClusterImpl-ea17cf83-5a24-424f-8e3a-0ef9e94bb6a3/ozone-meta/datanode-3/data-0/hdds/ea17cf83-5a24-424f-8e3a-0ef9e94bb6a3/DS-1ebc4442-0591-4bd2-bf99-bc821c86b3ac/container.db to cache
2025-07-05 15:54:13,761 [11776e6b-d53e-4cdc-a879-730cb763d81d-EndpointStateMachineTaskThread-/127.0.0.1:15020-0 ] INFO  volume.HddsVolume (HddsVolume.java:createDbStore(575)) - SchemaV3 db is created and loaded at /home/runner/work/ozone/ozone/hadoop-ozone/integration-test/target/test-dir/MiniOzoneClusterImpl-ea17cf83-5a24-424f-8e3a-0ef9e94bb6a3/ozone-meta/datanode-3/data-0/hdds/ea17cf83-5a24-424f-8e3a-0ef9e94bb6a3/DS-1ebc4442-0591-4bd2-bf99-bc821c86b3ac/container.db for volume DS-1ebc4442-0591-4bd2-bf99-bc821c86b3ac
2025-07-05 15:54:13,761 [11776e6b-d53e-4cdc-a879-730cb763d81d-EndpointStateMachineTaskThread-/127.0.0.1:15020-0 ] WARN  statemachine.DatanodeConfiguration (DatanodeConfiguration.java:validateMinFreeSpace(751)) - hdds.datanode.volume.min.free.space.percent = -1.0 is invalid, should be between 0 and 1
2025-07-05 15:54:13,764 [11776e6b-d53e-4cdc-a879-730cb763d81d-ContainerReader-0] INFO  ozoneimpl.ContainerReader (ContainerReader.java:readVolume(144)) - Start to verify containers on volume /home/runner/work/ozone/ozone/hadoop-ozone/integration-test/target/test-dir/MiniOzoneClusterImpl-ea17cf83-5a24-424f-8e3a-0ef9e94bb6a3/ozone-meta/datanode-3/data-0/hdds
2025-07-05 15:54:13,764 [11776e6b-d53e-4cdc-a879-730cb763d81d-ContainerReader-0] INFO  ozoneimpl.ContainerReader (ContainerReader.java:readVolume(174)) - Finish verifying containers on volume /home/runner/work/ozone/ozone/hadoop-ozone/integration-test/target/test-dir/MiniOzoneClusterImpl-ea17cf83-5a24-424f-8e3a-0ef9e94bb6a3/ozone-meta/datanode-3/data-0/hdds
2025-07-05 15:54:13,764 [11776e6b-d53e-4cdc-a879-730cb763d81d-EndpointStateMachineTaskThread-/127.0.0.1:15012-0 ] INFO  ozoneimpl.OzoneContainer (OzoneContainer.java:buildContainerSet(370)) - Build ContainerSet costs 0s
2025-07-05 15:54:13,764 [11776e6b-d53e-4cdc-a879-730cb763d81d-EndpointStateMachineTaskThread-/127.0.0.1:15012-0 ] INFO  volume.ThrottledAsyncChecker (ThrottledAsyncChecker.java:schedule(138)) - Scheduling a check for /home/runner/work/ozone/ozone/hadoop-ozone/integration-test/target/test-dir/MiniOzoneClusterImpl-ea17cf83-5a24-424f-8e3a-0ef9e94bb6a3/ozone-meta/datanode-3/data-0/hdds
2025-07-05 15:54:13,765 [11776e6b-d53e-4cdc-a879-730cb763d81d-EndpointStateMachineTaskThread-/127.0.0.1:15012-0 ] INFO  volume.StorageVolumeChecker (StorageVolumeChecker.java:checkAllVolumes(215)) - Scheduled health check for volume /home/runner/work/ozone/ozone/hadoop-ozone/integration-test/target/test-dir/MiniOzoneClusterImpl-ea17cf83-5a24-424f-8e3a-0ef9e94bb6a3/ozone-meta/datanode-3/data-0/hdds
2025-07-05 15:54:13,768 [11776e6b-d53e-4cdc-a879-730cb763d81d-EndpointStateMachineTaskThread-/127.0.0.1:15012-0 ] INFO  volume.ThrottledAsyncChecker (ThrottledAsyncChecker.java:schedule(138)) - Scheduling a check for /home/runner/work/ozone/ozone/hadoop-ozone/integration-test/target/test-dir/MiniOzoneClusterImpl-ea17cf83-5a24-424f-8e3a-0ef9e94bb6a3/ozone-meta/datanode-3/ratis
2025-07-05 15:54:13,768 [11776e6b-d53e-4cdc-a879-730cb763d81d-EndpointStateMachineTaskThread-/127.0.0.1:15012-0 ] INFO  volume.StorageVolumeChecker (StorageVolumeChecker.java:checkAllVolumes(215)) - Scheduled health check for volume /home/runner/work/ozone/ozone/hadoop-ozone/integration-test/target/test-dir/MiniOzoneClusterImpl-ea17cf83-5a24-424f-8e3a-0ef9e94bb6a3/ozone-meta/datanode-3/ratis
2025-07-05 15:54:13,769 [11776e6b-d53e-4cdc-a879-730cb763d81d-EndpointStateMachineTaskThread-/127.0.0.1:15012-0 ] INFO  ozoneimpl.OzoneContainer (OzoneContainer.java:start(520)) - Attempting to start container services.
2025-07-05 15:54:13,770 [ContainerMetadataScanner] INFO  ozoneimpl.AbstractBackgroundContainerScanner (AbstractBackgroundContainerScanner.java:runIteration(89)) - Completed an iteration in 0 minutes. Number of iterations (since the data-node restart) : 1, Number of containers scanned in this iteration : 0, Number of unhealthy containers found in this iteration : 0
2025-07-05 15:54:13,770 [ContainerDataScanner(/home/runner/work/ozone/ozone/hadoop-ozone/integration-test/target/test-dir/MiniOzoneClusterImpl-ea17cf83-5a24-424f-8e3a-0ef9e94bb6a3/ozone-meta/datanode-3/data-0/hdds)] INFO  ozoneimpl.AbstractBackgroundContainerScanner (AbstractBackgroundContainerScanner.java:runIteration(89)) - Completed an iteration in 0 minutes. Number of iterations (since the data-node restart) : 1, Number of containers scanned in this iteration : 0, Number of unhealthy containers found in this iteration : 0
2025-07-05 15:54:13,771 [11776e6b-d53e-4cdc-a879-730cb763d81d-EndpointStateMachineTaskThread-/127.0.0.1:15012-0 ] INFO  replication.ReplicationServer (ReplicationServer.java:start(137)) - ReplicationServer is started using port 15069
2025-07-05 15:54:13,772 [11776e6b-d53e-4cdc-a879-730cb763d81d-EndpointStateMachineTaskThread-/127.0.0.1:15012-0 ] INFO  ratis.XceiverServerRatis (XceiverServerRatis.java:start(559)) - Starting XceiverServerRatis(11776e6b-d53e-4cdc-a879-730cb763d81d)
2025-07-05 15:54:13,772 [11776e6b-d53e-4cdc-a879-730cb763d81d-EndpointStateMachineTaskThread-/127.0.0.1:15012-0 ] INFO  server.RaftServer (RaftServerProxy.java:startImpl(412)) - 11776e6b-d53e-4cdc-a879-730cb763d81d: start RPC server
2025-07-05 15:54:13,773 [11776e6b-d53e-4cdc-a879-730cb763d81d-EndpointStateMachineTaskThread-/127.0.0.1:15012-0 ] INFO  server.GrpcServicesImpl (GrpcServicesImpl.java:startImpl(346)) - 11776e6b-d53e-4cdc-a879-730cb763d81d: GrpcServicesImpl started, listening on 15065
2025-07-05 15:54:13,773 [11776e6b-d53e-4cdc-a879-730cb763d81d-EndpointStateMachineTaskThread-/127.0.0.1:15012-0 ] INFO  server.GrpcServicesImpl (GrpcServicesImpl.java:startImpl(346)) - 11776e6b-d53e-4cdc-a879-730cb763d81d: GrpcServicesImpl started, listening on 15067
2025-07-05 15:54:13,773 [11776e6b-d53e-4cdc-a879-730cb763d81d-EndpointStateMachineTaskThread-/127.0.0.1:15012-0 ] INFO  server.GrpcServicesImpl (GrpcServicesImpl.java:startImpl(346)) - 11776e6b-d53e-4cdc-a879-730cb763d81d: GrpcServicesImpl started, listening on 15066
2025-07-05 15:54:13,774 [11776e6b-d53e-4cdc-a879-730cb763d81d-EndpointStateMachineTaskThread-/127.0.0.1:15012-0 ] INFO  ratis.XceiverServerRatis (XceiverServerRatis.java:getRealPort(586)) - XceiverServerRatis(11776e6b-d53e-4cdc-a879-730cb763d81d) is started using port RATIS=15065
2025-07-05 15:54:13,774 [11776e6b-d53e-4cdc-a879-730cb763d81d-EndpointStateMachineTaskThread-/127.0.0.1:15012-0 ] INFO  ratis.XceiverServerRatis (XceiverServerRatis.java:getRealPort(586)) - XceiverServerRatis(11776e6b-d53e-4cdc-a879-730cb763d81d) is started using port RATIS_ADMIN=15066
2025-07-05 15:54:13,774 [JvmPauseMonitor7] INFO  util.JvmPauseMonitor (JvmPauseMonitor.java:run(146)) - JvmPauseMonitor-11776e6b-d53e-4cdc-a879-730cb763d81d: Started
2025-07-05 15:54:13,774 [11776e6b-d53e-4cdc-a879-730cb763d81d-EndpointStateMachineTaskThread-/127.0.0.1:15012-0 ] INFO  ratis.XceiverServerRatis (XceiverServerRatis.java:getRealPort(586)) - XceiverServerRatis(11776e6b-d53e-4cdc-a879-730cb763d81d) is started using port RATIS_SERVER=15067
2025-07-05 15:54:13,774 [11776e6b-d53e-4cdc-a879-730cb763d81d-EndpointStateMachineTaskThread-/127.0.0.1:15012-0 ] INFO  ratis.XceiverServerRatis (XceiverServerRatis.java:getRealPort(586)) - XceiverServerRatis(11776e6b-d53e-4cdc-a879-730cb763d81d) is started using port RATIS_DATASTREAM=15068
2025-07-05 15:54:13,775 [11776e6b-d53e-4cdc-a879-730cb763d81d-EndpointStateMachineTaskThread-/127.0.0.1:15012-0 ] INFO  utils.BackgroundService (BackgroundService.java:start(118)) - Starting service BlockDeletingService with interval 60000 milliseconds
2025-07-05 15:54:13,775 [11776e6b-d53e-4cdc-a879-730cb763d81d-EndpointStateMachineTaskThread-/127.0.0.1:15012-0 ] INFO  utils.BackgroundService (BackgroundService.java:start(118)) - Starting service StaleRecoveringContainerScrubbingService with interval 60000 milliseconds
2025-07-05 15:54:13,776 [11776e6b-d53e-4cdc-a879-730cb763d81d-EndpointStateMachineTaskThread-/127.0.0.1:15020-0 ] INFO  ozoneimpl.OzoneContainer (OzoneContainer.java:start(495)) - Ignore. OzoneContainer already started.
2025-07-05 15:54:13,776 [11776e6b-d53e-4cdc-a879-730cb763d81d-EndpointStateMachineTaskThread-/127.0.0.1:15004-0 ] INFO  ozoneimpl.OzoneContainer (OzoneContainer.java:start(495)) - Ignore. OzoneContainer already started.
2025-07-05 15:54:13,826 [IPC Server handler 1 on default port 15012] INFO  net.NetworkTopologyImpl (NetworkTopologyImpl.java:add(133)) - Added a new node: /default-rack/b30b3ffb-bc08-4f2c-b590-0aeed9816472
2025-07-05 15:54:13,826 [IPC Server handler 1 on default port 15012] INFO  node.SCMNodeManager (SCMNodeManager.java:register(423)) - Registered datanode: b30b3ffb-bc08-4f2c-b590-0aeed9816472{ip: 127.0.0.1, host: localhost, ports: [HTTP=15054, CLIENT_RPC=15055, REPLICATION=15061, RATIS=15057, RATIS_ADMIN=15058, RATIS_SERVER=15059, RATIS_DATASTREAM=15060, STANDALONE=15056], networkLocation: /default-rack, certSerialId: 7, persistedOpState: null, persistedOpStateExpiryEpochSec: 0}
2025-07-05 15:54:13,827 [scmNode-2-EventQueue-PipelineReportForOneReplicaPipelineSafeModeRule] INFO  safemode.SCMSafeModeManager (SCMSafeModeManager.java:validateSafeModeExitRules(138)) - AtleastOneDatanodeReportedRule rule is successfully validated
2025-07-05 15:54:13,827 [IPC Server handler 4 on default port 15020] INFO  net.NetworkTopologyImpl (NetworkTopologyImpl.java:add(133)) - Added a new node: /default-rack/b30b3ffb-bc08-4f2c-b590-0aeed9816472
2025-07-05 15:54:13,827 [IPC Server handler 4 on default port 15020] INFO  node.SCMNodeManager (SCMNodeManager.java:register(423)) - Registered datanode: b30b3ffb-bc08-4f2c-b590-0aeed9816472{ip: 127.0.0.1, host: localhost, ports: [HTTP=15054, CLIENT_RPC=15055, REPLICATION=15061, RATIS=15057, RATIS_ADMIN=15058, RATIS_SERVER=15059, RATIS_DATASTREAM=15060, STANDALONE=15056], networkLocation: /default-rack, certSerialId: 7, persistedOpState: null, persistedOpStateExpiryEpochSec: 0}
2025-07-05 15:54:13,828 [scmNode-2-EventQueue-ContainerRegistrationReportForRatisContainerSafeModeRule] INFO  safemode.SCMSafeModeManager (SCMSafeModeManager.java:validateSafeModeExitRules(138)) - RatisContainerSafeModeRule rule is successfully validated
2025-07-05 15:54:13,828 [scmNode-2-EventQueue-NewNodeForNewNodeHandler] INFO  pipeline.BackgroundPipelineCreator (BackgroundPipelineCreator.java:notifyEventTriggered(283)) - ignore, not leader SCM.
2025-07-05 15:54:13,828 [scmNode-3-EventQueue-NewNodeForNewNodeHandler] INFO  pipeline.BackgroundPipelineCreator (BackgroundPipelineCreator.java:notifyEventTriggered(283)) - ignore, not leader SCM.
2025-07-05 15:54:13,826 [IPC Server handler 4 on default port 15004] INFO  net.NetworkTopologyImpl (NetworkTopologyImpl.java:add(133)) - Added a new node: /default-rack/b30b3ffb-bc08-4f2c-b590-0aeed9816472
2025-07-05 15:54:13,828 [scmNode-3-EventQueue-NodeRegistrationContainerReportForDataNodeSafeModeRule] INFO  safemode.SCMSafeModeManager (DataNodeSafeModeRule.java:process(80)) - SCM in safe mode. 2 DataNodes registered, 3 required.
2025-07-05 15:54:13,827 [scmNode-2-EventQueue-NodeRegistrationContainerReportForDataNodeSafeModeRule] INFO  safemode.SCMSafeModeManager (DataNodeSafeModeRule.java:process(80)) - SCM in safe mode. 2 DataNodes registered, 3 required.
2025-07-05 15:54:13,828 [scmNode-2-EventQueue-ContainerRegistrationReportForECContainerSafeModeRule] INFO  safemode.SCMSafeModeManager (SCMSafeModeManager.java:validateSafeModeExitRules(138)) - ECContainerSafeModeRule rule is successfully validated
2025-07-05 15:54:13,828 [scmNode-3-EventQueue-ContainerRegistrationReportForECContainerSafeModeRule] INFO  safemode.SCMSafeModeManager (SCMSafeModeManager.java:validateSafeModeExitRules(138)) - ECContainerSafeModeRule rule is successfully validated
2025-07-05 15:54:13,828 [scmNode-3-EventQueue-ContainerRegistrationReportForRatisContainerSafeModeRule] INFO  safemode.SCMSafeModeManager (SCMSafeModeManager.java:validateSafeModeExitRules(138)) - RatisContainerSafeModeRule rule is successfully validated
2025-07-05 15:54:13,828 [IPC Server handler 4 on default port 15004] INFO  node.SCMNodeManager (SCMNodeManager.java:register(423)) - Registered datanode: b30b3ffb-bc08-4f2c-b590-0aeed9816472{ip: 127.0.0.1, host: localhost, ports: [HTTP=15054, CLIENT_RPC=15055, REPLICATION=15061, RATIS=15057, RATIS_ADMIN=15058, RATIS_SERVER=15059, RATIS_DATASTREAM=15060, STANDALONE=15056], networkLocation: /default-rack, certSerialId: 7, persistedOpState: null, persistedOpStateExpiryEpochSec: 0}
2025-07-05 15:54:13,829 [scmNode-1-EventQueue-PipelineReportForOneReplicaPipelineSafeModeRule] INFO  safemode.SCMSafeModeManager (SCMSafeModeManager.java:validateSafeModeExitRules(138)) - AtleastOneDatanodeReportedRule rule is successfully validated
2025-07-05 15:54:13,829 [scmNode-3-EventQueue-PipelineReportForOneReplicaPipelineSafeModeRule] INFO  safemode.SCMSafeModeManager (SCMSafeModeManager.java:validateSafeModeExitRules(138)) - AtleastOneDatanodeReportedRule rule is successfully validated
2025-07-05 15:54:13,829 [scmNode-1-EventQueue-NewNodeForNewNodeHandler] INFO  pipeline.BackgroundPipelineCreator (BackgroundPipelineCreator.java:notifyEventTriggered(290)) - trigger a one-shot run on scmNode-1-RatisPipelineUtilsThread.
2025-07-05 15:54:13,829 [scmNode-1-EventQueue-NodeRegistrationContainerReportForDataNodeSafeModeRule] INFO  safemode.SCMSafeModeManager (DataNodeSafeModeRule.java:process(80)) - SCM in safe mode. 2 DataNodes registered, 3 required.
2025-07-05 15:54:13,829 [scmNode-1-EventQueue-ContainerRegistrationReportForRatisContainerSafeModeRule] INFO  safemode.SCMSafeModeManager (SCMSafeModeManager.java:validateSafeModeExitRules(138)) - RatisContainerSafeModeRule rule is successfully validated
2025-07-05 15:54:13,830 [scmNode-1-EventQueue-ContainerRegistrationReportForECContainerSafeModeRule] INFO  safemode.SCMSafeModeManager (SCMSafeModeManager.java:validateSafeModeExitRules(138)) - ECContainerSafeModeRule rule is successfully validated
2025-07-05 15:54:13,830 [scmNode-1-RatisPipelineUtilsThread-0] INFO  pipeline.RatisPipelineProvider (RatisPipelineProvider.java:lambda$create$0(208)) - Sending CreatePipelineCommand for pipeline:Pipeline-e5b71e1c-0cc1-4f0e-927a-4da8ddd0326e to datanode:b30b3ffb-bc08-4f2c-b590-0aeed9816472(localhost/127.0.0.1)
2025-07-05 15:54:13,835 [e9f0a7df-dfca-4eba-a7d3-db47f637b57c@group-0EF9E94BB6A3-StateMachineUpdater] INFO  safemode.SCMSafeModeManager (SCMSafeModeManager.java:validateSafeModeExitRules(138)) - RatisContainerSafeModeRule rule is successfully validated
2025-07-05 15:54:13,835 [e9f0a7df-dfca-4eba-a7d3-db47f637b57c@group-0EF9E94BB6A3-StateMachineUpdater] INFO  safemode.HealthyPipelineSafeModeRule (HealthyPipelineSafeModeRule.java:initializeRule(228)) - Refreshed total pipeline count is 0, healthy pipeline threshold count is 1
2025-07-05 15:54:13,836 [e9f0a7df-dfca-4eba-a7d3-db47f637b57c@group-0EF9E94BB6A3-StateMachineUpdater] INFO  safemode.SCMSafeModeManager (SCMSafeModeManager.java:validateSafeModeExitRules(138)) - ECContainerSafeModeRule rule is successfully validated
2025-07-05 15:54:13,835 [d608cca7-8f6c-485f-afd6-2c7e3558bc9e@group-0EF9E94BB6A3-StateMachineUpdater] INFO  safemode.SCMSafeModeManager (SCMSafeModeManager.java:validateSafeModeExitRules(138)) - RatisContainerSafeModeRule rule is successfully validated
2025-07-05 15:54:13,837 [d608cca7-8f6c-485f-afd6-2c7e3558bc9e@group-0EF9E94BB6A3-StateMachineUpdater] INFO  safemode.HealthyPipelineSafeModeRule (HealthyPipelineSafeModeRule.java:initializeRule(228)) - Refreshed total pipeline count is 0, healthy pipeline threshold count is 1
2025-07-05 15:54:13,837 [e9f0a7df-dfca-4eba-a7d3-db47f637b57c@group-0EF9E94BB6A3-StateMachineUpdater] INFO  safemode.SCMSafeModeManager (SCMSafeModeManager.java:validateSafeModeExitRules(138)) - AtleastOneDatanodeReportedRule rule is successfully validated
2025-07-05 15:54:13,838 [d608cca7-8f6c-485f-afd6-2c7e3558bc9e@group-0EF9E94BB6A3-StateMachineUpdater] INFO  safemode.SCMSafeModeManager (SCMSafeModeManager.java:validateSafeModeExitRules(138)) - ECContainerSafeModeRule rule is successfully validated
2025-07-05 15:54:13,839 [d608cca7-8f6c-485f-afd6-2c7e3558bc9e@group-0EF9E94BB6A3-StateMachineUpdater] INFO  safemode.SCMSafeModeManager (SCMSafeModeManager.java:validateSafeModeExitRules(138)) - AtleastOneDatanodeReportedRule rule is successfully validated
2025-07-05 15:54:13,839 [2d344aaf-3adb-4590-a8db-0ff637af21a8@group-0EF9E94BB6A3-StateMachineUpdater] INFO  safemode.SCMSafeModeManager (SCMSafeModeManager.java:validateSafeModeExitRules(138)) - RatisContainerSafeModeRule rule is successfully validated
2025-07-05 15:54:13,839 [scmNode-1-RatisPipelineUtilsThread-0] INFO  pipeline.BackgroundPipelineCreator (BackgroundPipelineCreator.java:createPipelines(246)) - Created new pipeline Pipeline{ Id: e5b71e1c-0cc1-4f0e-927a-4da8ddd0326e, Nodes: [ {b30b3ffb-bc08-4f2c-b590-0aeed9816472(localhost/127.0.0.1), ReplicaIndex: 0},], ReplicationConfig: RATIS/ONE, State:ALLOCATED, leaderId:, CreationTimestamp2025-07-05T15:54:13.830217600Z[Etc/UTC]}
2025-07-05 15:54:13,840 [2d344aaf-3adb-4590-a8db-0ff637af21a8@group-0EF9E94BB6A3-StateMachineUpdater] INFO  safemode.HealthyPipelineSafeModeRule (HealthyPipelineSafeModeRule.java:initializeRule(228)) - Refreshed total pipeline count is 0, healthy pipeline threshold count is 1
2025-07-05 15:54:13,840 [2d344aaf-3adb-4590-a8db-0ff637af21a8@group-0EF9E94BB6A3-StateMachineUpdater] INFO  safemode.SCMSafeModeManager (SCMSafeModeManager.java:validateSafeModeExitRules(138)) - ECContainerSafeModeRule rule is successfully validated
2025-07-05 15:54:13,840 [2d344aaf-3adb-4590-a8db-0ff637af21a8@group-0EF9E94BB6A3-StateMachineUpdater] INFO  safemode.SCMSafeModeManager (SCMSafeModeManager.java:validateSafeModeExitRules(138)) - AtleastOneDatanodeReportedRule rule is successfully validated
2025-07-05 15:54:14,208 [IPC Server handler 6 on default port 15012] INFO  net.NetworkTopologyImpl (NetworkTopologyImpl.java:add(133)) - Added a new node: /default-rack/11776e6b-d53e-4cdc-a879-730cb763d81d
2025-07-05 15:54:14,209 [IPC Server handler 1 on default port 15020] INFO  net.NetworkTopologyImpl (NetworkTopologyImpl.java:add(133)) - Added a new node: /default-rack/11776e6b-d53e-4cdc-a879-730cb763d81d
2025-07-05 15:54:14,209 [IPC Server handler 1 on default port 15020] INFO  node.SCMNodeManager (SCMNodeManager.java:register(423)) - Registered datanode: 11776e6b-d53e-4cdc-a879-730cb763d81d{ip: 127.0.0.1, host: localhost, ports: [HTTP=15062, CLIENT_RPC=15063, REPLICATION=15069, RATIS=15065, RATIS_ADMIN=15066, RATIS_SERVER=15067, RATIS_DATASTREAM=15068, STANDALONE=15064], networkLocation: /default-rack, certSerialId: 8, persistedOpState: null, persistedOpStateExpiryEpochSec: 0}
2025-07-05 15:54:14,209 [scmNode-3-EventQueue-NewNodeForNewNodeHandler] INFO  pipeline.BackgroundPipelineCreator (BackgroundPipelineCreator.java:notifyEventTriggered(283)) - ignore, not leader SCM.
2025-07-05 15:54:14,208 [IPC Server handler 5 on default port 15004] INFO  net.NetworkTopologyImpl (NetworkTopologyImpl.java:add(133)) - Added a new node: /default-rack/11776e6b-d53e-4cdc-a879-730cb763d81d
2025-07-05 15:54:14,209 [IPC Server handler 6 on default port 15012] INFO  node.SCMNodeManager (SCMNodeManager.java:register(423)) - Registered datanode: 11776e6b-d53e-4cdc-a879-730cb763d81d{ip: 127.0.0.1, host: localhost, ports: [HTTP=15062, CLIENT_RPC=15063, REPLICATION=15069, RATIS=15065, RATIS_ADMIN=15066, RATIS_SERVER=15067, RATIS_DATASTREAM=15068, STANDALONE=15064], networkLocation: /default-rack, certSerialId: 8, persistedOpState: null, persistedOpStateExpiryEpochSec: 0}
2025-07-05 15:54:14,209 [IPC Server handler 5 on default port 15004] INFO  node.SCMNodeManager (SCMNodeManager.java:register(423)) - Registered datanode: 11776e6b-d53e-4cdc-a879-730cb763d81d{ip: 127.0.0.1, host: localhost, ports: [HTTP=15062, CLIENT_RPC=15063, REPLICATION=15069, RATIS=15065, RATIS_ADMIN=15066, RATIS_SERVER=15067, RATIS_DATASTREAM=15068, STANDALONE=15064], networkLocation: /default-rack, certSerialId: 8, persistedOpState: null, persistedOpStateExpiryEpochSec: 0}
2025-07-05 15:54:14,209 [scmNode-2-EventQueue-NewNodeForNewNodeHandler] INFO  pipeline.BackgroundPipelineCreator (BackgroundPipelineCreator.java:notifyEventTriggered(283)) - ignore, not leader SCM.
2025-07-05 15:54:14,209 [scmNode-3-EventQueue-NodeRegistrationContainerReportForDataNodeSafeModeRule] INFO  safemode.SCMSafeModeManager (DataNodeSafeModeRule.java:process(80)) - SCM in safe mode. 3 DataNodes registered, 3 required.
2025-07-05 15:54:14,209 [scmNode-3-EventQueue-NodeRegistrationContainerReportForDataNodeSafeModeRule] INFO  safemode.SCMSafeModeManager (SCMSafeModeManager.java:validateSafeModeExitRules(138)) - DataNodeSafeModeRule rule is successfully validated
2025-07-05 15:54:14,210 [scmNode-3-EventQueue-NodeRegistrationContainerReportForDataNodeSafeModeRule] INFO  safemode.SCMSafeModeManager (SCMSafeModeManager.java:validateSafeModeExitRules(151)) - All SCM safe mode pre check rules have passed
2025-07-05 15:54:14,210 [scmNode-3-EventQueue-NodeRegistrationContainerReportForDataNodeSafeModeRule] INFO  ha.SCMContext (SCMContext.java:updateSafeModeStatus(224)) - Update SafeModeStatus from SafeModeStatus{safeModeStatus=true, preCheckPassed=false} to SafeModeStatus{safeModeStatus=true, preCheckPassed=true}.
2025-07-05 15:54:14,210 [scmNode-3-EventQueue-NodeRegistrationContainerReportForDataNodeSafeModeRule] INFO  pipeline.BackgroundPipelineCreator (BackgroundPipelineCreator.java:notifyEventTriggered(283)) - ignore, not leader SCM.
2025-07-05 15:54:14,210 [scmNode-2-EventQueue-NodeRegistrationContainerReportForDataNodeSafeModeRule] INFO  safemode.SCMSafeModeManager (DataNodeSafeModeRule.java:process(80)) - SCM in safe mode. 3 DataNodes registered, 3 required.
2025-07-05 15:54:14,209 [scmNode-2-EventQueue-PipelineReportForOneReplicaPipelineSafeModeRule] INFO  safemode.SCMSafeModeManager (SCMSafeModeManager.java:validateSafeModeExitRules(138)) - AtleastOneDatanodeReportedRule rule is successfully validated
2025-07-05 15:54:14,210 [scmNode-1-EventQueue-NodeRegistrationContainerReportForDataNodeSafeModeRule] INFO  safemode.SCMSafeModeManager (DataNodeSafeModeRule.java:process(80)) - SCM in safe mode. 3 DataNodes registered, 3 required.
2025-07-05 15:54:14,210 [scmNode-1-EventQueue-NewNodeForNewNodeHandler] INFO  pipeline.BackgroundPipelineCreator (BackgroundPipelineCreator.java:notifyEventTriggered(290)) - trigger a one-shot run on scmNode-1-RatisPipelineUtilsThread.
2025-07-05 15:54:14,210 [scmNode-1-EventQueue-PipelineReportForOneReplicaPipelineSafeModeRule] INFO  safemode.SCMSafeModeManager (SCMSafeModeManager.java:validateSafeModeExitRules(138)) - AtleastOneDatanodeReportedRule rule is successfully validated
2025-07-05 15:54:14,210 [scmNode-3-EventQueue-PipelineReportForOneReplicaPipelineSafeModeRule] INFO  safemode.SCMSafeModeManager (SCMSafeModeManager.java:validateSafeModeExitRules(138)) - AtleastOneDatanodeReportedRule rule is successfully validated
2025-07-05 15:54:14,210 [scmNode-2-EventQueue-ContainerRegistrationReportForECContainerSafeModeRule] INFO  safemode.SCMSafeModeManager (SCMSafeModeManager.java:validateSafeModeExitRules(138)) - ECContainerSafeModeRule rule is successfully validated
2025-07-05 15:54:14,211 [scmNode-2-EventQueue-ContainerRegistrationReportForRatisContainerSafeModeRule] INFO  safemode.SCMSafeModeManager (SCMSafeModeManager.java:validateSafeModeExitRules(138)) - RatisContainerSafeModeRule rule is successfully validated
2025-07-05 15:54:14,211 [scmNode-2-EventQueue-NodeRegistrationContainerReportForDataNodeSafeModeRule] INFO  safemode.SCMSafeModeManager (SCMSafeModeManager.java:validateSafeModeExitRules(138)) - DataNodeSafeModeRule rule is successfully validated
2025-07-05 15:54:14,211 [scmNode-2-EventQueue-NodeRegistrationContainerReportForDataNodeSafeModeRule] INFO  safemode.SCMSafeModeManager (SCMSafeModeManager.java:validateSafeModeExitRules(151)) - All SCM safe mode pre check rules have passed
2025-07-05 15:54:14,211 [scmNode-2-EventQueue-NodeRegistrationContainerReportForDataNodeSafeModeRule] INFO  ha.SCMContext (SCMContext.java:updateSafeModeStatus(224)) - Update SafeModeStatus from SafeModeStatus{safeModeStatus=true, preCheckPassed=false} to SafeModeStatus{safeModeStatus=true, preCheckPassed=true}.
2025-07-05 15:54:14,211 [scmNode-2-EventQueue-NodeRegistrationContainerReportForDataNodeSafeModeRule] INFO  pipeline.BackgroundPipelineCreator (BackgroundPipelineCreator.java:notifyEventTriggered(283)) - ignore, not leader SCM.
2025-07-05 15:54:14,211 [scmNode-1-EventQueue-ContainerRegistrationReportForECContainerSafeModeRule] INFO  safemode.SCMSafeModeManager (SCMSafeModeManager.java:validateSafeModeExitRules(138)) - ECContainerSafeModeRule rule is successfully validated
2025-07-05 15:54:14,211 [scmNode-1-RatisPipelineUtilsThread-0] INFO  pipeline.RatisPipelineProvider (RatisPipelineProvider.java:lambda$create$0(208)) - Sending CreatePipelineCommand for pipeline:Pipeline-5fa96600-efc1-4562-8f57-b8ad940d291b to datanode:11776e6b-d53e-4cdc-a879-730cb763d81d(localhost/127.0.0.1)
2025-07-05 15:54:14,211 [scmNode-1-EventQueue-NodeRegistrationContainerReportForDataNodeSafeModeRule] INFO  safemode.SCMSafeModeManager (SCMSafeModeManager.java:validateSafeModeExitRules(138)) - DataNodeSafeModeRule rule is successfully validated
2025-07-05 15:54:14,212 [scmNode-1-EventQueue-NodeRegistrationContainerReportForDataNodeSafeModeRule] INFO  safemode.SCMSafeModeManager (SCMSafeModeManager.java:validateSafeModeExitRules(151)) - All SCM safe mode pre check rules have passed
2025-07-05 15:54:14,212 [scmNode-1-EventQueue-NodeRegistrationContainerReportForDataNodeSafeModeRule] INFO  ha.SCMContext (SCMContext.java:updateSafeModeStatus(224)) - Update SafeModeStatus from SafeModeStatus{safeModeStatus=true, preCheckPassed=false} to SafeModeStatus{safeModeStatus=true, preCheckPassed=true}.
2025-07-05 15:54:14,212 [scmNode-1-EventQueue-NodeRegistrationContainerReportForDataNodeSafeModeRule] INFO  pipeline.BackgroundPipelineCreator (BackgroundPipelineCreator.java:notifyEventTriggered(290)) - trigger a one-shot run on scmNode-1-RatisPipelineUtilsThread.
2025-07-05 15:54:14,211 [scmNode-3-EventQueue-ContainerRegistrationReportForRatisContainerSafeModeRule] INFO  safemode.SCMSafeModeManager (SCMSafeModeManager.java:validateSafeModeExitRules(138)) - RatisContainerSafeModeRule rule is successfully validated
2025-07-05 15:54:14,211 [main] INFO  ozone.MiniOzoneClusterImpl (MiniOzoneClusterImpl.java:lambda$waitForClusterToBeReady$0(173)) - Nodes are ready. Got 3 of 3 DN Heartbeats.
2025-07-05 15:54:14,212 [main] INFO  ozone.MiniOzoneClusterImpl (MiniOzoneClusterImpl.java:lambda$waitForClusterToBeReady$0(176)) - Waiting for cluster to exit safe mode
2025-07-05 15:54:14,212 [main] INFO  ozone.MiniOzoneClusterImpl (MiniOzoneClusterImpl.java:lambda$waitForClusterToBeReady$0(178)) - SCM became leader
2025-07-05 15:54:14,212 [scmNode-1-EventQueue-ContainerRegistrationReportForRatisContainerSafeModeRule] INFO  safemode.SCMSafeModeManager (SCMSafeModeManager.java:validateSafeModeExitRules(138)) - RatisContainerSafeModeRule rule is successfully validated
2025-07-05 15:54:14,212 [scmNode-3-EventQueue-ContainerRegistrationReportForECContainerSafeModeRule] INFO  safemode.SCMSafeModeManager (SCMSafeModeManager.java:validateSafeModeExitRules(138)) - ECContainerSafeModeRule rule is successfully validated
2025-07-05 15:54:14,216 [2d344aaf-3adb-4590-a8db-0ff637af21a8@group-0EF9E94BB6A3-StateMachineUpdater] INFO  safemode.SCMSafeModeManager (SCMSafeModeManager.java:validateSafeModeExitRules(138)) - DataNodeSafeModeRule rule is successfully validated
2025-07-05 15:54:14,216 [2d344aaf-3adb-4590-a8db-0ff637af21a8@group-0EF9E94BB6A3-StateMachineUpdater] INFO  safemode.SCMSafeModeManager (SCMSafeModeManager.java:validateSafeModeExitRules(138)) - RatisContainerSafeModeRule rule is successfully validated
2025-07-05 15:54:14,216 [2d344aaf-3adb-4590-a8db-0ff637af21a8@group-0EF9E94BB6A3-StateMachineUpdater] INFO  safemode.HealthyPipelineSafeModeRule (HealthyPipelineSafeModeRule.java:initializeRule(228)) - Refreshed total pipeline count is 0, healthy pipeline threshold count is 1
2025-07-05 15:54:14,216 [2d344aaf-3adb-4590-a8db-0ff637af21a8@group-0EF9E94BB6A3-StateMachineUpdater] INFO  safemode.SCMSafeModeManager (SCMSafeModeManager.java:validateSafeModeExitRules(138)) - ECContainerSafeModeRule rule is successfully validated
2025-07-05 15:54:14,216 [2d344aaf-3adb-4590-a8db-0ff637af21a8@group-0EF9E94BB6A3-StateMachineUpdater] INFO  safemode.SCMSafeModeManager (SCMSafeModeManager.java:validateSafeModeExitRules(138)) - AtleastOneDatanodeReportedRule rule is successfully validated
2025-07-05 15:54:14,216 [e9f0a7df-dfca-4eba-a7d3-db47f637b57c@group-0EF9E94BB6A3-StateMachineUpdater] INFO  safemode.SCMSafeModeManager (SCMSafeModeManager.java:validateSafeModeExitRules(138)) - DataNodeSafeModeRule rule is successfully validated
2025-07-05 15:54:14,217 [e9f0a7df-dfca-4eba-a7d3-db47f637b57c@group-0EF9E94BB6A3-StateMachineUpdater] INFO  safemode.SCMSafeModeManager (SCMSafeModeManager.java:validateSafeModeExitRules(138)) - RatisContainerSafeModeRule rule is successfully validated
2025-07-05 15:54:14,217 [e9f0a7df-dfca-4eba-a7d3-db47f637b57c@group-0EF9E94BB6A3-StateMachineUpdater] INFO  safemode.HealthyPipelineSafeModeRule (HealthyPipelineSafeModeRule.java:initializeRule(228)) - Refreshed total pipeline count is 0, healthy pipeline threshold count is 1
2025-07-05 15:54:14,217 [e9f0a7df-dfca-4eba-a7d3-db47f637b57c@group-0EF9E94BB6A3-StateMachineUpdater] INFO  safemode.SCMSafeModeManager (SCMSafeModeManager.java:validateSafeModeExitRules(138)) - ECContainerSafeModeRule rule is successfully validated
2025-07-05 15:54:14,217 [e9f0a7df-dfca-4eba-a7d3-db47f637b57c@group-0EF9E94BB6A3-StateMachineUpdater] INFO  safemode.SCMSafeModeManager (SCMSafeModeManager.java:validateSafeModeExitRules(138)) - AtleastOneDatanodeReportedRule rule is successfully validated
2025-07-05 15:54:14,217 [d608cca7-8f6c-485f-afd6-2c7e3558bc9e@group-0EF9E94BB6A3-StateMachineUpdater] INFO  safemode.SCMSafeModeManager (SCMSafeModeManager.java:validateSafeModeExitRules(138)) - DataNodeSafeModeRule rule is successfully validated
2025-07-05 15:54:14,217 [d608cca7-8f6c-485f-afd6-2c7e3558bc9e@group-0EF9E94BB6A3-StateMachineUpdater] INFO  safemode.SCMSafeModeManager (SCMSafeModeManager.java:validateSafeModeExitRules(138)) - RatisContainerSafeModeRule rule is successfully validated
2025-07-05 15:54:14,217 [d608cca7-8f6c-485f-afd6-2c7e3558bc9e@group-0EF9E94BB6A3-StateMachineUpdater] INFO  safemode.HealthyPipelineSafeModeRule (HealthyPipelineSafeModeRule.java:initializeRule(228)) - Refreshed total pipeline count is 0, healthy pipeline threshold count is 1
2025-07-05 15:54:14,217 [d608cca7-8f6c-485f-afd6-2c7e3558bc9e@group-0EF9E94BB6A3-StateMachineUpdater] INFO  safemode.SCMSafeModeManager (SCMSafeModeManager.java:validateSafeModeExitRules(138)) - ECContainerSafeModeRule rule is successfully validated
2025-07-05 15:54:14,217 [d608cca7-8f6c-485f-afd6-2c7e3558bc9e@group-0EF9E94BB6A3-StateMachineUpdater] INFO  safemode.SCMSafeModeManager (SCMSafeModeManager.java:validateSafeModeExitRules(138)) - AtleastOneDatanodeReportedRule rule is successfully validated
2025-07-05 15:54:14,218 [scmNode-1-RatisPipelineUtilsThread-0] INFO  pipeline.BackgroundPipelineCreator (BackgroundPipelineCreator.java:createPipelines(246)) - Created new pipeline Pipeline{ Id: 5fa96600-efc1-4562-8f57-b8ad940d291b, Nodes: [ {11776e6b-d53e-4cdc-a879-730cb763d81d(localhost/127.0.0.1), ReplicaIndex: 0},], ReplicationConfig: RATIS/ONE, State:ALLOCATED, leaderId:, CreationTimestamp2025-07-05T15:54:14.211269719Z[Etc/UTC]}
2025-07-05 15:54:14,221 [scmNode-1-RatisPipelineUtilsThread-0] INFO  pipeline.RatisPipelineProvider (RatisPipelineProvider.java:lambda$create$0(208)) - Sending CreatePipelineCommand for pipeline:Pipeline-1c7d912d-9ecf-470f-bee3-7dd7eb637b32 to datanode:b30b3ffb-bc08-4f2c-b590-0aeed9816472(localhost/127.0.0.1)
2025-07-05 15:54:14,221 [scmNode-1-RatisPipelineUtilsThread-0] INFO  pipeline.RatisPipelineProvider (RatisPipelineProvider.java:lambda$create$0(208)) - Sending CreatePipelineCommand for pipeline:Pipeline-1c7d912d-9ecf-470f-bee3-7dd7eb637b32 to datanode:11776e6b-d53e-4cdc-a879-730cb763d81d(localhost/127.0.0.1)
2025-07-05 15:54:14,221 [scmNode-1-RatisPipelineUtilsThread-0] INFO  pipeline.RatisPipelineProvider (RatisPipelineProvider.java:lambda$create$0(208)) - Sending CreatePipelineCommand for pipeline:Pipeline-1c7d912d-9ecf-470f-bee3-7dd7eb637b32 to datanode:0584da7b-3980-4d20-b3ba-d97c117b17a2(localhost/127.0.0.1)
2025-07-05 15:54:14,225 [2d344aaf-3adb-4590-a8db-0ff637af21a8@group-0EF9E94BB6A3-StateMachineUpdater] INFO  safemode.SCMSafeModeManager (SCMSafeModeManager.java:validateSafeModeExitRules(138)) - DataNodeSafeModeRule rule is successfully validated
2025-07-05 15:54:14,225 [2d344aaf-3adb-4590-a8db-0ff637af21a8@group-0EF9E94BB6A3-StateMachineUpdater] INFO  safemode.SCMSafeModeManager (SCMSafeModeManager.java:validateSafeModeExitRules(138)) - RatisContainerSafeModeRule rule is successfully validated
2025-07-05 15:54:14,225 [2d344aaf-3adb-4590-a8db-0ff637af21a8@group-0EF9E94BB6A3-StateMachineUpdater] INFO  safemode.HealthyPipelineSafeModeRule (HealthyPipelineSafeModeRule.java:initializeRule(228)) - Refreshed total pipeline count is 0, healthy pipeline threshold count is 1
2025-07-05 15:54:14,225 [2d344aaf-3adb-4590-a8db-0ff637af21a8@group-0EF9E94BB6A3-StateMachineUpdater] INFO  safemode.SCMSafeModeManager (SCMSafeModeManager.java:validateSafeModeExitRules(138)) - ECContainerSafeModeRule rule is successfully validated
2025-07-05 15:54:14,225 [2d344aaf-3adb-4590-a8db-0ff637af21a8@group-0EF9E94BB6A3-StateMachineUpdater] INFO  safemode.SCMSafeModeManager (SCMSafeModeManager.java:validateSafeModeExitRules(138)) - AtleastOneDatanodeReportedRule rule is successfully validated
2025-07-05 15:54:14,226 [e9f0a7df-dfca-4eba-a7d3-db47f637b57c@group-0EF9E94BB6A3-StateMachineUpdater] INFO  safemode.SCMSafeModeManager (SCMSafeModeManager.java:validateSafeModeExitRules(138)) - DataNodeSafeModeRule rule is successfully validated
2025-07-05 15:54:14,226 [e9f0a7df-dfca-4eba-a7d3-db47f637b57c@group-0EF9E94BB6A3-StateMachineUpdater] INFO  safemode.SCMSafeModeManager (SCMSafeModeManager.java:validateSafeModeExitRules(138)) - RatisContainerSafeModeRule rule is successfully validated
2025-07-05 15:54:14,226 [e9f0a7df-dfca-4eba-a7d3-db47f637b57c@group-0EF9E94BB6A3-StateMachineUpdater] INFO  safemode.HealthyPipelineSafeModeRule (HealthyPipelineSafeModeRule.java:initializeRule(228)) - Refreshed total pipeline count is 0, healthy pipeline threshold count is 1
2025-07-05 15:54:14,226 [e9f0a7df-dfca-4eba-a7d3-db47f637b57c@group-0EF9E94BB6A3-StateMachineUpdater] INFO  safemode.SCMSafeModeManager (SCMSafeModeManager.java:validateSafeModeExitRules(138)) - ECContainerSafeModeRule rule is successfully validated
2025-07-05 15:54:14,226 [e9f0a7df-dfca-4eba-a7d3-db47f637b57c@group-0EF9E94BB6A3-StateMachineUpdater] INFO  safemode.SCMSafeModeManager (SCMSafeModeManager.java:validateSafeModeExitRules(138)) - AtleastOneDatanodeReportedRule rule is successfully validated
2025-07-05 15:54:14,227 [d608cca7-8f6c-485f-afd6-2c7e3558bc9e@group-0EF9E94BB6A3-StateMachineUpdater] INFO  safemode.SCMSafeModeManager (SCMSafeModeManager.java:validateSafeModeExitRules(138)) - DataNodeSafeModeRule rule is successfully validated
2025-07-05 15:54:14,227 [d608cca7-8f6c-485f-afd6-2c7e3558bc9e@group-0EF9E94BB6A3-StateMachineUpdater] INFO  safemode.SCMSafeModeManager (SCMSafeModeManager.java:validateSafeModeExitRules(138)) - RatisContainerSafeModeRule rule is successfully validated
2025-07-05 15:54:14,227 [d608cca7-8f6c-485f-afd6-2c7e3558bc9e@group-0EF9E94BB6A3-StateMachineUpdater] INFO  safemode.HealthyPipelineSafeModeRule (HealthyPipelineSafeModeRule.java:initializeRule(228)) - Refreshed total pipeline count is 0, healthy pipeline threshold count is 1
2025-07-05 15:54:14,227 [d608cca7-8f6c-485f-afd6-2c7e3558bc9e@group-0EF9E94BB6A3-StateMachineUpdater] INFO  safemode.SCMSafeModeManager (SCMSafeModeManager.java:validateSafeModeExitRules(138)) - ECContainerSafeModeRule rule is successfully validated
2025-07-05 15:54:14,227 [d608cca7-8f6c-485f-afd6-2c7e3558bc9e@group-0EF9E94BB6A3-StateMachineUpdater] INFO  safemode.SCMSafeModeManager (SCMSafeModeManager.java:validateSafeModeExitRules(138)) - AtleastOneDatanodeReportedRule rule is successfully validated
2025-07-05 15:54:14,228 [scmNode-1-RatisPipelineUtilsThread-0] INFO  pipeline.BackgroundPipelineCreator (BackgroundPipelineCreator.java:createPipelines(246)) - Created new pipeline Pipeline{ Id: 1c7d912d-9ecf-470f-bee3-7dd7eb637b32, Nodes: [ {b30b3ffb-bc08-4f2c-b590-0aeed9816472(localhost/127.0.0.1), ReplicaIndex: 0}, {11776e6b-d53e-4cdc-a879-730cb763d81d(localhost/127.0.0.1), ReplicaIndex: 0}, {0584da7b-3980-4d20-b3ba-d97c117b17a2(localhost/127.0.0.1), ReplicaIndex: 0},], ReplicationConfig: RATIS/THREE, State:ALLOCATED, leaderId:, CreationTimestamp2025-07-05T15:54:14.221357546Z[Etc/UTC]}
2025-07-05 15:54:14,228 [scmNode-1-RatisPipelineUtilsThread-0] INFO  pipeline.RatisPipelineProvider (RatisPipelineProvider.java:lambda$create$0(208)) - Sending CreatePipelineCommand for pipeline:Pipeline-0c5972bd-f91c-4346-a54b-a3ec0edc4b3b to datanode:b30b3ffb-bc08-4f2c-b590-0aeed9816472(localhost/127.0.0.1)
2025-07-05 15:54:14,229 [scmNode-1-RatisPipelineUtilsThread-0] INFO  pipeline.RatisPipelineProvider (RatisPipelineProvider.java:lambda$create$0(208)) - Sending CreatePipelineCommand for pipeline:Pipeline-0c5972bd-f91c-4346-a54b-a3ec0edc4b3b to datanode:0584da7b-3980-4d20-b3ba-d97c117b17a2(localhost/127.0.0.1)
2025-07-05 15:54:14,229 [scmNode-1-RatisPipelineUtilsThread-0] INFO  pipeline.RatisPipelineProvider (RatisPipelineProvider.java:lambda$create$0(208)) - Sending CreatePipelineCommand for pipeline:Pipeline-0c5972bd-f91c-4346-a54b-a3ec0edc4b3b to datanode:11776e6b-d53e-4cdc-a879-730cb763d81d(localhost/127.0.0.1)
2025-07-05 15:54:14,232 [2d344aaf-3adb-4590-a8db-0ff637af21a8@group-0EF9E94BB6A3-StateMachineUpdater] INFO  safemode.SCMSafeModeManager (SCMSafeModeManager.java:validateSafeModeExitRules(138)) - DataNodeSafeModeRule rule is successfully validated
2025-07-05 15:54:14,233 [2d344aaf-3adb-4590-a8db-0ff637af21a8@group-0EF9E94BB6A3-StateMachineUpdater] INFO  safemode.SCMSafeModeManager (SCMSafeModeManager.java:validateSafeModeExitRules(138)) - RatisContainerSafeModeRule rule is successfully validated
2025-07-05 15:54:14,233 [d608cca7-8f6c-485f-afd6-2c7e3558bc9e@group-0EF9E94BB6A3-StateMachineUpdater] INFO  safemode.SCMSafeModeManager (SCMSafeModeManager.java:validateSafeModeExitRules(138)) - DataNodeSafeModeRule rule is successfully validated
2025-07-05 15:54:14,234 [d608cca7-8f6c-485f-afd6-2c7e3558bc9e@group-0EF9E94BB6A3-StateMachineUpdater] INFO  safemode.SCMSafeModeManager (SCMSafeModeManager.java:validateSafeModeExitRules(138)) - RatisContainerSafeModeRule rule is successfully validated
2025-07-05 15:54:14,234 [d608cca7-8f6c-485f-afd6-2c7e3558bc9e@group-0EF9E94BB6A3-StateMachineUpdater] INFO  safemode.HealthyPipelineSafeModeRule (HealthyPipelineSafeModeRule.java:initializeRule(228)) - Refreshed total pipeline count is 0, healthy pipeline threshold count is 1
2025-07-05 15:54:14,234 [d608cca7-8f6c-485f-afd6-2c7e3558bc9e@group-0EF9E94BB6A3-StateMachineUpdater] INFO  safemode.SCMSafeModeManager (SCMSafeModeManager.java:validateSafeModeExitRules(138)) - ECContainerSafeModeRule rule is successfully validated
2025-07-05 15:54:14,234 [d608cca7-8f6c-485f-afd6-2c7e3558bc9e@group-0EF9E94BB6A3-StateMachineUpdater] INFO  safemode.SCMSafeModeManager (SCMSafeModeManager.java:validateSafeModeExitRules(138)) - AtleastOneDatanodeReportedRule rule is successfully validated
2025-07-05 15:54:14,234 [e9f0a7df-dfca-4eba-a7d3-db47f637b57c@group-0EF9E94BB6A3-StateMachineUpdater] INFO  safemode.SCMSafeModeManager (SCMSafeModeManager.java:validateSafeModeExitRules(138)) - DataNodeSafeModeRule rule is successfully validated
2025-07-05 15:54:14,234 [e9f0a7df-dfca-4eba-a7d3-db47f637b57c@group-0EF9E94BB6A3-StateMachineUpdater] INFO  safemode.SCMSafeModeManager (SCMSafeModeManager.java:validateSafeModeExitRules(138)) - RatisContainerSafeModeRule rule is successfully validated
2025-07-05 15:54:14,234 [2d344aaf-3adb-4590-a8db-0ff637af21a8@group-0EF9E94BB6A3-StateMachineUpdater] INFO  safemode.HealthyPipelineSafeModeRule (HealthyPipelineSafeModeRule.java:initializeRule(228)) - Refreshed total pipeline count is 0, healthy pipeline threshold count is 1
2025-07-05 15:54:14,235 [2d344aaf-3adb-4590-a8db-0ff637af21a8@group-0EF9E94BB6A3-StateMachineUpdater] INFO  safemode.SCMSafeModeManager (SCMSafeModeManager.java:validateSafeModeExitRules(138)) - ECContainerSafeModeRule rule is successfully validated
2025-07-05 15:54:14,235 [2d344aaf-3adb-4590-a8db-0ff637af21a8@group-0EF9E94BB6A3-StateMachineUpdater] INFO  safemode.SCMSafeModeManager (SCMSafeModeManager.java:validateSafeModeExitRules(138)) - AtleastOneDatanodeReportedRule rule is successfully validated
2025-07-05 15:54:14,235 [e9f0a7df-dfca-4eba-a7d3-db47f637b57c@group-0EF9E94BB6A3-StateMachineUpdater] INFO  safemode.HealthyPipelineSafeModeRule (HealthyPipelineSafeModeRule.java:initializeRule(228)) - Refreshed total pipeline count is 0, healthy pipeline threshold count is 1
2025-07-05 15:54:14,235 [e9f0a7df-dfca-4eba-a7d3-db47f637b57c@group-0EF9E94BB6A3-StateMachineUpdater] INFO  safemode.SCMSafeModeManager (SCMSafeModeManager.java:validateSafeModeExitRules(138)) - ECContainerSafeModeRule rule is successfully validated
2025-07-05 15:54:14,235 [e9f0a7df-dfca-4eba-a7d3-db47f637b57c@group-0EF9E94BB6A3-StateMachineUpdater] INFO  safemode.SCMSafeModeManager (SCMSafeModeManager.java:validateSafeModeExitRules(138)) - AtleastOneDatanodeReportedRule rule is successfully validated
2025-07-05 15:54:14,235 [scmNode-1-RatisPipelineUtilsThread-0] INFO  pipeline.PipelineManagerImpl (PipelineManagerImpl.java:recordMetricsForPipeline(922)) - Pipeline-0c5972bd-f91c-4346-a54b-a3ec0edc4b3b and Pipeline-1c7d912d-9ecf-470f-bee3-7dd7eb637b32 have exactly the same set of datanodes: [b30b3ffb-bc08-4f2c-b590-0aeed9816472(localhost/127.0.0.1), 0584da7b-3980-4d20-b3ba-d97c117b17a2(localhost/127.0.0.1), 11776e6b-d53e-4cdc-a879-730cb763d81d(localhost/127.0.0.1)]
2025-07-05 15:54:14,235 [scmNode-1-RatisPipelineUtilsThread-0] INFO  pipeline.BackgroundPipelineCreator (BackgroundPipelineCreator.java:createPipelines(246)) - Created new pipeline Pipeline{ Id: 0c5972bd-f91c-4346-a54b-a3ec0edc4b3b, Nodes: [ {b30b3ffb-bc08-4f2c-b590-0aeed9816472(localhost/127.0.0.1), ReplicaIndex: 0}, {0584da7b-3980-4d20-b3ba-d97c117b17a2(localhost/127.0.0.1), ReplicaIndex: 0}, {11776e6b-d53e-4cdc-a879-730cb763d81d(localhost/127.0.0.1), ReplicaIndex: 0},], ReplicationConfig: RATIS/THREE, State:ALLOCATED, leaderId:, CreationTimestamp2025-07-05T15:54:14.228947964Z[Etc/UTC]}
2025-07-05 15:54:15,213 [main] INFO  ozone.MiniOzoneClusterImpl (MiniOzoneClusterImpl.java:lambda$waitForClusterToBeReady$0(173)) - Nodes are ready. Got 3 of 3 DN Heartbeats.
2025-07-05 15:54:15,213 [main] INFO  ozone.MiniOzoneClusterImpl (MiniOzoneClusterImpl.java:lambda$waitForClusterToBeReady$0(176)) - Waiting for cluster to exit safe mode
2025-07-05 15:54:15,213 [main] INFO  ozone.MiniOzoneClusterImpl (MiniOzoneClusterImpl.java:lambda$waitForClusterToBeReady$0(178)) - SCM became leader
2025-07-05 15:54:15,666 [0584da7b-3980-4d20-b3ba-d97c117b17a2-PipelineCommandHandlerThread-0] INFO  server.RaftServer (RaftServerProxy.java:addNew(105)) - 0584da7b-3980-4d20-b3ba-d97c117b17a2: addNew group-E1C7E8442453:[0584da7b-3980-4d20-b3ba-d97c117b17a2|127.0.0.1:15051] returns group-E1C7E8442453:java.util.concurrent.CompletableFuture@6a87bb90[Not completed]
2025-07-05 15:54:15,672 [0584da7b-3980-4d20-b3ba-d97c117b17a2-groupManagement] WARN  statemachine.DatanodeConfiguration (DatanodeConfiguration.java:validateMinFreeSpace(751)) - hdds.datanode.volume.min.free.space.percent = -1.0 is invalid, should be between 0 and 1
2025-07-05 15:54:15,672 [0584da7b-3980-4d20-b3ba-d97c117b17a2-groupManagement] INFO  server.RaftServer$Division (RaftServerImpl.java:<init>(268)) - 0584da7b-3980-4d20-b3ba-d97c117b17a2: new RaftServerImpl for group-E1C7E8442453:[0584da7b-3980-4d20-b3ba-d97c117b17a2|127.0.0.1:15051] with ContainerStateMachine:uninitialized
2025-07-05 15:54:15,672 [0584da7b-3980-4d20-b3ba-d97c117b17a2-groupManagement] INFO  server.RaftServerConfigKeys (ConfUtils.java:logGet(62)) - raft.server.rpc.timeout.min = 5s (custom)
2025-07-05 15:54:15,673 [0584da7b-3980-4d20-b3ba-d97c117b17a2-groupManagement] INFO  server.RaftServerConfigKeys (ConfUtils.java:logGet(62)) - raft.server.rpc.timeout.max = 5200ms (custom)
2025-07-05 15:54:15,673 [0584da7b-3980-4d20-b3ba-d97c117b17a2-groupManagement] INFO  server.RaftServerConfigKeys (ConfUtils.java:logGet(62)) - raft.server.rpc.slowness.timeout = 300s (custom)
2025-07-05 15:54:15,673 [0584da7b-3980-4d20-b3ba-d97c117b17a2-groupManagement] INFO  server.RaftServer$Division (ServerState.java:<init>(114)) - 0584da7b-3980-4d20-b3ba-d97c117b17a2@group-E1C7E8442453: ConfigurationManager, init=conf: {index: -1, cur=peers:[0584da7b-3980-4d20-b3ba-d97c117b17a2|127.0.0.1:15051]|listeners:[], old=null}, confs=<EMPTY_MAP>
2025-07-05 15:54:15,673 [0584da7b-3980-4d20-b3ba-d97c117b17a2-groupManagement] INFO  server.RaftServerConfigKeys (ConfUtils.java:logGet(62)) - raft.server.notification.no-leader.timeout = 300s (custom)
2025-07-05 15:54:15,673 [0584da7b-3980-4d20-b3ba-d97c117b17a2-groupManagement] INFO  server.RaftServerConfigKeys (ConfUtils.java:logGet(62)) - raft.server.retrycache.expirytime = 600000ms (custom)
2025-07-05 15:54:15,677 [0584da7b-3980-4d20-b3ba-d97c117b17a2-groupManagement] INFO  server.RaftServerConfigKeys (ConfUtils.java:logGet(62)) - raft.server.storage.dir = [/home/runner/work/ozone/ozone/hadoop-ozone/integration-test/target/test-dir/MiniOzoneClusterImpl-ea17cf83-5a24-424f-8e3a-0ef9e94bb6a3/ozone-meta/datanode-1/ratis] (custom)
2025-07-05 15:54:15,678 [0584da7b-3980-4d20-b3ba-d97c117b17a2-groupManagement] INFO  storage.RaftStorageDirectory (RaftStorageDirectoryImpl.java:analyzeStorage(138)) - The storage directory /home/runner/work/ozone/ozone/hadoop-ozone/integration-test/target/test-dir/MiniOzoneClusterImpl-ea17cf83-5a24-424f-8e3a-0ef9e94bb6a3/ozone-meta/datanode-1/ratis/7ba059b5-b1d5-4ffa-b205-e1c7e8442453 does not exist. Creating ...
2025-07-05 15:54:15,679 [0584da7b-3980-4d20-b3ba-d97c117b17a2-groupManagement] INFO  storage.RaftStorageDirectory (RaftStorageDirectoryImpl.java:tryLock(229)) - Lock on /home/runner/work/ozone/ozone/hadoop-ozone/integration-test/target/test-dir/MiniOzoneClusterImpl-ea17cf83-5a24-424f-8e3a-0ef9e94bb6a3/ozone-meta/datanode-1/ratis/7ba059b5-b1d5-4ffa-b205-e1c7e8442453/in_use.lock acquired by nodename 59929@localhost
2025-07-05 15:54:15,680 [0584da7b-3980-4d20-b3ba-d97c117b17a2-groupManagement] INFO  storage.RaftStorage (RaftStorageImpl.java:format(98)) - Storage directory /home/runner/work/ozone/ozone/hadoop-ozone/integration-test/target/test-dir/MiniOzoneClusterImpl-ea17cf83-5a24-424f-8e3a-0ef9e94bb6a3/ozone-meta/datanode-1/ratis/7ba059b5-b1d5-4ffa-b205-e1c7e8442453 has been successfully formatted.
2025-07-05 15:54:15,684 [0584da7b-3980-4d20-b3ba-d97c117b17a2-groupManagement] INFO  ratis.ContainerStateMachine (ContainerStateMachine.java:initialize(339)) - 0584da7b-3980-4d20-b3ba-d97c117b17a2: initialize group-E1C7E8442453
2025-07-05 15:54:15,684 [0584da7b-3980-4d20-b3ba-d97c117b17a2-groupManagement] INFO  ratis.ContainerStateMachine (ContainerStateMachine.java:loadSnapshot(347)) - group-E1C7E8442453: The snapshot info is null. Setting the last applied index to:<INITIAL_VALUE>
2025-07-05 15:54:15,684 [0584da7b-3980-4d20-b3ba-d97c117b17a2-groupManagement] INFO  server.RaftServerConfigKeys (ConfUtils.java:logGet(62)) - raft.server.log.appender.buffer.byte-limit = 33554432 (custom)
2025-07-05 15:54:15,687 [0584da7b-3980-4d20-b3ba-d97c117b17a2-groupManagement] INFO  server.RaftServerConfigKeys (ConfUtils.java:logGet(62)) - raft.server.log.segment.size.max = 67108864 (custom)
2025-07-05 15:54:15,687 [0584da7b-3980-4d20-b3ba-d97c117b17a2-groupManagement] INFO  server.RaftServerConfigKeys (ConfUtils.java:logGet(62)) - raft.server.log.appender.buffer.byte-limit = 33554432 (custom)
2025-07-05 15:54:15,688 [0584da7b-3980-4d20-b3ba-d97c117b17a2-groupManagement] INFO  util.AwaitToRun (AwaitToRun.java:start(81)) - Thread[#1652,0584da7b-3980-4d20-b3ba-d97c117b17a2@group-E1C7E8442453-cacheEviction-AwaitToRun,5,main] started
2025-07-05 15:54:15,689 [0584da7b-3980-4d20-b3ba-d97c117b17a2-groupManagement] INFO  segmented.SegmentedRaftLogWorker (SegmentedRaftLogWorker.java:<init>(190)) - new 0584da7b-3980-4d20-b3ba-d97c117b17a2@group-E1C7E8442453-SegmentedRaftLogWorker for RaftStorageImpl:Storage Directory /home/runner/work/ozone/ozone/hadoop-ozone/integration-test/target/test-dir/MiniOzoneClusterImpl-ea17cf83-5a24-424f-8e3a-0ef9e94bb6a3/ozone-meta/datanode-1/ratis/7ba059b5-b1d5-4ffa-b205-e1c7e8442453
2025-07-05 15:54:15,689 [0584da7b-3980-4d20-b3ba-d97c117b17a2-groupManagement] INFO  server.RaftServerConfigKeys (ConfUtils.java:logGet(62)) - raft.server.log.queue.byte-limit = 4294967296 (custom)
2025-07-05 15:54:15,690 [0584da7b-3980-4d20-b3ba-d97c117b17a2-groupManagement] INFO  server.RaftServerConfigKeys (ConfUtils.java:logGet(62)) - raft.server.log.queue.element-limit = 1024 (custom)
2025-07-05 15:54:15,690 [0584da7b-3980-4d20-b3ba-d97c117b17a2-groupManagement] INFO  server.RaftServerConfigKeys (ConfUtils.java:logGet(62)) - raft.server.log.segment.size.max = 67108864 (custom)
2025-07-05 15:54:15,690 [0584da7b-3980-4d20-b3ba-d97c117b17a2-groupManagement] INFO  server.RaftServerConfigKeys (ConfUtils.java:logGet(62)) - raft.server.log.preallocated.size = 4194304 (custom)
2025-07-05 15:54:15,690 [0584da7b-3980-4d20-b3ba-d97c117b17a2-groupManagement] INFO  server.RaftServerConfigKeys (ConfUtils.java:logGet(62)) - raft.server.log.statemachine.data.sync.timeout.retry = 30 (custom)
2025-07-05 15:54:15,690 [0584da7b-3980-4d20-b3ba-d97c117b17a2-groupManagement] INFO  server.RaftServerConfigKeys (ConfUtils.java:logGet(62)) - raft.server.log.write.buffer.size = 33554440 (custom)
2025-07-05 15:54:15,695 [0584da7b-3980-4d20-b3ba-d97c117b17a2-groupManagement] INFO  server.RaftServerConfigKeys (ConfUtils.java:logGet(62)) - raft.server.log.appender.buffer.byte-limit = 33554432 (custom)
2025-07-05 15:54:15,696 [0584da7b-3980-4d20-b3ba-d97c117b17a2-groupManagement] INFO  server.RaftServerConfigKeys (ConfUtils.java:logGet(62)) - raft.server.log.statemachine.data.caching.enabled = true (custom)
2025-07-05 15:54:15,696 [0584da7b-3980-4d20-b3ba-d97c117b17a2-groupManagement] INFO  segmented.SegmentedRaftLogWorker (SegmentedRaftLogWorker.java:lambda$new$0(141)) - 0584da7b-3980-4d20-b3ba-d97c117b17a2@group-E1C7E8442453-SegmentedRaftLogWorker: flushIndex: setUnconditionally 0 -> -1
2025-07-05 15:54:15,696 [0584da7b-3980-4d20-b3ba-d97c117b17a2-groupManagement] INFO  segmented.SegmentedRaftLogWorker (SegmentedRaftLogWorker.java:lambda$new$0(141)) - 0584da7b-3980-4d20-b3ba-d97c117b17a2@group-E1C7E8442453-SegmentedRaftLogWorker: safeCacheEvictIndex: setUnconditionally 0 -> -1
2025-07-05 15:54:15,696 [0584da7b-3980-4d20-b3ba-d97c117b17a2-groupManagement] INFO  server.RaftServer$Division (RaftServerImpl.java:start(405)) - 0584da7b-3980-4d20-b3ba-d97c117b17a2@group-E1C7E8442453: start as a follower, conf=conf: {index: -1, cur=peers:[0584da7b-3980-4d20-b3ba-d97c117b17a2|127.0.0.1:15051]|listeners:[], old=null}
2025-07-05 15:54:15,696 [0584da7b-3980-4d20-b3ba-d97c117b17a2-groupManagement] INFO  server.RaftServer$Division (RaftServerImpl.java:setRole(392)) - 0584da7b-3980-4d20-b3ba-d97c117b17a2@group-E1C7E8442453: changes role from      null to FOLLOWER at term 0 for startAsFollower
2025-07-05 15:54:15,696 [0584da7b-3980-4d20-b3ba-d97c117b17a2-groupManagement] INFO  impl.RoleInfo (RoleInfo.java:updateAndGet(148)) - 0584da7b-3980-4d20-b3ba-d97c117b17a2: start 0584da7b-3980-4d20-b3ba-d97c117b17a2@group-E1C7E8442453-FollowerState
2025-07-05 15:54:15,697 [0584da7b-3980-4d20-b3ba-d97c117b17a2@group-E1C7E8442453-FollowerState] INFO  server.RaftServerConfigKeys (ConfUtils.java:logGet(62)) - raft.server.rpc.first-election.timeout.min = 1000ms (custom)
2025-07-05 15:54:15,697 [0584da7b-3980-4d20-b3ba-d97c117b17a2@group-E1C7E8442453-FollowerState] INFO  server.RaftServerConfigKeys (ConfUtils.java:logGet(62)) - raft.server.rpc.first-election.timeout.max = 1200ms (custom)
2025-07-05 15:54:15,697 [0584da7b-3980-4d20-b3ba-d97c117b17a2-groupManagement] INFO  util.JmxRegister (JmxRegister.java:tryRegister(44)) - Successfully registered JMX Bean with object name Ratis:service=RaftServer,group=group-E1C7E8442453,id=0584da7b-3980-4d20-b3ba-d97c117b17a2
2025-07-05 15:54:15,697 [0584da7b-3980-4d20-b3ba-d97c117b17a2-groupManagement] INFO  util.JmxRegister (JmxRegister.java:register(58)) - register mxBean class org.apache.ratis.server.impl.RaftServerJmxAdapter as Ratis:service=RaftServer,group=group-E1C7E8442453,id=0584da7b-3980-4d20-b3ba-d97c117b17a2
2025-07-05 15:54:15,697 [0584da7b-3980-4d20-b3ba-d97c117b17a2-groupManagement] INFO  server.RaftServerConfigKeys (ConfUtils.java:logGet(62)) - raft.server.snapshot.auto.trigger.threshold = 100000 (custom)
2025-07-05 15:54:15,697 [0584da7b-3980-4d20-b3ba-d97c117b17a2-groupManagement] INFO  server.RaftServerConfigKeys (ConfUtils.java:logGet(62)) - raft.server.snapshot.retention.file.num = 5 (custom)
2025-07-05 15:54:15,697 [0584da7b-3980-4d20-b3ba-d97c117b17a2-groupManagement] INFO  server.RaftServerConfigKeys (ConfUtils.java:logGet(62)) - raft.server.log.purge.upto.snapshot.index = false (default)
2025-07-05 15:54:15,698 [0584da7b-3980-4d20-b3ba-d97c117b17a2-groupManagement] INFO  server.RaftServer$Division (RaftServerImpl.java:start(419)) - 0584da7b-3980-4d20-b3ba-d97c117b17a2@group-E1C7E8442453: Successfully started.
2025-07-05 15:54:15,699 [0584da7b-3980-4d20-b3ba-d97c117b17a2-PipelineCommandHandlerThread-0] INFO  ratis.XceiverServerRatis (XceiverServerRatis.java:addGroup(843)) - Created group Pipeline-7ba059b5-b1d5-4ffa-b205-e1c7e8442453
2025-07-05 15:54:15,700 [0584da7b-3980-4d20-b3ba-d97c117b17a2-PipelineCommandHandlerThread-0] INFO  commandhandler.CreatePipelineCommandHandler (CreatePipelineCommandHandler.java:lambda$handle$2(127)) - Created Pipeline RATIS ONE Pipeline-7ba059b5-b1d5-4ffa-b205-e1c7e8442453.
2025-07-05 15:54:15,700 [0584da7b-3980-4d20-b3ba-d97c117b17a2-PipelineCommandHandlerThread-0] INFO  server.RaftServer (RaftServerProxy.java:addNew(105)) - 0584da7b-3980-4d20-b3ba-d97c117b17a2: addNew group-7DD7EB637B32:[0584da7b-3980-4d20-b3ba-d97c117b17a2|127.0.0.1:15051, 11776e6b-d53e-4cdc-a879-730cb763d81d|127.0.0.1:15067, b30b3ffb-bc08-4f2c-b590-0aeed9816472|127.0.0.1:15059] returns group-7DD7EB637B32:java.util.concurrent.CompletableFuture@3adf5e7d[Not completed]
2025-07-05 15:54:15,701 [scmNode-2-EventQueue-PipelineReportForOneReplicaPipelineSafeModeRule] INFO  safemode.SCMSafeModeManager (SCMSafeModeManager.java:validateSafeModeExitRules(138)) - AtleastOneDatanodeReportedRule rule is successfully validated
2025-07-05 15:54:15,701 [scmNode-1-EventQueue-PipelineReportForOneReplicaPipelineSafeModeRule] INFO  safemode.SCMSafeModeManager (SCMSafeModeManager.java:validateSafeModeExitRules(138)) - AtleastOneDatanodeReportedRule rule is successfully validated
2025-07-05 15:54:15,703 [scmNode-3-EventQueue-PipelineReportForOneReplicaPipelineSafeModeRule] INFO  safemode.SCMSafeModeManager (SCMSafeModeManager.java:validateSafeModeExitRules(138)) - AtleastOneDatanodeReportedRule rule is successfully validated
2025-07-05 15:54:15,703 [0584da7b-3980-4d20-b3ba-d97c117b17a2-groupManagement] WARN  statemachine.DatanodeConfiguration (DatanodeConfiguration.java:validateMinFreeSpace(751)) - hdds.datanode.volume.min.free.space.percent = -1.0 is invalid, should be between 0 and 1
2025-07-05 15:54:15,704 [0584da7b-3980-4d20-b3ba-d97c117b17a2-groupManagement] INFO  server.RaftServer$Division (RaftServerImpl.java:<init>(268)) - 0584da7b-3980-4d20-b3ba-d97c117b17a2: new RaftServerImpl for group-7DD7EB637B32:[0584da7b-3980-4d20-b3ba-d97c117b17a2|127.0.0.1:15051, 11776e6b-d53e-4cdc-a879-730cb763d81d|127.0.0.1:15067, b30b3ffb-bc08-4f2c-b590-0aeed9816472|127.0.0.1:15059] with ContainerStateMachine:uninitialized
2025-07-05 15:54:15,704 [0584da7b-3980-4d20-b3ba-d97c117b17a2-groupManagement] INFO  server.RaftServer$Division (ServerState.java:<init>(114)) - 0584da7b-3980-4d20-b3ba-d97c117b17a2@group-7DD7EB637B32: ConfigurationManager, init=conf: {index: -1, cur=peers:[0584da7b-3980-4d20-b3ba-d97c117b17a2|127.0.0.1:15051, 11776e6b-d53e-4cdc-a879-730cb763d81d|127.0.0.1:15067, b30b3ffb-bc08-4f2c-b590-0aeed9816472|127.0.0.1:15059]|listeners:[], old=null}, confs=<EMPTY_MAP>
2025-07-05 15:54:15,709 [e9f0a7df-dfca-4eba-a7d3-db47f637b57c@group-0EF9E94BB6A3-StateMachineUpdater] INFO  safemode.SCMSafeModeManager (SCMSafeModeManager.java:validateSafeModeExitRules(138)) - DataNodeSafeModeRule rule is successfully validated
2025-07-05 15:54:15,709 [e9f0a7df-dfca-4eba-a7d3-db47f637b57c@group-0EF9E94BB6A3-StateMachineUpdater] INFO  safemode.SCMSafeModeManager (SCMSafeModeManager.java:validateSafeModeExitRules(138)) - RatisContainerSafeModeRule rule is successfully validated
2025-07-05 15:54:15,709 [e9f0a7df-dfca-4eba-a7d3-db47f637b57c@group-0EF9E94BB6A3-StateMachineUpdater] INFO  safemode.HealthyPipelineSafeModeRule (HealthyPipelineSafeModeRule.java:initializeRule(228)) - Refreshed total pipeline count is 0, healthy pipeline threshold count is 1
2025-07-05 15:54:15,709 [e9f0a7df-dfca-4eba-a7d3-db47f637b57c@group-0EF9E94BB6A3-StateMachineUpdater] INFO  safemode.SCMSafeModeManager (SCMSafeModeManager.java:validateSafeModeExitRules(138)) - ECContainerSafeModeRule rule is successfully validated
2025-07-05 15:54:15,709 [e9f0a7df-dfca-4eba-a7d3-db47f637b57c@group-0EF9E94BB6A3-StateMachineUpdater] INFO  safemode.SCMSafeModeManager (SCMSafeModeManager.java:validateSafeModeExitRules(138)) - AtleastOneDatanodeReportedRule rule is successfully validated
2025-07-05 15:54:15,710 [2d344aaf-3adb-4590-a8db-0ff637af21a8@group-0EF9E94BB6A3-StateMachineUpdater] INFO  safemode.SCMSafeModeManager (SCMSafeModeManager.java:validateSafeModeExitRules(138)) - DataNodeSafeModeRule rule is successfully validated
2025-07-05 15:54:15,710 [2d344aaf-3adb-4590-a8db-0ff637af21a8@group-0EF9E94BB6A3-StateMachineUpdater] INFO  safemode.SCMSafeModeManager (SCMSafeModeManager.java:validateSafeModeExitRules(138)) - RatisContainerSafeModeRule rule is successfully validated
2025-07-05 15:54:15,710 [2d344aaf-3adb-4590-a8db-0ff637af21a8@group-0EF9E94BB6A3-StateMachineUpdater] INFO  safemode.HealthyPipelineSafeModeRule (HealthyPipelineSafeModeRule.java:initializeRule(228)) - Refreshed total pipeline count is 0, healthy pipeline threshold count is 1
2025-07-05 15:54:15,710 [2d344aaf-3adb-4590-a8db-0ff637af21a8@group-0EF9E94BB6A3-StateMachineUpdater] INFO  safemode.SCMSafeModeManager (SCMSafeModeManager.java:validateSafeModeExitRules(138)) - ECContainerSafeModeRule rule is successfully validated
2025-07-05 15:54:15,710 [2d344aaf-3adb-4590-a8db-0ff637af21a8@group-0EF9E94BB6A3-StateMachineUpdater] INFO  safemode.SCMSafeModeManager (SCMSafeModeManager.java:validateSafeModeExitRules(138)) - AtleastOneDatanodeReportedRule rule is successfully validated
2025-07-05 15:54:15,712 [d608cca7-8f6c-485f-afd6-2c7e3558bc9e@group-0EF9E94BB6A3-StateMachineUpdater] INFO  safemode.SCMSafeModeManager (SCMSafeModeManager.java:validateSafeModeExitRules(138)) - DataNodeSafeModeRule rule is successfully validated
2025-07-05 15:54:15,712 [d608cca7-8f6c-485f-afd6-2c7e3558bc9e@group-0EF9E94BB6A3-StateMachineUpdater] INFO  safemode.SCMSafeModeManager (SCMSafeModeManager.java:validateSafeModeExitRules(138)) - RatisContainerSafeModeRule rule is successfully validated
2025-07-05 15:54:15,712 [d608cca7-8f6c-485f-afd6-2c7e3558bc9e@group-0EF9E94BB6A3-StateMachineUpdater] INFO  safemode.HealthyPipelineSafeModeRule (HealthyPipelineSafeModeRule.java:initializeRule(228)) - Refreshed total pipeline count is 0, healthy pipeline threshold count is 1
2025-07-05 15:54:15,712 [d608cca7-8f6c-485f-afd6-2c7e3558bc9e@group-0EF9E94BB6A3-StateMachineUpdater] INFO  safemode.SCMSafeModeManager (SCMSafeModeManager.java:validateSafeModeExitRules(138)) - ECContainerSafeModeRule rule is successfully validated
2025-07-05 15:54:15,712 [d608cca7-8f6c-485f-afd6-2c7e3558bc9e@group-0EF9E94BB6A3-StateMachineUpdater] INFO  safemode.SCMSafeModeManager (SCMSafeModeManager.java:validateSafeModeExitRules(138)) - AtleastOneDatanodeReportedRule rule is successfully validated
2025-07-05 15:54:15,713 [scmNode-1-EventQueue-PipelineReportForPipelineReportHandler] INFO  pipeline.PipelineReportHandler (PipelineReportHandler.java:processPipelineReport(134)) - Opened pipeline Pipeline-7ba059b5-b1d5-4ffa-b205-e1c7e8442453
2025-07-05 15:54:15,719 [0584da7b-3980-4d20-b3ba-d97c117b17a2-groupManagement] INFO  storage.RaftStorageDirectory (RaftStorageDirectoryImpl.java:analyzeStorage(138)) - The storage directory /home/runner/work/ozone/ozone/hadoop-ozone/integration-test/target/test-dir/MiniOzoneClusterImpl-ea17cf83-5a24-424f-8e3a-0ef9e94bb6a3/ozone-meta/datanode-1/ratis/1c7d912d-9ecf-470f-bee3-7dd7eb637b32 does not exist. Creating ...
2025-07-05 15:54:15,720 [0584da7b-3980-4d20-b3ba-d97c117b17a2-groupManagement] INFO  storage.RaftStorageDirectory (RaftStorageDirectoryImpl.java:tryLock(229)) - Lock on /home/runner/work/ozone/ozone/hadoop-ozone/integration-test/target/test-dir/MiniOzoneClusterImpl-ea17cf83-5a24-424f-8e3a-0ef9e94bb6a3/ozone-meta/datanode-1/ratis/1c7d912d-9ecf-470f-bee3-7dd7eb637b32/in_use.lock acquired by nodename 59929@localhost
2025-07-05 15:54:15,722 [0584da7b-3980-4d20-b3ba-d97c117b17a2-groupManagement] INFO  storage.RaftStorage (RaftStorageImpl.java:format(98)) - Storage directory /home/runner/work/ozone/ozone/hadoop-ozone/integration-test/target/test-dir/MiniOzoneClusterImpl-ea17cf83-5a24-424f-8e3a-0ef9e94bb6a3/ozone-meta/datanode-1/ratis/1c7d912d-9ecf-470f-bee3-7dd7eb637b32 has been successfully formatted.
2025-07-05 15:54:15,723 [0584da7b-3980-4d20-b3ba-d97c117b17a2-groupManagement] INFO  ratis.ContainerStateMachine (ContainerStateMachine.java:initialize(339)) - 0584da7b-3980-4d20-b3ba-d97c117b17a2: initialize group-7DD7EB637B32
2025-07-05 15:54:15,723 [0584da7b-3980-4d20-b3ba-d97c117b17a2-groupManagement] INFO  ratis.ContainerStateMachine (ContainerStateMachine.java:loadSnapshot(347)) - group-7DD7EB637B32: The snapshot info is null. Setting the last applied index to:<INITIAL_VALUE>
2025-07-05 15:54:15,724 [0584da7b-3980-4d20-b3ba-d97c117b17a2-groupManagement] INFO  server.RaftServerConfigKeys (ConfUtils.java:logGet(62)) - raft.server.log.appender.buffer.byte-limit = 33554432 (custom)
2025-07-05 15:54:15,726 [scmNode-2-EventQueue-PipelineReportForOneReplicaPipelineSafeModeRule] INFO  safemode.SCMSafeModeManager (SCMSafeModeManager.java:validateSafeModeExitRules(138)) - AtleastOneDatanodeReportedRule rule is successfully validated
2025-07-05 15:54:15,727 [scmNode-3-EventQueue-PipelineReportForOneReplicaPipelineSafeModeRule] INFO  safemode.SCMSafeModeManager (SCMSafeModeManager.java:validateSafeModeExitRules(138)) - AtleastOneDatanodeReportedRule rule is successfully validated
2025-07-05 15:54:15,728 [scmNode-1-EventQueue-PipelineReportForOneReplicaPipelineSafeModeRule] INFO  safemode.SCMSafeModeManager (SCMSafeModeManager.java:validateSafeModeExitRules(138)) - AtleastOneDatanodeReportedRule rule is successfully validated
2025-07-05 15:54:15,728 [0584da7b-3980-4d20-b3ba-d97c117b17a2-groupManagement] INFO  server.RaftServerConfigKeys (ConfUtils.java:logGet(62)) - raft.server.log.segment.size.max = 67108864 (custom)
2025-07-05 15:54:15,729 [0584da7b-3980-4d20-b3ba-d97c117b17a2-groupManagement] INFO  server.RaftServerConfigKeys (ConfUtils.java:logGet(62)) - raft.server.log.appender.buffer.byte-limit = 33554432 (custom)
2025-07-05 15:54:15,729 [0584da7b-3980-4d20-b3ba-d97c117b17a2-groupManagement] INFO  util.AwaitToRun (AwaitToRun.java:start(81)) - Thread[#1659,0584da7b-3980-4d20-b3ba-d97c117b17a2@group-7DD7EB637B32-cacheEviction-AwaitToRun,5,main] started
2025-07-05 15:54:15,729 [0584da7b-3980-4d20-b3ba-d97c117b17a2-groupManagement] INFO  segmented.SegmentedRaftLogWorker (SegmentedRaftLogWorker.java:<init>(190)) - new 0584da7b-3980-4d20-b3ba-d97c117b17a2@group-7DD7EB637B32-SegmentedRaftLogWorker for RaftStorageImpl:Storage Directory /home/runner/work/ozone/ozone/hadoop-ozone/integration-test/target/test-dir/MiniOzoneClusterImpl-ea17cf83-5a24-424f-8e3a-0ef9e94bb6a3/ozone-meta/datanode-1/ratis/1c7d912d-9ecf-470f-bee3-7dd7eb637b32
2025-07-05 15:54:15,729 [0584da7b-3980-4d20-b3ba-d97c117b17a2-groupManagement] INFO  server.RaftServerConfigKeys (ConfUtils.java:logGet(62)) - raft.server.log.queue.byte-limit = 4294967296 (custom)
2025-07-05 15:54:15,730 [0584da7b-3980-4d20-b3ba-d97c117b17a2-groupManagement] INFO  server.RaftServerConfigKeys (ConfUtils.java:logGet(62)) - raft.server.log.segment.size.max = 67108864 (custom)
2025-07-05 15:54:15,730 [0584da7b-3980-4d20-b3ba-d97c117b17a2-groupManagement] INFO  server.RaftServerConfigKeys (ConfUtils.java:logGet(62)) - raft.server.log.preallocated.size = 4194304 (custom)
2025-07-05 15:54:15,730 [0584da7b-3980-4d20-b3ba-d97c117b17a2-groupManagement] INFO  server.RaftServerConfigKeys (ConfUtils.java:logGet(62)) - raft.server.log.write.buffer.size = 33554440 (custom)
2025-07-05 15:54:15,735 [0584da7b-3980-4d20-b3ba-d97c117b17a2-groupManagement] INFO  server.RaftServerConfigKeys (ConfUtils.java:logGet(62)) - raft.server.log.appender.buffer.byte-limit = 33554432 (custom)
2025-07-05 15:54:15,736 [0584da7b-3980-4d20-b3ba-d97c117b17a2-groupManagement] INFO  segmented.SegmentedRaftLogWorker (SegmentedRaftLogWorker.java:lambda$new$0(141)) - 0584da7b-3980-4d20-b3ba-d97c117b17a2@group-7DD7EB637B32-SegmentedRaftLogWorker: flushIndex: setUnconditionally 0 -> -1
2025-07-05 15:54:15,736 [0584da7b-3980-4d20-b3ba-d97c117b17a2-groupManagement] INFO  segmented.SegmentedRaftLogWorker (SegmentedRaftLogWorker.java:lambda$new$0(141)) - 0584da7b-3980-4d20-b3ba-d97c117b17a2@group-7DD7EB637B32-SegmentedRaftLogWorker: safeCacheEvictIndex: setUnconditionally 0 -> -1
2025-07-05 15:54:15,736 [0584da7b-3980-4d20-b3ba-d97c117b17a2-groupManagement] INFO  server.RaftServer$Division (RaftServerImpl.java:start(405)) - 0584da7b-3980-4d20-b3ba-d97c117b17a2@group-7DD7EB637B32: start as a follower, conf=conf: {index: -1, cur=peers:[0584da7b-3980-4d20-b3ba-d97c117b17a2|127.0.0.1:15051, 11776e6b-d53e-4cdc-a879-730cb763d81d|127.0.0.1:15067, b30b3ffb-bc08-4f2c-b590-0aeed9816472|127.0.0.1:15059]|listeners:[], old=null}
2025-07-05 15:54:15,736 [0584da7b-3980-4d20-b3ba-d97c117b17a2-groupManagement] INFO  server.RaftServer$Division (RaftServerImpl.java:setRole(392)) - 0584da7b-3980-4d20-b3ba-d97c117b17a2@group-7DD7EB637B32: changes role from      null to FOLLOWER at term 0 for startAsFollower
2025-07-05 15:54:15,736 [0584da7b-3980-4d20-b3ba-d97c117b17a2-groupManagement] INFO  impl.RoleInfo (RoleInfo.java:updateAndGet(148)) - 0584da7b-3980-4d20-b3ba-d97c117b17a2: start 0584da7b-3980-4d20-b3ba-d97c117b17a2@group-7DD7EB637B32-FollowerState
2025-07-05 15:54:15,737 [0584da7b-3980-4d20-b3ba-d97c117b17a2-groupManagement] INFO  util.JmxRegister (JmxRegister.java:tryRegister(44)) - Successfully registered JMX Bean with object name Ratis:service=RaftServer,group=group-7DD7EB637B32,id=0584da7b-3980-4d20-b3ba-d97c117b17a2
2025-07-05 15:54:15,737 [0584da7b-3980-4d20-b3ba-d97c117b17a2-groupManagement] INFO  util.JmxRegister (JmxRegister.java:register(58)) - register mxBean class org.apache.ratis.server.impl.RaftServerJmxAdapter as Ratis:service=RaftServer,group=group-7DD7EB637B32,id=0584da7b-3980-4d20-b3ba-d97c117b17a2
2025-07-05 15:54:15,737 [0584da7b-3980-4d20-b3ba-d97c117b17a2-groupManagement] INFO  server.RaftServer$Division (RaftServerImpl.java:start(419)) - 0584da7b-3980-4d20-b3ba-d97c117b17a2@group-7DD7EB637B32: Successfully started.
2025-07-05 15:54:15,738 [0584da7b-3980-4d20-b3ba-d97c117b17a2-PipelineCommandHandlerThread-0] INFO  ratis.XceiverServerRatis (XceiverServerRatis.java:addGroup(843)) - Created group Pipeline-1c7d912d-9ecf-470f-bee3-7dd7eb637b32
2025-07-05 15:54:15,761 [grpc-default-executor-0] INFO  server.RaftServer (RaftServerProxy.java:addNew(105)) - b30b3ffb-bc08-4f2c-b590-0aeed9816472: addNew group-7DD7EB637B32:[0584da7b-3980-4d20-b3ba-d97c117b17a2|127.0.0.1:15051, 11776e6b-d53e-4cdc-a879-730cb763d81d|127.0.0.1:15067, b30b3ffb-bc08-4f2c-b590-0aeed9816472|127.0.0.1:15059] returns group-7DD7EB637B32:java.util.concurrent.CompletableFuture@424decf4[Not completed]
2025-07-05 15:54:15,763 [b30b3ffb-bc08-4f2c-b590-0aeed9816472-groupManagement] WARN  statemachine.DatanodeConfiguration (DatanodeConfiguration.java:validateMinFreeSpace(751)) - hdds.datanode.volume.min.free.space.percent = -1.0 is invalid, should be between 0 and 1
2025-07-05 15:54:15,763 [b30b3ffb-bc08-4f2c-b590-0aeed9816472-groupManagement] INFO  server.RaftServer$Division (RaftServerImpl.java:<init>(268)) - b30b3ffb-bc08-4f2c-b590-0aeed9816472: new RaftServerImpl for group-7DD7EB637B32:[0584da7b-3980-4d20-b3ba-d97c117b17a2|127.0.0.1:15051, 11776e6b-d53e-4cdc-a879-730cb763d81d|127.0.0.1:15067, b30b3ffb-bc08-4f2c-b590-0aeed9816472|127.0.0.1:15059] with ContainerStateMachine:uninitialized
2025-07-05 15:54:15,763 [b30b3ffb-bc08-4f2c-b590-0aeed9816472-groupManagement] INFO  server.RaftServer$Division (ServerState.java:<init>(114)) - b30b3ffb-bc08-4f2c-b590-0aeed9816472@group-7DD7EB637B32: ConfigurationManager, init=conf: {index: -1, cur=peers:[0584da7b-3980-4d20-b3ba-d97c117b17a2|127.0.0.1:15051, 11776e6b-d53e-4cdc-a879-730cb763d81d|127.0.0.1:15067, b30b3ffb-bc08-4f2c-b590-0aeed9816472|127.0.0.1:15059]|listeners:[], old=null}, confs=<EMPTY_MAP>
2025-07-05 15:54:15,767 [b30b3ffb-bc08-4f2c-b590-0aeed9816472-groupManagement] INFO  server.RaftServerConfigKeys (ConfUtils.java:logGet(62)) - raft.server.storage.dir = [/home/runner/work/ozone/ozone/hadoop-ozone/integration-test/target/test-dir/MiniOzoneClusterImpl-ea17cf83-5a24-424f-8e3a-0ef9e94bb6a3/ozone-meta/datanode-2/ratis] (custom)
2025-07-05 15:54:15,767 [b30b3ffb-bc08-4f2c-b590-0aeed9816472-groupManagement] INFO  storage.RaftStorageDirectory (RaftStorageDirectoryImpl.java:analyzeStorage(138)) - The storage directory /home/runner/work/ozone/ozone/hadoop-ozone/integration-test/target/test-dir/MiniOzoneClusterImpl-ea17cf83-5a24-424f-8e3a-0ef9e94bb6a3/ozone-meta/datanode-2/ratis/1c7d912d-9ecf-470f-bee3-7dd7eb637b32 does not exist. Creating ...
2025-07-05 15:54:15,768 [b30b3ffb-bc08-4f2c-b590-0aeed9816472-groupManagement] INFO  storage.RaftStorageDirectory (RaftStorageDirectoryImpl.java:tryLock(229)) - Lock on /home/runner/work/ozone/ozone/hadoop-ozone/integration-test/target/test-dir/MiniOzoneClusterImpl-ea17cf83-5a24-424f-8e3a-0ef9e94bb6a3/ozone-meta/datanode-2/ratis/1c7d912d-9ecf-470f-bee3-7dd7eb637b32/in_use.lock acquired by nodename 59929@localhost
2025-07-05 15:54:15,769 [b30b3ffb-bc08-4f2c-b590-0aeed9816472-groupManagement] INFO  storage.RaftStorage (RaftStorageImpl.java:format(98)) - Storage directory /home/runner/work/ozone/ozone/hadoop-ozone/integration-test/target/test-dir/MiniOzoneClusterImpl-ea17cf83-5a24-424f-8e3a-0ef9e94bb6a3/ozone-meta/datanode-2/ratis/1c7d912d-9ecf-470f-bee3-7dd7eb637b32 has been successfully formatted.
2025-07-05 15:54:15,769 [b30b3ffb-bc08-4f2c-b590-0aeed9816472-groupManagement] INFO  ratis.ContainerStateMachine (ContainerStateMachine.java:initialize(339)) - b30b3ffb-bc08-4f2c-b590-0aeed9816472: initialize group-7DD7EB637B32
2025-07-05 15:54:15,770 [b30b3ffb-bc08-4f2c-b590-0aeed9816472-groupManagement] INFO  ratis.ContainerStateMachine (ContainerStateMachine.java:loadSnapshot(347)) - group-7DD7EB637B32: The snapshot info is null. Setting the last applied index to:<INITIAL_VALUE>
2025-07-05 15:54:15,770 [b30b3ffb-bc08-4f2c-b590-0aeed9816472-groupManagement] INFO  server.RaftServerConfigKeys (ConfUtils.java:logGet(62)) - raft.server.log.appender.buffer.byte-limit = 33554432 (custom)
2025-07-05 15:54:15,772 [scmNode-2-EventQueue-PipelineReportForOneReplicaPipelineSafeModeRule] INFO  safemode.SCMSafeModeManager (SCMSafeModeManager.java:validateSafeModeExitRules(138)) - AtleastOneDatanodeReportedRule rule is successfully validated
2025-07-05 15:54:15,773 [b30b3ffb-bc08-4f2c-b590-0aeed9816472-groupManagement] INFO  server.RaftServerConfigKeys (ConfUtils.java:logGet(62)) - raft.server.log.segment.size.max = 67108864 (custom)
2025-07-05 15:54:15,774 [scmNode-3-EventQueue-PipelineReportForOneReplicaPipelineSafeModeRule] INFO  safemode.SCMSafeModeManager (SCMSafeModeManager.java:validateSafeModeExitRules(138)) - AtleastOneDatanodeReportedRule rule is successfully validated
2025-07-05 15:54:15,774 [b30b3ffb-bc08-4f2c-b590-0aeed9816472-groupManagement] INFO  server.RaftServerConfigKeys (ConfUtils.java:logGet(62)) - raft.server.log.appender.buffer.byte-limit = 33554432 (custom)
2025-07-05 15:54:15,775 [scmNode-1-EventQueue-PipelineReportForOneReplicaPipelineSafeModeRule] INFO  safemode.SCMSafeModeManager (SCMSafeModeManager.java:validateSafeModeExitRules(138)) - AtleastOneDatanodeReportedRule rule is successfully validated
2025-07-05 15:54:15,777 [b30b3ffb-bc08-4f2c-b590-0aeed9816472-groupManagement] INFO  util.AwaitToRun (AwaitToRun.java:start(81)) - Thread[#1664,b30b3ffb-bc08-4f2c-b590-0aeed9816472@group-7DD7EB637B32-cacheEviction-AwaitToRun,5,main] started
2025-07-05 15:54:15,777 [b30b3ffb-bc08-4f2c-b590-0aeed9816472-groupManagement] INFO  segmented.SegmentedRaftLogWorker (SegmentedRaftLogWorker.java:<init>(190)) - new b30b3ffb-bc08-4f2c-b590-0aeed9816472@group-7DD7EB637B32-SegmentedRaftLogWorker for RaftStorageImpl:Storage Directory /home/runner/work/ozone/ozone/hadoop-ozone/integration-test/target/test-dir/MiniOzoneClusterImpl-ea17cf83-5a24-424f-8e3a-0ef9e94bb6a3/ozone-meta/datanode-2/ratis/1c7d912d-9ecf-470f-bee3-7dd7eb637b32
2025-07-05 15:54:15,778 [b30b3ffb-bc08-4f2c-b590-0aeed9816472-groupManagement] INFO  server.RaftServerConfigKeys (ConfUtils.java:logGet(62)) - raft.server.log.queue.byte-limit = 4294967296 (custom)
2025-07-05 15:54:15,778 [b30b3ffb-bc08-4f2c-b590-0aeed9816472-groupManagement] INFO  server.RaftServerConfigKeys (ConfUtils.java:logGet(62)) - raft.server.log.segment.size.max = 67108864 (custom)
2025-07-05 15:54:15,779 [b30b3ffb-bc08-4f2c-b590-0aeed9816472-groupManagement] INFO  server.RaftServerConfigKeys (ConfUtils.java:logGet(62)) - raft.server.log.preallocated.size = 4194304 (custom)
2025-07-05 15:54:15,779 [b30b3ffb-bc08-4f2c-b590-0aeed9816472-groupManagement] INFO  server.RaftServerConfigKeys (ConfUtils.java:logGet(62)) - raft.server.log.write.buffer.size = 33554440 (custom)
2025-07-05 15:54:15,786 [b30b3ffb-bc08-4f2c-b590-0aeed9816472-groupManagement] INFO  server.RaftServerConfigKeys (ConfUtils.java:logGet(62)) - raft.server.log.appender.buffer.byte-limit = 33554432 (custom)
2025-07-05 15:54:15,786 [b30b3ffb-bc08-4f2c-b590-0aeed9816472-groupManagement] INFO  segmented.SegmentedRaftLogWorker (SegmentedRaftLogWorker.java:lambda$new$0(141)) - b30b3ffb-bc08-4f2c-b590-0aeed9816472@group-7DD7EB637B32-SegmentedRaftLogWorker: flushIndex: setUnconditionally 0 -> -1
2025-07-05 15:54:15,786 [b30b3ffb-bc08-4f2c-b590-0aeed9816472-groupManagement] INFO  segmented.SegmentedRaftLogWorker (SegmentedRaftLogWorker.java:lambda$new$0(141)) - b30b3ffb-bc08-4f2c-b590-0aeed9816472@group-7DD7EB637B32-SegmentedRaftLogWorker: safeCacheEvictIndex: setUnconditionally 0 -> -1
2025-07-05 15:54:15,788 [b30b3ffb-bc08-4f2c-b590-0aeed9816472-groupManagement] INFO  server.RaftServer$Division (RaftServerImpl.java:start(405)) - b30b3ffb-bc08-4f2c-b590-0aeed9816472@group-7DD7EB637B32: start as a follower, conf=conf: {index: -1, cur=peers:[0584da7b-3980-4d20-b3ba-d97c117b17a2|127.0.0.1:15051, 11776e6b-d53e-4cdc-a879-730cb763d81d|127.0.0.1:15067, b30b3ffb-bc08-4f2c-b590-0aeed9816472|127.0.0.1:15059]|listeners:[], old=null}
2025-07-05 15:54:15,788 [b30b3ffb-bc08-4f2c-b590-0aeed9816472-groupManagement] INFO  server.RaftServer$Division (RaftServerImpl.java:setRole(392)) - b30b3ffb-bc08-4f2c-b590-0aeed9816472@group-7DD7EB637B32: changes role from      null to FOLLOWER at term 0 for startAsFollower
2025-07-05 15:54:15,788 [b30b3ffb-bc08-4f2c-b590-0aeed9816472-groupManagement] INFO  impl.RoleInfo (RoleInfo.java:updateAndGet(148)) - b30b3ffb-bc08-4f2c-b590-0aeed9816472: start b30b3ffb-bc08-4f2c-b590-0aeed9816472@group-7DD7EB637B32-FollowerState
2025-07-05 15:54:15,788 [b30b3ffb-bc08-4f2c-b590-0aeed9816472-groupManagement] INFO  util.JmxRegister (JmxRegister.java:tryRegister(44)) - Successfully registered JMX Bean with object name Ratis:service=RaftServer,group=group-7DD7EB637B32,id=b30b3ffb-bc08-4f2c-b590-0aeed9816472
2025-07-05 15:54:15,788 [b30b3ffb-bc08-4f2c-b590-0aeed9816472-groupManagement] INFO  util.JmxRegister (JmxRegister.java:register(58)) - register mxBean class org.apache.ratis.server.impl.RaftServerJmxAdapter as Ratis:service=RaftServer,group=group-7DD7EB637B32,id=b30b3ffb-bc08-4f2c-b590-0aeed9816472
2025-07-05 15:54:15,789 [b30b3ffb-bc08-4f2c-b590-0aeed9816472-groupManagement] INFO  server.RaftServer$Division (RaftServerImpl.java:start(419)) - b30b3ffb-bc08-4f2c-b590-0aeed9816472@group-7DD7EB637B32: Successfully started.
2025-07-05 15:54:15,802 [grpc-default-executor-0] INFO  server.RaftServer (RaftServerProxy.java:addNew(105)) - 11776e6b-d53e-4cdc-a879-730cb763d81d: addNew group-7DD7EB637B32:[0584da7b-3980-4d20-b3ba-d97c117b17a2|127.0.0.1:15051, 11776e6b-d53e-4cdc-a879-730cb763d81d|127.0.0.1:15067, b30b3ffb-bc08-4f2c-b590-0aeed9816472|127.0.0.1:15059] returns group-7DD7EB637B32:java.util.concurrent.CompletableFuture@160f4cff[Not completed]
2025-07-05 15:54:15,804 [11776e6b-d53e-4cdc-a879-730cb763d81d-groupManagement] WARN  statemachine.DatanodeConfiguration (DatanodeConfiguration.java:validateMinFreeSpace(751)) - hdds.datanode.volume.min.free.space.percent = -1.0 is invalid, should be between 0 and 1
2025-07-05 15:54:15,805 [11776e6b-d53e-4cdc-a879-730cb763d81d-groupManagement] INFO  server.RaftServer$Division (RaftServerImpl.java:<init>(268)) - 11776e6b-d53e-4cdc-a879-730cb763d81d: new RaftServerImpl for group-7DD7EB637B32:[0584da7b-3980-4d20-b3ba-d97c117b17a2|127.0.0.1:15051, 11776e6b-d53e-4cdc-a879-730cb763d81d|127.0.0.1:15067, b30b3ffb-bc08-4f2c-b590-0aeed9816472|127.0.0.1:15059] with ContainerStateMachine:uninitialized
2025-07-05 15:54:15,805 [11776e6b-d53e-4cdc-a879-730cb763d81d-groupManagement] INFO  server.RaftServer$Division (ServerState.java:<init>(114)) - 11776e6b-d53e-4cdc-a879-730cb763d81d@group-7DD7EB637B32: ConfigurationManager, init=conf: {index: -1, cur=peers:[0584da7b-3980-4d20-b3ba-d97c117b17a2|127.0.0.1:15051, 11776e6b-d53e-4cdc-a879-730cb763d81d|127.0.0.1:15067, b30b3ffb-bc08-4f2c-b590-0aeed9816472|127.0.0.1:15059]|listeners:[], old=null}, confs=<EMPTY_MAP>
2025-07-05 15:54:15,811 [11776e6b-d53e-4cdc-a879-730cb763d81d-groupManagement] INFO  server.RaftServerConfigKeys (ConfUtils.java:logGet(62)) - raft.server.storage.dir = [/home/runner/work/ozone/ozone/hadoop-ozone/integration-test/target/test-dir/MiniOzoneClusterImpl-ea17cf83-5a24-424f-8e3a-0ef9e94bb6a3/ozone-meta/datanode-3/ratis] (custom)
2025-07-05 15:54:15,811 [11776e6b-d53e-4cdc-a879-730cb763d81d-groupManagement] INFO  storage.RaftStorageDirectory (RaftStorageDirectoryImpl.java:analyzeStorage(138)) - The storage directory /home/runner/work/ozone/ozone/hadoop-ozone/integration-test/target/test-dir/MiniOzoneClusterImpl-ea17cf83-5a24-424f-8e3a-0ef9e94bb6a3/ozone-meta/datanode-3/ratis/1c7d912d-9ecf-470f-bee3-7dd7eb637b32 does not exist. Creating ...
2025-07-05 15:54:15,813 [11776e6b-d53e-4cdc-a879-730cb763d81d-groupManagement] INFO  storage.RaftStorageDirectory (RaftStorageDirectoryImpl.java:tryLock(229)) - Lock on /home/runner/work/ozone/ozone/hadoop-ozone/integration-test/target/test-dir/MiniOzoneClusterImpl-ea17cf83-5a24-424f-8e3a-0ef9e94bb6a3/ozone-meta/datanode-3/ratis/1c7d912d-9ecf-470f-bee3-7dd7eb637b32/in_use.lock acquired by nodename 59929@localhost
2025-07-05 15:54:15,814 [11776e6b-d53e-4cdc-a879-730cb763d81d-groupManagement] INFO  storage.RaftStorage (RaftStorageImpl.java:format(98)) - Storage directory /home/runner/work/ozone/ozone/hadoop-ozone/integration-test/target/test-dir/MiniOzoneClusterImpl-ea17cf83-5a24-424f-8e3a-0ef9e94bb6a3/ozone-meta/datanode-3/ratis/1c7d912d-9ecf-470f-bee3-7dd7eb637b32 has been successfully formatted.
2025-07-05 15:54:15,814 [11776e6b-d53e-4cdc-a879-730cb763d81d-groupManagement] INFO  ratis.ContainerStateMachine (ContainerStateMachine.java:initialize(339)) - 11776e6b-d53e-4cdc-a879-730cb763d81d: initialize group-7DD7EB637B32
2025-07-05 15:54:15,814 [11776e6b-d53e-4cdc-a879-730cb763d81d-groupManagement] INFO  ratis.ContainerStateMachine (ContainerStateMachine.java:loadSnapshot(347)) - group-7DD7EB637B32: The snapshot info is null. Setting the last applied index to:<INITIAL_VALUE>
2025-07-05 15:54:15,815 [11776e6b-d53e-4cdc-a879-730cb763d81d-groupManagement] INFO  server.RaftServerConfigKeys (ConfUtils.java:logGet(62)) - raft.server.log.appender.buffer.byte-limit = 33554432 (custom)
2025-07-05 15:54:15,817 [11776e6b-d53e-4cdc-a879-730cb763d81d-groupManagement] INFO  server.RaftServerConfigKeys (ConfUtils.java:logGet(62)) - raft.server.log.segment.size.max = 67108864 (custom)
2025-07-05 15:54:15,818 [11776e6b-d53e-4cdc-a879-730cb763d81d-groupManagement] INFO  server.RaftServerConfigKeys (ConfUtils.java:logGet(62)) - raft.server.log.appender.buffer.byte-limit = 33554432 (custom)
2025-07-05 15:54:15,818 [scmNode-2-EventQueue-PipelineReportForOneReplicaPipelineSafeModeRule] INFO  safemode.SCMSafeModeManager (SCMSafeModeManager.java:validateSafeModeExitRules(138)) - AtleastOneDatanodeReportedRule rule is successfully validated
2025-07-05 15:54:15,818 [scmNode-1-EventQueue-PipelineReportForOneReplicaPipelineSafeModeRule] INFO  safemode.SCMSafeModeManager (SCMSafeModeManager.java:validateSafeModeExitRules(138)) - AtleastOneDatanodeReportedRule rule is successfully validated
2025-07-05 15:54:15,818 [scmNode-3-EventQueue-PipelineReportForOneReplicaPipelineSafeModeRule] INFO  safemode.SCMSafeModeManager (SCMSafeModeManager.java:validateSafeModeExitRules(138)) - AtleastOneDatanodeReportedRule rule is successfully validated
2025-07-05 15:54:15,819 [11776e6b-d53e-4cdc-a879-730cb763d81d-groupManagement] INFO  util.AwaitToRun (AwaitToRun.java:start(81)) - Thread[#1672,11776e6b-d53e-4cdc-a879-730cb763d81d@group-7DD7EB637B32-cacheEviction-AwaitToRun,5,main] started
2025-07-05 15:54:15,819 [11776e6b-d53e-4cdc-a879-730cb763d81d-groupManagement] INFO  segmented.SegmentedRaftLogWorker (SegmentedRaftLogWorker.java:<init>(190)) - new 11776e6b-d53e-4cdc-a879-730cb763d81d@group-7DD7EB637B32-SegmentedRaftLogWorker for RaftStorageImpl:Storage Directory /home/runner/work/ozone/ozone/hadoop-ozone/integration-test/target/test-dir/MiniOzoneClusterImpl-ea17cf83-5a24-424f-8e3a-0ef9e94bb6a3/ozone-meta/datanode-3/ratis/1c7d912d-9ecf-470f-bee3-7dd7eb637b32
2025-07-05 15:54:15,820 [11776e6b-d53e-4cdc-a879-730cb763d81d-groupManagement] INFO  server.RaftServerConfigKeys (ConfUtils.java:logGet(62)) - raft.server.log.queue.byte-limit = 4294967296 (custom)
2025-07-05 15:54:15,820 [11776e6b-d53e-4cdc-a879-730cb763d81d-groupManagement] INFO  server.RaftServerConfigKeys (ConfUtils.java:logGet(62)) - raft.server.log.segment.size.max = 67108864 (custom)
2025-07-05 15:54:15,820 [11776e6b-d53e-4cdc-a879-730cb763d81d-groupManagement] INFO  server.RaftServerConfigKeys (ConfUtils.java:logGet(62)) - raft.server.log.preallocated.size = 4194304 (custom)
2025-07-05 15:54:15,820 [11776e6b-d53e-4cdc-a879-730cb763d81d-groupManagement] INFO  server.RaftServerConfigKeys (ConfUtils.java:logGet(62)) - raft.server.log.write.buffer.size = 33554440 (custom)
2025-07-05 15:54:15,825 [11776e6b-d53e-4cdc-a879-730cb763d81d-groupManagement] INFO  server.RaftServerConfigKeys (ConfUtils.java:logGet(62)) - raft.server.log.appender.buffer.byte-limit = 33554432 (custom)
2025-07-05 15:54:15,825 [11776e6b-d53e-4cdc-a879-730cb763d81d-groupManagement] INFO  segmented.SegmentedRaftLogWorker (SegmentedRaftLogWorker.java:lambda$new$0(141)) - 11776e6b-d53e-4cdc-a879-730cb763d81d@group-7DD7EB637B32-SegmentedRaftLogWorker: flushIndex: setUnconditionally 0 -> -1
2025-07-05 15:54:15,825 [11776e6b-d53e-4cdc-a879-730cb763d81d-groupManagement] INFO  segmented.SegmentedRaftLogWorker (SegmentedRaftLogWorker.java:lambda$new$0(141)) - 11776e6b-d53e-4cdc-a879-730cb763d81d@group-7DD7EB637B32-SegmentedRaftLogWorker: safeCacheEvictIndex: setUnconditionally 0 -> -1
2025-07-05 15:54:15,826 [11776e6b-d53e-4cdc-a879-730cb763d81d-groupManagement] INFO  server.RaftServer$Division (RaftServerImpl.java:start(405)) - 11776e6b-d53e-4cdc-a879-730cb763d81d@group-7DD7EB637B32: start as a follower, conf=conf: {index: -1, cur=peers:[0584da7b-3980-4d20-b3ba-d97c117b17a2|127.0.0.1:15051, 11776e6b-d53e-4cdc-a879-730cb763d81d|127.0.0.1:15067, b30b3ffb-bc08-4f2c-b590-0aeed9816472|127.0.0.1:15059]|listeners:[], old=null}
2025-07-05 15:54:15,826 [11776e6b-d53e-4cdc-a879-730cb763d81d-groupManagement] INFO  server.RaftServer$Division (RaftServerImpl.java:setRole(392)) - 11776e6b-d53e-4cdc-a879-730cb763d81d@group-7DD7EB637B32: changes role from      null to FOLLOWER at term 0 for startAsFollower
2025-07-05 15:54:15,826 [11776e6b-d53e-4cdc-a879-730cb763d81d-groupManagement] INFO  impl.RoleInfo (RoleInfo.java:updateAndGet(148)) - 11776e6b-d53e-4cdc-a879-730cb763d81d: start 11776e6b-d53e-4cdc-a879-730cb763d81d@group-7DD7EB637B32-FollowerState
2025-07-05 15:54:15,826 [11776e6b-d53e-4cdc-a879-730cb763d81d-groupManagement] INFO  util.JmxRegister (JmxRegister.java:tryRegister(44)) - Successfully registered JMX Bean with object name Ratis:service=RaftServer,group=group-7DD7EB637B32,id=11776e6b-d53e-4cdc-a879-730cb763d81d
2025-07-05 15:54:15,826 [11776e6b-d53e-4cdc-a879-730cb763d81d-groupManagement] INFO  util.JmxRegister (JmxRegister.java:register(58)) - register mxBean class org.apache.ratis.server.impl.RaftServerJmxAdapter as Ratis:service=RaftServer,group=group-7DD7EB637B32,id=11776e6b-d53e-4cdc-a879-730cb763d81d
2025-07-05 15:54:15,827 [11776e6b-d53e-4cdc-a879-730cb763d81d-groupManagement] INFO  server.RaftServer$Division (RaftServerImpl.java:start(419)) - 11776e6b-d53e-4cdc-a879-730cb763d81d@group-7DD7EB637B32: Successfully started.
2025-07-05 15:54:15,831 [0584da7b-3980-4d20-b3ba-d97c117b17a2-PipelineCommandHandlerThread-0] INFO  commandhandler.CreatePipelineCommandHandler (CreatePipelineCommandHandler.java:lambda$handle$2(127)) - Created Pipeline RATIS THREE Pipeline-1c7d912d-9ecf-470f-bee3-7dd7eb637b32.
2025-07-05 15:54:15,832 [0584da7b-3980-4d20-b3ba-d97c117b17a2-PipelineCommandHandlerThread-0] INFO  server.RaftServer (RaftServerProxy.java:addNew(105)) - 0584da7b-3980-4d20-b3ba-d97c117b17a2: addNew group-A3EC0EDC4B3B:[0584da7b-3980-4d20-b3ba-d97c117b17a2|127.0.0.1:15051, 11776e6b-d53e-4cdc-a879-730cb763d81d|127.0.0.1:15067, b30b3ffb-bc08-4f2c-b590-0aeed9816472|127.0.0.1:15059] returns group-A3EC0EDC4B3B:java.util.concurrent.CompletableFuture@6c82c9b0[Not completed]
2025-07-05 15:54:15,833 [0584da7b-3980-4d20-b3ba-d97c117b17a2-groupManagement] WARN  statemachine.DatanodeConfiguration (DatanodeConfiguration.java:validateMinFreeSpace(751)) - hdds.datanode.volume.min.free.space.percent = -1.0 is invalid, should be between 0 and 1
2025-07-05 15:54:15,833 [0584da7b-3980-4d20-b3ba-d97c117b17a2-groupManagement] INFO  server.RaftServer$Division (RaftServerImpl.java:<init>(268)) - 0584da7b-3980-4d20-b3ba-d97c117b17a2: new RaftServerImpl for group-A3EC0EDC4B3B:[0584da7b-3980-4d20-b3ba-d97c117b17a2|127.0.0.1:15051, 11776e6b-d53e-4cdc-a879-730cb763d81d|127.0.0.1:15067, b30b3ffb-bc08-4f2c-b590-0aeed9816472|127.0.0.1:15059] with ContainerStateMachine:uninitialized
2025-07-05 15:54:15,833 [0584da7b-3980-4d20-b3ba-d97c117b17a2-groupManagement] INFO  server.RaftServer$Division (ServerState.java:<init>(114)) - 0584da7b-3980-4d20-b3ba-d97c117b17a2@group-A3EC0EDC4B3B: ConfigurationManager, init=conf: {index: -1, cur=peers:[0584da7b-3980-4d20-b3ba-d97c117b17a2|127.0.0.1:15051, 11776e6b-d53e-4cdc-a879-730cb763d81d|127.0.0.1:15067, b30b3ffb-bc08-4f2c-b590-0aeed9816472|127.0.0.1:15059]|listeners:[], old=null}, confs=<EMPTY_MAP>
2025-07-05 15:54:15,837 [0584da7b-3980-4d20-b3ba-d97c117b17a2-groupManagement] INFO  server.RaftServerConfigKeys (ConfUtils.java:logGet(62)) - raft.server.storage.dir = [/home/runner/work/ozone/ozone/hadoop-ozone/integration-test/target/test-dir/MiniOzoneClusterImpl-ea17cf83-5a24-424f-8e3a-0ef9e94bb6a3/ozone-meta/datanode-1/ratis] (custom)
2025-07-05 15:54:15,837 [0584da7b-3980-4d20-b3ba-d97c117b17a2-groupManagement] INFO  storage.RaftStorageDirectory (RaftStorageDirectoryImpl.java:analyzeStorage(138)) - The storage directory /home/runner/work/ozone/ozone/hadoop-ozone/integration-test/target/test-dir/MiniOzoneClusterImpl-ea17cf83-5a24-424f-8e3a-0ef9e94bb6a3/ozone-meta/datanode-1/ratis/0c5972bd-f91c-4346-a54b-a3ec0edc4b3b does not exist. Creating ...
2025-07-05 15:54:15,838 [0584da7b-3980-4d20-b3ba-d97c117b17a2-groupManagement] INFO  storage.RaftStorageDirectory (RaftStorageDirectoryImpl.java:tryLock(229)) - Lock on /home/runner/work/ozone/ozone/hadoop-ozone/integration-test/target/test-dir/MiniOzoneClusterImpl-ea17cf83-5a24-424f-8e3a-0ef9e94bb6a3/ozone-meta/datanode-1/ratis/0c5972bd-f91c-4346-a54b-a3ec0edc4b3b/in_use.lock acquired by nodename 59929@localhost
2025-07-05 15:54:15,839 [0584da7b-3980-4d20-b3ba-d97c117b17a2-groupManagement] INFO  storage.RaftStorage (RaftStorageImpl.java:format(98)) - Storage directory /home/runner/work/ozone/ozone/hadoop-ozone/integration-test/target/test-dir/MiniOzoneClusterImpl-ea17cf83-5a24-424f-8e3a-0ef9e94bb6a3/ozone-meta/datanode-1/ratis/0c5972bd-f91c-4346-a54b-a3ec0edc4b3b has been successfully formatted.
2025-07-05 15:54:15,840 [0584da7b-3980-4d20-b3ba-d97c117b17a2-groupManagement] INFO  ratis.ContainerStateMachine (ContainerStateMachine.java:initialize(339)) - 0584da7b-3980-4d20-b3ba-d97c117b17a2: initialize group-A3EC0EDC4B3B
2025-07-05 15:54:15,840 [0584da7b-3980-4d20-b3ba-d97c117b17a2-groupManagement] INFO  ratis.ContainerStateMachine (ContainerStateMachine.java:loadSnapshot(347)) - group-A3EC0EDC4B3B: The snapshot info is null. Setting the last applied index to:<INITIAL_VALUE>
2025-07-05 15:54:15,840 [0584da7b-3980-4d20-b3ba-d97c117b17a2-groupManagement] INFO  server.RaftServerConfigKeys (ConfUtils.java:logGet(62)) - raft.server.log.appender.buffer.byte-limit = 33554432 (custom)
2025-07-05 15:54:15,842 [scmNode-2-EventQueue-PipelineReportForOneReplicaPipelineSafeModeRule] INFO  safemode.SCMSafeModeManager (SCMSafeModeManager.java:validateSafeModeExitRules(138)) - AtleastOneDatanodeReportedRule rule is successfully validated
2025-07-05 15:54:15,843 [scmNode-3-EventQueue-PipelineReportForOneReplicaPipelineSafeModeRule] INFO  safemode.SCMSafeModeManager (SCMSafeModeManager.java:validateSafeModeExitRules(138)) - AtleastOneDatanodeReportedRule rule is successfully validated
2025-07-05 15:54:15,843 [0584da7b-3980-4d20-b3ba-d97c117b17a2-groupManagement] INFO  server.RaftServerConfigKeys (ConfUtils.java:logGet(62)) - raft.server.log.segment.size.max = 67108864 (custom)
2025-07-05 15:54:15,843 [0584da7b-3980-4d20-b3ba-d97c117b17a2-groupManagement] INFO  server.RaftServerConfigKeys (ConfUtils.java:logGet(62)) - raft.server.log.appender.buffer.byte-limit = 33554432 (custom)
2025-07-05 15:54:15,844 [0584da7b-3980-4d20-b3ba-d97c117b17a2-groupManagement] INFO  util.AwaitToRun (AwaitToRun.java:start(81)) - Thread[#1679,0584da7b-3980-4d20-b3ba-d97c117b17a2@group-A3EC0EDC4B3B-cacheEviction-AwaitToRun,5,main] started
2025-07-05 15:54:15,844 [0584da7b-3980-4d20-b3ba-d97c117b17a2-groupManagement] INFO  segmented.SegmentedRaftLogWorker (SegmentedRaftLogWorker.java:<init>(190)) - new 0584da7b-3980-4d20-b3ba-d97c117b17a2@group-A3EC0EDC4B3B-SegmentedRaftLogWorker for RaftStorageImpl:Storage Directory /home/runner/work/ozone/ozone/hadoop-ozone/integration-test/target/test-dir/MiniOzoneClusterImpl-ea17cf83-5a24-424f-8e3a-0ef9e94bb6a3/ozone-meta/datanode-1/ratis/0c5972bd-f91c-4346-a54b-a3ec0edc4b3b
2025-07-05 15:54:15,844 [0584da7b-3980-4d20-b3ba-d97c117b17a2-groupManagement] INFO  server.RaftServerConfigKeys (ConfUtils.java:logGet(62)) - raft.server.log.queue.byte-limit = 4294967296 (custom)
2025-07-05 15:54:15,844 [0584da7b-3980-4d20-b3ba-d97c117b17a2-groupManagement] INFO  server.RaftServerConfigKeys (ConfUtils.java:logGet(62)) - raft.server.log.segment.size.max = 67108864 (custom)
2025-07-05 15:54:15,844 [0584da7b-3980-4d20-b3ba-d97c117b17a2-groupManagement] INFO  server.RaftServerConfigKeys (ConfUtils.java:logGet(62)) - raft.server.log.preallocated.size = 4194304 (custom)
2025-07-05 15:54:15,844 [scmNode-1-EventQueue-PipelineReportForOneReplicaPipelineSafeModeRule] INFO  safemode.SCMSafeModeManager (SCMSafeModeManager.java:validateSafeModeExitRules(138)) - AtleastOneDatanodeReportedRule rule is successfully validated
2025-07-05 15:54:15,844 [0584da7b-3980-4d20-b3ba-d97c117b17a2-groupManagement] INFO  server.RaftServerConfigKeys (ConfUtils.java:logGet(62)) - raft.server.log.write.buffer.size = 33554440 (custom)
2025-07-05 15:54:15,850 [0584da7b-3980-4d20-b3ba-d97c117b17a2-groupManagement] INFO  server.RaftServerConfigKeys (ConfUtils.java:logGet(62)) - raft.server.log.appender.buffer.byte-limit = 33554432 (custom)
2025-07-05 15:54:15,850 [0584da7b-3980-4d20-b3ba-d97c117b17a2-groupManagement] INFO  segmented.SegmentedRaftLogWorker (SegmentedRaftLogWorker.java:lambda$new$0(141)) - 0584da7b-3980-4d20-b3ba-d97c117b17a2@group-A3EC0EDC4B3B-SegmentedRaftLogWorker: flushIndex: setUnconditionally 0 -> -1
2025-07-05 15:54:15,850 [0584da7b-3980-4d20-b3ba-d97c117b17a2-groupManagement] INFO  segmented.SegmentedRaftLogWorker (SegmentedRaftLogWorker.java:lambda$new$0(141)) - 0584da7b-3980-4d20-b3ba-d97c117b17a2@group-A3EC0EDC4B3B-SegmentedRaftLogWorker: safeCacheEvictIndex: setUnconditionally 0 -> -1
2025-07-05 15:54:15,850 [0584da7b-3980-4d20-b3ba-d97c117b17a2-groupManagement] INFO  server.RaftServer$Division (RaftServerImpl.java:start(405)) - 0584da7b-3980-4d20-b3ba-d97c117b17a2@group-A3EC0EDC4B3B: start as a follower, conf=conf: {index: -1, cur=peers:[0584da7b-3980-4d20-b3ba-d97c117b17a2|127.0.0.1:15051, 11776e6b-d53e-4cdc-a879-730cb763d81d|127.0.0.1:15067, b30b3ffb-bc08-4f2c-b590-0aeed9816472|127.0.0.1:15059]|listeners:[], old=null}
2025-07-05 15:54:15,850 [0584da7b-3980-4d20-b3ba-d97c117b17a2-groupManagement] INFO  server.RaftServer$Division (RaftServerImpl.java:setRole(392)) - 0584da7b-3980-4d20-b3ba-d97c117b17a2@group-A3EC0EDC4B3B: changes role from      null to FOLLOWER at term 0 for startAsFollower
2025-07-05 15:54:15,851 [0584da7b-3980-4d20-b3ba-d97c117b17a2-groupManagement] INFO  impl.RoleInfo (RoleInfo.java:updateAndGet(148)) - 0584da7b-3980-4d20-b3ba-d97c117b17a2: start 0584da7b-3980-4d20-b3ba-d97c117b17a2@group-A3EC0EDC4B3B-FollowerState
2025-07-05 15:54:15,851 [0584da7b-3980-4d20-b3ba-d97c117b17a2-groupManagement] INFO  util.JmxRegister (JmxRegister.java:tryRegister(44)) - Successfully registered JMX Bean with object name Ratis:service=RaftServer,group=group-A3EC0EDC4B3B,id=0584da7b-3980-4d20-b3ba-d97c117b17a2
2025-07-05 15:54:15,851 [0584da7b-3980-4d20-b3ba-d97c117b17a2-groupManagement] INFO  util.JmxRegister (JmxRegister.java:register(58)) - register mxBean class org.apache.ratis.server.impl.RaftServerJmxAdapter as Ratis:service=RaftServer,group=group-A3EC0EDC4B3B,id=0584da7b-3980-4d20-b3ba-d97c117b17a2
2025-07-05 15:54:15,852 [0584da7b-3980-4d20-b3ba-d97c117b17a2-groupManagement] INFO  server.RaftServer$Division (RaftServerImpl.java:start(419)) - 0584da7b-3980-4d20-b3ba-d97c117b17a2@group-A3EC0EDC4B3B: Successfully started.
2025-07-05 15:54:15,852 [0584da7b-3980-4d20-b3ba-d97c117b17a2-PipelineCommandHandlerThread-0] INFO  ratis.XceiverServerRatis (XceiverServerRatis.java:addGroup(843)) - Created group Pipeline-0c5972bd-f91c-4346-a54b-a3ec0edc4b3b
2025-07-05 15:54:15,858 [grpc-default-executor-0] INFO  server.RaftServer (RaftServerProxy.java:addNew(105)) - b30b3ffb-bc08-4f2c-b590-0aeed9816472: addNew group-A3EC0EDC4B3B:[0584da7b-3980-4d20-b3ba-d97c117b17a2|127.0.0.1:15051, 11776e6b-d53e-4cdc-a879-730cb763d81d|127.0.0.1:15067, b30b3ffb-bc08-4f2c-b590-0aeed9816472|127.0.0.1:15059] returns group-A3EC0EDC4B3B:java.util.concurrent.CompletableFuture@a459987[Not completed]
2025-07-05 15:54:15,860 [b30b3ffb-bc08-4f2c-b590-0aeed9816472-groupManagement] WARN  statemachine.DatanodeConfiguration (DatanodeConfiguration.java:validateMinFreeSpace(751)) - hdds.datanode.volume.min.free.space.percent = -1.0 is invalid, should be between 0 and 1
2025-07-05 15:54:15,860 [b30b3ffb-bc08-4f2c-b590-0aeed9816472-groupManagement] INFO  server.RaftServer$Division (RaftServerImpl.java:<init>(268)) - b30b3ffb-bc08-4f2c-b590-0aeed9816472: new RaftServerImpl for group-A3EC0EDC4B3B:[0584da7b-3980-4d20-b3ba-d97c117b17a2|127.0.0.1:15051, 11776e6b-d53e-4cdc-a879-730cb763d81d|127.0.0.1:15067, b30b3ffb-bc08-4f2c-b590-0aeed9816472|127.0.0.1:15059] with ContainerStateMachine:uninitialized
2025-07-05 15:54:15,860 [b30b3ffb-bc08-4f2c-b590-0aeed9816472-groupManagement] INFO  server.RaftServer$Division (ServerState.java:<init>(114)) - b30b3ffb-bc08-4f2c-b590-0aeed9816472@group-A3EC0EDC4B3B: ConfigurationManager, init=conf: {index: -1, cur=peers:[0584da7b-3980-4d20-b3ba-d97c117b17a2|127.0.0.1:15051, 11776e6b-d53e-4cdc-a879-730cb763d81d|127.0.0.1:15067, b30b3ffb-bc08-4f2c-b590-0aeed9816472|127.0.0.1:15059]|listeners:[], old=null}, confs=<EMPTY_MAP>
2025-07-05 15:54:15,864 [b30b3ffb-bc08-4f2c-b590-0aeed9816472-groupManagement] INFO  server.RaftServerConfigKeys (ConfUtils.java:logGet(62)) - raft.server.storage.dir = [/home/runner/work/ozone/ozone/hadoop-ozone/integration-test/target/test-dir/MiniOzoneClusterImpl-ea17cf83-5a24-424f-8e3a-0ef9e94bb6a3/ozone-meta/datanode-2/ratis] (custom)
2025-07-05 15:54:15,864 [b30b3ffb-bc08-4f2c-b590-0aeed9816472-groupManagement] INFO  storage.RaftStorageDirectory (RaftStorageDirectoryImpl.java:analyzeStorage(138)) - The storage directory /home/runner/work/ozone/ozone/hadoop-ozone/integration-test/target/test-dir/MiniOzoneClusterImpl-ea17cf83-5a24-424f-8e3a-0ef9e94bb6a3/ozone-meta/datanode-2/ratis/0c5972bd-f91c-4346-a54b-a3ec0edc4b3b does not exist. Creating ...
2025-07-05 15:54:15,865 [b30b3ffb-bc08-4f2c-b590-0aeed9816472-groupManagement] INFO  storage.RaftStorageDirectory (RaftStorageDirectoryImpl.java:tryLock(229)) - Lock on /home/runner/work/ozone/ozone/hadoop-ozone/integration-test/target/test-dir/MiniOzoneClusterImpl-ea17cf83-5a24-424f-8e3a-0ef9e94bb6a3/ozone-meta/datanode-2/ratis/0c5972bd-f91c-4346-a54b-a3ec0edc4b3b/in_use.lock acquired by nodename 59929@localhost
2025-07-05 15:54:15,866 [b30b3ffb-bc08-4f2c-b590-0aeed9816472-groupManagement] INFO  storage.RaftStorage (RaftStorageImpl.java:format(98)) - Storage directory /home/runner/work/ozone/ozone/hadoop-ozone/integration-test/target/test-dir/MiniOzoneClusterImpl-ea17cf83-5a24-424f-8e3a-0ef9e94bb6a3/ozone-meta/datanode-2/ratis/0c5972bd-f91c-4346-a54b-a3ec0edc4b3b has been successfully formatted.
2025-07-05 15:54:15,867 [b30b3ffb-bc08-4f2c-b590-0aeed9816472-groupManagement] INFO  ratis.ContainerStateMachine (ContainerStateMachine.java:initialize(339)) - b30b3ffb-bc08-4f2c-b590-0aeed9816472: initialize group-A3EC0EDC4B3B
2025-07-05 15:54:15,867 [b30b3ffb-bc08-4f2c-b590-0aeed9816472-groupManagement] INFO  ratis.ContainerStateMachine (ContainerStateMachine.java:loadSnapshot(347)) - group-A3EC0EDC4B3B: The snapshot info is null. Setting the last applied index to:<INITIAL_VALUE>
2025-07-05 15:54:15,867 [b30b3ffb-bc08-4f2c-b590-0aeed9816472-groupManagement] INFO  server.RaftServerConfigKeys (ConfUtils.java:logGet(62)) - raft.server.log.appender.buffer.byte-limit = 33554432 (custom)
2025-07-05 15:54:15,869 [scmNode-3-EventQueue-PipelineReportForOneReplicaPipelineSafeModeRule] INFO  safemode.SCMSafeModeManager (SCMSafeModeManager.java:validateSafeModeExitRules(138)) - AtleastOneDatanodeReportedRule rule is successfully validated
2025-07-05 15:54:15,869 [b30b3ffb-bc08-4f2c-b590-0aeed9816472-groupManagement] INFO  server.RaftServerConfigKeys (ConfUtils.java:logGet(62)) - raft.server.log.segment.size.max = 67108864 (custom)
2025-07-05 15:54:15,870 [b30b3ffb-bc08-4f2c-b590-0aeed9816472-groupManagement] INFO  server.RaftServerConfigKeys (ConfUtils.java:logGet(62)) - raft.server.log.appender.buffer.byte-limit = 33554432 (custom)
2025-07-05 15:54:15,870 [scmNode-1-EventQueue-PipelineReportForOneReplicaPipelineSafeModeRule] INFO  safemode.SCMSafeModeManager (SCMSafeModeManager.java:validateSafeModeExitRules(138)) - AtleastOneDatanodeReportedRule rule is successfully validated
2025-07-05 15:54:15,870 [scmNode-2-EventQueue-PipelineReportForOneReplicaPipelineSafeModeRule] INFO  safemode.SCMSafeModeManager (SCMSafeModeManager.java:validateSafeModeExitRules(138)) - AtleastOneDatanodeReportedRule rule is successfully validated
2025-07-05 15:54:15,870 [b30b3ffb-bc08-4f2c-b590-0aeed9816472-groupManagement] INFO  util.AwaitToRun (AwaitToRun.java:start(81)) - Thread[#1683,b30b3ffb-bc08-4f2c-b590-0aeed9816472@group-A3EC0EDC4B3B-cacheEviction-AwaitToRun,5,main] started
2025-07-05 15:54:15,870 [b30b3ffb-bc08-4f2c-b590-0aeed9816472-groupManagement] INFO  segmented.SegmentedRaftLogWorker (SegmentedRaftLogWorker.java:<init>(190)) - new b30b3ffb-bc08-4f2c-b590-0aeed9816472@group-A3EC0EDC4B3B-SegmentedRaftLogWorker for RaftStorageImpl:Storage Directory /home/runner/work/ozone/ozone/hadoop-ozone/integration-test/target/test-dir/MiniOzoneClusterImpl-ea17cf83-5a24-424f-8e3a-0ef9e94bb6a3/ozone-meta/datanode-2/ratis/0c5972bd-f91c-4346-a54b-a3ec0edc4b3b
2025-07-05 15:54:15,871 [b30b3ffb-bc08-4f2c-b590-0aeed9816472-groupManagement] INFO  server.RaftServerConfigKeys (ConfUtils.java:logGet(62)) - raft.server.log.queue.byte-limit = 4294967296 (custom)
2025-07-05 15:54:15,871 [b30b3ffb-bc08-4f2c-b590-0aeed9816472-groupManagement] INFO  server.RaftServerConfigKeys (ConfUtils.java:logGet(62)) - raft.server.log.segment.size.max = 67108864 (custom)
2025-07-05 15:54:15,871 [b30b3ffb-bc08-4f2c-b590-0aeed9816472-groupManagement] INFO  server.RaftServerConfigKeys (ConfUtils.java:logGet(62)) - raft.server.log.preallocated.size = 4194304 (custom)
2025-07-05 15:54:15,872 [b30b3ffb-bc08-4f2c-b590-0aeed9816472-groupManagement] INFO  server.RaftServerConfigKeys (ConfUtils.java:logGet(62)) - raft.server.log.write.buffer.size = 33554440 (custom)
2025-07-05 15:54:15,876 [b30b3ffb-bc08-4f2c-b590-0aeed9816472-groupManagement] INFO  server.RaftServerConfigKeys (ConfUtils.java:logGet(62)) - raft.server.log.appender.buffer.byte-limit = 33554432 (custom)
2025-07-05 15:54:15,877 [b30b3ffb-bc08-4f2c-b590-0aeed9816472-groupManagement] INFO  segmented.SegmentedRaftLogWorker (SegmentedRaftLogWorker.java:lambda$new$0(141)) - b30b3ffb-bc08-4f2c-b590-0aeed9816472@group-A3EC0EDC4B3B-SegmentedRaftLogWorker: flushIndex: setUnconditionally 0 -> -1
2025-07-05 15:54:15,877 [b30b3ffb-bc08-4f2c-b590-0aeed9816472-groupManagement] INFO  segmented.SegmentedRaftLogWorker (SegmentedRaftLogWorker.java:lambda$new$0(141)) - b30b3ffb-bc08-4f2c-b590-0aeed9816472@group-A3EC0EDC4B3B-SegmentedRaftLogWorker: safeCacheEvictIndex: setUnconditionally 0 -> -1
2025-07-05 15:54:15,877 [b30b3ffb-bc08-4f2c-b590-0aeed9816472-groupManagement] INFO  server.RaftServer$Division (RaftServerImpl.java:start(405)) - b30b3ffb-bc08-4f2c-b590-0aeed9816472@group-A3EC0EDC4B3B: start as a follower, conf=conf: {index: -1, cur=peers:[0584da7b-3980-4d20-b3ba-d97c117b17a2|127.0.0.1:15051, 11776e6b-d53e-4cdc-a879-730cb763d81d|127.0.0.1:15067, b30b3ffb-bc08-4f2c-b590-0aeed9816472|127.0.0.1:15059]|listeners:[], old=null}
2025-07-05 15:54:15,877 [b30b3ffb-bc08-4f2c-b590-0aeed9816472-groupManagement] INFO  server.RaftServer$Division (RaftServerImpl.java:setRole(392)) - b30b3ffb-bc08-4f2c-b590-0aeed9816472@group-A3EC0EDC4B3B: changes role from      null to FOLLOWER at term 0 for startAsFollower
2025-07-05 15:54:15,878 [b30b3ffb-bc08-4f2c-b590-0aeed9816472-groupManagement] INFO  impl.RoleInfo (RoleInfo.java:updateAndGet(148)) - b30b3ffb-bc08-4f2c-b590-0aeed9816472: start b30b3ffb-bc08-4f2c-b590-0aeed9816472@group-A3EC0EDC4B3B-FollowerState
2025-07-05 15:54:15,878 [b30b3ffb-bc08-4f2c-b590-0aeed9816472-groupManagement] INFO  util.JmxRegister (JmxRegister.java:tryRegister(44)) - Successfully registered JMX Bean with object name Ratis:service=RaftServer,group=group-A3EC0EDC4B3B,id=b30b3ffb-bc08-4f2c-b590-0aeed9816472
2025-07-05 15:54:15,878 [b30b3ffb-bc08-4f2c-b590-0aeed9816472-groupManagement] INFO  util.JmxRegister (JmxRegister.java:register(58)) - register mxBean class org.apache.ratis.server.impl.RaftServerJmxAdapter as Ratis:service=RaftServer,group=group-A3EC0EDC4B3B,id=b30b3ffb-bc08-4f2c-b590-0aeed9816472
2025-07-05 15:54:15,879 [b30b3ffb-bc08-4f2c-b590-0aeed9816472-groupManagement] INFO  server.RaftServer$Division (RaftServerImpl.java:start(419)) - b30b3ffb-bc08-4f2c-b590-0aeed9816472@group-A3EC0EDC4B3B: Successfully started.
2025-07-05 15:54:15,889 [grpc-default-executor-0] INFO  server.RaftServer (RaftServerProxy.java:addNew(105)) - 11776e6b-d53e-4cdc-a879-730cb763d81d: addNew group-A3EC0EDC4B3B:[0584da7b-3980-4d20-b3ba-d97c117b17a2|127.0.0.1:15051, 11776e6b-d53e-4cdc-a879-730cb763d81d|127.0.0.1:15067, b30b3ffb-bc08-4f2c-b590-0aeed9816472|127.0.0.1:15059] returns group-A3EC0EDC4B3B:java.util.concurrent.CompletableFuture@14544a25[Not completed]
2025-07-05 15:54:15,891 [11776e6b-d53e-4cdc-a879-730cb763d81d-groupManagement] WARN  statemachine.DatanodeConfiguration (DatanodeConfiguration.java:validateMinFreeSpace(751)) - hdds.datanode.volume.min.free.space.percent = -1.0 is invalid, should be between 0 and 1
2025-07-05 15:54:15,891 [11776e6b-d53e-4cdc-a879-730cb763d81d-groupManagement] INFO  server.RaftServer$Division (RaftServerImpl.java:<init>(268)) - 11776e6b-d53e-4cdc-a879-730cb763d81d: new RaftServerImpl for group-A3EC0EDC4B3B:[0584da7b-3980-4d20-b3ba-d97c117b17a2|127.0.0.1:15051, 11776e6b-d53e-4cdc-a879-730cb763d81d|127.0.0.1:15067, b30b3ffb-bc08-4f2c-b590-0aeed9816472|127.0.0.1:15059] with ContainerStateMachine:uninitialized
2025-07-05 15:54:15,891 [11776e6b-d53e-4cdc-a879-730cb763d81d-groupManagement] INFO  server.RaftServer$Division (ServerState.java:<init>(114)) - 11776e6b-d53e-4cdc-a879-730cb763d81d@group-A3EC0EDC4B3B: ConfigurationManager, init=conf: {index: -1, cur=peers:[0584da7b-3980-4d20-b3ba-d97c117b17a2|127.0.0.1:15051, 11776e6b-d53e-4cdc-a879-730cb763d81d|127.0.0.1:15067, b30b3ffb-bc08-4f2c-b590-0aeed9816472|127.0.0.1:15059]|listeners:[], old=null}, confs=<EMPTY_MAP>
2025-07-05 15:54:15,895 [11776e6b-d53e-4cdc-a879-730cb763d81d-groupManagement] INFO  server.RaftServerConfigKeys (ConfUtils.java:logGet(62)) - raft.server.storage.dir = [/home/runner/work/ozone/ozone/hadoop-ozone/integration-test/target/test-dir/MiniOzoneClusterImpl-ea17cf83-5a24-424f-8e3a-0ef9e94bb6a3/ozone-meta/datanode-3/ratis] (custom)
2025-07-05 15:54:15,895 [11776e6b-d53e-4cdc-a879-730cb763d81d-groupManagement] INFO  storage.RaftStorageDirectory (RaftStorageDirectoryImpl.java:analyzeStorage(138)) - The storage directory /home/runner/work/ozone/ozone/hadoop-ozone/integration-test/target/test-dir/MiniOzoneClusterImpl-ea17cf83-5a24-424f-8e3a-0ef9e94bb6a3/ozone-meta/datanode-3/ratis/0c5972bd-f91c-4346-a54b-a3ec0edc4b3b does not exist. Creating ...
2025-07-05 15:54:15,896 [11776e6b-d53e-4cdc-a879-730cb763d81d-groupManagement] INFO  storage.RaftStorageDirectory (RaftStorageDirectoryImpl.java:tryLock(229)) - Lock on /home/runner/work/ozone/ozone/hadoop-ozone/integration-test/target/test-dir/MiniOzoneClusterImpl-ea17cf83-5a24-424f-8e3a-0ef9e94bb6a3/ozone-meta/datanode-3/ratis/0c5972bd-f91c-4346-a54b-a3ec0edc4b3b/in_use.lock acquired by nodename 59929@localhost
2025-07-05 15:54:15,897 [11776e6b-d53e-4cdc-a879-730cb763d81d-groupManagement] INFO  storage.RaftStorage (RaftStorageImpl.java:format(98)) - Storage directory /home/runner/work/ozone/ozone/hadoop-ozone/integration-test/target/test-dir/MiniOzoneClusterImpl-ea17cf83-5a24-424f-8e3a-0ef9e94bb6a3/ozone-meta/datanode-3/ratis/0c5972bd-f91c-4346-a54b-a3ec0edc4b3b has been successfully formatted.
2025-07-05 15:54:15,898 [11776e6b-d53e-4cdc-a879-730cb763d81d-groupManagement] INFO  ratis.ContainerStateMachine (ContainerStateMachine.java:initialize(339)) - 11776e6b-d53e-4cdc-a879-730cb763d81d: initialize group-A3EC0EDC4B3B
2025-07-05 15:54:15,898 [11776e6b-d53e-4cdc-a879-730cb763d81d-groupManagement] INFO  ratis.ContainerStateMachine (ContainerStateMachine.java:loadSnapshot(347)) - group-A3EC0EDC4B3B: The snapshot info is null. Setting the last applied index to:<INITIAL_VALUE>
2025-07-05 15:54:15,898 [11776e6b-d53e-4cdc-a879-730cb763d81d-groupManagement] INFO  server.RaftServerConfigKeys (ConfUtils.java:logGet(62)) - raft.server.log.appender.buffer.byte-limit = 33554432 (custom)
2025-07-05 15:54:15,900 [scmNode-2-EventQueue-PipelineReportForOneReplicaPipelineSafeModeRule] INFO  safemode.SCMSafeModeManager (SCMSafeModeManager.java:validateSafeModeExitRules(138)) - AtleastOneDatanodeReportedRule rule is successfully validated
2025-07-05 15:54:15,900 [scmNode-1-EventQueue-PipelineReportForOneReplicaPipelineSafeModeRule] INFO  safemode.SCMSafeModeManager (SCMSafeModeManager.java:validateSafeModeExitRules(138)) - AtleastOneDatanodeReportedRule rule is successfully validated
2025-07-05 15:54:15,901 [scmNode-3-EventQueue-PipelineReportForOneReplicaPipelineSafeModeRule] INFO  safemode.SCMSafeModeManager (SCMSafeModeManager.java:validateSafeModeExitRules(138)) - AtleastOneDatanodeReportedRule rule is successfully validated
2025-07-05 15:54:15,901 [11776e6b-d53e-4cdc-a879-730cb763d81d-groupManagement] INFO  server.RaftServerConfigKeys (ConfUtils.java:logGet(62)) - raft.server.log.segment.size.max = 67108864 (custom)
2025-07-05 15:54:15,902 [11776e6b-d53e-4cdc-a879-730cb763d81d-groupManagement] INFO  server.RaftServerConfigKeys (ConfUtils.java:logGet(62)) - raft.server.log.appender.buffer.byte-limit = 33554432 (custom)
2025-07-05 15:54:15,902 [11776e6b-d53e-4cdc-a879-730cb763d81d-groupManagement] INFO  util.AwaitToRun (AwaitToRun.java:start(81)) - Thread[#1690,11776e6b-d53e-4cdc-a879-730cb763d81d@group-A3EC0EDC4B3B-cacheEviction-AwaitToRun,5,main] started
2025-07-05 15:54:15,902 [11776e6b-d53e-4cdc-a879-730cb763d81d-groupManagement] INFO  segmented.SegmentedRaftLogWorker (SegmentedRaftLogWorker.java:<init>(190)) - new 11776e6b-d53e-4cdc-a879-730cb763d81d@group-A3EC0EDC4B3B-SegmentedRaftLogWorker for RaftStorageImpl:Storage Directory /home/runner/work/ozone/ozone/hadoop-ozone/integration-test/target/test-dir/MiniOzoneClusterImpl-ea17cf83-5a24-424f-8e3a-0ef9e94bb6a3/ozone-meta/datanode-3/ratis/0c5972bd-f91c-4346-a54b-a3ec0edc4b3b
2025-07-05 15:54:15,902 [11776e6b-d53e-4cdc-a879-730cb763d81d-groupManagement] INFO  server.RaftServerConfigKeys (ConfUtils.java:logGet(62)) - raft.server.log.queue.byte-limit = 4294967296 (custom)
2025-07-05 15:54:15,902 [11776e6b-d53e-4cdc-a879-730cb763d81d-groupManagement] INFO  server.RaftServerConfigKeys (ConfUtils.java:logGet(62)) - raft.server.log.segment.size.max = 67108864 (custom)
2025-07-05 15:54:15,902 [11776e6b-d53e-4cdc-a879-730cb763d81d-groupManagement] INFO  server.RaftServerConfigKeys (ConfUtils.java:logGet(62)) - raft.server.log.preallocated.size = 4194304 (custom)
2025-07-05 15:54:15,903 [11776e6b-d53e-4cdc-a879-730cb763d81d-groupManagement] INFO  server.RaftServerConfigKeys (ConfUtils.java:logGet(62)) - raft.server.log.write.buffer.size = 33554440 (custom)
2025-07-05 15:54:15,908 [11776e6b-d53e-4cdc-a879-730cb763d81d-groupManagement] INFO  server.RaftServerConfigKeys (ConfUtils.java:logGet(62)) - raft.server.log.appender.buffer.byte-limit = 33554432 (custom)
2025-07-05 15:54:15,908 [11776e6b-d53e-4cdc-a879-730cb763d81d-groupManagement] INFO  segmented.SegmentedRaftLogWorker (SegmentedRaftLogWorker.java:lambda$new$0(141)) - 11776e6b-d53e-4cdc-a879-730cb763d81d@group-A3EC0EDC4B3B-SegmentedRaftLogWorker: flushIndex: setUnconditionally 0 -> -1
2025-07-05 15:54:15,909 [11776e6b-d53e-4cdc-a879-730cb763d81d-groupManagement] INFO  segmented.SegmentedRaftLogWorker (SegmentedRaftLogWorker.java:lambda$new$0(141)) - 11776e6b-d53e-4cdc-a879-730cb763d81d@group-A3EC0EDC4B3B-SegmentedRaftLogWorker: safeCacheEvictIndex: setUnconditionally 0 -> -1
2025-07-05 15:54:15,909 [11776e6b-d53e-4cdc-a879-730cb763d81d-groupManagement] INFO  server.RaftServer$Division (RaftServerImpl.java:start(405)) - 11776e6b-d53e-4cdc-a879-730cb763d81d@group-A3EC0EDC4B3B: start as a follower, conf=conf: {index: -1, cur=peers:[0584da7b-3980-4d20-b3ba-d97c117b17a2|127.0.0.1:15051, 11776e6b-d53e-4cdc-a879-730cb763d81d|127.0.0.1:15067, b30b3ffb-bc08-4f2c-b590-0aeed9816472|127.0.0.1:15059]|listeners:[], old=null}
2025-07-05 15:54:15,909 [11776e6b-d53e-4cdc-a879-730cb763d81d-groupManagement] INFO  server.RaftServer$Division (RaftServerImpl.java:setRole(392)) - 11776e6b-d53e-4cdc-a879-730cb763d81d@group-A3EC0EDC4B3B: changes role from      null to FOLLOWER at term 0 for startAsFollower
2025-07-05 15:54:15,909 [11776e6b-d53e-4cdc-a879-730cb763d81d-groupManagement] INFO  impl.RoleInfo (RoleInfo.java:updateAndGet(148)) - 11776e6b-d53e-4cdc-a879-730cb763d81d: start 11776e6b-d53e-4cdc-a879-730cb763d81d@group-A3EC0EDC4B3B-FollowerState
2025-07-05 15:54:15,909 [11776e6b-d53e-4cdc-a879-730cb763d81d-groupManagement] INFO  util.JmxRegister (JmxRegister.java:tryRegister(44)) - Successfully registered JMX Bean with object name Ratis:service=RaftServer,group=group-A3EC0EDC4B3B,id=11776e6b-d53e-4cdc-a879-730cb763d81d
2025-07-05 15:54:15,909 [11776e6b-d53e-4cdc-a879-730cb763d81d-groupManagement] INFO  util.JmxRegister (JmxRegister.java:register(58)) - register mxBean class org.apache.ratis.server.impl.RaftServerJmxAdapter as Ratis:service=RaftServer,group=group-A3EC0EDC4B3B,id=11776e6b-d53e-4cdc-a879-730cb763d81d
2025-07-05 15:54:15,910 [11776e6b-d53e-4cdc-a879-730cb763d81d-groupManagement] INFO  server.RaftServer$Division (RaftServerImpl.java:start(419)) - 11776e6b-d53e-4cdc-a879-730cb763d81d@group-A3EC0EDC4B3B: Successfully started.
2025-07-05 15:54:15,913 [0584da7b-3980-4d20-b3ba-d97c117b17a2-PipelineCommandHandlerThread-0] INFO  commandhandler.CreatePipelineCommandHandler (CreatePipelineCommandHandler.java:lambda$handle$2(127)) - Created Pipeline RATIS THREE Pipeline-0c5972bd-f91c-4346-a54b-a3ec0edc4b3b.
2025-07-05 15:54:16,213 [main] INFO  ozone.MiniOzoneClusterImpl (MiniOzoneClusterImpl.java:lambda$waitForClusterToBeReady$0(173)) - Nodes are ready. Got 3 of 3 DN Heartbeats.
2025-07-05 15:54:16,213 [main] INFO  ozone.MiniOzoneClusterImpl (MiniOzoneClusterImpl.java:lambda$waitForClusterToBeReady$0(176)) - Waiting for cluster to exit safe mode
2025-07-05 15:54:16,213 [main] INFO  ozone.MiniOzoneClusterImpl (MiniOzoneClusterImpl.java:lambda$waitForClusterToBeReady$0(178)) - SCM became leader
2025-07-05 15:54:16,324 [b30b3ffb-bc08-4f2c-b590-0aeed9816472-PipelineCommandHandlerThread-0] INFO  server.RaftServer (RaftServerProxy.java:addNew(105)) - b30b3ffb-bc08-4f2c-b590-0aeed9816472: addNew group-4DA8DDD0326E:[b30b3ffb-bc08-4f2c-b590-0aeed9816472|127.0.0.1:15059] returns group-4DA8DDD0326E:java.util.concurrent.CompletableFuture@4e25eeb5[Not completed]
2025-07-05 15:54:16,326 [b30b3ffb-bc08-4f2c-b590-0aeed9816472-groupManagement] WARN  statemachine.DatanodeConfiguration (DatanodeConfiguration.java:validateMinFreeSpace(751)) - hdds.datanode.volume.min.free.space.percent = -1.0 is invalid, should be between 0 and 1
2025-07-05 15:54:16,326 [b30b3ffb-bc08-4f2c-b590-0aeed9816472-groupManagement] INFO  server.RaftServer$Division (RaftServerImpl.java:<init>(268)) - b30b3ffb-bc08-4f2c-b590-0aeed9816472: new RaftServerImpl for group-4DA8DDD0326E:[b30b3ffb-bc08-4f2c-b590-0aeed9816472|127.0.0.1:15059] with ContainerStateMachine:uninitialized
2025-07-05 15:54:16,326 [b30b3ffb-bc08-4f2c-b590-0aeed9816472-groupManagement] INFO  server.RaftServer$Division (ServerState.java:<init>(114)) - b30b3ffb-bc08-4f2c-b590-0aeed9816472@group-4DA8DDD0326E: ConfigurationManager, init=conf: {index: -1, cur=peers:[b30b3ffb-bc08-4f2c-b590-0aeed9816472|127.0.0.1:15059]|listeners:[], old=null}, confs=<EMPTY_MAP>
2025-07-05 15:54:16,330 [b30b3ffb-bc08-4f2c-b590-0aeed9816472-groupManagement] INFO  server.RaftServerConfigKeys (ConfUtils.java:logGet(62)) - raft.server.storage.dir = [/home/runner/work/ozone/ozone/hadoop-ozone/integration-test/target/test-dir/MiniOzoneClusterImpl-ea17cf83-5a24-424f-8e3a-0ef9e94bb6a3/ozone-meta/datanode-2/ratis] (custom)
2025-07-05 15:54:16,330 [b30b3ffb-bc08-4f2c-b590-0aeed9816472-groupManagement] INFO  storage.RaftStorageDirectory (RaftStorageDirectoryImpl.java:analyzeStorage(138)) - The storage directory /home/runner/work/ozone/ozone/hadoop-ozone/integration-test/target/test-dir/MiniOzoneClusterImpl-ea17cf83-5a24-424f-8e3a-0ef9e94bb6a3/ozone-meta/datanode-2/ratis/e5b71e1c-0cc1-4f0e-927a-4da8ddd0326e does not exist. Creating ...
2025-07-05 15:54:16,331 [b30b3ffb-bc08-4f2c-b590-0aeed9816472-groupManagement] INFO  storage.RaftStorageDirectory (RaftStorageDirectoryImpl.java:tryLock(229)) - Lock on /home/runner/work/ozone/ozone/hadoop-ozone/integration-test/target/test-dir/MiniOzoneClusterImpl-ea17cf83-5a24-424f-8e3a-0ef9e94bb6a3/ozone-meta/datanode-2/ratis/e5b71e1c-0cc1-4f0e-927a-4da8ddd0326e/in_use.lock acquired by nodename 59929@localhost
2025-07-05 15:54:16,332 [b30b3ffb-bc08-4f2c-b590-0aeed9816472-groupManagement] INFO  storage.RaftStorage (RaftStorageImpl.java:format(98)) - Storage directory /home/runner/work/ozone/ozone/hadoop-ozone/integration-test/target/test-dir/MiniOzoneClusterImpl-ea17cf83-5a24-424f-8e3a-0ef9e94bb6a3/ozone-meta/datanode-2/ratis/e5b71e1c-0cc1-4f0e-927a-4da8ddd0326e has been successfully formatted.
2025-07-05 15:54:16,333 [b30b3ffb-bc08-4f2c-b590-0aeed9816472-groupManagement] INFO  ratis.ContainerStateMachine (ContainerStateMachine.java:initialize(339)) - b30b3ffb-bc08-4f2c-b590-0aeed9816472: initialize group-4DA8DDD0326E
2025-07-05 15:54:16,333 [b30b3ffb-bc08-4f2c-b590-0aeed9816472-groupManagement] INFO  ratis.ContainerStateMachine (ContainerStateMachine.java:loadSnapshot(347)) - group-4DA8DDD0326E: The snapshot info is null. Setting the last applied index to:<INITIAL_VALUE>
2025-07-05 15:54:16,333 [b30b3ffb-bc08-4f2c-b590-0aeed9816472-groupManagement] INFO  server.RaftServerConfigKeys (ConfUtils.java:logGet(62)) - raft.server.log.appender.buffer.byte-limit = 33554432 (custom)
2025-07-05 15:54:16,335 [b30b3ffb-bc08-4f2c-b590-0aeed9816472-groupManagement] INFO  server.RaftServerConfigKeys (ConfUtils.java:logGet(62)) - raft.server.log.segment.size.max = 67108864 (custom)
2025-07-05 15:54:16,335 [scmNode-2-EventQueue-PipelineReportForOneReplicaPipelineSafeModeRule] INFO  safemode.SCMSafeModeManager (SCMSafeModeManager.java:validateSafeModeExitRules(138)) - AtleastOneDatanodeReportedRule rule is successfully validated
2025-07-05 15:54:16,336 [b30b3ffb-bc08-4f2c-b590-0aeed9816472-groupManagement] INFO  server.RaftServerConfigKeys (ConfUtils.java:logGet(62)) - raft.server.log.appender.buffer.byte-limit = 33554432 (custom)
2025-07-05 15:54:16,336 [scmNode-1-EventQueue-PipelineReportForOneReplicaPipelineSafeModeRule] INFO  safemode.SCMSafeModeManager (SCMSafeModeManager.java:validateSafeModeExitRules(138)) - AtleastOneDatanodeReportedRule rule is successfully validated
2025-07-05 15:54:16,336 [b30b3ffb-bc08-4f2c-b590-0aeed9816472-groupManagement] INFO  util.AwaitToRun (AwaitToRun.java:start(81)) - Thread[#1698,b30b3ffb-bc08-4f2c-b590-0aeed9816472@group-4DA8DDD0326E-cacheEviction-AwaitToRun,5,main] started
2025-07-05 15:54:16,337 [b30b3ffb-bc08-4f2c-b590-0aeed9816472-groupManagement] INFO  segmented.SegmentedRaftLogWorker (SegmentedRaftLogWorker.java:<init>(190)) - new b30b3ffb-bc08-4f2c-b590-0aeed9816472@group-4DA8DDD0326E-SegmentedRaftLogWorker for RaftStorageImpl:Storage Directory /home/runner/work/ozone/ozone/hadoop-ozone/integration-test/target/test-dir/MiniOzoneClusterImpl-ea17cf83-5a24-424f-8e3a-0ef9e94bb6a3/ozone-meta/datanode-2/ratis/e5b71e1c-0cc1-4f0e-927a-4da8ddd0326e
2025-07-05 15:54:16,337 [b30b3ffb-bc08-4f2c-b590-0aeed9816472-groupManagement] INFO  server.RaftServerConfigKeys (ConfUtils.java:logGet(62)) - raft.server.log.queue.byte-limit = 4294967296 (custom)
2025-07-05 15:54:16,337 [b30b3ffb-bc08-4f2c-b590-0aeed9816472-groupManagement] INFO  server.RaftServerConfigKeys (ConfUtils.java:logGet(62)) - raft.server.log.segment.size.max = 67108864 (custom)
2025-07-05 15:54:16,337 [b30b3ffb-bc08-4f2c-b590-0aeed9816472-groupManagement] INFO  server.RaftServerConfigKeys (ConfUtils.java:logGet(62)) - raft.server.log.preallocated.size = 4194304 (custom)
2025-07-05 15:54:16,338 [b30b3ffb-bc08-4f2c-b590-0aeed9816472-groupManagement] INFO  server.RaftServerConfigKeys (ConfUtils.java:logGet(62)) - raft.server.log.write.buffer.size = 33554440 (custom)
2025-07-05 15:54:16,340 [scmNode-3-EventQueue-PipelineReportForOneReplicaPipelineSafeModeRule] INFO  safemode.SCMSafeModeManager (SCMSafeModeManager.java:validateSafeModeExitRules(138)) - AtleastOneDatanodeReportedRule rule is successfully validated
2025-07-05 15:54:16,343 [2d344aaf-3adb-4590-a8db-0ff637af21a8@group-0EF9E94BB6A3-StateMachineUpdater] INFO  safemode.SCMSafeModeManager (SCMSafeModeManager.java:validateSafeModeExitRules(138)) - DataNodeSafeModeRule rule is successfully validated
2025-07-05 15:54:16,344 [2d344aaf-3adb-4590-a8db-0ff637af21a8@group-0EF9E94BB6A3-StateMachineUpdater] INFO  safemode.SCMSafeModeManager (SCMSafeModeManager.java:validateSafeModeExitRules(138)) - RatisContainerSafeModeRule rule is successfully validated
2025-07-05 15:54:16,345 [2d344aaf-3adb-4590-a8db-0ff637af21a8@group-0EF9E94BB6A3-StateMachineUpdater] INFO  safemode.HealthyPipelineSafeModeRule (HealthyPipelineSafeModeRule.java:initializeRule(228)) - Refreshed total pipeline count is 0, healthy pipeline threshold count is 1
2025-07-05 15:54:16,344 [b30b3ffb-bc08-4f2c-b590-0aeed9816472-groupManagement] INFO  server.RaftServerConfigKeys (ConfUtils.java:logGet(62)) - raft.server.log.appender.buffer.byte-limit = 33554432 (custom)
2025-07-05 15:54:16,345 [b30b3ffb-bc08-4f2c-b590-0aeed9816472-groupManagement] INFO  segmented.SegmentedRaftLogWorker (SegmentedRaftLogWorker.java:lambda$new$0(141)) - b30b3ffb-bc08-4f2c-b590-0aeed9816472@group-4DA8DDD0326E-SegmentedRaftLogWorker: flushIndex: setUnconditionally 0 -> -1
2025-07-05 15:54:16,345 [b30b3ffb-bc08-4f2c-b590-0aeed9816472-groupManagement] INFO  segmented.SegmentedRaftLogWorker (SegmentedRaftLogWorker.java:lambda$new$0(141)) - b30b3ffb-bc08-4f2c-b590-0aeed9816472@group-4DA8DDD0326E-SegmentedRaftLogWorker: safeCacheEvictIndex: setUnconditionally 0 -> -1
2025-07-05 15:54:16,345 [2d344aaf-3adb-4590-a8db-0ff637af21a8@group-0EF9E94BB6A3-StateMachineUpdater] INFO  safemode.SCMSafeModeManager (SCMSafeModeManager.java:validateSafeModeExitRules(138)) - ECContainerSafeModeRule rule is successfully validated
2025-07-05 15:54:16,345 [2d344aaf-3adb-4590-a8db-0ff637af21a8@group-0EF9E94BB6A3-StateMachineUpdater] INFO  safemode.SCMSafeModeManager (SCMSafeModeManager.java:validateSafeModeExitRules(138)) - AtleastOneDatanodeReportedRule rule is successfully validated
2025-07-05 15:54:16,345 [d608cca7-8f6c-485f-afd6-2c7e3558bc9e@group-0EF9E94BB6A3-StateMachineUpdater] INFO  safemode.SCMSafeModeManager (SCMSafeModeManager.java:validateSafeModeExitRules(138)) - DataNodeSafeModeRule rule is successfully validated
2025-07-05 15:54:16,345 [d608cca7-8f6c-485f-afd6-2c7e3558bc9e@group-0EF9E94BB6A3-StateMachineUpdater] INFO  safemode.SCMSafeModeManager (SCMSafeModeManager.java:validateSafeModeExitRules(138)) - RatisContainerSafeModeRule rule is successfully validated
2025-07-05 15:54:16,345 [d608cca7-8f6c-485f-afd6-2c7e3558bc9e@group-0EF9E94BB6A3-StateMachineUpdater] INFO  safemode.HealthyPipelineSafeModeRule (HealthyPipelineSafeModeRule.java:initializeRule(228)) - Refreshed total pipeline count is 0, healthy pipeline threshold count is 1
2025-07-05 15:54:16,346 [d608cca7-8f6c-485f-afd6-2c7e3558bc9e@group-0EF9E94BB6A3-StateMachineUpdater] INFO  safemode.SCMSafeModeManager (SCMSafeModeManager.java:validateSafeModeExitRules(138)) - ECContainerSafeModeRule rule is successfully validated
2025-07-05 15:54:16,346 [d608cca7-8f6c-485f-afd6-2c7e3558bc9e@group-0EF9E94BB6A3-StateMachineUpdater] INFO  safemode.SCMSafeModeManager (SCMSafeModeManager.java:validateSafeModeExitRules(138)) - AtleastOneDatanodeReportedRule rule is successfully validated
2025-07-05 15:54:16,346 [e9f0a7df-dfca-4eba-a7d3-db47f637b57c@group-0EF9E94BB6A3-StateMachineUpdater] INFO  safemode.SCMSafeModeManager (SCMSafeModeManager.java:validateSafeModeExitRules(138)) - DataNodeSafeModeRule rule is successfully validated
2025-07-05 15:54:16,346 [e9f0a7df-dfca-4eba-a7d3-db47f637b57c@group-0EF9E94BB6A3-StateMachineUpdater] INFO  safemode.SCMSafeModeManager (SCMSafeModeManager.java:validateSafeModeExitRules(138)) - RatisContainerSafeModeRule rule is successfully validated
2025-07-05 15:54:16,346 [e9f0a7df-dfca-4eba-a7d3-db47f637b57c@group-0EF9E94BB6A3-StateMachineUpdater] INFO  safemode.HealthyPipelineSafeModeRule (HealthyPipelineSafeModeRule.java:initializeRule(228)) - Refreshed total pipeline count is 0, healthy pipeline threshold count is 1
2025-07-05 15:54:16,346 [e9f0a7df-dfca-4eba-a7d3-db47f637b57c@group-0EF9E94BB6A3-StateMachineUpdater] INFO  safemode.SCMSafeModeManager (SCMSafeModeManager.java:validateSafeModeExitRules(138)) - ECContainerSafeModeRule rule is successfully validated
2025-07-05 15:54:16,346 [e9f0a7df-dfca-4eba-a7d3-db47f637b57c@group-0EF9E94BB6A3-StateMachineUpdater] INFO  safemode.SCMSafeModeManager (SCMSafeModeManager.java:validateSafeModeExitRules(138)) - AtleastOneDatanodeReportedRule rule is successfully validated
2025-07-05 15:54:16,346 [scmNode-1-EventQueue-PipelineReportForPipelineReportHandler] INFO  pipeline.PipelineReportHandler (PipelineReportHandler.java:processPipelineReport(134)) - Opened pipeline Pipeline-e5b71e1c-0cc1-4f0e-927a-4da8ddd0326e
2025-07-05 15:54:16,347 [b30b3ffb-bc08-4f2c-b590-0aeed9816472-groupManagement] INFO  server.RaftServer$Division (RaftServerImpl.java:start(405)) - b30b3ffb-bc08-4f2c-b590-0aeed9816472@group-4DA8DDD0326E: start as a follower, conf=conf: {index: -1, cur=peers:[b30b3ffb-bc08-4f2c-b590-0aeed9816472|127.0.0.1:15059]|listeners:[], old=null}
2025-07-05 15:54:16,347 [b30b3ffb-bc08-4f2c-b590-0aeed9816472-groupManagement] INFO  server.RaftServer$Division (RaftServerImpl.java:setRole(392)) - b30b3ffb-bc08-4f2c-b590-0aeed9816472@group-4DA8DDD0326E: changes role from      null to FOLLOWER at term 0 for startAsFollower
2025-07-05 15:54:16,347 [b30b3ffb-bc08-4f2c-b590-0aeed9816472-groupManagement] INFO  impl.RoleInfo (RoleInfo.java:updateAndGet(148)) - b30b3ffb-bc08-4f2c-b590-0aeed9816472: start b30b3ffb-bc08-4f2c-b590-0aeed9816472@group-4DA8DDD0326E-FollowerState
2025-07-05 15:54:16,347 [b30b3ffb-bc08-4f2c-b590-0aeed9816472-groupManagement] INFO  util.JmxRegister (JmxRegister.java:tryRegister(44)) - Successfully registered JMX Bean with object name Ratis:service=RaftServer,group=group-4DA8DDD0326E,id=b30b3ffb-bc08-4f2c-b590-0aeed9816472
2025-07-05 15:54:16,348 [b30b3ffb-bc08-4f2c-b590-0aeed9816472-groupManagement] INFO  util.JmxRegister (JmxRegister.java:register(58)) - register mxBean class org.apache.ratis.server.impl.RaftServerJmxAdapter as Ratis:service=RaftServer,group=group-4DA8DDD0326E,id=b30b3ffb-bc08-4f2c-b590-0aeed9816472
2025-07-05 15:54:16,349 [b30b3ffb-bc08-4f2c-b590-0aeed9816472-groupManagement] INFO  server.RaftServer$Division (RaftServerImpl.java:start(419)) - b30b3ffb-bc08-4f2c-b590-0aeed9816472@group-4DA8DDD0326E: Successfully started.
2025-07-05 15:54:16,349 [b30b3ffb-bc08-4f2c-b590-0aeed9816472-PipelineCommandHandlerThread-0] INFO  ratis.XceiverServerRatis (XceiverServerRatis.java:addGroup(843)) - Created group Pipeline-e5b71e1c-0cc1-4f0e-927a-4da8ddd0326e
2025-07-05 15:54:16,349 [b30b3ffb-bc08-4f2c-b590-0aeed9816472-PipelineCommandHandlerThread-0] INFO  commandhandler.CreatePipelineCommandHandler (CreatePipelineCommandHandler.java:lambda$handle$2(127)) - Created Pipeline RATIS ONE Pipeline-e5b71e1c-0cc1-4f0e-927a-4da8ddd0326e.
2025-07-05 15:54:16,708 [11776e6b-d53e-4cdc-a879-730cb763d81d-PipelineCommandHandlerThread-0] INFO  server.RaftServer (RaftServerProxy.java:addNew(105)) - 11776e6b-d53e-4cdc-a879-730cb763d81d: addNew group-B8AD940D291B:[11776e6b-d53e-4cdc-a879-730cb763d81d|127.0.0.1:15067] returns group-B8AD940D291B:java.util.concurrent.CompletableFuture@58340206[Not completed]
2025-07-05 15:54:16,709 [11776e6b-d53e-4cdc-a879-730cb763d81d-groupManagement] WARN  statemachine.DatanodeConfiguration (DatanodeConfiguration.java:validateMinFreeSpace(751)) - hdds.datanode.volume.min.free.space.percent = -1.0 is invalid, should be between 0 and 1
2025-07-05 15:54:16,710 [11776e6b-d53e-4cdc-a879-730cb763d81d-groupManagement] INFO  server.RaftServer$Division (RaftServerImpl.java:<init>(268)) - 11776e6b-d53e-4cdc-a879-730cb763d81d: new RaftServerImpl for group-B8AD940D291B:[11776e6b-d53e-4cdc-a879-730cb763d81d|127.0.0.1:15067] with ContainerStateMachine:uninitialized
2025-07-05 15:54:16,710 [11776e6b-d53e-4cdc-a879-730cb763d81d-groupManagement] INFO  server.RaftServer$Division (ServerState.java:<init>(114)) - 11776e6b-d53e-4cdc-a879-730cb763d81d@group-B8AD940D291B: ConfigurationManager, init=conf: {index: -1, cur=peers:[11776e6b-d53e-4cdc-a879-730cb763d81d|127.0.0.1:15067]|listeners:[], old=null}, confs=<EMPTY_MAP>
2025-07-05 15:54:16,714 [11776e6b-d53e-4cdc-a879-730cb763d81d-groupManagement] INFO  server.RaftServerConfigKeys (ConfUtils.java:logGet(62)) - raft.server.storage.dir = [/home/runner/work/ozone/ozone/hadoop-ozone/integration-test/target/test-dir/MiniOzoneClusterImpl-ea17cf83-5a24-424f-8e3a-0ef9e94bb6a3/ozone-meta/datanode-3/ratis] (custom)
2025-07-05 15:54:16,714 [11776e6b-d53e-4cdc-a879-730cb763d81d-groupManagement] INFO  storage.RaftStorageDirectory (RaftStorageDirectoryImpl.java:analyzeStorage(138)) - The storage directory /home/runner/work/ozone/ozone/hadoop-ozone/integration-test/target/test-dir/MiniOzoneClusterImpl-ea17cf83-5a24-424f-8e3a-0ef9e94bb6a3/ozone-meta/datanode-3/ratis/5fa96600-efc1-4562-8f57-b8ad940d291b does not exist. Creating ...
2025-07-05 15:54:16,715 [11776e6b-d53e-4cdc-a879-730cb763d81d-groupManagement] INFO  storage.RaftStorageDirectory (RaftStorageDirectoryImpl.java:tryLock(229)) - Lock on /home/runner/work/ozone/ozone/hadoop-ozone/integration-test/target/test-dir/MiniOzoneClusterImpl-ea17cf83-5a24-424f-8e3a-0ef9e94bb6a3/ozone-meta/datanode-3/ratis/5fa96600-efc1-4562-8f57-b8ad940d291b/in_use.lock acquired by nodename 59929@localhost
2025-07-05 15:54:16,717 [11776e6b-d53e-4cdc-a879-730cb763d81d-groupManagement] INFO  storage.RaftStorage (RaftStorageImpl.java:format(98)) - Storage directory /home/runner/work/ozone/ozone/hadoop-ozone/integration-test/target/test-dir/MiniOzoneClusterImpl-ea17cf83-5a24-424f-8e3a-0ef9e94bb6a3/ozone-meta/datanode-3/ratis/5fa96600-efc1-4562-8f57-b8ad940d291b has been successfully formatted.
2025-07-05 15:54:16,717 [11776e6b-d53e-4cdc-a879-730cb763d81d-groupManagement] INFO  ratis.ContainerStateMachine (ContainerStateMachine.java:initialize(339)) - 11776e6b-d53e-4cdc-a879-730cb763d81d: initialize group-B8AD940D291B
2025-07-05 15:54:16,717 [11776e6b-d53e-4cdc-a879-730cb763d81d-groupManagement] INFO  ratis.ContainerStateMachine (ContainerStateMachine.java:loadSnapshot(347)) - group-B8AD940D291B: The snapshot info is null. Setting the last applied index to:<INITIAL_VALUE>
2025-07-05 15:54:16,718 [11776e6b-d53e-4cdc-a879-730cb763d81d-groupManagement] INFO  server.RaftServerConfigKeys (ConfUtils.java:logGet(62)) - raft.server.log.appender.buffer.byte-limit = 33554432 (custom)
2025-07-05 15:54:16,722 [11776e6b-d53e-4cdc-a879-730cb763d81d-groupManagement] INFO  server.RaftServerConfigKeys (ConfUtils.java:logGet(62)) - raft.server.log.segment.size.max = 67108864 (custom)
2025-07-05 15:54:16,724 [11776e6b-d53e-4cdc-a879-730cb763d81d-groupManagement] INFO  server.RaftServerConfigKeys (ConfUtils.java:logGet(62)) - raft.server.log.appender.buffer.byte-limit = 33554432 (custom)
2025-07-05 15:54:16,724 [scmNode-3-EventQueue-PipelineReportForOneReplicaPipelineSafeModeRule] INFO  safemode.SCMSafeModeManager (SCMSafeModeManager.java:validateSafeModeExitRules(138)) - AtleastOneDatanodeReportedRule rule is successfully validated
2025-07-05 15:54:16,724 [scmNode-1-EventQueue-PipelineReportForOneReplicaPipelineSafeModeRule] INFO  safemode.SCMSafeModeManager (SCMSafeModeManager.java:validateSafeModeExitRules(138)) - AtleastOneDatanodeReportedRule rule is successfully validated
2025-07-05 15:54:16,724 [11776e6b-d53e-4cdc-a879-730cb763d81d-groupManagement] INFO  util.AwaitToRun (AwaitToRun.java:start(81)) - Thread[#1703,11776e6b-d53e-4cdc-a879-730cb763d81d@group-B8AD940D291B-cacheEviction-AwaitToRun,5,main] started
2025-07-05 15:54:16,725 [11776e6b-d53e-4cdc-a879-730cb763d81d-groupManagement] INFO  segmented.SegmentedRaftLogWorker (SegmentedRaftLogWorker.java:<init>(190)) - new 11776e6b-d53e-4cdc-a879-730cb763d81d@group-B8AD940D291B-SegmentedRaftLogWorker for RaftStorageImpl:Storage Directory /home/runner/work/ozone/ozone/hadoop-ozone/integration-test/target/test-dir/MiniOzoneClusterImpl-ea17cf83-5a24-424f-8e3a-0ef9e94bb6a3/ozone-meta/datanode-3/ratis/5fa96600-efc1-4562-8f57-b8ad940d291b
2025-07-05 15:54:16,725 [11776e6b-d53e-4cdc-a879-730cb763d81d-groupManagement] INFO  server.RaftServerConfigKeys (ConfUtils.java:logGet(62)) - raft.server.log.queue.byte-limit = 4294967296 (custom)
2025-07-05 15:54:16,725 [11776e6b-d53e-4cdc-a879-730cb763d81d-groupManagement] INFO  server.RaftServerConfigKeys (ConfUtils.java:logGet(62)) - raft.server.log.segment.size.max = 67108864 (custom)
2025-07-05 15:54:16,725 [11776e6b-d53e-4cdc-a879-730cb763d81d-groupManagement] INFO  server.RaftServerConfigKeys (ConfUtils.java:logGet(62)) - raft.server.log.preallocated.size = 4194304 (custom)
2025-07-05 15:54:16,726 [scmNode-2-EventQueue-PipelineReportForOneReplicaPipelineSafeModeRule] INFO  safemode.SCMSafeModeManager (SCMSafeModeManager.java:validateSafeModeExitRules(138)) - AtleastOneDatanodeReportedRule rule is successfully validated
2025-07-05 15:54:16,726 [11776e6b-d53e-4cdc-a879-730cb763d81d-groupManagement] INFO  server.RaftServerConfigKeys (ConfUtils.java:logGet(62)) - raft.server.log.write.buffer.size = 33554440 (custom)
2025-07-05 15:54:16,729 [0584da7b-3980-4d20-b3ba-d97c117b17a2@group-E1C7E8442453-FollowerState] INFO  impl.FollowerState (FollowerState.java:runImpl(161)) - 0584da7b-3980-4d20-b3ba-d97c117b17a2@group-E1C7E8442453-FollowerState: change to CANDIDATE, lastRpcElapsedTime:1033058904ns, electionTimeout:1029ms
2025-07-05 15:54:16,729 [0584da7b-3980-4d20-b3ba-d97c117b17a2@group-E1C7E8442453-FollowerState] INFO  impl.RoleInfo (RoleInfo.java:shutdownFollowerState(121)) - 0584da7b-3980-4d20-b3ba-d97c117b17a2: shutdown 0584da7b-3980-4d20-b3ba-d97c117b17a2@group-E1C7E8442453-FollowerState
2025-07-05 15:54:16,730 [0584da7b-3980-4d20-b3ba-d97c117b17a2@group-E1C7E8442453-FollowerState] INFO  server.RaftServer$Division (RaftServerImpl.java:setRole(392)) - 0584da7b-3980-4d20-b3ba-d97c117b17a2@group-E1C7E8442453: changes role from  FOLLOWER to CANDIDATE at term 0 for changeToCandidate
2025-07-05 15:54:16,730 [0584da7b-3980-4d20-b3ba-d97c117b17a2@group-E1C7E8442453-FollowerState] INFO  impl.RoleInfo (RoleInfo.java:updateAndGet(148)) - 0584da7b-3980-4d20-b3ba-d97c117b17a2: start 0584da7b-3980-4d20-b3ba-d97c117b17a2@group-E1C7E8442453-LeaderElection4
2025-07-05 15:54:16,731 [0584da7b-3980-4d20-b3ba-d97c117b17a2@group-E1C7E8442453-LeaderElection4] INFO  impl.LeaderElection (LeaderElection.java:askForVotes(448)) - 0584da7b-3980-4d20-b3ba-d97c117b17a2@group-E1C7E8442453-LeaderElection4 PRE_VOTE round 0: submit vote requests at term 0 for conf: {index: -1, cur=peers:[0584da7b-3980-4d20-b3ba-d97c117b17a2|127.0.0.1:15051]|listeners:[], old=null}
2025-07-05 15:54:16,731 [0584da7b-3980-4d20-b3ba-d97c117b17a2@group-E1C7E8442453-LeaderElection4] INFO  impl.LeaderElection (LeaderElection.java:askForVotes(450)) - 0584da7b-3980-4d20-b3ba-d97c117b17a2@group-E1C7E8442453-LeaderElection4 PRE_VOTE round 0: result PASSED (term=0)
2025-07-05 15:54:16,733 [0584da7b-3980-4d20-b3ba-d97c117b17a2@group-E1C7E8442453-LeaderElection4] INFO  impl.LeaderElection (LeaderElection.java:askForVotes(448)) - 0584da7b-3980-4d20-b3ba-d97c117b17a2@group-E1C7E8442453-LeaderElection4 ELECTION round 0: submit vote requests at term 1 for conf: {index: -1, cur=peers:[0584da7b-3980-4d20-b3ba-d97c117b17a2|127.0.0.1:15051]|listeners:[], old=null}
2025-07-05 15:54:16,733 [0584da7b-3980-4d20-b3ba-d97c117b17a2@group-E1C7E8442453-LeaderElection4] INFO  impl.LeaderElection (LeaderElection.java:askForVotes(450)) - 0584da7b-3980-4d20-b3ba-d97c117b17a2@group-E1C7E8442453-LeaderElection4 ELECTION round 0: result PASSED (term=1)
2025-07-05 15:54:16,733 [0584da7b-3980-4d20-b3ba-d97c117b17a2@group-E1C7E8442453-LeaderElection4] INFO  impl.RoleInfo (RoleInfo.java:shutdownLeaderElection(141)) - 0584da7b-3980-4d20-b3ba-d97c117b17a2: shutdown 0584da7b-3980-4d20-b3ba-d97c117b17a2@group-E1C7E8442453-LeaderElection4
2025-07-05 15:54:16,733 [0584da7b-3980-4d20-b3ba-d97c117b17a2@group-E1C7E8442453-LeaderElection4] INFO  server.RaftServer$Division (RaftServerImpl.java:setRole(392)) - 0584da7b-3980-4d20-b3ba-d97c117b17a2@group-E1C7E8442453: changes role from CANDIDATE to LEADER at term 1 for changeToLeader
2025-07-05 15:54:16,733 [0584da7b-3980-4d20-b3ba-d97c117b17a2@group-E1C7E8442453-LeaderElection4] INFO  server.RaftServerConfigKeys (ConfUtils.java:logFallback(69)) - raft.server.staging.timeout = 15600ms (fallback to raft.server.rpc.timeout.max)
2025-07-05 15:54:16,733 [e9f0a7df-dfca-4eba-a7d3-db47f637b57c@group-0EF9E94BB6A3-StateMachineUpdater] INFO  safemode.SCMSafeModeManager (SCMSafeModeManager.java:validateSafeModeExitRules(138)) - DataNodeSafeModeRule rule is successfully validated
2025-07-05 15:54:16,733 [e9f0a7df-dfca-4eba-a7d3-db47f637b57c@group-0EF9E94BB6A3-StateMachineUpdater] INFO  safemode.SCMSafeModeManager (SCMSafeModeManager.java:validateSafeModeExitRules(138)) - RatisContainerSafeModeRule rule is successfully validated
2025-07-05 15:54:16,734 [0584da7b-3980-4d20-b3ba-d97c117b17a2@group-E1C7E8442453-LeaderElection4] INFO  server.RaftServerConfigKeys (ConfUtils.java:logGet(62)) - raft.server.write.element-limit = 1024 (custom)
2025-07-05 15:54:16,734 [0584da7b-3980-4d20-b3ba-d97c117b17a2@group-E1C7E8442453-LeaderElection4] INFO  server.RaftServerConfigKeys (ConfUtils.java:logGet(62)) - raft.server.write.byte-limit = 1024 M (=1073741824) (custom)
2025-07-05 15:54:16,734 [e9f0a7df-dfca-4eba-a7d3-db47f637b57c@group-0EF9E94BB6A3-StateMachineUpdater] INFO  safemode.HealthyPipelineSafeModeRule (HealthyPipelineSafeModeRule.java:initializeRule(228)) - Refreshed total pipeline count is 0, healthy pipeline threshold count is 1
2025-07-05 15:54:16,734 [e9f0a7df-dfca-4eba-a7d3-db47f637b57c@group-0EF9E94BB6A3-StateMachineUpdater] INFO  safemode.SCMSafeModeManager (SCMSafeModeManager.java:validateSafeModeExitRules(138)) - ECContainerSafeModeRule rule is successfully validated
2025-07-05 15:54:16,734 [e9f0a7df-dfca-4eba-a7d3-db47f637b57c@group-0EF9E94BB6A3-StateMachineUpdater] INFO  safemode.SCMSafeModeManager (SCMSafeModeManager.java:validateSafeModeExitRules(138)) - AtleastOneDatanodeReportedRule rule is successfully validated
2025-07-05 15:54:16,734 [0584da7b-3980-4d20-b3ba-d97c117b17a2@group-E1C7E8442453-LeaderElection4] INFO  server.RaftServerConfigKeys (ConfUtils.java:logGet(62)) - raft.server.watch.timeout = 30s (custom)
2025-07-05 15:54:16,735 [2d344aaf-3adb-4590-a8db-0ff637af21a8@group-0EF9E94BB6A3-StateMachineUpdater] INFO  safemode.SCMSafeModeManager (SCMSafeModeManager.java:validateSafeModeExitRules(138)) - DataNodeSafeModeRule rule is successfully validated
2025-07-05 15:54:16,735 [2d344aaf-3adb-4590-a8db-0ff637af21a8@group-0EF9E94BB6A3-StateMachineUpdater] INFO  safemode.SCMSafeModeManager (SCMSafeModeManager.java:validateSafeModeExitRules(138)) - RatisContainerSafeModeRule rule is successfully validated
2025-07-05 15:54:16,735 [2d344aaf-3adb-4590-a8db-0ff637af21a8@group-0EF9E94BB6A3-StateMachineUpdater] INFO  safemode.HealthyPipelineSafeModeRule (HealthyPipelineSafeModeRule.java:initializeRule(228)) - Refreshed total pipeline count is 0, healthy pipeline threshold count is 1
2025-07-05 15:54:16,735 [2d344aaf-3adb-4590-a8db-0ff637af21a8@group-0EF9E94BB6A3-StateMachineUpdater] INFO  safemode.SCMSafeModeManager (SCMSafeModeManager.java:validateSafeModeExitRules(138)) - ECContainerSafeModeRule rule is successfully validated
2025-07-05 15:54:16,735 [2d344aaf-3adb-4590-a8db-0ff637af21a8@group-0EF9E94BB6A3-StateMachineUpdater] INFO  safemode.SCMSafeModeManager (SCMSafeModeManager.java:validateSafeModeExitRules(138)) - AtleastOneDatanodeReportedRule rule is successfully validated
2025-07-05 15:54:16,734 [d608cca7-8f6c-485f-afd6-2c7e3558bc9e@group-0EF9E94BB6A3-StateMachineUpdater] INFO  safemode.SCMSafeModeManager (SCMSafeModeManager.java:validateSafeModeExitRules(138)) - DataNodeSafeModeRule rule is successfully validated
2025-07-05 15:54:16,736 [d608cca7-8f6c-485f-afd6-2c7e3558bc9e@group-0EF9E94BB6A3-StateMachineUpdater] INFO  safemode.SCMSafeModeManager (SCMSafeModeManager.java:validateSafeModeExitRules(138)) - RatisContainerSafeModeRule rule is successfully validated
2025-07-05 15:54:16,736 [d608cca7-8f6c-485f-afd6-2c7e3558bc9e@group-0EF9E94BB6A3-StateMachineUpdater] INFO  safemode.HealthyPipelineSafeModeRule (HealthyPipelineSafeModeRule.java:initializeRule(228)) - Refreshed total pipeline count is 0, healthy pipeline threshold count is 1
2025-07-05 15:54:16,736 [d608cca7-8f6c-485f-afd6-2c7e3558bc9e@group-0EF9E94BB6A3-StateMachineUpdater] INFO  safemode.SCMSafeModeManager (SCMSafeModeManager.java:validateSafeModeExitRules(138)) - ECContainerSafeModeRule rule is successfully validated
2025-07-05 15:54:16,736 [d608cca7-8f6c-485f-afd6-2c7e3558bc9e@group-0EF9E94BB6A3-StateMachineUpdater] INFO  safemode.SCMSafeModeManager (SCMSafeModeManager.java:validateSafeModeExitRules(138)) - AtleastOneDatanodeReportedRule rule is successfully validated
2025-07-05 15:54:16,737 [scmNode-1-EventQueue-PipelineReportForPipelineReportHandler] INFO  pipeline.PipelineReportHandler (PipelineReportHandler.java:processPipelineReport(134)) - Opened pipeline Pipeline-5fa96600-efc1-4562-8f57-b8ad940d291b
2025-07-05 15:54:16,735 [0584da7b-3980-4d20-b3ba-d97c117b17a2@group-E1C7E8442453-LeaderElection4] INFO  server.RaftServerConfigKeys (ConfUtils.java:logGet(62)) - raft.server.log.log-metadata.enabled = true (default)
2025-07-05 15:54:16,738 [0584da7b-3980-4d20-b3ba-d97c117b17a2@group-E1C7E8442453-LeaderElection4] INFO  impl.RoleInfo (RoleInfo.java:updateAndGet(148)) - 0584da7b-3980-4d20-b3ba-d97c117b17a2: start 0584da7b-3980-4d20-b3ba-d97c117b17a2@group-E1C7E8442453-LeaderStateImpl
2025-07-05 15:54:16,738 [0584da7b-3980-4d20-b3ba-d97c117b17a2@group-E1C7E8442453-LeaderElection4] INFO  server.RaftServer$Division (RaftServerImpl.java:setFirstElection(576)) - 0584da7b-3980-4d20-b3ba-d97c117b17a2@group-E1C7E8442453: set firstElectionSinceStartup to false for becomeLeader
2025-07-05 15:54:16,738 [0584da7b-3980-4d20-b3ba-d97c117b17a2@group-E1C7E8442453-LeaderElection4] INFO  ratis.XceiverServerRatis (XceiverServerRatis.java:handleLeaderChangedNotification(944)) - Leader change notification received for group: group-E1C7E8442453 with new leaderId: 0584da7b-3980-4d20-b3ba-d97c117b17a2
2025-07-05 15:54:16,741 [0584da7b-3980-4d20-b3ba-d97c117b17a2@group-E1C7E8442453-LeaderElection4] INFO  server.RaftServer$Division (ServerState.java:setLeader(272)) - 0584da7b-3980-4d20-b3ba-d97c117b17a2@group-E1C7E8442453: change Leader from null to 0584da7b-3980-4d20-b3ba-d97c117b17a2 at term 1 for becomeLeader, leader elected after 1064ms
2025-07-05 15:54:16,741 [11776e6b-d53e-4cdc-a879-730cb763d81d-groupManagement] INFO  server.RaftServerConfigKeys (ConfUtils.java:logGet(62)) - raft.server.log.appender.buffer.byte-limit = 33554432 (custom)
2025-07-05 15:54:16,741 [0584da7b-3980-4d20-b3ba-d97c117b17a2@group-E1C7E8442453-LeaderElection4] INFO  segmented.SegmentedRaftLogWorker (SegmentedRaftLogWorker.java:startLogSegment(440)) - 0584da7b-3980-4d20-b3ba-d97c117b17a2@group-E1C7E8442453-SegmentedRaftLogWorker: Starting segment from index:0
2025-07-05 15:54:16,741 [11776e6b-d53e-4cdc-a879-730cb763d81d-groupManagement] INFO  segmented.SegmentedRaftLogWorker (SegmentedRaftLogWorker.java:lambda$new$0(141)) - 11776e6b-d53e-4cdc-a879-730cb763d81d@group-B8AD940D291B-SegmentedRaftLogWorker: flushIndex: setUnconditionally 0 -> -1
2025-07-05 15:54:16,741 [11776e6b-d53e-4cdc-a879-730cb763d81d-groupManagement] INFO  segmented.SegmentedRaftLogWorker (SegmentedRaftLogWorker.java:lambda$new$0(141)) - 11776e6b-d53e-4cdc-a879-730cb763d81d@group-B8AD940D291B-SegmentedRaftLogWorker: safeCacheEvictIndex: setUnconditionally 0 -> -1
2025-07-05 15:54:16,741 [0584da7b-3980-4d20-b3ba-d97c117b17a2@group-E1C7E8442453-LeaderElection4] INFO  server.RaftServer$Division (ServerState.java:setRaftConf(386)) - 0584da7b-3980-4d20-b3ba-d97c117b17a2@group-E1C7E8442453: set configuration conf: {index: 0, cur=peers:[0584da7b-3980-4d20-b3ba-d97c117b17a2|127.0.0.1:15051]|listeners:[], old=null}
2025-07-05 15:54:16,742 [0584da7b-3980-4d20-b3ba-d97c117b17a2@group-E1C7E8442453-SegmentedRaftLogWorker] INFO  segmented.BufferedWriteChannel (BufferedWriteChannel.java:open(61)) - open log_inprogress_0 at position 0
2025-07-05 15:54:16,745 [11776e6b-d53e-4cdc-a879-730cb763d81d-groupManagement] INFO  server.RaftServer$Division (RaftServerImpl.java:start(405)) - 11776e6b-d53e-4cdc-a879-730cb763d81d@group-B8AD940D291B: start as a follower, conf=conf: {index: -1, cur=peers:[11776e6b-d53e-4cdc-a879-730cb763d81d|127.0.0.1:15067]|listeners:[], old=null}
2025-07-05 15:54:16,745 [11776e6b-d53e-4cdc-a879-730cb763d81d-groupManagement] INFO  server.RaftServer$Division (RaftServerImpl.java:setRole(392)) - 11776e6b-d53e-4cdc-a879-730cb763d81d@group-B8AD940D291B: changes role from      null to FOLLOWER at term 0 for startAsFollower
2025-07-05 15:54:16,746 [11776e6b-d53e-4cdc-a879-730cb763d81d-groupManagement] INFO  impl.RoleInfo (RoleInfo.java:updateAndGet(148)) - 11776e6b-d53e-4cdc-a879-730cb763d81d: start 11776e6b-d53e-4cdc-a879-730cb763d81d@group-B8AD940D291B-FollowerState
2025-07-05 15:54:16,747 [scmNode-2-EventQueue-PipelineReportForOneReplicaPipelineSafeModeRule] INFO  safemode.SCMSafeModeManager (SCMSafeModeManager.java:validateSafeModeExitRules(138)) - AtleastOneDatanodeReportedRule rule is successfully validated
2025-07-05 15:54:16,747 [scmNode-1-EventQueue-PipelineReportForOneReplicaPipelineSafeModeRule] INFO  safemode.SCMSafeModeManager (SCMSafeModeManager.java:validateSafeModeExitRules(138)) - AtleastOneDatanodeReportedRule rule is successfully validated
2025-07-05 15:54:16,748 [11776e6b-d53e-4cdc-a879-730cb763d81d-groupManagement] INFO  util.JmxRegister (JmxRegister.java:tryRegister(44)) - Successfully registered JMX Bean with object name Ratis:service=RaftServer,group=group-B8AD940D291B,id=11776e6b-d53e-4cdc-a879-730cb763d81d
2025-07-05 15:54:16,748 [11776e6b-d53e-4cdc-a879-730cb763d81d-groupManagement] INFO  util.JmxRegister (JmxRegister.java:register(58)) - register mxBean class org.apache.ratis.server.impl.RaftServerJmxAdapter as Ratis:service=RaftServer,group=group-B8AD940D291B,id=11776e6b-d53e-4cdc-a879-730cb763d81d
2025-07-05 15:54:16,750 [scmNode-3-EventQueue-PipelineReportForOneReplicaPipelineSafeModeRule] INFO  safemode.SCMSafeModeManager (SCMSafeModeManager.java:validateSafeModeExitRules(138)) - AtleastOneDatanodeReportedRule rule is successfully validated
2025-07-05 15:54:16,751 [11776e6b-d53e-4cdc-a879-730cb763d81d-groupManagement] INFO  server.RaftServer$Division (RaftServerImpl.java:start(419)) - 11776e6b-d53e-4cdc-a879-730cb763d81d@group-B8AD940D291B: Successfully started.
2025-07-05 15:54:16,752 [11776e6b-d53e-4cdc-a879-730cb763d81d-PipelineCommandHandlerThread-0] INFO  ratis.XceiverServerRatis (XceiverServerRatis.java:addGroup(843)) - Created group Pipeline-5fa96600-efc1-4562-8f57-b8ad940d291b
2025-07-05 15:54:16,752 [11776e6b-d53e-4cdc-a879-730cb763d81d-PipelineCommandHandlerThread-0] INFO  commandhandler.CreatePipelineCommandHandler (CreatePipelineCommandHandler.java:lambda$handle$2(127)) - Created Pipeline RATIS ONE Pipeline-5fa96600-efc1-4562-8f57-b8ad940d291b.
2025-07-05 15:54:16,755 [0584da7b-3980-4d20-b3ba-d97c117b17a2@group-E1C7E8442453-SegmentedRaftLogWorker] INFO  segmented.SegmentedRaftLogWorker (SegmentedRaftLogWorker.java:execute(647)) - 0584da7b-3980-4d20-b3ba-d97c117b17a2@group-E1C7E8442453-SegmentedRaftLogWorker: created new log segment /home/runner/work/ozone/ozone/hadoop-ozone/integration-test/target/test-dir/MiniOzoneClusterImpl-ea17cf83-5a24-424f-8e3a-0ef9e94bb6a3/ozone-meta/datanode-1/ratis/7ba059b5-b1d5-4ffa-b205-e1c7e8442453/current/log_inprogress_0
2025-07-05 15:54:16,759 [0584da7b-3980-4d20-b3ba-d97c117b17a2@group-E1C7E8442453-StateMachineUpdater] INFO  server.RaftServer$Division (LeaderStateImpl.java:checkStartIndex(309)) - Leader 0584da7b-3980-4d20-b3ba-d97c117b17a2@group-E1C7E8442453-LeaderStateImpl is ready since appliedIndex == startIndex == 0
2025-07-05 15:54:16,879 [b30b3ffb-bc08-4f2c-b590-0aeed9816472@group-A3EC0EDC4B3B-FollowerState] INFO  impl.FollowerState (FollowerState.java:runImpl(161)) - b30b3ffb-bc08-4f2c-b590-0aeed9816472@group-A3EC0EDC4B3B-FollowerState: change to CANDIDATE, lastRpcElapsedTime:1001471583ns, electionTimeout:1001ms
2025-07-05 15:54:16,879 [b30b3ffb-bc08-4f2c-b590-0aeed9816472@group-A3EC0EDC4B3B-FollowerState] INFO  impl.RoleInfo (RoleInfo.java:shutdownFollowerState(121)) - b30b3ffb-bc08-4f2c-b590-0aeed9816472: shutdown b30b3ffb-bc08-4f2c-b590-0aeed9816472@group-A3EC0EDC4B3B-FollowerState
2025-07-05 15:54:16,879 [b30b3ffb-bc08-4f2c-b590-0aeed9816472@group-A3EC0EDC4B3B-FollowerState] INFO  server.RaftServer$Division (RaftServerImpl.java:setRole(392)) - b30b3ffb-bc08-4f2c-b590-0aeed9816472@group-A3EC0EDC4B3B: changes role from  FOLLOWER to CANDIDATE at term 0 for changeToCandidate
2025-07-05 15:54:16,880 [b30b3ffb-bc08-4f2c-b590-0aeed9816472@group-A3EC0EDC4B3B-FollowerState] INFO  impl.RoleInfo (RoleInfo.java:updateAndGet(148)) - b30b3ffb-bc08-4f2c-b590-0aeed9816472: start b30b3ffb-bc08-4f2c-b590-0aeed9816472@group-A3EC0EDC4B3B-LeaderElection5
2025-07-05 15:54:16,880 [b30b3ffb-bc08-4f2c-b590-0aeed9816472@group-A3EC0EDC4B3B-LeaderElection5] INFO  impl.LeaderElection (LeaderElection.java:askForVotes(448)) - b30b3ffb-bc08-4f2c-b590-0aeed9816472@group-A3EC0EDC4B3B-LeaderElection5 PRE_VOTE round 0: submit vote requests at term 0 for conf: {index: -1, cur=peers:[0584da7b-3980-4d20-b3ba-d97c117b17a2|127.0.0.1:15051, 11776e6b-d53e-4cdc-a879-730cb763d81d|127.0.0.1:15067, b30b3ffb-bc08-4f2c-b590-0aeed9816472|127.0.0.1:15059]|listeners:[], old=null}
2025-07-05 15:54:16,883 [b30b3ffb-bc08-4f2c-b590-0aeed9816472@group-A3EC0EDC4B3B-LeaderElection5-1] INFO  server.GrpcServerProtocolClient (GrpcServerProtocolClient.java:<init>(65)) - Build channel for 0584da7b-3980-4d20-b3ba-d97c117b17a2|127.0.0.1:15051
2025-07-05 15:54:16,883 [b30b3ffb-bc08-4f2c-b590-0aeed9816472@group-A3EC0EDC4B3B-LeaderElection5-2] INFO  server.GrpcServerProtocolClient (GrpcServerProtocolClient.java:<init>(65)) - Build channel for 11776e6b-d53e-4cdc-a879-730cb763d81d|127.0.0.1:15067
2025-07-05 15:54:16,888 [grpc-default-executor-3] INFO  server.RaftServer$Division (RaftServerImpl.java:requestVote(1421)) - 0584da7b-3980-4d20-b3ba-d97c117b17a2@group-A3EC0EDC4B3B: receive requestVote(PRE_VOTE, b30b3ffb-bc08-4f2c-b590-0aeed9816472, group-A3EC0EDC4B3B, 0, <PROTO_DEFAULT>)
2025-07-05 15:54:16,888 [grpc-default-executor-0] INFO  server.RaftServer$Division (RaftServerImpl.java:requestVote(1421)) - 11776e6b-d53e-4cdc-a879-730cb763d81d@group-A3EC0EDC4B3B: receive requestVote(PRE_VOTE, b30b3ffb-bc08-4f2c-b590-0aeed9816472, group-A3EC0EDC4B3B, 0, <PROTO_DEFAULT>)
2025-07-05 15:54:16,889 [grpc-default-executor-3] INFO  impl.VoteContext (VoteContext.java:log(49)) - 0584da7b-3980-4d20-b3ba-d97c117b17a2@group-A3EC0EDC4B3B-FOLLOWER: accept PRE_VOTE from b30b3ffb-bc08-4f2c-b590-0aeed9816472: our priority 0 <= candidate's priority 0
2025-07-05 15:54:16,889 [grpc-default-executor-0] INFO  impl.VoteContext (VoteContext.java:log(49)) - 11776e6b-d53e-4cdc-a879-730cb763d81d@group-A3EC0EDC4B3B-FOLLOWER: reject PRE_VOTE from b30b3ffb-bc08-4f2c-b590-0aeed9816472: our priority 1 > candidate's priority 0
2025-07-05 15:54:16,890 [grpc-default-executor-0] INFO  server.RaftServer$Division (RaftServerImpl.java:requestVote(1455)) - 11776e6b-d53e-4cdc-a879-730cb763d81d@group-A3EC0EDC4B3B replies to PRE_VOTE vote request: b30b3ffb-bc08-4f2c-b590-0aeed9816472<-11776e6b-d53e-4cdc-a879-730cb763d81d#0:FAIL-t0-last:<INITIAL_VALUE>. Peer's state: 11776e6b-d53e-4cdc-a879-730cb763d81d@group-A3EC0EDC4B3B:t0, leader=null, voted=, raftlog=Memoized:11776e6b-d53e-4cdc-a879-730cb763d81d@group-A3EC0EDC4B3B-SegmentedRaftLog:OPENED:c-1:lastnull, conf=conf: {index: -1, cur=peers:[0584da7b-3980-4d20-b3ba-d97c117b17a2|127.0.0.1:15051, 11776e6b-d53e-4cdc-a879-730cb763d81d|127.0.0.1:15067, b30b3ffb-bc08-4f2c-b590-0aeed9816472|127.0.0.1:15059]|listeners:[], old=null}
2025-07-05 15:54:16,890 [grpc-default-executor-3] INFO  server.RaftServer$Division (RaftServerImpl.java:requestVote(1455)) - 0584da7b-3980-4d20-b3ba-d97c117b17a2@group-A3EC0EDC4B3B replies to PRE_VOTE vote request: b30b3ffb-bc08-4f2c-b590-0aeed9816472<-0584da7b-3980-4d20-b3ba-d97c117b17a2#0:OK-t0-last:<INITIAL_VALUE>. Peer's state: 0584da7b-3980-4d20-b3ba-d97c117b17a2@group-A3EC0EDC4B3B:t0, leader=null, voted=, raftlog=Memoized:0584da7b-3980-4d20-b3ba-d97c117b17a2@group-A3EC0EDC4B3B-SegmentedRaftLog:OPENED:c-1:lastnull, conf=conf: {index: -1, cur=peers:[0584da7b-3980-4d20-b3ba-d97c117b17a2|127.0.0.1:15051, 11776e6b-d53e-4cdc-a879-730cb763d81d|127.0.0.1:15067, b30b3ffb-bc08-4f2c-b590-0aeed9816472|127.0.0.1:15059]|listeners:[], old=null}
2025-07-05 15:54:16,892 [0584da7b-3980-4d20-b3ba-d97c117b17a2@group-7DD7EB637B32-FollowerState] INFO  impl.FollowerState (FollowerState.java:runImpl(161)) - 0584da7b-3980-4d20-b3ba-d97c117b17a2@group-7DD7EB637B32-FollowerState: change to CANDIDATE, lastRpcElapsedTime:1155477404ns, electionTimeout:1155ms
2025-07-05 15:54:16,892 [0584da7b-3980-4d20-b3ba-d97c117b17a2@group-7DD7EB637B32-FollowerState] INFO  impl.RoleInfo (RoleInfo.java:shutdownFollowerState(121)) - 0584da7b-3980-4d20-b3ba-d97c117b17a2: shutdown 0584da7b-3980-4d20-b3ba-d97c117b17a2@group-7DD7EB637B32-FollowerState
2025-07-05 15:54:16,892 [0584da7b-3980-4d20-b3ba-d97c117b17a2@group-7DD7EB637B32-FollowerState] INFO  server.RaftServer$Division (RaftServerImpl.java:setRole(392)) - 0584da7b-3980-4d20-b3ba-d97c117b17a2@group-7DD7EB637B32: changes role from  FOLLOWER to CANDIDATE at term 0 for changeToCandidate
2025-07-05 15:54:16,892 [0584da7b-3980-4d20-b3ba-d97c117b17a2@group-7DD7EB637B32-FollowerState] INFO  impl.RoleInfo (RoleInfo.java:updateAndGet(148)) - 0584da7b-3980-4d20-b3ba-d97c117b17a2: start 0584da7b-3980-4d20-b3ba-d97c117b17a2@group-7DD7EB637B32-LeaderElection6
2025-07-05 15:54:16,892 [b30b3ffb-bc08-4f2c-b590-0aeed9816472@group-A3EC0EDC4B3B-LeaderElection5] INFO  impl.LeaderElection (LeaderElection.java:logAndReturn(206)) - b30b3ffb-bc08-4f2c-b590-0aeed9816472@group-A3EC0EDC4B3B-LeaderElection5: PRE_VOTE REJECTED received 2 response(s) and 0 exception(s):
2025-07-05 15:54:16,892 [b30b3ffb-bc08-4f2c-b590-0aeed9816472@group-A3EC0EDC4B3B-LeaderElection5] INFO  impl.LeaderElection (LeaderElection.java:logAndReturn(210)) -   Response 0: b30b3ffb-bc08-4f2c-b590-0aeed9816472<-0584da7b-3980-4d20-b3ba-d97c117b17a2#0:OK-t0-last:<INITIAL_VALUE>
2025-07-05 15:54:16,892 [b30b3ffb-bc08-4f2c-b590-0aeed9816472@group-A3EC0EDC4B3B-LeaderElection5] INFO  impl.LeaderElection (LeaderElection.java:logAndReturn(210)) -   Response 1: b30b3ffb-bc08-4f2c-b590-0aeed9816472<-11776e6b-d53e-4cdc-a879-730cb763d81d#0:FAIL-t0-last:<INITIAL_VALUE>
2025-07-05 15:54:16,892 [b30b3ffb-bc08-4f2c-b590-0aeed9816472@group-A3EC0EDC4B3B-LeaderElection5] INFO  impl.LeaderElection (LeaderElection.java:askForVotes(450)) - b30b3ffb-bc08-4f2c-b590-0aeed9816472@group-A3EC0EDC4B3B-LeaderElection5 PRE_VOTE round 0: result REJECTED
2025-07-05 15:54:16,892 [b30b3ffb-bc08-4f2c-b590-0aeed9816472@group-A3EC0EDC4B3B-LeaderElection5] INFO  server.RaftServer$Division (RaftServerImpl.java:setRole(392)) - b30b3ffb-bc08-4f2c-b590-0aeed9816472@group-A3EC0EDC4B3B: changes role from CANDIDATE to FOLLOWER at term 0 for REJECTED
2025-07-05 15:54:16,893 [b30b3ffb-bc08-4f2c-b590-0aeed9816472@group-A3EC0EDC4B3B-LeaderElection5] INFO  impl.RoleInfo (RoleInfo.java:shutdownLeaderElection(141)) - b30b3ffb-bc08-4f2c-b590-0aeed9816472: shutdown b30b3ffb-bc08-4f2c-b590-0aeed9816472@group-A3EC0EDC4B3B-LeaderElection5
2025-07-05 15:54:16,893 [0584da7b-3980-4d20-b3ba-d97c117b17a2@group-7DD7EB637B32-LeaderElection6] INFO  impl.LeaderElection (LeaderElection.java:askForVotes(448)) - 0584da7b-3980-4d20-b3ba-d97c117b17a2@group-7DD7EB637B32-LeaderElection6 PRE_VOTE round 0: submit vote requests at term 0 for conf: {index: -1, cur=peers:[0584da7b-3980-4d20-b3ba-d97c117b17a2|127.0.0.1:15051, 11776e6b-d53e-4cdc-a879-730cb763d81d|127.0.0.1:15067, b30b3ffb-bc08-4f2c-b590-0aeed9816472|127.0.0.1:15059]|listeners:[], old=null}
2025-07-05 15:54:16,893 [b30b3ffb-bc08-4f2c-b590-0aeed9816472@group-A3EC0EDC4B3B-LeaderElection5] INFO  impl.RoleInfo (RoleInfo.java:updateAndGet(148)) - b30b3ffb-bc08-4f2c-b590-0aeed9816472: start b30b3ffb-bc08-4f2c-b590-0aeed9816472@group-A3EC0EDC4B3B-FollowerState
2025-07-05 15:54:16,893 [0584da7b-3980-4d20-b3ba-d97c117b17a2@group-7DD7EB637B32-LeaderElection6-1] INFO  server.GrpcServerProtocolClient (GrpcServerProtocolClient.java:<init>(65)) - Build channel for 11776e6b-d53e-4cdc-a879-730cb763d81d|127.0.0.1:15067
2025-07-05 15:54:16,894 [0584da7b-3980-4d20-b3ba-d97c117b17a2@group-7DD7EB637B32-LeaderElection6-2] INFO  server.GrpcServerProtocolClient (GrpcServerProtocolClient.java:<init>(65)) - Build channel for b30b3ffb-bc08-4f2c-b590-0aeed9816472|127.0.0.1:15059
2025-07-05 15:54:16,895 [b30b3ffb-bc08-4f2c-b590-0aeed9816472@group-A3EC0EDC4B3B-LeaderElection5] INFO  server.RaftServer$Division (RaftServerImpl.java:setFirstElection(576)) - b30b3ffb-bc08-4f2c-b590-0aeed9816472@group-A3EC0EDC4B3B: set firstElectionSinceStartup to false for REJECTED
2025-07-05 15:54:16,898 [grpc-default-executor-0] INFO  server.RaftServer$Division (RaftServerImpl.java:requestVote(1421)) - 11776e6b-d53e-4cdc-a879-730cb763d81d@group-7DD7EB637B32: receive requestVote(PRE_VOTE, 0584da7b-3980-4d20-b3ba-d97c117b17a2, group-7DD7EB637B32, 0, <PROTO_DEFAULT>)
2025-07-05 15:54:16,898 [grpc-default-executor-3] INFO  server.RaftServer$Division (RaftServerImpl.java:requestVote(1421)) - b30b3ffb-bc08-4f2c-b590-0aeed9816472@group-7DD7EB637B32: receive requestVote(PRE_VOTE, 0584da7b-3980-4d20-b3ba-d97c117b17a2, group-7DD7EB637B32, 0, <PROTO_DEFAULT>)
2025-07-05 15:54:16,898 [grpc-default-executor-0] INFO  impl.VoteContext (VoteContext.java:log(49)) - 11776e6b-d53e-4cdc-a879-730cb763d81d@group-7DD7EB637B32-FOLLOWER: accept PRE_VOTE from 0584da7b-3980-4d20-b3ba-d97c117b17a2: our priority 0 <= candidate's priority 1
2025-07-05 15:54:16,898 [grpc-default-executor-3] INFO  impl.VoteContext (VoteContext.java:log(49)) - b30b3ffb-bc08-4f2c-b590-0aeed9816472@group-7DD7EB637B32-FOLLOWER: accept PRE_VOTE from 0584da7b-3980-4d20-b3ba-d97c117b17a2: our priority 0 <= candidate's priority 1
2025-07-05 15:54:16,898 [grpc-default-executor-0] INFO  server.RaftServer$Division (RaftServerImpl.java:requestVote(1455)) - 11776e6b-d53e-4cdc-a879-730cb763d81d@group-7DD7EB637B32 replies to PRE_VOTE vote request: 0584da7b-3980-4d20-b3ba-d97c117b17a2<-11776e6b-d53e-4cdc-a879-730cb763d81d#0:OK-t0-last:<INITIAL_VALUE>. Peer's state: 11776e6b-d53e-4cdc-a879-730cb763d81d@group-7DD7EB637B32:t0, leader=null, voted=, raftlog=Memoized:11776e6b-d53e-4cdc-a879-730cb763d81d@group-7DD7EB637B32-SegmentedRaftLog:OPENED:c-1:lastnull, conf=conf: {index: -1, cur=peers:[0584da7b-3980-4d20-b3ba-d97c117b17a2|127.0.0.1:15051, 11776e6b-d53e-4cdc-a879-730cb763d81d|127.0.0.1:15067, b30b3ffb-bc08-4f2c-b590-0aeed9816472|127.0.0.1:15059]|listeners:[], old=null}
2025-07-05 15:54:16,898 [grpc-default-executor-3] INFO  server.RaftServer$Division (RaftServerImpl.java:requestVote(1455)) - b30b3ffb-bc08-4f2c-b590-0aeed9816472@group-7DD7EB637B32 replies to PRE_VOTE vote request: 0584da7b-3980-4d20-b3ba-d97c117b17a2<-b30b3ffb-bc08-4f2c-b590-0aeed9816472#0:OK-t0-last:<INITIAL_VALUE>. Peer's state: b30b3ffb-bc08-4f2c-b590-0aeed9816472@group-7DD7EB637B32:t0, leader=null, voted=, raftlog=Memoized:b30b3ffb-bc08-4f2c-b590-0aeed9816472@group-7DD7EB637B32-SegmentedRaftLog:OPENED:c-1:lastnull, conf=conf: {index: -1, cur=peers:[0584da7b-3980-4d20-b3ba-d97c117b17a2|127.0.0.1:15051, 11776e6b-d53e-4cdc-a879-730cb763d81d|127.0.0.1:15067, b30b3ffb-bc08-4f2c-b590-0aeed9816472|127.0.0.1:15059]|listeners:[], old=null}
2025-07-05 15:54:16,899 [0584da7b-3980-4d20-b3ba-d97c117b17a2@group-7DD7EB637B32-LeaderElection6] INFO  impl.LeaderElection (LeaderElection.java:logAndReturn(206)) - 0584da7b-3980-4d20-b3ba-d97c117b17a2@group-7DD7EB637B32-LeaderElection6: PRE_VOTE PASSED received 1 response(s) and 0 exception(s):
2025-07-05 15:54:16,899 [0584da7b-3980-4d20-b3ba-d97c117b17a2@group-7DD7EB637B32-LeaderElection6] INFO  impl.LeaderElection (LeaderElection.java:logAndReturn(210)) -   Response 0: 0584da7b-3980-4d20-b3ba-d97c117b17a2<-b30b3ffb-bc08-4f2c-b590-0aeed9816472#0:OK-t0-last:<INITIAL_VALUE>
2025-07-05 15:54:16,900 [0584da7b-3980-4d20-b3ba-d97c117b17a2@group-7DD7EB637B32-LeaderElection6] INFO  impl.LeaderElection (LeaderElection.java:askForVotes(450)) - 0584da7b-3980-4d20-b3ba-d97c117b17a2@group-7DD7EB637B32-LeaderElection6 PRE_VOTE round 0: result PASSED
2025-07-05 15:54:16,901 [0584da7b-3980-4d20-b3ba-d97c117b17a2@group-7DD7EB637B32-LeaderElection6] INFO  impl.LeaderElection (LeaderElection.java:askForVotes(448)) - 0584da7b-3980-4d20-b3ba-d97c117b17a2@group-7DD7EB637B32-LeaderElection6 ELECTION round 0: submit vote requests at term 1 for conf: {index: -1, cur=peers:[0584da7b-3980-4d20-b3ba-d97c117b17a2|127.0.0.1:15051, 11776e6b-d53e-4cdc-a879-730cb763d81d|127.0.0.1:15067, b30b3ffb-bc08-4f2c-b590-0aeed9816472|127.0.0.1:15059]|listeners:[], old=null}
2025-07-05 15:54:16,903 [grpc-default-executor-3] INFO  server.RaftServer$Division (RaftServerImpl.java:requestVote(1421)) - b30b3ffb-bc08-4f2c-b590-0aeed9816472@group-7DD7EB637B32: receive requestVote(ELECTION, 0584da7b-3980-4d20-b3ba-d97c117b17a2, group-7DD7EB637B32, 1, <PROTO_DEFAULT>)
2025-07-05 15:54:16,903 [grpc-default-executor-3] INFO  impl.VoteContext (VoteContext.java:log(49)) - b30b3ffb-bc08-4f2c-b590-0aeed9816472@group-7DD7EB637B32-FOLLOWER: accept ELECTION from 0584da7b-3980-4d20-b3ba-d97c117b17a2: our priority 0 <= candidate's priority 1
2025-07-05 15:54:16,903 [grpc-default-executor-3] INFO  server.RaftServer$Division (RaftServerImpl.java:setRole(392)) - b30b3ffb-bc08-4f2c-b590-0aeed9816472@group-7DD7EB637B32: changes role from  FOLLOWER to FOLLOWER at term 0 for candidate:0584da7b-3980-4d20-b3ba-d97c117b17a2
2025-07-05 15:54:16,903 [grpc-default-executor-3] INFO  impl.RoleInfo (RoleInfo.java:shutdownFollowerState(121)) - b30b3ffb-bc08-4f2c-b590-0aeed9816472: shutdown b30b3ffb-bc08-4f2c-b590-0aeed9816472@group-7DD7EB637B32-FollowerState
2025-07-05 15:54:16,903 [grpc-default-executor-3] INFO  impl.RoleInfo (RoleInfo.java:updateAndGet(148)) - b30b3ffb-bc08-4f2c-b590-0aeed9816472: start b30b3ffb-bc08-4f2c-b590-0aeed9816472@group-7DD7EB637B32-FollowerState
2025-07-05 15:54:16,904 [grpc-default-executor-3] INFO  server.RaftServer$Division (RaftServerImpl.java:setFirstElection(576)) - b30b3ffb-bc08-4f2c-b590-0aeed9816472@group-7DD7EB637B32: set firstElectionSinceStartup to false for candidate:0584da7b-3980-4d20-b3ba-d97c117b17a2
2025-07-05 15:54:16,903 [grpc-default-executor-0] INFO  server.RaftServer$Division (RaftServerImpl.java:requestVote(1421)) - 11776e6b-d53e-4cdc-a879-730cb763d81d@group-7DD7EB637B32: receive requestVote(ELECTION, 0584da7b-3980-4d20-b3ba-d97c117b17a2, group-7DD7EB637B32, 1, <PROTO_DEFAULT>)
2025-07-05 15:54:16,903 [b30b3ffb-bc08-4f2c-b590-0aeed9816472@group-7DD7EB637B32-FollowerState] INFO  impl.FollowerState (FollowerState.java:runImpl(170)) - b30b3ffb-bc08-4f2c-b590-0aeed9816472@group-7DD7EB637B32-FollowerState was interrupted
2025-07-05 15:54:16,905 [grpc-default-executor-0] INFO  impl.VoteContext (VoteContext.java:log(49)) - 11776e6b-d53e-4cdc-a879-730cb763d81d@group-7DD7EB637B32-FOLLOWER: accept ELECTION from 0584da7b-3980-4d20-b3ba-d97c117b17a2: our priority 0 <= candidate's priority 1
2025-07-05 15:54:16,905 [grpc-default-executor-0] INFO  server.RaftServer$Division (RaftServerImpl.java:setRole(392)) - 11776e6b-d53e-4cdc-a879-730cb763d81d@group-7DD7EB637B32: changes role from  FOLLOWER to FOLLOWER at term 0 for candidate:0584da7b-3980-4d20-b3ba-d97c117b17a2
2025-07-05 15:54:16,905 [grpc-default-executor-0] INFO  impl.RoleInfo (RoleInfo.java:shutdownFollowerState(121)) - 11776e6b-d53e-4cdc-a879-730cb763d81d: shutdown 11776e6b-d53e-4cdc-a879-730cb763d81d@group-7DD7EB637B32-FollowerState
2025-07-05 15:54:16,905 [11776e6b-d53e-4cdc-a879-730cb763d81d@group-7DD7EB637B32-FollowerState] INFO  impl.FollowerState (FollowerState.java:runImpl(170)) - 11776e6b-d53e-4cdc-a879-730cb763d81d@group-7DD7EB637B32-FollowerState was interrupted
2025-07-05 15:54:16,905 [grpc-default-executor-0] INFO  impl.RoleInfo (RoleInfo.java:updateAndGet(148)) - 11776e6b-d53e-4cdc-a879-730cb763d81d: start 11776e6b-d53e-4cdc-a879-730cb763d81d@group-7DD7EB637B32-FollowerState
2025-07-05 15:54:16,905 [grpc-default-executor-0] INFO  server.RaftServer$Division (RaftServerImpl.java:setFirstElection(576)) - 11776e6b-d53e-4cdc-a879-730cb763d81d@group-7DD7EB637B32: set firstElectionSinceStartup to false for candidate:0584da7b-3980-4d20-b3ba-d97c117b17a2
2025-07-05 15:54:16,907 [grpc-default-executor-3] INFO  server.RaftServer$Division (RaftServerImpl.java:requestVote(1455)) - b30b3ffb-bc08-4f2c-b590-0aeed9816472@group-7DD7EB637B32 replies to ELECTION vote request: 0584da7b-3980-4d20-b3ba-d97c117b17a2<-b30b3ffb-bc08-4f2c-b590-0aeed9816472#0:OK-t1-last:<INITIAL_VALUE>. Peer's state: b30b3ffb-bc08-4f2c-b590-0aeed9816472@group-7DD7EB637B32:t1, leader=null, voted=0584da7b-3980-4d20-b3ba-d97c117b17a2, raftlog=Memoized:b30b3ffb-bc08-4f2c-b590-0aeed9816472@group-7DD7EB637B32-SegmentedRaftLog:OPENED:c-1:lastnull, conf=conf: {index: -1, cur=peers:[0584da7b-3980-4d20-b3ba-d97c117b17a2|127.0.0.1:15051, 11776e6b-d53e-4cdc-a879-730cb763d81d|127.0.0.1:15067, b30b3ffb-bc08-4f2c-b590-0aeed9816472|127.0.0.1:15059]|listeners:[], old=null}
2025-07-05 15:54:16,908 [grpc-default-executor-0] INFO  server.RaftServer$Division (RaftServerImpl.java:requestVote(1455)) - 11776e6b-d53e-4cdc-a879-730cb763d81d@group-7DD7EB637B32 replies to ELECTION vote request: 0584da7b-3980-4d20-b3ba-d97c117b17a2<-11776e6b-d53e-4cdc-a879-730cb763d81d#0:OK-t1-last:<INITIAL_VALUE>. Peer's state: 11776e6b-d53e-4cdc-a879-730cb763d81d@group-7DD7EB637B32:t1, leader=null, voted=0584da7b-3980-4d20-b3ba-d97c117b17a2, raftlog=Memoized:11776e6b-d53e-4cdc-a879-730cb763d81d@group-7DD7EB637B32-SegmentedRaftLog:OPENED:c-1:lastnull, conf=conf: {index: -1, cur=peers:[0584da7b-3980-4d20-b3ba-d97c117b17a2|127.0.0.1:15051, 11776e6b-d53e-4cdc-a879-730cb763d81d|127.0.0.1:15067, b30b3ffb-bc08-4f2c-b590-0aeed9816472|127.0.0.1:15059]|listeners:[], old=null}
2025-07-05 15:54:16,908 [0584da7b-3980-4d20-b3ba-d97c117b17a2@group-7DD7EB637B32-LeaderElection6] INFO  impl.LeaderElection (LeaderElection.java:logAndReturn(206)) - 0584da7b-3980-4d20-b3ba-d97c117b17a2@group-7DD7EB637B32-LeaderElection6: ELECTION PASSED received 1 response(s) and 0 exception(s):
2025-07-05 15:54:16,908 [0584da7b-3980-4d20-b3ba-d97c117b17a2@group-7DD7EB637B32-LeaderElection6] INFO  impl.LeaderElection (LeaderElection.java:logAndReturn(210)) -   Response 0: 0584da7b-3980-4d20-b3ba-d97c117b17a2<-b30b3ffb-bc08-4f2c-b590-0aeed9816472#0:OK-t1-last:<INITIAL_VALUE>
2025-07-05 15:54:16,908 [0584da7b-3980-4d20-b3ba-d97c117b17a2@group-7DD7EB637B32-LeaderElection6] INFO  impl.LeaderElection (LeaderElection.java:askForVotes(450)) - 0584da7b-3980-4d20-b3ba-d97c117b17a2@group-7DD7EB637B32-LeaderElection6 ELECTION round 0: result PASSED
2025-07-05 15:54:16,908 [0584da7b-3980-4d20-b3ba-d97c117b17a2@group-7DD7EB637B32-LeaderElection6] INFO  impl.RoleInfo (RoleInfo.java:shutdownLeaderElection(141)) - 0584da7b-3980-4d20-b3ba-d97c117b17a2: shutdown 0584da7b-3980-4d20-b3ba-d97c117b17a2@group-7DD7EB637B32-LeaderElection6
2025-07-05 15:54:16,908 [0584da7b-3980-4d20-b3ba-d97c117b17a2@group-7DD7EB637B32-LeaderElection6] INFO  server.RaftServer$Division (RaftServerImpl.java:setRole(392)) - 0584da7b-3980-4d20-b3ba-d97c117b17a2@group-7DD7EB637B32: changes role from CANDIDATE to LEADER at term 1 for changeToLeader
2025-07-05 15:54:16,908 [0584da7b-3980-4d20-b3ba-d97c117b17a2@group-7DD7EB637B32-LeaderElection6] INFO  server.RaftServerConfigKeys (ConfUtils.java:logFallback(69)) - raft.server.staging.timeout = 15600ms (fallback to raft.server.rpc.timeout.max)
2025-07-05 15:54:16,908 [0584da7b-3980-4d20-b3ba-d97c117b17a2@group-7DD7EB637B32-LeaderElection6] INFO  server.RaftServerConfigKeys (ConfUtils.java:logGet(62)) - raft.server.write.byte-limit = 1024 M (=1073741824) (custom)
2025-07-05 15:54:16,911 [0584da7b-3980-4d20-b3ba-d97c117b17a2@group-7DD7EB637B32-LeaderElection6] INFO  server.RaftServerConfigKeys (ConfUtils.java:logGet(62)) - raft.server.log.appender.buffer.byte-limit = 33554432 (custom)
2025-07-05 15:54:16,912 [0584da7b-3980-4d20-b3ba-d97c117b17a2@group-7DD7EB637B32-LeaderElection6] INFO  server.RaftServerConfigKeys (ConfUtils.java:logGet(62)) - raft.server.log.appender.buffer.byte-limit = 33554432 (custom)
2025-07-05 15:54:16,913 [0584da7b-3980-4d20-b3ba-d97c117b17a2@group-7DD7EB637B32-LeaderElection6] INFO  impl.RoleInfo (RoleInfo.java:updateAndGet(148)) - 0584da7b-3980-4d20-b3ba-d97c117b17a2: start 0584da7b-3980-4d20-b3ba-d97c117b17a2@group-7DD7EB637B32-LeaderStateImpl
2025-07-05 15:54:16,913 [0584da7b-3980-4d20-b3ba-d97c117b17a2@group-7DD7EB637B32-LeaderElection6] INFO  server.RaftServer$Division (RaftServerImpl.java:setFirstElection(576)) - 0584da7b-3980-4d20-b3ba-d97c117b17a2@group-7DD7EB637B32: set firstElectionSinceStartup to false for becomeLeader
2025-07-05 15:54:16,913 [0584da7b-3980-4d20-b3ba-d97c117b17a2@group-7DD7EB637B32-LeaderElection6] INFO  ratis.XceiverServerRatis (XceiverServerRatis.java:handleLeaderChangedNotification(944)) - Leader change notification received for group: group-7DD7EB637B32 with new leaderId: 0584da7b-3980-4d20-b3ba-d97c117b17a2
2025-07-05 15:54:16,913 [0584da7b-3980-4d20-b3ba-d97c117b17a2@group-7DD7EB637B32-LeaderElection6] INFO  server.RaftServer$Division (ServerState.java:setLeader(272)) - 0584da7b-3980-4d20-b3ba-d97c117b17a2@group-7DD7EB637B32: change Leader from null to 0584da7b-3980-4d20-b3ba-d97c117b17a2 at term 1 for becomeLeader, leader elected after 1209ms
2025-07-05 15:54:16,913 [0584da7b-3980-4d20-b3ba-d97c117b17a2@group-7DD7EB637B32-LeaderElection6] INFO  segmented.SegmentedRaftLogWorker (SegmentedRaftLogWorker.java:startLogSegment(440)) - 0584da7b-3980-4d20-b3ba-d97c117b17a2@group-7DD7EB637B32-SegmentedRaftLogWorker: Starting segment from index:0
2025-07-05 15:54:16,914 [0584da7b-3980-4d20-b3ba-d97c117b17a2@group-7DD7EB637B32-LeaderElection6] INFO  server.RaftServer$Division (ServerState.java:setRaftConf(386)) - 0584da7b-3980-4d20-b3ba-d97c117b17a2@group-7DD7EB637B32: set configuration conf: {index: 0, cur=peers:[0584da7b-3980-4d20-b3ba-d97c117b17a2|127.0.0.1:15051, 11776e6b-d53e-4cdc-a879-730cb763d81d|127.0.0.1:15067, b30b3ffb-bc08-4f2c-b590-0aeed9816472|127.0.0.1:15059]|listeners:[], old=null}
2025-07-05 15:54:16,914 [0584da7b-3980-4d20-b3ba-d97c117b17a2@group-7DD7EB637B32-SegmentedRaftLogWorker] INFO  segmented.BufferedWriteChannel (BufferedWriteChannel.java:open(61)) - open log_inprogress_0 at position 0
2025-07-05 15:54:16,915 [scmNode-2-EventQueue-PipelineReportForOneReplicaPipelineSafeModeRule] INFO  safemode.SCMSafeModeManager (SCMSafeModeManager.java:validateSafeModeExitRules(138)) - AtleastOneDatanodeReportedRule rule is successfully validated
2025-07-05 15:54:16,916 [scmNode-3-EventQueue-PipelineReportForOneReplicaPipelineSafeModeRule] INFO  safemode.SCMSafeModeManager (SCMSafeModeManager.java:validateSafeModeExitRules(138)) - AtleastOneDatanodeReportedRule rule is successfully validated
2025-07-05 15:54:16,917 [scmNode-1-EventQueue-PipelineReportForOneReplicaPipelineSafeModeRule] INFO  safemode.SCMSafeModeManager (SCMSafeModeManager.java:validateSafeModeExitRules(138)) - AtleastOneDatanodeReportedRule rule is successfully validated
2025-07-05 15:54:16,923 [2d344aaf-3adb-4590-a8db-0ff637af21a8@group-0EF9E94BB6A3-StateMachineUpdater] INFO  safemode.SCMSafeModeManager (SCMSafeModeManager.java:validateSafeModeExitRules(138)) - DataNodeSafeModeRule rule is successfully validated
2025-07-05 15:54:16,924 [2d344aaf-3adb-4590-a8db-0ff637af21a8@group-0EF9E94BB6A3-StateMachineUpdater] INFO  safemode.SCMSafeModeManager (SCMSafeModeManager.java:validateSafeModeExitRules(138)) - RatisContainerSafeModeRule rule is successfully validated
2025-07-05 15:54:16,924 [2d344aaf-3adb-4590-a8db-0ff637af21a8@group-0EF9E94BB6A3-StateMachineUpdater] INFO  safemode.HealthyPipelineSafeModeRule (HealthyPipelineSafeModeRule.java:initializeRule(228)) - Refreshed total pipeline count is 0, healthy pipeline threshold count is 1
2025-07-05 15:54:16,924 [2d344aaf-3adb-4590-a8db-0ff637af21a8@group-0EF9E94BB6A3-StateMachineUpdater] INFO  safemode.SCMSafeModeManager (SCMSafeModeManager.java:validateSafeModeExitRules(138)) - ECContainerSafeModeRule rule is successfully validated
2025-07-05 15:54:16,924 [2d344aaf-3adb-4590-a8db-0ff637af21a8@group-0EF9E94BB6A3-StateMachineUpdater] INFO  safemode.SCMSafeModeManager (SCMSafeModeManager.java:validateSafeModeExitRules(138)) - AtleastOneDatanodeReportedRule rule is successfully validated
2025-07-05 15:54:16,926 [d608cca7-8f6c-485f-afd6-2c7e3558bc9e@group-0EF9E94BB6A3-StateMachineUpdater] INFO  safemode.SCMSafeModeManager (SCMSafeModeManager.java:validateSafeModeExitRules(138)) - DataNodeSafeModeRule rule is successfully validated
2025-07-05 15:54:16,926 [d608cca7-8f6c-485f-afd6-2c7e3558bc9e@group-0EF9E94BB6A3-StateMachineUpdater] INFO  safemode.SCMSafeModeManager (SCMSafeModeManager.java:validateSafeModeExitRules(138)) - RatisContainerSafeModeRule rule is successfully validated
2025-07-05 15:54:16,926 [d608cca7-8f6c-485f-afd6-2c7e3558bc9e@group-0EF9E94BB6A3-StateMachineUpdater] INFO  safemode.HealthyPipelineSafeModeRule (HealthyPipelineSafeModeRule.java:initializeRule(228)) - Refreshed total pipeline count is 1, healthy pipeline threshold count is 1
2025-07-05 15:54:16,926 [d608cca7-8f6c-485f-afd6-2c7e3558bc9e@group-0EF9E94BB6A3-StateMachineUpdater] INFO  safemode.SCMSafeModeManager (SCMSafeModeManager.java:validateSafeModeExitRules(138)) - ECContainerSafeModeRule rule is successfully validated
2025-07-05 15:54:16,927 [d608cca7-8f6c-485f-afd6-2c7e3558bc9e@group-0EF9E94BB6A3-StateMachineUpdater] INFO  safemode.SCMSafeModeManager (SCMSafeModeManager.java:validateSafeModeExitRules(138)) - AtleastOneDatanodeReportedRule rule is successfully validated
2025-07-05 15:54:16,927 [scmNode-1-EventQueue-PipelineReportForPipelineReportHandler] INFO  pipeline.PipelineReportHandler (PipelineReportHandler.java:processPipelineReport(134)) - Opened pipeline Pipeline-1c7d912d-9ecf-470f-bee3-7dd7eb637b32
2025-07-05 15:54:16,927 [scmNode-1-EventQueue-OpenPipelineForHealthyPipelineSafeModeRule] INFO  safemode.SCMSafeModeManager (HealthyPipelineSafeModeRule.java:process(196)) - SCM in safe mode. Healthy pipelines reported count is 1, required healthy pipeline reported count is 1
2025-07-05 15:54:16,927 [scmNode-1-EventQueue-OpenPipelineForHealthyPipelineSafeModeRule] INFO  safemode.SCMSafeModeManager (SCMSafeModeManager.java:validateSafeModeExitRules(138)) - HealthyPipelineSafeModeRule rule is successfully validated
2025-07-05 15:54:16,927 [scmNode-1-EventQueue-OpenPipelineForHealthyPipelineSafeModeRule] INFO  safemode.SCMSafeModeManager (SCMSafeModeManager.java:validateSafeModeExitRules(158)) - ScmSafeModeManager, all rules are successfully validated
2025-07-05 15:54:16,928 [scmNode-1-EventQueue-OpenPipelineForHealthyPipelineSafeModeRule] INFO  safemode.SCMSafeModeManager (SCMSafeModeManager.java:validateSafeModeExitRules(159)) - SCM exiting safe mode.
2025-07-05 15:54:16,928 [scmNode-1-EventQueue-OpenPipelineForHealthyPipelineSafeModeRule] INFO  ha.SCMContext (SCMContext.java:updateSafeModeStatus(224)) - Update SafeModeStatus from SafeModeStatus{safeModeStatus=true, preCheckPassed=true} to SafeModeStatus{safeModeStatus=false, preCheckPassed=true}.
2025-07-05 15:54:16,928 [scmNode-1-EventQueue-OpenPipelineForHealthyPipelineSafeModeRule] INFO  BackgroundPipelineScrubber (BackgroundSCMService.java:notifyStatusChanged(78)) - Service BackgroundPipelineScrubber transitions to RUNNING.
2025-07-05 15:54:16,928 [scmNode-1-EventQueue-OpenPipelineForHealthyPipelineSafeModeRule] INFO  ExpiredContainerReplicaOpScrubber (BackgroundSCMService.java:notifyStatusChanged(78)) - Service ExpiredContainerReplicaOpScrubber transitions to RUNNING.
2025-07-05 15:54:16,928 [scmNode-1-EventQueue-OpenPipelineForHealthyPipelineSafeModeRule] INFO  block.SCMBlockDeletingService (SCMBlockDeletingService.java:notifyStatusChanged(265)) - notifyStatusChanged:RUNNING
2025-07-05 15:54:16,928 [scmNode-1-EventQueue-OpenPipelineForHealthyPipelineSafeModeRule] INFO  replication.ReplicationManager (ReplicationManager.java:notifyStatusChanged(1387)) - Service ReplicationManager transitions to RUNNING.
2025-07-05 15:54:16,928 [grpc-default-executor-2] INFO  ratis.XceiverServerRatis (XceiverServerRatis.java:handleLeaderChangedNotification(944)) - Leader change notification received for group: group-7DD7EB637B32 with new leaderId: 0584da7b-3980-4d20-b3ba-d97c117b17a2
2025-07-05 15:54:16,928 [grpc-default-executor-2] INFO  server.RaftServer$Division (ServerState.java:setLeader(272)) - b30b3ffb-bc08-4f2c-b590-0aeed9816472@group-7DD7EB637B32: change Leader from null to 0584da7b-3980-4d20-b3ba-d97c117b17a2 at term 1 for appendEntries, leader elected after 1165ms
2025-07-05 15:54:16,928 [grpc-default-executor-0] INFO  ratis.XceiverServerRatis (XceiverServerRatis.java:handleLeaderChangedNotification(944)) - Leader change notification received for group: group-7DD7EB637B32 with new leaderId: 0584da7b-3980-4d20-b3ba-d97c117b17a2
2025-07-05 15:54:16,929 [grpc-default-executor-0] INFO  server.RaftServer$Division (ServerState.java:setLeader(272)) - 11776e6b-d53e-4cdc-a879-730cb763d81d@group-7DD7EB637B32: change Leader from null to 0584da7b-3980-4d20-b3ba-d97c117b17a2 at term 1 for appendEntries, leader elected after 1123ms
2025-07-05 15:54:16,929 [grpc-default-executor-0] INFO  server.RaftServer$Division (ServerState.java:setRaftConf(386)) - 11776e6b-d53e-4cdc-a879-730cb763d81d@group-7DD7EB637B32: set configuration conf: {index: 0, cur=peers:[0584da7b-3980-4d20-b3ba-d97c117b17a2|127.0.0.1:15051, 11776e6b-d53e-4cdc-a879-730cb763d81d|127.0.0.1:15067, b30b3ffb-bc08-4f2c-b590-0aeed9816472|127.0.0.1:15059]|listeners:[], old=null}
2025-07-05 15:54:16,929 [grpc-default-executor-0] INFO  segmented.SegmentedRaftLogWorker (SegmentedRaftLogWorker.java:startLogSegment(440)) - 11776e6b-d53e-4cdc-a879-730cb763d81d@group-7DD7EB637B32-SegmentedRaftLogWorker: Starting segment from index:0
2025-07-05 15:54:16,930 [11776e6b-d53e-4cdc-a879-730cb763d81d@group-7DD7EB637B32-SegmentedRaftLogWorker] INFO  segmented.BufferedWriteChannel (BufferedWriteChannel.java:open(61)) - open log_inprogress_0 at position 0
2025-07-05 15:54:16,929 [grpc-default-executor-1] INFO  server.RaftServer$Division (ServerState.java:setRaftConf(386)) - b30b3ffb-bc08-4f2c-b590-0aeed9816472@group-7DD7EB637B32: set configuration conf: {index: 0, cur=peers:[0584da7b-3980-4d20-b3ba-d97c117b17a2|127.0.0.1:15051, 11776e6b-d53e-4cdc-a879-730cb763d81d|127.0.0.1:15067, b30b3ffb-bc08-4f2c-b590-0aeed9816472|127.0.0.1:15059]|listeners:[], old=null}
2025-07-05 15:54:16,930 [0584da7b-3980-4d20-b3ba-d97c117b17a2@group-7DD7EB637B32-SegmentedRaftLogWorker] INFO  segmented.SegmentedRaftLogWorker (SegmentedRaftLogWorker.java:execute(647)) - 0584da7b-3980-4d20-b3ba-d97c117b17a2@group-7DD7EB637B32-SegmentedRaftLogWorker: created new log segment /home/runner/work/ozone/ozone/hadoop-ozone/integration-test/target/test-dir/MiniOzoneClusterImpl-ea17cf83-5a24-424f-8e3a-0ef9e94bb6a3/ozone-meta/datanode-1/ratis/1c7d912d-9ecf-470f-bee3-7dd7eb637b32/current/log_inprogress_0
2025-07-05 15:54:16,930 [grpc-default-executor-1] INFO  segmented.SegmentedRaftLogWorker (SegmentedRaftLogWorker.java:startLogSegment(440)) - b30b3ffb-bc08-4f2c-b590-0aeed9816472@group-7DD7EB637B32-SegmentedRaftLogWorker: Starting segment from index:0
2025-07-05 15:54:16,932 [b30b3ffb-bc08-4f2c-b590-0aeed9816472@group-7DD7EB637B32-SegmentedRaftLogWorker] INFO  segmented.BufferedWriteChannel (BufferedWriteChannel.java:open(61)) - open log_inprogress_0 at position 0
2025-07-05 15:54:16,932 [e9f0a7df-dfca-4eba-a7d3-db47f637b57c@group-0EF9E94BB6A3-StateMachineUpdater] INFO  safemode.SCMSafeModeManager (SCMSafeModeManager.java:validateSafeModeExitRules(138)) - DataNodeSafeModeRule rule is successfully validated
2025-07-05 15:54:16,932 [e9f0a7df-dfca-4eba-a7d3-db47f637b57c@group-0EF9E94BB6A3-StateMachineUpdater] INFO  safemode.SCMSafeModeManager (SCMSafeModeManager.java:validateSafeModeExitRules(138)) - RatisContainerSafeModeRule rule is successfully validated
2025-07-05 15:54:16,932 [e9f0a7df-dfca-4eba-a7d3-db47f637b57c@group-0EF9E94BB6A3-StateMachineUpdater] INFO  safemode.HealthyPipelineSafeModeRule (HealthyPipelineSafeModeRule.java:initializeRule(228)) - Refreshed total pipeline count is 0, healthy pipeline threshold count is 1
2025-07-05 15:54:16,932 [e9f0a7df-dfca-4eba-a7d3-db47f637b57c@group-0EF9E94BB6A3-StateMachineUpdater] INFO  safemode.SCMSafeModeManager (SCMSafeModeManager.java:validateSafeModeExitRules(138)) - ECContainerSafeModeRule rule is successfully validated
2025-07-05 15:54:16,932 [e9f0a7df-dfca-4eba-a7d3-db47f637b57c@group-0EF9E94BB6A3-StateMachineUpdater] INFO  safemode.SCMSafeModeManager (SCMSafeModeManager.java:validateSafeModeExitRules(138)) - AtleastOneDatanodeReportedRule rule is successfully validated
2025-07-05 15:54:16,936 [scmNode-1-EventQueue-OpenPipelineForHealthyPipelineSafeModeRule] WARN  balancer.ContainerBalancer (ContainerBalancer.java:shouldRun(136)) - Could not find persisted configuration for ContainerBalancer when checking if ContainerBalancer should run. ContainerBalancer should not run now.
2025-07-05 15:54:16,936 [scmNode-1-EventQueue-OpenPipelineForHealthyPipelineSafeModeRule] INFO  SCMHATransactionMonitor (BackgroundSCMService.java:notifyStatusChanged(78)) - Service SCMHATransactionMonitor transitions to RUNNING.
2025-07-05 15:54:16,943 [11776e6b-d53e-4cdc-a879-730cb763d81d@group-7DD7EB637B32-SegmentedRaftLogWorker] INFO  segmented.SegmentedRaftLogWorker (SegmentedRaftLogWorker.java:execute(647)) - 11776e6b-d53e-4cdc-a879-730cb763d81d@group-7DD7EB637B32-SegmentedRaftLogWorker: created new log segment /home/runner/work/ozone/ozone/hadoop-ozone/integration-test/target/test-dir/MiniOzoneClusterImpl-ea17cf83-5a24-424f-8e3a-0ef9e94bb6a3/ozone-meta/datanode-3/ratis/1c7d912d-9ecf-470f-bee3-7dd7eb637b32/current/log_inprogress_0
2025-07-05 15:54:16,944 [b30b3ffb-bc08-4f2c-b590-0aeed9816472@group-7DD7EB637B32-SegmentedRaftLogWorker] INFO  segmented.SegmentedRaftLogWorker (SegmentedRaftLogWorker.java:execute(647)) - b30b3ffb-bc08-4f2c-b590-0aeed9816472@group-7DD7EB637B32-SegmentedRaftLogWorker: created new log segment /home/runner/work/ozone/ozone/hadoop-ozone/integration-test/target/test-dir/MiniOzoneClusterImpl-ea17cf83-5a24-424f-8e3a-0ef9e94bb6a3/ozone-meta/datanode-2/ratis/1c7d912d-9ecf-470f-bee3-7dd7eb637b32/current/log_inprogress_0
2025-07-05 15:54:16,947 [0584da7b-3980-4d20-b3ba-d97c117b17a2@group-7DD7EB637B32-StateMachineUpdater] INFO  server.RaftServer$Division (LeaderStateImpl.java:checkStartIndex(309)) - Leader 0584da7b-3980-4d20-b3ba-d97c117b17a2@group-7DD7EB637B32-LeaderStateImpl is ready since appliedIndex == startIndex == 0
2025-07-05 15:54:16,974 [11776e6b-d53e-4cdc-a879-730cb763d81d@group-A3EC0EDC4B3B-FollowerState] INFO  impl.FollowerState (FollowerState.java:runImpl(161)) - 11776e6b-d53e-4cdc-a879-730cb763d81d@group-A3EC0EDC4B3B-FollowerState: change to CANDIDATE, lastRpcElapsedTime:1064399943ns, electionTimeout:1064ms
2025-07-05 15:54:16,974 [11776e6b-d53e-4cdc-a879-730cb763d81d@group-A3EC0EDC4B3B-FollowerState] INFO  impl.RoleInfo (RoleInfo.java:shutdownFollowerState(121)) - 11776e6b-d53e-4cdc-a879-730cb763d81d: shutdown 11776e6b-d53e-4cdc-a879-730cb763d81d@group-A3EC0EDC4B3B-FollowerState
2025-07-05 15:54:16,974 [11776e6b-d53e-4cdc-a879-730cb763d81d@group-A3EC0EDC4B3B-FollowerState] INFO  server.RaftServer$Division (RaftServerImpl.java:setRole(392)) - 11776e6b-d53e-4cdc-a879-730cb763d81d@group-A3EC0EDC4B3B: changes role from  FOLLOWER to CANDIDATE at term 0 for changeToCandidate
2025-07-05 15:54:16,974 [11776e6b-d53e-4cdc-a879-730cb763d81d@group-A3EC0EDC4B3B-FollowerState] INFO  impl.RoleInfo (RoleInfo.java:updateAndGet(148)) - 11776e6b-d53e-4cdc-a879-730cb763d81d: start 11776e6b-d53e-4cdc-a879-730cb763d81d@group-A3EC0EDC4B3B-LeaderElection7
2025-07-05 15:54:16,974 [11776e6b-d53e-4cdc-a879-730cb763d81d@group-A3EC0EDC4B3B-LeaderElection7] INFO  impl.LeaderElection (LeaderElection.java:askForVotes(448)) - 11776e6b-d53e-4cdc-a879-730cb763d81d@group-A3EC0EDC4B3B-LeaderElection7 PRE_VOTE round 0: submit vote requests at term 0 for conf: {index: -1, cur=peers:[0584da7b-3980-4d20-b3ba-d97c117b17a2|127.0.0.1:15051, 11776e6b-d53e-4cdc-a879-730cb763d81d|127.0.0.1:15067, b30b3ffb-bc08-4f2c-b590-0aeed9816472|127.0.0.1:15059]|listeners:[], old=null}
2025-07-05 15:54:16,975 [11776e6b-d53e-4cdc-a879-730cb763d81d@group-A3EC0EDC4B3B-LeaderElection7-1] INFO  server.GrpcServerProtocolClient (GrpcServerProtocolClient.java:<init>(65)) - Build channel for 0584da7b-3980-4d20-b3ba-d97c117b17a2|127.0.0.1:15051
2025-07-05 15:54:16,975 [11776e6b-d53e-4cdc-a879-730cb763d81d@group-A3EC0EDC4B3B-LeaderElection7-2] INFO  server.GrpcServerProtocolClient (GrpcServerProtocolClient.java:<init>(65)) - Build channel for b30b3ffb-bc08-4f2c-b590-0aeed9816472|127.0.0.1:15059
2025-07-05 15:54:16,979 [grpc-default-executor-1] INFO  server.RaftServer$Division (RaftServerImpl.java:requestVote(1421)) - 0584da7b-3980-4d20-b3ba-d97c117b17a2@group-A3EC0EDC4B3B: receive requestVote(PRE_VOTE, 11776e6b-d53e-4cdc-a879-730cb763d81d, group-A3EC0EDC4B3B, 0, <PROTO_DEFAULT>)
2025-07-05 15:54:16,979 [grpc-default-executor-4] INFO  server.RaftServer$Division (RaftServerImpl.java:requestVote(1421)) - b30b3ffb-bc08-4f2c-b590-0aeed9816472@group-A3EC0EDC4B3B: receive requestVote(PRE_VOTE, 11776e6b-d53e-4cdc-a879-730cb763d81d, group-A3EC0EDC4B3B, 0, <PROTO_DEFAULT>)
2025-07-05 15:54:16,979 [grpc-default-executor-1] INFO  impl.VoteContext (VoteContext.java:log(49)) - 0584da7b-3980-4d20-b3ba-d97c117b17a2@group-A3EC0EDC4B3B-FOLLOWER: accept PRE_VOTE from 11776e6b-d53e-4cdc-a879-730cb763d81d: our priority 0 <= candidate's priority 1
2025-07-05 15:54:16,979 [grpc-default-executor-4] INFO  impl.VoteContext (VoteContext.java:log(49)) - b30b3ffb-bc08-4f2c-b590-0aeed9816472@group-A3EC0EDC4B3B-FOLLOWER: accept PRE_VOTE from 11776e6b-d53e-4cdc-a879-730cb763d81d: our priority 0 <= candidate's priority 1
2025-07-05 15:54:16,979 [grpc-default-executor-1] INFO  server.RaftServer$Division (RaftServerImpl.java:requestVote(1455)) - 0584da7b-3980-4d20-b3ba-d97c117b17a2@group-A3EC0EDC4B3B replies to PRE_VOTE vote request: 11776e6b-d53e-4cdc-a879-730cb763d81d<-0584da7b-3980-4d20-b3ba-d97c117b17a2#0:OK-t0-last:<INITIAL_VALUE>. Peer's state: 0584da7b-3980-4d20-b3ba-d97c117b17a2@group-A3EC0EDC4B3B:t0, leader=null, voted=, raftlog=Memoized:0584da7b-3980-4d20-b3ba-d97c117b17a2@group-A3EC0EDC4B3B-SegmentedRaftLog:OPENED:c-1:lastnull, conf=conf: {index: -1, cur=peers:[0584da7b-3980-4d20-b3ba-d97c117b17a2|127.0.0.1:15051, 11776e6b-d53e-4cdc-a879-730cb763d81d|127.0.0.1:15067, b30b3ffb-bc08-4f2c-b590-0aeed9816472|127.0.0.1:15059]|listeners:[], old=null}
2025-07-05 15:54:16,979 [grpc-default-executor-4] INFO  server.RaftServer$Division (RaftServerImpl.java:requestVote(1455)) - b30b3ffb-bc08-4f2c-b590-0aeed9816472@group-A3EC0EDC4B3B replies to PRE_VOTE vote request: 11776e6b-d53e-4cdc-a879-730cb763d81d<-b30b3ffb-bc08-4f2c-b590-0aeed9816472#0:OK-t0-last:<INITIAL_VALUE>. Peer's state: b30b3ffb-bc08-4f2c-b590-0aeed9816472@group-A3EC0EDC4B3B:t0, leader=null, voted=, raftlog=Memoized:b30b3ffb-bc08-4f2c-b590-0aeed9816472@group-A3EC0EDC4B3B-SegmentedRaftLog:OPENED:c-1:lastnull, conf=conf: {index: -1, cur=peers:[0584da7b-3980-4d20-b3ba-d97c117b17a2|127.0.0.1:15051, 11776e6b-d53e-4cdc-a879-730cb763d81d|127.0.0.1:15067, b30b3ffb-bc08-4f2c-b590-0aeed9816472|127.0.0.1:15059]|listeners:[], old=null}
2025-07-05 15:54:16,980 [11776e6b-d53e-4cdc-a879-730cb763d81d@group-A3EC0EDC4B3B-LeaderElection7] INFO  impl.LeaderElection (LeaderElection.java:logAndReturn(206)) - 11776e6b-d53e-4cdc-a879-730cb763d81d@group-A3EC0EDC4B3B-LeaderElection7: PRE_VOTE PASSED received 1 response(s) and 0 exception(s):
2025-07-05 15:54:16,981 [11776e6b-d53e-4cdc-a879-730cb763d81d@group-A3EC0EDC4B3B-LeaderElection7] INFO  impl.LeaderElection (LeaderElection.java:logAndReturn(210)) -   Response 0: 11776e6b-d53e-4cdc-a879-730cb763d81d<-0584da7b-3980-4d20-b3ba-d97c117b17a2#0:OK-t0-last:<INITIAL_VALUE>
2025-07-05 15:54:16,981 [11776e6b-d53e-4cdc-a879-730cb763d81d@group-A3EC0EDC4B3B-LeaderElection7] INFO  impl.LeaderElection (LeaderElection.java:askForVotes(450)) - 11776e6b-d53e-4cdc-a879-730cb763d81d@group-A3EC0EDC4B3B-LeaderElection7 PRE_VOTE round 0: result PASSED
2025-07-05 15:54:16,982 [11776e6b-d53e-4cdc-a879-730cb763d81d@group-A3EC0EDC4B3B-LeaderElection7] INFO  impl.LeaderElection (LeaderElection.java:askForVotes(448)) - 11776e6b-d53e-4cdc-a879-730cb763d81d@group-A3EC0EDC4B3B-LeaderElection7 ELECTION round 0: submit vote requests at term 1 for conf: {index: -1, cur=peers:[0584da7b-3980-4d20-b3ba-d97c117b17a2|127.0.0.1:15051, 11776e6b-d53e-4cdc-a879-730cb763d81d|127.0.0.1:15067, b30b3ffb-bc08-4f2c-b590-0aeed9816472|127.0.0.1:15059]|listeners:[], old=null}
2025-07-05 15:54:16,984 [grpc-default-executor-1] INFO  server.RaftServer$Division (RaftServerImpl.java:requestVote(1421)) - b30b3ffb-bc08-4f2c-b590-0aeed9816472@group-A3EC0EDC4B3B: receive requestVote(ELECTION, 11776e6b-d53e-4cdc-a879-730cb763d81d, group-A3EC0EDC4B3B, 1, <PROTO_DEFAULT>)
2025-07-05 15:54:16,984 [grpc-default-executor-4] INFO  server.RaftServer$Division (RaftServerImpl.java:requestVote(1421)) - 0584da7b-3980-4d20-b3ba-d97c117b17a2@group-A3EC0EDC4B3B: receive requestVote(ELECTION, 11776e6b-d53e-4cdc-a879-730cb763d81d, group-A3EC0EDC4B3B, 1, <PROTO_DEFAULT>)
2025-07-05 15:54:16,984 [grpc-default-executor-1] INFO  impl.VoteContext (VoteContext.java:log(49)) - b30b3ffb-bc08-4f2c-b590-0aeed9816472@group-A3EC0EDC4B3B-FOLLOWER: accept ELECTION from 11776e6b-d53e-4cdc-a879-730cb763d81d: our priority 0 <= candidate's priority 1
2025-07-05 15:54:16,984 [grpc-default-executor-1] INFO  server.RaftServer$Division (RaftServerImpl.java:setRole(392)) - b30b3ffb-bc08-4f2c-b590-0aeed9816472@group-A3EC0EDC4B3B: changes role from  FOLLOWER to FOLLOWER at term 0 for candidate:11776e6b-d53e-4cdc-a879-730cb763d81d
2025-07-05 15:54:16,984 [grpc-default-executor-1] INFO  impl.RoleInfo (RoleInfo.java:shutdownFollowerState(121)) - b30b3ffb-bc08-4f2c-b590-0aeed9816472: shutdown b30b3ffb-bc08-4f2c-b590-0aeed9816472@group-A3EC0EDC4B3B-FollowerState
2025-07-05 15:54:16,984 [grpc-default-executor-1] INFO  impl.RoleInfo (RoleInfo.java:updateAndGet(148)) - b30b3ffb-bc08-4f2c-b590-0aeed9816472: start b30b3ffb-bc08-4f2c-b590-0aeed9816472@group-A3EC0EDC4B3B-FollowerState
2025-07-05 15:54:16,984 [b30b3ffb-bc08-4f2c-b590-0aeed9816472@group-A3EC0EDC4B3B-FollowerState] INFO  impl.FollowerState (FollowerState.java:runImpl(170)) - b30b3ffb-bc08-4f2c-b590-0aeed9816472@group-A3EC0EDC4B3B-FollowerState was interrupted
2025-07-05 15:54:16,985 [grpc-default-executor-4] INFO  impl.VoteContext (VoteContext.java:log(49)) - 0584da7b-3980-4d20-b3ba-d97c117b17a2@group-A3EC0EDC4B3B-FOLLOWER: accept ELECTION from 11776e6b-d53e-4cdc-a879-730cb763d81d: our priority 0 <= candidate's priority 1
2025-07-05 15:54:16,985 [grpc-default-executor-4] INFO  server.RaftServer$Division (RaftServerImpl.java:setRole(392)) - 0584da7b-3980-4d20-b3ba-d97c117b17a2@group-A3EC0EDC4B3B: changes role from  FOLLOWER to FOLLOWER at term 0 for candidate:11776e6b-d53e-4cdc-a879-730cb763d81d
2025-07-05 15:54:16,985 [grpc-default-executor-4] INFO  impl.RoleInfo (RoleInfo.java:shutdownFollowerState(121)) - 0584da7b-3980-4d20-b3ba-d97c117b17a2: shutdown 0584da7b-3980-4d20-b3ba-d97c117b17a2@group-A3EC0EDC4B3B-FollowerState
2025-07-05 15:54:16,985 [grpc-default-executor-4] INFO  impl.RoleInfo (RoleInfo.java:updateAndGet(148)) - 0584da7b-3980-4d20-b3ba-d97c117b17a2: start 0584da7b-3980-4d20-b3ba-d97c117b17a2@group-A3EC0EDC4B3B-FollowerState
2025-07-05 15:54:16,985 [grpc-default-executor-4] INFO  server.RaftServer$Division (RaftServerImpl.java:setFirstElection(576)) - 0584da7b-3980-4d20-b3ba-d97c117b17a2@group-A3EC0EDC4B3B: set firstElectionSinceStartup to false for candidate:11776e6b-d53e-4cdc-a879-730cb763d81d
2025-07-05 15:54:16,985 [0584da7b-3980-4d20-b3ba-d97c117b17a2@group-A3EC0EDC4B3B-FollowerState] INFO  impl.FollowerState (FollowerState.java:runImpl(170)) - 0584da7b-3980-4d20-b3ba-d97c117b17a2@group-A3EC0EDC4B3B-FollowerState was interrupted
2025-07-05 15:54:16,986 [grpc-default-executor-1] INFO  server.RaftServer$Division (RaftServerImpl.java:requestVote(1455)) - b30b3ffb-bc08-4f2c-b590-0aeed9816472@group-A3EC0EDC4B3B replies to ELECTION vote request: 11776e6b-d53e-4cdc-a879-730cb763d81d<-b30b3ffb-bc08-4f2c-b590-0aeed9816472#0:OK-t1-last:<INITIAL_VALUE>. Peer's state: b30b3ffb-bc08-4f2c-b590-0aeed9816472@group-A3EC0EDC4B3B:t1, leader=null, voted=11776e6b-d53e-4cdc-a879-730cb763d81d, raftlog=Memoized:b30b3ffb-bc08-4f2c-b590-0aeed9816472@group-A3EC0EDC4B3B-SegmentedRaftLog:OPENED:c-1:lastnull, conf=conf: {index: -1, cur=peers:[0584da7b-3980-4d20-b3ba-d97c117b17a2|127.0.0.1:15051, 11776e6b-d53e-4cdc-a879-730cb763d81d|127.0.0.1:15067, b30b3ffb-bc08-4f2c-b590-0aeed9816472|127.0.0.1:15059]|listeners:[], old=null}
2025-07-05 15:54:16,987 [grpc-default-executor-4] INFO  server.RaftServer$Division (RaftServerImpl.java:requestVote(1455)) - 0584da7b-3980-4d20-b3ba-d97c117b17a2@group-A3EC0EDC4B3B replies to ELECTION vote request: 11776e6b-d53e-4cdc-a879-730cb763d81d<-0584da7b-3980-4d20-b3ba-d97c117b17a2#0:OK-t1-last:<INITIAL_VALUE>. Peer's state: 0584da7b-3980-4d20-b3ba-d97c117b17a2@group-A3EC0EDC4B3B:t1, leader=null, voted=11776e6b-d53e-4cdc-a879-730cb763d81d, raftlog=Memoized:0584da7b-3980-4d20-b3ba-d97c117b17a2@group-A3EC0EDC4B3B-SegmentedRaftLog:OPENED:c-1:lastnull, conf=conf: {index: -1, cur=peers:[0584da7b-3980-4d20-b3ba-d97c117b17a2|127.0.0.1:15051, 11776e6b-d53e-4cdc-a879-730cb763d81d|127.0.0.1:15067, b30b3ffb-bc08-4f2c-b590-0aeed9816472|127.0.0.1:15059]|listeners:[], old=null}
2025-07-05 15:54:16,988 [11776e6b-d53e-4cdc-a879-730cb763d81d@group-A3EC0EDC4B3B-LeaderElection7] INFO  impl.LeaderElection (LeaderElection.java:logAndReturn(206)) - 11776e6b-d53e-4cdc-a879-730cb763d81d@group-A3EC0EDC4B3B-LeaderElection7: ELECTION PASSED received 1 response(s) and 0 exception(s):
2025-07-05 15:54:16,988 [11776e6b-d53e-4cdc-a879-730cb763d81d@group-A3EC0EDC4B3B-LeaderElection7] INFO  impl.LeaderElection (LeaderElection.java:logAndReturn(210)) -   Response 0: 11776e6b-d53e-4cdc-a879-730cb763d81d<-b30b3ffb-bc08-4f2c-b590-0aeed9816472#0:OK-t1-last:<INITIAL_VALUE>
2025-07-05 15:54:16,988 [11776e6b-d53e-4cdc-a879-730cb763d81d@group-A3EC0EDC4B3B-LeaderElection7] INFO  impl.LeaderElection (LeaderElection.java:askForVotes(450)) - 11776e6b-d53e-4cdc-a879-730cb763d81d@group-A3EC0EDC4B3B-LeaderElection7 ELECTION round 0: result PASSED
2025-07-05 15:54:16,988 [11776e6b-d53e-4cdc-a879-730cb763d81d@group-A3EC0EDC4B3B-LeaderElection7] INFO  impl.RoleInfo (RoleInfo.java:shutdownLeaderElection(141)) - 11776e6b-d53e-4cdc-a879-730cb763d81d: shutdown 11776e6b-d53e-4cdc-a879-730cb763d81d@group-A3EC0EDC4B3B-LeaderElection7
2025-07-05 15:54:16,988 [11776e6b-d53e-4cdc-a879-730cb763d81d@group-A3EC0EDC4B3B-LeaderElection7] INFO  server.RaftServer$Division (RaftServerImpl.java:setRole(392)) - 11776e6b-d53e-4cdc-a879-730cb763d81d@group-A3EC0EDC4B3B: changes role from CANDIDATE to LEADER at term 1 for changeToLeader
2025-07-05 15:54:16,988 [11776e6b-d53e-4cdc-a879-730cb763d81d@group-A3EC0EDC4B3B-LeaderElection7] INFO  server.RaftServerConfigKeys (ConfUtils.java:logFallback(69)) - raft.server.staging.timeout = 15600ms (fallback to raft.server.rpc.timeout.max)
2025-07-05 15:54:16,988 [11776e6b-d53e-4cdc-a879-730cb763d81d@group-A3EC0EDC4B3B-LeaderElection7] INFO  server.RaftServerConfigKeys (ConfUtils.java:logGet(62)) - raft.server.write.byte-limit = 1024 M (=1073741824) (custom)
2025-07-05 15:54:16,990 [11776e6b-d53e-4cdc-a879-730cb763d81d@group-A3EC0EDC4B3B-LeaderElection7] INFO  server.RaftServerConfigKeys (ConfUtils.java:logGet(62)) - raft.server.log.appender.buffer.byte-limit = 33554432 (custom)
2025-07-05 15:54:16,991 [11776e6b-d53e-4cdc-a879-730cb763d81d@group-A3EC0EDC4B3B-LeaderElection7] INFO  server.RaftServerConfigKeys (ConfUtils.java:logGet(62)) - raft.server.log.appender.buffer.byte-limit = 33554432 (custom)
2025-07-05 15:54:16,991 [11776e6b-d53e-4cdc-a879-730cb763d81d@group-A3EC0EDC4B3B-LeaderElection7] INFO  impl.RoleInfo (RoleInfo.java:updateAndGet(148)) - 11776e6b-d53e-4cdc-a879-730cb763d81d: start 11776e6b-d53e-4cdc-a879-730cb763d81d@group-A3EC0EDC4B3B-LeaderStateImpl
2025-07-05 15:54:16,991 [11776e6b-d53e-4cdc-a879-730cb763d81d@group-A3EC0EDC4B3B-LeaderElection7] INFO  server.RaftServer$Division (RaftServerImpl.java:setFirstElection(576)) - 11776e6b-d53e-4cdc-a879-730cb763d81d@group-A3EC0EDC4B3B: set firstElectionSinceStartup to false for becomeLeader
2025-07-05 15:54:16,991 [11776e6b-d53e-4cdc-a879-730cb763d81d@group-A3EC0EDC4B3B-LeaderElection7] INFO  ratis.XceiverServerRatis (XceiverServerRatis.java:handleLeaderChangedNotification(944)) - Leader change notification received for group: group-A3EC0EDC4B3B with new leaderId: 11776e6b-d53e-4cdc-a879-730cb763d81d
2025-07-05 15:54:16,992 [11776e6b-d53e-4cdc-a879-730cb763d81d@group-A3EC0EDC4B3B-LeaderElection7] INFO  server.RaftServer$Division (ServerState.java:setLeader(272)) - 11776e6b-d53e-4cdc-a879-730cb763d81d@group-A3EC0EDC4B3B: change Leader from null to 11776e6b-d53e-4cdc-a879-730cb763d81d at term 1 for becomeLeader, leader elected after 1100ms
2025-07-05 15:54:16,992 [11776e6b-d53e-4cdc-a879-730cb763d81d@group-A3EC0EDC4B3B-LeaderElection7] INFO  segmented.SegmentedRaftLogWorker (SegmentedRaftLogWorker.java:startLogSegment(440)) - 11776e6b-d53e-4cdc-a879-730cb763d81d@group-A3EC0EDC4B3B-SegmentedRaftLogWorker: Starting segment from index:0
2025-07-05 15:54:16,993 [11776e6b-d53e-4cdc-a879-730cb763d81d@group-A3EC0EDC4B3B-LeaderElection7] INFO  server.RaftServer$Division (ServerState.java:setRaftConf(386)) - 11776e6b-d53e-4cdc-a879-730cb763d81d@group-A3EC0EDC4B3B: set configuration conf: {index: 0, cur=peers:[0584da7b-3980-4d20-b3ba-d97c117b17a2|127.0.0.1:15051, 11776e6b-d53e-4cdc-a879-730cb763d81d|127.0.0.1:15067, b30b3ffb-bc08-4f2c-b590-0aeed9816472|127.0.0.1:15059]|listeners:[], old=null}
2025-07-05 15:54:16,993 [scmNode-2-EventQueue-PipelineReportForOneReplicaPipelineSafeModeRule] INFO  safemode.SCMSafeModeManager (SCMSafeModeManager.java:validateSafeModeExitRules(138)) - AtleastOneDatanodeReportedRule rule is successfully validated
2025-07-05 15:54:16,993 [11776e6b-d53e-4cdc-a879-730cb763d81d@group-A3EC0EDC4B3B-SegmentedRaftLogWorker] INFO  segmented.BufferedWriteChannel (BufferedWriteChannel.java:open(61)) - open log_inprogress_0 at position 0
2025-07-05 15:54:16,995 [scmNode-3-EventQueue-PipelineReportForOneReplicaPipelineSafeModeRule] INFO  safemode.SCMSafeModeManager (SCMSafeModeManager.java:validateSafeModeExitRules(138)) - AtleastOneDatanodeReportedRule rule is successfully validated
2025-07-05 15:54:17,002 [2d344aaf-3adb-4590-a8db-0ff637af21a8@group-0EF9E94BB6A3-StateMachineUpdater] INFO  safemode.SCMSafeModeManager (SCMSafeModeManager.java:validateSafeModeExitRules(138)) - DataNodeSafeModeRule rule is successfully validated
2025-07-05 15:54:17,002 [2d344aaf-3adb-4590-a8db-0ff637af21a8@group-0EF9E94BB6A3-StateMachineUpdater] INFO  safemode.SCMSafeModeManager (SCMSafeModeManager.java:validateSafeModeExitRules(138)) - RatisContainerSafeModeRule rule is successfully validated
2025-07-05 15:54:17,002 [2d344aaf-3adb-4590-a8db-0ff637af21a8@group-0EF9E94BB6A3-StateMachineUpdater] INFO  safemode.HealthyPipelineSafeModeRule (HealthyPipelineSafeModeRule.java:initializeRule(228)) - Refreshed total pipeline count is 1, healthy pipeline threshold count is 1
2025-07-05 15:54:17,003 [2d344aaf-3adb-4590-a8db-0ff637af21a8@group-0EF9E94BB6A3-StateMachineUpdater] INFO  safemode.SCMSafeModeManager (SCMSafeModeManager.java:validateSafeModeExitRules(138)) - ECContainerSafeModeRule rule is successfully validated
2025-07-05 15:54:17,003 [2d344aaf-3adb-4590-a8db-0ff637af21a8@group-0EF9E94BB6A3-StateMachineUpdater] INFO  safemode.SCMSafeModeManager (SCMSafeModeManager.java:validateSafeModeExitRules(138)) - AtleastOneDatanodeReportedRule rule is successfully validated
2025-07-05 15:54:17,004 [e9f0a7df-dfca-4eba-a7d3-db47f637b57c@group-0EF9E94BB6A3-StateMachineUpdater] INFO  safemode.SCMSafeModeManager (SCMSafeModeManager.java:validateSafeModeExitRules(138)) - DataNodeSafeModeRule rule is successfully validated
2025-07-05 15:54:17,004 [e9f0a7df-dfca-4eba-a7d3-db47f637b57c@group-0EF9E94BB6A3-StateMachineUpdater] INFO  safemode.SCMSafeModeManager (SCMSafeModeManager.java:validateSafeModeExitRules(138)) - RatisContainerSafeModeRule rule is successfully validated
2025-07-05 15:54:17,004 [e9f0a7df-dfca-4eba-a7d3-db47f637b57c@group-0EF9E94BB6A3-StateMachineUpdater] INFO  safemode.HealthyPipelineSafeModeRule (HealthyPipelineSafeModeRule.java:initializeRule(228)) - Refreshed total pipeline count is 1, healthy pipeline threshold count is 1
2025-07-05 15:54:17,004 [e9f0a7df-dfca-4eba-a7d3-db47f637b57c@group-0EF9E94BB6A3-StateMachineUpdater] INFO  safemode.SCMSafeModeManager (SCMSafeModeManager.java:validateSafeModeExitRules(138)) - ECContainerSafeModeRule rule is successfully validated
2025-07-05 15:54:17,004 [e9f0a7df-dfca-4eba-a7d3-db47f637b57c@group-0EF9E94BB6A3-StateMachineUpdater] INFO  safemode.SCMSafeModeManager (SCMSafeModeManager.java:validateSafeModeExitRules(138)) - AtleastOneDatanodeReportedRule rule is successfully validated
2025-07-05 15:54:17,005 [scmNode-1-EventQueue-PipelineReportForPipelineReportHandler] INFO  pipeline.PipelineReportHandler (PipelineReportHandler.java:processPipelineReport(134)) - Opened pipeline Pipeline-0c5972bd-f91c-4346-a54b-a3ec0edc4b3b
2025-07-05 15:54:17,006 [11776e6b-d53e-4cdc-a879-730cb763d81d@group-A3EC0EDC4B3B-SegmentedRaftLogWorker] INFO  segmented.SegmentedRaftLogWorker (SegmentedRaftLogWorker.java:execute(647)) - 11776e6b-d53e-4cdc-a879-730cb763d81d@group-A3EC0EDC4B3B-SegmentedRaftLogWorker: created new log segment /home/runner/work/ozone/ozone/hadoop-ozone/integration-test/target/test-dir/MiniOzoneClusterImpl-ea17cf83-5a24-424f-8e3a-0ef9e94bb6a3/ozone-meta/datanode-3/ratis/0c5972bd-f91c-4346-a54b-a3ec0edc4b3b/current/log_inprogress_0
2025-07-05 15:54:17,007 [grpc-default-executor-4] INFO  ratis.XceiverServerRatis (XceiverServerRatis.java:handleLeaderChangedNotification(944)) - Leader change notification received for group: group-A3EC0EDC4B3B with new leaderId: 11776e6b-d53e-4cdc-a879-730cb763d81d
2025-07-05 15:54:17,007 [grpc-default-executor-4] INFO  server.RaftServer$Division (ServerState.java:setLeader(272)) - 0584da7b-3980-4d20-b3ba-d97c117b17a2@group-A3EC0EDC4B3B: change Leader from null to 11776e6b-d53e-4cdc-a879-730cb763d81d at term 1 for appendEntries, leader elected after 1173ms
2025-07-05 15:54:17,009 [grpc-default-executor-2] INFO  ratis.XceiverServerRatis (XceiverServerRatis.java:handleLeaderChangedNotification(944)) - Leader change notification received for group: group-A3EC0EDC4B3B with new leaderId: 11776e6b-d53e-4cdc-a879-730cb763d81d
2025-07-05 15:54:17,009 [grpc-default-executor-2] INFO  server.RaftServer$Division (ServerState.java:setLeader(272)) - b30b3ffb-bc08-4f2c-b590-0aeed9816472@group-A3EC0EDC4B3B: change Leader from null to 11776e6b-d53e-4cdc-a879-730cb763d81d at term 1 for appendEntries, leader elected after 1149ms
2025-07-05 15:54:17,010 [grpc-default-executor-0] INFO  server.RaftServer$Division (ServerState.java:setRaftConf(386)) - b30b3ffb-bc08-4f2c-b590-0aeed9816472@group-A3EC0EDC4B3B: set configuration conf: {index: 0, cur=peers:[0584da7b-3980-4d20-b3ba-d97c117b17a2|127.0.0.1:15051, 11776e6b-d53e-4cdc-a879-730cb763d81d|127.0.0.1:15067, b30b3ffb-bc08-4f2c-b590-0aeed9816472|127.0.0.1:15059]|listeners:[], old=null}
2025-07-05 15:54:17,010 [grpc-default-executor-0] INFO  segmented.SegmentedRaftLogWorker (SegmentedRaftLogWorker.java:startLogSegment(440)) - b30b3ffb-bc08-4f2c-b590-0aeed9816472@group-A3EC0EDC4B3B-SegmentedRaftLogWorker: Starting segment from index:0
2025-07-05 15:54:17,010 [grpc-default-executor-4] INFO  server.RaftServer$Division (ServerState.java:setRaftConf(386)) - 0584da7b-3980-4d20-b3ba-d97c117b17a2@group-A3EC0EDC4B3B: set configuration conf: {index: 0, cur=peers:[0584da7b-3980-4d20-b3ba-d97c117b17a2|127.0.0.1:15051, 11776e6b-d53e-4cdc-a879-730cb763d81d|127.0.0.1:15067, b30b3ffb-bc08-4f2c-b590-0aeed9816472|127.0.0.1:15059]|listeners:[], old=null}
2025-07-05 15:54:17,011 [grpc-default-executor-4] INFO  segmented.SegmentedRaftLogWorker (SegmentedRaftLogWorker.java:startLogSegment(440)) - 0584da7b-3980-4d20-b3ba-d97c117b17a2@group-A3EC0EDC4B3B-SegmentedRaftLogWorker: Starting segment from index:0
2025-07-05 15:54:17,011 [0584da7b-3980-4d20-b3ba-d97c117b17a2@group-A3EC0EDC4B3B-SegmentedRaftLogWorker] INFO  segmented.BufferedWriteChannel (BufferedWriteChannel.java:open(61)) - open log_inprogress_0 at position 0
2025-07-05 15:54:17,012 [b30b3ffb-bc08-4f2c-b590-0aeed9816472@group-A3EC0EDC4B3B-SegmentedRaftLogWorker] INFO  segmented.BufferedWriteChannel (BufferedWriteChannel.java:open(61)) - open log_inprogress_0 at position 0
2025-07-05 15:54:17,025 [0584da7b-3980-4d20-b3ba-d97c117b17a2@group-A3EC0EDC4B3B-SegmentedRaftLogWorker] INFO  segmented.SegmentedRaftLogWorker (SegmentedRaftLogWorker.java:execute(647)) - 0584da7b-3980-4d20-b3ba-d97c117b17a2@group-A3EC0EDC4B3B-SegmentedRaftLogWorker: created new log segment /home/runner/work/ozone/ozone/hadoop-ozone/integration-test/target/test-dir/MiniOzoneClusterImpl-ea17cf83-5a24-424f-8e3a-0ef9e94bb6a3/ozone-meta/datanode-1/ratis/0c5972bd-f91c-4346-a54b-a3ec0edc4b3b/current/log_inprogress_0
2025-07-05 15:54:17,026 [b30b3ffb-bc08-4f2c-b590-0aeed9816472@group-A3EC0EDC4B3B-SegmentedRaftLogWorker] INFO  segmented.SegmentedRaftLogWorker (SegmentedRaftLogWorker.java:execute(647)) - b30b3ffb-bc08-4f2c-b590-0aeed9816472@group-A3EC0EDC4B3B-SegmentedRaftLogWorker: created new log segment /home/runner/work/ozone/ozone/hadoop-ozone/integration-test/target/test-dir/MiniOzoneClusterImpl-ea17cf83-5a24-424f-8e3a-0ef9e94bb6a3/ozone-meta/datanode-2/ratis/0c5972bd-f91c-4346-a54b-a3ec0edc4b3b/current/log_inprogress_0
2025-07-05 15:54:17,028 [11776e6b-d53e-4cdc-a879-730cb763d81d@group-A3EC0EDC4B3B-StateMachineUpdater] INFO  server.RaftServer$Division (LeaderStateImpl.java:checkStartIndex(309)) - Leader 11776e6b-d53e-4cdc-a879-730cb763d81d@group-A3EC0EDC4B3B-LeaderStateImpl is ready since appliedIndex == startIndex == 0
2025-07-05 15:54:17,214 [main] INFO  ozone.MiniOzoneClusterImpl (MiniOzoneClusterImpl.java:lambda$waitForClusterToBeReady$0(173)) - Nodes are ready. Got 3 of 3 DN Heartbeats.
2025-07-05 15:54:17,214 [main] INFO  ozone.MiniOzoneClusterImpl (MiniOzoneClusterImpl.java:lambda$waitForClusterToBeReady$0(176)) - Cluster exits safe mode
2025-07-05 15:54:17,214 [main] INFO  ozone.MiniOzoneClusterImpl (MiniOzoneClusterImpl.java:lambda$waitForClusterToBeReady$0(178)) - SCM became leader
2025-07-05 15:54:17,430 [Socket Reader #2 for port 15042] INFO  ipc.Server (Server.java:saslProcess(2290)) - Auth successful for scm/localhost@EXAMPLE.COM (auth:KERBEROS) from 127.0.0.1:42589
2025-07-05 15:54:17,442 [b30b3ffb-bc08-4f2c-b590-0aeed9816472@group-4DA8DDD0326E-FollowerState] INFO  impl.FollowerState (FollowerState.java:runImpl(161)) - b30b3ffb-bc08-4f2c-b590-0aeed9816472@group-4DA8DDD0326E-FollowerState: change to CANDIDATE, lastRpcElapsedTime:1095024154ns, electionTimeout:1094ms
2025-07-05 15:54:17,442 [b30b3ffb-bc08-4f2c-b590-0aeed9816472@group-4DA8DDD0326E-FollowerState] INFO  impl.RoleInfo (RoleInfo.java:shutdownFollowerState(121)) - b30b3ffb-bc08-4f2c-b590-0aeed9816472: shutdown b30b3ffb-bc08-4f2c-b590-0aeed9816472@group-4DA8DDD0326E-FollowerState
2025-07-05 15:54:17,442 [b30b3ffb-bc08-4f2c-b590-0aeed9816472@group-4DA8DDD0326E-FollowerState] INFO  server.RaftServer$Division (RaftServerImpl.java:setRole(392)) - b30b3ffb-bc08-4f2c-b590-0aeed9816472@group-4DA8DDD0326E: changes role from  FOLLOWER to CANDIDATE at term 0 for changeToCandidate
2025-07-05 15:54:17,443 [b30b3ffb-bc08-4f2c-b590-0aeed9816472@group-4DA8DDD0326E-FollowerState] INFO  impl.RoleInfo (RoleInfo.java:updateAndGet(148)) - b30b3ffb-bc08-4f2c-b590-0aeed9816472: start b30b3ffb-bc08-4f2c-b590-0aeed9816472@group-4DA8DDD0326E-LeaderElection8
2025-07-05 15:54:17,443 [b30b3ffb-bc08-4f2c-b590-0aeed9816472@group-4DA8DDD0326E-LeaderElection8] INFO  impl.LeaderElection (LeaderElection.java:askForVotes(448)) - b30b3ffb-bc08-4f2c-b590-0aeed9816472@group-4DA8DDD0326E-LeaderElection8 PRE_VOTE round 0: submit vote requests at term 0 for conf: {index: -1, cur=peers:[b30b3ffb-bc08-4f2c-b590-0aeed9816472|127.0.0.1:15059]|listeners:[], old=null}
2025-07-05 15:54:17,443 [b30b3ffb-bc08-4f2c-b590-0aeed9816472@group-4DA8DDD0326E-LeaderElection8] INFO  impl.LeaderElection (LeaderElection.java:askForVotes(450)) - b30b3ffb-bc08-4f2c-b590-0aeed9816472@group-4DA8DDD0326E-LeaderElection8 PRE_VOTE round 0: result PASSED (term=0)
2025-07-05 15:54:17,445 [b30b3ffb-bc08-4f2c-b590-0aeed9816472@group-4DA8DDD0326E-LeaderElection8] INFO  impl.LeaderElection (LeaderElection.java:askForVotes(448)) - b30b3ffb-bc08-4f2c-b590-0aeed9816472@group-4DA8DDD0326E-LeaderElection8 ELECTION round 0: submit vote requests at term 1 for conf: {index: -1, cur=peers:[b30b3ffb-bc08-4f2c-b590-0aeed9816472|127.0.0.1:15059]|listeners:[], old=null}
2025-07-05 15:54:17,445 [b30b3ffb-bc08-4f2c-b590-0aeed9816472@group-4DA8DDD0326E-LeaderElection8] INFO  impl.LeaderElection (LeaderElection.java:askForVotes(450)) - b30b3ffb-bc08-4f2c-b590-0aeed9816472@group-4DA8DDD0326E-LeaderElection8 ELECTION round 0: result PASSED (term=1)
2025-07-05 15:54:17,445 [b30b3ffb-bc08-4f2c-b590-0aeed9816472@group-4DA8DDD0326E-LeaderElection8] INFO  impl.RoleInfo (RoleInfo.java:shutdownLeaderElection(141)) - b30b3ffb-bc08-4f2c-b590-0aeed9816472: shutdown b30b3ffb-bc08-4f2c-b590-0aeed9816472@group-4DA8DDD0326E-LeaderElection8
2025-07-05 15:54:17,445 [b30b3ffb-bc08-4f2c-b590-0aeed9816472@group-4DA8DDD0326E-LeaderElection8] INFO  server.RaftServer$Division (RaftServerImpl.java:setRole(392)) - b30b3ffb-bc08-4f2c-b590-0aeed9816472@group-4DA8DDD0326E: changes role from CANDIDATE to LEADER at term 1 for changeToLeader
2025-07-05 15:54:17,445 [b30b3ffb-bc08-4f2c-b590-0aeed9816472@group-4DA8DDD0326E-LeaderElection8] INFO  server.RaftServerConfigKeys (ConfUtils.java:logFallback(69)) - raft.server.staging.timeout = 15600ms (fallback to raft.server.rpc.timeout.max)
2025-07-05 15:54:17,445 [b30b3ffb-bc08-4f2c-b590-0aeed9816472@group-4DA8DDD0326E-LeaderElection8] INFO  server.RaftServerConfigKeys (ConfUtils.java:logGet(62)) - raft.server.write.byte-limit = 1024 M (=1073741824) (custom)
2025-07-05 15:54:17,446 [b30b3ffb-bc08-4f2c-b590-0aeed9816472@group-4DA8DDD0326E-LeaderElection8] INFO  impl.RoleInfo (RoleInfo.java:updateAndGet(148)) - b30b3ffb-bc08-4f2c-b590-0aeed9816472: start b30b3ffb-bc08-4f2c-b590-0aeed9816472@group-4DA8DDD0326E-LeaderStateImpl
2025-07-05 15:54:17,446 [b30b3ffb-bc08-4f2c-b590-0aeed9816472@group-4DA8DDD0326E-LeaderElection8] INFO  server.RaftServer$Division (RaftServerImpl.java:setFirstElection(576)) - b30b3ffb-bc08-4f2c-b590-0aeed9816472@group-4DA8DDD0326E: set firstElectionSinceStartup to false for becomeLeader
2025-07-05 15:54:17,446 [b30b3ffb-bc08-4f2c-b590-0aeed9816472@group-4DA8DDD0326E-LeaderElection8] INFO  ratis.XceiverServerRatis (XceiverServerRatis.java:handleLeaderChangedNotification(944)) - Leader change notification received for group: group-4DA8DDD0326E with new leaderId: b30b3ffb-bc08-4f2c-b590-0aeed9816472
2025-07-05 15:54:17,447 [b30b3ffb-bc08-4f2c-b590-0aeed9816472@group-4DA8DDD0326E-LeaderElection8] INFO  server.RaftServer$Division (ServerState.java:setLeader(272)) - b30b3ffb-bc08-4f2c-b590-0aeed9816472@group-4DA8DDD0326E: change Leader from null to b30b3ffb-bc08-4f2c-b590-0aeed9816472 at term 1 for becomeLeader, leader elected after 1119ms
2025-07-05 15:54:17,447 [b30b3ffb-bc08-4f2c-b590-0aeed9816472@group-4DA8DDD0326E-LeaderElection8] INFO  segmented.SegmentedRaftLogWorker (SegmentedRaftLogWorker.java:startLogSegment(440)) - b30b3ffb-bc08-4f2c-b590-0aeed9816472@group-4DA8DDD0326E-SegmentedRaftLogWorker: Starting segment from index:0
2025-07-05 15:54:17,447 [b30b3ffb-bc08-4f2c-b590-0aeed9816472@group-4DA8DDD0326E-SegmentedRaftLogWorker] INFO  segmented.BufferedWriteChannel (BufferedWriteChannel.java:open(61)) - open log_inprogress_0 at position 0
2025-07-05 15:54:17,449 [b30b3ffb-bc08-4f2c-b590-0aeed9816472@group-4DA8DDD0326E-LeaderElection8] INFO  server.RaftServer$Division (ServerState.java:setRaftConf(386)) - b30b3ffb-bc08-4f2c-b590-0aeed9816472@group-4DA8DDD0326E: set configuration conf: {index: 0, cur=peers:[b30b3ffb-bc08-4f2c-b590-0aeed9816472|127.0.0.1:15059]|listeners:[], old=null}
2025-07-05 15:54:17,453 [scmNode-2-EventQueue-OpenPipelineForHealthyPipelineSafeModeRule] INFO  safemode.SCMSafeModeManager (HealthyPipelineSafeModeRule.java:process(196)) - SCM in safe mode. Healthy pipelines reported count is 1, required healthy pipeline reported count is 1
2025-07-05 15:54:17,453 [scmNode-2-EventQueue-OpenPipelineForHealthyPipelineSafeModeRule] INFO  safemode.SCMSafeModeManager (SCMSafeModeManager.java:validateSafeModeExitRules(138)) - HealthyPipelineSafeModeRule rule is successfully validated
2025-07-05 15:54:17,454 [scmNode-2-EventQueue-OpenPipelineForHealthyPipelineSafeModeRule] INFO  safemode.SCMSafeModeManager (SCMSafeModeManager.java:validateSafeModeExitRules(158)) - ScmSafeModeManager, all rules are successfully validated
2025-07-05 15:54:17,454 [scmNode-2-EventQueue-OpenPipelineForHealthyPipelineSafeModeRule] INFO  safemode.SCMSafeModeManager (SCMSafeModeManager.java:validateSafeModeExitRules(159)) - SCM exiting safe mode.
2025-07-05 15:54:17,454 [scmNode-2-EventQueue-OpenPipelineForHealthyPipelineSafeModeRule] INFO  ha.SCMContext (SCMContext.java:updateSafeModeStatus(224)) - Update SafeModeStatus from SafeModeStatus{safeModeStatus=true, preCheckPassed=true} to SafeModeStatus{safeModeStatus=false, preCheckPassed=true}.
2025-07-05 15:54:17,454 [scmNode-3-EventQueue-PipelineReportForOneReplicaPipelineSafeModeRule] INFO  safemode.SCMSafeModeManager (SCMSafeModeManager.java:validateSafeModeExitRules(138)) - AtleastOneDatanodeReportedRule rule is successfully validated
2025-07-05 15:54:17,454 [scmNode-3-EventQueue-OpenPipelineForHealthyPipelineSafeModeRule] INFO  safemode.SCMSafeModeManager (HealthyPipelineSafeModeRule.java:process(196)) - SCM in safe mode. Healthy pipelines reported count is 1, required healthy pipeline reported count is 1
2025-07-05 15:54:17,454 [scmNode-3-EventQueue-OpenPipelineForHealthyPipelineSafeModeRule] INFO  safemode.SCMSafeModeManager (SCMSafeModeManager.java:validateSafeModeExitRules(138)) - HealthyPipelineSafeModeRule rule is successfully validated
2025-07-05 15:54:17,454 [scmNode-3-EventQueue-OpenPipelineForHealthyPipelineSafeModeRule] INFO  safemode.SCMSafeModeManager (SCMSafeModeManager.java:validateSafeModeExitRules(158)) - ScmSafeModeManager, all rules are successfully validated
2025-07-05 15:54:17,454 [scmNode-3-EventQueue-OpenPipelineForHealthyPipelineSafeModeRule] INFO  safemode.SCMSafeModeManager (SCMSafeModeManager.java:validateSafeModeExitRules(159)) - SCM exiting safe mode.
2025-07-05 15:54:17,454 [scmNode-3-EventQueue-OpenPipelineForHealthyPipelineSafeModeRule] INFO  ha.SCMContext (SCMContext.java:updateSafeModeStatus(224)) - Update SafeModeStatus from SafeModeStatus{safeModeStatus=true, preCheckPassed=true} to SafeModeStatus{safeModeStatus=false, preCheckPassed=true}.
2025-07-05 15:54:17,464 [b30b3ffb-bc08-4f2c-b590-0aeed9816472@group-4DA8DDD0326E-SegmentedRaftLogWorker] INFO  segmented.SegmentedRaftLogWorker (SegmentedRaftLogWorker.java:execute(647)) - b30b3ffb-bc08-4f2c-b590-0aeed9816472@group-4DA8DDD0326E-SegmentedRaftLogWorker: created new log segment /home/runner/work/ozone/ozone/hadoop-ozone/integration-test/target/test-dir/MiniOzoneClusterImpl-ea17cf83-5a24-424f-8e3a-0ef9e94bb6a3/ozone-meta/datanode-2/ratis/e5b71e1c-0cc1-4f0e-927a-4da8ddd0326e/current/log_inprogress_0
2025-07-05 15:54:17,470 [b30b3ffb-bc08-4f2c-b590-0aeed9816472@group-4DA8DDD0326E-StateMachineUpdater] INFO  server.RaftServer$Division (LeaderStateImpl.java:checkStartIndex(309)) - Leader b30b3ffb-bc08-4f2c-b590-0aeed9816472@group-4DA8DDD0326E-LeaderStateImpl is ready since appliedIndex == startIndex == 0
2025-07-05 15:54:17,628 [IPC Server handler 0 on default port 15042] INFO  ha.SCMNodeInfo (SCMNodeInfo.java:getPort(197)) - ConfigKey ozone.scm.client.address is deprecated, For configuring different ports for each SCM use PortConfigKey ozone.scm.client.port appended with serviceId and nodeId
2025-07-05 15:54:17,629 [IPC Server handler 0 on default port 15042] INFO  ha.SCMNodeInfo (SCMNodeInfo.java:getPort(197)) - ConfigKey ozone.scm.block.client.address is deprecated, For configuring different ports for each SCM use PortConfigKey ozone.scm.block.client.port appended with serviceId and nodeId
2025-07-05 15:54:17,629 [IPC Server handler 0 on default port 15042] INFO  ha.SCMNodeInfo (SCMNodeInfo.java:getPort(197)) - ConfigKey ozone.scm.security.service.address is deprecated, For configuring different ports for each SCM use PortConfigKey ozone.scm.security.service.port appended with serviceId and nodeId
2025-07-05 15:54:17,629 [IPC Server handler 0 on default port 15042] INFO  ha.SCMNodeInfo (SCMNodeInfo.java:getPort(197)) - ConfigKey ozone.scm.datanode.address is deprecated, For configuring different ports for each SCM use PortConfigKey ozone.scm.datanode.port appended with serviceId and nodeId
2025-07-05 15:54:17,629 [IPC Server handler 0 on default port 15042] INFO  ha.SCMNodeInfo (SCMNodeInfo.java:getPort(197)) - ConfigKey ozone.scm.client.address is deprecated, For configuring different ports for each SCM use PortConfigKey ozone.scm.client.port appended with serviceId and nodeId
2025-07-05 15:54:17,629 [IPC Server handler 0 on default port 15042] INFO  ha.SCMNodeInfo (SCMNodeInfo.java:getPort(197)) - ConfigKey ozone.scm.block.client.address is deprecated, For configuring different ports for each SCM use PortConfigKey ozone.scm.block.client.port appended with serviceId and nodeId
2025-07-05 15:54:17,629 [IPC Server handler 0 on default port 15042] INFO  ha.SCMNodeInfo (SCMNodeInfo.java:getPort(197)) - ConfigKey ozone.scm.security.service.address is deprecated, For configuring different ports for each SCM use PortConfigKey ozone.scm.security.service.port appended with serviceId and nodeId
2025-07-05 15:54:17,629 [IPC Server handler 0 on default port 15042] INFO  ha.SCMNodeInfo (SCMNodeInfo.java:getPort(197)) - ConfigKey ozone.scm.datanode.address is deprecated, For configuring different ports for each SCM use PortConfigKey ozone.scm.datanode.port appended with serviceId and nodeId
2025-07-05 15:54:17,629 [IPC Server handler 0 on default port 15042] INFO  ha.SCMNodeInfo (SCMNodeInfo.java:getPort(197)) - ConfigKey ozone.scm.client.address is deprecated, For configuring different ports for each SCM use PortConfigKey ozone.scm.client.port appended with serviceId and nodeId
2025-07-05 15:54:17,629 [IPC Server handler 0 on default port 15042] INFO  ha.SCMNodeInfo (SCMNodeInfo.java:getPort(197)) - ConfigKey ozone.scm.block.client.address is deprecated, For configuring different ports for each SCM use PortConfigKey ozone.scm.block.client.port appended with serviceId and nodeId
2025-07-05 15:54:17,629 [IPC Server handler 0 on default port 15042] INFO  ha.SCMNodeInfo (SCMNodeInfo.java:getPort(197)) - ConfigKey ozone.scm.security.service.address is deprecated, For configuring different ports for each SCM use PortConfigKey ozone.scm.security.service.port appended with serviceId and nodeId
2025-07-05 15:54:17,630 [IPC Server handler 0 on default port 15042] INFO  ha.SCMNodeInfo (SCMNodeInfo.java:getPort(197)) - ConfigKey ozone.scm.datanode.address is deprecated, For configuring different ports for each SCM use PortConfigKey ozone.scm.datanode.port appended with serviceId and nodeId
2025-07-05 15:54:17,643 [main] INFO  client.SCMCertificateClient (DefaultCertificateClient.java:getAllCaCerts(979)) - scm/sub-ca has 1 CA certificates
2025-07-05 15:54:17,643 [main] INFO  client.SCMCertificateClient (DefaultCertificateClient.java:getAllRootCaCerts(971)) - scm/sub-ca has 0 Root CA certificates
2025-07-05 15:54:17,644 [main] WARN  statemachine.DatanodeConfiguration (DatanodeConfiguration.java:validateMinFreeSpace(751)) - hdds.datanode.volume.min.free.space.percent = -1.0 is invalid, should be between 0 and 1
2025-07-05 15:54:17,655 [main] INFO  rpc.RpcClient (RpcClient.java:createVolume(461)) - Creating Volume: 3a8034b4-596c-4152-80a5-7c1e4b915a0a, with scm as owner and space quota set to -1 bytes, counts quota set to -1
2025-07-05 15:54:17,670 [om1-OMStateMachineApplyTransactionThread - 0] WARN  helpers.OzoneAclUtil (OzoneAclUtil.java:getDefaultAclList(68)) - Failed to get primary group from user scm (auth:SIMPLE)
2025-07-05 15:54:17,672 [om1-OMStateMachineApplyTransactionThread - 0] INFO  volume.OMVolumeCreateRequest (OMVolumeCreateRequest.java:validateAndUpdateCache(203)) - created volume:3a8034b4-596c-4152-80a5-7c1e4b915a0a for user:scm
2025-07-05 15:54:17,683 [main] INFO  rpc.RpcClient (RpcClient.java:createBucket(686)) - Creating Bucket: 3a8034b4-596c-4152-80a5-7c1e4b915a0a/7ee2830f-513f-4f12-a652-7a322ade0832, with server-side default bucket layout, scm as owner, Versioning false, Storage Type set to DISK and Encryption set to false, Replication Type set to server-side default replication type, Namespace Quota set to -1, Space Quota set to -1 
2025-07-05 15:54:17,691 [om1-OMStateMachineApplyTransactionThread - 0] WARN  helpers.OzoneAclUtil (OzoneAclUtil.java:getDefaultAclList(68)) - Failed to get primary group from user scm/localhost@EXAMPLE.COM (auth:SIMPLE)
2025-07-05 15:54:17,693 [om1-OMStateMachineApplyTransactionThread - 0] INFO  bucket.OMBucketCreateRequest (OMBucketCreateRequest.java:validateAndUpdateCache(292)) - created bucket: 7ee2830f-513f-4f12-a652-7a322ade0832 of layout FILE_SYSTEM_OPTIMIZED in volume: 3a8034b4-596c-4152-80a5-7c1e4b915a0a
2025-07-05 15:54:17,745 [IPC Server handler 5 on default port 15007] INFO  ha.SequenceIdGenerator (SequenceIdGenerator.java:getNextId(135)) - Allocate a batch for containerId, change lastId from 0 to 1000.
2025-07-05 15:54:17,760 [d608cca7-8f6c-485f-afd6-2c7e3558bc9e@group-0EF9E94BB6A3-StateMachineUpdater] WARN  ha.SequenceIdGenerator (SequenceIdGenerator.java:allocateBatch(248)) - Failed to allocate a batch for localId, expected lastId is 0, actual lastId is 115816896921600000.
2025-07-05 15:54:17,763 [2d344aaf-3adb-4590-a8db-0ff637af21a8@group-0EF9E94BB6A3-StateMachineUpdater] WARN  ha.SequenceIdGenerator (SequenceIdGenerator.java:allocateBatch(248)) - Failed to allocate a batch for localId, expected lastId is 0, actual lastId is 115816896921600000.
2025-07-05 15:54:17,764 [e9f0a7df-dfca-4eba-a7d3-db47f637b57c@group-0EF9E94BB6A3-StateMachineUpdater] WARN  ha.SequenceIdGenerator (SequenceIdGenerator.java:allocateBatch(248)) - Failed to allocate a batch for localId, expected lastId is 0, actual lastId is 115816896921600000.
2025-07-05 15:54:17,765 [IPC Server handler 5 on default port 15007] INFO  ha.SequenceIdGenerator (SequenceIdGenerator.java:getNextId(135)) - Allocate a batch for localId, change lastId from 115816896921600000 to 115816896921601000.
2025-07-05 15:54:17,793 [om1-OMStateMachineApplyTransactionThread - 0] WARN  helpers.OzoneAclUtil (OzoneAclUtil.java:getDefaultAclList(68)) - Failed to get primary group from user scm/localhost@EXAMPLE.COM (auth:SIMPLE)
2025-07-05 15:54:17,832 [main] INFO  impl.MetricsSystemImpl (MetricsSystemImpl.java:init(158)) - XceiverClientMetrics metrics system started (again)
2025-07-05 15:54:17,856 [11776e6b-d53e-4cdc-a879-730cb763d81d@group-B8AD940D291B-FollowerState] INFO  impl.FollowerState (FollowerState.java:runImpl(161)) - 11776e6b-d53e-4cdc-a879-730cb763d81d@group-B8AD940D291B-FollowerState: change to CANDIDATE, lastRpcElapsedTime:1110058848ns, electionTimeout:1108ms
2025-07-05 15:54:17,856 [11776e6b-d53e-4cdc-a879-730cb763d81d@group-B8AD940D291B-FollowerState] INFO  impl.RoleInfo (RoleInfo.java:shutdownFollowerState(121)) - 11776e6b-d53e-4cdc-a879-730cb763d81d: shutdown 11776e6b-d53e-4cdc-a879-730cb763d81d@group-B8AD940D291B-FollowerState
2025-07-05 15:54:17,856 [11776e6b-d53e-4cdc-a879-730cb763d81d@group-B8AD940D291B-FollowerState] INFO  server.RaftServer$Division (RaftServerImpl.java:setRole(392)) - 11776e6b-d53e-4cdc-a879-730cb763d81d@group-B8AD940D291B: changes role from  FOLLOWER to CANDIDATE at term 0 for changeToCandidate
2025-07-05 15:54:17,856 [11776e6b-d53e-4cdc-a879-730cb763d81d@group-B8AD940D291B-FollowerState] INFO  impl.RoleInfo (RoleInfo.java:updateAndGet(148)) - 11776e6b-d53e-4cdc-a879-730cb763d81d: start 11776e6b-d53e-4cdc-a879-730cb763d81d@group-B8AD940D291B-LeaderElection9
2025-07-05 15:54:17,857 [11776e6b-d53e-4cdc-a879-730cb763d81d@group-B8AD940D291B-LeaderElection9] INFO  impl.LeaderElection (LeaderElection.java:askForVotes(448)) - 11776e6b-d53e-4cdc-a879-730cb763d81d@group-B8AD940D291B-LeaderElection9 PRE_VOTE round 0: submit vote requests at term 0 for conf: {index: -1, cur=peers:[11776e6b-d53e-4cdc-a879-730cb763d81d|127.0.0.1:15067]|listeners:[], old=null}
2025-07-05 15:54:17,858 [11776e6b-d53e-4cdc-a879-730cb763d81d@group-B8AD940D291B-LeaderElection9] INFO  impl.LeaderElection (LeaderElection.java:askForVotes(450)) - 11776e6b-d53e-4cdc-a879-730cb763d81d@group-B8AD940D291B-LeaderElection9 PRE_VOTE round 0: result PASSED (term=0)
2025-07-05 15:54:17,863 [11776e6b-d53e-4cdc-a879-730cb763d81d@group-B8AD940D291B-LeaderElection9] INFO  impl.LeaderElection (LeaderElection.java:askForVotes(448)) - 11776e6b-d53e-4cdc-a879-730cb763d81d@group-B8AD940D291B-LeaderElection9 ELECTION round 0: submit vote requests at term 1 for conf: {index: -1, cur=peers:[11776e6b-d53e-4cdc-a879-730cb763d81d|127.0.0.1:15067]|listeners:[], old=null}
2025-07-05 15:54:17,863 [11776e6b-d53e-4cdc-a879-730cb763d81d@group-B8AD940D291B-LeaderElection9] INFO  impl.LeaderElection (LeaderElection.java:askForVotes(450)) - 11776e6b-d53e-4cdc-a879-730cb763d81d@group-B8AD940D291B-LeaderElection9 ELECTION round 0: result PASSED (term=1)
2025-07-05 15:54:17,863 [11776e6b-d53e-4cdc-a879-730cb763d81d@group-B8AD940D291B-LeaderElection9] INFO  impl.RoleInfo (RoleInfo.java:shutdownLeaderElection(141)) - 11776e6b-d53e-4cdc-a879-730cb763d81d: shutdown 11776e6b-d53e-4cdc-a879-730cb763d81d@group-B8AD940D291B-LeaderElection9
2025-07-05 15:54:17,863 [11776e6b-d53e-4cdc-a879-730cb763d81d@group-B8AD940D291B-LeaderElection9] INFO  server.RaftServer$Division (RaftServerImpl.java:setRole(392)) - 11776e6b-d53e-4cdc-a879-730cb763d81d@group-B8AD940D291B: changes role from CANDIDATE to LEADER at term 1 for changeToLeader
2025-07-05 15:54:17,863 [11776e6b-d53e-4cdc-a879-730cb763d81d@group-B8AD940D291B-LeaderElection9] INFO  server.RaftServerConfigKeys (ConfUtils.java:logFallback(69)) - raft.server.staging.timeout = 15600ms (fallback to raft.server.rpc.timeout.max)
2025-07-05 15:54:17,864 [11776e6b-d53e-4cdc-a879-730cb763d81d@group-B8AD940D291B-LeaderElection9] INFO  server.RaftServerConfigKeys (ConfUtils.java:logGet(62)) - raft.server.write.byte-limit = 1024 M (=1073741824) (custom)
2025-07-05 15:54:17,865 [11776e6b-d53e-4cdc-a879-730cb763d81d@group-B8AD940D291B-LeaderElection9] INFO  impl.RoleInfo (RoleInfo.java:updateAndGet(148)) - 11776e6b-d53e-4cdc-a879-730cb763d81d: start 11776e6b-d53e-4cdc-a879-730cb763d81d@group-B8AD940D291B-LeaderStateImpl
2025-07-05 15:54:17,865 [11776e6b-d53e-4cdc-a879-730cb763d81d@group-B8AD940D291B-LeaderElection9] INFO  server.RaftServer$Division (RaftServerImpl.java:setFirstElection(576)) - 11776e6b-d53e-4cdc-a879-730cb763d81d@group-B8AD940D291B: set firstElectionSinceStartup to false for becomeLeader
2025-07-05 15:54:17,865 [11776e6b-d53e-4cdc-a879-730cb763d81d@group-B8AD940D291B-LeaderElection9] INFO  ratis.XceiverServerRatis (XceiverServerRatis.java:handleLeaderChangedNotification(944)) - Leader change notification received for group: group-B8AD940D291B with new leaderId: 11776e6b-d53e-4cdc-a879-730cb763d81d
2025-07-05 15:54:17,867 [11776e6b-d53e-4cdc-a879-730cb763d81d@group-B8AD940D291B-LeaderElection9] INFO  server.RaftServer$Division (ServerState.java:setLeader(272)) - 11776e6b-d53e-4cdc-a879-730cb763d81d@group-B8AD940D291B: change Leader from null to 11776e6b-d53e-4cdc-a879-730cb763d81d at term 1 for becomeLeader, leader elected after 1155ms
2025-07-05 15:54:17,867 [11776e6b-d53e-4cdc-a879-730cb763d81d@group-B8AD940D291B-LeaderElection9] INFO  segmented.SegmentedRaftLogWorker (SegmentedRaftLogWorker.java:startLogSegment(440)) - 11776e6b-d53e-4cdc-a879-730cb763d81d@group-B8AD940D291B-SegmentedRaftLogWorker: Starting segment from index:0
2025-07-05 15:54:17,868 [11776e6b-d53e-4cdc-a879-730cb763d81d@group-B8AD940D291B-SegmentedRaftLogWorker] INFO  segmented.BufferedWriteChannel (BufferedWriteChannel.java:open(61)) - open log_inprogress_0 at position 0
2025-07-05 15:54:17,868 [11776e6b-d53e-4cdc-a879-730cb763d81d@group-B8AD940D291B-LeaderElection9] INFO  server.RaftServer$Division (ServerState.java:setRaftConf(386)) - 11776e6b-d53e-4cdc-a879-730cb763d81d@group-B8AD940D291B: set configuration conf: {index: 0, cur=peers:[11776e6b-d53e-4cdc-a879-730cb763d81d|127.0.0.1:15067]|listeners:[], old=null}
2025-07-05 15:54:17,879 [11776e6b-d53e-4cdc-a879-730cb763d81d@group-B8AD940D291B-SegmentedRaftLogWorker] INFO  segmented.SegmentedRaftLogWorker (SegmentedRaftLogWorker.java:execute(647)) - 11776e6b-d53e-4cdc-a879-730cb763d81d@group-B8AD940D291B-SegmentedRaftLogWorker: created new log segment /home/runner/work/ozone/ozone/hadoop-ozone/integration-test/target/test-dir/MiniOzoneClusterImpl-ea17cf83-5a24-424f-8e3a-0ef9e94bb6a3/ozone-meta/datanode-3/ratis/5fa96600-efc1-4562-8f57-b8ad940d291b/current/log_inprogress_0
2025-07-05 15:54:17,882 [11776e6b-d53e-4cdc-a879-730cb763d81d@group-B8AD940D291B-StateMachineUpdater] INFO  server.RaftServer$Division (LeaderStateImpl.java:checkStartIndex(309)) - Leader 11776e6b-d53e-4cdc-a879-730cb763d81d@group-B8AD940D291B-LeaderStateImpl is ready since appliedIndex == startIndex == 0
2025-07-05 15:54:17,943 [11776e6b-d53e-4cdc-a879-730cb763d81d-client-thread1] INFO  symmetric.DefaultSecretKeyVerifierClient (DefaultSecretKeyVerifierClient.java:load(71)) - Secret key fetched from SCM: SecretKey(id = d68e803d-24ae-4d18-af54-e13ef808b648, creation at: 2025-07-05T15:53:53.915Z, expire at: 2025-07-05T16:02:13.915Z)
2025-07-05 15:54:17,963 [0584da7b-3980-4d20-b3ba-d97c117b17a2-ChunkWriter-1-0] WARN  statemachine.DatanodeConfiguration (DatanodeConfiguration.java:validateMinFreeSpace(751)) - hdds.datanode.volume.min.free.space.percent = -1.0 is invalid, should be between 0 and 1
2025-07-05 15:54:17,963 [11776e6b-d53e-4cdc-a879-730cb763d81d-ChunkWriter-1-0] WARN  statemachine.DatanodeConfiguration (DatanodeConfiguration.java:validateMinFreeSpace(751)) - hdds.datanode.volume.min.free.space.percent = -1.0 is invalid, should be between 0 and 1
2025-07-05 15:54:17,963 [b30b3ffb-bc08-4f2c-b590-0aeed9816472-ChunkWriter-1-0] WARN  statemachine.DatanodeConfiguration (DatanodeConfiguration.java:validateMinFreeSpace(751)) - hdds.datanode.volume.min.free.space.percent = -1.0 is invalid, should be between 0 and 1
2025-07-05 15:54:17,964 [0584da7b-3980-4d20-b3ba-d97c117b17a2-ChunkWriter-1-0] WARN  statemachine.DatanodeConfiguration (DatanodeConfiguration.java:validateMinFreeSpace(751)) - hdds.datanode.volume.min.free.space.percent = -1.0 is invalid, should be between 0 and 1
2025-07-05 15:54:17,965 [b30b3ffb-bc08-4f2c-b590-0aeed9816472-ChunkWriter-1-0] WARN  statemachine.DatanodeConfiguration (DatanodeConfiguration.java:validateMinFreeSpace(751)) - hdds.datanode.volume.min.free.space.percent = -1.0 is invalid, should be between 0 and 1
2025-07-05 15:54:17,965 [11776e6b-d53e-4cdc-a879-730cb763d81d-ChunkWriter-1-0] WARN  statemachine.DatanodeConfiguration (DatanodeConfiguration.java:validateMinFreeSpace(751)) - hdds.datanode.volume.min.free.space.percent = -1.0 is invalid, should be between 0 and 1
2025-07-05 15:54:18,198 [Socket Reader #2 for port 15005] INFO  ipc.Server (Server.java:saslProcess(2290)) - Auth successful for scm/localhost@EXAMPLE.COM (auth:KERBEROS) from 127.0.0.1:44977
2025-07-05 15:54:18,336 [scmNode-1-EventQueue-CloseContainerForCloseContainerEventHandler] INFO  container.CloseContainerEventHandler (CloseContainerEventHandler.java:onMessage(88)) - Close container Event triggered for container : #1, current state: OPEN
2025-07-05 15:54:18,351 [scmNode-1-EventQueue-CloseContainerForCloseContainerEventHandler] INFO  container.CloseContainerEventHandler (CloseContainerEventHandler.java:onMessage(88)) - Close container Event triggered for container : #1, current state: CLOSING
2025-07-05 15:54:18,352 [scmNode-1-EventQueue-CloseContainerForCloseContainerEventHandler] INFO  container.CloseContainerEventHandler (CloseContainerEventHandler.java:onMessage(88)) - Close container Event triggered for container : #1, current state: CLOSING
2025-07-05 15:54:21,021 [b30b3ffb-bc08-4f2c-b590-0aeed9816472-CloseContainerThread-0] WARN  keyvalue.KeyValueHandler (KeyValueHandler.java:updateAndGetContainerChecksum(1451)) - Container data checksum updated from 0 to cdb3b6f6
2025-07-05 15:54:21,021 [11776e6b-d53e-4cdc-a879-730cb763d81d-CloseContainerThread-0] WARN  keyvalue.KeyValueHandler (KeyValueHandler.java:updateAndGetContainerChecksum(1451)) - Container data checksum updated from 0 to cdb3b6f6
2025-07-05 15:54:21,023 [b30b3ffb-bc08-4f2c-b590-0aeed9816472-CloseContainerThread-0] INFO  commandhandler.CloseContainerCommandHandler (CloseContainerCommandHandler.java:lambda$handle$0(154)) - Follower cannot close container #1.
2025-07-05 15:54:21,034 [11776e6b-d53e-4cdc-a879-730cb763d81d-ContainerOp-0c5972bd-f91c-4346-a54b-a3ec0edc4b3b-2] INFO  keyvalue.KeyValueContainer (KeyValueContainer.java:flushAndSyncDB(514)) - Synced container: KeyValueContainerData #1 (CLOSING, non-empty, ri=0, origin=[dn_11776e6b-d53e-4cdc-a879-730cb763d81d, pipeline_0c5972bd-f91c-4346-a54b-a3ec0edc4b3b])
2025-07-05 15:54:21,035 [11776e6b-d53e-4cdc-a879-730cb763d81d-ContainerOp-0c5972bd-f91c-4346-a54b-a3ec0edc4b3b-2] INFO  keyvalue.KeyValueContainer (KeyValueContainer.java:flushAndSyncDB(514)) - Synced container: KeyValueContainerData #1 (CLOSING, non-empty, ri=0, origin=[dn_11776e6b-d53e-4cdc-a879-730cb763d81d, pipeline_0c5972bd-f91c-4346-a54b-a3ec0edc4b3b])
2025-07-05 15:54:21,044 [11776e6b-d53e-4cdc-a879-730cb763d81d-ContainerOp-0c5972bd-f91c-4346-a54b-a3ec0edc4b3b-2] INFO  keyvalue.KeyValueContainer (KeyValueContainer.java:close(430)) - Closed container: KeyValueContainerData #1 (CLOSED, non-empty, ri=0, origin=[dn_11776e6b-d53e-4cdc-a879-730cb763d81d, pipeline_0c5972bd-f91c-4346-a54b-a3ec0edc4b3b])
2025-07-05 15:54:21,044 [b30b3ffb-bc08-4f2c-b590-0aeed9816472-ContainerOp-0c5972bd-f91c-4346-a54b-a3ec0edc4b3b-2] INFO  keyvalue.KeyValueContainer (KeyValueContainer.java:flushAndSyncDB(514)) - Synced container: KeyValueContainerData #1 (CLOSING, non-empty, ri=0, origin=[dn_b30b3ffb-bc08-4f2c-b590-0aeed9816472, pipeline_0c5972bd-f91c-4346-a54b-a3ec0edc4b3b])
2025-07-05 15:54:21,045 [b30b3ffb-bc08-4f2c-b590-0aeed9816472-ContainerOp-0c5972bd-f91c-4346-a54b-a3ec0edc4b3b-2] INFO  keyvalue.KeyValueContainer (KeyValueContainer.java:flushAndSyncDB(514)) - Synced container: KeyValueContainerData #1 (CLOSING, non-empty, ri=0, origin=[dn_b30b3ffb-bc08-4f2c-b590-0aeed9816472, pipeline_0c5972bd-f91c-4346-a54b-a3ec0edc4b3b])
2025-07-05 15:54:21,045 [0584da7b-3980-4d20-b3ba-d97c117b17a2-ContainerOp-0c5972bd-f91c-4346-a54b-a3ec0edc4b3b-2] WARN  keyvalue.KeyValueHandler (KeyValueHandler.java:updateAndGetContainerChecksum(1451)) - Container data checksum updated from 0 to cdb3b6f6
2025-07-05 15:54:21,047 [scmNode-2-FixedThreadPoolWithAffinityExecutor-0-0] INFO  container.IncrementalContainerReportHandler (AbstractContainerReportHandler.java:updateContainerState(289)) - CLOSE Container #1 (CLOSING, sid=2) r0 (CLOSED, bcsid=2, origin=11776e6b-d53e-4cdc-a879-730cb763d81d, non-empty) from dn 11776e6b-d53e-4cdc-a879-730cb763d81d(localhost/127.0.0.1)
2025-07-05 15:54:21,047 [0584da7b-3980-4d20-b3ba-d97c117b17a2-ContainerOp-0c5972bd-f91c-4346-a54b-a3ec0edc4b3b-2] INFO  keyvalue.KeyValueContainer (KeyValueContainer.java:flushAndSyncDB(514)) - Synced container: KeyValueContainerData #1 (CLOSING, non-empty, ri=0, origin=[dn_0584da7b-3980-4d20-b3ba-d97c117b17a2, pipeline_0c5972bd-f91c-4346-a54b-a3ec0edc4b3b])
2025-07-05 15:54:21,047 [0584da7b-3980-4d20-b3ba-d97c117b17a2-ContainerOp-0c5972bd-f91c-4346-a54b-a3ec0edc4b3b-2] INFO  keyvalue.KeyValueContainer (KeyValueContainer.java:flushAndSyncDB(514)) - Synced container: KeyValueContainerData #1 (CLOSING, non-empty, ri=0, origin=[dn_0584da7b-3980-4d20-b3ba-d97c117b17a2, pipeline_0c5972bd-f91c-4346-a54b-a3ec0edc4b3b])
2025-07-05 15:54:21,047 [scmNode-3-FixedThreadPoolWithAffinityExecutor-0-0] INFO  container.IncrementalContainerReportHandler (AbstractContainerReportHandler.java:updateContainerState(289)) - CLOSE Container #1 (CLOSING, sid=2) r0 (CLOSED, bcsid=2, origin=11776e6b-d53e-4cdc-a879-730cb763d81d, non-empty) from dn 11776e6b-d53e-4cdc-a879-730cb763d81d(localhost/127.0.0.1)
2025-07-05 15:54:21,048 [scmNode-3-FixedThreadPoolWithAffinityExecutor-0-0] INFO  container.IncrementalContainerReportHandler (IncrementalContainerReportHandler.java:processICR(116)) - SCM_NOT_LEADER: Failed to process Container #1 (CLOSING, sid=2) r0 (CLOSED, bcsid=2, origin=11776e6b-d53e-4cdc-a879-730cb763d81d, non-empty) from dn 11776e6b-d53e-4cdc-a879-730cb763d81d(localhost/127.0.0.1)
2025-07-05 15:54:21,048 [scmNode-2-FixedThreadPoolWithAffinityExecutor-0-0] INFO  container.IncrementalContainerReportHandler (IncrementalContainerReportHandler.java:processICR(116)) - SCM_NOT_LEADER: Failed to process Container #1 (CLOSING, sid=2) r0 (CLOSED, bcsid=2, origin=11776e6b-d53e-4cdc-a879-730cb763d81d, non-empty) from dn 11776e6b-d53e-4cdc-a879-730cb763d81d(localhost/127.0.0.1)
2025-07-05 15:54:21,051 [scmNode-1-FixedThreadPoolWithAffinityExecutor-0-0] INFO  container.IncrementalContainerReportHandler (AbstractContainerReportHandler.java:updateContainerState(289)) - CLOSE Container #1 (CLOSING, sid=2) r0 (CLOSED, bcsid=2, origin=11776e6b-d53e-4cdc-a879-730cb763d81d, non-empty) from dn 11776e6b-d53e-4cdc-a879-730cb763d81d(localhost/127.0.0.1)
2025-07-05 15:54:21,054 [0584da7b-3980-4d20-b3ba-d97c117b17a2-ContainerOp-0c5972bd-f91c-4346-a54b-a3ec0edc4b3b-2] INFO  keyvalue.KeyValueContainer (KeyValueContainer.java:close(430)) - Closed container: KeyValueContainerData #1 (CLOSED, non-empty, ri=0, origin=[dn_0584da7b-3980-4d20-b3ba-d97c117b17a2, pipeline_0c5972bd-f91c-4346-a54b-a3ec0edc4b3b])
2025-07-05 15:54:21,055 [scmNode-3-FixedThreadPoolWithAffinityExecutor-1-0] INFO  container.IncrementalContainerReportHandler (AbstractContainerReportHandler.java:updateContainerState(289)) - CLOSE Container #1 (CLOSING, sid=2) r0 (CLOSED, bcsid=2, origin=0584da7b-3980-4d20-b3ba-d97c117b17a2, non-empty) from dn 0584da7b-3980-4d20-b3ba-d97c117b17a2(localhost/127.0.0.1)
2025-07-05 15:54:21,056 [scmNode-3-FixedThreadPoolWithAffinityExecutor-1-0] INFO  container.IncrementalContainerReportHandler (IncrementalContainerReportHandler.java:processICR(116)) - SCM_NOT_LEADER: Failed to process Container #1 (CLOSING, sid=2) r0 (CLOSED, bcsid=2, origin=0584da7b-3980-4d20-b3ba-d97c117b17a2, non-empty) from dn 0584da7b-3980-4d20-b3ba-d97c117b17a2(localhost/127.0.0.1)
2025-07-05 15:54:21,057 [scmNode-2-FixedThreadPoolWithAffinityExecutor-1-0] INFO  container.IncrementalContainerReportHandler (AbstractContainerReportHandler.java:updateContainerState(289)) - CLOSE Container #1 (CLOSING, sid=2) r0 (CLOSED, bcsid=2, origin=0584da7b-3980-4d20-b3ba-d97c117b17a2, non-empty) from dn 0584da7b-3980-4d20-b3ba-d97c117b17a2(localhost/127.0.0.1)
2025-07-05 15:54:21,058 [scmNode-2-FixedThreadPoolWithAffinityExecutor-1-0] INFO  container.IncrementalContainerReportHandler (IncrementalContainerReportHandler.java:processICR(116)) - SCM_NOT_LEADER: Failed to process Container #1 (CLOSING, sid=2) r0 (CLOSED, bcsid=2, origin=0584da7b-3980-4d20-b3ba-d97c117b17a2, non-empty) from dn 0584da7b-3980-4d20-b3ba-d97c117b17a2(localhost/127.0.0.1)
2025-07-05 15:54:21,059 [b30b3ffb-bc08-4f2c-b590-0aeed9816472-ContainerOp-0c5972bd-f91c-4346-a54b-a3ec0edc4b3b-2] INFO  keyvalue.KeyValueContainer (KeyValueContainer.java:close(430)) - Closed container: KeyValueContainerData #1 (CLOSED, non-empty, ri=0, origin=[dn_b30b3ffb-bc08-4f2c-b590-0aeed9816472, pipeline_0c5972bd-f91c-4346-a54b-a3ec0edc4b3b])
2025-07-05 15:54:21,060 [scmNode-3-FixedThreadPoolWithAffinityExecutor-9-0] INFO  container.IncrementalContainerReportHandler (AbstractContainerReportHandler.java:updateContainerState(289)) - CLOSE Container #1 (CLOSING, sid=2) r0 (CLOSED, bcsid=2, origin=b30b3ffb-bc08-4f2c-b590-0aeed9816472, non-empty) from dn b30b3ffb-bc08-4f2c-b590-0aeed9816472(localhost/127.0.0.1)
2025-07-05 15:54:21,060 [scmNode-2-FixedThreadPoolWithAffinityExecutor-9-0] INFO  container.IncrementalContainerReportHandler (AbstractContainerReportHandler.java:updateContainerState(289)) - CLOSE Container #1 (CLOSING, sid=2) r0 (CLOSED, bcsid=2, origin=b30b3ffb-bc08-4f2c-b590-0aeed9816472, non-empty) from dn b30b3ffb-bc08-4f2c-b590-0aeed9816472(localhost/127.0.0.1)
2025-07-05 15:54:21,061 [scmNode-2-FixedThreadPoolWithAffinityExecutor-9-0] INFO  container.IncrementalContainerReportHandler (IncrementalContainerReportHandler.java:processICR(116)) - SCM_NOT_LEADER: Failed to process Container #1 (CLOSING, sid=2) r0 (CLOSED, bcsid=2, origin=b30b3ffb-bc08-4f2c-b590-0aeed9816472, non-empty) from dn b30b3ffb-bc08-4f2c-b590-0aeed9816472(localhost/127.0.0.1)
2025-07-05 15:54:21,061 [scmNode-3-FixedThreadPoolWithAffinityExecutor-9-0] INFO  container.IncrementalContainerReportHandler (IncrementalContainerReportHandler.java:processICR(116)) - SCM_NOT_LEADER: Failed to process Container #1 (CLOSING, sid=2) r0 (CLOSED, bcsid=2, origin=b30b3ffb-bc08-4f2c-b590-0aeed9816472, non-empty) from dn b30b3ffb-bc08-4f2c-b590-0aeed9816472(localhost/127.0.0.1)
2025-07-05 15:54:22,047 [scmNode-2-FixedThreadPoolWithAffinityExecutor-0-0] INFO  container.ContainerReportHandler (AbstractContainerReportHandler.java:updateContainerState(289)) - CLOSE Container #1 (CLOSING, sid=2) r0 (CLOSED, bcsid=2, origin=11776e6b-d53e-4cdc-a879-730cb763d81d, non-empty) from dn 11776e6b-d53e-4cdc-a879-730cb763d81d(localhost/127.0.0.1)
2025-07-05 15:54:22,047 [scmNode-3-FixedThreadPoolWithAffinityExecutor-0-0] INFO  container.ContainerReportHandler (AbstractContainerReportHandler.java:updateContainerState(289)) - CLOSE Container #1 (CLOSING, sid=2) r0 (CLOSED, bcsid=2, origin=11776e6b-d53e-4cdc-a879-730cb763d81d, non-empty) from dn 11776e6b-d53e-4cdc-a879-730cb763d81d(localhost/127.0.0.1)
2025-07-05 15:54:22,048 [scmNode-2-FixedThreadPoolWithAffinityExecutor-0-0] ERROR container.ContainerReportHandler (ContainerReportHandler.java:processSingleReplica(231)) - Failed to process Container #1 (CLOSING, sid=2) r0 (CLOSED, bcsid=2, origin=11776e6b-d53e-4cdc-a879-730cb763d81d, non-empty) from dn 11776e6b-d53e-4cdc-a879-730cb763d81d(localhost/127.0.0.1)
org.apache.hadoop.hdds.scm.exceptions.SCMException: org.apache.ratis.protocol.exceptions.NotLeaderException: Server 2d344aaf-3adb-4590-a8db-0ff637af21a8@group-0EF9E94BB6A3 is not the leader, suggested leader is: d608cca7-8f6c-485f-afd6-2c7e3558bc9e|localhost:15003
	at org.apache.hadoop.hdds.scm.ha.SCMHAInvocationHandler.translateException(SCMHAInvocationHandler.java:163)
	at org.apache.hadoop.hdds.scm.ha.SCMHAInvocationHandler.invokeRatis(SCMHAInvocationHandler.java:113)
	at org.apache.hadoop.hdds.scm.ha.SCMHAInvocationHandler.invoke(SCMHAInvocationHandler.java:72)
	at jdk.proxy2/jdk.proxy2.$Proxy48.updateContainerState(Unknown Source)
	at org.apache.hadoop.hdds.scm.container.ContainerManagerImpl.updateContainerState(ContainerManagerImpl.java:284)
	at org.apache.hadoop.hdds.scm.container.AbstractContainerReportHandler.updateContainerState(AbstractContainerReportHandler.java:290)
	at org.apache.hadoop.hdds.scm.container.AbstractContainerReportHandler.processContainerReplica(AbstractContainerReportHandler.java:115)
	at org.apache.hadoop.hdds.scm.container.ContainerReportHandler.processSingleReplica(ContainerReportHandler.java:229)
	at org.apache.hadoop.hdds.scm.container.ContainerReportHandler.onMessage(ContainerReportHandler.java:181)
	at org.apache.hadoop.hdds.scm.container.ContainerReportHandler.onMessage(ContainerReportHandler.java:44)
	at org.apache.hadoop.hdds.server.events.FixedThreadPoolWithAffinityExecutor$ContainerReportProcessTask.run(FixedThreadPoolWithAffinityExecutor.java:257)
	at java.base/java.util.concurrent.Executors$RunnableAdapter.call(Executors.java:572)
	at java.base/java.util.concurrent.FutureTask.run(FutureTask.java:317)
	at java.base/java.util.concurrent.ThreadPoolExecutor.runWorker(ThreadPoolExecutor.java:1144)
	at java.base/java.util.concurrent.ThreadPoolExecutor$Worker.run(ThreadPoolExecutor.java:642)
	at java.base/java.lang.Thread.run(Thread.java:1583)
Caused by: org.apache.ratis.protocol.exceptions.NotLeaderException: Server 2d344aaf-3adb-4590-a8db-0ff637af21a8@group-0EF9E94BB6A3 is not the leader, suggested leader is: d608cca7-8f6c-485f-afd6-2c7e3558bc9e|localhost:15003
	at org.apache.ratis.server.impl.RaftServerImpl.generateNotLeaderException(RaftServerImpl.java:804)
	at org.apache.ratis.server.impl.RaftServerImpl.checkLeaderState(RaftServerImpl.java:769)
	at org.apache.ratis.server.impl.RaftServerImpl.checkLeaderState(RaftServerImpl.java:755)
	at org.apache.ratis.server.impl.RaftServerImpl.writeAsyncImpl(RaftServerImpl.java:972)
	at org.apache.ratis.server.impl.RaftServerImpl.writeAsync(RaftServerImpl.java:960)
	at org.apache.ratis.server.impl.RaftServerImpl.replyFuture(RaftServerImpl.java:953)
	at org.apache.ratis.server.impl.RaftServerImpl.submitClientRequestAsync(RaftServerImpl.java:930)
	at org.apache.ratis.server.impl.RaftServerImpl.lambda$null$11(RaftServerImpl.java:919)
	at org.apache.ratis.util.JavaUtils.callAsUnchecked(JavaUtils.java:118)
	at org.apache.ratis.server.impl.RaftServerImpl.lambda$executeSubmitClientRequestAsync$12(RaftServerImpl.java:919)
	at java.base/java.util.concurrent.CompletableFuture$AsyncSupply.run(CompletableFuture.java:1768)
	... 3 more
2025-07-05 15:54:22,048 [scmNode-3-FixedThreadPoolWithAffinityExecutor-0-0] ERROR container.ContainerReportHandler (ContainerReportHandler.java:processSingleReplica(231)) - Failed to process Container #1 (CLOSING, sid=2) r0 (CLOSED, bcsid=2, origin=11776e6b-d53e-4cdc-a879-730cb763d81d, non-empty) from dn 11776e6b-d53e-4cdc-a879-730cb763d81d(localhost/127.0.0.1)
org.apache.hadoop.hdds.scm.exceptions.SCMException: org.apache.ratis.protocol.exceptions.NotLeaderException: Server e9f0a7df-dfca-4eba-a7d3-db47f637b57c@group-0EF9E94BB6A3 is not the leader, suggested leader is: d608cca7-8f6c-485f-afd6-2c7e3558bc9e|localhost:15003
	at org.apache.hadoop.hdds.scm.ha.SCMHAInvocationHandler.translateException(SCMHAInvocationHandler.java:163)
	at org.apache.hadoop.hdds.scm.ha.SCMHAInvocationHandler.invokeRatis(SCMHAInvocationHandler.java:113)
	at org.apache.hadoop.hdds.scm.ha.SCMHAInvocationHandler.invoke(SCMHAInvocationHandler.java:72)
	at jdk.proxy2/jdk.proxy2.$Proxy48.updateContainerState(Unknown Source)
	at org.apache.hadoop.hdds.scm.container.ContainerManagerImpl.updateContainerState(ContainerManagerImpl.java:284)
	at org.apache.hadoop.hdds.scm.container.AbstractContainerReportHandler.updateContainerState(AbstractContainerReportHandler.java:290)
	at org.apache.hadoop.hdds.scm.container.AbstractContainerReportHandler.processContainerReplica(AbstractContainerReportHandler.java:115)
	at org.apache.hadoop.hdds.scm.container.ContainerReportHandler.processSingleReplica(ContainerReportHandler.java:229)
	at org.apache.hadoop.hdds.scm.container.ContainerReportHandler.onMessage(ContainerReportHandler.java:181)
	at org.apache.hadoop.hdds.scm.container.ContainerReportHandler.onMessage(ContainerReportHandler.java:44)
	at org.apache.hadoop.hdds.server.events.FixedThreadPoolWithAffinityExecutor$ContainerReportProcessTask.run(FixedThreadPoolWithAffinityExecutor.java:257)
	at java.base/java.util.concurrent.Executors$RunnableAdapter.call(Executors.java:572)
	at java.base/java.util.concurrent.FutureTask.run(FutureTask.java:317)
	at java.base/java.util.concurrent.ThreadPoolExecutor.runWorker(ThreadPoolExecutor.java:1144)
	at java.base/java.util.concurrent.ThreadPoolExecutor$Worker.run(ThreadPoolExecutor.java:642)
	at java.base/java.lang.Thread.run(Thread.java:1583)
Caused by: org.apache.ratis.protocol.exceptions.NotLeaderException: Server e9f0a7df-dfca-4eba-a7d3-db47f637b57c@group-0EF9E94BB6A3 is not the leader, suggested leader is: d608cca7-8f6c-485f-afd6-2c7e3558bc9e|localhost:15003
	at org.apache.ratis.server.impl.RaftServerImpl.generateNotLeaderException(RaftServerImpl.java:804)
	at org.apache.ratis.server.impl.RaftServerImpl.checkLeaderState(RaftServerImpl.java:769)
	at org.apache.ratis.server.impl.RaftServerImpl.checkLeaderState(RaftServerImpl.java:755)
	at org.apache.ratis.server.impl.RaftServerImpl.writeAsyncImpl(RaftServerImpl.java:972)
	at org.apache.ratis.server.impl.RaftServerImpl.writeAsync(RaftServerImpl.java:960)
	at org.apache.ratis.server.impl.RaftServerImpl.replyFuture(RaftServerImpl.java:953)
	at org.apache.ratis.server.impl.RaftServerImpl.submitClientRequestAsync(RaftServerImpl.java:930)
	at org.apache.ratis.server.impl.RaftServerImpl.lambda$null$11(RaftServerImpl.java:919)
	at org.apache.ratis.util.JavaUtils.callAsUnchecked(JavaUtils.java:118)
	at org.apache.ratis.server.impl.RaftServerImpl.lambda$executeSubmitClientRequestAsync$12(RaftServerImpl.java:919)
	at java.base/java.util.concurrent.CompletableFuture$AsyncSupply.run(CompletableFuture.java:1768)
	... 3 more
]]></system-out>
  </testcase>
  <testcase name="testGetCorruptChecksumInfo" classname="org.apache.hadoop.ozone.dn.checksum.TestContainerCommandReconciliation" time="7.086">
    <system-out><![CDATA[2025-07-05 15:54:23,886 [main] INFO  rpc.RpcClient (RpcClient.java:createVolume(461)) - Creating Volume: 5f971eea-4434-459a-8402-148792d9ca3f, with scm as owner and space quota set to -1 bytes, counts quota set to -1
2025-07-05 15:54:23,890 [om1-OMStateMachineApplyTransactionThread - 0] WARN  helpers.OzoneAclUtil (OzoneAclUtil.java:getDefaultAclList(68)) - Failed to get primary group from user scm (auth:SIMPLE)
2025-07-05 15:54:23,891 [om1-OMStateMachineApplyTransactionThread - 0] INFO  volume.OMVolumeCreateRequest (OMVolumeCreateRequest.java:validateAndUpdateCache(203)) - created volume:5f971eea-4434-459a-8402-148792d9ca3f for user:scm
2025-07-05 15:54:23,895 [main] INFO  rpc.RpcClient (RpcClient.java:createBucket(686)) - Creating Bucket: 5f971eea-4434-459a-8402-148792d9ca3f/01fb7d59-268b-4eea-b074-e2cbd5366351, with server-side default bucket layout, scm as owner, Versioning false, Storage Type set to DISK and Encryption set to false, Replication Type set to server-side default replication type, Namespace Quota set to -1, Space Quota set to -1 
2025-07-05 15:54:23,898 [om1-OMStateMachineApplyTransactionThread - 0] WARN  helpers.OzoneAclUtil (OzoneAclUtil.java:getDefaultAclList(68)) - Failed to get primary group from user scm/localhost@EXAMPLE.COM (auth:SIMPLE)
2025-07-05 15:54:23,898 [om1-OMStateMachineApplyTransactionThread - 0] INFO  bucket.OMBucketCreateRequest (OMBucketCreateRequest.java:validateAndUpdateCache(292)) - created bucket: 01fb7d59-268b-4eea-b074-e2cbd5366351 of layout FILE_SYSTEM_OPTIMIZED in volume: 5f971eea-4434-459a-8402-148792d9ca3f
2025-07-05 15:54:23,914 [om1-OMStateMachineApplyTransactionThread - 0] WARN  helpers.OzoneAclUtil (OzoneAclUtil.java:getDefaultAclList(68)) - Failed to get primary group from user scm/localhost@EXAMPLE.COM (auth:SIMPLE)
2025-07-05 15:54:23,922 [11776e6b-d53e-4cdc-a879-730cb763d81d-ChunkWriter-2-0] WARN  statemachine.DatanodeConfiguration (DatanodeConfiguration.java:validateMinFreeSpace(751)) - hdds.datanode.volume.min.free.space.percent = -1.0 is invalid, should be between 0 and 1
2025-07-05 15:54:23,923 [11776e6b-d53e-4cdc-a879-730cb763d81d-ChunkWriter-2-0] WARN  statemachine.DatanodeConfiguration (DatanodeConfiguration.java:validateMinFreeSpace(751)) - hdds.datanode.volume.min.free.space.percent = -1.0 is invalid, should be between 0 and 1
2025-07-05 15:54:23,924 [0584da7b-3980-4d20-b3ba-d97c117b17a2-ChunkWriter-2-0] WARN  statemachine.DatanodeConfiguration (DatanodeConfiguration.java:validateMinFreeSpace(751)) - hdds.datanode.volume.min.free.space.percent = -1.0 is invalid, should be between 0 and 1
2025-07-05 15:54:23,925 [0584da7b-3980-4d20-b3ba-d97c117b17a2-ChunkWriter-2-0] WARN  statemachine.DatanodeConfiguration (DatanodeConfiguration.java:validateMinFreeSpace(751)) - hdds.datanode.volume.min.free.space.percent = -1.0 is invalid, should be between 0 and 1
2025-07-05 15:54:23,925 [b30b3ffb-bc08-4f2c-b590-0aeed9816472-ChunkWriter-2-0] WARN  statemachine.DatanodeConfiguration (DatanodeConfiguration.java:validateMinFreeSpace(751)) - hdds.datanode.volume.min.free.space.percent = -1.0 is invalid, should be between 0 and 1
2025-07-05 15:54:23,925 [b30b3ffb-bc08-4f2c-b590-0aeed9816472-ChunkWriter-2-0] WARN  statemachine.DatanodeConfiguration (DatanodeConfiguration.java:validateMinFreeSpace(751)) - hdds.datanode.volume.min.free.space.percent = -1.0 is invalid, should be between 0 and 1
2025-07-05 15:54:23,932 [scmNode-2-FixedThreadPoolWithAffinityExecutor-0-0] WARN  container.IncrementalContainerReportHandler (IncrementalContainerReportHandler.java:processICR(109)) - Container not found: Container #2 (NOT_FOUND) r0 (OPEN, bcsid=0, origin=11776e6b-d53e-4cdc-a879-730cb763d81d, non-empty) from dn 11776e6b-d53e-4cdc-a879-730cb763d81d(localhost/127.0.0.1)
2025-07-05 15:54:23,934 [scmNode-3-FixedThreadPoolWithAffinityExecutor-0-0] WARN  container.IncrementalContainerReportHandler (IncrementalContainerReportHandler.java:processICR(109)) - Container not found: Container #2 (NOT_FOUND) r0 (OPEN, bcsid=0, origin=11776e6b-d53e-4cdc-a879-730cb763d81d, non-empty) from dn 11776e6b-d53e-4cdc-a879-730cb763d81d(localhost/127.0.0.1)
2025-07-05 15:54:23,936 [scmNode-3-FixedThreadPoolWithAffinityExecutor-9-0] WARN  container.IncrementalContainerReportHandler (IncrementalContainerReportHandler.java:processICR(109)) - Container not found: Container #2 (NOT_FOUND) r0 (OPEN, bcsid=0, origin=b30b3ffb-bc08-4f2c-b590-0aeed9816472, non-empty) from dn b30b3ffb-bc08-4f2c-b590-0aeed9816472(localhost/127.0.0.1)
2025-07-05 15:54:23,937 [scmNode-2-FixedThreadPoolWithAffinityExecutor-9-0] WARN  container.IncrementalContainerReportHandler (IncrementalContainerReportHandler.java:processICR(109)) - Container not found: Container #2 (NOT_FOUND) r0 (OPEN, bcsid=0, origin=b30b3ffb-bc08-4f2c-b590-0aeed9816472, non-empty) from dn b30b3ffb-bc08-4f2c-b590-0aeed9816472(localhost/127.0.0.1)
2025-07-05 15:54:23,940 [scmNode-2-FixedThreadPoolWithAffinityExecutor-1-0] WARN  container.IncrementalContainerReportHandler (IncrementalContainerReportHandler.java:processICR(109)) - Container not found: Container #2 (NOT_FOUND) r0 (OPEN, bcsid=0, origin=0584da7b-3980-4d20-b3ba-d97c117b17a2, non-empty) from dn 0584da7b-3980-4d20-b3ba-d97c117b17a2(localhost/127.0.0.1)
2025-07-05 15:54:23,941 [scmNode-3-FixedThreadPoolWithAffinityExecutor-1-0] WARN  container.IncrementalContainerReportHandler (IncrementalContainerReportHandler.java:processICR(109)) - Container not found: Container #2 (NOT_FOUND) r0 (OPEN, bcsid=0, origin=0584da7b-3980-4d20-b3ba-d97c117b17a2, non-empty) from dn 0584da7b-3980-4d20-b3ba-d97c117b17a2(localhost/127.0.0.1)
2025-07-05 15:54:23,959 [scmNode-1-EventQueue-CloseContainerForCloseContainerEventHandler] INFO  container.CloseContainerEventHandler (CloseContainerEventHandler.java:onMessage(88)) - Close container Event triggered for container : #2, current state: OPEN
2025-07-05 15:54:23,963 [scmNode-1-EventQueue-CloseContainerForCloseContainerEventHandler] INFO  container.CloseContainerEventHandler (CloseContainerEventHandler.java:onMessage(88)) - Close container Event triggered for container : #2, current state: CLOSING
2025-07-05 15:54:23,963 [scmNode-1-EventQueue-CloseContainerForCloseContainerEventHandler] INFO  container.CloseContainerEventHandler (CloseContainerEventHandler.java:onMessage(88)) - Close container Event triggered for container : #2, current state: CLOSING
2025-07-05 15:54:26,945 [0584da7b-3980-4d20-b3ba-d97c117b17a2-CloseContainerThread-1] WARN  keyvalue.KeyValueHandler (KeyValueHandler.java:updateAndGetContainerChecksum(1451)) - Container data checksum updated from 0 to e7d25596
2025-07-05 15:54:26,945 [0584da7b-3980-4d20-b3ba-d97c117b17a2-CloseContainerThread-1] INFO  commandhandler.CloseContainerCommandHandler (CloseContainerCommandHandler.java:lambda$handle$0(154)) - Follower cannot close container #2.
2025-07-05 15:54:27,939 [11776e6b-d53e-4cdc-a879-730cb763d81d-CloseContainerThread-1] WARN  keyvalue.KeyValueHandler (KeyValueHandler.java:updateAndGetContainerChecksum(1451)) - Container data checksum updated from 0 to e7d25596
2025-07-05 15:54:27,942 [b30b3ffb-bc08-4f2c-b590-0aeed9816472-CloseContainerThread-1] WARN  keyvalue.KeyValueHandler (KeyValueHandler.java:updateAndGetContainerChecksum(1451)) - Container data checksum updated from 0 to e7d25596
2025-07-05 15:54:27,945 [b30b3ffb-bc08-4f2c-b590-0aeed9816472-CloseContainerThread-1] INFO  commandhandler.CloseContainerCommandHandler (CloseContainerCommandHandler.java:lambda$handle$0(154)) - Follower cannot close container #2.
2025-07-05 15:54:27,952 [11776e6b-d53e-4cdc-a879-730cb763d81d-ContainerOp-0c5972bd-f91c-4346-a54b-a3ec0edc4b3b-5] INFO  keyvalue.KeyValueContainer (KeyValueContainer.java:flushAndSyncDB(514)) - Synced container: KeyValueContainerData #2 (CLOSING, non-empty, ri=0, origin=[dn_11776e6b-d53e-4cdc-a879-730cb763d81d, pipeline_0c5972bd-f91c-4346-a54b-a3ec0edc4b3b])
2025-07-05 15:54:27,953 [11776e6b-d53e-4cdc-a879-730cb763d81d-ContainerOp-0c5972bd-f91c-4346-a54b-a3ec0edc4b3b-5] INFO  keyvalue.KeyValueContainer (KeyValueContainer.java:flushAndSyncDB(514)) - Synced container: KeyValueContainerData #2 (CLOSING, non-empty, ri=0, origin=[dn_11776e6b-d53e-4cdc-a879-730cb763d81d, pipeline_0c5972bd-f91c-4346-a54b-a3ec0edc4b3b])
2025-07-05 15:54:27,955 [b30b3ffb-bc08-4f2c-b590-0aeed9816472-ContainerOp-0c5972bd-f91c-4346-a54b-a3ec0edc4b3b-5] INFO  keyvalue.KeyValueContainer (KeyValueContainer.java:flushAndSyncDB(514)) - Synced container: KeyValueContainerData #2 (CLOSING, non-empty, ri=0, origin=[dn_b30b3ffb-bc08-4f2c-b590-0aeed9816472, pipeline_0c5972bd-f91c-4346-a54b-a3ec0edc4b3b])
2025-07-05 15:54:27,956 [b30b3ffb-bc08-4f2c-b590-0aeed9816472-ContainerOp-0c5972bd-f91c-4346-a54b-a3ec0edc4b3b-5] INFO  keyvalue.KeyValueContainer (KeyValueContainer.java:flushAndSyncDB(514)) - Synced container: KeyValueContainerData #2 (CLOSING, non-empty, ri=0, origin=[dn_b30b3ffb-bc08-4f2c-b590-0aeed9816472, pipeline_0c5972bd-f91c-4346-a54b-a3ec0edc4b3b])
2025-07-05 15:54:27,956 [0584da7b-3980-4d20-b3ba-d97c117b17a2-ContainerOp-0c5972bd-f91c-4346-a54b-a3ec0edc4b3b-5] INFO  keyvalue.KeyValueContainer (KeyValueContainer.java:flushAndSyncDB(514)) - Synced container: KeyValueContainerData #2 (CLOSING, non-empty, ri=0, origin=[dn_0584da7b-3980-4d20-b3ba-d97c117b17a2, pipeline_0c5972bd-f91c-4346-a54b-a3ec0edc4b3b])
2025-07-05 15:54:27,958 [0584da7b-3980-4d20-b3ba-d97c117b17a2-ContainerOp-0c5972bd-f91c-4346-a54b-a3ec0edc4b3b-5] INFO  keyvalue.KeyValueContainer (KeyValueContainer.java:flushAndSyncDB(514)) - Synced container: KeyValueContainerData #2 (CLOSING, non-empty, ri=0, origin=[dn_0584da7b-3980-4d20-b3ba-d97c117b17a2, pipeline_0c5972bd-f91c-4346-a54b-a3ec0edc4b3b])
2025-07-05 15:54:27,963 [11776e6b-d53e-4cdc-a879-730cb763d81d-ContainerOp-0c5972bd-f91c-4346-a54b-a3ec0edc4b3b-5] INFO  keyvalue.KeyValueContainer (KeyValueContainer.java:close(430)) - Closed container: KeyValueContainerData #2 (CLOSED, non-empty, ri=0, origin=[dn_11776e6b-d53e-4cdc-a879-730cb763d81d, pipeline_0c5972bd-f91c-4346-a54b-a3ec0edc4b3b])
2025-07-05 15:54:27,964 [b30b3ffb-bc08-4f2c-b590-0aeed9816472-ContainerOp-0c5972bd-f91c-4346-a54b-a3ec0edc4b3b-5] INFO  keyvalue.KeyValueContainer (KeyValueContainer.java:close(430)) - Closed container: KeyValueContainerData #2 (CLOSED, non-empty, ri=0, origin=[dn_b30b3ffb-bc08-4f2c-b590-0aeed9816472, pipeline_0c5972bd-f91c-4346-a54b-a3ec0edc4b3b])
2025-07-05 15:54:27,966 [scmNode-3-FixedThreadPoolWithAffinityExecutor-0-0] INFO  container.IncrementalContainerReportHandler (AbstractContainerReportHandler.java:updateContainerState(289)) - CLOSE Container #2 (CLOSING, sid=8) r0 (CLOSED, bcsid=8, origin=11776e6b-d53e-4cdc-a879-730cb763d81d, non-empty) from dn 11776e6b-d53e-4cdc-a879-730cb763d81d(localhost/127.0.0.1)
2025-07-05 15:54:27,966 [scmNode-2-FixedThreadPoolWithAffinityExecutor-9-0] INFO  container.IncrementalContainerReportHandler (AbstractContainerReportHandler.java:updateContainerState(289)) - CLOSE Container #2 (CLOSING, sid=8) r0 (CLOSED, bcsid=8, origin=b30b3ffb-bc08-4f2c-b590-0aeed9816472, non-empty) from dn b30b3ffb-bc08-4f2c-b590-0aeed9816472(localhost/127.0.0.1)
2025-07-05 15:54:27,968 [scmNode-1-FixedThreadPoolWithAffinityExecutor-9-0] INFO  container.IncrementalContainerReportHandler (AbstractContainerReportHandler.java:updateContainerState(289)) - CLOSE Container #2 (CLOSING, sid=8) r0 (CLOSED, bcsid=8, origin=b30b3ffb-bc08-4f2c-b590-0aeed9816472, non-empty) from dn b30b3ffb-bc08-4f2c-b590-0aeed9816472(localhost/127.0.0.1)
2025-07-05 15:54:27,969 [scmNode-2-FixedThreadPoolWithAffinityExecutor-0-0] INFO  container.IncrementalContainerReportHandler (AbstractContainerReportHandler.java:updateContainerState(289)) - CLOSE Container #2 (CLOSING, sid=8) r0 (CLOSED, bcsid=8, origin=11776e6b-d53e-4cdc-a879-730cb763d81d, non-empty) from dn 11776e6b-d53e-4cdc-a879-730cb763d81d(localhost/127.0.0.1)
2025-07-05 15:54:27,969 [scmNode-2-FixedThreadPoolWithAffinityExecutor-9-0] INFO  container.IncrementalContainerReportHandler (IncrementalContainerReportHandler.java:processICR(116)) - SCM_NOT_LEADER: Failed to process Container #2 (CLOSING, sid=8) r0 (CLOSED, bcsid=8, origin=b30b3ffb-bc08-4f2c-b590-0aeed9816472, non-empty) from dn b30b3ffb-bc08-4f2c-b590-0aeed9816472(localhost/127.0.0.1)
2025-07-05 15:54:27,970 [scmNode-2-FixedThreadPoolWithAffinityExecutor-0-0] INFO  container.IncrementalContainerReportHandler (IncrementalContainerReportHandler.java:processICR(116)) - SCM_NOT_LEADER: Failed to process Container #2 (CLOSING, sid=8) r0 (CLOSED, bcsid=8, origin=11776e6b-d53e-4cdc-a879-730cb763d81d, non-empty) from dn 11776e6b-d53e-4cdc-a879-730cb763d81d(localhost/127.0.0.1)
2025-07-05 15:54:27,971 [0584da7b-3980-4d20-b3ba-d97c117b17a2-ContainerOp-0c5972bd-f91c-4346-a54b-a3ec0edc4b3b-5] INFO  keyvalue.KeyValueContainer (KeyValueContainer.java:close(430)) - Closed container: KeyValueContainerData #2 (CLOSED, non-empty, ri=0, origin=[dn_0584da7b-3980-4d20-b3ba-d97c117b17a2, pipeline_0c5972bd-f91c-4346-a54b-a3ec0edc4b3b])
2025-07-05 15:54:27,971 [scmNode-3-FixedThreadPoolWithAffinityExecutor-0-0] INFO  container.IncrementalContainerReportHandler (IncrementalContainerReportHandler.java:processICR(116)) - SCM_NOT_LEADER: Failed to process Container #2 (CLOSING, sid=8) r0 (CLOSED, bcsid=8, origin=11776e6b-d53e-4cdc-a879-730cb763d81d, non-empty) from dn 11776e6b-d53e-4cdc-a879-730cb763d81d(localhost/127.0.0.1)
2025-07-05 15:54:27,971 [scmNode-3-FixedThreadPoolWithAffinityExecutor-9-0] INFO  container.IncrementalContainerReportHandler (AbstractContainerReportHandler.java:updateContainerState(289)) - CLOSE Container #2 (CLOSING, sid=8) r0 (CLOSED, bcsid=8, origin=b30b3ffb-bc08-4f2c-b590-0aeed9816472, non-empty) from dn b30b3ffb-bc08-4f2c-b590-0aeed9816472(localhost/127.0.0.1)
2025-07-05 15:54:27,972 [scmNode-3-FixedThreadPoolWithAffinityExecutor-9-0] INFO  container.IncrementalContainerReportHandler (IncrementalContainerReportHandler.java:processICR(116)) - SCM_NOT_LEADER: Failed to process Container #2 (CLOSING, sid=8) r0 (CLOSED, bcsid=8, origin=b30b3ffb-bc08-4f2c-b590-0aeed9816472, non-empty) from dn b30b3ffb-bc08-4f2c-b590-0aeed9816472(localhost/127.0.0.1)
2025-07-05 15:54:27,974 [scmNode-3-FixedThreadPoolWithAffinityExecutor-1-0] INFO  container.ContainerReportHandler (AbstractContainerReportHandler.java:updateContainerState(289)) - CLOSE Container #2 (CLOSING, sid=8) r0 (CLOSED, bcsid=8, origin=0584da7b-3980-4d20-b3ba-d97c117b17a2, non-empty) from dn 0584da7b-3980-4d20-b3ba-d97c117b17a2(localhost/127.0.0.1)
2025-07-05 15:54:27,975 [scmNode-2-FixedThreadPoolWithAffinityExecutor-1-0] INFO  container.ContainerReportHandler (AbstractContainerReportHandler.java:updateContainerState(289)) - CLOSE Container #2 (CLOSING, sid=8) r0 (CLOSED, bcsid=8, origin=0584da7b-3980-4d20-b3ba-d97c117b17a2, non-empty) from dn 0584da7b-3980-4d20-b3ba-d97c117b17a2(localhost/127.0.0.1)
2025-07-05 15:54:27,976 [scmNode-2-FixedThreadPoolWithAffinityExecutor-1-0] ERROR container.ContainerReportHandler (ContainerReportHandler.java:processSingleReplica(231)) - Failed to process Container #2 (CLOSING, sid=8) r0 (CLOSED, bcsid=8, origin=0584da7b-3980-4d20-b3ba-d97c117b17a2, non-empty) from dn 0584da7b-3980-4d20-b3ba-d97c117b17a2(localhost/127.0.0.1)
org.apache.hadoop.hdds.scm.exceptions.SCMException: org.apache.ratis.protocol.exceptions.NotLeaderException: Server 2d344aaf-3adb-4590-a8db-0ff637af21a8@group-0EF9E94BB6A3 is not the leader, suggested leader is: d608cca7-8f6c-485f-afd6-2c7e3558bc9e|localhost:15003
	at org.apache.hadoop.hdds.scm.ha.SCMHAInvocationHandler.translateException(SCMHAInvocationHandler.java:163)
	at org.apache.hadoop.hdds.scm.ha.SCMHAInvocationHandler.invokeRatis(SCMHAInvocationHandler.java:113)
	at org.apache.hadoop.hdds.scm.ha.SCMHAInvocationHandler.invoke(SCMHAInvocationHandler.java:72)
	at jdk.proxy2/jdk.proxy2.$Proxy48.updateContainerState(Unknown Source)
	at org.apache.hadoop.hdds.scm.container.ContainerManagerImpl.updateContainerState(ContainerManagerImpl.java:284)
	at org.apache.hadoop.hdds.scm.container.AbstractContainerReportHandler.updateContainerState(AbstractContainerReportHandler.java:290)
	at org.apache.hadoop.hdds.scm.container.AbstractContainerReportHandler.processContainerReplica(AbstractContainerReportHandler.java:115)
	at org.apache.hadoop.hdds.scm.container.ContainerReportHandler.processSingleReplica(ContainerReportHandler.java:229)
	at org.apache.hadoop.hdds.scm.container.ContainerReportHandler.onMessage(ContainerReportHandler.java:181)
	at org.apache.hadoop.hdds.scm.container.ContainerReportHandler.onMessage(ContainerReportHandler.java:44)
	at org.apache.hadoop.hdds.server.events.FixedThreadPoolWithAffinityExecutor$ContainerReportProcessTask.run(FixedThreadPoolWithAffinityExecutor.java:257)
	at java.base/java.util.concurrent.Executors$RunnableAdapter.call(Executors.java:572)
	at java.base/java.util.concurrent.FutureTask.run(FutureTask.java:317)
	at java.base/java.util.concurrent.ThreadPoolExecutor.runWorker(ThreadPoolExecutor.java:1144)
	at java.base/java.util.concurrent.ThreadPoolExecutor$Worker.run(ThreadPoolExecutor.java:642)
	at java.base/java.lang.Thread.run(Thread.java:1583)
Caused by: org.apache.ratis.protocol.exceptions.NotLeaderException: Server 2d344aaf-3adb-4590-a8db-0ff637af21a8@group-0EF9E94BB6A3 is not the leader, suggested leader is: d608cca7-8f6c-485f-afd6-2c7e3558bc9e|localhost:15003
	at org.apache.ratis.server.impl.RaftServerImpl.generateNotLeaderException(RaftServerImpl.java:804)
	at org.apache.ratis.server.impl.RaftServerImpl.checkLeaderState(RaftServerImpl.java:769)
	at org.apache.ratis.server.impl.RaftServerImpl.checkLeaderState(RaftServerImpl.java:755)
	at org.apache.ratis.server.impl.RaftServerImpl.writeAsyncImpl(RaftServerImpl.java:972)
	at org.apache.ratis.server.impl.RaftServerImpl.writeAsync(RaftServerImpl.java:960)
	at org.apache.ratis.server.impl.RaftServerImpl.replyFuture(RaftServerImpl.java:953)
	at org.apache.ratis.server.impl.RaftServerImpl.submitClientRequestAsync(RaftServerImpl.java:930)
	at org.apache.ratis.server.impl.RaftServerImpl.lambda$null$11(RaftServerImpl.java:919)
	at org.apache.ratis.util.JavaUtils.callAsUnchecked(JavaUtils.java:118)
	at org.apache.ratis.server.impl.RaftServerImpl.lambda$executeSubmitClientRequestAsync$12(RaftServerImpl.java:919)
	at java.base/java.util.concurrent.CompletableFuture$AsyncSupply.run(CompletableFuture.java:1768)
	... 3 more
2025-07-05 15:54:27,976 [scmNode-3-FixedThreadPoolWithAffinityExecutor-1-0] ERROR container.ContainerReportHandler (ContainerReportHandler.java:processSingleReplica(231)) - Failed to process Container #2 (CLOSING, sid=8) r0 (CLOSED, bcsid=8, origin=0584da7b-3980-4d20-b3ba-d97c117b17a2, non-empty) from dn 0584da7b-3980-4d20-b3ba-d97c117b17a2(localhost/127.0.0.1)
org.apache.hadoop.hdds.scm.exceptions.SCMException: org.apache.ratis.protocol.exceptions.NotLeaderException: Server e9f0a7df-dfca-4eba-a7d3-db47f637b57c@group-0EF9E94BB6A3 is not the leader, suggested leader is: d608cca7-8f6c-485f-afd6-2c7e3558bc9e|localhost:15003
	at org.apache.hadoop.hdds.scm.ha.SCMHAInvocationHandler.translateException(SCMHAInvocationHandler.java:163)
	at org.apache.hadoop.hdds.scm.ha.SCMHAInvocationHandler.invokeRatis(SCMHAInvocationHandler.java:113)
	at org.apache.hadoop.hdds.scm.ha.SCMHAInvocationHandler.invoke(SCMHAInvocationHandler.java:72)
	at jdk.proxy2/jdk.proxy2.$Proxy48.updateContainerState(Unknown Source)
	at org.apache.hadoop.hdds.scm.container.ContainerManagerImpl.updateContainerState(ContainerManagerImpl.java:284)
	at org.apache.hadoop.hdds.scm.container.AbstractContainerReportHandler.updateContainerState(AbstractContainerReportHandler.java:290)
	at org.apache.hadoop.hdds.scm.container.AbstractContainerReportHandler.processContainerReplica(AbstractContainerReportHandler.java:115)
	at org.apache.hadoop.hdds.scm.container.ContainerReportHandler.processSingleReplica(ContainerReportHandler.java:229)
	at org.apache.hadoop.hdds.scm.container.ContainerReportHandler.onMessage(ContainerReportHandler.java:181)
	at org.apache.hadoop.hdds.scm.container.ContainerReportHandler.onMessage(ContainerReportHandler.java:44)
	at org.apache.hadoop.hdds.server.events.FixedThreadPoolWithAffinityExecutor$ContainerReportProcessTask.run(FixedThreadPoolWithAffinityExecutor.java:257)
	at java.base/java.util.concurrent.Executors$RunnableAdapter.call(Executors.java:572)
	at java.base/java.util.concurrent.FutureTask.run(FutureTask.java:317)
	at java.base/java.util.concurrent.ThreadPoolExecutor.runWorker(ThreadPoolExecutor.java:1144)
	at java.base/java.util.concurrent.ThreadPoolExecutor$Worker.run(ThreadPoolExecutor.java:642)
	at java.base/java.lang.Thread.run(Thread.java:1583)
Caused by: org.apache.ratis.protocol.exceptions.NotLeaderException: Server e9f0a7df-dfca-4eba-a7d3-db47f637b57c@group-0EF9E94BB6A3 is not the leader, suggested leader is: d608cca7-8f6c-485f-afd6-2c7e3558bc9e|localhost:15003
	at org.apache.ratis.server.impl.RaftServerImpl.generateNotLeaderException(RaftServerImpl.java:804)
	at org.apache.ratis.server.impl.RaftServerImpl.checkLeaderState(RaftServerImpl.java:769)
	at org.apache.ratis.server.impl.RaftServerImpl.checkLeaderState(RaftServerImpl.java:755)
	at org.apache.ratis.server.impl.RaftServerImpl.writeAsyncImpl(RaftServerImpl.java:972)
	at org.apache.ratis.server.impl.RaftServerImpl.writeAsync(RaftServerImpl.java:960)
	at org.apache.ratis.server.impl.RaftServerImpl.replyFuture(RaftServerImpl.java:953)
	at org.apache.ratis.server.impl.RaftServerImpl.submitClientRequestAsync(RaftServerImpl.java:930)
	at org.apache.ratis.server.impl.RaftServerImpl.lambda$null$11(RaftServerImpl.java:919)
	at org.apache.ratis.util.JavaUtils.callAsUnchecked(JavaUtils.java:118)
	at org.apache.ratis.server.impl.RaftServerImpl.lambda$executeSubmitClientRequestAsync$12(RaftServerImpl.java:919)
	at java.base/java.util.concurrent.CompletableFuture$AsyncSupply.run(CompletableFuture.java:1768)
	... 3 more
2025-07-05 15:54:27,976 [scmNode-3-FixedThreadPoolWithAffinityExecutor-1-0] INFO  container.IncrementalContainerReportHandler (AbstractContainerReportHandler.java:updateContainerState(289)) - CLOSE Container #2 (CLOSING, sid=8) r0 (CLOSED, bcsid=8, origin=0584da7b-3980-4d20-b3ba-d97c117b17a2, non-empty) from dn 0584da7b-3980-4d20-b3ba-d97c117b17a2(localhost/127.0.0.1)
2025-07-05 15:54:27,977 [scmNode-2-FixedThreadPoolWithAffinityExecutor-1-0] INFO  container.IncrementalContainerReportHandler (AbstractContainerReportHandler.java:updateContainerState(289)) - CLOSE Container #2 (CLOSING, sid=8) r0 (CLOSED, bcsid=8, origin=0584da7b-3980-4d20-b3ba-d97c117b17a2, non-empty) from dn 0584da7b-3980-4d20-b3ba-d97c117b17a2(localhost/127.0.0.1)
2025-07-05 15:54:27,977 [scmNode-2-FixedThreadPoolWithAffinityExecutor-1-0] INFO  container.IncrementalContainerReportHandler (IncrementalContainerReportHandler.java:processICR(116)) - SCM_NOT_LEADER: Failed to process Container #2 (CLOSING, sid=8) r0 (CLOSED, bcsid=8, origin=0584da7b-3980-4d20-b3ba-d97c117b17a2, non-empty) from dn 0584da7b-3980-4d20-b3ba-d97c117b17a2(localhost/127.0.0.1)
2025-07-05 15:54:27,978 [scmNode-3-FixedThreadPoolWithAffinityExecutor-1-0] INFO  container.IncrementalContainerReportHandler (IncrementalContainerReportHandler.java:processICR(116)) - SCM_NOT_LEADER: Failed to process Container #2 (CLOSING, sid=8) r0 (CLOSED, bcsid=8, origin=0584da7b-3980-4d20-b3ba-d97c117b17a2, non-empty) from dn 0584da7b-3980-4d20-b3ba-d97c117b17a2(localhost/127.0.0.1)
2025-07-05 15:54:28,967 [scmNode-2-FixedThreadPoolWithAffinityExecutor-0-0] INFO  container.ContainerReportHandler (AbstractContainerReportHandler.java:updateContainerState(289)) - CLOSE Container #2 (CLOSING, sid=8) r0 (CLOSED, bcsid=8, origin=11776e6b-d53e-4cdc-a879-730cb763d81d, non-empty) from dn 11776e6b-d53e-4cdc-a879-730cb763d81d(localhost/127.0.0.1)
2025-07-05 15:54:28,969 [scmNode-3-FixedThreadPoolWithAffinityExecutor-0-0] INFO  container.ContainerReportHandler (AbstractContainerReportHandler.java:updateContainerState(289)) - CLOSE Container #2 (CLOSING, sid=8) r0 (CLOSED, bcsid=8, origin=11776e6b-d53e-4cdc-a879-730cb763d81d, non-empty) from dn 11776e6b-d53e-4cdc-a879-730cb763d81d(localhost/127.0.0.1)
2025-07-05 15:54:28,970 [scmNode-3-FixedThreadPoolWithAffinityExecutor-9-0] INFO  container.ContainerReportHandler (AbstractContainerReportHandler.java:updateContainerState(289)) - CLOSE Container #2 (CLOSING, sid=8) r0 (CLOSED, bcsid=8, origin=b30b3ffb-bc08-4f2c-b590-0aeed9816472, non-empty) from dn b30b3ffb-bc08-4f2c-b590-0aeed9816472(localhost/127.0.0.1)
2025-07-05 15:54:28,970 [scmNode-3-FixedThreadPoolWithAffinityExecutor-0-0] ERROR container.ContainerReportHandler (ContainerReportHandler.java:processSingleReplica(231)) - Failed to process Container #2 (CLOSING, sid=8) r0 (CLOSED, bcsid=8, origin=11776e6b-d53e-4cdc-a879-730cb763d81d, non-empty) from dn 11776e6b-d53e-4cdc-a879-730cb763d81d(localhost/127.0.0.1)
org.apache.hadoop.hdds.scm.exceptions.SCMException: org.apache.ratis.protocol.exceptions.NotLeaderException: Server e9f0a7df-dfca-4eba-a7d3-db47f637b57c@group-0EF9E94BB6A3 is not the leader, suggested leader is: d608cca7-8f6c-485f-afd6-2c7e3558bc9e|localhost:15003
	at org.apache.hadoop.hdds.scm.ha.SCMHAInvocationHandler.translateException(SCMHAInvocationHandler.java:163)
	at org.apache.hadoop.hdds.scm.ha.SCMHAInvocationHandler.invokeRatis(SCMHAInvocationHandler.java:113)
	at org.apache.hadoop.hdds.scm.ha.SCMHAInvocationHandler.invoke(SCMHAInvocationHandler.java:72)
	at jdk.proxy2/jdk.proxy2.$Proxy48.updateContainerState(Unknown Source)
	at org.apache.hadoop.hdds.scm.container.ContainerManagerImpl.updateContainerState(ContainerManagerImpl.java:284)
	at org.apache.hadoop.hdds.scm.container.AbstractContainerReportHandler.updateContainerState(AbstractContainerReportHandler.java:290)
	at org.apache.hadoop.hdds.scm.container.AbstractContainerReportHandler.processContainerReplica(AbstractContainerReportHandler.java:115)
	at org.apache.hadoop.hdds.scm.container.ContainerReportHandler.processSingleReplica(ContainerReportHandler.java:229)
	at org.apache.hadoop.hdds.scm.container.ContainerReportHandler.onMessage(ContainerReportHandler.java:181)
	at org.apache.hadoop.hdds.scm.container.ContainerReportHandler.onMessage(ContainerReportHandler.java:44)
	at org.apache.hadoop.hdds.server.events.FixedThreadPoolWithAffinityExecutor$ContainerReportProcessTask.run(FixedThreadPoolWithAffinityExecutor.java:257)
	at java.base/java.util.concurrent.Executors$RunnableAdapter.call(Executors.java:572)
	at java.base/java.util.concurrent.FutureTask.run(FutureTask.java:317)
	at java.base/java.util.concurrent.ThreadPoolExecutor.runWorker(ThreadPoolExecutor.java:1144)
	at java.base/java.util.concurrent.ThreadPoolExecutor$Worker.run(ThreadPoolExecutor.java:642)
	at java.base/java.lang.Thread.run(Thread.java:1583)
Caused by: org.apache.ratis.protocol.exceptions.NotLeaderException: Server e9f0a7df-dfca-4eba-a7d3-db47f637b57c@group-0EF9E94BB6A3 is not the leader, suggested leader is: d608cca7-8f6c-485f-afd6-2c7e3558bc9e|localhost:15003
	at org.apache.ratis.server.impl.RaftServerImpl.generateNotLeaderException(RaftServerImpl.java:804)
	at org.apache.ratis.server.impl.RaftServerImpl.checkLeaderState(RaftServerImpl.java:769)
	at org.apache.ratis.server.impl.RaftServerImpl.checkLeaderState(RaftServerImpl.java:755)
	at org.apache.ratis.server.impl.RaftServerImpl.writeAsyncImpl(RaftServerImpl.java:972)
	at org.apache.ratis.server.impl.RaftServerImpl.writeAsync(RaftServerImpl.java:960)
	at org.apache.ratis.server.impl.RaftServerImpl.replyFuture(RaftServerImpl.java:953)
	at org.apache.ratis.server.impl.RaftServerImpl.submitClientRequestAsync(RaftServerImpl.java:930)
	at org.apache.ratis.server.impl.RaftServerImpl.lambda$null$11(RaftServerImpl.java:919)
	at org.apache.ratis.util.JavaUtils.callAsUnchecked(JavaUtils.java:118)
	at org.apache.ratis.server.impl.RaftServerImpl.lambda$executeSubmitClientRequestAsync$12(RaftServerImpl.java:919)
	at java.base/java.util.concurrent.CompletableFuture$AsyncSupply.run(CompletableFuture.java:1768)
	... 3 more
2025-07-05 15:54:28,971 [scmNode-2-FixedThreadPoolWithAffinityExecutor-9-0] INFO  container.ContainerReportHandler (AbstractContainerReportHandler.java:updateContainerState(289)) - CLOSE Container #2 (CLOSING, sid=8) r0 (CLOSED, bcsid=8, origin=b30b3ffb-bc08-4f2c-b590-0aeed9816472, non-empty) from dn b30b3ffb-bc08-4f2c-b590-0aeed9816472(localhost/127.0.0.1)
2025-07-05 15:54:28,971 [scmNode-2-FixedThreadPoolWithAffinityExecutor-0-0] ERROR container.ContainerReportHandler (ContainerReportHandler.java:processSingleReplica(231)) - Failed to process Container #2 (CLOSING, sid=8) r0 (CLOSED, bcsid=8, origin=11776e6b-d53e-4cdc-a879-730cb763d81d, non-empty) from dn 11776e6b-d53e-4cdc-a879-730cb763d81d(localhost/127.0.0.1)
org.apache.hadoop.hdds.scm.exceptions.SCMException: org.apache.ratis.protocol.exceptions.NotLeaderException: Server 2d344aaf-3adb-4590-a8db-0ff637af21a8@group-0EF9E94BB6A3 is not the leader, suggested leader is: d608cca7-8f6c-485f-afd6-2c7e3558bc9e|localhost:15003
	at org.apache.hadoop.hdds.scm.ha.SCMHAInvocationHandler.translateException(SCMHAInvocationHandler.java:163)
	at org.apache.hadoop.hdds.scm.ha.SCMHAInvocationHandler.invokeRatis(SCMHAInvocationHandler.java:113)
	at org.apache.hadoop.hdds.scm.ha.SCMHAInvocationHandler.invoke(SCMHAInvocationHandler.java:72)
	at jdk.proxy2/jdk.proxy2.$Proxy48.updateContainerState(Unknown Source)
	at org.apache.hadoop.hdds.scm.container.ContainerManagerImpl.updateContainerState(ContainerManagerImpl.java:284)
	at org.apache.hadoop.hdds.scm.container.AbstractContainerReportHandler.updateContainerState(AbstractContainerReportHandler.java:290)
	at org.apache.hadoop.hdds.scm.container.AbstractContainerReportHandler.processContainerReplica(AbstractContainerReportHandler.java:115)
	at org.apache.hadoop.hdds.scm.container.ContainerReportHandler.processSingleReplica(ContainerReportHandler.java:229)
	at org.apache.hadoop.hdds.scm.container.ContainerReportHandler.onMessage(ContainerReportHandler.java:181)
	at org.apache.hadoop.hdds.scm.container.ContainerReportHandler.onMessage(ContainerReportHandler.java:44)
	at org.apache.hadoop.hdds.server.events.FixedThreadPoolWithAffinityExecutor$ContainerReportProcessTask.run(FixedThreadPoolWithAffinityExecutor.java:257)
	at java.base/java.util.concurrent.Executors$RunnableAdapter.call(Executors.java:572)
	at java.base/java.util.concurrent.FutureTask.run(FutureTask.java:317)
	at java.base/java.util.concurrent.ThreadPoolExecutor.runWorker(ThreadPoolExecutor.java:1144)
	at java.base/java.util.concurrent.ThreadPoolExecutor$Worker.run(ThreadPoolExecutor.java:642)
	at java.base/java.lang.Thread.run(Thread.java:1583)
Caused by: org.apache.ratis.protocol.exceptions.NotLeaderException: Server 2d344aaf-3adb-4590-a8db-0ff637af21a8@group-0EF9E94BB6A3 is not the leader, suggested leader is: d608cca7-8f6c-485f-afd6-2c7e3558bc9e|localhost:15003
	at org.apache.ratis.server.impl.RaftServerImpl.generateNotLeaderException(RaftServerImpl.java:804)
	at org.apache.ratis.server.impl.RaftServerImpl.checkLeaderState(RaftServerImpl.java:769)
	at org.apache.ratis.server.impl.RaftServerImpl.checkLeaderState(RaftServerImpl.java:755)
	at org.apache.ratis.server.impl.RaftServerImpl.writeAsyncImpl(RaftServerImpl.java:972)
	at org.apache.ratis.server.impl.RaftServerImpl.writeAsync(RaftServerImpl.java:960)
	at org.apache.ratis.server.impl.RaftServerImpl.replyFuture(RaftServerImpl.java:953)
	at org.apache.ratis.server.impl.RaftServerImpl.submitClientRequestAsync(RaftServerImpl.java:930)
	at org.apache.ratis.server.impl.RaftServerImpl.lambda$null$11(RaftServerImpl.java:919)
	at org.apache.ratis.util.JavaUtils.callAsUnchecked(JavaUtils.java:118)
	at org.apache.ratis.server.impl.RaftServerImpl.lambda$executeSubmitClientRequestAsync$12(RaftServerImpl.java:919)
	at java.base/java.util.concurrent.CompletableFuture$AsyncSupply.run(CompletableFuture.java:1768)
	... 3 more
2025-07-05 15:54:28,971 [scmNode-3-FixedThreadPoolWithAffinityExecutor-9-0] ERROR container.ContainerReportHandler (ContainerReportHandler.java:processSingleReplica(231)) - Failed to process Container #2 (CLOSING, sid=8) r0 (CLOSED, bcsid=8, origin=b30b3ffb-bc08-4f2c-b590-0aeed9816472, non-empty) from dn b30b3ffb-bc08-4f2c-b590-0aeed9816472(localhost/127.0.0.1)
org.apache.hadoop.hdds.scm.exceptions.SCMException: org.apache.ratis.protocol.exceptions.NotLeaderException: Server e9f0a7df-dfca-4eba-a7d3-db47f637b57c@group-0EF9E94BB6A3 is not the leader, suggested leader is: d608cca7-8f6c-485f-afd6-2c7e3558bc9e|localhost:15003
	at org.apache.hadoop.hdds.scm.ha.SCMHAInvocationHandler.translateException(SCMHAInvocationHandler.java:163)
	at org.apache.hadoop.hdds.scm.ha.SCMHAInvocationHandler.invokeRatis(SCMHAInvocationHandler.java:113)
	at org.apache.hadoop.hdds.scm.ha.SCMHAInvocationHandler.invoke(SCMHAInvocationHandler.java:72)
	at jdk.proxy2/jdk.proxy2.$Proxy48.updateContainerState(Unknown Source)
	at org.apache.hadoop.hdds.scm.container.ContainerManagerImpl.updateContainerState(ContainerManagerImpl.java:284)
	at org.apache.hadoop.hdds.scm.container.AbstractContainerReportHandler.updateContainerState(AbstractContainerReportHandler.java:290)
	at org.apache.hadoop.hdds.scm.container.AbstractContainerReportHandler.processContainerReplica(AbstractContainerReportHandler.java:115)
	at org.apache.hadoop.hdds.scm.container.ContainerReportHandler.processSingleReplica(ContainerReportHandler.java:229)
	at org.apache.hadoop.hdds.scm.container.ContainerReportHandler.onMessage(ContainerReportHandler.java:181)
	at org.apache.hadoop.hdds.scm.container.ContainerReportHandler.onMessage(ContainerReportHandler.java:44)
	at org.apache.hadoop.hdds.server.events.FixedThreadPoolWithAffinityExecutor$ContainerReportProcessTask.run(FixedThreadPoolWithAffinityExecutor.java:257)
	at java.base/java.util.concurrent.Executors$RunnableAdapter.call(Executors.java:572)
	at java.base/java.util.concurrent.FutureTask.run(FutureTask.java:317)
	at java.base/java.util.concurrent.ThreadPoolExecutor.runWorker(ThreadPoolExecutor.java:1144)
	at java.base/java.util.concurrent.ThreadPoolExecutor$Worker.run(ThreadPoolExecutor.java:642)
	at java.base/java.lang.Thread.run(Thread.java:1583)
Caused by: org.apache.ratis.protocol.exceptions.NotLeaderException: Server e9f0a7df-dfca-4eba-a7d3-db47f637b57c@group-0EF9E94BB6A3 is not the leader, suggested leader is: d608cca7-8f6c-485f-afd6-2c7e3558bc9e|localhost:15003
	at org.apache.ratis.server.impl.RaftServerImpl.generateNotLeaderException(RaftServerImpl.java:804)
	at org.apache.ratis.server.impl.RaftServerImpl.checkLeaderState(RaftServerImpl.java:769)
	at org.apache.ratis.server.impl.RaftServerImpl.checkLeaderState(RaftServerImpl.java:755)
	at org.apache.ratis.server.impl.RaftServerImpl.writeAsyncImpl(RaftServerImpl.java:972)
	at org.apache.ratis.server.impl.RaftServerImpl.writeAsync(RaftServerImpl.java:960)
	at org.apache.ratis.server.impl.RaftServerImpl.replyFuture(RaftServerImpl.java:953)
	at org.apache.ratis.server.impl.RaftServerImpl.submitClientRequestAsync(RaftServerImpl.java:930)
	at org.apache.ratis.server.impl.RaftServerImpl.lambda$null$11(RaftServerImpl.java:919)
	at org.apache.ratis.util.JavaUtils.callAsUnchecked(JavaUtils.java:118)
	at org.apache.ratis.server.impl.RaftServerImpl.lambda$executeSubmitClientRequestAsync$12(RaftServerImpl.java:919)
	at java.base/java.util.concurrent.CompletableFuture$AsyncSupply.run(CompletableFuture.java:1768)
	... 3 more
2025-07-05 15:54:28,972 [scmNode-2-FixedThreadPoolWithAffinityExecutor-9-0] ERROR container.ContainerReportHandler (ContainerReportHandler.java:processSingleReplica(231)) - Failed to process Container #2 (CLOSING, sid=8) r0 (CLOSED, bcsid=8, origin=b30b3ffb-bc08-4f2c-b590-0aeed9816472, non-empty) from dn b30b3ffb-bc08-4f2c-b590-0aeed9816472(localhost/127.0.0.1)
org.apache.hadoop.hdds.scm.exceptions.SCMException: org.apache.ratis.protocol.exceptions.NotLeaderException: Server 2d344aaf-3adb-4590-a8db-0ff637af21a8@group-0EF9E94BB6A3 is not the leader, suggested leader is: d608cca7-8f6c-485f-afd6-2c7e3558bc9e|localhost:15003
	at org.apache.hadoop.hdds.scm.ha.SCMHAInvocationHandler.translateException(SCMHAInvocationHandler.java:163)
	at org.apache.hadoop.hdds.scm.ha.SCMHAInvocationHandler.invokeRatis(SCMHAInvocationHandler.java:113)
	at org.apache.hadoop.hdds.scm.ha.SCMHAInvocationHandler.invoke(SCMHAInvocationHandler.java:72)
	at jdk.proxy2/jdk.proxy2.$Proxy48.updateContainerState(Unknown Source)
	at org.apache.hadoop.hdds.scm.container.ContainerManagerImpl.updateContainerState(ContainerManagerImpl.java:284)
	at org.apache.hadoop.hdds.scm.container.AbstractContainerReportHandler.updateContainerState(AbstractContainerReportHandler.java:290)
	at org.apache.hadoop.hdds.scm.container.AbstractContainerReportHandler.processContainerReplica(AbstractContainerReportHandler.java:115)
	at org.apache.hadoop.hdds.scm.container.ContainerReportHandler.processSingleReplica(ContainerReportHandler.java:229)
	at org.apache.hadoop.hdds.scm.container.ContainerReportHandler.onMessage(ContainerReportHandler.java:181)
	at org.apache.hadoop.hdds.scm.container.ContainerReportHandler.onMessage(ContainerReportHandler.java:44)
	at org.apache.hadoop.hdds.server.events.FixedThreadPoolWithAffinityExecutor$ContainerReportProcessTask.run(FixedThreadPoolWithAffinityExecutor.java:257)
	at java.base/java.util.concurrent.Executors$RunnableAdapter.call(Executors.java:572)
	at java.base/java.util.concurrent.FutureTask.run(FutureTask.java:317)
	at java.base/java.util.concurrent.ThreadPoolExecutor.runWorker(ThreadPoolExecutor.java:1144)
	at java.base/java.util.concurrent.ThreadPoolExecutor$Worker.run(ThreadPoolExecutor.java:642)
	at java.base/java.lang.Thread.run(Thread.java:1583)
Caused by: org.apache.ratis.protocol.exceptions.NotLeaderException: Server 2d344aaf-3adb-4590-a8db-0ff637af21a8@group-0EF9E94BB6A3 is not the leader, suggested leader is: d608cca7-8f6c-485f-afd6-2c7e3558bc9e|localhost:15003
	at org.apache.ratis.server.impl.RaftServerImpl.generateNotLeaderException(RaftServerImpl.java:804)
	at org.apache.ratis.server.impl.RaftServerImpl.checkLeaderState(RaftServerImpl.java:769)
	at org.apache.ratis.server.impl.RaftServerImpl.checkLeaderState(RaftServerImpl.java:755)
	at org.apache.ratis.server.impl.RaftServerImpl.writeAsyncImpl(RaftServerImpl.java:972)
	at org.apache.ratis.server.impl.RaftServerImpl.writeAsync(RaftServerImpl.java:960)
	at org.apache.ratis.server.impl.RaftServerImpl.replyFuture(RaftServerImpl.java:953)
	at org.apache.ratis.server.impl.RaftServerImpl.submitClientRequestAsync(RaftServerImpl.java:930)
	at org.apache.ratis.server.impl.RaftServerImpl.lambda$null$11(RaftServerImpl.java:919)
	at org.apache.ratis.util.JavaUtils.callAsUnchecked(JavaUtils.java:118)
	at org.apache.ratis.server.impl.RaftServerImpl.lambda$executeSubmitClientRequestAsync$12(RaftServerImpl.java:919)
	at java.base/java.util.concurrent.CompletableFuture$AsyncSupply.run(CompletableFuture.java:1768)
	... 3 more
]]></system-out>
  </testcase>
  <testcase name="testGetChecksumInfoNonexistentReplica" classname="org.apache.hadoop.ozone.dn.checksum.TestContainerCommandReconciliation" time="0.033">
    <system-out><![CDATA[2025-07-05T15:54:30.982535029Z 0584da7b-3980-4d20-b3ba-d97c117b17a2-ChunkReader-8 ERROR user=null | ip=null | op=GET_CONTAINER_CHECKSUM_INFO null | ret=FAILURE
org.apache.hadoop.hdds.scm.container.common.helpers.StorageContainerException: ContainerID 1000000 does not exist
	at org.apache.hadoop.ozone.container.common.impl.HddsDispatcher.dispatchRequest(HddsDispatcher.java:321)
	at org.apache.hadoop.ozone.container.common.impl.HddsDispatcher.lambda$dispatch$1(HddsDispatcher.java:190)
	at org.apache.hadoop.hdds.server.OzoneProtocolMessageDispatcher.processRequest(OzoneProtocolMessageDispatcher.java:87)
	at org.apache.hadoop.ozone.container.common.impl.HddsDispatcher.dispatch(HddsDispatcher.java:189)
	at org.apache.hadoop.ozone.container.common.transport.server.GrpcXceiverService$1.onNext(GrpcXceiverService.java:107)
	at org.apache.hadoop.ozone.container.common.transport.server.GrpcXceiverService$1.onNext(GrpcXceiverService.java:96)
	at org.apache.ratis.thirdparty.io.grpc.stub.ServerCalls$StreamingServerCallHandler$StreamingServerCallListener.onMessage(ServerCalls.java:262)
	at org.apache.ratis.thirdparty.io.grpc.ForwardingServerCallListener.onMessage(ForwardingServerCallListener.java:33)
	at org.apache.hadoop.hdds.tracing.GrpcServerInterceptor$1.onMessage(GrpcServerInterceptor.java:49)
	at org.apache.ratis.thirdparty.io.grpc.internal.ServerCallImpl$ServerStreamListenerImpl.messagesAvailableInternal(ServerCallImpl.java:334)
	at org.apache.ratis.thirdparty.io.grpc.internal.ServerCallImpl$ServerStreamListenerImpl.messagesAvailable(ServerCallImpl.java:319)
	at org.apache.ratis.thirdparty.io.grpc.internal.ServerImpl$JumpToApplicationThreadServerStreamListener$1MessagesAvailable.runInContext(ServerImpl.java:834)
	at org.apache.ratis.thirdparty.io.grpc.internal.ContextRunnable.run(ContextRunnable.java:37)
	at org.apache.ratis.thirdparty.io.grpc.internal.SerializingExecutor.run(SerializingExecutor.java:133)
	at java.base/java.util.concurrent.ThreadPoolExecutor.runWorker(ThreadPoolExecutor.java:1144)
	at java.base/java.util.concurrent.ThreadPoolExecutor$Worker.run(ThreadPoolExecutor.java:642)
	at java.base/java.lang.Thread.run(Thread.java:1583)
2025-07-05 15:54:31,001 [0584da7b-3980-4d20-b3ba-d97c117b17a2-ChunkReader-8] WARN  impl.HddsDispatcher (ContainerUtils.java:logAndReturnError(94)) - Operation: GetContainerChecksumInfo , Trace ID:  , Message: ContainerID 1000000 does not exist , Result: CONTAINER_NOT_FOUND , StorageContainerException Occurred.
org.apache.hadoop.hdds.scm.container.common.helpers.StorageContainerException: ContainerID 1000000 does not exist
	at org.apache.hadoop.ozone.container.common.impl.HddsDispatcher.dispatchRequest(HddsDispatcher.java:321)
	at org.apache.hadoop.ozone.container.common.impl.HddsDispatcher.lambda$dispatch$1(HddsDispatcher.java:190)
	at org.apache.hadoop.hdds.server.OzoneProtocolMessageDispatcher.processRequest(OzoneProtocolMessageDispatcher.java:87)
	at org.apache.hadoop.ozone.container.common.impl.HddsDispatcher.dispatch(HddsDispatcher.java:189)
	at org.apache.hadoop.ozone.container.common.transport.server.GrpcXceiverService$1.onNext(GrpcXceiverService.java:107)
	at org.apache.hadoop.ozone.container.common.transport.server.GrpcXceiverService$1.onNext(GrpcXceiverService.java:96)
	at org.apache.ratis.thirdparty.io.grpc.stub.ServerCalls$StreamingServerCallHandler$StreamingServerCallListener.onMessage(ServerCalls.java:262)
	at org.apache.ratis.thirdparty.io.grpc.ForwardingServerCallListener.onMessage(ForwardingServerCallListener.java:33)
	at org.apache.hadoop.hdds.tracing.GrpcServerInterceptor$1.onMessage(GrpcServerInterceptor.java:49)
	at org.apache.ratis.thirdparty.io.grpc.internal.ServerCallImpl$ServerStreamListenerImpl.messagesAvailableInternal(ServerCallImpl.java:334)
	at org.apache.ratis.thirdparty.io.grpc.internal.ServerCallImpl$ServerStreamListenerImpl.messagesAvailable(ServerCallImpl.java:319)
	at org.apache.ratis.thirdparty.io.grpc.internal.ServerImpl$JumpToApplicationThreadServerStreamListener$1MessagesAvailable.runInContext(ServerImpl.java:834)
	at org.apache.ratis.thirdparty.io.grpc.internal.ContextRunnable.run(ContextRunnable.java:37)
	at org.apache.ratis.thirdparty.io.grpc.internal.SerializingExecutor.run(SerializingExecutor.java:133)
	at java.base/java.util.concurrent.ThreadPoolExecutor.runWorker(ThreadPoolExecutor.java:1144)
	at java.base/java.util.concurrent.ThreadPoolExecutor$Worker.run(ThreadPoolExecutor.java:642)
	at java.base/java.lang.Thread.run(Thread.java:1583)
2025-07-05 15:54:31,003 [main] WARN  scm.XceiverClientGrpc (XceiverClientGrpc.java:sendCommandWithRetry(503)) - Failed to execute command GetContainerChecksumInfo on the pipeline Pipeline{ Id: 0584da7b-3980-4d20-b3ba-d97c117b17a2, Nodes: [ {0584da7b-3980-4d20-b3ba-d97c117b17a2(localhost/127.0.0.1), ReplicaIndex: 0},], ReplicationConfig: STANDALONE/ONE, State:CLOSED, leaderId:, CreationTimestamp2025-07-05T15:54:23.848022226Z[Etc/UTC]}.
]]></system-out>
  </testcase>
  <testcase name="testGetChecksumInfoServerIOError" classname="org.apache.hadoop.ozone.dn.checksum.TestContainerCommandReconciliation" time="6.076">
    <system-out><![CDATA[2025-07-05 15:54:31,006 [main] INFO  rpc.RpcClient (RpcClient.java:createVolume(461)) - Creating Volume: eac92389-0293-4862-9b35-b057475b1cfa, with scm as owner and space quota set to -1 bytes, counts quota set to -1
2025-07-05 15:54:31,009 [om1-OMStateMachineApplyTransactionThread - 0] WARN  helpers.OzoneAclUtil (OzoneAclUtil.java:getDefaultAclList(68)) - Failed to get primary group from user scm (auth:SIMPLE)
2025-07-05 15:54:31,009 [om1-OMStateMachineApplyTransactionThread - 0] INFO  volume.OMVolumeCreateRequest (OMVolumeCreateRequest.java:validateAndUpdateCache(203)) - created volume:eac92389-0293-4862-9b35-b057475b1cfa for user:scm
2025-07-05 15:54:31,012 [main] INFO  rpc.RpcClient (RpcClient.java:createBucket(686)) - Creating Bucket: eac92389-0293-4862-9b35-b057475b1cfa/3c264e46-9941-4426-b7fa-3146bf311fa3, with server-side default bucket layout, scm as owner, Versioning false, Storage Type set to DISK and Encryption set to false, Replication Type set to server-side default replication type, Namespace Quota set to -1, Space Quota set to -1 
2025-07-05 15:54:31,014 [om1-OMStateMachineApplyTransactionThread - 0] WARN  helpers.OzoneAclUtil (OzoneAclUtil.java:getDefaultAclList(68)) - Failed to get primary group from user scm/localhost@EXAMPLE.COM (auth:SIMPLE)
2025-07-05 15:54:31,014 [om1-OMStateMachineApplyTransactionThread - 0] INFO  bucket.OMBucketCreateRequest (OMBucketCreateRequest.java:validateAndUpdateCache(292)) - created bucket: 3c264e46-9941-4426-b7fa-3146bf311fa3 of layout FILE_SYSTEM_OPTIMIZED in volume: eac92389-0293-4862-9b35-b057475b1cfa
2025-07-05 15:54:31,027 [om1-OMStateMachineApplyTransactionThread - 0] WARN  helpers.OzoneAclUtil (OzoneAclUtil.java:getDefaultAclList(68)) - Failed to get primary group from user scm/localhost@EXAMPLE.COM (auth:SIMPLE)
2025-07-05 15:54:31,033 [11776e6b-d53e-4cdc-a879-730cb763d81d-ChunkWriter-3-0] WARN  statemachine.DatanodeConfiguration (DatanodeConfiguration.java:validateMinFreeSpace(751)) - hdds.datanode.volume.min.free.space.percent = -1.0 is invalid, should be between 0 and 1
2025-07-05 15:54:31,033 [11776e6b-d53e-4cdc-a879-730cb763d81d-ChunkWriter-3-0] WARN  statemachine.DatanodeConfiguration (DatanodeConfiguration.java:validateMinFreeSpace(751)) - hdds.datanode.volume.min.free.space.percent = -1.0 is invalid, should be between 0 and 1
2025-07-05 15:54:31,036 [b30b3ffb-bc08-4f2c-b590-0aeed9816472-ChunkWriter-3-0] WARN  statemachine.DatanodeConfiguration (DatanodeConfiguration.java:validateMinFreeSpace(751)) - hdds.datanode.volume.min.free.space.percent = -1.0 is invalid, should be between 0 and 1
2025-07-05 15:54:31,036 [0584da7b-3980-4d20-b3ba-d97c117b17a2-ChunkWriter-3-0] WARN  statemachine.DatanodeConfiguration (DatanodeConfiguration.java:validateMinFreeSpace(751)) - hdds.datanode.volume.min.free.space.percent = -1.0 is invalid, should be between 0 and 1
2025-07-05 15:54:31,037 [0584da7b-3980-4d20-b3ba-d97c117b17a2-ChunkWriter-3-0] WARN  statemachine.DatanodeConfiguration (DatanodeConfiguration.java:validateMinFreeSpace(751)) - hdds.datanode.volume.min.free.space.percent = -1.0 is invalid, should be between 0 and 1
2025-07-05 15:54:31,037 [b30b3ffb-bc08-4f2c-b590-0aeed9816472-ChunkWriter-3-0] WARN  statemachine.DatanodeConfiguration (DatanodeConfiguration.java:validateMinFreeSpace(751)) - hdds.datanode.volume.min.free.space.percent = -1.0 is invalid, should be between 0 and 1
2025-07-05 15:54:31,043 [scmNode-2-FixedThreadPoolWithAffinityExecutor-0-0] WARN  container.IncrementalContainerReportHandler (IncrementalContainerReportHandler.java:processICR(109)) - Container not found: Container #3 (NOT_FOUND) r0 (OPEN, bcsid=0, origin=11776e6b-d53e-4cdc-a879-730cb763d81d, non-empty) from dn 11776e6b-d53e-4cdc-a879-730cb763d81d(localhost/127.0.0.1)
2025-07-05 15:54:31,043 [scmNode-3-FixedThreadPoolWithAffinityExecutor-0-0] WARN  container.IncrementalContainerReportHandler (IncrementalContainerReportHandler.java:processICR(109)) - Container not found: Container #3 (NOT_FOUND) r0 (OPEN, bcsid=0, origin=11776e6b-d53e-4cdc-a879-730cb763d81d, non-empty) from dn 11776e6b-d53e-4cdc-a879-730cb763d81d(localhost/127.0.0.1)
2025-07-05 15:54:31,046 [scmNode-3-FixedThreadPoolWithAffinityExecutor-1-0] WARN  container.IncrementalContainerReportHandler (IncrementalContainerReportHandler.java:processICR(109)) - Container not found: Container #3 (NOT_FOUND) r0 (OPEN, bcsid=0, origin=0584da7b-3980-4d20-b3ba-d97c117b17a2, non-empty) from dn 0584da7b-3980-4d20-b3ba-d97c117b17a2(localhost/127.0.0.1)
2025-07-05 15:54:31,047 [scmNode-2-FixedThreadPoolWithAffinityExecutor-9-0] WARN  container.IncrementalContainerReportHandler (IncrementalContainerReportHandler.java:processICR(109)) - Container not found: Container #3 (NOT_FOUND) r0 (OPEN, bcsid=0, origin=b30b3ffb-bc08-4f2c-b590-0aeed9816472, non-empty) from dn b30b3ffb-bc08-4f2c-b590-0aeed9816472(localhost/127.0.0.1)
2025-07-05 15:54:31,048 [scmNode-3-FixedThreadPoolWithAffinityExecutor-9-0] WARN  container.IncrementalContainerReportHandler (IncrementalContainerReportHandler.java:processICR(109)) - Container not found: Container #3 (NOT_FOUND) r0 (OPEN, bcsid=0, origin=b30b3ffb-bc08-4f2c-b590-0aeed9816472, non-empty) from dn b30b3ffb-bc08-4f2c-b590-0aeed9816472(localhost/127.0.0.1)
2025-07-05 15:54:31,048 [scmNode-2-FixedThreadPoolWithAffinityExecutor-1-0] WARN  container.IncrementalContainerReportHandler (IncrementalContainerReportHandler.java:processICR(109)) - Container not found: Container #3 (NOT_FOUND) r0 (OPEN, bcsid=0, origin=0584da7b-3980-4d20-b3ba-d97c117b17a2, non-empty) from dn 0584da7b-3980-4d20-b3ba-d97c117b17a2(localhost/127.0.0.1)
2025-07-05 15:54:31,068 [scmNode-1-EventQueue-CloseContainerForCloseContainerEventHandler] INFO  container.CloseContainerEventHandler (CloseContainerEventHandler.java:onMessage(88)) - Close container Event triggered for container : #3, current state: OPEN
2025-07-05 15:54:31,072 [scmNode-1-EventQueue-CloseContainerForCloseContainerEventHandler] INFO  container.CloseContainerEventHandler (CloseContainerEventHandler.java:onMessage(88)) - Close container Event triggered for container : #3, current state: CLOSING
2025-07-05 15:54:31,072 [scmNode-1-EventQueue-CloseContainerForCloseContainerEventHandler] INFO  container.CloseContainerEventHandler (CloseContainerEventHandler.java:onMessage(88)) - Close container Event triggered for container : #3, current state: CLOSING
2025-07-05 15:54:34,046 [11776e6b-d53e-4cdc-a879-730cb763d81d-CloseContainerThread-2] WARN  keyvalue.KeyValueHandler (KeyValueHandler.java:updateAndGetContainerChecksum(1451)) - Container data checksum updated from 0 to e03366ec
2025-07-05 15:54:34,053 [0584da7b-3980-4d20-b3ba-d97c117b17a2-CloseContainerThread-2] WARN  keyvalue.KeyValueHandler (KeyValueHandler.java:updateAndGetContainerChecksum(1451)) - Container data checksum updated from 0 to e03366ec
2025-07-05 15:54:34,054 [b30b3ffb-bc08-4f2c-b590-0aeed9816472-CloseContainerThread-2] WARN  keyvalue.KeyValueHandler (KeyValueHandler.java:updateAndGetContainerChecksum(1451)) - Container data checksum updated from 0 to e03366ec
2025-07-05 15:54:34,054 [b30b3ffb-bc08-4f2c-b590-0aeed9816472-CloseContainerThread-2] INFO  commandhandler.CloseContainerCommandHandler (CloseContainerCommandHandler.java:lambda$handle$0(154)) - Follower cannot close container #3.
2025-07-05 15:54:34,055 [0584da7b-3980-4d20-b3ba-d97c117b17a2-CloseContainerThread-2] INFO  commandhandler.CloseContainerCommandHandler (CloseContainerCommandHandler.java:lambda$handle$0(154)) - Follower cannot close container #3.
2025-07-05 15:54:34,059 [11776e6b-d53e-4cdc-a879-730cb763d81d-ContainerOp-0c5972bd-f91c-4346-a54b-a3ec0edc4b3b-8] INFO  keyvalue.KeyValueContainer (KeyValueContainer.java:flushAndSyncDB(514)) - Synced container: KeyValueContainerData #3 (CLOSING, non-empty, ri=0, origin=[dn_11776e6b-d53e-4cdc-a879-730cb763d81d, pipeline_0c5972bd-f91c-4346-a54b-a3ec0edc4b3b])
2025-07-05 15:54:34,059 [11776e6b-d53e-4cdc-a879-730cb763d81d-ContainerOp-0c5972bd-f91c-4346-a54b-a3ec0edc4b3b-8] INFO  keyvalue.KeyValueContainer (KeyValueContainer.java:flushAndSyncDB(514)) - Synced container: KeyValueContainerData #3 (CLOSING, non-empty, ri=0, origin=[dn_11776e6b-d53e-4cdc-a879-730cb763d81d, pipeline_0c5972bd-f91c-4346-a54b-a3ec0edc4b3b])
2025-07-05 15:54:34,063 [b30b3ffb-bc08-4f2c-b590-0aeed9816472-ContainerOp-0c5972bd-f91c-4346-a54b-a3ec0edc4b3b-8] INFO  keyvalue.KeyValueContainer (KeyValueContainer.java:flushAndSyncDB(514)) - Synced container: KeyValueContainerData #3 (CLOSING, non-empty, ri=0, origin=[dn_b30b3ffb-bc08-4f2c-b590-0aeed9816472, pipeline_0c5972bd-f91c-4346-a54b-a3ec0edc4b3b])
2025-07-05 15:54:34,063 [b30b3ffb-bc08-4f2c-b590-0aeed9816472-ContainerOp-0c5972bd-f91c-4346-a54b-a3ec0edc4b3b-8] INFO  keyvalue.KeyValueContainer (KeyValueContainer.java:flushAndSyncDB(514)) - Synced container: KeyValueContainerData #3 (CLOSING, non-empty, ri=0, origin=[dn_b30b3ffb-bc08-4f2c-b590-0aeed9816472, pipeline_0c5972bd-f91c-4346-a54b-a3ec0edc4b3b])
2025-07-05 15:54:34,063 [0584da7b-3980-4d20-b3ba-d97c117b17a2-ContainerOp-0c5972bd-f91c-4346-a54b-a3ec0edc4b3b-8] INFO  keyvalue.KeyValueContainer (KeyValueContainer.java:flushAndSyncDB(514)) - Synced container: KeyValueContainerData #3 (CLOSING, non-empty, ri=0, origin=[dn_0584da7b-3980-4d20-b3ba-d97c117b17a2, pipeline_0c5972bd-f91c-4346-a54b-a3ec0edc4b3b])
2025-07-05 15:54:34,063 [0584da7b-3980-4d20-b3ba-d97c117b17a2-ContainerOp-0c5972bd-f91c-4346-a54b-a3ec0edc4b3b-8] INFO  keyvalue.KeyValueContainer (KeyValueContainer.java:flushAndSyncDB(514)) - Synced container: KeyValueContainerData #3 (CLOSING, non-empty, ri=0, origin=[dn_0584da7b-3980-4d20-b3ba-d97c117b17a2, pipeline_0c5972bd-f91c-4346-a54b-a3ec0edc4b3b])
2025-07-05 15:54:34,068 [b30b3ffb-bc08-4f2c-b590-0aeed9816472-ContainerOp-0c5972bd-f91c-4346-a54b-a3ec0edc4b3b-8] INFO  keyvalue.KeyValueContainer (KeyValueContainer.java:close(430)) - Closed container: KeyValueContainerData #3 (CLOSED, non-empty, ri=0, origin=[dn_b30b3ffb-bc08-4f2c-b590-0aeed9816472, pipeline_0c5972bd-f91c-4346-a54b-a3ec0edc4b3b])
2025-07-05 15:54:34,069 [11776e6b-d53e-4cdc-a879-730cb763d81d-ContainerOp-0c5972bd-f91c-4346-a54b-a3ec0edc4b3b-8] INFO  keyvalue.KeyValueContainer (KeyValueContainer.java:close(430)) - Closed container: KeyValueContainerData #3 (CLOSED, non-empty, ri=0, origin=[dn_11776e6b-d53e-4cdc-a879-730cb763d81d, pipeline_0c5972bd-f91c-4346-a54b-a3ec0edc4b3b])
2025-07-05 15:54:34,070 [0584da7b-3980-4d20-b3ba-d97c117b17a2-ContainerOp-0c5972bd-f91c-4346-a54b-a3ec0edc4b3b-8] INFO  keyvalue.KeyValueContainer (KeyValueContainer.java:close(430)) - Closed container: KeyValueContainerData #3 (CLOSED, non-empty, ri=0, origin=[dn_0584da7b-3980-4d20-b3ba-d97c117b17a2, pipeline_0c5972bd-f91c-4346-a54b-a3ec0edc4b3b])
2025-07-05 15:54:34,070 [scmNode-2-FixedThreadPoolWithAffinityExecutor-9-0] INFO  container.IncrementalContainerReportHandler (AbstractContainerReportHandler.java:updateContainerState(289)) - CLOSE Container #3 (CLOSING, sid=14) r0 (CLOSED, bcsid=14, origin=b30b3ffb-bc08-4f2c-b590-0aeed9816472, non-empty) from dn b30b3ffb-bc08-4f2c-b590-0aeed9816472(localhost/127.0.0.1)
2025-07-05 15:54:34,071 [scmNode-2-FixedThreadPoolWithAffinityExecutor-9-0] INFO  container.IncrementalContainerReportHandler (IncrementalContainerReportHandler.java:processICR(116)) - SCM_NOT_LEADER: Failed to process Container #3 (CLOSING, sid=14) r0 (CLOSED, bcsid=14, origin=b30b3ffb-bc08-4f2c-b590-0aeed9816472, non-empty) from dn b30b3ffb-bc08-4f2c-b590-0aeed9816472(localhost/127.0.0.1)
2025-07-05 15:54:34,071 [scmNode-3-FixedThreadPoolWithAffinityExecutor-0-0] INFO  container.IncrementalContainerReportHandler (AbstractContainerReportHandler.java:updateContainerState(289)) - CLOSE Container #3 (CLOSING, sid=14) r0 (CLOSED, bcsid=14, origin=11776e6b-d53e-4cdc-a879-730cb763d81d, non-empty) from dn 11776e6b-d53e-4cdc-a879-730cb763d81d(localhost/127.0.0.1)
2025-07-05 15:54:34,072 [scmNode-2-FixedThreadPoolWithAffinityExecutor-1-0] INFO  container.IncrementalContainerReportHandler (AbstractContainerReportHandler.java:updateContainerState(289)) - CLOSE Container #3 (CLOSING, sid=14) r0 (CLOSED, bcsid=14, origin=0584da7b-3980-4d20-b3ba-d97c117b17a2, non-empty) from dn 0584da7b-3980-4d20-b3ba-d97c117b17a2(localhost/127.0.0.1)
2025-07-05 15:54:34,073 [scmNode-2-FixedThreadPoolWithAffinityExecutor-1-0] INFO  container.IncrementalContainerReportHandler (IncrementalContainerReportHandler.java:processICR(116)) - SCM_NOT_LEADER: Failed to process Container #3 (CLOSING, sid=14) r0 (CLOSED, bcsid=14, origin=0584da7b-3980-4d20-b3ba-d97c117b17a2, non-empty) from dn 0584da7b-3980-4d20-b3ba-d97c117b17a2(localhost/127.0.0.1)
2025-07-05 15:54:34,073 [scmNode-2-FixedThreadPoolWithAffinityExecutor-0-0] INFO  container.IncrementalContainerReportHandler (AbstractContainerReportHandler.java:updateContainerState(289)) - CLOSE Container #3 (CLOSING, sid=14) r0 (CLOSED, bcsid=14, origin=11776e6b-d53e-4cdc-a879-730cb763d81d, non-empty) from dn 11776e6b-d53e-4cdc-a879-730cb763d81d(localhost/127.0.0.1)
2025-07-05 15:54:34,073 [scmNode-2-FixedThreadPoolWithAffinityExecutor-0-0] INFO  container.IncrementalContainerReportHandler (IncrementalContainerReportHandler.java:processICR(116)) - SCM_NOT_LEADER: Failed to process Container #3 (CLOSING, sid=14) r0 (CLOSED, bcsid=14, origin=11776e6b-d53e-4cdc-a879-730cb763d81d, non-empty) from dn 11776e6b-d53e-4cdc-a879-730cb763d81d(localhost/127.0.0.1)
2025-07-05 15:54:34,074 [scmNode-1-FixedThreadPoolWithAffinityExecutor-0-0] INFO  container.IncrementalContainerReportHandler (AbstractContainerReportHandler.java:updateContainerState(289)) - CLOSE Container #3 (CLOSING, sid=14) r0 (CLOSED, bcsid=14, origin=11776e6b-d53e-4cdc-a879-730cb763d81d, non-empty) from dn 11776e6b-d53e-4cdc-a879-730cb763d81d(localhost/127.0.0.1)
2025-07-05 15:54:34,074 [scmNode-3-FixedThreadPoolWithAffinityExecutor-0-0] INFO  container.IncrementalContainerReportHandler (IncrementalContainerReportHandler.java:processICR(116)) - SCM_NOT_LEADER: Failed to process Container #3 (CLOSING, sid=14) r0 (CLOSED, bcsid=14, origin=11776e6b-d53e-4cdc-a879-730cb763d81d, non-empty) from dn 11776e6b-d53e-4cdc-a879-730cb763d81d(localhost/127.0.0.1)
2025-07-05 15:54:34,075 [scmNode-3-FixedThreadPoolWithAffinityExecutor-9-0] INFO  container.IncrementalContainerReportHandler (AbstractContainerReportHandler.java:updateContainerState(289)) - CLOSE Container #3 (CLOSING, sid=14) r0 (CLOSED, bcsid=14, origin=b30b3ffb-bc08-4f2c-b590-0aeed9816472, non-empty) from dn b30b3ffb-bc08-4f2c-b590-0aeed9816472(localhost/127.0.0.1)
2025-07-05 15:54:34,077 [scmNode-3-FixedThreadPoolWithAffinityExecutor-9-0] INFO  container.IncrementalContainerReportHandler (IncrementalContainerReportHandler.java:processICR(116)) - SCM_NOT_LEADER: Failed to process Container #3 (CLOSING, sid=14) r0 (CLOSED, bcsid=14, origin=b30b3ffb-bc08-4f2c-b590-0aeed9816472, non-empty) from dn b30b3ffb-bc08-4f2c-b590-0aeed9816472(localhost/127.0.0.1)
2025-07-05 15:54:34,077 [scmNode-3-FixedThreadPoolWithAffinityExecutor-1-0] INFO  container.IncrementalContainerReportHandler (AbstractContainerReportHandler.java:updateContainerState(289)) - CLOSE Container #3 (CLOSING, sid=14) r0 (CLOSED, bcsid=14, origin=0584da7b-3980-4d20-b3ba-d97c117b17a2, non-empty) from dn 0584da7b-3980-4d20-b3ba-d97c117b17a2(localhost/127.0.0.1)
2025-07-05 15:54:34,077 [scmNode-3-FixedThreadPoolWithAffinityExecutor-1-0] INFO  container.IncrementalContainerReportHandler (IncrementalContainerReportHandler.java:processICR(116)) - SCM_NOT_LEADER: Failed to process Container #3 (CLOSING, sid=14) r0 (CLOSED, bcsid=14, origin=0584da7b-3980-4d20-b3ba-d97c117b17a2, non-empty) from dn 0584da7b-3980-4d20-b3ba-d97c117b17a2(localhost/127.0.0.1)
2025-07-05 15:54:35,072 [scmNode-2-FixedThreadPoolWithAffinityExecutor-0-0] INFO  container.ContainerReportHandler (AbstractContainerReportHandler.java:updateContainerState(289)) - CLOSE Container #3 (CLOSING, sid=14) r0 (CLOSED, bcsid=14, origin=11776e6b-d53e-4cdc-a879-730cb763d81d, non-empty) from dn 11776e6b-d53e-4cdc-a879-730cb763d81d(localhost/127.0.0.1)
2025-07-05 15:54:35,072 [scmNode-3-FixedThreadPoolWithAffinityExecutor-0-0] INFO  container.ContainerReportHandler (AbstractContainerReportHandler.java:updateContainerState(289)) - CLOSE Container #3 (CLOSING, sid=14) r0 (CLOSED, bcsid=14, origin=11776e6b-d53e-4cdc-a879-730cb763d81d, non-empty) from dn 11776e6b-d53e-4cdc-a879-730cb763d81d(localhost/127.0.0.1)
2025-07-05 15:54:35,073 [scmNode-2-FixedThreadPoolWithAffinityExecutor-0-0] ERROR container.ContainerReportHandler (ContainerReportHandler.java:processSingleReplica(231)) - Failed to process Container #3 (CLOSING, sid=14) r0 (CLOSED, bcsid=14, origin=11776e6b-d53e-4cdc-a879-730cb763d81d, non-empty) from dn 11776e6b-d53e-4cdc-a879-730cb763d81d(localhost/127.0.0.1)
org.apache.hadoop.hdds.scm.exceptions.SCMException: org.apache.ratis.protocol.exceptions.NotLeaderException: Server 2d344aaf-3adb-4590-a8db-0ff637af21a8@group-0EF9E94BB6A3 is not the leader, suggested leader is: d608cca7-8f6c-485f-afd6-2c7e3558bc9e|localhost:15003
	at org.apache.hadoop.hdds.scm.ha.SCMHAInvocationHandler.translateException(SCMHAInvocationHandler.java:163)
	at org.apache.hadoop.hdds.scm.ha.SCMHAInvocationHandler.invokeRatis(SCMHAInvocationHandler.java:113)
	at org.apache.hadoop.hdds.scm.ha.SCMHAInvocationHandler.invoke(SCMHAInvocationHandler.java:72)
	at jdk.proxy2/jdk.proxy2.$Proxy48.updateContainerState(Unknown Source)
	at org.apache.hadoop.hdds.scm.container.ContainerManagerImpl.updateContainerState(ContainerManagerImpl.java:284)
	at org.apache.hadoop.hdds.scm.container.AbstractContainerReportHandler.updateContainerState(AbstractContainerReportHandler.java:290)
	at org.apache.hadoop.hdds.scm.container.AbstractContainerReportHandler.processContainerReplica(AbstractContainerReportHandler.java:115)
	at org.apache.hadoop.hdds.scm.container.ContainerReportHandler.processSingleReplica(ContainerReportHandler.java:229)
	at org.apache.hadoop.hdds.scm.container.ContainerReportHandler.onMessage(ContainerReportHandler.java:181)
	at org.apache.hadoop.hdds.scm.container.ContainerReportHandler.onMessage(ContainerReportHandler.java:44)
	at org.apache.hadoop.hdds.server.events.FixedThreadPoolWithAffinityExecutor$ContainerReportProcessTask.run(FixedThreadPoolWithAffinityExecutor.java:257)
	at java.base/java.util.concurrent.Executors$RunnableAdapter.call(Executors.java:572)
	at java.base/java.util.concurrent.FutureTask.run(FutureTask.java:317)
	at java.base/java.util.concurrent.ThreadPoolExecutor.runWorker(ThreadPoolExecutor.java:1144)
	at java.base/java.util.concurrent.ThreadPoolExecutor$Worker.run(ThreadPoolExecutor.java:642)
	at java.base/java.lang.Thread.run(Thread.java:1583)
Caused by: org.apache.ratis.protocol.exceptions.NotLeaderException: Server 2d344aaf-3adb-4590-a8db-0ff637af21a8@group-0EF9E94BB6A3 is not the leader, suggested leader is: d608cca7-8f6c-485f-afd6-2c7e3558bc9e|localhost:15003
	at org.apache.ratis.server.impl.RaftServerImpl.generateNotLeaderException(RaftServerImpl.java:804)
	at org.apache.ratis.server.impl.RaftServerImpl.checkLeaderState(RaftServerImpl.java:769)
	at org.apache.ratis.server.impl.RaftServerImpl.checkLeaderState(RaftServerImpl.java:755)
	at org.apache.ratis.server.impl.RaftServerImpl.writeAsyncImpl(RaftServerImpl.java:972)
	at org.apache.ratis.server.impl.RaftServerImpl.writeAsync(RaftServerImpl.java:960)
	at org.apache.ratis.server.impl.RaftServerImpl.replyFuture(RaftServerImpl.java:953)
	at org.apache.ratis.server.impl.RaftServerImpl.submitClientRequestAsync(RaftServerImpl.java:930)
	at org.apache.ratis.server.impl.RaftServerImpl.lambda$null$11(RaftServerImpl.java:919)
	at org.apache.ratis.util.JavaUtils.callAsUnchecked(JavaUtils.java:118)
	at org.apache.ratis.server.impl.RaftServerImpl.lambda$executeSubmitClientRequestAsync$12(RaftServerImpl.java:919)
	at java.base/java.util.concurrent.CompletableFuture$AsyncSupply.run(CompletableFuture.java:1768)
	... 3 more
2025-07-05 15:54:35,073 [scmNode-3-FixedThreadPoolWithAffinityExecutor-0-0] ERROR container.ContainerReportHandler (ContainerReportHandler.java:processSingleReplica(231)) - Failed to process Container #3 (CLOSING, sid=14) r0 (CLOSED, bcsid=14, origin=11776e6b-d53e-4cdc-a879-730cb763d81d, non-empty) from dn 11776e6b-d53e-4cdc-a879-730cb763d81d(localhost/127.0.0.1)
org.apache.hadoop.hdds.scm.exceptions.SCMException: org.apache.ratis.protocol.exceptions.NotLeaderException: Server e9f0a7df-dfca-4eba-a7d3-db47f637b57c@group-0EF9E94BB6A3 is not the leader, suggested leader is: d608cca7-8f6c-485f-afd6-2c7e3558bc9e|localhost:15003
	at org.apache.hadoop.hdds.scm.ha.SCMHAInvocationHandler.translateException(SCMHAInvocationHandler.java:163)
	at org.apache.hadoop.hdds.scm.ha.SCMHAInvocationHandler.invokeRatis(SCMHAInvocationHandler.java:113)
	at org.apache.hadoop.hdds.scm.ha.SCMHAInvocationHandler.invoke(SCMHAInvocationHandler.java:72)
	at jdk.proxy2/jdk.proxy2.$Proxy48.updateContainerState(Unknown Source)
	at org.apache.hadoop.hdds.scm.container.ContainerManagerImpl.updateContainerState(ContainerManagerImpl.java:284)
	at org.apache.hadoop.hdds.scm.container.AbstractContainerReportHandler.updateContainerState(AbstractContainerReportHandler.java:290)
	at org.apache.hadoop.hdds.scm.container.AbstractContainerReportHandler.processContainerReplica(AbstractContainerReportHandler.java:115)
	at org.apache.hadoop.hdds.scm.container.ContainerReportHandler.processSingleReplica(ContainerReportHandler.java:229)
	at org.apache.hadoop.hdds.scm.container.ContainerReportHandler.onMessage(ContainerReportHandler.java:181)
	at org.apache.hadoop.hdds.scm.container.ContainerReportHandler.onMessage(ContainerReportHandler.java:44)
	at org.apache.hadoop.hdds.server.events.FixedThreadPoolWithAffinityExecutor$ContainerReportProcessTask.run(FixedThreadPoolWithAffinityExecutor.java:257)
	at java.base/java.util.concurrent.Executors$RunnableAdapter.call(Executors.java:572)
	at java.base/java.util.concurrent.FutureTask.run(FutureTask.java:317)
	at java.base/java.util.concurrent.ThreadPoolExecutor.runWorker(ThreadPoolExecutor.java:1144)
	at java.base/java.util.concurrent.ThreadPoolExecutor$Worker.run(ThreadPoolExecutor.java:642)
	at java.base/java.lang.Thread.run(Thread.java:1583)
Caused by: org.apache.ratis.protocol.exceptions.NotLeaderException: Server e9f0a7df-dfca-4eba-a7d3-db47f637b57c@group-0EF9E94BB6A3 is not the leader, suggested leader is: d608cca7-8f6c-485f-afd6-2c7e3558bc9e|localhost:15003
	at org.apache.ratis.server.impl.RaftServerImpl.generateNotLeaderException(RaftServerImpl.java:804)
	at org.apache.ratis.server.impl.RaftServerImpl.checkLeaderState(RaftServerImpl.java:769)
	at org.apache.ratis.server.impl.RaftServerImpl.checkLeaderState(RaftServerImpl.java:755)
	at org.apache.ratis.server.impl.RaftServerImpl.writeAsyncImpl(RaftServerImpl.java:972)
	at org.apache.ratis.server.impl.RaftServerImpl.writeAsync(RaftServerImpl.java:960)
	at org.apache.ratis.server.impl.RaftServerImpl.replyFuture(RaftServerImpl.java:953)
	at org.apache.ratis.server.impl.RaftServerImpl.submitClientRequestAsync(RaftServerImpl.java:930)
	at org.apache.ratis.server.impl.RaftServerImpl.lambda$null$11(RaftServerImpl.java:919)
	at org.apache.ratis.util.JavaUtils.callAsUnchecked(JavaUtils.java:118)
	at org.apache.ratis.server.impl.RaftServerImpl.lambda$executeSubmitClientRequestAsync$12(RaftServerImpl.java:919)
	at java.base/java.util.concurrent.CompletableFuture$AsyncSupply.run(CompletableFuture.java:1768)
	... 3 more
2025-07-05 15:54:36,071 [scmNode-2-FixedThreadPoolWithAffinityExecutor-9-0] INFO  container.ContainerReportHandler (AbstractContainerReportHandler.java:updateContainerState(289)) - CLOSE Container #3 (CLOSING, sid=14) r0 (CLOSED, bcsid=14, origin=b30b3ffb-bc08-4f2c-b590-0aeed9816472, non-empty) from dn b30b3ffb-bc08-4f2c-b590-0aeed9816472(localhost/127.0.0.1)
2025-07-05 15:54:36,072 [scmNode-2-FixedThreadPoolWithAffinityExecutor-9-0] ERROR container.ContainerReportHandler (ContainerReportHandler.java:processSingleReplica(231)) - Failed to process Container #3 (CLOSING, sid=14) r0 (CLOSED, bcsid=14, origin=b30b3ffb-bc08-4f2c-b590-0aeed9816472, non-empty) from dn b30b3ffb-bc08-4f2c-b590-0aeed9816472(localhost/127.0.0.1)
org.apache.hadoop.hdds.scm.exceptions.SCMException: org.apache.ratis.protocol.exceptions.NotLeaderException: Server 2d344aaf-3adb-4590-a8db-0ff637af21a8@group-0EF9E94BB6A3 is not the leader, suggested leader is: d608cca7-8f6c-485f-afd6-2c7e3558bc9e|localhost:15003
	at org.apache.hadoop.hdds.scm.ha.SCMHAInvocationHandler.translateException(SCMHAInvocationHandler.java:163)
	at org.apache.hadoop.hdds.scm.ha.SCMHAInvocationHandler.invokeRatis(SCMHAInvocationHandler.java:113)
	at org.apache.hadoop.hdds.scm.ha.SCMHAInvocationHandler.invoke(SCMHAInvocationHandler.java:72)
	at jdk.proxy2/jdk.proxy2.$Proxy48.updateContainerState(Unknown Source)
	at org.apache.hadoop.hdds.scm.container.ContainerManagerImpl.updateContainerState(ContainerManagerImpl.java:284)
	at org.apache.hadoop.hdds.scm.container.AbstractContainerReportHandler.updateContainerState(AbstractContainerReportHandler.java:290)
	at org.apache.hadoop.hdds.scm.container.AbstractContainerReportHandler.processContainerReplica(AbstractContainerReportHandler.java:115)
	at org.apache.hadoop.hdds.scm.container.ContainerReportHandler.processSingleReplica(ContainerReportHandler.java:229)
	at org.apache.hadoop.hdds.scm.container.ContainerReportHandler.onMessage(ContainerReportHandler.java:181)
	at org.apache.hadoop.hdds.scm.container.ContainerReportHandler.onMessage(ContainerReportHandler.java:44)
	at org.apache.hadoop.hdds.server.events.FixedThreadPoolWithAffinityExecutor$ContainerReportProcessTask.run(FixedThreadPoolWithAffinityExecutor.java:257)
	at java.base/java.util.concurrent.Executors$RunnableAdapter.call(Executors.java:572)
	at java.base/java.util.concurrent.FutureTask.run(FutureTask.java:317)
	at java.base/java.util.concurrent.ThreadPoolExecutor.runWorker(ThreadPoolExecutor.java:1144)
	at java.base/java.util.concurrent.ThreadPoolExecutor$Worker.run(ThreadPoolExecutor.java:642)
	at java.base/java.lang.Thread.run(Thread.java:1583)
Caused by: org.apache.ratis.protocol.exceptions.NotLeaderException: Server 2d344aaf-3adb-4590-a8db-0ff637af21a8@group-0EF9E94BB6A3 is not the leader, suggested leader is: d608cca7-8f6c-485f-afd6-2c7e3558bc9e|localhost:15003
	at org.apache.ratis.server.impl.RaftServerImpl.generateNotLeaderException(RaftServerImpl.java:804)
	at org.apache.ratis.server.impl.RaftServerImpl.checkLeaderState(RaftServerImpl.java:769)
	at org.apache.ratis.server.impl.RaftServerImpl.checkLeaderState(RaftServerImpl.java:755)
	at org.apache.ratis.server.impl.RaftServerImpl.writeAsyncImpl(RaftServerImpl.java:972)
	at org.apache.ratis.server.impl.RaftServerImpl.writeAsync(RaftServerImpl.java:960)
	at org.apache.ratis.server.impl.RaftServerImpl.replyFuture(RaftServerImpl.java:953)
	at org.apache.ratis.server.impl.RaftServerImpl.submitClientRequestAsync(RaftServerImpl.java:930)
	at org.apache.ratis.server.impl.RaftServerImpl.lambda$null$11(RaftServerImpl.java:919)
	at org.apache.ratis.util.JavaUtils.callAsUnchecked(JavaUtils.java:118)
	at org.apache.ratis.server.impl.RaftServerImpl.lambda$executeSubmitClientRequestAsync$12(RaftServerImpl.java:919)
	at java.base/java.util.concurrent.CompletableFuture$AsyncSupply.run(CompletableFuture.java:1768)
	... 3 more
2025-07-05 15:54:36,071 [scmNode-3-FixedThreadPoolWithAffinityExecutor-9-0] INFO  container.ContainerReportHandler (AbstractContainerReportHandler.java:updateContainerState(289)) - CLOSE Container #3 (CLOSING, sid=14) r0 (CLOSED, bcsid=14, origin=b30b3ffb-bc08-4f2c-b590-0aeed9816472, non-empty) from dn b30b3ffb-bc08-4f2c-b590-0aeed9816472(localhost/127.0.0.1)
2025-07-05 15:54:36,074 [scmNode-2-FixedThreadPoolWithAffinityExecutor-1-0] INFO  container.ContainerReportHandler (AbstractContainerReportHandler.java:updateContainerState(289)) - CLOSE Container #3 (CLOSING, sid=14) r0 (CLOSED, bcsid=14, origin=0584da7b-3980-4d20-b3ba-d97c117b17a2, non-empty) from dn 0584da7b-3980-4d20-b3ba-d97c117b17a2(localhost/127.0.0.1)
2025-07-05 15:54:36,074 [scmNode-3-FixedThreadPoolWithAffinityExecutor-1-0] INFO  container.ContainerReportHandler (AbstractContainerReportHandler.java:updateContainerState(289)) - CLOSE Container #3 (CLOSING, sid=14) r0 (CLOSED, bcsid=14, origin=0584da7b-3980-4d20-b3ba-d97c117b17a2, non-empty) from dn 0584da7b-3980-4d20-b3ba-d97c117b17a2(localhost/127.0.0.1)
2025-07-05 15:54:36,074 [scmNode-3-FixedThreadPoolWithAffinityExecutor-9-0] ERROR container.ContainerReportHandler (ContainerReportHandler.java:processSingleReplica(231)) - Failed to process Container #3 (CLOSING, sid=14) r0 (CLOSED, bcsid=14, origin=b30b3ffb-bc08-4f2c-b590-0aeed9816472, non-empty) from dn b30b3ffb-bc08-4f2c-b590-0aeed9816472(localhost/127.0.0.1)
org.apache.hadoop.hdds.scm.exceptions.SCMException: org.apache.ratis.protocol.exceptions.NotLeaderException: Server e9f0a7df-dfca-4eba-a7d3-db47f637b57c@group-0EF9E94BB6A3 is not the leader, suggested leader is: d608cca7-8f6c-485f-afd6-2c7e3558bc9e|localhost:15003
	at org.apache.hadoop.hdds.scm.ha.SCMHAInvocationHandler.translateException(SCMHAInvocationHandler.java:163)
	at org.apache.hadoop.hdds.scm.ha.SCMHAInvocationHandler.invokeRatis(SCMHAInvocationHandler.java:113)
	at org.apache.hadoop.hdds.scm.ha.SCMHAInvocationHandler.invoke(SCMHAInvocationHandler.java:72)
	at jdk.proxy2/jdk.proxy2.$Proxy48.updateContainerState(Unknown Source)
	at org.apache.hadoop.hdds.scm.container.ContainerManagerImpl.updateContainerState(ContainerManagerImpl.java:284)
	at org.apache.hadoop.hdds.scm.container.AbstractContainerReportHandler.updateContainerState(AbstractContainerReportHandler.java:290)
	at org.apache.hadoop.hdds.scm.container.AbstractContainerReportHandler.processContainerReplica(AbstractContainerReportHandler.java:115)
	at org.apache.hadoop.hdds.scm.container.ContainerReportHandler.processSingleReplica(ContainerReportHandler.java:229)
	at org.apache.hadoop.hdds.scm.container.ContainerReportHandler.onMessage(ContainerReportHandler.java:181)
	at org.apache.hadoop.hdds.scm.container.ContainerReportHandler.onMessage(ContainerReportHandler.java:44)
	at org.apache.hadoop.hdds.server.events.FixedThreadPoolWithAffinityExecutor$ContainerReportProcessTask.run(FixedThreadPoolWithAffinityExecutor.java:257)
	at java.base/java.util.concurrent.Executors$RunnableAdapter.call(Executors.java:572)
	at java.base/java.util.concurrent.FutureTask.run(FutureTask.java:317)
	at java.base/java.util.concurrent.ThreadPoolExecutor.runWorker(ThreadPoolExecutor.java:1144)
	at java.base/java.util.concurrent.ThreadPoolExecutor$Worker.run(ThreadPoolExecutor.java:642)
	at java.base/java.lang.Thread.run(Thread.java:1583)
Caused by: org.apache.ratis.protocol.exceptions.NotLeaderException: Server e9f0a7df-dfca-4eba-a7d3-db47f637b57c@group-0EF9E94BB6A3 is not the leader, suggested leader is: d608cca7-8f6c-485f-afd6-2c7e3558bc9e|localhost:15003
	at org.apache.ratis.server.impl.RaftServerImpl.generateNotLeaderException(RaftServerImpl.java:804)
	at org.apache.ratis.server.impl.RaftServerImpl.checkLeaderState(RaftServerImpl.java:769)
	at org.apache.ratis.server.impl.RaftServerImpl.checkLeaderState(RaftServerImpl.java:755)
	at org.apache.ratis.server.impl.RaftServerImpl.writeAsyncImpl(RaftServerImpl.java:972)
	at org.apache.ratis.server.impl.RaftServerImpl.writeAsync(RaftServerImpl.java:960)
	at org.apache.ratis.server.impl.RaftServerImpl.replyFuture(RaftServerImpl.java:953)
	at org.apache.ratis.server.impl.RaftServerImpl.submitClientRequestAsync(RaftServerImpl.java:930)
	at org.apache.ratis.server.impl.RaftServerImpl.lambda$null$11(RaftServerImpl.java:919)
	at org.apache.ratis.util.JavaUtils.callAsUnchecked(JavaUtils.java:118)
	at org.apache.ratis.server.impl.RaftServerImpl.lambda$executeSubmitClientRequestAsync$12(RaftServerImpl.java:919)
	at java.base/java.util.concurrent.CompletableFuture$AsyncSupply.run(CompletableFuture.java:1768)
	... 3 more
2025-07-05 15:54:36,075 [scmNode-2-FixedThreadPoolWithAffinityExecutor-1-0] ERROR container.ContainerReportHandler (ContainerReportHandler.java:processSingleReplica(231)) - Failed to process Container #3 (CLOSING, sid=14) r0 (CLOSED, bcsid=14, origin=0584da7b-3980-4d20-b3ba-d97c117b17a2, non-empty) from dn 0584da7b-3980-4d20-b3ba-d97c117b17a2(localhost/127.0.0.1)
org.apache.hadoop.hdds.scm.exceptions.SCMException: org.apache.ratis.protocol.exceptions.NotLeaderException: Server 2d344aaf-3adb-4590-a8db-0ff637af21a8@group-0EF9E94BB6A3 is not the leader, suggested leader is: d608cca7-8f6c-485f-afd6-2c7e3558bc9e|localhost:15003
	at org.apache.hadoop.hdds.scm.ha.SCMHAInvocationHandler.translateException(SCMHAInvocationHandler.java:163)
	at org.apache.hadoop.hdds.scm.ha.SCMHAInvocationHandler.invokeRatis(SCMHAInvocationHandler.java:113)
	at org.apache.hadoop.hdds.scm.ha.SCMHAInvocationHandler.invoke(SCMHAInvocationHandler.java:72)
	at jdk.proxy2/jdk.proxy2.$Proxy48.updateContainerState(Unknown Source)
	at org.apache.hadoop.hdds.scm.container.ContainerManagerImpl.updateContainerState(ContainerManagerImpl.java:284)
	at org.apache.hadoop.hdds.scm.container.AbstractContainerReportHandler.updateContainerState(AbstractContainerReportHandler.java:290)
	at org.apache.hadoop.hdds.scm.container.AbstractContainerReportHandler.processContainerReplica(AbstractContainerReportHandler.java:115)
	at org.apache.hadoop.hdds.scm.container.ContainerReportHandler.processSingleReplica(ContainerReportHandler.java:229)
	at org.apache.hadoop.hdds.scm.container.ContainerReportHandler.onMessage(ContainerReportHandler.java:181)
	at org.apache.hadoop.hdds.scm.container.ContainerReportHandler.onMessage(ContainerReportHandler.java:44)
	at org.apache.hadoop.hdds.server.events.FixedThreadPoolWithAffinityExecutor$ContainerReportProcessTask.run(FixedThreadPoolWithAffinityExecutor.java:257)
	at java.base/java.util.concurrent.Executors$RunnableAdapter.call(Executors.java:572)
	at java.base/java.util.concurrent.FutureTask.run(FutureTask.java:317)
	at java.base/java.util.concurrent.ThreadPoolExecutor.runWorker(ThreadPoolExecutor.java:1144)
	at java.base/java.util.concurrent.ThreadPoolExecutor$Worker.run(ThreadPoolExecutor.java:642)
	at java.base/java.lang.Thread.run(Thread.java:1583)
Caused by: org.apache.ratis.protocol.exceptions.NotLeaderException: Server 2d344aaf-3adb-4590-a8db-0ff637af21a8@group-0EF9E94BB6A3 is not the leader, suggested leader is: d608cca7-8f6c-485f-afd6-2c7e3558bc9e|localhost:15003
	at org.apache.ratis.server.impl.RaftServerImpl.generateNotLeaderException(RaftServerImpl.java:804)
	at org.apache.ratis.server.impl.RaftServerImpl.checkLeaderState(RaftServerImpl.java:769)
	at org.apache.ratis.server.impl.RaftServerImpl.checkLeaderState(RaftServerImpl.java:755)
	at org.apache.ratis.server.impl.RaftServerImpl.writeAsyncImpl(RaftServerImpl.java:972)
	at org.apache.ratis.server.impl.RaftServerImpl.writeAsync(RaftServerImpl.java:960)
	at org.apache.ratis.server.impl.RaftServerImpl.replyFuture(RaftServerImpl.java:953)
	at org.apache.ratis.server.impl.RaftServerImpl.submitClientRequestAsync(RaftServerImpl.java:930)
	at org.apache.ratis.server.impl.RaftServerImpl.lambda$null$11(RaftServerImpl.java:919)
	at org.apache.ratis.util.JavaUtils.callAsUnchecked(JavaUtils.java:118)
	at org.apache.ratis.server.impl.RaftServerImpl.lambda$executeSubmitClientRequestAsync$12(RaftServerImpl.java:919)
	at java.base/java.util.concurrent.CompletableFuture$AsyncSupply.run(CompletableFuture.java:1768)
	... 3 more
2025-07-05 15:54:36,076 [scmNode-3-FixedThreadPoolWithAffinityExecutor-1-0] ERROR container.ContainerReportHandler (ContainerReportHandler.java:processSingleReplica(231)) - Failed to process Container #3 (CLOSING, sid=14) r0 (CLOSED, bcsid=14, origin=0584da7b-3980-4d20-b3ba-d97c117b17a2, non-empty) from dn 0584da7b-3980-4d20-b3ba-d97c117b17a2(localhost/127.0.0.1)
org.apache.hadoop.hdds.scm.exceptions.SCMException: org.apache.ratis.protocol.exceptions.NotLeaderException: Server e9f0a7df-dfca-4eba-a7d3-db47f637b57c@group-0EF9E94BB6A3 is not the leader, suggested leader is: d608cca7-8f6c-485f-afd6-2c7e3558bc9e|localhost:15003
	at org.apache.hadoop.hdds.scm.ha.SCMHAInvocationHandler.translateException(SCMHAInvocationHandler.java:163)
	at org.apache.hadoop.hdds.scm.ha.SCMHAInvocationHandler.invokeRatis(SCMHAInvocationHandler.java:113)
	at org.apache.hadoop.hdds.scm.ha.SCMHAInvocationHandler.invoke(SCMHAInvocationHandler.java:72)
	at jdk.proxy2/jdk.proxy2.$Proxy48.updateContainerState(Unknown Source)
	at org.apache.hadoop.hdds.scm.container.ContainerManagerImpl.updateContainerState(ContainerManagerImpl.java:284)
	at org.apache.hadoop.hdds.scm.container.AbstractContainerReportHandler.updateContainerState(AbstractContainerReportHandler.java:290)
	at org.apache.hadoop.hdds.scm.container.AbstractContainerReportHandler.processContainerReplica(AbstractContainerReportHandler.java:115)
	at org.apache.hadoop.hdds.scm.container.ContainerReportHandler.processSingleReplica(ContainerReportHandler.java:229)
	at org.apache.hadoop.hdds.scm.container.ContainerReportHandler.onMessage(ContainerReportHandler.java:181)
	at org.apache.hadoop.hdds.scm.container.ContainerReportHandler.onMessage(ContainerReportHandler.java:44)
	at org.apache.hadoop.hdds.server.events.FixedThreadPoolWithAffinityExecutor$ContainerReportProcessTask.run(FixedThreadPoolWithAffinityExecutor.java:257)
	at java.base/java.util.concurrent.Executors$RunnableAdapter.call(Executors.java:572)
	at java.base/java.util.concurrent.FutureTask.run(FutureTask.java:317)
	at java.base/java.util.concurrent.ThreadPoolExecutor.runWorker(ThreadPoolExecutor.java:1144)
	at java.base/java.util.concurrent.ThreadPoolExecutor$Worker.run(ThreadPoolExecutor.java:642)
	at java.base/java.lang.Thread.run(Thread.java:1583)
Caused by: org.apache.ratis.protocol.exceptions.NotLeaderException: Server e9f0a7df-dfca-4eba-a7d3-db47f637b57c@group-0EF9E94BB6A3 is not the leader, suggested leader is: d608cca7-8f6c-485f-afd6-2c7e3558bc9e|localhost:15003
	at org.apache.ratis.server.impl.RaftServerImpl.generateNotLeaderException(RaftServerImpl.java:804)
	at org.apache.ratis.server.impl.RaftServerImpl.checkLeaderState(RaftServerImpl.java:769)
	at org.apache.ratis.server.impl.RaftServerImpl.checkLeaderState(RaftServerImpl.java:755)
	at org.apache.ratis.server.impl.RaftServerImpl.writeAsyncImpl(RaftServerImpl.java:972)
	at org.apache.ratis.server.impl.RaftServerImpl.writeAsync(RaftServerImpl.java:960)
	at org.apache.ratis.server.impl.RaftServerImpl.replyFuture(RaftServerImpl.java:953)
	at org.apache.ratis.server.impl.RaftServerImpl.submitClientRequestAsync(RaftServerImpl.java:930)
	at org.apache.ratis.server.impl.RaftServerImpl.lambda$null$11(RaftServerImpl.java:919)
	at org.apache.ratis.util.JavaUtils.callAsUnchecked(JavaUtils.java:118)
	at org.apache.ratis.server.impl.RaftServerImpl.lambda$executeSubmitClientRequestAsync$12(RaftServerImpl.java:919)
	at java.base/java.util.concurrent.CompletableFuture$AsyncSupply.run(CompletableFuture.java:1768)
	... 3 more
2025-07-05 15:54:37,076 [0584da7b-3980-4d20-b3ba-d97c117b17a2-ChunkReader-1] ERROR keyvalue.KeyValueHandler (KeyValueHandler.java:handleGetContainerChecksumInfo(765)) - Error occurred when reading checksum file for container 3
java.nio.file.AccessDeniedException: /home/runner/work/ozone/ozone/hadoop-ozone/integration-test/target/test-dir/MiniOzoneClusterImpl-ea17cf83-5a24-424f-8e3a-0ef9e94bb6a3/ozone-meta/datanode-1/data-0/hdds/ea17cf83-5a24-424f-8e3a-0ef9e94bb6a3/current/containerDir0/3/metadata/3.tree
	at java.base/sun.nio.fs.UnixException.translateToIOException(UnixException.java:90)
	at java.base/sun.nio.fs.UnixException.rethrowAsIOException(UnixException.java:106)
	at java.base/sun.nio.fs.UnixException.rethrowAsIOException(UnixException.java:111)
	at java.base/sun.nio.fs.UnixFileSystemProvider.newByteChannel(UnixFileSystemProvider.java:261)
	at java.base/java.nio.file.Files.newByteChannel(Files.java:380)
	at java.base/java.nio.file.Files.newByteChannel(Files.java:432)
	at java.base/java.nio.file.spi.FileSystemProvider.newInputStream(FileSystemProvider.java:420)
	at java.base/java.nio.file.Files.newInputStream(Files.java:160)
	at org.apache.hadoop.ozone.container.checksum.ContainerChecksumTreeManager.getContainerChecksumInfo(ContainerChecksumTreeManager.java:414)
	at org.apache.hadoop.ozone.container.keyvalue.KeyValueHandler.handleGetContainerChecksumInfo(KeyValueHandler.java:762)
	at org.apache.hadoop.ozone.container.keyvalue.KeyValueHandler.dispatchRequest(KeyValueHandler.java:361)
	at org.apache.hadoop.ozone.container.keyvalue.KeyValueHandler.handle(KeyValueHandler.java:293)
	at org.apache.hadoop.ozone.container.common.impl.HddsDispatcher.dispatchRequest(HddsDispatcher.java:365)
	at org.apache.hadoop.ozone.container.common.impl.HddsDispatcher.lambda$dispatch$1(HddsDispatcher.java:190)
	at org.apache.hadoop.hdds.server.OzoneProtocolMessageDispatcher.processRequest(OzoneProtocolMessageDispatcher.java:87)
	at org.apache.hadoop.ozone.container.common.impl.HddsDispatcher.dispatch(HddsDispatcher.java:189)
	at org.apache.hadoop.ozone.container.common.transport.server.GrpcXceiverService$1.onNext(GrpcXceiverService.java:107)
	at org.apache.hadoop.ozone.container.common.transport.server.GrpcXceiverService$1.onNext(GrpcXceiverService.java:96)
	at org.apache.ratis.thirdparty.io.grpc.stub.ServerCalls$StreamingServerCallHandler$StreamingServerCallListener.onMessage(ServerCalls.java:262)
	at org.apache.ratis.thirdparty.io.grpc.ForwardingServerCallListener.onMessage(ForwardingServerCallListener.java:33)
	at org.apache.hadoop.hdds.tracing.GrpcServerInterceptor$1.onMessage(GrpcServerInterceptor.java:49)
	at org.apache.ratis.thirdparty.io.grpc.internal.ServerCallImpl$ServerStreamListenerImpl.messagesAvailableInternal(ServerCallImpl.java:334)
	at org.apache.ratis.thirdparty.io.grpc.internal.ServerCallImpl$ServerStreamListenerImpl.messagesAvailable(ServerCallImpl.java:319)
	at org.apache.ratis.thirdparty.io.grpc.internal.ServerImpl$JumpToApplicationThreadServerStreamListener$1MessagesAvailable.runInContext(ServerImpl.java:834)
	at org.apache.ratis.thirdparty.io.grpc.internal.ContextRunnable.run(ContextRunnable.java:37)
	at org.apache.ratis.thirdparty.io.grpc.internal.SerializingExecutor.run(SerializingExecutor.java:133)
	at java.base/java.util.concurrent.ThreadPoolExecutor.runWorker(ThreadPoolExecutor.java:1144)
	at java.base/java.util.concurrent.ThreadPoolExecutor$Worker.run(ThreadPoolExecutor.java:642)
	at java.base/java.lang.Thread.run(Thread.java:1583)
2025-07-05T15:54:37.078841737Z 0584da7b-3980-4d20-b3ba-d97c117b17a2-ChunkReader-1 ERROR user=null | ip=null | op=GET_CONTAINER_CHECKSUM_INFO null | ret=FAILURE
java.lang.Exception: /home/runner/work/ozone/ozone/hadoop-ozone/integration-test/target/test-dir/MiniOzoneClusterImpl-ea17cf83-5a24-424f-8e3a-0ef9e94bb6a3/ozone-meta/datanode-1/data-0/hdds/ea17cf83-5a24-424f-8e3a-0ef9e94bb6a3/current/containerDir0/3/metadata/3.tree
	at org.apache.hadoop.ozone.container.common.impl.HddsDispatcher.dispatchRequest(HddsDispatcher.java:439)
	at org.apache.hadoop.ozone.container.common.impl.HddsDispatcher.lambda$dispatch$1(HddsDispatcher.java:190)
	at org.apache.hadoop.hdds.server.OzoneProtocolMessageDispatcher.processRequest(OzoneProtocolMessageDispatcher.java:87)
	at org.apache.hadoop.ozone.container.common.impl.HddsDispatcher.dispatch(HddsDispatcher.java:189)
	at org.apache.hadoop.ozone.container.common.transport.server.GrpcXceiverService$1.onNext(GrpcXceiverService.java:107)
	at org.apache.hadoop.ozone.container.common.transport.server.GrpcXceiverService$1.onNext(GrpcXceiverService.java:96)
	at org.apache.ratis.thirdparty.io.grpc.stub.ServerCalls$StreamingServerCallHandler$StreamingServerCallListener.onMessage(ServerCalls.java:262)
	at org.apache.ratis.thirdparty.io.grpc.ForwardingServerCallListener.onMessage(ForwardingServerCallListener.java:33)
	at org.apache.hadoop.hdds.tracing.GrpcServerInterceptor$1.onMessage(GrpcServerInterceptor.java:49)
	at org.apache.ratis.thirdparty.io.grpc.internal.ServerCallImpl$ServerStreamListenerImpl.messagesAvailableInternal(ServerCallImpl.java:334)
	at org.apache.ratis.thirdparty.io.grpc.internal.ServerCallImpl$ServerStreamListenerImpl.messagesAvailable(ServerCallImpl.java:319)
	at org.apache.ratis.thirdparty.io.grpc.internal.ServerImpl$JumpToApplicationThreadServerStreamListener$1MessagesAvailable.runInContext(ServerImpl.java:834)
	at org.apache.ratis.thirdparty.io.grpc.internal.ContextRunnable.run(ContextRunnable.java:37)
	at org.apache.ratis.thirdparty.io.grpc.internal.SerializingExecutor.run(SerializingExecutor.java:133)
	at java.base/java.util.concurrent.ThreadPoolExecutor.runWorker(ThreadPoolExecutor.java:1144)
	at java.base/java.util.concurrent.ThreadPoolExecutor$Worker.run(ThreadPoolExecutor.java:642)
	at java.base/java.lang.Thread.run(Thread.java:1583)
2025-07-05 15:54:37,080 [main] WARN  scm.XceiverClientGrpc (XceiverClientGrpc.java:sendCommandWithRetry(503)) - Failed to execute command GetContainerChecksumInfo on the pipeline Pipeline{ Id: 0584da7b-3980-4d20-b3ba-d97c117b17a2, Nodes: [ {0584da7b-3980-4d20-b3ba-d97c117b17a2(localhost/127.0.0.1), ReplicaIndex: 0},], ReplicationConfig: STANDALONE/ONE, State:CLOSED, leaderId:, CreationTimestamp2025-07-05T15:54:23.848022226Z[Etc/UTC]}.
]]></system-out>
  </testcase>
  <testcase name="testContainerChecksumChunkCorruption" classname="org.apache.hadoop.ozone.dn.checksum.TestContainerCommandReconciliation" time="9.254">
    <system-out><![CDATA[2025-07-05 15:54:37,083 [main] INFO  rpc.RpcClient (RpcClient.java:createVolume(461)) - Creating Volume: 1e99e2bf-05c6-4940-b722-188fcea7627e, with scm as owner and space quota set to -1 bytes, counts quota set to -1
2025-07-05 15:54:37,085 [om1-OMStateMachineApplyTransactionThread - 0] WARN  helpers.OzoneAclUtil (OzoneAclUtil.java:getDefaultAclList(68)) - Failed to get primary group from user scm (auth:SIMPLE)
2025-07-05 15:54:37,086 [om1-OMStateMachineApplyTransactionThread - 0] INFO  volume.OMVolumeCreateRequest (OMVolumeCreateRequest.java:validateAndUpdateCache(203)) - created volume:1e99e2bf-05c6-4940-b722-188fcea7627e for user:scm
2025-07-05 15:54:37,088 [main] INFO  rpc.RpcClient (RpcClient.java:createBucket(686)) - Creating Bucket: 1e99e2bf-05c6-4940-b722-188fcea7627e/91697c88-7480-4694-ad11-544f949827a7, with server-side default bucket layout, scm as owner, Versioning false, Storage Type set to DISK and Encryption set to false, Replication Type set to server-side default replication type, Namespace Quota set to -1, Space Quota set to -1 
2025-07-05 15:54:37,090 [om1-OMStateMachineApplyTransactionThread - 0] WARN  helpers.OzoneAclUtil (OzoneAclUtil.java:getDefaultAclList(68)) - Failed to get primary group from user scm/localhost@EXAMPLE.COM (auth:SIMPLE)
2025-07-05 15:54:37,090 [om1-OMStateMachineApplyTransactionThread - 0] INFO  bucket.OMBucketCreateRequest (OMBucketCreateRequest.java:validateAndUpdateCache(292)) - created bucket: 91697c88-7480-4694-ad11-544f949827a7 of layout FILE_SYSTEM_OPTIMIZED in volume: 1e99e2bf-05c6-4940-b722-188fcea7627e
2025-07-05 15:54:37,099 [pool-228-thread-1] ERROR checksum.ContainerChecksumTreeManager (ContainerChecksumTreeManager.java:writeContainerDataTree(102)) - Failed to read container checksum tree file for container 3. Creating a new instance.
java.io.IOException: java.io.IOException: Error occurred when reading container merkle tree for containerID 3 at path /home/runner/work/ozone/ozone/hadoop-ozone/integration-test/target/test-dir/MiniOzoneClusterImpl-ea17cf83-5a24-424f-8e3a-0ef9e94bb6a3/ozone-meta/datanode-1/data-0/hdds/ea17cf83-5a24-424f-8e3a-0ef9e94bb6a3/current/containerDir0/3/metadata/3.tree
	at org.apache.hadoop.ozone.container.checksum.ContainerChecksumTreeManager.read(ContainerChecksumTreeManager.java:359)
	at org.apache.hadoop.ozone.container.checksum.ContainerChecksumTreeManager.readBuilder(ContainerChecksumTreeManager.java:364)
	at org.apache.hadoop.ozone.container.checksum.ContainerChecksumTreeManager.writeContainerDataTree(ContainerChecksumTreeManager.java:100)
	at org.apache.hadoop.ozone.container.keyvalue.KeyValueHandler.updateAndGetContainerChecksum(KeyValueHandler.java:1438)
	at org.apache.hadoop.ozone.container.keyvalue.KeyValueHandler.updateContainerChecksum(KeyValueHandler.java:1379)
	at org.apache.hadoop.ozone.container.ozoneimpl.ContainerController.updateContainerChecksum(ContainerController.java:143)
	at org.apache.hadoop.ozone.container.ozoneimpl.ContainerScanHelper.scanData(ContainerScanHelper.java:73)
	at org.apache.hadoop.ozone.container.ozoneimpl.OnDemandContainerDataScanner.performOnDemandScan(OnDemandContainerDataScanner.java:106)
	at org.apache.hadoop.ozone.container.ozoneimpl.OnDemandContainerDataScanner.lambda$scanContainer$0(OnDemandContainerDataScanner.java:88)
	at java.base/java.util.concurrent.Executors$RunnableAdapter.call(Executors.java:572)
	at java.base/java.util.concurrent.FutureTask.run(FutureTask.java:317)
	at java.base/java.util.concurrent.ThreadPoolExecutor.runWorker(ThreadPoolExecutor.java:1144)
	at java.base/java.util.concurrent.ThreadPoolExecutor$Worker.run(ThreadPoolExecutor.java:642)
	at java.base/java.lang.Thread.run(Thread.java:1583)
Caused by: java.io.IOException: Error occurred when reading container merkle tree for containerID 3 at path /home/runner/work/ozone/ozone/hadoop-ozone/integration-test/target/test-dir/MiniOzoneClusterImpl-ea17cf83-5a24-424f-8e3a-0ef9e94bb6a3/ozone-meta/datanode-1/data-0/hdds/ea17cf83-5a24-424f-8e3a-0ef9e94bb6a3/current/containerDir0/3/metadata/3.tree
	at org.apache.hadoop.ozone.container.checksum.ContainerChecksumTreeManager.readChecksumInfo(ContainerChecksumTreeManager.java:438)
	at org.apache.hadoop.ozone.container.checksum.ContainerChecksumTreeManager.lambda$read$4(ContainerChecksumTreeManager.java:356)
	at org.apache.hadoop.ozone.util.MetricUtil.captureLatencyNs(MetricUtil.java:45)
	at org.apache.hadoop.ozone.container.checksum.ContainerChecksumTreeManager.read(ContainerChecksumTreeManager.java:356)
	... 13 more
Caused by: java.nio.file.AccessDeniedException: /home/runner/work/ozone/ozone/hadoop-ozone/integration-test/target/test-dir/MiniOzoneClusterImpl-ea17cf83-5a24-424f-8e3a-0ef9e94bb6a3/ozone-meta/datanode-1/data-0/hdds/ea17cf83-5a24-424f-8e3a-0ef9e94bb6a3/current/containerDir0/3/metadata/3.tree
	at java.base/sun.nio.fs.UnixException.translateToIOException(UnixException.java:90)
	at java.base/sun.nio.fs.UnixException.rethrowAsIOException(UnixException.java:106)
	at java.base/sun.nio.fs.UnixException.rethrowAsIOException(UnixException.java:111)
	at java.base/sun.nio.fs.UnixFileSystemProvider.newByteChannel(UnixFileSystemProvider.java:261)
	at java.base/java.nio.file.Files.newByteChannel(Files.java:380)
	at java.base/java.nio.file.Files.newByteChannel(Files.java:432)
	at java.base/java.nio.file.spi.FileSystemProvider.newInputStream(FileSystemProvider.java:420)
	at java.base/java.nio.file.Files.newInputStream(Files.java:160)
	at org.apache.hadoop.ozone.container.checksum.ContainerChecksumTreeManager.readChecksumInfo(ContainerChecksumTreeManager.java:433)
	... 16 more
2025-07-05 15:54:37,535 [om1-OMStateMachineApplyTransactionThread - 0] WARN  helpers.OzoneAclUtil (OzoneAclUtil.java:getDefaultAclList(68)) - Failed to get primary group from user scm/localhost@EXAMPLE.COM (auth:SIMPLE)
2025-07-05 15:54:37,572 [Socket Reader #1 for port 15002] INFO  ipc.Server (Server.java:saslProcess(2290)) - Auth successful for scm/localhost@EXAMPLE.COM (auth:KERBEROS) from 127.0.0.1:42525
2025-07-05 15:54:37,574 [0584da7b-3980-4d20-b3ba-d97c117b17a2-client-thread1] INFO  symmetric.DefaultSecretKeyVerifierClient (DefaultSecretKeyVerifierClient.java:load(71)) - Secret key fetched from SCM: SecretKey(id = d68e803d-24ae-4d18-af54-e13ef808b648, creation at: 2025-07-05T15:53:53.915Z, expire at: 2025-07-05T16:02:13.915Z)
2025-07-05 15:54:37,576 [0584da7b-3980-4d20-b3ba-d97c117b17a2-ChunkWriter-0-0] WARN  statemachine.DatanodeConfiguration (DatanodeConfiguration.java:validateMinFreeSpace(751)) - hdds.datanode.volume.min.free.space.percent = -1.0 is invalid, should be between 0 and 1
2025-07-05 15:54:37,576 [0584da7b-3980-4d20-b3ba-d97c117b17a2-ChunkWriter-0-0] WARN  statemachine.DatanodeConfiguration (DatanodeConfiguration.java:validateMinFreeSpace(751)) - hdds.datanode.volume.min.free.space.percent = -1.0 is invalid, should be between 0 and 1
2025-07-05 15:54:37,581 [b30b3ffb-bc08-4f2c-b590-0aeed9816472-ChunkWriter-0-0] WARN  statemachine.DatanodeConfiguration (DatanodeConfiguration.java:validateMinFreeSpace(751)) - hdds.datanode.volume.min.free.space.percent = -1.0 is invalid, should be between 0 and 1
2025-07-05 15:54:37,583 [b30b3ffb-bc08-4f2c-b590-0aeed9816472-ChunkWriter-0-0] WARN  statemachine.DatanodeConfiguration (DatanodeConfiguration.java:validateMinFreeSpace(751)) - hdds.datanode.volume.min.free.space.percent = -1.0 is invalid, should be between 0 and 1
2025-07-05 15:54:37,586 [11776e6b-d53e-4cdc-a879-730cb763d81d-ChunkWriter-0-0] WARN  statemachine.DatanodeConfiguration (DatanodeConfiguration.java:validateMinFreeSpace(751)) - hdds.datanode.volume.min.free.space.percent = -1.0 is invalid, should be between 0 and 1
2025-07-05 15:54:37,587 [11776e6b-d53e-4cdc-a879-730cb763d81d-ChunkWriter-0-0] WARN  statemachine.DatanodeConfiguration (DatanodeConfiguration.java:validateMinFreeSpace(751)) - hdds.datanode.volume.min.free.space.percent = -1.0 is invalid, should be between 0 and 1
2025-07-05 15:54:37,621 [0584da7b-3980-4d20-b3ba-d97c117b17a2-ChunkWriter-1-0] WARN  statemachine.DatanodeConfiguration (DatanodeConfiguration.java:validateMinFreeSpace(751)) - hdds.datanode.volume.min.free.space.percent = -1.0 is invalid, should be between 0 and 1
2025-07-05 15:54:37,622 [0584da7b-3980-4d20-b3ba-d97c117b17a2-ChunkWriter-1-0] WARN  statemachine.DatanodeConfiguration (DatanodeConfiguration.java:validateMinFreeSpace(751)) - hdds.datanode.volume.min.free.space.percent = -1.0 is invalid, should be between 0 and 1
2025-07-05 15:54:37,628 [11776e6b-d53e-4cdc-a879-730cb763d81d-ChunkWriter-1-0] WARN  statemachine.DatanodeConfiguration (DatanodeConfiguration.java:validateMinFreeSpace(751)) - hdds.datanode.volume.min.free.space.percent = -1.0 is invalid, should be between 0 and 1
2025-07-05 15:54:37,628 [b30b3ffb-bc08-4f2c-b590-0aeed9816472-ChunkWriter-1-0] WARN  statemachine.DatanodeConfiguration (DatanodeConfiguration.java:validateMinFreeSpace(751)) - hdds.datanode.volume.min.free.space.percent = -1.0 is invalid, should be between 0 and 1
2025-07-05 15:54:37,631 [b30b3ffb-bc08-4f2c-b590-0aeed9816472-ChunkWriter-1-0] WARN  statemachine.DatanodeConfiguration (DatanodeConfiguration.java:validateMinFreeSpace(751)) - hdds.datanode.volume.min.free.space.percent = -1.0 is invalid, should be between 0 and 1
2025-07-05 15:54:37,631 [11776e6b-d53e-4cdc-a879-730cb763d81d-ChunkWriter-1-0] WARN  statemachine.DatanodeConfiguration (DatanodeConfiguration.java:validateMinFreeSpace(751)) - hdds.datanode.volume.min.free.space.percent = -1.0 is invalid, should be between 0 and 1
2025-07-05 15:54:37,691 [11776e6b-d53e-4cdc-a879-730cb763d81d-ChunkWriter-0-0] WARN  statemachine.DatanodeConfiguration (DatanodeConfiguration.java:validateMinFreeSpace(751)) - hdds.datanode.volume.min.free.space.percent = -1.0 is invalid, should be between 0 and 1
2025-07-05 15:54:37,692 [11776e6b-d53e-4cdc-a879-730cb763d81d-ChunkWriter-0-0] WARN  statemachine.DatanodeConfiguration (DatanodeConfiguration.java:validateMinFreeSpace(751)) - hdds.datanode.volume.min.free.space.percent = -1.0 is invalid, should be between 0 and 1
2025-07-05 15:54:37,696 [b30b3ffb-bc08-4f2c-b590-0aeed9816472-ChunkWriter-0-0] WARN  statemachine.DatanodeConfiguration (DatanodeConfiguration.java:validateMinFreeSpace(751)) - hdds.datanode.volume.min.free.space.percent = -1.0 is invalid, should be between 0 and 1
2025-07-05 15:54:37,696 [0584da7b-3980-4d20-b3ba-d97c117b17a2-ChunkWriter-0-0] WARN  statemachine.DatanodeConfiguration (DatanodeConfiguration.java:validateMinFreeSpace(751)) - hdds.datanode.volume.min.free.space.percent = -1.0 is invalid, should be between 0 and 1
2025-07-05 15:54:37,696 [0584da7b-3980-4d20-b3ba-d97c117b17a2-ChunkWriter-0-0] WARN  statemachine.DatanodeConfiguration (DatanodeConfiguration.java:validateMinFreeSpace(751)) - hdds.datanode.volume.min.free.space.percent = -1.0 is invalid, should be between 0 and 1
2025-07-05 15:54:37,696 [b30b3ffb-bc08-4f2c-b590-0aeed9816472-ChunkWriter-0-0] WARN  statemachine.DatanodeConfiguration (DatanodeConfiguration.java:validateMinFreeSpace(751)) - hdds.datanode.volume.min.free.space.percent = -1.0 is invalid, should be between 0 and 1
2025-07-05 15:54:37,723 [11776e6b-d53e-4cdc-a879-730cb763d81d-ChunkWriter-1-0] WARN  statemachine.DatanodeConfiguration (DatanodeConfiguration.java:validateMinFreeSpace(751)) - hdds.datanode.volume.min.free.space.percent = -1.0 is invalid, should be between 0 and 1
2025-07-05 15:54:37,724 [11776e6b-d53e-4cdc-a879-730cb763d81d-ChunkWriter-1-0] WARN  statemachine.DatanodeConfiguration (DatanodeConfiguration.java:validateMinFreeSpace(751)) - hdds.datanode.volume.min.free.space.percent = -1.0 is invalid, should be between 0 and 1
2025-07-05 15:54:37,726 [b30b3ffb-bc08-4f2c-b590-0aeed9816472-ChunkWriter-1-0] WARN  statemachine.DatanodeConfiguration (DatanodeConfiguration.java:validateMinFreeSpace(751)) - hdds.datanode.volume.min.free.space.percent = -1.0 is invalid, should be between 0 and 1
2025-07-05 15:54:37,726 [b30b3ffb-bc08-4f2c-b590-0aeed9816472-ChunkWriter-1-0] WARN  statemachine.DatanodeConfiguration (DatanodeConfiguration.java:validateMinFreeSpace(751)) - hdds.datanode.volume.min.free.space.percent = -1.0 is invalid, should be between 0 and 1
2025-07-05 15:54:37,729 [0584da7b-3980-4d20-b3ba-d97c117b17a2-ChunkWriter-1-0] WARN  statemachine.DatanodeConfiguration (DatanodeConfiguration.java:validateMinFreeSpace(751)) - hdds.datanode.volume.min.free.space.percent = -1.0 is invalid, should be between 0 and 1
2025-07-05 15:54:37,729 [0584da7b-3980-4d20-b3ba-d97c117b17a2-ChunkWriter-1-0] WARN  statemachine.DatanodeConfiguration (DatanodeConfiguration.java:validateMinFreeSpace(751)) - hdds.datanode.volume.min.free.space.percent = -1.0 is invalid, should be between 0 and 1
2025-07-05 15:54:37,737 [scmNode-2-FixedThreadPoolWithAffinityExecutor-9-0] WARN  container.IncrementalContainerReportHandler (IncrementalContainerReportHandler.java:processICR(109)) - Container not found: Container #7 (NOT_FOUND) r0 (OPEN, bcsid=0, origin=b30b3ffb-bc08-4f2c-b590-0aeed9816472, non-empty) from dn b30b3ffb-bc08-4f2c-b590-0aeed9816472(localhost/127.0.0.1)
2025-07-05 15:54:37,739 [scmNode-3-FixedThreadPoolWithAffinityExecutor-0-0] WARN  container.IncrementalContainerReportHandler (IncrementalContainerReportHandler.java:processICR(109)) - Container not found: Container #7 (NOT_FOUND) r0 (OPEN, bcsid=0, origin=11776e6b-d53e-4cdc-a879-730cb763d81d, non-empty) from dn 11776e6b-d53e-4cdc-a879-730cb763d81d(localhost/127.0.0.1)
2025-07-05 15:54:37,738 [scmNode-2-FixedThreadPoolWithAffinityExecutor-0-0] WARN  container.IncrementalContainerReportHandler (IncrementalContainerReportHandler.java:processICR(109)) - Container not found: Container #7 (NOT_FOUND) r0 (OPEN, bcsid=0, origin=11776e6b-d53e-4cdc-a879-730cb763d81d, non-empty) from dn 11776e6b-d53e-4cdc-a879-730cb763d81d(localhost/127.0.0.1)
2025-07-05 15:54:37,738 [scmNode-3-FixedThreadPoolWithAffinityExecutor-9-0] WARN  container.IncrementalContainerReportHandler (IncrementalContainerReportHandler.java:processICR(109)) - Container not found: Container #7 (NOT_FOUND) r0 (OPEN, bcsid=0, origin=b30b3ffb-bc08-4f2c-b590-0aeed9816472, non-empty) from dn b30b3ffb-bc08-4f2c-b590-0aeed9816472(localhost/127.0.0.1)
2025-07-05 15:54:37,739 [scmNode-3-FixedThreadPoolWithAffinityExecutor-1-0] WARN  container.IncrementalContainerReportHandler (IncrementalContainerReportHandler.java:processICR(109)) - Container not found: Container #7 (NOT_FOUND) r0 (OPEN, bcsid=0, origin=0584da7b-3980-4d20-b3ba-d97c117b17a2, non-empty) from dn 0584da7b-3980-4d20-b3ba-d97c117b17a2(localhost/127.0.0.1)
2025-07-05 15:54:37,738 [scmNode-2-FixedThreadPoolWithAffinityExecutor-1-0] WARN  container.IncrementalContainerReportHandler (IncrementalContainerReportHandler.java:processICR(109)) - Container not found: Container #7 (NOT_FOUND) r0 (OPEN, bcsid=0, origin=0584da7b-3980-4d20-b3ba-d97c117b17a2, non-empty) from dn 0584da7b-3980-4d20-b3ba-d97c117b17a2(localhost/127.0.0.1)
2025-07-05 15:54:38,470 [scmNode-1-EventQueue-CloseContainerForCloseContainerEventHandler] INFO  container.CloseContainerEventHandler (CloseContainerEventHandler.java:onMessage(88)) - Close container Event triggered for container : #4, current state: OPEN
2025-07-05 15:54:38,475 [scmNode-1-EventQueue-CloseContainerForCloseContainerEventHandler] INFO  container.CloseContainerEventHandler (CloseContainerEventHandler.java:onMessage(88)) - Close container Event triggered for container : #4, current state: CLOSING
2025-07-05 15:54:38,475 [scmNode-1-EventQueue-CloseContainerForCloseContainerEventHandler] INFO  container.CloseContainerEventHandler (CloseContainerEventHandler.java:onMessage(88)) - Close container Event triggered for container : #4, current state: CLOSING
2025-07-05 15:54:40,744 [0584da7b-3980-4d20-b3ba-d97c117b17a2-CloseContainerThread-0] WARN  keyvalue.KeyValueHandler (KeyValueHandler.java:updateAndGetContainerChecksum(1451)) - Container data checksum updated from 0 to c7c38d6d
2025-07-05 15:54:40,745 [b30b3ffb-bc08-4f2c-b590-0aeed9816472-CloseContainerThread-0] WARN  keyvalue.KeyValueHandler (KeyValueHandler.java:updateAndGetContainerChecksum(1451)) - Container data checksum updated from 0 to c7c38d6d
2025-07-05 15:54:40,746 [b30b3ffb-bc08-4f2c-b590-0aeed9816472-CloseContainerThread-0] INFO  commandhandler.CloseContainerCommandHandler (CloseContainerCommandHandler.java:lambda$handle$0(154)) - Follower cannot close container #4.
2025-07-05 15:54:40,750 [scmNode-3-FixedThreadPoolWithAffinityExecutor-1-0] INFO  container.IncrementalContainerReportHandler (AbstractContainerReportHandler.java:updateContainerState(253)) - FINALIZE (i.e. CLOSING) Container #4 (OPEN, sid=79) r0 (CLOSING, bcsid=79, origin=0584da7b-3980-4d20-b3ba-d97c117b17a2, non-empty) from dn 0584da7b-3980-4d20-b3ba-d97c117b17a2(localhost/127.0.0.1)
2025-07-05 15:54:40,750 [scmNode-2-FixedThreadPoolWithAffinityExecutor-1-0] INFO  container.IncrementalContainerReportHandler (AbstractContainerReportHandler.java:updateContainerState(253)) - FINALIZE (i.e. CLOSING) Container #4 (OPEN, sid=79) r0 (CLOSING, bcsid=79, origin=0584da7b-3980-4d20-b3ba-d97c117b17a2, non-empty) from dn 0584da7b-3980-4d20-b3ba-d97c117b17a2(localhost/127.0.0.1)
2025-07-05 15:54:40,751 [scmNode-3-FixedThreadPoolWithAffinityExecutor-1-0] INFO  container.IncrementalContainerReportHandler (IncrementalContainerReportHandler.java:processICR(116)) - SCM_NOT_LEADER: Failed to process Container #4 (OPEN, sid=79) r0 (CLOSING, bcsid=79, origin=0584da7b-3980-4d20-b3ba-d97c117b17a2, non-empty) from dn 0584da7b-3980-4d20-b3ba-d97c117b17a2(localhost/127.0.0.1)
2025-07-05 15:54:40,752 [scmNode-2-FixedThreadPoolWithAffinityExecutor-1-0] INFO  container.IncrementalContainerReportHandler (IncrementalContainerReportHandler.java:processICR(116)) - SCM_NOT_LEADER: Failed to process Container #4 (OPEN, sid=79) r0 (CLOSING, bcsid=79, origin=0584da7b-3980-4d20-b3ba-d97c117b17a2, non-empty) from dn 0584da7b-3980-4d20-b3ba-d97c117b17a2(localhost/127.0.0.1)
2025-07-05 15:54:40,752 [scmNode-3-FixedThreadPoolWithAffinityExecutor-9-0] INFO  container.IncrementalContainerReportHandler (AbstractContainerReportHandler.java:updateContainerState(253)) - FINALIZE (i.e. CLOSING) Container #4 (OPEN, sid=79) r0 (CLOSING, bcsid=79, origin=b30b3ffb-bc08-4f2c-b590-0aeed9816472, non-empty) from dn b30b3ffb-bc08-4f2c-b590-0aeed9816472(localhost/127.0.0.1)
2025-07-05 15:54:40,752 [scmNode-2-FixedThreadPoolWithAffinityExecutor-9-0] INFO  container.IncrementalContainerReportHandler (AbstractContainerReportHandler.java:updateContainerState(253)) - FINALIZE (i.e. CLOSING) Container #4 (OPEN, sid=79) r0 (CLOSING, bcsid=79, origin=b30b3ffb-bc08-4f2c-b590-0aeed9816472, non-empty) from dn b30b3ffb-bc08-4f2c-b590-0aeed9816472(localhost/127.0.0.1)
2025-07-05 15:54:40,753 [scmNode-3-FixedThreadPoolWithAffinityExecutor-9-0] INFO  container.IncrementalContainerReportHandler (IncrementalContainerReportHandler.java:processICR(116)) - SCM_NOT_LEADER: Failed to process Container #4 (OPEN, sid=79) r0 (CLOSING, bcsid=79, origin=b30b3ffb-bc08-4f2c-b590-0aeed9816472, non-empty) from dn b30b3ffb-bc08-4f2c-b590-0aeed9816472(localhost/127.0.0.1)
2025-07-05 15:54:40,754 [scmNode-2-FixedThreadPoolWithAffinityExecutor-9-0] INFO  container.IncrementalContainerReportHandler (IncrementalContainerReportHandler.java:processICR(116)) - SCM_NOT_LEADER: Failed to process Container #4 (OPEN, sid=79) r0 (CLOSING, bcsid=79, origin=b30b3ffb-bc08-4f2c-b590-0aeed9816472, non-empty) from dn b30b3ffb-bc08-4f2c-b590-0aeed9816472(localhost/127.0.0.1)
2025-07-05 15:54:40,756 [0584da7b-3980-4d20-b3ba-d97c117b17a2-ContainerOp-1c7d912d-9ecf-470f-bee3-7dd7eb637b32-5] INFO  keyvalue.KeyValueContainer (KeyValueContainer.java:flushAndSyncDB(514)) - Synced container: KeyValueContainerData #4 (CLOSING, non-empty, ri=0, origin=[dn_0584da7b-3980-4d20-b3ba-d97c117b17a2, pipeline_1c7d912d-9ecf-470f-bee3-7dd7eb637b32])
2025-07-05 15:54:40,757 [0584da7b-3980-4d20-b3ba-d97c117b17a2-ContainerOp-1c7d912d-9ecf-470f-bee3-7dd7eb637b32-5] INFO  keyvalue.KeyValueContainer (KeyValueContainer.java:flushAndSyncDB(514)) - Synced container: KeyValueContainerData #4 (CLOSING, non-empty, ri=0, origin=[dn_0584da7b-3980-4d20-b3ba-d97c117b17a2, pipeline_1c7d912d-9ecf-470f-bee3-7dd7eb637b32])
2025-07-05 15:54:40,758 [b30b3ffb-bc08-4f2c-b590-0aeed9816472-ContainerOp-1c7d912d-9ecf-470f-bee3-7dd7eb637b32-4] INFO  keyvalue.KeyValueContainer (KeyValueContainer.java:flushAndSyncDB(514)) - Synced container: KeyValueContainerData #4 (CLOSING, non-empty, ri=0, origin=[dn_b30b3ffb-bc08-4f2c-b590-0aeed9816472, pipeline_1c7d912d-9ecf-470f-bee3-7dd7eb637b32])
2025-07-05 15:54:40,758 [b30b3ffb-bc08-4f2c-b590-0aeed9816472-ContainerOp-1c7d912d-9ecf-470f-bee3-7dd7eb637b32-4] INFO  keyvalue.KeyValueContainer (KeyValueContainer.java:flushAndSyncDB(514)) - Synced container: KeyValueContainerData #4 (CLOSING, non-empty, ri=0, origin=[dn_b30b3ffb-bc08-4f2c-b590-0aeed9816472, pipeline_1c7d912d-9ecf-470f-bee3-7dd7eb637b32])
2025-07-05 15:54:40,759 [scmNode-2-FixedThreadPoolWithAffinityExecutor-9-0] INFO  container.IncrementalContainerReportHandler (AbstractContainerReportHandler.java:updateContainerState(253)) - FINALIZE (i.e. CLOSING) Container #4 (OPEN, sid=79) r0 (CLOSING, bcsid=79, origin=b30b3ffb-bc08-4f2c-b590-0aeed9816472, non-empty) from dn b30b3ffb-bc08-4f2c-b590-0aeed9816472(localhost/127.0.0.1)
2025-07-05 15:54:40,760 [scmNode-3-FixedThreadPoolWithAffinityExecutor-9-0] INFO  container.IncrementalContainerReportHandler (AbstractContainerReportHandler.java:updateContainerState(253)) - FINALIZE (i.e. CLOSING) Container #4 (OPEN, sid=79) r0 (CLOSING, bcsid=79, origin=b30b3ffb-bc08-4f2c-b590-0aeed9816472, non-empty) from dn b30b3ffb-bc08-4f2c-b590-0aeed9816472(localhost/127.0.0.1)
2025-07-05 15:54:40,760 [scmNode-2-FixedThreadPoolWithAffinityExecutor-9-0] INFO  container.IncrementalContainerReportHandler (IncrementalContainerReportHandler.java:processICR(116)) - SCM_NOT_LEADER: Failed to process Container #4 (OPEN, sid=79) r0 (CLOSING, bcsid=79, origin=b30b3ffb-bc08-4f2c-b590-0aeed9816472, non-empty) from dn b30b3ffb-bc08-4f2c-b590-0aeed9816472(localhost/127.0.0.1)
2025-07-05 15:54:40,760 [scmNode-3-FixedThreadPoolWithAffinityExecutor-9-0] INFO  container.IncrementalContainerReportHandler (IncrementalContainerReportHandler.java:processICR(116)) - SCM_NOT_LEADER: Failed to process Container #4 (OPEN, sid=79) r0 (CLOSING, bcsid=79, origin=b30b3ffb-bc08-4f2c-b590-0aeed9816472, non-empty) from dn b30b3ffb-bc08-4f2c-b590-0aeed9816472(localhost/127.0.0.1)
2025-07-05 15:54:40,760 [scmNode-3-FixedThreadPoolWithAffinityExecutor-1-0] INFO  container.IncrementalContainerReportHandler (AbstractContainerReportHandler.java:updateContainerState(253)) - FINALIZE (i.e. CLOSING) Container #4 (OPEN, sid=79) r0 (CLOSING, bcsid=79, origin=0584da7b-3980-4d20-b3ba-d97c117b17a2, non-empty) from dn 0584da7b-3980-4d20-b3ba-d97c117b17a2(localhost/127.0.0.1)
2025-07-05 15:54:40,760 [scmNode-3-FixedThreadPoolWithAffinityExecutor-1-0] INFO  container.IncrementalContainerReportHandler (IncrementalContainerReportHandler.java:processICR(116)) - SCM_NOT_LEADER: Failed to process Container #4 (OPEN, sid=79) r0 (CLOSING, bcsid=79, origin=0584da7b-3980-4d20-b3ba-d97c117b17a2, non-empty) from dn 0584da7b-3980-4d20-b3ba-d97c117b17a2(localhost/127.0.0.1)
2025-07-05 15:54:40,761 [scmNode-2-FixedThreadPoolWithAffinityExecutor-1-0] INFO  container.IncrementalContainerReportHandler (AbstractContainerReportHandler.java:updateContainerState(253)) - FINALIZE (i.e. CLOSING) Container #4 (OPEN, sid=79) r0 (CLOSING, bcsid=79, origin=0584da7b-3980-4d20-b3ba-d97c117b17a2, non-empty) from dn 0584da7b-3980-4d20-b3ba-d97c117b17a2(localhost/127.0.0.1)
2025-07-05 15:54:40,761 [scmNode-2-FixedThreadPoolWithAffinityExecutor-1-0] INFO  container.IncrementalContainerReportHandler (IncrementalContainerReportHandler.java:processICR(116)) - SCM_NOT_LEADER: Failed to process Container #4 (OPEN, sid=79) r0 (CLOSING, bcsid=79, origin=0584da7b-3980-4d20-b3ba-d97c117b17a2, non-empty) from dn 0584da7b-3980-4d20-b3ba-d97c117b17a2(localhost/127.0.0.1)
2025-07-05 15:54:40,764 [0584da7b-3980-4d20-b3ba-d97c117b17a2-ContainerOp-1c7d912d-9ecf-470f-bee3-7dd7eb637b32-5] INFO  keyvalue.KeyValueContainer (KeyValueContainer.java:close(430)) - Closed container: KeyValueContainerData #4 (CLOSED, non-empty, ri=0, origin=[dn_0584da7b-3980-4d20-b3ba-d97c117b17a2, pipeline_1c7d912d-9ecf-470f-bee3-7dd7eb637b32])
2025-07-05 15:54:40,765 [b30b3ffb-bc08-4f2c-b590-0aeed9816472-ContainerOp-1c7d912d-9ecf-470f-bee3-7dd7eb637b32-4] INFO  keyvalue.KeyValueContainer (KeyValueContainer.java:close(430)) - Closed container: KeyValueContainerData #4 (CLOSED, non-empty, ri=0, origin=[dn_b30b3ffb-bc08-4f2c-b590-0aeed9816472, pipeline_1c7d912d-9ecf-470f-bee3-7dd7eb637b32])
2025-07-05 15:54:40,766 [scmNode-1-FixedThreadPoolWithAffinityExecutor-9-0] INFO  container.IncrementalContainerReportHandler (AbstractContainerReportHandler.java:updateContainerState(289)) - CLOSE Container #4 (CLOSING, sid=79) r0 (CLOSED, bcsid=79, origin=b30b3ffb-bc08-4f2c-b590-0aeed9816472, non-empty) from dn b30b3ffb-bc08-4f2c-b590-0aeed9816472(localhost/127.0.0.1)
2025-07-05 15:54:40,767 [scmNode-2-FixedThreadPoolWithAffinityExecutor-1-0] INFO  container.IncrementalContainerReportHandler (AbstractContainerReportHandler.java:updateContainerState(253)) - FINALIZE (i.e. CLOSING) Container #4 (OPEN, sid=79) r0 (CLOSED, bcsid=79, origin=0584da7b-3980-4d20-b3ba-d97c117b17a2, non-empty) from dn 0584da7b-3980-4d20-b3ba-d97c117b17a2(localhost/127.0.0.1)
2025-07-05 15:54:40,767 [scmNode-2-FixedThreadPoolWithAffinityExecutor-1-0] INFO  container.IncrementalContainerReportHandler (IncrementalContainerReportHandler.java:processICR(116)) - SCM_NOT_LEADER: Failed to process Container #4 (OPEN, sid=79) r0 (CLOSED, bcsid=79, origin=0584da7b-3980-4d20-b3ba-d97c117b17a2, non-empty) from dn 0584da7b-3980-4d20-b3ba-d97c117b17a2(localhost/127.0.0.1)
2025-07-05 15:54:40,768 [scmNode-3-FixedThreadPoolWithAffinityExecutor-1-0] INFO  container.IncrementalContainerReportHandler (AbstractContainerReportHandler.java:updateContainerState(253)) - FINALIZE (i.e. CLOSING) Container #4 (OPEN, sid=79) r0 (CLOSED, bcsid=79, origin=0584da7b-3980-4d20-b3ba-d97c117b17a2, non-empty) from dn 0584da7b-3980-4d20-b3ba-d97c117b17a2(localhost/127.0.0.1)
2025-07-05 15:54:40,768 [scmNode-3-FixedThreadPoolWithAffinityExecutor-1-0] INFO  container.IncrementalContainerReportHandler (IncrementalContainerReportHandler.java:processICR(116)) - SCM_NOT_LEADER: Failed to process Container #4 (OPEN, sid=79) r0 (CLOSED, bcsid=79, origin=0584da7b-3980-4d20-b3ba-d97c117b17a2, non-empty) from dn 0584da7b-3980-4d20-b3ba-d97c117b17a2(localhost/127.0.0.1)
2025-07-05 15:54:40,768 [scmNode-2-FixedThreadPoolWithAffinityExecutor-9-0] INFO  container.IncrementalContainerReportHandler (AbstractContainerReportHandler.java:updateContainerState(253)) - FINALIZE (i.e. CLOSING) Container #4 (OPEN, sid=79) r0 (CLOSED, bcsid=79, origin=b30b3ffb-bc08-4f2c-b590-0aeed9816472, non-empty) from dn b30b3ffb-bc08-4f2c-b590-0aeed9816472(localhost/127.0.0.1)
2025-07-05 15:54:40,768 [scmNode-2-FixedThreadPoolWithAffinityExecutor-9-0] INFO  container.IncrementalContainerReportHandler (IncrementalContainerReportHandler.java:processICR(116)) - SCM_NOT_LEADER: Failed to process Container #4 (OPEN, sid=79) r0 (CLOSED, bcsid=79, origin=b30b3ffb-bc08-4f2c-b590-0aeed9816472, non-empty) from dn b30b3ffb-bc08-4f2c-b590-0aeed9816472(localhost/127.0.0.1)
2025-07-05 15:54:40,769 [scmNode-3-FixedThreadPoolWithAffinityExecutor-9-0] INFO  container.IncrementalContainerReportHandler (AbstractContainerReportHandler.java:updateContainerState(253)) - FINALIZE (i.e. CLOSING) Container #4 (OPEN, sid=79) r0 (CLOSED, bcsid=79, origin=b30b3ffb-bc08-4f2c-b590-0aeed9816472, non-empty) from dn b30b3ffb-bc08-4f2c-b590-0aeed9816472(localhost/127.0.0.1)
2025-07-05 15:54:40,769 [scmNode-3-FixedThreadPoolWithAffinityExecutor-9-0] INFO  container.IncrementalContainerReportHandler (IncrementalContainerReportHandler.java:processICR(116)) - SCM_NOT_LEADER: Failed to process Container #4 (OPEN, sid=79) r0 (CLOSED, bcsid=79, origin=b30b3ffb-bc08-4f2c-b590-0aeed9816472, non-empty) from dn b30b3ffb-bc08-4f2c-b590-0aeed9816472(localhost/127.0.0.1)
2025-07-05 15:54:40,774 [11776e6b-d53e-4cdc-a879-730cb763d81d-ContainerOp-1c7d912d-9ecf-470f-bee3-7dd7eb637b32-4] WARN  keyvalue.KeyValueHandler (KeyValueHandler.java:updateAndGetContainerChecksum(1451)) - Container data checksum updated from 0 to c7c38d6d
2025-07-05 15:54:40,775 [11776e6b-d53e-4cdc-a879-730cb763d81d-ContainerOp-1c7d912d-9ecf-470f-bee3-7dd7eb637b32-4] INFO  keyvalue.KeyValueContainer (KeyValueContainer.java:flushAndSyncDB(514)) - Synced container: KeyValueContainerData #4 (CLOSING, non-empty, ri=0, origin=[dn_11776e6b-d53e-4cdc-a879-730cb763d81d, pipeline_1c7d912d-9ecf-470f-bee3-7dd7eb637b32])
2025-07-05 15:54:40,775 [11776e6b-d53e-4cdc-a879-730cb763d81d-ContainerOp-1c7d912d-9ecf-470f-bee3-7dd7eb637b32-4] INFO  keyvalue.KeyValueContainer (KeyValueContainer.java:flushAndSyncDB(514)) - Synced container: KeyValueContainerData #4 (CLOSING, non-empty, ri=0, origin=[dn_11776e6b-d53e-4cdc-a879-730cb763d81d, pipeline_1c7d912d-9ecf-470f-bee3-7dd7eb637b32])
2025-07-05 15:54:40,779 [11776e6b-d53e-4cdc-a879-730cb763d81d-ContainerOp-1c7d912d-9ecf-470f-bee3-7dd7eb637b32-4] INFO  keyvalue.KeyValueContainer (KeyValueContainer.java:close(430)) - Closed container: KeyValueContainerData #4 (CLOSED, non-empty, ri=0, origin=[dn_11776e6b-d53e-4cdc-a879-730cb763d81d, pipeline_1c7d912d-9ecf-470f-bee3-7dd7eb637b32])
2025-07-05 15:54:40,782 [scmNode-3-FixedThreadPoolWithAffinityExecutor-0-0] INFO  container.IncrementalContainerReportHandler (AbstractContainerReportHandler.java:updateContainerState(289)) - CLOSE Container #4 (CLOSING, sid=79) r0 (CLOSED, bcsid=79, origin=11776e6b-d53e-4cdc-a879-730cb763d81d, non-empty) from dn 11776e6b-d53e-4cdc-a879-730cb763d81d(localhost/127.0.0.1)
2025-07-05 15:54:40,782 [scmNode-2-FixedThreadPoolWithAffinityExecutor-0-0] INFO  container.IncrementalContainerReportHandler (AbstractContainerReportHandler.java:updateContainerState(289)) - CLOSE Container #4 (CLOSING, sid=79) r0 (CLOSED, bcsid=79, origin=11776e6b-d53e-4cdc-a879-730cb763d81d, non-empty) from dn 11776e6b-d53e-4cdc-a879-730cb763d81d(localhost/127.0.0.1)
2025-07-05 15:54:40,782 [scmNode-3-FixedThreadPoolWithAffinityExecutor-0-0] INFO  container.IncrementalContainerReportHandler (IncrementalContainerReportHandler.java:processICR(116)) - SCM_NOT_LEADER: Failed to process Container #4 (CLOSING, sid=79) r0 (CLOSED, bcsid=79, origin=11776e6b-d53e-4cdc-a879-730cb763d81d, non-empty) from dn 11776e6b-d53e-4cdc-a879-730cb763d81d(localhost/127.0.0.1)
2025-07-05 15:54:40,783 [scmNode-2-FixedThreadPoolWithAffinityExecutor-0-0] INFO  container.IncrementalContainerReportHandler (IncrementalContainerReportHandler.java:processICR(116)) - SCM_NOT_LEADER: Failed to process Container #4 (CLOSING, sid=79) r0 (CLOSED, bcsid=79, origin=11776e6b-d53e-4cdc-a879-730cb763d81d, non-empty) from dn 11776e6b-d53e-4cdc-a879-730cb763d81d(localhost/127.0.0.1)
2025-07-05 15:54:41,782 [scmNode-2-FixedThreadPoolWithAffinityExecutor-0-0] INFO  container.ContainerReportHandler (AbstractContainerReportHandler.java:updateContainerState(289)) - CLOSE Container #4 (CLOSING, sid=79) r0 (CLOSED, bcsid=79, origin=11776e6b-d53e-4cdc-a879-730cb763d81d, non-empty) from dn 11776e6b-d53e-4cdc-a879-730cb763d81d(localhost/127.0.0.1)
2025-07-05 15:54:41,783 [scmNode-2-FixedThreadPoolWithAffinityExecutor-0-0] ERROR container.ContainerReportHandler (ContainerReportHandler.java:processSingleReplica(231)) - Failed to process Container #4 (CLOSING, sid=79) r0 (CLOSED, bcsid=79, origin=11776e6b-d53e-4cdc-a879-730cb763d81d, non-empty) from dn 11776e6b-d53e-4cdc-a879-730cb763d81d(localhost/127.0.0.1)
org.apache.hadoop.hdds.scm.exceptions.SCMException: org.apache.ratis.protocol.exceptions.NotLeaderException: Server 2d344aaf-3adb-4590-a8db-0ff637af21a8@group-0EF9E94BB6A3 is not the leader, suggested leader is: d608cca7-8f6c-485f-afd6-2c7e3558bc9e|localhost:15003
	at org.apache.hadoop.hdds.scm.ha.SCMHAInvocationHandler.translateException(SCMHAInvocationHandler.java:163)
	at org.apache.hadoop.hdds.scm.ha.SCMHAInvocationHandler.invokeRatis(SCMHAInvocationHandler.java:113)
	at org.apache.hadoop.hdds.scm.ha.SCMHAInvocationHandler.invoke(SCMHAInvocationHandler.java:72)
	at jdk.proxy2/jdk.proxy2.$Proxy48.updateContainerState(Unknown Source)
	at org.apache.hadoop.hdds.scm.container.ContainerManagerImpl.updateContainerState(ContainerManagerImpl.java:284)
	at org.apache.hadoop.hdds.scm.container.AbstractContainerReportHandler.updateContainerState(AbstractContainerReportHandler.java:290)
	at org.apache.hadoop.hdds.scm.container.AbstractContainerReportHandler.processContainerReplica(AbstractContainerReportHandler.java:115)
	at org.apache.hadoop.hdds.scm.container.ContainerReportHandler.processSingleReplica(ContainerReportHandler.java:229)
	at org.apache.hadoop.hdds.scm.container.ContainerReportHandler.onMessage(ContainerReportHandler.java:181)
	at org.apache.hadoop.hdds.scm.container.ContainerReportHandler.onMessage(ContainerReportHandler.java:44)
	at org.apache.hadoop.hdds.server.events.FixedThreadPoolWithAffinityExecutor$ContainerReportProcessTask.run(FixedThreadPoolWithAffinityExecutor.java:257)
	at java.base/java.util.concurrent.Executors$RunnableAdapter.call(Executors.java:572)
	at java.base/java.util.concurrent.FutureTask.run(FutureTask.java:317)
	at java.base/java.util.concurrent.ThreadPoolExecutor.runWorker(ThreadPoolExecutor.java:1144)
	at java.base/java.util.concurrent.ThreadPoolExecutor$Worker.run(ThreadPoolExecutor.java:642)
	at java.base/java.lang.Thread.run(Thread.java:1583)
Caused by: org.apache.ratis.protocol.exceptions.NotLeaderException: Server 2d344aaf-3adb-4590-a8db-0ff637af21a8@group-0EF9E94BB6A3 is not the leader, suggested leader is: d608cca7-8f6c-485f-afd6-2c7e3558bc9e|localhost:15003
	at org.apache.ratis.server.impl.RaftServerImpl.generateNotLeaderException(RaftServerImpl.java:804)
	at org.apache.ratis.server.impl.RaftServerImpl.checkLeaderState(RaftServerImpl.java:769)
	at org.apache.ratis.server.impl.RaftServerImpl.checkLeaderState(RaftServerImpl.java:755)
	at org.apache.ratis.server.impl.RaftServerImpl.writeAsyncImpl(RaftServerImpl.java:972)
	at org.apache.ratis.server.impl.RaftServerImpl.writeAsync(RaftServerImpl.java:960)
	at org.apache.ratis.server.impl.RaftServerImpl.replyFuture(RaftServerImpl.java:953)
	at org.apache.ratis.server.impl.RaftServerImpl.submitClientRequestAsync(RaftServerImpl.java:930)
	at org.apache.ratis.server.impl.RaftServerImpl.lambda$null$11(RaftServerImpl.java:919)
	at org.apache.ratis.util.JavaUtils.callAsUnchecked(JavaUtils.java:118)
	at org.apache.ratis.server.impl.RaftServerImpl.lambda$executeSubmitClientRequestAsync$12(RaftServerImpl.java:919)
	at java.base/java.util.concurrent.CompletableFuture$AsyncSupply.run(CompletableFuture.java:1768)
	... 3 more
2025-07-05 15:54:41,783 [scmNode-3-FixedThreadPoolWithAffinityExecutor-0-0] INFO  container.ContainerReportHandler (AbstractContainerReportHandler.java:updateContainerState(289)) - CLOSE Container #4 (CLOSING, sid=79) r0 (CLOSED, bcsid=79, origin=11776e6b-d53e-4cdc-a879-730cb763d81d, non-empty) from dn 11776e6b-d53e-4cdc-a879-730cb763d81d(localhost/127.0.0.1)
2025-07-05 15:54:41,784 [scmNode-3-FixedThreadPoolWithAffinityExecutor-0-0] ERROR container.ContainerReportHandler (ContainerReportHandler.java:processSingleReplica(231)) - Failed to process Container #4 (CLOSING, sid=79) r0 (CLOSED, bcsid=79, origin=11776e6b-d53e-4cdc-a879-730cb763d81d, non-empty) from dn 11776e6b-d53e-4cdc-a879-730cb763d81d(localhost/127.0.0.1)
org.apache.hadoop.hdds.scm.exceptions.SCMException: org.apache.ratis.protocol.exceptions.NotLeaderException: Server e9f0a7df-dfca-4eba-a7d3-db47f637b57c@group-0EF9E94BB6A3 is not the leader, suggested leader is: d608cca7-8f6c-485f-afd6-2c7e3558bc9e|localhost:15003
	at org.apache.hadoop.hdds.scm.ha.SCMHAInvocationHandler.translateException(SCMHAInvocationHandler.java:163)
	at org.apache.hadoop.hdds.scm.ha.SCMHAInvocationHandler.invokeRatis(SCMHAInvocationHandler.java:113)
	at org.apache.hadoop.hdds.scm.ha.SCMHAInvocationHandler.invoke(SCMHAInvocationHandler.java:72)
	at jdk.proxy2/jdk.proxy2.$Proxy48.updateContainerState(Unknown Source)
	at org.apache.hadoop.hdds.scm.container.ContainerManagerImpl.updateContainerState(ContainerManagerImpl.java:284)
	at org.apache.hadoop.hdds.scm.container.AbstractContainerReportHandler.updateContainerState(AbstractContainerReportHandler.java:290)
	at org.apache.hadoop.hdds.scm.container.AbstractContainerReportHandler.processContainerReplica(AbstractContainerReportHandler.java:115)
	at org.apache.hadoop.hdds.scm.container.ContainerReportHandler.processSingleReplica(ContainerReportHandler.java:229)
	at org.apache.hadoop.hdds.scm.container.ContainerReportHandler.onMessage(ContainerReportHandler.java:181)
	at org.apache.hadoop.hdds.scm.container.ContainerReportHandler.onMessage(ContainerReportHandler.java:44)
	at org.apache.hadoop.hdds.server.events.FixedThreadPoolWithAffinityExecutor$ContainerReportProcessTask.run(FixedThreadPoolWithAffinityExecutor.java:257)
	at java.base/java.util.concurrent.Executors$RunnableAdapter.call(Executors.java:572)
	at java.base/java.util.concurrent.FutureTask.run(FutureTask.java:317)
	at java.base/java.util.concurrent.ThreadPoolExecutor.runWorker(ThreadPoolExecutor.java:1144)
	at java.base/java.util.concurrent.ThreadPoolExecutor$Worker.run(ThreadPoolExecutor.java:642)
	at java.base/java.lang.Thread.run(Thread.java:1583)
Caused by: org.apache.ratis.protocol.exceptions.NotLeaderException: Server e9f0a7df-dfca-4eba-a7d3-db47f637b57c@group-0EF9E94BB6A3 is not the leader, suggested leader is: d608cca7-8f6c-485f-afd6-2c7e3558bc9e|localhost:15003
	at org.apache.ratis.server.impl.RaftServerImpl.generateNotLeaderException(RaftServerImpl.java:804)
	at org.apache.ratis.server.impl.RaftServerImpl.checkLeaderState(RaftServerImpl.java:769)
	at org.apache.ratis.server.impl.RaftServerImpl.checkLeaderState(RaftServerImpl.java:755)
	at org.apache.ratis.server.impl.RaftServerImpl.writeAsyncImpl(RaftServerImpl.java:972)
	at org.apache.ratis.server.impl.RaftServerImpl.writeAsync(RaftServerImpl.java:960)
	at org.apache.ratis.server.impl.RaftServerImpl.replyFuture(RaftServerImpl.java:953)
	at org.apache.ratis.server.impl.RaftServerImpl.submitClientRequestAsync(RaftServerImpl.java:930)
	at org.apache.ratis.server.impl.RaftServerImpl.lambda$null$11(RaftServerImpl.java:919)
	at org.apache.ratis.util.JavaUtils.callAsUnchecked(JavaUtils.java:118)
	at org.apache.ratis.server.impl.RaftServerImpl.lambda$executeSubmitClientRequestAsync$12(RaftServerImpl.java:919)
	at java.base/java.util.concurrent.CompletableFuture$AsyncSupply.run(CompletableFuture.java:1768)
	... 3 more
2025-07-05 15:54:43,942 [main] INFO  ha.SCMNodeInfo (SCMNodeInfo.java:getPort(197)) - ConfigKey ozone.scm.client.address is deprecated, For configuring different ports for each SCM use PortConfigKey ozone.scm.client.port appended with serviceId and nodeId
2025-07-05 15:54:43,943 [main] INFO  ha.SCMNodeInfo (SCMNodeInfo.java:getPort(197)) - ConfigKey ozone.scm.block.client.address is deprecated, For configuring different ports for each SCM use PortConfigKey ozone.scm.block.client.port appended with serviceId and nodeId
2025-07-05 15:54:43,943 [main] INFO  ha.SCMNodeInfo (SCMNodeInfo.java:getPort(197)) - ConfigKey ozone.scm.security.service.address is deprecated, For configuring different ports for each SCM use PortConfigKey ozone.scm.security.service.port appended with serviceId and nodeId
2025-07-05 15:54:43,943 [main] INFO  ha.SCMNodeInfo (SCMNodeInfo.java:getPort(197)) - ConfigKey ozone.scm.datanode.address is deprecated, For configuring different ports for each SCM use PortConfigKey ozone.scm.datanode.port appended with serviceId and nodeId
2025-07-05 15:54:43,943 [main] INFO  ha.SCMNodeInfo (SCMNodeInfo.java:getPort(197)) - ConfigKey ozone.scm.client.address is deprecated, For configuring different ports for each SCM use PortConfigKey ozone.scm.client.port appended with serviceId and nodeId
2025-07-05 15:54:43,943 [main] INFO  ha.SCMNodeInfo (SCMNodeInfo.java:getPort(197)) - ConfigKey ozone.scm.block.client.address is deprecated, For configuring different ports for each SCM use PortConfigKey ozone.scm.block.client.port appended with serviceId and nodeId
2025-07-05 15:54:43,943 [main] INFO  ha.SCMNodeInfo (SCMNodeInfo.java:getPort(197)) - ConfigKey ozone.scm.security.service.address is deprecated, For configuring different ports for each SCM use PortConfigKey ozone.scm.security.service.port appended with serviceId and nodeId
2025-07-05 15:54:43,943 [main] INFO  ha.SCMNodeInfo (SCMNodeInfo.java:getPort(197)) - ConfigKey ozone.scm.datanode.address is deprecated, For configuring different ports for each SCM use PortConfigKey ozone.scm.datanode.port appended with serviceId and nodeId
2025-07-05 15:54:43,943 [main] INFO  ha.SCMNodeInfo (SCMNodeInfo.java:getPort(197)) - ConfigKey ozone.scm.client.address is deprecated, For configuring different ports for each SCM use PortConfigKey ozone.scm.client.port appended with serviceId and nodeId
2025-07-05 15:54:43,943 [main] INFO  ha.SCMNodeInfo (SCMNodeInfo.java:getPort(197)) - ConfigKey ozone.scm.block.client.address is deprecated, For configuring different ports for each SCM use PortConfigKey ozone.scm.block.client.port appended with serviceId and nodeId
2025-07-05 15:54:43,943 [main] INFO  ha.SCMNodeInfo (SCMNodeInfo.java:getPort(197)) - ConfigKey ozone.scm.security.service.address is deprecated, For configuring different ports for each SCM use PortConfigKey ozone.scm.security.service.port appended with serviceId and nodeId
2025-07-05 15:54:43,943 [main] INFO  ha.SCMNodeInfo (SCMNodeInfo.java:getPort(197)) - ConfigKey ozone.scm.datanode.address is deprecated, For configuring different ports for each SCM use PortConfigKey ozone.scm.datanode.port appended with serviceId and nodeId
2025-07-05 15:54:43,944 [main] INFO  proxy.SCMContainerLocationFailoverProxyProvider (SCMFailoverProxyProviderBase.java:<init>(120)) - Created fail-over proxy for protocol StorageContainerLocationProtocolPB with 3 nodes: [nodeId=scmNode-2,nodeAddress=/127.0.0.1:15013, nodeId=scmNode-3,nodeAddress=/127.0.0.1:15021, nodeId=scmNode-1,nodeAddress=/127.0.0.1:15005]
2025-07-05 15:54:43,951 [Socket Reader #3 for port 15005] INFO  ipc.Server (Server.java:saslProcess(2290)) - Auth successful for scm/localhost@EXAMPLE.COM (auth:KERBEROS) from 127.0.0.1:46685
2025-07-05 15:54:43,960 [main] INFO  checksum.TestContainerCommandReconciliation (TestContainerCommandReconciliation.java:lambda$waitForDataChecksumsAtSCM$6(547)) - Waiting for 2 total unique checksums from container 4 to be reported to SCM. Currently 1 uniquechecksums are reported.
2025-07-05 15:54:44,452 [pool-274-thread-1] WARN  keyvalue.KeyValueHandler (KeyValueHandler.java:updateAndGetContainerChecksum(1451)) - Container data checksum updated from c7c38d6d to 776776cc
2025-07-05 15:54:44,452 [pool-274-thread-1] ERROR ozoneimpl.OnDemandContainerDataScanner (ContainerScanHelper.java:handleUnhealthyScanResult(93)) - Corruption detected in container [4]. Marking it UNHEALTHY. Container has 11 errors. The first error is: CORRUPT_CHUNK for file /home/runner/work/ozone/ozone/hadoop-ozone/integration-test/target/test-dir/MiniOzoneClusterImpl-ea17cf83-5a24-424f-8e3a-0ef9e94bb6a3/ozone-meta/datanode-3/data-0/hdds/ea17cf83-5a24-424f-8e3a-0ef9e94bb6a3/current/containerDir0/4/chunks/115816896921600004.block with exception: org.apache.hadoop.ozone.common.OzoneChecksumException: Inconsistent read for chunk=ChunkInfo{chunkName='115816896921600004_chunk_1, offset=0, len=524288} checksum item 16 expected checksum CB 44 48 CC actual checksum 1C 9A 7A 9F for block conID: 4 locID: 115816896921600004 bcsId: 2 replicaIndex: null
2025-07-05 15:54:44,456 [pool-274-thread-1] WARN  keyvalue.KeyValueContainer (KeyValueContainer.java:markContainerUnhealthy(397)) - Marked container UNHEALTHY from CLOSED: KeyValueContainerData #4 (UNHEALTHY, non-empty, ri=0, origin=[dn_11776e6b-d53e-4cdc-a879-730cb763d81d, pipeline_1c7d912d-9ecf-470f-bee3-7dd7eb637b32])
2025-07-05T15:54:44.457634527Z pool-274-thread-1 ERROR ID=4 | Index=0 | BCSID=79 | State=UNHEALTHY | Volume=/home/runner/work/ozone/ozone/hadoop-ozone/integration-test/target/test-dir/MiniOzoneClusterImpl-ea17cf83-5a24-424f-8e3a-0ef9e94bb6a3/ozone-meta/datanode-3/data-0/hdds | DataChecksum=776776cc | Container has 11 errors. The first error is: CORRUPT_CHUNK for file /home/runner/work/ozone/ozone/hadoop-ozone/integration-test/target/test-dir/MiniOzoneClusterImpl-ea17cf83-5a24-424f-8e3a-0ef9e94bb6a3/ozone-meta/datanode-3/data-0/hdds/ea17cf83-5a24-424f-8e3a-0ef9e94bb6a3/current/containerDir0/4/chunks/115816896921600004.block with exception: org.apache.hadoop.ozone.common.OzoneChecksumException: Inconsistent read for chunk=ChunkInfo{chunkName='115816896921600004_chunk_1, offset=0, len=524288} checksum item 16 expected checksum CB 44 48 CC actual checksum 1C 9A 7A 9F for block conID: 4 locID: 115816896921600004 bcsId: 2 replicaIndex: null2025-07-05 15:54:44,961 [main] INFO  ha.SCMNodeInfo (SCMNodeInfo.java:getPort(197)) - ConfigKey ozone.scm.client.address is deprecated, For configuring different ports for each SCM use PortConfigKey ozone.scm.client.port appended with serviceId and nodeId
2025-07-05 15:54:44,961 [main] INFO  ha.SCMNodeInfo (SCMNodeInfo.java:getPort(197)) - ConfigKey ozone.scm.block.client.address is deprecated, For configuring different ports for each SCM use PortConfigKey ozone.scm.block.client.port appended with serviceId and nodeId
2025-07-05 15:54:44,961 [main] INFO  ha.SCMNodeInfo (SCMNodeInfo.java:getPort(197)) - ConfigKey ozone.scm.security.service.address is deprecated, For configuring different ports for each SCM use PortConfigKey ozone.scm.security.service.port appended with serviceId and nodeId
2025-07-05 15:54:44,961 [main] INFO  ha.SCMNodeInfo (SCMNodeInfo.java:getPort(197)) - ConfigKey ozone.scm.datanode.address is deprecated, For configuring different ports for each SCM use PortConfigKey ozone.scm.datanode.port appended with serviceId and nodeId
2025-07-05 15:54:44,961 [main] INFO  ha.SCMNodeInfo (SCMNodeInfo.java:getPort(197)) - ConfigKey ozone.scm.client.address is deprecated, For configuring different ports for each SCM use PortConfigKey ozone.scm.client.port appended with serviceId and nodeId
2025-07-05 15:54:44,961 [main] INFO  ha.SCMNodeInfo (SCMNodeInfo.java:getPort(197)) - ConfigKey ozone.scm.block.client.address is deprecated, For configuring different ports for each SCM use PortConfigKey ozone.scm.block.client.port appended with serviceId and nodeId
2025-07-05 15:54:44,961 [main] INFO  ha.SCMNodeInfo (SCMNodeInfo.java:getPort(197)) - ConfigKey ozone.scm.security.service.address is deprecated, For configuring different ports for each SCM use PortConfigKey ozone.scm.security.service.port appended with serviceId and nodeId
2025-07-05 15:54:44,961 [main] INFO  ha.SCMNodeInfo (SCMNodeInfo.java:getPort(197)) - ConfigKey ozone.scm.datanode.address is deprecated, For configuring different ports for each SCM use PortConfigKey ozone.scm.datanode.port appended with serviceId and nodeId
2025-07-05 15:54:44,962 [main] INFO  ha.SCMNodeInfo (SCMNodeInfo.java:getPort(197)) - ConfigKey ozone.scm.client.address is deprecated, For configuring different ports for each SCM use PortConfigKey ozone.scm.client.port appended with serviceId and nodeId
2025-07-05 15:54:44,962 [main] INFO  ha.SCMNodeInfo (SCMNodeInfo.java:getPort(197)) - ConfigKey ozone.scm.block.client.address is deprecated, For configuring different ports for each SCM use PortConfigKey ozone.scm.block.client.port appended with serviceId and nodeId
2025-07-05 15:54:44,962 [main] INFO  ha.SCMNodeInfo (SCMNodeInfo.java:getPort(197)) - ConfigKey ozone.scm.security.service.address is deprecated, For configuring different ports for each SCM use PortConfigKey ozone.scm.security.service.port appended with serviceId and nodeId
2025-07-05 15:54:44,962 [main] INFO  ha.SCMNodeInfo (SCMNodeInfo.java:getPort(197)) - ConfigKey ozone.scm.datanode.address is deprecated, For configuring different ports for each SCM use PortConfigKey ozone.scm.datanode.port appended with serviceId and nodeId
2025-07-05 15:54:44,962 [main] INFO  proxy.SCMContainerLocationFailoverProxyProvider (SCMFailoverProxyProviderBase.java:<init>(120)) - Created fail-over proxy for protocol StorageContainerLocationProtocolPB with 3 nodes: [nodeId=scmNode-2,nodeAddress=/127.0.0.1:15013, nodeId=scmNode-3,nodeAddress=/127.0.0.1:15021, nodeId=scmNode-1,nodeAddress=/127.0.0.1:15005]
2025-07-05 15:54:44,967 [Socket Reader #4 for port 15005] INFO  ipc.Server (Server.java:saslProcess(2290)) - Auth successful for scm/localhost@EXAMPLE.COM (auth:KERBEROS) from 127.0.0.1:44379
2025-07-05 15:54:44,969 [main] INFO  checksum.TestContainerCommandReconciliation (TestContainerCommandReconciliation.java:lambda$waitForDataChecksumsAtSCM$6(547)) - Waiting for 2 total unique checksums from container 4 to be reported to SCM. Currently 2 uniquechecksums are reported.
2025-07-05 15:54:44,970 [main] INFO  ha.SCMNodeInfo (SCMNodeInfo.java:getPort(197)) - ConfigKey ozone.scm.client.address is deprecated, For configuring different ports for each SCM use PortConfigKey ozone.scm.client.port appended with serviceId and nodeId
2025-07-05 15:54:44,970 [main] INFO  ha.SCMNodeInfo (SCMNodeInfo.java:getPort(197)) - ConfigKey ozone.scm.block.client.address is deprecated, For configuring different ports for each SCM use PortConfigKey ozone.scm.block.client.port appended with serviceId and nodeId
2025-07-05 15:54:44,970 [main] INFO  ha.SCMNodeInfo (SCMNodeInfo.java:getPort(197)) - ConfigKey ozone.scm.security.service.address is deprecated, For configuring different ports for each SCM use PortConfigKey ozone.scm.security.service.port appended with serviceId and nodeId
2025-07-05 15:54:44,970 [main] INFO  ha.SCMNodeInfo (SCMNodeInfo.java:getPort(197)) - ConfigKey ozone.scm.datanode.address is deprecated, For configuring different ports for each SCM use PortConfigKey ozone.scm.datanode.port appended with serviceId and nodeId
2025-07-05 15:54:44,970 [main] INFO  ha.SCMNodeInfo (SCMNodeInfo.java:getPort(197)) - ConfigKey ozone.scm.client.address is deprecated, For configuring different ports for each SCM use PortConfigKey ozone.scm.client.port appended with serviceId and nodeId
2025-07-05 15:54:44,970 [main] INFO  ha.SCMNodeInfo (SCMNodeInfo.java:getPort(197)) - ConfigKey ozone.scm.block.client.address is deprecated, For configuring different ports for each SCM use PortConfigKey ozone.scm.block.client.port appended with serviceId and nodeId
2025-07-05 15:54:44,971 [main] INFO  ha.SCMNodeInfo (SCMNodeInfo.java:getPort(197)) - ConfigKey ozone.scm.security.service.address is deprecated, For configuring different ports for each SCM use PortConfigKey ozone.scm.security.service.port appended with serviceId and nodeId
2025-07-05 15:54:44,971 [main] INFO  ha.SCMNodeInfo (SCMNodeInfo.java:getPort(197)) - ConfigKey ozone.scm.datanode.address is deprecated, For configuring different ports for each SCM use PortConfigKey ozone.scm.datanode.port appended with serviceId and nodeId
2025-07-05 15:54:44,971 [main] INFO  ha.SCMNodeInfo (SCMNodeInfo.java:getPort(197)) - ConfigKey ozone.scm.client.address is deprecated, For configuring different ports for each SCM use PortConfigKey ozone.scm.client.port appended with serviceId and nodeId
2025-07-05 15:54:44,971 [main] INFO  ha.SCMNodeInfo (SCMNodeInfo.java:getPort(197)) - ConfigKey ozone.scm.block.client.address is deprecated, For configuring different ports for each SCM use PortConfigKey ozone.scm.block.client.port appended with serviceId and nodeId
2025-07-05 15:54:44,971 [main] INFO  ha.SCMNodeInfo (SCMNodeInfo.java:getPort(197)) - ConfigKey ozone.scm.security.service.address is deprecated, For configuring different ports for each SCM use PortConfigKey ozone.scm.security.service.port appended with serviceId and nodeId
2025-07-05 15:54:44,971 [main] INFO  ha.SCMNodeInfo (SCMNodeInfo.java:getPort(197)) - ConfigKey ozone.scm.datanode.address is deprecated, For configuring different ports for each SCM use PortConfigKey ozone.scm.datanode.port appended with serviceId and nodeId
2025-07-05 15:54:44,971 [main] INFO  proxy.SCMContainerLocationFailoverProxyProvider (SCMFailoverProxyProviderBase.java:<init>(120)) - Created fail-over proxy for protocol StorageContainerLocationProtocolPB with 3 nodes: [nodeId=scmNode-2,nodeAddress=/127.0.0.1:15013, nodeId=scmNode-3,nodeAddress=/127.0.0.1:15021, nodeId=scmNode-1,nodeAddress=/127.0.0.1:15005]
2025-07-05 15:54:44,976 [Socket Reader #5 for port 15005] INFO  ipc.Server (Server.java:saslProcess(2290)) - Auth successful for scm/localhost@EXAMPLE.COM (auth:KERBEROS) from 127.0.0.1:46003
2025-07-05 15:54:44,980 [main] INFO  ha.SCMNodeInfo (SCMNodeInfo.java:getPort(197)) - ConfigKey ozone.scm.client.address is deprecated, For configuring different ports for each SCM use PortConfigKey ozone.scm.client.port appended with serviceId and nodeId
2025-07-05 15:54:44,980 [main] INFO  ha.SCMNodeInfo (SCMNodeInfo.java:getPort(197)) - ConfigKey ozone.scm.block.client.address is deprecated, For configuring different ports for each SCM use PortConfigKey ozone.scm.block.client.port appended with serviceId and nodeId
2025-07-05 15:54:44,980 [main] INFO  ha.SCMNodeInfo (SCMNodeInfo.java:getPort(197)) - ConfigKey ozone.scm.security.service.address is deprecated, For configuring different ports for each SCM use PortConfigKey ozone.scm.security.service.port appended with serviceId and nodeId
2025-07-05 15:54:44,980 [main] INFO  ha.SCMNodeInfo (SCMNodeInfo.java:getPort(197)) - ConfigKey ozone.scm.datanode.address is deprecated, For configuring different ports for each SCM use PortConfigKey ozone.scm.datanode.port appended with serviceId and nodeId
2025-07-05 15:54:44,980 [main] INFO  ha.SCMNodeInfo (SCMNodeInfo.java:getPort(197)) - ConfigKey ozone.scm.client.address is deprecated, For configuring different ports for each SCM use PortConfigKey ozone.scm.client.port appended with serviceId and nodeId
2025-07-05 15:54:44,980 [main] INFO  ha.SCMNodeInfo (SCMNodeInfo.java:getPort(197)) - ConfigKey ozone.scm.block.client.address is deprecated, For configuring different ports for each SCM use PortConfigKey ozone.scm.block.client.port appended with serviceId and nodeId
2025-07-05 15:54:44,980 [main] INFO  ha.SCMNodeInfo (SCMNodeInfo.java:getPort(197)) - ConfigKey ozone.scm.security.service.address is deprecated, For configuring different ports for each SCM use PortConfigKey ozone.scm.security.service.port appended with serviceId and nodeId
2025-07-05 15:54:44,980 [main] INFO  ha.SCMNodeInfo (SCMNodeInfo.java:getPort(197)) - ConfigKey ozone.scm.datanode.address is deprecated, For configuring different ports for each SCM use PortConfigKey ozone.scm.datanode.port appended with serviceId and nodeId
2025-07-05 15:54:44,980 [main] INFO  ha.SCMNodeInfo (SCMNodeInfo.java:getPort(197)) - ConfigKey ozone.scm.client.address is deprecated, For configuring different ports for each SCM use PortConfigKey ozone.scm.client.port appended with serviceId and nodeId
2025-07-05 15:54:44,980 [main] INFO  ha.SCMNodeInfo (SCMNodeInfo.java:getPort(197)) - ConfigKey ozone.scm.block.client.address is deprecated, For configuring different ports for each SCM use PortConfigKey ozone.scm.block.client.port appended with serviceId and nodeId
2025-07-05 15:54:44,980 [scmNode-1-EventQueue-ReconcileContainerForReconcileContainerEventHandler] INFO  reconciliation.ReconcileContainerEventHandler (ReconcileContainerEventHandler.java:onMessage(76)) - Reconcile container event triggered for container #4 with peers [0584da7b-3980-4d20-b3ba-d97c117b17a2(localhost/127.0.0.1), 11776e6b-d53e-4cdc-a879-730cb763d81d(localhost/127.0.0.1), b30b3ffb-bc08-4f2c-b590-0aeed9816472(localhost/127.0.0.1)]
2025-07-05 15:54:44,981 [main] INFO  ha.SCMNodeInfo (SCMNodeInfo.java:getPort(197)) - ConfigKey ozone.scm.security.service.address is deprecated, For configuring different ports for each SCM use PortConfigKey ozone.scm.security.service.port appended with serviceId and nodeId
2025-07-05 15:54:44,981 [main] INFO  ha.SCMNodeInfo (SCMNodeInfo.java:getPort(197)) - ConfigKey ozone.scm.datanode.address is deprecated, For configuring different ports for each SCM use PortConfigKey ozone.scm.datanode.port appended with serviceId and nodeId
2025-07-05 15:54:44,981 [main] INFO  proxy.SCMContainerLocationFailoverProxyProvider (SCMFailoverProxyProviderBase.java:<init>(120)) - Created fail-over proxy for protocol StorageContainerLocationProtocolPB with 3 nodes: [nodeId=scmNode-2,nodeAddress=/127.0.0.1:15013, nodeId=scmNode-3,nodeAddress=/127.0.0.1:15021, nodeId=scmNode-1,nodeAddress=/127.0.0.1:15005]
2025-07-05 15:54:44,984 [Socket Reader #6 for port 15005] INFO  ipc.Server (Server.java:saslProcess(2290)) - Auth successful for scm/localhost@EXAMPLE.COM (auth:KERBEROS) from 127.0.0.1:41429
2025-07-05 15:54:44,986 [main] INFO  checksum.TestContainerCommandReconciliation (TestContainerCommandReconciliation.java:lambda$waitForDataChecksumsAtSCM$6(547)) - Waiting for 1 total unique checksums from container 4 to be reported to SCM. Currently 2 uniquechecksums are reported.
2025-07-05 15:54:45,783 [11776e6b-d53e-4cdc-a879-730cb763d81d-ContainerReplicationThread-0] INFO  checksum.ReconcileContainerTask (ReconcileContainerTask.java:runTask(51)) - IN_PROGRESS reconcileContainerCommand: containerId=4, peerNodes=[0584da7b-3980-4d20-b3ba-d97c117b17a2(localhost/127.0.0.1), b30b3ffb-bc08-4f2c-b590-0aeed9816472(localhost/127.0.0.1)]
2025-07-05 15:54:45,784 [11776e6b-d53e-4cdc-a879-730cb763d81d-ContainerReplicationThread-0] INFO  keyvalue.KeyValueHandler (KeyValueHandler.java:reconcileContainer(1599)) - Beginning reconciliation for container 4 with peer 0584da7b-3980-4d20-b3ba-d97c117b17a2(localhost/127.0.0.1). Current data checksum is 776776cc
2025-07-05 15:54:45,917 [11776e6b-d53e-4cdc-a879-730cb763d81d-ContainerReplicationThread-0] WARN  keyvalue.KeyValueHandler (KeyValueHandler.java:updateAndGetContainerChecksum(1451)) - Container data checksum updated from 776776cc to c7c38d6d
2025-07-05 15:54:45,917 [11776e6b-d53e-4cdc-a879-730cb763d81d-ContainerReplicationThread-0] WARN  keyvalue.KeyValueHandler (KeyValueHandler.java:reconcileContainer(1685)) - Container 4 reconciled with peer 0584da7b-3980-4d20-b3ba-d97c117b17a2(localhost/127.0.0.1). Data checksum updated from 776776cc to c7c38d6d.
Missing blocks repaired: 0/0
Missing chunks repaired: 0/0
Corrupt chunks repaired:  11/11
Time taken: 133 ms
2025-07-05 15:54:45,918 [11776e6b-d53e-4cdc-a879-730cb763d81d-ContainerReplicationThread-0] INFO  keyvalue.KeyValueHandler (KeyValueHandler.java:reconcileContainer(1599)) - Beginning reconciliation for container 4 with peer b30b3ffb-bc08-4f2c-b590-0aeed9816472(localhost/127.0.0.1). Current data checksum is c7c38d6d
2025-07-05 15:54:45,926 [11776e6b-d53e-4cdc-a879-730cb763d81d-ContainerReplicationThread-0] INFO  keyvalue.KeyValueHandler (KeyValueHandler.java:reconcileContainer(1682)) - Container 4 reconciled with peer b30b3ffb-bc08-4f2c-b590-0aeed9816472(localhost/127.0.0.1). Data checksum c7c38d6d was not updated. Time taken: 8 ms
2025-07-05 15:54:45,926 [11776e6b-d53e-4cdc-a879-730cb763d81d-ContainerReplicationThread-0] WARN  keyvalue.KeyValueHandler (KeyValueHandler.java:reconcileContainer(1708)) - Completed reconciliation for container 4 with 2/2 peers. 11 blocks were updated. Data checksum updated from 776776cc to c7c38d6d
2025-07-05 15:54:45,926 [11776e6b-d53e-4cdc-a879-730cb763d81d-ContainerReplicationThread-0] INFO  checksum.ReconcileContainerTask (ReconcileContainerTask.java:runTask(57)) - DONE reconcileContainerCommand: containerId=4, peerNodes=[0584da7b-3980-4d20-b3ba-d97c117b17a2(localhost/127.0.0.1), b30b3ffb-bc08-4f2c-b590-0aeed9816472(localhost/127.0.0.1)] completed in 143 ms
2025-07-05 15:54:45,926 [11776e6b-d53e-4cdc-a879-730cb763d81d-ContainerReplicationThread-0] INFO  replication.ReplicationSupervisor (ReplicationSupervisor.java:run(416)) - Successful DONE reconcileContainerCommand: containerId=4, peerNodes=[0584da7b-3980-4d20-b3ba-d97c117b17a2(localhost/127.0.0.1), b30b3ffb-bc08-4f2c-b590-0aeed9816472(localhost/127.0.0.1)]
2025-07-05 15:54:45,986 [main] INFO  ha.SCMNodeInfo (SCMNodeInfo.java:getPort(197)) - ConfigKey ozone.scm.client.address is deprecated, For configuring different ports for each SCM use PortConfigKey ozone.scm.client.port appended with serviceId and nodeId
2025-07-05 15:54:45,987 [main] INFO  ha.SCMNodeInfo (SCMNodeInfo.java:getPort(197)) - ConfigKey ozone.scm.block.client.address is deprecated, For configuring different ports for each SCM use PortConfigKey ozone.scm.block.client.port appended with serviceId and nodeId
2025-07-05 15:54:45,987 [main] INFO  ha.SCMNodeInfo (SCMNodeInfo.java:getPort(197)) - ConfigKey ozone.scm.security.service.address is deprecated, For configuring different ports for each SCM use PortConfigKey ozone.scm.security.service.port appended with serviceId and nodeId
2025-07-05 15:54:45,987 [main] INFO  ha.SCMNodeInfo (SCMNodeInfo.java:getPort(197)) - ConfigKey ozone.scm.datanode.address is deprecated, For configuring different ports for each SCM use PortConfigKey ozone.scm.datanode.port appended with serviceId and nodeId
2025-07-05 15:54:45,987 [main] INFO  ha.SCMNodeInfo (SCMNodeInfo.java:getPort(197)) - ConfigKey ozone.scm.client.address is deprecated, For configuring different ports for each SCM use PortConfigKey ozone.scm.client.port appended with serviceId and nodeId
2025-07-05 15:54:45,987 [main] INFO  ha.SCMNodeInfo (SCMNodeInfo.java:getPort(197)) - ConfigKey ozone.scm.block.client.address is deprecated, For configuring different ports for each SCM use PortConfigKey ozone.scm.block.client.port appended with serviceId and nodeId
2025-07-05 15:54:45,987 [main] INFO  ha.SCMNodeInfo (SCMNodeInfo.java:getPort(197)) - ConfigKey ozone.scm.security.service.address is deprecated, For configuring different ports for each SCM use PortConfigKey ozone.scm.security.service.port appended with serviceId and nodeId
2025-07-05 15:54:45,987 [main] INFO  ha.SCMNodeInfo (SCMNodeInfo.java:getPort(197)) - ConfigKey ozone.scm.datanode.address is deprecated, For configuring different ports for each SCM use PortConfigKey ozone.scm.datanode.port appended with serviceId and nodeId
2025-07-05 15:54:45,987 [main] INFO  ha.SCMNodeInfo (SCMNodeInfo.java:getPort(197)) - ConfigKey ozone.scm.client.address is deprecated, For configuring different ports for each SCM use PortConfigKey ozone.scm.client.port appended with serviceId and nodeId
2025-07-05 15:54:45,987 [main] INFO  ha.SCMNodeInfo (SCMNodeInfo.java:getPort(197)) - ConfigKey ozone.scm.block.client.address is deprecated, For configuring different ports for each SCM use PortConfigKey ozone.scm.block.client.port appended with serviceId and nodeId
2025-07-05 15:54:45,987 [main] INFO  ha.SCMNodeInfo (SCMNodeInfo.java:getPort(197)) - ConfigKey ozone.scm.security.service.address is deprecated, For configuring different ports for each SCM use PortConfigKey ozone.scm.security.service.port appended with serviceId and nodeId
2025-07-05 15:54:45,987 [main] INFO  ha.SCMNodeInfo (SCMNodeInfo.java:getPort(197)) - ConfigKey ozone.scm.datanode.address is deprecated, For configuring different ports for each SCM use PortConfigKey ozone.scm.datanode.port appended with serviceId and nodeId
2025-07-05 15:54:45,988 [main] INFO  proxy.SCMContainerLocationFailoverProxyProvider (SCMFailoverProxyProviderBase.java:<init>(120)) - Created fail-over proxy for protocol StorageContainerLocationProtocolPB with 3 nodes: [nodeId=scmNode-2,nodeAddress=/127.0.0.1:15013, nodeId=scmNode-3,nodeAddress=/127.0.0.1:15021, nodeId=scmNode-1,nodeAddress=/127.0.0.1:15005]
2025-07-05 15:54:45,993 [Socket Reader #7 for port 15005] INFO  ipc.Server (Server.java:saslProcess(2290)) - Auth successful for scm/localhost@EXAMPLE.COM (auth:KERBEROS) from 127.0.0.1:35921
2025-07-05 15:54:45,995 [main] INFO  checksum.TestContainerCommandReconciliation (TestContainerCommandReconciliation.java:lambda$waitForDataChecksumsAtSCM$6(547)) - Waiting for 1 total unique checksums from container 4 to be reported to SCM. Currently 1 uniquechecksums are reported.
2025-07-05 15:54:46,037 [Socket Reader #1 for port 15002] INFO  ipc.Server (Server.java:saslProcess(2290)) - Auth successful for scm/localhost@EXAMPLE.COM (auth:KERBEROS) from 127.0.0.1:46725
2025-07-05 15:54:46,039 [b30b3ffb-bc08-4f2c-b590-0aeed9816472-ChunkReader-7] INFO  symmetric.DefaultSecretKeyVerifierClient (DefaultSecretKeyVerifierClient.java:load(71)) - Secret key fetched from SCM: SecretKey(id = d68e803d-24ae-4d18-af54-e13ef808b648, creation at: 2025-07-05T15:53:53.915Z, expire at: 2025-07-05T16:02:13.915Z)
]]></system-out>
  </testcase>
  <testcase name="testContainerChecksumWithBlockMissing" classname="org.apache.hadoop.ozone.dn.checksum.TestContainerCommandReconciliation" time="10.592">
    <system-out><![CDATA[2025-07-05 15:54:46,336 [main] INFO  rpc.RpcClient (RpcClient.java:createVolume(461)) - Creating Volume: 43ce57ff-6fe7-4256-8609-b79bce67dbb4, with scm as owner and space quota set to -1 bytes, counts quota set to -1
2025-07-05 15:54:46,358 [om1-OMStateMachineApplyTransactionThread - 0] WARN  helpers.OzoneAclUtil (OzoneAclUtil.java:getDefaultAclList(68)) - Failed to get primary group from user scm (auth:SIMPLE)
2025-07-05 15:54:46,359 [om1-OMStateMachineApplyTransactionThread - 0] INFO  volume.OMVolumeCreateRequest (OMVolumeCreateRequest.java:validateAndUpdateCache(203)) - created volume:43ce57ff-6fe7-4256-8609-b79bce67dbb4 for user:scm
2025-07-05 15:54:46,361 [main] INFO  rpc.RpcClient (RpcClient.java:createBucket(686)) - Creating Bucket: 43ce57ff-6fe7-4256-8609-b79bce67dbb4/1dd3b44d-b5f0-4965-bb6a-602c0efc9197, with server-side default bucket layout, scm as owner, Versioning false, Storage Type set to DISK and Encryption set to false, Replication Type set to server-side default replication type, Namespace Quota set to -1, Space Quota set to -1 
2025-07-05 15:54:46,364 [om1-OMStateMachineApplyTransactionThread - 0] WARN  helpers.OzoneAclUtil (OzoneAclUtil.java:getDefaultAclList(68)) - Failed to get primary group from user scm/localhost@EXAMPLE.COM (auth:SIMPLE)
2025-07-05 15:54:46,364 [om1-OMStateMachineApplyTransactionThread - 0] INFO  bucket.OMBucketCreateRequest (OMBucketCreateRequest.java:validateAndUpdateCache(292)) - created bucket: 1dd3b44d-b5f0-4965-bb6a-602c0efc9197 of layout FILE_SYSTEM_OPTIMIZED in volume: 43ce57ff-6fe7-4256-8609-b79bce67dbb4
2025-07-05 15:54:46,766 [b30b3ffb-bc08-4f2c-b590-0aeed9816472-ContainerReplicationThread-0] INFO  checksum.ReconcileContainerTask (ReconcileContainerTask.java:runTask(51)) - IN_PROGRESS reconcileContainerCommand: containerId=4, peerNodes=[0584da7b-3980-4d20-b3ba-d97c117b17a2(localhost/127.0.0.1), 11776e6b-d53e-4cdc-a879-730cb763d81d(localhost/127.0.0.1)]
2025-07-05 15:54:46,767 [b30b3ffb-bc08-4f2c-b590-0aeed9816472-ContainerReplicationThread-0] INFO  keyvalue.KeyValueHandler (KeyValueHandler.java:reconcileContainer(1599)) - Beginning reconciliation for container 4 with peer 0584da7b-3980-4d20-b3ba-d97c117b17a2(localhost/127.0.0.1). Current data checksum is c7c38d6d
2025-07-05 15:54:46,775 [b30b3ffb-bc08-4f2c-b590-0aeed9816472-ContainerReplicationThread-0] INFO  keyvalue.KeyValueHandler (KeyValueHandler.java:reconcileContainer(1682)) - Container 4 reconciled with peer 0584da7b-3980-4d20-b3ba-d97c117b17a2(localhost/127.0.0.1). Data checksum c7c38d6d was not updated. Time taken: 8 ms
2025-07-05 15:54:46,776 [b30b3ffb-bc08-4f2c-b590-0aeed9816472-ContainerReplicationThread-0] INFO  keyvalue.KeyValueHandler (KeyValueHandler.java:reconcileContainer(1599)) - Beginning reconciliation for container 4 with peer 11776e6b-d53e-4cdc-a879-730cb763d81d(localhost/127.0.0.1). Current data checksum is c7c38d6d
2025-07-05 15:54:46,781 [b30b3ffb-bc08-4f2c-b590-0aeed9816472-ContainerReplicationThread-0] INFO  keyvalue.KeyValueHandler (KeyValueHandler.java:reconcileContainer(1682)) - Container 4 reconciled with peer 11776e6b-d53e-4cdc-a879-730cb763d81d(localhost/127.0.0.1). Data checksum c7c38d6d was not updated. Time taken: 5 ms
2025-07-05 15:54:46,781 [b30b3ffb-bc08-4f2c-b590-0aeed9816472-ContainerReplicationThread-0] INFO  keyvalue.KeyValueHandler (KeyValueHandler.java:reconcileContainer(1705)) - Completed reconciliation for container 4 with 2/2 peers. Original data checksum c7c38d6d was not updated
2025-07-05 15:54:46,781 [b30b3ffb-bc08-4f2c-b590-0aeed9816472-ContainerReplicationThread-0] INFO  checksum.ReconcileContainerTask (ReconcileContainerTask.java:runTask(57)) - DONE reconcileContainerCommand: containerId=4, peerNodes=[0584da7b-3980-4d20-b3ba-d97c117b17a2(localhost/127.0.0.1), 11776e6b-d53e-4cdc-a879-730cb763d81d(localhost/127.0.0.1)] completed in 14 ms
2025-07-05 15:54:46,781 [b30b3ffb-bc08-4f2c-b590-0aeed9816472-ContainerReplicationThread-0] INFO  replication.ReplicationSupervisor (ReplicationSupervisor.java:run(416)) - Successful DONE reconcileContainerCommand: containerId=4, peerNodes=[0584da7b-3980-4d20-b3ba-d97c117b17a2(localhost/127.0.0.1), 11776e6b-d53e-4cdc-a879-730cb763d81d(localhost/127.0.0.1)]
2025-07-05 15:54:46,832 [om1-OMStateMachineApplyTransactionThread - 0] WARN  helpers.OzoneAclUtil (OzoneAclUtil.java:getDefaultAclList(68)) - Failed to get primary group from user scm/localhost@EXAMPLE.COM (auth:SIMPLE)
2025-07-05 15:54:46,868 [0584da7b-3980-4d20-b3ba-d97c117b17a2-ChunkWriter-1-0] WARN  statemachine.DatanodeConfiguration (DatanodeConfiguration.java:validateMinFreeSpace(751)) - hdds.datanode.volume.min.free.space.percent = -1.0 is invalid, should be between 0 and 1
2025-07-05 15:54:46,869 [11776e6b-d53e-4cdc-a879-730cb763d81d-ChunkWriter-1-0] WARN  statemachine.DatanodeConfiguration (DatanodeConfiguration.java:validateMinFreeSpace(751)) - hdds.datanode.volume.min.free.space.percent = -1.0 is invalid, should be between 0 and 1
2025-07-05 15:54:46,869 [11776e6b-d53e-4cdc-a879-730cb763d81d-ChunkWriter-1-0] WARN  statemachine.DatanodeConfiguration (DatanodeConfiguration.java:validateMinFreeSpace(751)) - hdds.datanode.volume.min.free.space.percent = -1.0 is invalid, should be between 0 and 1
2025-07-05 15:54:46,870 [0584da7b-3980-4d20-b3ba-d97c117b17a2-ChunkWriter-1-0] WARN  statemachine.DatanodeConfiguration (DatanodeConfiguration.java:validateMinFreeSpace(751)) - hdds.datanode.volume.min.free.space.percent = -1.0 is invalid, should be between 0 and 1
2025-07-05 15:54:46,873 [b30b3ffb-bc08-4f2c-b590-0aeed9816472-ChunkWriter-1-0] WARN  statemachine.DatanodeConfiguration (DatanodeConfiguration.java:validateMinFreeSpace(751)) - hdds.datanode.volume.min.free.space.percent = -1.0 is invalid, should be between 0 and 1
2025-07-05 15:54:46,874 [b30b3ffb-bc08-4f2c-b590-0aeed9816472-ChunkWriter-1-0] WARN  statemachine.DatanodeConfiguration (DatanodeConfiguration.java:validateMinFreeSpace(751)) - hdds.datanode.volume.min.free.space.percent = -1.0 is invalid, should be between 0 and 1
2025-07-05 15:54:46,881 [scmNode-2-FixedThreadPoolWithAffinityExecutor-0-0] WARN  container.IncrementalContainerReportHandler (IncrementalContainerReportHandler.java:processICR(109)) - Container not found: Container #8 (NOT_FOUND) r0 (OPEN, bcsid=0, origin=11776e6b-d53e-4cdc-a879-730cb763d81d, non-empty) from dn 11776e6b-d53e-4cdc-a879-730cb763d81d(localhost/127.0.0.1)
2025-07-05 15:54:46,882 [scmNode-2-FixedThreadPoolWithAffinityExecutor-1-0] WARN  container.IncrementalContainerReportHandler (IncrementalContainerReportHandler.java:processICR(109)) - Container not found: Container #8 (NOT_FOUND) r0 (OPEN, bcsid=0, origin=0584da7b-3980-4d20-b3ba-d97c117b17a2, non-empty) from dn 0584da7b-3980-4d20-b3ba-d97c117b17a2(localhost/127.0.0.1)
2025-07-05 15:54:46,885 [scmNode-3-FixedThreadPoolWithAffinityExecutor-0-0] WARN  container.IncrementalContainerReportHandler (IncrementalContainerReportHandler.java:processICR(109)) - Container not found: Container #8 (NOT_FOUND) r0 (OPEN, bcsid=0, origin=11776e6b-d53e-4cdc-a879-730cb763d81d, non-empty) from dn 11776e6b-d53e-4cdc-a879-730cb763d81d(localhost/127.0.0.1)
2025-07-05 15:54:46,885 [scmNode-3-FixedThreadPoolWithAffinityExecutor-1-0] WARN  container.IncrementalContainerReportHandler (IncrementalContainerReportHandler.java:processICR(109)) - Container not found: Container #8 (NOT_FOUND) r0 (OPEN, bcsid=0, origin=0584da7b-3980-4d20-b3ba-d97c117b17a2, non-empty) from dn 0584da7b-3980-4d20-b3ba-d97c117b17a2(localhost/127.0.0.1)
2025-07-05 15:54:46,886 [scmNode-2-FixedThreadPoolWithAffinityExecutor-9-0] WARN  container.IncrementalContainerReportHandler (IncrementalContainerReportHandler.java:processICR(109)) - Container not found: Container #8 (NOT_FOUND) r0 (OPEN, bcsid=0, origin=b30b3ffb-bc08-4f2c-b590-0aeed9816472, non-empty) from dn b30b3ffb-bc08-4f2c-b590-0aeed9816472(localhost/127.0.0.1)
2025-07-05 15:54:46,889 [scmNode-3-FixedThreadPoolWithAffinityExecutor-9-0] WARN  container.IncrementalContainerReportHandler (IncrementalContainerReportHandler.java:processICR(109)) - Container not found: Container #8 (NOT_FOUND) r0 (OPEN, bcsid=0, origin=b30b3ffb-bc08-4f2c-b590-0aeed9816472, non-empty) from dn b30b3ffb-bc08-4f2c-b590-0aeed9816472(localhost/127.0.0.1)
2025-07-05 15:54:47,497 [scmNode-1-EventQueue-CloseContainerForCloseContainerEventHandler] INFO  container.CloseContainerEventHandler (CloseContainerEventHandler.java:onMessage(88)) - Close container Event triggered for container : #6, current state: OPEN
2025-07-05 15:54:47,501 [scmNode-1-EventQueue-CloseContainerForCloseContainerEventHandler] INFO  container.CloseContainerEventHandler (CloseContainerEventHandler.java:onMessage(88)) - Close container Event triggered for container : #6, current state: CLOSING
2025-07-05 15:54:47,501 [scmNode-1-EventQueue-CloseContainerForCloseContainerEventHandler] INFO  container.CloseContainerEventHandler (CloseContainerEventHandler.java:onMessage(88)) - Close container Event triggered for container : #6, current state: CLOSING
2025-07-05 15:54:47,767 [0584da7b-3980-4d20-b3ba-d97c117b17a2-ContainerReplicationThread-0] INFO  checksum.ReconcileContainerTask (ReconcileContainerTask.java:runTask(51)) - IN_PROGRESS reconcileContainerCommand: containerId=4, peerNodes=[11776e6b-d53e-4cdc-a879-730cb763d81d(localhost/127.0.0.1), b30b3ffb-bc08-4f2c-b590-0aeed9816472(localhost/127.0.0.1)]
2025-07-05 15:54:47,767 [0584da7b-3980-4d20-b3ba-d97c117b17a2-ContainerReplicationThread-0] INFO  keyvalue.KeyValueHandler (KeyValueHandler.java:reconcileContainer(1599)) - Beginning reconciliation for container 4 with peer 11776e6b-d53e-4cdc-a879-730cb763d81d(localhost/127.0.0.1). Current data checksum is c7c38d6d
2025-07-05 15:54:47,773 [0584da7b-3980-4d20-b3ba-d97c117b17a2-ContainerReplicationThread-0] INFO  keyvalue.KeyValueHandler (KeyValueHandler.java:reconcileContainer(1682)) - Container 4 reconciled with peer 11776e6b-d53e-4cdc-a879-730cb763d81d(localhost/127.0.0.1). Data checksum c7c38d6d was not updated. Time taken: 6 ms
2025-07-05 15:54:47,773 [0584da7b-3980-4d20-b3ba-d97c117b17a2-ContainerReplicationThread-0] INFO  keyvalue.KeyValueHandler (KeyValueHandler.java:reconcileContainer(1599)) - Beginning reconciliation for container 4 with peer b30b3ffb-bc08-4f2c-b590-0aeed9816472(localhost/127.0.0.1). Current data checksum is c7c38d6d
2025-07-05 15:54:47,779 [0584da7b-3980-4d20-b3ba-d97c117b17a2-ContainerReplicationThread-0] INFO  keyvalue.KeyValueHandler (KeyValueHandler.java:reconcileContainer(1682)) - Container 4 reconciled with peer b30b3ffb-bc08-4f2c-b590-0aeed9816472(localhost/127.0.0.1). Data checksum c7c38d6d was not updated. Time taken: 6 ms
2025-07-05 15:54:47,779 [0584da7b-3980-4d20-b3ba-d97c117b17a2-ContainerReplicationThread-0] INFO  keyvalue.KeyValueHandler (KeyValueHandler.java:reconcileContainer(1705)) - Completed reconciliation for container 4 with 2/2 peers. Original data checksum c7c38d6d was not updated
2025-07-05 15:54:47,779 [0584da7b-3980-4d20-b3ba-d97c117b17a2-ContainerReplicationThread-0] INFO  checksum.ReconcileContainerTask (ReconcileContainerTask.java:runTask(57)) - DONE reconcileContainerCommand: containerId=4, peerNodes=[11776e6b-d53e-4cdc-a879-730cb763d81d(localhost/127.0.0.1), b30b3ffb-bc08-4f2c-b590-0aeed9816472(localhost/127.0.0.1)] completed in 12 ms
2025-07-05 15:54:47,779 [0584da7b-3980-4d20-b3ba-d97c117b17a2-ContainerReplicationThread-0] INFO  replication.ReplicationSupervisor (ReplicationSupervisor.java:run(416)) - Successful DONE reconcileContainerCommand: containerId=4, peerNodes=[11776e6b-d53e-4cdc-a879-730cb763d81d(localhost/127.0.0.1), b30b3ffb-bc08-4f2c-b590-0aeed9816472(localhost/127.0.0.1)]
2025-07-05 15:54:48,889 [0584da7b-3980-4d20-b3ba-d97c117b17a2-CloseContainerThread-1] WARN  keyvalue.KeyValueHandler (KeyValueHandler.java:updateAndGetContainerChecksum(1451)) - Container data checksum updated from 0 to 51c42f7d
2025-07-05 15:54:48,889 [0584da7b-3980-4d20-b3ba-d97c117b17a2-CloseContainerThread-1] INFO  commandhandler.CloseContainerCommandHandler (CloseContainerCommandHandler.java:lambda$handle$0(154)) - Follower cannot close container #6.
2025-07-05 15:54:48,891 [scmNode-3-FixedThreadPoolWithAffinityExecutor-1-0] INFO  container.IncrementalContainerReportHandler (AbstractContainerReportHandler.java:updateContainerState(253)) - FINALIZE (i.e. CLOSING) Container #6 (OPEN, sid=169) r0 (CLOSING, bcsid=169, origin=0584da7b-3980-4d20-b3ba-d97c117b17a2, non-empty) from dn 0584da7b-3980-4d20-b3ba-d97c117b17a2(localhost/127.0.0.1)
2025-07-05 15:54:48,892 [scmNode-2-FixedThreadPoolWithAffinityExecutor-1-0] INFO  container.IncrementalContainerReportHandler (AbstractContainerReportHandler.java:updateContainerState(253)) - FINALIZE (i.e. CLOSING) Container #6 (OPEN, sid=169) r0 (CLOSING, bcsid=169, origin=0584da7b-3980-4d20-b3ba-d97c117b17a2, non-empty) from dn 0584da7b-3980-4d20-b3ba-d97c117b17a2(localhost/127.0.0.1)
2025-07-05 15:54:48,892 [scmNode-3-FixedThreadPoolWithAffinityExecutor-1-0] INFO  container.IncrementalContainerReportHandler (IncrementalContainerReportHandler.java:processICR(116)) - SCM_NOT_LEADER: Failed to process Container #6 (OPEN, sid=169) r0 (CLOSING, bcsid=169, origin=0584da7b-3980-4d20-b3ba-d97c117b17a2, non-empty) from dn 0584da7b-3980-4d20-b3ba-d97c117b17a2(localhost/127.0.0.1)
2025-07-05 15:54:48,892 [scmNode-2-FixedThreadPoolWithAffinityExecutor-1-0] INFO  container.IncrementalContainerReportHandler (IncrementalContainerReportHandler.java:processICR(116)) - SCM_NOT_LEADER: Failed to process Container #6 (OPEN, sid=169) r0 (CLOSING, bcsid=169, origin=0584da7b-3980-4d20-b3ba-d97c117b17a2, non-empty) from dn 0584da7b-3980-4d20-b3ba-d97c117b17a2(localhost/127.0.0.1)
2025-07-05 15:54:49,890 [b30b3ffb-bc08-4f2c-b590-0aeed9816472-CloseContainerThread-1] WARN  keyvalue.KeyValueHandler (KeyValueHandler.java:updateAndGetContainerChecksum(1451)) - Container data checksum updated from 0 to 51c42f7d
2025-07-05 15:54:49,891 [b30b3ffb-bc08-4f2c-b590-0aeed9816472-CloseContainerThread-1] INFO  commandhandler.CloseContainerCommandHandler (CloseContainerCommandHandler.java:lambda$handle$0(154)) - Follower cannot close container #6.
2025-07-05 15:54:49,894 [scmNode-3-FixedThreadPoolWithAffinityExecutor-9-0] INFO  container.IncrementalContainerReportHandler (AbstractContainerReportHandler.java:updateContainerState(253)) - FINALIZE (i.e. CLOSING) Container #6 (OPEN, sid=169) r0 (CLOSING, bcsid=169, origin=b30b3ffb-bc08-4f2c-b590-0aeed9816472, non-empty) from dn b30b3ffb-bc08-4f2c-b590-0aeed9816472(localhost/127.0.0.1)
2025-07-05 15:54:49,894 [scmNode-2-FixedThreadPoolWithAffinityExecutor-9-0] INFO  container.IncrementalContainerReportHandler (AbstractContainerReportHandler.java:updateContainerState(253)) - FINALIZE (i.e. CLOSING) Container #6 (OPEN, sid=169) r0 (CLOSING, bcsid=169, origin=b30b3ffb-bc08-4f2c-b590-0aeed9816472, non-empty) from dn b30b3ffb-bc08-4f2c-b590-0aeed9816472(localhost/127.0.0.1)
2025-07-05 15:54:49,894 [scmNode-3-FixedThreadPoolWithAffinityExecutor-9-0] INFO  container.IncrementalContainerReportHandler (IncrementalContainerReportHandler.java:processICR(116)) - SCM_NOT_LEADER: Failed to process Container #6 (OPEN, sid=169) r0 (CLOSING, bcsid=169, origin=b30b3ffb-bc08-4f2c-b590-0aeed9816472, non-empty) from dn b30b3ffb-bc08-4f2c-b590-0aeed9816472(localhost/127.0.0.1)
2025-07-05 15:54:49,894 [scmNode-2-FixedThreadPoolWithAffinityExecutor-9-0] INFO  container.IncrementalContainerReportHandler (IncrementalContainerReportHandler.java:processICR(116)) - SCM_NOT_LEADER: Failed to process Container #6 (OPEN, sid=169) r0 (CLOSING, bcsid=169, origin=b30b3ffb-bc08-4f2c-b590-0aeed9816472, non-empty) from dn b30b3ffb-bc08-4f2c-b590-0aeed9816472(localhost/127.0.0.1)
2025-07-05 15:54:50,884 [11776e6b-d53e-4cdc-a879-730cb763d81d-CloseContainerThread-1] WARN  keyvalue.KeyValueHandler (KeyValueHandler.java:updateAndGetContainerChecksum(1451)) - Container data checksum updated from 0 to 51c42f7d
2025-07-05 15:54:50,890 [11776e6b-d53e-4cdc-a879-730cb763d81d-ContainerOp-0c5972bd-f91c-4346-a54b-a3ec0edc4b3b-9] INFO  keyvalue.KeyValueContainer (KeyValueContainer.java:flushAndSyncDB(514)) - Synced container: KeyValueContainerData #6 (CLOSING, non-empty, ri=0, origin=[dn_11776e6b-d53e-4cdc-a879-730cb763d81d, pipeline_0c5972bd-f91c-4346-a54b-a3ec0edc4b3b])
2025-07-05 15:54:50,892 [11776e6b-d53e-4cdc-a879-730cb763d81d-ContainerOp-0c5972bd-f91c-4346-a54b-a3ec0edc4b3b-9] INFO  keyvalue.KeyValueContainer (KeyValueContainer.java:flushAndSyncDB(514)) - Synced container: KeyValueContainerData #6 (CLOSING, non-empty, ri=0, origin=[dn_11776e6b-d53e-4cdc-a879-730cb763d81d, pipeline_0c5972bd-f91c-4346-a54b-a3ec0edc4b3b])
2025-07-05 15:54:50,896 [b30b3ffb-bc08-4f2c-b590-0aeed9816472-ContainerOp-0c5972bd-f91c-4346-a54b-a3ec0edc4b3b-0] INFO  keyvalue.KeyValueContainer (KeyValueContainer.java:flushAndSyncDB(514)) - Synced container: KeyValueContainerData #6 (CLOSING, non-empty, ri=0, origin=[dn_b30b3ffb-bc08-4f2c-b590-0aeed9816472, pipeline_0c5972bd-f91c-4346-a54b-a3ec0edc4b3b])
2025-07-05 15:54:50,896 [b30b3ffb-bc08-4f2c-b590-0aeed9816472-ContainerOp-0c5972bd-f91c-4346-a54b-a3ec0edc4b3b-0] INFO  keyvalue.KeyValueContainer (KeyValueContainer.java:flushAndSyncDB(514)) - Synced container: KeyValueContainerData #6 (CLOSING, non-empty, ri=0, origin=[dn_b30b3ffb-bc08-4f2c-b590-0aeed9816472, pipeline_0c5972bd-f91c-4346-a54b-a3ec0edc4b3b])
2025-07-05 15:54:50,896 [0584da7b-3980-4d20-b3ba-d97c117b17a2-ContainerOp-0c5972bd-f91c-4346-a54b-a3ec0edc4b3b-9] INFO  keyvalue.KeyValueContainer (KeyValueContainer.java:flushAndSyncDB(514)) - Synced container: KeyValueContainerData #6 (CLOSING, non-empty, ri=0, origin=[dn_0584da7b-3980-4d20-b3ba-d97c117b17a2, pipeline_0c5972bd-f91c-4346-a54b-a3ec0edc4b3b])
2025-07-05 15:54:50,896 [0584da7b-3980-4d20-b3ba-d97c117b17a2-ContainerOp-0c5972bd-f91c-4346-a54b-a3ec0edc4b3b-9] INFO  keyvalue.KeyValueContainer (KeyValueContainer.java:flushAndSyncDB(514)) - Synced container: KeyValueContainerData #6 (CLOSING, non-empty, ri=0, origin=[dn_0584da7b-3980-4d20-b3ba-d97c117b17a2, pipeline_0c5972bd-f91c-4346-a54b-a3ec0edc4b3b])
2025-07-05 15:54:50,903 [0584da7b-3980-4d20-b3ba-d97c117b17a2-ContainerOp-0c5972bd-f91c-4346-a54b-a3ec0edc4b3b-9] INFO  keyvalue.KeyValueContainer (KeyValueContainer.java:close(430)) - Closed container: KeyValueContainerData #6 (CLOSED, non-empty, ri=0, origin=[dn_0584da7b-3980-4d20-b3ba-d97c117b17a2, pipeline_0c5972bd-f91c-4346-a54b-a3ec0edc4b3b])
2025-07-05 15:54:50,904 [11776e6b-d53e-4cdc-a879-730cb763d81d-ContainerOp-0c5972bd-f91c-4346-a54b-a3ec0edc4b3b-9] INFO  keyvalue.KeyValueContainer (KeyValueContainer.java:close(430)) - Closed container: KeyValueContainerData #6 (CLOSED, non-empty, ri=0, origin=[dn_11776e6b-d53e-4cdc-a879-730cb763d81d, pipeline_0c5972bd-f91c-4346-a54b-a3ec0edc4b3b])
2025-07-05 15:54:50,904 [b30b3ffb-bc08-4f2c-b590-0aeed9816472-ContainerOp-0c5972bd-f91c-4346-a54b-a3ec0edc4b3b-0] INFO  keyvalue.KeyValueContainer (KeyValueContainer.java:close(430)) - Closed container: KeyValueContainerData #6 (CLOSED, non-empty, ri=0, origin=[dn_b30b3ffb-bc08-4f2c-b590-0aeed9816472, pipeline_0c5972bd-f91c-4346-a54b-a3ec0edc4b3b])
2025-07-05 15:54:50,906 [scmNode-3-FixedThreadPoolWithAffinityExecutor-0-0] INFO  container.IncrementalContainerReportHandler (AbstractContainerReportHandler.java:updateContainerState(289)) - CLOSE Container #6 (CLOSING, sid=169) r0 (CLOSED, bcsid=169, origin=11776e6b-d53e-4cdc-a879-730cb763d81d, non-empty) from dn 11776e6b-d53e-4cdc-a879-730cb763d81d(localhost/127.0.0.1)
2025-07-05 15:54:50,906 [scmNode-1-FixedThreadPoolWithAffinityExecutor-9-0] INFO  container.IncrementalContainerReportHandler (AbstractContainerReportHandler.java:updateContainerState(289)) - CLOSE Container #6 (CLOSING, sid=169) r0 (CLOSED, bcsid=169, origin=b30b3ffb-bc08-4f2c-b590-0aeed9816472, non-empty) from dn b30b3ffb-bc08-4f2c-b590-0aeed9816472(localhost/127.0.0.1)
2025-07-05 15:54:50,907 [scmNode-2-FixedThreadPoolWithAffinityExecutor-9-0] INFO  container.IncrementalContainerReportHandler (AbstractContainerReportHandler.java:updateContainerState(289)) - CLOSE Container #6 (CLOSING, sid=169) r0 (CLOSED, bcsid=169, origin=b30b3ffb-bc08-4f2c-b590-0aeed9816472, non-empty) from dn b30b3ffb-bc08-4f2c-b590-0aeed9816472(localhost/127.0.0.1)
2025-07-05 15:54:50,907 [scmNode-2-FixedThreadPoolWithAffinityExecutor-9-0] INFO  container.IncrementalContainerReportHandler (IncrementalContainerReportHandler.java:processICR(116)) - SCM_NOT_LEADER: Failed to process Container #6 (CLOSING, sid=169) r0 (CLOSED, bcsid=169, origin=b30b3ffb-bc08-4f2c-b590-0aeed9816472, non-empty) from dn b30b3ffb-bc08-4f2c-b590-0aeed9816472(localhost/127.0.0.1)
2025-07-05 15:54:50,908 [scmNode-3-FixedThreadPoolWithAffinityExecutor-0-0] INFO  container.IncrementalContainerReportHandler (IncrementalContainerReportHandler.java:processICR(116)) - SCM_NOT_LEADER: Failed to process Container #6 (CLOSING, sid=169) r0 (CLOSED, bcsid=169, origin=11776e6b-d53e-4cdc-a879-730cb763d81d, non-empty) from dn 11776e6b-d53e-4cdc-a879-730cb763d81d(localhost/127.0.0.1)
2025-07-05 15:54:50,908 [scmNode-3-FixedThreadPoolWithAffinityExecutor-9-0] INFO  container.IncrementalContainerReportHandler (AbstractContainerReportHandler.java:updateContainerState(289)) - CLOSE Container #6 (CLOSING, sid=169) r0 (CLOSED, bcsid=169, origin=b30b3ffb-bc08-4f2c-b590-0aeed9816472, non-empty) from dn b30b3ffb-bc08-4f2c-b590-0aeed9816472(localhost/127.0.0.1)
2025-07-05 15:54:50,909 [scmNode-3-FixedThreadPoolWithAffinityExecutor-1-0] INFO  container.IncrementalContainerReportHandler (AbstractContainerReportHandler.java:updateContainerState(289)) - CLOSE Container #6 (CLOSING, sid=169) r0 (CLOSED, bcsid=169, origin=0584da7b-3980-4d20-b3ba-d97c117b17a2, non-empty) from dn 0584da7b-3980-4d20-b3ba-d97c117b17a2(localhost/127.0.0.1)
2025-07-05 15:54:50,910 [scmNode-3-FixedThreadPoolWithAffinityExecutor-9-0] INFO  container.IncrementalContainerReportHandler (IncrementalContainerReportHandler.java:processICR(116)) - SCM_NOT_LEADER: Failed to process Container #6 (CLOSING, sid=169) r0 (CLOSED, bcsid=169, origin=b30b3ffb-bc08-4f2c-b590-0aeed9816472, non-empty) from dn b30b3ffb-bc08-4f2c-b590-0aeed9816472(localhost/127.0.0.1)
2025-07-05 15:54:50,910 [scmNode-3-FixedThreadPoolWithAffinityExecutor-1-0] INFO  container.IncrementalContainerReportHandler (IncrementalContainerReportHandler.java:processICR(116)) - SCM_NOT_LEADER: Failed to process Container #6 (CLOSING, sid=169) r0 (CLOSED, bcsid=169, origin=0584da7b-3980-4d20-b3ba-d97c117b17a2, non-empty) from dn 0584da7b-3980-4d20-b3ba-d97c117b17a2(localhost/127.0.0.1)
2025-07-05 15:54:50,910 [scmNode-2-FixedThreadPoolWithAffinityExecutor-1-0] INFO  container.IncrementalContainerReportHandler (AbstractContainerReportHandler.java:updateContainerState(289)) - CLOSE Container #6 (CLOSING, sid=169) r0 (CLOSED, bcsid=169, origin=0584da7b-3980-4d20-b3ba-d97c117b17a2, non-empty) from dn 0584da7b-3980-4d20-b3ba-d97c117b17a2(localhost/127.0.0.1)
2025-07-05 15:54:50,911 [scmNode-2-FixedThreadPoolWithAffinityExecutor-1-0] INFO  container.IncrementalContainerReportHandler (IncrementalContainerReportHandler.java:processICR(116)) - SCM_NOT_LEADER: Failed to process Container #6 (CLOSING, sid=169) r0 (CLOSED, bcsid=169, origin=0584da7b-3980-4d20-b3ba-d97c117b17a2, non-empty) from dn 0584da7b-3980-4d20-b3ba-d97c117b17a2(localhost/127.0.0.1)
2025-07-05 15:54:50,911 [scmNode-2-FixedThreadPoolWithAffinityExecutor-0-0] INFO  container.IncrementalContainerReportHandler (AbstractContainerReportHandler.java:updateContainerState(289)) - CLOSE Container #6 (CLOSING, sid=169) r0 (CLOSED, bcsid=169, origin=11776e6b-d53e-4cdc-a879-730cb763d81d, non-empty) from dn 11776e6b-d53e-4cdc-a879-730cb763d81d(localhost/127.0.0.1)
2025-07-05 15:54:50,912 [scmNode-2-FixedThreadPoolWithAffinityExecutor-0-0] INFO  container.IncrementalContainerReportHandler (IncrementalContainerReportHandler.java:processICR(116)) - SCM_NOT_LEADER: Failed to process Container #6 (CLOSING, sid=169) r0 (CLOSED, bcsid=169, origin=11776e6b-d53e-4cdc-a879-730cb763d81d, non-empty) from dn 11776e6b-d53e-4cdc-a879-730cb763d81d(localhost/127.0.0.1)
2025-07-05 15:54:51,906 [scmNode-2-FixedThreadPoolWithAffinityExecutor-9-0] INFO  container.ContainerReportHandler (AbstractContainerReportHandler.java:updateContainerState(289)) - CLOSE Container #6 (CLOSING, sid=169) r0 (CLOSED, bcsid=169, origin=b30b3ffb-bc08-4f2c-b590-0aeed9816472, non-empty) from dn b30b3ffb-bc08-4f2c-b590-0aeed9816472(localhost/127.0.0.1)
2025-07-05 15:54:51,906 [scmNode-3-FixedThreadPoolWithAffinityExecutor-9-0] INFO  container.ContainerReportHandler (AbstractContainerReportHandler.java:updateContainerState(289)) - CLOSE Container #6 (CLOSING, sid=169) r0 (CLOSED, bcsid=169, origin=b30b3ffb-bc08-4f2c-b590-0aeed9816472, non-empty) from dn b30b3ffb-bc08-4f2c-b590-0aeed9816472(localhost/127.0.0.1)
2025-07-05 15:54:51,907 [scmNode-3-FixedThreadPoolWithAffinityExecutor-9-0] ERROR container.ContainerReportHandler (ContainerReportHandler.java:processSingleReplica(231)) - Failed to process Container #6 (CLOSING, sid=169) r0 (CLOSED, bcsid=169, origin=b30b3ffb-bc08-4f2c-b590-0aeed9816472, non-empty) from dn b30b3ffb-bc08-4f2c-b590-0aeed9816472(localhost/127.0.0.1)
org.apache.hadoop.hdds.scm.exceptions.SCMException: org.apache.ratis.protocol.exceptions.NotLeaderException: Server e9f0a7df-dfca-4eba-a7d3-db47f637b57c@group-0EF9E94BB6A3 is not the leader, suggested leader is: d608cca7-8f6c-485f-afd6-2c7e3558bc9e|localhost:15003
	at org.apache.hadoop.hdds.scm.ha.SCMHAInvocationHandler.translateException(SCMHAInvocationHandler.java:163)
	at org.apache.hadoop.hdds.scm.ha.SCMHAInvocationHandler.invokeRatis(SCMHAInvocationHandler.java:113)
	at org.apache.hadoop.hdds.scm.ha.SCMHAInvocationHandler.invoke(SCMHAInvocationHandler.java:72)
	at jdk.proxy2/jdk.proxy2.$Proxy48.updateContainerState(Unknown Source)
	at org.apache.hadoop.hdds.scm.container.ContainerManagerImpl.updateContainerState(ContainerManagerImpl.java:284)
	at org.apache.hadoop.hdds.scm.container.AbstractContainerReportHandler.updateContainerState(AbstractContainerReportHandler.java:290)
	at org.apache.hadoop.hdds.scm.container.AbstractContainerReportHandler.processContainerReplica(AbstractContainerReportHandler.java:115)
	at org.apache.hadoop.hdds.scm.container.ContainerReportHandler.processSingleReplica(ContainerReportHandler.java:229)
	at org.apache.hadoop.hdds.scm.container.ContainerReportHandler.onMessage(ContainerReportHandler.java:181)
	at org.apache.hadoop.hdds.scm.container.ContainerReportHandler.onMessage(ContainerReportHandler.java:44)
	at org.apache.hadoop.hdds.server.events.FixedThreadPoolWithAffinityExecutor$ContainerReportProcessTask.run(FixedThreadPoolWithAffinityExecutor.java:257)
	at java.base/java.util.concurrent.Executors$RunnableAdapter.call(Executors.java:572)
	at java.base/java.util.concurrent.FutureTask.run(FutureTask.java:317)
	at java.base/java.util.concurrent.ThreadPoolExecutor.runWorker(ThreadPoolExecutor.java:1144)
	at java.base/java.util.concurrent.ThreadPoolExecutor$Worker.run(ThreadPoolExecutor.java:642)
	at java.base/java.lang.Thread.run(Thread.java:1583)
Caused by: org.apache.ratis.protocol.exceptions.NotLeaderException: Server e9f0a7df-dfca-4eba-a7d3-db47f637b57c@group-0EF9E94BB6A3 is not the leader, suggested leader is: d608cca7-8f6c-485f-afd6-2c7e3558bc9e|localhost:15003
	at org.apache.ratis.server.impl.RaftServerImpl.generateNotLeaderException(RaftServerImpl.java:804)
	at org.apache.ratis.server.impl.RaftServerImpl.checkLeaderState(RaftServerImpl.java:769)
	at org.apache.ratis.server.impl.RaftServerImpl.checkLeaderState(RaftServerImpl.java:755)
	at org.apache.ratis.server.impl.RaftServerImpl.writeAsyncImpl(RaftServerImpl.java:972)
	at org.apache.ratis.server.impl.RaftServerImpl.writeAsync(RaftServerImpl.java:960)
	at org.apache.ratis.server.impl.RaftServerImpl.replyFuture(RaftServerImpl.java:953)
	at org.apache.ratis.server.impl.RaftServerImpl.submitClientRequestAsync(RaftServerImpl.java:930)
	at org.apache.ratis.server.impl.RaftServerImpl.lambda$null$11(RaftServerImpl.java:919)
	at org.apache.ratis.util.JavaUtils.callAsUnchecked(JavaUtils.java:118)
	at org.apache.ratis.server.impl.RaftServerImpl.lambda$executeSubmitClientRequestAsync$12(RaftServerImpl.java:919)
	at java.base/java.util.concurrent.CompletableFuture$AsyncSupply.run(CompletableFuture.java:1768)
	... 3 more
2025-07-05 15:54:51,909 [scmNode-3-FixedThreadPoolWithAffinityExecutor-1-0] INFO  container.ContainerReportHandler (AbstractContainerReportHandler.java:updateContainerState(289)) - CLOSE Container #6 (CLOSING, sid=169) r0 (CLOSED, bcsid=169, origin=0584da7b-3980-4d20-b3ba-d97c117b17a2, non-empty) from dn 0584da7b-3980-4d20-b3ba-d97c117b17a2(localhost/127.0.0.1)
2025-07-05 15:54:51,909 [scmNode-3-FixedThreadPoolWithAffinityExecutor-1-0] ERROR container.ContainerReportHandler (ContainerReportHandler.java:processSingleReplica(231)) - Failed to process Container #6 (CLOSING, sid=169) r0 (CLOSED, bcsid=169, origin=0584da7b-3980-4d20-b3ba-d97c117b17a2, non-empty) from dn 0584da7b-3980-4d20-b3ba-d97c117b17a2(localhost/127.0.0.1)
org.apache.hadoop.hdds.scm.exceptions.SCMException: org.apache.ratis.protocol.exceptions.NotLeaderException: Server e9f0a7df-dfca-4eba-a7d3-db47f637b57c@group-0EF9E94BB6A3 is not the leader, suggested leader is: d608cca7-8f6c-485f-afd6-2c7e3558bc9e|localhost:15003
	at org.apache.hadoop.hdds.scm.ha.SCMHAInvocationHandler.translateException(SCMHAInvocationHandler.java:163)
	at org.apache.hadoop.hdds.scm.ha.SCMHAInvocationHandler.invokeRatis(SCMHAInvocationHandler.java:113)
	at org.apache.hadoop.hdds.scm.ha.SCMHAInvocationHandler.invoke(SCMHAInvocationHandler.java:72)
	at jdk.proxy2/jdk.proxy2.$Proxy48.updateContainerState(Unknown Source)
	at org.apache.hadoop.hdds.scm.container.ContainerManagerImpl.updateContainerState(ContainerManagerImpl.java:284)
	at org.apache.hadoop.hdds.scm.container.AbstractContainerReportHandler.updateContainerState(AbstractContainerReportHandler.java:290)
	at org.apache.hadoop.hdds.scm.container.AbstractContainerReportHandler.processContainerReplica(AbstractContainerReportHandler.java:115)
	at org.apache.hadoop.hdds.scm.container.ContainerReportHandler.processSingleReplica(ContainerReportHandler.java:229)
	at org.apache.hadoop.hdds.scm.container.ContainerReportHandler.onMessage(ContainerReportHandler.java:181)
	at org.apache.hadoop.hdds.scm.container.ContainerReportHandler.onMessage(ContainerReportHandler.java:44)
	at org.apache.hadoop.hdds.server.events.FixedThreadPoolWithAffinityExecutor$ContainerReportProcessTask.run(FixedThreadPoolWithAffinityExecutor.java:257)
	at java.base/java.util.concurrent.Executors$RunnableAdapter.call(Executors.java:572)
	at java.base/java.util.concurrent.FutureTask.run(FutureTask.java:317)
	at java.base/java.util.concurrent.ThreadPoolExecutor.runWorker(ThreadPoolExecutor.java:1144)
	at java.base/java.util.concurrent.ThreadPoolExecutor$Worker.run(ThreadPoolExecutor.java:642)
	at java.base/java.lang.Thread.run(Thread.java:1583)
Caused by: org.apache.ratis.protocol.exceptions.NotLeaderException: Server e9f0a7df-dfca-4eba-a7d3-db47f637b57c@group-0EF9E94BB6A3 is not the leader, suggested leader is: d608cca7-8f6c-485f-afd6-2c7e3558bc9e|localhost:15003
	at org.apache.ratis.server.impl.RaftServerImpl.generateNotLeaderException(RaftServerImpl.java:804)
	at org.apache.ratis.server.impl.RaftServerImpl.checkLeaderState(RaftServerImpl.java:769)
	at org.apache.ratis.server.impl.RaftServerImpl.checkLeaderState(RaftServerImpl.java:755)
	at org.apache.ratis.server.impl.RaftServerImpl.writeAsyncImpl(RaftServerImpl.java:972)
	at org.apache.ratis.server.impl.RaftServerImpl.writeAsync(RaftServerImpl.java:960)
	at org.apache.ratis.server.impl.RaftServerImpl.replyFuture(RaftServerImpl.java:953)
	at org.apache.ratis.server.impl.RaftServerImpl.submitClientRequestAsync(RaftServerImpl.java:930)
	at org.apache.ratis.server.impl.RaftServerImpl.lambda$null$11(RaftServerImpl.java:919)
	at org.apache.ratis.util.JavaUtils.callAsUnchecked(JavaUtils.java:118)
	at org.apache.ratis.server.impl.RaftServerImpl.lambda$executeSubmitClientRequestAsync$12(RaftServerImpl.java:919)
	at java.base/java.util.concurrent.CompletableFuture$AsyncSupply.run(CompletableFuture.java:1768)
	... 3 more
2025-07-05 15:54:51,910 [scmNode-2-FixedThreadPoolWithAffinityExecutor-9-0] ERROR container.ContainerReportHandler (ContainerReportHandler.java:processSingleReplica(231)) - Failed to process Container #6 (CLOSING, sid=169) r0 (CLOSED, bcsid=169, origin=b30b3ffb-bc08-4f2c-b590-0aeed9816472, non-empty) from dn b30b3ffb-bc08-4f2c-b590-0aeed9816472(localhost/127.0.0.1)
org.apache.hadoop.hdds.scm.exceptions.SCMException: org.apache.ratis.protocol.exceptions.NotLeaderException: Server 2d344aaf-3adb-4590-a8db-0ff637af21a8@group-0EF9E94BB6A3 is not the leader, suggested leader is: d608cca7-8f6c-485f-afd6-2c7e3558bc9e|localhost:15003
	at org.apache.hadoop.hdds.scm.ha.SCMHAInvocationHandler.translateException(SCMHAInvocationHandler.java:163)
	at org.apache.hadoop.hdds.scm.ha.SCMHAInvocationHandler.invokeRatis(SCMHAInvocationHandler.java:113)
	at org.apache.hadoop.hdds.scm.ha.SCMHAInvocationHandler.invoke(SCMHAInvocationHandler.java:72)
	at jdk.proxy2/jdk.proxy2.$Proxy48.updateContainerState(Unknown Source)
	at org.apache.hadoop.hdds.scm.container.ContainerManagerImpl.updateContainerState(ContainerManagerImpl.java:284)
	at org.apache.hadoop.hdds.scm.container.AbstractContainerReportHandler.updateContainerState(AbstractContainerReportHandler.java:290)
	at org.apache.hadoop.hdds.scm.container.AbstractContainerReportHandler.processContainerReplica(AbstractContainerReportHandler.java:115)
	at org.apache.hadoop.hdds.scm.container.ContainerReportHandler.processSingleReplica(ContainerReportHandler.java:229)
	at org.apache.hadoop.hdds.scm.container.ContainerReportHandler.onMessage(ContainerReportHandler.java:181)
	at org.apache.hadoop.hdds.scm.container.ContainerReportHandler.onMessage(ContainerReportHandler.java:44)
	at org.apache.hadoop.hdds.server.events.FixedThreadPoolWithAffinityExecutor$ContainerReportProcessTask.run(FixedThreadPoolWithAffinityExecutor.java:257)
	at java.base/java.util.concurrent.Executors$RunnableAdapter.call(Executors.java:572)
	at java.base/java.util.concurrent.FutureTask.run(FutureTask.java:317)
	at java.base/java.util.concurrent.ThreadPoolExecutor.runWorker(ThreadPoolExecutor.java:1144)
	at java.base/java.util.concurrent.ThreadPoolExecutor$Worker.run(ThreadPoolExecutor.java:642)
	at java.base/java.lang.Thread.run(Thread.java:1583)
Caused by: org.apache.ratis.protocol.exceptions.NotLeaderException: Server 2d344aaf-3adb-4590-a8db-0ff637af21a8@group-0EF9E94BB6A3 is not the leader, suggested leader is: d608cca7-8f6c-485f-afd6-2c7e3558bc9e|localhost:15003
	at org.apache.ratis.server.impl.RaftServerImpl.generateNotLeaderException(RaftServerImpl.java:804)
	at org.apache.ratis.server.impl.RaftServerImpl.checkLeaderState(RaftServerImpl.java:769)
	at org.apache.ratis.server.impl.RaftServerImpl.checkLeaderState(RaftServerImpl.java:755)
	at org.apache.ratis.server.impl.RaftServerImpl.writeAsyncImpl(RaftServerImpl.java:972)
	at org.apache.ratis.server.impl.RaftServerImpl.writeAsync(RaftServerImpl.java:960)
	at org.apache.ratis.server.impl.RaftServerImpl.replyFuture(RaftServerImpl.java:953)
	at org.apache.ratis.server.impl.RaftServerImpl.submitClientRequestAsync(RaftServerImpl.java:930)
	at org.apache.ratis.server.impl.RaftServerImpl.lambda$null$11(RaftServerImpl.java:919)
	at org.apache.ratis.util.JavaUtils.callAsUnchecked(JavaUtils.java:118)
	at org.apache.ratis.server.impl.RaftServerImpl.lambda$executeSubmitClientRequestAsync$12(RaftServerImpl.java:919)
	at java.base/java.util.concurrent.CompletableFuture$AsyncSupply.run(CompletableFuture.java:1768)
	... 3 more
2025-07-05 15:54:51,910 [scmNode-2-FixedThreadPoolWithAffinityExecutor-1-0] INFO  container.ContainerReportHandler (AbstractContainerReportHandler.java:updateContainerState(289)) - CLOSE Container #6 (CLOSING, sid=169) r0 (CLOSED, bcsid=169, origin=0584da7b-3980-4d20-b3ba-d97c117b17a2, non-empty) from dn 0584da7b-3980-4d20-b3ba-d97c117b17a2(localhost/127.0.0.1)
2025-07-05 15:54:51,910 [scmNode-2-FixedThreadPoolWithAffinityExecutor-1-0] ERROR container.ContainerReportHandler (ContainerReportHandler.java:processSingleReplica(231)) - Failed to process Container #6 (CLOSING, sid=169) r0 (CLOSED, bcsid=169, origin=0584da7b-3980-4d20-b3ba-d97c117b17a2, non-empty) from dn 0584da7b-3980-4d20-b3ba-d97c117b17a2(localhost/127.0.0.1)
org.apache.hadoop.hdds.scm.exceptions.SCMException: org.apache.ratis.protocol.exceptions.NotLeaderException: Server 2d344aaf-3adb-4590-a8db-0ff637af21a8@group-0EF9E94BB6A3 is not the leader, suggested leader is: d608cca7-8f6c-485f-afd6-2c7e3558bc9e|localhost:15003
	at org.apache.hadoop.hdds.scm.ha.SCMHAInvocationHandler.translateException(SCMHAInvocationHandler.java:163)
	at org.apache.hadoop.hdds.scm.ha.SCMHAInvocationHandler.invokeRatis(SCMHAInvocationHandler.java:113)
	at org.apache.hadoop.hdds.scm.ha.SCMHAInvocationHandler.invoke(SCMHAInvocationHandler.java:72)
	at jdk.proxy2/jdk.proxy2.$Proxy48.updateContainerState(Unknown Source)
	at org.apache.hadoop.hdds.scm.container.ContainerManagerImpl.updateContainerState(ContainerManagerImpl.java:284)
	at org.apache.hadoop.hdds.scm.container.AbstractContainerReportHandler.updateContainerState(AbstractContainerReportHandler.java:290)
	at org.apache.hadoop.hdds.scm.container.AbstractContainerReportHandler.processContainerReplica(AbstractContainerReportHandler.java:115)
	at org.apache.hadoop.hdds.scm.container.ContainerReportHandler.processSingleReplica(ContainerReportHandler.java:229)
	at org.apache.hadoop.hdds.scm.container.ContainerReportHandler.onMessage(ContainerReportHandler.java:181)
	at org.apache.hadoop.hdds.scm.container.ContainerReportHandler.onMessage(ContainerReportHandler.java:44)
	at org.apache.hadoop.hdds.server.events.FixedThreadPoolWithAffinityExecutor$ContainerReportProcessTask.run(FixedThreadPoolWithAffinityExecutor.java:257)
	at java.base/java.util.concurrent.Executors$RunnableAdapter.call(Executors.java:572)
	at java.base/java.util.concurrent.FutureTask.run(FutureTask.java:317)
	at java.base/java.util.concurrent.ThreadPoolExecutor.runWorker(ThreadPoolExecutor.java:1144)
	at java.base/java.util.concurrent.ThreadPoolExecutor$Worker.run(ThreadPoolExecutor.java:642)
	at java.base/java.lang.Thread.run(Thread.java:1583)
Caused by: org.apache.ratis.protocol.exceptions.NotLeaderException: Server 2d344aaf-3adb-4590-a8db-0ff637af21a8@group-0EF9E94BB6A3 is not the leader, suggested leader is: d608cca7-8f6c-485f-afd6-2c7e3558bc9e|localhost:15003
	at org.apache.ratis.server.impl.RaftServerImpl.generateNotLeaderException(RaftServerImpl.java:804)
	at org.apache.ratis.server.impl.RaftServerImpl.checkLeaderState(RaftServerImpl.java:769)
	at org.apache.ratis.server.impl.RaftServerImpl.checkLeaderState(RaftServerImpl.java:755)
	at org.apache.ratis.server.impl.RaftServerImpl.writeAsyncImpl(RaftServerImpl.java:972)
	at org.apache.ratis.server.impl.RaftServerImpl.writeAsync(RaftServerImpl.java:960)
	at org.apache.ratis.server.impl.RaftServerImpl.replyFuture(RaftServerImpl.java:953)
	at org.apache.ratis.server.impl.RaftServerImpl.submitClientRequestAsync(RaftServerImpl.java:930)
	at org.apache.ratis.server.impl.RaftServerImpl.lambda$null$11(RaftServerImpl.java:919)
	at org.apache.ratis.util.JavaUtils.callAsUnchecked(JavaUtils.java:118)
	at org.apache.ratis.server.impl.RaftServerImpl.lambda$executeSubmitClientRequestAsync$12(RaftServerImpl.java:919)
	at java.base/java.util.concurrent.CompletableFuture$AsyncSupply.run(CompletableFuture.java:1768)
	... 3 more
2025-07-05 15:54:53,509 [main] INFO  ha.SCMNodeInfo (SCMNodeInfo.java:getPort(197)) - ConfigKey ozone.scm.client.address is deprecated, For configuring different ports for each SCM use PortConfigKey ozone.scm.client.port appended with serviceId and nodeId
2025-07-05 15:54:53,509 [main] INFO  ha.SCMNodeInfo (SCMNodeInfo.java:getPort(197)) - ConfigKey ozone.scm.block.client.address is deprecated, For configuring different ports for each SCM use PortConfigKey ozone.scm.block.client.port appended with serviceId and nodeId
2025-07-05 15:54:53,509 [main] INFO  ha.SCMNodeInfo (SCMNodeInfo.java:getPort(197)) - ConfigKey ozone.scm.security.service.address is deprecated, For configuring different ports for each SCM use PortConfigKey ozone.scm.security.service.port appended with serviceId and nodeId
2025-07-05 15:54:53,509 [main] INFO  ha.SCMNodeInfo (SCMNodeInfo.java:getPort(197)) - ConfigKey ozone.scm.datanode.address is deprecated, For configuring different ports for each SCM use PortConfigKey ozone.scm.datanode.port appended with serviceId and nodeId
2025-07-05 15:54:53,509 [main] INFO  ha.SCMNodeInfo (SCMNodeInfo.java:getPort(197)) - ConfigKey ozone.scm.client.address is deprecated, For configuring different ports for each SCM use PortConfigKey ozone.scm.client.port appended with serviceId and nodeId
2025-07-05 15:54:53,509 [main] INFO  ha.SCMNodeInfo (SCMNodeInfo.java:getPort(197)) - ConfigKey ozone.scm.block.client.address is deprecated, For configuring different ports for each SCM use PortConfigKey ozone.scm.block.client.port appended with serviceId and nodeId
2025-07-05 15:54:53,509 [main] INFO  ha.SCMNodeInfo (SCMNodeInfo.java:getPort(197)) - ConfigKey ozone.scm.security.service.address is deprecated, For configuring different ports for each SCM use PortConfigKey ozone.scm.security.service.port appended with serviceId and nodeId
2025-07-05 15:54:53,509 [main] INFO  ha.SCMNodeInfo (SCMNodeInfo.java:getPort(197)) - ConfigKey ozone.scm.datanode.address is deprecated, For configuring different ports for each SCM use PortConfigKey ozone.scm.datanode.port appended with serviceId and nodeId
2025-07-05 15:54:53,510 [main] INFO  ha.SCMNodeInfo (SCMNodeInfo.java:getPort(197)) - ConfigKey ozone.scm.client.address is deprecated, For configuring different ports for each SCM use PortConfigKey ozone.scm.client.port appended with serviceId and nodeId
2025-07-05 15:54:53,510 [main] INFO  ha.SCMNodeInfo (SCMNodeInfo.java:getPort(197)) - ConfigKey ozone.scm.block.client.address is deprecated, For configuring different ports for each SCM use PortConfigKey ozone.scm.block.client.port appended with serviceId and nodeId
2025-07-05 15:54:53,510 [main] INFO  ha.SCMNodeInfo (SCMNodeInfo.java:getPort(197)) - ConfigKey ozone.scm.security.service.address is deprecated, For configuring different ports for each SCM use PortConfigKey ozone.scm.security.service.port appended with serviceId and nodeId
2025-07-05 15:54:53,510 [main] INFO  ha.SCMNodeInfo (SCMNodeInfo.java:getPort(197)) - ConfigKey ozone.scm.datanode.address is deprecated, For configuring different ports for each SCM use PortConfigKey ozone.scm.datanode.port appended with serviceId and nodeId
2025-07-05 15:54:53,510 [main] INFO  proxy.SCMContainerLocationFailoverProxyProvider (SCMFailoverProxyProviderBase.java:<init>(120)) - Created fail-over proxy for protocol StorageContainerLocationProtocolPB with 3 nodes: [nodeId=scmNode-2,nodeAddress=/127.0.0.1:15013, nodeId=scmNode-3,nodeAddress=/127.0.0.1:15021, nodeId=scmNode-1,nodeAddress=/127.0.0.1:15005]
2025-07-05 15:54:53,516 [Socket Reader #8 for port 15005] INFO  ipc.Server (Server.java:saslProcess(2290)) - Auth successful for scm/localhost@EXAMPLE.COM (auth:KERBEROS) from 127.0.0.1:33213
2025-07-05 15:54:53,518 [main] INFO  checksum.TestContainerCommandReconciliation (TestContainerCommandReconciliation.java:lambda$waitForDataChecksumsAtSCM$6(547)) - Waiting for 2 total unique checksums from container 6 to be reported to SCM. Currently 1 uniquechecksums are reported.
2025-07-05 15:54:54,014 [pool-267-thread-1] WARN  keyvalue.KeyValueHandler (KeyValueHandler.java:updateAndGetContainerChecksum(1451)) - Container data checksum updated from 51c42f7d to dcf43e53
2025-07-05 15:54:54,518 [main] INFO  ha.SCMNodeInfo (SCMNodeInfo.java:getPort(197)) - ConfigKey ozone.scm.client.address is deprecated, For configuring different ports for each SCM use PortConfigKey ozone.scm.client.port appended with serviceId and nodeId
2025-07-05 15:54:54,518 [main] INFO  ha.SCMNodeInfo (SCMNodeInfo.java:getPort(197)) - ConfigKey ozone.scm.block.client.address is deprecated, For configuring different ports for each SCM use PortConfigKey ozone.scm.block.client.port appended with serviceId and nodeId
2025-07-05 15:54:54,518 [main] INFO  ha.SCMNodeInfo (SCMNodeInfo.java:getPort(197)) - ConfigKey ozone.scm.security.service.address is deprecated, For configuring different ports for each SCM use PortConfigKey ozone.scm.security.service.port appended with serviceId and nodeId
2025-07-05 15:54:54,518 [main] INFO  ha.SCMNodeInfo (SCMNodeInfo.java:getPort(197)) - ConfigKey ozone.scm.datanode.address is deprecated, For configuring different ports for each SCM use PortConfigKey ozone.scm.datanode.port appended with serviceId and nodeId
2025-07-05 15:54:54,518 [main] INFO  ha.SCMNodeInfo (SCMNodeInfo.java:getPort(197)) - ConfigKey ozone.scm.client.address is deprecated, For configuring different ports for each SCM use PortConfigKey ozone.scm.client.port appended with serviceId and nodeId
2025-07-05 15:54:54,518 [main] INFO  ha.SCMNodeInfo (SCMNodeInfo.java:getPort(197)) - ConfigKey ozone.scm.block.client.address is deprecated, For configuring different ports for each SCM use PortConfigKey ozone.scm.block.client.port appended with serviceId and nodeId
2025-07-05 15:54:54,519 [main] INFO  ha.SCMNodeInfo (SCMNodeInfo.java:getPort(197)) - ConfigKey ozone.scm.security.service.address is deprecated, For configuring different ports for each SCM use PortConfigKey ozone.scm.security.service.port appended with serviceId and nodeId
2025-07-05 15:54:54,519 [main] INFO  ha.SCMNodeInfo (SCMNodeInfo.java:getPort(197)) - ConfigKey ozone.scm.datanode.address is deprecated, For configuring different ports for each SCM use PortConfigKey ozone.scm.datanode.port appended with serviceId and nodeId
2025-07-05 15:54:54,519 [main] INFO  ha.SCMNodeInfo (SCMNodeInfo.java:getPort(197)) - ConfigKey ozone.scm.client.address is deprecated, For configuring different ports for each SCM use PortConfigKey ozone.scm.client.port appended with serviceId and nodeId
2025-07-05 15:54:54,519 [main] INFO  ha.SCMNodeInfo (SCMNodeInfo.java:getPort(197)) - ConfigKey ozone.scm.block.client.address is deprecated, For configuring different ports for each SCM use PortConfigKey ozone.scm.block.client.port appended with serviceId and nodeId
2025-07-05 15:54:54,519 [main] INFO  ha.SCMNodeInfo (SCMNodeInfo.java:getPort(197)) - ConfigKey ozone.scm.security.service.address is deprecated, For configuring different ports for each SCM use PortConfigKey ozone.scm.security.service.port appended with serviceId and nodeId
2025-07-05 15:54:54,519 [main] INFO  ha.SCMNodeInfo (SCMNodeInfo.java:getPort(197)) - ConfigKey ozone.scm.datanode.address is deprecated, For configuring different ports for each SCM use PortConfigKey ozone.scm.datanode.port appended with serviceId and nodeId
2025-07-05 15:54:54,519 [main] INFO  proxy.SCMContainerLocationFailoverProxyProvider (SCMFailoverProxyProviderBase.java:<init>(120)) - Created fail-over proxy for protocol StorageContainerLocationProtocolPB with 3 nodes: [nodeId=scmNode-2,nodeAddress=/127.0.0.1:15013, nodeId=scmNode-3,nodeAddress=/127.0.0.1:15021, nodeId=scmNode-1,nodeAddress=/127.0.0.1:15005]
2025-07-05 15:54:54,524 [Socket Reader #9 for port 15005] INFO  ipc.Server (Server.java:saslProcess(2290)) - Auth successful for scm/localhost@EXAMPLE.COM (auth:KERBEROS) from 127.0.0.1:38917
2025-07-05 15:54:54,526 [main] INFO  checksum.TestContainerCommandReconciliation (TestContainerCommandReconciliation.java:lambda$waitForDataChecksumsAtSCM$6(547)) - Waiting for 2 total unique checksums from container 6 to be reported to SCM. Currently 2 uniquechecksums are reported.
2025-07-05 15:54:54,526 [main] INFO  ha.SCMNodeInfo (SCMNodeInfo.java:getPort(197)) - ConfigKey ozone.scm.client.address is deprecated, For configuring different ports for each SCM use PortConfigKey ozone.scm.client.port appended with serviceId and nodeId
2025-07-05 15:54:54,526 [main] INFO  ha.SCMNodeInfo (SCMNodeInfo.java:getPort(197)) - ConfigKey ozone.scm.block.client.address is deprecated, For configuring different ports for each SCM use PortConfigKey ozone.scm.block.client.port appended with serviceId and nodeId
2025-07-05 15:54:54,526 [main] INFO  ha.SCMNodeInfo (SCMNodeInfo.java:getPort(197)) - ConfigKey ozone.scm.security.service.address is deprecated, For configuring different ports for each SCM use PortConfigKey ozone.scm.security.service.port appended with serviceId and nodeId
2025-07-05 15:54:54,526 [main] INFO  ha.SCMNodeInfo (SCMNodeInfo.java:getPort(197)) - ConfigKey ozone.scm.datanode.address is deprecated, For configuring different ports for each SCM use PortConfigKey ozone.scm.datanode.port appended with serviceId and nodeId
2025-07-05 15:54:54,526 [main] INFO  ha.SCMNodeInfo (SCMNodeInfo.java:getPort(197)) - ConfigKey ozone.scm.client.address is deprecated, For configuring different ports for each SCM use PortConfigKey ozone.scm.client.port appended with serviceId and nodeId
2025-07-05 15:54:54,527 [main] INFO  ha.SCMNodeInfo (SCMNodeInfo.java:getPort(197)) - ConfigKey ozone.scm.block.client.address is deprecated, For configuring different ports for each SCM use PortConfigKey ozone.scm.block.client.port appended with serviceId and nodeId
2025-07-05 15:54:54,527 [main] INFO  ha.SCMNodeInfo (SCMNodeInfo.java:getPort(197)) - ConfigKey ozone.scm.security.service.address is deprecated, For configuring different ports for each SCM use PortConfigKey ozone.scm.security.service.port appended with serviceId and nodeId
2025-07-05 15:54:54,527 [main] INFO  ha.SCMNodeInfo (SCMNodeInfo.java:getPort(197)) - ConfigKey ozone.scm.datanode.address is deprecated, For configuring different ports for each SCM use PortConfigKey ozone.scm.datanode.port appended with serviceId and nodeId
2025-07-05 15:54:54,527 [main] INFO  ha.SCMNodeInfo (SCMNodeInfo.java:getPort(197)) - ConfigKey ozone.scm.client.address is deprecated, For configuring different ports for each SCM use PortConfigKey ozone.scm.client.port appended with serviceId and nodeId
2025-07-05 15:54:54,527 [main] INFO  ha.SCMNodeInfo (SCMNodeInfo.java:getPort(197)) - ConfigKey ozone.scm.block.client.address is deprecated, For configuring different ports for each SCM use PortConfigKey ozone.scm.block.client.port appended with serviceId and nodeId
2025-07-05 15:54:54,527 [main] INFO  ha.SCMNodeInfo (SCMNodeInfo.java:getPort(197)) - ConfigKey ozone.scm.security.service.address is deprecated, For configuring different ports for each SCM use PortConfigKey ozone.scm.security.service.port appended with serviceId and nodeId
2025-07-05 15:54:54,527 [main] INFO  ha.SCMNodeInfo (SCMNodeInfo.java:getPort(197)) - ConfigKey ozone.scm.datanode.address is deprecated, For configuring different ports for each SCM use PortConfigKey ozone.scm.datanode.port appended with serviceId and nodeId
2025-07-05 15:54:54,527 [main] INFO  proxy.SCMContainerLocationFailoverProxyProvider (SCMFailoverProxyProviderBase.java:<init>(120)) - Created fail-over proxy for protocol StorageContainerLocationProtocolPB with 3 nodes: [nodeId=scmNode-2,nodeAddress=/127.0.0.1:15013, nodeId=scmNode-3,nodeAddress=/127.0.0.1:15021, nodeId=scmNode-1,nodeAddress=/127.0.0.1:15005]
2025-07-05 15:54:54,530 [Socket Reader #10 for port 15005] INFO  ipc.Server (Server.java:saslProcess(2290)) - Auth successful for scm/localhost@EXAMPLE.COM (auth:KERBEROS) from 127.0.0.1:44681
2025-07-05 15:54:54,532 [scmNode-1-EventQueue-ReconcileContainerForReconcileContainerEventHandler] INFO  reconciliation.ReconcileContainerEventHandler (ReconcileContainerEventHandler.java:onMessage(76)) - Reconcile container event triggered for container #6 with peers [0584da7b-3980-4d20-b3ba-d97c117b17a2(localhost/127.0.0.1), 11776e6b-d53e-4cdc-a879-730cb763d81d(localhost/127.0.0.1), b30b3ffb-bc08-4f2c-b590-0aeed9816472(localhost/127.0.0.1)]
2025-07-05 15:54:54,532 [main] INFO  ha.SCMNodeInfo (SCMNodeInfo.java:getPort(197)) - ConfigKey ozone.scm.client.address is deprecated, For configuring different ports for each SCM use PortConfigKey ozone.scm.client.port appended with serviceId and nodeId
2025-07-05 15:54:54,532 [main] INFO  ha.SCMNodeInfo (SCMNodeInfo.java:getPort(197)) - ConfigKey ozone.scm.block.client.address is deprecated, For configuring different ports for each SCM use PortConfigKey ozone.scm.block.client.port appended with serviceId and nodeId
2025-07-05 15:54:54,532 [main] INFO  ha.SCMNodeInfo (SCMNodeInfo.java:getPort(197)) - ConfigKey ozone.scm.security.service.address is deprecated, For configuring different ports for each SCM use PortConfigKey ozone.scm.security.service.port appended with serviceId and nodeId
2025-07-05 15:54:54,532 [main] INFO  ha.SCMNodeInfo (SCMNodeInfo.java:getPort(197)) - ConfigKey ozone.scm.datanode.address is deprecated, For configuring different ports for each SCM use PortConfigKey ozone.scm.datanode.port appended with serviceId and nodeId
2025-07-05 15:54:54,532 [main] INFO  ha.SCMNodeInfo (SCMNodeInfo.java:getPort(197)) - ConfigKey ozone.scm.client.address is deprecated, For configuring different ports for each SCM use PortConfigKey ozone.scm.client.port appended with serviceId and nodeId
2025-07-05 15:54:54,532 [main] INFO  ha.SCMNodeInfo (SCMNodeInfo.java:getPort(197)) - ConfigKey ozone.scm.block.client.address is deprecated, For configuring different ports for each SCM use PortConfigKey ozone.scm.block.client.port appended with serviceId and nodeId
2025-07-05 15:54:54,532 [main] INFO  ha.SCMNodeInfo (SCMNodeInfo.java:getPort(197)) - ConfigKey ozone.scm.security.service.address is deprecated, For configuring different ports for each SCM use PortConfigKey ozone.scm.security.service.port appended with serviceId and nodeId
2025-07-05 15:54:54,532 [main] INFO  ha.SCMNodeInfo (SCMNodeInfo.java:getPort(197)) - ConfigKey ozone.scm.datanode.address is deprecated, For configuring different ports for each SCM use PortConfigKey ozone.scm.datanode.port appended with serviceId and nodeId
2025-07-05 15:54:54,533 [main] INFO  ha.SCMNodeInfo (SCMNodeInfo.java:getPort(197)) - ConfigKey ozone.scm.client.address is deprecated, For configuring different ports for each SCM use PortConfigKey ozone.scm.client.port appended with serviceId and nodeId
2025-07-05 15:54:54,533 [main] INFO  ha.SCMNodeInfo (SCMNodeInfo.java:getPort(197)) - ConfigKey ozone.scm.block.client.address is deprecated, For configuring different ports for each SCM use PortConfigKey ozone.scm.block.client.port appended with serviceId and nodeId
2025-07-05 15:54:54,533 [main] INFO  ha.SCMNodeInfo (SCMNodeInfo.java:getPort(197)) - ConfigKey ozone.scm.security.service.address is deprecated, For configuring different ports for each SCM use PortConfigKey ozone.scm.security.service.port appended with serviceId and nodeId
2025-07-05 15:54:54,533 [main] INFO  ha.SCMNodeInfo (SCMNodeInfo.java:getPort(197)) - ConfigKey ozone.scm.datanode.address is deprecated, For configuring different ports for each SCM use PortConfigKey ozone.scm.datanode.port appended with serviceId and nodeId
2025-07-05 15:54:54,533 [main] INFO  proxy.SCMContainerLocationFailoverProxyProvider (SCMFailoverProxyProviderBase.java:<init>(120)) - Created fail-over proxy for protocol StorageContainerLocationProtocolPB with 3 nodes: [nodeId=scmNode-2,nodeAddress=/127.0.0.1:15013, nodeId=scmNode-3,nodeAddress=/127.0.0.1:15021, nodeId=scmNode-1,nodeAddress=/127.0.0.1:15005]
2025-07-05 15:54:54,537 [Socket Reader #1 for port 15005] INFO  ipc.Server (Server.java:saslProcess(2290)) - Auth successful for scm/localhost@EXAMPLE.COM (auth:KERBEROS) from 127.0.0.1:34553
2025-07-05 15:54:54,538 [main] INFO  checksum.TestContainerCommandReconciliation (TestContainerCommandReconciliation.java:lambda$waitForDataChecksumsAtSCM$6(547)) - Waiting for 1 total unique checksums from container 6 to be reported to SCM. Currently 2 uniquechecksums are reported.
2025-07-05 15:54:55,538 [main] INFO  ha.SCMNodeInfo (SCMNodeInfo.java:getPort(197)) - ConfigKey ozone.scm.client.address is deprecated, For configuring different ports for each SCM use PortConfigKey ozone.scm.client.port appended with serviceId and nodeId
2025-07-05 15:54:55,538 [main] INFO  ha.SCMNodeInfo (SCMNodeInfo.java:getPort(197)) - ConfigKey ozone.scm.block.client.address is deprecated, For configuring different ports for each SCM use PortConfigKey ozone.scm.block.client.port appended with serviceId and nodeId
2025-07-05 15:54:55,538 [main] INFO  ha.SCMNodeInfo (SCMNodeInfo.java:getPort(197)) - ConfigKey ozone.scm.security.service.address is deprecated, For configuring different ports for each SCM use PortConfigKey ozone.scm.security.service.port appended with serviceId and nodeId
2025-07-05 15:54:55,538 [main] INFO  ha.SCMNodeInfo (SCMNodeInfo.java:getPort(197)) - ConfigKey ozone.scm.datanode.address is deprecated, For configuring different ports for each SCM use PortConfigKey ozone.scm.datanode.port appended with serviceId and nodeId
2025-07-05 15:54:55,539 [main] INFO  ha.SCMNodeInfo (SCMNodeInfo.java:getPort(197)) - ConfigKey ozone.scm.client.address is deprecated, For configuring different ports for each SCM use PortConfigKey ozone.scm.client.port appended with serviceId and nodeId
2025-07-05 15:54:55,539 [main] INFO  ha.SCMNodeInfo (SCMNodeInfo.java:getPort(197)) - ConfigKey ozone.scm.block.client.address is deprecated, For configuring different ports for each SCM use PortConfigKey ozone.scm.block.client.port appended with serviceId and nodeId
2025-07-05 15:54:55,539 [main] INFO  ha.SCMNodeInfo (SCMNodeInfo.java:getPort(197)) - ConfigKey ozone.scm.security.service.address is deprecated, For configuring different ports for each SCM use PortConfigKey ozone.scm.security.service.port appended with serviceId and nodeId
2025-07-05 15:54:55,539 [main] INFO  ha.SCMNodeInfo (SCMNodeInfo.java:getPort(197)) - ConfigKey ozone.scm.datanode.address is deprecated, For configuring different ports for each SCM use PortConfigKey ozone.scm.datanode.port appended with serviceId and nodeId
2025-07-05 15:54:55,539 [main] INFO  ha.SCMNodeInfo (SCMNodeInfo.java:getPort(197)) - ConfigKey ozone.scm.client.address is deprecated, For configuring different ports for each SCM use PortConfigKey ozone.scm.client.port appended with serviceId and nodeId
2025-07-05 15:54:55,539 [main] INFO  ha.SCMNodeInfo (SCMNodeInfo.java:getPort(197)) - ConfigKey ozone.scm.block.client.address is deprecated, For configuring different ports for each SCM use PortConfigKey ozone.scm.block.client.port appended with serviceId and nodeId
2025-07-05 15:54:55,539 [main] INFO  ha.SCMNodeInfo (SCMNodeInfo.java:getPort(197)) - ConfigKey ozone.scm.security.service.address is deprecated, For configuring different ports for each SCM use PortConfigKey ozone.scm.security.service.port appended with serviceId and nodeId
2025-07-05 15:54:55,539 [main] INFO  ha.SCMNodeInfo (SCMNodeInfo.java:getPort(197)) - ConfigKey ozone.scm.datanode.address is deprecated, For configuring different ports for each SCM use PortConfigKey ozone.scm.datanode.port appended with serviceId and nodeId
2025-07-05 15:54:55,539 [main] INFO  proxy.SCMContainerLocationFailoverProxyProvider (SCMFailoverProxyProviderBase.java:<init>(120)) - Created fail-over proxy for protocol StorageContainerLocationProtocolPB with 3 nodes: [nodeId=scmNode-2,nodeAddress=/127.0.0.1:15013, nodeId=scmNode-3,nodeAddress=/127.0.0.1:15021, nodeId=scmNode-1,nodeAddress=/127.0.0.1:15005]
2025-07-05 15:54:55,544 [Socket Reader #2 for port 15005] INFO  ipc.Server (Server.java:saslProcess(2290)) - Auth successful for scm/localhost@EXAMPLE.COM (auth:KERBEROS) from 127.0.0.1:45985
2025-07-05 15:54:55,546 [main] INFO  checksum.TestContainerCommandReconciliation (TestContainerCommandReconciliation.java:lambda$waitForDataChecksumsAtSCM$6(547)) - Waiting for 1 total unique checksums from container 6 to be reported to SCM. Currently 2 uniquechecksums are reported.
2025-07-05 15:54:56,016 [b30b3ffb-bc08-4f2c-b590-0aeed9816472-ContainerReplicationThread-1] INFO  checksum.ReconcileContainerTask (ReconcileContainerTask.java:runTask(51)) - IN_PROGRESS reconcileContainerCommand: containerId=6, peerNodes=[0584da7b-3980-4d20-b3ba-d97c117b17a2(localhost/127.0.0.1), 11776e6b-d53e-4cdc-a879-730cb763d81d(localhost/127.0.0.1)]
2025-07-05 15:54:56,016 [b30b3ffb-bc08-4f2c-b590-0aeed9816472-ContainerReplicationThread-1] INFO  keyvalue.KeyValueHandler (KeyValueHandler.java:reconcileContainer(1599)) - Beginning reconciliation for container 6 with peer 0584da7b-3980-4d20-b3ba-d97c117b17a2(localhost/127.0.0.1). Current data checksum is dcf43e53
2025-07-05 15:54:56,090 [b30b3ffb-bc08-4f2c-b590-0aeed9816472-ContainerReplicationThread-1] WARN  keyvalue.KeyValueHandler (KeyValueHandler.java:updateAndGetContainerChecksum(1451)) - Container data checksum updated from dcf43e53 to 51c42f7d
2025-07-05 15:54:56,090 [b30b3ffb-bc08-4f2c-b590-0aeed9816472-ContainerReplicationThread-1] WARN  keyvalue.KeyValueHandler (KeyValueHandler.java:reconcileContainer(1685)) - Container 6 reconciled with peer 0584da7b-3980-4d20-b3ba-d97c117b17a2(localhost/127.0.0.1). Data checksum updated from dcf43e53 to 51c42f7d.
Missing blocks repaired: 10/10
Missing chunks repaired: 0/0
Corrupt chunks repaired:  0/0
Time taken: 74 ms
2025-07-05 15:54:56,090 [b30b3ffb-bc08-4f2c-b590-0aeed9816472-ContainerReplicationThread-1] INFO  keyvalue.KeyValueHandler (KeyValueHandler.java:reconcileContainer(1599)) - Beginning reconciliation for container 6 with peer 11776e6b-d53e-4cdc-a879-730cb763d81d(localhost/127.0.0.1). Current data checksum is 51c42f7d
2025-07-05 15:54:56,093 [b30b3ffb-bc08-4f2c-b590-0aeed9816472-ContainerReplicationThread-1] INFO  keyvalue.KeyValueHandler (KeyValueHandler.java:reconcileContainer(1682)) - Container 6 reconciled with peer 11776e6b-d53e-4cdc-a879-730cb763d81d(localhost/127.0.0.1). Data checksum 51c42f7d was not updated. Time taken: 3 ms
2025-07-05 15:54:56,094 [b30b3ffb-bc08-4f2c-b590-0aeed9816472-ContainerReplicationThread-1] WARN  keyvalue.KeyValueHandler (KeyValueHandler.java:reconcileContainer(1708)) - Completed reconciliation for container 6 with 2/2 peers. 10 blocks were updated. Data checksum updated from dcf43e53 to 51c42f7d
2025-07-05 15:54:56,094 [b30b3ffb-bc08-4f2c-b590-0aeed9816472-ContainerReplicationThread-1] INFO  checksum.ReconcileContainerTask (ReconcileContainerTask.java:runTask(57)) - DONE reconcileContainerCommand: containerId=6, peerNodes=[0584da7b-3980-4d20-b3ba-d97c117b17a2(localhost/127.0.0.1), 11776e6b-d53e-4cdc-a879-730cb763d81d(localhost/127.0.0.1)] completed in 78 ms
2025-07-05 15:54:56,094 [b30b3ffb-bc08-4f2c-b590-0aeed9816472-ContainerReplicationThread-1] INFO  replication.ReplicationSupervisor (ReplicationSupervisor.java:run(416)) - Successful DONE reconcileContainerCommand: containerId=6, peerNodes=[0584da7b-3980-4d20-b3ba-d97c117b17a2(localhost/127.0.0.1), 11776e6b-d53e-4cdc-a879-730cb763d81d(localhost/127.0.0.1)]
2025-07-05 15:54:56,546 [main] INFO  ha.SCMNodeInfo (SCMNodeInfo.java:getPort(197)) - ConfigKey ozone.scm.client.address is deprecated, For configuring different ports for each SCM use PortConfigKey ozone.scm.client.port appended with serviceId and nodeId
2025-07-05 15:54:56,546 [main] INFO  ha.SCMNodeInfo (SCMNodeInfo.java:getPort(197)) - ConfigKey ozone.scm.block.client.address is deprecated, For configuring different ports for each SCM use PortConfigKey ozone.scm.block.client.port appended with serviceId and nodeId
2025-07-05 15:54:56,546 [main] INFO  ha.SCMNodeInfo (SCMNodeInfo.java:getPort(197)) - ConfigKey ozone.scm.security.service.address is deprecated, For configuring different ports for each SCM use PortConfigKey ozone.scm.security.service.port appended with serviceId and nodeId
2025-07-05 15:54:56,546 [main] INFO  ha.SCMNodeInfo (SCMNodeInfo.java:getPort(197)) - ConfigKey ozone.scm.datanode.address is deprecated, For configuring different ports for each SCM use PortConfigKey ozone.scm.datanode.port appended with serviceId and nodeId
2025-07-05 15:54:56,546 [main] INFO  ha.SCMNodeInfo (SCMNodeInfo.java:getPort(197)) - ConfigKey ozone.scm.client.address is deprecated, For configuring different ports for each SCM use PortConfigKey ozone.scm.client.port appended with serviceId and nodeId
2025-07-05 15:54:56,546 [main] INFO  ha.SCMNodeInfo (SCMNodeInfo.java:getPort(197)) - ConfigKey ozone.scm.block.client.address is deprecated, For configuring different ports for each SCM use PortConfigKey ozone.scm.block.client.port appended with serviceId and nodeId
2025-07-05 15:54:56,546 [main] INFO  ha.SCMNodeInfo (SCMNodeInfo.java:getPort(197)) - ConfigKey ozone.scm.security.service.address is deprecated, For configuring different ports for each SCM use PortConfigKey ozone.scm.security.service.port appended with serviceId and nodeId
2025-07-05 15:54:56,546 [main] INFO  ha.SCMNodeInfo (SCMNodeInfo.java:getPort(197)) - ConfigKey ozone.scm.datanode.address is deprecated, For configuring different ports for each SCM use PortConfigKey ozone.scm.datanode.port appended with serviceId and nodeId
2025-07-05 15:54:56,547 [main] INFO  ha.SCMNodeInfo (SCMNodeInfo.java:getPort(197)) - ConfigKey ozone.scm.client.address is deprecated, For configuring different ports for each SCM use PortConfigKey ozone.scm.client.port appended with serviceId and nodeId
2025-07-05 15:54:56,547 [main] INFO  ha.SCMNodeInfo (SCMNodeInfo.java:getPort(197)) - ConfigKey ozone.scm.block.client.address is deprecated, For configuring different ports for each SCM use PortConfigKey ozone.scm.block.client.port appended with serviceId and nodeId
2025-07-05 15:54:56,547 [main] INFO  ha.SCMNodeInfo (SCMNodeInfo.java:getPort(197)) - ConfigKey ozone.scm.security.service.address is deprecated, For configuring different ports for each SCM use PortConfigKey ozone.scm.security.service.port appended with serviceId and nodeId
2025-07-05 15:54:56,547 [main] INFO  ha.SCMNodeInfo (SCMNodeInfo.java:getPort(197)) - ConfigKey ozone.scm.datanode.address is deprecated, For configuring different ports for each SCM use PortConfigKey ozone.scm.datanode.port appended with serviceId and nodeId
2025-07-05 15:54:56,547 [main] INFO  proxy.SCMContainerLocationFailoverProxyProvider (SCMFailoverProxyProviderBase.java:<init>(120)) - Created fail-over proxy for protocol StorageContainerLocationProtocolPB with 3 nodes: [nodeId=scmNode-2,nodeAddress=/127.0.0.1:15013, nodeId=scmNode-3,nodeAddress=/127.0.0.1:15021, nodeId=scmNode-1,nodeAddress=/127.0.0.1:15005]
2025-07-05 15:54:56,552 [Socket Reader #3 for port 15005] INFO  ipc.Server (Server.java:saslProcess(2290)) - Auth successful for scm/localhost@EXAMPLE.COM (auth:KERBEROS) from 127.0.0.1:39351
2025-07-05 15:54:56,554 [main] INFO  checksum.TestContainerCommandReconciliation (TestContainerCommandReconciliation.java:lambda$waitForDataChecksumsAtSCM$6(547)) - Waiting for 1 total unique checksums from container 6 to be reported to SCM. Currently 1 uniquechecksums are reported.
2025-07-05 15:54:56,908 [11776e6b-d53e-4cdc-a879-730cb763d81d-ContainerReplicationThread-1] INFO  checksum.ReconcileContainerTask (ReconcileContainerTask.java:runTask(51)) - IN_PROGRESS reconcileContainerCommand: containerId=6, peerNodes=[0584da7b-3980-4d20-b3ba-d97c117b17a2(localhost/127.0.0.1), b30b3ffb-bc08-4f2c-b590-0aeed9816472(localhost/127.0.0.1)]
2025-07-05 15:54:56,908 [0584da7b-3980-4d20-b3ba-d97c117b17a2-ContainerReplicationThread-1] INFO  checksum.ReconcileContainerTask (ReconcileContainerTask.java:runTask(51)) - IN_PROGRESS reconcileContainerCommand: containerId=6, peerNodes=[11776e6b-d53e-4cdc-a879-730cb763d81d(localhost/127.0.0.1), b30b3ffb-bc08-4f2c-b590-0aeed9816472(localhost/127.0.0.1)]
2025-07-05 15:54:56,910 [11776e6b-d53e-4cdc-a879-730cb763d81d-ContainerReplicationThread-1] INFO  keyvalue.KeyValueHandler (KeyValueHandler.java:reconcileContainer(1599)) - Beginning reconciliation for container 6 with peer 0584da7b-3980-4d20-b3ba-d97c117b17a2(localhost/127.0.0.1). Current data checksum is 51c42f7d
2025-07-05 15:54:56,915 [0584da7b-3980-4d20-b3ba-d97c117b17a2-ContainerReplicationThread-1] INFO  keyvalue.KeyValueHandler (KeyValueHandler.java:reconcileContainer(1599)) - Beginning reconciliation for container 6 with peer 11776e6b-d53e-4cdc-a879-730cb763d81d(localhost/127.0.0.1). Current data checksum is 51c42f7d
2025-07-05 15:54:56,923 [11776e6b-d53e-4cdc-a879-730cb763d81d-ContainerReplicationThread-1] INFO  keyvalue.KeyValueHandler (KeyValueHandler.java:reconcileContainer(1682)) - Container 6 reconciled with peer 0584da7b-3980-4d20-b3ba-d97c117b17a2(localhost/127.0.0.1). Data checksum 51c42f7d was not updated. Time taken: 13 ms
2025-07-05 15:54:56,923 [11776e6b-d53e-4cdc-a879-730cb763d81d-ContainerReplicationThread-1] INFO  keyvalue.KeyValueHandler (KeyValueHandler.java:reconcileContainer(1599)) - Beginning reconciliation for container 6 with peer b30b3ffb-bc08-4f2c-b590-0aeed9816472(localhost/127.0.0.1). Current data checksum is 51c42f7d
2025-07-05 15:54:56,923 [0584da7b-3980-4d20-b3ba-d97c117b17a2-ContainerReplicationThread-1] INFO  keyvalue.KeyValueHandler (KeyValueHandler.java:reconcileContainer(1682)) - Container 6 reconciled with peer 11776e6b-d53e-4cdc-a879-730cb763d81d(localhost/127.0.0.1). Data checksum 51c42f7d was not updated. Time taken: 8 ms
2025-07-05 15:54:56,923 [0584da7b-3980-4d20-b3ba-d97c117b17a2-ContainerReplicationThread-1] INFO  keyvalue.KeyValueHandler (KeyValueHandler.java:reconcileContainer(1599)) - Beginning reconciliation for container 6 with peer b30b3ffb-bc08-4f2c-b590-0aeed9816472(localhost/127.0.0.1). Current data checksum is 51c42f7d
2025-07-05 15:54:56,926 [0584da7b-3980-4d20-b3ba-d97c117b17a2-ContainerReplicationThread-1] INFO  keyvalue.KeyValueHandler (KeyValueHandler.java:reconcileContainer(1682)) - Container 6 reconciled with peer b30b3ffb-bc08-4f2c-b590-0aeed9816472(localhost/127.0.0.1). Data checksum 51c42f7d was not updated. Time taken: 3 ms
2025-07-05 15:54:56,927 [0584da7b-3980-4d20-b3ba-d97c117b17a2-ContainerReplicationThread-1] INFO  keyvalue.KeyValueHandler (KeyValueHandler.java:reconcileContainer(1705)) - Completed reconciliation for container 6 with 2/2 peers. Original data checksum 51c42f7d was not updated
2025-07-05 15:54:56,927 [0584da7b-3980-4d20-b3ba-d97c117b17a2-ContainerReplicationThread-1] INFO  checksum.ReconcileContainerTask (ReconcileContainerTask.java:runTask(57)) - DONE reconcileContainerCommand: containerId=6, peerNodes=[11776e6b-d53e-4cdc-a879-730cb763d81d(localhost/127.0.0.1), b30b3ffb-bc08-4f2c-b590-0aeed9816472(localhost/127.0.0.1)] completed in 19 ms
]]></system-out>
  </testcase>
  <testcase name="testGetChecksumInfoNonexistentFile" classname="org.apache.hadoop.ozone.dn.checksum.TestContainerCommandReconciliation" time="5.573">
    <system-out><![CDATA[2025-07-05 15:54:56,931 [0584da7b-3980-4d20-b3ba-d97c117b17a2-ContainerReplicationThread-1] INFO  replication.ReplicationSupervisor (ReplicationSupervisor.java:run(416)) - Successful DONE reconcileContainerCommand: containerId=6, peerNodes=[11776e6b-d53e-4cdc-a879-730cb763d81d(localhost/127.0.0.1), b30b3ffb-bc08-4f2c-b590-0aeed9816472(localhost/127.0.0.1)]
2025-07-05 15:54:56,930 [11776e6b-d53e-4cdc-a879-730cb763d81d-ContainerReplicationThread-1] INFO  keyvalue.KeyValueHandler (KeyValueHandler.java:reconcileContainer(1682)) - Container 6 reconciled with peer b30b3ffb-bc08-4f2c-b590-0aeed9816472(localhost/127.0.0.1). Data checksum 51c42f7d was not updated. Time taken: 7 ms
2025-07-05 15:54:56,933 [11776e6b-d53e-4cdc-a879-730cb763d81d-ContainerReplicationThread-1] INFO  keyvalue.KeyValueHandler (KeyValueHandler.java:reconcileContainer(1705)) - Completed reconciliation for container 6 with 2/2 peers. Original data checksum 51c42f7d was not updated
2025-07-05 15:54:56,933 [11776e6b-d53e-4cdc-a879-730cb763d81d-ContainerReplicationThread-1] INFO  checksum.ReconcileContainerTask (ReconcileContainerTask.java:runTask(57)) - DONE reconcileContainerCommand: containerId=6, peerNodes=[0584da7b-3980-4d20-b3ba-d97c117b17a2(localhost/127.0.0.1), b30b3ffb-bc08-4f2c-b590-0aeed9816472(localhost/127.0.0.1)] completed in 25 ms
2025-07-05 15:54:56,933 [11776e6b-d53e-4cdc-a879-730cb763d81d-ContainerReplicationThread-1] INFO  replication.ReplicationSupervisor (ReplicationSupervisor.java:run(416)) - Successful DONE reconcileContainerCommand: containerId=6, peerNodes=[0584da7b-3980-4d20-b3ba-d97c117b17a2(localhost/127.0.0.1), b30b3ffb-bc08-4f2c-b590-0aeed9816472(localhost/127.0.0.1)]
2025-07-05 15:54:56,933 [main] INFO  rpc.RpcClient (RpcClient.java:createVolume(461)) - Creating Volume: 7638e7ea-1d92-4f93-b2f3-03abd9a1a1b5, with scm as owner and space quota set to -1 bytes, counts quota set to -1
2025-07-05 15:54:56,948 [om1-OMStateMachineApplyTransactionThread - 0] WARN  helpers.OzoneAclUtil (OzoneAclUtil.java:getDefaultAclList(68)) - Failed to get primary group from user scm (auth:SIMPLE)
2025-07-05 15:54:56,951 [om1-OMStateMachineApplyTransactionThread - 0] INFO  volume.OMVolumeCreateRequest (OMVolumeCreateRequest.java:validateAndUpdateCache(203)) - created volume:7638e7ea-1d92-4f93-b2f3-03abd9a1a1b5 for user:scm
2025-07-05 15:54:56,954 [main] INFO  rpc.RpcClient (RpcClient.java:createBucket(686)) - Creating Bucket: 7638e7ea-1d92-4f93-b2f3-03abd9a1a1b5/34c1c366-48a3-44a2-ace4-91fb57afca80, with server-side default bucket layout, scm as owner, Versioning false, Storage Type set to DISK and Encryption set to false, Replication Type set to server-side default replication type, Namespace Quota set to -1, Space Quota set to -1 
2025-07-05 15:54:56,956 [om1-OMStateMachineApplyTransactionThread - 0] WARN  helpers.OzoneAclUtil (OzoneAclUtil.java:getDefaultAclList(68)) - Failed to get primary group from user scm/localhost@EXAMPLE.COM (auth:SIMPLE)
2025-07-05 15:54:56,957 [om1-OMStateMachineApplyTransactionThread - 0] INFO  bucket.OMBucketCreateRequest (OMBucketCreateRequest.java:validateAndUpdateCache(292)) - created bucket: 34c1c366-48a3-44a2-ace4-91fb57afca80 of layout FILE_SYSTEM_OPTIMIZED in volume: 7638e7ea-1d92-4f93-b2f3-03abd9a1a1b5
2025-07-05 15:54:56,969 [Socket Reader #7 for port 15007] INFO  ipc.Server (Server.java:saslProcess(2290)) - Auth successful for scm/localhost@EXAMPLE.COM (auth:KERBEROS) from 127.0.0.1:34629
2025-07-05 15:54:56,975 [om1-OMStateMachineApplyTransactionThread - 0] WARN  helpers.OzoneAclUtil (OzoneAclUtil.java:getDefaultAclList(68)) - Failed to get primary group from user scm/localhost@EXAMPLE.COM (auth:SIMPLE)
2025-07-05 15:54:56,996 [scmNode-1-EventQueue-CloseContainerForCloseContainerEventHandler] INFO  container.CloseContainerEventHandler (CloseContainerEventHandler.java:onMessage(88)) - Close container Event triggered for container : #8, current state: OPEN
2025-07-05 15:54:56,999 [scmNode-1-EventQueue-CloseContainerForCloseContainerEventHandler] INFO  container.CloseContainerEventHandler (CloseContainerEventHandler.java:onMessage(88)) - Close container Event triggered for container : #8, current state: CLOSING
2025-07-05 15:54:56,999 [scmNode-1-EventQueue-CloseContainerForCloseContainerEventHandler] INFO  container.CloseContainerEventHandler (CloseContainerEventHandler.java:onMessage(88)) - Close container Event triggered for container : #8, current state: CLOSING
2025-07-05 15:54:59,101 [b30b3ffb-bc08-4f2c-b590-0aeed9816472-CloseContainerThread-2] WARN  keyvalue.KeyValueHandler (KeyValueHandler.java:updateAndGetContainerChecksum(1451)) - Container data checksum updated from 0 to 8596d76e
2025-07-05 15:54:59,101 [b30b3ffb-bc08-4f2c-b590-0aeed9816472-CloseContainerThread-2] INFO  commandhandler.CloseContainerCommandHandler (CloseContainerCommandHandler.java:lambda$handle$0(154)) - Follower cannot close container #8.
2025-07-05 15:54:59,102 [scmNode-3-FixedThreadPoolWithAffinityExecutor-9-0] INFO  container.IncrementalContainerReportHandler (AbstractContainerReportHandler.java:updateContainerState(253)) - FINALIZE (i.e. CLOSING) Container #8 (OPEN, sid=161) r0 (CLOSING, bcsid=161, origin=b30b3ffb-bc08-4f2c-b590-0aeed9816472, non-empty) from dn b30b3ffb-bc08-4f2c-b590-0aeed9816472(localhost/127.0.0.1)
2025-07-05 15:54:59,102 [scmNode-3-FixedThreadPoolWithAffinityExecutor-9-0] INFO  container.IncrementalContainerReportHandler (IncrementalContainerReportHandler.java:processICR(116)) - SCM_NOT_LEADER: Failed to process Container #8 (OPEN, sid=161) r0 (CLOSING, bcsid=161, origin=b30b3ffb-bc08-4f2c-b590-0aeed9816472, non-empty) from dn b30b3ffb-bc08-4f2c-b590-0aeed9816472(localhost/127.0.0.1)
2025-07-05 15:54:59,103 [scmNode-2-FixedThreadPoolWithAffinityExecutor-9-0] INFO  container.IncrementalContainerReportHandler (AbstractContainerReportHandler.java:updateContainerState(253)) - FINALIZE (i.e. CLOSING) Container #8 (OPEN, sid=161) r0 (CLOSING, bcsid=161, origin=b30b3ffb-bc08-4f2c-b590-0aeed9816472, non-empty) from dn b30b3ffb-bc08-4f2c-b590-0aeed9816472(localhost/127.0.0.1)
2025-07-05 15:54:59,103 [scmNode-2-FixedThreadPoolWithAffinityExecutor-9-0] INFO  container.IncrementalContainerReportHandler (IncrementalContainerReportHandler.java:processICR(116)) - SCM_NOT_LEADER: Failed to process Container #8 (OPEN, sid=161) r0 (CLOSING, bcsid=161, origin=b30b3ffb-bc08-4f2c-b590-0aeed9816472, non-empty) from dn b30b3ffb-bc08-4f2c-b590-0aeed9816472(localhost/127.0.0.1)
2025-07-05 15:54:59,933 [0584da7b-3980-4d20-b3ba-d97c117b17a2-CloseContainerThread-2] WARN  keyvalue.KeyValueHandler (KeyValueHandler.java:updateAndGetContainerChecksum(1451)) - Container data checksum updated from 0 to 8596d76e
2025-07-05 15:54:59,938 [0584da7b-3980-4d20-b3ba-d97c117b17a2-ContainerOp-1c7d912d-9ecf-470f-bee3-7dd7eb637b32-2] INFO  keyvalue.KeyValueContainer (KeyValueContainer.java:flushAndSyncDB(514)) - Synced container: KeyValueContainerData #8 (CLOSING, non-empty, ri=0, origin=[dn_0584da7b-3980-4d20-b3ba-d97c117b17a2, pipeline_1c7d912d-9ecf-470f-bee3-7dd7eb637b32])
2025-07-05 15:54:59,939 [0584da7b-3980-4d20-b3ba-d97c117b17a2-ContainerOp-1c7d912d-9ecf-470f-bee3-7dd7eb637b32-2] INFO  keyvalue.KeyValueContainer (KeyValueContainer.java:flushAndSyncDB(514)) - Synced container: KeyValueContainerData #8 (CLOSING, non-empty, ri=0, origin=[dn_0584da7b-3980-4d20-b3ba-d97c117b17a2, pipeline_1c7d912d-9ecf-470f-bee3-7dd7eb637b32])
2025-07-05 15:54:59,944 [11776e6b-d53e-4cdc-a879-730cb763d81d-ContainerOp-1c7d912d-9ecf-470f-bee3-7dd7eb637b32-4] WARN  keyvalue.KeyValueHandler (KeyValueHandler.java:updateAndGetContainerChecksum(1451)) - Container data checksum updated from 0 to 8596d76e
2025-07-05 15:54:59,945 [b30b3ffb-bc08-4f2c-b590-0aeed9816472-ContainerOp-1c7d912d-9ecf-470f-bee3-7dd7eb637b32-3] INFO  keyvalue.KeyValueContainer (KeyValueContainer.java:flushAndSyncDB(514)) - Synced container: KeyValueContainerData #8 (CLOSING, non-empty, ri=0, origin=[dn_b30b3ffb-bc08-4f2c-b590-0aeed9816472, pipeline_1c7d912d-9ecf-470f-bee3-7dd7eb637b32])
2025-07-05 15:54:59,946 [b30b3ffb-bc08-4f2c-b590-0aeed9816472-ContainerOp-1c7d912d-9ecf-470f-bee3-7dd7eb637b32-3] INFO  keyvalue.KeyValueContainer (KeyValueContainer.java:flushAndSyncDB(514)) - Synced container: KeyValueContainerData #8 (CLOSING, non-empty, ri=0, origin=[dn_b30b3ffb-bc08-4f2c-b590-0aeed9816472, pipeline_1c7d912d-9ecf-470f-bee3-7dd7eb637b32])
2025-07-05 15:54:59,947 [11776e6b-d53e-4cdc-a879-730cb763d81d-CloseContainerThread-2] INFO  commandhandler.CloseContainerCommandHandler (CloseContainerCommandHandler.java:lambda$handle$0(154)) - Follower cannot close container #8.
2025-07-05 15:54:59,947 [11776e6b-d53e-4cdc-a879-730cb763d81d-ContainerOp-1c7d912d-9ecf-470f-bee3-7dd7eb637b32-4] INFO  keyvalue.KeyValueContainer (KeyValueContainer.java:flushAndSyncDB(514)) - Synced container: KeyValueContainerData #8 (CLOSING, non-empty, ri=0, origin=[dn_11776e6b-d53e-4cdc-a879-730cb763d81d, pipeline_1c7d912d-9ecf-470f-bee3-7dd7eb637b32])
2025-07-05 15:54:59,947 [11776e6b-d53e-4cdc-a879-730cb763d81d-ContainerOp-1c7d912d-9ecf-470f-bee3-7dd7eb637b32-4] INFO  keyvalue.KeyValueContainer (KeyValueContainer.java:flushAndSyncDB(514)) - Synced container: KeyValueContainerData #8 (CLOSING, non-empty, ri=0, origin=[dn_11776e6b-d53e-4cdc-a879-730cb763d81d, pipeline_1c7d912d-9ecf-470f-bee3-7dd7eb637b32])
2025-07-05 15:54:59,951 [0584da7b-3980-4d20-b3ba-d97c117b17a2-ContainerOp-1c7d912d-9ecf-470f-bee3-7dd7eb637b32-2] INFO  keyvalue.KeyValueContainer (KeyValueContainer.java:close(430)) - Closed container: KeyValueContainerData #8 (CLOSED, non-empty, ri=0, origin=[dn_0584da7b-3980-4d20-b3ba-d97c117b17a2, pipeline_1c7d912d-9ecf-470f-bee3-7dd7eb637b32])
2025-07-05 15:54:59,952 [b30b3ffb-bc08-4f2c-b590-0aeed9816472-ContainerOp-1c7d912d-9ecf-470f-bee3-7dd7eb637b32-3] INFO  keyvalue.KeyValueContainer (KeyValueContainer.java:close(430)) - Closed container: KeyValueContainerData #8 (CLOSED, non-empty, ri=0, origin=[dn_b30b3ffb-bc08-4f2c-b590-0aeed9816472, pipeline_1c7d912d-9ecf-470f-bee3-7dd7eb637b32])
2025-07-05 15:54:59,953 [scmNode-1-FixedThreadPoolWithAffinityExecutor-1-0] INFO  container.IncrementalContainerReportHandler (AbstractContainerReportHandler.java:updateContainerState(289)) - CLOSE Container #8 (CLOSING, sid=161) r0 (CLOSED, bcsid=161, origin=0584da7b-3980-4d20-b3ba-d97c117b17a2, non-empty) from dn 0584da7b-3980-4d20-b3ba-d97c117b17a2(localhost/127.0.0.1)
2025-07-05 15:54:59,953 [scmNode-3-FixedThreadPoolWithAffinityExecutor-9-0] INFO  container.IncrementalContainerReportHandler (AbstractContainerReportHandler.java:updateContainerState(289)) - CLOSE Container #8 (CLOSING, sid=161) r0 (CLOSED, bcsid=161, origin=b30b3ffb-bc08-4f2c-b590-0aeed9816472, non-empty) from dn b30b3ffb-bc08-4f2c-b590-0aeed9816472(localhost/127.0.0.1)
2025-07-05 15:54:59,954 [scmNode-2-FixedThreadPoolWithAffinityExecutor-9-0] INFO  container.IncrementalContainerReportHandler (AbstractContainerReportHandler.java:updateContainerState(289)) - CLOSE Container #8 (CLOSING, sid=161) r0 (CLOSED, bcsid=161, origin=b30b3ffb-bc08-4f2c-b590-0aeed9816472, non-empty) from dn b30b3ffb-bc08-4f2c-b590-0aeed9816472(localhost/127.0.0.1)
2025-07-05 15:54:59,954 [scmNode-2-FixedThreadPoolWithAffinityExecutor-9-0] INFO  container.IncrementalContainerReportHandler (IncrementalContainerReportHandler.java:processICR(116)) - SCM_NOT_LEADER: Failed to process Container #8 (CLOSING, sid=161) r0 (CLOSED, bcsid=161, origin=b30b3ffb-bc08-4f2c-b590-0aeed9816472, non-empty) from dn b30b3ffb-bc08-4f2c-b590-0aeed9816472(localhost/127.0.0.1)
2025-07-05 15:54:59,954 [scmNode-3-FixedThreadPoolWithAffinityExecutor-9-0] INFO  container.IncrementalContainerReportHandler (IncrementalContainerReportHandler.java:processICR(116)) - SCM_NOT_LEADER: Failed to process Container #8 (CLOSING, sid=161) r0 (CLOSED, bcsid=161, origin=b30b3ffb-bc08-4f2c-b590-0aeed9816472, non-empty) from dn b30b3ffb-bc08-4f2c-b590-0aeed9816472(localhost/127.0.0.1)
2025-07-05 15:54:59,954 [scmNode-3-FixedThreadPoolWithAffinityExecutor-1-0] INFO  container.IncrementalContainerReportHandler (AbstractContainerReportHandler.java:updateContainerState(289)) - CLOSE Container #8 (CLOSING, sid=161) r0 (CLOSED, bcsid=161, origin=0584da7b-3980-4d20-b3ba-d97c117b17a2, non-empty) from dn 0584da7b-3980-4d20-b3ba-d97c117b17a2(localhost/127.0.0.1)
2025-07-05 15:54:59,955 [scmNode-2-FixedThreadPoolWithAffinityExecutor-1-0] INFO  container.IncrementalContainerReportHandler (AbstractContainerReportHandler.java:updateContainerState(289)) - CLOSE Container #8 (CLOSING, sid=161) r0 (CLOSED, bcsid=161, origin=0584da7b-3980-4d20-b3ba-d97c117b17a2, non-empty) from dn 0584da7b-3980-4d20-b3ba-d97c117b17a2(localhost/127.0.0.1)
2025-07-05 15:54:59,956 [11776e6b-d53e-4cdc-a879-730cb763d81d-ContainerOp-1c7d912d-9ecf-470f-bee3-7dd7eb637b32-4] INFO  keyvalue.KeyValueContainer (KeyValueContainer.java:close(430)) - Closed container: KeyValueContainerData #8 (CLOSED, non-empty, ri=0, origin=[dn_11776e6b-d53e-4cdc-a879-730cb763d81d, pipeline_1c7d912d-9ecf-470f-bee3-7dd7eb637b32])
2025-07-05 15:54:59,957 [scmNode-3-FixedThreadPoolWithAffinityExecutor-1-0] INFO  container.IncrementalContainerReportHandler (IncrementalContainerReportHandler.java:processICR(116)) - SCM_NOT_LEADER: Failed to process Container #8 (CLOSING, sid=161) r0 (CLOSED, bcsid=161, origin=0584da7b-3980-4d20-b3ba-d97c117b17a2, non-empty) from dn 0584da7b-3980-4d20-b3ba-d97c117b17a2(localhost/127.0.0.1)
2025-07-05 15:54:59,957 [scmNode-2-FixedThreadPoolWithAffinityExecutor-1-0] INFO  container.IncrementalContainerReportHandler (IncrementalContainerReportHandler.java:processICR(116)) - SCM_NOT_LEADER: Failed to process Container #8 (CLOSING, sid=161) r0 (CLOSED, bcsid=161, origin=0584da7b-3980-4d20-b3ba-d97c117b17a2, non-empty) from dn 0584da7b-3980-4d20-b3ba-d97c117b17a2(localhost/127.0.0.1)
2025-07-05 15:54:59,961 [scmNode-3-FixedThreadPoolWithAffinityExecutor-0-0] INFO  container.IncrementalContainerReportHandler (AbstractContainerReportHandler.java:updateContainerState(289)) - CLOSE Container #8 (CLOSING, sid=161) r0 (CLOSED, bcsid=161, origin=11776e6b-d53e-4cdc-a879-730cb763d81d, non-empty) from dn 11776e6b-d53e-4cdc-a879-730cb763d81d(localhost/127.0.0.1)
2025-07-05 15:54:59,962 [scmNode-2-FixedThreadPoolWithAffinityExecutor-0-0] INFO  container.IncrementalContainerReportHandler (AbstractContainerReportHandler.java:updateContainerState(289)) - CLOSE Container #8 (CLOSING, sid=161) r0 (CLOSED, bcsid=161, origin=11776e6b-d53e-4cdc-a879-730cb763d81d, non-empty) from dn 11776e6b-d53e-4cdc-a879-730cb763d81d(localhost/127.0.0.1)
2025-07-05 15:54:59,962 [scmNode-3-FixedThreadPoolWithAffinityExecutor-0-0] INFO  container.IncrementalContainerReportHandler (IncrementalContainerReportHandler.java:processICR(116)) - SCM_NOT_LEADER: Failed to process Container #8 (CLOSING, sid=161) r0 (CLOSED, bcsid=161, origin=11776e6b-d53e-4cdc-a879-730cb763d81d, non-empty) from dn 11776e6b-d53e-4cdc-a879-730cb763d81d(localhost/127.0.0.1)
2025-07-05 15:54:59,963 [scmNode-2-FixedThreadPoolWithAffinityExecutor-0-0] INFO  container.IncrementalContainerReportHandler (IncrementalContainerReportHandler.java:processICR(116)) - SCM_NOT_LEADER: Failed to process Container #8 (CLOSING, sid=161) r0 (CLOSED, bcsid=161, origin=11776e6b-d53e-4cdc-a879-730cb763d81d, non-empty) from dn 11776e6b-d53e-4cdc-a879-730cb763d81d(localhost/127.0.0.1)
2025-07-05 15:55:01,961 [scmNode-2-FixedThreadPoolWithAffinityExecutor-0-0] INFO  container.ContainerReportHandler (AbstractContainerReportHandler.java:updateContainerState(289)) - CLOSE Container #8 (CLOSING, sid=161) r0 (CLOSED, bcsid=161, origin=11776e6b-d53e-4cdc-a879-730cb763d81d, non-empty) from dn 11776e6b-d53e-4cdc-a879-730cb763d81d(localhost/127.0.0.1)
2025-07-05 15:55:01,961 [scmNode-3-FixedThreadPoolWithAffinityExecutor-0-0] INFO  container.ContainerReportHandler (AbstractContainerReportHandler.java:updateContainerState(289)) - CLOSE Container #8 (CLOSING, sid=161) r0 (CLOSED, bcsid=161, origin=11776e6b-d53e-4cdc-a879-730cb763d81d, non-empty) from dn 11776e6b-d53e-4cdc-a879-730cb763d81d(localhost/127.0.0.1)
2025-07-05 15:55:01,962 [scmNode-2-FixedThreadPoolWithAffinityExecutor-0-0] ERROR container.ContainerReportHandler (ContainerReportHandler.java:processSingleReplica(231)) - Failed to process Container #8 (CLOSING, sid=161) r0 (CLOSED, bcsid=161, origin=11776e6b-d53e-4cdc-a879-730cb763d81d, non-empty) from dn 11776e6b-d53e-4cdc-a879-730cb763d81d(localhost/127.0.0.1)
org.apache.hadoop.hdds.scm.exceptions.SCMException: org.apache.ratis.protocol.exceptions.NotLeaderException: Server 2d344aaf-3adb-4590-a8db-0ff637af21a8@group-0EF9E94BB6A3 is not the leader, suggested leader is: d608cca7-8f6c-485f-afd6-2c7e3558bc9e|localhost:15003
	at org.apache.hadoop.hdds.scm.ha.SCMHAInvocationHandler.translateException(SCMHAInvocationHandler.java:163)
	at org.apache.hadoop.hdds.scm.ha.SCMHAInvocationHandler.invokeRatis(SCMHAInvocationHandler.java:113)
	at org.apache.hadoop.hdds.scm.ha.SCMHAInvocationHandler.invoke(SCMHAInvocationHandler.java:72)
	at jdk.proxy2/jdk.proxy2.$Proxy48.updateContainerState(Unknown Source)
	at org.apache.hadoop.hdds.scm.container.ContainerManagerImpl.updateContainerState(ContainerManagerImpl.java:284)
	at org.apache.hadoop.hdds.scm.container.AbstractContainerReportHandler.updateContainerState(AbstractContainerReportHandler.java:290)
	at org.apache.hadoop.hdds.scm.container.AbstractContainerReportHandler.processContainerReplica(AbstractContainerReportHandler.java:115)
	at org.apache.hadoop.hdds.scm.container.ContainerReportHandler.processSingleReplica(ContainerReportHandler.java:229)
	at org.apache.hadoop.hdds.scm.container.ContainerReportHandler.onMessage(ContainerReportHandler.java:181)
	at org.apache.hadoop.hdds.scm.container.ContainerReportHandler.onMessage(ContainerReportHandler.java:44)
	at org.apache.hadoop.hdds.server.events.FixedThreadPoolWithAffinityExecutor$ContainerReportProcessTask.run(FixedThreadPoolWithAffinityExecutor.java:257)
	at java.base/java.util.concurrent.Executors$RunnableAdapter.call(Executors.java:572)
	at java.base/java.util.concurrent.FutureTask.run(FutureTask.java:317)
	at java.base/java.util.concurrent.ThreadPoolExecutor.runWorker(ThreadPoolExecutor.java:1144)
	at java.base/java.util.concurrent.ThreadPoolExecutor$Worker.run(ThreadPoolExecutor.java:642)
	at java.base/java.lang.Thread.run(Thread.java:1583)
Caused by: org.apache.ratis.protocol.exceptions.NotLeaderException: Server 2d344aaf-3adb-4590-a8db-0ff637af21a8@group-0EF9E94BB6A3 is not the leader, suggested leader is: d608cca7-8f6c-485f-afd6-2c7e3558bc9e|localhost:15003
	at org.apache.ratis.server.impl.RaftServerImpl.generateNotLeaderException(RaftServerImpl.java:804)
	at org.apache.ratis.server.impl.RaftServerImpl.checkLeaderState(RaftServerImpl.java:769)
	at org.apache.ratis.server.impl.RaftServerImpl.checkLeaderState(RaftServerImpl.java:755)
	at org.apache.ratis.server.impl.RaftServerImpl.writeAsyncImpl(RaftServerImpl.java:972)
	at org.apache.ratis.server.impl.RaftServerImpl.writeAsync(RaftServerImpl.java:960)
	at org.apache.ratis.server.impl.RaftServerImpl.replyFuture(RaftServerImpl.java:953)
	at org.apache.ratis.server.impl.RaftServerImpl.submitClientRequestAsync(RaftServerImpl.java:930)
	at org.apache.ratis.server.impl.RaftServerImpl.lambda$null$11(RaftServerImpl.java:919)
	at org.apache.ratis.util.JavaUtils.callAsUnchecked(JavaUtils.java:118)
	at org.apache.ratis.server.impl.RaftServerImpl.lambda$executeSubmitClientRequestAsync$12(RaftServerImpl.java:919)
	at java.base/java.util.concurrent.CompletableFuture$AsyncSupply.run(CompletableFuture.java:1768)
	... 3 more
2025-07-05 15:55:01,962 [scmNode-3-FixedThreadPoolWithAffinityExecutor-0-0] ERROR container.ContainerReportHandler (ContainerReportHandler.java:processSingleReplica(231)) - Failed to process Container #8 (CLOSING, sid=161) r0 (CLOSED, bcsid=161, origin=11776e6b-d53e-4cdc-a879-730cb763d81d, non-empty) from dn 11776e6b-d53e-4cdc-a879-730cb763d81d(localhost/127.0.0.1)
org.apache.hadoop.hdds.scm.exceptions.SCMException: org.apache.ratis.protocol.exceptions.NotLeaderException: Server e9f0a7df-dfca-4eba-a7d3-db47f637b57c@group-0EF9E94BB6A3 is not the leader, suggested leader is: d608cca7-8f6c-485f-afd6-2c7e3558bc9e|localhost:15003
	at org.apache.hadoop.hdds.scm.ha.SCMHAInvocationHandler.translateException(SCMHAInvocationHandler.java:163)
	at org.apache.hadoop.hdds.scm.ha.SCMHAInvocationHandler.invokeRatis(SCMHAInvocationHandler.java:113)
	at org.apache.hadoop.hdds.scm.ha.SCMHAInvocationHandler.invoke(SCMHAInvocationHandler.java:72)
	at jdk.proxy2/jdk.proxy2.$Proxy48.updateContainerState(Unknown Source)
	at org.apache.hadoop.hdds.scm.container.ContainerManagerImpl.updateContainerState(ContainerManagerImpl.java:284)
	at org.apache.hadoop.hdds.scm.container.AbstractContainerReportHandler.updateContainerState(AbstractContainerReportHandler.java:290)
	at org.apache.hadoop.hdds.scm.container.AbstractContainerReportHandler.processContainerReplica(AbstractContainerReportHandler.java:115)
	at org.apache.hadoop.hdds.scm.container.ContainerReportHandler.processSingleReplica(ContainerReportHandler.java:229)
	at org.apache.hadoop.hdds.scm.container.ContainerReportHandler.onMessage(ContainerReportHandler.java:181)
	at org.apache.hadoop.hdds.scm.container.ContainerReportHandler.onMessage(ContainerReportHandler.java:44)
	at org.apache.hadoop.hdds.server.events.FixedThreadPoolWithAffinityExecutor$ContainerReportProcessTask.run(FixedThreadPoolWithAffinityExecutor.java:257)
	at java.base/java.util.concurrent.Executors$RunnableAdapter.call(Executors.java:572)
	at java.base/java.util.concurrent.FutureTask.run(FutureTask.java:317)
	at java.base/java.util.concurrent.ThreadPoolExecutor.runWorker(ThreadPoolExecutor.java:1144)
	at java.base/java.util.concurrent.ThreadPoolExecutor$Worker.run(ThreadPoolExecutor.java:642)
	at java.base/java.lang.Thread.run(Thread.java:1583)
Caused by: org.apache.ratis.protocol.exceptions.NotLeaderException: Server e9f0a7df-dfca-4eba-a7d3-db47f637b57c@group-0EF9E94BB6A3 is not the leader, suggested leader is: d608cca7-8f6c-485f-afd6-2c7e3558bc9e|localhost:15003
	at org.apache.ratis.server.impl.RaftServerImpl.generateNotLeaderException(RaftServerImpl.java:804)
	at org.apache.ratis.server.impl.RaftServerImpl.checkLeaderState(RaftServerImpl.java:769)
	at org.apache.ratis.server.impl.RaftServerImpl.checkLeaderState(RaftServerImpl.java:755)
	at org.apache.ratis.server.impl.RaftServerImpl.writeAsyncImpl(RaftServerImpl.java:972)
	at org.apache.ratis.server.impl.RaftServerImpl.writeAsync(RaftServerImpl.java:960)
	at org.apache.ratis.server.impl.RaftServerImpl.replyFuture(RaftServerImpl.java:953)
	at org.apache.ratis.server.impl.RaftServerImpl.submitClientRequestAsync(RaftServerImpl.java:930)
	at org.apache.ratis.server.impl.RaftServerImpl.lambda$null$11(RaftServerImpl.java:919)
	at org.apache.ratis.util.JavaUtils.callAsUnchecked(JavaUtils.java:118)
	at org.apache.ratis.server.impl.RaftServerImpl.lambda$executeSubmitClientRequestAsync$12(RaftServerImpl.java:919)
	at java.base/java.util.concurrent.CompletableFuture$AsyncSupply.run(CompletableFuture.java:1768)
	... 3 more
2025-07-05 15:55:02,502 [0584da7b-3980-4d20-b3ba-d97c117b17a2-ChunkReader-3] ERROR keyvalue.KeyValueHandler (KeyValueHandler.java:handleGetContainerChecksumInfo(765)) - Error occurred when reading checksum file for container 8
java.nio.file.NoSuchFileException: Checksum file does not exist for container #8
	at org.apache.hadoop.ozone.container.checksum.ContainerChecksumTreeManager.getContainerChecksumInfo(ContainerChecksumTreeManager.java:411)
	at org.apache.hadoop.ozone.container.keyvalue.KeyValueHandler.handleGetContainerChecksumInfo(KeyValueHandler.java:762)
	at org.apache.hadoop.ozone.container.keyvalue.KeyValueHandler.dispatchRequest(KeyValueHandler.java:361)
	at org.apache.hadoop.ozone.container.keyvalue.KeyValueHandler.handle(KeyValueHandler.java:293)
	at org.apache.hadoop.ozone.container.common.impl.HddsDispatcher.dispatchRequest(HddsDispatcher.java:365)
	at org.apache.hadoop.ozone.container.common.impl.HddsDispatcher.lambda$dispatch$1(HddsDispatcher.java:190)
	at org.apache.hadoop.hdds.server.OzoneProtocolMessageDispatcher.processRequest(OzoneProtocolMessageDispatcher.java:87)
	at org.apache.hadoop.ozone.container.common.impl.HddsDispatcher.dispatch(HddsDispatcher.java:189)
	at org.apache.hadoop.ozone.container.common.transport.server.GrpcXceiverService$1.onNext(GrpcXceiverService.java:107)
	at org.apache.hadoop.ozone.container.common.transport.server.GrpcXceiverService$1.onNext(GrpcXceiverService.java:96)
	at org.apache.ratis.thirdparty.io.grpc.stub.ServerCalls$StreamingServerCallHandler$StreamingServerCallListener.onMessage(ServerCalls.java:262)
	at org.apache.ratis.thirdparty.io.grpc.ForwardingServerCallListener.onMessage(ForwardingServerCallListener.java:33)
	at org.apache.hadoop.hdds.tracing.GrpcServerInterceptor$1.onMessage(GrpcServerInterceptor.java:49)
	at org.apache.ratis.thirdparty.io.grpc.internal.ServerCallImpl$ServerStreamListenerImpl.messagesAvailableInternal(ServerCallImpl.java:334)
	at org.apache.ratis.thirdparty.io.grpc.internal.ServerCallImpl$ServerStreamListenerImpl.messagesAvailable(ServerCallImpl.java:319)
	at org.apache.ratis.thirdparty.io.grpc.internal.ServerImpl$JumpToApplicationThreadServerStreamListener$1MessagesAvailable.runInContext(ServerImpl.java:834)
	at org.apache.ratis.thirdparty.io.grpc.internal.ContextRunnable.run(ContextRunnable.java:37)
	at org.apache.ratis.thirdparty.io.grpc.internal.SerializingExecutor.run(SerializingExecutor.java:133)
	at java.base/java.util.concurrent.ThreadPoolExecutor.runWorker(ThreadPoolExecutor.java:1144)
	at java.base/java.util.concurrent.ThreadPoolExecutor$Worker.run(ThreadPoolExecutor.java:642)
	at java.base/java.lang.Thread.run(Thread.java:1583)
2025-07-05T15:55:02.504030952Z 0584da7b-3980-4d20-b3ba-d97c117b17a2-ChunkReader-3 ERROR user=null | ip=null | op=GET_CONTAINER_CHECKSUM_INFO null | ret=FAILURE
java.lang.Exception: Checksum file does not exist for container #8
	at org.apache.hadoop.ozone.container.common.impl.HddsDispatcher.dispatchRequest(HddsDispatcher.java:439)
	at org.apache.hadoop.ozone.container.common.impl.HddsDispatcher.lambda$dispatch$1(HddsDispatcher.java:190)
	at org.apache.hadoop.hdds.server.OzoneProtocolMessageDispatcher.processRequest(OzoneProtocolMessageDispatcher.java:87)
	at org.apache.hadoop.ozone.container.common.impl.HddsDispatcher.dispatch(HddsDispatcher.java:189)
	at org.apache.hadoop.ozone.container.common.transport.server.GrpcXceiverService$1.onNext(GrpcXceiverService.java:107)
	at org.apache.hadoop.ozone.container.common.transport.server.GrpcXceiverService$1.onNext(GrpcXceiverService.java:96)
	at org.apache.ratis.thirdparty.io.grpc.stub.ServerCalls$StreamingServerCallHandler$StreamingServerCallListener.onMessage(ServerCalls.java:262)
	at org.apache.ratis.thirdparty.io.grpc.ForwardingServerCallListener.onMessage(ForwardingServerCallListener.java:33)
	at org.apache.hadoop.hdds.tracing.GrpcServerInterceptor$1.onMessage(GrpcServerInterceptor.java:49)
	at org.apache.ratis.thirdparty.io.grpc.internal.ServerCallImpl$ServerStreamListenerImpl.messagesAvailableInternal(ServerCallImpl.java:334)
	at org.apache.ratis.thirdparty.io.grpc.internal.ServerCallImpl$ServerStreamListenerImpl.messagesAvailable(ServerCallImpl.java:319)
	at org.apache.ratis.thirdparty.io.grpc.internal.ServerImpl$JumpToApplicationThreadServerStreamListener$1MessagesAvailable.runInContext(ServerImpl.java:834)
	at org.apache.ratis.thirdparty.io.grpc.internal.ContextRunnable.run(ContextRunnable.java:37)
	at org.apache.ratis.thirdparty.io.grpc.internal.SerializingExecutor.run(SerializingExecutor.java:133)
	at java.base/java.util.concurrent.ThreadPoolExecutor.runWorker(ThreadPoolExecutor.java:1144)
	at java.base/java.util.concurrent.ThreadPoolExecutor$Worker.run(ThreadPoolExecutor.java:642)
	at java.base/java.lang.Thread.run(Thread.java:1583)
2025-07-05 15:55:02,504 [main] WARN  scm.XceiverClientGrpc (XceiverClientGrpc.java:sendCommandWithRetry(503)) - Failed to execute command GetContainerChecksumInfo on the pipeline Pipeline{ Id: 0584da7b-3980-4d20-b3ba-d97c117b17a2, Nodes: [ {0584da7b-3980-4d20-b3ba-d97c117b17a2(localhost/127.0.0.1), ReplicaIndex: 0},], ReplicationConfig: STANDALONE/ONE, State:CLOSED, leaderId:, CreationTimestamp2025-07-05T15:55:02.498563126Z[Etc/UTC]}.
]]></system-out>
  </testcase>
  <testcase name="testGetChecksumInfoOpenReplica" classname="org.apache.hadoop.ozone.dn.checksum.TestContainerCommandReconciliation" time="0.062">
    <system-out><![CDATA[2025-07-05 15:55:02,506 [main] INFO  rpc.RpcClient (RpcClient.java:createVolume(461)) - Creating Volume: b2a5cb51-9234-40aa-8395-0f1567cc9fe5, with scm as owner and space quota set to -1 bytes, counts quota set to -1
2025-07-05 15:55:02,509 [om1-OMStateMachineApplyTransactionThread - 0] WARN  helpers.OzoneAclUtil (OzoneAclUtil.java:getDefaultAclList(68)) - Failed to get primary group from user scm (auth:SIMPLE)
2025-07-05 15:55:02,509 [om1-OMStateMachineApplyTransactionThread - 0] INFO  volume.OMVolumeCreateRequest (OMVolumeCreateRequest.java:validateAndUpdateCache(203)) - created volume:b2a5cb51-9234-40aa-8395-0f1567cc9fe5 for user:scm
2025-07-05 15:55:02,511 [main] INFO  rpc.RpcClient (RpcClient.java:createBucket(686)) - Creating Bucket: b2a5cb51-9234-40aa-8395-0f1567cc9fe5/93a06e48-8726-4b67-9fdf-0a0ca33dd2fa, with server-side default bucket layout, scm as owner, Versioning false, Storage Type set to DISK and Encryption set to false, Replication Type set to server-side default replication type, Namespace Quota set to -1, Space Quota set to -1 
2025-07-05 15:55:02,513 [om1-OMStateMachineApplyTransactionThread - 0] WARN  helpers.OzoneAclUtil (OzoneAclUtil.java:getDefaultAclList(68)) - Failed to get primary group from user scm/localhost@EXAMPLE.COM (auth:SIMPLE)
2025-07-05 15:55:02,513 [om1-OMStateMachineApplyTransactionThread - 0] INFO  bucket.OMBucketCreateRequest (OMBucketCreateRequest.java:validateAndUpdateCache(292)) - created bucket: 93a06e48-8726-4b67-9fdf-0a0ca33dd2fa of layout FILE_SYSTEM_OPTIMIZED in volume: b2a5cb51-9234-40aa-8395-0f1567cc9fe5
2025-07-05 15:55:02,523 [om1-OMStateMachineApplyTransactionThread - 0] WARN  helpers.OzoneAclUtil (OzoneAclUtil.java:getDefaultAclList(68)) - Failed to get primary group from user scm/localhost@EXAMPLE.COM (auth:SIMPLE)
2025-07-05 15:55:02,527 [0584da7b-3980-4d20-b3ba-d97c117b17a2-ChunkWriter-1-0] WARN  statemachine.DatanodeConfiguration (DatanodeConfiguration.java:validateMinFreeSpace(751)) - hdds.datanode.volume.min.free.space.percent = -1.0 is invalid, should be between 0 and 1
2025-07-05 15:55:02,527 [0584da7b-3980-4d20-b3ba-d97c117b17a2-ChunkWriter-1-0] WARN  statemachine.DatanodeConfiguration (DatanodeConfiguration.java:validateMinFreeSpace(751)) - hdds.datanode.volume.min.free.space.percent = -1.0 is invalid, should be between 0 and 1
2025-07-05 15:55:02,528 [11776e6b-d53e-4cdc-a879-730cb763d81d-ChunkWriter-1-0] WARN  statemachine.DatanodeConfiguration (DatanodeConfiguration.java:validateMinFreeSpace(751)) - hdds.datanode.volume.min.free.space.percent = -1.0 is invalid, should be between 0 and 1
2025-07-05 15:55:02,529 [11776e6b-d53e-4cdc-a879-730cb763d81d-ChunkWriter-1-0] WARN  statemachine.DatanodeConfiguration (DatanodeConfiguration.java:validateMinFreeSpace(751)) - hdds.datanode.volume.min.free.space.percent = -1.0 is invalid, should be between 0 and 1
2025-07-05 15:55:02,531 [b30b3ffb-bc08-4f2c-b590-0aeed9816472-ChunkWriter-1-0] WARN  statemachine.DatanodeConfiguration (DatanodeConfiguration.java:validateMinFreeSpace(751)) - hdds.datanode.volume.min.free.space.percent = -1.0 is invalid, should be between 0 and 1
2025-07-05 15:55:02,532 [b30b3ffb-bc08-4f2c-b590-0aeed9816472-ChunkWriter-1-0] WARN  statemachine.DatanodeConfiguration (DatanodeConfiguration.java:validateMinFreeSpace(751)) - hdds.datanode.volume.min.free.space.percent = -1.0 is invalid, should be between 0 and 1
2025-07-05 15:55:02,537 [scmNode-2-FixedThreadPoolWithAffinityExecutor-1-0] WARN  container.IncrementalContainerReportHandler (IncrementalContainerReportHandler.java:processICR(109)) - Container not found: Container #9 (NOT_FOUND) r0 (OPEN, bcsid=0, origin=0584da7b-3980-4d20-b3ba-d97c117b17a2, non-empty) from dn 0584da7b-3980-4d20-b3ba-d97c117b17a2(localhost/127.0.0.1)
2025-07-05 15:55:02,538 [scmNode-3-FixedThreadPoolWithAffinityExecutor-9-0] WARN  container.IncrementalContainerReportHandler (IncrementalContainerReportHandler.java:processICR(109)) - Container not found: Container #9 (NOT_FOUND) r0 (OPEN, bcsid=0, origin=b30b3ffb-bc08-4f2c-b590-0aeed9816472, non-empty) from dn b30b3ffb-bc08-4f2c-b590-0aeed9816472(localhost/127.0.0.1)
2025-07-05 15:55:02,538 [scmNode-2-FixedThreadPoolWithAffinityExecutor-9-0] WARN  container.IncrementalContainerReportHandler (IncrementalContainerReportHandler.java:processICR(109)) - Container not found: Container #9 (NOT_FOUND) r0 (OPEN, bcsid=0, origin=b30b3ffb-bc08-4f2c-b590-0aeed9816472, non-empty) from dn b30b3ffb-bc08-4f2c-b590-0aeed9816472(localhost/127.0.0.1)
2025-07-05 15:55:02,539 [scmNode-3-FixedThreadPoolWithAffinityExecutor-1-0] WARN  container.IncrementalContainerReportHandler (IncrementalContainerReportHandler.java:processICR(109)) - Container not found: Container #9 (NOT_FOUND) r0 (OPEN, bcsid=0, origin=0584da7b-3980-4d20-b3ba-d97c117b17a2, non-empty) from dn 0584da7b-3980-4d20-b3ba-d97c117b17a2(localhost/127.0.0.1)
2025-07-05 15:55:02,539 [scmNode-3-FixedThreadPoolWithAffinityExecutor-0-0] WARN  container.IncrementalContainerReportHandler (IncrementalContainerReportHandler.java:processICR(109)) - Container not found: Container #9 (NOT_FOUND) r0 (OPEN, bcsid=0, origin=11776e6b-d53e-4cdc-a879-730cb763d81d, non-empty) from dn 11776e6b-d53e-4cdc-a879-730cb763d81d(localhost/127.0.0.1)
2025-07-05 15:55:02,540 [scmNode-2-FixedThreadPoolWithAffinityExecutor-0-0] WARN  container.IncrementalContainerReportHandler (IncrementalContainerReportHandler.java:processICR(109)) - Container not found: Container #9 (NOT_FOUND) r0 (OPEN, bcsid=0, origin=11776e6b-d53e-4cdc-a879-730cb763d81d, non-empty) from dn 11776e6b-d53e-4cdc-a879-730cb763d81d(localhost/127.0.0.1)
2025-07-05 15:55:02,560 [Socket Reader #4 for port 15005] INFO  ipc.Server (Server.java:saslProcess(2290)) - Auth successful for scm/localhost@EXAMPLE.COM (auth:KERBEROS) from 127.0.0.1:41987
2025-07-05T15:55:02.567126507Z 0584da7b-3980-4d20-b3ba-d97c117b17a2-ChunkReader-6 ERROR user=null | ip=null | op=GET_CONTAINER_CHECKSUM_INFO null | ret=FAILURE
java.lang.Exception: Checksum information is not available for containers in state OPEN
	at org.apache.hadoop.ozone.container.common.impl.HddsDispatcher.dispatchRequest(HddsDispatcher.java:439)
	at org.apache.hadoop.ozone.container.common.impl.HddsDispatcher.lambda$dispatch$1(HddsDispatcher.java:190)
	at org.apache.hadoop.hdds.server.OzoneProtocolMessageDispatcher.processRequest(OzoneProtocolMessageDispatcher.java:87)
	at org.apache.hadoop.ozone.container.common.impl.HddsDispatcher.dispatch(HddsDispatcher.java:189)
	at org.apache.hadoop.ozone.container.common.transport.server.GrpcXceiverService$1.onNext(GrpcXceiverService.java:107)
	at org.apache.hadoop.ozone.container.common.transport.server.GrpcXceiverService$1.onNext(GrpcXceiverService.java:96)
	at org.apache.ratis.thirdparty.io.grpc.stub.ServerCalls$StreamingServerCallHandler$StreamingServerCallListener.onMessage(ServerCalls.java:262)
	at org.apache.ratis.thirdparty.io.grpc.ForwardingServerCallListener.onMessage(ForwardingServerCallListener.java:33)
	at org.apache.hadoop.hdds.tracing.GrpcServerInterceptor$1.onMessage(GrpcServerInterceptor.java:49)
	at org.apache.ratis.thirdparty.io.grpc.internal.ServerCallImpl$ServerStreamListenerImpl.messagesAvailableInternal(ServerCallImpl.java:334)
	at org.apache.ratis.thirdparty.io.grpc.internal.ServerCallImpl$ServerStreamListenerImpl.messagesAvailable(ServerCallImpl.java:319)
	at org.apache.ratis.thirdparty.io.grpc.internal.ServerImpl$JumpToApplicationThreadServerStreamListener$1MessagesAvailable.runInContext(ServerImpl.java:834)
	at org.apache.ratis.thirdparty.io.grpc.internal.ContextRunnable.run(ContextRunnable.java:37)
	at org.apache.ratis.thirdparty.io.grpc.internal.SerializingExecutor.run(SerializingExecutor.java:133)
	at java.base/java.util.concurrent.ThreadPoolExecutor.runWorker(ThreadPoolExecutor.java:1144)
	at java.base/java.util.concurrent.ThreadPoolExecutor$Worker.run(ThreadPoolExecutor.java:642)
	at java.base/java.lang.Thread.run(Thread.java:1583)
2025-07-05 15:55:02,568 [main] WARN  scm.XceiverClientGrpc (XceiverClientGrpc.java:sendCommandWithRetry(503)) - Failed to execute command GetContainerChecksumInfo on the pipeline Pipeline{ Id: 0584da7b-3980-4d20-b3ba-d97c117b17a2, Nodes: [ {0584da7b-3980-4d20-b3ba-d97c117b17a2(localhost/127.0.0.1), ReplicaIndex: 0},], ReplicationConfig: STANDALONE/ONE, State:CLOSED, leaderId:, CreationTimestamp2025-07-05T15:55:02.498563126Z[Etc/UTC]}.
]]></system-out>
  </testcase>
  <testcase name="testGetEmptyChecksumInfo" classname="org.apache.hadoop.ozone.dn.checksum.TestContainerCommandReconciliation" time="7.081">
    <system-out><![CDATA[2025-07-05 15:55:02,570 [main] INFO  rpc.RpcClient (RpcClient.java:createVolume(461)) - Creating Volume: 5a0b38d3-80d6-490d-b5f7-6b454ccfe7ef, with scm as owner and space quota set to -1 bytes, counts quota set to -1
2025-07-05 15:55:02,573 [om1-OMStateMachineApplyTransactionThread - 0] WARN  helpers.OzoneAclUtil (OzoneAclUtil.java:getDefaultAclList(68)) - Failed to get primary group from user scm (auth:SIMPLE)
2025-07-05 15:55:02,573 [om1-OMStateMachineApplyTransactionThread - 0] INFO  volume.OMVolumeCreateRequest (OMVolumeCreateRequest.java:validateAndUpdateCache(203)) - created volume:5a0b38d3-80d6-490d-b5f7-6b454ccfe7ef for user:scm
2025-07-05 15:55:02,577 [main] INFO  rpc.RpcClient (RpcClient.java:createBucket(686)) - Creating Bucket: 5a0b38d3-80d6-490d-b5f7-6b454ccfe7ef/e8480f67-d8a0-447a-91a5-df2e3d97b638, with server-side default bucket layout, scm as owner, Versioning false, Storage Type set to DISK and Encryption set to false, Replication Type set to server-side default replication type, Namespace Quota set to -1, Space Quota set to -1 
2025-07-05 15:55:02,579 [om1-OMStateMachineApplyTransactionThread - 0] WARN  helpers.OzoneAclUtil (OzoneAclUtil.java:getDefaultAclList(68)) - Failed to get primary group from user scm/localhost@EXAMPLE.COM (auth:SIMPLE)
2025-07-05 15:55:02,579 [om1-OMStateMachineApplyTransactionThread - 0] INFO  bucket.OMBucketCreateRequest (OMBucketCreateRequest.java:validateAndUpdateCache(292)) - created bucket: e8480f67-d8a0-447a-91a5-df2e3d97b638 of layout FILE_SYSTEM_OPTIMIZED in volume: 5a0b38d3-80d6-490d-b5f7-6b454ccfe7ef
2025-07-05 15:55:02,592 [om1-OMStateMachineApplyTransactionThread - 0] WARN  helpers.OzoneAclUtil (OzoneAclUtil.java:getDefaultAclList(68)) - Failed to get primary group from user scm/localhost@EXAMPLE.COM (auth:SIMPLE)
2025-07-05 15:55:02,614 [b30b3ffb-bc08-4f2c-b590-0aeed9816472-ChunkWriter-2-0] WARN  statemachine.DatanodeConfiguration (DatanodeConfiguration.java:validateMinFreeSpace(751)) - hdds.datanode.volume.min.free.space.percent = -1.0 is invalid, should be between 0 and 1
2025-07-05 15:55:02,614 [11776e6b-d53e-4cdc-a879-730cb763d81d-ChunkWriter-2-0] WARN  statemachine.DatanodeConfiguration (DatanodeConfiguration.java:validateMinFreeSpace(751)) - hdds.datanode.volume.min.free.space.percent = -1.0 is invalid, should be between 0 and 1
2025-07-05 15:55:02,614 [0584da7b-3980-4d20-b3ba-d97c117b17a2-ChunkWriter-2-0] WARN  statemachine.DatanodeConfiguration (DatanodeConfiguration.java:validateMinFreeSpace(751)) - hdds.datanode.volume.min.free.space.percent = -1.0 is invalid, should be between 0 and 1
2025-07-05 15:55:02,615 [0584da7b-3980-4d20-b3ba-d97c117b17a2-ChunkWriter-2-0] WARN  statemachine.DatanodeConfiguration (DatanodeConfiguration.java:validateMinFreeSpace(751)) - hdds.datanode.volume.min.free.space.percent = -1.0 is invalid, should be between 0 and 1
2025-07-05 15:55:02,615 [b30b3ffb-bc08-4f2c-b590-0aeed9816472-ChunkWriter-2-0] WARN  statemachine.DatanodeConfiguration (DatanodeConfiguration.java:validateMinFreeSpace(751)) - hdds.datanode.volume.min.free.space.percent = -1.0 is invalid, should be between 0 and 1
2025-07-05 15:55:02,616 [11776e6b-d53e-4cdc-a879-730cb763d81d-ChunkWriter-2-0] WARN  statemachine.DatanodeConfiguration (DatanodeConfiguration.java:validateMinFreeSpace(751)) - hdds.datanode.volume.min.free.space.percent = -1.0 is invalid, should be between 0 and 1
2025-07-05 15:55:02,624 [scmNode-3-FixedThreadPoolWithAffinityExecutor-1-0] WARN  container.IncrementalContainerReportHandler (IncrementalContainerReportHandler.java:processICR(109)) - Container not found: Container #10 (NOT_FOUND) r0 (OPEN, bcsid=0, origin=0584da7b-3980-4d20-b3ba-d97c117b17a2, non-empty) from dn 0584da7b-3980-4d20-b3ba-d97c117b17a2(localhost/127.0.0.1)
2025-07-05 15:55:02,625 [scmNode-2-FixedThreadPoolWithAffinityExecutor-9-0] WARN  container.IncrementalContainerReportHandler (IncrementalContainerReportHandler.java:processICR(109)) - Container not found: Container #10 (NOT_FOUND) r0 (OPEN, bcsid=0, origin=b30b3ffb-bc08-4f2c-b590-0aeed9816472, non-empty) from dn b30b3ffb-bc08-4f2c-b590-0aeed9816472(localhost/127.0.0.1)
2025-07-05 15:55:02,625 [scmNode-2-FixedThreadPoolWithAffinityExecutor-1-0] WARN  container.IncrementalContainerReportHandler (IncrementalContainerReportHandler.java:processICR(109)) - Container not found: Container #10 (NOT_FOUND) r0 (OPEN, bcsid=0, origin=0584da7b-3980-4d20-b3ba-d97c117b17a2, non-empty) from dn 0584da7b-3980-4d20-b3ba-d97c117b17a2(localhost/127.0.0.1)
2025-07-05 15:55:02,626 [scmNode-3-FixedThreadPoolWithAffinityExecutor-9-0] WARN  container.IncrementalContainerReportHandler (IncrementalContainerReportHandler.java:processICR(109)) - Container not found: Container #10 (NOT_FOUND) r0 (OPEN, bcsid=0, origin=b30b3ffb-bc08-4f2c-b590-0aeed9816472, non-empty) from dn b30b3ffb-bc08-4f2c-b590-0aeed9816472(localhost/127.0.0.1)
2025-07-05 15:55:02,628 [scmNode-3-FixedThreadPoolWithAffinityExecutor-0-0] WARN  container.IncrementalContainerReportHandler (IncrementalContainerReportHandler.java:processICR(109)) - Container not found: Container #10 (NOT_FOUND) r0 (OPEN, bcsid=0, origin=11776e6b-d53e-4cdc-a879-730cb763d81d, non-empty) from dn 11776e6b-d53e-4cdc-a879-730cb763d81d(localhost/127.0.0.1)
2025-07-05 15:55:02,628 [scmNode-2-FixedThreadPoolWithAffinityExecutor-0-0] WARN  container.IncrementalContainerReportHandler (IncrementalContainerReportHandler.java:processICR(109)) - Container not found: Container #10 (NOT_FOUND) r0 (OPEN, bcsid=0, origin=11776e6b-d53e-4cdc-a879-730cb763d81d, non-empty) from dn 11776e6b-d53e-4cdc-a879-730cb763d81d(localhost/127.0.0.1)
2025-07-05 15:55:02,644 [scmNode-1-EventQueue-CloseContainerForCloseContainerEventHandler] INFO  container.CloseContainerEventHandler (CloseContainerEventHandler.java:onMessage(88)) - Close container Event triggered for container : #10, current state: OPEN
2025-07-05 15:55:02,647 [scmNode-1-EventQueue-CloseContainerForCloseContainerEventHandler] INFO  container.CloseContainerEventHandler (CloseContainerEventHandler.java:onMessage(88)) - Close container Event triggered for container : #10, current state: CLOSING
2025-07-05 15:55:02,647 [scmNode-1-EventQueue-CloseContainerForCloseContainerEventHandler] INFO  container.CloseContainerEventHandler (CloseContainerEventHandler.java:onMessage(88)) - Close container Event triggered for container : #10, current state: CLOSING
2025-07-05 15:55:05,629 [b30b3ffb-bc08-4f2c-b590-0aeed9816472-CloseContainerThread-0] WARN  keyvalue.KeyValueHandler (KeyValueHandler.java:updateAndGetContainerChecksum(1451)) - Container data checksum updated from 0 to acc3ef52
2025-07-05 15:55:05,629 [b30b3ffb-bc08-4f2c-b590-0aeed9816472-CloseContainerThread-0] INFO  commandhandler.CloseContainerCommandHandler (CloseContainerCommandHandler.java:lambda$handle$0(154)) - Follower cannot close container #10.
2025-07-05 15:55:06,628 [0584da7b-3980-4d20-b3ba-d97c117b17a2-CloseContainerThread-0] WARN  keyvalue.KeyValueHandler (KeyValueHandler.java:updateAndGetContainerChecksum(1451)) - Container data checksum updated from 0 to acc3ef52
2025-07-05 15:55:06,629 [0584da7b-3980-4d20-b3ba-d97c117b17a2-CloseContainerThread-0] INFO  commandhandler.CloseContainerCommandHandler (CloseContainerCommandHandler.java:lambda$handle$0(154)) - Follower cannot close container #10.
2025-07-05 15:55:06,632 [11776e6b-d53e-4cdc-a879-730cb763d81d-CloseContainerThread-0] WARN  keyvalue.KeyValueHandler (KeyValueHandler.java:updateAndGetContainerChecksum(1451)) - Container data checksum updated from 0 to acc3ef52
2025-07-05 15:55:06,635 [11776e6b-d53e-4cdc-a879-730cb763d81d-ContainerOp-0c5972bd-f91c-4346-a54b-a3ec0edc4b3b-1] INFO  keyvalue.KeyValueContainer (KeyValueContainer.java:flushAndSyncDB(514)) - Synced container: KeyValueContainerData #10 (CLOSING, non-empty, ri=0, origin=[dn_11776e6b-d53e-4cdc-a879-730cb763d81d, pipeline_0c5972bd-f91c-4346-a54b-a3ec0edc4b3b])
2025-07-05 15:55:06,635 [11776e6b-d53e-4cdc-a879-730cb763d81d-ContainerOp-0c5972bd-f91c-4346-a54b-a3ec0edc4b3b-1] INFO  keyvalue.KeyValueContainer (KeyValueContainer.java:flushAndSyncDB(514)) - Synced container: KeyValueContainerData #10 (CLOSING, non-empty, ri=0, origin=[dn_11776e6b-d53e-4cdc-a879-730cb763d81d, pipeline_0c5972bd-f91c-4346-a54b-a3ec0edc4b3b])
2025-07-05 15:55:06,637 [b30b3ffb-bc08-4f2c-b590-0aeed9816472-ContainerOp-0c5972bd-f91c-4346-a54b-a3ec0edc4b3b-2] INFO  keyvalue.KeyValueContainer (KeyValueContainer.java:flushAndSyncDB(514)) - Synced container: KeyValueContainerData #10 (CLOSING, non-empty, ri=0, origin=[dn_b30b3ffb-bc08-4f2c-b590-0aeed9816472, pipeline_0c5972bd-f91c-4346-a54b-a3ec0edc4b3b])
2025-07-05 15:55:06,638 [b30b3ffb-bc08-4f2c-b590-0aeed9816472-ContainerOp-0c5972bd-f91c-4346-a54b-a3ec0edc4b3b-2] INFO  keyvalue.KeyValueContainer (KeyValueContainer.java:flushAndSyncDB(514)) - Synced container: KeyValueContainerData #10 (CLOSING, non-empty, ri=0, origin=[dn_b30b3ffb-bc08-4f2c-b590-0aeed9816472, pipeline_0c5972bd-f91c-4346-a54b-a3ec0edc4b3b])
2025-07-05 15:55:06,639 [0584da7b-3980-4d20-b3ba-d97c117b17a2-ContainerOp-0c5972bd-f91c-4346-a54b-a3ec0edc4b3b-1] INFO  keyvalue.KeyValueContainer (KeyValueContainer.java:flushAndSyncDB(514)) - Synced container: KeyValueContainerData #10 (CLOSING, non-empty, ri=0, origin=[dn_0584da7b-3980-4d20-b3ba-d97c117b17a2, pipeline_0c5972bd-f91c-4346-a54b-a3ec0edc4b3b])
2025-07-05 15:55:06,639 [0584da7b-3980-4d20-b3ba-d97c117b17a2-ContainerOp-0c5972bd-f91c-4346-a54b-a3ec0edc4b3b-1] INFO  keyvalue.KeyValueContainer (KeyValueContainer.java:flushAndSyncDB(514)) - Synced container: KeyValueContainerData #10 (CLOSING, non-empty, ri=0, origin=[dn_0584da7b-3980-4d20-b3ba-d97c117b17a2, pipeline_0c5972bd-f91c-4346-a54b-a3ec0edc4b3b])
2025-07-05 15:55:06,642 [11776e6b-d53e-4cdc-a879-730cb763d81d-ContainerOp-0c5972bd-f91c-4346-a54b-a3ec0edc4b3b-1] INFO  keyvalue.KeyValueContainer (KeyValueContainer.java:close(430)) - Closed container: KeyValueContainerData #10 (CLOSED, non-empty, ri=0, origin=[dn_11776e6b-d53e-4cdc-a879-730cb763d81d, pipeline_0c5972bd-f91c-4346-a54b-a3ec0edc4b3b])
2025-07-05 15:55:06,643 [scmNode-2-FixedThreadPoolWithAffinityExecutor-0-0] INFO  container.IncrementalContainerReportHandler (AbstractContainerReportHandler.java:updateContainerState(289)) - CLOSE Container #10 (CLOSING, sid=179) r0 (CLOSED, bcsid=179, origin=11776e6b-d53e-4cdc-a879-730cb763d81d, non-empty) from dn 11776e6b-d53e-4cdc-a879-730cb763d81d(localhost/127.0.0.1)
2025-07-05 15:55:06,644 [scmNode-3-FixedThreadPoolWithAffinityExecutor-0-0] INFO  container.IncrementalContainerReportHandler (AbstractContainerReportHandler.java:updateContainerState(289)) - CLOSE Container #10 (CLOSING, sid=179) r0 (CLOSED, bcsid=179, origin=11776e6b-d53e-4cdc-a879-730cb763d81d, non-empty) from dn 11776e6b-d53e-4cdc-a879-730cb763d81d(localhost/127.0.0.1)
2025-07-05 15:55:06,644 [scmNode-1-FixedThreadPoolWithAffinityExecutor-0-0] INFO  container.IncrementalContainerReportHandler (AbstractContainerReportHandler.java:updateContainerState(289)) - CLOSE Container #10 (CLOSING, sid=179) r0 (CLOSED, bcsid=179, origin=11776e6b-d53e-4cdc-a879-730cb763d81d, non-empty) from dn 11776e6b-d53e-4cdc-a879-730cb763d81d(localhost/127.0.0.1)
2025-07-05 15:55:06,644 [scmNode-3-FixedThreadPoolWithAffinityExecutor-0-0] INFO  container.IncrementalContainerReportHandler (IncrementalContainerReportHandler.java:processICR(116)) - SCM_NOT_LEADER: Failed to process Container #10 (CLOSING, sid=179) r0 (CLOSED, bcsid=179, origin=11776e6b-d53e-4cdc-a879-730cb763d81d, non-empty) from dn 11776e6b-d53e-4cdc-a879-730cb763d81d(localhost/127.0.0.1)
2025-07-05 15:55:06,644 [scmNode-2-FixedThreadPoolWithAffinityExecutor-0-0] INFO  container.IncrementalContainerReportHandler (IncrementalContainerReportHandler.java:processICR(116)) - SCM_NOT_LEADER: Failed to process Container #10 (CLOSING, sid=179) r0 (CLOSED, bcsid=179, origin=11776e6b-d53e-4cdc-a879-730cb763d81d, non-empty) from dn 11776e6b-d53e-4cdc-a879-730cb763d81d(localhost/127.0.0.1)
2025-07-05 15:55:06,645 [b30b3ffb-bc08-4f2c-b590-0aeed9816472-ContainerOp-0c5972bd-f91c-4346-a54b-a3ec0edc4b3b-2] INFO  keyvalue.KeyValueContainer (KeyValueContainer.java:close(430)) - Closed container: KeyValueContainerData #10 (CLOSED, non-empty, ri=0, origin=[dn_b30b3ffb-bc08-4f2c-b590-0aeed9816472, pipeline_0c5972bd-f91c-4346-a54b-a3ec0edc4b3b])
2025-07-05 15:55:06,646 [0584da7b-3980-4d20-b3ba-d97c117b17a2-ContainerOp-0c5972bd-f91c-4346-a54b-a3ec0edc4b3b-1] INFO  keyvalue.KeyValueContainer (KeyValueContainer.java:close(430)) - Closed container: KeyValueContainerData #10 (CLOSED, non-empty, ri=0, origin=[dn_0584da7b-3980-4d20-b3ba-d97c117b17a2, pipeline_0c5972bd-f91c-4346-a54b-a3ec0edc4b3b])
2025-07-05 15:55:06,647 [scmNode-2-FixedThreadPoolWithAffinityExecutor-1-0] INFO  container.IncrementalContainerReportHandler (AbstractContainerReportHandler.java:updateContainerState(289)) - CLOSE Container #10 (CLOSING, sid=179) r0 (CLOSED, bcsid=179, origin=0584da7b-3980-4d20-b3ba-d97c117b17a2, non-empty) from dn 0584da7b-3980-4d20-b3ba-d97c117b17a2(localhost/127.0.0.1)
2025-07-05 15:55:06,647 [scmNode-3-FixedThreadPoolWithAffinityExecutor-1-0] INFO  container.IncrementalContainerReportHandler (AbstractContainerReportHandler.java:updateContainerState(289)) - CLOSE Container #10 (CLOSING, sid=179) r0 (CLOSED, bcsid=179, origin=0584da7b-3980-4d20-b3ba-d97c117b17a2, non-empty) from dn 0584da7b-3980-4d20-b3ba-d97c117b17a2(localhost/127.0.0.1)
2025-07-05 15:55:06,648 [scmNode-3-FixedThreadPoolWithAffinityExecutor-1-0] INFO  container.IncrementalContainerReportHandler (IncrementalContainerReportHandler.java:processICR(116)) - SCM_NOT_LEADER: Failed to process Container #10 (CLOSING, sid=179) r0 (CLOSED, bcsid=179, origin=0584da7b-3980-4d20-b3ba-d97c117b17a2, non-empty) from dn 0584da7b-3980-4d20-b3ba-d97c117b17a2(localhost/127.0.0.1)
2025-07-05 15:55:06,648 [scmNode-3-FixedThreadPoolWithAffinityExecutor-9-0] INFO  container.IncrementalContainerReportHandler (AbstractContainerReportHandler.java:updateContainerState(289)) - CLOSE Container #10 (CLOSING, sid=179) r0 (CLOSED, bcsid=179, origin=b30b3ffb-bc08-4f2c-b590-0aeed9816472, non-empty) from dn b30b3ffb-bc08-4f2c-b590-0aeed9816472(localhost/127.0.0.1)
2025-07-05 15:55:06,648 [scmNode-2-FixedThreadPoolWithAffinityExecutor-1-0] INFO  container.IncrementalContainerReportHandler (IncrementalContainerReportHandler.java:processICR(116)) - SCM_NOT_LEADER: Failed to process Container #10 (CLOSING, sid=179) r0 (CLOSED, bcsid=179, origin=0584da7b-3980-4d20-b3ba-d97c117b17a2, non-empty) from dn 0584da7b-3980-4d20-b3ba-d97c117b17a2(localhost/127.0.0.1)
2025-07-05 15:55:06,649 [scmNode-2-FixedThreadPoolWithAffinityExecutor-9-0] INFO  container.IncrementalContainerReportHandler (AbstractContainerReportHandler.java:updateContainerState(289)) - CLOSE Container #10 (CLOSING, sid=179) r0 (CLOSED, bcsid=179, origin=b30b3ffb-bc08-4f2c-b590-0aeed9816472, non-empty) from dn b30b3ffb-bc08-4f2c-b590-0aeed9816472(localhost/127.0.0.1)
2025-07-05 15:55:06,650 [scmNode-3-FixedThreadPoolWithAffinityExecutor-9-0] INFO  container.IncrementalContainerReportHandler (IncrementalContainerReportHandler.java:processICR(116)) - SCM_NOT_LEADER: Failed to process Container #10 (CLOSING, sid=179) r0 (CLOSED, bcsid=179, origin=b30b3ffb-bc08-4f2c-b590-0aeed9816472, non-empty) from dn b30b3ffb-bc08-4f2c-b590-0aeed9816472(localhost/127.0.0.1)
2025-07-05 15:55:06,650 [scmNode-2-FixedThreadPoolWithAffinityExecutor-9-0] INFO  container.IncrementalContainerReportHandler (IncrementalContainerReportHandler.java:processICR(116)) - SCM_NOT_LEADER: Failed to process Container #10 (CLOSING, sid=179) r0 (CLOSED, bcsid=179, origin=b30b3ffb-bc08-4f2c-b590-0aeed9816472, non-empty) from dn b30b3ffb-bc08-4f2c-b590-0aeed9816472(localhost/127.0.0.1)
2025-07-05 15:55:07,648 [scmNode-2-FixedThreadPoolWithAffinityExecutor-1-0] INFO  container.ContainerReportHandler (AbstractContainerReportHandler.java:updateContainerState(289)) - CLOSE Container #10 (CLOSING, sid=179) r0 (CLOSED, bcsid=179, origin=0584da7b-3980-4d20-b3ba-d97c117b17a2, non-empty) from dn 0584da7b-3980-4d20-b3ba-d97c117b17a2(localhost/127.0.0.1)
2025-07-05 15:55:07,648 [scmNode-3-FixedThreadPoolWithAffinityExecutor-1-0] INFO  container.ContainerReportHandler (AbstractContainerReportHandler.java:updateContainerState(289)) - CLOSE Container #10 (CLOSING, sid=179) r0 (CLOSED, bcsid=179, origin=0584da7b-3980-4d20-b3ba-d97c117b17a2, non-empty) from dn 0584da7b-3980-4d20-b3ba-d97c117b17a2(localhost/127.0.0.1)
2025-07-05 15:55:07,648 [scmNode-2-FixedThreadPoolWithAffinityExecutor-1-0] ERROR container.ContainerReportHandler (ContainerReportHandler.java:processSingleReplica(231)) - Failed to process Container #10 (CLOSING, sid=179) r0 (CLOSED, bcsid=179, origin=0584da7b-3980-4d20-b3ba-d97c117b17a2, non-empty) from dn 0584da7b-3980-4d20-b3ba-d97c117b17a2(localhost/127.0.0.1)
org.apache.hadoop.hdds.scm.exceptions.SCMException: org.apache.ratis.protocol.exceptions.NotLeaderException: Server 2d344aaf-3adb-4590-a8db-0ff637af21a8@group-0EF9E94BB6A3 is not the leader, suggested leader is: d608cca7-8f6c-485f-afd6-2c7e3558bc9e|localhost:15003
	at org.apache.hadoop.hdds.scm.ha.SCMHAInvocationHandler.translateException(SCMHAInvocationHandler.java:163)
	at org.apache.hadoop.hdds.scm.ha.SCMHAInvocationHandler.invokeRatis(SCMHAInvocationHandler.java:113)
	at org.apache.hadoop.hdds.scm.ha.SCMHAInvocationHandler.invoke(SCMHAInvocationHandler.java:72)
	at jdk.proxy2/jdk.proxy2.$Proxy48.updateContainerState(Unknown Source)
	at org.apache.hadoop.hdds.scm.container.ContainerManagerImpl.updateContainerState(ContainerManagerImpl.java:284)
	at org.apache.hadoop.hdds.scm.container.AbstractContainerReportHandler.updateContainerState(AbstractContainerReportHandler.java:290)
	at org.apache.hadoop.hdds.scm.container.AbstractContainerReportHandler.processContainerReplica(AbstractContainerReportHandler.java:115)
	at org.apache.hadoop.hdds.scm.container.ContainerReportHandler.processSingleReplica(ContainerReportHandler.java:229)
	at org.apache.hadoop.hdds.scm.container.ContainerReportHandler.onMessage(ContainerReportHandler.java:181)
	at org.apache.hadoop.hdds.scm.container.ContainerReportHandler.onMessage(ContainerReportHandler.java:44)
	at org.apache.hadoop.hdds.server.events.FixedThreadPoolWithAffinityExecutor$ContainerReportProcessTask.run(FixedThreadPoolWithAffinityExecutor.java:257)
	at java.base/java.util.concurrent.Executors$RunnableAdapter.call(Executors.java:572)
	at java.base/java.util.concurrent.FutureTask.run(FutureTask.java:317)
	at java.base/java.util.concurrent.ThreadPoolExecutor.runWorker(ThreadPoolExecutor.java:1144)
	at java.base/java.util.concurrent.ThreadPoolExecutor$Worker.run(ThreadPoolExecutor.java:642)
	at java.base/java.lang.Thread.run(Thread.java:1583)
Caused by: org.apache.ratis.protocol.exceptions.NotLeaderException: Server 2d344aaf-3adb-4590-a8db-0ff637af21a8@group-0EF9E94BB6A3 is not the leader, suggested leader is: d608cca7-8f6c-485f-afd6-2c7e3558bc9e|localhost:15003
	at org.apache.ratis.server.impl.RaftServerImpl.generateNotLeaderException(RaftServerImpl.java:804)
	at org.apache.ratis.server.impl.RaftServerImpl.checkLeaderState(RaftServerImpl.java:769)
	at org.apache.ratis.server.impl.RaftServerImpl.checkLeaderState(RaftServerImpl.java:755)
	at org.apache.ratis.server.impl.RaftServerImpl.writeAsyncImpl(RaftServerImpl.java:972)
	at org.apache.ratis.server.impl.RaftServerImpl.writeAsync(RaftServerImpl.java:960)
	at org.apache.ratis.server.impl.RaftServerImpl.replyFuture(RaftServerImpl.java:953)
	at org.apache.ratis.server.impl.RaftServerImpl.submitClientRequestAsync(RaftServerImpl.java:930)
	at org.apache.ratis.server.impl.RaftServerImpl.lambda$null$11(RaftServerImpl.java:919)
	at org.apache.ratis.util.JavaUtils.callAsUnchecked(JavaUtils.java:118)
	at org.apache.ratis.server.impl.RaftServerImpl.lambda$executeSubmitClientRequestAsync$12(RaftServerImpl.java:919)
	at java.base/java.util.concurrent.CompletableFuture$AsyncSupply.run(CompletableFuture.java:1768)
	... 3 more
2025-07-05 15:55:07,648 [scmNode-3-FixedThreadPoolWithAffinityExecutor-1-0] ERROR container.ContainerReportHandler (ContainerReportHandler.java:processSingleReplica(231)) - Failed to process Container #10 (CLOSING, sid=179) r0 (CLOSED, bcsid=179, origin=0584da7b-3980-4d20-b3ba-d97c117b17a2, non-empty) from dn 0584da7b-3980-4d20-b3ba-d97c117b17a2(localhost/127.0.0.1)
org.apache.hadoop.hdds.scm.exceptions.SCMException: org.apache.ratis.protocol.exceptions.NotLeaderException: Server e9f0a7df-dfca-4eba-a7d3-db47f637b57c@group-0EF9E94BB6A3 is not the leader, suggested leader is: d608cca7-8f6c-485f-afd6-2c7e3558bc9e|localhost:15003
	at org.apache.hadoop.hdds.scm.ha.SCMHAInvocationHandler.translateException(SCMHAInvocationHandler.java:163)
	at org.apache.hadoop.hdds.scm.ha.SCMHAInvocationHandler.invokeRatis(SCMHAInvocationHandler.java:113)
	at org.apache.hadoop.hdds.scm.ha.SCMHAInvocationHandler.invoke(SCMHAInvocationHandler.java:72)
	at jdk.proxy2/jdk.proxy2.$Proxy48.updateContainerState(Unknown Source)
	at org.apache.hadoop.hdds.scm.container.ContainerManagerImpl.updateContainerState(ContainerManagerImpl.java:284)
	at org.apache.hadoop.hdds.scm.container.AbstractContainerReportHandler.updateContainerState(AbstractContainerReportHandler.java:290)
	at org.apache.hadoop.hdds.scm.container.AbstractContainerReportHandler.processContainerReplica(AbstractContainerReportHandler.java:115)
	at org.apache.hadoop.hdds.scm.container.ContainerReportHandler.processSingleReplica(ContainerReportHandler.java:229)
	at org.apache.hadoop.hdds.scm.container.ContainerReportHandler.onMessage(ContainerReportHandler.java:181)
	at org.apache.hadoop.hdds.scm.container.ContainerReportHandler.onMessage(ContainerReportHandler.java:44)
	at org.apache.hadoop.hdds.server.events.FixedThreadPoolWithAffinityExecutor$ContainerReportProcessTask.run(FixedThreadPoolWithAffinityExecutor.java:257)
	at java.base/java.util.concurrent.Executors$RunnableAdapter.call(Executors.java:572)
	at java.base/java.util.concurrent.FutureTask.run(FutureTask.java:317)
	at java.base/java.util.concurrent.ThreadPoolExecutor.runWorker(ThreadPoolExecutor.java:1144)
	at java.base/java.util.concurrent.ThreadPoolExecutor$Worker.run(ThreadPoolExecutor.java:642)
	at java.base/java.lang.Thread.run(Thread.java:1583)
Caused by: org.apache.ratis.protocol.exceptions.NotLeaderException: Server e9f0a7df-dfca-4eba-a7d3-db47f637b57c@group-0EF9E94BB6A3 is not the leader, suggested leader is: d608cca7-8f6c-485f-afd6-2c7e3558bc9e|localhost:15003
	at org.apache.ratis.server.impl.RaftServerImpl.generateNotLeaderException(RaftServerImpl.java:804)
	at org.apache.ratis.server.impl.RaftServerImpl.checkLeaderState(RaftServerImpl.java:769)
	at org.apache.ratis.server.impl.RaftServerImpl.checkLeaderState(RaftServerImpl.java:755)
	at org.apache.ratis.server.impl.RaftServerImpl.writeAsyncImpl(RaftServerImpl.java:972)
	at org.apache.ratis.server.impl.RaftServerImpl.writeAsync(RaftServerImpl.java:960)
	at org.apache.ratis.server.impl.RaftServerImpl.replyFuture(RaftServerImpl.java:953)
	at org.apache.ratis.server.impl.RaftServerImpl.submitClientRequestAsync(RaftServerImpl.java:930)
	at org.apache.ratis.server.impl.RaftServerImpl.lambda$null$11(RaftServerImpl.java:919)
	at org.apache.ratis.util.JavaUtils.callAsUnchecked(JavaUtils.java:118)
	at org.apache.ratis.server.impl.RaftServerImpl.lambda$executeSubmitClientRequestAsync$12(RaftServerImpl.java:919)
	at java.base/java.util.concurrent.CompletableFuture$AsyncSupply.run(CompletableFuture.java:1768)
	... 3 more
2025-07-05 15:55:08,644 [scmNode-3-FixedThreadPoolWithAffinityExecutor-0-0] INFO  container.ContainerReportHandler (AbstractContainerReportHandler.java:updateContainerState(289)) - CLOSE Container #10 (CLOSING, sid=179) r0 (CLOSED, bcsid=179, origin=11776e6b-d53e-4cdc-a879-730cb763d81d, non-empty) from dn 11776e6b-d53e-4cdc-a879-730cb763d81d(localhost/127.0.0.1)
2025-07-05 15:55:08,645 [scmNode-3-FixedThreadPoolWithAffinityExecutor-0-0] ERROR container.ContainerReportHandler (ContainerReportHandler.java:processSingleReplica(231)) - Failed to process Container #10 (CLOSING, sid=179) r0 (CLOSED, bcsid=179, origin=11776e6b-d53e-4cdc-a879-730cb763d81d, non-empty) from dn 11776e6b-d53e-4cdc-a879-730cb763d81d(localhost/127.0.0.1)
org.apache.hadoop.hdds.scm.exceptions.SCMException: org.apache.ratis.protocol.exceptions.NotLeaderException: Server e9f0a7df-dfca-4eba-a7d3-db47f637b57c@group-0EF9E94BB6A3 is not the leader, suggested leader is: d608cca7-8f6c-485f-afd6-2c7e3558bc9e|localhost:15003
	at org.apache.hadoop.hdds.scm.ha.SCMHAInvocationHandler.translateException(SCMHAInvocationHandler.java:163)
	at org.apache.hadoop.hdds.scm.ha.SCMHAInvocationHandler.invokeRatis(SCMHAInvocationHandler.java:113)
	at org.apache.hadoop.hdds.scm.ha.SCMHAInvocationHandler.invoke(SCMHAInvocationHandler.java:72)
	at jdk.proxy2/jdk.proxy2.$Proxy48.updateContainerState(Unknown Source)
	at org.apache.hadoop.hdds.scm.container.ContainerManagerImpl.updateContainerState(ContainerManagerImpl.java:284)
	at org.apache.hadoop.hdds.scm.container.AbstractContainerReportHandler.updateContainerState(AbstractContainerReportHandler.java:290)
	at org.apache.hadoop.hdds.scm.container.AbstractContainerReportHandler.processContainerReplica(AbstractContainerReportHandler.java:115)
	at org.apache.hadoop.hdds.scm.container.ContainerReportHandler.processSingleReplica(ContainerReportHandler.java:229)
	at org.apache.hadoop.hdds.scm.container.ContainerReportHandler.onMessage(ContainerReportHandler.java:181)
	at org.apache.hadoop.hdds.scm.container.ContainerReportHandler.onMessage(ContainerReportHandler.java:44)
	at org.apache.hadoop.hdds.server.events.FixedThreadPoolWithAffinityExecutor$ContainerReportProcessTask.run(FixedThreadPoolWithAffinityExecutor.java:257)
	at java.base/java.util.concurrent.Executors$RunnableAdapter.call(Executors.java:572)
	at java.base/java.util.concurrent.FutureTask.run(FutureTask.java:317)
	at java.base/java.util.concurrent.ThreadPoolExecutor.runWorker(ThreadPoolExecutor.java:1144)
	at java.base/java.util.concurrent.ThreadPoolExecutor$Worker.run(ThreadPoolExecutor.java:642)
	at java.base/java.lang.Thread.run(Thread.java:1583)
Caused by: org.apache.ratis.protocol.exceptions.NotLeaderException: Server e9f0a7df-dfca-4eba-a7d3-db47f637b57c@group-0EF9E94BB6A3 is not the leader, suggested leader is: d608cca7-8f6c-485f-afd6-2c7e3558bc9e|localhost:15003
	at org.apache.ratis.server.impl.RaftServerImpl.generateNotLeaderException(RaftServerImpl.java:804)
	at org.apache.ratis.server.impl.RaftServerImpl.checkLeaderState(RaftServerImpl.java:769)
	at org.apache.ratis.server.impl.RaftServerImpl.checkLeaderState(RaftServerImpl.java:755)
	at org.apache.ratis.server.impl.RaftServerImpl.writeAsyncImpl(RaftServerImpl.java:972)
	at org.apache.ratis.server.impl.RaftServerImpl.writeAsync(RaftServerImpl.java:960)
	at org.apache.ratis.server.impl.RaftServerImpl.replyFuture(RaftServerImpl.java:953)
	at org.apache.ratis.server.impl.RaftServerImpl.submitClientRequestAsync(RaftServerImpl.java:930)
	at org.apache.ratis.server.impl.RaftServerImpl.lambda$null$11(RaftServerImpl.java:919)
	at org.apache.ratis.util.JavaUtils.callAsUnchecked(JavaUtils.java:118)
	at org.apache.ratis.server.impl.RaftServerImpl.lambda$executeSubmitClientRequestAsync$12(RaftServerImpl.java:919)
	at java.base/java.util.concurrent.CompletableFuture$AsyncSupply.run(CompletableFuture.java:1768)
	... 3 more
2025-07-05 15:55:08,644 [scmNode-2-FixedThreadPoolWithAffinityExecutor-0-0] INFO  container.ContainerReportHandler (AbstractContainerReportHandler.java:updateContainerState(289)) - CLOSE Container #10 (CLOSING, sid=179) r0 (CLOSED, bcsid=179, origin=11776e6b-d53e-4cdc-a879-730cb763d81d, non-empty) from dn 11776e6b-d53e-4cdc-a879-730cb763d81d(localhost/127.0.0.1)
2025-07-05 15:55:08,645 [scmNode-2-FixedThreadPoolWithAffinityExecutor-0-0] ERROR container.ContainerReportHandler (ContainerReportHandler.java:processSingleReplica(231)) - Failed to process Container #10 (CLOSING, sid=179) r0 (CLOSED, bcsid=179, origin=11776e6b-d53e-4cdc-a879-730cb763d81d, non-empty) from dn 11776e6b-d53e-4cdc-a879-730cb763d81d(localhost/127.0.0.1)
org.apache.hadoop.hdds.scm.exceptions.SCMException: org.apache.ratis.protocol.exceptions.NotLeaderException: Server 2d344aaf-3adb-4590-a8db-0ff637af21a8@group-0EF9E94BB6A3 is not the leader, suggested leader is: d608cca7-8f6c-485f-afd6-2c7e3558bc9e|localhost:15003
	at org.apache.hadoop.hdds.scm.ha.SCMHAInvocationHandler.translateException(SCMHAInvocationHandler.java:163)
	at org.apache.hadoop.hdds.scm.ha.SCMHAInvocationHandler.invokeRatis(SCMHAInvocationHandler.java:113)
	at org.apache.hadoop.hdds.scm.ha.SCMHAInvocationHandler.invoke(SCMHAInvocationHandler.java:72)
	at jdk.proxy2/jdk.proxy2.$Proxy48.updateContainerState(Unknown Source)
	at org.apache.hadoop.hdds.scm.container.ContainerManagerImpl.updateContainerState(ContainerManagerImpl.java:284)
	at org.apache.hadoop.hdds.scm.container.AbstractContainerReportHandler.updateContainerState(AbstractContainerReportHandler.java:290)
	at org.apache.hadoop.hdds.scm.container.AbstractContainerReportHandler.processContainerReplica(AbstractContainerReportHandler.java:115)
	at org.apache.hadoop.hdds.scm.container.ContainerReportHandler.processSingleReplica(ContainerReportHandler.java:229)
	at org.apache.hadoop.hdds.scm.container.ContainerReportHandler.onMessage(ContainerReportHandler.java:181)
	at org.apache.hadoop.hdds.scm.container.ContainerReportHandler.onMessage(ContainerReportHandler.java:44)
	at org.apache.hadoop.hdds.server.events.FixedThreadPoolWithAffinityExecutor$ContainerReportProcessTask.run(FixedThreadPoolWithAffinityExecutor.java:257)
	at java.base/java.util.concurrent.Executors$RunnableAdapter.call(Executors.java:572)
	at java.base/java.util.concurrent.FutureTask.run(FutureTask.java:317)
	at java.base/java.util.concurrent.ThreadPoolExecutor.runWorker(ThreadPoolExecutor.java:1144)
	at java.base/java.util.concurrent.ThreadPoolExecutor$Worker.run(ThreadPoolExecutor.java:642)
	at java.base/java.lang.Thread.run(Thread.java:1583)
Caused by: org.apache.ratis.protocol.exceptions.NotLeaderException: Server 2d344aaf-3adb-4590-a8db-0ff637af21a8@group-0EF9E94BB6A3 is not the leader, suggested leader is: d608cca7-8f6c-485f-afd6-2c7e3558bc9e|localhost:15003
	at org.apache.ratis.server.impl.RaftServerImpl.generateNotLeaderException(RaftServerImpl.java:804)
	at org.apache.ratis.server.impl.RaftServerImpl.checkLeaderState(RaftServerImpl.java:769)
	at org.apache.ratis.server.impl.RaftServerImpl.checkLeaderState(RaftServerImpl.java:755)
	at org.apache.ratis.server.impl.RaftServerImpl.writeAsyncImpl(RaftServerImpl.java:972)
	at org.apache.ratis.server.impl.RaftServerImpl.writeAsync(RaftServerImpl.java:960)
	at org.apache.ratis.server.impl.RaftServerImpl.replyFuture(RaftServerImpl.java:953)
	at org.apache.ratis.server.impl.RaftServerImpl.submitClientRequestAsync(RaftServerImpl.java:930)
	at org.apache.ratis.server.impl.RaftServerImpl.lambda$null$11(RaftServerImpl.java:919)
	at org.apache.ratis.util.JavaUtils.callAsUnchecked(JavaUtils.java:118)
	at org.apache.ratis.server.impl.RaftServerImpl.lambda$executeSubmitClientRequestAsync$12(RaftServerImpl.java:919)
	at java.base/java.util.concurrent.CompletableFuture$AsyncSupply.run(CompletableFuture.java:1768)
	... 3 more
]]></system-out>
  </testcase>
  <testcase name="testDataChecksumReportedAtSCM" classname="org.apache.hadoop.ozone.dn.checksum.TestContainerCommandReconciliation" time="6.442">
    <failure message="expected: &lt;3&gt; but was: &lt;1&gt;" type="org.opentest4j.AssertionFailedError"><![CDATA[org.opentest4j.AssertionFailedError: expected: <3> but was: <1>
	at org.junit.jupiter.api.AssertionFailureBuilder.build(AssertionFailureBuilder.java:151)
	at org.junit.jupiter.api.AssertionFailureBuilder.buildAndThrow(AssertionFailureBuilder.java:132)
	at org.junit.jupiter.api.AssertEquals.failNotEqual(AssertEquals.java:197)
	at org.junit.jupiter.api.AssertEquals.assertEquals(AssertEquals.java:150)
	at org.junit.jupiter.api.AssertEquals.assertEquals(AssertEquals.java:145)
	at org.junit.jupiter.api.Assertions.assertEquals(Assertions.java:531)
	at org.apache.hadoop.ozone.dn.checksum.TestContainerCommandReconciliation.testDataChecksumReportedAtSCM(TestContainerCommandReconciliation.java:471)
	at java.base/java.lang.reflect.Method.invoke(Method.java:580)
	at java.base/java.util.ArrayList.forEach(ArrayList.java:1596)
	at java.base/java.util.ArrayList.forEach(ArrayList.java:1596)
]]></failure>
    <system-out><![CDATA[2025-07-05 15:55:09,651 [main] INFO  rpc.RpcClient (RpcClient.java:createVolume(461)) - Creating Volume: c764baf7-308d-4fef-80e6-1ee6cf18a0d3, with scm as owner and space quota set to -1 bytes, counts quota set to -1
2025-07-05 15:55:09,654 [om1-OMStateMachineApplyTransactionThread - 0] WARN  helpers.OzoneAclUtil (OzoneAclUtil.java:getDefaultAclList(68)) - Failed to get primary group from user scm (auth:SIMPLE)
2025-07-05 15:55:09,654 [om1-OMStateMachineApplyTransactionThread - 0] INFO  volume.OMVolumeCreateRequest (OMVolumeCreateRequest.java:validateAndUpdateCache(203)) - created volume:c764baf7-308d-4fef-80e6-1ee6cf18a0d3 for user:scm
2025-07-05 15:55:09,657 [main] INFO  rpc.RpcClient (RpcClient.java:createBucket(686)) - Creating Bucket: c764baf7-308d-4fef-80e6-1ee6cf18a0d3/4e440aaf-d8d7-483a-9c36-4adbd3955dd7, with server-side default bucket layout, scm as owner, Versioning false, Storage Type set to DISK and Encryption set to false, Replication Type set to server-side default replication type, Namespace Quota set to -1, Space Quota set to -1 
2025-07-05 15:55:09,658 [om1-OMStateMachineApplyTransactionThread - 0] WARN  helpers.OzoneAclUtil (OzoneAclUtil.java:getDefaultAclList(68)) - Failed to get primary group from user scm/localhost@EXAMPLE.COM (auth:SIMPLE)
2025-07-05 15:55:09,659 [om1-OMStateMachineApplyTransactionThread - 0] INFO  bucket.OMBucketCreateRequest (OMBucketCreateRequest.java:validateAndUpdateCache(292)) - created bucket: 4e440aaf-d8d7-483a-9c36-4adbd3955dd7 of layout FILE_SYSTEM_OPTIMIZED in volume: c764baf7-308d-4fef-80e6-1ee6cf18a0d3
2025-07-05 15:55:10,039 [om1-OMStateMachineApplyTransactionThread - 0] WARN  helpers.OzoneAclUtil (OzoneAclUtil.java:getDefaultAclList(68)) - Failed to get primary group from user scm/localhost@EXAMPLE.COM (auth:SIMPLE)
2025-07-05 15:55:10,054 [11776e6b-d53e-4cdc-a879-730cb763d81d-ChunkWriter-3-0] WARN  statemachine.DatanodeConfiguration (DatanodeConfiguration.java:validateMinFreeSpace(751)) - hdds.datanode.volume.min.free.space.percent = -1.0 is invalid, should be between 0 and 1
2025-07-05 15:55:10,057 [11776e6b-d53e-4cdc-a879-730cb763d81d-ChunkWriter-3-0] WARN  statemachine.DatanodeConfiguration (DatanodeConfiguration.java:validateMinFreeSpace(751)) - hdds.datanode.volume.min.free.space.percent = -1.0 is invalid, should be between 0 and 1
2025-07-05 15:55:10,058 [b30b3ffb-bc08-4f2c-b590-0aeed9816472-ChunkWriter-3-0] WARN  statemachine.DatanodeConfiguration (DatanodeConfiguration.java:validateMinFreeSpace(751)) - hdds.datanode.volume.min.free.space.percent = -1.0 is invalid, should be between 0 and 1
2025-07-05 15:55:10,059 [0584da7b-3980-4d20-b3ba-d97c117b17a2-ChunkWriter-3-0] WARN  statemachine.DatanodeConfiguration (DatanodeConfiguration.java:validateMinFreeSpace(751)) - hdds.datanode.volume.min.free.space.percent = -1.0 is invalid, should be between 0 and 1
2025-07-05 15:55:10,059 [0584da7b-3980-4d20-b3ba-d97c117b17a2-ChunkWriter-3-0] WARN  statemachine.DatanodeConfiguration (DatanodeConfiguration.java:validateMinFreeSpace(751)) - hdds.datanode.volume.min.free.space.percent = -1.0 is invalid, should be between 0 and 1
2025-07-05 15:55:10,059 [b30b3ffb-bc08-4f2c-b590-0aeed9816472-ChunkWriter-3-0] WARN  statemachine.DatanodeConfiguration (DatanodeConfiguration.java:validateMinFreeSpace(751)) - hdds.datanode.volume.min.free.space.percent = -1.0 is invalid, should be between 0 and 1
2025-07-05 15:55:10,069 [scmNode-3-FixedThreadPoolWithAffinityExecutor-1-0] WARN  container.IncrementalContainerReportHandler (IncrementalContainerReportHandler.java:processICR(109)) - Container not found: Container #11 (NOT_FOUND) r0 (OPEN, bcsid=0, origin=0584da7b-3980-4d20-b3ba-d97c117b17a2, non-empty) from dn 0584da7b-3980-4d20-b3ba-d97c117b17a2(localhost/127.0.0.1)
2025-07-05 15:55:10,071 [scmNode-2-FixedThreadPoolWithAffinityExecutor-0-0] WARN  container.IncrementalContainerReportHandler (IncrementalContainerReportHandler.java:processICR(109)) - Container not found: Container #11 (NOT_FOUND) r0 (OPEN, bcsid=0, origin=11776e6b-d53e-4cdc-a879-730cb763d81d, non-empty) from dn 11776e6b-d53e-4cdc-a879-730cb763d81d(localhost/127.0.0.1)
2025-07-05 15:55:10,071 [scmNode-2-FixedThreadPoolWithAffinityExecutor-1-0] WARN  container.IncrementalContainerReportHandler (IncrementalContainerReportHandler.java:processICR(109)) - Container not found: Container #11 (NOT_FOUND) r0 (OPEN, bcsid=0, origin=0584da7b-3980-4d20-b3ba-d97c117b17a2, non-empty) from dn 0584da7b-3980-4d20-b3ba-d97c117b17a2(localhost/127.0.0.1)
2025-07-05 15:55:10,071 [scmNode-2-FixedThreadPoolWithAffinityExecutor-9-0] WARN  container.IncrementalContainerReportHandler (IncrementalContainerReportHandler.java:processICR(109)) - Container not found: Container #11 (NOT_FOUND) r0 (OPEN, bcsid=0, origin=b30b3ffb-bc08-4f2c-b590-0aeed9816472, non-empty) from dn b30b3ffb-bc08-4f2c-b590-0aeed9816472(localhost/127.0.0.1)
2025-07-05 15:55:10,072 [scmNode-3-FixedThreadPoolWithAffinityExecutor-0-0] WARN  container.IncrementalContainerReportHandler (IncrementalContainerReportHandler.java:processICR(109)) - Container not found: Container #11 (NOT_FOUND) r0 (OPEN, bcsid=0, origin=11776e6b-d53e-4cdc-a879-730cb763d81d, non-empty) from dn 11776e6b-d53e-4cdc-a879-730cb763d81d(localhost/127.0.0.1)
2025-07-05 15:55:10,072 [scmNode-3-FixedThreadPoolWithAffinityExecutor-9-0] WARN  container.IncrementalContainerReportHandler (IncrementalContainerReportHandler.java:processICR(109)) - Container not found: Container #11 (NOT_FOUND) r0 (OPEN, bcsid=0, origin=b30b3ffb-bc08-4f2c-b590-0aeed9816472, non-empty) from dn b30b3ffb-bc08-4f2c-b590-0aeed9816472(localhost/127.0.0.1)
2025-07-05 15:55:10,586 [scmNode-1-EventQueue-CloseContainerForCloseContainerEventHandler] INFO  container.CloseContainerEventHandler (CloseContainerEventHandler.java:onMessage(88)) - Close container Event triggered for container : #11, current state: OPEN
2025-07-05 15:55:10,589 [scmNode-1-EventQueue-CloseContainerForCloseContainerEventHandler] INFO  container.CloseContainerEventHandler (CloseContainerEventHandler.java:onMessage(88)) - Close container Event triggered for container : #11, current state: CLOSING
2025-07-05 15:55:10,590 [scmNode-1-EventQueue-CloseContainerForCloseContainerEventHandler] INFO  container.CloseContainerEventHandler (CloseContainerEventHandler.java:onMessage(88)) - Close container Event triggered for container : #11, current state: CLOSING
2025-07-05 15:55:13,075 [11776e6b-d53e-4cdc-a879-730cb763d81d-CloseContainerThread-1] WARN  keyvalue.KeyValueHandler (KeyValueHandler.java:updateAndGetContainerChecksum(1451)) - Container data checksum updated from 0 to 6460df13
2025-07-05 15:55:13,075 [0584da7b-3980-4d20-b3ba-d97c117b17a2-CloseContainerThread-1] WARN  keyvalue.KeyValueHandler (KeyValueHandler.java:updateAndGetContainerChecksum(1451)) - Container data checksum updated from 0 to 6460df13
2025-07-05 15:55:13,076 [0584da7b-3980-4d20-b3ba-d97c117b17a2-CloseContainerThread-1] INFO  commandhandler.CloseContainerCommandHandler (CloseContainerCommandHandler.java:lambda$handle$0(154)) - Follower cannot close container #11.
2025-07-05 15:55:13,077 [scmNode-2-FixedThreadPoolWithAffinityExecutor-1-0] INFO  container.IncrementalContainerReportHandler (AbstractContainerReportHandler.java:updateContainerState(253)) - FINALIZE (i.e. CLOSING) Container #11 (OPEN, sid=252) r0 (CLOSING, bcsid=252, origin=0584da7b-3980-4d20-b3ba-d97c117b17a2, non-empty) from dn 0584da7b-3980-4d20-b3ba-d97c117b17a2(localhost/127.0.0.1)
2025-07-05 15:55:13,079 [scmNode-3-FixedThreadPoolWithAffinityExecutor-1-0] INFO  container.IncrementalContainerReportHandler (AbstractContainerReportHandler.java:updateContainerState(253)) - FINALIZE (i.e. CLOSING) Container #11 (OPEN, sid=252) r0 (CLOSING, bcsid=252, origin=0584da7b-3980-4d20-b3ba-d97c117b17a2, non-empty) from dn 0584da7b-3980-4d20-b3ba-d97c117b17a2(localhost/127.0.0.1)
2025-07-05 15:55:13,080 [scmNode-2-FixedThreadPoolWithAffinityExecutor-1-0] INFO  container.IncrementalContainerReportHandler (IncrementalContainerReportHandler.java:processICR(116)) - SCM_NOT_LEADER: Failed to process Container #11 (OPEN, sid=252) r0 (CLOSING, bcsid=252, origin=0584da7b-3980-4d20-b3ba-d97c117b17a2, non-empty) from dn 0584da7b-3980-4d20-b3ba-d97c117b17a2(localhost/127.0.0.1)
2025-07-05 15:55:13,080 [scmNode-3-FixedThreadPoolWithAffinityExecutor-1-0] INFO  container.IncrementalContainerReportHandler (IncrementalContainerReportHandler.java:processICR(116)) - SCM_NOT_LEADER: Failed to process Container #11 (OPEN, sid=252) r0 (CLOSING, bcsid=252, origin=0584da7b-3980-4d20-b3ba-d97c117b17a2, non-empty) from dn 0584da7b-3980-4d20-b3ba-d97c117b17a2(localhost/127.0.0.1)
2025-07-05 15:55:13,080 [scmNode-2-FixedThreadPoolWithAffinityExecutor-0-0] INFO  container.IncrementalContainerReportHandler (AbstractContainerReportHandler.java:updateContainerState(253)) - FINALIZE (i.e. CLOSING) Container #11 (OPEN, sid=252) r0 (CLOSING, bcsid=252, origin=11776e6b-d53e-4cdc-a879-730cb763d81d, non-empty) from dn 11776e6b-d53e-4cdc-a879-730cb763d81d(localhost/127.0.0.1)
2025-07-05 15:55:13,081 [11776e6b-d53e-4cdc-a879-730cb763d81d-ContainerOp-0c5972bd-f91c-4346-a54b-a3ec0edc4b3b-4] INFO  keyvalue.KeyValueContainer (KeyValueContainer.java:flushAndSyncDB(514)) - Synced container: KeyValueContainerData #11 (CLOSING, non-empty, ri=0, origin=[dn_11776e6b-d53e-4cdc-a879-730cb763d81d, pipeline_0c5972bd-f91c-4346-a54b-a3ec0edc4b3b])
2025-07-05 15:55:13,081 [11776e6b-d53e-4cdc-a879-730cb763d81d-ContainerOp-0c5972bd-f91c-4346-a54b-a3ec0edc4b3b-4] INFO  keyvalue.KeyValueContainer (KeyValueContainer.java:flushAndSyncDB(514)) - Synced container: KeyValueContainerData #11 (CLOSING, non-empty, ri=0, origin=[dn_11776e6b-d53e-4cdc-a879-730cb763d81d, pipeline_0c5972bd-f91c-4346-a54b-a3ec0edc4b3b])
2025-07-05 15:55:13,081 [scmNode-2-FixedThreadPoolWithAffinityExecutor-0-0] INFO  container.IncrementalContainerReportHandler (IncrementalContainerReportHandler.java:processICR(116)) - SCM_NOT_LEADER: Failed to process Container #11 (OPEN, sid=252) r0 (CLOSING, bcsid=252, origin=11776e6b-d53e-4cdc-a879-730cb763d81d, non-empty) from dn 11776e6b-d53e-4cdc-a879-730cb763d81d(localhost/127.0.0.1)
2025-07-05 15:55:13,081 [scmNode-3-FixedThreadPoolWithAffinityExecutor-0-0] INFO  container.IncrementalContainerReportHandler (AbstractContainerReportHandler.java:updateContainerState(253)) - FINALIZE (i.e. CLOSING) Container #11 (OPEN, sid=252) r0 (CLOSING, bcsid=252, origin=11776e6b-d53e-4cdc-a879-730cb763d81d, non-empty) from dn 11776e6b-d53e-4cdc-a879-730cb763d81d(localhost/127.0.0.1)
2025-07-05 15:55:13,082 [scmNode-3-FixedThreadPoolWithAffinityExecutor-0-0] INFO  container.IncrementalContainerReportHandler (IncrementalContainerReportHandler.java:processICR(116)) - SCM_NOT_LEADER: Failed to process Container #11 (OPEN, sid=252) r0 (CLOSING, bcsid=252, origin=11776e6b-d53e-4cdc-a879-730cb763d81d, non-empty) from dn 11776e6b-d53e-4cdc-a879-730cb763d81d(localhost/127.0.0.1)
2025-07-05 15:55:13,082 [scmNode-3-FixedThreadPoolWithAffinityExecutor-0-0] INFO  container.IncrementalContainerReportHandler (AbstractContainerReportHandler.java:updateContainerState(253)) - FINALIZE (i.e. CLOSING) Container #11 (OPEN, sid=252) r0 (CLOSING, bcsid=252, origin=11776e6b-d53e-4cdc-a879-730cb763d81d, non-empty) from dn 11776e6b-d53e-4cdc-a879-730cb763d81d(localhost/127.0.0.1)
2025-07-05 15:55:13,082 [scmNode-2-FixedThreadPoolWithAffinityExecutor-0-0] INFO  container.IncrementalContainerReportHandler (AbstractContainerReportHandler.java:updateContainerState(253)) - FINALIZE (i.e. CLOSING) Container #11 (OPEN, sid=252) r0 (CLOSING, bcsid=252, origin=11776e6b-d53e-4cdc-a879-730cb763d81d, non-empty) from dn 11776e6b-d53e-4cdc-a879-730cb763d81d(localhost/127.0.0.1)
2025-07-05 15:55:13,083 [scmNode-2-FixedThreadPoolWithAffinityExecutor-0-0] INFO  container.IncrementalContainerReportHandler (IncrementalContainerReportHandler.java:processICR(116)) - SCM_NOT_LEADER: Failed to process Container #11 (OPEN, sid=252) r0 (CLOSING, bcsid=252, origin=11776e6b-d53e-4cdc-a879-730cb763d81d, non-empty) from dn 11776e6b-d53e-4cdc-a879-730cb763d81d(localhost/127.0.0.1)
2025-07-05 15:55:13,083 [scmNode-2-FixedThreadPoolWithAffinityExecutor-1-0] INFO  container.IncrementalContainerReportHandler (AbstractContainerReportHandler.java:updateContainerState(253)) - FINALIZE (i.e. CLOSING) Container #11 (OPEN, sid=252) r0 (CLOSING, bcsid=252, origin=0584da7b-3980-4d20-b3ba-d97c117b17a2, non-empty) from dn 0584da7b-3980-4d20-b3ba-d97c117b17a2(localhost/127.0.0.1)
2025-07-05 15:55:13,083 [0584da7b-3980-4d20-b3ba-d97c117b17a2-ContainerOp-0c5972bd-f91c-4346-a54b-a3ec0edc4b3b-4] INFO  keyvalue.KeyValueContainer (KeyValueContainer.java:flushAndSyncDB(514)) - Synced container: KeyValueContainerData #11 (CLOSING, non-empty, ri=0, origin=[dn_0584da7b-3980-4d20-b3ba-d97c117b17a2, pipeline_0c5972bd-f91c-4346-a54b-a3ec0edc4b3b])
2025-07-05 15:55:13,083 [0584da7b-3980-4d20-b3ba-d97c117b17a2-ContainerOp-0c5972bd-f91c-4346-a54b-a3ec0edc4b3b-4] INFO  keyvalue.KeyValueContainer (KeyValueContainer.java:flushAndSyncDB(514)) - Synced container: KeyValueContainerData #11 (CLOSING, non-empty, ri=0, origin=[dn_0584da7b-3980-4d20-b3ba-d97c117b17a2, pipeline_0c5972bd-f91c-4346-a54b-a3ec0edc4b3b])
2025-07-05 15:55:13,085 [scmNode-2-FixedThreadPoolWithAffinityExecutor-1-0] INFO  container.IncrementalContainerReportHandler (IncrementalContainerReportHandler.java:processICR(116)) - SCM_NOT_LEADER: Failed to process Container #11 (OPEN, sid=252) r0 (CLOSING, bcsid=252, origin=0584da7b-3980-4d20-b3ba-d97c117b17a2, non-empty) from dn 0584da7b-3980-4d20-b3ba-d97c117b17a2(localhost/127.0.0.1)
2025-07-05 15:55:13,086 [scmNode-3-FixedThreadPoolWithAffinityExecutor-0-0] INFO  container.IncrementalContainerReportHandler (IncrementalContainerReportHandler.java:processICR(116)) - SCM_NOT_LEADER: Failed to process Container #11 (OPEN, sid=252) r0 (CLOSING, bcsid=252, origin=11776e6b-d53e-4cdc-a879-730cb763d81d, non-empty) from dn 11776e6b-d53e-4cdc-a879-730cb763d81d(localhost/127.0.0.1)
2025-07-05 15:55:13,087 [scmNode-3-FixedThreadPoolWithAffinityExecutor-1-0] INFO  container.IncrementalContainerReportHandler (AbstractContainerReportHandler.java:updateContainerState(253)) - FINALIZE (i.e. CLOSING) Container #11 (OPEN, sid=252) r0 (CLOSING, bcsid=252, origin=0584da7b-3980-4d20-b3ba-d97c117b17a2, non-empty) from dn 0584da7b-3980-4d20-b3ba-d97c117b17a2(localhost/127.0.0.1)
2025-07-05 15:55:13,087 [11776e6b-d53e-4cdc-a879-730cb763d81d-ContainerOp-0c5972bd-f91c-4346-a54b-a3ec0edc4b3b-4] INFO  keyvalue.KeyValueContainer (KeyValueContainer.java:close(430)) - Closed container: KeyValueContainerData #11 (CLOSED, non-empty, ri=0, origin=[dn_11776e6b-d53e-4cdc-a879-730cb763d81d, pipeline_0c5972bd-f91c-4346-a54b-a3ec0edc4b3b])
2025-07-05 15:55:13,087 [scmNode-3-FixedThreadPoolWithAffinityExecutor-1-0] INFO  container.IncrementalContainerReportHandler (IncrementalContainerReportHandler.java:processICR(116)) - SCM_NOT_LEADER: Failed to process Container #11 (OPEN, sid=252) r0 (CLOSING, bcsid=252, origin=0584da7b-3980-4d20-b3ba-d97c117b17a2, non-empty) from dn 0584da7b-3980-4d20-b3ba-d97c117b17a2(localhost/127.0.0.1)
2025-07-05 15:55:13,089 [scmNode-1-FixedThreadPoolWithAffinityExecutor-0-0] INFO  container.IncrementalContainerReportHandler (AbstractContainerReportHandler.java:updateContainerState(289)) - CLOSE Container #11 (CLOSING, sid=252) r0 (CLOSED, bcsid=252, origin=11776e6b-d53e-4cdc-a879-730cb763d81d, non-empty) from dn 11776e6b-d53e-4cdc-a879-730cb763d81d(localhost/127.0.0.1)
2025-07-05 15:55:13,089 [0584da7b-3980-4d20-b3ba-d97c117b17a2-ContainerOp-0c5972bd-f91c-4346-a54b-a3ec0edc4b3b-4] INFO  keyvalue.KeyValueContainer (KeyValueContainer.java:close(430)) - Closed container: KeyValueContainerData #11 (CLOSED, non-empty, ri=0, origin=[dn_0584da7b-3980-4d20-b3ba-d97c117b17a2, pipeline_0c5972bd-f91c-4346-a54b-a3ec0edc4b3b])
2025-07-05 15:55:13,089 [scmNode-3-FixedThreadPoolWithAffinityExecutor-0-0] INFO  container.IncrementalContainerReportHandler (AbstractContainerReportHandler.java:updateContainerState(253)) - FINALIZE (i.e. CLOSING) Container #11 (OPEN, sid=252) r0 (CLOSED, bcsid=252, origin=11776e6b-d53e-4cdc-a879-730cb763d81d, non-empty) from dn 11776e6b-d53e-4cdc-a879-730cb763d81d(localhost/127.0.0.1)
2025-07-05 15:55:13,090 [scmNode-2-FixedThreadPoolWithAffinityExecutor-0-0] INFO  container.IncrementalContainerReportHandler (AbstractContainerReportHandler.java:updateContainerState(253)) - FINALIZE (i.e. CLOSING) Container #11 (OPEN, sid=252) r0 (CLOSED, bcsid=252, origin=11776e6b-d53e-4cdc-a879-730cb763d81d, non-empty) from dn 11776e6b-d53e-4cdc-a879-730cb763d81d(localhost/127.0.0.1)
2025-07-05 15:55:13,090 [scmNode-2-FixedThreadPoolWithAffinityExecutor-0-0] INFO  container.IncrementalContainerReportHandler (IncrementalContainerReportHandler.java:processICR(116)) - SCM_NOT_LEADER: Failed to process Container #11 (OPEN, sid=252) r0 (CLOSED, bcsid=252, origin=11776e6b-d53e-4cdc-a879-730cb763d81d, non-empty) from dn 11776e6b-d53e-4cdc-a879-730cb763d81d(localhost/127.0.0.1)
2025-07-05 15:55:13,091 [scmNode-3-FixedThreadPoolWithAffinityExecutor-1-0] INFO  container.IncrementalContainerReportHandler (AbstractContainerReportHandler.java:updateContainerState(253)) - FINALIZE (i.e. CLOSING) Container #11 (OPEN, sid=252) r0 (CLOSED, bcsid=252, origin=0584da7b-3980-4d20-b3ba-d97c117b17a2, non-empty) from dn 0584da7b-3980-4d20-b3ba-d97c117b17a2(localhost/127.0.0.1)
2025-07-05 15:55:13,091 [scmNode-3-FixedThreadPoolWithAffinityExecutor-0-0] INFO  container.IncrementalContainerReportHandler (IncrementalContainerReportHandler.java:processICR(116)) - SCM_NOT_LEADER: Failed to process Container #11 (OPEN, sid=252) r0 (CLOSED, bcsid=252, origin=11776e6b-d53e-4cdc-a879-730cb763d81d, non-empty) from dn 11776e6b-d53e-4cdc-a879-730cb763d81d(localhost/127.0.0.1)
2025-07-05 15:55:13,091 [scmNode-2-FixedThreadPoolWithAffinityExecutor-1-0] INFO  container.IncrementalContainerReportHandler (AbstractContainerReportHandler.java:updateContainerState(253)) - FINALIZE (i.e. CLOSING) Container #11 (OPEN, sid=252) r0 (CLOSED, bcsid=252, origin=0584da7b-3980-4d20-b3ba-d97c117b17a2, non-empty) from dn 0584da7b-3980-4d20-b3ba-d97c117b17a2(localhost/127.0.0.1)
2025-07-05 15:55:13,092 [scmNode-2-FixedThreadPoolWithAffinityExecutor-1-0] INFO  container.IncrementalContainerReportHandler (IncrementalContainerReportHandler.java:processICR(116)) - SCM_NOT_LEADER: Failed to process Container #11 (OPEN, sid=252) r0 (CLOSED, bcsid=252, origin=0584da7b-3980-4d20-b3ba-d97c117b17a2, non-empty) from dn 0584da7b-3980-4d20-b3ba-d97c117b17a2(localhost/127.0.0.1)
2025-07-05 15:55:13,092 [scmNode-3-FixedThreadPoolWithAffinityExecutor-1-0] INFO  container.IncrementalContainerReportHandler (IncrementalContainerReportHandler.java:processICR(116)) - SCM_NOT_LEADER: Failed to process Container #11 (OPEN, sid=252) r0 (CLOSED, bcsid=252, origin=0584da7b-3980-4d20-b3ba-d97c117b17a2, non-empty) from dn 0584da7b-3980-4d20-b3ba-d97c117b17a2(localhost/127.0.0.1)
2025-07-05 15:55:13,092 [b30b3ffb-bc08-4f2c-b590-0aeed9816472-ContainerOp-0c5972bd-f91c-4346-a54b-a3ec0edc4b3b-4] WARN  keyvalue.KeyValueHandler (KeyValueHandler.java:updateAndGetContainerChecksum(1451)) - Container data checksum updated from 0 to 6460df13
2025-07-05 15:55:13,094 [b30b3ffb-bc08-4f2c-b590-0aeed9816472-ContainerOp-0c5972bd-f91c-4346-a54b-a3ec0edc4b3b-4] INFO  keyvalue.KeyValueContainer (KeyValueContainer.java:flushAndSyncDB(514)) - Synced container: KeyValueContainerData #11 (CLOSING, non-empty, ri=0, origin=[dn_b30b3ffb-bc08-4f2c-b590-0aeed9816472, pipeline_0c5972bd-f91c-4346-a54b-a3ec0edc4b3b])
2025-07-05 15:55:13,094 [b30b3ffb-bc08-4f2c-b590-0aeed9816472-ContainerOp-0c5972bd-f91c-4346-a54b-a3ec0edc4b3b-4] INFO  keyvalue.KeyValueContainer (KeyValueContainer.java:flushAndSyncDB(514)) - Synced container: KeyValueContainerData #11 (CLOSING, non-empty, ri=0, origin=[dn_b30b3ffb-bc08-4f2c-b590-0aeed9816472, pipeline_0c5972bd-f91c-4346-a54b-a3ec0edc4b3b])
2025-07-05 15:55:13,098 [b30b3ffb-bc08-4f2c-b590-0aeed9816472-ContainerOp-0c5972bd-f91c-4346-a54b-a3ec0edc4b3b-4] INFO  keyvalue.KeyValueContainer (KeyValueContainer.java:close(430)) - Closed container: KeyValueContainerData #11 (CLOSED, non-empty, ri=0, origin=[dn_b30b3ffb-bc08-4f2c-b590-0aeed9816472, pipeline_0c5972bd-f91c-4346-a54b-a3ec0edc4b3b])
2025-07-05 15:55:13,099 [scmNode-3-FixedThreadPoolWithAffinityExecutor-9-0] INFO  container.IncrementalContainerReportHandler (AbstractContainerReportHandler.java:updateContainerState(289)) - CLOSE Container #11 (CLOSING, sid=252) r0 (CLOSED, bcsid=252, origin=b30b3ffb-bc08-4f2c-b590-0aeed9816472, non-empty) from dn b30b3ffb-bc08-4f2c-b590-0aeed9816472(localhost/127.0.0.1)
2025-07-05 15:55:13,100 [scmNode-2-FixedThreadPoolWithAffinityExecutor-9-0] INFO  container.IncrementalContainerReportHandler (AbstractContainerReportHandler.java:updateContainerState(289)) - CLOSE Container #11 (CLOSING, sid=252) r0 (CLOSED, bcsid=252, origin=b30b3ffb-bc08-4f2c-b590-0aeed9816472, non-empty) from dn b30b3ffb-bc08-4f2c-b590-0aeed9816472(localhost/127.0.0.1)
2025-07-05 15:55:13,100 [scmNode-3-FixedThreadPoolWithAffinityExecutor-9-0] INFO  container.IncrementalContainerReportHandler (IncrementalContainerReportHandler.java:processICR(116)) - SCM_NOT_LEADER: Failed to process Container #11 (CLOSING, sid=252) r0 (CLOSED, bcsid=252, origin=b30b3ffb-bc08-4f2c-b590-0aeed9816472, non-empty) from dn b30b3ffb-bc08-4f2c-b590-0aeed9816472(localhost/127.0.0.1)
2025-07-05 15:55:13,100 [scmNode-2-FixedThreadPoolWithAffinityExecutor-9-0] INFO  container.IncrementalContainerReportHandler (IncrementalContainerReportHandler.java:processICR(116)) - SCM_NOT_LEADER: Failed to process Container #11 (CLOSING, sid=252) r0 (CLOSED, bcsid=252, origin=b30b3ffb-bc08-4f2c-b590-0aeed9816472, non-empty) from dn b30b3ffb-bc08-4f2c-b590-0aeed9816472(localhost/127.0.0.1)
2025-07-05 15:55:14,100 [scmNode-3-FixedThreadPoolWithAffinityExecutor-9-0] INFO  container.ContainerReportHandler (AbstractContainerReportHandler.java:updateContainerState(289)) - CLOSE Container #11 (CLOSING, sid=252) r0 (CLOSED, bcsid=252, origin=b30b3ffb-bc08-4f2c-b590-0aeed9816472, non-empty) from dn b30b3ffb-bc08-4f2c-b590-0aeed9816472(localhost/127.0.0.1)
2025-07-05 15:55:14,100 [scmNode-2-FixedThreadPoolWithAffinityExecutor-9-0] INFO  container.ContainerReportHandler (AbstractContainerReportHandler.java:updateContainerState(289)) - CLOSE Container #11 (CLOSING, sid=252) r0 (CLOSED, bcsid=252, origin=b30b3ffb-bc08-4f2c-b590-0aeed9816472, non-empty) from dn b30b3ffb-bc08-4f2c-b590-0aeed9816472(localhost/127.0.0.1)
2025-07-05 15:55:14,101 [scmNode-2-FixedThreadPoolWithAffinityExecutor-9-0] ERROR container.ContainerReportHandler (ContainerReportHandler.java:processSingleReplica(231)) - Failed to process Container #11 (CLOSING, sid=252) r0 (CLOSED, bcsid=252, origin=b30b3ffb-bc08-4f2c-b590-0aeed9816472, non-empty) from dn b30b3ffb-bc08-4f2c-b590-0aeed9816472(localhost/127.0.0.1)
org.apache.hadoop.hdds.scm.exceptions.SCMException: org.apache.ratis.protocol.exceptions.NotLeaderException: Server 2d344aaf-3adb-4590-a8db-0ff637af21a8@group-0EF9E94BB6A3 is not the leader, suggested leader is: d608cca7-8f6c-485f-afd6-2c7e3558bc9e|localhost:15003
	at org.apache.hadoop.hdds.scm.ha.SCMHAInvocationHandler.translateException(SCMHAInvocationHandler.java:163)
	at org.apache.hadoop.hdds.scm.ha.SCMHAInvocationHandler.invokeRatis(SCMHAInvocationHandler.java:113)
	at org.apache.hadoop.hdds.scm.ha.SCMHAInvocationHandler.invoke(SCMHAInvocationHandler.java:72)
	at jdk.proxy2/jdk.proxy2.$Proxy48.updateContainerState(Unknown Source)
	at org.apache.hadoop.hdds.scm.container.ContainerManagerImpl.updateContainerState(ContainerManagerImpl.java:284)
	at org.apache.hadoop.hdds.scm.container.AbstractContainerReportHandler.updateContainerState(AbstractContainerReportHandler.java:290)
	at org.apache.hadoop.hdds.scm.container.AbstractContainerReportHandler.processContainerReplica(AbstractContainerReportHandler.java:115)
	at org.apache.hadoop.hdds.scm.container.ContainerReportHandler.processSingleReplica(ContainerReportHandler.java:229)
	at org.apache.hadoop.hdds.scm.container.ContainerReportHandler.onMessage(ContainerReportHandler.java:181)
	at org.apache.hadoop.hdds.scm.container.ContainerReportHandler.onMessage(ContainerReportHandler.java:44)
	at org.apache.hadoop.hdds.server.events.FixedThreadPoolWithAffinityExecutor$ContainerReportProcessTask.run(FixedThreadPoolWithAffinityExecutor.java:257)
	at java.base/java.util.concurrent.Executors$RunnableAdapter.call(Executors.java:572)
	at java.base/java.util.concurrent.FutureTask.run(FutureTask.java:317)
	at java.base/java.util.concurrent.ThreadPoolExecutor.runWorker(ThreadPoolExecutor.java:1144)
	at java.base/java.util.concurrent.ThreadPoolExecutor$Worker.run(ThreadPoolExecutor.java:642)
	at java.base/java.lang.Thread.run(Thread.java:1583)
Caused by: org.apache.ratis.protocol.exceptions.NotLeaderException: Server 2d344aaf-3adb-4590-a8db-0ff637af21a8@group-0EF9E94BB6A3 is not the leader, suggested leader is: d608cca7-8f6c-485f-afd6-2c7e3558bc9e|localhost:15003
	at org.apache.ratis.server.impl.RaftServerImpl.generateNotLeaderException(RaftServerImpl.java:804)
	at org.apache.ratis.server.impl.RaftServerImpl.checkLeaderState(RaftServerImpl.java:769)
	at org.apache.ratis.server.impl.RaftServerImpl.checkLeaderState(RaftServerImpl.java:755)
	at org.apache.ratis.server.impl.RaftServerImpl.writeAsyncImpl(RaftServerImpl.java:972)
	at org.apache.ratis.server.impl.RaftServerImpl.writeAsync(RaftServerImpl.java:960)
	at org.apache.ratis.server.impl.RaftServerImpl.replyFuture(RaftServerImpl.java:953)
	at org.apache.ratis.server.impl.RaftServerImpl.submitClientRequestAsync(RaftServerImpl.java:930)
	at org.apache.ratis.server.impl.RaftServerImpl.lambda$null$11(RaftServerImpl.java:919)
	at org.apache.ratis.util.JavaUtils.callAsUnchecked(JavaUtils.java:118)
	at org.apache.ratis.server.impl.RaftServerImpl.lambda$executeSubmitClientRequestAsync$12(RaftServerImpl.java:919)
	at java.base/java.util.concurrent.CompletableFuture$AsyncSupply.run(CompletableFuture.java:1768)
	... 3 more
2025-07-05 15:55:14,101 [scmNode-3-FixedThreadPoolWithAffinityExecutor-9-0] ERROR container.ContainerReportHandler (ContainerReportHandler.java:processSingleReplica(231)) - Failed to process Container #11 (CLOSING, sid=252) r0 (CLOSED, bcsid=252, origin=b30b3ffb-bc08-4f2c-b590-0aeed9816472, non-empty) from dn b30b3ffb-bc08-4f2c-b590-0aeed9816472(localhost/127.0.0.1)
org.apache.hadoop.hdds.scm.exceptions.SCMException: org.apache.ratis.protocol.exceptions.NotLeaderException: Server e9f0a7df-dfca-4eba-a7d3-db47f637b57c@group-0EF9E94BB6A3 is not the leader, suggested leader is: d608cca7-8f6c-485f-afd6-2c7e3558bc9e|localhost:15003
	at org.apache.hadoop.hdds.scm.ha.SCMHAInvocationHandler.translateException(SCMHAInvocationHandler.java:163)
	at org.apache.hadoop.hdds.scm.ha.SCMHAInvocationHandler.invokeRatis(SCMHAInvocationHandler.java:113)
	at org.apache.hadoop.hdds.scm.ha.SCMHAInvocationHandler.invoke(SCMHAInvocationHandler.java:72)
	at jdk.proxy2/jdk.proxy2.$Proxy48.updateContainerState(Unknown Source)
	at org.apache.hadoop.hdds.scm.container.ContainerManagerImpl.updateContainerState(ContainerManagerImpl.java:284)
	at org.apache.hadoop.hdds.scm.container.AbstractContainerReportHandler.updateContainerState(AbstractContainerReportHandler.java:290)
	at org.apache.hadoop.hdds.scm.container.AbstractContainerReportHandler.processContainerReplica(AbstractContainerReportHandler.java:115)
	at org.apache.hadoop.hdds.scm.container.ContainerReportHandler.processSingleReplica(ContainerReportHandler.java:229)
	at org.apache.hadoop.hdds.scm.container.ContainerReportHandler.onMessage(ContainerReportHandler.java:181)
	at org.apache.hadoop.hdds.scm.container.ContainerReportHandler.onMessage(ContainerReportHandler.java:44)
	at org.apache.hadoop.hdds.server.events.FixedThreadPoolWithAffinityExecutor$ContainerReportProcessTask.run(FixedThreadPoolWithAffinityExecutor.java:257)
	at java.base/java.util.concurrent.Executors$RunnableAdapter.call(Executors.java:572)
	at java.base/java.util.concurrent.FutureTask.run(FutureTask.java:317)
	at java.base/java.util.concurrent.ThreadPoolExecutor.runWorker(ThreadPoolExecutor.java:1144)
	at java.base/java.util.concurrent.ThreadPoolExecutor$Worker.run(ThreadPoolExecutor.java:642)
	at java.base/java.lang.Thread.run(Thread.java:1583)
Caused by: org.apache.ratis.protocol.exceptions.NotLeaderException: Server e9f0a7df-dfca-4eba-a7d3-db47f637b57c@group-0EF9E94BB6A3 is not the leader, suggested leader is: d608cca7-8f6c-485f-afd6-2c7e3558bc9e|localhost:15003
	at org.apache.ratis.server.impl.RaftServerImpl.generateNotLeaderException(RaftServerImpl.java:804)
	at org.apache.ratis.server.impl.RaftServerImpl.checkLeaderState(RaftServerImpl.java:769)
	at org.apache.ratis.server.impl.RaftServerImpl.checkLeaderState(RaftServerImpl.java:755)
	at org.apache.ratis.server.impl.RaftServerImpl.writeAsyncImpl(RaftServerImpl.java:972)
	at org.apache.ratis.server.impl.RaftServerImpl.writeAsync(RaftServerImpl.java:960)
	at org.apache.ratis.server.impl.RaftServerImpl.replyFuture(RaftServerImpl.java:953)
	at org.apache.ratis.server.impl.RaftServerImpl.submitClientRequestAsync(RaftServerImpl.java:930)
	at org.apache.ratis.server.impl.RaftServerImpl.lambda$null$11(RaftServerImpl.java:919)
	at org.apache.ratis.util.JavaUtils.callAsUnchecked(JavaUtils.java:118)
	at org.apache.ratis.server.impl.RaftServerImpl.lambda$executeSubmitClientRequestAsync$12(RaftServerImpl.java:919)
	at java.base/java.util.concurrent.CompletableFuture$AsyncSupply.run(CompletableFuture.java:1768)
	... 3 more
2025-07-05 15:55:15,089 [scmNode-2-FixedThreadPoolWithAffinityExecutor-0-0] INFO  container.ContainerReportHandler (AbstractContainerReportHandler.java:updateContainerState(289)) - CLOSE Container #11 (CLOSING, sid=252) r0 (CLOSED, bcsid=252, origin=11776e6b-d53e-4cdc-a879-730cb763d81d, non-empty) from dn 11776e6b-d53e-4cdc-a879-730cb763d81d(localhost/127.0.0.1)
2025-07-05 15:55:15,090 [scmNode-3-FixedThreadPoolWithAffinityExecutor-0-0] INFO  container.ContainerReportHandler (AbstractContainerReportHandler.java:updateContainerState(289)) - CLOSE Container #11 (CLOSING, sid=252) r0 (CLOSED, bcsid=252, origin=11776e6b-d53e-4cdc-a879-730cb763d81d, non-empty) from dn 11776e6b-d53e-4cdc-a879-730cb763d81d(localhost/127.0.0.1)
2025-07-05 15:55:15,091 [scmNode-3-FixedThreadPoolWithAffinityExecutor-0-0] ERROR container.ContainerReportHandler (ContainerReportHandler.java:processSingleReplica(231)) - Failed to process Container #11 (CLOSING, sid=252) r0 (CLOSED, bcsid=252, origin=11776e6b-d53e-4cdc-a879-730cb763d81d, non-empty) from dn 11776e6b-d53e-4cdc-a879-730cb763d81d(localhost/127.0.0.1)
org.apache.hadoop.hdds.scm.exceptions.SCMException: org.apache.ratis.protocol.exceptions.NotLeaderException: Server e9f0a7df-dfca-4eba-a7d3-db47f637b57c@group-0EF9E94BB6A3 is not the leader, suggested leader is: d608cca7-8f6c-485f-afd6-2c7e3558bc9e|localhost:15003
	at org.apache.hadoop.hdds.scm.ha.SCMHAInvocationHandler.translateException(SCMHAInvocationHandler.java:163)
	at org.apache.hadoop.hdds.scm.ha.SCMHAInvocationHandler.invokeRatis(SCMHAInvocationHandler.java:113)
	at org.apache.hadoop.hdds.scm.ha.SCMHAInvocationHandler.invoke(SCMHAInvocationHandler.java:72)
	at jdk.proxy2/jdk.proxy2.$Proxy48.updateContainerState(Unknown Source)
	at org.apache.hadoop.hdds.scm.container.ContainerManagerImpl.updateContainerState(ContainerManagerImpl.java:284)
	at org.apache.hadoop.hdds.scm.container.AbstractContainerReportHandler.updateContainerState(AbstractContainerReportHandler.java:290)
	at org.apache.hadoop.hdds.scm.container.AbstractContainerReportHandler.processContainerReplica(AbstractContainerReportHandler.java:115)
	at org.apache.hadoop.hdds.scm.container.ContainerReportHandler.processSingleReplica(ContainerReportHandler.java:229)
	at org.apache.hadoop.hdds.scm.container.ContainerReportHandler.onMessage(ContainerReportHandler.java:181)
	at org.apache.hadoop.hdds.scm.container.ContainerReportHandler.onMessage(ContainerReportHandler.java:44)
	at org.apache.hadoop.hdds.server.events.FixedThreadPoolWithAffinityExecutor$ContainerReportProcessTask.run(FixedThreadPoolWithAffinityExecutor.java:257)
	at java.base/java.util.concurrent.Executors$RunnableAdapter.call(Executors.java:572)
	at java.base/java.util.concurrent.FutureTask.run(FutureTask.java:317)
	at java.base/java.util.concurrent.ThreadPoolExecutor.runWorker(ThreadPoolExecutor.java:1144)
	at java.base/java.util.concurrent.ThreadPoolExecutor$Worker.run(ThreadPoolExecutor.java:642)
	at java.base/java.lang.Thread.run(Thread.java:1583)
Caused by: org.apache.ratis.protocol.exceptions.NotLeaderException: Server e9f0a7df-dfca-4eba-a7d3-db47f637b57c@group-0EF9E94BB6A3 is not the leader, suggested leader is: d608cca7-8f6c-485f-afd6-2c7e3558bc9e|localhost:15003
	at org.apache.ratis.server.impl.RaftServerImpl.generateNotLeaderException(RaftServerImpl.java:804)
	at org.apache.ratis.server.impl.RaftServerImpl.checkLeaderState(RaftServerImpl.java:769)
	at org.apache.ratis.server.impl.RaftServerImpl.checkLeaderState(RaftServerImpl.java:755)
	at org.apache.ratis.server.impl.RaftServerImpl.writeAsyncImpl(RaftServerImpl.java:972)
	at org.apache.ratis.server.impl.RaftServerImpl.writeAsync(RaftServerImpl.java:960)
	at org.apache.ratis.server.impl.RaftServerImpl.replyFuture(RaftServerImpl.java:953)
	at org.apache.ratis.server.impl.RaftServerImpl.submitClientRequestAsync(RaftServerImpl.java:930)
	at org.apache.ratis.server.impl.RaftServerImpl.lambda$null$11(RaftServerImpl.java:919)
	at org.apache.ratis.util.JavaUtils.callAsUnchecked(JavaUtils.java:118)
	at org.apache.ratis.server.impl.RaftServerImpl.lambda$executeSubmitClientRequestAsync$12(RaftServerImpl.java:919)
	at java.base/java.util.concurrent.CompletableFuture$AsyncSupply.run(CompletableFuture.java:1768)
	... 3 more
2025-07-05 15:55:15,091 [scmNode-2-FixedThreadPoolWithAffinityExecutor-0-0] ERROR container.ContainerReportHandler (ContainerReportHandler.java:processSingleReplica(231)) - Failed to process Container #11 (CLOSING, sid=252) r0 (CLOSED, bcsid=252, origin=11776e6b-d53e-4cdc-a879-730cb763d81d, non-empty) from dn 11776e6b-d53e-4cdc-a879-730cb763d81d(localhost/127.0.0.1)
org.apache.hadoop.hdds.scm.exceptions.SCMException: org.apache.ratis.protocol.exceptions.NotLeaderException: Server 2d344aaf-3adb-4590-a8db-0ff637af21a8@group-0EF9E94BB6A3 is not the leader, suggested leader is: d608cca7-8f6c-485f-afd6-2c7e3558bc9e|localhost:15003
	at org.apache.hadoop.hdds.scm.ha.SCMHAInvocationHandler.translateException(SCMHAInvocationHandler.java:163)
	at org.apache.hadoop.hdds.scm.ha.SCMHAInvocationHandler.invokeRatis(SCMHAInvocationHandler.java:113)
	at org.apache.hadoop.hdds.scm.ha.SCMHAInvocationHandler.invoke(SCMHAInvocationHandler.java:72)
	at jdk.proxy2/jdk.proxy2.$Proxy48.updateContainerState(Unknown Source)
	at org.apache.hadoop.hdds.scm.container.ContainerManagerImpl.updateContainerState(ContainerManagerImpl.java:284)
	at org.apache.hadoop.hdds.scm.container.AbstractContainerReportHandler.updateContainerState(AbstractContainerReportHandler.java:290)
	at org.apache.hadoop.hdds.scm.container.AbstractContainerReportHandler.processContainerReplica(AbstractContainerReportHandler.java:115)
	at org.apache.hadoop.hdds.scm.container.ContainerReportHandler.processSingleReplica(ContainerReportHandler.java:229)
	at org.apache.hadoop.hdds.scm.container.ContainerReportHandler.onMessage(ContainerReportHandler.java:181)
	at org.apache.hadoop.hdds.scm.container.ContainerReportHandler.onMessage(ContainerReportHandler.java:44)
	at org.apache.hadoop.hdds.server.events.FixedThreadPoolWithAffinityExecutor$ContainerReportProcessTask.run(FixedThreadPoolWithAffinityExecutor.java:257)
	at java.base/java.util.concurrent.Executors$RunnableAdapter.call(Executors.java:572)
	at java.base/java.util.concurrent.FutureTask.run(FutureTask.java:317)
	at java.base/java.util.concurrent.ThreadPoolExecutor.runWorker(ThreadPoolExecutor.java:1144)
	at java.base/java.util.concurrent.ThreadPoolExecutor$Worker.run(ThreadPoolExecutor.java:642)
	at java.base/java.lang.Thread.run(Thread.java:1583)
Caused by: org.apache.ratis.protocol.exceptions.NotLeaderException: Server 2d344aaf-3adb-4590-a8db-0ff637af21a8@group-0EF9E94BB6A3 is not the leader, suggested leader is: d608cca7-8f6c-485f-afd6-2c7e3558bc9e|localhost:15003
	at org.apache.ratis.server.impl.RaftServerImpl.generateNotLeaderException(RaftServerImpl.java:804)
	at org.apache.ratis.server.impl.RaftServerImpl.checkLeaderState(RaftServerImpl.java:769)
	at org.apache.ratis.server.impl.RaftServerImpl.checkLeaderState(RaftServerImpl.java:755)
	at org.apache.ratis.server.impl.RaftServerImpl.writeAsyncImpl(RaftServerImpl.java:972)
	at org.apache.ratis.server.impl.RaftServerImpl.writeAsync(RaftServerImpl.java:960)
	at org.apache.ratis.server.impl.RaftServerImpl.replyFuture(RaftServerImpl.java:953)
	at org.apache.ratis.server.impl.RaftServerImpl.submitClientRequestAsync(RaftServerImpl.java:930)
	at org.apache.ratis.server.impl.RaftServerImpl.lambda$null$11(RaftServerImpl.java:919)
	at org.apache.ratis.util.JavaUtils.callAsUnchecked(JavaUtils.java:118)
	at org.apache.ratis.server.impl.RaftServerImpl.lambda$executeSubmitClientRequestAsync$12(RaftServerImpl.java:919)
	at java.base/java.util.concurrent.CompletableFuture$AsyncSupply.run(CompletableFuture.java:1768)
	... 3 more
]]></system-out>
  </testcase>
</testsuite>