<?xml version="1.0" encoding="UTF-8"?>
<testsuite xmlns:xsi="http://www.w3.org/2001/XMLSchema-instance" xsi:noNamespaceSchemaLocation="https://maven.apache.org/surefire/maven-surefire-plugin/xsd/surefire-test-report-3.0.xsd" version="3.0" name="org.apache.hadoop.ozone.om.TestOmAcls" time="33.075" tests="7" errors="0" skipped="0" failures="1">
  <properties>
    <property name="awt.toolkit" value="sun.awt.X11.XToolkit"/>
    <property name="file.encoding.pkg" value="sun.io"/>
    <property name="java.specification.version" value="1.8"/>
    <property name="log4j.configurationFile" value="auditlog.properties"/>
    <property name="sun.cpu.isalist" value=""/>
    <property name="sun.jnu.encoding" value="UTF-8"/>
    <property name="java.class.path" value="/home/runner/work/ozone/ozone/hadoop-ozone/integration-test/target/test-classes:/home/runner/work/ozone/ozone/hadoop-ozone/integration-test/target/classes:/home/runner/.m2/repository/org/apache/ozone/ozone-common/1.4.0-SNAPSHOT/ozone-common-1.4.0-SNAPSHOT.jar:/home/runner/.m2/repository/io/grpc/grpc-netty/1.48.1/grpc-netty-1.48.1.jar:/home/runner/.m2/repository/io/grpc/grpc-core/1.48.1/grpc-core-1.48.1.jar:/home/runner/.m2/repository/com/google/android/annotations/4.1.1.4/annotations-4.1.1.4.jar:/home/runner/.m2/repository/org/codehaus/mojo/animal-sniffer-annotations/1.21/animal-sniffer-annotations-1.21.jar:/home/runner/.m2/repository/com/google/errorprone/error_prone_annotations/2.2.0/error_prone_annotations-2.2.0.jar:/home/runner/.m2/repository/io/perfmark/perfmark-api/0.25.0/perfmark-api-0.25.0.jar:/home/runner/.m2/repository/io/netty/netty-codec-http2/4.1.77.Final/netty-codec-http2-4.1.77.Final.jar:/home/runner/.m2/repository/io/netty/netty-common/4.1.77.Final/netty-common-4.1.77.Final.jar:/home/runner/.m2/repository/io/netty/netty-buffer/4.1.77.Final/netty-buffer-4.1.77.Final.jar:/home/runner/.m2/repository/io/netty/netty-codec-http/4.1.77.Final/netty-codec-http-4.1.77.Final.jar:/home/runner/.m2/repository/io/netty/netty-handler-proxy/4.1.77.Final/netty-handler-proxy-4.1.77.Final.jar:/home/runner/.m2/repository/io/netty/netty-codec-socks/4.1.77.Final/netty-codec-socks-4.1.77.Final.jar:/home/runner/.m2/repository/io/netty/netty-tcnative-boringssl-static/2.0.52.Final/netty-tcnative-boringssl-static-2.0.52.Final.jar:/home/runner/.m2/repository/io/netty/netty-tcnative-classes/2.0.52.Final/netty-tcnative-classes-2.0.52.Final.jar:/home/runner/.m2/repository/io/netty/netty-tcnative-boringssl-static/2.0.52.Final/netty-tcnative-boringssl-static-2.0.52.Final-linux-x86_64.jar:/home/runner/.m2/repository/io/netty/netty-tcnative-boringssl-static/2.0.52.Final/netty-tcnative-boringssl-static-2.0.52.Final-linux-aarch_64.jar:/home/runner/.m2/repository/io/netty/netty-tcnative-boringssl-static/2.0.52.Final/netty-tcnative-boringssl-static-2.0.52.Final-osx-x86_64.jar:/home/runner/.m2/repository/io/netty/netty-tcnative-boringssl-static/2.0.52.Final/netty-tcnative-boringssl-static-2.0.52.Final-osx-aarch_64.jar:/home/runner/.m2/repository/io/netty/netty-tcnative-boringssl-static/2.0.52.Final/netty-tcnative-boringssl-static-2.0.52.Final-windows-x86_64.jar:/home/runner/.m2/repository/org/apache/commons/commons-compress/1.21/commons-compress-1.21.jar:/home/runner/.m2/repository/org/apache/ozone/hdds-common/1.4.0-SNAPSHOT/hdds-common-1.4.0-SNAPSHOT.jar:/home/runner/.m2/repository/org/apache/ozone/hdds-client/1.4.0-SNAPSHOT/hdds-client-1.4.0-SNAPSHOT.jar:/home/runner/.m2/repository/org/apache/ozone/ozone-interface-client/1.4.0-SNAPSHOT/ozone-interface-client-1.4.0-SNAPSHOT.jar:/home/runner/.m2/repository/org/apache/ozone/hdds-test-utils/1.4.0-SNAPSHOT/hdds-test-utils-1.4.0-SNAPSHOT.jar:/home/runner/.m2/repository/com/google/guava/guava/31.1-jre/guava-31.1-jre.jar:/home/runner/.m2/repository/com/google/guava/failureaccess/1.0.1/failureaccess-1.0.1.jar:/home/runner/.m2/repository/com/google/guava/listenablefuture/9999.0-empty-to-avoid-conflict-with-guava/listenablefuture-9999.0-empty-to-avoid-conflict-with-guava.jar:/home/runner/.m2/repository/com/google/code/findbugs/jsr305/3.0.0/jsr305-3.0.0.jar:/home/runner/.m2/repository/org/checkerframework/checker-qual/3.12.0/checker-qual-3.12.0.jar:/home/runner/.m2/repository/com/google/j2objc/j2objc-annotations/1.3/j2objc-annotations-1.3.jar:/home/runner/.m2/repository/commons-io/commons-io/2.11.0/commons-io-2.11.0.jar:/home/runner/.m2/repository/commons-logging/commons-logging/1.2/commons-logging-1.2.jar:/home/runner/.m2/repository/ch/qos/reload4j/reload4j/1.2.22/reload4j-1.2.22.jar:/home/runner/.m2/repository/org/slf4j/slf4j-api/1.7.36/slf4j-api-1.7.36.jar:/home/runner/.m2/repository/org/apache/ozone/hdds-server-scm/1.4.0-SNAPSHOT/hdds-server-scm-1.4.0-SNAPSHOT.jar:/home/runner/.m2/repository/org/apache/ozone/hdds-container-service/1.4.0-SNAPSHOT/hdds-container-service-1.4.0-SNAPSHOT.jar:/home/runner/.m2/repository/org/apache/ozone/hdds-hadoop-dependency-server/1.4.0-SNAPSHOT/hdds-hadoop-dependency-server-1.4.0-SNAPSHOT.jar:/home/runner/.m2/repository/org/apache/hadoop/hadoop-hdfs/3.3.4/hadoop-hdfs-3.3.4.jar:/home/runner/.m2/repository/org/eclipse/jetty/jetty-util-ajax/9.4.49.v20220914/jetty-util-ajax-9.4.49.v20220914.jar:/home/runner/.m2/repository/commons-daemon/commons-daemon/1.0.13/commons-daemon-1.0.13.jar:/home/runner/.m2/repository/org/apache/ozone/hdds-server-framework/1.4.0-SNAPSHOT/hdds-server-framework-1.4.0-SNAPSHOT.jar:/home/runner/.m2/repository/org/apache/ozone/hdds-interface-server/1.4.0-SNAPSHOT/hdds-interface-server-1.4.0-SNAPSHOT.jar:/home/runner/.m2/repository/org/apache/commons/commons-configuration2/2.1.1/commons-configuration2-2.1.1.jar:/home/runner/.m2/repository/org/apache/logging/log4j/log4j-core/2.17.1/log4j-core-2.17.1.jar:/home/runner/.m2/repository/com/lmax/disruptor/3.4.2/disruptor-3.4.2.jar:/home/runner/.m2/repository/org/eclipse/jetty/jetty-servlet/9.4.49.v20220914/jetty-servlet-9.4.49.v20220914.jar:/home/runner/.m2/repository/org/eclipse/jetty/jetty-security/9.4.49.v20220914/jetty-security-9.4.49.v20220914.jar:/home/runner/.m2/repository/org/rocksdb/rocksdbjni/7.7.3/rocksdbjni-7.7.3.jar:/home/runner/.m2/repository/io/prometheus/simpleclient_dropwizard/0.7.0/simpleclient_dropwizard-0.7.0.jar:/home/runner/.m2/repository/io/prometheus/simpleclient/0.7.0/simpleclient-0.7.0.jar:/home/runner/.m2/repository/io/prometheus/simpleclient_common/0.7.0/simpleclient_common-0.7.0.jar:/home/runner/.m2/repository/com/github/spotbugs/spotbugs-annotations/3.1.12/spotbugs-annotations-3.1.12.jar:/home/runner/.m2/repository/io/dropwizard/metrics/metrics-core/3.2.4/metrics-core-3.2.4.jar:/home/runner/.m2/repository/org/apache/commons/commons-text/1.4/commons-text-1.4.jar:/home/runner/.m2/repository/org/apache/hadoop/hadoop-hdfs-client/3.3.4/hadoop-hdfs-client-3.3.4.jar:/home/runner/.m2/repository/com/squareup/okhttp3/okhttp/4.9.3/okhttp-4.9.3.jar:/home/runner/.m2/repository/com/squareup/okio/okio/2.8.0/okio-2.8.0.jar:/home/runner/.m2/repository/org/jetbrains/kotlin/kotlin-stdlib-common/1.4.10/kotlin-stdlib-common-1.4.10.jar:/home/runner/.m2/repository/org/bouncycastle/bcprov-jdk15on/1.67/bcprov-jdk15on-1.67.jar:/home/runner/.m2/repository/com/google/protobuf/protobuf-java/2.5.0/protobuf-java-2.5.0.jar:/home/runner/.m2/repository/org/apache/ozone/ozone-manager/1.4.0-SNAPSHOT/ozone-manager-1.4.0-SNAPSHOT.jar:/home/runner/.m2/repository/org/aspectj/aspectjrt/1.9.7/aspectjrt-1.9.7.jar:/home/runner/.m2/repository/org/aspectj/aspectjweaver/1.9.7/aspectjweaver-1.9.7.jar:/home/runner/.m2/repository/org/apache/ozone/hdds-interface-client/1.4.0-SNAPSHOT/hdds-interface-client-1.4.0-SNAPSHOT.jar:/home/runner/.m2/repository/org/apache/hadoop/thirdparty/hadoop-shaded-protobuf_3_7/1.1.1/hadoop-shaded-protobuf_3_7-1.1.1.jar:/home/runner/.m2/repository/org/apache/ozone/ozone-interface-storage/1.4.0-SNAPSHOT/ozone-interface-storage-1.4.0-SNAPSHOT.jar:/home/runner/.m2/repository/org/reflections/reflections/0.9.11/reflections-0.9.11.jar:/home/runner/.m2/repository/com/sun/jersey/jersey-client/1.19/jersey-client-1.19.jar:/home/runner/.m2/repository/org/apache/ranger/ranger-intg/2.3.0/ranger-intg-2.3.0.jar:/home/runner/.m2/repository/org/apache/ranger/ranger-plugins-common/2.3.0/ranger-plugins-common-2.3.0.jar:/home/runner/.m2/repository/commons-lang/commons-lang/2.6/commons-lang-2.6.jar:/home/runner/.m2/repository/org/codehaus/jackson/jackson-jaxrs/1.9.13/jackson-jaxrs-1.9.13.jar:/home/runner/.m2/repository/org/apache/ranger/ranger-plugins-cred/2.3.0/ranger-plugins-cred-2.3.0.jar:/home/runner/.m2/repository/org/apache/ranger/ranger-plugins-audit/2.3.0/ranger-plugins-audit-2.3.0.jar:/home/runner/.m2/repository/org/eclipse/jetty/jetty-client/9.4.31.v20200723/jetty-client-9.4.31.v20200723.jar:/home/runner/.m2/repository/org/apache/httpcomponents/httpmime/4.5.6/httpmime-4.5.6.jar:/home/runner/.m2/repository/org/apache/httpcomponents/httpcore-nio/4.4.6/httpcore-nio-4.4.6.jar:/home/runner/.m2/repository/org/apache/httpcomponents/httpasyncclient/4.1.3/httpasyncclient-4.1.3.jar:/home/runner/.m2/repository/com/carrotsearch/hppc/0.8.0/hppc-0.8.0.jar:/home/runner/.m2/repository/org/apache/orc/orc-core/1.5.8/orc-core-1.5.8.jar:/home/runner/.m2/repository/net/java/dev/jna/jna/5.2.0/jna-5.2.0.jar:/home/runner/.m2/repository/net/java/dev/jna/jna-platform/5.2.0/jna-platform-5.2.0.jar:/home/runner/.m2/repository/com/kstruct/gethostname4j/0.0.2/gethostname4j-0.0.2.jar:/home/runner/.m2/repository/org/apache/ranger/ranger-plugin-classloader/2.3.0/ranger-plugin-classloader-2.3.0.jar:/home/runner/.m2/repository/org/apache/hadoop/hadoop-minikdc/3.3.4/hadoop-minikdc-3.3.4.jar:/home/runner/.m2/repository/org/apache/kerby/kerb-simplekdc/1.0.1/kerb-simplekdc-1.0.1.jar:/home/runner/.m2/repository/org/apache/kerby/kerb-client/1.0.1/kerb-client-1.0.1.jar:/home/runner/.m2/repository/org/apache/kerby/kerby-config/1.0.1/kerby-config-1.0.1.jar:/home/runner/.m2/repository/org/apache/kerby/kerb-common/1.0.1/kerb-common-1.0.1.jar:/home/runner/.m2/repository/org/apache/kerby/kerb-crypto/1.0.1/kerb-crypto-1.0.1.jar:/home/runner/.m2/repository/org/apache/kerby/kerb-util/1.0.1/kerb-util-1.0.1.jar:/home/runner/.m2/repository/org/apache/kerby/token-provider/1.0.1/token-provider-1.0.1.jar:/home/runner/.m2/repository/org/apache/kerby/kerb-admin/1.0.1/kerb-admin-1.0.1.jar:/home/runner/.m2/repository/org/apache/kerby/kerb-server/1.0.1/kerb-server-1.0.1.jar:/home/runner/.m2/repository/org/apache/kerby/kerb-identity/1.0.1/kerb-identity-1.0.1.jar:/home/runner/.m2/repository/org/apache/kerby/kerby-xdr/1.0.1/kerby-xdr-1.0.1.jar:/home/runner/.m2/repository/org/apache/ozone/ozone-s3gateway/1.4.0-SNAPSHOT/ozone-s3gateway-1.4.0-SNAPSHOT.jar:/home/runner/.m2/repository/org/javassist/javassist/3.21.0-GA/javassist-3.21.0-GA.jar:/home/runner/.m2/repository/org/jboss/weld/servlet/weld-servlet/2.4.7.Final/weld-servlet-2.4.7.Final.jar:/home/runner/.m2/repository/org/glassfish/jersey/containers/jersey-container-servlet-core/2.34/jersey-container-servlet-core-2.34.jar:/home/runner/.m2/repository/org/glassfish/hk2/external/jakarta.inject/2.6.1/jakarta.inject-2.6.1.jar:/home/runner/.m2/repository/org/glassfish/jersey/core/jersey-common/2.34/jersey-common-2.34.jar:/home/runner/.m2/repository/jakarta/ws/rs/jakarta.ws.rs-api/2.1.6/jakarta.ws.rs-api-2.1.6.jar:/home/runner/.m2/repository/org/glassfish/jersey/ext/cdi/jersey-cdi1x/2.34/jersey-cdi1x-2.34.jar:/home/runner/.m2/repository/org/glassfish/jersey/inject/jersey-hk2/2.34/jersey-hk2-2.34.jar:/home/runner/.m2/repository/org/glassfish/hk2/hk2-locator/2.6.1/hk2-locator-2.6.1.jar:/home/runner/.m2/repository/org/glassfish/jersey/media/jersey-media-jaxb/2.34/jersey-media-jaxb-2.34.jar:/home/runner/.m2/repository/org/glassfish/hk2/osgi-resource-locator/1.0.3/osgi-resource-locator-1.0.3.jar:/home/runner/.m2/repository/org/glassfish/hk2/hk2-api/2.5.0/hk2-api-2.5.0.jar:/home/runner/.m2/repository/org/glassfish/hk2/hk2-utils/2.5.0/hk2-utils-2.5.0.jar:/home/runner/.m2/repository/org/glassfish/hk2/external/aopalliance-repackaged/2.5.0/aopalliance-repackaged-2.5.0.jar:/home/runner/.m2/repository/com/fasterxml/jackson/dataformat/jackson-dataformat-xml/2.13.4/jackson-dataformat-xml-2.13.4.jar:/home/runner/.m2/repository/com/fasterxml/jackson/core/jackson-core/2.13.4/jackson-core-2.13.4.jar:/home/runner/.m2/repository/org/codehaus/woodstox/stax2-api/4.2.1/stax2-api-4.2.1.jar:/home/runner/.m2/repository/com/fasterxml/woodstox/woodstox-core/5.4.0/woodstox-core-5.4.0.jar:/home/runner/.m2/repository/com/fasterxml/jackson/module/jackson-module-jaxb-annotations/2.13.4/jackson-module-jaxb-annotations-2.13.4.jar:/home/runner/.m2/repository/jakarta/xml/bind/jakarta.xml.bind-api/2.3.3/jakarta.xml.bind-api-2.3.3.jar:/home/runner/.m2/repository/jakarta/activation/jakarta.activation-api/1.2.1/jakarta.activation-api-1.2.1.jar:/home/runner/.m2/repository/javax/enterprise/cdi-api/1.2/cdi-api-1.2.jar:/home/runner/.m2/repository/javax/el/javax.el-api/3.0.0/javax.el-api-3.0.0.jar:/home/runner/.m2/repository/javax/interceptor/javax.interceptor-api/1.2/javax.interceptor-api-1.2.jar:/home/runner/.m2/repository/javax/inject/javax.inject/1/javax.inject-1.jar:/home/runner/.m2/repository/javax/xml/bind/jaxb-api/2.3.0/jaxb-api-2.3.0.jar:/home/runner/.m2/repository/org/glassfish/jaxb/jaxb-runtime/2.3.0.1/jaxb-runtime-2.3.0.1.jar:/home/runner/.m2/repository/org/glassfish/jaxb/jaxb-core/2.3.0.1/jaxb-core-2.3.0.1.jar:/home/runner/.m2/repository/org/glassfish/jaxb/txw2/2.3.0.1/txw2-2.3.0.1.jar:/home/runner/.m2/repository/com/sun/istack/istack-commons-runtime/3.0.5/istack-commons-runtime-3.0.5.jar:/home/runner/.m2/repository/org/jvnet/staxex/stax-ex/1.7.8/stax-ex-1.7.8.jar:/home/runner/.m2/repository/com/sun/xml/fastinfoset/FastInfoset/1.2.13/FastInfoset-1.2.13.jar:/home/runner/.m2/repository/javax/activation/activation/1.1.1/activation-1.1.1.jar:/home/runner/.m2/repository/io/grpc/grpc-protobuf/1.48.1/grpc-protobuf-1.48.1.jar:/home/runner/.m2/repository/io/grpc/grpc-api/1.48.1/grpc-api-1.48.1.jar:/home/runner/.m2/repository/io/grpc/grpc-context/1.48.1/grpc-context-1.48.1.jar:/home/runner/.m2/repository/com/google/api/grpc/proto-google-common-protos/2.9.0/proto-google-common-protos-2.9.0.jar:/home/runner/.m2/repository/io/grpc/grpc-protobuf-lite/1.48.1/grpc-protobuf-lite-1.48.1.jar:/home/runner/.m2/repository/io/grpc/grpc-stub/1.48.1/grpc-stub-1.48.1.jar:/home/runner/.m2/repository/io/netty/netty-transport/4.1.77.Final/netty-transport-4.1.77.Final.jar:/home/runner/.m2/repository/io/netty/netty-resolver/4.1.77.Final/netty-resolver-4.1.77.Final.jar:/home/runner/.m2/repository/org/apache/ozone/ozone-csi/1.4.0-SNAPSHOT/ozone-csi-1.4.0-SNAPSHOT.jar:/home/runner/.m2/repository/com/google/protobuf/protobuf-java-util/3.19.6/protobuf-java-util-3.19.6.jar:/home/runner/.m2/repository/com/google/code/gson/gson/2.9.0/gson-2.9.0.jar:/home/runner/.m2/repository/org/apache/ozone/hdds-config/1.4.0-SNAPSHOT/hdds-config-1.4.0-SNAPSHOT.jar:/home/runner/.m2/repository/io/netty/netty-transport-native-epoll/4.1.77.Final/netty-transport-native-epoll-4.1.77.Final-linux-x86_64.jar:/home/runner/.m2/repository/io/netty/netty-transport-classes-epoll/4.1.77.Final/netty-transport-classes-epoll-4.1.77.Final.jar:/home/runner/.m2/repository/io/netty/netty-transport-native-unix-common/4.1.77.Final/netty-transport-native-unix-common-4.1.77.Final.jar:/home/runner/.m2/repository/org/slf4j/slf4j-reload4j/1.7.36/slf4j-reload4j-1.7.36.jar:/home/runner/.m2/repository/org/apache/ozone/ozone-recon/1.4.0-SNAPSHOT/ozone-recon-1.4.0-SNAPSHOT.jar:/home/runner/.m2/repository/org/apache/ozone/ozone-reconcodegen/1.4.0-SNAPSHOT/ozone-reconcodegen-1.4.0-SNAPSHOT.jar:/home/runner/.m2/repository/com/google/inject/extensions/guice-multibindings/4.0/guice-multibindings-4.0.jar:/home/runner/.m2/repository/com/google/inject/guice/4.0/guice-4.0.jar:/home/runner/.m2/repository/aopalliance/aopalliance/1.0/aopalliance-1.0.jar:/home/runner/.m2/repository/com/google/inject/extensions/guice-assistedinject/4.0/guice-assistedinject-4.0.jar:/home/runner/.m2/repository/com/google/inject/extensions/guice-servlet/4.0/guice-servlet-4.0.jar:/home/runner/.m2/repository/org/glassfish/jersey/containers/jersey-container-servlet/2.34/jersey-container-servlet-2.34.jar:/home/runner/.m2/repository/org/glassfish/hk2/guice-bridge/2.5.0/guice-bridge-2.5.0.jar:/home/runner/.m2/repository/org/glassfish/jersey/core/jersey-server/2.34/jersey-server-2.34.jar:/home/runner/.m2/repository/org/glassfish/jersey/core/jersey-client/2.34/jersey-client-2.34.jar:/home/runner/.m2/repository/jakarta/annotation/jakarta.annotation-api/1.3.5/jakarta.annotation-api-1.3.5.jar:/home/runner/.m2/repository/jakarta/validation/jakarta.validation-api/2.0.2/jakarta.validation-api-2.0.2.jar:/home/runner/.m2/repository/org/glassfish/jersey/media/jersey-media-json-jackson/2.34/jersey-media-json-jackson-2.34.jar:/home/runner/.m2/repository/org/glassfish/jersey/ext/jersey-entity-filtering/2.34/jersey-entity-filtering-2.34.jar:/home/runner/.m2/repository/org/jooq/jooq/3.11.10/jooq-3.11.10.jar:/home/runner/.m2/repository/org/jooq/jooq-meta/3.11.10/jooq-meta-3.11.10.jar:/home/runner/.m2/repository/org/jooq/jooq-codegen/3.11.10/jooq-codegen-3.11.10.jar:/home/runner/.m2/repository/com/jolbox/bonecp/0.8.0.RELEASE/bonecp-0.8.0.RELEASE.jar:/home/runner/.m2/repository/org/apache/derby/derby/10.14.2.0/derby-10.14.2.0.jar:/home/runner/.m2/repository/org/xerial/sqlite-jdbc/3.25.2/sqlite-jdbc-3.25.2.jar:/home/runner/.m2/repository/org/springframework/spring-jdbc/5.3.23/spring-jdbc-5.3.23.jar:/home/runner/.m2/repository/org/springframework/spring-beans/5.3.23/spring-beans-5.3.23.jar:/home/runner/.m2/repository/org/springframework/spring-core/5.3.23/spring-core-5.3.23.jar:/home/runner/.m2/repository/org/springframework/spring-jcl/5.3.23/spring-jcl-5.3.23.jar:/home/runner/.m2/repository/org/springframework/spring-tx/5.3.23/spring-tx-5.3.23.jar:/home/runner/.m2/repository/org/apache/ozone/ozone-client/1.4.0-SNAPSHOT/ozone-client-1.4.0-SNAPSHOT.jar:/home/runner/.m2/repository/org/apache/ozone/hdds-erasurecode/1.4.0-SNAPSHOT/hdds-erasurecode-1.4.0-SNAPSHOT.jar:/home/runner/.m2/repository/org/apache/ozone/ozone-filesystem/1.4.0-SNAPSHOT/ozone-filesystem-1.4.0-SNAPSHOT.jar:/home/runner/.m2/repository/org/apache/ozone/ozone-filesystem-common/1.4.0-SNAPSHOT/ozone-filesystem-common-1.4.0-SNAPSHOT.jar:/home/runner/.m2/repository/org/apache/ozone/ozone-tools/1.4.0-SNAPSHOT/ozone-tools-1.4.0-SNAPSHOT.jar:/home/runner/.m2/repository/org/apache/ratis/ratis-tools/2.4.2-8b8bdda-SNAPSHOT/ratis-tools-2.4.2-8b8bdda-SNAPSHOT.jar:/home/runner/.m2/repository/com/amazonaws/aws-java-sdk-core/1.12.261/aws-java-sdk-core-1.12.261.jar:/home/runner/.m2/repository/org/apache/httpcomponents/httpclient/4.5.13/httpclient-4.5.13.jar:/home/runner/.m2/repository/org/apache/httpcomponents/httpcore/4.4.13/httpcore-4.4.13.jar:/home/runner/.m2/repository/software/amazon/ion/ion-java/1.0.2/ion-java-1.0.2.jar:/home/runner/.m2/repository/com/fasterxml/jackson/dataformat/jackson-dataformat-cbor/2.13.4/jackson-dataformat-cbor-2.13.4.jar:/home/runner/.m2/repository/joda-time/joda-time/2.8.1/joda-time-2.8.1.jar:/home/runner/.m2/repository/com/amazonaws/aws-java-sdk-s3/1.12.261/aws-java-sdk-s3-1.12.261.jar:/home/runner/.m2/repository/com/amazonaws/aws-java-sdk-kms/1.12.261/aws-java-sdk-kms-1.12.261.jar:/home/runner/.m2/repository/com/amazonaws/jmespath-java/1.12.261/jmespath-java-1.12.261.jar:/home/runner/.m2/repository/org/kohsuke/metainf-services/metainf-services/1.8/metainf-services-1.8.jar:/home/runner/.m2/repository/org/apache/ozone/hdds-tools/1.4.0-SNAPSHOT/hdds-tools-1.4.0-SNAPSHOT.jar:/home/runner/.m2/repository/commons-cli/commons-cli/1.2/commons-cli-1.2.jar:/home/runner/.m2/repository/org/apache/commons/commons-lang3/3.7/commons-lang3-3.7.jar:/home/runner/.m2/repository/org/apache/ozone/ozone-manager/1.4.0-SNAPSHOT/ozone-manager-1.4.0-SNAPSHOT-tests.jar:/home/runner/.m2/repository/org/apache/ozone/hdds-common/1.4.0-SNAPSHOT/hdds-common-1.4.0-SNAPSHOT-tests.jar:/home/runner/.m2/repository/org/apache/ozone/hdds-hadoop-dependency-client/1.4.0-SNAPSHOT/hdds-hadoop-dependency-client-1.4.0-SNAPSHOT.jar:/home/runner/.m2/repository/info/picocli/picocli/4.6.1/picocli-4.6.1.jar:/home/runner/.m2/repository/com/fasterxml/jackson/core/jackson-annotations/2.13.4/jackson-annotations-2.13.4.jar:/home/runner/.m2/repository/com/fasterxml/jackson/datatype/jackson-datatype-jsr310/2.13.4/jackson-datatype-jsr310-2.13.4.jar:/home/runner/.m2/repository/org/apache/ozone/hdds-annotation-processing/1.4.0-SNAPSHOT/hdds-annotation-processing-1.4.0-SNAPSHOT.jar:/home/runner/.m2/repository/javax/annotation/javax.annotation-api/1.2/javax.annotation-api-1.2.jar:/home/runner/.m2/repository/org/apache/ratis/ratis-server/2.4.2-8b8bdda-SNAPSHOT/ratis-server-2.4.2-8b8bdda-SNAPSHOT.jar:/home/runner/.m2/repository/org/apache/ratis/ratis-client/2.4.2-8b8bdda-SNAPSHOT/ratis-client-2.4.2-8b8bdda-SNAPSHOT.jar:/home/runner/.m2/repository/org/apache/ratis/ratis-server-api/2.4.2-8b8bdda-SNAPSHOT/ratis-server-api-2.4.2-8b8bdda-SNAPSHOT.jar:/home/runner/.m2/repository/org/apache/ratis/ratis-metrics/2.4.2-8b8bdda-SNAPSHOT/ratis-metrics-2.4.2-8b8bdda-SNAPSHOT.jar:/home/runner/.m2/repository/org/apache/ratis/ratis-netty/2.4.2-8b8bdda-SNAPSHOT/ratis-netty-2.4.2-8b8bdda-SNAPSHOT.jar:/home/runner/.m2/repository/org/apache/ratis/ratis-grpc/2.4.2-8b8bdda-SNAPSHOT/ratis-grpc-2.4.2-8b8bdda-SNAPSHOT.jar:/home/runner/.m2/repository/org/apache/logging/log4j/log4j-api/2.17.1/log4j-api-2.17.1.jar:/home/runner/.m2/repository/org/apache/commons/commons-pool2/2.6.0/commons-pool2-2.6.0.jar:/home/runner/.m2/repository/org/bouncycastle/bcpkix-jdk15on/1.67/bcpkix-jdk15on-1.67.jar:/home/runner/.m2/repository/commons-validator/commons-validator/1.6/commons-validator-1.6.jar:/home/runner/.m2/repository/commons-beanutils/commons-beanutils/1.9.4/commons-beanutils-1.9.4.jar:/home/runner/.m2/repository/commons-digester/commons-digester/1.8.1/commons-digester-1.8.1.jar:/home/runner/.m2/repository/commons-collections/commons-collections/3.2.2/commons-collections-3.2.2.jar:/home/runner/.m2/repository/io/jaegertracing/jaeger-client/1.6.0/jaeger-client-1.6.0.jar:/home/runner/.m2/repository/io/jaegertracing/jaeger-thrift/1.6.0/jaeger-thrift-1.6.0.jar:/home/runner/.m2/repository/org/apache/thrift/libthrift/0.14.1/libthrift-0.14.1.jar:/home/runner/.m2/repository/io/jaegertracing/jaeger-core/1.6.0/jaeger-core-1.6.0.jar:/home/runner/.m2/repository/io/jaegertracing/jaeger-tracerresolver/1.6.0/jaeger-tracerresolver-1.6.0.jar:/home/runner/.m2/repository/io/opentracing/contrib/opentracing-tracerresolver/0.1.8/opentracing-tracerresolver-0.1.8.jar:/home/runner/.m2/repository/org/jetbrains/kotlin/kotlin-stdlib/1.6.21/kotlin-stdlib-1.6.21.jar:/home/runner/.m2/repository/org/jetbrains/annotations/13.0/annotations-13.0.jar:/home/runner/.m2/repository/io/opentracing/opentracing-util/0.33.0/opentracing-util-0.33.0.jar:/home/runner/.m2/repository/io/opentracing/opentracing-api/0.33.0/opentracing-api-0.33.0.jar:/home/runner/.m2/repository/io/opentracing/opentracing-noop/0.33.0/opentracing-noop-0.33.0.jar:/home/runner/.m2/repository/org/yaml/snakeyaml/1.33/snakeyaml-1.33.jar:/home/runner/.m2/repository/org/apache/ozone/hdds-interface-admin/1.4.0-SNAPSHOT/hdds-interface-admin-1.4.0-SNAPSHOT.jar:/home/runner/.m2/repository/junit/junit/4.13.1/junit-4.13.1.jar:/home/runner/.m2/repository/org/hamcrest/hamcrest-core/1.3/hamcrest-core-1.3.jar:/home/runner/.m2/repository/org/junit/jupiter/junit-jupiter-api/5.8.2/junit-jupiter-api-5.8.2.jar:/home/runner/.m2/repository/org/opentest4j/opentest4j/1.2.0/opentest4j-1.2.0.jar:/home/runner/.m2/repository/org/junit/platform/junit-platform-commons/1.8.2/junit-platform-commons-1.8.2.jar:/home/runner/.m2/repository/org/apiguardian/apiguardian-api/1.1.2/apiguardian-api-1.1.2.jar:/home/runner/.m2/repository/org/junit/jupiter/junit-jupiter-params/5.8.2/junit-jupiter-params-5.8.2.jar:/home/runner/.m2/repository/org/junit/jupiter/junit-jupiter-migrationsupport/5.8.2/junit-jupiter-migrationsupport-5.8.2.jar:/home/runner/.m2/repository/org/junit/jupiter/junit-jupiter-engine/5.8.2/junit-jupiter-engine-5.8.2.jar:/home/runner/.m2/repository/org/junit/platform/junit-platform-engine/1.8.2/junit-platform-engine-1.8.2.jar:/home/runner/.m2/repository/org/junit/vintage/junit-vintage-engine/5.8.2/junit-vintage-engine-5.8.2.jar:/home/runner/.m2/repository/org/junit/platform/junit-platform-launcher/1.8.2/junit-platform-launcher-1.8.2.jar:/home/runner/.m2/repository/org/mockito/mockito-core/2.28.2/mockito-core-2.28.2.jar:/home/runner/.m2/repository/net/bytebuddy/byte-buddy/1.9.10/byte-buddy-1.9.10.jar:/home/runner/.m2/repository/net/bytebuddy/byte-buddy-agent/1.9.10/byte-buddy-agent-1.9.10.jar:/home/runner/.m2/repository/org/objenesis/objenesis/1.0/objenesis-1.0.jar:/home/runner/.m2/repository/org/apache/hadoop/hadoop-kms/3.3.4/hadoop-kms-3.3.4.jar:/home/runner/.m2/repository/org/apache/hadoop/hadoop-auth/3.3.4/hadoop-auth-3.3.4.jar:/home/runner/.m2/repository/com/nimbusds/nimbus-jose-jwt/9.8.1/nimbus-jose-jwt-9.8.1.jar:/home/runner/.m2/repository/com/github/stephenc/jcip/jcip-annotations/1.0-1/jcip-annotations-1.0-1.jar:/home/runner/.m2/repository/net/minidev/json-smart/2.4.7/json-smart-2.4.7.jar:/home/runner/.m2/repository/net/minidev/accessors-smart/2.4.7/accessors-smart-2.4.7.jar:/home/runner/.m2/repository/org/ow2/asm/asm/5.0.4/asm-5.0.4.jar:/home/runner/.m2/repository/org/apache/zookeeper/zookeeper/3.5.6/zookeeper-3.5.6.jar:/home/runner/.m2/repository/org/apache/zookeeper/zookeeper-jute/3.5.6/zookeeper-jute-3.5.6.jar:/home/runner/.m2/repository/org/apache/yetus/audience-annotations/0.5.0/audience-annotations-0.5.0.jar:/home/runner/.m2/repository/org/apache/curator/curator-framework/4.2.0/curator-framework-4.2.0.jar:/home/runner/.m2/repository/org/apache/hadoop/thirdparty/hadoop-shaded-guava/1.1.1/hadoop-shaded-guava-1.1.1.jar:/home/runner/.m2/repository/com/sun/jersey/jersey-core/1.19/jersey-core-1.19.jar:/home/runner/.m2/repository/javax/ws/rs/jsr311-api/1.1.1/jsr311-api-1.1.1.jar:/home/runner/.m2/repository/com/sun/jersey/jersey-server/1.19/jersey-server-1.19.jar:/home/runner/.m2/repository/javax/servlet/javax.servlet-api/3.1.0/javax.servlet-api-3.1.0.jar:/home/runner/.m2/repository/org/eclipse/jetty/jetty-server/9.4.49.v20220914/jetty-server-9.4.49.v20220914.jar:/home/runner/.m2/repository/org/eclipse/jetty/jetty-http/9.4.49.v20220914/jetty-http-9.4.49.v20220914.jar:/home/runner/.m2/repository/org/eclipse/jetty/jetty-io/9.4.49.v20220914/jetty-io-9.4.49.v20220914.jar:/home/runner/.m2/repository/org/eclipse/jetty/jetty-webapp/9.4.49.v20220914/jetty-webapp-9.4.49.v20220914.jar:/home/runner/.m2/repository/org/eclipse/jetty/jetty-xml/9.4.49.v20220914/jetty-xml-9.4.49.v20220914.jar:/home/runner/.m2/repository/org/apache/hadoop/hadoop-common/3.3.4/hadoop-common-3.3.4.jar:/home/runner/.m2/repository/org/apache/commons/commons-math3/3.1.1/commons-math3-3.1.1.jar:/home/runner/.m2/repository/commons-net/commons-net/3.9.0/commons-net-3.9.0.jar:/home/runner/.m2/repository/com/sun/jersey/jersey-servlet/1.19/jersey-servlet-1.19.jar:/home/runner/.m2/repository/com/sun/jersey/jersey-json/1.19/jersey-json-1.19.jar:/home/runner/.m2/repository/org/codehaus/jettison/jettison/1.1/jettison-1.1.jar:/home/runner/.m2/repository/com/sun/xml/bind/jaxb-impl/2.2.3-1/jaxb-impl-2.2.3-1.jar:/home/runner/.m2/repository/org/codehaus/jackson/jackson-xc/1.9.2/jackson-xc-1.9.2.jar:/home/runner/.m2/repository/com/google/re2j/re2j/1.1/re2j-1.1.jar:/home/runner/.m2/repository/com/jcraft/jsch/0.1.54/jsch-0.1.54.jar:/home/runner/.m2/repository/org/apache/curator/curator-client/4.2.0/curator-client-4.2.0.jar:/home/runner/.m2/repository/org/apache/curator/curator-recipes/4.2.0/curator-recipes-4.2.0.jar:/home/runner/.m2/repository/org/apache/kerby/kerb-core/1.0.1/kerb-core-1.0.1.jar:/home/runner/.m2/repository/org/apache/kerby/kerby-pkix/1.0.1/kerby-pkix-1.0.1.jar:/home/runner/.m2/repository/org/apache/kerby/kerby-asn1/1.0.1/kerby-asn1-1.0.1.jar:/home/runner/.m2/repository/org/apache/kerby/kerby-util/1.0.1/kerby-util-1.0.1.jar:/home/runner/.m2/repository/dnsjava/dnsjava/2.1.7/dnsjava-2.1.7.jar:/home/runner/.m2/repository/org/xerial/snappy/snappy-java/1.1.8.2/snappy-java-1.1.8.2.jar:/home/runner/.m2/repository/org/eclipse/jetty/jetty-util/9.4.49.v20220914/jetty-util-9.4.49.v20220914.jar:/home/runner/.m2/repository/com/fasterxml/jackson/core/jackson-databind/2.13.4.2/jackson-databind-2.13.4.2.jar:/home/runner/.m2/repository/org/apache/hadoop/hadoop-kms/3.3.4/hadoop-kms-3.3.4-tests.jar:/home/runner/.m2/repository/org/apache/ozone/hdds-server-scm/1.4.0-SNAPSHOT/hdds-server-scm-1.4.0-SNAPSHOT-tests.jar:/home/runner/.m2/repository/org/apache/ozone/hdds-container-service/1.4.0-SNAPSHOT/hdds-container-service-1.4.0-SNAPSHOT-tests.jar:/home/runner/.m2/repository/com/github/luben/zstd-jni/1.5.2-5/zstd-jni-1.5.2-5.jar:/home/runner/.m2/repository/commons-codec/commons-codec/1.15/commons-codec-1.15.jar:/home/runner/.m2/repository/io/netty/netty-codec/4.1.77.Final/netty-codec-4.1.77.Final.jar:/home/runner/.m2/repository/io/netty/netty-handler/4.1.77.Final/netty-handler-4.1.77.Final.jar:/home/runner/.m2/repository/org/apache/ozone/hdds-hadoop-dependency-test/1.4.0-SNAPSHOT/hdds-hadoop-dependency-test-1.4.0-SNAPSHOT.jar:/home/runner/.m2/repository/org/apache/hadoop/hadoop-common/3.3.4/hadoop-common-3.3.4-tests.jar:/home/runner/.m2/repository/org/apache/hadoop/hadoop-hdfs/3.3.4/hadoop-hdfs-3.3.4-tests.jar:/home/runner/.m2/repository/org/assertj/assertj-core/3.12.2/assertj-core-3.12.2.jar:/home/runner/.m2/repository/org/apache/hadoop/hadoop-distcp/3.3.4/hadoop-distcp-3.3.4.jar:/home/runner/.m2/repository/org/apache/hadoop/hadoop-mapreduce-client-jobclient/3.3.4/hadoop-mapreduce-client-jobclient-3.3.4.jar:/home/runner/.m2/repository/org/apache/hadoop/hadoop-mapreduce-client-common/3.3.4/hadoop-mapreduce-client-common-3.3.4.jar:/home/runner/.m2/repository/org/apache/hadoop/hadoop-yarn-common/3.3.4/hadoop-yarn-common-3.3.4.jar:/home/runner/.m2/repository/org/apache/hadoop/hadoop-yarn-api/3.3.4/hadoop-yarn-api-3.3.4.jar:/home/runner/.m2/repository/com/sun/jersey/contribs/jersey-guice/1.19/jersey-guice-1.19.jar:/home/runner/.m2/repository/com/fasterxml/jackson/jaxrs/jackson-jaxrs-json-provider/2.13.4/jackson-jaxrs-json-provider-2.13.4.jar:/home/runner/.m2/repository/com/fasterxml/jackson/jaxrs/jackson-jaxrs-base/2.13.4/jackson-jaxrs-base-2.13.4.jar:/home/runner/.m2/repository/org/apache/hadoop/hadoop-yarn-client/3.3.4/hadoop-yarn-client-3.3.4.jar:/home/runner/.m2/repository/org/eclipse/jetty/websocket/websocket-client/9.4.43.v20210629/websocket-client-9.4.43.v20210629.jar:/home/runner/.m2/repository/org/eclipse/jetty/websocket/websocket-common/9.4.43.v20210629/websocket-common-9.4.43.v20210629.jar:/home/runner/.m2/repository/org/eclipse/jetty/websocket/websocket-api/9.4.43.v20210629/websocket-api-9.4.43.v20210629.jar:/home/runner/.m2/repository/org/jline/jline/3.9.0/jline-3.9.0.jar:/home/runner/.m2/repository/org/apache/hadoop/hadoop-mapreduce-client-core/3.3.4/hadoop-mapreduce-client-core-3.3.4.jar:/home/runner/.m2/repository/org/apache/avro/avro/1.7.7/avro-1.7.7.jar:/home/runner/.m2/repository/org/codehaus/jackson/jackson-core-asl/1.9.13/jackson-core-asl-1.9.13.jar:/home/runner/.m2/repository/org/codehaus/jackson/jackson-mapper-asl/1.9.13/jackson-mapper-asl-1.9.13.jar:/home/runner/.m2/repository/com/thoughtworks/paranamer/paranamer/2.3/paranamer-2.3.jar:/home/runner/.m2/repository/org/apache/hadoop/hadoop-annotations/3.3.4/hadoop-annotations-3.3.4.jar:/usr/lib/jvm/temurin-8-jdk-amd64/jre/../lib/tools.jar:/home/runner/.m2/repository/io/netty/netty/3.10.6.Final/netty-3.10.6.Final.jar:/home/runner/.m2/repository/org/apache/hadoop/hadoop-distcp/3.3.4/hadoop-distcp-3.3.4-tests.jar:/home/runner/.m2/repository/org/slf4j/jul-to-slf4j/1.7.36/jul-to-slf4j-1.7.36.jar:/home/runner/.m2/repository/org/apache/ratis/ratis-common/2.4.2-8b8bdda-SNAPSHOT/ratis-common-2.4.2-8b8bdda-SNAPSHOT.jar:/home/runner/.m2/repository/org/apache/ratis/ratis-thirdparty-misc/1.0.3/ratis-thirdparty-misc-1.0.3.jar:/home/runner/.m2/repository/org/apache/ratis/ratis-proto/2.4.2-8b8bdda-SNAPSHOT/ratis-proto-2.4.2-8b8bdda-SNAPSHOT.jar:"/>
    <property name="java.vm.vendor" value="Temurin"/>
    <property name="sun.arch.data.model" value="64"/>
    <property name="test.build.dir" value="/home/runner/work/ozone/ozone/hadoop-ozone/integration-test/target/test-dir"/>
    <property name="test.cache.data" value=""/>
    <property name="java.vendor.url" value="https://adoptium.net/"/>
    <property name="user.timezone" value="Etc/UTC"/>
    <property name="java.vm.specification.version" value="1.8"/>
    <property name="os.name" value="Linux"/>
    <property name="test.build.data" value="/home/runner/work/ozone/ozone/hadoop-ozone/integration-test/target/test-dir"/>
    <property name="sun.java.launcher" value="SUN_STANDARD"/>
    <property name="sun.boot.library.path" value="/usr/lib/jvm/temurin-8-jdk-amd64/jre/lib/amd64"/>
    <property name="sun.java.command" value="/home/runner/work/ozone/ozone/hadoop-ozone/integration-test/target/surefire/surefirebooter1897337920068123823.jar /home/runner/work/ozone/ozone/hadoop-ozone/integration-test/target/surefire 2023-01-10T20-42-22_923-jvmRun1 surefire5097289945339149152tmp surefire_403172410331441951818tmp"/>
    <property name="surefire.test.class.path" value="/home/runner/work/ozone/ozone/hadoop-ozone/integration-test/target/test-classes:/home/runner/work/ozone/ozone/hadoop-ozone/integration-test/target/classes:/home/runner/.m2/repository/org/apache/ozone/ozone-common/1.4.0-SNAPSHOT/ozone-common-1.4.0-SNAPSHOT.jar:/home/runner/.m2/repository/io/grpc/grpc-netty/1.48.1/grpc-netty-1.48.1.jar:/home/runner/.m2/repository/io/grpc/grpc-core/1.48.1/grpc-core-1.48.1.jar:/home/runner/.m2/repository/com/google/android/annotations/4.1.1.4/annotations-4.1.1.4.jar:/home/runner/.m2/repository/org/codehaus/mojo/animal-sniffer-annotations/1.21/animal-sniffer-annotations-1.21.jar:/home/runner/.m2/repository/com/google/errorprone/error_prone_annotations/2.2.0/error_prone_annotations-2.2.0.jar:/home/runner/.m2/repository/io/perfmark/perfmark-api/0.25.0/perfmark-api-0.25.0.jar:/home/runner/.m2/repository/io/netty/netty-codec-http2/4.1.77.Final/netty-codec-http2-4.1.77.Final.jar:/home/runner/.m2/repository/io/netty/netty-common/4.1.77.Final/netty-common-4.1.77.Final.jar:/home/runner/.m2/repository/io/netty/netty-buffer/4.1.77.Final/netty-buffer-4.1.77.Final.jar:/home/runner/.m2/repository/io/netty/netty-codec-http/4.1.77.Final/netty-codec-http-4.1.77.Final.jar:/home/runner/.m2/repository/io/netty/netty-handler-proxy/4.1.77.Final/netty-handler-proxy-4.1.77.Final.jar:/home/runner/.m2/repository/io/netty/netty-codec-socks/4.1.77.Final/netty-codec-socks-4.1.77.Final.jar:/home/runner/.m2/repository/io/netty/netty-tcnative-boringssl-static/2.0.52.Final/netty-tcnative-boringssl-static-2.0.52.Final.jar:/home/runner/.m2/repository/io/netty/netty-tcnative-classes/2.0.52.Final/netty-tcnative-classes-2.0.52.Final.jar:/home/runner/.m2/repository/io/netty/netty-tcnative-boringssl-static/2.0.52.Final/netty-tcnative-boringssl-static-2.0.52.Final-linux-x86_64.jar:/home/runner/.m2/repository/io/netty/netty-tcnative-boringssl-static/2.0.52.Final/netty-tcnative-boringssl-static-2.0.52.Final-linux-aarch_64.jar:/home/runner/.m2/repository/io/netty/netty-tcnative-boringssl-static/2.0.52.Final/netty-tcnative-boringssl-static-2.0.52.Final-osx-x86_64.jar:/home/runner/.m2/repository/io/netty/netty-tcnative-boringssl-static/2.0.52.Final/netty-tcnative-boringssl-static-2.0.52.Final-osx-aarch_64.jar:/home/runner/.m2/repository/io/netty/netty-tcnative-boringssl-static/2.0.52.Final/netty-tcnative-boringssl-static-2.0.52.Final-windows-x86_64.jar:/home/runner/.m2/repository/org/apache/commons/commons-compress/1.21/commons-compress-1.21.jar:/home/runner/.m2/repository/org/apache/ozone/hdds-common/1.4.0-SNAPSHOT/hdds-common-1.4.0-SNAPSHOT.jar:/home/runner/.m2/repository/org/apache/ozone/hdds-client/1.4.0-SNAPSHOT/hdds-client-1.4.0-SNAPSHOT.jar:/home/runner/.m2/repository/org/apache/ozone/ozone-interface-client/1.4.0-SNAPSHOT/ozone-interface-client-1.4.0-SNAPSHOT.jar:/home/runner/.m2/repository/org/apache/ozone/hdds-test-utils/1.4.0-SNAPSHOT/hdds-test-utils-1.4.0-SNAPSHOT.jar:/home/runner/.m2/repository/com/google/guava/guava/31.1-jre/guava-31.1-jre.jar:/home/runner/.m2/repository/com/google/guava/failureaccess/1.0.1/failureaccess-1.0.1.jar:/home/runner/.m2/repository/com/google/guava/listenablefuture/9999.0-empty-to-avoid-conflict-with-guava/listenablefuture-9999.0-empty-to-avoid-conflict-with-guava.jar:/home/runner/.m2/repository/com/google/code/findbugs/jsr305/3.0.0/jsr305-3.0.0.jar:/home/runner/.m2/repository/org/checkerframework/checker-qual/3.12.0/checker-qual-3.12.0.jar:/home/runner/.m2/repository/com/google/j2objc/j2objc-annotations/1.3/j2objc-annotations-1.3.jar:/home/runner/.m2/repository/commons-io/commons-io/2.11.0/commons-io-2.11.0.jar:/home/runner/.m2/repository/commons-logging/commons-logging/1.2/commons-logging-1.2.jar:/home/runner/.m2/repository/ch/qos/reload4j/reload4j/1.2.22/reload4j-1.2.22.jar:/home/runner/.m2/repository/org/slf4j/slf4j-api/1.7.36/slf4j-api-1.7.36.jar:/home/runner/.m2/repository/org/apache/ozone/hdds-server-scm/1.4.0-SNAPSHOT/hdds-server-scm-1.4.0-SNAPSHOT.jar:/home/runner/.m2/repository/org/apache/ozone/hdds-container-service/1.4.0-SNAPSHOT/hdds-container-service-1.4.0-SNAPSHOT.jar:/home/runner/.m2/repository/org/apache/ozone/hdds-hadoop-dependency-server/1.4.0-SNAPSHOT/hdds-hadoop-dependency-server-1.4.0-SNAPSHOT.jar:/home/runner/.m2/repository/org/apache/hadoop/hadoop-hdfs/3.3.4/hadoop-hdfs-3.3.4.jar:/home/runner/.m2/repository/org/eclipse/jetty/jetty-util-ajax/9.4.49.v20220914/jetty-util-ajax-9.4.49.v20220914.jar:/home/runner/.m2/repository/commons-daemon/commons-daemon/1.0.13/commons-daemon-1.0.13.jar:/home/runner/.m2/repository/org/apache/ozone/hdds-server-framework/1.4.0-SNAPSHOT/hdds-server-framework-1.4.0-SNAPSHOT.jar:/home/runner/.m2/repository/org/apache/ozone/hdds-interface-server/1.4.0-SNAPSHOT/hdds-interface-server-1.4.0-SNAPSHOT.jar:/home/runner/.m2/repository/org/apache/commons/commons-configuration2/2.1.1/commons-configuration2-2.1.1.jar:/home/runner/.m2/repository/org/apache/logging/log4j/log4j-core/2.17.1/log4j-core-2.17.1.jar:/home/runner/.m2/repository/com/lmax/disruptor/3.4.2/disruptor-3.4.2.jar:/home/runner/.m2/repository/org/eclipse/jetty/jetty-servlet/9.4.49.v20220914/jetty-servlet-9.4.49.v20220914.jar:/home/runner/.m2/repository/org/eclipse/jetty/jetty-security/9.4.49.v20220914/jetty-security-9.4.49.v20220914.jar:/home/runner/.m2/repository/org/rocksdb/rocksdbjni/7.7.3/rocksdbjni-7.7.3.jar:/home/runner/.m2/repository/io/prometheus/simpleclient_dropwizard/0.7.0/simpleclient_dropwizard-0.7.0.jar:/home/runner/.m2/repository/io/prometheus/simpleclient/0.7.0/simpleclient-0.7.0.jar:/home/runner/.m2/repository/io/prometheus/simpleclient_common/0.7.0/simpleclient_common-0.7.0.jar:/home/runner/.m2/repository/com/github/spotbugs/spotbugs-annotations/3.1.12/spotbugs-annotations-3.1.12.jar:/home/runner/.m2/repository/io/dropwizard/metrics/metrics-core/3.2.4/metrics-core-3.2.4.jar:/home/runner/.m2/repository/org/apache/commons/commons-text/1.4/commons-text-1.4.jar:/home/runner/.m2/repository/org/apache/hadoop/hadoop-hdfs-client/3.3.4/hadoop-hdfs-client-3.3.4.jar:/home/runner/.m2/repository/com/squareup/okhttp3/okhttp/4.9.3/okhttp-4.9.3.jar:/home/runner/.m2/repository/com/squareup/okio/okio/2.8.0/okio-2.8.0.jar:/home/runner/.m2/repository/org/jetbrains/kotlin/kotlin-stdlib-common/1.4.10/kotlin-stdlib-common-1.4.10.jar:/home/runner/.m2/repository/org/bouncycastle/bcprov-jdk15on/1.67/bcprov-jdk15on-1.67.jar:/home/runner/.m2/repository/com/google/protobuf/protobuf-java/2.5.0/protobuf-java-2.5.0.jar:/home/runner/.m2/repository/org/apache/ozone/ozone-manager/1.4.0-SNAPSHOT/ozone-manager-1.4.0-SNAPSHOT.jar:/home/runner/.m2/repository/org/aspectj/aspectjrt/1.9.7/aspectjrt-1.9.7.jar:/home/runner/.m2/repository/org/aspectj/aspectjweaver/1.9.7/aspectjweaver-1.9.7.jar:/home/runner/.m2/repository/org/apache/ozone/hdds-interface-client/1.4.0-SNAPSHOT/hdds-interface-client-1.4.0-SNAPSHOT.jar:/home/runner/.m2/repository/org/apache/hadoop/thirdparty/hadoop-shaded-protobuf_3_7/1.1.1/hadoop-shaded-protobuf_3_7-1.1.1.jar:/home/runner/.m2/repository/org/apache/ozone/ozone-interface-storage/1.4.0-SNAPSHOT/ozone-interface-storage-1.4.0-SNAPSHOT.jar:/home/runner/.m2/repository/org/reflections/reflections/0.9.11/reflections-0.9.11.jar:/home/runner/.m2/repository/com/sun/jersey/jersey-client/1.19/jersey-client-1.19.jar:/home/runner/.m2/repository/org/apache/ranger/ranger-intg/2.3.0/ranger-intg-2.3.0.jar:/home/runner/.m2/repository/org/apache/ranger/ranger-plugins-common/2.3.0/ranger-plugins-common-2.3.0.jar:/home/runner/.m2/repository/commons-lang/commons-lang/2.6/commons-lang-2.6.jar:/home/runner/.m2/repository/org/codehaus/jackson/jackson-jaxrs/1.9.13/jackson-jaxrs-1.9.13.jar:/home/runner/.m2/repository/org/apache/ranger/ranger-plugins-cred/2.3.0/ranger-plugins-cred-2.3.0.jar:/home/runner/.m2/repository/org/apache/ranger/ranger-plugins-audit/2.3.0/ranger-plugins-audit-2.3.0.jar:/home/runner/.m2/repository/org/eclipse/jetty/jetty-client/9.4.31.v20200723/jetty-client-9.4.31.v20200723.jar:/home/runner/.m2/repository/org/apache/httpcomponents/httpmime/4.5.6/httpmime-4.5.6.jar:/home/runner/.m2/repository/org/apache/httpcomponents/httpcore-nio/4.4.6/httpcore-nio-4.4.6.jar:/home/runner/.m2/repository/org/apache/httpcomponents/httpasyncclient/4.1.3/httpasyncclient-4.1.3.jar:/home/runner/.m2/repository/com/carrotsearch/hppc/0.8.0/hppc-0.8.0.jar:/home/runner/.m2/repository/org/apache/orc/orc-core/1.5.8/orc-core-1.5.8.jar:/home/runner/.m2/repository/net/java/dev/jna/jna/5.2.0/jna-5.2.0.jar:/home/runner/.m2/repository/net/java/dev/jna/jna-platform/5.2.0/jna-platform-5.2.0.jar:/home/runner/.m2/repository/com/kstruct/gethostname4j/0.0.2/gethostname4j-0.0.2.jar:/home/runner/.m2/repository/org/apache/ranger/ranger-plugin-classloader/2.3.0/ranger-plugin-classloader-2.3.0.jar:/home/runner/.m2/repository/org/apache/hadoop/hadoop-minikdc/3.3.4/hadoop-minikdc-3.3.4.jar:/home/runner/.m2/repository/org/apache/kerby/kerb-simplekdc/1.0.1/kerb-simplekdc-1.0.1.jar:/home/runner/.m2/repository/org/apache/kerby/kerb-client/1.0.1/kerb-client-1.0.1.jar:/home/runner/.m2/repository/org/apache/kerby/kerby-config/1.0.1/kerby-config-1.0.1.jar:/home/runner/.m2/repository/org/apache/kerby/kerb-common/1.0.1/kerb-common-1.0.1.jar:/home/runner/.m2/repository/org/apache/kerby/kerb-crypto/1.0.1/kerb-crypto-1.0.1.jar:/home/runner/.m2/repository/org/apache/kerby/kerb-util/1.0.1/kerb-util-1.0.1.jar:/home/runner/.m2/repository/org/apache/kerby/token-provider/1.0.1/token-provider-1.0.1.jar:/home/runner/.m2/repository/org/apache/kerby/kerb-admin/1.0.1/kerb-admin-1.0.1.jar:/home/runner/.m2/repository/org/apache/kerby/kerb-server/1.0.1/kerb-server-1.0.1.jar:/home/runner/.m2/repository/org/apache/kerby/kerb-identity/1.0.1/kerb-identity-1.0.1.jar:/home/runner/.m2/repository/org/apache/kerby/kerby-xdr/1.0.1/kerby-xdr-1.0.1.jar:/home/runner/.m2/repository/org/apache/ozone/ozone-s3gateway/1.4.0-SNAPSHOT/ozone-s3gateway-1.4.0-SNAPSHOT.jar:/home/runner/.m2/repository/org/javassist/javassist/3.21.0-GA/javassist-3.21.0-GA.jar:/home/runner/.m2/repository/org/jboss/weld/servlet/weld-servlet/2.4.7.Final/weld-servlet-2.4.7.Final.jar:/home/runner/.m2/repository/org/glassfish/jersey/containers/jersey-container-servlet-core/2.34/jersey-container-servlet-core-2.34.jar:/home/runner/.m2/repository/org/glassfish/hk2/external/jakarta.inject/2.6.1/jakarta.inject-2.6.1.jar:/home/runner/.m2/repository/org/glassfish/jersey/core/jersey-common/2.34/jersey-common-2.34.jar:/home/runner/.m2/repository/jakarta/ws/rs/jakarta.ws.rs-api/2.1.6/jakarta.ws.rs-api-2.1.6.jar:/home/runner/.m2/repository/org/glassfish/jersey/ext/cdi/jersey-cdi1x/2.34/jersey-cdi1x-2.34.jar:/home/runner/.m2/repository/org/glassfish/jersey/inject/jersey-hk2/2.34/jersey-hk2-2.34.jar:/home/runner/.m2/repository/org/glassfish/hk2/hk2-locator/2.6.1/hk2-locator-2.6.1.jar:/home/runner/.m2/repository/org/glassfish/jersey/media/jersey-media-jaxb/2.34/jersey-media-jaxb-2.34.jar:/home/runner/.m2/repository/org/glassfish/hk2/osgi-resource-locator/1.0.3/osgi-resource-locator-1.0.3.jar:/home/runner/.m2/repository/org/glassfish/hk2/hk2-api/2.5.0/hk2-api-2.5.0.jar:/home/runner/.m2/repository/org/glassfish/hk2/hk2-utils/2.5.0/hk2-utils-2.5.0.jar:/home/runner/.m2/repository/org/glassfish/hk2/external/aopalliance-repackaged/2.5.0/aopalliance-repackaged-2.5.0.jar:/home/runner/.m2/repository/com/fasterxml/jackson/dataformat/jackson-dataformat-xml/2.13.4/jackson-dataformat-xml-2.13.4.jar:/home/runner/.m2/repository/com/fasterxml/jackson/core/jackson-core/2.13.4/jackson-core-2.13.4.jar:/home/runner/.m2/repository/org/codehaus/woodstox/stax2-api/4.2.1/stax2-api-4.2.1.jar:/home/runner/.m2/repository/com/fasterxml/woodstox/woodstox-core/5.4.0/woodstox-core-5.4.0.jar:/home/runner/.m2/repository/com/fasterxml/jackson/module/jackson-module-jaxb-annotations/2.13.4/jackson-module-jaxb-annotations-2.13.4.jar:/home/runner/.m2/repository/jakarta/xml/bind/jakarta.xml.bind-api/2.3.3/jakarta.xml.bind-api-2.3.3.jar:/home/runner/.m2/repository/jakarta/activation/jakarta.activation-api/1.2.1/jakarta.activation-api-1.2.1.jar:/home/runner/.m2/repository/javax/enterprise/cdi-api/1.2/cdi-api-1.2.jar:/home/runner/.m2/repository/javax/el/javax.el-api/3.0.0/javax.el-api-3.0.0.jar:/home/runner/.m2/repository/javax/interceptor/javax.interceptor-api/1.2/javax.interceptor-api-1.2.jar:/home/runner/.m2/repository/javax/inject/javax.inject/1/javax.inject-1.jar:/home/runner/.m2/repository/javax/xml/bind/jaxb-api/2.3.0/jaxb-api-2.3.0.jar:/home/runner/.m2/repository/org/glassfish/jaxb/jaxb-runtime/2.3.0.1/jaxb-runtime-2.3.0.1.jar:/home/runner/.m2/repository/org/glassfish/jaxb/jaxb-core/2.3.0.1/jaxb-core-2.3.0.1.jar:/home/runner/.m2/repository/org/glassfish/jaxb/txw2/2.3.0.1/txw2-2.3.0.1.jar:/home/runner/.m2/repository/com/sun/istack/istack-commons-runtime/3.0.5/istack-commons-runtime-3.0.5.jar:/home/runner/.m2/repository/org/jvnet/staxex/stax-ex/1.7.8/stax-ex-1.7.8.jar:/home/runner/.m2/repository/com/sun/xml/fastinfoset/FastInfoset/1.2.13/FastInfoset-1.2.13.jar:/home/runner/.m2/repository/javax/activation/activation/1.1.1/activation-1.1.1.jar:/home/runner/.m2/repository/io/grpc/grpc-protobuf/1.48.1/grpc-protobuf-1.48.1.jar:/home/runner/.m2/repository/io/grpc/grpc-api/1.48.1/grpc-api-1.48.1.jar:/home/runner/.m2/repository/io/grpc/grpc-context/1.48.1/grpc-context-1.48.1.jar:/home/runner/.m2/repository/com/google/api/grpc/proto-google-common-protos/2.9.0/proto-google-common-protos-2.9.0.jar:/home/runner/.m2/repository/io/grpc/grpc-protobuf-lite/1.48.1/grpc-protobuf-lite-1.48.1.jar:/home/runner/.m2/repository/io/grpc/grpc-stub/1.48.1/grpc-stub-1.48.1.jar:/home/runner/.m2/repository/io/netty/netty-transport/4.1.77.Final/netty-transport-4.1.77.Final.jar:/home/runner/.m2/repository/io/netty/netty-resolver/4.1.77.Final/netty-resolver-4.1.77.Final.jar:/home/runner/.m2/repository/org/apache/ozone/ozone-csi/1.4.0-SNAPSHOT/ozone-csi-1.4.0-SNAPSHOT.jar:/home/runner/.m2/repository/com/google/protobuf/protobuf-java-util/3.19.6/protobuf-java-util-3.19.6.jar:/home/runner/.m2/repository/com/google/code/gson/gson/2.9.0/gson-2.9.0.jar:/home/runner/.m2/repository/org/apache/ozone/hdds-config/1.4.0-SNAPSHOT/hdds-config-1.4.0-SNAPSHOT.jar:/home/runner/.m2/repository/io/netty/netty-transport-native-epoll/4.1.77.Final/netty-transport-native-epoll-4.1.77.Final-linux-x86_64.jar:/home/runner/.m2/repository/io/netty/netty-transport-classes-epoll/4.1.77.Final/netty-transport-classes-epoll-4.1.77.Final.jar:/home/runner/.m2/repository/io/netty/netty-transport-native-unix-common/4.1.77.Final/netty-transport-native-unix-common-4.1.77.Final.jar:/home/runner/.m2/repository/org/slf4j/slf4j-reload4j/1.7.36/slf4j-reload4j-1.7.36.jar:/home/runner/.m2/repository/org/apache/ozone/ozone-recon/1.4.0-SNAPSHOT/ozone-recon-1.4.0-SNAPSHOT.jar:/home/runner/.m2/repository/org/apache/ozone/ozone-reconcodegen/1.4.0-SNAPSHOT/ozone-reconcodegen-1.4.0-SNAPSHOT.jar:/home/runner/.m2/repository/com/google/inject/extensions/guice-multibindings/4.0/guice-multibindings-4.0.jar:/home/runner/.m2/repository/com/google/inject/guice/4.0/guice-4.0.jar:/home/runner/.m2/repository/aopalliance/aopalliance/1.0/aopalliance-1.0.jar:/home/runner/.m2/repository/com/google/inject/extensions/guice-assistedinject/4.0/guice-assistedinject-4.0.jar:/home/runner/.m2/repository/com/google/inject/extensions/guice-servlet/4.0/guice-servlet-4.0.jar:/home/runner/.m2/repository/org/glassfish/jersey/containers/jersey-container-servlet/2.34/jersey-container-servlet-2.34.jar:/home/runner/.m2/repository/org/glassfish/hk2/guice-bridge/2.5.0/guice-bridge-2.5.0.jar:/home/runner/.m2/repository/org/glassfish/jersey/core/jersey-server/2.34/jersey-server-2.34.jar:/home/runner/.m2/repository/org/glassfish/jersey/core/jersey-client/2.34/jersey-client-2.34.jar:/home/runner/.m2/repository/jakarta/annotation/jakarta.annotation-api/1.3.5/jakarta.annotation-api-1.3.5.jar:/home/runner/.m2/repository/jakarta/validation/jakarta.validation-api/2.0.2/jakarta.validation-api-2.0.2.jar:/home/runner/.m2/repository/org/glassfish/jersey/media/jersey-media-json-jackson/2.34/jersey-media-json-jackson-2.34.jar:/home/runner/.m2/repository/org/glassfish/jersey/ext/jersey-entity-filtering/2.34/jersey-entity-filtering-2.34.jar:/home/runner/.m2/repository/org/jooq/jooq/3.11.10/jooq-3.11.10.jar:/home/runner/.m2/repository/org/jooq/jooq-meta/3.11.10/jooq-meta-3.11.10.jar:/home/runner/.m2/repository/org/jooq/jooq-codegen/3.11.10/jooq-codegen-3.11.10.jar:/home/runner/.m2/repository/com/jolbox/bonecp/0.8.0.RELEASE/bonecp-0.8.0.RELEASE.jar:/home/runner/.m2/repository/org/apache/derby/derby/10.14.2.0/derby-10.14.2.0.jar:/home/runner/.m2/repository/org/xerial/sqlite-jdbc/3.25.2/sqlite-jdbc-3.25.2.jar:/home/runner/.m2/repository/org/springframework/spring-jdbc/5.3.23/spring-jdbc-5.3.23.jar:/home/runner/.m2/repository/org/springframework/spring-beans/5.3.23/spring-beans-5.3.23.jar:/home/runner/.m2/repository/org/springframework/spring-core/5.3.23/spring-core-5.3.23.jar:/home/runner/.m2/repository/org/springframework/spring-jcl/5.3.23/spring-jcl-5.3.23.jar:/home/runner/.m2/repository/org/springframework/spring-tx/5.3.23/spring-tx-5.3.23.jar:/home/runner/.m2/repository/org/apache/ozone/ozone-client/1.4.0-SNAPSHOT/ozone-client-1.4.0-SNAPSHOT.jar:/home/runner/.m2/repository/org/apache/ozone/hdds-erasurecode/1.4.0-SNAPSHOT/hdds-erasurecode-1.4.0-SNAPSHOT.jar:/home/runner/.m2/repository/org/apache/ozone/ozone-filesystem/1.4.0-SNAPSHOT/ozone-filesystem-1.4.0-SNAPSHOT.jar:/home/runner/.m2/repository/org/apache/ozone/ozone-filesystem-common/1.4.0-SNAPSHOT/ozone-filesystem-common-1.4.0-SNAPSHOT.jar:/home/runner/.m2/repository/org/apache/ozone/ozone-tools/1.4.0-SNAPSHOT/ozone-tools-1.4.0-SNAPSHOT.jar:/home/runner/.m2/repository/org/apache/ratis/ratis-tools/2.4.2-8b8bdda-SNAPSHOT/ratis-tools-2.4.2-8b8bdda-SNAPSHOT.jar:/home/runner/.m2/repository/com/amazonaws/aws-java-sdk-core/1.12.261/aws-java-sdk-core-1.12.261.jar:/home/runner/.m2/repository/org/apache/httpcomponents/httpclient/4.5.13/httpclient-4.5.13.jar:/home/runner/.m2/repository/org/apache/httpcomponents/httpcore/4.4.13/httpcore-4.4.13.jar:/home/runner/.m2/repository/software/amazon/ion/ion-java/1.0.2/ion-java-1.0.2.jar:/home/runner/.m2/repository/com/fasterxml/jackson/dataformat/jackson-dataformat-cbor/2.13.4/jackson-dataformat-cbor-2.13.4.jar:/home/runner/.m2/repository/joda-time/joda-time/2.8.1/joda-time-2.8.1.jar:/home/runner/.m2/repository/com/amazonaws/aws-java-sdk-s3/1.12.261/aws-java-sdk-s3-1.12.261.jar:/home/runner/.m2/repository/com/amazonaws/aws-java-sdk-kms/1.12.261/aws-java-sdk-kms-1.12.261.jar:/home/runner/.m2/repository/com/amazonaws/jmespath-java/1.12.261/jmespath-java-1.12.261.jar:/home/runner/.m2/repository/org/kohsuke/metainf-services/metainf-services/1.8/metainf-services-1.8.jar:/home/runner/.m2/repository/org/apache/ozone/hdds-tools/1.4.0-SNAPSHOT/hdds-tools-1.4.0-SNAPSHOT.jar:/home/runner/.m2/repository/commons-cli/commons-cli/1.2/commons-cli-1.2.jar:/home/runner/.m2/repository/org/apache/commons/commons-lang3/3.7/commons-lang3-3.7.jar:/home/runner/.m2/repository/org/apache/ozone/ozone-manager/1.4.0-SNAPSHOT/ozone-manager-1.4.0-SNAPSHOT-tests.jar:/home/runner/.m2/repository/org/apache/ozone/hdds-common/1.4.0-SNAPSHOT/hdds-common-1.4.0-SNAPSHOT-tests.jar:/home/runner/.m2/repository/org/apache/ozone/hdds-hadoop-dependency-client/1.4.0-SNAPSHOT/hdds-hadoop-dependency-client-1.4.0-SNAPSHOT.jar:/home/runner/.m2/repository/info/picocli/picocli/4.6.1/picocli-4.6.1.jar:/home/runner/.m2/repository/com/fasterxml/jackson/core/jackson-annotations/2.13.4/jackson-annotations-2.13.4.jar:/home/runner/.m2/repository/com/fasterxml/jackson/datatype/jackson-datatype-jsr310/2.13.4/jackson-datatype-jsr310-2.13.4.jar:/home/runner/.m2/repository/org/apache/ozone/hdds-annotation-processing/1.4.0-SNAPSHOT/hdds-annotation-processing-1.4.0-SNAPSHOT.jar:/home/runner/.m2/repository/javax/annotation/javax.annotation-api/1.2/javax.annotation-api-1.2.jar:/home/runner/.m2/repository/org/apache/ratis/ratis-server/2.4.2-8b8bdda-SNAPSHOT/ratis-server-2.4.2-8b8bdda-SNAPSHOT.jar:/home/runner/.m2/repository/org/apache/ratis/ratis-client/2.4.2-8b8bdda-SNAPSHOT/ratis-client-2.4.2-8b8bdda-SNAPSHOT.jar:/home/runner/.m2/repository/org/apache/ratis/ratis-server-api/2.4.2-8b8bdda-SNAPSHOT/ratis-server-api-2.4.2-8b8bdda-SNAPSHOT.jar:/home/runner/.m2/repository/org/apache/ratis/ratis-metrics/2.4.2-8b8bdda-SNAPSHOT/ratis-metrics-2.4.2-8b8bdda-SNAPSHOT.jar:/home/runner/.m2/repository/org/apache/ratis/ratis-netty/2.4.2-8b8bdda-SNAPSHOT/ratis-netty-2.4.2-8b8bdda-SNAPSHOT.jar:/home/runner/.m2/repository/org/apache/ratis/ratis-grpc/2.4.2-8b8bdda-SNAPSHOT/ratis-grpc-2.4.2-8b8bdda-SNAPSHOT.jar:/home/runner/.m2/repository/org/apache/logging/log4j/log4j-api/2.17.1/log4j-api-2.17.1.jar:/home/runner/.m2/repository/org/apache/commons/commons-pool2/2.6.0/commons-pool2-2.6.0.jar:/home/runner/.m2/repository/org/bouncycastle/bcpkix-jdk15on/1.67/bcpkix-jdk15on-1.67.jar:/home/runner/.m2/repository/commons-validator/commons-validator/1.6/commons-validator-1.6.jar:/home/runner/.m2/repository/commons-beanutils/commons-beanutils/1.9.4/commons-beanutils-1.9.4.jar:/home/runner/.m2/repository/commons-digester/commons-digester/1.8.1/commons-digester-1.8.1.jar:/home/runner/.m2/repository/commons-collections/commons-collections/3.2.2/commons-collections-3.2.2.jar:/home/runner/.m2/repository/io/jaegertracing/jaeger-client/1.6.0/jaeger-client-1.6.0.jar:/home/runner/.m2/repository/io/jaegertracing/jaeger-thrift/1.6.0/jaeger-thrift-1.6.0.jar:/home/runner/.m2/repository/org/apache/thrift/libthrift/0.14.1/libthrift-0.14.1.jar:/home/runner/.m2/repository/io/jaegertracing/jaeger-core/1.6.0/jaeger-core-1.6.0.jar:/home/runner/.m2/repository/io/jaegertracing/jaeger-tracerresolver/1.6.0/jaeger-tracerresolver-1.6.0.jar:/home/runner/.m2/repository/io/opentracing/contrib/opentracing-tracerresolver/0.1.8/opentracing-tracerresolver-0.1.8.jar:/home/runner/.m2/repository/org/jetbrains/kotlin/kotlin-stdlib/1.6.21/kotlin-stdlib-1.6.21.jar:/home/runner/.m2/repository/org/jetbrains/annotations/13.0/annotations-13.0.jar:/home/runner/.m2/repository/io/opentracing/opentracing-util/0.33.0/opentracing-util-0.33.0.jar:/home/runner/.m2/repository/io/opentracing/opentracing-api/0.33.0/opentracing-api-0.33.0.jar:/home/runner/.m2/repository/io/opentracing/opentracing-noop/0.33.0/opentracing-noop-0.33.0.jar:/home/runner/.m2/repository/org/yaml/snakeyaml/1.33/snakeyaml-1.33.jar:/home/runner/.m2/repository/org/apache/ozone/hdds-interface-admin/1.4.0-SNAPSHOT/hdds-interface-admin-1.4.0-SNAPSHOT.jar:/home/runner/.m2/repository/junit/junit/4.13.1/junit-4.13.1.jar:/home/runner/.m2/repository/org/hamcrest/hamcrest-core/1.3/hamcrest-core-1.3.jar:/home/runner/.m2/repository/org/junit/jupiter/junit-jupiter-api/5.8.2/junit-jupiter-api-5.8.2.jar:/home/runner/.m2/repository/org/opentest4j/opentest4j/1.2.0/opentest4j-1.2.0.jar:/home/runner/.m2/repository/org/junit/platform/junit-platform-commons/1.8.2/junit-platform-commons-1.8.2.jar:/home/runner/.m2/repository/org/apiguardian/apiguardian-api/1.1.2/apiguardian-api-1.1.2.jar:/home/runner/.m2/repository/org/junit/jupiter/junit-jupiter-params/5.8.2/junit-jupiter-params-5.8.2.jar:/home/runner/.m2/repository/org/junit/jupiter/junit-jupiter-migrationsupport/5.8.2/junit-jupiter-migrationsupport-5.8.2.jar:/home/runner/.m2/repository/org/junit/jupiter/junit-jupiter-engine/5.8.2/junit-jupiter-engine-5.8.2.jar:/home/runner/.m2/repository/org/junit/platform/junit-platform-engine/1.8.2/junit-platform-engine-1.8.2.jar:/home/runner/.m2/repository/org/junit/vintage/junit-vintage-engine/5.8.2/junit-vintage-engine-5.8.2.jar:/home/runner/.m2/repository/org/junit/platform/junit-platform-launcher/1.8.2/junit-platform-launcher-1.8.2.jar:/home/runner/.m2/repository/org/mockito/mockito-core/2.28.2/mockito-core-2.28.2.jar:/home/runner/.m2/repository/net/bytebuddy/byte-buddy/1.9.10/byte-buddy-1.9.10.jar:/home/runner/.m2/repository/net/bytebuddy/byte-buddy-agent/1.9.10/byte-buddy-agent-1.9.10.jar:/home/runner/.m2/repository/org/objenesis/objenesis/1.0/objenesis-1.0.jar:/home/runner/.m2/repository/org/apache/hadoop/hadoop-kms/3.3.4/hadoop-kms-3.3.4.jar:/home/runner/.m2/repository/org/apache/hadoop/hadoop-auth/3.3.4/hadoop-auth-3.3.4.jar:/home/runner/.m2/repository/com/nimbusds/nimbus-jose-jwt/9.8.1/nimbus-jose-jwt-9.8.1.jar:/home/runner/.m2/repository/com/github/stephenc/jcip/jcip-annotations/1.0-1/jcip-annotations-1.0-1.jar:/home/runner/.m2/repository/net/minidev/json-smart/2.4.7/json-smart-2.4.7.jar:/home/runner/.m2/repository/net/minidev/accessors-smart/2.4.7/accessors-smart-2.4.7.jar:/home/runner/.m2/repository/org/ow2/asm/asm/5.0.4/asm-5.0.4.jar:/home/runner/.m2/repository/org/apache/zookeeper/zookeeper/3.5.6/zookeeper-3.5.6.jar:/home/runner/.m2/repository/org/apache/zookeeper/zookeeper-jute/3.5.6/zookeeper-jute-3.5.6.jar:/home/runner/.m2/repository/org/apache/yetus/audience-annotations/0.5.0/audience-annotations-0.5.0.jar:/home/runner/.m2/repository/org/apache/curator/curator-framework/4.2.0/curator-framework-4.2.0.jar:/home/runner/.m2/repository/org/apache/hadoop/thirdparty/hadoop-shaded-guava/1.1.1/hadoop-shaded-guava-1.1.1.jar:/home/runner/.m2/repository/com/sun/jersey/jersey-core/1.19/jersey-core-1.19.jar:/home/runner/.m2/repository/javax/ws/rs/jsr311-api/1.1.1/jsr311-api-1.1.1.jar:/home/runner/.m2/repository/com/sun/jersey/jersey-server/1.19/jersey-server-1.19.jar:/home/runner/.m2/repository/javax/servlet/javax.servlet-api/3.1.0/javax.servlet-api-3.1.0.jar:/home/runner/.m2/repository/org/eclipse/jetty/jetty-server/9.4.49.v20220914/jetty-server-9.4.49.v20220914.jar:/home/runner/.m2/repository/org/eclipse/jetty/jetty-http/9.4.49.v20220914/jetty-http-9.4.49.v20220914.jar:/home/runner/.m2/repository/org/eclipse/jetty/jetty-io/9.4.49.v20220914/jetty-io-9.4.49.v20220914.jar:/home/runner/.m2/repository/org/eclipse/jetty/jetty-webapp/9.4.49.v20220914/jetty-webapp-9.4.49.v20220914.jar:/home/runner/.m2/repository/org/eclipse/jetty/jetty-xml/9.4.49.v20220914/jetty-xml-9.4.49.v20220914.jar:/home/runner/.m2/repository/org/apache/hadoop/hadoop-common/3.3.4/hadoop-common-3.3.4.jar:/home/runner/.m2/repository/org/apache/commons/commons-math3/3.1.1/commons-math3-3.1.1.jar:/home/runner/.m2/repository/commons-net/commons-net/3.9.0/commons-net-3.9.0.jar:/home/runner/.m2/repository/com/sun/jersey/jersey-servlet/1.19/jersey-servlet-1.19.jar:/home/runner/.m2/repository/com/sun/jersey/jersey-json/1.19/jersey-json-1.19.jar:/home/runner/.m2/repository/org/codehaus/jettison/jettison/1.1/jettison-1.1.jar:/home/runner/.m2/repository/com/sun/xml/bind/jaxb-impl/2.2.3-1/jaxb-impl-2.2.3-1.jar:/home/runner/.m2/repository/org/codehaus/jackson/jackson-xc/1.9.2/jackson-xc-1.9.2.jar:/home/runner/.m2/repository/com/google/re2j/re2j/1.1/re2j-1.1.jar:/home/runner/.m2/repository/com/jcraft/jsch/0.1.54/jsch-0.1.54.jar:/home/runner/.m2/repository/org/apache/curator/curator-client/4.2.0/curator-client-4.2.0.jar:/home/runner/.m2/repository/org/apache/curator/curator-recipes/4.2.0/curator-recipes-4.2.0.jar:/home/runner/.m2/repository/org/apache/kerby/kerb-core/1.0.1/kerb-core-1.0.1.jar:/home/runner/.m2/repository/org/apache/kerby/kerby-pkix/1.0.1/kerby-pkix-1.0.1.jar:/home/runner/.m2/repository/org/apache/kerby/kerby-asn1/1.0.1/kerby-asn1-1.0.1.jar:/home/runner/.m2/repository/org/apache/kerby/kerby-util/1.0.1/kerby-util-1.0.1.jar:/home/runner/.m2/repository/dnsjava/dnsjava/2.1.7/dnsjava-2.1.7.jar:/home/runner/.m2/repository/org/xerial/snappy/snappy-java/1.1.8.2/snappy-java-1.1.8.2.jar:/home/runner/.m2/repository/org/eclipse/jetty/jetty-util/9.4.49.v20220914/jetty-util-9.4.49.v20220914.jar:/home/runner/.m2/repository/com/fasterxml/jackson/core/jackson-databind/2.13.4.2/jackson-databind-2.13.4.2.jar:/home/runner/.m2/repository/org/apache/hadoop/hadoop-kms/3.3.4/hadoop-kms-3.3.4-tests.jar:/home/runner/.m2/repository/org/apache/ozone/hdds-server-scm/1.4.0-SNAPSHOT/hdds-server-scm-1.4.0-SNAPSHOT-tests.jar:/home/runner/.m2/repository/org/apache/ozone/hdds-container-service/1.4.0-SNAPSHOT/hdds-container-service-1.4.0-SNAPSHOT-tests.jar:/home/runner/.m2/repository/com/github/luben/zstd-jni/1.5.2-5/zstd-jni-1.5.2-5.jar:/home/runner/.m2/repository/commons-codec/commons-codec/1.15/commons-codec-1.15.jar:/home/runner/.m2/repository/io/netty/netty-codec/4.1.77.Final/netty-codec-4.1.77.Final.jar:/home/runner/.m2/repository/io/netty/netty-handler/4.1.77.Final/netty-handler-4.1.77.Final.jar:/home/runner/.m2/repository/org/apache/ozone/hdds-hadoop-dependency-test/1.4.0-SNAPSHOT/hdds-hadoop-dependency-test-1.4.0-SNAPSHOT.jar:/home/runner/.m2/repository/org/apache/hadoop/hadoop-common/3.3.4/hadoop-common-3.3.4-tests.jar:/home/runner/.m2/repository/org/apache/hadoop/hadoop-hdfs/3.3.4/hadoop-hdfs-3.3.4-tests.jar:/home/runner/.m2/repository/org/assertj/assertj-core/3.12.2/assertj-core-3.12.2.jar:/home/runner/.m2/repository/org/apache/hadoop/hadoop-distcp/3.3.4/hadoop-distcp-3.3.4.jar:/home/runner/.m2/repository/org/apache/hadoop/hadoop-mapreduce-client-jobclient/3.3.4/hadoop-mapreduce-client-jobclient-3.3.4.jar:/home/runner/.m2/repository/org/apache/hadoop/hadoop-mapreduce-client-common/3.3.4/hadoop-mapreduce-client-common-3.3.4.jar:/home/runner/.m2/repository/org/apache/hadoop/hadoop-yarn-common/3.3.4/hadoop-yarn-common-3.3.4.jar:/home/runner/.m2/repository/org/apache/hadoop/hadoop-yarn-api/3.3.4/hadoop-yarn-api-3.3.4.jar:/home/runner/.m2/repository/com/sun/jersey/contribs/jersey-guice/1.19/jersey-guice-1.19.jar:/home/runner/.m2/repository/com/fasterxml/jackson/jaxrs/jackson-jaxrs-json-provider/2.13.4/jackson-jaxrs-json-provider-2.13.4.jar:/home/runner/.m2/repository/com/fasterxml/jackson/jaxrs/jackson-jaxrs-base/2.13.4/jackson-jaxrs-base-2.13.4.jar:/home/runner/.m2/repository/org/apache/hadoop/hadoop-yarn-client/3.3.4/hadoop-yarn-client-3.3.4.jar:/home/runner/.m2/repository/org/eclipse/jetty/websocket/websocket-client/9.4.43.v20210629/websocket-client-9.4.43.v20210629.jar:/home/runner/.m2/repository/org/eclipse/jetty/websocket/websocket-common/9.4.43.v20210629/websocket-common-9.4.43.v20210629.jar:/home/runner/.m2/repository/org/eclipse/jetty/websocket/websocket-api/9.4.43.v20210629/websocket-api-9.4.43.v20210629.jar:/home/runner/.m2/repository/org/jline/jline/3.9.0/jline-3.9.0.jar:/home/runner/.m2/repository/org/apache/hadoop/hadoop-mapreduce-client-core/3.3.4/hadoop-mapreduce-client-core-3.3.4.jar:/home/runner/.m2/repository/org/apache/avro/avro/1.7.7/avro-1.7.7.jar:/home/runner/.m2/repository/org/codehaus/jackson/jackson-core-asl/1.9.13/jackson-core-asl-1.9.13.jar:/home/runner/.m2/repository/org/codehaus/jackson/jackson-mapper-asl/1.9.13/jackson-mapper-asl-1.9.13.jar:/home/runner/.m2/repository/com/thoughtworks/paranamer/paranamer/2.3/paranamer-2.3.jar:/home/runner/.m2/repository/org/apache/hadoop/hadoop-annotations/3.3.4/hadoop-annotations-3.3.4.jar:/usr/lib/jvm/temurin-8-jdk-amd64/jre/../lib/tools.jar:/home/runner/.m2/repository/io/netty/netty/3.10.6.Final/netty-3.10.6.Final.jar:/home/runner/.m2/repository/org/apache/hadoop/hadoop-distcp/3.3.4/hadoop-distcp-3.3.4-tests.jar:/home/runner/.m2/repository/org/slf4j/jul-to-slf4j/1.7.36/jul-to-slf4j-1.7.36.jar:/home/runner/.m2/repository/org/apache/ratis/ratis-common/2.4.2-8b8bdda-SNAPSHOT/ratis-common-2.4.2-8b8bdda-SNAPSHOT.jar:/home/runner/.m2/repository/org/apache/ratis/ratis-thirdparty-misc/1.0.3/ratis-thirdparty-misc-1.0.3.jar:/home/runner/.m2/repository/org/apache/ratis/ratis-proto/2.4.2-8b8bdda-SNAPSHOT/ratis-proto-2.4.2-8b8bdda-SNAPSHOT.jar:"/>
    <property name="sun.cpu.endian" value="little"/>
    <property name="user.home" value="/home/runner"/>
    <property name="user.language" value="en"/>
    <property name="java.specification.vendor" value="Oracle Corporation"/>
    <property name="java.home" value="/usr/lib/jvm/temurin-8-jdk-amd64/jre"/>
    <property name="java.security.krb5.conf" value="/home/runner/work/ozone/ozone/hadoop-ozone/integration-test/target/test-classes/krb5.conf"/>
    <property name="basedir" value="/home/runner/work/ozone/ozone/hadoop-ozone/integration-test"/>
    <property name="file.separator" value="/"/>
    <property name="line.separator" value="&#10;"/>
    <property name="java.vm.specification.vendor" value="Oracle Corporation"/>
    <property name="java.specification.name" value="Java Platform API Specification"/>
    <property name="java.awt.graphicsenv" value="sun.awt.X11GraphicsEnvironment"/>
    <property name="skip.installnpx" value="true"/>
    <property name="surefire.real.class.path" value="/home/runner/work/ozone/ozone/hadoop-ozone/integration-test/target/surefire/surefirebooter1897337920068123823.jar:/home/runner/.m2/repository/org/jacoco/org.jacoco.agent/0.8.5/org.jacoco.agent-0.8.5-runtime.jar"/>
    <property name="hadoop.log.dir" value="/home/runner/work/ozone/ozone/hadoop-ozone/integration-test/target/log"/>
    <property name="sun.boot.class.path" value="/usr/lib/jvm/temurin-8-jdk-amd64/jre/lib/resources.jar:/usr/lib/jvm/temurin-8-jdk-amd64/jre/lib/rt.jar:/usr/lib/jvm/temurin-8-jdk-amd64/jre/lib/sunrsasign.jar:/usr/lib/jvm/temurin-8-jdk-amd64/jre/lib/jsse.jar:/usr/lib/jvm/temurin-8-jdk-amd64/jre/lib/jce.jar:/usr/lib/jvm/temurin-8-jdk-amd64/jre/lib/charsets.jar:/usr/lib/jvm/temurin-8-jdk-amd64/jre/lib/jfr.jar:/usr/lib/jvm/temurin-8-jdk-amd64/jre/classes"/>
    <property name="sun.management.compiler" value="HotSpot 64-Bit Tiered Compilers"/>
    <property name="skip.npx" value="true"/>
    <property name="java.runtime.version" value="1.8.0_352-b08"/>
    <property name="java.net.preferIPv4Stack" value="true"/>
    <property name="user.name" value="runner"/>
    <property name="path.separator" value=":"/>
    <property name="java.security.egd" value="file:///dev/urandom"/>
    <property name="os.version" value="5.15.0-1023-azure"/>
    <property name="java.endorsed.dirs" value="/usr/lib/jvm/temurin-8-jdk-amd64/jre/lib/endorsed"/>
    <property name="java.runtime.name" value="OpenJDK Runtime Environment"/>
    <property name="file.encoding" value="UTF-8"/>
    <property name="java.vm.name" value="OpenJDK 64-Bit Server VM"/>
    <property name="test.build.webapps" value=""/>
    <property name="localRepository" value="/home/runner/.m2/repository"/>
    <property name="jetty.git.hash" value="4231a3b2e4cb8548a412a789936d640a97b1aa0a"/>
    <property name="java.vendor.url.bug" value="https://github.com/adoptium/adoptium-support/issues"/>
    <property name="java.io.tmpdir" value="/tmp"/>
    <property name="require.test.libhadoop" value=""/>
    <property name="java.version" value="1.8.0_352"/>
    <property name="user.dir" value="/home/runner/work/ozone/ozone/hadoop-ozone/integration-test"/>
    <property name="os.arch" value="amd64"/>
    <property name="java.vm.specification.name" value="Java Virtual Machine Specification"/>
    <property name="test.build.classes" value="/home/runner/work/ozone/ozone/hadoop-ozone/integration-test/target/test-classes"/>
    <property name="java.awt.printerjob" value="sun.print.PSPrinterJob"/>
    <property name="sun.os.patch.level" value="unknown"/>
    <property name="org.apache.ratis.thirdparty.io.netty.allocator.useCacheForAllThreads" value="false"/>
    <property name="hadoop.tmp.dir" value="/home/runner/work/ozone/ozone/hadoop-ozone/integration-test/target/tmp"/>
    <property name="java.library.path" value="/usr/java/packages/lib/amd64:/usr/lib64:/lib64:/lib:/usr/lib"/>
    <property name="java.vm.info" value="mixed mode"/>
    <property name="java.vendor" value="Temurin"/>
    <property name="java.vm.version" value="25.352-b08"/>
    <property name="java.specification.maintenance.version" value="4"/>
    <property name="java.ext.dirs" value="/usr/lib/jvm/temurin-8-jdk-amd64/jre/lib/ext:/usr/java/packages/lib/ext"/>
    <property name="sun.io.unicode.encoding" value="UnicodeLittle"/>
    <property name="java.class.version" value="52.0"/>
  </properties>
  <testcase name="testCreateVolumePermissionDenied" classname="org.apache.hadoop.ozone.om.TestOmAcls" time="0.646">
    <system-out><![CDATA[2023-01-10 21:11:52,054 [main] WARN  server.ServerUtils (ServerUtils.java:getScmDbDir(148)) - ozone.scm.db.dirs is not configured. We recommend adding this setting. Falling back to ozone.metadata.dirs instead.
2023-01-10 21:11:52,192 [main] WARN  server.ServerUtils (ServerUtils.java:getScmDbDir(148)) - ozone.scm.db.dirs is not configured. We recommend adding this setting. Falling back to ozone.metadata.dirs instead.
2023-01-10 21:11:52,204 [main] INFO  ha.SCMHANodeDetails (SCMHANodeDetails.java:loadSCMHAConfig(209)) - ServiceID for StorageContainerManager is null
2023-01-10 21:11:52,226 [main] WARN  ha.SCMHANodeDetails (SCMHANodeDetails.java:validateSCMHAConfig(182)) - Invalid config ozone.scm.ratis.enable. The config was not specified, but the default value true conflicts with the expected config value false. Falling back to the expected value. Current State of SCM: SCM is running in Non-HA without Ratis Ratis SCM -> Non Ratis SCM or Non HA SCM -> HA SCM is not supported
2023-01-10 21:11:52,227 [main] INFO  ha.SCMHANodeDetails (SCMHANodeDetails.java:loadSCMHAConfig(214)) - ozone.scm.default.service.id is not defined, falling back to ozone.scm.service.ids to find serviceID for StorageContainerManager if it is HA enabled cluster
2023-01-10 21:11:52,829 [main] WARN  utils.HAUtils (HAUtils.java:getMetaDir(342)) - ozone.scm.db.dirs is not configured. We recommend adding this setting. Falling back to ozone.metadata.dirs instead.
2023-01-10 21:11:52,991 [main] WARN  db.DBStoreBuilder (DBStoreBuilder.java:applyDBDefinition(144)) - ozone.scm.db.dirs is not configured. We recommend adding this setting. Falling back to ozone.metadata.dirs instead.
2023-01-10 21:11:53,335 [main] INFO  net.NodeSchemaLoader (NodeSchemaLoader.java:loadSchemaFromFile(129)) - Loading schema from [jar:file:/home/runner/.m2/repository/org/apache/ozone/hdds-common/1.4.0-SNAPSHOT/hdds-common-1.4.0-SNAPSHOT.jar!/network-topology-default.xml]
2023-01-10 21:11:53,337 [main] INFO  net.NodeSchemaLoader (NodeSchemaLoader.java:loadSchema(176)) - Loading network topology layer schema file
2023-01-10 21:11:53,385 [main] INFO  metrics.MetricRegistries (MetricRegistriesLoader.java:load(64)) - Loaded MetricRegistries class org.apache.ratis.metrics.impl.MetricRegistriesImpl
2023-01-10 21:11:53,390 [main] INFO  upgrade.AbstractLayoutVersionManager (AbstractLayoutVersionManager.java:init(83)) - Initializing Layout version manager with metadata layout = DATANODE_SCHEMA_V3 (version = 4), software layout = DATANODE_SCHEMA_V3 (version = 4)
2023-01-10 21:11:53,593 [main] INFO  reflections.Reflections (Reflections.java:scan(232)) - Reflections took 131 ms to scan 7 urls, producing 146 keys and 350 values 
2023-01-10 21:11:53,708 [main] INFO  ha.SequenceIdGenerator (SequenceIdGenerator.java:upgradeToSequenceId(349)) - upgrade localId to 111677748019200000
2023-01-10 21:11:53,708 [main] INFO  ha.SequenceIdGenerator (SequenceIdGenerator.java:upgradeToSequenceId(359)) - upgrade delTxnId to 0
2023-01-10 21:11:53,713 [main] INFO  ha.SequenceIdGenerator (SequenceIdGenerator.java:upgradeToSequenceId(376)) - upgrade containerId to 0
2023-01-10 21:11:53,715 [main] INFO  ha.SequenceIdGenerator (SequenceIdGenerator.java:<init>(220)) - Init the HA SequenceIdGenerator.
2023-01-10 21:11:53,774 [main] WARN  server.ServerUtils (ServerUtils.java:sanitizeUserArgs(73)) - ozone.scm.stale.node.interval value = 300000 is larger than max = 100000 based on the key value of ozone.scm.heartbeat.thread.interval, reset to the max value 100000.
2023-01-10 21:11:53,774 [main] WARN  server.ServerUtils (ServerUtils.java:sanitizeUserArgs(73)) - ozone.scm.stale.node.interval value = 300000 is larger than max = 100000 based on the key value of ozone.scm.heartbeat.thread.interval, reset to the max value 100000.
2023-01-10 21:11:53,782 [main] INFO  node.SCMNodeManager (SCMNodeManager.java:<init>(149)) - Entering startup safe mode.
2023-01-10 21:11:53,851 [main] INFO  algorithms.ContainerPlacementPolicyFactory (ContainerPlacementPolicyFactory.java:getPolicyInternal(86)) - Create container placement policy of type org.apache.hadoop.hdds.scm.container.placement.algorithms.SCMContainerPlacementRandom
2023-01-10 21:11:53,855 [main] INFO  algorithms.ContainerPlacementPolicyFactory (ContainerPlacementPolicyFactory.java:getPolicyInternal(86)) - Create container placement policy of type org.apache.hadoop.hdds.scm.container.placement.algorithms.SCMContainerPlacementRackScatter
2023-01-10 21:11:53,880 [main] INFO  pipeline.PipelineStateManagerImpl (PipelineStateManagerImpl.java:initialize(78)) - No pipeline exists in current db
2023-01-10 21:11:53,922 [main] INFO  algorithms.LeaderChoosePolicyFactory (LeaderChoosePolicyFactory.java:getPolicy(57)) - Create leader choose policy of type org.apache.hadoop.hdds.scm.pipeline.leader.choose.algorithms.MinLeaderCountChoosePolicy
2023-01-10 21:11:53,923 [main] INFO  algorithms.ContainerPlacementPolicyFactory (ContainerPlacementPolicyFactory.java:getPolicyInternal(86)) - Create container placement policy of type org.apache.hadoop.hdds.scm.container.placement.algorithms.SCMContainerPlacementRackScatter
2023-01-10 21:11:53,931 [main] INFO  ha.SCMServiceManager (SCMServiceManager.java:register(42)) - Registering service BackgroundPipelineCreator.
2023-01-10 21:11:53,931 [main] INFO  pipeline.BackgroundPipelineCreator (BackgroundPipelineCreator.java:start(124)) - Starting RatisPipelineUtilsThread.
2023-01-10 21:11:53,937 [main] INFO  BackgroundPipelineScrubber (BackgroundSCMService.java:start(68)) - Starting BackgroundPipelineScrubber Service.
2023-01-10 21:11:53,941 [main] INFO  ha.SCMServiceManager (SCMServiceManager.java:register(42)) - Registering service BackgroundPipelineScrubber.
2023-01-10 21:11:53,953 [main] INFO  ExpiredContainerReplicaOpScrubber (BackgroundSCMService.java:start(68)) - Starting ExpiredContainerReplicaOpScrubber Service.
2023-01-10 21:11:53,954 [main] INFO  ha.SCMServiceManager (SCMServiceManager.java:register(42)) - Registering service ExpiredContainerReplicaOpScrubber.
2023-01-10 21:11:54,013 [main] INFO  algorithms.PipelineChoosePolicyFactory (PipelineChoosePolicyFactory.java:createPipelineChoosePolicyFromClass(73)) - Create pipeline choose policy of type org.apache.hadoop.hdds.scm.pipeline.choose.algorithms.RandomPipelineChoosePolicy
2023-01-10 21:11:54,035 [main] INFO  ha.SCMServiceManager (SCMServiceManager.java:register(42)) - Registering service SCMBlockDeletingService.
2023-01-10 21:11:54,108 [main] INFO  replication.ReplicationManager (ReplicationManager.java:start(261)) - Starting Replication Monitor Thread.
2023-01-10 21:11:54,117 [main] INFO  ha.SCMServiceManager (SCMServiceManager.java:register(42)) - Registering service ReplicationManager.
2023-01-10 21:11:54,121 [ReplicationMonitor] INFO  replication.ReplicationManager (ReplicationManager.java:processAll(330)) - Replication Manager is not ready to run until 3000ms after safemode exit
2023-01-10 21:11:54,131 [main] INFO  safemode.ContainerSafeModeRule (ContainerSafeModeRule.java:<init>(89)) - containers with one replica threshold count 0
2023-01-10 21:11:54,136 [main] INFO  safemode.HealthyPipelineSafeModeRule (HealthyPipelineSafeModeRule.java:initializeRule(169)) - Total pipeline count is 0, healthy pipeline threshold count is 1
2023-01-10 21:11:54,145 [main] INFO  safemode.OneReplicaPipelineSafeModeRule (OneReplicaPipelineSafeModeRule.java:initializeRule(180)) - Total pipeline count is 0, pipeline's with at least one datanode reported threshold count is 0
2023-01-10 21:11:54,605 [main] INFO  audit.AuditLogger (AuditLogger.java:refreshDebugCmdSet(126)) - Refresh DebugCmdSet for SCMAudit to [].
2023-01-10 21:11:54,647 [main] INFO  ipc.CallQueueManager (CallQueueManager.java:<init>(90)) - Using callQueue: class java.util.concurrent.LinkedBlockingQueue, queueCapacity: 2000, scheduler: class org.apache.hadoop.ipc.DefaultRpcScheduler, ipcBackoff: false.
2023-01-10 21:11:54,696 [Socket Reader #1 for port 0] INFO  ipc.Server (Server.java:run(1273)) - Starting Socket Reader #1 for port 0
2023-01-10 21:11:54,775 [Listener at 0.0.0.0/39385] INFO  audit.AuditLogger (AuditLogger.java:refreshDebugCmdSet(126)) - Refresh DebugCmdSet for SCMAudit to [].
2023-01-10 21:11:54,786 [Listener at 0.0.0.0/39385] INFO  ipc.CallQueueManager (CallQueueManager.java:<init>(90)) - Using callQueue: class java.util.concurrent.LinkedBlockingQueue, queueCapacity: 2000, scheduler: class org.apache.hadoop.ipc.DefaultRpcScheduler, ipcBackoff: false.
2023-01-10 21:11:54,790 [Socket Reader #1 for port 0] INFO  ipc.Server (Server.java:run(1273)) - Starting Socket Reader #1 for port 0
2023-01-10 21:11:54,862 [Listener at 0.0.0.0/40841] INFO  audit.AuditLogger (AuditLogger.java:refreshDebugCmdSet(126)) - Refresh DebugCmdSet for SCMAudit to [].
2023-01-10 21:11:54,876 [Listener at 0.0.0.0/40841] INFO  ipc.CallQueueManager (CallQueueManager.java:<init>(90)) - Using callQueue: class java.util.concurrent.LinkedBlockingQueue, queueCapacity: 2000, scheduler: class org.apache.hadoop.ipc.DefaultRpcScheduler, ipcBackoff: false.
2023-01-10 21:11:54,877 [Socket Reader #1 for port 0] INFO  ipc.Server (Server.java:run(1273)) - Starting Socket Reader #1 for port 0
2023-01-10 21:11:55,072 [Listener at 0.0.0.0/37639] INFO  ha.SCMServiceManager (SCMServiceManager.java:register(42)) - Registering service ContainerBalancer.
2023-01-10 21:11:55,077 [Listener at 0.0.0.0/37639] INFO  server.StorageContainerManager (StorageContainerManager.java:<init>(399)) - 
Container Balancer status:
Key                            Value
Running                        true
Container Balancer Configuration values:
Key                                                Value
Threshold                                          10
Max Datanodes to Involve per Iteration(percent)    20
Max Size to Move per Iteration                     500GB
Max Size Entering Target per Iteration             26GB
Max Size Leaving Source per Iteration              26GB

2023-01-10 21:11:55,078 [Listener at 0.0.0.0/37639] INFO  ha.SCMContext (SCMContext.java:updateSafeModeStatus(228)) - Update SafeModeStatus from SafeModeStatus{safeModeStatus=true, preCheckPassed=false} to SafeModeStatus{safeModeStatus=true, preCheckPassed=false}.
2023-01-10 21:11:55,087 [Listener at 0.0.0.0/37639] INFO  server.StorageContainerManager (StorageContainerManager.java:start(1426)) - StorageContainerLocationProtocol RPC server is listening at /0.0.0.0:37639
2023-01-10 21:11:55,173 [Listener at 0.0.0.0/37639] WARN  impl.MetricsConfig (MetricsConfig.java:loadFirst(136)) - Cannot locate configuration: tried hadoop-metrics2-storagecontainermanager.properties,hadoop-metrics2.properties
2023-01-10 21:11:55,188 [Listener at 0.0.0.0/37639] INFO  impl.MetricsSystemImpl (MetricsSystemImpl.java:startTimer(378)) - Scheduled Metric snapshot period at 10 second(s).
2023-01-10 21:11:55,188 [Listener at 0.0.0.0/37639] INFO  impl.MetricsSystemImpl (MetricsSystemImpl.java:start(191)) - StorageContainerManager metrics system started
2023-01-10 21:11:55,474 [Listener at 0.0.0.0/37639] INFO  server.SCMClientProtocolServer (SCMClientProtocolServer.java:start(170)) - RPC server for Client  is listening at /0.0.0.0:37639
2023-01-10 21:11:55,477 [IPC Server Responder] INFO  ipc.Server (Server.java:run(1512)) - IPC Server Responder: starting
2023-01-10 21:11:55,482 [Listener at 0.0.0.0/37639] INFO  server.StorageContainerManager (StorageContainerManager.java:start(1440)) - ScmBlockLocationProtocol RPC server is listening at /0.0.0.0:40841
2023-01-10 21:11:55,487 [Listener at 0.0.0.0/37639] INFO  server.SCMBlockProtocolServer (SCMBlockProtocolServer.java:start(152)) - RPC server for Block Protocol is listening at /0.0.0.0:40841
2023-01-10 21:11:55,479 [IPC Server listener on 0] INFO  ipc.Server (Server.java:run(1352)) - IPC Server listener on 0: starting
2023-01-10 21:11:55,491 [IPC Server Responder] INFO  ipc.Server (Server.java:run(1512)) - IPC Server Responder: starting
2023-01-10 21:11:55,492 [IPC Server listener on 0] INFO  ipc.Server (Server.java:run(1352)) - IPC Server listener on 0: starting
2023-01-10 21:11:55,495 [Listener at 0.0.0.0/37639] INFO  server.SCMDatanodeProtocolServer (SCMDatanodeProtocolServer.java:start(194)) - ScmDatanodeProtocol RPC server for DataNodes is listening at /0.0.0.0:39385
2023-01-10 21:11:55,497 [IPC Server Responder] INFO  ipc.Server (Server.java:run(1512)) - IPC Server Responder: starting
2023-01-10 21:11:55,497 [IPC Server listener on 0] INFO  ipc.Server (Server.java:run(1352)) - IPC Server listener on 0: starting
2023-01-10 21:11:55,515 [org.apache.hadoop.util.JvmPauseMonitor$Monitor@7fb1820d] INFO  util.JvmPauseMonitor (JvmPauseMonitor.java:run(188)) - Starting JVM pause monitor
2023-01-10 21:11:55,540 [Listener at 0.0.0.0/37639] INFO  http.BaseHttpServer (BaseHttpServer.java:newHttpServer2BuilderForOzone(213)) - Starting Web-server for scm at: http://0.0.0.0:0
2023-01-10 21:11:55,540 [Listener at 0.0.0.0/37639] INFO  http.BaseHttpServer (BaseHttpServer.java:<init>(108)) - Hadoop Security Enabled: false Ozone Security Enabled: false Ozone HTTP Security Enabled: false 
2023-01-10 21:11:55,575 [Listener at 0.0.0.0/37639] INFO  util.log (Log.java:initialized(170)) - Logging initialized @5122ms to org.eclipse.jetty.util.log.Slf4jLog
2023-01-10 21:11:55,710 [Listener at 0.0.0.0/37639] WARN  server.AuthenticationFilter (AuthenticationFilter.java:constructSecretProvider(240)) - Unable to initialize FileSignerSecretProvider, falling back to use random secrets. Reason: Could not read signature secret file: /home/runner/hadoop-http-auth-signature-secret
2023-01-10 21:11:55,720 [Listener at 0.0.0.0/37639] WARN  http.HttpRequestLog (HttpRequestLog.java:getRequestLog(103)) - Jetty request log can only be enabled using Log4j
2023-01-10 21:11:55,728 [Listener at 0.0.0.0/37639] INFO  http.HttpServer2 (HttpServer2.java:addGlobalFilter(1031)) - Added global filter 'safety' (class=org.apache.hadoop.hdds.server.http.HttpServer2$QuotingInputFilter)
2023-01-10 21:11:55,730 [Listener at 0.0.0.0/37639] INFO  http.HttpServer2 (HttpServer2.java:addFilter(1007)) - Added filter static_user_filter (class=org.apache.hadoop.http.lib.StaticUserWebFilter$StaticUserFilter) to context scm
2023-01-10 21:11:55,731 [Listener at 0.0.0.0/37639] INFO  http.HttpServer2 (HttpServer2.java:addFilter(1015)) - Added filter static_user_filter (class=org.apache.hadoop.http.lib.StaticUserWebFilter$StaticUserFilter) to context static
2023-01-10 21:11:55,731 [Listener at 0.0.0.0/37639] INFO  http.HttpServer2 (HttpServer2.java:addFilter(1015)) - Added filter static_user_filter (class=org.apache.hadoop.http.lib.StaticUserWebFilter$StaticUserFilter) to context logs
2023-01-10 21:11:55,782 [Listener at 0.0.0.0/37639] INFO  http.HttpServer2 (HttpServer2.java:bindListener(1250)) - Jetty bound to port 42535
2023-01-10 21:11:55,784 [Listener at 0.0.0.0/37639] INFO  server.Server (Server.java:doStart(375)) - jetty-9.4.49.v20220914; built: 2022-09-14T01:07:36.601Z; git: 4231a3b2e4cb8548a412a789936d640a97b1aa0a; jvm 1.8.0_352-b08
2023-01-10 21:11:55,831 [Listener at 0.0.0.0/37639] INFO  server.session (DefaultSessionIdManager.java:doStart(334)) - DefaultSessionIdManager workerName=node0
2023-01-10 21:11:55,831 [Listener at 0.0.0.0/37639] INFO  server.session (DefaultSessionIdManager.java:doStart(339)) - No SessionScavenger set, using defaults
2023-01-10 21:11:55,834 [Listener at 0.0.0.0/37639] INFO  server.session (HouseKeeper.java:startScavenging(132)) - node0 Scavenging every 660000ms
2023-01-10 21:11:55,855 [Listener at 0.0.0.0/37639] INFO  handler.ContextHandler (ContextHandler.java:doStart(921)) - Started o.e.j.s.ServletContextHandler@543c887{logs,/logs,file:///home/runner/work/ozone/ozone/hadoop-ozone/integration-test/target/log,AVAILABLE}
2023-01-10 21:11:55,856 [Listener at 0.0.0.0/37639] INFO  handler.ContextHandler (ContextHandler.java:doStart(921)) - Started o.e.j.s.ServletContextHandler@51d34f02{static,/static,file:///home/runner/work/ozone/ozone/hadoop-ozone/integration-test/target/test-classes/webapps/static,AVAILABLE}
2023-01-10 21:11:55,913 [Listener at 0.0.0.0/37639] INFO  handler.ContextHandler (ContextHandler.java:doStart(921)) - Started o.e.j.w.WebAppContext@c7d173f{scm,/,file:///home/runner/work/ozone/ozone/hadoop-ozone/integration-test/target/test-classes/webapps/scm/,AVAILABLE}{file:/home/runner/work/ozone/ozone/hadoop-ozone/integration-test/target/test-classes/webapps/scm}
2023-01-10 21:11:55,930 [Listener at 0.0.0.0/37639] INFO  server.AbstractConnector (AbstractConnector.java:doStart(333)) - Started ServerConnector@66e62e19{HTTP/1.1, (http/1.1)}{0.0.0.0:42535}
2023-01-10 21:11:55,930 [Listener at 0.0.0.0/37639] INFO  server.Server (Server.java:doStart(415)) - Started @5478ms
2023-01-10 21:11:55,938 [Listener at 0.0.0.0/37639] INFO  impl.MetricsSinkAdapter (MetricsSinkAdapter.java:start(204)) - Sink prometheus started
2023-01-10 21:11:55,938 [Listener at 0.0.0.0/37639] INFO  impl.MetricsSystemImpl (MetricsSystemImpl.java:registerSink(305)) - Registered sink prometheus
2023-01-10 21:11:55,942 [Listener at 0.0.0.0/37639] INFO  http.BaseHttpServer (BaseHttpServer.java:updateConnectorAddress(333)) - HTTP server of scm listening at http://0.0.0.0:42535
2023-01-10 21:11:55,944 [Listener at 0.0.0.0/37639] WARN  server.ServerUtils (ServerUtils.java:getDBPath(225)) - ozone.om.db.dirs is not configured. We recommend adding this setting. Falling back to ozone.metadata.dirs instead.
2023-01-10 21:11:56,027 [Listener at 0.0.0.0/37639] INFO  audit.AuditLogger (AuditLogger.java:refreshDebugCmdSet(126)) - Refresh DebugCmdSet for OMAudit to [].
2023-01-10 21:11:56,126 [Listener at 0.0.0.0/37639] INFO  ha.OMHANodeDetails (OMHANodeDetails.java:loadOMHAConfig(115)) - ozone.om.internal.service.id is not defined, falling back to ozone.om.service.ids to find serviceID for OzoneManager if it is HA enabled cluster
2023-01-10 21:11:56,130 [Listener at 0.0.0.0/37639] INFO  ha.OMHANodeDetails (OMHANodeDetails.java:loadOMHAConfig(226)) - Configuration does not have ozone.om.address set. Falling back to the default OM address /127.0.0.1:0
2023-01-10 21:11:56,130 [Listener at 0.0.0.0/37639] INFO  ha.OMHANodeDetails (OMHANodeDetails.java:getOMNodeDetailsForNonHA(254)) - OM Service ID is not set. Setting it to the default ID: omServiceIdDefault
2023-01-10 21:11:56,130 [Listener at 0.0.0.0/37639] INFO  ha.OMHANodeDetails (OMHANodeDetails.java:getOMNodeDetailsForNonHA(261)) - OM Node ID is not set. Setting it to the default ID: om1
2023-01-10 21:11:56,136 [Listener at 0.0.0.0/37639] WARN  server.ServerUtils (ServerUtils.java:getDBPath(225)) - ozone.om.db.dirs is not configured. We recommend adding this setting. Falling back to ozone.metadata.dirs instead.
2023-01-10 21:11:56,139 [Listener at 0.0.0.0/37639] INFO  upgrade.AbstractLayoutVersionManager (AbstractLayoutVersionManager.java:init(83)) - Initializing Layout version manager with metadata layout = MULTITENANCY_SCHEMA (version = 3), software layout = MULTITENANCY_SCHEMA (version = 3)
2023-01-10 21:11:56,247 [Listener at 0.0.0.0/37639] INFO  reflections.Reflections (Reflections.java:scan(232)) - Reflections took 101 ms to scan 2 urls, producing 155 keys and 428 values [using 2 cores]
2023-01-10 21:11:56,252 [Listener at 0.0.0.0/37639] INFO  upgrade.OMLayoutVersionManager (OMLayoutVersionManager.java:lambda$0(115)) - Skipping Upgrade Action MockOmUpgradeAction since it has been finalized.
2023-01-10 21:11:56,253 [Listener at 0.0.0.0/37639] WARN  server.ServerUtils (ServerUtils.java:getDBPath(225)) - ozone.om.db.dirs is not configured. We recommend adding this setting. Falling back to ozone.metadata.dirs instead.
2023-01-10 21:11:56,459 [Listener at 0.0.0.0/37639] INFO  proxy.SCMBlockLocationFailoverProxyProvider (SCMBlockLocationFailoverProxyProvider.java:<init>(114)) - Created block location fail-over proxy with 1 nodes: [nodeId=scmNodeId,nodeAddress=/0.0.0.0:40841]
2023-01-10 21:11:56,500 [Listener at 0.0.0.0/37639] INFO  proxy.SCMBlockLocationFailoverProxyProvider (SCMBlockLocationFailoverProxyProvider.java:<init>(114)) - Created block location fail-over proxy with 1 nodes: [nodeId=scmNodeId,nodeAddress=/0.0.0.0:40841]
2023-01-10 21:11:56,752 | INFO  | SCMAudit | user=runner | ip=10.1.0.46 | op=GET_SCM_INFO null | ret=SUCCESS |  
2023-01-10 21:11:56,783 [Listener at 0.0.0.0/37639] WARN  server.ServerUtils (ServerUtils.java:getDBPath(225)) - ozone.om.db.dirs is not configured. We recommend adding this setting. Falling back to ozone.metadata.dirs instead.
2023-01-10 21:11:56,791 [Listener at 0.0.0.0/37639] INFO  codec.OmKeyInfoCodec (OmKeyInfoCodec.java:<init>(49)) - OmKeyInfoCodec ignorePipeline = true
2023-01-10 21:11:56,792 [Listener at 0.0.0.0/37639] INFO  codec.RepeatedOmKeyInfoCodec (RepeatedOmKeyInfoCodec.java:<init>(41)) - RepeatedOmKeyInfoCodec ignorePipeline = true
2023-01-10 21:11:57,009 [Listener at 0.0.0.0/37639] INFO  om.OzoneManager (OzoneManager.java:instantiateServices(716)) - S3 Multi-Tenancy is disabled
2023-01-10 21:11:57,100 [Listener at 0.0.0.0/37639] INFO  om.OzoneManager (OzoneManager.java:addS3GVolumeToDB(4286)) - Created Volume s3v With Owner runner required for S3Gateway operations.
2023-01-10 21:11:57,160 [Listener at 0.0.0.0/37639] WARN  server.ServerUtils (ServerUtils.java:getDefaultRatisDirectory(237)) - Storage directory for Ratis is not configured. It is a good idea to map this to an SSD disk. Falling back to ozone.metadata.dirs
2023-01-10 21:11:57,161 [Listener at 0.0.0.0/37639] WARN  utils.OzoneManagerRatisUtils (OzoneManagerRatisUtils.java:getOMRatisSnapshotDirectory(431)) - ozone.om.ratis.snapshot.dir is not configured. Falling back to ozone.metadata.dirs config
2023-01-10 21:11:57,185 [Listener at 0.0.0.0/37639] WARN  server.ServerUtils (ServerUtils.java:getDefaultRatisDirectory(237)) - Storage directory for Ratis is not configured. It is a good idea to map this to an SSD disk. Falling back to ozone.metadata.dirs
2023-01-10 21:11:57,222 [Listener at 0.0.0.0/37639] INFO  ratis.OzoneManagerRatisServer (OzoneManagerRatisServer.java:<init>(160)) - Instantiating OM Ratis server with groupID: omServiceIdDefault and peers: localhost:9872
2023-01-10 21:11:57,233 [Listener at 0.0.0.0/37639] INFO  ratis.OzoneManagerStateMachine (OzoneManagerStateMachine.java:loadSnapshotInfoFromDB(636)) - LastAppliedIndex is set from TransactionInfo from OM DB as (t:0, i:~)
2023-01-10 21:11:57,291 [Listener at 0.0.0.0/37639] INFO  server.RaftServer (ConfUtils.java:logGet(46)) - raft.rpc.type = GRPC (default)
2023-01-10 21:11:57,402 [Listener at 0.0.0.0/37639] INFO  grpc.GrpcConfigKeys (ConfUtils.java:logFallback(53)) - raft.grpc.admin.host = null (fallback to raft.grpc.server.host)
2023-01-10 21:11:57,403 [Listener at 0.0.0.0/37639] INFO  grpc.GrpcConfigKeys (ConfUtils.java:logFallback(53)) - raft.grpc.admin.port = 9872 (fallback to raft.grpc.server.port)
2023-01-10 21:11:57,404 [Listener at 0.0.0.0/37639] INFO  grpc.GrpcConfigKeys (ConfUtils.java:logFallback(53)) - raft.grpc.client.host = null (fallback to raft.grpc.server.host)
2023-01-10 21:11:57,405 [Listener at 0.0.0.0/37639] INFO  grpc.GrpcConfigKeys (ConfUtils.java:logFallback(53)) - raft.grpc.client.port = 9872 (fallback to raft.grpc.server.port)
2023-01-10 21:11:57,405 [Listener at 0.0.0.0/37639] INFO  grpc.GrpcConfigKeys (ConfUtils.java:logGet(46)) - raft.grpc.server.host = null (default)
2023-01-10 21:11:57,405 [Listener at 0.0.0.0/37639] INFO  grpc.GrpcConfigKeys (ConfUtils.java:logGet(46)) - raft.grpc.server.port = 9872 (custom)
2023-01-10 21:11:57,406 [Listener at 0.0.0.0/37639] INFO  server.GrpcService (ConfUtils.java:logGet(46)) - raft.grpc.message.size.max = 33554432 (custom)
2023-01-10 21:11:57,407 [Listener at 0.0.0.0/37639] INFO  server.RaftServerConfigKeys (ConfUtils.java:logGet(46)) - raft.server.log.appender.buffer.byte-limit = 33554432 (custom)
2023-01-10 21:11:57,408 [Listener at 0.0.0.0/37639] INFO  server.GrpcService (ConfUtils.java:logGet(46)) - raft.grpc.flow.control.window = 1MB (=1048576) (default)
2023-01-10 21:11:57,409 [Listener at 0.0.0.0/37639] INFO  server.RaftServerConfigKeys (ConfUtils.java:logGet(46)) - raft.server.rpc.request.timeout = 3000ms (default)
2023-01-10 21:11:57,428 [Listener at 0.0.0.0/37639] INFO  grpc.GrpcConfigKeys (ConfUtils.java:logGet(46)) - raft.grpc.server.heartbeat.channel = true (default)
2023-01-10 21:11:57,432 [Listener at 0.0.0.0/37639] INFO  grpc.GrpcConfigKeys (ConfUtils.java:logGet(46)) - raft.grpc.server.async.request.thread.pool.cached = true (default)
2023-01-10 21:11:57,433 [Listener at 0.0.0.0/37639] INFO  grpc.GrpcConfigKeys (ConfUtils.java:logGet(46)) - raft.grpc.server.async.request.thread.pool.size = 32 (default)
2023-01-10 21:11:57,825 [Listener at 0.0.0.0/37639] INFO  impl.DataStreamServerImpl (ConfUtils.java:logGet(46)) - raft.datastream.type = NETTY (custom)
2023-01-10 21:11:57,854 [Listener at 0.0.0.0/37639] INFO  server.RaftServerConfigKeys (ConfUtils.java:logGet(46)) - raft.server.data-stream.async.request.thread.pool.cached = false (default)
2023-01-10 21:11:57,855 [Listener at 0.0.0.0/37639] INFO  server.RaftServerConfigKeys (ConfUtils.java:logGet(46)) - raft.server.data-stream.async.request.thread.pool.size = 32 (default)
2023-01-10 21:11:57,855 [Listener at 0.0.0.0/37639] INFO  server.RaftServerConfigKeys (ConfUtils.java:logGet(46)) - raft.server.data-stream.async.write.thread.pool.size = 16 (default)
2023-01-10 21:11:57,857 [Listener at 0.0.0.0/37639] INFO  server.RaftServerConfigKeys (ConfUtils.java:logGet(46)) - raft.server.data-stream.client.pool.size = 10 (default)
2023-01-10 21:11:57,861 [Listener at 0.0.0.0/37639] INFO  netty.NettyConfigKeys$DataStream (ConfUtils.java:logGet(46)) - raft.netty.dataStream.server.use-epoll = false (default)
2023-01-10 21:11:57,862 [Listener at 0.0.0.0/37639] INFO  netty.NettyConfigKeys$DataStream (ConfUtils.java:logGet(46)) - raft.netty.dataStream.server.boss-group.size = 0 (default)
2023-01-10 21:11:57,871 [Listener at 0.0.0.0/37639] INFO  netty.NettyConfigKeys$DataStream (ConfUtils.java:logGet(46)) - raft.netty.dataStream.server.worker-group.size = 0 (default)
2023-01-10 21:11:57,873 [Listener at 0.0.0.0/37639] INFO  netty.NettyConfigKeys$DataStream (ConfUtils.java:logGet(46)) - raft.netty.dataStream.server.tls.conf = null (default)
2023-01-10 21:11:57,875 [Listener at 0.0.0.0/37639] INFO  netty.NettyConfigKeys$DataStream (ConfUtils.java:logGet(46)) - raft.netty.dataStream.host = null (default)
2023-01-10 21:11:57,875 [Listener at 0.0.0.0/37639] INFO  netty.NettyConfigKeys$DataStream (ConfUtils.java:logGet(46)) - raft.netty.dataStream.port = 0 (default)
2023-01-10 21:11:57,938 [Listener at 0.0.0.0/37639] INFO  server.RaftServerConfigKeys (ConfUtils.java:logGet(46)) - raft.server.threadpool.proxy.cached = true (default)
2023-01-10 21:11:57,939 [Listener at 0.0.0.0/37639] INFO  server.RaftServerConfigKeys (ConfUtils.java:logGet(46)) - raft.server.threadpool.proxy.size = 0 (default)
2023-01-10 21:11:57,939 [Listener at 0.0.0.0/37639] INFO  server.RaftServerConfigKeys (ConfUtils.java:logGet(46)) - raft.server.rpc.slowness.timeout = 120s (custom)
2023-01-10 21:11:57,939 [Listener at 0.0.0.0/37639] INFO  server.RaftServerConfigKeys (ConfUtils.java:logGet(46)) - raft.server.leaderelection.leader.step-down.wait-time = 10s (default)
2023-01-10 21:11:57,945 [Listener at 0.0.0.0/37639] INFO  server.RaftServerConfigKeys (ConfUtils.java:logGet(46)) - raft.server.storage.dir = [/home/runner/work/ozone/ozone/hadoop-ozone/integration-test/target/test-dir/MiniOzoneClusterImpl-19fb9fdf-8a8f-4927-bd4c-ee6195d64daa/ozone-meta/ratis] (custom)
2023-01-10 21:11:57,976 [om1-NettyServerStreamRpc-bossGroup--thread1] INFO  logging.LoggingHandler (AbstractInternalLogger.java:log(148)) - [id: 0xc82902d8] REGISTERED
2023-01-10 21:11:57,978 [om1-NettyServerStreamRpc-bossGroup--thread1] INFO  logging.LoggingHandler (AbstractInternalLogger.java:log(148)) - [id: 0xc82902d8] BIND: 0.0.0.0/0.0.0.0:0
2023-01-10 21:11:57,984 [Listener at 0.0.0.0/37639] INFO  server.RaftServer (RaftServerProxy.java:addNew(96)) - om1: addNew group-C5BA1605619E:[om1|rpc:localhost:9872|priority:0|startupRole:FOLLOWER] returns group-C5BA1605619E:java.util.concurrent.CompletableFuture@4336b8c4[Not completed]
2023-01-10 21:11:57,984 [Listener at 0.0.0.0/37639] INFO  om.OzoneManager (OzoneManager.java:initializeRatisServer(1981)) - OzoneManager Ratis server initialized at port 9872
2023-01-10 21:11:58,003 [Listener at 0.0.0.0/37639] INFO  om.OzoneManager (OzoneManager.java:getRpcServer(1106)) - Creating RPC Server
2023-01-10 21:11:58,004 [om1-NettyServerStreamRpc-bossGroup--thread1] INFO  logging.LoggingHandler (AbstractInternalLogger.java:log(148)) - [id: 0xc82902d8, L:/0:0:0:0:0:0:0:0:37185] ACTIVE
2023-01-10 21:11:58,037 [pool-54-thread-1] INFO  server.RaftServer$Division (RaftServerImpl.java:<init>(195)) - om1: new RaftServerImpl for group-C5BA1605619E:[om1|rpc:localhost:9872|priority:0|startupRole:FOLLOWER] with OzoneManagerStateMachine:uninitialized
2023-01-10 21:11:58,039 [pool-54-thread-1] INFO  server.RaftServerConfigKeys (ConfUtils.java:logGet(46)) - raft.server.rpc.timeout.min = 1s (custom)
2023-01-10 21:11:58,040 [pool-54-thread-1] INFO  server.RaftServerConfigKeys (ConfUtils.java:logGet(46)) - raft.server.rpc.timeout.max = 1200ms (custom)
2023-01-10 21:11:58,040 [pool-54-thread-1] INFO  server.RaftServerConfigKeys (ConfUtils.java:logGet(46)) - raft.server.rpc.sleep.time = 25ms (default)
2023-01-10 21:11:58,040 [pool-54-thread-1] INFO  server.RaftServerConfigKeys (ConfUtils.java:logGet(46)) - raft.server.rpc.slowness.timeout = 120s (custom)
2023-01-10 21:11:58,041 [pool-54-thread-1] INFO  server.RaftServerConfigKeys (ConfUtils.java:logGet(46)) - raft.server.leaderelection.leader.step-down.wait-time = 10s (default)
2023-01-10 21:11:58,041 [pool-54-thread-1] INFO  server.RaftServerConfigKeys (ConfUtils.java:logGet(46)) - raft.server.sleep.deviation.threshold = 300ms (default)
2023-01-10 21:11:58,056 [pool-54-thread-1] INFO  server.RaftServer$Division (ServerState.java:<init>(118)) - om1@group-C5BA1605619E: ConfigurationManager, init=-1: peers:[om1|rpc:localhost:9872|priority:0|startupRole:FOLLOWER]|listeners:[], old=null, confs=<EMPTY_MAP>
2023-01-10 21:11:58,062 [pool-54-thread-1] INFO  server.RaftServerConfigKeys (ConfUtils.java:logGet(46)) - raft.server.storage.dir = [/home/runner/work/ozone/ozone/hadoop-ozone/integration-test/target/test-dir/MiniOzoneClusterImpl-19fb9fdf-8a8f-4927-bd4c-ee6195d64daa/ozone-meta/ratis] (custom)
2023-01-10 21:11:58,084 [pool-54-thread-1] INFO  server.RaftServerConfigKeys (ConfUtils.java:logGet(46)) - raft.server.log.corruption.policy = EXCEPTION (default)
2023-01-10 21:11:58,084 [pool-54-thread-1] INFO  server.RaftServerConfigKeys (ConfUtils.java:logGet(46)) - raft.server.storage.free-space.min = 0MB (=0) (default)
2023-01-10 21:11:58,115 [pool-54-thread-1] INFO  server.RaftServerConfigKeys (ConfUtils.java:logGet(46)) - raft.server.notification.no-leader.timeout = 120s (custom)
2023-01-10 21:11:58,118 [pool-54-thread-1] INFO  server.RaftServerConfigKeys (ConfUtils.java:logGet(46)) - raft.server.retrycache.expirytime = 300s (custom)
2023-01-10 21:11:58,118 [pool-54-thread-1] INFO  server.RaftServerConfigKeys (ConfUtils.java:logGet(46)) - raft.server.retrycache.statistics.expirytime = 100μs (default)
2023-01-10 21:11:58,282 [pool-54-thread-1] INFO  server.RaftServerConfigKeys (ConfUtils.java:logGet(46)) - raft.server.log.appender.install.snapshot.enabled = false (custom)
2023-01-10 21:11:58,282 [pool-54-thread-1] INFO  server.RaftServerConfigKeys (ConfUtils.java:logGet(46)) - raft.server.threadpool.server.cached = true (default)
2023-01-10 21:11:58,283 [pool-54-thread-1] INFO  server.RaftServerConfigKeys (ConfUtils.java:logGet(46)) - raft.server.threadpool.server.size = 0 (default)
2023-01-10 21:11:58,284 [pool-54-thread-1] INFO  server.RaftServerConfigKeys (ConfUtils.java:logGet(46)) - raft.server.threadpool.client.cached = true (default)
2023-01-10 21:11:58,284 [pool-54-thread-1] INFO  server.RaftServerConfigKeys (ConfUtils.java:logGet(46)) - raft.server.threadpool.client.size = 0 (default)
2023-01-10 21:11:58,755 [Listener at 0.0.0.0/37639] INFO  reflections.Reflections (Reflections.java:scan(232)) - Reflections took 660 ms to scan 19 urls, producing 67 keys and 4555 values [using 2 cores]
2023-01-10 21:11:59,199 [Listener at 0.0.0.0/37639] INFO  ipc.CallQueueManager (CallQueueManager.java:<init>(90)) - Using callQueue: class java.util.concurrent.LinkedBlockingQueue, queueCapacity: 2000, scheduler: class org.apache.hadoop.ipc.DefaultRpcScheduler, ipcBackoff: false.
2023-01-10 21:11:59,200 [Socket Reader #1 for port 0] INFO  ipc.Server (Server.java:run(1273)) - Starting Socket Reader #1 for port 0
2023-01-10 21:11:59,245 [Listener at 127.0.0.1/46425] INFO  impl.MetricsSystemImpl (MetricsSystemImpl.java:init(158)) - OzoneManager metrics system started (again)
2023-01-10 21:11:59,266 [Listener at 127.0.0.1/46425] INFO  om.OzoneManager (OzoneManager.java:start(1488)) - OzoneManager RPC server is listening at localhost/127.0.0.1:46425
2023-01-10 21:11:59,267 [Listener at 127.0.0.1/46425] INFO  ratis.OzoneManagerRatisServer (OzoneManagerRatisServer.java:start(555)) - Starting OzoneManagerRatisServer om1 at port 9872
2023-01-10 21:11:59,272 [om1-impl-thread1] INFO  storage.RaftStorageDirectory (RaftStorageDirectoryImpl.java:analyzeStorage(137)) - The storage directory /home/runner/work/ozone/ozone/hadoop-ozone/integration-test/target/test-dir/MiniOzoneClusterImpl-19fb9fdf-8a8f-4927-bd4c-ee6195d64daa/ozone-meta/ratis/bf265839-605b-3f16-9796-c5ba1605619e does not exist. Creating ...
2023-01-10 21:11:59,277 [om1-impl-thread1] INFO  storage.RaftStorageDirectory (RaftStorageDirectoryImpl.java:tryLock(231)) - Lock on /home/runner/work/ozone/ozone/hadoop-ozone/integration-test/target/test-dir/MiniOzoneClusterImpl-19fb9fdf-8a8f-4927-bd4c-ee6195d64daa/ozone-meta/ratis/bf265839-605b-3f16-9796-c5ba1605619e/in_use.lock acquired by nodename 94838@fv-az502-119
2023-01-10 21:11:59,286 [om1-impl-thread1] INFO  storage.RaftStorage (RaftStorageImpl.java:format(96)) - Storage directory /home/runner/work/ozone/ozone/hadoop-ozone/integration-test/target/test-dir/MiniOzoneClusterImpl-19fb9fdf-8a8f-4927-bd4c-ee6195d64daa/ozone-meta/ratis/bf265839-605b-3f16-9796-c5ba1605619e has been successfully formatted.
2023-01-10 21:11:59,289 [om1-impl-thread1] INFO  server.RaftServerConfigKeys (ConfUtils.java:logGet(46)) - raft.server.log.use.memory = false (default)
2023-01-10 21:11:59,298 [om1-impl-thread1] INFO  server.RaftServerConfigKeys (ConfUtils.java:logGet(46)) - raft.server.log.purge.gap = 1000000 (custom)
2023-01-10 21:11:59,298 [om1-impl-thread1] INFO  server.RaftServerConfigKeys (ConfUtils.java:logGet(46)) - raft.server.log.appender.buffer.byte-limit = 33554432 (custom)
2023-01-10 21:11:59,301 [om1-impl-thread1] INFO  server.RaftServerConfigKeys (ConfUtils.java:logGet(46)) - raft.server.log.statemachine.data.read.timeout = 1000ms (default)
2023-01-10 21:11:59,302 [om1-impl-thread1] INFO  server.RaftServerConfigKeys (ConfUtils.java:logGet(46)) - raft.server.log.purge.preservation.log.num = 0 (default)
2023-01-10 21:11:59,304 [om1-impl-thread1] INFO  server.RaftServerConfigKeys (ConfUtils.java:logGet(46)) - raft.server.log.segment.size.max = 4194304 (custom)
2023-01-10 21:11:59,312 [om1-impl-thread1] INFO  server.RaftServerConfigKeys (ConfUtils.java:logGet(46)) - raft.server.log.segment.cache.num.max = 2 (custom)
2023-01-10 21:11:59,312 [om1-impl-thread1] INFO  server.RaftServerConfigKeys (ConfUtils.java:logGet(46)) - raft.server.log.segment.cache.size.max = 200MB (=209715200) (default)
2023-01-10 21:11:59,320 [om1-impl-thread1] INFO  segmented.SegmentedRaftLogWorker (SegmentedRaftLogWorker.java:<init>(189)) - new om1@group-C5BA1605619E-SegmentedRaftLogWorker for RaftStorageImpl:Storage Directory /home/runner/work/ozone/ozone/hadoop-ozone/integration-test/target/test-dir/MiniOzoneClusterImpl-19fb9fdf-8a8f-4927-bd4c-ee6195d64daa/ozone-meta/ratis/bf265839-605b-3f16-9796-c5ba1605619e
2023-01-10 21:11:59,320 [om1-impl-thread1] INFO  server.RaftServerConfigKeys (ConfUtils.java:logGet(46)) - raft.server.log.queue.byte-limit = 64MB (=67108864) (default)
2023-01-10 21:11:59,321 [om1-impl-thread1] INFO  server.RaftServerConfigKeys (ConfUtils.java:logGet(46)) - raft.server.log.queue.element-limit = 4096 (default)
2023-01-10 21:11:59,322 [om1-impl-thread1] INFO  server.RaftServerConfigKeys (ConfUtils.java:logGet(46)) - raft.server.log.segment.size.max = 4194304 (custom)
2023-01-10 21:11:59,323 [om1-impl-thread1] INFO  server.RaftServerConfigKeys (ConfUtils.java:logGet(46)) - raft.server.log.preallocated.size = 4194304 (custom)
2023-01-10 21:11:59,323 [om1-impl-thread1] INFO  server.RaftServerConfigKeys (ConfUtils.java:logGet(46)) - raft.server.log.force.sync.num = 128 (default)
2023-01-10 21:11:59,325 [om1-impl-thread1] INFO  server.RaftServerConfigKeys (ConfUtils.java:logGet(46)) - raft.server.log.statemachine.data.sync = true (default)
2023-01-10 21:11:59,325 [om1-impl-thread1] INFO  server.RaftServerConfigKeys (ConfUtils.java:logGet(46)) - raft.server.log.statemachine.data.sync.timeout = 10s (default)
2023-01-10 21:11:59,326 [om1-impl-thread1] INFO  server.RaftServerConfigKeys (ConfUtils.java:logGet(46)) - raft.server.log.statemachine.data.sync.timeout.retry = -1 (default)
2023-01-10 21:11:59,336 [om1-impl-thread1] INFO  server.RaftServerConfigKeys (ConfUtils.java:logGet(46)) - raft.server.log.write.buffer.size = 64KB (=65536) (default)
2023-01-10 21:11:59,337 [om1-impl-thread1] INFO  server.RaftServerConfigKeys (ConfUtils.java:logGet(46)) - raft.server.log.appender.buffer.byte-limit = 33554432 (custom)
2023-01-10 21:11:59,343 [om1-impl-thread1] INFO  server.RaftServerConfigKeys (ConfUtils.java:logGet(46)) - raft.server.log.unsafe-flush.enabled = false (default)
2023-01-10 21:11:59,344 [om1-impl-thread1] INFO  server.RaftServerConfigKeys (ConfUtils.java:logGet(46)) - raft.server.log.async-flush.enabled = false (default)
2023-01-10 21:11:59,345 [om1-impl-thread1] INFO  server.RaftServerConfigKeys (ConfUtils.java:logGet(46)) - raft.server.log.statemachine.data.caching.enabled = false (default)
2023-01-10 21:11:59,353 [om1-impl-thread1] INFO  segmented.SegmentedRaftLogWorker (SegmentedRaftLogWorker.java:lambda$new$0(135)) - om1@group-C5BA1605619E-SegmentedRaftLogWorker: flushIndex: setUnconditionally 0 -> -1
2023-01-10 21:11:59,353 [om1-impl-thread1] INFO  segmented.SegmentedRaftLogWorker (SegmentedRaftLogWorker.java:lambda$new$0(135)) - om1@group-C5BA1605619E-SegmentedRaftLogWorker: safeCacheEvictIndex: setUnconditionally 0 -> -1
2023-01-10 21:11:59,355 [om1-impl-thread1] INFO  server.RaftServer$Division (RaftServerImpl.java:start(334)) - om1@group-C5BA1605619E: start as a follower, conf=-1: peers:[om1|rpc:localhost:9872|priority:0|startupRole:FOLLOWER]|listeners:[], old=null
2023-01-10 21:11:59,359 [om1-impl-thread1] INFO  server.RaftServer$Division (RaftServerImpl.java:setRole(321)) - om1@group-C5BA1605619E: changes role from      null to FOLLOWER at term 0 for startAsFollower
2023-01-10 21:11:59,362 [om1-impl-thread1] INFO  impl.RoleInfo (RoleInfo.java:updateAndGet(139)) - om1: start om1@group-C5BA1605619E-FollowerState
2023-01-10 21:11:59,367 [om1-impl-thread1] INFO  util.JmxRegister (JmxRegister.java:tryRegister(44)) - Successfully registered JMX Bean with object name Ratis:service=RaftServer,group=group-C5BA1605619E,id=om1
2023-01-10 21:11:59,370 [om1@group-C5BA1605619E-FollowerState] INFO  server.RaftServerConfigKeys (ConfUtils.java:logFallback(53)) - raft.server.rpc.first-election.timeout.min = 1s (fallback to raft.server.rpc.timeout.min)
2023-01-10 21:11:59,370 [om1@group-C5BA1605619E-FollowerState] INFO  server.RaftServerConfigKeys (ConfUtils.java:logFallback(53)) - raft.server.rpc.first-election.timeout.max = 1200ms (fallback to raft.server.rpc.timeout.max)
2023-01-10 21:11:59,371 [om1-impl-thread1] INFO  server.RaftServerConfigKeys (ConfUtils.java:logGet(46)) - raft.server.snapshot.auto.trigger.enabled = true (custom)
2023-01-10 21:11:59,371 [om1-impl-thread1] INFO  server.RaftServerConfigKeys (ConfUtils.java:logGet(46)) - raft.server.snapshot.auto.trigger.threshold = 400000 (default)
2023-01-10 21:11:59,377 [om1-impl-thread1] INFO  server.RaftServerConfigKeys (ConfUtils.java:logGet(46)) - raft.server.snapshot.retention.file.num = -1 (default)
2023-01-10 21:11:59,378 [om1-impl-thread1] INFO  server.RaftServerConfigKeys (ConfUtils.java:logGet(46)) - raft.server.log.purge.upto.snapshot.index = true (custom)
2023-01-10 21:11:59,382 [Listener at 127.0.0.1/46425] INFO  server.RaftServer (RaftServerProxy.java:startImpl(393)) - om1: start RPC server
2023-01-10 21:11:59,404 [Listener at 127.0.0.1/46425] INFO  server.GrpcService (GrpcService.java:startImpl(262)) - om1: GrpcService started, listening on 9872
2023-01-10 21:11:59,408 [JvmPauseMonitor0] INFO  util.JvmPauseMonitor (JvmPauseMonitor.java:run(105)) - JvmPauseMonitor-om1: Started
2023-01-10 21:11:59,409 [Listener at 127.0.0.1/46425] INFO  om.OzoneManager (OzoneManager.java:start(1504)) - Version File has different layout version (3) than OM DB (null). That is expected if this OM has never been finalized to a newer layout version.
2023-01-10 21:11:59,432 [Listener at 127.0.0.1/46425] INFO  http.BaseHttpServer (BaseHttpServer.java:newHttpServer2BuilderForOzone(213)) - Starting Web-server for ozoneManager at: http://0.0.0.0:0
2023-01-10 21:11:59,433 [Listener at 127.0.0.1/46425] INFO  http.BaseHttpServer (BaseHttpServer.java:<init>(108)) - Hadoop Security Enabled: false Ozone Security Enabled: false Ozone HTTP Security Enabled: false 
2023-01-10 21:11:59,434 [Listener at 127.0.0.1/46425] WARN  server.AuthenticationFilter (AuthenticationFilter.java:constructSecretProvider(240)) - Unable to initialize FileSignerSecretProvider, falling back to use random secrets. Reason: Could not read signature secret file: /home/runner/hadoop-http-auth-signature-secret
2023-01-10 21:11:59,436 [Listener at 127.0.0.1/46425] WARN  http.HttpRequestLog (HttpRequestLog.java:getRequestLog(103)) - Jetty request log can only be enabled using Log4j
2023-01-10 21:11:59,438 [Listener at 127.0.0.1/46425] INFO  http.HttpServer2 (HttpServer2.java:addGlobalFilter(1031)) - Added global filter 'safety' (class=org.apache.hadoop.hdds.server.http.HttpServer2$QuotingInputFilter)
2023-01-10 21:11:59,439 [Listener at 127.0.0.1/46425] INFO  http.HttpServer2 (HttpServer2.java:addFilter(1007)) - Added filter static_user_filter (class=org.apache.hadoop.http.lib.StaticUserWebFilter$StaticUserFilter) to context ozoneManager
2023-01-10 21:11:59,440 [Listener at 127.0.0.1/46425] INFO  http.HttpServer2 (HttpServer2.java:addFilter(1015)) - Added filter static_user_filter (class=org.apache.hadoop.http.lib.StaticUserWebFilter$StaticUserFilter) to context logs
2023-01-10 21:11:59,440 [Listener at 127.0.0.1/46425] INFO  http.HttpServer2 (HttpServer2.java:addFilter(1015)) - Added filter static_user_filter (class=org.apache.hadoop.http.lib.StaticUserWebFilter$StaticUserFilter) to context static
2023-01-10 21:11:59,443 [Listener at 127.0.0.1/46425] INFO  http.HttpServer2 (HttpServer2.java:bindListener(1250)) - Jetty bound to port 40973
2023-01-10 21:11:59,443 [Listener at 127.0.0.1/46425] INFO  server.Server (Server.java:doStart(375)) - jetty-9.4.49.v20220914; built: 2022-09-14T01:07:36.601Z; git: 4231a3b2e4cb8548a412a789936d640a97b1aa0a; jvm 1.8.0_352-b08
2023-01-10 21:11:59,446 [Listener at 127.0.0.1/46425] INFO  server.session (DefaultSessionIdManager.java:doStart(334)) - DefaultSessionIdManager workerName=node0
2023-01-10 21:11:59,446 [Listener at 127.0.0.1/46425] INFO  server.session (DefaultSessionIdManager.java:doStart(339)) - No SessionScavenger set, using defaults
2023-01-10 21:11:59,447 [Listener at 127.0.0.1/46425] INFO  server.session (HouseKeeper.java:startScavenging(132)) - node0 Scavenging every 600000ms
2023-01-10 21:11:59,448 [Listener at 127.0.0.1/46425] INFO  handler.ContextHandler (ContextHandler.java:doStart(921)) - Started o.e.j.s.ServletContextHandler@1fd80ae3{logs,/logs,file:///home/runner/work/ozone/ozone/hadoop-ozone/integration-test/target/log,AVAILABLE}
2023-01-10 21:11:59,448 [Listener at 127.0.0.1/46425] INFO  handler.ContextHandler (ContextHandler.java:doStart(921)) - Started o.e.j.s.ServletContextHandler@1fdf8aa4{static,/static,file:///home/runner/work/ozone/ozone/hadoop-ozone/integration-test/target/test-classes/webapps/static,AVAILABLE}
2023-01-10 21:11:59,452 [Listener at 127.0.0.1/46425] INFO  handler.ContextHandler (ContextHandler.java:doStart(921)) - Started o.e.j.w.WebAppContext@35eda194{ozoneManager,/,file:///home/runner/work/ozone/ozone/hadoop-ozone/integration-test/target/test-classes/webapps/ozoneManager/,AVAILABLE}{file:/home/runner/work/ozone/ozone/hadoop-ozone/integration-test/target/test-classes/webapps/ozoneManager}
2023-01-10 21:11:59,454 [Listener at 127.0.0.1/46425] INFO  server.AbstractConnector (AbstractConnector.java:doStart(333)) - Started ServerConnector@73e0637a{HTTP/1.1, (http/1.1)}{0.0.0.0:40973}
2023-01-10 21:11:59,454 [Listener at 127.0.0.1/46425] INFO  server.Server (Server.java:doStart(415)) - Started @9002ms
2023-01-10 21:11:59,454 [Listener at 127.0.0.1/46425] WARN  impl.MetricsSystemImpl (MetricsSystemImpl.java:register(279)) - Sink prometheus already exists!
2023-01-10 21:11:59,455 [Listener at 127.0.0.1/46425] INFO  http.BaseHttpServer (BaseHttpServer.java:updateConnectorAddress(333)) - HTTP server of ozoneManager listening at http://0.0.0.0:40973
2023-01-10 21:11:59,455 [IPC Server Responder] INFO  ipc.Server (Server.java:run(1512)) - IPC Server Responder: starting
2023-01-10 21:11:59,458 [IPC Server listener on 0] INFO  ipc.Server (Server.java:run(1352)) - IPC Server listener on 0: starting
2023-01-10 21:11:59,466 [Listener at 127.0.0.1/46425] INFO  om.OzoneManager (OzoneManager.java:startTrashEmptier(1925)) - Trash Interval set to 0. Files deleted won't move to trash
2023-01-10 21:11:59,476 [org.apache.hadoop.util.JvmPauseMonitor$Monitor@577457ad] INFO  util.JvmPauseMonitor (JvmPauseMonitor.java:run(188)) - Starting JVM pause monitor
2023-01-10 21:11:59,635 [Listener at 127.0.0.1/46425] WARN  impl.MetricRegistriesImpl (MetricRegistriesImpl.java:addReporterRegistration(111)) - New reporters are added after registries were created. Some metrics will be missing from the reporter. Please add reporter before adding any new registry.
2023-01-10 21:11:59,635 [Listener at 127.0.0.1/46425] WARN  impl.MetricRegistriesImpl (MetricRegistriesImpl.java:addReporterRegistration(111)) - New reporters are added after registries were created. Some metrics will be missing from the reporter. Please add reporter before adding any new registry.
2023-01-10 21:11:59,636 [Listener at 127.0.0.1/46425] INFO  impl.MetricsSystemImpl (MetricsSystemImpl.java:init(158)) - HddsDatanode metrics system started (again)
2023-01-10 21:11:59,663 [Listener at 127.0.0.1/46425] INFO  ozone.HddsDatanodeService (HddsDatanodeService.java:start(228)) - HddsDatanodeService host:fv-az502-119 ip:10.1.0.46
2023-01-10 21:11:59,707 [Listener at 127.0.0.1/46425] INFO  upgrade.AbstractLayoutVersionManager (AbstractLayoutVersionManager.java:init(83)) - Initializing Layout version manager with metadata layout = DATANODE_SCHEMA_V3 (version = 4), software layout = DATANODE_SCHEMA_V3 (version = 4)
2023-01-10 21:11:59,768 [Listener at 127.0.0.1/46425] INFO  reflections.Reflections (Reflections.java:scan(232)) - Reflections took 57 ms to scan 7 urls, producing 146 keys and 350 values 
2023-01-10 21:11:59,778 [Listener at 127.0.0.1/46425] INFO  statemachine.DatanodeStateMachine (DatanodeStateMachine.java:getEndPointTaskThreadPoolSize(248)) - Datanode State Machine Task Thread Pool size 2
2023-01-10 21:11:59,850 [Listener at 127.0.0.1/46425] INFO  volume.HddsVolume (HddsVolume.java:<init>(117)) - Creating HddsVolume: /home/runner/work/ozone/ozone/hadoop-ozone/integration-test/target/test-dir/MiniOzoneClusterImpl-19fb9fdf-8a8f-4927-bd4c-ee6195d64daa/datanode-0/data-0/containers/hdds of storage type : DISK capacity : 9223372036854775807
2023-01-10 21:11:59,853 [Listener at 127.0.0.1/46425] INFO  volume.MutableVolumeSet (MutableVolumeSet.java:initializeVolumeSet(174)) - Added Volume : /home/runner/work/ozone/ozone/hadoop-ozone/integration-test/target/test-dir/MiniOzoneClusterImpl-19fb9fdf-8a8f-4927-bd4c-ee6195d64daa/datanode-0/data-0/containers/hdds to VolumeSet
2023-01-10 21:11:59,854 [Listener at 127.0.0.1/46425] INFO  volume.ThrottledAsyncChecker (ThrottledAsyncChecker.java:schedule(141)) - Scheduling a check for /home/runner/work/ozone/ozone/hadoop-ozone/integration-test/target/test-dir/MiniOzoneClusterImpl-19fb9fdf-8a8f-4927-bd4c-ee6195d64daa/datanode-0/data-0/containers/hdds
2023-01-10 21:11:59,874 [Listener at 127.0.0.1/46425] INFO  volume.StorageVolumeChecker (StorageVolumeChecker.java:checkAllVolumes(202)) - Scheduled health check for volume /home/runner/work/ozone/ozone/hadoop-ozone/integration-test/target/test-dir/MiniOzoneClusterImpl-19fb9fdf-8a8f-4927-bd4c-ee6195d64daa/datanode-0/data-0/containers/hdds
2023-01-10 21:11:59,894 [Listener at 127.0.0.1/46425] INFO  volume.MutableVolumeSet (MutableVolumeSet.java:initializeVolumeSet(174)) - Added Volume : /home/runner/work/ozone/ozone/hadoop-ozone/integration-test/target/test-dir/MiniOzoneClusterImpl-19fb9fdf-8a8f-4927-bd4c-ee6195d64daa/datanode-0/data/ratis to VolumeSet
2023-01-10 21:11:59,894 [Listener at 127.0.0.1/46425] INFO  volume.ThrottledAsyncChecker (ThrottledAsyncChecker.java:schedule(141)) - Scheduling a check for /home/runner/work/ozone/ozone/hadoop-ozone/integration-test/target/test-dir/MiniOzoneClusterImpl-19fb9fdf-8a8f-4927-bd4c-ee6195d64daa/datanode-0/data/ratis
2023-01-10 21:11:59,894 [Listener at 127.0.0.1/46425] INFO  volume.StorageVolumeChecker (StorageVolumeChecker.java:checkAllVolumes(202)) - Scheduled health check for volume /home/runner/work/ozone/ozone/hadoop-ozone/integration-test/target/test-dir/MiniOzoneClusterImpl-19fb9fdf-8a8f-4927-bd4c-ee6195d64daa/datanode-0/data/ratis
2023-01-10 21:11:59,922 [Thread-136] INFO  ozoneimpl.ContainerReader (ContainerReader.java:readVolume(175)) - Finish verifying containers on volume /home/runner/work/ozone/ozone/hadoop-ozone/integration-test/target/test-dir/MiniOzoneClusterImpl-19fb9fdf-8a8f-4927-bd4c-ee6195d64daa/datanode-0/data-0/containers/hdds
2023-01-10 21:11:59,922 [Listener at 127.0.0.1/46425] INFO  ozoneimpl.OzoneContainer (OzoneContainer.java:buildContainerSet(301)) - Build ContainerSet costs 0s
2023-01-10 21:11:59,976 [Listener at 127.0.0.1/46425] INFO  audit.AuditLogger (AuditLogger.java:refreshDebugCmdSet(126)) - Refresh DebugCmdSet for DNAudit to [].
2023-01-10 21:12:00,014 [Listener at 127.0.0.1/46425] INFO  server.RaftServer (ConfUtils.java:logGet(46)) - raft.rpc.type = GRPC (default)
2023-01-10 21:12:00,014 [Listener at 127.0.0.1/46425] INFO  grpc.GrpcConfigKeys (ConfUtils.java:logFallback(53)) - raft.grpc.admin.host = null (fallback to raft.grpc.server.host)
2023-01-10 21:12:00,014 [Listener at 127.0.0.1/46425] INFO  grpc.GrpcConfigKeys (ConfUtils.java:logGet(46)) - raft.grpc.admin.port = 0 (custom)
2023-01-10 21:12:00,015 [Listener at 127.0.0.1/46425] INFO  grpc.GrpcConfigKeys (ConfUtils.java:logFallback(53)) - raft.grpc.client.host = null (fallback to raft.grpc.server.host)
2023-01-10 21:12:00,015 [Listener at 127.0.0.1/46425] INFO  grpc.GrpcConfigKeys (ConfUtils.java:logGet(46)) - raft.grpc.client.port = 0 (custom)
2023-01-10 21:12:00,015 [Listener at 127.0.0.1/46425] INFO  grpc.GrpcConfigKeys (ConfUtils.java:logGet(46)) - raft.grpc.server.host = null (default)
2023-01-10 21:12:00,015 [Listener at 127.0.0.1/46425] INFO  grpc.GrpcConfigKeys (ConfUtils.java:logGet(46)) - raft.grpc.server.port = 0 (default)
2023-01-10 21:12:00,015 [Listener at 127.0.0.1/46425] INFO  server.GrpcService (ConfUtils.java:logGet(46)) - raft.grpc.message.size.max = 32MB (=33554432) (custom)
2023-01-10 21:12:00,015 [Listener at 127.0.0.1/46425] INFO  server.RaftServerConfigKeys (ConfUtils.java:logGet(46)) - raft.server.log.appender.buffer.byte-limit = 33554432 (custom)
2023-01-10 21:12:00,016 [Listener at 127.0.0.1/46425] INFO  server.GrpcService (ConfUtils.java:logGet(46)) - raft.grpc.flow.control.window = 5MB (=5242880) (custom)
2023-01-10 21:12:00,016 [Listener at 127.0.0.1/46425] INFO  server.RaftServerConfigKeys (ConfUtils.java:logGet(46)) - raft.server.rpc.request.timeout = 60s (custom)
2023-01-10 21:12:00,016 [Listener at 127.0.0.1/46425] INFO  grpc.GrpcConfigKeys (ConfUtils.java:logGet(46)) - raft.grpc.server.heartbeat.channel = true (default)
2023-01-10 21:12:00,016 [Listener at 127.0.0.1/46425] INFO  grpc.GrpcConfigKeys (ConfUtils.java:logGet(46)) - raft.grpc.server.async.request.thread.pool.cached = true (default)
2023-01-10 21:12:00,016 [Listener at 127.0.0.1/46425] INFO  grpc.GrpcConfigKeys (ConfUtils.java:logGet(46)) - raft.grpc.server.async.request.thread.pool.size = 32 (default)
2023-01-10 21:12:00,018 [Listener at 127.0.0.1/46425] INFO  impl.DataStreamServerImpl (ConfUtils.java:logGet(46)) - raft.datastream.type = NETTY (custom)
2023-01-10 21:12:00,018 [Listener at 127.0.0.1/46425] INFO  server.RaftServerConfigKeys (ConfUtils.java:logGet(46)) - raft.server.data-stream.async.request.thread.pool.cached = false (default)
2023-01-10 21:12:00,019 [Listener at 127.0.0.1/46425] INFO  server.RaftServerConfigKeys (ConfUtils.java:logGet(46)) - raft.server.data-stream.async.request.thread.pool.size = 20 (custom)
2023-01-10 21:12:00,019 [Listener at 127.0.0.1/46425] INFO  server.RaftServerConfigKeys (ConfUtils.java:logGet(46)) - raft.server.data-stream.async.write.thread.pool.size = 16 (default)
2023-01-10 21:12:00,019 [Listener at 127.0.0.1/46425] INFO  server.RaftServerConfigKeys (ConfUtils.java:logGet(46)) - raft.server.data-stream.client.pool.size = 10 (default)
2023-01-10 21:12:00,019 [Listener at 127.0.0.1/46425] INFO  netty.NettyConfigKeys$DataStream (ConfUtils.java:logGet(46)) - raft.netty.dataStream.server.use-epoll = false (default)
2023-01-10 21:12:00,019 [Listener at 127.0.0.1/46425] INFO  netty.NettyConfigKeys$DataStream (ConfUtils.java:logGet(46)) - raft.netty.dataStream.server.boss-group.size = 0 (default)
2023-01-10 21:12:00,020 [Listener at 127.0.0.1/46425] INFO  netty.NettyConfigKeys$DataStream (ConfUtils.java:logGet(46)) - raft.netty.dataStream.server.worker-group.size = 0 (default)
2023-01-10 21:12:00,034 [Listener at 127.0.0.1/46425] INFO  netty.NettyConfigKeys$DataStream (ConfUtils.java:logGet(46)) - raft.netty.dataStream.server.tls.conf = null (default)
2023-01-10 21:12:00,034 [Listener at 127.0.0.1/46425] INFO  netty.NettyConfigKeys$DataStream (ConfUtils.java:logGet(46)) - raft.netty.dataStream.host = null (default)
2023-01-10 21:12:00,034 [Listener at 127.0.0.1/46425] INFO  netty.NettyConfigKeys$DataStream (ConfUtils.java:logGet(46)) - raft.netty.dataStream.port = 0 (default)
2023-01-10 21:12:00,037 [Listener at 127.0.0.1/46425] INFO  server.RaftServerConfigKeys (ConfUtils.java:logGet(46)) - raft.server.threadpool.proxy.cached = true (default)
2023-01-10 21:12:00,037 [Listener at 127.0.0.1/46425] INFO  server.RaftServerConfigKeys (ConfUtils.java:logGet(46)) - raft.server.threadpool.proxy.size = 0 (default)
2023-01-10 21:12:00,037 [Listener at 127.0.0.1/46425] INFO  server.RaftServerConfigKeys (ConfUtils.java:logGet(46)) - raft.server.rpc.slowness.timeout = 300s (custom)
2023-01-10 21:12:00,038 [Listener at 127.0.0.1/46425] INFO  server.RaftServerConfigKeys (ConfUtils.java:logGet(46)) - raft.server.leaderelection.leader.step-down.wait-time = 10s (default)
2023-01-10 21:12:00,038 [Listener at 127.0.0.1/46425] INFO  server.RaftServerConfigKeys (ConfUtils.java:logGet(46)) - raft.server.storage.dir = [/home/runner/work/ozone/ozone/hadoop-ozone/integration-test/target/test-dir/MiniOzoneClusterImpl-19fb9fdf-8a8f-4927-bd4c-ee6195d64daa/datanode-0/data/ratis] (custom)
2023-01-10 21:12:00,040 [6225d677-c2d1-455e-90bb-1529b9debcfd-NettyServerStreamRpc-bossGroup--thread1] INFO  logging.LoggingHandler (AbstractInternalLogger.java:log(148)) - [id: 0x597b1654] REGISTERED
2023-01-10 21:12:00,040 [6225d677-c2d1-455e-90bb-1529b9debcfd-NettyServerStreamRpc-bossGroup--thread1] INFO  logging.LoggingHandler (AbstractInternalLogger.java:log(148)) - [id: 0x597b1654] BIND: 0.0.0.0/0.0.0.0:0
2023-01-10 21:12:00,041 [6225d677-c2d1-455e-90bb-1529b9debcfd-NettyServerStreamRpc-bossGroup--thread1] INFO  logging.LoggingHandler (AbstractInternalLogger.java:log(148)) - [id: 0x597b1654, L:/0:0:0:0:0:0:0:0:45105] ACTIVE
2023-01-10 21:12:00,071 [Listener at 127.0.0.1/46425] INFO  server.XceiverServerGrpc (XceiverServerGrpc.java:<init>(132)) - GrpcServer channel type EpollServerSocketChannel
2023-01-10 21:12:00,180 [Listener at 127.0.0.1/46425] INFO  http.BaseHttpServer (BaseHttpServer.java:newHttpServer2BuilderForOzone(213)) - Starting Web-server for hddsDatanode at: http://0.0.0.0:0
2023-01-10 21:12:00,181 [Listener at 127.0.0.1/46425] INFO  http.BaseHttpServer (BaseHttpServer.java:<init>(108)) - Hadoop Security Enabled: false Ozone Security Enabled: false Ozone HTTP Security Enabled: false 
2023-01-10 21:12:00,184 [Listener at 127.0.0.1/46425] WARN  server.AuthenticationFilter (AuthenticationFilter.java:constructSecretProvider(240)) - Unable to initialize FileSignerSecretProvider, falling back to use random secrets. Reason: Could not read signature secret file: /home/runner/hadoop-http-auth-signature-secret
2023-01-10 21:12:00,186 [Listener at 127.0.0.1/46425] WARN  http.HttpRequestLog (HttpRequestLog.java:getRequestLog(103)) - Jetty request log can only be enabled using Log4j
2023-01-10 21:12:00,187 [Listener at 127.0.0.1/46425] INFO  http.HttpServer2 (HttpServer2.java:addGlobalFilter(1031)) - Added global filter 'safety' (class=org.apache.hadoop.hdds.server.http.HttpServer2$QuotingInputFilter)
2023-01-10 21:12:00,188 [Listener at 127.0.0.1/46425] INFO  http.HttpServer2 (HttpServer2.java:addFilter(1007)) - Added filter static_user_filter (class=org.apache.hadoop.http.lib.StaticUserWebFilter$StaticUserFilter) to context hddsDatanode
2023-01-10 21:12:00,188 [Listener at 127.0.0.1/46425] INFO  http.HttpServer2 (HttpServer2.java:addFilter(1015)) - Added filter static_user_filter (class=org.apache.hadoop.http.lib.StaticUserWebFilter$StaticUserFilter) to context static
2023-01-10 21:12:00,189 [Listener at 127.0.0.1/46425] INFO  http.HttpServer2 (HttpServer2.java:addFilter(1015)) - Added filter static_user_filter (class=org.apache.hadoop.http.lib.StaticUserWebFilter$StaticUserFilter) to context logs
2023-01-10 21:12:00,191 [Listener at 127.0.0.1/46425] INFO  http.HttpServer2 (HttpServer2.java:bindListener(1250)) - Jetty bound to port 38683
2023-01-10 21:12:00,192 [Listener at 127.0.0.1/46425] INFO  server.Server (Server.java:doStart(375)) - jetty-9.4.49.v20220914; built: 2022-09-14T01:07:36.601Z; git: 4231a3b2e4cb8548a412a789936d640a97b1aa0a; jvm 1.8.0_352-b08
2023-01-10 21:12:00,198 [Listener at 127.0.0.1/46425] INFO  server.session (DefaultSessionIdManager.java:doStart(334)) - DefaultSessionIdManager workerName=node0
2023-01-10 21:12:00,199 [Listener at 127.0.0.1/46425] INFO  server.session (DefaultSessionIdManager.java:doStart(339)) - No SessionScavenger set, using defaults
2023-01-10 21:12:00,199 [Listener at 127.0.0.1/46425] INFO  server.session (HouseKeeper.java:startScavenging(132)) - node0 Scavenging every 600000ms
2023-01-10 21:12:00,200 [Listener at 127.0.0.1/46425] INFO  handler.ContextHandler (ContextHandler.java:doStart(921)) - Started o.e.j.s.ServletContextHandler@55ea7b4d{logs,/logs,file:///home/runner/work/ozone/ozone/hadoop-ozone/integration-test/target/log,AVAILABLE}
2023-01-10 21:12:00,201 [Listener at 127.0.0.1/46425] INFO  handler.ContextHandler (ContextHandler.java:doStart(921)) - Started o.e.j.s.ServletContextHandler@2e6c750d{static,/static,jar:file:/home/runner/.m2/repository/org/apache/ozone/hdds-container-service/1.4.0-SNAPSHOT/hdds-container-service-1.4.0-SNAPSHOT.jar!/webapps/static,AVAILABLE}
2023-01-10 21:12:00,376 [om1@group-C5BA1605619E-FollowerState] INFO  impl.FollowerState (FollowerState.java:run(143)) - om1@group-C5BA1605619E-FollowerState: change to CANDIDATE, lastRpcElapsedTime:1014226435ns, electionTimeout:1004ms
2023-01-10 21:12:00,377 [om1@group-C5BA1605619E-FollowerState] INFO  impl.RoleInfo (RoleInfo.java:shutdownFollowerState(110)) - om1: shutdown om1@group-C5BA1605619E-FollowerState
2023-01-10 21:12:00,378 [om1@group-C5BA1605619E-FollowerState] INFO  server.RaftServer$Division (RaftServerImpl.java:setRole(321)) - om1@group-C5BA1605619E: changes role from  FOLLOWER to CANDIDATE at term 0 for changeToCandidate
2023-01-10 21:12:00,383 [om1@group-C5BA1605619E-FollowerState] INFO  server.RaftServerConfigKeys (ConfUtils.java:logGet(46)) - raft.server.leaderelection.pre-vote = false (custom)
2023-01-10 21:12:00,383 [om1@group-C5BA1605619E-FollowerState] INFO  impl.RoleInfo (RoleInfo.java:updateAndGet(139)) - om1: start om1@group-C5BA1605619E-LeaderElection1
2023-01-10 21:12:00,398 [om1@group-C5BA1605619E-LeaderElection1] INFO  impl.LeaderElection (LeaderElection.java:askForVotes(312)) - om1@group-C5BA1605619E-LeaderElection1 ELECTION round 0: submit vote requests at term 1 for -1: peers:[om1|rpc:localhost:9872|priority:0|startupRole:FOLLOWER]|listeners:[], old=null
2023-01-10 21:12:00,399 [om1@group-C5BA1605619E-LeaderElection1] INFO  impl.LeaderElection (LeaderElection.java:askForVotes(314)) - om1@group-C5BA1605619E-LeaderElection1 ELECTION round 0: result PASSED (term=1)
2023-01-10 21:12:00,400 [om1@group-C5BA1605619E-LeaderElection1] INFO  impl.RoleInfo (RoleInfo.java:shutdownLeaderElection(130)) - om1: shutdown om1@group-C5BA1605619E-LeaderElection1
2023-01-10 21:12:00,401 [om1@group-C5BA1605619E-LeaderElection1] INFO  server.RaftServer$Division (RaftServerImpl.java:setRole(321)) - om1@group-C5BA1605619E: changes role from CANDIDATE to LEADER at term 1 for changeToLeader
2023-01-10 21:12:00,402 [om1@group-C5BA1605619E-LeaderElection1] INFO  server.RaftServer$Division (ServerState.java:setLeader(313)) - om1@group-C5BA1605619E: change Leader from null to om1 at term 1 for becomeLeader, leader elected after 2290ms
2023-01-10 21:12:00,417 [om1@group-C5BA1605619E-LeaderElection1] INFO  server.RaftServerConfigKeys (ConfUtils.java:logGet(46)) - raft.server.staging.catchup.gap = 1000 (default)
2023-01-10 21:12:00,425 [om1@group-C5BA1605619E-LeaderElection1] INFO  server.RaftServerConfigKeys (ConfUtils.java:logGet(46)) - raft.server.write.element-limit = 4096 (default)
2023-01-10 21:12:00,430 [om1@group-C5BA1605619E-LeaderElection1] INFO  server.RaftServerConfigKeys (ConfUtils.java:logGet(46)) - raft.server.write.byte-limit = 64MB (=67108864) (default)
2023-01-10 21:12:00,439 [om1@group-C5BA1605619E-LeaderElection1] INFO  server.RaftServerConfigKeys (ConfUtils.java:logGet(46)) - raft.server.watch.timeout = 10s (default)
2023-01-10 21:12:00,439 [om1@group-C5BA1605619E-LeaderElection1] INFO  server.RaftServerConfigKeys (ConfUtils.java:logGet(46)) - raft.server.watch.timeout.denomination = 1s (default)
2023-01-10 21:12:00,440 [om1@group-C5BA1605619E-LeaderElection1] INFO  server.RaftServerConfigKeys (ConfUtils.java:logGet(46)) - raft.server.watch.element-limit = 65536 (default)
2023-01-10 21:12:00,445 [Listener at 127.0.0.1/46425] INFO  handler.ContextHandler (ContextHandler.java:doStart(921)) - Started o.e.j.w.WebAppContext@7b2196d4{hddsDatanode,/,file:///tmp/jetty-0_0_0_0-38683-hdds-container-service-1_4_0-SNAPSHOT_jar-_-any-3359484190225908199/webapp/,AVAILABLE}{jar:file:/home/runner/.m2/repository/org/apache/ozone/hdds-container-service/1.4.0-SNAPSHOT/hdds-container-service-1.4.0-SNAPSHOT.jar!/webapps/hddsDatanode}
2023-01-10 21:12:00,447 [Listener at 127.0.0.1/46425] INFO  server.AbstractConnector (AbstractConnector.java:doStart(333)) - Started ServerConnector@60171633{HTTP/1.1, (http/1.1)}{0.0.0.0:38683}
2023-01-10 21:12:00,447 [Listener at 127.0.0.1/46425] INFO  server.Server (Server.java:doStart(415)) - Started @9995ms
2023-01-10 21:12:00,447 [Listener at 127.0.0.1/46425] WARN  impl.MetricsSystemImpl (MetricsSystemImpl.java:register(279)) - Sink prometheus already exists!
2023-01-10 21:12:00,448 [Listener at 127.0.0.1/46425] INFO  http.BaseHttpServer (BaseHttpServer.java:updateConnectorAddress(333)) - HTTP server of hddsDatanode listening at http://0.0.0.0:38683
2023-01-10 21:12:00,450 [Listener at 127.0.0.1/46425] WARN  impl.MetricRegistriesImpl (MetricRegistriesImpl.java:addReporterRegistration(111)) - New reporters are added after registries were created. Some metrics will be missing from the reporter. Please add reporter before adding any new registry.
2023-01-10 21:12:00,450 [Listener at 127.0.0.1/46425] WARN  impl.MetricRegistriesImpl (MetricRegistriesImpl.java:addReporterRegistration(111)) - New reporters are added after registries were created. Some metrics will be missing from the reporter. Please add reporter before adding any new registry.
2023-01-10 21:12:00,450 [Listener at 127.0.0.1/46425] INFO  impl.MetricsSystemImpl (MetricsSystemImpl.java:init(158)) - HddsDatanode metrics system started (again)
2023-01-10 21:12:00,452 [om1@group-C5BA1605619E-LeaderElection1] INFO  server.RaftServerConfigKeys (ConfUtils.java:logGet(46)) - raft.server.write.element-limit = 4096 (default)
2023-01-10 21:12:00,456 [Datanode State Machine Daemon Thread] INFO  statemachine.DatanodeStateMachine (DatanodeStateMachine.java:lambda$startDaemon$0(508)) - Ozone container server started.
2023-01-10 21:12:00,483 [om1@group-C5BA1605619E-LeaderElection1] INFO  server.RaftServerConfigKeys (ConfUtils.java:logGet(46)) - raft.server.write.follower.gap.ratio.max = -1.0 (default)
2023-01-10 21:12:00,488 [org.apache.hadoop.util.JvmPauseMonitor$Monitor@7f205b85] INFO  util.JvmPauseMonitor (JvmPauseMonitor.java:run(188)) - Starting JVM pause monitor
2023-01-10 21:12:00,489 [Listener at 127.0.0.1/46425] INFO  ozone.HddsDatanodeService (HddsDatanodeService.java:start(228)) - HddsDatanodeService host:fv-az502-119 ip:10.1.0.46
2023-01-10 21:12:00,491 [om1@group-C5BA1605619E-LeaderElection1] INFO  impl.RoleInfo (RoleInfo.java:updateAndGet(139)) - om1: start om1@group-C5BA1605619E-LeaderStateImpl
2023-01-10 21:12:00,538 [Listener at 127.0.0.1/46425] INFO  upgrade.AbstractLayoutVersionManager (AbstractLayoutVersionManager.java:init(83)) - Initializing Layout version manager with metadata layout = DATANODE_SCHEMA_V3 (version = 4), software layout = DATANODE_SCHEMA_V3 (version = 4)
2023-01-10 21:12:00,585 [om1@group-C5BA1605619E-LeaderElection1] INFO  segmented.SegmentedRaftLogWorker (SegmentedRaftLogWorker.java:startLogSegment(452)) - om1@group-C5BA1605619E-SegmentedRaftLogWorker: Starting segment from index:0
2023-01-10 21:12:00,734 [om1@group-C5BA1605619E-LeaderElection1] INFO  server.RaftServer$Division (ServerState.java:setRaftConf(430)) - om1@group-C5BA1605619E: set configuration 0: peers:[om1|rpc:localhost:9872|admin:|client:|dataStream:|priority:0|startupRole:FOLLOWER]|listeners:[], old=null
2023-01-10 21:12:00,746 [Listener at 127.0.0.1/46425] INFO  reflections.Reflections (Reflections.java:scan(232)) - Reflections took 206 ms to scan 7 urls, producing 146 keys and 350 values 
2023-01-10 21:12:00,747 [Listener at 127.0.0.1/46425] INFO  statemachine.DatanodeStateMachine (DatanodeStateMachine.java:getEndPointTaskThreadPoolSize(248)) - Datanode State Machine Task Thread Pool size 2
2023-01-10 21:12:00,756 [Listener at 127.0.0.1/46425] INFO  volume.HddsVolume (HddsVolume.java:<init>(117)) - Creating HddsVolume: /home/runner/work/ozone/ozone/hadoop-ozone/integration-test/target/test-dir/MiniOzoneClusterImpl-19fb9fdf-8a8f-4927-bd4c-ee6195d64daa/datanode-1/data-0/containers/hdds of storage type : DISK capacity : 9223372036854775807
2023-01-10 21:12:00,757 [Listener at 127.0.0.1/46425] INFO  volume.MutableVolumeSet (MutableVolumeSet.java:initializeVolumeSet(174)) - Added Volume : /home/runner/work/ozone/ozone/hadoop-ozone/integration-test/target/test-dir/MiniOzoneClusterImpl-19fb9fdf-8a8f-4927-bd4c-ee6195d64daa/datanode-1/data-0/containers/hdds to VolumeSet
2023-01-10 21:12:00,757 [Listener at 127.0.0.1/46425] INFO  volume.ThrottledAsyncChecker (ThrottledAsyncChecker.java:schedule(141)) - Scheduling a check for /home/runner/work/ozone/ozone/hadoop-ozone/integration-test/target/test-dir/MiniOzoneClusterImpl-19fb9fdf-8a8f-4927-bd4c-ee6195d64daa/datanode-1/data-0/containers/hdds
2023-01-10 21:12:00,777 [Listener at 127.0.0.1/46425] INFO  volume.StorageVolumeChecker (StorageVolumeChecker.java:checkAllVolumes(202)) - Scheduled health check for volume /home/runner/work/ozone/ozone/hadoop-ozone/integration-test/target/test-dir/MiniOzoneClusterImpl-19fb9fdf-8a8f-4927-bd4c-ee6195d64daa/datanode-1/data-0/containers/hdds
2023-01-10 21:12:00,803 [Datanode State Machine Task Thread - 0] INFO  datanode.InitDatanodeState (InitDatanodeState.java:persistContainerDatanodeDetails(138)) - DatanodeDetails is persisted to /home/runner/work/ozone/ozone/hadoop-ozone/integration-test/target/test-dir/MiniOzoneClusterImpl-19fb9fdf-8a8f-4927-bd4c-ee6195d64daa/datanode-0/meta/datanode.id
2023-01-10 21:12:00,805 [Listener at 127.0.0.1/46425] INFO  volume.MutableVolumeSet (MutableVolumeSet.java:initializeVolumeSet(174)) - Added Volume : /home/runner/work/ozone/ozone/hadoop-ozone/integration-test/target/test-dir/MiniOzoneClusterImpl-19fb9fdf-8a8f-4927-bd4c-ee6195d64daa/datanode-1/data/ratis to VolumeSet
2023-01-10 21:12:00,806 [Listener at 127.0.0.1/46425] INFO  volume.ThrottledAsyncChecker (ThrottledAsyncChecker.java:schedule(141)) - Scheduling a check for /home/runner/work/ozone/ozone/hadoop-ozone/integration-test/target/test-dir/MiniOzoneClusterImpl-19fb9fdf-8a8f-4927-bd4c-ee6195d64daa/datanode-1/data/ratis
2023-01-10 21:12:00,806 [Listener at 127.0.0.1/46425] INFO  volume.StorageVolumeChecker (StorageVolumeChecker.java:checkAllVolumes(202)) - Scheduled health check for volume /home/runner/work/ozone/ozone/hadoop-ozone/integration-test/target/test-dir/MiniOzoneClusterImpl-19fb9fdf-8a8f-4927-bd4c-ee6195d64daa/datanode-1/data/ratis
2023-01-10 21:12:00,825 [om1@group-C5BA1605619E-SegmentedRaftLogWorker] INFO  segmented.SegmentedRaftLogWorker (SegmentedRaftLogWorker.java:execute(656)) - om1@group-C5BA1605619E-SegmentedRaftLogWorker: created new log segment /home/runner/work/ozone/ozone/hadoop-ozone/integration-test/target/test-dir/MiniOzoneClusterImpl-19fb9fdf-8a8f-4927-bd4c-ee6195d64daa/ozone-meta/ratis/bf265839-605b-3f16-9796-c5ba1605619e/current/log_inprogress_0
2023-01-10 21:12:00,825 [Thread-152] INFO  ozoneimpl.ContainerReader (ContainerReader.java:readVolume(175)) - Finish verifying containers on volume /home/runner/work/ozone/ozone/hadoop-ozone/integration-test/target/test-dir/MiniOzoneClusterImpl-19fb9fdf-8a8f-4927-bd4c-ee6195d64daa/datanode-1/data-0/containers/hdds
2023-01-10 21:12:00,828 [Listener at 127.0.0.1/46425] INFO  ozoneimpl.OzoneContainer (OzoneContainer.java:buildContainerSet(301)) - Build ContainerSet costs 0s
2023-01-10 21:12:00,833 [Listener at 127.0.0.1/46425] INFO  server.RaftServer (ConfUtils.java:logGet(46)) - raft.rpc.type = GRPC (default)
2023-01-10 21:12:00,834 [Listener at 127.0.0.1/46425] INFO  grpc.GrpcConfigKeys (ConfUtils.java:logFallback(53)) - raft.grpc.admin.host = null (fallback to raft.grpc.server.host)
2023-01-10 21:12:00,834 [Listener at 127.0.0.1/46425] INFO  grpc.GrpcConfigKeys (ConfUtils.java:logGet(46)) - raft.grpc.admin.port = 0 (custom)
2023-01-10 21:12:00,834 [Listener at 127.0.0.1/46425] INFO  grpc.GrpcConfigKeys (ConfUtils.java:logFallback(53)) - raft.grpc.client.host = null (fallback to raft.grpc.server.host)
2023-01-10 21:12:00,834 [Listener at 127.0.0.1/46425] INFO  grpc.GrpcConfigKeys (ConfUtils.java:logGet(46)) - raft.grpc.client.port = 0 (custom)
2023-01-10 21:12:00,834 [Listener at 127.0.0.1/46425] INFO  grpc.GrpcConfigKeys (ConfUtils.java:logGet(46)) - raft.grpc.server.host = null (default)
2023-01-10 21:12:00,834 [Listener at 127.0.0.1/46425] INFO  grpc.GrpcConfigKeys (ConfUtils.java:logGet(46)) - raft.grpc.server.port = 0 (default)
2023-01-10 21:12:00,834 [Listener at 127.0.0.1/46425] INFO  server.GrpcService (ConfUtils.java:logGet(46)) - raft.grpc.message.size.max = 32MB (=33554432) (custom)
2023-01-10 21:12:00,835 [Listener at 127.0.0.1/46425] INFO  server.RaftServerConfigKeys (ConfUtils.java:logGet(46)) - raft.server.log.appender.buffer.byte-limit = 33554432 (custom)
2023-01-10 21:12:00,835 [Listener at 127.0.0.1/46425] INFO  server.GrpcService (ConfUtils.java:logGet(46)) - raft.grpc.flow.control.window = 5MB (=5242880) (custom)
2023-01-10 21:12:00,835 [Listener at 127.0.0.1/46425] INFO  server.RaftServerConfigKeys (ConfUtils.java:logGet(46)) - raft.server.rpc.request.timeout = 60s (custom)
2023-01-10 21:12:00,835 [Listener at 127.0.0.1/46425] INFO  grpc.GrpcConfigKeys (ConfUtils.java:logGet(46)) - raft.grpc.server.heartbeat.channel = true (default)
2023-01-10 21:12:00,835 [Listener at 127.0.0.1/46425] INFO  grpc.GrpcConfigKeys (ConfUtils.java:logGet(46)) - raft.grpc.server.async.request.thread.pool.cached = true (default)
2023-01-10 21:12:00,835 [Listener at 127.0.0.1/46425] INFO  grpc.GrpcConfigKeys (ConfUtils.java:logGet(46)) - raft.grpc.server.async.request.thread.pool.size = 32 (default)
2023-01-10 21:12:00,839 [Listener at 127.0.0.1/46425] INFO  impl.DataStreamServerImpl (ConfUtils.java:logGet(46)) - raft.datastream.type = NETTY (custom)
2023-01-10 21:12:00,839 [Listener at 127.0.0.1/46425] INFO  server.RaftServerConfigKeys (ConfUtils.java:logGet(46)) - raft.server.data-stream.async.request.thread.pool.cached = false (default)
2023-01-10 21:12:00,839 [Listener at 127.0.0.1/46425] INFO  server.RaftServerConfigKeys (ConfUtils.java:logGet(46)) - raft.server.data-stream.async.request.thread.pool.size = 20 (custom)
2023-01-10 21:12:00,841 [Listener at 127.0.0.1/46425] INFO  server.RaftServerConfigKeys (ConfUtils.java:logGet(46)) - raft.server.data-stream.async.write.thread.pool.size = 16 (default)
2023-01-10 21:12:00,841 [Listener at 127.0.0.1/46425] INFO  server.RaftServerConfigKeys (ConfUtils.java:logGet(46)) - raft.server.data-stream.client.pool.size = 10 (default)
2023-01-10 21:12:00,841 [Listener at 127.0.0.1/46425] INFO  netty.NettyConfigKeys$DataStream (ConfUtils.java:logGet(46)) - raft.netty.dataStream.server.use-epoll = false (default)
2023-01-10 21:12:00,841 [Listener at 127.0.0.1/46425] INFO  netty.NettyConfigKeys$DataStream (ConfUtils.java:logGet(46)) - raft.netty.dataStream.server.boss-group.size = 0 (default)
2023-01-10 21:12:00,843 [Listener at 127.0.0.1/46425] INFO  netty.NettyConfigKeys$DataStream (ConfUtils.java:logGet(46)) - raft.netty.dataStream.server.worker-group.size = 0 (default)
2023-01-10 21:12:00,843 [Listener at 127.0.0.1/46425] INFO  netty.NettyConfigKeys$DataStream (ConfUtils.java:logGet(46)) - raft.netty.dataStream.server.tls.conf = null (default)
2023-01-10 21:12:00,844 [Listener at 127.0.0.1/46425] INFO  netty.NettyConfigKeys$DataStream (ConfUtils.java:logGet(46)) - raft.netty.dataStream.host = null (default)
2023-01-10 21:12:00,844 [Listener at 127.0.0.1/46425] INFO  netty.NettyConfigKeys$DataStream (ConfUtils.java:logGet(46)) - raft.netty.dataStream.port = 0 (default)
2023-01-10 21:12:00,853 [Listener at 127.0.0.1/46425] INFO  server.RaftServerConfigKeys (ConfUtils.java:logGet(46)) - raft.server.threadpool.proxy.cached = true (default)
2023-01-10 21:12:00,854 [Listener at 127.0.0.1/46425] INFO  server.RaftServerConfigKeys (ConfUtils.java:logGet(46)) - raft.server.threadpool.proxy.size = 0 (default)
2023-01-10 21:12:00,854 [Listener at 127.0.0.1/46425] INFO  server.RaftServerConfigKeys (ConfUtils.java:logGet(46)) - raft.server.rpc.slowness.timeout = 300s (custom)
2023-01-10 21:12:00,854 [Listener at 127.0.0.1/46425] INFO  server.RaftServerConfigKeys (ConfUtils.java:logGet(46)) - raft.server.leaderelection.leader.step-down.wait-time = 10s (default)
2023-01-10 21:12:00,854 [Listener at 127.0.0.1/46425] INFO  server.RaftServerConfigKeys (ConfUtils.java:logGet(46)) - raft.server.storage.dir = [/home/runner/work/ozone/ozone/hadoop-ozone/integration-test/target/test-dir/MiniOzoneClusterImpl-19fb9fdf-8a8f-4927-bd4c-ee6195d64daa/datanode-1/data/ratis] (custom)
2023-01-10 21:12:00,858 [13a6dec5-f14a-4de7-a098-f6186ae4839d-NettyServerStreamRpc-bossGroup--thread1] INFO  logging.LoggingHandler (AbstractInternalLogger.java:log(148)) - [id: 0x9b3ca3f7] REGISTERED
2023-01-10 21:12:00,858 [13a6dec5-f14a-4de7-a098-f6186ae4839d-NettyServerStreamRpc-bossGroup--thread1] INFO  logging.LoggingHandler (AbstractInternalLogger.java:log(148)) - [id: 0x9b3ca3f7] BIND: 0.0.0.0/0.0.0.0:0
2023-01-10 21:12:00,858 [13a6dec5-f14a-4de7-a098-f6186ae4839d-NettyServerStreamRpc-bossGroup--thread1] INFO  logging.LoggingHandler (AbstractInternalLogger.java:log(148)) - [id: 0x9b3ca3f7, L:/0:0:0:0:0:0:0:0:43127] ACTIVE
2023-01-10 21:12:00,862 [Listener at 127.0.0.1/46425] INFO  server.XceiverServerGrpc (XceiverServerGrpc.java:<init>(132)) - GrpcServer channel type EpollServerSocketChannel
2023-01-10 21:12:00,872 [Listener at 127.0.0.1/46425] INFO  http.BaseHttpServer (BaseHttpServer.java:newHttpServer2BuilderForOzone(213)) - Starting Web-server for hddsDatanode at: http://0.0.0.0:0
2023-01-10 21:12:00,873 [Listener at 127.0.0.1/46425] INFO  http.BaseHttpServer (BaseHttpServer.java:<init>(108)) - Hadoop Security Enabled: false Ozone Security Enabled: false Ozone HTTP Security Enabled: false 
2023-01-10 21:12:00,874 [Listener at 127.0.0.1/46425] WARN  server.AuthenticationFilter (AuthenticationFilter.java:constructSecretProvider(240)) - Unable to initialize FileSignerSecretProvider, falling back to use random secrets. Reason: Could not read signature secret file: /home/runner/hadoop-http-auth-signature-secret
2023-01-10 21:12:00,886 [Listener at 127.0.0.1/46425] WARN  http.HttpRequestLog (HttpRequestLog.java:getRequestLog(103)) - Jetty request log can only be enabled using Log4j
2023-01-10 21:12:00,888 [Listener at 127.0.0.1/46425] INFO  http.HttpServer2 (HttpServer2.java:addGlobalFilter(1031)) - Added global filter 'safety' (class=org.apache.hadoop.hdds.server.http.HttpServer2$QuotingInputFilter)
2023-01-10 21:12:00,889 [Listener at 127.0.0.1/46425] INFO  http.HttpServer2 (HttpServer2.java:addFilter(1007)) - Added filter static_user_filter (class=org.apache.hadoop.http.lib.StaticUserWebFilter$StaticUserFilter) to context hddsDatanode
2023-01-10 21:12:00,889 [Listener at 127.0.0.1/46425] INFO  http.HttpServer2 (HttpServer2.java:addFilter(1015)) - Added filter static_user_filter (class=org.apache.hadoop.http.lib.StaticUserWebFilter$StaticUserFilter) to context logs
2023-01-10 21:12:00,889 [Listener at 127.0.0.1/46425] INFO  http.HttpServer2 (HttpServer2.java:addFilter(1015)) - Added filter static_user_filter (class=org.apache.hadoop.http.lib.StaticUserWebFilter$StaticUserFilter) to context static
2023-01-10 21:12:00,890 [Listener at 127.0.0.1/46425] INFO  http.HttpServer2 (HttpServer2.java:bindListener(1250)) - Jetty bound to port 35417
2023-01-10 21:12:00,890 [Listener at 127.0.0.1/46425] INFO  server.Server (Server.java:doStart(375)) - jetty-9.4.49.v20220914; built: 2022-09-14T01:07:36.601Z; git: 4231a3b2e4cb8548a412a789936d640a97b1aa0a; jvm 1.8.0_352-b08
2023-01-10 21:12:00,930 [Listener at 127.0.0.1/46425] INFO  server.session (DefaultSessionIdManager.java:doStart(334)) - DefaultSessionIdManager workerName=node0
2023-01-10 21:12:00,931 [Listener at 127.0.0.1/46425] INFO  server.session (DefaultSessionIdManager.java:doStart(339)) - No SessionScavenger set, using defaults
2023-01-10 21:12:00,931 [Listener at 127.0.0.1/46425] INFO  server.session (HouseKeeper.java:startScavenging(132)) - node0 Scavenging every 600000ms
2023-01-10 21:12:00,932 [Listener at 127.0.0.1/46425] INFO  handler.ContextHandler (ContextHandler.java:doStart(921)) - Started o.e.j.s.ServletContextHandler@189ab1be{logs,/logs,file:///home/runner/work/ozone/ozone/hadoop-ozone/integration-test/target/log,AVAILABLE}
2023-01-10 21:12:00,932 [Listener at 127.0.0.1/46425] INFO  handler.ContextHandler (ContextHandler.java:doStart(921)) - Started o.e.j.s.ServletContextHandler@391a622d{static,/static,jar:file:/home/runner/.m2/repository/org/apache/ozone/hdds-container-service/1.4.0-SNAPSHOT/hdds-container-service-1.4.0-SNAPSHOT.jar!/webapps/static,AVAILABLE}
2023-01-10 21:12:01,032 [om1@group-C5BA1605619E-StateMachineUpdater] INFO  ratis.OzoneManagerStateMachine (OzoneManagerStateMachine.java:notifyConfigurationChanged(192)) - Received Configuration change notification from Ratis. New Peer list:
[id: "om1"
address: "localhost:9872"
startupRole: FOLLOWER
]
2023-01-10 21:12:01,157 [Listener at 127.0.0.1/46425] INFO  handler.ContextHandler (ContextHandler.java:doStart(921)) - Started o.e.j.w.WebAppContext@4844ce38{hddsDatanode,/,file:///tmp/jetty-0_0_0_0-35417-hdds-container-service-1_4_0-SNAPSHOT_jar-_-any-6454193096701856380/webapp/,AVAILABLE}{jar:file:/home/runner/.m2/repository/org/apache/ozone/hdds-container-service/1.4.0-SNAPSHOT/hdds-container-service-1.4.0-SNAPSHOT.jar!/webapps/hddsDatanode}
2023-01-10 21:12:01,161 [Listener at 127.0.0.1/46425] INFO  server.AbstractConnector (AbstractConnector.java:doStart(333)) - Started ServerConnector@44423240{HTTP/1.1, (http/1.1)}{0.0.0.0:35417}
2023-01-10 21:12:01,162 [Listener at 127.0.0.1/46425] INFO  server.Server (Server.java:doStart(415)) - Started @10709ms
2023-01-10 21:12:01,162 [Listener at 127.0.0.1/46425] WARN  impl.MetricsSystemImpl (MetricsSystemImpl.java:register(279)) - Sink prometheus already exists!
2023-01-10 21:12:01,162 [Listener at 127.0.0.1/46425] INFO  http.BaseHttpServer (BaseHttpServer.java:updateConnectorAddress(333)) - HTTP server of hddsDatanode listening at http://0.0.0.0:35417
2023-01-10 21:12:01,163 [Listener at 127.0.0.1/46425] WARN  impl.MetricRegistriesImpl (MetricRegistriesImpl.java:addReporterRegistration(111)) - New reporters are added after registries were created. Some metrics will be missing from the reporter. Please add reporter before adding any new registry.
2023-01-10 21:12:01,163 [Listener at 127.0.0.1/46425] WARN  impl.MetricRegistriesImpl (MetricRegistriesImpl.java:addReporterRegistration(111)) - New reporters are added after registries were created. Some metrics will be missing from the reporter. Please add reporter before adding any new registry.
2023-01-10 21:12:01,163 [Listener at 127.0.0.1/46425] INFO  impl.MetricsSystemImpl (MetricsSystemImpl.java:init(158)) - HddsDatanode metrics system started (again)
2023-01-10 21:12:01,170 [Datanode State Machine Daemon Thread] INFO  statemachine.DatanodeStateMachine (DatanodeStateMachine.java:lambda$startDaemon$0(508)) - Ozone container server started.
2023-01-10 21:12:01,173 [org.apache.hadoop.util.JvmPauseMonitor$Monitor@2fc4dac] INFO  util.JvmPauseMonitor (JvmPauseMonitor.java:run(188)) - Starting JVM pause monitor
2023-01-10 21:12:01,189 [Datanode State Machine Task Thread - 0] INFO  datanode.InitDatanodeState (InitDatanodeState.java:persistContainerDatanodeDetails(138)) - DatanodeDetails is persisted to /home/runner/work/ozone/ozone/hadoop-ozone/integration-test/target/test-dir/MiniOzoneClusterImpl-19fb9fdf-8a8f-4927-bd4c-ee6195d64daa/datanode-1/meta/datanode.id
2023-01-10 21:12:01,193 [Listener at 127.0.0.1/46425] INFO  ozone.HddsDatanodeService (HddsDatanodeService.java:start(228)) - HddsDatanodeService host:fv-az502-119 ip:10.1.0.46
2023-01-10 21:12:01,226 [Listener at 127.0.0.1/46425] INFO  upgrade.AbstractLayoutVersionManager (AbstractLayoutVersionManager.java:init(83)) - Initializing Layout version manager with metadata layout = DATANODE_SCHEMA_V3 (version = 4), software layout = DATANODE_SCHEMA_V3 (version = 4)
2023-01-10 21:12:01,302 [Listener at 127.0.0.1/46425] INFO  reflections.Reflections (Reflections.java:scan(232)) - Reflections took 73 ms to scan 7 urls, producing 146 keys and 350 values 
2023-01-10 21:12:01,306 [Listener at 127.0.0.1/46425] INFO  statemachine.DatanodeStateMachine (DatanodeStateMachine.java:getEndPointTaskThreadPoolSize(248)) - Datanode State Machine Task Thread Pool size 2
2023-01-10 21:12:01,310 [Listener at 127.0.0.1/46425] INFO  volume.HddsVolume (HddsVolume.java:<init>(117)) - Creating HddsVolume: /home/runner/work/ozone/ozone/hadoop-ozone/integration-test/target/test-dir/MiniOzoneClusterImpl-19fb9fdf-8a8f-4927-bd4c-ee6195d64daa/datanode-2/data-0/containers/hdds of storage type : DISK capacity : 9223372036854775807
2023-01-10 21:12:01,310 [Listener at 127.0.0.1/46425] INFO  volume.MutableVolumeSet (MutableVolumeSet.java:initializeVolumeSet(174)) - Added Volume : /home/runner/work/ozone/ozone/hadoop-ozone/integration-test/target/test-dir/MiniOzoneClusterImpl-19fb9fdf-8a8f-4927-bd4c-ee6195d64daa/datanode-2/data-0/containers/hdds to VolumeSet
2023-01-10 21:12:01,310 [Listener at 127.0.0.1/46425] INFO  volume.ThrottledAsyncChecker (ThrottledAsyncChecker.java:schedule(141)) - Scheduling a check for /home/runner/work/ozone/ozone/hadoop-ozone/integration-test/target/test-dir/MiniOzoneClusterImpl-19fb9fdf-8a8f-4927-bd4c-ee6195d64daa/datanode-2/data-0/containers/hdds
2023-01-10 21:12:01,313 [Listener at 127.0.0.1/46425] INFO  volume.StorageVolumeChecker (StorageVolumeChecker.java:checkAllVolumes(202)) - Scheduled health check for volume /home/runner/work/ozone/ozone/hadoop-ozone/integration-test/target/test-dir/MiniOzoneClusterImpl-19fb9fdf-8a8f-4927-bd4c-ee6195d64daa/datanode-2/data-0/containers/hdds
2023-01-10 21:12:01,329 [Listener at 127.0.0.1/46425] INFO  volume.MutableVolumeSet (MutableVolumeSet.java:initializeVolumeSet(174)) - Added Volume : /home/runner/work/ozone/ozone/hadoop-ozone/integration-test/target/test-dir/MiniOzoneClusterImpl-19fb9fdf-8a8f-4927-bd4c-ee6195d64daa/datanode-2/data/ratis to VolumeSet
2023-01-10 21:12:01,329 [Listener at 127.0.0.1/46425] INFO  volume.ThrottledAsyncChecker (ThrottledAsyncChecker.java:schedule(141)) - Scheduling a check for /home/runner/work/ozone/ozone/hadoop-ozone/integration-test/target/test-dir/MiniOzoneClusterImpl-19fb9fdf-8a8f-4927-bd4c-ee6195d64daa/datanode-2/data/ratis
2023-01-10 21:12:01,330 [Listener at 127.0.0.1/46425] INFO  volume.StorageVolumeChecker (StorageVolumeChecker.java:checkAllVolumes(202)) - Scheduled health check for volume /home/runner/work/ozone/ozone/hadoop-ozone/integration-test/target/test-dir/MiniOzoneClusterImpl-19fb9fdf-8a8f-4927-bd4c-ee6195d64daa/datanode-2/data/ratis
2023-01-10 21:12:01,347 [Thread-166] INFO  ozoneimpl.ContainerReader (ContainerReader.java:readVolume(175)) - Finish verifying containers on volume /home/runner/work/ozone/ozone/hadoop-ozone/integration-test/target/test-dir/MiniOzoneClusterImpl-19fb9fdf-8a8f-4927-bd4c-ee6195d64daa/datanode-2/data-0/containers/hdds
2023-01-10 21:12:01,347 [Listener at 127.0.0.1/46425] INFO  ozoneimpl.OzoneContainer (OzoneContainer.java:buildContainerSet(301)) - Build ContainerSet costs 0s
2023-01-10 21:12:01,351 [Listener at 127.0.0.1/46425] INFO  server.RaftServer (ConfUtils.java:logGet(46)) - raft.rpc.type = GRPC (default)
2023-01-10 21:12:01,351 [Listener at 127.0.0.1/46425] INFO  grpc.GrpcConfigKeys (ConfUtils.java:logFallback(53)) - raft.grpc.admin.host = null (fallback to raft.grpc.server.host)
2023-01-10 21:12:01,352 [Listener at 127.0.0.1/46425] INFO  grpc.GrpcConfigKeys (ConfUtils.java:logGet(46)) - raft.grpc.admin.port = 0 (custom)
2023-01-10 21:12:01,352 [Listener at 127.0.0.1/46425] INFO  grpc.GrpcConfigKeys (ConfUtils.java:logFallback(53)) - raft.grpc.client.host = null (fallback to raft.grpc.server.host)
2023-01-10 21:12:01,352 [Listener at 127.0.0.1/46425] INFO  grpc.GrpcConfigKeys (ConfUtils.java:logGet(46)) - raft.grpc.client.port = 0 (custom)
2023-01-10 21:12:01,352 [Listener at 127.0.0.1/46425] INFO  grpc.GrpcConfigKeys (ConfUtils.java:logGet(46)) - raft.grpc.server.host = null (default)
2023-01-10 21:12:01,352 [Listener at 127.0.0.1/46425] INFO  grpc.GrpcConfigKeys (ConfUtils.java:logGet(46)) - raft.grpc.server.port = 0 (default)
2023-01-10 21:12:01,352 [Listener at 127.0.0.1/46425] INFO  server.GrpcService (ConfUtils.java:logGet(46)) - raft.grpc.message.size.max = 32MB (=33554432) (custom)
2023-01-10 21:12:01,352 [Listener at 127.0.0.1/46425] INFO  server.RaftServerConfigKeys (ConfUtils.java:logGet(46)) - raft.server.log.appender.buffer.byte-limit = 33554432 (custom)
2023-01-10 21:12:01,352 [Listener at 127.0.0.1/46425] INFO  server.GrpcService (ConfUtils.java:logGet(46)) - raft.grpc.flow.control.window = 5MB (=5242880) (custom)
2023-01-10 21:12:01,353 [Listener at 127.0.0.1/46425] INFO  server.RaftServerConfigKeys (ConfUtils.java:logGet(46)) - raft.server.rpc.request.timeout = 60s (custom)
2023-01-10 21:12:01,353 [Listener at 127.0.0.1/46425] INFO  grpc.GrpcConfigKeys (ConfUtils.java:logGet(46)) - raft.grpc.server.heartbeat.channel = true (default)
2023-01-10 21:12:01,353 [Listener at 127.0.0.1/46425] INFO  grpc.GrpcConfigKeys (ConfUtils.java:logGet(46)) - raft.grpc.server.async.request.thread.pool.cached = true (default)
2023-01-10 21:12:01,353 [Listener at 127.0.0.1/46425] INFO  grpc.GrpcConfigKeys (ConfUtils.java:logGet(46)) - raft.grpc.server.async.request.thread.pool.size = 32 (default)
2023-01-10 21:12:01,355 [Listener at 127.0.0.1/46425] INFO  impl.DataStreamServerImpl (ConfUtils.java:logGet(46)) - raft.datastream.type = NETTY (custom)
2023-01-10 21:12:01,355 [Listener at 127.0.0.1/46425] INFO  server.RaftServerConfigKeys (ConfUtils.java:logGet(46)) - raft.server.data-stream.async.request.thread.pool.cached = false (default)
2023-01-10 21:12:01,355 [Listener at 127.0.0.1/46425] INFO  server.RaftServerConfigKeys (ConfUtils.java:logGet(46)) - raft.server.data-stream.async.request.thread.pool.size = 20 (custom)
2023-01-10 21:12:01,355 [Listener at 127.0.0.1/46425] INFO  server.RaftServerConfigKeys (ConfUtils.java:logGet(46)) - raft.server.data-stream.async.write.thread.pool.size = 16 (default)
2023-01-10 21:12:01,356 [Listener at 127.0.0.1/46425] INFO  server.RaftServerConfigKeys (ConfUtils.java:logGet(46)) - raft.server.data-stream.client.pool.size = 10 (default)
2023-01-10 21:12:01,356 [Listener at 127.0.0.1/46425] INFO  netty.NettyConfigKeys$DataStream (ConfUtils.java:logGet(46)) - raft.netty.dataStream.server.use-epoll = false (default)
2023-01-10 21:12:01,356 [Listener at 127.0.0.1/46425] INFO  netty.NettyConfigKeys$DataStream (ConfUtils.java:logGet(46)) - raft.netty.dataStream.server.boss-group.size = 0 (default)
2023-01-10 21:12:01,356 [Listener at 127.0.0.1/46425] INFO  netty.NettyConfigKeys$DataStream (ConfUtils.java:logGet(46)) - raft.netty.dataStream.server.worker-group.size = 0 (default)
2023-01-10 21:12:01,357 [Listener at 127.0.0.1/46425] INFO  netty.NettyConfigKeys$DataStream (ConfUtils.java:logGet(46)) - raft.netty.dataStream.server.tls.conf = null (default)
2023-01-10 21:12:01,357 [Listener at 127.0.0.1/46425] INFO  netty.NettyConfigKeys$DataStream (ConfUtils.java:logGet(46)) - raft.netty.dataStream.host = null (default)
2023-01-10 21:12:01,357 [Listener at 127.0.0.1/46425] INFO  netty.NettyConfigKeys$DataStream (ConfUtils.java:logGet(46)) - raft.netty.dataStream.port = 0 (default)
2023-01-10 21:12:01,363 [Listener at 127.0.0.1/46425] INFO  server.RaftServerConfigKeys (ConfUtils.java:logGet(46)) - raft.server.threadpool.proxy.cached = true (default)
2023-01-10 21:12:01,363 [Listener at 127.0.0.1/46425] INFO  server.RaftServerConfigKeys (ConfUtils.java:logGet(46)) - raft.server.threadpool.proxy.size = 0 (default)
2023-01-10 21:12:01,363 [Listener at 127.0.0.1/46425] INFO  server.RaftServerConfigKeys (ConfUtils.java:logGet(46)) - raft.server.rpc.slowness.timeout = 300s (custom)
2023-01-10 21:12:01,364 [Listener at 127.0.0.1/46425] INFO  server.RaftServerConfigKeys (ConfUtils.java:logGet(46)) - raft.server.leaderelection.leader.step-down.wait-time = 10s (default)
2023-01-10 21:12:01,364 [Listener at 127.0.0.1/46425] INFO  server.RaftServerConfigKeys (ConfUtils.java:logGet(46)) - raft.server.storage.dir = [/home/runner/work/ozone/ozone/hadoop-ozone/integration-test/target/test-dir/MiniOzoneClusterImpl-19fb9fdf-8a8f-4927-bd4c-ee6195d64daa/datanode-2/data/ratis] (custom)
2023-01-10 21:12:01,366 [59f5c057-586b-4a1a-a0d5-0dbbd6701919-NettyServerStreamRpc-bossGroup--thread1] INFO  logging.LoggingHandler (AbstractInternalLogger.java:log(148)) - [id: 0x87dc79e5] REGISTERED
2023-01-10 21:12:01,366 [59f5c057-586b-4a1a-a0d5-0dbbd6701919-NettyServerStreamRpc-bossGroup--thread1] INFO  logging.LoggingHandler (AbstractInternalLogger.java:log(148)) - [id: 0x87dc79e5] BIND: 0.0.0.0/0.0.0.0:0
2023-01-10 21:12:01,366 [59f5c057-586b-4a1a-a0d5-0dbbd6701919-NettyServerStreamRpc-bossGroup--thread1] INFO  logging.LoggingHandler (AbstractInternalLogger.java:log(148)) - [id: 0x87dc79e5, L:/0:0:0:0:0:0:0:0:38953] ACTIVE
2023-01-10 21:12:01,369 [Listener at 127.0.0.1/46425] INFO  server.XceiverServerGrpc (XceiverServerGrpc.java:<init>(132)) - GrpcServer channel type EpollServerSocketChannel
2023-01-10 21:12:01,373 [Listener at 127.0.0.1/46425] INFO  http.BaseHttpServer (BaseHttpServer.java:newHttpServer2BuilderForOzone(213)) - Starting Web-server for hddsDatanode at: http://0.0.0.0:0
2023-01-10 21:12:01,373 [Listener at 127.0.0.1/46425] INFO  http.BaseHttpServer (BaseHttpServer.java:<init>(108)) - Hadoop Security Enabled: false Ozone Security Enabled: false Ozone HTTP Security Enabled: false 
2023-01-10 21:12:01,375 [Listener at 127.0.0.1/46425] WARN  server.AuthenticationFilter (AuthenticationFilter.java:constructSecretProvider(240)) - Unable to initialize FileSignerSecretProvider, falling back to use random secrets. Reason: Could not read signature secret file: /home/runner/hadoop-http-auth-signature-secret
2023-01-10 21:12:01,376 [Listener at 127.0.0.1/46425] WARN  http.HttpRequestLog (HttpRequestLog.java:getRequestLog(103)) - Jetty request log can only be enabled using Log4j
2023-01-10 21:12:01,377 [Listener at 127.0.0.1/46425] INFO  http.HttpServer2 (HttpServer2.java:addGlobalFilter(1031)) - Added global filter 'safety' (class=org.apache.hadoop.hdds.server.http.HttpServer2$QuotingInputFilter)
2023-01-10 21:12:01,378 [Listener at 127.0.0.1/46425] INFO  http.HttpServer2 (HttpServer2.java:addFilter(1007)) - Added filter static_user_filter (class=org.apache.hadoop.http.lib.StaticUserWebFilter$StaticUserFilter) to context hddsDatanode
2023-01-10 21:12:01,378 [Listener at 127.0.0.1/46425] INFO  http.HttpServer2 (HttpServer2.java:addFilter(1015)) - Added filter static_user_filter (class=org.apache.hadoop.http.lib.StaticUserWebFilter$StaticUserFilter) to context static
2023-01-10 21:12:01,379 [Listener at 127.0.0.1/46425] INFO  http.HttpServer2 (HttpServer2.java:addFilter(1015)) - Added filter static_user_filter (class=org.apache.hadoop.http.lib.StaticUserWebFilter$StaticUserFilter) to context logs
2023-01-10 21:12:01,379 [Listener at 127.0.0.1/46425] INFO  http.HttpServer2 (HttpServer2.java:bindListener(1250)) - Jetty bound to port 37035
2023-01-10 21:12:01,379 [Listener at 127.0.0.1/46425] INFO  server.Server (Server.java:doStart(375)) - jetty-9.4.49.v20220914; built: 2022-09-14T01:07:36.601Z; git: 4231a3b2e4cb8548a412a789936d640a97b1aa0a; jvm 1.8.0_352-b08
2023-01-10 21:12:01,388 [Listener at 127.0.0.1/46425] INFO  server.session (DefaultSessionIdManager.java:doStart(334)) - DefaultSessionIdManager workerName=node0
2023-01-10 21:12:01,389 [Listener at 127.0.0.1/46425] INFO  server.session (DefaultSessionIdManager.java:doStart(339)) - No SessionScavenger set, using defaults
2023-01-10 21:12:01,389 [Listener at 127.0.0.1/46425] INFO  server.session (HouseKeeper.java:startScavenging(132)) - node0 Scavenging every 600000ms
2023-01-10 21:12:01,390 [Listener at 127.0.0.1/46425] INFO  handler.ContextHandler (ContextHandler.java:doStart(921)) - Started o.e.j.s.ServletContextHandler@79c62ffb{logs,/logs,file:///home/runner/work/ozone/ozone/hadoop-ozone/integration-test/target/log,AVAILABLE}
2023-01-10 21:12:01,390 [Listener at 127.0.0.1/46425] INFO  handler.ContextHandler (ContextHandler.java:doStart(921)) - Started o.e.j.s.ServletContextHandler@40ca5e32{static,/static,jar:file:/home/runner/.m2/repository/org/apache/ozone/hdds-container-service/1.4.0-SNAPSHOT/hdds-container-service-1.4.0-SNAPSHOT.jar!/webapps/static,AVAILABLE}
2023-01-10 21:12:01,594 [Listener at 127.0.0.1/46425] INFO  handler.ContextHandler (ContextHandler.java:doStart(921)) - Started o.e.j.w.WebAppContext@6e4a2790{hddsDatanode,/,file:///tmp/jetty-0_0_0_0-37035-hdds-container-service-1_4_0-SNAPSHOT_jar-_-any-7959707453250763809/webapp/,AVAILABLE}{jar:file:/home/runner/.m2/repository/org/apache/ozone/hdds-container-service/1.4.0-SNAPSHOT/hdds-container-service-1.4.0-SNAPSHOT.jar!/webapps/hddsDatanode}
2023-01-10 21:12:01,596 [Listener at 127.0.0.1/46425] INFO  server.AbstractConnector (AbstractConnector.java:doStart(333)) - Started ServerConnector@4c311f1a{HTTP/1.1, (http/1.1)}{0.0.0.0:37035}
2023-01-10 21:12:01,596 [Listener at 127.0.0.1/46425] INFO  server.Server (Server.java:doStart(415)) - Started @11144ms
2023-01-10 21:12:01,596 [Listener at 127.0.0.1/46425] WARN  impl.MetricsSystemImpl (MetricsSystemImpl.java:register(279)) - Sink prometheus already exists!
2023-01-10 21:12:01,597 [Listener at 127.0.0.1/46425] INFO  http.BaseHttpServer (BaseHttpServer.java:updateConnectorAddress(333)) - HTTP server of hddsDatanode listening at http://0.0.0.0:37035
2023-01-10 21:12:01,598 [Datanode State Machine Daemon Thread] INFO  statemachine.DatanodeStateMachine (DatanodeStateMachine.java:lambda$startDaemon$0(508)) - Ozone container server started.
2023-01-10 21:12:01,600 [Listener at 127.0.0.1/46425] INFO  ozone.MiniOzoneClusterImpl (MiniOzoneClusterImpl.java:lambda$waitForClusterToBeReady$0(218)) - Waiting for nodes to be ready. Got 0 of 3 DN Heartbeats.
2023-01-10 21:12:01,600 [Listener at 127.0.0.1/46425] INFO  ozone.MiniOzoneClusterImpl (MiniOzoneClusterImpl.java:lambda$waitForClusterToBeReady$0(221)) - Waiting for cluster to exit safe mode
2023-01-10 21:12:01,600 [Listener at 127.0.0.1/46425] INFO  ozone.MiniOzoneClusterImpl (MiniOzoneClusterImpl.java:lambda$waitForClusterToBeReady$0(223)) - SCM became leader
2023-01-10 21:12:01,606 [org.apache.hadoop.util.JvmPauseMonitor$Monitor@2d82c191] INFO  util.JvmPauseMonitor (JvmPauseMonitor.java:run(188)) - Starting JVM pause monitor
2023-01-10 21:12:01,611 [Datanode State Machine Task Thread - 0] INFO  datanode.InitDatanodeState (InitDatanodeState.java:persistContainerDatanodeDetails(138)) - DatanodeDetails is persisted to /home/runner/work/ozone/ozone/hadoop-ozone/integration-test/target/test-dir/MiniOzoneClusterImpl-19fb9fdf-8a8f-4927-bd4c-ee6195d64daa/datanode-2/meta/datanode.id
2023-01-10 21:12:02,541 | INFO  | SCMAudit | user=runner | ip=10.1.0.46 | op=GET_VERSION null | ret=SUCCESS |  
2023-01-10 21:12:02,600 [Listener at 127.0.0.1/46425] INFO  ozone.MiniOzoneClusterImpl (MiniOzoneClusterImpl.java:lambda$waitForClusterToBeReady$0(218)) - Waiting for nodes to be ready. Got 0 of 3 DN Heartbeats.
2023-01-10 21:12:02,601 [Listener at 127.0.0.1/46425] INFO  ozone.MiniOzoneClusterImpl (MiniOzoneClusterImpl.java:lambda$waitForClusterToBeReady$0(221)) - Waiting for cluster to exit safe mode
2023-01-10 21:12:02,601 [Listener at 127.0.0.1/46425] INFO  ozone.MiniOzoneClusterImpl (MiniOzoneClusterImpl.java:lambda$waitForClusterToBeReady$0(223)) - SCM became leader
2023-01-10 21:12:02,617 [EndpointStateMachine task thread for /0.0.0.0:39385 - 0 ] INFO  utils.DatanodeStoreCache (DatanodeStoreCache.java:addDB(58)) - Added db /home/runner/work/ozone/ozone/hadoop-ozone/integration-test/target/test-dir/MiniOzoneClusterImpl-19fb9fdf-8a8f-4927-bd4c-ee6195d64daa/datanode-0/data-0/containers/hdds/19fb9fdf-8a8f-4927-bd4c-ee6195d64daa/DS-fb6f4ae0-3e4b-493f-9202-ebd05c559da6/container.db to cache
2023-01-10 21:12:02,618 [EndpointStateMachine task thread for /0.0.0.0:39385 - 0 ] INFO  volume.HddsVolume (HddsVolume.java:createDbStore(307)) - SchemaV3 db is created and loaded at /home/runner/work/ozone/ozone/hadoop-ozone/integration-test/target/test-dir/MiniOzoneClusterImpl-19fb9fdf-8a8f-4927-bd4c-ee6195d64daa/datanode-0/data-0/containers/hdds/19fb9fdf-8a8f-4927-bd4c-ee6195d64daa/DS-fb6f4ae0-3e4b-493f-9202-ebd05c559da6/container.db for volume DS-fb6f4ae0-3e4b-493f-9202-ebd05c559da6
2023-01-10 21:12:02,619 [EndpointStateMachine task thread for /0.0.0.0:39385 - 0 ] INFO  ozoneimpl.OzoneContainer (OzoneContainer.java:start(395)) - Attempting to start container services.
2023-01-10 21:12:02,621 [EndpointStateMachine task thread for /0.0.0.0:39385 - 0 ] INFO  ozoneimpl.OzoneContainer (OzoneContainer.java:startContainerScrub(312)) - Scheduled background container scanners and the on-demand container scanner have been disabled.
2023-01-10 21:12:02,623 [EndpointStateMachine task thread for /0.0.0.0:39385 - 0 ] INFO  replication.ReplicationServer (ReplicationServer.java:start(106)) - ReplicationServer is started using port 37577
2023-01-10 21:12:02,626 [EndpointStateMachine task thread for /0.0.0.0:39385 - 0 ] INFO  ratis.XceiverServerRatis (XceiverServerRatis.java:start(517)) - Starting XceiverServerRatis 6225d677-c2d1-455e-90bb-1529b9debcfd
2023-01-10 21:12:02,627 [EndpointStateMachine task thread for /0.0.0.0:39385 - 0 ] INFO  server.RaftServer (RaftServerProxy.java:startImpl(393)) - 6225d677-c2d1-455e-90bb-1529b9debcfd: start RPC server
2023-01-10 21:12:02,632 [EndpointStateMachine task thread for /0.0.0.0:39385 - 0 ] INFO  server.GrpcService (GrpcService.java:startImpl(262)) - 6225d677-c2d1-455e-90bb-1529b9debcfd: GrpcService started, listening on 40907
2023-01-10 21:12:02,632 [EndpointStateMachine task thread for /0.0.0.0:39385 - 0 ] INFO  ratis.XceiverServerRatis (XceiverServerRatis.java:getRealPort(543)) - XceiverServerRatis 6225d677-c2d1-455e-90bb-1529b9debcfd is started using port 40907 for RATIS
2023-01-10 21:12:02,632 [EndpointStateMachine task thread for /0.0.0.0:39385 - 0 ] INFO  ratis.XceiverServerRatis (XceiverServerRatis.java:getRealPort(543)) - XceiverServerRatis 6225d677-c2d1-455e-90bb-1529b9debcfd is started using port 40907 for RATIS_ADMIN
2023-01-10 21:12:02,632 [EndpointStateMachine task thread for /0.0.0.0:39385 - 0 ] INFO  ratis.XceiverServerRatis (XceiverServerRatis.java:getRealPort(543)) - XceiverServerRatis 6225d677-c2d1-455e-90bb-1529b9debcfd is started using port 40907 for RATIS_SERVER
2023-01-10 21:12:02,632 [EndpointStateMachine task thread for /0.0.0.0:39385 - 0 ] INFO  ratis.XceiverServerRatis (XceiverServerRatis.java:getRealPort(543)) - XceiverServerRatis 6225d677-c2d1-455e-90bb-1529b9debcfd is started using port 45105 for RATIS_DATASTREAM
2023-01-10 21:12:02,633 [JvmPauseMonitor1] INFO  util.JvmPauseMonitor (JvmPauseMonitor.java:run(105)) - JvmPauseMonitor-6225d677-c2d1-455e-90bb-1529b9debcfd: Started
2023-01-10 21:12:02,640 [EndpointStateMachine task thread for /0.0.0.0:39385 - 0 ] INFO  server.XceiverServerGrpc (XceiverServerGrpc.java:start(180)) - XceiverServerGrpc 6225d677-c2d1-455e-90bb-1529b9debcfd is started using port 35963
2023-01-10 21:12:03,176 | INFO  | SCMAudit | user=runner | ip=10.1.0.46 | op=GET_VERSION null | ret=SUCCESS |  
2023-01-10 21:12:03,219 [EndpointStateMachine task thread for /0.0.0.0:39385 - 0 ] INFO  utils.DatanodeStoreCache (DatanodeStoreCache.java:addDB(58)) - Added db /home/runner/work/ozone/ozone/hadoop-ozone/integration-test/target/test-dir/MiniOzoneClusterImpl-19fb9fdf-8a8f-4927-bd4c-ee6195d64daa/datanode-1/data-0/containers/hdds/19fb9fdf-8a8f-4927-bd4c-ee6195d64daa/DS-89790c6e-e2f9-42ee-aa15-c0ef9e8ab232/container.db to cache
2023-01-10 21:12:03,219 [EndpointStateMachine task thread for /0.0.0.0:39385 - 0 ] INFO  volume.HddsVolume (HddsVolume.java:createDbStore(307)) - SchemaV3 db is created and loaded at /home/runner/work/ozone/ozone/hadoop-ozone/integration-test/target/test-dir/MiniOzoneClusterImpl-19fb9fdf-8a8f-4927-bd4c-ee6195d64daa/datanode-1/data-0/containers/hdds/19fb9fdf-8a8f-4927-bd4c-ee6195d64daa/DS-89790c6e-e2f9-42ee-aa15-c0ef9e8ab232/container.db for volume DS-89790c6e-e2f9-42ee-aa15-c0ef9e8ab232
2023-01-10 21:12:03,220 [EndpointStateMachine task thread for /0.0.0.0:39385 - 0 ] INFO  ozoneimpl.OzoneContainer (OzoneContainer.java:start(395)) - Attempting to start container services.
2023-01-10 21:12:03,220 [EndpointStateMachine task thread for /0.0.0.0:39385 - 0 ] INFO  ozoneimpl.OzoneContainer (OzoneContainer.java:startContainerScrub(312)) - Scheduled background container scanners and the on-demand container scanner have been disabled.
2023-01-10 21:12:03,222 [EndpointStateMachine task thread for /0.0.0.0:39385 - 0 ] INFO  replication.ReplicationServer (ReplicationServer.java:start(106)) - ReplicationServer is started using port 36683
2023-01-10 21:12:03,223 [EndpointStateMachine task thread for /0.0.0.0:39385 - 0 ] INFO  ratis.XceiverServerRatis (XceiverServerRatis.java:start(517)) - Starting XceiverServerRatis 13a6dec5-f14a-4de7-a098-f6186ae4839d
2023-01-10 21:12:03,224 [EndpointStateMachine task thread for /0.0.0.0:39385 - 0 ] INFO  server.RaftServer (RaftServerProxy.java:startImpl(393)) - 13a6dec5-f14a-4de7-a098-f6186ae4839d: start RPC server
2023-01-10 21:12:03,226 [EndpointStateMachine task thread for /0.0.0.0:39385 - 0 ] INFO  server.GrpcService (GrpcService.java:startImpl(262)) - 13a6dec5-f14a-4de7-a098-f6186ae4839d: GrpcService started, listening on 35709
2023-01-10 21:12:03,226 [EndpointStateMachine task thread for /0.0.0.0:39385 - 0 ] INFO  ratis.XceiverServerRatis (XceiverServerRatis.java:getRealPort(543)) - XceiverServerRatis 13a6dec5-f14a-4de7-a098-f6186ae4839d is started using port 35709 for RATIS
2023-01-10 21:12:03,226 [EndpointStateMachine task thread for /0.0.0.0:39385 - 0 ] INFO  ratis.XceiverServerRatis (XceiverServerRatis.java:getRealPort(543)) - XceiverServerRatis 13a6dec5-f14a-4de7-a098-f6186ae4839d is started using port 35709 for RATIS_ADMIN
2023-01-10 21:12:03,226 [EndpointStateMachine task thread for /0.0.0.0:39385 - 0 ] INFO  ratis.XceiverServerRatis (XceiverServerRatis.java:getRealPort(543)) - XceiverServerRatis 13a6dec5-f14a-4de7-a098-f6186ae4839d is started using port 35709 for RATIS_SERVER
2023-01-10 21:12:03,226 [EndpointStateMachine task thread for /0.0.0.0:39385 - 0 ] INFO  ratis.XceiverServerRatis (XceiverServerRatis.java:getRealPort(543)) - XceiverServerRatis 13a6dec5-f14a-4de7-a098-f6186ae4839d is started using port 43127 for RATIS_DATASTREAM
2023-01-10 21:12:03,227 [JvmPauseMonitor2] INFO  util.JvmPauseMonitor (JvmPauseMonitor.java:run(105)) - JvmPauseMonitor-13a6dec5-f14a-4de7-a098-f6186ae4839d: Started
2023-01-10 21:12:03,235 [EndpointStateMachine task thread for /0.0.0.0:39385 - 0 ] INFO  server.XceiverServerGrpc (XceiverServerGrpc.java:start(180)) - XceiverServerGrpc 13a6dec5-f14a-4de7-a098-f6186ae4839d is started using port 41225
2023-01-10 21:12:03,601 [Listener at 127.0.0.1/46425] INFO  ozone.MiniOzoneClusterImpl (MiniOzoneClusterImpl.java:lambda$waitForClusterToBeReady$0(218)) - Waiting for nodes to be ready. Got 0 of 3 DN Heartbeats.
2023-01-10 21:12:03,601 [Listener at 127.0.0.1/46425] INFO  ozone.MiniOzoneClusterImpl (MiniOzoneClusterImpl.java:lambda$waitForClusterToBeReady$0(221)) - Waiting for cluster to exit safe mode
2023-01-10 21:12:03,601 [Listener at 127.0.0.1/46425] INFO  ozone.MiniOzoneClusterImpl (MiniOzoneClusterImpl.java:lambda$waitForClusterToBeReady$0(223)) - SCM became leader
2023-01-10 21:12:03,609 | INFO  | SCMAudit | user=runner | ip=10.1.0.46 | op=GET_VERSION null | ret=SUCCESS |  
2023-01-10 21:12:03,651 [EndpointStateMachine task thread for /0.0.0.0:39385 - 0 ] INFO  utils.DatanodeStoreCache (DatanodeStoreCache.java:addDB(58)) - Added db /home/runner/work/ozone/ozone/hadoop-ozone/integration-test/target/test-dir/MiniOzoneClusterImpl-19fb9fdf-8a8f-4927-bd4c-ee6195d64daa/datanode-2/data-0/containers/hdds/19fb9fdf-8a8f-4927-bd4c-ee6195d64daa/DS-7eb9d6f4-efe5-49d2-9df8-0b179047141e/container.db to cache
2023-01-10 21:12:03,651 [EndpointStateMachine task thread for /0.0.0.0:39385 - 0 ] INFO  volume.HddsVolume (HddsVolume.java:createDbStore(307)) - SchemaV3 db is created and loaded at /home/runner/work/ozone/ozone/hadoop-ozone/integration-test/target/test-dir/MiniOzoneClusterImpl-19fb9fdf-8a8f-4927-bd4c-ee6195d64daa/datanode-2/data-0/containers/hdds/19fb9fdf-8a8f-4927-bd4c-ee6195d64daa/DS-7eb9d6f4-efe5-49d2-9df8-0b179047141e/container.db for volume DS-7eb9d6f4-efe5-49d2-9df8-0b179047141e
2023-01-10 21:12:03,652 [EndpointStateMachine task thread for /0.0.0.0:39385 - 0 ] INFO  ozoneimpl.OzoneContainer (OzoneContainer.java:start(395)) - Attempting to start container services.
2023-01-10 21:12:03,652 [EndpointStateMachine task thread for /0.0.0.0:39385 - 0 ] INFO  ozoneimpl.OzoneContainer (OzoneContainer.java:startContainerScrub(312)) - Scheduled background container scanners and the on-demand container scanner have been disabled.
2023-01-10 21:12:03,654 [EndpointStateMachine task thread for /0.0.0.0:39385 - 0 ] INFO  replication.ReplicationServer (ReplicationServer.java:start(106)) - ReplicationServer is started using port 35331
2023-01-10 21:12:03,655 [EndpointStateMachine task thread for /0.0.0.0:39385 - 0 ] INFO  ratis.XceiverServerRatis (XceiverServerRatis.java:start(517)) - Starting XceiverServerRatis 59f5c057-586b-4a1a-a0d5-0dbbd6701919
2023-01-10 21:12:03,660 [EndpointStateMachine task thread for /0.0.0.0:39385 - 0 ] INFO  server.RaftServer (RaftServerProxy.java:startImpl(393)) - 59f5c057-586b-4a1a-a0d5-0dbbd6701919: start RPC server
2023-01-10 21:12:03,662 [EndpointStateMachine task thread for /0.0.0.0:39385 - 0 ] INFO  server.GrpcService (GrpcService.java:startImpl(262)) - 59f5c057-586b-4a1a-a0d5-0dbbd6701919: GrpcService started, listening on 35981
2023-01-10 21:12:03,663 [EndpointStateMachine task thread for /0.0.0.0:39385 - 0 ] INFO  ratis.XceiverServerRatis (XceiverServerRatis.java:getRealPort(543)) - XceiverServerRatis 59f5c057-586b-4a1a-a0d5-0dbbd6701919 is started using port 35981 for RATIS
2023-01-10 21:12:03,663 [EndpointStateMachine task thread for /0.0.0.0:39385 - 0 ] INFO  ratis.XceiverServerRatis (XceiverServerRatis.java:getRealPort(543)) - XceiverServerRatis 59f5c057-586b-4a1a-a0d5-0dbbd6701919 is started using port 35981 for RATIS_ADMIN
2023-01-10 21:12:03,663 [JvmPauseMonitor3] INFO  util.JvmPauseMonitor (JvmPauseMonitor.java:run(105)) - JvmPauseMonitor-59f5c057-586b-4a1a-a0d5-0dbbd6701919: Started
2023-01-10 21:12:03,663 [EndpointStateMachine task thread for /0.0.0.0:39385 - 0 ] INFO  ratis.XceiverServerRatis (XceiverServerRatis.java:getRealPort(543)) - XceiverServerRatis 59f5c057-586b-4a1a-a0d5-0dbbd6701919 is started using port 35981 for RATIS_SERVER
2023-01-10 21:12:03,664 [EndpointStateMachine task thread for /0.0.0.0:39385 - 0 ] INFO  ratis.XceiverServerRatis (XceiverServerRatis.java:getRealPort(543)) - XceiverServerRatis 59f5c057-586b-4a1a-a0d5-0dbbd6701919 is started using port 38953 for RATIS_DATASTREAM
2023-01-10 21:12:03,668 [EndpointStateMachine task thread for /0.0.0.0:39385 - 0 ] INFO  server.XceiverServerGrpc (XceiverServerGrpc.java:start(180)) - XceiverServerGrpc 59f5c057-586b-4a1a-a0d5-0dbbd6701919 is started using port 38121
2023-01-10 21:12:04,519 [IPC Server handler 15 on default port 39385] INFO  net.NetworkTopologyImpl (NetworkTopologyImpl.java:add(112)) - Added a new node: /default-rack/6225d677-c2d1-455e-90bb-1529b9debcfd
2023-01-10 21:12:04,521 [IPC Server handler 15 on default port 39385] INFO  node.SCMNodeManager (SCMNodeManager.java:register(397)) - Registered Data node : 6225d677-c2d1-455e-90bb-1529b9debcfd{ip: 10.1.0.46, host: fv-az502-119, ports: [REPLICATION=37577, RATIS=40907, RATIS_ADMIN=40907, RATIS_SERVER=40907, RATIS_DATASTREAM=45105, STANDALONE=35963], networkLocation: /default-rack, certSerialId: null, persistedOpState: null, persistedOpStateExpiryEpochSec: 0}
2023-01-10 21:12:04,526 [EventQueue-NodeRegistrationContainerReportForContainerSafeModeRule] INFO  safemode.SCMSafeModeManager (SCMSafeModeManager.java:validateSafeModeExitRules(200)) - ContainerSafeModeRule rule is successfully validated
2023-01-10 21:12:04,527 [EventQueue-NodeRegistrationContainerReportForDataNodeSafeModeRule] INFO  safemode.SCMSafeModeManager (DataNodeSafeModeRule.java:process(71)) - SCM in safe mode. 1 DataNodes registered, 3 required.
2023-01-10 21:12:04,527 [EventQueue-PipelineReportForOneReplicaPipelineSafeModeRule] INFO  safemode.SCMSafeModeManager (SCMSafeModeManager.java:validateSafeModeExitRules(200)) - AtleastOneDatanodeReportedRule rule is successfully validated
2023-01-10 21:12:04,530 | INFO  | SCMAudit | user=runner | ip=10.1.0.46 | op=REGISTER {datanodeDetails=6225d677-c2d1-455e-90bb-1529b9debcfd(fv-az502-119/10.1.0.46)} | ret=SUCCESS |  
2023-01-10 21:12:04,533 [EventQueue-NewNodeForNewNodeHandler] INFO  pipeline.BackgroundPipelineCreator (BackgroundPipelineCreator.java:notifyEventTriggered(276)) - trigger a one-shot run on RatisPipelineUtilsThread.
2023-01-10 21:12:04,544 [RatisPipelineUtilsThread - 0] INFO  pipeline.RatisPipelineProvider (RatisPipelineProvider.java:lambda$create$0(206)) - Sending CreatePipelineCommand for pipeline:PipelineID=402e0e02-dc95-4aa1-8b7e-b0881aa90a3f to datanode:6225d677-c2d1-455e-90bb-1529b9debcfd
2023-01-10 21:12:04,558 [RatisPipelineUtilsThread - 0] INFO  pipeline.PipelineStateManagerImpl (PipelineStateManagerImpl.java:addPipeline(103)) - Created pipeline Pipeline[ Id: 402e0e02-dc95-4aa1-8b7e-b0881aa90a3f, Nodes: 6225d677-c2d1-455e-90bb-1529b9debcfd(fv-az502-119/10.1.0.46), ReplicationConfig: RATIS/ONE, State:ALLOCATED, leaderId:, CreationTimestamp2023-01-10T21:12:04.542Z[Etc/UTC]].
2023-01-10 21:12:04,602 [Listener at 127.0.0.1/46425] INFO  ozone.MiniOzoneClusterImpl (MiniOzoneClusterImpl.java:lambda$waitForClusterToBeReady$0(218)) - Waiting for nodes to be ready. Got 1 of 3 DN Heartbeats.
2023-01-10 21:12:04,602 [Listener at 127.0.0.1/46425] INFO  ozone.MiniOzoneClusterImpl (MiniOzoneClusterImpl.java:lambda$waitForClusterToBeReady$0(221)) - Waiting for cluster to exit safe mode
2023-01-10 21:12:04,602 [Listener at 127.0.0.1/46425] INFO  ozone.MiniOzoneClusterImpl (MiniOzoneClusterImpl.java:lambda$waitForClusterToBeReady$0(223)) - SCM became leader
2023-01-10 21:12:05,179 [IPC Server handler 2 on default port 39385] INFO  net.NetworkTopologyImpl (NetworkTopologyImpl.java:add(112)) - Added a new node: /default-rack/13a6dec5-f14a-4de7-a098-f6186ae4839d
2023-01-10 21:12:05,179 [IPC Server handler 2 on default port 39385] INFO  node.SCMNodeManager (SCMNodeManager.java:register(397)) - Registered Data node : 13a6dec5-f14a-4de7-a098-f6186ae4839d{ip: 10.1.0.46, host: fv-az502-119, ports: [REPLICATION=36683, RATIS=35709, RATIS_ADMIN=35709, RATIS_SERVER=35709, RATIS_DATASTREAM=43127, STANDALONE=41225], networkLocation: /default-rack, certSerialId: null, persistedOpState: null, persistedOpStateExpiryEpochSec: 0}
2023-01-10 21:12:05,180 | INFO  | SCMAudit | user=runner | ip=10.1.0.46 | op=REGISTER {datanodeDetails=13a6dec5-f14a-4de7-a098-f6186ae4839d(fv-az502-119/10.1.0.46)} | ret=SUCCESS |  
2023-01-10 21:12:05,180 [EventQueue-NewNodeForNewNodeHandler] INFO  pipeline.BackgroundPipelineCreator (BackgroundPipelineCreator.java:notifyEventTriggered(276)) - trigger a one-shot run on RatisPipelineUtilsThread.
2023-01-10 21:12:05,180 [EventQueue-NodeRegistrationContainerReportForDataNodeSafeModeRule] INFO  safemode.SCMSafeModeManager (DataNodeSafeModeRule.java:process(71)) - SCM in safe mode. 2 DataNodes registered, 3 required.
2023-01-10 21:12:05,182 [RatisPipelineUtilsThread - 0] INFO  pipeline.RatisPipelineProvider (RatisPipelineProvider.java:lambda$create$0(206)) - Sending CreatePipelineCommand for pipeline:PipelineID=416f0d9a-8e2d-4f49-be89-9849ce3212cb to datanode:13a6dec5-f14a-4de7-a098-f6186ae4839d
2023-01-10 21:12:05,183 [RatisPipelineUtilsThread - 0] INFO  pipeline.PipelineStateManagerImpl (PipelineStateManagerImpl.java:addPipeline(103)) - Created pipeline Pipeline[ Id: 416f0d9a-8e2d-4f49-be89-9849ce3212cb, Nodes: 13a6dec5-f14a-4de7-a098-f6186ae4839d(fv-az502-119/10.1.0.46), ReplicationConfig: RATIS/ONE, State:ALLOCATED, leaderId:, CreationTimestamp2023-01-10T21:12:05.182Z[Etc/UTC]].
2023-01-10 21:12:05,602 [Listener at 127.0.0.1/46425] INFO  ozone.MiniOzoneClusterImpl (MiniOzoneClusterImpl.java:lambda$waitForClusterToBeReady$0(218)) - Waiting for nodes to be ready. Got 2 of 3 DN Heartbeats.
2023-01-10 21:12:05,603 [Listener at 127.0.0.1/46425] INFO  ozone.MiniOzoneClusterImpl (MiniOzoneClusterImpl.java:lambda$waitForClusterToBeReady$0(221)) - Waiting for cluster to exit safe mode
2023-01-10 21:12:05,603 [Listener at 127.0.0.1/46425] INFO  ozone.MiniOzoneClusterImpl (MiniOzoneClusterImpl.java:lambda$waitForClusterToBeReady$0(223)) - SCM became leader
2023-01-10 21:12:05,610 [IPC Server handler 0 on default port 39385] INFO  net.NetworkTopologyImpl (NetworkTopologyImpl.java:add(112)) - Added a new node: /default-rack/59f5c057-586b-4a1a-a0d5-0dbbd6701919
2023-01-10 21:12:05,611 [IPC Server handler 0 on default port 39385] INFO  node.SCMNodeManager (SCMNodeManager.java:register(397)) - Registered Data node : 59f5c057-586b-4a1a-a0d5-0dbbd6701919{ip: 10.1.0.46, host: fv-az502-119, ports: [REPLICATION=35331, RATIS=35981, RATIS_ADMIN=35981, RATIS_SERVER=35981, RATIS_DATASTREAM=38953, STANDALONE=38121], networkLocation: /default-rack, certSerialId: null, persistedOpState: null, persistedOpStateExpiryEpochSec: 0}
2023-01-10 21:12:05,611 | INFO  | SCMAudit | user=runner | ip=10.1.0.46 | op=REGISTER {datanodeDetails=59f5c057-586b-4a1a-a0d5-0dbbd6701919(fv-az502-119/10.1.0.46)} | ret=SUCCESS |  
2023-01-10 21:12:05,612 [EventQueue-NewNodeForNewNodeHandler] INFO  pipeline.BackgroundPipelineCreator (BackgroundPipelineCreator.java:notifyEventTriggered(276)) - trigger a one-shot run on RatisPipelineUtilsThread.
2023-01-10 21:12:05,612 [EventQueue-NodeRegistrationContainerReportForDataNodeSafeModeRule] INFO  safemode.SCMSafeModeManager (DataNodeSafeModeRule.java:process(71)) - SCM in safe mode. 3 DataNodes registered, 3 required.
2023-01-10 21:12:05,612 [EventQueue-NodeRegistrationContainerReportForDataNodeSafeModeRule] INFO  safemode.SCMSafeModeManager (SCMSafeModeManager.java:validateSafeModeExitRules(200)) - DataNodeSafeModeRule rule is successfully validated
2023-01-10 21:12:05,612 [EventQueue-NodeRegistrationContainerReportForDataNodeSafeModeRule] INFO  safemode.SCMSafeModeManager (SCMSafeModeManager.java:completePreCheck(229)) - All SCM safe mode pre check rules have passed
2023-01-10 21:12:05,612 [EventQueue-NodeRegistrationContainerReportForDataNodeSafeModeRule] INFO  ha.SCMContext (SCMContext.java:updateSafeModeStatus(228)) - Update SafeModeStatus from SafeModeStatus{safeModeStatus=true, preCheckPassed=false} to SafeModeStatus{safeModeStatus=true, preCheckPassed=true}.
2023-01-10 21:12:05,612 [EventQueue-NodeRegistrationContainerReportForDataNodeSafeModeRule] INFO  pipeline.BackgroundPipelineCreator (BackgroundPipelineCreator.java:notifyEventTriggered(276)) - trigger a one-shot run on RatisPipelineUtilsThread.
2023-01-10 21:12:05,612 [RatisPipelineUtilsThread - 0] INFO  pipeline.RatisPipelineProvider (RatisPipelineProvider.java:lambda$create$0(206)) - Sending CreatePipelineCommand for pipeline:PipelineID=752b825c-ee98-4dd6-94b8-1893a536954f to datanode:59f5c057-586b-4a1a-a0d5-0dbbd6701919
2023-01-10 21:12:05,613 [RatisPipelineUtilsThread - 0] INFO  pipeline.PipelineStateManagerImpl (PipelineStateManagerImpl.java:addPipeline(103)) - Created pipeline Pipeline[ Id: 752b825c-ee98-4dd6-94b8-1893a536954f, Nodes: 59f5c057-586b-4a1a-a0d5-0dbbd6701919(fv-az502-119/10.1.0.46), ReplicationConfig: RATIS/ONE, State:ALLOCATED, leaderId:, CreationTimestamp2023-01-10T21:12:05.612Z[Etc/UTC]].
2023-01-10 21:12:05,618 [RatisPipelineUtilsThread - 0] INFO  pipeline.RatisPipelineProvider (RatisPipelineProvider.java:lambda$create$0(206)) - Sending CreatePipelineCommand for pipeline:PipelineID=12ca2beb-e17b-4ac1-8bf8-f14965801010 to datanode:6225d677-c2d1-455e-90bb-1529b9debcfd
2023-01-10 21:12:05,618 [RatisPipelineUtilsThread - 0] INFO  pipeline.RatisPipelineProvider (RatisPipelineProvider.java:lambda$create$0(206)) - Sending CreatePipelineCommand for pipeline:PipelineID=12ca2beb-e17b-4ac1-8bf8-f14965801010 to datanode:59f5c057-586b-4a1a-a0d5-0dbbd6701919
2023-01-10 21:12:05,618 [RatisPipelineUtilsThread - 0] INFO  pipeline.RatisPipelineProvider (RatisPipelineProvider.java:lambda$create$0(206)) - Sending CreatePipelineCommand for pipeline:PipelineID=12ca2beb-e17b-4ac1-8bf8-f14965801010 to datanode:13a6dec5-f14a-4de7-a098-f6186ae4839d
2023-01-10 21:12:05,620 [RatisPipelineUtilsThread - 0] INFO  pipeline.PipelineStateManagerImpl (PipelineStateManagerImpl.java:addPipeline(103)) - Created pipeline Pipeline[ Id: 12ca2beb-e17b-4ac1-8bf8-f14965801010, Nodes: 6225d677-c2d1-455e-90bb-1529b9debcfd(fv-az502-119/10.1.0.46)59f5c057-586b-4a1a-a0d5-0dbbd6701919(fv-az502-119/10.1.0.46)13a6dec5-f14a-4de7-a098-f6186ae4839d(fv-az502-119/10.1.0.46), ReplicationConfig: RATIS/THREE, State:ALLOCATED, leaderId:, CreationTimestamp2023-01-10T21:12:05.618Z[Etc/UTC]].
2023-01-10 21:12:05,624 [RatisPipelineUtilsThread - 0] INFO  pipeline.RatisPipelineProvider (RatisPipelineProvider.java:lambda$create$0(206)) - Sending CreatePipelineCommand for pipeline:PipelineID=d4691031-201c-47be-a252-992dbb117582 to datanode:6225d677-c2d1-455e-90bb-1529b9debcfd
2023-01-10 21:12:05,624 [RatisPipelineUtilsThread - 0] INFO  pipeline.RatisPipelineProvider (RatisPipelineProvider.java:lambda$create$0(206)) - Sending CreatePipelineCommand for pipeline:PipelineID=d4691031-201c-47be-a252-992dbb117582 to datanode:13a6dec5-f14a-4de7-a098-f6186ae4839d
2023-01-10 21:12:05,624 [RatisPipelineUtilsThread - 0] INFO  pipeline.RatisPipelineProvider (RatisPipelineProvider.java:lambda$create$0(206)) - Sending CreatePipelineCommand for pipeline:PipelineID=d4691031-201c-47be-a252-992dbb117582 to datanode:59f5c057-586b-4a1a-a0d5-0dbbd6701919
2023-01-10 21:12:05,625 [RatisPipelineUtilsThread - 0] INFO  pipeline.PipelineStateManagerImpl (PipelineStateManagerImpl.java:addPipeline(103)) - Created pipeline Pipeline[ Id: d4691031-201c-47be-a252-992dbb117582, Nodes: 6225d677-c2d1-455e-90bb-1529b9debcfd(fv-az502-119/10.1.0.46)13a6dec5-f14a-4de7-a098-f6186ae4839d(fv-az502-119/10.1.0.46)59f5c057-586b-4a1a-a0d5-0dbbd6701919(fv-az502-119/10.1.0.46), ReplicationConfig: RATIS/THREE, State:ALLOCATED, leaderId:, CreationTimestamp2023-01-10T21:12:05.624Z[Etc/UTC]].
2023-01-10 21:12:05,628 [RatisPipelineUtilsThread - 0] INFO  pipeline.PipelineManagerImpl (PipelineManagerImpl.java:recordMetricsForPipeline(826)) - Pipeline: PipelineID=d4691031-201c-47be-a252-992dbb117582 contains same datanodes as previous pipelines: PipelineID=12ca2beb-e17b-4ac1-8bf8-f14965801010 nodeIds: 6225d677-c2d1-455e-90bb-1529b9debcfd, 13a6dec5-f14a-4de7-a098-f6186ae4839d, 59f5c057-586b-4a1a-a0d5-0dbbd6701919
2023-01-10 21:12:05,628 [RatisPipelineUtilsThread - 0] WARN  pipeline.PipelinePlacementPolicy (PipelinePlacementPolicy.java:filterViableNodes(158)) - Pipeline creation failed due to no sufficient healthy datanodes. Required 3. Found 0.
2023-01-10 21:12:05,629 [RatisPipelineUtilsThread - 0] WARN  pipeline.PipelinePlacementPolicy (PipelinePlacementPolicy.java:filterViableNodes(158)) - Pipeline creation failed due to no sufficient healthy datanodes. Required 3. Found 0.
2023-01-10 21:12:06,564 | INFO  | SCMAudit | user=runner | ip=10.1.0.46 | op=SEND_HEARTBEAT {datanodeUUID=6225d677-c2d1-455e-90bb-1529b9debcfd, term=-1, command=[commandType: createPipelineCommand createPipelineCommandProto { pipelineID { id: "402e0e02-dc95-4aa1-8b7e-b0881aa90a3f" uuid128 { mostSigBits: 4624649272809573025 leastSigBits: -8395078556762699201 } } type: RATIS factor: ONE datanode { uuid: "6225d677-c2d1-455e-90bb-1529b9debcfd" ipAddress: "10.1.0.46" hostName: "fv-az502-119" ports { name: "REPLICATION" value: 37577 } ports { name: "RATIS" value: 40907 } ports { name: "RATIS_ADMIN" value: 40907 } ports { name: "RATIS_SERVER" value: 40907 } ports { name: "RATIS_DATASTREAM" value: 45105 } ports { name: "STANDALONE" value: 35963 } networkName: "6225d677-c2d1-455e-90bb-1529b9debcfd" networkLocation: "/default-rack" persistedOpState: IN_SERVICE persistedOpStateExpiry: 0 uuid128 { mostSigBits: 7072294599713178974 leastSigBits: -8017791442646811395 } } cmdId: 1673385124544 priority: 1 } term: -1 encodedToken: "" deadlineMsSinceEpoch: 0 , commandType: createPipelineCommand createPipelineCommandProto { pipelineID { id: "12ca2beb-e17b-4ac1-8bf8-f14965801010" uuid128 { mostSigBits: 1353942930078517953 leastSigBits: -8360667410675527664 } } type: RATIS factor: THREE datanode { uuid: "6225d677-c2d1-455e-90bb-1529b9debcfd" ipAddress: "10.1.0.46" hostName: "fv-az502-119" ports { name: "REPLICATION" value: 37577 } ports { name: "RATIS" value: 40907 } ports { name: "RATIS_ADMIN" value: 40907 } ports { name: "RATIS_SERVER" value: 40907 } ports { name: "RATIS_DATASTREAM" value: 45105 } ports { name: "STANDALONE" value: 35963 } networkName: "6225d677-c2d1-455e-90bb-1529b9debcfd" networkLocation: "/default-rack" persistedOpState: IN_SERVICE persistedOpStateExpiry: 0 uuid128 { mostSigBits: 7072294599713178974 leastSigBits: -8017791442646811395 } } datanode { uuid: "59f5c057-586b-4a1a-a0d5-0dbbd6701919" ipAddress: "10.1.0.46" hostName: "fv-az502-119" ports { name: "REPLICATION" value: 35331 } ports { name: "RATIS" value: 35981 } ports { name: "RATIS_ADMIN" value: 35981 } ports { name: "RATIS_SERVER" value: 35981 } ports { name: "RATIS_DATASTREAM" value: 38953 } ports { name: "STANDALONE" value: 38121 } networkName: "59f5c057-586b-4a1a-a0d5-0dbbd6701919" networkLocation: "/default-rack" persistedOpState: IN_SERVICE persistedOpStateExpiry: 0 uuid128 { mostSigBits: 6482298720047811098 leastSigBits: -6857559757193996007 } } datanode { uuid: "13a6dec5-f14a-4de7-a098-f6186ae4839d" ipAddress: "10.1.0.46" hostName: "fv-az502-119" ports { name: "REPLICATION" value: 36683 } ports { name: "RATIS" value: 35709 } ports { name: "RATIS_ADMIN" value: 35709 } ports { name: "RATIS_SERVER" value: 35709 } ports { name: "RATIS_DATASTREAM" value: 43127 } ports { name: "STANDALONE" value: 41225 } networkName: "13a6dec5-f14a-4de7-a098-f6186ae4839d" networkLocation: "/default-rack" persistedOpState: IN_SERVICE persistedOpStateExpiry: 0 uuid128 { mostSigBits: 1416064074592701927 leastSigBits: -6874474246448053347 } } cmdId: 1673385124547 priority: 0 priority: 1 priority: 0 } term: -1 encodedToken: "" deadlineMsSinceEpoch: 0 , commandType: createPipelineCommand createPipelineCommandProto { pipelineID { id: "d4691031-201c-47be-a252-992dbb117582" uuid128 { mostSigBits: -3140961461936044098 leastSigBits: -6750164469783890558 } } type: RATIS factor: THREE datanode { uuid: "6225d677-c2d1-455e-90bb-1529b9debcfd" ipAddress: "10.1.0.46" hostName: "fv-az502-119" ports { name: "REPLICATION" value: 37577 } ports { name: "RATIS" value: 40907 } ports { name: "RATIS_ADMIN" value: 40907 } ports { name: "RATIS_SERVER" value: 40907 } ports { name: "RATIS_DATASTREAM" value: 45105 } ports { name: "STANDALONE" value: 35963 } networkName: "6225d677-c2d1-455e-90bb-1529b9debcfd" networkLocation: "/default-rack" persistedOpState: IN_SERVICE persistedOpStateExpiry: 0 uuid128 { mostSigBits: 7072294599713178974 leastSigBits: -8017791442646811395 } } datanode { uuid: "13a6dec5-f14a-4de7-a098-f6186ae4839d" ipAddress: "10.1.0.46" hostName: "fv-az502-119" ports { name: "REPLICATION" value: 36683 } ports { name: "RATIS" value: 35709 } ports { name: "RATIS_ADMIN" value: 35709 } ports { name: "RATIS_SERVER" value: 35709 } ports { name: "RATIS_DATASTREAM" value: 43127 } ports { name: "STANDALONE" value: 41225 } networkName: "13a6dec5-f14a-4de7-a098-f6186ae4839d" networkLocation: "/default-rack" persistedOpState: IN_SERVICE persistedOpStateExpiry: 0 uuid128 { mostSigBits: 1416064074592701927 leastSigBits: -6874474246448053347 } } datanode { uuid: "59f5c057-586b-4a1a-a0d5-0dbbd6701919" ipAddress: "10.1.0.46" hostName: "fv-az502-119" ports { name: "REPLICATION" value: 35331 } ports { name: "RATIS" value: 35981 } ports { name: "RATIS_ADMIN" value: 35981 } ports { name: "RATIS_SERVER" value: 35981 } ports { name: "RATIS_DATASTREAM" value: 38953 } ports { name: "STANDALONE" value: 38121 } networkName: "59f5c057-586b-4a1a-a0d5-0dbbd6701919" networkLocation: "/default-rack" persistedOpState: IN_SERVICE persistedOpStateExpiry: 0 uuid128 { mostSigBits: 6482298720047811098 leastSigBits: -6857559757193996007 } } cmdId: 1673385124548 priority: 0 priority: 1 priority: 0 } term: -1 encodedToken: "" deadlineMsSinceEpoch: 0 ]} | ret=SUCCESS |  
2023-01-10 21:12:06,603 [Listener at 127.0.0.1/46425] INFO  ozone.MiniOzoneClusterImpl (MiniOzoneClusterImpl.java:lambda$waitForClusterToBeReady$0(218)) - Nodes are ready. Got 3 of 3 DN Heartbeats.
2023-01-10 21:12:06,604 [Listener at 127.0.0.1/46425] INFO  ozone.MiniOzoneClusterImpl (MiniOzoneClusterImpl.java:lambda$waitForClusterToBeReady$0(221)) - Waiting for cluster to exit safe mode
2023-01-10 21:12:06,604 [Listener at 127.0.0.1/46425] INFO  ozone.MiniOzoneClusterImpl (MiniOzoneClusterImpl.java:lambda$waitForClusterToBeReady$0(223)) - SCM became leader
2023-01-10 21:12:07,186 | INFO  | SCMAudit | user=runner | ip=10.1.0.46 | op=SEND_HEARTBEAT {datanodeUUID=13a6dec5-f14a-4de7-a098-f6186ae4839d, term=-1, command=[commandType: createPipelineCommand createPipelineCommandProto { pipelineID { id: "416f0d9a-8e2d-4f49-be89-9849ce3212cb" uuid128 { mostSigBits: 4715002292341657417 leastSigBits: -4717071691934461237 } } type: RATIS factor: ONE datanode { uuid: "13a6dec5-f14a-4de7-a098-f6186ae4839d" ipAddress: "10.1.0.46" hostName: "fv-az502-119" ports { name: "REPLICATION" value: 36683 } ports { name: "RATIS" value: 35709 } ports { name: "RATIS_ADMIN" value: 35709 } ports { name: "RATIS_SERVER" value: 35709 } ports { name: "RATIS_DATASTREAM" value: 43127 } ports { name: "STANDALONE" value: 41225 } networkName: "13a6dec5-f14a-4de7-a098-f6186ae4839d" networkLocation: "/default-rack" persistedOpState: IN_SERVICE persistedOpStateExpiry: 0 uuid128 { mostSigBits: 1416064074592701927 leastSigBits: -6874474246448053347 } } cmdId: 1673385124545 priority: 1 } term: -1 encodedToken: "" deadlineMsSinceEpoch: 0 , commandType: createPipelineCommand createPipelineCommandProto { pipelineID { id: "12ca2beb-e17b-4ac1-8bf8-f14965801010" uuid128 { mostSigBits: 1353942930078517953 leastSigBits: -8360667410675527664 } } type: RATIS factor: THREE datanode { uuid: "6225d677-c2d1-455e-90bb-1529b9debcfd" ipAddress: "10.1.0.46" hostName: "fv-az502-119" ports { name: "REPLICATION" value: 37577 } ports { name: "RATIS" value: 40907 } ports { name: "RATIS_ADMIN" value: 40907 } ports { name: "RATIS_SERVER" value: 40907 } ports { name: "RATIS_DATASTREAM" value: 45105 } ports { name: "STANDALONE" value: 35963 } networkName: "6225d677-c2d1-455e-90bb-1529b9debcfd" networkLocation: "/default-rack" persistedOpState: IN_SERVICE persistedOpStateExpiry: 0 uuid128 { mostSigBits: 7072294599713178974 leastSigBits: -8017791442646811395 } } datanode { uuid: "59f5c057-586b-4a1a-a0d5-0dbbd6701919" ipAddress: "10.1.0.46" hostName: "fv-az502-119" ports { name: "REPLICATION" value: 35331 } ports { name: "RATIS" value: 35981 } ports { name: "RATIS_ADMIN" value: 35981 } ports { name: "RATIS_SERVER" value: 35981 } ports { name: "RATIS_DATASTREAM" value: 38953 } ports { name: "STANDALONE" value: 38121 } networkName: "59f5c057-586b-4a1a-a0d5-0dbbd6701919" networkLocation: "/default-rack" persistedOpState: IN_SERVICE persistedOpStateExpiry: 0 uuid128 { mostSigBits: 6482298720047811098 leastSigBits: -6857559757193996007 } } datanode { uuid: "13a6dec5-f14a-4de7-a098-f6186ae4839d" ipAddress: "10.1.0.46" hostName: "fv-az502-119" ports { name: "REPLICATION" value: 36683 } ports { name: "RATIS" value: 35709 } ports { name: "RATIS_ADMIN" value: 35709 } ports { name: "RATIS_SERVER" value: 35709 } ports { name: "RATIS_DATASTREAM" value: 43127 } ports { name: "STANDALONE" value: 41225 } networkName: "13a6dec5-f14a-4de7-a098-f6186ae4839d" networkLocation: "/default-rack" persistedOpState: IN_SERVICE persistedOpStateExpiry: 0 uuid128 { mostSigBits: 1416064074592701927 leastSigBits: -6874474246448053347 } } cmdId: 1673385124547 priority: 0 priority: 1 priority: 0 } term: -1 encodedToken: "" deadlineMsSinceEpoch: 0 , commandType: createPipelineCommand createPipelineCommandProto { pipelineID { id: "d4691031-201c-47be-a252-992dbb117582" uuid128 { mostSigBits: -3140961461936044098 leastSigBits: -6750164469783890558 } } type: RATIS factor: THREE datanode { uuid: "6225d677-c2d1-455e-90bb-1529b9debcfd" ipAddress: "10.1.0.46" hostName: "fv-az502-119" ports { name: "REPLICATION" value: 37577 } ports { name: "RATIS" value: 40907 } ports { name: "RATIS_ADMIN" value: 40907 } ports { name: "RATIS_SERVER" value: 40907 } ports { name: "RATIS_DATASTREAM" value: 45105 } ports { name: "STANDALONE" value: 35963 } networkName: "6225d677-c2d1-455e-90bb-1529b9debcfd" networkLocation: "/default-rack" persistedOpState: IN_SERVICE persistedOpStateExpiry: 0 uuid128 { mostSigBits: 7072294599713178974 leastSigBits: -8017791442646811395 } } datanode { uuid: "13a6dec5-f14a-4de7-a098-f6186ae4839d" ipAddress: "10.1.0.46" hostName: "fv-az502-119" ports { name: "REPLICATION" value: 36683 } ports { name: "RATIS" value: 35709 } ports { name: "RATIS_ADMIN" value: 35709 } ports { name: "RATIS_SERVER" value: 35709 } ports { name: "RATIS_DATASTREAM" value: 43127 } ports { name: "STANDALONE" value: 41225 } networkName: "13a6dec5-f14a-4de7-a098-f6186ae4839d" networkLocation: "/default-rack" persistedOpState: IN_SERVICE persistedOpStateExpiry: 0 uuid128 { mostSigBits: 1416064074592701927 leastSigBits: -6874474246448053347 } } datanode { uuid: "59f5c057-586b-4a1a-a0d5-0dbbd6701919" ipAddress: "10.1.0.46" hostName: "fv-az502-119" ports { name: "REPLICATION" value: 35331 } ports { name: "RATIS" value: 35981 } ports { name: "RATIS_ADMIN" value: 35981 } ports { name: "RATIS_SERVER" value: 35981 } ports { name: "RATIS_DATASTREAM" value: 38953 } ports { name: "STANDALONE" value: 38121 } networkName: "59f5c057-586b-4a1a-a0d5-0dbbd6701919" networkLocation: "/default-rack" persistedOpState: IN_SERVICE persistedOpStateExpiry: 0 uuid128 { mostSigBits: 6482298720047811098 leastSigBits: -6857559757193996007 } } cmdId: 1673385124548 priority: 0 priority: 1 priority: 0 } term: -1 encodedToken: "" deadlineMsSinceEpoch: 0 ]} | ret=SUCCESS |  
2023-01-10 21:12:07,479 | INFO  | SCMAudit | user=runner | ip=10.1.0.46 | op=SEND_HEARTBEAT {datanodeUUID=6225d677-c2d1-455e-90bb-1529b9debcfd, term=-1, command=[]} | ret=SUCCESS |  
2023-01-10 21:12:07,514 [Command processor thread] INFO  server.RaftServer (RaftServerProxy.java:addNew(96)) - 6225d677-c2d1-455e-90bb-1529b9debcfd: addNew group-B0881AA90A3F:[6225d677-c2d1-455e-90bb-1529b9debcfd|rpc:10.1.0.46:40907|dataStream:10.1.0.46:45105|priority:1|startupRole:FOLLOWER] returns group-B0881AA90A3F:java.util.concurrent.CompletableFuture@6a27e282[Not completed]
2023-01-10 21:12:07,526 [pool-71-thread-1] INFO  server.RaftServer$Division (RaftServerImpl.java:<init>(195)) - 6225d677-c2d1-455e-90bb-1529b9debcfd: new RaftServerImpl for group-B0881AA90A3F:[6225d677-c2d1-455e-90bb-1529b9debcfd|rpc:10.1.0.46:40907|dataStream:10.1.0.46:45105|priority:1|startupRole:FOLLOWER] with ContainerStateMachine:uninitialized
2023-01-10 21:12:07,527 [pool-71-thread-1] INFO  server.RaftServerConfigKeys (ConfUtils.java:logGet(46)) - raft.server.rpc.timeout.min = 5s (custom)
2023-01-10 21:12:07,527 [pool-71-thread-1] INFO  server.RaftServerConfigKeys (ConfUtils.java:logGet(46)) - raft.server.rpc.timeout.max = 5200ms (custom)
2023-01-10 21:12:07,527 [pool-71-thread-1] INFO  server.RaftServerConfigKeys (ConfUtils.java:logGet(46)) - raft.server.rpc.sleep.time = 25ms (default)
2023-01-10 21:12:07,527 [pool-71-thread-1] INFO  server.RaftServerConfigKeys (ConfUtils.java:logGet(46)) - raft.server.rpc.slowness.timeout = 300s (custom)
2023-01-10 21:12:07,527 [pool-71-thread-1] INFO  server.RaftServerConfigKeys (ConfUtils.java:logGet(46)) - raft.server.leaderelection.leader.step-down.wait-time = 10s (default)
2023-01-10 21:12:07,527 [pool-71-thread-1] INFO  server.RaftServerConfigKeys (ConfUtils.java:logGet(46)) - raft.server.sleep.deviation.threshold = 300ms (default)
2023-01-10 21:12:07,527 [pool-71-thread-1] INFO  server.RaftServer$Division (ServerState.java:<init>(118)) - 6225d677-c2d1-455e-90bb-1529b9debcfd@group-B0881AA90A3F: ConfigurationManager, init=-1: peers:[6225d677-c2d1-455e-90bb-1529b9debcfd|rpc:10.1.0.46:40907|dataStream:10.1.0.46:45105|priority:1|startupRole:FOLLOWER]|listeners:[], old=null, confs=<EMPTY_MAP>
2023-01-10 21:12:07,527 [pool-71-thread-1] INFO  server.RaftServerConfigKeys (ConfUtils.java:logGet(46)) - raft.server.storage.dir = [/home/runner/work/ozone/ozone/hadoop-ozone/integration-test/target/test-dir/MiniOzoneClusterImpl-19fb9fdf-8a8f-4927-bd4c-ee6195d64daa/datanode-0/data/ratis] (custom)
2023-01-10 21:12:07,527 [pool-71-thread-1] INFO  server.RaftServerConfigKeys (ConfUtils.java:logGet(46)) - raft.server.log.corruption.policy = EXCEPTION (default)
2023-01-10 21:12:07,527 [pool-71-thread-1] INFO  server.RaftServerConfigKeys (ConfUtils.java:logGet(46)) - raft.server.storage.free-space.min = 0MB (=0) (default)
2023-01-10 21:12:07,528 [pool-71-thread-1] INFO  server.RaftServerConfigKeys (ConfUtils.java:logGet(46)) - raft.server.notification.no-leader.timeout = 300s (custom)
2023-01-10 21:12:07,528 [pool-71-thread-1] INFO  server.RaftServerConfigKeys (ConfUtils.java:logGet(46)) - raft.server.retrycache.expirytime = 600000ms (custom)
2023-01-10 21:12:07,528 [pool-71-thread-1] INFO  server.RaftServerConfigKeys (ConfUtils.java:logGet(46)) - raft.server.retrycache.statistics.expirytime = 100μs (default)
2023-01-10 21:12:07,530 [pool-71-thread-1] INFO  server.RaftServerConfigKeys (ConfUtils.java:logGet(46)) - raft.server.log.appender.install.snapshot.enabled = false (custom)
2023-01-10 21:12:07,530 [pool-71-thread-1] INFO  server.RaftServerConfigKeys (ConfUtils.java:logGet(46)) - raft.server.threadpool.server.cached = true (default)
2023-01-10 21:12:07,530 [pool-71-thread-1] INFO  server.RaftServerConfigKeys (ConfUtils.java:logGet(46)) - raft.server.threadpool.server.size = 0 (default)
2023-01-10 21:12:07,530 [pool-71-thread-1] INFO  server.RaftServerConfigKeys (ConfUtils.java:logGet(46)) - raft.server.threadpool.client.cached = true (default)
2023-01-10 21:12:07,530 [pool-71-thread-1] INFO  server.RaftServerConfigKeys (ConfUtils.java:logGet(46)) - raft.server.threadpool.client.size = 0 (default)
2023-01-10 21:12:07,530 [pool-71-thread-1] INFO  storage.RaftStorageDirectory (RaftStorageDirectoryImpl.java:analyzeStorage(137)) - The storage directory /home/runner/work/ozone/ozone/hadoop-ozone/integration-test/target/test-dir/MiniOzoneClusterImpl-19fb9fdf-8a8f-4927-bd4c-ee6195d64daa/datanode-0/data/ratis/402e0e02-dc95-4aa1-8b7e-b0881aa90a3f does not exist. Creating ...
2023-01-10 21:12:07,533 [pool-71-thread-1] INFO  storage.RaftStorageDirectory (RaftStorageDirectoryImpl.java:tryLock(231)) - Lock on /home/runner/work/ozone/ozone/hadoop-ozone/integration-test/target/test-dir/MiniOzoneClusterImpl-19fb9fdf-8a8f-4927-bd4c-ee6195d64daa/datanode-0/data/ratis/402e0e02-dc95-4aa1-8b7e-b0881aa90a3f/in_use.lock acquired by nodename 94838@fv-az502-119
2023-01-10 21:12:07,536 [pool-71-thread-1] INFO  storage.RaftStorage (RaftStorageImpl.java:format(96)) - Storage directory /home/runner/work/ozone/ozone/hadoop-ozone/integration-test/target/test-dir/MiniOzoneClusterImpl-19fb9fdf-8a8f-4927-bd4c-ee6195d64daa/datanode-0/data/ratis/402e0e02-dc95-4aa1-8b7e-b0881aa90a3f has been successfully formatted.
2023-01-10 21:12:07,541 [pool-71-thread-1] INFO  ratis.ContainerStateMachine (ContainerStateMachine.java:loadSnapshot(240)) - group-B0881AA90A3F: The snapshot info is null. Setting the last applied indexto:(t:0, i:~)
2023-01-10 21:12:07,541 [pool-71-thread-1] INFO  server.RaftServerConfigKeys (ConfUtils.java:logGet(46)) - raft.server.log.use.memory = false (default)
2023-01-10 21:12:07,546 [pool-71-thread-1] INFO  server.RaftServerConfigKeys (ConfUtils.java:logGet(46)) - raft.server.log.purge.gap = 1000000 (custom)
2023-01-10 21:12:07,546 [pool-71-thread-1] INFO  server.RaftServerConfigKeys (ConfUtils.java:logGet(46)) - raft.server.log.appender.buffer.byte-limit = 33554432 (custom)
2023-01-10 21:12:07,546 [pool-71-thread-1] INFO  server.RaftServerConfigKeys (ConfUtils.java:logGet(46)) - raft.server.log.statemachine.data.read.timeout = 1000ms (default)
2023-01-10 21:12:07,546 [pool-71-thread-1] INFO  server.RaftServerConfigKeys (ConfUtils.java:logGet(46)) - raft.server.log.purge.preservation.log.num = 0 (default)
2023-01-10 21:12:07,546 [pool-71-thread-1] INFO  server.RaftServerConfigKeys (ConfUtils.java:logGet(46)) - raft.server.log.segment.size.max = 1048576 (custom)
2023-01-10 21:12:07,549 [pool-71-thread-1] INFO  server.RaftServerConfigKeys (ConfUtils.java:logGet(46)) - raft.server.log.segment.cache.num.max = 2 (custom)
2023-01-10 21:12:07,549 [pool-71-thread-1] INFO  server.RaftServerConfigKeys (ConfUtils.java:logGet(46)) - raft.server.log.segment.cache.size.max = 200MB (=209715200) (default)
2023-01-10 21:12:07,549 [pool-71-thread-1] INFO  segmented.SegmentedRaftLogWorker (SegmentedRaftLogWorker.java:<init>(189)) - new 6225d677-c2d1-455e-90bb-1529b9debcfd@group-B0881AA90A3F-SegmentedRaftLogWorker for RaftStorageImpl:Storage Directory /home/runner/work/ozone/ozone/hadoop-ozone/integration-test/target/test-dir/MiniOzoneClusterImpl-19fb9fdf-8a8f-4927-bd4c-ee6195d64daa/datanode-0/data/ratis/402e0e02-dc95-4aa1-8b7e-b0881aa90a3f
2023-01-10 21:12:07,549 [pool-71-thread-1] INFO  server.RaftServerConfigKeys (ConfUtils.java:logGet(46)) - raft.server.log.queue.byte-limit = 4294967296 (custom)
2023-01-10 21:12:07,549 [pool-71-thread-1] INFO  server.RaftServerConfigKeys (ConfUtils.java:logGet(46)) - raft.server.log.queue.element-limit = 1024 (custom)
2023-01-10 21:12:07,550 [pool-71-thread-1] INFO  server.RaftServerConfigKeys (ConfUtils.java:logGet(46)) - raft.server.log.segment.size.max = 1048576 (custom)
2023-01-10 21:12:07,550 [pool-71-thread-1] INFO  server.RaftServerConfigKeys (ConfUtils.java:logGet(46)) - raft.server.log.preallocated.size = 16384 (custom)
2023-01-10 21:12:07,550 [pool-71-thread-1] INFO  server.RaftServerConfigKeys (ConfUtils.java:logGet(46)) - raft.server.log.force.sync.num = 128 (default)
2023-01-10 21:12:07,550 [pool-71-thread-1] INFO  server.RaftServerConfigKeys (ConfUtils.java:logGet(46)) - raft.server.log.statemachine.data.sync = true (default)
2023-01-10 21:12:07,550 [pool-71-thread-1] INFO  server.RaftServerConfigKeys (ConfUtils.java:logGet(46)) - raft.server.log.statemachine.data.sync.timeout = 10s (default)
2023-01-10 21:12:07,550 [pool-71-thread-1] INFO  server.RaftServerConfigKeys (ConfUtils.java:logGet(46)) - raft.server.log.statemachine.data.sync.timeout.retry = -1 (default)
2023-01-10 21:12:07,553 [pool-71-thread-1] INFO  server.RaftServerConfigKeys (ConfUtils.java:logGet(46)) - raft.server.log.write.buffer.size = 1048576 (custom)
2023-01-10 21:12:07,554 [pool-71-thread-1] INFO  server.RaftServerConfigKeys (ConfUtils.java:logGet(46)) - raft.server.log.appender.buffer.byte-limit = 33554432 (custom)
2023-01-10 21:12:07,561 [pool-71-thread-1] INFO  server.RaftServerConfigKeys (ConfUtils.java:logGet(46)) - raft.server.log.unsafe-flush.enabled = false (default)
2023-01-10 21:12:07,561 [pool-71-thread-1] INFO  server.RaftServerConfigKeys (ConfUtils.java:logGet(46)) - raft.server.log.async-flush.enabled = false (default)
2023-01-10 21:12:07,561 [pool-71-thread-1] INFO  server.RaftServerConfigKeys (ConfUtils.java:logGet(46)) - raft.server.log.statemachine.data.caching.enabled = true (custom)
2023-01-10 21:12:07,562 | INFO  | SCMAudit | user=runner | ip=10.1.0.46 | op=SEND_HEARTBEAT {datanodeUUID=6225d677-c2d1-455e-90bb-1529b9debcfd, term=-1, command=[]} | ret=SUCCESS |  
2023-01-10 21:12:07,562 [EventQueue-PipelineReportForPipelineReportHandler] INFO  pipeline.PipelineManagerImpl (PipelineManagerImpl.java:openPipeline(367)) - Pipeline Pipeline[ Id: 402e0e02-dc95-4aa1-8b7e-b0881aa90a3f, Nodes: 6225d677-c2d1-455e-90bb-1529b9debcfd(fv-az502-119/10.1.0.46), ReplicationConfig: RATIS/ONE, State:ALLOCATED, leaderId:6225d677-c2d1-455e-90bb-1529b9debcfd, CreationTimestamp2023-01-10T21:12:04.542Z[Etc/UTC]] moved to OPEN state
2023-01-10 21:12:07,566 [EventQueue-OpenPipelineForHealthyPipelineSafeModeRule] INFO  safemode.SCMSafeModeManager (HealthyPipelineSafeModeRule.java:process(137)) - SCM in safe mode. Healthy pipelines reported count is 0, required healthy pipeline reported count is 1
2023-01-10 21:12:07,571 [pool-71-thread-1] INFO  segmented.SegmentedRaftLogWorker (SegmentedRaftLogWorker.java:lambda$new$0(135)) - 6225d677-c2d1-455e-90bb-1529b9debcfd@group-B0881AA90A3F-SegmentedRaftLogWorker: flushIndex: setUnconditionally 0 -> -1
2023-01-10 21:12:07,571 [pool-71-thread-1] INFO  segmented.SegmentedRaftLogWorker (SegmentedRaftLogWorker.java:lambda$new$0(135)) - 6225d677-c2d1-455e-90bb-1529b9debcfd@group-B0881AA90A3F-SegmentedRaftLogWorker: safeCacheEvictIndex: setUnconditionally 0 -> -1
2023-01-10 21:12:07,572 [pool-71-thread-1] INFO  server.RaftServer$Division (RaftServerImpl.java:start(334)) - 6225d677-c2d1-455e-90bb-1529b9debcfd@group-B0881AA90A3F: start as a follower, conf=-1: peers:[6225d677-c2d1-455e-90bb-1529b9debcfd|rpc:10.1.0.46:40907|dataStream:10.1.0.46:45105|priority:1|startupRole:FOLLOWER]|listeners:[], old=null
2023-01-10 21:12:07,572 [pool-71-thread-1] INFO  server.RaftServer$Division (RaftServerImpl.java:setRole(321)) - 6225d677-c2d1-455e-90bb-1529b9debcfd@group-B0881AA90A3F: changes role from      null to FOLLOWER at term 0 for startAsFollower
2023-01-10 21:12:07,572 [pool-71-thread-1] INFO  impl.RoleInfo (RoleInfo.java:updateAndGet(139)) - 6225d677-c2d1-455e-90bb-1529b9debcfd: start 6225d677-c2d1-455e-90bb-1529b9debcfd@group-B0881AA90A3F-FollowerState
2023-01-10 21:12:07,577 [pool-71-thread-1] INFO  util.JmxRegister (JmxRegister.java:tryRegister(44)) - Successfully registered JMX Bean with object name Ratis:service=RaftServer,group=group-B0881AA90A3F,id=6225d677-c2d1-455e-90bb-1529b9debcfd
2023-01-10 21:12:07,577 [pool-71-thread-1] INFO  server.RaftServerConfigKeys (ConfUtils.java:logGet(46)) - raft.server.snapshot.auto.trigger.enabled = true (custom)
2023-01-10 21:12:07,577 [pool-71-thread-1] INFO  server.RaftServerConfigKeys (ConfUtils.java:logGet(46)) - raft.server.snapshot.auto.trigger.threshold = 10000 (custom)
2023-01-10 21:12:07,577 [pool-71-thread-1] INFO  server.RaftServerConfigKeys (ConfUtils.java:logGet(46)) - raft.server.snapshot.retention.file.num = 5 (custom)
2023-01-10 21:12:07,577 [pool-71-thread-1] INFO  server.RaftServerConfigKeys (ConfUtils.java:logGet(46)) - raft.server.log.purge.upto.snapshot.index = false (default)
2023-01-10 21:12:07,578 [6225d677-c2d1-455e-90bb-1529b9debcfd@group-B0881AA90A3F-FollowerState] INFO  server.RaftServerConfigKeys (ConfUtils.java:logFallback(53)) - raft.server.rpc.first-election.timeout.min = 5s (fallback to raft.server.rpc.timeout.min)
2023-01-10 21:12:07,578 [6225d677-c2d1-455e-90bb-1529b9debcfd@group-B0881AA90A3F-FollowerState] INFO  server.RaftServerConfigKeys (ConfUtils.java:logFallback(53)) - raft.server.rpc.first-election.timeout.max = 5200ms (fallback to raft.server.rpc.timeout.max)
2023-01-10 21:12:07,587 [Command processor thread] INFO  ratis.XceiverServerRatis (XceiverServerRatis.java:addGroup(806)) - Created group PipelineID=402e0e02-dc95-4aa1-8b7e-b0881aa90a3f
2023-01-10 21:12:07,587 [Command processor thread] INFO  commandhandler.CreatePipelineCommandHandler (CreatePipelineCommandHandler.java:handle(113)) - Created Pipeline RATIS ONE PipelineID=402e0e02-dc95-4aa1-8b7e-b0881aa90a3f.
2023-01-10 21:12:07,588 [Command processor thread] INFO  server.RaftServer (RaftServerProxy.java:addNew(96)) - 6225d677-c2d1-455e-90bb-1529b9debcfd: addNew group-F14965801010:[6225d677-c2d1-455e-90bb-1529b9debcfd|rpc:10.1.0.46:40907|dataStream:10.1.0.46:45105|priority:0|startupRole:FOLLOWER, 13a6dec5-f14a-4de7-a098-f6186ae4839d|rpc:10.1.0.46:35709|dataStream:10.1.0.46:43127|priority:0|startupRole:FOLLOWER, 59f5c057-586b-4a1a-a0d5-0dbbd6701919|rpc:10.1.0.46:35981|dataStream:10.1.0.46:38953|priority:1|startupRole:FOLLOWER] returns group-F14965801010:java.util.concurrent.CompletableFuture@5965e341[Not completed]
2023-01-10 21:12:07,590 [pool-71-thread-1] INFO  server.RaftServer$Division (RaftServerImpl.java:<init>(195)) - 6225d677-c2d1-455e-90bb-1529b9debcfd: new RaftServerImpl for group-F14965801010:[6225d677-c2d1-455e-90bb-1529b9debcfd|rpc:10.1.0.46:40907|dataStream:10.1.0.46:45105|priority:0|startupRole:FOLLOWER, 13a6dec5-f14a-4de7-a098-f6186ae4839d|rpc:10.1.0.46:35709|dataStream:10.1.0.46:43127|priority:0|startupRole:FOLLOWER, 59f5c057-586b-4a1a-a0d5-0dbbd6701919|rpc:10.1.0.46:35981|dataStream:10.1.0.46:38953|priority:1|startupRole:FOLLOWER] with ContainerStateMachine:uninitialized
2023-01-10 21:12:07,590 [pool-71-thread-1] INFO  server.RaftServerConfigKeys (ConfUtils.java:logGet(46)) - raft.server.rpc.timeout.min = 5s (custom)
2023-01-10 21:12:07,590 [pool-71-thread-1] INFO  server.RaftServerConfigKeys (ConfUtils.java:logGet(46)) - raft.server.rpc.timeout.max = 5200ms (custom)
2023-01-10 21:12:07,590 [pool-71-thread-1] INFO  server.RaftServerConfigKeys (ConfUtils.java:logGet(46)) - raft.server.rpc.sleep.time = 25ms (default)
2023-01-10 21:12:07,590 [pool-71-thread-1] INFO  server.RaftServerConfigKeys (ConfUtils.java:logGet(46)) - raft.server.rpc.slowness.timeout = 300s (custom)
2023-01-10 21:12:07,590 [pool-71-thread-1] INFO  server.RaftServerConfigKeys (ConfUtils.java:logGet(46)) - raft.server.leaderelection.leader.step-down.wait-time = 10s (default)
2023-01-10 21:12:07,590 [pool-71-thread-1] INFO  server.RaftServerConfigKeys (ConfUtils.java:logGet(46)) - raft.server.sleep.deviation.threshold = 300ms (default)
2023-01-10 21:12:07,591 [pool-71-thread-1] INFO  server.RaftServer$Division (ServerState.java:<init>(118)) - 6225d677-c2d1-455e-90bb-1529b9debcfd@group-F14965801010: ConfigurationManager, init=-1: peers:[6225d677-c2d1-455e-90bb-1529b9debcfd|rpc:10.1.0.46:40907|dataStream:10.1.0.46:45105|priority:0|startupRole:FOLLOWER, 13a6dec5-f14a-4de7-a098-f6186ae4839d|rpc:10.1.0.46:35709|dataStream:10.1.0.46:43127|priority:0|startupRole:FOLLOWER, 59f5c057-586b-4a1a-a0d5-0dbbd6701919|rpc:10.1.0.46:35981|dataStream:10.1.0.46:38953|priority:1|startupRole:FOLLOWER]|listeners:[], old=null, confs=<EMPTY_MAP>
2023-01-10 21:12:07,591 [pool-71-thread-1] INFO  server.RaftServerConfigKeys (ConfUtils.java:logGet(46)) - raft.server.storage.dir = [/home/runner/work/ozone/ozone/hadoop-ozone/integration-test/target/test-dir/MiniOzoneClusterImpl-19fb9fdf-8a8f-4927-bd4c-ee6195d64daa/datanode-0/data/ratis] (custom)
2023-01-10 21:12:07,591 [pool-71-thread-1] INFO  server.RaftServerConfigKeys (ConfUtils.java:logGet(46)) - raft.server.log.corruption.policy = EXCEPTION (default)
2023-01-10 21:12:07,591 [pool-71-thread-1] INFO  server.RaftServerConfigKeys (ConfUtils.java:logGet(46)) - raft.server.storage.free-space.min = 0MB (=0) (default)
2023-01-10 21:12:07,591 [pool-71-thread-1] INFO  server.RaftServerConfigKeys (ConfUtils.java:logGet(46)) - raft.server.notification.no-leader.timeout = 300s (custom)
2023-01-10 21:12:07,591 [pool-71-thread-1] INFO  server.RaftServerConfigKeys (ConfUtils.java:logGet(46)) - raft.server.retrycache.expirytime = 600000ms (custom)
2023-01-10 21:12:07,591 [pool-71-thread-1] INFO  server.RaftServerConfigKeys (ConfUtils.java:logGet(46)) - raft.server.retrycache.statistics.expirytime = 100μs (default)
2023-01-10 21:12:07,595 [pool-71-thread-1] INFO  server.RaftServerConfigKeys (ConfUtils.java:logGet(46)) - raft.server.log.appender.install.snapshot.enabled = false (custom)
2023-01-10 21:12:07,595 [pool-71-thread-1] INFO  server.RaftServerConfigKeys (ConfUtils.java:logGet(46)) - raft.server.threadpool.server.cached = true (default)
2023-01-10 21:12:07,596 [pool-71-thread-1] INFO  server.RaftServerConfigKeys (ConfUtils.java:logGet(46)) - raft.server.threadpool.server.size = 0 (default)
2023-01-10 21:12:07,596 [pool-71-thread-1] INFO  server.RaftServerConfigKeys (ConfUtils.java:logGet(46)) - raft.server.threadpool.client.cached = true (default)
2023-01-10 21:12:07,596 [pool-71-thread-1] INFO  server.RaftServerConfigKeys (ConfUtils.java:logGet(46)) - raft.server.threadpool.client.size = 0 (default)
2023-01-10 21:12:07,596 [pool-71-thread-1] INFO  storage.RaftStorageDirectory (RaftStorageDirectoryImpl.java:analyzeStorage(137)) - The storage directory /home/runner/work/ozone/ozone/hadoop-ozone/integration-test/target/test-dir/MiniOzoneClusterImpl-19fb9fdf-8a8f-4927-bd4c-ee6195d64daa/datanode-0/data/ratis/12ca2beb-e17b-4ac1-8bf8-f14965801010 does not exist. Creating ...
2023-01-10 21:12:07,598 [pool-71-thread-1] INFO  storage.RaftStorageDirectory (RaftStorageDirectoryImpl.java:tryLock(231)) - Lock on /home/runner/work/ozone/ozone/hadoop-ozone/integration-test/target/test-dir/MiniOzoneClusterImpl-19fb9fdf-8a8f-4927-bd4c-ee6195d64daa/datanode-0/data/ratis/12ca2beb-e17b-4ac1-8bf8-f14965801010/in_use.lock acquired by nodename 94838@fv-az502-119
2023-01-10 21:12:07,600 [pool-71-thread-1] INFO  storage.RaftStorage (RaftStorageImpl.java:format(96)) - Storage directory /home/runner/work/ozone/ozone/hadoop-ozone/integration-test/target/test-dir/MiniOzoneClusterImpl-19fb9fdf-8a8f-4927-bd4c-ee6195d64daa/datanode-0/data/ratis/12ca2beb-e17b-4ac1-8bf8-f14965801010 has been successfully formatted.
2023-01-10 21:12:07,601 [pool-71-thread-1] INFO  ratis.ContainerStateMachine (ContainerStateMachine.java:loadSnapshot(240)) - group-F14965801010: The snapshot info is null. Setting the last applied indexto:(t:0, i:~)
2023-01-10 21:12:07,601 [pool-71-thread-1] INFO  server.RaftServerConfigKeys (ConfUtils.java:logGet(46)) - raft.server.log.use.memory = false (default)
2023-01-10 21:12:07,601 [pool-71-thread-1] INFO  server.RaftServerConfigKeys (ConfUtils.java:logGet(46)) - raft.server.log.purge.gap = 1000000 (custom)
2023-01-10 21:12:07,603 [pool-71-thread-1] INFO  server.RaftServerConfigKeys (ConfUtils.java:logGet(46)) - raft.server.log.appender.buffer.byte-limit = 33554432 (custom)
2023-01-10 21:12:07,604 | INFO  | SCMAudit | user=runner | ip=10.1.0.46 | op=SEND_HEARTBEAT {datanodeUUID=6225d677-c2d1-455e-90bb-1529b9debcfd, term=-1, command=[]} | ret=SUCCESS |  
2023-01-10 21:12:07,603 [pool-71-thread-1] INFO  server.RaftServerConfigKeys (ConfUtils.java:logGet(46)) - raft.server.log.statemachine.data.read.timeout = 1000ms (default)
2023-01-10 21:12:07,604 [EventQueue-OpenPipelineForHealthyPipelineSafeModeRule] INFO  safemode.SCMSafeModeManager (HealthyPipelineSafeModeRule.java:process(137)) - SCM in safe mode. Healthy pipelines reported count is 0, required healthy pipeline reported count is 1
2023-01-10 21:12:07,606 [pool-71-thread-1] INFO  server.RaftServerConfigKeys (ConfUtils.java:logGet(46)) - raft.server.log.purge.preservation.log.num = 0 (default)
2023-01-10 21:12:07,604 [Listener at 127.0.0.1/46425] INFO  ozone.MiniOzoneClusterImpl (MiniOzoneClusterImpl.java:lambda$waitForClusterToBeReady$0(218)) - Nodes are ready. Got 3 of 3 DN Heartbeats.
2023-01-10 21:12:07,606 [Listener at 127.0.0.1/46425] INFO  ozone.MiniOzoneClusterImpl (MiniOzoneClusterImpl.java:lambda$waitForClusterToBeReady$0(221)) - Waiting for cluster to exit safe mode
2023-01-10 21:12:07,606 [Listener at 127.0.0.1/46425] INFO  ozone.MiniOzoneClusterImpl (MiniOzoneClusterImpl.java:lambda$waitForClusterToBeReady$0(223)) - SCM became leader
2023-01-10 21:12:07,606 [pool-71-thread-1] INFO  server.RaftServerConfigKeys (ConfUtils.java:logGet(46)) - raft.server.log.segment.size.max = 1048576 (custom)
2023-01-10 21:12:07,610 [pool-71-thread-1] INFO  server.RaftServerConfigKeys (ConfUtils.java:logGet(46)) - raft.server.log.segment.cache.num.max = 2 (custom)
2023-01-10 21:12:07,610 [pool-71-thread-1] INFO  server.RaftServerConfigKeys (ConfUtils.java:logGet(46)) - raft.server.log.segment.cache.size.max = 200MB (=209715200) (default)
2023-01-10 21:12:07,610 [pool-71-thread-1] INFO  segmented.SegmentedRaftLogWorker (SegmentedRaftLogWorker.java:<init>(189)) - new 6225d677-c2d1-455e-90bb-1529b9debcfd@group-F14965801010-SegmentedRaftLogWorker for RaftStorageImpl:Storage Directory /home/runner/work/ozone/ozone/hadoop-ozone/integration-test/target/test-dir/MiniOzoneClusterImpl-19fb9fdf-8a8f-4927-bd4c-ee6195d64daa/datanode-0/data/ratis/12ca2beb-e17b-4ac1-8bf8-f14965801010
2023-01-10 21:12:07,610 [pool-71-thread-1] INFO  server.RaftServerConfigKeys (ConfUtils.java:logGet(46)) - raft.server.log.queue.byte-limit = 4294967296 (custom)
2023-01-10 21:12:07,610 [pool-71-thread-1] INFO  server.RaftServerConfigKeys (ConfUtils.java:logGet(46)) - raft.server.log.queue.element-limit = 1024 (custom)
2023-01-10 21:12:07,611 [pool-71-thread-1] INFO  server.RaftServerConfigKeys (ConfUtils.java:logGet(46)) - raft.server.log.segment.size.max = 1048576 (custom)
2023-01-10 21:12:07,611 [pool-71-thread-1] INFO  server.RaftServerConfigKeys (ConfUtils.java:logGet(46)) - raft.server.log.preallocated.size = 16384 (custom)
2023-01-10 21:12:07,611 [pool-71-thread-1] INFO  server.RaftServerConfigKeys (ConfUtils.java:logGet(46)) - raft.server.log.force.sync.num = 128 (default)
2023-01-10 21:12:07,611 [pool-71-thread-1] INFO  server.RaftServerConfigKeys (ConfUtils.java:logGet(46)) - raft.server.log.statemachine.data.sync = true (default)
2023-01-10 21:12:07,611 [pool-71-thread-1] INFO  server.RaftServerConfigKeys (ConfUtils.java:logGet(46)) - raft.server.log.statemachine.data.sync.timeout = 10s (default)
2023-01-10 21:12:07,612 [pool-71-thread-1] INFO  server.RaftServerConfigKeys (ConfUtils.java:logGet(46)) - raft.server.log.statemachine.data.sync.timeout.retry = -1 (default)
2023-01-10 21:12:07,616 | INFO  | SCMAudit | user=runner | ip=10.1.0.46 | op=SEND_HEARTBEAT {datanodeUUID=59f5c057-586b-4a1a-a0d5-0dbbd6701919, term=-1, command=[commandType: createPipelineCommand createPipelineCommandProto { pipelineID { id: "752b825c-ee98-4dd6-94b8-1893a536954f" uuid128 { mostSigBits: 8442985262087687638 leastSigBits: -7730401737970379441 } } type: RATIS factor: ONE datanode { uuid: "59f5c057-586b-4a1a-a0d5-0dbbd6701919" ipAddress: "10.1.0.46" hostName: "fv-az502-119" ports { name: "REPLICATION" value: 35331 } ports { name: "RATIS" value: 35981 } ports { name: "RATIS_ADMIN" value: 35981 } ports { name: "RATIS_SERVER" value: 35981 } ports { name: "RATIS_DATASTREAM" value: 38953 } ports { name: "STANDALONE" value: 38121 } networkName: "59f5c057-586b-4a1a-a0d5-0dbbd6701919" networkLocation: "/default-rack" persistedOpState: IN_SERVICE persistedOpStateExpiry: 0 uuid128 { mostSigBits: 6482298720047811098 leastSigBits: -6857559757193996007 } } cmdId: 1673385124546 priority: 1 } term: -1 encodedToken: "" deadlineMsSinceEpoch: 0 , commandType: createPipelineCommand createPipelineCommandProto { pipelineID { id: "12ca2beb-e17b-4ac1-8bf8-f14965801010" uuid128 { mostSigBits: 1353942930078517953 leastSigBits: -8360667410675527664 } } type: RATIS factor: THREE datanode { uuid: "6225d677-c2d1-455e-90bb-1529b9debcfd" ipAddress: "10.1.0.46" hostName: "fv-az502-119" ports { name: "REPLICATION" value: 37577 } ports { name: "RATIS" value: 40907 } ports { name: "RATIS_ADMIN" value: 40907 } ports { name: "RATIS_SERVER" value: 40907 } ports { name: "RATIS_DATASTREAM" value: 45105 } ports { name: "STANDALONE" value: 35963 } networkName: "6225d677-c2d1-455e-90bb-1529b9debcfd" networkLocation: "/default-rack" persistedOpState: IN_SERVICE persistedOpStateExpiry: 0 uuid128 { mostSigBits: 7072294599713178974 leastSigBits: -8017791442646811395 } } datanode { uuid: "59f5c057-586b-4a1a-a0d5-0dbbd6701919" ipAddress: "10.1.0.46" hostName: "fv-az502-119" ports { name: "REPLICATION" value: 35331 } ports { name: "RATIS" value: 35981 } ports { name: "RATIS_ADMIN" value: 35981 } ports { name: "RATIS_SERVER" value: 35981 } ports { name: "RATIS_DATASTREAM" value: 38953 } ports { name: "STANDALONE" value: 38121 } networkName: "59f5c057-586b-4a1a-a0d5-0dbbd6701919" networkLocation: "/default-rack" persistedOpState: IN_SERVICE persistedOpStateExpiry: 0 uuid128 { mostSigBits: 6482298720047811098 leastSigBits: -6857559757193996007 } } datanode { uuid: "13a6dec5-f14a-4de7-a098-f6186ae4839d" ipAddress: "10.1.0.46" hostName: "fv-az502-119" ports { name: "REPLICATION" value: 36683 } ports { name: "RATIS" value: 35709 } ports { name: "RATIS_ADMIN" value: 35709 } ports { name: "RATIS_SERVER" value: 35709 } ports { name: "RATIS_DATASTREAM" value: 43127 } ports { name: "STANDALONE" value: 41225 } networkName: "13a6dec5-f14a-4de7-a098-f6186ae4839d" networkLocation: "/default-rack" persistedOpState: IN_SERVICE persistedOpStateExpiry: 0 uuid128 { mostSigBits: 1416064074592701927 leastSigBits: -6874474246448053347 } } cmdId: 1673385124547 priority: 0 priority: 1 priority: 0 } term: -1 encodedToken: "" deadlineMsSinceEpoch: 0 , commandType: createPipelineCommand createPipelineCommandProto { pipelineID { id: "d4691031-201c-47be-a252-992dbb117582" uuid128 { mostSigBits: -3140961461936044098 leastSigBits: -6750164469783890558 } } type: RATIS factor: THREE datanode { uuid: "6225d677-c2d1-455e-90bb-1529b9debcfd" ipAddress: "10.1.0.46" hostName: "fv-az502-119" ports { name: "REPLICATION" value: 37577 } ports { name: "RATIS" value: 40907 } ports { name: "RATIS_ADMIN" value: 40907 } ports { name: "RATIS_SERVER" value: 40907 } ports { name: "RATIS_DATASTREAM" value: 45105 } ports { name: "STANDALONE" value: 35963 } networkName: "6225d677-c2d1-455e-90bb-1529b9debcfd" networkLocation: "/default-rack" persistedOpState: IN_SERVICE persistedOpStateExpiry: 0 uuid128 { mostSigBits: 7072294599713178974 leastSigBits: -8017791442646811395 } } datanode { uuid: "13a6dec5-f14a-4de7-a098-f6186ae4839d" ipAddress: "10.1.0.46" hostName: "fv-az502-119" ports { name: "REPLICATION" value: 36683 } ports { name: "RATIS" value: 35709 } ports { name: "RATIS_ADMIN" value: 35709 } ports { name: "RATIS_SERVER" value: 35709 } ports { name: "RATIS_DATASTREAM" value: 43127 } ports { name: "STANDALONE" value: 41225 } networkName: "13a6dec5-f14a-4de7-a098-f6186ae4839d" networkLocation: "/default-rack" persistedOpState: IN_SERVICE persistedOpStateExpiry: 0 uuid128 { mostSigBits: 1416064074592701927 leastSigBits: -6874474246448053347 } } datanode { uuid: "59f5c057-586b-4a1a-a0d5-0dbbd6701919" ipAddress: "10.1.0.46" hostName: "fv-az502-119" ports { name: "REPLICATION" value: 35331 } ports { name: "RATIS" value: 35981 } ports { name: "RATIS_ADMIN" value: 35981 } ports { name: "RATIS_SERVER" value: 35981 } ports { name: "RATIS_DATASTREAM" value: 38953 } ports { name: "STANDALONE" value: 38121 } networkName: "59f5c057-586b-4a1a-a0d5-0dbbd6701919" networkLocation: "/default-rack" persistedOpState: IN_SERVICE persistedOpStateExpiry: 0 uuid128 { mostSigBits: 6482298720047811098 leastSigBits: -6857559757193996007 } } cmdId: 1673385124548 priority: 0 priority: 1 priority: 0 } term: -1 encodedToken: "" deadlineMsSinceEpoch: 0 ]} | ret=SUCCESS |  
2023-01-10 21:12:07,617 [pool-71-thread-1] INFO  server.RaftServerConfigKeys (ConfUtils.java:logGet(46)) - raft.server.log.write.buffer.size = 1048576 (custom)
2023-01-10 21:12:07,617 [pool-71-thread-1] INFO  server.RaftServerConfigKeys (ConfUtils.java:logGet(46)) - raft.server.log.appender.buffer.byte-limit = 33554432 (custom)
2023-01-10 21:12:07,627 [pool-71-thread-1] INFO  server.RaftServerConfigKeys (ConfUtils.java:logGet(46)) - raft.server.log.unsafe-flush.enabled = false (default)
2023-01-10 21:12:07,627 [pool-71-thread-1] INFO  server.RaftServerConfigKeys (ConfUtils.java:logGet(46)) - raft.server.log.async-flush.enabled = false (default)
2023-01-10 21:12:07,627 [pool-71-thread-1] INFO  server.RaftServerConfigKeys (ConfUtils.java:logGet(46)) - raft.server.log.statemachine.data.caching.enabled = true (custom)
2023-01-10 21:12:07,628 [pool-71-thread-1] INFO  segmented.SegmentedRaftLogWorker (SegmentedRaftLogWorker.java:lambda$new$0(135)) - 6225d677-c2d1-455e-90bb-1529b9debcfd@group-F14965801010-SegmentedRaftLogWorker: flushIndex: setUnconditionally 0 -> -1
2023-01-10 21:12:07,628 [pool-71-thread-1] INFO  segmented.SegmentedRaftLogWorker (SegmentedRaftLogWorker.java:lambda$new$0(135)) - 6225d677-c2d1-455e-90bb-1529b9debcfd@group-F14965801010-SegmentedRaftLogWorker: safeCacheEvictIndex: setUnconditionally 0 -> -1
2023-01-10 21:12:07,629 [pool-71-thread-1] INFO  server.RaftServer$Division (RaftServerImpl.java:start(334)) - 6225d677-c2d1-455e-90bb-1529b9debcfd@group-F14965801010: start as a follower, conf=-1: peers:[6225d677-c2d1-455e-90bb-1529b9debcfd|rpc:10.1.0.46:40907|dataStream:10.1.0.46:45105|priority:0|startupRole:FOLLOWER, 13a6dec5-f14a-4de7-a098-f6186ae4839d|rpc:10.1.0.46:35709|dataStream:10.1.0.46:43127|priority:0|startupRole:FOLLOWER, 59f5c057-586b-4a1a-a0d5-0dbbd6701919|rpc:10.1.0.46:35981|dataStream:10.1.0.46:38953|priority:1|startupRole:FOLLOWER]|listeners:[], old=null
2023-01-10 21:12:07,630 [pool-71-thread-1] INFO  server.RaftServer$Division (RaftServerImpl.java:setRole(321)) - 6225d677-c2d1-455e-90bb-1529b9debcfd@group-F14965801010: changes role from      null to FOLLOWER at term 0 for startAsFollower
2023-01-10 21:12:07,630 [pool-71-thread-1] INFO  impl.RoleInfo (RoleInfo.java:updateAndGet(139)) - 6225d677-c2d1-455e-90bb-1529b9debcfd: start 6225d677-c2d1-455e-90bb-1529b9debcfd@group-F14965801010-FollowerState
2023-01-10 21:12:07,632 [pool-71-thread-1] INFO  util.JmxRegister (JmxRegister.java:tryRegister(44)) - Successfully registered JMX Bean with object name Ratis:service=RaftServer,group=group-F14965801010,id=6225d677-c2d1-455e-90bb-1529b9debcfd
2023-01-10 21:12:07,632 [pool-71-thread-1] INFO  server.RaftServerConfigKeys (ConfUtils.java:logGet(46)) - raft.server.snapshot.auto.trigger.enabled = true (custom)
2023-01-10 21:12:07,633 [pool-71-thread-1] INFO  server.RaftServerConfigKeys (ConfUtils.java:logGet(46)) - raft.server.snapshot.auto.trigger.threshold = 10000 (custom)
2023-01-10 21:12:07,633 [pool-71-thread-1] INFO  server.RaftServerConfigKeys (ConfUtils.java:logGet(46)) - raft.server.snapshot.retention.file.num = 5 (custom)
2023-01-10 21:12:07,633 [pool-71-thread-1] INFO  server.RaftServerConfigKeys (ConfUtils.java:logGet(46)) - raft.server.log.purge.upto.snapshot.index = false (default)
2023-01-10 21:12:07,638 [Command processor thread] INFO  ratis.XceiverServerRatis (XceiverServerRatis.java:addGroup(806)) - Created group PipelineID=12ca2beb-e17b-4ac1-8bf8-f14965801010
2023-01-10 21:12:07,646 [6225d677-c2d1-455e-90bb-1529b9debcfd@group-F14965801010-FollowerState] INFO  server.RaftServerConfigKeys (ConfUtils.java:logFallback(53)) - raft.server.rpc.first-election.timeout.min = 5s (fallback to raft.server.rpc.timeout.min)
2023-01-10 21:12:07,646 [6225d677-c2d1-455e-90bb-1529b9debcfd@group-F14965801010-FollowerState] INFO  server.RaftServerConfigKeys (ConfUtils.java:logFallback(53)) - raft.server.rpc.first-election.timeout.max = 5200ms (fallback to raft.server.rpc.timeout.max)
2023-01-10 21:12:08,166 [JvmPauseMonitor0] WARN  util.JvmPauseMonitor (JvmPauseMonitor.java:detectPause(126)) - JvmPauseMonitor-om1: Detected pause in JVM or host machine (eg GC): pause of approximately 248784121ns.
GC pool 'PS MarkSweep' had collection(s): count=1 time=243ms
GC pool 'PS Scavenge' had collection(s): count=1 time=53ms
2023-01-10 21:12:08,181 [Command processor thread] INFO  server.RaftServer (RaftServerProxy.java:addNew(96)) - 13a6dec5-f14a-4de7-a098-f6186ae4839d: addNew group-9849CE3212CB:[13a6dec5-f14a-4de7-a098-f6186ae4839d|rpc:10.1.0.46:35709|dataStream:10.1.0.46:43127|priority:1|startupRole:FOLLOWER] returns group-9849CE3212CB:java.util.concurrent.CompletableFuture@78d0668e[Not completed]
2023-01-10 21:12:08,183 [pool-94-thread-1] INFO  server.RaftServer$Division (RaftServerImpl.java:<init>(195)) - 13a6dec5-f14a-4de7-a098-f6186ae4839d: new RaftServerImpl for group-9849CE3212CB:[13a6dec5-f14a-4de7-a098-f6186ae4839d|rpc:10.1.0.46:35709|dataStream:10.1.0.46:43127|priority:1|startupRole:FOLLOWER] with ContainerStateMachine:uninitialized
2023-01-10 21:12:08,184 [pool-94-thread-1] INFO  server.RaftServerConfigKeys (ConfUtils.java:logGet(46)) - raft.server.rpc.timeout.min = 5s (custom)
2023-01-10 21:12:08,184 [pool-94-thread-1] INFO  server.RaftServerConfigKeys (ConfUtils.java:logGet(46)) - raft.server.rpc.timeout.max = 5200ms (custom)
2023-01-10 21:12:08,184 [pool-94-thread-1] INFO  server.RaftServerConfigKeys (ConfUtils.java:logGet(46)) - raft.server.rpc.sleep.time = 25ms (default)
2023-01-10 21:12:08,184 [pool-94-thread-1] INFO  server.RaftServerConfigKeys (ConfUtils.java:logGet(46)) - raft.server.rpc.slowness.timeout = 300s (custom)
2023-01-10 21:12:08,184 [pool-94-thread-1] INFO  server.RaftServerConfigKeys (ConfUtils.java:logGet(46)) - raft.server.leaderelection.leader.step-down.wait-time = 10s (default)
2023-01-10 21:12:08,184 [pool-94-thread-1] INFO  server.RaftServerConfigKeys (ConfUtils.java:logGet(46)) - raft.server.sleep.deviation.threshold = 300ms (default)
2023-01-10 21:12:08,184 [pool-94-thread-1] INFO  server.RaftServer$Division (ServerState.java:<init>(118)) - 13a6dec5-f14a-4de7-a098-f6186ae4839d@group-9849CE3212CB: ConfigurationManager, init=-1: peers:[13a6dec5-f14a-4de7-a098-f6186ae4839d|rpc:10.1.0.46:35709|dataStream:10.1.0.46:43127|priority:1|startupRole:FOLLOWER]|listeners:[], old=null, confs=<EMPTY_MAP>
2023-01-10 21:12:08,184 [pool-94-thread-1] INFO  server.RaftServerConfigKeys (ConfUtils.java:logGet(46)) - raft.server.storage.dir = [/home/runner/work/ozone/ozone/hadoop-ozone/integration-test/target/test-dir/MiniOzoneClusterImpl-19fb9fdf-8a8f-4927-bd4c-ee6195d64daa/datanode-1/data/ratis] (custom)
2023-01-10 21:12:08,184 [pool-94-thread-1] INFO  server.RaftServerConfigKeys (ConfUtils.java:logGet(46)) - raft.server.log.corruption.policy = EXCEPTION (default)
2023-01-10 21:12:08,185 [pool-94-thread-1] INFO  server.RaftServerConfigKeys (ConfUtils.java:logGet(46)) - raft.server.storage.free-space.min = 0MB (=0) (default)
2023-01-10 21:12:08,185 [pool-94-thread-1] INFO  server.RaftServerConfigKeys (ConfUtils.java:logGet(46)) - raft.server.notification.no-leader.timeout = 300s (custom)
2023-01-10 21:12:08,185 [pool-94-thread-1] INFO  server.RaftServerConfigKeys (ConfUtils.java:logGet(46)) - raft.server.retrycache.expirytime = 600000ms (custom)
2023-01-10 21:12:08,185 [pool-94-thread-1] INFO  server.RaftServerConfigKeys (ConfUtils.java:logGet(46)) - raft.server.retrycache.statistics.expirytime = 100μs (default)
2023-01-10 21:12:08,190 | INFO  | SCMAudit | user=runner | ip=10.1.0.46 | op=SEND_HEARTBEAT {datanodeUUID=13a6dec5-f14a-4de7-a098-f6186ae4839d, term=-1, command=[]} | ret=SUCCESS |  
2023-01-10 21:12:08,196 [pool-94-thread-1] INFO  server.RaftServerConfigKeys (ConfUtils.java:logGet(46)) - raft.server.log.appender.install.snapshot.enabled = false (custom)
2023-01-10 21:12:08,196 [pool-94-thread-1] INFO  server.RaftServerConfigKeys (ConfUtils.java:logGet(46)) - raft.server.threadpool.server.cached = true (default)
2023-01-10 21:12:08,196 [pool-94-thread-1] INFO  server.RaftServerConfigKeys (ConfUtils.java:logGet(46)) - raft.server.threadpool.server.size = 0 (default)
2023-01-10 21:12:08,196 [pool-94-thread-1] INFO  server.RaftServerConfigKeys (ConfUtils.java:logGet(46)) - raft.server.threadpool.client.cached = true (default)
2023-01-10 21:12:08,196 [pool-94-thread-1] INFO  server.RaftServerConfigKeys (ConfUtils.java:logGet(46)) - raft.server.threadpool.client.size = 0 (default)
2023-01-10 21:12:08,196 [pool-94-thread-1] INFO  storage.RaftStorageDirectory (RaftStorageDirectoryImpl.java:analyzeStorage(137)) - The storage directory /home/runner/work/ozone/ozone/hadoop-ozone/integration-test/target/test-dir/MiniOzoneClusterImpl-19fb9fdf-8a8f-4927-bd4c-ee6195d64daa/datanode-1/data/ratis/416f0d9a-8e2d-4f49-be89-9849ce3212cb does not exist. Creating ...
2023-01-10 21:12:08,199 [pool-94-thread-1] INFO  storage.RaftStorageDirectory (RaftStorageDirectoryImpl.java:tryLock(231)) - Lock on /home/runner/work/ozone/ozone/hadoop-ozone/integration-test/target/test-dir/MiniOzoneClusterImpl-19fb9fdf-8a8f-4927-bd4c-ee6195d64daa/datanode-1/data/ratis/416f0d9a-8e2d-4f49-be89-9849ce3212cb/in_use.lock acquired by nodename 94838@fv-az502-119
2023-01-10 21:12:08,201 [pool-94-thread-1] INFO  storage.RaftStorage (RaftStorageImpl.java:format(96)) - Storage directory /home/runner/work/ozone/ozone/hadoop-ozone/integration-test/target/test-dir/MiniOzoneClusterImpl-19fb9fdf-8a8f-4927-bd4c-ee6195d64daa/datanode-1/data/ratis/416f0d9a-8e2d-4f49-be89-9849ce3212cb has been successfully formatted.
2023-01-10 21:12:08,202 [pool-94-thread-1] INFO  ratis.ContainerStateMachine (ContainerStateMachine.java:loadSnapshot(240)) - group-9849CE3212CB: The snapshot info is null. Setting the last applied indexto:(t:0, i:~)
2023-01-10 21:12:08,206 [pool-94-thread-1] INFO  server.RaftServerConfigKeys (ConfUtils.java:logGet(46)) - raft.server.log.use.memory = false (default)
2023-01-10 21:12:08,206 [pool-94-thread-1] INFO  server.RaftServerConfigKeys (ConfUtils.java:logGet(46)) - raft.server.log.purge.gap = 1000000 (custom)
2023-01-10 21:12:08,206 [pool-94-thread-1] INFO  server.RaftServerConfigKeys (ConfUtils.java:logGet(46)) - raft.server.log.appender.buffer.byte-limit = 33554432 (custom)
2023-01-10 21:12:08,206 [pool-94-thread-1] INFO  server.RaftServerConfigKeys (ConfUtils.java:logGet(46)) - raft.server.log.statemachine.data.read.timeout = 1000ms (default)
2023-01-10 21:12:08,206 [pool-94-thread-1] INFO  server.RaftServerConfigKeys (ConfUtils.java:logGet(46)) - raft.server.log.purge.preservation.log.num = 0 (default)
2023-01-10 21:12:08,206 [pool-94-thread-1] INFO  server.RaftServerConfigKeys (ConfUtils.java:logGet(46)) - raft.server.log.segment.size.max = 1048576 (custom)
2023-01-10 21:12:08,207 | INFO  | SCMAudit | user=runner | ip=10.1.0.46 | op=SEND_HEARTBEAT {datanodeUUID=13a6dec5-f14a-4de7-a098-f6186ae4839d, term=-1, command=[]} | ret=SUCCESS |  
2023-01-10 21:12:08,207 [EventQueue-PipelineReportForPipelineReportHandler] INFO  pipeline.PipelineManagerImpl (PipelineManagerImpl.java:openPipeline(367)) - Pipeline Pipeline[ Id: 416f0d9a-8e2d-4f49-be89-9849ce3212cb, Nodes: 13a6dec5-f14a-4de7-a098-f6186ae4839d(fv-az502-119/10.1.0.46), ReplicationConfig: RATIS/ONE, State:ALLOCATED, leaderId:13a6dec5-f14a-4de7-a098-f6186ae4839d, CreationTimestamp2023-01-10T21:12:05.182Z[Etc/UTC]] moved to OPEN state
2023-01-10 21:12:08,208 [pool-94-thread-1] INFO  server.RaftServerConfigKeys (ConfUtils.java:logGet(46)) - raft.server.log.segment.cache.num.max = 2 (custom)
2023-01-10 21:12:08,208 [pool-94-thread-1] INFO  server.RaftServerConfigKeys (ConfUtils.java:logGet(46)) - raft.server.log.segment.cache.size.max = 200MB (=209715200) (default)
2023-01-10 21:12:08,208 [pool-94-thread-1] INFO  segmented.SegmentedRaftLogWorker (SegmentedRaftLogWorker.java:<init>(189)) - new 13a6dec5-f14a-4de7-a098-f6186ae4839d@group-9849CE3212CB-SegmentedRaftLogWorker for RaftStorageImpl:Storage Directory /home/runner/work/ozone/ozone/hadoop-ozone/integration-test/target/test-dir/MiniOzoneClusterImpl-19fb9fdf-8a8f-4927-bd4c-ee6195d64daa/datanode-1/data/ratis/416f0d9a-8e2d-4f49-be89-9849ce3212cb
2023-01-10 21:12:08,208 [pool-94-thread-1] INFO  server.RaftServerConfigKeys (ConfUtils.java:logGet(46)) - raft.server.log.queue.byte-limit = 4294967296 (custom)
2023-01-10 21:12:08,208 [pool-94-thread-1] INFO  server.RaftServerConfigKeys (ConfUtils.java:logGet(46)) - raft.server.log.queue.element-limit = 1024 (custom)
2023-01-10 21:12:08,208 [pool-94-thread-1] INFO  server.RaftServerConfigKeys (ConfUtils.java:logGet(46)) - raft.server.log.segment.size.max = 1048576 (custom)
2023-01-10 21:12:08,208 [pool-94-thread-1] INFO  server.RaftServerConfigKeys (ConfUtils.java:logGet(46)) - raft.server.log.preallocated.size = 16384 (custom)
2023-01-10 21:12:08,208 [pool-94-thread-1] INFO  server.RaftServerConfigKeys (ConfUtils.java:logGet(46)) - raft.server.log.force.sync.num = 128 (default)
2023-01-10 21:12:08,208 [pool-94-thread-1] INFO  server.RaftServerConfigKeys (ConfUtils.java:logGet(46)) - raft.server.log.statemachine.data.sync = true (default)
2023-01-10 21:12:08,208 [pool-94-thread-1] INFO  server.RaftServerConfigKeys (ConfUtils.java:logGet(46)) - raft.server.log.statemachine.data.sync.timeout = 10s (default)
2023-01-10 21:12:08,208 [pool-94-thread-1] INFO  server.RaftServerConfigKeys (ConfUtils.java:logGet(46)) - raft.server.log.statemachine.data.sync.timeout.retry = -1 (default)
2023-01-10 21:12:08,212 [pool-94-thread-1] INFO  server.RaftServerConfigKeys (ConfUtils.java:logGet(46)) - raft.server.log.write.buffer.size = 1048576 (custom)
2023-01-10 21:12:08,213 [EventQueue-OpenPipelineForHealthyPipelineSafeModeRule] INFO  safemode.SCMSafeModeManager (HealthyPipelineSafeModeRule.java:process(137)) - SCM in safe mode. Healthy pipelines reported count is 0, required healthy pipeline reported count is 1
2023-01-10 21:12:08,214 [pool-94-thread-1] INFO  server.RaftServerConfigKeys (ConfUtils.java:logGet(46)) - raft.server.log.appender.buffer.byte-limit = 33554432 (custom)
2023-01-10 21:12:08,224 [pool-94-thread-1] INFO  server.RaftServerConfigKeys (ConfUtils.java:logGet(46)) - raft.server.log.unsafe-flush.enabled = false (default)
2023-01-10 21:12:08,225 [pool-94-thread-1] INFO  server.RaftServerConfigKeys (ConfUtils.java:logGet(46)) - raft.server.log.async-flush.enabled = false (default)
2023-01-10 21:12:08,225 [pool-94-thread-1] INFO  server.RaftServerConfigKeys (ConfUtils.java:logGet(46)) - raft.server.log.statemachine.data.caching.enabled = true (custom)
2023-01-10 21:12:08,226 [pool-94-thread-1] INFO  segmented.SegmentedRaftLogWorker (SegmentedRaftLogWorker.java:lambda$new$0(135)) - 13a6dec5-f14a-4de7-a098-f6186ae4839d@group-9849CE3212CB-SegmentedRaftLogWorker: flushIndex: setUnconditionally 0 -> -1
2023-01-10 21:12:08,226 [pool-94-thread-1] INFO  segmented.SegmentedRaftLogWorker (SegmentedRaftLogWorker.java:lambda$new$0(135)) - 13a6dec5-f14a-4de7-a098-f6186ae4839d@group-9849CE3212CB-SegmentedRaftLogWorker: safeCacheEvictIndex: setUnconditionally 0 -> -1
2023-01-10 21:12:08,229 [pool-94-thread-1] INFO  server.RaftServer$Division (RaftServerImpl.java:start(334)) - 13a6dec5-f14a-4de7-a098-f6186ae4839d@group-9849CE3212CB: start as a follower, conf=-1: peers:[13a6dec5-f14a-4de7-a098-f6186ae4839d|rpc:10.1.0.46:35709|dataStream:10.1.0.46:43127|priority:1|startupRole:FOLLOWER]|listeners:[], old=null
2023-01-10 21:12:08,233 [pool-94-thread-1] INFO  server.RaftServer$Division (RaftServerImpl.java:setRole(321)) - 13a6dec5-f14a-4de7-a098-f6186ae4839d@group-9849CE3212CB: changes role from      null to FOLLOWER at term 0 for startAsFollower
2023-01-10 21:12:08,234 [pool-94-thread-1] INFO  impl.RoleInfo (RoleInfo.java:updateAndGet(139)) - 13a6dec5-f14a-4de7-a098-f6186ae4839d: start 13a6dec5-f14a-4de7-a098-f6186ae4839d@group-9849CE3212CB-FollowerState
2023-01-10 21:12:08,242 [pool-94-thread-1] INFO  util.JmxRegister (JmxRegister.java:tryRegister(44)) - Successfully registered JMX Bean with object name Ratis:service=RaftServer,group=group-9849CE3212CB,id=13a6dec5-f14a-4de7-a098-f6186ae4839d
2023-01-10 21:12:08,244 [pool-94-thread-1] INFO  server.RaftServerConfigKeys (ConfUtils.java:logGet(46)) - raft.server.snapshot.auto.trigger.enabled = true (custom)
2023-01-10 21:12:08,244 [pool-94-thread-1] INFO  server.RaftServerConfigKeys (ConfUtils.java:logGet(46)) - raft.server.snapshot.auto.trigger.threshold = 10000 (custom)
2023-01-10 21:12:08,244 [pool-94-thread-1] INFO  server.RaftServerConfigKeys (ConfUtils.java:logGet(46)) - raft.server.snapshot.retention.file.num = 5 (custom)
2023-01-10 21:12:08,244 [pool-94-thread-1] INFO  server.RaftServerConfigKeys (ConfUtils.java:logGet(46)) - raft.server.log.purge.upto.snapshot.index = false (default)
2023-01-10 21:12:08,251 [Command processor thread] INFO  ratis.XceiverServerRatis (XceiverServerRatis.java:addGroup(806)) - Created group PipelineID=416f0d9a-8e2d-4f49-be89-9849ce3212cb
2023-01-10 21:12:08,251 [13a6dec5-f14a-4de7-a098-f6186ae4839d@group-9849CE3212CB-FollowerState] INFO  server.RaftServerConfigKeys (ConfUtils.java:logFallback(53)) - raft.server.rpc.first-election.timeout.min = 5s (fallback to raft.server.rpc.timeout.min)
2023-01-10 21:12:08,251 [Command processor thread] INFO  commandhandler.CreatePipelineCommandHandler (CreatePipelineCommandHandler.java:handle(113)) - Created Pipeline RATIS ONE PipelineID=416f0d9a-8e2d-4f49-be89-9849ce3212cb.
2023-01-10 21:12:08,263 [Command processor thread] INFO  server.RaftServer (RaftServerProxy.java:addNew(96)) - 13a6dec5-f14a-4de7-a098-f6186ae4839d: addNew group-F14965801010:[6225d677-c2d1-455e-90bb-1529b9debcfd|rpc:10.1.0.46:40907|dataStream:10.1.0.46:45105|priority:0|startupRole:FOLLOWER, 13a6dec5-f14a-4de7-a098-f6186ae4839d|rpc:10.1.0.46:35709|dataStream:10.1.0.46:43127|priority:0|startupRole:FOLLOWER, 59f5c057-586b-4a1a-a0d5-0dbbd6701919|rpc:10.1.0.46:35981|dataStream:10.1.0.46:38953|priority:1|startupRole:FOLLOWER] returns group-F14965801010:java.util.concurrent.CompletableFuture@7ceffd4c[Not completed]
2023-01-10 21:12:08,263 [13a6dec5-f14a-4de7-a098-f6186ae4839d@group-9849CE3212CB-FollowerState] INFO  server.RaftServerConfigKeys (ConfUtils.java:logFallback(53)) - raft.server.rpc.first-election.timeout.max = 5200ms (fallback to raft.server.rpc.timeout.max)
2023-01-10 21:12:08,264 [pool-94-thread-1] INFO  server.RaftServer$Division (RaftServerImpl.java:<init>(195)) - 13a6dec5-f14a-4de7-a098-f6186ae4839d: new RaftServerImpl for group-F14965801010:[6225d677-c2d1-455e-90bb-1529b9debcfd|rpc:10.1.0.46:40907|dataStream:10.1.0.46:45105|priority:0|startupRole:FOLLOWER, 13a6dec5-f14a-4de7-a098-f6186ae4839d|rpc:10.1.0.46:35709|dataStream:10.1.0.46:43127|priority:0|startupRole:FOLLOWER, 59f5c057-586b-4a1a-a0d5-0dbbd6701919|rpc:10.1.0.46:35981|dataStream:10.1.0.46:38953|priority:1|startupRole:FOLLOWER] with ContainerStateMachine:uninitialized
2023-01-10 21:12:08,265 [pool-94-thread-1] INFO  server.RaftServerConfigKeys (ConfUtils.java:logGet(46)) - raft.server.rpc.timeout.min = 5s (custom)
2023-01-10 21:12:08,265 [pool-94-thread-1] INFO  server.RaftServerConfigKeys (ConfUtils.java:logGet(46)) - raft.server.rpc.timeout.max = 5200ms (custom)
2023-01-10 21:12:08,265 [pool-94-thread-1] INFO  server.RaftServerConfigKeys (ConfUtils.java:logGet(46)) - raft.server.rpc.sleep.time = 25ms (default)
2023-01-10 21:12:08,265 [pool-94-thread-1] INFO  server.RaftServerConfigKeys (ConfUtils.java:logGet(46)) - raft.server.rpc.slowness.timeout = 300s (custom)
2023-01-10 21:12:08,265 [pool-94-thread-1] INFO  server.RaftServerConfigKeys (ConfUtils.java:logGet(46)) - raft.server.leaderelection.leader.step-down.wait-time = 10s (default)
2023-01-10 21:12:08,265 [pool-94-thread-1] INFO  server.RaftServerConfigKeys (ConfUtils.java:logGet(46)) - raft.server.sleep.deviation.threshold = 300ms (default)
2023-01-10 21:12:08,266 [pool-94-thread-1] INFO  server.RaftServer$Division (ServerState.java:<init>(118)) - 13a6dec5-f14a-4de7-a098-f6186ae4839d@group-F14965801010: ConfigurationManager, init=-1: peers:[6225d677-c2d1-455e-90bb-1529b9debcfd|rpc:10.1.0.46:40907|dataStream:10.1.0.46:45105|priority:0|startupRole:FOLLOWER, 13a6dec5-f14a-4de7-a098-f6186ae4839d|rpc:10.1.0.46:35709|dataStream:10.1.0.46:43127|priority:0|startupRole:FOLLOWER, 59f5c057-586b-4a1a-a0d5-0dbbd6701919|rpc:10.1.0.46:35981|dataStream:10.1.0.46:38953|priority:1|startupRole:FOLLOWER]|listeners:[], old=null, confs=<EMPTY_MAP>
2023-01-10 21:12:08,266 [pool-94-thread-1] INFO  server.RaftServerConfigKeys (ConfUtils.java:logGet(46)) - raft.server.storage.dir = [/home/runner/work/ozone/ozone/hadoop-ozone/integration-test/target/test-dir/MiniOzoneClusterImpl-19fb9fdf-8a8f-4927-bd4c-ee6195d64daa/datanode-1/data/ratis] (custom)
2023-01-10 21:12:08,266 [pool-94-thread-1] INFO  server.RaftServerConfigKeys (ConfUtils.java:logGet(46)) - raft.server.log.corruption.policy = EXCEPTION (default)
2023-01-10 21:12:08,266 [pool-94-thread-1] INFO  server.RaftServerConfigKeys (ConfUtils.java:logGet(46)) - raft.server.storage.free-space.min = 0MB (=0) (default)
2023-01-10 21:12:08,266 [pool-94-thread-1] INFO  server.RaftServerConfigKeys (ConfUtils.java:logGet(46)) - raft.server.notification.no-leader.timeout = 300s (custom)
2023-01-10 21:12:08,266 [pool-94-thread-1] INFO  server.RaftServerConfigKeys (ConfUtils.java:logGet(46)) - raft.server.retrycache.expirytime = 600000ms (custom)
2023-01-10 21:12:08,266 [pool-94-thread-1] INFO  server.RaftServerConfigKeys (ConfUtils.java:logGet(46)) - raft.server.retrycache.statistics.expirytime = 100μs (default)
2023-01-10 21:12:08,268 [pool-94-thread-1] INFO  server.RaftServerConfigKeys (ConfUtils.java:logGet(46)) - raft.server.log.appender.install.snapshot.enabled = false (custom)
2023-01-10 21:12:08,268 [pool-94-thread-1] INFO  server.RaftServerConfigKeys (ConfUtils.java:logGet(46)) - raft.server.threadpool.server.cached = true (default)
2023-01-10 21:12:08,268 [pool-94-thread-1] INFO  server.RaftServerConfigKeys (ConfUtils.java:logGet(46)) - raft.server.threadpool.server.size = 0 (default)
2023-01-10 21:12:08,268 [pool-94-thread-1] INFO  server.RaftServerConfigKeys (ConfUtils.java:logGet(46)) - raft.server.threadpool.client.cached = true (default)
2023-01-10 21:12:08,268 [pool-94-thread-1] INFO  server.RaftServerConfigKeys (ConfUtils.java:logGet(46)) - raft.server.threadpool.client.size = 0 (default)
2023-01-10 21:12:08,268 [pool-94-thread-1] INFO  storage.RaftStorageDirectory (RaftStorageDirectoryImpl.java:analyzeStorage(137)) - The storage directory /home/runner/work/ozone/ozone/hadoop-ozone/integration-test/target/test-dir/MiniOzoneClusterImpl-19fb9fdf-8a8f-4927-bd4c-ee6195d64daa/datanode-1/data/ratis/12ca2beb-e17b-4ac1-8bf8-f14965801010 does not exist. Creating ...
2023-01-10 21:12:08,272 [pool-94-thread-1] INFO  storage.RaftStorageDirectory (RaftStorageDirectoryImpl.java:tryLock(231)) - Lock on /home/runner/work/ozone/ozone/hadoop-ozone/integration-test/target/test-dir/MiniOzoneClusterImpl-19fb9fdf-8a8f-4927-bd4c-ee6195d64daa/datanode-1/data/ratis/12ca2beb-e17b-4ac1-8bf8-f14965801010/in_use.lock acquired by nodename 94838@fv-az502-119
2023-01-10 21:12:08,274 [pool-94-thread-1] INFO  storage.RaftStorage (RaftStorageImpl.java:format(96)) - Storage directory /home/runner/work/ozone/ozone/hadoop-ozone/integration-test/target/test-dir/MiniOzoneClusterImpl-19fb9fdf-8a8f-4927-bd4c-ee6195d64daa/datanode-1/data/ratis/12ca2beb-e17b-4ac1-8bf8-f14965801010 has been successfully formatted.
2023-01-10 21:12:08,274 [pool-94-thread-1] INFO  ratis.ContainerStateMachine (ContainerStateMachine.java:loadSnapshot(240)) - group-F14965801010: The snapshot info is null. Setting the last applied indexto:(t:0, i:~)
2023-01-10 21:12:08,274 [pool-94-thread-1] INFO  server.RaftServerConfigKeys (ConfUtils.java:logGet(46)) - raft.server.log.use.memory = false (default)
2023-01-10 21:12:08,274 [pool-94-thread-1] INFO  server.RaftServerConfigKeys (ConfUtils.java:logGet(46)) - raft.server.log.purge.gap = 1000000 (custom)
2023-01-10 21:12:08,274 [pool-94-thread-1] INFO  server.RaftServerConfigKeys (ConfUtils.java:logGet(46)) - raft.server.log.appender.buffer.byte-limit = 33554432 (custom)
2023-01-10 21:12:08,274 [pool-94-thread-1] INFO  server.RaftServerConfigKeys (ConfUtils.java:logGet(46)) - raft.server.log.statemachine.data.read.timeout = 1000ms (default)
2023-01-10 21:12:08,274 [pool-94-thread-1] INFO  server.RaftServerConfigKeys (ConfUtils.java:logGet(46)) - raft.server.log.purge.preservation.log.num = 0 (default)
2023-01-10 21:12:08,275 [pool-94-thread-1] INFO  server.RaftServerConfigKeys (ConfUtils.java:logGet(46)) - raft.server.log.segment.size.max = 1048576 (custom)
2023-01-10 21:12:08,275 [pool-94-thread-1] INFO  server.RaftServerConfigKeys (ConfUtils.java:logGet(46)) - raft.server.log.segment.cache.num.max = 2 (custom)
2023-01-10 21:12:08,275 [pool-94-thread-1] INFO  server.RaftServerConfigKeys (ConfUtils.java:logGet(46)) - raft.server.log.segment.cache.size.max = 200MB (=209715200) (default)
2023-01-10 21:12:08,275 [pool-94-thread-1] INFO  segmented.SegmentedRaftLogWorker (SegmentedRaftLogWorker.java:<init>(189)) - new 13a6dec5-f14a-4de7-a098-f6186ae4839d@group-F14965801010-SegmentedRaftLogWorker for RaftStorageImpl:Storage Directory /home/runner/work/ozone/ozone/hadoop-ozone/integration-test/target/test-dir/MiniOzoneClusterImpl-19fb9fdf-8a8f-4927-bd4c-ee6195d64daa/datanode-1/data/ratis/12ca2beb-e17b-4ac1-8bf8-f14965801010
2023-01-10 21:12:08,275 [pool-94-thread-1] INFO  server.RaftServerConfigKeys (ConfUtils.java:logGet(46)) - raft.server.log.queue.byte-limit = 4294967296 (custom)
2023-01-10 21:12:08,276 [pool-94-thread-1] INFO  server.RaftServerConfigKeys (ConfUtils.java:logGet(46)) - raft.server.log.queue.element-limit = 1024 (custom)
2023-01-10 21:12:08,276 [pool-94-thread-1] INFO  server.RaftServerConfigKeys (ConfUtils.java:logGet(46)) - raft.server.log.segment.size.max = 1048576 (custom)
2023-01-10 21:12:08,276 [pool-94-thread-1] INFO  server.RaftServerConfigKeys (ConfUtils.java:logGet(46)) - raft.server.log.preallocated.size = 16384 (custom)
2023-01-10 21:12:08,276 [pool-94-thread-1] INFO  server.RaftServerConfigKeys (ConfUtils.java:logGet(46)) - raft.server.log.force.sync.num = 128 (default)
2023-01-10 21:12:08,276 [pool-94-thread-1] INFO  server.RaftServerConfigKeys (ConfUtils.java:logGet(46)) - raft.server.log.statemachine.data.sync = true (default)
2023-01-10 21:12:08,276 [pool-94-thread-1] INFO  server.RaftServerConfigKeys (ConfUtils.java:logGet(46)) - raft.server.log.statemachine.data.sync.timeout = 10s (default)
2023-01-10 21:12:08,276 [pool-94-thread-1] INFO  server.RaftServerConfigKeys (ConfUtils.java:logGet(46)) - raft.server.log.statemachine.data.sync.timeout.retry = -1 (default)
2023-01-10 21:12:08,278 [pool-94-thread-1] INFO  server.RaftServerConfigKeys (ConfUtils.java:logGet(46)) - raft.server.log.write.buffer.size = 1048576 (custom)
2023-01-10 21:12:08,279 [pool-94-thread-1] INFO  server.RaftServerConfigKeys (ConfUtils.java:logGet(46)) - raft.server.log.appender.buffer.byte-limit = 33554432 (custom)
2023-01-10 21:12:08,282 | INFO  | SCMAudit | user=runner | ip=10.1.0.46 | op=SEND_HEARTBEAT {datanodeUUID=13a6dec5-f14a-4de7-a098-f6186ae4839d, term=-1, command=[]} | ret=SUCCESS |  
2023-01-10 21:12:08,283 [EventQueue-OpenPipelineForHealthyPipelineSafeModeRule] INFO  safemode.SCMSafeModeManager (HealthyPipelineSafeModeRule.java:process(137)) - SCM in safe mode. Healthy pipelines reported count is 0, required healthy pipeline reported count is 1
2023-01-10 21:12:08,288 [pool-94-thread-1] INFO  server.RaftServerConfigKeys (ConfUtils.java:logGet(46)) - raft.server.log.unsafe-flush.enabled = false (default)
2023-01-10 21:12:08,297 [pool-94-thread-1] INFO  server.RaftServerConfigKeys (ConfUtils.java:logGet(46)) - raft.server.log.async-flush.enabled = false (default)
2023-01-10 21:12:08,297 [pool-94-thread-1] INFO  server.RaftServerConfigKeys (ConfUtils.java:logGet(46)) - raft.server.log.statemachine.data.caching.enabled = true (custom)
2023-01-10 21:12:08,298 [pool-94-thread-1] INFO  segmented.SegmentedRaftLogWorker (SegmentedRaftLogWorker.java:lambda$new$0(135)) - 13a6dec5-f14a-4de7-a098-f6186ae4839d@group-F14965801010-SegmentedRaftLogWorker: flushIndex: setUnconditionally 0 -> -1
2023-01-10 21:12:08,298 [pool-94-thread-1] INFO  segmented.SegmentedRaftLogWorker (SegmentedRaftLogWorker.java:lambda$new$0(135)) - 13a6dec5-f14a-4de7-a098-f6186ae4839d@group-F14965801010-SegmentedRaftLogWorker: safeCacheEvictIndex: setUnconditionally 0 -> -1
2023-01-10 21:12:08,303 [pool-94-thread-1] INFO  server.RaftServer$Division (RaftServerImpl.java:start(334)) - 13a6dec5-f14a-4de7-a098-f6186ae4839d@group-F14965801010: start as a follower, conf=-1: peers:[6225d677-c2d1-455e-90bb-1529b9debcfd|rpc:10.1.0.46:40907|dataStream:10.1.0.46:45105|priority:0|startupRole:FOLLOWER, 13a6dec5-f14a-4de7-a098-f6186ae4839d|rpc:10.1.0.46:35709|dataStream:10.1.0.46:43127|priority:0|startupRole:FOLLOWER, 59f5c057-586b-4a1a-a0d5-0dbbd6701919|rpc:10.1.0.46:35981|dataStream:10.1.0.46:38953|priority:1|startupRole:FOLLOWER]|listeners:[], old=null
2023-01-10 21:12:08,303 [pool-94-thread-1] INFO  server.RaftServer$Division (RaftServerImpl.java:setRole(321)) - 13a6dec5-f14a-4de7-a098-f6186ae4839d@group-F14965801010: changes role from      null to FOLLOWER at term 0 for startAsFollower
2023-01-10 21:12:08,303 [pool-94-thread-1] INFO  impl.RoleInfo (RoleInfo.java:updateAndGet(139)) - 13a6dec5-f14a-4de7-a098-f6186ae4839d: start 13a6dec5-f14a-4de7-a098-f6186ae4839d@group-F14965801010-FollowerState
2023-01-10 21:12:08,310 [pool-94-thread-1] INFO  util.JmxRegister (JmxRegister.java:tryRegister(44)) - Successfully registered JMX Bean with object name Ratis:service=RaftServer,group=group-F14965801010,id=13a6dec5-f14a-4de7-a098-f6186ae4839d
2023-01-10 21:12:08,310 [pool-94-thread-1] INFO  server.RaftServerConfigKeys (ConfUtils.java:logGet(46)) - raft.server.snapshot.auto.trigger.enabled = true (custom)
2023-01-10 21:12:08,310 [pool-94-thread-1] INFO  server.RaftServerConfigKeys (ConfUtils.java:logGet(46)) - raft.server.snapshot.auto.trigger.threshold = 10000 (custom)
2023-01-10 21:12:08,310 [pool-94-thread-1] INFO  server.RaftServerConfigKeys (ConfUtils.java:logGet(46)) - raft.server.snapshot.retention.file.num = 5 (custom)
2023-01-10 21:12:08,310 [pool-94-thread-1] INFO  server.RaftServerConfigKeys (ConfUtils.java:logGet(46)) - raft.server.log.purge.upto.snapshot.index = false (default)
2023-01-10 21:12:08,319 [Command processor thread] INFO  ratis.XceiverServerRatis (XceiverServerRatis.java:addGroup(806)) - Created group PipelineID=12ca2beb-e17b-4ac1-8bf8-f14965801010
2023-01-10 21:12:08,323 [13a6dec5-f14a-4de7-a098-f6186ae4839d@group-F14965801010-FollowerState] INFO  server.RaftServerConfigKeys (ConfUtils.java:logFallback(53)) - raft.server.rpc.first-election.timeout.min = 5s (fallback to raft.server.rpc.timeout.min)
2023-01-10 21:12:08,324 [13a6dec5-f14a-4de7-a098-f6186ae4839d@group-F14965801010-FollowerState] INFO  server.RaftServerConfigKeys (ConfUtils.java:logFallback(53)) - raft.server.rpc.first-election.timeout.max = 5200ms (fallback to raft.server.rpc.timeout.max)
2023-01-10 21:12:08,605 | INFO  | SCMAudit | user=runner | ip=10.1.0.46 | op=SEND_HEARTBEAT {datanodeUUID=6225d677-c2d1-455e-90bb-1529b9debcfd, term=-1, command=[]} | ret=SUCCESS |  
2023-01-10 21:12:08,608 [Listener at 127.0.0.1/46425] INFO  ozone.MiniOzoneClusterImpl (MiniOzoneClusterImpl.java:lambda$waitForClusterToBeReady$0(218)) - Nodes are ready. Got 3 of 3 DN Heartbeats.
2023-01-10 21:12:08,609 [Listener at 127.0.0.1/46425] INFO  ozone.MiniOzoneClusterImpl (MiniOzoneClusterImpl.java:lambda$waitForClusterToBeReady$0(221)) - Waiting for cluster to exit safe mode
2023-01-10 21:12:08,609 [Listener at 127.0.0.1/46425] INFO  ozone.MiniOzoneClusterImpl (MiniOzoneClusterImpl.java:lambda$waitForClusterToBeReady$0(223)) - SCM became leader
2023-01-10 21:12:08,611 | INFO  | SCMAudit | user=runner | ip=10.1.0.46 | op=SEND_HEARTBEAT {datanodeUUID=59f5c057-586b-4a1a-a0d5-0dbbd6701919, term=-1, command=[]} | ret=SUCCESS |  
2023-01-10 21:12:08,613 [Command processor thread] INFO  server.RaftServer (RaftServerProxy.java:addNew(96)) - 59f5c057-586b-4a1a-a0d5-0dbbd6701919: addNew group-1893A536954F:[59f5c057-586b-4a1a-a0d5-0dbbd6701919|rpc:10.1.0.46:35981|dataStream:10.1.0.46:38953|priority:1|startupRole:FOLLOWER] returns group-1893A536954F:java.util.concurrent.CompletableFuture@7527a90a[Not completed]
2023-01-10 21:12:08,615 [pool-117-thread-1] INFO  server.RaftServer$Division (RaftServerImpl.java:<init>(195)) - 59f5c057-586b-4a1a-a0d5-0dbbd6701919: new RaftServerImpl for group-1893A536954F:[59f5c057-586b-4a1a-a0d5-0dbbd6701919|rpc:10.1.0.46:35981|dataStream:10.1.0.46:38953|priority:1|startupRole:FOLLOWER] with ContainerStateMachine:uninitialized
2023-01-10 21:12:08,615 [pool-117-thread-1] INFO  server.RaftServerConfigKeys (ConfUtils.java:logGet(46)) - raft.server.rpc.timeout.min = 5s (custom)
2023-01-10 21:12:08,615 [pool-117-thread-1] INFO  server.RaftServerConfigKeys (ConfUtils.java:logGet(46)) - raft.server.rpc.timeout.max = 5200ms (custom)
2023-01-10 21:12:08,615 [pool-117-thread-1] INFO  server.RaftServerConfigKeys (ConfUtils.java:logGet(46)) - raft.server.rpc.sleep.time = 25ms (default)
2023-01-10 21:12:08,615 [pool-117-thread-1] INFO  server.RaftServerConfigKeys (ConfUtils.java:logGet(46)) - raft.server.rpc.slowness.timeout = 300s (custom)
2023-01-10 21:12:08,615 [pool-117-thread-1] INFO  server.RaftServerConfigKeys (ConfUtils.java:logGet(46)) - raft.server.leaderelection.leader.step-down.wait-time = 10s (default)
2023-01-10 21:12:08,615 [pool-117-thread-1] INFO  server.RaftServerConfigKeys (ConfUtils.java:logGet(46)) - raft.server.sleep.deviation.threshold = 300ms (default)
2023-01-10 21:12:08,616 [pool-117-thread-1] INFO  server.RaftServer$Division (ServerState.java:<init>(118)) - 59f5c057-586b-4a1a-a0d5-0dbbd6701919@group-1893A536954F: ConfigurationManager, init=-1: peers:[59f5c057-586b-4a1a-a0d5-0dbbd6701919|rpc:10.1.0.46:35981|dataStream:10.1.0.46:38953|priority:1|startupRole:FOLLOWER]|listeners:[], old=null, confs=<EMPTY_MAP>
2023-01-10 21:12:08,616 [pool-117-thread-1] INFO  server.RaftServerConfigKeys (ConfUtils.java:logGet(46)) - raft.server.storage.dir = [/home/runner/work/ozone/ozone/hadoop-ozone/integration-test/target/test-dir/MiniOzoneClusterImpl-19fb9fdf-8a8f-4927-bd4c-ee6195d64daa/datanode-2/data/ratis] (custom)
2023-01-10 21:12:08,616 [pool-117-thread-1] INFO  server.RaftServerConfigKeys (ConfUtils.java:logGet(46)) - raft.server.log.corruption.policy = EXCEPTION (default)
2023-01-10 21:12:08,616 [pool-117-thread-1] INFO  server.RaftServerConfigKeys (ConfUtils.java:logGet(46)) - raft.server.storage.free-space.min = 0MB (=0) (default)
2023-01-10 21:12:08,616 [pool-117-thread-1] INFO  server.RaftServerConfigKeys (ConfUtils.java:logGet(46)) - raft.server.notification.no-leader.timeout = 300s (custom)
2023-01-10 21:12:08,616 [pool-117-thread-1] INFO  server.RaftServerConfigKeys (ConfUtils.java:logGet(46)) - raft.server.retrycache.expirytime = 600000ms (custom)
2023-01-10 21:12:08,616 [pool-117-thread-1] INFO  server.RaftServerConfigKeys (ConfUtils.java:logGet(46)) - raft.server.retrycache.statistics.expirytime = 100μs (default)
2023-01-10 21:12:08,624 [pool-117-thread-1] INFO  server.RaftServerConfigKeys (ConfUtils.java:logGet(46)) - raft.server.log.appender.install.snapshot.enabled = false (custom)
2023-01-10 21:12:08,624 [pool-117-thread-1] INFO  server.RaftServerConfigKeys (ConfUtils.java:logGet(46)) - raft.server.threadpool.server.cached = true (default)
2023-01-10 21:12:08,624 [pool-117-thread-1] INFO  server.RaftServerConfigKeys (ConfUtils.java:logGet(46)) - raft.server.threadpool.server.size = 0 (default)
2023-01-10 21:12:08,624 [pool-117-thread-1] INFO  server.RaftServerConfigKeys (ConfUtils.java:logGet(46)) - raft.server.threadpool.client.cached = true (default)
2023-01-10 21:12:08,624 [pool-117-thread-1] INFO  server.RaftServerConfigKeys (ConfUtils.java:logGet(46)) - raft.server.threadpool.client.size = 0 (default)
2023-01-10 21:12:08,625 [pool-117-thread-1] INFO  storage.RaftStorageDirectory (RaftStorageDirectoryImpl.java:analyzeStorage(137)) - The storage directory /home/runner/work/ozone/ozone/hadoop-ozone/integration-test/target/test-dir/MiniOzoneClusterImpl-19fb9fdf-8a8f-4927-bd4c-ee6195d64daa/datanode-2/data/ratis/752b825c-ee98-4dd6-94b8-1893a536954f does not exist. Creating ...
2023-01-10 21:12:08,626 [pool-117-thread-1] INFO  storage.RaftStorageDirectory (RaftStorageDirectoryImpl.java:tryLock(231)) - Lock on /home/runner/work/ozone/ozone/hadoop-ozone/integration-test/target/test-dir/MiniOzoneClusterImpl-19fb9fdf-8a8f-4927-bd4c-ee6195d64daa/datanode-2/data/ratis/752b825c-ee98-4dd6-94b8-1893a536954f/in_use.lock acquired by nodename 94838@fv-az502-119
2023-01-10 21:12:08,628 [pool-117-thread-1] INFO  storage.RaftStorage (RaftStorageImpl.java:format(96)) - Storage directory /home/runner/work/ozone/ozone/hadoop-ozone/integration-test/target/test-dir/MiniOzoneClusterImpl-19fb9fdf-8a8f-4927-bd4c-ee6195d64daa/datanode-2/data/ratis/752b825c-ee98-4dd6-94b8-1893a536954f has been successfully formatted.
2023-01-10 21:12:08,629 [pool-117-thread-1] INFO  ratis.ContainerStateMachine (ContainerStateMachine.java:loadSnapshot(240)) - group-1893A536954F: The snapshot info is null. Setting the last applied indexto:(t:0, i:~)
2023-01-10 21:12:08,629 [pool-117-thread-1] INFO  server.RaftServerConfigKeys (ConfUtils.java:logGet(46)) - raft.server.log.use.memory = false (default)
2023-01-10 21:12:08,629 [pool-117-thread-1] INFO  server.RaftServerConfigKeys (ConfUtils.java:logGet(46)) - raft.server.log.purge.gap = 1000000 (custom)
2023-01-10 21:12:08,629 [pool-117-thread-1] INFO  server.RaftServerConfigKeys (ConfUtils.java:logGet(46)) - raft.server.log.appender.buffer.byte-limit = 33554432 (custom)
2023-01-10 21:12:08,629 [pool-117-thread-1] INFO  server.RaftServerConfigKeys (ConfUtils.java:logGet(46)) - raft.server.log.statemachine.data.read.timeout = 1000ms (default)
2023-01-10 21:12:08,629 [pool-117-thread-1] INFO  server.RaftServerConfigKeys (ConfUtils.java:logGet(46)) - raft.server.log.purge.preservation.log.num = 0 (default)
2023-01-10 21:12:08,630 [pool-117-thread-1] INFO  server.RaftServerConfigKeys (ConfUtils.java:logGet(46)) - raft.server.log.segment.size.max = 1048576 (custom)
2023-01-10 21:12:08,635 | INFO  | SCMAudit | user=runner | ip=10.1.0.46 | op=SEND_HEARTBEAT {datanodeUUID=59f5c057-586b-4a1a-a0d5-0dbbd6701919, term=-1, command=[]} | ret=SUCCESS |  
2023-01-10 21:12:08,635 [EventQueue-PipelineReportForPipelineReportHandler] INFO  pipeline.PipelineManagerImpl (PipelineManagerImpl.java:openPipeline(367)) - Pipeline Pipeline[ Id: 752b825c-ee98-4dd6-94b8-1893a536954f, Nodes: 59f5c057-586b-4a1a-a0d5-0dbbd6701919(fv-az502-119/10.1.0.46), ReplicationConfig: RATIS/ONE, State:ALLOCATED, leaderId:59f5c057-586b-4a1a-a0d5-0dbbd6701919, CreationTimestamp2023-01-10T21:12:05.612Z[Etc/UTC]] moved to OPEN state
2023-01-10 21:12:08,638 [EventQueue-OpenPipelineForHealthyPipelineSafeModeRule] INFO  safemode.SCMSafeModeManager (HealthyPipelineSafeModeRule.java:process(137)) - SCM in safe mode. Healthy pipelines reported count is 0, required healthy pipeline reported count is 1
2023-01-10 21:12:08,639 [pool-117-thread-1] INFO  server.RaftServerConfigKeys (ConfUtils.java:logGet(46)) - raft.server.log.segment.cache.num.max = 2 (custom)
2023-01-10 21:12:08,640 [pool-117-thread-1] INFO  server.RaftServerConfigKeys (ConfUtils.java:logGet(46)) - raft.server.log.segment.cache.size.max = 200MB (=209715200) (default)
2023-01-10 21:12:08,640 [pool-117-thread-1] INFO  segmented.SegmentedRaftLogWorker (SegmentedRaftLogWorker.java:<init>(189)) - new 59f5c057-586b-4a1a-a0d5-0dbbd6701919@group-1893A536954F-SegmentedRaftLogWorker for RaftStorageImpl:Storage Directory /home/runner/work/ozone/ozone/hadoop-ozone/integration-test/target/test-dir/MiniOzoneClusterImpl-19fb9fdf-8a8f-4927-bd4c-ee6195d64daa/datanode-2/data/ratis/752b825c-ee98-4dd6-94b8-1893a536954f
2023-01-10 21:12:08,640 [pool-117-thread-1] INFO  server.RaftServerConfigKeys (ConfUtils.java:logGet(46)) - raft.server.log.queue.byte-limit = 4294967296 (custom)
2023-01-10 21:12:08,640 [pool-117-thread-1] INFO  server.RaftServerConfigKeys (ConfUtils.java:logGet(46)) - raft.server.log.queue.element-limit = 1024 (custom)
2023-01-10 21:12:08,640 [pool-117-thread-1] INFO  server.RaftServerConfigKeys (ConfUtils.java:logGet(46)) - raft.server.log.segment.size.max = 1048576 (custom)
2023-01-10 21:12:08,640 [pool-117-thread-1] INFO  server.RaftServerConfigKeys (ConfUtils.java:logGet(46)) - raft.server.log.preallocated.size = 16384 (custom)
2023-01-10 21:12:08,641 [pool-117-thread-1] INFO  server.RaftServerConfigKeys (ConfUtils.java:logGet(46)) - raft.server.log.force.sync.num = 128 (default)
2023-01-10 21:12:08,641 [pool-117-thread-1] INFO  server.RaftServerConfigKeys (ConfUtils.java:logGet(46)) - raft.server.log.statemachine.data.sync = true (default)
2023-01-10 21:12:08,641 [pool-117-thread-1] INFO  server.RaftServerConfigKeys (ConfUtils.java:logGet(46)) - raft.server.log.statemachine.data.sync.timeout = 10s (default)
2023-01-10 21:12:08,641 [pool-117-thread-1] INFO  server.RaftServerConfigKeys (ConfUtils.java:logGet(46)) - raft.server.log.statemachine.data.sync.timeout.retry = -1 (default)
2023-01-10 21:12:08,642 [pool-117-thread-1] INFO  server.RaftServerConfigKeys (ConfUtils.java:logGet(46)) - raft.server.log.write.buffer.size = 1048576 (custom)
2023-01-10 21:12:08,642 [pool-117-thread-1] INFO  server.RaftServerConfigKeys (ConfUtils.java:logGet(46)) - raft.server.log.appender.buffer.byte-limit = 33554432 (custom)
2023-01-10 21:12:08,648 [pool-117-thread-1] INFO  server.RaftServerConfigKeys (ConfUtils.java:logGet(46)) - raft.server.log.unsafe-flush.enabled = false (default)
2023-01-10 21:12:08,648 [pool-117-thread-1] INFO  server.RaftServerConfigKeys (ConfUtils.java:logGet(46)) - raft.server.log.async-flush.enabled = false (default)
2023-01-10 21:12:08,648 [pool-117-thread-1] INFO  server.RaftServerConfigKeys (ConfUtils.java:logGet(46)) - raft.server.log.statemachine.data.caching.enabled = true (custom)
2023-01-10 21:12:08,648 [pool-117-thread-1] INFO  segmented.SegmentedRaftLogWorker (SegmentedRaftLogWorker.java:lambda$new$0(135)) - 59f5c057-586b-4a1a-a0d5-0dbbd6701919@group-1893A536954F-SegmentedRaftLogWorker: flushIndex: setUnconditionally 0 -> -1
2023-01-10 21:12:08,648 [pool-117-thread-1] INFO  segmented.SegmentedRaftLogWorker (SegmentedRaftLogWorker.java:lambda$new$0(135)) - 59f5c057-586b-4a1a-a0d5-0dbbd6701919@group-1893A536954F-SegmentedRaftLogWorker: safeCacheEvictIndex: setUnconditionally 0 -> -1
2023-01-10 21:12:08,649 [pool-117-thread-1] INFO  server.RaftServer$Division (RaftServerImpl.java:start(334)) - 59f5c057-586b-4a1a-a0d5-0dbbd6701919@group-1893A536954F: start as a follower, conf=-1: peers:[59f5c057-586b-4a1a-a0d5-0dbbd6701919|rpc:10.1.0.46:35981|dataStream:10.1.0.46:38953|priority:1|startupRole:FOLLOWER]|listeners:[], old=null
2023-01-10 21:12:08,649 [pool-117-thread-1] INFO  server.RaftServer$Division (RaftServerImpl.java:setRole(321)) - 59f5c057-586b-4a1a-a0d5-0dbbd6701919@group-1893A536954F: changes role from      null to FOLLOWER at term 0 for startAsFollower
2023-01-10 21:12:08,649 [pool-117-thread-1] INFO  impl.RoleInfo (RoleInfo.java:updateAndGet(139)) - 59f5c057-586b-4a1a-a0d5-0dbbd6701919: start 59f5c057-586b-4a1a-a0d5-0dbbd6701919@group-1893A536954F-FollowerState
2023-01-10 21:12:08,658 [pool-117-thread-1] INFO  util.JmxRegister (JmxRegister.java:tryRegister(44)) - Successfully registered JMX Bean with object name Ratis:service=RaftServer,group=group-1893A536954F,id=59f5c057-586b-4a1a-a0d5-0dbbd6701919
2023-01-10 21:12:08,658 [pool-117-thread-1] INFO  server.RaftServerConfigKeys (ConfUtils.java:logGet(46)) - raft.server.snapshot.auto.trigger.enabled = true (custom)
2023-01-10 21:12:08,658 [pool-117-thread-1] INFO  server.RaftServerConfigKeys (ConfUtils.java:logGet(46)) - raft.server.snapshot.auto.trigger.threshold = 10000 (custom)
2023-01-10 21:12:08,658 [pool-117-thread-1] INFO  server.RaftServerConfigKeys (ConfUtils.java:logGet(46)) - raft.server.snapshot.retention.file.num = 5 (custom)
2023-01-10 21:12:08,658 [pool-117-thread-1] INFO  server.RaftServerConfigKeys (ConfUtils.java:logGet(46)) - raft.server.log.purge.upto.snapshot.index = false (default)
2023-01-10 21:12:08,659 [59f5c057-586b-4a1a-a0d5-0dbbd6701919@group-1893A536954F-FollowerState] INFO  server.RaftServerConfigKeys (ConfUtils.java:logFallback(53)) - raft.server.rpc.first-election.timeout.min = 5s (fallback to raft.server.rpc.timeout.min)
2023-01-10 21:12:08,659 [59f5c057-586b-4a1a-a0d5-0dbbd6701919@group-1893A536954F-FollowerState] INFO  server.RaftServerConfigKeys (ConfUtils.java:logFallback(53)) - raft.server.rpc.first-election.timeout.max = 5200ms (fallback to raft.server.rpc.timeout.max)
2023-01-10 21:12:08,662 [Command processor thread] INFO  ratis.XceiverServerRatis (XceiverServerRatis.java:addGroup(806)) - Created group PipelineID=752b825c-ee98-4dd6-94b8-1893a536954f
2023-01-10 21:12:08,663 [Command processor thread] INFO  commandhandler.CreatePipelineCommandHandler (CreatePipelineCommandHandler.java:handle(113)) - Created Pipeline RATIS ONE PipelineID=752b825c-ee98-4dd6-94b8-1893a536954f.
2023-01-10 21:12:08,663 [Command processor thread] INFO  server.RaftServer (RaftServerProxy.java:addNew(96)) - 59f5c057-586b-4a1a-a0d5-0dbbd6701919: addNew group-F14965801010:[6225d677-c2d1-455e-90bb-1529b9debcfd|rpc:10.1.0.46:40907|dataStream:10.1.0.46:45105|priority:0|startupRole:FOLLOWER, 13a6dec5-f14a-4de7-a098-f6186ae4839d|rpc:10.1.0.46:35709|dataStream:10.1.0.46:43127|priority:0|startupRole:FOLLOWER, 59f5c057-586b-4a1a-a0d5-0dbbd6701919|rpc:10.1.0.46:35981|dataStream:10.1.0.46:38953|priority:1|startupRole:FOLLOWER] returns group-F14965801010:java.util.concurrent.CompletableFuture@71182376[Not completed]
2023-01-10 21:12:08,664 [pool-117-thread-1] INFO  server.RaftServer$Division (RaftServerImpl.java:<init>(195)) - 59f5c057-586b-4a1a-a0d5-0dbbd6701919: new RaftServerImpl for group-F14965801010:[6225d677-c2d1-455e-90bb-1529b9debcfd|rpc:10.1.0.46:40907|dataStream:10.1.0.46:45105|priority:0|startupRole:FOLLOWER, 13a6dec5-f14a-4de7-a098-f6186ae4839d|rpc:10.1.0.46:35709|dataStream:10.1.0.46:43127|priority:0|startupRole:FOLLOWER, 59f5c057-586b-4a1a-a0d5-0dbbd6701919|rpc:10.1.0.46:35981|dataStream:10.1.0.46:38953|priority:1|startupRole:FOLLOWER] with ContainerStateMachine:uninitialized
2023-01-10 21:12:08,664 [pool-117-thread-1] INFO  server.RaftServerConfigKeys (ConfUtils.java:logGet(46)) - raft.server.rpc.timeout.min = 5s (custom)
2023-01-10 21:12:08,664 [pool-117-thread-1] INFO  server.RaftServerConfigKeys (ConfUtils.java:logGet(46)) - raft.server.rpc.timeout.max = 5200ms (custom)
2023-01-10 21:12:08,664 [pool-117-thread-1] INFO  server.RaftServerConfigKeys (ConfUtils.java:logGet(46)) - raft.server.rpc.sleep.time = 25ms (default)
2023-01-10 21:12:08,665 [pool-117-thread-1] INFO  server.RaftServerConfigKeys (ConfUtils.java:logGet(46)) - raft.server.rpc.slowness.timeout = 300s (custom)
2023-01-10 21:12:08,665 [pool-117-thread-1] INFO  server.RaftServerConfigKeys (ConfUtils.java:logGet(46)) - raft.server.leaderelection.leader.step-down.wait-time = 10s (default)
2023-01-10 21:12:08,665 [pool-117-thread-1] INFO  server.RaftServerConfigKeys (ConfUtils.java:logGet(46)) - raft.server.sleep.deviation.threshold = 300ms (default)
2023-01-10 21:12:08,665 [pool-117-thread-1] INFO  server.RaftServer$Division (ServerState.java:<init>(118)) - 59f5c057-586b-4a1a-a0d5-0dbbd6701919@group-F14965801010: ConfigurationManager, init=-1: peers:[6225d677-c2d1-455e-90bb-1529b9debcfd|rpc:10.1.0.46:40907|dataStream:10.1.0.46:45105|priority:0|startupRole:FOLLOWER, 13a6dec5-f14a-4de7-a098-f6186ae4839d|rpc:10.1.0.46:35709|dataStream:10.1.0.46:43127|priority:0|startupRole:FOLLOWER, 59f5c057-586b-4a1a-a0d5-0dbbd6701919|rpc:10.1.0.46:35981|dataStream:10.1.0.46:38953|priority:1|startupRole:FOLLOWER]|listeners:[], old=null, confs=<EMPTY_MAP>
2023-01-10 21:12:08,665 [pool-117-thread-1] INFO  server.RaftServerConfigKeys (ConfUtils.java:logGet(46)) - raft.server.storage.dir = [/home/runner/work/ozone/ozone/hadoop-ozone/integration-test/target/test-dir/MiniOzoneClusterImpl-19fb9fdf-8a8f-4927-bd4c-ee6195d64daa/datanode-2/data/ratis] (custom)
2023-01-10 21:12:08,665 [pool-117-thread-1] INFO  server.RaftServerConfigKeys (ConfUtils.java:logGet(46)) - raft.server.log.corruption.policy = EXCEPTION (default)
2023-01-10 21:12:08,665 [pool-117-thread-1] INFO  server.RaftServerConfigKeys (ConfUtils.java:logGet(46)) - raft.server.storage.free-space.min = 0MB (=0) (default)
2023-01-10 21:12:08,665 [pool-117-thread-1] INFO  server.RaftServerConfigKeys (ConfUtils.java:logGet(46)) - raft.server.notification.no-leader.timeout = 300s (custom)
2023-01-10 21:12:08,665 [pool-117-thread-1] INFO  server.RaftServerConfigKeys (ConfUtils.java:logGet(46)) - raft.server.retrycache.expirytime = 600000ms (custom)
2023-01-10 21:12:08,666 [pool-117-thread-1] INFO  server.RaftServerConfigKeys (ConfUtils.java:logGet(46)) - raft.server.retrycache.statistics.expirytime = 100μs (default)
2023-01-10 21:12:08,667 [pool-117-thread-1] INFO  server.RaftServerConfigKeys (ConfUtils.java:logGet(46)) - raft.server.log.appender.install.snapshot.enabled = false (custom)
2023-01-10 21:12:08,667 [pool-117-thread-1] INFO  server.RaftServerConfigKeys (ConfUtils.java:logGet(46)) - raft.server.threadpool.server.cached = true (default)
2023-01-10 21:12:08,667 [pool-117-thread-1] INFO  server.RaftServerConfigKeys (ConfUtils.java:logGet(46)) - raft.server.threadpool.server.size = 0 (default)
2023-01-10 21:12:08,667 [pool-117-thread-1] INFO  server.RaftServerConfigKeys (ConfUtils.java:logGet(46)) - raft.server.threadpool.client.cached = true (default)
2023-01-10 21:12:08,667 [pool-117-thread-1] INFO  server.RaftServerConfigKeys (ConfUtils.java:logGet(46)) - raft.server.threadpool.client.size = 0 (default)
2023-01-10 21:12:08,667 [pool-117-thread-1] INFO  storage.RaftStorageDirectory (RaftStorageDirectoryImpl.java:analyzeStorage(137)) - The storage directory /home/runner/work/ozone/ozone/hadoop-ozone/integration-test/target/test-dir/MiniOzoneClusterImpl-19fb9fdf-8a8f-4927-bd4c-ee6195d64daa/datanode-2/data/ratis/12ca2beb-e17b-4ac1-8bf8-f14965801010 does not exist. Creating ...
2023-01-10 21:12:08,668 [pool-117-thread-1] INFO  storage.RaftStorageDirectory (RaftStorageDirectoryImpl.java:tryLock(231)) - Lock on /home/runner/work/ozone/ozone/hadoop-ozone/integration-test/target/test-dir/MiniOzoneClusterImpl-19fb9fdf-8a8f-4927-bd4c-ee6195d64daa/datanode-2/data/ratis/12ca2beb-e17b-4ac1-8bf8-f14965801010/in_use.lock acquired by nodename 94838@fv-az502-119
2023-01-10 21:12:08,670 [pool-117-thread-1] INFO  storage.RaftStorage (RaftStorageImpl.java:format(96)) - Storage directory /home/runner/work/ozone/ozone/hadoop-ozone/integration-test/target/test-dir/MiniOzoneClusterImpl-19fb9fdf-8a8f-4927-bd4c-ee6195d64daa/datanode-2/data/ratis/12ca2beb-e17b-4ac1-8bf8-f14965801010 has been successfully formatted.
2023-01-10 21:12:08,680 [pool-117-thread-1] INFO  ratis.ContainerStateMachine (ContainerStateMachine.java:loadSnapshot(240)) - group-F14965801010: The snapshot info is null. Setting the last applied indexto:(t:0, i:~)
2023-01-10 21:12:08,680 [pool-117-thread-1] INFO  server.RaftServerConfigKeys (ConfUtils.java:logGet(46)) - raft.server.log.use.memory = false (default)
2023-01-10 21:12:08,680 [pool-117-thread-1] INFO  server.RaftServerConfigKeys (ConfUtils.java:logGet(46)) - raft.server.log.purge.gap = 1000000 (custom)
2023-01-10 21:12:08,681 [pool-117-thread-1] INFO  server.RaftServerConfigKeys (ConfUtils.java:logGet(46)) - raft.server.log.appender.buffer.byte-limit = 33554432 (custom)
2023-01-10 21:12:08,681 [pool-117-thread-1] INFO  server.RaftServerConfigKeys (ConfUtils.java:logGet(46)) - raft.server.log.statemachine.data.read.timeout = 1000ms (default)
2023-01-10 21:12:08,681 [pool-117-thread-1] INFO  server.RaftServerConfigKeys (ConfUtils.java:logGet(46)) - raft.server.log.purge.preservation.log.num = 0 (default)
2023-01-10 21:12:08,681 | INFO  | SCMAudit | user=runner | ip=10.1.0.46 | op=SEND_HEARTBEAT {datanodeUUID=59f5c057-586b-4a1a-a0d5-0dbbd6701919, term=-1, command=[]} | ret=SUCCESS |  
2023-01-10 21:12:08,681 [EventQueue-OpenPipelineForHealthyPipelineSafeModeRule] INFO  safemode.SCMSafeModeManager (HealthyPipelineSafeModeRule.java:process(137)) - SCM in safe mode. Healthy pipelines reported count is 0, required healthy pipeline reported count is 1
2023-01-10 21:12:08,681 [pool-117-thread-1] INFO  server.RaftServerConfigKeys (ConfUtils.java:logGet(46)) - raft.server.log.segment.size.max = 1048576 (custom)
2023-01-10 21:12:08,685 [pool-117-thread-1] INFO  server.RaftServerConfigKeys (ConfUtils.java:logGet(46)) - raft.server.log.segment.cache.num.max = 2 (custom)
2023-01-10 21:12:08,685 [pool-117-thread-1] INFO  server.RaftServerConfigKeys (ConfUtils.java:logGet(46)) - raft.server.log.segment.cache.size.max = 200MB (=209715200) (default)
2023-01-10 21:12:08,685 [pool-117-thread-1] INFO  segmented.SegmentedRaftLogWorker (SegmentedRaftLogWorker.java:<init>(189)) - new 59f5c057-586b-4a1a-a0d5-0dbbd6701919@group-F14965801010-SegmentedRaftLogWorker for RaftStorageImpl:Storage Directory /home/runner/work/ozone/ozone/hadoop-ozone/integration-test/target/test-dir/MiniOzoneClusterImpl-19fb9fdf-8a8f-4927-bd4c-ee6195d64daa/datanode-2/data/ratis/12ca2beb-e17b-4ac1-8bf8-f14965801010
2023-01-10 21:12:08,685 [pool-117-thread-1] INFO  server.RaftServerConfigKeys (ConfUtils.java:logGet(46)) - raft.server.log.queue.byte-limit = 4294967296 (custom)
2023-01-10 21:12:08,685 [pool-117-thread-1] INFO  server.RaftServerConfigKeys (ConfUtils.java:logGet(46)) - raft.server.log.queue.element-limit = 1024 (custom)
2023-01-10 21:12:08,685 [pool-117-thread-1] INFO  server.RaftServerConfigKeys (ConfUtils.java:logGet(46)) - raft.server.log.segment.size.max = 1048576 (custom)
2023-01-10 21:12:08,685 [pool-117-thread-1] INFO  server.RaftServerConfigKeys (ConfUtils.java:logGet(46)) - raft.server.log.preallocated.size = 16384 (custom)
2023-01-10 21:12:08,685 [pool-117-thread-1] INFO  server.RaftServerConfigKeys (ConfUtils.java:logGet(46)) - raft.server.log.force.sync.num = 128 (default)
2023-01-10 21:12:08,685 [pool-117-thread-1] INFO  server.RaftServerConfigKeys (ConfUtils.java:logGet(46)) - raft.server.log.statemachine.data.sync = true (default)
2023-01-10 21:12:08,685 [pool-117-thread-1] INFO  server.RaftServerConfigKeys (ConfUtils.java:logGet(46)) - raft.server.log.statemachine.data.sync.timeout = 10s (default)
2023-01-10 21:12:08,685 [pool-117-thread-1] INFO  server.RaftServerConfigKeys (ConfUtils.java:logGet(46)) - raft.server.log.statemachine.data.sync.timeout.retry = -1 (default)
2023-01-10 21:12:08,686 [pool-117-thread-1] INFO  server.RaftServerConfigKeys (ConfUtils.java:logGet(46)) - raft.server.log.write.buffer.size = 1048576 (custom)
2023-01-10 21:12:08,686 [pool-117-thread-1] INFO  server.RaftServerConfigKeys (ConfUtils.java:logGet(46)) - raft.server.log.appender.buffer.byte-limit = 33554432 (custom)
2023-01-10 21:12:08,695 [pool-117-thread-1] INFO  server.RaftServerConfigKeys (ConfUtils.java:logGet(46)) - raft.server.log.unsafe-flush.enabled = false (default)
2023-01-10 21:12:08,695 [pool-117-thread-1] INFO  server.RaftServerConfigKeys (ConfUtils.java:logGet(46)) - raft.server.log.async-flush.enabled = false (default)
2023-01-10 21:12:08,695 [pool-117-thread-1] INFO  server.RaftServerConfigKeys (ConfUtils.java:logGet(46)) - raft.server.log.statemachine.data.caching.enabled = true (custom)
2023-01-10 21:12:08,695 [pool-117-thread-1] INFO  segmented.SegmentedRaftLogWorker (SegmentedRaftLogWorker.java:lambda$new$0(135)) - 59f5c057-586b-4a1a-a0d5-0dbbd6701919@group-F14965801010-SegmentedRaftLogWorker: flushIndex: setUnconditionally 0 -> -1
2023-01-10 21:12:08,695 [pool-117-thread-1] INFO  segmented.SegmentedRaftLogWorker (SegmentedRaftLogWorker.java:lambda$new$0(135)) - 59f5c057-586b-4a1a-a0d5-0dbbd6701919@group-F14965801010-SegmentedRaftLogWorker: safeCacheEvictIndex: setUnconditionally 0 -> -1
2023-01-10 21:12:08,708 [pool-117-thread-1] INFO  server.RaftServer$Division (RaftServerImpl.java:start(334)) - 59f5c057-586b-4a1a-a0d5-0dbbd6701919@group-F14965801010: start as a follower, conf=-1: peers:[6225d677-c2d1-455e-90bb-1529b9debcfd|rpc:10.1.0.46:40907|dataStream:10.1.0.46:45105|priority:0|startupRole:FOLLOWER, 13a6dec5-f14a-4de7-a098-f6186ae4839d|rpc:10.1.0.46:35709|dataStream:10.1.0.46:43127|priority:0|startupRole:FOLLOWER, 59f5c057-586b-4a1a-a0d5-0dbbd6701919|rpc:10.1.0.46:35981|dataStream:10.1.0.46:38953|priority:1|startupRole:FOLLOWER]|listeners:[], old=null
2023-01-10 21:12:08,712 [pool-117-thread-1] INFO  server.RaftServer$Division (RaftServerImpl.java:setRole(321)) - 59f5c057-586b-4a1a-a0d5-0dbbd6701919@group-F14965801010: changes role from      null to FOLLOWER at term 0 for startAsFollower
2023-01-10 21:12:08,713 [pool-117-thread-1] INFO  impl.RoleInfo (RoleInfo.java:updateAndGet(139)) - 59f5c057-586b-4a1a-a0d5-0dbbd6701919: start 59f5c057-586b-4a1a-a0d5-0dbbd6701919@group-F14965801010-FollowerState
2023-01-10 21:12:08,725 [pool-117-thread-1] INFO  util.JmxRegister (JmxRegister.java:tryRegister(44)) - Successfully registered JMX Bean with object name Ratis:service=RaftServer,group=group-F14965801010,id=59f5c057-586b-4a1a-a0d5-0dbbd6701919
2023-01-10 21:12:08,726 [pool-117-thread-1] INFO  server.RaftServerConfigKeys (ConfUtils.java:logGet(46)) - raft.server.snapshot.auto.trigger.enabled = true (custom)
2023-01-10 21:12:08,726 [pool-117-thread-1] INFO  server.RaftServerConfigKeys (ConfUtils.java:logGet(46)) - raft.server.snapshot.auto.trigger.threshold = 10000 (custom)
2023-01-10 21:12:08,726 [pool-117-thread-1] INFO  server.RaftServerConfigKeys (ConfUtils.java:logGet(46)) - raft.server.snapshot.retention.file.num = 5 (custom)
2023-01-10 21:12:08,726 [pool-117-thread-1] INFO  server.RaftServerConfigKeys (ConfUtils.java:logGet(46)) - raft.server.log.purge.upto.snapshot.index = false (default)
2023-01-10 21:12:08,726 [59f5c057-586b-4a1a-a0d5-0dbbd6701919@group-F14965801010-FollowerState] INFO  server.RaftServerConfigKeys (ConfUtils.java:logFallback(53)) - raft.server.rpc.first-election.timeout.min = 5s (fallback to raft.server.rpc.timeout.min)
2023-01-10 21:12:08,727 [59f5c057-586b-4a1a-a0d5-0dbbd6701919@group-F14965801010-FollowerState] INFO  server.RaftServerConfigKeys (ConfUtils.java:logFallback(53)) - raft.server.rpc.first-election.timeout.max = 5200ms (fallback to raft.server.rpc.timeout.max)
2023-01-10 21:12:08,728 [Command processor thread] INFO  ratis.XceiverServerRatis (XceiverServerRatis.java:addGroup(806)) - Created group PipelineID=12ca2beb-e17b-4ac1-8bf8-f14965801010
2023-01-10 21:12:08,985 [Command processor thread] INFO  commandhandler.CreatePipelineCommandHandler (CreatePipelineCommandHandler.java:handle(113)) - Created Pipeline RATIS THREE PipelineID=12ca2beb-e17b-4ac1-8bf8-f14965801010.
2023-01-10 21:12:08,987 [pool-117-thread-1] INFO  server.RaftServer$Division (RaftServerImpl.java:<init>(195)) - 59f5c057-586b-4a1a-a0d5-0dbbd6701919: new RaftServerImpl for group-992DBB117582:[6225d677-c2d1-455e-90bb-1529b9debcfd|rpc:10.1.0.46:40907|dataStream:10.1.0.46:45105|priority:0|startupRole:FOLLOWER, 13a6dec5-f14a-4de7-a098-f6186ae4839d|rpc:10.1.0.46:35709|dataStream:10.1.0.46:43127|priority:1|startupRole:FOLLOWER, 59f5c057-586b-4a1a-a0d5-0dbbd6701919|rpc:10.1.0.46:35981|dataStream:10.1.0.46:38953|priority:0|startupRole:FOLLOWER] with ContainerStateMachine:uninitialized
2023-01-10 21:12:08,987 [pool-117-thread-1] INFO  server.RaftServerConfigKeys (ConfUtils.java:logGet(46)) - raft.server.rpc.timeout.min = 5s (custom)
2023-01-10 21:12:08,987 [pool-117-thread-1] INFO  server.RaftServerConfigKeys (ConfUtils.java:logGet(46)) - raft.server.rpc.timeout.max = 5200ms (custom)
2023-01-10 21:12:08,987 [pool-117-thread-1] INFO  server.RaftServerConfigKeys (ConfUtils.java:logGet(46)) - raft.server.rpc.sleep.time = 25ms (default)
2023-01-10 21:12:08,987 [pool-117-thread-1] INFO  server.RaftServerConfigKeys (ConfUtils.java:logGet(46)) - raft.server.rpc.slowness.timeout = 300s (custom)
2023-01-10 21:12:08,987 [pool-117-thread-1] INFO  server.RaftServerConfigKeys (ConfUtils.java:logGet(46)) - raft.server.leaderelection.leader.step-down.wait-time = 10s (default)
2023-01-10 21:12:08,987 [pool-117-thread-1] INFO  server.RaftServerConfigKeys (ConfUtils.java:logGet(46)) - raft.server.sleep.deviation.threshold = 300ms (default)
2023-01-10 21:12:08,987 [pool-117-thread-1] INFO  server.RaftServer$Division (ServerState.java:<init>(118)) - 59f5c057-586b-4a1a-a0d5-0dbbd6701919@group-992DBB117582: ConfigurationManager, init=-1: peers:[6225d677-c2d1-455e-90bb-1529b9debcfd|rpc:10.1.0.46:40907|dataStream:10.1.0.46:45105|priority:0|startupRole:FOLLOWER, 13a6dec5-f14a-4de7-a098-f6186ae4839d|rpc:10.1.0.46:35709|dataStream:10.1.0.46:43127|priority:1|startupRole:FOLLOWER, 59f5c057-586b-4a1a-a0d5-0dbbd6701919|rpc:10.1.0.46:35981|dataStream:10.1.0.46:38953|priority:0|startupRole:FOLLOWER]|listeners:[], old=null, confs=<EMPTY_MAP>
2023-01-10 21:12:08,988 [pool-117-thread-1] INFO  server.RaftServerConfigKeys (ConfUtils.java:logGet(46)) - raft.server.storage.dir = [/home/runner/work/ozone/ozone/hadoop-ozone/integration-test/target/test-dir/MiniOzoneClusterImpl-19fb9fdf-8a8f-4927-bd4c-ee6195d64daa/datanode-2/data/ratis] (custom)
2023-01-10 21:12:08,988 [pool-117-thread-1] INFO  server.RaftServerConfigKeys (ConfUtils.java:logGet(46)) - raft.server.log.corruption.policy = EXCEPTION (default)
2023-01-10 21:12:08,988 [pool-117-thread-1] INFO  server.RaftServerConfigKeys (ConfUtils.java:logGet(46)) - raft.server.storage.free-space.min = 0MB (=0) (default)
2023-01-10 21:12:08,988 [pool-117-thread-1] INFO  server.RaftServerConfigKeys (ConfUtils.java:logGet(46)) - raft.server.notification.no-leader.timeout = 300s (custom)
2023-01-10 21:12:08,988 [pool-117-thread-1] INFO  server.RaftServerConfigKeys (ConfUtils.java:logGet(46)) - raft.server.retrycache.expirytime = 600000ms (custom)
2023-01-10 21:12:08,988 [pool-117-thread-1] INFO  server.RaftServerConfigKeys (ConfUtils.java:logGet(46)) - raft.server.retrycache.statistics.expirytime = 100μs (default)
2023-01-10 21:12:08,989 [pool-117-thread-1] INFO  server.RaftServerConfigKeys (ConfUtils.java:logGet(46)) - raft.server.log.appender.install.snapshot.enabled = false (custom)
2023-01-10 21:12:08,989 [pool-117-thread-1] INFO  server.RaftServerConfigKeys (ConfUtils.java:logGet(46)) - raft.server.threadpool.server.cached = true (default)
2023-01-10 21:12:08,989 [pool-117-thread-1] INFO  server.RaftServerConfigKeys (ConfUtils.java:logGet(46)) - raft.server.threadpool.server.size = 0 (default)
2023-01-10 21:12:08,989 [Command processor thread] INFO  server.RaftServer (RaftServerProxy.java:addNew(96)) - 59f5c057-586b-4a1a-a0d5-0dbbd6701919: addNew group-992DBB117582:[6225d677-c2d1-455e-90bb-1529b9debcfd|rpc:10.1.0.46:40907|dataStream:10.1.0.46:45105|priority:0|startupRole:FOLLOWER, 13a6dec5-f14a-4de7-a098-f6186ae4839d|rpc:10.1.0.46:35709|dataStream:10.1.0.46:43127|priority:1|startupRole:FOLLOWER, 59f5c057-586b-4a1a-a0d5-0dbbd6701919|rpc:10.1.0.46:35981|dataStream:10.1.0.46:38953|priority:0|startupRole:FOLLOWER] returns group-992DBB117582:java.util.concurrent.CompletableFuture@6b8c0075[Not completed]
2023-01-10 21:12:08,990 [pool-117-thread-1] INFO  server.RaftServerConfigKeys (ConfUtils.java:logGet(46)) - raft.server.threadpool.client.cached = true (default)
2023-01-10 21:12:08,999 [pool-117-thread-1] INFO  server.RaftServerConfigKeys (ConfUtils.java:logGet(46)) - raft.server.threadpool.client.size = 0 (default)
2023-01-10 21:12:09,000 [pool-117-thread-1] INFO  storage.RaftStorageDirectory (RaftStorageDirectoryImpl.java:analyzeStorage(137)) - The storage directory /home/runner/work/ozone/ozone/hadoop-ozone/integration-test/target/test-dir/MiniOzoneClusterImpl-19fb9fdf-8a8f-4927-bd4c-ee6195d64daa/datanode-2/data/ratis/d4691031-201c-47be-a252-992dbb117582 does not exist. Creating ...
2023-01-10 21:12:09,006 [pool-117-thread-1] INFO  storage.RaftStorageDirectory (RaftStorageDirectoryImpl.java:tryLock(231)) - Lock on /home/runner/work/ozone/ozone/hadoop-ozone/integration-test/target/test-dir/MiniOzoneClusterImpl-19fb9fdf-8a8f-4927-bd4c-ee6195d64daa/datanode-2/data/ratis/d4691031-201c-47be-a252-992dbb117582/in_use.lock acquired by nodename 94838@fv-az502-119
2023-01-10 21:12:09,008 [pool-117-thread-1] INFO  storage.RaftStorage (RaftStorageImpl.java:format(96)) - Storage directory /home/runner/work/ozone/ozone/hadoop-ozone/integration-test/target/test-dir/MiniOzoneClusterImpl-19fb9fdf-8a8f-4927-bd4c-ee6195d64daa/datanode-2/data/ratis/d4691031-201c-47be-a252-992dbb117582 has been successfully formatted.
2023-01-10 21:12:09,009 [pool-117-thread-1] INFO  ratis.ContainerStateMachine (ContainerStateMachine.java:loadSnapshot(240)) - group-992DBB117582: The snapshot info is null. Setting the last applied indexto:(t:0, i:~)
2023-01-10 21:12:09,009 [pool-117-thread-1] INFO  server.RaftServerConfigKeys (ConfUtils.java:logGet(46)) - raft.server.log.use.memory = false (default)
2023-01-10 21:12:09,009 [pool-117-thread-1] INFO  server.RaftServerConfigKeys (ConfUtils.java:logGet(46)) - raft.server.log.purge.gap = 1000000 (custom)
2023-01-10 21:12:09,009 [pool-117-thread-1] INFO  server.RaftServerConfigKeys (ConfUtils.java:logGet(46)) - raft.server.log.appender.buffer.byte-limit = 33554432 (custom)
2023-01-10 21:12:09,009 [pool-117-thread-1] INFO  server.RaftServerConfigKeys (ConfUtils.java:logGet(46)) - raft.server.log.statemachine.data.read.timeout = 1000ms (default)
2023-01-10 21:12:09,009 [pool-117-thread-1] INFO  server.RaftServerConfigKeys (ConfUtils.java:logGet(46)) - raft.server.log.purge.preservation.log.num = 0 (default)
2023-01-10 21:12:09,012 [Command processor thread] INFO  commandhandler.CreatePipelineCommandHandler (CreatePipelineCommandHandler.java:handle(113)) - Created Pipeline RATIS THREE PipelineID=12ca2beb-e17b-4ac1-8bf8-f14965801010.
2023-01-10 21:12:09,014 [Command processor thread] INFO  server.RaftServer (RaftServerProxy.java:addNew(96)) - 13a6dec5-f14a-4de7-a098-f6186ae4839d: addNew group-992DBB117582:[6225d677-c2d1-455e-90bb-1529b9debcfd|rpc:10.1.0.46:40907|dataStream:10.1.0.46:45105|priority:0|startupRole:FOLLOWER, 13a6dec5-f14a-4de7-a098-f6186ae4839d|rpc:10.1.0.46:35709|dataStream:10.1.0.46:43127|priority:1|startupRole:FOLLOWER, 59f5c057-586b-4a1a-a0d5-0dbbd6701919|rpc:10.1.0.46:35981|dataStream:10.1.0.46:38953|priority:0|startupRole:FOLLOWER] returns group-992DBB117582:java.util.concurrent.CompletableFuture@49bbe10f[Not completed]
2023-01-10 21:12:09,015 | INFO  | SCMAudit | user=runner | ip=10.1.0.46 | op=SEND_HEARTBEAT {datanodeUUID=59f5c057-586b-4a1a-a0d5-0dbbd6701919, term=-1, command=[]} | ret=SUCCESS |  
2023-01-10 21:12:09,015 [pool-94-thread-1] INFO  server.RaftServer$Division (RaftServerImpl.java:<init>(195)) - 13a6dec5-f14a-4de7-a098-f6186ae4839d: new RaftServerImpl for group-992DBB117582:[6225d677-c2d1-455e-90bb-1529b9debcfd|rpc:10.1.0.46:40907|dataStream:10.1.0.46:45105|priority:0|startupRole:FOLLOWER, 13a6dec5-f14a-4de7-a098-f6186ae4839d|rpc:10.1.0.46:35709|dataStream:10.1.0.46:43127|priority:1|startupRole:FOLLOWER, 59f5c057-586b-4a1a-a0d5-0dbbd6701919|rpc:10.1.0.46:35981|dataStream:10.1.0.46:38953|priority:0|startupRole:FOLLOWER] with ContainerStateMachine:uninitialized
2023-01-10 21:12:09,016 [pool-94-thread-1] INFO  server.RaftServerConfigKeys (ConfUtils.java:logGet(46)) - raft.server.rpc.timeout.min = 5s (custom)
2023-01-10 21:12:09,016 [pool-94-thread-1] INFO  server.RaftServerConfigKeys (ConfUtils.java:logGet(46)) - raft.server.rpc.timeout.max = 5200ms (custom)
2023-01-10 21:12:09,016 [pool-94-thread-1] INFO  server.RaftServerConfigKeys (ConfUtils.java:logGet(46)) - raft.server.rpc.sleep.time = 25ms (default)
2023-01-10 21:12:09,016 [pool-94-thread-1] INFO  server.RaftServerConfigKeys (ConfUtils.java:logGet(46)) - raft.server.rpc.slowness.timeout = 300s (custom)
2023-01-10 21:12:09,016 [pool-94-thread-1] INFO  server.RaftServerConfigKeys (ConfUtils.java:logGet(46)) - raft.server.leaderelection.leader.step-down.wait-time = 10s (default)
2023-01-10 21:12:09,016 [pool-94-thread-1] INFO  server.RaftServerConfigKeys (ConfUtils.java:logGet(46)) - raft.server.sleep.deviation.threshold = 300ms (default)
2023-01-10 21:12:09,016 [pool-94-thread-1] INFO  server.RaftServer$Division (ServerState.java:<init>(118)) - 13a6dec5-f14a-4de7-a098-f6186ae4839d@group-992DBB117582: ConfigurationManager, init=-1: peers:[6225d677-c2d1-455e-90bb-1529b9debcfd|rpc:10.1.0.46:40907|dataStream:10.1.0.46:45105|priority:0|startupRole:FOLLOWER, 13a6dec5-f14a-4de7-a098-f6186ae4839d|rpc:10.1.0.46:35709|dataStream:10.1.0.46:43127|priority:1|startupRole:FOLLOWER, 59f5c057-586b-4a1a-a0d5-0dbbd6701919|rpc:10.1.0.46:35981|dataStream:10.1.0.46:38953|priority:0|startupRole:FOLLOWER]|listeners:[], old=null, confs=<EMPTY_MAP>
2023-01-10 21:12:09,016 [pool-94-thread-1] INFO  server.RaftServerConfigKeys (ConfUtils.java:logGet(46)) - raft.server.storage.dir = [/home/runner/work/ozone/ozone/hadoop-ozone/integration-test/target/test-dir/MiniOzoneClusterImpl-19fb9fdf-8a8f-4927-bd4c-ee6195d64daa/datanode-1/data/ratis] (custom)
2023-01-10 21:12:09,016 [pool-94-thread-1] INFO  server.RaftServerConfigKeys (ConfUtils.java:logGet(46)) - raft.server.log.corruption.policy = EXCEPTION (default)
2023-01-10 21:12:09,016 [pool-94-thread-1] INFO  server.RaftServerConfigKeys (ConfUtils.java:logGet(46)) - raft.server.storage.free-space.min = 0MB (=0) (default)
2023-01-10 21:12:09,016 [pool-94-thread-1] INFO  server.RaftServerConfigKeys (ConfUtils.java:logGet(46)) - raft.server.notification.no-leader.timeout = 300s (custom)
2023-01-10 21:12:09,016 [pool-94-thread-1] INFO  server.RaftServerConfigKeys (ConfUtils.java:logGet(46)) - raft.server.retrycache.expirytime = 600000ms (custom)
2023-01-10 21:12:09,017 [pool-94-thread-1] INFO  server.RaftServerConfigKeys (ConfUtils.java:logGet(46)) - raft.server.retrycache.statistics.expirytime = 100μs (default)
2023-01-10 21:12:09,017 [pool-117-thread-1] INFO  server.RaftServerConfigKeys (ConfUtils.java:logGet(46)) - raft.server.log.segment.size.max = 1048576 (custom)
2023-01-10 21:12:09,012 [Command processor thread] INFO  commandhandler.CreatePipelineCommandHandler (CreatePipelineCommandHandler.java:handle(113)) - Created Pipeline RATIS THREE PipelineID=12ca2beb-e17b-4ac1-8bf8-f14965801010.
2023-01-10 21:12:09,019 [pool-117-thread-1] INFO  server.RaftServerConfigKeys (ConfUtils.java:logGet(46)) - raft.server.log.segment.cache.num.max = 2 (custom)
2023-01-10 21:12:09,019 [Command processor thread] INFO  server.RaftServer (RaftServerProxy.java:addNew(96)) - 6225d677-c2d1-455e-90bb-1529b9debcfd: addNew group-992DBB117582:[6225d677-c2d1-455e-90bb-1529b9debcfd|rpc:10.1.0.46:40907|dataStream:10.1.0.46:45105|priority:0|startupRole:FOLLOWER, 13a6dec5-f14a-4de7-a098-f6186ae4839d|rpc:10.1.0.46:35709|dataStream:10.1.0.46:43127|priority:1|startupRole:FOLLOWER, 59f5c057-586b-4a1a-a0d5-0dbbd6701919|rpc:10.1.0.46:35981|dataStream:10.1.0.46:38953|priority:0|startupRole:FOLLOWER] returns group-992DBB117582:java.util.concurrent.CompletableFuture@15d1776c[Not completed]
2023-01-10 21:12:09,020 [pool-71-thread-1] INFO  server.RaftServer$Division (RaftServerImpl.java:<init>(195)) - 6225d677-c2d1-455e-90bb-1529b9debcfd: new RaftServerImpl for group-992DBB117582:[6225d677-c2d1-455e-90bb-1529b9debcfd|rpc:10.1.0.46:40907|dataStream:10.1.0.46:45105|priority:0|startupRole:FOLLOWER, 13a6dec5-f14a-4de7-a098-f6186ae4839d|rpc:10.1.0.46:35709|dataStream:10.1.0.46:43127|priority:1|startupRole:FOLLOWER, 59f5c057-586b-4a1a-a0d5-0dbbd6701919|rpc:10.1.0.46:35981|dataStream:10.1.0.46:38953|priority:0|startupRole:FOLLOWER] with ContainerStateMachine:uninitialized
2023-01-10 21:12:09,020 [pool-71-thread-1] INFO  server.RaftServerConfigKeys (ConfUtils.java:logGet(46)) - raft.server.rpc.timeout.min = 5s (custom)
2023-01-10 21:12:09,020 [pool-71-thread-1] INFO  server.RaftServerConfigKeys (ConfUtils.java:logGet(46)) - raft.server.rpc.timeout.max = 5200ms (custom)
2023-01-10 21:12:09,020 [pool-71-thread-1] INFO  server.RaftServerConfigKeys (ConfUtils.java:logGet(46)) - raft.server.rpc.sleep.time = 25ms (default)
2023-01-10 21:12:09,020 [pool-71-thread-1] INFO  server.RaftServerConfigKeys (ConfUtils.java:logGet(46)) - raft.server.rpc.slowness.timeout = 300s (custom)
2023-01-10 21:12:09,021 [pool-71-thread-1] INFO  server.RaftServerConfigKeys (ConfUtils.java:logGet(46)) - raft.server.leaderelection.leader.step-down.wait-time = 10s (default)
2023-01-10 21:12:09,021 [pool-71-thread-1] INFO  server.RaftServerConfigKeys (ConfUtils.java:logGet(46)) - raft.server.sleep.deviation.threshold = 300ms (default)
2023-01-10 21:12:09,021 [pool-71-thread-1] INFO  server.RaftServer$Division (ServerState.java:<init>(118)) - 6225d677-c2d1-455e-90bb-1529b9debcfd@group-992DBB117582: ConfigurationManager, init=-1: peers:[6225d677-c2d1-455e-90bb-1529b9debcfd|rpc:10.1.0.46:40907|dataStream:10.1.0.46:45105|priority:0|startupRole:FOLLOWER, 13a6dec5-f14a-4de7-a098-f6186ae4839d|rpc:10.1.0.46:35709|dataStream:10.1.0.46:43127|priority:1|startupRole:FOLLOWER, 59f5c057-586b-4a1a-a0d5-0dbbd6701919|rpc:10.1.0.46:35981|dataStream:10.1.0.46:38953|priority:0|startupRole:FOLLOWER]|listeners:[], old=null, confs=<EMPTY_MAP>
2023-01-10 21:12:09,021 [pool-71-thread-1] INFO  server.RaftServerConfigKeys (ConfUtils.java:logGet(46)) - raft.server.storage.dir = [/home/runner/work/ozone/ozone/hadoop-ozone/integration-test/target/test-dir/MiniOzoneClusterImpl-19fb9fdf-8a8f-4927-bd4c-ee6195d64daa/datanode-0/data/ratis] (custom)
2023-01-10 21:12:09,021 [pool-71-thread-1] INFO  server.RaftServerConfigKeys (ConfUtils.java:logGet(46)) - raft.server.log.corruption.policy = EXCEPTION (default)
2023-01-10 21:12:09,021 [pool-71-thread-1] INFO  server.RaftServerConfigKeys (ConfUtils.java:logGet(46)) - raft.server.storage.free-space.min = 0MB (=0) (default)
2023-01-10 21:12:09,021 [pool-71-thread-1] INFO  server.RaftServerConfigKeys (ConfUtils.java:logGet(46)) - raft.server.notification.no-leader.timeout = 300s (custom)
2023-01-10 21:12:09,021 [pool-71-thread-1] INFO  server.RaftServerConfigKeys (ConfUtils.java:logGet(46)) - raft.server.retrycache.expirytime = 600000ms (custom)
2023-01-10 21:12:09,021 [pool-71-thread-1] INFO  server.RaftServerConfigKeys (ConfUtils.java:logGet(46)) - raft.server.retrycache.statistics.expirytime = 100μs (default)
2023-01-10 21:12:09,022 [pool-71-thread-1] INFO  server.RaftServerConfigKeys (ConfUtils.java:logGet(46)) - raft.server.log.appender.install.snapshot.enabled = false (custom)
2023-01-10 21:12:09,022 [pool-71-thread-1] INFO  server.RaftServerConfigKeys (ConfUtils.java:logGet(46)) - raft.server.threadpool.server.cached = true (default)
2023-01-10 21:12:09,022 [pool-71-thread-1] INFO  server.RaftServerConfigKeys (ConfUtils.java:logGet(46)) - raft.server.threadpool.server.size = 0 (default)
2023-01-10 21:12:09,022 [pool-71-thread-1] INFO  server.RaftServerConfigKeys (ConfUtils.java:logGet(46)) - raft.server.threadpool.client.cached = true (default)
2023-01-10 21:12:09,022 [pool-71-thread-1] INFO  server.RaftServerConfigKeys (ConfUtils.java:logGet(46)) - raft.server.threadpool.client.size = 0 (default)
2023-01-10 21:12:09,022 [pool-71-thread-1] INFO  storage.RaftStorageDirectory (RaftStorageDirectoryImpl.java:analyzeStorage(137)) - The storage directory /home/runner/work/ozone/ozone/hadoop-ozone/integration-test/target/test-dir/MiniOzoneClusterImpl-19fb9fdf-8a8f-4927-bd4c-ee6195d64daa/datanode-0/data/ratis/d4691031-201c-47be-a252-992dbb117582 does not exist. Creating ...
2023-01-10 21:12:09,018 [pool-94-thread-1] INFO  server.RaftServerConfigKeys (ConfUtils.java:logGet(46)) - raft.server.log.appender.install.snapshot.enabled = false (custom)
2023-01-10 21:12:09,016 [EventQueue-OpenPipelineForHealthyPipelineSafeModeRule] INFO  safemode.SCMSafeModeManager (HealthyPipelineSafeModeRule.java:process(137)) - SCM in safe mode. Healthy pipelines reported count is 0, required healthy pipeline reported count is 1
2023-01-10 21:12:09,024 [pool-71-thread-1] INFO  storage.RaftStorageDirectory (RaftStorageDirectoryImpl.java:tryLock(231)) - Lock on /home/runner/work/ozone/ozone/hadoop-ozone/integration-test/target/test-dir/MiniOzoneClusterImpl-19fb9fdf-8a8f-4927-bd4c-ee6195d64daa/datanode-0/data/ratis/d4691031-201c-47be-a252-992dbb117582/in_use.lock acquired by nodename 94838@fv-az502-119
2023-01-10 21:12:09,024 [pool-94-thread-1] INFO  server.RaftServerConfigKeys (ConfUtils.java:logGet(46)) - raft.server.threadpool.server.cached = true (default)
2023-01-10 21:12:09,019 [pool-117-thread-1] INFO  server.RaftServerConfigKeys (ConfUtils.java:logGet(46)) - raft.server.log.segment.cache.size.max = 200MB (=209715200) (default)
2023-01-10 21:12:09,025 [pool-117-thread-1] INFO  segmented.SegmentedRaftLogWorker (SegmentedRaftLogWorker.java:<init>(189)) - new 59f5c057-586b-4a1a-a0d5-0dbbd6701919@group-992DBB117582-SegmentedRaftLogWorker for RaftStorageImpl:Storage Directory /home/runner/work/ozone/ozone/hadoop-ozone/integration-test/target/test-dir/MiniOzoneClusterImpl-19fb9fdf-8a8f-4927-bd4c-ee6195d64daa/datanode-2/data/ratis/d4691031-201c-47be-a252-992dbb117582
2023-01-10 21:12:09,025 [pool-117-thread-1] INFO  server.RaftServerConfigKeys (ConfUtils.java:logGet(46)) - raft.server.log.queue.byte-limit = 4294967296 (custom)
2023-01-10 21:12:09,025 [pool-117-thread-1] INFO  server.RaftServerConfigKeys (ConfUtils.java:logGet(46)) - raft.server.log.queue.element-limit = 1024 (custom)
2023-01-10 21:12:09,025 [pool-117-thread-1] INFO  server.RaftServerConfigKeys (ConfUtils.java:logGet(46)) - raft.server.log.segment.size.max = 1048576 (custom)
2023-01-10 21:12:09,025 [pool-117-thread-1] INFO  server.RaftServerConfigKeys (ConfUtils.java:logGet(46)) - raft.server.log.preallocated.size = 16384 (custom)
2023-01-10 21:12:09,025 [pool-117-thread-1] INFO  server.RaftServerConfigKeys (ConfUtils.java:logGet(46)) - raft.server.log.force.sync.num = 128 (default)
2023-01-10 21:12:09,025 [pool-117-thread-1] INFO  server.RaftServerConfigKeys (ConfUtils.java:logGet(46)) - raft.server.log.statemachine.data.sync = true (default)
2023-01-10 21:12:09,025 [pool-117-thread-1] INFO  server.RaftServerConfigKeys (ConfUtils.java:logGet(46)) - raft.server.log.statemachine.data.sync.timeout = 10s (default)
2023-01-10 21:12:09,025 [pool-117-thread-1] INFO  server.RaftServerConfigKeys (ConfUtils.java:logGet(46)) - raft.server.log.statemachine.data.sync.timeout.retry = -1 (default)
2023-01-10 21:12:09,024 [pool-94-thread-1] INFO  server.RaftServerConfigKeys (ConfUtils.java:logGet(46)) - raft.server.threadpool.server.size = 0 (default)
2023-01-10 21:12:09,025 [pool-71-thread-1] INFO  storage.RaftStorage (RaftStorageImpl.java:format(96)) - Storage directory /home/runner/work/ozone/ozone/hadoop-ozone/integration-test/target/test-dir/MiniOzoneClusterImpl-19fb9fdf-8a8f-4927-bd4c-ee6195d64daa/datanode-0/data/ratis/d4691031-201c-47be-a252-992dbb117582 has been successfully formatted.
2023-01-10 21:12:09,026 [pool-117-thread-1] INFO  server.RaftServerConfigKeys (ConfUtils.java:logGet(46)) - raft.server.log.write.buffer.size = 1048576 (custom)
2023-01-10 21:12:09,026 [pool-117-thread-1] INFO  server.RaftServerConfigKeys (ConfUtils.java:logGet(46)) - raft.server.log.appender.buffer.byte-limit = 33554432 (custom)
2023-01-10 21:12:09,027 [pool-71-thread-1] INFO  ratis.ContainerStateMachine (ContainerStateMachine.java:loadSnapshot(240)) - group-992DBB117582: The snapshot info is null. Setting the last applied indexto:(t:0, i:~)
2023-01-10 21:12:09,027 [pool-71-thread-1] INFO  server.RaftServerConfigKeys (ConfUtils.java:logGet(46)) - raft.server.log.use.memory = false (default)
2023-01-10 21:12:09,027 [pool-71-thread-1] INFO  server.RaftServerConfigKeys (ConfUtils.java:logGet(46)) - raft.server.log.purge.gap = 1000000 (custom)
2023-01-10 21:12:09,027 [pool-71-thread-1] INFO  server.RaftServerConfigKeys (ConfUtils.java:logGet(46)) - raft.server.log.appender.buffer.byte-limit = 33554432 (custom)
2023-01-10 21:12:09,027 [pool-71-thread-1] INFO  server.RaftServerConfigKeys (ConfUtils.java:logGet(46)) - raft.server.log.statemachine.data.read.timeout = 1000ms (default)
2023-01-10 21:12:09,027 [pool-71-thread-1] INFO  server.RaftServerConfigKeys (ConfUtils.java:logGet(46)) - raft.server.log.purge.preservation.log.num = 0 (default)
2023-01-10 21:12:09,027 [pool-71-thread-1] INFO  server.RaftServerConfigKeys (ConfUtils.java:logGet(46)) - raft.server.log.segment.size.max = 1048576 (custom)
2023-01-10 21:12:09,028 [pool-71-thread-1] INFO  server.RaftServerConfigKeys (ConfUtils.java:logGet(46)) - raft.server.log.segment.cache.num.max = 2 (custom)
2023-01-10 21:12:09,028 [pool-71-thread-1] INFO  server.RaftServerConfigKeys (ConfUtils.java:logGet(46)) - raft.server.log.segment.cache.size.max = 200MB (=209715200) (default)
2023-01-10 21:12:09,028 [pool-71-thread-1] INFO  segmented.SegmentedRaftLogWorker (SegmentedRaftLogWorker.java:<init>(189)) - new 6225d677-c2d1-455e-90bb-1529b9debcfd@group-992DBB117582-SegmentedRaftLogWorker for RaftStorageImpl:Storage Directory /home/runner/work/ozone/ozone/hadoop-ozone/integration-test/target/test-dir/MiniOzoneClusterImpl-19fb9fdf-8a8f-4927-bd4c-ee6195d64daa/datanode-0/data/ratis/d4691031-201c-47be-a252-992dbb117582
2023-01-10 21:12:09,028 [pool-71-thread-1] INFO  server.RaftServerConfigKeys (ConfUtils.java:logGet(46)) - raft.server.log.queue.byte-limit = 4294967296 (custom)
2023-01-10 21:12:09,028 [pool-71-thread-1] INFO  server.RaftServerConfigKeys (ConfUtils.java:logGet(46)) - raft.server.log.queue.element-limit = 1024 (custom)
2023-01-10 21:12:09,028 [pool-71-thread-1] INFO  server.RaftServerConfigKeys (ConfUtils.java:logGet(46)) - raft.server.log.segment.size.max = 1048576 (custom)
2023-01-10 21:12:09,028 [pool-71-thread-1] INFO  server.RaftServerConfigKeys (ConfUtils.java:logGet(46)) - raft.server.log.preallocated.size = 16384 (custom)
2023-01-10 21:12:09,028 [pool-71-thread-1] INFO  server.RaftServerConfigKeys (ConfUtils.java:logGet(46)) - raft.server.log.force.sync.num = 128 (default)
2023-01-10 21:12:09,028 [pool-71-thread-1] INFO  server.RaftServerConfigKeys (ConfUtils.java:logGet(46)) - raft.server.log.statemachine.data.sync = true (default)
2023-01-10 21:12:09,028 [pool-71-thread-1] INFO  server.RaftServerConfigKeys (ConfUtils.java:logGet(46)) - raft.server.log.statemachine.data.sync.timeout = 10s (default)
2023-01-10 21:12:09,028 [pool-71-thread-1] INFO  server.RaftServerConfigKeys (ConfUtils.java:logGet(46)) - raft.server.log.statemachine.data.sync.timeout.retry = -1 (default)
2023-01-10 21:12:09,026 [pool-94-thread-1] INFO  server.RaftServerConfigKeys (ConfUtils.java:logGet(46)) - raft.server.threadpool.client.cached = true (default)
2023-01-10 21:12:09,029 [pool-94-thread-1] INFO  server.RaftServerConfigKeys (ConfUtils.java:logGet(46)) - raft.server.threadpool.client.size = 0 (default)
2023-01-10 21:12:09,029 [pool-94-thread-1] INFO  storage.RaftStorageDirectory (RaftStorageDirectoryImpl.java:analyzeStorage(137)) - The storage directory /home/runner/work/ozone/ozone/hadoop-ozone/integration-test/target/test-dir/MiniOzoneClusterImpl-19fb9fdf-8a8f-4927-bd4c-ee6195d64daa/datanode-1/data/ratis/d4691031-201c-47be-a252-992dbb117582 does not exist. Creating ...
2023-01-10 21:12:09,029 [pool-71-thread-1] INFO  server.RaftServerConfigKeys (ConfUtils.java:logGet(46)) - raft.server.log.write.buffer.size = 1048576 (custom)
2023-01-10 21:12:09,033 [pool-94-thread-1] INFO  storage.RaftStorageDirectory (RaftStorageDirectoryImpl.java:tryLock(231)) - Lock on /home/runner/work/ozone/ozone/hadoop-ozone/integration-test/target/test-dir/MiniOzoneClusterImpl-19fb9fdf-8a8f-4927-bd4c-ee6195d64daa/datanode-1/data/ratis/d4691031-201c-47be-a252-992dbb117582/in_use.lock acquired by nodename 94838@fv-az502-119
2023-01-10 21:12:09,034 | INFO  | SCMAudit | user=runner | ip=10.1.0.46 | op=SEND_HEARTBEAT {datanodeUUID=6225d677-c2d1-455e-90bb-1529b9debcfd, term=-1, command=[]} | ret=SUCCESS |  
2023-01-10 21:12:09,035 [EventQueue-OpenPipelineForHealthyPipelineSafeModeRule] INFO  safemode.SCMSafeModeManager (HealthyPipelineSafeModeRule.java:process(137)) - SCM in safe mode. Healthy pipelines reported count is 0, required healthy pipeline reported count is 1
2023-01-10 21:12:09,038 [pool-117-thread-1] INFO  server.RaftServerConfigKeys (ConfUtils.java:logGet(46)) - raft.server.log.unsafe-flush.enabled = false (default)
2023-01-10 21:12:09,038 [pool-117-thread-1] INFO  server.RaftServerConfigKeys (ConfUtils.java:logGet(46)) - raft.server.log.async-flush.enabled = false (default)
2023-01-10 21:12:09,038 [pool-94-thread-1] INFO  storage.RaftStorage (RaftStorageImpl.java:format(96)) - Storage directory /home/runner/work/ozone/ozone/hadoop-ozone/integration-test/target/test-dir/MiniOzoneClusterImpl-19fb9fdf-8a8f-4927-bd4c-ee6195d64daa/datanode-1/data/ratis/d4691031-201c-47be-a252-992dbb117582 has been successfully formatted.
2023-01-10 21:12:09,038 [pool-71-thread-1] INFO  server.RaftServerConfigKeys (ConfUtils.java:logGet(46)) - raft.server.log.appender.buffer.byte-limit = 33554432 (custom)
2023-01-10 21:12:09,040 [pool-94-thread-1] INFO  ratis.ContainerStateMachine (ContainerStateMachine.java:loadSnapshot(240)) - group-992DBB117582: The snapshot info is null. Setting the last applied indexto:(t:0, i:~)
2023-01-10 21:12:09,040 [pool-94-thread-1] INFO  server.RaftServerConfigKeys (ConfUtils.java:logGet(46)) - raft.server.log.use.memory = false (default)
2023-01-10 21:12:09,040 [pool-94-thread-1] INFO  server.RaftServerConfigKeys (ConfUtils.java:logGet(46)) - raft.server.log.purge.gap = 1000000 (custom)
2023-01-10 21:12:09,040 [pool-94-thread-1] INFO  server.RaftServerConfigKeys (ConfUtils.java:logGet(46)) - raft.server.log.appender.buffer.byte-limit = 33554432 (custom)
2023-01-10 21:12:09,040 [pool-94-thread-1] INFO  server.RaftServerConfigKeys (ConfUtils.java:logGet(46)) - raft.server.log.statemachine.data.read.timeout = 1000ms (default)
2023-01-10 21:12:09,040 [pool-94-thread-1] INFO  server.RaftServerConfigKeys (ConfUtils.java:logGet(46)) - raft.server.log.purge.preservation.log.num = 0 (default)
2023-01-10 21:12:09,040 [pool-94-thread-1] INFO  server.RaftServerConfigKeys (ConfUtils.java:logGet(46)) - raft.server.log.segment.size.max = 1048576 (custom)
2023-01-10 21:12:09,041 [pool-117-thread-1] INFO  server.RaftServerConfigKeys (ConfUtils.java:logGet(46)) - raft.server.log.statemachine.data.caching.enabled = true (custom)
2023-01-10 21:12:09,041 [pool-117-thread-1] INFO  segmented.SegmentedRaftLogWorker (SegmentedRaftLogWorker.java:lambda$new$0(135)) - 59f5c057-586b-4a1a-a0d5-0dbbd6701919@group-992DBB117582-SegmentedRaftLogWorker: flushIndex: setUnconditionally 0 -> -1
2023-01-10 21:12:09,041 [pool-117-thread-1] INFO  segmented.SegmentedRaftLogWorker (SegmentedRaftLogWorker.java:lambda$new$0(135)) - 59f5c057-586b-4a1a-a0d5-0dbbd6701919@group-992DBB117582-SegmentedRaftLogWorker: safeCacheEvictIndex: setUnconditionally 0 -> -1
2023-01-10 21:12:09,042 [pool-94-thread-1] INFO  server.RaftServerConfigKeys (ConfUtils.java:logGet(46)) - raft.server.log.segment.cache.num.max = 2 (custom)
2023-01-10 21:12:09,042 [pool-94-thread-1] INFO  server.RaftServerConfigKeys (ConfUtils.java:logGet(46)) - raft.server.log.segment.cache.size.max = 200MB (=209715200) (default)
2023-01-10 21:12:09,042 [pool-94-thread-1] INFO  segmented.SegmentedRaftLogWorker (SegmentedRaftLogWorker.java:<init>(189)) - new 13a6dec5-f14a-4de7-a098-f6186ae4839d@group-992DBB117582-SegmentedRaftLogWorker for RaftStorageImpl:Storage Directory /home/runner/work/ozone/ozone/hadoop-ozone/integration-test/target/test-dir/MiniOzoneClusterImpl-19fb9fdf-8a8f-4927-bd4c-ee6195d64daa/datanode-1/data/ratis/d4691031-201c-47be-a252-992dbb117582
2023-01-10 21:12:09,042 [pool-94-thread-1] INFO  server.RaftServerConfigKeys (ConfUtils.java:logGet(46)) - raft.server.log.queue.byte-limit = 4294967296 (custom)
2023-01-10 21:12:09,043 [pool-94-thread-1] INFO  server.RaftServerConfigKeys (ConfUtils.java:logGet(46)) - raft.server.log.queue.element-limit = 1024 (custom)
2023-01-10 21:12:09,043 [pool-94-thread-1] INFO  server.RaftServerConfigKeys (ConfUtils.java:logGet(46)) - raft.server.log.segment.size.max = 1048576 (custom)
2023-01-10 21:12:09,043 [pool-94-thread-1] INFO  server.RaftServerConfigKeys (ConfUtils.java:logGet(46)) - raft.server.log.preallocated.size = 16384 (custom)
2023-01-10 21:12:09,043 [pool-94-thread-1] INFO  server.RaftServerConfigKeys (ConfUtils.java:logGet(46)) - raft.server.log.force.sync.num = 128 (default)
2023-01-10 21:12:09,043 [pool-94-thread-1] INFO  server.RaftServerConfigKeys (ConfUtils.java:logGet(46)) - raft.server.log.statemachine.data.sync = true (default)
2023-01-10 21:12:09,043 [pool-94-thread-1] INFO  server.RaftServerConfigKeys (ConfUtils.java:logGet(46)) - raft.server.log.statemachine.data.sync.timeout = 10s (default)
2023-01-10 21:12:09,043 [pool-94-thread-1] INFO  server.RaftServerConfigKeys (ConfUtils.java:logGet(46)) - raft.server.log.statemachine.data.sync.timeout.retry = -1 (default)
2023-01-10 21:12:09,046 [pool-71-thread-1] INFO  server.RaftServerConfigKeys (ConfUtils.java:logGet(46)) - raft.server.log.unsafe-flush.enabled = false (default)
2023-01-10 21:12:09,046 [pool-71-thread-1] INFO  server.RaftServerConfigKeys (ConfUtils.java:logGet(46)) - raft.server.log.async-flush.enabled = false (default)
2023-01-10 21:12:09,046 [pool-71-thread-1] INFO  server.RaftServerConfigKeys (ConfUtils.java:logGet(46)) - raft.server.log.statemachine.data.caching.enabled = true (custom)
2023-01-10 21:12:09,046 [pool-71-thread-1] INFO  segmented.SegmentedRaftLogWorker (SegmentedRaftLogWorker.java:lambda$new$0(135)) - 6225d677-c2d1-455e-90bb-1529b9debcfd@group-992DBB117582-SegmentedRaftLogWorker: flushIndex: setUnconditionally 0 -> -1
2023-01-10 21:12:09,046 [pool-71-thread-1] INFO  segmented.SegmentedRaftLogWorker (SegmentedRaftLogWorker.java:lambda$new$0(135)) - 6225d677-c2d1-455e-90bb-1529b9debcfd@group-992DBB117582-SegmentedRaftLogWorker: safeCacheEvictIndex: setUnconditionally 0 -> -1
2023-01-10 21:12:09,046 [pool-117-thread-1] INFO  server.RaftServer$Division (RaftServerImpl.java:start(334)) - 59f5c057-586b-4a1a-a0d5-0dbbd6701919@group-992DBB117582: start as a follower, conf=-1: peers:[6225d677-c2d1-455e-90bb-1529b9debcfd|rpc:10.1.0.46:40907|dataStream:10.1.0.46:45105|priority:0|startupRole:FOLLOWER, 13a6dec5-f14a-4de7-a098-f6186ae4839d|rpc:10.1.0.46:35709|dataStream:10.1.0.46:43127|priority:1|startupRole:FOLLOWER, 59f5c057-586b-4a1a-a0d5-0dbbd6701919|rpc:10.1.0.46:35981|dataStream:10.1.0.46:38953|priority:0|startupRole:FOLLOWER]|listeners:[], old=null
2023-01-10 21:12:09,047 [pool-117-thread-1] INFO  server.RaftServer$Division (RaftServerImpl.java:setRole(321)) - 59f5c057-586b-4a1a-a0d5-0dbbd6701919@group-992DBB117582: changes role from      null to FOLLOWER at term 0 for startAsFollower
2023-01-10 21:12:09,047 [pool-71-thread-1] INFO  server.RaftServer$Division (RaftServerImpl.java:start(334)) - 6225d677-c2d1-455e-90bb-1529b9debcfd@group-992DBB117582: start as a follower, conf=-1: peers:[6225d677-c2d1-455e-90bb-1529b9debcfd|rpc:10.1.0.46:40907|dataStream:10.1.0.46:45105|priority:0|startupRole:FOLLOWER, 13a6dec5-f14a-4de7-a098-f6186ae4839d|rpc:10.1.0.46:35709|dataStream:10.1.0.46:43127|priority:1|startupRole:FOLLOWER, 59f5c057-586b-4a1a-a0d5-0dbbd6701919|rpc:10.1.0.46:35981|dataStream:10.1.0.46:38953|priority:0|startupRole:FOLLOWER]|listeners:[], old=null
2023-01-10 21:12:09,051 | INFO  | SCMAudit | user=runner | ip=10.1.0.46 | op=SEND_HEARTBEAT {datanodeUUID=13a6dec5-f14a-4de7-a098-f6186ae4839d, term=-1, command=[]} | ret=SUCCESS |  
2023-01-10 21:12:09,052 [EventQueue-OpenPipelineForHealthyPipelineSafeModeRule] INFO  safemode.SCMSafeModeManager (HealthyPipelineSafeModeRule.java:process(137)) - SCM in safe mode. Healthy pipelines reported count is 0, required healthy pipeline reported count is 1
2023-01-10 21:12:09,052 [pool-71-thread-1] INFO  server.RaftServer$Division (RaftServerImpl.java:setRole(321)) - 6225d677-c2d1-455e-90bb-1529b9debcfd@group-992DBB117582: changes role from      null to FOLLOWER at term 0 for startAsFollower
2023-01-10 21:12:09,053 [pool-71-thread-1] INFO  impl.RoleInfo (RoleInfo.java:updateAndGet(139)) - 6225d677-c2d1-455e-90bb-1529b9debcfd: start 6225d677-c2d1-455e-90bb-1529b9debcfd@group-992DBB117582-FollowerState
2023-01-10 21:12:09,053 [pool-71-thread-1] INFO  util.JmxRegister (JmxRegister.java:tryRegister(44)) - Successfully registered JMX Bean with object name Ratis:service=RaftServer,group=group-992DBB117582,id=6225d677-c2d1-455e-90bb-1529b9debcfd
2023-01-10 21:12:09,053 [6225d677-c2d1-455e-90bb-1529b9debcfd@group-992DBB117582-FollowerState] INFO  server.RaftServerConfigKeys (ConfUtils.java:logFallback(53)) - raft.server.rpc.first-election.timeout.min = 5s (fallback to raft.server.rpc.timeout.min)
2023-01-10 21:12:09,053 [pool-117-thread-1] INFO  impl.RoleInfo (RoleInfo.java:updateAndGet(139)) - 59f5c057-586b-4a1a-a0d5-0dbbd6701919: start 59f5c057-586b-4a1a-a0d5-0dbbd6701919@group-992DBB117582-FollowerState
2023-01-10 21:12:09,054 [pool-117-thread-1] INFO  util.JmxRegister (JmxRegister.java:tryRegister(44)) - Successfully registered JMX Bean with object name Ratis:service=RaftServer,group=group-992DBB117582,id=59f5c057-586b-4a1a-a0d5-0dbbd6701919
2023-01-10 21:12:09,054 [pool-117-thread-1] INFO  server.RaftServerConfigKeys (ConfUtils.java:logGet(46)) - raft.server.snapshot.auto.trigger.enabled = true (custom)
2023-01-10 21:12:09,054 [pool-117-thread-1] INFO  server.RaftServerConfigKeys (ConfUtils.java:logGet(46)) - raft.server.snapshot.auto.trigger.threshold = 10000 (custom)
2023-01-10 21:12:09,054 [pool-117-thread-1] INFO  server.RaftServerConfigKeys (ConfUtils.java:logGet(46)) - raft.server.snapshot.retention.file.num = 5 (custom)
2023-01-10 21:12:09,054 [pool-117-thread-1] INFO  server.RaftServerConfigKeys (ConfUtils.java:logGet(46)) - raft.server.log.purge.upto.snapshot.index = false (default)
2023-01-10 21:12:09,054 [pool-94-thread-1] INFO  server.RaftServerConfigKeys (ConfUtils.java:logGet(46)) - raft.server.log.write.buffer.size = 1048576 (custom)
2023-01-10 21:12:09,055 [pool-94-thread-1] INFO  server.RaftServerConfigKeys (ConfUtils.java:logGet(46)) - raft.server.log.appender.buffer.byte-limit = 33554432 (custom)
2023-01-10 21:12:09,053 [pool-71-thread-1] INFO  server.RaftServerConfigKeys (ConfUtils.java:logGet(46)) - raft.server.snapshot.auto.trigger.enabled = true (custom)
2023-01-10 21:12:09,055 [pool-71-thread-1] INFO  server.RaftServerConfigKeys (ConfUtils.java:logGet(46)) - raft.server.snapshot.auto.trigger.threshold = 10000 (custom)
2023-01-10 21:12:09,055 [pool-71-thread-1] INFO  server.RaftServerConfigKeys (ConfUtils.java:logGet(46)) - raft.server.snapshot.retention.file.num = 5 (custom)
2023-01-10 21:12:09,055 [pool-71-thread-1] INFO  server.RaftServerConfigKeys (ConfUtils.java:logGet(46)) - raft.server.log.purge.upto.snapshot.index = false (default)
2023-01-10 21:12:09,055 [6225d677-c2d1-455e-90bb-1529b9debcfd@group-992DBB117582-FollowerState] INFO  server.RaftServerConfigKeys (ConfUtils.java:logFallback(53)) - raft.server.rpc.first-election.timeout.max = 5200ms (fallback to raft.server.rpc.timeout.max)
2023-01-10 21:12:09,057 [Command processor thread] INFO  ratis.XceiverServerRatis (XceiverServerRatis.java:addGroup(806)) - Created group PipelineID=d4691031-201c-47be-a252-992dbb117582
2023-01-10 21:12:09,060 [pool-94-thread-1] INFO  server.RaftServerConfigKeys (ConfUtils.java:logGet(46)) - raft.server.log.unsafe-flush.enabled = false (default)
2023-01-10 21:12:09,060 [pool-94-thread-1] INFO  server.RaftServerConfigKeys (ConfUtils.java:logGet(46)) - raft.server.log.async-flush.enabled = false (default)
2023-01-10 21:12:09,061 [pool-94-thread-1] INFO  server.RaftServerConfigKeys (ConfUtils.java:logGet(46)) - raft.server.log.statemachine.data.caching.enabled = true (custom)
2023-01-10 21:12:09,062 [pool-94-thread-1] INFO  segmented.SegmentedRaftLogWorker (SegmentedRaftLogWorker.java:lambda$new$0(135)) - 13a6dec5-f14a-4de7-a098-f6186ae4839d@group-992DBB117582-SegmentedRaftLogWorker: flushIndex: setUnconditionally 0 -> -1
2023-01-10 21:12:09,062 [pool-94-thread-1] INFO  segmented.SegmentedRaftLogWorker (SegmentedRaftLogWorker.java:lambda$new$0(135)) - 13a6dec5-f14a-4de7-a098-f6186ae4839d@group-992DBB117582-SegmentedRaftLogWorker: safeCacheEvictIndex: setUnconditionally 0 -> -1
2023-01-10 21:12:09,062 [pool-94-thread-1] INFO  server.RaftServer$Division (RaftServerImpl.java:start(334)) - 13a6dec5-f14a-4de7-a098-f6186ae4839d@group-992DBB117582: start as a follower, conf=-1: peers:[6225d677-c2d1-455e-90bb-1529b9debcfd|rpc:10.1.0.46:40907|dataStream:10.1.0.46:45105|priority:0|startupRole:FOLLOWER, 13a6dec5-f14a-4de7-a098-f6186ae4839d|rpc:10.1.0.46:35709|dataStream:10.1.0.46:43127|priority:1|startupRole:FOLLOWER, 59f5c057-586b-4a1a-a0d5-0dbbd6701919|rpc:10.1.0.46:35981|dataStream:10.1.0.46:38953|priority:0|startupRole:FOLLOWER]|listeners:[], old=null
2023-01-10 21:12:09,062 [pool-94-thread-1] INFO  server.RaftServer$Division (RaftServerImpl.java:setRole(321)) - 13a6dec5-f14a-4de7-a098-f6186ae4839d@group-992DBB117582: changes role from      null to FOLLOWER at term 0 for startAsFollower
2023-01-10 21:12:09,062 [pool-94-thread-1] INFO  impl.RoleInfo (RoleInfo.java:updateAndGet(139)) - 13a6dec5-f14a-4de7-a098-f6186ae4839d: start 13a6dec5-f14a-4de7-a098-f6186ae4839d@group-992DBB117582-FollowerState
2023-01-10 21:12:09,068 [13a6dec5-f14a-4de7-a098-f6186ae4839d@group-992DBB117582-FollowerState] INFO  server.RaftServerConfigKeys (ConfUtils.java:logFallback(53)) - raft.server.rpc.first-election.timeout.min = 5s (fallback to raft.server.rpc.timeout.min)
2023-01-10 21:12:09,070 [13a6dec5-f14a-4de7-a098-f6186ae4839d@group-992DBB117582-FollowerState] INFO  server.RaftServerConfigKeys (ConfUtils.java:logFallback(53)) - raft.server.rpc.first-election.timeout.max = 5200ms (fallback to raft.server.rpc.timeout.max)
2023-01-10 21:12:09,069 [59f5c057-586b-4a1a-a0d5-0dbbd6701919@group-992DBB117582-FollowerState] INFO  server.RaftServerConfigKeys (ConfUtils.java:logFallback(53)) - raft.server.rpc.first-election.timeout.min = 5s (fallback to raft.server.rpc.timeout.min)
2023-01-10 21:12:09,074 [59f5c057-586b-4a1a-a0d5-0dbbd6701919@group-992DBB117582-FollowerState] INFO  server.RaftServerConfigKeys (ConfUtils.java:logFallback(53)) - raft.server.rpc.first-election.timeout.max = 5200ms (fallback to raft.server.rpc.timeout.max)
2023-01-10 21:12:09,069 [pool-94-thread-1] INFO  util.JmxRegister (JmxRegister.java:tryRegister(44)) - Successfully registered JMX Bean with object name Ratis:service=RaftServer,group=group-992DBB117582,id=13a6dec5-f14a-4de7-a098-f6186ae4839d
2023-01-10 21:12:09,074 [pool-94-thread-1] INFO  server.RaftServerConfigKeys (ConfUtils.java:logGet(46)) - raft.server.snapshot.auto.trigger.enabled = true (custom)
2023-01-10 21:12:09,074 [pool-94-thread-1] INFO  server.RaftServerConfigKeys (ConfUtils.java:logGet(46)) - raft.server.snapshot.auto.trigger.threshold = 10000 (custom)
2023-01-10 21:12:09,074 [pool-94-thread-1] INFO  server.RaftServerConfigKeys (ConfUtils.java:logGet(46)) - raft.server.snapshot.retention.file.num = 5 (custom)
2023-01-10 21:12:09,074 [pool-94-thread-1] INFO  server.RaftServerConfigKeys (ConfUtils.java:logGet(46)) - raft.server.log.purge.upto.snapshot.index = false (default)
2023-01-10 21:12:09,084 [Command processor thread] INFO  ratis.XceiverServerRatis (XceiverServerRatis.java:addGroup(806)) - Created group PipelineID=d4691031-201c-47be-a252-992dbb117582
2023-01-10 21:12:09,086 [Command processor thread] INFO  ratis.XceiverServerRatis (XceiverServerRatis.java:addGroup(806)) - Created group PipelineID=d4691031-201c-47be-a252-992dbb117582
2023-01-10 21:12:09,195 [Command processor thread] INFO  commandhandler.CreatePipelineCommandHandler (CreatePipelineCommandHandler.java:handle(113)) - Created Pipeline RATIS THREE PipelineID=d4691031-201c-47be-a252-992dbb117582.
2023-01-10 21:12:09,217 [Command processor thread] INFO  commandhandler.CreatePipelineCommandHandler (CreatePipelineCommandHandler.java:handle(113)) - Created Pipeline RATIS THREE PipelineID=d4691031-201c-47be-a252-992dbb117582.
2023-01-10 21:12:09,222 [Command processor thread] INFO  commandhandler.CreatePipelineCommandHandler (CreatePipelineCommandHandler.java:handle(113)) - Created Pipeline RATIS THREE PipelineID=d4691031-201c-47be-a252-992dbb117582.
2023-01-10 21:12:09,609 [Listener at 127.0.0.1/46425] INFO  ozone.MiniOzoneClusterImpl (MiniOzoneClusterImpl.java:lambda$waitForClusterToBeReady$0(218)) - Nodes are ready. Got 3 of 3 DN Heartbeats.
2023-01-10 21:12:09,609 [Listener at 127.0.0.1/46425] INFO  ozone.MiniOzoneClusterImpl (MiniOzoneClusterImpl.java:lambda$waitForClusterToBeReady$0(221)) - Waiting for cluster to exit safe mode
2023-01-10 21:12:09,609 [Listener at 127.0.0.1/46425] INFO  ozone.MiniOzoneClusterImpl (MiniOzoneClusterImpl.java:lambda$waitForClusterToBeReady$0(223)) - SCM became leader
2023-01-10 21:12:10,016 | INFO  | SCMAudit | user=runner | ip=10.1.0.46 | op=SEND_HEARTBEAT {datanodeUUID=59f5c057-586b-4a1a-a0d5-0dbbd6701919, term=-1, command=[]} | ret=SUCCESS |  
2023-01-10 21:12:10,029 | INFO  | SCMAudit | user=runner | ip=10.1.0.46 | op=SEND_HEARTBEAT {datanodeUUID=6225d677-c2d1-455e-90bb-1529b9debcfd, term=-1, command=[]} | ret=SUCCESS |  
2023-01-10 21:12:10,044 | INFO  | SCMAudit | user=runner | ip=10.1.0.46 | op=SEND_HEARTBEAT {datanodeUUID=13a6dec5-f14a-4de7-a098-f6186ae4839d, term=-1, command=[]} | ret=SUCCESS |  
2023-01-10 21:12:10,610 [Listener at 127.0.0.1/46425] INFO  ozone.MiniOzoneClusterImpl (MiniOzoneClusterImpl.java:lambda$waitForClusterToBeReady$0(218)) - Nodes are ready. Got 3 of 3 DN Heartbeats.
2023-01-10 21:12:10,610 [Listener at 127.0.0.1/46425] INFO  ozone.MiniOzoneClusterImpl (MiniOzoneClusterImpl.java:lambda$waitForClusterToBeReady$0(221)) - Waiting for cluster to exit safe mode
2023-01-10 21:12:10,610 [Listener at 127.0.0.1/46425] INFO  ozone.MiniOzoneClusterImpl (MiniOzoneClusterImpl.java:lambda$waitForClusterToBeReady$0(223)) - SCM became leader
2023-01-10 21:12:10,950 [JvmPauseMonitor0] WARN  util.JvmPauseMonitor (JvmPauseMonitor.java:detectPause(126)) - JvmPauseMonitor-om1: Detected pause in JVM or host machine (eg GC): pause of approximately 283942970ns.
GC pool 'PS MarkSweep' had collection(s): count=1 time=198ms
GC pool 'PS Scavenge' had collection(s): count=1 time=84ms
2023-01-10 21:12:10,951 [JvmPauseMonitor1] WARN  util.JvmPauseMonitor (JvmPauseMonitor.java:detectPause(126)) - JvmPauseMonitor-6225d677-c2d1-455e-90bb-1529b9debcfd: Detected pause in JVM or host machine (eg GC): pause of approximately 284657418ns.
GC pool 'PS MarkSweep' had collection(s): count=1 time=198ms
GC pool 'PS Scavenge' had collection(s): count=1 time=84ms
2023-01-10 21:12:10,951 [JvmPauseMonitor3] WARN  util.JvmPauseMonitor (JvmPauseMonitor.java:detectPause(126)) - JvmPauseMonitor-59f5c057-586b-4a1a-a0d5-0dbbd6701919: Detected pause in JVM or host machine (eg GC): pause of approximately 285335263ns.
GC pool 'PS MarkSweep' had collection(s): count=1 time=198ms
GC pool 'PS Scavenge' had collection(s): count=1 time=84ms
2023-01-10 21:12:10,952 [JvmPauseMonitor2] WARN  util.JvmPauseMonitor (JvmPauseMonitor.java:detectPause(126)) - JvmPauseMonitor-13a6dec5-f14a-4de7-a098-f6186ae4839d: Detected pause in JVM or host machine (eg GC): pause of approximately 216541068ns.
GC pool 'PS MarkSweep' had collection(s): count=1 time=198ms
GC pool 'PS Scavenge' had collection(s): count=1 time=84ms
2023-01-10 21:12:11,013 | INFO  | SCMAudit | user=runner | ip=10.1.0.46 | op=SEND_HEARTBEAT {datanodeUUID=59f5c057-586b-4a1a-a0d5-0dbbd6701919, term=-1, command=[]} | ret=SUCCESS |  
2023-01-10 21:12:11,031 | INFO  | SCMAudit | user=runner | ip=10.1.0.46 | op=SEND_HEARTBEAT {datanodeUUID=6225d677-c2d1-455e-90bb-1529b9debcfd, term=-1, command=[]} | ret=SUCCESS |  
2023-01-10 21:12:11,044 | INFO  | SCMAudit | user=runner | ip=10.1.0.46 | op=SEND_HEARTBEAT {datanodeUUID=13a6dec5-f14a-4de7-a098-f6186ae4839d, term=-1, command=[]} | ret=SUCCESS |  
2023-01-10 21:12:11,610 [Listener at 127.0.0.1/46425] INFO  ozone.MiniOzoneClusterImpl (MiniOzoneClusterImpl.java:lambda$waitForClusterToBeReady$0(218)) - Nodes are ready. Got 3 of 3 DN Heartbeats.
2023-01-10 21:12:11,611 [Listener at 127.0.0.1/46425] INFO  ozone.MiniOzoneClusterImpl (MiniOzoneClusterImpl.java:lambda$waitForClusterToBeReady$0(221)) - Waiting for cluster to exit safe mode
2023-01-10 21:12:11,611 [Listener at 127.0.0.1/46425] INFO  ozone.MiniOzoneClusterImpl (MiniOzoneClusterImpl.java:lambda$waitForClusterToBeReady$0(223)) - SCM became leader
2023-01-10 21:12:12,011 | INFO  | SCMAudit | user=runner | ip=10.1.0.46 | op=SEND_HEARTBEAT {datanodeUUID=59f5c057-586b-4a1a-a0d5-0dbbd6701919, term=-1, command=[]} | ret=SUCCESS |  
2023-01-10 21:12:12,030 | INFO  | SCMAudit | user=runner | ip=10.1.0.46 | op=SEND_HEARTBEAT {datanodeUUID=6225d677-c2d1-455e-90bb-1529b9debcfd, term=-1, command=[]} | ret=SUCCESS |  
2023-01-10 21:12:12,044 | INFO  | SCMAudit | user=runner | ip=10.1.0.46 | op=SEND_HEARTBEAT {datanodeUUID=13a6dec5-f14a-4de7-a098-f6186ae4839d, term=-1, command=[]} | ret=SUCCESS |  
2023-01-10 21:12:12,611 [Listener at 127.0.0.1/46425] INFO  ozone.MiniOzoneClusterImpl (MiniOzoneClusterImpl.java:lambda$waitForClusterToBeReady$0(218)) - Nodes are ready. Got 3 of 3 DN Heartbeats.
2023-01-10 21:12:12,611 [Listener at 127.0.0.1/46425] INFO  ozone.MiniOzoneClusterImpl (MiniOzoneClusterImpl.java:lambda$waitForClusterToBeReady$0(221)) - Waiting for cluster to exit safe mode
2023-01-10 21:12:12,611 [Listener at 127.0.0.1/46425] INFO  ozone.MiniOzoneClusterImpl (MiniOzoneClusterImpl.java:lambda$waitForClusterToBeReady$0(223)) - SCM became leader
2023-01-10 21:12:12,745 [6225d677-c2d1-455e-90bb-1529b9debcfd@group-B0881AA90A3F-FollowerState] INFO  impl.FollowerState (FollowerState.java:run(143)) - 6225d677-c2d1-455e-90bb-1529b9debcfd@group-B0881AA90A3F-FollowerState: change to CANDIDATE, lastRpcElapsedTime:5173399884ns, electionTimeout:5167ms
2023-01-10 21:12:12,746 [6225d677-c2d1-455e-90bb-1529b9debcfd@group-B0881AA90A3F-FollowerState] INFO  impl.RoleInfo (RoleInfo.java:shutdownFollowerState(110)) - 6225d677-c2d1-455e-90bb-1529b9debcfd: shutdown 6225d677-c2d1-455e-90bb-1529b9debcfd@group-B0881AA90A3F-FollowerState
2023-01-10 21:12:12,746 [6225d677-c2d1-455e-90bb-1529b9debcfd@group-B0881AA90A3F-FollowerState] INFO  server.RaftServer$Division (RaftServerImpl.java:setRole(321)) - 6225d677-c2d1-455e-90bb-1529b9debcfd@group-B0881AA90A3F: changes role from  FOLLOWER to CANDIDATE at term 0 for changeToCandidate
2023-01-10 21:12:12,747 [6225d677-c2d1-455e-90bb-1529b9debcfd@group-B0881AA90A3F-FollowerState] INFO  server.RaftServerConfigKeys (ConfUtils.java:logGet(46)) - raft.server.leaderelection.pre-vote = false (custom)
2023-01-10 21:12:12,747 [6225d677-c2d1-455e-90bb-1529b9debcfd@group-B0881AA90A3F-FollowerState] INFO  impl.RoleInfo (RoleInfo.java:updateAndGet(139)) - 6225d677-c2d1-455e-90bb-1529b9debcfd: start 6225d677-c2d1-455e-90bb-1529b9debcfd@group-B0881AA90A3F-LeaderElection2
2023-01-10 21:12:12,756 [6225d677-c2d1-455e-90bb-1529b9debcfd@group-B0881AA90A3F-LeaderElection2] INFO  impl.LeaderElection (LeaderElection.java:askForVotes(312)) - 6225d677-c2d1-455e-90bb-1529b9debcfd@group-B0881AA90A3F-LeaderElection2 ELECTION round 0: submit vote requests at term 1 for -1: peers:[6225d677-c2d1-455e-90bb-1529b9debcfd|rpc:10.1.0.46:40907|dataStream:10.1.0.46:45105|priority:1|startupRole:FOLLOWER]|listeners:[], old=null
2023-01-10 21:12:12,756 [6225d677-c2d1-455e-90bb-1529b9debcfd@group-B0881AA90A3F-LeaderElection2] INFO  impl.LeaderElection (LeaderElection.java:askForVotes(314)) - 6225d677-c2d1-455e-90bb-1529b9debcfd@group-B0881AA90A3F-LeaderElection2 ELECTION round 0: result PASSED (term=1)
2023-01-10 21:12:12,756 [6225d677-c2d1-455e-90bb-1529b9debcfd@group-B0881AA90A3F-LeaderElection2] INFO  impl.RoleInfo (RoleInfo.java:shutdownLeaderElection(130)) - 6225d677-c2d1-455e-90bb-1529b9debcfd: shutdown 6225d677-c2d1-455e-90bb-1529b9debcfd@group-B0881AA90A3F-LeaderElection2
2023-01-10 21:12:12,756 [6225d677-c2d1-455e-90bb-1529b9debcfd@group-B0881AA90A3F-LeaderElection2] INFO  server.RaftServer$Division (RaftServerImpl.java:setRole(321)) - 6225d677-c2d1-455e-90bb-1529b9debcfd@group-B0881AA90A3F: changes role from CANDIDATE to LEADER at term 1 for changeToLeader
2023-01-10 21:12:12,756 [6225d677-c2d1-455e-90bb-1529b9debcfd@group-B0881AA90A3F-LeaderElection2] INFO  ratis.XceiverServerRatis (XceiverServerRatis.java:handleLeaderChangedNotification(904)) - Leader change notification received for group: group-B0881AA90A3F with new leaderId: 6225d677-c2d1-455e-90bb-1529b9debcfd
2023-01-10 21:12:12,756 [6225d677-c2d1-455e-90bb-1529b9debcfd@group-B0881AA90A3F-LeaderElection2] INFO  server.RaftServer$Division (ServerState.java:setLeader(313)) - 6225d677-c2d1-455e-90bb-1529b9debcfd@group-B0881AA90A3F: change Leader from null to 6225d677-c2d1-455e-90bb-1529b9debcfd at term 1 for becomeLeader, leader elected after 5228ms
2023-01-10 21:12:12,756 [6225d677-c2d1-455e-90bb-1529b9debcfd@group-B0881AA90A3F-LeaderElection2] INFO  server.RaftServerConfigKeys (ConfUtils.java:logGet(46)) - raft.server.staging.catchup.gap = 1000 (default)
2023-01-10 21:12:12,763 | INFO  | SCMAudit | user=runner | ip=10.1.0.46 | op=SEND_HEARTBEAT {datanodeUUID=6225d677-c2d1-455e-90bb-1529b9debcfd, term=-1, command=[]} | ret=SUCCESS |  
2023-01-10 21:12:12,763 [EventQueue-OpenPipelineForHealthyPipelineSafeModeRule] INFO  safemode.SCMSafeModeManager (HealthyPipelineSafeModeRule.java:process(137)) - SCM in safe mode. Healthy pipelines reported count is 0, required healthy pipeline reported count is 1
2023-01-10 21:12:12,764 [6225d677-c2d1-455e-90bb-1529b9debcfd@group-B0881AA90A3F-LeaderElection2] INFO  server.RaftServerConfigKeys (ConfUtils.java:logGet(46)) - raft.server.write.element-limit = 1024 (custom)
2023-01-10 21:12:12,764 [6225d677-c2d1-455e-90bb-1529b9debcfd@group-B0881AA90A3F-LeaderElection2] INFO  server.RaftServerConfigKeys (ConfUtils.java:logGet(46)) - raft.server.write.byte-limit = 1024 M (=1073741824) (custom)
2023-01-10 21:12:12,764 [6225d677-c2d1-455e-90bb-1529b9debcfd@group-B0881AA90A3F-LeaderElection2] INFO  server.RaftServerConfigKeys (ConfUtils.java:logGet(46)) - raft.server.watch.timeout = 180s (custom)
2023-01-10 21:12:12,764 [6225d677-c2d1-455e-90bb-1529b9debcfd@group-B0881AA90A3F-LeaderElection2] INFO  server.RaftServerConfigKeys (ConfUtils.java:logGet(46)) - raft.server.watch.timeout.denomination = 1s (default)
2023-01-10 21:12:12,764 [6225d677-c2d1-455e-90bb-1529b9debcfd@group-B0881AA90A3F-LeaderElection2] INFO  server.RaftServerConfigKeys (ConfUtils.java:logGet(46)) - raft.server.watch.element-limit = 65536 (default)
2023-01-10 21:12:12,764 [6225d677-c2d1-455e-90bb-1529b9debcfd@group-B0881AA90A3F-LeaderElection2] INFO  server.RaftServerConfigKeys (ConfUtils.java:logGet(46)) - raft.server.write.element-limit = 1024 (custom)
2023-01-10 21:12:12,764 [6225d677-c2d1-455e-90bb-1529b9debcfd@group-B0881AA90A3F-LeaderElection2] INFO  server.RaftServerConfigKeys (ConfUtils.java:logGet(46)) - raft.server.write.follower.gap.ratio.max = -1.0 (default)
2023-01-10 21:12:12,764 [6225d677-c2d1-455e-90bb-1529b9debcfd@group-B0881AA90A3F-LeaderElection2] INFO  impl.RoleInfo (RoleInfo.java:updateAndGet(139)) - 6225d677-c2d1-455e-90bb-1529b9debcfd: start 6225d677-c2d1-455e-90bb-1529b9debcfd@group-B0881AA90A3F-LeaderStateImpl
2023-01-10 21:12:12,765 [6225d677-c2d1-455e-90bb-1529b9debcfd@group-B0881AA90A3F-LeaderElection2] INFO  segmented.SegmentedRaftLogWorker (SegmentedRaftLogWorker.java:startLogSegment(452)) - 6225d677-c2d1-455e-90bb-1529b9debcfd@group-B0881AA90A3F-SegmentedRaftLogWorker: Starting segment from index:0
2023-01-10 21:12:12,766 [6225d677-c2d1-455e-90bb-1529b9debcfd@group-B0881AA90A3F-SegmentedRaftLogWorker] INFO  segmented.SegmentedRaftLogWorker (SegmentedRaftLogWorker.java:execute(656)) - 6225d677-c2d1-455e-90bb-1529b9debcfd@group-B0881AA90A3F-SegmentedRaftLogWorker: created new log segment /home/runner/work/ozone/ozone/hadoop-ozone/integration-test/target/test-dir/MiniOzoneClusterImpl-19fb9fdf-8a8f-4927-bd4c-ee6195d64daa/datanode-0/data/ratis/402e0e02-dc95-4aa1-8b7e-b0881aa90a3f/current/log_inprogress_0
2023-01-10 21:12:12,778 [6225d677-c2d1-455e-90bb-1529b9debcfd@group-B0881AA90A3F-LeaderElection2] INFO  server.RaftServer$Division (ServerState.java:setRaftConf(430)) - 6225d677-c2d1-455e-90bb-1529b9debcfd@group-B0881AA90A3F: set configuration 0: peers:[6225d677-c2d1-455e-90bb-1529b9debcfd|rpc:10.1.0.46:40907|dataStream:10.1.0.46:45105|priority:1|startupRole:FOLLOWER]|listeners:[], old=null
2023-01-10 21:12:12,798 [6225d677-c2d1-455e-90bb-1529b9debcfd@group-F14965801010-FollowerState] INFO  impl.FollowerState (FollowerState.java:run(143)) - 6225d677-c2d1-455e-90bb-1529b9debcfd@group-F14965801010-FollowerState: change to CANDIDATE, lastRpcElapsedTime:5167824309ns, electionTimeout:5151ms
2023-01-10 21:12:12,799 [6225d677-c2d1-455e-90bb-1529b9debcfd@group-F14965801010-FollowerState] INFO  impl.RoleInfo (RoleInfo.java:shutdownFollowerState(110)) - 6225d677-c2d1-455e-90bb-1529b9debcfd: shutdown 6225d677-c2d1-455e-90bb-1529b9debcfd@group-F14965801010-FollowerState
2023-01-10 21:12:12,799 [6225d677-c2d1-455e-90bb-1529b9debcfd@group-F14965801010-FollowerState] INFO  server.RaftServer$Division (RaftServerImpl.java:setRole(321)) - 6225d677-c2d1-455e-90bb-1529b9debcfd@group-F14965801010: changes role from  FOLLOWER to CANDIDATE at term 0 for changeToCandidate
2023-01-10 21:12:12,799 [6225d677-c2d1-455e-90bb-1529b9debcfd@group-F14965801010-FollowerState] INFO  server.RaftServerConfigKeys (ConfUtils.java:logGet(46)) - raft.server.leaderelection.pre-vote = false (custom)
2023-01-10 21:12:12,799 [6225d677-c2d1-455e-90bb-1529b9debcfd@group-F14965801010-FollowerState] INFO  impl.RoleInfo (RoleInfo.java:updateAndGet(139)) - 6225d677-c2d1-455e-90bb-1529b9debcfd: start 6225d677-c2d1-455e-90bb-1529b9debcfd@group-F14965801010-LeaderElection3
2023-01-10 21:12:12,805 [6225d677-c2d1-455e-90bb-1529b9debcfd@group-F14965801010-LeaderElection3] INFO  impl.LeaderElection (LeaderElection.java:askForVotes(312)) - 6225d677-c2d1-455e-90bb-1529b9debcfd@group-F14965801010-LeaderElection3 ELECTION round 0: submit vote requests at term 1 for -1: peers:[6225d677-c2d1-455e-90bb-1529b9debcfd|rpc:10.1.0.46:40907|dataStream:10.1.0.46:45105|priority:0|startupRole:FOLLOWER, 13a6dec5-f14a-4de7-a098-f6186ae4839d|rpc:10.1.0.46:35709|dataStream:10.1.0.46:43127|priority:0|startupRole:FOLLOWER, 59f5c057-586b-4a1a-a0d5-0dbbd6701919|rpc:10.1.0.46:35981|dataStream:10.1.0.46:38953|priority:1|startupRole:FOLLOWER]|listeners:[], old=null
2023-01-10 21:12:12,811 [6225d677-c2d1-455e-90bb-1529b9debcfd@group-F14965801010-LeaderElection3] INFO  server.RaftServerConfigKeys (ConfUtils.java:logFallback(53)) - raft.server.rpc.first-election.timeout.min = 5s (fallback to raft.server.rpc.timeout.min)
2023-01-10 21:12:12,811 [6225d677-c2d1-455e-90bb-1529b9debcfd@group-F14965801010-LeaderElection3] INFO  server.RaftServerConfigKeys (ConfUtils.java:logFallback(53)) - raft.server.rpc.first-election.timeout.max = 5200ms (fallback to raft.server.rpc.timeout.max)
2023-01-10 21:12:12,812 [6225d677-c2d1-455e-90bb-1529b9debcfd@group-F14965801010-LeaderElection3-1] INFO  server.GrpcServerProtocolClient (GrpcServerProtocolClient.java:<init>(63)) - Build channel for 13a6dec5-f14a-4de7-a098-f6186ae4839d
2023-01-10 21:12:12,814 [6225d677-c2d1-455e-90bb-1529b9debcfd@group-F14965801010-LeaderElection3-2] INFO  server.GrpcServerProtocolClient (GrpcServerProtocolClient.java:<init>(63)) - Build channel for 59f5c057-586b-4a1a-a0d5-0dbbd6701919
2023-01-10 21:12:12,842 [grpc-default-executor-1] INFO  server.RaftServer$Division (RaftServerImpl.java:requestVote(1218)) - 13a6dec5-f14a-4de7-a098-f6186ae4839d@group-F14965801010: receive requestVote(ELECTION, 6225d677-c2d1-455e-90bb-1529b9debcfd, group-F14965801010, 1, (t:0, i:0))
2023-01-10 21:12:12,845 [grpc-default-executor-1] INFO  impl.VoteContext (VoteContext.java:log(49)) - 13a6dec5-f14a-4de7-a098-f6186ae4839d@group-F14965801010-FOLLOWER: accept ELECTION from 6225d677-c2d1-455e-90bb-1529b9debcfd: our priority 0 <= candidate's priority 0
2023-01-10 21:12:12,845 [grpc-default-executor-1] INFO  server.RaftServer$Division (RaftServerImpl.java:setRole(321)) - 13a6dec5-f14a-4de7-a098-f6186ae4839d@group-F14965801010: changes role from  FOLLOWER to FOLLOWER at term 1 for candidate:6225d677-c2d1-455e-90bb-1529b9debcfd
2023-01-10 21:12:12,845 [grpc-default-executor-1] INFO  impl.RoleInfo (RoleInfo.java:shutdownFollowerState(110)) - 13a6dec5-f14a-4de7-a098-f6186ae4839d: shutdown 13a6dec5-f14a-4de7-a098-f6186ae4839d@group-F14965801010-FollowerState
2023-01-10 21:12:12,845 [13a6dec5-f14a-4de7-a098-f6186ae4839d@group-F14965801010-FollowerState] INFO  impl.FollowerState (FollowerState.java:run(152)) - 13a6dec5-f14a-4de7-a098-f6186ae4839d@group-F14965801010-FollowerState was interrupted
2023-01-10 21:12:12,847 [grpc-default-executor-1] INFO  impl.RoleInfo (RoleInfo.java:updateAndGet(139)) - 13a6dec5-f14a-4de7-a098-f6186ae4839d: start 13a6dec5-f14a-4de7-a098-f6186ae4839d@group-F14965801010-FollowerState
2023-01-10 21:12:12,847 [13a6dec5-f14a-4de7-a098-f6186ae4839d@group-F14965801010-FollowerState] INFO  server.RaftServerConfigKeys (ConfUtils.java:logFallback(53)) - raft.server.rpc.first-election.timeout.min = 5s (fallback to raft.server.rpc.timeout.min)
2023-01-10 21:12:12,848 [13a6dec5-f14a-4de7-a098-f6186ae4839d@group-F14965801010-FollowerState] INFO  server.RaftServerConfigKeys (ConfUtils.java:logFallback(53)) - raft.server.rpc.first-election.timeout.max = 5200ms (fallback to raft.server.rpc.timeout.max)
2023-01-10 21:12:12,848 [grpc-default-executor-2] INFO  server.RaftServer$Division (RaftServerImpl.java:requestVote(1218)) - 59f5c057-586b-4a1a-a0d5-0dbbd6701919@group-F14965801010: receive requestVote(ELECTION, 6225d677-c2d1-455e-90bb-1529b9debcfd, group-F14965801010, 1, (t:0, i:0))
2023-01-10 21:12:12,848 [grpc-default-executor-2] INFO  impl.VoteContext (VoteContext.java:log(49)) - 59f5c057-586b-4a1a-a0d5-0dbbd6701919@group-F14965801010-FOLLOWER: reject ELECTION from 6225d677-c2d1-455e-90bb-1529b9debcfd: our priority 1 > candidate's priority 0
2023-01-10 21:12:12,849 [grpc-default-executor-2] INFO  server.RaftServer$Division (RaftServerImpl.java:setRole(321)) - 59f5c057-586b-4a1a-a0d5-0dbbd6701919@group-F14965801010: changes role from  FOLLOWER to FOLLOWER at term 1 for candidate:6225d677-c2d1-455e-90bb-1529b9debcfd
2023-01-10 21:12:12,849 [grpc-default-executor-2] INFO  impl.RoleInfo (RoleInfo.java:shutdownFollowerState(110)) - 59f5c057-586b-4a1a-a0d5-0dbbd6701919: shutdown 59f5c057-586b-4a1a-a0d5-0dbbd6701919@group-F14965801010-FollowerState
2023-01-10 21:12:12,850 [grpc-default-executor-2] INFO  impl.RoleInfo (RoleInfo.java:updateAndGet(139)) - 59f5c057-586b-4a1a-a0d5-0dbbd6701919: start 59f5c057-586b-4a1a-a0d5-0dbbd6701919@group-F14965801010-FollowerState
2023-01-10 21:12:12,852 [59f5c057-586b-4a1a-a0d5-0dbbd6701919@group-F14965801010-FollowerState] INFO  impl.FollowerState (FollowerState.java:run(152)) - 59f5c057-586b-4a1a-a0d5-0dbbd6701919@group-F14965801010-FollowerState was interrupted
2023-01-10 21:12:12,859 [59f5c057-586b-4a1a-a0d5-0dbbd6701919@group-F14965801010-FollowerState] INFO  server.RaftServerConfigKeys (ConfUtils.java:logFallback(53)) - raft.server.rpc.first-election.timeout.min = 5s (fallback to raft.server.rpc.timeout.min)
2023-01-10 21:12:12,859 [59f5c057-586b-4a1a-a0d5-0dbbd6701919@group-F14965801010-FollowerState] INFO  server.RaftServerConfigKeys (ConfUtils.java:logFallback(53)) - raft.server.rpc.first-election.timeout.max = 5200ms (fallback to raft.server.rpc.timeout.max)
2023-01-10 21:12:12,859 [grpc-default-executor-2] INFO  server.RaftServer$Division (RaftServerImpl.java:requestVote(1251)) - 59f5c057-586b-4a1a-a0d5-0dbbd6701919@group-F14965801010 replies to ELECTION vote request: 6225d677-c2d1-455e-90bb-1529b9debcfd<-59f5c057-586b-4a1a-a0d5-0dbbd6701919#0:FAIL-t1. Peer's state: 59f5c057-586b-4a1a-a0d5-0dbbd6701919@group-F14965801010:t1, leader=null, voted=null, raftlog=Memoized:59f5c057-586b-4a1a-a0d5-0dbbd6701919@group-F14965801010-SegmentedRaftLog:OPENED:c-1, conf=-1: peers:[6225d677-c2d1-455e-90bb-1529b9debcfd|rpc:10.1.0.46:40907|dataStream:10.1.0.46:45105|priority:0|startupRole:FOLLOWER, 13a6dec5-f14a-4de7-a098-f6186ae4839d|rpc:10.1.0.46:35709|dataStream:10.1.0.46:43127|priority:0|startupRole:FOLLOWER, 59f5c057-586b-4a1a-a0d5-0dbbd6701919|rpc:10.1.0.46:35981|dataStream:10.1.0.46:38953|priority:1|startupRole:FOLLOWER]|listeners:[], old=null
2023-01-10 21:12:12,859 [grpc-default-executor-1] INFO  server.RaftServer$Division (RaftServerImpl.java:requestVote(1251)) - 13a6dec5-f14a-4de7-a098-f6186ae4839d@group-F14965801010 replies to ELECTION vote request: 6225d677-c2d1-455e-90bb-1529b9debcfd<-13a6dec5-f14a-4de7-a098-f6186ae4839d#0:OK-t1. Peer's state: 13a6dec5-f14a-4de7-a098-f6186ae4839d@group-F14965801010:t1, leader=null, voted=6225d677-c2d1-455e-90bb-1529b9debcfd, raftlog=Memoized:13a6dec5-f14a-4de7-a098-f6186ae4839d@group-F14965801010-SegmentedRaftLog:OPENED:c-1, conf=-1: peers:[6225d677-c2d1-455e-90bb-1529b9debcfd|rpc:10.1.0.46:40907|dataStream:10.1.0.46:45105|priority:0|startupRole:FOLLOWER, 13a6dec5-f14a-4de7-a098-f6186ae4839d|rpc:10.1.0.46:35709|dataStream:10.1.0.46:43127|priority:0|startupRole:FOLLOWER, 59f5c057-586b-4a1a-a0d5-0dbbd6701919|rpc:10.1.0.46:35981|dataStream:10.1.0.46:38953|priority:1|startupRole:FOLLOWER]|listeners:[], old=null
2023-01-10 21:12:12,868 [6225d677-c2d1-455e-90bb-1529b9debcfd@group-F14965801010-LeaderElection3] INFO  impl.LeaderElection (LeaderElection.java:logAndReturn(90)) - 6225d677-c2d1-455e-90bb-1529b9debcfd@group-F14965801010-LeaderElection3: ELECTION REJECTED received 2 response(s) and 0 exception(s):
2023-01-10 21:12:12,869 [6225d677-c2d1-455e-90bb-1529b9debcfd@group-F14965801010-LeaderElection3] INFO  impl.LeaderElection (LeaderElection.java:logAndReturn(94)) -   Response 0: 6225d677-c2d1-455e-90bb-1529b9debcfd<-13a6dec5-f14a-4de7-a098-f6186ae4839d#0:OK-t1
2023-01-10 21:12:12,869 [6225d677-c2d1-455e-90bb-1529b9debcfd@group-F14965801010-LeaderElection3] INFO  impl.LeaderElection (LeaderElection.java:logAndReturn(94)) -   Response 1: 6225d677-c2d1-455e-90bb-1529b9debcfd<-59f5c057-586b-4a1a-a0d5-0dbbd6701919#0:FAIL-t1
2023-01-10 21:12:12,869 [6225d677-c2d1-455e-90bb-1529b9debcfd@group-F14965801010-LeaderElection3] INFO  impl.LeaderElection (LeaderElection.java:askForVotes(314)) - 6225d677-c2d1-455e-90bb-1529b9debcfd@group-F14965801010-LeaderElection3 ELECTION round 0: result REJECTED
2023-01-10 21:12:12,869 [6225d677-c2d1-455e-90bb-1529b9debcfd@group-F14965801010-LeaderElection3] INFO  server.RaftServer$Division (RaftServerImpl.java:setRole(321)) - 6225d677-c2d1-455e-90bb-1529b9debcfd@group-F14965801010: changes role from CANDIDATE to FOLLOWER at term 1 for REJECTED
2023-01-10 21:12:12,869 [6225d677-c2d1-455e-90bb-1529b9debcfd@group-F14965801010-LeaderElection3] INFO  impl.RoleInfo (RoleInfo.java:shutdownLeaderElection(130)) - 6225d677-c2d1-455e-90bb-1529b9debcfd: shutdown 6225d677-c2d1-455e-90bb-1529b9debcfd@group-F14965801010-LeaderElection3
2023-01-10 21:12:12,869 [6225d677-c2d1-455e-90bb-1529b9debcfd@group-F14965801010-LeaderElection3] INFO  impl.RoleInfo (RoleInfo.java:updateAndGet(139)) - 6225d677-c2d1-455e-90bb-1529b9debcfd: start 6225d677-c2d1-455e-90bb-1529b9debcfd@group-F14965801010-FollowerState
2023-01-10 21:12:12,869 [6225d677-c2d1-455e-90bb-1529b9debcfd@group-F14965801010-FollowerState] INFO  server.RaftServerConfigKeys (ConfUtils.java:logFallback(53)) - raft.server.rpc.first-election.timeout.min = 5s (fallback to raft.server.rpc.timeout.min)
2023-01-10 21:12:12,870 [6225d677-c2d1-455e-90bb-1529b9debcfd@group-F14965801010-FollowerState] INFO  server.RaftServerConfigKeys (ConfUtils.java:logFallback(53)) - raft.server.rpc.first-election.timeout.max = 5200ms (fallback to raft.server.rpc.timeout.max)
2023-01-10 21:12:13,014 | INFO  | SCMAudit | user=runner | ip=10.1.0.46 | op=SEND_HEARTBEAT {datanodeUUID=59f5c057-586b-4a1a-a0d5-0dbbd6701919, term=-1, command=[]} | ret=SUCCESS |  
2023-01-10 21:12:13,045 | INFO  | SCMAudit | user=runner | ip=10.1.0.46 | op=SEND_HEARTBEAT {datanodeUUID=13a6dec5-f14a-4de7-a098-f6186ae4839d, term=-1, command=[]} | ret=SUCCESS |  
2023-01-10 21:12:13,457 [13a6dec5-f14a-4de7-a098-f6186ae4839d@group-9849CE3212CB-FollowerState] INFO  impl.FollowerState (FollowerState.java:run(143)) - 13a6dec5-f14a-4de7-a098-f6186ae4839d@group-9849CE3212CB-FollowerState: change to CANDIDATE, lastRpcElapsedTime:5223068472ns, electionTimeout:5193ms
2023-01-10 21:12:13,457 [13a6dec5-f14a-4de7-a098-f6186ae4839d@group-9849CE3212CB-FollowerState] INFO  impl.RoleInfo (RoleInfo.java:shutdownFollowerState(110)) - 13a6dec5-f14a-4de7-a098-f6186ae4839d: shutdown 13a6dec5-f14a-4de7-a098-f6186ae4839d@group-9849CE3212CB-FollowerState
2023-01-10 21:12:13,457 [13a6dec5-f14a-4de7-a098-f6186ae4839d@group-9849CE3212CB-FollowerState] INFO  server.RaftServer$Division (RaftServerImpl.java:setRole(321)) - 13a6dec5-f14a-4de7-a098-f6186ae4839d@group-9849CE3212CB: changes role from  FOLLOWER to CANDIDATE at term 0 for changeToCandidate
2023-01-10 21:12:13,459 [13a6dec5-f14a-4de7-a098-f6186ae4839d@group-9849CE3212CB-FollowerState] INFO  server.RaftServerConfigKeys (ConfUtils.java:logGet(46)) - raft.server.leaderelection.pre-vote = false (custom)
2023-01-10 21:12:13,459 [13a6dec5-f14a-4de7-a098-f6186ae4839d@group-9849CE3212CB-FollowerState] INFO  impl.RoleInfo (RoleInfo.java:updateAndGet(139)) - 13a6dec5-f14a-4de7-a098-f6186ae4839d: start 13a6dec5-f14a-4de7-a098-f6186ae4839d@group-9849CE3212CB-LeaderElection4
2023-01-10 21:12:13,465 [13a6dec5-f14a-4de7-a098-f6186ae4839d@group-9849CE3212CB-LeaderElection4] INFO  impl.LeaderElection (LeaderElection.java:askForVotes(312)) - 13a6dec5-f14a-4de7-a098-f6186ae4839d@group-9849CE3212CB-LeaderElection4 ELECTION round 0: submit vote requests at term 1 for -1: peers:[13a6dec5-f14a-4de7-a098-f6186ae4839d|rpc:10.1.0.46:35709|dataStream:10.1.0.46:43127|priority:1|startupRole:FOLLOWER]|listeners:[], old=null
2023-01-10 21:12:13,465 [13a6dec5-f14a-4de7-a098-f6186ae4839d@group-9849CE3212CB-LeaderElection4] INFO  impl.LeaderElection (LeaderElection.java:askForVotes(314)) - 13a6dec5-f14a-4de7-a098-f6186ae4839d@group-9849CE3212CB-LeaderElection4 ELECTION round 0: result PASSED (term=1)
2023-01-10 21:12:13,465 [13a6dec5-f14a-4de7-a098-f6186ae4839d@group-9849CE3212CB-LeaderElection4] INFO  impl.RoleInfo (RoleInfo.java:shutdownLeaderElection(130)) - 13a6dec5-f14a-4de7-a098-f6186ae4839d: shutdown 13a6dec5-f14a-4de7-a098-f6186ae4839d@group-9849CE3212CB-LeaderElection4
2023-01-10 21:12:13,465 [13a6dec5-f14a-4de7-a098-f6186ae4839d@group-9849CE3212CB-LeaderElection4] INFO  server.RaftServer$Division (RaftServerImpl.java:setRole(321)) - 13a6dec5-f14a-4de7-a098-f6186ae4839d@group-9849CE3212CB: changes role from CANDIDATE to LEADER at term 1 for changeToLeader
2023-01-10 21:12:13,465 [13a6dec5-f14a-4de7-a098-f6186ae4839d@group-9849CE3212CB-LeaderElection4] INFO  ratis.XceiverServerRatis (XceiverServerRatis.java:handleLeaderChangedNotification(904)) - Leader change notification received for group: group-9849CE3212CB with new leaderId: 13a6dec5-f14a-4de7-a098-f6186ae4839d
2023-01-10 21:12:13,465 [13a6dec5-f14a-4de7-a098-f6186ae4839d@group-9849CE3212CB-LeaderElection4] INFO  server.RaftServer$Division (ServerState.java:setLeader(313)) - 13a6dec5-f14a-4de7-a098-f6186ae4839d@group-9849CE3212CB: change Leader from null to 13a6dec5-f14a-4de7-a098-f6186ae4839d at term 1 for becomeLeader, leader elected after 5280ms
2023-01-10 21:12:13,466 [13a6dec5-f14a-4de7-a098-f6186ae4839d@group-9849CE3212CB-LeaderElection4] INFO  server.RaftServerConfigKeys (ConfUtils.java:logGet(46)) - raft.server.staging.catchup.gap = 1000 (default)
2023-01-10 21:12:13,469 [13a6dec5-f14a-4de7-a098-f6186ae4839d@group-9849CE3212CB-LeaderElection4] INFO  server.RaftServerConfigKeys (ConfUtils.java:logGet(46)) - raft.server.write.element-limit = 1024 (custom)
2023-01-10 21:12:13,469 [13a6dec5-f14a-4de7-a098-f6186ae4839d@group-9849CE3212CB-LeaderElection4] INFO  server.RaftServerConfigKeys (ConfUtils.java:logGet(46)) - raft.server.write.byte-limit = 1024 M (=1073741824) (custom)
2023-01-10 21:12:13,469 [13a6dec5-f14a-4de7-a098-f6186ae4839d@group-9849CE3212CB-LeaderElection4] INFO  server.RaftServerConfigKeys (ConfUtils.java:logGet(46)) - raft.server.watch.timeout = 180s (custom)
2023-01-10 21:12:13,470 [13a6dec5-f14a-4de7-a098-f6186ae4839d@group-9849CE3212CB-LeaderElection4] INFO  server.RaftServerConfigKeys (ConfUtils.java:logGet(46)) - raft.server.watch.timeout.denomination = 1s (default)
2023-01-10 21:12:13,469 | INFO  | SCMAudit | user=runner | ip=10.1.0.46 | op=SEND_HEARTBEAT {datanodeUUID=13a6dec5-f14a-4de7-a098-f6186ae4839d, term=-1, command=[]} | ret=SUCCESS |  
2023-01-10 21:12:13,470 [13a6dec5-f14a-4de7-a098-f6186ae4839d@group-9849CE3212CB-LeaderElection4] INFO  server.RaftServerConfigKeys (ConfUtils.java:logGet(46)) - raft.server.watch.element-limit = 65536 (default)
2023-01-10 21:12:13,470 [13a6dec5-f14a-4de7-a098-f6186ae4839d@group-9849CE3212CB-LeaderElection4] INFO  server.RaftServerConfigKeys (ConfUtils.java:logGet(46)) - raft.server.write.element-limit = 1024 (custom)
2023-01-10 21:12:13,470 [13a6dec5-f14a-4de7-a098-f6186ae4839d@group-9849CE3212CB-LeaderElection4] INFO  server.RaftServerConfigKeys (ConfUtils.java:logGet(46)) - raft.server.write.follower.gap.ratio.max = -1.0 (default)
2023-01-10 21:12:13,470 [13a6dec5-f14a-4de7-a098-f6186ae4839d@group-9849CE3212CB-LeaderElection4] INFO  impl.RoleInfo (RoleInfo.java:updateAndGet(139)) - 13a6dec5-f14a-4de7-a098-f6186ae4839d: start 13a6dec5-f14a-4de7-a098-f6186ae4839d@group-9849CE3212CB-LeaderStateImpl
2023-01-10 21:12:13,470 [EventQueue-OpenPipelineForHealthyPipelineSafeModeRule] INFO  safemode.SCMSafeModeManager (HealthyPipelineSafeModeRule.java:process(137)) - SCM in safe mode. Healthy pipelines reported count is 0, required healthy pipeline reported count is 1
2023-01-10 21:12:13,470 [13a6dec5-f14a-4de7-a098-f6186ae4839d@group-9849CE3212CB-LeaderElection4] INFO  segmented.SegmentedRaftLogWorker (SegmentedRaftLogWorker.java:startLogSegment(452)) - 13a6dec5-f14a-4de7-a098-f6186ae4839d@group-9849CE3212CB-SegmentedRaftLogWorker: Starting segment from index:0
2023-01-10 21:12:13,474 [13a6dec5-f14a-4de7-a098-f6186ae4839d@group-9849CE3212CB-LeaderElection4] INFO  server.RaftServer$Division (ServerState.java:setRaftConf(430)) - 13a6dec5-f14a-4de7-a098-f6186ae4839d@group-9849CE3212CB: set configuration 0: peers:[13a6dec5-f14a-4de7-a098-f6186ae4839d|rpc:10.1.0.46:35709|dataStream:10.1.0.46:43127|priority:1|startupRole:FOLLOWER]|listeners:[], old=null
2023-01-10 21:12:13,475 [13a6dec5-f14a-4de7-a098-f6186ae4839d@group-9849CE3212CB-SegmentedRaftLogWorker] INFO  segmented.SegmentedRaftLogWorker (SegmentedRaftLogWorker.java:execute(656)) - 13a6dec5-f14a-4de7-a098-f6186ae4839d@group-9849CE3212CB-SegmentedRaftLogWorker: created new log segment /home/runner/work/ozone/ozone/hadoop-ozone/integration-test/target/test-dir/MiniOzoneClusterImpl-19fb9fdf-8a8f-4927-bd4c-ee6195d64daa/datanode-1/data/ratis/416f0d9a-8e2d-4f49-be89-9849ce3212cb/current/log_inprogress_0
2023-01-10 21:12:13,611 [Listener at 127.0.0.1/46425] INFO  ozone.MiniOzoneClusterImpl (MiniOzoneClusterImpl.java:lambda$waitForClusterToBeReady$0(218)) - Nodes are ready. Got 3 of 3 DN Heartbeats.
2023-01-10 21:12:13,612 [Listener at 127.0.0.1/46425] INFO  ozone.MiniOzoneClusterImpl (MiniOzoneClusterImpl.java:lambda$waitForClusterToBeReady$0(221)) - Waiting for cluster to exit safe mode
2023-01-10 21:12:13,612 [Listener at 127.0.0.1/46425] INFO  ozone.MiniOzoneClusterImpl (MiniOzoneClusterImpl.java:lambda$waitForClusterToBeReady$0(223)) - SCM became leader
2023-01-10 21:12:13,665 [59f5c057-586b-4a1a-a0d5-0dbbd6701919@group-1893A536954F-FollowerState] INFO  impl.FollowerState (FollowerState.java:run(143)) - 59f5c057-586b-4a1a-a0d5-0dbbd6701919@group-1893A536954F-FollowerState: change to CANDIDATE, lastRpcElapsedTime:5016092237ns, electionTimeout:5006ms
2023-01-10 21:12:13,665 [59f5c057-586b-4a1a-a0d5-0dbbd6701919@group-1893A536954F-FollowerState] INFO  impl.RoleInfo (RoleInfo.java:shutdownFollowerState(110)) - 59f5c057-586b-4a1a-a0d5-0dbbd6701919: shutdown 59f5c057-586b-4a1a-a0d5-0dbbd6701919@group-1893A536954F-FollowerState
2023-01-10 21:12:13,665 [59f5c057-586b-4a1a-a0d5-0dbbd6701919@group-1893A536954F-FollowerState] INFO  server.RaftServer$Division (RaftServerImpl.java:setRole(321)) - 59f5c057-586b-4a1a-a0d5-0dbbd6701919@group-1893A536954F: changes role from  FOLLOWER to CANDIDATE at term 0 for changeToCandidate
2023-01-10 21:12:13,665 [59f5c057-586b-4a1a-a0d5-0dbbd6701919@group-1893A536954F-FollowerState] INFO  server.RaftServerConfigKeys (ConfUtils.java:logGet(46)) - raft.server.leaderelection.pre-vote = false (custom)
2023-01-10 21:12:13,666 [59f5c057-586b-4a1a-a0d5-0dbbd6701919@group-1893A536954F-FollowerState] INFO  impl.RoleInfo (RoleInfo.java:updateAndGet(139)) - 59f5c057-586b-4a1a-a0d5-0dbbd6701919: start 59f5c057-586b-4a1a-a0d5-0dbbd6701919@group-1893A536954F-LeaderElection5
2023-01-10 21:12:13,669 [59f5c057-586b-4a1a-a0d5-0dbbd6701919@group-1893A536954F-LeaderElection5] INFO  impl.LeaderElection (LeaderElection.java:askForVotes(312)) - 59f5c057-586b-4a1a-a0d5-0dbbd6701919@group-1893A536954F-LeaderElection5 ELECTION round 0: submit vote requests at term 1 for -1: peers:[59f5c057-586b-4a1a-a0d5-0dbbd6701919|rpc:10.1.0.46:35981|dataStream:10.1.0.46:38953|priority:1|startupRole:FOLLOWER]|listeners:[], old=null
2023-01-10 21:12:13,669 [59f5c057-586b-4a1a-a0d5-0dbbd6701919@group-1893A536954F-LeaderElection5] INFO  impl.LeaderElection (LeaderElection.java:askForVotes(314)) - 59f5c057-586b-4a1a-a0d5-0dbbd6701919@group-1893A536954F-LeaderElection5 ELECTION round 0: result PASSED (term=1)
2023-01-10 21:12:13,669 [59f5c057-586b-4a1a-a0d5-0dbbd6701919@group-1893A536954F-LeaderElection5] INFO  impl.RoleInfo (RoleInfo.java:shutdownLeaderElection(130)) - 59f5c057-586b-4a1a-a0d5-0dbbd6701919: shutdown 59f5c057-586b-4a1a-a0d5-0dbbd6701919@group-1893A536954F-LeaderElection5
2023-01-10 21:12:13,669 [59f5c057-586b-4a1a-a0d5-0dbbd6701919@group-1893A536954F-LeaderElection5] INFO  server.RaftServer$Division (RaftServerImpl.java:setRole(321)) - 59f5c057-586b-4a1a-a0d5-0dbbd6701919@group-1893A536954F: changes role from CANDIDATE to LEADER at term 1 for changeToLeader
2023-01-10 21:12:13,669 [59f5c057-586b-4a1a-a0d5-0dbbd6701919@group-1893A536954F-LeaderElection5] INFO  ratis.XceiverServerRatis (XceiverServerRatis.java:handleLeaderChangedNotification(904)) - Leader change notification received for group: group-1893A536954F with new leaderId: 59f5c057-586b-4a1a-a0d5-0dbbd6701919
2023-01-10 21:12:13,670 [59f5c057-586b-4a1a-a0d5-0dbbd6701919@group-1893A536954F-LeaderElection5] INFO  server.RaftServer$Division (ServerState.java:setLeader(313)) - 59f5c057-586b-4a1a-a0d5-0dbbd6701919@group-1893A536954F: change Leader from null to 59f5c057-586b-4a1a-a0d5-0dbbd6701919 at term 1 for becomeLeader, leader elected after 5053ms
2023-01-10 21:12:13,672 | INFO  | SCMAudit | user=runner | ip=10.1.0.46 | op=SEND_HEARTBEAT {datanodeUUID=59f5c057-586b-4a1a-a0d5-0dbbd6701919, term=-1, command=[]} | ret=SUCCESS |  
2023-01-10 21:12:13,672 [EventQueue-OpenPipelineForHealthyPipelineSafeModeRule] INFO  safemode.SCMSafeModeManager (HealthyPipelineSafeModeRule.java:process(137)) - SCM in safe mode. Healthy pipelines reported count is 0, required healthy pipeline reported count is 1
2023-01-10 21:12:13,672 [59f5c057-586b-4a1a-a0d5-0dbbd6701919@group-1893A536954F-LeaderElection5] INFO  server.RaftServerConfigKeys (ConfUtils.java:logGet(46)) - raft.server.staging.catchup.gap = 1000 (default)
2023-01-10 21:12:13,673 [59f5c057-586b-4a1a-a0d5-0dbbd6701919@group-1893A536954F-LeaderElection5] INFO  server.RaftServerConfigKeys (ConfUtils.java:logGet(46)) - raft.server.write.element-limit = 1024 (custom)
2023-01-10 21:12:13,673 [59f5c057-586b-4a1a-a0d5-0dbbd6701919@group-1893A536954F-LeaderElection5] INFO  server.RaftServerConfigKeys (ConfUtils.java:logGet(46)) - raft.server.write.byte-limit = 1024 M (=1073741824) (custom)
2023-01-10 21:12:13,674 [59f5c057-586b-4a1a-a0d5-0dbbd6701919@group-1893A536954F-LeaderElection5] INFO  server.RaftServerConfigKeys (ConfUtils.java:logGet(46)) - raft.server.watch.timeout = 180s (custom)
2023-01-10 21:12:13,674 [59f5c057-586b-4a1a-a0d5-0dbbd6701919@group-1893A536954F-LeaderElection5] INFO  server.RaftServerConfigKeys (ConfUtils.java:logGet(46)) - raft.server.watch.timeout.denomination = 1s (default)
2023-01-10 21:12:13,674 [59f5c057-586b-4a1a-a0d5-0dbbd6701919@group-1893A536954F-LeaderElection5] INFO  server.RaftServerConfigKeys (ConfUtils.java:logGet(46)) - raft.server.watch.element-limit = 65536 (default)
2023-01-10 21:12:13,674 [59f5c057-586b-4a1a-a0d5-0dbbd6701919@group-1893A536954F-LeaderElection5] INFO  server.RaftServerConfigKeys (ConfUtils.java:logGet(46)) - raft.server.write.element-limit = 1024 (custom)
2023-01-10 21:12:13,674 [59f5c057-586b-4a1a-a0d5-0dbbd6701919@group-1893A536954F-LeaderElection5] INFO  server.RaftServerConfigKeys (ConfUtils.java:logGet(46)) - raft.server.write.follower.gap.ratio.max = -1.0 (default)
2023-01-10 21:12:13,674 [59f5c057-586b-4a1a-a0d5-0dbbd6701919@group-1893A536954F-LeaderElection5] INFO  impl.RoleInfo (RoleInfo.java:updateAndGet(139)) - 59f5c057-586b-4a1a-a0d5-0dbbd6701919: start 59f5c057-586b-4a1a-a0d5-0dbbd6701919@group-1893A536954F-LeaderStateImpl
2023-01-10 21:12:13,674 [59f5c057-586b-4a1a-a0d5-0dbbd6701919@group-1893A536954F-LeaderElection5] INFO  segmented.SegmentedRaftLogWorker (SegmentedRaftLogWorker.java:startLogSegment(452)) - 59f5c057-586b-4a1a-a0d5-0dbbd6701919@group-1893A536954F-SegmentedRaftLogWorker: Starting segment from index:0
2023-01-10 21:12:13,681 [59f5c057-586b-4a1a-a0d5-0dbbd6701919@group-1893A536954F-LeaderElection5] INFO  server.RaftServer$Division (ServerState.java:setRaftConf(430)) - 59f5c057-586b-4a1a-a0d5-0dbbd6701919@group-1893A536954F: set configuration 0: peers:[59f5c057-586b-4a1a-a0d5-0dbbd6701919|rpc:10.1.0.46:35981|dataStream:10.1.0.46:38953|priority:1|startupRole:FOLLOWER]|listeners:[], old=null
2023-01-10 21:12:13,682 [59f5c057-586b-4a1a-a0d5-0dbbd6701919@group-1893A536954F-SegmentedRaftLogWorker] INFO  segmented.SegmentedRaftLogWorker (SegmentedRaftLogWorker.java:execute(656)) - 59f5c057-586b-4a1a-a0d5-0dbbd6701919@group-1893A536954F-SegmentedRaftLogWorker: created new log segment /home/runner/work/ozone/ozone/hadoop-ozone/integration-test/target/test-dir/MiniOzoneClusterImpl-19fb9fdf-8a8f-4927-bd4c-ee6195d64daa/datanode-2/data/ratis/752b825c-ee98-4dd6-94b8-1893a536954f/current/log_inprogress_0
2023-01-10 21:12:13,760 | INFO  | SCMAudit | user=runner | ip=10.1.0.46 | op=SEND_HEARTBEAT {datanodeUUID=6225d677-c2d1-455e-90bb-1529b9debcfd, term=-1, command=[]} | ret=SUCCESS |  
2023-01-10 21:12:14,113 [6225d677-c2d1-455e-90bb-1529b9debcfd@group-992DBB117582-FollowerState] INFO  impl.FollowerState (FollowerState.java:run(143)) - 6225d677-c2d1-455e-90bb-1529b9debcfd@group-992DBB117582-FollowerState: change to CANDIDATE, lastRpcElapsedTime:5060684496ns, electionTimeout:5058ms
2023-01-10 21:12:14,114 [6225d677-c2d1-455e-90bb-1529b9debcfd@group-992DBB117582-FollowerState] INFO  impl.RoleInfo (RoleInfo.java:shutdownFollowerState(110)) - 6225d677-c2d1-455e-90bb-1529b9debcfd: shutdown 6225d677-c2d1-455e-90bb-1529b9debcfd@group-992DBB117582-FollowerState
2023-01-10 21:12:14,114 [6225d677-c2d1-455e-90bb-1529b9debcfd@group-992DBB117582-FollowerState] INFO  server.RaftServer$Division (RaftServerImpl.java:setRole(321)) - 6225d677-c2d1-455e-90bb-1529b9debcfd@group-992DBB117582: changes role from  FOLLOWER to CANDIDATE at term 0 for changeToCandidate
2023-01-10 21:12:14,114 [6225d677-c2d1-455e-90bb-1529b9debcfd@group-992DBB117582-FollowerState] INFO  server.RaftServerConfigKeys (ConfUtils.java:logGet(46)) - raft.server.leaderelection.pre-vote = false (custom)
2023-01-10 21:12:14,114 [6225d677-c2d1-455e-90bb-1529b9debcfd@group-992DBB117582-FollowerState] INFO  impl.RoleInfo (RoleInfo.java:updateAndGet(139)) - 6225d677-c2d1-455e-90bb-1529b9debcfd: start 6225d677-c2d1-455e-90bb-1529b9debcfd@group-992DBB117582-LeaderElection6
2023-01-10 21:12:14,120 [6225d677-c2d1-455e-90bb-1529b9debcfd@group-992DBB117582-LeaderElection6] INFO  impl.LeaderElection (LeaderElection.java:askForVotes(312)) - 6225d677-c2d1-455e-90bb-1529b9debcfd@group-992DBB117582-LeaderElection6 ELECTION round 0: submit vote requests at term 1 for -1: peers:[6225d677-c2d1-455e-90bb-1529b9debcfd|rpc:10.1.0.46:40907|dataStream:10.1.0.46:45105|priority:0|startupRole:FOLLOWER, 13a6dec5-f14a-4de7-a098-f6186ae4839d|rpc:10.1.0.46:35709|dataStream:10.1.0.46:43127|priority:1|startupRole:FOLLOWER, 59f5c057-586b-4a1a-a0d5-0dbbd6701919|rpc:10.1.0.46:35981|dataStream:10.1.0.46:38953|priority:0|startupRole:FOLLOWER]|listeners:[], old=null
2023-01-10 21:12:14,121 [6225d677-c2d1-455e-90bb-1529b9debcfd@group-992DBB117582-LeaderElection6] INFO  server.RaftServerConfigKeys (ConfUtils.java:logFallback(53)) - raft.server.rpc.first-election.timeout.min = 5s (fallback to raft.server.rpc.timeout.min)
2023-01-10 21:12:14,121 [6225d677-c2d1-455e-90bb-1529b9debcfd@group-992DBB117582-LeaderElection6] INFO  server.RaftServerConfigKeys (ConfUtils.java:logFallback(53)) - raft.server.rpc.first-election.timeout.max = 5200ms (fallback to raft.server.rpc.timeout.max)
2023-01-10 21:12:14,128 [grpc-default-executor-2] INFO  server.RaftServer$Division (RaftServerImpl.java:requestVote(1218)) - 59f5c057-586b-4a1a-a0d5-0dbbd6701919@group-992DBB117582: receive requestVote(ELECTION, 6225d677-c2d1-455e-90bb-1529b9debcfd, group-992DBB117582, 1, (t:0, i:0))
2023-01-10 21:12:14,135 [grpc-default-executor-2] INFO  impl.VoteContext (VoteContext.java:log(49)) - 59f5c057-586b-4a1a-a0d5-0dbbd6701919@group-992DBB117582-FOLLOWER: accept ELECTION from 6225d677-c2d1-455e-90bb-1529b9debcfd: our priority 0 <= candidate's priority 0
2023-01-10 21:12:14,135 [grpc-default-executor-2] INFO  server.RaftServer$Division (RaftServerImpl.java:setRole(321)) - 59f5c057-586b-4a1a-a0d5-0dbbd6701919@group-992DBB117582: changes role from  FOLLOWER to FOLLOWER at term 1 for candidate:6225d677-c2d1-455e-90bb-1529b9debcfd
2023-01-10 21:12:14,135 [grpc-default-executor-2] INFO  impl.RoleInfo (RoleInfo.java:shutdownFollowerState(110)) - 59f5c057-586b-4a1a-a0d5-0dbbd6701919: shutdown 59f5c057-586b-4a1a-a0d5-0dbbd6701919@group-992DBB117582-FollowerState
2023-01-10 21:12:14,136 [grpc-default-executor-2] INFO  impl.RoleInfo (RoleInfo.java:updateAndGet(139)) - 59f5c057-586b-4a1a-a0d5-0dbbd6701919: start 59f5c057-586b-4a1a-a0d5-0dbbd6701919@group-992DBB117582-FollowerState
2023-01-10 21:12:14,136 [59f5c057-586b-4a1a-a0d5-0dbbd6701919@group-992DBB117582-FollowerState] INFO  impl.FollowerState (FollowerState.java:run(152)) - 59f5c057-586b-4a1a-a0d5-0dbbd6701919@group-992DBB117582-FollowerState was interrupted
2023-01-10 21:12:14,137 [grpc-default-executor-2] INFO  server.RaftServer$Division (RaftServerImpl.java:requestVote(1251)) - 59f5c057-586b-4a1a-a0d5-0dbbd6701919@group-992DBB117582 replies to ELECTION vote request: 6225d677-c2d1-455e-90bb-1529b9debcfd<-59f5c057-586b-4a1a-a0d5-0dbbd6701919#0:OK-t1. Peer's state: 59f5c057-586b-4a1a-a0d5-0dbbd6701919@group-992DBB117582:t1, leader=null, voted=6225d677-c2d1-455e-90bb-1529b9debcfd, raftlog=Memoized:59f5c057-586b-4a1a-a0d5-0dbbd6701919@group-992DBB117582-SegmentedRaftLog:OPENED:c-1, conf=-1: peers:[6225d677-c2d1-455e-90bb-1529b9debcfd|rpc:10.1.0.46:40907|dataStream:10.1.0.46:45105|priority:0|startupRole:FOLLOWER, 13a6dec5-f14a-4de7-a098-f6186ae4839d|rpc:10.1.0.46:35709|dataStream:10.1.0.46:43127|priority:1|startupRole:FOLLOWER, 59f5c057-586b-4a1a-a0d5-0dbbd6701919|rpc:10.1.0.46:35981|dataStream:10.1.0.46:38953|priority:0|startupRole:FOLLOWER]|listeners:[], old=null
2023-01-10 21:12:14,144 [59f5c057-586b-4a1a-a0d5-0dbbd6701919@group-992DBB117582-FollowerState] INFO  server.RaftServerConfigKeys (ConfUtils.java:logFallback(53)) - raft.server.rpc.first-election.timeout.min = 5s (fallback to raft.server.rpc.timeout.min)
2023-01-10 21:12:14,144 [59f5c057-586b-4a1a-a0d5-0dbbd6701919@group-992DBB117582-FollowerState] INFO  server.RaftServerConfigKeys (ConfUtils.java:logFallback(53)) - raft.server.rpc.first-election.timeout.max = 5200ms (fallback to raft.server.rpc.timeout.max)
2023-01-10 21:12:14,148 [grpc-default-executor-2] INFO  server.RaftServer$Division (RaftServerImpl.java:requestVote(1218)) - 13a6dec5-f14a-4de7-a098-f6186ae4839d@group-992DBB117582: receive requestVote(ELECTION, 6225d677-c2d1-455e-90bb-1529b9debcfd, group-992DBB117582, 1, (t:0, i:0))
2023-01-10 21:12:14,150 [grpc-default-executor-2] INFO  impl.VoteContext (VoteContext.java:log(49)) - 13a6dec5-f14a-4de7-a098-f6186ae4839d@group-992DBB117582-FOLLOWER: reject ELECTION from 6225d677-c2d1-455e-90bb-1529b9debcfd: our priority 1 > candidate's priority 0
2023-01-10 21:12:14,150 [grpc-default-executor-2] INFO  server.RaftServer$Division (RaftServerImpl.java:setRole(321)) - 13a6dec5-f14a-4de7-a098-f6186ae4839d@group-992DBB117582: changes role from  FOLLOWER to FOLLOWER at term 1 for candidate:6225d677-c2d1-455e-90bb-1529b9debcfd
2023-01-10 21:12:14,150 [grpc-default-executor-2] INFO  impl.RoleInfo (RoleInfo.java:shutdownFollowerState(110)) - 13a6dec5-f14a-4de7-a098-f6186ae4839d: shutdown 13a6dec5-f14a-4de7-a098-f6186ae4839d@group-992DBB117582-FollowerState
2023-01-10 21:12:14,150 [grpc-default-executor-2] INFO  impl.RoleInfo (RoleInfo.java:updateAndGet(139)) - 13a6dec5-f14a-4de7-a098-f6186ae4839d: start 13a6dec5-f14a-4de7-a098-f6186ae4839d@group-992DBB117582-FollowerState
2023-01-10 21:12:14,151 [13a6dec5-f14a-4de7-a098-f6186ae4839d@group-992DBB117582-FollowerState] INFO  impl.FollowerState (FollowerState.java:run(152)) - 13a6dec5-f14a-4de7-a098-f6186ae4839d@group-992DBB117582-FollowerState was interrupted
2023-01-10 21:12:14,151 [13a6dec5-f14a-4de7-a098-f6186ae4839d@group-992DBB117582-FollowerState] INFO  server.RaftServerConfigKeys (ConfUtils.java:logFallback(53)) - raft.server.rpc.first-election.timeout.min = 5s (fallback to raft.server.rpc.timeout.min)
2023-01-10 21:12:14,152 [grpc-default-executor-2] INFO  server.RaftServer$Division (RaftServerImpl.java:requestVote(1251)) - 13a6dec5-f14a-4de7-a098-f6186ae4839d@group-992DBB117582 replies to ELECTION vote request: 6225d677-c2d1-455e-90bb-1529b9debcfd<-13a6dec5-f14a-4de7-a098-f6186ae4839d#0:FAIL-t1. Peer's state: 13a6dec5-f14a-4de7-a098-f6186ae4839d@group-992DBB117582:t1, leader=null, voted=null, raftlog=Memoized:13a6dec5-f14a-4de7-a098-f6186ae4839d@group-992DBB117582-SegmentedRaftLog:OPENED:c-1, conf=-1: peers:[6225d677-c2d1-455e-90bb-1529b9debcfd|rpc:10.1.0.46:40907|dataStream:10.1.0.46:45105|priority:0|startupRole:FOLLOWER, 13a6dec5-f14a-4de7-a098-f6186ae4839d|rpc:10.1.0.46:35709|dataStream:10.1.0.46:43127|priority:1|startupRole:FOLLOWER, 59f5c057-586b-4a1a-a0d5-0dbbd6701919|rpc:10.1.0.46:35981|dataStream:10.1.0.46:38953|priority:0|startupRole:FOLLOWER]|listeners:[], old=null
2023-01-10 21:12:14,158 [13a6dec5-f14a-4de7-a098-f6186ae4839d@group-992DBB117582-FollowerState] INFO  server.RaftServerConfigKeys (ConfUtils.java:logFallback(53)) - raft.server.rpc.first-election.timeout.max = 5200ms (fallback to raft.server.rpc.timeout.max)
2023-01-10 21:12:14,160 [6225d677-c2d1-455e-90bb-1529b9debcfd@group-992DBB117582-LeaderElection6] INFO  impl.LeaderElection (LeaderElection.java:logAndReturn(90)) - 6225d677-c2d1-455e-90bb-1529b9debcfd@group-992DBB117582-LeaderElection6: ELECTION REJECTED received 2 response(s) and 0 exception(s):
2023-01-10 21:12:14,161 [6225d677-c2d1-455e-90bb-1529b9debcfd@group-992DBB117582-LeaderElection6] INFO  impl.LeaderElection (LeaderElection.java:logAndReturn(94)) -   Response 0: 6225d677-c2d1-455e-90bb-1529b9debcfd<-13a6dec5-f14a-4de7-a098-f6186ae4839d#0:FAIL-t1
2023-01-10 21:12:14,161 [6225d677-c2d1-455e-90bb-1529b9debcfd@group-992DBB117582-LeaderElection6] INFO  impl.LeaderElection (LeaderElection.java:logAndReturn(94)) -   Response 1: 6225d677-c2d1-455e-90bb-1529b9debcfd<-59f5c057-586b-4a1a-a0d5-0dbbd6701919#0:OK-t1
2023-01-10 21:12:14,161 [6225d677-c2d1-455e-90bb-1529b9debcfd@group-992DBB117582-LeaderElection6] INFO  impl.LeaderElection (LeaderElection.java:askForVotes(314)) - 6225d677-c2d1-455e-90bb-1529b9debcfd@group-992DBB117582-LeaderElection6 ELECTION round 0: result REJECTED
2023-01-10 21:12:14,161 [6225d677-c2d1-455e-90bb-1529b9debcfd@group-992DBB117582-LeaderElection6] INFO  server.RaftServer$Division (RaftServerImpl.java:setRole(321)) - 6225d677-c2d1-455e-90bb-1529b9debcfd@group-992DBB117582: changes role from CANDIDATE to FOLLOWER at term 1 for REJECTED
2023-01-10 21:12:14,161 [6225d677-c2d1-455e-90bb-1529b9debcfd@group-992DBB117582-LeaderElection6] INFO  impl.RoleInfo (RoleInfo.java:shutdownLeaderElection(130)) - 6225d677-c2d1-455e-90bb-1529b9debcfd: shutdown 6225d677-c2d1-455e-90bb-1529b9debcfd@group-992DBB117582-LeaderElection6
2023-01-10 21:12:14,161 [6225d677-c2d1-455e-90bb-1529b9debcfd@group-992DBB117582-LeaderElection6] INFO  impl.RoleInfo (RoleInfo.java:updateAndGet(139)) - 6225d677-c2d1-455e-90bb-1529b9debcfd: start 6225d677-c2d1-455e-90bb-1529b9debcfd@group-992DBB117582-FollowerState
2023-01-10 21:12:14,166 [6225d677-c2d1-455e-90bb-1529b9debcfd@group-992DBB117582-FollowerState] INFO  server.RaftServerConfigKeys (ConfUtils.java:logFallback(53)) - raft.server.rpc.first-election.timeout.min = 5s (fallback to raft.server.rpc.timeout.min)
2023-01-10 21:12:14,166 [6225d677-c2d1-455e-90bb-1529b9debcfd@group-992DBB117582-FollowerState] INFO  server.RaftServerConfigKeys (ConfUtils.java:logFallback(53)) - raft.server.rpc.first-election.timeout.max = 5200ms (fallback to raft.server.rpc.timeout.max)
2023-01-10 21:12:14,474 | INFO  | SCMAudit | user=runner | ip=10.1.0.46 | op=SEND_HEARTBEAT {datanodeUUID=13a6dec5-f14a-4de7-a098-f6186ae4839d, term=-1, command=[]} | ret=SUCCESS |  
2023-01-10 21:12:14,612 [Listener at 127.0.0.1/46425] INFO  ozone.MiniOzoneClusterImpl (MiniOzoneClusterImpl.java:lambda$waitForClusterToBeReady$0(218)) - Nodes are ready. Got 3 of 3 DN Heartbeats.
2023-01-10 21:12:14,612 [Listener at 127.0.0.1/46425] INFO  ozone.MiniOzoneClusterImpl (MiniOzoneClusterImpl.java:lambda$waitForClusterToBeReady$0(221)) - Waiting for cluster to exit safe mode
2023-01-10 21:12:14,612 [Listener at 127.0.0.1/46425] INFO  ozone.MiniOzoneClusterImpl (MiniOzoneClusterImpl.java:lambda$waitForClusterToBeReady$0(223)) - SCM became leader
2023-01-10 21:12:14,673 | INFO  | SCMAudit | user=runner | ip=10.1.0.46 | op=SEND_HEARTBEAT {datanodeUUID=59f5c057-586b-4a1a-a0d5-0dbbd6701919, term=-1, command=[]} | ret=SUCCESS |  
2023-01-10 21:12:14,758 | INFO  | SCMAudit | user=runner | ip=10.1.0.46 | op=SEND_HEARTBEAT {datanodeUUID=6225d677-c2d1-455e-90bb-1529b9debcfd, term=-1, command=[]} | ret=SUCCESS |  
2023-01-10 21:12:15,469 | INFO  | SCMAudit | user=runner | ip=10.1.0.46 | op=SEND_HEARTBEAT {datanodeUUID=13a6dec5-f14a-4de7-a098-f6186ae4839d, term=-1, command=[]} | ret=SUCCESS |  
2023-01-10 21:12:15,614 [Listener at 127.0.0.1/46425] INFO  ozone.MiniOzoneClusterImpl (MiniOzoneClusterImpl.java:lambda$waitForClusterToBeReady$0(218)) - Nodes are ready. Got 3 of 3 DN Heartbeats.
2023-01-10 21:12:15,614 [Listener at 127.0.0.1/46425] INFO  ozone.MiniOzoneClusterImpl (MiniOzoneClusterImpl.java:lambda$waitForClusterToBeReady$0(221)) - Waiting for cluster to exit safe mode
2023-01-10 21:12:15,614 [Listener at 127.0.0.1/46425] INFO  ozone.MiniOzoneClusterImpl (MiniOzoneClusterImpl.java:lambda$waitForClusterToBeReady$0(223)) - SCM became leader
2023-01-10 21:12:15,671 | INFO  | SCMAudit | user=runner | ip=10.1.0.46 | op=SEND_HEARTBEAT {datanodeUUID=59f5c057-586b-4a1a-a0d5-0dbbd6701919, term=-1, command=[]} | ret=SUCCESS |  
2023-01-10 21:12:15,758 | INFO  | SCMAudit | user=runner | ip=10.1.0.46 | op=SEND_HEARTBEAT {datanodeUUID=6225d677-c2d1-455e-90bb-1529b9debcfd, term=-1, command=[]} | ret=SUCCESS |  
2023-01-10 21:12:16,468 | INFO  | SCMAudit | user=runner | ip=10.1.0.46 | op=SEND_HEARTBEAT {datanodeUUID=13a6dec5-f14a-4de7-a098-f6186ae4839d, term=-1, command=[]} | ret=SUCCESS |  
2023-01-10 21:12:16,614 [Listener at 127.0.0.1/46425] INFO  ozone.MiniOzoneClusterImpl (MiniOzoneClusterImpl.java:lambda$waitForClusterToBeReady$0(218)) - Nodes are ready. Got 3 of 3 DN Heartbeats.
2023-01-10 21:12:16,615 [Listener at 127.0.0.1/46425] INFO  ozone.MiniOzoneClusterImpl (MiniOzoneClusterImpl.java:lambda$waitForClusterToBeReady$0(221)) - Waiting for cluster to exit safe mode
2023-01-10 21:12:16,615 [Listener at 127.0.0.1/46425] INFO  ozone.MiniOzoneClusterImpl (MiniOzoneClusterImpl.java:lambda$waitForClusterToBeReady$0(223)) - SCM became leader
2023-01-10 21:12:16,672 | INFO  | SCMAudit | user=runner | ip=10.1.0.46 | op=SEND_HEARTBEAT {datanodeUUID=59f5c057-586b-4a1a-a0d5-0dbbd6701919, term=-1, command=[]} | ret=SUCCESS |  
2023-01-10 21:12:16,758 | INFO  | SCMAudit | user=runner | ip=10.1.0.46 | op=SEND_HEARTBEAT {datanodeUUID=6225d677-c2d1-455e-90bb-1529b9debcfd, term=-1, command=[]} | ret=SUCCESS |  
2023-01-10 21:12:17,468 | INFO  | SCMAudit | user=runner | ip=10.1.0.46 | op=SEND_HEARTBEAT {datanodeUUID=13a6dec5-f14a-4de7-a098-f6186ae4839d, term=-1, command=[]} | ret=SUCCESS |  
2023-01-10 21:12:17,615 [Listener at 127.0.0.1/46425] INFO  ozone.MiniOzoneClusterImpl (MiniOzoneClusterImpl.java:lambda$waitForClusterToBeReady$0(218)) - Nodes are ready. Got 3 of 3 DN Heartbeats.
2023-01-10 21:12:17,615 [Listener at 127.0.0.1/46425] INFO  ozone.MiniOzoneClusterImpl (MiniOzoneClusterImpl.java:lambda$waitForClusterToBeReady$0(221)) - Waiting for cluster to exit safe mode
2023-01-10 21:12:17,615 [Listener at 127.0.0.1/46425] INFO  ozone.MiniOzoneClusterImpl (MiniOzoneClusterImpl.java:lambda$waitForClusterToBeReady$0(223)) - SCM became leader
2023-01-10 21:12:17,671 | INFO  | SCMAudit | user=runner | ip=10.1.0.46 | op=SEND_HEARTBEAT {datanodeUUID=59f5c057-586b-4a1a-a0d5-0dbbd6701919, term=-1, command=[]} | ret=SUCCESS |  
2023-01-10 21:12:17,758 | INFO  | SCMAudit | user=runner | ip=10.1.0.46 | op=SEND_HEARTBEAT {datanodeUUID=6225d677-c2d1-455e-90bb-1529b9debcfd, term=-1, command=[]} | ret=SUCCESS |  
2023-01-10 21:12:17,878 [13a6dec5-f14a-4de7-a098-f6186ae4839d@group-F14965801010-FollowerState] INFO  server.RaftServerConfigKeys (ConfUtils.java:logFallback(53)) - raft.server.rpc.first-election.timeout.min = 5s (fallback to raft.server.rpc.timeout.min)
2023-01-10 21:12:17,878 [13a6dec5-f14a-4de7-a098-f6186ae4839d@group-F14965801010-FollowerState] INFO  server.RaftServerConfigKeys (ConfUtils.java:logFallback(53)) - raft.server.rpc.first-election.timeout.max = 5200ms (fallback to raft.server.rpc.timeout.max)
2023-01-10 21:12:17,952 [59f5c057-586b-4a1a-a0d5-0dbbd6701919@group-F14965801010-FollowerState] INFO  impl.FollowerState (FollowerState.java:run(143)) - 59f5c057-586b-4a1a-a0d5-0dbbd6701919@group-F14965801010-FollowerState: change to CANDIDATE, lastRpcElapsedTime:5102108424ns, electionTimeout:5092ms
2023-01-10 21:12:17,952 [59f5c057-586b-4a1a-a0d5-0dbbd6701919@group-F14965801010-FollowerState] INFO  impl.RoleInfo (RoleInfo.java:shutdownFollowerState(110)) - 59f5c057-586b-4a1a-a0d5-0dbbd6701919: shutdown 59f5c057-586b-4a1a-a0d5-0dbbd6701919@group-F14965801010-FollowerState
2023-01-10 21:12:17,952 [59f5c057-586b-4a1a-a0d5-0dbbd6701919@group-F14965801010-FollowerState] INFO  server.RaftServer$Division (RaftServerImpl.java:setRole(321)) - 59f5c057-586b-4a1a-a0d5-0dbbd6701919@group-F14965801010: changes role from  FOLLOWER to CANDIDATE at term 1 for changeToCandidate
2023-01-10 21:12:17,952 [59f5c057-586b-4a1a-a0d5-0dbbd6701919@group-F14965801010-FollowerState] INFO  server.RaftServerConfigKeys (ConfUtils.java:logGet(46)) - raft.server.leaderelection.pre-vote = false (custom)
2023-01-10 21:12:17,952 [59f5c057-586b-4a1a-a0d5-0dbbd6701919@group-F14965801010-FollowerState] INFO  impl.RoleInfo (RoleInfo.java:updateAndGet(139)) - 59f5c057-586b-4a1a-a0d5-0dbbd6701919: start 59f5c057-586b-4a1a-a0d5-0dbbd6701919@group-F14965801010-LeaderElection7
2023-01-10 21:12:17,956 [59f5c057-586b-4a1a-a0d5-0dbbd6701919@group-F14965801010-LeaderElection7] INFO  impl.LeaderElection (LeaderElection.java:askForVotes(312)) - 59f5c057-586b-4a1a-a0d5-0dbbd6701919@group-F14965801010-LeaderElection7 ELECTION round 0: submit vote requests at term 2 for -1: peers:[6225d677-c2d1-455e-90bb-1529b9debcfd|rpc:10.1.0.46:40907|dataStream:10.1.0.46:45105|priority:0|startupRole:FOLLOWER, 13a6dec5-f14a-4de7-a098-f6186ae4839d|rpc:10.1.0.46:35709|dataStream:10.1.0.46:43127|priority:0|startupRole:FOLLOWER, 59f5c057-586b-4a1a-a0d5-0dbbd6701919|rpc:10.1.0.46:35981|dataStream:10.1.0.46:38953|priority:1|startupRole:FOLLOWER]|listeners:[], old=null
2023-01-10 21:12:17,957 [59f5c057-586b-4a1a-a0d5-0dbbd6701919@group-F14965801010-LeaderElection7-1] INFO  server.GrpcServerProtocolClient (GrpcServerProtocolClient.java:<init>(63)) - Build channel for 6225d677-c2d1-455e-90bb-1529b9debcfd
2023-01-10 21:12:17,960 [59f5c057-586b-4a1a-a0d5-0dbbd6701919@group-F14965801010-LeaderElection7] INFO  server.RaftServerConfigKeys (ConfUtils.java:logFallback(53)) - raft.server.rpc.first-election.timeout.min = 5s (fallback to raft.server.rpc.timeout.min)
2023-01-10 21:12:17,961 [59f5c057-586b-4a1a-a0d5-0dbbd6701919@group-F14965801010-LeaderElection7] INFO  server.RaftServerConfigKeys (ConfUtils.java:logFallback(53)) - raft.server.rpc.first-election.timeout.max = 5200ms (fallback to raft.server.rpc.timeout.max)
2023-01-10 21:12:17,960 [59f5c057-586b-4a1a-a0d5-0dbbd6701919@group-F14965801010-LeaderElection7-2] INFO  server.GrpcServerProtocolClient (GrpcServerProtocolClient.java:<init>(63)) - Build channel for 13a6dec5-f14a-4de7-a098-f6186ae4839d
2023-01-10 21:12:17,974 [grpc-default-executor-2] INFO  server.RaftServer$Division (RaftServerImpl.java:requestVote(1218)) - 6225d677-c2d1-455e-90bb-1529b9debcfd@group-F14965801010: receive requestVote(ELECTION, 59f5c057-586b-4a1a-a0d5-0dbbd6701919, group-F14965801010, 2, (t:0, i:0))
2023-01-10 21:12:17,975 [grpc-default-executor-2] INFO  impl.VoteContext (VoteContext.java:log(49)) - 6225d677-c2d1-455e-90bb-1529b9debcfd@group-F14965801010-FOLLOWER: accept ELECTION from 59f5c057-586b-4a1a-a0d5-0dbbd6701919: our priority 0 <= candidate's priority 1
2023-01-10 21:12:17,975 [grpc-default-executor-2] INFO  server.RaftServer$Division (RaftServerImpl.java:setRole(321)) - 6225d677-c2d1-455e-90bb-1529b9debcfd@group-F14965801010: changes role from  FOLLOWER to FOLLOWER at term 2 for candidate:59f5c057-586b-4a1a-a0d5-0dbbd6701919
2023-01-10 21:12:17,975 [grpc-default-executor-2] INFO  impl.RoleInfo (RoleInfo.java:shutdownFollowerState(110)) - 6225d677-c2d1-455e-90bb-1529b9debcfd: shutdown 6225d677-c2d1-455e-90bb-1529b9debcfd@group-F14965801010-FollowerState
2023-01-10 21:12:17,975 [6225d677-c2d1-455e-90bb-1529b9debcfd@group-F14965801010-FollowerState] INFO  impl.FollowerState (FollowerState.java:run(152)) - 6225d677-c2d1-455e-90bb-1529b9debcfd@group-F14965801010-FollowerState was interrupted
2023-01-10 21:12:17,975 [grpc-default-executor-2] INFO  impl.RoleInfo (RoleInfo.java:updateAndGet(139)) - 6225d677-c2d1-455e-90bb-1529b9debcfd: start 6225d677-c2d1-455e-90bb-1529b9debcfd@group-F14965801010-FollowerState
2023-01-10 21:12:17,978 [grpc-default-executor-1] INFO  server.RaftServer$Division (RaftServerImpl.java:requestVote(1218)) - 13a6dec5-f14a-4de7-a098-f6186ae4839d@group-F14965801010: receive requestVote(ELECTION, 59f5c057-586b-4a1a-a0d5-0dbbd6701919, group-F14965801010, 2, (t:0, i:0))
2023-01-10 21:12:17,978 [grpc-default-executor-2] INFO  server.RaftServer$Division (RaftServerImpl.java:requestVote(1251)) - 6225d677-c2d1-455e-90bb-1529b9debcfd@group-F14965801010 replies to ELECTION vote request: 59f5c057-586b-4a1a-a0d5-0dbbd6701919<-6225d677-c2d1-455e-90bb-1529b9debcfd#0:OK-t2. Peer's state: 6225d677-c2d1-455e-90bb-1529b9debcfd@group-F14965801010:t2, leader=null, voted=59f5c057-586b-4a1a-a0d5-0dbbd6701919, raftlog=Memoized:6225d677-c2d1-455e-90bb-1529b9debcfd@group-F14965801010-SegmentedRaftLog:OPENED:c-1, conf=-1: peers:[6225d677-c2d1-455e-90bb-1529b9debcfd|rpc:10.1.0.46:40907|dataStream:10.1.0.46:45105|priority:0|startupRole:FOLLOWER, 13a6dec5-f14a-4de7-a098-f6186ae4839d|rpc:10.1.0.46:35709|dataStream:10.1.0.46:43127|priority:0|startupRole:FOLLOWER, 59f5c057-586b-4a1a-a0d5-0dbbd6701919|rpc:10.1.0.46:35981|dataStream:10.1.0.46:38953|priority:1|startupRole:FOLLOWER]|listeners:[], old=null
2023-01-10 21:12:17,978 [6225d677-c2d1-455e-90bb-1529b9debcfd@group-F14965801010-FollowerState] INFO  server.RaftServerConfigKeys (ConfUtils.java:logFallback(53)) - raft.server.rpc.first-election.timeout.min = 5s (fallback to raft.server.rpc.timeout.min)
2023-01-10 21:12:17,978 [6225d677-c2d1-455e-90bb-1529b9debcfd@group-F14965801010-FollowerState] INFO  server.RaftServerConfigKeys (ConfUtils.java:logFallback(53)) - raft.server.rpc.first-election.timeout.max = 5200ms (fallback to raft.server.rpc.timeout.max)
2023-01-10 21:12:17,978 [grpc-default-executor-1] INFO  impl.VoteContext (VoteContext.java:log(49)) - 13a6dec5-f14a-4de7-a098-f6186ae4839d@group-F14965801010-FOLLOWER: accept ELECTION from 59f5c057-586b-4a1a-a0d5-0dbbd6701919: our priority 0 <= candidate's priority 1
2023-01-10 21:12:17,980 [grpc-default-executor-1] INFO  server.RaftServer$Division (RaftServerImpl.java:setRole(321)) - 13a6dec5-f14a-4de7-a098-f6186ae4839d@group-F14965801010: changes role from  FOLLOWER to FOLLOWER at term 2 for candidate:59f5c057-586b-4a1a-a0d5-0dbbd6701919
2023-01-10 21:12:17,980 [grpc-default-executor-1] INFO  impl.RoleInfo (RoleInfo.java:shutdownFollowerState(110)) - 13a6dec5-f14a-4de7-a098-f6186ae4839d: shutdown 13a6dec5-f14a-4de7-a098-f6186ae4839d@group-F14965801010-FollowerState
2023-01-10 21:12:17,980 [grpc-default-executor-1] INFO  impl.RoleInfo (RoleInfo.java:updateAndGet(139)) - 13a6dec5-f14a-4de7-a098-f6186ae4839d: start 13a6dec5-f14a-4de7-a098-f6186ae4839d@group-F14965801010-FollowerState
2023-01-10 21:12:17,980 [13a6dec5-f14a-4de7-a098-f6186ae4839d@group-F14965801010-FollowerState] INFO  impl.FollowerState (FollowerState.java:run(152)) - 13a6dec5-f14a-4de7-a098-f6186ae4839d@group-F14965801010-FollowerState was interrupted
2023-01-10 21:12:17,981 [13a6dec5-f14a-4de7-a098-f6186ae4839d@group-F14965801010-FollowerState] INFO  server.RaftServerConfigKeys (ConfUtils.java:logFallback(53)) - raft.server.rpc.first-election.timeout.min = 5s (fallback to raft.server.rpc.timeout.min)
2023-01-10 21:12:17,981 [13a6dec5-f14a-4de7-a098-f6186ae4839d@group-F14965801010-FollowerState] INFO  server.RaftServerConfigKeys (ConfUtils.java:logFallback(53)) - raft.server.rpc.first-election.timeout.max = 5200ms (fallback to raft.server.rpc.timeout.max)
2023-01-10 21:12:17,982 [59f5c057-586b-4a1a-a0d5-0dbbd6701919@group-F14965801010-LeaderElection7] INFO  impl.LeaderElection (LeaderElection.java:logAndReturn(90)) - 59f5c057-586b-4a1a-a0d5-0dbbd6701919@group-F14965801010-LeaderElection7: ELECTION PASSED received 1 response(s) and 0 exception(s):
2023-01-10 21:12:17,982 [59f5c057-586b-4a1a-a0d5-0dbbd6701919@group-F14965801010-LeaderElection7] INFO  impl.LeaderElection (LeaderElection.java:logAndReturn(94)) -   Response 0: 59f5c057-586b-4a1a-a0d5-0dbbd6701919<-6225d677-c2d1-455e-90bb-1529b9debcfd#0:OK-t2
2023-01-10 21:12:17,982 [59f5c057-586b-4a1a-a0d5-0dbbd6701919@group-F14965801010-LeaderElection7] INFO  impl.LeaderElection (LeaderElection.java:askForVotes(314)) - 59f5c057-586b-4a1a-a0d5-0dbbd6701919@group-F14965801010-LeaderElection7 ELECTION round 0: result PASSED
2023-01-10 21:12:17,990 [grpc-default-executor-1] INFO  server.RaftServer$Division (RaftServerImpl.java:requestVote(1251)) - 13a6dec5-f14a-4de7-a098-f6186ae4839d@group-F14965801010 replies to ELECTION vote request: 59f5c057-586b-4a1a-a0d5-0dbbd6701919<-13a6dec5-f14a-4de7-a098-f6186ae4839d#0:OK-t2. Peer's state: 13a6dec5-f14a-4de7-a098-f6186ae4839d@group-F14965801010:t2, leader=null, voted=59f5c057-586b-4a1a-a0d5-0dbbd6701919, raftlog=Memoized:13a6dec5-f14a-4de7-a098-f6186ae4839d@group-F14965801010-SegmentedRaftLog:OPENED:c-1, conf=-1: peers:[6225d677-c2d1-455e-90bb-1529b9debcfd|rpc:10.1.0.46:40907|dataStream:10.1.0.46:45105|priority:0|startupRole:FOLLOWER, 13a6dec5-f14a-4de7-a098-f6186ae4839d|rpc:10.1.0.46:35709|dataStream:10.1.0.46:43127|priority:0|startupRole:FOLLOWER, 59f5c057-586b-4a1a-a0d5-0dbbd6701919|rpc:10.1.0.46:35981|dataStream:10.1.0.46:38953|priority:1|startupRole:FOLLOWER]|listeners:[], old=null
2023-01-10 21:12:17,990 [59f5c057-586b-4a1a-a0d5-0dbbd6701919@group-F14965801010-LeaderElection7] INFO  impl.RoleInfo (RoleInfo.java:shutdownLeaderElection(130)) - 59f5c057-586b-4a1a-a0d5-0dbbd6701919: shutdown 59f5c057-586b-4a1a-a0d5-0dbbd6701919@group-F14965801010-LeaderElection7
2023-01-10 21:12:17,990 [59f5c057-586b-4a1a-a0d5-0dbbd6701919@group-F14965801010-LeaderElection7] INFO  server.RaftServer$Division (RaftServerImpl.java:setRole(321)) - 59f5c057-586b-4a1a-a0d5-0dbbd6701919@group-F14965801010: changes role from CANDIDATE to LEADER at term 2 for changeToLeader
2023-01-10 21:12:17,990 [59f5c057-586b-4a1a-a0d5-0dbbd6701919@group-F14965801010-LeaderElection7] INFO  ratis.XceiverServerRatis (XceiverServerRatis.java:handleLeaderChangedNotification(904)) - Leader change notification received for group: group-F14965801010 with new leaderId: 59f5c057-586b-4a1a-a0d5-0dbbd6701919
2023-01-10 21:12:17,991 [59f5c057-586b-4a1a-a0d5-0dbbd6701919@group-F14965801010-LeaderElection7] INFO  server.RaftServer$Division (ServerState.java:setLeader(313)) - 59f5c057-586b-4a1a-a0d5-0dbbd6701919@group-F14965801010: change Leader from null to 59f5c057-586b-4a1a-a0d5-0dbbd6701919 at term 2 for becomeLeader, leader elected after 9325ms
2023-01-10 21:12:17,991 [59f5c057-586b-4a1a-a0d5-0dbbd6701919@group-F14965801010-LeaderElection7] INFO  server.RaftServerConfigKeys (ConfUtils.java:logGet(46)) - raft.server.staging.catchup.gap = 1000 (default)
2023-01-10 21:12:17,991 [59f5c057-586b-4a1a-a0d5-0dbbd6701919@group-F14965801010-LeaderElection7] INFO  server.RaftServerConfigKeys (ConfUtils.java:logGet(46)) - raft.server.write.element-limit = 1024 (custom)
2023-01-10 21:12:17,991 [59f5c057-586b-4a1a-a0d5-0dbbd6701919@group-F14965801010-LeaderElection7] INFO  server.RaftServerConfigKeys (ConfUtils.java:logGet(46)) - raft.server.write.byte-limit = 1024 M (=1073741824) (custom)
2023-01-10 21:12:17,991 [59f5c057-586b-4a1a-a0d5-0dbbd6701919@group-F14965801010-LeaderElection7] INFO  server.RaftServerConfigKeys (ConfUtils.java:logGet(46)) - raft.server.watch.timeout = 180s (custom)
2023-01-10 21:12:17,991 [59f5c057-586b-4a1a-a0d5-0dbbd6701919@group-F14965801010-LeaderElection7] INFO  server.RaftServerConfigKeys (ConfUtils.java:logGet(46)) - raft.server.watch.timeout.denomination = 1s (default)
2023-01-10 21:12:17,991 [59f5c057-586b-4a1a-a0d5-0dbbd6701919@group-F14965801010-LeaderElection7] INFO  server.RaftServerConfigKeys (ConfUtils.java:logGet(46)) - raft.server.watch.element-limit = 65536 (default)
2023-01-10 21:12:17,992 [59f5c057-586b-4a1a-a0d5-0dbbd6701919@group-F14965801010-LeaderElection7] INFO  server.RaftServerConfigKeys (ConfUtils.java:logGet(46)) - raft.server.write.element-limit = 1024 (custom)
2023-01-10 21:12:17,992 [59f5c057-586b-4a1a-a0d5-0dbbd6701919@group-F14965801010-LeaderElection7] INFO  server.RaftServerConfigKeys (ConfUtils.java:logGet(46)) - raft.server.write.follower.gap.ratio.max = -1.0 (default)
2023-01-10 21:12:17,996 | INFO  | SCMAudit | user=runner | ip=10.1.0.46 | op=SEND_HEARTBEAT {datanodeUUID=59f5c057-586b-4a1a-a0d5-0dbbd6701919, term=-1, command=[]} | ret=SUCCESS |  
2023-01-10 21:12:17,997 [EventQueue-PipelineReportForPipelineReportHandler] INFO  pipeline.PipelineManagerImpl (PipelineManagerImpl.java:openPipeline(367)) - Pipeline Pipeline[ Id: 12ca2beb-e17b-4ac1-8bf8-f14965801010, Nodes: 6225d677-c2d1-455e-90bb-1529b9debcfd(fv-az502-119/10.1.0.46)59f5c057-586b-4a1a-a0d5-0dbbd6701919(fv-az502-119/10.1.0.46)13a6dec5-f14a-4de7-a098-f6186ae4839d(fv-az502-119/10.1.0.46), ReplicationConfig: RATIS/THREE, State:ALLOCATED, leaderId:59f5c057-586b-4a1a-a0d5-0dbbd6701919, CreationTimestamp2023-01-10T21:12:05.618Z[Etc/UTC]] moved to OPEN state
2023-01-10 21:12:18,004 [EventQueue-OpenPipelineForHealthyPipelineSafeModeRule] INFO  safemode.SCMSafeModeManager (HealthyPipelineSafeModeRule.java:process(137)) - SCM in safe mode. Healthy pipelines reported count is 1, required healthy pipeline reported count is 1
2023-01-10 21:12:18,004 [EventQueue-OpenPipelineForHealthyPipelineSafeModeRule] INFO  safemode.SCMSafeModeManager (SCMSafeModeManager.java:validateSafeModeExitRules(200)) - HealthyPipelineSafeModeRule rule is successfully validated
2023-01-10 21:12:18,004 [EventQueue-OpenPipelineForHealthyPipelineSafeModeRule] INFO  safemode.SCMSafeModeManager (SCMSafeModeManager.java:validateSafeModeExitRules(215)) - ScmSafeModeManager, all rules are successfully validated
2023-01-10 21:12:18,004 [EventQueue-OpenPipelineForHealthyPipelineSafeModeRule] INFO  safemode.SCMSafeModeManager (SCMSafeModeManager.java:exitSafeMode(244)) - SCM exiting safe mode.
2023-01-10 21:12:18,004 [EventQueue-OpenPipelineForHealthyPipelineSafeModeRule] INFO  ha.SCMContext (SCMContext.java:updateSafeModeStatus(228)) - Update SafeModeStatus from SafeModeStatus{safeModeStatus=true, preCheckPassed=true} to SafeModeStatus{safeModeStatus=false, preCheckPassed=true}.
2023-01-10 21:12:18,005 [EventQueue-OpenPipelineForHealthyPipelineSafeModeRule] INFO  pipeline.BackgroundPipelineCreator (BackgroundPipelineCreator.java:notifyStatusChanged(254)) - Service BackgroundPipelineCreator transitions to RUNNING.
2023-01-10 21:12:18,005 [EventQueue-OpenPipelineForHealthyPipelineSafeModeRule] INFO  BackgroundPipelineScrubber (BackgroundSCMService.java:notifyStatusChanged(82)) - Service BackgroundPipelineScrubber transitions to RUNNING.
2023-01-10 21:12:18,005 [EventQueue-OpenPipelineForHealthyPipelineSafeModeRule] INFO  ExpiredContainerReplicaOpScrubber (BackgroundSCMService.java:notifyStatusChanged(82)) - Service ExpiredContainerReplicaOpScrubber transitions to RUNNING.
2023-01-10 21:12:18,005 [EventQueue-OpenPipelineForHealthyPipelineSafeModeRule] INFO  replication.ReplicationManager (ReplicationManager.java:notifyStatusChanged(918)) - Service ReplicationManager transitions to RUNNING.
2023-01-10 21:12:18,012 [EventQueue-OpenPipelineForHealthyPipelineSafeModeRule] WARN  balancer.ContainerBalancer (ContainerBalancer.java:shouldRun(131)) - Could not find persisted configuration for ContainerBalancer when checking if ContainerBalancer should run. ContainerBalancer should not run now.
2023-01-10 21:12:18,013 [59f5c057-586b-4a1a-a0d5-0dbbd6701919@group-F14965801010-LeaderElection7] INFO  server.RaftServerConfigKeys (ConfUtils.java:logGet(46)) - raft.server.log.appender.snapshot.chunk.size.max = 16MB (=16777216) (default)
2023-01-10 21:12:18,014 [59f5c057-586b-4a1a-a0d5-0dbbd6701919@group-F14965801010-LeaderElection7] INFO  server.RaftServerConfigKeys (ConfUtils.java:logGet(46)) - raft.server.log.appender.buffer.byte-limit = 33554432 (custom)
2023-01-10 21:12:18,014 [59f5c057-586b-4a1a-a0d5-0dbbd6701919@group-F14965801010-LeaderElection7] INFO  server.RaftServerConfigKeys (ConfUtils.java:logGet(46)) - raft.server.log.appender.buffer.element-limit = 1 (custom)
2023-01-10 21:12:18,017 [59f5c057-586b-4a1a-a0d5-0dbbd6701919@group-F14965801010-LeaderElection7] INFO  grpc.GrpcConfigKeys (ConfUtils.java:logGet(46)) - raft.grpc.server.leader.outstanding.appends.max = 128 (default)
2023-01-10 21:12:18,017 [59f5c057-586b-4a1a-a0d5-0dbbd6701919@group-F14965801010-LeaderElection7] INFO  server.RaftServerConfigKeys (ConfUtils.java:logGet(46)) - raft.server.rpc.request.timeout = 60s (custom)
2023-01-10 21:12:18,017 [59f5c057-586b-4a1a-a0d5-0dbbd6701919@group-F14965801010-LeaderElection7] INFO  server.RaftServerConfigKeys (ConfUtils.java:logGet(46)) - raft.server.log.appender.install.snapshot.enabled = false (custom)
2023-01-10 21:12:18,017 [59f5c057-586b-4a1a-a0d5-0dbbd6701919@group-F14965801010-LeaderElection7] INFO  grpc.GrpcConfigKeys (ConfUtils.java:logGet(46)) - raft.grpc.server.heartbeat.channel = true (default)
2023-01-10 21:12:18,017 [59f5c057-586b-4a1a-a0d5-0dbbd6701919@group-F14965801010-LeaderElection7] INFO  server.RaftServerConfigKeys (ConfUtils.java:logGet(46)) - raft.server.log.appender.wait-time.min = 10ms (default)
2023-01-10 21:12:18,020 [59f5c057-586b-4a1a-a0d5-0dbbd6701919@group-F14965801010-LeaderElection7] INFO  server.RaftServerConfigKeys (ConfUtils.java:logGet(46)) - raft.server.log.appender.snapshot.chunk.size.max = 16MB (=16777216) (default)
2023-01-10 21:12:18,020 [59f5c057-586b-4a1a-a0d5-0dbbd6701919@group-F14965801010-LeaderElection7] INFO  server.RaftServerConfigKeys (ConfUtils.java:logGet(46)) - raft.server.log.appender.buffer.byte-limit = 33554432 (custom)
2023-01-10 21:12:18,020 [59f5c057-586b-4a1a-a0d5-0dbbd6701919@group-F14965801010-LeaderElection7] INFO  server.RaftServerConfigKeys (ConfUtils.java:logGet(46)) - raft.server.log.appender.buffer.element-limit = 1 (custom)
2023-01-10 21:12:18,021 [59f5c057-586b-4a1a-a0d5-0dbbd6701919@group-F14965801010-LeaderElection7] INFO  grpc.GrpcConfigKeys (ConfUtils.java:logGet(46)) - raft.grpc.server.leader.outstanding.appends.max = 128 (default)
2023-01-10 21:12:18,021 [59f5c057-586b-4a1a-a0d5-0dbbd6701919@group-F14965801010-LeaderElection7] INFO  server.RaftServerConfigKeys (ConfUtils.java:logGet(46)) - raft.server.rpc.request.timeout = 60s (custom)
2023-01-10 21:12:18,021 [59f5c057-586b-4a1a-a0d5-0dbbd6701919@group-F14965801010-LeaderElection7] INFO  server.RaftServerConfigKeys (ConfUtils.java:logGet(46)) - raft.server.log.appender.install.snapshot.enabled = false (custom)
2023-01-10 21:12:18,021 [59f5c057-586b-4a1a-a0d5-0dbbd6701919@group-F14965801010-LeaderElection7] INFO  grpc.GrpcConfigKeys (ConfUtils.java:logGet(46)) - raft.grpc.server.heartbeat.channel = true (default)
2023-01-10 21:12:18,021 [59f5c057-586b-4a1a-a0d5-0dbbd6701919@group-F14965801010-LeaderElection7] INFO  server.RaftServerConfigKeys (ConfUtils.java:logGet(46)) - raft.server.log.appender.wait-time.min = 10ms (default)
2023-01-10 21:12:18,022 [59f5c057-586b-4a1a-a0d5-0dbbd6701919@group-F14965801010-LeaderElection7] INFO  impl.RoleInfo (RoleInfo.java:updateAndGet(139)) - 59f5c057-586b-4a1a-a0d5-0dbbd6701919: start 59f5c057-586b-4a1a-a0d5-0dbbd6701919@group-F14965801010-LeaderStateImpl
2023-01-10 21:12:18,022 [59f5c057-586b-4a1a-a0d5-0dbbd6701919@group-F14965801010-LeaderElection7] INFO  segmented.SegmentedRaftLogWorker (SegmentedRaftLogWorker.java:startLogSegment(452)) - 59f5c057-586b-4a1a-a0d5-0dbbd6701919@group-F14965801010-SegmentedRaftLogWorker: Starting segment from index:0
2023-01-10 21:12:18,024 [59f5c057-586b-4a1a-a0d5-0dbbd6701919@group-F14965801010-SegmentedRaftLogWorker] INFO  segmented.SegmentedRaftLogWorker (SegmentedRaftLogWorker.java:execute(656)) - 59f5c057-586b-4a1a-a0d5-0dbbd6701919@group-F14965801010-SegmentedRaftLogWorker: created new log segment /home/runner/work/ozone/ozone/hadoop-ozone/integration-test/target/test-dir/MiniOzoneClusterImpl-19fb9fdf-8a8f-4927-bd4c-ee6195d64daa/datanode-2/data/ratis/12ca2beb-e17b-4ac1-8bf8-f14965801010/current/log_inprogress_0
2023-01-10 21:12:18,036 [59f5c057-586b-4a1a-a0d5-0dbbd6701919@group-F14965801010-LeaderElection7] INFO  server.RaftServer$Division (ServerState.java:setRaftConf(430)) - 59f5c057-586b-4a1a-a0d5-0dbbd6701919@group-F14965801010: set configuration 0: peers:[6225d677-c2d1-455e-90bb-1529b9debcfd|rpc:10.1.0.46:40907|dataStream:10.1.0.46:45105|priority:0|startupRole:FOLLOWER, 13a6dec5-f14a-4de7-a098-f6186ae4839d|rpc:10.1.0.46:35709|dataStream:10.1.0.46:43127|priority:0|startupRole:FOLLOWER, 59f5c057-586b-4a1a-a0d5-0dbbd6701919|rpc:10.1.0.46:35981|dataStream:10.1.0.46:38953|priority:1|startupRole:FOLLOWER]|listeners:[], old=null
2023-01-10 21:12:18,060 [13a6dec5-f14a-4de7-a098-f6186ae4839d-server-thread1] INFO  ratis.XceiverServerRatis (XceiverServerRatis.java:handleLeaderChangedNotification(904)) - Leader change notification received for group: group-F14965801010 with new leaderId: 59f5c057-586b-4a1a-a0d5-0dbbd6701919
2023-01-10 21:12:18,060 [13a6dec5-f14a-4de7-a098-f6186ae4839d-server-thread1] INFO  server.RaftServer$Division (ServerState.java:setLeader(313)) - 13a6dec5-f14a-4de7-a098-f6186ae4839d@group-F14965801010: change Leader from null to 59f5c057-586b-4a1a-a0d5-0dbbd6701919 at term 2 for appendEntries, leader elected after 9793ms
2023-01-10 21:12:18,081 [6225d677-c2d1-455e-90bb-1529b9debcfd-server-thread1] INFO  ratis.XceiverServerRatis (XceiverServerRatis.java:handleLeaderChangedNotification(904)) - Leader change notification received for group: group-F14965801010 with new leaderId: 59f5c057-586b-4a1a-a0d5-0dbbd6701919
2023-01-10 21:12:18,086 [6225d677-c2d1-455e-90bb-1529b9debcfd-server-thread1] INFO  server.RaftServer$Division (ServerState.java:setLeader(313)) - 6225d677-c2d1-455e-90bb-1529b9debcfd@group-F14965801010: change Leader from null to 59f5c057-586b-4a1a-a0d5-0dbbd6701919 at term 2 for appendEntries, leader elected after 10490ms
2023-01-10 21:12:18,086 [13a6dec5-f14a-4de7-a098-f6186ae4839d-server-thread1] INFO  server.RaftServer$Division (ServerState.java:setRaftConf(430)) - 13a6dec5-f14a-4de7-a098-f6186ae4839d@group-F14965801010: set configuration 0: peers:[6225d677-c2d1-455e-90bb-1529b9debcfd|rpc:10.1.0.46:40907|dataStream:10.1.0.46:45105|priority:0|startupRole:FOLLOWER, 13a6dec5-f14a-4de7-a098-f6186ae4839d|rpc:10.1.0.46:35709|dataStream:10.1.0.46:43127|priority:0|startupRole:FOLLOWER, 59f5c057-586b-4a1a-a0d5-0dbbd6701919|rpc:10.1.0.46:35981|dataStream:10.1.0.46:38953|priority:1|startupRole:FOLLOWER]|listeners:[], old=null
2023-01-10 21:12:18,087 [13a6dec5-f14a-4de7-a098-f6186ae4839d-server-thread1] INFO  segmented.SegmentedRaftLogWorker (SegmentedRaftLogWorker.java:startLogSegment(452)) - 13a6dec5-f14a-4de7-a098-f6186ae4839d@group-F14965801010-SegmentedRaftLogWorker: Starting segment from index:0
2023-01-10 21:12:18,087 [6225d677-c2d1-455e-90bb-1529b9debcfd-server-thread1] INFO  server.RaftServer$Division (ServerState.java:setRaftConf(430)) - 6225d677-c2d1-455e-90bb-1529b9debcfd@group-F14965801010: set configuration 0: peers:[6225d677-c2d1-455e-90bb-1529b9debcfd|rpc:10.1.0.46:40907|dataStream:10.1.0.46:45105|priority:0|startupRole:FOLLOWER, 13a6dec5-f14a-4de7-a098-f6186ae4839d|rpc:10.1.0.46:35709|dataStream:10.1.0.46:43127|priority:0|startupRole:FOLLOWER, 59f5c057-586b-4a1a-a0d5-0dbbd6701919|rpc:10.1.0.46:35981|dataStream:10.1.0.46:38953|priority:1|startupRole:FOLLOWER]|listeners:[], old=null
2023-01-10 21:12:18,088 [6225d677-c2d1-455e-90bb-1529b9debcfd-server-thread1] INFO  segmented.SegmentedRaftLogWorker (SegmentedRaftLogWorker.java:startLogSegment(452)) - 6225d677-c2d1-455e-90bb-1529b9debcfd@group-F14965801010-SegmentedRaftLogWorker: Starting segment from index:0
2023-01-10 21:12:18,091 [6225d677-c2d1-455e-90bb-1529b9debcfd@group-F14965801010-SegmentedRaftLogWorker] INFO  segmented.SegmentedRaftLogWorker (SegmentedRaftLogWorker.java:execute(656)) - 6225d677-c2d1-455e-90bb-1529b9debcfd@group-F14965801010-SegmentedRaftLogWorker: created new log segment /home/runner/work/ozone/ozone/hadoop-ozone/integration-test/target/test-dir/MiniOzoneClusterImpl-19fb9fdf-8a8f-4927-bd4c-ee6195d64daa/datanode-0/data/ratis/12ca2beb-e17b-4ac1-8bf8-f14965801010/current/log_inprogress_0
2023-01-10 21:12:18,093 [13a6dec5-f14a-4de7-a098-f6186ae4839d@group-F14965801010-SegmentedRaftLogWorker] INFO  segmented.SegmentedRaftLogWorker (SegmentedRaftLogWorker.java:execute(656)) - 13a6dec5-f14a-4de7-a098-f6186ae4839d@group-F14965801010-SegmentedRaftLogWorker: created new log segment /home/runner/work/ozone/ozone/hadoop-ozone/integration-test/target/test-dir/MiniOzoneClusterImpl-19fb9fdf-8a8f-4927-bd4c-ee6195d64daa/datanode-1/data/ratis/12ca2beb-e17b-4ac1-8bf8-f14965801010/current/log_inprogress_0
2023-01-10 21:12:18,468 | INFO  | SCMAudit | user=runner | ip=10.1.0.46 | op=SEND_HEARTBEAT {datanodeUUID=13a6dec5-f14a-4de7-a098-f6186ae4839d, term=-1, command=[]} | ret=SUCCESS |  
2023-01-10 21:12:18,616 [Listener at 127.0.0.1/46425] INFO  ozone.MiniOzoneClusterImpl (MiniOzoneClusterImpl.java:lambda$waitForClusterToBeReady$0(218)) - Nodes are ready. Got 3 of 3 DN Heartbeats.
2023-01-10 21:12:18,616 [Listener at 127.0.0.1/46425] INFO  ozone.MiniOzoneClusterImpl (MiniOzoneClusterImpl.java:lambda$waitForClusterToBeReady$0(221)) - Cluster exits safe mode
2023-01-10 21:12:18,616 [Listener at 127.0.0.1/46425] INFO  ozone.MiniOzoneClusterImpl (MiniOzoneClusterImpl.java:lambda$waitForClusterToBeReady$0(223)) - SCM became leader
2023-01-10 21:12:18,759 | INFO  | SCMAudit | user=runner | ip=10.1.0.46 | op=SEND_HEARTBEAT {datanodeUUID=6225d677-c2d1-455e-90bb-1529b9debcfd, term=-1, command=[]} | ret=SUCCESS |  
2023-01-10 21:12:18,996 | INFO  | SCMAudit | user=runner | ip=10.1.0.46 | op=SEND_HEARTBEAT {datanodeUUID=59f5c057-586b-4a1a-a0d5-0dbbd6701919, term=-1, command=[]} | ret=SUCCESS |  
2023-01-10 21:12:19,136 | INFO  | OMAudit | user=runner | ip=127.0.0.1 | op=GET_SERVICE_LIST {} | ret=SUCCESS |  
2023-01-10 21:12:19,164 [59f5c057-586b-4a1a-a0d5-0dbbd6701919@group-992DBB117582-FollowerState] INFO  impl.FollowerState (FollowerState.java:run(143)) - 59f5c057-586b-4a1a-a0d5-0dbbd6701919@group-992DBB117582-FollowerState: change to CANDIDATE, lastRpcElapsedTime:5026821797ns, electionTimeout:5019ms
2023-01-10 21:12:19,164 [59f5c057-586b-4a1a-a0d5-0dbbd6701919@group-992DBB117582-FollowerState] INFO  impl.RoleInfo (RoleInfo.java:shutdownFollowerState(110)) - 59f5c057-586b-4a1a-a0d5-0dbbd6701919: shutdown 59f5c057-586b-4a1a-a0d5-0dbbd6701919@group-992DBB117582-FollowerState
2023-01-10 21:12:19,165 [59f5c057-586b-4a1a-a0d5-0dbbd6701919@group-992DBB117582-FollowerState] INFO  server.RaftServer$Division (RaftServerImpl.java:setRole(321)) - 59f5c057-586b-4a1a-a0d5-0dbbd6701919@group-992DBB117582: changes role from  FOLLOWER to CANDIDATE at term 1 for changeToCandidate
2023-01-10 21:12:19,165 [59f5c057-586b-4a1a-a0d5-0dbbd6701919@group-992DBB117582-FollowerState] INFO  server.RaftServerConfigKeys (ConfUtils.java:logGet(46)) - raft.server.leaderelection.pre-vote = false (custom)
2023-01-10 21:12:19,165 [59f5c057-586b-4a1a-a0d5-0dbbd6701919@group-992DBB117582-FollowerState] INFO  impl.RoleInfo (RoleInfo.java:updateAndGet(139)) - 59f5c057-586b-4a1a-a0d5-0dbbd6701919: start 59f5c057-586b-4a1a-a0d5-0dbbd6701919@group-992DBB117582-LeaderElection8
2023-01-10 21:12:19,172 [Time-limited test] INFO  rpc.RpcClient (RpcClient.java:createVolume(474)) - Creating Volume: volume72397, with user87698 as owner and space quota set to -1 bytes, counts quota set to -1
2023-01-10 21:12:19,176 [59f5c057-586b-4a1a-a0d5-0dbbd6701919@group-992DBB117582-LeaderElection8] INFO  impl.LeaderElection (LeaderElection.java:askForVotes(312)) - 59f5c057-586b-4a1a-a0d5-0dbbd6701919@group-992DBB117582-LeaderElection8 ELECTION round 0: submit vote requests at term 2 for -1: peers:[6225d677-c2d1-455e-90bb-1529b9debcfd|rpc:10.1.0.46:40907|dataStream:10.1.0.46:45105|priority:0|startupRole:FOLLOWER, 13a6dec5-f14a-4de7-a098-f6186ae4839d|rpc:10.1.0.46:35709|dataStream:10.1.0.46:43127|priority:1|startupRole:FOLLOWER, 59f5c057-586b-4a1a-a0d5-0dbbd6701919|rpc:10.1.0.46:35981|dataStream:10.1.0.46:38953|priority:0|startupRole:FOLLOWER]|listeners:[], old=null
2023-01-10 21:12:19,178 [59f5c057-586b-4a1a-a0d5-0dbbd6701919@group-992DBB117582-LeaderElection8] INFO  server.RaftServerConfigKeys (ConfUtils.java:logFallback(53)) - raft.server.rpc.first-election.timeout.min = 5s (fallback to raft.server.rpc.timeout.min)
2023-01-10 21:12:19,178 [59f5c057-586b-4a1a-a0d5-0dbbd6701919@group-992DBB117582-LeaderElection8] INFO  server.RaftServerConfigKeys (ConfUtils.java:logFallback(53)) - raft.server.rpc.first-election.timeout.max = 5200ms (fallback to raft.server.rpc.timeout.max)
2023-01-10 21:12:19,188 [grpc-default-executor-1] INFO  server.RaftServer$Division (RaftServerImpl.java:requestVote(1218)) - 6225d677-c2d1-455e-90bb-1529b9debcfd@group-992DBB117582: receive requestVote(ELECTION, 59f5c057-586b-4a1a-a0d5-0dbbd6701919, group-992DBB117582, 2, (t:0, i:0))
2023-01-10 21:12:19,189 [grpc-default-executor-1] INFO  impl.VoteContext (VoteContext.java:log(49)) - 6225d677-c2d1-455e-90bb-1529b9debcfd@group-992DBB117582-FOLLOWER: accept ELECTION from 59f5c057-586b-4a1a-a0d5-0dbbd6701919: our priority 0 <= candidate's priority 0
2023-01-10 21:12:19,189 [grpc-default-executor-1] INFO  server.RaftServer$Division (RaftServerImpl.java:setRole(321)) - 6225d677-c2d1-455e-90bb-1529b9debcfd@group-992DBB117582: changes role from  FOLLOWER to FOLLOWER at term 2 for candidate:59f5c057-586b-4a1a-a0d5-0dbbd6701919
2023-01-10 21:12:19,189 [grpc-default-executor-1] INFO  impl.RoleInfo (RoleInfo.java:shutdownFollowerState(110)) - 6225d677-c2d1-455e-90bb-1529b9debcfd: shutdown 6225d677-c2d1-455e-90bb-1529b9debcfd@group-992DBB117582-FollowerState
2023-01-10 21:12:19,189 [grpc-default-executor-1] INFO  impl.RoleInfo (RoleInfo.java:updateAndGet(139)) - 6225d677-c2d1-455e-90bb-1529b9debcfd: start 6225d677-c2d1-455e-90bb-1529b9debcfd@group-992DBB117582-FollowerState
2023-01-10 21:12:19,189 [6225d677-c2d1-455e-90bb-1529b9debcfd@group-992DBB117582-FollowerState] INFO  impl.FollowerState (FollowerState.java:run(152)) - 6225d677-c2d1-455e-90bb-1529b9debcfd@group-992DBB117582-FollowerState was interrupted
2023-01-10 21:12:19,190 [6225d677-c2d1-455e-90bb-1529b9debcfd@group-992DBB117582-FollowerState] INFO  server.RaftServerConfigKeys (ConfUtils.java:logFallback(53)) - raft.server.rpc.first-election.timeout.min = 5s (fallback to raft.server.rpc.timeout.min)
2023-01-10 21:12:19,194 [6225d677-c2d1-455e-90bb-1529b9debcfd@group-992DBB117582-FollowerState] INFO  server.RaftServerConfigKeys (ConfUtils.java:logFallback(53)) - raft.server.rpc.first-election.timeout.max = 5200ms (fallback to raft.server.rpc.timeout.max)
2023-01-10 21:12:19,194 [grpc-default-executor-3] INFO  server.RaftServer$Division (RaftServerImpl.java:requestVote(1218)) - 13a6dec5-f14a-4de7-a098-f6186ae4839d@group-992DBB117582: receive requestVote(ELECTION, 59f5c057-586b-4a1a-a0d5-0dbbd6701919, group-992DBB117582, 2, (t:0, i:0))
2023-01-10 21:12:19,195 [grpc-default-executor-1] INFO  server.RaftServer$Division (RaftServerImpl.java:requestVote(1251)) - 6225d677-c2d1-455e-90bb-1529b9debcfd@group-992DBB117582 replies to ELECTION vote request: 59f5c057-586b-4a1a-a0d5-0dbbd6701919<-6225d677-c2d1-455e-90bb-1529b9debcfd#0:OK-t2. Peer's state: 6225d677-c2d1-455e-90bb-1529b9debcfd@group-992DBB117582:t2, leader=null, voted=59f5c057-586b-4a1a-a0d5-0dbbd6701919, raftlog=Memoized:6225d677-c2d1-455e-90bb-1529b9debcfd@group-992DBB117582-SegmentedRaftLog:OPENED:c-1, conf=-1: peers:[6225d677-c2d1-455e-90bb-1529b9debcfd|rpc:10.1.0.46:40907|dataStream:10.1.0.46:45105|priority:0|startupRole:FOLLOWER, 13a6dec5-f14a-4de7-a098-f6186ae4839d|rpc:10.1.0.46:35709|dataStream:10.1.0.46:43127|priority:1|startupRole:FOLLOWER, 59f5c057-586b-4a1a-a0d5-0dbbd6701919|rpc:10.1.0.46:35981|dataStream:10.1.0.46:38953|priority:0|startupRole:FOLLOWER]|listeners:[], old=null
2023-01-10 21:12:19,197 [grpc-default-executor-3] INFO  impl.VoteContext (VoteContext.java:log(49)) - 13a6dec5-f14a-4de7-a098-f6186ae4839d@group-992DBB117582-FOLLOWER: reject ELECTION from 59f5c057-586b-4a1a-a0d5-0dbbd6701919: our priority 1 > candidate's priority 0
2023-01-10 21:12:19,197 [grpc-default-executor-3] INFO  server.RaftServer$Division (RaftServerImpl.java:setRole(321)) - 13a6dec5-f14a-4de7-a098-f6186ae4839d@group-992DBB117582: changes role from  FOLLOWER to FOLLOWER at term 2 for candidate:59f5c057-586b-4a1a-a0d5-0dbbd6701919
2023-01-10 21:12:19,197 [grpc-default-executor-3] INFO  impl.RoleInfo (RoleInfo.java:shutdownFollowerState(110)) - 13a6dec5-f14a-4de7-a098-f6186ae4839d: shutdown 13a6dec5-f14a-4de7-a098-f6186ae4839d@group-992DBB117582-FollowerState
2023-01-10 21:12:19,198 [grpc-default-executor-3] INFO  impl.RoleInfo (RoleInfo.java:updateAndGet(139)) - 13a6dec5-f14a-4de7-a098-f6186ae4839d: start 13a6dec5-f14a-4de7-a098-f6186ae4839d@group-992DBB117582-FollowerState
2023-01-10 21:12:19,198 [13a6dec5-f14a-4de7-a098-f6186ae4839d@group-992DBB117582-FollowerState] INFO  impl.FollowerState (FollowerState.java:run(152)) - 13a6dec5-f14a-4de7-a098-f6186ae4839d@group-992DBB117582-FollowerState was interrupted
2023-01-10 21:12:19,202 [grpc-default-executor-3] INFO  server.RaftServer$Division (RaftServerImpl.java:requestVote(1251)) - 13a6dec5-f14a-4de7-a098-f6186ae4839d@group-992DBB117582 replies to ELECTION vote request: 59f5c057-586b-4a1a-a0d5-0dbbd6701919<-13a6dec5-f14a-4de7-a098-f6186ae4839d#0:FAIL-t2. Peer's state: 13a6dec5-f14a-4de7-a098-f6186ae4839d@group-992DBB117582:t2, leader=null, voted=null, raftlog=Memoized:13a6dec5-f14a-4de7-a098-f6186ae4839d@group-992DBB117582-SegmentedRaftLog:OPENED:c-1, conf=-1: peers:[6225d677-c2d1-455e-90bb-1529b9debcfd|rpc:10.1.0.46:40907|dataStream:10.1.0.46:45105|priority:0|startupRole:FOLLOWER, 13a6dec5-f14a-4de7-a098-f6186ae4839d|rpc:10.1.0.46:35709|dataStream:10.1.0.46:43127|priority:1|startupRole:FOLLOWER, 59f5c057-586b-4a1a-a0d5-0dbbd6701919|rpc:10.1.0.46:35981|dataStream:10.1.0.46:38953|priority:0|startupRole:FOLLOWER]|listeners:[], old=null
2023-01-10 21:12:19,200 [13a6dec5-f14a-4de7-a098-f6186ae4839d@group-992DBB117582-FollowerState] INFO  server.RaftServerConfigKeys (ConfUtils.java:logFallback(53)) - raft.server.rpc.first-election.timeout.min = 5s (fallback to raft.server.rpc.timeout.min)
2023-01-10 21:12:19,206 [13a6dec5-f14a-4de7-a098-f6186ae4839d@group-992DBB117582-FollowerState] INFO  server.RaftServerConfigKeys (ConfUtils.java:logFallback(53)) - raft.server.rpc.first-election.timeout.max = 5200ms (fallback to raft.server.rpc.timeout.max)
2023-01-10 21:12:19,211 [59f5c057-586b-4a1a-a0d5-0dbbd6701919@group-992DBB117582-LeaderElection8] INFO  impl.LeaderElection (LeaderElection.java:logAndReturn(90)) - 59f5c057-586b-4a1a-a0d5-0dbbd6701919@group-992DBB117582-LeaderElection8: ELECTION REJECTED received 2 response(s) and 0 exception(s):
2023-01-10 21:12:19,212 [59f5c057-586b-4a1a-a0d5-0dbbd6701919@group-992DBB117582-LeaderElection8] INFO  impl.LeaderElection (LeaderElection.java:logAndReturn(94)) -   Response 0: 59f5c057-586b-4a1a-a0d5-0dbbd6701919<-6225d677-c2d1-455e-90bb-1529b9debcfd#0:OK-t2
2023-01-10 21:12:19,212 [59f5c057-586b-4a1a-a0d5-0dbbd6701919@group-992DBB117582-LeaderElection8] INFO  impl.LeaderElection (LeaderElection.java:logAndReturn(94)) -   Response 1: 59f5c057-586b-4a1a-a0d5-0dbbd6701919<-13a6dec5-f14a-4de7-a098-f6186ae4839d#0:FAIL-t2
2023-01-10 21:12:19,212 [59f5c057-586b-4a1a-a0d5-0dbbd6701919@group-992DBB117582-LeaderElection8] INFO  impl.LeaderElection (LeaderElection.java:askForVotes(314)) - 59f5c057-586b-4a1a-a0d5-0dbbd6701919@group-992DBB117582-LeaderElection8 ELECTION round 0: result REJECTED
2023-01-10 21:12:19,212 [59f5c057-586b-4a1a-a0d5-0dbbd6701919@group-992DBB117582-LeaderElection8] INFO  server.RaftServer$Division (RaftServerImpl.java:setRole(321)) - 59f5c057-586b-4a1a-a0d5-0dbbd6701919@group-992DBB117582: changes role from CANDIDATE to FOLLOWER at term 2 for REJECTED
2023-01-10 21:12:19,212 [59f5c057-586b-4a1a-a0d5-0dbbd6701919@group-992DBB117582-LeaderElection8] INFO  impl.RoleInfo (RoleInfo.java:shutdownLeaderElection(130)) - 59f5c057-586b-4a1a-a0d5-0dbbd6701919: shutdown 59f5c057-586b-4a1a-a0d5-0dbbd6701919@group-992DBB117582-LeaderElection8
2023-01-10 21:12:19,212 [59f5c057-586b-4a1a-a0d5-0dbbd6701919@group-992DBB117582-LeaderElection8] INFO  impl.RoleInfo (RoleInfo.java:updateAndGet(139)) - 59f5c057-586b-4a1a-a0d5-0dbbd6701919: start 59f5c057-586b-4a1a-a0d5-0dbbd6701919@group-992DBB117582-FollowerState
2023-01-10 21:12:19,225 [59f5c057-586b-4a1a-a0d5-0dbbd6701919@group-992DBB117582-FollowerState] INFO  server.RaftServerConfigKeys (ConfUtils.java:logFallback(53)) - raft.server.rpc.first-election.timeout.min = 5s (fallback to raft.server.rpc.timeout.min)
2023-01-10 21:12:19,226 [59f5c057-586b-4a1a-a0d5-0dbbd6701919@group-992DBB117582-FollowerState] INFO  server.RaftServerConfigKeys (ConfUtils.java:logFallback(53)) - raft.server.rpc.first-election.timeout.max = 5200ms (fallback to raft.server.rpc.timeout.max)
2023-01-10 21:12:19,255 [OM StateMachine ApplyTransaction Thread - 0] WARN  om.OzoneManager (OzoneManager.java:checkAcls(2464)) - User runner doesn't have CREATE permission to access volume Volume:volume72397 
2023-01-10 21:12:19,260 | ERROR | OMAudit | user=runner | ip=127.0.0.1 | op=CREATE_VOLUME {admin=admin79920, owner=user87698, volume=volume72397, creationTime=1673385139184, modificationTime=1673385139184, quotaInBytes=-1, quotaInNamespace=-1, usedNamespace=0, objectID=-9223372036854775552, updateID=1} | ret=FAILURE | PERMISSION_DENIED org.apache.hadoop.ozone.om.exceptions.OMException: User runner doesn't have CREATE permission to access volume Volume:volume72397 
	at org.apache.hadoop.ozone.om.OzoneManager.checkAcls(OzoneManager.java:2467)
	at org.apache.hadoop.ozone.om.OzoneManager.checkAcls(OzoneManager.java:2442) 
2023-01-10 21:12:19,261 [OM StateMachine ApplyTransaction Thread - 0] ERROR volume.OMVolumeCreateRequest (OMVolumeCreateRequest.java:validateAndUpdateCache(198)) - Volume creation failed for user:user87698 volume:volume72397
PERMISSION_DENIED org.apache.hadoop.ozone.om.exceptions.OMException: User runner doesn't have CREATE permission to access volume Volume:volume72397 
	at org.apache.hadoop.ozone.om.OzoneManager.checkAcls(OzoneManager.java:2467)
	at org.apache.hadoop.ozone.om.OzoneManager.checkAcls(OzoneManager.java:2442)
	at org.apache.hadoop.ozone.om.OzoneAclUtils.checkAllAcls(OzoneAclUtils.java:108)
	at org.apache.hadoop.ozone.om.request.OMClientRequest.checkAcls(OMClientRequest.java:360)
	at org.apache.hadoop.ozone.om.request.OMClientRequest.checkAcls(OMClientRequest.java:215)
	at org.apache.hadoop.ozone.om.request.volume.OMVolumeCreateRequest.validateAndUpdateCache(OMVolumeCreateRequest.java:136)
	at org.apache.hadoop.ozone.protocolPB.OzoneManagerRequestHandler.handleWriteRequest(OzoneManagerRequestHandler.java:317)
	at org.apache.hadoop.ozone.om.ratis.OzoneManagerStateMachine.runCommand(OzoneManagerStateMachine.java:533)
	at org.apache.hadoop.ozone.om.ratis.OzoneManagerStateMachine.lambda$1(OzoneManagerStateMachine.java:324)
	at java.util.concurrent.CompletableFuture$AsyncSupply.run(CompletableFuture.java:1604)
	at java.util.concurrent.ThreadPoolExecutor.runWorker(ThreadPoolExecutor.java:1149)
	at java.util.concurrent.ThreadPoolExecutor$Worker.run(ThreadPoolExecutor.java:624)
	at java.lang.Thread.run(Thread.java:750)
]]></system-out>
  </testcase>
  <testcase name="testReadVolumePermissionDenied" classname="org.apache.hadoop.ozone.om.TestOmAcls" time="0.102">
    <system-out><![CDATA[2023-01-10 21:12:19,284 | INFO  | OMAudit | user=runner | ip=127.0.0.1 | op=GET_SERVICE_LIST {} | ret=SUCCESS |  
2023-01-10 21:12:19,298 [Time-limited test] INFO  rpc.RpcClient (RpcClient.java:createVolume(474)) - Creating Volume: volume36671, with user83182 as owner and space quota set to -1 bytes, counts quota set to -1
2023-01-10 21:12:19,316 | INFO  | OMAudit | user=runner | ip=127.0.0.1 | op=CREATE_VOLUME {admin=admin83733, owner=user83182, volume=volume36671, creationTime=1673385139301, modificationTime=1673385139301, quotaInBytes=-1, quotaInNamespace=-1, usedNamespace=0, objectID=-9223372036854775040, updateID=3} | ret=SUCCESS |  
2023-01-10 21:12:19,316 [OM StateMachine ApplyTransaction Thread - 0] INFO  volume.OMVolumeCreateRequest (OMVolumeCreateRequest.java:validateAndUpdateCache(195)) - created volume:volume36671 for user:user83182
2023-01-10 21:12:19,328 | INFO  | OMAudit | user=runner | ip=127.0.0.1 | op=READ_VOLUME {volume=volume36671} | ret=SUCCESS |  
2023-01-10 21:12:19,334 [Time-limited test] INFO  rpc.RpcClient (RpcClient.java:createBucket(693)) - Creating Bucket: volume36671/bucket14402, with bucket layout LEGACY, runner as owner, Versioning false, Storage Type set to DISK and Encryption set to false 
2023-01-10 21:12:19,352 | INFO  | OMAudit | user=runner | ip=127.0.0.1 | op=CREATE_BUCKET {volume=volume36671, bucket=bucket14402, bucketLayout=LEGACY, gdprEnabled=null, acls=[user:runner:a[ACCESS], group:docker:a[ACCESS], group:adm:a[ACCESS], group:systemd-journal:a[ACCESS]], isVersionEnabled=false, storageType=DISK, creationTime=1673385139344, bucketEncryptionKey=null, modificationTime=1673385139344, usedBytes=0, usedNamespace=0} | ret=SUCCESS |  
2023-01-10 21:12:19,352 [OM StateMachine ApplyTransaction Thread - 0] INFO  bucket.OMBucketCreateRequest (OMBucketCreateRequest.java:validateAndUpdateCache(260)) - created bucket: bucket14402 of layout LEGACY in volume: volume36671
2023-01-10 21:12:19,359 | INFO  | OMAudit | user=runner | ip=127.0.0.1 | op=READ_BUCKET {volume=volume36671, bucket=bucket14402} | ret=SUCCESS |  
2023-01-10 21:12:19,366 | INFO  | OMAudit | user=runner | ip=127.0.0.1 | op=GET_SERVICE_LIST {} | ret=SUCCESS |  
2023-01-10 21:12:19,369 [IPC Server handler 9 on default port 46425] WARN  om.OzoneManager (OzoneManager.java:checkAcls(2464)) - User runner doesn't have READ permission to access volume Volume:volume36671 
2023-01-10 21:12:19,369 | ERROR | OMAudit | user=runner | ip=127.0.0.1 | op=READ_VOLUME {volume=volume36671} | ret=FAILURE | PERMISSION_DENIED org.apache.hadoop.ozone.om.exceptions.OMException: User runner doesn't have READ permission to access volume Volume:volume36671 
	at org.apache.hadoop.ozone.om.OzoneManager.checkAcls(OzoneManager.java:2467)
	at org.apache.hadoop.ozone.om.OzoneManager.checkAcls(OzoneManager.java:2442) 
]]></system-out>
  </testcase>
  <testcase name="testCreateBucketPermissionDenied" classname="org.apache.hadoop.ozone.om.TestOmAcls" time="0.037">
    <system-out><![CDATA[2023-01-10 21:12:19,380 | INFO  | OMAudit | user=runner | ip=127.0.0.1 | op=GET_SERVICE_LIST {} | ret=SUCCESS |  
2023-01-10 21:12:19,395 [Time-limited test] INFO  rpc.RpcClient (RpcClient.java:createVolume(474)) - Creating Volume: volume99686, with user87438 as owner and space quota set to -1 bytes, counts quota set to -1
2023-01-10 21:12:19,400 | INFO  | OMAudit | user=runner | ip=127.0.0.1 | op=CREATE_VOLUME {admin=admin52399, owner=user87438, volume=volume99686, creationTime=1673385139397, modificationTime=1673385139397, quotaInBytes=-1, quotaInNamespace=-1, usedNamespace=0, objectID=-9223372036854774016, updateID=7} | ret=SUCCESS |  
2023-01-10 21:12:19,400 [OM StateMachine ApplyTransaction Thread - 0] INFO  volume.OMVolumeCreateRequest (OMVolumeCreateRequest.java:validateAndUpdateCache(195)) - created volume:volume99686 for user:user87438
2023-01-10 21:12:19,403 | INFO  | OMAudit | user=runner | ip=127.0.0.1 | op=READ_VOLUME {volume=volume99686} | ret=SUCCESS |  
2023-01-10 21:12:19,404 [Time-limited test] INFO  rpc.RpcClient (RpcClient.java:createBucket(693)) - Creating Bucket: volume99686/bucket51589, with bucket layout LEGACY, runner as owner, Versioning false, Storage Type set to DISK and Encryption set to false 
2023-01-10 21:12:19,407 [OM StateMachine ApplyTransaction Thread - 0] WARN  om.OzoneManager (OzoneManager.java:checkAcls(2464)) - User runner doesn't have CREATE permission to access bucket Volume:volume99686 Bucket:bucket51589 
2023-01-10 21:12:19,407 | ERROR | OMAudit | user=runner | ip=127.0.0.1 | op=CREATE_BUCKET {volume=volume99686, bucket=bucket51589, bucketLayout=LEGACY, gdprEnabled=null, acls=[user:runner:a[ACCESS], group:docker:a[ACCESS], group:adm:a[ACCESS], group:systemd-journal:a[ACCESS]], isVersionEnabled=false, storageType=DISK, creationTime=1673385139405, bucketEncryptionKey=null, modificationTime=1673385139405, usedBytes=0, usedNamespace=0} | ret=FAILURE | PERMISSION_DENIED org.apache.hadoop.ozone.om.exceptions.OMException: User runner doesn't have CREATE permission to access bucket Volume:volume99686 Bucket:bucket51589 
	at org.apache.hadoop.ozone.om.OzoneManager.checkAcls(OzoneManager.java:2467)
	at org.apache.hadoop.ozone.om.OzoneManager.checkAcls(OzoneManager.java:2442) 
2023-01-10 21:12:19,407 [OM StateMachine ApplyTransaction Thread - 0] ERROR bucket.OMBucketCreateRequest (OMBucketCreateRequest.java:validateAndUpdateCache(272)) - Bucket creation failed for bucket:bucket51589 in volume:volume99686
PERMISSION_DENIED org.apache.hadoop.ozone.om.exceptions.OMException: User runner doesn't have CREATE permission to access bucket Volume:volume99686 Bucket:bucket51589 
	at org.apache.hadoop.ozone.om.OzoneManager.checkAcls(OzoneManager.java:2467)
	at org.apache.hadoop.ozone.om.OzoneManager.checkAcls(OzoneManager.java:2442)
	at org.apache.hadoop.ozone.om.OzoneAclUtils.checkAllAcls(OzoneAclUtils.java:128)
	at org.apache.hadoop.ozone.om.request.OMClientRequest.checkAcls(OMClientRequest.java:360)
	at org.apache.hadoop.ozone.om.request.OMClientRequest.checkAcls(OMClientRequest.java:215)
	at org.apache.hadoop.ozone.om.request.bucket.OMBucketCreateRequest.validateAndUpdateCache(OMBucketCreateRequest.java:185)
	at org.apache.hadoop.ozone.protocolPB.OzoneManagerRequestHandler.handleWriteRequest(OzoneManagerRequestHandler.java:317)
	at org.apache.hadoop.ozone.om.ratis.OzoneManagerStateMachine.runCommand(OzoneManagerStateMachine.java:533)
	at org.apache.hadoop.ozone.om.ratis.OzoneManagerStateMachine.lambda$1(OzoneManagerStateMachine.java:324)
	at java.util.concurrent.CompletableFuture$AsyncSupply.run(CompletableFuture.java:1604)
	at java.util.concurrent.ThreadPoolExecutor.runWorker(ThreadPoolExecutor.java:1149)
	at java.util.concurrent.ThreadPoolExecutor$Worker.run(ThreadPoolExecutor.java:624)
	at java.lang.Thread.run(Thread.java:750)
]]></system-out>
  </testcase>
  <testcase name="testSetACLPermissionDenied" classname="org.apache.hadoop.ozone.om.TestOmAcls" time="0.065">
    <system-out><![CDATA[2023-01-10 21:12:19,420 | INFO  | OMAudit | user=runner | ip=127.0.0.1 | op=GET_SERVICE_LIST {} | ret=SUCCESS |  
2023-01-10 21:12:19,438 [Time-limited test] INFO  rpc.RpcClient (RpcClient.java:createVolume(474)) - Creating Volume: volume40407, with user41418 as owner and space quota set to -1 bytes, counts quota set to -1
2023-01-10 21:12:19,445 | INFO  | OMAudit | user=runner | ip=127.0.0.1 | op=CREATE_VOLUME {admin=admin43756, owner=user41418, volume=volume40407, creationTime=1673385139442, modificationTime=1673385139442, quotaInBytes=-1, quotaInNamespace=-1, usedNamespace=0, objectID=-9223372036854772992, updateID=11} | ret=SUCCESS |  
2023-01-10 21:12:19,445 [OM StateMachine ApplyTransaction Thread - 0] INFO  volume.OMVolumeCreateRequest (OMVolumeCreateRequest.java:validateAndUpdateCache(195)) - created volume:volume40407 for user:user41418
2023-01-10 21:12:19,448 | INFO  | OMAudit | user=runner | ip=127.0.0.1 | op=READ_VOLUME {volume=volume40407} | ret=SUCCESS |  
2023-01-10 21:12:19,449 [Time-limited test] INFO  rpc.RpcClient (RpcClient.java:createBucket(693)) - Creating Bucket: volume40407/bucket66315, with bucket layout LEGACY, runner as owner, Versioning false, Storage Type set to DISK and Encryption set to false 
2023-01-10 21:12:19,452 | INFO  | OMAudit | user=runner | ip=127.0.0.1 | op=CREATE_BUCKET {volume=volume40407, bucket=bucket66315, bucketLayout=LEGACY, gdprEnabled=null, acls=[user:runner:a[ACCESS], group:docker:a[ACCESS], group:adm:a[ACCESS], group:systemd-journal:a[ACCESS]], isVersionEnabled=false, storageType=DISK, creationTime=1673385139450, bucketEncryptionKey=null, modificationTime=1673385139450, usedBytes=0, usedNamespace=0} | ret=SUCCESS |  
2023-01-10 21:12:19,453 [OM StateMachine ApplyTransaction Thread - 0] INFO  bucket.OMBucketCreateRequest (OMBucketCreateRequest.java:validateAndUpdateCache(260)) - created bucket: bucket66315 of layout LEGACY in volume: volume40407
2023-01-10 21:12:19,454 | INFO  | OMAudit | user=runner | ip=127.0.0.1 | op=READ_BUCKET {volume=volume40407, bucket=bucket66315} | ret=SUCCESS |  
2023-01-10 21:12:19,468 | INFO  | SCMAudit | user=runner | ip=10.1.0.46 | op=SEND_HEARTBEAT {datanodeUUID=13a6dec5-f14a-4de7-a098-f6186ae4839d, term=-1, command=[]} | ret=SUCCESS |  
2023-01-10 21:12:19,469 [OM StateMachine ApplyTransaction Thread - 0] WARN  om.OzoneManager (OzoneManager.java:checkAcls(2464)) - User runner doesn't have WRITE_ACL permission to access bucket Volume:volume40407 Bucket:bucket66315 
2023-01-10 21:12:19,470 | ERROR | OMAudit | user=runner | ip=127.0.0.1 | op=SET_ACL {resourceType=bucket, storageType=ozone, volume=volume40407, bucket=bucket66315, key=null, acl=[]} | ret=FAILURE | PERMISSION_DENIED org.apache.hadoop.ozone.om.exceptions.OMException: User runner doesn't have WRITE_ACL permission to access bucket Volume:volume40407 Bucket:bucket66315 
	at org.apache.hadoop.ozone.om.OzoneManager.checkAcls(OzoneManager.java:2467)
	at org.apache.hadoop.ozone.om.OzoneManager.checkAcls(OzoneManager.java:2442) 
2023-01-10 21:12:19,470 [OM StateMachine ApplyTransaction Thread - 0] ERROR acl.OMBucketSetAclRequest (OMBucketSetAclRequest.java:onComplete(136)) - Set acl [] for path /volume40407/bucket66315 failed!
PERMISSION_DENIED org.apache.hadoop.ozone.om.exceptions.OMException: User runner doesn't have WRITE_ACL permission to access bucket Volume:volume40407 Bucket:bucket66315 
	at org.apache.hadoop.ozone.om.OzoneManager.checkAcls(OzoneManager.java:2467)
	at org.apache.hadoop.ozone.om.OzoneManager.checkAcls(OzoneManager.java:2442)
	at org.apache.hadoop.ozone.om.OzoneAclUtils.checkAllAcls(OzoneAclUtils.java:128)
	at org.apache.hadoop.ozone.om.request.OMClientRequest.checkAcls(OMClientRequest.java:360)
	at org.apache.hadoop.ozone.om.request.OMClientRequest.checkAcls(OMClientRequest.java:215)
	at org.apache.hadoop.ozone.om.request.bucket.acl.OMBucketAclRequest.validateAndUpdateCache(OMBucketAclRequest.java:98)
	at org.apache.hadoop.ozone.om.request.bucket.acl.OMBucketSetAclRequest.validateAndUpdateCache(OMBucketSetAclRequest.java:146)
	at org.apache.hadoop.ozone.protocolPB.OzoneManagerRequestHandler.handleWriteRequest(OzoneManagerRequestHandler.java:317)
	at org.apache.hadoop.ozone.om.ratis.OzoneManagerStateMachine.runCommand(OzoneManagerStateMachine.java:533)
	at org.apache.hadoop.ozone.om.ratis.OzoneManagerStateMachine.lambda$1(OzoneManagerStateMachine.java:324)
	at java.util.concurrent.CompletableFuture$AsyncSupply.run(CompletableFuture.java:1604)
	at java.util.concurrent.ThreadPoolExecutor.runWorker(ThreadPoolExecutor.java:1149)
	at java.util.concurrent.ThreadPoolExecutor$Worker.run(ThreadPoolExecutor.java:624)
	at java.lang.Thread.run(Thread.java:750)
]]></system-out>
  </testcase>
  <testcase name="testReadBucketPermissionDenied" classname="org.apache.hadoop.ozone.om.TestOmAcls" time="0.057">
    <system-out><![CDATA[2023-01-10 21:12:19,485 | INFO  | OMAudit | user=runner | ip=127.0.0.1 | op=GET_SERVICE_LIST {} | ret=SUCCESS |  
2023-01-10 21:12:19,502 [Time-limited test] INFO  rpc.RpcClient (RpcClient.java:createVolume(474)) - Creating Volume: volume28433, with user72117 as owner and space quota set to -1 bytes, counts quota set to -1
2023-01-10 21:12:19,506 | INFO  | OMAudit | user=runner | ip=127.0.0.1 | op=CREATE_VOLUME {admin=admin57775, owner=user72117, volume=volume28433, creationTime=1673385139503, modificationTime=1673385139503, quotaInBytes=-1, quotaInNamespace=-1, usedNamespace=0, objectID=-9223372036854771456, updateID=17} | ret=SUCCESS |  
2023-01-10 21:12:19,506 [OM StateMachine ApplyTransaction Thread - 0] INFO  volume.OMVolumeCreateRequest (OMVolumeCreateRequest.java:validateAndUpdateCache(195)) - created volume:volume28433 for user:user72117
2023-01-10 21:12:19,509 | INFO  | OMAudit | user=runner | ip=127.0.0.1 | op=READ_VOLUME {volume=volume28433} | ret=SUCCESS |  
2023-01-10 21:12:19,510 [Time-limited test] INFO  rpc.RpcClient (RpcClient.java:createBucket(693)) - Creating Bucket: volume28433/bucket07844, with bucket layout LEGACY, runner as owner, Versioning false, Storage Type set to DISK and Encryption set to false 
2023-01-10 21:12:19,514 | INFO  | OMAudit | user=runner | ip=127.0.0.1 | op=CREATE_BUCKET {volume=volume28433, bucket=bucket07844, bucketLayout=LEGACY, gdprEnabled=null, acls=[user:runner:a[ACCESS], group:docker:a[ACCESS], group:adm:a[ACCESS], group:systemd-journal:a[ACCESS]], isVersionEnabled=false, storageType=DISK, creationTime=1673385139511, bucketEncryptionKey=null, modificationTime=1673385139511, usedBytes=0, usedNamespace=0} | ret=SUCCESS |  
2023-01-10 21:12:19,514 [OM StateMachine ApplyTransaction Thread - 0] INFO  bucket.OMBucketCreateRequest (OMBucketCreateRequest.java:validateAndUpdateCache(260)) - created bucket: bucket07844 of layout LEGACY in volume: volume28433
2023-01-10 21:12:19,516 | INFO  | OMAudit | user=runner | ip=127.0.0.1 | op=READ_BUCKET {volume=volume28433, bucket=bucket07844} | ret=SUCCESS |  
2023-01-10 21:12:19,523 | INFO  | OMAudit | user=runner | ip=127.0.0.1 | op=GET_SERVICE_LIST {} | ret=SUCCESS |  
2023-01-10 21:12:19,526 | INFO  | OMAudit | user=runner | ip=127.0.0.1 | op=READ_VOLUME {volume=volume28433} | ret=SUCCESS |  
2023-01-10 21:12:19,529 [IPC Server handler 8 on default port 46425] WARN  om.OzoneManager (OzoneManager.java:checkAcls(2464)) - User runner doesn't have READ permission to access bucket Volume:volume28433 Bucket:bucket07844 
2023-01-10 21:12:19,529 | ERROR | OMAudit | user=runner | ip=127.0.0.1 | op=READ_BUCKET {volume=volume28433, bucket=bucket07844} | ret=FAILURE | PERMISSION_DENIED org.apache.hadoop.ozone.om.exceptions.OMException: User runner doesn't have READ permission to access bucket Volume:volume28433 Bucket:bucket07844 
	at org.apache.hadoop.ozone.om.OzoneManager.checkAcls(OzoneManager.java:2467)
	at org.apache.hadoop.ozone.om.OzoneManager.checkAcls(OzoneManager.java:2442) 
]]></system-out>
  </testcase>
  <testcase name="testReadKeyPermissionDenied" classname="org.apache.hadoop.ozone.om.TestOmAcls" time="0.519">
    <failure type="java.lang.AssertionError"><![CDATA[java.lang.AssertionError: Audit log file doesn't contain the message with params  event=READ_KEY result=FAILURE
	at org.apache.hadoop.ozone.audit.AuditLogTestUtils.verifyAuditLog(AuditLogTestUtils.java:68)
	at org.apache.hadoop.ozone.om.TestOmAcls.testReadKeyPermissionDenied(TestOmAcls.java:198)
	at sun.reflect.NativeMethodAccessorImpl.invoke0(Native Method)
	at sun.reflect.NativeMethodAccessorImpl.invoke(NativeMethodAccessorImpl.java:62)
	at sun.reflect.DelegatingMethodAccessorImpl.invoke(DelegatingMethodAccessorImpl.java:43)
	at java.lang.reflect.Method.invoke(Method.java:498)
	at org.junit.runners.model.FrameworkMethod$1.runReflectiveCall(FrameworkMethod.java:59)
	at org.junit.internal.runners.model.ReflectiveCallable.run(ReflectiveCallable.java:12)
	at org.junit.runners.model.FrameworkMethod.invokeExplosively(FrameworkMethod.java:56)
	at org.junit.internal.runners.statements.InvokeMethod.evaluate(InvokeMethod.java:17)
	at org.junit.internal.runners.statements.RunBefores.evaluate(RunBefores.java:26)
	at org.junit.internal.runners.statements.FailOnTimeout$CallableStatement.call(FailOnTimeout.java:288)
	at org.junit.internal.runners.statements.FailOnTimeout$CallableStatement.call(FailOnTimeout.java:282)
	at java.util.concurrent.FutureTask.run(FutureTask.java:266)
	at java.lang.Thread.run(Thread.java:750)
]]></failure>
    <system-out><![CDATA[2023-01-10 21:12:19,542 | INFO  | OMAudit | user=runner | ip=127.0.0.1 | op=GET_SERVICE_LIST {} | ret=SUCCESS |  
2023-01-10 21:12:19,559 [Time-limited test] INFO  rpc.RpcClient (RpcClient.java:createVolume(474)) - Creating Volume: volume56248, with user22182 as owner and space quota set to -1 bytes, counts quota set to -1
2023-01-10 21:12:19,564 | INFO  | OMAudit | user=runner | ip=127.0.0.1 | op=CREATE_VOLUME {admin=admin57637, owner=user22182, volume=volume56248, creationTime=1673385139561, modificationTime=1673385139561, quotaInBytes=-1, quotaInNamespace=-1, usedNamespace=0, objectID=-9223372036854770432, updateID=21} | ret=SUCCESS |  
2023-01-10 21:12:19,564 [OM StateMachine ApplyTransaction Thread - 0] INFO  volume.OMVolumeCreateRequest (OMVolumeCreateRequest.java:validateAndUpdateCache(195)) - created volume:volume56248 for user:user22182
2023-01-10 21:12:19,567 | INFO  | OMAudit | user=runner | ip=127.0.0.1 | op=READ_VOLUME {volume=volume56248} | ret=SUCCESS |  
2023-01-10 21:12:19,568 [Time-limited test] INFO  rpc.RpcClient (RpcClient.java:createBucket(693)) - Creating Bucket: volume56248/bucket84372, with bucket layout LEGACY, runner as owner, Versioning false, Storage Type set to DISK and Encryption set to false 
2023-01-10 21:12:19,572 | INFO  | OMAudit | user=runner | ip=127.0.0.1 | op=CREATE_BUCKET {volume=volume56248, bucket=bucket84372, bucketLayout=LEGACY, gdprEnabled=null, acls=[user:runner:a[ACCESS], group:docker:a[ACCESS], group:adm:a[ACCESS], group:systemd-journal:a[ACCESS]], isVersionEnabled=false, storageType=DISK, creationTime=1673385139569, bucketEncryptionKey=null, modificationTime=1673385139569, usedBytes=0, usedNamespace=0} | ret=SUCCESS |  
2023-01-10 21:12:19,572 [OM StateMachine ApplyTransaction Thread - 0] INFO  bucket.OMBucketCreateRequest (OMBucketCreateRequest.java:validateAndUpdateCache(260)) - created bucket: bucket84372 of layout LEGACY in volume: volume56248
2023-01-10 21:12:19,574 | INFO  | OMAudit | user=runner | ip=127.0.0.1 | op=READ_BUCKET {volume=volume56248, bucket=bucket84372} | ret=SUCCESS |  
2023-01-10 21:12:19,603 | INFO  | OMAudit | user=runner | ip=127.0.0.1 | op=READ_BUCKET {volume=volume56248, bucket=bucket84372} | ret=SUCCESS |  
2023-01-10 21:12:19,622 [IPC Server handler 0 on default port 40841] INFO  ha.SequenceIdGenerator (SequenceIdGenerator.java:getNextId(128)) - Allocate a batch for containerId, change lastId from 0 to 1000.
2023-01-10 21:12:19,632 [IPC Server handler 0 on default port 40841] WARN  ha.SequenceIdGenerator (SequenceIdGenerator.java:allocateBatch(237)) - Failed to allocate a batch for localId, expected lastId is 0, actual lastId is 111677748019200000.
2023-01-10 21:12:19,633 [IPC Server handler 0 on default port 40841] INFO  ha.SequenceIdGenerator (SequenceIdGenerator.java:getNextId(128)) - Allocate a batch for localId, change lastId from 111677748019200000 to 111677748019201000.
2023-01-10 21:12:19,635 | INFO  | SCMAudit | user=runner | ip=10.1.0.46 | op=ALLOCATE_BLOCK {replication=RATIS/ONE, owner=om1, size=4194304, num=1} | ret=SUCCESS |  
2023-01-10 21:12:19,682 | INFO  | OMAudit | user=runner | ip=127.0.0.1 | op=ALLOCATE_KEY {volume=volume56248, bucket=bucket84372, key=testKey, dataSize=11, replicationType=RATIS, replicationFactor=ONE} | ret=SUCCESS |  
2023-01-10 21:12:19,726 [Time-limited test] INFO  impl.MetricsSystemImpl (MetricsSystemImpl.java:init(158)) - XceiverClientMetrics metrics system started (again)
2023-01-10 21:12:19,760 | INFO  | SCMAudit | user=runner | ip=10.1.0.46 | op=SEND_HEARTBEAT {datanodeUUID=6225d677-c2d1-455e-90bb-1529b9debcfd, term=-1, command=[]} | ret=SUCCESS |  
2023-01-10 21:12:19,930 | INFO  | SCMAudit | user=runner | ip=10.1.0.46 | op=SEND_HEARTBEAT {datanodeUUID=59f5c057-586b-4a1a-a0d5-0dbbd6701919, term=-1, command=[]} | ret=SUCCESS |  
2023-01-10 21:12:20,038 | INFO  | OMAudit | user=runner | ip=127.0.0.1 | op=COMMIT_KEY {volume=volume56248, bucket=bucket84372, key=testKey, dataSize=11, replicationType=RATIS, replicationFactor=ONE} | ret=SUCCESS |  
2023-01-10 21:12:20,046 [IPC Server handler 16 on default port 46425] WARN  om.OzoneManager (OzoneManager.java:checkAcls(2464)) - User runner doesn't have READ permission to access key Volume:volume56248 Bucket:bucket84372 Key:testKey
2023-01-10 21:12:20,046 | ERROR | OMAudit | user=runner | ip=127.0.0.1 | op=READ_KEY {volume=volume56248, bucket=bucket84372, key=testKey, dataSize=0, replicationConfig=null} | ret=FAILURE | PERMISSION_DENIED org.apache.hadoop.ozone.om.exceptions.OMException: User runner doesn't have READ permission to access key Volume:volume56248 Bucket:bucket84372 Key:testKey
	at org.apache.hadoop.ozone.om.OzoneManager.checkAcls(OzoneManager.java:2467)
	at org.apache.hadoop.ozone.om.OzoneManager.checkAcls(OzoneManager.java:2442) 
]]></system-out>
  </testcase>
  <testcase name="testCreateKeyPermissionDenied" classname="org.apache.hadoop.ozone.om.TestOmAcls" time="0.059">
    <system-out><![CDATA[2023-01-10 21:12:20,069 | INFO  | OMAudit | user=runner | ip=127.0.0.1 | op=GET_SERVICE_LIST {} | ret=SUCCESS |  
2023-01-10 21:12:20,086 [Time-limited test] INFO  rpc.RpcClient (RpcClient.java:createVolume(474)) - Creating Volume: volume78446, with user73588 as owner and space quota set to -1 bytes, counts quota set to -1
2023-01-10 21:12:20,091 | INFO  | OMAudit | user=runner | ip=127.0.0.1 | op=CREATE_VOLUME {admin=admin79082, owner=user73588, volume=volume78446, creationTime=1673385140087, modificationTime=1673385140087, quotaInBytes=-1, quotaInNamespace=-1, usedNamespace=0, objectID=-9223372036854768384, updateID=29} | ret=SUCCESS |  
2023-01-10 21:12:20,092 [OM StateMachine ApplyTransaction Thread - 0] INFO  volume.OMVolumeCreateRequest (OMVolumeCreateRequest.java:validateAndUpdateCache(195)) - created volume:volume78446 for user:user73588
2023-01-10 21:12:20,095 | INFO  | OMAudit | user=runner | ip=127.0.0.1 | op=READ_VOLUME {volume=volume78446} | ret=SUCCESS |  
2023-01-10 21:12:20,097 [Time-limited test] INFO  rpc.RpcClient (RpcClient.java:createBucket(693)) - Creating Bucket: volume78446/bucket45461, with bucket layout LEGACY, runner as owner, Versioning false, Storage Type set to DISK and Encryption set to false 
2023-01-10 21:12:20,101 | INFO  | OMAudit | user=runner | ip=127.0.0.1 | op=CREATE_BUCKET {volume=volume78446, bucket=bucket45461, bucketLayout=LEGACY, gdprEnabled=null, acls=[user:runner:a[ACCESS], group:docker:a[ACCESS], group:adm:a[ACCESS], group:systemd-journal:a[ACCESS]], isVersionEnabled=false, storageType=DISK, creationTime=1673385140098, bucketEncryptionKey=null, modificationTime=1673385140098, usedBytes=0, usedNamespace=0} | ret=SUCCESS |  
2023-01-10 21:12:20,101 [OM StateMachine ApplyTransaction Thread - 0] INFO  bucket.OMBucketCreateRequest (OMBucketCreateRequest.java:validateAndUpdateCache(260)) - created bucket: bucket45461 of layout LEGACY in volume: volume78446
2023-01-10 21:12:20,103 | INFO  | OMAudit | user=runner | ip=127.0.0.1 | op=READ_BUCKET {volume=volume78446, bucket=bucket45461} | ret=SUCCESS |  
2023-01-10 21:12:20,106 | INFO  | OMAudit | user=runner | ip=127.0.0.1 | op=READ_BUCKET {volume=volume78446, bucket=bucket45461} | ret=SUCCESS |  
2023-01-10 21:12:20,109 | INFO  | SCMAudit | user=runner | ip=10.1.0.46 | op=ALLOCATE_BLOCK {replication=RATIS/ONE, owner=om1, size=4194304, num=1} | ret=SUCCESS |  
2023-01-10 21:12:20,113 [OM StateMachine ApplyTransaction Thread - 0] WARN  om.OzoneManager (OzoneManager.java:checkAcls(2464)) - User runner doesn't have CREATE permission to access key Volume:volume78446 Bucket:bucket45461 Key:testKey
2023-01-10 21:12:20,114 | ERROR | OMAudit | user=runner | ip=127.0.0.1 | op=ALLOCATE_KEY {volume=volume78446, bucket=bucket45461, key=testKey, dataSize=11, replicationType=RATIS, replicationFactor=ONE} | ret=FAILURE | PERMISSION_DENIED org.apache.hadoop.ozone.om.exceptions.OMException: User runner doesn't have CREATE permission to access key Volume:volume78446 Bucket:bucket45461 Key:testKey
	at org.apache.hadoop.ozone.om.OzoneManager.checkAcls(OzoneManager.java:2467)
	at org.apache.hadoop.ozone.om.OzoneManager.checkAcls(OzoneManager.java:2442) 
2023-01-10 21:12:20,114 [OM StateMachine ApplyTransaction Thread - 0] ERROR key.OMKeyCreateRequest (OMKeyCreateRequest.java:logResult(383)) - Key creation failed. Volume:volume78446, Bucket:bucket45461, Key:testKey. 
PERMISSION_DENIED org.apache.hadoop.ozone.om.exceptions.OMException: User runner doesn't have CREATE permission to access key Volume:volume78446 Bucket:bucket45461 Key:testKey
	at org.apache.hadoop.ozone.om.OzoneManager.checkAcls(OzoneManager.java:2467)
	at org.apache.hadoop.ozone.om.OzoneManager.checkAcls(OzoneManager.java:2442)
	at org.apache.hadoop.ozone.om.OzoneAclUtils.checkAllAcls(OzoneAclUtils.java:128)
	at org.apache.hadoop.ozone.om.request.OMClientRequest.checkAcls(OMClientRequest.java:360)
	at org.apache.hadoop.ozone.om.request.OMClientRequest.checkAcls(OMClientRequest.java:215)
	at org.apache.hadoop.ozone.om.request.key.OMKeyRequest.checkKeyAcls(OMKeyRequest.java:342)
	at org.apache.hadoop.ozone.om.request.key.OMKeyCreateRequest.validateAndUpdateCache(OMKeyCreateRequest.java:221)
	at org.apache.hadoop.ozone.protocolPB.OzoneManagerRequestHandler.handleWriteRequest(OzoneManagerRequestHandler.java:317)
	at org.apache.hadoop.ozone.om.ratis.OzoneManagerStateMachine.runCommand(OzoneManagerStateMachine.java:533)
	at org.apache.hadoop.ozone.om.ratis.OzoneManagerStateMachine.lambda$1(OzoneManagerStateMachine.java:324)
	at java.util.concurrent.CompletableFuture$AsyncSupply.run(CompletableFuture.java:1604)
	at java.util.concurrent.ThreadPoolExecutor.runWorker(ThreadPoolExecutor.java:1149)
	at java.util.concurrent.ThreadPoolExecutor$Worker.run(ThreadPoolExecutor.java:624)
	at java.lang.Thread.run(Thread.java:750)
]]></system-out>
  </testcase>
</testsuite>