<?xml version="1.0" encoding="UTF-8"?>
<testsuite xmlns:xsi="http://www.w3.org/2001/XMLSchema-instance" xsi:noNamespaceSchemaLocation="https://maven.apache.org/surefire/maven-surefire-plugin/xsd/surefire-test-report.xsd" name="org.apache.hadoop.ozone.client.rpc.TestBlockOutputStreamWithFailuresFlushDelay" time="467.52" tests="8" errors="0" skipped="0" failures="1">
  <properties>
    <property name="awt.toolkit" value="sun.awt.X11.XToolkit"/>
    <property name="file.encoding.pkg" value="sun.io"/>
    <property name="java.specification.version" value="1.8"/>
    <property name="sun.cpu.isalist" value=""/>
    <property name="sun.jnu.encoding" value="ANSI_X3.4-1968"/>
    <property name="java.class.path" value="/github/workspace/mnt/ozone/hadoop-ozone/integration-test/target/test-classes:/github/workspace/mnt/ozone/hadoop-ozone/integration-test/target/classes:/home/user/.m2/repository/org/apache/hadoop/hadoop-ozone-common/1.1.0-SNAPSHOT/hadoop-ozone-common-1.1.0-SNAPSHOT.jar:/home/user/.m2/repository/org/apache/commons/commons-compress/1.4.1/commons-compress-1.4.1.jar:/home/user/.m2/repository/org/tukaani/xz/1.0/xz-1.0.jar:/home/user/.m2/repository/org/apache/hadoop/hadoop-hdds-common/1.1.0-SNAPSHOT/hadoop-hdds-common-1.1.0-SNAPSHOT.jar:/home/user/.m2/repository/org/apache/hadoop/hadoop-hdds-client/1.1.0-SNAPSHOT/hadoop-hdds-client-1.1.0-SNAPSHOT.jar:/home/user/.m2/repository/org/apache/hadoop/hadoop-ozone-interface-client/1.1.0-SNAPSHOT/hadoop-ozone-interface-client-1.1.0-SNAPSHOT.jar:/home/user/.m2/repository/org/apache/hadoop/hadoop-hdds-test-utils/1.1.0-SNAPSHOT/hadoop-hdds-test-utils-1.1.0-SNAPSHOT.jar:/home/user/.m2/repository/com/google/guava/guava/28.2-jre/guava-28.2-jre.jar:/home/user/.m2/repository/com/google/guava/failureaccess/1.0.1/failureaccess-1.0.1.jar:/home/user/.m2/repository/com/google/guava/listenablefuture/9999.0-empty-to-avoid-conflict-with-guava/listenablefuture-9999.0-empty-to-avoid-conflict-with-guava.jar:/home/user/.m2/repository/com/google/code/findbugs/jsr305/3.0.0/jsr305-3.0.0.jar:/home/user/.m2/repository/org/checkerframework/checker-qual/2.10.0/checker-qual-2.10.0.jar:/home/user/.m2/repository/com/google/errorprone/error_prone_annotations/2.2.0/error_prone_annotations-2.2.0.jar:/home/user/.m2/repository/com/google/j2objc/j2objc-annotations/1.3/j2objc-annotations-1.3.jar:/home/user/.m2/repository/commons-io/commons-io/2.5/commons-io-2.5.jar:/home/user/.m2/repository/commons-logging/commons-logging/1.2/commons-logging-1.2.jar:/home/user/.m2/repository/log4j/log4j/1.2.17/log4j-1.2.17.jar:/home/user/.m2/repository/org/slf4j/slf4j-api/1.7.30/slf4j-api-1.7.30.jar:/home/user/.m2/repository/org/apache/hadoop/hadoop-hdds-server-scm/1.1.0-SNAPSHOT/hadoop-hdds-server-scm-1.1.0-SNAPSHOT.jar:/home/user/.m2/repository/org/apache/hadoop/hadoop-hdds-container-service/1.1.0-SNAPSHOT/hadoop-hdds-container-service-1.1.0-SNAPSHOT.jar:/home/user/.m2/repository/org/apache/hadoop/hadoop-hdds-hadoop-dependency-server/1.1.0-SNAPSHOT/hadoop-hdds-hadoop-dependency-server-1.1.0-SNAPSHOT.jar:/home/user/.m2/repository/org/apache/hadoop/hadoop-hdfs/3.2.2/hadoop-hdfs-3.2.2.jar:/home/user/.m2/repository/org/apache/hadoop/hadoop-hdds-server-framework/1.1.0-SNAPSHOT/hadoop-hdds-server-framework-1.1.0-SNAPSHOT.jar:/home/user/.m2/repository/org/apache/hadoop/hadoop-hdds-interface-server/1.1.0-SNAPSHOT/hadoop-hdds-interface-server-1.1.0-SNAPSHOT.jar:/home/user/.m2/repository/org/apache/hadoop/hadoop-hdds-interface-admin/1.1.0-SNAPSHOT/hadoop-hdds-interface-admin-1.1.0-SNAPSHOT.jar:/home/user/.m2/repository/org/eclipse/jetty/jetty-servlet/9.4.35.v20201120/jetty-servlet-9.4.35.v20201120.jar:/home/user/.m2/repository/org/eclipse/jetty/jetty-security/9.4.35.v20201120/jetty-security-9.4.35.v20201120.jar:/home/user/.m2/repository/org/rocksdb/rocksdbjni/6.8.1/rocksdbjni-6.8.1.jar:/home/user/.m2/repository/io/prometheus/simpleclient_dropwizard/0.7.0/simpleclient_dropwizard-0.7.0.jar:/home/user/.m2/repository/io/prometheus/simpleclient/0.7.0/simpleclient-0.7.0.jar:/home/user/.m2/repository/io/prometheus/simpleclient_common/0.7.0/simpleclient_common-0.7.0.jar:/home/user/.m2/repository/com/fasterxml/jackson/datatype/jackson-datatype-jsr310/2.12.1/jackson-datatype-jsr310-2.12.1.jar:/home/user/.m2/repository/io/dropwizard/metrics/metrics-core/3.2.4/metrics-core-3.2.4.jar:/home/user/.m2/repository/org/apache/hadoop/hadoop-hdfs-client/3.2.2/hadoop-hdfs-client-3.2.2.jar:/home/user/.m2/repository/org/bouncycastle/bcprov-jdk15on/1.67/bcprov-jdk15on-1.67.jar:/home/user/.m2/repository/org/apache/hadoop/hadoop-ozone-ozone-manager/1.1.0-SNAPSHOT/hadoop-ozone-ozone-manager-1.1.0-SNAPSHOT.jar:/home/user/.m2/repository/org/apache/hadoop/hadoop-hdds-interface-client/1.1.0-SNAPSHOT/hadoop-hdds-interface-client-1.1.0-SNAPSHOT.jar:/home/user/.m2/repository/org/apache/ratis/ratis-thirdparty-misc/0.6.0/ratis-thirdparty-misc-0.6.0.jar:/home/user/.m2/repository/org/apache/hadoop/hadoop-ozone-interface-storage/1.1.0-SNAPSHOT/hadoop-ozone-interface-storage-1.1.0-SNAPSHOT.jar:/home/user/.m2/repository/org/apache/hadoop/hadoop-minikdc/3.2.2/hadoop-minikdc-3.2.2.jar:/home/user/.m2/repository/org/apache/kerby/kerb-simplekdc/1.0.1/kerb-simplekdc-1.0.1.jar:/home/user/.m2/repository/org/apache/kerby/kerb-client/1.0.1/kerb-client-1.0.1.jar:/home/user/.m2/repository/org/apache/kerby/kerby-config/1.0.1/kerby-config-1.0.1.jar:/home/user/.m2/repository/org/apache/kerby/kerb-core/1.0.1/kerb-core-1.0.1.jar:/home/user/.m2/repository/org/apache/kerby/kerby-pkix/1.0.1/kerby-pkix-1.0.1.jar:/home/user/.m2/repository/org/apache/kerby/kerby-asn1/1.0.1/kerby-asn1-1.0.1.jar:/home/user/.m2/repository/org/apache/kerby/kerby-util/1.0.1/kerby-util-1.0.1.jar:/home/user/.m2/repository/org/apache/kerby/kerb-common/1.0.1/kerb-common-1.0.1.jar:/home/user/.m2/repository/org/apache/kerby/kerb-crypto/1.0.1/kerb-crypto-1.0.1.jar:/home/user/.m2/repository/org/apache/kerby/kerb-util/1.0.1/kerb-util-1.0.1.jar:/home/user/.m2/repository/org/apache/kerby/token-provider/1.0.1/token-provider-1.0.1.jar:/home/user/.m2/repository/org/apache/kerby/kerb-admin/1.0.1/kerb-admin-1.0.1.jar:/home/user/.m2/repository/org/apache/kerby/kerb-server/1.0.1/kerb-server-1.0.1.jar:/home/user/.m2/repository/org/apache/kerby/kerb-identity/1.0.1/kerb-identity-1.0.1.jar:/home/user/.m2/repository/org/apache/kerby/kerby-xdr/1.0.1/kerby-xdr-1.0.1.jar:/home/user/.m2/repository/org/slf4j/slf4j-log4j12/1.7.30/slf4j-log4j12-1.7.30.jar:/home/user/.m2/repository/org/apache/hadoop/hadoop-ozone-s3gateway/1.1.0-SNAPSHOT/hadoop-ozone-s3gateway-1.1.0-SNAPSHOT.jar:/home/user/.m2/repository/org/jboss/weld/servlet/weld-servlet/2.4.7.Final/weld-servlet-2.4.7.Final.jar:/home/user/.m2/repository/org/glassfish/jersey/containers/jersey-container-servlet-core/2.27/jersey-container-servlet-core-2.27.jar:/home/user/.m2/repository/org/glassfish/hk2/external/javax.inject/2.5.0-b42/javax.inject-2.5.0-b42.jar:/home/user/.m2/repository/org/glassfish/jersey/core/jersey-common/2.27/jersey-common-2.27.jar:/home/user/.m2/repository/org/glassfish/hk2/osgi-resource-locator/1.0.1/osgi-resource-locator-1.0.1.jar:/home/user/.m2/repository/javax/ws/rs/javax.ws.rs-api/2.1/javax.ws.rs-api-2.1.jar:/home/user/.m2/repository/org/glassfish/jersey/ext/cdi/jersey-cdi1x/2.27/jersey-cdi1x-2.27.jar:/home/user/.m2/repository/org/glassfish/jersey/inject/jersey-hk2/2.27/jersey-hk2-2.27.jar:/home/user/.m2/repository/org/glassfish/hk2/hk2-locator/2.5.0-b42/hk2-locator-2.5.0-b42.jar:/home/user/.m2/repository/org/javassist/javassist/3.22.0-CR2/javassist-3.22.0-CR2.jar:/home/user/.m2/repository/org/glassfish/hk2/hk2-api/2.5.0/hk2-api-2.5.0.jar:/home/user/.m2/repository/org/glassfish/hk2/external/jakarta.inject/2.5.0/jakarta.inject-2.5.0.jar:/home/user/.m2/repository/org/glassfish/hk2/hk2-utils/2.5.0/hk2-utils-2.5.0.jar:/home/user/.m2/repository/jakarta/annotation/jakarta.annotation-api/1.3.4/jakarta.annotation-api-1.3.4.jar:/home/user/.m2/repository/org/glassfish/hk2/external/aopalliance-repackaged/2.5.0/aopalliance-repackaged-2.5.0.jar:/home/user/.m2/repository/com/fasterxml/jackson/dataformat/jackson-dataformat-xml/2.12.1/jackson-dataformat-xml-2.12.1.jar:/home/user/.m2/repository/com/fasterxml/jackson/core/jackson-core/2.12.1/jackson-core-2.12.1.jar:/home/user/.m2/repository/com/fasterxml/jackson/module/jackson-module-jaxb-annotations/2.12.1/jackson-module-jaxb-annotations-2.12.1.jar:/home/user/.m2/repository/jakarta/xml/bind/jakarta.xml.bind-api/2.3.2/jakarta.xml.bind-api-2.3.2.jar:/home/user/.m2/repository/jakarta/activation/jakarta.activation-api/1.2.1/jakarta.activation-api-1.2.1.jar:/home/user/.m2/repository/org/codehaus/woodstox/stax2-api/3.1.4/stax2-api-3.1.4.jar:/home/user/.m2/repository/com/fasterxml/woodstox/woodstox-core/5.0.3/woodstox-core-5.0.3.jar:/home/user/.m2/repository/javax/enterprise/cdi-api/1.2/cdi-api-1.2.jar:/home/user/.m2/repository/javax/el/javax.el-api/3.0.0/javax.el-api-3.0.0.jar:/home/user/.m2/repository/javax/interceptor/javax.interceptor-api/1.2/javax.interceptor-api-1.2.jar:/home/user/.m2/repository/javax/inject/javax.inject/1/javax.inject-1.jar:/home/user/.m2/repository/com/sun/xml/bind/jaxb-impl/2.3.0.1/jaxb-impl-2.3.0.1.jar:/home/user/.m2/repository/com/sun/xml/bind/jaxb-core/2.3.0.1/jaxb-core-2.3.0.1.jar:/home/user/.m2/repository/javax/xml/bind/jaxb-api/2.3.0/jaxb-api-2.3.0.jar:/home/user/.m2/repository/javax/activation/activation/1.1.1/activation-1.1.1.jar:/home/user/.m2/repository/org/apache/hadoop/hadoop-ozone-csi/1.1.0-SNAPSHOT/hadoop-ozone-csi-1.1.0-SNAPSHOT.jar:/home/user/.m2/repository/com/google/protobuf/protobuf-java-util/3.12.0/protobuf-java-util-3.12.0.jar:/home/user/.m2/repository/com/google/code/gson/gson/2.2.4/gson-2.2.4.jar:/home/user/.m2/repository/org/apache/hadoop/hadoop-hdds-config/1.1.0-SNAPSHOT/hadoop-hdds-config-1.1.0-SNAPSHOT.jar:/home/user/.m2/repository/com/google/protobuf/protobuf-java/2.5.0/protobuf-java-2.5.0.jar:/home/user/.m2/repository/io/grpc/grpc-netty/1.33.0/grpc-netty-1.33.0.jar:/home/user/.m2/repository/io/grpc/grpc-core/1.33.0/grpc-core-1.33.0.jar:/home/user/.m2/repository/com/google/android/annotations/4.1.1.4/annotations-4.1.1.4.jar:/home/user/.m2/repository/io/netty/netty-codec-http2/4.1.51.Final/netty-codec-http2-4.1.51.Final.jar:/home/user/.m2/repository/io/netty/netty-codec/4.1.51.Final/netty-codec-4.1.51.Final.jar:/home/user/.m2/repository/io/netty/netty-handler/4.1.51.Final/netty-handler-4.1.51.Final.jar:/home/user/.m2/repository/io/netty/netty-codec-http/4.1.51.Final/netty-codec-http-4.1.51.Final.jar:/home/user/.m2/repository/io/netty/netty-handler-proxy/4.1.51.Final/netty-handler-proxy-4.1.51.Final.jar:/home/user/.m2/repository/io/netty/netty-codec-socks/4.1.51.Final/netty-codec-socks-4.1.51.Final.jar:/home/user/.m2/repository/io/perfmark/perfmark-api/0.19.0/perfmark-api-0.19.0.jar:/home/user/.m2/repository/org/codehaus/mojo/animal-sniffer-annotations/1.18/animal-sniffer-annotations-1.18.jar:/home/user/.m2/repository/io/netty/netty-transport-native-epoll/4.1.51.Final/netty-transport-native-epoll-4.1.51.Final.jar:/home/user/.m2/repository/io/netty/netty-common/4.1.51.Final/netty-common-4.1.51.Final.jar:/home/user/.m2/repository/io/netty/netty-buffer/4.1.51.Final/netty-buffer-4.1.51.Final.jar:/home/user/.m2/repository/io/netty/netty-transport/4.1.51.Final/netty-transport-4.1.51.Final.jar:/home/user/.m2/repository/io/netty/netty-resolver/4.1.51.Final/netty-resolver-4.1.51.Final.jar:/home/user/.m2/repository/io/netty/netty-transport-native-unix-common/4.1.51.Final/netty-transport-native-unix-common-4.1.51.Final.jar:/home/user/.m2/repository/io/grpc/grpc-protobuf/1.33.0/grpc-protobuf-1.33.0.jar:/home/user/.m2/repository/io/grpc/grpc-api/1.33.0/grpc-api-1.33.0.jar:/home/user/.m2/repository/io/grpc/grpc-context/1.33.0/grpc-context-1.33.0.jar:/home/user/.m2/repository/com/google/api/grpc/proto-google-common-protos/1.17.0/proto-google-common-protos-1.17.0.jar:/home/user/.m2/repository/io/grpc/grpc-protobuf-lite/1.33.0/grpc-protobuf-lite-1.33.0.jar:/home/user/.m2/repository/io/grpc/grpc-stub/1.33.0/grpc-stub-1.33.0.jar:/home/user/.m2/repository/org/apache/hadoop/hadoop-ozone-recon/1.1.0-SNAPSHOT/hadoop-ozone-recon-1.1.0-SNAPSHOT.jar:/home/user/.m2/repository/org/apache/hadoop/hadoop-ozone-reconcodegen/1.1.0-SNAPSHOT/hadoop-ozone-reconcodegen-1.1.0-SNAPSHOT.jar:/home/user/.m2/repository/com/google/inject/extensions/guice-multibindings/4.0/guice-multibindings-4.0.jar:/home/user/.m2/repository/com/google/inject/guice/4.0/guice-4.0.jar:/home/user/.m2/repository/aopalliance/aopalliance/1.0/aopalliance-1.0.jar:/home/user/.m2/repository/com/google/inject/extensions/guice-assistedinject/4.0/guice-assistedinject-4.0.jar:/home/user/.m2/repository/com/google/inject/extensions/guice-servlet/4.0/guice-servlet-4.0.jar:/home/user/.m2/repository/org/glassfish/jersey/containers/jersey-container-servlet/2.27/jersey-container-servlet-2.27.jar:/home/user/.m2/repository/org/glassfish/hk2/guice-bridge/2.5.0/guice-bridge-2.5.0.jar:/home/user/.m2/repository/org/glassfish/jersey/core/jersey-server/2.27/jersey-server-2.27.jar:/home/user/.m2/repository/org/glassfish/jersey/core/jersey-client/2.27/jersey-client-2.27.jar:/home/user/.m2/repository/org/glassfish/jersey/media/jersey-media-jaxb/2.27/jersey-media-jaxb-2.27.jar:/home/user/.m2/repository/javax/validation/validation-api/1.1.0.Final/validation-api-1.1.0.Final.jar:/home/user/.m2/repository/org/glassfish/jersey/media/jersey-media-json-jackson/2.27/jersey-media-json-jackson-2.27.jar:/home/user/.m2/repository/org/glassfish/jersey/ext/jersey-entity-filtering/2.27/jersey-entity-filtering-2.27.jar:/home/user/.m2/repository/org/jooq/jooq/3.11.10/jooq-3.11.10.jar:/home/user/.m2/repository/org/jooq/jooq-meta/3.11.10/jooq-meta-3.11.10.jar:/home/user/.m2/repository/org/jooq/jooq-codegen/3.11.10/jooq-codegen-3.11.10.jar:/home/user/.m2/repository/com/jolbox/bonecp/0.8.0.RELEASE/bonecp-0.8.0.RELEASE.jar:/home/user/.m2/repository/org/apache/derby/derby/10.14.2.0/derby-10.14.2.0.jar:/home/user/.m2/repository/org/xerial/sqlite-jdbc/3.25.2/sqlite-jdbc-3.25.2.jar:/home/user/.m2/repository/org/springframework/spring-jdbc/5.2.11.RELEASE/spring-jdbc-5.2.11.RELEASE.jar:/home/user/.m2/repository/org/springframework/spring-beans/5.2.11.RELEASE/spring-beans-5.2.11.RELEASE.jar:/home/user/.m2/repository/org/springframework/spring-core/5.2.11.RELEASE/spring-core-5.2.11.RELEASE.jar:/home/user/.m2/repository/org/springframework/spring-jcl/5.2.11.RELEASE/spring-jcl-5.2.11.RELEASE.jar:/home/user/.m2/repository/org/springframework/spring-tx/5.2.11.RELEASE/spring-tx-5.2.11.RELEASE.jar:/home/user/.m2/repository/org/apache/hadoop/hadoop-ozone-client/1.1.0-SNAPSHOT/hadoop-ozone-client-1.1.0-SNAPSHOT.jar:/home/user/.m2/repository/org/apache/hadoop/hadoop-ozone-filesystem/1.1.0-SNAPSHOT/hadoop-ozone-filesystem-1.1.0-SNAPSHOT.jar:/home/user/.m2/repository/org/apache/hadoop/hadoop-ozone-filesystem-common/1.1.0-SNAPSHOT/hadoop-ozone-filesystem-common-1.1.0-SNAPSHOT.jar:/home/user/.m2/repository/org/apache/hadoop/hadoop-ozone-tools/1.1.0-SNAPSHOT/hadoop-ozone-tools-1.1.0-SNAPSHOT.jar:/home/user/.m2/repository/org/apache/ratis/ratis-tools/1.1.0-0bdf24f-SNAPSHOT/ratis-tools-1.1.0-0bdf24f-SNAPSHOT.jar:/home/user/.m2/repository/org/apache/ratis/ratis-proto/1.1.0-0bdf24f-SNAPSHOT/ratis-proto-1.1.0-0bdf24f-SNAPSHOT.jar:/home/user/.m2/repository/org/apache/ratis/ratis-common/1.1.0-0bdf24f-SNAPSHOT/ratis-common-1.1.0-0bdf24f-SNAPSHOT.jar:/home/user/.m2/repository/com/amazonaws/aws-java-sdk-core/1.11.901/aws-java-sdk-core-1.11.901.jar:/home/user/.m2/repository/org/apache/httpcomponents/httpclient/4.5.13/httpclient-4.5.13.jar:/home/user/.m2/repository/org/apache/httpcomponents/httpcore/4.4.13/httpcore-4.4.13.jar:/home/user/.m2/repository/software/amazon/ion/ion-java/1.0.2/ion-java-1.0.2.jar:/home/user/.m2/repository/com/fasterxml/jackson/dataformat/jackson-dataformat-cbor/2.12.1/jackson-dataformat-cbor-2.12.1.jar:/home/user/.m2/repository/joda-time/joda-time/2.8.1/joda-time-2.8.1.jar:/home/user/.m2/repository/com/amazonaws/aws-java-sdk-s3/1.11.901/aws-java-sdk-s3-1.11.901.jar:/home/user/.m2/repository/com/amazonaws/aws-java-sdk-kms/1.11.901/aws-java-sdk-kms-1.11.901.jar:/home/user/.m2/repository/com/amazonaws/jmespath-java/1.11.901/jmespath-java-1.11.901.jar:/home/user/.m2/repository/org/kohsuke/metainf-services/metainf-services/1.8/metainf-services-1.8.jar:/home/user/.m2/repository/org/apache/hadoop/hadoop-hdds-tools/1.1.0-SNAPSHOT/hadoop-hdds-tools-1.1.0-SNAPSHOT.jar:/home/user/.m2/repository/commons-cli/commons-cli/1.2/commons-cli-1.2.jar:/home/user/.m2/repository/org/apache/commons/commons-lang3/3.7/commons-lang3-3.7.jar:/home/user/.m2/repository/org/apache/hadoop/hadoop-ozone-ozone-manager/1.1.0-SNAPSHOT/hadoop-ozone-ozone-manager-1.1.0-SNAPSHOT-tests.jar:/home/user/.m2/repository/org/apache/hadoop/hadoop-hdds-common/1.1.0-SNAPSHOT/hadoop-hdds-common-1.1.0-SNAPSHOT-tests.jar:/home/user/.m2/repository/org/apache/hadoop/hadoop-hdds-hadoop-dependency-client/1.1.0-SNAPSHOT/hadoop-hdds-hadoop-dependency-client-1.1.0-SNAPSHOT.jar:/home/user/.m2/repository/info/picocli/picocli/4.4.0/picocli-4.4.0.jar:/home/user/.m2/repository/com/fasterxml/jackson/core/jackson-annotations/2.12.1/jackson-annotations-2.12.1.jar:/home/user/.m2/repository/javax/annotation/javax.annotation-api/1.2/javax.annotation-api-1.2.jar:/home/user/.m2/repository/org/fusesource/leveldbjni/leveldbjni-all/1.8/leveldbjni-all-1.8.jar:/home/user/.m2/repository/org/apache/ratis/ratis-server/1.1.0-0bdf24f-SNAPSHOT/ratis-server-1.1.0-0bdf24f-SNAPSHOT.jar:/home/user/.m2/repository/org/apache/ratis/ratis-client/1.1.0-0bdf24f-SNAPSHOT/ratis-client-1.1.0-0bdf24f-SNAPSHOT.jar:/home/user/.m2/repository/org/apache/ratis/ratis-server-api/1.1.0-0bdf24f-SNAPSHOT/ratis-server-api-1.1.0-0bdf24f-SNAPSHOT.jar:/home/user/.m2/repository/org/apache/ratis/ratis-metrics/1.1.0-0bdf24f-SNAPSHOT/ratis-metrics-1.1.0-0bdf24f-SNAPSHOT.jar:/home/user/.m2/repository/org/apache/ratis/ratis-netty/1.1.0-0bdf24f-SNAPSHOT/ratis-netty-1.1.0-0bdf24f-SNAPSHOT.jar:/home/user/.m2/repository/org/apache/ratis/ratis-grpc/1.1.0-0bdf24f-SNAPSHOT/ratis-grpc-1.1.0-0bdf24f-SNAPSHOT.jar:/home/user/.m2/repository/org/apache/logging/log4j/log4j-api/2.13.3/log4j-api-2.13.3.jar:/home/user/.m2/repository/org/apache/logging/log4j/log4j-core/2.13.3/log4j-core-2.13.3.jar:/home/user/.m2/repository/com/lmax/disruptor/3.4.2/disruptor-3.4.2.jar:/home/user/.m2/repository/org/apache/commons/commons-pool2/2.6.0/commons-pool2-2.6.0.jar:/home/user/.m2/repository/org/bouncycastle/bcpkix-jdk15on/1.67/bcpkix-jdk15on-1.67.jar:/home/user/.m2/repository/commons-validator/commons-validator/1.6/commons-validator-1.6.jar:/home/user/.m2/repository/commons-beanutils/commons-beanutils/1.9.4/commons-beanutils-1.9.4.jar:/home/user/.m2/repository/commons-digester/commons-digester/1.8.1/commons-digester-1.8.1.jar:/home/user/.m2/repository/commons-collections/commons-collections/3.2.2/commons-collections-3.2.2.jar:/home/user/.m2/repository/io/jaegertracing/jaeger-client/1.2.0/jaeger-client-1.2.0.jar:/home/user/.m2/repository/io/jaegertracing/jaeger-thrift/1.2.0/jaeger-thrift-1.2.0.jar:/home/user/.m2/repository/org/apache/thrift/libthrift/0.13.0/libthrift-0.13.0.jar:/home/user/.m2/repository/com/squareup/okhttp3/okhttp/4.2.2/okhttp-4.2.2.jar:/home/user/.m2/repository/com/squareup/okio/okio/2.2.2/okio-2.2.2.jar:/home/user/.m2/repository/org/jetbrains/kotlin/kotlin-stdlib/1.3.50/kotlin-stdlib-1.3.50.jar:/home/user/.m2/repository/org/jetbrains/kotlin/kotlin-stdlib-common/1.3.50/kotlin-stdlib-common-1.3.50.jar:/home/user/.m2/repository/org/jetbrains/annotations/13.0/annotations-13.0.jar:/home/user/.m2/repository/io/jaegertracing/jaeger-core/1.2.0/jaeger-core-1.2.0.jar:/home/user/.m2/repository/io/jaegertracing/jaeger-tracerresolver/1.2.0/jaeger-tracerresolver-1.2.0.jar:/home/user/.m2/repository/io/opentracing/contrib/opentracing-tracerresolver/0.1.8/opentracing-tracerresolver-0.1.8.jar:/home/user/.m2/repository/io/opentracing/opentracing-util/0.33.0/opentracing-util-0.33.0.jar:/home/user/.m2/repository/io/opentracing/opentracing-api/0.33.0/opentracing-api-0.33.0.jar:/home/user/.m2/repository/io/opentracing/opentracing-noop/0.33.0/opentracing-noop-0.33.0.jar:/home/user/.m2/repository/org/yaml/snakeyaml/1.26/snakeyaml-1.26.jar:/home/user/.m2/repository/junit/junit/4.13.1/junit-4.13.1.jar:/home/user/.m2/repository/org/hamcrest/hamcrest-core/1.3/hamcrest-core-1.3.jar:/home/user/.m2/repository/org/junit/jupiter/junit-jupiter-api/5.7.0/junit-jupiter-api-5.7.0.jar:/home/user/.m2/repository/org/apiguardian/apiguardian-api/1.1.0/apiguardian-api-1.1.0.jar:/home/user/.m2/repository/org/opentest4j/opentest4j/1.2.0/opentest4j-1.2.0.jar:/home/user/.m2/repository/org/junit/platform/junit-platform-commons/1.7.0/junit-platform-commons-1.7.0.jar:/home/user/.m2/repository/org/junit/jupiter/junit-jupiter-engine/5.7.0/junit-jupiter-engine-5.7.0.jar:/home/user/.m2/repository/org/junit/platform/junit-platform-engine/1.7.0/junit-platform-engine-1.7.0.jar:/home/user/.m2/repository/org/junit/vintage/junit-vintage-engine/5.7.0/junit-vintage-engine-5.7.0.jar:/home/user/.m2/repository/org/junit/platform/junit-platform-launcher/1.7.0/junit-platform-launcher-1.7.0.jar:/home/user/.m2/repository/org/openjdk/jmh/jmh-core/1.19/jmh-core-1.19.jar:/home/user/.m2/repository/net/sf/jopt-simple/jopt-simple/4.6/jopt-simple-4.6.jar:/home/user/.m2/repository/org/apache/commons/commons-math3/3.1.1/commons-math3-3.1.1.jar:/home/user/.m2/repository/org/openjdk/jmh/jmh-generator-annprocess/1.19/jmh-generator-annprocess-1.19.jar:/home/user/.m2/repository/org/mockito/mockito-all/1.8.5/mockito-all-1.8.5.jar:/home/user/.m2/repository/org/apache/hadoop/hadoop-kms/3.2.2/hadoop-kms-3.2.2.jar:/home/user/.m2/repository/org/apache/hadoop/hadoop-auth/3.2.2/hadoop-auth-3.2.2.jar:/home/user/.m2/repository/com/nimbusds/nimbus-jose-jwt/7.9/nimbus-jose-jwt-7.9.jar:/home/user/.m2/repository/com/github/stephenc/jcip/jcip-annotations/1.0-1/jcip-annotations-1.0-1.jar:/home/user/.m2/repository/net/minidev/json-smart/2.3/json-smart-2.3.jar:/home/user/.m2/repository/net/minidev/accessors-smart/1.2/accessors-smart-1.2.jar:/home/user/.m2/repository/org/ow2/asm/asm/5.0.4/asm-5.0.4.jar:/home/user/.m2/repository/org/apache/zookeeper/zookeeper/3.4.13/zookeeper-3.4.13.jar:/home/user/.m2/repository/org/apache/yetus/audience-annotations/0.5.0/audience-annotations-0.5.0.jar:/home/user/.m2/repository/org/apache/curator/curator-framework/2.13.0/curator-framework-2.13.0.jar:/home/user/.m2/repository/com/sun/jersey/jersey-core/1.19/jersey-core-1.19.jar:/home/user/.m2/repository/javax/ws/rs/jsr311-api/1.1.1/jsr311-api-1.1.1.jar:/home/user/.m2/repository/com/sun/jersey/jersey-server/1.19/jersey-server-1.19.jar:/home/user/.m2/repository/javax/servlet/javax.servlet-api/3.1.0/javax.servlet-api-3.1.0.jar:/home/user/.m2/repository/org/eclipse/jetty/jetty-server/9.4.35.v20201120/jetty-server-9.4.35.v20201120.jar:/home/user/.m2/repository/org/eclipse/jetty/jetty-http/9.4.35.v20201120/jetty-http-9.4.35.v20201120.jar:/home/user/.m2/repository/org/eclipse/jetty/jetty-io/9.4.35.v20201120/jetty-io-9.4.35.v20201120.jar:/home/user/.m2/repository/org/eclipse/jetty/jetty-webapp/9.4.35.v20201120/jetty-webapp-9.4.35.v20201120.jar:/home/user/.m2/repository/org/eclipse/jetty/jetty-xml/9.4.35.v20201120/jetty-xml-9.4.35.v20201120.jar:/home/user/.m2/repository/org/apache/hadoop/hadoop-common/3.2.2/hadoop-common-3.2.2.jar:/home/user/.m2/repository/commons-net/commons-net/3.6/commons-net-3.6.jar:/home/user/.m2/repository/javax/activation/javax.activation-api/1.2.0/javax.activation-api-1.2.0.jar:/home/user/.m2/repository/com/sun/jersey/jersey-servlet/1.19/jersey-servlet-1.19.jar:/home/user/.m2/repository/com/sun/jersey/jersey-json/1.19/jersey-json-1.19.jar:/home/user/.m2/repository/org/codehaus/jettison/jettison/1.1/jettison-1.1.jar:/home/user/.m2/repository/org/codehaus/jackson/jackson-jaxrs/1.9.2/jackson-jaxrs-1.9.2.jar:/home/user/.m2/repository/org/codehaus/jackson/jackson-xc/1.9.2/jackson-xc-1.9.2.jar:/home/user/.m2/repository/org/apache/commons/commons-configuration2/2.1.1/commons-configuration2-2.1.1.jar:/home/user/.m2/repository/org/apache/commons/commons-text/1.4/commons-text-1.4.jar:/home/user/.m2/repository/com/google/re2j/re2j/1.1/re2j-1.1.jar:/home/user/.m2/repository/com/jcraft/jsch/0.1.54/jsch-0.1.54.jar:/home/user/.m2/repository/org/apache/curator/curator-client/2.13.0/curator-client-2.13.0.jar:/home/user/.m2/repository/org/apache/curator/curator-recipes/2.13.0/curator-recipes-2.13.0.jar:/home/user/.m2/repository/dnsjava/dnsjava/2.1.7/dnsjava-2.1.7.jar:/home/user/.m2/repository/org/slf4j/jul-to-slf4j/1.7.30/jul-to-slf4j-1.7.30.jar:/home/user/.m2/repository/org/eclipse/jetty/jetty-util/9.4.35.v20201120/jetty-util-9.4.35.v20201120.jar:/home/user/.m2/repository/com/fasterxml/jackson/core/jackson-databind/2.12.1/jackson-databind-2.12.1.jar:/home/user/.m2/repository/org/apache/hadoop/hadoop-kms/3.2.2/hadoop-kms-3.2.2-tests.jar:/home/user/.m2/repository/org/apache/hadoop/hadoop-hdds-server-scm/1.1.0-SNAPSHOT/hadoop-hdds-server-scm-1.1.0-SNAPSHOT-tests.jar:/home/user/.m2/repository/org/apache/hadoop/hadoop-hdds-container-service/1.1.0-SNAPSHOT/hadoop-hdds-container-service-1.1.0-SNAPSHOT-tests.jar:/home/user/.m2/repository/commons-codec/commons-codec/1.11/commons-codec-1.11.jar:/home/user/.m2/repository/org/apache/hadoop/hadoop-hdds-hadoop-dependency-test/1.1.0-SNAPSHOT/hadoop-hdds-hadoop-dependency-test-1.1.0-SNAPSHOT.jar:/home/user/.m2/repository/org/apache/hadoop/hadoop-common/3.2.2/hadoop-common-3.2.2-tests.jar:/home/user/.m2/repository/org/apache/hadoop/hadoop-hdfs/3.2.2/hadoop-hdfs-3.2.2-tests.jar:/home/user/.m2/repository/org/eclipse/jetty/jetty-util-ajax/9.4.35.v20201120/jetty-util-ajax-9.4.35.v20201120.jar:/home/user/.m2/repository/commons-daemon/commons-daemon/1.0.13/commons-daemon-1.0.13.jar:/home/user/.m2/repository/io/netty/netty/3.10.6.Final/netty-3.10.6.Final.jar:/home/user/.m2/repository/io/netty/netty-all/4.1.51.Final/netty-all-4.1.51.Final.jar:/home/user/.m2/repository/org/apache/htrace/htrace-core4/4.1.0-incubating/htrace-core4-4.1.0-incubating.jar:/home/user/.m2/repository/org/apache/hadoop/hadoop-distcp/3.2.2/hadoop-distcp-3.2.2.jar:/home/user/.m2/repository/org/apache/hadoop/hadoop-mapreduce-client-jobclient/3.2.2/hadoop-mapreduce-client-jobclient-3.2.2.jar:/home/user/.m2/repository/org/apache/hadoop/hadoop-mapreduce-client-common/3.2.2/hadoop-mapreduce-client-common-3.2.2.jar:/home/user/.m2/repository/org/apache/hadoop/hadoop-yarn-common/3.2.2/hadoop-yarn-common-3.2.2.jar:/home/user/.m2/repository/org/apache/hadoop/hadoop-yarn-api/3.2.2/hadoop-yarn-api-3.2.2.jar:/home/user/.m2/repository/com/sun/jersey/jersey-client/1.19/jersey-client-1.19.jar:/home/user/.m2/repository/com/sun/jersey/contribs/jersey-guice/1.19/jersey-guice-1.19.jar:/home/user/.m2/repository/com/fasterxml/jackson/jaxrs/jackson-jaxrs-json-provider/2.12.1/jackson-jaxrs-json-provider-2.12.1.jar:/home/user/.m2/repository/com/fasterxml/jackson/jaxrs/jackson-jaxrs-base/2.12.1/jackson-jaxrs-base-2.12.1.jar:/home/user/.m2/repository/org/apache/hadoop/hadoop-yarn-client/3.2.2/hadoop-yarn-client-3.2.2.jar:/home/user/.m2/repository/org/apache/hadoop/hadoop-mapreduce-client-core/3.2.2/hadoop-mapreduce-client-core-3.2.2.jar:/home/user/.m2/repository/org/apache/avro/avro/1.7.7/avro-1.7.7.jar:/home/user/.m2/repository/org/codehaus/jackson/jackson-core-asl/1.9.13/jackson-core-asl-1.9.13.jar:/home/user/.m2/repository/org/codehaus/jackson/jackson-mapper-asl/1.9.13/jackson-mapper-asl-1.9.13.jar:/home/user/.m2/repository/com/thoughtworks/paranamer/paranamer/2.3/paranamer-2.3.jar:/home/user/.m2/repository/org/xerial/snappy/snappy-java/1.0.5/snappy-java-1.0.5.jar:/home/user/.m2/repository/org/apache/hadoop/hadoop-annotations/3.2.2/hadoop-annotations-3.2.2.jar:/usr/lib/jvm/java-1.8.0-openjdk-1.8.0.232.b09-0.el7_7.x86_64/jre/../lib/tools.jar:/home/user/.m2/repository/org/apache/hadoop/hadoop-distcp/3.2.2/hadoop-distcp-3.2.2-tests.jar:"/>
    <property name="java.vm.vendor" value="Oracle Corporation"/>
    <property name="sun.arch.data.model" value="64"/>
    <property name="test.build.dir" value="/github/workspace/mnt/ozone/hadoop-ozone/integration-test/target/test-dir"/>
    <property name="test.cache.data" value=""/>
    <property name="java.vendor.url" value="http://java.oracle.com/"/>
    <property name="user.timezone" value=""/>
    <property name="java.vm.specification.version" value="1.8"/>
    <property name="os.name" value="Linux"/>
    <property name="test.build.data" value="/github/workspace/mnt/ozone/hadoop-ozone/integration-test/target/test-dir"/>
    <property name="user.country" value="US"/>
    <property name="sun.java.launcher" value="SUN_STANDARD"/>
    <property name="sun.boot.library.path" value="/usr/lib/jvm/java-1.8.0-openjdk-1.8.0.232.b09-0.el7_7.x86_64/jre/lib/amd64"/>
    <property name="sun.java.command" value="/github/workspace/mnt/ozone/hadoop-ozone/integration-test/target/surefire/surefirebooter3182704675388437545.jar /github/workspace/mnt/ozone/hadoop-ozone/integration-test/target/surefire 2021-03-08T01-35-32_082-jvmRun1 surefire2595962528047782489tmp surefire_166354085052183163591tmp"/>
    <property name="surefire.test.class.path" value="/github/workspace/mnt/ozone/hadoop-ozone/integration-test/target/test-classes:/github/workspace/mnt/ozone/hadoop-ozone/integration-test/target/classes:/home/user/.m2/repository/org/apache/hadoop/hadoop-ozone-common/1.1.0-SNAPSHOT/hadoop-ozone-common-1.1.0-SNAPSHOT.jar:/home/user/.m2/repository/org/apache/commons/commons-compress/1.4.1/commons-compress-1.4.1.jar:/home/user/.m2/repository/org/tukaani/xz/1.0/xz-1.0.jar:/home/user/.m2/repository/org/apache/hadoop/hadoop-hdds-common/1.1.0-SNAPSHOT/hadoop-hdds-common-1.1.0-SNAPSHOT.jar:/home/user/.m2/repository/org/apache/hadoop/hadoop-hdds-client/1.1.0-SNAPSHOT/hadoop-hdds-client-1.1.0-SNAPSHOT.jar:/home/user/.m2/repository/org/apache/hadoop/hadoop-ozone-interface-client/1.1.0-SNAPSHOT/hadoop-ozone-interface-client-1.1.0-SNAPSHOT.jar:/home/user/.m2/repository/org/apache/hadoop/hadoop-hdds-test-utils/1.1.0-SNAPSHOT/hadoop-hdds-test-utils-1.1.0-SNAPSHOT.jar:/home/user/.m2/repository/com/google/guava/guava/28.2-jre/guava-28.2-jre.jar:/home/user/.m2/repository/com/google/guava/failureaccess/1.0.1/failureaccess-1.0.1.jar:/home/user/.m2/repository/com/google/guava/listenablefuture/9999.0-empty-to-avoid-conflict-with-guava/listenablefuture-9999.0-empty-to-avoid-conflict-with-guava.jar:/home/user/.m2/repository/com/google/code/findbugs/jsr305/3.0.0/jsr305-3.0.0.jar:/home/user/.m2/repository/org/checkerframework/checker-qual/2.10.0/checker-qual-2.10.0.jar:/home/user/.m2/repository/com/google/errorprone/error_prone_annotations/2.2.0/error_prone_annotations-2.2.0.jar:/home/user/.m2/repository/com/google/j2objc/j2objc-annotations/1.3/j2objc-annotations-1.3.jar:/home/user/.m2/repository/commons-io/commons-io/2.5/commons-io-2.5.jar:/home/user/.m2/repository/commons-logging/commons-logging/1.2/commons-logging-1.2.jar:/home/user/.m2/repository/log4j/log4j/1.2.17/log4j-1.2.17.jar:/home/user/.m2/repository/org/slf4j/slf4j-api/1.7.30/slf4j-api-1.7.30.jar:/home/user/.m2/repository/org/apache/hadoop/hadoop-hdds-server-scm/1.1.0-SNAPSHOT/hadoop-hdds-server-scm-1.1.0-SNAPSHOT.jar:/home/user/.m2/repository/org/apache/hadoop/hadoop-hdds-container-service/1.1.0-SNAPSHOT/hadoop-hdds-container-service-1.1.0-SNAPSHOT.jar:/home/user/.m2/repository/org/apache/hadoop/hadoop-hdds-hadoop-dependency-server/1.1.0-SNAPSHOT/hadoop-hdds-hadoop-dependency-server-1.1.0-SNAPSHOT.jar:/home/user/.m2/repository/org/apache/hadoop/hadoop-hdfs/3.2.2/hadoop-hdfs-3.2.2.jar:/home/user/.m2/repository/org/apache/hadoop/hadoop-hdds-server-framework/1.1.0-SNAPSHOT/hadoop-hdds-server-framework-1.1.0-SNAPSHOT.jar:/home/user/.m2/repository/org/apache/hadoop/hadoop-hdds-interface-server/1.1.0-SNAPSHOT/hadoop-hdds-interface-server-1.1.0-SNAPSHOT.jar:/home/user/.m2/repository/org/apache/hadoop/hadoop-hdds-interface-admin/1.1.0-SNAPSHOT/hadoop-hdds-interface-admin-1.1.0-SNAPSHOT.jar:/home/user/.m2/repository/org/eclipse/jetty/jetty-servlet/9.4.35.v20201120/jetty-servlet-9.4.35.v20201120.jar:/home/user/.m2/repository/org/eclipse/jetty/jetty-security/9.4.35.v20201120/jetty-security-9.4.35.v20201120.jar:/home/user/.m2/repository/org/rocksdb/rocksdbjni/6.8.1/rocksdbjni-6.8.1.jar:/home/user/.m2/repository/io/prometheus/simpleclient_dropwizard/0.7.0/simpleclient_dropwizard-0.7.0.jar:/home/user/.m2/repository/io/prometheus/simpleclient/0.7.0/simpleclient-0.7.0.jar:/home/user/.m2/repository/io/prometheus/simpleclient_common/0.7.0/simpleclient_common-0.7.0.jar:/home/user/.m2/repository/com/fasterxml/jackson/datatype/jackson-datatype-jsr310/2.12.1/jackson-datatype-jsr310-2.12.1.jar:/home/user/.m2/repository/io/dropwizard/metrics/metrics-core/3.2.4/metrics-core-3.2.4.jar:/home/user/.m2/repository/org/apache/hadoop/hadoop-hdfs-client/3.2.2/hadoop-hdfs-client-3.2.2.jar:/home/user/.m2/repository/org/bouncycastle/bcprov-jdk15on/1.67/bcprov-jdk15on-1.67.jar:/home/user/.m2/repository/org/apache/hadoop/hadoop-ozone-ozone-manager/1.1.0-SNAPSHOT/hadoop-ozone-ozone-manager-1.1.0-SNAPSHOT.jar:/home/user/.m2/repository/org/apache/hadoop/hadoop-hdds-interface-client/1.1.0-SNAPSHOT/hadoop-hdds-interface-client-1.1.0-SNAPSHOT.jar:/home/user/.m2/repository/org/apache/ratis/ratis-thirdparty-misc/0.6.0/ratis-thirdparty-misc-0.6.0.jar:/home/user/.m2/repository/org/apache/hadoop/hadoop-ozone-interface-storage/1.1.0-SNAPSHOT/hadoop-ozone-interface-storage-1.1.0-SNAPSHOT.jar:/home/user/.m2/repository/org/apache/hadoop/hadoop-minikdc/3.2.2/hadoop-minikdc-3.2.2.jar:/home/user/.m2/repository/org/apache/kerby/kerb-simplekdc/1.0.1/kerb-simplekdc-1.0.1.jar:/home/user/.m2/repository/org/apache/kerby/kerb-client/1.0.1/kerb-client-1.0.1.jar:/home/user/.m2/repository/org/apache/kerby/kerby-config/1.0.1/kerby-config-1.0.1.jar:/home/user/.m2/repository/org/apache/kerby/kerb-core/1.0.1/kerb-core-1.0.1.jar:/home/user/.m2/repository/org/apache/kerby/kerby-pkix/1.0.1/kerby-pkix-1.0.1.jar:/home/user/.m2/repository/org/apache/kerby/kerby-asn1/1.0.1/kerby-asn1-1.0.1.jar:/home/user/.m2/repository/org/apache/kerby/kerby-util/1.0.1/kerby-util-1.0.1.jar:/home/user/.m2/repository/org/apache/kerby/kerb-common/1.0.1/kerb-common-1.0.1.jar:/home/user/.m2/repository/org/apache/kerby/kerb-crypto/1.0.1/kerb-crypto-1.0.1.jar:/home/user/.m2/repository/org/apache/kerby/kerb-util/1.0.1/kerb-util-1.0.1.jar:/home/user/.m2/repository/org/apache/kerby/token-provider/1.0.1/token-provider-1.0.1.jar:/home/user/.m2/repository/org/apache/kerby/kerb-admin/1.0.1/kerb-admin-1.0.1.jar:/home/user/.m2/repository/org/apache/kerby/kerb-server/1.0.1/kerb-server-1.0.1.jar:/home/user/.m2/repository/org/apache/kerby/kerb-identity/1.0.1/kerb-identity-1.0.1.jar:/home/user/.m2/repository/org/apache/kerby/kerby-xdr/1.0.1/kerby-xdr-1.0.1.jar:/home/user/.m2/repository/org/slf4j/slf4j-log4j12/1.7.30/slf4j-log4j12-1.7.30.jar:/home/user/.m2/repository/org/apache/hadoop/hadoop-ozone-s3gateway/1.1.0-SNAPSHOT/hadoop-ozone-s3gateway-1.1.0-SNAPSHOT.jar:/home/user/.m2/repository/org/jboss/weld/servlet/weld-servlet/2.4.7.Final/weld-servlet-2.4.7.Final.jar:/home/user/.m2/repository/org/glassfish/jersey/containers/jersey-container-servlet-core/2.27/jersey-container-servlet-core-2.27.jar:/home/user/.m2/repository/org/glassfish/hk2/external/javax.inject/2.5.0-b42/javax.inject-2.5.0-b42.jar:/home/user/.m2/repository/org/glassfish/jersey/core/jersey-common/2.27/jersey-common-2.27.jar:/home/user/.m2/repository/org/glassfish/hk2/osgi-resource-locator/1.0.1/osgi-resource-locator-1.0.1.jar:/home/user/.m2/repository/javax/ws/rs/javax.ws.rs-api/2.1/javax.ws.rs-api-2.1.jar:/home/user/.m2/repository/org/glassfish/jersey/ext/cdi/jersey-cdi1x/2.27/jersey-cdi1x-2.27.jar:/home/user/.m2/repository/org/glassfish/jersey/inject/jersey-hk2/2.27/jersey-hk2-2.27.jar:/home/user/.m2/repository/org/glassfish/hk2/hk2-locator/2.5.0-b42/hk2-locator-2.5.0-b42.jar:/home/user/.m2/repository/org/javassist/javassist/3.22.0-CR2/javassist-3.22.0-CR2.jar:/home/user/.m2/repository/org/glassfish/hk2/hk2-api/2.5.0/hk2-api-2.5.0.jar:/home/user/.m2/repository/org/glassfish/hk2/external/jakarta.inject/2.5.0/jakarta.inject-2.5.0.jar:/home/user/.m2/repository/org/glassfish/hk2/hk2-utils/2.5.0/hk2-utils-2.5.0.jar:/home/user/.m2/repository/jakarta/annotation/jakarta.annotation-api/1.3.4/jakarta.annotation-api-1.3.4.jar:/home/user/.m2/repository/org/glassfish/hk2/external/aopalliance-repackaged/2.5.0/aopalliance-repackaged-2.5.0.jar:/home/user/.m2/repository/com/fasterxml/jackson/dataformat/jackson-dataformat-xml/2.12.1/jackson-dataformat-xml-2.12.1.jar:/home/user/.m2/repository/com/fasterxml/jackson/core/jackson-core/2.12.1/jackson-core-2.12.1.jar:/home/user/.m2/repository/com/fasterxml/jackson/module/jackson-module-jaxb-annotations/2.12.1/jackson-module-jaxb-annotations-2.12.1.jar:/home/user/.m2/repository/jakarta/xml/bind/jakarta.xml.bind-api/2.3.2/jakarta.xml.bind-api-2.3.2.jar:/home/user/.m2/repository/jakarta/activation/jakarta.activation-api/1.2.1/jakarta.activation-api-1.2.1.jar:/home/user/.m2/repository/org/codehaus/woodstox/stax2-api/3.1.4/stax2-api-3.1.4.jar:/home/user/.m2/repository/com/fasterxml/woodstox/woodstox-core/5.0.3/woodstox-core-5.0.3.jar:/home/user/.m2/repository/javax/enterprise/cdi-api/1.2/cdi-api-1.2.jar:/home/user/.m2/repository/javax/el/javax.el-api/3.0.0/javax.el-api-3.0.0.jar:/home/user/.m2/repository/javax/interceptor/javax.interceptor-api/1.2/javax.interceptor-api-1.2.jar:/home/user/.m2/repository/javax/inject/javax.inject/1/javax.inject-1.jar:/home/user/.m2/repository/com/sun/xml/bind/jaxb-impl/2.3.0.1/jaxb-impl-2.3.0.1.jar:/home/user/.m2/repository/com/sun/xml/bind/jaxb-core/2.3.0.1/jaxb-core-2.3.0.1.jar:/home/user/.m2/repository/javax/xml/bind/jaxb-api/2.3.0/jaxb-api-2.3.0.jar:/home/user/.m2/repository/javax/activation/activation/1.1.1/activation-1.1.1.jar:/home/user/.m2/repository/org/apache/hadoop/hadoop-ozone-csi/1.1.0-SNAPSHOT/hadoop-ozone-csi-1.1.0-SNAPSHOT.jar:/home/user/.m2/repository/com/google/protobuf/protobuf-java-util/3.12.0/protobuf-java-util-3.12.0.jar:/home/user/.m2/repository/com/google/code/gson/gson/2.2.4/gson-2.2.4.jar:/home/user/.m2/repository/org/apache/hadoop/hadoop-hdds-config/1.1.0-SNAPSHOT/hadoop-hdds-config-1.1.0-SNAPSHOT.jar:/home/user/.m2/repository/com/google/protobuf/protobuf-java/2.5.0/protobuf-java-2.5.0.jar:/home/user/.m2/repository/io/grpc/grpc-netty/1.33.0/grpc-netty-1.33.0.jar:/home/user/.m2/repository/io/grpc/grpc-core/1.33.0/grpc-core-1.33.0.jar:/home/user/.m2/repository/com/google/android/annotations/4.1.1.4/annotations-4.1.1.4.jar:/home/user/.m2/repository/io/netty/netty-codec-http2/4.1.51.Final/netty-codec-http2-4.1.51.Final.jar:/home/user/.m2/repository/io/netty/netty-codec/4.1.51.Final/netty-codec-4.1.51.Final.jar:/home/user/.m2/repository/io/netty/netty-handler/4.1.51.Final/netty-handler-4.1.51.Final.jar:/home/user/.m2/repository/io/netty/netty-codec-http/4.1.51.Final/netty-codec-http-4.1.51.Final.jar:/home/user/.m2/repository/io/netty/netty-handler-proxy/4.1.51.Final/netty-handler-proxy-4.1.51.Final.jar:/home/user/.m2/repository/io/netty/netty-codec-socks/4.1.51.Final/netty-codec-socks-4.1.51.Final.jar:/home/user/.m2/repository/io/perfmark/perfmark-api/0.19.0/perfmark-api-0.19.0.jar:/home/user/.m2/repository/org/codehaus/mojo/animal-sniffer-annotations/1.18/animal-sniffer-annotations-1.18.jar:/home/user/.m2/repository/io/netty/netty-transport-native-epoll/4.1.51.Final/netty-transport-native-epoll-4.1.51.Final.jar:/home/user/.m2/repository/io/netty/netty-common/4.1.51.Final/netty-common-4.1.51.Final.jar:/home/user/.m2/repository/io/netty/netty-buffer/4.1.51.Final/netty-buffer-4.1.51.Final.jar:/home/user/.m2/repository/io/netty/netty-transport/4.1.51.Final/netty-transport-4.1.51.Final.jar:/home/user/.m2/repository/io/netty/netty-resolver/4.1.51.Final/netty-resolver-4.1.51.Final.jar:/home/user/.m2/repository/io/netty/netty-transport-native-unix-common/4.1.51.Final/netty-transport-native-unix-common-4.1.51.Final.jar:/home/user/.m2/repository/io/grpc/grpc-protobuf/1.33.0/grpc-protobuf-1.33.0.jar:/home/user/.m2/repository/io/grpc/grpc-api/1.33.0/grpc-api-1.33.0.jar:/home/user/.m2/repository/io/grpc/grpc-context/1.33.0/grpc-context-1.33.0.jar:/home/user/.m2/repository/com/google/api/grpc/proto-google-common-protos/1.17.0/proto-google-common-protos-1.17.0.jar:/home/user/.m2/repository/io/grpc/grpc-protobuf-lite/1.33.0/grpc-protobuf-lite-1.33.0.jar:/home/user/.m2/repository/io/grpc/grpc-stub/1.33.0/grpc-stub-1.33.0.jar:/home/user/.m2/repository/org/apache/hadoop/hadoop-ozone-recon/1.1.0-SNAPSHOT/hadoop-ozone-recon-1.1.0-SNAPSHOT.jar:/home/user/.m2/repository/org/apache/hadoop/hadoop-ozone-reconcodegen/1.1.0-SNAPSHOT/hadoop-ozone-reconcodegen-1.1.0-SNAPSHOT.jar:/home/user/.m2/repository/com/google/inject/extensions/guice-multibindings/4.0/guice-multibindings-4.0.jar:/home/user/.m2/repository/com/google/inject/guice/4.0/guice-4.0.jar:/home/user/.m2/repository/aopalliance/aopalliance/1.0/aopalliance-1.0.jar:/home/user/.m2/repository/com/google/inject/extensions/guice-assistedinject/4.0/guice-assistedinject-4.0.jar:/home/user/.m2/repository/com/google/inject/extensions/guice-servlet/4.0/guice-servlet-4.0.jar:/home/user/.m2/repository/org/glassfish/jersey/containers/jersey-container-servlet/2.27/jersey-container-servlet-2.27.jar:/home/user/.m2/repository/org/glassfish/hk2/guice-bridge/2.5.0/guice-bridge-2.5.0.jar:/home/user/.m2/repository/org/glassfish/jersey/core/jersey-server/2.27/jersey-server-2.27.jar:/home/user/.m2/repository/org/glassfish/jersey/core/jersey-client/2.27/jersey-client-2.27.jar:/home/user/.m2/repository/org/glassfish/jersey/media/jersey-media-jaxb/2.27/jersey-media-jaxb-2.27.jar:/home/user/.m2/repository/javax/validation/validation-api/1.1.0.Final/validation-api-1.1.0.Final.jar:/home/user/.m2/repository/org/glassfish/jersey/media/jersey-media-json-jackson/2.27/jersey-media-json-jackson-2.27.jar:/home/user/.m2/repository/org/glassfish/jersey/ext/jersey-entity-filtering/2.27/jersey-entity-filtering-2.27.jar:/home/user/.m2/repository/org/jooq/jooq/3.11.10/jooq-3.11.10.jar:/home/user/.m2/repository/org/jooq/jooq-meta/3.11.10/jooq-meta-3.11.10.jar:/home/user/.m2/repository/org/jooq/jooq-codegen/3.11.10/jooq-codegen-3.11.10.jar:/home/user/.m2/repository/com/jolbox/bonecp/0.8.0.RELEASE/bonecp-0.8.0.RELEASE.jar:/home/user/.m2/repository/org/apache/derby/derby/10.14.2.0/derby-10.14.2.0.jar:/home/user/.m2/repository/org/xerial/sqlite-jdbc/3.25.2/sqlite-jdbc-3.25.2.jar:/home/user/.m2/repository/org/springframework/spring-jdbc/5.2.11.RELEASE/spring-jdbc-5.2.11.RELEASE.jar:/home/user/.m2/repository/org/springframework/spring-beans/5.2.11.RELEASE/spring-beans-5.2.11.RELEASE.jar:/home/user/.m2/repository/org/springframework/spring-core/5.2.11.RELEASE/spring-core-5.2.11.RELEASE.jar:/home/user/.m2/repository/org/springframework/spring-jcl/5.2.11.RELEASE/spring-jcl-5.2.11.RELEASE.jar:/home/user/.m2/repository/org/springframework/spring-tx/5.2.11.RELEASE/spring-tx-5.2.11.RELEASE.jar:/home/user/.m2/repository/org/apache/hadoop/hadoop-ozone-client/1.1.0-SNAPSHOT/hadoop-ozone-client-1.1.0-SNAPSHOT.jar:/home/user/.m2/repository/org/apache/hadoop/hadoop-ozone-filesystem/1.1.0-SNAPSHOT/hadoop-ozone-filesystem-1.1.0-SNAPSHOT.jar:/home/user/.m2/repository/org/apache/hadoop/hadoop-ozone-filesystem-common/1.1.0-SNAPSHOT/hadoop-ozone-filesystem-common-1.1.0-SNAPSHOT.jar:/home/user/.m2/repository/org/apache/hadoop/hadoop-ozone-tools/1.1.0-SNAPSHOT/hadoop-ozone-tools-1.1.0-SNAPSHOT.jar:/home/user/.m2/repository/org/apache/ratis/ratis-tools/1.1.0-0bdf24f-SNAPSHOT/ratis-tools-1.1.0-0bdf24f-SNAPSHOT.jar:/home/user/.m2/repository/org/apache/ratis/ratis-proto/1.1.0-0bdf24f-SNAPSHOT/ratis-proto-1.1.0-0bdf24f-SNAPSHOT.jar:/home/user/.m2/repository/org/apache/ratis/ratis-common/1.1.0-0bdf24f-SNAPSHOT/ratis-common-1.1.0-0bdf24f-SNAPSHOT.jar:/home/user/.m2/repository/com/amazonaws/aws-java-sdk-core/1.11.901/aws-java-sdk-core-1.11.901.jar:/home/user/.m2/repository/org/apache/httpcomponents/httpclient/4.5.13/httpclient-4.5.13.jar:/home/user/.m2/repository/org/apache/httpcomponents/httpcore/4.4.13/httpcore-4.4.13.jar:/home/user/.m2/repository/software/amazon/ion/ion-java/1.0.2/ion-java-1.0.2.jar:/home/user/.m2/repository/com/fasterxml/jackson/dataformat/jackson-dataformat-cbor/2.12.1/jackson-dataformat-cbor-2.12.1.jar:/home/user/.m2/repository/joda-time/joda-time/2.8.1/joda-time-2.8.1.jar:/home/user/.m2/repository/com/amazonaws/aws-java-sdk-s3/1.11.901/aws-java-sdk-s3-1.11.901.jar:/home/user/.m2/repository/com/amazonaws/aws-java-sdk-kms/1.11.901/aws-java-sdk-kms-1.11.901.jar:/home/user/.m2/repository/com/amazonaws/jmespath-java/1.11.901/jmespath-java-1.11.901.jar:/home/user/.m2/repository/org/kohsuke/metainf-services/metainf-services/1.8/metainf-services-1.8.jar:/home/user/.m2/repository/org/apache/hadoop/hadoop-hdds-tools/1.1.0-SNAPSHOT/hadoop-hdds-tools-1.1.0-SNAPSHOT.jar:/home/user/.m2/repository/commons-cli/commons-cli/1.2/commons-cli-1.2.jar:/home/user/.m2/repository/org/apache/commons/commons-lang3/3.7/commons-lang3-3.7.jar:/home/user/.m2/repository/org/apache/hadoop/hadoop-ozone-ozone-manager/1.1.0-SNAPSHOT/hadoop-ozone-ozone-manager-1.1.0-SNAPSHOT-tests.jar:/home/user/.m2/repository/org/apache/hadoop/hadoop-hdds-common/1.1.0-SNAPSHOT/hadoop-hdds-common-1.1.0-SNAPSHOT-tests.jar:/home/user/.m2/repository/org/apache/hadoop/hadoop-hdds-hadoop-dependency-client/1.1.0-SNAPSHOT/hadoop-hdds-hadoop-dependency-client-1.1.0-SNAPSHOT.jar:/home/user/.m2/repository/info/picocli/picocli/4.4.0/picocli-4.4.0.jar:/home/user/.m2/repository/com/fasterxml/jackson/core/jackson-annotations/2.12.1/jackson-annotations-2.12.1.jar:/home/user/.m2/repository/javax/annotation/javax.annotation-api/1.2/javax.annotation-api-1.2.jar:/home/user/.m2/repository/org/fusesource/leveldbjni/leveldbjni-all/1.8/leveldbjni-all-1.8.jar:/home/user/.m2/repository/org/apache/ratis/ratis-server/1.1.0-0bdf24f-SNAPSHOT/ratis-server-1.1.0-0bdf24f-SNAPSHOT.jar:/home/user/.m2/repository/org/apache/ratis/ratis-client/1.1.0-0bdf24f-SNAPSHOT/ratis-client-1.1.0-0bdf24f-SNAPSHOT.jar:/home/user/.m2/repository/org/apache/ratis/ratis-server-api/1.1.0-0bdf24f-SNAPSHOT/ratis-server-api-1.1.0-0bdf24f-SNAPSHOT.jar:/home/user/.m2/repository/org/apache/ratis/ratis-metrics/1.1.0-0bdf24f-SNAPSHOT/ratis-metrics-1.1.0-0bdf24f-SNAPSHOT.jar:/home/user/.m2/repository/org/apache/ratis/ratis-netty/1.1.0-0bdf24f-SNAPSHOT/ratis-netty-1.1.0-0bdf24f-SNAPSHOT.jar:/home/user/.m2/repository/org/apache/ratis/ratis-grpc/1.1.0-0bdf24f-SNAPSHOT/ratis-grpc-1.1.0-0bdf24f-SNAPSHOT.jar:/home/user/.m2/repository/org/apache/logging/log4j/log4j-api/2.13.3/log4j-api-2.13.3.jar:/home/user/.m2/repository/org/apache/logging/log4j/log4j-core/2.13.3/log4j-core-2.13.3.jar:/home/user/.m2/repository/com/lmax/disruptor/3.4.2/disruptor-3.4.2.jar:/home/user/.m2/repository/org/apache/commons/commons-pool2/2.6.0/commons-pool2-2.6.0.jar:/home/user/.m2/repository/org/bouncycastle/bcpkix-jdk15on/1.67/bcpkix-jdk15on-1.67.jar:/home/user/.m2/repository/commons-validator/commons-validator/1.6/commons-validator-1.6.jar:/home/user/.m2/repository/commons-beanutils/commons-beanutils/1.9.4/commons-beanutils-1.9.4.jar:/home/user/.m2/repository/commons-digester/commons-digester/1.8.1/commons-digester-1.8.1.jar:/home/user/.m2/repository/commons-collections/commons-collections/3.2.2/commons-collections-3.2.2.jar:/home/user/.m2/repository/io/jaegertracing/jaeger-client/1.2.0/jaeger-client-1.2.0.jar:/home/user/.m2/repository/io/jaegertracing/jaeger-thrift/1.2.0/jaeger-thrift-1.2.0.jar:/home/user/.m2/repository/org/apache/thrift/libthrift/0.13.0/libthrift-0.13.0.jar:/home/user/.m2/repository/com/squareup/okhttp3/okhttp/4.2.2/okhttp-4.2.2.jar:/home/user/.m2/repository/com/squareup/okio/okio/2.2.2/okio-2.2.2.jar:/home/user/.m2/repository/org/jetbrains/kotlin/kotlin-stdlib/1.3.50/kotlin-stdlib-1.3.50.jar:/home/user/.m2/repository/org/jetbrains/kotlin/kotlin-stdlib-common/1.3.50/kotlin-stdlib-common-1.3.50.jar:/home/user/.m2/repository/org/jetbrains/annotations/13.0/annotations-13.0.jar:/home/user/.m2/repository/io/jaegertracing/jaeger-core/1.2.0/jaeger-core-1.2.0.jar:/home/user/.m2/repository/io/jaegertracing/jaeger-tracerresolver/1.2.0/jaeger-tracerresolver-1.2.0.jar:/home/user/.m2/repository/io/opentracing/contrib/opentracing-tracerresolver/0.1.8/opentracing-tracerresolver-0.1.8.jar:/home/user/.m2/repository/io/opentracing/opentracing-util/0.33.0/opentracing-util-0.33.0.jar:/home/user/.m2/repository/io/opentracing/opentracing-api/0.33.0/opentracing-api-0.33.0.jar:/home/user/.m2/repository/io/opentracing/opentracing-noop/0.33.0/opentracing-noop-0.33.0.jar:/home/user/.m2/repository/org/yaml/snakeyaml/1.26/snakeyaml-1.26.jar:/home/user/.m2/repository/junit/junit/4.13.1/junit-4.13.1.jar:/home/user/.m2/repository/org/hamcrest/hamcrest-core/1.3/hamcrest-core-1.3.jar:/home/user/.m2/repository/org/junit/jupiter/junit-jupiter-api/5.7.0/junit-jupiter-api-5.7.0.jar:/home/user/.m2/repository/org/apiguardian/apiguardian-api/1.1.0/apiguardian-api-1.1.0.jar:/home/user/.m2/repository/org/opentest4j/opentest4j/1.2.0/opentest4j-1.2.0.jar:/home/user/.m2/repository/org/junit/platform/junit-platform-commons/1.7.0/junit-platform-commons-1.7.0.jar:/home/user/.m2/repository/org/junit/jupiter/junit-jupiter-engine/5.7.0/junit-jupiter-engine-5.7.0.jar:/home/user/.m2/repository/org/junit/platform/junit-platform-engine/1.7.0/junit-platform-engine-1.7.0.jar:/home/user/.m2/repository/org/junit/vintage/junit-vintage-engine/5.7.0/junit-vintage-engine-5.7.0.jar:/home/user/.m2/repository/org/junit/platform/junit-platform-launcher/1.7.0/junit-platform-launcher-1.7.0.jar:/home/user/.m2/repository/org/openjdk/jmh/jmh-core/1.19/jmh-core-1.19.jar:/home/user/.m2/repository/net/sf/jopt-simple/jopt-simple/4.6/jopt-simple-4.6.jar:/home/user/.m2/repository/org/apache/commons/commons-math3/3.1.1/commons-math3-3.1.1.jar:/home/user/.m2/repository/org/openjdk/jmh/jmh-generator-annprocess/1.19/jmh-generator-annprocess-1.19.jar:/home/user/.m2/repository/org/mockito/mockito-all/1.8.5/mockito-all-1.8.5.jar:/home/user/.m2/repository/org/apache/hadoop/hadoop-kms/3.2.2/hadoop-kms-3.2.2.jar:/home/user/.m2/repository/org/apache/hadoop/hadoop-auth/3.2.2/hadoop-auth-3.2.2.jar:/home/user/.m2/repository/com/nimbusds/nimbus-jose-jwt/7.9/nimbus-jose-jwt-7.9.jar:/home/user/.m2/repository/com/github/stephenc/jcip/jcip-annotations/1.0-1/jcip-annotations-1.0-1.jar:/home/user/.m2/repository/net/minidev/json-smart/2.3/json-smart-2.3.jar:/home/user/.m2/repository/net/minidev/accessors-smart/1.2/accessors-smart-1.2.jar:/home/user/.m2/repository/org/ow2/asm/asm/5.0.4/asm-5.0.4.jar:/home/user/.m2/repository/org/apache/zookeeper/zookeeper/3.4.13/zookeeper-3.4.13.jar:/home/user/.m2/repository/org/apache/yetus/audience-annotations/0.5.0/audience-annotations-0.5.0.jar:/home/user/.m2/repository/org/apache/curator/curator-framework/2.13.0/curator-framework-2.13.0.jar:/home/user/.m2/repository/com/sun/jersey/jersey-core/1.19/jersey-core-1.19.jar:/home/user/.m2/repository/javax/ws/rs/jsr311-api/1.1.1/jsr311-api-1.1.1.jar:/home/user/.m2/repository/com/sun/jersey/jersey-server/1.19/jersey-server-1.19.jar:/home/user/.m2/repository/javax/servlet/javax.servlet-api/3.1.0/javax.servlet-api-3.1.0.jar:/home/user/.m2/repository/org/eclipse/jetty/jetty-server/9.4.35.v20201120/jetty-server-9.4.35.v20201120.jar:/home/user/.m2/repository/org/eclipse/jetty/jetty-http/9.4.35.v20201120/jetty-http-9.4.35.v20201120.jar:/home/user/.m2/repository/org/eclipse/jetty/jetty-io/9.4.35.v20201120/jetty-io-9.4.35.v20201120.jar:/home/user/.m2/repository/org/eclipse/jetty/jetty-webapp/9.4.35.v20201120/jetty-webapp-9.4.35.v20201120.jar:/home/user/.m2/repository/org/eclipse/jetty/jetty-xml/9.4.35.v20201120/jetty-xml-9.4.35.v20201120.jar:/home/user/.m2/repository/org/apache/hadoop/hadoop-common/3.2.2/hadoop-common-3.2.2.jar:/home/user/.m2/repository/commons-net/commons-net/3.6/commons-net-3.6.jar:/home/user/.m2/repository/javax/activation/javax.activation-api/1.2.0/javax.activation-api-1.2.0.jar:/home/user/.m2/repository/com/sun/jersey/jersey-servlet/1.19/jersey-servlet-1.19.jar:/home/user/.m2/repository/com/sun/jersey/jersey-json/1.19/jersey-json-1.19.jar:/home/user/.m2/repository/org/codehaus/jettison/jettison/1.1/jettison-1.1.jar:/home/user/.m2/repository/org/codehaus/jackson/jackson-jaxrs/1.9.2/jackson-jaxrs-1.9.2.jar:/home/user/.m2/repository/org/codehaus/jackson/jackson-xc/1.9.2/jackson-xc-1.9.2.jar:/home/user/.m2/repository/org/apache/commons/commons-configuration2/2.1.1/commons-configuration2-2.1.1.jar:/home/user/.m2/repository/org/apache/commons/commons-text/1.4/commons-text-1.4.jar:/home/user/.m2/repository/com/google/re2j/re2j/1.1/re2j-1.1.jar:/home/user/.m2/repository/com/jcraft/jsch/0.1.54/jsch-0.1.54.jar:/home/user/.m2/repository/org/apache/curator/curator-client/2.13.0/curator-client-2.13.0.jar:/home/user/.m2/repository/org/apache/curator/curator-recipes/2.13.0/curator-recipes-2.13.0.jar:/home/user/.m2/repository/dnsjava/dnsjava/2.1.7/dnsjava-2.1.7.jar:/home/user/.m2/repository/org/slf4j/jul-to-slf4j/1.7.30/jul-to-slf4j-1.7.30.jar:/home/user/.m2/repository/org/eclipse/jetty/jetty-util/9.4.35.v20201120/jetty-util-9.4.35.v20201120.jar:/home/user/.m2/repository/com/fasterxml/jackson/core/jackson-databind/2.12.1/jackson-databind-2.12.1.jar:/home/user/.m2/repository/org/apache/hadoop/hadoop-kms/3.2.2/hadoop-kms-3.2.2-tests.jar:/home/user/.m2/repository/org/apache/hadoop/hadoop-hdds-server-scm/1.1.0-SNAPSHOT/hadoop-hdds-server-scm-1.1.0-SNAPSHOT-tests.jar:/home/user/.m2/repository/org/apache/hadoop/hadoop-hdds-container-service/1.1.0-SNAPSHOT/hadoop-hdds-container-service-1.1.0-SNAPSHOT-tests.jar:/home/user/.m2/repository/commons-codec/commons-codec/1.11/commons-codec-1.11.jar:/home/user/.m2/repository/org/apache/hadoop/hadoop-hdds-hadoop-dependency-test/1.1.0-SNAPSHOT/hadoop-hdds-hadoop-dependency-test-1.1.0-SNAPSHOT.jar:/home/user/.m2/repository/org/apache/hadoop/hadoop-common/3.2.2/hadoop-common-3.2.2-tests.jar:/home/user/.m2/repository/org/apache/hadoop/hadoop-hdfs/3.2.2/hadoop-hdfs-3.2.2-tests.jar:/home/user/.m2/repository/org/eclipse/jetty/jetty-util-ajax/9.4.35.v20201120/jetty-util-ajax-9.4.35.v20201120.jar:/home/user/.m2/repository/commons-daemon/commons-daemon/1.0.13/commons-daemon-1.0.13.jar:/home/user/.m2/repository/io/netty/netty/3.10.6.Final/netty-3.10.6.Final.jar:/home/user/.m2/repository/io/netty/netty-all/4.1.51.Final/netty-all-4.1.51.Final.jar:/home/user/.m2/repository/org/apache/htrace/htrace-core4/4.1.0-incubating/htrace-core4-4.1.0-incubating.jar:/home/user/.m2/repository/org/apache/hadoop/hadoop-distcp/3.2.2/hadoop-distcp-3.2.2.jar:/home/user/.m2/repository/org/apache/hadoop/hadoop-mapreduce-client-jobclient/3.2.2/hadoop-mapreduce-client-jobclient-3.2.2.jar:/home/user/.m2/repository/org/apache/hadoop/hadoop-mapreduce-client-common/3.2.2/hadoop-mapreduce-client-common-3.2.2.jar:/home/user/.m2/repository/org/apache/hadoop/hadoop-yarn-common/3.2.2/hadoop-yarn-common-3.2.2.jar:/home/user/.m2/repository/org/apache/hadoop/hadoop-yarn-api/3.2.2/hadoop-yarn-api-3.2.2.jar:/home/user/.m2/repository/com/sun/jersey/jersey-client/1.19/jersey-client-1.19.jar:/home/user/.m2/repository/com/sun/jersey/contribs/jersey-guice/1.19/jersey-guice-1.19.jar:/home/user/.m2/repository/com/fasterxml/jackson/jaxrs/jackson-jaxrs-json-provider/2.12.1/jackson-jaxrs-json-provider-2.12.1.jar:/home/user/.m2/repository/com/fasterxml/jackson/jaxrs/jackson-jaxrs-base/2.12.1/jackson-jaxrs-base-2.12.1.jar:/home/user/.m2/repository/org/apache/hadoop/hadoop-yarn-client/3.2.2/hadoop-yarn-client-3.2.2.jar:/home/user/.m2/repository/org/apache/hadoop/hadoop-mapreduce-client-core/3.2.2/hadoop-mapreduce-client-core-3.2.2.jar:/home/user/.m2/repository/org/apache/avro/avro/1.7.7/avro-1.7.7.jar:/home/user/.m2/repository/org/codehaus/jackson/jackson-core-asl/1.9.13/jackson-core-asl-1.9.13.jar:/home/user/.m2/repository/org/codehaus/jackson/jackson-mapper-asl/1.9.13/jackson-mapper-asl-1.9.13.jar:/home/user/.m2/repository/com/thoughtworks/paranamer/paranamer/2.3/paranamer-2.3.jar:/home/user/.m2/repository/org/xerial/snappy/snappy-java/1.0.5/snappy-java-1.0.5.jar:/home/user/.m2/repository/org/apache/hadoop/hadoop-annotations/3.2.2/hadoop-annotations-3.2.2.jar:/usr/lib/jvm/java-1.8.0-openjdk-1.8.0.232.b09-0.el7_7.x86_64/jre/../lib/tools.jar:/home/user/.m2/repository/org/apache/hadoop/hadoop-distcp/3.2.2/hadoop-distcp-3.2.2-tests.jar:"/>
    <property name="sun.cpu.endian" value="little"/>
    <property name="user.home" value="/home/user"/>
    <property name="user.language" value="en"/>
    <property name="java.specification.vendor" value="Oracle Corporation"/>
    <property name="java.home" value="/usr/lib/jvm/java-1.8.0-openjdk-1.8.0.232.b09-0.el7_7.x86_64/jre"/>
    <property name="java.security.krb5.conf" value="/github/workspace/mnt/ozone/hadoop-ozone/integration-test/target/test-classes/krb5.conf"/>
    <property name="basedir" value="/github/workspace/mnt/ozone/hadoop-ozone/integration-test"/>
    <property name="file.separator" value="/"/>
    <property name="line.separator" value="&#10;"/>
    <property name="java.vm.specification.vendor" value="Oracle Corporation"/>
    <property name="java.specification.name" value="Java Platform API Specification"/>
    <property name="java.awt.graphicsenv" value="sun.awt.X11GraphicsEnvironment"/>
    <property name="skip.installnpx" value="true"/>
    <property name="surefire.real.class.path" value="/github/workspace/mnt/ozone/hadoop-ozone/integration-test/target/surefire/surefirebooter3182704675388437545.jar:/home/user/.m2/repository/org/jacoco/org.jacoco.agent/0.8.5/org.jacoco.agent-0.8.5-runtime.jar"/>
    <property name="hadoop.log.dir" value="/github/workspace/mnt/ozone/hadoop-ozone/integration-test/target/log"/>
    <property name="sun.boot.class.path" value="/usr/lib/jvm/java-1.8.0-openjdk-1.8.0.232.b09-0.el7_7.x86_64/jre/lib/resources.jar:/usr/lib/jvm/java-1.8.0-openjdk-1.8.0.232.b09-0.el7_7.x86_64/jre/lib/rt.jar:/usr/lib/jvm/java-1.8.0-openjdk-1.8.0.232.b09-0.el7_7.x86_64/jre/lib/sunrsasign.jar:/usr/lib/jvm/java-1.8.0-openjdk-1.8.0.232.b09-0.el7_7.x86_64/jre/lib/jsse.jar:/usr/lib/jvm/java-1.8.0-openjdk-1.8.0.232.b09-0.el7_7.x86_64/jre/lib/jce.jar:/usr/lib/jvm/java-1.8.0-openjdk-1.8.0.232.b09-0.el7_7.x86_64/jre/lib/charsets.jar:/usr/lib/jvm/java-1.8.0-openjdk-1.8.0.232.b09-0.el7_7.x86_64/jre/lib/jfr.jar:/usr/lib/jvm/java-1.8.0-openjdk-1.8.0.232.b09-0.el7_7.x86_64/jre/classes"/>
    <property name="sun.management.compiler" value="HotSpot 64-Bit Tiered Compilers"/>
    <property name="skip.npx" value="true"/>
    <property name="java.runtime.version" value="1.8.0_232-b09"/>
    <property name="java.net.preferIPv4Stack" value="true"/>
    <property name="user.name" value="jenkins1001"/>
    <property name="path.separator" value=":"/>
    <property name="java.security.egd" value="file:///dev/urandom"/>
    <property name="os.version" value="5.4.0-1040-azure"/>
    <property name="java.endorsed.dirs" value="/usr/lib/jvm/java-1.8.0-openjdk-1.8.0.232.b09-0.el7_7.x86_64/jre/lib/endorsed"/>
    <property name="java.runtime.name" value="OpenJDK Runtime Environment"/>
    <property name="file.encoding" value="ANSI_X3.4-1968"/>
    <property name="java.vm.name" value="OpenJDK 64-Bit Server VM"/>
    <property name="test.build.webapps" value=""/>
    <property name="localRepository" value="/home/user/.m2/repository"/>
    <property name="java.vendor.url.bug" value="http://bugreport.sun.com/bugreport/"/>
    <property name="java.io.tmpdir" value="/tmp"/>
    <property name="require.test.libhadoop" value=""/>
    <property name="java.version" value="1.8.0_232"/>
    <property name="user.dir" value="/github/workspace/mnt/ozone/hadoop-ozone/integration-test"/>
    <property name="os.arch" value="amd64"/>
    <property name="java.vm.specification.name" value="Java Virtual Machine Specification"/>
    <property name="test.build.classes" value="/github/workspace/mnt/ozone/hadoop-ozone/integration-test/target/test-classes"/>
    <property name="java.awt.printerjob" value="sun.print.PSPrinterJob"/>
    <property name="sun.os.patch.level" value="unknown"/>
    <property name="hadoop.tmp.dir" value="/github/workspace/mnt/ozone/hadoop-ozone/integration-test/target/tmp"/>
    <property name="java.library.path" value="/usr/lib:/usr/java/packages/lib/amd64:/usr/lib64:/lib64:/lib:/usr/lib"/>
    <property name="java.vm.info" value="mixed mode"/>
    <property name="java.vendor" value="Oracle Corporation"/>
    <property name="java.vm.version" value="25.232-b09"/>
    <property name="java.ext.dirs" value="/usr/lib/jvm/java-1.8.0-openjdk-1.8.0.232.b09-0.el7_7.x86_64/jre/lib/ext:/usr/java/packages/lib/ext"/>
    <property name="sun.io.unicode.encoding" value="UnicodeLittle"/>
    <property name="java.class.version" value="52.0"/>
  </properties>
  <testcase name="test2DatanodesFailure" classname="org.apache.hadoop.ozone.client.rpc.TestBlockOutputStreamWithFailuresFlushDelay" time="63.761"/>
  <testcase name="testDatanodeFailureWithPreAllocation" classname="org.apache.hadoop.ozone.client.rpc.TestBlockOutputStreamWithFailuresFlushDelay" time="95.544"/>
  <testcase name="testDatanodeFailureWithSingleNodeRatis" classname="org.apache.hadoop.ozone.client.rpc.TestBlockOutputStreamWithFailuresFlushDelay" time="93.492"/>
  <testcase name="testWatchForCommitWithSingleNodeRatis" classname="org.apache.hadoop.ozone.client.rpc.TestBlockOutputStreamWithFailuresFlushDelay" time="36.68"/>
  <testcase name="testWatchForCommitDatanodeFailure" classname="org.apache.hadoop.ozone.client.rpc.TestBlockOutputStreamWithFailuresFlushDelay" time="37.917"/>
  <testcase name="testFailureWithPrimeSizedData" classname="org.apache.hadoop.ozone.client.rpc.TestBlockOutputStreamWithFailuresFlushDelay" time="37.933"/>
  <testcase name="testWatchForCommitWithCloseContainerException" classname="org.apache.hadoop.ozone.client.rpc.TestBlockOutputStreamWithFailuresFlushDelay" time="65.422">
    <failure type="java.lang.AssertionError">java.lang.AssertionError
	at org.junit.Assert.fail(Assert.java:87)
	at org.junit.Assert.assertTrue(Assert.java:42)
	at org.junit.Assert.assertTrue(Assert.java:53)
	at org.apache.hadoop.ozone.client.rpc.TestBlockOutputStreamWithFailuresFlushDelay.testWatchForCommitWithCloseContainerException(TestBlockOutputStreamWithFailuresFlushDelay.java:178)
	at sun.reflect.NativeMethodAccessorImpl.invoke0(Native Method)
	at sun.reflect.NativeMethodAccessorImpl.invoke(NativeMethodAccessorImpl.java:62)
	at sun.reflect.DelegatingMethodAccessorImpl.invoke(DelegatingMethodAccessorImpl.java:43)
	at java.lang.reflect.Method.invoke(Method.java:498)
	at org.junit.runners.model.FrameworkMethod$1.runReflectiveCall(FrameworkMethod.java:59)
	at org.junit.internal.runners.model.ReflectiveCallable.run(ReflectiveCallable.java:12)
	at org.junit.runners.model.FrameworkMethod.invokeExplosively(FrameworkMethod.java:56)
	at org.junit.internal.runners.statements.InvokeMethod.evaluate(InvokeMethod.java:17)
	at org.junit.internal.runners.statements.RunBefores.evaluate(RunBefores.java:26)
	at org.junit.internal.runners.statements.RunAfters.evaluate(RunAfters.java:27)
	at org.junit.internal.runners.statements.FailOnTimeout$CallableStatement.call(FailOnTimeout.java:288)
	at org.junit.internal.runners.statements.FailOnTimeout$CallableStatement.call(FailOnTimeout.java:282)
	at java.util.concurrent.FutureTask.run(FutureTask.java:266)
	at java.lang.Thread.run(Thread.java:748)
</failure>
    <system-out><![CDATA[2021-03-08 02:05:07,674 [Time-limited test] WARN  server.ServerUtils (ServerUtils.java:getScmDbDir(148)) - ozone.scm.db.dirs is not configured. We recommend adding this setting. Falling back to ozone.metadata.dirs instead.
2021-03-08 02:05:07,676 [Time-limited test] WARN  server.ServerUtils (ServerUtils.java:getScmDbDir(148)) - ozone.scm.db.dirs is not configured. We recommend adding this setting. Falling back to ozone.metadata.dirs instead.
2021-03-08 02:05:07,677 [Time-limited test] WARN  db.DBStoreBuilder (DBStoreBuilder.java:applyDBDefinition(145)) - ozone.scm.db.dirs is not configured. We recommend adding this setting. Falling back to ozone.metadata.dirs instead.
2021-03-08 02:05:07,713 [Time-limited test] INFO  net.NodeSchemaLoader (NodeSchemaLoader.java:loadSchemaFromFile(129)) - Loading schema from [jar:file:/home/user/.m2/repository/org/apache/hadoop/hadoop-hdds-common/1.1.0-SNAPSHOT/hadoop-hdds-common-1.1.0-SNAPSHOT.jar!/network-topology-default.xml, jar:file:/home/user/.m2/repository/org/apache/hadoop/hadoop-ozone-ozone-manager/1.1.0-SNAPSHOT/hadoop-ozone-ozone-manager-1.1.0-SNAPSHOT-tests.jar!/network-topology-default.xml, jar:file:/home/user/.m2/repository/org/apache/hadoop/hadoop-hdds-server-scm/1.1.0-SNAPSHOT/hadoop-hdds-server-scm-1.1.0-SNAPSHOT-tests.jar!/network-topology-default.xml]
2021-03-08 02:05:07,714 [Time-limited test] INFO  net.NodeSchemaLoader (NodeSchemaLoader.java:loadSchema(176)) - Loading network topology layer schema file
2021-03-08 02:05:07,721 [Time-limited test] WARN  server.ServerUtils (ServerUtils.java:sanitizeUserArgs(67)) - ozone.scm.dead.node.interval value = 10000 is smaller than min = 20000 based on the key value of ozone.scm.stale.node.interval, reset to the min value 20000.
2021-03-08 02:05:07,722 [Time-limited test] INFO  node.SCMNodeManager (SCMNodeManager.java:<init>(123)) - Entering startup safe mode.
2021-03-08 02:05:07,722 [Time-limited test] INFO  algorithms.ContainerPlacementPolicyFactory (ContainerPlacementPolicyFactory.java:getPolicy(60)) - Create container placement policy of type org.apache.hadoop.hdds.scm.container.placement.algorithms.SCMContainerPlacementRandom
2021-03-08 02:05:07,723 [Time-limited test] INFO  algorithms.LeaderChoosePolicyFactory (LeaderChoosePolicyFactory.java:getPolicy(57)) - Create leader choose policy of type org.apache.hadoop.hdds.scm.pipeline.leader.choose.algorithms.MinLeaderCountChoosePolicy
2021-03-08 02:05:07,723 [Time-limited test] INFO  pipeline.SCMPipelineManager (SCMPipelineManager.java:initializePipelineState(161)) - No pipeline exists in current db
2021-03-08 02:05:07,723 [Time-limited test] INFO  algorithms.PipelineChoosePolicyFactory (PipelineChoosePolicyFactory.java:createPipelineChoosePolicyFromClass(73)) - Create pipeline choose policy of type org.apache.hadoop.hdds.scm.pipeline.choose.algorithms.RandomPipelineChoosePolicy
2021-03-08 02:05:07,724 [Time-limited test] INFO  safemode.HealthyPipelineSafeModeRule (HealthyPipelineSafeModeRule.java:<init>(89)) - Total pipeline count is 0, healthy pipeline threshold count is 0
2021-03-08 02:05:07,724 [Time-limited test] INFO  safemode.OneReplicaPipelineSafeModeRule (OneReplicaPipelineSafeModeRule.java:<init>(85)) - Total pipeline count is 0, pipeline's with at least one datanode reported threshold count is 0
2021-03-08 02:05:07,725 [Time-limited test] INFO  ipc.CallQueueManager (CallQueueManager.java:<init>(85)) - Using callQueue: class java.util.concurrent.LinkedBlockingQueue, queueCapacity: 2000, scheduler: class org.apache.hadoop.ipc.DefaultRpcScheduler, ipcBackoff: false.
2021-03-08 02:05:07,726 [Socket Reader #1 for port 0] INFO  ipc.Server (Server.java:run(1255)) - Starting Socket Reader #1 for port 0
2021-03-08 02:05:07,729 [Listener at 0.0.0.0/37553] INFO  ipc.CallQueueManager (CallQueueManager.java:<init>(85)) - Using callQueue: class java.util.concurrent.LinkedBlockingQueue, queueCapacity: 2000, scheduler: class org.apache.hadoop.ipc.DefaultRpcScheduler, ipcBackoff: false.
2021-03-08 02:05:07,736 [Socket Reader #1 for port 0] INFO  ipc.Server (Server.java:run(1255)) - Starting Socket Reader #1 for port 0
2021-03-08 02:05:07,742 [Listener at 0.0.0.0/44569] INFO  ipc.CallQueueManager (CallQueueManager.java:<init>(85)) - Using callQueue: class java.util.concurrent.LinkedBlockingQueue, queueCapacity: 2000, scheduler: class org.apache.hadoop.ipc.DefaultRpcScheduler, ipcBackoff: false.
2021-03-08 02:05:07,742 [Socket Reader #1 for port 0] INFO  ipc.Server (Server.java:run(1255)) - Starting Socket Reader #1 for port 0
2021-03-08 02:05:07,744 [Listener at 0.0.0.0/42429] INFO  server.StorageContainerManager (StorageContainerManager.java:start(810)) - StorageContainerLocationProtocol RPC server is listening at /0.0.0.0:42429
2021-03-08 02:05:07,745 [Listener at 0.0.0.0/42429] WARN  impl.MetricsConfig (MetricsConfig.java:loadFirst(136)) - Cannot locate configuration: tried hadoop-metrics2-storagecontainermanager.properties,hadoop-metrics2.properties
2021-03-08 02:05:07,746 [Listener at 0.0.0.0/42429] INFO  impl.MetricsSystemImpl (MetricsSystemImpl.java:startTimer(378)) - Scheduled Metric snapshot period at 10 second(s).
2021-03-08 02:05:07,746 [Listener at 0.0.0.0/42429] INFO  impl.MetricsSystemImpl (MetricsSystemImpl.java:start(191)) - StorageContainerManager metrics system started
2021-03-08 02:05:07,768 [Listener at 0.0.0.0/42429] INFO  impl.MetricsSinkAdapter (MetricsSinkAdapter.java:start(204)) - Sink prometheus started
2021-03-08 02:05:07,769 [Listener at 0.0.0.0/42429] INFO  impl.MetricsSystemImpl (MetricsSystemImpl.java:registerSink(305)) - Registered sink prometheus
2021-03-08 02:05:07,781 [Listener at 0.0.0.0/42429] INFO  server.SCMClientProtocolServer (SCMClientProtocolServer.java:start(161)) - RPC server for Client  is listening at /0.0.0.0:42429
2021-03-08 02:05:07,785 [IPC Server Responder] INFO  ipc.Server (Server.java:run(1497)) - IPC Server Responder: starting
2021-03-08 02:05:07,785 [IPC Server listener on 0] INFO  ipc.Server (Server.java:run(1334)) - IPC Server listener on 0: starting
2021-03-08 02:05:07,789 [Listener at 0.0.0.0/42429] INFO  server.StorageContainerManager (StorageContainerManager.java:start(822)) - ScmBlockLocationProtocol RPC server is listening at /0.0.0.0:44569
2021-03-08 02:05:07,789 [Listener at 0.0.0.0/42429] INFO  server.SCMBlockProtocolServer (SCMBlockProtocolServer.java:start(150)) - RPC server for Block Protocol is listening at /0.0.0.0:44569
2021-03-08 02:05:07,790 [IPC Server Responder] INFO  ipc.Server (Server.java:run(1497)) - IPC Server Responder: starting
2021-03-08 02:05:07,790 [IPC Server listener on 0] INFO  ipc.Server (Server.java:run(1334)) - IPC Server listener on 0: starting
2021-03-08 02:05:07,793 [Listener at 0.0.0.0/42429] INFO  server.StorageContainerManager (StorageContainerManager.java:start(828)) - ScmDatanodeProtocl RPC server is listening at /0.0.0.0:37553
2021-03-08 02:05:07,793 [Listener at 0.0.0.0/42429] INFO  server.SCMDatanodeProtocolServer (SCMDatanodeProtocolServer.java:start(174)) - RPC server for DataNodes is listening at /0.0.0.0:37553
2021-03-08 02:05:07,793 [IPC Server Responder] INFO  ipc.Server (Server.java:run(1497)) - IPC Server Responder: starting
2021-03-08 02:05:07,793 [IPC Server listener on 0] INFO  ipc.Server (Server.java:run(1334)) - IPC Server listener on 0: starting
2021-03-08 02:05:07,804 [Listener at 0.0.0.0/42429] INFO  http.BaseHttpServer (BaseHttpServer.java:newHttpServer2BuilderForOzone(207)) - Starting Web-server for scm at: http://0.0.0.0:0
2021-03-08 02:05:07,804 [Listener at 0.0.0.0/42429] INFO  http.BaseHttpServer (BaseHttpServer.java:<init>(106)) - Hadoop Security Enabled: false Ozone Security Enabled: false Ozone HTTP Security Enabled: false 
2021-03-08 02:05:07,805 [Listener at 0.0.0.0/42429] INFO  server.AuthenticationFilter (AuthenticationFilter.java:constructSecretProvider(240)) - Unable to initialize FileSignerSecretProvider, falling back to use random secrets.
2021-03-08 02:05:07,805 [Listener at 0.0.0.0/42429] WARN  http.HttpRequestLog (HttpRequestLog.java:getRequestLog(103)) - Jetty request log can only be enabled using Log4j
2021-03-08 02:05:07,806 [Listener at 0.0.0.0/42429] INFO  http.HttpServer2 (HttpServer2.java:addGlobalFilter(1020)) - Added global filter 'safety' (class=org.apache.hadoop.hdds.server.http.HttpServer2$QuotingInputFilter)
2021-03-08 02:05:07,806 [Listener at 0.0.0.0/42429] INFO  http.HttpServer2 (HttpServer2.java:addFilter(996)) - Added filter static_user_filter (class=org.apache.hadoop.http.lib.StaticUserWebFilter$StaticUserFilter) to context scm
2021-03-08 02:05:07,806 [Listener at 0.0.0.0/42429] INFO  http.HttpServer2 (HttpServer2.java:addFilter(1004)) - Added filter static_user_filter (class=org.apache.hadoop.http.lib.StaticUserWebFilter$StaticUserFilter) to context logs
2021-03-08 02:05:07,806 [Listener at 0.0.0.0/42429] INFO  http.HttpServer2 (HttpServer2.java:addFilter(1004)) - Added filter static_user_filter (class=org.apache.hadoop.http.lib.StaticUserWebFilter$StaticUserFilter) to context static
2021-03-08 02:05:07,807 [Listener at 0.0.0.0/42429] INFO  http.HttpServer2 (HttpServer2.java:bindListener(1238)) - Jetty bound to port 44859
2021-03-08 02:05:07,807 [Listener at 0.0.0.0/42429] INFO  server.Server (Server.java:doStart(375)) - jetty-9.4.35.v20201120; built: 2020-11-20T21:17:03.964Z; git: bdc54f03a5e0a7e280fab27f55c3c75ee8da89fb; jvm 1.8.0_232-b09
2021-03-08 02:05:07,808 [Listener at 0.0.0.0/42429] INFO  server.session (DefaultSessionIdManager.java:doStart(334)) - DefaultSessionIdManager workerName=node0
2021-03-08 02:05:07,808 [Listener at 0.0.0.0/42429] INFO  server.session (DefaultSessionIdManager.java:doStart(339)) - No SessionScavenger set, using defaults
2021-03-08 02:05:07,809 [Listener at 0.0.0.0/42429] INFO  server.session (HouseKeeper.java:startScavenging(132)) - node0 Scavenging every 600000ms
2021-03-08 02:05:07,809 [Listener at 0.0.0.0/42429] INFO  handler.ContextHandler (ContextHandler.java:doStart(916)) - Started o.e.j.s.ServletContextHandler@60803667{logs,/logs,file:///github/workspace/mnt/ozone/hadoop-ozone/integration-test/target/log,AVAILABLE}
2021-03-08 02:05:07,809 [Listener at 0.0.0.0/42429] INFO  handler.ContextHandler (ContextHandler.java:doStart(916)) - Started o.e.j.s.ServletContextHandler@13e26409{static,/static,file:///github/workspace/mnt/ozone/hadoop-ozone/integration-test/target/test-classes/webapps/static,AVAILABLE}
2021-03-08 02:05:07,812 [Listener at 0.0.0.0/42429] INFO  handler.ContextHandler (ContextHandler.java:doStart(916)) - Started o.e.j.w.WebAppContext@2e15eca5{scm,/,file:///github/workspace/mnt/ozone/hadoop-ozone/integration-test/target/test-classes/webapps/scm/,AVAILABLE}{file:/github/workspace/mnt/ozone/hadoop-ozone/integration-test/target/test-classes/webapps/scm}
2021-03-08 02:05:07,812 [org.apache.hadoop.util.JvmPauseMonitor$Monitor@4d0cffdd] INFO  util.JvmPauseMonitor (JvmPauseMonitor.java:run(188)) - Starting JVM pause monitor
2021-03-08 02:05:07,821 [Listener at 0.0.0.0/42429] INFO  server.AbstractConnector (AbstractConnector.java:doStart(331)) - Started ServerConnector@4b1be37b{HTTP/1.1, (http/1.1)}{0.0.0.0:44859}
2021-03-08 02:05:07,821 [Listener at 0.0.0.0/42429] INFO  server.Server (Server.java:doStart(415)) - Started @366561ms
2021-03-08 02:05:07,821 [Listener at 0.0.0.0/42429] WARN  impl.MetricsSystemImpl (MetricsSystemImpl.java:register(279)) - Sink prometheus already exists!
2021-03-08 02:05:07,824 [Listener at 0.0.0.0/42429] INFO  http.BaseHttpServer (BaseHttpServer.java:updateConnectorAddress(327)) - HTTP server of scm listening at http://0.0.0.0:44859
2021-03-08 02:05:07,824 [Listener at 0.0.0.0/42429] WARN  server.ServerUtils (ServerUtils.java:getDBPath(225)) - ozone.om.db.dirs is not configured. We recommend adding this setting. Falling back to ozone.metadata.dirs instead.
2021-03-08 02:05:07,825 [Listener at 0.0.0.0/42429] INFO  ha.OMHANodeDetails (OMHANodeDetails.java:loadOMHAConfig(104)) - ozone.om.internal.service.id is not defined, falling back to ozone.om.service.ids to find serviceID for OzoneManager if it is HA enabled cluster
2021-03-08 02:05:07,825 [Listener at 0.0.0.0/42429] INFO  ha.OMHANodeDetails (OMHANodeDetails.java:loadOMHAConfig(210)) - Configuration does not have ozone.om.address set. Falling back to the default OM address /127.0.0.1:0
2021-03-08 02:05:07,825 [Listener at 0.0.0.0/42429] INFO  ha.OMHANodeDetails (OMHANodeDetails.java:getOMNodeDetails(238)) - OM Service ID is not set. Setting it to the default ID: omServiceIdDefault
2021-03-08 02:05:07,825 [Listener at 0.0.0.0/42429] INFO  ha.OMHANodeDetails (OMHANodeDetails.java:getOMNodeDetails(245)) - OM Node ID is not set. Setting it to the default ID: om1
2021-03-08 02:05:07,825 [Listener at 0.0.0.0/42429] WARN  server.ServerUtils (ServerUtils.java:getDBPath(225)) - ozone.om.db.dirs is not configured. We recommend adding this setting. Falling back to ozone.metadata.dirs instead.
2021-03-08 02:05:07,826 [Listener at 0.0.0.0/42429] WARN  server.ServerUtils (ServerUtils.java:getDBPath(225)) - ozone.om.db.dirs is not configured. We recommend adding this setting. Falling back to ozone.metadata.dirs instead.
2021-03-08 02:05:07,839 [Listener at 0.0.0.0/42429] WARN  server.ServerUtils (ServerUtils.java:getDBPath(225)) - ozone.om.db.dirs is not configured. We recommend adding this setting. Falling back to ozone.metadata.dirs instead.
2021-03-08 02:05:07,839 [Listener at 0.0.0.0/42429] INFO  codec.OmKeyInfoCodec (OmKeyInfoCodec.java:<init>(43)) - OmKeyInfoCodec ignorePipeline = true
2021-03-08 02:05:07,839 [Listener at 0.0.0.0/42429] INFO  codec.RepeatedOmKeyInfoCodec (RepeatedOmKeyInfoCodec.java:<init>(42)) - RepeatedOmKeyInfoCodec ignorePipeline = true
2021-03-08 02:05:07,894 [Listener at 0.0.0.0/42429] INFO  om.OzoneManager (OzoneManager.java:addS3GVolumeToDB(3757)) - Created Volume s3v With Owner jenkins1001 required for S3Gateway operations.
2021-03-08 02:05:07,894 [Listener at 0.0.0.0/42429] WARN  server.ServerUtils (ServerUtils.java:getDefaultRatisDirectory(237)) - Storage directory for Ratis is not configured. It is a good idea to map this to an SSD disk. Falling back to ozone.metadata.dirs
2021-03-08 02:05:07,894 [Listener at 0.0.0.0/42429] WARN  ratis.OzoneManagerRatisServer (OzoneManagerRatisServer.java:getOMRatisSnapshotDirectory(632)) - ozone.om.ratis.snapshot.dir is not configured. Falling back to ozone.metadata.dirs config
2021-03-08 02:05:07,894 [Listener at 0.0.0.0/42429] WARN  server.ServerUtils (ServerUtils.java:getDefaultRatisDirectory(237)) - Storage directory for Ratis is not configured. It is a good idea to map this to an SSD disk. Falling back to ozone.metadata.dirs
2021-03-08 02:05:07,895 [Listener at 0.0.0.0/42429] INFO  ratis.OzoneManagerRatisServer (OzoneManagerRatisServer.java:<init>(286)) - Instantiating OM Ratis server with GroupID: omServiceIdDefault and Raft Peers: localhost:9872
2021-03-08 02:05:07,895 [Listener at 0.0.0.0/42429] INFO  ratis.OzoneManagerStateMachine (OzoneManagerStateMachine.java:loadSnapshotInfoFromDB(518)) - LastAppliedIndex is set from TransactionInfo from OM DB as (t:0, i:~)
2021-03-08 02:05:07,895 [Listener at 0.0.0.0/42429] INFO  server.RaftServer (ConfUtils.java:logGet(44)) - raft.rpc.type = GRPC (default)
2021-03-08 02:05:07,895 [Listener at 0.0.0.0/42429] INFO  grpc.GrpcFactory (GrpcFactory.java:checkPooledByteBufAllocatorUseCacheForAllThreads(48)) - PERFORMANCE WARNING: useCacheForAllThreads is true that may cause Netty to create a lot garbage objects and, as a result, trigger GC.
	It is recommended to disable useCacheForAllThreads by setting -Dorg.apache.ratis.thirdparty.io.netty.allocator.useCacheForAllThreads=false in command line.
2021-03-08 02:05:07,896 [Listener at 0.0.0.0/42429] INFO  grpc.GrpcConfigKeys (ConfUtils.java:logGet(44)) - raft.grpc.admin.port = -1 (default)
2021-03-08 02:05:07,896 [Listener at 0.0.0.0/42429] INFO  grpc.GrpcConfigKeys (ConfUtils.java:logGet(44)) - raft.grpc.server.port = 9872 (custom)
2021-03-08 02:05:07,896 [Listener at 0.0.0.0/42429] INFO  grpc.GrpcConfigKeys (ConfUtils.java:logGet(44)) - raft.grpc.client.port = -1 (default)
2021-03-08 02:05:07,896 [Listener at 0.0.0.0/42429] INFO  grpc.GrpcConfigKeys (ConfUtils.java:logGet(44)) - raft.grpc.server.port = 9872 (custom)
2021-03-08 02:05:07,896 [Listener at 0.0.0.0/42429] INFO  grpc.GrpcConfigKeys (ConfUtils.java:logGet(44)) - raft.grpc.server.port = 9872 (custom)
2021-03-08 02:05:07,896 [Listener at 0.0.0.0/42429] INFO  server.GrpcService (ConfUtils.java:logGet(44)) - raft.grpc.message.size.max = 33554432 (custom)
2021-03-08 02:05:07,896 [Listener at 0.0.0.0/42429] INFO  server.RaftServerConfigKeys (ConfUtils.java:logGet(44)) - raft.server.log.appender.buffer.byte-limit = 33554432 (custom)
2021-03-08 02:05:07,896 [Listener at 0.0.0.0/42429] INFO  server.GrpcService (ConfUtils.java:logGet(44)) - raft.grpc.flow.control.window = 1MB (=1048576) (default)
2021-03-08 02:05:07,896 [Listener at 0.0.0.0/42429] INFO  server.RaftServerConfigKeys (ConfUtils.java:logGet(44)) - raft.server.rpc.request.timeout = 3000ms (default)
2021-03-08 02:05:07,897 [Listener at 0.0.0.0/42429] INFO  impl.DataStreamServerImpl (ConfUtils.java:logGet(44)) - raft.datastream.type = DISABLED (default)
2021-03-08 02:05:07,897 [Listener at 0.0.0.0/42429] INFO  server.RaftServerConfigKeys (ConfUtils.java:logGet(44)) - raft.server.rpc.slowness.timeout = 120s (custom)
2021-03-08 02:05:07,898 [Listener at 0.0.0.0/42429] INFO  server.RaftServerConfigKeys (ConfUtils.java:logGet(44)) - raft.server.leaderelection.leader.step-down.wait-time = 10s (default)
2021-03-08 02:05:07,898 [Listener at 0.0.0.0/42429] INFO  server.RaftServerConfigKeys (ConfUtils.java:logGet(44)) - raft.server.storage.dir = [/github/workspace/mnt/ozone/hadoop-ozone/integration-test/target/test-dir/MiniOzoneClusterImpl-ccaa8949-4e5a-4858-a1f5-413699190f1a/ozone-meta/ratis] (custom)
2021-03-08 02:05:07,898 [Listener at 0.0.0.0/42429] INFO  server.RaftServer (RaftServerProxy.java:addNew(95)) - om1: addNew group-C5BA1605619E:[om1|rpc:localhost:9872|priority:0] returns group-C5BA1605619E:java.util.concurrent.CompletableFuture@2ea41711[Not completed]
2021-03-08 02:05:07,898 [Listener at 0.0.0.0/42429] INFO  om.OzoneManager (OzoneManager.java:initializeRatisServer(1336)) - OzoneManager Ratis server initialized at port 9872
2021-03-08 02:05:07,898 [pool-1006-thread-1] INFO  server.RaftServer$Division (RaftServerImpl.java:<init>(180)) - om1: new RaftServerImpl for group-C5BA1605619E:[om1|rpc:localhost:9872|priority:0] with OzoneManagerStateMachine:uninitialized
2021-03-08 02:05:07,905 [pool-1006-thread-1] INFO  server.RaftServerConfigKeys (ConfUtils.java:logGet(44)) - raft.server.rpc.timeout.min = 1s (custom)
2021-03-08 02:05:07,905 [pool-1006-thread-1] INFO  server.RaftServerConfigKeys (ConfUtils.java:logGet(44)) - raft.server.rpc.timeout.max = 1200ms (custom)
2021-03-08 02:05:07,905 [pool-1006-thread-1] INFO  server.RaftServerConfigKeys (ConfUtils.java:logGet(44)) - raft.server.rpc.sleep.time = 25ms (default)
2021-03-08 02:05:07,905 [pool-1006-thread-1] INFO  server.RaftServerConfigKeys (ConfUtils.java:logGet(44)) - raft.server.rpc.slowness.timeout = 120s (custom)
2021-03-08 02:05:07,906 [pool-1006-thread-1] INFO  server.RaftServerConfigKeys (ConfUtils.java:logGet(44)) - raft.server.leaderelection.leader.step-down.wait-time = 10s (default)
2021-03-08 02:05:07,906 [pool-1006-thread-1] INFO  server.RaftServerConfigKeys (ConfUtils.java:logGet(44)) - raft.server.sleep.deviation.threshold = 300ms (default)
2021-03-08 02:05:07,906 [pool-1006-thread-1] INFO  server.RaftServerConfigKeys (ConfUtils.java:logGet(44)) - raft.server.log.appender.install.snapshot.enabled = false (custom)
2021-03-08 02:05:07,906 [pool-1006-thread-1] INFO  server.RaftServer$Division (ServerState.java:<init>(105)) - om1@group-C5BA1605619E: ConfigurationManager, init=-1: [om1|rpc:localhost:9872|priority:0], old=null, confs=<EMPTY_MAP>
2021-03-08 02:05:07,906 [pool-1006-thread-1] INFO  server.RaftServerConfigKeys (ConfUtils.java:logGet(44)) - raft.server.storage.dir = [/github/workspace/mnt/ozone/hadoop-ozone/integration-test/target/test-dir/MiniOzoneClusterImpl-ccaa8949-4e5a-4858-a1f5-413699190f1a/ozone-meta/ratis] (custom)
2021-03-08 02:05:07,906 [pool-1006-thread-1] INFO  server.RaftServerConfigKeys (ConfUtils.java:logGet(44)) - raft.server.log.corruption.policy = EXCEPTION (default)
2021-03-08 02:05:07,906 [pool-1006-thread-1] INFO  storage.RaftStorageDirectory (RaftStorageDirectoryImpl.java:analyzeStorage(132)) - The storage directory /github/workspace/mnt/ozone/hadoop-ozone/integration-test/target/test-dir/MiniOzoneClusterImpl-ccaa8949-4e5a-4858-a1f5-413699190f1a/ozone-meta/ratis/bf265839-605b-3f16-9796-c5ba1605619e does not exist. Creating ...
2021-03-08 02:05:07,907 [pool-1006-thread-1] INFO  storage.RaftStorageDirectory (RaftStorageDirectoryImpl.java:tryLock(215)) - Lock on /github/workspace/mnt/ozone/hadoop-ozone/integration-test/target/test-dir/MiniOzoneClusterImpl-ccaa8949-4e5a-4858-a1f5-413699190f1a/ozone-meta/ratis/bf265839-605b-3f16-9796-c5ba1605619e/in_use.lock acquired by nodename 32215@55665278a03a
2021-03-08 02:05:07,908 [pool-1006-thread-1] INFO  storage.RaftStorage (RaftStorageImpl.java:format(87)) - Storage directory /github/workspace/mnt/ozone/hadoop-ozone/integration-test/target/test-dir/MiniOzoneClusterImpl-ccaa8949-4e5a-4858-a1f5-413699190f1a/ozone-meta/ratis/bf265839-605b-3f16-9796-c5ba1605619e has been successfully formatted.
2021-03-08 02:05:07,908 [pool-1006-thread-1] ERROR storage.RaftStorage (RaftStorageImpl.java:readRaftConfiguration(147)) - Failed reading configuration from file:/github/workspace/mnt/ozone/hadoop-ozone/integration-test/target/test-dir/MiniOzoneClusterImpl-ccaa8949-4e5a-4858-a1f5-413699190f1a/ozone-meta/ratis/bf265839-605b-3f16-9796-c5ba1605619e/current/raft-meta.conf
java.io.FileNotFoundException: /github/workspace/mnt/ozone/hadoop-ozone/integration-test/target/test-dir/MiniOzoneClusterImpl-ccaa8949-4e5a-4858-a1f5-413699190f1a/ozone-meta/ratis/bf265839-605b-3f16-9796-c5ba1605619e/current/raft-meta.conf (No such file or directory)
	at java.io.FileInputStream.open0(Native Method)
	at java.io.FileInputStream.open(FileInputStream.java:195)
	at java.io.FileInputStream.<init>(FileInputStream.java:138)
	at org.apache.ratis.server.storage.RaftStorageImpl.readRaftConfiguration(RaftStorageImpl.java:143)
	at org.apache.ratis.server.impl.ServerState.<init>(ServerState.java:122)
	at org.apache.ratis.server.impl.RaftServerImpl.<init>(RaftServerImpl.java:193)
	at org.apache.ratis.server.impl.RaftServerProxy.lambda$newRaftServerImpl$4(RaftServerProxy.java:266)
	at java.util.concurrent.CompletableFuture$AsyncSupply.run(CompletableFuture.java:1604)
	at java.util.concurrent.ThreadPoolExecutor.runWorker(ThreadPoolExecutor.java:1149)
	at java.util.concurrent.ThreadPoolExecutor$Worker.run(ThreadPoolExecutor.java:624)
	at java.lang.Thread.run(Thread.java:748)
2021-03-08 02:05:07,908 [pool-1006-thread-1] INFO  server.RaftServerConfigKeys (ConfUtils.java:logGet(44)) - raft.server.notification.no-leader.timeout = 120s (custom)
2021-03-08 02:05:07,908 [pool-1006-thread-1] INFO  server.RaftServerConfigKeys (ConfUtils.java:logGet(44)) - raft.server.log.use.memory = false (default)
2021-03-08 02:05:07,915 [pool-1006-thread-1] INFO  server.RaftServerConfigKeys (ConfUtils.java:logGet(44)) - raft.server.log.purge.gap = 1000000 (custom)
2021-03-08 02:05:07,915 [pool-1006-thread-1] INFO  server.RaftServerConfigKeys (ConfUtils.java:logGet(44)) - raft.server.log.appender.buffer.byte-limit = 33554432 (custom)
2021-03-08 02:05:07,915 [pool-1006-thread-1] INFO  metrics.RatisMetrics (RatisMetrics.java:lambda$create$0(36)) - Creating Metrics Registry : ratis.log_worker.om1@group-C5BA1605619E
2021-03-08 02:05:07,915 [pool-1006-thread-1] INFO  server.RaftServerConfigKeys (ConfUtils.java:logGet(44)) - raft.server.log.segment.size.max = 4194304 (custom)
2021-03-08 02:05:07,916 [pool-1006-thread-1] INFO  server.RaftServerConfigKeys (ConfUtils.java:logGet(44)) - raft.server.log.segment.cache.num.max = 2 (custom)
2021-03-08 02:05:07,916 [pool-1006-thread-1] INFO  server.RaftServerConfigKeys (ConfUtils.java:logGet(44)) - raft.server.log.segment.cache.size.max = 200MB (=209715200) (default)
2021-03-08 02:05:07,917 [pool-1006-thread-1] INFO  segmented.SegmentedRaftLogWorker (SegmentedRaftLogWorker.java:<init>(181)) - new om1@group-C5BA1605619E-SegmentedRaftLogWorker for RaftStorageImpl:Storage Directory /github/workspace/mnt/ozone/hadoop-ozone/integration-test/target/test-dir/MiniOzoneClusterImpl-ccaa8949-4e5a-4858-a1f5-413699190f1a/ozone-meta/ratis/bf265839-605b-3f16-9796-c5ba1605619e
2021-03-08 02:05:07,917 [pool-1006-thread-1] INFO  server.RaftServerConfigKeys (ConfUtils.java:logGet(44)) - raft.server.log.queue.byte-limit = 64MB (=67108864) (default)
2021-03-08 02:05:07,917 [pool-1006-thread-1] INFO  server.RaftServerConfigKeys (ConfUtils.java:logGet(44)) - raft.server.log.queue.element-limit = 4096 (default)
2021-03-08 02:05:07,919 [pool-1006-thread-1] INFO  server.RaftServerConfigKeys (ConfUtils.java:logGet(44)) - raft.server.log.segment.size.max = 4194304 (custom)
2021-03-08 02:05:07,919 [pool-1006-thread-1] INFO  server.RaftServerConfigKeys (ConfUtils.java:logGet(44)) - raft.server.log.preallocated.size = 4194304 (custom)
2021-03-08 02:05:07,919 [pool-1006-thread-1] INFO  server.RaftServerConfigKeys (ConfUtils.java:logGet(44)) - raft.server.log.force.sync.num = 128 (default)
2021-03-08 02:05:07,919 [Listener at 0.0.0.0/42429] INFO  ipc.CallQueueManager (CallQueueManager.java:<init>(85)) - Using callQueue: class java.util.concurrent.LinkedBlockingQueue, queueCapacity: 2000, scheduler: class org.apache.hadoop.ipc.DefaultRpcScheduler, ipcBackoff: false.
2021-03-08 02:05:07,920 [pool-1006-thread-1] INFO  server.RaftServerConfigKeys (ConfUtils.java:logGet(44)) - raft.server.log.statemachine.data.sync = true (default)
2021-03-08 02:05:07,920 [pool-1006-thread-1] INFO  server.RaftServerConfigKeys (ConfUtils.java:logGet(44)) - raft.server.log.statemachine.data.sync.timeout = 10s (default)
2021-03-08 02:05:07,920 [pool-1006-thread-1] INFO  server.RaftServerConfigKeys (ConfUtils.java:logGet(44)) - raft.server.log.statemachine.data.sync.timeout.retry = -1 (default)
2021-03-08 02:05:07,922 [pool-1006-thread-1] INFO  server.RaftServerConfigKeys (ConfUtils.java:logGet(44)) - raft.server.log.write.buffer.size = 64KB (=65536) (default)
2021-03-08 02:05:07,922 [pool-1006-thread-1] INFO  server.RaftServerConfigKeys (ConfUtils.java:logGet(44)) - raft.server.log.statemachine.data.caching.enabled = false (default)
2021-03-08 02:05:07,922 [pool-1006-thread-1] INFO  segmented.SegmentedRaftLogWorker (SegmentedRaftLogWorker.java:lambda$new$0(132)) - om1@group-C5BA1605619E-SegmentedRaftLogWorker: flushIndex: setUnconditionally 0 -> -1
2021-03-08 02:05:07,923 [pool-1006-thread-1] INFO  segmented.SegmentedRaftLogWorker (SegmentedRaftLogWorker.java:lambda$new$0(132)) - om1@group-C5BA1605619E-SegmentedRaftLogWorker: safeCacheEvictIndex: setUnconditionally 0 -> -1
2021-03-08 02:05:07,923 [Socket Reader #1 for port 0] INFO  ipc.Server (Server.java:run(1255)) - Starting Socket Reader #1 for port 0
2021-03-08 02:05:07,933 [pool-1006-thread-1] INFO  server.RaftServerConfigKeys (ConfUtils.java:logGet(44)) - raft.server.snapshot.auto.trigger.enabled = true (custom)
2021-03-08 02:05:07,933 [pool-1006-thread-1] INFO  server.RaftServerConfigKeys (ConfUtils.java:logGet(44)) - raft.server.snapshot.auto.trigger.threshold = 400000 (default)
2021-03-08 02:05:07,933 [pool-1006-thread-1] INFO  server.RaftServerConfigKeys (ConfUtils.java:logGet(44)) - raft.server.snapshot.retention.file.num = -1 (default)
2021-03-08 02:05:07,933 [pool-1006-thread-1] INFO  server.RaftServerConfigKeys (ConfUtils.java:logGet(44)) - raft.server.log.purge.upto.snapshot.index = true (custom)
2021-03-08 02:05:07,933 [pool-1006-thread-1] INFO  server.RaftServerConfigKeys (ConfUtils.java:logGet(44)) - raft.server.retrycache.expirytime = 300s (custom)
2021-03-08 02:05:07,933 [pool-1006-thread-1] INFO  server.RaftServerConfigKeys (ConfUtils.java:logGet(44)) - raft.server.retrycache.statistics.expirytime = 100?s (default)
2021-03-08 02:05:07,933 [pool-1006-thread-1] INFO  metrics.RatisMetrics (RatisMetrics.java:lambda$create$0(36)) - Creating Metrics Registry : ratis.leader_election.om1@group-C5BA1605619E
2021-03-08 02:05:07,934 [pool-1006-thread-1] INFO  metrics.RatisMetrics (RatisMetrics.java:lambda$create$0(36)) - Creating Metrics Registry : ratis.server.om1@group-C5BA1605619E
2021-03-08 02:05:07,948 [Listener at 127.0.0.1/34517] INFO  impl.MetricsSystemImpl (MetricsSystemImpl.java:init(158)) - OzoneManager metrics system started (again)
2021-03-08 02:05:07,949 [Listener at 127.0.0.1/34517] INFO  om.OzoneManager (OzoneManager.java:start(1155)) - OzoneManager RPC server is listening at localhost/127.0.0.1:34517
2021-03-08 02:05:07,949 [Listener at 127.0.0.1/34517] INFO  ratis.OzoneManagerRatisServer (OzoneManagerRatisServer.java:start(386)) - Starting OzoneManagerRatisServer om1 at port 9872
2021-03-08 02:05:07,949 [Listener at 127.0.0.1/34517] INFO  server.RaftServer$Division (RaftServerImpl.java:start(295)) - om1@group-C5BA1605619E: start as a follower, conf=-1: [om1|rpc:localhost:9872|priority:0], old=null
2021-03-08 02:05:07,949 [Listener at 127.0.0.1/34517] INFO  server.RaftServer$Division (RaftServerImpl.java:setRole(284)) - om1@group-C5BA1605619E: changes role from      null to FOLLOWER at term 0 for startAsFollower
2021-03-08 02:05:07,949 [Listener at 127.0.0.1/34517] INFO  impl.RoleInfo (RoleInfo.java:updateAndGet(130)) - om1: start om1@group-C5BA1605619E-FollowerState
2021-03-08 02:05:07,949 [Listener at 127.0.0.1/34517] INFO  util.JmxRegister (JmxRegister.java:tryRegister(44)) - Successfully registered JMX Bean with object name Ratis:service=RaftServer,group=group-C5BA1605619E,id=om1
2021-03-08 02:05:07,950 [Listener at 127.0.0.1/34517] INFO  metrics.RatisMetrics (RatisMetrics.java:lambda$create$0(36)) - Creating Metrics Registry : ratis.state_machine.om1@group-C5BA1605619E
2021-03-08 02:05:07,951 [Listener at 127.0.0.1/34517] INFO  server.RaftServer (RaftServerProxy.java:lambda$start$5(374)) - om1: start RPC server
2021-03-08 02:05:07,951 [Listener at 127.0.0.1/34517] INFO  server.GrpcService (GrpcService.java:startImpl(253)) - om1: GrpcService started, listening on 9872
2021-03-08 02:05:07,952 [org.apache.ratis.util.JvmPauseMonitor$$Lambda$504/1646982022@620b36c2] INFO  util.JvmPauseMonitor (JvmPauseMonitor.java:run(103)) - JvmPauseMonitor-om1: Started
2021-03-08 02:05:07,982 [Listener at 127.0.0.1/34517] INFO  http.BaseHttpServer (BaseHttpServer.java:newHttpServer2BuilderForOzone(207)) - Starting Web-server for ozoneManager at: http://0.0.0.0:0
2021-03-08 02:05:07,982 [Listener at 127.0.0.1/34517] INFO  http.BaseHttpServer (BaseHttpServer.java:<init>(106)) - Hadoop Security Enabled: false Ozone Security Enabled: false Ozone HTTP Security Enabled: false 
2021-03-08 02:05:07,983 [Listener at 127.0.0.1/34517] INFO  server.AuthenticationFilter (AuthenticationFilter.java:constructSecretProvider(240)) - Unable to initialize FileSignerSecretProvider, falling back to use random secrets.
2021-03-08 02:05:07,983 [Listener at 127.0.0.1/34517] WARN  http.HttpRequestLog (HttpRequestLog.java:getRequestLog(103)) - Jetty request log can only be enabled using Log4j
2021-03-08 02:05:07,984 [Listener at 127.0.0.1/34517] INFO  http.HttpServer2 (HttpServer2.java:addGlobalFilter(1020)) - Added global filter 'safety' (class=org.apache.hadoop.hdds.server.http.HttpServer2$QuotingInputFilter)
2021-03-08 02:05:07,984 [Listener at 127.0.0.1/34517] INFO  http.HttpServer2 (HttpServer2.java:addFilter(996)) - Added filter static_user_filter (class=org.apache.hadoop.http.lib.StaticUserWebFilter$StaticUserFilter) to context ozoneManager
2021-03-08 02:05:07,984 [Listener at 127.0.0.1/34517] INFO  http.HttpServer2 (HttpServer2.java:addFilter(1004)) - Added filter static_user_filter (class=org.apache.hadoop.http.lib.StaticUserWebFilter$StaticUserFilter) to context logs
2021-03-08 02:05:07,984 [Listener at 127.0.0.1/34517] INFO  http.HttpServer2 (HttpServer2.java:addFilter(1004)) - Added filter static_user_filter (class=org.apache.hadoop.http.lib.StaticUserWebFilter$StaticUserFilter) to context static
2021-03-08 02:05:07,985 [Listener at 127.0.0.1/34517] INFO  http.HttpServer2 (HttpServer2.java:bindListener(1238)) - Jetty bound to port 35329
2021-03-08 02:05:07,985 [Listener at 127.0.0.1/34517] INFO  server.Server (Server.java:doStart(375)) - jetty-9.4.35.v20201120; built: 2020-11-20T21:17:03.964Z; git: bdc54f03a5e0a7e280fab27f55c3c75ee8da89fb; jvm 1.8.0_232-b09
2021-03-08 02:05:07,986 [Listener at 127.0.0.1/34517] INFO  server.session (DefaultSessionIdManager.java:doStart(334)) - DefaultSessionIdManager workerName=node0
2021-03-08 02:05:07,986 [Listener at 127.0.0.1/34517] INFO  server.session (DefaultSessionIdManager.java:doStart(339)) - No SessionScavenger set, using defaults
2021-03-08 02:05:07,986 [Listener at 127.0.0.1/34517] INFO  server.session (HouseKeeper.java:startScavenging(132)) - node0 Scavenging every 660000ms
2021-03-08 02:05:07,987 [Listener at 127.0.0.1/34517] INFO  handler.ContextHandler (ContextHandler.java:doStart(916)) - Started o.e.j.s.ServletContextHandler@38d67ab3{logs,/logs,file:///github/workspace/mnt/ozone/hadoop-ozone/integration-test/target/log,AVAILABLE}
2021-03-08 02:05:07,987 [Listener at 127.0.0.1/34517] INFO  handler.ContextHandler (ContextHandler.java:doStart(916)) - Started o.e.j.s.ServletContextHandler@3704fa9e{static,/static,file:///github/workspace/mnt/ozone/hadoop-ozone/integration-test/target/test-classes/webapps/static,AVAILABLE}
2021-03-08 02:05:07,989 [Listener at 127.0.0.1/34517] INFO  handler.ContextHandler (ContextHandler.java:doStart(916)) - Started o.e.j.w.WebAppContext@3b0cee11{ozoneManager,/,file:///github/workspace/mnt/ozone/hadoop-ozone/integration-test/target/test-classes/webapps/ozoneManager/,AVAILABLE}{file:/github/workspace/mnt/ozone/hadoop-ozone/integration-test/target/test-classes/webapps/ozoneManager}
2021-03-08 02:05:07,990 [Listener at 127.0.0.1/34517] INFO  server.AbstractConnector (AbstractConnector.java:doStart(331)) - Started ServerConnector@4cc389b3{HTTP/1.1, (http/1.1)}{0.0.0.0:35329}
2021-03-08 02:05:07,990 [Listener at 127.0.0.1/34517] INFO  server.Server (Server.java:doStart(415)) - Started @366731ms
2021-03-08 02:05:07,990 [Listener at 127.0.0.1/34517] WARN  impl.MetricsSystemImpl (MetricsSystemImpl.java:register(279)) - Sink prometheus already exists!
2021-03-08 02:05:08,019 [Listener at 127.0.0.1/34517] INFO  http.BaseHttpServer (BaseHttpServer.java:updateConnectorAddress(327)) - HTTP server of ozoneManager listening at http://0.0.0.0:35329
2021-03-08 02:05:08,019 [IPC Server Responder] INFO  ipc.Server (Server.java:run(1497)) - IPC Server Responder: starting
2021-03-08 02:05:08,021 [IPC Server listener on 0] INFO  ipc.Server (Server.java:run(1334)) - IPC Server listener on 0: starting
2021-03-08 02:05:08,030 [Listener at 127.0.0.1/34517] INFO  om.OzoneManager (OzoneManager.java:startTrashEmptier(1276)) - Trash Interval set to 0. Files deleted will not move to trash
2021-03-08 02:05:08,041 [org.apache.hadoop.util.JvmPauseMonitor$Monitor@405e6766] INFO  util.JvmPauseMonitor (JvmPauseMonitor.java:run(188)) - Starting JVM pause monitor
2021-03-08 02:05:08,044 [Listener at 127.0.0.1/34517] INFO  impl.MetricsSystemImpl (MetricsSystemImpl.java:init(158)) - HddsDatanode metrics system started (again)
2021-03-08 02:05:08,046 [Listener at 127.0.0.1/34517] INFO  ozone.HddsDatanodeService (HddsDatanodeService.java:start(217)) - HddsDatanodeService host:55665278a03a ip:172.17.0.2
2021-03-08 02:05:08,047 [Listener at 127.0.0.1/34517] INFO  volume.HddsVolume (HddsVolume.java:<init>(176)) - Creating Volume: /github/workspace/mnt/ozone/hadoop-ozone/integration-test/target/test-dir/MiniOzoneClusterImpl-ccaa8949-4e5a-4858-a1f5-413699190f1a/datanode-0/data-0/containers/hdds of storage type : DISK and capacity : 9223372036854775807
2021-03-08 02:05:08,047 [Listener at 127.0.0.1/34517] INFO  volume.MutableVolumeSet (MutableVolumeSet.java:initializeVolumeSet(179)) - Added Volume : /github/workspace/mnt/ozone/hadoop-ozone/integration-test/target/test-dir/MiniOzoneClusterImpl-ccaa8949-4e5a-4858-a1f5-413699190f1a/datanode-0/data-0/containers/hdds to VolumeSet
2021-03-08 02:05:08,047 [Listener at 127.0.0.1/34517] INFO  volume.ThrottledAsyncChecker (ThrottledAsyncChecker.java:schedule(141)) - Scheduling a check for /github/workspace/mnt/ozone/hadoop-ozone/integration-test/target/test-dir/MiniOzoneClusterImpl-ccaa8949-4e5a-4858-a1f5-413699190f1a/datanode-0/data-0/containers/hdds
2021-03-08 02:05:08,048 [Listener at 127.0.0.1/34517] INFO  volume.HddsVolumeChecker (HddsVolumeChecker.java:checkAllVolumes(200)) - Scheduled health check for volume /github/workspace/mnt/ozone/hadoop-ozone/integration-test/target/test-dir/MiniOzoneClusterImpl-ccaa8949-4e5a-4858-a1f5-413699190f1a/datanode-0/data-0/containers/hdds
2021-03-08 02:05:08,059 [Thread-4160] INFO  ozoneimpl.ContainerReader (ContainerReader.java:readVolume(125)) - Start to verify containers on volume /github/workspace/mnt/ozone/hadoop-ozone/integration-test/target/test-dir/MiniOzoneClusterImpl-ccaa8949-4e5a-4858-a1f5-413699190f1a/datanode-0/data-0/containers/hdds
2021-03-08 02:05:08,059 [Thread-4160] INFO  ozoneimpl.ContainerReader (ContainerReader.java:readVolume(150)) - Finish verifying containers on volume /github/workspace/mnt/ozone/hadoop-ozone/integration-test/target/test-dir/MiniOzoneClusterImpl-ccaa8949-4e5a-4858-a1f5-413699190f1a/datanode-0/data-0/containers/hdds
2021-03-08 02:05:08,059 [Listener at 127.0.0.1/34517] INFO  ozoneimpl.OzoneContainer (OzoneContainer.java:buildContainerSet(206)) - Build ContainerSet costs 0s
2021-03-08 02:05:08,061 [Listener at 127.0.0.1/34517] INFO  server.RaftServer (ConfUtils.java:logGet(44)) - raft.rpc.type = GRPC (default)
2021-03-08 02:05:08,061 [Listener at 127.0.0.1/34517] INFO  grpc.GrpcFactory (GrpcFactory.java:checkPooledByteBufAllocatorUseCacheForAllThreads(48)) - PERFORMANCE WARNING: useCacheForAllThreads is true that may cause Netty to create a lot garbage objects and, as a result, trigger GC.
	It is recommended to disable useCacheForAllThreads by setting -Dorg.apache.ratis.thirdparty.io.netty.allocator.useCacheForAllThreads=false in command line.
2021-03-08 02:05:08,061 [Listener at 127.0.0.1/34517] INFO  grpc.GrpcConfigKeys (ConfUtils.java:logGet(44)) - raft.grpc.admin.port = 0 (custom)
2021-03-08 02:05:08,061 [Listener at 127.0.0.1/34517] INFO  grpc.GrpcConfigKeys (ConfUtils.java:logGet(44)) - raft.grpc.client.port = 0 (custom)
2021-03-08 02:05:08,061 [Listener at 127.0.0.1/34517] INFO  grpc.GrpcConfigKeys (ConfUtils.java:logGet(44)) - raft.grpc.server.port = 0 (default)
2021-03-08 02:05:08,062 [Listener at 127.0.0.1/34517] INFO  server.GrpcService (ConfUtils.java:logGet(44)) - raft.grpc.message.size.max = 32MB (=33554432) (custom)
2021-03-08 02:05:08,062 [Listener at 127.0.0.1/34517] INFO  server.RaftServerConfigKeys (ConfUtils.java:logGet(44)) - raft.server.log.appender.buffer.byte-limit = 33554432 (custom)
2021-03-08 02:05:08,062 [Listener at 127.0.0.1/34517] INFO  server.GrpcService (ConfUtils.java:logGet(44)) - raft.grpc.flow.control.window = 5MB (=5242880) (custom)
2021-03-08 02:05:08,062 [Listener at 127.0.0.1/34517] INFO  server.RaftServerConfigKeys (ConfUtils.java:logGet(44)) - raft.server.rpc.request.timeout = 3000ms (default)
2021-03-08 02:05:08,063 [Listener at 127.0.0.1/34517] INFO  impl.DataStreamServerImpl (ConfUtils.java:logGet(44)) - raft.datastream.type = DISABLED (default)
2021-03-08 02:05:08,063 [Listener at 127.0.0.1/34517] INFO  server.RaftServerConfigKeys (ConfUtils.java:logGet(44)) - raft.server.rpc.slowness.timeout = 300000ms (custom)
2021-03-08 02:05:08,063 [Listener at 127.0.0.1/34517] INFO  server.RaftServerConfigKeys (ConfUtils.java:logGet(44)) - raft.server.leaderelection.leader.step-down.wait-time = 10s (default)
2021-03-08 02:05:08,063 [Listener at 127.0.0.1/34517] INFO  server.RaftServerConfigKeys (ConfUtils.java:logGet(44)) - raft.server.storage.dir = [/github/workspace/mnt/ozone/hadoop-ozone/integration-test/target/test-dir/MiniOzoneClusterImpl-ccaa8949-4e5a-4858-a1f5-413699190f1a/datanode-0/data/ratis] (custom)
2021-03-08 02:05:08,068 [Listener at 127.0.0.1/34517] INFO  http.BaseHttpServer (BaseHttpServer.java:newHttpServer2BuilderForOzone(207)) - Starting Web-server for hddsDatanode at: http://0.0.0.0:0
2021-03-08 02:05:08,068 [Listener at 127.0.0.1/34517] INFO  http.BaseHttpServer (BaseHttpServer.java:<init>(106)) - Hadoop Security Enabled: false Ozone Security Enabled: false Ozone HTTP Security Enabled: false 
2021-03-08 02:05:08,070 [Listener at 127.0.0.1/34517] INFO  server.AuthenticationFilter (AuthenticationFilter.java:constructSecretProvider(240)) - Unable to initialize FileSignerSecretProvider, falling back to use random secrets.
2021-03-08 02:05:08,070 [Listener at 127.0.0.1/34517] WARN  http.HttpRequestLog (HttpRequestLog.java:getRequestLog(103)) - Jetty request log can only be enabled using Log4j
2021-03-08 02:05:08,071 [Listener at 127.0.0.1/34517] INFO  http.HttpServer2 (HttpServer2.java:addGlobalFilter(1020)) - Added global filter 'safety' (class=org.apache.hadoop.hdds.server.http.HttpServer2$QuotingInputFilter)
2021-03-08 02:05:08,071 [Listener at 127.0.0.1/34517] INFO  http.HttpServer2 (HttpServer2.java:addFilter(996)) - Added filter static_user_filter (class=org.apache.hadoop.http.lib.StaticUserWebFilter$StaticUserFilter) to context hddsDatanode
2021-03-08 02:05:08,071 [Listener at 127.0.0.1/34517] INFO  http.HttpServer2 (HttpServer2.java:addFilter(1004)) - Added filter static_user_filter (class=org.apache.hadoop.http.lib.StaticUserWebFilter$StaticUserFilter) to context static
2021-03-08 02:05:08,071 [Listener at 127.0.0.1/34517] INFO  http.HttpServer2 (HttpServer2.java:addFilter(1004)) - Added filter static_user_filter (class=org.apache.hadoop.http.lib.StaticUserWebFilter$StaticUserFilter) to context logs
2021-03-08 02:05:08,072 [Listener at 127.0.0.1/34517] INFO  http.HttpServer2 (HttpServer2.java:bindListener(1238)) - Jetty bound to port 33221
2021-03-08 02:05:08,072 [Listener at 127.0.0.1/34517] INFO  server.Server (Server.java:doStart(375)) - jetty-9.4.35.v20201120; built: 2020-11-20T21:17:03.964Z; git: bdc54f03a5e0a7e280fab27f55c3c75ee8da89fb; jvm 1.8.0_232-b09
2021-03-08 02:05:08,073 [Listener at 127.0.0.1/34517] INFO  server.session (DefaultSessionIdManager.java:doStart(334)) - DefaultSessionIdManager workerName=node0
2021-03-08 02:05:08,073 [Listener at 127.0.0.1/34517] INFO  server.session (DefaultSessionIdManager.java:doStart(339)) - No SessionScavenger set, using defaults
2021-03-08 02:05:08,073 [Listener at 127.0.0.1/34517] INFO  server.session (HouseKeeper.java:startScavenging(132)) - node0 Scavenging every 600000ms
2021-03-08 02:05:08,073 [Listener at 127.0.0.1/34517] INFO  handler.ContextHandler (ContextHandler.java:doStart(916)) - Started o.e.j.s.ServletContextHandler@74a8398e{logs,/logs,file:///github/workspace/mnt/ozone/hadoop-ozone/integration-test/target/log,AVAILABLE}
2021-03-08 02:05:08,074 [Listener at 127.0.0.1/34517] INFO  handler.ContextHandler (ContextHandler.java:doStart(916)) - Started o.e.j.s.ServletContextHandler@13f558c4{static,/static,jar:file:/home/user/.m2/repository/org/apache/hadoop/hadoop-hdds-container-service/1.1.0-SNAPSHOT/hadoop-hdds-container-service-1.1.0-SNAPSHOT.jar!/webapps/static,AVAILABLE}
2021-03-08 02:05:08,223 [Listener at 127.0.0.1/34517] INFO  handler.ContextHandler (ContextHandler.java:doStart(916)) - Started o.e.j.w.WebAppContext@1c8da32a{hddsDatanode,/,file:///tmp/jetty-0_0_0_0-33221-hadoop-hdds-container-service-1_1_0-SNAPSHOT_jar-_-any-8893318544054561625/webapp/,AVAILABLE}{jar:file:/home/user/.m2/repository/org/apache/hadoop/hadoop-hdds-container-service/1.1.0-SNAPSHOT/hadoop-hdds-container-service-1.1.0-SNAPSHOT.jar!/webapps/hddsDatanode}
2021-03-08 02:05:08,224 [Listener at 127.0.0.1/34517] INFO  server.AbstractConnector (AbstractConnector.java:doStart(331)) - Started ServerConnector@1aa9be8d{HTTP/1.1, (http/1.1)}{0.0.0.0:33221}
2021-03-08 02:05:08,224 [Listener at 127.0.0.1/34517] INFO  server.Server (Server.java:doStart(415)) - Started @366965ms
2021-03-08 02:05:08,224 [Listener at 127.0.0.1/34517] WARN  impl.MetricsSystemImpl (MetricsSystemImpl.java:register(279)) - Sink prometheus already exists!
2021-03-08 02:05:08,227 [Listener at 127.0.0.1/34517] INFO  http.BaseHttpServer (BaseHttpServer.java:updateConnectorAddress(327)) - HTTP server of hddsDatanode listening at http://0.0.0.0:33221
2021-03-08 02:05:08,229 [Listener at 127.0.0.1/34517] INFO  impl.MetricsSystemImpl (MetricsSystemImpl.java:init(158)) - HddsDatanode metrics system started (again)
2021-03-08 02:05:08,231 [Listener at 127.0.0.1/34517] INFO  ozone.HddsDatanodeService (HddsDatanodeService.java:start(217)) - HddsDatanodeService host:55665278a03a ip:172.17.0.2
2021-03-08 02:05:08,241 [org.apache.hadoop.util.JvmPauseMonitor$Monitor@651d218e] INFO  util.JvmPauseMonitor (JvmPauseMonitor.java:run(188)) - Starting JVM pause monitor
2021-03-08 02:05:08,244 [Datanode State Machine Task Thread - 0] INFO  datanode.InitDatanodeState (InitDatanodeState.java:persistContainerDatanodeDetails(145)) - DatanodeDetails is persisted to /github/workspace/mnt/ozone/hadoop-ozone/integration-test/target/test-dir/MiniOzoneClusterImpl-ccaa8949-4e5a-4858-a1f5-413699190f1a/datanode-0/meta/datanode.id
2021-03-08 02:05:08,244 [Listener at 127.0.0.1/34517] INFO  volume.HddsVolume (HddsVolume.java:<init>(176)) - Creating Volume: /github/workspace/mnt/ozone/hadoop-ozone/integration-test/target/test-dir/MiniOzoneClusterImpl-ccaa8949-4e5a-4858-a1f5-413699190f1a/datanode-1/data-0/containers/hdds of storage type : DISK and capacity : 9223372036854775807
2021-03-08 02:05:08,245 [Listener at 127.0.0.1/34517] INFO  volume.MutableVolumeSet (MutableVolumeSet.java:initializeVolumeSet(179)) - Added Volume : /github/workspace/mnt/ozone/hadoop-ozone/integration-test/target/test-dir/MiniOzoneClusterImpl-ccaa8949-4e5a-4858-a1f5-413699190f1a/datanode-1/data-0/containers/hdds to VolumeSet
2021-03-08 02:05:08,245 [Listener at 127.0.0.1/34517] INFO  volume.ThrottledAsyncChecker (ThrottledAsyncChecker.java:schedule(141)) - Scheduling a check for /github/workspace/mnt/ozone/hadoop-ozone/integration-test/target/test-dir/MiniOzoneClusterImpl-ccaa8949-4e5a-4858-a1f5-413699190f1a/datanode-1/data-0/containers/hdds
2021-03-08 02:05:08,247 [Listener at 127.0.0.1/34517] INFO  volume.HddsVolumeChecker (HddsVolumeChecker.java:checkAllVolumes(200)) - Scheduled health check for volume /github/workspace/mnt/ozone/hadoop-ozone/integration-test/target/test-dir/MiniOzoneClusterImpl-ccaa8949-4e5a-4858-a1f5-413699190f1a/datanode-1/data-0/containers/hdds
2021-03-08 02:05:08,259 [Thread-4171] INFO  ozoneimpl.ContainerReader (ContainerReader.java:readVolume(125)) - Start to verify containers on volume /github/workspace/mnt/ozone/hadoop-ozone/integration-test/target/test-dir/MiniOzoneClusterImpl-ccaa8949-4e5a-4858-a1f5-413699190f1a/datanode-1/data-0/containers/hdds
2021-03-08 02:05:08,259 [Thread-4171] INFO  ozoneimpl.ContainerReader (ContainerReader.java:readVolume(150)) - Finish verifying containers on volume /github/workspace/mnt/ozone/hadoop-ozone/integration-test/target/test-dir/MiniOzoneClusterImpl-ccaa8949-4e5a-4858-a1f5-413699190f1a/datanode-1/data-0/containers/hdds
2021-03-08 02:05:08,259 [Listener at 127.0.0.1/34517] INFO  ozoneimpl.OzoneContainer (OzoneContainer.java:buildContainerSet(206)) - Build ContainerSet costs 0s
2021-03-08 02:05:08,261 [Listener at 127.0.0.1/34517] INFO  server.RaftServer (ConfUtils.java:logGet(44)) - raft.rpc.type = GRPC (default)
2021-03-08 02:05:08,261 [Listener at 127.0.0.1/34517] INFO  grpc.GrpcFactory (GrpcFactory.java:checkPooledByteBufAllocatorUseCacheForAllThreads(48)) - PERFORMANCE WARNING: useCacheForAllThreads is true that may cause Netty to create a lot garbage objects and, as a result, trigger GC.
	It is recommended to disable useCacheForAllThreads by setting -Dorg.apache.ratis.thirdparty.io.netty.allocator.useCacheForAllThreads=false in command line.
2021-03-08 02:05:08,261 [Listener at 127.0.0.1/34517] INFO  grpc.GrpcConfigKeys (ConfUtils.java:logGet(44)) - raft.grpc.admin.port = 0 (custom)
2021-03-08 02:05:08,261 [Listener at 127.0.0.1/34517] INFO  grpc.GrpcConfigKeys (ConfUtils.java:logGet(44)) - raft.grpc.client.port = 0 (custom)
2021-03-08 02:05:08,261 [Listener at 127.0.0.1/34517] INFO  grpc.GrpcConfigKeys (ConfUtils.java:logGet(44)) - raft.grpc.server.port = 0 (default)
2021-03-08 02:05:08,261 [Listener at 127.0.0.1/34517] INFO  server.GrpcService (ConfUtils.java:logGet(44)) - raft.grpc.message.size.max = 32MB (=33554432) (custom)
2021-03-08 02:05:08,261 [Listener at 127.0.0.1/34517] INFO  server.RaftServerConfigKeys (ConfUtils.java:logGet(44)) - raft.server.log.appender.buffer.byte-limit = 33554432 (custom)
2021-03-08 02:05:08,261 [Listener at 127.0.0.1/34517] INFO  server.GrpcService (ConfUtils.java:logGet(44)) - raft.grpc.flow.control.window = 5MB (=5242880) (custom)
2021-03-08 02:05:08,261 [Listener at 127.0.0.1/34517] INFO  server.RaftServerConfigKeys (ConfUtils.java:logGet(44)) - raft.server.rpc.request.timeout = 3000ms (default)
2021-03-08 02:05:08,262 [Listener at 127.0.0.1/34517] INFO  impl.DataStreamServerImpl (ConfUtils.java:logGet(44)) - raft.datastream.type = DISABLED (default)
2021-03-08 02:05:08,262 [Listener at 127.0.0.1/34517] INFO  server.RaftServerConfigKeys (ConfUtils.java:logGet(44)) - raft.server.rpc.slowness.timeout = 300000ms (custom)
2021-03-08 02:05:08,263 [Listener at 127.0.0.1/34517] INFO  server.RaftServerConfigKeys (ConfUtils.java:logGet(44)) - raft.server.leaderelection.leader.step-down.wait-time = 10s (default)
2021-03-08 02:05:08,263 [Listener at 127.0.0.1/34517] INFO  server.RaftServerConfigKeys (ConfUtils.java:logGet(44)) - raft.server.storage.dir = [/github/workspace/mnt/ozone/hadoop-ozone/integration-test/target/test-dir/MiniOzoneClusterImpl-ccaa8949-4e5a-4858-a1f5-413699190f1a/datanode-1/data/ratis] (custom)
2021-03-08 02:05:08,267 [Listener at 127.0.0.1/34517] INFO  http.BaseHttpServer (BaseHttpServer.java:newHttpServer2BuilderForOzone(207)) - Starting Web-server for hddsDatanode at: http://0.0.0.0:0
2021-03-08 02:05:08,267 [Listener at 127.0.0.1/34517] INFO  http.BaseHttpServer (BaseHttpServer.java:<init>(106)) - Hadoop Security Enabled: false Ozone Security Enabled: false Ozone HTTP Security Enabled: false 
2021-03-08 02:05:08,268 [Listener at 127.0.0.1/34517] INFO  server.AuthenticationFilter (AuthenticationFilter.java:constructSecretProvider(240)) - Unable to initialize FileSignerSecretProvider, falling back to use random secrets.
2021-03-08 02:05:08,268 [Listener at 127.0.0.1/34517] WARN  http.HttpRequestLog (HttpRequestLog.java:getRequestLog(103)) - Jetty request log can only be enabled using Log4j
2021-03-08 02:05:08,268 [Listener at 127.0.0.1/34517] INFO  http.HttpServer2 (HttpServer2.java:addGlobalFilter(1020)) - Added global filter 'safety' (class=org.apache.hadoop.hdds.server.http.HttpServer2$QuotingInputFilter)
2021-03-08 02:05:08,269 [Listener at 127.0.0.1/34517] INFO  http.HttpServer2 (HttpServer2.java:addFilter(996)) - Added filter static_user_filter (class=org.apache.hadoop.http.lib.StaticUserWebFilter$StaticUserFilter) to context hddsDatanode
2021-03-08 02:05:08,269 [Listener at 127.0.0.1/34517] INFO  http.HttpServer2 (HttpServer2.java:addFilter(1004)) - Added filter static_user_filter (class=org.apache.hadoop.http.lib.StaticUserWebFilter$StaticUserFilter) to context logs
2021-03-08 02:05:08,269 [Listener at 127.0.0.1/34517] INFO  http.HttpServer2 (HttpServer2.java:addFilter(1004)) - Added filter static_user_filter (class=org.apache.hadoop.http.lib.StaticUserWebFilter$StaticUserFilter) to context static
2021-03-08 02:05:08,269 [Listener at 127.0.0.1/34517] INFO  http.HttpServer2 (HttpServer2.java:bindListener(1238)) - Jetty bound to port 40029
2021-03-08 02:05:08,270 [Listener at 127.0.0.1/34517] INFO  server.Server (Server.java:doStart(375)) - jetty-9.4.35.v20201120; built: 2020-11-20T21:17:03.964Z; git: bdc54f03a5e0a7e280fab27f55c3c75ee8da89fb; jvm 1.8.0_232-b09
2021-03-08 02:05:08,270 [Listener at 127.0.0.1/34517] INFO  server.session (DefaultSessionIdManager.java:doStart(334)) - DefaultSessionIdManager workerName=node0
2021-03-08 02:05:08,271 [Listener at 127.0.0.1/34517] INFO  server.session (DefaultSessionIdManager.java:doStart(339)) - No SessionScavenger set, using defaults
2021-03-08 02:05:08,271 [Listener at 127.0.0.1/34517] INFO  server.session (HouseKeeper.java:startScavenging(132)) - node0 Scavenging every 600000ms
2021-03-08 02:05:08,271 [Listener at 127.0.0.1/34517] INFO  handler.ContextHandler (ContextHandler.java:doStart(916)) - Started o.e.j.s.ServletContextHandler@2427257f{logs,/logs,file:///github/workspace/mnt/ozone/hadoop-ozone/integration-test/target/log,AVAILABLE}
2021-03-08 02:05:08,272 [Listener at 127.0.0.1/34517] INFO  handler.ContextHandler (ContextHandler.java:doStart(916)) - Started o.e.j.s.ServletContextHandler@2e643348{static,/static,jar:file:/home/user/.m2/repository/org/apache/hadoop/hadoop-hdds-container-service/1.1.0-SNAPSHOT/hadoop-hdds-container-service-1.1.0-SNAPSHOT.jar!/webapps/static,AVAILABLE}
2021-03-08 02:05:08,422 [Listener at 127.0.0.1/34517] INFO  handler.ContextHandler (ContextHandler.java:doStart(916)) - Started o.e.j.w.WebAppContext@5e5aab14{hddsDatanode,/,file:///tmp/jetty-0_0_0_0-40029-hadoop-hdds-container-service-1_1_0-SNAPSHOT_jar-_-any-4603067419224181744/webapp/,AVAILABLE}{jar:file:/home/user/.m2/repository/org/apache/hadoop/hadoop-hdds-container-service/1.1.0-SNAPSHOT/hadoop-hdds-container-service-1.1.0-SNAPSHOT.jar!/webapps/hddsDatanode}
2021-03-08 02:05:08,424 [Listener at 127.0.0.1/34517] INFO  server.AbstractConnector (AbstractConnector.java:doStart(331)) - Started ServerConnector@4f1c7816{HTTP/1.1, (http/1.1)}{0.0.0.0:40029}
2021-03-08 02:05:08,424 [Listener at 127.0.0.1/34517] INFO  server.Server (Server.java:doStart(415)) - Started @367164ms
2021-03-08 02:05:08,424 [Listener at 127.0.0.1/34517] WARN  impl.MetricsSystemImpl (MetricsSystemImpl.java:register(279)) - Sink prometheus already exists!
2021-03-08 02:05:08,453 [Listener at 127.0.0.1/34517] INFO  http.BaseHttpServer (BaseHttpServer.java:updateConnectorAddress(327)) - HTTP server of hddsDatanode listening at http://0.0.0.0:40029
2021-03-08 02:05:08,457 [Listener at 127.0.0.1/34517] INFO  impl.MetricsSystemImpl (MetricsSystemImpl.java:init(158)) - HddsDatanode metrics system started (again)
2021-03-08 02:05:08,459 [Listener at 127.0.0.1/34517] INFO  ozone.HddsDatanodeService (HddsDatanodeService.java:start(217)) - HddsDatanodeService host:55665278a03a ip:172.17.0.2
2021-03-08 02:05:08,460 [org.apache.hadoop.util.JvmPauseMonitor$Monitor@298d2db3] INFO  util.JvmPauseMonitor (JvmPauseMonitor.java:run(188)) - Starting JVM pause monitor
2021-03-08 02:05:08,460 [Listener at 127.0.0.1/34517] INFO  volume.HddsVolume (HddsVolume.java:<init>(176)) - Creating Volume: /github/workspace/mnt/ozone/hadoop-ozone/integration-test/target/test-dir/MiniOzoneClusterImpl-ccaa8949-4e5a-4858-a1f5-413699190f1a/datanode-2/data-0/containers/hdds of storage type : DISK and capacity : 9223372036854775807
2021-03-08 02:05:08,461 [Listener at 127.0.0.1/34517] INFO  volume.MutableVolumeSet (MutableVolumeSet.java:initializeVolumeSet(179)) - Added Volume : /github/workspace/mnt/ozone/hadoop-ozone/integration-test/target/test-dir/MiniOzoneClusterImpl-ccaa8949-4e5a-4858-a1f5-413699190f1a/datanode-2/data-0/containers/hdds to VolumeSet
2021-03-08 02:05:08,461 [Listener at 127.0.0.1/34517] INFO  volume.ThrottledAsyncChecker (ThrottledAsyncChecker.java:schedule(141)) - Scheduling a check for /github/workspace/mnt/ozone/hadoop-ozone/integration-test/target/test-dir/MiniOzoneClusterImpl-ccaa8949-4e5a-4858-a1f5-413699190f1a/datanode-2/data-0/containers/hdds
2021-03-08 02:05:08,466 [Listener at 127.0.0.1/34517] INFO  volume.HddsVolumeChecker (HddsVolumeChecker.java:checkAllVolumes(200)) - Scheduled health check for volume /github/workspace/mnt/ozone/hadoop-ozone/integration-test/target/test-dir/MiniOzoneClusterImpl-ccaa8949-4e5a-4858-a1f5-413699190f1a/datanode-2/data-0/containers/hdds
2021-03-08 02:05:08,469 [Datanode State Machine Task Thread - 0] INFO  datanode.InitDatanodeState (InitDatanodeState.java:persistContainerDatanodeDetails(145)) - DatanodeDetails is persisted to /github/workspace/mnt/ozone/hadoop-ozone/integration-test/target/test-dir/MiniOzoneClusterImpl-ccaa8949-4e5a-4858-a1f5-413699190f1a/datanode-1/meta/datanode.id
2021-03-08 02:05:08,479 [Thread-4182] INFO  ozoneimpl.ContainerReader (ContainerReader.java:readVolume(125)) - Start to verify containers on volume /github/workspace/mnt/ozone/hadoop-ozone/integration-test/target/test-dir/MiniOzoneClusterImpl-ccaa8949-4e5a-4858-a1f5-413699190f1a/datanode-2/data-0/containers/hdds
2021-03-08 02:05:08,479 [Thread-4182] INFO  ozoneimpl.ContainerReader (ContainerReader.java:readVolume(150)) - Finish verifying containers on volume /github/workspace/mnt/ozone/hadoop-ozone/integration-test/target/test-dir/MiniOzoneClusterImpl-ccaa8949-4e5a-4858-a1f5-413699190f1a/datanode-2/data-0/containers/hdds
2021-03-08 02:05:08,479 [Listener at 127.0.0.1/34517] INFO  ozoneimpl.OzoneContainer (OzoneContainer.java:buildContainerSet(206)) - Build ContainerSet costs 0s
2021-03-08 02:05:08,480 [Listener at 127.0.0.1/34517] INFO  server.RaftServer (ConfUtils.java:logGet(44)) - raft.rpc.type = GRPC (default)
2021-03-08 02:05:08,480 [Listener at 127.0.0.1/34517] INFO  grpc.GrpcFactory (GrpcFactory.java:checkPooledByteBufAllocatorUseCacheForAllThreads(48)) - PERFORMANCE WARNING: useCacheForAllThreads is true that may cause Netty to create a lot garbage objects and, as a result, trigger GC.
	It is recommended to disable useCacheForAllThreads by setting -Dorg.apache.ratis.thirdparty.io.netty.allocator.useCacheForAllThreads=false in command line.
2021-03-08 02:05:08,481 [Listener at 127.0.0.1/34517] INFO  grpc.GrpcConfigKeys (ConfUtils.java:logGet(44)) - raft.grpc.admin.port = 0 (custom)
2021-03-08 02:05:08,481 [Listener at 127.0.0.1/34517] INFO  grpc.GrpcConfigKeys (ConfUtils.java:logGet(44)) - raft.grpc.client.port = 0 (custom)
2021-03-08 02:05:08,481 [Listener at 127.0.0.1/34517] INFO  grpc.GrpcConfigKeys (ConfUtils.java:logGet(44)) - raft.grpc.server.port = 0 (default)
2021-03-08 02:05:08,481 [Listener at 127.0.0.1/34517] INFO  server.GrpcService (ConfUtils.java:logGet(44)) - raft.grpc.message.size.max = 32MB (=33554432) (custom)
2021-03-08 02:05:08,481 [Listener at 127.0.0.1/34517] INFO  server.RaftServerConfigKeys (ConfUtils.java:logGet(44)) - raft.server.log.appender.buffer.byte-limit = 33554432 (custom)
2021-03-08 02:05:08,481 [Listener at 127.0.0.1/34517] INFO  server.GrpcService (ConfUtils.java:logGet(44)) - raft.grpc.flow.control.window = 5MB (=5242880) (custom)
2021-03-08 02:05:08,481 [Listener at 127.0.0.1/34517] INFO  server.RaftServerConfigKeys (ConfUtils.java:logGet(44)) - raft.server.rpc.request.timeout = 3000ms (default)
2021-03-08 02:05:08,482 [Listener at 127.0.0.1/34517] INFO  impl.DataStreamServerImpl (ConfUtils.java:logGet(44)) - raft.datastream.type = DISABLED (default)
2021-03-08 02:05:08,482 [Listener at 127.0.0.1/34517] INFO  server.RaftServerConfigKeys (ConfUtils.java:logGet(44)) - raft.server.rpc.slowness.timeout = 300000ms (custom)
2021-03-08 02:05:08,482 [Listener at 127.0.0.1/34517] INFO  server.RaftServerConfigKeys (ConfUtils.java:logGet(44)) - raft.server.leaderelection.leader.step-down.wait-time = 10s (default)
2021-03-08 02:05:08,483 [Listener at 127.0.0.1/34517] INFO  server.RaftServerConfigKeys (ConfUtils.java:logGet(44)) - raft.server.storage.dir = [/github/workspace/mnt/ozone/hadoop-ozone/integration-test/target/test-dir/MiniOzoneClusterImpl-ccaa8949-4e5a-4858-a1f5-413699190f1a/datanode-2/data/ratis] (custom)
2021-03-08 02:05:08,513 [Listener at 127.0.0.1/34517] INFO  http.BaseHttpServer (BaseHttpServer.java:newHttpServer2BuilderForOzone(207)) - Starting Web-server for hddsDatanode at: http://0.0.0.0:0
2021-03-08 02:05:08,513 [Listener at 127.0.0.1/34517] INFO  http.BaseHttpServer (BaseHttpServer.java:<init>(106)) - Hadoop Security Enabled: false Ozone Security Enabled: false Ozone HTTP Security Enabled: false 
2021-03-08 02:05:08,514 [Listener at 127.0.0.1/34517] INFO  server.AuthenticationFilter (AuthenticationFilter.java:constructSecretProvider(240)) - Unable to initialize FileSignerSecretProvider, falling back to use random secrets.
2021-03-08 02:05:08,514 [Listener at 127.0.0.1/34517] WARN  http.HttpRequestLog (HttpRequestLog.java:getRequestLog(103)) - Jetty request log can only be enabled using Log4j
2021-03-08 02:05:08,515 [Listener at 127.0.0.1/34517] INFO  http.HttpServer2 (HttpServer2.java:addGlobalFilter(1020)) - Added global filter 'safety' (class=org.apache.hadoop.hdds.server.http.HttpServer2$QuotingInputFilter)
2021-03-08 02:05:08,515 [Listener at 127.0.0.1/34517] INFO  http.HttpServer2 (HttpServer2.java:addFilter(996)) - Added filter static_user_filter (class=org.apache.hadoop.http.lib.StaticUserWebFilter$StaticUserFilter) to context hddsDatanode
2021-03-08 02:05:08,515 [Listener at 127.0.0.1/34517] INFO  http.HttpServer2 (HttpServer2.java:addFilter(1004)) - Added filter static_user_filter (class=org.apache.hadoop.http.lib.StaticUserWebFilter$StaticUserFilter) to context static
2021-03-08 02:05:08,515 [Listener at 127.0.0.1/34517] INFO  http.HttpServer2 (HttpServer2.java:addFilter(1004)) - Added filter static_user_filter (class=org.apache.hadoop.http.lib.StaticUserWebFilter$StaticUserFilter) to context logs
2021-03-08 02:05:08,516 [Listener at 127.0.0.1/34517] INFO  http.HttpServer2 (HttpServer2.java:bindListener(1238)) - Jetty bound to port 46365
2021-03-08 02:05:08,516 [Listener at 127.0.0.1/34517] INFO  server.Server (Server.java:doStart(375)) - jetty-9.4.35.v20201120; built: 2020-11-20T21:17:03.964Z; git: bdc54f03a5e0a7e280fab27f55c3c75ee8da89fb; jvm 1.8.0_232-b09
2021-03-08 02:05:08,517 [Listener at 127.0.0.1/34517] INFO  server.session (DefaultSessionIdManager.java:doStart(334)) - DefaultSessionIdManager workerName=node0
2021-03-08 02:05:08,517 [Listener at 127.0.0.1/34517] INFO  server.session (DefaultSessionIdManager.java:doStart(339)) - No SessionScavenger set, using defaults
2021-03-08 02:05:08,517 [Listener at 127.0.0.1/34517] INFO  server.session (HouseKeeper.java:startScavenging(132)) - node0 Scavenging every 600000ms
2021-03-08 02:05:08,517 [Listener at 127.0.0.1/34517] INFO  handler.ContextHandler (ContextHandler.java:doStart(916)) - Started o.e.j.s.ServletContextHandler@9238fb9{logs,/logs,file:///github/workspace/mnt/ozone/hadoop-ozone/integration-test/target/log,AVAILABLE}
2021-03-08 02:05:08,518 [Listener at 127.0.0.1/34517] INFO  handler.ContextHandler (ContextHandler.java:doStart(916)) - Started o.e.j.s.ServletContextHandler@41046f7{static,/static,jar:file:/home/user/.m2/repository/org/apache/hadoop/hadoop-hdds-container-service/1.1.0-SNAPSHOT/hadoop-hdds-container-service-1.1.0-SNAPSHOT.jar!/webapps/static,AVAILABLE}
2021-03-08 02:05:08,668 [Listener at 127.0.0.1/34517] INFO  handler.ContextHandler (ContextHandler.java:doStart(916)) - Started o.e.j.w.WebAppContext@26fa925d{hddsDatanode,/,file:///tmp/jetty-0_0_0_0-46365-hadoop-hdds-container-service-1_1_0-SNAPSHOT_jar-_-any-2296675892165199856/webapp/,AVAILABLE}{jar:file:/home/user/.m2/repository/org/apache/hadoop/hadoop-hdds-container-service/1.1.0-SNAPSHOT/hadoop-hdds-container-service-1.1.0-SNAPSHOT.jar!/webapps/hddsDatanode}
2021-03-08 02:05:08,670 [Listener at 127.0.0.1/34517] INFO  server.AbstractConnector (AbstractConnector.java:doStart(331)) - Started ServerConnector@5c208783{HTTP/1.1, (http/1.1)}{0.0.0.0:46365}
2021-03-08 02:05:08,670 [Listener at 127.0.0.1/34517] INFO  server.Server (Server.java:doStart(415)) - Started @367410ms
2021-03-08 02:05:08,670 [Listener at 127.0.0.1/34517] WARN  impl.MetricsSystemImpl (MetricsSystemImpl.java:register(279)) - Sink prometheus already exists!
2021-03-08 02:05:08,672 [Listener at 127.0.0.1/34517] INFO  http.BaseHttpServer (BaseHttpServer.java:updateConnectorAddress(327)) - HTTP server of hddsDatanode listening at http://0.0.0.0:46365
2021-03-08 02:05:08,673 [Listener at 127.0.0.1/34517] INFO  impl.MetricsSystemImpl (MetricsSystemImpl.java:init(158)) - HddsDatanode metrics system started (again)
2021-03-08 02:05:08,675 [Listener at 127.0.0.1/34517] INFO  ozone.HddsDatanodeService (HddsDatanodeService.java:start(217)) - HddsDatanodeService host:55665278a03a ip:172.17.0.2
2021-03-08 02:05:08,676 [org.apache.hadoop.util.JvmPauseMonitor$Monitor@459691f6] INFO  util.JvmPauseMonitor (JvmPauseMonitor.java:run(188)) - Starting JVM pause monitor
2021-03-08 02:05:08,676 [Listener at 127.0.0.1/34517] INFO  volume.HddsVolume (HddsVolume.java:<init>(176)) - Creating Volume: /github/workspace/mnt/ozone/hadoop-ozone/integration-test/target/test-dir/MiniOzoneClusterImpl-ccaa8949-4e5a-4858-a1f5-413699190f1a/datanode-3/data-0/containers/hdds of storage type : DISK and capacity : 9223372036854775807
2021-03-08 02:05:08,677 [Listener at 127.0.0.1/34517] INFO  volume.MutableVolumeSet (MutableVolumeSet.java:initializeVolumeSet(179)) - Added Volume : /github/workspace/mnt/ozone/hadoop-ozone/integration-test/target/test-dir/MiniOzoneClusterImpl-ccaa8949-4e5a-4858-a1f5-413699190f1a/datanode-3/data-0/containers/hdds to VolumeSet
2021-03-08 02:05:08,677 [Listener at 127.0.0.1/34517] INFO  volume.ThrottledAsyncChecker (ThrottledAsyncChecker.java:schedule(141)) - Scheduling a check for /github/workspace/mnt/ozone/hadoop-ozone/integration-test/target/test-dir/MiniOzoneClusterImpl-ccaa8949-4e5a-4858-a1f5-413699190f1a/datanode-3/data-0/containers/hdds
2021-03-08 02:05:08,677 [Datanode State Machine Task Thread - 0] INFO  datanode.InitDatanodeState (InitDatanodeState.java:persistContainerDatanodeDetails(145)) - DatanodeDetails is persisted to /github/workspace/mnt/ozone/hadoop-ozone/integration-test/target/test-dir/MiniOzoneClusterImpl-ccaa8949-4e5a-4858-a1f5-413699190f1a/datanode-2/meta/datanode.id
2021-03-08 02:05:08,677 [Listener at 127.0.0.1/34517] INFO  volume.HddsVolumeChecker (HddsVolumeChecker.java:checkAllVolumes(200)) - Scheduled health check for volume /github/workspace/mnt/ozone/hadoop-ozone/integration-test/target/test-dir/MiniOzoneClusterImpl-ccaa8949-4e5a-4858-a1f5-413699190f1a/datanode-3/data-0/containers/hdds
2021-03-08 02:05:08,691 [Thread-4193] INFO  ozoneimpl.ContainerReader (ContainerReader.java:readVolume(125)) - Start to verify containers on volume /github/workspace/mnt/ozone/hadoop-ozone/integration-test/target/test-dir/MiniOzoneClusterImpl-ccaa8949-4e5a-4858-a1f5-413699190f1a/datanode-3/data-0/containers/hdds
2021-03-08 02:05:08,691 [Thread-4193] INFO  ozoneimpl.ContainerReader (ContainerReader.java:readVolume(150)) - Finish verifying containers on volume /github/workspace/mnt/ozone/hadoop-ozone/integration-test/target/test-dir/MiniOzoneClusterImpl-ccaa8949-4e5a-4858-a1f5-413699190f1a/datanode-3/data-0/containers/hdds
2021-03-08 02:05:08,691 [Listener at 127.0.0.1/34517] INFO  ozoneimpl.OzoneContainer (OzoneContainer.java:buildContainerSet(206)) - Build ContainerSet costs 0s
2021-03-08 02:05:08,692 [Listener at 127.0.0.1/34517] INFO  server.RaftServer (ConfUtils.java:logGet(44)) - raft.rpc.type = GRPC (default)
2021-03-08 02:05:08,692 [Listener at 127.0.0.1/34517] INFO  grpc.GrpcFactory (GrpcFactory.java:checkPooledByteBufAllocatorUseCacheForAllThreads(48)) - PERFORMANCE WARNING: useCacheForAllThreads is true that may cause Netty to create a lot garbage objects and, as a result, trigger GC.
	It is recommended to disable useCacheForAllThreads by setting -Dorg.apache.ratis.thirdparty.io.netty.allocator.useCacheForAllThreads=false in command line.
2021-03-08 02:05:08,692 [Listener at 127.0.0.1/34517] INFO  grpc.GrpcConfigKeys (ConfUtils.java:logGet(44)) - raft.grpc.admin.port = 0 (custom)
2021-03-08 02:05:08,692 [Listener at 127.0.0.1/34517] INFO  grpc.GrpcConfigKeys (ConfUtils.java:logGet(44)) - raft.grpc.client.port = 0 (custom)
2021-03-08 02:05:08,692 [Listener at 127.0.0.1/34517] INFO  grpc.GrpcConfigKeys (ConfUtils.java:logGet(44)) - raft.grpc.server.port = 0 (default)
2021-03-08 02:05:08,692 [Listener at 127.0.0.1/34517] INFO  server.GrpcService (ConfUtils.java:logGet(44)) - raft.grpc.message.size.max = 32MB (=33554432) (custom)
2021-03-08 02:05:08,692 [Listener at 127.0.0.1/34517] INFO  server.RaftServerConfigKeys (ConfUtils.java:logGet(44)) - raft.server.log.appender.buffer.byte-limit = 33554432 (custom)
2021-03-08 02:05:08,693 [Listener at 127.0.0.1/34517] INFO  server.GrpcService (ConfUtils.java:logGet(44)) - raft.grpc.flow.control.window = 5MB (=5242880) (custom)
2021-03-08 02:05:08,693 [Listener at 127.0.0.1/34517] INFO  server.RaftServerConfigKeys (ConfUtils.java:logGet(44)) - raft.server.rpc.request.timeout = 3000ms (default)
2021-03-08 02:05:08,693 [Listener at 127.0.0.1/34517] INFO  impl.DataStreamServerImpl (ConfUtils.java:logGet(44)) - raft.datastream.type = DISABLED (default)
2021-03-08 02:05:08,694 [Listener at 127.0.0.1/34517] INFO  server.RaftServerConfigKeys (ConfUtils.java:logGet(44)) - raft.server.rpc.slowness.timeout = 300000ms (custom)
2021-03-08 02:05:08,694 [Listener at 127.0.0.1/34517] INFO  server.RaftServerConfigKeys (ConfUtils.java:logGet(44)) - raft.server.leaderelection.leader.step-down.wait-time = 10s (default)
2021-03-08 02:05:08,694 [Listener at 127.0.0.1/34517] INFO  server.RaftServerConfigKeys (ConfUtils.java:logGet(44)) - raft.server.storage.dir = [/github/workspace/mnt/ozone/hadoop-ozone/integration-test/target/test-dir/MiniOzoneClusterImpl-ccaa8949-4e5a-4858-a1f5-413699190f1a/datanode-3/data/ratis] (custom)
2021-03-08 02:05:08,699 [Listener at 127.0.0.1/34517] INFO  http.BaseHttpServer (BaseHttpServer.java:newHttpServer2BuilderForOzone(207)) - Starting Web-server for hddsDatanode at: http://0.0.0.0:0
2021-03-08 02:05:08,699 [Listener at 127.0.0.1/34517] INFO  http.BaseHttpServer (BaseHttpServer.java:<init>(106)) - Hadoop Security Enabled: false Ozone Security Enabled: false Ozone HTTP Security Enabled: false 
2021-03-08 02:05:08,700 [Listener at 127.0.0.1/34517] INFO  server.AuthenticationFilter (AuthenticationFilter.java:constructSecretProvider(240)) - Unable to initialize FileSignerSecretProvider, falling back to use random secrets.
2021-03-08 02:05:08,701 [Listener at 127.0.0.1/34517] WARN  http.HttpRequestLog (HttpRequestLog.java:getRequestLog(103)) - Jetty request log can only be enabled using Log4j
2021-03-08 02:05:08,701 [Listener at 127.0.0.1/34517] INFO  http.HttpServer2 (HttpServer2.java:addGlobalFilter(1020)) - Added global filter 'safety' (class=org.apache.hadoop.hdds.server.http.HttpServer2$QuotingInputFilter)
2021-03-08 02:05:08,702 [Listener at 127.0.0.1/34517] INFO  http.HttpServer2 (HttpServer2.java:addFilter(996)) - Added filter static_user_filter (class=org.apache.hadoop.http.lib.StaticUserWebFilter$StaticUserFilter) to context hddsDatanode
2021-03-08 02:05:08,702 [Listener at 127.0.0.1/34517] INFO  http.HttpServer2 (HttpServer2.java:addFilter(1004)) - Added filter static_user_filter (class=org.apache.hadoop.http.lib.StaticUserWebFilter$StaticUserFilter) to context static
2021-03-08 02:05:08,702 [Listener at 127.0.0.1/34517] INFO  http.HttpServer2 (HttpServer2.java:addFilter(1004)) - Added filter static_user_filter (class=org.apache.hadoop.http.lib.StaticUserWebFilter$StaticUserFilter) to context logs
2021-03-08 02:05:08,702 [Listener at 127.0.0.1/34517] INFO  http.HttpServer2 (HttpServer2.java:bindListener(1238)) - Jetty bound to port 35245
2021-03-08 02:05:08,702 [Listener at 127.0.0.1/34517] INFO  server.Server (Server.java:doStart(375)) - jetty-9.4.35.v20201120; built: 2020-11-20T21:17:03.964Z; git: bdc54f03a5e0a7e280fab27f55c3c75ee8da89fb; jvm 1.8.0_232-b09
2021-03-08 02:05:08,704 [Listener at 127.0.0.1/34517] INFO  server.session (DefaultSessionIdManager.java:doStart(334)) - DefaultSessionIdManager workerName=node0
2021-03-08 02:05:08,704 [Listener at 127.0.0.1/34517] INFO  server.session (DefaultSessionIdManager.java:doStart(339)) - No SessionScavenger set, using defaults
2021-03-08 02:05:08,704 [Listener at 127.0.0.1/34517] INFO  server.session (HouseKeeper.java:startScavenging(132)) - node0 Scavenging every 660000ms
2021-03-08 02:05:08,705 [Listener at 127.0.0.1/34517] INFO  handler.ContextHandler (ContextHandler.java:doStart(916)) - Started o.e.j.s.ServletContextHandler@7edd06d9{logs,/logs,file:///github/workspace/mnt/ozone/hadoop-ozone/integration-test/target/log,AVAILABLE}
2021-03-08 02:05:08,705 [Listener at 127.0.0.1/34517] INFO  handler.ContextHandler (ContextHandler.java:doStart(916)) - Started o.e.j.s.ServletContextHandler@212a40ea{static,/static,jar:file:/home/user/.m2/repository/org/apache/hadoop/hadoop-hdds-container-service/1.1.0-SNAPSHOT/hadoop-hdds-container-service-1.1.0-SNAPSHOT.jar!/webapps/static,AVAILABLE}
2021-03-08 02:05:08,855 [Listener at 127.0.0.1/34517] INFO  handler.ContextHandler (ContextHandler.java:doStart(916)) - Started o.e.j.w.WebAppContext@d3d766a{hddsDatanode,/,file:///tmp/jetty-0_0_0_0-35245-hadoop-hdds-container-service-1_1_0-SNAPSHOT_jar-_-any-3836650189244540611/webapp/,AVAILABLE}{jar:file:/home/user/.m2/repository/org/apache/hadoop/hadoop-hdds-container-service/1.1.0-SNAPSHOT/hadoop-hdds-container-service-1.1.0-SNAPSHOT.jar!/webapps/hddsDatanode}
2021-03-08 02:05:08,858 [Listener at 127.0.0.1/34517] INFO  server.AbstractConnector (AbstractConnector.java:doStart(331)) - Started ServerConnector@3a4f5f5f{HTTP/1.1, (http/1.1)}{0.0.0.0:35245}
2021-03-08 02:05:08,858 [Listener at 127.0.0.1/34517] INFO  server.Server (Server.java:doStart(415)) - Started @367598ms
2021-03-08 02:05:08,858 [Listener at 127.0.0.1/34517] WARN  impl.MetricsSystemImpl (MetricsSystemImpl.java:register(279)) - Sink prometheus already exists!
2021-03-08 02:05:08,860 [Listener at 127.0.0.1/34517] INFO  http.BaseHttpServer (BaseHttpServer.java:updateConnectorAddress(327)) - HTTP server of hddsDatanode listening at http://0.0.0.0:35245
2021-03-08 02:05:08,865 [Listener at 127.0.0.1/34517] INFO  impl.MetricsSystemImpl (MetricsSystemImpl.java:init(158)) - HddsDatanode metrics system started (again)
2021-03-08 02:05:08,867 [Listener at 127.0.0.1/34517] INFO  ozone.HddsDatanodeService (HddsDatanodeService.java:start(217)) - HddsDatanodeService host:55665278a03a ip:172.17.0.2
2021-03-08 02:05:08,870 [Listener at 127.0.0.1/34517] INFO  volume.HddsVolume (HddsVolume.java:<init>(176)) - Creating Volume: /github/workspace/mnt/ozone/hadoop-ozone/integration-test/target/test-dir/MiniOzoneClusterImpl-ccaa8949-4e5a-4858-a1f5-413699190f1a/datanode-4/data-0/containers/hdds of storage type : DISK and capacity : 9223372036854775807
2021-03-08 02:05:08,870 [Listener at 127.0.0.1/34517] INFO  volume.MutableVolumeSet (MutableVolumeSet.java:initializeVolumeSet(179)) - Added Volume : /github/workspace/mnt/ozone/hadoop-ozone/integration-test/target/test-dir/MiniOzoneClusterImpl-ccaa8949-4e5a-4858-a1f5-413699190f1a/datanode-4/data-0/containers/hdds to VolumeSet
2021-03-08 02:05:08,870 [Listener at 127.0.0.1/34517] INFO  volume.ThrottledAsyncChecker (ThrottledAsyncChecker.java:schedule(141)) - Scheduling a check for /github/workspace/mnt/ozone/hadoop-ozone/integration-test/target/test-dir/MiniOzoneClusterImpl-ccaa8949-4e5a-4858-a1f5-413699190f1a/datanode-4/data-0/containers/hdds
2021-03-08 02:05:08,877 [org.apache.hadoop.util.JvmPauseMonitor$Monitor@251bf5c0] INFO  util.JvmPauseMonitor (JvmPauseMonitor.java:run(188)) - Starting JVM pause monitor
2021-03-08 02:05:08,885 [Listener at 127.0.0.1/34517] INFO  volume.HddsVolumeChecker (HddsVolumeChecker.java:checkAllVolumes(200)) - Scheduled health check for volume /github/workspace/mnt/ozone/hadoop-ozone/integration-test/target/test-dir/MiniOzoneClusterImpl-ccaa8949-4e5a-4858-a1f5-413699190f1a/datanode-4/data-0/containers/hdds
2021-03-08 02:05:08,896 [Datanode State Machine Task Thread - 0] INFO  datanode.InitDatanodeState (InitDatanodeState.java:persistContainerDatanodeDetails(145)) - DatanodeDetails is persisted to /github/workspace/mnt/ozone/hadoop-ozone/integration-test/target/test-dir/MiniOzoneClusterImpl-ccaa8949-4e5a-4858-a1f5-413699190f1a/datanode-3/meta/datanode.id
2021-03-08 02:05:08,897 [Thread-4204] INFO  ozoneimpl.ContainerReader (ContainerReader.java:readVolume(125)) - Start to verify containers on volume /github/workspace/mnt/ozone/hadoop-ozone/integration-test/target/test-dir/MiniOzoneClusterImpl-ccaa8949-4e5a-4858-a1f5-413699190f1a/datanode-4/data-0/containers/hdds
2021-03-08 02:05:08,897 [Thread-4204] INFO  ozoneimpl.ContainerReader (ContainerReader.java:readVolume(150)) - Finish verifying containers on volume /github/workspace/mnt/ozone/hadoop-ozone/integration-test/target/test-dir/MiniOzoneClusterImpl-ccaa8949-4e5a-4858-a1f5-413699190f1a/datanode-4/data-0/containers/hdds
2021-03-08 02:05:08,897 [Listener at 127.0.0.1/34517] INFO  ozoneimpl.OzoneContainer (OzoneContainer.java:buildContainerSet(206)) - Build ContainerSet costs 0s
2021-03-08 02:05:08,898 [Listener at 127.0.0.1/34517] INFO  server.RaftServer (ConfUtils.java:logGet(44)) - raft.rpc.type = GRPC (default)
2021-03-08 02:05:08,898 [Listener at 127.0.0.1/34517] INFO  grpc.GrpcFactory (GrpcFactory.java:checkPooledByteBufAllocatorUseCacheForAllThreads(48)) - PERFORMANCE WARNING: useCacheForAllThreads is true that may cause Netty to create a lot garbage objects and, as a result, trigger GC.
	It is recommended to disable useCacheForAllThreads by setting -Dorg.apache.ratis.thirdparty.io.netty.allocator.useCacheForAllThreads=false in command line.
2021-03-08 02:05:08,898 [Listener at 127.0.0.1/34517] INFO  grpc.GrpcConfigKeys (ConfUtils.java:logGet(44)) - raft.grpc.admin.port = 0 (custom)
2021-03-08 02:05:08,898 [Listener at 127.0.0.1/34517] INFO  grpc.GrpcConfigKeys (ConfUtils.java:logGet(44)) - raft.grpc.client.port = 0 (custom)
2021-03-08 02:05:08,899 [Listener at 127.0.0.1/34517] INFO  grpc.GrpcConfigKeys (ConfUtils.java:logGet(44)) - raft.grpc.server.port = 0 (default)
2021-03-08 02:05:08,899 [Listener at 127.0.0.1/34517] INFO  server.GrpcService (ConfUtils.java:logGet(44)) - raft.grpc.message.size.max = 32MB (=33554432) (custom)
2021-03-08 02:05:08,899 [Listener at 127.0.0.1/34517] INFO  server.RaftServerConfigKeys (ConfUtils.java:logGet(44)) - raft.server.log.appender.buffer.byte-limit = 33554432 (custom)
2021-03-08 02:05:08,899 [Listener at 127.0.0.1/34517] INFO  server.GrpcService (ConfUtils.java:logGet(44)) - raft.grpc.flow.control.window = 5MB (=5242880) (custom)
2021-03-08 02:05:08,899 [Listener at 127.0.0.1/34517] INFO  server.RaftServerConfigKeys (ConfUtils.java:logGet(44)) - raft.server.rpc.request.timeout = 3000ms (default)
2021-03-08 02:05:08,900 [Listener at 127.0.0.1/34517] INFO  impl.DataStreamServerImpl (ConfUtils.java:logGet(44)) - raft.datastream.type = DISABLED (default)
2021-03-08 02:05:08,900 [Listener at 127.0.0.1/34517] INFO  server.RaftServerConfigKeys (ConfUtils.java:logGet(44)) - raft.server.rpc.slowness.timeout = 300000ms (custom)
2021-03-08 02:05:08,900 [Listener at 127.0.0.1/34517] INFO  server.RaftServerConfigKeys (ConfUtils.java:logGet(44)) - raft.server.leaderelection.leader.step-down.wait-time = 10s (default)
2021-03-08 02:05:08,900 [Listener at 127.0.0.1/34517] INFO  server.RaftServerConfigKeys (ConfUtils.java:logGet(44)) - raft.server.storage.dir = [/github/workspace/mnt/ozone/hadoop-ozone/integration-test/target/test-dir/MiniOzoneClusterImpl-ccaa8949-4e5a-4858-a1f5-413699190f1a/datanode-4/data/ratis] (custom)
2021-03-08 02:05:08,930 [Listener at 127.0.0.1/34517] INFO  http.BaseHttpServer (BaseHttpServer.java:newHttpServer2BuilderForOzone(207)) - Starting Web-server for hddsDatanode at: http://0.0.0.0:0
2021-03-08 02:05:08,930 [Listener at 127.0.0.1/34517] INFO  http.BaseHttpServer (BaseHttpServer.java:<init>(106)) - Hadoop Security Enabled: false Ozone Security Enabled: false Ozone HTTP Security Enabled: false 
2021-03-08 02:05:08,931 [Listener at 127.0.0.1/34517] INFO  server.AuthenticationFilter (AuthenticationFilter.java:constructSecretProvider(240)) - Unable to initialize FileSignerSecretProvider, falling back to use random secrets.
2021-03-08 02:05:08,931 [Listener at 127.0.0.1/34517] WARN  http.HttpRequestLog (HttpRequestLog.java:getRequestLog(103)) - Jetty request log can only be enabled using Log4j
2021-03-08 02:05:08,932 [Listener at 127.0.0.1/34517] INFO  http.HttpServer2 (HttpServer2.java:addGlobalFilter(1020)) - Added global filter 'safety' (class=org.apache.hadoop.hdds.server.http.HttpServer2$QuotingInputFilter)
2021-03-08 02:05:08,932 [Listener at 127.0.0.1/34517] INFO  http.HttpServer2 (HttpServer2.java:addFilter(996)) - Added filter static_user_filter (class=org.apache.hadoop.http.lib.StaticUserWebFilter$StaticUserFilter) to context hddsDatanode
2021-03-08 02:05:08,933 [Listener at 127.0.0.1/34517] INFO  http.HttpServer2 (HttpServer2.java:addFilter(1004)) - Added filter static_user_filter (class=org.apache.hadoop.http.lib.StaticUserWebFilter$StaticUserFilter) to context static
2021-03-08 02:05:08,933 [Listener at 127.0.0.1/34517] INFO  http.HttpServer2 (HttpServer2.java:addFilter(1004)) - Added filter static_user_filter (class=org.apache.hadoop.http.lib.StaticUserWebFilter$StaticUserFilter) to context logs
2021-03-08 02:05:08,933 [Listener at 127.0.0.1/34517] INFO  http.HttpServer2 (HttpServer2.java:bindListener(1238)) - Jetty bound to port 42397
2021-03-08 02:05:08,933 [Listener at 127.0.0.1/34517] INFO  server.Server (Server.java:doStart(375)) - jetty-9.4.35.v20201120; built: 2020-11-20T21:17:03.964Z; git: bdc54f03a5e0a7e280fab27f55c3c75ee8da89fb; jvm 1.8.0_232-b09
2021-03-08 02:05:08,934 [Listener at 127.0.0.1/34517] INFO  server.session (DefaultSessionIdManager.java:doStart(334)) - DefaultSessionIdManager workerName=node0
2021-03-08 02:05:08,934 [Listener at 127.0.0.1/34517] INFO  server.session (DefaultSessionIdManager.java:doStart(339)) - No SessionScavenger set, using defaults
2021-03-08 02:05:08,934 [Listener at 127.0.0.1/34517] INFO  server.session (HouseKeeper.java:startScavenging(132)) - node0 Scavenging every 660000ms
2021-03-08 02:05:08,935 [Listener at 127.0.0.1/34517] INFO  handler.ContextHandler (ContextHandler.java:doStart(916)) - Started o.e.j.s.ServletContextHandler@6baf6d52{logs,/logs,file:///github/workspace/mnt/ozone/hadoop-ozone/integration-test/target/log,AVAILABLE}
2021-03-08 02:05:08,935 [Listener at 127.0.0.1/34517] INFO  handler.ContextHandler (ContextHandler.java:doStart(916)) - Started o.e.j.s.ServletContextHandler@c2740cf{static,/static,jar:file:/home/user/.m2/repository/org/apache/hadoop/hadoop-hdds-container-service/1.1.0-SNAPSHOT/hadoop-hdds-container-service-1.1.0-SNAPSHOT.jar!/webapps/static,AVAILABLE}
2021-03-08 02:05:09,096 [Listener at 127.0.0.1/34517] INFO  handler.ContextHandler (ContextHandler.java:doStart(916)) - Started o.e.j.w.WebAppContext@4fe506a{hddsDatanode,/,file:///tmp/jetty-0_0_0_0-42397-hadoop-hdds-container-service-1_1_0-SNAPSHOT_jar-_-any-4662654141607398556/webapp/,AVAILABLE}{jar:file:/home/user/.m2/repository/org/apache/hadoop/hadoop-hdds-container-service/1.1.0-SNAPSHOT/hadoop-hdds-container-service-1.1.0-SNAPSHOT.jar!/webapps/hddsDatanode}
2021-03-08 02:05:09,098 [Listener at 127.0.0.1/34517] INFO  server.AbstractConnector (AbstractConnector.java:doStart(331)) - Started ServerConnector@43b867ab{HTTP/1.1, (http/1.1)}{0.0.0.0:42397}
2021-03-08 02:05:09,098 [Listener at 127.0.0.1/34517] INFO  server.Server (Server.java:doStart(415)) - Started @367838ms
2021-03-08 02:05:09,098 [Listener at 127.0.0.1/34517] WARN  impl.MetricsSystemImpl (MetricsSystemImpl.java:register(279)) - Sink prometheus already exists!
2021-03-08 02:05:09,103 [Thread-4127] INFO  impl.FollowerState (FollowerState.java:run(133)) - om1@group-C5BA1605619E-FollowerState: change to CANDIDATE, lastRpcElapsedTime:1153340635ns, electionTimeout:1153ms
2021-03-08 02:05:09,103 [Thread-4127] INFO  impl.RoleInfo (RoleInfo.java:shutdownFollowerState(108)) - om1: shutdown om1@group-C5BA1605619E-FollowerState
2021-03-08 02:05:09,103 [Thread-4127] INFO  server.RaftServer$Division (RaftServerImpl.java:setRole(284)) - om1@group-C5BA1605619E: changes role from  FOLLOWER to CANDIDATE at term 0 for changeToCandidate
2021-03-08 02:05:09,103 [Thread-4127] INFO  server.RaftServerConfigKeys (ConfUtils.java:logGet(44)) - raft.server.leaderelection.pre-vote = false (custom)
2021-03-08 02:05:09,103 [Thread-4127] INFO  impl.RoleInfo (RoleInfo.java:updateAndGet(130)) - om1: start om1@group-C5BA1605619E-LeaderElection179
2021-03-08 02:05:09,106 [om1@group-C5BA1605619E-LeaderElection179] INFO  impl.LeaderElection (LeaderElection.java:askForVotes(307)) - om1@group-C5BA1605619E-LeaderElection179 ELECTION round 0: submit vote requests at term 1 for -1: [om1|rpc:localhost:9872|priority:0], old=null
2021-03-08 02:05:09,106 [om1@group-C5BA1605619E-LeaderElection179] INFO  impl.LeaderElection (LeaderElection.java:askForVotes(309)) - om1@group-C5BA1605619E-LeaderElection179 ELECTION round 0: result PASSED (term=1)
2021-03-08 02:05:09,106 [om1@group-C5BA1605619E-LeaderElection179] INFO  impl.RoleInfo (RoleInfo.java:shutdownLeaderElection(121)) - om1: shutdown om1@group-C5BA1605619E-LeaderElection179
2021-03-08 02:05:09,106 [om1@group-C5BA1605619E-LeaderElection179] INFO  server.RaftServer$Division (RaftServerImpl.java:setRole(284)) - om1@group-C5BA1605619E: changes role from CANDIDATE to LEADER at term 1 for changeToLeader
2021-03-08 02:05:09,106 [om1@group-C5BA1605619E-LeaderElection179] INFO  server.RaftServer$Division (ServerState.java:setLeader(271)) - om1@group-C5BA1605619E: change Leader from null to om1 at term 1 for becomeLeader, leader elected after 1197ms
2021-03-08 02:05:09,106 [om1@group-C5BA1605619E-LeaderElection179] INFO  server.RaftServerConfigKeys (ConfUtils.java:logGet(44)) - raft.server.staging.catchup.gap = 1000 (default)
2021-03-08 02:05:09,106 [om1@group-C5BA1605619E-LeaderElection179] INFO  metrics.RatisMetrics (RatisMetrics.java:lambda$create$0(36)) - Creating Metrics Registry : ratis.log_appender.om1@group-C5BA1605619E
2021-03-08 02:05:09,106 [om1@group-C5BA1605619E-LeaderElection179] INFO  server.RaftServerConfigKeys (ConfUtils.java:logGet(44)) - raft.server.write.element-limit = 4096 (default)
2021-03-08 02:05:09,106 [om1@group-C5BA1605619E-LeaderElection179] INFO  server.RaftServerConfigKeys (ConfUtils.java:logGet(44)) - raft.server.write.byte-limit = 64MB (=67108864) (default)
2021-03-08 02:05:09,107 [om1@group-C5BA1605619E-LeaderElection179] INFO  server.RaftServerConfigKeys (ConfUtils.java:logGet(44)) - raft.server.watch.timeout = 10s (default)
2021-03-08 02:05:09,107 [om1@group-C5BA1605619E-LeaderElection179] INFO  server.RaftServerConfigKeys (ConfUtils.java:logGet(44)) - raft.server.watch.timeout.denomination = 1s (default)
2021-03-08 02:05:09,107 [om1@group-C5BA1605619E-LeaderElection179] INFO  server.RaftServerConfigKeys (ConfUtils.java:logGet(44)) - raft.server.watch.element-limit = 65536 (default)
2021-03-08 02:05:09,107 [om1@group-C5BA1605619E-LeaderElection179] INFO  impl.RoleInfo (RoleInfo.java:updateAndGet(130)) - om1: start om1@group-C5BA1605619E-LeaderStateImpl
2021-03-08 02:05:09,108 [om1@group-C5BA1605619E-LeaderElection179] INFO  segmented.SegmentedRaftLogWorker (SegmentedRaftLogWorker.java:startLogSegment(392)) - om1@group-C5BA1605619E-SegmentedRaftLogWorker: Starting segment from index:0
2021-03-08 02:05:09,113 [om1@group-C5BA1605619E-LeaderElection179] INFO  server.RaftServer$Division (ServerState.java:setRaftConf(373)) - om1@group-C5BA1605619E: set configuration 0: [om1|rpc:localhost:9872|admin:|client:|dataStream:|priority:0], old=null
2021-03-08 02:05:09,125 [om1@group-C5BA1605619E-SegmentedRaftLogWorker] INFO  segmented.SegmentedRaftLogWorker (SegmentedRaftLogWorker.java:execute(599)) - om1@group-C5BA1605619E-SegmentedRaftLogWorker: created new log segment /github/workspace/mnt/ozone/hadoop-ozone/integration-test/target/test-dir/MiniOzoneClusterImpl-ccaa8949-4e5a-4858-a1f5-413699190f1a/ozone-meta/ratis/bf265839-605b-3f16-9796-c5ba1605619e/current/log_inprogress_0
2021-03-08 02:05:09,127 [Listener at 127.0.0.1/34517] INFO  http.BaseHttpServer (BaseHttpServer.java:updateConnectorAddress(327)) - HTTP server of hddsDatanode listening at http://0.0.0.0:42397
2021-03-08 02:05:09,127 [Listener at 127.0.0.1/34517] INFO  impl.MetricsSystemImpl (MetricsSystemImpl.java:init(158)) - HddsDatanode metrics system started (again)
2021-03-08 02:05:09,130 [Listener at 127.0.0.1/34517] INFO  ozone.HddsDatanodeService (HddsDatanodeService.java:start(217)) - HddsDatanodeService host:55665278a03a ip:172.17.0.2
2021-03-08 02:05:09,134 [Listener at 127.0.0.1/34517] INFO  volume.HddsVolume (HddsVolume.java:<init>(176)) - Creating Volume: /github/workspace/mnt/ozone/hadoop-ozone/integration-test/target/test-dir/MiniOzoneClusterImpl-ccaa8949-4e5a-4858-a1f5-413699190f1a/datanode-5/data-0/containers/hdds of storage type : DISK and capacity : 9223372036854775807
2021-03-08 02:05:09,134 [Listener at 127.0.0.1/34517] INFO  volume.MutableVolumeSet (MutableVolumeSet.java:initializeVolumeSet(179)) - Added Volume : /github/workspace/mnt/ozone/hadoop-ozone/integration-test/target/test-dir/MiniOzoneClusterImpl-ccaa8949-4e5a-4858-a1f5-413699190f1a/datanode-5/data-0/containers/hdds to VolumeSet
2021-03-08 02:05:09,134 [Listener at 127.0.0.1/34517] INFO  volume.ThrottledAsyncChecker (ThrottledAsyncChecker.java:schedule(141)) - Scheduling a check for /github/workspace/mnt/ozone/hadoop-ozone/integration-test/target/test-dir/MiniOzoneClusterImpl-ccaa8949-4e5a-4858-a1f5-413699190f1a/datanode-5/data-0/containers/hdds
2021-03-08 02:05:09,134 [org.apache.hadoop.util.JvmPauseMonitor$Monitor@1cefc488] INFO  util.JvmPauseMonitor (JvmPauseMonitor.java:run(188)) - Starting JVM pause monitor
2021-03-08 02:05:09,135 [Datanode State Machine Task Thread - 0] INFO  datanode.InitDatanodeState (InitDatanodeState.java:persistContainerDatanodeDetails(145)) - DatanodeDetails is persisted to /github/workspace/mnt/ozone/hadoop-ozone/integration-test/target/test-dir/MiniOzoneClusterImpl-ccaa8949-4e5a-4858-a1f5-413699190f1a/datanode-4/meta/datanode.id
2021-03-08 02:05:09,135 [Listener at 127.0.0.1/34517] INFO  volume.HddsVolumeChecker (HddsVolumeChecker.java:checkAllVolumes(200)) - Scheduled health check for volume /github/workspace/mnt/ozone/hadoop-ozone/integration-test/target/test-dir/MiniOzoneClusterImpl-ccaa8949-4e5a-4858-a1f5-413699190f1a/datanode-5/data-0/containers/hdds
2021-03-08 02:05:09,149 [Thread-4217] INFO  ozoneimpl.ContainerReader (ContainerReader.java:readVolume(125)) - Start to verify containers on volume /github/workspace/mnt/ozone/hadoop-ozone/integration-test/target/test-dir/MiniOzoneClusterImpl-ccaa8949-4e5a-4858-a1f5-413699190f1a/datanode-5/data-0/containers/hdds
2021-03-08 02:05:09,149 [Thread-4217] INFO  ozoneimpl.ContainerReader (ContainerReader.java:readVolume(150)) - Finish verifying containers on volume /github/workspace/mnt/ozone/hadoop-ozone/integration-test/target/test-dir/MiniOzoneClusterImpl-ccaa8949-4e5a-4858-a1f5-413699190f1a/datanode-5/data-0/containers/hdds
2021-03-08 02:05:09,149 [Listener at 127.0.0.1/34517] INFO  ozoneimpl.OzoneContainer (OzoneContainer.java:buildContainerSet(206)) - Build ContainerSet costs 0s
2021-03-08 02:05:09,150 [Listener at 127.0.0.1/34517] INFO  server.RaftServer (ConfUtils.java:logGet(44)) - raft.rpc.type = GRPC (default)
2021-03-08 02:05:09,150 [Listener at 127.0.0.1/34517] INFO  grpc.GrpcFactory (GrpcFactory.java:checkPooledByteBufAllocatorUseCacheForAllThreads(48)) - PERFORMANCE WARNING: useCacheForAllThreads is true that may cause Netty to create a lot garbage objects and, as a result, trigger GC.
	It is recommended to disable useCacheForAllThreads by setting -Dorg.apache.ratis.thirdparty.io.netty.allocator.useCacheForAllThreads=false in command line.
2021-03-08 02:05:09,151 [Listener at 127.0.0.1/34517] INFO  grpc.GrpcConfigKeys (ConfUtils.java:logGet(44)) - raft.grpc.admin.port = 0 (custom)
2021-03-08 02:05:09,151 [Listener at 127.0.0.1/34517] INFO  grpc.GrpcConfigKeys (ConfUtils.java:logGet(44)) - raft.grpc.client.port = 0 (custom)
2021-03-08 02:05:09,151 [Listener at 127.0.0.1/34517] INFO  grpc.GrpcConfigKeys (ConfUtils.java:logGet(44)) - raft.grpc.server.port = 0 (default)
2021-03-08 02:05:09,151 [Listener at 127.0.0.1/34517] INFO  server.GrpcService (ConfUtils.java:logGet(44)) - raft.grpc.message.size.max = 32MB (=33554432) (custom)
2021-03-08 02:05:09,151 [Listener at 127.0.0.1/34517] INFO  server.RaftServerConfigKeys (ConfUtils.java:logGet(44)) - raft.server.log.appender.buffer.byte-limit = 33554432 (custom)
2021-03-08 02:05:09,151 [Listener at 127.0.0.1/34517] INFO  server.GrpcService (ConfUtils.java:logGet(44)) - raft.grpc.flow.control.window = 5MB (=5242880) (custom)
2021-03-08 02:05:09,151 [Listener at 127.0.0.1/34517] INFO  server.RaftServerConfigKeys (ConfUtils.java:logGet(44)) - raft.server.rpc.request.timeout = 3000ms (default)
2021-03-08 02:05:09,152 [Listener at 127.0.0.1/34517] INFO  impl.DataStreamServerImpl (ConfUtils.java:logGet(44)) - raft.datastream.type = DISABLED (default)
2021-03-08 02:05:09,152 [Listener at 127.0.0.1/34517] INFO  server.RaftServerConfigKeys (ConfUtils.java:logGet(44)) - raft.server.rpc.slowness.timeout = 300000ms (custom)
2021-03-08 02:05:09,152 [Listener at 127.0.0.1/34517] INFO  server.RaftServerConfigKeys (ConfUtils.java:logGet(44)) - raft.server.leaderelection.leader.step-down.wait-time = 10s (default)
2021-03-08 02:05:09,152 [Listener at 127.0.0.1/34517] INFO  server.RaftServerConfigKeys (ConfUtils.java:logGet(44)) - raft.server.storage.dir = [/github/workspace/mnt/ozone/hadoop-ozone/integration-test/target/test-dir/MiniOzoneClusterImpl-ccaa8949-4e5a-4858-a1f5-413699190f1a/datanode-5/data/ratis] (custom)
2021-03-08 02:05:09,157 [Listener at 127.0.0.1/34517] INFO  http.BaseHttpServer (BaseHttpServer.java:newHttpServer2BuilderForOzone(207)) - Starting Web-server for hddsDatanode at: http://0.0.0.0:0
2021-03-08 02:05:09,157 [Listener at 127.0.0.1/34517] INFO  http.BaseHttpServer (BaseHttpServer.java:<init>(106)) - Hadoop Security Enabled: false Ozone Security Enabled: false Ozone HTTP Security Enabled: false 
2021-03-08 02:05:09,157 [Listener at 127.0.0.1/34517] INFO  server.AuthenticationFilter (AuthenticationFilter.java:constructSecretProvider(240)) - Unable to initialize FileSignerSecretProvider, falling back to use random secrets.
2021-03-08 02:05:09,158 [Listener at 127.0.0.1/34517] WARN  http.HttpRequestLog (HttpRequestLog.java:getRequestLog(103)) - Jetty request log can only be enabled using Log4j
2021-03-08 02:05:09,158 [Listener at 127.0.0.1/34517] INFO  http.HttpServer2 (HttpServer2.java:addGlobalFilter(1020)) - Added global filter 'safety' (class=org.apache.hadoop.hdds.server.http.HttpServer2$QuotingInputFilter)
2021-03-08 02:05:09,159 [Listener at 127.0.0.1/34517] INFO  http.HttpServer2 (HttpServer2.java:addFilter(996)) - Added filter static_user_filter (class=org.apache.hadoop.http.lib.StaticUserWebFilter$StaticUserFilter) to context hddsDatanode
2021-03-08 02:05:09,159 [Listener at 127.0.0.1/34517] INFO  http.HttpServer2 (HttpServer2.java:addFilter(1004)) - Added filter static_user_filter (class=org.apache.hadoop.http.lib.StaticUserWebFilter$StaticUserFilter) to context static
2021-03-08 02:05:09,159 [Listener at 127.0.0.1/34517] INFO  http.HttpServer2 (HttpServer2.java:addFilter(1004)) - Added filter static_user_filter (class=org.apache.hadoop.http.lib.StaticUserWebFilter$StaticUserFilter) to context logs
2021-03-08 02:05:09,159 [Listener at 127.0.0.1/34517] INFO  http.HttpServer2 (HttpServer2.java:bindListener(1238)) - Jetty bound to port 42459
2021-03-08 02:05:09,159 [Listener at 127.0.0.1/34517] INFO  server.Server (Server.java:doStart(375)) - jetty-9.4.35.v20201120; built: 2020-11-20T21:17:03.964Z; git: bdc54f03a5e0a7e280fab27f55c3c75ee8da89fb; jvm 1.8.0_232-b09
2021-03-08 02:05:09,161 [Listener at 127.0.0.1/34517] INFO  server.session (DefaultSessionIdManager.java:doStart(334)) - DefaultSessionIdManager workerName=node0
2021-03-08 02:05:09,161 [Listener at 127.0.0.1/34517] INFO  server.session (DefaultSessionIdManager.java:doStart(339)) - No SessionScavenger set, using defaults
2021-03-08 02:05:09,162 [Listener at 127.0.0.1/34517] INFO  server.session (HouseKeeper.java:startScavenging(132)) - node0 Scavenging every 660000ms
2021-03-08 02:05:09,162 [Listener at 127.0.0.1/34517] INFO  handler.ContextHandler (ContextHandler.java:doStart(916)) - Started o.e.j.s.ServletContextHandler@6678d112{logs,/logs,file:///github/workspace/mnt/ozone/hadoop-ozone/integration-test/target/log,AVAILABLE}
2021-03-08 02:05:09,162 [Listener at 127.0.0.1/34517] INFO  handler.ContextHandler (ContextHandler.java:doStart(916)) - Started o.e.j.s.ServletContextHandler@62753f40{static,/static,jar:file:/home/user/.m2/repository/org/apache/hadoop/hadoop-hdds-container-service/1.1.0-SNAPSHOT/hadoop-hdds-container-service-1.1.0-SNAPSHOT.jar!/webapps/static,AVAILABLE}
2021-03-08 02:05:09,313 [Listener at 127.0.0.1/34517] INFO  handler.ContextHandler (ContextHandler.java:doStart(916)) - Started o.e.j.w.WebAppContext@29c72736{hddsDatanode,/,file:///tmp/jetty-0_0_0_0-42459-hadoop-hdds-container-service-1_1_0-SNAPSHOT_jar-_-any-7911300906542246621/webapp/,AVAILABLE}{jar:file:/home/user/.m2/repository/org/apache/hadoop/hadoop-hdds-container-service/1.1.0-SNAPSHOT/hadoop-hdds-container-service-1.1.0-SNAPSHOT.jar!/webapps/hddsDatanode}
2021-03-08 02:05:09,315 [Listener at 127.0.0.1/34517] INFO  server.AbstractConnector (AbstractConnector.java:doStart(331)) - Started ServerConnector@27cbd9f7{HTTP/1.1, (http/1.1)}{0.0.0.0:42459}
2021-03-08 02:05:09,315 [Listener at 127.0.0.1/34517] INFO  server.Server (Server.java:doStart(415)) - Started @368056ms
2021-03-08 02:05:09,315 [Listener at 127.0.0.1/34517] WARN  impl.MetricsSystemImpl (MetricsSystemImpl.java:register(279)) - Sink prometheus already exists!
2021-03-08 02:05:09,318 [Listener at 127.0.0.1/34517] INFO  http.BaseHttpServer (BaseHttpServer.java:updateConnectorAddress(327)) - HTTP server of hddsDatanode listening at http://0.0.0.0:42459
2021-03-08 02:05:09,321 [Listener at 127.0.0.1/34517] INFO  impl.MetricsSystemImpl (MetricsSystemImpl.java:init(158)) - HddsDatanode metrics system started (again)
2021-03-08 02:05:09,324 [Listener at 127.0.0.1/34517] INFO  ozone.HddsDatanodeService (HddsDatanodeService.java:start(217)) - HddsDatanodeService host:55665278a03a ip:172.17.0.2
2021-03-08 02:05:09,325 [Listener at 127.0.0.1/34517] INFO  volume.HddsVolume (HddsVolume.java:<init>(176)) - Creating Volume: /github/workspace/mnt/ozone/hadoop-ozone/integration-test/target/test-dir/MiniOzoneClusterImpl-ccaa8949-4e5a-4858-a1f5-413699190f1a/datanode-6/data-0/containers/hdds of storage type : DISK and capacity : 9223372036854775807
2021-03-08 02:05:09,325 [Listener at 127.0.0.1/34517] INFO  volume.MutableVolumeSet (MutableVolumeSet.java:initializeVolumeSet(179)) - Added Volume : /github/workspace/mnt/ozone/hadoop-ozone/integration-test/target/test-dir/MiniOzoneClusterImpl-ccaa8949-4e5a-4858-a1f5-413699190f1a/datanode-6/data-0/containers/hdds to VolumeSet
2021-03-08 02:05:09,325 [Listener at 127.0.0.1/34517] INFO  volume.ThrottledAsyncChecker (ThrottledAsyncChecker.java:schedule(141)) - Scheduling a check for /github/workspace/mnt/ozone/hadoop-ozone/integration-test/target/test-dir/MiniOzoneClusterImpl-ccaa8949-4e5a-4858-a1f5-413699190f1a/datanode-6/data-0/containers/hdds
2021-03-08 02:05:09,329 [org.apache.hadoop.util.JvmPauseMonitor$Monitor@567b84aa] INFO  util.JvmPauseMonitor (JvmPauseMonitor.java:run(188)) - Starting JVM pause monitor
2021-03-08 02:05:09,329 [Listener at 127.0.0.1/34517] INFO  volume.HddsVolumeChecker (HddsVolumeChecker.java:checkAllVolumes(200)) - Scheduled health check for volume /github/workspace/mnt/ozone/hadoop-ozone/integration-test/target/test-dir/MiniOzoneClusterImpl-ccaa8949-4e5a-4858-a1f5-413699190f1a/datanode-6/data-0/containers/hdds
2021-03-08 02:05:09,333 [Datanode State Machine Task Thread - 0] INFO  datanode.InitDatanodeState (InitDatanodeState.java:persistContainerDatanodeDetails(145)) - DatanodeDetails is persisted to /github/workspace/mnt/ozone/hadoop-ozone/integration-test/target/test-dir/MiniOzoneClusterImpl-ccaa8949-4e5a-4858-a1f5-413699190f1a/datanode-5/meta/datanode.id
2021-03-08 02:05:09,345 [Thread-4228] INFO  ozoneimpl.ContainerReader (ContainerReader.java:readVolume(125)) - Start to verify containers on volume /github/workspace/mnt/ozone/hadoop-ozone/integration-test/target/test-dir/MiniOzoneClusterImpl-ccaa8949-4e5a-4858-a1f5-413699190f1a/datanode-6/data-0/containers/hdds
2021-03-08 02:05:09,345 [Thread-4228] INFO  ozoneimpl.ContainerReader (ContainerReader.java:readVolume(150)) - Finish verifying containers on volume /github/workspace/mnt/ozone/hadoop-ozone/integration-test/target/test-dir/MiniOzoneClusterImpl-ccaa8949-4e5a-4858-a1f5-413699190f1a/datanode-6/data-0/containers/hdds
2021-03-08 02:05:09,345 [Listener at 127.0.0.1/34517] INFO  ozoneimpl.OzoneContainer (OzoneContainer.java:buildContainerSet(206)) - Build ContainerSet costs 0s
2021-03-08 02:05:09,346 [Listener at 127.0.0.1/34517] INFO  server.RaftServer (ConfUtils.java:logGet(44)) - raft.rpc.type = GRPC (default)
2021-03-08 02:05:09,346 [Listener at 127.0.0.1/34517] INFO  grpc.GrpcFactory (GrpcFactory.java:checkPooledByteBufAllocatorUseCacheForAllThreads(48)) - PERFORMANCE WARNING: useCacheForAllThreads is true that may cause Netty to create a lot garbage objects and, as a result, trigger GC.
	It is recommended to disable useCacheForAllThreads by setting -Dorg.apache.ratis.thirdparty.io.netty.allocator.useCacheForAllThreads=false in command line.
2021-03-08 02:05:09,346 [Listener at 127.0.0.1/34517] INFO  grpc.GrpcConfigKeys (ConfUtils.java:logGet(44)) - raft.grpc.admin.port = 0 (custom)
2021-03-08 02:05:09,346 [Listener at 127.0.0.1/34517] INFO  grpc.GrpcConfigKeys (ConfUtils.java:logGet(44)) - raft.grpc.client.port = 0 (custom)
2021-03-08 02:05:09,346 [Listener at 127.0.0.1/34517] INFO  grpc.GrpcConfigKeys (ConfUtils.java:logGet(44)) - raft.grpc.server.port = 0 (default)
2021-03-08 02:05:09,346 [Listener at 127.0.0.1/34517] INFO  server.GrpcService (ConfUtils.java:logGet(44)) - raft.grpc.message.size.max = 32MB (=33554432) (custom)
2021-03-08 02:05:09,347 [Listener at 127.0.0.1/34517] INFO  server.RaftServerConfigKeys (ConfUtils.java:logGet(44)) - raft.server.log.appender.buffer.byte-limit = 33554432 (custom)
2021-03-08 02:05:09,347 [Listener at 127.0.0.1/34517] INFO  server.GrpcService (ConfUtils.java:logGet(44)) - raft.grpc.flow.control.window = 5MB (=5242880) (custom)
2021-03-08 02:05:09,347 [Listener at 127.0.0.1/34517] INFO  server.RaftServerConfigKeys (ConfUtils.java:logGet(44)) - raft.server.rpc.request.timeout = 3000ms (default)
2021-03-08 02:05:09,348 [Listener at 127.0.0.1/34517] INFO  impl.DataStreamServerImpl (ConfUtils.java:logGet(44)) - raft.datastream.type = DISABLED (default)
2021-03-08 02:05:09,348 [Listener at 127.0.0.1/34517] INFO  server.RaftServerConfigKeys (ConfUtils.java:logGet(44)) - raft.server.rpc.slowness.timeout = 300000ms (custom)
2021-03-08 02:05:09,348 [Listener at 127.0.0.1/34517] INFO  server.RaftServerConfigKeys (ConfUtils.java:logGet(44)) - raft.server.leaderelection.leader.step-down.wait-time = 10s (default)
2021-03-08 02:05:09,348 [Listener at 127.0.0.1/34517] INFO  server.RaftServerConfigKeys (ConfUtils.java:logGet(44)) - raft.server.storage.dir = [/github/workspace/mnt/ozone/hadoop-ozone/integration-test/target/test-dir/MiniOzoneClusterImpl-ccaa8949-4e5a-4858-a1f5-413699190f1a/datanode-6/data/ratis] (custom)
2021-03-08 02:05:09,352 [Listener at 127.0.0.1/34517] INFO  http.BaseHttpServer (BaseHttpServer.java:newHttpServer2BuilderForOzone(207)) - Starting Web-server for hddsDatanode at: http://0.0.0.0:0
2021-03-08 02:05:09,352 [Listener at 127.0.0.1/34517] INFO  http.BaseHttpServer (BaseHttpServer.java:<init>(106)) - Hadoop Security Enabled: false Ozone Security Enabled: false Ozone HTTP Security Enabled: false 
2021-03-08 02:05:09,353 [Listener at 127.0.0.1/34517] INFO  server.AuthenticationFilter (AuthenticationFilter.java:constructSecretProvider(240)) - Unable to initialize FileSignerSecretProvider, falling back to use random secrets.
2021-03-08 02:05:09,353 [Listener at 127.0.0.1/34517] WARN  http.HttpRequestLog (HttpRequestLog.java:getRequestLog(103)) - Jetty request log can only be enabled using Log4j
2021-03-08 02:05:09,354 [Listener at 127.0.0.1/34517] INFO  http.HttpServer2 (HttpServer2.java:addGlobalFilter(1020)) - Added global filter 'safety' (class=org.apache.hadoop.hdds.server.http.HttpServer2$QuotingInputFilter)
2021-03-08 02:05:09,354 [Listener at 127.0.0.1/34517] INFO  http.HttpServer2 (HttpServer2.java:addFilter(996)) - Added filter static_user_filter (class=org.apache.hadoop.http.lib.StaticUserWebFilter$StaticUserFilter) to context hddsDatanode
2021-03-08 02:05:09,354 [Listener at 127.0.0.1/34517] INFO  http.HttpServer2 (HttpServer2.java:addFilter(1004)) - Added filter static_user_filter (class=org.apache.hadoop.http.lib.StaticUserWebFilter$StaticUserFilter) to context static
2021-03-08 02:05:09,354 [Listener at 127.0.0.1/34517] INFO  http.HttpServer2 (HttpServer2.java:addFilter(1004)) - Added filter static_user_filter (class=org.apache.hadoop.http.lib.StaticUserWebFilter$StaticUserFilter) to context logs
2021-03-08 02:05:09,355 [Listener at 127.0.0.1/34517] INFO  http.HttpServer2 (HttpServer2.java:bindListener(1238)) - Jetty bound to port 34131
2021-03-08 02:05:09,355 [Listener at 127.0.0.1/34517] INFO  server.Server (Server.java:doStart(375)) - jetty-9.4.35.v20201120; built: 2020-11-20T21:17:03.964Z; git: bdc54f03a5e0a7e280fab27f55c3c75ee8da89fb; jvm 1.8.0_232-b09
2021-03-08 02:05:09,356 [Listener at 127.0.0.1/34517] INFO  server.session (DefaultSessionIdManager.java:doStart(334)) - DefaultSessionIdManager workerName=node0
2021-03-08 02:05:09,356 [Listener at 127.0.0.1/34517] INFO  server.session (DefaultSessionIdManager.java:doStart(339)) - No SessionScavenger set, using defaults
2021-03-08 02:05:09,356 [Listener at 127.0.0.1/34517] INFO  server.session (HouseKeeper.java:startScavenging(132)) - node0 Scavenging every 660000ms
2021-03-08 02:05:09,357 [Listener at 127.0.0.1/34517] INFO  handler.ContextHandler (ContextHandler.java:doStart(916)) - Started o.e.j.s.ServletContextHandler@5ce95f3c{logs,/logs,file:///github/workspace/mnt/ozone/hadoop-ozone/integration-test/target/log,AVAILABLE}
2021-03-08 02:05:09,357 [Listener at 127.0.0.1/34517] INFO  handler.ContextHandler (ContextHandler.java:doStart(916)) - Started o.e.j.s.ServletContextHandler@362490c6{static,/static,jar:file:/home/user/.m2/repository/org/apache/hadoop/hadoop-hdds-container-service/1.1.0-SNAPSHOT/hadoop-hdds-container-service-1.1.0-SNAPSHOT.jar!/webapps/static,AVAILABLE}
2021-03-08 02:05:09,510 [Listener at 127.0.0.1/34517] INFO  handler.ContextHandler (ContextHandler.java:doStart(916)) - Started o.e.j.w.WebAppContext@b2c519b{hddsDatanode,/,file:///tmp/jetty-0_0_0_0-34131-hadoop-hdds-container-service-1_1_0-SNAPSHOT_jar-_-any-8161658774285496507/webapp/,AVAILABLE}{jar:file:/home/user/.m2/repository/org/apache/hadoop/hadoop-hdds-container-service/1.1.0-SNAPSHOT/hadoop-hdds-container-service-1.1.0-SNAPSHOT.jar!/webapps/hddsDatanode}
2021-03-08 02:05:09,511 [Listener at 127.0.0.1/34517] INFO  server.AbstractConnector (AbstractConnector.java:doStart(331)) - Started ServerConnector@4a067cfb{HTTP/1.1, (http/1.1)}{0.0.0.0:34131}
2021-03-08 02:05:09,511 [Listener at 127.0.0.1/34517] INFO  server.Server (Server.java:doStart(415)) - Started @368252ms
2021-03-08 02:05:09,511 [Listener at 127.0.0.1/34517] WARN  impl.MetricsSystemImpl (MetricsSystemImpl.java:register(279)) - Sink prometheus already exists!
2021-03-08 02:05:09,540 [Listener at 127.0.0.1/34517] INFO  http.BaseHttpServer (BaseHttpServer.java:updateConnectorAddress(327)) - HTTP server of hddsDatanode listening at http://0.0.0.0:34131
2021-03-08 02:05:09,540 [Listener at 127.0.0.1/34517] INFO  ozone.MiniOzoneClusterImpl (MiniOzoneClusterImpl.java:lambda$waitForClusterToBeReady$0(187)) - Waiting for nodes to be ready. Got 0 of 7 DN Heartbeats.
2021-03-08 02:05:09,540 [Listener at 127.0.0.1/34517] INFO  ozone.MiniOzoneClusterImpl (MiniOzoneClusterImpl.java:lambda$waitForClusterToBeReady$0(190)) - Waiting for cluster to exit safe mode
2021-03-08 02:05:09,543 [org.apache.hadoop.util.JvmPauseMonitor$Monitor@c82e01e] INFO  util.JvmPauseMonitor (JvmPauseMonitor.java:run(188)) - Starting JVM pause monitor
2021-03-08 02:05:09,545 [Datanode State Machine Task Thread - 0] INFO  datanode.InitDatanodeState (InitDatanodeState.java:persistContainerDatanodeDetails(145)) - DatanodeDetails is persisted to /github/workspace/mnt/ozone/hadoop-ozone/integration-test/target/test-dir/MiniOzoneClusterImpl-ccaa8949-4e5a-4858-a1f5-413699190f1a/datanode-6/meta/datanode.id
2021-03-08 02:05:10,253 [EndpointStateMachine task thread for /0.0.0.0:37553 - 0 ] INFO  ozoneimpl.OzoneContainer (OzoneContainer.java:start(255)) - Attempting to start container services.
2021-03-08 02:05:10,254 [EndpointStateMachine task thread for /0.0.0.0:37553 - 0 ] INFO  ozoneimpl.OzoneContainer (OzoneContainer.java:startContainerScrub(219)) - Background container scanner has been disabled.
2021-03-08 02:05:10,254 [EndpointStateMachine task thread for /0.0.0.0:37553 - 0 ] INFO  replication.ReplicationServer (ReplicationServer.java:start(106)) - ReplicationServer is started using port 38411
2021-03-08 02:05:10,254 [EndpointStateMachine task thread for /0.0.0.0:37553 - 0 ] INFO  ratis.XceiverServerRatis (XceiverServerRatis.java:start(486)) - Starting XceiverServerRatis 92084499-c42d-4e9c-90ed-faecbf58ca46
2021-03-08 02:05:10,255 [EndpointStateMachine task thread for /0.0.0.0:37553 - 0 ] INFO  server.RaftServer (RaftServerProxy.java:lambda$start$5(374)) - 92084499-c42d-4e9c-90ed-faecbf58ca46: start RPC server
2021-03-08 02:05:10,255 [EndpointStateMachine task thread for /0.0.0.0:37553 - 0 ] INFO  server.GrpcService (GrpcService.java:startImpl(253)) - 92084499-c42d-4e9c-90ed-faecbf58ca46: GrpcService started, listening on 44599
2021-03-08 02:05:10,256 [EndpointStateMachine task thread for /0.0.0.0:37553 - 0 ] INFO  ratis.XceiverServerRatis (XceiverServerRatis.java:getRealPort(507)) - XceiverServerRatis 92084499-c42d-4e9c-90ed-faecbf58ca46 is started using port 44599 for RATIS
2021-03-08 02:05:10,256 [org.apache.ratis.util.JvmPauseMonitor$$Lambda$504/1646982022@3faddfd] INFO  util.JvmPauseMonitor (JvmPauseMonitor.java:run(103)) - JvmPauseMonitor-92084499-c42d-4e9c-90ed-faecbf58ca46: Started
2021-03-08 02:05:10,256 [EndpointStateMachine task thread for /0.0.0.0:37553 - 0 ] INFO  ratis.XceiverServerRatis (XceiverServerRatis.java:getRealPort(507)) - XceiverServerRatis 92084499-c42d-4e9c-90ed-faecbf58ca46 is started using port 44599 for RATIS_ADMIN
2021-03-08 02:05:10,256 [EndpointStateMachine task thread for /0.0.0.0:37553 - 0 ] INFO  ratis.XceiverServerRatis (XceiverServerRatis.java:getRealPort(507)) - XceiverServerRatis 92084499-c42d-4e9c-90ed-faecbf58ca46 is started using port 44599 for RATIS_SERVER
2021-03-08 02:05:10,256 [EndpointStateMachine task thread for /0.0.0.0:37553 - 0 ] INFO  server.XceiverServerGrpc (XceiverServerGrpc.java:start(135)) - XceiverServerGrpc 92084499-c42d-4e9c-90ed-faecbf58ca46 is started using port 46429
2021-03-08 02:05:10,463 [EndpointStateMachine task thread for /0.0.0.0:37553 - 0 ] INFO  ozoneimpl.OzoneContainer (OzoneContainer.java:start(255)) - Attempting to start container services.
2021-03-08 02:05:10,463 [EndpointStateMachine task thread for /0.0.0.0:37553 - 0 ] INFO  ozoneimpl.OzoneContainer (OzoneContainer.java:startContainerScrub(219)) - Background container scanner has been disabled.
2021-03-08 02:05:10,464 [EndpointStateMachine task thread for /0.0.0.0:37553 - 0 ] INFO  replication.ReplicationServer (ReplicationServer.java:start(106)) - ReplicationServer is started using port 35637
2021-03-08 02:05:10,464 [EndpointStateMachine task thread for /0.0.0.0:37553 - 0 ] INFO  ratis.XceiverServerRatis (XceiverServerRatis.java:start(486)) - Starting XceiverServerRatis 6ba9ab1d-3af3-415d-b63e-d033c6891994
2021-03-08 02:05:10,464 [EndpointStateMachine task thread for /0.0.0.0:37553 - 0 ] INFO  server.RaftServer (RaftServerProxy.java:lambda$start$5(374)) - 6ba9ab1d-3af3-415d-b63e-d033c6891994: start RPC server
2021-03-08 02:05:10,465 [EndpointStateMachine task thread for /0.0.0.0:37553 - 0 ] INFO  server.GrpcService (GrpcService.java:startImpl(253)) - 6ba9ab1d-3af3-415d-b63e-d033c6891994: GrpcService started, listening on 33141
2021-03-08 02:05:10,465 [EndpointStateMachine task thread for /0.0.0.0:37553 - 0 ] INFO  ratis.XceiverServerRatis (XceiverServerRatis.java:getRealPort(507)) - XceiverServerRatis 6ba9ab1d-3af3-415d-b63e-d033c6891994 is started using port 33141 for RATIS
2021-03-08 02:05:10,465 [EndpointStateMachine task thread for /0.0.0.0:37553 - 0 ] INFO  ratis.XceiverServerRatis (XceiverServerRatis.java:getRealPort(507)) - XceiverServerRatis 6ba9ab1d-3af3-415d-b63e-d033c6891994 is started using port 33141 for RATIS_ADMIN
2021-03-08 02:05:10,465 [org.apache.ratis.util.JvmPauseMonitor$$Lambda$504/1646982022@52569adb] INFO  util.JvmPauseMonitor (JvmPauseMonitor.java:run(103)) - JvmPauseMonitor-6ba9ab1d-3af3-415d-b63e-d033c6891994: Started
2021-03-08 02:05:10,465 [EndpointStateMachine task thread for /0.0.0.0:37553 - 0 ] INFO  ratis.XceiverServerRatis (XceiverServerRatis.java:getRealPort(507)) - XceiverServerRatis 6ba9ab1d-3af3-415d-b63e-d033c6891994 is started using port 33141 for RATIS_SERVER
2021-03-08 02:05:10,466 [EndpointStateMachine task thread for /0.0.0.0:37553 - 0 ] INFO  server.XceiverServerGrpc (XceiverServerGrpc.java:start(135)) - XceiverServerGrpc 6ba9ab1d-3af3-415d-b63e-d033c6891994 is started using port 38047
2021-03-08 02:05:10,541 [Listener at 127.0.0.1/34517] INFO  ozone.MiniOzoneClusterImpl (MiniOzoneClusterImpl.java:lambda$waitForClusterToBeReady$0(187)) - Waiting for nodes to be ready. Got 0 of 7 DN Heartbeats.
2021-03-08 02:05:10,541 [Listener at 127.0.0.1/34517] INFO  ozone.MiniOzoneClusterImpl (MiniOzoneClusterImpl.java:lambda$waitForClusterToBeReady$0(190)) - Waiting for cluster to exit safe mode
2021-03-08 02:05:10,679 [EndpointStateMachine task thread for /0.0.0.0:37553 - 0 ] INFO  ozoneimpl.OzoneContainer (OzoneContainer.java:start(255)) - Attempting to start container services.
2021-03-08 02:05:10,679 [EndpointStateMachine task thread for /0.0.0.0:37553 - 0 ] INFO  ozoneimpl.OzoneContainer (OzoneContainer.java:startContainerScrub(219)) - Background container scanner has been disabled.
2021-03-08 02:05:10,680 [EndpointStateMachine task thread for /0.0.0.0:37553 - 0 ] INFO  replication.ReplicationServer (ReplicationServer.java:start(106)) - ReplicationServer is started using port 42419
2021-03-08 02:05:10,680 [EndpointStateMachine task thread for /0.0.0.0:37553 - 0 ] INFO  ratis.XceiverServerRatis (XceiverServerRatis.java:start(486)) - Starting XceiverServerRatis bc98b27f-878f-4dad-a502-417d70977e4e
2021-03-08 02:05:10,681 [EndpointStateMachine task thread for /0.0.0.0:37553 - 0 ] INFO  server.RaftServer (RaftServerProxy.java:lambda$start$5(374)) - bc98b27f-878f-4dad-a502-417d70977e4e: start RPC server
2021-03-08 02:05:10,681 [EndpointStateMachine task thread for /0.0.0.0:37553 - 0 ] INFO  server.GrpcService (GrpcService.java:startImpl(253)) - bc98b27f-878f-4dad-a502-417d70977e4e: GrpcService started, listening on 44359
2021-03-08 02:05:10,681 [EndpointStateMachine task thread for /0.0.0.0:37553 - 0 ] INFO  ratis.XceiverServerRatis (XceiverServerRatis.java:getRealPort(507)) - XceiverServerRatis bc98b27f-878f-4dad-a502-417d70977e4e is started using port 44359 for RATIS
2021-03-08 02:05:10,681 [org.apache.ratis.util.JvmPauseMonitor$$Lambda$504/1646982022@7c77ee91] INFO  util.JvmPauseMonitor (JvmPauseMonitor.java:run(103)) - JvmPauseMonitor-bc98b27f-878f-4dad-a502-417d70977e4e: Started
2021-03-08 02:05:10,681 [EndpointStateMachine task thread for /0.0.0.0:37553 - 0 ] INFO  ratis.XceiverServerRatis (XceiverServerRatis.java:getRealPort(507)) - XceiverServerRatis bc98b27f-878f-4dad-a502-417d70977e4e is started using port 44359 for RATIS_ADMIN
2021-03-08 02:05:10,682 [EndpointStateMachine task thread for /0.0.0.0:37553 - 0 ] INFO  ratis.XceiverServerRatis (XceiverServerRatis.java:getRealPort(507)) - XceiverServerRatis bc98b27f-878f-4dad-a502-417d70977e4e is started using port 44359 for RATIS_SERVER
2021-03-08 02:05:10,682 [EndpointStateMachine task thread for /0.0.0.0:37553 - 0 ] INFO  server.XceiverServerGrpc (XceiverServerGrpc.java:start(135)) - XceiverServerGrpc bc98b27f-878f-4dad-a502-417d70977e4e is started using port 33229
2021-03-08 02:05:10,879 [EndpointStateMachine task thread for /0.0.0.0:37553 - 0 ] INFO  ozoneimpl.OzoneContainer (OzoneContainer.java:start(255)) - Attempting to start container services.
2021-03-08 02:05:10,879 [EndpointStateMachine task thread for /0.0.0.0:37553 - 0 ] INFO  ozoneimpl.OzoneContainer (OzoneContainer.java:startContainerScrub(219)) - Background container scanner has been disabled.
2021-03-08 02:05:10,880 [EndpointStateMachine task thread for /0.0.0.0:37553 - 0 ] INFO  replication.ReplicationServer (ReplicationServer.java:start(106)) - ReplicationServer is started using port 42473
2021-03-08 02:05:10,880 [EndpointStateMachine task thread for /0.0.0.0:37553 - 0 ] INFO  ratis.XceiverServerRatis (XceiverServerRatis.java:start(486)) - Starting XceiverServerRatis 2e2b7c4f-1fa0-4360-84eb-5aea739d5e5f
2021-03-08 02:05:10,881 [EndpointStateMachine task thread for /0.0.0.0:37553 - 0 ] INFO  server.RaftServer (RaftServerProxy.java:lambda$start$5(374)) - 2e2b7c4f-1fa0-4360-84eb-5aea739d5e5f: start RPC server
2021-03-08 02:05:10,884 [EndpointStateMachine task thread for /0.0.0.0:37553 - 0 ] INFO  server.GrpcService (GrpcService.java:startImpl(253)) - 2e2b7c4f-1fa0-4360-84eb-5aea739d5e5f: GrpcService started, listening on 45357
2021-03-08 02:05:10,885 [EndpointStateMachine task thread for /0.0.0.0:37553 - 0 ] INFO  ratis.XceiverServerRatis (XceiverServerRatis.java:getRealPort(507)) - XceiverServerRatis 2e2b7c4f-1fa0-4360-84eb-5aea739d5e5f is started using port 45357 for RATIS
2021-03-08 02:05:10,885 [org.apache.ratis.util.JvmPauseMonitor$$Lambda$504/1646982022@38cd650d] INFO  util.JvmPauseMonitor (JvmPauseMonitor.java:run(103)) - JvmPauseMonitor-2e2b7c4f-1fa0-4360-84eb-5aea739d5e5f: Started
2021-03-08 02:05:10,885 [EndpointStateMachine task thread for /0.0.0.0:37553 - 0 ] INFO  ratis.XceiverServerRatis (XceiverServerRatis.java:getRealPort(507)) - XceiverServerRatis 2e2b7c4f-1fa0-4360-84eb-5aea739d5e5f is started using port 45357 for RATIS_ADMIN
2021-03-08 02:05:10,885 [EndpointStateMachine task thread for /0.0.0.0:37553 - 0 ] INFO  ratis.XceiverServerRatis (XceiverServerRatis.java:getRealPort(507)) - XceiverServerRatis 2e2b7c4f-1fa0-4360-84eb-5aea739d5e5f is started using port 45357 for RATIS_SERVER
2021-03-08 02:05:10,885 [EndpointStateMachine task thread for /0.0.0.0:37553 - 0 ] INFO  server.XceiverServerGrpc (XceiverServerGrpc.java:start(135)) - XceiverServerGrpc 2e2b7c4f-1fa0-4360-84eb-5aea739d5e5f is started using port 44021
2021-03-08 02:05:11,137 [EndpointStateMachine task thread for /0.0.0.0:37553 - 0 ] INFO  ozoneimpl.OzoneContainer (OzoneContainer.java:start(255)) - Attempting to start container services.
2021-03-08 02:05:11,138 [EndpointStateMachine task thread for /0.0.0.0:37553 - 0 ] INFO  ozoneimpl.OzoneContainer (OzoneContainer.java:startContainerScrub(219)) - Background container scanner has been disabled.
2021-03-08 02:05:11,138 [EndpointStateMachine task thread for /0.0.0.0:37553 - 0 ] INFO  replication.ReplicationServer (ReplicationServer.java:start(106)) - ReplicationServer is started using port 43543
2021-03-08 02:05:11,138 [EndpointStateMachine task thread for /0.0.0.0:37553 - 0 ] INFO  ratis.XceiverServerRatis (XceiverServerRatis.java:start(486)) - Starting XceiverServerRatis 8be81fb1-89d0-4709-8656-3472d71d638b
2021-03-08 02:05:11,139 [EndpointStateMachine task thread for /0.0.0.0:37553 - 0 ] INFO  server.RaftServer (RaftServerProxy.java:lambda$start$5(374)) - 8be81fb1-89d0-4709-8656-3472d71d638b: start RPC server
2021-03-08 02:05:11,139 [EndpointStateMachine task thread for /0.0.0.0:37553 - 0 ] INFO  server.GrpcService (GrpcService.java:startImpl(253)) - 8be81fb1-89d0-4709-8656-3472d71d638b: GrpcService started, listening on 44187
2021-03-08 02:05:11,140 [EndpointStateMachine task thread for /0.0.0.0:37553 - 0 ] INFO  ratis.XceiverServerRatis (XceiverServerRatis.java:getRealPort(507)) - XceiverServerRatis 8be81fb1-89d0-4709-8656-3472d71d638b is started using port 44187 for RATIS
2021-03-08 02:05:11,140 [org.apache.ratis.util.JvmPauseMonitor$$Lambda$504/1646982022@6c6ff3fa] INFO  util.JvmPauseMonitor (JvmPauseMonitor.java:run(103)) - JvmPauseMonitor-8be81fb1-89d0-4709-8656-3472d71d638b: Started
2021-03-08 02:05:11,140 [EndpointStateMachine task thread for /0.0.0.0:37553 - 0 ] INFO  ratis.XceiverServerRatis (XceiverServerRatis.java:getRealPort(507)) - XceiverServerRatis 8be81fb1-89d0-4709-8656-3472d71d638b is started using port 44187 for RATIS_ADMIN
2021-03-08 02:05:11,140 [EndpointStateMachine task thread for /0.0.0.0:37553 - 0 ] INFO  ratis.XceiverServerRatis (XceiverServerRatis.java:getRealPort(507)) - XceiverServerRatis 8be81fb1-89d0-4709-8656-3472d71d638b is started using port 44187 for RATIS_SERVER
2021-03-08 02:05:11,140 [EndpointStateMachine task thread for /0.0.0.0:37553 - 0 ] INFO  server.XceiverServerGrpc (XceiverServerGrpc.java:start(135)) - XceiverServerGrpc 8be81fb1-89d0-4709-8656-3472d71d638b is started using port 44151
2021-03-08 02:05:11,331 [EndpointStateMachine task thread for /0.0.0.0:37553 - 0 ] INFO  ozoneimpl.OzoneContainer (OzoneContainer.java:start(255)) - Attempting to start container services.
2021-03-08 02:05:11,331 [EndpointStateMachine task thread for /0.0.0.0:37553 - 0 ] INFO  ozoneimpl.OzoneContainer (OzoneContainer.java:startContainerScrub(219)) - Background container scanner has been disabled.
2021-03-08 02:05:11,332 [EndpointStateMachine task thread for /0.0.0.0:37553 - 0 ] INFO  replication.ReplicationServer (ReplicationServer.java:start(106)) - ReplicationServer is started using port 39443
2021-03-08 02:05:11,332 [EndpointStateMachine task thread for /0.0.0.0:37553 - 0 ] INFO  ratis.XceiverServerRatis (XceiverServerRatis.java:start(486)) - Starting XceiverServerRatis c7780af0-0f31-4130-b62a-7061a7bbaf6d
2021-03-08 02:05:11,333 [EndpointStateMachine task thread for /0.0.0.0:37553 - 0 ] INFO  server.RaftServer (RaftServerProxy.java:lambda$start$5(374)) - c7780af0-0f31-4130-b62a-7061a7bbaf6d: start RPC server
2021-03-08 02:05:11,333 [EndpointStateMachine task thread for /0.0.0.0:37553 - 0 ] INFO  server.GrpcService (GrpcService.java:startImpl(253)) - c7780af0-0f31-4130-b62a-7061a7bbaf6d: GrpcService started, listening on 40671
2021-03-08 02:05:11,333 [EndpointStateMachine task thread for /0.0.0.0:37553 - 0 ] INFO  ratis.XceiverServerRatis (XceiverServerRatis.java:getRealPort(507)) - XceiverServerRatis c7780af0-0f31-4130-b62a-7061a7bbaf6d is started using port 40671 for RATIS
2021-03-08 02:05:11,333 [org.apache.ratis.util.JvmPauseMonitor$$Lambda$504/1646982022@2ff5a2ec] INFO  util.JvmPauseMonitor (JvmPauseMonitor.java:run(103)) - JvmPauseMonitor-c7780af0-0f31-4130-b62a-7061a7bbaf6d: Started
2021-03-08 02:05:11,333 [EndpointStateMachine task thread for /0.0.0.0:37553 - 0 ] INFO  ratis.XceiverServerRatis (XceiverServerRatis.java:getRealPort(507)) - XceiverServerRatis c7780af0-0f31-4130-b62a-7061a7bbaf6d is started using port 40671 for RATIS_ADMIN
2021-03-08 02:05:11,334 [EndpointStateMachine task thread for /0.0.0.0:37553 - 0 ] INFO  ratis.XceiverServerRatis (XceiverServerRatis.java:getRealPort(507)) - XceiverServerRatis c7780af0-0f31-4130-b62a-7061a7bbaf6d is started using port 40671 for RATIS_SERVER
2021-03-08 02:05:11,338 [EndpointStateMachine task thread for /0.0.0.0:37553 - 0 ] INFO  server.XceiverServerGrpc (XceiverServerGrpc.java:start(135)) - XceiverServerGrpc c7780af0-0f31-4130-b62a-7061a7bbaf6d is started using port 35715
2021-03-08 02:05:11,541 [Listener at 127.0.0.1/34517] INFO  ozone.MiniOzoneClusterImpl (MiniOzoneClusterImpl.java:lambda$waitForClusterToBeReady$0(187)) - Waiting for nodes to be ready. Got 0 of 7 DN Heartbeats.
2021-03-08 02:05:11,541 [Listener at 127.0.0.1/34517] INFO  ozone.MiniOzoneClusterImpl (MiniOzoneClusterImpl.java:lambda$waitForClusterToBeReady$0(190)) - Waiting for cluster to exit safe mode
2021-03-08 02:05:11,546 [EndpointStateMachine task thread for /0.0.0.0:37553 - 0 ] INFO  ozoneimpl.OzoneContainer (OzoneContainer.java:start(255)) - Attempting to start container services.
2021-03-08 02:05:11,546 [EndpointStateMachine task thread for /0.0.0.0:37553 - 0 ] INFO  ozoneimpl.OzoneContainer (OzoneContainer.java:startContainerScrub(219)) - Background container scanner has been disabled.
2021-03-08 02:05:11,547 [EndpointStateMachine task thread for /0.0.0.0:37553 - 0 ] INFO  replication.ReplicationServer (ReplicationServer.java:start(106)) - ReplicationServer is started using port 41925
2021-03-08 02:05:11,547 [EndpointStateMachine task thread for /0.0.0.0:37553 - 0 ] INFO  ratis.XceiverServerRatis (XceiverServerRatis.java:start(486)) - Starting XceiverServerRatis 9a3b0351-70a0-45b7-a452-2291c7779c75
2021-03-08 02:05:11,548 [EndpointStateMachine task thread for /0.0.0.0:37553 - 0 ] INFO  server.RaftServer (RaftServerProxy.java:lambda$start$5(374)) - 9a3b0351-70a0-45b7-a452-2291c7779c75: start RPC server
2021-03-08 02:05:11,548 [EndpointStateMachine task thread for /0.0.0.0:37553 - 0 ] INFO  server.GrpcService (GrpcService.java:startImpl(253)) - 9a3b0351-70a0-45b7-a452-2291c7779c75: GrpcService started, listening on 33437
2021-03-08 02:05:11,549 [EndpointStateMachine task thread for /0.0.0.0:37553 - 0 ] INFO  ratis.XceiverServerRatis (XceiverServerRatis.java:getRealPort(507)) - XceiverServerRatis 9a3b0351-70a0-45b7-a452-2291c7779c75 is started using port 33437 for RATIS
2021-03-08 02:05:11,549 [EndpointStateMachine task thread for /0.0.0.0:37553 - 0 ] INFO  ratis.XceiverServerRatis (XceiverServerRatis.java:getRealPort(507)) - XceiverServerRatis 9a3b0351-70a0-45b7-a452-2291c7779c75 is started using port 33437 for RATIS_ADMIN
2021-03-08 02:05:11,549 [EndpointStateMachine task thread for /0.0.0.0:37553 - 0 ] INFO  ratis.XceiverServerRatis (XceiverServerRatis.java:getRealPort(507)) - XceiverServerRatis 9a3b0351-70a0-45b7-a452-2291c7779c75 is started using port 33437 for RATIS_SERVER
2021-03-08 02:05:11,549 [EndpointStateMachine task thread for /0.0.0.0:37553 - 0 ] INFO  server.XceiverServerGrpc (XceiverServerGrpc.java:start(135)) - XceiverServerGrpc 9a3b0351-70a0-45b7-a452-2291c7779c75 is started using port 44025
2021-03-08 02:05:11,550 [org.apache.ratis.util.JvmPauseMonitor$$Lambda$504/1646982022@5420cd39] INFO  util.JvmPauseMonitor (JvmPauseMonitor.java:run(103)) - JvmPauseMonitor-9a3b0351-70a0-45b7-a452-2291c7779c75: Started
2021-03-08 02:05:12,242 [IPC Server handler 2 on default port 37553] INFO  net.NetworkTopologyImpl (NetworkTopologyImpl.java:add(112)) - Added a new node: /default-rack/92084499-c42d-4e9c-90ed-faecbf58ca46
2021-03-08 02:05:12,244 [IPC Server handler 2 on default port 37553] INFO  node.SCMNodeManager (SCMNodeManager.java:register(345)) - Registered Data node : 92084499-c42d-4e9c-90ed-faecbf58ca46{ip: 172.17.0.2, host: 55665278a03a, ports: [REPLICATION=38411, RATIS=44599, RATIS_ADMIN=44599, RATIS_SERVER=44599, STANDALONE=46429], networkLocation: /default-rack, certSerialId: null, persistedOpState: null, persistedOpStateExpiryEpochSec: 0}
2021-03-08 02:05:12,244 [EventQueue-NodeRegistrationContainerReportForContainerSafeModeRule] INFO  safemode.SCMSafeModeManager (SCMSafeModeManager.java:validateSafeModeExitRules(214)) - ContainerSafeModeRule rule is successfully validated
2021-03-08 02:05:12,245 [RatisPipelineUtilsThread] INFO  pipeline.RatisPipelineProvider (RatisPipelineProvider.java:lambda$create$0(161)) - Sending CreatePipelineCommand for pipeline:PipelineID=d47d77c1-3cef-4a96-915c-3a9aa9fbfaa1 to datanode:92084499-c42d-4e9c-90ed-faecbf58ca46
2021-03-08 02:05:12,245 [EventQueue-NodeRegistrationContainerReportForDataNodeSafeModeRule] INFO  safemode.SCMSafeModeManager (DataNodeSafeModeRule.java:process(71)) - SCM in safe mode. 1 DataNodes registered, 1 required.
2021-03-08 02:05:12,253 [EventQueue-PipelineReportForOneReplicaPipelineSafeModeRule] INFO  safemode.SCMSafeModeManager (SCMSafeModeManager.java:validateSafeModeExitRules(214)) - AtleastOneDatanodeReportedRule rule is successfully validated
2021-03-08 02:05:12,253 [EventQueue-NodeRegistrationContainerReportForDataNodeSafeModeRule] INFO  safemode.SCMSafeModeManager (SCMSafeModeManager.java:validateSafeModeExitRules(214)) - DataNodeSafeModeRule rule is successfully validated
2021-03-08 02:05:12,253 [EventQueue-NodeRegistrationContainerReportForDataNodeSafeModeRule] INFO  safemode.SCMSafeModeManager (SCMSafeModeManager.java:completePreCheck(242)) - All SCM safe mode pre check rules have passed
2021-03-08 02:05:12,254 [RatisPipelineUtilsThread] INFO  pipeline.PipelineStateManager (PipelineStateManager.java:addPipeline(54)) - Created pipeline Pipeline[ Id: d47d77c1-3cef-4a96-915c-3a9aa9fbfaa1, Nodes: 92084499-c42d-4e9c-90ed-faecbf58ca46{ip: 172.17.0.2, host: 55665278a03a, ports: [REPLICATION=38411, RATIS=44599, RATIS_ADMIN=44599, RATIS_SERVER=44599, STANDALONE=46429], networkLocation: /default-rack, certSerialId: null, persistedOpState: IN_SERVICE, persistedOpStateExpiryEpochSec: 0}, Type:RATIS, Factor:ONE, State:ALLOCATED, leaderId:, CreationTimestamp2021-03-08T02:05:12.245Z]
2021-03-08 02:05:12,257 [RatisPipelineUtilsThread] WARN  pipeline.PipelinePlacementPolicy (PipelinePlacementPolicy.java:filterViableNodes(142)) - Pipeline creation failed due to no sufficient healthy datanodes. Required 3. Found 1.
2021-03-08 02:05:12,460 [IPC Server handler 3 on default port 37553] INFO  net.NetworkTopologyImpl (NetworkTopologyImpl.java:add(112)) - Added a new node: /default-rack/6ba9ab1d-3af3-415d-b63e-d033c6891994
2021-03-08 02:05:12,461 [IPC Server handler 3 on default port 37553] INFO  node.SCMNodeManager (SCMNodeManager.java:register(345)) - Registered Data node : 6ba9ab1d-3af3-415d-b63e-d033c6891994{ip: 172.17.0.2, host: 55665278a03a, ports: [REPLICATION=35637, RATIS=33141, RATIS_ADMIN=33141, RATIS_SERVER=33141, STANDALONE=38047], networkLocation: /default-rack, certSerialId: null, persistedOpState: null, persistedOpStateExpiryEpochSec: 0}
2021-03-08 02:05:12,461 [EventQueue-NodeRegistrationContainerReportForContainerSafeModeRule] INFO  safemode.SCMSafeModeManager (SCMSafeModeManager.java:validateSafeModeExitRules(214)) - ContainerSafeModeRule rule is successfully validated
2021-03-08 02:05:12,461 [EventQueue-PipelineReportForOneReplicaPipelineSafeModeRule] INFO  safemode.SCMSafeModeManager (SCMSafeModeManager.java:validateSafeModeExitRules(214)) - AtleastOneDatanodeReportedRule rule is successfully validated
2021-03-08 02:05:12,461 [EventQueue-NodeRegistrationContainerReportForDataNodeSafeModeRule] INFO  safemode.SCMSafeModeManager (SCMSafeModeManager.java:validateSafeModeExitRules(214)) - DataNodeSafeModeRule rule is successfully validated
2021-03-08 02:05:12,462 [RatisPipelineUtilsThread] INFO  pipeline.RatisPipelineProvider (RatisPipelineProvider.java:lambda$create$0(161)) - Sending CreatePipelineCommand for pipeline:PipelineID=a1d313e4-a7f2-45da-8a16-37db1fa48e92 to datanode:6ba9ab1d-3af3-415d-b63e-d033c6891994
2021-03-08 02:05:12,462 [RatisPipelineUtilsThread] INFO  pipeline.PipelineStateManager (PipelineStateManager.java:addPipeline(54)) - Created pipeline Pipeline[ Id: a1d313e4-a7f2-45da-8a16-37db1fa48e92, Nodes: 6ba9ab1d-3af3-415d-b63e-d033c6891994{ip: 172.17.0.2, host: 55665278a03a, ports: [REPLICATION=35637, RATIS=33141, RATIS_ADMIN=33141, RATIS_SERVER=33141, STANDALONE=38047], networkLocation: /default-rack, certSerialId: null, persistedOpState: IN_SERVICE, persistedOpStateExpiryEpochSec: 0}, Type:RATIS, Factor:ONE, State:ALLOCATED, leaderId:, CreationTimestamp2021-03-08T02:05:12.462Z]
2021-03-08 02:05:12,462 [RatisPipelineUtilsThread] WARN  pipeline.PipelinePlacementPolicy (PipelinePlacementPolicy.java:filterViableNodes(142)) - Pipeline creation failed due to no sufficient healthy datanodes. Required 3. Found 2.
2021-03-08 02:05:12,542 [Listener at 127.0.0.1/34517] INFO  ozone.MiniOzoneClusterImpl (MiniOzoneClusterImpl.java:lambda$waitForClusterToBeReady$0(187)) - Waiting for nodes to be ready. Got 2 of 7 DN Heartbeats.
2021-03-08 02:05:12,542 [Listener at 127.0.0.1/34517] INFO  ozone.MiniOzoneClusterImpl (MiniOzoneClusterImpl.java:lambda$waitForClusterToBeReady$0(190)) - Waiting for cluster to exit safe mode
2021-03-08 02:05:12,678 [IPC Server handler 4 on default port 37553] INFO  net.NetworkTopologyImpl (NetworkTopologyImpl.java:add(112)) - Added a new node: /default-rack/bc98b27f-878f-4dad-a502-417d70977e4e
2021-03-08 02:05:12,678 [IPC Server handler 4 on default port 37553] INFO  node.SCMNodeManager (SCMNodeManager.java:register(345)) - Registered Data node : bc98b27f-878f-4dad-a502-417d70977e4e{ip: 172.17.0.2, host: 55665278a03a, ports: [REPLICATION=42419, RATIS=44359, RATIS_ADMIN=44359, RATIS_SERVER=44359, STANDALONE=33229], networkLocation: /default-rack, certSerialId: null, persistedOpState: null, persistedOpStateExpiryEpochSec: 0}
2021-03-08 02:05:12,678 [RatisPipelineUtilsThread] INFO  pipeline.RatisPipelineProvider (RatisPipelineProvider.java:lambda$create$0(161)) - Sending CreatePipelineCommand for pipeline:PipelineID=9fdad4c3-8ee3-4c35-9938-61a0e12bb9b8 to datanode:bc98b27f-878f-4dad-a502-417d70977e4e
2021-03-08 02:05:12,678 [EventQueue-PipelineReportForOneReplicaPipelineSafeModeRule] INFO  safemode.SCMSafeModeManager (SCMSafeModeManager.java:validateSafeModeExitRules(214)) - AtleastOneDatanodeReportedRule rule is successfully validated
2021-03-08 02:05:12,678 [EventQueue-NodeRegistrationContainerReportForContainerSafeModeRule] INFO  safemode.SCMSafeModeManager (SCMSafeModeManager.java:validateSafeModeExitRules(214)) - ContainerSafeModeRule rule is successfully validated
2021-03-08 02:05:12,678 [RatisPipelineUtilsThread] INFO  pipeline.PipelineStateManager (PipelineStateManager.java:addPipeline(54)) - Created pipeline Pipeline[ Id: 9fdad4c3-8ee3-4c35-9938-61a0e12bb9b8, Nodes: bc98b27f-878f-4dad-a502-417d70977e4e{ip: 172.17.0.2, host: 55665278a03a, ports: [REPLICATION=42419, RATIS=44359, RATIS_ADMIN=44359, RATIS_SERVER=44359, STANDALONE=33229], networkLocation: /default-rack, certSerialId: null, persistedOpState: IN_SERVICE, persistedOpStateExpiryEpochSec: 0}, Type:RATIS, Factor:ONE, State:ALLOCATED, leaderId:, CreationTimestamp2021-03-08T02:05:12.678Z]
2021-03-08 02:05:12,679 [EventQueue-NodeRegistrationContainerReportForDataNodeSafeModeRule] INFO  safemode.SCMSafeModeManager (SCMSafeModeManager.java:validateSafeModeExitRules(214)) - DataNodeSafeModeRule rule is successfully validated
2021-03-08 02:05:12,679 [RatisPipelineUtilsThread] INFO  pipeline.RatisPipelineProvider (RatisPipelineProvider.java:lambda$create$0(161)) - Sending CreatePipelineCommand for pipeline:PipelineID=fe419e3b-18d5-4c91-9f2d-5ca67261f62c to datanode:92084499-c42d-4e9c-90ed-faecbf58ca46
2021-03-08 02:05:12,679 [RatisPipelineUtilsThread] INFO  pipeline.RatisPipelineProvider (RatisPipelineProvider.java:lambda$create$0(161)) - Sending CreatePipelineCommand for pipeline:PipelineID=fe419e3b-18d5-4c91-9f2d-5ca67261f62c to datanode:6ba9ab1d-3af3-415d-b63e-d033c6891994
2021-03-08 02:05:12,679 [RatisPipelineUtilsThread] INFO  pipeline.RatisPipelineProvider (RatisPipelineProvider.java:lambda$create$0(161)) - Sending CreatePipelineCommand for pipeline:PipelineID=fe419e3b-18d5-4c91-9f2d-5ca67261f62c to datanode:bc98b27f-878f-4dad-a502-417d70977e4e
2021-03-08 02:05:12,680 [RatisPipelineUtilsThread] INFO  pipeline.PipelineStateManager (PipelineStateManager.java:addPipeline(54)) - Created pipeline Pipeline[ Id: fe419e3b-18d5-4c91-9f2d-5ca67261f62c, Nodes: 92084499-c42d-4e9c-90ed-faecbf58ca46{ip: 172.17.0.2, host: 55665278a03a, ports: [REPLICATION=38411, RATIS=44599, RATIS_ADMIN=44599, RATIS_SERVER=44599, STANDALONE=46429], networkLocation: /default-rack, certSerialId: null, persistedOpState: IN_SERVICE, persistedOpStateExpiryEpochSec: 0}6ba9ab1d-3af3-415d-b63e-d033c6891994{ip: 172.17.0.2, host: 55665278a03a, ports: [REPLICATION=35637, RATIS=33141, RATIS_ADMIN=33141, RATIS_SERVER=33141, STANDALONE=38047], networkLocation: /default-rack, certSerialId: null, persistedOpState: IN_SERVICE, persistedOpStateExpiryEpochSec: 0}bc98b27f-878f-4dad-a502-417d70977e4e{ip: 172.17.0.2, host: 55665278a03a, ports: [REPLICATION=42419, RATIS=44359, RATIS_ADMIN=44359, RATIS_SERVER=44359, STANDALONE=33229], networkLocation: /default-rack, certSerialId: null, persistedOpState: IN_SERVICE, persistedOpStateExpiryEpochSec: 0}, Type:RATIS, Factor:THREE, State:ALLOCATED, leaderId:, CreationTimestamp2021-03-08T02:05:12.679Z]
2021-03-08 02:05:12,680 [RatisPipelineUtilsThread] INFO  pipeline.RatisPipelineProvider (RatisPipelineProvider.java:lambda$create$0(161)) - Sending CreatePipelineCommand for pipeline:PipelineID=92402027-9cee-4719-af58-a36f55c25c0f to datanode:92084499-c42d-4e9c-90ed-faecbf58ca46
2021-03-08 02:05:12,680 [RatisPipelineUtilsThread] INFO  pipeline.RatisPipelineProvider (RatisPipelineProvider.java:lambda$create$0(161)) - Sending CreatePipelineCommand for pipeline:PipelineID=92402027-9cee-4719-af58-a36f55c25c0f to datanode:6ba9ab1d-3af3-415d-b63e-d033c6891994
2021-03-08 02:05:12,680 [RatisPipelineUtilsThread] INFO  pipeline.RatisPipelineProvider (RatisPipelineProvider.java:lambda$create$0(161)) - Sending CreatePipelineCommand for pipeline:PipelineID=92402027-9cee-4719-af58-a36f55c25c0f to datanode:bc98b27f-878f-4dad-a502-417d70977e4e
2021-03-08 02:05:12,680 [RatisPipelineUtilsThread] INFO  pipeline.PipelineStateManager (PipelineStateManager.java:addPipeline(54)) - Created pipeline Pipeline[ Id: 92402027-9cee-4719-af58-a36f55c25c0f, Nodes: 92084499-c42d-4e9c-90ed-faecbf58ca46{ip: 172.17.0.2, host: 55665278a03a, ports: [REPLICATION=38411, RATIS=44599, RATIS_ADMIN=44599, RATIS_SERVER=44599, STANDALONE=46429], networkLocation: /default-rack, certSerialId: null, persistedOpState: IN_SERVICE, persistedOpStateExpiryEpochSec: 0}6ba9ab1d-3af3-415d-b63e-d033c6891994{ip: 172.17.0.2, host: 55665278a03a, ports: [REPLICATION=35637, RATIS=33141, RATIS_ADMIN=33141, RATIS_SERVER=33141, STANDALONE=38047], networkLocation: /default-rack, certSerialId: null, persistedOpState: IN_SERVICE, persistedOpStateExpiryEpochSec: 0}bc98b27f-878f-4dad-a502-417d70977e4e{ip: 172.17.0.2, host: 55665278a03a, ports: [REPLICATION=42419, RATIS=44359, RATIS_ADMIN=44359, RATIS_SERVER=44359, STANDALONE=33229], networkLocation: /default-rack, certSerialId: null, persistedOpState: IN_SERVICE, persistedOpStateExpiryEpochSec: 0}, Type:RATIS, Factor:THREE, State:ALLOCATED, leaderId:, CreationTimestamp2021-03-08T02:05:12.680Z]
2021-03-08 02:05:12,681 [RatisPipelineUtilsThread] INFO  pipeline.SCMPipelineManager (SCMPipelineManager.java:recordMetricsForPipeline(243)) - Pipeline: PipelineID=92402027-9cee-4719-af58-a36f55c25c0f contains same datanodes as previous pipelines: PipelineID=fe419e3b-18d5-4c91-9f2d-5ca67261f62c nodeIds: 92084499-c42d-4e9c-90ed-faecbf58ca46, 6ba9ab1d-3af3-415d-b63e-d033c6891994, bc98b27f-878f-4dad-a502-417d70977e4e
2021-03-08 02:05:12,681 [RatisPipelineUtilsThread] INFO  pipeline.RatisPipelineProvider (RatisPipelineProvider.java:lambda$create$0(161)) - Sending CreatePipelineCommand for pipeline:PipelineID=314f1900-63e8-41f8-9152-507eafb998cb to datanode:6ba9ab1d-3af3-415d-b63e-d033c6891994
2021-03-08 02:05:12,681 [RatisPipelineUtilsThread] INFO  pipeline.RatisPipelineProvider (RatisPipelineProvider.java:lambda$create$0(161)) - Sending CreatePipelineCommand for pipeline:PipelineID=314f1900-63e8-41f8-9152-507eafb998cb to datanode:bc98b27f-878f-4dad-a502-417d70977e4e
2021-03-08 02:05:12,681 [RatisPipelineUtilsThread] INFO  pipeline.RatisPipelineProvider (RatisPipelineProvider.java:lambda$create$0(161)) - Sending CreatePipelineCommand for pipeline:PipelineID=314f1900-63e8-41f8-9152-507eafb998cb to datanode:92084499-c42d-4e9c-90ed-faecbf58ca46
2021-03-08 02:05:12,681 [RatisPipelineUtilsThread] INFO  pipeline.PipelineStateManager (PipelineStateManager.java:addPipeline(54)) - Created pipeline Pipeline[ Id: 314f1900-63e8-41f8-9152-507eafb998cb, Nodes: 6ba9ab1d-3af3-415d-b63e-d033c6891994{ip: 172.17.0.2, host: 55665278a03a, ports: [REPLICATION=35637, RATIS=33141, RATIS_ADMIN=33141, RATIS_SERVER=33141, STANDALONE=38047], networkLocation: /default-rack, certSerialId: null, persistedOpState: IN_SERVICE, persistedOpStateExpiryEpochSec: 0}bc98b27f-878f-4dad-a502-417d70977e4e{ip: 172.17.0.2, host: 55665278a03a, ports: [REPLICATION=42419, RATIS=44359, RATIS_ADMIN=44359, RATIS_SERVER=44359, STANDALONE=33229], networkLocation: /default-rack, certSerialId: null, persistedOpState: IN_SERVICE, persistedOpStateExpiryEpochSec: 0}92084499-c42d-4e9c-90ed-faecbf58ca46{ip: 172.17.0.2, host: 55665278a03a, ports: [REPLICATION=38411, RATIS=44599, RATIS_ADMIN=44599, RATIS_SERVER=44599, STANDALONE=46429], networkLocation: /default-rack, certSerialId: null, persistedOpState: IN_SERVICE, persistedOpStateExpiryEpochSec: 0}, Type:RATIS, Factor:THREE, State:ALLOCATED, leaderId:, CreationTimestamp2021-03-08T02:05:12.681Z]
2021-03-08 02:05:12,681 [RatisPipelineUtilsThread] INFO  pipeline.SCMPipelineManager (SCMPipelineManager.java:recordMetricsForPipeline(243)) - Pipeline: PipelineID=314f1900-63e8-41f8-9152-507eafb998cb contains same datanodes as previous pipelines: PipelineID=fe419e3b-18d5-4c91-9f2d-5ca67261f62c nodeIds: 6ba9ab1d-3af3-415d-b63e-d033c6891994, bc98b27f-878f-4dad-a502-417d70977e4e, 92084499-c42d-4e9c-90ed-faecbf58ca46
2021-03-08 02:05:12,681 [RatisPipelineUtilsThread] INFO  pipeline.SCMPipelineManager (SCMPipelineManager.java:recordMetricsForPipeline(243)) - Pipeline: PipelineID=314f1900-63e8-41f8-9152-507eafb998cb contains same datanodes as previous pipelines: PipelineID=92402027-9cee-4719-af58-a36f55c25c0f nodeIds: 6ba9ab1d-3af3-415d-b63e-d033c6891994, bc98b27f-878f-4dad-a502-417d70977e4e, 92084499-c42d-4e9c-90ed-faecbf58ca46
2021-03-08 02:05:12,877 [IPC Server handler 0 on default port 37553] INFO  net.NetworkTopologyImpl (NetworkTopologyImpl.java:add(112)) - Added a new node: /default-rack/2e2b7c4f-1fa0-4360-84eb-5aea739d5e5f
2021-03-08 02:05:12,877 [IPC Server handler 0 on default port 37553] INFO  node.SCMNodeManager (SCMNodeManager.java:register(345)) - Registered Data node : 2e2b7c4f-1fa0-4360-84eb-5aea739d5e5f{ip: 172.17.0.2, host: 55665278a03a, ports: [REPLICATION=42473, RATIS=45357, RATIS_ADMIN=45357, RATIS_SERVER=45357, STANDALONE=44021], networkLocation: /default-rack, certSerialId: null, persistedOpState: null, persistedOpStateExpiryEpochSec: 0}
2021-03-08 02:05:12,877 [RatisPipelineUtilsThread] INFO  pipeline.RatisPipelineProvider (RatisPipelineProvider.java:lambda$create$0(161)) - Sending CreatePipelineCommand for pipeline:PipelineID=c2ed5ddc-6e6d-4193-bfc4-b7590c117875 to datanode:2e2b7c4f-1fa0-4360-84eb-5aea739d5e5f
2021-03-08 02:05:12,878 [RatisPipelineUtilsThread] INFO  pipeline.PipelineStateManager (PipelineStateManager.java:addPipeline(54)) - Created pipeline Pipeline[ Id: c2ed5ddc-6e6d-4193-bfc4-b7590c117875, Nodes: 2e2b7c4f-1fa0-4360-84eb-5aea739d5e5f{ip: 172.17.0.2, host: 55665278a03a, ports: [REPLICATION=42473, RATIS=45357, RATIS_ADMIN=45357, RATIS_SERVER=45357, STANDALONE=44021], networkLocation: /default-rack, certSerialId: null, persistedOpState: IN_SERVICE, persistedOpStateExpiryEpochSec: 0}, Type:RATIS, Factor:ONE, State:ALLOCATED, leaderId:, CreationTimestamp2021-03-08T02:05:12.877Z]
2021-03-08 02:05:12,877 [EventQueue-NodeRegistrationContainerReportForContainerSafeModeRule] INFO  safemode.SCMSafeModeManager (SCMSafeModeManager.java:validateSafeModeExitRules(214)) - ContainerSafeModeRule rule is successfully validated
2021-03-08 02:05:12,878 [EventQueue-NodeRegistrationContainerReportForDataNodeSafeModeRule] INFO  safemode.SCMSafeModeManager (SCMSafeModeManager.java:validateSafeModeExitRules(214)) - DataNodeSafeModeRule rule is successfully validated
2021-03-08 02:05:12,878 [EventQueue-PipelineReportForOneReplicaPipelineSafeModeRule] INFO  safemode.SCMSafeModeManager (SCMSafeModeManager.java:validateSafeModeExitRules(214)) - AtleastOneDatanodeReportedRule rule is successfully validated
2021-03-08 02:05:13,135 [IPC Server handler 1 on default port 37553] INFO  net.NetworkTopologyImpl (NetworkTopologyImpl.java:add(112)) - Added a new node: /default-rack/8be81fb1-89d0-4709-8656-3472d71d638b
2021-03-08 02:05:13,135 [IPC Server handler 1 on default port 37553] INFO  node.SCMNodeManager (SCMNodeManager.java:register(345)) - Registered Data node : 8be81fb1-89d0-4709-8656-3472d71d638b{ip: 172.17.0.2, host: 55665278a03a, ports: [REPLICATION=43543, RATIS=44187, RATIS_ADMIN=44187, RATIS_SERVER=44187, STANDALONE=44151], networkLocation: /default-rack, certSerialId: null, persistedOpState: null, persistedOpStateExpiryEpochSec: 0}
2021-03-08 02:05:13,136 [RatisPipelineUtilsThread] INFO  pipeline.RatisPipelineProvider (RatisPipelineProvider.java:lambda$create$0(161)) - Sending CreatePipelineCommand for pipeline:PipelineID=ce129b5b-3a42-49cf-879a-559853b99b2a to datanode:8be81fb1-89d0-4709-8656-3472d71d638b
2021-03-08 02:05:13,136 [EventQueue-PipelineReportForOneReplicaPipelineSafeModeRule] INFO  safemode.SCMSafeModeManager (SCMSafeModeManager.java:validateSafeModeExitRules(214)) - AtleastOneDatanodeReportedRule rule is successfully validated
2021-03-08 02:05:13,136 [EventQueue-NodeRegistrationContainerReportForDataNodeSafeModeRule] INFO  safemode.SCMSafeModeManager (SCMSafeModeManager.java:validateSafeModeExitRules(214)) - DataNodeSafeModeRule rule is successfully validated
2021-03-08 02:05:13,136 [EventQueue-NodeRegistrationContainerReportForContainerSafeModeRule] INFO  safemode.SCMSafeModeManager (SCMSafeModeManager.java:validateSafeModeExitRules(214)) - ContainerSafeModeRule rule is successfully validated
2021-03-08 02:05:13,136 [RatisPipelineUtilsThread] INFO  pipeline.PipelineStateManager (PipelineStateManager.java:addPipeline(54)) - Created pipeline Pipeline[ Id: ce129b5b-3a42-49cf-879a-559853b99b2a, Nodes: 8be81fb1-89d0-4709-8656-3472d71d638b{ip: 172.17.0.2, host: 55665278a03a, ports: [REPLICATION=43543, RATIS=44187, RATIS_ADMIN=44187, RATIS_SERVER=44187, STANDALONE=44151], networkLocation: /default-rack, certSerialId: null, persistedOpState: IN_SERVICE, persistedOpStateExpiryEpochSec: 0}, Type:RATIS, Factor:ONE, State:ALLOCATED, leaderId:, CreationTimestamp2021-03-08T02:05:13.136Z]
2021-03-08 02:05:13,329 [IPC Server handler 3 on default port 37553] INFO  net.NetworkTopologyImpl (NetworkTopologyImpl.java:add(112)) - Added a new node: /default-rack/c7780af0-0f31-4130-b62a-7061a7bbaf6d
2021-03-08 02:05:13,329 [IPC Server handler 3 on default port 37553] INFO  node.SCMNodeManager (SCMNodeManager.java:register(345)) - Registered Data node : c7780af0-0f31-4130-b62a-7061a7bbaf6d{ip: 172.17.0.2, host: 55665278a03a, ports: [REPLICATION=39443, RATIS=40671, RATIS_ADMIN=40671, RATIS_SERVER=40671, STANDALONE=35715], networkLocation: /default-rack, certSerialId: null, persistedOpState: null, persistedOpStateExpiryEpochSec: 0}
2021-03-08 02:05:13,330 [EventQueue-PipelineReportForOneReplicaPipelineSafeModeRule] INFO  safemode.SCMSafeModeManager (SCMSafeModeManager.java:validateSafeModeExitRules(214)) - AtleastOneDatanodeReportedRule rule is successfully validated
2021-03-08 02:05:13,330 [EventQueue-NodeRegistrationContainerReportForDataNodeSafeModeRule] INFO  safemode.SCMSafeModeManager (SCMSafeModeManager.java:validateSafeModeExitRules(214)) - DataNodeSafeModeRule rule is successfully validated
2021-03-08 02:05:13,330 [EventQueue-NodeRegistrationContainerReportForContainerSafeModeRule] INFO  safemode.SCMSafeModeManager (SCMSafeModeManager.java:validateSafeModeExitRules(214)) - ContainerSafeModeRule rule is successfully validated
2021-03-08 02:05:13,332 [RatisPipelineUtilsThread] INFO  pipeline.RatisPipelineProvider (RatisPipelineProvider.java:lambda$create$0(161)) - Sending CreatePipelineCommand for pipeline:PipelineID=6175961a-5b26-4108-818d-1166ad7308ea to datanode:c7780af0-0f31-4130-b62a-7061a7bbaf6d
2021-03-08 02:05:13,332 [RatisPipelineUtilsThread] INFO  pipeline.PipelineStateManager (PipelineStateManager.java:addPipeline(54)) - Created pipeline Pipeline[ Id: 6175961a-5b26-4108-818d-1166ad7308ea, Nodes: c7780af0-0f31-4130-b62a-7061a7bbaf6d{ip: 172.17.0.2, host: 55665278a03a, ports: [REPLICATION=39443, RATIS=40671, RATIS_ADMIN=40671, RATIS_SERVER=40671, STANDALONE=35715], networkLocation: /default-rack, certSerialId: null, persistedOpState: IN_SERVICE, persistedOpStateExpiryEpochSec: 0}, Type:RATIS, Factor:ONE, State:ALLOCATED, leaderId:, CreationTimestamp2021-03-08T02:05:13.332Z]
2021-03-08 02:05:13,332 [RatisPipelineUtilsThread] INFO  pipeline.RatisPipelineProvider (RatisPipelineProvider.java:lambda$create$0(161)) - Sending CreatePipelineCommand for pipeline:PipelineID=54dfee42-7205-45d5-ac51-7928b19b14f4 to datanode:2e2b7c4f-1fa0-4360-84eb-5aea739d5e5f
2021-03-08 02:05:13,332 [RatisPipelineUtilsThread] INFO  pipeline.RatisPipelineProvider (RatisPipelineProvider.java:lambda$create$0(161)) - Sending CreatePipelineCommand for pipeline:PipelineID=54dfee42-7205-45d5-ac51-7928b19b14f4 to datanode:c7780af0-0f31-4130-b62a-7061a7bbaf6d
2021-03-08 02:05:13,333 [RatisPipelineUtilsThread] INFO  pipeline.RatisPipelineProvider (RatisPipelineProvider.java:lambda$create$0(161)) - Sending CreatePipelineCommand for pipeline:PipelineID=54dfee42-7205-45d5-ac51-7928b19b14f4 to datanode:8be81fb1-89d0-4709-8656-3472d71d638b
2021-03-08 02:05:13,333 [RatisPipelineUtilsThread] INFO  pipeline.PipelineStateManager (PipelineStateManager.java:addPipeline(54)) - Created pipeline Pipeline[ Id: 54dfee42-7205-45d5-ac51-7928b19b14f4, Nodes: 2e2b7c4f-1fa0-4360-84eb-5aea739d5e5f{ip: 172.17.0.2, host: 55665278a03a, ports: [REPLICATION=42473, RATIS=45357, RATIS_ADMIN=45357, RATIS_SERVER=45357, STANDALONE=44021], networkLocation: /default-rack, certSerialId: null, persistedOpState: IN_SERVICE, persistedOpStateExpiryEpochSec: 0}c7780af0-0f31-4130-b62a-7061a7bbaf6d{ip: 172.17.0.2, host: 55665278a03a, ports: [REPLICATION=39443, RATIS=40671, RATIS_ADMIN=40671, RATIS_SERVER=40671, STANDALONE=35715], networkLocation: /default-rack, certSerialId: null, persistedOpState: IN_SERVICE, persistedOpStateExpiryEpochSec: 0}8be81fb1-89d0-4709-8656-3472d71d638b{ip: 172.17.0.2, host: 55665278a03a, ports: [REPLICATION=43543, RATIS=44187, RATIS_ADMIN=44187, RATIS_SERVER=44187, STANDALONE=44151], networkLocation: /default-rack, certSerialId: null, persistedOpState: IN_SERVICE, persistedOpStateExpiryEpochSec: 0}, Type:RATIS, Factor:THREE, State:ALLOCATED, leaderId:, CreationTimestamp2021-03-08T02:05:13.332Z]
2021-03-08 02:05:13,333 [RatisPipelineUtilsThread] INFO  pipeline.RatisPipelineProvider (RatisPipelineProvider.java:lambda$create$0(161)) - Sending CreatePipelineCommand for pipeline:PipelineID=08a3fe71-0329-4143-ad3d-73197b762ff1 to datanode:2e2b7c4f-1fa0-4360-84eb-5aea739d5e5f
2021-03-08 02:05:13,333 [RatisPipelineUtilsThread] INFO  pipeline.RatisPipelineProvider (RatisPipelineProvider.java:lambda$create$0(161)) - Sending CreatePipelineCommand for pipeline:PipelineID=08a3fe71-0329-4143-ad3d-73197b762ff1 to datanode:8be81fb1-89d0-4709-8656-3472d71d638b
2021-03-08 02:05:13,333 [RatisPipelineUtilsThread] INFO  pipeline.RatisPipelineProvider (RatisPipelineProvider.java:lambda$create$0(161)) - Sending CreatePipelineCommand for pipeline:PipelineID=08a3fe71-0329-4143-ad3d-73197b762ff1 to datanode:c7780af0-0f31-4130-b62a-7061a7bbaf6d
2021-03-08 02:05:13,334 [RatisPipelineUtilsThread] INFO  pipeline.PipelineStateManager (PipelineStateManager.java:addPipeline(54)) - Created pipeline Pipeline[ Id: 08a3fe71-0329-4143-ad3d-73197b762ff1, Nodes: 2e2b7c4f-1fa0-4360-84eb-5aea739d5e5f{ip: 172.17.0.2, host: 55665278a03a, ports: [REPLICATION=42473, RATIS=45357, RATIS_ADMIN=45357, RATIS_SERVER=45357, STANDALONE=44021], networkLocation: /default-rack, certSerialId: null, persistedOpState: IN_SERVICE, persistedOpStateExpiryEpochSec: 0}8be81fb1-89d0-4709-8656-3472d71d638b{ip: 172.17.0.2, host: 55665278a03a, ports: [REPLICATION=43543, RATIS=44187, RATIS_ADMIN=44187, RATIS_SERVER=44187, STANDALONE=44151], networkLocation: /default-rack, certSerialId: null, persistedOpState: IN_SERVICE, persistedOpStateExpiryEpochSec: 0}c7780af0-0f31-4130-b62a-7061a7bbaf6d{ip: 172.17.0.2, host: 55665278a03a, ports: [REPLICATION=39443, RATIS=40671, RATIS_ADMIN=40671, RATIS_SERVER=40671, STANDALONE=35715], networkLocation: /default-rack, certSerialId: null, persistedOpState: IN_SERVICE, persistedOpStateExpiryEpochSec: 0}, Type:RATIS, Factor:THREE, State:ALLOCATED, leaderId:, CreationTimestamp2021-03-08T02:05:13.333Z]
2021-03-08 02:05:13,334 [RatisPipelineUtilsThread] INFO  pipeline.SCMPipelineManager (SCMPipelineManager.java:recordMetricsForPipeline(243)) - Pipeline: PipelineID=08a3fe71-0329-4143-ad3d-73197b762ff1 contains same datanodes as previous pipelines: PipelineID=54dfee42-7205-45d5-ac51-7928b19b14f4 nodeIds: 2e2b7c4f-1fa0-4360-84eb-5aea739d5e5f, 8be81fb1-89d0-4709-8656-3472d71d638b, c7780af0-0f31-4130-b62a-7061a7bbaf6d
2021-03-08 02:05:13,334 [RatisPipelineUtilsThread] INFO  pipeline.RatisPipelineProvider (RatisPipelineProvider.java:lambda$create$0(161)) - Sending CreatePipelineCommand for pipeline:PipelineID=b6143ebd-b803-4b83-aecd-95d3dd7d5f09 to datanode:2e2b7c4f-1fa0-4360-84eb-5aea739d5e5f
2021-03-08 02:05:13,334 [RatisPipelineUtilsThread] INFO  pipeline.RatisPipelineProvider (RatisPipelineProvider.java:lambda$create$0(161)) - Sending CreatePipelineCommand for pipeline:PipelineID=b6143ebd-b803-4b83-aecd-95d3dd7d5f09 to datanode:c7780af0-0f31-4130-b62a-7061a7bbaf6d
2021-03-08 02:05:13,334 [RatisPipelineUtilsThread] INFO  pipeline.RatisPipelineProvider (RatisPipelineProvider.java:lambda$create$0(161)) - Sending CreatePipelineCommand for pipeline:PipelineID=b6143ebd-b803-4b83-aecd-95d3dd7d5f09 to datanode:8be81fb1-89d0-4709-8656-3472d71d638b
2021-03-08 02:05:13,334 [RatisPipelineUtilsThread] INFO  pipeline.PipelineStateManager (PipelineStateManager.java:addPipeline(54)) - Created pipeline Pipeline[ Id: b6143ebd-b803-4b83-aecd-95d3dd7d5f09, Nodes: 2e2b7c4f-1fa0-4360-84eb-5aea739d5e5f{ip: 172.17.0.2, host: 55665278a03a, ports: [REPLICATION=42473, RATIS=45357, RATIS_ADMIN=45357, RATIS_SERVER=45357, STANDALONE=44021], networkLocation: /default-rack, certSerialId: null, persistedOpState: IN_SERVICE, persistedOpStateExpiryEpochSec: 0}c7780af0-0f31-4130-b62a-7061a7bbaf6d{ip: 172.17.0.2, host: 55665278a03a, ports: [REPLICATION=39443, RATIS=40671, RATIS_ADMIN=40671, RATIS_SERVER=40671, STANDALONE=35715], networkLocation: /default-rack, certSerialId: null, persistedOpState: IN_SERVICE, persistedOpStateExpiryEpochSec: 0}8be81fb1-89d0-4709-8656-3472d71d638b{ip: 172.17.0.2, host: 55665278a03a, ports: [REPLICATION=43543, RATIS=44187, RATIS_ADMIN=44187, RATIS_SERVER=44187, STANDALONE=44151], networkLocation: /default-rack, certSerialId: null, persistedOpState: IN_SERVICE, persistedOpStateExpiryEpochSec: 0}, Type:RATIS, Factor:THREE, State:ALLOCATED, leaderId:, CreationTimestamp2021-03-08T02:05:13.334Z]
2021-03-08 02:05:13,335 [RatisPipelineUtilsThread] INFO  pipeline.SCMPipelineManager (SCMPipelineManager.java:recordMetricsForPipeline(243)) - Pipeline: PipelineID=b6143ebd-b803-4b83-aecd-95d3dd7d5f09 contains same datanodes as previous pipelines: PipelineID=54dfee42-7205-45d5-ac51-7928b19b14f4 nodeIds: 2e2b7c4f-1fa0-4360-84eb-5aea739d5e5f, c7780af0-0f31-4130-b62a-7061a7bbaf6d, 8be81fb1-89d0-4709-8656-3472d71d638b
2021-03-08 02:05:13,335 [RatisPipelineUtilsThread] INFO  pipeline.SCMPipelineManager (SCMPipelineManager.java:recordMetricsForPipeline(243)) - Pipeline: PipelineID=b6143ebd-b803-4b83-aecd-95d3dd7d5f09 contains same datanodes as previous pipelines: PipelineID=08a3fe71-0329-4143-ad3d-73197b762ff1 nodeIds: 2e2b7c4f-1fa0-4360-84eb-5aea739d5e5f, c7780af0-0f31-4130-b62a-7061a7bbaf6d, 8be81fb1-89d0-4709-8656-3472d71d638b
2021-03-08 02:05:13,542 [Listener at 127.0.0.1/34517] INFO  ozone.MiniOzoneClusterImpl (MiniOzoneClusterImpl.java:lambda$waitForClusterToBeReady$0(187)) - Waiting for nodes to be ready. Got 6 of 7 DN Heartbeats.
2021-03-08 02:05:13,542 [Listener at 127.0.0.1/34517] INFO  ozone.MiniOzoneClusterImpl (MiniOzoneClusterImpl.java:lambda$waitForClusterToBeReady$0(190)) - Waiting for cluster to exit safe mode
2021-03-08 02:05:13,545 [IPC Server handler 4 on default port 37553] INFO  net.NetworkTopologyImpl (NetworkTopologyImpl.java:add(112)) - Added a new node: /default-rack/9a3b0351-70a0-45b7-a452-2291c7779c75
2021-03-08 02:05:13,545 [IPC Server handler 4 on default port 37553] INFO  node.SCMNodeManager (SCMNodeManager.java:register(345)) - Registered Data node : 9a3b0351-70a0-45b7-a452-2291c7779c75{ip: 172.17.0.2, host: 55665278a03a, ports: [REPLICATION=41925, RATIS=33437, RATIS_ADMIN=33437, RATIS_SERVER=33437, STANDALONE=44025], networkLocation: /default-rack, certSerialId: null, persistedOpState: null, persistedOpStateExpiryEpochSec: 0}
2021-03-08 02:05:13,545 [EventQueue-NodeRegistrationContainerReportForDataNodeSafeModeRule] INFO  safemode.SCMSafeModeManager (SCMSafeModeManager.java:validateSafeModeExitRules(214)) - DataNodeSafeModeRule rule is successfully validated
2021-03-08 02:05:13,545 [RatisPipelineUtilsThread] INFO  pipeline.RatisPipelineProvider (RatisPipelineProvider.java:lambda$create$0(161)) - Sending CreatePipelineCommand for pipeline:PipelineID=cc114c7c-51d5-4e17-8528-25897e85e036 to datanode:9a3b0351-70a0-45b7-a452-2291c7779c75
2021-03-08 02:05:13,545 [EventQueue-NodeRegistrationContainerReportForContainerSafeModeRule] INFO  safemode.SCMSafeModeManager (SCMSafeModeManager.java:validateSafeModeExitRules(214)) - ContainerSafeModeRule rule is successfully validated
2021-03-08 02:05:13,546 [EventQueue-PipelineReportForOneReplicaPipelineSafeModeRule] INFO  safemode.SCMSafeModeManager (SCMSafeModeManager.java:validateSafeModeExitRules(214)) - AtleastOneDatanodeReportedRule rule is successfully validated
2021-03-08 02:05:13,546 [RatisPipelineUtilsThread] INFO  pipeline.PipelineStateManager (PipelineStateManager.java:addPipeline(54)) - Created pipeline Pipeline[ Id: cc114c7c-51d5-4e17-8528-25897e85e036, Nodes: 9a3b0351-70a0-45b7-a452-2291c7779c75{ip: 172.17.0.2, host: 55665278a03a, ports: [REPLICATION=41925, RATIS=33437, RATIS_ADMIN=33437, RATIS_SERVER=33437, STANDALONE=44025], networkLocation: /default-rack, certSerialId: null, persistedOpState: IN_SERVICE, persistedOpStateExpiryEpochSec: 0}, Type:RATIS, Factor:ONE, State:ALLOCATED, leaderId:, CreationTimestamp2021-03-08T02:05:13.545Z]
2021-03-08 02:05:14,542 [Listener at 127.0.0.1/34517] INFO  ozone.MiniOzoneClusterImpl (MiniOzoneClusterImpl.java:lambda$waitForClusterToBeReady$0(187)) - Nodes are ready. Got 7 of 7 DN Heartbeats.
2021-03-08 02:05:14,543 [Listener at 127.0.0.1/34517] INFO  ozone.MiniOzoneClusterImpl (MiniOzoneClusterImpl.java:lambda$waitForClusterToBeReady$0(190)) - Waiting for cluster to exit safe mode
2021-03-08 02:05:15,242 [Command processor thread] INFO  server.RaftServer (RaftServerProxy.java:addNew(95)) - 92084499-c42d-4e9c-90ed-faecbf58ca46: addNew group-3A9AA9FBFAA1:[92084499-c42d-4e9c-90ed-faecbf58ca46|rpc:172.17.0.2:44599|priority:1] returns group-3A9AA9FBFAA1:java.util.concurrent.CompletableFuture@4f387f35[Not completed]
2021-03-08 02:05:15,244 [pool-1017-thread-1] INFO  server.RaftServer$Division (RaftServerImpl.java:<init>(180)) - 92084499-c42d-4e9c-90ed-faecbf58ca46: new RaftServerImpl for group-3A9AA9FBFAA1:[92084499-c42d-4e9c-90ed-faecbf58ca46|rpc:172.17.0.2:44599|priority:1] with ContainerStateMachine:uninitialized
2021-03-08 02:05:15,245 [pool-1017-thread-1] INFO  server.RaftServerConfigKeys (ConfUtils.java:logGet(44)) - raft.server.rpc.timeout.min = 5s (custom)
2021-03-08 02:05:15,245 [pool-1017-thread-1] INFO  server.RaftServerConfigKeys (ConfUtils.java:logGet(44)) - raft.server.rpc.timeout.max = 5200ms (custom)
2021-03-08 02:05:15,245 [pool-1017-thread-1] INFO  server.RaftServerConfigKeys (ConfUtils.java:logGet(44)) - raft.server.rpc.sleep.time = 25ms (default)
2021-03-08 02:05:15,245 [pool-1017-thread-1] INFO  server.RaftServerConfigKeys (ConfUtils.java:logGet(44)) - raft.server.rpc.slowness.timeout = 300000ms (custom)
2021-03-08 02:05:15,245 [pool-1017-thread-1] INFO  server.RaftServerConfigKeys (ConfUtils.java:logGet(44)) - raft.server.leaderelection.leader.step-down.wait-time = 10s (default)
2021-03-08 02:05:15,245 [pool-1017-thread-1] INFO  server.RaftServerConfigKeys (ConfUtils.java:logGet(44)) - raft.server.sleep.deviation.threshold = 300ms (default)
2021-03-08 02:05:15,245 [pool-1017-thread-1] INFO  server.RaftServerConfigKeys (ConfUtils.java:logGet(44)) - raft.server.log.appender.install.snapshot.enabled = false (custom)
2021-03-08 02:05:15,247 [pool-1017-thread-1] INFO  server.RaftServer$Division (ServerState.java:<init>(105)) - 92084499-c42d-4e9c-90ed-faecbf58ca46@group-3A9AA9FBFAA1: ConfigurationManager, init=-1: [92084499-c42d-4e9c-90ed-faecbf58ca46|rpc:172.17.0.2:44599|priority:1], old=null, confs=<EMPTY_MAP>
2021-03-08 02:05:15,247 [pool-1017-thread-1] INFO  server.RaftServerConfigKeys (ConfUtils.java:logGet(44)) - raft.server.storage.dir = [/github/workspace/mnt/ozone/hadoop-ozone/integration-test/target/test-dir/MiniOzoneClusterImpl-ccaa8949-4e5a-4858-a1f5-413699190f1a/datanode-0/data/ratis] (custom)
2021-03-08 02:05:15,247 [pool-1017-thread-1] INFO  server.RaftServerConfigKeys (ConfUtils.java:logGet(44)) - raft.server.log.corruption.policy = EXCEPTION (default)
2021-03-08 02:05:15,247 [pool-1017-thread-1] INFO  storage.RaftStorageDirectory (RaftStorageDirectoryImpl.java:analyzeStorage(132)) - The storage directory /github/workspace/mnt/ozone/hadoop-ozone/integration-test/target/test-dir/MiniOzoneClusterImpl-ccaa8949-4e5a-4858-a1f5-413699190f1a/datanode-0/data/ratis/d47d77c1-3cef-4a96-915c-3a9aa9fbfaa1 does not exist. Creating ...
2021-03-08 02:05:15,249 [pool-1017-thread-1] INFO  storage.RaftStorageDirectory (RaftStorageDirectoryImpl.java:tryLock(215)) - Lock on /github/workspace/mnt/ozone/hadoop-ozone/integration-test/target/test-dir/MiniOzoneClusterImpl-ccaa8949-4e5a-4858-a1f5-413699190f1a/datanode-0/data/ratis/d47d77c1-3cef-4a96-915c-3a9aa9fbfaa1/in_use.lock acquired by nodename 32215@55665278a03a
2021-03-08 02:05:15,250 [pool-1017-thread-1] INFO  storage.RaftStorage (RaftStorageImpl.java:format(87)) - Storage directory /github/workspace/mnt/ozone/hadoop-ozone/integration-test/target/test-dir/MiniOzoneClusterImpl-ccaa8949-4e5a-4858-a1f5-413699190f1a/datanode-0/data/ratis/d47d77c1-3cef-4a96-915c-3a9aa9fbfaa1 has been successfully formatted.
2021-03-08 02:05:15,250 [pool-1017-thread-1] INFO  ratis.ContainerStateMachine (ContainerStateMachine.java:loadSnapshot(223)) - group-3A9AA9FBFAA1: The snapshot info is null. Setting the last applied indexto:(t:0, i:~)
2021-03-08 02:05:15,251 [EventQueue-PipelineReportForOneReplicaPipelineSafeModeRule] INFO  safemode.SCMSafeModeManager (SCMSafeModeManager.java:validateSafeModeExitRules(214)) - AtleastOneDatanodeReportedRule rule is successfully validated
2021-03-08 02:05:15,251 [EventQueue-PipelineReportForPipelineReportHandler] INFO  pipeline.PipelineStateManager (PipelineStateManager.java:openPipeline(132)) - Pipeline Pipeline[ Id: d47d77c1-3cef-4a96-915c-3a9aa9fbfaa1, Nodes: 92084499-c42d-4e9c-90ed-faecbf58ca46{ip: 172.17.0.2, host: 55665278a03a, ports: [REPLICATION=38411, RATIS=44599, RATIS_ADMIN=44599, RATIS_SERVER=44599, STANDALONE=46429], networkLocation: /default-rack, certSerialId: null, persistedOpState: IN_SERVICE, persistedOpStateExpiryEpochSec: 0}, Type:RATIS, Factor:ONE, State:ALLOCATED, leaderId:92084499-c42d-4e9c-90ed-faecbf58ca46, CreationTimestamp2021-03-08T02:05:12.245Z] moved to OPEN state
2021-03-08 02:05:15,252 [pool-1017-thread-1] ERROR storage.RaftStorage (RaftStorageImpl.java:readRaftConfiguration(147)) - Failed reading configuration from file:/github/workspace/mnt/ozone/hadoop-ozone/integration-test/target/test-dir/MiniOzoneClusterImpl-ccaa8949-4e5a-4858-a1f5-413699190f1a/datanode-0/data/ratis/d47d77c1-3cef-4a96-915c-3a9aa9fbfaa1/current/raft-meta.conf
java.io.FileNotFoundException: /github/workspace/mnt/ozone/hadoop-ozone/integration-test/target/test-dir/MiniOzoneClusterImpl-ccaa8949-4e5a-4858-a1f5-413699190f1a/datanode-0/data/ratis/d47d77c1-3cef-4a96-915c-3a9aa9fbfaa1/current/raft-meta.conf (No such file or directory)
	at java.io.FileInputStream.open0(Native Method)
	at java.io.FileInputStream.open(FileInputStream.java:195)
	at java.io.FileInputStream.<init>(FileInputStream.java:138)
	at org.apache.ratis.server.storage.RaftStorageImpl.readRaftConfiguration(RaftStorageImpl.java:143)
	at org.apache.ratis.server.impl.ServerState.<init>(ServerState.java:122)
	at org.apache.ratis.server.impl.RaftServerImpl.<init>(RaftServerImpl.java:193)
	at org.apache.ratis.server.impl.RaftServerProxy.lambda$newRaftServerImpl$4(RaftServerProxy.java:266)
	at java.util.concurrent.CompletableFuture$AsyncSupply.run(CompletableFuture.java:1604)
	at java.util.concurrent.ThreadPoolExecutor.runWorker(ThreadPoolExecutor.java:1149)
	at java.util.concurrent.ThreadPoolExecutor$Worker.run(ThreadPoolExecutor.java:624)
	at java.lang.Thread.run(Thread.java:748)
2021-03-08 02:05:15,252 [EventQueue-OpenPipelineForHealthyPipelineSafeModeRule] INFO  safemode.SCMSafeModeManager (HealthyPipelineSafeModeRule.java:process(128)) - SCM in safe mode. Healthy pipelines reported count is 0, required healthy pipeline reported count is 1
2021-03-08 02:05:15,252 [pool-1017-thread-1] INFO  server.RaftServerConfigKeys (ConfUtils.java:logGet(44)) - raft.server.notification.no-leader.timeout = 300000ms (custom)
2021-03-08 02:05:15,253 [pool-1017-thread-1] INFO  server.RaftServerConfigKeys (ConfUtils.java:logGet(44)) - raft.server.log.use.memory = false (default)
2021-03-08 02:05:15,253 [pool-1017-thread-1] INFO  server.RaftServerConfigKeys (ConfUtils.java:logGet(44)) - raft.server.log.purge.gap = 1000000 (custom)
2021-03-08 02:05:15,253 [pool-1017-thread-1] INFO  server.RaftServerConfigKeys (ConfUtils.java:logGet(44)) - raft.server.log.appender.buffer.byte-limit = 33554432 (custom)
2021-03-08 02:05:15,253 [pool-1017-thread-1] INFO  metrics.RatisMetrics (RatisMetrics.java:lambda$create$0(36)) - Creating Metrics Registry : ratis.log_worker.92084499-c42d-4e9c-90ed-faecbf58ca46@group-3A9AA9FBFAA1
2021-03-08 02:05:15,253 [pool-1017-thread-1] INFO  server.RaftServerConfigKeys (ConfUtils.java:logGet(44)) - raft.server.log.segment.size.max = 1048576 (custom)
2021-03-08 02:05:15,255 [pool-1017-thread-1] INFO  server.RaftServerConfigKeys (ConfUtils.java:logGet(44)) - raft.server.log.segment.cache.num.max = 2 (custom)
2021-03-08 02:05:15,255 [pool-1017-thread-1] INFO  server.RaftServerConfigKeys (ConfUtils.java:logGet(44)) - raft.server.log.segment.cache.size.max = 200MB (=209715200) (default)
2021-03-08 02:05:15,255 [pool-1017-thread-1] INFO  segmented.SegmentedRaftLogWorker (SegmentedRaftLogWorker.java:<init>(181)) - new 92084499-c42d-4e9c-90ed-faecbf58ca46@group-3A9AA9FBFAA1-SegmentedRaftLogWorker for RaftStorageImpl:Storage Directory /github/workspace/mnt/ozone/hadoop-ozone/integration-test/target/test-dir/MiniOzoneClusterImpl-ccaa8949-4e5a-4858-a1f5-413699190f1a/datanode-0/data/ratis/d47d77c1-3cef-4a96-915c-3a9aa9fbfaa1
2021-03-08 02:05:15,255 [pool-1017-thread-1] INFO  server.RaftServerConfigKeys (ConfUtils.java:logGet(44)) - raft.server.log.queue.byte-limit = 2147483647 (custom)
2021-03-08 02:05:15,255 [pool-1017-thread-1] INFO  server.RaftServerConfigKeys (ConfUtils.java:logGet(44)) - raft.server.log.queue.element-limit = 1024 (custom)
2021-03-08 02:05:15,255 [pool-1017-thread-1] INFO  server.RaftServerConfigKeys (ConfUtils.java:logGet(44)) - raft.server.log.segment.size.max = 1048576 (custom)
2021-03-08 02:05:15,255 [pool-1017-thread-1] INFO  server.RaftServerConfigKeys (ConfUtils.java:logGet(44)) - raft.server.log.preallocated.size = 16384 (custom)
2021-03-08 02:05:15,255 [pool-1017-thread-1] INFO  server.RaftServerConfigKeys (ConfUtils.java:logGet(44)) - raft.server.log.force.sync.num = 128 (default)
2021-03-08 02:05:15,255 [pool-1017-thread-1] INFO  server.RaftServerConfigKeys (ConfUtils.java:logGet(44)) - raft.server.log.statemachine.data.sync = true (default)
2021-03-08 02:05:15,256 [pool-1017-thread-1] INFO  server.RaftServerConfigKeys (ConfUtils.java:logGet(44)) - raft.server.log.statemachine.data.sync.timeout = 10s (default)
2021-03-08 02:05:15,256 [pool-1017-thread-1] INFO  server.RaftServerConfigKeys (ConfUtils.java:logGet(44)) - raft.server.log.statemachine.data.sync.timeout.retry = -1 (default)
2021-03-08 02:05:15,258 [pool-1017-thread-1] INFO  server.RaftServerConfigKeys (ConfUtils.java:logGet(44)) - raft.server.log.write.buffer.size = 1048576 (custom)
2021-03-08 02:05:15,259 [pool-1017-thread-1] INFO  server.RaftServerConfigKeys (ConfUtils.java:logGet(44)) - raft.server.log.statemachine.data.caching.enabled = true (custom)
2021-03-08 02:05:15,260 [pool-1017-thread-1] INFO  segmented.SegmentedRaftLogWorker (SegmentedRaftLogWorker.java:lambda$new$0(132)) - 92084499-c42d-4e9c-90ed-faecbf58ca46@group-3A9AA9FBFAA1-SegmentedRaftLogWorker: flushIndex: setUnconditionally 0 -> -1
2021-03-08 02:05:15,260 [pool-1017-thread-1] INFO  segmented.SegmentedRaftLogWorker (SegmentedRaftLogWorker.java:lambda$new$0(132)) - 92084499-c42d-4e9c-90ed-faecbf58ca46@group-3A9AA9FBFAA1-SegmentedRaftLogWorker: safeCacheEvictIndex: setUnconditionally 0 -> -1
2021-03-08 02:05:15,260 [pool-1017-thread-1] INFO  server.RaftServerConfigKeys (ConfUtils.java:logGet(44)) - raft.server.snapshot.auto.trigger.enabled = true (custom)
2021-03-08 02:05:15,260 [pool-1017-thread-1] INFO  server.RaftServerConfigKeys (ConfUtils.java:logGet(44)) - raft.server.snapshot.auto.trigger.threshold = 10000 (custom)
2021-03-08 02:05:15,260 [pool-1017-thread-1] INFO  server.RaftServerConfigKeys (ConfUtils.java:logGet(44)) - raft.server.snapshot.retention.file.num = 5 (custom)
2021-03-08 02:05:15,260 [pool-1017-thread-1] INFO  server.RaftServerConfigKeys (ConfUtils.java:logGet(44)) - raft.server.log.purge.upto.snapshot.index = false (default)
2021-03-08 02:05:15,260 [pool-1017-thread-1] INFO  server.RaftServerConfigKeys (ConfUtils.java:logGet(44)) - raft.server.retrycache.expirytime = 600000ms (custom)
2021-03-08 02:05:15,260 [pool-1017-thread-1] INFO  server.RaftServerConfigKeys (ConfUtils.java:logGet(44)) - raft.server.retrycache.statistics.expirytime = 100?s (default)
2021-03-08 02:05:15,260 [pool-1017-thread-1] INFO  metrics.RatisMetrics (RatisMetrics.java:lambda$create$0(36)) - Creating Metrics Registry : ratis.leader_election.92084499-c42d-4e9c-90ed-faecbf58ca46@group-3A9AA9FBFAA1
2021-03-08 02:05:15,261 [pool-1017-thread-1] INFO  metrics.RatisMetrics (RatisMetrics.java:lambda$create$0(36)) - Creating Metrics Registry : ratis.server.92084499-c42d-4e9c-90ed-faecbf58ca46@group-3A9AA9FBFAA1
2021-03-08 02:05:15,264 [pool-1017-thread-1] INFO  server.RaftServer$Division (RaftServerImpl.java:start(295)) - 92084499-c42d-4e9c-90ed-faecbf58ca46@group-3A9AA9FBFAA1: start as a follower, conf=-1: [92084499-c42d-4e9c-90ed-faecbf58ca46|rpc:172.17.0.2:44599|priority:1], old=null
2021-03-08 02:05:15,264 [pool-1017-thread-1] INFO  server.RaftServer$Division (RaftServerImpl.java:setRole(284)) - 92084499-c42d-4e9c-90ed-faecbf58ca46@group-3A9AA9FBFAA1: changes role from      null to FOLLOWER at term 0 for startAsFollower
2021-03-08 02:05:15,264 [pool-1017-thread-1] INFO  impl.RoleInfo (RoleInfo.java:updateAndGet(130)) - 92084499-c42d-4e9c-90ed-faecbf58ca46: start 92084499-c42d-4e9c-90ed-faecbf58ca46@group-3A9AA9FBFAA1-FollowerState
2021-03-08 02:05:15,264 [pool-1017-thread-1] INFO  util.JmxRegister (JmxRegister.java:tryRegister(44)) - Successfully registered JMX Bean with object name Ratis:service=RaftServer,group=group-3A9AA9FBFAA1,id=92084499-c42d-4e9c-90ed-faecbf58ca46
2021-03-08 02:05:15,264 [pool-1017-thread-1] INFO  metrics.RatisMetrics (RatisMetrics.java:lambda$create$0(36)) - Creating Metrics Registry : ratis.state_machine.92084499-c42d-4e9c-90ed-faecbf58ca46@group-3A9AA9FBFAA1
2021-03-08 02:05:15,269 [Command processor thread] INFO  commandhandler.CreatePipelineCommandHandler (CreatePipelineCommandHandler.java:handle(106)) - Created Pipeline RATIS ONE PipelineID=d47d77c1-3cef-4a96-915c-3a9aa9fbfaa1.
2021-03-08 02:05:15,269 [Command processor thread] INFO  server.RaftServer (RaftServerProxy.java:addNew(95)) - 92084499-c42d-4e9c-90ed-faecbf58ca46: addNew group-5CA67261F62C:[6ba9ab1d-3af3-415d-b63e-d033c6891994|rpc:172.17.0.2:33141|priority:0, bc98b27f-878f-4dad-a502-417d70977e4e|rpc:172.17.0.2:44359|priority:1, 92084499-c42d-4e9c-90ed-faecbf58ca46|rpc:172.17.0.2:44599|priority:0] returns group-5CA67261F62C:java.util.concurrent.CompletableFuture@4b07f20a[Not completed]
2021-03-08 02:05:15,269 [pool-1017-thread-1] INFO  server.RaftServer$Division (RaftServerImpl.java:<init>(180)) - 92084499-c42d-4e9c-90ed-faecbf58ca46: new RaftServerImpl for group-5CA67261F62C:[6ba9ab1d-3af3-415d-b63e-d033c6891994|rpc:172.17.0.2:33141|priority:0, bc98b27f-878f-4dad-a502-417d70977e4e|rpc:172.17.0.2:44359|priority:1, 92084499-c42d-4e9c-90ed-faecbf58ca46|rpc:172.17.0.2:44599|priority:0] with ContainerStateMachine:uninitialized
2021-03-08 02:05:15,270 [pool-1017-thread-1] INFO  server.RaftServerConfigKeys (ConfUtils.java:logGet(44)) - raft.server.rpc.timeout.min = 5s (custom)
2021-03-08 02:05:15,270 [pool-1017-thread-1] INFO  server.RaftServerConfigKeys (ConfUtils.java:logGet(44)) - raft.server.rpc.timeout.max = 5200ms (custom)
2021-03-08 02:05:15,270 [pool-1017-thread-1] INFO  server.RaftServerConfigKeys (ConfUtils.java:logGet(44)) - raft.server.rpc.sleep.time = 25ms (default)
2021-03-08 02:05:15,270 [pool-1017-thread-1] INFO  server.RaftServerConfigKeys (ConfUtils.java:logGet(44)) - raft.server.rpc.slowness.timeout = 300000ms (custom)
2021-03-08 02:05:15,270 [pool-1017-thread-1] INFO  server.RaftServerConfigKeys (ConfUtils.java:logGet(44)) - raft.server.leaderelection.leader.step-down.wait-time = 10s (default)
2021-03-08 02:05:15,270 [pool-1017-thread-1] INFO  server.RaftServerConfigKeys (ConfUtils.java:logGet(44)) - raft.server.sleep.deviation.threshold = 300ms (default)
2021-03-08 02:05:15,270 [pool-1017-thread-1] INFO  server.RaftServerConfigKeys (ConfUtils.java:logGet(44)) - raft.server.log.appender.install.snapshot.enabled = false (custom)
2021-03-08 02:05:15,270 [pool-1017-thread-1] INFO  server.RaftServer$Division (ServerState.java:<init>(105)) - 92084499-c42d-4e9c-90ed-faecbf58ca46@group-5CA67261F62C: ConfigurationManager, init=-1: [6ba9ab1d-3af3-415d-b63e-d033c6891994|rpc:172.17.0.2:33141|priority:0, bc98b27f-878f-4dad-a502-417d70977e4e|rpc:172.17.0.2:44359|priority:1, 92084499-c42d-4e9c-90ed-faecbf58ca46|rpc:172.17.0.2:44599|priority:0], old=null, confs=<EMPTY_MAP>
2021-03-08 02:05:15,270 [pool-1017-thread-1] INFO  server.RaftServerConfigKeys (ConfUtils.java:logGet(44)) - raft.server.storage.dir = [/github/workspace/mnt/ozone/hadoop-ozone/integration-test/target/test-dir/MiniOzoneClusterImpl-ccaa8949-4e5a-4858-a1f5-413699190f1a/datanode-0/data/ratis] (custom)
2021-03-08 02:05:15,270 [pool-1017-thread-1] INFO  server.RaftServerConfigKeys (ConfUtils.java:logGet(44)) - raft.server.log.corruption.policy = EXCEPTION (default)
2021-03-08 02:05:15,270 [pool-1017-thread-1] INFO  storage.RaftStorageDirectory (RaftStorageDirectoryImpl.java:analyzeStorage(132)) - The storage directory /github/workspace/mnt/ozone/hadoop-ozone/integration-test/target/test-dir/MiniOzoneClusterImpl-ccaa8949-4e5a-4858-a1f5-413699190f1a/datanode-0/data/ratis/fe419e3b-18d5-4c91-9f2d-5ca67261f62c does not exist. Creating ...
2021-03-08 02:05:15,272 [pool-1017-thread-1] INFO  storage.RaftStorageDirectory (RaftStorageDirectoryImpl.java:tryLock(215)) - Lock on /github/workspace/mnt/ozone/hadoop-ozone/integration-test/target/test-dir/MiniOzoneClusterImpl-ccaa8949-4e5a-4858-a1f5-413699190f1a/datanode-0/data/ratis/fe419e3b-18d5-4c91-9f2d-5ca67261f62c/in_use.lock acquired by nodename 32215@55665278a03a
2021-03-08 02:05:15,274 [pool-1017-thread-1] INFO  storage.RaftStorage (RaftStorageImpl.java:format(87)) - Storage directory /github/workspace/mnt/ozone/hadoop-ozone/integration-test/target/test-dir/MiniOzoneClusterImpl-ccaa8949-4e5a-4858-a1f5-413699190f1a/datanode-0/data/ratis/fe419e3b-18d5-4c91-9f2d-5ca67261f62c has been successfully formatted.
2021-03-08 02:05:15,274 [pool-1017-thread-1] INFO  ratis.ContainerStateMachine (ContainerStateMachine.java:loadSnapshot(223)) - group-5CA67261F62C: The snapshot info is null. Setting the last applied indexto:(t:0, i:~)
2021-03-08 02:05:15,274 [pool-1017-thread-1] ERROR storage.RaftStorage (RaftStorageImpl.java:readRaftConfiguration(147)) - Failed reading configuration from file:/github/workspace/mnt/ozone/hadoop-ozone/integration-test/target/test-dir/MiniOzoneClusterImpl-ccaa8949-4e5a-4858-a1f5-413699190f1a/datanode-0/data/ratis/fe419e3b-18d5-4c91-9f2d-5ca67261f62c/current/raft-meta.conf
java.io.FileNotFoundException: /github/workspace/mnt/ozone/hadoop-ozone/integration-test/target/test-dir/MiniOzoneClusterImpl-ccaa8949-4e5a-4858-a1f5-413699190f1a/datanode-0/data/ratis/fe419e3b-18d5-4c91-9f2d-5ca67261f62c/current/raft-meta.conf (No such file or directory)
	at java.io.FileInputStream.open0(Native Method)
	at java.io.FileInputStream.open(FileInputStream.java:195)
	at java.io.FileInputStream.<init>(FileInputStream.java:138)
	at org.apache.ratis.server.storage.RaftStorageImpl.readRaftConfiguration(RaftStorageImpl.java:143)
	at org.apache.ratis.server.impl.ServerState.<init>(ServerState.java:122)
	at org.apache.ratis.server.impl.RaftServerImpl.<init>(RaftServerImpl.java:193)
	at org.apache.ratis.server.impl.RaftServerProxy.lambda$newRaftServerImpl$4(RaftServerProxy.java:266)
	at java.util.concurrent.CompletableFuture$AsyncSupply.run(CompletableFuture.java:1604)
	at java.util.concurrent.ThreadPoolExecutor.runWorker(ThreadPoolExecutor.java:1149)
	at java.util.concurrent.ThreadPoolExecutor$Worker.run(ThreadPoolExecutor.java:624)
	at java.lang.Thread.run(Thread.java:748)
2021-03-08 02:05:15,274 [EventQueue-PipelineReportForOneReplicaPipelineSafeModeRule] INFO  safemode.SCMSafeModeManager (SCMSafeModeManager.java:validateSafeModeExitRules(214)) - AtleastOneDatanodeReportedRule rule is successfully validated
2021-03-08 02:05:15,275 [EventQueue-OpenPipelineForHealthyPipelineSafeModeRule] INFO  safemode.SCMSafeModeManager (HealthyPipelineSafeModeRule.java:process(128)) - SCM in safe mode. Healthy pipelines reported count is 0, required healthy pipeline reported count is 1
2021-03-08 02:05:15,275 [pool-1017-thread-1] INFO  server.RaftServerConfigKeys (ConfUtils.java:logGet(44)) - raft.server.notification.no-leader.timeout = 300000ms (custom)
2021-03-08 02:05:15,275 [pool-1017-thread-1] INFO  server.RaftServerConfigKeys (ConfUtils.java:logGet(44)) - raft.server.log.use.memory = false (default)
2021-03-08 02:05:15,275 [pool-1017-thread-1] INFO  server.RaftServerConfigKeys (ConfUtils.java:logGet(44)) - raft.server.log.purge.gap = 1000000 (custom)
2021-03-08 02:05:15,275 [pool-1017-thread-1] INFO  server.RaftServerConfigKeys (ConfUtils.java:logGet(44)) - raft.server.log.appender.buffer.byte-limit = 33554432 (custom)
2021-03-08 02:05:15,275 [pool-1017-thread-1] INFO  metrics.RatisMetrics (RatisMetrics.java:lambda$create$0(36)) - Creating Metrics Registry : ratis.log_worker.92084499-c42d-4e9c-90ed-faecbf58ca46@group-5CA67261F62C
2021-03-08 02:05:15,275 [pool-1017-thread-1] INFO  server.RaftServerConfigKeys (ConfUtils.java:logGet(44)) - raft.server.log.segment.size.max = 1048576 (custom)
2021-03-08 02:05:15,277 [pool-1017-thread-1] INFO  server.RaftServerConfigKeys (ConfUtils.java:logGet(44)) - raft.server.log.segment.cache.num.max = 2 (custom)
2021-03-08 02:05:15,277 [pool-1017-thread-1] INFO  server.RaftServerConfigKeys (ConfUtils.java:logGet(44)) - raft.server.log.segment.cache.size.max = 200MB (=209715200) (default)
2021-03-08 02:05:15,277 [pool-1017-thread-1] INFO  segmented.SegmentedRaftLogWorker (SegmentedRaftLogWorker.java:<init>(181)) - new 92084499-c42d-4e9c-90ed-faecbf58ca46@group-5CA67261F62C-SegmentedRaftLogWorker for RaftStorageImpl:Storage Directory /github/workspace/mnt/ozone/hadoop-ozone/integration-test/target/test-dir/MiniOzoneClusterImpl-ccaa8949-4e5a-4858-a1f5-413699190f1a/datanode-0/data/ratis/fe419e3b-18d5-4c91-9f2d-5ca67261f62c
2021-03-08 02:05:15,277 [pool-1017-thread-1] INFO  server.RaftServerConfigKeys (ConfUtils.java:logGet(44)) - raft.server.log.queue.byte-limit = 2147483647 (custom)
2021-03-08 02:05:15,277 [pool-1017-thread-1] INFO  server.RaftServerConfigKeys (ConfUtils.java:logGet(44)) - raft.server.log.queue.element-limit = 1024 (custom)
2021-03-08 02:05:15,277 [pool-1017-thread-1] INFO  server.RaftServerConfigKeys (ConfUtils.java:logGet(44)) - raft.server.log.segment.size.max = 1048576 (custom)
2021-03-08 02:05:15,277 [pool-1017-thread-1] INFO  server.RaftServerConfigKeys (ConfUtils.java:logGet(44)) - raft.server.log.preallocated.size = 16384 (custom)
2021-03-08 02:05:15,277 [pool-1017-thread-1] INFO  server.RaftServerConfigKeys (ConfUtils.java:logGet(44)) - raft.server.log.force.sync.num = 128 (default)
2021-03-08 02:05:15,277 [pool-1017-thread-1] INFO  server.RaftServerConfigKeys (ConfUtils.java:logGet(44)) - raft.server.log.statemachine.data.sync = true (default)
2021-03-08 02:05:15,277 [pool-1017-thread-1] INFO  server.RaftServerConfigKeys (ConfUtils.java:logGet(44)) - raft.server.log.statemachine.data.sync.timeout = 10s (default)
2021-03-08 02:05:15,277 [pool-1017-thread-1] INFO  server.RaftServerConfigKeys (ConfUtils.java:logGet(44)) - raft.server.log.statemachine.data.sync.timeout.retry = -1 (default)
2021-03-08 02:05:15,280 [pool-1017-thread-1] INFO  server.RaftServerConfigKeys (ConfUtils.java:logGet(44)) - raft.server.log.write.buffer.size = 1048576 (custom)
2021-03-08 02:05:15,280 [pool-1017-thread-1] INFO  server.RaftServerConfigKeys (ConfUtils.java:logGet(44)) - raft.server.log.statemachine.data.caching.enabled = true (custom)
2021-03-08 02:05:15,280 [pool-1017-thread-1] INFO  segmented.SegmentedRaftLogWorker (SegmentedRaftLogWorker.java:lambda$new$0(132)) - 92084499-c42d-4e9c-90ed-faecbf58ca46@group-5CA67261F62C-SegmentedRaftLogWorker: flushIndex: setUnconditionally 0 -> -1
2021-03-08 02:05:15,280 [pool-1017-thread-1] INFO  segmented.SegmentedRaftLogWorker (SegmentedRaftLogWorker.java:lambda$new$0(132)) - 92084499-c42d-4e9c-90ed-faecbf58ca46@group-5CA67261F62C-SegmentedRaftLogWorker: safeCacheEvictIndex: setUnconditionally 0 -> -1
2021-03-08 02:05:15,281 [pool-1017-thread-1] INFO  server.RaftServerConfigKeys (ConfUtils.java:logGet(44)) - raft.server.snapshot.auto.trigger.enabled = true (custom)
2021-03-08 02:05:15,281 [pool-1017-thread-1] INFO  server.RaftServerConfigKeys (ConfUtils.java:logGet(44)) - raft.server.snapshot.auto.trigger.threshold = 10000 (custom)
2021-03-08 02:05:15,281 [pool-1017-thread-1] INFO  server.RaftServerConfigKeys (ConfUtils.java:logGet(44)) - raft.server.snapshot.retention.file.num = 5 (custom)
2021-03-08 02:05:15,281 [pool-1017-thread-1] INFO  server.RaftServerConfigKeys (ConfUtils.java:logGet(44)) - raft.server.log.purge.upto.snapshot.index = false (default)
2021-03-08 02:05:15,281 [pool-1017-thread-1] INFO  server.RaftServerConfigKeys (ConfUtils.java:logGet(44)) - raft.server.retrycache.expirytime = 600000ms (custom)
2021-03-08 02:05:15,281 [pool-1017-thread-1] INFO  server.RaftServerConfigKeys (ConfUtils.java:logGet(44)) - raft.server.retrycache.statistics.expirytime = 100?s (default)
2021-03-08 02:05:15,281 [pool-1017-thread-1] INFO  metrics.RatisMetrics (RatisMetrics.java:lambda$create$0(36)) - Creating Metrics Registry : ratis.leader_election.92084499-c42d-4e9c-90ed-faecbf58ca46@group-5CA67261F62C
2021-03-08 02:05:15,282 [pool-1017-thread-1] INFO  metrics.RatisMetrics (RatisMetrics.java:lambda$create$0(36)) - Creating Metrics Registry : ratis.server.92084499-c42d-4e9c-90ed-faecbf58ca46@group-5CA67261F62C
2021-03-08 02:05:15,284 [pool-1017-thread-1] INFO  server.RaftServer$Division (RaftServerImpl.java:start(295)) - 92084499-c42d-4e9c-90ed-faecbf58ca46@group-5CA67261F62C: start as a follower, conf=-1: [6ba9ab1d-3af3-415d-b63e-d033c6891994|rpc:172.17.0.2:33141|priority:0, bc98b27f-878f-4dad-a502-417d70977e4e|rpc:172.17.0.2:44359|priority:1, 92084499-c42d-4e9c-90ed-faecbf58ca46|rpc:172.17.0.2:44599|priority:0], old=null
2021-03-08 02:05:15,285 [pool-1017-thread-1] INFO  server.RaftServer$Division (RaftServerImpl.java:setRole(284)) - 92084499-c42d-4e9c-90ed-faecbf58ca46@group-5CA67261F62C: changes role from      null to FOLLOWER at term 0 for startAsFollower
2021-03-08 02:05:15,285 [pool-1017-thread-1] INFO  impl.RoleInfo (RoleInfo.java:updateAndGet(130)) - 92084499-c42d-4e9c-90ed-faecbf58ca46: start 92084499-c42d-4e9c-90ed-faecbf58ca46@group-5CA67261F62C-FollowerState
2021-03-08 02:05:15,285 [pool-1017-thread-1] INFO  util.JmxRegister (JmxRegister.java:tryRegister(44)) - Successfully registered JMX Bean with object name Ratis:service=RaftServer,group=group-5CA67261F62C,id=92084499-c42d-4e9c-90ed-faecbf58ca46
2021-03-08 02:05:15,285 [pool-1017-thread-1] INFO  metrics.RatisMetrics (RatisMetrics.java:lambda$create$0(36)) - Creating Metrics Registry : ratis.state_machine.92084499-c42d-4e9c-90ed-faecbf58ca46@group-5CA67261F62C
2021-03-08 02:05:15,287 [Command processor thread] INFO  metrics.RatisMetrics (RatisMetrics.java:lambda$create$0(36)) - Creating Metrics Registry : ratis.client_message_metrics.client-1413CCC13FCE->6ba9ab1d-3af3-415d-b63e-d033c6891994
2021-03-08 02:05:15,295 [grpc-default-executor-3] INFO  metrics.RatisMetrics (RatisMetrics.java:lambda$create$0(36)) - Creating Metrics Registry : ratis.server_message_metrics.6ba9ab1d-3af3-415d-b63e-d033c6891994
2021-03-08 02:05:15,297 [grpc-default-executor-3] INFO  server.RaftServer (RaftServerProxy.java:addNew(95)) - 6ba9ab1d-3af3-415d-b63e-d033c6891994: addNew group-5CA67261F62C:[6ba9ab1d-3af3-415d-b63e-d033c6891994|rpc:172.17.0.2:33141|dataStream:|priority:0, bc98b27f-878f-4dad-a502-417d70977e4e|rpc:172.17.0.2:44359|dataStream:|priority:1, 92084499-c42d-4e9c-90ed-faecbf58ca46|rpc:172.17.0.2:44599|dataStream:|priority:0] returns group-5CA67261F62C:java.util.concurrent.CompletableFuture@4e59c0ee[Not completed]
2021-03-08 02:05:15,298 [pool-1033-thread-1] INFO  server.RaftServer$Division (RaftServerImpl.java:<init>(180)) - 6ba9ab1d-3af3-415d-b63e-d033c6891994: new RaftServerImpl for group-5CA67261F62C:[6ba9ab1d-3af3-415d-b63e-d033c6891994|rpc:172.17.0.2:33141|dataStream:|priority:0, bc98b27f-878f-4dad-a502-417d70977e4e|rpc:172.17.0.2:44359|dataStream:|priority:1, 92084499-c42d-4e9c-90ed-faecbf58ca46|rpc:172.17.0.2:44599|dataStream:|priority:0] with ContainerStateMachine:uninitialized
2021-03-08 02:05:15,301 [pool-1033-thread-1] INFO  server.RaftServerConfigKeys (ConfUtils.java:logGet(44)) - raft.server.rpc.timeout.min = 5s (custom)
2021-03-08 02:05:15,301 [pool-1033-thread-1] INFO  server.RaftServerConfigKeys (ConfUtils.java:logGet(44)) - raft.server.rpc.timeout.max = 5200ms (custom)
2021-03-08 02:05:15,301 [pool-1033-thread-1] INFO  server.RaftServerConfigKeys (ConfUtils.java:logGet(44)) - raft.server.rpc.sleep.time = 25ms (default)
2021-03-08 02:05:15,301 [pool-1033-thread-1] INFO  server.RaftServerConfigKeys (ConfUtils.java:logGet(44)) - raft.server.rpc.slowness.timeout = 300000ms (custom)
2021-03-08 02:05:15,301 [pool-1033-thread-1] INFO  server.RaftServerConfigKeys (ConfUtils.java:logGet(44)) - raft.server.leaderelection.leader.step-down.wait-time = 10s (default)
2021-03-08 02:05:15,301 [pool-1033-thread-1] INFO  server.RaftServerConfigKeys (ConfUtils.java:logGet(44)) - raft.server.sleep.deviation.threshold = 300ms (default)
2021-03-08 02:05:15,301 [pool-1033-thread-1] INFO  server.RaftServerConfigKeys (ConfUtils.java:logGet(44)) - raft.server.log.appender.install.snapshot.enabled = false (custom)
2021-03-08 02:05:15,301 [pool-1033-thread-1] INFO  server.RaftServer$Division (ServerState.java:<init>(105)) - 6ba9ab1d-3af3-415d-b63e-d033c6891994@group-5CA67261F62C: ConfigurationManager, init=-1: [6ba9ab1d-3af3-415d-b63e-d033c6891994|rpc:172.17.0.2:33141|dataStream:|priority:0, bc98b27f-878f-4dad-a502-417d70977e4e|rpc:172.17.0.2:44359|dataStream:|priority:1, 92084499-c42d-4e9c-90ed-faecbf58ca46|rpc:172.17.0.2:44599|dataStream:|priority:0], old=null, confs=<EMPTY_MAP>
2021-03-08 02:05:15,301 [pool-1033-thread-1] INFO  server.RaftServerConfigKeys (ConfUtils.java:logGet(44)) - raft.server.storage.dir = [/github/workspace/mnt/ozone/hadoop-ozone/integration-test/target/test-dir/MiniOzoneClusterImpl-ccaa8949-4e5a-4858-a1f5-413699190f1a/datanode-1/data/ratis] (custom)
2021-03-08 02:05:15,301 [pool-1033-thread-1] INFO  server.RaftServerConfigKeys (ConfUtils.java:logGet(44)) - raft.server.log.corruption.policy = EXCEPTION (default)
2021-03-08 02:05:15,302 [pool-1033-thread-1] INFO  storage.RaftStorageDirectory (RaftStorageDirectoryImpl.java:analyzeStorage(132)) - The storage directory /github/workspace/mnt/ozone/hadoop-ozone/integration-test/target/test-dir/MiniOzoneClusterImpl-ccaa8949-4e5a-4858-a1f5-413699190f1a/datanode-1/data/ratis/fe419e3b-18d5-4c91-9f2d-5ca67261f62c does not exist. Creating ...
2021-03-08 02:05:15,303 [pool-1033-thread-1] INFO  storage.RaftStorageDirectory (RaftStorageDirectoryImpl.java:tryLock(215)) - Lock on /github/workspace/mnt/ozone/hadoop-ozone/integration-test/target/test-dir/MiniOzoneClusterImpl-ccaa8949-4e5a-4858-a1f5-413699190f1a/datanode-1/data/ratis/fe419e3b-18d5-4c91-9f2d-5ca67261f62c/in_use.lock acquired by nodename 32215@55665278a03a
2021-03-08 02:05:15,304 [pool-1033-thread-1] INFO  storage.RaftStorage (RaftStorageImpl.java:format(87)) - Storage directory /github/workspace/mnt/ozone/hadoop-ozone/integration-test/target/test-dir/MiniOzoneClusterImpl-ccaa8949-4e5a-4858-a1f5-413699190f1a/datanode-1/data/ratis/fe419e3b-18d5-4c91-9f2d-5ca67261f62c has been successfully formatted.
2021-03-08 02:05:15,304 [pool-1033-thread-1] INFO  ratis.ContainerStateMachine (ContainerStateMachine.java:loadSnapshot(223)) - group-5CA67261F62C: The snapshot info is null. Setting the last applied indexto:(t:0, i:~)
2021-03-08 02:05:15,304 [pool-1033-thread-1] ERROR storage.RaftStorage (RaftStorageImpl.java:readRaftConfiguration(147)) - Failed reading configuration from file:/github/workspace/mnt/ozone/hadoop-ozone/integration-test/target/test-dir/MiniOzoneClusterImpl-ccaa8949-4e5a-4858-a1f5-413699190f1a/datanode-1/data/ratis/fe419e3b-18d5-4c91-9f2d-5ca67261f62c/current/raft-meta.conf
java.io.FileNotFoundException: /github/workspace/mnt/ozone/hadoop-ozone/integration-test/target/test-dir/MiniOzoneClusterImpl-ccaa8949-4e5a-4858-a1f5-413699190f1a/datanode-1/data/ratis/fe419e3b-18d5-4c91-9f2d-5ca67261f62c/current/raft-meta.conf (No such file or directory)
	at java.io.FileInputStream.open0(Native Method)
	at java.io.FileInputStream.open(FileInputStream.java:195)
	at java.io.FileInputStream.<init>(FileInputStream.java:138)
	at org.apache.ratis.server.storage.RaftStorageImpl.readRaftConfiguration(RaftStorageImpl.java:143)
	at org.apache.ratis.server.impl.ServerState.<init>(ServerState.java:122)
	at org.apache.ratis.server.impl.RaftServerImpl.<init>(RaftServerImpl.java:193)
	at org.apache.ratis.server.impl.RaftServerProxy.lambda$newRaftServerImpl$4(RaftServerProxy.java:266)
	at java.util.concurrent.CompletableFuture$AsyncSupply.run(CompletableFuture.java:1604)
	at java.util.concurrent.ThreadPoolExecutor.runWorker(ThreadPoolExecutor.java:1149)
	at java.util.concurrent.ThreadPoolExecutor$Worker.run(ThreadPoolExecutor.java:624)
	at java.lang.Thread.run(Thread.java:748)
2021-03-08 02:05:15,304 [pool-1033-thread-1] INFO  server.RaftServerConfigKeys (ConfUtils.java:logGet(44)) - raft.server.notification.no-leader.timeout = 300000ms (custom)
2021-03-08 02:05:15,305 [EventQueue-PipelineReportForOneReplicaPipelineSafeModeRule] INFO  safemode.SCMSafeModeManager (SCMSafeModeManager.java:validateSafeModeExitRules(214)) - AtleastOneDatanodeReportedRule rule is successfully validated
2021-03-08 02:05:15,305 [pool-1033-thread-1] INFO  server.RaftServerConfigKeys (ConfUtils.java:logGet(44)) - raft.server.log.use.memory = false (default)
2021-03-08 02:05:15,305 [pool-1033-thread-1] INFO  server.RaftServerConfigKeys (ConfUtils.java:logGet(44)) - raft.server.log.purge.gap = 1000000 (custom)
2021-03-08 02:05:15,305 [pool-1033-thread-1] INFO  server.RaftServerConfigKeys (ConfUtils.java:logGet(44)) - raft.server.log.appender.buffer.byte-limit = 33554432 (custom)
2021-03-08 02:05:15,305 [pool-1033-thread-1] INFO  metrics.RatisMetrics (RatisMetrics.java:lambda$create$0(36)) - Creating Metrics Registry : ratis.log_worker.6ba9ab1d-3af3-415d-b63e-d033c6891994@group-5CA67261F62C
2021-03-08 02:05:15,305 [pool-1033-thread-1] INFO  server.RaftServerConfigKeys (ConfUtils.java:logGet(44)) - raft.server.log.segment.size.max = 1048576 (custom)
2021-03-08 02:05:15,306 [pool-1033-thread-1] INFO  server.RaftServerConfigKeys (ConfUtils.java:logGet(44)) - raft.server.log.segment.cache.num.max = 2 (custom)
2021-03-08 02:05:15,306 [pool-1033-thread-1] INFO  server.RaftServerConfigKeys (ConfUtils.java:logGet(44)) - raft.server.log.segment.cache.size.max = 200MB (=209715200) (default)
2021-03-08 02:05:15,307 [pool-1033-thread-1] INFO  segmented.SegmentedRaftLogWorker (SegmentedRaftLogWorker.java:<init>(181)) - new 6ba9ab1d-3af3-415d-b63e-d033c6891994@group-5CA67261F62C-SegmentedRaftLogWorker for RaftStorageImpl:Storage Directory /github/workspace/mnt/ozone/hadoop-ozone/integration-test/target/test-dir/MiniOzoneClusterImpl-ccaa8949-4e5a-4858-a1f5-413699190f1a/datanode-1/data/ratis/fe419e3b-18d5-4c91-9f2d-5ca67261f62c
2021-03-08 02:05:15,307 [pool-1033-thread-1] INFO  server.RaftServerConfigKeys (ConfUtils.java:logGet(44)) - raft.server.log.queue.byte-limit = 2147483647 (custom)
2021-03-08 02:05:15,307 [pool-1033-thread-1] INFO  server.RaftServerConfigKeys (ConfUtils.java:logGet(44)) - raft.server.log.queue.element-limit = 1024 (custom)
2021-03-08 02:05:15,307 [pool-1033-thread-1] INFO  server.RaftServerConfigKeys (ConfUtils.java:logGet(44)) - raft.server.log.segment.size.max = 1048576 (custom)
2021-03-08 02:05:15,307 [pool-1033-thread-1] INFO  server.RaftServerConfigKeys (ConfUtils.java:logGet(44)) - raft.server.log.preallocated.size = 16384 (custom)
2021-03-08 02:05:15,307 [pool-1033-thread-1] INFO  server.RaftServerConfigKeys (ConfUtils.java:logGet(44)) - raft.server.log.force.sync.num = 128 (default)
2021-03-08 02:05:15,307 [pool-1033-thread-1] INFO  server.RaftServerConfigKeys (ConfUtils.java:logGet(44)) - raft.server.log.statemachine.data.sync = true (default)
2021-03-08 02:05:15,307 [pool-1033-thread-1] INFO  server.RaftServerConfigKeys (ConfUtils.java:logGet(44)) - raft.server.log.statemachine.data.sync.timeout = 10s (default)
2021-03-08 02:05:15,307 [pool-1033-thread-1] INFO  server.RaftServerConfigKeys (ConfUtils.java:logGet(44)) - raft.server.log.statemachine.data.sync.timeout.retry = -1 (default)
2021-03-08 02:05:15,310 [pool-1033-thread-1] INFO  server.RaftServerConfigKeys (ConfUtils.java:logGet(44)) - raft.server.log.write.buffer.size = 1048576 (custom)
2021-03-08 02:05:15,310 [pool-1033-thread-1] INFO  server.RaftServerConfigKeys (ConfUtils.java:logGet(44)) - raft.server.log.statemachine.data.caching.enabled = true (custom)
2021-03-08 02:05:15,311 [pool-1033-thread-1] INFO  segmented.SegmentedRaftLogWorker (SegmentedRaftLogWorker.java:lambda$new$0(132)) - 6ba9ab1d-3af3-415d-b63e-d033c6891994@group-5CA67261F62C-SegmentedRaftLogWorker: flushIndex: setUnconditionally 0 -> -1
2021-03-08 02:05:15,311 [pool-1033-thread-1] INFO  segmented.SegmentedRaftLogWorker (SegmentedRaftLogWorker.java:lambda$new$0(132)) - 6ba9ab1d-3af3-415d-b63e-d033c6891994@group-5CA67261F62C-SegmentedRaftLogWorker: safeCacheEvictIndex: setUnconditionally 0 -> -1
2021-03-08 02:05:15,311 [pool-1033-thread-1] INFO  server.RaftServerConfigKeys (ConfUtils.java:logGet(44)) - raft.server.snapshot.auto.trigger.enabled = true (custom)
2021-03-08 02:05:15,311 [pool-1033-thread-1] INFO  server.RaftServerConfigKeys (ConfUtils.java:logGet(44)) - raft.server.snapshot.auto.trigger.threshold = 10000 (custom)
2021-03-08 02:05:15,311 [pool-1033-thread-1] INFO  server.RaftServerConfigKeys (ConfUtils.java:logGet(44)) - raft.server.snapshot.retention.file.num = 5 (custom)
2021-03-08 02:05:15,311 [pool-1033-thread-1] INFO  server.RaftServerConfigKeys (ConfUtils.java:logGet(44)) - raft.server.log.purge.upto.snapshot.index = false (default)
2021-03-08 02:05:15,311 [pool-1033-thread-1] INFO  server.RaftServerConfigKeys (ConfUtils.java:logGet(44)) - raft.server.retrycache.expirytime = 600000ms (custom)
2021-03-08 02:05:15,311 [pool-1033-thread-1] INFO  server.RaftServerConfigKeys (ConfUtils.java:logGet(44)) - raft.server.retrycache.statistics.expirytime = 100?s (default)
2021-03-08 02:05:15,311 [pool-1033-thread-1] INFO  metrics.RatisMetrics (RatisMetrics.java:lambda$create$0(36)) - Creating Metrics Registry : ratis.leader_election.6ba9ab1d-3af3-415d-b63e-d033c6891994@group-5CA67261F62C
2021-03-08 02:05:15,312 [pool-1033-thread-1] INFO  metrics.RatisMetrics (RatisMetrics.java:lambda$create$0(36)) - Creating Metrics Registry : ratis.server.6ba9ab1d-3af3-415d-b63e-d033c6891994@group-5CA67261F62C
2021-03-08 02:05:15,315 [pool-1033-thread-1] INFO  server.RaftServer$Division (RaftServerImpl.java:start(295)) - 6ba9ab1d-3af3-415d-b63e-d033c6891994@group-5CA67261F62C: start as a follower, conf=-1: [6ba9ab1d-3af3-415d-b63e-d033c6891994|rpc:172.17.0.2:33141|dataStream:|priority:0, bc98b27f-878f-4dad-a502-417d70977e4e|rpc:172.17.0.2:44359|dataStream:|priority:1, 92084499-c42d-4e9c-90ed-faecbf58ca46|rpc:172.17.0.2:44599|dataStream:|priority:0], old=null
2021-03-08 02:05:15,315 [pool-1033-thread-1] INFO  server.RaftServer$Division (RaftServerImpl.java:setRole(284)) - 6ba9ab1d-3af3-415d-b63e-d033c6891994@group-5CA67261F62C: changes role from      null to FOLLOWER at term 0 for startAsFollower
2021-03-08 02:05:15,315 [pool-1033-thread-1] INFO  impl.RoleInfo (RoleInfo.java:updateAndGet(130)) - 6ba9ab1d-3af3-415d-b63e-d033c6891994: start 6ba9ab1d-3af3-415d-b63e-d033c6891994@group-5CA67261F62C-FollowerState
2021-03-08 02:05:15,315 [pool-1033-thread-1] INFO  util.JmxRegister (JmxRegister.java:tryRegister(44)) - Successfully registered JMX Bean with object name Ratis:service=RaftServer,group=group-5CA67261F62C,id=6ba9ab1d-3af3-415d-b63e-d033c6891994
2021-03-08 02:05:15,315 [pool-1033-thread-1] INFO  metrics.RatisMetrics (RatisMetrics.java:lambda$create$0(36)) - Creating Metrics Registry : ratis.state_machine.6ba9ab1d-3af3-415d-b63e-d033c6891994@group-5CA67261F62C
2021-03-08 02:05:15,319 [Command processor thread] INFO  metrics.RatisMetrics (RatisMetrics.java:lambda$create$0(36)) - Creating Metrics Registry : ratis.client_message_metrics.client-493D51738484->bc98b27f-878f-4dad-a502-417d70977e4e
2021-03-08 02:05:15,322 [grpc-default-executor-3] INFO  metrics.RatisMetrics (RatisMetrics.java:lambda$create$0(36)) - Creating Metrics Registry : ratis.server_message_metrics.bc98b27f-878f-4dad-a502-417d70977e4e
2021-03-08 02:05:15,324 [grpc-default-executor-3] INFO  server.RaftServer (RaftServerProxy.java:addNew(95)) - bc98b27f-878f-4dad-a502-417d70977e4e: addNew group-5CA67261F62C:[6ba9ab1d-3af3-415d-b63e-d033c6891994|rpc:172.17.0.2:33141|dataStream:|priority:0, bc98b27f-878f-4dad-a502-417d70977e4e|rpc:172.17.0.2:44359|dataStream:|priority:1, 92084499-c42d-4e9c-90ed-faecbf58ca46|rpc:172.17.0.2:44599|dataStream:|priority:0] returns group-5CA67261F62C:java.util.concurrent.CompletableFuture@76400a94[Not completed]
2021-03-08 02:05:15,325 [pool-1049-thread-1] INFO  server.RaftServer$Division (RaftServerImpl.java:<init>(180)) - bc98b27f-878f-4dad-a502-417d70977e4e: new RaftServerImpl for group-5CA67261F62C:[6ba9ab1d-3af3-415d-b63e-d033c6891994|rpc:172.17.0.2:33141|dataStream:|priority:0, bc98b27f-878f-4dad-a502-417d70977e4e|rpc:172.17.0.2:44359|dataStream:|priority:1, 92084499-c42d-4e9c-90ed-faecbf58ca46|rpc:172.17.0.2:44599|dataStream:|priority:0] with ContainerStateMachine:uninitialized
2021-03-08 02:05:15,325 [pool-1049-thread-1] INFO  server.RaftServerConfigKeys (ConfUtils.java:logGet(44)) - raft.server.rpc.timeout.min = 5s (custom)
2021-03-08 02:05:15,325 [pool-1049-thread-1] INFO  server.RaftServerConfigKeys (ConfUtils.java:logGet(44)) - raft.server.rpc.timeout.max = 5200ms (custom)
2021-03-08 02:05:15,325 [pool-1049-thread-1] INFO  server.RaftServerConfigKeys (ConfUtils.java:logGet(44)) - raft.server.rpc.sleep.time = 25ms (default)
2021-03-08 02:05:15,325 [pool-1049-thread-1] INFO  server.RaftServerConfigKeys (ConfUtils.java:logGet(44)) - raft.server.rpc.slowness.timeout = 300000ms (custom)
2021-03-08 02:05:15,325 [pool-1049-thread-1] INFO  server.RaftServerConfigKeys (ConfUtils.java:logGet(44)) - raft.server.leaderelection.leader.step-down.wait-time = 10s (default)
2021-03-08 02:05:15,325 [pool-1049-thread-1] INFO  server.RaftServerConfigKeys (ConfUtils.java:logGet(44)) - raft.server.sleep.deviation.threshold = 300ms (default)
2021-03-08 02:05:15,325 [pool-1049-thread-1] INFO  server.RaftServerConfigKeys (ConfUtils.java:logGet(44)) - raft.server.log.appender.install.snapshot.enabled = false (custom)
2021-03-08 02:05:15,325 [pool-1049-thread-1] INFO  server.RaftServer$Division (ServerState.java:<init>(105)) - bc98b27f-878f-4dad-a502-417d70977e4e@group-5CA67261F62C: ConfigurationManager, init=-1: [6ba9ab1d-3af3-415d-b63e-d033c6891994|rpc:172.17.0.2:33141|dataStream:|priority:0, bc98b27f-878f-4dad-a502-417d70977e4e|rpc:172.17.0.2:44359|dataStream:|priority:1, 92084499-c42d-4e9c-90ed-faecbf58ca46|rpc:172.17.0.2:44599|dataStream:|priority:0], old=null, confs=<EMPTY_MAP>
2021-03-08 02:05:15,325 [pool-1049-thread-1] INFO  server.RaftServerConfigKeys (ConfUtils.java:logGet(44)) - raft.server.storage.dir = [/github/workspace/mnt/ozone/hadoop-ozone/integration-test/target/test-dir/MiniOzoneClusterImpl-ccaa8949-4e5a-4858-a1f5-413699190f1a/datanode-2/data/ratis] (custom)
2021-03-08 02:05:15,326 [pool-1049-thread-1] INFO  server.RaftServerConfigKeys (ConfUtils.java:logGet(44)) - raft.server.log.corruption.policy = EXCEPTION (default)
2021-03-08 02:05:15,326 [pool-1049-thread-1] INFO  storage.RaftStorageDirectory (RaftStorageDirectoryImpl.java:analyzeStorage(132)) - The storage directory /github/workspace/mnt/ozone/hadoop-ozone/integration-test/target/test-dir/MiniOzoneClusterImpl-ccaa8949-4e5a-4858-a1f5-413699190f1a/datanode-2/data/ratis/fe419e3b-18d5-4c91-9f2d-5ca67261f62c does not exist. Creating ...
2021-03-08 02:05:15,327 [pool-1049-thread-1] INFO  storage.RaftStorageDirectory (RaftStorageDirectoryImpl.java:tryLock(215)) - Lock on /github/workspace/mnt/ozone/hadoop-ozone/integration-test/target/test-dir/MiniOzoneClusterImpl-ccaa8949-4e5a-4858-a1f5-413699190f1a/datanode-2/data/ratis/fe419e3b-18d5-4c91-9f2d-5ca67261f62c/in_use.lock acquired by nodename 32215@55665278a03a
2021-03-08 02:05:15,328 [pool-1049-thread-1] INFO  storage.RaftStorage (RaftStorageImpl.java:format(87)) - Storage directory /github/workspace/mnt/ozone/hadoop-ozone/integration-test/target/test-dir/MiniOzoneClusterImpl-ccaa8949-4e5a-4858-a1f5-413699190f1a/datanode-2/data/ratis/fe419e3b-18d5-4c91-9f2d-5ca67261f62c has been successfully formatted.
2021-03-08 02:05:15,328 [pool-1049-thread-1] INFO  ratis.ContainerStateMachine (ContainerStateMachine.java:loadSnapshot(223)) - group-5CA67261F62C: The snapshot info is null. Setting the last applied indexto:(t:0, i:~)
2021-03-08 02:05:15,328 [pool-1049-thread-1] ERROR storage.RaftStorage (RaftStorageImpl.java:readRaftConfiguration(147)) - Failed reading configuration from file:/github/workspace/mnt/ozone/hadoop-ozone/integration-test/target/test-dir/MiniOzoneClusterImpl-ccaa8949-4e5a-4858-a1f5-413699190f1a/datanode-2/data/ratis/fe419e3b-18d5-4c91-9f2d-5ca67261f62c/current/raft-meta.conf
java.io.FileNotFoundException: /github/workspace/mnt/ozone/hadoop-ozone/integration-test/target/test-dir/MiniOzoneClusterImpl-ccaa8949-4e5a-4858-a1f5-413699190f1a/datanode-2/data/ratis/fe419e3b-18d5-4c91-9f2d-5ca67261f62c/current/raft-meta.conf (No such file or directory)
	at java.io.FileInputStream.open0(Native Method)
	at java.io.FileInputStream.open(FileInputStream.java:195)
	at java.io.FileInputStream.<init>(FileInputStream.java:138)
	at org.apache.ratis.server.storage.RaftStorageImpl.readRaftConfiguration(RaftStorageImpl.java:143)
	at org.apache.ratis.server.impl.ServerState.<init>(ServerState.java:122)
	at org.apache.ratis.server.impl.RaftServerImpl.<init>(RaftServerImpl.java:193)
	at org.apache.ratis.server.impl.RaftServerProxy.lambda$newRaftServerImpl$4(RaftServerProxy.java:266)
	at java.util.concurrent.CompletableFuture$AsyncSupply.run(CompletableFuture.java:1604)
	at java.util.concurrent.ThreadPoolExecutor.runWorker(ThreadPoolExecutor.java:1149)
	at java.util.concurrent.ThreadPoolExecutor$Worker.run(ThreadPoolExecutor.java:624)
	at java.lang.Thread.run(Thread.java:748)
2021-03-08 02:05:15,329 [pool-1049-thread-1] INFO  server.RaftServerConfigKeys (ConfUtils.java:logGet(44)) - raft.server.notification.no-leader.timeout = 300000ms (custom)
2021-03-08 02:05:15,329 [EventQueue-PipelineReportForOneReplicaPipelineSafeModeRule] INFO  safemode.SCMSafeModeManager (SCMSafeModeManager.java:validateSafeModeExitRules(214)) - AtleastOneDatanodeReportedRule rule is successfully validated
2021-03-08 02:05:15,329 [pool-1049-thread-1] INFO  server.RaftServerConfigKeys (ConfUtils.java:logGet(44)) - raft.server.log.use.memory = false (default)
2021-03-08 02:05:15,330 [pool-1049-thread-1] INFO  server.RaftServerConfigKeys (ConfUtils.java:logGet(44)) - raft.server.log.purge.gap = 1000000 (custom)
2021-03-08 02:05:15,330 [pool-1049-thread-1] INFO  server.RaftServerConfigKeys (ConfUtils.java:logGet(44)) - raft.server.log.appender.buffer.byte-limit = 33554432 (custom)
2021-03-08 02:05:15,330 [pool-1049-thread-1] INFO  metrics.RatisMetrics (RatisMetrics.java:lambda$create$0(36)) - Creating Metrics Registry : ratis.log_worker.bc98b27f-878f-4dad-a502-417d70977e4e@group-5CA67261F62C
2021-03-08 02:05:15,331 [pool-1049-thread-1] INFO  server.RaftServerConfigKeys (ConfUtils.java:logGet(44)) - raft.server.log.segment.size.max = 1048576 (custom)
2021-03-08 02:05:15,332 [pool-1049-thread-1] INFO  server.RaftServerConfigKeys (ConfUtils.java:logGet(44)) - raft.server.log.segment.cache.num.max = 2 (custom)
2021-03-08 02:05:15,332 [pool-1049-thread-1] INFO  server.RaftServerConfigKeys (ConfUtils.java:logGet(44)) - raft.server.log.segment.cache.size.max = 200MB (=209715200) (default)
2021-03-08 02:05:15,332 [pool-1049-thread-1] INFO  segmented.SegmentedRaftLogWorker (SegmentedRaftLogWorker.java:<init>(181)) - new bc98b27f-878f-4dad-a502-417d70977e4e@group-5CA67261F62C-SegmentedRaftLogWorker for RaftStorageImpl:Storage Directory /github/workspace/mnt/ozone/hadoop-ozone/integration-test/target/test-dir/MiniOzoneClusterImpl-ccaa8949-4e5a-4858-a1f5-413699190f1a/datanode-2/data/ratis/fe419e3b-18d5-4c91-9f2d-5ca67261f62c
2021-03-08 02:05:15,332 [pool-1049-thread-1] INFO  server.RaftServerConfigKeys (ConfUtils.java:logGet(44)) - raft.server.log.queue.byte-limit = 2147483647 (custom)
2021-03-08 02:05:15,332 [pool-1049-thread-1] INFO  server.RaftServerConfigKeys (ConfUtils.java:logGet(44)) - raft.server.log.queue.element-limit = 1024 (custom)
2021-03-08 02:05:15,332 [pool-1049-thread-1] INFO  server.RaftServerConfigKeys (ConfUtils.java:logGet(44)) - raft.server.log.segment.size.max = 1048576 (custom)
2021-03-08 02:05:15,332 [pool-1049-thread-1] INFO  server.RaftServerConfigKeys (ConfUtils.java:logGet(44)) - raft.server.log.preallocated.size = 16384 (custom)
2021-03-08 02:05:15,332 [pool-1049-thread-1] INFO  server.RaftServerConfigKeys (ConfUtils.java:logGet(44)) - raft.server.log.force.sync.num = 128 (default)
2021-03-08 02:05:15,332 [pool-1049-thread-1] INFO  server.RaftServerConfigKeys (ConfUtils.java:logGet(44)) - raft.server.log.statemachine.data.sync = true (default)
2021-03-08 02:05:15,332 [pool-1049-thread-1] INFO  server.RaftServerConfigKeys (ConfUtils.java:logGet(44)) - raft.server.log.statemachine.data.sync.timeout = 10s (default)
2021-03-08 02:05:15,332 [pool-1049-thread-1] INFO  server.RaftServerConfigKeys (ConfUtils.java:logGet(44)) - raft.server.log.statemachine.data.sync.timeout.retry = -1 (default)
2021-03-08 02:05:15,335 [pool-1049-thread-1] INFO  server.RaftServerConfigKeys (ConfUtils.java:logGet(44)) - raft.server.log.write.buffer.size = 1048576 (custom)
2021-03-08 02:05:15,336 [pool-1049-thread-1] INFO  server.RaftServerConfigKeys (ConfUtils.java:logGet(44)) - raft.server.log.statemachine.data.caching.enabled = true (custom)
2021-03-08 02:05:15,336 [pool-1049-thread-1] INFO  segmented.SegmentedRaftLogWorker (SegmentedRaftLogWorker.java:lambda$new$0(132)) - bc98b27f-878f-4dad-a502-417d70977e4e@group-5CA67261F62C-SegmentedRaftLogWorker: flushIndex: setUnconditionally 0 -> -1
2021-03-08 02:05:15,336 [pool-1049-thread-1] INFO  segmented.SegmentedRaftLogWorker (SegmentedRaftLogWorker.java:lambda$new$0(132)) - bc98b27f-878f-4dad-a502-417d70977e4e@group-5CA67261F62C-SegmentedRaftLogWorker: safeCacheEvictIndex: setUnconditionally 0 -> -1
2021-03-08 02:05:15,336 [pool-1049-thread-1] INFO  server.RaftServerConfigKeys (ConfUtils.java:logGet(44)) - raft.server.snapshot.auto.trigger.enabled = true (custom)
2021-03-08 02:05:15,336 [pool-1049-thread-1] INFO  server.RaftServerConfigKeys (ConfUtils.java:logGet(44)) - raft.server.snapshot.auto.trigger.threshold = 10000 (custom)
2021-03-08 02:05:15,337 [pool-1049-thread-1] INFO  server.RaftServerConfigKeys (ConfUtils.java:logGet(44)) - raft.server.snapshot.retention.file.num = 5 (custom)
2021-03-08 02:05:15,337 [pool-1049-thread-1] INFO  server.RaftServerConfigKeys (ConfUtils.java:logGet(44)) - raft.server.log.purge.upto.snapshot.index = false (default)
2021-03-08 02:05:15,337 [pool-1049-thread-1] INFO  server.RaftServerConfigKeys (ConfUtils.java:logGet(44)) - raft.server.retrycache.expirytime = 600000ms (custom)
2021-03-08 02:05:15,337 [pool-1049-thread-1] INFO  server.RaftServerConfigKeys (ConfUtils.java:logGet(44)) - raft.server.retrycache.statistics.expirytime = 100?s (default)
2021-03-08 02:05:15,337 [pool-1049-thread-1] INFO  metrics.RatisMetrics (RatisMetrics.java:lambda$create$0(36)) - Creating Metrics Registry : ratis.leader_election.bc98b27f-878f-4dad-a502-417d70977e4e@group-5CA67261F62C
2021-03-08 02:05:15,338 [pool-1049-thread-1] INFO  metrics.RatisMetrics (RatisMetrics.java:lambda$create$0(36)) - Creating Metrics Registry : ratis.server.bc98b27f-878f-4dad-a502-417d70977e4e@group-5CA67261F62C
2021-03-08 02:05:15,340 [pool-1049-thread-1] INFO  server.RaftServer$Division (RaftServerImpl.java:start(295)) - bc98b27f-878f-4dad-a502-417d70977e4e@group-5CA67261F62C: start as a follower, conf=-1: [6ba9ab1d-3af3-415d-b63e-d033c6891994|rpc:172.17.0.2:33141|dataStream:|priority:0, bc98b27f-878f-4dad-a502-417d70977e4e|rpc:172.17.0.2:44359|dataStream:|priority:1, 92084499-c42d-4e9c-90ed-faecbf58ca46|rpc:172.17.0.2:44599|dataStream:|priority:0], old=null
2021-03-08 02:05:15,340 [pool-1049-thread-1] INFO  server.RaftServer$Division (RaftServerImpl.java:setRole(284)) - bc98b27f-878f-4dad-a502-417d70977e4e@group-5CA67261F62C: changes role from      null to FOLLOWER at term 0 for startAsFollower
2021-03-08 02:05:15,340 [pool-1049-thread-1] INFO  impl.RoleInfo (RoleInfo.java:updateAndGet(130)) - bc98b27f-878f-4dad-a502-417d70977e4e: start bc98b27f-878f-4dad-a502-417d70977e4e@group-5CA67261F62C-FollowerState
2021-03-08 02:05:15,340 [pool-1049-thread-1] INFO  util.JmxRegister (JmxRegister.java:tryRegister(44)) - Successfully registered JMX Bean with object name Ratis:service=RaftServer,group=group-5CA67261F62C,id=bc98b27f-878f-4dad-a502-417d70977e4e
2021-03-08 02:05:15,340 [pool-1049-thread-1] INFO  metrics.RatisMetrics (RatisMetrics.java:lambda$create$0(36)) - Creating Metrics Registry : ratis.state_machine.bc98b27f-878f-4dad-a502-417d70977e4e@group-5CA67261F62C
2021-03-08 02:05:15,344 [Command processor thread] INFO  commandhandler.CreatePipelineCommandHandler (CreatePipelineCommandHandler.java:handle(106)) - Created Pipeline RATIS THREE PipelineID=fe419e3b-18d5-4c91-9f2d-5ca67261f62c.
2021-03-08 02:05:15,345 [Command processor thread] INFO  server.RaftServer (RaftServerProxy.java:addNew(95)) - 92084499-c42d-4e9c-90ed-faecbf58ca46: addNew group-A36F55C25C0F:[6ba9ab1d-3af3-415d-b63e-d033c6891994|rpc:172.17.0.2:33141|priority:1, bc98b27f-878f-4dad-a502-417d70977e4e|rpc:172.17.0.2:44359|priority:0, 92084499-c42d-4e9c-90ed-faecbf58ca46|rpc:172.17.0.2:44599|priority:0] returns group-A36F55C25C0F:java.util.concurrent.CompletableFuture@16154a3[Not completed]
2021-03-08 02:05:15,345 [pool-1017-thread-1] INFO  server.RaftServer$Division (RaftServerImpl.java:<init>(180)) - 92084499-c42d-4e9c-90ed-faecbf58ca46: new RaftServerImpl for group-A36F55C25C0F:[6ba9ab1d-3af3-415d-b63e-d033c6891994|rpc:172.17.0.2:33141|priority:1, bc98b27f-878f-4dad-a502-417d70977e4e|rpc:172.17.0.2:44359|priority:0, 92084499-c42d-4e9c-90ed-faecbf58ca46|rpc:172.17.0.2:44599|priority:0] with ContainerStateMachine:uninitialized
2021-03-08 02:05:15,345 [pool-1017-thread-1] INFO  server.RaftServerConfigKeys (ConfUtils.java:logGet(44)) - raft.server.rpc.timeout.min = 5s (custom)
2021-03-08 02:05:15,345 [pool-1017-thread-1] INFO  server.RaftServerConfigKeys (ConfUtils.java:logGet(44)) - raft.server.rpc.timeout.max = 5200ms (custom)
2021-03-08 02:05:15,345 [pool-1017-thread-1] INFO  server.RaftServerConfigKeys (ConfUtils.java:logGet(44)) - raft.server.rpc.sleep.time = 25ms (default)
2021-03-08 02:05:15,345 [pool-1017-thread-1] INFO  server.RaftServerConfigKeys (ConfUtils.java:logGet(44)) - raft.server.rpc.slowness.timeout = 300000ms (custom)
2021-03-08 02:05:15,345 [pool-1017-thread-1] INFO  server.RaftServerConfigKeys (ConfUtils.java:logGet(44)) - raft.server.leaderelection.leader.step-down.wait-time = 10s (default)
2021-03-08 02:05:15,345 [pool-1017-thread-1] INFO  server.RaftServerConfigKeys (ConfUtils.java:logGet(44)) - raft.server.sleep.deviation.threshold = 300ms (default)
2021-03-08 02:05:15,346 [pool-1017-thread-1] INFO  server.RaftServerConfigKeys (ConfUtils.java:logGet(44)) - raft.server.log.appender.install.snapshot.enabled = false (custom)
2021-03-08 02:05:15,346 [pool-1017-thread-1] INFO  server.RaftServer$Division (ServerState.java:<init>(105)) - 92084499-c42d-4e9c-90ed-faecbf58ca46@group-A36F55C25C0F: ConfigurationManager, init=-1: [6ba9ab1d-3af3-415d-b63e-d033c6891994|rpc:172.17.0.2:33141|priority:1, bc98b27f-878f-4dad-a502-417d70977e4e|rpc:172.17.0.2:44359|priority:0, 92084499-c42d-4e9c-90ed-faecbf58ca46|rpc:172.17.0.2:44599|priority:0], old=null, confs=<EMPTY_MAP>
2021-03-08 02:05:15,346 [pool-1017-thread-1] INFO  server.RaftServerConfigKeys (ConfUtils.java:logGet(44)) - raft.server.storage.dir = [/github/workspace/mnt/ozone/hadoop-ozone/integration-test/target/test-dir/MiniOzoneClusterImpl-ccaa8949-4e5a-4858-a1f5-413699190f1a/datanode-0/data/ratis] (custom)
2021-03-08 02:05:15,346 [pool-1017-thread-1] INFO  server.RaftServerConfigKeys (ConfUtils.java:logGet(44)) - raft.server.log.corruption.policy = EXCEPTION (default)
2021-03-08 02:05:15,346 [pool-1017-thread-1] INFO  storage.RaftStorageDirectory (RaftStorageDirectoryImpl.java:analyzeStorage(132)) - The storage directory /github/workspace/mnt/ozone/hadoop-ozone/integration-test/target/test-dir/MiniOzoneClusterImpl-ccaa8949-4e5a-4858-a1f5-413699190f1a/datanode-0/data/ratis/92402027-9cee-4719-af58-a36f55c25c0f does not exist. Creating ...
2021-03-08 02:05:15,347 [pool-1017-thread-1] INFO  storage.RaftStorageDirectory (RaftStorageDirectoryImpl.java:tryLock(215)) - Lock on /github/workspace/mnt/ozone/hadoop-ozone/integration-test/target/test-dir/MiniOzoneClusterImpl-ccaa8949-4e5a-4858-a1f5-413699190f1a/datanode-0/data/ratis/92402027-9cee-4719-af58-a36f55c25c0f/in_use.lock acquired by nodename 32215@55665278a03a
2021-03-08 02:05:15,348 [pool-1017-thread-1] INFO  storage.RaftStorage (RaftStorageImpl.java:format(87)) - Storage directory /github/workspace/mnt/ozone/hadoop-ozone/integration-test/target/test-dir/MiniOzoneClusterImpl-ccaa8949-4e5a-4858-a1f5-413699190f1a/datanode-0/data/ratis/92402027-9cee-4719-af58-a36f55c25c0f has been successfully formatted.
2021-03-08 02:05:15,349 [pool-1017-thread-1] INFO  ratis.ContainerStateMachine (ContainerStateMachine.java:loadSnapshot(223)) - group-A36F55C25C0F: The snapshot info is null. Setting the last applied indexto:(t:0, i:~)
2021-03-08 02:05:15,349 [pool-1017-thread-1] ERROR storage.RaftStorage (RaftStorageImpl.java:readRaftConfiguration(147)) - Failed reading configuration from file:/github/workspace/mnt/ozone/hadoop-ozone/integration-test/target/test-dir/MiniOzoneClusterImpl-ccaa8949-4e5a-4858-a1f5-413699190f1a/datanode-0/data/ratis/92402027-9cee-4719-af58-a36f55c25c0f/current/raft-meta.conf
java.io.FileNotFoundException: /github/workspace/mnt/ozone/hadoop-ozone/integration-test/target/test-dir/MiniOzoneClusterImpl-ccaa8949-4e5a-4858-a1f5-413699190f1a/datanode-0/data/ratis/92402027-9cee-4719-af58-a36f55c25c0f/current/raft-meta.conf (No such file or directory)
	at java.io.FileInputStream.open0(Native Method)
	at java.io.FileInputStream.open(FileInputStream.java:195)
	at java.io.FileInputStream.<init>(FileInputStream.java:138)
	at org.apache.ratis.server.storage.RaftStorageImpl.readRaftConfiguration(RaftStorageImpl.java:143)
	at org.apache.ratis.server.impl.ServerState.<init>(ServerState.java:122)
	at org.apache.ratis.server.impl.RaftServerImpl.<init>(RaftServerImpl.java:193)
	at org.apache.ratis.server.impl.RaftServerProxy.lambda$newRaftServerImpl$4(RaftServerProxy.java:266)
	at java.util.concurrent.CompletableFuture$AsyncSupply.run(CompletableFuture.java:1604)
	at java.util.concurrent.ThreadPoolExecutor.runWorker(ThreadPoolExecutor.java:1149)
	at java.util.concurrent.ThreadPoolExecutor$Worker.run(ThreadPoolExecutor.java:624)
	at java.lang.Thread.run(Thread.java:748)
2021-03-08 02:05:15,349 [EventQueue-PipelineReportForOneReplicaPipelineSafeModeRule] INFO  safemode.SCMSafeModeManager (SCMSafeModeManager.java:validateSafeModeExitRules(214)) - AtleastOneDatanodeReportedRule rule is successfully validated
2021-03-08 02:05:15,349 [EventQueue-OpenPipelineForHealthyPipelineSafeModeRule] INFO  safemode.SCMSafeModeManager (HealthyPipelineSafeModeRule.java:process(128)) - SCM in safe mode. Healthy pipelines reported count is 0, required healthy pipeline reported count is 1
2021-03-08 02:05:15,350 [pool-1017-thread-1] INFO  server.RaftServerConfigKeys (ConfUtils.java:logGet(44)) - raft.server.notification.no-leader.timeout = 300000ms (custom)
2021-03-08 02:05:15,350 [pool-1017-thread-1] INFO  server.RaftServerConfigKeys (ConfUtils.java:logGet(44)) - raft.server.log.use.memory = false (default)
2021-03-08 02:05:15,350 [pool-1017-thread-1] INFO  server.RaftServerConfigKeys (ConfUtils.java:logGet(44)) - raft.server.log.purge.gap = 1000000 (custom)
2021-03-08 02:05:15,350 [pool-1017-thread-1] INFO  server.RaftServerConfigKeys (ConfUtils.java:logGet(44)) - raft.server.log.appender.buffer.byte-limit = 33554432 (custom)
2021-03-08 02:05:15,350 [pool-1017-thread-1] INFO  metrics.RatisMetrics (RatisMetrics.java:lambda$create$0(36)) - Creating Metrics Registry : ratis.log_worker.92084499-c42d-4e9c-90ed-faecbf58ca46@group-A36F55C25C0F
2021-03-08 02:05:15,350 [pool-1017-thread-1] INFO  server.RaftServerConfigKeys (ConfUtils.java:logGet(44)) - raft.server.log.segment.size.max = 1048576 (custom)
2021-03-08 02:05:15,351 [pool-1017-thread-1] INFO  server.RaftServerConfigKeys (ConfUtils.java:logGet(44)) - raft.server.log.segment.cache.num.max = 2 (custom)
2021-03-08 02:05:15,351 [pool-1017-thread-1] INFO  server.RaftServerConfigKeys (ConfUtils.java:logGet(44)) - raft.server.log.segment.cache.size.max = 200MB (=209715200) (default)
2021-03-08 02:05:15,351 [pool-1017-thread-1] INFO  segmented.SegmentedRaftLogWorker (SegmentedRaftLogWorker.java:<init>(181)) - new 92084499-c42d-4e9c-90ed-faecbf58ca46@group-A36F55C25C0F-SegmentedRaftLogWorker for RaftStorageImpl:Storage Directory /github/workspace/mnt/ozone/hadoop-ozone/integration-test/target/test-dir/MiniOzoneClusterImpl-ccaa8949-4e5a-4858-a1f5-413699190f1a/datanode-0/data/ratis/92402027-9cee-4719-af58-a36f55c25c0f
2021-03-08 02:05:15,351 [pool-1017-thread-1] INFO  server.RaftServerConfigKeys (ConfUtils.java:logGet(44)) - raft.server.log.queue.byte-limit = 2147483647 (custom)
2021-03-08 02:05:15,352 [pool-1017-thread-1] INFO  server.RaftServerConfigKeys (ConfUtils.java:logGet(44)) - raft.server.log.queue.element-limit = 1024 (custom)
2021-03-08 02:05:15,352 [pool-1017-thread-1] INFO  server.RaftServerConfigKeys (ConfUtils.java:logGet(44)) - raft.server.log.segment.size.max = 1048576 (custom)
2021-03-08 02:05:15,352 [pool-1017-thread-1] INFO  server.RaftServerConfigKeys (ConfUtils.java:logGet(44)) - raft.server.log.preallocated.size = 16384 (custom)
2021-03-08 02:05:15,352 [pool-1017-thread-1] INFO  server.RaftServerConfigKeys (ConfUtils.java:logGet(44)) - raft.server.log.force.sync.num = 128 (default)
2021-03-08 02:05:15,352 [pool-1017-thread-1] INFO  server.RaftServerConfigKeys (ConfUtils.java:logGet(44)) - raft.server.log.statemachine.data.sync = true (default)
2021-03-08 02:05:15,352 [pool-1017-thread-1] INFO  server.RaftServerConfigKeys (ConfUtils.java:logGet(44)) - raft.server.log.statemachine.data.sync.timeout = 10s (default)
2021-03-08 02:05:15,352 [pool-1017-thread-1] INFO  server.RaftServerConfigKeys (ConfUtils.java:logGet(44)) - raft.server.log.statemachine.data.sync.timeout.retry = -1 (default)
2021-03-08 02:05:15,354 [pool-1017-thread-1] INFO  server.RaftServerConfigKeys (ConfUtils.java:logGet(44)) - raft.server.log.write.buffer.size = 1048576 (custom)
2021-03-08 02:05:15,355 [pool-1017-thread-1] INFO  server.RaftServerConfigKeys (ConfUtils.java:logGet(44)) - raft.server.log.statemachine.data.caching.enabled = true (custom)
2021-03-08 02:05:15,355 [pool-1017-thread-1] INFO  segmented.SegmentedRaftLogWorker (SegmentedRaftLogWorker.java:lambda$new$0(132)) - 92084499-c42d-4e9c-90ed-faecbf58ca46@group-A36F55C25C0F-SegmentedRaftLogWorker: flushIndex: setUnconditionally 0 -> -1
2021-03-08 02:05:15,355 [pool-1017-thread-1] INFO  segmented.SegmentedRaftLogWorker (SegmentedRaftLogWorker.java:lambda$new$0(132)) - 92084499-c42d-4e9c-90ed-faecbf58ca46@group-A36F55C25C0F-SegmentedRaftLogWorker: safeCacheEvictIndex: setUnconditionally 0 -> -1
2021-03-08 02:05:15,355 [pool-1017-thread-1] INFO  server.RaftServerConfigKeys (ConfUtils.java:logGet(44)) - raft.server.snapshot.auto.trigger.enabled = true (custom)
2021-03-08 02:05:15,355 [pool-1017-thread-1] INFO  server.RaftServerConfigKeys (ConfUtils.java:logGet(44)) - raft.server.snapshot.auto.trigger.threshold = 10000 (custom)
2021-03-08 02:05:15,355 [pool-1017-thread-1] INFO  server.RaftServerConfigKeys (ConfUtils.java:logGet(44)) - raft.server.snapshot.retention.file.num = 5 (custom)
2021-03-08 02:05:15,355 [pool-1017-thread-1] INFO  server.RaftServerConfigKeys (ConfUtils.java:logGet(44)) - raft.server.log.purge.upto.snapshot.index = false (default)
2021-03-08 02:05:15,355 [pool-1017-thread-1] INFO  server.RaftServerConfigKeys (ConfUtils.java:logGet(44)) - raft.server.retrycache.expirytime = 600000ms (custom)
2021-03-08 02:05:15,355 [pool-1017-thread-1] INFO  server.RaftServerConfigKeys (ConfUtils.java:logGet(44)) - raft.server.retrycache.statistics.expirytime = 100?s (default)
2021-03-08 02:05:15,355 [pool-1017-thread-1] INFO  metrics.RatisMetrics (RatisMetrics.java:lambda$create$0(36)) - Creating Metrics Registry : ratis.leader_election.92084499-c42d-4e9c-90ed-faecbf58ca46@group-A36F55C25C0F
2021-03-08 02:05:15,356 [pool-1017-thread-1] INFO  metrics.RatisMetrics (RatisMetrics.java:lambda$create$0(36)) - Creating Metrics Registry : ratis.server.92084499-c42d-4e9c-90ed-faecbf58ca46@group-A36F55C25C0F
2021-03-08 02:05:15,359 [pool-1017-thread-1] INFO  server.RaftServer$Division (RaftServerImpl.java:start(295)) - 92084499-c42d-4e9c-90ed-faecbf58ca46@group-A36F55C25C0F: start as a follower, conf=-1: [6ba9ab1d-3af3-415d-b63e-d033c6891994|rpc:172.17.0.2:33141|priority:1, bc98b27f-878f-4dad-a502-417d70977e4e|rpc:172.17.0.2:44359|priority:0, 92084499-c42d-4e9c-90ed-faecbf58ca46|rpc:172.17.0.2:44599|priority:0], old=null
2021-03-08 02:05:15,359 [pool-1017-thread-1] INFO  server.RaftServer$Division (RaftServerImpl.java:setRole(284)) - 92084499-c42d-4e9c-90ed-faecbf58ca46@group-A36F55C25C0F: changes role from      null to FOLLOWER at term 0 for startAsFollower
2021-03-08 02:05:15,359 [pool-1017-thread-1] INFO  impl.RoleInfo (RoleInfo.java:updateAndGet(130)) - 92084499-c42d-4e9c-90ed-faecbf58ca46: start 92084499-c42d-4e9c-90ed-faecbf58ca46@group-A36F55C25C0F-FollowerState
2021-03-08 02:05:15,359 [pool-1017-thread-1] INFO  util.JmxRegister (JmxRegister.java:tryRegister(44)) - Successfully registered JMX Bean with object name Ratis:service=RaftServer,group=group-A36F55C25C0F,id=92084499-c42d-4e9c-90ed-faecbf58ca46
2021-03-08 02:05:15,359 [pool-1017-thread-1] INFO  metrics.RatisMetrics (RatisMetrics.java:lambda$create$0(36)) - Creating Metrics Registry : ratis.state_machine.92084499-c42d-4e9c-90ed-faecbf58ca46@group-A36F55C25C0F
2021-03-08 02:05:15,361 [Command processor thread] INFO  metrics.RatisMetrics (RatisMetrics.java:lambda$create$0(36)) - Creating Metrics Registry : ratis.client_message_metrics.client-F665187AB684->6ba9ab1d-3af3-415d-b63e-d033c6891994
2021-03-08 02:05:15,364 [grpc-default-executor-3] INFO  server.RaftServer (RaftServerProxy.java:addNew(95)) - 6ba9ab1d-3af3-415d-b63e-d033c6891994: addNew group-A36F55C25C0F:[6ba9ab1d-3af3-415d-b63e-d033c6891994|rpc:172.17.0.2:33141|dataStream:|priority:1, bc98b27f-878f-4dad-a502-417d70977e4e|rpc:172.17.0.2:44359|dataStream:|priority:0, 92084499-c42d-4e9c-90ed-faecbf58ca46|rpc:172.17.0.2:44599|dataStream:|priority:0] returns group-A36F55C25C0F:java.util.concurrent.CompletableFuture@136753db[Not completed]
2021-03-08 02:05:15,365 [pool-1033-thread-1] INFO  server.RaftServer$Division (RaftServerImpl.java:<init>(180)) - 6ba9ab1d-3af3-415d-b63e-d033c6891994: new RaftServerImpl for group-A36F55C25C0F:[6ba9ab1d-3af3-415d-b63e-d033c6891994|rpc:172.17.0.2:33141|dataStream:|priority:1, bc98b27f-878f-4dad-a502-417d70977e4e|rpc:172.17.0.2:44359|dataStream:|priority:0, 92084499-c42d-4e9c-90ed-faecbf58ca46|rpc:172.17.0.2:44599|dataStream:|priority:0] with ContainerStateMachine:uninitialized
2021-03-08 02:05:15,365 [pool-1033-thread-1] INFO  server.RaftServerConfigKeys (ConfUtils.java:logGet(44)) - raft.server.rpc.timeout.min = 5s (custom)
2021-03-08 02:05:15,365 [pool-1033-thread-1] INFO  server.RaftServerConfigKeys (ConfUtils.java:logGet(44)) - raft.server.rpc.timeout.max = 5200ms (custom)
2021-03-08 02:05:15,365 [pool-1033-thread-1] INFO  server.RaftServerConfigKeys (ConfUtils.java:logGet(44)) - raft.server.rpc.sleep.time = 25ms (default)
2021-03-08 02:05:15,365 [pool-1033-thread-1] INFO  server.RaftServerConfigKeys (ConfUtils.java:logGet(44)) - raft.server.rpc.slowness.timeout = 300000ms (custom)
2021-03-08 02:05:15,365 [pool-1033-thread-1] INFO  server.RaftServerConfigKeys (ConfUtils.java:logGet(44)) - raft.server.leaderelection.leader.step-down.wait-time = 10s (default)
2021-03-08 02:05:15,365 [pool-1033-thread-1] INFO  server.RaftServerConfigKeys (ConfUtils.java:logGet(44)) - raft.server.sleep.deviation.threshold = 300ms (default)
2021-03-08 02:05:15,365 [pool-1033-thread-1] INFO  server.RaftServerConfigKeys (ConfUtils.java:logGet(44)) - raft.server.log.appender.install.snapshot.enabled = false (custom)
2021-03-08 02:05:15,365 [pool-1033-thread-1] INFO  server.RaftServer$Division (ServerState.java:<init>(105)) - 6ba9ab1d-3af3-415d-b63e-d033c6891994@group-A36F55C25C0F: ConfigurationManager, init=-1: [6ba9ab1d-3af3-415d-b63e-d033c6891994|rpc:172.17.0.2:33141|dataStream:|priority:1, bc98b27f-878f-4dad-a502-417d70977e4e|rpc:172.17.0.2:44359|dataStream:|priority:0, 92084499-c42d-4e9c-90ed-faecbf58ca46|rpc:172.17.0.2:44599|dataStream:|priority:0], old=null, confs=<EMPTY_MAP>
2021-03-08 02:05:15,365 [pool-1033-thread-1] INFO  server.RaftServerConfigKeys (ConfUtils.java:logGet(44)) - raft.server.storage.dir = [/github/workspace/mnt/ozone/hadoop-ozone/integration-test/target/test-dir/MiniOzoneClusterImpl-ccaa8949-4e5a-4858-a1f5-413699190f1a/datanode-1/data/ratis] (custom)
2021-03-08 02:05:15,365 [pool-1033-thread-1] INFO  server.RaftServerConfigKeys (ConfUtils.java:logGet(44)) - raft.server.log.corruption.policy = EXCEPTION (default)
2021-03-08 02:05:15,366 [pool-1033-thread-1] INFO  storage.RaftStorageDirectory (RaftStorageDirectoryImpl.java:analyzeStorage(132)) - The storage directory /github/workspace/mnt/ozone/hadoop-ozone/integration-test/target/test-dir/MiniOzoneClusterImpl-ccaa8949-4e5a-4858-a1f5-413699190f1a/datanode-1/data/ratis/92402027-9cee-4719-af58-a36f55c25c0f does not exist. Creating ...
2021-03-08 02:05:15,366 [pool-1033-thread-1] INFO  storage.RaftStorageDirectory (RaftStorageDirectoryImpl.java:tryLock(215)) - Lock on /github/workspace/mnt/ozone/hadoop-ozone/integration-test/target/test-dir/MiniOzoneClusterImpl-ccaa8949-4e5a-4858-a1f5-413699190f1a/datanode-1/data/ratis/92402027-9cee-4719-af58-a36f55c25c0f/in_use.lock acquired by nodename 32215@55665278a03a
2021-03-08 02:05:15,368 [pool-1033-thread-1] INFO  storage.RaftStorage (RaftStorageImpl.java:format(87)) - Storage directory /github/workspace/mnt/ozone/hadoop-ozone/integration-test/target/test-dir/MiniOzoneClusterImpl-ccaa8949-4e5a-4858-a1f5-413699190f1a/datanode-1/data/ratis/92402027-9cee-4719-af58-a36f55c25c0f has been successfully formatted.
2021-03-08 02:05:15,368 [pool-1033-thread-1] INFO  ratis.ContainerStateMachine (ContainerStateMachine.java:loadSnapshot(223)) - group-A36F55C25C0F: The snapshot info is null. Setting the last applied indexto:(t:0, i:~)
2021-03-08 02:05:15,368 [pool-1033-thread-1] ERROR storage.RaftStorage (RaftStorageImpl.java:readRaftConfiguration(147)) - Failed reading configuration from file:/github/workspace/mnt/ozone/hadoop-ozone/integration-test/target/test-dir/MiniOzoneClusterImpl-ccaa8949-4e5a-4858-a1f5-413699190f1a/datanode-1/data/ratis/92402027-9cee-4719-af58-a36f55c25c0f/current/raft-meta.conf
java.io.FileNotFoundException: /github/workspace/mnt/ozone/hadoop-ozone/integration-test/target/test-dir/MiniOzoneClusterImpl-ccaa8949-4e5a-4858-a1f5-413699190f1a/datanode-1/data/ratis/92402027-9cee-4719-af58-a36f55c25c0f/current/raft-meta.conf (No such file or directory)
	at java.io.FileInputStream.open0(Native Method)
	at java.io.FileInputStream.open(FileInputStream.java:195)
	at java.io.FileInputStream.<init>(FileInputStream.java:138)
	at org.apache.ratis.server.storage.RaftStorageImpl.readRaftConfiguration(RaftStorageImpl.java:143)
	at org.apache.ratis.server.impl.ServerState.<init>(ServerState.java:122)
	at org.apache.ratis.server.impl.RaftServerImpl.<init>(RaftServerImpl.java:193)
	at org.apache.ratis.server.impl.RaftServerProxy.lambda$newRaftServerImpl$4(RaftServerProxy.java:266)
	at java.util.concurrent.CompletableFuture$AsyncSupply.run(CompletableFuture.java:1604)
	at java.util.concurrent.ThreadPoolExecutor.runWorker(ThreadPoolExecutor.java:1149)
	at java.util.concurrent.ThreadPoolExecutor$Worker.run(ThreadPoolExecutor.java:624)
	at java.lang.Thread.run(Thread.java:748)
2021-03-08 02:05:15,368 [pool-1033-thread-1] INFO  server.RaftServerConfigKeys (ConfUtils.java:logGet(44)) - raft.server.notification.no-leader.timeout = 300000ms (custom)
2021-03-08 02:05:15,369 [EventQueue-PipelineReportForOneReplicaPipelineSafeModeRule] INFO  safemode.SCMSafeModeManager (SCMSafeModeManager.java:validateSafeModeExitRules(214)) - AtleastOneDatanodeReportedRule rule is successfully validated
2021-03-08 02:05:15,369 [pool-1033-thread-1] INFO  server.RaftServerConfigKeys (ConfUtils.java:logGet(44)) - raft.server.log.use.memory = false (default)
2021-03-08 02:05:15,369 [pool-1033-thread-1] INFO  server.RaftServerConfigKeys (ConfUtils.java:logGet(44)) - raft.server.log.purge.gap = 1000000 (custom)
2021-03-08 02:05:15,369 [pool-1033-thread-1] INFO  server.RaftServerConfigKeys (ConfUtils.java:logGet(44)) - raft.server.log.appender.buffer.byte-limit = 33554432 (custom)
2021-03-08 02:05:15,369 [pool-1033-thread-1] INFO  metrics.RatisMetrics (RatisMetrics.java:lambda$create$0(36)) - Creating Metrics Registry : ratis.log_worker.6ba9ab1d-3af3-415d-b63e-d033c6891994@group-A36F55C25C0F
2021-03-08 02:05:15,369 [pool-1033-thread-1] INFO  server.RaftServerConfigKeys (ConfUtils.java:logGet(44)) - raft.server.log.segment.size.max = 1048576 (custom)
2021-03-08 02:05:15,371 [pool-1033-thread-1] INFO  server.RaftServerConfigKeys (ConfUtils.java:logGet(44)) - raft.server.log.segment.cache.num.max = 2 (custom)
2021-03-08 02:05:15,371 [pool-1033-thread-1] INFO  server.RaftServerConfigKeys (ConfUtils.java:logGet(44)) - raft.server.log.segment.cache.size.max = 200MB (=209715200) (default)
2021-03-08 02:05:15,371 [pool-1033-thread-1] INFO  segmented.SegmentedRaftLogWorker (SegmentedRaftLogWorker.java:<init>(181)) - new 6ba9ab1d-3af3-415d-b63e-d033c6891994@group-A36F55C25C0F-SegmentedRaftLogWorker for RaftStorageImpl:Storage Directory /github/workspace/mnt/ozone/hadoop-ozone/integration-test/target/test-dir/MiniOzoneClusterImpl-ccaa8949-4e5a-4858-a1f5-413699190f1a/datanode-1/data/ratis/92402027-9cee-4719-af58-a36f55c25c0f
2021-03-08 02:05:15,371 [pool-1033-thread-1] INFO  server.RaftServerConfigKeys (ConfUtils.java:logGet(44)) - raft.server.log.queue.byte-limit = 2147483647 (custom)
2021-03-08 02:05:15,371 [pool-1033-thread-1] INFO  server.RaftServerConfigKeys (ConfUtils.java:logGet(44)) - raft.server.log.queue.element-limit = 1024 (custom)
2021-03-08 02:05:15,371 [pool-1033-thread-1] INFO  server.RaftServerConfigKeys (ConfUtils.java:logGet(44)) - raft.server.log.segment.size.max = 1048576 (custom)
2021-03-08 02:05:15,371 [pool-1033-thread-1] INFO  server.RaftServerConfigKeys (ConfUtils.java:logGet(44)) - raft.server.log.preallocated.size = 16384 (custom)
2021-03-08 02:05:15,371 [pool-1033-thread-1] INFO  server.RaftServerConfigKeys (ConfUtils.java:logGet(44)) - raft.server.log.force.sync.num = 128 (default)
2021-03-08 02:05:15,371 [pool-1033-thread-1] INFO  server.RaftServerConfigKeys (ConfUtils.java:logGet(44)) - raft.server.log.statemachine.data.sync = true (default)
2021-03-08 02:05:15,371 [pool-1033-thread-1] INFO  server.RaftServerConfigKeys (ConfUtils.java:logGet(44)) - raft.server.log.statemachine.data.sync.timeout = 10s (default)
2021-03-08 02:05:15,371 [pool-1033-thread-1] INFO  server.RaftServerConfigKeys (ConfUtils.java:logGet(44)) - raft.server.log.statemachine.data.sync.timeout.retry = -1 (default)
2021-03-08 02:05:15,375 [pool-1033-thread-1] INFO  server.RaftServerConfigKeys (ConfUtils.java:logGet(44)) - raft.server.log.write.buffer.size = 1048576 (custom)
2021-03-08 02:05:15,375 [pool-1033-thread-1] INFO  server.RaftServerConfigKeys (ConfUtils.java:logGet(44)) - raft.server.log.statemachine.data.caching.enabled = true (custom)
2021-03-08 02:05:15,375 [pool-1033-thread-1] INFO  segmented.SegmentedRaftLogWorker (SegmentedRaftLogWorker.java:lambda$new$0(132)) - 6ba9ab1d-3af3-415d-b63e-d033c6891994@group-A36F55C25C0F-SegmentedRaftLogWorker: flushIndex: setUnconditionally 0 -> -1
2021-03-08 02:05:15,376 [pool-1033-thread-1] INFO  segmented.SegmentedRaftLogWorker (SegmentedRaftLogWorker.java:lambda$new$0(132)) - 6ba9ab1d-3af3-415d-b63e-d033c6891994@group-A36F55C25C0F-SegmentedRaftLogWorker: safeCacheEvictIndex: setUnconditionally 0 -> -1
2021-03-08 02:05:15,376 [pool-1033-thread-1] INFO  server.RaftServerConfigKeys (ConfUtils.java:logGet(44)) - raft.server.snapshot.auto.trigger.enabled = true (custom)
2021-03-08 02:05:15,376 [pool-1033-thread-1] INFO  server.RaftServerConfigKeys (ConfUtils.java:logGet(44)) - raft.server.snapshot.auto.trigger.threshold = 10000 (custom)
2021-03-08 02:05:15,376 [pool-1033-thread-1] INFO  server.RaftServerConfigKeys (ConfUtils.java:logGet(44)) - raft.server.snapshot.retention.file.num = 5 (custom)
2021-03-08 02:05:15,376 [pool-1033-thread-1] INFO  server.RaftServerConfigKeys (ConfUtils.java:logGet(44)) - raft.server.log.purge.upto.snapshot.index = false (default)
2021-03-08 02:05:15,376 [pool-1033-thread-1] INFO  server.RaftServerConfigKeys (ConfUtils.java:logGet(44)) - raft.server.retrycache.expirytime = 600000ms (custom)
2021-03-08 02:05:15,376 [pool-1033-thread-1] INFO  server.RaftServerConfigKeys (ConfUtils.java:logGet(44)) - raft.server.retrycache.statistics.expirytime = 100?s (default)
2021-03-08 02:05:15,376 [pool-1033-thread-1] INFO  metrics.RatisMetrics (RatisMetrics.java:lambda$create$0(36)) - Creating Metrics Registry : ratis.leader_election.6ba9ab1d-3af3-415d-b63e-d033c6891994@group-A36F55C25C0F
2021-03-08 02:05:15,377 [pool-1033-thread-1] INFO  metrics.RatisMetrics (RatisMetrics.java:lambda$create$0(36)) - Creating Metrics Registry : ratis.server.6ba9ab1d-3af3-415d-b63e-d033c6891994@group-A36F55C25C0F
2021-03-08 02:05:15,379 [pool-1033-thread-1] INFO  server.RaftServer$Division (RaftServerImpl.java:start(295)) - 6ba9ab1d-3af3-415d-b63e-d033c6891994@group-A36F55C25C0F: start as a follower, conf=-1: [6ba9ab1d-3af3-415d-b63e-d033c6891994|rpc:172.17.0.2:33141|dataStream:|priority:1, bc98b27f-878f-4dad-a502-417d70977e4e|rpc:172.17.0.2:44359|dataStream:|priority:0, 92084499-c42d-4e9c-90ed-faecbf58ca46|rpc:172.17.0.2:44599|dataStream:|priority:0], old=null
2021-03-08 02:05:15,379 [pool-1033-thread-1] INFO  server.RaftServer$Division (RaftServerImpl.java:setRole(284)) - 6ba9ab1d-3af3-415d-b63e-d033c6891994@group-A36F55C25C0F: changes role from      null to FOLLOWER at term 0 for startAsFollower
2021-03-08 02:05:15,379 [pool-1033-thread-1] INFO  impl.RoleInfo (RoleInfo.java:updateAndGet(130)) - 6ba9ab1d-3af3-415d-b63e-d033c6891994: start 6ba9ab1d-3af3-415d-b63e-d033c6891994@group-A36F55C25C0F-FollowerState
2021-03-08 02:05:15,380 [pool-1033-thread-1] INFO  util.JmxRegister (JmxRegister.java:tryRegister(44)) - Successfully registered JMX Bean with object name Ratis:service=RaftServer,group=group-A36F55C25C0F,id=6ba9ab1d-3af3-415d-b63e-d033c6891994
2021-03-08 02:05:15,380 [pool-1033-thread-1] INFO  metrics.RatisMetrics (RatisMetrics.java:lambda$create$0(36)) - Creating Metrics Registry : ratis.state_machine.6ba9ab1d-3af3-415d-b63e-d033c6891994@group-A36F55C25C0F
2021-03-08 02:05:15,383 [Command processor thread] INFO  metrics.RatisMetrics (RatisMetrics.java:lambda$create$0(36)) - Creating Metrics Registry : ratis.client_message_metrics.client-AB69EB37EC47->bc98b27f-878f-4dad-a502-417d70977e4e
2021-03-08 02:05:15,386 [grpc-default-executor-3] INFO  server.RaftServer (RaftServerProxy.java:addNew(95)) - bc98b27f-878f-4dad-a502-417d70977e4e: addNew group-A36F55C25C0F:[6ba9ab1d-3af3-415d-b63e-d033c6891994|rpc:172.17.0.2:33141|dataStream:|priority:1, bc98b27f-878f-4dad-a502-417d70977e4e|rpc:172.17.0.2:44359|dataStream:|priority:0, 92084499-c42d-4e9c-90ed-faecbf58ca46|rpc:172.17.0.2:44599|dataStream:|priority:0] returns group-A36F55C25C0F:java.util.concurrent.CompletableFuture@3d286b9b[Not completed]
2021-03-08 02:05:15,387 [pool-1049-thread-1] INFO  server.RaftServer$Division (RaftServerImpl.java:<init>(180)) - bc98b27f-878f-4dad-a502-417d70977e4e: new RaftServerImpl for group-A36F55C25C0F:[6ba9ab1d-3af3-415d-b63e-d033c6891994|rpc:172.17.0.2:33141|dataStream:|priority:1, bc98b27f-878f-4dad-a502-417d70977e4e|rpc:172.17.0.2:44359|dataStream:|priority:0, 92084499-c42d-4e9c-90ed-faecbf58ca46|rpc:172.17.0.2:44599|dataStream:|priority:0] with ContainerStateMachine:uninitialized
2021-03-08 02:05:15,387 [pool-1049-thread-1] INFO  server.RaftServerConfigKeys (ConfUtils.java:logGet(44)) - raft.server.rpc.timeout.min = 5s (custom)
2021-03-08 02:05:15,387 [pool-1049-thread-1] INFO  server.RaftServerConfigKeys (ConfUtils.java:logGet(44)) - raft.server.rpc.timeout.max = 5200ms (custom)
2021-03-08 02:05:15,387 [pool-1049-thread-1] INFO  server.RaftServerConfigKeys (ConfUtils.java:logGet(44)) - raft.server.rpc.sleep.time = 25ms (default)
2021-03-08 02:05:15,387 [pool-1049-thread-1] INFO  server.RaftServerConfigKeys (ConfUtils.java:logGet(44)) - raft.server.rpc.slowness.timeout = 300000ms (custom)
2021-03-08 02:05:15,387 [pool-1049-thread-1] INFO  server.RaftServerConfigKeys (ConfUtils.java:logGet(44)) - raft.server.leaderelection.leader.step-down.wait-time = 10s (default)
2021-03-08 02:05:15,387 [pool-1049-thread-1] INFO  server.RaftServerConfigKeys (ConfUtils.java:logGet(44)) - raft.server.sleep.deviation.threshold = 300ms (default)
2021-03-08 02:05:15,387 [pool-1049-thread-1] INFO  server.RaftServerConfigKeys (ConfUtils.java:logGet(44)) - raft.server.log.appender.install.snapshot.enabled = false (custom)
2021-03-08 02:05:15,387 [pool-1049-thread-1] INFO  server.RaftServer$Division (ServerState.java:<init>(105)) - bc98b27f-878f-4dad-a502-417d70977e4e@group-A36F55C25C0F: ConfigurationManager, init=-1: [6ba9ab1d-3af3-415d-b63e-d033c6891994|rpc:172.17.0.2:33141|dataStream:|priority:1, bc98b27f-878f-4dad-a502-417d70977e4e|rpc:172.17.0.2:44359|dataStream:|priority:0, 92084499-c42d-4e9c-90ed-faecbf58ca46|rpc:172.17.0.2:44599|dataStream:|priority:0], old=null, confs=<EMPTY_MAP>
2021-03-08 02:05:15,387 [pool-1049-thread-1] INFO  server.RaftServerConfigKeys (ConfUtils.java:logGet(44)) - raft.server.storage.dir = [/github/workspace/mnt/ozone/hadoop-ozone/integration-test/target/test-dir/MiniOzoneClusterImpl-ccaa8949-4e5a-4858-a1f5-413699190f1a/datanode-2/data/ratis] (custom)
2021-03-08 02:05:15,387 [pool-1049-thread-1] INFO  server.RaftServerConfigKeys (ConfUtils.java:logGet(44)) - raft.server.log.corruption.policy = EXCEPTION (default)
2021-03-08 02:05:15,388 [pool-1049-thread-1] INFO  storage.RaftStorageDirectory (RaftStorageDirectoryImpl.java:analyzeStorage(132)) - The storage directory /github/workspace/mnt/ozone/hadoop-ozone/integration-test/target/test-dir/MiniOzoneClusterImpl-ccaa8949-4e5a-4858-a1f5-413699190f1a/datanode-2/data/ratis/92402027-9cee-4719-af58-a36f55c25c0f does not exist. Creating ...
2021-03-08 02:05:15,389 [pool-1049-thread-1] INFO  storage.RaftStorageDirectory (RaftStorageDirectoryImpl.java:tryLock(215)) - Lock on /github/workspace/mnt/ozone/hadoop-ozone/integration-test/target/test-dir/MiniOzoneClusterImpl-ccaa8949-4e5a-4858-a1f5-413699190f1a/datanode-2/data/ratis/92402027-9cee-4719-af58-a36f55c25c0f/in_use.lock acquired by nodename 32215@55665278a03a
2021-03-08 02:05:15,389 [pool-1049-thread-1] INFO  storage.RaftStorage (RaftStorageImpl.java:format(87)) - Storage directory /github/workspace/mnt/ozone/hadoop-ozone/integration-test/target/test-dir/MiniOzoneClusterImpl-ccaa8949-4e5a-4858-a1f5-413699190f1a/datanode-2/data/ratis/92402027-9cee-4719-af58-a36f55c25c0f has been successfully formatted.
2021-03-08 02:05:15,390 [pool-1049-thread-1] INFO  ratis.ContainerStateMachine (ContainerStateMachine.java:loadSnapshot(223)) - group-A36F55C25C0F: The snapshot info is null. Setting the last applied indexto:(t:0, i:~)
2021-03-08 02:05:15,390 [pool-1049-thread-1] ERROR storage.RaftStorage (RaftStorageImpl.java:readRaftConfiguration(147)) - Failed reading configuration from file:/github/workspace/mnt/ozone/hadoop-ozone/integration-test/target/test-dir/MiniOzoneClusterImpl-ccaa8949-4e5a-4858-a1f5-413699190f1a/datanode-2/data/ratis/92402027-9cee-4719-af58-a36f55c25c0f/current/raft-meta.conf
java.io.FileNotFoundException: /github/workspace/mnt/ozone/hadoop-ozone/integration-test/target/test-dir/MiniOzoneClusterImpl-ccaa8949-4e5a-4858-a1f5-413699190f1a/datanode-2/data/ratis/92402027-9cee-4719-af58-a36f55c25c0f/current/raft-meta.conf (No such file or directory)
	at java.io.FileInputStream.open0(Native Method)
	at java.io.FileInputStream.open(FileInputStream.java:195)
	at java.io.FileInputStream.<init>(FileInputStream.java:138)
	at org.apache.ratis.server.storage.RaftStorageImpl.readRaftConfiguration(RaftStorageImpl.java:143)
	at org.apache.ratis.server.impl.ServerState.<init>(ServerState.java:122)
	at org.apache.ratis.server.impl.RaftServerImpl.<init>(RaftServerImpl.java:193)
	at org.apache.ratis.server.impl.RaftServerProxy.lambda$newRaftServerImpl$4(RaftServerProxy.java:266)
	at java.util.concurrent.CompletableFuture$AsyncSupply.run(CompletableFuture.java:1604)
	at java.util.concurrent.ThreadPoolExecutor.runWorker(ThreadPoolExecutor.java:1149)
	at java.util.concurrent.ThreadPoolExecutor$Worker.run(ThreadPoolExecutor.java:624)
	at java.lang.Thread.run(Thread.java:748)
2021-03-08 02:05:15,390 [pool-1049-thread-1] INFO  server.RaftServerConfigKeys (ConfUtils.java:logGet(44)) - raft.server.notification.no-leader.timeout = 300000ms (custom)
2021-03-08 02:05:15,390 [EventQueue-PipelineReportForOneReplicaPipelineSafeModeRule] INFO  safemode.SCMSafeModeManager (SCMSafeModeManager.java:validateSafeModeExitRules(214)) - AtleastOneDatanodeReportedRule rule is successfully validated
2021-03-08 02:05:15,390 [pool-1049-thread-1] INFO  server.RaftServerConfigKeys (ConfUtils.java:logGet(44)) - raft.server.log.use.memory = false (default)
2021-03-08 02:05:15,390 [pool-1049-thread-1] INFO  server.RaftServerConfigKeys (ConfUtils.java:logGet(44)) - raft.server.log.purge.gap = 1000000 (custom)
2021-03-08 02:05:15,391 [pool-1049-thread-1] INFO  server.RaftServerConfigKeys (ConfUtils.java:logGet(44)) - raft.server.log.appender.buffer.byte-limit = 33554432 (custom)
2021-03-08 02:05:15,391 [pool-1049-thread-1] INFO  metrics.RatisMetrics (RatisMetrics.java:lambda$create$0(36)) - Creating Metrics Registry : ratis.log_worker.bc98b27f-878f-4dad-a502-417d70977e4e@group-A36F55C25C0F
2021-03-08 02:05:15,391 [pool-1049-thread-1] INFO  server.RaftServerConfigKeys (ConfUtils.java:logGet(44)) - raft.server.log.segment.size.max = 1048576 (custom)
2021-03-08 02:05:15,392 [pool-1049-thread-1] INFO  server.RaftServerConfigKeys (ConfUtils.java:logGet(44)) - raft.server.log.segment.cache.num.max = 2 (custom)
2021-03-08 02:05:15,392 [pool-1049-thread-1] INFO  server.RaftServerConfigKeys (ConfUtils.java:logGet(44)) - raft.server.log.segment.cache.size.max = 200MB (=209715200) (default)
2021-03-08 02:05:15,392 [pool-1049-thread-1] INFO  segmented.SegmentedRaftLogWorker (SegmentedRaftLogWorker.java:<init>(181)) - new bc98b27f-878f-4dad-a502-417d70977e4e@group-A36F55C25C0F-SegmentedRaftLogWorker for RaftStorageImpl:Storage Directory /github/workspace/mnt/ozone/hadoop-ozone/integration-test/target/test-dir/MiniOzoneClusterImpl-ccaa8949-4e5a-4858-a1f5-413699190f1a/datanode-2/data/ratis/92402027-9cee-4719-af58-a36f55c25c0f
2021-03-08 02:05:15,392 [pool-1049-thread-1] INFO  server.RaftServerConfigKeys (ConfUtils.java:logGet(44)) - raft.server.log.queue.byte-limit = 2147483647 (custom)
2021-03-08 02:05:15,392 [pool-1049-thread-1] INFO  server.RaftServerConfigKeys (ConfUtils.java:logGet(44)) - raft.server.log.queue.element-limit = 1024 (custom)
2021-03-08 02:05:15,392 [pool-1049-thread-1] INFO  server.RaftServerConfigKeys (ConfUtils.java:logGet(44)) - raft.server.log.segment.size.max = 1048576 (custom)
2021-03-08 02:05:15,392 [pool-1049-thread-1] INFO  server.RaftServerConfigKeys (ConfUtils.java:logGet(44)) - raft.server.log.preallocated.size = 16384 (custom)
2021-03-08 02:05:15,392 [pool-1049-thread-1] INFO  server.RaftServerConfigKeys (ConfUtils.java:logGet(44)) - raft.server.log.force.sync.num = 128 (default)
2021-03-08 02:05:15,392 [pool-1049-thread-1] INFO  server.RaftServerConfigKeys (ConfUtils.java:logGet(44)) - raft.server.log.statemachine.data.sync = true (default)
2021-03-08 02:05:15,392 [pool-1049-thread-1] INFO  server.RaftServerConfigKeys (ConfUtils.java:logGet(44)) - raft.server.log.statemachine.data.sync.timeout = 10s (default)
2021-03-08 02:05:15,393 [pool-1049-thread-1] INFO  server.RaftServerConfigKeys (ConfUtils.java:logGet(44)) - raft.server.log.statemachine.data.sync.timeout.retry = -1 (default)
2021-03-08 02:05:15,395 [pool-1049-thread-1] INFO  server.RaftServerConfigKeys (ConfUtils.java:logGet(44)) - raft.server.log.write.buffer.size = 1048576 (custom)
2021-03-08 02:05:15,396 [pool-1049-thread-1] INFO  server.RaftServerConfigKeys (ConfUtils.java:logGet(44)) - raft.server.log.statemachine.data.caching.enabled = true (custom)
2021-03-08 02:05:15,396 [pool-1049-thread-1] INFO  segmented.SegmentedRaftLogWorker (SegmentedRaftLogWorker.java:lambda$new$0(132)) - bc98b27f-878f-4dad-a502-417d70977e4e@group-A36F55C25C0F-SegmentedRaftLogWorker: flushIndex: setUnconditionally 0 -> -1
2021-03-08 02:05:15,396 [pool-1049-thread-1] INFO  segmented.SegmentedRaftLogWorker (SegmentedRaftLogWorker.java:lambda$new$0(132)) - bc98b27f-878f-4dad-a502-417d70977e4e@group-A36F55C25C0F-SegmentedRaftLogWorker: safeCacheEvictIndex: setUnconditionally 0 -> -1
2021-03-08 02:05:15,397 [pool-1049-thread-1] INFO  server.RaftServerConfigKeys (ConfUtils.java:logGet(44)) - raft.server.snapshot.auto.trigger.enabled = true (custom)
2021-03-08 02:05:15,397 [pool-1049-thread-1] INFO  server.RaftServerConfigKeys (ConfUtils.java:logGet(44)) - raft.server.snapshot.auto.trigger.threshold = 10000 (custom)
2021-03-08 02:05:15,397 [pool-1049-thread-1] INFO  server.RaftServerConfigKeys (ConfUtils.java:logGet(44)) - raft.server.snapshot.retention.file.num = 5 (custom)
2021-03-08 02:05:15,397 [pool-1049-thread-1] INFO  server.RaftServerConfigKeys (ConfUtils.java:logGet(44)) - raft.server.log.purge.upto.snapshot.index = false (default)
2021-03-08 02:05:15,397 [pool-1049-thread-1] INFO  server.RaftServerConfigKeys (ConfUtils.java:logGet(44)) - raft.server.retrycache.expirytime = 600000ms (custom)
2021-03-08 02:05:15,397 [pool-1049-thread-1] INFO  server.RaftServerConfigKeys (ConfUtils.java:logGet(44)) - raft.server.retrycache.statistics.expirytime = 100?s (default)
2021-03-08 02:05:15,397 [pool-1049-thread-1] INFO  metrics.RatisMetrics (RatisMetrics.java:lambda$create$0(36)) - Creating Metrics Registry : ratis.leader_election.bc98b27f-878f-4dad-a502-417d70977e4e@group-A36F55C25C0F
2021-03-08 02:05:15,398 [pool-1049-thread-1] INFO  metrics.RatisMetrics (RatisMetrics.java:lambda$create$0(36)) - Creating Metrics Registry : ratis.server.bc98b27f-878f-4dad-a502-417d70977e4e@group-A36F55C25C0F
2021-03-08 02:05:15,400 [pool-1049-thread-1] INFO  server.RaftServer$Division (RaftServerImpl.java:start(295)) - bc98b27f-878f-4dad-a502-417d70977e4e@group-A36F55C25C0F: start as a follower, conf=-1: [6ba9ab1d-3af3-415d-b63e-d033c6891994|rpc:172.17.0.2:33141|dataStream:|priority:1, bc98b27f-878f-4dad-a502-417d70977e4e|rpc:172.17.0.2:44359|dataStream:|priority:0, 92084499-c42d-4e9c-90ed-faecbf58ca46|rpc:172.17.0.2:44599|dataStream:|priority:0], old=null
2021-03-08 02:05:15,400 [pool-1049-thread-1] INFO  server.RaftServer$Division (RaftServerImpl.java:setRole(284)) - bc98b27f-878f-4dad-a502-417d70977e4e@group-A36F55C25C0F: changes role from      null to FOLLOWER at term 0 for startAsFollower
2021-03-08 02:05:15,400 [pool-1049-thread-1] INFO  impl.RoleInfo (RoleInfo.java:updateAndGet(130)) - bc98b27f-878f-4dad-a502-417d70977e4e: start bc98b27f-878f-4dad-a502-417d70977e4e@group-A36F55C25C0F-FollowerState
2021-03-08 02:05:15,400 [pool-1049-thread-1] INFO  util.JmxRegister (JmxRegister.java:tryRegister(44)) - Successfully registered JMX Bean with object name Ratis:service=RaftServer,group=group-A36F55C25C0F,id=bc98b27f-878f-4dad-a502-417d70977e4e
2021-03-08 02:05:15,400 [pool-1049-thread-1] INFO  metrics.RatisMetrics (RatisMetrics.java:lambda$create$0(36)) - Creating Metrics Registry : ratis.state_machine.bc98b27f-878f-4dad-a502-417d70977e4e@group-A36F55C25C0F
2021-03-08 02:05:15,403 [Command processor thread] INFO  commandhandler.CreatePipelineCommandHandler (CreatePipelineCommandHandler.java:handle(106)) - Created Pipeline RATIS THREE PipelineID=92402027-9cee-4719-af58-a36f55c25c0f.
2021-03-08 02:05:15,403 [Command processor thread] INFO  server.RaftServer (RaftServerProxy.java:addNew(95)) - 92084499-c42d-4e9c-90ed-faecbf58ca46: addNew group-507EAFB998CB:[6ba9ab1d-3af3-415d-b63e-d033c6891994|rpc:172.17.0.2:33141|priority:0, bc98b27f-878f-4dad-a502-417d70977e4e|rpc:172.17.0.2:44359|priority:0, 92084499-c42d-4e9c-90ed-faecbf58ca46|rpc:172.17.0.2:44599|priority:1] returns group-507EAFB998CB:java.util.concurrent.CompletableFuture@7e479c7d[Not completed]
2021-03-08 02:05:15,404 [pool-1017-thread-1] INFO  server.RaftServer$Division (RaftServerImpl.java:<init>(180)) - 92084499-c42d-4e9c-90ed-faecbf58ca46: new RaftServerImpl for group-507EAFB998CB:[6ba9ab1d-3af3-415d-b63e-d033c6891994|rpc:172.17.0.2:33141|priority:0, bc98b27f-878f-4dad-a502-417d70977e4e|rpc:172.17.0.2:44359|priority:0, 92084499-c42d-4e9c-90ed-faecbf58ca46|rpc:172.17.0.2:44599|priority:1] with ContainerStateMachine:uninitialized
2021-03-08 02:05:15,404 [pool-1017-thread-1] INFO  server.RaftServerConfigKeys (ConfUtils.java:logGet(44)) - raft.server.rpc.timeout.min = 5s (custom)
2021-03-08 02:05:15,404 [pool-1017-thread-1] INFO  server.RaftServerConfigKeys (ConfUtils.java:logGet(44)) - raft.server.rpc.timeout.max = 5200ms (custom)
2021-03-08 02:05:15,404 [pool-1017-thread-1] INFO  server.RaftServerConfigKeys (ConfUtils.java:logGet(44)) - raft.server.rpc.sleep.time = 25ms (default)
2021-03-08 02:05:15,404 [pool-1017-thread-1] INFO  server.RaftServerConfigKeys (ConfUtils.java:logGet(44)) - raft.server.rpc.slowness.timeout = 300000ms (custom)
2021-03-08 02:05:15,404 [pool-1017-thread-1] INFO  server.RaftServerConfigKeys (ConfUtils.java:logGet(44)) - raft.server.leaderelection.leader.step-down.wait-time = 10s (default)
2021-03-08 02:05:15,404 [pool-1017-thread-1] INFO  server.RaftServerConfigKeys (ConfUtils.java:logGet(44)) - raft.server.sleep.deviation.threshold = 300ms (default)
2021-03-08 02:05:15,404 [pool-1017-thread-1] INFO  server.RaftServerConfigKeys (ConfUtils.java:logGet(44)) - raft.server.log.appender.install.snapshot.enabled = false (custom)
2021-03-08 02:05:15,404 [pool-1017-thread-1] INFO  server.RaftServer$Division (ServerState.java:<init>(105)) - 92084499-c42d-4e9c-90ed-faecbf58ca46@group-507EAFB998CB: ConfigurationManager, init=-1: [6ba9ab1d-3af3-415d-b63e-d033c6891994|rpc:172.17.0.2:33141|priority:0, bc98b27f-878f-4dad-a502-417d70977e4e|rpc:172.17.0.2:44359|priority:0, 92084499-c42d-4e9c-90ed-faecbf58ca46|rpc:172.17.0.2:44599|priority:1], old=null, confs=<EMPTY_MAP>
2021-03-08 02:05:15,404 [pool-1017-thread-1] INFO  server.RaftServerConfigKeys (ConfUtils.java:logGet(44)) - raft.server.storage.dir = [/github/workspace/mnt/ozone/hadoop-ozone/integration-test/target/test-dir/MiniOzoneClusterImpl-ccaa8949-4e5a-4858-a1f5-413699190f1a/datanode-0/data/ratis] (custom)
2021-03-08 02:05:15,404 [pool-1017-thread-1] INFO  server.RaftServerConfigKeys (ConfUtils.java:logGet(44)) - raft.server.log.corruption.policy = EXCEPTION (default)
2021-03-08 02:05:15,404 [pool-1017-thread-1] INFO  storage.RaftStorageDirectory (RaftStorageDirectoryImpl.java:analyzeStorage(132)) - The storage directory /github/workspace/mnt/ozone/hadoop-ozone/integration-test/target/test-dir/MiniOzoneClusterImpl-ccaa8949-4e5a-4858-a1f5-413699190f1a/datanode-0/data/ratis/314f1900-63e8-41f8-9152-507eafb998cb does not exist. Creating ...
2021-03-08 02:05:15,405 [pool-1017-thread-1] INFO  storage.RaftStorageDirectory (RaftStorageDirectoryImpl.java:tryLock(215)) - Lock on /github/workspace/mnt/ozone/hadoop-ozone/integration-test/target/test-dir/MiniOzoneClusterImpl-ccaa8949-4e5a-4858-a1f5-413699190f1a/datanode-0/data/ratis/314f1900-63e8-41f8-9152-507eafb998cb/in_use.lock acquired by nodename 32215@55665278a03a
2021-03-08 02:05:15,407 [pool-1017-thread-1] INFO  storage.RaftStorage (RaftStorageImpl.java:format(87)) - Storage directory /github/workspace/mnt/ozone/hadoop-ozone/integration-test/target/test-dir/MiniOzoneClusterImpl-ccaa8949-4e5a-4858-a1f5-413699190f1a/datanode-0/data/ratis/314f1900-63e8-41f8-9152-507eafb998cb has been successfully formatted.
2021-03-08 02:05:15,407 [pool-1017-thread-1] INFO  ratis.ContainerStateMachine (ContainerStateMachine.java:loadSnapshot(223)) - group-507EAFB998CB: The snapshot info is null. Setting the last applied indexto:(t:0, i:~)
2021-03-08 02:05:15,407 [pool-1017-thread-1] ERROR storage.RaftStorage (RaftStorageImpl.java:readRaftConfiguration(147)) - Failed reading configuration from file:/github/workspace/mnt/ozone/hadoop-ozone/integration-test/target/test-dir/MiniOzoneClusterImpl-ccaa8949-4e5a-4858-a1f5-413699190f1a/datanode-0/data/ratis/314f1900-63e8-41f8-9152-507eafb998cb/current/raft-meta.conf
java.io.FileNotFoundException: /github/workspace/mnt/ozone/hadoop-ozone/integration-test/target/test-dir/MiniOzoneClusterImpl-ccaa8949-4e5a-4858-a1f5-413699190f1a/datanode-0/data/ratis/314f1900-63e8-41f8-9152-507eafb998cb/current/raft-meta.conf (No such file or directory)
	at java.io.FileInputStream.open0(Native Method)
	at java.io.FileInputStream.open(FileInputStream.java:195)
	at java.io.FileInputStream.<init>(FileInputStream.java:138)
	at org.apache.ratis.server.storage.RaftStorageImpl.readRaftConfiguration(RaftStorageImpl.java:143)
	at org.apache.ratis.server.impl.ServerState.<init>(ServerState.java:122)
	at org.apache.ratis.server.impl.RaftServerImpl.<init>(RaftServerImpl.java:193)
	at org.apache.ratis.server.impl.RaftServerProxy.lambda$newRaftServerImpl$4(RaftServerProxy.java:266)
	at java.util.concurrent.CompletableFuture$AsyncSupply.run(CompletableFuture.java:1604)
	at java.util.concurrent.ThreadPoolExecutor.runWorker(ThreadPoolExecutor.java:1149)
	at java.util.concurrent.ThreadPoolExecutor$Worker.run(ThreadPoolExecutor.java:624)
	at java.lang.Thread.run(Thread.java:748)
2021-03-08 02:05:15,408 [EventQueue-OpenPipelineForHealthyPipelineSafeModeRule] INFO  safemode.SCMSafeModeManager (HealthyPipelineSafeModeRule.java:process(128)) - SCM in safe mode. Healthy pipelines reported count is 0, required healthy pipeline reported count is 1
2021-03-08 02:05:15,407 [EventQueue-PipelineReportForOneReplicaPipelineSafeModeRule] INFO  safemode.SCMSafeModeManager (SCMSafeModeManager.java:validateSafeModeExitRules(214)) - AtleastOneDatanodeReportedRule rule is successfully validated
2021-03-08 02:05:15,408 [pool-1017-thread-1] INFO  server.RaftServerConfigKeys (ConfUtils.java:logGet(44)) - raft.server.notification.no-leader.timeout = 300000ms (custom)
2021-03-08 02:05:15,408 [pool-1017-thread-1] INFO  server.RaftServerConfigKeys (ConfUtils.java:logGet(44)) - raft.server.log.use.memory = false (default)
2021-03-08 02:05:15,408 [pool-1017-thread-1] INFO  server.RaftServerConfigKeys (ConfUtils.java:logGet(44)) - raft.server.log.purge.gap = 1000000 (custom)
2021-03-08 02:05:15,408 [pool-1017-thread-1] INFO  server.RaftServerConfigKeys (ConfUtils.java:logGet(44)) - raft.server.log.appender.buffer.byte-limit = 33554432 (custom)
2021-03-08 02:05:15,408 [pool-1017-thread-1] INFO  metrics.RatisMetrics (RatisMetrics.java:lambda$create$0(36)) - Creating Metrics Registry : ratis.log_worker.92084499-c42d-4e9c-90ed-faecbf58ca46@group-507EAFB998CB
2021-03-08 02:05:15,408 [pool-1017-thread-1] INFO  server.RaftServerConfigKeys (ConfUtils.java:logGet(44)) - raft.server.log.segment.size.max = 1048576 (custom)
2021-03-08 02:05:15,410 [pool-1017-thread-1] INFO  server.RaftServerConfigKeys (ConfUtils.java:logGet(44)) - raft.server.log.segment.cache.num.max = 2 (custom)
2021-03-08 02:05:15,410 [pool-1017-thread-1] INFO  server.RaftServerConfigKeys (ConfUtils.java:logGet(44)) - raft.server.log.segment.cache.size.max = 200MB (=209715200) (default)
2021-03-08 02:05:15,410 [pool-1017-thread-1] INFO  segmented.SegmentedRaftLogWorker (SegmentedRaftLogWorker.java:<init>(181)) - new 92084499-c42d-4e9c-90ed-faecbf58ca46@group-507EAFB998CB-SegmentedRaftLogWorker for RaftStorageImpl:Storage Directory /github/workspace/mnt/ozone/hadoop-ozone/integration-test/target/test-dir/MiniOzoneClusterImpl-ccaa8949-4e5a-4858-a1f5-413699190f1a/datanode-0/data/ratis/314f1900-63e8-41f8-9152-507eafb998cb
2021-03-08 02:05:15,410 [pool-1017-thread-1] INFO  server.RaftServerConfigKeys (ConfUtils.java:logGet(44)) - raft.server.log.queue.byte-limit = 2147483647 (custom)
2021-03-08 02:05:15,410 [pool-1017-thread-1] INFO  server.RaftServerConfigKeys (ConfUtils.java:logGet(44)) - raft.server.log.queue.element-limit = 1024 (custom)
2021-03-08 02:05:15,410 [pool-1017-thread-1] INFO  server.RaftServerConfigKeys (ConfUtils.java:logGet(44)) - raft.server.log.segment.size.max = 1048576 (custom)
2021-03-08 02:05:15,410 [pool-1017-thread-1] INFO  server.RaftServerConfigKeys (ConfUtils.java:logGet(44)) - raft.server.log.preallocated.size = 16384 (custom)
2021-03-08 02:05:15,410 [pool-1017-thread-1] INFO  server.RaftServerConfigKeys (ConfUtils.java:logGet(44)) - raft.server.log.force.sync.num = 128 (default)
2021-03-08 02:05:15,410 [pool-1017-thread-1] INFO  server.RaftServerConfigKeys (ConfUtils.java:logGet(44)) - raft.server.log.statemachine.data.sync = true (default)
2021-03-08 02:05:15,410 [pool-1017-thread-1] INFO  server.RaftServerConfigKeys (ConfUtils.java:logGet(44)) - raft.server.log.statemachine.data.sync.timeout = 10s (default)
2021-03-08 02:05:15,410 [pool-1017-thread-1] INFO  server.RaftServerConfigKeys (ConfUtils.java:logGet(44)) - raft.server.log.statemachine.data.sync.timeout.retry = -1 (default)
2021-03-08 02:05:15,413 [pool-1017-thread-1] INFO  server.RaftServerConfigKeys (ConfUtils.java:logGet(44)) - raft.server.log.write.buffer.size = 1048576 (custom)
2021-03-08 02:05:15,414 [pool-1017-thread-1] INFO  server.RaftServerConfigKeys (ConfUtils.java:logGet(44)) - raft.server.log.statemachine.data.caching.enabled = true (custom)
2021-03-08 02:05:15,414 [pool-1017-thread-1] INFO  segmented.SegmentedRaftLogWorker (SegmentedRaftLogWorker.java:lambda$new$0(132)) - 92084499-c42d-4e9c-90ed-faecbf58ca46@group-507EAFB998CB-SegmentedRaftLogWorker: flushIndex: setUnconditionally 0 -> -1
2021-03-08 02:05:15,414 [pool-1017-thread-1] INFO  segmented.SegmentedRaftLogWorker (SegmentedRaftLogWorker.java:lambda$new$0(132)) - 92084499-c42d-4e9c-90ed-faecbf58ca46@group-507EAFB998CB-SegmentedRaftLogWorker: safeCacheEvictIndex: setUnconditionally 0 -> -1
2021-03-08 02:05:15,414 [pool-1017-thread-1] INFO  server.RaftServerConfigKeys (ConfUtils.java:logGet(44)) - raft.server.snapshot.auto.trigger.enabled = true (custom)
2021-03-08 02:05:15,414 [pool-1017-thread-1] INFO  server.RaftServerConfigKeys (ConfUtils.java:logGet(44)) - raft.server.snapshot.auto.trigger.threshold = 10000 (custom)
2021-03-08 02:05:15,414 [pool-1017-thread-1] INFO  server.RaftServerConfigKeys (ConfUtils.java:logGet(44)) - raft.server.snapshot.retention.file.num = 5 (custom)
2021-03-08 02:05:15,414 [pool-1017-thread-1] INFO  server.RaftServerConfigKeys (ConfUtils.java:logGet(44)) - raft.server.log.purge.upto.snapshot.index = false (default)
2021-03-08 02:05:15,414 [pool-1017-thread-1] INFO  server.RaftServerConfigKeys (ConfUtils.java:logGet(44)) - raft.server.retrycache.expirytime = 600000ms (custom)
2021-03-08 02:05:15,414 [pool-1017-thread-1] INFO  server.RaftServerConfigKeys (ConfUtils.java:logGet(44)) - raft.server.retrycache.statistics.expirytime = 100?s (default)
2021-03-08 02:05:15,414 [pool-1017-thread-1] INFO  metrics.RatisMetrics (RatisMetrics.java:lambda$create$0(36)) - Creating Metrics Registry : ratis.leader_election.92084499-c42d-4e9c-90ed-faecbf58ca46@group-507EAFB998CB
2021-03-08 02:05:15,415 [pool-1017-thread-1] INFO  metrics.RatisMetrics (RatisMetrics.java:lambda$create$0(36)) - Creating Metrics Registry : ratis.server.92084499-c42d-4e9c-90ed-faecbf58ca46@group-507EAFB998CB
2021-03-08 02:05:15,418 [pool-1017-thread-1] INFO  server.RaftServer$Division (RaftServerImpl.java:start(295)) - 92084499-c42d-4e9c-90ed-faecbf58ca46@group-507EAFB998CB: start as a follower, conf=-1: [6ba9ab1d-3af3-415d-b63e-d033c6891994|rpc:172.17.0.2:33141|priority:0, bc98b27f-878f-4dad-a502-417d70977e4e|rpc:172.17.0.2:44359|priority:0, 92084499-c42d-4e9c-90ed-faecbf58ca46|rpc:172.17.0.2:44599|priority:1], old=null
2021-03-08 02:05:15,418 [pool-1017-thread-1] INFO  server.RaftServer$Division (RaftServerImpl.java:setRole(284)) - 92084499-c42d-4e9c-90ed-faecbf58ca46@group-507EAFB998CB: changes role from      null to FOLLOWER at term 0 for startAsFollower
2021-03-08 02:05:15,418 [pool-1017-thread-1] INFO  impl.RoleInfo (RoleInfo.java:updateAndGet(130)) - 92084499-c42d-4e9c-90ed-faecbf58ca46: start 92084499-c42d-4e9c-90ed-faecbf58ca46@group-507EAFB998CB-FollowerState
2021-03-08 02:05:15,418 [pool-1017-thread-1] INFO  util.JmxRegister (JmxRegister.java:tryRegister(44)) - Successfully registered JMX Bean with object name Ratis:service=RaftServer,group=group-507EAFB998CB,id=92084499-c42d-4e9c-90ed-faecbf58ca46
2021-03-08 02:05:15,418 [pool-1017-thread-1] INFO  metrics.RatisMetrics (RatisMetrics.java:lambda$create$0(36)) - Creating Metrics Registry : ratis.state_machine.92084499-c42d-4e9c-90ed-faecbf58ca46@group-507EAFB998CB
2021-03-08 02:05:15,420 [Command processor thread] INFO  metrics.RatisMetrics (RatisMetrics.java:lambda$create$0(36)) - Creating Metrics Registry : ratis.client_message_metrics.client-F17399D01989->6ba9ab1d-3af3-415d-b63e-d033c6891994
2021-03-08 02:05:15,424 [grpc-default-executor-3] INFO  server.RaftServer (RaftServerProxy.java:addNew(95)) - 6ba9ab1d-3af3-415d-b63e-d033c6891994: addNew group-507EAFB998CB:[6ba9ab1d-3af3-415d-b63e-d033c6891994|rpc:172.17.0.2:33141|dataStream:|priority:0, bc98b27f-878f-4dad-a502-417d70977e4e|rpc:172.17.0.2:44359|dataStream:|priority:0, 92084499-c42d-4e9c-90ed-faecbf58ca46|rpc:172.17.0.2:44599|dataStream:|priority:1] returns group-507EAFB998CB:java.util.concurrent.CompletableFuture@18493983[Not completed]
2021-03-08 02:05:15,424 [pool-1033-thread-1] INFO  server.RaftServer$Division (RaftServerImpl.java:<init>(180)) - 6ba9ab1d-3af3-415d-b63e-d033c6891994: new RaftServerImpl for group-507EAFB998CB:[6ba9ab1d-3af3-415d-b63e-d033c6891994|rpc:172.17.0.2:33141|dataStream:|priority:0, bc98b27f-878f-4dad-a502-417d70977e4e|rpc:172.17.0.2:44359|dataStream:|priority:0, 92084499-c42d-4e9c-90ed-faecbf58ca46|rpc:172.17.0.2:44599|dataStream:|priority:1] with ContainerStateMachine:uninitialized
2021-03-08 02:05:15,424 [pool-1033-thread-1] INFO  server.RaftServerConfigKeys (ConfUtils.java:logGet(44)) - raft.server.rpc.timeout.min = 5s (custom)
2021-03-08 02:05:15,424 [pool-1033-thread-1] INFO  server.RaftServerConfigKeys (ConfUtils.java:logGet(44)) - raft.server.rpc.timeout.max = 5200ms (custom)
2021-03-08 02:05:15,424 [pool-1033-thread-1] INFO  server.RaftServerConfigKeys (ConfUtils.java:logGet(44)) - raft.server.rpc.sleep.time = 25ms (default)
2021-03-08 02:05:15,424 [pool-1033-thread-1] INFO  server.RaftServerConfigKeys (ConfUtils.java:logGet(44)) - raft.server.rpc.slowness.timeout = 300000ms (custom)
2021-03-08 02:05:15,424 [pool-1033-thread-1] INFO  server.RaftServerConfigKeys (ConfUtils.java:logGet(44)) - raft.server.leaderelection.leader.step-down.wait-time = 10s (default)
2021-03-08 02:05:15,424 [pool-1033-thread-1] INFO  server.RaftServerConfigKeys (ConfUtils.java:logGet(44)) - raft.server.sleep.deviation.threshold = 300ms (default)
2021-03-08 02:05:15,424 [pool-1033-thread-1] INFO  server.RaftServerConfigKeys (ConfUtils.java:logGet(44)) - raft.server.log.appender.install.snapshot.enabled = false (custom)
2021-03-08 02:05:15,425 [pool-1033-thread-1] INFO  server.RaftServer$Division (ServerState.java:<init>(105)) - 6ba9ab1d-3af3-415d-b63e-d033c6891994@group-507EAFB998CB: ConfigurationManager, init=-1: [6ba9ab1d-3af3-415d-b63e-d033c6891994|rpc:172.17.0.2:33141|dataStream:|priority:0, bc98b27f-878f-4dad-a502-417d70977e4e|rpc:172.17.0.2:44359|dataStream:|priority:0, 92084499-c42d-4e9c-90ed-faecbf58ca46|rpc:172.17.0.2:44599|dataStream:|priority:1], old=null, confs=<EMPTY_MAP>
2021-03-08 02:05:15,425 [pool-1033-thread-1] INFO  server.RaftServerConfigKeys (ConfUtils.java:logGet(44)) - raft.server.storage.dir = [/github/workspace/mnt/ozone/hadoop-ozone/integration-test/target/test-dir/MiniOzoneClusterImpl-ccaa8949-4e5a-4858-a1f5-413699190f1a/datanode-1/data/ratis] (custom)
2021-03-08 02:05:15,425 [pool-1033-thread-1] INFO  server.RaftServerConfigKeys (ConfUtils.java:logGet(44)) - raft.server.log.corruption.policy = EXCEPTION (default)
2021-03-08 02:05:15,425 [pool-1033-thread-1] INFO  storage.RaftStorageDirectory (RaftStorageDirectoryImpl.java:analyzeStorage(132)) - The storage directory /github/workspace/mnt/ozone/hadoop-ozone/integration-test/target/test-dir/MiniOzoneClusterImpl-ccaa8949-4e5a-4858-a1f5-413699190f1a/datanode-1/data/ratis/314f1900-63e8-41f8-9152-507eafb998cb does not exist. Creating ...
2021-03-08 02:05:15,426 [pool-1033-thread-1] INFO  storage.RaftStorageDirectory (RaftStorageDirectoryImpl.java:tryLock(215)) - Lock on /github/workspace/mnt/ozone/hadoop-ozone/integration-test/target/test-dir/MiniOzoneClusterImpl-ccaa8949-4e5a-4858-a1f5-413699190f1a/datanode-1/data/ratis/314f1900-63e8-41f8-9152-507eafb998cb/in_use.lock acquired by nodename 32215@55665278a03a
2021-03-08 02:05:15,427 [pool-1033-thread-1] INFO  storage.RaftStorage (RaftStorageImpl.java:format(87)) - Storage directory /github/workspace/mnt/ozone/hadoop-ozone/integration-test/target/test-dir/MiniOzoneClusterImpl-ccaa8949-4e5a-4858-a1f5-413699190f1a/datanode-1/data/ratis/314f1900-63e8-41f8-9152-507eafb998cb has been successfully formatted.
2021-03-08 02:05:15,427 [pool-1033-thread-1] INFO  ratis.ContainerStateMachine (ContainerStateMachine.java:loadSnapshot(223)) - group-507EAFB998CB: The snapshot info is null. Setting the last applied indexto:(t:0, i:~)
2021-03-08 02:05:15,427 [pool-1033-thread-1] ERROR storage.RaftStorage (RaftStorageImpl.java:readRaftConfiguration(147)) - Failed reading configuration from file:/github/workspace/mnt/ozone/hadoop-ozone/integration-test/target/test-dir/MiniOzoneClusterImpl-ccaa8949-4e5a-4858-a1f5-413699190f1a/datanode-1/data/ratis/314f1900-63e8-41f8-9152-507eafb998cb/current/raft-meta.conf
java.io.FileNotFoundException: /github/workspace/mnt/ozone/hadoop-ozone/integration-test/target/test-dir/MiniOzoneClusterImpl-ccaa8949-4e5a-4858-a1f5-413699190f1a/datanode-1/data/ratis/314f1900-63e8-41f8-9152-507eafb998cb/current/raft-meta.conf (No such file or directory)
	at java.io.FileInputStream.open0(Native Method)
	at java.io.FileInputStream.open(FileInputStream.java:195)
	at java.io.FileInputStream.<init>(FileInputStream.java:138)
	at org.apache.ratis.server.storage.RaftStorageImpl.readRaftConfiguration(RaftStorageImpl.java:143)
	at org.apache.ratis.server.impl.ServerState.<init>(ServerState.java:122)
	at org.apache.ratis.server.impl.RaftServerImpl.<init>(RaftServerImpl.java:193)
	at org.apache.ratis.server.impl.RaftServerProxy.lambda$newRaftServerImpl$4(RaftServerProxy.java:266)
	at java.util.concurrent.CompletableFuture$AsyncSupply.run(CompletableFuture.java:1604)
	at java.util.concurrent.ThreadPoolExecutor.runWorker(ThreadPoolExecutor.java:1149)
	at java.util.concurrent.ThreadPoolExecutor$Worker.run(ThreadPoolExecutor.java:624)
	at java.lang.Thread.run(Thread.java:748)
2021-03-08 02:05:15,427 [pool-1033-thread-1] INFO  server.RaftServerConfigKeys (ConfUtils.java:logGet(44)) - raft.server.notification.no-leader.timeout = 300000ms (custom)
2021-03-08 02:05:15,427 [pool-1033-thread-1] INFO  server.RaftServerConfigKeys (ConfUtils.java:logGet(44)) - raft.server.log.use.memory = false (default)
2021-03-08 02:05:15,427 [pool-1033-thread-1] INFO  server.RaftServerConfigKeys (ConfUtils.java:logGet(44)) - raft.server.log.purge.gap = 1000000 (custom)
2021-03-08 02:05:15,427 [pool-1033-thread-1] INFO  server.RaftServerConfigKeys (ConfUtils.java:logGet(44)) - raft.server.log.appender.buffer.byte-limit = 33554432 (custom)
2021-03-08 02:05:15,427 [pool-1033-thread-1] INFO  metrics.RatisMetrics (RatisMetrics.java:lambda$create$0(36)) - Creating Metrics Registry : ratis.log_worker.6ba9ab1d-3af3-415d-b63e-d033c6891994@group-507EAFB998CB
2021-03-08 02:05:15,427 [EventQueue-PipelineReportForOneReplicaPipelineSafeModeRule] INFO  safemode.SCMSafeModeManager (SCMSafeModeManager.java:validateSafeModeExitRules(214)) - AtleastOneDatanodeReportedRule rule is successfully validated
2021-03-08 02:05:15,428 [pool-1033-thread-1] INFO  server.RaftServerConfigKeys (ConfUtils.java:logGet(44)) - raft.server.log.segment.size.max = 1048576 (custom)
2021-03-08 02:05:15,429 [pool-1033-thread-1] INFO  server.RaftServerConfigKeys (ConfUtils.java:logGet(44)) - raft.server.log.segment.cache.num.max = 2 (custom)
2021-03-08 02:05:15,429 [pool-1033-thread-1] INFO  server.RaftServerConfigKeys (ConfUtils.java:logGet(44)) - raft.server.log.segment.cache.size.max = 200MB (=209715200) (default)
2021-03-08 02:05:15,429 [pool-1033-thread-1] INFO  segmented.SegmentedRaftLogWorker (SegmentedRaftLogWorker.java:<init>(181)) - new 6ba9ab1d-3af3-415d-b63e-d033c6891994@group-507EAFB998CB-SegmentedRaftLogWorker for RaftStorageImpl:Storage Directory /github/workspace/mnt/ozone/hadoop-ozone/integration-test/target/test-dir/MiniOzoneClusterImpl-ccaa8949-4e5a-4858-a1f5-413699190f1a/datanode-1/data/ratis/314f1900-63e8-41f8-9152-507eafb998cb
2021-03-08 02:05:15,429 [pool-1033-thread-1] INFO  server.RaftServerConfigKeys (ConfUtils.java:logGet(44)) - raft.server.log.queue.byte-limit = 2147483647 (custom)
2021-03-08 02:05:15,429 [pool-1033-thread-1] INFO  server.RaftServerConfigKeys (ConfUtils.java:logGet(44)) - raft.server.log.queue.element-limit = 1024 (custom)
2021-03-08 02:05:15,429 [pool-1033-thread-1] INFO  server.RaftServerConfigKeys (ConfUtils.java:logGet(44)) - raft.server.log.segment.size.max = 1048576 (custom)
2021-03-08 02:05:15,429 [pool-1033-thread-1] INFO  server.RaftServerConfigKeys (ConfUtils.java:logGet(44)) - raft.server.log.preallocated.size = 16384 (custom)
2021-03-08 02:05:15,429 [pool-1033-thread-1] INFO  server.RaftServerConfigKeys (ConfUtils.java:logGet(44)) - raft.server.log.force.sync.num = 128 (default)
2021-03-08 02:05:15,429 [pool-1033-thread-1] INFO  server.RaftServerConfigKeys (ConfUtils.java:logGet(44)) - raft.server.log.statemachine.data.sync = true (default)
2021-03-08 02:05:15,430 [pool-1033-thread-1] INFO  server.RaftServerConfigKeys (ConfUtils.java:logGet(44)) - raft.server.log.statemachine.data.sync.timeout = 10s (default)
2021-03-08 02:05:15,430 [pool-1033-thread-1] INFO  server.RaftServerConfigKeys (ConfUtils.java:logGet(44)) - raft.server.log.statemachine.data.sync.timeout.retry = -1 (default)
2021-03-08 02:05:15,432 [pool-1033-thread-1] INFO  server.RaftServerConfigKeys (ConfUtils.java:logGet(44)) - raft.server.log.write.buffer.size = 1048576 (custom)
2021-03-08 02:05:15,433 [pool-1033-thread-1] INFO  server.RaftServerConfigKeys (ConfUtils.java:logGet(44)) - raft.server.log.statemachine.data.caching.enabled = true (custom)
2021-03-08 02:05:15,433 [pool-1033-thread-1] INFO  segmented.SegmentedRaftLogWorker (SegmentedRaftLogWorker.java:lambda$new$0(132)) - 6ba9ab1d-3af3-415d-b63e-d033c6891994@group-507EAFB998CB-SegmentedRaftLogWorker: flushIndex: setUnconditionally 0 -> -1
2021-03-08 02:05:15,433 [pool-1033-thread-1] INFO  segmented.SegmentedRaftLogWorker (SegmentedRaftLogWorker.java:lambda$new$0(132)) - 6ba9ab1d-3af3-415d-b63e-d033c6891994@group-507EAFB998CB-SegmentedRaftLogWorker: safeCacheEvictIndex: setUnconditionally 0 -> -1
2021-03-08 02:05:15,433 [pool-1033-thread-1] INFO  server.RaftServerConfigKeys (ConfUtils.java:logGet(44)) - raft.server.snapshot.auto.trigger.enabled = true (custom)
2021-03-08 02:05:15,433 [pool-1033-thread-1] INFO  server.RaftServerConfigKeys (ConfUtils.java:logGet(44)) - raft.server.snapshot.auto.trigger.threshold = 10000 (custom)
2021-03-08 02:05:15,433 [pool-1033-thread-1] INFO  server.RaftServerConfigKeys (ConfUtils.java:logGet(44)) - raft.server.snapshot.retention.file.num = 5 (custom)
2021-03-08 02:05:15,433 [pool-1033-thread-1] INFO  server.RaftServerConfigKeys (ConfUtils.java:logGet(44)) - raft.server.log.purge.upto.snapshot.index = false (default)
2021-03-08 02:05:15,433 [pool-1033-thread-1] INFO  server.RaftServerConfigKeys (ConfUtils.java:logGet(44)) - raft.server.retrycache.expirytime = 600000ms (custom)
2021-03-08 02:05:15,433 [pool-1033-thread-1] INFO  server.RaftServerConfigKeys (ConfUtils.java:logGet(44)) - raft.server.retrycache.statistics.expirytime = 100?s (default)
2021-03-08 02:05:15,433 [pool-1033-thread-1] INFO  metrics.RatisMetrics (RatisMetrics.java:lambda$create$0(36)) - Creating Metrics Registry : ratis.leader_election.6ba9ab1d-3af3-415d-b63e-d033c6891994@group-507EAFB998CB
2021-03-08 02:05:15,434 [pool-1033-thread-1] INFO  metrics.RatisMetrics (RatisMetrics.java:lambda$create$0(36)) - Creating Metrics Registry : ratis.server.6ba9ab1d-3af3-415d-b63e-d033c6891994@group-507EAFB998CB
2021-03-08 02:05:15,437 [pool-1033-thread-1] INFO  server.RaftServer$Division (RaftServerImpl.java:start(295)) - 6ba9ab1d-3af3-415d-b63e-d033c6891994@group-507EAFB998CB: start as a follower, conf=-1: [6ba9ab1d-3af3-415d-b63e-d033c6891994|rpc:172.17.0.2:33141|dataStream:|priority:0, bc98b27f-878f-4dad-a502-417d70977e4e|rpc:172.17.0.2:44359|dataStream:|priority:0, 92084499-c42d-4e9c-90ed-faecbf58ca46|rpc:172.17.0.2:44599|dataStream:|priority:1], old=null
2021-03-08 02:05:15,437 [pool-1033-thread-1] INFO  server.RaftServer$Division (RaftServerImpl.java:setRole(284)) - 6ba9ab1d-3af3-415d-b63e-d033c6891994@group-507EAFB998CB: changes role from      null to FOLLOWER at term 0 for startAsFollower
2021-03-08 02:05:15,437 [pool-1033-thread-1] INFO  impl.RoleInfo (RoleInfo.java:updateAndGet(130)) - 6ba9ab1d-3af3-415d-b63e-d033c6891994: start 6ba9ab1d-3af3-415d-b63e-d033c6891994@group-507EAFB998CB-FollowerState
2021-03-08 02:05:15,437 [pool-1033-thread-1] INFO  util.JmxRegister (JmxRegister.java:tryRegister(44)) - Successfully registered JMX Bean with object name Ratis:service=RaftServer,group=group-507EAFB998CB,id=6ba9ab1d-3af3-415d-b63e-d033c6891994
2021-03-08 02:05:15,437 [pool-1033-thread-1] INFO  metrics.RatisMetrics (RatisMetrics.java:lambda$create$0(36)) - Creating Metrics Registry : ratis.state_machine.6ba9ab1d-3af3-415d-b63e-d033c6891994@group-507EAFB998CB
2021-03-08 02:05:15,441 [Command processor thread] INFO  metrics.RatisMetrics (RatisMetrics.java:lambda$create$0(36)) - Creating Metrics Registry : ratis.client_message_metrics.client-12DCB701FB37->bc98b27f-878f-4dad-a502-417d70977e4e
2021-03-08 02:05:15,445 [grpc-default-executor-3] INFO  server.RaftServer (RaftServerProxy.java:addNew(95)) - bc98b27f-878f-4dad-a502-417d70977e4e: addNew group-507EAFB998CB:[6ba9ab1d-3af3-415d-b63e-d033c6891994|rpc:172.17.0.2:33141|dataStream:|priority:0, bc98b27f-878f-4dad-a502-417d70977e4e|rpc:172.17.0.2:44359|dataStream:|priority:0, 92084499-c42d-4e9c-90ed-faecbf58ca46|rpc:172.17.0.2:44599|dataStream:|priority:1] returns group-507EAFB998CB:java.util.concurrent.CompletableFuture@7bf2ed6d[Not completed]
2021-03-08 02:05:15,447 [pool-1049-thread-1] INFO  server.RaftServer$Division (RaftServerImpl.java:<init>(180)) - bc98b27f-878f-4dad-a502-417d70977e4e: new RaftServerImpl for group-507EAFB998CB:[6ba9ab1d-3af3-415d-b63e-d033c6891994|rpc:172.17.0.2:33141|dataStream:|priority:0, bc98b27f-878f-4dad-a502-417d70977e4e|rpc:172.17.0.2:44359|dataStream:|priority:0, 92084499-c42d-4e9c-90ed-faecbf58ca46|rpc:172.17.0.2:44599|dataStream:|priority:1] with ContainerStateMachine:uninitialized
2021-03-08 02:05:15,447 [pool-1049-thread-1] INFO  server.RaftServerConfigKeys (ConfUtils.java:logGet(44)) - raft.server.rpc.timeout.min = 5s (custom)
2021-03-08 02:05:15,447 [pool-1049-thread-1] INFO  server.RaftServerConfigKeys (ConfUtils.java:logGet(44)) - raft.server.rpc.timeout.max = 5200ms (custom)
2021-03-08 02:05:15,448 [pool-1049-thread-1] INFO  server.RaftServerConfigKeys (ConfUtils.java:logGet(44)) - raft.server.rpc.sleep.time = 25ms (default)
2021-03-08 02:05:15,448 [pool-1049-thread-1] INFO  server.RaftServerConfigKeys (ConfUtils.java:logGet(44)) - raft.server.rpc.slowness.timeout = 300000ms (custom)
2021-03-08 02:05:15,448 [pool-1049-thread-1] INFO  server.RaftServerConfigKeys (ConfUtils.java:logGet(44)) - raft.server.leaderelection.leader.step-down.wait-time = 10s (default)
2021-03-08 02:05:15,448 [pool-1049-thread-1] INFO  server.RaftServerConfigKeys (ConfUtils.java:logGet(44)) - raft.server.sleep.deviation.threshold = 300ms (default)
2021-03-08 02:05:15,448 [pool-1049-thread-1] INFO  server.RaftServerConfigKeys (ConfUtils.java:logGet(44)) - raft.server.log.appender.install.snapshot.enabled = false (custom)
2021-03-08 02:05:15,448 [pool-1049-thread-1] INFO  server.RaftServer$Division (ServerState.java:<init>(105)) - bc98b27f-878f-4dad-a502-417d70977e4e@group-507EAFB998CB: ConfigurationManager, init=-1: [6ba9ab1d-3af3-415d-b63e-d033c6891994|rpc:172.17.0.2:33141|dataStream:|priority:0, bc98b27f-878f-4dad-a502-417d70977e4e|rpc:172.17.0.2:44359|dataStream:|priority:0, 92084499-c42d-4e9c-90ed-faecbf58ca46|rpc:172.17.0.2:44599|dataStream:|priority:1], old=null, confs=<EMPTY_MAP>
2021-03-08 02:05:15,448 [pool-1049-thread-1] INFO  server.RaftServerConfigKeys (ConfUtils.java:logGet(44)) - raft.server.storage.dir = [/github/workspace/mnt/ozone/hadoop-ozone/integration-test/target/test-dir/MiniOzoneClusterImpl-ccaa8949-4e5a-4858-a1f5-413699190f1a/datanode-2/data/ratis] (custom)
2021-03-08 02:05:15,448 [pool-1049-thread-1] INFO  server.RaftServerConfigKeys (ConfUtils.java:logGet(44)) - raft.server.log.corruption.policy = EXCEPTION (default)
2021-03-08 02:05:15,448 [pool-1049-thread-1] INFO  storage.RaftStorageDirectory (RaftStorageDirectoryImpl.java:analyzeStorage(132)) - The storage directory /github/workspace/mnt/ozone/hadoop-ozone/integration-test/target/test-dir/MiniOzoneClusterImpl-ccaa8949-4e5a-4858-a1f5-413699190f1a/datanode-2/data/ratis/314f1900-63e8-41f8-9152-507eafb998cb does not exist. Creating ...
2021-03-08 02:05:15,449 [pool-1049-thread-1] INFO  storage.RaftStorageDirectory (RaftStorageDirectoryImpl.java:tryLock(215)) - Lock on /github/workspace/mnt/ozone/hadoop-ozone/integration-test/target/test-dir/MiniOzoneClusterImpl-ccaa8949-4e5a-4858-a1f5-413699190f1a/datanode-2/data/ratis/314f1900-63e8-41f8-9152-507eafb998cb/in_use.lock acquired by nodename 32215@55665278a03a
2021-03-08 02:05:15,450 [pool-1049-thread-1] INFO  storage.RaftStorage (RaftStorageImpl.java:format(87)) - Storage directory /github/workspace/mnt/ozone/hadoop-ozone/integration-test/target/test-dir/MiniOzoneClusterImpl-ccaa8949-4e5a-4858-a1f5-413699190f1a/datanode-2/data/ratis/314f1900-63e8-41f8-9152-507eafb998cb has been successfully formatted.
2021-03-08 02:05:15,450 [pool-1049-thread-1] INFO  ratis.ContainerStateMachine (ContainerStateMachine.java:loadSnapshot(223)) - group-507EAFB998CB: The snapshot info is null. Setting the last applied indexto:(t:0, i:~)
2021-03-08 02:05:15,450 [pool-1049-thread-1] ERROR storage.RaftStorage (RaftStorageImpl.java:readRaftConfiguration(147)) - Failed reading configuration from file:/github/workspace/mnt/ozone/hadoop-ozone/integration-test/target/test-dir/MiniOzoneClusterImpl-ccaa8949-4e5a-4858-a1f5-413699190f1a/datanode-2/data/ratis/314f1900-63e8-41f8-9152-507eafb998cb/current/raft-meta.conf
java.io.FileNotFoundException: /github/workspace/mnt/ozone/hadoop-ozone/integration-test/target/test-dir/MiniOzoneClusterImpl-ccaa8949-4e5a-4858-a1f5-413699190f1a/datanode-2/data/ratis/314f1900-63e8-41f8-9152-507eafb998cb/current/raft-meta.conf (No such file or directory)
	at java.io.FileInputStream.open0(Native Method)
	at java.io.FileInputStream.open(FileInputStream.java:195)
	at java.io.FileInputStream.<init>(FileInputStream.java:138)
	at org.apache.ratis.server.storage.RaftStorageImpl.readRaftConfiguration(RaftStorageImpl.java:143)
	at org.apache.ratis.server.impl.ServerState.<init>(ServerState.java:122)
	at org.apache.ratis.server.impl.RaftServerImpl.<init>(RaftServerImpl.java:193)
	at org.apache.ratis.server.impl.RaftServerProxy.lambda$newRaftServerImpl$4(RaftServerProxy.java:266)
	at java.util.concurrent.CompletableFuture$AsyncSupply.run(CompletableFuture.java:1604)
	at java.util.concurrent.ThreadPoolExecutor.runWorker(ThreadPoolExecutor.java:1149)
	at java.util.concurrent.ThreadPoolExecutor$Worker.run(ThreadPoolExecutor.java:624)
	at java.lang.Thread.run(Thread.java:748)
2021-03-08 02:05:15,451 [EventQueue-PipelineReportForOneReplicaPipelineSafeModeRule] INFO  safemode.SCMSafeModeManager (SCMSafeModeManager.java:validateSafeModeExitRules(214)) - AtleastOneDatanodeReportedRule rule is successfully validated
2021-03-08 02:05:15,451 [pool-1049-thread-1] INFO  server.RaftServerConfigKeys (ConfUtils.java:logGet(44)) - raft.server.notification.no-leader.timeout = 300000ms (custom)
2021-03-08 02:05:15,451 [pool-1049-thread-1] INFO  server.RaftServerConfigKeys (ConfUtils.java:logGet(44)) - raft.server.log.use.memory = false (default)
2021-03-08 02:05:15,451 [pool-1049-thread-1] INFO  server.RaftServerConfigKeys (ConfUtils.java:logGet(44)) - raft.server.log.purge.gap = 1000000 (custom)
2021-03-08 02:05:15,451 [pool-1049-thread-1] INFO  server.RaftServerConfigKeys (ConfUtils.java:logGet(44)) - raft.server.log.appender.buffer.byte-limit = 33554432 (custom)
2021-03-08 02:05:15,451 [pool-1049-thread-1] INFO  metrics.RatisMetrics (RatisMetrics.java:lambda$create$0(36)) - Creating Metrics Registry : ratis.log_worker.bc98b27f-878f-4dad-a502-417d70977e4e@group-507EAFB998CB
2021-03-08 02:05:15,452 [pool-1049-thread-1] INFO  server.RaftServerConfigKeys (ConfUtils.java:logGet(44)) - raft.server.log.segment.size.max = 1048576 (custom)
2021-03-08 02:05:15,453 [pool-1049-thread-1] INFO  server.RaftServerConfigKeys (ConfUtils.java:logGet(44)) - raft.server.log.segment.cache.num.max = 2 (custom)
2021-03-08 02:05:15,453 [pool-1049-thread-1] INFO  server.RaftServerConfigKeys (ConfUtils.java:logGet(44)) - raft.server.log.segment.cache.size.max = 200MB (=209715200) (default)
2021-03-08 02:05:15,453 [pool-1049-thread-1] INFO  segmented.SegmentedRaftLogWorker (SegmentedRaftLogWorker.java:<init>(181)) - new bc98b27f-878f-4dad-a502-417d70977e4e@group-507EAFB998CB-SegmentedRaftLogWorker for RaftStorageImpl:Storage Directory /github/workspace/mnt/ozone/hadoop-ozone/integration-test/target/test-dir/MiniOzoneClusterImpl-ccaa8949-4e5a-4858-a1f5-413699190f1a/datanode-2/data/ratis/314f1900-63e8-41f8-9152-507eafb998cb
2021-03-08 02:05:15,453 [pool-1049-thread-1] INFO  server.RaftServerConfigKeys (ConfUtils.java:logGet(44)) - raft.server.log.queue.byte-limit = 2147483647 (custom)
2021-03-08 02:05:15,453 [pool-1049-thread-1] INFO  server.RaftServerConfigKeys (ConfUtils.java:logGet(44)) - raft.server.log.queue.element-limit = 1024 (custom)
2021-03-08 02:05:15,453 [pool-1049-thread-1] INFO  server.RaftServerConfigKeys (ConfUtils.java:logGet(44)) - raft.server.log.segment.size.max = 1048576 (custom)
2021-03-08 02:05:15,453 [pool-1049-thread-1] INFO  server.RaftServerConfigKeys (ConfUtils.java:logGet(44)) - raft.server.log.preallocated.size = 16384 (custom)
2021-03-08 02:05:15,453 [pool-1049-thread-1] INFO  server.RaftServerConfigKeys (ConfUtils.java:logGet(44)) - raft.server.log.force.sync.num = 128 (default)
2021-03-08 02:05:15,453 [pool-1049-thread-1] INFO  server.RaftServerConfigKeys (ConfUtils.java:logGet(44)) - raft.server.log.statemachine.data.sync = true (default)
2021-03-08 02:05:15,453 [pool-1049-thread-1] INFO  server.RaftServerConfigKeys (ConfUtils.java:logGet(44)) - raft.server.log.statemachine.data.sync.timeout = 10s (default)
2021-03-08 02:05:15,453 [pool-1049-thread-1] INFO  server.RaftServerConfigKeys (ConfUtils.java:logGet(44)) - raft.server.log.statemachine.data.sync.timeout.retry = -1 (default)
2021-03-08 02:05:15,456 [pool-1049-thread-1] INFO  server.RaftServerConfigKeys (ConfUtils.java:logGet(44)) - raft.server.log.write.buffer.size = 1048576 (custom)
2021-03-08 02:05:15,456 [pool-1049-thread-1] INFO  server.RaftServerConfigKeys (ConfUtils.java:logGet(44)) - raft.server.log.statemachine.data.caching.enabled = true (custom)
2021-03-08 02:05:15,456 [pool-1049-thread-1] INFO  segmented.SegmentedRaftLogWorker (SegmentedRaftLogWorker.java:lambda$new$0(132)) - bc98b27f-878f-4dad-a502-417d70977e4e@group-507EAFB998CB-SegmentedRaftLogWorker: flushIndex: setUnconditionally 0 -> -1
2021-03-08 02:05:15,457 [pool-1049-thread-1] INFO  segmented.SegmentedRaftLogWorker (SegmentedRaftLogWorker.java:lambda$new$0(132)) - bc98b27f-878f-4dad-a502-417d70977e4e@group-507EAFB998CB-SegmentedRaftLogWorker: safeCacheEvictIndex: setUnconditionally 0 -> -1
2021-03-08 02:05:15,457 [pool-1049-thread-1] INFO  server.RaftServerConfigKeys (ConfUtils.java:logGet(44)) - raft.server.snapshot.auto.trigger.enabled = true (custom)
2021-03-08 02:05:15,457 [pool-1049-thread-1] INFO  server.RaftServerConfigKeys (ConfUtils.java:logGet(44)) - raft.server.snapshot.auto.trigger.threshold = 10000 (custom)
2021-03-08 02:05:15,457 [pool-1049-thread-1] INFO  server.RaftServerConfigKeys (ConfUtils.java:logGet(44)) - raft.server.snapshot.retention.file.num = 5 (custom)
2021-03-08 02:05:15,457 [pool-1049-thread-1] INFO  server.RaftServerConfigKeys (ConfUtils.java:logGet(44)) - raft.server.log.purge.upto.snapshot.index = false (default)
2021-03-08 02:05:15,457 [pool-1049-thread-1] INFO  server.RaftServerConfigKeys (ConfUtils.java:logGet(44)) - raft.server.retrycache.expirytime = 600000ms (custom)
2021-03-08 02:05:15,457 [pool-1049-thread-1] INFO  server.RaftServerConfigKeys (ConfUtils.java:logGet(44)) - raft.server.retrycache.statistics.expirytime = 100?s (default)
2021-03-08 02:05:15,457 [pool-1049-thread-1] INFO  metrics.RatisMetrics (RatisMetrics.java:lambda$create$0(36)) - Creating Metrics Registry : ratis.leader_election.bc98b27f-878f-4dad-a502-417d70977e4e@group-507EAFB998CB
2021-03-08 02:05:15,458 [pool-1049-thread-1] INFO  metrics.RatisMetrics (RatisMetrics.java:lambda$create$0(36)) - Creating Metrics Registry : ratis.server.bc98b27f-878f-4dad-a502-417d70977e4e@group-507EAFB998CB
2021-03-08 02:05:15,460 [Command processor thread] INFO  server.RaftServer (RaftServerProxy.java:addNew(95)) - 6ba9ab1d-3af3-415d-b63e-d033c6891994: addNew group-37DB1FA48E92:[6ba9ab1d-3af3-415d-b63e-d033c6891994|rpc:172.17.0.2:33141|priority:1] returns group-37DB1FA48E92:java.util.concurrent.CompletableFuture@41368e4[Not completed]
2021-03-08 02:05:15,460 [pool-1033-thread-1] INFO  server.RaftServer$Division (RaftServerImpl.java:<init>(180)) - 6ba9ab1d-3af3-415d-b63e-d033c6891994: new RaftServerImpl for group-37DB1FA48E92:[6ba9ab1d-3af3-415d-b63e-d033c6891994|rpc:172.17.0.2:33141|priority:1] with ContainerStateMachine:uninitialized
2021-03-08 02:05:15,460 [pool-1033-thread-1] INFO  server.RaftServerConfigKeys (ConfUtils.java:logGet(44)) - raft.server.rpc.timeout.min = 5s (custom)
2021-03-08 02:05:15,460 [pool-1033-thread-1] INFO  server.RaftServerConfigKeys (ConfUtils.java:logGet(44)) - raft.server.rpc.timeout.max = 5200ms (custom)
2021-03-08 02:05:15,460 [pool-1033-thread-1] INFO  server.RaftServerConfigKeys (ConfUtils.java:logGet(44)) - raft.server.rpc.sleep.time = 25ms (default)
2021-03-08 02:05:15,461 [pool-1033-thread-1] INFO  server.RaftServerConfigKeys (ConfUtils.java:logGet(44)) - raft.server.rpc.slowness.timeout = 300000ms (custom)
2021-03-08 02:05:15,461 [pool-1033-thread-1] INFO  server.RaftServerConfigKeys (ConfUtils.java:logGet(44)) - raft.server.leaderelection.leader.step-down.wait-time = 10s (default)
2021-03-08 02:05:15,461 [pool-1033-thread-1] INFO  server.RaftServerConfigKeys (ConfUtils.java:logGet(44)) - raft.server.sleep.deviation.threshold = 300ms (default)
2021-03-08 02:05:15,461 [pool-1033-thread-1] INFO  server.RaftServerConfigKeys (ConfUtils.java:logGet(44)) - raft.server.log.appender.install.snapshot.enabled = false (custom)
2021-03-08 02:05:15,461 [pool-1033-thread-1] INFO  server.RaftServer$Division (ServerState.java:<init>(105)) - 6ba9ab1d-3af3-415d-b63e-d033c6891994@group-37DB1FA48E92: ConfigurationManager, init=-1: [6ba9ab1d-3af3-415d-b63e-d033c6891994|rpc:172.17.0.2:33141|priority:1], old=null, confs=<EMPTY_MAP>
2021-03-08 02:05:15,461 [pool-1033-thread-1] INFO  server.RaftServerConfigKeys (ConfUtils.java:logGet(44)) - raft.server.storage.dir = [/github/workspace/mnt/ozone/hadoop-ozone/integration-test/target/test-dir/MiniOzoneClusterImpl-ccaa8949-4e5a-4858-a1f5-413699190f1a/datanode-1/data/ratis] (custom)
2021-03-08 02:05:15,461 [pool-1049-thread-1] INFO  server.RaftServer$Division (RaftServerImpl.java:start(295)) - bc98b27f-878f-4dad-a502-417d70977e4e@group-507EAFB998CB: start as a follower, conf=-1: [6ba9ab1d-3af3-415d-b63e-d033c6891994|rpc:172.17.0.2:33141|dataStream:|priority:0, bc98b27f-878f-4dad-a502-417d70977e4e|rpc:172.17.0.2:44359|dataStream:|priority:0, 92084499-c42d-4e9c-90ed-faecbf58ca46|rpc:172.17.0.2:44599|dataStream:|priority:1], old=null
2021-03-08 02:05:15,461 [pool-1033-thread-1] INFO  server.RaftServerConfigKeys (ConfUtils.java:logGet(44)) - raft.server.log.corruption.policy = EXCEPTION (default)
2021-03-08 02:05:15,461 [pool-1033-thread-1] INFO  storage.RaftStorageDirectory (RaftStorageDirectoryImpl.java:analyzeStorage(132)) - The storage directory /github/workspace/mnt/ozone/hadoop-ozone/integration-test/target/test-dir/MiniOzoneClusterImpl-ccaa8949-4e5a-4858-a1f5-413699190f1a/datanode-1/data/ratis/a1d313e4-a7f2-45da-8a16-37db1fa48e92 does not exist. Creating ...
2021-03-08 02:05:15,461 [pool-1049-thread-1] INFO  server.RaftServer$Division (RaftServerImpl.java:setRole(284)) - bc98b27f-878f-4dad-a502-417d70977e4e@group-507EAFB998CB: changes role from      null to FOLLOWER at term 0 for startAsFollower
2021-03-08 02:05:15,462 [pool-1049-thread-1] INFO  impl.RoleInfo (RoleInfo.java:updateAndGet(130)) - bc98b27f-878f-4dad-a502-417d70977e4e: start bc98b27f-878f-4dad-a502-417d70977e4e@group-507EAFB998CB-FollowerState
2021-03-08 02:05:15,462 [pool-1049-thread-1] INFO  util.JmxRegister (JmxRegister.java:tryRegister(44)) - Successfully registered JMX Bean with object name Ratis:service=RaftServer,group=group-507EAFB998CB,id=bc98b27f-878f-4dad-a502-417d70977e4e
2021-03-08 02:05:15,462 [pool-1049-thread-1] INFO  metrics.RatisMetrics (RatisMetrics.java:lambda$create$0(36)) - Creating Metrics Registry : ratis.state_machine.bc98b27f-878f-4dad-a502-417d70977e4e@group-507EAFB998CB
2021-03-08 02:05:15,462 [pool-1033-thread-1] INFO  storage.RaftStorageDirectory (RaftStorageDirectoryImpl.java:tryLock(215)) - Lock on /github/workspace/mnt/ozone/hadoop-ozone/integration-test/target/test-dir/MiniOzoneClusterImpl-ccaa8949-4e5a-4858-a1f5-413699190f1a/datanode-1/data/ratis/a1d313e4-a7f2-45da-8a16-37db1fa48e92/in_use.lock acquired by nodename 32215@55665278a03a
2021-03-08 02:05:15,463 [pool-1033-thread-1] INFO  storage.RaftStorage (RaftStorageImpl.java:format(87)) - Storage directory /github/workspace/mnt/ozone/hadoop-ozone/integration-test/target/test-dir/MiniOzoneClusterImpl-ccaa8949-4e5a-4858-a1f5-413699190f1a/datanode-1/data/ratis/a1d313e4-a7f2-45da-8a16-37db1fa48e92 has been successfully formatted.
2021-03-08 02:05:15,463 [pool-1033-thread-1] INFO  ratis.ContainerStateMachine (ContainerStateMachine.java:loadSnapshot(223)) - group-37DB1FA48E92: The snapshot info is null. Setting the last applied indexto:(t:0, i:~)
2021-03-08 02:05:15,464 [pool-1033-thread-1] ERROR storage.RaftStorage (RaftStorageImpl.java:readRaftConfiguration(147)) - Failed reading configuration from file:/github/workspace/mnt/ozone/hadoop-ozone/integration-test/target/test-dir/MiniOzoneClusterImpl-ccaa8949-4e5a-4858-a1f5-413699190f1a/datanode-1/data/ratis/a1d313e4-a7f2-45da-8a16-37db1fa48e92/current/raft-meta.conf
java.io.FileNotFoundException: /github/workspace/mnt/ozone/hadoop-ozone/integration-test/target/test-dir/MiniOzoneClusterImpl-ccaa8949-4e5a-4858-a1f5-413699190f1a/datanode-1/data/ratis/a1d313e4-a7f2-45da-8a16-37db1fa48e92/current/raft-meta.conf (No such file or directory)
	at java.io.FileInputStream.open0(Native Method)
	at java.io.FileInputStream.open(FileInputStream.java:195)
	at java.io.FileInputStream.<init>(FileInputStream.java:138)
	at org.apache.ratis.server.storage.RaftStorageImpl.readRaftConfiguration(RaftStorageImpl.java:143)
	at org.apache.ratis.server.impl.ServerState.<init>(ServerState.java:122)
	at org.apache.ratis.server.impl.RaftServerImpl.<init>(RaftServerImpl.java:193)
	at org.apache.ratis.server.impl.RaftServerProxy.lambda$newRaftServerImpl$4(RaftServerProxy.java:266)
	at java.util.concurrent.CompletableFuture$AsyncSupply.run(CompletableFuture.java:1604)
	at java.util.concurrent.ThreadPoolExecutor.runWorker(ThreadPoolExecutor.java:1149)
	at java.util.concurrent.ThreadPoolExecutor$Worker.run(ThreadPoolExecutor.java:624)
	at java.lang.Thread.run(Thread.java:748)
2021-03-08 02:05:15,464 [pool-1033-thread-1] INFO  server.RaftServerConfigKeys (ConfUtils.java:logGet(44)) - raft.server.notification.no-leader.timeout = 300000ms (custom)
2021-03-08 02:05:15,464 [pool-1033-thread-1] INFO  server.RaftServerConfigKeys (ConfUtils.java:logGet(44)) - raft.server.log.use.memory = false (default)
2021-03-08 02:05:15,464 [pool-1033-thread-1] INFO  server.RaftServerConfigKeys (ConfUtils.java:logGet(44)) - raft.server.log.purge.gap = 1000000 (custom)
2021-03-08 02:05:15,464 [pool-1033-thread-1] INFO  server.RaftServerConfigKeys (ConfUtils.java:logGet(44)) - raft.server.log.appender.buffer.byte-limit = 33554432 (custom)
2021-03-08 02:05:15,464 [pool-1033-thread-1] INFO  metrics.RatisMetrics (RatisMetrics.java:lambda$create$0(36)) - Creating Metrics Registry : ratis.log_worker.6ba9ab1d-3af3-415d-b63e-d033c6891994@group-37DB1FA48E92
2021-03-08 02:05:15,464 [pool-1033-thread-1] INFO  server.RaftServerConfigKeys (ConfUtils.java:logGet(44)) - raft.server.log.segment.size.max = 1048576 (custom)
2021-03-08 02:05:15,465 [EventQueue-PipelineReportForOneReplicaPipelineSafeModeRule] INFO  safemode.SCMSafeModeManager (SCMSafeModeManager.java:validateSafeModeExitRules(214)) - AtleastOneDatanodeReportedRule rule is successfully validated
2021-03-08 02:05:15,465 [EventQueue-PipelineReportForPipelineReportHandler] INFO  pipeline.PipelineStateManager (PipelineStateManager.java:openPipeline(132)) - Pipeline Pipeline[ Id: a1d313e4-a7f2-45da-8a16-37db1fa48e92, Nodes: 6ba9ab1d-3af3-415d-b63e-d033c6891994{ip: 172.17.0.2, host: 55665278a03a, ports: [REPLICATION=35637, RATIS=33141, RATIS_ADMIN=33141, RATIS_SERVER=33141, STANDALONE=38047], networkLocation: /default-rack, certSerialId: null, persistedOpState: IN_SERVICE, persistedOpStateExpiryEpochSec: 0}, Type:RATIS, Factor:ONE, State:ALLOCATED, leaderId:6ba9ab1d-3af3-415d-b63e-d033c6891994, CreationTimestamp2021-03-08T02:05:12.462Z] moved to OPEN state
2021-03-08 02:05:15,466 [EventQueue-OpenPipelineForHealthyPipelineSafeModeRule] INFO  safemode.SCMSafeModeManager (HealthyPipelineSafeModeRule.java:process(128)) - SCM in safe mode. Healthy pipelines reported count is 0, required healthy pipeline reported count is 1
2021-03-08 02:05:15,468 [pool-1033-thread-1] INFO  server.RaftServerConfigKeys (ConfUtils.java:logGet(44)) - raft.server.log.segment.cache.num.max = 2 (custom)
2021-03-08 02:05:15,468 [pool-1033-thread-1] INFO  server.RaftServerConfigKeys (ConfUtils.java:logGet(44)) - raft.server.log.segment.cache.size.max = 200MB (=209715200) (default)
2021-03-08 02:05:15,468 [pool-1033-thread-1] INFO  segmented.SegmentedRaftLogWorker (SegmentedRaftLogWorker.java:<init>(181)) - new 6ba9ab1d-3af3-415d-b63e-d033c6891994@group-37DB1FA48E92-SegmentedRaftLogWorker for RaftStorageImpl:Storage Directory /github/workspace/mnt/ozone/hadoop-ozone/integration-test/target/test-dir/MiniOzoneClusterImpl-ccaa8949-4e5a-4858-a1f5-413699190f1a/datanode-1/data/ratis/a1d313e4-a7f2-45da-8a16-37db1fa48e92
2021-03-08 02:05:15,468 [pool-1033-thread-1] INFO  server.RaftServerConfigKeys (ConfUtils.java:logGet(44)) - raft.server.log.queue.byte-limit = 2147483647 (custom)
2021-03-08 02:05:15,468 [pool-1033-thread-1] INFO  server.RaftServerConfigKeys (ConfUtils.java:logGet(44)) - raft.server.log.queue.element-limit = 1024 (custom)
2021-03-08 02:05:15,468 [pool-1033-thread-1] INFO  server.RaftServerConfigKeys (ConfUtils.java:logGet(44)) - raft.server.log.segment.size.max = 1048576 (custom)
2021-03-08 02:05:15,468 [pool-1033-thread-1] INFO  server.RaftServerConfigKeys (ConfUtils.java:logGet(44)) - raft.server.log.preallocated.size = 16384 (custom)
2021-03-08 02:05:15,468 [pool-1033-thread-1] INFO  server.RaftServerConfigKeys (ConfUtils.java:logGet(44)) - raft.server.log.force.sync.num = 128 (default)
2021-03-08 02:05:15,468 [pool-1033-thread-1] INFO  server.RaftServerConfigKeys (ConfUtils.java:logGet(44)) - raft.server.log.statemachine.data.sync = true (default)
2021-03-08 02:05:15,469 [pool-1033-thread-1] INFO  server.RaftServerConfigKeys (ConfUtils.java:logGet(44)) - raft.server.log.statemachine.data.sync.timeout = 10s (default)
2021-03-08 02:05:15,469 [pool-1033-thread-1] INFO  server.RaftServerConfigKeys (ConfUtils.java:logGet(44)) - raft.server.log.statemachine.data.sync.timeout.retry = -1 (default)
2021-03-08 02:05:15,469 [Command processor thread] INFO  commandhandler.CreatePipelineCommandHandler (CreatePipelineCommandHandler.java:handle(106)) - Created Pipeline RATIS THREE PipelineID=314f1900-63e8-41f8-9152-507eafb998cb.
2021-03-08 02:05:15,471 [pool-1033-thread-1] INFO  server.RaftServerConfigKeys (ConfUtils.java:logGet(44)) - raft.server.log.write.buffer.size = 1048576 (custom)
2021-03-08 02:05:15,472 [pool-1033-thread-1] INFO  server.RaftServerConfigKeys (ConfUtils.java:logGet(44)) - raft.server.log.statemachine.data.caching.enabled = true (custom)
2021-03-08 02:05:15,472 [pool-1033-thread-1] INFO  segmented.SegmentedRaftLogWorker (SegmentedRaftLogWorker.java:lambda$new$0(132)) - 6ba9ab1d-3af3-415d-b63e-d033c6891994@group-37DB1FA48E92-SegmentedRaftLogWorker: flushIndex: setUnconditionally 0 -> -1
2021-03-08 02:05:15,472 [pool-1033-thread-1] INFO  segmented.SegmentedRaftLogWorker (SegmentedRaftLogWorker.java:lambda$new$0(132)) - 6ba9ab1d-3af3-415d-b63e-d033c6891994@group-37DB1FA48E92-SegmentedRaftLogWorker: safeCacheEvictIndex: setUnconditionally 0 -> -1
2021-03-08 02:05:15,472 [pool-1033-thread-1] INFO  server.RaftServerConfigKeys (ConfUtils.java:logGet(44)) - raft.server.snapshot.auto.trigger.enabled = true (custom)
2021-03-08 02:05:15,472 [pool-1033-thread-1] INFO  server.RaftServerConfigKeys (ConfUtils.java:logGet(44)) - raft.server.snapshot.auto.trigger.threshold = 10000 (custom)
2021-03-08 02:05:15,472 [pool-1033-thread-1] INFO  server.RaftServerConfigKeys (ConfUtils.java:logGet(44)) - raft.server.snapshot.retention.file.num = 5 (custom)
2021-03-08 02:05:15,472 [pool-1033-thread-1] INFO  server.RaftServerConfigKeys (ConfUtils.java:logGet(44)) - raft.server.log.purge.upto.snapshot.index = false (default)
2021-03-08 02:05:15,472 [pool-1033-thread-1] INFO  server.RaftServerConfigKeys (ConfUtils.java:logGet(44)) - raft.server.retrycache.expirytime = 600000ms (custom)
2021-03-08 02:05:15,472 [pool-1033-thread-1] INFO  server.RaftServerConfigKeys (ConfUtils.java:logGet(44)) - raft.server.retrycache.statistics.expirytime = 100?s (default)
2021-03-08 02:05:15,472 [pool-1033-thread-1] INFO  metrics.RatisMetrics (RatisMetrics.java:lambda$create$0(36)) - Creating Metrics Registry : ratis.leader_election.6ba9ab1d-3af3-415d-b63e-d033c6891994@group-37DB1FA48E92
2021-03-08 02:05:15,474 [pool-1033-thread-1] INFO  metrics.RatisMetrics (RatisMetrics.java:lambda$create$0(36)) - Creating Metrics Registry : ratis.server.6ba9ab1d-3af3-415d-b63e-d033c6891994@group-37DB1FA48E92
2021-03-08 02:05:15,476 [pool-1033-thread-1] INFO  server.RaftServer$Division (RaftServerImpl.java:start(295)) - 6ba9ab1d-3af3-415d-b63e-d033c6891994@group-37DB1FA48E92: start as a follower, conf=-1: [6ba9ab1d-3af3-415d-b63e-d033c6891994|rpc:172.17.0.2:33141|priority:1], old=null
2021-03-08 02:05:15,476 [pool-1033-thread-1] INFO  server.RaftServer$Division (RaftServerImpl.java:setRole(284)) - 6ba9ab1d-3af3-415d-b63e-d033c6891994@group-37DB1FA48E92: changes role from      null to FOLLOWER at term 0 for startAsFollower
2021-03-08 02:05:15,476 [pool-1033-thread-1] INFO  impl.RoleInfo (RoleInfo.java:updateAndGet(130)) - 6ba9ab1d-3af3-415d-b63e-d033c6891994: start 6ba9ab1d-3af3-415d-b63e-d033c6891994@group-37DB1FA48E92-FollowerState
2021-03-08 02:05:15,476 [pool-1033-thread-1] INFO  util.JmxRegister (JmxRegister.java:tryRegister(44)) - Successfully registered JMX Bean with object name Ratis:service=RaftServer,group=group-37DB1FA48E92,id=6ba9ab1d-3af3-415d-b63e-d033c6891994
2021-03-08 02:05:15,476 [pool-1033-thread-1] INFO  metrics.RatisMetrics (RatisMetrics.java:lambda$create$0(36)) - Creating Metrics Registry : ratis.state_machine.6ba9ab1d-3af3-415d-b63e-d033c6891994@group-37DB1FA48E92
2021-03-08 02:05:15,477 [Command processor thread] INFO  commandhandler.CreatePipelineCommandHandler (CreatePipelineCommandHandler.java:handle(106)) - Created Pipeline RATIS ONE PipelineID=a1d313e4-a7f2-45da-8a16-37db1fa48e92.
2021-03-08 02:05:15,543 [Listener at 127.0.0.1/34517] INFO  ozone.MiniOzoneClusterImpl (MiniOzoneClusterImpl.java:lambda$waitForClusterToBeReady$0(187)) - Nodes are ready. Got 7 of 7 DN Heartbeats.
2021-03-08 02:05:15,543 [Listener at 127.0.0.1/34517] INFO  ozone.MiniOzoneClusterImpl (MiniOzoneClusterImpl.java:lambda$waitForClusterToBeReady$0(190)) - Waiting for cluster to exit safe mode
2021-03-08 02:05:15,676 [Command processor thread] INFO  server.RaftServer (RaftServerProxy.java:addNew(95)) - bc98b27f-878f-4dad-a502-417d70977e4e: addNew group-61A0E12BB9B8:[bc98b27f-878f-4dad-a502-417d70977e4e|rpc:172.17.0.2:44359|priority:1] returns group-61A0E12BB9B8:java.util.concurrent.CompletableFuture@30ddca16[Not completed]
2021-03-08 02:05:15,677 [pool-1049-thread-1] INFO  server.RaftServer$Division (RaftServerImpl.java:<init>(180)) - bc98b27f-878f-4dad-a502-417d70977e4e: new RaftServerImpl for group-61A0E12BB9B8:[bc98b27f-878f-4dad-a502-417d70977e4e|rpc:172.17.0.2:44359|priority:1] with ContainerStateMachine:uninitialized
2021-03-08 02:05:15,677 [pool-1049-thread-1] INFO  server.RaftServerConfigKeys (ConfUtils.java:logGet(44)) - raft.server.rpc.timeout.min = 5s (custom)
2021-03-08 02:05:15,677 [pool-1049-thread-1] INFO  server.RaftServerConfigKeys (ConfUtils.java:logGet(44)) - raft.server.rpc.timeout.max = 5200ms (custom)
2021-03-08 02:05:15,677 [pool-1049-thread-1] INFO  server.RaftServerConfigKeys (ConfUtils.java:logGet(44)) - raft.server.rpc.sleep.time = 25ms (default)
2021-03-08 02:05:15,677 [pool-1049-thread-1] INFO  server.RaftServerConfigKeys (ConfUtils.java:logGet(44)) - raft.server.rpc.slowness.timeout = 300000ms (custom)
2021-03-08 02:05:15,677 [pool-1049-thread-1] INFO  server.RaftServerConfigKeys (ConfUtils.java:logGet(44)) - raft.server.leaderelection.leader.step-down.wait-time = 10s (default)
2021-03-08 02:05:15,677 [pool-1049-thread-1] INFO  server.RaftServerConfigKeys (ConfUtils.java:logGet(44)) - raft.server.sleep.deviation.threshold = 300ms (default)
2021-03-08 02:05:15,677 [pool-1049-thread-1] INFO  server.RaftServerConfigKeys (ConfUtils.java:logGet(44)) - raft.server.log.appender.install.snapshot.enabled = false (custom)
2021-03-08 02:05:15,677 [pool-1049-thread-1] INFO  server.RaftServer$Division (ServerState.java:<init>(105)) - bc98b27f-878f-4dad-a502-417d70977e4e@group-61A0E12BB9B8: ConfigurationManager, init=-1: [bc98b27f-878f-4dad-a502-417d70977e4e|rpc:172.17.0.2:44359|priority:1], old=null, confs=<EMPTY_MAP>
2021-03-08 02:05:15,678 [pool-1049-thread-1] INFO  server.RaftServerConfigKeys (ConfUtils.java:logGet(44)) - raft.server.storage.dir = [/github/workspace/mnt/ozone/hadoop-ozone/integration-test/target/test-dir/MiniOzoneClusterImpl-ccaa8949-4e5a-4858-a1f5-413699190f1a/datanode-2/data/ratis] (custom)
2021-03-08 02:05:15,678 [pool-1049-thread-1] INFO  server.RaftServerConfigKeys (ConfUtils.java:logGet(44)) - raft.server.log.corruption.policy = EXCEPTION (default)
2021-03-08 02:05:15,678 [pool-1049-thread-1] INFO  storage.RaftStorageDirectory (RaftStorageDirectoryImpl.java:analyzeStorage(132)) - The storage directory /github/workspace/mnt/ozone/hadoop-ozone/integration-test/target/test-dir/MiniOzoneClusterImpl-ccaa8949-4e5a-4858-a1f5-413699190f1a/datanode-2/data/ratis/9fdad4c3-8ee3-4c35-9938-61a0e12bb9b8 does not exist. Creating ...
2021-03-08 02:05:15,679 [pool-1049-thread-1] INFO  storage.RaftStorageDirectory (RaftStorageDirectoryImpl.java:tryLock(215)) - Lock on /github/workspace/mnt/ozone/hadoop-ozone/integration-test/target/test-dir/MiniOzoneClusterImpl-ccaa8949-4e5a-4858-a1f5-413699190f1a/datanode-2/data/ratis/9fdad4c3-8ee3-4c35-9938-61a0e12bb9b8/in_use.lock acquired by nodename 32215@55665278a03a
2021-03-08 02:05:15,680 [pool-1049-thread-1] INFO  storage.RaftStorage (RaftStorageImpl.java:format(87)) - Storage directory /github/workspace/mnt/ozone/hadoop-ozone/integration-test/target/test-dir/MiniOzoneClusterImpl-ccaa8949-4e5a-4858-a1f5-413699190f1a/datanode-2/data/ratis/9fdad4c3-8ee3-4c35-9938-61a0e12bb9b8 has been successfully formatted.
2021-03-08 02:05:15,680 [pool-1049-thread-1] INFO  ratis.ContainerStateMachine (ContainerStateMachine.java:loadSnapshot(223)) - group-61A0E12BB9B8: The snapshot info is null. Setting the last applied indexto:(t:0, i:~)
2021-03-08 02:05:15,681 [pool-1049-thread-1] ERROR storage.RaftStorage (RaftStorageImpl.java:readRaftConfiguration(147)) - Failed reading configuration from file:/github/workspace/mnt/ozone/hadoop-ozone/integration-test/target/test-dir/MiniOzoneClusterImpl-ccaa8949-4e5a-4858-a1f5-413699190f1a/datanode-2/data/ratis/9fdad4c3-8ee3-4c35-9938-61a0e12bb9b8/current/raft-meta.conf
java.io.FileNotFoundException: /github/workspace/mnt/ozone/hadoop-ozone/integration-test/target/test-dir/MiniOzoneClusterImpl-ccaa8949-4e5a-4858-a1f5-413699190f1a/datanode-2/data/ratis/9fdad4c3-8ee3-4c35-9938-61a0e12bb9b8/current/raft-meta.conf (No such file or directory)
	at java.io.FileInputStream.open0(Native Method)
	at java.io.FileInputStream.open(FileInputStream.java:195)
	at java.io.FileInputStream.<init>(FileInputStream.java:138)
	at org.apache.ratis.server.storage.RaftStorageImpl.readRaftConfiguration(RaftStorageImpl.java:143)
	at org.apache.ratis.server.impl.ServerState.<init>(ServerState.java:122)
	at org.apache.ratis.server.impl.RaftServerImpl.<init>(RaftServerImpl.java:193)
	at org.apache.ratis.server.impl.RaftServerProxy.lambda$newRaftServerImpl$4(RaftServerProxy.java:266)
	at java.util.concurrent.CompletableFuture$AsyncSupply.run(CompletableFuture.java:1604)
	at java.util.concurrent.ThreadPoolExecutor.runWorker(ThreadPoolExecutor.java:1149)
	at java.util.concurrent.ThreadPoolExecutor$Worker.run(ThreadPoolExecutor.java:624)
	at java.lang.Thread.run(Thread.java:748)
2021-03-08 02:05:15,681 [pool-1049-thread-1] INFO  server.RaftServerConfigKeys (ConfUtils.java:logGet(44)) - raft.server.notification.no-leader.timeout = 300000ms (custom)
2021-03-08 02:05:15,681 [pool-1049-thread-1] INFO  server.RaftServerConfigKeys (ConfUtils.java:logGet(44)) - raft.server.log.use.memory = false (default)
2021-03-08 02:05:15,681 [pool-1049-thread-1] INFO  server.RaftServerConfigKeys (ConfUtils.java:logGet(44)) - raft.server.log.purge.gap = 1000000 (custom)
2021-03-08 02:05:15,681 [EventQueue-PipelineReportForOneReplicaPipelineSafeModeRule] INFO  safemode.SCMSafeModeManager (SCMSafeModeManager.java:validateSafeModeExitRules(214)) - AtleastOneDatanodeReportedRule rule is successfully validated
2021-03-08 02:05:15,681 [pool-1049-thread-1] INFO  server.RaftServerConfigKeys (ConfUtils.java:logGet(44)) - raft.server.log.appender.buffer.byte-limit = 33554432 (custom)
2021-03-08 02:05:15,681 [EventQueue-PipelineReportForPipelineReportHandler] INFO  pipeline.PipelineStateManager (PipelineStateManager.java:openPipeline(132)) - Pipeline Pipeline[ Id: 9fdad4c3-8ee3-4c35-9938-61a0e12bb9b8, Nodes: bc98b27f-878f-4dad-a502-417d70977e4e{ip: 172.17.0.2, host: 55665278a03a, ports: [REPLICATION=42419, RATIS=44359, RATIS_ADMIN=44359, RATIS_SERVER=44359, STANDALONE=33229], networkLocation: /default-rack, certSerialId: null, persistedOpState: IN_SERVICE, persistedOpStateExpiryEpochSec: 0}, Type:RATIS, Factor:ONE, State:ALLOCATED, leaderId:bc98b27f-878f-4dad-a502-417d70977e4e, CreationTimestamp2021-03-08T02:05:12.678Z] moved to OPEN state
2021-03-08 02:05:15,681 [pool-1049-thread-1] INFO  metrics.RatisMetrics (RatisMetrics.java:lambda$create$0(36)) - Creating Metrics Registry : ratis.log_worker.bc98b27f-878f-4dad-a502-417d70977e4e@group-61A0E12BB9B8
2021-03-08 02:05:15,681 [EventQueue-OpenPipelineForHealthyPipelineSafeModeRule] INFO  safemode.SCMSafeModeManager (HealthyPipelineSafeModeRule.java:process(128)) - SCM in safe mode. Healthy pipelines reported count is 0, required healthy pipeline reported count is 1
2021-03-08 02:05:15,682 [pool-1049-thread-1] INFO  server.RaftServerConfigKeys (ConfUtils.java:logGet(44)) - raft.server.log.segment.size.max = 1048576 (custom)
2021-03-08 02:05:15,683 [pool-1049-thread-1] INFO  server.RaftServerConfigKeys (ConfUtils.java:logGet(44)) - raft.server.log.segment.cache.num.max = 2 (custom)
2021-03-08 02:05:15,683 [pool-1049-thread-1] INFO  server.RaftServerConfigKeys (ConfUtils.java:logGet(44)) - raft.server.log.segment.cache.size.max = 200MB (=209715200) (default)
2021-03-08 02:05:15,683 [pool-1049-thread-1] INFO  segmented.SegmentedRaftLogWorker (SegmentedRaftLogWorker.java:<init>(181)) - new bc98b27f-878f-4dad-a502-417d70977e4e@group-61A0E12BB9B8-SegmentedRaftLogWorker for RaftStorageImpl:Storage Directory /github/workspace/mnt/ozone/hadoop-ozone/integration-test/target/test-dir/MiniOzoneClusterImpl-ccaa8949-4e5a-4858-a1f5-413699190f1a/datanode-2/data/ratis/9fdad4c3-8ee3-4c35-9938-61a0e12bb9b8
2021-03-08 02:05:15,683 [pool-1049-thread-1] INFO  server.RaftServerConfigKeys (ConfUtils.java:logGet(44)) - raft.server.log.queue.byte-limit = 2147483647 (custom)
2021-03-08 02:05:15,683 [pool-1049-thread-1] INFO  server.RaftServerConfigKeys (ConfUtils.java:logGet(44)) - raft.server.log.queue.element-limit = 1024 (custom)
2021-03-08 02:05:15,683 [pool-1049-thread-1] INFO  server.RaftServerConfigKeys (ConfUtils.java:logGet(44)) - raft.server.log.segment.size.max = 1048576 (custom)
2021-03-08 02:05:15,683 [pool-1049-thread-1] INFO  server.RaftServerConfigKeys (ConfUtils.java:logGet(44)) - raft.server.log.preallocated.size = 16384 (custom)
2021-03-08 02:05:15,683 [pool-1049-thread-1] INFO  server.RaftServerConfigKeys (ConfUtils.java:logGet(44)) - raft.server.log.force.sync.num = 128 (default)
2021-03-08 02:05:15,683 [pool-1049-thread-1] INFO  server.RaftServerConfigKeys (ConfUtils.java:logGet(44)) - raft.server.log.statemachine.data.sync = true (default)
2021-03-08 02:05:15,683 [pool-1049-thread-1] INFO  server.RaftServerConfigKeys (ConfUtils.java:logGet(44)) - raft.server.log.statemachine.data.sync.timeout = 10s (default)
2021-03-08 02:05:15,684 [pool-1049-thread-1] INFO  server.RaftServerConfigKeys (ConfUtils.java:logGet(44)) - raft.server.log.statemachine.data.sync.timeout.retry = -1 (default)
2021-03-08 02:05:15,686 [pool-1049-thread-1] INFO  server.RaftServerConfigKeys (ConfUtils.java:logGet(44)) - raft.server.log.write.buffer.size = 1048576 (custom)
2021-03-08 02:05:15,687 [pool-1049-thread-1] INFO  server.RaftServerConfigKeys (ConfUtils.java:logGet(44)) - raft.server.log.statemachine.data.caching.enabled = true (custom)
2021-03-08 02:05:15,687 [pool-1049-thread-1] INFO  segmented.SegmentedRaftLogWorker (SegmentedRaftLogWorker.java:lambda$new$0(132)) - bc98b27f-878f-4dad-a502-417d70977e4e@group-61A0E12BB9B8-SegmentedRaftLogWorker: flushIndex: setUnconditionally 0 -> -1
2021-03-08 02:05:15,687 [pool-1049-thread-1] INFO  segmented.SegmentedRaftLogWorker (SegmentedRaftLogWorker.java:lambda$new$0(132)) - bc98b27f-878f-4dad-a502-417d70977e4e@group-61A0E12BB9B8-SegmentedRaftLogWorker: safeCacheEvictIndex: setUnconditionally 0 -> -1
2021-03-08 02:05:15,687 [pool-1049-thread-1] INFO  server.RaftServerConfigKeys (ConfUtils.java:logGet(44)) - raft.server.snapshot.auto.trigger.enabled = true (custom)
2021-03-08 02:05:15,688 [pool-1049-thread-1] INFO  server.RaftServerConfigKeys (ConfUtils.java:logGet(44)) - raft.server.snapshot.auto.trigger.threshold = 10000 (custom)
2021-03-08 02:05:15,688 [pool-1049-thread-1] INFO  server.RaftServerConfigKeys (ConfUtils.java:logGet(44)) - raft.server.snapshot.retention.file.num = 5 (custom)
2021-03-08 02:05:15,688 [pool-1049-thread-1] INFO  server.RaftServerConfigKeys (ConfUtils.java:logGet(44)) - raft.server.log.purge.upto.snapshot.index = false (default)
2021-03-08 02:05:15,688 [pool-1049-thread-1] INFO  server.RaftServerConfigKeys (ConfUtils.java:logGet(44)) - raft.server.retrycache.expirytime = 600000ms (custom)
2021-03-08 02:05:15,688 [pool-1049-thread-1] INFO  server.RaftServerConfigKeys (ConfUtils.java:logGet(44)) - raft.server.retrycache.statistics.expirytime = 100?s (default)
2021-03-08 02:05:15,688 [pool-1049-thread-1] INFO  metrics.RatisMetrics (RatisMetrics.java:lambda$create$0(36)) - Creating Metrics Registry : ratis.leader_election.bc98b27f-878f-4dad-a502-417d70977e4e@group-61A0E12BB9B8
2021-03-08 02:05:15,689 [pool-1049-thread-1] INFO  metrics.RatisMetrics (RatisMetrics.java:lambda$create$0(36)) - Creating Metrics Registry : ratis.server.bc98b27f-878f-4dad-a502-417d70977e4e@group-61A0E12BB9B8
2021-03-08 02:05:15,691 [pool-1049-thread-1] INFO  server.RaftServer$Division (RaftServerImpl.java:start(295)) - bc98b27f-878f-4dad-a502-417d70977e4e@group-61A0E12BB9B8: start as a follower, conf=-1: [bc98b27f-878f-4dad-a502-417d70977e4e|rpc:172.17.0.2:44359|priority:1], old=null
2021-03-08 02:05:15,691 [pool-1049-thread-1] INFO  server.RaftServer$Division (RaftServerImpl.java:setRole(284)) - bc98b27f-878f-4dad-a502-417d70977e4e@group-61A0E12BB9B8: changes role from      null to FOLLOWER at term 0 for startAsFollower
2021-03-08 02:05:15,691 [pool-1049-thread-1] INFO  impl.RoleInfo (RoleInfo.java:updateAndGet(130)) - bc98b27f-878f-4dad-a502-417d70977e4e: start bc98b27f-878f-4dad-a502-417d70977e4e@group-61A0E12BB9B8-FollowerState
2021-03-08 02:05:15,692 [pool-1049-thread-1] INFO  util.JmxRegister (JmxRegister.java:tryRegister(44)) - Successfully registered JMX Bean with object name Ratis:service=RaftServer,group=group-61A0E12BB9B8,id=bc98b27f-878f-4dad-a502-417d70977e4e
2021-03-08 02:05:15,692 [pool-1049-thread-1] INFO  metrics.RatisMetrics (RatisMetrics.java:lambda$create$0(36)) - Creating Metrics Registry : ratis.state_machine.bc98b27f-878f-4dad-a502-417d70977e4e@group-61A0E12BB9B8
2021-03-08 02:05:15,693 [Command processor thread] INFO  commandhandler.CreatePipelineCommandHandler (CreatePipelineCommandHandler.java:handle(106)) - Created Pipeline RATIS ONE PipelineID=9fdad4c3-8ee3-4c35-9938-61a0e12bb9b8.
2021-03-08 02:05:15,878 [Command processor thread] INFO  server.RaftServer (RaftServerProxy.java:addNew(95)) - 2e2b7c4f-1fa0-4360-84eb-5aea739d5e5f: addNew group-B7590C117875:[2e2b7c4f-1fa0-4360-84eb-5aea739d5e5f|rpc:172.17.0.2:45357|priority:1] returns group-B7590C117875:java.util.concurrent.CompletableFuture@69761f9f[Not completed]
2021-03-08 02:05:15,879 [pool-1065-thread-1] INFO  server.RaftServer$Division (RaftServerImpl.java:<init>(180)) - 2e2b7c4f-1fa0-4360-84eb-5aea739d5e5f: new RaftServerImpl for group-B7590C117875:[2e2b7c4f-1fa0-4360-84eb-5aea739d5e5f|rpc:172.17.0.2:45357|priority:1] with ContainerStateMachine:uninitialized
2021-03-08 02:05:15,879 [pool-1065-thread-1] INFO  server.RaftServerConfigKeys (ConfUtils.java:logGet(44)) - raft.server.rpc.timeout.min = 5s (custom)
2021-03-08 02:05:15,879 [pool-1065-thread-1] INFO  server.RaftServerConfigKeys (ConfUtils.java:logGet(44)) - raft.server.rpc.timeout.max = 5200ms (custom)
2021-03-08 02:05:15,879 [pool-1065-thread-1] INFO  server.RaftServerConfigKeys (ConfUtils.java:logGet(44)) - raft.server.rpc.sleep.time = 25ms (default)
2021-03-08 02:05:15,879 [pool-1065-thread-1] INFO  server.RaftServerConfigKeys (ConfUtils.java:logGet(44)) - raft.server.rpc.slowness.timeout = 300000ms (custom)
2021-03-08 02:05:15,879 [pool-1065-thread-1] INFO  server.RaftServerConfigKeys (ConfUtils.java:logGet(44)) - raft.server.leaderelection.leader.step-down.wait-time = 10s (default)
2021-03-08 02:05:15,879 [pool-1065-thread-1] INFO  server.RaftServerConfigKeys (ConfUtils.java:logGet(44)) - raft.server.sleep.deviation.threshold = 300ms (default)
2021-03-08 02:05:15,879 [pool-1065-thread-1] INFO  server.RaftServerConfigKeys (ConfUtils.java:logGet(44)) - raft.server.log.appender.install.snapshot.enabled = false (custom)
2021-03-08 02:05:15,879 [pool-1065-thread-1] INFO  server.RaftServer$Division (ServerState.java:<init>(105)) - 2e2b7c4f-1fa0-4360-84eb-5aea739d5e5f@group-B7590C117875: ConfigurationManager, init=-1: [2e2b7c4f-1fa0-4360-84eb-5aea739d5e5f|rpc:172.17.0.2:45357|priority:1], old=null, confs=<EMPTY_MAP>
2021-03-08 02:05:15,880 [pool-1065-thread-1] INFO  server.RaftServerConfigKeys (ConfUtils.java:logGet(44)) - raft.server.storage.dir = [/github/workspace/mnt/ozone/hadoop-ozone/integration-test/target/test-dir/MiniOzoneClusterImpl-ccaa8949-4e5a-4858-a1f5-413699190f1a/datanode-3/data/ratis] (custom)
2021-03-08 02:05:15,880 [pool-1065-thread-1] INFO  server.RaftServerConfigKeys (ConfUtils.java:logGet(44)) - raft.server.log.corruption.policy = EXCEPTION (default)
2021-03-08 02:05:15,880 [pool-1065-thread-1] INFO  storage.RaftStorageDirectory (RaftStorageDirectoryImpl.java:analyzeStorage(132)) - The storage directory /github/workspace/mnt/ozone/hadoop-ozone/integration-test/target/test-dir/MiniOzoneClusterImpl-ccaa8949-4e5a-4858-a1f5-413699190f1a/datanode-3/data/ratis/c2ed5ddc-6e6d-4193-bfc4-b7590c117875 does not exist. Creating ...
2021-03-08 02:05:15,881 [pool-1065-thread-1] INFO  storage.RaftStorageDirectory (RaftStorageDirectoryImpl.java:tryLock(215)) - Lock on /github/workspace/mnt/ozone/hadoop-ozone/integration-test/target/test-dir/MiniOzoneClusterImpl-ccaa8949-4e5a-4858-a1f5-413699190f1a/datanode-3/data/ratis/c2ed5ddc-6e6d-4193-bfc4-b7590c117875/in_use.lock acquired by nodename 32215@55665278a03a
2021-03-08 02:05:15,883 [pool-1065-thread-1] INFO  storage.RaftStorage (RaftStorageImpl.java:format(87)) - Storage directory /github/workspace/mnt/ozone/hadoop-ozone/integration-test/target/test-dir/MiniOzoneClusterImpl-ccaa8949-4e5a-4858-a1f5-413699190f1a/datanode-3/data/ratis/c2ed5ddc-6e6d-4193-bfc4-b7590c117875 has been successfully formatted.
2021-03-08 02:05:15,883 [pool-1065-thread-1] INFO  ratis.ContainerStateMachine (ContainerStateMachine.java:loadSnapshot(223)) - group-B7590C117875: The snapshot info is null. Setting the last applied indexto:(t:0, i:~)
2021-03-08 02:05:15,883 [pool-1065-thread-1] ERROR storage.RaftStorage (RaftStorageImpl.java:readRaftConfiguration(147)) - Failed reading configuration from file:/github/workspace/mnt/ozone/hadoop-ozone/integration-test/target/test-dir/MiniOzoneClusterImpl-ccaa8949-4e5a-4858-a1f5-413699190f1a/datanode-3/data/ratis/c2ed5ddc-6e6d-4193-bfc4-b7590c117875/current/raft-meta.conf
java.io.FileNotFoundException: /github/workspace/mnt/ozone/hadoop-ozone/integration-test/target/test-dir/MiniOzoneClusterImpl-ccaa8949-4e5a-4858-a1f5-413699190f1a/datanode-3/data/ratis/c2ed5ddc-6e6d-4193-bfc4-b7590c117875/current/raft-meta.conf (No such file or directory)
	at java.io.FileInputStream.open0(Native Method)
	at java.io.FileInputStream.open(FileInputStream.java:195)
	at java.io.FileInputStream.<init>(FileInputStream.java:138)
	at org.apache.ratis.server.storage.RaftStorageImpl.readRaftConfiguration(RaftStorageImpl.java:143)
	at org.apache.ratis.server.impl.ServerState.<init>(ServerState.java:122)
	at org.apache.ratis.server.impl.RaftServerImpl.<init>(RaftServerImpl.java:193)
	at org.apache.ratis.server.impl.RaftServerProxy.lambda$newRaftServerImpl$4(RaftServerProxy.java:266)
	at java.util.concurrent.CompletableFuture$AsyncSupply.run(CompletableFuture.java:1604)
	at java.util.concurrent.ThreadPoolExecutor.runWorker(ThreadPoolExecutor.java:1149)
	at java.util.concurrent.ThreadPoolExecutor$Worker.run(ThreadPoolExecutor.java:624)
	at java.lang.Thread.run(Thread.java:748)
2021-03-08 02:05:15,883 [pool-1065-thread-1] INFO  server.RaftServerConfigKeys (ConfUtils.java:logGet(44)) - raft.server.notification.no-leader.timeout = 300000ms (custom)
2021-03-08 02:05:15,883 [pool-1065-thread-1] INFO  server.RaftServerConfigKeys (ConfUtils.java:logGet(44)) - raft.server.log.use.memory = false (default)
2021-03-08 02:05:15,883 [pool-1065-thread-1] INFO  server.RaftServerConfigKeys (ConfUtils.java:logGet(44)) - raft.server.log.purge.gap = 1000000 (custom)
2021-03-08 02:05:15,883 [EventQueue-PipelineReportForOneReplicaPipelineSafeModeRule] INFO  safemode.SCMSafeModeManager (SCMSafeModeManager.java:validateSafeModeExitRules(214)) - AtleastOneDatanodeReportedRule rule is successfully validated
2021-03-08 02:05:15,884 [EventQueue-PipelineReportForPipelineReportHandler] INFO  pipeline.PipelineStateManager (PipelineStateManager.java:openPipeline(132)) - Pipeline Pipeline[ Id: c2ed5ddc-6e6d-4193-bfc4-b7590c117875, Nodes: 2e2b7c4f-1fa0-4360-84eb-5aea739d5e5f{ip: 172.17.0.2, host: 55665278a03a, ports: [REPLICATION=42473, RATIS=45357, RATIS_ADMIN=45357, RATIS_SERVER=45357, STANDALONE=44021], networkLocation: /default-rack, certSerialId: null, persistedOpState: IN_SERVICE, persistedOpStateExpiryEpochSec: 0}, Type:RATIS, Factor:ONE, State:ALLOCATED, leaderId:2e2b7c4f-1fa0-4360-84eb-5aea739d5e5f, CreationTimestamp2021-03-08T02:05:12.877Z] moved to OPEN state
2021-03-08 02:05:15,884 [EventQueue-OpenPipelineForHealthyPipelineSafeModeRule] INFO  safemode.SCMSafeModeManager (HealthyPipelineSafeModeRule.java:process(128)) - SCM in safe mode. Healthy pipelines reported count is 0, required healthy pipeline reported count is 1
2021-03-08 02:05:15,883 [pool-1065-thread-1] INFO  server.RaftServerConfigKeys (ConfUtils.java:logGet(44)) - raft.server.log.appender.buffer.byte-limit = 33554432 (custom)
2021-03-08 02:05:15,884 [pool-1065-thread-1] INFO  metrics.RatisMetrics (RatisMetrics.java:lambda$create$0(36)) - Creating Metrics Registry : ratis.log_worker.2e2b7c4f-1fa0-4360-84eb-5aea739d5e5f@group-B7590C117875
2021-03-08 02:05:15,885 [pool-1065-thread-1] INFO  server.RaftServerConfigKeys (ConfUtils.java:logGet(44)) - raft.server.log.segment.size.max = 1048576 (custom)
2021-03-08 02:05:15,886 [pool-1065-thread-1] INFO  server.RaftServerConfigKeys (ConfUtils.java:logGet(44)) - raft.server.log.segment.cache.num.max = 2 (custom)
2021-03-08 02:05:15,886 [pool-1065-thread-1] INFO  server.RaftServerConfigKeys (ConfUtils.java:logGet(44)) - raft.server.log.segment.cache.size.max = 200MB (=209715200) (default)
2021-03-08 02:05:15,886 [pool-1065-thread-1] INFO  segmented.SegmentedRaftLogWorker (SegmentedRaftLogWorker.java:<init>(181)) - new 2e2b7c4f-1fa0-4360-84eb-5aea739d5e5f@group-B7590C117875-SegmentedRaftLogWorker for RaftStorageImpl:Storage Directory /github/workspace/mnt/ozone/hadoop-ozone/integration-test/target/test-dir/MiniOzoneClusterImpl-ccaa8949-4e5a-4858-a1f5-413699190f1a/datanode-3/data/ratis/c2ed5ddc-6e6d-4193-bfc4-b7590c117875
2021-03-08 02:05:15,886 [pool-1065-thread-1] INFO  server.RaftServerConfigKeys (ConfUtils.java:logGet(44)) - raft.server.log.queue.byte-limit = 2147483647 (custom)
2021-03-08 02:05:15,886 [pool-1065-thread-1] INFO  server.RaftServerConfigKeys (ConfUtils.java:logGet(44)) - raft.server.log.queue.element-limit = 1024 (custom)
2021-03-08 02:05:15,887 [pool-1065-thread-1] INFO  server.RaftServerConfigKeys (ConfUtils.java:logGet(44)) - raft.server.log.segment.size.max = 1048576 (custom)
2021-03-08 02:05:15,887 [pool-1065-thread-1] INFO  server.RaftServerConfigKeys (ConfUtils.java:logGet(44)) - raft.server.log.preallocated.size = 16384 (custom)
2021-03-08 02:05:15,887 [pool-1065-thread-1] INFO  server.RaftServerConfigKeys (ConfUtils.java:logGet(44)) - raft.server.log.force.sync.num = 128 (default)
2021-03-08 02:05:15,887 [pool-1065-thread-1] INFO  server.RaftServerConfigKeys (ConfUtils.java:logGet(44)) - raft.server.log.statemachine.data.sync = true (default)
2021-03-08 02:05:15,887 [pool-1065-thread-1] INFO  server.RaftServerConfigKeys (ConfUtils.java:logGet(44)) - raft.server.log.statemachine.data.sync.timeout = 10s (default)
2021-03-08 02:05:15,887 [pool-1065-thread-1] INFO  server.RaftServerConfigKeys (ConfUtils.java:logGet(44)) - raft.server.log.statemachine.data.sync.timeout.retry = -1 (default)
2021-03-08 02:05:15,890 [pool-1065-thread-1] INFO  server.RaftServerConfigKeys (ConfUtils.java:logGet(44)) - raft.server.log.write.buffer.size = 1048576 (custom)
2021-03-08 02:05:15,890 [pool-1065-thread-1] INFO  server.RaftServerConfigKeys (ConfUtils.java:logGet(44)) - raft.server.log.statemachine.data.caching.enabled = true (custom)
2021-03-08 02:05:15,890 [pool-1065-thread-1] INFO  segmented.SegmentedRaftLogWorker (SegmentedRaftLogWorker.java:lambda$new$0(132)) - 2e2b7c4f-1fa0-4360-84eb-5aea739d5e5f@group-B7590C117875-SegmentedRaftLogWorker: flushIndex: setUnconditionally 0 -> -1
2021-03-08 02:05:15,890 [pool-1065-thread-1] INFO  segmented.SegmentedRaftLogWorker (SegmentedRaftLogWorker.java:lambda$new$0(132)) - 2e2b7c4f-1fa0-4360-84eb-5aea739d5e5f@group-B7590C117875-SegmentedRaftLogWorker: safeCacheEvictIndex: setUnconditionally 0 -> -1
2021-03-08 02:05:15,891 [pool-1065-thread-1] INFO  server.RaftServerConfigKeys (ConfUtils.java:logGet(44)) - raft.server.snapshot.auto.trigger.enabled = true (custom)
2021-03-08 02:05:15,891 [pool-1065-thread-1] INFO  server.RaftServerConfigKeys (ConfUtils.java:logGet(44)) - raft.server.snapshot.auto.trigger.threshold = 10000 (custom)
2021-03-08 02:05:15,891 [pool-1065-thread-1] INFO  server.RaftServerConfigKeys (ConfUtils.java:logGet(44)) - raft.server.snapshot.retention.file.num = 5 (custom)
2021-03-08 02:05:15,891 [pool-1065-thread-1] INFO  server.RaftServerConfigKeys (ConfUtils.java:logGet(44)) - raft.server.log.purge.upto.snapshot.index = false (default)
2021-03-08 02:05:15,891 [pool-1065-thread-1] INFO  server.RaftServerConfigKeys (ConfUtils.java:logGet(44)) - raft.server.retrycache.expirytime = 600000ms (custom)
2021-03-08 02:05:15,891 [pool-1065-thread-1] INFO  server.RaftServerConfigKeys (ConfUtils.java:logGet(44)) - raft.server.retrycache.statistics.expirytime = 100?s (default)
2021-03-08 02:05:15,891 [pool-1065-thread-1] INFO  metrics.RatisMetrics (RatisMetrics.java:lambda$create$0(36)) - Creating Metrics Registry : ratis.leader_election.2e2b7c4f-1fa0-4360-84eb-5aea739d5e5f@group-B7590C117875
2021-03-08 02:05:15,892 [pool-1065-thread-1] INFO  metrics.RatisMetrics (RatisMetrics.java:lambda$create$0(36)) - Creating Metrics Registry : ratis.server.2e2b7c4f-1fa0-4360-84eb-5aea739d5e5f@group-B7590C117875
2021-03-08 02:05:15,895 [pool-1065-thread-1] INFO  server.RaftServer$Division (RaftServerImpl.java:start(295)) - 2e2b7c4f-1fa0-4360-84eb-5aea739d5e5f@group-B7590C117875: start as a follower, conf=-1: [2e2b7c4f-1fa0-4360-84eb-5aea739d5e5f|rpc:172.17.0.2:45357|priority:1], old=null
2021-03-08 02:05:15,895 [pool-1065-thread-1] INFO  server.RaftServer$Division (RaftServerImpl.java:setRole(284)) - 2e2b7c4f-1fa0-4360-84eb-5aea739d5e5f@group-B7590C117875: changes role from      null to FOLLOWER at term 0 for startAsFollower
2021-03-08 02:05:15,895 [pool-1065-thread-1] INFO  impl.RoleInfo (RoleInfo.java:updateAndGet(130)) - 2e2b7c4f-1fa0-4360-84eb-5aea739d5e5f: start 2e2b7c4f-1fa0-4360-84eb-5aea739d5e5f@group-B7590C117875-FollowerState
2021-03-08 02:05:15,895 [pool-1065-thread-1] INFO  util.JmxRegister (JmxRegister.java:tryRegister(44)) - Successfully registered JMX Bean with object name Ratis:service=RaftServer,group=group-B7590C117875,id=2e2b7c4f-1fa0-4360-84eb-5aea739d5e5f
2021-03-08 02:05:15,895 [pool-1065-thread-1] INFO  metrics.RatisMetrics (RatisMetrics.java:lambda$create$0(36)) - Creating Metrics Registry : ratis.state_machine.2e2b7c4f-1fa0-4360-84eb-5aea739d5e5f@group-B7590C117875
2021-03-08 02:05:15,898 [Command processor thread] INFO  commandhandler.CreatePipelineCommandHandler (CreatePipelineCommandHandler.java:handle(106)) - Created Pipeline RATIS ONE PipelineID=c2ed5ddc-6e6d-4193-bfc4-b7590c117875.
2021-03-08 02:05:15,898 [Command processor thread] INFO  server.RaftServer (RaftServerProxy.java:addNew(95)) - 2e2b7c4f-1fa0-4360-84eb-5aea739d5e5f: addNew group-7928B19B14F4:[c7780af0-0f31-4130-b62a-7061a7bbaf6d|rpc:172.17.0.2:40671|priority:0, 2e2b7c4f-1fa0-4360-84eb-5aea739d5e5f|rpc:172.17.0.2:45357|priority:0, 8be81fb1-89d0-4709-8656-3472d71d638b|rpc:172.17.0.2:44187|priority:1] returns group-7928B19B14F4:java.util.concurrent.CompletableFuture@6d499669[Not completed]
2021-03-08 02:05:15,899 [pool-1065-thread-1] INFO  server.RaftServer$Division (RaftServerImpl.java:<init>(180)) - 2e2b7c4f-1fa0-4360-84eb-5aea739d5e5f: new RaftServerImpl for group-7928B19B14F4:[c7780af0-0f31-4130-b62a-7061a7bbaf6d|rpc:172.17.0.2:40671|priority:0, 2e2b7c4f-1fa0-4360-84eb-5aea739d5e5f|rpc:172.17.0.2:45357|priority:0, 8be81fb1-89d0-4709-8656-3472d71d638b|rpc:172.17.0.2:44187|priority:1] with ContainerStateMachine:uninitialized
2021-03-08 02:05:15,899 [pool-1065-thread-1] INFO  server.RaftServerConfigKeys (ConfUtils.java:logGet(44)) - raft.server.rpc.timeout.min = 5s (custom)
2021-03-08 02:05:15,899 [pool-1065-thread-1] INFO  server.RaftServerConfigKeys (ConfUtils.java:logGet(44)) - raft.server.rpc.timeout.max = 5200ms (custom)
2021-03-08 02:05:15,899 [pool-1065-thread-1] INFO  server.RaftServerConfigKeys (ConfUtils.java:logGet(44)) - raft.server.rpc.sleep.time = 25ms (default)
2021-03-08 02:05:15,899 [pool-1065-thread-1] INFO  server.RaftServerConfigKeys (ConfUtils.java:logGet(44)) - raft.server.rpc.slowness.timeout = 300000ms (custom)
2021-03-08 02:05:15,899 [pool-1065-thread-1] INFO  server.RaftServerConfigKeys (ConfUtils.java:logGet(44)) - raft.server.leaderelection.leader.step-down.wait-time = 10s (default)
2021-03-08 02:05:15,899 [pool-1065-thread-1] INFO  server.RaftServerConfigKeys (ConfUtils.java:logGet(44)) - raft.server.sleep.deviation.threshold = 300ms (default)
2021-03-08 02:05:15,899 [pool-1065-thread-1] INFO  server.RaftServerConfigKeys (ConfUtils.java:logGet(44)) - raft.server.log.appender.install.snapshot.enabled = false (custom)
2021-03-08 02:05:15,899 [pool-1065-thread-1] INFO  server.RaftServer$Division (ServerState.java:<init>(105)) - 2e2b7c4f-1fa0-4360-84eb-5aea739d5e5f@group-7928B19B14F4: ConfigurationManager, init=-1: [c7780af0-0f31-4130-b62a-7061a7bbaf6d|rpc:172.17.0.2:40671|priority:0, 2e2b7c4f-1fa0-4360-84eb-5aea739d5e5f|rpc:172.17.0.2:45357|priority:0, 8be81fb1-89d0-4709-8656-3472d71d638b|rpc:172.17.0.2:44187|priority:1], old=null, confs=<EMPTY_MAP>
2021-03-08 02:05:15,900 [pool-1065-thread-1] INFO  server.RaftServerConfigKeys (ConfUtils.java:logGet(44)) - raft.server.storage.dir = [/github/workspace/mnt/ozone/hadoop-ozone/integration-test/target/test-dir/MiniOzoneClusterImpl-ccaa8949-4e5a-4858-a1f5-413699190f1a/datanode-3/data/ratis] (custom)
2021-03-08 02:05:15,903 [pool-1065-thread-1] INFO  server.RaftServerConfigKeys (ConfUtils.java:logGet(44)) - raft.server.log.corruption.policy = EXCEPTION (default)
2021-03-08 02:05:15,903 [pool-1065-thread-1] INFO  storage.RaftStorageDirectory (RaftStorageDirectoryImpl.java:analyzeStorage(132)) - The storage directory /github/workspace/mnt/ozone/hadoop-ozone/integration-test/target/test-dir/MiniOzoneClusterImpl-ccaa8949-4e5a-4858-a1f5-413699190f1a/datanode-3/data/ratis/54dfee42-7205-45d5-ac51-7928b19b14f4 does not exist. Creating ...
2021-03-08 02:05:15,904 [pool-1065-thread-1] INFO  storage.RaftStorageDirectory (RaftStorageDirectoryImpl.java:tryLock(215)) - Lock on /github/workspace/mnt/ozone/hadoop-ozone/integration-test/target/test-dir/MiniOzoneClusterImpl-ccaa8949-4e5a-4858-a1f5-413699190f1a/datanode-3/data/ratis/54dfee42-7205-45d5-ac51-7928b19b14f4/in_use.lock acquired by nodename 32215@55665278a03a
2021-03-08 02:05:15,905 [pool-1065-thread-1] INFO  storage.RaftStorage (RaftStorageImpl.java:format(87)) - Storage directory /github/workspace/mnt/ozone/hadoop-ozone/integration-test/target/test-dir/MiniOzoneClusterImpl-ccaa8949-4e5a-4858-a1f5-413699190f1a/datanode-3/data/ratis/54dfee42-7205-45d5-ac51-7928b19b14f4 has been successfully formatted.
2021-03-08 02:05:15,906 [pool-1065-thread-1] INFO  ratis.ContainerStateMachine (ContainerStateMachine.java:loadSnapshot(223)) - group-7928B19B14F4: The snapshot info is null. Setting the last applied indexto:(t:0, i:~)
2021-03-08 02:05:15,906 [pool-1065-thread-1] ERROR storage.RaftStorage (RaftStorageImpl.java:readRaftConfiguration(147)) - Failed reading configuration from file:/github/workspace/mnt/ozone/hadoop-ozone/integration-test/target/test-dir/MiniOzoneClusterImpl-ccaa8949-4e5a-4858-a1f5-413699190f1a/datanode-3/data/ratis/54dfee42-7205-45d5-ac51-7928b19b14f4/current/raft-meta.conf
java.io.FileNotFoundException: /github/workspace/mnt/ozone/hadoop-ozone/integration-test/target/test-dir/MiniOzoneClusterImpl-ccaa8949-4e5a-4858-a1f5-413699190f1a/datanode-3/data/ratis/54dfee42-7205-45d5-ac51-7928b19b14f4/current/raft-meta.conf (No such file or directory)
	at java.io.FileInputStream.open0(Native Method)
	at java.io.FileInputStream.open(FileInputStream.java:195)
	at java.io.FileInputStream.<init>(FileInputStream.java:138)
	at org.apache.ratis.server.storage.RaftStorageImpl.readRaftConfiguration(RaftStorageImpl.java:143)
	at org.apache.ratis.server.impl.ServerState.<init>(ServerState.java:122)
	at org.apache.ratis.server.impl.RaftServerImpl.<init>(RaftServerImpl.java:193)
	at org.apache.ratis.server.impl.RaftServerProxy.lambda$newRaftServerImpl$4(RaftServerProxy.java:266)
	at java.util.concurrent.CompletableFuture$AsyncSupply.run(CompletableFuture.java:1604)
	at java.util.concurrent.ThreadPoolExecutor.runWorker(ThreadPoolExecutor.java:1149)
	at java.util.concurrent.ThreadPoolExecutor$Worker.run(ThreadPoolExecutor.java:624)
	at java.lang.Thread.run(Thread.java:748)
2021-03-08 02:05:15,906 [pool-1065-thread-1] INFO  server.RaftServerConfigKeys (ConfUtils.java:logGet(44)) - raft.server.notification.no-leader.timeout = 300000ms (custom)
2021-03-08 02:05:15,906 [pool-1065-thread-1] INFO  server.RaftServerConfigKeys (ConfUtils.java:logGet(44)) - raft.server.log.use.memory = false (default)
2021-03-08 02:05:15,906 [EventQueue-OpenPipelineForHealthyPipelineSafeModeRule] INFO  safemode.SCMSafeModeManager (HealthyPipelineSafeModeRule.java:process(128)) - SCM in safe mode. Healthy pipelines reported count is 0, required healthy pipeline reported count is 1
2021-03-08 02:05:15,906 [EventQueue-PipelineReportForOneReplicaPipelineSafeModeRule] INFO  safemode.SCMSafeModeManager (SCMSafeModeManager.java:validateSafeModeExitRules(214)) - AtleastOneDatanodeReportedRule rule is successfully validated
2021-03-08 02:05:15,906 [pool-1065-thread-1] INFO  server.RaftServerConfigKeys (ConfUtils.java:logGet(44)) - raft.server.log.purge.gap = 1000000 (custom)
2021-03-08 02:05:15,907 [pool-1065-thread-1] INFO  server.RaftServerConfigKeys (ConfUtils.java:logGet(44)) - raft.server.log.appender.buffer.byte-limit = 33554432 (custom)
2021-03-08 02:05:15,907 [pool-1065-thread-1] INFO  metrics.RatisMetrics (RatisMetrics.java:lambda$create$0(36)) - Creating Metrics Registry : ratis.log_worker.2e2b7c4f-1fa0-4360-84eb-5aea739d5e5f@group-7928B19B14F4
2021-03-08 02:05:15,907 [pool-1065-thread-1] INFO  server.RaftServerConfigKeys (ConfUtils.java:logGet(44)) - raft.server.log.segment.size.max = 1048576 (custom)
2021-03-08 02:05:15,908 [pool-1065-thread-1] INFO  server.RaftServerConfigKeys (ConfUtils.java:logGet(44)) - raft.server.log.segment.cache.num.max = 2 (custom)
2021-03-08 02:05:15,908 [pool-1065-thread-1] INFO  server.RaftServerConfigKeys (ConfUtils.java:logGet(44)) - raft.server.log.segment.cache.size.max = 200MB (=209715200) (default)
2021-03-08 02:05:15,908 [pool-1065-thread-1] INFO  segmented.SegmentedRaftLogWorker (SegmentedRaftLogWorker.java:<init>(181)) - new 2e2b7c4f-1fa0-4360-84eb-5aea739d5e5f@group-7928B19B14F4-SegmentedRaftLogWorker for RaftStorageImpl:Storage Directory /github/workspace/mnt/ozone/hadoop-ozone/integration-test/target/test-dir/MiniOzoneClusterImpl-ccaa8949-4e5a-4858-a1f5-413699190f1a/datanode-3/data/ratis/54dfee42-7205-45d5-ac51-7928b19b14f4
2021-03-08 02:05:15,908 [pool-1065-thread-1] INFO  server.RaftServerConfigKeys (ConfUtils.java:logGet(44)) - raft.server.log.queue.byte-limit = 2147483647 (custom)
2021-03-08 02:05:15,908 [pool-1065-thread-1] INFO  server.RaftServerConfigKeys (ConfUtils.java:logGet(44)) - raft.server.log.queue.element-limit = 1024 (custom)
2021-03-08 02:05:15,909 [pool-1065-thread-1] INFO  server.RaftServerConfigKeys (ConfUtils.java:logGet(44)) - raft.server.log.segment.size.max = 1048576 (custom)
2021-03-08 02:05:15,909 [pool-1065-thread-1] INFO  server.RaftServerConfigKeys (ConfUtils.java:logGet(44)) - raft.server.log.preallocated.size = 16384 (custom)
2021-03-08 02:05:15,909 [pool-1065-thread-1] INFO  server.RaftServerConfigKeys (ConfUtils.java:logGet(44)) - raft.server.log.force.sync.num = 128 (default)
2021-03-08 02:05:15,909 [pool-1065-thread-1] INFO  server.RaftServerConfigKeys (ConfUtils.java:logGet(44)) - raft.server.log.statemachine.data.sync = true (default)
2021-03-08 02:05:15,909 [pool-1065-thread-1] INFO  server.RaftServerConfigKeys (ConfUtils.java:logGet(44)) - raft.server.log.statemachine.data.sync.timeout = 10s (default)
2021-03-08 02:05:15,909 [pool-1065-thread-1] INFO  server.RaftServerConfigKeys (ConfUtils.java:logGet(44)) - raft.server.log.statemachine.data.sync.timeout.retry = -1 (default)
2021-03-08 02:05:15,911 [pool-1065-thread-1] INFO  server.RaftServerConfigKeys (ConfUtils.java:logGet(44)) - raft.server.log.write.buffer.size = 1048576 (custom)
2021-03-08 02:05:15,912 [pool-1065-thread-1] INFO  server.RaftServerConfigKeys (ConfUtils.java:logGet(44)) - raft.server.log.statemachine.data.caching.enabled = true (custom)
2021-03-08 02:05:15,912 [pool-1065-thread-1] INFO  segmented.SegmentedRaftLogWorker (SegmentedRaftLogWorker.java:lambda$new$0(132)) - 2e2b7c4f-1fa0-4360-84eb-5aea739d5e5f@group-7928B19B14F4-SegmentedRaftLogWorker: flushIndex: setUnconditionally 0 -> -1
2021-03-08 02:05:15,912 [pool-1065-thread-1] INFO  segmented.SegmentedRaftLogWorker (SegmentedRaftLogWorker.java:lambda$new$0(132)) - 2e2b7c4f-1fa0-4360-84eb-5aea739d5e5f@group-7928B19B14F4-SegmentedRaftLogWorker: safeCacheEvictIndex: setUnconditionally 0 -> -1
2021-03-08 02:05:15,912 [pool-1065-thread-1] INFO  server.RaftServerConfigKeys (ConfUtils.java:logGet(44)) - raft.server.snapshot.auto.trigger.enabled = true (custom)
2021-03-08 02:05:15,912 [pool-1065-thread-1] INFO  server.RaftServerConfigKeys (ConfUtils.java:logGet(44)) - raft.server.snapshot.auto.trigger.threshold = 10000 (custom)
2021-03-08 02:05:15,912 [pool-1065-thread-1] INFO  server.RaftServerConfigKeys (ConfUtils.java:logGet(44)) - raft.server.snapshot.retention.file.num = 5 (custom)
2021-03-08 02:05:15,912 [pool-1065-thread-1] INFO  server.RaftServerConfigKeys (ConfUtils.java:logGet(44)) - raft.server.log.purge.upto.snapshot.index = false (default)
2021-03-08 02:05:15,913 [pool-1065-thread-1] INFO  server.RaftServerConfigKeys (ConfUtils.java:logGet(44)) - raft.server.retrycache.expirytime = 600000ms (custom)
2021-03-08 02:05:15,913 [pool-1065-thread-1] INFO  server.RaftServerConfigKeys (ConfUtils.java:logGet(44)) - raft.server.retrycache.statistics.expirytime = 100?s (default)
2021-03-08 02:05:15,913 [pool-1065-thread-1] INFO  metrics.RatisMetrics (RatisMetrics.java:lambda$create$0(36)) - Creating Metrics Registry : ratis.leader_election.2e2b7c4f-1fa0-4360-84eb-5aea739d5e5f@group-7928B19B14F4
2021-03-08 02:05:15,914 [pool-1065-thread-1] INFO  metrics.RatisMetrics (RatisMetrics.java:lambda$create$0(36)) - Creating Metrics Registry : ratis.server.2e2b7c4f-1fa0-4360-84eb-5aea739d5e5f@group-7928B19B14F4
2021-03-08 02:05:15,916 [pool-1065-thread-1] INFO  server.RaftServer$Division (RaftServerImpl.java:start(295)) - 2e2b7c4f-1fa0-4360-84eb-5aea739d5e5f@group-7928B19B14F4: start as a follower, conf=-1: [c7780af0-0f31-4130-b62a-7061a7bbaf6d|rpc:172.17.0.2:40671|priority:0, 2e2b7c4f-1fa0-4360-84eb-5aea739d5e5f|rpc:172.17.0.2:45357|priority:0, 8be81fb1-89d0-4709-8656-3472d71d638b|rpc:172.17.0.2:44187|priority:1], old=null
2021-03-08 02:05:15,916 [pool-1065-thread-1] INFO  server.RaftServer$Division (RaftServerImpl.java:setRole(284)) - 2e2b7c4f-1fa0-4360-84eb-5aea739d5e5f@group-7928B19B14F4: changes role from      null to FOLLOWER at term 0 for startAsFollower
2021-03-08 02:05:15,916 [pool-1065-thread-1] INFO  impl.RoleInfo (RoleInfo.java:updateAndGet(130)) - 2e2b7c4f-1fa0-4360-84eb-5aea739d5e5f: start 2e2b7c4f-1fa0-4360-84eb-5aea739d5e5f@group-7928B19B14F4-FollowerState
2021-03-08 02:05:15,916 [pool-1065-thread-1] INFO  util.JmxRegister (JmxRegister.java:tryRegister(44)) - Successfully registered JMX Bean with object name Ratis:service=RaftServer,group=group-7928B19B14F4,id=2e2b7c4f-1fa0-4360-84eb-5aea739d5e5f
2021-03-08 02:05:15,916 [pool-1065-thread-1] INFO  metrics.RatisMetrics (RatisMetrics.java:lambda$create$0(36)) - Creating Metrics Registry : ratis.state_machine.2e2b7c4f-1fa0-4360-84eb-5aea739d5e5f@group-7928B19B14F4
2021-03-08 02:05:15,919 [Command processor thread] INFO  metrics.RatisMetrics (RatisMetrics.java:lambda$create$0(36)) - Creating Metrics Registry : ratis.client_message_metrics.client-80BE648FFEC0->c7780af0-0f31-4130-b62a-7061a7bbaf6d
2021-03-08 02:05:15,923 [grpc-default-executor-3] INFO  metrics.RatisMetrics (RatisMetrics.java:lambda$create$0(36)) - Creating Metrics Registry : ratis.server_message_metrics.c7780af0-0f31-4130-b62a-7061a7bbaf6d
2021-03-08 02:05:15,929 [grpc-default-executor-3] INFO  server.RaftServer (RaftServerProxy.java:addNew(95)) - c7780af0-0f31-4130-b62a-7061a7bbaf6d: addNew group-7928B19B14F4:[c7780af0-0f31-4130-b62a-7061a7bbaf6d|rpc:172.17.0.2:40671|dataStream:|priority:0, 2e2b7c4f-1fa0-4360-84eb-5aea739d5e5f|rpc:172.17.0.2:45357|dataStream:|priority:0, 8be81fb1-89d0-4709-8656-3472d71d638b|rpc:172.17.0.2:44187|dataStream:|priority:1] returns group-7928B19B14F4:java.util.concurrent.CompletableFuture@670fa148[Not completed]
2021-03-08 02:05:15,966 [pool-1097-thread-1] INFO  server.RaftServer$Division (RaftServerImpl.java:<init>(180)) - c7780af0-0f31-4130-b62a-7061a7bbaf6d: new RaftServerImpl for group-7928B19B14F4:[c7780af0-0f31-4130-b62a-7061a7bbaf6d|rpc:172.17.0.2:40671|dataStream:|priority:0, 2e2b7c4f-1fa0-4360-84eb-5aea739d5e5f|rpc:172.17.0.2:45357|dataStream:|priority:0, 8be81fb1-89d0-4709-8656-3472d71d638b|rpc:172.17.0.2:44187|dataStream:|priority:1] with ContainerStateMachine:uninitialized
2021-03-08 02:05:15,966 [pool-1097-thread-1] INFO  server.RaftServerConfigKeys (ConfUtils.java:logGet(44)) - raft.server.rpc.timeout.min = 5s (custom)
2021-03-08 02:05:15,966 [pool-1097-thread-1] INFO  server.RaftServerConfigKeys (ConfUtils.java:logGet(44)) - raft.server.rpc.timeout.max = 5200ms (custom)
2021-03-08 02:05:15,966 [pool-1097-thread-1] INFO  server.RaftServerConfigKeys (ConfUtils.java:logGet(44)) - raft.server.rpc.sleep.time = 25ms (default)
2021-03-08 02:05:15,966 [pool-1097-thread-1] INFO  server.RaftServerConfigKeys (ConfUtils.java:logGet(44)) - raft.server.rpc.slowness.timeout = 300000ms (custom)
2021-03-08 02:05:15,966 [pool-1097-thread-1] INFO  server.RaftServerConfigKeys (ConfUtils.java:logGet(44)) - raft.server.leaderelection.leader.step-down.wait-time = 10s (default)
2021-03-08 02:05:15,966 [pool-1097-thread-1] INFO  server.RaftServerConfigKeys (ConfUtils.java:logGet(44)) - raft.server.sleep.deviation.threshold = 300ms (default)
2021-03-08 02:05:15,966 [pool-1097-thread-1] INFO  server.RaftServerConfigKeys (ConfUtils.java:logGet(44)) - raft.server.log.appender.install.snapshot.enabled = false (custom)
2021-03-08 02:05:15,966 [pool-1097-thread-1] INFO  server.RaftServer$Division (ServerState.java:<init>(105)) - c7780af0-0f31-4130-b62a-7061a7bbaf6d@group-7928B19B14F4: ConfigurationManager, init=-1: [c7780af0-0f31-4130-b62a-7061a7bbaf6d|rpc:172.17.0.2:40671|dataStream:|priority:0, 2e2b7c4f-1fa0-4360-84eb-5aea739d5e5f|rpc:172.17.0.2:45357|dataStream:|priority:0, 8be81fb1-89d0-4709-8656-3472d71d638b|rpc:172.17.0.2:44187|dataStream:|priority:1], old=null, confs=<EMPTY_MAP>
2021-03-08 02:05:15,967 [pool-1097-thread-1] INFO  server.RaftServerConfigKeys (ConfUtils.java:logGet(44)) - raft.server.storage.dir = [/github/workspace/mnt/ozone/hadoop-ozone/integration-test/target/test-dir/MiniOzoneClusterImpl-ccaa8949-4e5a-4858-a1f5-413699190f1a/datanode-5/data/ratis] (custom)
2021-03-08 02:05:15,967 [pool-1097-thread-1] INFO  server.RaftServerConfigKeys (ConfUtils.java:logGet(44)) - raft.server.log.corruption.policy = EXCEPTION (default)
2021-03-08 02:05:15,967 [pool-1097-thread-1] INFO  storage.RaftStorageDirectory (RaftStorageDirectoryImpl.java:analyzeStorage(132)) - The storage directory /github/workspace/mnt/ozone/hadoop-ozone/integration-test/target/test-dir/MiniOzoneClusterImpl-ccaa8949-4e5a-4858-a1f5-413699190f1a/datanode-5/data/ratis/54dfee42-7205-45d5-ac51-7928b19b14f4 does not exist. Creating ...
2021-03-08 02:05:15,969 [pool-1097-thread-1] INFO  storage.RaftStorageDirectory (RaftStorageDirectoryImpl.java:tryLock(215)) - Lock on /github/workspace/mnt/ozone/hadoop-ozone/integration-test/target/test-dir/MiniOzoneClusterImpl-ccaa8949-4e5a-4858-a1f5-413699190f1a/datanode-5/data/ratis/54dfee42-7205-45d5-ac51-7928b19b14f4/in_use.lock acquired by nodename 32215@55665278a03a
2021-03-08 02:05:15,971 [pool-1097-thread-1] INFO  storage.RaftStorage (RaftStorageImpl.java:format(87)) - Storage directory /github/workspace/mnt/ozone/hadoop-ozone/integration-test/target/test-dir/MiniOzoneClusterImpl-ccaa8949-4e5a-4858-a1f5-413699190f1a/datanode-5/data/ratis/54dfee42-7205-45d5-ac51-7928b19b14f4 has been successfully formatted.
2021-03-08 02:05:15,971 [pool-1097-thread-1] INFO  ratis.ContainerStateMachine (ContainerStateMachine.java:loadSnapshot(223)) - group-7928B19B14F4: The snapshot info is null. Setting the last applied indexto:(t:0, i:~)
2021-03-08 02:05:15,972 [EventQueue-PipelineReportForOneReplicaPipelineSafeModeRule] INFO  safemode.SCMSafeModeManager (SCMSafeModeManager.java:validateSafeModeExitRules(214)) - AtleastOneDatanodeReportedRule rule is successfully validated
2021-03-08 02:05:15,972 [pool-1097-thread-1] ERROR storage.RaftStorage (RaftStorageImpl.java:readRaftConfiguration(147)) - Failed reading configuration from file:/github/workspace/mnt/ozone/hadoop-ozone/integration-test/target/test-dir/MiniOzoneClusterImpl-ccaa8949-4e5a-4858-a1f5-413699190f1a/datanode-5/data/ratis/54dfee42-7205-45d5-ac51-7928b19b14f4/current/raft-meta.conf
java.io.FileNotFoundException: /github/workspace/mnt/ozone/hadoop-ozone/integration-test/target/test-dir/MiniOzoneClusterImpl-ccaa8949-4e5a-4858-a1f5-413699190f1a/datanode-5/data/ratis/54dfee42-7205-45d5-ac51-7928b19b14f4/current/raft-meta.conf (No such file or directory)
	at java.io.FileInputStream.open0(Native Method)
	at java.io.FileInputStream.open(FileInputStream.java:195)
	at java.io.FileInputStream.<init>(FileInputStream.java:138)
	at org.apache.ratis.server.storage.RaftStorageImpl.readRaftConfiguration(RaftStorageImpl.java:143)
	at org.apache.ratis.server.impl.ServerState.<init>(ServerState.java:122)
	at org.apache.ratis.server.impl.RaftServerImpl.<init>(RaftServerImpl.java:193)
	at org.apache.ratis.server.impl.RaftServerProxy.lambda$newRaftServerImpl$4(RaftServerProxy.java:266)
	at java.util.concurrent.CompletableFuture$AsyncSupply.run(CompletableFuture.java:1604)
	at java.util.concurrent.ThreadPoolExecutor.runWorker(ThreadPoolExecutor.java:1149)
	at java.util.concurrent.ThreadPoolExecutor$Worker.run(ThreadPoolExecutor.java:624)
	at java.lang.Thread.run(Thread.java:748)
2021-03-08 02:05:15,972 [pool-1097-thread-1] INFO  server.RaftServerConfigKeys (ConfUtils.java:logGet(44)) - raft.server.notification.no-leader.timeout = 300000ms (custom)
2021-03-08 02:05:15,972 [pool-1097-thread-1] INFO  server.RaftServerConfigKeys (ConfUtils.java:logGet(44)) - raft.server.log.use.memory = false (default)
2021-03-08 02:05:15,972 [pool-1097-thread-1] INFO  server.RaftServerConfigKeys (ConfUtils.java:logGet(44)) - raft.server.log.purge.gap = 1000000 (custom)
2021-03-08 02:05:15,973 [pool-1097-thread-1] INFO  server.RaftServerConfigKeys (ConfUtils.java:logGet(44)) - raft.server.log.appender.buffer.byte-limit = 33554432 (custom)
2021-03-08 02:05:15,973 [pool-1097-thread-1] INFO  metrics.RatisMetrics (RatisMetrics.java:lambda$create$0(36)) - Creating Metrics Registry : ratis.log_worker.c7780af0-0f31-4130-b62a-7061a7bbaf6d@group-7928B19B14F4
2021-03-08 02:05:15,973 [pool-1097-thread-1] INFO  server.RaftServerConfigKeys (ConfUtils.java:logGet(44)) - raft.server.log.segment.size.max = 1048576 (custom)
2021-03-08 02:05:15,974 [pool-1097-thread-1] INFO  server.RaftServerConfigKeys (ConfUtils.java:logGet(44)) - raft.server.log.segment.cache.num.max = 2 (custom)
2021-03-08 02:05:15,974 [pool-1097-thread-1] INFO  server.RaftServerConfigKeys (ConfUtils.java:logGet(44)) - raft.server.log.segment.cache.size.max = 200MB (=209715200) (default)
2021-03-08 02:05:15,975 [pool-1097-thread-1] INFO  segmented.SegmentedRaftLogWorker (SegmentedRaftLogWorker.java:<init>(181)) - new c7780af0-0f31-4130-b62a-7061a7bbaf6d@group-7928B19B14F4-SegmentedRaftLogWorker for RaftStorageImpl:Storage Directory /github/workspace/mnt/ozone/hadoop-ozone/integration-test/target/test-dir/MiniOzoneClusterImpl-ccaa8949-4e5a-4858-a1f5-413699190f1a/datanode-5/data/ratis/54dfee42-7205-45d5-ac51-7928b19b14f4
2021-03-08 02:05:15,975 [pool-1097-thread-1] INFO  server.RaftServerConfigKeys (ConfUtils.java:logGet(44)) - raft.server.log.queue.byte-limit = 2147483647 (custom)
2021-03-08 02:05:15,975 [pool-1097-thread-1] INFO  server.RaftServerConfigKeys (ConfUtils.java:logGet(44)) - raft.server.log.queue.element-limit = 1024 (custom)
2021-03-08 02:05:15,975 [pool-1097-thread-1] INFO  server.RaftServerConfigKeys (ConfUtils.java:logGet(44)) - raft.server.log.segment.size.max = 1048576 (custom)
2021-03-08 02:05:15,975 [pool-1097-thread-1] INFO  server.RaftServerConfigKeys (ConfUtils.java:logGet(44)) - raft.server.log.preallocated.size = 16384 (custom)
2021-03-08 02:05:15,975 [pool-1097-thread-1] INFO  server.RaftServerConfigKeys (ConfUtils.java:logGet(44)) - raft.server.log.force.sync.num = 128 (default)
2021-03-08 02:05:15,975 [pool-1097-thread-1] INFO  server.RaftServerConfigKeys (ConfUtils.java:logGet(44)) - raft.server.log.statemachine.data.sync = true (default)
2021-03-08 02:05:15,975 [pool-1097-thread-1] INFO  server.RaftServerConfigKeys (ConfUtils.java:logGet(44)) - raft.server.log.statemachine.data.sync.timeout = 10s (default)
2021-03-08 02:05:15,975 [pool-1097-thread-1] INFO  server.RaftServerConfigKeys (ConfUtils.java:logGet(44)) - raft.server.log.statemachine.data.sync.timeout.retry = -1 (default)
2021-03-08 02:05:15,978 [pool-1097-thread-1] INFO  server.RaftServerConfigKeys (ConfUtils.java:logGet(44)) - raft.server.log.write.buffer.size = 1048576 (custom)
2021-03-08 02:05:15,979 [pool-1097-thread-1] INFO  server.RaftServerConfigKeys (ConfUtils.java:logGet(44)) - raft.server.log.statemachine.data.caching.enabled = true (custom)
2021-03-08 02:05:15,979 [pool-1097-thread-1] INFO  segmented.SegmentedRaftLogWorker (SegmentedRaftLogWorker.java:lambda$new$0(132)) - c7780af0-0f31-4130-b62a-7061a7bbaf6d@group-7928B19B14F4-SegmentedRaftLogWorker: flushIndex: setUnconditionally 0 -> -1
2021-03-08 02:05:15,979 [pool-1097-thread-1] INFO  segmented.SegmentedRaftLogWorker (SegmentedRaftLogWorker.java:lambda$new$0(132)) - c7780af0-0f31-4130-b62a-7061a7bbaf6d@group-7928B19B14F4-SegmentedRaftLogWorker: safeCacheEvictIndex: setUnconditionally 0 -> -1
2021-03-08 02:05:15,983 [pool-1097-thread-1] INFO  server.RaftServerConfigKeys (ConfUtils.java:logGet(44)) - raft.server.snapshot.auto.trigger.enabled = true (custom)
2021-03-08 02:05:15,983 [pool-1097-thread-1] INFO  server.RaftServerConfigKeys (ConfUtils.java:logGet(44)) - raft.server.snapshot.auto.trigger.threshold = 10000 (custom)
2021-03-08 02:05:15,983 [pool-1097-thread-1] INFO  server.RaftServerConfigKeys (ConfUtils.java:logGet(44)) - raft.server.snapshot.retention.file.num = 5 (custom)
2021-03-08 02:05:15,983 [pool-1097-thread-1] INFO  server.RaftServerConfigKeys (ConfUtils.java:logGet(44)) - raft.server.log.purge.upto.snapshot.index = false (default)
2021-03-08 02:05:15,983 [pool-1097-thread-1] INFO  server.RaftServerConfigKeys (ConfUtils.java:logGet(44)) - raft.server.retrycache.expirytime = 600000ms (custom)
2021-03-08 02:05:15,983 [pool-1097-thread-1] INFO  server.RaftServerConfigKeys (ConfUtils.java:logGet(44)) - raft.server.retrycache.statistics.expirytime = 100?s (default)
2021-03-08 02:05:15,983 [pool-1097-thread-1] INFO  metrics.RatisMetrics (RatisMetrics.java:lambda$create$0(36)) - Creating Metrics Registry : ratis.leader_election.c7780af0-0f31-4130-b62a-7061a7bbaf6d@group-7928B19B14F4
2021-03-08 02:05:15,984 [pool-1097-thread-1] INFO  metrics.RatisMetrics (RatisMetrics.java:lambda$create$0(36)) - Creating Metrics Registry : ratis.server.c7780af0-0f31-4130-b62a-7061a7bbaf6d@group-7928B19B14F4
2021-03-08 02:05:15,987 [pool-1097-thread-1] INFO  server.RaftServer$Division (RaftServerImpl.java:start(295)) - c7780af0-0f31-4130-b62a-7061a7bbaf6d@group-7928B19B14F4: start as a follower, conf=-1: [c7780af0-0f31-4130-b62a-7061a7bbaf6d|rpc:172.17.0.2:40671|dataStream:|priority:0, 2e2b7c4f-1fa0-4360-84eb-5aea739d5e5f|rpc:172.17.0.2:45357|dataStream:|priority:0, 8be81fb1-89d0-4709-8656-3472d71d638b|rpc:172.17.0.2:44187|dataStream:|priority:1], old=null
2021-03-08 02:05:15,987 [pool-1097-thread-1] INFO  server.RaftServer$Division (RaftServerImpl.java:setRole(284)) - c7780af0-0f31-4130-b62a-7061a7bbaf6d@group-7928B19B14F4: changes role from      null to FOLLOWER at term 0 for startAsFollower
2021-03-08 02:05:15,987 [pool-1097-thread-1] INFO  impl.RoleInfo (RoleInfo.java:updateAndGet(130)) - c7780af0-0f31-4130-b62a-7061a7bbaf6d: start c7780af0-0f31-4130-b62a-7061a7bbaf6d@group-7928B19B14F4-FollowerState
2021-03-08 02:05:15,987 [pool-1097-thread-1] INFO  util.JmxRegister (JmxRegister.java:tryRegister(44)) - Successfully registered JMX Bean with object name Ratis:service=RaftServer,group=group-7928B19B14F4,id=c7780af0-0f31-4130-b62a-7061a7bbaf6d
2021-03-08 02:05:15,987 [pool-1097-thread-1] INFO  metrics.RatisMetrics (RatisMetrics.java:lambda$create$0(36)) - Creating Metrics Registry : ratis.state_machine.c7780af0-0f31-4130-b62a-7061a7bbaf6d@group-7928B19B14F4
2021-03-08 02:05:15,992 [Command processor thread] INFO  metrics.RatisMetrics (RatisMetrics.java:lambda$create$0(36)) - Creating Metrics Registry : ratis.client_message_metrics.client-E0806B720267->8be81fb1-89d0-4709-8656-3472d71d638b
2021-03-08 02:05:15,997 [grpc-default-executor-3] INFO  metrics.RatisMetrics (RatisMetrics.java:lambda$create$0(36)) - Creating Metrics Registry : ratis.server_message_metrics.8be81fb1-89d0-4709-8656-3472d71d638b
2021-03-08 02:05:16,002 [grpc-default-executor-3] INFO  server.RaftServer (RaftServerProxy.java:addNew(95)) - 8be81fb1-89d0-4709-8656-3472d71d638b: addNew group-7928B19B14F4:[c7780af0-0f31-4130-b62a-7061a7bbaf6d|rpc:172.17.0.2:40671|dataStream:|priority:0, 2e2b7c4f-1fa0-4360-84eb-5aea739d5e5f|rpc:172.17.0.2:45357|dataStream:|priority:0, 8be81fb1-89d0-4709-8656-3472d71d638b|rpc:172.17.0.2:44187|dataStream:|priority:1] returns group-7928B19B14F4:java.util.concurrent.CompletableFuture@258dec55[Not completed]
2021-03-08 02:05:16,003 [pool-1081-thread-1] INFO  server.RaftServer$Division (RaftServerImpl.java:<init>(180)) - 8be81fb1-89d0-4709-8656-3472d71d638b: new RaftServerImpl for group-7928B19B14F4:[c7780af0-0f31-4130-b62a-7061a7bbaf6d|rpc:172.17.0.2:40671|dataStream:|priority:0, 2e2b7c4f-1fa0-4360-84eb-5aea739d5e5f|rpc:172.17.0.2:45357|dataStream:|priority:0, 8be81fb1-89d0-4709-8656-3472d71d638b|rpc:172.17.0.2:44187|dataStream:|priority:1] with ContainerStateMachine:uninitialized
2021-03-08 02:05:16,003 [pool-1081-thread-1] INFO  server.RaftServerConfigKeys (ConfUtils.java:logGet(44)) - raft.server.rpc.timeout.min = 5s (custom)
2021-03-08 02:05:16,003 [pool-1081-thread-1] INFO  server.RaftServerConfigKeys (ConfUtils.java:logGet(44)) - raft.server.rpc.timeout.max = 5200ms (custom)
2021-03-08 02:05:16,003 [pool-1081-thread-1] INFO  server.RaftServerConfigKeys (ConfUtils.java:logGet(44)) - raft.server.rpc.sleep.time = 25ms (default)
2021-03-08 02:05:16,003 [pool-1081-thread-1] INFO  server.RaftServerConfigKeys (ConfUtils.java:logGet(44)) - raft.server.rpc.slowness.timeout = 300000ms (custom)
2021-03-08 02:05:16,003 [pool-1081-thread-1] INFO  server.RaftServerConfigKeys (ConfUtils.java:logGet(44)) - raft.server.leaderelection.leader.step-down.wait-time = 10s (default)
2021-03-08 02:05:16,003 [pool-1081-thread-1] INFO  server.RaftServerConfigKeys (ConfUtils.java:logGet(44)) - raft.server.sleep.deviation.threshold = 300ms (default)
2021-03-08 02:05:16,003 [pool-1081-thread-1] INFO  server.RaftServerConfigKeys (ConfUtils.java:logGet(44)) - raft.server.log.appender.install.snapshot.enabled = false (custom)
2021-03-08 02:05:16,003 [pool-1081-thread-1] INFO  server.RaftServer$Division (ServerState.java:<init>(105)) - 8be81fb1-89d0-4709-8656-3472d71d638b@group-7928B19B14F4: ConfigurationManager, init=-1: [c7780af0-0f31-4130-b62a-7061a7bbaf6d|rpc:172.17.0.2:40671|dataStream:|priority:0, 2e2b7c4f-1fa0-4360-84eb-5aea739d5e5f|rpc:172.17.0.2:45357|dataStream:|priority:0, 8be81fb1-89d0-4709-8656-3472d71d638b|rpc:172.17.0.2:44187|dataStream:|priority:1], old=null, confs=<EMPTY_MAP>
2021-03-08 02:05:16,003 [pool-1081-thread-1] INFO  server.RaftServerConfigKeys (ConfUtils.java:logGet(44)) - raft.server.storage.dir = [/github/workspace/mnt/ozone/hadoop-ozone/integration-test/target/test-dir/MiniOzoneClusterImpl-ccaa8949-4e5a-4858-a1f5-413699190f1a/datanode-4/data/ratis] (custom)
2021-03-08 02:05:16,003 [pool-1081-thread-1] INFO  server.RaftServerConfigKeys (ConfUtils.java:logGet(44)) - raft.server.log.corruption.policy = EXCEPTION (default)
2021-03-08 02:05:16,004 [pool-1081-thread-1] INFO  storage.RaftStorageDirectory (RaftStorageDirectoryImpl.java:analyzeStorage(132)) - The storage directory /github/workspace/mnt/ozone/hadoop-ozone/integration-test/target/test-dir/MiniOzoneClusterImpl-ccaa8949-4e5a-4858-a1f5-413699190f1a/datanode-4/data/ratis/54dfee42-7205-45d5-ac51-7928b19b14f4 does not exist. Creating ...
2021-03-08 02:05:16,005 [pool-1081-thread-1] INFO  storage.RaftStorageDirectory (RaftStorageDirectoryImpl.java:tryLock(215)) - Lock on /github/workspace/mnt/ozone/hadoop-ozone/integration-test/target/test-dir/MiniOzoneClusterImpl-ccaa8949-4e5a-4858-a1f5-413699190f1a/datanode-4/data/ratis/54dfee42-7205-45d5-ac51-7928b19b14f4/in_use.lock acquired by nodename 32215@55665278a03a
2021-03-08 02:05:16,006 [pool-1081-thread-1] INFO  storage.RaftStorage (RaftStorageImpl.java:format(87)) - Storage directory /github/workspace/mnt/ozone/hadoop-ozone/integration-test/target/test-dir/MiniOzoneClusterImpl-ccaa8949-4e5a-4858-a1f5-413699190f1a/datanode-4/data/ratis/54dfee42-7205-45d5-ac51-7928b19b14f4 has been successfully formatted.
2021-03-08 02:05:16,006 [pool-1081-thread-1] INFO  ratis.ContainerStateMachine (ContainerStateMachine.java:loadSnapshot(223)) - group-7928B19B14F4: The snapshot info is null. Setting the last applied indexto:(t:0, i:~)
2021-03-08 02:05:16,006 [pool-1081-thread-1] ERROR storage.RaftStorage (RaftStorageImpl.java:readRaftConfiguration(147)) - Failed reading configuration from file:/github/workspace/mnt/ozone/hadoop-ozone/integration-test/target/test-dir/MiniOzoneClusterImpl-ccaa8949-4e5a-4858-a1f5-413699190f1a/datanode-4/data/ratis/54dfee42-7205-45d5-ac51-7928b19b14f4/current/raft-meta.conf
java.io.FileNotFoundException: /github/workspace/mnt/ozone/hadoop-ozone/integration-test/target/test-dir/MiniOzoneClusterImpl-ccaa8949-4e5a-4858-a1f5-413699190f1a/datanode-4/data/ratis/54dfee42-7205-45d5-ac51-7928b19b14f4/current/raft-meta.conf (No such file or directory)
	at java.io.FileInputStream.open0(Native Method)
	at java.io.FileInputStream.open(FileInputStream.java:195)
	at java.io.FileInputStream.<init>(FileInputStream.java:138)
	at org.apache.ratis.server.storage.RaftStorageImpl.readRaftConfiguration(RaftStorageImpl.java:143)
	at org.apache.ratis.server.impl.ServerState.<init>(ServerState.java:122)
	at org.apache.ratis.server.impl.RaftServerImpl.<init>(RaftServerImpl.java:193)
	at org.apache.ratis.server.impl.RaftServerProxy.lambda$newRaftServerImpl$4(RaftServerProxy.java:266)
	at java.util.concurrent.CompletableFuture$AsyncSupply.run(CompletableFuture.java:1604)
	at java.util.concurrent.ThreadPoolExecutor.runWorker(ThreadPoolExecutor.java:1149)
	at java.util.concurrent.ThreadPoolExecutor$Worker.run(ThreadPoolExecutor.java:624)
	at java.lang.Thread.run(Thread.java:748)
2021-03-08 02:05:16,006 [EventQueue-PipelineReportForOneReplicaPipelineSafeModeRule] INFO  safemode.SCMSafeModeManager (SCMSafeModeManager.java:validateSafeModeExitRules(214)) - AtleastOneDatanodeReportedRule rule is successfully validated
2021-03-08 02:05:16,007 [pool-1081-thread-1] INFO  server.RaftServerConfigKeys (ConfUtils.java:logGet(44)) - raft.server.notification.no-leader.timeout = 300000ms (custom)
2021-03-08 02:05:16,007 [pool-1081-thread-1] INFO  server.RaftServerConfigKeys (ConfUtils.java:logGet(44)) - raft.server.log.use.memory = false (default)
2021-03-08 02:05:16,007 [pool-1081-thread-1] INFO  server.RaftServerConfigKeys (ConfUtils.java:logGet(44)) - raft.server.log.purge.gap = 1000000 (custom)
2021-03-08 02:05:16,007 [pool-1081-thread-1] INFO  server.RaftServerConfigKeys (ConfUtils.java:logGet(44)) - raft.server.log.appender.buffer.byte-limit = 33554432 (custom)
2021-03-08 02:05:16,007 [pool-1081-thread-1] INFO  metrics.RatisMetrics (RatisMetrics.java:lambda$create$0(36)) - Creating Metrics Registry : ratis.log_worker.8be81fb1-89d0-4709-8656-3472d71d638b@group-7928B19B14F4
2021-03-08 02:05:16,008 [pool-1081-thread-1] INFO  server.RaftServerConfigKeys (ConfUtils.java:logGet(44)) - raft.server.log.segment.size.max = 1048576 (custom)
2021-03-08 02:05:16,009 [pool-1081-thread-1] INFO  server.RaftServerConfigKeys (ConfUtils.java:logGet(44)) - raft.server.log.segment.cache.num.max = 2 (custom)
2021-03-08 02:05:16,009 [pool-1081-thread-1] INFO  server.RaftServerConfigKeys (ConfUtils.java:logGet(44)) - raft.server.log.segment.cache.size.max = 200MB (=209715200) (default)
2021-03-08 02:05:16,009 [pool-1081-thread-1] INFO  segmented.SegmentedRaftLogWorker (SegmentedRaftLogWorker.java:<init>(181)) - new 8be81fb1-89d0-4709-8656-3472d71d638b@group-7928B19B14F4-SegmentedRaftLogWorker for RaftStorageImpl:Storage Directory /github/workspace/mnt/ozone/hadoop-ozone/integration-test/target/test-dir/MiniOzoneClusterImpl-ccaa8949-4e5a-4858-a1f5-413699190f1a/datanode-4/data/ratis/54dfee42-7205-45d5-ac51-7928b19b14f4
2021-03-08 02:05:16,009 [pool-1081-thread-1] INFO  server.RaftServerConfigKeys (ConfUtils.java:logGet(44)) - raft.server.log.queue.byte-limit = 2147483647 (custom)
2021-03-08 02:05:16,009 [pool-1081-thread-1] INFO  server.RaftServerConfigKeys (ConfUtils.java:logGet(44)) - raft.server.log.queue.element-limit = 1024 (custom)
2021-03-08 02:05:16,009 [pool-1081-thread-1] INFO  server.RaftServerConfigKeys (ConfUtils.java:logGet(44)) - raft.server.log.segment.size.max = 1048576 (custom)
2021-03-08 02:05:16,009 [pool-1081-thread-1] INFO  server.RaftServerConfigKeys (ConfUtils.java:logGet(44)) - raft.server.log.preallocated.size = 16384 (custom)
2021-03-08 02:05:16,009 [pool-1081-thread-1] INFO  server.RaftServerConfigKeys (ConfUtils.java:logGet(44)) - raft.server.log.force.sync.num = 128 (default)
2021-03-08 02:05:16,009 [pool-1081-thread-1] INFO  server.RaftServerConfigKeys (ConfUtils.java:logGet(44)) - raft.server.log.statemachine.data.sync = true (default)
2021-03-08 02:05:16,009 [pool-1081-thread-1] INFO  server.RaftServerConfigKeys (ConfUtils.java:logGet(44)) - raft.server.log.statemachine.data.sync.timeout = 10s (default)
2021-03-08 02:05:16,009 [pool-1081-thread-1] INFO  server.RaftServerConfigKeys (ConfUtils.java:logGet(44)) - raft.server.log.statemachine.data.sync.timeout.retry = -1 (default)
2021-03-08 02:05:16,012 [pool-1081-thread-1] INFO  server.RaftServerConfigKeys (ConfUtils.java:logGet(44)) - raft.server.log.write.buffer.size = 1048576 (custom)
2021-03-08 02:05:16,012 [pool-1081-thread-1] INFO  server.RaftServerConfigKeys (ConfUtils.java:logGet(44)) - raft.server.log.statemachine.data.caching.enabled = true (custom)
2021-03-08 02:05:16,012 [pool-1081-thread-1] INFO  segmented.SegmentedRaftLogWorker (SegmentedRaftLogWorker.java:lambda$new$0(132)) - 8be81fb1-89d0-4709-8656-3472d71d638b@group-7928B19B14F4-SegmentedRaftLogWorker: flushIndex: setUnconditionally 0 -> -1
2021-03-08 02:05:16,013 [pool-1081-thread-1] INFO  segmented.SegmentedRaftLogWorker (SegmentedRaftLogWorker.java:lambda$new$0(132)) - 8be81fb1-89d0-4709-8656-3472d71d638b@group-7928B19B14F4-SegmentedRaftLogWorker: safeCacheEvictIndex: setUnconditionally 0 -> -1
2021-03-08 02:05:16,013 [pool-1081-thread-1] INFO  server.RaftServerConfigKeys (ConfUtils.java:logGet(44)) - raft.server.snapshot.auto.trigger.enabled = true (custom)
2021-03-08 02:05:16,013 [pool-1081-thread-1] INFO  server.RaftServerConfigKeys (ConfUtils.java:logGet(44)) - raft.server.snapshot.auto.trigger.threshold = 10000 (custom)
2021-03-08 02:05:16,013 [pool-1081-thread-1] INFO  server.RaftServerConfigKeys (ConfUtils.java:logGet(44)) - raft.server.snapshot.retention.file.num = 5 (custom)
2021-03-08 02:05:16,013 [pool-1081-thread-1] INFO  server.RaftServerConfigKeys (ConfUtils.java:logGet(44)) - raft.server.log.purge.upto.snapshot.index = false (default)
2021-03-08 02:05:16,013 [pool-1081-thread-1] INFO  server.RaftServerConfigKeys (ConfUtils.java:logGet(44)) - raft.server.retrycache.expirytime = 600000ms (custom)
2021-03-08 02:05:16,013 [pool-1081-thread-1] INFO  server.RaftServerConfigKeys (ConfUtils.java:logGet(44)) - raft.server.retrycache.statistics.expirytime = 100?s (default)
2021-03-08 02:05:16,013 [pool-1081-thread-1] INFO  metrics.RatisMetrics (RatisMetrics.java:lambda$create$0(36)) - Creating Metrics Registry : ratis.leader_election.8be81fb1-89d0-4709-8656-3472d71d638b@group-7928B19B14F4
2021-03-08 02:05:16,014 [pool-1081-thread-1] INFO  metrics.RatisMetrics (RatisMetrics.java:lambda$create$0(36)) - Creating Metrics Registry : ratis.server.8be81fb1-89d0-4709-8656-3472d71d638b@group-7928B19B14F4
2021-03-08 02:05:16,016 [pool-1081-thread-1] INFO  server.RaftServer$Division (RaftServerImpl.java:start(295)) - 8be81fb1-89d0-4709-8656-3472d71d638b@group-7928B19B14F4: start as a follower, conf=-1: [c7780af0-0f31-4130-b62a-7061a7bbaf6d|rpc:172.17.0.2:40671|dataStream:|priority:0, 2e2b7c4f-1fa0-4360-84eb-5aea739d5e5f|rpc:172.17.0.2:45357|dataStream:|priority:0, 8be81fb1-89d0-4709-8656-3472d71d638b|rpc:172.17.0.2:44187|dataStream:|priority:1], old=null
2021-03-08 02:05:16,016 [pool-1081-thread-1] INFO  server.RaftServer$Division (RaftServerImpl.java:setRole(284)) - 8be81fb1-89d0-4709-8656-3472d71d638b@group-7928B19B14F4: changes role from      null to FOLLOWER at term 0 for startAsFollower
2021-03-08 02:05:16,017 [pool-1081-thread-1] INFO  impl.RoleInfo (RoleInfo.java:updateAndGet(130)) - 8be81fb1-89d0-4709-8656-3472d71d638b: start 8be81fb1-89d0-4709-8656-3472d71d638b@group-7928B19B14F4-FollowerState
2021-03-08 02:05:16,017 [pool-1081-thread-1] INFO  util.JmxRegister (JmxRegister.java:tryRegister(44)) - Successfully registered JMX Bean with object name Ratis:service=RaftServer,group=group-7928B19B14F4,id=8be81fb1-89d0-4709-8656-3472d71d638b
2021-03-08 02:05:16,017 [pool-1081-thread-1] INFO  metrics.RatisMetrics (RatisMetrics.java:lambda$create$0(36)) - Creating Metrics Registry : ratis.state_machine.8be81fb1-89d0-4709-8656-3472d71d638b@group-7928B19B14F4
2021-03-08 02:05:16,020 [Command processor thread] INFO  commandhandler.CreatePipelineCommandHandler (CreatePipelineCommandHandler.java:handle(106)) - Created Pipeline RATIS THREE PipelineID=54dfee42-7205-45d5-ac51-7928b19b14f4.
2021-03-08 02:05:16,021 [Command processor thread] INFO  server.RaftServer (RaftServerProxy.java:addNew(95)) - 2e2b7c4f-1fa0-4360-84eb-5aea739d5e5f: addNew group-73197B762FF1:[c7780af0-0f31-4130-b62a-7061a7bbaf6d|rpc:172.17.0.2:40671|priority:1, 2e2b7c4f-1fa0-4360-84eb-5aea739d5e5f|rpc:172.17.0.2:45357|priority:0, 8be81fb1-89d0-4709-8656-3472d71d638b|rpc:172.17.0.2:44187|priority:0] returns group-73197B762FF1:java.util.concurrent.CompletableFuture@7ef2bc53[Not completed]
2021-03-08 02:05:16,021 [pool-1065-thread-1] INFO  server.RaftServer$Division (RaftServerImpl.java:<init>(180)) - 2e2b7c4f-1fa0-4360-84eb-5aea739d5e5f: new RaftServerImpl for group-73197B762FF1:[c7780af0-0f31-4130-b62a-7061a7bbaf6d|rpc:172.17.0.2:40671|priority:1, 2e2b7c4f-1fa0-4360-84eb-5aea739d5e5f|rpc:172.17.0.2:45357|priority:0, 8be81fb1-89d0-4709-8656-3472d71d638b|rpc:172.17.0.2:44187|priority:0] with ContainerStateMachine:uninitialized
2021-03-08 02:05:16,021 [pool-1065-thread-1] INFO  server.RaftServerConfigKeys (ConfUtils.java:logGet(44)) - raft.server.rpc.timeout.min = 5s (custom)
2021-03-08 02:05:16,021 [pool-1065-thread-1] INFO  server.RaftServerConfigKeys (ConfUtils.java:logGet(44)) - raft.server.rpc.timeout.max = 5200ms (custom)
2021-03-08 02:05:16,021 [pool-1065-thread-1] INFO  server.RaftServerConfigKeys (ConfUtils.java:logGet(44)) - raft.server.rpc.sleep.time = 25ms (default)
2021-03-08 02:05:16,021 [pool-1065-thread-1] INFO  server.RaftServerConfigKeys (ConfUtils.java:logGet(44)) - raft.server.rpc.slowness.timeout = 300000ms (custom)
2021-03-08 02:05:16,021 [pool-1065-thread-1] INFO  server.RaftServerConfigKeys (ConfUtils.java:logGet(44)) - raft.server.leaderelection.leader.step-down.wait-time = 10s (default)
2021-03-08 02:05:16,021 [pool-1065-thread-1] INFO  server.RaftServerConfigKeys (ConfUtils.java:logGet(44)) - raft.server.sleep.deviation.threshold = 300ms (default)
2021-03-08 02:05:16,021 [pool-1065-thread-1] INFO  server.RaftServerConfigKeys (ConfUtils.java:logGet(44)) - raft.server.log.appender.install.snapshot.enabled = false (custom)
2021-03-08 02:05:16,022 [pool-1065-thread-1] INFO  server.RaftServer$Division (ServerState.java:<init>(105)) - 2e2b7c4f-1fa0-4360-84eb-5aea739d5e5f@group-73197B762FF1: ConfigurationManager, init=-1: [c7780af0-0f31-4130-b62a-7061a7bbaf6d|rpc:172.17.0.2:40671|priority:1, 2e2b7c4f-1fa0-4360-84eb-5aea739d5e5f|rpc:172.17.0.2:45357|priority:0, 8be81fb1-89d0-4709-8656-3472d71d638b|rpc:172.17.0.2:44187|priority:0], old=null, confs=<EMPTY_MAP>
2021-03-08 02:05:16,022 [pool-1065-thread-1] INFO  server.RaftServerConfigKeys (ConfUtils.java:logGet(44)) - raft.server.storage.dir = [/github/workspace/mnt/ozone/hadoop-ozone/integration-test/target/test-dir/MiniOzoneClusterImpl-ccaa8949-4e5a-4858-a1f5-413699190f1a/datanode-3/data/ratis] (custom)
2021-03-08 02:05:16,022 [pool-1065-thread-1] INFO  server.RaftServerConfigKeys (ConfUtils.java:logGet(44)) - raft.server.log.corruption.policy = EXCEPTION (default)
2021-03-08 02:05:16,022 [pool-1065-thread-1] INFO  storage.RaftStorageDirectory (RaftStorageDirectoryImpl.java:analyzeStorage(132)) - The storage directory /github/workspace/mnt/ozone/hadoop-ozone/integration-test/target/test-dir/MiniOzoneClusterImpl-ccaa8949-4e5a-4858-a1f5-413699190f1a/datanode-3/data/ratis/08a3fe71-0329-4143-ad3d-73197b762ff1 does not exist. Creating ...
2021-03-08 02:05:16,025 [pool-1065-thread-1] INFO  storage.RaftStorageDirectory (RaftStorageDirectoryImpl.java:tryLock(215)) - Lock on /github/workspace/mnt/ozone/hadoop-ozone/integration-test/target/test-dir/MiniOzoneClusterImpl-ccaa8949-4e5a-4858-a1f5-413699190f1a/datanode-3/data/ratis/08a3fe71-0329-4143-ad3d-73197b762ff1/in_use.lock acquired by nodename 32215@55665278a03a
2021-03-08 02:05:16,026 [pool-1065-thread-1] INFO  storage.RaftStorage (RaftStorageImpl.java:format(87)) - Storage directory /github/workspace/mnt/ozone/hadoop-ozone/integration-test/target/test-dir/MiniOzoneClusterImpl-ccaa8949-4e5a-4858-a1f5-413699190f1a/datanode-3/data/ratis/08a3fe71-0329-4143-ad3d-73197b762ff1 has been successfully formatted.
2021-03-08 02:05:16,026 [pool-1065-thread-1] INFO  ratis.ContainerStateMachine (ContainerStateMachine.java:loadSnapshot(223)) - group-73197B762FF1: The snapshot info is null. Setting the last applied indexto:(t:0, i:~)
2021-03-08 02:05:16,026 [pool-1065-thread-1] ERROR storage.RaftStorage (RaftStorageImpl.java:readRaftConfiguration(147)) - Failed reading configuration from file:/github/workspace/mnt/ozone/hadoop-ozone/integration-test/target/test-dir/MiniOzoneClusterImpl-ccaa8949-4e5a-4858-a1f5-413699190f1a/datanode-3/data/ratis/08a3fe71-0329-4143-ad3d-73197b762ff1/current/raft-meta.conf
java.io.FileNotFoundException: /github/workspace/mnt/ozone/hadoop-ozone/integration-test/target/test-dir/MiniOzoneClusterImpl-ccaa8949-4e5a-4858-a1f5-413699190f1a/datanode-3/data/ratis/08a3fe71-0329-4143-ad3d-73197b762ff1/current/raft-meta.conf (No such file or directory)
	at java.io.FileInputStream.open0(Native Method)
	at java.io.FileInputStream.open(FileInputStream.java:195)
	at java.io.FileInputStream.<init>(FileInputStream.java:138)
	at org.apache.ratis.server.storage.RaftStorageImpl.readRaftConfiguration(RaftStorageImpl.java:143)
	at org.apache.ratis.server.impl.ServerState.<init>(ServerState.java:122)
	at org.apache.ratis.server.impl.RaftServerImpl.<init>(RaftServerImpl.java:193)
	at org.apache.ratis.server.impl.RaftServerProxy.lambda$newRaftServerImpl$4(RaftServerProxy.java:266)
	at java.util.concurrent.CompletableFuture$AsyncSupply.run(CompletableFuture.java:1604)
	at java.util.concurrent.ThreadPoolExecutor.runWorker(ThreadPoolExecutor.java:1149)
	at java.util.concurrent.ThreadPoolExecutor$Worker.run(ThreadPoolExecutor.java:624)
	at java.lang.Thread.run(Thread.java:748)
2021-03-08 02:05:16,026 [pool-1065-thread-1] INFO  server.RaftServerConfigKeys (ConfUtils.java:logGet(44)) - raft.server.notification.no-leader.timeout = 300000ms (custom)
2021-03-08 02:05:16,027 [pool-1065-thread-1] INFO  server.RaftServerConfigKeys (ConfUtils.java:logGet(44)) - raft.server.log.use.memory = false (default)
2021-03-08 02:05:16,027 [pool-1065-thread-1] INFO  server.RaftServerConfigKeys (ConfUtils.java:logGet(44)) - raft.server.log.purge.gap = 1000000 (custom)
2021-03-08 02:05:16,027 [pool-1065-thread-1] INFO  server.RaftServerConfigKeys (ConfUtils.java:logGet(44)) - raft.server.log.appender.buffer.byte-limit = 33554432 (custom)
2021-03-08 02:05:16,027 [pool-1065-thread-1] INFO  metrics.RatisMetrics (RatisMetrics.java:lambda$create$0(36)) - Creating Metrics Registry : ratis.log_worker.2e2b7c4f-1fa0-4360-84eb-5aea739d5e5f@group-73197B762FF1
2021-03-08 02:05:16,027 [pool-1065-thread-1] INFO  server.RaftServerConfigKeys (ConfUtils.java:logGet(44)) - raft.server.log.segment.size.max = 1048576 (custom)
2021-03-08 02:05:16,028 [pool-1065-thread-1] INFO  server.RaftServerConfigKeys (ConfUtils.java:logGet(44)) - raft.server.log.segment.cache.num.max = 2 (custom)
2021-03-08 02:05:16,028 [pool-1065-thread-1] INFO  server.RaftServerConfigKeys (ConfUtils.java:logGet(44)) - raft.server.log.segment.cache.size.max = 200MB (=209715200) (default)
2021-03-08 02:05:16,028 [pool-1065-thread-1] INFO  segmented.SegmentedRaftLogWorker (SegmentedRaftLogWorker.java:<init>(181)) - new 2e2b7c4f-1fa0-4360-84eb-5aea739d5e5f@group-73197B762FF1-SegmentedRaftLogWorker for RaftStorageImpl:Storage Directory /github/workspace/mnt/ozone/hadoop-ozone/integration-test/target/test-dir/MiniOzoneClusterImpl-ccaa8949-4e5a-4858-a1f5-413699190f1a/datanode-3/data/ratis/08a3fe71-0329-4143-ad3d-73197b762ff1
2021-03-08 02:05:16,028 [pool-1065-thread-1] INFO  server.RaftServerConfigKeys (ConfUtils.java:logGet(44)) - raft.server.log.queue.byte-limit = 2147483647 (custom)
2021-03-08 02:05:16,028 [pool-1065-thread-1] INFO  server.RaftServerConfigKeys (ConfUtils.java:logGet(44)) - raft.server.log.queue.element-limit = 1024 (custom)
2021-03-08 02:05:16,028 [pool-1065-thread-1] INFO  server.RaftServerConfigKeys (ConfUtils.java:logGet(44)) - raft.server.log.segment.size.max = 1048576 (custom)
2021-03-08 02:05:16,028 [pool-1065-thread-1] INFO  server.RaftServerConfigKeys (ConfUtils.java:logGet(44)) - raft.server.log.preallocated.size = 16384 (custom)
2021-03-08 02:05:16,028 [pool-1065-thread-1] INFO  server.RaftServerConfigKeys (ConfUtils.java:logGet(44)) - raft.server.log.force.sync.num = 128 (default)
2021-03-08 02:05:16,028 [pool-1065-thread-1] INFO  server.RaftServerConfigKeys (ConfUtils.java:logGet(44)) - raft.server.log.statemachine.data.sync = true (default)
2021-03-08 02:05:16,028 [pool-1065-thread-1] INFO  server.RaftServerConfigKeys (ConfUtils.java:logGet(44)) - raft.server.log.statemachine.data.sync.timeout = 10s (default)
2021-03-08 02:05:16,029 [pool-1065-thread-1] INFO  server.RaftServerConfigKeys (ConfUtils.java:logGet(44)) - raft.server.log.statemachine.data.sync.timeout.retry = -1 (default)
2021-03-08 02:05:16,030 [EventQueue-PipelineReportForOneReplicaPipelineSafeModeRule] INFO  safemode.SCMSafeModeManager (SCMSafeModeManager.java:validateSafeModeExitRules(214)) - AtleastOneDatanodeReportedRule rule is successfully validated
2021-03-08 02:05:16,030 [EventQueue-OpenPipelineForHealthyPipelineSafeModeRule] INFO  safemode.SCMSafeModeManager (HealthyPipelineSafeModeRule.java:process(128)) - SCM in safe mode. Healthy pipelines reported count is 0, required healthy pipeline reported count is 1
2021-03-08 02:05:16,032 [pool-1065-thread-1] INFO  server.RaftServerConfigKeys (ConfUtils.java:logGet(44)) - raft.server.log.write.buffer.size = 1048576 (custom)
2021-03-08 02:05:16,033 [pool-1065-thread-1] INFO  server.RaftServerConfigKeys (ConfUtils.java:logGet(44)) - raft.server.log.statemachine.data.caching.enabled = true (custom)
2021-03-08 02:05:16,033 [pool-1065-thread-1] INFO  segmented.SegmentedRaftLogWorker (SegmentedRaftLogWorker.java:lambda$new$0(132)) - 2e2b7c4f-1fa0-4360-84eb-5aea739d5e5f@group-73197B762FF1-SegmentedRaftLogWorker: flushIndex: setUnconditionally 0 -> -1
2021-03-08 02:05:16,033 [pool-1065-thread-1] INFO  segmented.SegmentedRaftLogWorker (SegmentedRaftLogWorker.java:lambda$new$0(132)) - 2e2b7c4f-1fa0-4360-84eb-5aea739d5e5f@group-73197B762FF1-SegmentedRaftLogWorker: safeCacheEvictIndex: setUnconditionally 0 -> -1
2021-03-08 02:05:16,033 [pool-1065-thread-1] INFO  server.RaftServerConfigKeys (ConfUtils.java:logGet(44)) - raft.server.snapshot.auto.trigger.enabled = true (custom)
2021-03-08 02:05:16,033 [pool-1065-thread-1] INFO  server.RaftServerConfigKeys (ConfUtils.java:logGet(44)) - raft.server.snapshot.auto.trigger.threshold = 10000 (custom)
2021-03-08 02:05:16,033 [pool-1065-thread-1] INFO  server.RaftServerConfigKeys (ConfUtils.java:logGet(44)) - raft.server.snapshot.retention.file.num = 5 (custom)
2021-03-08 02:05:16,033 [pool-1065-thread-1] INFO  server.RaftServerConfigKeys (ConfUtils.java:logGet(44)) - raft.server.log.purge.upto.snapshot.index = false (default)
2021-03-08 02:05:16,033 [pool-1065-thread-1] INFO  server.RaftServerConfigKeys (ConfUtils.java:logGet(44)) - raft.server.retrycache.expirytime = 600000ms (custom)
2021-03-08 02:05:16,033 [pool-1065-thread-1] INFO  server.RaftServerConfigKeys (ConfUtils.java:logGet(44)) - raft.server.retrycache.statistics.expirytime = 100?s (default)
2021-03-08 02:05:16,033 [pool-1065-thread-1] INFO  metrics.RatisMetrics (RatisMetrics.java:lambda$create$0(36)) - Creating Metrics Registry : ratis.leader_election.2e2b7c4f-1fa0-4360-84eb-5aea739d5e5f@group-73197B762FF1
2021-03-08 02:05:16,034 [pool-1065-thread-1] INFO  metrics.RatisMetrics (RatisMetrics.java:lambda$create$0(36)) - Creating Metrics Registry : ratis.server.2e2b7c4f-1fa0-4360-84eb-5aea739d5e5f@group-73197B762FF1
2021-03-08 02:05:16,037 [pool-1065-thread-1] INFO  server.RaftServer$Division (RaftServerImpl.java:start(295)) - 2e2b7c4f-1fa0-4360-84eb-5aea739d5e5f@group-73197B762FF1: start as a follower, conf=-1: [c7780af0-0f31-4130-b62a-7061a7bbaf6d|rpc:172.17.0.2:40671|priority:1, 2e2b7c4f-1fa0-4360-84eb-5aea739d5e5f|rpc:172.17.0.2:45357|priority:0, 8be81fb1-89d0-4709-8656-3472d71d638b|rpc:172.17.0.2:44187|priority:0], old=null
2021-03-08 02:05:16,037 [pool-1065-thread-1] INFO  server.RaftServer$Division (RaftServerImpl.java:setRole(284)) - 2e2b7c4f-1fa0-4360-84eb-5aea739d5e5f@group-73197B762FF1: changes role from      null to FOLLOWER at term 0 for startAsFollower
2021-03-08 02:05:16,037 [pool-1065-thread-1] INFO  impl.RoleInfo (RoleInfo.java:updateAndGet(130)) - 2e2b7c4f-1fa0-4360-84eb-5aea739d5e5f: start 2e2b7c4f-1fa0-4360-84eb-5aea739d5e5f@group-73197B762FF1-FollowerState
2021-03-08 02:05:16,041 [pool-1065-thread-1] INFO  util.JmxRegister (JmxRegister.java:tryRegister(44)) - Successfully registered JMX Bean with object name Ratis:service=RaftServer,group=group-73197B762FF1,id=2e2b7c4f-1fa0-4360-84eb-5aea739d5e5f
2021-03-08 02:05:16,041 [pool-1065-thread-1] INFO  metrics.RatisMetrics (RatisMetrics.java:lambda$create$0(36)) - Creating Metrics Registry : ratis.state_machine.2e2b7c4f-1fa0-4360-84eb-5aea739d5e5f@group-73197B762FF1
2021-03-08 02:05:16,043 [Command processor thread] INFO  metrics.RatisMetrics (RatisMetrics.java:lambda$create$0(36)) - Creating Metrics Registry : ratis.client_message_metrics.client-01635A4C1910->8be81fb1-89d0-4709-8656-3472d71d638b
2021-03-08 02:05:16,049 [grpc-default-executor-3] INFO  server.RaftServer (RaftServerProxy.java:addNew(95)) - 8be81fb1-89d0-4709-8656-3472d71d638b: addNew group-73197B762FF1:[c7780af0-0f31-4130-b62a-7061a7bbaf6d|rpc:172.17.0.2:40671|dataStream:|priority:1, 2e2b7c4f-1fa0-4360-84eb-5aea739d5e5f|rpc:172.17.0.2:45357|dataStream:|priority:0, 8be81fb1-89d0-4709-8656-3472d71d638b|rpc:172.17.0.2:44187|dataStream:|priority:0] returns group-73197B762FF1:java.util.concurrent.CompletableFuture@69e6b676[Not completed]
2021-03-08 02:05:16,049 [pool-1081-thread-1] INFO  server.RaftServer$Division (RaftServerImpl.java:<init>(180)) - 8be81fb1-89d0-4709-8656-3472d71d638b: new RaftServerImpl for group-73197B762FF1:[c7780af0-0f31-4130-b62a-7061a7bbaf6d|rpc:172.17.0.2:40671|dataStream:|priority:1, 2e2b7c4f-1fa0-4360-84eb-5aea739d5e5f|rpc:172.17.0.2:45357|dataStream:|priority:0, 8be81fb1-89d0-4709-8656-3472d71d638b|rpc:172.17.0.2:44187|dataStream:|priority:0] with ContainerStateMachine:uninitialized
2021-03-08 02:05:16,049 [pool-1081-thread-1] INFO  server.RaftServerConfigKeys (ConfUtils.java:logGet(44)) - raft.server.rpc.timeout.min = 5s (custom)
2021-03-08 02:05:16,049 [pool-1081-thread-1] INFO  server.RaftServerConfigKeys (ConfUtils.java:logGet(44)) - raft.server.rpc.timeout.max = 5200ms (custom)
2021-03-08 02:05:16,049 [pool-1081-thread-1] INFO  server.RaftServerConfigKeys (ConfUtils.java:logGet(44)) - raft.server.rpc.sleep.time = 25ms (default)
2021-03-08 02:05:16,049 [pool-1081-thread-1] INFO  server.RaftServerConfigKeys (ConfUtils.java:logGet(44)) - raft.server.rpc.slowness.timeout = 300000ms (custom)
2021-03-08 02:05:16,049 [pool-1081-thread-1] INFO  server.RaftServerConfigKeys (ConfUtils.java:logGet(44)) - raft.server.leaderelection.leader.step-down.wait-time = 10s (default)
2021-03-08 02:05:16,050 [pool-1081-thread-1] INFO  server.RaftServerConfigKeys (ConfUtils.java:logGet(44)) - raft.server.sleep.deviation.threshold = 300ms (default)
2021-03-08 02:05:16,050 [pool-1081-thread-1] INFO  server.RaftServerConfigKeys (ConfUtils.java:logGet(44)) - raft.server.log.appender.install.snapshot.enabled = false (custom)
2021-03-08 02:05:16,050 [pool-1081-thread-1] INFO  server.RaftServer$Division (ServerState.java:<init>(105)) - 8be81fb1-89d0-4709-8656-3472d71d638b@group-73197B762FF1: ConfigurationManager, init=-1: [c7780af0-0f31-4130-b62a-7061a7bbaf6d|rpc:172.17.0.2:40671|dataStream:|priority:1, 2e2b7c4f-1fa0-4360-84eb-5aea739d5e5f|rpc:172.17.0.2:45357|dataStream:|priority:0, 8be81fb1-89d0-4709-8656-3472d71d638b|rpc:172.17.0.2:44187|dataStream:|priority:0], old=null, confs=<EMPTY_MAP>
2021-03-08 02:05:16,050 [pool-1081-thread-1] INFO  server.RaftServerConfigKeys (ConfUtils.java:logGet(44)) - raft.server.storage.dir = [/github/workspace/mnt/ozone/hadoop-ozone/integration-test/target/test-dir/MiniOzoneClusterImpl-ccaa8949-4e5a-4858-a1f5-413699190f1a/datanode-4/data/ratis] (custom)
2021-03-08 02:05:16,050 [pool-1081-thread-1] INFO  server.RaftServerConfigKeys (ConfUtils.java:logGet(44)) - raft.server.log.corruption.policy = EXCEPTION (default)
2021-03-08 02:05:16,050 [pool-1081-thread-1] INFO  storage.RaftStorageDirectory (RaftStorageDirectoryImpl.java:analyzeStorage(132)) - The storage directory /github/workspace/mnt/ozone/hadoop-ozone/integration-test/target/test-dir/MiniOzoneClusterImpl-ccaa8949-4e5a-4858-a1f5-413699190f1a/datanode-4/data/ratis/08a3fe71-0329-4143-ad3d-73197b762ff1 does not exist. Creating ...
2021-03-08 02:05:16,051 [pool-1081-thread-1] INFO  storage.RaftStorageDirectory (RaftStorageDirectoryImpl.java:tryLock(215)) - Lock on /github/workspace/mnt/ozone/hadoop-ozone/integration-test/target/test-dir/MiniOzoneClusterImpl-ccaa8949-4e5a-4858-a1f5-413699190f1a/datanode-4/data/ratis/08a3fe71-0329-4143-ad3d-73197b762ff1/in_use.lock acquired by nodename 32215@55665278a03a
2021-03-08 02:05:16,052 [pool-1081-thread-1] INFO  storage.RaftStorage (RaftStorageImpl.java:format(87)) - Storage directory /github/workspace/mnt/ozone/hadoop-ozone/integration-test/target/test-dir/MiniOzoneClusterImpl-ccaa8949-4e5a-4858-a1f5-413699190f1a/datanode-4/data/ratis/08a3fe71-0329-4143-ad3d-73197b762ff1 has been successfully formatted.
2021-03-08 02:05:16,053 [pool-1081-thread-1] INFO  ratis.ContainerStateMachine (ContainerStateMachine.java:loadSnapshot(223)) - group-73197B762FF1: The snapshot info is null. Setting the last applied indexto:(t:0, i:~)
2021-03-08 02:05:16,053 [EventQueue-PipelineReportForOneReplicaPipelineSafeModeRule] INFO  safemode.SCMSafeModeManager (SCMSafeModeManager.java:validateSafeModeExitRules(214)) - AtleastOneDatanodeReportedRule rule is successfully validated
2021-03-08 02:05:16,053 [pool-1081-thread-1] ERROR storage.RaftStorage (RaftStorageImpl.java:readRaftConfiguration(147)) - Failed reading configuration from file:/github/workspace/mnt/ozone/hadoop-ozone/integration-test/target/test-dir/MiniOzoneClusterImpl-ccaa8949-4e5a-4858-a1f5-413699190f1a/datanode-4/data/ratis/08a3fe71-0329-4143-ad3d-73197b762ff1/current/raft-meta.conf
java.io.FileNotFoundException: /github/workspace/mnt/ozone/hadoop-ozone/integration-test/target/test-dir/MiniOzoneClusterImpl-ccaa8949-4e5a-4858-a1f5-413699190f1a/datanode-4/data/ratis/08a3fe71-0329-4143-ad3d-73197b762ff1/current/raft-meta.conf (No such file or directory)
	at java.io.FileInputStream.open0(Native Method)
	at java.io.FileInputStream.open(FileInputStream.java:195)
	at java.io.FileInputStream.<init>(FileInputStream.java:138)
	at org.apache.ratis.server.storage.RaftStorageImpl.readRaftConfiguration(RaftStorageImpl.java:143)
	at org.apache.ratis.server.impl.ServerState.<init>(ServerState.java:122)
	at org.apache.ratis.server.impl.RaftServerImpl.<init>(RaftServerImpl.java:193)
	at org.apache.ratis.server.impl.RaftServerProxy.lambda$newRaftServerImpl$4(RaftServerProxy.java:266)
	at java.util.concurrent.CompletableFuture$AsyncSupply.run(CompletableFuture.java:1604)
	at java.util.concurrent.ThreadPoolExecutor.runWorker(ThreadPoolExecutor.java:1149)
	at java.util.concurrent.ThreadPoolExecutor$Worker.run(ThreadPoolExecutor.java:624)
	at java.lang.Thread.run(Thread.java:748)
2021-03-08 02:05:16,054 [pool-1081-thread-1] INFO  server.RaftServerConfigKeys (ConfUtils.java:logGet(44)) - raft.server.notification.no-leader.timeout = 300000ms (custom)
2021-03-08 02:05:16,054 [pool-1081-thread-1] INFO  server.RaftServerConfigKeys (ConfUtils.java:logGet(44)) - raft.server.log.use.memory = false (default)
2021-03-08 02:05:16,054 [pool-1081-thread-1] INFO  server.RaftServerConfigKeys (ConfUtils.java:logGet(44)) - raft.server.log.purge.gap = 1000000 (custom)
2021-03-08 02:05:16,054 [pool-1081-thread-1] INFO  server.RaftServerConfigKeys (ConfUtils.java:logGet(44)) - raft.server.log.appender.buffer.byte-limit = 33554432 (custom)
2021-03-08 02:05:16,054 [pool-1081-thread-1] INFO  metrics.RatisMetrics (RatisMetrics.java:lambda$create$0(36)) - Creating Metrics Registry : ratis.log_worker.8be81fb1-89d0-4709-8656-3472d71d638b@group-73197B762FF1
2021-03-08 02:05:16,054 [pool-1081-thread-1] INFO  server.RaftServerConfigKeys (ConfUtils.java:logGet(44)) - raft.server.log.segment.size.max = 1048576 (custom)
2021-03-08 02:05:16,055 [pool-1081-thread-1] INFO  server.RaftServerConfigKeys (ConfUtils.java:logGet(44)) - raft.server.log.segment.cache.num.max = 2 (custom)
2021-03-08 02:05:16,055 [pool-1081-thread-1] INFO  server.RaftServerConfigKeys (ConfUtils.java:logGet(44)) - raft.server.log.segment.cache.size.max = 200MB (=209715200) (default)
2021-03-08 02:05:16,055 [pool-1081-thread-1] INFO  segmented.SegmentedRaftLogWorker (SegmentedRaftLogWorker.java:<init>(181)) - new 8be81fb1-89d0-4709-8656-3472d71d638b@group-73197B762FF1-SegmentedRaftLogWorker for RaftStorageImpl:Storage Directory /github/workspace/mnt/ozone/hadoop-ozone/integration-test/target/test-dir/MiniOzoneClusterImpl-ccaa8949-4e5a-4858-a1f5-413699190f1a/datanode-4/data/ratis/08a3fe71-0329-4143-ad3d-73197b762ff1
2021-03-08 02:05:16,055 [pool-1081-thread-1] INFO  server.RaftServerConfigKeys (ConfUtils.java:logGet(44)) - raft.server.log.queue.byte-limit = 2147483647 (custom)
2021-03-08 02:05:16,056 [pool-1081-thread-1] INFO  server.RaftServerConfigKeys (ConfUtils.java:logGet(44)) - raft.server.log.queue.element-limit = 1024 (custom)
2021-03-08 02:05:16,056 [pool-1081-thread-1] INFO  server.RaftServerConfigKeys (ConfUtils.java:logGet(44)) - raft.server.log.segment.size.max = 1048576 (custom)
2021-03-08 02:05:16,056 [pool-1081-thread-1] INFO  server.RaftServerConfigKeys (ConfUtils.java:logGet(44)) - raft.server.log.preallocated.size = 16384 (custom)
2021-03-08 02:05:16,056 [pool-1081-thread-1] INFO  server.RaftServerConfigKeys (ConfUtils.java:logGet(44)) - raft.server.log.force.sync.num = 128 (default)
2021-03-08 02:05:16,056 [pool-1081-thread-1] INFO  server.RaftServerConfigKeys (ConfUtils.java:logGet(44)) - raft.server.log.statemachine.data.sync = true (default)
2021-03-08 02:05:16,056 [pool-1081-thread-1] INFO  server.RaftServerConfigKeys (ConfUtils.java:logGet(44)) - raft.server.log.statemachine.data.sync.timeout = 10s (default)
2021-03-08 02:05:16,056 [pool-1081-thread-1] INFO  server.RaftServerConfigKeys (ConfUtils.java:logGet(44)) - raft.server.log.statemachine.data.sync.timeout.retry = -1 (default)
2021-03-08 02:05:16,059 [pool-1081-thread-1] INFO  server.RaftServerConfigKeys (ConfUtils.java:logGet(44)) - raft.server.log.write.buffer.size = 1048576 (custom)
2021-03-08 02:05:16,059 [pool-1081-thread-1] INFO  server.RaftServerConfigKeys (ConfUtils.java:logGet(44)) - raft.server.log.statemachine.data.caching.enabled = true (custom)
2021-03-08 02:05:16,059 [pool-1081-thread-1] INFO  segmented.SegmentedRaftLogWorker (SegmentedRaftLogWorker.java:lambda$new$0(132)) - 8be81fb1-89d0-4709-8656-3472d71d638b@group-73197B762FF1-SegmentedRaftLogWorker: flushIndex: setUnconditionally 0 -> -1
2021-03-08 02:05:16,060 [pool-1081-thread-1] INFO  segmented.SegmentedRaftLogWorker (SegmentedRaftLogWorker.java:lambda$new$0(132)) - 8be81fb1-89d0-4709-8656-3472d71d638b@group-73197B762FF1-SegmentedRaftLogWorker: safeCacheEvictIndex: setUnconditionally 0 -> -1
2021-03-08 02:05:16,061 [pool-1081-thread-1] INFO  server.RaftServerConfigKeys (ConfUtils.java:logGet(44)) - raft.server.snapshot.auto.trigger.enabled = true (custom)
2021-03-08 02:05:16,061 [pool-1081-thread-1] INFO  server.RaftServerConfigKeys (ConfUtils.java:logGet(44)) - raft.server.snapshot.auto.trigger.threshold = 10000 (custom)
2021-03-08 02:05:16,061 [pool-1081-thread-1] INFO  server.RaftServerConfigKeys (ConfUtils.java:logGet(44)) - raft.server.snapshot.retention.file.num = 5 (custom)
2021-03-08 02:05:16,061 [pool-1081-thread-1] INFO  server.RaftServerConfigKeys (ConfUtils.java:logGet(44)) - raft.server.log.purge.upto.snapshot.index = false (default)
2021-03-08 02:05:16,061 [pool-1081-thread-1] INFO  server.RaftServerConfigKeys (ConfUtils.java:logGet(44)) - raft.server.retrycache.expirytime = 600000ms (custom)
2021-03-08 02:05:16,061 [pool-1081-thread-1] INFO  server.RaftServerConfigKeys (ConfUtils.java:logGet(44)) - raft.server.retrycache.statistics.expirytime = 100?s (default)
2021-03-08 02:05:16,061 [pool-1081-thread-1] INFO  metrics.RatisMetrics (RatisMetrics.java:lambda$create$0(36)) - Creating Metrics Registry : ratis.leader_election.8be81fb1-89d0-4709-8656-3472d71d638b@group-73197B762FF1
2021-03-08 02:05:16,062 [pool-1081-thread-1] INFO  metrics.RatisMetrics (RatisMetrics.java:lambda$create$0(36)) - Creating Metrics Registry : ratis.server.8be81fb1-89d0-4709-8656-3472d71d638b@group-73197B762FF1
2021-03-08 02:05:16,064 [pool-1081-thread-1] INFO  server.RaftServer$Division (RaftServerImpl.java:start(295)) - 8be81fb1-89d0-4709-8656-3472d71d638b@group-73197B762FF1: start as a follower, conf=-1: [c7780af0-0f31-4130-b62a-7061a7bbaf6d|rpc:172.17.0.2:40671|dataStream:|priority:1, 2e2b7c4f-1fa0-4360-84eb-5aea739d5e5f|rpc:172.17.0.2:45357|dataStream:|priority:0, 8be81fb1-89d0-4709-8656-3472d71d638b|rpc:172.17.0.2:44187|dataStream:|priority:0], old=null
2021-03-08 02:05:16,064 [pool-1081-thread-1] INFO  server.RaftServer$Division (RaftServerImpl.java:setRole(284)) - 8be81fb1-89d0-4709-8656-3472d71d638b@group-73197B762FF1: changes role from      null to FOLLOWER at term 0 for startAsFollower
2021-03-08 02:05:16,064 [pool-1081-thread-1] INFO  impl.RoleInfo (RoleInfo.java:updateAndGet(130)) - 8be81fb1-89d0-4709-8656-3472d71d638b: start 8be81fb1-89d0-4709-8656-3472d71d638b@group-73197B762FF1-FollowerState
2021-03-08 02:05:16,065 [pool-1081-thread-1] INFO  util.JmxRegister (JmxRegister.java:tryRegister(44)) - Successfully registered JMX Bean with object name Ratis:service=RaftServer,group=group-73197B762FF1,id=8be81fb1-89d0-4709-8656-3472d71d638b
2021-03-08 02:05:16,065 [pool-1081-thread-1] INFO  metrics.RatisMetrics (RatisMetrics.java:lambda$create$0(36)) - Creating Metrics Registry : ratis.state_machine.8be81fb1-89d0-4709-8656-3472d71d638b@group-73197B762FF1
2021-03-08 02:05:16,086 [Command processor thread] INFO  metrics.RatisMetrics (RatisMetrics.java:lambda$create$0(36)) - Creating Metrics Registry : ratis.client_message_metrics.client-65CD7D6A501F->c7780af0-0f31-4130-b62a-7061a7bbaf6d
2021-03-08 02:05:16,089 [grpc-default-executor-3] INFO  server.RaftServer (RaftServerProxy.java:addNew(95)) - c7780af0-0f31-4130-b62a-7061a7bbaf6d: addNew group-73197B762FF1:[c7780af0-0f31-4130-b62a-7061a7bbaf6d|rpc:172.17.0.2:40671|dataStream:|priority:1, 2e2b7c4f-1fa0-4360-84eb-5aea739d5e5f|rpc:172.17.0.2:45357|dataStream:|priority:0, 8be81fb1-89d0-4709-8656-3472d71d638b|rpc:172.17.0.2:44187|dataStream:|priority:0] returns group-73197B762FF1:java.util.concurrent.CompletableFuture@503bc85d[Not completed]
2021-03-08 02:05:16,090 [pool-1097-thread-1] INFO  server.RaftServer$Division (RaftServerImpl.java:<init>(180)) - c7780af0-0f31-4130-b62a-7061a7bbaf6d: new RaftServerImpl for group-73197B762FF1:[c7780af0-0f31-4130-b62a-7061a7bbaf6d|rpc:172.17.0.2:40671|dataStream:|priority:1, 2e2b7c4f-1fa0-4360-84eb-5aea739d5e5f|rpc:172.17.0.2:45357|dataStream:|priority:0, 8be81fb1-89d0-4709-8656-3472d71d638b|rpc:172.17.0.2:44187|dataStream:|priority:0] with ContainerStateMachine:uninitialized
2021-03-08 02:05:16,090 [pool-1097-thread-1] INFO  server.RaftServerConfigKeys (ConfUtils.java:logGet(44)) - raft.server.rpc.timeout.min = 5s (custom)
2021-03-08 02:05:16,090 [pool-1097-thread-1] INFO  server.RaftServerConfigKeys (ConfUtils.java:logGet(44)) - raft.server.rpc.timeout.max = 5200ms (custom)
2021-03-08 02:05:16,090 [pool-1097-thread-1] INFO  server.RaftServerConfigKeys (ConfUtils.java:logGet(44)) - raft.server.rpc.sleep.time = 25ms (default)
2021-03-08 02:05:16,090 [pool-1097-thread-1] INFO  server.RaftServerConfigKeys (ConfUtils.java:logGet(44)) - raft.server.rpc.slowness.timeout = 300000ms (custom)
2021-03-08 02:05:16,090 [pool-1097-thread-1] INFO  server.RaftServerConfigKeys (ConfUtils.java:logGet(44)) - raft.server.leaderelection.leader.step-down.wait-time = 10s (default)
2021-03-08 02:05:16,090 [pool-1097-thread-1] INFO  server.RaftServerConfigKeys (ConfUtils.java:logGet(44)) - raft.server.sleep.deviation.threshold = 300ms (default)
2021-03-08 02:05:16,090 [pool-1097-thread-1] INFO  server.RaftServerConfigKeys (ConfUtils.java:logGet(44)) - raft.server.log.appender.install.snapshot.enabled = false (custom)
2021-03-08 02:05:16,090 [pool-1097-thread-1] INFO  server.RaftServer$Division (ServerState.java:<init>(105)) - c7780af0-0f31-4130-b62a-7061a7bbaf6d@group-73197B762FF1: ConfigurationManager, init=-1: [c7780af0-0f31-4130-b62a-7061a7bbaf6d|rpc:172.17.0.2:40671|dataStream:|priority:1, 2e2b7c4f-1fa0-4360-84eb-5aea739d5e5f|rpc:172.17.0.2:45357|dataStream:|priority:0, 8be81fb1-89d0-4709-8656-3472d71d638b|rpc:172.17.0.2:44187|dataStream:|priority:0], old=null, confs=<EMPTY_MAP>
2021-03-08 02:05:16,090 [pool-1097-thread-1] INFO  server.RaftServerConfigKeys (ConfUtils.java:logGet(44)) - raft.server.storage.dir = [/github/workspace/mnt/ozone/hadoop-ozone/integration-test/target/test-dir/MiniOzoneClusterImpl-ccaa8949-4e5a-4858-a1f5-413699190f1a/datanode-5/data/ratis] (custom)
2021-03-08 02:05:16,091 [pool-1097-thread-1] INFO  server.RaftServerConfigKeys (ConfUtils.java:logGet(44)) - raft.server.log.corruption.policy = EXCEPTION (default)
2021-03-08 02:05:16,091 [pool-1097-thread-1] INFO  storage.RaftStorageDirectory (RaftStorageDirectoryImpl.java:analyzeStorage(132)) - The storage directory /github/workspace/mnt/ozone/hadoop-ozone/integration-test/target/test-dir/MiniOzoneClusterImpl-ccaa8949-4e5a-4858-a1f5-413699190f1a/datanode-5/data/ratis/08a3fe71-0329-4143-ad3d-73197b762ff1 does not exist. Creating ...
2021-03-08 02:05:16,092 [pool-1097-thread-1] INFO  storage.RaftStorageDirectory (RaftStorageDirectoryImpl.java:tryLock(215)) - Lock on /github/workspace/mnt/ozone/hadoop-ozone/integration-test/target/test-dir/MiniOzoneClusterImpl-ccaa8949-4e5a-4858-a1f5-413699190f1a/datanode-5/data/ratis/08a3fe71-0329-4143-ad3d-73197b762ff1/in_use.lock acquired by nodename 32215@55665278a03a
2021-03-08 02:05:16,093 [pool-1097-thread-1] INFO  storage.RaftStorage (RaftStorageImpl.java:format(87)) - Storage directory /github/workspace/mnt/ozone/hadoop-ozone/integration-test/target/test-dir/MiniOzoneClusterImpl-ccaa8949-4e5a-4858-a1f5-413699190f1a/datanode-5/data/ratis/08a3fe71-0329-4143-ad3d-73197b762ff1 has been successfully formatted.
2021-03-08 02:05:16,094 [pool-1097-thread-1] INFO  ratis.ContainerStateMachine (ContainerStateMachine.java:loadSnapshot(223)) - group-73197B762FF1: The snapshot info is null. Setting the last applied indexto:(t:0, i:~)
2021-03-08 02:05:16,094 [pool-1097-thread-1] ERROR storage.RaftStorage (RaftStorageImpl.java:readRaftConfiguration(147)) - Failed reading configuration from file:/github/workspace/mnt/ozone/hadoop-ozone/integration-test/target/test-dir/MiniOzoneClusterImpl-ccaa8949-4e5a-4858-a1f5-413699190f1a/datanode-5/data/ratis/08a3fe71-0329-4143-ad3d-73197b762ff1/current/raft-meta.conf
java.io.FileNotFoundException: /github/workspace/mnt/ozone/hadoop-ozone/integration-test/target/test-dir/MiniOzoneClusterImpl-ccaa8949-4e5a-4858-a1f5-413699190f1a/datanode-5/data/ratis/08a3fe71-0329-4143-ad3d-73197b762ff1/current/raft-meta.conf (No such file or directory)
	at java.io.FileInputStream.open0(Native Method)
	at java.io.FileInputStream.open(FileInputStream.java:195)
	at java.io.FileInputStream.<init>(FileInputStream.java:138)
	at org.apache.ratis.server.storage.RaftStorageImpl.readRaftConfiguration(RaftStorageImpl.java:143)
	at org.apache.ratis.server.impl.ServerState.<init>(ServerState.java:122)
	at org.apache.ratis.server.impl.RaftServerImpl.<init>(RaftServerImpl.java:193)
	at org.apache.ratis.server.impl.RaftServerProxy.lambda$newRaftServerImpl$4(RaftServerProxy.java:266)
	at java.util.concurrent.CompletableFuture$AsyncSupply.run(CompletableFuture.java:1604)
	at java.util.concurrent.ThreadPoolExecutor.runWorker(ThreadPoolExecutor.java:1149)
	at java.util.concurrent.ThreadPoolExecutor$Worker.run(ThreadPoolExecutor.java:624)
	at java.lang.Thread.run(Thread.java:748)
2021-03-08 02:05:16,094 [EventQueue-PipelineReportForOneReplicaPipelineSafeModeRule] INFO  safemode.SCMSafeModeManager (SCMSafeModeManager.java:validateSafeModeExitRules(214)) - AtleastOneDatanodeReportedRule rule is successfully validated
2021-03-08 02:05:16,097 [pool-1097-thread-1] INFO  server.RaftServerConfigKeys (ConfUtils.java:logGet(44)) - raft.server.notification.no-leader.timeout = 300000ms (custom)
2021-03-08 02:05:16,097 [pool-1097-thread-1] INFO  server.RaftServerConfigKeys (ConfUtils.java:logGet(44)) - raft.server.log.use.memory = false (default)
2021-03-08 02:05:16,097 [pool-1097-thread-1] INFO  server.RaftServerConfigKeys (ConfUtils.java:logGet(44)) - raft.server.log.purge.gap = 1000000 (custom)
2021-03-08 02:05:16,097 [pool-1097-thread-1] INFO  server.RaftServerConfigKeys (ConfUtils.java:logGet(44)) - raft.server.log.appender.buffer.byte-limit = 33554432 (custom)
2021-03-08 02:05:16,097 [pool-1097-thread-1] INFO  metrics.RatisMetrics (RatisMetrics.java:lambda$create$0(36)) - Creating Metrics Registry : ratis.log_worker.c7780af0-0f31-4130-b62a-7061a7bbaf6d@group-73197B762FF1
2021-03-08 02:05:16,098 [pool-1097-thread-1] INFO  server.RaftServerConfigKeys (ConfUtils.java:logGet(44)) - raft.server.log.segment.size.max = 1048576 (custom)
2021-03-08 02:05:16,099 [pool-1097-thread-1] INFO  server.RaftServerConfigKeys (ConfUtils.java:logGet(44)) - raft.server.log.segment.cache.num.max = 2 (custom)
2021-03-08 02:05:16,099 [pool-1097-thread-1] INFO  server.RaftServerConfigKeys (ConfUtils.java:logGet(44)) - raft.server.log.segment.cache.size.max = 200MB (=209715200) (default)
2021-03-08 02:05:16,099 [pool-1097-thread-1] INFO  segmented.SegmentedRaftLogWorker (SegmentedRaftLogWorker.java:<init>(181)) - new c7780af0-0f31-4130-b62a-7061a7bbaf6d@group-73197B762FF1-SegmentedRaftLogWorker for RaftStorageImpl:Storage Directory /github/workspace/mnt/ozone/hadoop-ozone/integration-test/target/test-dir/MiniOzoneClusterImpl-ccaa8949-4e5a-4858-a1f5-413699190f1a/datanode-5/data/ratis/08a3fe71-0329-4143-ad3d-73197b762ff1
2021-03-08 02:05:16,099 [pool-1097-thread-1] INFO  server.RaftServerConfigKeys (ConfUtils.java:logGet(44)) - raft.server.log.queue.byte-limit = 2147483647 (custom)
2021-03-08 02:05:16,099 [pool-1097-thread-1] INFO  server.RaftServerConfigKeys (ConfUtils.java:logGet(44)) - raft.server.log.queue.element-limit = 1024 (custom)
2021-03-08 02:05:16,099 [pool-1097-thread-1] INFO  server.RaftServerConfigKeys (ConfUtils.java:logGet(44)) - raft.server.log.segment.size.max = 1048576 (custom)
2021-03-08 02:05:16,099 [pool-1097-thread-1] INFO  server.RaftServerConfigKeys (ConfUtils.java:logGet(44)) - raft.server.log.preallocated.size = 16384 (custom)
2021-03-08 02:05:16,099 [pool-1097-thread-1] INFO  server.RaftServerConfigKeys (ConfUtils.java:logGet(44)) - raft.server.log.force.sync.num = 128 (default)
2021-03-08 02:05:16,099 [pool-1097-thread-1] INFO  server.RaftServerConfigKeys (ConfUtils.java:logGet(44)) - raft.server.log.statemachine.data.sync = true (default)
2021-03-08 02:05:16,099 [pool-1097-thread-1] INFO  server.RaftServerConfigKeys (ConfUtils.java:logGet(44)) - raft.server.log.statemachine.data.sync.timeout = 10s (default)
2021-03-08 02:05:16,099 [pool-1097-thread-1] INFO  server.RaftServerConfigKeys (ConfUtils.java:logGet(44)) - raft.server.log.statemachine.data.sync.timeout.retry = -1 (default)
2021-03-08 02:05:16,102 [pool-1097-thread-1] INFO  server.RaftServerConfigKeys (ConfUtils.java:logGet(44)) - raft.server.log.write.buffer.size = 1048576 (custom)
2021-03-08 02:05:16,103 [pool-1097-thread-1] INFO  server.RaftServerConfigKeys (ConfUtils.java:logGet(44)) - raft.server.log.statemachine.data.caching.enabled = true (custom)
2021-03-08 02:05:16,103 [pool-1097-thread-1] INFO  segmented.SegmentedRaftLogWorker (SegmentedRaftLogWorker.java:lambda$new$0(132)) - c7780af0-0f31-4130-b62a-7061a7bbaf6d@group-73197B762FF1-SegmentedRaftLogWorker: flushIndex: setUnconditionally 0 -> -1
2021-03-08 02:05:16,103 [pool-1097-thread-1] INFO  segmented.SegmentedRaftLogWorker (SegmentedRaftLogWorker.java:lambda$new$0(132)) - c7780af0-0f31-4130-b62a-7061a7bbaf6d@group-73197B762FF1-SegmentedRaftLogWorker: safeCacheEvictIndex: setUnconditionally 0 -> -1
2021-03-08 02:05:16,103 [pool-1097-thread-1] INFO  server.RaftServerConfigKeys (ConfUtils.java:logGet(44)) - raft.server.snapshot.auto.trigger.enabled = true (custom)
2021-03-08 02:05:16,103 [pool-1097-thread-1] INFO  server.RaftServerConfigKeys (ConfUtils.java:logGet(44)) - raft.server.snapshot.auto.trigger.threshold = 10000 (custom)
2021-03-08 02:05:16,103 [pool-1097-thread-1] INFO  server.RaftServerConfigKeys (ConfUtils.java:logGet(44)) - raft.server.snapshot.retention.file.num = 5 (custom)
2021-03-08 02:05:16,103 [pool-1097-thread-1] INFO  server.RaftServerConfigKeys (ConfUtils.java:logGet(44)) - raft.server.log.purge.upto.snapshot.index = false (default)
2021-03-08 02:05:16,103 [pool-1097-thread-1] INFO  server.RaftServerConfigKeys (ConfUtils.java:logGet(44)) - raft.server.retrycache.expirytime = 600000ms (custom)
2021-03-08 02:05:16,103 [pool-1097-thread-1] INFO  server.RaftServerConfigKeys (ConfUtils.java:logGet(44)) - raft.server.retrycache.statistics.expirytime = 100?s (default)
2021-03-08 02:05:16,103 [pool-1097-thread-1] INFO  metrics.RatisMetrics (RatisMetrics.java:lambda$create$0(36)) - Creating Metrics Registry : ratis.leader_election.c7780af0-0f31-4130-b62a-7061a7bbaf6d@group-73197B762FF1
2021-03-08 02:05:16,104 [pool-1097-thread-1] INFO  metrics.RatisMetrics (RatisMetrics.java:lambda$create$0(36)) - Creating Metrics Registry : ratis.server.c7780af0-0f31-4130-b62a-7061a7bbaf6d@group-73197B762FF1
2021-03-08 02:05:16,107 [pool-1097-thread-1] INFO  server.RaftServer$Division (RaftServerImpl.java:start(295)) - c7780af0-0f31-4130-b62a-7061a7bbaf6d@group-73197B762FF1: start as a follower, conf=-1: [c7780af0-0f31-4130-b62a-7061a7bbaf6d|rpc:172.17.0.2:40671|dataStream:|priority:1, 2e2b7c4f-1fa0-4360-84eb-5aea739d5e5f|rpc:172.17.0.2:45357|dataStream:|priority:0, 8be81fb1-89d0-4709-8656-3472d71d638b|rpc:172.17.0.2:44187|dataStream:|priority:0], old=null
2021-03-08 02:05:16,107 [pool-1097-thread-1] INFO  server.RaftServer$Division (RaftServerImpl.java:setRole(284)) - c7780af0-0f31-4130-b62a-7061a7bbaf6d@group-73197B762FF1: changes role from      null to FOLLOWER at term 0 for startAsFollower
2021-03-08 02:05:16,107 [pool-1097-thread-1] INFO  impl.RoleInfo (RoleInfo.java:updateAndGet(130)) - c7780af0-0f31-4130-b62a-7061a7bbaf6d: start c7780af0-0f31-4130-b62a-7061a7bbaf6d@group-73197B762FF1-FollowerState
2021-03-08 02:05:16,107 [pool-1097-thread-1] INFO  util.JmxRegister (JmxRegister.java:tryRegister(44)) - Successfully registered JMX Bean with object name Ratis:service=RaftServer,group=group-73197B762FF1,id=c7780af0-0f31-4130-b62a-7061a7bbaf6d
2021-03-08 02:05:16,107 [pool-1097-thread-1] INFO  metrics.RatisMetrics (RatisMetrics.java:lambda$create$0(36)) - Creating Metrics Registry : ratis.state_machine.c7780af0-0f31-4130-b62a-7061a7bbaf6d@group-73197B762FF1
2021-03-08 02:05:16,110 [Command processor thread] INFO  commandhandler.CreatePipelineCommandHandler (CreatePipelineCommandHandler.java:handle(106)) - Created Pipeline RATIS THREE PipelineID=08a3fe71-0329-4143-ad3d-73197b762ff1.
2021-03-08 02:05:16,110 [Command processor thread] INFO  server.RaftServer (RaftServerProxy.java:addNew(95)) - 2e2b7c4f-1fa0-4360-84eb-5aea739d5e5f: addNew group-95D3DD7D5F09:[c7780af0-0f31-4130-b62a-7061a7bbaf6d|rpc:172.17.0.2:40671|priority:0, 2e2b7c4f-1fa0-4360-84eb-5aea739d5e5f|rpc:172.17.0.2:45357|priority:1, 8be81fb1-89d0-4709-8656-3472d71d638b|rpc:172.17.0.2:44187|priority:0] returns group-95D3DD7D5F09:java.util.concurrent.CompletableFuture@49e15be8[Not completed]
2021-03-08 02:05:16,111 [pool-1065-thread-1] INFO  server.RaftServer$Division (RaftServerImpl.java:<init>(180)) - 2e2b7c4f-1fa0-4360-84eb-5aea739d5e5f: new RaftServerImpl for group-95D3DD7D5F09:[c7780af0-0f31-4130-b62a-7061a7bbaf6d|rpc:172.17.0.2:40671|priority:0, 2e2b7c4f-1fa0-4360-84eb-5aea739d5e5f|rpc:172.17.0.2:45357|priority:1, 8be81fb1-89d0-4709-8656-3472d71d638b|rpc:172.17.0.2:44187|priority:0] with ContainerStateMachine:uninitialized
2021-03-08 02:05:16,111 [pool-1065-thread-1] INFO  server.RaftServerConfigKeys (ConfUtils.java:logGet(44)) - raft.server.rpc.timeout.min = 5s (custom)
2021-03-08 02:05:16,111 [pool-1065-thread-1] INFO  server.RaftServerConfigKeys (ConfUtils.java:logGet(44)) - raft.server.rpc.timeout.max = 5200ms (custom)
2021-03-08 02:05:16,111 [pool-1065-thread-1] INFO  server.RaftServerConfigKeys (ConfUtils.java:logGet(44)) - raft.server.rpc.sleep.time = 25ms (default)
2021-03-08 02:05:16,111 [pool-1065-thread-1] INFO  server.RaftServerConfigKeys (ConfUtils.java:logGet(44)) - raft.server.rpc.slowness.timeout = 300000ms (custom)
2021-03-08 02:05:16,111 [pool-1065-thread-1] INFO  server.RaftServerConfigKeys (ConfUtils.java:logGet(44)) - raft.server.leaderelection.leader.step-down.wait-time = 10s (default)
2021-03-08 02:05:16,111 [pool-1065-thread-1] INFO  server.RaftServerConfigKeys (ConfUtils.java:logGet(44)) - raft.server.sleep.deviation.threshold = 300ms (default)
2021-03-08 02:05:16,111 [pool-1065-thread-1] INFO  server.RaftServerConfigKeys (ConfUtils.java:logGet(44)) - raft.server.log.appender.install.snapshot.enabled = false (custom)
2021-03-08 02:05:16,111 [pool-1065-thread-1] INFO  server.RaftServer$Division (ServerState.java:<init>(105)) - 2e2b7c4f-1fa0-4360-84eb-5aea739d5e5f@group-95D3DD7D5F09: ConfigurationManager, init=-1: [c7780af0-0f31-4130-b62a-7061a7bbaf6d|rpc:172.17.0.2:40671|priority:0, 2e2b7c4f-1fa0-4360-84eb-5aea739d5e5f|rpc:172.17.0.2:45357|priority:1, 8be81fb1-89d0-4709-8656-3472d71d638b|rpc:172.17.0.2:44187|priority:0], old=null, confs=<EMPTY_MAP>
2021-03-08 02:05:16,111 [pool-1065-thread-1] INFO  server.RaftServerConfigKeys (ConfUtils.java:logGet(44)) - raft.server.storage.dir = [/github/workspace/mnt/ozone/hadoop-ozone/integration-test/target/test-dir/MiniOzoneClusterImpl-ccaa8949-4e5a-4858-a1f5-413699190f1a/datanode-3/data/ratis] (custom)
2021-03-08 02:05:16,111 [pool-1065-thread-1] INFO  server.RaftServerConfigKeys (ConfUtils.java:logGet(44)) - raft.server.log.corruption.policy = EXCEPTION (default)
2021-03-08 02:05:16,111 [pool-1065-thread-1] INFO  storage.RaftStorageDirectory (RaftStorageDirectoryImpl.java:analyzeStorage(132)) - The storage directory /github/workspace/mnt/ozone/hadoop-ozone/integration-test/target/test-dir/MiniOzoneClusterImpl-ccaa8949-4e5a-4858-a1f5-413699190f1a/datanode-3/data/ratis/b6143ebd-b803-4b83-aecd-95d3dd7d5f09 does not exist. Creating ...
2021-03-08 02:05:16,113 [pool-1065-thread-1] INFO  storage.RaftStorageDirectory (RaftStorageDirectoryImpl.java:tryLock(215)) - Lock on /github/workspace/mnt/ozone/hadoop-ozone/integration-test/target/test-dir/MiniOzoneClusterImpl-ccaa8949-4e5a-4858-a1f5-413699190f1a/datanode-3/data/ratis/b6143ebd-b803-4b83-aecd-95d3dd7d5f09/in_use.lock acquired by nodename 32215@55665278a03a
2021-03-08 02:05:16,113 [pool-1065-thread-1] INFO  storage.RaftStorage (RaftStorageImpl.java:format(87)) - Storage directory /github/workspace/mnt/ozone/hadoop-ozone/integration-test/target/test-dir/MiniOzoneClusterImpl-ccaa8949-4e5a-4858-a1f5-413699190f1a/datanode-3/data/ratis/b6143ebd-b803-4b83-aecd-95d3dd7d5f09 has been successfully formatted.
2021-03-08 02:05:16,114 [pool-1065-thread-1] INFO  ratis.ContainerStateMachine (ContainerStateMachine.java:loadSnapshot(223)) - group-95D3DD7D5F09: The snapshot info is null. Setting the last applied indexto:(t:0, i:~)
2021-03-08 02:05:16,114 [pool-1065-thread-1] ERROR storage.RaftStorage (RaftStorageImpl.java:readRaftConfiguration(147)) - Failed reading configuration from file:/github/workspace/mnt/ozone/hadoop-ozone/integration-test/target/test-dir/MiniOzoneClusterImpl-ccaa8949-4e5a-4858-a1f5-413699190f1a/datanode-3/data/ratis/b6143ebd-b803-4b83-aecd-95d3dd7d5f09/current/raft-meta.conf
java.io.FileNotFoundException: /github/workspace/mnt/ozone/hadoop-ozone/integration-test/target/test-dir/MiniOzoneClusterImpl-ccaa8949-4e5a-4858-a1f5-413699190f1a/datanode-3/data/ratis/b6143ebd-b803-4b83-aecd-95d3dd7d5f09/current/raft-meta.conf (No such file or directory)
	at java.io.FileInputStream.open0(Native Method)
	at java.io.FileInputStream.open(FileInputStream.java:195)
	at java.io.FileInputStream.<init>(FileInputStream.java:138)
	at org.apache.ratis.server.storage.RaftStorageImpl.readRaftConfiguration(RaftStorageImpl.java:143)
	at org.apache.ratis.server.impl.ServerState.<init>(ServerState.java:122)
	at org.apache.ratis.server.impl.RaftServerImpl.<init>(RaftServerImpl.java:193)
	at org.apache.ratis.server.impl.RaftServerProxy.lambda$newRaftServerImpl$4(RaftServerProxy.java:266)
	at java.util.concurrent.CompletableFuture$AsyncSupply.run(CompletableFuture.java:1604)
	at java.util.concurrent.ThreadPoolExecutor.runWorker(ThreadPoolExecutor.java:1149)
	at java.util.concurrent.ThreadPoolExecutor$Worker.run(ThreadPoolExecutor.java:624)
	at java.lang.Thread.run(Thread.java:748)
2021-03-08 02:05:16,114 [pool-1065-thread-1] INFO  server.RaftServerConfigKeys (ConfUtils.java:logGet(44)) - raft.server.notification.no-leader.timeout = 300000ms (custom)
2021-03-08 02:05:16,114 [EventQueue-OpenPipelineForHealthyPipelineSafeModeRule] INFO  safemode.SCMSafeModeManager (HealthyPipelineSafeModeRule.java:process(128)) - SCM in safe mode. Healthy pipelines reported count is 0, required healthy pipeline reported count is 1
2021-03-08 02:05:16,114 [EventQueue-PipelineReportForOneReplicaPipelineSafeModeRule] INFO  safemode.SCMSafeModeManager (SCMSafeModeManager.java:validateSafeModeExitRules(214)) - AtleastOneDatanodeReportedRule rule is successfully validated
2021-03-08 02:05:16,114 [pool-1065-thread-1] INFO  server.RaftServerConfigKeys (ConfUtils.java:logGet(44)) - raft.server.log.use.memory = false (default)
2021-03-08 02:05:16,115 [pool-1065-thread-1] INFO  server.RaftServerConfigKeys (ConfUtils.java:logGet(44)) - raft.server.log.purge.gap = 1000000 (custom)
2021-03-08 02:05:16,115 [pool-1065-thread-1] INFO  server.RaftServerConfigKeys (ConfUtils.java:logGet(44)) - raft.server.log.appender.buffer.byte-limit = 33554432 (custom)
2021-03-08 02:05:16,115 [pool-1065-thread-1] INFO  metrics.RatisMetrics (RatisMetrics.java:lambda$create$0(36)) - Creating Metrics Registry : ratis.log_worker.2e2b7c4f-1fa0-4360-84eb-5aea739d5e5f@group-95D3DD7D5F09
2021-03-08 02:05:16,115 [pool-1065-thread-1] INFO  server.RaftServerConfigKeys (ConfUtils.java:logGet(44)) - raft.server.log.segment.size.max = 1048576 (custom)
2021-03-08 02:05:16,116 [pool-1065-thread-1] INFO  server.RaftServerConfigKeys (ConfUtils.java:logGet(44)) - raft.server.log.segment.cache.num.max = 2 (custom)
2021-03-08 02:05:16,116 [pool-1065-thread-1] INFO  server.RaftServerConfigKeys (ConfUtils.java:logGet(44)) - raft.server.log.segment.cache.size.max = 200MB (=209715200) (default)
2021-03-08 02:05:16,116 [pool-1065-thread-1] INFO  segmented.SegmentedRaftLogWorker (SegmentedRaftLogWorker.java:<init>(181)) - new 2e2b7c4f-1fa0-4360-84eb-5aea739d5e5f@group-95D3DD7D5F09-SegmentedRaftLogWorker for RaftStorageImpl:Storage Directory /github/workspace/mnt/ozone/hadoop-ozone/integration-test/target/test-dir/MiniOzoneClusterImpl-ccaa8949-4e5a-4858-a1f5-413699190f1a/datanode-3/data/ratis/b6143ebd-b803-4b83-aecd-95d3dd7d5f09
2021-03-08 02:05:16,116 [pool-1065-thread-1] INFO  server.RaftServerConfigKeys (ConfUtils.java:logGet(44)) - raft.server.log.queue.byte-limit = 2147483647 (custom)
2021-03-08 02:05:16,116 [pool-1065-thread-1] INFO  server.RaftServerConfigKeys (ConfUtils.java:logGet(44)) - raft.server.log.queue.element-limit = 1024 (custom)
2021-03-08 02:05:16,116 [pool-1065-thread-1] INFO  server.RaftServerConfigKeys (ConfUtils.java:logGet(44)) - raft.server.log.segment.size.max = 1048576 (custom)
2021-03-08 02:05:16,116 [pool-1065-thread-1] INFO  server.RaftServerConfigKeys (ConfUtils.java:logGet(44)) - raft.server.log.preallocated.size = 16384 (custom)
2021-03-08 02:05:16,117 [pool-1065-thread-1] INFO  server.RaftServerConfigKeys (ConfUtils.java:logGet(44)) - raft.server.log.force.sync.num = 128 (default)
2021-03-08 02:05:16,117 [pool-1065-thread-1] INFO  server.RaftServerConfigKeys (ConfUtils.java:logGet(44)) - raft.server.log.statemachine.data.sync = true (default)
2021-03-08 02:05:16,117 [pool-1065-thread-1] INFO  server.RaftServerConfigKeys (ConfUtils.java:logGet(44)) - raft.server.log.statemachine.data.sync.timeout = 10s (default)
2021-03-08 02:05:16,117 [pool-1065-thread-1] INFO  server.RaftServerConfigKeys (ConfUtils.java:logGet(44)) - raft.server.log.statemachine.data.sync.timeout.retry = -1 (default)
2021-03-08 02:05:16,119 [pool-1065-thread-1] INFO  server.RaftServerConfigKeys (ConfUtils.java:logGet(44)) - raft.server.log.write.buffer.size = 1048576 (custom)
2021-03-08 02:05:16,120 [pool-1065-thread-1] INFO  server.RaftServerConfigKeys (ConfUtils.java:logGet(44)) - raft.server.log.statemachine.data.caching.enabled = true (custom)
2021-03-08 02:05:16,120 [pool-1065-thread-1] INFO  segmented.SegmentedRaftLogWorker (SegmentedRaftLogWorker.java:lambda$new$0(132)) - 2e2b7c4f-1fa0-4360-84eb-5aea739d5e5f@group-95D3DD7D5F09-SegmentedRaftLogWorker: flushIndex: setUnconditionally 0 -> -1
2021-03-08 02:05:16,120 [pool-1065-thread-1] INFO  segmented.SegmentedRaftLogWorker (SegmentedRaftLogWorker.java:lambda$new$0(132)) - 2e2b7c4f-1fa0-4360-84eb-5aea739d5e5f@group-95D3DD7D5F09-SegmentedRaftLogWorker: safeCacheEvictIndex: setUnconditionally 0 -> -1
2021-03-08 02:05:16,120 [pool-1065-thread-1] INFO  server.RaftServerConfigKeys (ConfUtils.java:logGet(44)) - raft.server.snapshot.auto.trigger.enabled = true (custom)
2021-03-08 02:05:16,120 [pool-1065-thread-1] INFO  server.RaftServerConfigKeys (ConfUtils.java:logGet(44)) - raft.server.snapshot.auto.trigger.threshold = 10000 (custom)
2021-03-08 02:05:16,120 [pool-1065-thread-1] INFO  server.RaftServerConfigKeys (ConfUtils.java:logGet(44)) - raft.server.snapshot.retention.file.num = 5 (custom)
2021-03-08 02:05:16,120 [pool-1065-thread-1] INFO  server.RaftServerConfigKeys (ConfUtils.java:logGet(44)) - raft.server.log.purge.upto.snapshot.index = false (default)
2021-03-08 02:05:16,121 [pool-1065-thread-1] INFO  server.RaftServerConfigKeys (ConfUtils.java:logGet(44)) - raft.server.retrycache.expirytime = 600000ms (custom)
2021-03-08 02:05:16,121 [pool-1065-thread-1] INFO  server.RaftServerConfigKeys (ConfUtils.java:logGet(44)) - raft.server.retrycache.statistics.expirytime = 100?s (default)
2021-03-08 02:05:16,121 [pool-1065-thread-1] INFO  metrics.RatisMetrics (RatisMetrics.java:lambda$create$0(36)) - Creating Metrics Registry : ratis.leader_election.2e2b7c4f-1fa0-4360-84eb-5aea739d5e5f@group-95D3DD7D5F09
2021-03-08 02:05:16,122 [pool-1065-thread-1] INFO  metrics.RatisMetrics (RatisMetrics.java:lambda$create$0(36)) - Creating Metrics Registry : ratis.server.2e2b7c4f-1fa0-4360-84eb-5aea739d5e5f@group-95D3DD7D5F09
2021-03-08 02:05:16,124 [pool-1065-thread-1] INFO  server.RaftServer$Division (RaftServerImpl.java:start(295)) - 2e2b7c4f-1fa0-4360-84eb-5aea739d5e5f@group-95D3DD7D5F09: start as a follower, conf=-1: [c7780af0-0f31-4130-b62a-7061a7bbaf6d|rpc:172.17.0.2:40671|priority:0, 2e2b7c4f-1fa0-4360-84eb-5aea739d5e5f|rpc:172.17.0.2:45357|priority:1, 8be81fb1-89d0-4709-8656-3472d71d638b|rpc:172.17.0.2:44187|priority:0], old=null
2021-03-08 02:05:16,124 [pool-1065-thread-1] INFO  server.RaftServer$Division (RaftServerImpl.java:setRole(284)) - 2e2b7c4f-1fa0-4360-84eb-5aea739d5e5f@group-95D3DD7D5F09: changes role from      null to FOLLOWER at term 0 for startAsFollower
2021-03-08 02:05:16,124 [pool-1065-thread-1] INFO  impl.RoleInfo (RoleInfo.java:updateAndGet(130)) - 2e2b7c4f-1fa0-4360-84eb-5aea739d5e5f: start 2e2b7c4f-1fa0-4360-84eb-5aea739d5e5f@group-95D3DD7D5F09-FollowerState
2021-03-08 02:05:16,124 [pool-1065-thread-1] INFO  util.JmxRegister (JmxRegister.java:tryRegister(44)) - Successfully registered JMX Bean with object name Ratis:service=RaftServer,group=group-95D3DD7D5F09,id=2e2b7c4f-1fa0-4360-84eb-5aea739d5e5f
2021-03-08 02:05:16,124 [pool-1065-thread-1] INFO  metrics.RatisMetrics (RatisMetrics.java:lambda$create$0(36)) - Creating Metrics Registry : ratis.state_machine.2e2b7c4f-1fa0-4360-84eb-5aea739d5e5f@group-95D3DD7D5F09
2021-03-08 02:05:16,126 [Command processor thread] INFO  metrics.RatisMetrics (RatisMetrics.java:lambda$create$0(36)) - Creating Metrics Registry : ratis.client_message_metrics.client-9C0A56A9FDD4->c7780af0-0f31-4130-b62a-7061a7bbaf6d
2021-03-08 02:05:16,130 [grpc-default-executor-3] INFO  server.RaftServer (RaftServerProxy.java:addNew(95)) - c7780af0-0f31-4130-b62a-7061a7bbaf6d: addNew group-95D3DD7D5F09:[c7780af0-0f31-4130-b62a-7061a7bbaf6d|rpc:172.17.0.2:40671|dataStream:|priority:0, 2e2b7c4f-1fa0-4360-84eb-5aea739d5e5f|rpc:172.17.0.2:45357|dataStream:|priority:1, 8be81fb1-89d0-4709-8656-3472d71d638b|rpc:172.17.0.2:44187|dataStream:|priority:0] returns group-95D3DD7D5F09:java.util.concurrent.CompletableFuture@22d2f68e[Not completed]
2021-03-08 02:05:16,130 [pool-1097-thread-1] INFO  server.RaftServer$Division (RaftServerImpl.java:<init>(180)) - c7780af0-0f31-4130-b62a-7061a7bbaf6d: new RaftServerImpl for group-95D3DD7D5F09:[c7780af0-0f31-4130-b62a-7061a7bbaf6d|rpc:172.17.0.2:40671|dataStream:|priority:0, 2e2b7c4f-1fa0-4360-84eb-5aea739d5e5f|rpc:172.17.0.2:45357|dataStream:|priority:1, 8be81fb1-89d0-4709-8656-3472d71d638b|rpc:172.17.0.2:44187|dataStream:|priority:0] with ContainerStateMachine:uninitialized
2021-03-08 02:05:16,130 [pool-1097-thread-1] INFO  server.RaftServerConfigKeys (ConfUtils.java:logGet(44)) - raft.server.rpc.timeout.min = 5s (custom)
2021-03-08 02:05:16,130 [pool-1097-thread-1] INFO  server.RaftServerConfigKeys (ConfUtils.java:logGet(44)) - raft.server.rpc.timeout.max = 5200ms (custom)
2021-03-08 02:05:16,130 [pool-1097-thread-1] INFO  server.RaftServerConfigKeys (ConfUtils.java:logGet(44)) - raft.server.rpc.sleep.time = 25ms (default)
2021-03-08 02:05:16,130 [pool-1097-thread-1] INFO  server.RaftServerConfigKeys (ConfUtils.java:logGet(44)) - raft.server.rpc.slowness.timeout = 300000ms (custom)
2021-03-08 02:05:16,131 [pool-1097-thread-1] INFO  server.RaftServerConfigKeys (ConfUtils.java:logGet(44)) - raft.server.leaderelection.leader.step-down.wait-time = 10s (default)
2021-03-08 02:05:16,131 [pool-1097-thread-1] INFO  server.RaftServerConfigKeys (ConfUtils.java:logGet(44)) - raft.server.sleep.deviation.threshold = 300ms (default)
2021-03-08 02:05:16,131 [pool-1097-thread-1] INFO  server.RaftServerConfigKeys (ConfUtils.java:logGet(44)) - raft.server.log.appender.install.snapshot.enabled = false (custom)
2021-03-08 02:05:16,131 [pool-1097-thread-1] INFO  server.RaftServer$Division (ServerState.java:<init>(105)) - c7780af0-0f31-4130-b62a-7061a7bbaf6d@group-95D3DD7D5F09: ConfigurationManager, init=-1: [c7780af0-0f31-4130-b62a-7061a7bbaf6d|rpc:172.17.0.2:40671|dataStream:|priority:0, 2e2b7c4f-1fa0-4360-84eb-5aea739d5e5f|rpc:172.17.0.2:45357|dataStream:|priority:1, 8be81fb1-89d0-4709-8656-3472d71d638b|rpc:172.17.0.2:44187|dataStream:|priority:0], old=null, confs=<EMPTY_MAP>
2021-03-08 02:05:16,131 [pool-1097-thread-1] INFO  server.RaftServerConfigKeys (ConfUtils.java:logGet(44)) - raft.server.storage.dir = [/github/workspace/mnt/ozone/hadoop-ozone/integration-test/target/test-dir/MiniOzoneClusterImpl-ccaa8949-4e5a-4858-a1f5-413699190f1a/datanode-5/data/ratis] (custom)
2021-03-08 02:05:16,131 [pool-1097-thread-1] INFO  server.RaftServerConfigKeys (ConfUtils.java:logGet(44)) - raft.server.log.corruption.policy = EXCEPTION (default)
2021-03-08 02:05:16,131 [pool-1097-thread-1] INFO  storage.RaftStorageDirectory (RaftStorageDirectoryImpl.java:analyzeStorage(132)) - The storage directory /github/workspace/mnt/ozone/hadoop-ozone/integration-test/target/test-dir/MiniOzoneClusterImpl-ccaa8949-4e5a-4858-a1f5-413699190f1a/datanode-5/data/ratis/b6143ebd-b803-4b83-aecd-95d3dd7d5f09 does not exist. Creating ...
2021-03-08 02:05:16,132 [pool-1097-thread-1] INFO  storage.RaftStorageDirectory (RaftStorageDirectoryImpl.java:tryLock(215)) - Lock on /github/workspace/mnt/ozone/hadoop-ozone/integration-test/target/test-dir/MiniOzoneClusterImpl-ccaa8949-4e5a-4858-a1f5-413699190f1a/datanode-5/data/ratis/b6143ebd-b803-4b83-aecd-95d3dd7d5f09/in_use.lock acquired by nodename 32215@55665278a03a
2021-03-08 02:05:16,133 [pool-1097-thread-1] INFO  storage.RaftStorage (RaftStorageImpl.java:format(87)) - Storage directory /github/workspace/mnt/ozone/hadoop-ozone/integration-test/target/test-dir/MiniOzoneClusterImpl-ccaa8949-4e5a-4858-a1f5-413699190f1a/datanode-5/data/ratis/b6143ebd-b803-4b83-aecd-95d3dd7d5f09 has been successfully formatted.
2021-03-08 02:05:16,133 [pool-1097-thread-1] INFO  ratis.ContainerStateMachine (ContainerStateMachine.java:loadSnapshot(223)) - group-95D3DD7D5F09: The snapshot info is null. Setting the last applied indexto:(t:0, i:~)
2021-03-08 02:05:16,134 [pool-1097-thread-1] ERROR storage.RaftStorage (RaftStorageImpl.java:readRaftConfiguration(147)) - Failed reading configuration from file:/github/workspace/mnt/ozone/hadoop-ozone/integration-test/target/test-dir/MiniOzoneClusterImpl-ccaa8949-4e5a-4858-a1f5-413699190f1a/datanode-5/data/ratis/b6143ebd-b803-4b83-aecd-95d3dd7d5f09/current/raft-meta.conf
java.io.FileNotFoundException: /github/workspace/mnt/ozone/hadoop-ozone/integration-test/target/test-dir/MiniOzoneClusterImpl-ccaa8949-4e5a-4858-a1f5-413699190f1a/datanode-5/data/ratis/b6143ebd-b803-4b83-aecd-95d3dd7d5f09/current/raft-meta.conf (No such file or directory)
	at java.io.FileInputStream.open0(Native Method)
	at java.io.FileInputStream.open(FileInputStream.java:195)
	at java.io.FileInputStream.<init>(FileInputStream.java:138)
	at org.apache.ratis.server.storage.RaftStorageImpl.readRaftConfiguration(RaftStorageImpl.java:143)
	at org.apache.ratis.server.impl.ServerState.<init>(ServerState.java:122)
	at org.apache.ratis.server.impl.RaftServerImpl.<init>(RaftServerImpl.java:193)
	at org.apache.ratis.server.impl.RaftServerProxy.lambda$newRaftServerImpl$4(RaftServerProxy.java:266)
	at java.util.concurrent.CompletableFuture$AsyncSupply.run(CompletableFuture.java:1604)
	at java.util.concurrent.ThreadPoolExecutor.runWorker(ThreadPoolExecutor.java:1149)
	at java.util.concurrent.ThreadPoolExecutor$Worker.run(ThreadPoolExecutor.java:624)
	at java.lang.Thread.run(Thread.java:748)
2021-03-08 02:05:16,134 [pool-1097-thread-1] INFO  server.RaftServerConfigKeys (ConfUtils.java:logGet(44)) - raft.server.notification.no-leader.timeout = 300000ms (custom)
2021-03-08 02:05:16,134 [pool-1097-thread-1] INFO  server.RaftServerConfigKeys (ConfUtils.java:logGet(44)) - raft.server.log.use.memory = false (default)
2021-03-08 02:05:16,134 [EventQueue-PipelineReportForOneReplicaPipelineSafeModeRule] INFO  safemode.SCMSafeModeManager (SCMSafeModeManager.java:validateSafeModeExitRules(214)) - AtleastOneDatanodeReportedRule rule is successfully validated
2021-03-08 02:05:16,134 [pool-1097-thread-1] INFO  server.RaftServerConfigKeys (ConfUtils.java:logGet(44)) - raft.server.log.purge.gap = 1000000 (custom)
2021-03-08 02:05:16,134 [pool-1097-thread-1] INFO  server.RaftServerConfigKeys (ConfUtils.java:logGet(44)) - raft.server.log.appender.buffer.byte-limit = 33554432 (custom)
2021-03-08 02:05:16,134 [pool-1097-thread-1] INFO  metrics.RatisMetrics (RatisMetrics.java:lambda$create$0(36)) - Creating Metrics Registry : ratis.log_worker.c7780af0-0f31-4130-b62a-7061a7bbaf6d@group-95D3DD7D5F09
2021-03-08 02:05:16,135 [Command processor thread] INFO  server.RaftServer (RaftServerProxy.java:addNew(95)) - 8be81fb1-89d0-4709-8656-3472d71d638b: addNew group-559853B99B2A:[8be81fb1-89d0-4709-8656-3472d71d638b|rpc:172.17.0.2:44187|priority:1] returns group-559853B99B2A:java.util.concurrent.CompletableFuture@d03eda8[Not completed]
2021-03-08 02:05:16,135 [pool-1081-thread-1] INFO  server.RaftServer$Division (RaftServerImpl.java:<init>(180)) - 8be81fb1-89d0-4709-8656-3472d71d638b: new RaftServerImpl for group-559853B99B2A:[8be81fb1-89d0-4709-8656-3472d71d638b|rpc:172.17.0.2:44187|priority:1] with ContainerStateMachine:uninitialized
2021-03-08 02:05:16,135 [pool-1081-thread-1] INFO  server.RaftServerConfigKeys (ConfUtils.java:logGet(44)) - raft.server.rpc.timeout.min = 5s (custom)
2021-03-08 02:05:16,135 [pool-1081-thread-1] INFO  server.RaftServerConfigKeys (ConfUtils.java:logGet(44)) - raft.server.rpc.timeout.max = 5200ms (custom)
2021-03-08 02:05:16,135 [pool-1081-thread-1] INFO  server.RaftServerConfigKeys (ConfUtils.java:logGet(44)) - raft.server.rpc.sleep.time = 25ms (default)
2021-03-08 02:05:16,135 [pool-1081-thread-1] INFO  server.RaftServerConfigKeys (ConfUtils.java:logGet(44)) - raft.server.rpc.slowness.timeout = 300000ms (custom)
2021-03-08 02:05:16,135 [pool-1081-thread-1] INFO  server.RaftServerConfigKeys (ConfUtils.java:logGet(44)) - raft.server.leaderelection.leader.step-down.wait-time = 10s (default)
2021-03-08 02:05:16,135 [pool-1081-thread-1] INFO  server.RaftServerConfigKeys (ConfUtils.java:logGet(44)) - raft.server.sleep.deviation.threshold = 300ms (default)
2021-03-08 02:05:16,135 [pool-1081-thread-1] INFO  server.RaftServerConfigKeys (ConfUtils.java:logGet(44)) - raft.server.log.appender.install.snapshot.enabled = false (custom)
2021-03-08 02:05:16,135 [pool-1081-thread-1] INFO  server.RaftServer$Division (ServerState.java:<init>(105)) - 8be81fb1-89d0-4709-8656-3472d71d638b@group-559853B99B2A: ConfigurationManager, init=-1: [8be81fb1-89d0-4709-8656-3472d71d638b|rpc:172.17.0.2:44187|priority:1], old=null, confs=<EMPTY_MAP>
2021-03-08 02:05:16,135 [pool-1081-thread-1] INFO  server.RaftServerConfigKeys (ConfUtils.java:logGet(44)) - raft.server.storage.dir = [/github/workspace/mnt/ozone/hadoop-ozone/integration-test/target/test-dir/MiniOzoneClusterImpl-ccaa8949-4e5a-4858-a1f5-413699190f1a/datanode-4/data/ratis] (custom)
2021-03-08 02:05:16,135 [pool-1081-thread-1] INFO  server.RaftServerConfigKeys (ConfUtils.java:logGet(44)) - raft.server.log.corruption.policy = EXCEPTION (default)
2021-03-08 02:05:16,136 [pool-1081-thread-1] INFO  storage.RaftStorageDirectory (RaftStorageDirectoryImpl.java:analyzeStorage(132)) - The storage directory /github/workspace/mnt/ozone/hadoop-ozone/integration-test/target/test-dir/MiniOzoneClusterImpl-ccaa8949-4e5a-4858-a1f5-413699190f1a/datanode-4/data/ratis/ce129b5b-3a42-49cf-879a-559853b99b2a does not exist. Creating ...
2021-03-08 02:05:16,136 [pool-1097-thread-1] INFO  server.RaftServerConfigKeys (ConfUtils.java:logGet(44)) - raft.server.log.segment.size.max = 1048576 (custom)
2021-03-08 02:05:16,136 [pool-1081-thread-1] INFO  storage.RaftStorageDirectory (RaftStorageDirectoryImpl.java:tryLock(215)) - Lock on /github/workspace/mnt/ozone/hadoop-ozone/integration-test/target/test-dir/MiniOzoneClusterImpl-ccaa8949-4e5a-4858-a1f5-413699190f1a/datanode-4/data/ratis/ce129b5b-3a42-49cf-879a-559853b99b2a/in_use.lock acquired by nodename 32215@55665278a03a
2021-03-08 02:05:16,137 [pool-1097-thread-1] INFO  server.RaftServerConfigKeys (ConfUtils.java:logGet(44)) - raft.server.log.segment.cache.num.max = 2 (custom)
2021-03-08 02:05:16,137 [pool-1097-thread-1] INFO  server.RaftServerConfigKeys (ConfUtils.java:logGet(44)) - raft.server.log.segment.cache.size.max = 200MB (=209715200) (default)
2021-03-08 02:05:16,137 [pool-1097-thread-1] INFO  segmented.SegmentedRaftLogWorker (SegmentedRaftLogWorker.java:<init>(181)) - new c7780af0-0f31-4130-b62a-7061a7bbaf6d@group-95D3DD7D5F09-SegmentedRaftLogWorker for RaftStorageImpl:Storage Directory /github/workspace/mnt/ozone/hadoop-ozone/integration-test/target/test-dir/MiniOzoneClusterImpl-ccaa8949-4e5a-4858-a1f5-413699190f1a/datanode-5/data/ratis/b6143ebd-b803-4b83-aecd-95d3dd7d5f09
2021-03-08 02:05:16,137 [pool-1097-thread-1] INFO  server.RaftServerConfigKeys (ConfUtils.java:logGet(44)) - raft.server.log.queue.byte-limit = 2147483647 (custom)
2021-03-08 02:05:16,137 [pool-1097-thread-1] INFO  server.RaftServerConfigKeys (ConfUtils.java:logGet(44)) - raft.server.log.queue.element-limit = 1024 (custom)
2021-03-08 02:05:16,137 [pool-1097-thread-1] INFO  server.RaftServerConfigKeys (ConfUtils.java:logGet(44)) - raft.server.log.segment.size.max = 1048576 (custom)
2021-03-08 02:05:16,137 [pool-1097-thread-1] INFO  server.RaftServerConfigKeys (ConfUtils.java:logGet(44)) - raft.server.log.preallocated.size = 16384 (custom)
2021-03-08 02:05:16,138 [pool-1097-thread-1] INFO  server.RaftServerConfigKeys (ConfUtils.java:logGet(44)) - raft.server.log.force.sync.num = 128 (default)
2021-03-08 02:05:16,138 [pool-1097-thread-1] INFO  server.RaftServerConfigKeys (ConfUtils.java:logGet(44)) - raft.server.log.statemachine.data.sync = true (default)
2021-03-08 02:05:16,138 [pool-1097-thread-1] INFO  server.RaftServerConfigKeys (ConfUtils.java:logGet(44)) - raft.server.log.statemachine.data.sync.timeout = 10s (default)
2021-03-08 02:05:16,138 [pool-1097-thread-1] INFO  server.RaftServerConfigKeys (ConfUtils.java:logGet(44)) - raft.server.log.statemachine.data.sync.timeout.retry = -1 (default)
2021-03-08 02:05:16,137 [pool-1081-thread-1] INFO  storage.RaftStorage (RaftStorageImpl.java:format(87)) - Storage directory /github/workspace/mnt/ozone/hadoop-ozone/integration-test/target/test-dir/MiniOzoneClusterImpl-ccaa8949-4e5a-4858-a1f5-413699190f1a/datanode-4/data/ratis/ce129b5b-3a42-49cf-879a-559853b99b2a has been successfully formatted.
2021-03-08 02:05:16,138 [pool-1081-thread-1] INFO  ratis.ContainerStateMachine (ContainerStateMachine.java:loadSnapshot(223)) - group-559853B99B2A: The snapshot info is null. Setting the last applied indexto:(t:0, i:~)
2021-03-08 02:05:16,138 [pool-1081-thread-1] ERROR storage.RaftStorage (RaftStorageImpl.java:readRaftConfiguration(147)) - Failed reading configuration from file:/github/workspace/mnt/ozone/hadoop-ozone/integration-test/target/test-dir/MiniOzoneClusterImpl-ccaa8949-4e5a-4858-a1f5-413699190f1a/datanode-4/data/ratis/ce129b5b-3a42-49cf-879a-559853b99b2a/current/raft-meta.conf
java.io.FileNotFoundException: /github/workspace/mnt/ozone/hadoop-ozone/integration-test/target/test-dir/MiniOzoneClusterImpl-ccaa8949-4e5a-4858-a1f5-413699190f1a/datanode-4/data/ratis/ce129b5b-3a42-49cf-879a-559853b99b2a/current/raft-meta.conf (No such file or directory)
	at java.io.FileInputStream.open0(Native Method)
	at java.io.FileInputStream.open(FileInputStream.java:195)
	at java.io.FileInputStream.<init>(FileInputStream.java:138)
	at org.apache.ratis.server.storage.RaftStorageImpl.readRaftConfiguration(RaftStorageImpl.java:143)
	at org.apache.ratis.server.impl.ServerState.<init>(ServerState.java:122)
	at org.apache.ratis.server.impl.RaftServerImpl.<init>(RaftServerImpl.java:193)
	at org.apache.ratis.server.impl.RaftServerProxy.lambda$newRaftServerImpl$4(RaftServerProxy.java:266)
	at java.util.concurrent.CompletableFuture$AsyncSupply.run(CompletableFuture.java:1604)
	at java.util.concurrent.ThreadPoolExecutor.runWorker(ThreadPoolExecutor.java:1149)
	at java.util.concurrent.ThreadPoolExecutor$Worker.run(ThreadPoolExecutor.java:624)
	at java.lang.Thread.run(Thread.java:748)
2021-03-08 02:05:16,138 [EventQueue-PipelineReportForPipelineReportHandler] INFO  pipeline.PipelineStateManager (PipelineStateManager.java:openPipeline(132)) - Pipeline Pipeline[ Id: ce129b5b-3a42-49cf-879a-559853b99b2a, Nodes: 8be81fb1-89d0-4709-8656-3472d71d638b{ip: 172.17.0.2, host: 55665278a03a, ports: [REPLICATION=43543, RATIS=44187, RATIS_ADMIN=44187, RATIS_SERVER=44187, STANDALONE=44151], networkLocation: /default-rack, certSerialId: null, persistedOpState: IN_SERVICE, persistedOpStateExpiryEpochSec: 0}, Type:RATIS, Factor:ONE, State:ALLOCATED, leaderId:8be81fb1-89d0-4709-8656-3472d71d638b, CreationTimestamp2021-03-08T02:05:13.136Z] moved to OPEN state
2021-03-08 02:05:16,138 [EventQueue-PipelineReportForOneReplicaPipelineSafeModeRule] INFO  safemode.SCMSafeModeManager (SCMSafeModeManager.java:validateSafeModeExitRules(214)) - AtleastOneDatanodeReportedRule rule is successfully validated
2021-03-08 02:05:16,139 [pool-1081-thread-1] INFO  server.RaftServerConfigKeys (ConfUtils.java:logGet(44)) - raft.server.notification.no-leader.timeout = 300000ms (custom)
2021-03-08 02:05:16,139 [pool-1081-thread-1] INFO  server.RaftServerConfigKeys (ConfUtils.java:logGet(44)) - raft.server.log.use.memory = false (default)
2021-03-08 02:05:16,139 [EventQueue-OpenPipelineForHealthyPipelineSafeModeRule] INFO  safemode.SCMSafeModeManager (HealthyPipelineSafeModeRule.java:process(128)) - SCM in safe mode. Healthy pipelines reported count is 0, required healthy pipeline reported count is 1
2021-03-08 02:05:16,139 [pool-1081-thread-1] INFO  server.RaftServerConfigKeys (ConfUtils.java:logGet(44)) - raft.server.log.purge.gap = 1000000 (custom)
2021-03-08 02:05:16,140 [pool-1081-thread-1] INFO  server.RaftServerConfigKeys (ConfUtils.java:logGet(44)) - raft.server.log.appender.buffer.byte-limit = 33554432 (custom)
2021-03-08 02:05:16,140 [pool-1081-thread-1] INFO  metrics.RatisMetrics (RatisMetrics.java:lambda$create$0(36)) - Creating Metrics Registry : ratis.log_worker.8be81fb1-89d0-4709-8656-3472d71d638b@group-559853B99B2A
2021-03-08 02:05:16,140 [pool-1081-thread-1] INFO  server.RaftServerConfigKeys (ConfUtils.java:logGet(44)) - raft.server.log.segment.size.max = 1048576 (custom)
2021-03-08 02:05:16,145 [pool-1081-thread-1] INFO  server.RaftServerConfigKeys (ConfUtils.java:logGet(44)) - raft.server.log.segment.cache.num.max = 2 (custom)
2021-03-08 02:05:16,145 [pool-1081-thread-1] INFO  server.RaftServerConfigKeys (ConfUtils.java:logGet(44)) - raft.server.log.segment.cache.size.max = 200MB (=209715200) (default)
2021-03-08 02:05:16,145 [pool-1097-thread-1] INFO  server.RaftServerConfigKeys (ConfUtils.java:logGet(44)) - raft.server.log.write.buffer.size = 1048576 (custom)
2021-03-08 02:05:16,145 [pool-1081-thread-1] INFO  segmented.SegmentedRaftLogWorker (SegmentedRaftLogWorker.java:<init>(181)) - new 8be81fb1-89d0-4709-8656-3472d71d638b@group-559853B99B2A-SegmentedRaftLogWorker for RaftStorageImpl:Storage Directory /github/workspace/mnt/ozone/hadoop-ozone/integration-test/target/test-dir/MiniOzoneClusterImpl-ccaa8949-4e5a-4858-a1f5-413699190f1a/datanode-4/data/ratis/ce129b5b-3a42-49cf-879a-559853b99b2a
2021-03-08 02:05:16,146 [pool-1081-thread-1] INFO  server.RaftServerConfigKeys (ConfUtils.java:logGet(44)) - raft.server.log.queue.byte-limit = 2147483647 (custom)
2021-03-08 02:05:16,146 [pool-1081-thread-1] INFO  server.RaftServerConfigKeys (ConfUtils.java:logGet(44)) - raft.server.log.queue.element-limit = 1024 (custom)
2021-03-08 02:05:16,146 [pool-1081-thread-1] INFO  server.RaftServerConfigKeys (ConfUtils.java:logGet(44)) - raft.server.log.segment.size.max = 1048576 (custom)
2021-03-08 02:05:16,146 [pool-1081-thread-1] INFO  server.RaftServerConfigKeys (ConfUtils.java:logGet(44)) - raft.server.log.preallocated.size = 16384 (custom)
2021-03-08 02:05:16,146 [pool-1081-thread-1] INFO  server.RaftServerConfigKeys (ConfUtils.java:logGet(44)) - raft.server.log.force.sync.num = 128 (default)
2021-03-08 02:05:16,146 [pool-1081-thread-1] INFO  server.RaftServerConfigKeys (ConfUtils.java:logGet(44)) - raft.server.log.statemachine.data.sync = true (default)
2021-03-08 02:05:16,146 [pool-1081-thread-1] INFO  server.RaftServerConfigKeys (ConfUtils.java:logGet(44)) - raft.server.log.statemachine.data.sync.timeout = 10s (default)
2021-03-08 02:05:16,146 [pool-1081-thread-1] INFO  server.RaftServerConfigKeys (ConfUtils.java:logGet(44)) - raft.server.log.statemachine.data.sync.timeout.retry = -1 (default)
2021-03-08 02:05:16,146 [pool-1097-thread-1] INFO  server.RaftServerConfigKeys (ConfUtils.java:logGet(44)) - raft.server.log.statemachine.data.caching.enabled = true (custom)
2021-03-08 02:05:16,146 [pool-1097-thread-1] INFO  segmented.SegmentedRaftLogWorker (SegmentedRaftLogWorker.java:lambda$new$0(132)) - c7780af0-0f31-4130-b62a-7061a7bbaf6d@group-95D3DD7D5F09-SegmentedRaftLogWorker: flushIndex: setUnconditionally 0 -> -1
2021-03-08 02:05:16,147 [pool-1097-thread-1] INFO  segmented.SegmentedRaftLogWorker (SegmentedRaftLogWorker.java:lambda$new$0(132)) - c7780af0-0f31-4130-b62a-7061a7bbaf6d@group-95D3DD7D5F09-SegmentedRaftLogWorker: safeCacheEvictIndex: setUnconditionally 0 -> -1
2021-03-08 02:05:16,149 [pool-1097-thread-1] INFO  server.RaftServerConfigKeys (ConfUtils.java:logGet(44)) - raft.server.snapshot.auto.trigger.enabled = true (custom)
2021-03-08 02:05:16,149 [pool-1097-thread-1] INFO  server.RaftServerConfigKeys (ConfUtils.java:logGet(44)) - raft.server.snapshot.auto.trigger.threshold = 10000 (custom)
2021-03-08 02:05:16,149 [pool-1097-thread-1] INFO  server.RaftServerConfigKeys (ConfUtils.java:logGet(44)) - raft.server.snapshot.retention.file.num = 5 (custom)
2021-03-08 02:05:16,149 [pool-1097-thread-1] INFO  server.RaftServerConfigKeys (ConfUtils.java:logGet(44)) - raft.server.log.purge.upto.snapshot.index = false (default)
2021-03-08 02:05:16,149 [pool-1097-thread-1] INFO  server.RaftServerConfigKeys (ConfUtils.java:logGet(44)) - raft.server.retrycache.expirytime = 600000ms (custom)
2021-03-08 02:05:16,149 [pool-1097-thread-1] INFO  server.RaftServerConfigKeys (ConfUtils.java:logGet(44)) - raft.server.retrycache.statistics.expirytime = 100?s (default)
2021-03-08 02:05:16,149 [pool-1081-thread-1] INFO  server.RaftServerConfigKeys (ConfUtils.java:logGet(44)) - raft.server.log.write.buffer.size = 1048576 (custom)
2021-03-08 02:05:16,149 [pool-1097-thread-1] INFO  metrics.RatisMetrics (RatisMetrics.java:lambda$create$0(36)) - Creating Metrics Registry : ratis.leader_election.c7780af0-0f31-4130-b62a-7061a7bbaf6d@group-95D3DD7D5F09
2021-03-08 02:05:16,150 [pool-1097-thread-1] INFO  metrics.RatisMetrics (RatisMetrics.java:lambda$create$0(36)) - Creating Metrics Registry : ratis.server.c7780af0-0f31-4130-b62a-7061a7bbaf6d@group-95D3DD7D5F09
2021-03-08 02:05:16,152 [pool-1097-thread-1] INFO  server.RaftServer$Division (RaftServerImpl.java:start(295)) - c7780af0-0f31-4130-b62a-7061a7bbaf6d@group-95D3DD7D5F09: start as a follower, conf=-1: [c7780af0-0f31-4130-b62a-7061a7bbaf6d|rpc:172.17.0.2:40671|dataStream:|priority:0, 2e2b7c4f-1fa0-4360-84eb-5aea739d5e5f|rpc:172.17.0.2:45357|dataStream:|priority:1, 8be81fb1-89d0-4709-8656-3472d71d638b|rpc:172.17.0.2:44187|dataStream:|priority:0], old=null
2021-03-08 02:05:16,152 [pool-1097-thread-1] INFO  server.RaftServer$Division (RaftServerImpl.java:setRole(284)) - c7780af0-0f31-4130-b62a-7061a7bbaf6d@group-95D3DD7D5F09: changes role from      null to FOLLOWER at term 0 for startAsFollower
2021-03-08 02:05:16,152 [pool-1097-thread-1] INFO  impl.RoleInfo (RoleInfo.java:updateAndGet(130)) - c7780af0-0f31-4130-b62a-7061a7bbaf6d: start c7780af0-0f31-4130-b62a-7061a7bbaf6d@group-95D3DD7D5F09-FollowerState
2021-03-08 02:05:16,153 [pool-1081-thread-1] INFO  server.RaftServerConfigKeys (ConfUtils.java:logGet(44)) - raft.server.log.statemachine.data.caching.enabled = true (custom)
2021-03-08 02:05:16,153 [pool-1081-thread-1] INFO  segmented.SegmentedRaftLogWorker (SegmentedRaftLogWorker.java:lambda$new$0(132)) - 8be81fb1-89d0-4709-8656-3472d71d638b@group-559853B99B2A-SegmentedRaftLogWorker: flushIndex: setUnconditionally 0 -> -1
2021-03-08 02:05:16,153 [pool-1081-thread-1] INFO  segmented.SegmentedRaftLogWorker (SegmentedRaftLogWorker.java:lambda$new$0(132)) - 8be81fb1-89d0-4709-8656-3472d71d638b@group-559853B99B2A-SegmentedRaftLogWorker: safeCacheEvictIndex: setUnconditionally 0 -> -1
2021-03-08 02:05:16,153 [pool-1097-thread-1] INFO  util.JmxRegister (JmxRegister.java:tryRegister(44)) - Successfully registered JMX Bean with object name Ratis:service=RaftServer,group=group-95D3DD7D5F09,id=c7780af0-0f31-4130-b62a-7061a7bbaf6d
2021-03-08 02:05:16,153 [pool-1097-thread-1] INFO  metrics.RatisMetrics (RatisMetrics.java:lambda$create$0(36)) - Creating Metrics Registry : ratis.state_machine.c7780af0-0f31-4130-b62a-7061a7bbaf6d@group-95D3DD7D5F09
2021-03-08 02:05:16,155 [pool-1081-thread-1] INFO  server.RaftServerConfigKeys (ConfUtils.java:logGet(44)) - raft.server.snapshot.auto.trigger.enabled = true (custom)
2021-03-08 02:05:16,155 [pool-1081-thread-1] INFO  server.RaftServerConfigKeys (ConfUtils.java:logGet(44)) - raft.server.snapshot.auto.trigger.threshold = 10000 (custom)
2021-03-08 02:05:16,155 [pool-1081-thread-1] INFO  server.RaftServerConfigKeys (ConfUtils.java:logGet(44)) - raft.server.snapshot.retention.file.num = 5 (custom)
2021-03-08 02:05:16,155 [pool-1081-thread-1] INFO  server.RaftServerConfigKeys (ConfUtils.java:logGet(44)) - raft.server.log.purge.upto.snapshot.index = false (default)
2021-03-08 02:05:16,155 [pool-1081-thread-1] INFO  server.RaftServerConfigKeys (ConfUtils.java:logGet(44)) - raft.server.retrycache.expirytime = 600000ms (custom)
2021-03-08 02:05:16,155 [pool-1081-thread-1] INFO  server.RaftServerConfigKeys (ConfUtils.java:logGet(44)) - raft.server.retrycache.statistics.expirytime = 100?s (default)
2021-03-08 02:05:16,156 [pool-1081-thread-1] INFO  metrics.RatisMetrics (RatisMetrics.java:lambda$create$0(36)) - Creating Metrics Registry : ratis.leader_election.8be81fb1-89d0-4709-8656-3472d71d638b@group-559853B99B2A
2021-03-08 02:05:16,158 [Command processor thread] INFO  metrics.RatisMetrics (RatisMetrics.java:lambda$create$0(36)) - Creating Metrics Registry : ratis.client_message_metrics.client-679F49BAC9C2->8be81fb1-89d0-4709-8656-3472d71d638b
2021-03-08 02:05:16,166 [grpc-default-executor-3] INFO  server.RaftServer (RaftServerProxy.java:addNew(95)) - 8be81fb1-89d0-4709-8656-3472d71d638b: addNew group-95D3DD7D5F09:[c7780af0-0f31-4130-b62a-7061a7bbaf6d|rpc:172.17.0.2:40671|dataStream:|priority:0, 2e2b7c4f-1fa0-4360-84eb-5aea739d5e5f|rpc:172.17.0.2:45357|dataStream:|priority:1, 8be81fb1-89d0-4709-8656-3472d71d638b|rpc:172.17.0.2:44187|dataStream:|priority:0] returns group-95D3DD7D5F09:java.util.concurrent.CompletableFuture@45d2344a[Not completed]
2021-03-08 02:05:16,166 [pool-1081-thread-1] INFO  metrics.RatisMetrics (RatisMetrics.java:lambda$create$0(36)) - Creating Metrics Registry : ratis.server.8be81fb1-89d0-4709-8656-3472d71d638b@group-559853B99B2A
2021-03-08 02:05:16,169 [pool-1081-thread-1] INFO  server.RaftServer$Division (RaftServerImpl.java:<init>(180)) - 8be81fb1-89d0-4709-8656-3472d71d638b: new RaftServerImpl for group-95D3DD7D5F09:[c7780af0-0f31-4130-b62a-7061a7bbaf6d|rpc:172.17.0.2:40671|dataStream:|priority:0, 2e2b7c4f-1fa0-4360-84eb-5aea739d5e5f|rpc:172.17.0.2:45357|dataStream:|priority:1, 8be81fb1-89d0-4709-8656-3472d71d638b|rpc:172.17.0.2:44187|dataStream:|priority:0] with ContainerStateMachine:uninitialized
2021-03-08 02:05:16,169 [pool-1081-thread-1] INFO  server.RaftServerConfigKeys (ConfUtils.java:logGet(44)) - raft.server.rpc.timeout.min = 5s (custom)
2021-03-08 02:05:16,169 [pool-1081-thread-1] INFO  server.RaftServerConfigKeys (ConfUtils.java:logGet(44)) - raft.server.rpc.timeout.max = 5200ms (custom)
2021-03-08 02:05:16,169 [pool-1081-thread-1] INFO  server.RaftServerConfigKeys (ConfUtils.java:logGet(44)) - raft.server.rpc.sleep.time = 25ms (default)
2021-03-08 02:05:16,169 [pool-1081-thread-1] INFO  server.RaftServerConfigKeys (ConfUtils.java:logGet(44)) - raft.server.rpc.slowness.timeout = 300000ms (custom)
2021-03-08 02:05:16,169 [pool-1081-thread-1] INFO  server.RaftServerConfigKeys (ConfUtils.java:logGet(44)) - raft.server.leaderelection.leader.step-down.wait-time = 10s (default)
2021-03-08 02:05:16,169 [pool-1081-thread-1] INFO  server.RaftServerConfigKeys (ConfUtils.java:logGet(44)) - raft.server.sleep.deviation.threshold = 300ms (default)
2021-03-08 02:05:16,169 [pool-1081-thread-1] INFO  server.RaftServerConfigKeys (ConfUtils.java:logGet(44)) - raft.server.log.appender.install.snapshot.enabled = false (custom)
2021-03-08 02:05:16,169 [pool-1081-thread-1] INFO  server.RaftServer$Division (ServerState.java:<init>(105)) - 8be81fb1-89d0-4709-8656-3472d71d638b@group-95D3DD7D5F09: ConfigurationManager, init=-1: [c7780af0-0f31-4130-b62a-7061a7bbaf6d|rpc:172.17.0.2:40671|dataStream:|priority:0, 2e2b7c4f-1fa0-4360-84eb-5aea739d5e5f|rpc:172.17.0.2:45357|dataStream:|priority:1, 8be81fb1-89d0-4709-8656-3472d71d638b|rpc:172.17.0.2:44187|dataStream:|priority:0], old=null, confs=<EMPTY_MAP>
2021-03-08 02:05:16,169 [pool-1081-thread-1] INFO  server.RaftServerConfigKeys (ConfUtils.java:logGet(44)) - raft.server.storage.dir = [/github/workspace/mnt/ozone/hadoop-ozone/integration-test/target/test-dir/MiniOzoneClusterImpl-ccaa8949-4e5a-4858-a1f5-413699190f1a/datanode-4/data/ratis] (custom)
2021-03-08 02:05:16,170 [pool-1081-thread-1] INFO  server.RaftServerConfigKeys (ConfUtils.java:logGet(44)) - raft.server.log.corruption.policy = EXCEPTION (default)
2021-03-08 02:05:16,170 [pool-1081-thread-1] INFO  storage.RaftStorageDirectory (RaftStorageDirectoryImpl.java:analyzeStorage(132)) - The storage directory /github/workspace/mnt/ozone/hadoop-ozone/integration-test/target/test-dir/MiniOzoneClusterImpl-ccaa8949-4e5a-4858-a1f5-413699190f1a/datanode-4/data/ratis/b6143ebd-b803-4b83-aecd-95d3dd7d5f09 does not exist. Creating ...
2021-03-08 02:05:16,171 [pool-1081-thread-1] INFO  storage.RaftStorageDirectory (RaftStorageDirectoryImpl.java:tryLock(215)) - Lock on /github/workspace/mnt/ozone/hadoop-ozone/integration-test/target/test-dir/MiniOzoneClusterImpl-ccaa8949-4e5a-4858-a1f5-413699190f1a/datanode-4/data/ratis/b6143ebd-b803-4b83-aecd-95d3dd7d5f09/in_use.lock acquired by nodename 32215@55665278a03a
2021-03-08 02:05:16,172 [pool-1081-thread-1] INFO  storage.RaftStorage (RaftStorageImpl.java:format(87)) - Storage directory /github/workspace/mnt/ozone/hadoop-ozone/integration-test/target/test-dir/MiniOzoneClusterImpl-ccaa8949-4e5a-4858-a1f5-413699190f1a/datanode-4/data/ratis/b6143ebd-b803-4b83-aecd-95d3dd7d5f09 has been successfully formatted.
2021-03-08 02:05:16,172 [pool-1081-thread-1] INFO  ratis.ContainerStateMachine (ContainerStateMachine.java:loadSnapshot(223)) - group-95D3DD7D5F09: The snapshot info is null. Setting the last applied indexto:(t:0, i:~)
2021-03-08 02:05:16,172 [EventQueue-PipelineReportForOneReplicaPipelineSafeModeRule] INFO  safemode.SCMSafeModeManager (SCMSafeModeManager.java:validateSafeModeExitRules(214)) - AtleastOneDatanodeReportedRule rule is successfully validated
2021-03-08 02:05:16,172 [EventQueue-OpenPipelineForHealthyPipelineSafeModeRule] INFO  safemode.SCMSafeModeManager (HealthyPipelineSafeModeRule.java:process(128)) - SCM in safe mode. Healthy pipelines reported count is 0, required healthy pipeline reported count is 1
2021-03-08 02:05:16,173 [pool-1081-thread-1] ERROR storage.RaftStorage (RaftStorageImpl.java:readRaftConfiguration(147)) - Failed reading configuration from file:/github/workspace/mnt/ozone/hadoop-ozone/integration-test/target/test-dir/MiniOzoneClusterImpl-ccaa8949-4e5a-4858-a1f5-413699190f1a/datanode-4/data/ratis/b6143ebd-b803-4b83-aecd-95d3dd7d5f09/current/raft-meta.conf
java.io.FileNotFoundException: /github/workspace/mnt/ozone/hadoop-ozone/integration-test/target/test-dir/MiniOzoneClusterImpl-ccaa8949-4e5a-4858-a1f5-413699190f1a/datanode-4/data/ratis/b6143ebd-b803-4b83-aecd-95d3dd7d5f09/current/raft-meta.conf (No such file or directory)
	at java.io.FileInputStream.open0(Native Method)
	at java.io.FileInputStream.open(FileInputStream.java:195)
	at java.io.FileInputStream.<init>(FileInputStream.java:138)
	at org.apache.ratis.server.storage.RaftStorageImpl.readRaftConfiguration(RaftStorageImpl.java:143)
	at org.apache.ratis.server.impl.ServerState.<init>(ServerState.java:122)
	at org.apache.ratis.server.impl.RaftServerImpl.<init>(RaftServerImpl.java:193)
	at org.apache.ratis.server.impl.RaftServerProxy.lambda$newRaftServerImpl$4(RaftServerProxy.java:266)
	at java.util.concurrent.CompletableFuture$AsyncSupply.run(CompletableFuture.java:1604)
	at java.util.concurrent.ThreadPoolExecutor.runWorker(ThreadPoolExecutor.java:1149)
	at java.util.concurrent.ThreadPoolExecutor$Worker.run(ThreadPoolExecutor.java:624)
	at java.lang.Thread.run(Thread.java:748)
2021-03-08 02:05:16,173 [pool-1081-thread-1] INFO  server.RaftServerConfigKeys (ConfUtils.java:logGet(44)) - raft.server.notification.no-leader.timeout = 300000ms (custom)
2021-03-08 02:05:16,173 [pool-1081-thread-1] INFO  server.RaftServerConfigKeys (ConfUtils.java:logGet(44)) - raft.server.log.use.memory = false (default)
2021-03-08 02:05:16,173 [pool-1081-thread-1] INFO  server.RaftServerConfigKeys (ConfUtils.java:logGet(44)) - raft.server.log.purge.gap = 1000000 (custom)
2021-03-08 02:05:16,173 [pool-1081-thread-1] INFO  server.RaftServerConfigKeys (ConfUtils.java:logGet(44)) - raft.server.log.appender.buffer.byte-limit = 33554432 (custom)
2021-03-08 02:05:16,173 [pool-1081-thread-1] INFO  metrics.RatisMetrics (RatisMetrics.java:lambda$create$0(36)) - Creating Metrics Registry : ratis.log_worker.8be81fb1-89d0-4709-8656-3472d71d638b@group-95D3DD7D5F09
2021-03-08 02:05:16,174 [pool-1081-thread-1] INFO  server.RaftServerConfigKeys (ConfUtils.java:logGet(44)) - raft.server.log.segment.size.max = 1048576 (custom)
2021-03-08 02:05:16,175 [pool-1081-thread-1] INFO  server.RaftServerConfigKeys (ConfUtils.java:logGet(44)) - raft.server.log.segment.cache.num.max = 2 (custom)
2021-03-08 02:05:16,175 [pool-1081-thread-1] INFO  server.RaftServerConfigKeys (ConfUtils.java:logGet(44)) - raft.server.log.segment.cache.size.max = 200MB (=209715200) (default)
2021-03-08 02:05:16,175 [pool-1081-thread-1] INFO  segmented.SegmentedRaftLogWorker (SegmentedRaftLogWorker.java:<init>(181)) - new 8be81fb1-89d0-4709-8656-3472d71d638b@group-95D3DD7D5F09-SegmentedRaftLogWorker for RaftStorageImpl:Storage Directory /github/workspace/mnt/ozone/hadoop-ozone/integration-test/target/test-dir/MiniOzoneClusterImpl-ccaa8949-4e5a-4858-a1f5-413699190f1a/datanode-4/data/ratis/b6143ebd-b803-4b83-aecd-95d3dd7d5f09
2021-03-08 02:05:16,175 [pool-1081-thread-1] INFO  server.RaftServerConfigKeys (ConfUtils.java:logGet(44)) - raft.server.log.queue.byte-limit = 2147483647 (custom)
2021-03-08 02:05:16,175 [pool-1081-thread-1] INFO  server.RaftServerConfigKeys (ConfUtils.java:logGet(44)) - raft.server.log.queue.element-limit = 1024 (custom)
2021-03-08 02:05:16,175 [pool-1081-thread-1] INFO  server.RaftServerConfigKeys (ConfUtils.java:logGet(44)) - raft.server.log.segment.size.max = 1048576 (custom)
2021-03-08 02:05:16,175 [pool-1081-thread-1] INFO  server.RaftServerConfigKeys (ConfUtils.java:logGet(44)) - raft.server.log.preallocated.size = 16384 (custom)
2021-03-08 02:05:16,175 [pool-1081-thread-1] INFO  server.RaftServerConfigKeys (ConfUtils.java:logGet(44)) - raft.server.log.force.sync.num = 128 (default)
2021-03-08 02:05:16,175 [pool-1081-thread-1] INFO  server.RaftServerConfigKeys (ConfUtils.java:logGet(44)) - raft.server.log.statemachine.data.sync = true (default)
2021-03-08 02:05:16,175 [pool-1081-thread-1] INFO  server.RaftServerConfigKeys (ConfUtils.java:logGet(44)) - raft.server.log.statemachine.data.sync.timeout = 10s (default)
2021-03-08 02:05:16,175 [pool-1081-thread-1] INFO  server.RaftServerConfigKeys (ConfUtils.java:logGet(44)) - raft.server.log.statemachine.data.sync.timeout.retry = -1 (default)
2021-03-08 02:05:16,178 [pool-1081-thread-1] INFO  server.RaftServerConfigKeys (ConfUtils.java:logGet(44)) - raft.server.log.write.buffer.size = 1048576 (custom)
2021-03-08 02:05:16,178 [pool-1081-thread-1] INFO  server.RaftServerConfigKeys (ConfUtils.java:logGet(44)) - raft.server.log.statemachine.data.caching.enabled = true (custom)
2021-03-08 02:05:16,179 [pool-1081-thread-1] INFO  segmented.SegmentedRaftLogWorker (SegmentedRaftLogWorker.java:lambda$new$0(132)) - 8be81fb1-89d0-4709-8656-3472d71d638b@group-95D3DD7D5F09-SegmentedRaftLogWorker: flushIndex: setUnconditionally 0 -> -1
2021-03-08 02:05:16,179 [pool-1081-thread-1] INFO  segmented.SegmentedRaftLogWorker (SegmentedRaftLogWorker.java:lambda$new$0(132)) - 8be81fb1-89d0-4709-8656-3472d71d638b@group-95D3DD7D5F09-SegmentedRaftLogWorker: safeCacheEvictIndex: setUnconditionally 0 -> -1
2021-03-08 02:05:16,179 [pool-1081-thread-1] INFO  server.RaftServerConfigKeys (ConfUtils.java:logGet(44)) - raft.server.snapshot.auto.trigger.enabled = true (custom)
2021-03-08 02:05:16,179 [pool-1081-thread-1] INFO  server.RaftServerConfigKeys (ConfUtils.java:logGet(44)) - raft.server.snapshot.auto.trigger.threshold = 10000 (custom)
2021-03-08 02:05:16,179 [pool-1081-thread-1] INFO  server.RaftServerConfigKeys (ConfUtils.java:logGet(44)) - raft.server.snapshot.retention.file.num = 5 (custom)
2021-03-08 02:05:16,179 [pool-1081-thread-1] INFO  server.RaftServerConfigKeys (ConfUtils.java:logGet(44)) - raft.server.log.purge.upto.snapshot.index = false (default)
2021-03-08 02:05:16,179 [pool-1081-thread-1] INFO  server.RaftServerConfigKeys (ConfUtils.java:logGet(44)) - raft.server.retrycache.expirytime = 600000ms (custom)
2021-03-08 02:05:16,179 [pool-1081-thread-1] INFO  server.RaftServerConfigKeys (ConfUtils.java:logGet(44)) - raft.server.retrycache.statistics.expirytime = 100?s (default)
2021-03-08 02:05:16,179 [pool-1081-thread-1] INFO  metrics.RatisMetrics (RatisMetrics.java:lambda$create$0(36)) - Creating Metrics Registry : ratis.leader_election.8be81fb1-89d0-4709-8656-3472d71d638b@group-95D3DD7D5F09
2021-03-08 02:05:16,180 [pool-1081-thread-1] INFO  metrics.RatisMetrics (RatisMetrics.java:lambda$create$0(36)) - Creating Metrics Registry : ratis.server.8be81fb1-89d0-4709-8656-3472d71d638b@group-95D3DD7D5F09
2021-03-08 02:05:16,182 [pool-1081-thread-1] INFO  server.RaftServer$Division (RaftServerImpl.java:start(295)) - 8be81fb1-89d0-4709-8656-3472d71d638b@group-559853B99B2A: start as a follower, conf=-1: [8be81fb1-89d0-4709-8656-3472d71d638b|rpc:172.17.0.2:44187|priority:1], old=null
2021-03-08 02:05:16,182 [pool-1081-thread-1] INFO  server.RaftServer$Division (RaftServerImpl.java:setRole(284)) - 8be81fb1-89d0-4709-8656-3472d71d638b@group-559853B99B2A: changes role from      null to FOLLOWER at term 0 for startAsFollower
2021-03-08 02:05:16,183 [pool-1081-thread-1] INFO  impl.RoleInfo (RoleInfo.java:updateAndGet(130)) - 8be81fb1-89d0-4709-8656-3472d71d638b: start 8be81fb1-89d0-4709-8656-3472d71d638b@group-559853B99B2A-FollowerState
2021-03-08 02:05:16,183 [pool-1081-thread-1] INFO  util.JmxRegister (JmxRegister.java:tryRegister(44)) - Successfully registered JMX Bean with object name Ratis:service=RaftServer,group=group-559853B99B2A,id=8be81fb1-89d0-4709-8656-3472d71d638b
2021-03-08 02:05:16,183 [pool-1081-thread-1] INFO  metrics.RatisMetrics (RatisMetrics.java:lambda$create$0(36)) - Creating Metrics Registry : ratis.state_machine.8be81fb1-89d0-4709-8656-3472d71d638b@group-559853B99B2A
2021-03-08 02:05:16,184 [pool-1081-thread-1] INFO  server.RaftServer$Division (RaftServerImpl.java:start(295)) - 8be81fb1-89d0-4709-8656-3472d71d638b@group-95D3DD7D5F09: start as a follower, conf=-1: [c7780af0-0f31-4130-b62a-7061a7bbaf6d|rpc:172.17.0.2:40671|dataStream:|priority:0, 2e2b7c4f-1fa0-4360-84eb-5aea739d5e5f|rpc:172.17.0.2:45357|dataStream:|priority:1, 8be81fb1-89d0-4709-8656-3472d71d638b|rpc:172.17.0.2:44187|dataStream:|priority:0], old=null
2021-03-08 02:05:16,184 [pool-1081-thread-1] INFO  server.RaftServer$Division (RaftServerImpl.java:setRole(284)) - 8be81fb1-89d0-4709-8656-3472d71d638b@group-95D3DD7D5F09: changes role from      null to FOLLOWER at term 0 for startAsFollower
2021-03-08 02:05:16,184 [pool-1081-thread-1] INFO  impl.RoleInfo (RoleInfo.java:updateAndGet(130)) - 8be81fb1-89d0-4709-8656-3472d71d638b: start 8be81fb1-89d0-4709-8656-3472d71d638b@group-95D3DD7D5F09-FollowerState
2021-03-08 02:05:16,184 [Command processor thread] INFO  commandhandler.CreatePipelineCommandHandler (CreatePipelineCommandHandler.java:handle(106)) - Created Pipeline RATIS ONE PipelineID=ce129b5b-3a42-49cf-879a-559853b99b2a.
2021-03-08 02:05:16,184 [pool-1081-thread-1] INFO  util.JmxRegister (JmxRegister.java:tryRegister(44)) - Successfully registered JMX Bean with object name Ratis:service=RaftServer,group=group-95D3DD7D5F09,id=8be81fb1-89d0-4709-8656-3472d71d638b
2021-03-08 02:05:16,184 [pool-1081-thread-1] INFO  metrics.RatisMetrics (RatisMetrics.java:lambda$create$0(36)) - Creating Metrics Registry : ratis.state_machine.8be81fb1-89d0-4709-8656-3472d71d638b@group-95D3DD7D5F09
2021-03-08 02:05:16,187 [Command processor thread] INFO  commandhandler.CreatePipelineCommandHandler (CreatePipelineCommandHandler.java:handle(106)) - Created Pipeline RATIS THREE PipelineID=b6143ebd-b803-4b83-aecd-95d3dd7d5f09.
2021-03-08 02:05:16,329 [Command processor thread] INFO  server.RaftServer (RaftServerProxy.java:addNew(95)) - c7780af0-0f31-4130-b62a-7061a7bbaf6d: addNew group-1166AD7308EA:[c7780af0-0f31-4130-b62a-7061a7bbaf6d|rpc:172.17.0.2:40671|priority:1] returns group-1166AD7308EA:java.util.concurrent.CompletableFuture@65d92885[Not completed]
2021-03-08 02:05:16,330 [pool-1097-thread-1] INFO  server.RaftServer$Division (RaftServerImpl.java:<init>(180)) - c7780af0-0f31-4130-b62a-7061a7bbaf6d: new RaftServerImpl for group-1166AD7308EA:[c7780af0-0f31-4130-b62a-7061a7bbaf6d|rpc:172.17.0.2:40671|priority:1] with ContainerStateMachine:uninitialized
2021-03-08 02:05:16,330 [pool-1097-thread-1] INFO  server.RaftServerConfigKeys (ConfUtils.java:logGet(44)) - raft.server.rpc.timeout.min = 5s (custom)
2021-03-08 02:05:16,330 [pool-1097-thread-1] INFO  server.RaftServerConfigKeys (ConfUtils.java:logGet(44)) - raft.server.rpc.timeout.max = 5200ms (custom)
2021-03-08 02:05:16,330 [pool-1097-thread-1] INFO  server.RaftServerConfigKeys (ConfUtils.java:logGet(44)) - raft.server.rpc.sleep.time = 25ms (default)
2021-03-08 02:05:16,330 [pool-1097-thread-1] INFO  server.RaftServerConfigKeys (ConfUtils.java:logGet(44)) - raft.server.rpc.slowness.timeout = 300000ms (custom)
2021-03-08 02:05:16,330 [pool-1097-thread-1] INFO  server.RaftServerConfigKeys (ConfUtils.java:logGet(44)) - raft.server.leaderelection.leader.step-down.wait-time = 10s (default)
2021-03-08 02:05:16,330 [pool-1097-thread-1] INFO  server.RaftServerConfigKeys (ConfUtils.java:logGet(44)) - raft.server.sleep.deviation.threshold = 300ms (default)
2021-03-08 02:05:16,330 [pool-1097-thread-1] INFO  server.RaftServerConfigKeys (ConfUtils.java:logGet(44)) - raft.server.log.appender.install.snapshot.enabled = false (custom)
2021-03-08 02:05:16,330 [pool-1097-thread-1] INFO  server.RaftServer$Division (ServerState.java:<init>(105)) - c7780af0-0f31-4130-b62a-7061a7bbaf6d@group-1166AD7308EA: ConfigurationManager, init=-1: [c7780af0-0f31-4130-b62a-7061a7bbaf6d|rpc:172.17.0.2:40671|priority:1], old=null, confs=<EMPTY_MAP>
2021-03-08 02:05:16,330 [pool-1097-thread-1] INFO  server.RaftServerConfigKeys (ConfUtils.java:logGet(44)) - raft.server.storage.dir = [/github/workspace/mnt/ozone/hadoop-ozone/integration-test/target/test-dir/MiniOzoneClusterImpl-ccaa8949-4e5a-4858-a1f5-413699190f1a/datanode-5/data/ratis] (custom)
2021-03-08 02:05:16,330 [pool-1097-thread-1] INFO  server.RaftServerConfigKeys (ConfUtils.java:logGet(44)) - raft.server.log.corruption.policy = EXCEPTION (default)
2021-03-08 02:05:16,331 [pool-1097-thread-1] INFO  storage.RaftStorageDirectory (RaftStorageDirectoryImpl.java:analyzeStorage(132)) - The storage directory /github/workspace/mnt/ozone/hadoop-ozone/integration-test/target/test-dir/MiniOzoneClusterImpl-ccaa8949-4e5a-4858-a1f5-413699190f1a/datanode-5/data/ratis/6175961a-5b26-4108-818d-1166ad7308ea does not exist. Creating ...
2021-03-08 02:05:16,332 [pool-1097-thread-1] INFO  storage.RaftStorageDirectory (RaftStorageDirectoryImpl.java:tryLock(215)) - Lock on /github/workspace/mnt/ozone/hadoop-ozone/integration-test/target/test-dir/MiniOzoneClusterImpl-ccaa8949-4e5a-4858-a1f5-413699190f1a/datanode-5/data/ratis/6175961a-5b26-4108-818d-1166ad7308ea/in_use.lock acquired by nodename 32215@55665278a03a
2021-03-08 02:05:16,333 [pool-1097-thread-1] INFO  storage.RaftStorage (RaftStorageImpl.java:format(87)) - Storage directory /github/workspace/mnt/ozone/hadoop-ozone/integration-test/target/test-dir/MiniOzoneClusterImpl-ccaa8949-4e5a-4858-a1f5-413699190f1a/datanode-5/data/ratis/6175961a-5b26-4108-818d-1166ad7308ea has been successfully formatted.
2021-03-08 02:05:16,335 [pool-1097-thread-1] INFO  ratis.ContainerStateMachine (ContainerStateMachine.java:loadSnapshot(223)) - group-1166AD7308EA: The snapshot info is null. Setting the last applied indexto:(t:0, i:~)
2021-03-08 02:05:16,335 [pool-1097-thread-1] ERROR storage.RaftStorage (RaftStorageImpl.java:readRaftConfiguration(147)) - Failed reading configuration from file:/github/workspace/mnt/ozone/hadoop-ozone/integration-test/target/test-dir/MiniOzoneClusterImpl-ccaa8949-4e5a-4858-a1f5-413699190f1a/datanode-5/data/ratis/6175961a-5b26-4108-818d-1166ad7308ea/current/raft-meta.conf
java.io.FileNotFoundException: /github/workspace/mnt/ozone/hadoop-ozone/integration-test/target/test-dir/MiniOzoneClusterImpl-ccaa8949-4e5a-4858-a1f5-413699190f1a/datanode-5/data/ratis/6175961a-5b26-4108-818d-1166ad7308ea/current/raft-meta.conf (No such file or directory)
	at java.io.FileInputStream.open0(Native Method)
	at java.io.FileInputStream.open(FileInputStream.java:195)
	at java.io.FileInputStream.<init>(FileInputStream.java:138)
	at org.apache.ratis.server.storage.RaftStorageImpl.readRaftConfiguration(RaftStorageImpl.java:143)
	at org.apache.ratis.server.impl.ServerState.<init>(ServerState.java:122)
	at org.apache.ratis.server.impl.RaftServerImpl.<init>(RaftServerImpl.java:193)
	at org.apache.ratis.server.impl.RaftServerProxy.lambda$newRaftServerImpl$4(RaftServerProxy.java:266)
	at java.util.concurrent.CompletableFuture$AsyncSupply.run(CompletableFuture.java:1604)
	at java.util.concurrent.ThreadPoolExecutor.runWorker(ThreadPoolExecutor.java:1149)
	at java.util.concurrent.ThreadPoolExecutor$Worker.run(ThreadPoolExecutor.java:624)
	at java.lang.Thread.run(Thread.java:748)
2021-03-08 02:05:16,335 [pool-1097-thread-1] INFO  server.RaftServerConfigKeys (ConfUtils.java:logGet(44)) - raft.server.notification.no-leader.timeout = 300000ms (custom)
2021-03-08 02:05:16,335 [pool-1097-thread-1] INFO  server.RaftServerConfigKeys (ConfUtils.java:logGet(44)) - raft.server.log.use.memory = false (default)
2021-03-08 02:05:16,335 [pool-1097-thread-1] INFO  server.RaftServerConfigKeys (ConfUtils.java:logGet(44)) - raft.server.log.purge.gap = 1000000 (custom)
2021-03-08 02:05:16,335 [pool-1097-thread-1] INFO  server.RaftServerConfigKeys (ConfUtils.java:logGet(44)) - raft.server.log.appender.buffer.byte-limit = 33554432 (custom)
2021-03-08 02:05:16,335 [pool-1097-thread-1] INFO  metrics.RatisMetrics (RatisMetrics.java:lambda$create$0(36)) - Creating Metrics Registry : ratis.log_worker.c7780af0-0f31-4130-b62a-7061a7bbaf6d@group-1166AD7308EA
2021-03-08 02:05:16,336 [EventQueue-PipelineReportForPipelineReportHandler] INFO  pipeline.PipelineStateManager (PipelineStateManager.java:openPipeline(132)) - Pipeline Pipeline[ Id: 6175961a-5b26-4108-818d-1166ad7308ea, Nodes: c7780af0-0f31-4130-b62a-7061a7bbaf6d{ip: 172.17.0.2, host: 55665278a03a, ports: [REPLICATION=39443, RATIS=40671, RATIS_ADMIN=40671, RATIS_SERVER=40671, STANDALONE=35715], networkLocation: /default-rack, certSerialId: null, persistedOpState: IN_SERVICE, persistedOpStateExpiryEpochSec: 0}, Type:RATIS, Factor:ONE, State:ALLOCATED, leaderId:c7780af0-0f31-4130-b62a-7061a7bbaf6d, CreationTimestamp2021-03-08T02:05:13.332Z] moved to OPEN state
2021-03-08 02:05:16,336 [pool-1097-thread-1] INFO  server.RaftServerConfigKeys (ConfUtils.java:logGet(44)) - raft.server.log.segment.size.max = 1048576 (custom)
2021-03-08 02:05:16,336 [EventQueue-OpenPipelineForHealthyPipelineSafeModeRule] INFO  safemode.SCMSafeModeManager (HealthyPipelineSafeModeRule.java:process(128)) - SCM in safe mode. Healthy pipelines reported count is 0, required healthy pipeline reported count is 1
2021-03-08 02:05:16,335 [EventQueue-PipelineReportForOneReplicaPipelineSafeModeRule] INFO  safemode.SCMSafeModeManager (SCMSafeModeManager.java:validateSafeModeExitRules(214)) - AtleastOneDatanodeReportedRule rule is successfully validated
2021-03-08 02:05:16,337 [pool-1097-thread-1] INFO  server.RaftServerConfigKeys (ConfUtils.java:logGet(44)) - raft.server.log.segment.cache.num.max = 2 (custom)
2021-03-08 02:05:16,337 [pool-1097-thread-1] INFO  server.RaftServerConfigKeys (ConfUtils.java:logGet(44)) - raft.server.log.segment.cache.size.max = 200MB (=209715200) (default)
2021-03-08 02:05:16,337 [pool-1097-thread-1] INFO  segmented.SegmentedRaftLogWorker (SegmentedRaftLogWorker.java:<init>(181)) - new c7780af0-0f31-4130-b62a-7061a7bbaf6d@group-1166AD7308EA-SegmentedRaftLogWorker for RaftStorageImpl:Storage Directory /github/workspace/mnt/ozone/hadoop-ozone/integration-test/target/test-dir/MiniOzoneClusterImpl-ccaa8949-4e5a-4858-a1f5-413699190f1a/datanode-5/data/ratis/6175961a-5b26-4108-818d-1166ad7308ea
2021-03-08 02:05:16,337 [pool-1097-thread-1] INFO  server.RaftServerConfigKeys (ConfUtils.java:logGet(44)) - raft.server.log.queue.byte-limit = 2147483647 (custom)
2021-03-08 02:05:16,337 [pool-1097-thread-1] INFO  server.RaftServerConfigKeys (ConfUtils.java:logGet(44)) - raft.server.log.queue.element-limit = 1024 (custom)
2021-03-08 02:05:16,337 [pool-1097-thread-1] INFO  server.RaftServerConfigKeys (ConfUtils.java:logGet(44)) - raft.server.log.segment.size.max = 1048576 (custom)
2021-03-08 02:05:16,337 [pool-1097-thread-1] INFO  server.RaftServerConfigKeys (ConfUtils.java:logGet(44)) - raft.server.log.preallocated.size = 16384 (custom)
2021-03-08 02:05:16,337 [pool-1097-thread-1] INFO  server.RaftServerConfigKeys (ConfUtils.java:logGet(44)) - raft.server.log.force.sync.num = 128 (default)
2021-03-08 02:05:16,337 [pool-1097-thread-1] INFO  server.RaftServerConfigKeys (ConfUtils.java:logGet(44)) - raft.server.log.statemachine.data.sync = true (default)
2021-03-08 02:05:16,337 [pool-1097-thread-1] INFO  server.RaftServerConfigKeys (ConfUtils.java:logGet(44)) - raft.server.log.statemachine.data.sync.timeout = 10s (default)
2021-03-08 02:05:16,337 [pool-1097-thread-1] INFO  server.RaftServerConfigKeys (ConfUtils.java:logGet(44)) - raft.server.log.statemachine.data.sync.timeout.retry = -1 (default)
2021-03-08 02:05:16,340 [pool-1097-thread-1] INFO  server.RaftServerConfigKeys (ConfUtils.java:logGet(44)) - raft.server.log.write.buffer.size = 1048576 (custom)
2021-03-08 02:05:16,341 [pool-1097-thread-1] INFO  server.RaftServerConfigKeys (ConfUtils.java:logGet(44)) - raft.server.log.statemachine.data.caching.enabled = true (custom)
2021-03-08 02:05:16,341 [pool-1097-thread-1] INFO  segmented.SegmentedRaftLogWorker (SegmentedRaftLogWorker.java:lambda$new$0(132)) - c7780af0-0f31-4130-b62a-7061a7bbaf6d@group-1166AD7308EA-SegmentedRaftLogWorker: flushIndex: setUnconditionally 0 -> -1
2021-03-08 02:05:16,341 [pool-1097-thread-1] INFO  segmented.SegmentedRaftLogWorker (SegmentedRaftLogWorker.java:lambda$new$0(132)) - c7780af0-0f31-4130-b62a-7061a7bbaf6d@group-1166AD7308EA-SegmentedRaftLogWorker: safeCacheEvictIndex: setUnconditionally 0 -> -1
2021-03-08 02:05:16,341 [pool-1097-thread-1] INFO  server.RaftServerConfigKeys (ConfUtils.java:logGet(44)) - raft.server.snapshot.auto.trigger.enabled = true (custom)
2021-03-08 02:05:16,341 [pool-1097-thread-1] INFO  server.RaftServerConfigKeys (ConfUtils.java:logGet(44)) - raft.server.snapshot.auto.trigger.threshold = 10000 (custom)
2021-03-08 02:05:16,341 [pool-1097-thread-1] INFO  server.RaftServerConfigKeys (ConfUtils.java:logGet(44)) - raft.server.snapshot.retention.file.num = 5 (custom)
2021-03-08 02:05:16,341 [pool-1097-thread-1] INFO  server.RaftServerConfigKeys (ConfUtils.java:logGet(44)) - raft.server.log.purge.upto.snapshot.index = false (default)
2021-03-08 02:05:16,341 [pool-1097-thread-1] INFO  server.RaftServerConfigKeys (ConfUtils.java:logGet(44)) - raft.server.retrycache.expirytime = 600000ms (custom)
2021-03-08 02:05:16,342 [pool-1097-thread-1] INFO  server.RaftServerConfigKeys (ConfUtils.java:logGet(44)) - raft.server.retrycache.statistics.expirytime = 100?s (default)
2021-03-08 02:05:16,342 [pool-1097-thread-1] INFO  metrics.RatisMetrics (RatisMetrics.java:lambda$create$0(36)) - Creating Metrics Registry : ratis.leader_election.c7780af0-0f31-4130-b62a-7061a7bbaf6d@group-1166AD7308EA
2021-03-08 02:05:16,343 [pool-1097-thread-1] INFO  metrics.RatisMetrics (RatisMetrics.java:lambda$create$0(36)) - Creating Metrics Registry : ratis.server.c7780af0-0f31-4130-b62a-7061a7bbaf6d@group-1166AD7308EA
2021-03-08 02:05:16,345 [pool-1097-thread-1] INFO  server.RaftServer$Division (RaftServerImpl.java:start(295)) - c7780af0-0f31-4130-b62a-7061a7bbaf6d@group-1166AD7308EA: start as a follower, conf=-1: [c7780af0-0f31-4130-b62a-7061a7bbaf6d|rpc:172.17.0.2:40671|priority:1], old=null
2021-03-08 02:05:16,345 [pool-1097-thread-1] INFO  server.RaftServer$Division (RaftServerImpl.java:setRole(284)) - c7780af0-0f31-4130-b62a-7061a7bbaf6d@group-1166AD7308EA: changes role from      null to FOLLOWER at term 0 for startAsFollower
2021-03-08 02:05:16,345 [pool-1097-thread-1] INFO  impl.RoleInfo (RoleInfo.java:updateAndGet(130)) - c7780af0-0f31-4130-b62a-7061a7bbaf6d: start c7780af0-0f31-4130-b62a-7061a7bbaf6d@group-1166AD7308EA-FollowerState
2021-03-08 02:05:16,345 [pool-1097-thread-1] INFO  util.JmxRegister (JmxRegister.java:tryRegister(44)) - Successfully registered JMX Bean with object name Ratis:service=RaftServer,group=group-1166AD7308EA,id=c7780af0-0f31-4130-b62a-7061a7bbaf6d
2021-03-08 02:05:16,345 [pool-1097-thread-1] INFO  metrics.RatisMetrics (RatisMetrics.java:lambda$create$0(36)) - Creating Metrics Registry : ratis.state_machine.c7780af0-0f31-4130-b62a-7061a7bbaf6d@group-1166AD7308EA
2021-03-08 02:05:16,347 [Command processor thread] INFO  commandhandler.CreatePipelineCommandHandler (CreatePipelineCommandHandler.java:handle(106)) - Created Pipeline RATIS ONE PipelineID=6175961a-5b26-4108-818d-1166ad7308ea.
2021-03-08 02:05:16,408 [EventQueue-PipelineReportForOneReplicaPipelineSafeModeRule] INFO  safemode.SCMSafeModeManager (SCMSafeModeManager.java:validateSafeModeExitRules(214)) - AtleastOneDatanodeReportedRule rule is successfully validated
2021-03-08 02:05:16,408 [EventQueue-OpenPipelineForHealthyPipelineSafeModeRule] INFO  safemode.SCMSafeModeManager (HealthyPipelineSafeModeRule.java:process(128)) - SCM in safe mode. Healthy pipelines reported count is 0, required healthy pipeline reported count is 1
2021-03-08 02:05:16,464 [EventQueue-OpenPipelineForHealthyPipelineSafeModeRule] INFO  safemode.SCMSafeModeManager (HealthyPipelineSafeModeRule.java:process(128)) - SCM in safe mode. Healthy pipelines reported count is 0, required healthy pipeline reported count is 1
2021-03-08 02:05:16,464 [EventQueue-PipelineReportForOneReplicaPipelineSafeModeRule] INFO  safemode.SCMSafeModeManager (SCMSafeModeManager.java:validateSafeModeExitRules(214)) - AtleastOneDatanodeReportedRule rule is successfully validated
2021-03-08 02:05:16,543 [Listener at 127.0.0.1/34517] INFO  ozone.MiniOzoneClusterImpl (MiniOzoneClusterImpl.java:lambda$waitForClusterToBeReady$0(187)) - Nodes are ready. Got 7 of 7 DN Heartbeats.
2021-03-08 02:05:16,543 [Listener at 127.0.0.1/34517] INFO  ozone.MiniOzoneClusterImpl (MiniOzoneClusterImpl.java:lambda$waitForClusterToBeReady$0(190)) - Waiting for cluster to exit safe mode
2021-03-08 02:05:16,545 [Command processor thread] INFO  server.RaftServer (RaftServerProxy.java:addNew(95)) - 9a3b0351-70a0-45b7-a452-2291c7779c75: addNew group-25897E85E036:[9a3b0351-70a0-45b7-a452-2291c7779c75|rpc:172.17.0.2:33437|priority:1] returns group-25897E85E036:java.util.concurrent.CompletableFuture@95df2a0[Not completed]
2021-03-08 02:05:16,546 [pool-1113-thread-1] INFO  server.RaftServer$Division (RaftServerImpl.java:<init>(180)) - 9a3b0351-70a0-45b7-a452-2291c7779c75: new RaftServerImpl for group-25897E85E036:[9a3b0351-70a0-45b7-a452-2291c7779c75|rpc:172.17.0.2:33437|priority:1] with ContainerStateMachine:uninitialized
2021-03-08 02:05:16,546 [pool-1113-thread-1] INFO  server.RaftServerConfigKeys (ConfUtils.java:logGet(44)) - raft.server.rpc.timeout.min = 5s (custom)
2021-03-08 02:05:16,546 [pool-1113-thread-1] INFO  server.RaftServerConfigKeys (ConfUtils.java:logGet(44)) - raft.server.rpc.timeout.max = 5200ms (custom)
2021-03-08 02:05:16,546 [pool-1113-thread-1] INFO  server.RaftServerConfigKeys (ConfUtils.java:logGet(44)) - raft.server.rpc.sleep.time = 25ms (default)
2021-03-08 02:05:16,546 [pool-1113-thread-1] INFO  server.RaftServerConfigKeys (ConfUtils.java:logGet(44)) - raft.server.rpc.slowness.timeout = 300000ms (custom)
2021-03-08 02:05:16,546 [pool-1113-thread-1] INFO  server.RaftServerConfigKeys (ConfUtils.java:logGet(44)) - raft.server.leaderelection.leader.step-down.wait-time = 10s (default)
2021-03-08 02:05:16,546 [pool-1113-thread-1] INFO  server.RaftServerConfigKeys (ConfUtils.java:logGet(44)) - raft.server.sleep.deviation.threshold = 300ms (default)
2021-03-08 02:05:16,546 [pool-1113-thread-1] INFO  server.RaftServerConfigKeys (ConfUtils.java:logGet(44)) - raft.server.log.appender.install.snapshot.enabled = false (custom)
2021-03-08 02:05:16,546 [pool-1113-thread-1] INFO  server.RaftServer$Division (ServerState.java:<init>(105)) - 9a3b0351-70a0-45b7-a452-2291c7779c75@group-25897E85E036: ConfigurationManager, init=-1: [9a3b0351-70a0-45b7-a452-2291c7779c75|rpc:172.17.0.2:33437|priority:1], old=null, confs=<EMPTY_MAP>
2021-03-08 02:05:16,546 [pool-1113-thread-1] INFO  server.RaftServerConfigKeys (ConfUtils.java:logGet(44)) - raft.server.storage.dir = [/github/workspace/mnt/ozone/hadoop-ozone/integration-test/target/test-dir/MiniOzoneClusterImpl-ccaa8949-4e5a-4858-a1f5-413699190f1a/datanode-6/data/ratis] (custom)
2021-03-08 02:05:16,546 [pool-1113-thread-1] INFO  server.RaftServerConfigKeys (ConfUtils.java:logGet(44)) - raft.server.log.corruption.policy = EXCEPTION (default)
2021-03-08 02:05:16,547 [pool-1113-thread-1] INFO  storage.RaftStorageDirectory (RaftStorageDirectoryImpl.java:analyzeStorage(132)) - The storage directory /github/workspace/mnt/ozone/hadoop-ozone/integration-test/target/test-dir/MiniOzoneClusterImpl-ccaa8949-4e5a-4858-a1f5-413699190f1a/datanode-6/data/ratis/cc114c7c-51d5-4e17-8528-25897e85e036 does not exist. Creating ...
2021-03-08 02:05:16,548 [pool-1113-thread-1] INFO  storage.RaftStorageDirectory (RaftStorageDirectoryImpl.java:tryLock(215)) - Lock on /github/workspace/mnt/ozone/hadoop-ozone/integration-test/target/test-dir/MiniOzoneClusterImpl-ccaa8949-4e5a-4858-a1f5-413699190f1a/datanode-6/data/ratis/cc114c7c-51d5-4e17-8528-25897e85e036/in_use.lock acquired by nodename 32215@55665278a03a
2021-03-08 02:05:16,549 [pool-1113-thread-1] INFO  storage.RaftStorage (RaftStorageImpl.java:format(87)) - Storage directory /github/workspace/mnt/ozone/hadoop-ozone/integration-test/target/test-dir/MiniOzoneClusterImpl-ccaa8949-4e5a-4858-a1f5-413699190f1a/datanode-6/data/ratis/cc114c7c-51d5-4e17-8528-25897e85e036 has been successfully formatted.
2021-03-08 02:05:16,550 [pool-1113-thread-1] INFO  ratis.ContainerStateMachine (ContainerStateMachine.java:loadSnapshot(223)) - group-25897E85E036: The snapshot info is null. Setting the last applied indexto:(t:0, i:~)
2021-03-08 02:05:16,550 [pool-1113-thread-1] ERROR storage.RaftStorage (RaftStorageImpl.java:readRaftConfiguration(147)) - Failed reading configuration from file:/github/workspace/mnt/ozone/hadoop-ozone/integration-test/target/test-dir/MiniOzoneClusterImpl-ccaa8949-4e5a-4858-a1f5-413699190f1a/datanode-6/data/ratis/cc114c7c-51d5-4e17-8528-25897e85e036/current/raft-meta.conf
java.io.FileNotFoundException: /github/workspace/mnt/ozone/hadoop-ozone/integration-test/target/test-dir/MiniOzoneClusterImpl-ccaa8949-4e5a-4858-a1f5-413699190f1a/datanode-6/data/ratis/cc114c7c-51d5-4e17-8528-25897e85e036/current/raft-meta.conf (No such file or directory)
	at java.io.FileInputStream.open0(Native Method)
	at java.io.FileInputStream.open(FileInputStream.java:195)
	at java.io.FileInputStream.<init>(FileInputStream.java:138)
	at org.apache.ratis.server.storage.RaftStorageImpl.readRaftConfiguration(RaftStorageImpl.java:143)
	at org.apache.ratis.server.impl.ServerState.<init>(ServerState.java:122)
	at org.apache.ratis.server.impl.RaftServerImpl.<init>(RaftServerImpl.java:193)
	at org.apache.ratis.server.impl.RaftServerProxy.lambda$newRaftServerImpl$4(RaftServerProxy.java:266)
	at java.util.concurrent.CompletableFuture$AsyncSupply.run(CompletableFuture.java:1604)
	at java.util.concurrent.ThreadPoolExecutor.runWorker(ThreadPoolExecutor.java:1149)
	at java.util.concurrent.ThreadPoolExecutor$Worker.run(ThreadPoolExecutor.java:624)
	at java.lang.Thread.run(Thread.java:748)
2021-03-08 02:05:16,550 [pool-1113-thread-1] INFO  server.RaftServerConfigKeys (ConfUtils.java:logGet(44)) - raft.server.notification.no-leader.timeout = 300000ms (custom)
2021-03-08 02:05:16,550 [pool-1113-thread-1] INFO  server.RaftServerConfigKeys (ConfUtils.java:logGet(44)) - raft.server.log.use.memory = false (default)
2021-03-08 02:05:16,550 [pool-1113-thread-1] INFO  server.RaftServerConfigKeys (ConfUtils.java:logGet(44)) - raft.server.log.purge.gap = 1000000 (custom)
2021-03-08 02:05:16,550 [pool-1113-thread-1] INFO  server.RaftServerConfigKeys (ConfUtils.java:logGet(44)) - raft.server.log.appender.buffer.byte-limit = 33554432 (custom)
2021-03-08 02:05:16,550 [pool-1113-thread-1] INFO  metrics.RatisMetrics (RatisMetrics.java:lambda$create$0(36)) - Creating Metrics Registry : ratis.log_worker.9a3b0351-70a0-45b7-a452-2291c7779c75@group-25897E85E036
2021-03-08 02:05:16,550 [pool-1113-thread-1] INFO  server.RaftServerConfigKeys (ConfUtils.java:logGet(44)) - raft.server.log.segment.size.max = 1048576 (custom)
2021-03-08 02:05:16,551 [EventQueue-PipelineReportForPipelineReportHandler] INFO  pipeline.PipelineStateManager (PipelineStateManager.java:openPipeline(132)) - Pipeline Pipeline[ Id: cc114c7c-51d5-4e17-8528-25897e85e036, Nodes: 9a3b0351-70a0-45b7-a452-2291c7779c75{ip: 172.17.0.2, host: 55665278a03a, ports: [REPLICATION=41925, RATIS=33437, RATIS_ADMIN=33437, RATIS_SERVER=33437, STANDALONE=44025], networkLocation: /default-rack, certSerialId: null, persistedOpState: IN_SERVICE, persistedOpStateExpiryEpochSec: 0}, Type:RATIS, Factor:ONE, State:ALLOCATED, leaderId:9a3b0351-70a0-45b7-a452-2291c7779c75, CreationTimestamp2021-03-08T02:05:13.545Z] moved to OPEN state
2021-03-08 02:05:16,551 [EventQueue-OpenPipelineForHealthyPipelineSafeModeRule] INFO  safemode.SCMSafeModeManager (HealthyPipelineSafeModeRule.java:process(128)) - SCM in safe mode. Healthy pipelines reported count is 0, required healthy pipeline reported count is 1
2021-03-08 02:05:16,551 [EventQueue-PipelineReportForOneReplicaPipelineSafeModeRule] INFO  safemode.SCMSafeModeManager (SCMSafeModeManager.java:validateSafeModeExitRules(214)) - AtleastOneDatanodeReportedRule rule is successfully validated
2021-03-08 02:05:16,551 [pool-1113-thread-1] INFO  server.RaftServerConfigKeys (ConfUtils.java:logGet(44)) - raft.server.log.segment.cache.num.max = 2 (custom)
2021-03-08 02:05:16,552 [pool-1113-thread-1] INFO  server.RaftServerConfigKeys (ConfUtils.java:logGet(44)) - raft.server.log.segment.cache.size.max = 200MB (=209715200) (default)
2021-03-08 02:05:16,552 [pool-1113-thread-1] INFO  segmented.SegmentedRaftLogWorker (SegmentedRaftLogWorker.java:<init>(181)) - new 9a3b0351-70a0-45b7-a452-2291c7779c75@group-25897E85E036-SegmentedRaftLogWorker for RaftStorageImpl:Storage Directory /github/workspace/mnt/ozone/hadoop-ozone/integration-test/target/test-dir/MiniOzoneClusterImpl-ccaa8949-4e5a-4858-a1f5-413699190f1a/datanode-6/data/ratis/cc114c7c-51d5-4e17-8528-25897e85e036
2021-03-08 02:05:16,552 [pool-1113-thread-1] INFO  server.RaftServerConfigKeys (ConfUtils.java:logGet(44)) - raft.server.log.queue.byte-limit = 2147483647 (custom)
2021-03-08 02:05:16,552 [pool-1113-thread-1] INFO  server.RaftServerConfigKeys (ConfUtils.java:logGet(44)) - raft.server.log.queue.element-limit = 1024 (custom)
2021-03-08 02:05:16,552 [pool-1113-thread-1] INFO  server.RaftServerConfigKeys (ConfUtils.java:logGet(44)) - raft.server.log.segment.size.max = 1048576 (custom)
2021-03-08 02:05:16,552 [pool-1113-thread-1] INFO  server.RaftServerConfigKeys (ConfUtils.java:logGet(44)) - raft.server.log.preallocated.size = 16384 (custom)
2021-03-08 02:05:16,552 [pool-1113-thread-1] INFO  server.RaftServerConfigKeys (ConfUtils.java:logGet(44)) - raft.server.log.force.sync.num = 128 (default)
2021-03-08 02:05:16,552 [pool-1113-thread-1] INFO  server.RaftServerConfigKeys (ConfUtils.java:logGet(44)) - raft.server.log.statemachine.data.sync = true (default)
2021-03-08 02:05:16,552 [pool-1113-thread-1] INFO  server.RaftServerConfigKeys (ConfUtils.java:logGet(44)) - raft.server.log.statemachine.data.sync.timeout = 10s (default)
2021-03-08 02:05:16,552 [pool-1113-thread-1] INFO  server.RaftServerConfigKeys (ConfUtils.java:logGet(44)) - raft.server.log.statemachine.data.sync.timeout.retry = -1 (default)
2021-03-08 02:05:16,555 [pool-1113-thread-1] INFO  server.RaftServerConfigKeys (ConfUtils.java:logGet(44)) - raft.server.log.write.buffer.size = 1048576 (custom)
2021-03-08 02:05:16,555 [pool-1113-thread-1] INFO  server.RaftServerConfigKeys (ConfUtils.java:logGet(44)) - raft.server.log.statemachine.data.caching.enabled = true (custom)
2021-03-08 02:05:16,556 [pool-1113-thread-1] INFO  segmented.SegmentedRaftLogWorker (SegmentedRaftLogWorker.java:lambda$new$0(132)) - 9a3b0351-70a0-45b7-a452-2291c7779c75@group-25897E85E036-SegmentedRaftLogWorker: flushIndex: setUnconditionally 0 -> -1
2021-03-08 02:05:16,556 [pool-1113-thread-1] INFO  segmented.SegmentedRaftLogWorker (SegmentedRaftLogWorker.java:lambda$new$0(132)) - 9a3b0351-70a0-45b7-a452-2291c7779c75@group-25897E85E036-SegmentedRaftLogWorker: safeCacheEvictIndex: setUnconditionally 0 -> -1
2021-03-08 02:05:16,556 [pool-1113-thread-1] INFO  server.RaftServerConfigKeys (ConfUtils.java:logGet(44)) - raft.server.snapshot.auto.trigger.enabled = true (custom)
2021-03-08 02:05:16,556 [pool-1113-thread-1] INFO  server.RaftServerConfigKeys (ConfUtils.java:logGet(44)) - raft.server.snapshot.auto.trigger.threshold = 10000 (custom)
2021-03-08 02:05:16,556 [pool-1113-thread-1] INFO  server.RaftServerConfigKeys (ConfUtils.java:logGet(44)) - raft.server.snapshot.retention.file.num = 5 (custom)
2021-03-08 02:05:16,556 [pool-1113-thread-1] INFO  server.RaftServerConfigKeys (ConfUtils.java:logGet(44)) - raft.server.log.purge.upto.snapshot.index = false (default)
2021-03-08 02:05:16,556 [pool-1113-thread-1] INFO  server.RaftServerConfigKeys (ConfUtils.java:logGet(44)) - raft.server.retrycache.expirytime = 600000ms (custom)
2021-03-08 02:05:16,556 [pool-1113-thread-1] INFO  server.RaftServerConfigKeys (ConfUtils.java:logGet(44)) - raft.server.retrycache.statistics.expirytime = 100?s (default)
2021-03-08 02:05:16,556 [pool-1113-thread-1] INFO  metrics.RatisMetrics (RatisMetrics.java:lambda$create$0(36)) - Creating Metrics Registry : ratis.leader_election.9a3b0351-70a0-45b7-a452-2291c7779c75@group-25897E85E036
2021-03-08 02:05:16,557 [pool-1113-thread-1] INFO  metrics.RatisMetrics (RatisMetrics.java:lambda$create$0(36)) - Creating Metrics Registry : ratis.server.9a3b0351-70a0-45b7-a452-2291c7779c75@group-25897E85E036
2021-03-08 02:05:16,560 [pool-1113-thread-1] INFO  server.RaftServer$Division (RaftServerImpl.java:start(295)) - 9a3b0351-70a0-45b7-a452-2291c7779c75@group-25897E85E036: start as a follower, conf=-1: [9a3b0351-70a0-45b7-a452-2291c7779c75|rpc:172.17.0.2:33437|priority:1], old=null
2021-03-08 02:05:16,560 [pool-1113-thread-1] INFO  server.RaftServer$Division (RaftServerImpl.java:setRole(284)) - 9a3b0351-70a0-45b7-a452-2291c7779c75@group-25897E85E036: changes role from      null to FOLLOWER at term 0 for startAsFollower
2021-03-08 02:05:16,560 [pool-1113-thread-1] INFO  impl.RoleInfo (RoleInfo.java:updateAndGet(130)) - 9a3b0351-70a0-45b7-a452-2291c7779c75: start 9a3b0351-70a0-45b7-a452-2291c7779c75@group-25897E85E036-FollowerState
2021-03-08 02:05:16,560 [pool-1113-thread-1] INFO  util.JmxRegister (JmxRegister.java:tryRegister(44)) - Successfully registered JMX Bean with object name Ratis:service=RaftServer,group=group-25897E85E036,id=9a3b0351-70a0-45b7-a452-2291c7779c75
2021-03-08 02:05:16,560 [pool-1113-thread-1] INFO  metrics.RatisMetrics (RatisMetrics.java:lambda$create$0(36)) - Creating Metrics Registry : ratis.state_machine.9a3b0351-70a0-45b7-a452-2291c7779c75@group-25897E85E036
2021-03-08 02:05:16,561 [Command processor thread] INFO  commandhandler.CreatePipelineCommandHandler (CreatePipelineCommandHandler.java:handle(106)) - Created Pipeline RATIS ONE PipelineID=cc114c7c-51d5-4e17-8528-25897e85e036.
2021-03-08 02:05:16,681 [EventQueue-PipelineReportForOneReplicaPipelineSafeModeRule] INFO  safemode.SCMSafeModeManager (SCMSafeModeManager.java:validateSafeModeExitRules(214)) - AtleastOneDatanodeReportedRule rule is successfully validated
2021-03-08 02:05:16,681 [EventQueue-OpenPipelineForHealthyPipelineSafeModeRule] INFO  safemode.SCMSafeModeManager (HealthyPipelineSafeModeRule.java:process(128)) - SCM in safe mode. Healthy pipelines reported count is 0, required healthy pipeline reported count is 1
2021-03-08 02:05:17,114 [EventQueue-PipelineReportForOneReplicaPipelineSafeModeRule] INFO  safemode.SCMSafeModeManager (SCMSafeModeManager.java:validateSafeModeExitRules(214)) - AtleastOneDatanodeReportedRule rule is successfully validated
2021-03-08 02:05:17,115 [EventQueue-OpenPipelineForHealthyPipelineSafeModeRule] INFO  safemode.SCMSafeModeManager (HealthyPipelineSafeModeRule.java:process(128)) - SCM in safe mode. Healthy pipelines reported count is 0, required healthy pipeline reported count is 1
2021-03-08 02:05:17,174 [EventQueue-PipelineReportForOneReplicaPipelineSafeModeRule] INFO  safemode.SCMSafeModeManager (SCMSafeModeManager.java:validateSafeModeExitRules(214)) - AtleastOneDatanodeReportedRule rule is successfully validated
2021-03-08 02:05:17,174 [EventQueue-OpenPipelineForHealthyPipelineSafeModeRule] INFO  safemode.SCMSafeModeManager (HealthyPipelineSafeModeRule.java:process(128)) - SCM in safe mode. Healthy pipelines reported count is 0, required healthy pipeline reported count is 1
2021-03-08 02:05:17,336 [EventQueue-PipelineReportForOneReplicaPipelineSafeModeRule] INFO  safemode.SCMSafeModeManager (SCMSafeModeManager.java:validateSafeModeExitRules(214)) - AtleastOneDatanodeReportedRule rule is successfully validated
2021-03-08 02:05:17,336 [EventQueue-OpenPipelineForHealthyPipelineSafeModeRule] INFO  safemode.SCMSafeModeManager (HealthyPipelineSafeModeRule.java:process(128)) - SCM in safe mode. Healthy pipelines reported count is 0, required healthy pipeline reported count is 1
2021-03-08 02:05:17,408 [EventQueue-PipelineReportForOneReplicaPipelineSafeModeRule] INFO  safemode.SCMSafeModeManager (SCMSafeModeManager.java:validateSafeModeExitRules(214)) - AtleastOneDatanodeReportedRule rule is successfully validated
2021-03-08 02:05:17,408 [EventQueue-OpenPipelineForHealthyPipelineSafeModeRule] INFO  safemode.SCMSafeModeManager (HealthyPipelineSafeModeRule.java:process(128)) - SCM in safe mode. Healthy pipelines reported count is 0, required healthy pipeline reported count is 1
2021-03-08 02:05:17,464 [EventQueue-PipelineReportForOneReplicaPipelineSafeModeRule] INFO  safemode.SCMSafeModeManager (SCMSafeModeManager.java:validateSafeModeExitRules(214)) - AtleastOneDatanodeReportedRule rule is successfully validated
2021-03-08 02:05:17,464 [EventQueue-OpenPipelineForHealthyPipelineSafeModeRule] INFO  safemode.SCMSafeModeManager (HealthyPipelineSafeModeRule.java:process(128)) - SCM in safe mode. Healthy pipelines reported count is 0, required healthy pipeline reported count is 1
2021-03-08 02:05:17,543 [Listener at 127.0.0.1/34517] INFO  ozone.MiniOzoneClusterImpl (MiniOzoneClusterImpl.java:lambda$waitForClusterToBeReady$0(187)) - Nodes are ready. Got 7 of 7 DN Heartbeats.
2021-03-08 02:05:17,544 [Listener at 127.0.0.1/34517] INFO  ozone.MiniOzoneClusterImpl (MiniOzoneClusterImpl.java:lambda$waitForClusterToBeReady$0(190)) - Waiting for cluster to exit safe mode
2021-03-08 02:05:17,550 [EventQueue-PipelineReportForOneReplicaPipelineSafeModeRule] INFO  safemode.SCMSafeModeManager (SCMSafeModeManager.java:validateSafeModeExitRules(214)) - AtleastOneDatanodeReportedRule rule is successfully validated
2021-03-08 02:05:17,550 [EventQueue-OpenPipelineForHealthyPipelineSafeModeRule] INFO  safemode.SCMSafeModeManager (HealthyPipelineSafeModeRule.java:process(128)) - SCM in safe mode. Healthy pipelines reported count is 0, required healthy pipeline reported count is 1
2021-03-08 02:05:17,680 [EventQueue-PipelineReportForOneReplicaPipelineSafeModeRule] INFO  safemode.SCMSafeModeManager (SCMSafeModeManager.java:validateSafeModeExitRules(214)) - AtleastOneDatanodeReportedRule rule is successfully validated
2021-03-08 02:05:17,681 [EventQueue-OpenPipelineForHealthyPipelineSafeModeRule] INFO  safemode.SCMSafeModeManager (HealthyPipelineSafeModeRule.java:process(128)) - SCM in safe mode. Healthy pipelines reported count is 0, required healthy pipeline reported count is 1
2021-03-08 02:05:18,113 [EventQueue-PipelineReportForOneReplicaPipelineSafeModeRule] INFO  safemode.SCMSafeModeManager (SCMSafeModeManager.java:validateSafeModeExitRules(214)) - AtleastOneDatanodeReportedRule rule is successfully validated
2021-03-08 02:05:18,114 [EventQueue-OpenPipelineForHealthyPipelineSafeModeRule] INFO  safemode.SCMSafeModeManager (HealthyPipelineSafeModeRule.java:process(128)) - SCM in safe mode. Healthy pipelines reported count is 0, required healthy pipeline reported count is 1
2021-03-08 02:05:18,174 [EventQueue-PipelineReportForOneReplicaPipelineSafeModeRule] INFO  safemode.SCMSafeModeManager (SCMSafeModeManager.java:validateSafeModeExitRules(214)) - AtleastOneDatanodeReportedRule rule is successfully validated
2021-03-08 02:05:18,174 [EventQueue-OpenPipelineForHealthyPipelineSafeModeRule] INFO  safemode.SCMSafeModeManager (HealthyPipelineSafeModeRule.java:process(128)) - SCM in safe mode. Healthy pipelines reported count is 0, required healthy pipeline reported count is 1
2021-03-08 02:05:18,336 [EventQueue-PipelineReportForOneReplicaPipelineSafeModeRule] INFO  safemode.SCMSafeModeManager (SCMSafeModeManager.java:validateSafeModeExitRules(214)) - AtleastOneDatanodeReportedRule rule is successfully validated
2021-03-08 02:05:18,336 [EventQueue-OpenPipelineForHealthyPipelineSafeModeRule] INFO  safemode.SCMSafeModeManager (HealthyPipelineSafeModeRule.java:process(128)) - SCM in safe mode. Healthy pipelines reported count is 0, required healthy pipeline reported count is 1
2021-03-08 02:05:18,408 [EventQueue-PipelineReportForOneReplicaPipelineSafeModeRule] INFO  safemode.SCMSafeModeManager (SCMSafeModeManager.java:validateSafeModeExitRules(214)) - AtleastOneDatanodeReportedRule rule is successfully validated
2021-03-08 02:05:18,408 [EventQueue-OpenPipelineForHealthyPipelineSafeModeRule] INFO  safemode.SCMSafeModeManager (HealthyPipelineSafeModeRule.java:process(128)) - SCM in safe mode. Healthy pipelines reported count is 0, required healthy pipeline reported count is 1
2021-03-08 02:05:18,464 [EventQueue-PipelineReportForOneReplicaPipelineSafeModeRule] INFO  safemode.SCMSafeModeManager (SCMSafeModeManager.java:validateSafeModeExitRules(214)) - AtleastOneDatanodeReportedRule rule is successfully validated
2021-03-08 02:05:18,464 [EventQueue-OpenPipelineForHealthyPipelineSafeModeRule] INFO  safemode.SCMSafeModeManager (HealthyPipelineSafeModeRule.java:process(128)) - SCM in safe mode. Healthy pipelines reported count is 0, required healthy pipeline reported count is 1
2021-03-08 02:05:18,544 [Listener at 127.0.0.1/34517] INFO  ozone.MiniOzoneClusterImpl (MiniOzoneClusterImpl.java:lambda$waitForClusterToBeReady$0(187)) - Nodes are ready. Got 7 of 7 DN Heartbeats.
2021-03-08 02:05:18,544 [Listener at 127.0.0.1/34517] INFO  ozone.MiniOzoneClusterImpl (MiniOzoneClusterImpl.java:lambda$waitForClusterToBeReady$0(190)) - Waiting for cluster to exit safe mode
2021-03-08 02:05:18,550 [EventQueue-PipelineReportForOneReplicaPipelineSafeModeRule] INFO  safemode.SCMSafeModeManager (SCMSafeModeManager.java:validateSafeModeExitRules(214)) - AtleastOneDatanodeReportedRule rule is successfully validated
2021-03-08 02:05:18,550 [EventQueue-OpenPipelineForHealthyPipelineSafeModeRule] INFO  safemode.SCMSafeModeManager (HealthyPipelineSafeModeRule.java:process(128)) - SCM in safe mode. Healthy pipelines reported count is 0, required healthy pipeline reported count is 1
2021-03-08 02:05:18,680 [EventQueue-PipelineReportForOneReplicaPipelineSafeModeRule] INFO  safemode.SCMSafeModeManager (SCMSafeModeManager.java:validateSafeModeExitRules(214)) - AtleastOneDatanodeReportedRule rule is successfully validated
2021-03-08 02:05:18,681 [EventQueue-OpenPipelineForHealthyPipelineSafeModeRule] INFO  safemode.SCMSafeModeManager (HealthyPipelineSafeModeRule.java:process(128)) - SCM in safe mode. Healthy pipelines reported count is 0, required healthy pipeline reported count is 1
2021-03-08 02:05:19,114 [EventQueue-PipelineReportForOneReplicaPipelineSafeModeRule] INFO  safemode.SCMSafeModeManager (SCMSafeModeManager.java:validateSafeModeExitRules(214)) - AtleastOneDatanodeReportedRule rule is successfully validated
2021-03-08 02:05:19,114 [EventQueue-OpenPipelineForHealthyPipelineSafeModeRule] INFO  safemode.SCMSafeModeManager (HealthyPipelineSafeModeRule.java:process(128)) - SCM in safe mode. Healthy pipelines reported count is 0, required healthy pipeline reported count is 1
2021-03-08 02:05:19,174 [EventQueue-PipelineReportForOneReplicaPipelineSafeModeRule] INFO  safemode.SCMSafeModeManager (SCMSafeModeManager.java:validateSafeModeExitRules(214)) - AtleastOneDatanodeReportedRule rule is successfully validated
2021-03-08 02:05:19,174 [EventQueue-OpenPipelineForHealthyPipelineSafeModeRule] INFO  safemode.SCMSafeModeManager (HealthyPipelineSafeModeRule.java:process(128)) - SCM in safe mode. Healthy pipelines reported count is 0, required healthy pipeline reported count is 1
2021-03-08 02:05:19,336 [EventQueue-PipelineReportForOneReplicaPipelineSafeModeRule] INFO  safemode.SCMSafeModeManager (SCMSafeModeManager.java:validateSafeModeExitRules(214)) - AtleastOneDatanodeReportedRule rule is successfully validated
2021-03-08 02:05:19,336 [EventQueue-OpenPipelineForHealthyPipelineSafeModeRule] INFO  safemode.SCMSafeModeManager (HealthyPipelineSafeModeRule.java:process(128)) - SCM in safe mode. Healthy pipelines reported count is 0, required healthy pipeline reported count is 1
2021-03-08 02:05:19,408 [EventQueue-OpenPipelineForHealthyPipelineSafeModeRule] INFO  safemode.SCMSafeModeManager (HealthyPipelineSafeModeRule.java:process(128)) - SCM in safe mode. Healthy pipelines reported count is 0, required healthy pipeline reported count is 1
2021-03-08 02:05:19,408 [EventQueue-PipelineReportForOneReplicaPipelineSafeModeRule] INFO  safemode.SCMSafeModeManager (SCMSafeModeManager.java:validateSafeModeExitRules(214)) - AtleastOneDatanodeReportedRule rule is successfully validated
2021-03-08 02:05:19,464 [EventQueue-OpenPipelineForHealthyPipelineSafeModeRule] INFO  safemode.SCMSafeModeManager (HealthyPipelineSafeModeRule.java:process(128)) - SCM in safe mode. Healthy pipelines reported count is 0, required healthy pipeline reported count is 1
2021-03-08 02:05:19,464 [EventQueue-PipelineReportForOneReplicaPipelineSafeModeRule] INFO  safemode.SCMSafeModeManager (SCMSafeModeManager.java:validateSafeModeExitRules(214)) - AtleastOneDatanodeReportedRule rule is successfully validated
2021-03-08 02:05:19,544 [Listener at 127.0.0.1/34517] INFO  ozone.MiniOzoneClusterImpl (MiniOzoneClusterImpl.java:lambda$waitForClusterToBeReady$0(187)) - Nodes are ready. Got 7 of 7 DN Heartbeats.
2021-03-08 02:05:19,544 [Listener at 127.0.0.1/34517] INFO  ozone.MiniOzoneClusterImpl (MiniOzoneClusterImpl.java:lambda$waitForClusterToBeReady$0(190)) - Waiting for cluster to exit safe mode
2021-03-08 02:05:19,550 [EventQueue-PipelineReportForOneReplicaPipelineSafeModeRule] INFO  safemode.SCMSafeModeManager (SCMSafeModeManager.java:validateSafeModeExitRules(214)) - AtleastOneDatanodeReportedRule rule is successfully validated
2021-03-08 02:05:19,550 [EventQueue-OpenPipelineForHealthyPipelineSafeModeRule] INFO  safemode.SCMSafeModeManager (HealthyPipelineSafeModeRule.java:process(128)) - SCM in safe mode. Healthy pipelines reported count is 0, required healthy pipeline reported count is 1
2021-03-08 02:05:19,681 [EventQueue-PipelineReportForOneReplicaPipelineSafeModeRule] INFO  safemode.SCMSafeModeManager (SCMSafeModeManager.java:validateSafeModeExitRules(214)) - AtleastOneDatanodeReportedRule rule is successfully validated
2021-03-08 02:05:19,681 [EventQueue-OpenPipelineForHealthyPipelineSafeModeRule] INFO  safemode.SCMSafeModeManager (HealthyPipelineSafeModeRule.java:process(128)) - SCM in safe mode. Healthy pipelines reported count is 0, required healthy pipeline reported count is 1
2021-03-08 02:05:20,114 [EventQueue-PipelineReportForOneReplicaPipelineSafeModeRule] INFO  safemode.SCMSafeModeManager (SCMSafeModeManager.java:validateSafeModeExitRules(214)) - AtleastOneDatanodeReportedRule rule is successfully validated
2021-03-08 02:05:20,114 [EventQueue-OpenPipelineForHealthyPipelineSafeModeRule] INFO  safemode.SCMSafeModeManager (HealthyPipelineSafeModeRule.java:process(128)) - SCM in safe mode. Healthy pipelines reported count is 0, required healthy pipeline reported count is 1
2021-03-08 02:05:20,173 [EventQueue-PipelineReportForOneReplicaPipelineSafeModeRule] INFO  safemode.SCMSafeModeManager (SCMSafeModeManager.java:validateSafeModeExitRules(214)) - AtleastOneDatanodeReportedRule rule is successfully validated
2021-03-08 02:05:20,174 [EventQueue-OpenPipelineForHealthyPipelineSafeModeRule] INFO  safemode.SCMSafeModeManager (HealthyPipelineSafeModeRule.java:process(128)) - SCM in safe mode. Healthy pipelines reported count is 0, required healthy pipeline reported count is 1
2021-03-08 02:05:20,336 [EventQueue-PipelineReportForOneReplicaPipelineSafeModeRule] INFO  safemode.SCMSafeModeManager (SCMSafeModeManager.java:validateSafeModeExitRules(214)) - AtleastOneDatanodeReportedRule rule is successfully validated
2021-03-08 02:05:20,336 [EventQueue-OpenPipelineForHealthyPipelineSafeModeRule] INFO  safemode.SCMSafeModeManager (HealthyPipelineSafeModeRule.java:process(128)) - SCM in safe mode. Healthy pipelines reported count is 0, required healthy pipeline reported count is 1
2021-03-08 02:05:20,355 [Thread-4270] INFO  impl.FollowerState (FollowerState.java:run(133)) - 92084499-c42d-4e9c-90ed-faecbf58ca46@group-3A9AA9FBFAA1-FollowerState: change to CANDIDATE, lastRpcElapsedTime:5090627008ns, electionTimeout:5089ms
2021-03-08 02:05:20,355 [Thread-4270] INFO  impl.RoleInfo (RoleInfo.java:shutdownFollowerState(108)) - 92084499-c42d-4e9c-90ed-faecbf58ca46: shutdown 92084499-c42d-4e9c-90ed-faecbf58ca46@group-3A9AA9FBFAA1-FollowerState
2021-03-08 02:05:20,355 [Thread-4270] INFO  server.RaftServer$Division (RaftServerImpl.java:setRole(284)) - 92084499-c42d-4e9c-90ed-faecbf58ca46@group-3A9AA9FBFAA1: changes role from  FOLLOWER to CANDIDATE at term 0 for changeToCandidate
2021-03-08 02:05:20,355 [Thread-4270] INFO  server.RaftServerConfigKeys (ConfUtils.java:logGet(44)) - raft.server.leaderelection.pre-vote = false (custom)
2021-03-08 02:05:20,356 [Thread-4270] INFO  impl.RoleInfo (RoleInfo.java:updateAndGet(130)) - 92084499-c42d-4e9c-90ed-faecbf58ca46: start 92084499-c42d-4e9c-90ed-faecbf58ca46@group-3A9AA9FBFAA1-LeaderElection180
2021-03-08 02:05:20,359 [92084499-c42d-4e9c-90ed-faecbf58ca46@group-3A9AA9FBFAA1-LeaderElection180] INFO  impl.LeaderElection (LeaderElection.java:askForVotes(307)) - 92084499-c42d-4e9c-90ed-faecbf58ca46@group-3A9AA9FBFAA1-LeaderElection180 ELECTION round 0: submit vote requests at term 1 for -1: [92084499-c42d-4e9c-90ed-faecbf58ca46|rpc:172.17.0.2:44599|priority:1], old=null
2021-03-08 02:05:20,359 [92084499-c42d-4e9c-90ed-faecbf58ca46@group-3A9AA9FBFAA1-LeaderElection180] INFO  impl.LeaderElection (LeaderElection.java:askForVotes(309)) - 92084499-c42d-4e9c-90ed-faecbf58ca46@group-3A9AA9FBFAA1-LeaderElection180 ELECTION round 0: result PASSED (term=1)
2021-03-08 02:05:20,359 [Thread-4274] INFO  impl.FollowerState (FollowerState.java:run(133)) - 6ba9ab1d-3af3-415d-b63e-d033c6891994@group-5CA67261F62C-FollowerState: change to CANDIDATE, lastRpcElapsedTime:5044325632ns, electionTimeout:5044ms
2021-03-08 02:05:20,360 [Thread-4274] INFO  impl.RoleInfo (RoleInfo.java:shutdownFollowerState(108)) - 6ba9ab1d-3af3-415d-b63e-d033c6891994: shutdown 6ba9ab1d-3af3-415d-b63e-d033c6891994@group-5CA67261F62C-FollowerState
2021-03-08 02:05:20,360 [Thread-4274] INFO  server.RaftServer$Division (RaftServerImpl.java:setRole(284)) - 6ba9ab1d-3af3-415d-b63e-d033c6891994@group-5CA67261F62C: changes role from  FOLLOWER to CANDIDATE at term 0 for changeToCandidate
2021-03-08 02:05:20,360 [92084499-c42d-4e9c-90ed-faecbf58ca46@group-3A9AA9FBFAA1-LeaderElection180] INFO  impl.RoleInfo (RoleInfo.java:shutdownLeaderElection(121)) - 92084499-c42d-4e9c-90ed-faecbf58ca46: shutdown 92084499-c42d-4e9c-90ed-faecbf58ca46@group-3A9AA9FBFAA1-LeaderElection180
2021-03-08 02:05:20,361 [Thread-4274] INFO  server.RaftServerConfigKeys (ConfUtils.java:logGet(44)) - raft.server.leaderelection.pre-vote = false (custom)
2021-03-08 02:05:20,361 [Thread-4274] INFO  impl.RoleInfo (RoleInfo.java:updateAndGet(130)) - 6ba9ab1d-3af3-415d-b63e-d033c6891994: start 6ba9ab1d-3af3-415d-b63e-d033c6891994@group-5CA67261F62C-LeaderElection181
2021-03-08 02:05:20,361 [92084499-c42d-4e9c-90ed-faecbf58ca46@group-3A9AA9FBFAA1-LeaderElection180] INFO  server.RaftServer$Division (RaftServerImpl.java:setRole(284)) - 92084499-c42d-4e9c-90ed-faecbf58ca46@group-3A9AA9FBFAA1: changes role from CANDIDATE to LEADER at term 1 for changeToLeader
2021-03-08 02:05:20,361 [92084499-c42d-4e9c-90ed-faecbf58ca46@group-3A9AA9FBFAA1-LeaderElection180] INFO  ratis.XceiverServerRatis (XceiverServerRatis.java:handleLeaderChangedNotification(899)) - Leader change notification received for group: group-3A9AA9FBFAA1 with new leaderId: 92084499-c42d-4e9c-90ed-faecbf58ca46
2021-03-08 02:05:20,361 [92084499-c42d-4e9c-90ed-faecbf58ca46@group-3A9AA9FBFAA1-LeaderElection180] INFO  server.RaftServer$Division (ServerState.java:setLeader(271)) - 92084499-c42d-4e9c-90ed-faecbf58ca46@group-3A9AA9FBFAA1: change Leader from null to 92084499-c42d-4e9c-90ed-faecbf58ca46 at term 1 for becomeLeader, leader elected after 5108ms
2021-03-08 02:05:20,361 [92084499-c42d-4e9c-90ed-faecbf58ca46@group-3A9AA9FBFAA1-LeaderElection180] INFO  server.RaftServerConfigKeys (ConfUtils.java:logGet(44)) - raft.server.staging.catchup.gap = 1000 (default)
2021-03-08 02:05:20,361 [92084499-c42d-4e9c-90ed-faecbf58ca46@group-3A9AA9FBFAA1-LeaderElection180] INFO  metrics.RatisMetrics (RatisMetrics.java:lambda$create$0(36)) - Creating Metrics Registry : ratis.log_appender.92084499-c42d-4e9c-90ed-faecbf58ca46@group-3A9AA9FBFAA1
2021-03-08 02:05:20,362 [EventQueue-PipelineReportForOneReplicaPipelineSafeModeRule] INFO  safemode.SCMSafeModeManager (SCMSafeModeManager.java:validateSafeModeExitRules(214)) - AtleastOneDatanodeReportedRule rule is successfully validated
2021-03-08 02:05:20,362 [EventQueue-OpenPipelineForHealthyPipelineSafeModeRule] INFO  safemode.SCMSafeModeManager (HealthyPipelineSafeModeRule.java:process(128)) - SCM in safe mode. Healthy pipelines reported count is 0, required healthy pipeline reported count is 1
2021-03-08 02:05:20,362 [92084499-c42d-4e9c-90ed-faecbf58ca46@group-3A9AA9FBFAA1-LeaderElection180] INFO  server.RaftServerConfigKeys (ConfUtils.java:logGet(44)) - raft.server.write.element-limit = 1024 (custom)
2021-03-08 02:05:20,362 [92084499-c42d-4e9c-90ed-faecbf58ca46@group-3A9AA9FBFAA1-LeaderElection180] INFO  server.RaftServerConfigKeys (ConfUtils.java:logGet(44)) - raft.server.write.byte-limit = 1073741824 (custom)
2021-03-08 02:05:20,364 [92084499-c42d-4e9c-90ed-faecbf58ca46@group-3A9AA9FBFAA1-LeaderElection180] INFO  server.RaftServerConfigKeys (ConfUtils.java:logGet(44)) - raft.server.watch.timeout = 3000ms (custom)
2021-03-08 02:05:20,364 [92084499-c42d-4e9c-90ed-faecbf58ca46@group-3A9AA9FBFAA1-LeaderElection180] INFO  server.RaftServerConfigKeys (ConfUtils.java:logGet(44)) - raft.server.watch.timeout.denomination = 1s (default)
2021-03-08 02:05:20,364 [92084499-c42d-4e9c-90ed-faecbf58ca46@group-3A9AA9FBFAA1-LeaderElection180] INFO  server.RaftServerConfigKeys (ConfUtils.java:logGet(44)) - raft.server.watch.element-limit = 65536 (default)
2021-03-08 02:05:20,364 [92084499-c42d-4e9c-90ed-faecbf58ca46@group-3A9AA9FBFAA1-LeaderElection180] INFO  impl.RoleInfo (RoleInfo.java:updateAndGet(130)) - 92084499-c42d-4e9c-90ed-faecbf58ca46: start 92084499-c42d-4e9c-90ed-faecbf58ca46@group-3A9AA9FBFAA1-LeaderStateImpl
2021-03-08 02:05:20,364 [6ba9ab1d-3af3-415d-b63e-d033c6891994@group-5CA67261F62C-LeaderElection181] INFO  impl.LeaderElection (LeaderElection.java:askForVotes(307)) - 6ba9ab1d-3af3-415d-b63e-d033c6891994@group-5CA67261F62C-LeaderElection181 ELECTION round 0: submit vote requests at term 1 for -1: [6ba9ab1d-3af3-415d-b63e-d033c6891994|rpc:172.17.0.2:33141|dataStream:|priority:0, bc98b27f-878f-4dad-a502-417d70977e4e|rpc:172.17.0.2:44359|dataStream:|priority:1, 92084499-c42d-4e9c-90ed-faecbf58ca46|rpc:172.17.0.2:44599|dataStream:|priority:0], old=null
2021-03-08 02:05:20,365 [92084499-c42d-4e9c-90ed-faecbf58ca46@group-3A9AA9FBFAA1-LeaderElection180] INFO  segmented.SegmentedRaftLogWorker (SegmentedRaftLogWorker.java:startLogSegment(392)) - 92084499-c42d-4e9c-90ed-faecbf58ca46@group-3A9AA9FBFAA1-SegmentedRaftLogWorker: Starting segment from index:0
2021-03-08 02:05:20,366 [92084499-c42d-4e9c-90ed-faecbf58ca46@group-3A9AA9FBFAA1-SegmentedRaftLogWorker] INFO  segmented.SegmentedRaftLogWorker (SegmentedRaftLogWorker.java:execute(599)) - 92084499-c42d-4e9c-90ed-faecbf58ca46@group-3A9AA9FBFAA1-SegmentedRaftLogWorker: created new log segment /github/workspace/mnt/ozone/hadoop-ozone/integration-test/target/test-dir/MiniOzoneClusterImpl-ccaa8949-4e5a-4858-a1f5-413699190f1a/datanode-0/data/ratis/d47d77c1-3cef-4a96-915c-3a9aa9fbfaa1/current/log_inprogress_0
2021-03-08 02:05:20,368 [92084499-c42d-4e9c-90ed-faecbf58ca46@group-3A9AA9FBFAA1-LeaderElection180] INFO  server.RaftServer$Division (ServerState.java:setRaftConf(373)) - 92084499-c42d-4e9c-90ed-faecbf58ca46@group-3A9AA9FBFAA1: set configuration 0: [92084499-c42d-4e9c-90ed-faecbf58ca46|rpc:172.17.0.2:44599|dataStream:|priority:1], old=null
2021-03-08 02:05:20,373 [grpc-default-executor-3] INFO  server.RaftServer$Division (RaftServerImpl.java:requestVote(1025)) - bc98b27f-878f-4dad-a502-417d70977e4e@group-5CA67261F62C: receive requestVote(ELECTION, 6ba9ab1d-3af3-415d-b63e-d033c6891994, group-5CA67261F62C, 1, (t:0, i:0))
2021-03-08 02:05:20,374 [grpc-default-executor-3] INFO  impl.VoteContext (VoteContext.java:log(48)) - bc98b27f-878f-4dad-a502-417d70977e4e@group-5CA67261F62C-FOLLOWER: reject ELECTION from 6ba9ab1d-3af3-415d-b63e-d033c6891994: our priority 1 > candidate's priority 0
2021-03-08 02:05:20,374 [grpc-default-executor-3] INFO  server.RaftServer$Division (RaftServerImpl.java:setRole(284)) - bc98b27f-878f-4dad-a502-417d70977e4e@group-5CA67261F62C: changes role from  FOLLOWER to FOLLOWER at term 1 for candidate:6ba9ab1d-3af3-415d-b63e-d033c6891994
2021-03-08 02:05:20,374 [grpc-default-executor-3] INFO  impl.RoleInfo (RoleInfo.java:shutdownFollowerState(108)) - bc98b27f-878f-4dad-a502-417d70977e4e: shutdown bc98b27f-878f-4dad-a502-417d70977e4e@group-5CA67261F62C-FollowerState
2021-03-08 02:05:20,374 [grpc-default-executor-3] INFO  impl.RoleInfo (RoleInfo.java:updateAndGet(130)) - bc98b27f-878f-4dad-a502-417d70977e4e: start bc98b27f-878f-4dad-a502-417d70977e4e@group-5CA67261F62C-FollowerState
2021-03-08 02:05:20,374 [grpc-default-executor-7] INFO  metrics.RatisMetrics (RatisMetrics.java:lambda$create$0(36)) - Creating Metrics Registry : ratis.server_message_metrics.92084499-c42d-4e9c-90ed-faecbf58ca46
2021-03-08 02:05:20,375 [Thread-4277] INFO  impl.FollowerState (FollowerState.java:run(142)) - bc98b27f-878f-4dad-a502-417d70977e4e@group-5CA67261F62C-FollowerState was interrupted: {}
java.lang.InterruptedException: sleep interrupted
	at java.lang.Thread.sleep(Native Method)
	at java.lang.Thread.sleep(Thread.java:340)
	at java.util.concurrent.TimeUnit.sleep(TimeUnit.java:386)
	at org.apache.ratis.util.TimeDuration.sleep(TimeDuration.java:324)
	at org.apache.ratis.util.TimeDuration.sleep(TimeDuration.java:309)
	at org.apache.ratis.server.impl.FollowerState.run(FollowerState.java:117)
2021-03-08 02:05:20,375 [grpc-default-executor-3] INFO  server.RaftServer$Division (RaftServerImpl.java:requestVote(1057)) - bc98b27f-878f-4dad-a502-417d70977e4e@group-5CA67261F62C replies to ELECTION vote request: 6ba9ab1d-3af3-415d-b63e-d033c6891994<-bc98b27f-878f-4dad-a502-417d70977e4e#0:FAIL-t1. Peer's state: bc98b27f-878f-4dad-a502-417d70977e4e@group-5CA67261F62C:t1, leader=null, voted=null, raftlog=bc98b27f-878f-4dad-a502-417d70977e4e@group-5CA67261F62C-SegmentedRaftLog:OPENED:c-1,f-1,i0, conf=-1: [6ba9ab1d-3af3-415d-b63e-d033c6891994|rpc:172.17.0.2:33141|dataStream:|priority:0, bc98b27f-878f-4dad-a502-417d70977e4e|rpc:172.17.0.2:44359|dataStream:|priority:1, 92084499-c42d-4e9c-90ed-faecbf58ca46|rpc:172.17.0.2:44599|dataStream:|priority:0], old=null
2021-03-08 02:05:20,376 [grpc-default-executor-3] INFO  server.RaftServer$Division (RaftServerImpl.java:requestVote(1025)) - 92084499-c42d-4e9c-90ed-faecbf58ca46@group-5CA67261F62C: receive requestVote(ELECTION, 6ba9ab1d-3af3-415d-b63e-d033c6891994, group-5CA67261F62C, 1, (t:0, i:0))
2021-03-08 02:05:20,376 [6ba9ab1d-3af3-415d-b63e-d033c6891994@group-5CA67261F62C-LeaderElection181] INFO  impl.LeaderElection (LeaderElection.java:logAndReturn(89)) - 6ba9ab1d-3af3-415d-b63e-d033c6891994@group-5CA67261F62C-LeaderElection181: ELECTION REJECTED received 1 response(s) and 0 exception(s):
2021-03-08 02:05:20,379 [grpc-default-executor-3] INFO  impl.VoteContext (VoteContext.java:log(48)) - 92084499-c42d-4e9c-90ed-faecbf58ca46@group-5CA67261F62C-FOLLOWER: accept ELECTION from 6ba9ab1d-3af3-415d-b63e-d033c6891994: our priority 0 <= candidate's priority 0
2021-03-08 02:05:20,379 [6ba9ab1d-3af3-415d-b63e-d033c6891994@group-5CA67261F62C-LeaderElection181] INFO  impl.LeaderElection (LeaderElection.java:logAndReturn(93)) -   Response 0: 6ba9ab1d-3af3-415d-b63e-d033c6891994<-bc98b27f-878f-4dad-a502-417d70977e4e#0:FAIL-t1
2021-03-08 02:05:20,379 [grpc-default-executor-3] INFO  server.RaftServer$Division (RaftServerImpl.java:setRole(284)) - 92084499-c42d-4e9c-90ed-faecbf58ca46@group-5CA67261F62C: changes role from  FOLLOWER to FOLLOWER at term 1 for candidate:6ba9ab1d-3af3-415d-b63e-d033c6891994
2021-03-08 02:05:20,379 [6ba9ab1d-3af3-415d-b63e-d033c6891994@group-5CA67261F62C-LeaderElection181] INFO  impl.LeaderElection (LeaderElection.java:askForVotes(309)) - 6ba9ab1d-3af3-415d-b63e-d033c6891994@group-5CA67261F62C-LeaderElection181 ELECTION round 0: result REJECTED
2021-03-08 02:05:20,379 [6ba9ab1d-3af3-415d-b63e-d033c6891994@group-5CA67261F62C-LeaderElection181] INFO  server.RaftServer$Division (RaftServerImpl.java:setRole(284)) - 6ba9ab1d-3af3-415d-b63e-d033c6891994@group-5CA67261F62C: changes role from CANDIDATE to FOLLOWER at term 1 for REJECTED
2021-03-08 02:05:20,379 [6ba9ab1d-3af3-415d-b63e-d033c6891994@group-5CA67261F62C-LeaderElection181] INFO  impl.RoleInfo (RoleInfo.java:shutdownLeaderElection(121)) - 6ba9ab1d-3af3-415d-b63e-d033c6891994: shutdown 6ba9ab1d-3af3-415d-b63e-d033c6891994@group-5CA67261F62C-LeaderElection181
2021-03-08 02:05:20,379 [6ba9ab1d-3af3-415d-b63e-d033c6891994@group-5CA67261F62C-LeaderElection181] INFO  impl.RoleInfo (RoleInfo.java:updateAndGet(130)) - 6ba9ab1d-3af3-415d-b63e-d033c6891994: start 6ba9ab1d-3af3-415d-b63e-d033c6891994@group-5CA67261F62C-FollowerState
2021-03-08 02:05:20,379 [grpc-default-executor-3] INFO  impl.RoleInfo (RoleInfo.java:shutdownFollowerState(108)) - 92084499-c42d-4e9c-90ed-faecbf58ca46: shutdown 92084499-c42d-4e9c-90ed-faecbf58ca46@group-5CA67261F62C-FollowerState
2021-03-08 02:05:20,380 [grpc-default-executor-3] INFO  impl.RoleInfo (RoleInfo.java:updateAndGet(130)) - 92084499-c42d-4e9c-90ed-faecbf58ca46: start 92084499-c42d-4e9c-90ed-faecbf58ca46@group-5CA67261F62C-FollowerState
2021-03-08 02:05:20,380 [Thread-4272] INFO  impl.FollowerState (FollowerState.java:run(142)) - 92084499-c42d-4e9c-90ed-faecbf58ca46@group-5CA67261F62C-FollowerState was interrupted: {}
java.lang.InterruptedException: sleep interrupted
	at java.lang.Thread.sleep(Native Method)
	at java.lang.Thread.sleep(Thread.java:340)
	at java.util.concurrent.TimeUnit.sleep(TimeUnit.java:386)
	at org.apache.ratis.util.TimeDuration.sleep(TimeDuration.java:324)
	at org.apache.ratis.util.TimeDuration.sleep(TimeDuration.java:309)
	at org.apache.ratis.server.impl.FollowerState.run(FollowerState.java:117)
2021-03-08 02:05:20,383 [grpc-default-executor-3] INFO  server.RaftServer$Division (RaftServerImpl.java:requestVote(1057)) - 92084499-c42d-4e9c-90ed-faecbf58ca46@group-5CA67261F62C replies to ELECTION vote request: 6ba9ab1d-3af3-415d-b63e-d033c6891994<-92084499-c42d-4e9c-90ed-faecbf58ca46#0:OK-t1. Peer's state: 92084499-c42d-4e9c-90ed-faecbf58ca46@group-5CA67261F62C:t1, leader=null, voted=6ba9ab1d-3af3-415d-b63e-d033c6891994, raftlog=92084499-c42d-4e9c-90ed-faecbf58ca46@group-5CA67261F62C-SegmentedRaftLog:OPENED:c-1,f-1,i0, conf=-1: [6ba9ab1d-3af3-415d-b63e-d033c6891994|rpc:172.17.0.2:33141|priority:0, bc98b27f-878f-4dad-a502-417d70977e4e|rpc:172.17.0.2:44359|priority:1, 92084499-c42d-4e9c-90ed-faecbf58ca46|rpc:172.17.0.2:44599|priority:0], old=null
2021-03-08 02:05:20,411 [Thread-4282] INFO  impl.FollowerState (FollowerState.java:run(133)) - 6ba9ab1d-3af3-415d-b63e-d033c6891994@group-A36F55C25C0F-FollowerState: change to CANDIDATE, lastRpcElapsedTime:5031298796ns, electionTimeout:5031ms
2021-03-08 02:05:20,411 [Thread-4282] INFO  impl.RoleInfo (RoleInfo.java:shutdownFollowerState(108)) - 6ba9ab1d-3af3-415d-b63e-d033c6891994: shutdown 6ba9ab1d-3af3-415d-b63e-d033c6891994@group-A36F55C25C0F-FollowerState
2021-03-08 02:05:20,411 [Thread-4282] INFO  server.RaftServer$Division (RaftServerImpl.java:setRole(284)) - 6ba9ab1d-3af3-415d-b63e-d033c6891994@group-A36F55C25C0F: changes role from  FOLLOWER to CANDIDATE at term 0 for changeToCandidate
2021-03-08 02:05:20,411 [Thread-4282] INFO  server.RaftServerConfigKeys (ConfUtils.java:logGet(44)) - raft.server.leaderelection.pre-vote = false (custom)
2021-03-08 02:05:20,411 [Thread-4282] INFO  impl.RoleInfo (RoleInfo.java:updateAndGet(130)) - 6ba9ab1d-3af3-415d-b63e-d033c6891994: start 6ba9ab1d-3af3-415d-b63e-d033c6891994@group-A36F55C25C0F-LeaderElection182
2021-03-08 02:05:20,414 [6ba9ab1d-3af3-415d-b63e-d033c6891994@group-A36F55C25C0F-LeaderElection182] INFO  impl.LeaderElection (LeaderElection.java:askForVotes(307)) - 6ba9ab1d-3af3-415d-b63e-d033c6891994@group-A36F55C25C0F-LeaderElection182 ELECTION round 0: submit vote requests at term 1 for -1: [6ba9ab1d-3af3-415d-b63e-d033c6891994|rpc:172.17.0.2:33141|dataStream:|priority:1, bc98b27f-878f-4dad-a502-417d70977e4e|rpc:172.17.0.2:44359|dataStream:|priority:0, 92084499-c42d-4e9c-90ed-faecbf58ca46|rpc:172.17.0.2:44599|dataStream:|priority:0], old=null
2021-03-08 02:05:20,415 [grpc-default-executor-3] INFO  server.RaftServer$Division (RaftServerImpl.java:requestVote(1025)) - bc98b27f-878f-4dad-a502-417d70977e4e@group-A36F55C25C0F: receive requestVote(ELECTION, 6ba9ab1d-3af3-415d-b63e-d033c6891994, group-A36F55C25C0F, 1, (t:0, i:0))
2021-03-08 02:05:20,415 [grpc-default-executor-3] INFO  impl.VoteContext (VoteContext.java:log(48)) - bc98b27f-878f-4dad-a502-417d70977e4e@group-A36F55C25C0F-FOLLOWER: accept ELECTION from 6ba9ab1d-3af3-415d-b63e-d033c6891994: our priority 0 <= candidate's priority 1
2021-03-08 02:05:20,415 [grpc-default-executor-3] INFO  server.RaftServer$Division (RaftServerImpl.java:setRole(284)) - bc98b27f-878f-4dad-a502-417d70977e4e@group-A36F55C25C0F: changes role from  FOLLOWER to FOLLOWER at term 1 for candidate:6ba9ab1d-3af3-415d-b63e-d033c6891994
2021-03-08 02:05:20,415 [grpc-default-executor-3] INFO  impl.RoleInfo (RoleInfo.java:shutdownFollowerState(108)) - bc98b27f-878f-4dad-a502-417d70977e4e: shutdown bc98b27f-878f-4dad-a502-417d70977e4e@group-A36F55C25C0F-FollowerState
2021-03-08 02:05:20,416 [grpc-default-executor-3] INFO  impl.RoleInfo (RoleInfo.java:updateAndGet(130)) - bc98b27f-878f-4dad-a502-417d70977e4e: start bc98b27f-878f-4dad-a502-417d70977e4e@group-A36F55C25C0F-FollowerState
2021-03-08 02:05:20,416 [Thread-4285] INFO  impl.FollowerState (FollowerState.java:run(142)) - bc98b27f-878f-4dad-a502-417d70977e4e@group-A36F55C25C0F-FollowerState was interrupted: {}
java.lang.InterruptedException: sleep interrupted
	at java.lang.Thread.sleep(Native Method)
	at java.lang.Thread.sleep(Thread.java:340)
	at java.util.concurrent.TimeUnit.sleep(TimeUnit.java:386)
	at org.apache.ratis.util.TimeDuration.sleep(TimeDuration.java:324)
	at org.apache.ratis.util.TimeDuration.sleep(TimeDuration.java:309)
	at org.apache.ratis.server.impl.FollowerState.run(FollowerState.java:117)
2021-03-08 02:05:20,416 [grpc-default-executor-7] INFO  server.RaftServer$Division (RaftServerImpl.java:requestVote(1025)) - 92084499-c42d-4e9c-90ed-faecbf58ca46@group-A36F55C25C0F: receive requestVote(ELECTION, 6ba9ab1d-3af3-415d-b63e-d033c6891994, group-A36F55C25C0F, 1, (t:0, i:0))
2021-03-08 02:05:20,416 [grpc-default-executor-7] INFO  impl.VoteContext (VoteContext.java:log(48)) - 92084499-c42d-4e9c-90ed-faecbf58ca46@group-A36F55C25C0F-FOLLOWER: accept ELECTION from 6ba9ab1d-3af3-415d-b63e-d033c6891994: our priority 0 <= candidate's priority 1
2021-03-08 02:05:20,416 [grpc-default-executor-7] INFO  server.RaftServer$Division (RaftServerImpl.java:setRole(284)) - 92084499-c42d-4e9c-90ed-faecbf58ca46@group-A36F55C25C0F: changes role from  FOLLOWER to FOLLOWER at term 1 for candidate:6ba9ab1d-3af3-415d-b63e-d033c6891994
2021-03-08 02:05:20,416 [grpc-default-executor-7] INFO  impl.RoleInfo (RoleInfo.java:shutdownFollowerState(108)) - 92084499-c42d-4e9c-90ed-faecbf58ca46: shutdown 92084499-c42d-4e9c-90ed-faecbf58ca46@group-A36F55C25C0F-FollowerState
2021-03-08 02:05:20,416 [grpc-default-executor-7] INFO  impl.RoleInfo (RoleInfo.java:updateAndGet(130)) - 92084499-c42d-4e9c-90ed-faecbf58ca46: start 92084499-c42d-4e9c-90ed-faecbf58ca46@group-A36F55C25C0F-FollowerState
2021-03-08 02:05:20,418 [grpc-default-executor-3] INFO  server.RaftServer$Division (RaftServerImpl.java:requestVote(1057)) - bc98b27f-878f-4dad-a502-417d70977e4e@group-A36F55C25C0F replies to ELECTION vote request: 6ba9ab1d-3af3-415d-b63e-d033c6891994<-bc98b27f-878f-4dad-a502-417d70977e4e#0:OK-t1. Peer's state: bc98b27f-878f-4dad-a502-417d70977e4e@group-A36F55C25C0F:t1, leader=null, voted=6ba9ab1d-3af3-415d-b63e-d033c6891994, raftlog=bc98b27f-878f-4dad-a502-417d70977e4e@group-A36F55C25C0F-SegmentedRaftLog:OPENED:c-1,f-1,i0, conf=-1: [6ba9ab1d-3af3-415d-b63e-d033c6891994|rpc:172.17.0.2:33141|dataStream:|priority:1, bc98b27f-878f-4dad-a502-417d70977e4e|rpc:172.17.0.2:44359|dataStream:|priority:0, 92084499-c42d-4e9c-90ed-faecbf58ca46|rpc:172.17.0.2:44599|dataStream:|priority:0], old=null
2021-03-08 02:05:20,419 [6ba9ab1d-3af3-415d-b63e-d033c6891994@group-A36F55C25C0F-LeaderElection182] INFO  impl.LeaderElection (LeaderElection.java:logAndReturn(89)) - 6ba9ab1d-3af3-415d-b63e-d033c6891994@group-A36F55C25C0F-LeaderElection182: ELECTION PASSED received 1 response(s) and 0 exception(s):
2021-03-08 02:05:20,419 [6ba9ab1d-3af3-415d-b63e-d033c6891994@group-A36F55C25C0F-LeaderElection182] INFO  impl.LeaderElection (LeaderElection.java:logAndReturn(93)) -   Response 0: 6ba9ab1d-3af3-415d-b63e-d033c6891994<-bc98b27f-878f-4dad-a502-417d70977e4e#0:OK-t1
2021-03-08 02:05:20,419 [6ba9ab1d-3af3-415d-b63e-d033c6891994@group-A36F55C25C0F-LeaderElection182] INFO  impl.LeaderElection (LeaderElection.java:askForVotes(309)) - 6ba9ab1d-3af3-415d-b63e-d033c6891994@group-A36F55C25C0F-LeaderElection182 ELECTION round 0: result PASSED
2021-03-08 02:05:20,419 [6ba9ab1d-3af3-415d-b63e-d033c6891994@group-A36F55C25C0F-LeaderElection182] INFO  impl.RoleInfo (RoleInfo.java:shutdownLeaderElection(121)) - 6ba9ab1d-3af3-415d-b63e-d033c6891994: shutdown 6ba9ab1d-3af3-415d-b63e-d033c6891994@group-A36F55C25C0F-LeaderElection182
2021-03-08 02:05:20,419 [6ba9ab1d-3af3-415d-b63e-d033c6891994@group-A36F55C25C0F-LeaderElection182] INFO  server.RaftServer$Division (RaftServerImpl.java:setRole(284)) - 6ba9ab1d-3af3-415d-b63e-d033c6891994@group-A36F55C25C0F: changes role from CANDIDATE to LEADER at term 1 for changeToLeader
2021-03-08 02:05:20,419 [6ba9ab1d-3af3-415d-b63e-d033c6891994@group-A36F55C25C0F-LeaderElection182] INFO  ratis.XceiverServerRatis (XceiverServerRatis.java:handleLeaderChangedNotification(899)) - Leader change notification received for group: group-A36F55C25C0F with new leaderId: 6ba9ab1d-3af3-415d-b63e-d033c6891994
2021-03-08 02:05:20,419 [6ba9ab1d-3af3-415d-b63e-d033c6891994@group-A36F55C25C0F-LeaderElection182] INFO  server.RaftServer$Division (ServerState.java:setLeader(271)) - 6ba9ab1d-3af3-415d-b63e-d033c6891994@group-A36F55C25C0F: change Leader from null to 6ba9ab1d-3af3-415d-b63e-d033c6891994 at term 1 for becomeLeader, leader elected after 5050ms
2021-03-08 02:05:20,419 [grpc-default-executor-7] INFO  server.RaftServer$Division (RaftServerImpl.java:requestVote(1057)) - 92084499-c42d-4e9c-90ed-faecbf58ca46@group-A36F55C25C0F replies to ELECTION vote request: 6ba9ab1d-3af3-415d-b63e-d033c6891994<-92084499-c42d-4e9c-90ed-faecbf58ca46#0:OK-t1. Peer's state: 92084499-c42d-4e9c-90ed-faecbf58ca46@group-A36F55C25C0F:t1, leader=null, voted=6ba9ab1d-3af3-415d-b63e-d033c6891994, raftlog=92084499-c42d-4e9c-90ed-faecbf58ca46@group-A36F55C25C0F-SegmentedRaftLog:OPENED:c-1,f-1,i0, conf=-1: [6ba9ab1d-3af3-415d-b63e-d033c6891994|rpc:172.17.0.2:33141|priority:1, bc98b27f-878f-4dad-a502-417d70977e4e|rpc:172.17.0.2:44359|priority:0, 92084499-c42d-4e9c-90ed-faecbf58ca46|rpc:172.17.0.2:44599|priority:0], old=null
2021-03-08 02:05:20,419 [6ba9ab1d-3af3-415d-b63e-d033c6891994@group-A36F55C25C0F-LeaderElection182] INFO  server.RaftServerConfigKeys (ConfUtils.java:logGet(44)) - raft.server.staging.catchup.gap = 1000 (default)
2021-03-08 02:05:20,419 [6ba9ab1d-3af3-415d-b63e-d033c6891994@group-A36F55C25C0F-LeaderElection182] INFO  metrics.RatisMetrics (RatisMetrics.java:lambda$create$0(36)) - Creating Metrics Registry : ratis.log_appender.6ba9ab1d-3af3-415d-b63e-d033c6891994@group-A36F55C25C0F
2021-03-08 02:05:20,420 [6ba9ab1d-3af3-415d-b63e-d033c6891994@group-A36F55C25C0F-LeaderElection182] INFO  server.RaftServerConfigKeys (ConfUtils.java:logGet(44)) - raft.server.write.element-limit = 1024 (custom)
2021-03-08 02:05:20,420 [6ba9ab1d-3af3-415d-b63e-d033c6891994@group-A36F55C25C0F-LeaderElection182] INFO  server.RaftServerConfigKeys (ConfUtils.java:logGet(44)) - raft.server.write.byte-limit = 1073741824 (custom)
2021-03-08 02:05:20,420 [Thread-4280] INFO  impl.FollowerState (FollowerState.java:run(133)) - 92084499-c42d-4e9c-90ed-faecbf58ca46@group-A36F55C25C0F-FollowerState: change to CANDIDATE, lastRpcElapsedTime:5060767496ns, electionTimeout:5057ms
2021-03-08 02:05:20,420 [EventQueue-PipelineReportForOneReplicaPipelineSafeModeRule] INFO  safemode.SCMSafeModeManager (SCMSafeModeManager.java:validateSafeModeExitRules(214)) - AtleastOneDatanodeReportedRule rule is successfully validated
2021-03-08 02:05:20,420 [EventQueue-OpenPipelineForHealthyPipelineSafeModeRule] INFO  safemode.SCMSafeModeManager (HealthyPipelineSafeModeRule.java:process(128)) - SCM in safe mode. Healthy pipelines reported count is 0, required healthy pipeline reported count is 1
2021-03-08 02:05:20,421 [EventQueue-PipelineReportForPipelineReportHandler] INFO  pipeline.PipelineStateManager (PipelineStateManager.java:openPipeline(132)) - Pipeline Pipeline[ Id: 92402027-9cee-4719-af58-a36f55c25c0f, Nodes: 92084499-c42d-4e9c-90ed-faecbf58ca46{ip: 172.17.0.2, host: 55665278a03a, ports: [REPLICATION=38411, RATIS=44599, RATIS_ADMIN=44599, RATIS_SERVER=44599, STANDALONE=46429], networkLocation: /default-rack, certSerialId: null, persistedOpState: IN_SERVICE, persistedOpStateExpiryEpochSec: 0}6ba9ab1d-3af3-415d-b63e-d033c6891994{ip: 172.17.0.2, host: 55665278a03a, ports: [REPLICATION=35637, RATIS=33141, RATIS_ADMIN=33141, RATIS_SERVER=33141, STANDALONE=38047], networkLocation: /default-rack, certSerialId: null, persistedOpState: IN_SERVICE, persistedOpStateExpiryEpochSec: 0}bc98b27f-878f-4dad-a502-417d70977e4e{ip: 172.17.0.2, host: 55665278a03a, ports: [REPLICATION=42419, RATIS=44359, RATIS_ADMIN=44359, RATIS_SERVER=44359, STANDALONE=33229], networkLocation: /default-rack, certSerialId: null, persistedOpState: IN_SERVICE, persistedOpStateExpiryEpochSec: 0}, Type:RATIS, Factor:THREE, State:ALLOCATED, leaderId:6ba9ab1d-3af3-415d-b63e-d033c6891994, CreationTimestamp2021-03-08T02:05:12.680Z] moved to OPEN state
2021-03-08 02:05:20,421 [EventQueue-OpenPipelineForHealthyPipelineSafeModeRule] INFO  safemode.SCMSafeModeManager (HealthyPipelineSafeModeRule.java:process(128)) - SCM in safe mode. Healthy pipelines reported count is 1, required healthy pipeline reported count is 1
2021-03-08 02:05:20,421 [EventQueue-OpenPipelineForHealthyPipelineSafeModeRule] INFO  safemode.SCMSafeModeManager (SCMSafeModeManager.java:validateSafeModeExitRules(214)) - HealthyPipelineSafeModeRule rule is successfully validated
2021-03-08 02:05:20,421 [EventQueue-OpenPipelineForHealthyPipelineSafeModeRule] INFO  safemode.SCMSafeModeManager (SCMSafeModeManager.java:validateSafeModeExitRules(228)) - ScmSafeModeManager, all rules are successfully validated
2021-03-08 02:05:20,421 [EventQueue-OpenPipelineForHealthyPipelineSafeModeRule] INFO  safemode.SCMSafeModeManager (SCMSafeModeManager.java:exitSafeMode(257)) - SCM exiting safe mode.
2021-03-08 02:05:20,423 [Thread-4280] INFO  impl.RoleInfo (RoleInfo.java:shutdownFollowerState(108)) - 92084499-c42d-4e9c-90ed-faecbf58ca46: shutdown 92084499-c42d-4e9c-90ed-faecbf58ca46@group-A36F55C25C0F-FollowerState
2021-03-08 02:05:20,423 [Thread-4280] INFO  server.RaftServer$Division (RaftServerImpl.java:setRole(284)) - 92084499-c42d-4e9c-90ed-faecbf58ca46@group-A36F55C25C0F: changes role from  FOLLOWER to CANDIDATE at term 1 for changeToCandidate
2021-03-08 02:05:20,424 [Thread-4280] INFO  server.RaftServerConfigKeys (ConfUtils.java:logGet(44)) - raft.server.leaderelection.pre-vote = false (custom)
2021-03-08 02:05:20,424 [Thread-4280] INFO  impl.RoleInfo (RoleInfo.java:updateAndGet(130)) - 92084499-c42d-4e9c-90ed-faecbf58ca46: start 92084499-c42d-4e9c-90ed-faecbf58ca46@group-A36F55C25C0F-LeaderElection183
2021-03-08 02:05:20,424 [Thread-4343] INFO  impl.FollowerState (FollowerState.java:run(142)) - 92084499-c42d-4e9c-90ed-faecbf58ca46@group-A36F55C25C0F-FollowerState was interrupted: {}
java.lang.InterruptedException: sleep interrupted
	at java.lang.Thread.sleep(Native Method)
	at java.lang.Thread.sleep(Thread.java:340)
	at java.util.concurrent.TimeUnit.sleep(TimeUnit.java:386)
	at org.apache.ratis.util.TimeDuration.sleep(TimeDuration.java:324)
	at org.apache.ratis.util.TimeDuration.sleep(TimeDuration.java:309)
	at org.apache.ratis.server.impl.FollowerState.run(FollowerState.java:117)
2021-03-08 02:05:20,424 [6ba9ab1d-3af3-415d-b63e-d033c6891994@group-A36F55C25C0F-LeaderElection182] INFO  server.RaftServerConfigKeys (ConfUtils.java:logGet(44)) - raft.server.watch.timeout = 3000ms (custom)
2021-03-08 02:05:20,424 [6ba9ab1d-3af3-415d-b63e-d033c6891994@group-A36F55C25C0F-LeaderElection182] INFO  server.RaftServerConfigKeys (ConfUtils.java:logGet(44)) - raft.server.watch.timeout.denomination = 1s (default)
2021-03-08 02:05:20,424 [6ba9ab1d-3af3-415d-b63e-d033c6891994@group-A36F55C25C0F-LeaderElection182] INFO  server.RaftServerConfigKeys (ConfUtils.java:logGet(44)) - raft.server.watch.element-limit = 65536 (default)
2021-03-08 02:05:20,424 [6ba9ab1d-3af3-415d-b63e-d033c6891994@group-A36F55C25C0F-LeaderElection182] INFO  server.RaftServerConfigKeys (ConfUtils.java:logGet(44)) - raft.server.log.appender.snapshot.chunk.size.max = 16MB (=16777216) (default)
2021-03-08 02:05:20,424 [6ba9ab1d-3af3-415d-b63e-d033c6891994@group-A36F55C25C0F-LeaderElection182] INFO  server.RaftServerConfigKeys (ConfUtils.java:logGet(44)) - raft.server.log.appender.buffer.byte-limit = 33554432 (custom)
2021-03-08 02:05:20,424 [6ba9ab1d-3af3-415d-b63e-d033c6891994@group-A36F55C25C0F-LeaderElection182] INFO  server.RaftServerConfigKeys (ConfUtils.java:logGet(44)) - raft.server.log.appender.buffer.element-limit = 1 (custom)
2021-03-08 02:05:20,424 [6ba9ab1d-3af3-415d-b63e-d033c6891994@group-A36F55C25C0F-LeaderElection182] INFO  grpc.GrpcConfigKeys (ConfUtils.java:logGet(44)) - raft.grpc.server.leader.outstanding.appends.max = 128 (default)
2021-03-08 02:05:20,425 [6ba9ab1d-3af3-415d-b63e-d033c6891994@group-A36F55C25C0F-LeaderElection182] INFO  server.RaftServerConfigKeys (ConfUtils.java:logGet(44)) - raft.server.rpc.request.timeout = 3000ms (default)
2021-03-08 02:05:20,425 [6ba9ab1d-3af3-415d-b63e-d033c6891994@group-A36F55C25C0F-LeaderElection182] INFO  server.RaftServerConfigKeys (ConfUtils.java:logGet(44)) - raft.server.log.appender.install.snapshot.enabled = false (custom)
2021-03-08 02:05:20,425 [6ba9ab1d-3af3-415d-b63e-d033c6891994@group-A36F55C25C0F-LeaderElection182] INFO  metrics.RatisMetrics (RatisMetrics.java:lambda$create$0(36)) - Creating Metrics Registry : ratis_grpc.log_appender.6ba9ab1d-3af3-415d-b63e-d033c6891994@group-A36F55C25C0F
2021-03-08 02:05:20,428 [6ba9ab1d-3af3-415d-b63e-d033c6891994@group-A36F55C25C0F-LeaderElection182] INFO  server.RaftServerConfigKeys (ConfUtils.java:logGet(44)) - raft.server.log.appender.snapshot.chunk.size.max = 16MB (=16777216) (default)
2021-03-08 02:05:20,428 [6ba9ab1d-3af3-415d-b63e-d033c6891994@group-A36F55C25C0F-LeaderElection182] INFO  server.RaftServerConfigKeys (ConfUtils.java:logGet(44)) - raft.server.log.appender.buffer.byte-limit = 33554432 (custom)
2021-03-08 02:05:20,428 [6ba9ab1d-3af3-415d-b63e-d033c6891994@group-A36F55C25C0F-LeaderElection182] INFO  server.RaftServerConfigKeys (ConfUtils.java:logGet(44)) - raft.server.log.appender.buffer.element-limit = 1 (custom)
2021-03-08 02:05:20,428 [6ba9ab1d-3af3-415d-b63e-d033c6891994@group-A36F55C25C0F-LeaderElection182] INFO  grpc.GrpcConfigKeys (ConfUtils.java:logGet(44)) - raft.grpc.server.leader.outstanding.appends.max = 128 (default)
2021-03-08 02:05:20,428 [6ba9ab1d-3af3-415d-b63e-d033c6891994@group-A36F55C25C0F-LeaderElection182] INFO  server.RaftServerConfigKeys (ConfUtils.java:logGet(44)) - raft.server.rpc.request.timeout = 3000ms (default)
2021-03-08 02:05:20,428 [6ba9ab1d-3af3-415d-b63e-d033c6891994@group-A36F55C25C0F-LeaderElection182] INFO  server.RaftServerConfigKeys (ConfUtils.java:logGet(44)) - raft.server.log.appender.install.snapshot.enabled = false (custom)
2021-03-08 02:05:20,432 [92084499-c42d-4e9c-90ed-faecbf58ca46@group-A36F55C25C0F-LeaderElection183] INFO  impl.LeaderElection (LeaderElection.java:askForVotes(307)) - 92084499-c42d-4e9c-90ed-faecbf58ca46@group-A36F55C25C0F-LeaderElection183 ELECTION round 0: submit vote requests at term 2 for -1: [6ba9ab1d-3af3-415d-b63e-d033c6891994|rpc:172.17.0.2:33141|priority:1, bc98b27f-878f-4dad-a502-417d70977e4e|rpc:172.17.0.2:44359|priority:0, 92084499-c42d-4e9c-90ed-faecbf58ca46|rpc:172.17.0.2:44599|priority:0], old=null
2021-03-08 02:05:20,433 [6ba9ab1d-3af3-415d-b63e-d033c6891994@group-A36F55C25C0F-LeaderElection182] INFO  impl.RoleInfo (RoleInfo.java:updateAndGet(130)) - 6ba9ab1d-3af3-415d-b63e-d033c6891994: start 6ba9ab1d-3af3-415d-b63e-d033c6891994@group-A36F55C25C0F-LeaderStateImpl
2021-03-08 02:05:20,434 [6ba9ab1d-3af3-415d-b63e-d033c6891994@group-A36F55C25C0F-LeaderElection182] INFO  segmented.SegmentedRaftLogWorker (SegmentedRaftLogWorker.java:startLogSegment(392)) - 6ba9ab1d-3af3-415d-b63e-d033c6891994@group-A36F55C25C0F-SegmentedRaftLogWorker: Starting segment from index:0
2021-03-08 02:05:20,438 [grpc-default-executor-7] INFO  server.RaftServer$Division (RaftServerImpl.java:requestVote(1025)) - 6ba9ab1d-3af3-415d-b63e-d033c6891994@group-A36F55C25C0F: receive requestVote(ELECTION, 92084499-c42d-4e9c-90ed-faecbf58ca46, group-A36F55C25C0F, 2, (t:0, i:0))
2021-03-08 02:05:20,439 [6ba9ab1d-3af3-415d-b63e-d033c6891994@group-A36F55C25C0F-SegmentedRaftLogWorker] INFO  segmented.SegmentedRaftLogWorker (SegmentedRaftLogWorker.java:execute(599)) - 6ba9ab1d-3af3-415d-b63e-d033c6891994@group-A36F55C25C0F-SegmentedRaftLogWorker: created new log segment /github/workspace/mnt/ozone/hadoop-ozone/integration-test/target/test-dir/MiniOzoneClusterImpl-ccaa8949-4e5a-4858-a1f5-413699190f1a/datanode-1/data/ratis/92402027-9cee-4719-af58-a36f55c25c0f/current/log_inprogress_0
2021-03-08 02:05:20,442 [6ba9ab1d-3af3-415d-b63e-d033c6891994@group-A36F55C25C0F-LeaderElection182] INFO  server.RaftServer$Division (ServerState.java:setRaftConf(373)) - 6ba9ab1d-3af3-415d-b63e-d033c6891994@group-A36F55C25C0F: set configuration 0: [6ba9ab1d-3af3-415d-b63e-d033c6891994|rpc:172.17.0.2:33141|dataStream:|priority:1, bc98b27f-878f-4dad-a502-417d70977e4e|rpc:172.17.0.2:44359|dataStream:|priority:0, 92084499-c42d-4e9c-90ed-faecbf58ca46|rpc:172.17.0.2:44599|dataStream:|priority:0], old=null
2021-03-08 02:05:20,442 [grpc-default-executor-7] INFO  impl.VoteContext (VoteContext.java:log(48)) - 6ba9ab1d-3af3-415d-b63e-d033c6891994@group-A36F55C25C0F-LEADER: reject ELECTION from 92084499-c42d-4e9c-90ed-faecbf58ca46: our last entry (t:1, i:0) > candidate's last entry (t:0, i:0)
2021-03-08 02:05:20,442 [grpc-default-executor-7] INFO  server.RaftServer$Division (ServerState.java:setLeader(271)) - 6ba9ab1d-3af3-415d-b63e-d033c6891994@group-A36F55C25C0F: change Leader from 6ba9ab1d-3af3-415d-b63e-d033c6891994 to null at term 2 for updateCurrentTerm
2021-03-08 02:05:20,443 [grpc-default-executor-7] INFO  server.RaftServer$Division (RaftServerImpl.java:setRole(284)) - 6ba9ab1d-3af3-415d-b63e-d033c6891994@group-A36F55C25C0F: changes role from    LEADER to FOLLOWER at term 2 for candidate:92084499-c42d-4e9c-90ed-faecbf58ca46
2021-03-08 02:05:20,443 [grpc-default-executor-7] INFO  impl.RoleInfo (RoleInfo.java:shutdownLeaderState(91)) - 6ba9ab1d-3af3-415d-b63e-d033c6891994: shutdown 6ba9ab1d-3af3-415d-b63e-d033c6891994@group-A36F55C25C0F-LeaderStateImpl
2021-03-08 02:05:20,443 [grpc-default-executor-7] INFO  metrics.RatisMetrics (RatisMetrics.java:unregister(43)) - Unregistering Metrics Registry : ratis_grpc.log_appender.6ba9ab1d-3af3-415d-b63e-d033c6891994@group-A36F55C25C0F
2021-03-08 02:05:20,443 [grpc-default-executor-7] INFO  metrics.RatisMetrics (RatisMetrics.java:unregister(43)) - Unregistering Metrics Registry : ratis_grpc.log_appender.6ba9ab1d-3af3-415d-b63e-d033c6891994@group-A36F55C25C0F
2021-03-08 02:05:20,443 [grpc-default-executor-7] INFO  impl.PendingRequests (PendingRequests.java:sendNotLeaderResponses(249)) - 6ba9ab1d-3af3-415d-b63e-d033c6891994@group-A36F55C25C0F-PendingRequests: sendNotLeaderResponses
2021-03-08 02:05:20,443 [grpc-default-executor-7] INFO  metrics.RatisMetrics (RatisMetrics.java:unregister(43)) - Unregistering Metrics Registry : ratis.log_appender.6ba9ab1d-3af3-415d-b63e-d033c6891994@group-A36F55C25C0F
2021-03-08 02:05:20,443 [grpc-default-executor-7] INFO  metrics.RatisMetrics (RatisMetrics.java:unregister(43)) - Unregistering Metrics Registry : ratis.server.6ba9ab1d-3af3-415d-b63e-d033c6891994@group-A36F55C25C0F
2021-03-08 02:05:20,443 [grpc-default-executor-3] INFO  server.RaftServer$Division (RaftServerImpl.java:requestVote(1025)) - bc98b27f-878f-4dad-a502-417d70977e4e@group-A36F55C25C0F: receive requestVote(ELECTION, 92084499-c42d-4e9c-90ed-faecbf58ca46, group-A36F55C25C0F, 2, (t:0, i:0))
2021-03-08 02:05:20,444 [grpc-default-executor-3] INFO  impl.VoteContext (VoteContext.java:log(48)) - bc98b27f-878f-4dad-a502-417d70977e4e@group-A36F55C25C0F-FOLLOWER: accept ELECTION from 92084499-c42d-4e9c-90ed-faecbf58ca46: our priority 0 <= candidate's priority 0
2021-03-08 02:05:20,444 [grpc-default-executor-3] INFO  server.RaftServer$Division (RaftServerImpl.java:setRole(284)) - bc98b27f-878f-4dad-a502-417d70977e4e@group-A36F55C25C0F: changes role from  FOLLOWER to FOLLOWER at term 2 for candidate:92084499-c42d-4e9c-90ed-faecbf58ca46
2021-03-08 02:05:20,444 [grpc-default-executor-3] INFO  impl.RoleInfo (RoleInfo.java:shutdownFollowerState(108)) - bc98b27f-878f-4dad-a502-417d70977e4e: shutdown bc98b27f-878f-4dad-a502-417d70977e4e@group-A36F55C25C0F-FollowerState
2021-03-08 02:05:20,444 [grpc-default-executor-3] INFO  impl.RoleInfo (RoleInfo.java:updateAndGet(130)) - bc98b27f-878f-4dad-a502-417d70977e4e: start bc98b27f-878f-4dad-a502-417d70977e4e@group-A36F55C25C0F-FollowerState
2021-03-08 02:05:20,444 [grpc-default-executor-7] INFO  impl.RoleInfo (RoleInfo.java:updateAndGet(130)) - 6ba9ab1d-3af3-415d-b63e-d033c6891994: start 6ba9ab1d-3af3-415d-b63e-d033c6891994@group-A36F55C25C0F-FollowerState
2021-03-08 02:05:20,444 [Thread-4342] INFO  impl.FollowerState (FollowerState.java:run(142)) - bc98b27f-878f-4dad-a502-417d70977e4e@group-A36F55C25C0F-FollowerState was interrupted: {}
java.lang.InterruptedException: sleep interrupted
	at java.lang.Thread.sleep(Native Method)
	at java.lang.Thread.sleep(Thread.java:340)
	at java.util.concurrent.TimeUnit.sleep(TimeUnit.java:386)
	at org.apache.ratis.util.TimeDuration.sleep(TimeDuration.java:324)
	at org.apache.ratis.util.TimeDuration.sleep(TimeDuration.java:309)
	at org.apache.ratis.server.impl.FollowerState.run(FollowerState.java:117)
2021-03-08 02:05:20,449 [grpc-default-executor-3] INFO  server.RaftServer$Division (RaftServerImpl.java:requestVote(1057)) - bc98b27f-878f-4dad-a502-417d70977e4e@group-A36F55C25C0F replies to ELECTION vote request: 92084499-c42d-4e9c-90ed-faecbf58ca46<-bc98b27f-878f-4dad-a502-417d70977e4e#0:OK-t2. Peer's state: bc98b27f-878f-4dad-a502-417d70977e4e@group-A36F55C25C0F:t2, leader=null, voted=92084499-c42d-4e9c-90ed-faecbf58ca46, raftlog=bc98b27f-878f-4dad-a502-417d70977e4e@group-A36F55C25C0F-SegmentedRaftLog:OPENED:c-1,f-1,i0, conf=-1: [6ba9ab1d-3af3-415d-b63e-d033c6891994|rpc:172.17.0.2:33141|dataStream:|priority:1, bc98b27f-878f-4dad-a502-417d70977e4e|rpc:172.17.0.2:44359|dataStream:|priority:0, 92084499-c42d-4e9c-90ed-faecbf58ca46|rpc:172.17.0.2:44599|dataStream:|priority:0], old=null
2021-03-08 02:05:20,450 [grpc-default-executor-7] INFO  server.RaftServer$Division (RaftServerImpl.java:requestVote(1057)) - 6ba9ab1d-3af3-415d-b63e-d033c6891994@group-A36F55C25C0F replies to ELECTION vote request: 92084499-c42d-4e9c-90ed-faecbf58ca46<-6ba9ab1d-3af3-415d-b63e-d033c6891994#0:FAIL-t2. Peer's state: 6ba9ab1d-3af3-415d-b63e-d033c6891994@group-A36F55C25C0F:t2, leader=null, voted=null, raftlog=6ba9ab1d-3af3-415d-b63e-d033c6891994@group-A36F55C25C0F-SegmentedRaftLog:OPENED:c-1,f0,i0, conf=0: [6ba9ab1d-3af3-415d-b63e-d033c6891994|rpc:172.17.0.2:33141|dataStream:|priority:1, bc98b27f-878f-4dad-a502-417d70977e4e|rpc:172.17.0.2:44359|dataStream:|priority:0, 92084499-c42d-4e9c-90ed-faecbf58ca46|rpc:172.17.0.2:44599|dataStream:|priority:0], old=null
2021-03-08 02:05:20,452 [grpc-default-executor-7] INFO  server.GrpcServerProtocolService (GrpcServerProtocolService.java:onCompleted(138)) - 92084499-c42d-4e9c-90ed-faecbf58ca46: Completed APPEND_ENTRIES, lastRequest: null
2021-03-08 02:05:20,453 [grpc-default-executor-7] INFO  server.GrpcLogAppender (GrpcLogAppender.java:onCompleted(344)) - 6ba9ab1d-3af3-415d-b63e-d033c6891994@group-A36F55C25C0F->92084499-c42d-4e9c-90ed-faecbf58ca46-AppendLogResponseHandler: follower responses appendEntries COMPLETED
2021-03-08 02:05:20,455 [grpc-default-executor-7] INFO  leader.FollowerInfo (FollowerInfoImpl.java:lambda$new$0(46)) - 6ba9ab1d-3af3-415d-b63e-d033c6891994@group-A36F55C25C0F->92084499-c42d-4e9c-90ed-faecbf58ca46: nextIndex: updateUnconditionally 0 -> 0
2021-03-08 02:05:20,455 [grpc-default-executor-6] INFO  server.GrpcServerProtocolService (GrpcServerProtocolService.java:onCompleted(138)) - bc98b27f-878f-4dad-a502-417d70977e4e: Completed APPEND_ENTRIES, lastRequest: null
2021-03-08 02:05:20,456 [92084499-c42d-4e9c-90ed-faecbf58ca46@group-A36F55C25C0F-LeaderElection183] INFO  impl.LeaderElection (LeaderElection.java:logAndReturn(89)) - 92084499-c42d-4e9c-90ed-faecbf58ca46@group-A36F55C25C0F-LeaderElection183: ELECTION REJECTED received 2 response(s) and 0 exception(s):
2021-03-08 02:05:20,456 [92084499-c42d-4e9c-90ed-faecbf58ca46@group-A36F55C25C0F-LeaderElection183] INFO  impl.LeaderElection (LeaderElection.java:logAndReturn(93)) -   Response 0: 92084499-c42d-4e9c-90ed-faecbf58ca46<-6ba9ab1d-3af3-415d-b63e-d033c6891994#0:FAIL-t2
2021-03-08 02:05:20,456 [92084499-c42d-4e9c-90ed-faecbf58ca46@group-A36F55C25C0F-LeaderElection183] INFO  impl.LeaderElection (LeaderElection.java:logAndReturn(93)) -   Response 1: 92084499-c42d-4e9c-90ed-faecbf58ca46<-bc98b27f-878f-4dad-a502-417d70977e4e#0:OK-t2
2021-03-08 02:05:20,456 [92084499-c42d-4e9c-90ed-faecbf58ca46@group-A36F55C25C0F-LeaderElection183] INFO  impl.LeaderElection (LeaderElection.java:askForVotes(309)) - 92084499-c42d-4e9c-90ed-faecbf58ca46@group-A36F55C25C0F-LeaderElection183 ELECTION round 0: result REJECTED
2021-03-08 02:05:20,456 [92084499-c42d-4e9c-90ed-faecbf58ca46@group-A36F55C25C0F-LeaderElection183] INFO  server.RaftServer$Division (RaftServerImpl.java:setRole(284)) - 92084499-c42d-4e9c-90ed-faecbf58ca46@group-A36F55C25C0F: changes role from CANDIDATE to FOLLOWER at term 2 for REJECTED
2021-03-08 02:05:20,456 [92084499-c42d-4e9c-90ed-faecbf58ca46@group-A36F55C25C0F-LeaderElection183] INFO  impl.RoleInfo (RoleInfo.java:shutdownLeaderElection(121)) - 92084499-c42d-4e9c-90ed-faecbf58ca46: shutdown 92084499-c42d-4e9c-90ed-faecbf58ca46@group-A36F55C25C0F-LeaderElection183
2021-03-08 02:05:20,456 [92084499-c42d-4e9c-90ed-faecbf58ca46@group-A36F55C25C0F-LeaderElection183] INFO  impl.RoleInfo (RoleInfo.java:updateAndGet(130)) - 92084499-c42d-4e9c-90ed-faecbf58ca46: start 92084499-c42d-4e9c-90ed-faecbf58ca46@group-A36F55C25C0F-FollowerState
2021-03-08 02:05:20,456 [grpc-default-executor-3] INFO  server.GrpcLogAppender (GrpcLogAppender.java:onCompleted(344)) - 6ba9ab1d-3af3-415d-b63e-d033c6891994@group-A36F55C25C0F->bc98b27f-878f-4dad-a502-417d70977e4e-AppendLogResponseHandler: follower responses appendEntries COMPLETED
2021-03-08 02:05:20,461 [grpc-default-executor-3] INFO  leader.FollowerInfo (FollowerInfoImpl.java:lambda$new$0(46)) - 6ba9ab1d-3af3-415d-b63e-d033c6891994@group-A36F55C25C0F->bc98b27f-878f-4dad-a502-417d70977e4e: nextIndex: updateUnconditionally 0 -> 0
2021-03-08 02:05:20,461 [Thread-4290] INFO  impl.FollowerState (FollowerState.java:run(133)) - 6ba9ab1d-3af3-415d-b63e-d033c6891994@group-507EAFB998CB-FollowerState: change to CANDIDATE, lastRpcElapsedTime:5024156819ns, electionTimeout:5020ms
2021-03-08 02:05:20,462 [Thread-4290] INFO  impl.RoleInfo (RoleInfo.java:shutdownFollowerState(108)) - 6ba9ab1d-3af3-415d-b63e-d033c6891994: shutdown 6ba9ab1d-3af3-415d-b63e-d033c6891994@group-507EAFB998CB-FollowerState
2021-03-08 02:05:20,462 [Thread-4290] INFO  server.RaftServer$Division (RaftServerImpl.java:setRole(284)) - 6ba9ab1d-3af3-415d-b63e-d033c6891994@group-507EAFB998CB: changes role from  FOLLOWER to CANDIDATE at term 0 for changeToCandidate
2021-03-08 02:05:20,462 [Thread-4290] INFO  server.RaftServerConfigKeys (ConfUtils.java:logGet(44)) - raft.server.leaderelection.pre-vote = false (custom)
2021-03-08 02:05:20,462 [Thread-4290] INFO  impl.RoleInfo (RoleInfo.java:updateAndGet(130)) - 6ba9ab1d-3af3-415d-b63e-d033c6891994: start 6ba9ab1d-3af3-415d-b63e-d033c6891994@group-507EAFB998CB-LeaderElection184
2021-03-08 02:05:20,465 [6ba9ab1d-3af3-415d-b63e-d033c6891994@group-507EAFB998CB-LeaderElection184] INFO  impl.LeaderElection (LeaderElection.java:askForVotes(307)) - 6ba9ab1d-3af3-415d-b63e-d033c6891994@group-507EAFB998CB-LeaderElection184 ELECTION round 0: submit vote requests at term 1 for -1: [6ba9ab1d-3af3-415d-b63e-d033c6891994|rpc:172.17.0.2:33141|dataStream:|priority:0, bc98b27f-878f-4dad-a502-417d70977e4e|rpc:172.17.0.2:44359|dataStream:|priority:0, 92084499-c42d-4e9c-90ed-faecbf58ca46|rpc:172.17.0.2:44599|dataStream:|priority:1], old=null
2021-03-08 02:05:20,466 [grpc-default-executor-6] INFO  server.RaftServer$Division (RaftServerImpl.java:requestVote(1025)) - bc98b27f-878f-4dad-a502-417d70977e4e@group-507EAFB998CB: receive requestVote(ELECTION, 6ba9ab1d-3af3-415d-b63e-d033c6891994, group-507EAFB998CB, 1, (t:0, i:0))
2021-03-08 02:05:20,466 [grpc-default-executor-6] INFO  impl.VoteContext (VoteContext.java:log(48)) - bc98b27f-878f-4dad-a502-417d70977e4e@group-507EAFB998CB-FOLLOWER: accept ELECTION from 6ba9ab1d-3af3-415d-b63e-d033c6891994: our priority 0 <= candidate's priority 0
2021-03-08 02:05:20,466 [grpc-default-executor-6] INFO  server.RaftServer$Division (RaftServerImpl.java:setRole(284)) - bc98b27f-878f-4dad-a502-417d70977e4e@group-507EAFB998CB: changes role from  FOLLOWER to FOLLOWER at term 1 for candidate:6ba9ab1d-3af3-415d-b63e-d033c6891994
2021-03-08 02:05:20,466 [grpc-default-executor-6] INFO  impl.RoleInfo (RoleInfo.java:shutdownFollowerState(108)) - bc98b27f-878f-4dad-a502-417d70977e4e: shutdown bc98b27f-878f-4dad-a502-417d70977e4e@group-507EAFB998CB-FollowerState
2021-03-08 02:05:20,466 [grpc-default-executor-6] INFO  impl.RoleInfo (RoleInfo.java:updateAndGet(130)) - bc98b27f-878f-4dad-a502-417d70977e4e: start bc98b27f-878f-4dad-a502-417d70977e4e@group-507EAFB998CB-FollowerState
2021-03-08 02:05:20,466 [Thread-4293] INFO  impl.FollowerState (FollowerState.java:run(142)) - bc98b27f-878f-4dad-a502-417d70977e4e@group-507EAFB998CB-FollowerState was interrupted: {}
java.lang.InterruptedException: sleep interrupted
	at java.lang.Thread.sleep(Native Method)
	at java.lang.Thread.sleep(Thread.java:340)
	at java.util.concurrent.TimeUnit.sleep(TimeUnit.java:386)
	at org.apache.ratis.util.TimeDuration.sleep(TimeDuration.java:324)
	at org.apache.ratis.util.TimeDuration.sleep(TimeDuration.java:309)
	at org.apache.ratis.server.impl.FollowerState.run(FollowerState.java:117)
2021-03-08 02:05:20,468 [grpc-default-executor-6] INFO  server.RaftServer$Division (RaftServerImpl.java:requestVote(1057)) - bc98b27f-878f-4dad-a502-417d70977e4e@group-507EAFB998CB replies to ELECTION vote request: 6ba9ab1d-3af3-415d-b63e-d033c6891994<-bc98b27f-878f-4dad-a502-417d70977e4e#0:OK-t1. Peer's state: bc98b27f-878f-4dad-a502-417d70977e4e@group-507EAFB998CB:t1, leader=null, voted=6ba9ab1d-3af3-415d-b63e-d033c6891994, raftlog=bc98b27f-878f-4dad-a502-417d70977e4e@group-507EAFB998CB-SegmentedRaftLog:OPENED:c-1,f-1,i0, conf=-1: [6ba9ab1d-3af3-415d-b63e-d033c6891994|rpc:172.17.0.2:33141|dataStream:|priority:0, bc98b27f-878f-4dad-a502-417d70977e4e|rpc:172.17.0.2:44359|dataStream:|priority:0, 92084499-c42d-4e9c-90ed-faecbf58ca46|rpc:172.17.0.2:44599|dataStream:|priority:1], old=null
2021-03-08 02:05:20,468 [grpc-default-executor-3] INFO  server.RaftServer$Division (RaftServerImpl.java:requestVote(1025)) - 92084499-c42d-4e9c-90ed-faecbf58ca46@group-507EAFB998CB: receive requestVote(ELECTION, 6ba9ab1d-3af3-415d-b63e-d033c6891994, group-507EAFB998CB, 1, (t:0, i:0))
2021-03-08 02:05:20,469 [grpc-default-executor-3] INFO  impl.VoteContext (VoteContext.java:log(48)) - 92084499-c42d-4e9c-90ed-faecbf58ca46@group-507EAFB998CB-FOLLOWER: reject ELECTION from 6ba9ab1d-3af3-415d-b63e-d033c6891994: our priority 1 > candidate's priority 0
2021-03-08 02:05:20,469 [grpc-default-executor-3] INFO  server.RaftServer$Division (RaftServerImpl.java:setRole(284)) - 92084499-c42d-4e9c-90ed-faecbf58ca46@group-507EAFB998CB: changes role from  FOLLOWER to FOLLOWER at term 1 for candidate:6ba9ab1d-3af3-415d-b63e-d033c6891994
2021-03-08 02:05:20,469 [grpc-default-executor-3] INFO  impl.RoleInfo (RoleInfo.java:shutdownFollowerState(108)) - 92084499-c42d-4e9c-90ed-faecbf58ca46: shutdown 92084499-c42d-4e9c-90ed-faecbf58ca46@group-507EAFB998CB-FollowerState
2021-03-08 02:05:20,469 [grpc-default-executor-3] INFO  impl.RoleInfo (RoleInfo.java:updateAndGet(130)) - 92084499-c42d-4e9c-90ed-faecbf58ca46: start 92084499-c42d-4e9c-90ed-faecbf58ca46@group-507EAFB998CB-FollowerState
2021-03-08 02:05:20,470 [grpc-default-executor-3] INFO  server.RaftServer$Division (RaftServerImpl.java:requestVote(1057)) - 92084499-c42d-4e9c-90ed-faecbf58ca46@group-507EAFB998CB replies to ELECTION vote request: 6ba9ab1d-3af3-415d-b63e-d033c6891994<-92084499-c42d-4e9c-90ed-faecbf58ca46#0:FAIL-t1. Peer's state: 92084499-c42d-4e9c-90ed-faecbf58ca46@group-507EAFB998CB:t1, leader=null, voted=null, raftlog=92084499-c42d-4e9c-90ed-faecbf58ca46@group-507EAFB998CB-SegmentedRaftLog:OPENED:c-1,f-1,i0, conf=-1: [6ba9ab1d-3af3-415d-b63e-d033c6891994|rpc:172.17.0.2:33141|priority:0, bc98b27f-878f-4dad-a502-417d70977e4e|rpc:172.17.0.2:44359|priority:0, 92084499-c42d-4e9c-90ed-faecbf58ca46|rpc:172.17.0.2:44599|priority:1], old=null
2021-03-08 02:05:20,471 [Thread-4288] INFO  impl.FollowerState (FollowerState.java:run(142)) - 92084499-c42d-4e9c-90ed-faecbf58ca46@group-507EAFB998CB-FollowerState was interrupted: {}
java.lang.InterruptedException: sleep interrupted
	at java.lang.Thread.sleep(Native Method)
	at java.lang.Thread.sleep(Thread.java:340)
	at java.util.concurrent.TimeUnit.sleep(TimeUnit.java:386)
	at org.apache.ratis.util.TimeDuration.sleep(TimeDuration.java:324)
	at org.apache.ratis.util.TimeDuration.sleep(TimeDuration.java:309)
	at org.apache.ratis.server.impl.FollowerState.run(FollowerState.java:117)
2021-03-08 02:05:20,471 [6ba9ab1d-3af3-415d-b63e-d033c6891994@group-507EAFB998CB-LeaderElection184] INFO  impl.LeaderElection (LeaderElection.java:logAndReturn(89)) - 6ba9ab1d-3af3-415d-b63e-d033c6891994@group-507EAFB998CB-LeaderElection184: ELECTION REJECTED received 2 response(s) and 0 exception(s):
2021-03-08 02:05:20,471 [6ba9ab1d-3af3-415d-b63e-d033c6891994@group-507EAFB998CB-LeaderElection184] INFO  impl.LeaderElection (LeaderElection.java:logAndReturn(93)) -   Response 0: 6ba9ab1d-3af3-415d-b63e-d033c6891994<-bc98b27f-878f-4dad-a502-417d70977e4e#0:OK-t1
2021-03-08 02:05:20,471 [6ba9ab1d-3af3-415d-b63e-d033c6891994@group-507EAFB998CB-LeaderElection184] INFO  impl.LeaderElection (LeaderElection.java:logAndReturn(93)) -   Response 1: 6ba9ab1d-3af3-415d-b63e-d033c6891994<-92084499-c42d-4e9c-90ed-faecbf58ca46#0:FAIL-t1
2021-03-08 02:05:20,471 [6ba9ab1d-3af3-415d-b63e-d033c6891994@group-507EAFB998CB-LeaderElection184] INFO  impl.LeaderElection (LeaderElection.java:askForVotes(309)) - 6ba9ab1d-3af3-415d-b63e-d033c6891994@group-507EAFB998CB-LeaderElection184 ELECTION round 0: result REJECTED
2021-03-08 02:05:20,471 [6ba9ab1d-3af3-415d-b63e-d033c6891994@group-507EAFB998CB-LeaderElection184] INFO  server.RaftServer$Division (RaftServerImpl.java:setRole(284)) - 6ba9ab1d-3af3-415d-b63e-d033c6891994@group-507EAFB998CB: changes role from CANDIDATE to FOLLOWER at term 1 for REJECTED
2021-03-08 02:05:20,471 [6ba9ab1d-3af3-415d-b63e-d033c6891994@group-507EAFB998CB-LeaderElection184] INFO  impl.RoleInfo (RoleInfo.java:shutdownLeaderElection(121)) - 6ba9ab1d-3af3-415d-b63e-d033c6891994: shutdown 6ba9ab1d-3af3-415d-b63e-d033c6891994@group-507EAFB998CB-LeaderElection184
2021-03-08 02:05:20,472 [6ba9ab1d-3af3-415d-b63e-d033c6891994@group-507EAFB998CB-LeaderElection184] INFO  impl.RoleInfo (RoleInfo.java:updateAndGet(130)) - 6ba9ab1d-3af3-415d-b63e-d033c6891994: start 6ba9ab1d-3af3-415d-b63e-d033c6891994@group-507EAFB998CB-FollowerState
2021-03-08 02:05:20,545 [Listener at 127.0.0.1/34517] INFO  ozone.MiniOzoneClusterImpl (MiniOzoneClusterImpl.java:lambda$waitForClusterToBeReady$0(187)) - Nodes are ready. Got 7 of 7 DN Heartbeats.
2021-03-08 02:05:20,545 [Listener at 127.0.0.1/34517] INFO  ozone.MiniOzoneClusterImpl (MiniOzoneClusterImpl.java:lambda$waitForClusterToBeReady$0(190)) - Cluster exits safe mode
2021-03-08 02:05:20,561 [Thread-4296] INFO  impl.FollowerState (FollowerState.java:run(133)) - 6ba9ab1d-3af3-415d-b63e-d033c6891994@group-37DB1FA48E92-FollowerState: change to CANDIDATE, lastRpcElapsedTime:5085314638ns, electionTimeout:5085ms
2021-03-08 02:05:20,562 [Thread-4296] INFO  impl.RoleInfo (RoleInfo.java:shutdownFollowerState(108)) - 6ba9ab1d-3af3-415d-b63e-d033c6891994: shutdown 6ba9ab1d-3af3-415d-b63e-d033c6891994@group-37DB1FA48E92-FollowerState
2021-03-08 02:05:20,562 [Thread-4296] INFO  server.RaftServer$Division (RaftServerImpl.java:setRole(284)) - 6ba9ab1d-3af3-415d-b63e-d033c6891994@group-37DB1FA48E92: changes role from  FOLLOWER to CANDIDATE at term 0 for changeToCandidate
2021-03-08 02:05:20,562 [Thread-4296] INFO  server.RaftServerConfigKeys (ConfUtils.java:logGet(44)) - raft.server.leaderelection.pre-vote = false (custom)
2021-03-08 02:05:20,562 [Thread-4296] INFO  impl.RoleInfo (RoleInfo.java:updateAndGet(130)) - 6ba9ab1d-3af3-415d-b63e-d033c6891994: start 6ba9ab1d-3af3-415d-b63e-d033c6891994@group-37DB1FA48E92-LeaderElection185
2021-03-08 02:05:20,564 [6ba9ab1d-3af3-415d-b63e-d033c6891994@group-37DB1FA48E92-LeaderElection185] INFO  impl.LeaderElection (LeaderElection.java:askForVotes(307)) - 6ba9ab1d-3af3-415d-b63e-d033c6891994@group-37DB1FA48E92-LeaderElection185 ELECTION round 0: submit vote requests at term 1 for -1: [6ba9ab1d-3af3-415d-b63e-d033c6891994|rpc:172.17.0.2:33141|priority:1], old=null
2021-03-08 02:05:20,564 [6ba9ab1d-3af3-415d-b63e-d033c6891994@group-37DB1FA48E92-LeaderElection185] INFO  impl.LeaderElection (LeaderElection.java:askForVotes(309)) - 6ba9ab1d-3af3-415d-b63e-d033c6891994@group-37DB1FA48E92-LeaderElection185 ELECTION round 0: result PASSED (term=1)
2021-03-08 02:05:20,564 [6ba9ab1d-3af3-415d-b63e-d033c6891994@group-37DB1FA48E92-LeaderElection185] INFO  impl.RoleInfo (RoleInfo.java:shutdownLeaderElection(121)) - 6ba9ab1d-3af3-415d-b63e-d033c6891994: shutdown 6ba9ab1d-3af3-415d-b63e-d033c6891994@group-37DB1FA48E92-LeaderElection185
2021-03-08 02:05:20,564 [6ba9ab1d-3af3-415d-b63e-d033c6891994@group-37DB1FA48E92-LeaderElection185] INFO  server.RaftServer$Division (RaftServerImpl.java:setRole(284)) - 6ba9ab1d-3af3-415d-b63e-d033c6891994@group-37DB1FA48E92: changes role from CANDIDATE to LEADER at term 1 for changeToLeader
2021-03-08 02:05:20,565 [6ba9ab1d-3af3-415d-b63e-d033c6891994@group-37DB1FA48E92-LeaderElection185] INFO  ratis.XceiverServerRatis (XceiverServerRatis.java:handleLeaderChangedNotification(899)) - Leader change notification received for group: group-37DB1FA48E92 with new leaderId: 6ba9ab1d-3af3-415d-b63e-d033c6891994
2021-03-08 02:05:20,565 [6ba9ab1d-3af3-415d-b63e-d033c6891994@group-37DB1FA48E92-LeaderElection185] INFO  server.RaftServer$Division (ServerState.java:setLeader(271)) - 6ba9ab1d-3af3-415d-b63e-d033c6891994@group-37DB1FA48E92: change Leader from null to 6ba9ab1d-3af3-415d-b63e-d033c6891994 at term 1 for becomeLeader, leader elected after 5100ms
2021-03-08 02:05:20,567 [6ba9ab1d-3af3-415d-b63e-d033c6891994@group-37DB1FA48E92-LeaderElection185] INFO  server.RaftServerConfigKeys (ConfUtils.java:logGet(44)) - raft.server.staging.catchup.gap = 1000 (default)
2021-03-08 02:05:20,567 [6ba9ab1d-3af3-415d-b63e-d033c6891994@group-37DB1FA48E92-LeaderElection185] INFO  metrics.RatisMetrics (RatisMetrics.java:lambda$create$0(36)) - Creating Metrics Registry : ratis.log_appender.6ba9ab1d-3af3-415d-b63e-d033c6891994@group-37DB1FA48E92
2021-03-08 02:05:20,567 [6ba9ab1d-3af3-415d-b63e-d033c6891994@group-37DB1FA48E92-LeaderElection185] INFO  server.RaftServerConfigKeys (ConfUtils.java:logGet(44)) - raft.server.write.element-limit = 1024 (custom)
2021-03-08 02:05:20,568 [6ba9ab1d-3af3-415d-b63e-d033c6891994@group-37DB1FA48E92-LeaderElection185] INFO  server.RaftServerConfigKeys (ConfUtils.java:logGet(44)) - raft.server.write.byte-limit = 1073741824 (custom)
2021-03-08 02:05:20,568 [6ba9ab1d-3af3-415d-b63e-d033c6891994@group-37DB1FA48E92-LeaderElection185] INFO  server.RaftServerConfigKeys (ConfUtils.java:logGet(44)) - raft.server.watch.timeout = 3000ms (custom)
2021-03-08 02:05:20,568 [6ba9ab1d-3af3-415d-b63e-d033c6891994@group-37DB1FA48E92-LeaderElection185] INFO  server.RaftServerConfigKeys (ConfUtils.java:logGet(44)) - raft.server.watch.timeout.denomination = 1s (default)
2021-03-08 02:05:20,569 [6ba9ab1d-3af3-415d-b63e-d033c6891994@group-37DB1FA48E92-LeaderElection185] INFO  server.RaftServerConfigKeys (ConfUtils.java:logGet(44)) - raft.server.watch.element-limit = 65536 (default)
2021-03-08 02:05:20,569 [6ba9ab1d-3af3-415d-b63e-d033c6891994@group-37DB1FA48E92-LeaderElection185] INFO  impl.RoleInfo (RoleInfo.java:updateAndGet(130)) - 6ba9ab1d-3af3-415d-b63e-d033c6891994: start 6ba9ab1d-3af3-415d-b63e-d033c6891994@group-37DB1FA48E92-LeaderStateImpl
2021-03-08 02:05:20,569 [6ba9ab1d-3af3-415d-b63e-d033c6891994@group-37DB1FA48E92-LeaderElection185] INFO  segmented.SegmentedRaftLogWorker (SegmentedRaftLogWorker.java:startLogSegment(392)) - 6ba9ab1d-3af3-415d-b63e-d033c6891994@group-37DB1FA48E92-SegmentedRaftLogWorker: Starting segment from index:0
2021-03-08 02:05:20,571 [6ba9ab1d-3af3-415d-b63e-d033c6891994@group-37DB1FA48E92-LeaderElection185] INFO  server.RaftServer$Division (ServerState.java:setRaftConf(373)) - 6ba9ab1d-3af3-415d-b63e-d033c6891994@group-37DB1FA48E92: set configuration 0: [6ba9ab1d-3af3-415d-b63e-d033c6891994|rpc:172.17.0.2:33141|dataStream:|priority:1], old=null
2021-03-08 02:05:20,571 [6ba9ab1d-3af3-415d-b63e-d033c6891994@group-37DB1FA48E92-SegmentedRaftLogWorker] INFO  segmented.SegmentedRaftLogWorker (SegmentedRaftLogWorker.java:execute(599)) - 6ba9ab1d-3af3-415d-b63e-d033c6891994@group-37DB1FA48E92-SegmentedRaftLogWorker: created new log segment /github/workspace/mnt/ozone/hadoop-ozone/integration-test/target/test-dir/MiniOzoneClusterImpl-ccaa8949-4e5a-4858-a1f5-413699190f1a/datanode-1/data/ratis/a1d313e4-a7f2-45da-8a16-37db1fa48e92/current/log_inprogress_0
2021-03-08 02:05:20,581 [Listener at 127.0.0.1/34517] INFO  rpc.RpcClient (RpcClient.java:createVolume(279)) - Creating Volume: testblockoutputstream, with jenkins1001 as owner and space quota set to -1 bytes, counts quota set to -1
2021-03-08 02:05:20,585 [OM StateMachine ApplyTransaction Thread - 0] INFO  volume.OMVolumeCreateRequest (OMVolumeCreateRequest.java:validateAndUpdateCache(196)) - created volume:testblockoutputstream for user:jenkins1001
2021-03-08 02:05:20,593 [Listener at 127.0.0.1/34517] INFO  rpc.RpcClient (RpcClient.java:createBucket(441)) - Creating Bucket: testblockoutputstream/testblockoutputstream, with Versioning false and Storage Type set to DISK and Encryption set to false 
2021-03-08 02:05:20,614 [Listener at 127.0.0.1/34517] INFO  metrics.RatisMetrics (RatisMetrics.java:lambda$create$0(36)) - Creating Metrics Registry : ratis.client_message_metrics.client-24C593950EBB->6ba9ab1d-3af3-415d-b63e-d033c6891994
2021-03-08 02:05:20,706 [Thread-4298] INFO  impl.FollowerState (FollowerState.java:run(133)) - bc98b27f-878f-4dad-a502-417d70977e4e@group-61A0E12BB9B8-FollowerState: change to CANDIDATE, lastRpcElapsedTime:5014343701ns, electionTimeout:5014ms
2021-03-08 02:05:20,706 [Thread-4298] INFO  impl.RoleInfo (RoleInfo.java:shutdownFollowerState(108)) - bc98b27f-878f-4dad-a502-417d70977e4e: shutdown bc98b27f-878f-4dad-a502-417d70977e4e@group-61A0E12BB9B8-FollowerState
2021-03-08 02:05:20,706 [Thread-4298] INFO  server.RaftServer$Division (RaftServerImpl.java:setRole(284)) - bc98b27f-878f-4dad-a502-417d70977e4e@group-61A0E12BB9B8: changes role from  FOLLOWER to CANDIDATE at term 0 for changeToCandidate
2021-03-08 02:05:20,707 [Thread-4298] INFO  server.RaftServerConfigKeys (ConfUtils.java:logGet(44)) - raft.server.leaderelection.pre-vote = false (custom)
2021-03-08 02:05:20,707 [Thread-4298] INFO  impl.RoleInfo (RoleInfo.java:updateAndGet(130)) - bc98b27f-878f-4dad-a502-417d70977e4e: start bc98b27f-878f-4dad-a502-417d70977e4e@group-61A0E12BB9B8-LeaderElection186
2021-03-08 02:05:20,709 [bc98b27f-878f-4dad-a502-417d70977e4e@group-61A0E12BB9B8-LeaderElection186] INFO  impl.LeaderElection (LeaderElection.java:askForVotes(307)) - bc98b27f-878f-4dad-a502-417d70977e4e@group-61A0E12BB9B8-LeaderElection186 ELECTION round 0: submit vote requests at term 1 for -1: [bc98b27f-878f-4dad-a502-417d70977e4e|rpc:172.17.0.2:44359|priority:1], old=null
2021-03-08 02:05:20,709 [bc98b27f-878f-4dad-a502-417d70977e4e@group-61A0E12BB9B8-LeaderElection186] INFO  impl.LeaderElection (LeaderElection.java:askForVotes(309)) - bc98b27f-878f-4dad-a502-417d70977e4e@group-61A0E12BB9B8-LeaderElection186 ELECTION round 0: result PASSED (term=1)
2021-03-08 02:05:20,709 [bc98b27f-878f-4dad-a502-417d70977e4e@group-61A0E12BB9B8-LeaderElection186] INFO  impl.RoleInfo (RoleInfo.java:shutdownLeaderElection(121)) - bc98b27f-878f-4dad-a502-417d70977e4e: shutdown bc98b27f-878f-4dad-a502-417d70977e4e@group-61A0E12BB9B8-LeaderElection186
2021-03-08 02:05:20,710 [bc98b27f-878f-4dad-a502-417d70977e4e@group-61A0E12BB9B8-LeaderElection186] INFO  server.RaftServer$Division (RaftServerImpl.java:setRole(284)) - bc98b27f-878f-4dad-a502-417d70977e4e@group-61A0E12BB9B8: changes role from CANDIDATE to LEADER at term 1 for changeToLeader
2021-03-08 02:05:20,710 [bc98b27f-878f-4dad-a502-417d70977e4e@group-61A0E12BB9B8-LeaderElection186] INFO  ratis.XceiverServerRatis (XceiverServerRatis.java:handleLeaderChangedNotification(899)) - Leader change notification received for group: group-61A0E12BB9B8 with new leaderId: bc98b27f-878f-4dad-a502-417d70977e4e
2021-03-08 02:05:20,710 [bc98b27f-878f-4dad-a502-417d70977e4e@group-61A0E12BB9B8-LeaderElection186] INFO  server.RaftServer$Division (ServerState.java:setLeader(271)) - bc98b27f-878f-4dad-a502-417d70977e4e@group-61A0E12BB9B8: change Leader from null to bc98b27f-878f-4dad-a502-417d70977e4e at term 1 for becomeLeader, leader elected after 5028ms
2021-03-08 02:05:20,710 [bc98b27f-878f-4dad-a502-417d70977e4e@group-61A0E12BB9B8-LeaderElection186] INFO  server.RaftServerConfigKeys (ConfUtils.java:logGet(44)) - raft.server.staging.catchup.gap = 1000 (default)
2021-03-08 02:05:20,710 [bc98b27f-878f-4dad-a502-417d70977e4e@group-61A0E12BB9B8-LeaderElection186] INFO  metrics.RatisMetrics (RatisMetrics.java:lambda$create$0(36)) - Creating Metrics Registry : ratis.log_appender.bc98b27f-878f-4dad-a502-417d70977e4e@group-61A0E12BB9B8
2021-03-08 02:05:20,711 [bc98b27f-878f-4dad-a502-417d70977e4e@group-61A0E12BB9B8-LeaderElection186] INFO  server.RaftServerConfigKeys (ConfUtils.java:logGet(44)) - raft.server.write.element-limit = 1024 (custom)
2021-03-08 02:05:20,711 [bc98b27f-878f-4dad-a502-417d70977e4e@group-61A0E12BB9B8-LeaderElection186] INFO  server.RaftServerConfigKeys (ConfUtils.java:logGet(44)) - raft.server.write.byte-limit = 1073741824 (custom)
2021-03-08 02:05:20,712 [bc98b27f-878f-4dad-a502-417d70977e4e@group-61A0E12BB9B8-LeaderElection186] INFO  server.RaftServerConfigKeys (ConfUtils.java:logGet(44)) - raft.server.watch.timeout = 3000ms (custom)
2021-03-08 02:05:20,712 [bc98b27f-878f-4dad-a502-417d70977e4e@group-61A0E12BB9B8-LeaderElection186] INFO  server.RaftServerConfigKeys (ConfUtils.java:logGet(44)) - raft.server.watch.timeout.denomination = 1s (default)
2021-03-08 02:05:20,712 [bc98b27f-878f-4dad-a502-417d70977e4e@group-61A0E12BB9B8-LeaderElection186] INFO  server.RaftServerConfigKeys (ConfUtils.java:logGet(44)) - raft.server.watch.element-limit = 65536 (default)
2021-03-08 02:05:20,712 [bc98b27f-878f-4dad-a502-417d70977e4e@group-61A0E12BB9B8-LeaderElection186] INFO  impl.RoleInfo (RoleInfo.java:updateAndGet(130)) - bc98b27f-878f-4dad-a502-417d70977e4e: start bc98b27f-878f-4dad-a502-417d70977e4e@group-61A0E12BB9B8-LeaderStateImpl
2021-03-08 02:05:20,712 [bc98b27f-878f-4dad-a502-417d70977e4e@group-61A0E12BB9B8-LeaderElection186] INFO  segmented.SegmentedRaftLogWorker (SegmentedRaftLogWorker.java:startLogSegment(392)) - bc98b27f-878f-4dad-a502-417d70977e4e@group-61A0E12BB9B8-SegmentedRaftLogWorker: Starting segment from index:0
2021-03-08 02:05:20,721 [bc98b27f-878f-4dad-a502-417d70977e4e@group-61A0E12BB9B8-SegmentedRaftLogWorker] INFO  segmented.SegmentedRaftLogWorker (SegmentedRaftLogWorker.java:execute(599)) - bc98b27f-878f-4dad-a502-417d70977e4e@group-61A0E12BB9B8-SegmentedRaftLogWorker: created new log segment /github/workspace/mnt/ozone/hadoop-ozone/integration-test/target/test-dir/MiniOzoneClusterImpl-ccaa8949-4e5a-4858-a1f5-413699190f1a/datanode-2/data/ratis/9fdad4c3-8ee3-4c35-9938-61a0e12bb9b8/current/log_inprogress_0
2021-03-08 02:05:20,722 [bc98b27f-878f-4dad-a502-417d70977e4e@group-61A0E12BB9B8-LeaderElection186] INFO  server.RaftServer$Division (ServerState.java:setRaftConf(373)) - bc98b27f-878f-4dad-a502-417d70977e4e@group-61A0E12BB9B8: set configuration 0: [bc98b27f-878f-4dad-a502-417d70977e4e|rpc:172.17.0.2:44359|dataStream:|priority:1], old=null
2021-03-08 02:05:20,940 [Thread-4302] INFO  impl.FollowerState (FollowerState.java:run(133)) - 2e2b7c4f-1fa0-4360-84eb-5aea739d5e5f@group-7928B19B14F4-FollowerState: change to CANDIDATE, lastRpcElapsedTime:5023407578ns, electionTimeout:5023ms
2021-03-08 02:05:20,940 [Thread-4302] INFO  impl.RoleInfo (RoleInfo.java:shutdownFollowerState(108)) - 2e2b7c4f-1fa0-4360-84eb-5aea739d5e5f: shutdown 2e2b7c4f-1fa0-4360-84eb-5aea739d5e5f@group-7928B19B14F4-FollowerState
2021-03-08 02:05:20,940 [Thread-4302] INFO  server.RaftServer$Division (RaftServerImpl.java:setRole(284)) - 2e2b7c4f-1fa0-4360-84eb-5aea739d5e5f@group-7928B19B14F4: changes role from  FOLLOWER to CANDIDATE at term 0 for changeToCandidate
2021-03-08 02:05:20,941 [Thread-4302] INFO  server.RaftServerConfigKeys (ConfUtils.java:logGet(44)) - raft.server.leaderelection.pre-vote = false (custom)
2021-03-08 02:05:20,942 [Thread-4302] INFO  impl.RoleInfo (RoleInfo.java:updateAndGet(130)) - 2e2b7c4f-1fa0-4360-84eb-5aea739d5e5f: start 2e2b7c4f-1fa0-4360-84eb-5aea739d5e5f@group-7928B19B14F4-LeaderElection187
2021-03-08 02:05:20,944 [2e2b7c4f-1fa0-4360-84eb-5aea739d5e5f@group-7928B19B14F4-LeaderElection187] INFO  impl.LeaderElection (LeaderElection.java:askForVotes(307)) - 2e2b7c4f-1fa0-4360-84eb-5aea739d5e5f@group-7928B19B14F4-LeaderElection187 ELECTION round 0: submit vote requests at term 1 for -1: [c7780af0-0f31-4130-b62a-7061a7bbaf6d|rpc:172.17.0.2:40671|priority:0, 2e2b7c4f-1fa0-4360-84eb-5aea739d5e5f|rpc:172.17.0.2:45357|priority:0, 8be81fb1-89d0-4709-8656-3472d71d638b|rpc:172.17.0.2:44187|priority:1], old=null
2021-03-08 02:05:20,949 [grpc-default-executor-3] INFO  server.RaftServer$Division (RaftServerImpl.java:requestVote(1025)) - c7780af0-0f31-4130-b62a-7061a7bbaf6d@group-7928B19B14F4: receive requestVote(ELECTION, 2e2b7c4f-1fa0-4360-84eb-5aea739d5e5f, group-7928B19B14F4, 1, (t:0, i:0))
2021-03-08 02:05:20,949 [grpc-default-executor-3] INFO  impl.VoteContext (VoteContext.java:log(48)) - c7780af0-0f31-4130-b62a-7061a7bbaf6d@group-7928B19B14F4-FOLLOWER: accept ELECTION from 2e2b7c4f-1fa0-4360-84eb-5aea739d5e5f: our priority 0 <= candidate's priority 0
2021-03-08 02:05:20,949 [grpc-default-executor-3] INFO  server.RaftServer$Division (RaftServerImpl.java:setRole(284)) - c7780af0-0f31-4130-b62a-7061a7bbaf6d@group-7928B19B14F4: changes role from  FOLLOWER to FOLLOWER at term 1 for candidate:2e2b7c4f-1fa0-4360-84eb-5aea739d5e5f
2021-03-08 02:05:20,949 [grpc-default-executor-3] INFO  impl.RoleInfo (RoleInfo.java:shutdownFollowerState(108)) - c7780af0-0f31-4130-b62a-7061a7bbaf6d: shutdown c7780af0-0f31-4130-b62a-7061a7bbaf6d@group-7928B19B14F4-FollowerState
2021-03-08 02:05:20,949 [grpc-default-executor-3] INFO  impl.RoleInfo (RoleInfo.java:updateAndGet(130)) - c7780af0-0f31-4130-b62a-7061a7bbaf6d: start c7780af0-0f31-4130-b62a-7061a7bbaf6d@group-7928B19B14F4-FollowerState
2021-03-08 02:05:20,950 [Thread-4304] INFO  impl.FollowerState (FollowerState.java:run(142)) - c7780af0-0f31-4130-b62a-7061a7bbaf6d@group-7928B19B14F4-FollowerState was interrupted: {}
java.lang.InterruptedException: sleep interrupted
	at java.lang.Thread.sleep(Native Method)
	at java.lang.Thread.sleep(Thread.java:340)
	at java.util.concurrent.TimeUnit.sleep(TimeUnit.java:386)
	at org.apache.ratis.util.TimeDuration.sleep(TimeDuration.java:324)
	at org.apache.ratis.util.TimeDuration.sleep(TimeDuration.java:309)
	at org.apache.ratis.server.impl.FollowerState.run(FollowerState.java:117)
2021-03-08 02:05:20,951 [grpc-default-executor-3] INFO  server.RaftServer$Division (RaftServerImpl.java:requestVote(1057)) - c7780af0-0f31-4130-b62a-7061a7bbaf6d@group-7928B19B14F4 replies to ELECTION vote request: 2e2b7c4f-1fa0-4360-84eb-5aea739d5e5f<-c7780af0-0f31-4130-b62a-7061a7bbaf6d#0:OK-t1. Peer's state: c7780af0-0f31-4130-b62a-7061a7bbaf6d@group-7928B19B14F4:t1, leader=null, voted=2e2b7c4f-1fa0-4360-84eb-5aea739d5e5f, raftlog=c7780af0-0f31-4130-b62a-7061a7bbaf6d@group-7928B19B14F4-SegmentedRaftLog:OPENED:c-1,f-1,i0, conf=-1: [c7780af0-0f31-4130-b62a-7061a7bbaf6d|rpc:172.17.0.2:40671|dataStream:|priority:0, 2e2b7c4f-1fa0-4360-84eb-5aea739d5e5f|rpc:172.17.0.2:45357|dataStream:|priority:0, 8be81fb1-89d0-4709-8656-3472d71d638b|rpc:172.17.0.2:44187|dataStream:|priority:1], old=null
2021-03-08 02:05:20,956 [grpc-default-executor-3] INFO  server.RaftServer$Division (RaftServerImpl.java:requestVote(1025)) - 8be81fb1-89d0-4709-8656-3472d71d638b@group-7928B19B14F4: receive requestVote(ELECTION, 2e2b7c4f-1fa0-4360-84eb-5aea739d5e5f, group-7928B19B14F4, 1, (t:0, i:0))
2021-03-08 02:05:20,957 [grpc-default-executor-3] INFO  impl.VoteContext (VoteContext.java:log(48)) - 8be81fb1-89d0-4709-8656-3472d71d638b@group-7928B19B14F4-FOLLOWER: reject ELECTION from 2e2b7c4f-1fa0-4360-84eb-5aea739d5e5f: our priority 1 > candidate's priority 0
2021-03-08 02:05:20,957 [grpc-default-executor-3] INFO  server.RaftServer$Division (RaftServerImpl.java:setRole(284)) - 8be81fb1-89d0-4709-8656-3472d71d638b@group-7928B19B14F4: changes role from  FOLLOWER to FOLLOWER at term 1 for candidate:2e2b7c4f-1fa0-4360-84eb-5aea739d5e5f
2021-03-08 02:05:20,957 [grpc-default-executor-3] INFO  impl.RoleInfo (RoleInfo.java:shutdownFollowerState(108)) - 8be81fb1-89d0-4709-8656-3472d71d638b: shutdown 8be81fb1-89d0-4709-8656-3472d71d638b@group-7928B19B14F4-FollowerState
2021-03-08 02:05:20,957 [grpc-default-executor-3] INFO  impl.RoleInfo (RoleInfo.java:updateAndGet(130)) - 8be81fb1-89d0-4709-8656-3472d71d638b: start 8be81fb1-89d0-4709-8656-3472d71d638b@group-7928B19B14F4-FollowerState
2021-03-08 02:05:20,957 [Thread-4307] INFO  impl.FollowerState (FollowerState.java:run(142)) - 8be81fb1-89d0-4709-8656-3472d71d638b@group-7928B19B14F4-FollowerState was interrupted: {}
java.lang.InterruptedException: sleep interrupted
	at java.lang.Thread.sleep(Native Method)
	at java.lang.Thread.sleep(Thread.java:340)
	at java.util.concurrent.TimeUnit.sleep(TimeUnit.java:386)
	at org.apache.ratis.util.TimeDuration.sleep(TimeDuration.java:324)
	at org.apache.ratis.util.TimeDuration.sleep(TimeDuration.java:309)
	at org.apache.ratis.server.impl.FollowerState.run(FollowerState.java:117)
2021-03-08 02:05:20,958 [grpc-default-executor-3] INFO  server.RaftServer$Division (RaftServerImpl.java:requestVote(1057)) - 8be81fb1-89d0-4709-8656-3472d71d638b@group-7928B19B14F4 replies to ELECTION vote request: 2e2b7c4f-1fa0-4360-84eb-5aea739d5e5f<-8be81fb1-89d0-4709-8656-3472d71d638b#0:FAIL-t1. Peer's state: 8be81fb1-89d0-4709-8656-3472d71d638b@group-7928B19B14F4:t1, leader=null, voted=null, raftlog=8be81fb1-89d0-4709-8656-3472d71d638b@group-7928B19B14F4-SegmentedRaftLog:OPENED:c-1,f-1,i0, conf=-1: [c7780af0-0f31-4130-b62a-7061a7bbaf6d|rpc:172.17.0.2:40671|dataStream:|priority:0, 2e2b7c4f-1fa0-4360-84eb-5aea739d5e5f|rpc:172.17.0.2:45357|dataStream:|priority:0, 8be81fb1-89d0-4709-8656-3472d71d638b|rpc:172.17.0.2:44187|dataStream:|priority:1], old=null
2021-03-08 02:05:20,960 [2e2b7c4f-1fa0-4360-84eb-5aea739d5e5f@group-7928B19B14F4-LeaderElection187] INFO  impl.LeaderElection (LeaderElection.java:logAndReturn(89)) - 2e2b7c4f-1fa0-4360-84eb-5aea739d5e5f@group-7928B19B14F4-LeaderElection187: ELECTION REJECTED received 2 response(s) and 0 exception(s):
2021-03-08 02:05:20,960 [2e2b7c4f-1fa0-4360-84eb-5aea739d5e5f@group-7928B19B14F4-LeaderElection187] INFO  impl.LeaderElection (LeaderElection.java:logAndReturn(93)) -   Response 0: 2e2b7c4f-1fa0-4360-84eb-5aea739d5e5f<-c7780af0-0f31-4130-b62a-7061a7bbaf6d#0:OK-t1
2021-03-08 02:05:20,960 [2e2b7c4f-1fa0-4360-84eb-5aea739d5e5f@group-7928B19B14F4-LeaderElection187] INFO  impl.LeaderElection (LeaderElection.java:logAndReturn(93)) -   Response 1: 2e2b7c4f-1fa0-4360-84eb-5aea739d5e5f<-8be81fb1-89d0-4709-8656-3472d71d638b#0:FAIL-t1
2021-03-08 02:05:20,960 [2e2b7c4f-1fa0-4360-84eb-5aea739d5e5f@group-7928B19B14F4-LeaderElection187] INFO  impl.LeaderElection (LeaderElection.java:askForVotes(309)) - 2e2b7c4f-1fa0-4360-84eb-5aea739d5e5f@group-7928B19B14F4-LeaderElection187 ELECTION round 0: result REJECTED
2021-03-08 02:05:20,960 [2e2b7c4f-1fa0-4360-84eb-5aea739d5e5f@group-7928B19B14F4-LeaderElection187] INFO  server.RaftServer$Division (RaftServerImpl.java:setRole(284)) - 2e2b7c4f-1fa0-4360-84eb-5aea739d5e5f@group-7928B19B14F4: changes role from CANDIDATE to FOLLOWER at term 1 for REJECTED
2021-03-08 02:05:20,960 [2e2b7c4f-1fa0-4360-84eb-5aea739d5e5f@group-7928B19B14F4-LeaderElection187] INFO  impl.RoleInfo (RoleInfo.java:shutdownLeaderElection(121)) - 2e2b7c4f-1fa0-4360-84eb-5aea739d5e5f: shutdown 2e2b7c4f-1fa0-4360-84eb-5aea739d5e5f@group-7928B19B14F4-LeaderElection187
2021-03-08 02:05:20,960 [2e2b7c4f-1fa0-4360-84eb-5aea739d5e5f@group-7928B19B14F4-LeaderElection187] INFO  impl.RoleInfo (RoleInfo.java:updateAndGet(130)) - 2e2b7c4f-1fa0-4360-84eb-5aea739d5e5f: start 2e2b7c4f-1fa0-4360-84eb-5aea739d5e5f@group-7928B19B14F4-FollowerState
2021-03-08 02:05:21,040 [Thread-4300] INFO  impl.FollowerState (FollowerState.java:run(133)) - 2e2b7c4f-1fa0-4360-84eb-5aea739d5e5f@group-B7590C117875-FollowerState: change to CANDIDATE, lastRpcElapsedTime:5144419410ns, electionTimeout:5144ms
2021-03-08 02:05:21,040 [Thread-4300] INFO  impl.RoleInfo (RoleInfo.java:shutdownFollowerState(108)) - 2e2b7c4f-1fa0-4360-84eb-5aea739d5e5f: shutdown 2e2b7c4f-1fa0-4360-84eb-5aea739d5e5f@group-B7590C117875-FollowerState
2021-03-08 02:05:21,040 [Thread-4300] INFO  server.RaftServer$Division (RaftServerImpl.java:setRole(284)) - 2e2b7c4f-1fa0-4360-84eb-5aea739d5e5f@group-B7590C117875: changes role from  FOLLOWER to CANDIDATE at term 0 for changeToCandidate
2021-03-08 02:05:21,040 [Thread-4300] INFO  server.RaftServerConfigKeys (ConfUtils.java:logGet(44)) - raft.server.leaderelection.pre-vote = false (custom)
2021-03-08 02:05:21,040 [Thread-4300] INFO  impl.RoleInfo (RoleInfo.java:updateAndGet(130)) - 2e2b7c4f-1fa0-4360-84eb-5aea739d5e5f: start 2e2b7c4f-1fa0-4360-84eb-5aea739d5e5f@group-B7590C117875-LeaderElection188
2021-03-08 02:05:21,043 [2e2b7c4f-1fa0-4360-84eb-5aea739d5e5f@group-B7590C117875-LeaderElection188] INFO  impl.LeaderElection (LeaderElection.java:askForVotes(307)) - 2e2b7c4f-1fa0-4360-84eb-5aea739d5e5f@group-B7590C117875-LeaderElection188 ELECTION round 0: submit vote requests at term 1 for -1: [2e2b7c4f-1fa0-4360-84eb-5aea739d5e5f|rpc:172.17.0.2:45357|priority:1], old=null
2021-03-08 02:05:21,043 [2e2b7c4f-1fa0-4360-84eb-5aea739d5e5f@group-B7590C117875-LeaderElection188] INFO  impl.LeaderElection (LeaderElection.java:askForVotes(309)) - 2e2b7c4f-1fa0-4360-84eb-5aea739d5e5f@group-B7590C117875-LeaderElection188 ELECTION round 0: result PASSED (term=1)
2021-03-08 02:05:21,043 [2e2b7c4f-1fa0-4360-84eb-5aea739d5e5f@group-B7590C117875-LeaderElection188] INFO  impl.RoleInfo (RoleInfo.java:shutdownLeaderElection(121)) - 2e2b7c4f-1fa0-4360-84eb-5aea739d5e5f: shutdown 2e2b7c4f-1fa0-4360-84eb-5aea739d5e5f@group-B7590C117875-LeaderElection188
2021-03-08 02:05:21,043 [2e2b7c4f-1fa0-4360-84eb-5aea739d5e5f@group-B7590C117875-LeaderElection188] INFO  server.RaftServer$Division (RaftServerImpl.java:setRole(284)) - 2e2b7c4f-1fa0-4360-84eb-5aea739d5e5f@group-B7590C117875: changes role from CANDIDATE to LEADER at term 1 for changeToLeader
2021-03-08 02:05:21,043 [2e2b7c4f-1fa0-4360-84eb-5aea739d5e5f@group-B7590C117875-LeaderElection188] INFO  ratis.XceiverServerRatis (XceiverServerRatis.java:handleLeaderChangedNotification(899)) - Leader change notification received for group: group-B7590C117875 with new leaderId: 2e2b7c4f-1fa0-4360-84eb-5aea739d5e5f
2021-03-08 02:05:21,043 [2e2b7c4f-1fa0-4360-84eb-5aea739d5e5f@group-B7590C117875-LeaderElection188] INFO  server.RaftServer$Division (ServerState.java:setLeader(271)) - 2e2b7c4f-1fa0-4360-84eb-5aea739d5e5f@group-B7590C117875: change Leader from null to 2e2b7c4f-1fa0-4360-84eb-5aea739d5e5f at term 1 for becomeLeader, leader elected after 5159ms
2021-03-08 02:05:21,043 [2e2b7c4f-1fa0-4360-84eb-5aea739d5e5f@group-B7590C117875-LeaderElection188] INFO  server.RaftServerConfigKeys (ConfUtils.java:logGet(44)) - raft.server.staging.catchup.gap = 1000 (default)
2021-03-08 02:05:21,043 [2e2b7c4f-1fa0-4360-84eb-5aea739d5e5f@group-B7590C117875-LeaderElection188] INFO  metrics.RatisMetrics (RatisMetrics.java:lambda$create$0(36)) - Creating Metrics Registry : ratis.log_appender.2e2b7c4f-1fa0-4360-84eb-5aea739d5e5f@group-B7590C117875
2021-03-08 02:05:21,044 [2e2b7c4f-1fa0-4360-84eb-5aea739d5e5f@group-B7590C117875-LeaderElection188] INFO  server.RaftServerConfigKeys (ConfUtils.java:logGet(44)) - raft.server.write.element-limit = 1024 (custom)
2021-03-08 02:05:21,044 [2e2b7c4f-1fa0-4360-84eb-5aea739d5e5f@group-B7590C117875-LeaderElection188] INFO  server.RaftServerConfigKeys (ConfUtils.java:logGet(44)) - raft.server.write.byte-limit = 1073741824 (custom)
2021-03-08 02:05:21,045 [2e2b7c4f-1fa0-4360-84eb-5aea739d5e5f@group-B7590C117875-LeaderElection188] INFO  server.RaftServerConfigKeys (ConfUtils.java:logGet(44)) - raft.server.watch.timeout = 3000ms (custom)
2021-03-08 02:05:21,045 [2e2b7c4f-1fa0-4360-84eb-5aea739d5e5f@group-B7590C117875-LeaderElection188] INFO  server.RaftServerConfigKeys (ConfUtils.java:logGet(44)) - raft.server.watch.timeout.denomination = 1s (default)
2021-03-08 02:05:21,045 [2e2b7c4f-1fa0-4360-84eb-5aea739d5e5f@group-B7590C117875-LeaderElection188] INFO  server.RaftServerConfigKeys (ConfUtils.java:logGet(44)) - raft.server.watch.element-limit = 65536 (default)
2021-03-08 02:05:21,045 [2e2b7c4f-1fa0-4360-84eb-5aea739d5e5f@group-B7590C117875-LeaderElection188] INFO  impl.RoleInfo (RoleInfo.java:updateAndGet(130)) - 2e2b7c4f-1fa0-4360-84eb-5aea739d5e5f: start 2e2b7c4f-1fa0-4360-84eb-5aea739d5e5f@group-B7590C117875-LeaderStateImpl
2021-03-08 02:05:21,046 [2e2b7c4f-1fa0-4360-84eb-5aea739d5e5f@group-B7590C117875-LeaderElection188] INFO  segmented.SegmentedRaftLogWorker (SegmentedRaftLogWorker.java:startLogSegment(392)) - 2e2b7c4f-1fa0-4360-84eb-5aea739d5e5f@group-B7590C117875-SegmentedRaftLogWorker: Starting segment from index:0
2021-03-08 02:05:21,048 [2e2b7c4f-1fa0-4360-84eb-5aea739d5e5f@group-B7590C117875-SegmentedRaftLogWorker] INFO  segmented.SegmentedRaftLogWorker (SegmentedRaftLogWorker.java:execute(599)) - 2e2b7c4f-1fa0-4360-84eb-5aea739d5e5f@group-B7590C117875-SegmentedRaftLogWorker: created new log segment /github/workspace/mnt/ozone/hadoop-ozone/integration-test/target/test-dir/MiniOzoneClusterImpl-ccaa8949-4e5a-4858-a1f5-413699190f1a/datanode-3/data/ratis/c2ed5ddc-6e6d-4193-bfc4-b7590c117875/current/log_inprogress_0
2021-03-08 02:05:21,053 [2e2b7c4f-1fa0-4360-84eb-5aea739d5e5f@group-B7590C117875-LeaderElection188] INFO  server.RaftServer$Division (ServerState.java:setRaftConf(373)) - 2e2b7c4f-1fa0-4360-84eb-5aea739d5e5f@group-B7590C117875: set configuration 0: [2e2b7c4f-1fa0-4360-84eb-5aea739d5e5f|rpc:172.17.0.2:45357|dataStream:|priority:1], old=null
2021-03-08 02:05:21,085 [Thread-4310] INFO  impl.FollowerState (FollowerState.java:run(133)) - 2e2b7c4f-1fa0-4360-84eb-5aea739d5e5f@group-73197B762FF1-FollowerState: change to CANDIDATE, lastRpcElapsedTime:5048087819ns, electionTimeout:5043ms
2021-03-08 02:05:21,085 [Thread-4310] INFO  impl.RoleInfo (RoleInfo.java:shutdownFollowerState(108)) - 2e2b7c4f-1fa0-4360-84eb-5aea739d5e5f: shutdown 2e2b7c4f-1fa0-4360-84eb-5aea739d5e5f@group-73197B762FF1-FollowerState
2021-03-08 02:05:21,085 [Thread-4310] INFO  server.RaftServer$Division (RaftServerImpl.java:setRole(284)) - 2e2b7c4f-1fa0-4360-84eb-5aea739d5e5f@group-73197B762FF1: changes role from  FOLLOWER to CANDIDATE at term 0 for changeToCandidate
2021-03-08 02:05:21,085 [Thread-4310] INFO  server.RaftServerConfigKeys (ConfUtils.java:logGet(44)) - raft.server.leaderelection.pre-vote = false (custom)
2021-03-08 02:05:21,085 [Thread-4310] INFO  impl.RoleInfo (RoleInfo.java:updateAndGet(130)) - 2e2b7c4f-1fa0-4360-84eb-5aea739d5e5f: start 2e2b7c4f-1fa0-4360-84eb-5aea739d5e5f@group-73197B762FF1-LeaderElection189
2021-03-08 02:05:21,090 [2e2b7c4f-1fa0-4360-84eb-5aea739d5e5f@group-73197B762FF1-LeaderElection189] INFO  impl.LeaderElection (LeaderElection.java:askForVotes(307)) - 2e2b7c4f-1fa0-4360-84eb-5aea739d5e5f@group-73197B762FF1-LeaderElection189 ELECTION round 0: submit vote requests at term 1 for -1: [c7780af0-0f31-4130-b62a-7061a7bbaf6d|rpc:172.17.0.2:40671|priority:1, 2e2b7c4f-1fa0-4360-84eb-5aea739d5e5f|rpc:172.17.0.2:45357|priority:0, 8be81fb1-89d0-4709-8656-3472d71d638b|rpc:172.17.0.2:44187|priority:0], old=null
2021-03-08 02:05:21,092 [grpc-default-executor-3] INFO  server.RaftServer$Division (RaftServerImpl.java:requestVote(1025)) - c7780af0-0f31-4130-b62a-7061a7bbaf6d@group-73197B762FF1: receive requestVote(ELECTION, 2e2b7c4f-1fa0-4360-84eb-5aea739d5e5f, group-73197B762FF1, 1, (t:0, i:0))
2021-03-08 02:05:21,092 [grpc-default-executor-3] INFO  impl.VoteContext (VoteContext.java:log(48)) - c7780af0-0f31-4130-b62a-7061a7bbaf6d@group-73197B762FF1-FOLLOWER: reject ELECTION from 2e2b7c4f-1fa0-4360-84eb-5aea739d5e5f: our priority 1 > candidate's priority 0
2021-03-08 02:05:21,092 [grpc-default-executor-3] INFO  server.RaftServer$Division (RaftServerImpl.java:setRole(284)) - c7780af0-0f31-4130-b62a-7061a7bbaf6d@group-73197B762FF1: changes role from  FOLLOWER to FOLLOWER at term 1 for candidate:2e2b7c4f-1fa0-4360-84eb-5aea739d5e5f
2021-03-08 02:05:21,092 [grpc-default-executor-3] INFO  impl.RoleInfo (RoleInfo.java:shutdownFollowerState(108)) - c7780af0-0f31-4130-b62a-7061a7bbaf6d: shutdown c7780af0-0f31-4130-b62a-7061a7bbaf6d@group-73197B762FF1-FollowerState
2021-03-08 02:05:21,092 [grpc-default-executor-3] INFO  impl.RoleInfo (RoleInfo.java:updateAndGet(130)) - c7780af0-0f31-4130-b62a-7061a7bbaf6d: start c7780af0-0f31-4130-b62a-7061a7bbaf6d@group-73197B762FF1-FollowerState
2021-03-08 02:05:21,092 [Thread-4315] INFO  impl.FollowerState (FollowerState.java:run(142)) - c7780af0-0f31-4130-b62a-7061a7bbaf6d@group-73197B762FF1-FollowerState was interrupted: {}
java.lang.InterruptedException: sleep interrupted
	at java.lang.Thread.sleep(Native Method)
	at java.lang.Thread.sleep(Thread.java:340)
	at java.util.concurrent.TimeUnit.sleep(TimeUnit.java:386)
	at org.apache.ratis.util.TimeDuration.sleep(TimeDuration.java:324)
	at org.apache.ratis.util.TimeDuration.sleep(TimeDuration.java:309)
	at org.apache.ratis.server.impl.FollowerState.run(FollowerState.java:117)
2021-03-08 02:05:21,093 [grpc-default-executor-6] INFO  server.RaftServer$Division (RaftServerImpl.java:requestVote(1025)) - 8be81fb1-89d0-4709-8656-3472d71d638b@group-73197B762FF1: receive requestVote(ELECTION, 2e2b7c4f-1fa0-4360-84eb-5aea739d5e5f, group-73197B762FF1, 1, (t:0, i:0))
2021-03-08 02:05:21,093 [grpc-default-executor-6] INFO  impl.VoteContext (VoteContext.java:log(48)) - 8be81fb1-89d0-4709-8656-3472d71d638b@group-73197B762FF1-FOLLOWER: accept ELECTION from 2e2b7c4f-1fa0-4360-84eb-5aea739d5e5f: our priority 0 <= candidate's priority 0
2021-03-08 02:05:21,093 [grpc-default-executor-6] INFO  server.RaftServer$Division (RaftServerImpl.java:setRole(284)) - 8be81fb1-89d0-4709-8656-3472d71d638b@group-73197B762FF1: changes role from  FOLLOWER to FOLLOWER at term 1 for candidate:2e2b7c4f-1fa0-4360-84eb-5aea739d5e5f
2021-03-08 02:05:21,093 [grpc-default-executor-6] INFO  impl.RoleInfo (RoleInfo.java:shutdownFollowerState(108)) - 8be81fb1-89d0-4709-8656-3472d71d638b: shutdown 8be81fb1-89d0-4709-8656-3472d71d638b@group-73197B762FF1-FollowerState
2021-03-08 02:05:21,094 [grpc-default-executor-6] INFO  impl.RoleInfo (RoleInfo.java:updateAndGet(130)) - 8be81fb1-89d0-4709-8656-3472d71d638b: start 8be81fb1-89d0-4709-8656-3472d71d638b@group-73197B762FF1-FollowerState
2021-03-08 02:05:21,094 [Thread-4312] INFO  impl.FollowerState (FollowerState.java:run(142)) - 8be81fb1-89d0-4709-8656-3472d71d638b@group-73197B762FF1-FollowerState was interrupted: {}
java.lang.InterruptedException: sleep interrupted
	at java.lang.Thread.sleep(Native Method)
	at java.lang.Thread.sleep(Thread.java:340)
	at java.util.concurrent.TimeUnit.sleep(TimeUnit.java:386)
	at org.apache.ratis.util.TimeDuration.sleep(TimeDuration.java:324)
	at org.apache.ratis.util.TimeDuration.sleep(TimeDuration.java:309)
	at org.apache.ratis.server.impl.FollowerState.run(FollowerState.java:117)
2021-03-08 02:05:21,094 [grpc-default-executor-3] INFO  server.RaftServer$Division (RaftServerImpl.java:requestVote(1057)) - c7780af0-0f31-4130-b62a-7061a7bbaf6d@group-73197B762FF1 replies to ELECTION vote request: 2e2b7c4f-1fa0-4360-84eb-5aea739d5e5f<-c7780af0-0f31-4130-b62a-7061a7bbaf6d#0:FAIL-t1. Peer's state: c7780af0-0f31-4130-b62a-7061a7bbaf6d@group-73197B762FF1:t1, leader=null, voted=null, raftlog=c7780af0-0f31-4130-b62a-7061a7bbaf6d@group-73197B762FF1-SegmentedRaftLog:OPENED:c-1,f-1,i0, conf=-1: [c7780af0-0f31-4130-b62a-7061a7bbaf6d|rpc:172.17.0.2:40671|dataStream:|priority:1, 2e2b7c4f-1fa0-4360-84eb-5aea739d5e5f|rpc:172.17.0.2:45357|dataStream:|priority:0, 8be81fb1-89d0-4709-8656-3472d71d638b|rpc:172.17.0.2:44187|dataStream:|priority:0], old=null
2021-03-08 02:05:21,095 [2e2b7c4f-1fa0-4360-84eb-5aea739d5e5f@group-73197B762FF1-LeaderElection189] INFO  impl.LeaderElection (LeaderElection.java:logAndReturn(89)) - 2e2b7c4f-1fa0-4360-84eb-5aea739d5e5f@group-73197B762FF1-LeaderElection189: ELECTION REJECTED received 1 response(s) and 0 exception(s):
2021-03-08 02:05:21,095 [2e2b7c4f-1fa0-4360-84eb-5aea739d5e5f@group-73197B762FF1-LeaderElection189] INFO  impl.LeaderElection (LeaderElection.java:logAndReturn(93)) -   Response 0: 2e2b7c4f-1fa0-4360-84eb-5aea739d5e5f<-c7780af0-0f31-4130-b62a-7061a7bbaf6d#0:FAIL-t1
2021-03-08 02:05:21,095 [2e2b7c4f-1fa0-4360-84eb-5aea739d5e5f@group-73197B762FF1-LeaderElection189] INFO  impl.LeaderElection (LeaderElection.java:askForVotes(309)) - 2e2b7c4f-1fa0-4360-84eb-5aea739d5e5f@group-73197B762FF1-LeaderElection189 ELECTION round 0: result REJECTED
2021-03-08 02:05:21,095 [2e2b7c4f-1fa0-4360-84eb-5aea739d5e5f@group-73197B762FF1-LeaderElection189] INFO  server.RaftServer$Division (RaftServerImpl.java:setRole(284)) - 2e2b7c4f-1fa0-4360-84eb-5aea739d5e5f@group-73197B762FF1: changes role from CANDIDATE to FOLLOWER at term 1 for REJECTED
2021-03-08 02:05:21,095 [2e2b7c4f-1fa0-4360-84eb-5aea739d5e5f@group-73197B762FF1-LeaderElection189] INFO  impl.RoleInfo (RoleInfo.java:shutdownLeaderElection(121)) - 2e2b7c4f-1fa0-4360-84eb-5aea739d5e5f: shutdown 2e2b7c4f-1fa0-4360-84eb-5aea739d5e5f@group-73197B762FF1-LeaderElection189
2021-03-08 02:05:21,095 [2e2b7c4f-1fa0-4360-84eb-5aea739d5e5f@group-73197B762FF1-LeaderElection189] INFO  impl.RoleInfo (RoleInfo.java:updateAndGet(130)) - 2e2b7c4f-1fa0-4360-84eb-5aea739d5e5f: start 2e2b7c4f-1fa0-4360-84eb-5aea739d5e5f@group-73197B762FF1-FollowerState
2021-03-08 02:05:21,095 [grpc-default-executor-6] INFO  server.RaftServer$Division (RaftServerImpl.java:requestVote(1057)) - 8be81fb1-89d0-4709-8656-3472d71d638b@group-73197B762FF1 replies to ELECTION vote request: 2e2b7c4f-1fa0-4360-84eb-5aea739d5e5f<-8be81fb1-89d0-4709-8656-3472d71d638b#0:OK-t1. Peer's state: 8be81fb1-89d0-4709-8656-3472d71d638b@group-73197B762FF1:t1, leader=null, voted=2e2b7c4f-1fa0-4360-84eb-5aea739d5e5f, raftlog=8be81fb1-89d0-4709-8656-3472d71d638b@group-73197B762FF1-SegmentedRaftLog:OPENED:c-1,f-1,i0, conf=-1: [c7780af0-0f31-4130-b62a-7061a7bbaf6d|rpc:172.17.0.2:40671|dataStream:|priority:1, 2e2b7c4f-1fa0-4360-84eb-5aea739d5e5f|rpc:172.17.0.2:45357|dataStream:|priority:0, 8be81fb1-89d0-4709-8656-3472d71d638b|rpc:172.17.0.2:44187|dataStream:|priority:0], old=null
2021-03-08 02:05:21,137 [Thread-4318] INFO  impl.FollowerState (FollowerState.java:run(133)) - 2e2b7c4f-1fa0-4360-84eb-5aea739d5e5f@group-95D3DD7D5F09-FollowerState: change to CANDIDATE, lastRpcElapsedTime:5012315350ns, electionTimeout:5012ms
2021-03-08 02:05:21,137 [Thread-4318] INFO  impl.RoleInfo (RoleInfo.java:shutdownFollowerState(108)) - 2e2b7c4f-1fa0-4360-84eb-5aea739d5e5f: shutdown 2e2b7c4f-1fa0-4360-84eb-5aea739d5e5f@group-95D3DD7D5F09-FollowerState
2021-03-08 02:05:21,137 [Thread-4318] INFO  server.RaftServer$Division (RaftServerImpl.java:setRole(284)) - 2e2b7c4f-1fa0-4360-84eb-5aea739d5e5f@group-95D3DD7D5F09: changes role from  FOLLOWER to CANDIDATE at term 0 for changeToCandidate
2021-03-08 02:05:21,137 [Thread-4318] INFO  server.RaftServerConfigKeys (ConfUtils.java:logGet(44)) - raft.server.leaderelection.pre-vote = false (custom)
2021-03-08 02:05:21,137 [Thread-4318] INFO  impl.RoleInfo (RoleInfo.java:updateAndGet(130)) - 2e2b7c4f-1fa0-4360-84eb-5aea739d5e5f: start 2e2b7c4f-1fa0-4360-84eb-5aea739d5e5f@group-95D3DD7D5F09-LeaderElection190
2021-03-08 02:05:21,140 [2e2b7c4f-1fa0-4360-84eb-5aea739d5e5f@group-95D3DD7D5F09-LeaderElection190] INFO  impl.LeaderElection (LeaderElection.java:askForVotes(307)) - 2e2b7c4f-1fa0-4360-84eb-5aea739d5e5f@group-95D3DD7D5F09-LeaderElection190 ELECTION round 0: submit vote requests at term 1 for -1: [c7780af0-0f31-4130-b62a-7061a7bbaf6d|rpc:172.17.0.2:40671|priority:0, 2e2b7c4f-1fa0-4360-84eb-5aea739d5e5f|rpc:172.17.0.2:45357|priority:1, 8be81fb1-89d0-4709-8656-3472d71d638b|rpc:172.17.0.2:44187|priority:0], old=null
2021-03-08 02:05:21,142 [grpc-default-executor-6] INFO  server.RaftServer$Division (RaftServerImpl.java:requestVote(1025)) - 8be81fb1-89d0-4709-8656-3472d71d638b@group-95D3DD7D5F09: receive requestVote(ELECTION, 2e2b7c4f-1fa0-4360-84eb-5aea739d5e5f, group-95D3DD7D5F09, 1, (t:0, i:0))
2021-03-08 02:05:21,142 [grpc-default-executor-6] INFO  impl.VoteContext (VoteContext.java:log(48)) - 8be81fb1-89d0-4709-8656-3472d71d638b@group-95D3DD7D5F09-FOLLOWER: accept ELECTION from 2e2b7c4f-1fa0-4360-84eb-5aea739d5e5f: our priority 0 <= candidate's priority 1
2021-03-08 02:05:21,142 [grpc-default-executor-6] INFO  server.RaftServer$Division (RaftServerImpl.java:setRole(284)) - 8be81fb1-89d0-4709-8656-3472d71d638b@group-95D3DD7D5F09: changes role from  FOLLOWER to FOLLOWER at term 1 for candidate:2e2b7c4f-1fa0-4360-84eb-5aea739d5e5f
2021-03-08 02:05:21,142 [grpc-default-executor-6] INFO  impl.RoleInfo (RoleInfo.java:shutdownFollowerState(108)) - 8be81fb1-89d0-4709-8656-3472d71d638b: shutdown 8be81fb1-89d0-4709-8656-3472d71d638b@group-95D3DD7D5F09-FollowerState
2021-03-08 02:05:21,142 [grpc-default-executor-6] INFO  impl.RoleInfo (RoleInfo.java:updateAndGet(130)) - 8be81fb1-89d0-4709-8656-3472d71d638b: start 8be81fb1-89d0-4709-8656-3472d71d638b@group-95D3DD7D5F09-FollowerState
2021-03-08 02:05:21,142 [Thread-4325] INFO  impl.FollowerState (FollowerState.java:run(142)) - 8be81fb1-89d0-4709-8656-3472d71d638b@group-95D3DD7D5F09-FollowerState was interrupted: {}
java.lang.InterruptedException: sleep interrupted
	at java.lang.Thread.sleep(Native Method)
	at java.lang.Thread.sleep(Thread.java:340)
	at java.util.concurrent.TimeUnit.sleep(TimeUnit.java:386)
	at org.apache.ratis.util.TimeDuration.sleep(TimeDuration.java:324)
	at org.apache.ratis.util.TimeDuration.sleep(TimeDuration.java:309)
	at org.apache.ratis.server.impl.FollowerState.run(FollowerState.java:117)
2021-03-08 02:05:21,146 [grpc-default-executor-3] INFO  server.RaftServer$Division (RaftServerImpl.java:requestVote(1025)) - c7780af0-0f31-4130-b62a-7061a7bbaf6d@group-95D3DD7D5F09: receive requestVote(ELECTION, 2e2b7c4f-1fa0-4360-84eb-5aea739d5e5f, group-95D3DD7D5F09, 1, (t:0, i:0))
2021-03-08 02:05:21,146 [grpc-default-executor-3] INFO  impl.VoteContext (VoteContext.java:log(48)) - c7780af0-0f31-4130-b62a-7061a7bbaf6d@group-95D3DD7D5F09-FOLLOWER: accept ELECTION from 2e2b7c4f-1fa0-4360-84eb-5aea739d5e5f: our priority 0 <= candidate's priority 1
2021-03-08 02:05:21,146 [grpc-default-executor-3] INFO  server.RaftServer$Division (RaftServerImpl.java:setRole(284)) - c7780af0-0f31-4130-b62a-7061a7bbaf6d@group-95D3DD7D5F09: changes role from  FOLLOWER to FOLLOWER at term 1 for candidate:2e2b7c4f-1fa0-4360-84eb-5aea739d5e5f
2021-03-08 02:05:21,146 [grpc-default-executor-3] INFO  impl.RoleInfo (RoleInfo.java:shutdownFollowerState(108)) - c7780af0-0f31-4130-b62a-7061a7bbaf6d: shutdown c7780af0-0f31-4130-b62a-7061a7bbaf6d@group-95D3DD7D5F09-FollowerState
2021-03-08 02:05:21,146 [grpc-default-executor-3] INFO  impl.RoleInfo (RoleInfo.java:updateAndGet(130)) - c7780af0-0f31-4130-b62a-7061a7bbaf6d: start c7780af0-0f31-4130-b62a-7061a7bbaf6d@group-95D3DD7D5F09-FollowerState
2021-03-08 02:05:21,146 [Thread-4320] INFO  impl.FollowerState (FollowerState.java:run(142)) - c7780af0-0f31-4130-b62a-7061a7bbaf6d@group-95D3DD7D5F09-FollowerState was interrupted: {}
java.lang.InterruptedException: sleep interrupted
	at java.lang.Thread.sleep(Native Method)
	at java.lang.Thread.sleep(Thread.java:340)
	at java.util.concurrent.TimeUnit.sleep(TimeUnit.java:386)
	at org.apache.ratis.util.TimeDuration.sleep(TimeDuration.java:324)
	at org.apache.ratis.util.TimeDuration.sleep(TimeDuration.java:309)
	at org.apache.ratis.server.impl.FollowerState.run(FollowerState.java:117)
2021-03-08 02:05:21,149 [grpc-default-executor-6] INFO  server.RaftServer$Division (RaftServerImpl.java:requestVote(1057)) - 8be81fb1-89d0-4709-8656-3472d71d638b@group-95D3DD7D5F09 replies to ELECTION vote request: 2e2b7c4f-1fa0-4360-84eb-5aea739d5e5f<-8be81fb1-89d0-4709-8656-3472d71d638b#0:OK-t1. Peer's state: 8be81fb1-89d0-4709-8656-3472d71d638b@group-95D3DD7D5F09:t1, leader=null, voted=2e2b7c4f-1fa0-4360-84eb-5aea739d5e5f, raftlog=8be81fb1-89d0-4709-8656-3472d71d638b@group-95D3DD7D5F09-SegmentedRaftLog:OPENED:c-1,f-1,i0, conf=-1: [c7780af0-0f31-4130-b62a-7061a7bbaf6d|rpc:172.17.0.2:40671|dataStream:|priority:0, 2e2b7c4f-1fa0-4360-84eb-5aea739d5e5f|rpc:172.17.0.2:45357|dataStream:|priority:1, 8be81fb1-89d0-4709-8656-3472d71d638b|rpc:172.17.0.2:44187|dataStream:|priority:0], old=null
2021-03-08 02:05:21,150 [2e2b7c4f-1fa0-4360-84eb-5aea739d5e5f@group-95D3DD7D5F09-LeaderElection190] INFO  impl.LeaderElection (LeaderElection.java:logAndReturn(89)) - 2e2b7c4f-1fa0-4360-84eb-5aea739d5e5f@group-95D3DD7D5F09-LeaderElection190: ELECTION PASSED received 1 response(s) and 0 exception(s):
2021-03-08 02:05:21,150 [2e2b7c4f-1fa0-4360-84eb-5aea739d5e5f@group-95D3DD7D5F09-LeaderElection190] INFO  impl.LeaderElection (LeaderElection.java:logAndReturn(93)) -   Response 0: 2e2b7c4f-1fa0-4360-84eb-5aea739d5e5f<-8be81fb1-89d0-4709-8656-3472d71d638b#0:OK-t1
2021-03-08 02:05:21,150 [2e2b7c4f-1fa0-4360-84eb-5aea739d5e5f@group-95D3DD7D5F09-LeaderElection190] INFO  impl.LeaderElection (LeaderElection.java:askForVotes(309)) - 2e2b7c4f-1fa0-4360-84eb-5aea739d5e5f@group-95D3DD7D5F09-LeaderElection190 ELECTION round 0: result PASSED
2021-03-08 02:05:21,150 [2e2b7c4f-1fa0-4360-84eb-5aea739d5e5f@group-95D3DD7D5F09-LeaderElection190] INFO  impl.RoleInfo (RoleInfo.java:shutdownLeaderElection(121)) - 2e2b7c4f-1fa0-4360-84eb-5aea739d5e5f: shutdown 2e2b7c4f-1fa0-4360-84eb-5aea739d5e5f@group-95D3DD7D5F09-LeaderElection190
2021-03-08 02:05:21,150 [2e2b7c4f-1fa0-4360-84eb-5aea739d5e5f@group-95D3DD7D5F09-LeaderElection190] INFO  server.RaftServer$Division (RaftServerImpl.java:setRole(284)) - 2e2b7c4f-1fa0-4360-84eb-5aea739d5e5f@group-95D3DD7D5F09: changes role from CANDIDATE to LEADER at term 1 for changeToLeader
2021-03-08 02:05:21,150 [2e2b7c4f-1fa0-4360-84eb-5aea739d5e5f@group-95D3DD7D5F09-LeaderElection190] INFO  ratis.XceiverServerRatis (XceiverServerRatis.java:handleLeaderChangedNotification(899)) - Leader change notification received for group: group-95D3DD7D5F09 with new leaderId: 2e2b7c4f-1fa0-4360-84eb-5aea739d5e5f
2021-03-08 02:05:21,150 [2e2b7c4f-1fa0-4360-84eb-5aea739d5e5f@group-95D3DD7D5F09-LeaderElection190] INFO  server.RaftServer$Division (ServerState.java:setLeader(271)) - 2e2b7c4f-1fa0-4360-84eb-5aea739d5e5f@group-95D3DD7D5F09: change Leader from null to 2e2b7c4f-1fa0-4360-84eb-5aea739d5e5f at term 1 for becomeLeader, leader elected after 5035ms
2021-03-08 02:05:21,150 [2e2b7c4f-1fa0-4360-84eb-5aea739d5e5f@group-95D3DD7D5F09-LeaderElection190] INFO  server.RaftServerConfigKeys (ConfUtils.java:logGet(44)) - raft.server.staging.catchup.gap = 1000 (default)
2021-03-08 02:05:21,150 [2e2b7c4f-1fa0-4360-84eb-5aea739d5e5f@group-95D3DD7D5F09-LeaderElection190] INFO  metrics.RatisMetrics (RatisMetrics.java:lambda$create$0(36)) - Creating Metrics Registry : ratis.log_appender.2e2b7c4f-1fa0-4360-84eb-5aea739d5e5f@group-95D3DD7D5F09
2021-03-08 02:05:21,151 [2e2b7c4f-1fa0-4360-84eb-5aea739d5e5f@group-95D3DD7D5F09-LeaderElection190] INFO  server.RaftServerConfigKeys (ConfUtils.java:logGet(44)) - raft.server.write.element-limit = 1024 (custom)
2021-03-08 02:05:21,151 [2e2b7c4f-1fa0-4360-84eb-5aea739d5e5f@group-95D3DD7D5F09-LeaderElection190] INFO  server.RaftServerConfigKeys (ConfUtils.java:logGet(44)) - raft.server.write.byte-limit = 1073741824 (custom)
2021-03-08 02:05:21,152 [2e2b7c4f-1fa0-4360-84eb-5aea739d5e5f@group-95D3DD7D5F09-LeaderElection190] INFO  server.RaftServerConfigKeys (ConfUtils.java:logGet(44)) - raft.server.watch.timeout = 3000ms (custom)
2021-03-08 02:05:21,152 [2e2b7c4f-1fa0-4360-84eb-5aea739d5e5f@group-95D3DD7D5F09-LeaderElection190] INFO  server.RaftServerConfigKeys (ConfUtils.java:logGet(44)) - raft.server.watch.timeout.denomination = 1s (default)
2021-03-08 02:05:21,152 [2e2b7c4f-1fa0-4360-84eb-5aea739d5e5f@group-95D3DD7D5F09-LeaderElection190] INFO  server.RaftServerConfigKeys (ConfUtils.java:logGet(44)) - raft.server.watch.element-limit = 65536 (default)
2021-03-08 02:05:21,152 [2e2b7c4f-1fa0-4360-84eb-5aea739d5e5f@group-95D3DD7D5F09-LeaderElection190] INFO  server.RaftServerConfigKeys (ConfUtils.java:logGet(44)) - raft.server.log.appender.snapshot.chunk.size.max = 16MB (=16777216) (default)
2021-03-08 02:05:21,152 [2e2b7c4f-1fa0-4360-84eb-5aea739d5e5f@group-95D3DD7D5F09-LeaderElection190] INFO  server.RaftServerConfigKeys (ConfUtils.java:logGet(44)) - raft.server.log.appender.buffer.byte-limit = 33554432 (custom)
2021-03-08 02:05:21,152 [2e2b7c4f-1fa0-4360-84eb-5aea739d5e5f@group-95D3DD7D5F09-LeaderElection190] INFO  server.RaftServerConfigKeys (ConfUtils.java:logGet(44)) - raft.server.log.appender.buffer.element-limit = 1 (custom)
2021-03-08 02:05:21,152 [2e2b7c4f-1fa0-4360-84eb-5aea739d5e5f@group-95D3DD7D5F09-LeaderElection190] INFO  grpc.GrpcConfigKeys (ConfUtils.java:logGet(44)) - raft.grpc.server.leader.outstanding.appends.max = 128 (default)
2021-03-08 02:05:21,152 [2e2b7c4f-1fa0-4360-84eb-5aea739d5e5f@group-95D3DD7D5F09-LeaderElection190] INFO  server.RaftServerConfigKeys (ConfUtils.java:logGet(44)) - raft.server.rpc.request.timeout = 3000ms (default)
2021-03-08 02:05:21,152 [2e2b7c4f-1fa0-4360-84eb-5aea739d5e5f@group-95D3DD7D5F09-LeaderElection190] INFO  server.RaftServerConfigKeys (ConfUtils.java:logGet(44)) - raft.server.log.appender.install.snapshot.enabled = false (custom)
2021-03-08 02:05:21,152 [2e2b7c4f-1fa0-4360-84eb-5aea739d5e5f@group-95D3DD7D5F09-LeaderElection190] INFO  metrics.RatisMetrics (RatisMetrics.java:lambda$create$0(36)) - Creating Metrics Registry : ratis_grpc.log_appender.2e2b7c4f-1fa0-4360-84eb-5aea739d5e5f@group-95D3DD7D5F09
2021-03-08 02:05:21,153 [EventQueue-PipelineReportForPipelineReportHandler] INFO  pipeline.PipelineStateManager (PipelineStateManager.java:openPipeline(132)) - Pipeline Pipeline[ Id: b6143ebd-b803-4b83-aecd-95d3dd7d5f09, Nodes: 2e2b7c4f-1fa0-4360-84eb-5aea739d5e5f{ip: 172.17.0.2, host: 55665278a03a, ports: [REPLICATION=42473, RATIS=45357, RATIS_ADMIN=45357, RATIS_SERVER=45357, STANDALONE=44021], networkLocation: /default-rack, certSerialId: null, persistedOpState: IN_SERVICE, persistedOpStateExpiryEpochSec: 0}c7780af0-0f31-4130-b62a-7061a7bbaf6d{ip: 172.17.0.2, host: 55665278a03a, ports: [REPLICATION=39443, RATIS=40671, RATIS_ADMIN=40671, RATIS_SERVER=40671, STANDALONE=35715], networkLocation: /default-rack, certSerialId: null, persistedOpState: IN_SERVICE, persistedOpStateExpiryEpochSec: 0}8be81fb1-89d0-4709-8656-3472d71d638b{ip: 172.17.0.2, host: 55665278a03a, ports: [REPLICATION=43543, RATIS=44187, RATIS_ADMIN=44187, RATIS_SERVER=44187, STANDALONE=44151], networkLocation: /default-rack, certSerialId: null, persistedOpState: IN_SERVICE, persistedOpStateExpiryEpochSec: 0}, Type:RATIS, Factor:THREE, State:ALLOCATED, leaderId:2e2b7c4f-1fa0-4360-84eb-5aea739d5e5f, CreationTimestamp2021-03-08T02:05:13.334Z] moved to OPEN state
2021-03-08 02:05:21,154 [grpc-default-executor-3] INFO  server.RaftServer$Division (RaftServerImpl.java:requestVote(1057)) - c7780af0-0f31-4130-b62a-7061a7bbaf6d@group-95D3DD7D5F09 replies to ELECTION vote request: 2e2b7c4f-1fa0-4360-84eb-5aea739d5e5f<-c7780af0-0f31-4130-b62a-7061a7bbaf6d#0:OK-t1. Peer's state: c7780af0-0f31-4130-b62a-7061a7bbaf6d@group-95D3DD7D5F09:t1, leader=null, voted=2e2b7c4f-1fa0-4360-84eb-5aea739d5e5f, raftlog=c7780af0-0f31-4130-b62a-7061a7bbaf6d@group-95D3DD7D5F09-SegmentedRaftLog:OPENED:c-1,f-1,i0, conf=-1: [c7780af0-0f31-4130-b62a-7061a7bbaf6d|rpc:172.17.0.2:40671|dataStream:|priority:0, 2e2b7c4f-1fa0-4360-84eb-5aea739d5e5f|rpc:172.17.0.2:45357|dataStream:|priority:1, 8be81fb1-89d0-4709-8656-3472d71d638b|rpc:172.17.0.2:44187|dataStream:|priority:0], old=null
2021-03-08 02:05:21,156 [2e2b7c4f-1fa0-4360-84eb-5aea739d5e5f@group-95D3DD7D5F09-LeaderElection190] INFO  server.RaftServerConfigKeys (ConfUtils.java:logGet(44)) - raft.server.log.appender.snapshot.chunk.size.max = 16MB (=16777216) (default)
2021-03-08 02:05:21,156 [2e2b7c4f-1fa0-4360-84eb-5aea739d5e5f@group-95D3DD7D5F09-LeaderElection190] INFO  server.RaftServerConfigKeys (ConfUtils.java:logGet(44)) - raft.server.log.appender.buffer.byte-limit = 33554432 (custom)
2021-03-08 02:05:21,156 [2e2b7c4f-1fa0-4360-84eb-5aea739d5e5f@group-95D3DD7D5F09-LeaderElection190] INFO  server.RaftServerConfigKeys (ConfUtils.java:logGet(44)) - raft.server.log.appender.buffer.element-limit = 1 (custom)
2021-03-08 02:05:21,156 [2e2b7c4f-1fa0-4360-84eb-5aea739d5e5f@group-95D3DD7D5F09-LeaderElection190] INFO  grpc.GrpcConfigKeys (ConfUtils.java:logGet(44)) - raft.grpc.server.leader.outstanding.appends.max = 128 (default)
2021-03-08 02:05:21,156 [2e2b7c4f-1fa0-4360-84eb-5aea739d5e5f@group-95D3DD7D5F09-LeaderElection190] INFO  server.RaftServerConfigKeys (ConfUtils.java:logGet(44)) - raft.server.rpc.request.timeout = 3000ms (default)
2021-03-08 02:05:21,156 [2e2b7c4f-1fa0-4360-84eb-5aea739d5e5f@group-95D3DD7D5F09-LeaderElection190] INFO  server.RaftServerConfigKeys (ConfUtils.java:logGet(44)) - raft.server.log.appender.install.snapshot.enabled = false (custom)
2021-03-08 02:05:21,159 [2e2b7c4f-1fa0-4360-84eb-5aea739d5e5f@group-95D3DD7D5F09-LeaderElection190] INFO  impl.RoleInfo (RoleInfo.java:updateAndGet(130)) - 2e2b7c4f-1fa0-4360-84eb-5aea739d5e5f: start 2e2b7c4f-1fa0-4360-84eb-5aea739d5e5f@group-95D3DD7D5F09-LeaderStateImpl
2021-03-08 02:05:21,159 [2e2b7c4f-1fa0-4360-84eb-5aea739d5e5f@group-95D3DD7D5F09-LeaderElection190] INFO  segmented.SegmentedRaftLogWorker (SegmentedRaftLogWorker.java:startLogSegment(392)) - 2e2b7c4f-1fa0-4360-84eb-5aea739d5e5f@group-95D3DD7D5F09-SegmentedRaftLogWorker: Starting segment from index:0
2021-03-08 02:05:21,162 [2e2b7c4f-1fa0-4360-84eb-5aea739d5e5f@group-95D3DD7D5F09-SegmentedRaftLogWorker] INFO  segmented.SegmentedRaftLogWorker (SegmentedRaftLogWorker.java:execute(599)) - 2e2b7c4f-1fa0-4360-84eb-5aea739d5e5f@group-95D3DD7D5F09-SegmentedRaftLogWorker: created new log segment /github/workspace/mnt/ozone/hadoop-ozone/integration-test/target/test-dir/MiniOzoneClusterImpl-ccaa8949-4e5a-4858-a1f5-413699190f1a/datanode-3/data/ratis/b6143ebd-b803-4b83-aecd-95d3dd7d5f09/current/log_inprogress_0
2021-03-08 02:05:21,162 [2e2b7c4f-1fa0-4360-84eb-5aea739d5e5f@group-95D3DD7D5F09-LeaderElection190] INFO  server.RaftServer$Division (ServerState.java:setRaftConf(373)) - 2e2b7c4f-1fa0-4360-84eb-5aea739d5e5f@group-95D3DD7D5F09: set configuration 0: [c7780af0-0f31-4130-b62a-7061a7bbaf6d|rpc:172.17.0.2:40671|dataStream:|priority:0, 2e2b7c4f-1fa0-4360-84eb-5aea739d5e5f|rpc:172.17.0.2:45357|dataStream:|priority:1, 8be81fb1-89d0-4709-8656-3472d71d638b|rpc:172.17.0.2:44187|dataStream:|priority:0], old=null
2021-03-08 02:05:21,171 [grpc-default-executor-6] INFO  ratis.XceiverServerRatis (XceiverServerRatis.java:handleLeaderChangedNotification(899)) - Leader change notification received for group: group-95D3DD7D5F09 with new leaderId: 2e2b7c4f-1fa0-4360-84eb-5aea739d5e5f
2021-03-08 02:05:21,171 [grpc-default-executor-6] INFO  server.RaftServer$Division (ServerState.java:setLeader(271)) - 8be81fb1-89d0-4709-8656-3472d71d638b@group-95D3DD7D5F09: change Leader from null to 2e2b7c4f-1fa0-4360-84eb-5aea739d5e5f at term 1 for appendEntries, leader elected after 4997ms
2021-03-08 02:05:21,186 [grpc-default-executor-3] INFO  server.RaftServer$Division (ServerState.java:setRaftConf(373)) - 8be81fb1-89d0-4709-8656-3472d71d638b@group-95D3DD7D5F09: set configuration 0: [c7780af0-0f31-4130-b62a-7061a7bbaf6d|rpc:172.17.0.2:40671|dataStream:|priority:0, 2e2b7c4f-1fa0-4360-84eb-5aea739d5e5f|rpc:172.17.0.2:45357|dataStream:|priority:1, 8be81fb1-89d0-4709-8656-3472d71d638b|rpc:172.17.0.2:44187|dataStream:|priority:0], old=null
2021-03-08 02:05:21,187 [grpc-default-executor-3] INFO  segmented.SegmentedRaftLogWorker (SegmentedRaftLogWorker.java:startLogSegment(392)) - 8be81fb1-89d0-4709-8656-3472d71d638b@group-95D3DD7D5F09-SegmentedRaftLogWorker: Starting segment from index:0
2021-03-08 02:05:21,188 [8be81fb1-89d0-4709-8656-3472d71d638b@group-95D3DD7D5F09-SegmentedRaftLogWorker] INFO  segmented.SegmentedRaftLogWorker (SegmentedRaftLogWorker.java:execute(599)) - 8be81fb1-89d0-4709-8656-3472d71d638b@group-95D3DD7D5F09-SegmentedRaftLogWorker: created new log segment /github/workspace/mnt/ozone/hadoop-ozone/integration-test/target/test-dir/MiniOzoneClusterImpl-ccaa8949-4e5a-4858-a1f5-413699190f1a/datanode-4/data/ratis/b6143ebd-b803-4b83-aecd-95d3dd7d5f09/current/log_inprogress_0
2021-03-08 02:05:21,189 [grpc-default-executor-6] INFO  ratis.XceiverServerRatis (XceiverServerRatis.java:handleLeaderChangedNotification(899)) - Leader change notification received for group: group-95D3DD7D5F09 with new leaderId: 2e2b7c4f-1fa0-4360-84eb-5aea739d5e5f
2021-03-08 02:05:21,189 [grpc-default-executor-6] INFO  server.RaftServer$Division (ServerState.java:setLeader(271)) - c7780af0-0f31-4130-b62a-7061a7bbaf6d@group-95D3DD7D5F09: change Leader from null to 2e2b7c4f-1fa0-4360-84eb-5aea739d5e5f at term 1 for appendEntries, leader elected after 5055ms
2021-03-08 02:05:21,199 [grpc-default-executor-6] INFO  server.RaftServer$Division (ServerState.java:setRaftConf(373)) - c7780af0-0f31-4130-b62a-7061a7bbaf6d@group-95D3DD7D5F09: set configuration 0: [c7780af0-0f31-4130-b62a-7061a7bbaf6d|rpc:172.17.0.2:40671|dataStream:|priority:0, 2e2b7c4f-1fa0-4360-84eb-5aea739d5e5f|rpc:172.17.0.2:45357|dataStream:|priority:1, 8be81fb1-89d0-4709-8656-3472d71d638b|rpc:172.17.0.2:44187|dataStream:|priority:0], old=null
2021-03-08 02:05:21,199 [grpc-default-executor-6] INFO  segmented.SegmentedRaftLogWorker (SegmentedRaftLogWorker.java:startLogSegment(392)) - c7780af0-0f31-4130-b62a-7061a7bbaf6d@group-95D3DD7D5F09-SegmentedRaftLogWorker: Starting segment from index:0
2021-03-08 02:05:21,201 [c7780af0-0f31-4130-b62a-7061a7bbaf6d@group-95D3DD7D5F09-SegmentedRaftLogWorker] INFO  segmented.SegmentedRaftLogWorker (SegmentedRaftLogWorker.java:execute(599)) - c7780af0-0f31-4130-b62a-7061a7bbaf6d@group-95D3DD7D5F09-SegmentedRaftLogWorker: created new log segment /github/workspace/mnt/ozone/hadoop-ozone/integration-test/target/test-dir/MiniOzoneClusterImpl-ccaa8949-4e5a-4858-a1f5-413699190f1a/datanode-5/data/ratis/b6143ebd-b803-4b83-aecd-95d3dd7d5f09/current/log_inprogress_0
2021-03-08 02:05:21,325 [Thread-4324] INFO  impl.FollowerState (FollowerState.java:run(133)) - 8be81fb1-89d0-4709-8656-3472d71d638b@group-559853B99B2A-FollowerState: change to CANDIDATE, lastRpcElapsedTime:5142355867ns, electionTimeout:5142ms
2021-03-08 02:05:21,325 [Thread-4324] INFO  impl.RoleInfo (RoleInfo.java:shutdownFollowerState(108)) - 8be81fb1-89d0-4709-8656-3472d71d638b: shutdown 8be81fb1-89d0-4709-8656-3472d71d638b@group-559853B99B2A-FollowerState
2021-03-08 02:05:21,325 [Thread-4324] INFO  server.RaftServer$Division (RaftServerImpl.java:setRole(284)) - 8be81fb1-89d0-4709-8656-3472d71d638b@group-559853B99B2A: changes role from  FOLLOWER to CANDIDATE at term 0 for changeToCandidate
2021-03-08 02:05:21,326 [Thread-4324] INFO  server.RaftServerConfigKeys (ConfUtils.java:logGet(44)) - raft.server.leaderelection.pre-vote = false (custom)
2021-03-08 02:05:21,326 [Thread-4324] INFO  impl.RoleInfo (RoleInfo.java:updateAndGet(130)) - 8be81fb1-89d0-4709-8656-3472d71d638b: start 8be81fb1-89d0-4709-8656-3472d71d638b@group-559853B99B2A-LeaderElection191
2021-03-08 02:05:21,329 [8be81fb1-89d0-4709-8656-3472d71d638b@group-559853B99B2A-LeaderElection191] INFO  impl.LeaderElection (LeaderElection.java:askForVotes(307)) - 8be81fb1-89d0-4709-8656-3472d71d638b@group-559853B99B2A-LeaderElection191 ELECTION round 0: submit vote requests at term 1 for -1: [8be81fb1-89d0-4709-8656-3472d71d638b|rpc:172.17.0.2:44187|priority:1], old=null
2021-03-08 02:05:21,329 [8be81fb1-89d0-4709-8656-3472d71d638b@group-559853B99B2A-LeaderElection191] INFO  impl.LeaderElection (LeaderElection.java:askForVotes(309)) - 8be81fb1-89d0-4709-8656-3472d71d638b@group-559853B99B2A-LeaderElection191 ELECTION round 0: result PASSED (term=1)
2021-03-08 02:05:21,329 [8be81fb1-89d0-4709-8656-3472d71d638b@group-559853B99B2A-LeaderElection191] INFO  impl.RoleInfo (RoleInfo.java:shutdownLeaderElection(121)) - 8be81fb1-89d0-4709-8656-3472d71d638b: shutdown 8be81fb1-89d0-4709-8656-3472d71d638b@group-559853B99B2A-LeaderElection191
2021-03-08 02:05:21,329 [8be81fb1-89d0-4709-8656-3472d71d638b@group-559853B99B2A-LeaderElection191] INFO  server.RaftServer$Division (RaftServerImpl.java:setRole(284)) - 8be81fb1-89d0-4709-8656-3472d71d638b@group-559853B99B2A: changes role from CANDIDATE to LEADER at term 1 for changeToLeader
2021-03-08 02:05:21,329 [8be81fb1-89d0-4709-8656-3472d71d638b@group-559853B99B2A-LeaderElection191] INFO  ratis.XceiverServerRatis (XceiverServerRatis.java:handleLeaderChangedNotification(899)) - Leader change notification received for group: group-559853B99B2A with new leaderId: 8be81fb1-89d0-4709-8656-3472d71d638b
2021-03-08 02:05:21,329 [8be81fb1-89d0-4709-8656-3472d71d638b@group-559853B99B2A-LeaderElection191] INFO  server.RaftServer$Division (ServerState.java:setLeader(271)) - 8be81fb1-89d0-4709-8656-3472d71d638b@group-559853B99B2A: change Leader from null to 8be81fb1-89d0-4709-8656-3472d71d638b at term 1 for becomeLeader, leader elected after 5190ms
2021-03-08 02:05:21,329 [8be81fb1-89d0-4709-8656-3472d71d638b@group-559853B99B2A-LeaderElection191] INFO  server.RaftServerConfigKeys (ConfUtils.java:logGet(44)) - raft.server.staging.catchup.gap = 1000 (default)
2021-03-08 02:05:21,329 [8be81fb1-89d0-4709-8656-3472d71d638b@group-559853B99B2A-LeaderElection191] INFO  metrics.RatisMetrics (RatisMetrics.java:lambda$create$0(36)) - Creating Metrics Registry : ratis.log_appender.8be81fb1-89d0-4709-8656-3472d71d638b@group-559853B99B2A
2021-03-08 02:05:21,330 [8be81fb1-89d0-4709-8656-3472d71d638b@group-559853B99B2A-LeaderElection191] INFO  server.RaftServerConfigKeys (ConfUtils.java:logGet(44)) - raft.server.write.element-limit = 1024 (custom)
2021-03-08 02:05:21,330 [8be81fb1-89d0-4709-8656-3472d71d638b@group-559853B99B2A-LeaderElection191] INFO  server.RaftServerConfigKeys (ConfUtils.java:logGet(44)) - raft.server.write.byte-limit = 1073741824 (custom)
2021-03-08 02:05:21,331 [8be81fb1-89d0-4709-8656-3472d71d638b@group-559853B99B2A-LeaderElection191] INFO  server.RaftServerConfigKeys (ConfUtils.java:logGet(44)) - raft.server.watch.timeout = 3000ms (custom)
2021-03-08 02:05:21,331 [8be81fb1-89d0-4709-8656-3472d71d638b@group-559853B99B2A-LeaderElection191] INFO  server.RaftServerConfigKeys (ConfUtils.java:logGet(44)) - raft.server.watch.timeout.denomination = 1s (default)
2021-03-08 02:05:21,331 [8be81fb1-89d0-4709-8656-3472d71d638b@group-559853B99B2A-LeaderElection191] INFO  server.RaftServerConfigKeys (ConfUtils.java:logGet(44)) - raft.server.watch.element-limit = 65536 (default)
2021-03-08 02:05:21,331 [8be81fb1-89d0-4709-8656-3472d71d638b@group-559853B99B2A-LeaderElection191] INFO  impl.RoleInfo (RoleInfo.java:updateAndGet(130)) - 8be81fb1-89d0-4709-8656-3472d71d638b: start 8be81fb1-89d0-4709-8656-3472d71d638b@group-559853B99B2A-LeaderStateImpl
2021-03-08 02:05:21,331 [8be81fb1-89d0-4709-8656-3472d71d638b@group-559853B99B2A-LeaderElection191] INFO  segmented.SegmentedRaftLogWorker (SegmentedRaftLogWorker.java:startLogSegment(392)) - 8be81fb1-89d0-4709-8656-3472d71d638b@group-559853B99B2A-SegmentedRaftLogWorker: Starting segment from index:0
2021-03-08 02:05:21,333 [8be81fb1-89d0-4709-8656-3472d71d638b@group-559853B99B2A-SegmentedRaftLogWorker] INFO  segmented.SegmentedRaftLogWorker (SegmentedRaftLogWorker.java:execute(599)) - 8be81fb1-89d0-4709-8656-3472d71d638b@group-559853B99B2A-SegmentedRaftLogWorker: created new log segment /github/workspace/mnt/ozone/hadoop-ozone/integration-test/target/test-dir/MiniOzoneClusterImpl-ccaa8949-4e5a-4858-a1f5-413699190f1a/datanode-4/data/ratis/ce129b5b-3a42-49cf-879a-559853b99b2a/current/log_inprogress_0
2021-03-08 02:05:21,334 [8be81fb1-89d0-4709-8656-3472d71d638b@group-559853B99B2A-LeaderElection191] INFO  server.RaftServer$Division (ServerState.java:setRaftConf(373)) - 8be81fb1-89d0-4709-8656-3472d71d638b@group-559853B99B2A: set configuration 0: [8be81fb1-89d0-4709-8656-3472d71d638b|rpc:172.17.0.2:44187|dataStream:|priority:1], old=null
2021-03-08 02:05:21,435 [Thread-4328] INFO  impl.FollowerState (FollowerState.java:run(133)) - c7780af0-0f31-4130-b62a-7061a7bbaf6d@group-1166AD7308EA-FollowerState: change to CANDIDATE, lastRpcElapsedTime:5089361917ns, electionTimeout:5089ms
2021-03-08 02:05:21,435 [Thread-4328] INFO  impl.RoleInfo (RoleInfo.java:shutdownFollowerState(108)) - c7780af0-0f31-4130-b62a-7061a7bbaf6d: shutdown c7780af0-0f31-4130-b62a-7061a7bbaf6d@group-1166AD7308EA-FollowerState
2021-03-08 02:05:21,435 [Thread-4328] INFO  server.RaftServer$Division (RaftServerImpl.java:setRole(284)) - c7780af0-0f31-4130-b62a-7061a7bbaf6d@group-1166AD7308EA: changes role from  FOLLOWER to CANDIDATE at term 0 for changeToCandidate
2021-03-08 02:05:21,436 [Thread-4328] INFO  server.RaftServerConfigKeys (ConfUtils.java:logGet(44)) - raft.server.leaderelection.pre-vote = false (custom)
2021-03-08 02:05:21,436 [Thread-4328] INFO  impl.RoleInfo (RoleInfo.java:updateAndGet(130)) - c7780af0-0f31-4130-b62a-7061a7bbaf6d: start c7780af0-0f31-4130-b62a-7061a7bbaf6d@group-1166AD7308EA-LeaderElection192
2021-03-08 02:05:21,439 [c7780af0-0f31-4130-b62a-7061a7bbaf6d@group-1166AD7308EA-LeaderElection192] INFO  impl.LeaderElection (LeaderElection.java:askForVotes(307)) - c7780af0-0f31-4130-b62a-7061a7bbaf6d@group-1166AD7308EA-LeaderElection192 ELECTION round 0: submit vote requests at term 1 for -1: [c7780af0-0f31-4130-b62a-7061a7bbaf6d|rpc:172.17.0.2:40671|priority:1], old=null
2021-03-08 02:05:21,439 [c7780af0-0f31-4130-b62a-7061a7bbaf6d@group-1166AD7308EA-LeaderElection192] INFO  impl.LeaderElection (LeaderElection.java:askForVotes(309)) - c7780af0-0f31-4130-b62a-7061a7bbaf6d@group-1166AD7308EA-LeaderElection192 ELECTION round 0: result PASSED (term=1)
2021-03-08 02:05:21,439 [c7780af0-0f31-4130-b62a-7061a7bbaf6d@group-1166AD7308EA-LeaderElection192] INFO  impl.RoleInfo (RoleInfo.java:shutdownLeaderElection(121)) - c7780af0-0f31-4130-b62a-7061a7bbaf6d: shutdown c7780af0-0f31-4130-b62a-7061a7bbaf6d@group-1166AD7308EA-LeaderElection192
2021-03-08 02:05:21,439 [c7780af0-0f31-4130-b62a-7061a7bbaf6d@group-1166AD7308EA-LeaderElection192] INFO  server.RaftServer$Division (RaftServerImpl.java:setRole(284)) - c7780af0-0f31-4130-b62a-7061a7bbaf6d@group-1166AD7308EA: changes role from CANDIDATE to LEADER at term 1 for changeToLeader
2021-03-08 02:05:21,439 [c7780af0-0f31-4130-b62a-7061a7bbaf6d@group-1166AD7308EA-LeaderElection192] INFO  ratis.XceiverServerRatis (XceiverServerRatis.java:handleLeaderChangedNotification(899)) - Leader change notification received for group: group-1166AD7308EA with new leaderId: c7780af0-0f31-4130-b62a-7061a7bbaf6d
2021-03-08 02:05:21,439 [c7780af0-0f31-4130-b62a-7061a7bbaf6d@group-1166AD7308EA-LeaderElection192] INFO  server.RaftServer$Division (ServerState.java:setLeader(271)) - c7780af0-0f31-4130-b62a-7061a7bbaf6d@group-1166AD7308EA: change Leader from null to c7780af0-0f31-4130-b62a-7061a7bbaf6d at term 1 for becomeLeader, leader elected after 5103ms
2021-03-08 02:05:21,439 [c7780af0-0f31-4130-b62a-7061a7bbaf6d@group-1166AD7308EA-LeaderElection192] INFO  server.RaftServerConfigKeys (ConfUtils.java:logGet(44)) - raft.server.staging.catchup.gap = 1000 (default)
2021-03-08 02:05:21,439 [c7780af0-0f31-4130-b62a-7061a7bbaf6d@group-1166AD7308EA-LeaderElection192] INFO  metrics.RatisMetrics (RatisMetrics.java:lambda$create$0(36)) - Creating Metrics Registry : ratis.log_appender.c7780af0-0f31-4130-b62a-7061a7bbaf6d@group-1166AD7308EA
2021-03-08 02:05:21,440 [c7780af0-0f31-4130-b62a-7061a7bbaf6d@group-1166AD7308EA-LeaderElection192] INFO  server.RaftServerConfigKeys (ConfUtils.java:logGet(44)) - raft.server.write.element-limit = 1024 (custom)
2021-03-08 02:05:21,440 [c7780af0-0f31-4130-b62a-7061a7bbaf6d@group-1166AD7308EA-LeaderElection192] INFO  server.RaftServerConfigKeys (ConfUtils.java:logGet(44)) - raft.server.write.byte-limit = 1073741824 (custom)
2021-03-08 02:05:21,440 [c7780af0-0f31-4130-b62a-7061a7bbaf6d@group-1166AD7308EA-LeaderElection192] INFO  server.RaftServerConfigKeys (ConfUtils.java:logGet(44)) - raft.server.watch.timeout = 3000ms (custom)
2021-03-08 02:05:21,440 [c7780af0-0f31-4130-b62a-7061a7bbaf6d@group-1166AD7308EA-LeaderElection192] INFO  server.RaftServerConfigKeys (ConfUtils.java:logGet(44)) - raft.server.watch.timeout.denomination = 1s (default)
2021-03-08 02:05:21,441 [c7780af0-0f31-4130-b62a-7061a7bbaf6d@group-1166AD7308EA-LeaderElection192] INFO  server.RaftServerConfigKeys (ConfUtils.java:logGet(44)) - raft.server.watch.element-limit = 65536 (default)
2021-03-08 02:05:21,441 [c7780af0-0f31-4130-b62a-7061a7bbaf6d@group-1166AD7308EA-LeaderElection192] INFO  impl.RoleInfo (RoleInfo.java:updateAndGet(130)) - c7780af0-0f31-4130-b62a-7061a7bbaf6d: start c7780af0-0f31-4130-b62a-7061a7bbaf6d@group-1166AD7308EA-LeaderStateImpl
2021-03-08 02:05:21,441 [c7780af0-0f31-4130-b62a-7061a7bbaf6d@group-1166AD7308EA-LeaderElection192] INFO  segmented.SegmentedRaftLogWorker (SegmentedRaftLogWorker.java:startLogSegment(392)) - c7780af0-0f31-4130-b62a-7061a7bbaf6d@group-1166AD7308EA-SegmentedRaftLogWorker: Starting segment from index:0
2021-03-08 02:05:21,443 [c7780af0-0f31-4130-b62a-7061a7bbaf6d@group-1166AD7308EA-LeaderElection192] INFO  server.RaftServer$Division (ServerState.java:setRaftConf(373)) - c7780af0-0f31-4130-b62a-7061a7bbaf6d@group-1166AD7308EA: set configuration 0: [c7780af0-0f31-4130-b62a-7061a7bbaf6d|rpc:172.17.0.2:40671|dataStream:|priority:1], old=null
2021-03-08 02:05:21,443 [c7780af0-0f31-4130-b62a-7061a7bbaf6d@group-1166AD7308EA-SegmentedRaftLogWorker] INFO  segmented.SegmentedRaftLogWorker (SegmentedRaftLogWorker.java:execute(599)) - c7780af0-0f31-4130-b62a-7061a7bbaf6d@group-1166AD7308EA-SegmentedRaftLogWorker: created new log segment /github/workspace/mnt/ozone/hadoop-ozone/integration-test/target/test-dir/MiniOzoneClusterImpl-ccaa8949-4e5a-4858-a1f5-413699190f1a/datanode-5/data/ratis/6175961a-5b26-4108-818d-1166ad7308ea/current/log_inprogress_0
2021-03-08 02:05:21,670 [Thread-4330] INFO  impl.FollowerState (FollowerState.java:run(133)) - 9a3b0351-70a0-45b7-a452-2291c7779c75@group-25897E85E036-FollowerState: change to CANDIDATE, lastRpcElapsedTime:5110426216ns, electionTimeout:5110ms
2021-03-08 02:05:21,671 [Thread-4330] INFO  impl.RoleInfo (RoleInfo.java:shutdownFollowerState(108)) - 9a3b0351-70a0-45b7-a452-2291c7779c75: shutdown 9a3b0351-70a0-45b7-a452-2291c7779c75@group-25897E85E036-FollowerState
2021-03-08 02:05:21,671 [Thread-4330] INFO  server.RaftServer$Division (RaftServerImpl.java:setRole(284)) - 9a3b0351-70a0-45b7-a452-2291c7779c75@group-25897E85E036: changes role from  FOLLOWER to CANDIDATE at term 0 for changeToCandidate
2021-03-08 02:05:21,672 [Thread-4330] INFO  server.RaftServerConfigKeys (ConfUtils.java:logGet(44)) - raft.server.leaderelection.pre-vote = false (custom)
2021-03-08 02:05:21,672 [Thread-4330] INFO  impl.RoleInfo (RoleInfo.java:updateAndGet(130)) - 9a3b0351-70a0-45b7-a452-2291c7779c75: start 9a3b0351-70a0-45b7-a452-2291c7779c75@group-25897E85E036-LeaderElection193
2021-03-08 02:05:21,675 [9a3b0351-70a0-45b7-a452-2291c7779c75@group-25897E85E036-LeaderElection193] INFO  impl.LeaderElection (LeaderElection.java:askForVotes(307)) - 9a3b0351-70a0-45b7-a452-2291c7779c75@group-25897E85E036-LeaderElection193 ELECTION round 0: submit vote requests at term 1 for -1: [9a3b0351-70a0-45b7-a452-2291c7779c75|rpc:172.17.0.2:33437|priority:1], old=null
2021-03-08 02:05:21,675 [9a3b0351-70a0-45b7-a452-2291c7779c75@group-25897E85E036-LeaderElection193] INFO  impl.LeaderElection (LeaderElection.java:askForVotes(309)) - 9a3b0351-70a0-45b7-a452-2291c7779c75@group-25897E85E036-LeaderElection193 ELECTION round 0: result PASSED (term=1)
2021-03-08 02:05:21,675 [9a3b0351-70a0-45b7-a452-2291c7779c75@group-25897E85E036-LeaderElection193] INFO  impl.RoleInfo (RoleInfo.java:shutdownLeaderElection(121)) - 9a3b0351-70a0-45b7-a452-2291c7779c75: shutdown 9a3b0351-70a0-45b7-a452-2291c7779c75@group-25897E85E036-LeaderElection193
2021-03-08 02:05:21,675 [9a3b0351-70a0-45b7-a452-2291c7779c75@group-25897E85E036-LeaderElection193] INFO  server.RaftServer$Division (RaftServerImpl.java:setRole(284)) - 9a3b0351-70a0-45b7-a452-2291c7779c75@group-25897E85E036: changes role from CANDIDATE to LEADER at term 1 for changeToLeader
2021-03-08 02:05:21,675 [9a3b0351-70a0-45b7-a452-2291c7779c75@group-25897E85E036-LeaderElection193] INFO  ratis.XceiverServerRatis (XceiverServerRatis.java:handleLeaderChangedNotification(899)) - Leader change notification received for group: group-25897E85E036 with new leaderId: 9a3b0351-70a0-45b7-a452-2291c7779c75
2021-03-08 02:05:21,676 [9a3b0351-70a0-45b7-a452-2291c7779c75@group-25897E85E036-LeaderElection193] INFO  server.RaftServer$Division (ServerState.java:setLeader(271)) - 9a3b0351-70a0-45b7-a452-2291c7779c75@group-25897E85E036: change Leader from null to 9a3b0351-70a0-45b7-a452-2291c7779c75 at term 1 for becomeLeader, leader elected after 5125ms
2021-03-08 02:05:21,676 [9a3b0351-70a0-45b7-a452-2291c7779c75@group-25897E85E036-LeaderElection193] INFO  server.RaftServerConfigKeys (ConfUtils.java:logGet(44)) - raft.server.staging.catchup.gap = 1000 (default)
2021-03-08 02:05:21,676 [9a3b0351-70a0-45b7-a452-2291c7779c75@group-25897E85E036-LeaderElection193] INFO  metrics.RatisMetrics (RatisMetrics.java:lambda$create$0(36)) - Creating Metrics Registry : ratis.log_appender.9a3b0351-70a0-45b7-a452-2291c7779c75@group-25897E85E036
2021-03-08 02:05:21,676 [9a3b0351-70a0-45b7-a452-2291c7779c75@group-25897E85E036-LeaderElection193] INFO  server.RaftServerConfigKeys (ConfUtils.java:logGet(44)) - raft.server.write.element-limit = 1024 (custom)
2021-03-08 02:05:21,676 [9a3b0351-70a0-45b7-a452-2291c7779c75@group-25897E85E036-LeaderElection193] INFO  server.RaftServerConfigKeys (ConfUtils.java:logGet(44)) - raft.server.write.byte-limit = 1073741824 (custom)
2021-03-08 02:05:21,677 [9a3b0351-70a0-45b7-a452-2291c7779c75@group-25897E85E036-LeaderElection193] INFO  server.RaftServerConfigKeys (ConfUtils.java:logGet(44)) - raft.server.watch.timeout = 3000ms (custom)
2021-03-08 02:05:21,677 [9a3b0351-70a0-45b7-a452-2291c7779c75@group-25897E85E036-LeaderElection193] INFO  server.RaftServerConfigKeys (ConfUtils.java:logGet(44)) - raft.server.watch.timeout.denomination = 1s (default)
2021-03-08 02:05:21,677 [9a3b0351-70a0-45b7-a452-2291c7779c75@group-25897E85E036-LeaderElection193] INFO  server.RaftServerConfigKeys (ConfUtils.java:logGet(44)) - raft.server.watch.element-limit = 65536 (default)
2021-03-08 02:05:21,678 [9a3b0351-70a0-45b7-a452-2291c7779c75@group-25897E85E036-LeaderElection193] INFO  impl.RoleInfo (RoleInfo.java:updateAndGet(130)) - 9a3b0351-70a0-45b7-a452-2291c7779c75: start 9a3b0351-70a0-45b7-a452-2291c7779c75@group-25897E85E036-LeaderStateImpl
2021-03-08 02:05:21,678 [9a3b0351-70a0-45b7-a452-2291c7779c75@group-25897E85E036-LeaderElection193] INFO  segmented.SegmentedRaftLogWorker (SegmentedRaftLogWorker.java:startLogSegment(392)) - 9a3b0351-70a0-45b7-a452-2291c7779c75@group-25897E85E036-SegmentedRaftLogWorker: Starting segment from index:0
2021-03-08 02:05:21,679 [9a3b0351-70a0-45b7-a452-2291c7779c75@group-25897E85E036-LeaderElection193] INFO  server.RaftServer$Division (ServerState.java:setRaftConf(373)) - 9a3b0351-70a0-45b7-a452-2291c7779c75@group-25897E85E036: set configuration 0: [9a3b0351-70a0-45b7-a452-2291c7779c75|rpc:172.17.0.2:33437|dataStream:|priority:1], old=null
2021-03-08 02:05:21,687 [9a3b0351-70a0-45b7-a452-2291c7779c75@group-25897E85E036-SegmentedRaftLogWorker] INFO  segmented.SegmentedRaftLogWorker (SegmentedRaftLogWorker.java:execute(599)) - 9a3b0351-70a0-45b7-a452-2291c7779c75@group-25897E85E036-SegmentedRaftLogWorker: created new log segment /github/workspace/mnt/ozone/hadoop-ozone/integration-test/target/test-dir/MiniOzoneClusterImpl-ccaa8949-4e5a-4858-a1f5-413699190f1a/datanode-6/data/ratis/cc114c7c-51d5-4e17-8528-25897e85e036/current/log_inprogress_0
2021-03-08 02:05:23,424 [EventQueue-Delayed safe mode statusForReplicationManager] INFO  container.ReplicationManager (ReplicationManager.java:start(186)) - Starting Replication Monitor Thread.
2021-03-08 02:05:23,425 [ReplicationMonitor] INFO  container.ReplicationManager (ReplicationManager.java:run(250)) - Replication Monitor Thread took 0 milliseconds for processing 1 containers.
2021-03-08 02:05:25,402 [Thread-4336] INFO  impl.FollowerState (FollowerState.java:run(133)) - bc98b27f-878f-4dad-a502-417d70977e4e@group-5CA67261F62C-FollowerState: change to CANDIDATE, lastRpcElapsedTime:5027661306ns, electionTimeout:5026ms
2021-03-08 02:05:25,402 [Thread-4336] INFO  impl.RoleInfo (RoleInfo.java:shutdownFollowerState(108)) - bc98b27f-878f-4dad-a502-417d70977e4e: shutdown bc98b27f-878f-4dad-a502-417d70977e4e@group-5CA67261F62C-FollowerState
2021-03-08 02:05:25,402 [Thread-4336] INFO  server.RaftServer$Division (RaftServerImpl.java:setRole(284)) - bc98b27f-878f-4dad-a502-417d70977e4e@group-5CA67261F62C: changes role from  FOLLOWER to CANDIDATE at term 1 for changeToCandidate
2021-03-08 02:05:25,402 [Thread-4336] INFO  server.RaftServerConfigKeys (ConfUtils.java:logGet(44)) - raft.server.leaderelection.pre-vote = false (custom)
2021-03-08 02:05:25,402 [Thread-4336] INFO  impl.RoleInfo (RoleInfo.java:updateAndGet(130)) - bc98b27f-878f-4dad-a502-417d70977e4e: start bc98b27f-878f-4dad-a502-417d70977e4e@group-5CA67261F62C-LeaderElection194
2021-03-08 02:05:25,404 [bc98b27f-878f-4dad-a502-417d70977e4e@group-5CA67261F62C-LeaderElection194] INFO  impl.LeaderElection (LeaderElection.java:askForVotes(307)) - bc98b27f-878f-4dad-a502-417d70977e4e@group-5CA67261F62C-LeaderElection194 ELECTION round 0: submit vote requests at term 2 for -1: [6ba9ab1d-3af3-415d-b63e-d033c6891994|rpc:172.17.0.2:33141|dataStream:|priority:0, bc98b27f-878f-4dad-a502-417d70977e4e|rpc:172.17.0.2:44359|dataStream:|priority:1, 92084499-c42d-4e9c-90ed-faecbf58ca46|rpc:172.17.0.2:44599|dataStream:|priority:0], old=null
2021-03-08 02:05:25,408 [grpc-default-executor-6] INFO  server.RaftServer$Division (RaftServerImpl.java:requestVote(1025)) - 6ba9ab1d-3af3-415d-b63e-d033c6891994@group-5CA67261F62C: receive requestVote(ELECTION, bc98b27f-878f-4dad-a502-417d70977e4e, group-5CA67261F62C, 2, (t:0, i:0))
2021-03-08 02:05:25,408 [grpc-default-executor-6] INFO  impl.VoteContext (VoteContext.java:log(48)) - 6ba9ab1d-3af3-415d-b63e-d033c6891994@group-5CA67261F62C-FOLLOWER: accept ELECTION from bc98b27f-878f-4dad-a502-417d70977e4e: our priority 0 <= candidate's priority 1
2021-03-08 02:05:25,409 [grpc-default-executor-6] INFO  server.RaftServer$Division (RaftServerImpl.java:setRole(284)) - 6ba9ab1d-3af3-415d-b63e-d033c6891994@group-5CA67261F62C: changes role from  FOLLOWER to FOLLOWER at term 2 for candidate:bc98b27f-878f-4dad-a502-417d70977e4e
2021-03-08 02:05:25,409 [grpc-default-executor-6] INFO  impl.RoleInfo (RoleInfo.java:shutdownFollowerState(108)) - 6ba9ab1d-3af3-415d-b63e-d033c6891994: shutdown 6ba9ab1d-3af3-415d-b63e-d033c6891994@group-5CA67261F62C-FollowerState
2021-03-08 02:05:25,409 [grpc-default-executor-6] INFO  impl.RoleInfo (RoleInfo.java:updateAndGet(130)) - 6ba9ab1d-3af3-415d-b63e-d033c6891994: start 6ba9ab1d-3af3-415d-b63e-d033c6891994@group-5CA67261F62C-FollowerState
2021-03-08 02:05:25,409 [Thread-4337] INFO  impl.FollowerState (FollowerState.java:run(142)) - 6ba9ab1d-3af3-415d-b63e-d033c6891994@group-5CA67261F62C-FollowerState was interrupted: {}
java.lang.InterruptedException: sleep interrupted
	at java.lang.Thread.sleep(Native Method)
	at java.lang.Thread.sleep(Thread.java:340)
	at java.util.concurrent.TimeUnit.sleep(TimeUnit.java:386)
	at org.apache.ratis.util.TimeDuration.sleep(TimeDuration.java:324)
	at org.apache.ratis.util.TimeDuration.sleep(TimeDuration.java:309)
	at org.apache.ratis.server.impl.FollowerState.run(FollowerState.java:117)
2021-03-08 02:05:25,416 [grpc-default-executor-6] INFO  server.RaftServer$Division (RaftServerImpl.java:requestVote(1057)) - 6ba9ab1d-3af3-415d-b63e-d033c6891994@group-5CA67261F62C replies to ELECTION vote request: bc98b27f-878f-4dad-a502-417d70977e4e<-6ba9ab1d-3af3-415d-b63e-d033c6891994#0:OK-t2. Peer's state: 6ba9ab1d-3af3-415d-b63e-d033c6891994@group-5CA67261F62C:t2, leader=null, voted=bc98b27f-878f-4dad-a502-417d70977e4e, raftlog=6ba9ab1d-3af3-415d-b63e-d033c6891994@group-5CA67261F62C-SegmentedRaftLog:OPENED:c-1,f-1,i0, conf=-1: [6ba9ab1d-3af3-415d-b63e-d033c6891994|rpc:172.17.0.2:33141|dataStream:|priority:0, bc98b27f-878f-4dad-a502-417d70977e4e|rpc:172.17.0.2:44359|dataStream:|priority:1, 92084499-c42d-4e9c-90ed-faecbf58ca46|rpc:172.17.0.2:44599|dataStream:|priority:0], old=null
2021-03-08 02:05:25,417 [bc98b27f-878f-4dad-a502-417d70977e4e@group-5CA67261F62C-LeaderElection194] INFO  impl.LeaderElection (LeaderElection.java:logAndReturn(89)) - bc98b27f-878f-4dad-a502-417d70977e4e@group-5CA67261F62C-LeaderElection194: ELECTION PASSED received 1 response(s) and 0 exception(s):
2021-03-08 02:05:25,417 [bc98b27f-878f-4dad-a502-417d70977e4e@group-5CA67261F62C-LeaderElection194] INFO  impl.LeaderElection (LeaderElection.java:logAndReturn(93)) -   Response 0: bc98b27f-878f-4dad-a502-417d70977e4e<-6ba9ab1d-3af3-415d-b63e-d033c6891994#0:OK-t2
2021-03-08 02:05:25,417 [bc98b27f-878f-4dad-a502-417d70977e4e@group-5CA67261F62C-LeaderElection194] INFO  impl.LeaderElection (LeaderElection.java:askForVotes(309)) - bc98b27f-878f-4dad-a502-417d70977e4e@group-5CA67261F62C-LeaderElection194 ELECTION round 0: result PASSED
2021-03-08 02:05:25,417 [bc98b27f-878f-4dad-a502-417d70977e4e@group-5CA67261F62C-LeaderElection194] INFO  impl.RoleInfo (RoleInfo.java:shutdownLeaderElection(121)) - bc98b27f-878f-4dad-a502-417d70977e4e: shutdown bc98b27f-878f-4dad-a502-417d70977e4e@group-5CA67261F62C-LeaderElection194
2021-03-08 02:05:25,417 [bc98b27f-878f-4dad-a502-417d70977e4e@group-5CA67261F62C-LeaderElection194] INFO  server.RaftServer$Division (RaftServerImpl.java:setRole(284)) - bc98b27f-878f-4dad-a502-417d70977e4e@group-5CA67261F62C: changes role from CANDIDATE to LEADER at term 2 for changeToLeader
2021-03-08 02:05:25,417 [bc98b27f-878f-4dad-a502-417d70977e4e@group-5CA67261F62C-LeaderElection194] INFO  ratis.XceiverServerRatis (XceiverServerRatis.java:handleLeaderChangedNotification(899)) - Leader change notification received for group: group-5CA67261F62C with new leaderId: bc98b27f-878f-4dad-a502-417d70977e4e
2021-03-08 02:05:25,417 [bc98b27f-878f-4dad-a502-417d70977e4e@group-5CA67261F62C-LeaderElection194] INFO  server.RaftServer$Division (ServerState.java:setLeader(271)) - bc98b27f-878f-4dad-a502-417d70977e4e@group-5CA67261F62C: change Leader from null to bc98b27f-878f-4dad-a502-417d70977e4e at term 2 for becomeLeader, leader elected after 10088ms
2021-03-08 02:05:25,417 [bc98b27f-878f-4dad-a502-417d70977e4e@group-5CA67261F62C-LeaderElection194] INFO  server.RaftServerConfigKeys (ConfUtils.java:logGet(44)) - raft.server.staging.catchup.gap = 1000 (default)
2021-03-08 02:05:25,417 [bc98b27f-878f-4dad-a502-417d70977e4e@group-5CA67261F62C-LeaderElection194] INFO  metrics.RatisMetrics (RatisMetrics.java:lambda$create$0(36)) - Creating Metrics Registry : ratis.log_appender.bc98b27f-878f-4dad-a502-417d70977e4e@group-5CA67261F62C
2021-03-08 02:05:25,417 [bc98b27f-878f-4dad-a502-417d70977e4e@group-5CA67261F62C-LeaderElection194] INFO  server.RaftServerConfigKeys (ConfUtils.java:logGet(44)) - raft.server.write.element-limit = 1024 (custom)
2021-03-08 02:05:25,417 [bc98b27f-878f-4dad-a502-417d70977e4e@group-5CA67261F62C-LeaderElection194] INFO  server.RaftServerConfigKeys (ConfUtils.java:logGet(44)) - raft.server.write.byte-limit = 1073741824 (custom)
2021-03-08 02:05:25,418 [bc98b27f-878f-4dad-a502-417d70977e4e@group-5CA67261F62C-LeaderElection194] INFO  server.RaftServerConfigKeys (ConfUtils.java:logGet(44)) - raft.server.watch.timeout = 3000ms (custom)
2021-03-08 02:05:25,418 [bc98b27f-878f-4dad-a502-417d70977e4e@group-5CA67261F62C-LeaderElection194] INFO  server.RaftServerConfigKeys (ConfUtils.java:logGet(44)) - raft.server.watch.timeout.denomination = 1s (default)
2021-03-08 02:05:25,418 [bc98b27f-878f-4dad-a502-417d70977e4e@group-5CA67261F62C-LeaderElection194] INFO  server.RaftServerConfigKeys (ConfUtils.java:logGet(44)) - raft.server.watch.element-limit = 65536 (default)
2021-03-08 02:05:25,418 [bc98b27f-878f-4dad-a502-417d70977e4e@group-5CA67261F62C-LeaderElection194] INFO  server.RaftServerConfigKeys (ConfUtils.java:logGet(44)) - raft.server.log.appender.snapshot.chunk.size.max = 16MB (=16777216) (default)
2021-03-08 02:05:25,418 [bc98b27f-878f-4dad-a502-417d70977e4e@group-5CA67261F62C-LeaderElection194] INFO  server.RaftServerConfigKeys (ConfUtils.java:logGet(44)) - raft.server.log.appender.buffer.byte-limit = 33554432 (custom)
2021-03-08 02:05:25,418 [bc98b27f-878f-4dad-a502-417d70977e4e@group-5CA67261F62C-LeaderElection194] INFO  server.RaftServerConfigKeys (ConfUtils.java:logGet(44)) - raft.server.log.appender.buffer.element-limit = 1 (custom)
2021-03-08 02:05:25,419 [bc98b27f-878f-4dad-a502-417d70977e4e@group-5CA67261F62C-LeaderElection194] INFO  grpc.GrpcConfigKeys (ConfUtils.java:logGet(44)) - raft.grpc.server.leader.outstanding.appends.max = 128 (default)
2021-03-08 02:05:25,419 [bc98b27f-878f-4dad-a502-417d70977e4e@group-5CA67261F62C-LeaderElection194] INFO  server.RaftServerConfigKeys (ConfUtils.java:logGet(44)) - raft.server.rpc.request.timeout = 3000ms (default)
2021-03-08 02:05:25,419 [bc98b27f-878f-4dad-a502-417d70977e4e@group-5CA67261F62C-LeaderElection194] INFO  server.RaftServerConfigKeys (ConfUtils.java:logGet(44)) - raft.server.log.appender.install.snapshot.enabled = false (custom)
2021-03-08 02:05:25,419 [bc98b27f-878f-4dad-a502-417d70977e4e@group-5CA67261F62C-LeaderElection194] INFO  metrics.RatisMetrics (RatisMetrics.java:lambda$create$0(36)) - Creating Metrics Registry : ratis_grpc.log_appender.bc98b27f-878f-4dad-a502-417d70977e4e@group-5CA67261F62C
2021-03-08 02:05:25,421 [EventQueue-PipelineReportForPipelineReportHandler] INFO  pipeline.PipelineStateManager (PipelineStateManager.java:openPipeline(132)) - Pipeline Pipeline[ Id: fe419e3b-18d5-4c91-9f2d-5ca67261f62c, Nodes: 92084499-c42d-4e9c-90ed-faecbf58ca46{ip: 172.17.0.2, host: 55665278a03a, ports: [REPLICATION=38411, RATIS=44599, RATIS_ADMIN=44599, RATIS_SERVER=44599, STANDALONE=46429], networkLocation: /default-rack, certSerialId: null, persistedOpState: IN_SERVICE, persistedOpStateExpiryEpochSec: 0}6ba9ab1d-3af3-415d-b63e-d033c6891994{ip: 172.17.0.2, host: 55665278a03a, ports: [REPLICATION=35637, RATIS=33141, RATIS_ADMIN=33141, RATIS_SERVER=33141, STANDALONE=38047], networkLocation: /default-rack, certSerialId: null, persistedOpState: IN_SERVICE, persistedOpStateExpiryEpochSec: 0}bc98b27f-878f-4dad-a502-417d70977e4e{ip: 172.17.0.2, host: 55665278a03a, ports: [REPLICATION=42419, RATIS=44359, RATIS_ADMIN=44359, RATIS_SERVER=44359, STANDALONE=33229], networkLocation: /default-rack, certSerialId: null, persistedOpState: IN_SERVICE, persistedOpStateExpiryEpochSec: 0}, Type:RATIS, Factor:THREE, State:ALLOCATED, leaderId:bc98b27f-878f-4dad-a502-417d70977e4e, CreationTimestamp2021-03-08T02:05:12.679Z] moved to OPEN state
2021-03-08 02:05:25,422 [grpc-default-executor-6] INFO  server.RaftServer$Division (RaftServerImpl.java:requestVote(1025)) - 92084499-c42d-4e9c-90ed-faecbf58ca46@group-5CA67261F62C: receive requestVote(ELECTION, bc98b27f-878f-4dad-a502-417d70977e4e, group-5CA67261F62C, 2, (t:0, i:0))
2021-03-08 02:05:25,423 [grpc-default-executor-6] INFO  impl.VoteContext (VoteContext.java:log(48)) - 92084499-c42d-4e9c-90ed-faecbf58ca46@group-5CA67261F62C-FOLLOWER: accept ELECTION from bc98b27f-878f-4dad-a502-417d70977e4e: our priority 0 <= candidate's priority 1
2021-03-08 02:05:25,423 [grpc-default-executor-6] INFO  server.RaftServer$Division (RaftServerImpl.java:setRole(284)) - 92084499-c42d-4e9c-90ed-faecbf58ca46@group-5CA67261F62C: changes role from  FOLLOWER to FOLLOWER at term 2 for candidate:bc98b27f-878f-4dad-a502-417d70977e4e
2021-03-08 02:05:25,423 [grpc-default-executor-6] INFO  impl.RoleInfo (RoleInfo.java:shutdownFollowerState(108)) - 92084499-c42d-4e9c-90ed-faecbf58ca46: shutdown 92084499-c42d-4e9c-90ed-faecbf58ca46@group-5CA67261F62C-FollowerState
2021-03-08 02:05:25,423 [grpc-default-executor-6] INFO  impl.RoleInfo (RoleInfo.java:updateAndGet(130)) - 92084499-c42d-4e9c-90ed-faecbf58ca46: start 92084499-c42d-4e9c-90ed-faecbf58ca46@group-5CA67261F62C-FollowerState
2021-03-08 02:05:25,423 [Thread-4338] INFO  impl.FollowerState (FollowerState.java:run(142)) - 92084499-c42d-4e9c-90ed-faecbf58ca46@group-5CA67261F62C-FollowerState was interrupted: {}
java.lang.InterruptedException: sleep interrupted
	at java.lang.Thread.sleep(Native Method)
	at java.lang.Thread.sleep(Thread.java:340)
	at java.util.concurrent.TimeUnit.sleep(TimeUnit.java:386)
	at org.apache.ratis.util.TimeDuration.sleep(TimeDuration.java:324)
	at org.apache.ratis.util.TimeDuration.sleep(TimeDuration.java:309)
	at org.apache.ratis.server.impl.FollowerState.run(FollowerState.java:117)
2021-03-08 02:05:25,424 [bc98b27f-878f-4dad-a502-417d70977e4e@group-5CA67261F62C-LeaderElection194] INFO  server.RaftServerConfigKeys (ConfUtils.java:logGet(44)) - raft.server.log.appender.snapshot.chunk.size.max = 16MB (=16777216) (default)
2021-03-08 02:05:25,424 [bc98b27f-878f-4dad-a502-417d70977e4e@group-5CA67261F62C-LeaderElection194] INFO  server.RaftServerConfigKeys (ConfUtils.java:logGet(44)) - raft.server.log.appender.buffer.byte-limit = 33554432 (custom)
2021-03-08 02:05:25,424 [bc98b27f-878f-4dad-a502-417d70977e4e@group-5CA67261F62C-LeaderElection194] INFO  server.RaftServerConfigKeys (ConfUtils.java:logGet(44)) - raft.server.log.appender.buffer.element-limit = 1 (custom)
2021-03-08 02:05:25,424 [bc98b27f-878f-4dad-a502-417d70977e4e@group-5CA67261F62C-LeaderElection194] INFO  grpc.GrpcConfigKeys (ConfUtils.java:logGet(44)) - raft.grpc.server.leader.outstanding.appends.max = 128 (default)
2021-03-08 02:05:25,425 [bc98b27f-878f-4dad-a502-417d70977e4e@group-5CA67261F62C-LeaderElection194] INFO  server.RaftServerConfigKeys (ConfUtils.java:logGet(44)) - raft.server.rpc.request.timeout = 3000ms (default)
2021-03-08 02:05:25,425 [bc98b27f-878f-4dad-a502-417d70977e4e@group-5CA67261F62C-LeaderElection194] INFO  server.RaftServerConfigKeys (ConfUtils.java:logGet(44)) - raft.server.log.appender.install.snapshot.enabled = false (custom)
2021-03-08 02:05:25,426 [grpc-default-executor-6] INFO  server.RaftServer$Division (RaftServerImpl.java:requestVote(1057)) - 92084499-c42d-4e9c-90ed-faecbf58ca46@group-5CA67261F62C replies to ELECTION vote request: bc98b27f-878f-4dad-a502-417d70977e4e<-92084499-c42d-4e9c-90ed-faecbf58ca46#0:OK-t2. Peer's state: 92084499-c42d-4e9c-90ed-faecbf58ca46@group-5CA67261F62C:t2, leader=null, voted=bc98b27f-878f-4dad-a502-417d70977e4e, raftlog=92084499-c42d-4e9c-90ed-faecbf58ca46@group-5CA67261F62C-SegmentedRaftLog:OPENED:c-1,f-1,i0, conf=-1: [6ba9ab1d-3af3-415d-b63e-d033c6891994|rpc:172.17.0.2:33141|priority:0, bc98b27f-878f-4dad-a502-417d70977e4e|rpc:172.17.0.2:44359|priority:1, 92084499-c42d-4e9c-90ed-faecbf58ca46|rpc:172.17.0.2:44599|priority:0], old=null
2021-03-08 02:05:25,427 [bc98b27f-878f-4dad-a502-417d70977e4e@group-5CA67261F62C-LeaderElection194] INFO  impl.RoleInfo (RoleInfo.java:updateAndGet(130)) - bc98b27f-878f-4dad-a502-417d70977e4e: start bc98b27f-878f-4dad-a502-417d70977e4e@group-5CA67261F62C-LeaderStateImpl
2021-03-08 02:05:25,428 [bc98b27f-878f-4dad-a502-417d70977e4e@group-5CA67261F62C-LeaderElection194] INFO  segmented.SegmentedRaftLogWorker (SegmentedRaftLogWorker.java:startLogSegment(392)) - bc98b27f-878f-4dad-a502-417d70977e4e@group-5CA67261F62C-SegmentedRaftLogWorker: Starting segment from index:0
2021-03-08 02:05:25,435 [bc98b27f-878f-4dad-a502-417d70977e4e@group-5CA67261F62C-LeaderElection194] INFO  server.RaftServer$Division (ServerState.java:setRaftConf(373)) - bc98b27f-878f-4dad-a502-417d70977e4e@group-5CA67261F62C: set configuration 0: [6ba9ab1d-3af3-415d-b63e-d033c6891994|rpc:172.17.0.2:33141|dataStream:|priority:0, bc98b27f-878f-4dad-a502-417d70977e4e|rpc:172.17.0.2:44359|dataStream:|priority:1, 92084499-c42d-4e9c-90ed-faecbf58ca46|rpc:172.17.0.2:44599|dataStream:|priority:0], old=null
2021-03-08 02:05:25,435 [bc98b27f-878f-4dad-a502-417d70977e4e@group-5CA67261F62C-SegmentedRaftLogWorker] INFO  segmented.SegmentedRaftLogWorker (SegmentedRaftLogWorker.java:execute(599)) - bc98b27f-878f-4dad-a502-417d70977e4e@group-5CA67261F62C-SegmentedRaftLogWorker: created new log segment /github/workspace/mnt/ozone/hadoop-ozone/integration-test/target/test-dir/MiniOzoneClusterImpl-ccaa8949-4e5a-4858-a1f5-413699190f1a/datanode-2/data/ratis/fe419e3b-18d5-4c91-9f2d-5ca67261f62c/current/log_inprogress_0
2021-03-08 02:05:25,442 [grpc-default-executor-3] INFO  ratis.XceiverServerRatis (XceiverServerRatis.java:handleLeaderChangedNotification(899)) - Leader change notification received for group: group-5CA67261F62C with new leaderId: bc98b27f-878f-4dad-a502-417d70977e4e
2021-03-08 02:05:25,442 [grpc-default-executor-3] INFO  server.RaftServer$Division (ServerState.java:setLeader(271)) - 92084499-c42d-4e9c-90ed-faecbf58ca46@group-5CA67261F62C: change Leader from null to bc98b27f-878f-4dad-a502-417d70977e4e at term 2 for appendEntries, leader elected after 10167ms
2021-03-08 02:05:25,448 [grpc-default-executor-7] INFO  ratis.XceiverServerRatis (XceiverServerRatis.java:handleLeaderChangedNotification(899)) - Leader change notification received for group: group-5CA67261F62C with new leaderId: bc98b27f-878f-4dad-a502-417d70977e4e
2021-03-08 02:05:25,449 [grpc-default-executor-7] INFO  server.RaftServer$Division (ServerState.java:setLeader(271)) - 6ba9ab1d-3af3-415d-b63e-d033c6891994@group-5CA67261F62C: change Leader from null to bc98b27f-878f-4dad-a502-417d70977e4e at term 2 for appendEntries, leader elected after 10144ms
2021-03-08 02:05:25,460 [grpc-default-executor-3] INFO  server.RaftServer$Division (ServerState.java:setRaftConf(373)) - 92084499-c42d-4e9c-90ed-faecbf58ca46@group-5CA67261F62C: set configuration 0: [6ba9ab1d-3af3-415d-b63e-d033c6891994|rpc:172.17.0.2:33141|dataStream:|priority:0, bc98b27f-878f-4dad-a502-417d70977e4e|rpc:172.17.0.2:44359|dataStream:|priority:1, 92084499-c42d-4e9c-90ed-faecbf58ca46|rpc:172.17.0.2:44599|dataStream:|priority:0], old=null
2021-03-08 02:05:25,467 [grpc-default-executor-7] INFO  server.RaftServer$Division (ServerState.java:setRaftConf(373)) - 6ba9ab1d-3af3-415d-b63e-d033c6891994@group-5CA67261F62C: set configuration 0: [6ba9ab1d-3af3-415d-b63e-d033c6891994|rpc:172.17.0.2:33141|dataStream:|priority:0, bc98b27f-878f-4dad-a502-417d70977e4e|rpc:172.17.0.2:44359|dataStream:|priority:1, 92084499-c42d-4e9c-90ed-faecbf58ca46|rpc:172.17.0.2:44599|dataStream:|priority:0], old=null
2021-03-08 02:05:25,468 [grpc-default-executor-7] INFO  segmented.SegmentedRaftLogWorker (SegmentedRaftLogWorker.java:startLogSegment(392)) - 6ba9ab1d-3af3-415d-b63e-d033c6891994@group-5CA67261F62C-SegmentedRaftLogWorker: Starting segment from index:0
2021-03-08 02:05:25,469 [grpc-default-executor-3] INFO  segmented.SegmentedRaftLogWorker (SegmentedRaftLogWorker.java:startLogSegment(392)) - 92084499-c42d-4e9c-90ed-faecbf58ca46@group-5CA67261F62C-SegmentedRaftLogWorker: Starting segment from index:0
2021-03-08 02:05:25,469 [6ba9ab1d-3af3-415d-b63e-d033c6891994@group-5CA67261F62C-SegmentedRaftLogWorker] INFO  segmented.SegmentedRaftLogWorker (SegmentedRaftLogWorker.java:execute(599)) - 6ba9ab1d-3af3-415d-b63e-d033c6891994@group-5CA67261F62C-SegmentedRaftLogWorker: created new log segment /github/workspace/mnt/ozone/hadoop-ozone/integration-test/target/test-dir/MiniOzoneClusterImpl-ccaa8949-4e5a-4858-a1f5-413699190f1a/datanode-1/data/ratis/fe419e3b-18d5-4c91-9f2d-5ca67261f62c/current/log_inprogress_0
2021-03-08 02:05:25,471 [92084499-c42d-4e9c-90ed-faecbf58ca46@group-5CA67261F62C-SegmentedRaftLogWorker] INFO  segmented.SegmentedRaftLogWorker (SegmentedRaftLogWorker.java:execute(599)) - 92084499-c42d-4e9c-90ed-faecbf58ca46@group-5CA67261F62C-SegmentedRaftLogWorker: created new log segment /github/workspace/mnt/ozone/hadoop-ozone/integration-test/target/test-dir/MiniOzoneClusterImpl-ccaa8949-4e5a-4858-a1f5-413699190f1a/datanode-0/data/ratis/fe419e3b-18d5-4c91-9f2d-5ca67261f62c/current/log_inprogress_0
2021-03-08 02:05:25,530 [Thread-4353] INFO  impl.FollowerState (FollowerState.java:run(133)) - 92084499-c42d-4e9c-90ed-faecbf58ca46@group-A36F55C25C0F-FollowerState: change to CANDIDATE, lastRpcElapsedTime:5073736866ns, electionTimeout:5068ms
2021-03-08 02:05:25,530 [Thread-4353] INFO  impl.RoleInfo (RoleInfo.java:shutdownFollowerState(108)) - 92084499-c42d-4e9c-90ed-faecbf58ca46: shutdown 92084499-c42d-4e9c-90ed-faecbf58ca46@group-A36F55C25C0F-FollowerState
2021-03-08 02:05:25,530 [Thread-4353] INFO  server.RaftServer$Division (RaftServerImpl.java:setRole(284)) - 92084499-c42d-4e9c-90ed-faecbf58ca46@group-A36F55C25C0F: changes role from  FOLLOWER to CANDIDATE at term 2 for changeToCandidate
2021-03-08 02:05:25,530 [Thread-4353] INFO  server.RaftServerConfigKeys (ConfUtils.java:logGet(44)) - raft.server.leaderelection.pre-vote = false (custom)
2021-03-08 02:05:25,530 [Thread-4353] INFO  impl.RoleInfo (RoleInfo.java:updateAndGet(130)) - 92084499-c42d-4e9c-90ed-faecbf58ca46: start 92084499-c42d-4e9c-90ed-faecbf58ca46@group-A36F55C25C0F-LeaderElection195
2021-03-08 02:05:25,531 [92084499-c42d-4e9c-90ed-faecbf58ca46@group-A36F55C25C0F-LeaderElection195] INFO  impl.LeaderElection (LeaderElection.java:askForVotes(307)) - 92084499-c42d-4e9c-90ed-faecbf58ca46@group-A36F55C25C0F-LeaderElection195 ELECTION round 0: submit vote requests at term 3 for -1: [6ba9ab1d-3af3-415d-b63e-d033c6891994|rpc:172.17.0.2:33141|priority:1, bc98b27f-878f-4dad-a502-417d70977e4e|rpc:172.17.0.2:44359|priority:0, 92084499-c42d-4e9c-90ed-faecbf58ca46|rpc:172.17.0.2:44599|priority:0], old=null
2021-03-08 02:05:25,532 [grpc-default-executor-3] INFO  server.RaftServer$Division (RaftServerImpl.java:requestVote(1025)) - 6ba9ab1d-3af3-415d-b63e-d033c6891994@group-A36F55C25C0F: receive requestVote(ELECTION, 92084499-c42d-4e9c-90ed-faecbf58ca46, group-A36F55C25C0F, 3, (t:0, i:0))
2021-03-08 02:05:25,532 [grpc-default-executor-7] INFO  server.RaftServer$Division (RaftServerImpl.java:requestVote(1025)) - bc98b27f-878f-4dad-a502-417d70977e4e@group-A36F55C25C0F: receive requestVote(ELECTION, 92084499-c42d-4e9c-90ed-faecbf58ca46, group-A36F55C25C0F, 3, (t:0, i:0))
2021-03-08 02:05:25,533 [grpc-default-executor-3] INFO  impl.VoteContext (VoteContext.java:log(48)) - 6ba9ab1d-3af3-415d-b63e-d033c6891994@group-A36F55C25C0F-FOLLOWER: reject ELECTION from 92084499-c42d-4e9c-90ed-faecbf58ca46: our last entry (t:1, i:0) > candidate's last entry (t:0, i:0)
2021-03-08 02:05:25,536 [grpc-default-executor-3] INFO  server.RaftServer$Division (RaftServerImpl.java:setRole(284)) - 6ba9ab1d-3af3-415d-b63e-d033c6891994@group-A36F55C25C0F: changes role from  FOLLOWER to FOLLOWER at term 3 for candidate:92084499-c42d-4e9c-90ed-faecbf58ca46
2021-03-08 02:05:25,536 [grpc-default-executor-3] INFO  impl.RoleInfo (RoleInfo.java:shutdownFollowerState(108)) - 6ba9ab1d-3af3-415d-b63e-d033c6891994: shutdown 6ba9ab1d-3af3-415d-b63e-d033c6891994@group-A36F55C25C0F-FollowerState
2021-03-08 02:05:25,536 [grpc-default-executor-3] INFO  impl.RoleInfo (RoleInfo.java:updateAndGet(130)) - 6ba9ab1d-3af3-415d-b63e-d033c6891994: start 6ba9ab1d-3af3-415d-b63e-d033c6891994@group-A36F55C25C0F-FollowerState
2021-03-08 02:05:25,536 [grpc-default-executor-7] INFO  impl.VoteContext (VoteContext.java:log(48)) - bc98b27f-878f-4dad-a502-417d70977e4e@group-A36F55C25C0F-FOLLOWER: accept ELECTION from 92084499-c42d-4e9c-90ed-faecbf58ca46: our priority 0 <= candidate's priority 0
2021-03-08 02:05:25,536 [grpc-default-executor-7] INFO  server.RaftServer$Division (RaftServerImpl.java:setRole(284)) - bc98b27f-878f-4dad-a502-417d70977e4e@group-A36F55C25C0F: changes role from  FOLLOWER to FOLLOWER at term 3 for candidate:92084499-c42d-4e9c-90ed-faecbf58ca46
2021-03-08 02:05:25,536 [grpc-default-executor-7] INFO  impl.RoleInfo (RoleInfo.java:shutdownFollowerState(108)) - bc98b27f-878f-4dad-a502-417d70977e4e: shutdown bc98b27f-878f-4dad-a502-417d70977e4e@group-A36F55C25C0F-FollowerState
2021-03-08 02:05:25,536 [grpc-default-executor-7] INFO  impl.RoleInfo (RoleInfo.java:updateAndGet(130)) - bc98b27f-878f-4dad-a502-417d70977e4e: start bc98b27f-878f-4dad-a502-417d70977e4e@group-A36F55C25C0F-FollowerState
2021-03-08 02:05:25,536 [Thread-4351] INFO  impl.FollowerState (FollowerState.java:run(142)) - bc98b27f-878f-4dad-a502-417d70977e4e@group-A36F55C25C0F-FollowerState was interrupted: {}
java.lang.InterruptedException: sleep interrupted
	at java.lang.Thread.sleep(Native Method)
	at java.lang.Thread.sleep(Thread.java:340)
	at java.util.concurrent.TimeUnit.sleep(TimeUnit.java:386)
	at org.apache.ratis.util.TimeDuration.sleep(TimeDuration.java:324)
	at org.apache.ratis.util.TimeDuration.sleep(TimeDuration.java:309)
	at org.apache.ratis.server.impl.FollowerState.run(FollowerState.java:117)
2021-03-08 02:05:25,536 [Thread-4352] INFO  impl.FollowerState (FollowerState.java:run(142)) - 6ba9ab1d-3af3-415d-b63e-d033c6891994@group-A36F55C25C0F-FollowerState was interrupted: {}
java.lang.InterruptedException: sleep interrupted
	at java.lang.Thread.sleep(Native Method)
	at java.lang.Thread.sleep(Thread.java:340)
	at java.util.concurrent.TimeUnit.sleep(TimeUnit.java:386)
	at org.apache.ratis.util.TimeDuration.sleep(TimeDuration.java:324)
	at org.apache.ratis.util.TimeDuration.sleep(TimeDuration.java:309)
	at org.apache.ratis.server.impl.FollowerState.run(FollowerState.java:117)
2021-03-08 02:05:25,538 [grpc-default-executor-3] INFO  server.RaftServer$Division (RaftServerImpl.java:requestVote(1057)) - 6ba9ab1d-3af3-415d-b63e-d033c6891994@group-A36F55C25C0F replies to ELECTION vote request: 92084499-c42d-4e9c-90ed-faecbf58ca46<-6ba9ab1d-3af3-415d-b63e-d033c6891994#0:FAIL-t3. Peer's state: 6ba9ab1d-3af3-415d-b63e-d033c6891994@group-A36F55C25C0F:t3, leader=null, voted=null, raftlog=6ba9ab1d-3af3-415d-b63e-d033c6891994@group-A36F55C25C0F-SegmentedRaftLog:OPENED:c-1,f0,i0, conf=0: [6ba9ab1d-3af3-415d-b63e-d033c6891994|rpc:172.17.0.2:33141|dataStream:|priority:1, bc98b27f-878f-4dad-a502-417d70977e4e|rpc:172.17.0.2:44359|dataStream:|priority:0, 92084499-c42d-4e9c-90ed-faecbf58ca46|rpc:172.17.0.2:44599|dataStream:|priority:0], old=null
2021-03-08 02:05:25,539 [92084499-c42d-4e9c-90ed-faecbf58ca46@group-A36F55C25C0F-LeaderElection195] INFO  impl.LeaderElection (LeaderElection.java:logAndReturn(89)) - 92084499-c42d-4e9c-90ed-faecbf58ca46@group-A36F55C25C0F-LeaderElection195: ELECTION REJECTED received 1 response(s) and 0 exception(s):
2021-03-08 02:05:25,539 [92084499-c42d-4e9c-90ed-faecbf58ca46@group-A36F55C25C0F-LeaderElection195] INFO  impl.LeaderElection (LeaderElection.java:logAndReturn(93)) -   Response 0: 92084499-c42d-4e9c-90ed-faecbf58ca46<-6ba9ab1d-3af3-415d-b63e-d033c6891994#0:FAIL-t3
2021-03-08 02:05:25,539 [92084499-c42d-4e9c-90ed-faecbf58ca46@group-A36F55C25C0F-LeaderElection195] INFO  impl.LeaderElection (LeaderElection.java:askForVotes(309)) - 92084499-c42d-4e9c-90ed-faecbf58ca46@group-A36F55C25C0F-LeaderElection195 ELECTION round 0: result REJECTED
2021-03-08 02:05:25,539 [92084499-c42d-4e9c-90ed-faecbf58ca46@group-A36F55C25C0F-LeaderElection195] INFO  server.RaftServer$Division (RaftServerImpl.java:setRole(284)) - 92084499-c42d-4e9c-90ed-faecbf58ca46@group-A36F55C25C0F: changes role from CANDIDATE to FOLLOWER at term 3 for REJECTED
2021-03-08 02:05:25,539 [92084499-c42d-4e9c-90ed-faecbf58ca46@group-A36F55C25C0F-LeaderElection195] INFO  impl.RoleInfo (RoleInfo.java:shutdownLeaderElection(121)) - 92084499-c42d-4e9c-90ed-faecbf58ca46: shutdown 92084499-c42d-4e9c-90ed-faecbf58ca46@group-A36F55C25C0F-LeaderElection195
2021-03-08 02:05:25,539 [92084499-c42d-4e9c-90ed-faecbf58ca46@group-A36F55C25C0F-LeaderElection195] INFO  impl.RoleInfo (RoleInfo.java:updateAndGet(130)) - 92084499-c42d-4e9c-90ed-faecbf58ca46: start 92084499-c42d-4e9c-90ed-faecbf58ca46@group-A36F55C25C0F-FollowerState
2021-03-08 02:05:25,540 [grpc-default-executor-7] INFO  server.RaftServer$Division (RaftServerImpl.java:requestVote(1057)) - bc98b27f-878f-4dad-a502-417d70977e4e@group-A36F55C25C0F replies to ELECTION vote request: 92084499-c42d-4e9c-90ed-faecbf58ca46<-bc98b27f-878f-4dad-a502-417d70977e4e#0:OK-t3. Peer's state: bc98b27f-878f-4dad-a502-417d70977e4e@group-A36F55C25C0F:t3, leader=null, voted=92084499-c42d-4e9c-90ed-faecbf58ca46, raftlog=bc98b27f-878f-4dad-a502-417d70977e4e@group-A36F55C25C0F-SegmentedRaftLog:OPENED:c-1,f-1,i0, conf=-1: [6ba9ab1d-3af3-415d-b63e-d033c6891994|rpc:172.17.0.2:33141|dataStream:|priority:1, bc98b27f-878f-4dad-a502-417d70977e4e|rpc:172.17.0.2:44359|dataStream:|priority:0, 92084499-c42d-4e9c-90ed-faecbf58ca46|rpc:172.17.0.2:44599|dataStream:|priority:0], old=null
2021-03-08 02:05:25,560 [Thread-4359] INFO  impl.FollowerState (FollowerState.java:run(133)) - 6ba9ab1d-3af3-415d-b63e-d033c6891994@group-507EAFB998CB-FollowerState: change to CANDIDATE, lastRpcElapsedTime:5088275312ns, electionTimeout:5088ms
2021-03-08 02:05:25,560 [Thread-4359] INFO  impl.RoleInfo (RoleInfo.java:shutdownFollowerState(108)) - 6ba9ab1d-3af3-415d-b63e-d033c6891994: shutdown 6ba9ab1d-3af3-415d-b63e-d033c6891994@group-507EAFB998CB-FollowerState
2021-03-08 02:05:25,560 [Thread-4359] INFO  server.RaftServer$Division (RaftServerImpl.java:setRole(284)) - 6ba9ab1d-3af3-415d-b63e-d033c6891994@group-507EAFB998CB: changes role from  FOLLOWER to CANDIDATE at term 1 for changeToCandidate
2021-03-08 02:05:25,560 [Thread-4359] INFO  server.RaftServerConfigKeys (ConfUtils.java:logGet(44)) - raft.server.leaderelection.pre-vote = false (custom)
2021-03-08 02:05:25,560 [Thread-4359] INFO  impl.RoleInfo (RoleInfo.java:updateAndGet(130)) - 6ba9ab1d-3af3-415d-b63e-d033c6891994: start 6ba9ab1d-3af3-415d-b63e-d033c6891994@group-507EAFB998CB-LeaderElection196
2021-03-08 02:05:25,561 [Thread-4358] INFO  impl.FollowerState (FollowerState.java:run(133)) - 92084499-c42d-4e9c-90ed-faecbf58ca46@group-507EAFB998CB-FollowerState: change to CANDIDATE, lastRpcElapsedTime:5092537955ns, electionTimeout:5092ms
2021-03-08 02:05:25,562 [Thread-4358] INFO  impl.RoleInfo (RoleInfo.java:shutdownFollowerState(108)) - 92084499-c42d-4e9c-90ed-faecbf58ca46: shutdown 92084499-c42d-4e9c-90ed-faecbf58ca46@group-507EAFB998CB-FollowerState
2021-03-08 02:05:25,562 [Thread-4358] INFO  server.RaftServer$Division (RaftServerImpl.java:setRole(284)) - 92084499-c42d-4e9c-90ed-faecbf58ca46@group-507EAFB998CB: changes role from  FOLLOWER to CANDIDATE at term 1 for changeToCandidate
2021-03-08 02:05:25,562 [Thread-4358] INFO  server.RaftServerConfigKeys (ConfUtils.java:logGet(44)) - raft.server.leaderelection.pre-vote = false (custom)
2021-03-08 02:05:25,562 [Thread-4358] INFO  impl.RoleInfo (RoleInfo.java:updateAndGet(130)) - 92084499-c42d-4e9c-90ed-faecbf58ca46: start 92084499-c42d-4e9c-90ed-faecbf58ca46@group-507EAFB998CB-LeaderElection197
2021-03-08 02:05:25,562 [6ba9ab1d-3af3-415d-b63e-d033c6891994@group-507EAFB998CB-LeaderElection196] INFO  impl.LeaderElection (LeaderElection.java:askForVotes(307)) - 6ba9ab1d-3af3-415d-b63e-d033c6891994@group-507EAFB998CB-LeaderElection196 ELECTION round 0: submit vote requests at term 2 for -1: [6ba9ab1d-3af3-415d-b63e-d033c6891994|rpc:172.17.0.2:33141|dataStream:|priority:0, bc98b27f-878f-4dad-a502-417d70977e4e|rpc:172.17.0.2:44359|dataStream:|priority:0, 92084499-c42d-4e9c-90ed-faecbf58ca46|rpc:172.17.0.2:44599|dataStream:|priority:1], old=null
2021-03-08 02:05:25,564 [grpc-default-executor-7] INFO  server.RaftServer$Division (RaftServerImpl.java:requestVote(1025)) - bc98b27f-878f-4dad-a502-417d70977e4e@group-507EAFB998CB: receive requestVote(ELECTION, 6ba9ab1d-3af3-415d-b63e-d033c6891994, group-507EAFB998CB, 2, (t:0, i:0))
2021-03-08 02:05:25,564 [grpc-default-executor-7] INFO  impl.VoteContext (VoteContext.java:log(48)) - bc98b27f-878f-4dad-a502-417d70977e4e@group-507EAFB998CB-FOLLOWER: accept ELECTION from 6ba9ab1d-3af3-415d-b63e-d033c6891994: our priority 0 <= candidate's priority 0
2021-03-08 02:05:25,564 [grpc-default-executor-7] INFO  server.RaftServer$Division (RaftServerImpl.java:setRole(284)) - bc98b27f-878f-4dad-a502-417d70977e4e@group-507EAFB998CB: changes role from  FOLLOWER to FOLLOWER at term 2 for candidate:6ba9ab1d-3af3-415d-b63e-d033c6891994
2021-03-08 02:05:25,564 [grpc-default-executor-7] INFO  impl.RoleInfo (RoleInfo.java:shutdownFollowerState(108)) - bc98b27f-878f-4dad-a502-417d70977e4e: shutdown bc98b27f-878f-4dad-a502-417d70977e4e@group-507EAFB998CB-FollowerState
2021-03-08 02:05:25,564 [grpc-default-executor-7] INFO  impl.RoleInfo (RoleInfo.java:updateAndGet(130)) - bc98b27f-878f-4dad-a502-417d70977e4e: start bc98b27f-878f-4dad-a502-417d70977e4e@group-507EAFB998CB-FollowerState
2021-03-08 02:05:25,564 [Thread-4357] INFO  impl.FollowerState (FollowerState.java:run(142)) - bc98b27f-878f-4dad-a502-417d70977e4e@group-507EAFB998CB-FollowerState was interrupted: {}
java.lang.InterruptedException: sleep interrupted
	at java.lang.Thread.sleep(Native Method)
	at java.lang.Thread.sleep(Thread.java:340)
	at java.util.concurrent.TimeUnit.sleep(TimeUnit.java:386)
	at org.apache.ratis.util.TimeDuration.sleep(TimeDuration.java:324)
	at org.apache.ratis.util.TimeDuration.sleep(TimeDuration.java:309)
	at org.apache.ratis.server.impl.FollowerState.run(FollowerState.java:117)
2021-03-08 02:05:25,565 [grpc-default-executor-3] INFO  server.RaftServer$Division (RaftServerImpl.java:requestVote(1025)) - 92084499-c42d-4e9c-90ed-faecbf58ca46@group-507EAFB998CB: receive requestVote(ELECTION, 6ba9ab1d-3af3-415d-b63e-d033c6891994, group-507EAFB998CB, 2, (t:0, i:0))
2021-03-08 02:05:25,565 [92084499-c42d-4e9c-90ed-faecbf58ca46@group-507EAFB998CB-LeaderElection197] INFO  impl.LeaderElection (LeaderElection.java:askForVotes(307)) - 92084499-c42d-4e9c-90ed-faecbf58ca46@group-507EAFB998CB-LeaderElection197 ELECTION round 0: submit vote requests at term 2 for -1: [6ba9ab1d-3af3-415d-b63e-d033c6891994|rpc:172.17.0.2:33141|priority:0, bc98b27f-878f-4dad-a502-417d70977e4e|rpc:172.17.0.2:44359|priority:0, 92084499-c42d-4e9c-90ed-faecbf58ca46|rpc:172.17.0.2:44599|priority:1], old=null
2021-03-08 02:05:25,565 [grpc-default-executor-7] INFO  server.RaftServer$Division (RaftServerImpl.java:requestVote(1057)) - bc98b27f-878f-4dad-a502-417d70977e4e@group-507EAFB998CB replies to ELECTION vote request: 6ba9ab1d-3af3-415d-b63e-d033c6891994<-bc98b27f-878f-4dad-a502-417d70977e4e#0:OK-t2. Peer's state: bc98b27f-878f-4dad-a502-417d70977e4e@group-507EAFB998CB:t2, leader=null, voted=6ba9ab1d-3af3-415d-b63e-d033c6891994, raftlog=bc98b27f-878f-4dad-a502-417d70977e4e@group-507EAFB998CB-SegmentedRaftLog:OPENED:c-1,f-1,i0, conf=-1: [6ba9ab1d-3af3-415d-b63e-d033c6891994|rpc:172.17.0.2:33141|dataStream:|priority:0, bc98b27f-878f-4dad-a502-417d70977e4e|rpc:172.17.0.2:44359|dataStream:|priority:0, 92084499-c42d-4e9c-90ed-faecbf58ca46|rpc:172.17.0.2:44599|dataStream:|priority:1], old=null
2021-03-08 02:05:25,566 [grpc-default-executor-3] INFO  impl.VoteContext (VoteContext.java:log(48)) - 92084499-c42d-4e9c-90ed-faecbf58ca46@group-507EAFB998CB-CANDIDATE: reject ELECTION from 6ba9ab1d-3af3-415d-b63e-d033c6891994: already has voted for 92084499-c42d-4e9c-90ed-faecbf58ca46 at current term 2
2021-03-08 02:05:25,566 [grpc-default-executor-3] INFO  server.RaftServer$Division (RaftServerImpl.java:requestVote(1057)) - 92084499-c42d-4e9c-90ed-faecbf58ca46@group-507EAFB998CB replies to ELECTION vote request: 6ba9ab1d-3af3-415d-b63e-d033c6891994<-92084499-c42d-4e9c-90ed-faecbf58ca46#0:FAIL-t2. Peer's state: 92084499-c42d-4e9c-90ed-faecbf58ca46@group-507EAFB998CB:t2, leader=null, voted=92084499-c42d-4e9c-90ed-faecbf58ca46, raftlog=92084499-c42d-4e9c-90ed-faecbf58ca46@group-507EAFB998CB-SegmentedRaftLog:OPENED:c-1,f-1,i0, conf=-1: [6ba9ab1d-3af3-415d-b63e-d033c6891994|rpc:172.17.0.2:33141|priority:0, bc98b27f-878f-4dad-a502-417d70977e4e|rpc:172.17.0.2:44359|priority:0, 92084499-c42d-4e9c-90ed-faecbf58ca46|rpc:172.17.0.2:44599|priority:1], old=null
2021-03-08 02:05:25,568 [6ba9ab1d-3af3-415d-b63e-d033c6891994@group-507EAFB998CB-LeaderElection196] INFO  impl.LeaderElection (LeaderElection.java:logAndReturn(89)) - 6ba9ab1d-3af3-415d-b63e-d033c6891994@group-507EAFB998CB-LeaderElection196: ELECTION REJECTED received 1 response(s) and 0 exception(s):
2021-03-08 02:05:25,568 [6ba9ab1d-3af3-415d-b63e-d033c6891994@group-507EAFB998CB-LeaderElection196] INFO  impl.LeaderElection (LeaderElection.java:logAndReturn(93)) -   Response 0: 6ba9ab1d-3af3-415d-b63e-d033c6891994<-92084499-c42d-4e9c-90ed-faecbf58ca46#0:FAIL-t2
2021-03-08 02:05:25,568 [6ba9ab1d-3af3-415d-b63e-d033c6891994@group-507EAFB998CB-LeaderElection196] INFO  impl.LeaderElection (LeaderElection.java:askForVotes(309)) - 6ba9ab1d-3af3-415d-b63e-d033c6891994@group-507EAFB998CB-LeaderElection196 ELECTION round 0: result REJECTED
2021-03-08 02:05:25,568 [6ba9ab1d-3af3-415d-b63e-d033c6891994@group-507EAFB998CB-LeaderElection196] INFO  server.RaftServer$Division (RaftServerImpl.java:setRole(284)) - 6ba9ab1d-3af3-415d-b63e-d033c6891994@group-507EAFB998CB: changes role from CANDIDATE to FOLLOWER at term 2 for REJECTED
2021-03-08 02:05:25,568 [6ba9ab1d-3af3-415d-b63e-d033c6891994@group-507EAFB998CB-LeaderElection196] INFO  impl.RoleInfo (RoleInfo.java:shutdownLeaderElection(121)) - 6ba9ab1d-3af3-415d-b63e-d033c6891994: shutdown 6ba9ab1d-3af3-415d-b63e-d033c6891994@group-507EAFB998CB-LeaderElection196
2021-03-08 02:05:25,568 [6ba9ab1d-3af3-415d-b63e-d033c6891994@group-507EAFB998CB-LeaderElection196] INFO  impl.RoleInfo (RoleInfo.java:updateAndGet(130)) - 6ba9ab1d-3af3-415d-b63e-d033c6891994: start 6ba9ab1d-3af3-415d-b63e-d033c6891994@group-507EAFB998CB-FollowerState
2021-03-08 02:05:25,569 [grpc-default-executor-3] INFO  server.RaftServer$Division (RaftServerImpl.java:requestVote(1025)) - 6ba9ab1d-3af3-415d-b63e-d033c6891994@group-507EAFB998CB: receive requestVote(ELECTION, 92084499-c42d-4e9c-90ed-faecbf58ca46, group-507EAFB998CB, 2, (t:0, i:0))
2021-03-08 02:05:25,570 [grpc-default-executor-3] INFO  impl.VoteContext (VoteContext.java:log(48)) - 6ba9ab1d-3af3-415d-b63e-d033c6891994@group-507EAFB998CB-FOLLOWER: reject ELECTION from 92084499-c42d-4e9c-90ed-faecbf58ca46: already has voted for 6ba9ab1d-3af3-415d-b63e-d033c6891994 at current term 2
2021-03-08 02:05:25,570 [grpc-default-executor-3] INFO  server.RaftServer$Division (RaftServerImpl.java:requestVote(1057)) - 6ba9ab1d-3af3-415d-b63e-d033c6891994@group-507EAFB998CB replies to ELECTION vote request: 92084499-c42d-4e9c-90ed-faecbf58ca46<-6ba9ab1d-3af3-415d-b63e-d033c6891994#0:FAIL-t2. Peer's state: 6ba9ab1d-3af3-415d-b63e-d033c6891994@group-507EAFB998CB:t2, leader=null, voted=6ba9ab1d-3af3-415d-b63e-d033c6891994, raftlog=6ba9ab1d-3af3-415d-b63e-d033c6891994@group-507EAFB998CB-SegmentedRaftLog:OPENED:c-1,f-1,i0, conf=-1: [6ba9ab1d-3af3-415d-b63e-d033c6891994|rpc:172.17.0.2:33141|dataStream:|priority:0, bc98b27f-878f-4dad-a502-417d70977e4e|rpc:172.17.0.2:44359|dataStream:|priority:0, 92084499-c42d-4e9c-90ed-faecbf58ca46|rpc:172.17.0.2:44599|dataStream:|priority:1], old=null
2021-03-08 02:05:25,570 [grpc-default-executor-3] INFO  server.RaftServer$Division (RaftServerImpl.java:requestVote(1025)) - bc98b27f-878f-4dad-a502-417d70977e4e@group-507EAFB998CB: receive requestVote(ELECTION, 92084499-c42d-4e9c-90ed-faecbf58ca46, group-507EAFB998CB, 2, (t:0, i:0))
2021-03-08 02:05:25,571 [grpc-default-executor-3] INFO  impl.VoteContext (VoteContext.java:log(48)) - bc98b27f-878f-4dad-a502-417d70977e4e@group-507EAFB998CB-FOLLOWER: reject ELECTION from 92084499-c42d-4e9c-90ed-faecbf58ca46: already has voted for 6ba9ab1d-3af3-415d-b63e-d033c6891994 at current term 2
2021-03-08 02:05:25,571 [grpc-default-executor-3] INFO  server.RaftServer$Division (RaftServerImpl.java:requestVote(1057)) - bc98b27f-878f-4dad-a502-417d70977e4e@group-507EAFB998CB replies to ELECTION vote request: 92084499-c42d-4e9c-90ed-faecbf58ca46<-bc98b27f-878f-4dad-a502-417d70977e4e#0:FAIL-t2. Peer's state: bc98b27f-878f-4dad-a502-417d70977e4e@group-507EAFB998CB:t2, leader=null, voted=6ba9ab1d-3af3-415d-b63e-d033c6891994, raftlog=bc98b27f-878f-4dad-a502-417d70977e4e@group-507EAFB998CB-SegmentedRaftLog:OPENED:c-1,f-1,i0, conf=-1: [6ba9ab1d-3af3-415d-b63e-d033c6891994|rpc:172.17.0.2:33141|dataStream:|priority:0, bc98b27f-878f-4dad-a502-417d70977e4e|rpc:172.17.0.2:44359|dataStream:|priority:0, 92084499-c42d-4e9c-90ed-faecbf58ca46|rpc:172.17.0.2:44599|dataStream:|priority:1], old=null
2021-03-08 02:05:25,571 [92084499-c42d-4e9c-90ed-faecbf58ca46@group-507EAFB998CB-LeaderElection197] INFO  impl.LeaderElection (LeaderElection.java:logAndReturn(89)) - 92084499-c42d-4e9c-90ed-faecbf58ca46@group-507EAFB998CB-LeaderElection197: ELECTION REJECTED received 2 response(s) and 0 exception(s):
2021-03-08 02:05:25,571 [92084499-c42d-4e9c-90ed-faecbf58ca46@group-507EAFB998CB-LeaderElection197] INFO  impl.LeaderElection (LeaderElection.java:logAndReturn(93)) -   Response 0: 92084499-c42d-4e9c-90ed-faecbf58ca46<-6ba9ab1d-3af3-415d-b63e-d033c6891994#0:FAIL-t2
2021-03-08 02:05:25,571 [92084499-c42d-4e9c-90ed-faecbf58ca46@group-507EAFB998CB-LeaderElection197] INFO  impl.LeaderElection (LeaderElection.java:logAndReturn(93)) -   Response 1: 92084499-c42d-4e9c-90ed-faecbf58ca46<-bc98b27f-878f-4dad-a502-417d70977e4e#0:FAIL-t2
2021-03-08 02:05:25,571 [92084499-c42d-4e9c-90ed-faecbf58ca46@group-507EAFB998CB-LeaderElection197] INFO  impl.LeaderElection (LeaderElection.java:askForVotes(309)) - 92084499-c42d-4e9c-90ed-faecbf58ca46@group-507EAFB998CB-LeaderElection197 ELECTION round 0: result REJECTED
2021-03-08 02:05:25,571 [92084499-c42d-4e9c-90ed-faecbf58ca46@group-507EAFB998CB-LeaderElection197] INFO  server.RaftServer$Division (RaftServerImpl.java:setRole(284)) - 92084499-c42d-4e9c-90ed-faecbf58ca46@group-507EAFB998CB: changes role from CANDIDATE to FOLLOWER at term 2 for REJECTED
2021-03-08 02:05:25,571 [92084499-c42d-4e9c-90ed-faecbf58ca46@group-507EAFB998CB-LeaderElection197] INFO  impl.RoleInfo (RoleInfo.java:shutdownLeaderElection(121)) - 92084499-c42d-4e9c-90ed-faecbf58ca46: shutdown 92084499-c42d-4e9c-90ed-faecbf58ca46@group-507EAFB998CB-LeaderElection197
2021-03-08 02:05:25,571 [92084499-c42d-4e9c-90ed-faecbf58ca46@group-507EAFB998CB-LeaderElection197] INFO  impl.RoleInfo (RoleInfo.java:updateAndGet(130)) - 92084499-c42d-4e9c-90ed-faecbf58ca46: start 92084499-c42d-4e9c-90ed-faecbf58ca46@group-507EAFB998CB-FollowerState
2021-03-08 02:05:25,980 [Thread-4373] INFO  impl.FollowerState (FollowerState.java:run(133)) - 8be81fb1-89d0-4709-8656-3472d71d638b@group-7928B19B14F4-FollowerState: change to CANDIDATE, lastRpcElapsedTime:5023546823ns, electionTimeout:5023ms
2021-03-08 02:05:25,981 [Thread-4373] INFO  impl.RoleInfo (RoleInfo.java:shutdownFollowerState(108)) - 8be81fb1-89d0-4709-8656-3472d71d638b: shutdown 8be81fb1-89d0-4709-8656-3472d71d638b@group-7928B19B14F4-FollowerState
2021-03-08 02:05:25,981 [Thread-4373] INFO  server.RaftServer$Division (RaftServerImpl.java:setRole(284)) - 8be81fb1-89d0-4709-8656-3472d71d638b@group-7928B19B14F4: changes role from  FOLLOWER to CANDIDATE at term 1 for changeToCandidate
2021-03-08 02:05:25,981 [Thread-4373] INFO  server.RaftServerConfigKeys (ConfUtils.java:logGet(44)) - raft.server.leaderelection.pre-vote = false (custom)
2021-03-08 02:05:25,981 [Thread-4373] INFO  impl.RoleInfo (RoleInfo.java:updateAndGet(130)) - 8be81fb1-89d0-4709-8656-3472d71d638b: start 8be81fb1-89d0-4709-8656-3472d71d638b@group-7928B19B14F4-LeaderElection198
2021-03-08 02:05:25,984 [8be81fb1-89d0-4709-8656-3472d71d638b@group-7928B19B14F4-LeaderElection198] INFO  impl.LeaderElection (LeaderElection.java:askForVotes(307)) - 8be81fb1-89d0-4709-8656-3472d71d638b@group-7928B19B14F4-LeaderElection198 ELECTION round 0: submit vote requests at term 2 for -1: [c7780af0-0f31-4130-b62a-7061a7bbaf6d|rpc:172.17.0.2:40671|dataStream:|priority:0, 2e2b7c4f-1fa0-4360-84eb-5aea739d5e5f|rpc:172.17.0.2:45357|dataStream:|priority:0, 8be81fb1-89d0-4709-8656-3472d71d638b|rpc:172.17.0.2:44187|dataStream:|priority:1], old=null
2021-03-08 02:05:25,989 [grpc-default-executor-3] INFO  server.RaftServer$Division (RaftServerImpl.java:requestVote(1025)) - c7780af0-0f31-4130-b62a-7061a7bbaf6d@group-7928B19B14F4: receive requestVote(ELECTION, 8be81fb1-89d0-4709-8656-3472d71d638b, group-7928B19B14F4, 2, (t:0, i:0))
2021-03-08 02:05:25,990 [grpc-default-executor-3] INFO  impl.VoteContext (VoteContext.java:log(48)) - c7780af0-0f31-4130-b62a-7061a7bbaf6d@group-7928B19B14F4-FOLLOWER: accept ELECTION from 8be81fb1-89d0-4709-8656-3472d71d638b: our priority 0 <= candidate's priority 1
2021-03-08 02:05:25,990 [grpc-default-executor-3] INFO  server.RaftServer$Division (RaftServerImpl.java:setRole(284)) - c7780af0-0f31-4130-b62a-7061a7bbaf6d@group-7928B19B14F4: changes role from  FOLLOWER to FOLLOWER at term 2 for candidate:8be81fb1-89d0-4709-8656-3472d71d638b
2021-03-08 02:05:25,990 [grpc-default-executor-3] INFO  impl.RoleInfo (RoleInfo.java:shutdownFollowerState(108)) - c7780af0-0f31-4130-b62a-7061a7bbaf6d: shutdown c7780af0-0f31-4130-b62a-7061a7bbaf6d@group-7928B19B14F4-FollowerState
2021-03-08 02:05:25,990 [grpc-default-executor-3] INFO  impl.RoleInfo (RoleInfo.java:updateAndGet(130)) - c7780af0-0f31-4130-b62a-7061a7bbaf6d: start c7780af0-0f31-4130-b62a-7061a7bbaf6d@group-7928B19B14F4-FollowerState
2021-03-08 02:05:25,990 [Thread-4372] INFO  impl.FollowerState (FollowerState.java:run(142)) - c7780af0-0f31-4130-b62a-7061a7bbaf6d@group-7928B19B14F4-FollowerState was interrupted: {}
java.lang.InterruptedException: sleep interrupted
	at java.lang.Thread.sleep(Native Method)
	at java.lang.Thread.sleep(Thread.java:340)
	at java.util.concurrent.TimeUnit.sleep(TimeUnit.java:386)
	at org.apache.ratis.util.TimeDuration.sleep(TimeDuration.java:324)
	at org.apache.ratis.util.TimeDuration.sleep(TimeDuration.java:309)
	at org.apache.ratis.server.impl.FollowerState.run(FollowerState.java:117)
2021-03-08 02:05:25,993 [grpc-default-executor-3] INFO  server.RaftServer$Division (RaftServerImpl.java:requestVote(1057)) - c7780af0-0f31-4130-b62a-7061a7bbaf6d@group-7928B19B14F4 replies to ELECTION vote request: 8be81fb1-89d0-4709-8656-3472d71d638b<-c7780af0-0f31-4130-b62a-7061a7bbaf6d#0:OK-t2. Peer's state: c7780af0-0f31-4130-b62a-7061a7bbaf6d@group-7928B19B14F4:t2, leader=null, voted=8be81fb1-89d0-4709-8656-3472d71d638b, raftlog=c7780af0-0f31-4130-b62a-7061a7bbaf6d@group-7928B19B14F4-SegmentedRaftLog:OPENED:c-1,f-1,i0, conf=-1: [c7780af0-0f31-4130-b62a-7061a7bbaf6d|rpc:172.17.0.2:40671|dataStream:|priority:0, 2e2b7c4f-1fa0-4360-84eb-5aea739d5e5f|rpc:172.17.0.2:45357|dataStream:|priority:0, 8be81fb1-89d0-4709-8656-3472d71d638b|rpc:172.17.0.2:44187|dataStream:|priority:1], old=null
2021-03-08 02:05:25,994 [grpc-default-executor-3] INFO  metrics.RatisMetrics (RatisMetrics.java:lambda$create$0(36)) - Creating Metrics Registry : ratis.server_message_metrics.2e2b7c4f-1fa0-4360-84eb-5aea739d5e5f
2021-03-08 02:05:25,997 [grpc-default-executor-3] INFO  server.RaftServer$Division (RaftServerImpl.java:requestVote(1025)) - 2e2b7c4f-1fa0-4360-84eb-5aea739d5e5f@group-7928B19B14F4: receive requestVote(ELECTION, 8be81fb1-89d0-4709-8656-3472d71d638b, group-7928B19B14F4, 2, (t:0, i:0))
2021-03-08 02:05:25,997 [grpc-default-executor-3] INFO  impl.VoteContext (VoteContext.java:log(48)) - 2e2b7c4f-1fa0-4360-84eb-5aea739d5e5f@group-7928B19B14F4-FOLLOWER: accept ELECTION from 8be81fb1-89d0-4709-8656-3472d71d638b: our priority 0 <= candidate's priority 1
2021-03-08 02:05:25,997 [grpc-default-executor-3] INFO  server.RaftServer$Division (RaftServerImpl.java:setRole(284)) - 2e2b7c4f-1fa0-4360-84eb-5aea739d5e5f@group-7928B19B14F4: changes role from  FOLLOWER to FOLLOWER at term 2 for candidate:8be81fb1-89d0-4709-8656-3472d71d638b
2021-03-08 02:05:25,997 [grpc-default-executor-3] INFO  impl.RoleInfo (RoleInfo.java:shutdownFollowerState(108)) - 2e2b7c4f-1fa0-4360-84eb-5aea739d5e5f: shutdown 2e2b7c4f-1fa0-4360-84eb-5aea739d5e5f@group-7928B19B14F4-FollowerState
2021-03-08 02:05:25,998 [grpc-default-executor-3] INFO  impl.RoleInfo (RoleInfo.java:updateAndGet(130)) - 2e2b7c4f-1fa0-4360-84eb-5aea739d5e5f: start 2e2b7c4f-1fa0-4360-84eb-5aea739d5e5f@group-7928B19B14F4-FollowerState
2021-03-08 02:05:25,998 [Thread-4374] INFO  impl.FollowerState (FollowerState.java:run(142)) - 2e2b7c4f-1fa0-4360-84eb-5aea739d5e5f@group-7928B19B14F4-FollowerState was interrupted: {}
java.lang.InterruptedException: sleep interrupted
	at java.lang.Thread.sleep(Native Method)
	at java.lang.Thread.sleep(Thread.java:340)
	at java.util.concurrent.TimeUnit.sleep(TimeUnit.java:386)
	at org.apache.ratis.util.TimeDuration.sleep(TimeDuration.java:324)
	at org.apache.ratis.util.TimeDuration.sleep(TimeDuration.java:309)
	at org.apache.ratis.server.impl.FollowerState.run(FollowerState.java:117)
2021-03-08 02:05:25,999 [8be81fb1-89d0-4709-8656-3472d71d638b@group-7928B19B14F4-LeaderElection198] INFO  impl.LeaderElection (LeaderElection.java:logAndReturn(89)) - 8be81fb1-89d0-4709-8656-3472d71d638b@group-7928B19B14F4-LeaderElection198: ELECTION PASSED received 1 response(s) and 0 exception(s):
2021-03-08 02:05:25,999 [8be81fb1-89d0-4709-8656-3472d71d638b@group-7928B19B14F4-LeaderElection198] INFO  impl.LeaderElection (LeaderElection.java:logAndReturn(93)) -   Response 0: 8be81fb1-89d0-4709-8656-3472d71d638b<-c7780af0-0f31-4130-b62a-7061a7bbaf6d#0:OK-t2
2021-03-08 02:05:26,002 [8be81fb1-89d0-4709-8656-3472d71d638b@group-7928B19B14F4-LeaderElection198] INFO  impl.LeaderElection (LeaderElection.java:askForVotes(309)) - 8be81fb1-89d0-4709-8656-3472d71d638b@group-7928B19B14F4-LeaderElection198 ELECTION round 0: result PASSED
2021-03-08 02:05:26,002 [8be81fb1-89d0-4709-8656-3472d71d638b@group-7928B19B14F4-LeaderElection198] INFO  impl.RoleInfo (RoleInfo.java:shutdownLeaderElection(121)) - 8be81fb1-89d0-4709-8656-3472d71d638b: shutdown 8be81fb1-89d0-4709-8656-3472d71d638b@group-7928B19B14F4-LeaderElection198
2021-03-08 02:05:26,002 [8be81fb1-89d0-4709-8656-3472d71d638b@group-7928B19B14F4-LeaderElection198] INFO  server.RaftServer$Division (RaftServerImpl.java:setRole(284)) - 8be81fb1-89d0-4709-8656-3472d71d638b@group-7928B19B14F4: changes role from CANDIDATE to LEADER at term 2 for changeToLeader
2021-03-08 02:05:26,002 [8be81fb1-89d0-4709-8656-3472d71d638b@group-7928B19B14F4-LeaderElection198] INFO  ratis.XceiverServerRatis (XceiverServerRatis.java:handleLeaderChangedNotification(899)) - Leader change notification received for group: group-7928B19B14F4 with new leaderId: 8be81fb1-89d0-4709-8656-3472d71d638b
2021-03-08 02:05:26,002 [8be81fb1-89d0-4709-8656-3472d71d638b@group-7928B19B14F4-LeaderElection198] INFO  server.RaftServer$Division (ServerState.java:setLeader(271)) - 8be81fb1-89d0-4709-8656-3472d71d638b@group-7928B19B14F4: change Leader from null to 8be81fb1-89d0-4709-8656-3472d71d638b at term 2 for becomeLeader, leader elected after 9994ms
2021-03-08 02:05:26,002 [8be81fb1-89d0-4709-8656-3472d71d638b@group-7928B19B14F4-LeaderElection198] INFO  server.RaftServerConfigKeys (ConfUtils.java:logGet(44)) - raft.server.staging.catchup.gap = 1000 (default)
2021-03-08 02:05:26,002 [8be81fb1-89d0-4709-8656-3472d71d638b@group-7928B19B14F4-LeaderElection198] INFO  metrics.RatisMetrics (RatisMetrics.java:lambda$create$0(36)) - Creating Metrics Registry : ratis.log_appender.8be81fb1-89d0-4709-8656-3472d71d638b@group-7928B19B14F4
2021-03-08 02:05:26,003 [EventQueue-PipelineReportForPipelineReportHandler] INFO  pipeline.PipelineStateManager (PipelineStateManager.java:openPipeline(132)) - Pipeline Pipeline[ Id: 54dfee42-7205-45d5-ac51-7928b19b14f4, Nodes: 2e2b7c4f-1fa0-4360-84eb-5aea739d5e5f{ip: 172.17.0.2, host: 55665278a03a, ports: [REPLICATION=42473, RATIS=45357, RATIS_ADMIN=45357, RATIS_SERVER=45357, STANDALONE=44021], networkLocation: /default-rack, certSerialId: null, persistedOpState: IN_SERVICE, persistedOpStateExpiryEpochSec: 0}c7780af0-0f31-4130-b62a-7061a7bbaf6d{ip: 172.17.0.2, host: 55665278a03a, ports: [REPLICATION=39443, RATIS=40671, RATIS_ADMIN=40671, RATIS_SERVER=40671, STANDALONE=35715], networkLocation: /default-rack, certSerialId: null, persistedOpState: IN_SERVICE, persistedOpStateExpiryEpochSec: 0}8be81fb1-89d0-4709-8656-3472d71d638b{ip: 172.17.0.2, host: 55665278a03a, ports: [REPLICATION=43543, RATIS=44187, RATIS_ADMIN=44187, RATIS_SERVER=44187, STANDALONE=44151], networkLocation: /default-rack, certSerialId: null, persistedOpState: IN_SERVICE, persistedOpStateExpiryEpochSec: 0}, Type:RATIS, Factor:THREE, State:ALLOCATED, leaderId:8be81fb1-89d0-4709-8656-3472d71d638b, CreationTimestamp2021-03-08T02:05:13.332Z] moved to OPEN state
2021-03-08 02:05:26,003 [grpc-default-executor-3] INFO  server.RaftServer$Division (RaftServerImpl.java:requestVote(1057)) - 2e2b7c4f-1fa0-4360-84eb-5aea739d5e5f@group-7928B19B14F4 replies to ELECTION vote request: 8be81fb1-89d0-4709-8656-3472d71d638b<-2e2b7c4f-1fa0-4360-84eb-5aea739d5e5f#0:OK-t2. Peer's state: 2e2b7c4f-1fa0-4360-84eb-5aea739d5e5f@group-7928B19B14F4:t2, leader=null, voted=8be81fb1-89d0-4709-8656-3472d71d638b, raftlog=2e2b7c4f-1fa0-4360-84eb-5aea739d5e5f@group-7928B19B14F4-SegmentedRaftLog:OPENED:c-1,f-1,i0, conf=-1: [c7780af0-0f31-4130-b62a-7061a7bbaf6d|rpc:172.17.0.2:40671|priority:0, 2e2b7c4f-1fa0-4360-84eb-5aea739d5e5f|rpc:172.17.0.2:45357|priority:0, 8be81fb1-89d0-4709-8656-3472d71d638b|rpc:172.17.0.2:44187|priority:1], old=null
2021-03-08 02:05:26,003 [8be81fb1-89d0-4709-8656-3472d71d638b@group-7928B19B14F4-LeaderElection198] INFO  server.RaftServerConfigKeys (ConfUtils.java:logGet(44)) - raft.server.write.element-limit = 1024 (custom)
2021-03-08 02:05:26,003 [8be81fb1-89d0-4709-8656-3472d71d638b@group-7928B19B14F4-LeaderElection198] INFO  server.RaftServerConfigKeys (ConfUtils.java:logGet(44)) - raft.server.write.byte-limit = 1073741824 (custom)
2021-03-08 02:05:26,007 [8be81fb1-89d0-4709-8656-3472d71d638b@group-7928B19B14F4-LeaderElection198] INFO  server.RaftServerConfigKeys (ConfUtils.java:logGet(44)) - raft.server.watch.timeout = 3000ms (custom)
2021-03-08 02:05:26,007 [8be81fb1-89d0-4709-8656-3472d71d638b@group-7928B19B14F4-LeaderElection198] INFO  server.RaftServerConfigKeys (ConfUtils.java:logGet(44)) - raft.server.watch.timeout.denomination = 1s (default)
2021-03-08 02:05:26,007 [8be81fb1-89d0-4709-8656-3472d71d638b@group-7928B19B14F4-LeaderElection198] INFO  server.RaftServerConfigKeys (ConfUtils.java:logGet(44)) - raft.server.watch.element-limit = 65536 (default)
2021-03-08 02:05:26,007 [8be81fb1-89d0-4709-8656-3472d71d638b@group-7928B19B14F4-LeaderElection198] INFO  server.RaftServerConfigKeys (ConfUtils.java:logGet(44)) - raft.server.log.appender.snapshot.chunk.size.max = 16MB (=16777216) (default)
2021-03-08 02:05:26,007 [8be81fb1-89d0-4709-8656-3472d71d638b@group-7928B19B14F4-LeaderElection198] INFO  server.RaftServerConfigKeys (ConfUtils.java:logGet(44)) - raft.server.log.appender.buffer.byte-limit = 33554432 (custom)
2021-03-08 02:05:26,007 [8be81fb1-89d0-4709-8656-3472d71d638b@group-7928B19B14F4-LeaderElection198] INFO  server.RaftServerConfigKeys (ConfUtils.java:logGet(44)) - raft.server.log.appender.buffer.element-limit = 1 (custom)
2021-03-08 02:05:26,007 [8be81fb1-89d0-4709-8656-3472d71d638b@group-7928B19B14F4-LeaderElection198] INFO  grpc.GrpcConfigKeys (ConfUtils.java:logGet(44)) - raft.grpc.server.leader.outstanding.appends.max = 128 (default)
2021-03-08 02:05:26,007 [8be81fb1-89d0-4709-8656-3472d71d638b@group-7928B19B14F4-LeaderElection198] INFO  server.RaftServerConfigKeys (ConfUtils.java:logGet(44)) - raft.server.rpc.request.timeout = 3000ms (default)
2021-03-08 02:05:26,007 [8be81fb1-89d0-4709-8656-3472d71d638b@group-7928B19B14F4-LeaderElection198] INFO  server.RaftServerConfigKeys (ConfUtils.java:logGet(44)) - raft.server.log.appender.install.snapshot.enabled = false (custom)
2021-03-08 02:05:26,007 [8be81fb1-89d0-4709-8656-3472d71d638b@group-7928B19B14F4-LeaderElection198] INFO  metrics.RatisMetrics (RatisMetrics.java:lambda$create$0(36)) - Creating Metrics Registry : ratis_grpc.log_appender.8be81fb1-89d0-4709-8656-3472d71d638b@group-7928B19B14F4
2021-03-08 02:05:26,010 [8be81fb1-89d0-4709-8656-3472d71d638b@group-7928B19B14F4-LeaderElection198] INFO  server.RaftServerConfigKeys (ConfUtils.java:logGet(44)) - raft.server.log.appender.snapshot.chunk.size.max = 16MB (=16777216) (default)
2021-03-08 02:05:26,010 [8be81fb1-89d0-4709-8656-3472d71d638b@group-7928B19B14F4-LeaderElection198] INFO  server.RaftServerConfigKeys (ConfUtils.java:logGet(44)) - raft.server.log.appender.buffer.byte-limit = 33554432 (custom)
2021-03-08 02:05:26,010 [8be81fb1-89d0-4709-8656-3472d71d638b@group-7928B19B14F4-LeaderElection198] INFO  server.RaftServerConfigKeys (ConfUtils.java:logGet(44)) - raft.server.log.appender.buffer.element-limit = 1 (custom)
2021-03-08 02:05:26,010 [8be81fb1-89d0-4709-8656-3472d71d638b@group-7928B19B14F4-LeaderElection198] INFO  grpc.GrpcConfigKeys (ConfUtils.java:logGet(44)) - raft.grpc.server.leader.outstanding.appends.max = 128 (default)
2021-03-08 02:05:26,010 [8be81fb1-89d0-4709-8656-3472d71d638b@group-7928B19B14F4-LeaderElection198] INFO  server.RaftServerConfigKeys (ConfUtils.java:logGet(44)) - raft.server.rpc.request.timeout = 3000ms (default)
2021-03-08 02:05:26,010 [8be81fb1-89d0-4709-8656-3472d71d638b@group-7928B19B14F4-LeaderElection198] INFO  server.RaftServerConfigKeys (ConfUtils.java:logGet(44)) - raft.server.log.appender.install.snapshot.enabled = false (custom)
2021-03-08 02:05:26,013 [8be81fb1-89d0-4709-8656-3472d71d638b@group-7928B19B14F4-LeaderElection198] INFO  impl.RoleInfo (RoleInfo.java:updateAndGet(130)) - 8be81fb1-89d0-4709-8656-3472d71d638b: start 8be81fb1-89d0-4709-8656-3472d71d638b@group-7928B19B14F4-LeaderStateImpl
2021-03-08 02:05:26,013 [8be81fb1-89d0-4709-8656-3472d71d638b@group-7928B19B14F4-LeaderElection198] INFO  segmented.SegmentedRaftLogWorker (SegmentedRaftLogWorker.java:startLogSegment(392)) - 8be81fb1-89d0-4709-8656-3472d71d638b@group-7928B19B14F4-SegmentedRaftLogWorker: Starting segment from index:0
2021-03-08 02:05:26,015 [8be81fb1-89d0-4709-8656-3472d71d638b@group-7928B19B14F4-SegmentedRaftLogWorker] INFO  segmented.SegmentedRaftLogWorker (SegmentedRaftLogWorker.java:execute(599)) - 8be81fb1-89d0-4709-8656-3472d71d638b@group-7928B19B14F4-SegmentedRaftLogWorker: created new log segment /github/workspace/mnt/ozone/hadoop-ozone/integration-test/target/test-dir/MiniOzoneClusterImpl-ccaa8949-4e5a-4858-a1f5-413699190f1a/datanode-4/data/ratis/54dfee42-7205-45d5-ac51-7928b19b14f4/current/log_inprogress_0
2021-03-08 02:05:26,015 [8be81fb1-89d0-4709-8656-3472d71d638b@group-7928B19B14F4-LeaderElection198] INFO  server.RaftServer$Division (ServerState.java:setRaftConf(373)) - 8be81fb1-89d0-4709-8656-3472d71d638b@group-7928B19B14F4: set configuration 0: [c7780af0-0f31-4130-b62a-7061a7bbaf6d|rpc:172.17.0.2:40671|dataStream:|priority:0, 2e2b7c4f-1fa0-4360-84eb-5aea739d5e5f|rpc:172.17.0.2:45357|dataStream:|priority:0, 8be81fb1-89d0-4709-8656-3472d71d638b|rpc:172.17.0.2:44187|dataStream:|priority:1], old=null
2021-03-08 02:05:26,028 [grpc-default-executor-7] INFO  ratis.XceiverServerRatis (XceiverServerRatis.java:handleLeaderChangedNotification(899)) - Leader change notification received for group: group-7928B19B14F4 with new leaderId: 8be81fb1-89d0-4709-8656-3472d71d638b
2021-03-08 02:05:26,028 [grpc-default-executor-7] INFO  server.RaftServer$Division (ServerState.java:setLeader(271)) - 2e2b7c4f-1fa0-4360-84eb-5aea739d5e5f@group-7928B19B14F4: change Leader from null to 8be81fb1-89d0-4709-8656-3472d71d638b at term 2 for appendEntries, leader elected after 10121ms
2021-03-08 02:05:26,032 [grpc-default-executor-3] INFO  ratis.XceiverServerRatis (XceiverServerRatis.java:handleLeaderChangedNotification(899)) - Leader change notification received for group: group-7928B19B14F4 with new leaderId: 8be81fb1-89d0-4709-8656-3472d71d638b
2021-03-08 02:05:26,032 [grpc-default-executor-3] INFO  server.RaftServer$Division (ServerState.java:setLeader(271)) - c7780af0-0f31-4130-b62a-7061a7bbaf6d@group-7928B19B14F4: change Leader from null to 8be81fb1-89d0-4709-8656-3472d71d638b at term 2 for appendEntries, leader elected after 10060ms
2021-03-08 02:05:26,036 [grpc-default-executor-7] INFO  server.RaftServer$Division (ServerState.java:setRaftConf(373)) - 2e2b7c4f-1fa0-4360-84eb-5aea739d5e5f@group-7928B19B14F4: set configuration 0: [c7780af0-0f31-4130-b62a-7061a7bbaf6d|rpc:172.17.0.2:40671|dataStream:|priority:0, 2e2b7c4f-1fa0-4360-84eb-5aea739d5e5f|rpc:172.17.0.2:45357|dataStream:|priority:0, 8be81fb1-89d0-4709-8656-3472d71d638b|rpc:172.17.0.2:44187|dataStream:|priority:1], old=null
2021-03-08 02:05:26,040 [grpc-default-executor-7] INFO  segmented.SegmentedRaftLogWorker (SegmentedRaftLogWorker.java:startLogSegment(392)) - 2e2b7c4f-1fa0-4360-84eb-5aea739d5e5f@group-7928B19B14F4-SegmentedRaftLogWorker: Starting segment from index:0
2021-03-08 02:05:26,041 [grpc-default-executor-3] INFO  server.RaftServer$Division (ServerState.java:setRaftConf(373)) - c7780af0-0f31-4130-b62a-7061a7bbaf6d@group-7928B19B14F4: set configuration 0: [c7780af0-0f31-4130-b62a-7061a7bbaf6d|rpc:172.17.0.2:40671|dataStream:|priority:0, 2e2b7c4f-1fa0-4360-84eb-5aea739d5e5f|rpc:172.17.0.2:45357|dataStream:|priority:0, 8be81fb1-89d0-4709-8656-3472d71d638b|rpc:172.17.0.2:44187|dataStream:|priority:1], old=null
2021-03-08 02:05:26,043 [grpc-default-executor-3] INFO  segmented.SegmentedRaftLogWorker (SegmentedRaftLogWorker.java:startLogSegment(392)) - c7780af0-0f31-4130-b62a-7061a7bbaf6d@group-7928B19B14F4-SegmentedRaftLogWorker: Starting segment from index:0
2021-03-08 02:05:26,044 [2e2b7c4f-1fa0-4360-84eb-5aea739d5e5f@group-7928B19B14F4-SegmentedRaftLogWorker] INFO  segmented.SegmentedRaftLogWorker (SegmentedRaftLogWorker.java:execute(599)) - 2e2b7c4f-1fa0-4360-84eb-5aea739d5e5f@group-7928B19B14F4-SegmentedRaftLogWorker: created new log segment /github/workspace/mnt/ozone/hadoop-ozone/integration-test/target/test-dir/MiniOzoneClusterImpl-ccaa8949-4e5a-4858-a1f5-413699190f1a/datanode-3/data/ratis/54dfee42-7205-45d5-ac51-7928b19b14f4/current/log_inprogress_0
2021-03-08 02:05:26,045 [c7780af0-0f31-4130-b62a-7061a7bbaf6d@group-7928B19B14F4-SegmentedRaftLogWorker] INFO  segmented.SegmentedRaftLogWorker (SegmentedRaftLogWorker.java:execute(599)) - c7780af0-0f31-4130-b62a-7061a7bbaf6d@group-7928B19B14F4-SegmentedRaftLogWorker: created new log segment /github/workspace/mnt/ozone/hadoop-ozone/integration-test/target/test-dir/MiniOzoneClusterImpl-ccaa8949-4e5a-4858-a1f5-413699190f1a/datanode-5/data/ratis/54dfee42-7205-45d5-ac51-7928b19b14f4/current/log_inprogress_0
2021-03-08 02:05:26,247 [Thread-4382] INFO  impl.FollowerState (FollowerState.java:run(133)) - 2e2b7c4f-1fa0-4360-84eb-5aea739d5e5f@group-73197B762FF1-FollowerState: change to CANDIDATE, lastRpcElapsedTime:5151878408ns, electionTimeout:5151ms
2021-03-08 02:05:26,247 [Thread-4382] INFO  impl.RoleInfo (RoleInfo.java:shutdownFollowerState(108)) - 2e2b7c4f-1fa0-4360-84eb-5aea739d5e5f: shutdown 2e2b7c4f-1fa0-4360-84eb-5aea739d5e5f@group-73197B762FF1-FollowerState
2021-03-08 02:05:26,247 [Thread-4382] INFO  server.RaftServer$Division (RaftServerImpl.java:setRole(284)) - 2e2b7c4f-1fa0-4360-84eb-5aea739d5e5f@group-73197B762FF1: changes role from  FOLLOWER to CANDIDATE at term 1 for changeToCandidate
2021-03-08 02:05:26,247 [Thread-4382] INFO  server.RaftServerConfigKeys (ConfUtils.java:logGet(44)) - raft.server.leaderelection.pre-vote = false (custom)
2021-03-08 02:05:26,247 [Thread-4382] INFO  impl.RoleInfo (RoleInfo.java:updateAndGet(130)) - 2e2b7c4f-1fa0-4360-84eb-5aea739d5e5f: start 2e2b7c4f-1fa0-4360-84eb-5aea739d5e5f@group-73197B762FF1-LeaderElection199
2021-03-08 02:05:26,249 [2e2b7c4f-1fa0-4360-84eb-5aea739d5e5f@group-73197B762FF1-LeaderElection199] INFO  impl.LeaderElection (LeaderElection.java:askForVotes(307)) - 2e2b7c4f-1fa0-4360-84eb-5aea739d5e5f@group-73197B762FF1-LeaderElection199 ELECTION round 0: submit vote requests at term 2 for -1: [c7780af0-0f31-4130-b62a-7061a7bbaf6d|rpc:172.17.0.2:40671|priority:1, 2e2b7c4f-1fa0-4360-84eb-5aea739d5e5f|rpc:172.17.0.2:45357|priority:0, 8be81fb1-89d0-4709-8656-3472d71d638b|rpc:172.17.0.2:44187|priority:0], old=null
2021-03-08 02:05:26,250 [grpc-default-executor-7] INFO  server.RaftServer$Division (RaftServerImpl.java:requestVote(1025)) - c7780af0-0f31-4130-b62a-7061a7bbaf6d@group-73197B762FF1: receive requestVote(ELECTION, 2e2b7c4f-1fa0-4360-84eb-5aea739d5e5f, group-73197B762FF1, 2, (t:0, i:0))
2021-03-08 02:05:26,250 [grpc-default-executor-7] INFO  impl.VoteContext (VoteContext.java:log(48)) - c7780af0-0f31-4130-b62a-7061a7bbaf6d@group-73197B762FF1-FOLLOWER: reject ELECTION from 2e2b7c4f-1fa0-4360-84eb-5aea739d5e5f: our priority 1 > candidate's priority 0
2021-03-08 02:05:26,250 [grpc-default-executor-7] INFO  server.RaftServer$Division (RaftServerImpl.java:setRole(284)) - c7780af0-0f31-4130-b62a-7061a7bbaf6d@group-73197B762FF1: changes role from  FOLLOWER to FOLLOWER at term 2 for candidate:2e2b7c4f-1fa0-4360-84eb-5aea739d5e5f
2021-03-08 02:05:26,250 [grpc-default-executor-7] INFO  impl.RoleInfo (RoleInfo.java:shutdownFollowerState(108)) - c7780af0-0f31-4130-b62a-7061a7bbaf6d: shutdown c7780af0-0f31-4130-b62a-7061a7bbaf6d@group-73197B762FF1-FollowerState
2021-03-08 02:05:26,250 [grpc-default-executor-7] INFO  impl.RoleInfo (RoleInfo.java:updateAndGet(130)) - c7780af0-0f31-4130-b62a-7061a7bbaf6d: start c7780af0-0f31-4130-b62a-7061a7bbaf6d@group-73197B762FF1-FollowerState
2021-03-08 02:05:26,250 [Thread-4380] INFO  impl.FollowerState (FollowerState.java:run(142)) - c7780af0-0f31-4130-b62a-7061a7bbaf6d@group-73197B762FF1-FollowerState was interrupted: {}
java.lang.InterruptedException: sleep interrupted
	at java.lang.Thread.sleep(Native Method)
	at java.lang.Thread.sleep(Thread.java:340)
	at java.util.concurrent.TimeUnit.sleep(TimeUnit.java:386)
	at org.apache.ratis.util.TimeDuration.sleep(TimeDuration.java:324)
	at org.apache.ratis.util.TimeDuration.sleep(TimeDuration.java:309)
	at org.apache.ratis.server.impl.FollowerState.run(FollowerState.java:117)
2021-03-08 02:05:26,250 [grpc-default-executor-3] INFO  server.RaftServer$Division (RaftServerImpl.java:requestVote(1025)) - 8be81fb1-89d0-4709-8656-3472d71d638b@group-73197B762FF1: receive requestVote(ELECTION, 2e2b7c4f-1fa0-4360-84eb-5aea739d5e5f, group-73197B762FF1, 2, (t:0, i:0))
2021-03-08 02:05:26,253 [grpc-default-executor-3] INFO  impl.VoteContext (VoteContext.java:log(48)) - 8be81fb1-89d0-4709-8656-3472d71d638b@group-73197B762FF1-FOLLOWER: accept ELECTION from 2e2b7c4f-1fa0-4360-84eb-5aea739d5e5f: our priority 0 <= candidate's priority 0
2021-03-08 02:05:26,253 [grpc-default-executor-3] INFO  server.RaftServer$Division (RaftServerImpl.java:setRole(284)) - 8be81fb1-89d0-4709-8656-3472d71d638b@group-73197B762FF1: changes role from  FOLLOWER to FOLLOWER at term 2 for candidate:2e2b7c4f-1fa0-4360-84eb-5aea739d5e5f
2021-03-08 02:05:26,254 [grpc-default-executor-3] INFO  impl.RoleInfo (RoleInfo.java:shutdownFollowerState(108)) - 8be81fb1-89d0-4709-8656-3472d71d638b: shutdown 8be81fb1-89d0-4709-8656-3472d71d638b@group-73197B762FF1-FollowerState
2021-03-08 02:05:26,254 [grpc-default-executor-3] INFO  impl.RoleInfo (RoleInfo.java:updateAndGet(130)) - 8be81fb1-89d0-4709-8656-3472d71d638b: start 8be81fb1-89d0-4709-8656-3472d71d638b@group-73197B762FF1-FollowerState
2021-03-08 02:05:26,254 [Thread-4381] INFO  impl.FollowerState (FollowerState.java:run(142)) - 8be81fb1-89d0-4709-8656-3472d71d638b@group-73197B762FF1-FollowerState was interrupted: {}
java.lang.InterruptedException: sleep interrupted
	at java.lang.Thread.sleep(Native Method)
	at java.lang.Thread.sleep(Thread.java:340)
	at java.util.concurrent.TimeUnit.sleep(TimeUnit.java:386)
	at org.apache.ratis.util.TimeDuration.sleep(TimeDuration.java:324)
	at org.apache.ratis.util.TimeDuration.sleep(TimeDuration.java:309)
	at org.apache.ratis.server.impl.FollowerState.run(FollowerState.java:117)
2021-03-08 02:05:26,255 [grpc-default-executor-3] INFO  server.RaftServer$Division (RaftServerImpl.java:requestVote(1057)) - 8be81fb1-89d0-4709-8656-3472d71d638b@group-73197B762FF1 replies to ELECTION vote request: 2e2b7c4f-1fa0-4360-84eb-5aea739d5e5f<-8be81fb1-89d0-4709-8656-3472d71d638b#0:OK-t2. Peer's state: 8be81fb1-89d0-4709-8656-3472d71d638b@group-73197B762FF1:t2, leader=null, voted=2e2b7c4f-1fa0-4360-84eb-5aea739d5e5f, raftlog=8be81fb1-89d0-4709-8656-3472d71d638b@group-73197B762FF1-SegmentedRaftLog:OPENED:c-1,f-1,i0, conf=-1: [c7780af0-0f31-4130-b62a-7061a7bbaf6d|rpc:172.17.0.2:40671|dataStream:|priority:1, 2e2b7c4f-1fa0-4360-84eb-5aea739d5e5f|rpc:172.17.0.2:45357|dataStream:|priority:0, 8be81fb1-89d0-4709-8656-3472d71d638b|rpc:172.17.0.2:44187|dataStream:|priority:0], old=null
2021-03-08 02:05:26,255 [grpc-default-executor-7] INFO  server.RaftServer$Division (RaftServerImpl.java:requestVote(1057)) - c7780af0-0f31-4130-b62a-7061a7bbaf6d@group-73197B762FF1 replies to ELECTION vote request: 2e2b7c4f-1fa0-4360-84eb-5aea739d5e5f<-c7780af0-0f31-4130-b62a-7061a7bbaf6d#0:FAIL-t2. Peer's state: c7780af0-0f31-4130-b62a-7061a7bbaf6d@group-73197B762FF1:t2, leader=null, voted=null, raftlog=c7780af0-0f31-4130-b62a-7061a7bbaf6d@group-73197B762FF1-SegmentedRaftLog:OPENED:c-1,f-1,i0, conf=-1: [c7780af0-0f31-4130-b62a-7061a7bbaf6d|rpc:172.17.0.2:40671|dataStream:|priority:1, 2e2b7c4f-1fa0-4360-84eb-5aea739d5e5f|rpc:172.17.0.2:45357|dataStream:|priority:0, 8be81fb1-89d0-4709-8656-3472d71d638b|rpc:172.17.0.2:44187|dataStream:|priority:0], old=null
2021-03-08 02:05:26,256 [2e2b7c4f-1fa0-4360-84eb-5aea739d5e5f@group-73197B762FF1-LeaderElection199] INFO  impl.LeaderElection (LeaderElection.java:logAndReturn(89)) - 2e2b7c4f-1fa0-4360-84eb-5aea739d5e5f@group-73197B762FF1-LeaderElection199: ELECTION REJECTED received 1 response(s) and 0 exception(s):
2021-03-08 02:05:26,256 [2e2b7c4f-1fa0-4360-84eb-5aea739d5e5f@group-73197B762FF1-LeaderElection199] INFO  impl.LeaderElection (LeaderElection.java:logAndReturn(93)) -   Response 0: 2e2b7c4f-1fa0-4360-84eb-5aea739d5e5f<-c7780af0-0f31-4130-b62a-7061a7bbaf6d#0:FAIL-t2
2021-03-08 02:05:26,256 [2e2b7c4f-1fa0-4360-84eb-5aea739d5e5f@group-73197B762FF1-LeaderElection199] INFO  impl.LeaderElection (LeaderElection.java:askForVotes(309)) - 2e2b7c4f-1fa0-4360-84eb-5aea739d5e5f@group-73197B762FF1-LeaderElection199 ELECTION round 0: result REJECTED
2021-03-08 02:05:26,256 [2e2b7c4f-1fa0-4360-84eb-5aea739d5e5f@group-73197B762FF1-LeaderElection199] INFO  server.RaftServer$Division (RaftServerImpl.java:setRole(284)) - 2e2b7c4f-1fa0-4360-84eb-5aea739d5e5f@group-73197B762FF1: changes role from CANDIDATE to FOLLOWER at term 2 for REJECTED
2021-03-08 02:05:26,256 [2e2b7c4f-1fa0-4360-84eb-5aea739d5e5f@group-73197B762FF1-LeaderElection199] INFO  impl.RoleInfo (RoleInfo.java:shutdownLeaderElection(121)) - 2e2b7c4f-1fa0-4360-84eb-5aea739d5e5f: shutdown 2e2b7c4f-1fa0-4360-84eb-5aea739d5e5f@group-73197B762FF1-LeaderElection199
2021-03-08 02:05:26,256 [2e2b7c4f-1fa0-4360-84eb-5aea739d5e5f@group-73197B762FF1-LeaderElection199] INFO  impl.RoleInfo (RoleInfo.java:updateAndGet(130)) - 2e2b7c4f-1fa0-4360-84eb-5aea739d5e5f: start 2e2b7c4f-1fa0-4360-84eb-5aea739d5e5f@group-73197B762FF1-FollowerState
2021-03-08 02:05:26,459 [java.util.concurrent.ThreadPoolExecutor$Worker@67ebab1d[State = -1, empty queue]] INFO  metrics.RatisMetrics (RatisMetrics.java:lambda$create$0(36)) - Creating Metrics Registry : ratis.client_message_metrics.client-24C593950EBB->92084499-c42d-4e9c-90ed-faecbf58ca46
2021-03-08 02:05:30,432 [java.util.concurrent.ThreadPoolExecutor$Worker@560b0c87[State = -1, empty queue]] INFO  metrics.RatisMetrics (RatisMetrics.java:lambda$create$0(36)) - Creating Metrics Registry : ratis.client_message_metrics.client-24C593950EBB->bc98b27f-878f-4dad-a502-417d70977e4e
2021-03-08 02:05:30,636 [Thread-4422] INFO  impl.FollowerState (FollowerState.java:run(133)) - 92084499-c42d-4e9c-90ed-faecbf58ca46@group-A36F55C25C0F-FollowerState: change to CANDIDATE, lastRpcElapsedTime:5097469346ns, electionTimeout:5097ms
2021-03-08 02:05:30,636 [Thread-4422] INFO  impl.RoleInfo (RoleInfo.java:shutdownFollowerState(108)) - 92084499-c42d-4e9c-90ed-faecbf58ca46: shutdown 92084499-c42d-4e9c-90ed-faecbf58ca46@group-A36F55C25C0F-FollowerState
2021-03-08 02:05:30,637 [Thread-4422] INFO  server.RaftServer$Division (RaftServerImpl.java:setRole(284)) - 92084499-c42d-4e9c-90ed-faecbf58ca46@group-A36F55C25C0F: changes role from  FOLLOWER to CANDIDATE at term 3 for changeToCandidate
2021-03-08 02:05:30,637 [Thread-4422] INFO  server.RaftServerConfigKeys (ConfUtils.java:logGet(44)) - raft.server.leaderelection.pre-vote = false (custom)
2021-03-08 02:05:30,637 [Thread-4422] INFO  impl.RoleInfo (RoleInfo.java:updateAndGet(130)) - 92084499-c42d-4e9c-90ed-faecbf58ca46: start 92084499-c42d-4e9c-90ed-faecbf58ca46@group-A36F55C25C0F-LeaderElection200
2021-03-08 02:05:30,638 [92084499-c42d-4e9c-90ed-faecbf58ca46@group-A36F55C25C0F-LeaderElection200] INFO  impl.LeaderElection (LeaderElection.java:askForVotes(307)) - 92084499-c42d-4e9c-90ed-faecbf58ca46@group-A36F55C25C0F-LeaderElection200 ELECTION round 0: submit vote requests at term 4 for -1: [6ba9ab1d-3af3-415d-b63e-d033c6891994|rpc:172.17.0.2:33141|priority:1, bc98b27f-878f-4dad-a502-417d70977e4e|rpc:172.17.0.2:44359|priority:0, 92084499-c42d-4e9c-90ed-faecbf58ca46|rpc:172.17.0.2:44599|priority:0], old=null
2021-03-08 02:05:30,640 [grpc-default-executor-7] INFO  server.RaftServer$Division (RaftServerImpl.java:requestVote(1025)) - bc98b27f-878f-4dad-a502-417d70977e4e@group-A36F55C25C0F: receive requestVote(ELECTION, 92084499-c42d-4e9c-90ed-faecbf58ca46, group-A36F55C25C0F, 4, (t:0, i:0))
2021-03-08 02:05:30,640 [grpc-default-executor-7] INFO  impl.VoteContext (VoteContext.java:log(48)) - bc98b27f-878f-4dad-a502-417d70977e4e@group-A36F55C25C0F-FOLLOWER: accept ELECTION from 92084499-c42d-4e9c-90ed-faecbf58ca46: our priority 0 <= candidate's priority 0
2021-03-08 02:05:30,640 [grpc-default-executor-7] INFO  server.RaftServer$Division (RaftServerImpl.java:setRole(284)) - bc98b27f-878f-4dad-a502-417d70977e4e@group-A36F55C25C0F: changes role from  FOLLOWER to FOLLOWER at term 4 for candidate:92084499-c42d-4e9c-90ed-faecbf58ca46
2021-03-08 02:05:30,640 [grpc-default-executor-7] INFO  impl.RoleInfo (RoleInfo.java:shutdownFollowerState(108)) - bc98b27f-878f-4dad-a502-417d70977e4e: shutdown bc98b27f-878f-4dad-a502-417d70977e4e@group-A36F55C25C0F-FollowerState
2021-03-08 02:05:30,640 [grpc-default-executor-7] INFO  impl.RoleInfo (RoleInfo.java:updateAndGet(130)) - bc98b27f-878f-4dad-a502-417d70977e4e: start bc98b27f-878f-4dad-a502-417d70977e4e@group-A36F55C25C0F-FollowerState
2021-03-08 02:05:30,640 [grpc-default-executor-3] INFO  server.RaftServer$Division (RaftServerImpl.java:requestVote(1025)) - 6ba9ab1d-3af3-415d-b63e-d033c6891994@group-A36F55C25C0F: receive requestVote(ELECTION, 92084499-c42d-4e9c-90ed-faecbf58ca46, group-A36F55C25C0F, 4, (t:0, i:0))
2021-03-08 02:05:30,641 [grpc-default-executor-3] INFO  impl.VoteContext (VoteContext.java:log(48)) - 6ba9ab1d-3af3-415d-b63e-d033c6891994@group-A36F55C25C0F-FOLLOWER: reject ELECTION from 92084499-c42d-4e9c-90ed-faecbf58ca46: our last entry (t:1, i:0) > candidate's last entry (t:0, i:0)
2021-03-08 02:05:30,641 [grpc-default-executor-3] INFO  server.RaftServer$Division (RaftServerImpl.java:setRole(284)) - 6ba9ab1d-3af3-415d-b63e-d033c6891994@group-A36F55C25C0F: changes role from  FOLLOWER to FOLLOWER at term 4 for candidate:92084499-c42d-4e9c-90ed-faecbf58ca46
2021-03-08 02:05:30,641 [grpc-default-executor-3] INFO  impl.RoleInfo (RoleInfo.java:shutdownFollowerState(108)) - 6ba9ab1d-3af3-415d-b63e-d033c6891994: shutdown 6ba9ab1d-3af3-415d-b63e-d033c6891994@group-A36F55C25C0F-FollowerState
2021-03-08 02:05:30,640 [Thread-4421] INFO  impl.FollowerState (FollowerState.java:run(142)) - bc98b27f-878f-4dad-a502-417d70977e4e@group-A36F55C25C0F-FollowerState was interrupted: {}
java.lang.InterruptedException: sleep interrupted
	at java.lang.Thread.sleep(Native Method)
	at java.lang.Thread.sleep(Thread.java:340)
	at java.util.concurrent.TimeUnit.sleep(TimeUnit.java:386)
	at org.apache.ratis.util.TimeDuration.sleep(TimeDuration.java:324)
	at org.apache.ratis.util.TimeDuration.sleep(TimeDuration.java:309)
	at org.apache.ratis.server.impl.FollowerState.run(FollowerState.java:117)
2021-03-08 02:05:30,641 [grpc-default-executor-3] INFO  impl.RoleInfo (RoleInfo.java:updateAndGet(130)) - 6ba9ab1d-3af3-415d-b63e-d033c6891994: start 6ba9ab1d-3af3-415d-b63e-d033c6891994@group-A36F55C25C0F-FollowerState
2021-03-08 02:05:30,641 [Thread-4420] INFO  impl.FollowerState (FollowerState.java:run(142)) - 6ba9ab1d-3af3-415d-b63e-d033c6891994@group-A36F55C25C0F-FollowerState was interrupted: {}
java.lang.InterruptedException: sleep interrupted
	at java.lang.Thread.sleep(Native Method)
	at java.lang.Thread.sleep(Thread.java:340)
	at java.util.concurrent.TimeUnit.sleep(TimeUnit.java:386)
	at org.apache.ratis.util.TimeDuration.sleep(TimeDuration.java:324)
	at org.apache.ratis.util.TimeDuration.sleep(TimeDuration.java:309)
	at org.apache.ratis.server.impl.FollowerState.run(FollowerState.java:117)
2021-03-08 02:05:30,643 [grpc-default-executor-7] INFO  server.RaftServer$Division (RaftServerImpl.java:requestVote(1057)) - bc98b27f-878f-4dad-a502-417d70977e4e@group-A36F55C25C0F replies to ELECTION vote request: 92084499-c42d-4e9c-90ed-faecbf58ca46<-bc98b27f-878f-4dad-a502-417d70977e4e#0:OK-t4. Peer's state: bc98b27f-878f-4dad-a502-417d70977e4e@group-A36F55C25C0F:t4, leader=null, voted=92084499-c42d-4e9c-90ed-faecbf58ca46, raftlog=bc98b27f-878f-4dad-a502-417d70977e4e@group-A36F55C25C0F-SegmentedRaftLog:OPENED:c-1,f-1,i0, conf=-1: [6ba9ab1d-3af3-415d-b63e-d033c6891994|rpc:172.17.0.2:33141|dataStream:|priority:1, bc98b27f-878f-4dad-a502-417d70977e4e|rpc:172.17.0.2:44359|dataStream:|priority:0, 92084499-c42d-4e9c-90ed-faecbf58ca46|rpc:172.17.0.2:44599|dataStream:|priority:0], old=null
2021-03-08 02:05:30,643 [grpc-default-executor-3] INFO  server.RaftServer$Division (RaftServerImpl.java:requestVote(1057)) - 6ba9ab1d-3af3-415d-b63e-d033c6891994@group-A36F55C25C0F replies to ELECTION vote request: 92084499-c42d-4e9c-90ed-faecbf58ca46<-6ba9ab1d-3af3-415d-b63e-d033c6891994#0:FAIL-t4. Peer's state: 6ba9ab1d-3af3-415d-b63e-d033c6891994@group-A36F55C25C0F:t4, leader=null, voted=null, raftlog=6ba9ab1d-3af3-415d-b63e-d033c6891994@group-A36F55C25C0F-SegmentedRaftLog:OPENED:c-1,f0,i0, conf=0: [6ba9ab1d-3af3-415d-b63e-d033c6891994|rpc:172.17.0.2:33141|dataStream:|priority:1, bc98b27f-878f-4dad-a502-417d70977e4e|rpc:172.17.0.2:44359|dataStream:|priority:0, 92084499-c42d-4e9c-90ed-faecbf58ca46|rpc:172.17.0.2:44599|dataStream:|priority:0], old=null
2021-03-08 02:05:30,650 [92084499-c42d-4e9c-90ed-faecbf58ca46@group-A36F55C25C0F-LeaderElection200] INFO  impl.LeaderElection (LeaderElection.java:logAndReturn(89)) - 92084499-c42d-4e9c-90ed-faecbf58ca46@group-A36F55C25C0F-LeaderElection200: ELECTION REJECTED received 1 response(s) and 0 exception(s):
2021-03-08 02:05:30,650 [92084499-c42d-4e9c-90ed-faecbf58ca46@group-A36F55C25C0F-LeaderElection200] INFO  impl.LeaderElection (LeaderElection.java:logAndReturn(93)) -   Response 0: 92084499-c42d-4e9c-90ed-faecbf58ca46<-6ba9ab1d-3af3-415d-b63e-d033c6891994#0:FAIL-t4
2021-03-08 02:05:30,650 [92084499-c42d-4e9c-90ed-faecbf58ca46@group-A36F55C25C0F-LeaderElection200] INFO  impl.LeaderElection (LeaderElection.java:askForVotes(309)) - 92084499-c42d-4e9c-90ed-faecbf58ca46@group-A36F55C25C0F-LeaderElection200 ELECTION round 0: result REJECTED
2021-03-08 02:05:30,650 [92084499-c42d-4e9c-90ed-faecbf58ca46@group-A36F55C25C0F-LeaderElection200] INFO  server.RaftServer$Division (RaftServerImpl.java:setRole(284)) - 92084499-c42d-4e9c-90ed-faecbf58ca46@group-A36F55C25C0F: changes role from CANDIDATE to FOLLOWER at term 4 for REJECTED
2021-03-08 02:05:30,650 [92084499-c42d-4e9c-90ed-faecbf58ca46@group-A36F55C25C0F-LeaderElection200] INFO  impl.RoleInfo (RoleInfo.java:shutdownLeaderElection(121)) - 92084499-c42d-4e9c-90ed-faecbf58ca46: shutdown 92084499-c42d-4e9c-90ed-faecbf58ca46@group-A36F55C25C0F-LeaderElection200
2021-03-08 02:05:30,650 [92084499-c42d-4e9c-90ed-faecbf58ca46@group-A36F55C25C0F-LeaderElection200] INFO  impl.RoleInfo (RoleInfo.java:updateAndGet(130)) - 92084499-c42d-4e9c-90ed-faecbf58ca46: start 92084499-c42d-4e9c-90ed-faecbf58ca46@group-A36F55C25C0F-FollowerState
2021-03-08 02:05:30,678 [Thread-4430] INFO  impl.FollowerState (FollowerState.java:run(133)) - 6ba9ab1d-3af3-415d-b63e-d033c6891994@group-507EAFB998CB-FollowerState: change to CANDIDATE, lastRpcElapsedTime:5109964669ns, electionTimeout:5109ms
2021-03-08 02:05:30,678 [Thread-4430] INFO  impl.RoleInfo (RoleInfo.java:shutdownFollowerState(108)) - 6ba9ab1d-3af3-415d-b63e-d033c6891994: shutdown 6ba9ab1d-3af3-415d-b63e-d033c6891994@group-507EAFB998CB-FollowerState
2021-03-08 02:05:30,679 [Thread-4430] INFO  server.RaftServer$Division (RaftServerImpl.java:setRole(284)) - 6ba9ab1d-3af3-415d-b63e-d033c6891994@group-507EAFB998CB: changes role from  FOLLOWER to CANDIDATE at term 2 for changeToCandidate
2021-03-08 02:05:30,679 [Thread-4430] INFO  server.RaftServerConfigKeys (ConfUtils.java:logGet(44)) - raft.server.leaderelection.pre-vote = false (custom)
2021-03-08 02:05:30,679 [Thread-4430] INFO  impl.RoleInfo (RoleInfo.java:updateAndGet(130)) - 6ba9ab1d-3af3-415d-b63e-d033c6891994: start 6ba9ab1d-3af3-415d-b63e-d033c6891994@group-507EAFB998CB-LeaderElection201
2021-03-08 02:05:30,680 [6ba9ab1d-3af3-415d-b63e-d033c6891994@group-507EAFB998CB-LeaderElection201] INFO  impl.LeaderElection (LeaderElection.java:askForVotes(307)) - 6ba9ab1d-3af3-415d-b63e-d033c6891994@group-507EAFB998CB-LeaderElection201 ELECTION round 0: submit vote requests at term 3 for -1: [6ba9ab1d-3af3-415d-b63e-d033c6891994|rpc:172.17.0.2:33141|dataStream:|priority:0, bc98b27f-878f-4dad-a502-417d70977e4e|rpc:172.17.0.2:44359|dataStream:|priority:0, 92084499-c42d-4e9c-90ed-faecbf58ca46|rpc:172.17.0.2:44599|dataStream:|priority:1], old=null
2021-03-08 02:05:30,681 [grpc-default-executor-7] INFO  server.RaftServer$Division (RaftServerImpl.java:requestVote(1025)) - bc98b27f-878f-4dad-a502-417d70977e4e@group-507EAFB998CB: receive requestVote(ELECTION, 6ba9ab1d-3af3-415d-b63e-d033c6891994, group-507EAFB998CB, 3, (t:0, i:0))
2021-03-08 02:05:30,682 [grpc-default-executor-7] INFO  impl.VoteContext (VoteContext.java:log(48)) - bc98b27f-878f-4dad-a502-417d70977e4e@group-507EAFB998CB-FOLLOWER: accept ELECTION from 6ba9ab1d-3af3-415d-b63e-d033c6891994: our priority 0 <= candidate's priority 0
2021-03-08 02:05:30,682 [grpc-default-executor-7] INFO  server.RaftServer$Division (RaftServerImpl.java:setRole(284)) - bc98b27f-878f-4dad-a502-417d70977e4e@group-507EAFB998CB: changes role from  FOLLOWER to FOLLOWER at term 3 for candidate:6ba9ab1d-3af3-415d-b63e-d033c6891994
2021-03-08 02:05:30,682 [grpc-default-executor-7] INFO  impl.RoleInfo (RoleInfo.java:shutdownFollowerState(108)) - bc98b27f-878f-4dad-a502-417d70977e4e: shutdown bc98b27f-878f-4dad-a502-417d70977e4e@group-507EAFB998CB-FollowerState
2021-03-08 02:05:30,682 [grpc-default-executor-7] INFO  impl.RoleInfo (RoleInfo.java:updateAndGet(130)) - bc98b27f-878f-4dad-a502-417d70977e4e: start bc98b27f-878f-4dad-a502-417d70977e4e@group-507EAFB998CB-FollowerState
2021-03-08 02:05:30,682 [Thread-4427] INFO  impl.FollowerState (FollowerState.java:run(142)) - bc98b27f-878f-4dad-a502-417d70977e4e@group-507EAFB998CB-FollowerState was interrupted: {}
java.lang.InterruptedException: sleep interrupted
	at java.lang.Thread.sleep(Native Method)
	at java.lang.Thread.sleep(Thread.java:340)
	at java.util.concurrent.TimeUnit.sleep(TimeUnit.java:386)
	at org.apache.ratis.util.TimeDuration.sleep(TimeDuration.java:324)
	at org.apache.ratis.util.TimeDuration.sleep(TimeDuration.java:309)
	at org.apache.ratis.server.impl.FollowerState.run(FollowerState.java:117)
2021-03-08 02:05:30,683 [grpc-default-executor-3] INFO  server.RaftServer$Division (RaftServerImpl.java:requestVote(1025)) - 92084499-c42d-4e9c-90ed-faecbf58ca46@group-507EAFB998CB: receive requestVote(ELECTION, 6ba9ab1d-3af3-415d-b63e-d033c6891994, group-507EAFB998CB, 3, (t:0, i:0))
2021-03-08 02:05:30,683 [grpc-default-executor-3] INFO  impl.VoteContext (VoteContext.java:log(48)) - 92084499-c42d-4e9c-90ed-faecbf58ca46@group-507EAFB998CB-FOLLOWER: reject ELECTION from 6ba9ab1d-3af3-415d-b63e-d033c6891994: our priority 1 > candidate's priority 0
2021-03-08 02:05:30,683 [grpc-default-executor-3] INFO  server.RaftServer$Division (RaftServerImpl.java:setRole(284)) - 92084499-c42d-4e9c-90ed-faecbf58ca46@group-507EAFB998CB: changes role from  FOLLOWER to FOLLOWER at term 3 for candidate:6ba9ab1d-3af3-415d-b63e-d033c6891994
2021-03-08 02:05:30,683 [grpc-default-executor-3] INFO  impl.RoleInfo (RoleInfo.java:shutdownFollowerState(108)) - 92084499-c42d-4e9c-90ed-faecbf58ca46: shutdown 92084499-c42d-4e9c-90ed-faecbf58ca46@group-507EAFB998CB-FollowerState
2021-03-08 02:05:30,683 [grpc-default-executor-3] INFO  impl.RoleInfo (RoleInfo.java:updateAndGet(130)) - 92084499-c42d-4e9c-90ed-faecbf58ca46: start 92084499-c42d-4e9c-90ed-faecbf58ca46@group-507EAFB998CB-FollowerState
2021-03-08 02:05:30,683 [Thread-4431] INFO  impl.FollowerState (FollowerState.java:run(142)) - 92084499-c42d-4e9c-90ed-faecbf58ca46@group-507EAFB998CB-FollowerState was interrupted: {}
java.lang.InterruptedException: sleep interrupted
	at java.lang.Thread.sleep(Native Method)
	at java.lang.Thread.sleep(Thread.java:340)
	at java.util.concurrent.TimeUnit.sleep(TimeUnit.java:386)
	at org.apache.ratis.util.TimeDuration.sleep(TimeDuration.java:324)
	at org.apache.ratis.util.TimeDuration.sleep(TimeDuration.java:309)
	at org.apache.ratis.server.impl.FollowerState.run(FollowerState.java:117)
2021-03-08 02:05:30,684 [grpc-default-executor-7] INFO  server.RaftServer$Division (RaftServerImpl.java:requestVote(1057)) - bc98b27f-878f-4dad-a502-417d70977e4e@group-507EAFB998CB replies to ELECTION vote request: 6ba9ab1d-3af3-415d-b63e-d033c6891994<-bc98b27f-878f-4dad-a502-417d70977e4e#0:OK-t3. Peer's state: bc98b27f-878f-4dad-a502-417d70977e4e@group-507EAFB998CB:t3, leader=null, voted=6ba9ab1d-3af3-415d-b63e-d033c6891994, raftlog=bc98b27f-878f-4dad-a502-417d70977e4e@group-507EAFB998CB-SegmentedRaftLog:OPENED:c-1,f-1,i0, conf=-1: [6ba9ab1d-3af3-415d-b63e-d033c6891994|rpc:172.17.0.2:33141|dataStream:|priority:0, bc98b27f-878f-4dad-a502-417d70977e4e|rpc:172.17.0.2:44359|dataStream:|priority:0, 92084499-c42d-4e9c-90ed-faecbf58ca46|rpc:172.17.0.2:44599|dataStream:|priority:1], old=null
2021-03-08 02:05:30,685 [grpc-default-executor-3] INFO  server.RaftServer$Division (RaftServerImpl.java:requestVote(1057)) - 92084499-c42d-4e9c-90ed-faecbf58ca46@group-507EAFB998CB replies to ELECTION vote request: 6ba9ab1d-3af3-415d-b63e-d033c6891994<-92084499-c42d-4e9c-90ed-faecbf58ca46#0:FAIL-t3. Peer's state: 92084499-c42d-4e9c-90ed-faecbf58ca46@group-507EAFB998CB:t3, leader=null, voted=null, raftlog=92084499-c42d-4e9c-90ed-faecbf58ca46@group-507EAFB998CB-SegmentedRaftLog:OPENED:c-1,f-1,i0, conf=-1: [6ba9ab1d-3af3-415d-b63e-d033c6891994|rpc:172.17.0.2:33141|priority:0, bc98b27f-878f-4dad-a502-417d70977e4e|rpc:172.17.0.2:44359|priority:0, 92084499-c42d-4e9c-90ed-faecbf58ca46|rpc:172.17.0.2:44599|priority:1], old=null
2021-03-08 02:05:30,685 [6ba9ab1d-3af3-415d-b63e-d033c6891994@group-507EAFB998CB-LeaderElection201] INFO  impl.LeaderElection (LeaderElection.java:logAndReturn(89)) - 6ba9ab1d-3af3-415d-b63e-d033c6891994@group-507EAFB998CB-LeaderElection201: ELECTION REJECTED received 2 response(s) and 0 exception(s):
2021-03-08 02:05:30,686 [6ba9ab1d-3af3-415d-b63e-d033c6891994@group-507EAFB998CB-LeaderElection201] INFO  impl.LeaderElection (LeaderElection.java:logAndReturn(93)) -   Response 0: 6ba9ab1d-3af3-415d-b63e-d033c6891994<-bc98b27f-878f-4dad-a502-417d70977e4e#0:OK-t3
2021-03-08 02:05:30,686 [6ba9ab1d-3af3-415d-b63e-d033c6891994@group-507EAFB998CB-LeaderElection201] INFO  impl.LeaderElection (LeaderElection.java:logAndReturn(93)) -   Response 1: 6ba9ab1d-3af3-415d-b63e-d033c6891994<-92084499-c42d-4e9c-90ed-faecbf58ca46#0:FAIL-t3
2021-03-08 02:05:30,686 [6ba9ab1d-3af3-415d-b63e-d033c6891994@group-507EAFB998CB-LeaderElection201] INFO  impl.LeaderElection (LeaderElection.java:askForVotes(309)) - 6ba9ab1d-3af3-415d-b63e-d033c6891994@group-507EAFB998CB-LeaderElection201 ELECTION round 0: result REJECTED
2021-03-08 02:05:30,687 [6ba9ab1d-3af3-415d-b63e-d033c6891994@group-507EAFB998CB-LeaderElection201] INFO  server.RaftServer$Division (RaftServerImpl.java:setRole(284)) - 6ba9ab1d-3af3-415d-b63e-d033c6891994@group-507EAFB998CB: changes role from CANDIDATE to FOLLOWER at term 3 for REJECTED
2021-03-08 02:05:30,687 [6ba9ab1d-3af3-415d-b63e-d033c6891994@group-507EAFB998CB-LeaderElection201] INFO  impl.RoleInfo (RoleInfo.java:shutdownLeaderElection(121)) - 6ba9ab1d-3af3-415d-b63e-d033c6891994: shutdown 6ba9ab1d-3af3-415d-b63e-d033c6891994@group-507EAFB998CB-LeaderElection201
2021-03-08 02:05:30,687 [6ba9ab1d-3af3-415d-b63e-d033c6891994@group-507EAFB998CB-LeaderElection201] INFO  impl.RoleInfo (RoleInfo.java:updateAndGet(130)) - 6ba9ab1d-3af3-415d-b63e-d033c6891994: start 6ba9ab1d-3af3-415d-b63e-d033c6891994@group-507EAFB998CB-FollowerState
2021-03-08 02:05:31,360 [Thread-4452] INFO  impl.FollowerState (FollowerState.java:run(133)) - 2e2b7c4f-1fa0-4360-84eb-5aea739d5e5f@group-73197B762FF1-FollowerState: change to CANDIDATE, lastRpcElapsedTime:5104361064ns, electionTimeout:5104ms
2021-03-08 02:05:31,360 [Thread-4452] INFO  impl.RoleInfo (RoleInfo.java:shutdownFollowerState(108)) - 2e2b7c4f-1fa0-4360-84eb-5aea739d5e5f: shutdown 2e2b7c4f-1fa0-4360-84eb-5aea739d5e5f@group-73197B762FF1-FollowerState
2021-03-08 02:05:31,361 [Thread-4452] INFO  server.RaftServer$Division (RaftServerImpl.java:setRole(284)) - 2e2b7c4f-1fa0-4360-84eb-5aea739d5e5f@group-73197B762FF1: changes role from  FOLLOWER to CANDIDATE at term 2 for changeToCandidate
2021-03-08 02:05:31,361 [Thread-4452] INFO  server.RaftServerConfigKeys (ConfUtils.java:logGet(44)) - raft.server.leaderelection.pre-vote = false (custom)
2021-03-08 02:05:31,361 [Thread-4452] INFO  impl.RoleInfo (RoleInfo.java:updateAndGet(130)) - 2e2b7c4f-1fa0-4360-84eb-5aea739d5e5f: start 2e2b7c4f-1fa0-4360-84eb-5aea739d5e5f@group-73197B762FF1-LeaderElection202
2021-03-08 02:05:31,362 [2e2b7c4f-1fa0-4360-84eb-5aea739d5e5f@group-73197B762FF1-LeaderElection202] INFO  impl.LeaderElection (LeaderElection.java:askForVotes(307)) - 2e2b7c4f-1fa0-4360-84eb-5aea739d5e5f@group-73197B762FF1-LeaderElection202 ELECTION round 0: submit vote requests at term 3 for -1: [c7780af0-0f31-4130-b62a-7061a7bbaf6d|rpc:172.17.0.2:40671|priority:1, 2e2b7c4f-1fa0-4360-84eb-5aea739d5e5f|rpc:172.17.0.2:45357|priority:0, 8be81fb1-89d0-4709-8656-3472d71d638b|rpc:172.17.0.2:44187|priority:0], old=null
2021-03-08 02:05:31,364 [grpc-default-executor-7] INFO  server.RaftServer$Division (RaftServerImpl.java:requestVote(1025)) - 8be81fb1-89d0-4709-8656-3472d71d638b@group-73197B762FF1: receive requestVote(ELECTION, 2e2b7c4f-1fa0-4360-84eb-5aea739d5e5f, group-73197B762FF1, 3, (t:0, i:0))
2021-03-08 02:05:31,364 [grpc-default-executor-7] INFO  impl.VoteContext (VoteContext.java:log(48)) - 8be81fb1-89d0-4709-8656-3472d71d638b@group-73197B762FF1-FOLLOWER: accept ELECTION from 2e2b7c4f-1fa0-4360-84eb-5aea739d5e5f: our priority 0 <= candidate's priority 0
2021-03-08 02:05:31,364 [grpc-default-executor-7] INFO  server.RaftServer$Division (RaftServerImpl.java:setRole(284)) - 8be81fb1-89d0-4709-8656-3472d71d638b@group-73197B762FF1: changes role from  FOLLOWER to FOLLOWER at term 3 for candidate:2e2b7c4f-1fa0-4360-84eb-5aea739d5e5f
2021-03-08 02:05:31,364 [grpc-default-executor-7] INFO  impl.RoleInfo (RoleInfo.java:shutdownFollowerState(108)) - 8be81fb1-89d0-4709-8656-3472d71d638b: shutdown 8be81fb1-89d0-4709-8656-3472d71d638b@group-73197B762FF1-FollowerState
2021-03-08 02:05:31,364 [grpc-default-executor-7] INFO  impl.RoleInfo (RoleInfo.java:updateAndGet(130)) - 8be81fb1-89d0-4709-8656-3472d71d638b: start 8be81fb1-89d0-4709-8656-3472d71d638b@group-73197B762FF1-FollowerState
2021-03-08 02:05:31,365 [Thread-4451] INFO  impl.FollowerState (FollowerState.java:run(142)) - 8be81fb1-89d0-4709-8656-3472d71d638b@group-73197B762FF1-FollowerState was interrupted: {}
java.lang.InterruptedException: sleep interrupted
	at java.lang.Thread.sleep(Native Method)
	at java.lang.Thread.sleep(Thread.java:340)
	at java.util.concurrent.TimeUnit.sleep(TimeUnit.java:386)
	at org.apache.ratis.util.TimeDuration.sleep(TimeDuration.java:324)
	at org.apache.ratis.util.TimeDuration.sleep(TimeDuration.java:309)
	at org.apache.ratis.server.impl.FollowerState.run(FollowerState.java:117)
2021-03-08 02:05:31,365 [grpc-default-executor-3] INFO  server.RaftServer$Division (RaftServerImpl.java:requestVote(1025)) - c7780af0-0f31-4130-b62a-7061a7bbaf6d@group-73197B762FF1: receive requestVote(ELECTION, 2e2b7c4f-1fa0-4360-84eb-5aea739d5e5f, group-73197B762FF1, 3, (t:0, i:0))
2021-03-08 02:05:31,372 [Thread-4450] INFO  impl.FollowerState (FollowerState.java:run(133)) - c7780af0-0f31-4130-b62a-7061a7bbaf6d@group-73197B762FF1-FollowerState: change to CANDIDATE, lastRpcElapsedTime:5122016741ns, electionTimeout:5110ms
2021-03-08 02:05:31,372 [grpc-default-executor-7] INFO  server.RaftServer$Division (RaftServerImpl.java:requestVote(1057)) - 8be81fb1-89d0-4709-8656-3472d71d638b@group-73197B762FF1 replies to ELECTION vote request: 2e2b7c4f-1fa0-4360-84eb-5aea739d5e5f<-8be81fb1-89d0-4709-8656-3472d71d638b#0:OK-t3. Peer's state: 8be81fb1-89d0-4709-8656-3472d71d638b@group-73197B762FF1:t3, leader=null, voted=2e2b7c4f-1fa0-4360-84eb-5aea739d5e5f, raftlog=8be81fb1-89d0-4709-8656-3472d71d638b@group-73197B762FF1-SegmentedRaftLog:OPENED:c-1,f-1,i0, conf=-1: [c7780af0-0f31-4130-b62a-7061a7bbaf6d|rpc:172.17.0.2:40671|dataStream:|priority:1, 2e2b7c4f-1fa0-4360-84eb-5aea739d5e5f|rpc:172.17.0.2:45357|dataStream:|priority:0, 8be81fb1-89d0-4709-8656-3472d71d638b|rpc:172.17.0.2:44187|dataStream:|priority:0], old=null
2021-03-08 02:05:31,372 [Thread-4450] INFO  impl.RoleInfo (RoleInfo.java:shutdownFollowerState(108)) - c7780af0-0f31-4130-b62a-7061a7bbaf6d: shutdown c7780af0-0f31-4130-b62a-7061a7bbaf6d@group-73197B762FF1-FollowerState
2021-03-08 02:05:31,372 [Thread-4450] INFO  server.RaftServer$Division (RaftServerImpl.java:setRole(284)) - c7780af0-0f31-4130-b62a-7061a7bbaf6d@group-73197B762FF1: changes role from  FOLLOWER to CANDIDATE at term 2 for changeToCandidate
2021-03-08 02:05:31,372 [Thread-4450] INFO  server.RaftServerConfigKeys (ConfUtils.java:logGet(44)) - raft.server.leaderelection.pre-vote = false (custom)
2021-03-08 02:05:31,372 [Thread-4450] INFO  impl.RoleInfo (RoleInfo.java:updateAndGet(130)) - c7780af0-0f31-4130-b62a-7061a7bbaf6d: start c7780af0-0f31-4130-b62a-7061a7bbaf6d@group-73197B762FF1-LeaderElection203
2021-03-08 02:05:31,373 [grpc-default-executor-3] INFO  impl.VoteContext (VoteContext.java:log(48)) - c7780af0-0f31-4130-b62a-7061a7bbaf6d@group-73197B762FF1-CANDIDATE: reject ELECTION from 2e2b7c4f-1fa0-4360-84eb-5aea739d5e5f: our priority 1 > candidate's priority 0
2021-03-08 02:05:31,373 [grpc-default-executor-3] INFO  server.RaftServer$Division (RaftServerImpl.java:setRole(284)) - c7780af0-0f31-4130-b62a-7061a7bbaf6d@group-73197B762FF1: changes role from CANDIDATE to FOLLOWER at term 3 for candidate:2e2b7c4f-1fa0-4360-84eb-5aea739d5e5f
2021-03-08 02:05:31,373 [grpc-default-executor-3] INFO  impl.RoleInfo (RoleInfo.java:shutdownLeaderElection(121)) - c7780af0-0f31-4130-b62a-7061a7bbaf6d: shutdown c7780af0-0f31-4130-b62a-7061a7bbaf6d@group-73197B762FF1-LeaderElection203
2021-03-08 02:05:31,373 [grpc-default-executor-3] INFO  impl.RoleInfo (RoleInfo.java:updateAndGet(130)) - c7780af0-0f31-4130-b62a-7061a7bbaf6d: start c7780af0-0f31-4130-b62a-7061a7bbaf6d@group-73197B762FF1-FollowerState
2021-03-08 02:05:31,374 [c7780af0-0f31-4130-b62a-7061a7bbaf6d@group-73197B762FF1-LeaderElection203] INFO  impl.LeaderElection (LeaderElection.java:run(231)) - c7780af0-0f31-4130-b62a-7061a7bbaf6d@group-73197B762FF1-LeaderElection203: skip running since this is already CLOSING
2021-03-08 02:05:31,375 [grpc-default-executor-3] INFO  server.RaftServer$Division (RaftServerImpl.java:requestVote(1057)) - c7780af0-0f31-4130-b62a-7061a7bbaf6d@group-73197B762FF1 replies to ELECTION vote request: 2e2b7c4f-1fa0-4360-84eb-5aea739d5e5f<-c7780af0-0f31-4130-b62a-7061a7bbaf6d#0:FAIL-t3. Peer's state: c7780af0-0f31-4130-b62a-7061a7bbaf6d@group-73197B762FF1:t3, leader=null, voted=null, raftlog=c7780af0-0f31-4130-b62a-7061a7bbaf6d@group-73197B762FF1-SegmentedRaftLog:OPENED:c-1,f-1,i0, conf=-1: [c7780af0-0f31-4130-b62a-7061a7bbaf6d|rpc:172.17.0.2:40671|dataStream:|priority:1, 2e2b7c4f-1fa0-4360-84eb-5aea739d5e5f|rpc:172.17.0.2:45357|dataStream:|priority:0, 8be81fb1-89d0-4709-8656-3472d71d638b|rpc:172.17.0.2:44187|dataStream:|priority:0], old=null
2021-03-08 02:05:31,375 [2e2b7c4f-1fa0-4360-84eb-5aea739d5e5f@group-73197B762FF1-LeaderElection202] INFO  impl.LeaderElection (LeaderElection.java:logAndReturn(89)) - 2e2b7c4f-1fa0-4360-84eb-5aea739d5e5f@group-73197B762FF1-LeaderElection202: ELECTION REJECTED received 2 response(s) and 0 exception(s):
2021-03-08 02:05:31,375 [2e2b7c4f-1fa0-4360-84eb-5aea739d5e5f@group-73197B762FF1-LeaderElection202] INFO  impl.LeaderElection (LeaderElection.java:logAndReturn(93)) -   Response 0: 2e2b7c4f-1fa0-4360-84eb-5aea739d5e5f<-c7780af0-0f31-4130-b62a-7061a7bbaf6d#0:FAIL-t3
2021-03-08 02:05:31,375 [2e2b7c4f-1fa0-4360-84eb-5aea739d5e5f@group-73197B762FF1-LeaderElection202] INFO  impl.LeaderElection (LeaderElection.java:logAndReturn(93)) -   Response 1: 2e2b7c4f-1fa0-4360-84eb-5aea739d5e5f<-8be81fb1-89d0-4709-8656-3472d71d638b#0:OK-t3
2021-03-08 02:05:31,375 [2e2b7c4f-1fa0-4360-84eb-5aea739d5e5f@group-73197B762FF1-LeaderElection202] INFO  impl.LeaderElection (LeaderElection.java:askForVotes(309)) - 2e2b7c4f-1fa0-4360-84eb-5aea739d5e5f@group-73197B762FF1-LeaderElection202 ELECTION round 0: result REJECTED
2021-03-08 02:05:31,375 [2e2b7c4f-1fa0-4360-84eb-5aea739d5e5f@group-73197B762FF1-LeaderElection202] INFO  server.RaftServer$Division (RaftServerImpl.java:setRole(284)) - 2e2b7c4f-1fa0-4360-84eb-5aea739d5e5f@group-73197B762FF1: changes role from CANDIDATE to FOLLOWER at term 3 for REJECTED
2021-03-08 02:05:31,375 [2e2b7c4f-1fa0-4360-84eb-5aea739d5e5f@group-73197B762FF1-LeaderElection202] INFO  impl.RoleInfo (RoleInfo.java:shutdownLeaderElection(121)) - 2e2b7c4f-1fa0-4360-84eb-5aea739d5e5f: shutdown 2e2b7c4f-1fa0-4360-84eb-5aea739d5e5f@group-73197B762FF1-LeaderElection202
2021-03-08 02:05:31,376 [2e2b7c4f-1fa0-4360-84eb-5aea739d5e5f@group-73197B762FF1-LeaderElection202] INFO  impl.RoleInfo (RoleInfo.java:updateAndGet(130)) - 2e2b7c4f-1fa0-4360-84eb-5aea739d5e5f: start 2e2b7c4f-1fa0-4360-84eb-5aea739d5e5f@group-73197B762FF1-FollowerState
2021-03-08 02:05:35,691 [Thread-4470] INFO  impl.FollowerState (FollowerState.java:run(133)) - 92084499-c42d-4e9c-90ed-faecbf58ca46@group-A36F55C25C0F-FollowerState: change to CANDIDATE, lastRpcElapsedTime:5041321128ns, electionTimeout:5041ms
2021-03-08 02:05:35,692 [Thread-4470] INFO  impl.RoleInfo (RoleInfo.java:shutdownFollowerState(108)) - 92084499-c42d-4e9c-90ed-faecbf58ca46: shutdown 92084499-c42d-4e9c-90ed-faecbf58ca46@group-A36F55C25C0F-FollowerState
2021-03-08 02:05:35,692 [Thread-4470] INFO  server.RaftServer$Division (RaftServerImpl.java:setRole(284)) - 92084499-c42d-4e9c-90ed-faecbf58ca46@group-A36F55C25C0F: changes role from  FOLLOWER to CANDIDATE at term 4 for changeToCandidate
2021-03-08 02:05:35,692 [Thread-4470] INFO  server.RaftServerConfigKeys (ConfUtils.java:logGet(44)) - raft.server.leaderelection.pre-vote = false (custom)
2021-03-08 02:05:35,692 [Thread-4470] INFO  impl.RoleInfo (RoleInfo.java:updateAndGet(130)) - 92084499-c42d-4e9c-90ed-faecbf58ca46: start 92084499-c42d-4e9c-90ed-faecbf58ca46@group-A36F55C25C0F-LeaderElection204
2021-03-08 02:05:35,694 [92084499-c42d-4e9c-90ed-faecbf58ca46@group-A36F55C25C0F-LeaderElection204] INFO  impl.LeaderElection (LeaderElection.java:askForVotes(307)) - 92084499-c42d-4e9c-90ed-faecbf58ca46@group-A36F55C25C0F-LeaderElection204 ELECTION round 0: submit vote requests at term 5 for -1: [6ba9ab1d-3af3-415d-b63e-d033c6891994|rpc:172.17.0.2:33141|priority:1, bc98b27f-878f-4dad-a502-417d70977e4e|rpc:172.17.0.2:44359|priority:0, 92084499-c42d-4e9c-90ed-faecbf58ca46|rpc:172.17.0.2:44599|priority:0], old=null
2021-03-08 02:05:35,695 [grpc-default-executor-3] INFO  server.RaftServer$Division (RaftServerImpl.java:requestVote(1025)) - 6ba9ab1d-3af3-415d-b63e-d033c6891994@group-A36F55C25C0F: receive requestVote(ELECTION, 92084499-c42d-4e9c-90ed-faecbf58ca46, group-A36F55C25C0F, 5, (t:0, i:0))
2021-03-08 02:05:35,695 [grpc-default-executor-7] INFO  server.RaftServer$Division (RaftServerImpl.java:requestVote(1025)) - bc98b27f-878f-4dad-a502-417d70977e4e@group-A36F55C25C0F: receive requestVote(ELECTION, 92084499-c42d-4e9c-90ed-faecbf58ca46, group-A36F55C25C0F, 5, (t:0, i:0))
2021-03-08 02:05:35,695 [grpc-default-executor-7] INFO  impl.VoteContext (VoteContext.java:log(48)) - bc98b27f-878f-4dad-a502-417d70977e4e@group-A36F55C25C0F-FOLLOWER: accept ELECTION from 92084499-c42d-4e9c-90ed-faecbf58ca46: our priority 0 <= candidate's priority 0
2021-03-08 02:05:35,695 [grpc-default-executor-7] INFO  server.RaftServer$Division (RaftServerImpl.java:setRole(284)) - bc98b27f-878f-4dad-a502-417d70977e4e@group-A36F55C25C0F: changes role from  FOLLOWER to FOLLOWER at term 5 for candidate:92084499-c42d-4e9c-90ed-faecbf58ca46
2021-03-08 02:05:35,695 [grpc-default-executor-7] INFO  impl.RoleInfo (RoleInfo.java:shutdownFollowerState(108)) - bc98b27f-878f-4dad-a502-417d70977e4e: shutdown bc98b27f-878f-4dad-a502-417d70977e4e@group-A36F55C25C0F-FollowerState
2021-03-08 02:05:35,696 [grpc-default-executor-7] INFO  impl.RoleInfo (RoleInfo.java:updateAndGet(130)) - bc98b27f-878f-4dad-a502-417d70977e4e: start bc98b27f-878f-4dad-a502-417d70977e4e@group-A36F55C25C0F-FollowerState
2021-03-08 02:05:35,695 [grpc-default-executor-3] INFO  impl.VoteContext (VoteContext.java:log(48)) - 6ba9ab1d-3af3-415d-b63e-d033c6891994@group-A36F55C25C0F-FOLLOWER: reject ELECTION from 92084499-c42d-4e9c-90ed-faecbf58ca46: our last entry (t:1, i:0) > candidate's last entry (t:0, i:0)
2021-03-08 02:05:35,696 [grpc-default-executor-3] INFO  server.RaftServer$Division (RaftServerImpl.java:setRole(284)) - 6ba9ab1d-3af3-415d-b63e-d033c6891994@group-A36F55C25C0F: changes role from  FOLLOWER to FOLLOWER at term 5 for candidate:92084499-c42d-4e9c-90ed-faecbf58ca46
2021-03-08 02:05:35,696 [grpc-default-executor-3] INFO  impl.RoleInfo (RoleInfo.java:shutdownFollowerState(108)) - 6ba9ab1d-3af3-415d-b63e-d033c6891994: shutdown 6ba9ab1d-3af3-415d-b63e-d033c6891994@group-A36F55C25C0F-FollowerState
2021-03-08 02:05:35,696 [Thread-4468] INFO  impl.FollowerState (FollowerState.java:run(142)) - bc98b27f-878f-4dad-a502-417d70977e4e@group-A36F55C25C0F-FollowerState was interrupted: {}
java.lang.InterruptedException: sleep interrupted
	at java.lang.Thread.sleep(Native Method)
	at java.lang.Thread.sleep(Thread.java:340)
	at java.util.concurrent.TimeUnit.sleep(TimeUnit.java:386)
	at org.apache.ratis.util.TimeDuration.sleep(TimeDuration.java:324)
	at org.apache.ratis.util.TimeDuration.sleep(TimeDuration.java:309)
	at org.apache.ratis.server.impl.FollowerState.run(FollowerState.java:117)
2021-03-08 02:05:35,696 [grpc-default-executor-3] INFO  impl.RoleInfo (RoleInfo.java:updateAndGet(130)) - 6ba9ab1d-3af3-415d-b63e-d033c6891994: start 6ba9ab1d-3af3-415d-b63e-d033c6891994@group-A36F55C25C0F-FollowerState
2021-03-08 02:05:35,696 [Thread-4469] INFO  impl.FollowerState (FollowerState.java:run(142)) - 6ba9ab1d-3af3-415d-b63e-d033c6891994@group-A36F55C25C0F-FollowerState was interrupted: {}
java.lang.InterruptedException: sleep interrupted
	at java.lang.Thread.sleep(Native Method)
	at java.lang.Thread.sleep(Thread.java:340)
	at java.util.concurrent.TimeUnit.sleep(TimeUnit.java:386)
	at org.apache.ratis.util.TimeDuration.sleep(TimeDuration.java:324)
	at org.apache.ratis.util.TimeDuration.sleep(TimeDuration.java:309)
	at org.apache.ratis.server.impl.FollowerState.run(FollowerState.java:117)
2021-03-08 02:05:35,698 [grpc-default-executor-7] INFO  server.RaftServer$Division (RaftServerImpl.java:requestVote(1057)) - bc98b27f-878f-4dad-a502-417d70977e4e@group-A36F55C25C0F replies to ELECTION vote request: 92084499-c42d-4e9c-90ed-faecbf58ca46<-bc98b27f-878f-4dad-a502-417d70977e4e#0:OK-t5. Peer's state: bc98b27f-878f-4dad-a502-417d70977e4e@group-A36F55C25C0F:t5, leader=null, voted=92084499-c42d-4e9c-90ed-faecbf58ca46, raftlog=bc98b27f-878f-4dad-a502-417d70977e4e@group-A36F55C25C0F-SegmentedRaftLog:OPENED:c-1,f-1,i0, conf=-1: [6ba9ab1d-3af3-415d-b63e-d033c6891994|rpc:172.17.0.2:33141|dataStream:|priority:1, bc98b27f-878f-4dad-a502-417d70977e4e|rpc:172.17.0.2:44359|dataStream:|priority:0, 92084499-c42d-4e9c-90ed-faecbf58ca46|rpc:172.17.0.2:44599|dataStream:|priority:0], old=null
2021-03-08 02:05:35,698 [grpc-default-executor-3] INFO  server.RaftServer$Division (RaftServerImpl.java:requestVote(1057)) - 6ba9ab1d-3af3-415d-b63e-d033c6891994@group-A36F55C25C0F replies to ELECTION vote request: 92084499-c42d-4e9c-90ed-faecbf58ca46<-6ba9ab1d-3af3-415d-b63e-d033c6891994#0:FAIL-t5. Peer's state: 6ba9ab1d-3af3-415d-b63e-d033c6891994@group-A36F55C25C0F:t5, leader=null, voted=null, raftlog=6ba9ab1d-3af3-415d-b63e-d033c6891994@group-A36F55C25C0F-SegmentedRaftLog:OPENED:c-1,f0,i0, conf=0: [6ba9ab1d-3af3-415d-b63e-d033c6891994|rpc:172.17.0.2:33141|dataStream:|priority:1, bc98b27f-878f-4dad-a502-417d70977e4e|rpc:172.17.0.2:44359|dataStream:|priority:0, 92084499-c42d-4e9c-90ed-faecbf58ca46|rpc:172.17.0.2:44599|dataStream:|priority:0], old=null
2021-03-08 02:05:35,699 [92084499-c42d-4e9c-90ed-faecbf58ca46@group-A36F55C25C0F-LeaderElection204] INFO  impl.LeaderElection (LeaderElection.java:logAndReturn(89)) - 92084499-c42d-4e9c-90ed-faecbf58ca46@group-A36F55C25C0F-LeaderElection204: ELECTION REJECTED received 2 response(s) and 0 exception(s):
2021-03-08 02:05:35,699 [92084499-c42d-4e9c-90ed-faecbf58ca46@group-A36F55C25C0F-LeaderElection204] INFO  impl.LeaderElection (LeaderElection.java:logAndReturn(93)) -   Response 0: 92084499-c42d-4e9c-90ed-faecbf58ca46<-6ba9ab1d-3af3-415d-b63e-d033c6891994#0:FAIL-t5
2021-03-08 02:05:35,699 [92084499-c42d-4e9c-90ed-faecbf58ca46@group-A36F55C25C0F-LeaderElection204] INFO  impl.LeaderElection (LeaderElection.java:logAndReturn(93)) -   Response 1: 92084499-c42d-4e9c-90ed-faecbf58ca46<-bc98b27f-878f-4dad-a502-417d70977e4e#0:OK-t5
2021-03-08 02:05:35,699 [92084499-c42d-4e9c-90ed-faecbf58ca46@group-A36F55C25C0F-LeaderElection204] INFO  impl.LeaderElection (LeaderElection.java:askForVotes(309)) - 92084499-c42d-4e9c-90ed-faecbf58ca46@group-A36F55C25C0F-LeaderElection204 ELECTION round 0: result REJECTED
2021-03-08 02:05:35,699 [92084499-c42d-4e9c-90ed-faecbf58ca46@group-A36F55C25C0F-LeaderElection204] INFO  server.RaftServer$Division (RaftServerImpl.java:setRole(284)) - 92084499-c42d-4e9c-90ed-faecbf58ca46@group-A36F55C25C0F: changes role from CANDIDATE to FOLLOWER at term 5 for REJECTED
2021-03-08 02:05:35,699 [92084499-c42d-4e9c-90ed-faecbf58ca46@group-A36F55C25C0F-LeaderElection204] INFO  impl.RoleInfo (RoleInfo.java:shutdownLeaderElection(121)) - 92084499-c42d-4e9c-90ed-faecbf58ca46: shutdown 92084499-c42d-4e9c-90ed-faecbf58ca46@group-A36F55C25C0F-LeaderElection204
2021-03-08 02:05:35,699 [92084499-c42d-4e9c-90ed-faecbf58ca46@group-A36F55C25C0F-LeaderElection204] INFO  impl.RoleInfo (RoleInfo.java:updateAndGet(130)) - 92084499-c42d-4e9c-90ed-faecbf58ca46: start 92084499-c42d-4e9c-90ed-faecbf58ca46@group-A36F55C25C0F-FollowerState
2021-03-08 02:05:35,750 [Thread-4476] INFO  impl.FollowerState (FollowerState.java:run(133)) - 6ba9ab1d-3af3-415d-b63e-d033c6891994@group-507EAFB998CB-FollowerState: change to CANDIDATE, lastRpcElapsedTime:5063454245ns, electionTimeout:5063ms
2021-03-08 02:05:35,750 [Thread-4476] INFO  impl.RoleInfo (RoleInfo.java:shutdownFollowerState(108)) - 6ba9ab1d-3af3-415d-b63e-d033c6891994: shutdown 6ba9ab1d-3af3-415d-b63e-d033c6891994@group-507EAFB998CB-FollowerState
2021-03-08 02:05:35,750 [Thread-4476] INFO  server.RaftServer$Division (RaftServerImpl.java:setRole(284)) - 6ba9ab1d-3af3-415d-b63e-d033c6891994@group-507EAFB998CB: changes role from  FOLLOWER to CANDIDATE at term 3 for changeToCandidate
2021-03-08 02:05:35,750 [Thread-4476] INFO  server.RaftServerConfigKeys (ConfUtils.java:logGet(44)) - raft.server.leaderelection.pre-vote = false (custom)
2021-03-08 02:05:35,750 [Thread-4476] INFO  impl.RoleInfo (RoleInfo.java:updateAndGet(130)) - 6ba9ab1d-3af3-415d-b63e-d033c6891994: start 6ba9ab1d-3af3-415d-b63e-d033c6891994@group-507EAFB998CB-LeaderElection205
2021-03-08 02:05:35,752 [6ba9ab1d-3af3-415d-b63e-d033c6891994@group-507EAFB998CB-LeaderElection205] INFO  impl.LeaderElection (LeaderElection.java:askForVotes(307)) - 6ba9ab1d-3af3-415d-b63e-d033c6891994@group-507EAFB998CB-LeaderElection205 ELECTION round 0: submit vote requests at term 4 for -1: [6ba9ab1d-3af3-415d-b63e-d033c6891994|rpc:172.17.0.2:33141|dataStream:|priority:0, bc98b27f-878f-4dad-a502-417d70977e4e|rpc:172.17.0.2:44359|dataStream:|priority:0, 92084499-c42d-4e9c-90ed-faecbf58ca46|rpc:172.17.0.2:44599|dataStream:|priority:1], old=null
2021-03-08 02:05:35,753 [grpc-default-executor-7] INFO  server.RaftServer$Division (RaftServerImpl.java:requestVote(1025)) - bc98b27f-878f-4dad-a502-417d70977e4e@group-507EAFB998CB: receive requestVote(ELECTION, 6ba9ab1d-3af3-415d-b63e-d033c6891994, group-507EAFB998CB, 4, (t:0, i:0))
2021-03-08 02:05:35,753 [grpc-default-executor-7] INFO  impl.VoteContext (VoteContext.java:log(48)) - bc98b27f-878f-4dad-a502-417d70977e4e@group-507EAFB998CB-FOLLOWER: accept ELECTION from 6ba9ab1d-3af3-415d-b63e-d033c6891994: our priority 0 <= candidate's priority 0
2021-03-08 02:05:35,753 [grpc-default-executor-7] INFO  server.RaftServer$Division (RaftServerImpl.java:setRole(284)) - bc98b27f-878f-4dad-a502-417d70977e4e@group-507EAFB998CB: changes role from  FOLLOWER to FOLLOWER at term 4 for candidate:6ba9ab1d-3af3-415d-b63e-d033c6891994
2021-03-08 02:05:35,753 [grpc-default-executor-7] INFO  impl.RoleInfo (RoleInfo.java:shutdownFollowerState(108)) - bc98b27f-878f-4dad-a502-417d70977e4e: shutdown bc98b27f-878f-4dad-a502-417d70977e4e@group-507EAFB998CB-FollowerState
2021-03-08 02:05:35,753 [grpc-default-executor-7] INFO  impl.RoleInfo (RoleInfo.java:updateAndGet(130)) - bc98b27f-878f-4dad-a502-417d70977e4e: start bc98b27f-878f-4dad-a502-417d70977e4e@group-507EAFB998CB-FollowerState
2021-03-08 02:05:35,754 [grpc-default-executor-7] INFO  server.RaftServer$Division (RaftServerImpl.java:requestVote(1057)) - bc98b27f-878f-4dad-a502-417d70977e4e@group-507EAFB998CB replies to ELECTION vote request: 6ba9ab1d-3af3-415d-b63e-d033c6891994<-bc98b27f-878f-4dad-a502-417d70977e4e#0:OK-t4. Peer's state: bc98b27f-878f-4dad-a502-417d70977e4e@group-507EAFB998CB:t4, leader=null, voted=6ba9ab1d-3af3-415d-b63e-d033c6891994, raftlog=bc98b27f-878f-4dad-a502-417d70977e4e@group-507EAFB998CB-SegmentedRaftLog:OPENED:c-1,f-1,i0, conf=-1: [6ba9ab1d-3af3-415d-b63e-d033c6891994|rpc:172.17.0.2:33141|dataStream:|priority:0, bc98b27f-878f-4dad-a502-417d70977e4e|rpc:172.17.0.2:44359|dataStream:|priority:0, 92084499-c42d-4e9c-90ed-faecbf58ca46|rpc:172.17.0.2:44599|dataStream:|priority:1], old=null
2021-03-08 02:05:35,755 [Thread-4474] INFO  impl.FollowerState (FollowerState.java:run(142)) - bc98b27f-878f-4dad-a502-417d70977e4e@group-507EAFB998CB-FollowerState was interrupted: {}
java.lang.InterruptedException: sleep interrupted
	at java.lang.Thread.sleep(Native Method)
	at java.lang.Thread.sleep(Thread.java:340)
	at java.util.concurrent.TimeUnit.sleep(TimeUnit.java:386)
	at org.apache.ratis.util.TimeDuration.sleep(TimeDuration.java:324)
	at org.apache.ratis.util.TimeDuration.sleep(TimeDuration.java:309)
	at org.apache.ratis.server.impl.FollowerState.run(FollowerState.java:117)
2021-03-08 02:05:35,757 [grpc-default-executor-7] INFO  server.RaftServer$Division (RaftServerImpl.java:requestVote(1025)) - 92084499-c42d-4e9c-90ed-faecbf58ca46@group-507EAFB998CB: receive requestVote(ELECTION, 6ba9ab1d-3af3-415d-b63e-d033c6891994, group-507EAFB998CB, 4, (t:0, i:0))
2021-03-08 02:05:35,757 [grpc-default-executor-7] INFO  impl.VoteContext (VoteContext.java:log(48)) - 92084499-c42d-4e9c-90ed-faecbf58ca46@group-507EAFB998CB-FOLLOWER: reject ELECTION from 6ba9ab1d-3af3-415d-b63e-d033c6891994: our priority 1 > candidate's priority 0
2021-03-08 02:05:35,757 [grpc-default-executor-7] INFO  server.RaftServer$Division (RaftServerImpl.java:setRole(284)) - 92084499-c42d-4e9c-90ed-faecbf58ca46@group-507EAFB998CB: changes role from  FOLLOWER to FOLLOWER at term 4 for candidate:6ba9ab1d-3af3-415d-b63e-d033c6891994
2021-03-08 02:05:35,757 [grpc-default-executor-7] INFO  impl.RoleInfo (RoleInfo.java:shutdownFollowerState(108)) - 92084499-c42d-4e9c-90ed-faecbf58ca46: shutdown 92084499-c42d-4e9c-90ed-faecbf58ca46@group-507EAFB998CB-FollowerState
2021-03-08 02:05:35,757 [grpc-default-executor-7] INFO  impl.RoleInfo (RoleInfo.java:updateAndGet(130)) - 92084499-c42d-4e9c-90ed-faecbf58ca46: start 92084499-c42d-4e9c-90ed-faecbf58ca46@group-507EAFB998CB-FollowerState
2021-03-08 02:05:35,757 [Thread-4475] INFO  impl.FollowerState (FollowerState.java:run(142)) - 92084499-c42d-4e9c-90ed-faecbf58ca46@group-507EAFB998CB-FollowerState was interrupted: {}
java.lang.InterruptedException: sleep interrupted
	at java.lang.Thread.sleep(Native Method)
	at java.lang.Thread.sleep(Thread.java:340)
	at java.util.concurrent.TimeUnit.sleep(TimeUnit.java:386)
	at org.apache.ratis.util.TimeDuration.sleep(TimeDuration.java:324)
	at org.apache.ratis.util.TimeDuration.sleep(TimeDuration.java:309)
	at org.apache.ratis.server.impl.FollowerState.run(FollowerState.java:117)
2021-03-08 02:05:35,761 [grpc-default-executor-7] INFO  server.RaftServer$Division (RaftServerImpl.java:requestVote(1057)) - 92084499-c42d-4e9c-90ed-faecbf58ca46@group-507EAFB998CB replies to ELECTION vote request: 6ba9ab1d-3af3-415d-b63e-d033c6891994<-92084499-c42d-4e9c-90ed-faecbf58ca46#0:FAIL-t4. Peer's state: 92084499-c42d-4e9c-90ed-faecbf58ca46@group-507EAFB998CB:t4, leader=null, voted=null, raftlog=92084499-c42d-4e9c-90ed-faecbf58ca46@group-507EAFB998CB-SegmentedRaftLog:OPENED:c-1,f-1,i0, conf=-1: [6ba9ab1d-3af3-415d-b63e-d033c6891994|rpc:172.17.0.2:33141|priority:0, bc98b27f-878f-4dad-a502-417d70977e4e|rpc:172.17.0.2:44359|priority:0, 92084499-c42d-4e9c-90ed-faecbf58ca46|rpc:172.17.0.2:44599|priority:1], old=null
2021-03-08 02:05:35,761 [6ba9ab1d-3af3-415d-b63e-d033c6891994@group-507EAFB998CB-LeaderElection205] INFO  impl.LeaderElection (LeaderElection.java:logAndReturn(89)) - 6ba9ab1d-3af3-415d-b63e-d033c6891994@group-507EAFB998CB-LeaderElection205: ELECTION REJECTED received 2 response(s) and 0 exception(s):
2021-03-08 02:05:35,761 [6ba9ab1d-3af3-415d-b63e-d033c6891994@group-507EAFB998CB-LeaderElection205] INFO  impl.LeaderElection (LeaderElection.java:logAndReturn(93)) -   Response 0: 6ba9ab1d-3af3-415d-b63e-d033c6891994<-bc98b27f-878f-4dad-a502-417d70977e4e#0:OK-t4
2021-03-08 02:05:35,761 [6ba9ab1d-3af3-415d-b63e-d033c6891994@group-507EAFB998CB-LeaderElection205] INFO  impl.LeaderElection (LeaderElection.java:logAndReturn(93)) -   Response 1: 6ba9ab1d-3af3-415d-b63e-d033c6891994<-92084499-c42d-4e9c-90ed-faecbf58ca46#0:FAIL-t4
2021-03-08 02:05:35,761 [6ba9ab1d-3af3-415d-b63e-d033c6891994@group-507EAFB998CB-LeaderElection205] INFO  impl.LeaderElection (LeaderElection.java:askForVotes(309)) - 6ba9ab1d-3af3-415d-b63e-d033c6891994@group-507EAFB998CB-LeaderElection205 ELECTION round 0: result REJECTED
2021-03-08 02:05:35,761 [6ba9ab1d-3af3-415d-b63e-d033c6891994@group-507EAFB998CB-LeaderElection205] INFO  server.RaftServer$Division (RaftServerImpl.java:setRole(284)) - 6ba9ab1d-3af3-415d-b63e-d033c6891994@group-507EAFB998CB: changes role from CANDIDATE to FOLLOWER at term 4 for REJECTED
2021-03-08 02:05:35,762 [6ba9ab1d-3af3-415d-b63e-d033c6891994@group-507EAFB998CB-LeaderElection205] INFO  impl.RoleInfo (RoleInfo.java:shutdownLeaderElection(121)) - 6ba9ab1d-3af3-415d-b63e-d033c6891994: shutdown 6ba9ab1d-3af3-415d-b63e-d033c6891994@group-507EAFB998CB-LeaderElection205
2021-03-08 02:05:35,762 [6ba9ab1d-3af3-415d-b63e-d033c6891994@group-507EAFB998CB-LeaderElection205] INFO  impl.RoleInfo (RoleInfo.java:updateAndGet(130)) - 6ba9ab1d-3af3-415d-b63e-d033c6891994: start 6ba9ab1d-3af3-415d-b63e-d033c6891994@group-507EAFB998CB-FollowerState
2021-03-08 02:05:36,398 [Thread-4487] INFO  impl.FollowerState (FollowerState.java:run(133)) - 2e2b7c4f-1fa0-4360-84eb-5aea739d5e5f@group-73197B762FF1-FollowerState: change to CANDIDATE, lastRpcElapsedTime:5022353788ns, electionTimeout:5022ms
2021-03-08 02:05:36,398 [Thread-4487] INFO  impl.RoleInfo (RoleInfo.java:shutdownFollowerState(108)) - 2e2b7c4f-1fa0-4360-84eb-5aea739d5e5f: shutdown 2e2b7c4f-1fa0-4360-84eb-5aea739d5e5f@group-73197B762FF1-FollowerState
2021-03-08 02:05:36,398 [Thread-4487] INFO  server.RaftServer$Division (RaftServerImpl.java:setRole(284)) - 2e2b7c4f-1fa0-4360-84eb-5aea739d5e5f@group-73197B762FF1: changes role from  FOLLOWER to CANDIDATE at term 3 for changeToCandidate
2021-03-08 02:05:36,398 [Thread-4487] INFO  server.RaftServerConfigKeys (ConfUtils.java:logGet(44)) - raft.server.leaderelection.pre-vote = false (custom)
2021-03-08 02:05:36,398 [Thread-4487] INFO  impl.RoleInfo (RoleInfo.java:updateAndGet(130)) - 2e2b7c4f-1fa0-4360-84eb-5aea739d5e5f: start 2e2b7c4f-1fa0-4360-84eb-5aea739d5e5f@group-73197B762FF1-LeaderElection206
2021-03-08 02:05:36,400 [2e2b7c4f-1fa0-4360-84eb-5aea739d5e5f@group-73197B762FF1-LeaderElection206] INFO  impl.LeaderElection (LeaderElection.java:askForVotes(307)) - 2e2b7c4f-1fa0-4360-84eb-5aea739d5e5f@group-73197B762FF1-LeaderElection206 ELECTION round 0: submit vote requests at term 4 for -1: [c7780af0-0f31-4130-b62a-7061a7bbaf6d|rpc:172.17.0.2:40671|priority:1, 2e2b7c4f-1fa0-4360-84eb-5aea739d5e5f|rpc:172.17.0.2:45357|priority:0, 8be81fb1-89d0-4709-8656-3472d71d638b|rpc:172.17.0.2:44187|priority:0], old=null
2021-03-08 02:05:36,402 [grpc-default-executor-7] INFO  server.RaftServer$Division (RaftServerImpl.java:requestVote(1025)) - c7780af0-0f31-4130-b62a-7061a7bbaf6d@group-73197B762FF1: receive requestVote(ELECTION, 2e2b7c4f-1fa0-4360-84eb-5aea739d5e5f, group-73197B762FF1, 4, (t:0, i:0))
2021-03-08 02:05:36,402 [grpc-default-executor-7] INFO  impl.VoteContext (VoteContext.java:log(48)) - c7780af0-0f31-4130-b62a-7061a7bbaf6d@group-73197B762FF1-FOLLOWER: reject ELECTION from 2e2b7c4f-1fa0-4360-84eb-5aea739d5e5f: our priority 1 > candidate's priority 0
2021-03-08 02:05:36,402 [grpc-default-executor-7] INFO  server.RaftServer$Division (RaftServerImpl.java:setRole(284)) - c7780af0-0f31-4130-b62a-7061a7bbaf6d@group-73197B762FF1: changes role from  FOLLOWER to FOLLOWER at term 4 for candidate:2e2b7c4f-1fa0-4360-84eb-5aea739d5e5f
2021-03-08 02:05:36,402 [grpc-default-executor-7] INFO  impl.RoleInfo (RoleInfo.java:shutdownFollowerState(108)) - c7780af0-0f31-4130-b62a-7061a7bbaf6d: shutdown c7780af0-0f31-4130-b62a-7061a7bbaf6d@group-73197B762FF1-FollowerState
2021-03-08 02:05:36,402 [grpc-default-executor-7] INFO  impl.RoleInfo (RoleInfo.java:updateAndGet(130)) - c7780af0-0f31-4130-b62a-7061a7bbaf6d: start c7780af0-0f31-4130-b62a-7061a7bbaf6d@group-73197B762FF1-FollowerState
2021-03-08 02:05:36,402 [Thread-4486] INFO  impl.FollowerState (FollowerState.java:run(142)) - c7780af0-0f31-4130-b62a-7061a7bbaf6d@group-73197B762FF1-FollowerState was interrupted: {}
java.lang.InterruptedException: sleep interrupted
	at java.lang.Thread.sleep(Native Method)
	at java.lang.Thread.sleep(Thread.java:340)
	at java.util.concurrent.TimeUnit.sleep(TimeUnit.java:386)
	at org.apache.ratis.util.TimeDuration.sleep(TimeDuration.java:324)
	at org.apache.ratis.util.TimeDuration.sleep(TimeDuration.java:309)
	at org.apache.ratis.server.impl.FollowerState.run(FollowerState.java:117)
2021-03-08 02:05:36,403 [grpc-default-executor-3] INFO  server.RaftServer$Division (RaftServerImpl.java:requestVote(1025)) - 8be81fb1-89d0-4709-8656-3472d71d638b@group-73197B762FF1: receive requestVote(ELECTION, 2e2b7c4f-1fa0-4360-84eb-5aea739d5e5f, group-73197B762FF1, 4, (t:0, i:0))
2021-03-08 02:05:36,403 [grpc-default-executor-3] INFO  impl.VoteContext (VoteContext.java:log(48)) - 8be81fb1-89d0-4709-8656-3472d71d638b@group-73197B762FF1-FOLLOWER: accept ELECTION from 2e2b7c4f-1fa0-4360-84eb-5aea739d5e5f: our priority 0 <= candidate's priority 0
2021-03-08 02:05:36,403 [grpc-default-executor-3] INFO  server.RaftServer$Division (RaftServerImpl.java:setRole(284)) - 8be81fb1-89d0-4709-8656-3472d71d638b@group-73197B762FF1: changes role from  FOLLOWER to FOLLOWER at term 4 for candidate:2e2b7c4f-1fa0-4360-84eb-5aea739d5e5f
2021-03-08 02:05:36,403 [grpc-default-executor-3] INFO  impl.RoleInfo (RoleInfo.java:shutdownFollowerState(108)) - 8be81fb1-89d0-4709-8656-3472d71d638b: shutdown 8be81fb1-89d0-4709-8656-3472d71d638b@group-73197B762FF1-FollowerState
2021-03-08 02:05:36,403 [grpc-default-executor-3] INFO  impl.RoleInfo (RoleInfo.java:updateAndGet(130)) - 8be81fb1-89d0-4709-8656-3472d71d638b: start 8be81fb1-89d0-4709-8656-3472d71d638b@group-73197B762FF1-FollowerState
2021-03-08 02:05:36,404 [Thread-4484] INFO  impl.FollowerState (FollowerState.java:run(142)) - 8be81fb1-89d0-4709-8656-3472d71d638b@group-73197B762FF1-FollowerState was interrupted: {}
java.lang.InterruptedException: sleep interrupted
	at java.lang.Thread.sleep(Native Method)
	at java.lang.Thread.sleep(Thread.java:340)
	at java.util.concurrent.TimeUnit.sleep(TimeUnit.java:386)
	at org.apache.ratis.util.TimeDuration.sleep(TimeDuration.java:324)
	at org.apache.ratis.util.TimeDuration.sleep(TimeDuration.java:309)
	at org.apache.ratis.server.impl.FollowerState.run(FollowerState.java:117)
2021-03-08 02:05:36,405 [grpc-default-executor-7] INFO  server.RaftServer$Division (RaftServerImpl.java:requestVote(1057)) - c7780af0-0f31-4130-b62a-7061a7bbaf6d@group-73197B762FF1 replies to ELECTION vote request: 2e2b7c4f-1fa0-4360-84eb-5aea739d5e5f<-c7780af0-0f31-4130-b62a-7061a7bbaf6d#0:FAIL-t4. Peer's state: c7780af0-0f31-4130-b62a-7061a7bbaf6d@group-73197B762FF1:t4, leader=null, voted=null, raftlog=c7780af0-0f31-4130-b62a-7061a7bbaf6d@group-73197B762FF1-SegmentedRaftLog:OPENED:c-1,f-1,i0, conf=-1: [c7780af0-0f31-4130-b62a-7061a7bbaf6d|rpc:172.17.0.2:40671|dataStream:|priority:1, 2e2b7c4f-1fa0-4360-84eb-5aea739d5e5f|rpc:172.17.0.2:45357|dataStream:|priority:0, 8be81fb1-89d0-4709-8656-3472d71d638b|rpc:172.17.0.2:44187|dataStream:|priority:0], old=null
2021-03-08 02:05:36,406 [2e2b7c4f-1fa0-4360-84eb-5aea739d5e5f@group-73197B762FF1-LeaderElection206] INFO  impl.LeaderElection (LeaderElection.java:logAndReturn(89)) - 2e2b7c4f-1fa0-4360-84eb-5aea739d5e5f@group-73197B762FF1-LeaderElection206: ELECTION REJECTED received 1 response(s) and 0 exception(s):
2021-03-08 02:05:36,406 [grpc-default-executor-3] INFO  server.RaftServer$Division (RaftServerImpl.java:requestVote(1057)) - 8be81fb1-89d0-4709-8656-3472d71d638b@group-73197B762FF1 replies to ELECTION vote request: 2e2b7c4f-1fa0-4360-84eb-5aea739d5e5f<-8be81fb1-89d0-4709-8656-3472d71d638b#0:OK-t4. Peer's state: 8be81fb1-89d0-4709-8656-3472d71d638b@group-73197B762FF1:t4, leader=null, voted=2e2b7c4f-1fa0-4360-84eb-5aea739d5e5f, raftlog=8be81fb1-89d0-4709-8656-3472d71d638b@group-73197B762FF1-SegmentedRaftLog:OPENED:c-1,f-1,i0, conf=-1: [c7780af0-0f31-4130-b62a-7061a7bbaf6d|rpc:172.17.0.2:40671|dataStream:|priority:1, 2e2b7c4f-1fa0-4360-84eb-5aea739d5e5f|rpc:172.17.0.2:45357|dataStream:|priority:0, 8be81fb1-89d0-4709-8656-3472d71d638b|rpc:172.17.0.2:44187|dataStream:|priority:0], old=null
2021-03-08 02:05:36,406 [2e2b7c4f-1fa0-4360-84eb-5aea739d5e5f@group-73197B762FF1-LeaderElection206] INFO  impl.LeaderElection (LeaderElection.java:logAndReturn(93)) -   Response 0: 2e2b7c4f-1fa0-4360-84eb-5aea739d5e5f<-c7780af0-0f31-4130-b62a-7061a7bbaf6d#0:FAIL-t4
2021-03-08 02:05:36,406 [2e2b7c4f-1fa0-4360-84eb-5aea739d5e5f@group-73197B762FF1-LeaderElection206] INFO  impl.LeaderElection (LeaderElection.java:askForVotes(309)) - 2e2b7c4f-1fa0-4360-84eb-5aea739d5e5f@group-73197B762FF1-LeaderElection206 ELECTION round 0: result REJECTED
2021-03-08 02:05:36,406 [2e2b7c4f-1fa0-4360-84eb-5aea739d5e5f@group-73197B762FF1-LeaderElection206] INFO  server.RaftServer$Division (RaftServerImpl.java:setRole(284)) - 2e2b7c4f-1fa0-4360-84eb-5aea739d5e5f@group-73197B762FF1: changes role from CANDIDATE to FOLLOWER at term 4 for REJECTED
2021-03-08 02:05:36,406 [2e2b7c4f-1fa0-4360-84eb-5aea739d5e5f@group-73197B762FF1-LeaderElection206] INFO  impl.RoleInfo (RoleInfo.java:shutdownLeaderElection(121)) - 2e2b7c4f-1fa0-4360-84eb-5aea739d5e5f: shutdown 2e2b7c4f-1fa0-4360-84eb-5aea739d5e5f@group-73197B762FF1-LeaderElection206
2021-03-08 02:05:36,406 [2e2b7c4f-1fa0-4360-84eb-5aea739d5e5f@group-73197B762FF1-LeaderElection206] INFO  impl.RoleInfo (RoleInfo.java:updateAndGet(130)) - 2e2b7c4f-1fa0-4360-84eb-5aea739d5e5f: start 2e2b7c4f-1fa0-4360-84eb-5aea739d5e5f@group-73197B762FF1-FollowerState
2021-03-08 02:05:40,744 [Thread-4501] INFO  impl.FollowerState (FollowerState.java:run(133)) - bc98b27f-878f-4dad-a502-417d70977e4e@group-A36F55C25C0F-FollowerState: change to CANDIDATE, lastRpcElapsedTime:5046090628ns, electionTimeout:5046ms
2021-03-08 02:05:40,744 [Thread-4501] INFO  impl.RoleInfo (RoleInfo.java:shutdownFollowerState(108)) - bc98b27f-878f-4dad-a502-417d70977e4e: shutdown bc98b27f-878f-4dad-a502-417d70977e4e@group-A36F55C25C0F-FollowerState
2021-03-08 02:05:40,744 [Thread-4501] INFO  server.RaftServer$Division (RaftServerImpl.java:setRole(284)) - bc98b27f-878f-4dad-a502-417d70977e4e@group-A36F55C25C0F: changes role from  FOLLOWER to CANDIDATE at term 5 for changeToCandidate
2021-03-08 02:05:40,744 [Thread-4501] INFO  server.RaftServerConfigKeys (ConfUtils.java:logGet(44)) - raft.server.leaderelection.pre-vote = false (custom)
2021-03-08 02:05:40,744 [Thread-4501] INFO  impl.RoleInfo (RoleInfo.java:updateAndGet(130)) - bc98b27f-878f-4dad-a502-417d70977e4e: start bc98b27f-878f-4dad-a502-417d70977e4e@group-A36F55C25C0F-LeaderElection207
2021-03-08 02:05:40,746 [bc98b27f-878f-4dad-a502-417d70977e4e@group-A36F55C25C0F-LeaderElection207] INFO  impl.LeaderElection (LeaderElection.java:askForVotes(307)) - bc98b27f-878f-4dad-a502-417d70977e4e@group-A36F55C25C0F-LeaderElection207 ELECTION round 0: submit vote requests at term 6 for -1: [6ba9ab1d-3af3-415d-b63e-d033c6891994|rpc:172.17.0.2:33141|dataStream:|priority:1, bc98b27f-878f-4dad-a502-417d70977e4e|rpc:172.17.0.2:44359|dataStream:|priority:0, 92084499-c42d-4e9c-90ed-faecbf58ca46|rpc:172.17.0.2:44599|dataStream:|priority:0], old=null
2021-03-08 02:05:40,748 [grpc-default-executor-6] INFO  server.RaftServer$Division (RaftServerImpl.java:requestVote(1025)) - 6ba9ab1d-3af3-415d-b63e-d033c6891994@group-A36F55C25C0F: receive requestVote(ELECTION, bc98b27f-878f-4dad-a502-417d70977e4e, group-A36F55C25C0F, 6, (t:0, i:0))
2021-03-08 02:05:40,748 [grpc-default-executor-6] INFO  impl.VoteContext (VoteContext.java:log(48)) - 6ba9ab1d-3af3-415d-b63e-d033c6891994@group-A36F55C25C0F-FOLLOWER: reject ELECTION from bc98b27f-878f-4dad-a502-417d70977e4e: our last entry (t:1, i:0) > candidate's last entry (t:0, i:0)
2021-03-08 02:05:40,748 [grpc-default-executor-6] INFO  server.RaftServer$Division (RaftServerImpl.java:setRole(284)) - 6ba9ab1d-3af3-415d-b63e-d033c6891994@group-A36F55C25C0F: changes role from  FOLLOWER to FOLLOWER at term 6 for candidate:bc98b27f-878f-4dad-a502-417d70977e4e
2021-03-08 02:05:40,748 [grpc-default-executor-6] INFO  impl.RoleInfo (RoleInfo.java:shutdownFollowerState(108)) - 6ba9ab1d-3af3-415d-b63e-d033c6891994: shutdown 6ba9ab1d-3af3-415d-b63e-d033c6891994@group-A36F55C25C0F-FollowerState
2021-03-08 02:05:40,748 [grpc-default-executor-6] INFO  impl.RoleInfo (RoleInfo.java:updateAndGet(130)) - 6ba9ab1d-3af3-415d-b63e-d033c6891994: start 6ba9ab1d-3af3-415d-b63e-d033c6891994@group-A36F55C25C0F-FollowerState
2021-03-08 02:05:40,749 [Thread-4502] INFO  impl.FollowerState (FollowerState.java:run(142)) - 6ba9ab1d-3af3-415d-b63e-d033c6891994@group-A36F55C25C0F-FollowerState was interrupted: {}
java.lang.InterruptedException: sleep interrupted
	at java.lang.Thread.sleep(Native Method)
	at java.lang.Thread.sleep(Thread.java:340)
	at java.util.concurrent.TimeUnit.sleep(TimeUnit.java:386)
	at org.apache.ratis.util.TimeDuration.sleep(TimeDuration.java:324)
	at org.apache.ratis.util.TimeDuration.sleep(TimeDuration.java:309)
	at org.apache.ratis.server.impl.FollowerState.run(FollowerState.java:117)
2021-03-08 02:05:40,749 [grpc-default-executor-3] INFO  server.RaftServer$Division (RaftServerImpl.java:requestVote(1025)) - 92084499-c42d-4e9c-90ed-faecbf58ca46@group-A36F55C25C0F: receive requestVote(ELECTION, bc98b27f-878f-4dad-a502-417d70977e4e, group-A36F55C25C0F, 6, (t:0, i:0))
2021-03-08 02:05:40,749 [grpc-default-executor-3] INFO  impl.VoteContext (VoteContext.java:log(48)) - 92084499-c42d-4e9c-90ed-faecbf58ca46@group-A36F55C25C0F-FOLLOWER: accept ELECTION from bc98b27f-878f-4dad-a502-417d70977e4e: our priority 0 <= candidate's priority 0
2021-03-08 02:05:40,749 [grpc-default-executor-3] INFO  server.RaftServer$Division (RaftServerImpl.java:setRole(284)) - 92084499-c42d-4e9c-90ed-faecbf58ca46@group-A36F55C25C0F: changes role from  FOLLOWER to FOLLOWER at term 6 for candidate:bc98b27f-878f-4dad-a502-417d70977e4e
2021-03-08 02:05:40,749 [grpc-default-executor-3] INFO  impl.RoleInfo (RoleInfo.java:shutdownFollowerState(108)) - 92084499-c42d-4e9c-90ed-faecbf58ca46: shutdown 92084499-c42d-4e9c-90ed-faecbf58ca46@group-A36F55C25C0F-FollowerState
2021-03-08 02:05:40,749 [grpc-default-executor-3] INFO  impl.RoleInfo (RoleInfo.java:updateAndGet(130)) - 92084499-c42d-4e9c-90ed-faecbf58ca46: start 92084499-c42d-4e9c-90ed-faecbf58ca46@group-A36F55C25C0F-FollowerState
2021-03-08 02:05:40,749 [Thread-4503] INFO  impl.FollowerState (FollowerState.java:run(142)) - 92084499-c42d-4e9c-90ed-faecbf58ca46@group-A36F55C25C0F-FollowerState was interrupted: {}
java.lang.InterruptedException: sleep interrupted
	at java.lang.Thread.sleep(Native Method)
	at java.lang.Thread.sleep(Thread.java:340)
	at java.util.concurrent.TimeUnit.sleep(TimeUnit.java:386)
	at org.apache.ratis.util.TimeDuration.sleep(TimeDuration.java:324)
	at org.apache.ratis.util.TimeDuration.sleep(TimeDuration.java:309)
	at org.apache.ratis.server.impl.FollowerState.run(FollowerState.java:117)
2021-03-08 02:05:40,750 [grpc-default-executor-6] INFO  server.RaftServer$Division (RaftServerImpl.java:requestVote(1057)) - 6ba9ab1d-3af3-415d-b63e-d033c6891994@group-A36F55C25C0F replies to ELECTION vote request: bc98b27f-878f-4dad-a502-417d70977e4e<-6ba9ab1d-3af3-415d-b63e-d033c6891994#0:FAIL-t6. Peer's state: 6ba9ab1d-3af3-415d-b63e-d033c6891994@group-A36F55C25C0F:t6, leader=null, voted=null, raftlog=6ba9ab1d-3af3-415d-b63e-d033c6891994@group-A36F55C25C0F-SegmentedRaftLog:OPENED:c-1,f0,i0, conf=0: [6ba9ab1d-3af3-415d-b63e-d033c6891994|rpc:172.17.0.2:33141|dataStream:|priority:1, bc98b27f-878f-4dad-a502-417d70977e4e|rpc:172.17.0.2:44359|dataStream:|priority:0, 92084499-c42d-4e9c-90ed-faecbf58ca46|rpc:172.17.0.2:44599|dataStream:|priority:0], old=null
2021-03-08 02:05:40,752 [bc98b27f-878f-4dad-a502-417d70977e4e@group-A36F55C25C0F-LeaderElection207] INFO  impl.LeaderElection (LeaderElection.java:logAndReturn(89)) - bc98b27f-878f-4dad-a502-417d70977e4e@group-A36F55C25C0F-LeaderElection207: ELECTION REJECTED received 1 response(s) and 0 exception(s):
2021-03-08 02:05:40,752 [bc98b27f-878f-4dad-a502-417d70977e4e@group-A36F55C25C0F-LeaderElection207] INFO  impl.LeaderElection (LeaderElection.java:logAndReturn(93)) -   Response 0: bc98b27f-878f-4dad-a502-417d70977e4e<-6ba9ab1d-3af3-415d-b63e-d033c6891994#0:FAIL-t6
2021-03-08 02:05:40,752 [bc98b27f-878f-4dad-a502-417d70977e4e@group-A36F55C25C0F-LeaderElection207] INFO  impl.LeaderElection (LeaderElection.java:askForVotes(309)) - bc98b27f-878f-4dad-a502-417d70977e4e@group-A36F55C25C0F-LeaderElection207 ELECTION round 0: result REJECTED
2021-03-08 02:05:40,752 [bc98b27f-878f-4dad-a502-417d70977e4e@group-A36F55C25C0F-LeaderElection207] INFO  server.RaftServer$Division (RaftServerImpl.java:setRole(284)) - bc98b27f-878f-4dad-a502-417d70977e4e@group-A36F55C25C0F: changes role from CANDIDATE to FOLLOWER at term 6 for REJECTED
2021-03-08 02:05:40,752 [bc98b27f-878f-4dad-a502-417d70977e4e@group-A36F55C25C0F-LeaderElection207] INFO  impl.RoleInfo (RoleInfo.java:shutdownLeaderElection(121)) - bc98b27f-878f-4dad-a502-417d70977e4e: shutdown bc98b27f-878f-4dad-a502-417d70977e4e@group-A36F55C25C0F-LeaderElection207
2021-03-08 02:05:40,753 [bc98b27f-878f-4dad-a502-417d70977e4e@group-A36F55C25C0F-LeaderElection207] INFO  impl.RoleInfo (RoleInfo.java:updateAndGet(130)) - bc98b27f-878f-4dad-a502-417d70977e4e: start bc98b27f-878f-4dad-a502-417d70977e4e@group-A36F55C25C0F-FollowerState
2021-03-08 02:05:40,753 [grpc-default-executor-3] INFO  server.RaftServer$Division (RaftServerImpl.java:requestVote(1057)) - 92084499-c42d-4e9c-90ed-faecbf58ca46@group-A36F55C25C0F replies to ELECTION vote request: bc98b27f-878f-4dad-a502-417d70977e4e<-92084499-c42d-4e9c-90ed-faecbf58ca46#0:OK-t6. Peer's state: 92084499-c42d-4e9c-90ed-faecbf58ca46@group-A36F55C25C0F:t6, leader=null, voted=bc98b27f-878f-4dad-a502-417d70977e4e, raftlog=92084499-c42d-4e9c-90ed-faecbf58ca46@group-A36F55C25C0F-SegmentedRaftLog:OPENED:c-1,f-1,i0, conf=-1: [6ba9ab1d-3af3-415d-b63e-d033c6891994|rpc:172.17.0.2:33141|priority:1, bc98b27f-878f-4dad-a502-417d70977e4e|rpc:172.17.0.2:44359|priority:0, 92084499-c42d-4e9c-90ed-faecbf58ca46|rpc:172.17.0.2:44599|priority:0], old=null
2021-03-08 02:05:40,850 [Thread-4508] INFO  impl.FollowerState (FollowerState.java:run(133)) - 92084499-c42d-4e9c-90ed-faecbf58ca46@group-507EAFB998CB-FollowerState: change to CANDIDATE, lastRpcElapsedTime:5092901688ns, electionTimeout:5090ms
2021-03-08 02:05:40,850 [Thread-4508] INFO  impl.RoleInfo (RoleInfo.java:shutdownFollowerState(108)) - 92084499-c42d-4e9c-90ed-faecbf58ca46: shutdown 92084499-c42d-4e9c-90ed-faecbf58ca46@group-507EAFB998CB-FollowerState
2021-03-08 02:05:40,850 [Thread-4508] INFO  server.RaftServer$Division (RaftServerImpl.java:setRole(284)) - 92084499-c42d-4e9c-90ed-faecbf58ca46@group-507EAFB998CB: changes role from  FOLLOWER to CANDIDATE at term 4 for changeToCandidate
2021-03-08 02:05:40,850 [Thread-4508] INFO  server.RaftServerConfigKeys (ConfUtils.java:logGet(44)) - raft.server.leaderelection.pre-vote = false (custom)
2021-03-08 02:05:40,850 [Thread-4508] INFO  impl.RoleInfo (RoleInfo.java:updateAndGet(130)) - 92084499-c42d-4e9c-90ed-faecbf58ca46: start 92084499-c42d-4e9c-90ed-faecbf58ca46@group-507EAFB998CB-LeaderElection208
2021-03-08 02:05:40,852 [92084499-c42d-4e9c-90ed-faecbf58ca46@group-507EAFB998CB-LeaderElection208] INFO  impl.LeaderElection (LeaderElection.java:askForVotes(307)) - 92084499-c42d-4e9c-90ed-faecbf58ca46@group-507EAFB998CB-LeaderElection208 ELECTION round 0: submit vote requests at term 5 for -1: [6ba9ab1d-3af3-415d-b63e-d033c6891994|rpc:172.17.0.2:33141|priority:0, bc98b27f-878f-4dad-a502-417d70977e4e|rpc:172.17.0.2:44359|priority:0, 92084499-c42d-4e9c-90ed-faecbf58ca46|rpc:172.17.0.2:44599|priority:1], old=null
2021-03-08 02:05:40,853 [grpc-default-executor-3] INFO  server.RaftServer$Division (RaftServerImpl.java:requestVote(1025)) - bc98b27f-878f-4dad-a502-417d70977e4e@group-507EAFB998CB: receive requestVote(ELECTION, 92084499-c42d-4e9c-90ed-faecbf58ca46, group-507EAFB998CB, 5, (t:0, i:0))
2021-03-08 02:05:40,853 [grpc-default-executor-3] INFO  impl.VoteContext (VoteContext.java:log(48)) - bc98b27f-878f-4dad-a502-417d70977e4e@group-507EAFB998CB-FOLLOWER: accept ELECTION from 92084499-c42d-4e9c-90ed-faecbf58ca46: our priority 0 <= candidate's priority 1
2021-03-08 02:05:40,853 [grpc-default-executor-3] INFO  server.RaftServer$Division (RaftServerImpl.java:setRole(284)) - bc98b27f-878f-4dad-a502-417d70977e4e@group-507EAFB998CB: changes role from  FOLLOWER to FOLLOWER at term 5 for candidate:92084499-c42d-4e9c-90ed-faecbf58ca46
2021-03-08 02:05:40,853 [grpc-default-executor-3] INFO  impl.RoleInfo (RoleInfo.java:shutdownFollowerState(108)) - bc98b27f-878f-4dad-a502-417d70977e4e: shutdown bc98b27f-878f-4dad-a502-417d70977e4e@group-507EAFB998CB-FollowerState
2021-03-08 02:05:40,853 [grpc-default-executor-3] INFO  impl.RoleInfo (RoleInfo.java:updateAndGet(130)) - bc98b27f-878f-4dad-a502-417d70977e4e: start bc98b27f-878f-4dad-a502-417d70977e4e@group-507EAFB998CB-FollowerState
2021-03-08 02:05:40,853 [Thread-4507] INFO  impl.FollowerState (FollowerState.java:run(142)) - bc98b27f-878f-4dad-a502-417d70977e4e@group-507EAFB998CB-FollowerState was interrupted: {}
java.lang.InterruptedException: sleep interrupted
	at java.lang.Thread.sleep(Native Method)
	at java.lang.Thread.sleep(Thread.java:340)
	at java.util.concurrent.TimeUnit.sleep(TimeUnit.java:386)
	at org.apache.ratis.util.TimeDuration.sleep(TimeDuration.java:324)
	at org.apache.ratis.util.TimeDuration.sleep(TimeDuration.java:309)
	at org.apache.ratis.server.impl.FollowerState.run(FollowerState.java:117)
2021-03-08 02:05:40,854 [grpc-default-executor-6] INFO  server.RaftServer$Division (RaftServerImpl.java:requestVote(1025)) - 6ba9ab1d-3af3-415d-b63e-d033c6891994@group-507EAFB998CB: receive requestVote(ELECTION, 92084499-c42d-4e9c-90ed-faecbf58ca46, group-507EAFB998CB, 5, (t:0, i:0))
2021-03-08 02:05:40,854 [grpc-default-executor-6] INFO  impl.VoteContext (VoteContext.java:log(48)) - 6ba9ab1d-3af3-415d-b63e-d033c6891994@group-507EAFB998CB-FOLLOWER: accept ELECTION from 92084499-c42d-4e9c-90ed-faecbf58ca46: our priority 0 <= candidate's priority 1
2021-03-08 02:05:40,854 [grpc-default-executor-6] INFO  server.RaftServer$Division (RaftServerImpl.java:setRole(284)) - 6ba9ab1d-3af3-415d-b63e-d033c6891994@group-507EAFB998CB: changes role from  FOLLOWER to FOLLOWER at term 5 for candidate:92084499-c42d-4e9c-90ed-faecbf58ca46
2021-03-08 02:05:40,854 [grpc-default-executor-6] INFO  impl.RoleInfo (RoleInfo.java:shutdownFollowerState(108)) - 6ba9ab1d-3af3-415d-b63e-d033c6891994: shutdown 6ba9ab1d-3af3-415d-b63e-d033c6891994@group-507EAFB998CB-FollowerState
2021-03-08 02:05:40,854 [grpc-default-executor-6] INFO  impl.RoleInfo (RoleInfo.java:updateAndGet(130)) - 6ba9ab1d-3af3-415d-b63e-d033c6891994: start 6ba9ab1d-3af3-415d-b63e-d033c6891994@group-507EAFB998CB-FollowerState
2021-03-08 02:05:40,854 [Thread-4509] INFO  impl.FollowerState (FollowerState.java:run(142)) - 6ba9ab1d-3af3-415d-b63e-d033c6891994@group-507EAFB998CB-FollowerState was interrupted: {}
java.lang.InterruptedException: sleep interrupted
	at java.lang.Thread.sleep(Native Method)
	at java.lang.Thread.sleep(Thread.java:340)
	at java.util.concurrent.TimeUnit.sleep(TimeUnit.java:386)
	at org.apache.ratis.util.TimeDuration.sleep(TimeDuration.java:324)
	at org.apache.ratis.util.TimeDuration.sleep(TimeDuration.java:309)
	at org.apache.ratis.server.impl.FollowerState.run(FollowerState.java:117)
2021-03-08 02:05:40,855 [grpc-default-executor-3] INFO  server.RaftServer$Division (RaftServerImpl.java:requestVote(1057)) - bc98b27f-878f-4dad-a502-417d70977e4e@group-507EAFB998CB replies to ELECTION vote request: 92084499-c42d-4e9c-90ed-faecbf58ca46<-bc98b27f-878f-4dad-a502-417d70977e4e#0:OK-t5. Peer's state: bc98b27f-878f-4dad-a502-417d70977e4e@group-507EAFB998CB:t5, leader=null, voted=92084499-c42d-4e9c-90ed-faecbf58ca46, raftlog=bc98b27f-878f-4dad-a502-417d70977e4e@group-507EAFB998CB-SegmentedRaftLog:OPENED:c-1,f-1,i0, conf=-1: [6ba9ab1d-3af3-415d-b63e-d033c6891994|rpc:172.17.0.2:33141|dataStream:|priority:0, bc98b27f-878f-4dad-a502-417d70977e4e|rpc:172.17.0.2:44359|dataStream:|priority:0, 92084499-c42d-4e9c-90ed-faecbf58ca46|rpc:172.17.0.2:44599|dataStream:|priority:1], old=null
2021-03-08 02:05:40,855 [grpc-default-executor-6] INFO  server.RaftServer$Division (RaftServerImpl.java:requestVote(1057)) - 6ba9ab1d-3af3-415d-b63e-d033c6891994@group-507EAFB998CB replies to ELECTION vote request: 92084499-c42d-4e9c-90ed-faecbf58ca46<-6ba9ab1d-3af3-415d-b63e-d033c6891994#0:OK-t5. Peer's state: 6ba9ab1d-3af3-415d-b63e-d033c6891994@group-507EAFB998CB:t5, leader=null, voted=92084499-c42d-4e9c-90ed-faecbf58ca46, raftlog=6ba9ab1d-3af3-415d-b63e-d033c6891994@group-507EAFB998CB-SegmentedRaftLog:OPENED:c-1,f-1,i0, conf=-1: [6ba9ab1d-3af3-415d-b63e-d033c6891994|rpc:172.17.0.2:33141|dataStream:|priority:0, bc98b27f-878f-4dad-a502-417d70977e4e|rpc:172.17.0.2:44359|dataStream:|priority:0, 92084499-c42d-4e9c-90ed-faecbf58ca46|rpc:172.17.0.2:44599|dataStream:|priority:1], old=null
2021-03-08 02:05:40,856 [92084499-c42d-4e9c-90ed-faecbf58ca46@group-507EAFB998CB-LeaderElection208] INFO  impl.LeaderElection (LeaderElection.java:logAndReturn(89)) - 92084499-c42d-4e9c-90ed-faecbf58ca46@group-507EAFB998CB-LeaderElection208: ELECTION PASSED received 1 response(s) and 0 exception(s):
2021-03-08 02:05:40,856 [92084499-c42d-4e9c-90ed-faecbf58ca46@group-507EAFB998CB-LeaderElection208] INFO  impl.LeaderElection (LeaderElection.java:logAndReturn(93)) -   Response 0: 92084499-c42d-4e9c-90ed-faecbf58ca46<-6ba9ab1d-3af3-415d-b63e-d033c6891994#0:OK-t5
2021-03-08 02:05:40,856 [92084499-c42d-4e9c-90ed-faecbf58ca46@group-507EAFB998CB-LeaderElection208] INFO  impl.LeaderElection (LeaderElection.java:askForVotes(309)) - 92084499-c42d-4e9c-90ed-faecbf58ca46@group-507EAFB998CB-LeaderElection208 ELECTION round 0: result PASSED
2021-03-08 02:05:40,856 [92084499-c42d-4e9c-90ed-faecbf58ca46@group-507EAFB998CB-LeaderElection208] INFO  impl.RoleInfo (RoleInfo.java:shutdownLeaderElection(121)) - 92084499-c42d-4e9c-90ed-faecbf58ca46: shutdown 92084499-c42d-4e9c-90ed-faecbf58ca46@group-507EAFB998CB-LeaderElection208
2021-03-08 02:05:40,856 [92084499-c42d-4e9c-90ed-faecbf58ca46@group-507EAFB998CB-LeaderElection208] INFO  server.RaftServer$Division (RaftServerImpl.java:setRole(284)) - 92084499-c42d-4e9c-90ed-faecbf58ca46@group-507EAFB998CB: changes role from CANDIDATE to LEADER at term 5 for changeToLeader
2021-03-08 02:05:40,856 [92084499-c42d-4e9c-90ed-faecbf58ca46@group-507EAFB998CB-LeaderElection208] INFO  ratis.XceiverServerRatis (XceiverServerRatis.java:handleLeaderChangedNotification(899)) - Leader change notification received for group: group-507EAFB998CB with new leaderId: 92084499-c42d-4e9c-90ed-faecbf58ca46
2021-03-08 02:05:40,857 [92084499-c42d-4e9c-90ed-faecbf58ca46@group-507EAFB998CB-LeaderElection208] INFO  server.RaftServer$Division (ServerState.java:setLeader(271)) - 92084499-c42d-4e9c-90ed-faecbf58ca46@group-507EAFB998CB: change Leader from null to 92084499-c42d-4e9c-90ed-faecbf58ca46 at term 5 for becomeLeader, leader elected after 25448ms
2021-03-08 02:05:40,857 [92084499-c42d-4e9c-90ed-faecbf58ca46@group-507EAFB998CB-LeaderElection208] INFO  server.RaftServerConfigKeys (ConfUtils.java:logGet(44)) - raft.server.staging.catchup.gap = 1000 (default)
2021-03-08 02:05:40,857 [92084499-c42d-4e9c-90ed-faecbf58ca46@group-507EAFB998CB-LeaderElection208] INFO  metrics.RatisMetrics (RatisMetrics.java:lambda$create$0(36)) - Creating Metrics Registry : ratis.log_appender.92084499-c42d-4e9c-90ed-faecbf58ca46@group-507EAFB998CB
2021-03-08 02:05:40,857 [92084499-c42d-4e9c-90ed-faecbf58ca46@group-507EAFB998CB-LeaderElection208] INFO  server.RaftServerConfigKeys (ConfUtils.java:logGet(44)) - raft.server.write.element-limit = 1024 (custom)
2021-03-08 02:05:40,857 [92084499-c42d-4e9c-90ed-faecbf58ca46@group-507EAFB998CB-LeaderElection208] INFO  server.RaftServerConfigKeys (ConfUtils.java:logGet(44)) - raft.server.write.byte-limit = 1073741824 (custom)
2021-03-08 02:05:40,860 [92084499-c42d-4e9c-90ed-faecbf58ca46@group-507EAFB998CB-LeaderElection208] INFO  server.RaftServerConfigKeys (ConfUtils.java:logGet(44)) - raft.server.watch.timeout = 3000ms (custom)
2021-03-08 02:05:40,860 [92084499-c42d-4e9c-90ed-faecbf58ca46@group-507EAFB998CB-LeaderElection208] INFO  server.RaftServerConfigKeys (ConfUtils.java:logGet(44)) - raft.server.watch.timeout.denomination = 1s (default)
2021-03-08 02:05:40,860 [92084499-c42d-4e9c-90ed-faecbf58ca46@group-507EAFB998CB-LeaderElection208] INFO  server.RaftServerConfigKeys (ConfUtils.java:logGet(44)) - raft.server.watch.element-limit = 65536 (default)
2021-03-08 02:05:40,860 [92084499-c42d-4e9c-90ed-faecbf58ca46@group-507EAFB998CB-LeaderElection208] INFO  server.RaftServerConfigKeys (ConfUtils.java:logGet(44)) - raft.server.log.appender.snapshot.chunk.size.max = 16MB (=16777216) (default)
2021-03-08 02:05:40,860 [92084499-c42d-4e9c-90ed-faecbf58ca46@group-507EAFB998CB-LeaderElection208] INFO  server.RaftServerConfigKeys (ConfUtils.java:logGet(44)) - raft.server.log.appender.buffer.byte-limit = 33554432 (custom)
2021-03-08 02:05:40,860 [92084499-c42d-4e9c-90ed-faecbf58ca46@group-507EAFB998CB-LeaderElection208] INFO  server.RaftServerConfigKeys (ConfUtils.java:logGet(44)) - raft.server.log.appender.buffer.element-limit = 1 (custom)
2021-03-08 02:05:40,860 [92084499-c42d-4e9c-90ed-faecbf58ca46@group-507EAFB998CB-LeaderElection208] INFO  grpc.GrpcConfigKeys (ConfUtils.java:logGet(44)) - raft.grpc.server.leader.outstanding.appends.max = 128 (default)
2021-03-08 02:05:40,860 [92084499-c42d-4e9c-90ed-faecbf58ca46@group-507EAFB998CB-LeaderElection208] INFO  server.RaftServerConfigKeys (ConfUtils.java:logGet(44)) - raft.server.rpc.request.timeout = 3000ms (default)
2021-03-08 02:05:40,860 [92084499-c42d-4e9c-90ed-faecbf58ca46@group-507EAFB998CB-LeaderElection208] INFO  server.RaftServerConfigKeys (ConfUtils.java:logGet(44)) - raft.server.log.appender.install.snapshot.enabled = false (custom)
2021-03-08 02:05:40,860 [92084499-c42d-4e9c-90ed-faecbf58ca46@group-507EAFB998CB-LeaderElection208] INFO  metrics.RatisMetrics (RatisMetrics.java:lambda$create$0(36)) - Creating Metrics Registry : ratis_grpc.log_appender.92084499-c42d-4e9c-90ed-faecbf58ca46@group-507EAFB998CB
2021-03-08 02:05:40,861 [EventQueue-PipelineReportForPipelineReportHandler] INFO  pipeline.PipelineStateManager (PipelineStateManager.java:openPipeline(132)) - Pipeline Pipeline[ Id: 314f1900-63e8-41f8-9152-507eafb998cb, Nodes: 6ba9ab1d-3af3-415d-b63e-d033c6891994{ip: 172.17.0.2, host: 55665278a03a, ports: [REPLICATION=35637, RATIS=33141, RATIS_ADMIN=33141, RATIS_SERVER=33141, STANDALONE=38047], networkLocation: /default-rack, certSerialId: null, persistedOpState: IN_SERVICE, persistedOpStateExpiryEpochSec: 0}bc98b27f-878f-4dad-a502-417d70977e4e{ip: 172.17.0.2, host: 55665278a03a, ports: [REPLICATION=42419, RATIS=44359, RATIS_ADMIN=44359, RATIS_SERVER=44359, STANDALONE=33229], networkLocation: /default-rack, certSerialId: null, persistedOpState: IN_SERVICE, persistedOpStateExpiryEpochSec: 0}92084499-c42d-4e9c-90ed-faecbf58ca46{ip: 172.17.0.2, host: 55665278a03a, ports: [REPLICATION=38411, RATIS=44599, RATIS_ADMIN=44599, RATIS_SERVER=44599, STANDALONE=46429], networkLocation: /default-rack, certSerialId: null, persistedOpState: IN_SERVICE, persistedOpStateExpiryEpochSec: 0}, Type:RATIS, Factor:THREE, State:ALLOCATED, leaderId:92084499-c42d-4e9c-90ed-faecbf58ca46, CreationTimestamp2021-03-08T02:05:12.681Z] moved to OPEN state
2021-03-08 02:05:40,864 [92084499-c42d-4e9c-90ed-faecbf58ca46@group-507EAFB998CB-LeaderElection208] INFO  server.RaftServerConfigKeys (ConfUtils.java:logGet(44)) - raft.server.log.appender.snapshot.chunk.size.max = 16MB (=16777216) (default)
2021-03-08 02:05:40,864 [92084499-c42d-4e9c-90ed-faecbf58ca46@group-507EAFB998CB-LeaderElection208] INFO  server.RaftServerConfigKeys (ConfUtils.java:logGet(44)) - raft.server.log.appender.buffer.byte-limit = 33554432 (custom)
2021-03-08 02:05:40,864 [92084499-c42d-4e9c-90ed-faecbf58ca46@group-507EAFB998CB-LeaderElection208] INFO  server.RaftServerConfigKeys (ConfUtils.java:logGet(44)) - raft.server.log.appender.buffer.element-limit = 1 (custom)
2021-03-08 02:05:40,864 [92084499-c42d-4e9c-90ed-faecbf58ca46@group-507EAFB998CB-LeaderElection208] INFO  grpc.GrpcConfigKeys (ConfUtils.java:logGet(44)) - raft.grpc.server.leader.outstanding.appends.max = 128 (default)
2021-03-08 02:05:40,864 [92084499-c42d-4e9c-90ed-faecbf58ca46@group-507EAFB998CB-LeaderElection208] INFO  server.RaftServerConfigKeys (ConfUtils.java:logGet(44)) - raft.server.rpc.request.timeout = 3000ms (default)
2021-03-08 02:05:40,864 [92084499-c42d-4e9c-90ed-faecbf58ca46@group-507EAFB998CB-LeaderElection208] INFO  server.RaftServerConfigKeys (ConfUtils.java:logGet(44)) - raft.server.log.appender.install.snapshot.enabled = false (custom)
2021-03-08 02:05:40,866 [92084499-c42d-4e9c-90ed-faecbf58ca46@group-507EAFB998CB-LeaderElection208] INFO  impl.RoleInfo (RoleInfo.java:updateAndGet(130)) - 92084499-c42d-4e9c-90ed-faecbf58ca46: start 92084499-c42d-4e9c-90ed-faecbf58ca46@group-507EAFB998CB-LeaderStateImpl
2021-03-08 02:05:40,867 [92084499-c42d-4e9c-90ed-faecbf58ca46@group-507EAFB998CB-LeaderElection208] INFO  segmented.SegmentedRaftLogWorker (SegmentedRaftLogWorker.java:startLogSegment(392)) - 92084499-c42d-4e9c-90ed-faecbf58ca46@group-507EAFB998CB-SegmentedRaftLogWorker: Starting segment from index:0
2021-03-08 02:05:40,868 [92084499-c42d-4e9c-90ed-faecbf58ca46@group-507EAFB998CB-SegmentedRaftLogWorker] INFO  segmented.SegmentedRaftLogWorker (SegmentedRaftLogWorker.java:execute(599)) - 92084499-c42d-4e9c-90ed-faecbf58ca46@group-507EAFB998CB-SegmentedRaftLogWorker: created new log segment /github/workspace/mnt/ozone/hadoop-ozone/integration-test/target/test-dir/MiniOzoneClusterImpl-ccaa8949-4e5a-4858-a1f5-413699190f1a/datanode-0/data/ratis/314f1900-63e8-41f8-9152-507eafb998cb/current/log_inprogress_0
2021-03-08 02:05:40,876 [92084499-c42d-4e9c-90ed-faecbf58ca46@group-507EAFB998CB-LeaderElection208] INFO  server.RaftServer$Division (ServerState.java:setRaftConf(373)) - 92084499-c42d-4e9c-90ed-faecbf58ca46@group-507EAFB998CB: set configuration 0: [6ba9ab1d-3af3-415d-b63e-d033c6891994|rpc:172.17.0.2:33141|dataStream:|priority:0, bc98b27f-878f-4dad-a502-417d70977e4e|rpc:172.17.0.2:44359|dataStream:|priority:0, 92084499-c42d-4e9c-90ed-faecbf58ca46|rpc:172.17.0.2:44599|dataStream:|priority:1], old=null
2021-03-08 02:05:40,884 [grpc-default-executor-3] INFO  ratis.XceiverServerRatis (XceiverServerRatis.java:handleLeaderChangedNotification(899)) - Leader change notification received for group: group-507EAFB998CB with new leaderId: 92084499-c42d-4e9c-90ed-faecbf58ca46
2021-03-08 02:05:40,884 [grpc-default-executor-3] INFO  server.RaftServer$Division (ServerState.java:setLeader(271)) - 6ba9ab1d-3af3-415d-b63e-d033c6891994@group-507EAFB998CB: change Leader from null to 92084499-c42d-4e9c-90ed-faecbf58ca46 at term 5 for appendEntries, leader elected after 25456ms
2021-03-08 02:05:40,884 [grpc-default-executor-7] INFO  ratis.XceiverServerRatis (XceiverServerRatis.java:handleLeaderChangedNotification(899)) - Leader change notification received for group: group-507EAFB998CB with new leaderId: 92084499-c42d-4e9c-90ed-faecbf58ca46
2021-03-08 02:05:40,884 [grpc-default-executor-7] INFO  server.RaftServer$Division (ServerState.java:setLeader(271)) - bc98b27f-878f-4dad-a502-417d70977e4e@group-507EAFB998CB: change Leader from null to 92084499-c42d-4e9c-90ed-faecbf58ca46 at term 5 for appendEntries, leader elected after 25433ms
2021-03-08 02:05:40,891 [grpc-default-executor-3] INFO  server.RaftServer$Division (ServerState.java:setRaftConf(373)) - 6ba9ab1d-3af3-415d-b63e-d033c6891994@group-507EAFB998CB: set configuration 0: [6ba9ab1d-3af3-415d-b63e-d033c6891994|rpc:172.17.0.2:33141|dataStream:|priority:0, bc98b27f-878f-4dad-a502-417d70977e4e|rpc:172.17.0.2:44359|dataStream:|priority:0, 92084499-c42d-4e9c-90ed-faecbf58ca46|rpc:172.17.0.2:44599|dataStream:|priority:1], old=null
2021-03-08 02:05:40,899 [grpc-default-executor-7] INFO  server.RaftServer$Division (ServerState.java:setRaftConf(373)) - bc98b27f-878f-4dad-a502-417d70977e4e@group-507EAFB998CB: set configuration 0: [6ba9ab1d-3af3-415d-b63e-d033c6891994|rpc:172.17.0.2:33141|dataStream:|priority:0, bc98b27f-878f-4dad-a502-417d70977e4e|rpc:172.17.0.2:44359|dataStream:|priority:0, 92084499-c42d-4e9c-90ed-faecbf58ca46|rpc:172.17.0.2:44599|dataStream:|priority:1], old=null
2021-03-08 02:05:40,900 [grpc-default-executor-3] INFO  segmented.SegmentedRaftLogWorker (SegmentedRaftLogWorker.java:startLogSegment(392)) - 6ba9ab1d-3af3-415d-b63e-d033c6891994@group-507EAFB998CB-SegmentedRaftLogWorker: Starting segment from index:0
2021-03-08 02:05:40,902 [grpc-default-executor-7] INFO  segmented.SegmentedRaftLogWorker (SegmentedRaftLogWorker.java:startLogSegment(392)) - bc98b27f-878f-4dad-a502-417d70977e4e@group-507EAFB998CB-SegmentedRaftLogWorker: Starting segment from index:0
2021-03-08 02:05:40,903 [bc98b27f-878f-4dad-a502-417d70977e4e@group-507EAFB998CB-SegmentedRaftLogWorker] INFO  segmented.SegmentedRaftLogWorker (SegmentedRaftLogWorker.java:execute(599)) - bc98b27f-878f-4dad-a502-417d70977e4e@group-507EAFB998CB-SegmentedRaftLogWorker: created new log segment /github/workspace/mnt/ozone/hadoop-ozone/integration-test/target/test-dir/MiniOzoneClusterImpl-ccaa8949-4e5a-4858-a1f5-413699190f1a/datanode-2/data/ratis/314f1900-63e8-41f8-9152-507eafb998cb/current/log_inprogress_0
2021-03-08 02:05:40,904 [6ba9ab1d-3af3-415d-b63e-d033c6891994@group-507EAFB998CB-SegmentedRaftLogWorker] INFO  segmented.SegmentedRaftLogWorker (SegmentedRaftLogWorker.java:execute(599)) - 6ba9ab1d-3af3-415d-b63e-d033c6891994@group-507EAFB998CB-SegmentedRaftLogWorker: created new log segment /github/workspace/mnt/ozone/hadoop-ozone/integration-test/target/test-dir/MiniOzoneClusterImpl-ccaa8949-4e5a-4858-a1f5-413699190f1a/datanode-1/data/ratis/314f1900-63e8-41f8-9152-507eafb998cb/current/log_inprogress_0
2021-03-08 02:05:41,443 [Thread-4519] INFO  impl.FollowerState (FollowerState.java:run(133)) - 2e2b7c4f-1fa0-4360-84eb-5aea739d5e5f@group-73197B762FF1-FollowerState: change to CANDIDATE, lastRpcElapsedTime:5036669686ns, electionTimeout:5036ms
2021-03-08 02:05:41,443 [Thread-4519] INFO  impl.RoleInfo (RoleInfo.java:shutdownFollowerState(108)) - 2e2b7c4f-1fa0-4360-84eb-5aea739d5e5f: shutdown 2e2b7c4f-1fa0-4360-84eb-5aea739d5e5f@group-73197B762FF1-FollowerState
2021-03-08 02:05:41,443 [Thread-4519] INFO  server.RaftServer$Division (RaftServerImpl.java:setRole(284)) - 2e2b7c4f-1fa0-4360-84eb-5aea739d5e5f@group-73197B762FF1: changes role from  FOLLOWER to CANDIDATE at term 4 for changeToCandidate
2021-03-08 02:05:41,443 [Thread-4519] INFO  server.RaftServerConfigKeys (ConfUtils.java:logGet(44)) - raft.server.leaderelection.pre-vote = false (custom)
2021-03-08 02:05:41,443 [Thread-4519] INFO  impl.RoleInfo (RoleInfo.java:updateAndGet(130)) - 2e2b7c4f-1fa0-4360-84eb-5aea739d5e5f: start 2e2b7c4f-1fa0-4360-84eb-5aea739d5e5f@group-73197B762FF1-LeaderElection209
2021-03-08 02:05:41,445 [2e2b7c4f-1fa0-4360-84eb-5aea739d5e5f@group-73197B762FF1-LeaderElection209] INFO  impl.LeaderElection (LeaderElection.java:askForVotes(307)) - 2e2b7c4f-1fa0-4360-84eb-5aea739d5e5f@group-73197B762FF1-LeaderElection209 ELECTION round 0: submit vote requests at term 5 for -1: [c7780af0-0f31-4130-b62a-7061a7bbaf6d|rpc:172.17.0.2:40671|priority:1, 2e2b7c4f-1fa0-4360-84eb-5aea739d5e5f|rpc:172.17.0.2:45357|priority:0, 8be81fb1-89d0-4709-8656-3472d71d638b|rpc:172.17.0.2:44187|priority:0], old=null
2021-03-08 02:05:41,446 [grpc-default-executor-0] INFO  server.RaftServer$Division (RaftServerImpl.java:requestVote(1025)) - 8be81fb1-89d0-4709-8656-3472d71d638b@group-73197B762FF1: receive requestVote(ELECTION, 2e2b7c4f-1fa0-4360-84eb-5aea739d5e5f, group-73197B762FF1, 5, (t:0, i:0))
2021-03-08 02:05:41,446 [grpc-default-executor-0] INFO  impl.VoteContext (VoteContext.java:log(48)) - 8be81fb1-89d0-4709-8656-3472d71d638b@group-73197B762FF1-FOLLOWER: accept ELECTION from 2e2b7c4f-1fa0-4360-84eb-5aea739d5e5f: our priority 0 <= candidate's priority 0
2021-03-08 02:05:41,446 [grpc-default-executor-0] INFO  server.RaftServer$Division (RaftServerImpl.java:setRole(284)) - 8be81fb1-89d0-4709-8656-3472d71d638b@group-73197B762FF1: changes role from  FOLLOWER to FOLLOWER at term 5 for candidate:2e2b7c4f-1fa0-4360-84eb-5aea739d5e5f
2021-03-08 02:05:41,446 [grpc-default-executor-0] INFO  impl.RoleInfo (RoleInfo.java:shutdownFollowerState(108)) - 8be81fb1-89d0-4709-8656-3472d71d638b: shutdown 8be81fb1-89d0-4709-8656-3472d71d638b@group-73197B762FF1-FollowerState
2021-03-08 02:05:41,446 [grpc-default-executor-7] INFO  server.RaftServer$Division (RaftServerImpl.java:requestVote(1025)) - c7780af0-0f31-4130-b62a-7061a7bbaf6d@group-73197B762FF1: receive requestVote(ELECTION, 2e2b7c4f-1fa0-4360-84eb-5aea739d5e5f, group-73197B762FF1, 5, (t:0, i:0))
2021-03-08 02:05:41,446 [Thread-4518] INFO  impl.FollowerState (FollowerState.java:run(142)) - 8be81fb1-89d0-4709-8656-3472d71d638b@group-73197B762FF1-FollowerState was interrupted: {}
java.lang.InterruptedException: sleep interrupted
	at java.lang.Thread.sleep(Native Method)
	at java.lang.Thread.sleep(Thread.java:340)
	at java.util.concurrent.TimeUnit.sleep(TimeUnit.java:386)
	at org.apache.ratis.util.TimeDuration.sleep(TimeDuration.java:324)
	at org.apache.ratis.util.TimeDuration.sleep(TimeDuration.java:309)
	at org.apache.ratis.server.impl.FollowerState.run(FollowerState.java:117)
2021-03-08 02:05:41,446 [grpc-default-executor-0] INFO  impl.RoleInfo (RoleInfo.java:updateAndGet(130)) - 8be81fb1-89d0-4709-8656-3472d71d638b: start 8be81fb1-89d0-4709-8656-3472d71d638b@group-73197B762FF1-FollowerState
2021-03-08 02:05:41,447 [grpc-default-executor-7] INFO  impl.VoteContext (VoteContext.java:log(48)) - c7780af0-0f31-4130-b62a-7061a7bbaf6d@group-73197B762FF1-FOLLOWER: reject ELECTION from 2e2b7c4f-1fa0-4360-84eb-5aea739d5e5f: our priority 1 > candidate's priority 0
2021-03-08 02:05:41,447 [grpc-default-executor-7] INFO  server.RaftServer$Division (RaftServerImpl.java:setRole(284)) - c7780af0-0f31-4130-b62a-7061a7bbaf6d@group-73197B762FF1: changes role from  FOLLOWER to FOLLOWER at term 5 for candidate:2e2b7c4f-1fa0-4360-84eb-5aea739d5e5f
2021-03-08 02:05:41,447 [grpc-default-executor-7] INFO  impl.RoleInfo (RoleInfo.java:shutdownFollowerState(108)) - c7780af0-0f31-4130-b62a-7061a7bbaf6d: shutdown c7780af0-0f31-4130-b62a-7061a7bbaf6d@group-73197B762FF1-FollowerState
2021-03-08 02:05:41,447 [grpc-default-executor-7] INFO  impl.RoleInfo (RoleInfo.java:updateAndGet(130)) - c7780af0-0f31-4130-b62a-7061a7bbaf6d: start c7780af0-0f31-4130-b62a-7061a7bbaf6d@group-73197B762FF1-FollowerState
2021-03-08 02:05:41,447 [Thread-4517] INFO  impl.FollowerState (FollowerState.java:run(142)) - c7780af0-0f31-4130-b62a-7061a7bbaf6d@group-73197B762FF1-FollowerState was interrupted: {}
java.lang.InterruptedException: sleep interrupted
	at java.lang.Thread.sleep(Native Method)
	at java.lang.Thread.sleep(Thread.java:340)
	at java.util.concurrent.TimeUnit.sleep(TimeUnit.java:386)
	at org.apache.ratis.util.TimeDuration.sleep(TimeDuration.java:324)
	at org.apache.ratis.util.TimeDuration.sleep(TimeDuration.java:309)
	at org.apache.ratis.server.impl.FollowerState.run(FollowerState.java:117)
2021-03-08 02:05:41,448 [grpc-default-executor-7] INFO  server.RaftServer$Division (RaftServerImpl.java:requestVote(1057)) - c7780af0-0f31-4130-b62a-7061a7bbaf6d@group-73197B762FF1 replies to ELECTION vote request: 2e2b7c4f-1fa0-4360-84eb-5aea739d5e5f<-c7780af0-0f31-4130-b62a-7061a7bbaf6d#0:FAIL-t5. Peer's state: c7780af0-0f31-4130-b62a-7061a7bbaf6d@group-73197B762FF1:t5, leader=null, voted=null, raftlog=c7780af0-0f31-4130-b62a-7061a7bbaf6d@group-73197B762FF1-SegmentedRaftLog:OPENED:c-1,f-1,i0, conf=-1: [c7780af0-0f31-4130-b62a-7061a7bbaf6d|rpc:172.17.0.2:40671|dataStream:|priority:1, 2e2b7c4f-1fa0-4360-84eb-5aea739d5e5f|rpc:172.17.0.2:45357|dataStream:|priority:0, 8be81fb1-89d0-4709-8656-3472d71d638b|rpc:172.17.0.2:44187|dataStream:|priority:0], old=null
2021-03-08 02:05:41,448 [grpc-default-executor-0] INFO  server.RaftServer$Division (RaftServerImpl.java:requestVote(1057)) - 8be81fb1-89d0-4709-8656-3472d71d638b@group-73197B762FF1 replies to ELECTION vote request: 2e2b7c4f-1fa0-4360-84eb-5aea739d5e5f<-8be81fb1-89d0-4709-8656-3472d71d638b#0:OK-t5. Peer's state: 8be81fb1-89d0-4709-8656-3472d71d638b@group-73197B762FF1:t5, leader=null, voted=2e2b7c4f-1fa0-4360-84eb-5aea739d5e5f, raftlog=8be81fb1-89d0-4709-8656-3472d71d638b@group-73197B762FF1-SegmentedRaftLog:OPENED:c-1,f-1,i0, conf=-1: [c7780af0-0f31-4130-b62a-7061a7bbaf6d|rpc:172.17.0.2:40671|dataStream:|priority:1, 2e2b7c4f-1fa0-4360-84eb-5aea739d5e5f|rpc:172.17.0.2:45357|dataStream:|priority:0, 8be81fb1-89d0-4709-8656-3472d71d638b|rpc:172.17.0.2:44187|dataStream:|priority:0], old=null
2021-03-08 02:05:41,450 [2e2b7c4f-1fa0-4360-84eb-5aea739d5e5f@group-73197B762FF1-LeaderElection209] INFO  impl.LeaderElection (LeaderElection.java:logAndReturn(89)) - 2e2b7c4f-1fa0-4360-84eb-5aea739d5e5f@group-73197B762FF1-LeaderElection209: ELECTION REJECTED received 2 response(s) and 0 exception(s):
2021-03-08 02:05:41,450 [2e2b7c4f-1fa0-4360-84eb-5aea739d5e5f@group-73197B762FF1-LeaderElection209] INFO  impl.LeaderElection (LeaderElection.java:logAndReturn(93)) -   Response 0: 2e2b7c4f-1fa0-4360-84eb-5aea739d5e5f<-c7780af0-0f31-4130-b62a-7061a7bbaf6d#0:FAIL-t5
2021-03-08 02:05:41,450 [2e2b7c4f-1fa0-4360-84eb-5aea739d5e5f@group-73197B762FF1-LeaderElection209] INFO  impl.LeaderElection (LeaderElection.java:logAndReturn(93)) -   Response 1: 2e2b7c4f-1fa0-4360-84eb-5aea739d5e5f<-8be81fb1-89d0-4709-8656-3472d71d638b#0:OK-t5
2021-03-08 02:05:41,450 [2e2b7c4f-1fa0-4360-84eb-5aea739d5e5f@group-73197B762FF1-LeaderElection209] INFO  impl.LeaderElection (LeaderElection.java:askForVotes(309)) - 2e2b7c4f-1fa0-4360-84eb-5aea739d5e5f@group-73197B762FF1-LeaderElection209 ELECTION round 0: result REJECTED
2021-03-08 02:05:41,450 [2e2b7c4f-1fa0-4360-84eb-5aea739d5e5f@group-73197B762FF1-LeaderElection209] INFO  server.RaftServer$Division (RaftServerImpl.java:setRole(284)) - 2e2b7c4f-1fa0-4360-84eb-5aea739d5e5f@group-73197B762FF1: changes role from CANDIDATE to FOLLOWER at term 5 for REJECTED
2021-03-08 02:05:41,451 [2e2b7c4f-1fa0-4360-84eb-5aea739d5e5f@group-73197B762FF1-LeaderElection209] INFO  impl.RoleInfo (RoleInfo.java:shutdownLeaderElection(121)) - 2e2b7c4f-1fa0-4360-84eb-5aea739d5e5f: shutdown 2e2b7c4f-1fa0-4360-84eb-5aea739d5e5f@group-73197B762FF1-LeaderElection209
2021-03-08 02:05:41,451 [2e2b7c4f-1fa0-4360-84eb-5aea739d5e5f@group-73197B762FF1-LeaderElection209] INFO  impl.RoleInfo (RoleInfo.java:updateAndGet(130)) - 2e2b7c4f-1fa0-4360-84eb-5aea739d5e5f: start 2e2b7c4f-1fa0-4360-84eb-5aea739d5e5f@group-73197B762FF1-FollowerState
2021-03-08 02:05:45,830 [Thread-4535] INFO  impl.FollowerState (FollowerState.java:run(133)) - bc98b27f-878f-4dad-a502-417d70977e4e@group-A36F55C25C0F-FollowerState: change to CANDIDATE, lastRpcElapsedTime:5077363091ns, electionTimeout:5077ms
2021-03-08 02:05:45,830 [Thread-4535] INFO  impl.RoleInfo (RoleInfo.java:shutdownFollowerState(108)) - bc98b27f-878f-4dad-a502-417d70977e4e: shutdown bc98b27f-878f-4dad-a502-417d70977e4e@group-A36F55C25C0F-FollowerState
2021-03-08 02:05:45,830 [Thread-4535] INFO  server.RaftServer$Division (RaftServerImpl.java:setRole(284)) - bc98b27f-878f-4dad-a502-417d70977e4e@group-A36F55C25C0F: changes role from  FOLLOWER to CANDIDATE at term 6 for changeToCandidate
2021-03-08 02:05:45,830 [Thread-4535] INFO  server.RaftServerConfigKeys (ConfUtils.java:logGet(44)) - raft.server.leaderelection.pre-vote = false (custom)
2021-03-08 02:05:45,830 [Thread-4535] INFO  impl.RoleInfo (RoleInfo.java:updateAndGet(130)) - bc98b27f-878f-4dad-a502-417d70977e4e: start bc98b27f-878f-4dad-a502-417d70977e4e@group-A36F55C25C0F-LeaderElection210
2021-03-08 02:05:45,832 [bc98b27f-878f-4dad-a502-417d70977e4e@group-A36F55C25C0F-LeaderElection210] INFO  impl.LeaderElection (LeaderElection.java:askForVotes(307)) - bc98b27f-878f-4dad-a502-417d70977e4e@group-A36F55C25C0F-LeaderElection210 ELECTION round 0: submit vote requests at term 7 for -1: [6ba9ab1d-3af3-415d-b63e-d033c6891994|rpc:172.17.0.2:33141|dataStream:|priority:1, bc98b27f-878f-4dad-a502-417d70977e4e|rpc:172.17.0.2:44359|dataStream:|priority:0, 92084499-c42d-4e9c-90ed-faecbf58ca46|rpc:172.17.0.2:44599|dataStream:|priority:0], old=null
2021-03-08 02:05:45,834 [grpc-default-executor-0] INFO  server.RaftServer$Division (RaftServerImpl.java:requestVote(1025)) - 92084499-c42d-4e9c-90ed-faecbf58ca46@group-A36F55C25C0F: receive requestVote(ELECTION, bc98b27f-878f-4dad-a502-417d70977e4e, group-A36F55C25C0F, 7, (t:0, i:0))
2021-03-08 02:05:45,834 [grpc-default-executor-0] INFO  impl.VoteContext (VoteContext.java:log(48)) - 92084499-c42d-4e9c-90ed-faecbf58ca46@group-A36F55C25C0F-FOLLOWER: accept ELECTION from bc98b27f-878f-4dad-a502-417d70977e4e: our priority 0 <= candidate's priority 0
2021-03-08 02:05:45,834 [grpc-default-executor-0] INFO  server.RaftServer$Division (RaftServerImpl.java:setRole(284)) - 92084499-c42d-4e9c-90ed-faecbf58ca46@group-A36F55C25C0F: changes role from  FOLLOWER to FOLLOWER at term 7 for candidate:bc98b27f-878f-4dad-a502-417d70977e4e
2021-03-08 02:05:45,834 [grpc-default-executor-0] INFO  impl.RoleInfo (RoleInfo.java:shutdownFollowerState(108)) - 92084499-c42d-4e9c-90ed-faecbf58ca46: shutdown 92084499-c42d-4e9c-90ed-faecbf58ca46@group-A36F55C25C0F-FollowerState
2021-03-08 02:05:45,834 [grpc-default-executor-0] INFO  impl.RoleInfo (RoleInfo.java:updateAndGet(130)) - 92084499-c42d-4e9c-90ed-faecbf58ca46: start 92084499-c42d-4e9c-90ed-faecbf58ca46@group-A36F55C25C0F-FollowerState
2021-03-08 02:05:45,834 [grpc-default-executor-3] INFO  server.RaftServer$Division (RaftServerImpl.java:requestVote(1025)) - 6ba9ab1d-3af3-415d-b63e-d033c6891994@group-A36F55C25C0F: receive requestVote(ELECTION, bc98b27f-878f-4dad-a502-417d70977e4e, group-A36F55C25C0F, 7, (t:0, i:0))
2021-03-08 02:05:45,834 [grpc-default-executor-3] INFO  impl.VoteContext (VoteContext.java:log(48)) - 6ba9ab1d-3af3-415d-b63e-d033c6891994@group-A36F55C25C0F-FOLLOWER: reject ELECTION from bc98b27f-878f-4dad-a502-417d70977e4e: our last entry (t:1, i:0) > candidate's last entry (t:0, i:0)
2021-03-08 02:05:45,835 [grpc-default-executor-3] INFO  server.RaftServer$Division (RaftServerImpl.java:setRole(284)) - 6ba9ab1d-3af3-415d-b63e-d033c6891994@group-A36F55C25C0F: changes role from  FOLLOWER to FOLLOWER at term 7 for candidate:bc98b27f-878f-4dad-a502-417d70977e4e
2021-03-08 02:05:45,835 [grpc-default-executor-3] INFO  impl.RoleInfo (RoleInfo.java:shutdownFollowerState(108)) - 6ba9ab1d-3af3-415d-b63e-d033c6891994: shutdown 6ba9ab1d-3af3-415d-b63e-d033c6891994@group-A36F55C25C0F-FollowerState
2021-03-08 02:05:45,835 [grpc-default-executor-3] INFO  impl.RoleInfo (RoleInfo.java:updateAndGet(130)) - 6ba9ab1d-3af3-415d-b63e-d033c6891994: start 6ba9ab1d-3af3-415d-b63e-d033c6891994@group-A36F55C25C0F-FollowerState
2021-03-08 02:05:45,834 [Thread-4534] INFO  impl.FollowerState (FollowerState.java:run(142)) - 92084499-c42d-4e9c-90ed-faecbf58ca46@group-A36F55C25C0F-FollowerState was interrupted: {}
java.lang.InterruptedException: sleep interrupted
	at java.lang.Thread.sleep(Native Method)
	at java.lang.Thread.sleep(Thread.java:340)
	at java.util.concurrent.TimeUnit.sleep(TimeUnit.java:386)
	at org.apache.ratis.util.TimeDuration.sleep(TimeDuration.java:324)
	at org.apache.ratis.util.TimeDuration.sleep(TimeDuration.java:309)
	at org.apache.ratis.server.impl.FollowerState.run(FollowerState.java:117)
2021-03-08 02:05:45,835 [Thread-4533] INFO  impl.FollowerState (FollowerState.java:run(142)) - 6ba9ab1d-3af3-415d-b63e-d033c6891994@group-A36F55C25C0F-FollowerState was interrupted: {}
java.lang.InterruptedException: sleep interrupted
	at java.lang.Thread.sleep(Native Method)
	at java.lang.Thread.sleep(Thread.java:340)
	at java.util.concurrent.TimeUnit.sleep(TimeUnit.java:386)
	at org.apache.ratis.util.TimeDuration.sleep(TimeDuration.java:324)
	at org.apache.ratis.util.TimeDuration.sleep(TimeDuration.java:309)
	at org.apache.ratis.server.impl.FollowerState.run(FollowerState.java:117)
2021-03-08 02:05:45,836 [grpc-default-executor-0] INFO  server.RaftServer$Division (RaftServerImpl.java:requestVote(1057)) - 92084499-c42d-4e9c-90ed-faecbf58ca46@group-A36F55C25C0F replies to ELECTION vote request: bc98b27f-878f-4dad-a502-417d70977e4e<-92084499-c42d-4e9c-90ed-faecbf58ca46#0:OK-t7. Peer's state: 92084499-c42d-4e9c-90ed-faecbf58ca46@group-A36F55C25C0F:t7, leader=null, voted=bc98b27f-878f-4dad-a502-417d70977e4e, raftlog=92084499-c42d-4e9c-90ed-faecbf58ca46@group-A36F55C25C0F-SegmentedRaftLog:OPENED:c-1,f-1,i0, conf=-1: [6ba9ab1d-3af3-415d-b63e-d033c6891994|rpc:172.17.0.2:33141|priority:1, bc98b27f-878f-4dad-a502-417d70977e4e|rpc:172.17.0.2:44359|priority:0, 92084499-c42d-4e9c-90ed-faecbf58ca46|rpc:172.17.0.2:44599|priority:0], old=null
2021-03-08 02:05:45,836 [grpc-default-executor-3] INFO  server.RaftServer$Division (RaftServerImpl.java:requestVote(1057)) - 6ba9ab1d-3af3-415d-b63e-d033c6891994@group-A36F55C25C0F replies to ELECTION vote request: bc98b27f-878f-4dad-a502-417d70977e4e<-6ba9ab1d-3af3-415d-b63e-d033c6891994#0:FAIL-t7. Peer's state: 6ba9ab1d-3af3-415d-b63e-d033c6891994@group-A36F55C25C0F:t7, leader=null, voted=null, raftlog=6ba9ab1d-3af3-415d-b63e-d033c6891994@group-A36F55C25C0F-SegmentedRaftLog:OPENED:c-1,f0,i0, conf=0: [6ba9ab1d-3af3-415d-b63e-d033c6891994|rpc:172.17.0.2:33141|dataStream:|priority:1, bc98b27f-878f-4dad-a502-417d70977e4e|rpc:172.17.0.2:44359|dataStream:|priority:0, 92084499-c42d-4e9c-90ed-faecbf58ca46|rpc:172.17.0.2:44599|dataStream:|priority:0], old=null
2021-03-08 02:05:45,837 [bc98b27f-878f-4dad-a502-417d70977e4e@group-A36F55C25C0F-LeaderElection210] INFO  impl.LeaderElection (LeaderElection.java:logAndReturn(89)) - bc98b27f-878f-4dad-a502-417d70977e4e@group-A36F55C25C0F-LeaderElection210: ELECTION REJECTED received 2 response(s) and 0 exception(s):
2021-03-08 02:05:45,837 [bc98b27f-878f-4dad-a502-417d70977e4e@group-A36F55C25C0F-LeaderElection210] INFO  impl.LeaderElection (LeaderElection.java:logAndReturn(93)) -   Response 0: bc98b27f-878f-4dad-a502-417d70977e4e<-6ba9ab1d-3af3-415d-b63e-d033c6891994#0:FAIL-t7
2021-03-08 02:05:45,837 [bc98b27f-878f-4dad-a502-417d70977e4e@group-A36F55C25C0F-LeaderElection210] INFO  impl.LeaderElection (LeaderElection.java:logAndReturn(93)) -   Response 1: bc98b27f-878f-4dad-a502-417d70977e4e<-92084499-c42d-4e9c-90ed-faecbf58ca46#0:OK-t7
2021-03-08 02:05:45,837 [bc98b27f-878f-4dad-a502-417d70977e4e@group-A36F55C25C0F-LeaderElection210] INFO  impl.LeaderElection (LeaderElection.java:askForVotes(309)) - bc98b27f-878f-4dad-a502-417d70977e4e@group-A36F55C25C0F-LeaderElection210 ELECTION round 0: result REJECTED
2021-03-08 02:05:45,837 [bc98b27f-878f-4dad-a502-417d70977e4e@group-A36F55C25C0F-LeaderElection210] INFO  server.RaftServer$Division (RaftServerImpl.java:setRole(284)) - bc98b27f-878f-4dad-a502-417d70977e4e@group-A36F55C25C0F: changes role from CANDIDATE to FOLLOWER at term 7 for REJECTED
2021-03-08 02:05:45,837 [bc98b27f-878f-4dad-a502-417d70977e4e@group-A36F55C25C0F-LeaderElection210] INFO  impl.RoleInfo (RoleInfo.java:shutdownLeaderElection(121)) - bc98b27f-878f-4dad-a502-417d70977e4e: shutdown bc98b27f-878f-4dad-a502-417d70977e4e@group-A36F55C25C0F-LeaderElection210
2021-03-08 02:05:45,837 [bc98b27f-878f-4dad-a502-417d70977e4e@group-A36F55C25C0F-LeaderElection210] INFO  impl.RoleInfo (RoleInfo.java:updateAndGet(130)) - bc98b27f-878f-4dad-a502-417d70977e4e: start bc98b27f-878f-4dad-a502-417d70977e4e@group-A36F55C25C0F-FollowerState
2021-03-08 02:05:46,583 [Thread-4558] INFO  impl.FollowerState (FollowerState.java:run(133)) - 2e2b7c4f-1fa0-4360-84eb-5aea739d5e5f@group-73197B762FF1-FollowerState: change to CANDIDATE, lastRpcElapsedTime:5132326883ns, electionTimeout:5132ms
2021-03-08 02:05:46,583 [Thread-4558] INFO  impl.RoleInfo (RoleInfo.java:shutdownFollowerState(108)) - 2e2b7c4f-1fa0-4360-84eb-5aea739d5e5f: shutdown 2e2b7c4f-1fa0-4360-84eb-5aea739d5e5f@group-73197B762FF1-FollowerState
2021-03-08 02:05:46,583 [Thread-4558] INFO  server.RaftServer$Division (RaftServerImpl.java:setRole(284)) - 2e2b7c4f-1fa0-4360-84eb-5aea739d5e5f@group-73197B762FF1: changes role from  FOLLOWER to CANDIDATE at term 5 for changeToCandidate
2021-03-08 02:05:46,583 [Thread-4558] INFO  server.RaftServerConfigKeys (ConfUtils.java:logGet(44)) - raft.server.leaderelection.pre-vote = false (custom)
2021-03-08 02:05:46,583 [Thread-4558] INFO  impl.RoleInfo (RoleInfo.java:updateAndGet(130)) - 2e2b7c4f-1fa0-4360-84eb-5aea739d5e5f: start 2e2b7c4f-1fa0-4360-84eb-5aea739d5e5f@group-73197B762FF1-LeaderElection211
2021-03-08 02:05:46,585 [2e2b7c4f-1fa0-4360-84eb-5aea739d5e5f@group-73197B762FF1-LeaderElection211] INFO  impl.LeaderElection (LeaderElection.java:askForVotes(307)) - 2e2b7c4f-1fa0-4360-84eb-5aea739d5e5f@group-73197B762FF1-LeaderElection211 ELECTION round 0: submit vote requests at term 6 for -1: [c7780af0-0f31-4130-b62a-7061a7bbaf6d|rpc:172.17.0.2:40671|priority:1, 2e2b7c4f-1fa0-4360-84eb-5aea739d5e5f|rpc:172.17.0.2:45357|priority:0, 8be81fb1-89d0-4709-8656-3472d71d638b|rpc:172.17.0.2:44187|priority:0], old=null
2021-03-08 02:05:46,587 [grpc-default-executor-3] INFO  server.RaftServer$Division (RaftServerImpl.java:requestVote(1025)) - c7780af0-0f31-4130-b62a-7061a7bbaf6d@group-73197B762FF1: receive requestVote(ELECTION, 2e2b7c4f-1fa0-4360-84eb-5aea739d5e5f, group-73197B762FF1, 6, (t:0, i:0))
2021-03-08 02:05:46,587 [grpc-default-executor-0] INFO  server.RaftServer$Division (RaftServerImpl.java:requestVote(1025)) - 8be81fb1-89d0-4709-8656-3472d71d638b@group-73197B762FF1: receive requestVote(ELECTION, 2e2b7c4f-1fa0-4360-84eb-5aea739d5e5f, group-73197B762FF1, 6, (t:0, i:0))
2021-03-08 02:05:46,587 [grpc-default-executor-3] INFO  impl.VoteContext (VoteContext.java:log(48)) - c7780af0-0f31-4130-b62a-7061a7bbaf6d@group-73197B762FF1-FOLLOWER: reject ELECTION from 2e2b7c4f-1fa0-4360-84eb-5aea739d5e5f: our priority 1 > candidate's priority 0
2021-03-08 02:05:46,587 [grpc-default-executor-0] INFO  impl.VoteContext (VoteContext.java:log(48)) - 8be81fb1-89d0-4709-8656-3472d71d638b@group-73197B762FF1-FOLLOWER: accept ELECTION from 2e2b7c4f-1fa0-4360-84eb-5aea739d5e5f: our priority 0 <= candidate's priority 0
2021-03-08 02:05:46,587 [grpc-default-executor-0] INFO  server.RaftServer$Division (RaftServerImpl.java:setRole(284)) - 8be81fb1-89d0-4709-8656-3472d71d638b@group-73197B762FF1: changes role from  FOLLOWER to FOLLOWER at term 6 for candidate:2e2b7c4f-1fa0-4360-84eb-5aea739d5e5f
2021-03-08 02:05:46,587 [grpc-default-executor-0] INFO  impl.RoleInfo (RoleInfo.java:shutdownFollowerState(108)) - 8be81fb1-89d0-4709-8656-3472d71d638b: shutdown 8be81fb1-89d0-4709-8656-3472d71d638b@group-73197B762FF1-FollowerState
2021-03-08 02:05:46,588 [grpc-default-executor-0] INFO  impl.RoleInfo (RoleInfo.java:updateAndGet(130)) - 8be81fb1-89d0-4709-8656-3472d71d638b: start 8be81fb1-89d0-4709-8656-3472d71d638b@group-73197B762FF1-FollowerState
2021-03-08 02:05:46,587 [grpc-default-executor-3] INFO  server.RaftServer$Division (RaftServerImpl.java:setRole(284)) - c7780af0-0f31-4130-b62a-7061a7bbaf6d@group-73197B762FF1: changes role from  FOLLOWER to FOLLOWER at term 6 for candidate:2e2b7c4f-1fa0-4360-84eb-5aea739d5e5f
2021-03-08 02:05:46,588 [grpc-default-executor-3] INFO  impl.RoleInfo (RoleInfo.java:shutdownFollowerState(108)) - c7780af0-0f31-4130-b62a-7061a7bbaf6d: shutdown c7780af0-0f31-4130-b62a-7061a7bbaf6d@group-73197B762FF1-FollowerState
2021-03-08 02:05:46,588 [grpc-default-executor-3] INFO  impl.RoleInfo (RoleInfo.java:updateAndGet(130)) - c7780af0-0f31-4130-b62a-7061a7bbaf6d: start c7780af0-0f31-4130-b62a-7061a7bbaf6d@group-73197B762FF1-FollowerState
2021-03-08 02:05:46,588 [Thread-4557] INFO  impl.FollowerState (FollowerState.java:run(142)) - c7780af0-0f31-4130-b62a-7061a7bbaf6d@group-73197B762FF1-FollowerState was interrupted: {}
java.lang.InterruptedException: sleep interrupted
	at java.lang.Thread.sleep(Native Method)
	at java.lang.Thread.sleep(Thread.java:340)
	at java.util.concurrent.TimeUnit.sleep(TimeUnit.java:386)
	at org.apache.ratis.util.TimeDuration.sleep(TimeDuration.java:324)
	at org.apache.ratis.util.TimeDuration.sleep(TimeDuration.java:309)
	at org.apache.ratis.server.impl.FollowerState.run(FollowerState.java:117)
2021-03-08 02:05:46,588 [Thread-4556] INFO  impl.FollowerState (FollowerState.java:run(142)) - 8be81fb1-89d0-4709-8656-3472d71d638b@group-73197B762FF1-FollowerState was interrupted: {}
java.lang.InterruptedException: sleep interrupted
	at java.lang.Thread.sleep(Native Method)
	at java.lang.Thread.sleep(Thread.java:340)
	at java.util.concurrent.TimeUnit.sleep(TimeUnit.java:386)
	at org.apache.ratis.util.TimeDuration.sleep(TimeDuration.java:324)
	at org.apache.ratis.util.TimeDuration.sleep(TimeDuration.java:309)
	at org.apache.ratis.server.impl.FollowerState.run(FollowerState.java:117)
2021-03-08 02:05:46,589 [grpc-default-executor-0] INFO  server.RaftServer$Division (RaftServerImpl.java:requestVote(1057)) - 8be81fb1-89d0-4709-8656-3472d71d638b@group-73197B762FF1 replies to ELECTION vote request: 2e2b7c4f-1fa0-4360-84eb-5aea739d5e5f<-8be81fb1-89d0-4709-8656-3472d71d638b#0:OK-t6. Peer's state: 8be81fb1-89d0-4709-8656-3472d71d638b@group-73197B762FF1:t6, leader=null, voted=2e2b7c4f-1fa0-4360-84eb-5aea739d5e5f, raftlog=8be81fb1-89d0-4709-8656-3472d71d638b@group-73197B762FF1-SegmentedRaftLog:OPENED:c-1,f-1,i0, conf=-1: [c7780af0-0f31-4130-b62a-7061a7bbaf6d|rpc:172.17.0.2:40671|dataStream:|priority:1, 2e2b7c4f-1fa0-4360-84eb-5aea739d5e5f|rpc:172.17.0.2:45357|dataStream:|priority:0, 8be81fb1-89d0-4709-8656-3472d71d638b|rpc:172.17.0.2:44187|dataStream:|priority:0], old=null
2021-03-08 02:05:46,590 [grpc-default-executor-3] INFO  server.RaftServer$Division (RaftServerImpl.java:requestVote(1057)) - c7780af0-0f31-4130-b62a-7061a7bbaf6d@group-73197B762FF1 replies to ELECTION vote request: 2e2b7c4f-1fa0-4360-84eb-5aea739d5e5f<-c7780af0-0f31-4130-b62a-7061a7bbaf6d#0:FAIL-t6. Peer's state: c7780af0-0f31-4130-b62a-7061a7bbaf6d@group-73197B762FF1:t6, leader=null, voted=null, raftlog=c7780af0-0f31-4130-b62a-7061a7bbaf6d@group-73197B762FF1-SegmentedRaftLog:OPENED:c-1,f-1,i0, conf=-1: [c7780af0-0f31-4130-b62a-7061a7bbaf6d|rpc:172.17.0.2:40671|dataStream:|priority:1, 2e2b7c4f-1fa0-4360-84eb-5aea739d5e5f|rpc:172.17.0.2:45357|dataStream:|priority:0, 8be81fb1-89d0-4709-8656-3472d71d638b|rpc:172.17.0.2:44187|dataStream:|priority:0], old=null
2021-03-08 02:05:46,591 [2e2b7c4f-1fa0-4360-84eb-5aea739d5e5f@group-73197B762FF1-LeaderElection211] INFO  impl.LeaderElection (LeaderElection.java:logAndReturn(89)) - 2e2b7c4f-1fa0-4360-84eb-5aea739d5e5f@group-73197B762FF1-LeaderElection211: ELECTION REJECTED received 2 response(s) and 0 exception(s):
2021-03-08 02:05:46,591 [2e2b7c4f-1fa0-4360-84eb-5aea739d5e5f@group-73197B762FF1-LeaderElection211] INFO  impl.LeaderElection (LeaderElection.java:logAndReturn(93)) -   Response 0: 2e2b7c4f-1fa0-4360-84eb-5aea739d5e5f<-c7780af0-0f31-4130-b62a-7061a7bbaf6d#0:FAIL-t6
2021-03-08 02:05:46,591 [2e2b7c4f-1fa0-4360-84eb-5aea739d5e5f@group-73197B762FF1-LeaderElection211] INFO  impl.LeaderElection (LeaderElection.java:logAndReturn(93)) -   Response 1: 2e2b7c4f-1fa0-4360-84eb-5aea739d5e5f<-8be81fb1-89d0-4709-8656-3472d71d638b#0:OK-t6
2021-03-08 02:05:46,591 [2e2b7c4f-1fa0-4360-84eb-5aea739d5e5f@group-73197B762FF1-LeaderElection211] INFO  impl.LeaderElection (LeaderElection.java:askForVotes(309)) - 2e2b7c4f-1fa0-4360-84eb-5aea739d5e5f@group-73197B762FF1-LeaderElection211 ELECTION round 0: result REJECTED
2021-03-08 02:05:46,591 [2e2b7c4f-1fa0-4360-84eb-5aea739d5e5f@group-73197B762FF1-LeaderElection211] INFO  server.RaftServer$Division (RaftServerImpl.java:setRole(284)) - 2e2b7c4f-1fa0-4360-84eb-5aea739d5e5f@group-73197B762FF1: changes role from CANDIDATE to FOLLOWER at term 6 for REJECTED
2021-03-08 02:05:46,591 [2e2b7c4f-1fa0-4360-84eb-5aea739d5e5f@group-73197B762FF1-LeaderElection211] INFO  impl.RoleInfo (RoleInfo.java:shutdownLeaderElection(121)) - 2e2b7c4f-1fa0-4360-84eb-5aea739d5e5f: shutdown 2e2b7c4f-1fa0-4360-84eb-5aea739d5e5f@group-73197B762FF1-LeaderElection211
2021-03-08 02:05:46,591 [2e2b7c4f-1fa0-4360-84eb-5aea739d5e5f@group-73197B762FF1-LeaderElection211] INFO  impl.RoleInfo (RoleInfo.java:updateAndGet(130)) - 2e2b7c4f-1fa0-4360-84eb-5aea739d5e5f: start 2e2b7c4f-1fa0-4360-84eb-5aea739d5e5f@group-73197B762FF1-FollowerState
2021-03-08 02:05:50,873 [Thread-4575] INFO  impl.FollowerState (FollowerState.java:run(133)) - 6ba9ab1d-3af3-415d-b63e-d033c6891994@group-A36F55C25C0F-FollowerState: change to CANDIDATE, lastRpcElapsedTime:5038707370ns, electionTimeout:5038ms
2021-03-08 02:05:50,874 [Thread-4575] INFO  impl.RoleInfo (RoleInfo.java:shutdownFollowerState(108)) - 6ba9ab1d-3af3-415d-b63e-d033c6891994: shutdown 6ba9ab1d-3af3-415d-b63e-d033c6891994@group-A36F55C25C0F-FollowerState
2021-03-08 02:05:50,874 [Thread-4575] INFO  server.RaftServer$Division (RaftServerImpl.java:setRole(284)) - 6ba9ab1d-3af3-415d-b63e-d033c6891994@group-A36F55C25C0F: changes role from  FOLLOWER to CANDIDATE at term 7 for changeToCandidate
2021-03-08 02:05:50,874 [Thread-4575] INFO  server.RaftServerConfigKeys (ConfUtils.java:logGet(44)) - raft.server.leaderelection.pre-vote = false (custom)
2021-03-08 02:05:50,874 [Thread-4575] INFO  impl.RoleInfo (RoleInfo.java:updateAndGet(130)) - 6ba9ab1d-3af3-415d-b63e-d033c6891994: start 6ba9ab1d-3af3-415d-b63e-d033c6891994@group-A36F55C25C0F-LeaderElection212
2021-03-08 02:05:50,875 [6ba9ab1d-3af3-415d-b63e-d033c6891994@group-A36F55C25C0F-LeaderElection212] INFO  impl.LeaderElection (LeaderElection.java:askForVotes(307)) - 6ba9ab1d-3af3-415d-b63e-d033c6891994@group-A36F55C25C0F-LeaderElection212 ELECTION round 0: submit vote requests at term 8 for 0: [6ba9ab1d-3af3-415d-b63e-d033c6891994|rpc:172.17.0.2:33141|dataStream:|priority:1, bc98b27f-878f-4dad-a502-417d70977e4e|rpc:172.17.0.2:44359|dataStream:|priority:0, 92084499-c42d-4e9c-90ed-faecbf58ca46|rpc:172.17.0.2:44599|dataStream:|priority:0], old=null
2021-03-08 02:05:50,877 [grpc-default-executor-3] INFO  server.RaftServer$Division (RaftServerImpl.java:requestVote(1025)) - bc98b27f-878f-4dad-a502-417d70977e4e@group-A36F55C25C0F: receive requestVote(ELECTION, 6ba9ab1d-3af3-415d-b63e-d033c6891994, group-A36F55C25C0F, 8, (t:1, i:0))
2021-03-08 02:05:50,877 [grpc-default-executor-3] INFO  impl.VoteContext (VoteContext.java:log(48)) - bc98b27f-878f-4dad-a502-417d70977e4e@group-A36F55C25C0F-FOLLOWER: accept ELECTION from 6ba9ab1d-3af3-415d-b63e-d033c6891994: our last entry null < candidate's last entry (t:1, i:0)
2021-03-08 02:05:50,877 [grpc-default-executor-0] INFO  server.RaftServer$Division (RaftServerImpl.java:requestVote(1025)) - 92084499-c42d-4e9c-90ed-faecbf58ca46@group-A36F55C25C0F: receive requestVote(ELECTION, 6ba9ab1d-3af3-415d-b63e-d033c6891994, group-A36F55C25C0F, 8, (t:1, i:0))
2021-03-08 02:05:50,877 [grpc-default-executor-3] INFO  server.RaftServer$Division (RaftServerImpl.java:setRole(284)) - bc98b27f-878f-4dad-a502-417d70977e4e@group-A36F55C25C0F: changes role from  FOLLOWER to FOLLOWER at term 8 for candidate:6ba9ab1d-3af3-415d-b63e-d033c6891994
2021-03-08 02:05:50,877 [grpc-default-executor-3] INFO  impl.RoleInfo (RoleInfo.java:shutdownFollowerState(108)) - bc98b27f-878f-4dad-a502-417d70977e4e: shutdown bc98b27f-878f-4dad-a502-417d70977e4e@group-A36F55C25C0F-FollowerState
2021-03-08 02:05:50,877 [grpc-default-executor-3] INFO  impl.RoleInfo (RoleInfo.java:updateAndGet(130)) - bc98b27f-878f-4dad-a502-417d70977e4e: start bc98b27f-878f-4dad-a502-417d70977e4e@group-A36F55C25C0F-FollowerState
2021-03-08 02:05:50,877 [Thread-4576] INFO  impl.FollowerState (FollowerState.java:run(142)) - bc98b27f-878f-4dad-a502-417d70977e4e@group-A36F55C25C0F-FollowerState was interrupted: {}
java.lang.InterruptedException: sleep interrupted
	at java.lang.Thread.sleep(Native Method)
	at java.lang.Thread.sleep(Thread.java:340)
	at java.util.concurrent.TimeUnit.sleep(TimeUnit.java:386)
	at org.apache.ratis.util.TimeDuration.sleep(TimeDuration.java:324)
	at org.apache.ratis.util.TimeDuration.sleep(TimeDuration.java:309)
	at org.apache.ratis.server.impl.FollowerState.run(FollowerState.java:117)
2021-03-08 02:05:50,877 [grpc-default-executor-0] INFO  impl.VoteContext (VoteContext.java:log(48)) - 92084499-c42d-4e9c-90ed-faecbf58ca46@group-A36F55C25C0F-FOLLOWER: accept ELECTION from 6ba9ab1d-3af3-415d-b63e-d033c6891994: our last entry null < candidate's last entry (t:1, i:0)
2021-03-08 02:05:50,878 [grpc-default-executor-0] INFO  server.RaftServer$Division (RaftServerImpl.java:setRole(284)) - 92084499-c42d-4e9c-90ed-faecbf58ca46@group-A36F55C25C0F: changes role from  FOLLOWER to FOLLOWER at term 8 for candidate:6ba9ab1d-3af3-415d-b63e-d033c6891994
2021-03-08 02:05:50,878 [grpc-default-executor-0] INFO  impl.RoleInfo (RoleInfo.java:shutdownFollowerState(108)) - 92084499-c42d-4e9c-90ed-faecbf58ca46: shutdown 92084499-c42d-4e9c-90ed-faecbf58ca46@group-A36F55C25C0F-FollowerState
2021-03-08 02:05:50,878 [grpc-default-executor-0] INFO  impl.RoleInfo (RoleInfo.java:updateAndGet(130)) - 92084499-c42d-4e9c-90ed-faecbf58ca46: start 92084499-c42d-4e9c-90ed-faecbf58ca46@group-A36F55C25C0F-FollowerState
2021-03-08 02:05:50,878 [Thread-4574] INFO  impl.FollowerState (FollowerState.java:run(142)) - 92084499-c42d-4e9c-90ed-faecbf58ca46@group-A36F55C25C0F-FollowerState was interrupted: {}
java.lang.InterruptedException: sleep interrupted
	at java.lang.Thread.sleep(Native Method)
	at java.lang.Thread.sleep(Thread.java:340)
	at java.util.concurrent.TimeUnit.sleep(TimeUnit.java:386)
	at org.apache.ratis.util.TimeDuration.sleep(TimeDuration.java:324)
	at org.apache.ratis.util.TimeDuration.sleep(TimeDuration.java:309)
	at org.apache.ratis.server.impl.FollowerState.run(FollowerState.java:117)
2021-03-08 02:05:50,879 [grpc-default-executor-0] INFO  server.RaftServer$Division (RaftServerImpl.java:requestVote(1057)) - 92084499-c42d-4e9c-90ed-faecbf58ca46@group-A36F55C25C0F replies to ELECTION vote request: 6ba9ab1d-3af3-415d-b63e-d033c6891994<-92084499-c42d-4e9c-90ed-faecbf58ca46#0:OK-t8. Peer's state: 92084499-c42d-4e9c-90ed-faecbf58ca46@group-A36F55C25C0F:t8, leader=null, voted=6ba9ab1d-3af3-415d-b63e-d033c6891994, raftlog=92084499-c42d-4e9c-90ed-faecbf58ca46@group-A36F55C25C0F-SegmentedRaftLog:OPENED:c-1,f-1,i0, conf=-1: [6ba9ab1d-3af3-415d-b63e-d033c6891994|rpc:172.17.0.2:33141|priority:1, bc98b27f-878f-4dad-a502-417d70977e4e|rpc:172.17.0.2:44359|priority:0, 92084499-c42d-4e9c-90ed-faecbf58ca46|rpc:172.17.0.2:44599|priority:0], old=null
2021-03-08 02:05:50,879 [grpc-default-executor-3] INFO  server.RaftServer$Division (RaftServerImpl.java:requestVote(1057)) - bc98b27f-878f-4dad-a502-417d70977e4e@group-A36F55C25C0F replies to ELECTION vote request: 6ba9ab1d-3af3-415d-b63e-d033c6891994<-bc98b27f-878f-4dad-a502-417d70977e4e#0:OK-t8. Peer's state: bc98b27f-878f-4dad-a502-417d70977e4e@group-A36F55C25C0F:t8, leader=null, voted=6ba9ab1d-3af3-415d-b63e-d033c6891994, raftlog=bc98b27f-878f-4dad-a502-417d70977e4e@group-A36F55C25C0F-SegmentedRaftLog:OPENED:c-1,f-1,i0, conf=-1: [6ba9ab1d-3af3-415d-b63e-d033c6891994|rpc:172.17.0.2:33141|dataStream:|priority:1, bc98b27f-878f-4dad-a502-417d70977e4e|rpc:172.17.0.2:44359|dataStream:|priority:0, 92084499-c42d-4e9c-90ed-faecbf58ca46|rpc:172.17.0.2:44599|dataStream:|priority:0], old=null
2021-03-08 02:05:50,880 [6ba9ab1d-3af3-415d-b63e-d033c6891994@group-A36F55C25C0F-LeaderElection212] INFO  impl.LeaderElection (LeaderElection.java:logAndReturn(89)) - 6ba9ab1d-3af3-415d-b63e-d033c6891994@group-A36F55C25C0F-LeaderElection212: ELECTION PASSED received 1 response(s) and 0 exception(s):
2021-03-08 02:05:50,880 [6ba9ab1d-3af3-415d-b63e-d033c6891994@group-A36F55C25C0F-LeaderElection212] INFO  impl.LeaderElection (LeaderElection.java:logAndReturn(93)) -   Response 0: 6ba9ab1d-3af3-415d-b63e-d033c6891994<-bc98b27f-878f-4dad-a502-417d70977e4e#0:OK-t8
2021-03-08 02:05:50,880 [6ba9ab1d-3af3-415d-b63e-d033c6891994@group-A36F55C25C0F-LeaderElection212] INFO  impl.LeaderElection (LeaderElection.java:askForVotes(309)) - 6ba9ab1d-3af3-415d-b63e-d033c6891994@group-A36F55C25C0F-LeaderElection212 ELECTION round 0: result PASSED
2021-03-08 02:05:50,880 [6ba9ab1d-3af3-415d-b63e-d033c6891994@group-A36F55C25C0F-LeaderElection212] INFO  impl.RoleInfo (RoleInfo.java:shutdownLeaderElection(121)) - 6ba9ab1d-3af3-415d-b63e-d033c6891994: shutdown 6ba9ab1d-3af3-415d-b63e-d033c6891994@group-A36F55C25C0F-LeaderElection212
2021-03-08 02:05:50,880 [6ba9ab1d-3af3-415d-b63e-d033c6891994@group-A36F55C25C0F-LeaderElection212] INFO  server.RaftServer$Division (RaftServerImpl.java:setRole(284)) - 6ba9ab1d-3af3-415d-b63e-d033c6891994@group-A36F55C25C0F: changes role from CANDIDATE to LEADER at term 8 for changeToLeader
2021-03-08 02:05:50,880 [6ba9ab1d-3af3-415d-b63e-d033c6891994@group-A36F55C25C0F-LeaderElection212] INFO  ratis.XceiverServerRatis (XceiverServerRatis.java:handleLeaderChangedNotification(899)) - Leader change notification received for group: group-A36F55C25C0F with new leaderId: 6ba9ab1d-3af3-415d-b63e-d033c6891994
2021-03-08 02:05:50,880 [6ba9ab1d-3af3-415d-b63e-d033c6891994@group-A36F55C25C0F-LeaderElection212] INFO  server.RaftServer$Division (ServerState.java:setLeader(271)) - 6ba9ab1d-3af3-415d-b63e-d033c6891994@group-A36F55C25C0F: change Leader from null to 6ba9ab1d-3af3-415d-b63e-d033c6891994 at term 8 for becomeLeader, leader elected after 30437ms
2021-03-08 02:05:50,880 [6ba9ab1d-3af3-415d-b63e-d033c6891994@group-A36F55C25C0F-LeaderElection212] INFO  server.RaftServerConfigKeys (ConfUtils.java:logGet(44)) - raft.server.staging.catchup.gap = 1000 (default)
2021-03-08 02:05:50,880 [6ba9ab1d-3af3-415d-b63e-d033c6891994@group-A36F55C25C0F-LeaderElection212] INFO  metrics.RatisMetrics (RatisMetrics.java:lambda$create$0(36)) - Creating Metrics Registry : ratis.log_appender.6ba9ab1d-3af3-415d-b63e-d033c6891994@group-A36F55C25C0F
2021-03-08 02:05:50,880 [6ba9ab1d-3af3-415d-b63e-d033c6891994@group-A36F55C25C0F-LeaderElection212] INFO  server.RaftServerConfigKeys (ConfUtils.java:logGet(44)) - raft.server.write.element-limit = 1024 (custom)
2021-03-08 02:05:50,881 [6ba9ab1d-3af3-415d-b63e-d033c6891994@group-A36F55C25C0F-LeaderElection212] INFO  server.RaftServerConfigKeys (ConfUtils.java:logGet(44)) - raft.server.write.byte-limit = 1073741824 (custom)
2021-03-08 02:05:50,881 [6ba9ab1d-3af3-415d-b63e-d033c6891994@group-A36F55C25C0F-LeaderElection212] INFO  server.RaftServerConfigKeys (ConfUtils.java:logGet(44)) - raft.server.watch.timeout = 3000ms (custom)
2021-03-08 02:05:50,881 [6ba9ab1d-3af3-415d-b63e-d033c6891994@group-A36F55C25C0F-LeaderElection212] INFO  server.RaftServerConfigKeys (ConfUtils.java:logGet(44)) - raft.server.watch.timeout.denomination = 1s (default)
2021-03-08 02:05:50,881 [6ba9ab1d-3af3-415d-b63e-d033c6891994@group-A36F55C25C0F-LeaderElection212] INFO  server.RaftServerConfigKeys (ConfUtils.java:logGet(44)) - raft.server.watch.element-limit = 65536 (default)
2021-03-08 02:05:50,882 [6ba9ab1d-3af3-415d-b63e-d033c6891994@group-A36F55C25C0F-LeaderElection212] INFO  server.RaftServerConfigKeys (ConfUtils.java:logGet(44)) - raft.server.log.appender.snapshot.chunk.size.max = 16MB (=16777216) (default)
2021-03-08 02:05:50,882 [6ba9ab1d-3af3-415d-b63e-d033c6891994@group-A36F55C25C0F-LeaderElection212] INFO  server.RaftServerConfigKeys (ConfUtils.java:logGet(44)) - raft.server.log.appender.buffer.byte-limit = 33554432 (custom)
2021-03-08 02:05:50,882 [6ba9ab1d-3af3-415d-b63e-d033c6891994@group-A36F55C25C0F-LeaderElection212] INFO  server.RaftServerConfigKeys (ConfUtils.java:logGet(44)) - raft.server.log.appender.buffer.element-limit = 1 (custom)
2021-03-08 02:05:50,882 [6ba9ab1d-3af3-415d-b63e-d033c6891994@group-A36F55C25C0F-LeaderElection212] INFO  grpc.GrpcConfigKeys (ConfUtils.java:logGet(44)) - raft.grpc.server.leader.outstanding.appends.max = 128 (default)
2021-03-08 02:05:50,882 [6ba9ab1d-3af3-415d-b63e-d033c6891994@group-A36F55C25C0F-LeaderElection212] INFO  server.RaftServerConfigKeys (ConfUtils.java:logGet(44)) - raft.server.rpc.request.timeout = 3000ms (default)
2021-03-08 02:05:50,882 [6ba9ab1d-3af3-415d-b63e-d033c6891994@group-A36F55C25C0F-LeaderElection212] INFO  server.RaftServerConfigKeys (ConfUtils.java:logGet(44)) - raft.server.log.appender.install.snapshot.enabled = false (custom)
2021-03-08 02:05:50,882 [6ba9ab1d-3af3-415d-b63e-d033c6891994@group-A36F55C25C0F-LeaderElection212] INFO  metrics.RatisMetrics (RatisMetrics.java:lambda$create$0(36)) - Creating Metrics Registry : ratis_grpc.log_appender.6ba9ab1d-3af3-415d-b63e-d033c6891994@group-A36F55C25C0F
2021-03-08 02:05:50,884 [6ba9ab1d-3af3-415d-b63e-d033c6891994@group-A36F55C25C0F-LeaderElection212] INFO  server.RaftServerConfigKeys (ConfUtils.java:logGet(44)) - raft.server.log.appender.snapshot.chunk.size.max = 16MB (=16777216) (default)
2021-03-08 02:05:50,884 [6ba9ab1d-3af3-415d-b63e-d033c6891994@group-A36F55C25C0F-LeaderElection212] INFO  server.RaftServerConfigKeys (ConfUtils.java:logGet(44)) - raft.server.log.appender.buffer.byte-limit = 33554432 (custom)
2021-03-08 02:05:50,884 [6ba9ab1d-3af3-415d-b63e-d033c6891994@group-A36F55C25C0F-LeaderElection212] INFO  server.RaftServerConfigKeys (ConfUtils.java:logGet(44)) - raft.server.log.appender.buffer.element-limit = 1 (custom)
2021-03-08 02:05:50,884 [6ba9ab1d-3af3-415d-b63e-d033c6891994@group-A36F55C25C0F-LeaderElection212] INFO  grpc.GrpcConfigKeys (ConfUtils.java:logGet(44)) - raft.grpc.server.leader.outstanding.appends.max = 128 (default)
2021-03-08 02:05:50,885 [6ba9ab1d-3af3-415d-b63e-d033c6891994@group-A36F55C25C0F-LeaderElection212] INFO  server.RaftServerConfigKeys (ConfUtils.java:logGet(44)) - raft.server.rpc.request.timeout = 3000ms (default)
2021-03-08 02:05:50,885 [6ba9ab1d-3af3-415d-b63e-d033c6891994@group-A36F55C25C0F-LeaderElection212] INFO  server.RaftServerConfigKeys (ConfUtils.java:logGet(44)) - raft.server.log.appender.install.snapshot.enabled = false (custom)
2021-03-08 02:05:50,887 [6ba9ab1d-3af3-415d-b63e-d033c6891994@group-A36F55C25C0F-LeaderElection212] INFO  impl.RoleInfo (RoleInfo.java:updateAndGet(130)) - 6ba9ab1d-3af3-415d-b63e-d033c6891994: start 6ba9ab1d-3af3-415d-b63e-d033c6891994@group-A36F55C25C0F-LeaderStateImpl
2021-03-08 02:05:50,887 [6ba9ab1d-3af3-415d-b63e-d033c6891994@group-A36F55C25C0F-LeaderElection212] INFO  segmented.SegmentedRaftLogWorker (SegmentedRaftLogWorker.java:rollLogSegment(397)) - 6ba9ab1d-3af3-415d-b63e-d033c6891994@group-A36F55C25C0F-SegmentedRaftLogWorker: Rolling segment log-0_0 to index:0
2021-03-08 02:05:50,888 [6ba9ab1d-3af3-415d-b63e-d033c6891994@group-A36F55C25C0F-SegmentedRaftLogWorker] INFO  segmented.SegmentedRaftLogWorker (SegmentedRaftLogWorker.java:execute(556)) - 6ba9ab1d-3af3-415d-b63e-d033c6891994@group-A36F55C25C0F-SegmentedRaftLogWorker: Rolled log segment from /github/workspace/mnt/ozone/hadoop-ozone/integration-test/target/test-dir/MiniOzoneClusterImpl-ccaa8949-4e5a-4858-a1f5-413699190f1a/datanode-1/data/ratis/92402027-9cee-4719-af58-a36f55c25c0f/current/log_inprogress_0 to /github/workspace/mnt/ozone/hadoop-ozone/integration-test/target/test-dir/MiniOzoneClusterImpl-ccaa8949-4e5a-4858-a1f5-413699190f1a/datanode-1/data/ratis/92402027-9cee-4719-af58-a36f55c25c0f/current/log_0-0
2021-03-08 02:05:50,888 [6ba9ab1d-3af3-415d-b63e-d033c6891994@group-A36F55C25C0F-LeaderElection212] INFO  server.RaftServer$Division (ServerState.java:setRaftConf(373)) - 6ba9ab1d-3af3-415d-b63e-d033c6891994@group-A36F55C25C0F: set configuration 1: [6ba9ab1d-3af3-415d-b63e-d033c6891994|rpc:172.17.0.2:33141|dataStream:|priority:1, bc98b27f-878f-4dad-a502-417d70977e4e|rpc:172.17.0.2:44359|dataStream:|priority:0, 92084499-c42d-4e9c-90ed-faecbf58ca46|rpc:172.17.0.2:44599|dataStream:|priority:0], old=null
2021-03-08 02:05:50,889 [6ba9ab1d-3af3-415d-b63e-d033c6891994@group-A36F55C25C0F-SegmentedRaftLogWorker] INFO  segmented.SegmentedRaftLogWorker (SegmentedRaftLogWorker.java:execute(599)) - 6ba9ab1d-3af3-415d-b63e-d033c6891994@group-A36F55C25C0F-SegmentedRaftLogWorker: created new log segment /github/workspace/mnt/ozone/hadoop-ozone/integration-test/target/test-dir/MiniOzoneClusterImpl-ccaa8949-4e5a-4858-a1f5-413699190f1a/datanode-1/data/ratis/92402027-9cee-4719-af58-a36f55c25c0f/current/log_inprogress_1
2021-03-08 02:05:50,892 [grpc-default-executor-0] INFO  ratis.XceiverServerRatis (XceiverServerRatis.java:handleLeaderChangedNotification(899)) - Leader change notification received for group: group-A36F55C25C0F with new leaderId: 6ba9ab1d-3af3-415d-b63e-d033c6891994
2021-03-08 02:05:50,892 [grpc-default-executor-0] INFO  server.RaftServer$Division (ServerState.java:setLeader(271)) - 92084499-c42d-4e9c-90ed-faecbf58ca46@group-A36F55C25C0F: change Leader from null to 6ba9ab1d-3af3-415d-b63e-d033c6891994 at term 8 for appendEntries, leader elected after 35542ms
2021-03-08 02:05:50,893 [grpc-default-executor-0] INFO  server.RaftServer$Division (RaftServerImpl.java:checkInconsistentAppendEntries(1301)) - 92084499-c42d-4e9c-90ed-faecbf58ca46@group-A36F55C25C0F: Failed appendEntries as previous log entry ((t:1, i:0)) is not found
2021-03-08 02:05:50,893 [grpc-default-executor-0] INFO  server.RaftServer$Division (RaftServerImpl.java:checkInconsistentAppendEntries(1267)) - 92084499-c42d-4e9c-90ed-faecbf58ca46@group-A36F55C25C0F: inconsistency entries. Reply:6ba9ab1d-3af3-415d-b63e-d033c6891994<-92084499-c42d-4e9c-90ed-faecbf58ca46#0:FAIL-t8,INCONSISTENCY,nextIndex=0,followerCommit=-1
2021-03-08 02:05:50,896 [grpc-default-executor-3] INFO  ratis.XceiverServerRatis (XceiverServerRatis.java:handleLeaderChangedNotification(899)) - Leader change notification received for group: group-A36F55C25C0F with new leaderId: 6ba9ab1d-3af3-415d-b63e-d033c6891994
2021-03-08 02:05:50,896 [grpc-default-executor-3] INFO  server.RaftServer$Division (ServerState.java:setLeader(271)) - bc98b27f-878f-4dad-a502-417d70977e4e@group-A36F55C25C0F: change Leader from null to 6ba9ab1d-3af3-415d-b63e-d033c6891994 at term 8 for appendEntries, leader elected after 35506ms
2021-03-08 02:05:50,896 [grpc-default-executor-3] INFO  server.RaftServer$Division (RaftServerImpl.java:checkInconsistentAppendEntries(1301)) - bc98b27f-878f-4dad-a502-417d70977e4e@group-A36F55C25C0F: Failed appendEntries as previous log entry ((t:1, i:0)) is not found
2021-03-08 02:05:50,896 [grpc-default-executor-3] INFO  server.RaftServer$Division (RaftServerImpl.java:checkInconsistentAppendEntries(1267)) - bc98b27f-878f-4dad-a502-417d70977e4e@group-A36F55C25C0F: inconsistency entries. Reply:6ba9ab1d-3af3-415d-b63e-d033c6891994<-bc98b27f-878f-4dad-a502-417d70977e4e#0:FAIL-t8,INCONSISTENCY,nextIndex=0,followerCommit=-1
2021-03-08 02:05:50,909 [grpc-default-executor-0] INFO  leader.FollowerInfo (FollowerInfoImpl.java:lambda$new$0(46)) - 6ba9ab1d-3af3-415d-b63e-d033c6891994@group-A36F55C25C0F->92084499-c42d-4e9c-90ed-faecbf58ca46: nextIndex: updateUnconditionally 2 -> 0
2021-03-08 02:05:50,909 [grpc-default-executor-3] INFO  leader.FollowerInfo (FollowerInfoImpl.java:lambda$new$0(46)) - 6ba9ab1d-3af3-415d-b63e-d033c6891994@group-A36F55C25C0F->bc98b27f-878f-4dad-a502-417d70977e4e: nextIndex: updateUnconditionally 2 -> 0
2021-03-08 02:05:50,911 [grpc-default-executor-0] INFO  server.RaftServer$Division (RaftServerImpl.java:checkInconsistentAppendEntries(1301)) - bc98b27f-878f-4dad-a502-417d70977e4e@group-A36F55C25C0F: Failed appendEntries as previous log entry ((t:1, i:0)) is not found
2021-03-08 02:05:50,911 [grpc-default-executor-0] INFO  server.RaftServer$Division (RaftServerImpl.java:checkInconsistentAppendEntries(1267)) - bc98b27f-878f-4dad-a502-417d70977e4e@group-A36F55C25C0F: inconsistency entries. Reply:6ba9ab1d-3af3-415d-b63e-d033c6891994<-bc98b27f-878f-4dad-a502-417d70977e4e#1:FAIL-t8,INCONSISTENCY,nextIndex=0,followerCommit=-1
2021-03-08 02:05:50,912 [grpc-default-executor-3] INFO  server.RaftServer$Division (RaftServerImpl.java:checkInconsistentAppendEntries(1301)) - 92084499-c42d-4e9c-90ed-faecbf58ca46@group-A36F55C25C0F: Failed appendEntries as previous log entry ((t:1, i:0)) is not found
2021-03-08 02:05:50,912 [grpc-default-executor-3] INFO  server.RaftServer$Division (RaftServerImpl.java:checkInconsistentAppendEntries(1267)) - 92084499-c42d-4e9c-90ed-faecbf58ca46@group-A36F55C25C0F: inconsistency entries. Reply:6ba9ab1d-3af3-415d-b63e-d033c6891994<-92084499-c42d-4e9c-90ed-faecbf58ca46#1:FAIL-t8,INCONSISTENCY,nextIndex=0,followerCommit=-1
2021-03-08 02:05:50,912 [grpc-default-executor-7] INFO  leader.FollowerInfo (FollowerInfoImpl.java:lambda$new$0(46)) - 6ba9ab1d-3af3-415d-b63e-d033c6891994@group-A36F55C25C0F->bc98b27f-878f-4dad-a502-417d70977e4e: nextIndex: updateUnconditionally 2 -> 0
2021-03-08 02:05:50,913 [grpc-default-executor-7] INFO  leader.FollowerInfo (FollowerInfoImpl.java:lambda$new$0(46)) - 6ba9ab1d-3af3-415d-b63e-d033c6891994@group-A36F55C25C0F->92084499-c42d-4e9c-90ed-faecbf58ca46: nextIndex: updateUnconditionally 2 -> 0
2021-03-08 02:05:50,913 [grpc-default-executor-3] INFO  server.RaftServer$Division (ServerState.java:setRaftConf(373)) - 92084499-c42d-4e9c-90ed-faecbf58ca46@group-A36F55C25C0F: set configuration 0: [6ba9ab1d-3af3-415d-b63e-d033c6891994|rpc:172.17.0.2:33141|dataStream:|priority:1, bc98b27f-878f-4dad-a502-417d70977e4e|rpc:172.17.0.2:44359|dataStream:|priority:0, 92084499-c42d-4e9c-90ed-faecbf58ca46|rpc:172.17.0.2:44599|dataStream:|priority:0], old=null
2021-03-08 02:05:50,914 [grpc-default-executor-3] INFO  segmented.SegmentedRaftLogWorker (SegmentedRaftLogWorker.java:startLogSegment(392)) - 92084499-c42d-4e9c-90ed-faecbf58ca46@group-A36F55C25C0F-SegmentedRaftLogWorker: Starting segment from index:0
2021-03-08 02:05:50,914 [grpc-default-executor-3] INFO  server.RaftServer$Division (ServerState.java:setRaftConf(373)) - 92084499-c42d-4e9c-90ed-faecbf58ca46@group-A36F55C25C0F: set configuration 1: [6ba9ab1d-3af3-415d-b63e-d033c6891994|rpc:172.17.0.2:33141|dataStream:|priority:1, bc98b27f-878f-4dad-a502-417d70977e4e|rpc:172.17.0.2:44359|dataStream:|priority:0, 92084499-c42d-4e9c-90ed-faecbf58ca46|rpc:172.17.0.2:44599|dataStream:|priority:0], old=null
2021-03-08 02:05:50,914 [grpc-default-executor-3] INFO  segmented.SegmentedRaftLogWorker (SegmentedRaftLogWorker.java:rollLogSegment(397)) - 92084499-c42d-4e9c-90ed-faecbf58ca46@group-A36F55C25C0F-SegmentedRaftLogWorker: Rolling segment log-0_0 to index:0
2021-03-08 02:05:50,915 [grpc-default-executor-3] INFO  server.RaftServer$Division (ServerState.java:setRaftConf(373)) - 92084499-c42d-4e9c-90ed-faecbf58ca46@group-A36F55C25C0F: set configuration 0: [6ba9ab1d-3af3-415d-b63e-d033c6891994|rpc:172.17.0.2:33141|dataStream:|priority:1, bc98b27f-878f-4dad-a502-417d70977e4e|rpc:172.17.0.2:44359|dataStream:|priority:0, 92084499-c42d-4e9c-90ed-faecbf58ca46|rpc:172.17.0.2:44599|dataStream:|priority:0], old=null
2021-03-08 02:05:50,915 [grpc-default-executor-0] INFO  server.RaftServer$Division (ServerState.java:setRaftConf(373)) - bc98b27f-878f-4dad-a502-417d70977e4e@group-A36F55C25C0F: set configuration 0: [6ba9ab1d-3af3-415d-b63e-d033c6891994|rpc:172.17.0.2:33141|dataStream:|priority:1, bc98b27f-878f-4dad-a502-417d70977e4e|rpc:172.17.0.2:44359|dataStream:|priority:0, 92084499-c42d-4e9c-90ed-faecbf58ca46|rpc:172.17.0.2:44599|dataStream:|priority:0], old=null
2021-03-08 02:05:50,916 [grpc-default-executor-0] INFO  segmented.SegmentedRaftLogWorker (SegmentedRaftLogWorker.java:startLogSegment(392)) - bc98b27f-878f-4dad-a502-417d70977e4e@group-A36F55C25C0F-SegmentedRaftLogWorker: Starting segment from index:0
2021-03-08 02:05:50,917 [grpc-default-executor-3] INFO  server.RaftServer$Division (ServerState.java:setRaftConf(373)) - bc98b27f-878f-4dad-a502-417d70977e4e@group-A36F55C25C0F: set configuration 1: [6ba9ab1d-3af3-415d-b63e-d033c6891994|rpc:172.17.0.2:33141|dataStream:|priority:1, bc98b27f-878f-4dad-a502-417d70977e4e|rpc:172.17.0.2:44359|dataStream:|priority:0, 92084499-c42d-4e9c-90ed-faecbf58ca46|rpc:172.17.0.2:44599|dataStream:|priority:0], old=null
2021-03-08 02:05:50,917 [grpc-default-executor-3] INFO  segmented.SegmentedRaftLogWorker (SegmentedRaftLogWorker.java:rollLogSegment(397)) - bc98b27f-878f-4dad-a502-417d70977e4e@group-A36F55C25C0F-SegmentedRaftLogWorker: Rolling segment log-0_0 to index:0
2021-03-08 02:05:50,917 [grpc-default-executor-3] INFO  server.RaftServer$Division (ServerState.java:setRaftConf(373)) - bc98b27f-878f-4dad-a502-417d70977e4e@group-A36F55C25C0F: set configuration 0: [6ba9ab1d-3af3-415d-b63e-d033c6891994|rpc:172.17.0.2:33141|dataStream:|priority:1, bc98b27f-878f-4dad-a502-417d70977e4e|rpc:172.17.0.2:44359|dataStream:|priority:0, 92084499-c42d-4e9c-90ed-faecbf58ca46|rpc:172.17.0.2:44599|dataStream:|priority:0], old=null
2021-03-08 02:05:50,917 [92084499-c42d-4e9c-90ed-faecbf58ca46@group-A36F55C25C0F-SegmentedRaftLogWorker] INFO  segmented.SegmentedRaftLogWorker (SegmentedRaftLogWorker.java:execute(599)) - 92084499-c42d-4e9c-90ed-faecbf58ca46@group-A36F55C25C0F-SegmentedRaftLogWorker: created new log segment /github/workspace/mnt/ozone/hadoop-ozone/integration-test/target/test-dir/MiniOzoneClusterImpl-ccaa8949-4e5a-4858-a1f5-413699190f1a/datanode-0/data/ratis/92402027-9cee-4719-af58-a36f55c25c0f/current/log_inprogress_0
2021-03-08 02:05:50,920 [grpc-default-executor-3] INFO  server.RaftServer$Division (ServerState.java:setRaftConf(373)) - bc98b27f-878f-4dad-a502-417d70977e4e@group-A36F55C25C0F: set configuration 1: [6ba9ab1d-3af3-415d-b63e-d033c6891994|rpc:172.17.0.2:33141|dataStream:|priority:1, bc98b27f-878f-4dad-a502-417d70977e4e|rpc:172.17.0.2:44359|dataStream:|priority:0, 92084499-c42d-4e9c-90ed-faecbf58ca46|rpc:172.17.0.2:44599|dataStream:|priority:0], old=null
2021-03-08 02:05:50,921 [92084499-c42d-4e9c-90ed-faecbf58ca46@group-A36F55C25C0F-SegmentedRaftLogWorker] INFO  segmented.SegmentedRaftLogWorker (SegmentedRaftLogWorker.java:execute(556)) - 92084499-c42d-4e9c-90ed-faecbf58ca46@group-A36F55C25C0F-SegmentedRaftLogWorker: Rolled log segment from /github/workspace/mnt/ozone/hadoop-ozone/integration-test/target/test-dir/MiniOzoneClusterImpl-ccaa8949-4e5a-4858-a1f5-413699190f1a/datanode-0/data/ratis/92402027-9cee-4719-af58-a36f55c25c0f/current/log_inprogress_0 to /github/workspace/mnt/ozone/hadoop-ozone/integration-test/target/test-dir/MiniOzoneClusterImpl-ccaa8949-4e5a-4858-a1f5-413699190f1a/datanode-0/data/ratis/92402027-9cee-4719-af58-a36f55c25c0f/current/log_0-0
2021-03-08 02:05:50,922 [grpc-default-executor-0] INFO  server.RaftServer$Division (ServerState.java:setRaftConf(373)) - 92084499-c42d-4e9c-90ed-faecbf58ca46@group-A36F55C25C0F: set configuration 1: [6ba9ab1d-3af3-415d-b63e-d033c6891994|rpc:172.17.0.2:33141|dataStream:|priority:1, bc98b27f-878f-4dad-a502-417d70977e4e|rpc:172.17.0.2:44359|dataStream:|priority:0, 92084499-c42d-4e9c-90ed-faecbf58ca46|rpc:172.17.0.2:44599|dataStream:|priority:0], old=null
2021-03-08 02:05:50,923 [bc98b27f-878f-4dad-a502-417d70977e4e@group-A36F55C25C0F-SegmentedRaftLogWorker] INFO  segmented.SegmentedRaftLogWorker (SegmentedRaftLogWorker.java:execute(599)) - bc98b27f-878f-4dad-a502-417d70977e4e@group-A36F55C25C0F-SegmentedRaftLogWorker: created new log segment /github/workspace/mnt/ozone/hadoop-ozone/integration-test/target/test-dir/MiniOzoneClusterImpl-ccaa8949-4e5a-4858-a1f5-413699190f1a/datanode-2/data/ratis/92402027-9cee-4719-af58-a36f55c25c0f/current/log_inprogress_0
2021-03-08 02:05:50,923 [92084499-c42d-4e9c-90ed-faecbf58ca46@group-A36F55C25C0F-SegmentedRaftLogWorker] INFO  segmented.SegmentedRaftLogWorker (SegmentedRaftLogWorker.java:execute(599)) - 92084499-c42d-4e9c-90ed-faecbf58ca46@group-A36F55C25C0F-SegmentedRaftLogWorker: created new log segment /github/workspace/mnt/ozone/hadoop-ozone/integration-test/target/test-dir/MiniOzoneClusterImpl-ccaa8949-4e5a-4858-a1f5-413699190f1a/datanode-0/data/ratis/92402027-9cee-4719-af58-a36f55c25c0f/current/log_inprogress_1
2021-03-08 02:05:50,932 [bc98b27f-878f-4dad-a502-417d70977e4e@group-A36F55C25C0F-SegmentedRaftLogWorker] INFO  segmented.SegmentedRaftLogWorker (SegmentedRaftLogWorker.java:execute(556)) - bc98b27f-878f-4dad-a502-417d70977e4e@group-A36F55C25C0F-SegmentedRaftLogWorker: Rolled log segment from /github/workspace/mnt/ozone/hadoop-ozone/integration-test/target/test-dir/MiniOzoneClusterImpl-ccaa8949-4e5a-4858-a1f5-413699190f1a/datanode-2/data/ratis/92402027-9cee-4719-af58-a36f55c25c0f/current/log_inprogress_0 to /github/workspace/mnt/ozone/hadoop-ozone/integration-test/target/test-dir/MiniOzoneClusterImpl-ccaa8949-4e5a-4858-a1f5-413699190f1a/datanode-2/data/ratis/92402027-9cee-4719-af58-a36f55c25c0f/current/log_0-0
2021-03-08 02:05:50,934 [bc98b27f-878f-4dad-a502-417d70977e4e@group-A36F55C25C0F-SegmentedRaftLogWorker] INFO  segmented.SegmentedRaftLogWorker (SegmentedRaftLogWorker.java:execute(599)) - bc98b27f-878f-4dad-a502-417d70977e4e@group-A36F55C25C0F-SegmentedRaftLogWorker: created new log segment /github/workspace/mnt/ozone/hadoop-ozone/integration-test/target/test-dir/MiniOzoneClusterImpl-ccaa8949-4e5a-4858-a1f5-413699190f1a/datanode-2/data/ratis/92402027-9cee-4719-af58-a36f55c25c0f/current/log_inprogress_1
2021-03-08 02:05:51,733 [Thread-4587] INFO  impl.FollowerState (FollowerState.java:run(133)) - c7780af0-0f31-4130-b62a-7061a7bbaf6d@group-73197B762FF1-FollowerState: change to CANDIDATE, lastRpcElapsedTime:5144951356ns, electionTimeout:5144ms
2021-03-08 02:05:51,733 [Thread-4587] INFO  impl.RoleInfo (RoleInfo.java:shutdownFollowerState(108)) - c7780af0-0f31-4130-b62a-7061a7bbaf6d: shutdown c7780af0-0f31-4130-b62a-7061a7bbaf6d@group-73197B762FF1-FollowerState
2021-03-08 02:05:51,733 [Thread-4587] INFO  server.RaftServer$Division (RaftServerImpl.java:setRole(284)) - c7780af0-0f31-4130-b62a-7061a7bbaf6d@group-73197B762FF1: changes role from  FOLLOWER to CANDIDATE at term 6 for changeToCandidate
2021-03-08 02:05:51,733 [Thread-4587] INFO  server.RaftServerConfigKeys (ConfUtils.java:logGet(44)) - raft.server.leaderelection.pre-vote = false (custom)
2021-03-08 02:05:51,733 [Thread-4587] INFO  impl.RoleInfo (RoleInfo.java:updateAndGet(130)) - c7780af0-0f31-4130-b62a-7061a7bbaf6d: start c7780af0-0f31-4130-b62a-7061a7bbaf6d@group-73197B762FF1-LeaderElection213
2021-03-08 02:05:51,736 [c7780af0-0f31-4130-b62a-7061a7bbaf6d@group-73197B762FF1-LeaderElection213] INFO  impl.LeaderElection (LeaderElection.java:askForVotes(307)) - c7780af0-0f31-4130-b62a-7061a7bbaf6d@group-73197B762FF1-LeaderElection213 ELECTION round 0: submit vote requests at term 7 for -1: [c7780af0-0f31-4130-b62a-7061a7bbaf6d|rpc:172.17.0.2:40671|dataStream:|priority:1, 2e2b7c4f-1fa0-4360-84eb-5aea739d5e5f|rpc:172.17.0.2:45357|dataStream:|priority:0, 8be81fb1-89d0-4709-8656-3472d71d638b|rpc:172.17.0.2:44187|dataStream:|priority:0], old=null
2021-03-08 02:05:51,743 [grpc-default-executor-3] INFO  server.RaftServer$Division (RaftServerImpl.java:requestVote(1025)) - 2e2b7c4f-1fa0-4360-84eb-5aea739d5e5f@group-73197B762FF1: receive requestVote(ELECTION, c7780af0-0f31-4130-b62a-7061a7bbaf6d, group-73197B762FF1, 7, (t:0, i:0))
2021-03-08 02:05:51,743 [grpc-default-executor-3] INFO  impl.VoteContext (VoteContext.java:log(48)) - 2e2b7c4f-1fa0-4360-84eb-5aea739d5e5f@group-73197B762FF1-FOLLOWER: accept ELECTION from c7780af0-0f31-4130-b62a-7061a7bbaf6d: our priority 0 <= candidate's priority 1
2021-03-08 02:05:51,743 [grpc-default-executor-3] INFO  server.RaftServer$Division (RaftServerImpl.java:setRole(284)) - 2e2b7c4f-1fa0-4360-84eb-5aea739d5e5f@group-73197B762FF1: changes role from  FOLLOWER to FOLLOWER at term 7 for candidate:c7780af0-0f31-4130-b62a-7061a7bbaf6d
2021-03-08 02:05:51,744 [grpc-default-executor-3] INFO  impl.RoleInfo (RoleInfo.java:shutdownFollowerState(108)) - 2e2b7c4f-1fa0-4360-84eb-5aea739d5e5f: shutdown 2e2b7c4f-1fa0-4360-84eb-5aea739d5e5f@group-73197B762FF1-FollowerState
2021-03-08 02:05:51,744 [grpc-default-executor-3] INFO  impl.RoleInfo (RoleInfo.java:updateAndGet(130)) - 2e2b7c4f-1fa0-4360-84eb-5aea739d5e5f: start 2e2b7c4f-1fa0-4360-84eb-5aea739d5e5f@group-73197B762FF1-FollowerState
2021-03-08 02:05:51,743 [grpc-default-executor-0] INFO  server.RaftServer$Division (RaftServerImpl.java:requestVote(1025)) - 8be81fb1-89d0-4709-8656-3472d71d638b@group-73197B762FF1: receive requestVote(ELECTION, c7780af0-0f31-4130-b62a-7061a7bbaf6d, group-73197B762FF1, 7, (t:0, i:0))
2021-03-08 02:05:51,744 [grpc-default-executor-0] INFO  impl.VoteContext (VoteContext.java:log(48)) - 8be81fb1-89d0-4709-8656-3472d71d638b@group-73197B762FF1-FOLLOWER: accept ELECTION from c7780af0-0f31-4130-b62a-7061a7bbaf6d: our priority 0 <= candidate's priority 1
2021-03-08 02:05:51,744 [grpc-default-executor-0] INFO  server.RaftServer$Division (RaftServerImpl.java:setRole(284)) - 8be81fb1-89d0-4709-8656-3472d71d638b@group-73197B762FF1: changes role from  FOLLOWER to FOLLOWER at term 7 for candidate:c7780af0-0f31-4130-b62a-7061a7bbaf6d
2021-03-08 02:05:51,744 [grpc-default-executor-0] INFO  impl.RoleInfo (RoleInfo.java:shutdownFollowerState(108)) - 8be81fb1-89d0-4709-8656-3472d71d638b: shutdown 8be81fb1-89d0-4709-8656-3472d71d638b@group-73197B762FF1-FollowerState
2021-03-08 02:05:51,744 [grpc-default-executor-0] INFO  impl.RoleInfo (RoleInfo.java:updateAndGet(130)) - 8be81fb1-89d0-4709-8656-3472d71d638b: start 8be81fb1-89d0-4709-8656-3472d71d638b@group-73197B762FF1-FollowerState
2021-03-08 02:05:51,744 [Thread-4588] INFO  impl.FollowerState (FollowerState.java:run(142)) - 2e2b7c4f-1fa0-4360-84eb-5aea739d5e5f@group-73197B762FF1-FollowerState was interrupted: {}
java.lang.InterruptedException: sleep interrupted
	at java.lang.Thread.sleep(Native Method)
	at java.lang.Thread.sleep(Thread.java:340)
	at java.util.concurrent.TimeUnit.sleep(TimeUnit.java:386)
	at org.apache.ratis.util.TimeDuration.sleep(TimeDuration.java:324)
	at org.apache.ratis.util.TimeDuration.sleep(TimeDuration.java:309)
	at org.apache.ratis.server.impl.FollowerState.run(FollowerState.java:117)
2021-03-08 02:05:51,744 [Thread-4586] INFO  impl.FollowerState (FollowerState.java:run(142)) - 8be81fb1-89d0-4709-8656-3472d71d638b@group-73197B762FF1-FollowerState was interrupted: {}
java.lang.InterruptedException: sleep interrupted
	at java.lang.Thread.sleep(Native Method)
	at java.lang.Thread.sleep(Thread.java:340)
	at java.util.concurrent.TimeUnit.sleep(TimeUnit.java:386)
	at org.apache.ratis.util.TimeDuration.sleep(TimeDuration.java:324)
	at org.apache.ratis.util.TimeDuration.sleep(TimeDuration.java:309)
	at org.apache.ratis.server.impl.FollowerState.run(FollowerState.java:117)
2021-03-08 02:05:51,746 [grpc-default-executor-3] INFO  server.RaftServer$Division (RaftServerImpl.java:requestVote(1057)) - 2e2b7c4f-1fa0-4360-84eb-5aea739d5e5f@group-73197B762FF1 replies to ELECTION vote request: c7780af0-0f31-4130-b62a-7061a7bbaf6d<-2e2b7c4f-1fa0-4360-84eb-5aea739d5e5f#0:OK-t7. Peer's state: 2e2b7c4f-1fa0-4360-84eb-5aea739d5e5f@group-73197B762FF1:t7, leader=null, voted=c7780af0-0f31-4130-b62a-7061a7bbaf6d, raftlog=2e2b7c4f-1fa0-4360-84eb-5aea739d5e5f@group-73197B762FF1-SegmentedRaftLog:OPENED:c-1,f-1,i0, conf=-1: [c7780af0-0f31-4130-b62a-7061a7bbaf6d|rpc:172.17.0.2:40671|priority:1, 2e2b7c4f-1fa0-4360-84eb-5aea739d5e5f|rpc:172.17.0.2:45357|priority:0, 8be81fb1-89d0-4709-8656-3472d71d638b|rpc:172.17.0.2:44187|priority:0], old=null
2021-03-08 02:05:51,747 [c7780af0-0f31-4130-b62a-7061a7bbaf6d@group-73197B762FF1-LeaderElection213] INFO  impl.LeaderElection (LeaderElection.java:logAndReturn(89)) - c7780af0-0f31-4130-b62a-7061a7bbaf6d@group-73197B762FF1-LeaderElection213: ELECTION PASSED received 1 response(s) and 0 exception(s):
2021-03-08 02:05:51,747 [c7780af0-0f31-4130-b62a-7061a7bbaf6d@group-73197B762FF1-LeaderElection213] INFO  impl.LeaderElection (LeaderElection.java:logAndReturn(93)) -   Response 0: c7780af0-0f31-4130-b62a-7061a7bbaf6d<-2e2b7c4f-1fa0-4360-84eb-5aea739d5e5f#0:OK-t7
2021-03-08 02:05:51,747 [c7780af0-0f31-4130-b62a-7061a7bbaf6d@group-73197B762FF1-LeaderElection213] INFO  impl.LeaderElection (LeaderElection.java:askForVotes(309)) - c7780af0-0f31-4130-b62a-7061a7bbaf6d@group-73197B762FF1-LeaderElection213 ELECTION round 0: result PASSED
2021-03-08 02:05:51,747 [c7780af0-0f31-4130-b62a-7061a7bbaf6d@group-73197B762FF1-LeaderElection213] INFO  impl.RoleInfo (RoleInfo.java:shutdownLeaderElection(121)) - c7780af0-0f31-4130-b62a-7061a7bbaf6d: shutdown c7780af0-0f31-4130-b62a-7061a7bbaf6d@group-73197B762FF1-LeaderElection213
2021-03-08 02:05:51,747 [c7780af0-0f31-4130-b62a-7061a7bbaf6d@group-73197B762FF1-LeaderElection213] INFO  server.RaftServer$Division (RaftServerImpl.java:setRole(284)) - c7780af0-0f31-4130-b62a-7061a7bbaf6d@group-73197B762FF1: changes role from CANDIDATE to LEADER at term 7 for changeToLeader
2021-03-08 02:05:51,747 [c7780af0-0f31-4130-b62a-7061a7bbaf6d@group-73197B762FF1-LeaderElection213] INFO  ratis.XceiverServerRatis (XceiverServerRatis.java:handleLeaderChangedNotification(899)) - Leader change notification received for group: group-73197B762FF1 with new leaderId: c7780af0-0f31-4130-b62a-7061a7bbaf6d
2021-03-08 02:05:51,747 [c7780af0-0f31-4130-b62a-7061a7bbaf6d@group-73197B762FF1-LeaderElection213] INFO  server.RaftServer$Division (ServerState.java:setLeader(271)) - c7780af0-0f31-4130-b62a-7061a7bbaf6d@group-73197B762FF1: change Leader from null to c7780af0-0f31-4130-b62a-7061a7bbaf6d at term 7 for becomeLeader, leader elected after 35650ms
2021-03-08 02:05:51,747 [c7780af0-0f31-4130-b62a-7061a7bbaf6d@group-73197B762FF1-LeaderElection213] INFO  server.RaftServerConfigKeys (ConfUtils.java:logGet(44)) - raft.server.staging.catchup.gap = 1000 (default)
2021-03-08 02:05:51,748 [c7780af0-0f31-4130-b62a-7061a7bbaf6d@group-73197B762FF1-LeaderElection213] INFO  metrics.RatisMetrics (RatisMetrics.java:lambda$create$0(36)) - Creating Metrics Registry : ratis.log_appender.c7780af0-0f31-4130-b62a-7061a7bbaf6d@group-73197B762FF1
2021-03-08 02:05:51,748 [c7780af0-0f31-4130-b62a-7061a7bbaf6d@group-73197B762FF1-LeaderElection213] INFO  server.RaftServerConfigKeys (ConfUtils.java:logGet(44)) - raft.server.write.element-limit = 1024 (custom)
2021-03-08 02:05:51,748 [c7780af0-0f31-4130-b62a-7061a7bbaf6d@group-73197B762FF1-LeaderElection213] INFO  server.RaftServerConfigKeys (ConfUtils.java:logGet(44)) - raft.server.write.byte-limit = 1073741824 (custom)
2021-03-08 02:05:51,749 [c7780af0-0f31-4130-b62a-7061a7bbaf6d@group-73197B762FF1-LeaderElection213] INFO  server.RaftServerConfigKeys (ConfUtils.java:logGet(44)) - raft.server.watch.timeout = 3000ms (custom)
2021-03-08 02:05:51,749 [c7780af0-0f31-4130-b62a-7061a7bbaf6d@group-73197B762FF1-LeaderElection213] INFO  server.RaftServerConfigKeys (ConfUtils.java:logGet(44)) - raft.server.watch.timeout.denomination = 1s (default)
2021-03-08 02:05:51,749 [c7780af0-0f31-4130-b62a-7061a7bbaf6d@group-73197B762FF1-LeaderElection213] INFO  server.RaftServerConfigKeys (ConfUtils.java:logGet(44)) - raft.server.watch.element-limit = 65536 (default)
2021-03-08 02:05:51,749 [c7780af0-0f31-4130-b62a-7061a7bbaf6d@group-73197B762FF1-LeaderElection213] INFO  server.RaftServerConfigKeys (ConfUtils.java:logGet(44)) - raft.server.log.appender.snapshot.chunk.size.max = 16MB (=16777216) (default)
2021-03-08 02:05:51,749 [c7780af0-0f31-4130-b62a-7061a7bbaf6d@group-73197B762FF1-LeaderElection213] INFO  server.RaftServerConfigKeys (ConfUtils.java:logGet(44)) - raft.server.log.appender.buffer.byte-limit = 33554432 (custom)
2021-03-08 02:05:51,749 [c7780af0-0f31-4130-b62a-7061a7bbaf6d@group-73197B762FF1-LeaderElection213] INFO  server.RaftServerConfigKeys (ConfUtils.java:logGet(44)) - raft.server.log.appender.buffer.element-limit = 1 (custom)
2021-03-08 02:05:51,750 [c7780af0-0f31-4130-b62a-7061a7bbaf6d@group-73197B762FF1-LeaderElection213] INFO  grpc.GrpcConfigKeys (ConfUtils.java:logGet(44)) - raft.grpc.server.leader.outstanding.appends.max = 128 (default)
2021-03-08 02:05:51,750 [c7780af0-0f31-4130-b62a-7061a7bbaf6d@group-73197B762FF1-LeaderElection213] INFO  server.RaftServerConfigKeys (ConfUtils.java:logGet(44)) - raft.server.rpc.request.timeout = 3000ms (default)
2021-03-08 02:05:51,750 [c7780af0-0f31-4130-b62a-7061a7bbaf6d@group-73197B762FF1-LeaderElection213] INFO  server.RaftServerConfigKeys (ConfUtils.java:logGet(44)) - raft.server.log.appender.install.snapshot.enabled = false (custom)
2021-03-08 02:05:51,750 [c7780af0-0f31-4130-b62a-7061a7bbaf6d@group-73197B762FF1-LeaderElection213] INFO  metrics.RatisMetrics (RatisMetrics.java:lambda$create$0(36)) - Creating Metrics Registry : ratis_grpc.log_appender.c7780af0-0f31-4130-b62a-7061a7bbaf6d@group-73197B762FF1
2021-03-08 02:05:51,750 [EventQueue-PipelineReportForPipelineReportHandler] INFO  pipeline.PipelineStateManager (PipelineStateManager.java:openPipeline(132)) - Pipeline Pipeline[ Id: 08a3fe71-0329-4143-ad3d-73197b762ff1, Nodes: 2e2b7c4f-1fa0-4360-84eb-5aea739d5e5f{ip: 172.17.0.2, host: 55665278a03a, ports: [REPLICATION=42473, RATIS=45357, RATIS_ADMIN=45357, RATIS_SERVER=45357, STANDALONE=44021], networkLocation: /default-rack, certSerialId: null, persistedOpState: IN_SERVICE, persistedOpStateExpiryEpochSec: 0}8be81fb1-89d0-4709-8656-3472d71d638b{ip: 172.17.0.2, host: 55665278a03a, ports: [REPLICATION=43543, RATIS=44187, RATIS_ADMIN=44187, RATIS_SERVER=44187, STANDALONE=44151], networkLocation: /default-rack, certSerialId: null, persistedOpState: IN_SERVICE, persistedOpStateExpiryEpochSec: 0}c7780af0-0f31-4130-b62a-7061a7bbaf6d{ip: 172.17.0.2, host: 55665278a03a, ports: [REPLICATION=39443, RATIS=40671, RATIS_ADMIN=40671, RATIS_SERVER=40671, STANDALONE=35715], networkLocation: /default-rack, certSerialId: null, persistedOpState: IN_SERVICE, persistedOpStateExpiryEpochSec: 0}, Type:RATIS, Factor:THREE, State:ALLOCATED, leaderId:c7780af0-0f31-4130-b62a-7061a7bbaf6d, CreationTimestamp2021-03-08T02:05:13.333Z] moved to OPEN state
2021-03-08 02:05:51,751 [grpc-default-executor-0] INFO  server.RaftServer$Division (RaftServerImpl.java:requestVote(1057)) - 8be81fb1-89d0-4709-8656-3472d71d638b@group-73197B762FF1 replies to ELECTION vote request: c7780af0-0f31-4130-b62a-7061a7bbaf6d<-8be81fb1-89d0-4709-8656-3472d71d638b#0:OK-t7. Peer's state: 8be81fb1-89d0-4709-8656-3472d71d638b@group-73197B762FF1:t7, leader=null, voted=c7780af0-0f31-4130-b62a-7061a7bbaf6d, raftlog=8be81fb1-89d0-4709-8656-3472d71d638b@group-73197B762FF1-SegmentedRaftLog:OPENED:c-1,f-1,i0, conf=-1: [c7780af0-0f31-4130-b62a-7061a7bbaf6d|rpc:172.17.0.2:40671|dataStream:|priority:1, 2e2b7c4f-1fa0-4360-84eb-5aea739d5e5f|rpc:172.17.0.2:45357|dataStream:|priority:0, 8be81fb1-89d0-4709-8656-3472d71d638b|rpc:172.17.0.2:44187|dataStream:|priority:0], old=null
2021-03-08 02:05:51,755 [c7780af0-0f31-4130-b62a-7061a7bbaf6d@group-73197B762FF1-LeaderElection213] INFO  server.RaftServerConfigKeys (ConfUtils.java:logGet(44)) - raft.server.log.appender.snapshot.chunk.size.max = 16MB (=16777216) (default)
2021-03-08 02:05:51,755 [c7780af0-0f31-4130-b62a-7061a7bbaf6d@group-73197B762FF1-LeaderElection213] INFO  server.RaftServerConfigKeys (ConfUtils.java:logGet(44)) - raft.server.log.appender.buffer.byte-limit = 33554432 (custom)
2021-03-08 02:05:51,755 [c7780af0-0f31-4130-b62a-7061a7bbaf6d@group-73197B762FF1-LeaderElection213] INFO  server.RaftServerConfigKeys (ConfUtils.java:logGet(44)) - raft.server.log.appender.buffer.element-limit = 1 (custom)
2021-03-08 02:05:51,755 [c7780af0-0f31-4130-b62a-7061a7bbaf6d@group-73197B762FF1-LeaderElection213] INFO  grpc.GrpcConfigKeys (ConfUtils.java:logGet(44)) - raft.grpc.server.leader.outstanding.appends.max = 128 (default)
2021-03-08 02:05:51,755 [c7780af0-0f31-4130-b62a-7061a7bbaf6d@group-73197B762FF1-LeaderElection213] INFO  server.RaftServerConfigKeys (ConfUtils.java:logGet(44)) - raft.server.rpc.request.timeout = 3000ms (default)
2021-03-08 02:05:51,755 [c7780af0-0f31-4130-b62a-7061a7bbaf6d@group-73197B762FF1-LeaderElection213] INFO  server.RaftServerConfigKeys (ConfUtils.java:logGet(44)) - raft.server.log.appender.install.snapshot.enabled = false (custom)
2021-03-08 02:05:51,758 [c7780af0-0f31-4130-b62a-7061a7bbaf6d@group-73197B762FF1-LeaderElection213] INFO  impl.RoleInfo (RoleInfo.java:updateAndGet(130)) - c7780af0-0f31-4130-b62a-7061a7bbaf6d: start c7780af0-0f31-4130-b62a-7061a7bbaf6d@group-73197B762FF1-LeaderStateImpl
2021-03-08 02:05:51,759 [c7780af0-0f31-4130-b62a-7061a7bbaf6d@group-73197B762FF1-LeaderElection213] INFO  segmented.SegmentedRaftLogWorker (SegmentedRaftLogWorker.java:startLogSegment(392)) - c7780af0-0f31-4130-b62a-7061a7bbaf6d@group-73197B762FF1-SegmentedRaftLogWorker: Starting segment from index:0
2021-03-08 02:05:51,760 [c7780af0-0f31-4130-b62a-7061a7bbaf6d@group-73197B762FF1-SegmentedRaftLogWorker] INFO  segmented.SegmentedRaftLogWorker (SegmentedRaftLogWorker.java:execute(599)) - c7780af0-0f31-4130-b62a-7061a7bbaf6d@group-73197B762FF1-SegmentedRaftLogWorker: created new log segment /github/workspace/mnt/ozone/hadoop-ozone/integration-test/target/test-dir/MiniOzoneClusterImpl-ccaa8949-4e5a-4858-a1f5-413699190f1a/datanode-5/data/ratis/08a3fe71-0329-4143-ad3d-73197b762ff1/current/log_inprogress_0
2021-03-08 02:05:51,760 [c7780af0-0f31-4130-b62a-7061a7bbaf6d@group-73197B762FF1-LeaderElection213] INFO  server.RaftServer$Division (ServerState.java:setRaftConf(373)) - c7780af0-0f31-4130-b62a-7061a7bbaf6d@group-73197B762FF1: set configuration 0: [c7780af0-0f31-4130-b62a-7061a7bbaf6d|rpc:172.17.0.2:40671|dataStream:|priority:1, 2e2b7c4f-1fa0-4360-84eb-5aea739d5e5f|rpc:172.17.0.2:45357|dataStream:|priority:0, 8be81fb1-89d0-4709-8656-3472d71d638b|rpc:172.17.0.2:44187|dataStream:|priority:0], old=null
2021-03-08 02:05:51,771 [grpc-default-executor-0] INFO  ratis.XceiverServerRatis (XceiverServerRatis.java:handleLeaderChangedNotification(899)) - Leader change notification received for group: group-73197B762FF1 with new leaderId: c7780af0-0f31-4130-b62a-7061a7bbaf6d
2021-03-08 02:05:51,772 [grpc-default-executor-0] INFO  server.RaftServer$Division (ServerState.java:setLeader(271)) - 2e2b7c4f-1fa0-4360-84eb-5aea739d5e5f@group-73197B762FF1: change Leader from null to c7780af0-0f31-4130-b62a-7061a7bbaf6d at term 7 for appendEntries, leader elected after 35744ms
2021-03-08 02:05:51,776 [grpc-default-executor-6] INFO  ratis.XceiverServerRatis (XceiverServerRatis.java:handleLeaderChangedNotification(899)) - Leader change notification received for group: group-73197B762FF1 with new leaderId: c7780af0-0f31-4130-b62a-7061a7bbaf6d
2021-03-08 02:05:51,776 [grpc-default-executor-6] INFO  server.RaftServer$Division (ServerState.java:setLeader(271)) - 8be81fb1-89d0-4709-8656-3472d71d638b@group-73197B762FF1: change Leader from null to c7780af0-0f31-4130-b62a-7061a7bbaf6d at term 7 for appendEntries, leader elected after 35722ms
2021-03-08 02:05:51,784 [grpc-default-executor-3] INFO  server.RaftServer$Division (ServerState.java:setRaftConf(373)) - 2e2b7c4f-1fa0-4360-84eb-5aea739d5e5f@group-73197B762FF1: set configuration 0: [c7780af0-0f31-4130-b62a-7061a7bbaf6d|rpc:172.17.0.2:40671|dataStream:|priority:1, 2e2b7c4f-1fa0-4360-84eb-5aea739d5e5f|rpc:172.17.0.2:45357|dataStream:|priority:0, 8be81fb1-89d0-4709-8656-3472d71d638b|rpc:172.17.0.2:44187|dataStream:|priority:0], old=null
2021-03-08 02:05:51,784 [grpc-default-executor-3] INFO  segmented.SegmentedRaftLogWorker (SegmentedRaftLogWorker.java:startLogSegment(392)) - 2e2b7c4f-1fa0-4360-84eb-5aea739d5e5f@group-73197B762FF1-SegmentedRaftLogWorker: Starting segment from index:0
2021-03-08 02:05:51,786 [2e2b7c4f-1fa0-4360-84eb-5aea739d5e5f@group-73197B762FF1-SegmentedRaftLogWorker] INFO  segmented.SegmentedRaftLogWorker (SegmentedRaftLogWorker.java:execute(599)) - 2e2b7c4f-1fa0-4360-84eb-5aea739d5e5f@group-73197B762FF1-SegmentedRaftLogWorker: created new log segment /github/workspace/mnt/ozone/hadoop-ozone/integration-test/target/test-dir/MiniOzoneClusterImpl-ccaa8949-4e5a-4858-a1f5-413699190f1a/datanode-3/data/ratis/08a3fe71-0329-4143-ad3d-73197b762ff1/current/log_inprogress_0
2021-03-08 02:05:51,786 [grpc-default-executor-6] INFO  server.RaftServer$Division (ServerState.java:setRaftConf(373)) - 8be81fb1-89d0-4709-8656-3472d71d638b@group-73197B762FF1: set configuration 0: [c7780af0-0f31-4130-b62a-7061a7bbaf6d|rpc:172.17.0.2:40671|dataStream:|priority:1, 2e2b7c4f-1fa0-4360-84eb-5aea739d5e5f|rpc:172.17.0.2:45357|dataStream:|priority:0, 8be81fb1-89d0-4709-8656-3472d71d638b|rpc:172.17.0.2:44187|dataStream:|priority:0], old=null
2021-03-08 02:05:51,789 [grpc-default-executor-6] INFO  segmented.SegmentedRaftLogWorker (SegmentedRaftLogWorker.java:startLogSegment(392)) - 8be81fb1-89d0-4709-8656-3472d71d638b@group-73197B762FF1-SegmentedRaftLogWorker: Starting segment from index:0
2021-03-08 02:05:51,793 [8be81fb1-89d0-4709-8656-3472d71d638b@group-73197B762FF1-SegmentedRaftLogWorker] INFO  segmented.SegmentedRaftLogWorker (SegmentedRaftLogWorker.java:execute(599)) - 8be81fb1-89d0-4709-8656-3472d71d638b@group-73197B762FF1-SegmentedRaftLogWorker: created new log segment /github/workspace/mnt/ozone/hadoop-ozone/integration-test/target/test-dir/MiniOzoneClusterImpl-ccaa8949-4e5a-4858-a1f5-413699190f1a/datanode-4/data/ratis/08a3fe71-0329-4143-ad3d-73197b762ff1/current/log_inprogress_0
2021-03-08 02:05:52,355 [grpc-default-executor-6] ERROR storage.BlockOutputStream (BlockOutputStream.java:lambda$writeChunkToContainer$3(676)) - writing chunk failed 105851723488034835_chunk_1 blockID conID: 1 locID: 105851723488034835 bcsId: 0 with exception org.apache.ratis.protocol.exceptions.AlreadyClosedException: SlidingWindow$Client:client-24C593950EBB->RAFT is closed.
2021-03-08 02:05:52,355 [grpc-default-executor-6] ERROR storage.BlockOutputStream (BlockOutputStream.java:lambda$writeChunkToContainer$3(676)) - writing chunk failed 105851723488034835_chunk_2 blockID conID: 1 locID: 105851723488034835 bcsId: 0 with exception org.apache.ratis.protocol.exceptions.AlreadyClosedException: SlidingWindow$Client:client-24C593950EBB->RAFT is closed.
2021-03-08 02:05:52,355 [grpc-default-executor-6] ERROR storage.BlockOutputStream (BlockOutputStream.java:lambda$writeChunkToContainer$3(676)) - writing chunk failed 105851723488034835_chunk_3 blockID conID: 1 locID: 105851723488034835 bcsId: 0 with exception org.apache.ratis.protocol.exceptions.AlreadyClosedException: SlidingWindow$Client:client-24C593950EBB->RAFT is closed.
2021-03-08 02:05:52,355 [grpc-default-executor-6] ERROR storage.BlockOutputStream (BlockOutputStream.java:lambda$writeChunkToContainer$3(676)) - writing chunk failed 105851723488034835_chunk_4 blockID conID: 1 locID: 105851723488034835 bcsId: 0 with exception org.apache.ratis.protocol.exceptions.AlreadyClosedException: SlidingWindow$Client:client-24C593950EBB->RAFT is closed.
2021-03-08 02:05:52,359 [Listener at 127.0.0.1/34517] WARN  io.KeyOutputStream (KeyOutputStream.java:handleException(312)) - Encountered exception java.io.IOException: Unexpected Storage Container Exception: java.util.concurrent.CompletionException: java.util.concurrent.CompletionException: org.apache.ratis.protocol.exceptions.AlreadyClosedException: SlidingWindow$Client:client-24C593950EBB->RAFT is closed. on the pipeline Pipeline[ Id: 92402027-9cee-4719-af58-a36f55c25c0f, Nodes: 92084499-c42d-4e9c-90ed-faecbf58ca46{ip: 172.17.0.2, host: 55665278a03a, ports: [REPLICATION=38411, RATIS=44599, RATIS_ADMIN=44599, RATIS_SERVER=44599, STANDALONE=46429], networkLocation: /default-rack, certSerialId: null, persistedOpState: IN_SERVICE, persistedOpStateExpiryEpochSec: 0}6ba9ab1d-3af3-415d-b63e-d033c6891994{ip: 172.17.0.2, host: 55665278a03a, ports: [REPLICATION=35637, RATIS=33141, RATIS_ADMIN=33141, RATIS_SERVER=33141, STANDALONE=38047], networkLocation: /default-rack, certSerialId: null, persistedOpState: IN_SERVICE, persistedOpStateExpiryEpochSec: 0}bc98b27f-878f-4dad-a502-417d70977e4e{ip: 172.17.0.2, host: 55665278a03a, ports: [REPLICATION=42419, RATIS=44359, RATIS_ADMIN=44359, RATIS_SERVER=44359, STANDALONE=33229], networkLocation: /default-rack, certSerialId: null, persistedOpState: IN_SERVICE, persistedOpStateExpiryEpochSec: 0}, Type:RATIS, Factor:THREE, State:OPEN, leaderId:6ba9ab1d-3af3-415d-b63e-d033c6891994, CreationTimestamp2021-03-08T02:05:12.680Z]. The last committed block length is 0, uncommitted data length is 400 retry count 0
2021-03-08 02:05:52,360 [Listener at 127.0.0.1/34517] INFO  io.BlockOutputStreamEntryPool (BlockOutputStreamEntryPool.java:allocateNewBlock(241)) - Allocating block with ExcludeList {datanodes = [], containerIds = [], pipelineIds = [PipelineID=92402027-9cee-4719-af58-a36f55c25c0f]}
2021-03-08 02:05:52,391 [Listener at 127.0.0.1/34517] INFO  metrics.RatisMetrics (RatisMetrics.java:lambda$create$0(36)) - Creating Metrics Registry : ratis.client_message_metrics.client-EE9DB369D1EE->bc98b27f-878f-4dad-a502-417d70977e4e
2021-03-08 02:05:52,543 [Listener at 127.0.0.1/34517] INFO  ozone.MiniOzoneClusterImpl (MiniOzoneClusterImpl.java:shutdown(400)) - Shutting down the Mini Ozone Cluster
2021-03-08 02:05:52,543 [Listener at 127.0.0.1/34517] INFO  ozone.MiniOzoneClusterImpl (MiniOzoneClusterImpl.java:stop(415)) - Stopping the Mini Ozone Cluster
2021-03-08 02:05:52,543 [Listener at 127.0.0.1/34517] INFO  ozone.MiniOzoneClusterImpl (MiniOzoneClusterImpl.java:stopOM(497)) - Stopping the OzoneManager
2021-03-08 02:05:52,543 [Listener at 127.0.0.1/34517] INFO  ipc.Server (Server.java:stop(3403)) - Stopping server on 34517
2021-03-08 02:05:52,552 [IPC Server listener on 0] INFO  ipc.Server (Server.java:run(1366)) - Stopping IPC Server listener on 0
2021-03-08 02:05:52,555 [IPC Server Responder] INFO  ipc.Server (Server.java:run(1502)) - Stopping IPC Server Responder
2021-03-08 02:05:52,562 [Listener at 127.0.0.1/34517] INFO  server.RaftServer (RaftServerProxy.java:lambda$close$6(391)) - om1: close
2021-03-08 02:05:52,562 [Listener at 127.0.0.1/34517] INFO  server.RaftServer$Division (RaftServerImpl.java:lambda$close$4(406)) - om1@group-C5BA1605619E: shutdown
2021-03-08 02:05:52,562 [Listener at 127.0.0.1/34517] INFO  util.JmxRegister (JmxRegister.java:unregister(73)) - Successfully un-registered JMX Bean with object name Ratis:service=RaftServer,group=group-C5BA1605619E,id=om1
2021-03-08 02:05:52,562 [Listener at 127.0.0.1/34517] INFO  impl.RoleInfo (RoleInfo.java:shutdownLeaderState(91)) - om1: shutdown om1@group-C5BA1605619E-LeaderStateImpl
2021-03-08 02:05:52,563 [Listener at 127.0.0.1/34517] INFO  impl.PendingRequests (PendingRequests.java:sendNotLeaderResponses(249)) - om1@group-C5BA1605619E-PendingRequests: sendNotLeaderResponses
2021-03-08 02:05:52,565 [Listener at 127.0.0.1/34517] INFO  metrics.RatisMetrics (RatisMetrics.java:unregister(43)) - Unregistering Metrics Registry : ratis.log_appender.om1@group-C5BA1605619E
2021-03-08 02:05:52,565 [Listener at 127.0.0.1/34517] INFO  metrics.RatisMetrics (RatisMetrics.java:unregister(43)) - Unregistering Metrics Registry : ratis.server.om1@group-C5BA1605619E
2021-03-08 02:05:52,566 [Listener at 127.0.0.1/34517] INFO  impl.StateMachineUpdater (StateMachineUpdater.java:stopAndJoin(148)) - om1@group-C5BA1605619E-StateMachineUpdater: set stopIndex = 8
2021-03-08 02:05:52,567 [om1@group-C5BA1605619E-StateMachineUpdater] INFO  ratis.OzoneManagerStateMachine (OzoneManagerStateMachine.java:takeSnapshot(345)) - Current Snapshot Index (t:1, i:8)
2021-03-08 02:05:52,567 [om1@group-C5BA1605619E-StateMachineUpdater] INFO  impl.StateMachineUpdater (StateMachineUpdater.java:takeSnapshot(279)) - om1@group-C5BA1605619E-StateMachineUpdater: Took a snapshot at index 8
2021-03-08 02:05:52,567 [om1@group-C5BA1605619E-StateMachineUpdater] INFO  impl.StateMachineUpdater (StateMachineUpdater.java:lambda$new$0(88)) - om1@group-C5BA1605619E-StateMachineUpdater: snapshotIndex: updateIncreasingly -1 -> 8
2021-03-08 02:05:52,567 [om1@group-C5BA1605619E-StateMachineUpdater] INFO  metrics.RatisMetrics (RatisMetrics.java:unregister(43)) - Unregistering Metrics Registry : ratis.state_machine.om1@group-C5BA1605619E
2021-03-08 02:05:52,567 [Listener at 127.0.0.1/34517] INFO  server.RaftServer$Division (ServerState.java:close(405)) - om1@group-C5BA1605619E: closes. applyIndex: 8
2021-03-08 02:05:52,567 [om1@group-C5BA1605619E-SegmentedRaftLogWorker] INFO  segmented.SegmentedRaftLogWorker (SegmentedRaftLogWorker.java:run(326)) - om1@group-C5BA1605619E-SegmentedRaftLogWorker was interrupted, exiting. There are 0 tasks remaining in the queue.
2021-03-08 02:05:52,569 [Listener at 127.0.0.1/34517] INFO  segmented.SegmentedRaftLogWorker (SegmentedRaftLogWorker.java:close(236)) - om1@group-C5BA1605619E-SegmentedRaftLogWorker close()
2021-03-08 02:05:52,570 [Listener at 127.0.0.1/34517] INFO  metrics.RatisMetrics (RatisMetrics.java:unregister(43)) - Unregistering Metrics Registry : ratis.log_worker.om1@group-C5BA1605619E
2021-03-08 02:05:52,570 [Listener at 127.0.0.1/34517] INFO  metrics.RatisMetrics (RatisMetrics.java:unregister(43)) - Unregistering Metrics Registry : ratis.leader_election.om1@group-C5BA1605619E
2021-03-08 02:05:52,570 [Listener at 127.0.0.1/34517] INFO  metrics.RatisMetrics (RatisMetrics.java:unregister(43)) - Unregistering Metrics Registry : ratis.server.om1@group-C5BA1605619E
2021-03-08 02:05:52,570 [Listener at 127.0.0.1/34517] INFO  server.GrpcService (GrpcService.java:closeImpl(262)) - om1: shutdown server with port 9872 now
2021-03-08 02:05:52,570 [Listener at 127.0.0.1/34517] INFO  server.GrpcService (GrpcService.java:closeImpl(271)) - om1: shutdown server with port 9872 successfully
2021-03-08 02:05:52,571 [org.apache.ratis.util.JvmPauseMonitor$$Lambda$504/1646982022@620b36c2] INFO  util.JvmPauseMonitor (JvmPauseMonitor.java:run(109)) - JvmPauseMonitor-om1: Stopped
2021-03-08 02:05:52,571 [Listener at 127.0.0.1/34517] INFO  ratis.OzoneManagerDoubleBuffer (OzoneManagerDoubleBuffer.java:stop(425)) - Stopping OMDoubleBuffer flush thread
2021-03-08 02:05:52,571 [OMDoubleBufferFlushThread] INFO  ratis.OzoneManagerDoubleBuffer (OzoneManagerDoubleBuffer.java:flushTransactions(352)) - OMDoubleBuffer flush thread OMDoubleBufferFlushThread is interrupted and will exit. OMDoubleBufferFlushThread
2021-03-08 02:05:52,571 [Listener at 127.0.0.1/34517] INFO  ratis.OzoneManagerStateMachine (HadoopExecutors.java:shutdown(118)) - Gracefully shutting down executor service. Waiting max 5 SECONDS
2021-03-08 02:05:52,571 [Listener at 127.0.0.1/34517] INFO  ratis.OzoneManagerStateMachine (HadoopExecutors.java:shutdown(129)) - Succesfully shutdown executor service
2021-03-08 02:05:52,571 [Listener at 127.0.0.1/34517] INFO  ratis.OzoneManagerStateMachine (HadoopExecutors.java:shutdown(118)) - Gracefully shutting down executor service. Waiting max 5 SECONDS
2021-03-08 02:05:52,571 [Listener at 127.0.0.1/34517] INFO  ratis.OzoneManagerStateMachine (HadoopExecutors.java:shutdown(129)) - Succesfully shutdown executor service
2021-03-08 02:05:52,571 [Listener at 127.0.0.1/34517] INFO  utils.BackgroundService (BackgroundService.java:shutdown(132)) - Shutting down service KeyDeletingService
2021-03-08 02:05:52,572 [Listener at 127.0.0.1/34517] INFO  handler.ContextHandler (ContextHandler.java:doStop(1154)) - Stopped o.e.j.w.WebAppContext@3b0cee11{ozoneManager,/,null,STOPPED}{file:/github/workspace/mnt/ozone/hadoop-ozone/integration-test/target/test-classes/webapps/ozoneManager}
2021-03-08 02:05:52,573 [Listener at 127.0.0.1/34517] INFO  server.AbstractConnector (AbstractConnector.java:doStop(381)) - Stopped ServerConnector@4cc389b3{HTTP/1.1, (http/1.1)}{0.0.0.0:0}
2021-03-08 02:05:52,573 [Listener at 127.0.0.1/34517] INFO  server.session (HouseKeeper.java:stopScavenging(149)) - node0 Stopped scavenging
2021-03-08 02:05:52,573 [Listener at 127.0.0.1/34517] INFO  handler.ContextHandler (ContextHandler.java:doStop(1154)) - Stopped o.e.j.s.ServletContextHandler@3704fa9e{static,/static,file:///github/workspace/mnt/ozone/hadoop-ozone/integration-test/target/test-classes/webapps/static,STOPPED}
2021-03-08 02:05:52,573 [Listener at 127.0.0.1/34517] INFO  handler.ContextHandler (ContextHandler.java:doStop(1154)) - Stopped o.e.j.s.ServletContextHandler@38d67ab3{logs,/logs,file:///github/workspace/mnt/ozone/hadoop-ozone/integration-test/target/log,STOPPED}
2021-03-08 02:05:52,576 [Listener at 127.0.0.1/34517] INFO  ozone.MiniOzoneClusterImpl (MiniOzoneClusterImpl.java:stopDatanodes(474)) - Stopping the HddsDatanodes
2021-03-08 02:05:53,006 [Datanode State Machine Thread - 0] INFO  statemachine.DatanodeStateMachine (DatanodeStateMachine.java:lambda$startDaemon$0(411)) - Ozone container server started.
2021-03-08 02:05:53,496 [Datanode State Machine Thread - 0] INFO  statemachine.DatanodeStateMachine (DatanodeStateMachine.java:lambda$startDaemon$0(411)) - Ozone container server started.
2021-03-08 02:05:57,577 [Listener at 127.0.0.1/34517] INFO  ozoneimpl.OzoneContainer (OzoneContainer.java:stop(273)) - Attempting to stop container services.
2021-03-08 02:05:57,577 [ForkJoinPool.commonPool-worker-1] INFO  ozoneimpl.OzoneContainer (OzoneContainer.java:stop(273)) - Attempting to stop container services.
2021-03-08 02:05:57,578 [Listener at 127.0.0.1/34517] INFO  server.RaftServer (RaftServerProxy.java:lambda$close$6(391)) - 8be81fb1-89d0-4709-8656-3472d71d638b: close
2021-03-08 02:05:57,578 [Listener at 127.0.0.1/34517] INFO  server.RaftServer$Division (RaftServerImpl.java:lambda$close$4(406)) - 8be81fb1-89d0-4709-8656-3472d71d638b@group-559853B99B2A: shutdown
2021-03-08 02:05:57,578 [ForkJoinPool.commonPool-worker-1] INFO  server.RaftServer (RaftServerProxy.java:lambda$close$6(391)) - 6ba9ab1d-3af3-415d-b63e-d033c6891994: close
2021-03-08 02:05:57,578 [ForkJoinPool.commonPool-worker-1] INFO  server.RaftServer$Division (RaftServerImpl.java:lambda$close$4(406)) - 6ba9ab1d-3af3-415d-b63e-d033c6891994@group-37DB1FA48E92: shutdown
2021-03-08 02:05:57,578 [ForkJoinPool.commonPool-worker-1] INFO  util.JmxRegister (JmxRegister.java:unregister(73)) - Successfully un-registered JMX Bean with object name Ratis:service=RaftServer,group=group-37DB1FA48E92,id=6ba9ab1d-3af3-415d-b63e-d033c6891994
2021-03-08 02:05:57,579 [ForkJoinPool.commonPool-worker-1] INFO  impl.RoleInfo (RoleInfo.java:shutdownLeaderState(91)) - 6ba9ab1d-3af3-415d-b63e-d033c6891994: shutdown 6ba9ab1d-3af3-415d-b63e-d033c6891994@group-37DB1FA48E92-LeaderStateImpl
2021-03-08 02:05:57,578 [Listener at 127.0.0.1/34517] INFO  util.JmxRegister (JmxRegister.java:unregister(73)) - Successfully un-registered JMX Bean with object name Ratis:service=RaftServer,group=group-559853B99B2A,id=8be81fb1-89d0-4709-8656-3472d71d638b
2021-03-08 02:05:57,579 [Listener at 127.0.0.1/34517] INFO  impl.RoleInfo (RoleInfo.java:shutdownLeaderState(91)) - 8be81fb1-89d0-4709-8656-3472d71d638b: shutdown 8be81fb1-89d0-4709-8656-3472d71d638b@group-559853B99B2A-LeaderStateImpl
2021-03-08 02:05:57,579 [ForkJoinPool.commonPool-worker-1] INFO  impl.PendingRequests (PendingRequests.java:sendNotLeaderResponses(249)) - 6ba9ab1d-3af3-415d-b63e-d033c6891994@group-37DB1FA48E92-PendingRequests: sendNotLeaderResponses
2021-03-08 02:05:57,579 [Listener at 127.0.0.1/34517] INFO  impl.PendingRequests (PendingRequests.java:sendNotLeaderResponses(249)) - 8be81fb1-89d0-4709-8656-3472d71d638b@group-559853B99B2A-PendingRequests: sendNotLeaderResponses
2021-03-08 02:05:57,579 [ForkJoinPool.commonPool-worker-1] INFO  metrics.RatisMetrics (RatisMetrics.java:unregister(43)) - Unregistering Metrics Registry : ratis.log_appender.6ba9ab1d-3af3-415d-b63e-d033c6891994@group-37DB1FA48E92
2021-03-08 02:05:57,579 [Listener at 127.0.0.1/34517] INFO  metrics.RatisMetrics (RatisMetrics.java:unregister(43)) - Unregistering Metrics Registry : ratis.log_appender.8be81fb1-89d0-4709-8656-3472d71d638b@group-559853B99B2A
2021-03-08 02:05:57,580 [ForkJoinPool.commonPool-worker-1] INFO  metrics.RatisMetrics (RatisMetrics.java:unregister(43)) - Unregistering Metrics Registry : ratis.server.6ba9ab1d-3af3-415d-b63e-d033c6891994@group-37DB1FA48E92
2021-03-08 02:05:57,580 [Listener at 127.0.0.1/34517] INFO  metrics.RatisMetrics (RatisMetrics.java:unregister(43)) - Unregistering Metrics Registry : ratis.server.8be81fb1-89d0-4709-8656-3472d71d638b@group-559853B99B2A
2021-03-08 02:05:57,581 [ForkJoinPool.commonPool-worker-1] INFO  impl.StateMachineUpdater (StateMachineUpdater.java:stopAndJoin(148)) - 6ba9ab1d-3af3-415d-b63e-d033c6891994@group-37DB1FA48E92-StateMachineUpdater: set stopIndex = 0
2021-03-08 02:05:57,582 [6ba9ab1d-3af3-415d-b63e-d033c6891994@group-37DB1FA48E92-StateMachineUpdater] INFO  ratis.ContainerStateMachine (ContainerStateMachine.java:takeSnapshot(291)) - group-37DB1FA48E92: Taking a snapshot at:(t:1, i:0) file /github/workspace/mnt/ozone/hadoop-ozone/integration-test/target/test-dir/MiniOzoneClusterImpl-ccaa8949-4e5a-4858-a1f5-413699190f1a/datanode-1/data/ratis/a1d313e4-a7f2-45da-8a16-37db1fa48e92/sm/snapshot.1_0
2021-03-08 02:05:57,583 [6ba9ab1d-3af3-415d-b63e-d033c6891994@group-37DB1FA48E92-StateMachineUpdater] INFO  ratis.ContainerStateMachine (ContainerStateMachine.java:takeSnapshot(302)) - group-37DB1FA48E92: Finished taking a snapshot at:(t:1, i:0) file:/github/workspace/mnt/ozone/hadoop-ozone/integration-test/target/test-dir/MiniOzoneClusterImpl-ccaa8949-4e5a-4858-a1f5-413699190f1a/datanode-1/data/ratis/a1d313e4-a7f2-45da-8a16-37db1fa48e92/sm/snapshot.1_0 took: 1 ms
2021-03-08 02:05:57,584 [6ba9ab1d-3af3-415d-b63e-d033c6891994@group-37DB1FA48E92-StateMachineUpdater] INFO  impl.StateMachineUpdater (StateMachineUpdater.java:takeSnapshot(279)) - 6ba9ab1d-3af3-415d-b63e-d033c6891994@group-37DB1FA48E92-StateMachineUpdater: Took a snapshot at index 0
2021-03-08 02:05:57,584 [6ba9ab1d-3af3-415d-b63e-d033c6891994@group-37DB1FA48E92-StateMachineUpdater] INFO  impl.StateMachineUpdater (StateMachineUpdater.java:lambda$new$0(88)) - 6ba9ab1d-3af3-415d-b63e-d033c6891994@group-37DB1FA48E92-StateMachineUpdater: snapshotIndex: updateIncreasingly -1 -> 0
2021-03-08 02:05:57,584 [6ba9ab1d-3af3-415d-b63e-d033c6891994@group-37DB1FA48E92-StateMachineUpdater] INFO  metrics.RatisMetrics (RatisMetrics.java:unregister(43)) - Unregistering Metrics Registry : ratis.state_machine.6ba9ab1d-3af3-415d-b63e-d033c6891994@group-37DB1FA48E92
2021-03-08 02:05:57,584 [ForkJoinPool.commonPool-worker-1] INFO  server.RaftServer$Division (ServerState.java:close(405)) - 6ba9ab1d-3af3-415d-b63e-d033c6891994@group-37DB1FA48E92: closes. applyIndex: 0
2021-03-08 02:05:57,584 [6ba9ab1d-3af3-415d-b63e-d033c6891994@group-37DB1FA48E92-SegmentedRaftLogWorker] INFO  segmented.SegmentedRaftLogWorker (SegmentedRaftLogWorker.java:run(326)) - 6ba9ab1d-3af3-415d-b63e-d033c6891994@group-37DB1FA48E92-SegmentedRaftLogWorker was interrupted, exiting. There are 0 tasks remaining in the queue.
2021-03-08 02:05:57,586 [ForkJoinPool.commonPool-worker-1] INFO  segmented.SegmentedRaftLogWorker (SegmentedRaftLogWorker.java:close(236)) - 6ba9ab1d-3af3-415d-b63e-d033c6891994@group-37DB1FA48E92-SegmentedRaftLogWorker close()
2021-03-08 02:05:57,587 [Listener at 127.0.0.1/34517] INFO  impl.StateMachineUpdater (StateMachineUpdater.java:stopAndJoin(148)) - 8be81fb1-89d0-4709-8656-3472d71d638b@group-559853B99B2A-StateMachineUpdater: set stopIndex = 0
2021-03-08 02:05:57,587 [8be81fb1-89d0-4709-8656-3472d71d638b@group-559853B99B2A-StateMachineUpdater] INFO  ratis.ContainerStateMachine (ContainerStateMachine.java:takeSnapshot(291)) - group-559853B99B2A: Taking a snapshot at:(t:1, i:0) file /github/workspace/mnt/ozone/hadoop-ozone/integration-test/target/test-dir/MiniOzoneClusterImpl-ccaa8949-4e5a-4858-a1f5-413699190f1a/datanode-4/data/ratis/ce129b5b-3a42-49cf-879a-559853b99b2a/sm/snapshot.1_0
2021-03-08 02:05:57,589 [ForkJoinPool.commonPool-worker-1] INFO  metrics.RatisMetrics (RatisMetrics.java:unregister(43)) - Unregistering Metrics Registry : ratis.log_worker.6ba9ab1d-3af3-415d-b63e-d033c6891994@group-37DB1FA48E92
2021-03-08 02:05:57,589 [ForkJoinPool.commonPool-worker-1] INFO  metrics.RatisMetrics (RatisMetrics.java:unregister(43)) - Unregistering Metrics Registry : ratis.leader_election.6ba9ab1d-3af3-415d-b63e-d033c6891994@group-37DB1FA48E92
2021-03-08 02:05:57,589 [ForkJoinPool.commonPool-worker-1] INFO  metrics.RatisMetrics (RatisMetrics.java:unregister(43)) - Unregistering Metrics Registry : ratis.server.6ba9ab1d-3af3-415d-b63e-d033c6891994@group-37DB1FA48E92
2021-03-08 02:05:57,589 [ForkJoinPool.commonPool-worker-1] INFO  server.RaftServer$Division (RaftServerImpl.java:lambda$close$4(406)) - 6ba9ab1d-3af3-415d-b63e-d033c6891994@group-507EAFB998CB: shutdown
2021-03-08 02:05:57,590 [ForkJoinPool.commonPool-worker-1] INFO  util.JmxRegister (JmxRegister.java:unregister(73)) - Successfully un-registered JMX Bean with object name Ratis:service=RaftServer,group=group-507EAFB998CB,id=6ba9ab1d-3af3-415d-b63e-d033c6891994
2021-03-08 02:05:57,590 [ForkJoinPool.commonPool-worker-1] INFO  impl.RoleInfo (RoleInfo.java:shutdownFollowerState(108)) - 6ba9ab1d-3af3-415d-b63e-d033c6891994: shutdown 6ba9ab1d-3af3-415d-b63e-d033c6891994@group-507EAFB998CB-FollowerState
2021-03-08 02:05:57,590 [ForkJoinPool.commonPool-worker-1] INFO  impl.StateMachineUpdater (StateMachineUpdater.java:stopAndJoin(148)) - 6ba9ab1d-3af3-415d-b63e-d033c6891994@group-507EAFB998CB-StateMachineUpdater: set stopIndex = 0
2021-03-08 02:05:57,590 [6ba9ab1d-3af3-415d-b63e-d033c6891994@group-507EAFB998CB-StateMachineUpdater] INFO  ratis.ContainerStateMachine (ContainerStateMachine.java:takeSnapshot(291)) - group-507EAFB998CB: Taking a snapshot at:(t:5, i:0) file /github/workspace/mnt/ozone/hadoop-ozone/integration-test/target/test-dir/MiniOzoneClusterImpl-ccaa8949-4e5a-4858-a1f5-413699190f1a/datanode-1/data/ratis/314f1900-63e8-41f8-9152-507eafb998cb/sm/snapshot.5_0
2021-03-08 02:05:57,590 [8be81fb1-89d0-4709-8656-3472d71d638b@group-559853B99B2A-StateMachineUpdater] INFO  ratis.ContainerStateMachine (ContainerStateMachine.java:takeSnapshot(302)) - group-559853B99B2A: Finished taking a snapshot at:(t:1, i:0) file:/github/workspace/mnt/ozone/hadoop-ozone/integration-test/target/test-dir/MiniOzoneClusterImpl-ccaa8949-4e5a-4858-a1f5-413699190f1a/datanode-4/data/ratis/ce129b5b-3a42-49cf-879a-559853b99b2a/sm/snapshot.1_0 took: 3 ms
2021-03-08 02:05:57,591 [8be81fb1-89d0-4709-8656-3472d71d638b@group-559853B99B2A-StateMachineUpdater] INFO  impl.StateMachineUpdater (StateMachineUpdater.java:takeSnapshot(279)) - 8be81fb1-89d0-4709-8656-3472d71d638b@group-559853B99B2A-StateMachineUpdater: Took a snapshot at index 0
2021-03-08 02:05:57,591 [8be81fb1-89d0-4709-8656-3472d71d638b@group-559853B99B2A-StateMachineUpdater] INFO  impl.StateMachineUpdater (StateMachineUpdater.java:lambda$new$0(88)) - 8be81fb1-89d0-4709-8656-3472d71d638b@group-559853B99B2A-StateMachineUpdater: snapshotIndex: updateIncreasingly -1 -> 0
2021-03-08 02:05:57,591 [6ba9ab1d-3af3-415d-b63e-d033c6891994@group-507EAFB998CB-StateMachineUpdater] INFO  ratis.ContainerStateMachine (ContainerStateMachine.java:takeSnapshot(302)) - group-507EAFB998CB: Finished taking a snapshot at:(t:5, i:0) file:/github/workspace/mnt/ozone/hadoop-ozone/integration-test/target/test-dir/MiniOzoneClusterImpl-ccaa8949-4e5a-4858-a1f5-413699190f1a/datanode-1/data/ratis/314f1900-63e8-41f8-9152-507eafb998cb/sm/snapshot.5_0 took: 1 ms
2021-03-08 02:05:57,590 [Thread-4540] INFO  impl.FollowerState (FollowerState.java:run(142)) - 6ba9ab1d-3af3-415d-b63e-d033c6891994@group-507EAFB998CB-FollowerState was interrupted: {}
java.lang.InterruptedException: sleep interrupted
	at java.lang.Thread.sleep(Native Method)
	at java.lang.Thread.sleep(Thread.java:340)
	at java.util.concurrent.TimeUnit.sleep(TimeUnit.java:386)
	at org.apache.ratis.util.TimeDuration.sleep(TimeDuration.java:324)
	at org.apache.ratis.util.TimeDuration.sleep(TimeDuration.java:309)
	at org.apache.ratis.server.impl.FollowerState.run(FollowerState.java:117)
2021-03-08 02:05:57,591 [6ba9ab1d-3af3-415d-b63e-d033c6891994@group-507EAFB998CB-StateMachineUpdater] INFO  impl.StateMachineUpdater (StateMachineUpdater.java:takeSnapshot(279)) - 6ba9ab1d-3af3-415d-b63e-d033c6891994@group-507EAFB998CB-StateMachineUpdater: Took a snapshot at index 0
2021-03-08 02:05:57,591 [6ba9ab1d-3af3-415d-b63e-d033c6891994@group-507EAFB998CB-StateMachineUpdater] INFO  impl.StateMachineUpdater (StateMachineUpdater.java:lambda$new$0(88)) - 6ba9ab1d-3af3-415d-b63e-d033c6891994@group-507EAFB998CB-StateMachineUpdater: snapshotIndex: updateIncreasingly -1 -> 0
2021-03-08 02:05:57,591 [8be81fb1-89d0-4709-8656-3472d71d638b@group-559853B99B2A-StateMachineUpdater] INFO  metrics.RatisMetrics (RatisMetrics.java:unregister(43)) - Unregistering Metrics Registry : ratis.state_machine.8be81fb1-89d0-4709-8656-3472d71d638b@group-559853B99B2A
2021-03-08 02:05:57,592 [Listener at 127.0.0.1/34517] INFO  server.RaftServer$Division (ServerState.java:close(405)) - 8be81fb1-89d0-4709-8656-3472d71d638b@group-559853B99B2A: closes. applyIndex: 0
2021-03-08 02:05:57,591 [6ba9ab1d-3af3-415d-b63e-d033c6891994@group-507EAFB998CB-StateMachineUpdater] INFO  metrics.RatisMetrics (RatisMetrics.java:unregister(43)) - Unregistering Metrics Registry : ratis.state_machine.6ba9ab1d-3af3-415d-b63e-d033c6891994@group-507EAFB998CB
2021-03-08 02:05:57,592 [8be81fb1-89d0-4709-8656-3472d71d638b@group-559853B99B2A-SegmentedRaftLogWorker] INFO  segmented.SegmentedRaftLogWorker (SegmentedRaftLogWorker.java:run(326)) - 8be81fb1-89d0-4709-8656-3472d71d638b@group-559853B99B2A-SegmentedRaftLogWorker was interrupted, exiting. There are 0 tasks remaining in the queue.
2021-03-08 02:05:57,593 [Listener at 127.0.0.1/34517] INFO  segmented.SegmentedRaftLogWorker (SegmentedRaftLogWorker.java:close(236)) - 8be81fb1-89d0-4709-8656-3472d71d638b@group-559853B99B2A-SegmentedRaftLogWorker close()
2021-03-08 02:05:57,593 [ForkJoinPool.commonPool-worker-1] INFO  server.RaftServer$Division (ServerState.java:close(405)) - 6ba9ab1d-3af3-415d-b63e-d033c6891994@group-507EAFB998CB: closes. applyIndex: 0
2021-03-08 02:05:57,594 [6ba9ab1d-3af3-415d-b63e-d033c6891994@group-507EAFB998CB-SegmentedRaftLogWorker] INFO  segmented.SegmentedRaftLogWorker (SegmentedRaftLogWorker.java:run(326)) - 6ba9ab1d-3af3-415d-b63e-d033c6891994@group-507EAFB998CB-SegmentedRaftLogWorker was interrupted, exiting. There are 0 tasks remaining in the queue.
2021-03-08 02:05:57,598 [Listener at 127.0.0.1/34517] INFO  metrics.RatisMetrics (RatisMetrics.java:unregister(43)) - Unregistering Metrics Registry : ratis.log_worker.8be81fb1-89d0-4709-8656-3472d71d638b@group-559853B99B2A
2021-03-08 02:05:57,598 [Listener at 127.0.0.1/34517] INFO  metrics.RatisMetrics (RatisMetrics.java:unregister(43)) - Unregistering Metrics Registry : ratis.leader_election.8be81fb1-89d0-4709-8656-3472d71d638b@group-559853B99B2A
2021-03-08 02:05:57,598 [Listener at 127.0.0.1/34517] INFO  metrics.RatisMetrics (RatisMetrics.java:unregister(43)) - Unregistering Metrics Registry : ratis.server.8be81fb1-89d0-4709-8656-3472d71d638b@group-559853B99B2A
2021-03-08 02:05:57,598 [Listener at 127.0.0.1/34517] INFO  server.RaftServer$Division (RaftServerImpl.java:lambda$close$4(406)) - 8be81fb1-89d0-4709-8656-3472d71d638b@group-95D3DD7D5F09: shutdown
2021-03-08 02:05:57,598 [Listener at 127.0.0.1/34517] INFO  util.JmxRegister (JmxRegister.java:unregister(73)) - Successfully un-registered JMX Bean with object name Ratis:service=RaftServer,group=group-95D3DD7D5F09,id=8be81fb1-89d0-4709-8656-3472d71d638b
2021-03-08 02:05:57,599 [Listener at 127.0.0.1/34517] INFO  impl.RoleInfo (RoleInfo.java:shutdownFollowerState(108)) - 8be81fb1-89d0-4709-8656-3472d71d638b: shutdown 8be81fb1-89d0-4709-8656-3472d71d638b@group-95D3DD7D5F09-FollowerState
2021-03-08 02:05:57,599 [ForkJoinPool.commonPool-worker-1] INFO  segmented.SegmentedRaftLogWorker (SegmentedRaftLogWorker.java:close(236)) - 6ba9ab1d-3af3-415d-b63e-d033c6891994@group-507EAFB998CB-SegmentedRaftLogWorker close()
2021-03-08 02:05:57,599 [Thread-4386] INFO  impl.FollowerState (FollowerState.java:run(142)) - 8be81fb1-89d0-4709-8656-3472d71d638b@group-95D3DD7D5F09-FollowerState was interrupted: {}
java.lang.InterruptedException: sleep interrupted
	at java.lang.Thread.sleep(Native Method)
	at java.lang.Thread.sleep(Thread.java:340)
	at java.util.concurrent.TimeUnit.sleep(TimeUnit.java:386)
	at org.apache.ratis.util.TimeDuration.sleep(TimeDuration.java:324)
	at org.apache.ratis.util.TimeDuration.sleep(TimeDuration.java:309)
	at org.apache.ratis.server.impl.FollowerState.run(FollowerState.java:117)
2021-03-08 02:05:57,600 [ForkJoinPool.commonPool-worker-1] INFO  metrics.RatisMetrics (RatisMetrics.java:unregister(43)) - Unregistering Metrics Registry : ratis.log_worker.6ba9ab1d-3af3-415d-b63e-d033c6891994@group-507EAFB998CB
2021-03-08 02:05:57,600 [ForkJoinPool.commonPool-worker-1] INFO  metrics.RatisMetrics (RatisMetrics.java:unregister(43)) - Unregistering Metrics Registry : ratis.leader_election.6ba9ab1d-3af3-415d-b63e-d033c6891994@group-507EAFB998CB
2021-03-08 02:05:57,600 [ForkJoinPool.commonPool-worker-1] INFO  metrics.RatisMetrics (RatisMetrics.java:unregister(43)) - Unregistering Metrics Registry : ratis.server.6ba9ab1d-3af3-415d-b63e-d033c6891994@group-507EAFB998CB
2021-03-08 02:05:57,600 [ForkJoinPool.commonPool-worker-1] INFO  server.RaftServer$Division (RaftServerImpl.java:lambda$close$4(406)) - 6ba9ab1d-3af3-415d-b63e-d033c6891994@group-5CA67261F62C: shutdown
2021-03-08 02:05:57,601 [ForkJoinPool.commonPool-worker-1] INFO  util.JmxRegister (JmxRegister.java:unregister(73)) - Successfully un-registered JMX Bean with object name Ratis:service=RaftServer,group=group-5CA67261F62C,id=6ba9ab1d-3af3-415d-b63e-d033c6891994
2021-03-08 02:05:57,601 [ForkJoinPool.commonPool-worker-1] INFO  impl.RoleInfo (RoleInfo.java:shutdownFollowerState(108)) - 6ba9ab1d-3af3-415d-b63e-d033c6891994: shutdown 6ba9ab1d-3af3-415d-b63e-d033c6891994@group-5CA67261F62C-FollowerState
2021-03-08 02:05:57,601 [ForkJoinPool.commonPool-worker-1] INFO  impl.StateMachineUpdater (StateMachineUpdater.java:stopAndJoin(148)) - 6ba9ab1d-3af3-415d-b63e-d033c6891994@group-5CA67261F62C-StateMachineUpdater: set stopIndex = 13
2021-03-08 02:05:57,601 [Listener at 127.0.0.1/34517] INFO  impl.StateMachineUpdater (StateMachineUpdater.java:stopAndJoin(148)) - 8be81fb1-89d0-4709-8656-3472d71d638b@group-95D3DD7D5F09-StateMachineUpdater: set stopIndex = 0
2021-03-08 02:05:57,601 [Thread-4408] INFO  impl.FollowerState (FollowerState.java:run(142)) - 6ba9ab1d-3af3-415d-b63e-d033c6891994@group-5CA67261F62C-FollowerState was interrupted: {}
java.lang.InterruptedException: sleep interrupted
	at java.lang.Thread.sleep(Native Method)
	at java.lang.Thread.sleep(Thread.java:340)
	at java.util.concurrent.TimeUnit.sleep(TimeUnit.java:386)
	at org.apache.ratis.util.TimeDuration.sleep(TimeDuration.java:324)
	at org.apache.ratis.util.TimeDuration.sleep(TimeDuration.java:309)
	at org.apache.ratis.server.impl.FollowerState.run(FollowerState.java:117)
2021-03-08 02:05:57,603 [8be81fb1-89d0-4709-8656-3472d71d638b@group-95D3DD7D5F09-StateMachineUpdater] INFO  ratis.ContainerStateMachine (ContainerStateMachine.java:takeSnapshot(291)) - group-95D3DD7D5F09: Taking a snapshot at:(t:1, i:0) file /github/workspace/mnt/ozone/hadoop-ozone/integration-test/target/test-dir/MiniOzoneClusterImpl-ccaa8949-4e5a-4858-a1f5-413699190f1a/datanode-4/data/ratis/b6143ebd-b803-4b83-aecd-95d3dd7d5f09/sm/snapshot.1_0
2021-03-08 02:05:57,603 [6ba9ab1d-3af3-415d-b63e-d033c6891994@group-5CA67261F62C-StateMachineUpdater] INFO  ratis.ContainerStateMachine (ContainerStateMachine.java:takeSnapshot(291)) - group-5CA67261F62C: Taking a snapshot at:(t:2, i:13) file /github/workspace/mnt/ozone/hadoop-ozone/integration-test/target/test-dir/MiniOzoneClusterImpl-ccaa8949-4e5a-4858-a1f5-413699190f1a/datanode-1/data/ratis/fe419e3b-18d5-4c91-9f2d-5ca67261f62c/sm/snapshot.2_13
2021-03-08 02:05:57,604 [8be81fb1-89d0-4709-8656-3472d71d638b@group-95D3DD7D5F09-StateMachineUpdater] INFO  ratis.ContainerStateMachine (ContainerStateMachine.java:takeSnapshot(302)) - group-95D3DD7D5F09: Finished taking a snapshot at:(t:1, i:0) file:/github/workspace/mnt/ozone/hadoop-ozone/integration-test/target/test-dir/MiniOzoneClusterImpl-ccaa8949-4e5a-4858-a1f5-413699190f1a/datanode-4/data/ratis/b6143ebd-b803-4b83-aecd-95d3dd7d5f09/sm/snapshot.1_0 took: 1 ms
2021-03-08 02:05:57,604 [8be81fb1-89d0-4709-8656-3472d71d638b@group-95D3DD7D5F09-StateMachineUpdater] INFO  impl.StateMachineUpdater (StateMachineUpdater.java:takeSnapshot(279)) - 8be81fb1-89d0-4709-8656-3472d71d638b@group-95D3DD7D5F09-StateMachineUpdater: Took a snapshot at index 0
2021-03-08 02:05:57,604 [8be81fb1-89d0-4709-8656-3472d71d638b@group-95D3DD7D5F09-StateMachineUpdater] INFO  impl.StateMachineUpdater (StateMachineUpdater.java:lambda$new$0(88)) - 8be81fb1-89d0-4709-8656-3472d71d638b@group-95D3DD7D5F09-StateMachineUpdater: snapshotIndex: updateIncreasingly -1 -> 0
2021-03-08 02:05:57,604 [8be81fb1-89d0-4709-8656-3472d71d638b@group-95D3DD7D5F09-StateMachineUpdater] INFO  metrics.RatisMetrics (RatisMetrics.java:unregister(43)) - Unregistering Metrics Registry : ratis.state_machine.8be81fb1-89d0-4709-8656-3472d71d638b@group-95D3DD7D5F09
2021-03-08 02:05:57,605 [6ba9ab1d-3af3-415d-b63e-d033c6891994@group-5CA67261F62C-StateMachineUpdater] INFO  ratis.ContainerStateMachine (ContainerStateMachine.java:takeSnapshot(302)) - group-5CA67261F62C: Finished taking a snapshot at:(t:2, i:13) file:/github/workspace/mnt/ozone/hadoop-ozone/integration-test/target/test-dir/MiniOzoneClusterImpl-ccaa8949-4e5a-4858-a1f5-413699190f1a/datanode-1/data/ratis/fe419e3b-18d5-4c91-9f2d-5ca67261f62c/sm/snapshot.2_13 took: 1 ms
2021-03-08 02:05:57,605 [Listener at 127.0.0.1/34517] INFO  server.RaftServer$Division (ServerState.java:close(405)) - 8be81fb1-89d0-4709-8656-3472d71d638b@group-95D3DD7D5F09: closes. applyIndex: 0
2021-03-08 02:05:57,605 [6ba9ab1d-3af3-415d-b63e-d033c6891994@group-5CA67261F62C-StateMachineUpdater] INFO  impl.StateMachineUpdater (StateMachineUpdater.java:takeSnapshot(279)) - 6ba9ab1d-3af3-415d-b63e-d033c6891994@group-5CA67261F62C-StateMachineUpdater: Took a snapshot at index 13
2021-03-08 02:05:57,605 [8be81fb1-89d0-4709-8656-3472d71d638b@group-95D3DD7D5F09-SegmentedRaftLogWorker] INFO  segmented.SegmentedRaftLogWorker (SegmentedRaftLogWorker.java:run(326)) - 8be81fb1-89d0-4709-8656-3472d71d638b@group-95D3DD7D5F09-SegmentedRaftLogWorker was interrupted, exiting. There are 0 tasks remaining in the queue.
2021-03-08 02:05:57,605 [6ba9ab1d-3af3-415d-b63e-d033c6891994@group-5CA67261F62C-StateMachineUpdater] INFO  impl.StateMachineUpdater (StateMachineUpdater.java:lambda$new$0(88)) - 6ba9ab1d-3af3-415d-b63e-d033c6891994@group-5CA67261F62C-StateMachineUpdater: snapshotIndex: updateIncreasingly -1 -> 13
2021-03-08 02:05:57,605 [6ba9ab1d-3af3-415d-b63e-d033c6891994@group-5CA67261F62C-StateMachineUpdater] INFO  metrics.RatisMetrics (RatisMetrics.java:unregister(43)) - Unregistering Metrics Registry : ratis.state_machine.6ba9ab1d-3af3-415d-b63e-d033c6891994@group-5CA67261F62C
2021-03-08 02:05:57,606 [ForkJoinPool.commonPool-worker-1] INFO  server.RaftServer$Division (ServerState.java:close(405)) - 6ba9ab1d-3af3-415d-b63e-d033c6891994@group-5CA67261F62C: closes. applyIndex: 13
2021-03-08 02:05:57,606 [Listener at 127.0.0.1/34517] INFO  segmented.SegmentedRaftLogWorker (SegmentedRaftLogWorker.java:close(236)) - 8be81fb1-89d0-4709-8656-3472d71d638b@group-95D3DD7D5F09-SegmentedRaftLogWorker close()
2021-03-08 02:05:57,607 [Listener at 127.0.0.1/34517] INFO  metrics.RatisMetrics (RatisMetrics.java:unregister(43)) - Unregistering Metrics Registry : ratis.log_worker.8be81fb1-89d0-4709-8656-3472d71d638b@group-95D3DD7D5F09
2021-03-08 02:05:57,607 [Listener at 127.0.0.1/34517] INFO  metrics.RatisMetrics (RatisMetrics.java:unregister(43)) - Unregistering Metrics Registry : ratis.leader_election.8be81fb1-89d0-4709-8656-3472d71d638b@group-95D3DD7D5F09
2021-03-08 02:05:57,608 [6ba9ab1d-3af3-415d-b63e-d033c6891994@group-5CA67261F62C-SegmentedRaftLogWorker] INFO  segmented.SegmentedRaftLogWorker (SegmentedRaftLogWorker.java:run(326)) - 6ba9ab1d-3af3-415d-b63e-d033c6891994@group-5CA67261F62C-SegmentedRaftLogWorker was interrupted, exiting. There are 0 tasks remaining in the queue.
2021-03-08 02:05:57,608 [Listener at 127.0.0.1/34517] INFO  metrics.RatisMetrics (RatisMetrics.java:unregister(43)) - Unregistering Metrics Registry : ratis.server.8be81fb1-89d0-4709-8656-3472d71d638b@group-95D3DD7D5F09
2021-03-08 02:05:57,609 [Listener at 127.0.0.1/34517] INFO  server.RaftServer$Division (RaftServerImpl.java:lambda$close$4(406)) - 8be81fb1-89d0-4709-8656-3472d71d638b@group-7928B19B14F4: shutdown
2021-03-08 02:05:57,609 [Listener at 127.0.0.1/34517] INFO  util.JmxRegister (JmxRegister.java:unregister(73)) - Successfully un-registered JMX Bean with object name Ratis:service=RaftServer,group=group-7928B19B14F4,id=8be81fb1-89d0-4709-8656-3472d71d638b
2021-03-08 02:05:57,609 [Listener at 127.0.0.1/34517] INFO  impl.RoleInfo (RoleInfo.java:shutdownLeaderState(91)) - 8be81fb1-89d0-4709-8656-3472d71d638b: shutdown 8be81fb1-89d0-4709-8656-3472d71d638b@group-7928B19B14F4-LeaderStateImpl
2021-03-08 02:05:57,609 [Listener at 127.0.0.1/34517] INFO  metrics.RatisMetrics (RatisMetrics.java:unregister(43)) - Unregistering Metrics Registry : ratis_grpc.log_appender.8be81fb1-89d0-4709-8656-3472d71d638b@group-7928B19B14F4
2021-03-08 02:05:57,609 [Listener at 127.0.0.1/34517] INFO  metrics.RatisMetrics (RatisMetrics.java:unregister(43)) - Unregistering Metrics Registry : ratis_grpc.log_appender.8be81fb1-89d0-4709-8656-3472d71d638b@group-7928B19B14F4
2021-03-08 02:05:57,610 [8be81fb1-89d0-4709-8656-3472d71d638b@group-7928B19B14F4->2e2b7c4f-1fa0-4360-84eb-5aea739d5e5f-GrpcLogAppender-LogAppenderDaemon] WARN  server.GrpcLogAppender (GrpcLogAppender.java:mayWait(175)) - 8be81fb1-89d0-4709-8656-3472d71d638b@group-7928B19B14F4->2e2b7c4f-1fa0-4360-84eb-5aea739d5e5f-GrpcLogAppender: Wait interrupted by java.lang.InterruptedException
2021-03-08 02:05:57,609 [8be81fb1-89d0-4709-8656-3472d71d638b@group-7928B19B14F4->c7780af0-0f31-4130-b62a-7061a7bbaf6d-GrpcLogAppender-LogAppenderDaemon] WARN  server.GrpcLogAppender (GrpcLogAppender.java:mayWait(175)) - 8be81fb1-89d0-4709-8656-3472d71d638b@group-7928B19B14F4->c7780af0-0f31-4130-b62a-7061a7bbaf6d-GrpcLogAppender: Wait interrupted by java.lang.InterruptedException
2021-03-08 02:05:57,610 [grpc-default-executor-6] INFO  server.GrpcServerProtocolService (GrpcServerProtocolService.java:onCompleted(138)) - 2e2b7c4f-1fa0-4360-84eb-5aea739d5e5f: Completed APPEND_ENTRIES, lastRequest: 8be81fb1-89d0-4709-8656-3472d71d638b->2e2b7c4f-1fa0-4360-84eb-5aea739d5e5f#1-t2,previous=(t:0, i:0),leaderCommit=0,initializing? true,entries: size=1, first=(t:2, i:0), CONFIGURATIONENTRY
2021-03-08 02:05:57,611 [grpc-default-executor-6] INFO  server.GrpcServerProtocolService (GrpcServerProtocolService.java:onCompleted(138)) - c7780af0-0f31-4130-b62a-7061a7bbaf6d: Completed APPEND_ENTRIES, lastRequest: 8be81fb1-89d0-4709-8656-3472d71d638b->c7780af0-0f31-4130-b62a-7061a7bbaf6d#1-t2,previous=(t:0, i:0),leaderCommit=0,initializing? true,entries: size=1, first=(t:2, i:0), CONFIGURATIONENTRY
2021-03-08 02:05:57,610 [Listener at 127.0.0.1/34517] INFO  impl.PendingRequests (PendingRequests.java:sendNotLeaderResponses(249)) - 8be81fb1-89d0-4709-8656-3472d71d638b@group-7928B19B14F4-PendingRequests: sendNotLeaderResponses
2021-03-08 02:05:57,611 [Listener at 127.0.0.1/34517] INFO  metrics.RatisMetrics (RatisMetrics.java:unregister(43)) - Unregistering Metrics Registry : ratis.log_appender.8be81fb1-89d0-4709-8656-3472d71d638b@group-7928B19B14F4
2021-03-08 02:05:57,611 [ForkJoinPool.commonPool-worker-1] INFO  segmented.SegmentedRaftLogWorker (SegmentedRaftLogWorker.java:close(236)) - 6ba9ab1d-3af3-415d-b63e-d033c6891994@group-5CA67261F62C-SegmentedRaftLogWorker close()
2021-03-08 02:05:57,612 [Listener at 127.0.0.1/34517] INFO  metrics.RatisMetrics (RatisMetrics.java:unregister(43)) - Unregistering Metrics Registry : ratis.server.8be81fb1-89d0-4709-8656-3472d71d638b@group-7928B19B14F4
2021-03-08 02:05:57,614 [8be81fb1-89d0-4709-8656-3472d71d638b@group-7928B19B14F4-StateMachineUpdater] INFO  ratis.ContainerStateMachine (ContainerStateMachine.java:takeSnapshot(291)) - group-7928B19B14F4: Taking a snapshot at:(t:2, i:0) file /github/workspace/mnt/ozone/hadoop-ozone/integration-test/target/test-dir/MiniOzoneClusterImpl-ccaa8949-4e5a-4858-a1f5-413699190f1a/datanode-4/data/ratis/54dfee42-7205-45d5-ac51-7928b19b14f4/sm/snapshot.2_0
2021-03-08 02:05:57,614 [grpc-default-executor-3] INFO  server.GrpcLogAppender (GrpcLogAppender.java:onCompleted(344)) - 8be81fb1-89d0-4709-8656-3472d71d638b@group-7928B19B14F4->c7780af0-0f31-4130-b62a-7061a7bbaf6d-AppendLogResponseHandler: follower responses appendEntries COMPLETED
2021-03-08 02:05:57,614 [grpc-default-executor-3] INFO  leader.FollowerInfo (FollowerInfoImpl.java:lambda$new$0(46)) - 8be81fb1-89d0-4709-8656-3472d71d638b@group-7928B19B14F4->c7780af0-0f31-4130-b62a-7061a7bbaf6d: nextIndex: updateUnconditionally 1 -> 0
2021-03-08 02:05:57,611 [grpc-default-executor-0] INFO  server.GrpcLogAppender (GrpcLogAppender.java:onCompleted(344)) - 8be81fb1-89d0-4709-8656-3472d71d638b@group-7928B19B14F4->2e2b7c4f-1fa0-4360-84eb-5aea739d5e5f-AppendLogResponseHandler: follower responses appendEntries COMPLETED
2021-03-08 02:05:57,614 [grpc-default-executor-0] INFO  leader.FollowerInfo (FollowerInfoImpl.java:lambda$new$0(46)) - 8be81fb1-89d0-4709-8656-3472d71d638b@group-7928B19B14F4->2e2b7c4f-1fa0-4360-84eb-5aea739d5e5f: nextIndex: updateUnconditionally 1 -> 0
2021-03-08 02:05:57,614 [Listener at 127.0.0.1/34517] INFO  impl.StateMachineUpdater (StateMachineUpdater.java:stopAndJoin(148)) - 8be81fb1-89d0-4709-8656-3472d71d638b@group-7928B19B14F4-StateMachineUpdater: set stopIndex = 0
2021-03-08 02:05:57,615 [ForkJoinPool.commonPool-worker-1] INFO  metrics.RatisMetrics (RatisMetrics.java:unregister(43)) - Unregistering Metrics Registry : ratis.log_worker.6ba9ab1d-3af3-415d-b63e-d033c6891994@group-5CA67261F62C
2021-03-08 02:05:57,615 [8be81fb1-89d0-4709-8656-3472d71d638b@group-7928B19B14F4-StateMachineUpdater] INFO  ratis.ContainerStateMachine (ContainerStateMachine.java:takeSnapshot(302)) - group-7928B19B14F4: Finished taking a snapshot at:(t:2, i:0) file:/github/workspace/mnt/ozone/hadoop-ozone/integration-test/target/test-dir/MiniOzoneClusterImpl-ccaa8949-4e5a-4858-a1f5-413699190f1a/datanode-4/data/ratis/54dfee42-7205-45d5-ac51-7928b19b14f4/sm/snapshot.2_0 took: 1 ms
2021-03-08 02:05:57,616 [8be81fb1-89d0-4709-8656-3472d71d638b@group-7928B19B14F4-StateMachineUpdater] INFO  impl.StateMachineUpdater (StateMachineUpdater.java:takeSnapshot(279)) - 8be81fb1-89d0-4709-8656-3472d71d638b@group-7928B19B14F4-StateMachineUpdater: Took a snapshot at index 0
2021-03-08 02:05:57,616 [8be81fb1-89d0-4709-8656-3472d71d638b@group-7928B19B14F4-StateMachineUpdater] INFO  impl.StateMachineUpdater (StateMachineUpdater.java:lambda$new$0(88)) - 8be81fb1-89d0-4709-8656-3472d71d638b@group-7928B19B14F4-StateMachineUpdater: snapshotIndex: updateIncreasingly -1 -> 0
2021-03-08 02:05:57,616 [8be81fb1-89d0-4709-8656-3472d71d638b@group-7928B19B14F4-StateMachineUpdater] INFO  metrics.RatisMetrics (RatisMetrics.java:unregister(43)) - Unregistering Metrics Registry : ratis.state_machine.8be81fb1-89d0-4709-8656-3472d71d638b@group-7928B19B14F4
2021-03-08 02:05:57,616 [Listener at 127.0.0.1/34517] INFO  server.RaftServer$Division (ServerState.java:close(405)) - 8be81fb1-89d0-4709-8656-3472d71d638b@group-7928B19B14F4: closes. applyIndex: 0
2021-03-08 02:05:57,616 [ForkJoinPool.commonPool-worker-1] INFO  metrics.RatisMetrics (RatisMetrics.java:unregister(43)) - Unregistering Metrics Registry : ratis.leader_election.6ba9ab1d-3af3-415d-b63e-d033c6891994@group-5CA67261F62C
2021-03-08 02:05:57,616 [8be81fb1-89d0-4709-8656-3472d71d638b@group-7928B19B14F4-SegmentedRaftLogWorker] INFO  segmented.SegmentedRaftLogWorker (SegmentedRaftLogWorker.java:run(326)) - 8be81fb1-89d0-4709-8656-3472d71d638b@group-7928B19B14F4-SegmentedRaftLogWorker was interrupted, exiting. There are 0 tasks remaining in the queue.
2021-03-08 02:05:57,617 [ForkJoinPool.commonPool-worker-1] INFO  metrics.RatisMetrics (RatisMetrics.java:unregister(43)) - Unregistering Metrics Registry : ratis.server.6ba9ab1d-3af3-415d-b63e-d033c6891994@group-5CA67261F62C
2021-03-08 02:05:57,617 [Listener at 127.0.0.1/34517] INFO  segmented.SegmentedRaftLogWorker (SegmentedRaftLogWorker.java:close(236)) - 8be81fb1-89d0-4709-8656-3472d71d638b@group-7928B19B14F4-SegmentedRaftLogWorker close()
2021-03-08 02:05:57,618 [ForkJoinPool.commonPool-worker-1] INFO  server.RaftServer$Division (RaftServerImpl.java:lambda$close$4(406)) - 6ba9ab1d-3af3-415d-b63e-d033c6891994@group-A36F55C25C0F: shutdown
2021-03-08 02:05:57,618 [ForkJoinPool.commonPool-worker-1] INFO  util.JmxRegister (JmxRegister.java:unregister(73)) - Successfully un-registered JMX Bean with object name Ratis:service=RaftServer,group=group-A36F55C25C0F,id=6ba9ab1d-3af3-415d-b63e-d033c6891994
2021-03-08 02:05:57,619 [ForkJoinPool.commonPool-worker-1] INFO  impl.RoleInfo (RoleInfo.java:shutdownLeaderState(91)) - 6ba9ab1d-3af3-415d-b63e-d033c6891994: shutdown 6ba9ab1d-3af3-415d-b63e-d033c6891994@group-A36F55C25C0F-LeaderStateImpl
2021-03-08 02:05:57,619 [ForkJoinPool.commonPool-worker-1] INFO  metrics.RatisMetrics (RatisMetrics.java:unregister(43)) - Unregistering Metrics Registry : ratis_grpc.log_appender.6ba9ab1d-3af3-415d-b63e-d033c6891994@group-A36F55C25C0F
2021-03-08 02:05:57,619 [ForkJoinPool.commonPool-worker-1] INFO  metrics.RatisMetrics (RatisMetrics.java:unregister(43)) - Unregistering Metrics Registry : ratis_grpc.log_appender.6ba9ab1d-3af3-415d-b63e-d033c6891994@group-A36F55C25C0F
2021-03-08 02:05:57,619 [6ba9ab1d-3af3-415d-b63e-d033c6891994@group-A36F55C25C0F->92084499-c42d-4e9c-90ed-faecbf58ca46-GrpcLogAppender-LogAppenderDaemon] WARN  server.GrpcLogAppender (GrpcLogAppender.java:mayWait(175)) - 6ba9ab1d-3af3-415d-b63e-d033c6891994@group-A36F55C25C0F->92084499-c42d-4e9c-90ed-faecbf58ca46-GrpcLogAppender: Wait interrupted by java.lang.InterruptedException
2021-03-08 02:05:57,619 [grpc-default-executor-6] INFO  server.GrpcServerProtocolService (GrpcServerProtocolService.java:onCompleted(138)) - 92084499-c42d-4e9c-90ed-faecbf58ca46: Completed APPEND_ENTRIES, lastRequest: 6ba9ab1d-3af3-415d-b63e-d033c6891994->92084499-c42d-4e9c-90ed-faecbf58ca46#6-t8,previous=(t:8, i:1),leaderCommit=1,initializing? true,entries: size=1, first=(t:8, i:2), METADATAENTRY(c:1)
2021-03-08 02:05:57,619 [grpc-default-executor-6] INFO  server.GrpcLogAppender (GrpcLogAppender.java:onCompleted(344)) - 6ba9ab1d-3af3-415d-b63e-d033c6891994@group-A36F55C25C0F->92084499-c42d-4e9c-90ed-faecbf58ca46-AppendLogResponseHandler: follower responses appendEntries COMPLETED
2021-03-08 02:05:57,618 [Listener at 127.0.0.1/34517] INFO  metrics.RatisMetrics (RatisMetrics.java:unregister(43)) - Unregistering Metrics Registry : ratis.log_worker.8be81fb1-89d0-4709-8656-3472d71d638b@group-7928B19B14F4
2021-03-08 02:05:57,620 [grpc-default-executor-6] INFO  leader.FollowerInfo (FollowerInfoImpl.java:lambda$new$0(46)) - 6ba9ab1d-3af3-415d-b63e-d033c6891994@group-A36F55C25C0F->92084499-c42d-4e9c-90ed-faecbf58ca46: nextIndex: updateUnconditionally 3 -> 2
2021-03-08 02:05:57,620 [ForkJoinPool.commonPool-worker-1] INFO  impl.PendingRequests (PendingRequests.java:sendNotLeaderResponses(249)) - 6ba9ab1d-3af3-415d-b63e-d033c6891994@group-A36F55C25C0F-PendingRequests: sendNotLeaderResponses
2021-03-08 02:05:57,619 [6ba9ab1d-3af3-415d-b63e-d033c6891994@group-A36F55C25C0F->bc98b27f-878f-4dad-a502-417d70977e4e-GrpcLogAppender-LogAppenderDaemon] WARN  server.GrpcLogAppender (GrpcLogAppender.java:mayWait(175)) - 6ba9ab1d-3af3-415d-b63e-d033c6891994@group-A36F55C25C0F->bc98b27f-878f-4dad-a502-417d70977e4e-GrpcLogAppender: Wait interrupted by java.lang.InterruptedException
2021-03-08 02:05:57,620 [Listener at 127.0.0.1/34517] INFO  metrics.RatisMetrics (RatisMetrics.java:unregister(43)) - Unregistering Metrics Registry : ratis.leader_election.8be81fb1-89d0-4709-8656-3472d71d638b@group-7928B19B14F4
2021-03-08 02:05:57,620 [grpc-default-executor-6] INFO  server.GrpcServerProtocolService (GrpcServerProtocolService.java:onCompleted(138)) - bc98b27f-878f-4dad-a502-417d70977e4e: Completed APPEND_ENTRIES, lastRequest: 6ba9ab1d-3af3-415d-b63e-d033c6891994->bc98b27f-878f-4dad-a502-417d70977e4e#6-t8,previous=(t:8, i:1),leaderCommit=1,initializing? true,entries: size=1, first=(t:8, i:2), METADATAENTRY(c:1)
2021-03-08 02:05:57,620 [Listener at 127.0.0.1/34517] INFO  metrics.RatisMetrics (RatisMetrics.java:unregister(43)) - Unregistering Metrics Registry : ratis.server.8be81fb1-89d0-4709-8656-3472d71d638b@group-7928B19B14F4
2021-03-08 02:05:57,621 [grpc-default-executor-0] INFO  server.GrpcLogAppender (GrpcLogAppender.java:onCompleted(344)) - 6ba9ab1d-3af3-415d-b63e-d033c6891994@group-A36F55C25C0F->bc98b27f-878f-4dad-a502-417d70977e4e-AppendLogResponseHandler: follower responses appendEntries COMPLETED
2021-03-08 02:05:57,621 [Listener at 127.0.0.1/34517] INFO  server.RaftServer$Division (RaftServerImpl.java:lambda$close$4(406)) - 8be81fb1-89d0-4709-8656-3472d71d638b@group-73197B762FF1: shutdown
2021-03-08 02:05:57,623 [ForkJoinPool.commonPool-worker-1] INFO  metrics.RatisMetrics (RatisMetrics.java:unregister(43)) - Unregistering Metrics Registry : ratis.log_appender.6ba9ab1d-3af3-415d-b63e-d033c6891994@group-A36F55C25C0F
2021-03-08 02:05:57,622 [grpc-default-executor-0] INFO  leader.FollowerInfo (FollowerInfoImpl.java:lambda$new$0(46)) - 6ba9ab1d-3af3-415d-b63e-d033c6891994@group-A36F55C25C0F->bc98b27f-878f-4dad-a502-417d70977e4e: nextIndex: updateUnconditionally 3 -> 2
2021-03-08 02:05:57,623 [ForkJoinPool.commonPool-worker-1] INFO  metrics.RatisMetrics (RatisMetrics.java:unregister(43)) - Unregistering Metrics Registry : ratis.server.6ba9ab1d-3af3-415d-b63e-d033c6891994@group-A36F55C25C0F
2021-03-08 02:05:57,624 [ForkJoinPool.commonPool-worker-1] INFO  impl.StateMachineUpdater (StateMachineUpdater.java:stopAndJoin(148)) - 6ba9ab1d-3af3-415d-b63e-d033c6891994@group-A36F55C25C0F-StateMachineUpdater: set stopIndex = 2
2021-03-08 02:05:57,625 [Listener at 127.0.0.1/34517] INFO  util.JmxRegister (JmxRegister.java:unregister(73)) - Successfully un-registered JMX Bean with object name Ratis:service=RaftServer,group=group-73197B762FF1,id=8be81fb1-89d0-4709-8656-3472d71d638b
2021-03-08 02:05:57,625 [Listener at 127.0.0.1/34517] INFO  impl.RoleInfo (RoleInfo.java:shutdownFollowerState(108)) - 8be81fb1-89d0-4709-8656-3472d71d638b: shutdown 8be81fb1-89d0-4709-8656-3472d71d638b@group-73197B762FF1-FollowerState
2021-03-08 02:05:57,625 [Thread-4627] INFO  impl.FollowerState (FollowerState.java:run(142)) - 8be81fb1-89d0-4709-8656-3472d71d638b@group-73197B762FF1-FollowerState was interrupted: {}
java.lang.InterruptedException: sleep interrupted
	at java.lang.Thread.sleep(Native Method)
	at java.lang.Thread.sleep(Thread.java:340)
	at java.util.concurrent.TimeUnit.sleep(TimeUnit.java:386)
	at org.apache.ratis.util.TimeDuration.sleep(TimeDuration.java:324)
	at org.apache.ratis.util.TimeDuration.sleep(TimeDuration.java:309)
	at org.apache.ratis.server.impl.FollowerState.run(FollowerState.java:117)
2021-03-08 02:05:57,625 [6ba9ab1d-3af3-415d-b63e-d033c6891994@group-A36F55C25C0F-StateMachineUpdater] INFO  ratis.ContainerStateMachine (ContainerStateMachine.java:takeSnapshot(291)) - group-A36F55C25C0F: Taking a snapshot at:(t:8, i:2) file /github/workspace/mnt/ozone/hadoop-ozone/integration-test/target/test-dir/MiniOzoneClusterImpl-ccaa8949-4e5a-4858-a1f5-413699190f1a/datanode-1/data/ratis/92402027-9cee-4719-af58-a36f55c25c0f/sm/snapshot.8_2
2021-03-08 02:05:57,625 [8be81fb1-89d0-4709-8656-3472d71d638b@group-73197B762FF1-StateMachineUpdater] INFO  ratis.ContainerStateMachine (ContainerStateMachine.java:takeSnapshot(291)) - group-73197B762FF1: Taking a snapshot at:(t:7, i:0) file /github/workspace/mnt/ozone/hadoop-ozone/integration-test/target/test-dir/MiniOzoneClusterImpl-ccaa8949-4e5a-4858-a1f5-413699190f1a/datanode-4/data/ratis/08a3fe71-0329-4143-ad3d-73197b762ff1/sm/snapshot.7_0
2021-03-08 02:05:57,626 [Listener at 127.0.0.1/34517] INFO  impl.StateMachineUpdater (StateMachineUpdater.java:stopAndJoin(148)) - 8be81fb1-89d0-4709-8656-3472d71d638b@group-73197B762FF1-StateMachineUpdater: set stopIndex = 0
2021-03-08 02:05:57,626 [6ba9ab1d-3af3-415d-b63e-d033c6891994@group-A36F55C25C0F-StateMachineUpdater] INFO  ratis.ContainerStateMachine (ContainerStateMachine.java:takeSnapshot(302)) - group-A36F55C25C0F: Finished taking a snapshot at:(t:8, i:2) file:/github/workspace/mnt/ozone/hadoop-ozone/integration-test/target/test-dir/MiniOzoneClusterImpl-ccaa8949-4e5a-4858-a1f5-413699190f1a/datanode-1/data/ratis/92402027-9cee-4719-af58-a36f55c25c0f/sm/snapshot.8_2 took: 1 ms
2021-03-08 02:05:57,626 [6ba9ab1d-3af3-415d-b63e-d033c6891994@group-A36F55C25C0F-StateMachineUpdater] INFO  impl.StateMachineUpdater (StateMachineUpdater.java:takeSnapshot(279)) - 6ba9ab1d-3af3-415d-b63e-d033c6891994@group-A36F55C25C0F-StateMachineUpdater: Took a snapshot at index 2
2021-03-08 02:05:57,626 [6ba9ab1d-3af3-415d-b63e-d033c6891994@group-A36F55C25C0F-StateMachineUpdater] INFO  impl.StateMachineUpdater (StateMachineUpdater.java:lambda$new$0(88)) - 6ba9ab1d-3af3-415d-b63e-d033c6891994@group-A36F55C25C0F-StateMachineUpdater: snapshotIndex: updateIncreasingly -1 -> 2
2021-03-08 02:05:57,626 [6ba9ab1d-3af3-415d-b63e-d033c6891994@group-A36F55C25C0F-StateMachineUpdater] INFO  metrics.RatisMetrics (RatisMetrics.java:unregister(43)) - Unregistering Metrics Registry : ratis.state_machine.6ba9ab1d-3af3-415d-b63e-d033c6891994@group-A36F55C25C0F
2021-03-08 02:05:57,626 [ForkJoinPool.commonPool-worker-1] INFO  server.RaftServer$Division (ServerState.java:close(405)) - 6ba9ab1d-3af3-415d-b63e-d033c6891994@group-A36F55C25C0F: closes. applyIndex: 2
2021-03-08 02:05:57,627 [8be81fb1-89d0-4709-8656-3472d71d638b@group-73197B762FF1-StateMachineUpdater] INFO  ratis.ContainerStateMachine (ContainerStateMachine.java:takeSnapshot(302)) - group-73197B762FF1: Finished taking a snapshot at:(t:7, i:0) file:/github/workspace/mnt/ozone/hadoop-ozone/integration-test/target/test-dir/MiniOzoneClusterImpl-ccaa8949-4e5a-4858-a1f5-413699190f1a/datanode-4/data/ratis/08a3fe71-0329-4143-ad3d-73197b762ff1/sm/snapshot.7_0 took: 1 ms
2021-03-08 02:05:57,627 [6ba9ab1d-3af3-415d-b63e-d033c6891994@group-A36F55C25C0F-SegmentedRaftLogWorker] INFO  segmented.SegmentedRaftLogWorker (SegmentedRaftLogWorker.java:run(326)) - 6ba9ab1d-3af3-415d-b63e-d033c6891994@group-A36F55C25C0F-SegmentedRaftLogWorker was interrupted, exiting. There are 0 tasks remaining in the queue.
2021-03-08 02:05:57,627 [8be81fb1-89d0-4709-8656-3472d71d638b@group-73197B762FF1-StateMachineUpdater] INFO  impl.StateMachineUpdater (StateMachineUpdater.java:takeSnapshot(279)) - 8be81fb1-89d0-4709-8656-3472d71d638b@group-73197B762FF1-StateMachineUpdater: Took a snapshot at index 0
2021-03-08 02:05:57,627 [8be81fb1-89d0-4709-8656-3472d71d638b@group-73197B762FF1-StateMachineUpdater] INFO  impl.StateMachineUpdater (StateMachineUpdater.java:lambda$new$0(88)) - 8be81fb1-89d0-4709-8656-3472d71d638b@group-73197B762FF1-StateMachineUpdater: snapshotIndex: updateIncreasingly -1 -> 0
2021-03-08 02:05:57,628 [ForkJoinPool.commonPool-worker-1] INFO  segmented.SegmentedRaftLogWorker (SegmentedRaftLogWorker.java:close(236)) - 6ba9ab1d-3af3-415d-b63e-d033c6891994@group-A36F55C25C0F-SegmentedRaftLogWorker close()
2021-03-08 02:05:57,628 [8be81fb1-89d0-4709-8656-3472d71d638b@group-73197B762FF1-StateMachineUpdater] INFO  metrics.RatisMetrics (RatisMetrics.java:unregister(43)) - Unregistering Metrics Registry : ratis.state_machine.8be81fb1-89d0-4709-8656-3472d71d638b@group-73197B762FF1
2021-03-08 02:05:57,628 [ForkJoinPool.commonPool-worker-1] INFO  metrics.RatisMetrics (RatisMetrics.java:unregister(43)) - Unregistering Metrics Registry : ratis.log_worker.6ba9ab1d-3af3-415d-b63e-d033c6891994@group-A36F55C25C0F
2021-03-08 02:05:57,629 [ForkJoinPool.commonPool-worker-1] INFO  metrics.RatisMetrics (RatisMetrics.java:unregister(43)) - Unregistering Metrics Registry : ratis.leader_election.6ba9ab1d-3af3-415d-b63e-d033c6891994@group-A36F55C25C0F
2021-03-08 02:05:57,629 [ForkJoinPool.commonPool-worker-1] INFO  metrics.RatisMetrics (RatisMetrics.java:unregister(43)) - Unregistering Metrics Registry : ratis.server.6ba9ab1d-3af3-415d-b63e-d033c6891994@group-A36F55C25C0F
2021-03-08 02:05:57,629 [ForkJoinPool.commonPool-worker-1] INFO  server.GrpcService (GrpcService.java:closeImpl(262)) - 6ba9ab1d-3af3-415d-b63e-d033c6891994: shutdown server with port 33141 now
2021-03-08 02:05:57,629 [Listener at 127.0.0.1/34517] INFO  server.RaftServer$Division (ServerState.java:close(405)) - 8be81fb1-89d0-4709-8656-3472d71d638b@group-73197B762FF1: closes. applyIndex: 0
2021-03-08 02:05:57,629 [8be81fb1-89d0-4709-8656-3472d71d638b@group-73197B762FF1-SegmentedRaftLogWorker] INFO  segmented.SegmentedRaftLogWorker (SegmentedRaftLogWorker.java:run(326)) - 8be81fb1-89d0-4709-8656-3472d71d638b@group-73197B762FF1-SegmentedRaftLogWorker was interrupted, exiting. There are 0 tasks remaining in the queue.
2021-03-08 02:05:57,632 [Listener at 127.0.0.1/34517] INFO  segmented.SegmentedRaftLogWorker (SegmentedRaftLogWorker.java:close(236)) - 8be81fb1-89d0-4709-8656-3472d71d638b@group-73197B762FF1-SegmentedRaftLogWorker close()
2021-03-08 02:05:57,632 [grpc-default-executor-7] WARN  server.GrpcServerProtocolService (LogUtils.java:warn(122)) - 6ba9ab1d-3af3-415d-b63e-d033c6891994: installSnapshot onError, lastRequest: 92084499-c42d-4e9c-90ed-faecbf58ca46->6ba9ab1d-3af3-415d-b63e-d033c6891994#1-t5,previous=(t:0, i:0),leaderCommit=-1,initializing? true,entries: size=1, first=(t:5, i:0), CONFIGURATIONENTRY: org.apache.ratis.thirdparty.io.grpc.StatusRuntimeException: CANCELLED: client cancelled
2021-03-08 02:05:57,632 [Listener at 127.0.0.1/34517] INFO  metrics.RatisMetrics (RatisMetrics.java:unregister(43)) - Unregistering Metrics Registry : ratis.log_worker.8be81fb1-89d0-4709-8656-3472d71d638b@group-73197B762FF1
2021-03-08 02:05:57,632 [Listener at 127.0.0.1/34517] INFO  metrics.RatisMetrics (RatisMetrics.java:unregister(43)) - Unregistering Metrics Registry : ratis.leader_election.8be81fb1-89d0-4709-8656-3472d71d638b@group-73197B762FF1
2021-03-08 02:05:57,633 [Listener at 127.0.0.1/34517] INFO  metrics.RatisMetrics (RatisMetrics.java:unregister(43)) - Unregistering Metrics Registry : ratis.server.8be81fb1-89d0-4709-8656-3472d71d638b@group-73197B762FF1
2021-03-08 02:05:57,633 [Listener at 127.0.0.1/34517] INFO  server.GrpcService (GrpcService.java:closeImpl(262)) - 8be81fb1-89d0-4709-8656-3472d71d638b: shutdown server with port 44187 now
2021-03-08 02:05:57,635 [grpc-default-executor-6] WARN  server.GrpcServerProtocolService (LogUtils.java:warn(122)) - 6ba9ab1d-3af3-415d-b63e-d033c6891994: installSnapshot onError, lastRequest: bc98b27f-878f-4dad-a502-417d70977e4e->6ba9ab1d-3af3-415d-b63e-d033c6891994#43-t2,previous=(t:2, i:12),leaderCommit=12,initializing? true,entries: size=1, first=(t:2, i:13), METADATAENTRY(c:12): org.apache.ratis.thirdparty.io.grpc.StatusRuntimeException: CANCELLED: client cancelled
2021-03-08 02:05:57,635 [grpc-default-executor-6] WARN  server.GrpcLogAppender (LogUtils.java:warn(122)) - bc98b27f-878f-4dad-a502-417d70977e4e@group-5CA67261F62C->6ba9ab1d-3af3-415d-b63e-d033c6891994-AppendLogResponseHandler: Failed appendEntries: org.apache.ratis.thirdparty.io.grpc.StatusRuntimeException: CANCELLED: HTTP/2 error code: CANCEL
Received Rst Stream
2021-03-08 02:05:57,638 [grpc-default-executor-6] INFO  leader.FollowerInfo (FollowerInfoImpl.java:lambda$new$0(46)) - bc98b27f-878f-4dad-a502-417d70977e4e@group-5CA67261F62C->6ba9ab1d-3af3-415d-b63e-d033c6891994: nextIndex: updateUnconditionally 14 -> 13
2021-03-08 02:05:57,643 [grpc-default-executor-7] WARN  server.GrpcLogAppender (LogUtils.java:warn(122)) - 92084499-c42d-4e9c-90ed-faecbf58ca46@group-507EAFB998CB->6ba9ab1d-3af3-415d-b63e-d033c6891994-AppendLogResponseHandler: Failed appendEntries: org.apache.ratis.thirdparty.io.grpc.StatusRuntimeException: CANCELLED: HTTP/2 error code: CANCEL
Received Rst Stream
2021-03-08 02:05:57,643 [grpc-default-executor-3] WARN  server.GrpcServerProtocolService (LogUtils.java:warn(122)) - 8be81fb1-89d0-4709-8656-3472d71d638b: installSnapshot onError, lastRequest: 2e2b7c4f-1fa0-4360-84eb-5aea739d5e5f->8be81fb1-89d0-4709-8656-3472d71d638b#1-t1,previous=(t:0, i:0),leaderCommit=0,initializing? true,entries: size=1, first=(t:1, i:0), CONFIGURATIONENTRY: org.apache.ratis.thirdparty.io.grpc.StatusRuntimeException: CANCELLED: client cancelled
2021-03-08 02:05:57,643 [grpc-default-executor-7] WARN  server.GrpcLogAppender (GrpcLogAppender.java:resetClient(111)) - 92084499-c42d-4e9c-90ed-faecbf58ca46@group-507EAFB998CB->6ba9ab1d-3af3-415d-b63e-d033c6891994-GrpcLogAppender: Leader has not got in touch with Follower 92084499-c42d-4e9c-90ed-faecbf58ca46@group-507EAFB998CB->6ba9ab1d-3af3-415d-b63e-d033c6891994(c0,m0,n1, attendVote=true, lastRpcSendTime=1723, lastRpcResponseTime=1722) yet, just keep nextIndex unchanged and retry.
2021-03-08 02:05:57,645 [grpc-default-executor-8] WARN  server.GrpcLogAppender (LogUtils.java:warn(122)) - 2e2b7c4f-1fa0-4360-84eb-5aea739d5e5f@group-95D3DD7D5F09->8be81fb1-89d0-4709-8656-3472d71d638b-AppendLogResponseHandler: Failed appendEntries: org.apache.ratis.thirdparty.io.grpc.StatusRuntimeException: CANCELLED: HTTP/2 error code: CANCEL
Received Rst Stream
2021-03-08 02:05:57,645 [grpc-default-executor-8] WARN  server.GrpcLogAppender (GrpcLogAppender.java:resetClient(111)) - 2e2b7c4f-1fa0-4360-84eb-5aea739d5e5f@group-95D3DD7D5F09->8be81fb1-89d0-4709-8656-3472d71d638b-GrpcLogAppender: Leader has not got in touch with Follower 2e2b7c4f-1fa0-4360-84eb-5aea739d5e5f@group-95D3DD7D5F09->8be81fb1-89d0-4709-8656-3472d71d638b(c0,m0,n1, attendVote=true, lastRpcSendTime=1425, lastRpcResponseTime=1425) yet, just keep nextIndex unchanged and retry.
2021-03-08 02:05:57,645 [ForkJoinPool.commonPool-worker-1] INFO  server.GrpcService (GrpcService.java:closeImpl(271)) - 6ba9ab1d-3af3-415d-b63e-d033c6891994: shutdown server with port 33141 successfully
2021-03-08 02:05:57,645 [org.apache.ratis.util.JvmPauseMonitor$$Lambda$504/1646982022@52569adb] INFO  util.JvmPauseMonitor (JvmPauseMonitor.java:run(109)) - JvmPauseMonitor-6ba9ab1d-3af3-415d-b63e-d033c6891994: Stopped
2021-03-08 02:05:57,649 [Listener at 127.0.0.1/34517] INFO  server.GrpcService (GrpcService.java:closeImpl(271)) - 8be81fb1-89d0-4709-8656-3472d71d638b: shutdown server with port 44187 successfully
2021-03-08 02:05:57,657 [org.apache.ratis.util.JvmPauseMonitor$$Lambda$504/1646982022@6c6ff3fa] INFO  util.JvmPauseMonitor (JvmPauseMonitor.java:run(109)) - JvmPauseMonitor-8be81fb1-89d0-4709-8656-3472d71d638b: Stopped
2021-03-08 02:05:57,657 [grpc-default-executor-6] WARN  server.GrpcServerProtocolService (LogUtils.java:warn(122)) - 8be81fb1-89d0-4709-8656-3472d71d638b: installSnapshot onError, lastRequest: c7780af0-0f31-4130-b62a-7061a7bbaf6d->8be81fb1-89d0-4709-8656-3472d71d638b#1-t7,previous=(t:0, i:0),leaderCommit=-1,initializing? true,entries: size=1, first=(t:7, i:0), CONFIGURATIONENTRY: org.apache.ratis.thirdparty.io.grpc.StatusRuntimeException: CANCELLED: client cancelled
2021-03-08 02:05:57,657 [grpc-default-executor-8] WARN  server.GrpcLogAppender (LogUtils.java:warn(122)) - c7780af0-0f31-4130-b62a-7061a7bbaf6d@group-73197B762FF1->8be81fb1-89d0-4709-8656-3472d71d638b-AppendLogResponseHandler: Failed appendEntries: org.apache.ratis.thirdparty.io.grpc.StatusRuntimeException: CANCELLED: HTTP/2 error code: CANCEL
Received Rst Stream
2021-03-08 02:05:57,663 [grpc-default-executor-9] WARN  server.GrpcLogAppender (LogUtils.java:warn(122)) - bc98b27f-878f-4dad-a502-417d70977e4e@group-5CA67261F62C->6ba9ab1d-3af3-415d-b63e-d033c6891994-AppendLogResponseHandler: Failed appendEntries: org.apache.ratis.thirdparty.io.grpc.StatusRuntimeException: UNAVAILABLE: io exception
2021-03-08 02:05:57,664 [grpc-default-executor-9] INFO  leader.FollowerInfo (FollowerInfoImpl.java:lambda$new$0(46)) - bc98b27f-878f-4dad-a502-417d70977e4e@group-5CA67261F62C->6ba9ab1d-3af3-415d-b63e-d033c6891994: nextIndex: updateUnconditionally 14 -> 13
2021-03-08 02:05:57,665 [Listener at 127.0.0.1/34517] INFO  utils.BackgroundService (BackgroundService.java:shutdown(132)) - Shutting down service BlockDeletingService
2021-03-08 02:05:57,665 [grpc-default-executor-8] WARN  server.GrpcLogAppender (GrpcLogAppender.java:resetClient(111)) - c7780af0-0f31-4130-b62a-7061a7bbaf6d@group-73197B762FF1->8be81fb1-89d0-4709-8656-3472d71d638b-GrpcLogAppender: Leader has not got in touch with Follower c7780af0-0f31-4130-b62a-7061a7bbaf6d@group-73197B762FF1->8be81fb1-89d0-4709-8656-3472d71d638b(c0,m0,n1, attendVote=true, lastRpcSendTime=863, lastRpcResponseTime=862) yet, just keep nextIndex unchanged and retry.
2021-03-08 02:05:57,670 [ForkJoinPool.commonPool-worker-1] INFO  utils.BackgroundService (BackgroundService.java:shutdown(132)) - Shutting down service BlockDeletingService
2021-03-08 02:05:57,672 [ForkJoinPool.commonPool-worker-1] INFO  statemachine.DatanodeStateMachine (DatanodeStateMachine.java:stopDaemon(469)) - Ozone container server stopped.
2021-03-08 02:05:57,674 [Listener at 127.0.0.1/34517] INFO  statemachine.DatanodeStateMachine (DatanodeStateMachine.java:stopDaemon(469)) - Ozone container server stopped.
2021-03-08 02:05:57,702 [Listener at 127.0.0.1/34517] INFO  handler.ContextHandler (ContextHandler.java:doStop(1154)) - Stopped o.e.j.w.WebAppContext@4fe506a{hddsDatanode,/,null,STOPPED}{jar:file:/home/user/.m2/repository/org/apache/hadoop/hadoop-hdds-container-service/1.1.0-SNAPSHOT/hadoop-hdds-container-service-1.1.0-SNAPSHOT.jar!/webapps/hddsDatanode}
2021-03-08 02:05:57,707 [Listener at 127.0.0.1/34517] INFO  server.AbstractConnector (AbstractConnector.java:doStop(381)) - Stopped ServerConnector@43b867ab{HTTP/1.1, (http/1.1)}{0.0.0.0:0}
2021-03-08 02:05:57,707 [Listener at 127.0.0.1/34517] INFO  server.session (HouseKeeper.java:stopScavenging(149)) - node0 Stopped scavenging
2021-03-08 02:05:57,707 [Listener at 127.0.0.1/34517] INFO  handler.ContextHandler (ContextHandler.java:doStop(1154)) - Stopped o.e.j.s.ServletContextHandler@c2740cf{static,/static,jar:file:/home/user/.m2/repository/org/apache/hadoop/hadoop-hdds-container-service/1.1.0-SNAPSHOT/hadoop-hdds-container-service-1.1.0-SNAPSHOT.jar!/webapps/static,STOPPED}
2021-03-08 02:05:57,707 [Listener at 127.0.0.1/34517] INFO  handler.ContextHandler (ContextHandler.java:doStop(1154)) - Stopped o.e.j.s.ServletContextHandler@6baf6d52{logs,/logs,file:///github/workspace/mnt/ozone/hadoop-ozone/integration-test/target/log,STOPPED}
2021-03-08 02:05:57,715 [ForkJoinPool.commonPool-worker-1] INFO  handler.ContextHandler (ContextHandler.java:doStop(1154)) - Stopped o.e.j.w.WebAppContext@5e5aab14{hddsDatanode,/,null,STOPPED}{jar:file:/home/user/.m2/repository/org/apache/hadoop/hadoop-hdds-container-service/1.1.0-SNAPSHOT/hadoop-hdds-container-service-1.1.0-SNAPSHOT.jar!/webapps/hddsDatanode}
2021-03-08 02:05:57,716 [ForkJoinPool.commonPool-worker-1] INFO  server.AbstractConnector (AbstractConnector.java:doStop(381)) - Stopped ServerConnector@4f1c7816{HTTP/1.1, (http/1.1)}{0.0.0.0:0}
2021-03-08 02:05:57,716 [ForkJoinPool.commonPool-worker-1] INFO  server.session (HouseKeeper.java:stopScavenging(149)) - node0 Stopped scavenging
2021-03-08 02:05:57,729 [ForkJoinPool.commonPool-worker-1] INFO  handler.ContextHandler (ContextHandler.java:doStop(1154)) - Stopped o.e.j.s.ServletContextHandler@2e643348{static,/static,jar:file:/home/user/.m2/repository/org/apache/hadoop/hadoop-hdds-container-service/1.1.0-SNAPSHOT/hadoop-hdds-container-service-1.1.0-SNAPSHOT.jar!/webapps/static,STOPPED}
2021-03-08 02:05:57,737 [ForkJoinPool.commonPool-worker-1] INFO  handler.ContextHandler (ContextHandler.java:doStop(1154)) - Stopped o.e.j.s.ServletContextHandler@2427257f{logs,/logs,file:///github/workspace/mnt/ozone/hadoop-ozone/integration-test/target/log,STOPPED}
2021-03-08 02:05:58,156 [Datanode State Machine Thread - 0] INFO  statemachine.DatanodeStateMachine (DatanodeStateMachine.java:lambda$startDaemon$0(411)) - Ozone container server started.
2021-03-08 02:05:58,432 [grpc-default-executor-8] WARN  server.GrpcLogAppender (LogUtils.java:warn(122)) - 92084499-c42d-4e9c-90ed-faecbf58ca46@group-507EAFB998CB->6ba9ab1d-3af3-415d-b63e-d033c6891994-AppendLogResponseHandler: Failed appendEntries: org.apache.ratis.thirdparty.io.grpc.StatusRuntimeException: UNAVAILABLE: io exception
2021-03-08 02:05:58,433 [grpc-default-executor-8] WARN  server.GrpcLogAppender (GrpcLogAppender.java:resetClient(111)) - 92084499-c42d-4e9c-90ed-faecbf58ca46@group-507EAFB998CB->6ba9ab1d-3af3-415d-b63e-d033c6891994-GrpcLogAppender: Leader has not got in touch with Follower 92084499-c42d-4e9c-90ed-faecbf58ca46@group-507EAFB998CB->6ba9ab1d-3af3-415d-b63e-d033c6891994(c0,m0,n1, attendVote=true, lastRpcSendTime=3, lastRpcResponseTime=2511) yet, just keep nextIndex unchanged and retry.
2021-03-08 02:05:58,446 [Datanode State Machine Thread - 0] INFO  statemachine.DatanodeStateMachine (DatanodeStateMachine.java:lambda$startDaemon$0(411)) - Ozone container server started.
2021-03-08 02:05:58,721 [grpc-default-executor-8] WARN  server.GrpcLogAppender (LogUtils.java:warn(122)) - 2e2b7c4f-1fa0-4360-84eb-5aea739d5e5f@group-95D3DD7D5F09->8be81fb1-89d0-4709-8656-3472d71d638b-AppendLogResponseHandler: Failed appendEntries: org.apache.ratis.thirdparty.io.grpc.StatusRuntimeException: UNAVAILABLE: io exception
2021-03-08 02:05:58,721 [grpc-default-executor-8] WARN  server.GrpcLogAppender (GrpcLogAppender.java:resetClient(111)) - 2e2b7c4f-1fa0-4360-84eb-5aea739d5e5f@group-95D3DD7D5F09->8be81fb1-89d0-4709-8656-3472d71d638b-GrpcLogAppender: Leader has not got in touch with Follower 2e2b7c4f-1fa0-4360-84eb-5aea739d5e5f@group-95D3DD7D5F09->8be81fb1-89d0-4709-8656-3472d71d638b(c0,m0,n1, attendVote=true, lastRpcSendTime=2502, lastRpcResponseTime=2501) yet, just keep nextIndex unchanged and retry.
2021-03-08 02:05:59,309 [grpc-default-executor-8] WARN  server.GrpcLogAppender (LogUtils.java:warn(122)) - c7780af0-0f31-4130-b62a-7061a7bbaf6d@group-73197B762FF1->8be81fb1-89d0-4709-8656-3472d71d638b-AppendLogResponseHandler: Failed appendEntries: org.apache.ratis.thirdparty.io.grpc.StatusRuntimeException: UNAVAILABLE: io exception
2021-03-08 02:05:59,310 [grpc-default-executor-8] WARN  server.GrpcLogAppender (GrpcLogAppender.java:resetClient(111)) - c7780af0-0f31-4130-b62a-7061a7bbaf6d@group-73197B762FF1->8be81fb1-89d0-4709-8656-3472d71d638b-GrpcLogAppender: Leader has not got in touch with Follower c7780af0-0f31-4130-b62a-7061a7bbaf6d@group-73197B762FF1->8be81fb1-89d0-4709-8656-3472d71d638b(c0,m0,n1, attendVote=true, lastRpcSendTime=2508, lastRpcResponseTime=2507) yet, just keep nextIndex unchanged and retry.
2021-03-08 02:06:00,143 [grpc-default-executor-8] WARN  server.GrpcLogAppender (LogUtils.java:warn(122)) - bc98b27f-878f-4dad-a502-417d70977e4e@group-5CA67261F62C->6ba9ab1d-3af3-415d-b63e-d033c6891994-AppendLogResponseHandler: Failed appendEntries: org.apache.ratis.thirdparty.io.grpc.StatusRuntimeException: UNAVAILABLE: io exception
2021-03-08 02:06:00,143 [grpc-default-executor-8] INFO  leader.FollowerInfo (FollowerInfoImpl.java:lambda$new$0(46)) - bc98b27f-878f-4dad-a502-417d70977e4e@group-5CA67261F62C->6ba9ab1d-3af3-415d-b63e-d033c6891994: nextIndex: updateUnconditionally 14 -> 13
2021-03-08 02:06:00,929 [grpc-default-executor-8] WARN  server.GrpcLogAppender (LogUtils.java:warn(122)) - 92084499-c42d-4e9c-90ed-faecbf58ca46@group-507EAFB998CB->6ba9ab1d-3af3-415d-b63e-d033c6891994-AppendLogResponseHandler: Failed appendEntries: org.apache.ratis.thirdparty.io.grpc.StatusRuntimeException: UNAVAILABLE: io exception
2021-03-08 02:06:00,930 [grpc-default-executor-8] WARN  server.GrpcLogAppender (GrpcLogAppender.java:resetClient(111)) - 92084499-c42d-4e9c-90ed-faecbf58ca46@group-507EAFB998CB->6ba9ab1d-3af3-415d-b63e-d033c6891994-GrpcLogAppender: Leader has not got in touch with Follower 92084499-c42d-4e9c-90ed-faecbf58ca46@group-507EAFB998CB->6ba9ab1d-3af3-415d-b63e-d033c6891994(c0,m0,n1, attendVote=true, lastRpcSendTime=2500, lastRpcResponseTime=5008) yet, just keep nextIndex unchanged and retry.
2021-03-08 02:06:01,077 [Thread-4603] INFO  impl.FollowerState (FollowerState.java:run(133)) - 92084499-c42d-4e9c-90ed-faecbf58ca46@group-A36F55C25C0F-FollowerState: change to CANDIDATE, lastRpcElapsedTime:5136833844ns, electionTimeout:5094ms
2021-03-08 02:06:01,077 [Thread-4603] INFO  impl.RoleInfo (RoleInfo.java:shutdownFollowerState(108)) - 92084499-c42d-4e9c-90ed-faecbf58ca46: shutdown 92084499-c42d-4e9c-90ed-faecbf58ca46@group-A36F55C25C0F-FollowerState
2021-03-08 02:06:01,077 [Thread-4603] INFO  server.RaftServer$Division (RaftServerImpl.java:setRole(284)) - 92084499-c42d-4e9c-90ed-faecbf58ca46@group-A36F55C25C0F: changes role from  FOLLOWER to CANDIDATE at term 8 for changeToCandidate
2021-03-08 02:06:01,077 [Thread-4603] INFO  server.RaftServerConfigKeys (ConfUtils.java:logGet(44)) - raft.server.leaderelection.pre-vote = false (custom)
2021-03-08 02:06:01,077 [Thread-4603] INFO  impl.RoleInfo (RoleInfo.java:updateAndGet(130)) - 92084499-c42d-4e9c-90ed-faecbf58ca46: start 92084499-c42d-4e9c-90ed-faecbf58ca46@group-A36F55C25C0F-LeaderElection214
2021-03-08 02:06:01,085 [92084499-c42d-4e9c-90ed-faecbf58ca46@group-A36F55C25C0F-LeaderElection214] INFO  server.RaftServer$Division (ServerState.java:setLeader(271)) - 92084499-c42d-4e9c-90ed-faecbf58ca46@group-A36F55C25C0F: change Leader from 6ba9ab1d-3af3-415d-b63e-d033c6891994 to null at term 8 for ELECTION
2021-03-08 02:06:01,094 [92084499-c42d-4e9c-90ed-faecbf58ca46@group-A36F55C25C0F-LeaderElection214] INFO  impl.LeaderElection (LeaderElection.java:askForVotes(307)) - 92084499-c42d-4e9c-90ed-faecbf58ca46@group-A36F55C25C0F-LeaderElection214 ELECTION round 0: submit vote requests at term 9 for 1: [6ba9ab1d-3af3-415d-b63e-d033c6891994|rpc:172.17.0.2:33141|dataStream:|priority:1, bc98b27f-878f-4dad-a502-417d70977e4e|rpc:172.17.0.2:44359|dataStream:|priority:0, 92084499-c42d-4e9c-90ed-faecbf58ca46|rpc:172.17.0.2:44599|dataStream:|priority:0], old=null
2021-03-08 02:06:01,100 [Thread-4602] INFO  impl.FollowerState (FollowerState.java:run(133)) - bc98b27f-878f-4dad-a502-417d70977e4e@group-A36F55C25C0F-FollowerState: change to CANDIDATE, lastRpcElapsedTime:5159078858ns, electionTimeout:5038ms
2021-03-08 02:06:01,100 [Thread-4602] INFO  impl.RoleInfo (RoleInfo.java:shutdownFollowerState(108)) - bc98b27f-878f-4dad-a502-417d70977e4e: shutdown bc98b27f-878f-4dad-a502-417d70977e4e@group-A36F55C25C0F-FollowerState
2021-03-08 02:06:01,100 [Thread-4602] INFO  server.RaftServer$Division (RaftServerImpl.java:setRole(284)) - bc98b27f-878f-4dad-a502-417d70977e4e@group-A36F55C25C0F: changes role from  FOLLOWER to CANDIDATE at term 8 for changeToCandidate
2021-03-08 02:06:01,109 [Thread-4602] INFO  server.RaftServerConfigKeys (ConfUtils.java:logGet(44)) - raft.server.leaderelection.pre-vote = false (custom)
2021-03-08 02:06:01,109 [92084499-c42d-4e9c-90ed-faecbf58ca46@group-A36F55C25C0F-LeaderElection214] INFO  impl.LeaderElection (LogUtils.java:infoOrTrace(137)) - 92084499-c42d-4e9c-90ed-faecbf58ca46@group-A36F55C25C0F-LeaderElection214 got exception when requesting votes: java.util.concurrent.ExecutionException: org.apache.ratis.thirdparty.io.grpc.StatusRuntimeException: UNAVAILABLE: io exception
2021-03-08 02:06:01,109 [Thread-4602] INFO  impl.RoleInfo (RoleInfo.java:updateAndGet(130)) - bc98b27f-878f-4dad-a502-417d70977e4e: start bc98b27f-878f-4dad-a502-417d70977e4e@group-A36F55C25C0F-LeaderElection215
2021-03-08 02:06:01,110 [grpc-default-executor-8] INFO  server.RaftServer$Division (RaftServerImpl.java:requestVote(1025)) - bc98b27f-878f-4dad-a502-417d70977e4e@group-A36F55C25C0F: receive requestVote(ELECTION, 92084499-c42d-4e9c-90ed-faecbf58ca46, group-A36F55C25C0F, 9, (t:8, i:2))
2021-03-08 02:06:01,115 [grpc-default-executor-8] INFO  impl.VoteContext (VoteContext.java:log(48)) - bc98b27f-878f-4dad-a502-417d70977e4e@group-A36F55C25C0F-CANDIDATE: accept ELECTION from 92084499-c42d-4e9c-90ed-faecbf58ca46: our priority 0 <= candidate's priority 0
2021-03-08 02:06:01,115 [grpc-default-executor-8] INFO  server.RaftServer$Division (ServerState.java:setLeader(271)) - bc98b27f-878f-4dad-a502-417d70977e4e@group-A36F55C25C0F: change Leader from 6ba9ab1d-3af3-415d-b63e-d033c6891994 to null at term 9 for updateCurrentTerm
2021-03-08 02:06:01,115 [grpc-default-executor-8] INFO  server.RaftServer$Division (RaftServerImpl.java:setRole(284)) - bc98b27f-878f-4dad-a502-417d70977e4e@group-A36F55C25C0F: changes role from CANDIDATE to FOLLOWER at term 9 for candidate:92084499-c42d-4e9c-90ed-faecbf58ca46
2021-03-08 02:06:01,115 [grpc-default-executor-8] INFO  impl.RoleInfo (RoleInfo.java:shutdownLeaderElection(121)) - bc98b27f-878f-4dad-a502-417d70977e4e: shutdown bc98b27f-878f-4dad-a502-417d70977e4e@group-A36F55C25C0F-LeaderElection215
2021-03-08 02:06:01,115 [grpc-default-executor-8] INFO  impl.RoleInfo (RoleInfo.java:updateAndGet(130)) - bc98b27f-878f-4dad-a502-417d70977e4e: start bc98b27f-878f-4dad-a502-417d70977e4e@group-A36F55C25C0F-FollowerState
2021-03-08 02:06:01,123 [grpc-default-executor-8] INFO  server.RaftServer$Division (RaftServerImpl.java:requestVote(1057)) - bc98b27f-878f-4dad-a502-417d70977e4e@group-A36F55C25C0F replies to ELECTION vote request: 92084499-c42d-4e9c-90ed-faecbf58ca46<-bc98b27f-878f-4dad-a502-417d70977e4e#0:OK-t9. Peer's state: bc98b27f-878f-4dad-a502-417d70977e4e@group-A36F55C25C0F:t9, leader=null, voted=92084499-c42d-4e9c-90ed-faecbf58ca46, raftlog=bc98b27f-878f-4dad-a502-417d70977e4e@group-A36F55C25C0F-SegmentedRaftLog:OPENED:c2,f2,i2, conf=1: [6ba9ab1d-3af3-415d-b63e-d033c6891994|rpc:172.17.0.2:33141|dataStream:|priority:1, bc98b27f-878f-4dad-a502-417d70977e4e|rpc:172.17.0.2:44359|dataStream:|priority:0, 92084499-c42d-4e9c-90ed-faecbf58ca46|rpc:172.17.0.2:44599|dataStream:|priority:0], old=null
2021-03-08 02:06:01,125 [92084499-c42d-4e9c-90ed-faecbf58ca46@group-A36F55C25C0F-LeaderElection214] INFO  impl.LeaderElection (LeaderElection.java:logAndReturn(89)) - 92084499-c42d-4e9c-90ed-faecbf58ca46@group-A36F55C25C0F-LeaderElection214: ELECTION PASSED received 1 response(s) and 1 exception(s):
2021-03-08 02:06:01,125 [92084499-c42d-4e9c-90ed-faecbf58ca46@group-A36F55C25C0F-LeaderElection214] INFO  impl.LeaderElection (LeaderElection.java:logAndReturn(93)) -   Response 0: 92084499-c42d-4e9c-90ed-faecbf58ca46<-bc98b27f-878f-4dad-a502-417d70977e4e#0:OK-t9
2021-03-08 02:06:01,125 [92084499-c42d-4e9c-90ed-faecbf58ca46@group-A36F55C25C0F-LeaderElection214] INFO  impl.LeaderElection (LogUtils.java:infoOrTrace(137)) -   Exception 1: java.util.concurrent.ExecutionException: org.apache.ratis.thirdparty.io.grpc.StatusRuntimeException: UNAVAILABLE: io exception
2021-03-08 02:06:01,125 [92084499-c42d-4e9c-90ed-faecbf58ca46@group-A36F55C25C0F-LeaderElection214] INFO  impl.LeaderElection (LeaderElection.java:askForVotes(309)) - 92084499-c42d-4e9c-90ed-faecbf58ca46@group-A36F55C25C0F-LeaderElection214 ELECTION round 0: result PASSED
2021-03-08 02:06:01,125 [92084499-c42d-4e9c-90ed-faecbf58ca46@group-A36F55C25C0F-LeaderElection214] INFO  impl.RoleInfo (RoleInfo.java:shutdownLeaderElection(121)) - 92084499-c42d-4e9c-90ed-faecbf58ca46: shutdown 92084499-c42d-4e9c-90ed-faecbf58ca46@group-A36F55C25C0F-LeaderElection214
2021-03-08 02:06:01,125 [92084499-c42d-4e9c-90ed-faecbf58ca46@group-A36F55C25C0F-LeaderElection214] INFO  server.RaftServer$Division (RaftServerImpl.java:setRole(284)) - 92084499-c42d-4e9c-90ed-faecbf58ca46@group-A36F55C25C0F: changes role from CANDIDATE to LEADER at term 9 for changeToLeader
2021-03-08 02:06:01,125 [92084499-c42d-4e9c-90ed-faecbf58ca46@group-A36F55C25C0F-LeaderElection214] INFO  ratis.XceiverServerRatis (XceiverServerRatis.java:handleLeaderChangedNotification(899)) - Leader change notification received for group: group-A36F55C25C0F with new leaderId: 92084499-c42d-4e9c-90ed-faecbf58ca46
2021-03-08 02:06:01,126 [92084499-c42d-4e9c-90ed-faecbf58ca46@group-A36F55C25C0F-LeaderElection214] INFO  server.RaftServer$Division (ServerState.java:setLeader(271)) - 92084499-c42d-4e9c-90ed-faecbf58ca46@group-A36F55C25C0F: change Leader from null to 92084499-c42d-4e9c-90ed-faecbf58ca46 at term 9 for becomeLeader, leader elected after 40ms
2021-03-08 02:06:01,126 [92084499-c42d-4e9c-90ed-faecbf58ca46@group-A36F55C25C0F-LeaderElection214] INFO  server.RaftServerConfigKeys (ConfUtils.java:logGet(44)) - raft.server.staging.catchup.gap = 1000 (default)
2021-03-08 02:06:01,126 [92084499-c42d-4e9c-90ed-faecbf58ca46@group-A36F55C25C0F-LeaderElection214] INFO  metrics.RatisMetrics (RatisMetrics.java:lambda$create$0(36)) - Creating Metrics Registry : ratis.log_appender.92084499-c42d-4e9c-90ed-faecbf58ca46@group-A36F55C25C0F
2021-03-08 02:06:01,126 [92084499-c42d-4e9c-90ed-faecbf58ca46@group-A36F55C25C0F-LeaderElection214] INFO  server.RaftServerConfigKeys (ConfUtils.java:logGet(44)) - raft.server.write.element-limit = 1024 (custom)
2021-03-08 02:06:01,126 [92084499-c42d-4e9c-90ed-faecbf58ca46@group-A36F55C25C0F-LeaderElection214] INFO  server.RaftServerConfigKeys (ConfUtils.java:logGet(44)) - raft.server.write.byte-limit = 1073741824 (custom)
2021-03-08 02:06:01,127 [92084499-c42d-4e9c-90ed-faecbf58ca46@group-A36F55C25C0F-LeaderElection214] INFO  server.RaftServerConfigKeys (ConfUtils.java:logGet(44)) - raft.server.watch.timeout = 3000ms (custom)
2021-03-08 02:06:01,127 [92084499-c42d-4e9c-90ed-faecbf58ca46@group-A36F55C25C0F-LeaderElection214] INFO  server.RaftServerConfigKeys (ConfUtils.java:logGet(44)) - raft.server.watch.timeout.denomination = 1s (default)
2021-03-08 02:06:01,127 [92084499-c42d-4e9c-90ed-faecbf58ca46@group-A36F55C25C0F-LeaderElection214] INFO  server.RaftServerConfigKeys (ConfUtils.java:logGet(44)) - raft.server.watch.element-limit = 65536 (default)
2021-03-08 02:06:01,127 [92084499-c42d-4e9c-90ed-faecbf58ca46@group-A36F55C25C0F-LeaderElection214] INFO  server.RaftServerConfigKeys (ConfUtils.java:logGet(44)) - raft.server.log.appender.snapshot.chunk.size.max = 16MB (=16777216) (default)
2021-03-08 02:06:01,127 [92084499-c42d-4e9c-90ed-faecbf58ca46@group-A36F55C25C0F-LeaderElection214] INFO  server.RaftServerConfigKeys (ConfUtils.java:logGet(44)) - raft.server.log.appender.buffer.byte-limit = 33554432 (custom)
2021-03-08 02:06:01,127 [92084499-c42d-4e9c-90ed-faecbf58ca46@group-A36F55C25C0F-LeaderElection214] INFO  server.RaftServerConfigKeys (ConfUtils.java:logGet(44)) - raft.server.log.appender.buffer.element-limit = 1 (custom)
2021-03-08 02:06:01,127 [92084499-c42d-4e9c-90ed-faecbf58ca46@group-A36F55C25C0F-LeaderElection214] INFO  grpc.GrpcConfigKeys (ConfUtils.java:logGet(44)) - raft.grpc.server.leader.outstanding.appends.max = 128 (default)
2021-03-08 02:06:01,127 [92084499-c42d-4e9c-90ed-faecbf58ca46@group-A36F55C25C0F-LeaderElection214] INFO  server.RaftServerConfigKeys (ConfUtils.java:logGet(44)) - raft.server.rpc.request.timeout = 3000ms (default)
2021-03-08 02:06:01,127 [92084499-c42d-4e9c-90ed-faecbf58ca46@group-A36F55C25C0F-LeaderElection214] INFO  server.RaftServerConfigKeys (ConfUtils.java:logGet(44)) - raft.server.log.appender.install.snapshot.enabled = false (custom)
2021-03-08 02:06:01,127 [92084499-c42d-4e9c-90ed-faecbf58ca46@group-A36F55C25C0F-LeaderElection214] INFO  metrics.RatisMetrics (RatisMetrics.java:lambda$create$0(36)) - Creating Metrics Registry : ratis_grpc.log_appender.92084499-c42d-4e9c-90ed-faecbf58ca46@group-A36F55C25C0F
2021-03-08 02:06:01,131 [92084499-c42d-4e9c-90ed-faecbf58ca46@group-A36F55C25C0F-LeaderElection214] INFO  server.RaftServerConfigKeys (ConfUtils.java:logGet(44)) - raft.server.log.appender.snapshot.chunk.size.max = 16MB (=16777216) (default)
2021-03-08 02:06:01,131 [92084499-c42d-4e9c-90ed-faecbf58ca46@group-A36F55C25C0F-LeaderElection214] INFO  server.RaftServerConfigKeys (ConfUtils.java:logGet(44)) - raft.server.log.appender.buffer.byte-limit = 33554432 (custom)
2021-03-08 02:06:01,131 [92084499-c42d-4e9c-90ed-faecbf58ca46@group-A36F55C25C0F-LeaderElection214] INFO  server.RaftServerConfigKeys (ConfUtils.java:logGet(44)) - raft.server.log.appender.buffer.element-limit = 1 (custom)
2021-03-08 02:06:01,131 [92084499-c42d-4e9c-90ed-faecbf58ca46@group-A36F55C25C0F-LeaderElection214] INFO  grpc.GrpcConfigKeys (ConfUtils.java:logGet(44)) - raft.grpc.server.leader.outstanding.appends.max = 128 (default)
2021-03-08 02:06:01,131 [92084499-c42d-4e9c-90ed-faecbf58ca46@group-A36F55C25C0F-LeaderElection214] INFO  server.RaftServerConfigKeys (ConfUtils.java:logGet(44)) - raft.server.rpc.request.timeout = 3000ms (default)
2021-03-08 02:06:01,132 [92084499-c42d-4e9c-90ed-faecbf58ca46@group-A36F55C25C0F-LeaderElection214] INFO  server.RaftServerConfigKeys (ConfUtils.java:logGet(44)) - raft.server.log.appender.install.snapshot.enabled = false (custom)
2021-03-08 02:06:01,134 [92084499-c42d-4e9c-90ed-faecbf58ca46@group-A36F55C25C0F-LeaderElection214] INFO  impl.RoleInfo (RoleInfo.java:updateAndGet(130)) - 92084499-c42d-4e9c-90ed-faecbf58ca46: start 92084499-c42d-4e9c-90ed-faecbf58ca46@group-A36F55C25C0F-LeaderStateImpl
2021-03-08 02:06:01,140 [92084499-c42d-4e9c-90ed-faecbf58ca46@group-A36F55C25C0F-LeaderElection214] INFO  segmented.SegmentedRaftLogWorker (SegmentedRaftLogWorker.java:rollLogSegment(397)) - 92084499-c42d-4e9c-90ed-faecbf58ca46@group-A36F55C25C0F-SegmentedRaftLogWorker: Rolling segment log-1_2 to index:2
2021-03-08 02:06:01,140 [92084499-c42d-4e9c-90ed-faecbf58ca46@group-A36F55C25C0F-SegmentedRaftLogWorker] INFO  segmented.SegmentedRaftLogWorker (SegmentedRaftLogWorker.java:execute(556)) - 92084499-c42d-4e9c-90ed-faecbf58ca46@group-A36F55C25C0F-SegmentedRaftLogWorker: Rolled log segment from /github/workspace/mnt/ozone/hadoop-ozone/integration-test/target/test-dir/MiniOzoneClusterImpl-ccaa8949-4e5a-4858-a1f5-413699190f1a/datanode-0/data/ratis/92402027-9cee-4719-af58-a36f55c25c0f/current/log_inprogress_1 to /github/workspace/mnt/ozone/hadoop-ozone/integration-test/target/test-dir/MiniOzoneClusterImpl-ccaa8949-4e5a-4858-a1f5-413699190f1a/datanode-0/data/ratis/92402027-9cee-4719-af58-a36f55c25c0f/current/log_1-2
2021-03-08 02:06:01,143 [92084499-c42d-4e9c-90ed-faecbf58ca46@group-A36F55C25C0F-SegmentedRaftLogWorker] INFO  segmented.SegmentedRaftLogWorker (SegmentedRaftLogWorker.java:execute(599)) - 92084499-c42d-4e9c-90ed-faecbf58ca46@group-A36F55C25C0F-SegmentedRaftLogWorker: created new log segment /github/workspace/mnt/ozone/hadoop-ozone/integration-test/target/test-dir/MiniOzoneClusterImpl-ccaa8949-4e5a-4858-a1f5-413699190f1a/datanode-0/data/ratis/92402027-9cee-4719-af58-a36f55c25c0f/current/log_inprogress_3
2021-03-08 02:06:01,158 [grpc-default-executor-8] WARN  server.GrpcLogAppender (LogUtils.java:warn(122)) - 92084499-c42d-4e9c-90ed-faecbf58ca46@group-A36F55C25C0F->6ba9ab1d-3af3-415d-b63e-d033c6891994-AppendLogResponseHandler: Failed appendEntries: org.apache.ratis.thirdparty.io.grpc.StatusRuntimeException: UNAVAILABLE: io exception
2021-03-08 02:06:01,161 [92084499-c42d-4e9c-90ed-faecbf58ca46@group-A36F55C25C0F-LeaderElection214] INFO  server.RaftServer$Division (ServerState.java:setRaftConf(373)) - 92084499-c42d-4e9c-90ed-faecbf58ca46@group-A36F55C25C0F: set configuration 3: [6ba9ab1d-3af3-415d-b63e-d033c6891994|rpc:172.17.0.2:33141|dataStream:|priority:1, bc98b27f-878f-4dad-a502-417d70977e4e|rpc:172.17.0.2:44359|dataStream:|priority:0, 92084499-c42d-4e9c-90ed-faecbf58ca46|rpc:172.17.0.2:44599|dataStream:|priority:0], old=null
2021-03-08 02:06:01,171 [grpc-default-executor-8] WARN  server.GrpcLogAppender (GrpcLogAppender.java:resetClient(111)) - 92084499-c42d-4e9c-90ed-faecbf58ca46@group-A36F55C25C0F->6ba9ab1d-3af3-415d-b63e-d033c6891994-GrpcLogAppender: Leader has not got in touch with Follower 92084499-c42d-4e9c-90ed-faecbf58ca46@group-A36F55C25C0F->6ba9ab1d-3af3-415d-b63e-d033c6891994(c-1,m0,n4, attendVote=true, lastRpcSendTime=12, lastRpcResponseTime=5244) yet, just keep nextIndex unchanged and retry.
2021-03-08 02:06:01,174 [grpc-default-executor-9] INFO  ratis.XceiverServerRatis (XceiverServerRatis.java:handleLeaderChangedNotification(899)) - Leader change notification received for group: group-A36F55C25C0F with new leaderId: 92084499-c42d-4e9c-90ed-faecbf58ca46
2021-03-08 02:06:01,174 [grpc-default-executor-9] INFO  server.RaftServer$Division (ServerState.java:setLeader(271)) - bc98b27f-878f-4dad-a502-417d70977e4e@group-A36F55C25C0F: change Leader from null to 92084499-c42d-4e9c-90ed-faecbf58ca46 at term 9 for appendEntries, leader elected after 58ms
2021-03-08 02:06:01,181 [grpc-default-executor-9] INFO  server.RaftServer$Division (ServerState.java:setRaftConf(373)) - bc98b27f-878f-4dad-a502-417d70977e4e@group-A36F55C25C0F: set configuration 3: [6ba9ab1d-3af3-415d-b63e-d033c6891994|rpc:172.17.0.2:33141|dataStream:|priority:1, bc98b27f-878f-4dad-a502-417d70977e4e|rpc:172.17.0.2:44359|dataStream:|priority:0, 92084499-c42d-4e9c-90ed-faecbf58ca46|rpc:172.17.0.2:44599|dataStream:|priority:0], old=null
2021-03-08 02:06:01,181 [grpc-default-executor-9] INFO  segmented.SegmentedRaftLogWorker (SegmentedRaftLogWorker.java:rollLogSegment(397)) - bc98b27f-878f-4dad-a502-417d70977e4e@group-A36F55C25C0F-SegmentedRaftLogWorker: Rolling segment log-1_2 to index:2
2021-03-08 02:06:01,181 [bc98b27f-878f-4dad-a502-417d70977e4e@group-A36F55C25C0F-SegmentedRaftLogWorker] INFO  segmented.SegmentedRaftLogWorker (SegmentedRaftLogWorker.java:execute(556)) - bc98b27f-878f-4dad-a502-417d70977e4e@group-A36F55C25C0F-SegmentedRaftLogWorker: Rolled log segment from /github/workspace/mnt/ozone/hadoop-ozone/integration-test/target/test-dir/MiniOzoneClusterImpl-ccaa8949-4e5a-4858-a1f5-413699190f1a/datanode-2/data/ratis/92402027-9cee-4719-af58-a36f55c25c0f/current/log_inprogress_1 to /github/workspace/mnt/ozone/hadoop-ozone/integration-test/target/test-dir/MiniOzoneClusterImpl-ccaa8949-4e5a-4858-a1f5-413699190f1a/datanode-2/data/ratis/92402027-9cee-4719-af58-a36f55c25c0f/current/log_1-2
2021-03-08 02:06:01,184 [bc98b27f-878f-4dad-a502-417d70977e4e@group-A36F55C25C0F-SegmentedRaftLogWorker] INFO  segmented.SegmentedRaftLogWorker (SegmentedRaftLogWorker.java:execute(599)) - bc98b27f-878f-4dad-a502-417d70977e4e@group-A36F55C25C0F-SegmentedRaftLogWorker: created new log segment /github/workspace/mnt/ozone/hadoop-ozone/integration-test/target/test-dir/MiniOzoneClusterImpl-ccaa8949-4e5a-4858-a1f5-413699190f1a/datanode-2/data/ratis/92402027-9cee-4719-af58-a36f55c25c0f/current/log_inprogress_3
2021-03-08 02:06:01,233 [grpc-default-executor-9] WARN  server.GrpcLogAppender (LogUtils.java:warn(122)) - 2e2b7c4f-1fa0-4360-84eb-5aea739d5e5f@group-95D3DD7D5F09->8be81fb1-89d0-4709-8656-3472d71d638b-AppendLogResponseHandler: Failed appendEntries: org.apache.ratis.thirdparty.io.grpc.StatusRuntimeException: UNAVAILABLE: io exception
2021-03-08 02:06:01,241 [grpc-default-executor-8] WARN  server.GrpcLogAppender (LogUtils.java:warn(122)) - 92084499-c42d-4e9c-90ed-faecbf58ca46@group-A36F55C25C0F->6ba9ab1d-3af3-415d-b63e-d033c6891994-AppendLogResponseHandler: Failed appendEntries: org.apache.ratis.thirdparty.io.grpc.StatusRuntimeException: UNAVAILABLE: io exception
2021-03-08 02:06:01,242 [grpc-default-executor-9] WARN  server.GrpcLogAppender (GrpcLogAppender.java:resetClient(111)) - 2e2b7c4f-1fa0-4360-84eb-5aea739d5e5f@group-95D3DD7D5F09->8be81fb1-89d0-4709-8656-3472d71d638b-GrpcLogAppender: Leader has not got in touch with Follower 2e2b7c4f-1fa0-4360-84eb-5aea739d5e5f@group-95D3DD7D5F09->8be81fb1-89d0-4709-8656-3472d71d638b(c0,m0,n1, attendVote=true, lastRpcSendTime=9, lastRpcResponseTime=5022) yet, just keep nextIndex unchanged and retry.
2021-03-08 02:06:01,245 [grpc-default-executor-8] WARN  server.GrpcLogAppender (GrpcLogAppender.java:resetClient(111)) - 92084499-c42d-4e9c-90ed-faecbf58ca46@group-A36F55C25C0F->6ba9ab1d-3af3-415d-b63e-d033c6891994-GrpcLogAppender: Leader has not got in touch with Follower 92084499-c42d-4e9c-90ed-faecbf58ca46@group-A36F55C25C0F->6ba9ab1d-3af3-415d-b63e-d033c6891994(c-1,m0,n5, attendVote=true, lastRpcSendTime=3, lastRpcResponseTime=5318) yet, just keep nextIndex unchanged and retry.
2021-03-08 02:06:01,705 [Thread-4436] INFO  impl.FollowerState (FollowerState.java:run(133)) - 2e2b7c4f-1fa0-4360-84eb-5aea739d5e5f@group-7928B19B14F4-FollowerState: change to CANDIDATE, lastRpcElapsedTime:5637805458ns, electionTimeout:5123ms
2021-03-08 02:06:01,705 [Thread-4436] INFO  impl.RoleInfo (RoleInfo.java:shutdownFollowerState(108)) - 2e2b7c4f-1fa0-4360-84eb-5aea739d5e5f: shutdown 2e2b7c4f-1fa0-4360-84eb-5aea739d5e5f@group-7928B19B14F4-FollowerState
2021-03-08 02:06:01,705 [Thread-4436] INFO  server.RaftServer$Division (RaftServerImpl.java:setRole(284)) - 2e2b7c4f-1fa0-4360-84eb-5aea739d5e5f@group-7928B19B14F4: changes role from  FOLLOWER to CANDIDATE at term 2 for changeToCandidate
2021-03-08 02:06:01,705 [Thread-4436] INFO  server.RaftServerConfigKeys (ConfUtils.java:logGet(44)) - raft.server.leaderelection.pre-vote = false (custom)
2021-03-08 02:06:01,705 [Thread-4436] INFO  impl.RoleInfo (RoleInfo.java:updateAndGet(130)) - 2e2b7c4f-1fa0-4360-84eb-5aea739d5e5f: start 2e2b7c4f-1fa0-4360-84eb-5aea739d5e5f@group-7928B19B14F4-LeaderElection216
2021-03-08 02:06:01,715 [2e2b7c4f-1fa0-4360-84eb-5aea739d5e5f@group-7928B19B14F4-LeaderElection216] INFO  server.RaftServer$Division (ServerState.java:setLeader(271)) - 2e2b7c4f-1fa0-4360-84eb-5aea739d5e5f@group-7928B19B14F4: change Leader from 8be81fb1-89d0-4709-8656-3472d71d638b to null at term 2 for ELECTION
2021-03-08 02:06:01,717 [2e2b7c4f-1fa0-4360-84eb-5aea739d5e5f@group-7928B19B14F4-LeaderElection216] INFO  impl.LeaderElection (LeaderElection.java:askForVotes(307)) - 2e2b7c4f-1fa0-4360-84eb-5aea739d5e5f@group-7928B19B14F4-LeaderElection216 ELECTION round 0: submit vote requests at term 3 for 0: [c7780af0-0f31-4130-b62a-7061a7bbaf6d|rpc:172.17.0.2:40671|dataStream:|priority:0, 2e2b7c4f-1fa0-4360-84eb-5aea739d5e5f|rpc:172.17.0.2:45357|dataStream:|priority:0, 8be81fb1-89d0-4709-8656-3472d71d638b|rpc:172.17.0.2:44187|dataStream:|priority:1], old=null
2021-03-08 02:06:01,730 [grpc-default-executor-8] INFO  server.RaftServer$Division (RaftServerImpl.java:requestVote(1025)) - c7780af0-0f31-4130-b62a-7061a7bbaf6d@group-7928B19B14F4: receive requestVote(ELECTION, 2e2b7c4f-1fa0-4360-84eb-5aea739d5e5f, group-7928B19B14F4, 3, (t:2, i:0))
2021-03-08 02:06:01,730 [grpc-default-executor-8] INFO  impl.VoteContext (VoteContext.java:log(48)) - c7780af0-0f31-4130-b62a-7061a7bbaf6d@group-7928B19B14F4-FOLLOWER: accept ELECTION from 2e2b7c4f-1fa0-4360-84eb-5aea739d5e5f: our priority 0 <= candidate's priority 0
2021-03-08 02:06:01,730 [grpc-default-executor-8] INFO  server.RaftServer$Division (ServerState.java:setLeader(271)) - c7780af0-0f31-4130-b62a-7061a7bbaf6d@group-7928B19B14F4: change Leader from 8be81fb1-89d0-4709-8656-3472d71d638b to null at term 3 for updateCurrentTerm
2021-03-08 02:06:01,730 [grpc-default-executor-8] INFO  server.RaftServer$Division (RaftServerImpl.java:setRole(284)) - c7780af0-0f31-4130-b62a-7061a7bbaf6d@group-7928B19B14F4: changes role from  FOLLOWER to FOLLOWER at term 3 for candidate:2e2b7c4f-1fa0-4360-84eb-5aea739d5e5f
2021-03-08 02:06:01,730 [grpc-default-executor-8] INFO  impl.RoleInfo (RoleInfo.java:shutdownFollowerState(108)) - c7780af0-0f31-4130-b62a-7061a7bbaf6d: shutdown c7780af0-0f31-4130-b62a-7061a7bbaf6d@group-7928B19B14F4-FollowerState
2021-03-08 02:06:01,746 [grpc-default-executor-8] INFO  impl.RoleInfo (RoleInfo.java:updateAndGet(130)) - c7780af0-0f31-4130-b62a-7061a7bbaf6d: start c7780af0-0f31-4130-b62a-7061a7bbaf6d@group-7928B19B14F4-FollowerState
2021-03-08 02:06:01,747 [Thread-4435] INFO  impl.FollowerState (FollowerState.java:run(142)) - c7780af0-0f31-4130-b62a-7061a7bbaf6d@group-7928B19B14F4-FollowerState was interrupted: {}
java.lang.InterruptedException: sleep interrupted
	at java.lang.Thread.sleep(Native Method)
	at java.lang.Thread.sleep(Thread.java:340)
	at java.util.concurrent.TimeUnit.sleep(TimeUnit.java:386)
	at org.apache.ratis.util.TimeDuration.sleep(TimeDuration.java:324)
	at org.apache.ratis.util.TimeDuration.sleep(TimeDuration.java:309)
	at org.apache.ratis.server.impl.FollowerState.run(FollowerState.java:117)
2021-03-08 02:06:01,749 [grpc-default-executor-8] INFO  server.RaftServer$Division (RaftServerImpl.java:requestVote(1057)) - c7780af0-0f31-4130-b62a-7061a7bbaf6d@group-7928B19B14F4 replies to ELECTION vote request: 2e2b7c4f-1fa0-4360-84eb-5aea739d5e5f<-c7780af0-0f31-4130-b62a-7061a7bbaf6d#0:OK-t3. Peer's state: c7780af0-0f31-4130-b62a-7061a7bbaf6d@group-7928B19B14F4:t3, leader=null, voted=2e2b7c4f-1fa0-4360-84eb-5aea739d5e5f, raftlog=c7780af0-0f31-4130-b62a-7061a7bbaf6d@group-7928B19B14F4-SegmentedRaftLog:OPENED:c0,f0,i0, conf=0: [c7780af0-0f31-4130-b62a-7061a7bbaf6d|rpc:172.17.0.2:40671|dataStream:|priority:0, 2e2b7c4f-1fa0-4360-84eb-5aea739d5e5f|rpc:172.17.0.2:45357|dataStream:|priority:0, 8be81fb1-89d0-4709-8656-3472d71d638b|rpc:172.17.0.2:44187|dataStream:|priority:1], old=null
2021-03-08 02:06:01,757 [2e2b7c4f-1fa0-4360-84eb-5aea739d5e5f@group-7928B19B14F4-LeaderElection216] INFO  impl.LeaderElection (LogUtils.java:infoOrTrace(137)) - 2e2b7c4f-1fa0-4360-84eb-5aea739d5e5f@group-7928B19B14F4-LeaderElection216 got exception when requesting votes: java.util.concurrent.ExecutionException: org.apache.ratis.thirdparty.io.grpc.StatusRuntimeException: UNAVAILABLE: io exception
2021-03-08 02:06:01,757 [2e2b7c4f-1fa0-4360-84eb-5aea739d5e5f@group-7928B19B14F4-LeaderElection216] INFO  impl.LeaderElection (LeaderElection.java:logAndReturn(89)) - 2e2b7c4f-1fa0-4360-84eb-5aea739d5e5f@group-7928B19B14F4-LeaderElection216: ELECTION PASSED received 1 response(s) and 1 exception(s):
2021-03-08 02:06:01,757 [2e2b7c4f-1fa0-4360-84eb-5aea739d5e5f@group-7928B19B14F4-LeaderElection216] INFO  impl.LeaderElection (LeaderElection.java:logAndReturn(93)) -   Response 0: 2e2b7c4f-1fa0-4360-84eb-5aea739d5e5f<-c7780af0-0f31-4130-b62a-7061a7bbaf6d#0:OK-t3
2021-03-08 02:06:01,757 [2e2b7c4f-1fa0-4360-84eb-5aea739d5e5f@group-7928B19B14F4-LeaderElection216] INFO  impl.LeaderElection (LogUtils.java:infoOrTrace(137)) -   Exception 1: java.util.concurrent.ExecutionException: org.apache.ratis.thirdparty.io.grpc.StatusRuntimeException: UNAVAILABLE: io exception
2021-03-08 02:06:01,757 [2e2b7c4f-1fa0-4360-84eb-5aea739d5e5f@group-7928B19B14F4-LeaderElection216] INFO  impl.LeaderElection (LeaderElection.java:askForVotes(309)) - 2e2b7c4f-1fa0-4360-84eb-5aea739d5e5f@group-7928B19B14F4-LeaderElection216 ELECTION round 0: result PASSED
2021-03-08 02:06:01,757 [2e2b7c4f-1fa0-4360-84eb-5aea739d5e5f@group-7928B19B14F4-LeaderElection216] INFO  impl.RoleInfo (RoleInfo.java:shutdownLeaderElection(121)) - 2e2b7c4f-1fa0-4360-84eb-5aea739d5e5f: shutdown 2e2b7c4f-1fa0-4360-84eb-5aea739d5e5f@group-7928B19B14F4-LeaderElection216
2021-03-08 02:06:01,757 [2e2b7c4f-1fa0-4360-84eb-5aea739d5e5f@group-7928B19B14F4-LeaderElection216] INFO  server.RaftServer$Division (RaftServerImpl.java:setRole(284)) - 2e2b7c4f-1fa0-4360-84eb-5aea739d5e5f@group-7928B19B14F4: changes role from CANDIDATE to LEADER at term 3 for changeToLeader
2021-03-08 02:06:01,757 [2e2b7c4f-1fa0-4360-84eb-5aea739d5e5f@group-7928B19B14F4-LeaderElection216] INFO  ratis.XceiverServerRatis (XceiverServerRatis.java:handleLeaderChangedNotification(899)) - Leader change notification received for group: group-7928B19B14F4 with new leaderId: 2e2b7c4f-1fa0-4360-84eb-5aea739d5e5f
2021-03-08 02:06:01,757 [2e2b7c4f-1fa0-4360-84eb-5aea739d5e5f@group-7928B19B14F4-LeaderElection216] INFO  server.RaftServer$Division (ServerState.java:setLeader(271)) - 2e2b7c4f-1fa0-4360-84eb-5aea739d5e5f@group-7928B19B14F4: change Leader from null to 2e2b7c4f-1fa0-4360-84eb-5aea739d5e5f at term 3 for becomeLeader, leader elected after 42ms
2021-03-08 02:06:01,757 [2e2b7c4f-1fa0-4360-84eb-5aea739d5e5f@group-7928B19B14F4-LeaderElection216] INFO  server.RaftServerConfigKeys (ConfUtils.java:logGet(44)) - raft.server.staging.catchup.gap = 1000 (default)
2021-03-08 02:06:01,757 [2e2b7c4f-1fa0-4360-84eb-5aea739d5e5f@group-7928B19B14F4-LeaderElection216] INFO  metrics.RatisMetrics (RatisMetrics.java:lambda$create$0(36)) - Creating Metrics Registry : ratis.log_appender.2e2b7c4f-1fa0-4360-84eb-5aea739d5e5f@group-7928B19B14F4
2021-03-08 02:06:01,758 [2e2b7c4f-1fa0-4360-84eb-5aea739d5e5f@group-7928B19B14F4-LeaderElection216] INFO  server.RaftServerConfigKeys (ConfUtils.java:logGet(44)) - raft.server.write.element-limit = 1024 (custom)
2021-03-08 02:06:01,758 [2e2b7c4f-1fa0-4360-84eb-5aea739d5e5f@group-7928B19B14F4-LeaderElection216] INFO  server.RaftServerConfigKeys (ConfUtils.java:logGet(44)) - raft.server.write.byte-limit = 1073741824 (custom)
2021-03-08 02:06:01,758 [2e2b7c4f-1fa0-4360-84eb-5aea739d5e5f@group-7928B19B14F4-LeaderElection216] INFO  server.RaftServerConfigKeys (ConfUtils.java:logGet(44)) - raft.server.watch.timeout = 3000ms (custom)
2021-03-08 02:06:01,758 [2e2b7c4f-1fa0-4360-84eb-5aea739d5e5f@group-7928B19B14F4-LeaderElection216] INFO  server.RaftServerConfigKeys (ConfUtils.java:logGet(44)) - raft.server.watch.timeout.denomination = 1s (default)
2021-03-08 02:06:01,758 [2e2b7c4f-1fa0-4360-84eb-5aea739d5e5f@group-7928B19B14F4-LeaderElection216] INFO  server.RaftServerConfigKeys (ConfUtils.java:logGet(44)) - raft.server.watch.element-limit = 65536 (default)
2021-03-08 02:06:01,759 [2e2b7c4f-1fa0-4360-84eb-5aea739d5e5f@group-7928B19B14F4-LeaderElection216] INFO  server.RaftServerConfigKeys (ConfUtils.java:logGet(44)) - raft.server.log.appender.snapshot.chunk.size.max = 16MB (=16777216) (default)
2021-03-08 02:06:01,759 [2e2b7c4f-1fa0-4360-84eb-5aea739d5e5f@group-7928B19B14F4-LeaderElection216] INFO  server.RaftServerConfigKeys (ConfUtils.java:logGet(44)) - raft.server.log.appender.buffer.byte-limit = 33554432 (custom)
2021-03-08 02:06:01,759 [2e2b7c4f-1fa0-4360-84eb-5aea739d5e5f@group-7928B19B14F4-LeaderElection216] INFO  server.RaftServerConfigKeys (ConfUtils.java:logGet(44)) - raft.server.log.appender.buffer.element-limit = 1 (custom)
2021-03-08 02:06:01,759 [2e2b7c4f-1fa0-4360-84eb-5aea739d5e5f@group-7928B19B14F4-LeaderElection216] INFO  grpc.GrpcConfigKeys (ConfUtils.java:logGet(44)) - raft.grpc.server.leader.outstanding.appends.max = 128 (default)
2021-03-08 02:06:01,759 [2e2b7c4f-1fa0-4360-84eb-5aea739d5e5f@group-7928B19B14F4-LeaderElection216] INFO  server.RaftServerConfigKeys (ConfUtils.java:logGet(44)) - raft.server.rpc.request.timeout = 3000ms (default)
2021-03-08 02:06:01,759 [2e2b7c4f-1fa0-4360-84eb-5aea739d5e5f@group-7928B19B14F4-LeaderElection216] INFO  server.RaftServerConfigKeys (ConfUtils.java:logGet(44)) - raft.server.log.appender.install.snapshot.enabled = false (custom)
2021-03-08 02:06:01,759 [2e2b7c4f-1fa0-4360-84eb-5aea739d5e5f@group-7928B19B14F4-LeaderElection216] INFO  metrics.RatisMetrics (RatisMetrics.java:lambda$create$0(36)) - Creating Metrics Registry : ratis_grpc.log_appender.2e2b7c4f-1fa0-4360-84eb-5aea739d5e5f@group-7928B19B14F4
2021-03-08 02:06:01,762 [2e2b7c4f-1fa0-4360-84eb-5aea739d5e5f@group-7928B19B14F4-LeaderElection216] INFO  server.RaftServerConfigKeys (ConfUtils.java:logGet(44)) - raft.server.log.appender.snapshot.chunk.size.max = 16MB (=16777216) (default)
2021-03-08 02:06:01,762 [2e2b7c4f-1fa0-4360-84eb-5aea739d5e5f@group-7928B19B14F4-LeaderElection216] INFO  server.RaftServerConfigKeys (ConfUtils.java:logGet(44)) - raft.server.log.appender.buffer.byte-limit = 33554432 (custom)
2021-03-08 02:06:01,762 [2e2b7c4f-1fa0-4360-84eb-5aea739d5e5f@group-7928B19B14F4-LeaderElection216] INFO  server.RaftServerConfigKeys (ConfUtils.java:logGet(44)) - raft.server.log.appender.buffer.element-limit = 1 (custom)
2021-03-08 02:06:01,762 [2e2b7c4f-1fa0-4360-84eb-5aea739d5e5f@group-7928B19B14F4-LeaderElection216] INFO  grpc.GrpcConfigKeys (ConfUtils.java:logGet(44)) - raft.grpc.server.leader.outstanding.appends.max = 128 (default)
2021-03-08 02:06:01,762 [2e2b7c4f-1fa0-4360-84eb-5aea739d5e5f@group-7928B19B14F4-LeaderElection216] INFO  server.RaftServerConfigKeys (ConfUtils.java:logGet(44)) - raft.server.rpc.request.timeout = 3000ms (default)
2021-03-08 02:06:01,762 [2e2b7c4f-1fa0-4360-84eb-5aea739d5e5f@group-7928B19B14F4-LeaderElection216] INFO  server.RaftServerConfigKeys (ConfUtils.java:logGet(44)) - raft.server.log.appender.install.snapshot.enabled = false (custom)
2021-03-08 02:06:01,770 [2e2b7c4f-1fa0-4360-84eb-5aea739d5e5f@group-7928B19B14F4-LeaderElection216] INFO  impl.RoleInfo (RoleInfo.java:updateAndGet(130)) - 2e2b7c4f-1fa0-4360-84eb-5aea739d5e5f: start 2e2b7c4f-1fa0-4360-84eb-5aea739d5e5f@group-7928B19B14F4-LeaderStateImpl
2021-03-08 02:06:01,770 [2e2b7c4f-1fa0-4360-84eb-5aea739d5e5f@group-7928B19B14F4-LeaderElection216] INFO  segmented.SegmentedRaftLogWorker (SegmentedRaftLogWorker.java:rollLogSegment(397)) - 2e2b7c4f-1fa0-4360-84eb-5aea739d5e5f@group-7928B19B14F4-SegmentedRaftLogWorker: Rolling segment log-0_0 to index:0
2021-03-08 02:06:01,771 [2e2b7c4f-1fa0-4360-84eb-5aea739d5e5f@group-7928B19B14F4-SegmentedRaftLogWorker] INFO  segmented.SegmentedRaftLogWorker (SegmentedRaftLogWorker.java:execute(556)) - 2e2b7c4f-1fa0-4360-84eb-5aea739d5e5f@group-7928B19B14F4-SegmentedRaftLogWorker: Rolled log segment from /github/workspace/mnt/ozone/hadoop-ozone/integration-test/target/test-dir/MiniOzoneClusterImpl-ccaa8949-4e5a-4858-a1f5-413699190f1a/datanode-3/data/ratis/54dfee42-7205-45d5-ac51-7928b19b14f4/current/log_inprogress_0 to /github/workspace/mnt/ozone/hadoop-ozone/integration-test/target/test-dir/MiniOzoneClusterImpl-ccaa8949-4e5a-4858-a1f5-413699190f1a/datanode-3/data/ratis/54dfee42-7205-45d5-ac51-7928b19b14f4/current/log_0-0
2021-03-08 02:06:01,773 [2e2b7c4f-1fa0-4360-84eb-5aea739d5e5f@group-7928B19B14F4-SegmentedRaftLogWorker] INFO  segmented.SegmentedRaftLogWorker (SegmentedRaftLogWorker.java:execute(599)) - 2e2b7c4f-1fa0-4360-84eb-5aea739d5e5f@group-7928B19B14F4-SegmentedRaftLogWorker: created new log segment /github/workspace/mnt/ozone/hadoop-ozone/integration-test/target/test-dir/MiniOzoneClusterImpl-ccaa8949-4e5a-4858-a1f5-413699190f1a/datanode-3/data/ratis/54dfee42-7205-45d5-ac51-7928b19b14f4/current/log_inprogress_1
2021-03-08 02:06:01,782 [2e2b7c4f-1fa0-4360-84eb-5aea739d5e5f@group-7928B19B14F4-LeaderElection216] INFO  server.RaftServer$Division (ServerState.java:setRaftConf(373)) - 2e2b7c4f-1fa0-4360-84eb-5aea739d5e5f@group-7928B19B14F4: set configuration 1: [c7780af0-0f31-4130-b62a-7061a7bbaf6d|rpc:172.17.0.2:40671|dataStream:|priority:0, 2e2b7c4f-1fa0-4360-84eb-5aea739d5e5f|rpc:172.17.0.2:45357|dataStream:|priority:0, 8be81fb1-89d0-4709-8656-3472d71d638b|rpc:172.17.0.2:44187|dataStream:|priority:1], old=null
2021-03-08 02:06:01,782 [grpc-default-executor-9] INFO  ratis.XceiverServerRatis (XceiverServerRatis.java:handleLeaderChangedNotification(899)) - Leader change notification received for group: group-7928B19B14F4 with new leaderId: 2e2b7c4f-1fa0-4360-84eb-5aea739d5e5f
2021-03-08 02:06:01,787 [grpc-default-executor-9] INFO  server.RaftServer$Division (ServerState.java:setLeader(271)) - c7780af0-0f31-4130-b62a-7061a7bbaf6d@group-7928B19B14F4: change Leader from null to 2e2b7c4f-1fa0-4360-84eb-5aea739d5e5f at term 3 for appendEntries, leader elected after 52ms
2021-03-08 02:06:01,788 [grpc-default-executor-9] INFO  server.RaftServer$Division (ServerState.java:setRaftConf(373)) - c7780af0-0f31-4130-b62a-7061a7bbaf6d@group-7928B19B14F4: set configuration 1: [c7780af0-0f31-4130-b62a-7061a7bbaf6d|rpc:172.17.0.2:40671|dataStream:|priority:0, 2e2b7c4f-1fa0-4360-84eb-5aea739d5e5f|rpc:172.17.0.2:45357|dataStream:|priority:0, 8be81fb1-89d0-4709-8656-3472d71d638b|rpc:172.17.0.2:44187|dataStream:|priority:1], old=null
2021-03-08 02:06:01,789 [grpc-default-executor-9] INFO  segmented.SegmentedRaftLogWorker (SegmentedRaftLogWorker.java:rollLogSegment(397)) - c7780af0-0f31-4130-b62a-7061a7bbaf6d@group-7928B19B14F4-SegmentedRaftLogWorker: Rolling segment log-0_0 to index:0
2021-03-08 02:06:01,789 [c7780af0-0f31-4130-b62a-7061a7bbaf6d@group-7928B19B14F4-SegmentedRaftLogWorker] INFO  segmented.SegmentedRaftLogWorker (SegmentedRaftLogWorker.java:execute(556)) - c7780af0-0f31-4130-b62a-7061a7bbaf6d@group-7928B19B14F4-SegmentedRaftLogWorker: Rolled log segment from /github/workspace/mnt/ozone/hadoop-ozone/integration-test/target/test-dir/MiniOzoneClusterImpl-ccaa8949-4e5a-4858-a1f5-413699190f1a/datanode-5/data/ratis/54dfee42-7205-45d5-ac51-7928b19b14f4/current/log_inprogress_0 to /github/workspace/mnt/ozone/hadoop-ozone/integration-test/target/test-dir/MiniOzoneClusterImpl-ccaa8949-4e5a-4858-a1f5-413699190f1a/datanode-5/data/ratis/54dfee42-7205-45d5-ac51-7928b19b14f4/current/log_0-0
2021-03-08 02:06:01,791 [c7780af0-0f31-4130-b62a-7061a7bbaf6d@group-7928B19B14F4-SegmentedRaftLogWorker] INFO  segmented.SegmentedRaftLogWorker (SegmentedRaftLogWorker.java:execute(599)) - c7780af0-0f31-4130-b62a-7061a7bbaf6d@group-7928B19B14F4-SegmentedRaftLogWorker: created new log segment /github/workspace/mnt/ozone/hadoop-ozone/integration-test/target/test-dir/MiniOzoneClusterImpl-ccaa8949-4e5a-4858-a1f5-413699190f1a/datanode-5/data/ratis/54dfee42-7205-45d5-ac51-7928b19b14f4/current/log_inprogress_1
2021-03-08 02:06:01,800 [grpc-default-executor-9] WARN  server.GrpcLogAppender (LogUtils.java:warn(122)) - 2e2b7c4f-1fa0-4360-84eb-5aea739d5e5f@group-7928B19B14F4->8be81fb1-89d0-4709-8656-3472d71d638b-AppendLogResponseHandler: Failed appendEntries: org.apache.ratis.thirdparty.io.grpc.StatusRuntimeException: UNAVAILABLE: io exception
2021-03-08 02:06:01,801 [grpc-default-executor-9] WARN  server.GrpcLogAppender (GrpcLogAppender.java:resetClient(111)) - 2e2b7c4f-1fa0-4360-84eb-5aea739d5e5f@group-7928B19B14F4->8be81fb1-89d0-4709-8656-3472d71d638b-GrpcLogAppender: Leader has not got in touch with Follower 2e2b7c4f-1fa0-4360-84eb-5aea739d5e5f@group-7928B19B14F4->8be81fb1-89d0-4709-8656-3472d71d638b(c-1,m0,n2, attendVote=true, lastRpcSendTime=0, lastRpcResponseTime=5242) yet, just keep nextIndex unchanged and retry.
2021-03-08 02:06:01,812 [grpc-default-executor-8] WARN  server.GrpcLogAppender (LogUtils.java:warn(122)) - 2e2b7c4f-1fa0-4360-84eb-5aea739d5e5f@group-7928B19B14F4->8be81fb1-89d0-4709-8656-3472d71d638b-AppendLogResponseHandler: Failed appendEntries: org.apache.ratis.thirdparty.io.grpc.StatusRuntimeException: UNAVAILABLE: io exception
2021-03-08 02:06:01,812 [grpc-default-executor-8] WARN  server.GrpcLogAppender (GrpcLogAppender.java:resetClient(111)) - 2e2b7c4f-1fa0-4360-84eb-5aea739d5e5f@group-7928B19B14F4->8be81fb1-89d0-4709-8656-3472d71d638b-GrpcLogAppender: Leader has not got in touch with Follower 2e2b7c4f-1fa0-4360-84eb-5aea739d5e5f@group-7928B19B14F4->8be81fb1-89d0-4709-8656-3472d71d638b(c-1,m0,n3, attendVote=true, lastRpcSendTime=0, lastRpcResponseTime=5253) yet, just keep nextIndex unchanged and retry.
2021-03-08 02:06:01,824 [grpc-default-executor-8] WARN  server.GrpcLogAppender (LogUtils.java:warn(122)) - c7780af0-0f31-4130-b62a-7061a7bbaf6d@group-73197B762FF1->8be81fb1-89d0-4709-8656-3472d71d638b-AppendLogResponseHandler: Failed appendEntries: org.apache.ratis.thirdparty.io.grpc.StatusRuntimeException: UNAVAILABLE: io exception
2021-03-08 02:06:01,824 [grpc-default-executor-8] WARN  server.GrpcLogAppender (GrpcLogAppender.java:resetClient(111)) - c7780af0-0f31-4130-b62a-7061a7bbaf6d@group-73197B762FF1->8be81fb1-89d0-4709-8656-3472d71d638b-GrpcLogAppender: Leader has not got in touch with Follower c7780af0-0f31-4130-b62a-7061a7bbaf6d@group-73197B762FF1->8be81fb1-89d0-4709-8656-3472d71d638b(c0,m0,n1, attendVote=true, lastRpcSendTime=2, lastRpcResponseTime=5022) yet, just keep nextIndex unchanged and retry.
2021-03-08 02:06:02,096 [EventQueue-StaleNodeForStaleNodeHandler] INFO  node.StaleNodeHandler (StaleNodeHandler.java:onMessage(58)) - Datanode 8be81fb1-89d0-4709-8656-3472d71d638b{ip: 172.17.0.2, host: 55665278a03a, ports: [REPLICATION=43543, RATIS=44187, RATIS_ADMIN=44187, RATIS_SERVER=44187, STANDALONE=44151], networkLocation: /default-rack, certSerialId: null, persistedOpState: IN_SERVICE, persistedOpStateExpiryEpochSec: 0} moved to stale state. Finalizing its pipelines [PipelineID=b6143ebd-b803-4b83-aecd-95d3dd7d5f09, PipelineID=ce129b5b-3a42-49cf-879a-559853b99b2a, PipelineID=54dfee42-7205-45d5-ac51-7928b19b14f4, PipelineID=08a3fe71-0329-4143-ad3d-73197b762ff1]
2021-03-08 02:06:02,096 [EventQueue-StaleNodeForStaleNodeHandler] INFO  pipeline.SCMPipelineManager (SCMPipelineManager.java:finalizeAndDestroyPipeline(483)) - Destroying pipeline:Pipeline[ Id: b6143ebd-b803-4b83-aecd-95d3dd7d5f09, Nodes: 2e2b7c4f-1fa0-4360-84eb-5aea739d5e5f{ip: 172.17.0.2, host: 55665278a03a, ports: [REPLICATION=42473, RATIS=45357, RATIS_ADMIN=45357, RATIS_SERVER=45357, STANDALONE=44021], networkLocation: /default-rack, certSerialId: null, persistedOpState: IN_SERVICE, persistedOpStateExpiryEpochSec: 0}c7780af0-0f31-4130-b62a-7061a7bbaf6d{ip: 172.17.0.2, host: 55665278a03a, ports: [REPLICATION=39443, RATIS=40671, RATIS_ADMIN=40671, RATIS_SERVER=40671, STANDALONE=35715], networkLocation: /default-rack, certSerialId: null, persistedOpState: IN_SERVICE, persistedOpStateExpiryEpochSec: 0}8be81fb1-89d0-4709-8656-3472d71d638b{ip: 172.17.0.2, host: 55665278a03a, ports: [REPLICATION=43543, RATIS=44187, RATIS_ADMIN=44187, RATIS_SERVER=44187, STANDALONE=44151], networkLocation: /default-rack, certSerialId: null, persistedOpState: IN_SERVICE, persistedOpStateExpiryEpochSec: 0}, Type:RATIS, Factor:THREE, State:OPEN, leaderId:2e2b7c4f-1fa0-4360-84eb-5aea739d5e5f, CreationTimestamp2021-03-08T02:05:13.334Z]
2021-03-08 02:06:02,096 [EventQueue-StaleNodeForStaleNodeHandler] INFO  pipeline.PipelineStateManager (PipelineStateManager.java:finalizePipeline(121)) - Pipeline Pipeline[ Id: b6143ebd-b803-4b83-aecd-95d3dd7d5f09, Nodes: 2e2b7c4f-1fa0-4360-84eb-5aea739d5e5f{ip: 172.17.0.2, host: 55665278a03a, ports: [REPLICATION=42473, RATIS=45357, RATIS_ADMIN=45357, RATIS_SERVER=45357, STANDALONE=44021], networkLocation: /default-rack, certSerialId: null, persistedOpState: IN_SERVICE, persistedOpStateExpiryEpochSec: 0}c7780af0-0f31-4130-b62a-7061a7bbaf6d{ip: 172.17.0.2, host: 55665278a03a, ports: [REPLICATION=39443, RATIS=40671, RATIS_ADMIN=40671, RATIS_SERVER=40671, STANDALONE=35715], networkLocation: /default-rack, certSerialId: null, persistedOpState: IN_SERVICE, persistedOpStateExpiryEpochSec: 0}8be81fb1-89d0-4709-8656-3472d71d638b{ip: 172.17.0.2, host: 55665278a03a, ports: [REPLICATION=43543, RATIS=44187, RATIS_ADMIN=44187, RATIS_SERVER=44187, STANDALONE=44151], networkLocation: /default-rack, certSerialId: null, persistedOpState: IN_SERVICE, persistedOpStateExpiryEpochSec: 0}, Type:RATIS, Factor:THREE, State:CLOSED, leaderId:2e2b7c4f-1fa0-4360-84eb-5aea739d5e5f, CreationTimestamp2021-03-08T02:05:13.334Z] moved to CLOSED state
2021-03-08 02:06:02,097 [EventQueue-StaleNodeForStaleNodeHandler] INFO  pipeline.SCMPipelineManager (SCMPipelineManager.java:finalizeAndDestroyPipeline(483)) - Destroying pipeline:Pipeline[ Id: ce129b5b-3a42-49cf-879a-559853b99b2a, Nodes: 8be81fb1-89d0-4709-8656-3472d71d638b{ip: 172.17.0.2, host: 55665278a03a, ports: [REPLICATION=43543, RATIS=44187, RATIS_ADMIN=44187, RATIS_SERVER=44187, STANDALONE=44151], networkLocation: /default-rack, certSerialId: null, persistedOpState: IN_SERVICE, persistedOpStateExpiryEpochSec: 0}, Type:RATIS, Factor:ONE, State:OPEN, leaderId:8be81fb1-89d0-4709-8656-3472d71d638b, CreationTimestamp2021-03-08T02:05:13.136Z]
2021-03-08 02:06:02,097 [EventQueue-StaleNodeForStaleNodeHandler] INFO  pipeline.PipelineStateManager (PipelineStateManager.java:finalizePipeline(121)) - Pipeline Pipeline[ Id: ce129b5b-3a42-49cf-879a-559853b99b2a, Nodes: 8be81fb1-89d0-4709-8656-3472d71d638b{ip: 172.17.0.2, host: 55665278a03a, ports: [REPLICATION=43543, RATIS=44187, RATIS_ADMIN=44187, RATIS_SERVER=44187, STANDALONE=44151], networkLocation: /default-rack, certSerialId: null, persistedOpState: IN_SERVICE, persistedOpStateExpiryEpochSec: 0}, Type:RATIS, Factor:ONE, State:CLOSED, leaderId:8be81fb1-89d0-4709-8656-3472d71d638b, CreationTimestamp2021-03-08T02:05:13.136Z] moved to CLOSED state
2021-03-08 02:06:02,097 [EventQueue-StaleNodeForStaleNodeHandler] INFO  pipeline.SCMPipelineManager (SCMPipelineManager.java:finalizeAndDestroyPipeline(483)) - Destroying pipeline:Pipeline[ Id: 54dfee42-7205-45d5-ac51-7928b19b14f4, Nodes: 2e2b7c4f-1fa0-4360-84eb-5aea739d5e5f{ip: 172.17.0.2, host: 55665278a03a, ports: [REPLICATION=42473, RATIS=45357, RATIS_ADMIN=45357, RATIS_SERVER=45357, STANDALONE=44021], networkLocation: /default-rack, certSerialId: null, persistedOpState: IN_SERVICE, persistedOpStateExpiryEpochSec: 0}c7780af0-0f31-4130-b62a-7061a7bbaf6d{ip: 172.17.0.2, host: 55665278a03a, ports: [REPLICATION=39443, RATIS=40671, RATIS_ADMIN=40671, RATIS_SERVER=40671, STANDALONE=35715], networkLocation: /default-rack, certSerialId: null, persistedOpState: IN_SERVICE, persistedOpStateExpiryEpochSec: 0}8be81fb1-89d0-4709-8656-3472d71d638b{ip: 172.17.0.2, host: 55665278a03a, ports: [REPLICATION=43543, RATIS=44187, RATIS_ADMIN=44187, RATIS_SERVER=44187, STANDALONE=44151], networkLocation: /default-rack, certSerialId: null, persistedOpState: IN_SERVICE, persistedOpStateExpiryEpochSec: 0}, Type:RATIS, Factor:THREE, State:OPEN, leaderId:8be81fb1-89d0-4709-8656-3472d71d638b, CreationTimestamp2021-03-08T02:05:13.332Z]
2021-03-08 02:06:02,097 [EventQueue-StaleNodeForStaleNodeHandler] INFO  pipeline.PipelineStateManager (PipelineStateManager.java:finalizePipeline(121)) - Pipeline Pipeline[ Id: 54dfee42-7205-45d5-ac51-7928b19b14f4, Nodes: 2e2b7c4f-1fa0-4360-84eb-5aea739d5e5f{ip: 172.17.0.2, host: 55665278a03a, ports: [REPLICATION=42473, RATIS=45357, RATIS_ADMIN=45357, RATIS_SERVER=45357, STANDALONE=44021], networkLocation: /default-rack, certSerialId: null, persistedOpState: IN_SERVICE, persistedOpStateExpiryEpochSec: 0}c7780af0-0f31-4130-b62a-7061a7bbaf6d{ip: 172.17.0.2, host: 55665278a03a, ports: [REPLICATION=39443, RATIS=40671, RATIS_ADMIN=40671, RATIS_SERVER=40671, STANDALONE=35715], networkLocation: /default-rack, certSerialId: null, persistedOpState: IN_SERVICE, persistedOpStateExpiryEpochSec: 0}8be81fb1-89d0-4709-8656-3472d71d638b{ip: 172.17.0.2, host: 55665278a03a, ports: [REPLICATION=43543, RATIS=44187, RATIS_ADMIN=44187, RATIS_SERVER=44187, STANDALONE=44151], networkLocation: /default-rack, certSerialId: null, persistedOpState: IN_SERVICE, persistedOpStateExpiryEpochSec: 0}, Type:RATIS, Factor:THREE, State:CLOSED, leaderId:8be81fb1-89d0-4709-8656-3472d71d638b, CreationTimestamp2021-03-08T02:05:13.332Z] moved to CLOSED state
2021-03-08 02:06:02,097 [EventQueue-StaleNodeForStaleNodeHandler] INFO  pipeline.SCMPipelineManager (SCMPipelineManager.java:finalizeAndDestroyPipeline(483)) - Destroying pipeline:Pipeline[ Id: 08a3fe71-0329-4143-ad3d-73197b762ff1, Nodes: 2e2b7c4f-1fa0-4360-84eb-5aea739d5e5f{ip: 172.17.0.2, host: 55665278a03a, ports: [REPLICATION=42473, RATIS=45357, RATIS_ADMIN=45357, RATIS_SERVER=45357, STANDALONE=44021], networkLocation: /default-rack, certSerialId: null, persistedOpState: IN_SERVICE, persistedOpStateExpiryEpochSec: 0}8be81fb1-89d0-4709-8656-3472d71d638b{ip: 172.17.0.2, host: 55665278a03a, ports: [REPLICATION=43543, RATIS=44187, RATIS_ADMIN=44187, RATIS_SERVER=44187, STANDALONE=44151], networkLocation: /default-rack, certSerialId: null, persistedOpState: IN_SERVICE, persistedOpStateExpiryEpochSec: 0}c7780af0-0f31-4130-b62a-7061a7bbaf6d{ip: 172.17.0.2, host: 55665278a03a, ports: [REPLICATION=39443, RATIS=40671, RATIS_ADMIN=40671, RATIS_SERVER=40671, STANDALONE=35715], networkLocation: /default-rack, certSerialId: null, persistedOpState: IN_SERVICE, persistedOpStateExpiryEpochSec: 0}, Type:RATIS, Factor:THREE, State:OPEN, leaderId:c7780af0-0f31-4130-b62a-7061a7bbaf6d, CreationTimestamp2021-03-08T02:05:13.333Z]
2021-03-08 02:06:02,098 [EventQueue-StaleNodeForStaleNodeHandler] INFO  pipeline.PipelineStateManager (PipelineStateManager.java:finalizePipeline(121)) - Pipeline Pipeline[ Id: 08a3fe71-0329-4143-ad3d-73197b762ff1, Nodes: 2e2b7c4f-1fa0-4360-84eb-5aea739d5e5f{ip: 172.17.0.2, host: 55665278a03a, ports: [REPLICATION=42473, RATIS=45357, RATIS_ADMIN=45357, RATIS_SERVER=45357, STANDALONE=44021], networkLocation: /default-rack, certSerialId: null, persistedOpState: IN_SERVICE, persistedOpStateExpiryEpochSec: 0}8be81fb1-89d0-4709-8656-3472d71d638b{ip: 172.17.0.2, host: 55665278a03a, ports: [REPLICATION=43543, RATIS=44187, RATIS_ADMIN=44187, RATIS_SERVER=44187, STANDALONE=44151], networkLocation: /default-rack, certSerialId: null, persistedOpState: IN_SERVICE, persistedOpStateExpiryEpochSec: 0}c7780af0-0f31-4130-b62a-7061a7bbaf6d{ip: 172.17.0.2, host: 55665278a03a, ports: [REPLICATION=39443, RATIS=40671, RATIS_ADMIN=40671, RATIS_SERVER=40671, STANDALONE=35715], networkLocation: /default-rack, certSerialId: null, persistedOpState: IN_SERVICE, persistedOpStateExpiryEpochSec: 0}, Type:RATIS, Factor:THREE, State:CLOSED, leaderId:c7780af0-0f31-4130-b62a-7061a7bbaf6d, CreationTimestamp2021-03-08T02:05:13.333Z] moved to CLOSED state
2021-03-08 02:06:02,498 [EventQueue-StaleNodeForStaleNodeHandler] INFO  node.StaleNodeHandler (StaleNodeHandler.java:onMessage(58)) - Datanode 6ba9ab1d-3af3-415d-b63e-d033c6891994{ip: 172.17.0.2, host: 55665278a03a, ports: [REPLICATION=35637, RATIS=33141, RATIS_ADMIN=33141, RATIS_SERVER=33141, STANDALONE=38047], networkLocation: /default-rack, certSerialId: null, persistedOpState: IN_SERVICE, persistedOpStateExpiryEpochSec: 0} moved to stale state. Finalizing its pipelines [PipelineID=314f1900-63e8-41f8-9152-507eafb998cb, PipelineID=a1d313e4-a7f2-45da-8a16-37db1fa48e92, PipelineID=fe419e3b-18d5-4c91-9f2d-5ca67261f62c, PipelineID=92402027-9cee-4719-af58-a36f55c25c0f]
2021-03-08 02:06:02,498 [EventQueue-StaleNodeForStaleNodeHandler] INFO  pipeline.SCMPipelineManager (SCMPipelineManager.java:finalizeAndDestroyPipeline(483)) - Destroying pipeline:Pipeline[ Id: 314f1900-63e8-41f8-9152-507eafb998cb, Nodes: 6ba9ab1d-3af3-415d-b63e-d033c6891994{ip: 172.17.0.2, host: 55665278a03a, ports: [REPLICATION=35637, RATIS=33141, RATIS_ADMIN=33141, RATIS_SERVER=33141, STANDALONE=38047], networkLocation: /default-rack, certSerialId: null, persistedOpState: IN_SERVICE, persistedOpStateExpiryEpochSec: 0}bc98b27f-878f-4dad-a502-417d70977e4e{ip: 172.17.0.2, host: 55665278a03a, ports: [REPLICATION=42419, RATIS=44359, RATIS_ADMIN=44359, RATIS_SERVER=44359, STANDALONE=33229], networkLocation: /default-rack, certSerialId: null, persistedOpState: IN_SERVICE, persistedOpStateExpiryEpochSec: 0}92084499-c42d-4e9c-90ed-faecbf58ca46{ip: 172.17.0.2, host: 55665278a03a, ports: [REPLICATION=38411, RATIS=44599, RATIS_ADMIN=44599, RATIS_SERVER=44599, STANDALONE=46429], networkLocation: /default-rack, certSerialId: null, persistedOpState: IN_SERVICE, persistedOpStateExpiryEpochSec: 0}, Type:RATIS, Factor:THREE, State:OPEN, leaderId:92084499-c42d-4e9c-90ed-faecbf58ca46, CreationTimestamp2021-03-08T02:05:12.681Z]
2021-03-08 02:06:02,498 [EventQueue-StaleNodeForStaleNodeHandler] INFO  pipeline.PipelineStateManager (PipelineStateManager.java:finalizePipeline(121)) - Pipeline Pipeline[ Id: 314f1900-63e8-41f8-9152-507eafb998cb, Nodes: 6ba9ab1d-3af3-415d-b63e-d033c6891994{ip: 172.17.0.2, host: 55665278a03a, ports: [REPLICATION=35637, RATIS=33141, RATIS_ADMIN=33141, RATIS_SERVER=33141, STANDALONE=38047], networkLocation: /default-rack, certSerialId: null, persistedOpState: IN_SERVICE, persistedOpStateExpiryEpochSec: 0}bc98b27f-878f-4dad-a502-417d70977e4e{ip: 172.17.0.2, host: 55665278a03a, ports: [REPLICATION=42419, RATIS=44359, RATIS_ADMIN=44359, RATIS_SERVER=44359, STANDALONE=33229], networkLocation: /default-rack, certSerialId: null, persistedOpState: IN_SERVICE, persistedOpStateExpiryEpochSec: 0}92084499-c42d-4e9c-90ed-faecbf58ca46{ip: 172.17.0.2, host: 55665278a03a, ports: [REPLICATION=38411, RATIS=44599, RATIS_ADMIN=44599, RATIS_SERVER=44599, STANDALONE=46429], networkLocation: /default-rack, certSerialId: null, persistedOpState: IN_SERVICE, persistedOpStateExpiryEpochSec: 0}, Type:RATIS, Factor:THREE, State:CLOSED, leaderId:92084499-c42d-4e9c-90ed-faecbf58ca46, CreationTimestamp2021-03-08T02:05:12.681Z] moved to CLOSED state
2021-03-08 02:06:02,498 [EventQueue-StaleNodeForStaleNodeHandler] INFO  pipeline.SCMPipelineManager (SCMPipelineManager.java:finalizeAndDestroyPipeline(483)) - Destroying pipeline:Pipeline[ Id: a1d313e4-a7f2-45da-8a16-37db1fa48e92, Nodes: 6ba9ab1d-3af3-415d-b63e-d033c6891994{ip: 172.17.0.2, host: 55665278a03a, ports: [REPLICATION=35637, RATIS=33141, RATIS_ADMIN=33141, RATIS_SERVER=33141, STANDALONE=38047], networkLocation: /default-rack, certSerialId: null, persistedOpState: IN_SERVICE, persistedOpStateExpiryEpochSec: 0}, Type:RATIS, Factor:ONE, State:OPEN, leaderId:6ba9ab1d-3af3-415d-b63e-d033c6891994, CreationTimestamp2021-03-08T02:05:12.462Z]
2021-03-08 02:06:02,499 [EventQueue-StaleNodeForStaleNodeHandler] INFO  pipeline.PipelineStateManager (PipelineStateManager.java:finalizePipeline(121)) - Pipeline Pipeline[ Id: a1d313e4-a7f2-45da-8a16-37db1fa48e92, Nodes: 6ba9ab1d-3af3-415d-b63e-d033c6891994{ip: 172.17.0.2, host: 55665278a03a, ports: [REPLICATION=35637, RATIS=33141, RATIS_ADMIN=33141, RATIS_SERVER=33141, STANDALONE=38047], networkLocation: /default-rack, certSerialId: null, persistedOpState: IN_SERVICE, persistedOpStateExpiryEpochSec: 0}, Type:RATIS, Factor:ONE, State:CLOSED, leaderId:6ba9ab1d-3af3-415d-b63e-d033c6891994, CreationTimestamp2021-03-08T02:05:12.462Z] moved to CLOSED state
2021-03-08 02:06:02,499 [EventQueue-StaleNodeForStaleNodeHandler] INFO  pipeline.SCMPipelineManager (SCMPipelineManager.java:finalizeAndDestroyPipeline(483)) - Destroying pipeline:Pipeline[ Id: fe419e3b-18d5-4c91-9f2d-5ca67261f62c, Nodes: 92084499-c42d-4e9c-90ed-faecbf58ca46{ip: 172.17.0.2, host: 55665278a03a, ports: [REPLICATION=38411, RATIS=44599, RATIS_ADMIN=44599, RATIS_SERVER=44599, STANDALONE=46429], networkLocation: /default-rack, certSerialId: null, persistedOpState: IN_SERVICE, persistedOpStateExpiryEpochSec: 0}6ba9ab1d-3af3-415d-b63e-d033c6891994{ip: 172.17.0.2, host: 55665278a03a, ports: [REPLICATION=35637, RATIS=33141, RATIS_ADMIN=33141, RATIS_SERVER=33141, STANDALONE=38047], networkLocation: /default-rack, certSerialId: null, persistedOpState: IN_SERVICE, persistedOpStateExpiryEpochSec: 0}bc98b27f-878f-4dad-a502-417d70977e4e{ip: 172.17.0.2, host: 55665278a03a, ports: [REPLICATION=42419, RATIS=44359, RATIS_ADMIN=44359, RATIS_SERVER=44359, STANDALONE=33229], networkLocation: /default-rack, certSerialId: null, persistedOpState: IN_SERVICE, persistedOpStateExpiryEpochSec: 0}, Type:RATIS, Factor:THREE, State:OPEN, leaderId:bc98b27f-878f-4dad-a502-417d70977e4e, CreationTimestamp2021-03-08T02:05:12.679Z]
2021-03-08 02:06:02,499 [EventQueue-StaleNodeForStaleNodeHandler] INFO  pipeline.PipelineStateManager (PipelineStateManager.java:finalizePipeline(121)) - Pipeline Pipeline[ Id: fe419e3b-18d5-4c91-9f2d-5ca67261f62c, Nodes: 92084499-c42d-4e9c-90ed-faecbf58ca46{ip: 172.17.0.2, host: 55665278a03a, ports: [REPLICATION=38411, RATIS=44599, RATIS_ADMIN=44599, RATIS_SERVER=44599, STANDALONE=46429], networkLocation: /default-rack, certSerialId: null, persistedOpState: IN_SERVICE, persistedOpStateExpiryEpochSec: 0}6ba9ab1d-3af3-415d-b63e-d033c6891994{ip: 172.17.0.2, host: 55665278a03a, ports: [REPLICATION=35637, RATIS=33141, RATIS_ADMIN=33141, RATIS_SERVER=33141, STANDALONE=38047], networkLocation: /default-rack, certSerialId: null, persistedOpState: IN_SERVICE, persistedOpStateExpiryEpochSec: 0}bc98b27f-878f-4dad-a502-417d70977e4e{ip: 172.17.0.2, host: 55665278a03a, ports: [REPLICATION=42419, RATIS=44359, RATIS_ADMIN=44359, RATIS_SERVER=44359, STANDALONE=33229], networkLocation: /default-rack, certSerialId: null, persistedOpState: IN_SERVICE, persistedOpStateExpiryEpochSec: 0}, Type:RATIS, Factor:THREE, State:CLOSED, leaderId:bc98b27f-878f-4dad-a502-417d70977e4e, CreationTimestamp2021-03-08T02:05:12.679Z] moved to CLOSED state
2021-03-08 02:06:02,513 [EventQueue-StaleNodeForStaleNodeHandler] INFO  pipeline.SCMPipelineManager (SCMPipelineManager.java:finalizeAndDestroyPipeline(483)) - Destroying pipeline:Pipeline[ Id: 92402027-9cee-4719-af58-a36f55c25c0f, Nodes: 92084499-c42d-4e9c-90ed-faecbf58ca46{ip: 172.17.0.2, host: 55665278a03a, ports: [REPLICATION=38411, RATIS=44599, RATIS_ADMIN=44599, RATIS_SERVER=44599, STANDALONE=46429], networkLocation: /default-rack, certSerialId: null, persistedOpState: IN_SERVICE, persistedOpStateExpiryEpochSec: 0}6ba9ab1d-3af3-415d-b63e-d033c6891994{ip: 172.17.0.2, host: 55665278a03a, ports: [REPLICATION=35637, RATIS=33141, RATIS_ADMIN=33141, RATIS_SERVER=33141, STANDALONE=38047], networkLocation: /default-rack, certSerialId: null, persistedOpState: IN_SERVICE, persistedOpStateExpiryEpochSec: 0}bc98b27f-878f-4dad-a502-417d70977e4e{ip: 172.17.0.2, host: 55665278a03a, ports: [REPLICATION=42419, RATIS=44359, RATIS_ADMIN=44359, RATIS_SERVER=44359, STANDALONE=33229], networkLocation: /default-rack, certSerialId: null, persistedOpState: IN_SERVICE, persistedOpStateExpiryEpochSec: 0}, Type:RATIS, Factor:THREE, State:OPEN, leaderId:92084499-c42d-4e9c-90ed-faecbf58ca46, CreationTimestamp2021-03-08T02:05:12.680Z]
2021-03-08 02:06:02,513 [EventQueue-StaleNodeForStaleNodeHandler] INFO  pipeline.PipelineStateManager (PipelineStateManager.java:finalizePipeline(121)) - Pipeline Pipeline[ Id: 92402027-9cee-4719-af58-a36f55c25c0f, Nodes: 92084499-c42d-4e9c-90ed-faecbf58ca46{ip: 172.17.0.2, host: 55665278a03a, ports: [REPLICATION=38411, RATIS=44599, RATIS_ADMIN=44599, RATIS_SERVER=44599, STANDALONE=46429], networkLocation: /default-rack, certSerialId: null, persistedOpState: IN_SERVICE, persistedOpStateExpiryEpochSec: 0}6ba9ab1d-3af3-415d-b63e-d033c6891994{ip: 172.17.0.2, host: 55665278a03a, ports: [REPLICATION=35637, RATIS=33141, RATIS_ADMIN=33141, RATIS_SERVER=33141, STANDALONE=38047], networkLocation: /default-rack, certSerialId: null, persistedOpState: IN_SERVICE, persistedOpStateExpiryEpochSec: 0}bc98b27f-878f-4dad-a502-417d70977e4e{ip: 172.17.0.2, host: 55665278a03a, ports: [REPLICATION=42419, RATIS=44359, RATIS_ADMIN=44359, RATIS_SERVER=44359, STANDALONE=33229], networkLocation: /default-rack, certSerialId: null, persistedOpState: IN_SERVICE, persistedOpStateExpiryEpochSec: 0}, Type:RATIS, Factor:THREE, State:CLOSED, leaderId:92084499-c42d-4e9c-90ed-faecbf58ca46, CreationTimestamp2021-03-08T02:05:12.680Z] moved to CLOSED state
2021-03-08 02:06:02,513 [EventQueue-CloseContainerForCloseContainerEventHandler] INFO  container.CloseContainerEventHandler (CloseContainerEventHandler.java:onMessage(61)) - Close container Event triggered for container : #2
2021-03-08 02:06:02,513 [EventQueue-CloseContainerForCloseContainerEventHandler] INFO  container.CloseContainerEventHandler (CloseContainerEventHandler.java:onMessage(61)) - Close container Event triggered for container : #1
2021-03-08 02:06:02,643 [grpc-default-executor-8] WARN  server.GrpcLogAppender (LogUtils.java:warn(122)) - bc98b27f-878f-4dad-a502-417d70977e4e@group-5CA67261F62C->6ba9ab1d-3af3-415d-b63e-d033c6891994-AppendLogResponseHandler: Failed appendEntries: org.apache.ratis.thirdparty.io.grpc.StatusRuntimeException: UNAVAILABLE: io exception
2021-03-08 02:06:02,643 [grpc-default-executor-8] INFO  leader.FollowerInfo (FollowerInfoImpl.java:lambda$new$0(46)) - bc98b27f-878f-4dad-a502-417d70977e4e@group-5CA67261F62C->6ba9ab1d-3af3-415d-b63e-d033c6891994: nextIndex: updateUnconditionally 14 -> 13
2021-03-08 02:06:02,716 [Listener at 127.0.0.1/34517] INFO  ozoneimpl.OzoneContainer (OzoneContainer.java:stop(273)) - Attempting to stop container services.
2021-03-08 02:06:02,717 [Listener at 127.0.0.1/34517] INFO  server.RaftServer (RaftServerProxy.java:lambda$close$6(391)) - 2e2b7c4f-1fa0-4360-84eb-5aea739d5e5f: close
2021-03-08 02:06:02,717 [Listener at 127.0.0.1/34517] INFO  server.RaftServer$Division (RaftServerImpl.java:lambda$close$4(406)) - 2e2b7c4f-1fa0-4360-84eb-5aea739d5e5f@group-B7590C117875: shutdown
2021-03-08 02:06:02,717 [Listener at 127.0.0.1/34517] INFO  util.JmxRegister (JmxRegister.java:unregister(73)) - Successfully un-registered JMX Bean with object name Ratis:service=RaftServer,group=group-B7590C117875,id=2e2b7c4f-1fa0-4360-84eb-5aea739d5e5f
2021-03-08 02:06:02,718 [Listener at 127.0.0.1/34517] INFO  impl.RoleInfo (RoleInfo.java:shutdownLeaderState(91)) - 2e2b7c4f-1fa0-4360-84eb-5aea739d5e5f: shutdown 2e2b7c4f-1fa0-4360-84eb-5aea739d5e5f@group-B7590C117875-LeaderStateImpl
2021-03-08 02:06:02,718 [Listener at 127.0.0.1/34517] INFO  impl.PendingRequests (PendingRequests.java:sendNotLeaderResponses(249)) - 2e2b7c4f-1fa0-4360-84eb-5aea739d5e5f@group-B7590C117875-PendingRequests: sendNotLeaderResponses
2021-03-08 02:06:02,718 [Listener at 127.0.0.1/34517] INFO  metrics.RatisMetrics (RatisMetrics.java:unregister(43)) - Unregistering Metrics Registry : ratis.log_appender.2e2b7c4f-1fa0-4360-84eb-5aea739d5e5f@group-B7590C117875
2021-03-08 02:06:02,718 [Listener at 127.0.0.1/34517] INFO  metrics.RatisMetrics (RatisMetrics.java:unregister(43)) - Unregistering Metrics Registry : ratis.server.2e2b7c4f-1fa0-4360-84eb-5aea739d5e5f@group-B7590C117875
2021-03-08 02:06:02,720 [2e2b7c4f-1fa0-4360-84eb-5aea739d5e5f@group-B7590C117875-StateMachineUpdater] INFO  ratis.ContainerStateMachine (ContainerStateMachine.java:takeSnapshot(291)) - group-B7590C117875: Taking a snapshot at:(t:1, i:0) file /github/workspace/mnt/ozone/hadoop-ozone/integration-test/target/test-dir/MiniOzoneClusterImpl-ccaa8949-4e5a-4858-a1f5-413699190f1a/datanode-3/data/ratis/c2ed5ddc-6e6d-4193-bfc4-b7590c117875/sm/snapshot.1_0
2021-03-08 02:06:02,720 [Listener at 127.0.0.1/34517] INFO  impl.StateMachineUpdater (StateMachineUpdater.java:stopAndJoin(148)) - 2e2b7c4f-1fa0-4360-84eb-5aea739d5e5f@group-B7590C117875-StateMachineUpdater: set stopIndex = 0
2021-03-08 02:06:02,724 [2e2b7c4f-1fa0-4360-84eb-5aea739d5e5f@group-B7590C117875-StateMachineUpdater] INFO  ratis.ContainerStateMachine (ContainerStateMachine.java:takeSnapshot(302)) - group-B7590C117875: Finished taking a snapshot at:(t:1, i:0) file:/github/workspace/mnt/ozone/hadoop-ozone/integration-test/target/test-dir/MiniOzoneClusterImpl-ccaa8949-4e5a-4858-a1f5-413699190f1a/datanode-3/data/ratis/c2ed5ddc-6e6d-4193-bfc4-b7590c117875/sm/snapshot.1_0 took: 4 ms
2021-03-08 02:06:02,724 [2e2b7c4f-1fa0-4360-84eb-5aea739d5e5f@group-B7590C117875-StateMachineUpdater] INFO  impl.StateMachineUpdater (StateMachineUpdater.java:takeSnapshot(279)) - 2e2b7c4f-1fa0-4360-84eb-5aea739d5e5f@group-B7590C117875-StateMachineUpdater: Took a snapshot at index 0
2021-03-08 02:06:02,724 [2e2b7c4f-1fa0-4360-84eb-5aea739d5e5f@group-B7590C117875-StateMachineUpdater] INFO  impl.StateMachineUpdater (StateMachineUpdater.java:lambda$new$0(88)) - 2e2b7c4f-1fa0-4360-84eb-5aea739d5e5f@group-B7590C117875-StateMachineUpdater: snapshotIndex: updateIncreasingly -1 -> 0
2021-03-08 02:06:02,725 [2e2b7c4f-1fa0-4360-84eb-5aea739d5e5f@group-B7590C117875-StateMachineUpdater] INFO  metrics.RatisMetrics (RatisMetrics.java:unregister(43)) - Unregistering Metrics Registry : ratis.state_machine.2e2b7c4f-1fa0-4360-84eb-5aea739d5e5f@group-B7590C117875
2021-03-08 02:06:02,725 [Listener at 127.0.0.1/34517] INFO  server.RaftServer$Division (ServerState.java:close(405)) - 2e2b7c4f-1fa0-4360-84eb-5aea739d5e5f@group-B7590C117875: closes. applyIndex: 0
2021-03-08 02:06:02,725 [2e2b7c4f-1fa0-4360-84eb-5aea739d5e5f@group-B7590C117875-SegmentedRaftLogWorker] INFO  segmented.SegmentedRaftLogWorker (SegmentedRaftLogWorker.java:run(326)) - 2e2b7c4f-1fa0-4360-84eb-5aea739d5e5f@group-B7590C117875-SegmentedRaftLogWorker was interrupted, exiting. There are 0 tasks remaining in the queue.
2021-03-08 02:06:02,725 [Listener at 127.0.0.1/34517] INFO  segmented.SegmentedRaftLogWorker (SegmentedRaftLogWorker.java:close(236)) - 2e2b7c4f-1fa0-4360-84eb-5aea739d5e5f@group-B7590C117875-SegmentedRaftLogWorker close()
2021-03-08 02:06:02,725 [Listener at 127.0.0.1/34517] INFO  metrics.RatisMetrics (RatisMetrics.java:unregister(43)) - Unregistering Metrics Registry : ratis.log_worker.2e2b7c4f-1fa0-4360-84eb-5aea739d5e5f@group-B7590C117875
2021-03-08 02:06:02,726 [Listener at 127.0.0.1/34517] INFO  metrics.RatisMetrics (RatisMetrics.java:unregister(43)) - Unregistering Metrics Registry : ratis.leader_election.2e2b7c4f-1fa0-4360-84eb-5aea739d5e5f@group-B7590C117875
2021-03-08 02:06:02,726 [Listener at 127.0.0.1/34517] INFO  metrics.RatisMetrics (RatisMetrics.java:unregister(43)) - Unregistering Metrics Registry : ratis.server.2e2b7c4f-1fa0-4360-84eb-5aea739d5e5f@group-B7590C117875
2021-03-08 02:06:02,726 [Listener at 127.0.0.1/34517] INFO  server.RaftServer$Division (RaftServerImpl.java:lambda$close$4(406)) - 2e2b7c4f-1fa0-4360-84eb-5aea739d5e5f@group-95D3DD7D5F09: shutdown
2021-03-08 02:06:02,726 [Listener at 127.0.0.1/34517] INFO  util.JmxRegister (JmxRegister.java:unregister(73)) - Successfully un-registered JMX Bean with object name Ratis:service=RaftServer,group=group-95D3DD7D5F09,id=2e2b7c4f-1fa0-4360-84eb-5aea739d5e5f
2021-03-08 02:06:02,726 [Listener at 127.0.0.1/34517] INFO  impl.RoleInfo (RoleInfo.java:shutdownLeaderState(91)) - 2e2b7c4f-1fa0-4360-84eb-5aea739d5e5f: shutdown 2e2b7c4f-1fa0-4360-84eb-5aea739d5e5f@group-95D3DD7D5F09-LeaderStateImpl
2021-03-08 02:06:02,726 [Listener at 127.0.0.1/34517] INFO  metrics.RatisMetrics (RatisMetrics.java:unregister(43)) - Unregistering Metrics Registry : ratis_grpc.log_appender.2e2b7c4f-1fa0-4360-84eb-5aea739d5e5f@group-95D3DD7D5F09
2021-03-08 02:06:02,727 [2e2b7c4f-1fa0-4360-84eb-5aea739d5e5f@group-95D3DD7D5F09->c7780af0-0f31-4130-b62a-7061a7bbaf6d-GrpcLogAppender-LogAppenderDaemon] WARN  server.GrpcLogAppender (GrpcLogAppender.java:mayWait(175)) - 2e2b7c4f-1fa0-4360-84eb-5aea739d5e5f@group-95D3DD7D5F09->c7780af0-0f31-4130-b62a-7061a7bbaf6d-GrpcLogAppender: Wait interrupted by java.lang.InterruptedException
2021-03-08 02:06:02,727 [grpc-default-executor-8] INFO  server.GrpcServerProtocolService (GrpcServerProtocolService.java:onCompleted(138)) - c7780af0-0f31-4130-b62a-7061a7bbaf6d: Completed APPEND_ENTRIES, lastRequest: 2e2b7c4f-1fa0-4360-84eb-5aea739d5e5f->c7780af0-0f31-4130-b62a-7061a7bbaf6d#1-t1,previous=(t:0, i:0),leaderCommit=0,initializing? true,entries: size=1, first=(t:1, i:0), CONFIGURATIONENTRY
2021-03-08 02:06:02,727 [grpc-default-executor-9] INFO  server.GrpcLogAppender (GrpcLogAppender.java:onCompleted(344)) - 2e2b7c4f-1fa0-4360-84eb-5aea739d5e5f@group-95D3DD7D5F09->c7780af0-0f31-4130-b62a-7061a7bbaf6d-AppendLogResponseHandler: follower responses appendEntries COMPLETED
2021-03-08 02:06:02,727 [grpc-default-executor-9] INFO  leader.FollowerInfo (FollowerInfoImpl.java:lambda$new$0(46)) - 2e2b7c4f-1fa0-4360-84eb-5aea739d5e5f@group-95D3DD7D5F09->c7780af0-0f31-4130-b62a-7061a7bbaf6d: nextIndex: updateUnconditionally 1 -> 0
2021-03-08 02:06:02,728 [Listener at 127.0.0.1/34517] INFO  metrics.RatisMetrics (RatisMetrics.java:unregister(43)) - Unregistering Metrics Registry : ratis_grpc.log_appender.2e2b7c4f-1fa0-4360-84eb-5aea739d5e5f@group-95D3DD7D5F09
2021-03-08 02:06:02,728 [Listener at 127.0.0.1/34517] INFO  impl.PendingRequests (PendingRequests.java:sendNotLeaderResponses(249)) - 2e2b7c4f-1fa0-4360-84eb-5aea739d5e5f@group-95D3DD7D5F09-PendingRequests: sendNotLeaderResponses
2021-03-08 02:06:02,729 [Listener at 127.0.0.1/34517] INFO  metrics.RatisMetrics (RatisMetrics.java:unregister(43)) - Unregistering Metrics Registry : ratis.log_appender.2e2b7c4f-1fa0-4360-84eb-5aea739d5e5f@group-95D3DD7D5F09
2021-03-08 02:06:02,729 [Listener at 127.0.0.1/34517] INFO  metrics.RatisMetrics (RatisMetrics.java:unregister(43)) - Unregistering Metrics Registry : ratis.server.2e2b7c4f-1fa0-4360-84eb-5aea739d5e5f@group-95D3DD7D5F09
2021-03-08 02:06:02,731 [2e2b7c4f-1fa0-4360-84eb-5aea739d5e5f@group-95D3DD7D5F09-StateMachineUpdater] INFO  ratis.ContainerStateMachine (ContainerStateMachine.java:takeSnapshot(291)) - group-95D3DD7D5F09: Taking a snapshot at:(t:1, i:0) file /github/workspace/mnt/ozone/hadoop-ozone/integration-test/target/test-dir/MiniOzoneClusterImpl-ccaa8949-4e5a-4858-a1f5-413699190f1a/datanode-3/data/ratis/b6143ebd-b803-4b83-aecd-95d3dd7d5f09/sm/snapshot.1_0
2021-03-08 02:06:02,731 [Listener at 127.0.0.1/34517] INFO  impl.StateMachineUpdater (StateMachineUpdater.java:stopAndJoin(148)) - 2e2b7c4f-1fa0-4360-84eb-5aea739d5e5f@group-95D3DD7D5F09-StateMachineUpdater: set stopIndex = 0
2021-03-08 02:06:02,733 [2e2b7c4f-1fa0-4360-84eb-5aea739d5e5f@group-95D3DD7D5F09-StateMachineUpdater] INFO  ratis.ContainerStateMachine (ContainerStateMachine.java:takeSnapshot(302)) - group-95D3DD7D5F09: Finished taking a snapshot at:(t:1, i:0) file:/github/workspace/mnt/ozone/hadoop-ozone/integration-test/target/test-dir/MiniOzoneClusterImpl-ccaa8949-4e5a-4858-a1f5-413699190f1a/datanode-3/data/ratis/b6143ebd-b803-4b83-aecd-95d3dd7d5f09/sm/snapshot.1_0 took: 2 ms
2021-03-08 02:06:02,733 [2e2b7c4f-1fa0-4360-84eb-5aea739d5e5f@group-95D3DD7D5F09-StateMachineUpdater] INFO  impl.StateMachineUpdater (StateMachineUpdater.java:takeSnapshot(279)) - 2e2b7c4f-1fa0-4360-84eb-5aea739d5e5f@group-95D3DD7D5F09-StateMachineUpdater: Took a snapshot at index 0
2021-03-08 02:06:02,733 [2e2b7c4f-1fa0-4360-84eb-5aea739d5e5f@group-95D3DD7D5F09-StateMachineUpdater] INFO  impl.StateMachineUpdater (StateMachineUpdater.java:lambda$new$0(88)) - 2e2b7c4f-1fa0-4360-84eb-5aea739d5e5f@group-95D3DD7D5F09-StateMachineUpdater: snapshotIndex: updateIncreasingly -1 -> 0
2021-03-08 02:06:02,733 [2e2b7c4f-1fa0-4360-84eb-5aea739d5e5f@group-95D3DD7D5F09-StateMachineUpdater] INFO  metrics.RatisMetrics (RatisMetrics.java:unregister(43)) - Unregistering Metrics Registry : ratis.state_machine.2e2b7c4f-1fa0-4360-84eb-5aea739d5e5f@group-95D3DD7D5F09
2021-03-08 02:06:02,734 [Listener at 127.0.0.1/34517] INFO  server.RaftServer$Division (ServerState.java:close(405)) - 2e2b7c4f-1fa0-4360-84eb-5aea739d5e5f@group-95D3DD7D5F09: closes. applyIndex: 0
2021-03-08 02:06:02,748 [2e2b7c4f-1fa0-4360-84eb-5aea739d5e5f@group-95D3DD7D5F09-SegmentedRaftLogWorker] INFO  segmented.SegmentedRaftLogWorker (SegmentedRaftLogWorker.java:run(326)) - 2e2b7c4f-1fa0-4360-84eb-5aea739d5e5f@group-95D3DD7D5F09-SegmentedRaftLogWorker was interrupted, exiting. There are 0 tasks remaining in the queue.
2021-03-08 02:06:02,749 [Listener at 127.0.0.1/34517] INFO  segmented.SegmentedRaftLogWorker (SegmentedRaftLogWorker.java:close(236)) - 2e2b7c4f-1fa0-4360-84eb-5aea739d5e5f@group-95D3DD7D5F09-SegmentedRaftLogWorker close()
2021-03-08 02:06:02,749 [Listener at 127.0.0.1/34517] INFO  metrics.RatisMetrics (RatisMetrics.java:unregister(43)) - Unregistering Metrics Registry : ratis.log_worker.2e2b7c4f-1fa0-4360-84eb-5aea739d5e5f@group-95D3DD7D5F09
2021-03-08 02:06:02,749 [Listener at 127.0.0.1/34517] INFO  metrics.RatisMetrics (RatisMetrics.java:unregister(43)) - Unregistering Metrics Registry : ratis.leader_election.2e2b7c4f-1fa0-4360-84eb-5aea739d5e5f@group-95D3DD7D5F09
2021-03-08 02:06:02,749 [Listener at 127.0.0.1/34517] INFO  metrics.RatisMetrics (RatisMetrics.java:unregister(43)) - Unregistering Metrics Registry : ratis.server.2e2b7c4f-1fa0-4360-84eb-5aea739d5e5f@group-95D3DD7D5F09
2021-03-08 02:06:02,750 [Listener at 127.0.0.1/34517] INFO  server.RaftServer$Division (RaftServerImpl.java:lambda$close$4(406)) - 2e2b7c4f-1fa0-4360-84eb-5aea739d5e5f@group-7928B19B14F4: shutdown
2021-03-08 02:06:02,750 [Listener at 127.0.0.1/34517] INFO  util.JmxRegister (JmxRegister.java:unregister(73)) - Successfully un-registered JMX Bean with object name Ratis:service=RaftServer,group=group-7928B19B14F4,id=2e2b7c4f-1fa0-4360-84eb-5aea739d5e5f
2021-03-08 02:06:02,750 [Listener at 127.0.0.1/34517] INFO  impl.RoleInfo (RoleInfo.java:shutdownLeaderState(91)) - 2e2b7c4f-1fa0-4360-84eb-5aea739d5e5f: shutdown 2e2b7c4f-1fa0-4360-84eb-5aea739d5e5f@group-7928B19B14F4-LeaderStateImpl
2021-03-08 02:06:02,750 [Listener at 127.0.0.1/34517] INFO  metrics.RatisMetrics (RatisMetrics.java:unregister(43)) - Unregistering Metrics Registry : ratis_grpc.log_appender.2e2b7c4f-1fa0-4360-84eb-5aea739d5e5f@group-7928B19B14F4
2021-03-08 02:06:02,750 [Listener at 127.0.0.1/34517] INFO  metrics.RatisMetrics (RatisMetrics.java:unregister(43)) - Unregistering Metrics Registry : ratis_grpc.log_appender.2e2b7c4f-1fa0-4360-84eb-5aea739d5e5f@group-7928B19B14F4
2021-03-08 02:06:02,750 [Listener at 127.0.0.1/34517] INFO  impl.PendingRequests (PendingRequests.java:sendNotLeaderResponses(249)) - 2e2b7c4f-1fa0-4360-84eb-5aea739d5e5f@group-7928B19B14F4-PendingRequests: sendNotLeaderResponses
2021-03-08 02:06:02,751 [2e2b7c4f-1fa0-4360-84eb-5aea739d5e5f@group-7928B19B14F4->c7780af0-0f31-4130-b62a-7061a7bbaf6d-GrpcLogAppender-LogAppenderDaemon] WARN  server.GrpcLogAppender (GrpcLogAppender.java:mayWait(175)) - 2e2b7c4f-1fa0-4360-84eb-5aea739d5e5f@group-7928B19B14F4->c7780af0-0f31-4130-b62a-7061a7bbaf6d-GrpcLogAppender: Wait interrupted by java.lang.InterruptedException
2021-03-08 02:06:02,751 [grpc-default-executor-8] INFO  server.GrpcServerProtocolService (GrpcServerProtocolService.java:onCompleted(138)) - c7780af0-0f31-4130-b62a-7061a7bbaf6d: Completed APPEND_ENTRIES, lastRequest: 2e2b7c4f-1fa0-4360-84eb-5aea739d5e5f->c7780af0-0f31-4130-b62a-7061a7bbaf6d#2-t3,previous=(t:3, i:1),leaderCommit=1,initializing? true,entries: size=1, first=(t:3, i:2), METADATAENTRY(c:1)
2021-03-08 02:06:02,751 [ForkJoinPool.commonPool-worker-1] INFO  ozoneimpl.OzoneContainer (OzoneContainer.java:stop(273)) - Attempting to stop container services.
2021-03-08 02:06:02,752 [grpc-default-executor-9] INFO  server.GrpcLogAppender (GrpcLogAppender.java:onCompleted(344)) - 2e2b7c4f-1fa0-4360-84eb-5aea739d5e5f@group-7928B19B14F4->c7780af0-0f31-4130-b62a-7061a7bbaf6d-AppendLogResponseHandler: follower responses appendEntries COMPLETED
2021-03-08 02:06:02,752 [grpc-default-executor-9] INFO  leader.FollowerInfo (FollowerInfoImpl.java:lambda$new$0(46)) - 2e2b7c4f-1fa0-4360-84eb-5aea739d5e5f@group-7928B19B14F4->c7780af0-0f31-4130-b62a-7061a7bbaf6d: nextIndex: updateUnconditionally 3 -> 2
2021-03-08 02:06:02,752 [ForkJoinPool.commonPool-worker-1] INFO  server.RaftServer (RaftServerProxy.java:lambda$close$6(391)) - bc98b27f-878f-4dad-a502-417d70977e4e: close
2021-03-08 02:06:02,752 [ForkJoinPool.commonPool-worker-1] INFO  server.RaftServer$Division (RaftServerImpl.java:lambda$close$4(406)) - bc98b27f-878f-4dad-a502-417d70977e4e@group-61A0E12BB9B8: shutdown
2021-03-08 02:06:02,752 [ForkJoinPool.commonPool-worker-1] INFO  util.JmxRegister (JmxRegister.java:unregister(73)) - Successfully un-registered JMX Bean with object name Ratis:service=RaftServer,group=group-61A0E12BB9B8,id=bc98b27f-878f-4dad-a502-417d70977e4e
2021-03-08 02:06:02,752 [ForkJoinPool.commonPool-worker-1] INFO  impl.RoleInfo (RoleInfo.java:shutdownLeaderState(91)) - bc98b27f-878f-4dad-a502-417d70977e4e: shutdown bc98b27f-878f-4dad-a502-417d70977e4e@group-61A0E12BB9B8-LeaderStateImpl
2021-03-08 02:06:02,752 [ForkJoinPool.commonPool-worker-1] INFO  impl.PendingRequests (PendingRequests.java:sendNotLeaderResponses(249)) - bc98b27f-878f-4dad-a502-417d70977e4e@group-61A0E12BB9B8-PendingRequests: sendNotLeaderResponses
2021-03-08 02:06:02,753 [ForkJoinPool.commonPool-worker-1] INFO  metrics.RatisMetrics (RatisMetrics.java:unregister(43)) - Unregistering Metrics Registry : ratis.log_appender.bc98b27f-878f-4dad-a502-417d70977e4e@group-61A0E12BB9B8
2021-03-08 02:06:02,753 [ForkJoinPool.commonPool-worker-1] INFO  metrics.RatisMetrics (RatisMetrics.java:unregister(43)) - Unregistering Metrics Registry : ratis.server.bc98b27f-878f-4dad-a502-417d70977e4e@group-61A0E12BB9B8
2021-03-08 02:06:02,754 [bc98b27f-878f-4dad-a502-417d70977e4e@group-61A0E12BB9B8-StateMachineUpdater] INFO  ratis.ContainerStateMachine (ContainerStateMachine.java:takeSnapshot(291)) - group-61A0E12BB9B8: Taking a snapshot at:(t:1, i:0) file /github/workspace/mnt/ozone/hadoop-ozone/integration-test/target/test-dir/MiniOzoneClusterImpl-ccaa8949-4e5a-4858-a1f5-413699190f1a/datanode-2/data/ratis/9fdad4c3-8ee3-4c35-9938-61a0e12bb9b8/sm/snapshot.1_0
2021-03-08 02:06:02,755 [ForkJoinPool.commonPool-worker-1] INFO  impl.StateMachineUpdater (StateMachineUpdater.java:stopAndJoin(148)) - bc98b27f-878f-4dad-a502-417d70977e4e@group-61A0E12BB9B8-StateMachineUpdater: set stopIndex = 0
2021-03-08 02:06:02,756 [bc98b27f-878f-4dad-a502-417d70977e4e@group-61A0E12BB9B8-StateMachineUpdater] INFO  ratis.ContainerStateMachine (ContainerStateMachine.java:takeSnapshot(302)) - group-61A0E12BB9B8: Finished taking a snapshot at:(t:1, i:0) file:/github/workspace/mnt/ozone/hadoop-ozone/integration-test/target/test-dir/MiniOzoneClusterImpl-ccaa8949-4e5a-4858-a1f5-413699190f1a/datanode-2/data/ratis/9fdad4c3-8ee3-4c35-9938-61a0e12bb9b8/sm/snapshot.1_0 took: 2 ms
2021-03-08 02:06:02,756 [bc98b27f-878f-4dad-a502-417d70977e4e@group-61A0E12BB9B8-StateMachineUpdater] INFO  impl.StateMachineUpdater (StateMachineUpdater.java:takeSnapshot(279)) - bc98b27f-878f-4dad-a502-417d70977e4e@group-61A0E12BB9B8-StateMachineUpdater: Took a snapshot at index 0
2021-03-08 02:06:02,756 [bc98b27f-878f-4dad-a502-417d70977e4e@group-61A0E12BB9B8-StateMachineUpdater] INFO  impl.StateMachineUpdater (StateMachineUpdater.java:lambda$new$0(88)) - bc98b27f-878f-4dad-a502-417d70977e4e@group-61A0E12BB9B8-StateMachineUpdater: snapshotIndex: updateIncreasingly -1 -> 0
2021-03-08 02:06:02,756 [bc98b27f-878f-4dad-a502-417d70977e4e@group-61A0E12BB9B8-StateMachineUpdater] INFO  metrics.RatisMetrics (RatisMetrics.java:unregister(43)) - Unregistering Metrics Registry : ratis.state_machine.bc98b27f-878f-4dad-a502-417d70977e4e@group-61A0E12BB9B8
2021-03-08 02:06:02,757 [ForkJoinPool.commonPool-worker-1] INFO  server.RaftServer$Division (ServerState.java:close(405)) - bc98b27f-878f-4dad-a502-417d70977e4e@group-61A0E12BB9B8: closes. applyIndex: 0
2021-03-08 02:06:02,757 [bc98b27f-878f-4dad-a502-417d70977e4e@group-61A0E12BB9B8-SegmentedRaftLogWorker] INFO  segmented.SegmentedRaftLogWorker (SegmentedRaftLogWorker.java:run(326)) - bc98b27f-878f-4dad-a502-417d70977e4e@group-61A0E12BB9B8-SegmentedRaftLogWorker was interrupted, exiting. There are 0 tasks remaining in the queue.
2021-03-08 02:06:02,757 [ForkJoinPool.commonPool-worker-1] INFO  segmented.SegmentedRaftLogWorker (SegmentedRaftLogWorker.java:close(236)) - bc98b27f-878f-4dad-a502-417d70977e4e@group-61A0E12BB9B8-SegmentedRaftLogWorker close()
2021-03-08 02:06:02,757 [ForkJoinPool.commonPool-worker-1] INFO  metrics.RatisMetrics (RatisMetrics.java:unregister(43)) - Unregistering Metrics Registry : ratis.log_worker.bc98b27f-878f-4dad-a502-417d70977e4e@group-61A0E12BB9B8
2021-03-08 02:06:02,757 [ForkJoinPool.commonPool-worker-1] INFO  metrics.RatisMetrics (RatisMetrics.java:unregister(43)) - Unregistering Metrics Registry : ratis.leader_election.bc98b27f-878f-4dad-a502-417d70977e4e@group-61A0E12BB9B8
2021-03-08 02:06:02,757 [ForkJoinPool.commonPool-worker-1] INFO  metrics.RatisMetrics (RatisMetrics.java:unregister(43)) - Unregistering Metrics Registry : ratis.server.bc98b27f-878f-4dad-a502-417d70977e4e@group-61A0E12BB9B8
2021-03-08 02:06:02,758 [ForkJoinPool.commonPool-worker-1] INFO  server.RaftServer$Division (RaftServerImpl.java:lambda$close$4(406)) - bc98b27f-878f-4dad-a502-417d70977e4e@group-507EAFB998CB: shutdown
2021-03-08 02:06:02,758 [ForkJoinPool.commonPool-worker-1] INFO  util.JmxRegister (JmxRegister.java:unregister(73)) - Successfully un-registered JMX Bean with object name Ratis:service=RaftServer,group=group-507EAFB998CB,id=bc98b27f-878f-4dad-a502-417d70977e4e
2021-03-08 02:06:02,758 [ForkJoinPool.commonPool-worker-1] INFO  impl.RoleInfo (RoleInfo.java:shutdownFollowerState(108)) - bc98b27f-878f-4dad-a502-417d70977e4e: shutdown bc98b27f-878f-4dad-a502-417d70977e4e@group-507EAFB998CB-FollowerState
2021-03-08 02:06:02,758 [Thread-4539] INFO  impl.FollowerState (FollowerState.java:run(142)) - bc98b27f-878f-4dad-a502-417d70977e4e@group-507EAFB998CB-FollowerState was interrupted: {}
java.lang.InterruptedException: sleep interrupted
	at java.lang.Thread.sleep(Native Method)
	at java.lang.Thread.sleep(Thread.java:340)
	at java.util.concurrent.TimeUnit.sleep(TimeUnit.java:386)
	at org.apache.ratis.util.TimeDuration.sleep(TimeDuration.java:324)
	at org.apache.ratis.util.TimeDuration.sleep(TimeDuration.java:309)
	at org.apache.ratis.server.impl.FollowerState.run(FollowerState.java:117)
2021-03-08 02:06:02,758 [bc98b27f-878f-4dad-a502-417d70977e4e@group-507EAFB998CB-StateMachineUpdater] INFO  ratis.ContainerStateMachine (ContainerStateMachine.java:takeSnapshot(291)) - group-507EAFB998CB: Taking a snapshot at:(t:5, i:0) file /github/workspace/mnt/ozone/hadoop-ozone/integration-test/target/test-dir/MiniOzoneClusterImpl-ccaa8949-4e5a-4858-a1f5-413699190f1a/datanode-2/data/ratis/314f1900-63e8-41f8-9152-507eafb998cb/sm/snapshot.5_0
2021-03-08 02:06:02,758 [ForkJoinPool.commonPool-worker-1] INFO  impl.StateMachineUpdater (StateMachineUpdater.java:stopAndJoin(148)) - bc98b27f-878f-4dad-a502-417d70977e4e@group-507EAFB998CB-StateMachineUpdater: set stopIndex = 0
2021-03-08 02:06:02,759 [bc98b27f-878f-4dad-a502-417d70977e4e@group-507EAFB998CB-StateMachineUpdater] INFO  ratis.ContainerStateMachine (ContainerStateMachine.java:takeSnapshot(302)) - group-507EAFB998CB: Finished taking a snapshot at:(t:5, i:0) file:/github/workspace/mnt/ozone/hadoop-ozone/integration-test/target/test-dir/MiniOzoneClusterImpl-ccaa8949-4e5a-4858-a1f5-413699190f1a/datanode-2/data/ratis/314f1900-63e8-41f8-9152-507eafb998cb/sm/snapshot.5_0 took: 1 ms
2021-03-08 02:06:02,759 [bc98b27f-878f-4dad-a502-417d70977e4e@group-507EAFB998CB-StateMachineUpdater] INFO  impl.StateMachineUpdater (StateMachineUpdater.java:takeSnapshot(279)) - bc98b27f-878f-4dad-a502-417d70977e4e@group-507EAFB998CB-StateMachineUpdater: Took a snapshot at index 0
2021-03-08 02:06:02,759 [bc98b27f-878f-4dad-a502-417d70977e4e@group-507EAFB998CB-StateMachineUpdater] INFO  impl.StateMachineUpdater (StateMachineUpdater.java:lambda$new$0(88)) - bc98b27f-878f-4dad-a502-417d70977e4e@group-507EAFB998CB-StateMachineUpdater: snapshotIndex: updateIncreasingly -1 -> 0
2021-03-08 02:06:02,760 [bc98b27f-878f-4dad-a502-417d70977e4e@group-507EAFB998CB-StateMachineUpdater] INFO  metrics.RatisMetrics (RatisMetrics.java:unregister(43)) - Unregistering Metrics Registry : ratis.state_machine.bc98b27f-878f-4dad-a502-417d70977e4e@group-507EAFB998CB
2021-03-08 02:06:02,760 [ForkJoinPool.commonPool-worker-1] INFO  server.RaftServer$Division (ServerState.java:close(405)) - bc98b27f-878f-4dad-a502-417d70977e4e@group-507EAFB998CB: closes. applyIndex: 0
2021-03-08 02:06:02,760 [bc98b27f-878f-4dad-a502-417d70977e4e@group-507EAFB998CB-SegmentedRaftLogWorker] INFO  segmented.SegmentedRaftLogWorker (SegmentedRaftLogWorker.java:run(326)) - bc98b27f-878f-4dad-a502-417d70977e4e@group-507EAFB998CB-SegmentedRaftLogWorker was interrupted, exiting. There are 0 tasks remaining in the queue.
2021-03-08 02:06:02,760 [ForkJoinPool.commonPool-worker-1] INFO  segmented.SegmentedRaftLogWorker (SegmentedRaftLogWorker.java:close(236)) - bc98b27f-878f-4dad-a502-417d70977e4e@group-507EAFB998CB-SegmentedRaftLogWorker close()
2021-03-08 02:06:02,760 [ForkJoinPool.commonPool-worker-1] INFO  metrics.RatisMetrics (RatisMetrics.java:unregister(43)) - Unregistering Metrics Registry : ratis.log_worker.bc98b27f-878f-4dad-a502-417d70977e4e@group-507EAFB998CB
2021-03-08 02:06:02,761 [ForkJoinPool.commonPool-worker-1] INFO  metrics.RatisMetrics (RatisMetrics.java:unregister(43)) - Unregistering Metrics Registry : ratis.leader_election.bc98b27f-878f-4dad-a502-417d70977e4e@group-507EAFB998CB
2021-03-08 02:06:02,761 [ForkJoinPool.commonPool-worker-1] INFO  metrics.RatisMetrics (RatisMetrics.java:unregister(43)) - Unregistering Metrics Registry : ratis.server.bc98b27f-878f-4dad-a502-417d70977e4e@group-507EAFB998CB
2021-03-08 02:06:02,761 [ForkJoinPool.commonPool-worker-1] INFO  server.RaftServer$Division (RaftServerImpl.java:lambda$close$4(406)) - bc98b27f-878f-4dad-a502-417d70977e4e@group-5CA67261F62C: shutdown
2021-03-08 02:06:02,761 [ForkJoinPool.commonPool-worker-1] INFO  util.JmxRegister (JmxRegister.java:unregister(73)) - Successfully un-registered JMX Bean with object name Ratis:service=RaftServer,group=group-5CA67261F62C,id=bc98b27f-878f-4dad-a502-417d70977e4e
2021-03-08 02:06:02,761 [ForkJoinPool.commonPool-worker-1] INFO  impl.RoleInfo (RoleInfo.java:shutdownLeaderState(91)) - bc98b27f-878f-4dad-a502-417d70977e4e: shutdown bc98b27f-878f-4dad-a502-417d70977e4e@group-5CA67261F62C-LeaderStateImpl
2021-03-08 02:06:02,761 [ForkJoinPool.commonPool-worker-1] INFO  metrics.RatisMetrics (RatisMetrics.java:unregister(43)) - Unregistering Metrics Registry : ratis_grpc.log_appender.bc98b27f-878f-4dad-a502-417d70977e4e@group-5CA67261F62C
2021-03-08 02:06:02,762 [ForkJoinPool.commonPool-worker-1] INFO  metrics.RatisMetrics (RatisMetrics.java:unregister(43)) - Unregistering Metrics Registry : ratis_grpc.log_appender.bc98b27f-878f-4dad-a502-417d70977e4e@group-5CA67261F62C
2021-03-08 02:06:02,762 [bc98b27f-878f-4dad-a502-417d70977e4e@group-5CA67261F62C->6ba9ab1d-3af3-415d-b63e-d033c6891994-GrpcLogAppender-LogAppenderDaemon] WARN  server.GrpcLogAppender (GrpcLogAppender.java:mayWait(175)) - bc98b27f-878f-4dad-a502-417d70977e4e@group-5CA67261F62C->6ba9ab1d-3af3-415d-b63e-d033c6891994-GrpcLogAppender: Wait interrupted by java.lang.InterruptedException
2021-03-08 02:06:02,762 [ForkJoinPool.commonPool-worker-1] INFO  impl.PendingRequests (PendingRequests.java:sendNotLeaderResponses(249)) - bc98b27f-878f-4dad-a502-417d70977e4e@group-5CA67261F62C-PendingRequests: sendNotLeaderResponses
2021-03-08 02:06:02,762 [bc98b27f-878f-4dad-a502-417d70977e4e@group-5CA67261F62C->92084499-c42d-4e9c-90ed-faecbf58ca46-GrpcLogAppender-LogAppenderDaemon] WARN  server.GrpcLogAppender (GrpcLogAppender.java:mayWait(175)) - bc98b27f-878f-4dad-a502-417d70977e4e@group-5CA67261F62C->92084499-c42d-4e9c-90ed-faecbf58ca46-GrpcLogAppender: Wait interrupted by java.lang.InterruptedException
2021-03-08 02:06:02,762 [grpc-default-executor-8] INFO  server.GrpcServerProtocolService (GrpcServerProtocolService.java:onCompleted(138)) - 92084499-c42d-4e9c-90ed-faecbf58ca46: Completed APPEND_ENTRIES, lastRequest: bc98b27f-878f-4dad-a502-417d70977e4e->92084499-c42d-4e9c-90ed-faecbf58ca46#42-t2,previous=(t:2, i:12),leaderCommit=12,initializing? true,entries: size=1, first=(t:2, i:13), METADATAENTRY(c:12)
2021-03-08 02:06:02,762 [grpc-default-executor-9] INFO  server.GrpcLogAppender (GrpcLogAppender.java:onCompleted(344)) - bc98b27f-878f-4dad-a502-417d70977e4e@group-5CA67261F62C->92084499-c42d-4e9c-90ed-faecbf58ca46-AppendLogResponseHandler: follower responses appendEntries COMPLETED
2021-03-08 02:06:02,763 [grpc-default-executor-9] INFO  leader.FollowerInfo (FollowerInfoImpl.java:lambda$new$0(46)) - bc98b27f-878f-4dad-a502-417d70977e4e@group-5CA67261F62C->92084499-c42d-4e9c-90ed-faecbf58ca46: nextIndex: updateUnconditionally 14 -> 13
2021-03-08 02:06:02,781 [Listener at 127.0.0.1/34517] INFO  metrics.RatisMetrics (RatisMetrics.java:unregister(43)) - Unregistering Metrics Registry : ratis.log_appender.2e2b7c4f-1fa0-4360-84eb-5aea739d5e5f@group-7928B19B14F4
2021-03-08 02:06:02,781 [Listener at 127.0.0.1/34517] INFO  metrics.RatisMetrics (RatisMetrics.java:unregister(43)) - Unregistering Metrics Registry : ratis.server.2e2b7c4f-1fa0-4360-84eb-5aea739d5e5f@group-7928B19B14F4
2021-03-08 02:06:02,783 [Listener at 127.0.0.1/34517] INFO  impl.StateMachineUpdater (StateMachineUpdater.java:stopAndJoin(148)) - 2e2b7c4f-1fa0-4360-84eb-5aea739d5e5f@group-7928B19B14F4-StateMachineUpdater: set stopIndex = 2
2021-03-08 02:06:02,783 [2e2b7c4f-1fa0-4360-84eb-5aea739d5e5f@group-7928B19B14F4-StateMachineUpdater] INFO  ratis.ContainerStateMachine (ContainerStateMachine.java:takeSnapshot(291)) - group-7928B19B14F4: Taking a snapshot at:(t:3, i:2) file /github/workspace/mnt/ozone/hadoop-ozone/integration-test/target/test-dir/MiniOzoneClusterImpl-ccaa8949-4e5a-4858-a1f5-413699190f1a/datanode-3/data/ratis/54dfee42-7205-45d5-ac51-7928b19b14f4/sm/snapshot.3_2
2021-03-08 02:06:02,784 [2e2b7c4f-1fa0-4360-84eb-5aea739d5e5f@group-7928B19B14F4-StateMachineUpdater] INFO  ratis.ContainerStateMachine (ContainerStateMachine.java:takeSnapshot(302)) - group-7928B19B14F4: Finished taking a snapshot at:(t:3, i:2) file:/github/workspace/mnt/ozone/hadoop-ozone/integration-test/target/test-dir/MiniOzoneClusterImpl-ccaa8949-4e5a-4858-a1f5-413699190f1a/datanode-3/data/ratis/54dfee42-7205-45d5-ac51-7928b19b14f4/sm/snapshot.3_2 took: 1 ms
2021-03-08 02:06:02,784 [2e2b7c4f-1fa0-4360-84eb-5aea739d5e5f@group-7928B19B14F4-StateMachineUpdater] INFO  impl.StateMachineUpdater (StateMachineUpdater.java:takeSnapshot(279)) - 2e2b7c4f-1fa0-4360-84eb-5aea739d5e5f@group-7928B19B14F4-StateMachineUpdater: Took a snapshot at index 2
2021-03-08 02:06:02,784 [2e2b7c4f-1fa0-4360-84eb-5aea739d5e5f@group-7928B19B14F4-StateMachineUpdater] INFO  impl.StateMachineUpdater (StateMachineUpdater.java:lambda$new$0(88)) - 2e2b7c4f-1fa0-4360-84eb-5aea739d5e5f@group-7928B19B14F4-StateMachineUpdater: snapshotIndex: updateIncreasingly -1 -> 2
2021-03-08 02:06:02,784 [2e2b7c4f-1fa0-4360-84eb-5aea739d5e5f@group-7928B19B14F4-StateMachineUpdater] INFO  metrics.RatisMetrics (RatisMetrics.java:unregister(43)) - Unregistering Metrics Registry : ratis.state_machine.2e2b7c4f-1fa0-4360-84eb-5aea739d5e5f@group-7928B19B14F4
2021-03-08 02:06:02,784 [Listener at 127.0.0.1/34517] INFO  server.RaftServer$Division (ServerState.java:close(405)) - 2e2b7c4f-1fa0-4360-84eb-5aea739d5e5f@group-7928B19B14F4: closes. applyIndex: 2
2021-03-08 02:06:02,785 [2e2b7c4f-1fa0-4360-84eb-5aea739d5e5f@group-7928B19B14F4-SegmentedRaftLogWorker] INFO  segmented.SegmentedRaftLogWorker (SegmentedRaftLogWorker.java:run(326)) - 2e2b7c4f-1fa0-4360-84eb-5aea739d5e5f@group-7928B19B14F4-SegmentedRaftLogWorker was interrupted, exiting. There are 0 tasks remaining in the queue.
2021-03-08 02:06:02,786 [ForkJoinPool.commonPool-worker-1] INFO  metrics.RatisMetrics (RatisMetrics.java:unregister(43)) - Unregistering Metrics Registry : ratis.log_appender.bc98b27f-878f-4dad-a502-417d70977e4e@group-5CA67261F62C
2021-03-08 02:06:02,786 [ForkJoinPool.commonPool-worker-1] INFO  metrics.RatisMetrics (RatisMetrics.java:unregister(43)) - Unregistering Metrics Registry : ratis.server.bc98b27f-878f-4dad-a502-417d70977e4e@group-5CA67261F62C
2021-03-08 02:06:02,787 [ForkJoinPool.commonPool-worker-1] INFO  impl.StateMachineUpdater (StateMachineUpdater.java:stopAndJoin(148)) - bc98b27f-878f-4dad-a502-417d70977e4e@group-5CA67261F62C-StateMachineUpdater: set stopIndex = 13
2021-03-08 02:06:02,787 [bc98b27f-878f-4dad-a502-417d70977e4e@group-5CA67261F62C-StateMachineUpdater] INFO  ratis.ContainerStateMachine (ContainerStateMachine.java:takeSnapshot(291)) - group-5CA67261F62C: Taking a snapshot at:(t:2, i:13) file /github/workspace/mnt/ozone/hadoop-ozone/integration-test/target/test-dir/MiniOzoneClusterImpl-ccaa8949-4e5a-4858-a1f5-413699190f1a/datanode-2/data/ratis/fe419e3b-18d5-4c91-9f2d-5ca67261f62c/sm/snapshot.2_13
2021-03-08 02:06:02,791 [Listener at 127.0.0.1/34517] INFO  segmented.SegmentedRaftLogWorker (SegmentedRaftLogWorker.java:close(236)) - 2e2b7c4f-1fa0-4360-84eb-5aea739d5e5f@group-7928B19B14F4-SegmentedRaftLogWorker close()
2021-03-08 02:06:02,791 [Listener at 127.0.0.1/34517] INFO  metrics.RatisMetrics (RatisMetrics.java:unregister(43)) - Unregistering Metrics Registry : ratis.log_worker.2e2b7c4f-1fa0-4360-84eb-5aea739d5e5f@group-7928B19B14F4
2021-03-08 02:06:02,791 [Listener at 127.0.0.1/34517] INFO  metrics.RatisMetrics (RatisMetrics.java:unregister(43)) - Unregistering Metrics Registry : ratis.leader_election.2e2b7c4f-1fa0-4360-84eb-5aea739d5e5f@group-7928B19B14F4
2021-03-08 02:06:02,791 [Listener at 127.0.0.1/34517] INFO  metrics.RatisMetrics (RatisMetrics.java:unregister(43)) - Unregistering Metrics Registry : ratis.server.2e2b7c4f-1fa0-4360-84eb-5aea739d5e5f@group-7928B19B14F4
2021-03-08 02:06:02,791 [Listener at 127.0.0.1/34517] INFO  server.RaftServer$Division (RaftServerImpl.java:lambda$close$4(406)) - 2e2b7c4f-1fa0-4360-84eb-5aea739d5e5f@group-73197B762FF1: shutdown
2021-03-08 02:06:02,791 [Listener at 127.0.0.1/34517] INFO  util.JmxRegister (JmxRegister.java:unregister(73)) - Successfully un-registered JMX Bean with object name Ratis:service=RaftServer,group=group-73197B762FF1,id=2e2b7c4f-1fa0-4360-84eb-5aea739d5e5f
2021-03-08 02:06:02,792 [Listener at 127.0.0.1/34517] INFO  impl.RoleInfo (RoleInfo.java:shutdownFollowerState(108)) - 2e2b7c4f-1fa0-4360-84eb-5aea739d5e5f: shutdown 2e2b7c4f-1fa0-4360-84eb-5aea739d5e5f@group-73197B762FF1-FollowerState
2021-03-08 02:06:02,792 [Listener at 127.0.0.1/34517] INFO  impl.StateMachineUpdater (StateMachineUpdater.java:stopAndJoin(148)) - 2e2b7c4f-1fa0-4360-84eb-5aea739d5e5f@group-73197B762FF1-StateMachineUpdater: set stopIndex = 0
2021-03-08 02:06:02,792 [2e2b7c4f-1fa0-4360-84eb-5aea739d5e5f@group-73197B762FF1-StateMachineUpdater] INFO  ratis.ContainerStateMachine (ContainerStateMachine.java:takeSnapshot(291)) - group-73197B762FF1: Taking a snapshot at:(t:7, i:0) file /github/workspace/mnt/ozone/hadoop-ozone/integration-test/target/test-dir/MiniOzoneClusterImpl-ccaa8949-4e5a-4858-a1f5-413699190f1a/datanode-3/data/ratis/08a3fe71-0329-4143-ad3d-73197b762ff1/sm/snapshot.7_0
2021-03-08 02:06:02,792 [Thread-4626] INFO  impl.FollowerState (FollowerState.java:run(142)) - 2e2b7c4f-1fa0-4360-84eb-5aea739d5e5f@group-73197B762FF1-FollowerState was interrupted: {}
java.lang.InterruptedException: sleep interrupted
	at java.lang.Thread.sleep(Native Method)
	at java.lang.Thread.sleep(Thread.java:340)
	at java.util.concurrent.TimeUnit.sleep(TimeUnit.java:386)
	at org.apache.ratis.util.TimeDuration.sleep(TimeDuration.java:324)
	at org.apache.ratis.util.TimeDuration.sleep(TimeDuration.java:309)
	at org.apache.ratis.server.impl.FollowerState.run(FollowerState.java:117)
2021-03-08 02:06:02,803 [2e2b7c4f-1fa0-4360-84eb-5aea739d5e5f@group-73197B762FF1-StateMachineUpdater] INFO  ratis.ContainerStateMachine (ContainerStateMachine.java:takeSnapshot(302)) - group-73197B762FF1: Finished taking a snapshot at:(t:7, i:0) file:/github/workspace/mnt/ozone/hadoop-ozone/integration-test/target/test-dir/MiniOzoneClusterImpl-ccaa8949-4e5a-4858-a1f5-413699190f1a/datanode-3/data/ratis/08a3fe71-0329-4143-ad3d-73197b762ff1/sm/snapshot.7_0 took: 11 ms
2021-03-08 02:06:02,803 [2e2b7c4f-1fa0-4360-84eb-5aea739d5e5f@group-73197B762FF1-StateMachineUpdater] INFO  impl.StateMachineUpdater (StateMachineUpdater.java:takeSnapshot(279)) - 2e2b7c4f-1fa0-4360-84eb-5aea739d5e5f@group-73197B762FF1-StateMachineUpdater: Took a snapshot at index 0
2021-03-08 02:06:02,803 [2e2b7c4f-1fa0-4360-84eb-5aea739d5e5f@group-73197B762FF1-StateMachineUpdater] INFO  impl.StateMachineUpdater (StateMachineUpdater.java:lambda$new$0(88)) - 2e2b7c4f-1fa0-4360-84eb-5aea739d5e5f@group-73197B762FF1-StateMachineUpdater: snapshotIndex: updateIncreasingly -1 -> 0
2021-03-08 02:06:02,803 [2e2b7c4f-1fa0-4360-84eb-5aea739d5e5f@group-73197B762FF1-StateMachineUpdater] INFO  metrics.RatisMetrics (RatisMetrics.java:unregister(43)) - Unregistering Metrics Registry : ratis.state_machine.2e2b7c4f-1fa0-4360-84eb-5aea739d5e5f@group-73197B762FF1
2021-03-08 02:06:02,804 [Listener at 127.0.0.1/34517] INFO  server.RaftServer$Division (ServerState.java:close(405)) - 2e2b7c4f-1fa0-4360-84eb-5aea739d5e5f@group-73197B762FF1: closes. applyIndex: 0
2021-03-08 02:06:02,804 [bc98b27f-878f-4dad-a502-417d70977e4e@group-5CA67261F62C-StateMachineUpdater] INFO  ratis.ContainerStateMachine (ContainerStateMachine.java:takeSnapshot(302)) - group-5CA67261F62C: Finished taking a snapshot at:(t:2, i:13) file:/github/workspace/mnt/ozone/hadoop-ozone/integration-test/target/test-dir/MiniOzoneClusterImpl-ccaa8949-4e5a-4858-a1f5-413699190f1a/datanode-2/data/ratis/fe419e3b-18d5-4c91-9f2d-5ca67261f62c/sm/snapshot.2_13 took: 16 ms
2021-03-08 02:06:02,804 [2e2b7c4f-1fa0-4360-84eb-5aea739d5e5f@group-73197B762FF1-SegmentedRaftLogWorker] INFO  segmented.SegmentedRaftLogWorker (SegmentedRaftLogWorker.java:run(326)) - 2e2b7c4f-1fa0-4360-84eb-5aea739d5e5f@group-73197B762FF1-SegmentedRaftLogWorker was interrupted, exiting. There are 0 tasks remaining in the queue.
2021-03-08 02:06:02,804 [bc98b27f-878f-4dad-a502-417d70977e4e@group-5CA67261F62C-StateMachineUpdater] INFO  impl.StateMachineUpdater (StateMachineUpdater.java:takeSnapshot(279)) - bc98b27f-878f-4dad-a502-417d70977e4e@group-5CA67261F62C-StateMachineUpdater: Took a snapshot at index 13
2021-03-08 02:06:02,804 [bc98b27f-878f-4dad-a502-417d70977e4e@group-5CA67261F62C-StateMachineUpdater] INFO  impl.StateMachineUpdater (StateMachineUpdater.java:lambda$new$0(88)) - bc98b27f-878f-4dad-a502-417d70977e4e@group-5CA67261F62C-StateMachineUpdater: snapshotIndex: updateIncreasingly -1 -> 13
2021-03-08 02:06:02,804 [bc98b27f-878f-4dad-a502-417d70977e4e@group-5CA67261F62C-StateMachineUpdater] INFO  metrics.RatisMetrics (RatisMetrics.java:unregister(43)) - Unregistering Metrics Registry : ratis.state_machine.bc98b27f-878f-4dad-a502-417d70977e4e@group-5CA67261F62C
2021-03-08 02:06:02,804 [Listener at 127.0.0.1/34517] INFO  segmented.SegmentedRaftLogWorker (SegmentedRaftLogWorker.java:close(236)) - 2e2b7c4f-1fa0-4360-84eb-5aea739d5e5f@group-73197B762FF1-SegmentedRaftLogWorker close()
2021-03-08 02:06:02,804 [Listener at 127.0.0.1/34517] INFO  metrics.RatisMetrics (RatisMetrics.java:unregister(43)) - Unregistering Metrics Registry : ratis.log_worker.2e2b7c4f-1fa0-4360-84eb-5aea739d5e5f@group-73197B762FF1
2021-03-08 02:06:02,804 [Listener at 127.0.0.1/34517] INFO  metrics.RatisMetrics (RatisMetrics.java:unregister(43)) - Unregistering Metrics Registry : ratis.leader_election.2e2b7c4f-1fa0-4360-84eb-5aea739d5e5f@group-73197B762FF1
2021-03-08 02:06:02,805 [Listener at 127.0.0.1/34517] INFO  metrics.RatisMetrics (RatisMetrics.java:unregister(43)) - Unregistering Metrics Registry : ratis.server.2e2b7c4f-1fa0-4360-84eb-5aea739d5e5f@group-73197B762FF1
2021-03-08 02:06:02,805 [Listener at 127.0.0.1/34517] INFO  server.GrpcService (GrpcService.java:closeImpl(262)) - 2e2b7c4f-1fa0-4360-84eb-5aea739d5e5f: shutdown server with port 45357 now
2021-03-08 02:06:02,805 [ForkJoinPool.commonPool-worker-1] INFO  server.RaftServer$Division (ServerState.java:close(405)) - bc98b27f-878f-4dad-a502-417d70977e4e@group-5CA67261F62C: closes. applyIndex: 13
2021-03-08 02:06:02,805 [bc98b27f-878f-4dad-a502-417d70977e4e@group-5CA67261F62C-SegmentedRaftLogWorker] INFO  segmented.SegmentedRaftLogWorker (SegmentedRaftLogWorker.java:run(326)) - bc98b27f-878f-4dad-a502-417d70977e4e@group-5CA67261F62C-SegmentedRaftLogWorker was interrupted, exiting. There are 0 tasks remaining in the queue.
2021-03-08 02:06:02,805 [ForkJoinPool.commonPool-worker-1] INFO  segmented.SegmentedRaftLogWorker (SegmentedRaftLogWorker.java:close(236)) - bc98b27f-878f-4dad-a502-417d70977e4e@group-5CA67261F62C-SegmentedRaftLogWorker close()
2021-03-08 02:06:02,805 [ForkJoinPool.commonPool-worker-1] INFO  metrics.RatisMetrics (RatisMetrics.java:unregister(43)) - Unregistering Metrics Registry : ratis.log_worker.bc98b27f-878f-4dad-a502-417d70977e4e@group-5CA67261F62C
2021-03-08 02:06:02,806 [ForkJoinPool.commonPool-worker-1] INFO  metrics.RatisMetrics (RatisMetrics.java:unregister(43)) - Unregistering Metrics Registry : ratis.leader_election.bc98b27f-878f-4dad-a502-417d70977e4e@group-5CA67261F62C
2021-03-08 02:06:02,806 [ForkJoinPool.commonPool-worker-1] INFO  metrics.RatisMetrics (RatisMetrics.java:unregister(43)) - Unregistering Metrics Registry : ratis.server.bc98b27f-878f-4dad-a502-417d70977e4e@group-5CA67261F62C
2021-03-08 02:06:02,806 [ForkJoinPool.commonPool-worker-1] INFO  server.RaftServer$Division (RaftServerImpl.java:lambda$close$4(406)) - bc98b27f-878f-4dad-a502-417d70977e4e@group-A36F55C25C0F: shutdown
2021-03-08 02:06:02,806 [ForkJoinPool.commonPool-worker-1] INFO  util.JmxRegister (JmxRegister.java:unregister(73)) - Successfully un-registered JMX Bean with object name Ratis:service=RaftServer,group=group-A36F55C25C0F,id=bc98b27f-878f-4dad-a502-417d70977e4e
2021-03-08 02:06:02,806 [ForkJoinPool.commonPool-worker-1] INFO  impl.RoleInfo (RoleInfo.java:shutdownFollowerState(108)) - bc98b27f-878f-4dad-a502-417d70977e4e: shutdown bc98b27f-878f-4dad-a502-417d70977e4e@group-A36F55C25C0F-FollowerState
2021-03-08 02:06:02,806 [ForkJoinPool.commonPool-worker-1] INFO  impl.StateMachineUpdater (StateMachineUpdater.java:stopAndJoin(148)) - bc98b27f-878f-4dad-a502-417d70977e4e@group-A36F55C25C0F-StateMachineUpdater: set stopIndex = 3
2021-03-08 02:06:02,806 [Thread-4710] INFO  impl.FollowerState (FollowerState.java:run(142)) - bc98b27f-878f-4dad-a502-417d70977e4e@group-A36F55C25C0F-FollowerState was interrupted: {}
java.lang.InterruptedException: sleep interrupted
	at java.lang.Thread.sleep(Native Method)
	at java.lang.Thread.sleep(Thread.java:340)
	at java.util.concurrent.TimeUnit.sleep(TimeUnit.java:386)
	at org.apache.ratis.util.TimeDuration.sleep(TimeDuration.java:324)
	at org.apache.ratis.util.TimeDuration.sleep(TimeDuration.java:309)
	at org.apache.ratis.server.impl.FollowerState.run(FollowerState.java:117)
2021-03-08 02:06:02,807 [bc98b27f-878f-4dad-a502-417d70977e4e@group-A36F55C25C0F-StateMachineUpdater] INFO  ratis.ContainerStateMachine (ContainerStateMachine.java:takeSnapshot(291)) - group-A36F55C25C0F: Taking a snapshot at:(t:9, i:3) file /github/workspace/mnt/ozone/hadoop-ozone/integration-test/target/test-dir/MiniOzoneClusterImpl-ccaa8949-4e5a-4858-a1f5-413699190f1a/datanode-2/data/ratis/92402027-9cee-4719-af58-a36f55c25c0f/sm/snapshot.9_3
2021-03-08 02:06:02,809 [bc98b27f-878f-4dad-a502-417d70977e4e@group-A36F55C25C0F-StateMachineUpdater] INFO  ratis.ContainerStateMachine (ContainerStateMachine.java:takeSnapshot(302)) - group-A36F55C25C0F: Finished taking a snapshot at:(t:9, i:3) file:/github/workspace/mnt/ozone/hadoop-ozone/integration-test/target/test-dir/MiniOzoneClusterImpl-ccaa8949-4e5a-4858-a1f5-413699190f1a/datanode-2/data/ratis/92402027-9cee-4719-af58-a36f55c25c0f/sm/snapshot.9_3 took: 3 ms
2021-03-08 02:06:02,809 [bc98b27f-878f-4dad-a502-417d70977e4e@group-A36F55C25C0F-StateMachineUpdater] INFO  impl.StateMachineUpdater (StateMachineUpdater.java:takeSnapshot(279)) - bc98b27f-878f-4dad-a502-417d70977e4e@group-A36F55C25C0F-StateMachineUpdater: Took a snapshot at index 3
2021-03-08 02:06:02,809 [bc98b27f-878f-4dad-a502-417d70977e4e@group-A36F55C25C0F-StateMachineUpdater] INFO  impl.StateMachineUpdater (StateMachineUpdater.java:lambda$new$0(88)) - bc98b27f-878f-4dad-a502-417d70977e4e@group-A36F55C25C0F-StateMachineUpdater: snapshotIndex: updateIncreasingly -1 -> 3
2021-03-08 02:06:02,809 [bc98b27f-878f-4dad-a502-417d70977e4e@group-A36F55C25C0F-StateMachineUpdater] INFO  metrics.RatisMetrics (RatisMetrics.java:unregister(43)) - Unregistering Metrics Registry : ratis.state_machine.bc98b27f-878f-4dad-a502-417d70977e4e@group-A36F55C25C0F
2021-03-08 02:06:02,810 [grpc-default-executor-8] WARN  server.GrpcServerProtocolService (LogUtils.java:warn(122)) - 2e2b7c4f-1fa0-4360-84eb-5aea739d5e5f: installSnapshot onError, lastRequest: c7780af0-0f31-4130-b62a-7061a7bbaf6d->2e2b7c4f-1fa0-4360-84eb-5aea739d5e5f#1-t7,previous=(t:0, i:0),leaderCommit=-1,initializing? true,entries: size=1, first=(t:7, i:0), CONFIGURATIONENTRY: org.apache.ratis.thirdparty.io.grpc.StatusRuntimeException: CANCELLED: client cancelled
2021-03-08 02:06:02,810 [grpc-default-executor-6] WARN  server.GrpcLogAppender (LogUtils.java:warn(122)) - c7780af0-0f31-4130-b62a-7061a7bbaf6d@group-73197B762FF1->2e2b7c4f-1fa0-4360-84eb-5aea739d5e5f-AppendLogResponseHandler: Failed appendEntries: org.apache.ratis.thirdparty.io.grpc.StatusRuntimeException: CANCELLED: HTTP/2 error code: CANCEL
Received Rst Stream
2021-03-08 02:06:02,810 [grpc-default-executor-6] WARN  server.GrpcLogAppender (GrpcLogAppender.java:resetClient(111)) - c7780af0-0f31-4130-b62a-7061a7bbaf6d@group-73197B762FF1->2e2b7c4f-1fa0-4360-84eb-5aea739d5e5f-GrpcLogAppender: Leader has not got in touch with Follower c7780af0-0f31-4130-b62a-7061a7bbaf6d@group-73197B762FF1->2e2b7c4f-1fa0-4360-84eb-5aea739d5e5f(c0,m0,n1, attendVote=true, lastRpcSendTime=1004, lastRpcResponseTime=999) yet, just keep nextIndex unchanged and retry.
2021-03-08 02:06:02,810 [ForkJoinPool.commonPool-worker-1] INFO  server.RaftServer$Division (ServerState.java:close(405)) - bc98b27f-878f-4dad-a502-417d70977e4e@group-A36F55C25C0F: closes. applyIndex: 3
2021-03-08 02:06:02,810 [bc98b27f-878f-4dad-a502-417d70977e4e@group-A36F55C25C0F-SegmentedRaftLogWorker] INFO  segmented.SegmentedRaftLogWorker (SegmentedRaftLogWorker.java:run(326)) - bc98b27f-878f-4dad-a502-417d70977e4e@group-A36F55C25C0F-SegmentedRaftLogWorker was interrupted, exiting. There are 0 tasks remaining in the queue.
2021-03-08 02:06:02,813 [Listener at 127.0.0.1/34517] INFO  server.GrpcService (GrpcService.java:closeImpl(271)) - 2e2b7c4f-1fa0-4360-84eb-5aea739d5e5f: shutdown server with port 45357 successfully
2021-03-08 02:06:02,813 [org.apache.ratis.util.JvmPauseMonitor$$Lambda$504/1646982022@38cd650d] INFO  util.JvmPauseMonitor (JvmPauseMonitor.java:run(109)) - JvmPauseMonitor-2e2b7c4f-1fa0-4360-84eb-5aea739d5e5f: Stopped
2021-03-08 02:06:02,813 [Listener at 127.0.0.1/34517] INFO  utils.BackgroundService (BackgroundService.java:shutdown(132)) - Shutting down service BlockDeletingService
2021-03-08 02:06:02,814 [ForkJoinPool.commonPool-worker-1] INFO  segmented.SegmentedRaftLogWorker (SegmentedRaftLogWorker.java:close(236)) - bc98b27f-878f-4dad-a502-417d70977e4e@group-A36F55C25C0F-SegmentedRaftLogWorker close()
2021-03-08 02:06:02,815 [ForkJoinPool.commonPool-worker-1] INFO  metrics.RatisMetrics (RatisMetrics.java:unregister(43)) - Unregistering Metrics Registry : ratis.log_worker.bc98b27f-878f-4dad-a502-417d70977e4e@group-A36F55C25C0F
2021-03-08 02:06:02,815 [ForkJoinPool.commonPool-worker-1] INFO  metrics.RatisMetrics (RatisMetrics.java:unregister(43)) - Unregistering Metrics Registry : ratis.leader_election.bc98b27f-878f-4dad-a502-417d70977e4e@group-A36F55C25C0F
2021-03-08 02:06:02,815 [ForkJoinPool.commonPool-worker-1] INFO  metrics.RatisMetrics (RatisMetrics.java:unregister(43)) - Unregistering Metrics Registry : ratis.server.bc98b27f-878f-4dad-a502-417d70977e4e@group-A36F55C25C0F
2021-03-08 02:06:02,815 [ForkJoinPool.commonPool-worker-1] INFO  server.GrpcService (GrpcService.java:closeImpl(262)) - bc98b27f-878f-4dad-a502-417d70977e4e: shutdown server with port 44359 now
2021-03-08 02:06:02,816 [grpc-default-executor-7] WARN  server.GrpcServerProtocolService (LogUtils.java:warn(122)) - bc98b27f-878f-4dad-a502-417d70977e4e: installSnapshot onError, lastRequest: 92084499-c42d-4e9c-90ed-faecbf58ca46->bc98b27f-878f-4dad-a502-417d70977e4e#2-t9,previous=(t:9, i:3),leaderCommit=3,initializing? true,entries: size=1, first=(t:9, i:4), METADATAENTRY(c:3): org.apache.ratis.thirdparty.io.grpc.StatusRuntimeException: CANCELLED: client cancelled
2021-03-08 02:06:02,817 [grpc-default-executor-8] WARN  server.GrpcServerProtocolService (LogUtils.java:warn(122)) - bc98b27f-878f-4dad-a502-417d70977e4e: installSnapshot onError, lastRequest: 92084499-c42d-4e9c-90ed-faecbf58ca46->bc98b27f-878f-4dad-a502-417d70977e4e#1-t5,previous=(t:0, i:0),leaderCommit=-1,initializing? true,entries: size=1, first=(t:5, i:0), CONFIGURATIONENTRY: org.apache.ratis.thirdparty.io.grpc.StatusRuntimeException: CANCELLED: client cancelled
2021-03-08 02:06:02,817 [grpc-default-executor-9] WARN  server.GrpcLogAppender (LogUtils.java:warn(122)) - 92084499-c42d-4e9c-90ed-faecbf58ca46@group-A36F55C25C0F->bc98b27f-878f-4dad-a502-417d70977e4e-AppendLogResponseHandler: Failed appendEntries: org.apache.ratis.thirdparty.io.grpc.StatusRuntimeException: CANCELLED: HTTP/2 error code: CANCEL
Received Rst Stream
2021-03-08 02:06:02,817 [grpc-default-executor-9] INFO  leader.FollowerInfo (FollowerInfoImpl.java:lambda$new$0(46)) - 92084499-c42d-4e9c-90ed-faecbf58ca46@group-A36F55C25C0F->bc98b27f-878f-4dad-a502-417d70977e4e: nextIndex: updateUnconditionally 5 -> 4
2021-03-08 02:06:02,818 [grpc-default-executor-8] WARN  server.GrpcLogAppender (LogUtils.java:warn(122)) - 92084499-c42d-4e9c-90ed-faecbf58ca46@group-507EAFB998CB->bc98b27f-878f-4dad-a502-417d70977e4e-AppendLogResponseHandler: Failed appendEntries: org.apache.ratis.thirdparty.io.grpc.StatusRuntimeException: CANCELLED: HTTP/2 error code: CANCEL
Received Rst Stream
2021-03-08 02:06:02,818 [grpc-default-executor-8] WARN  server.GrpcLogAppender (GrpcLogAppender.java:resetClient(111)) - 92084499-c42d-4e9c-90ed-faecbf58ca46@group-507EAFB998CB->bc98b27f-878f-4dad-a502-417d70977e4e-GrpcLogAppender: Leader has not got in touch with Follower 92084499-c42d-4e9c-90ed-faecbf58ca46@group-507EAFB998CB->bc98b27f-878f-4dad-a502-417d70977e4e(c0,m0,n1, attendVote=true, lastRpcSendTime=1883, lastRpcResponseTime=1879) yet, just keep nextIndex unchanged and retry.
2021-03-08 02:06:02,820 [ForkJoinPool.commonPool-worker-1] INFO  server.GrpcService (GrpcService.java:closeImpl(271)) - bc98b27f-878f-4dad-a502-417d70977e4e: shutdown server with port 44359 successfully
2021-03-08 02:06:02,821 [org.apache.ratis.util.JvmPauseMonitor$$Lambda$504/1646982022@7c77ee91] INFO  util.JvmPauseMonitor (JvmPauseMonitor.java:run(109)) - JvmPauseMonitor-bc98b27f-878f-4dad-a502-417d70977e4e: Stopped
2021-03-08 02:06:02,826 [Listener at 127.0.0.1/34517] INFO  statemachine.DatanodeStateMachine (DatanodeStateMachine.java:stopDaemon(469)) - Ozone container server stopped.
2021-03-08 02:06:02,833 [ForkJoinPool.commonPool-worker-1] INFO  utils.BackgroundService (BackgroundService.java:shutdown(132)) - Shutting down service BlockDeletingService
2021-03-08 02:06:02,845 [grpc-default-executor-6] WARN  server.GrpcLogAppender (LogUtils.java:warn(122)) - 92084499-c42d-4e9c-90ed-faecbf58ca46@group-A36F55C25C0F->bc98b27f-878f-4dad-a502-417d70977e4e-AppendLogResponseHandler: Failed appendEntries: org.apache.ratis.thirdparty.io.grpc.StatusRuntimeException: UNAVAILABLE: io exception
2021-03-08 02:06:02,845 [grpc-default-executor-6] INFO  leader.FollowerInfo (FollowerInfoImpl.java:lambda$new$0(46)) - 92084499-c42d-4e9c-90ed-faecbf58ca46@group-A36F55C25C0F->bc98b27f-878f-4dad-a502-417d70977e4e: nextIndex: updateUnconditionally 5 -> 4
2021-03-08 02:06:02,855 [Listener at 127.0.0.1/34517] INFO  handler.ContextHandler (ContextHandler.java:doStop(1154)) - Stopped o.e.j.w.WebAppContext@d3d766a{hddsDatanode,/,null,STOPPED}{jar:file:/home/user/.m2/repository/org/apache/hadoop/hadoop-hdds-container-service/1.1.0-SNAPSHOT/hadoop-hdds-container-service-1.1.0-SNAPSHOT.jar!/webapps/hddsDatanode}
2021-03-08 02:06:02,856 [Listener at 127.0.0.1/34517] INFO  server.AbstractConnector (AbstractConnector.java:doStop(381)) - Stopped ServerConnector@3a4f5f5f{HTTP/1.1, (http/1.1)}{0.0.0.0:0}
2021-03-08 02:06:02,856 [Listener at 127.0.0.1/34517] INFO  server.session (HouseKeeper.java:stopScavenging(149)) - node0 Stopped scavenging
2021-03-08 02:06:02,861 [Listener at 127.0.0.1/34517] INFO  handler.ContextHandler (ContextHandler.java:doStop(1154)) - Stopped o.e.j.s.ServletContextHandler@212a40ea{static,/static,jar:file:/home/user/.m2/repository/org/apache/hadoop/hadoop-hdds-container-service/1.1.0-SNAPSHOT/hadoop-hdds-container-service-1.1.0-SNAPSHOT.jar!/webapps/static,STOPPED}
2021-03-08 02:06:02,861 [Listener at 127.0.0.1/34517] INFO  handler.ContextHandler (ContextHandler.java:doStop(1154)) - Stopped o.e.j.s.ServletContextHandler@7edd06d9{logs,/logs,file:///github/workspace/mnt/ozone/hadoop-ozone/integration-test/target/log,STOPPED}
2021-03-08 02:06:02,884 [ForkJoinPool.commonPool-worker-1] INFO  statemachine.DatanodeStateMachine (DatanodeStateMachine.java:stopDaemon(469)) - Ozone container server stopped.
2021-03-08 02:06:02,899 [ForkJoinPool.commonPool-worker-1] INFO  handler.ContextHandler (ContextHandler.java:doStop(1154)) - Stopped o.e.j.w.WebAppContext@26fa925d{hddsDatanode,/,null,STOPPED}{jar:file:/home/user/.m2/repository/org/apache/hadoop/hadoop-hdds-container-service/1.1.0-SNAPSHOT/hadoop-hdds-container-service-1.1.0-SNAPSHOT.jar!/webapps/hddsDatanode}
2021-03-08 02:06:02,917 [ForkJoinPool.commonPool-worker-1] INFO  server.AbstractConnector (AbstractConnector.java:doStop(381)) - Stopped ServerConnector@5c208783{HTTP/1.1, (http/1.1)}{0.0.0.0:0}
2021-03-08 02:06:02,917 [ForkJoinPool.commonPool-worker-1] INFO  server.session (HouseKeeper.java:stopScavenging(149)) - node0 Stopped scavenging
2021-03-08 02:06:02,921 [ForkJoinPool.commonPool-worker-1] INFO  handler.ContextHandler (ContextHandler.java:doStop(1154)) - Stopped o.e.j.s.ServletContextHandler@41046f7{static,/static,jar:file:/home/user/.m2/repository/org/apache/hadoop/hadoop-hdds-container-service/1.1.0-SNAPSHOT/hadoop-hdds-container-service-1.1.0-SNAPSHOT.jar!/webapps/static,STOPPED}
2021-03-08 02:06:02,922 [ForkJoinPool.commonPool-worker-1] INFO  handler.ContextHandler (ContextHandler.java:doStop(1154)) - Stopped o.e.j.s.ServletContextHandler@9238fb9{logs,/logs,file:///github/workspace/mnt/ozone/hadoop-ozone/integration-test/target/log,STOPPED}
2021-03-08 02:06:03,128 [Datanode State Machine Thread - 0] INFO  statemachine.DatanodeStateMachine (DatanodeStateMachine.java:lambda$startDaemon$0(411)) - Ozone container server started.
2021-03-08 02:06:03,431 [grpc-default-executor-6] WARN  server.GrpcLogAppender (LogUtils.java:warn(122)) - 92084499-c42d-4e9c-90ed-faecbf58ca46@group-507EAFB998CB->6ba9ab1d-3af3-415d-b63e-d033c6891994-AppendLogResponseHandler: Failed appendEntries: org.apache.ratis.thirdparty.io.grpc.StatusRuntimeException: UNAVAILABLE: io exception
2021-03-08 02:06:03,431 [grpc-default-executor-6] WARN  server.GrpcLogAppender (GrpcLogAppender.java:resetClient(111)) - 92084499-c42d-4e9c-90ed-faecbf58ca46@group-507EAFB998CB->6ba9ab1d-3af3-415d-b63e-d033c6891994-GrpcLogAppender: Leader has not got in touch with Follower 92084499-c42d-4e9c-90ed-faecbf58ca46@group-507EAFB998CB->6ba9ab1d-3af3-415d-b63e-d033c6891994(c0,m0,n1, attendVote=true, lastRpcSendTime=0, lastRpcResponseTime=7509) yet, just keep nextIndex unchanged and retry.
2021-03-08 02:06:03,444 [grpc-default-executor-6] WARN  server.GrpcLogAppender (LogUtils.java:warn(122)) - 92084499-c42d-4e9c-90ed-faecbf58ca46@group-507EAFB998CB->bc98b27f-878f-4dad-a502-417d70977e4e-AppendLogResponseHandler: Failed appendEntries: org.apache.ratis.thirdparty.io.grpc.StatusRuntimeException: UNAVAILABLE: io exception
2021-03-08 02:06:03,444 [grpc-default-executor-6] WARN  server.GrpcLogAppender (GrpcLogAppender.java:resetClient(111)) - 92084499-c42d-4e9c-90ed-faecbf58ca46@group-507EAFB998CB->bc98b27f-878f-4dad-a502-417d70977e4e-GrpcLogAppender: Leader has not got in touch with Follower 92084499-c42d-4e9c-90ed-faecbf58ca46@group-507EAFB998CB->bc98b27f-878f-4dad-a502-417d70977e4e(c0,m0,n1, attendVote=true, lastRpcSendTime=2510, lastRpcResponseTime=2505) yet, just keep nextIndex unchanged and retry.
2021-03-08 02:06:03,681 [Datanode State Machine Thread - 0] INFO  statemachine.DatanodeStateMachine (DatanodeStateMachine.java:lambda$startDaemon$0(411)) - Ozone container server started.
2021-03-08 02:06:03,753 [grpc-default-executor-6] WARN  server.GrpcLogAppender (LogUtils.java:warn(122)) - 92084499-c42d-4e9c-90ed-faecbf58ca46@group-A36F55C25C0F->6ba9ab1d-3af3-415d-b63e-d033c6891994-AppendLogResponseHandler: Failed appendEntries: org.apache.ratis.thirdparty.io.grpc.StatusRuntimeException: UNAVAILABLE: io exception
2021-03-08 02:06:03,753 [grpc-default-executor-6] WARN  server.GrpcLogAppender (GrpcLogAppender.java:resetClient(111)) - 92084499-c42d-4e9c-90ed-faecbf58ca46@group-A36F55C25C0F->6ba9ab1d-3af3-415d-b63e-d033c6891994-GrpcLogAppender: Leader has not got in touch with Follower 92084499-c42d-4e9c-90ed-faecbf58ca46@group-A36F55C25C0F->6ba9ab1d-3af3-415d-b63e-d033c6891994(c-1,m0,n5, attendVote=true, lastRpcSendTime=2511, lastRpcResponseTime=7826) yet, just keep nextIndex unchanged and retry.
2021-03-08 02:06:04,324 [grpc-default-executor-8] WARN  server.GrpcLogAppender (LogUtils.java:warn(122)) - c7780af0-0f31-4130-b62a-7061a7bbaf6d@group-73197B762FF1->2e2b7c4f-1fa0-4360-84eb-5aea739d5e5f-AppendLogResponseHandler: Failed appendEntries: org.apache.ratis.thirdparty.io.grpc.StatusRuntimeException: UNAVAILABLE: io exception
2021-03-08 02:06:04,324 [grpc-default-executor-8] WARN  server.GrpcLogAppender (GrpcLogAppender.java:resetClient(111)) - c7780af0-0f31-4130-b62a-7061a7bbaf6d@group-73197B762FF1->2e2b7c4f-1fa0-4360-84eb-5aea739d5e5f-GrpcLogAppender: Leader has not got in touch with Follower c7780af0-0f31-4130-b62a-7061a7bbaf6d@group-73197B762FF1->2e2b7c4f-1fa0-4360-84eb-5aea739d5e5f(c0,m0,n1, attendVote=true, lastRpcSendTime=3, lastRpcResponseTime=2513) yet, just keep nextIndex unchanged and retry.
2021-03-08 02:06:04,325 [grpc-default-executor-8] WARN  server.GrpcLogAppender (LogUtils.java:warn(122)) - c7780af0-0f31-4130-b62a-7061a7bbaf6d@group-73197B762FF1->8be81fb1-89d0-4709-8656-3472d71d638b-AppendLogResponseHandler: Failed appendEntries: org.apache.ratis.thirdparty.io.grpc.StatusRuntimeException: UNAVAILABLE: io exception
2021-03-08 02:06:04,325 [grpc-default-executor-8] WARN  server.GrpcLogAppender (GrpcLogAppender.java:resetClient(111)) - c7780af0-0f31-4130-b62a-7061a7bbaf6d@group-73197B762FF1->8be81fb1-89d0-4709-8656-3472d71d638b-GrpcLogAppender: Leader has not got in touch with Follower c7780af0-0f31-4130-b62a-7061a7bbaf6d@group-73197B762FF1->8be81fb1-89d0-4709-8656-3472d71d638b(c0,m0,n1, attendVote=true, lastRpcSendTime=0, lastRpcResponseTime=7522) yet, just keep nextIndex unchanged and retry.
2021-03-08 02:06:05,340 [grpc-default-executor-8] WARN  server.GrpcLogAppender (LogUtils.java:warn(122)) - 92084499-c42d-4e9c-90ed-faecbf58ca46@group-A36F55C25C0F->bc98b27f-878f-4dad-a502-417d70977e4e-AppendLogResponseHandler: Failed appendEntries: org.apache.ratis.thirdparty.io.grpc.StatusRuntimeException: UNAVAILABLE: io exception
2021-03-08 02:06:05,341 [grpc-default-executor-8] INFO  leader.FollowerInfo (FollowerInfoImpl.java:lambda$new$0(46)) - 92084499-c42d-4e9c-90ed-faecbf58ca46@group-A36F55C25C0F->bc98b27f-878f-4dad-a502-417d70977e4e: nextIndex: updateUnconditionally 5 -> 4
2021-03-08 02:06:05,937 [grpc-default-executor-8] WARN  server.GrpcLogAppender (LogUtils.java:warn(122)) - 92084499-c42d-4e9c-90ed-faecbf58ca46@group-507EAFB998CB->6ba9ab1d-3af3-415d-b63e-d033c6891994-AppendLogResponseHandler: Failed appendEntries: org.apache.ratis.thirdparty.io.grpc.StatusRuntimeException: UNAVAILABLE: io exception
2021-03-08 02:06:05,937 [grpc-default-executor-8] WARN  server.GrpcLogAppender (GrpcLogAppender.java:resetClient(111)) - 92084499-c42d-4e9c-90ed-faecbf58ca46@group-507EAFB998CB->6ba9ab1d-3af3-415d-b63e-d033c6891994-GrpcLogAppender: Leader has not got in touch with Follower 92084499-c42d-4e9c-90ed-faecbf58ca46@group-507EAFB998CB->6ba9ab1d-3af3-415d-b63e-d033c6891994(c0,m0,n1, attendVote=true, lastRpcSendTime=2506, lastRpcResponseTime=10016) yet, just keep nextIndex unchanged and retry.
2021-03-08 02:06:05,954 [grpc-default-executor-8] WARN  server.GrpcLogAppender (LogUtils.java:warn(122)) - 92084499-c42d-4e9c-90ed-faecbf58ca46@group-507EAFB998CB->bc98b27f-878f-4dad-a502-417d70977e4e-AppendLogResponseHandler: Failed appendEntries: org.apache.ratis.thirdparty.io.grpc.StatusRuntimeException: UNAVAILABLE: io exception
2021-03-08 02:06:05,954 [grpc-default-executor-8] WARN  server.GrpcLogAppender (GrpcLogAppender.java:resetClient(111)) - 92084499-c42d-4e9c-90ed-faecbf58ca46@group-507EAFB998CB->bc98b27f-878f-4dad-a502-417d70977e4e-GrpcLogAppender: Leader has not got in touch with Follower 92084499-c42d-4e9c-90ed-faecbf58ca46@group-507EAFB998CB->bc98b27f-878f-4dad-a502-417d70977e4e(c0,m0,n1, attendVote=true, lastRpcSendTime=1, lastRpcResponseTime=5015) yet, just keep nextIndex unchanged and retry.
2021-03-08 02:06:06,265 [grpc-default-executor-8] WARN  server.GrpcLogAppender (LogUtils.java:warn(122)) - 92084499-c42d-4e9c-90ed-faecbf58ca46@group-A36F55C25C0F->6ba9ab1d-3af3-415d-b63e-d033c6891994-AppendLogResponseHandler: Failed appendEntries: org.apache.ratis.thirdparty.io.grpc.StatusRuntimeException: UNAVAILABLE: io exception
2021-03-08 02:06:06,265 [grpc-default-executor-8] WARN  server.GrpcLogAppender (GrpcLogAppender.java:resetClient(111)) - 92084499-c42d-4e9c-90ed-faecbf58ca46@group-A36F55C25C0F->6ba9ab1d-3af3-415d-b63e-d033c6891994-GrpcLogAppender: Leader has not got in touch with Follower 92084499-c42d-4e9c-90ed-faecbf58ca46@group-A36F55C25C0F->6ba9ab1d-3af3-415d-b63e-d033c6891994(c-1,m0,n5, attendVote=true, lastRpcSendTime=0, lastRpcResponseTime=10338) yet, just keep nextIndex unchanged and retry.
2021-03-08 02:06:06,481 [Thread-4711] WARN  server.RaftServer$Division (LeaderStateImpl.java:checkLeadership(941)) - 92084499-c42d-4e9c-90ed-faecbf58ca46@group-A36F55C25C0F-LeaderStateImpl: Lost leadership on term: 9. Election timeout: 5200ms. In charge for: 5355ms. Conf: 3: [6ba9ab1d-3af3-415d-b63e-d033c6891994|rpc:172.17.0.2:33141|dataStream:|priority:1, bc98b27f-878f-4dad-a502-417d70977e4e|rpc:172.17.0.2:44359|dataStream:|priority:0, 92084499-c42d-4e9c-90ed-faecbf58ca46|rpc:172.17.0.2:44599|dataStream:|priority:0], old=null
2021-03-08 02:06:06,481 [Thread-4711] WARN  server.RaftServer$Division (LeaderStateImpl.java:lambda$checkLeadership$15(945)) - Follower 92084499-c42d-4e9c-90ed-faecbf58ca46@group-A36F55C25C0F->6ba9ab1d-3af3-415d-b63e-d033c6891994(c-1,m0,n5, attendVote=true, lastRpcSendTime=216, lastRpcResponseTime=10554)
2021-03-08 02:06:06,481 [Thread-4711] WARN  server.RaftServer$Division (LeaderStateImpl.java:lambda$checkLeadership$15(945)) - Follower 92084499-c42d-4e9c-90ed-faecbf58ca46@group-A36F55C25C0F->bc98b27f-878f-4dad-a502-417d70977e4e(c3,m4,n4, attendVote=true, lastRpcSendTime=1141, lastRpcResponseTime=5209)
2021-03-08 02:06:06,481 [Thread-4711] INFO  server.RaftServer$Division (RaftServerImpl.java:setRole(284)) - 92084499-c42d-4e9c-90ed-faecbf58ca46@group-A36F55C25C0F: changes role from    LEADER to FOLLOWER at term 9 for StepDownReason:LOST_MAJORITY_HEARTBEATS
2021-03-08 02:06:06,481 [Thread-4711] INFO  impl.RoleInfo (RoleInfo.java:shutdownLeaderState(91)) - 92084499-c42d-4e9c-90ed-faecbf58ca46: shutdown 92084499-c42d-4e9c-90ed-faecbf58ca46@group-A36F55C25C0F-LeaderStateImpl
2021-03-08 02:06:06,482 [Thread-4711] INFO  metrics.RatisMetrics (RatisMetrics.java:unregister(43)) - Unregistering Metrics Registry : ratis_grpc.log_appender.92084499-c42d-4e9c-90ed-faecbf58ca46@group-A36F55C25C0F
2021-03-08 02:06:06,482 [Thread-4711] INFO  metrics.RatisMetrics (RatisMetrics.java:unregister(43)) - Unregistering Metrics Registry : ratis_grpc.log_appender.92084499-c42d-4e9c-90ed-faecbf58ca46@group-A36F55C25C0F
2021-03-08 02:06:06,482 [Thread-4711] INFO  impl.PendingRequests (PendingRequests.java:sendNotLeaderResponses(249)) - 92084499-c42d-4e9c-90ed-faecbf58ca46@group-A36F55C25C0F-PendingRequests: sendNotLeaderResponses
2021-03-08 02:06:06,482 [Thread-4711] INFO  metrics.RatisMetrics (RatisMetrics.java:unregister(43)) - Unregistering Metrics Registry : ratis.log_appender.92084499-c42d-4e9c-90ed-faecbf58ca46@group-A36F55C25C0F
2021-03-08 02:06:06,482 [Thread-4711] INFO  metrics.RatisMetrics (RatisMetrics.java:unregister(43)) - Unregistering Metrics Registry : ratis.server.92084499-c42d-4e9c-90ed-faecbf58ca46@group-A36F55C25C0F
2021-03-08 02:06:06,483 [Thread-4711] INFO  impl.RoleInfo (RoleInfo.java:updateAndGet(130)) - 92084499-c42d-4e9c-90ed-faecbf58ca46: start 92084499-c42d-4e9c-90ed-faecbf58ca46@group-A36F55C25C0F-FollowerState
2021-03-08 02:06:06,483 [92084499-c42d-4e9c-90ed-faecbf58ca46@group-A36F55C25C0F->bc98b27f-878f-4dad-a502-417d70977e4e-GrpcLogAppender-LogAppenderDaemon] WARN  server.GrpcLogAppender (GrpcLogAppender.java:mayWait(175)) - 92084499-c42d-4e9c-90ed-faecbf58ca46@group-A36F55C25C0F->bc98b27f-878f-4dad-a502-417d70977e4e-GrpcLogAppender: Wait interrupted by java.lang.InterruptedException
2021-03-08 02:06:06,829 [grpc-default-executor-6] WARN  server.GrpcLogAppender (LogUtils.java:warn(122)) - c7780af0-0f31-4130-b62a-7061a7bbaf6d@group-73197B762FF1->2e2b7c4f-1fa0-4360-84eb-5aea739d5e5f-AppendLogResponseHandler: Failed appendEntries: org.apache.ratis.thirdparty.io.grpc.StatusRuntimeException: UNAVAILABLE: io exception
2021-03-08 02:06:06,829 [grpc-default-executor-6] WARN  server.GrpcLogAppender (GrpcLogAppender.java:resetClient(111)) - c7780af0-0f31-4130-b62a-7061a7bbaf6d@group-73197B762FF1->2e2b7c4f-1fa0-4360-84eb-5aea739d5e5f-GrpcLogAppender: Leader has not got in touch with Follower c7780af0-0f31-4130-b62a-7061a7bbaf6d@group-73197B762FF1->2e2b7c4f-1fa0-4360-84eb-5aea739d5e5f(c0,m0,n1, attendVote=true, lastRpcSendTime=0, lastRpcResponseTime=5018) yet, just keep nextIndex unchanged and retry.
2021-03-08 02:06:06,829 [grpc-default-executor-8] WARN  server.GrpcLogAppender (LogUtils.java:warn(122)) - c7780af0-0f31-4130-b62a-7061a7bbaf6d@group-73197B762FF1->8be81fb1-89d0-4709-8656-3472d71d638b-AppendLogResponseHandler: Failed appendEntries: org.apache.ratis.thirdparty.io.grpc.StatusRuntimeException: UNAVAILABLE: io exception
2021-03-08 02:06:06,830 [grpc-default-executor-8] WARN  server.GrpcLogAppender (GrpcLogAppender.java:resetClient(111)) - c7780af0-0f31-4130-b62a-7061a7bbaf6d@group-73197B762FF1->8be81fb1-89d0-4709-8656-3472d71d638b-GrpcLogAppender: Leader has not got in touch with Follower c7780af0-0f31-4130-b62a-7061a7bbaf6d@group-73197B762FF1->8be81fb1-89d0-4709-8656-3472d71d638b(c0,m0,n1, attendVote=true, lastRpcSendTime=2505, lastRpcResponseTime=10027) yet, just keep nextIndex unchanged and retry.
2021-03-08 02:06:06,900 [Thread-4541] WARN  server.RaftServer$Division (LeaderStateImpl.java:checkLeadership(941)) - 92084499-c42d-4e9c-90ed-faecbf58ca46@group-507EAFB998CB-LeaderStateImpl: Lost leadership on term: 5. Election timeout: 5200ms. In charge for: 26043ms. Conf: 0: [6ba9ab1d-3af3-415d-b63e-d033c6891994|rpc:172.17.0.2:33141|dataStream:|priority:0, bc98b27f-878f-4dad-a502-417d70977e4e|rpc:172.17.0.2:44359|dataStream:|priority:0, 92084499-c42d-4e9c-90ed-faecbf58ca46|rpc:172.17.0.2:44599|dataStream:|priority:1], old=null
2021-03-08 02:06:06,900 [Thread-4541] WARN  server.RaftServer$Division (LeaderStateImpl.java:lambda$checkLeadership$15(945)) - Follower 92084499-c42d-4e9c-90ed-faecbf58ca46@group-507EAFB998CB->6ba9ab1d-3af3-415d-b63e-d033c6891994(c0,m0,n1, attendVote=true, lastRpcSendTime=962, lastRpcResponseTime=10979)
2021-03-08 02:06:06,900 [Thread-4541] WARN  server.RaftServer$Division (LeaderStateImpl.java:lambda$checkLeadership$15(945)) - Follower 92084499-c42d-4e9c-90ed-faecbf58ca46@group-507EAFB998CB->bc98b27f-878f-4dad-a502-417d70977e4e(c0,m0,n1, attendVote=true, lastRpcSendTime=947, lastRpcResponseTime=5961)
2021-03-08 02:06:06,900 [Thread-4541] INFO  server.RaftServer$Division (RaftServerImpl.java:setRole(284)) - 92084499-c42d-4e9c-90ed-faecbf58ca46@group-507EAFB998CB: changes role from    LEADER to FOLLOWER at term 5 for StepDownReason:LOST_MAJORITY_HEARTBEATS
2021-03-08 02:06:06,900 [Thread-4541] INFO  impl.RoleInfo (RoleInfo.java:shutdownLeaderState(91)) - 92084499-c42d-4e9c-90ed-faecbf58ca46: shutdown 92084499-c42d-4e9c-90ed-faecbf58ca46@group-507EAFB998CB-LeaderStateImpl
2021-03-08 02:06:06,900 [Thread-4541] INFO  metrics.RatisMetrics (RatisMetrics.java:unregister(43)) - Unregistering Metrics Registry : ratis_grpc.log_appender.92084499-c42d-4e9c-90ed-faecbf58ca46@group-507EAFB998CB
2021-03-08 02:06:06,901 [Thread-4541] INFO  metrics.RatisMetrics (RatisMetrics.java:unregister(43)) - Unregistering Metrics Registry : ratis_grpc.log_appender.92084499-c42d-4e9c-90ed-faecbf58ca46@group-507EAFB998CB
2021-03-08 02:06:06,901 [Thread-4541] INFO  impl.PendingRequests (PendingRequests.java:sendNotLeaderResponses(249)) - 92084499-c42d-4e9c-90ed-faecbf58ca46@group-507EAFB998CB-PendingRequests: sendNotLeaderResponses
2021-03-08 02:06:06,901 [Thread-4541] INFO  metrics.RatisMetrics (RatisMetrics.java:unregister(43)) - Unregistering Metrics Registry : ratis.log_appender.92084499-c42d-4e9c-90ed-faecbf58ca46@group-507EAFB998CB
2021-03-08 02:06:06,901 [Thread-4541] INFO  metrics.RatisMetrics (RatisMetrics.java:unregister(43)) - Unregistering Metrics Registry : ratis.server.92084499-c42d-4e9c-90ed-faecbf58ca46@group-507EAFB998CB
2021-03-08 02:06:06,902 [Thread-4541] INFO  impl.RoleInfo (RoleInfo.java:updateAndGet(130)) - 92084499-c42d-4e9c-90ed-faecbf58ca46: start 92084499-c42d-4e9c-90ed-faecbf58ca46@group-507EAFB998CB-FollowerState
2021-03-08 02:06:07,006 [Thread-4387] INFO  impl.FollowerState (FollowerState.java:run(133)) - c7780af0-0f31-4130-b62a-7061a7bbaf6d@group-95D3DD7D5F09-FollowerState: change to CANDIDATE, lastRpcElapsedTime:5755435305ns, electionTimeout:5155ms
2021-03-08 02:06:07,007 [Thread-4387] INFO  impl.RoleInfo (RoleInfo.java:shutdownFollowerState(108)) - c7780af0-0f31-4130-b62a-7061a7bbaf6d: shutdown c7780af0-0f31-4130-b62a-7061a7bbaf6d@group-95D3DD7D5F09-FollowerState
2021-03-08 02:06:07,007 [Thread-4387] INFO  server.RaftServer$Division (RaftServerImpl.java:setRole(284)) - c7780af0-0f31-4130-b62a-7061a7bbaf6d@group-95D3DD7D5F09: changes role from  FOLLOWER to CANDIDATE at term 1 for changeToCandidate
2021-03-08 02:06:07,007 [Thread-4387] INFO  server.RaftServerConfigKeys (ConfUtils.java:logGet(44)) - raft.server.leaderelection.pre-vote = false (custom)
2021-03-08 02:06:07,007 [Thread-4387] INFO  impl.RoleInfo (RoleInfo.java:updateAndGet(130)) - c7780af0-0f31-4130-b62a-7061a7bbaf6d: start c7780af0-0f31-4130-b62a-7061a7bbaf6d@group-95D3DD7D5F09-LeaderElection217
2021-03-08 02:06:07,017 [c7780af0-0f31-4130-b62a-7061a7bbaf6d@group-95D3DD7D5F09-LeaderElection217] INFO  server.RaftServer$Division (ServerState.java:setLeader(271)) - c7780af0-0f31-4130-b62a-7061a7bbaf6d@group-95D3DD7D5F09: change Leader from 2e2b7c4f-1fa0-4360-84eb-5aea739d5e5f to null at term 1 for ELECTION
2021-03-08 02:06:07,025 [c7780af0-0f31-4130-b62a-7061a7bbaf6d@group-95D3DD7D5F09-LeaderElection217] INFO  impl.LeaderElection (LeaderElection.java:askForVotes(307)) - c7780af0-0f31-4130-b62a-7061a7bbaf6d@group-95D3DD7D5F09-LeaderElection217 ELECTION round 0: submit vote requests at term 2 for 0: [c7780af0-0f31-4130-b62a-7061a7bbaf6d|rpc:172.17.0.2:40671|dataStream:|priority:0, 2e2b7c4f-1fa0-4360-84eb-5aea739d5e5f|rpc:172.17.0.2:45357|dataStream:|priority:1, 8be81fb1-89d0-4709-8656-3472d71d638b|rpc:172.17.0.2:44187|dataStream:|priority:0], old=null
2021-03-08 02:06:07,037 [c7780af0-0f31-4130-b62a-7061a7bbaf6d@group-95D3DD7D5F09-LeaderElection217] INFO  impl.LeaderElection (LogUtils.java:infoOrTrace(137)) - c7780af0-0f31-4130-b62a-7061a7bbaf6d@group-95D3DD7D5F09-LeaderElection217 got exception when requesting votes: java.util.concurrent.ExecutionException: org.apache.ratis.thirdparty.io.grpc.StatusRuntimeException: UNAVAILABLE: io exception
2021-03-08 02:06:07,037 [c7780af0-0f31-4130-b62a-7061a7bbaf6d@group-95D3DD7D5F09-LeaderElection217] INFO  impl.LeaderElection (LogUtils.java:infoOrTrace(137)) - c7780af0-0f31-4130-b62a-7061a7bbaf6d@group-95D3DD7D5F09-LeaderElection217 got exception when requesting votes: java.util.concurrent.ExecutionException: org.apache.ratis.thirdparty.io.grpc.StatusRuntimeException: UNAVAILABLE: io exception
2021-03-08 02:06:07,037 [c7780af0-0f31-4130-b62a-7061a7bbaf6d@group-95D3DD7D5F09-LeaderElection217] INFO  impl.LeaderElection (LeaderElection.java:logAndReturn(89)) - c7780af0-0f31-4130-b62a-7061a7bbaf6d@group-95D3DD7D5F09-LeaderElection217: ELECTION REJECTED received 0 response(s) and 2 exception(s):
2021-03-08 02:06:07,037 [c7780af0-0f31-4130-b62a-7061a7bbaf6d@group-95D3DD7D5F09-LeaderElection217] INFO  impl.LeaderElection (LogUtils.java:infoOrTrace(137)) -   Exception 0: java.util.concurrent.ExecutionException: org.apache.ratis.thirdparty.io.grpc.StatusRuntimeException: UNAVAILABLE: io exception
2021-03-08 02:06:07,037 [c7780af0-0f31-4130-b62a-7061a7bbaf6d@group-95D3DD7D5F09-LeaderElection217] INFO  impl.LeaderElection (LogUtils.java:infoOrTrace(137)) -   Exception 1: java.util.concurrent.ExecutionException: org.apache.ratis.thirdparty.io.grpc.StatusRuntimeException: UNAVAILABLE: io exception
2021-03-08 02:06:07,037 [c7780af0-0f31-4130-b62a-7061a7bbaf6d@group-95D3DD7D5F09-LeaderElection217] INFO  impl.LeaderElection (LeaderElection.java:askForVotes(309)) - c7780af0-0f31-4130-b62a-7061a7bbaf6d@group-95D3DD7D5F09-LeaderElection217 ELECTION round 0: result REJECTED
2021-03-08 02:06:07,037 [c7780af0-0f31-4130-b62a-7061a7bbaf6d@group-95D3DD7D5F09-LeaderElection217] INFO  server.RaftServer$Division (RaftServerImpl.java:setRole(284)) - c7780af0-0f31-4130-b62a-7061a7bbaf6d@group-95D3DD7D5F09: changes role from CANDIDATE to FOLLOWER at term 2 for REJECTED
2021-03-08 02:06:07,037 [c7780af0-0f31-4130-b62a-7061a7bbaf6d@group-95D3DD7D5F09-LeaderElection217] INFO  impl.RoleInfo (RoleInfo.java:shutdownLeaderElection(121)) - c7780af0-0f31-4130-b62a-7061a7bbaf6d: shutdown c7780af0-0f31-4130-b62a-7061a7bbaf6d@group-95D3DD7D5F09-LeaderElection217
2021-03-08 02:06:07,037 [c7780af0-0f31-4130-b62a-7061a7bbaf6d@group-95D3DD7D5F09-LeaderElection217] INFO  impl.RoleInfo (RoleInfo.java:updateAndGet(130)) - c7780af0-0f31-4130-b62a-7061a7bbaf6d: start c7780af0-0f31-4130-b62a-7061a7bbaf6d@group-95D3DD7D5F09-FollowerState
2021-03-08 02:06:07,213 [EventQueue-StaleNodeForStaleNodeHandler] INFO  node.StaleNodeHandler (StaleNodeHandler.java:onMessage(58)) - Datanode 2e2b7c4f-1fa0-4360-84eb-5aea739d5e5f{ip: 172.17.0.2, host: 55665278a03a, ports: [REPLICATION=42473, RATIS=45357, RATIS_ADMIN=45357, RATIS_SERVER=45357, STANDALONE=44021], networkLocation: /default-rack, certSerialId: null, persistedOpState: IN_SERVICE, persistedOpStateExpiryEpochSec: 0} moved to stale state. Finalizing its pipelines [PipelineID=b6143ebd-b803-4b83-aecd-95d3dd7d5f09, PipelineID=c2ed5ddc-6e6d-4193-bfc4-b7590c117875, PipelineID=54dfee42-7205-45d5-ac51-7928b19b14f4, PipelineID=08a3fe71-0329-4143-ad3d-73197b762ff1]
2021-03-08 02:06:07,213 [EventQueue-StaleNodeForStaleNodeHandler] INFO  pipeline.SCMPipelineManager (SCMPipelineManager.java:finalizeAndDestroyPipeline(483)) - Destroying pipeline:Pipeline[ Id: b6143ebd-b803-4b83-aecd-95d3dd7d5f09, Nodes: 2e2b7c4f-1fa0-4360-84eb-5aea739d5e5f{ip: 172.17.0.2, host: 55665278a03a, ports: [REPLICATION=42473, RATIS=45357, RATIS_ADMIN=45357, RATIS_SERVER=45357, STANDALONE=44021], networkLocation: /default-rack, certSerialId: null, persistedOpState: IN_SERVICE, persistedOpStateExpiryEpochSec: 0}c7780af0-0f31-4130-b62a-7061a7bbaf6d{ip: 172.17.0.2, host: 55665278a03a, ports: [REPLICATION=39443, RATIS=40671, RATIS_ADMIN=40671, RATIS_SERVER=40671, STANDALONE=35715], networkLocation: /default-rack, certSerialId: null, persistedOpState: IN_SERVICE, persistedOpStateExpiryEpochSec: 0}8be81fb1-89d0-4709-8656-3472d71d638b{ip: 172.17.0.2, host: 55665278a03a, ports: [REPLICATION=43543, RATIS=44187, RATIS_ADMIN=44187, RATIS_SERVER=44187, STANDALONE=44151], networkLocation: /default-rack, certSerialId: null, persistedOpState: IN_SERVICE, persistedOpStateExpiryEpochSec: 0}, Type:RATIS, Factor:THREE, State:CLOSED, leaderId:2e2b7c4f-1fa0-4360-84eb-5aea739d5e5f, CreationTimestamp2021-03-08T02:05:13.334Z]
2021-03-08 02:06:07,213 [EventQueue-StaleNodeForStaleNodeHandler] INFO  pipeline.SCMPipelineManager (SCMPipelineManager.java:finalizeAndDestroyPipeline(483)) - Destroying pipeline:Pipeline[ Id: c2ed5ddc-6e6d-4193-bfc4-b7590c117875, Nodes: 2e2b7c4f-1fa0-4360-84eb-5aea739d5e5f{ip: 172.17.0.2, host: 55665278a03a, ports: [REPLICATION=42473, RATIS=45357, RATIS_ADMIN=45357, RATIS_SERVER=45357, STANDALONE=44021], networkLocation: /default-rack, certSerialId: null, persistedOpState: IN_SERVICE, persistedOpStateExpiryEpochSec: 0}, Type:RATIS, Factor:ONE, State:OPEN, leaderId:2e2b7c4f-1fa0-4360-84eb-5aea739d5e5f, CreationTimestamp2021-03-08T02:05:12.877Z]
2021-03-08 02:06:07,213 [EventQueue-StaleNodeForStaleNodeHandler] INFO  pipeline.PipelineStateManager (PipelineStateManager.java:finalizePipeline(121)) - Pipeline Pipeline[ Id: c2ed5ddc-6e6d-4193-bfc4-b7590c117875, Nodes: 2e2b7c4f-1fa0-4360-84eb-5aea739d5e5f{ip: 172.17.0.2, host: 55665278a03a, ports: [REPLICATION=42473, RATIS=45357, RATIS_ADMIN=45357, RATIS_SERVER=45357, STANDALONE=44021], networkLocation: /default-rack, certSerialId: null, persistedOpState: IN_SERVICE, persistedOpStateExpiryEpochSec: 0}, Type:RATIS, Factor:ONE, State:CLOSED, leaderId:2e2b7c4f-1fa0-4360-84eb-5aea739d5e5f, CreationTimestamp2021-03-08T02:05:12.877Z] moved to CLOSED state
2021-03-08 02:06:07,213 [EventQueue-StaleNodeForStaleNodeHandler] INFO  pipeline.SCMPipelineManager (SCMPipelineManager.java:finalizeAndDestroyPipeline(483)) - Destroying pipeline:Pipeline[ Id: 54dfee42-7205-45d5-ac51-7928b19b14f4, Nodes: 2e2b7c4f-1fa0-4360-84eb-5aea739d5e5f{ip: 172.17.0.2, host: 55665278a03a, ports: [REPLICATION=42473, RATIS=45357, RATIS_ADMIN=45357, RATIS_SERVER=45357, STANDALONE=44021], networkLocation: /default-rack, certSerialId: null, persistedOpState: IN_SERVICE, persistedOpStateExpiryEpochSec: 0}c7780af0-0f31-4130-b62a-7061a7bbaf6d{ip: 172.17.0.2, host: 55665278a03a, ports: [REPLICATION=39443, RATIS=40671, RATIS_ADMIN=40671, RATIS_SERVER=40671, STANDALONE=35715], networkLocation: /default-rack, certSerialId: null, persistedOpState: IN_SERVICE, persistedOpStateExpiryEpochSec: 0}8be81fb1-89d0-4709-8656-3472d71d638b{ip: 172.17.0.2, host: 55665278a03a, ports: [REPLICATION=43543, RATIS=44187, RATIS_ADMIN=44187, RATIS_SERVER=44187, STANDALONE=44151], networkLocation: /default-rack, certSerialId: null, persistedOpState: IN_SERVICE, persistedOpStateExpiryEpochSec: 0}, Type:RATIS, Factor:THREE, State:CLOSED, leaderId:8be81fb1-89d0-4709-8656-3472d71d638b, CreationTimestamp2021-03-08T02:05:13.332Z]
2021-03-08 02:06:07,214 [EventQueue-StaleNodeForStaleNodeHandler] INFO  pipeline.SCMPipelineManager (SCMPipelineManager.java:finalizeAndDestroyPipeline(483)) - Destroying pipeline:Pipeline[ Id: 08a3fe71-0329-4143-ad3d-73197b762ff1, Nodes: 2e2b7c4f-1fa0-4360-84eb-5aea739d5e5f{ip: 172.17.0.2, host: 55665278a03a, ports: [REPLICATION=42473, RATIS=45357, RATIS_ADMIN=45357, RATIS_SERVER=45357, STANDALONE=44021], networkLocation: /default-rack, certSerialId: null, persistedOpState: IN_SERVICE, persistedOpStateExpiryEpochSec: 0}8be81fb1-89d0-4709-8656-3472d71d638b{ip: 172.17.0.2, host: 55665278a03a, ports: [REPLICATION=43543, RATIS=44187, RATIS_ADMIN=44187, RATIS_SERVER=44187, STANDALONE=44151], networkLocation: /default-rack, certSerialId: null, persistedOpState: IN_SERVICE, persistedOpStateExpiryEpochSec: 0}c7780af0-0f31-4130-b62a-7061a7bbaf6d{ip: 172.17.0.2, host: 55665278a03a, ports: [REPLICATION=39443, RATIS=40671, RATIS_ADMIN=40671, RATIS_SERVER=40671, STANDALONE=35715], networkLocation: /default-rack, certSerialId: null, persistedOpState: IN_SERVICE, persistedOpStateExpiryEpochSec: 0}, Type:RATIS, Factor:THREE, State:CLOSED, leaderId:c7780af0-0f31-4130-b62a-7061a7bbaf6d, CreationTimestamp2021-03-08T02:05:13.333Z]
2021-03-08 02:06:07,387 [Thread-4628] WARN  server.RaftServer$Division (LeaderStateImpl.java:checkLeadership(941)) - c7780af0-0f31-4130-b62a-7061a7bbaf6d@group-73197B762FF1-LeaderStateImpl: Lost leadership on term: 7. Election timeout: 5200ms. In charge for: 15639ms. Conf: 0: [c7780af0-0f31-4130-b62a-7061a7bbaf6d|rpc:172.17.0.2:40671|dataStream:|priority:1, 2e2b7c4f-1fa0-4360-84eb-5aea739d5e5f|rpc:172.17.0.2:45357|dataStream:|priority:0, 8be81fb1-89d0-4709-8656-3472d71d638b|rpc:172.17.0.2:44187|dataStream:|priority:0], old=null
2021-03-08 02:06:07,387 [Thread-4628] WARN  server.RaftServer$Division (LeaderStateImpl.java:lambda$checkLeadership$15(945)) - Follower c7780af0-0f31-4130-b62a-7061a7bbaf6d@group-73197B762FF1->2e2b7c4f-1fa0-4360-84eb-5aea739d5e5f(c0,m0,n1, attendVote=true, lastRpcSendTime=558, lastRpcResponseTime=5576)
2021-03-08 02:06:07,387 [Thread-4628] WARN  server.RaftServer$Division (LeaderStateImpl.java:lambda$checkLeadership$15(945)) - Follower c7780af0-0f31-4130-b62a-7061a7bbaf6d@group-73197B762FF1->8be81fb1-89d0-4709-8656-3472d71d638b(c0,m0,n1, attendVote=true, lastRpcSendTime=556, lastRpcResponseTime=10584)
2021-03-08 02:06:07,387 [Thread-4628] INFO  server.RaftServer$Division (RaftServerImpl.java:setRole(284)) - c7780af0-0f31-4130-b62a-7061a7bbaf6d@group-73197B762FF1: changes role from    LEADER to FOLLOWER at term 7 for StepDownReason:LOST_MAJORITY_HEARTBEATS
2021-03-08 02:06:07,387 [Thread-4628] INFO  impl.RoleInfo (RoleInfo.java:shutdownLeaderState(91)) - c7780af0-0f31-4130-b62a-7061a7bbaf6d: shutdown c7780af0-0f31-4130-b62a-7061a7bbaf6d@group-73197B762FF1-LeaderStateImpl
2021-03-08 02:06:07,387 [Thread-4628] INFO  metrics.RatisMetrics (RatisMetrics.java:unregister(43)) - Unregistering Metrics Registry : ratis_grpc.log_appender.c7780af0-0f31-4130-b62a-7061a7bbaf6d@group-73197B762FF1
2021-03-08 02:06:07,387 [Thread-4628] INFO  metrics.RatisMetrics (RatisMetrics.java:unregister(43)) - Unregistering Metrics Registry : ratis_grpc.log_appender.c7780af0-0f31-4130-b62a-7061a7bbaf6d@group-73197B762FF1
2021-03-08 02:06:07,388 [Thread-4628] INFO  impl.PendingRequests (PendingRequests.java:sendNotLeaderResponses(249)) - c7780af0-0f31-4130-b62a-7061a7bbaf6d@group-73197B762FF1-PendingRequests: sendNotLeaderResponses
2021-03-08 02:06:07,388 [Thread-4628] INFO  metrics.RatisMetrics (RatisMetrics.java:unregister(43)) - Unregistering Metrics Registry : ratis.log_appender.c7780af0-0f31-4130-b62a-7061a7bbaf6d@group-73197B762FF1
2021-03-08 02:06:07,388 [Thread-4628] INFO  metrics.RatisMetrics (RatisMetrics.java:unregister(43)) - Unregistering Metrics Registry : ratis.server.c7780af0-0f31-4130-b62a-7061a7bbaf6d@group-73197B762FF1
2021-03-08 02:06:07,388 [Thread-4628] INFO  impl.RoleInfo (RoleInfo.java:updateAndGet(130)) - c7780af0-0f31-4130-b62a-7061a7bbaf6d: start c7780af0-0f31-4130-b62a-7061a7bbaf6d@group-73197B762FF1-FollowerState
2021-03-08 02:06:07,513 [EventQueue-StaleNodeForStaleNodeHandler] INFO  node.StaleNodeHandler (StaleNodeHandler.java:onMessage(58)) - Datanode bc98b27f-878f-4dad-a502-417d70977e4e{ip: 172.17.0.2, host: 55665278a03a, ports: [REPLICATION=42419, RATIS=44359, RATIS_ADMIN=44359, RATIS_SERVER=44359, STANDALONE=33229], networkLocation: /default-rack, certSerialId: null, persistedOpState: IN_SERVICE, persistedOpStateExpiryEpochSec: 0} moved to stale state. Finalizing its pipelines [PipelineID=314f1900-63e8-41f8-9152-507eafb998cb, PipelineID=9fdad4c3-8ee3-4c35-9938-61a0e12bb9b8, PipelineID=fe419e3b-18d5-4c91-9f2d-5ca67261f62c, PipelineID=92402027-9cee-4719-af58-a36f55c25c0f]
2021-03-08 02:06:07,513 [EventQueue-StaleNodeForStaleNodeHandler] INFO  pipeline.SCMPipelineManager (SCMPipelineManager.java:finalizeAndDestroyPipeline(483)) - Destroying pipeline:Pipeline[ Id: 314f1900-63e8-41f8-9152-507eafb998cb, Nodes: 6ba9ab1d-3af3-415d-b63e-d033c6891994{ip: 172.17.0.2, host: 55665278a03a, ports: [REPLICATION=35637, RATIS=33141, RATIS_ADMIN=33141, RATIS_SERVER=33141, STANDALONE=38047], networkLocation: /default-rack, certSerialId: null, persistedOpState: IN_SERVICE, persistedOpStateExpiryEpochSec: 0}bc98b27f-878f-4dad-a502-417d70977e4e{ip: 172.17.0.2, host: 55665278a03a, ports: [REPLICATION=42419, RATIS=44359, RATIS_ADMIN=44359, RATIS_SERVER=44359, STANDALONE=33229], networkLocation: /default-rack, certSerialId: null, persistedOpState: IN_SERVICE, persistedOpStateExpiryEpochSec: 0}92084499-c42d-4e9c-90ed-faecbf58ca46{ip: 172.17.0.2, host: 55665278a03a, ports: [REPLICATION=38411, RATIS=44599, RATIS_ADMIN=44599, RATIS_SERVER=44599, STANDALONE=46429], networkLocation: /default-rack, certSerialId: null, persistedOpState: IN_SERVICE, persistedOpStateExpiryEpochSec: 0}, Type:RATIS, Factor:THREE, State:CLOSED, leaderId:92084499-c42d-4e9c-90ed-faecbf58ca46, CreationTimestamp2021-03-08T02:05:12.681Z]
2021-03-08 02:06:07,514 [EventQueue-StaleNodeForStaleNodeHandler] INFO  pipeline.SCMPipelineManager (SCMPipelineManager.java:finalizeAndDestroyPipeline(483)) - Destroying pipeline:Pipeline[ Id: 9fdad4c3-8ee3-4c35-9938-61a0e12bb9b8, Nodes: bc98b27f-878f-4dad-a502-417d70977e4e{ip: 172.17.0.2, host: 55665278a03a, ports: [REPLICATION=42419, RATIS=44359, RATIS_ADMIN=44359, RATIS_SERVER=44359, STANDALONE=33229], networkLocation: /default-rack, certSerialId: null, persistedOpState: IN_SERVICE, persistedOpStateExpiryEpochSec: 0}, Type:RATIS, Factor:ONE, State:OPEN, leaderId:bc98b27f-878f-4dad-a502-417d70977e4e, CreationTimestamp2021-03-08T02:05:12.678Z]
2021-03-08 02:06:07,514 [EventQueue-StaleNodeForStaleNodeHandler] INFO  pipeline.PipelineStateManager (PipelineStateManager.java:finalizePipeline(121)) - Pipeline Pipeline[ Id: 9fdad4c3-8ee3-4c35-9938-61a0e12bb9b8, Nodes: bc98b27f-878f-4dad-a502-417d70977e4e{ip: 172.17.0.2, host: 55665278a03a, ports: [REPLICATION=42419, RATIS=44359, RATIS_ADMIN=44359, RATIS_SERVER=44359, STANDALONE=33229], networkLocation: /default-rack, certSerialId: null, persistedOpState: IN_SERVICE, persistedOpStateExpiryEpochSec: 0}, Type:RATIS, Factor:ONE, State:CLOSED, leaderId:bc98b27f-878f-4dad-a502-417d70977e4e, CreationTimestamp2021-03-08T02:05:12.678Z] moved to CLOSED state
2021-03-08 02:06:07,514 [EventQueue-StaleNodeForStaleNodeHandler] INFO  pipeline.SCMPipelineManager (SCMPipelineManager.java:finalizeAndDestroyPipeline(483)) - Destroying pipeline:Pipeline[ Id: fe419e3b-18d5-4c91-9f2d-5ca67261f62c, Nodes: 92084499-c42d-4e9c-90ed-faecbf58ca46{ip: 172.17.0.2, host: 55665278a03a, ports: [REPLICATION=38411, RATIS=44599, RATIS_ADMIN=44599, RATIS_SERVER=44599, STANDALONE=46429], networkLocation: /default-rack, certSerialId: null, persistedOpState: IN_SERVICE, persistedOpStateExpiryEpochSec: 0}6ba9ab1d-3af3-415d-b63e-d033c6891994{ip: 172.17.0.2, host: 55665278a03a, ports: [REPLICATION=35637, RATIS=33141, RATIS_ADMIN=33141, RATIS_SERVER=33141, STANDALONE=38047], networkLocation: /default-rack, certSerialId: null, persistedOpState: IN_SERVICE, persistedOpStateExpiryEpochSec: 0}bc98b27f-878f-4dad-a502-417d70977e4e{ip: 172.17.0.2, host: 55665278a03a, ports: [REPLICATION=42419, RATIS=44359, RATIS_ADMIN=44359, RATIS_SERVER=44359, STANDALONE=33229], networkLocation: /default-rack, certSerialId: null, persistedOpState: IN_SERVICE, persistedOpStateExpiryEpochSec: 0}, Type:RATIS, Factor:THREE, State:CLOSED, leaderId:bc98b27f-878f-4dad-a502-417d70977e4e, CreationTimestamp2021-03-08T02:05:12.679Z]
2021-03-08 02:06:07,514 [EventQueue-StaleNodeForStaleNodeHandler] INFO  pipeline.SCMPipelineManager (SCMPipelineManager.java:finalizeAndDestroyPipeline(483)) - Destroying pipeline:Pipeline[ Id: 92402027-9cee-4719-af58-a36f55c25c0f, Nodes: 92084499-c42d-4e9c-90ed-faecbf58ca46{ip: 172.17.0.2, host: 55665278a03a, ports: [REPLICATION=38411, RATIS=44599, RATIS_ADMIN=44599, RATIS_SERVER=44599, STANDALONE=46429], networkLocation: /default-rack, certSerialId: null, persistedOpState: IN_SERVICE, persistedOpStateExpiryEpochSec: 0}6ba9ab1d-3af3-415d-b63e-d033c6891994{ip: 172.17.0.2, host: 55665278a03a, ports: [REPLICATION=35637, RATIS=33141, RATIS_ADMIN=33141, RATIS_SERVER=33141, STANDALONE=38047], networkLocation: /default-rack, certSerialId: null, persistedOpState: IN_SERVICE, persistedOpStateExpiryEpochSec: 0}bc98b27f-878f-4dad-a502-417d70977e4e{ip: 172.17.0.2, host: 55665278a03a, ports: [REPLICATION=42419, RATIS=44359, RATIS_ADMIN=44359, RATIS_SERVER=44359, STANDALONE=33229], networkLocation: /default-rack, certSerialId: null, persistedOpState: IN_SERVICE, persistedOpStateExpiryEpochSec: 0}, Type:RATIS, Factor:THREE, State:CLOSED, leaderId:92084499-c42d-4e9c-90ed-faecbf58ca46, CreationTimestamp2021-03-08T02:05:12.680Z]
2021-03-08 02:06:07,877 [Listener at 127.0.0.1/34517] INFO  ozoneimpl.OzoneContainer (OzoneContainer.java:stop(273)) - Attempting to stop container services.
2021-03-08 02:06:07,877 [Listener at 127.0.0.1/34517] INFO  server.RaftServer (RaftServerProxy.java:lambda$close$6(391)) - 9a3b0351-70a0-45b7-a452-2291c7779c75: close
2021-03-08 02:06:07,877 [Listener at 127.0.0.1/34517] INFO  server.RaftServer$Division (RaftServerImpl.java:lambda$close$4(406)) - 9a3b0351-70a0-45b7-a452-2291c7779c75@group-25897E85E036: shutdown
2021-03-08 02:06:07,877 [Listener at 127.0.0.1/34517] INFO  util.JmxRegister (JmxRegister.java:unregister(73)) - Successfully un-registered JMX Bean with object name Ratis:service=RaftServer,group=group-25897E85E036,id=9a3b0351-70a0-45b7-a452-2291c7779c75
2021-03-08 02:06:07,878 [Listener at 127.0.0.1/34517] INFO  impl.RoleInfo (RoleInfo.java:shutdownLeaderState(91)) - 9a3b0351-70a0-45b7-a452-2291c7779c75: shutdown 9a3b0351-70a0-45b7-a452-2291c7779c75@group-25897E85E036-LeaderStateImpl
2021-03-08 02:06:07,878 [Listener at 127.0.0.1/34517] INFO  impl.PendingRequests (PendingRequests.java:sendNotLeaderResponses(249)) - 9a3b0351-70a0-45b7-a452-2291c7779c75@group-25897E85E036-PendingRequests: sendNotLeaderResponses
2021-03-08 02:06:07,878 [Listener at 127.0.0.1/34517] INFO  metrics.RatisMetrics (RatisMetrics.java:unregister(43)) - Unregistering Metrics Registry : ratis.log_appender.9a3b0351-70a0-45b7-a452-2291c7779c75@group-25897E85E036
2021-03-08 02:06:07,878 [Listener at 127.0.0.1/34517] INFO  metrics.RatisMetrics (RatisMetrics.java:unregister(43)) - Unregistering Metrics Registry : ratis.server.9a3b0351-70a0-45b7-a452-2291c7779c75@group-25897E85E036
2021-03-08 02:06:07,880 [Listener at 127.0.0.1/34517] INFO  impl.StateMachineUpdater (StateMachineUpdater.java:stopAndJoin(148)) - 9a3b0351-70a0-45b7-a452-2291c7779c75@group-25897E85E036-StateMachineUpdater: set stopIndex = 0
2021-03-08 02:06:07,880 [9a3b0351-70a0-45b7-a452-2291c7779c75@group-25897E85E036-StateMachineUpdater] INFO  ratis.ContainerStateMachine (ContainerStateMachine.java:takeSnapshot(291)) - group-25897E85E036: Taking a snapshot at:(t:1, i:0) file /github/workspace/mnt/ozone/hadoop-ozone/integration-test/target/test-dir/MiniOzoneClusterImpl-ccaa8949-4e5a-4858-a1f5-413699190f1a/datanode-6/data/ratis/cc114c7c-51d5-4e17-8528-25897e85e036/sm/snapshot.1_0
2021-03-08 02:06:07,881 [9a3b0351-70a0-45b7-a452-2291c7779c75@group-25897E85E036-StateMachineUpdater] INFO  ratis.ContainerStateMachine (ContainerStateMachine.java:takeSnapshot(302)) - group-25897E85E036: Finished taking a snapshot at:(t:1, i:0) file:/github/workspace/mnt/ozone/hadoop-ozone/integration-test/target/test-dir/MiniOzoneClusterImpl-ccaa8949-4e5a-4858-a1f5-413699190f1a/datanode-6/data/ratis/cc114c7c-51d5-4e17-8528-25897e85e036/sm/snapshot.1_0 took: 1 ms
2021-03-08 02:06:07,881 [9a3b0351-70a0-45b7-a452-2291c7779c75@group-25897E85E036-StateMachineUpdater] INFO  impl.StateMachineUpdater (StateMachineUpdater.java:takeSnapshot(279)) - 9a3b0351-70a0-45b7-a452-2291c7779c75@group-25897E85E036-StateMachineUpdater: Took a snapshot at index 0
2021-03-08 02:06:07,881 [9a3b0351-70a0-45b7-a452-2291c7779c75@group-25897E85E036-StateMachineUpdater] INFO  impl.StateMachineUpdater (StateMachineUpdater.java:lambda$new$0(88)) - 9a3b0351-70a0-45b7-a452-2291c7779c75@group-25897E85E036-StateMachineUpdater: snapshotIndex: updateIncreasingly -1 -> 0
2021-03-08 02:06:07,881 [9a3b0351-70a0-45b7-a452-2291c7779c75@group-25897E85E036-StateMachineUpdater] INFO  metrics.RatisMetrics (RatisMetrics.java:unregister(43)) - Unregistering Metrics Registry : ratis.state_machine.9a3b0351-70a0-45b7-a452-2291c7779c75@group-25897E85E036
2021-03-08 02:06:07,882 [Listener at 127.0.0.1/34517] INFO  server.RaftServer$Division (ServerState.java:close(405)) - 9a3b0351-70a0-45b7-a452-2291c7779c75@group-25897E85E036: closes. applyIndex: 0
2021-03-08 02:06:07,882 [9a3b0351-70a0-45b7-a452-2291c7779c75@group-25897E85E036-SegmentedRaftLogWorker] INFO  segmented.SegmentedRaftLogWorker (SegmentedRaftLogWorker.java:run(326)) - 9a3b0351-70a0-45b7-a452-2291c7779c75@group-25897E85E036-SegmentedRaftLogWorker was interrupted, exiting. There are 0 tasks remaining in the queue.
2021-03-08 02:06:07,882 [Listener at 127.0.0.1/34517] INFO  segmented.SegmentedRaftLogWorker (SegmentedRaftLogWorker.java:close(236)) - 9a3b0351-70a0-45b7-a452-2291c7779c75@group-25897E85E036-SegmentedRaftLogWorker close()
2021-03-08 02:06:07,882 [Listener at 127.0.0.1/34517] INFO  metrics.RatisMetrics (RatisMetrics.java:unregister(43)) - Unregistering Metrics Registry : ratis.log_worker.9a3b0351-70a0-45b7-a452-2291c7779c75@group-25897E85E036
2021-03-08 02:06:07,883 [Listener at 127.0.0.1/34517] INFO  metrics.RatisMetrics (RatisMetrics.java:unregister(43)) - Unregistering Metrics Registry : ratis.leader_election.9a3b0351-70a0-45b7-a452-2291c7779c75@group-25897E85E036
2021-03-08 02:06:07,883 [Listener at 127.0.0.1/34517] INFO  metrics.RatisMetrics (RatisMetrics.java:unregister(43)) - Unregistering Metrics Registry : ratis.server.9a3b0351-70a0-45b7-a452-2291c7779c75@group-25897E85E036
2021-03-08 02:06:07,883 [Listener at 127.0.0.1/34517] INFO  server.GrpcService (GrpcService.java:closeImpl(262)) - 9a3b0351-70a0-45b7-a452-2291c7779c75: shutdown server with port 33437 now
2021-03-08 02:06:07,883 [Listener at 127.0.0.1/34517] INFO  server.GrpcService (GrpcService.java:closeImpl(271)) - 9a3b0351-70a0-45b7-a452-2291c7779c75: shutdown server with port 33437 successfully
2021-03-08 02:06:07,883 [org.apache.ratis.util.JvmPauseMonitor$$Lambda$504/1646982022@5420cd39] INFO  util.JvmPauseMonitor (JvmPauseMonitor.java:run(109)) - JvmPauseMonitor-9a3b0351-70a0-45b7-a452-2291c7779c75: Stopped
2021-03-08 02:06:07,884 [Listener at 127.0.0.1/34517] INFO  utils.BackgroundService (BackgroundService.java:shutdown(132)) - Shutting down service BlockDeletingService
2021-03-08 02:06:07,886 [Listener at 127.0.0.1/34517] INFO  statemachine.DatanodeStateMachine (DatanodeStateMachine.java:stopDaemon(469)) - Ozone container server stopped.
2021-03-08 02:06:07,896 [Listener at 127.0.0.1/34517] INFO  handler.ContextHandler (ContextHandler.java:doStop(1154)) - Stopped o.e.j.w.WebAppContext@b2c519b{hddsDatanode,/,null,STOPPED}{jar:file:/home/user/.m2/repository/org/apache/hadoop/hadoop-hdds-container-service/1.1.0-SNAPSHOT/hadoop-hdds-container-service-1.1.0-SNAPSHOT.jar!/webapps/hddsDatanode}
2021-03-08 02:06:07,896 [Listener at 127.0.0.1/34517] INFO  server.AbstractConnector (AbstractConnector.java:doStop(381)) - Stopped ServerConnector@4a067cfb{HTTP/1.1, (http/1.1)}{0.0.0.0:0}
2021-03-08 02:06:07,896 [Listener at 127.0.0.1/34517] INFO  server.session (HouseKeeper.java:stopScavenging(149)) - node0 Stopped scavenging
2021-03-08 02:06:07,897 [Listener at 127.0.0.1/34517] INFO  handler.ContextHandler (ContextHandler.java:doStop(1154)) - Stopped o.e.j.s.ServletContextHandler@362490c6{static,/static,jar:file:/home/user/.m2/repository/org/apache/hadoop/hadoop-hdds-container-service/1.1.0-SNAPSHOT/hadoop-hdds-container-service-1.1.0-SNAPSHOT.jar!/webapps/static,STOPPED}
2021-03-08 02:06:07,897 [Listener at 127.0.0.1/34517] INFO  handler.ContextHandler (ContextHandler.java:doStop(1154)) - Stopped o.e.j.s.ServletContextHandler@5ce95f3c{logs,/logs,file:///github/workspace/mnt/ozone/hadoop-ozone/integration-test/target/log,STOPPED}
2021-03-08 02:06:07,926 [ForkJoinPool.commonPool-worker-1] INFO  ozoneimpl.OzoneContainer (OzoneContainer.java:stop(273)) - Attempting to stop container services.
2021-03-08 02:06:07,926 [ForkJoinPool.commonPool-worker-1] INFO  server.RaftServer (RaftServerProxy.java:lambda$close$6(391)) - 92084499-c42d-4e9c-90ed-faecbf58ca46: close
2021-03-08 02:06:07,926 [ForkJoinPool.commonPool-worker-1] INFO  server.RaftServer$Division (RaftServerImpl.java:lambda$close$4(406)) - 92084499-c42d-4e9c-90ed-faecbf58ca46@group-507EAFB998CB: shutdown
2021-03-08 02:06:07,927 [ForkJoinPool.commonPool-worker-1] INFO  util.JmxRegister (JmxRegister.java:unregister(73)) - Successfully un-registered JMX Bean with object name Ratis:service=RaftServer,group=group-507EAFB998CB,id=92084499-c42d-4e9c-90ed-faecbf58ca46
2021-03-08 02:06:07,927 [ForkJoinPool.commonPool-worker-1] INFO  impl.RoleInfo (RoleInfo.java:shutdownFollowerState(108)) - 92084499-c42d-4e9c-90ed-faecbf58ca46: shutdown 92084499-c42d-4e9c-90ed-faecbf58ca46@group-507EAFB998CB-FollowerState
2021-03-08 02:06:07,927 [ForkJoinPool.commonPool-worker-1] INFO  impl.StateMachineUpdater (StateMachineUpdater.java:stopAndJoin(148)) - 92084499-c42d-4e9c-90ed-faecbf58ca46@group-507EAFB998CB-StateMachineUpdater: set stopIndex = 0
2021-03-08 02:06:07,927 [92084499-c42d-4e9c-90ed-faecbf58ca46@group-507EAFB998CB-StateMachineUpdater] INFO  ratis.ContainerStateMachine (ContainerStateMachine.java:takeSnapshot(291)) - group-507EAFB998CB: Taking a snapshot at:(t:5, i:0) file /github/workspace/mnt/ozone/hadoop-ozone/integration-test/target/test-dir/MiniOzoneClusterImpl-ccaa8949-4e5a-4858-a1f5-413699190f1a/datanode-0/data/ratis/314f1900-63e8-41f8-9152-507eafb998cb/sm/snapshot.5_0
2021-03-08 02:06:07,927 [Thread-4733] INFO  impl.FollowerState (FollowerState.java:run(142)) - 92084499-c42d-4e9c-90ed-faecbf58ca46@group-507EAFB998CB-FollowerState was interrupted: {}
java.lang.InterruptedException: sleep interrupted
	at java.lang.Thread.sleep(Native Method)
	at java.lang.Thread.sleep(Thread.java:340)
	at java.util.concurrent.TimeUnit.sleep(TimeUnit.java:386)
	at org.apache.ratis.util.TimeDuration.sleep(TimeDuration.java:324)
	at org.apache.ratis.util.TimeDuration.sleep(TimeDuration.java:309)
	at org.apache.ratis.server.impl.FollowerState.run(FollowerState.java:117)
2021-03-08 02:06:07,928 [92084499-c42d-4e9c-90ed-faecbf58ca46@group-507EAFB998CB-StateMachineUpdater] INFO  ratis.ContainerStateMachine (ContainerStateMachine.java:takeSnapshot(302)) - group-507EAFB998CB: Finished taking a snapshot at:(t:5, i:0) file:/github/workspace/mnt/ozone/hadoop-ozone/integration-test/target/test-dir/MiniOzoneClusterImpl-ccaa8949-4e5a-4858-a1f5-413699190f1a/datanode-0/data/ratis/314f1900-63e8-41f8-9152-507eafb998cb/sm/snapshot.5_0 took: 1 ms
2021-03-08 02:06:07,928 [92084499-c42d-4e9c-90ed-faecbf58ca46@group-507EAFB998CB-StateMachineUpdater] INFO  impl.StateMachineUpdater (StateMachineUpdater.java:takeSnapshot(279)) - 92084499-c42d-4e9c-90ed-faecbf58ca46@group-507EAFB998CB-StateMachineUpdater: Took a snapshot at index 0
2021-03-08 02:06:07,928 [92084499-c42d-4e9c-90ed-faecbf58ca46@group-507EAFB998CB-StateMachineUpdater] INFO  impl.StateMachineUpdater (StateMachineUpdater.java:lambda$new$0(88)) - 92084499-c42d-4e9c-90ed-faecbf58ca46@group-507EAFB998CB-StateMachineUpdater: snapshotIndex: updateIncreasingly -1 -> 0
2021-03-08 02:06:07,928 [92084499-c42d-4e9c-90ed-faecbf58ca46@group-507EAFB998CB-StateMachineUpdater] INFO  metrics.RatisMetrics (RatisMetrics.java:unregister(43)) - Unregistering Metrics Registry : ratis.state_machine.92084499-c42d-4e9c-90ed-faecbf58ca46@group-507EAFB998CB
2021-03-08 02:06:07,929 [ForkJoinPool.commonPool-worker-1] INFO  server.RaftServer$Division (ServerState.java:close(405)) - 92084499-c42d-4e9c-90ed-faecbf58ca46@group-507EAFB998CB: closes. applyIndex: 0
2021-03-08 02:06:07,929 [92084499-c42d-4e9c-90ed-faecbf58ca46@group-507EAFB998CB-SegmentedRaftLogWorker] INFO  segmented.SegmentedRaftLogWorker (SegmentedRaftLogWorker.java:run(326)) - 92084499-c42d-4e9c-90ed-faecbf58ca46@group-507EAFB998CB-SegmentedRaftLogWorker was interrupted, exiting. There are 0 tasks remaining in the queue.
2021-03-08 02:06:07,929 [ForkJoinPool.commonPool-worker-1] INFO  segmented.SegmentedRaftLogWorker (SegmentedRaftLogWorker.java:close(236)) - 92084499-c42d-4e9c-90ed-faecbf58ca46@group-507EAFB998CB-SegmentedRaftLogWorker close()
2021-03-08 02:06:07,929 [ForkJoinPool.commonPool-worker-1] INFO  metrics.RatisMetrics (RatisMetrics.java:unregister(43)) - Unregistering Metrics Registry : ratis.log_worker.92084499-c42d-4e9c-90ed-faecbf58ca46@group-507EAFB998CB
2021-03-08 02:06:07,929 [ForkJoinPool.commonPool-worker-1] INFO  metrics.RatisMetrics (RatisMetrics.java:unregister(43)) - Unregistering Metrics Registry : ratis.leader_election.92084499-c42d-4e9c-90ed-faecbf58ca46@group-507EAFB998CB
2021-03-08 02:06:07,930 [ForkJoinPool.commonPool-worker-1] INFO  metrics.RatisMetrics (RatisMetrics.java:unregister(43)) - Unregistering Metrics Registry : ratis.server.92084499-c42d-4e9c-90ed-faecbf58ca46@group-507EAFB998CB
2021-03-08 02:06:07,930 [ForkJoinPool.commonPool-worker-1] INFO  server.RaftServer$Division (RaftServerImpl.java:lambda$close$4(406)) - 92084499-c42d-4e9c-90ed-faecbf58ca46@group-5CA67261F62C: shutdown
2021-03-08 02:06:07,930 [ForkJoinPool.commonPool-worker-1] INFO  util.JmxRegister (JmxRegister.java:unregister(73)) - Successfully un-registered JMX Bean with object name Ratis:service=RaftServer,group=group-5CA67261F62C,id=92084499-c42d-4e9c-90ed-faecbf58ca46
2021-03-08 02:06:07,930 [ForkJoinPool.commonPool-worker-1] INFO  impl.RoleInfo (RoleInfo.java:shutdownFollowerState(108)) - 92084499-c42d-4e9c-90ed-faecbf58ca46: shutdown 92084499-c42d-4e9c-90ed-faecbf58ca46@group-5CA67261F62C-FollowerState
2021-03-08 02:06:07,930 [ForkJoinPool.commonPool-worker-1] INFO  impl.StateMachineUpdater (StateMachineUpdater.java:stopAndJoin(148)) - 92084499-c42d-4e9c-90ed-faecbf58ca46@group-5CA67261F62C-StateMachineUpdater: set stopIndex = 13
2021-03-08 02:06:07,930 [Thread-4411] INFO  impl.FollowerState (FollowerState.java:run(142)) - 92084499-c42d-4e9c-90ed-faecbf58ca46@group-5CA67261F62C-FollowerState was interrupted: {}
java.lang.InterruptedException: sleep interrupted
	at java.lang.Thread.sleep(Native Method)
	at java.lang.Thread.sleep(Thread.java:340)
	at java.util.concurrent.TimeUnit.sleep(TimeUnit.java:386)
	at org.apache.ratis.util.TimeDuration.sleep(TimeDuration.java:324)
	at org.apache.ratis.util.TimeDuration.sleep(TimeDuration.java:309)
	at org.apache.ratis.server.impl.FollowerState.run(FollowerState.java:117)
2021-03-08 02:06:07,931 [92084499-c42d-4e9c-90ed-faecbf58ca46@group-5CA67261F62C-StateMachineUpdater] INFO  ratis.ContainerStateMachine (ContainerStateMachine.java:takeSnapshot(291)) - group-5CA67261F62C: Taking a snapshot at:(t:2, i:13) file /github/workspace/mnt/ozone/hadoop-ozone/integration-test/target/test-dir/MiniOzoneClusterImpl-ccaa8949-4e5a-4858-a1f5-413699190f1a/datanode-0/data/ratis/fe419e3b-18d5-4c91-9f2d-5ca67261f62c/sm/snapshot.2_13
2021-03-08 02:06:07,931 [92084499-c42d-4e9c-90ed-faecbf58ca46@group-5CA67261F62C-StateMachineUpdater] INFO  ratis.ContainerStateMachine (ContainerStateMachine.java:takeSnapshot(302)) - group-5CA67261F62C: Finished taking a snapshot at:(t:2, i:13) file:/github/workspace/mnt/ozone/hadoop-ozone/integration-test/target/test-dir/MiniOzoneClusterImpl-ccaa8949-4e5a-4858-a1f5-413699190f1a/datanode-0/data/ratis/fe419e3b-18d5-4c91-9f2d-5ca67261f62c/sm/snapshot.2_13 took: 1 ms
2021-03-08 02:06:07,932 [92084499-c42d-4e9c-90ed-faecbf58ca46@group-5CA67261F62C-StateMachineUpdater] INFO  impl.StateMachineUpdater (StateMachineUpdater.java:takeSnapshot(279)) - 92084499-c42d-4e9c-90ed-faecbf58ca46@group-5CA67261F62C-StateMachineUpdater: Took a snapshot at index 13
2021-03-08 02:06:07,932 [92084499-c42d-4e9c-90ed-faecbf58ca46@group-5CA67261F62C-StateMachineUpdater] INFO  impl.StateMachineUpdater (StateMachineUpdater.java:lambda$new$0(88)) - 92084499-c42d-4e9c-90ed-faecbf58ca46@group-5CA67261F62C-StateMachineUpdater: snapshotIndex: updateIncreasingly -1 -> 13
2021-03-08 02:06:07,932 [92084499-c42d-4e9c-90ed-faecbf58ca46@group-5CA67261F62C-StateMachineUpdater] INFO  metrics.RatisMetrics (RatisMetrics.java:unregister(43)) - Unregistering Metrics Registry : ratis.state_machine.92084499-c42d-4e9c-90ed-faecbf58ca46@group-5CA67261F62C
2021-03-08 02:06:07,932 [ForkJoinPool.commonPool-worker-1] INFO  server.RaftServer$Division (ServerState.java:close(405)) - 92084499-c42d-4e9c-90ed-faecbf58ca46@group-5CA67261F62C: closes. applyIndex: 13
2021-03-08 02:06:07,932 [92084499-c42d-4e9c-90ed-faecbf58ca46@group-5CA67261F62C-SegmentedRaftLogWorker] INFO  segmented.SegmentedRaftLogWorker (SegmentedRaftLogWorker.java:run(326)) - 92084499-c42d-4e9c-90ed-faecbf58ca46@group-5CA67261F62C-SegmentedRaftLogWorker was interrupted, exiting. There are 0 tasks remaining in the queue.
2021-03-08 02:06:07,932 [ForkJoinPool.commonPool-worker-1] INFO  segmented.SegmentedRaftLogWorker (SegmentedRaftLogWorker.java:close(236)) - 92084499-c42d-4e9c-90ed-faecbf58ca46@group-5CA67261F62C-SegmentedRaftLogWorker close()
2021-03-08 02:06:07,933 [ForkJoinPool.commonPool-worker-1] INFO  metrics.RatisMetrics (RatisMetrics.java:unregister(43)) - Unregistering Metrics Registry : ratis.log_worker.92084499-c42d-4e9c-90ed-faecbf58ca46@group-5CA67261F62C
2021-03-08 02:06:07,933 [ForkJoinPool.commonPool-worker-1] INFO  metrics.RatisMetrics (RatisMetrics.java:unregister(43)) - Unregistering Metrics Registry : ratis.leader_election.92084499-c42d-4e9c-90ed-faecbf58ca46@group-5CA67261F62C
2021-03-08 02:06:07,933 [ForkJoinPool.commonPool-worker-1] INFO  metrics.RatisMetrics (RatisMetrics.java:unregister(43)) - Unregistering Metrics Registry : ratis.server.92084499-c42d-4e9c-90ed-faecbf58ca46@group-5CA67261F62C
2021-03-08 02:06:07,933 [ForkJoinPool.commonPool-worker-1] INFO  server.RaftServer$Division (RaftServerImpl.java:lambda$close$4(406)) - 92084499-c42d-4e9c-90ed-faecbf58ca46@group-3A9AA9FBFAA1: shutdown
2021-03-08 02:06:07,933 [ForkJoinPool.commonPool-worker-1] INFO  util.JmxRegister (JmxRegister.java:unregister(73)) - Successfully un-registered JMX Bean with object name Ratis:service=RaftServer,group=group-3A9AA9FBFAA1,id=92084499-c42d-4e9c-90ed-faecbf58ca46
2021-03-08 02:06:07,933 [ForkJoinPool.commonPool-worker-1] INFO  impl.RoleInfo (RoleInfo.java:shutdownLeaderState(91)) - 92084499-c42d-4e9c-90ed-faecbf58ca46: shutdown 92084499-c42d-4e9c-90ed-faecbf58ca46@group-3A9AA9FBFAA1-LeaderStateImpl
2021-03-08 02:06:07,933 [ForkJoinPool.commonPool-worker-1] INFO  impl.PendingRequests (PendingRequests.java:sendNotLeaderResponses(249)) - 92084499-c42d-4e9c-90ed-faecbf58ca46@group-3A9AA9FBFAA1-PendingRequests: sendNotLeaderResponses
2021-03-08 02:06:07,933 [ForkJoinPool.commonPool-worker-1] INFO  metrics.RatisMetrics (RatisMetrics.java:unregister(43)) - Unregistering Metrics Registry : ratis.log_appender.92084499-c42d-4e9c-90ed-faecbf58ca46@group-3A9AA9FBFAA1
2021-03-08 02:06:07,934 [ForkJoinPool.commonPool-worker-1] INFO  metrics.RatisMetrics (RatisMetrics.java:unregister(43)) - Unregistering Metrics Registry : ratis.server.92084499-c42d-4e9c-90ed-faecbf58ca46@group-3A9AA9FBFAA1
2021-03-08 02:06:07,935 [92084499-c42d-4e9c-90ed-faecbf58ca46@group-3A9AA9FBFAA1-StateMachineUpdater] INFO  ratis.ContainerStateMachine (ContainerStateMachine.java:takeSnapshot(291)) - group-3A9AA9FBFAA1: Taking a snapshot at:(t:1, i:0) file /github/workspace/mnt/ozone/hadoop-ozone/integration-test/target/test-dir/MiniOzoneClusterImpl-ccaa8949-4e5a-4858-a1f5-413699190f1a/datanode-0/data/ratis/d47d77c1-3cef-4a96-915c-3a9aa9fbfaa1/sm/snapshot.1_0
2021-03-08 02:06:07,935 [ForkJoinPool.commonPool-worker-1] INFO  impl.StateMachineUpdater (StateMachineUpdater.java:stopAndJoin(148)) - 92084499-c42d-4e9c-90ed-faecbf58ca46@group-3A9AA9FBFAA1-StateMachineUpdater: set stopIndex = 0
2021-03-08 02:06:07,936 [92084499-c42d-4e9c-90ed-faecbf58ca46@group-3A9AA9FBFAA1-StateMachineUpdater] INFO  ratis.ContainerStateMachine (ContainerStateMachine.java:takeSnapshot(302)) - group-3A9AA9FBFAA1: Finished taking a snapshot at:(t:1, i:0) file:/github/workspace/mnt/ozone/hadoop-ozone/integration-test/target/test-dir/MiniOzoneClusterImpl-ccaa8949-4e5a-4858-a1f5-413699190f1a/datanode-0/data/ratis/d47d77c1-3cef-4a96-915c-3a9aa9fbfaa1/sm/snapshot.1_0 took: 1 ms
2021-03-08 02:06:07,936 [92084499-c42d-4e9c-90ed-faecbf58ca46@group-3A9AA9FBFAA1-StateMachineUpdater] INFO  impl.StateMachineUpdater (StateMachineUpdater.java:takeSnapshot(279)) - 92084499-c42d-4e9c-90ed-faecbf58ca46@group-3A9AA9FBFAA1-StateMachineUpdater: Took a snapshot at index 0
2021-03-08 02:06:07,936 [92084499-c42d-4e9c-90ed-faecbf58ca46@group-3A9AA9FBFAA1-StateMachineUpdater] INFO  impl.StateMachineUpdater (StateMachineUpdater.java:lambda$new$0(88)) - 92084499-c42d-4e9c-90ed-faecbf58ca46@group-3A9AA9FBFAA1-StateMachineUpdater: snapshotIndex: updateIncreasingly -1 -> 0
2021-03-08 02:06:07,936 [92084499-c42d-4e9c-90ed-faecbf58ca46@group-3A9AA9FBFAA1-StateMachineUpdater] INFO  metrics.RatisMetrics (RatisMetrics.java:unregister(43)) - Unregistering Metrics Registry : ratis.state_machine.92084499-c42d-4e9c-90ed-faecbf58ca46@group-3A9AA9FBFAA1
2021-03-08 02:06:07,937 [ForkJoinPool.commonPool-worker-1] INFO  server.RaftServer$Division (ServerState.java:close(405)) - 92084499-c42d-4e9c-90ed-faecbf58ca46@group-3A9AA9FBFAA1: closes. applyIndex: 0
2021-03-08 02:06:07,937 [92084499-c42d-4e9c-90ed-faecbf58ca46@group-3A9AA9FBFAA1-SegmentedRaftLogWorker] INFO  segmented.SegmentedRaftLogWorker (SegmentedRaftLogWorker.java:run(326)) - 92084499-c42d-4e9c-90ed-faecbf58ca46@group-3A9AA9FBFAA1-SegmentedRaftLogWorker was interrupted, exiting. There are 0 tasks remaining in the queue.
2021-03-08 02:06:07,937 [ForkJoinPool.commonPool-worker-1] INFO  segmented.SegmentedRaftLogWorker (SegmentedRaftLogWorker.java:close(236)) - 92084499-c42d-4e9c-90ed-faecbf58ca46@group-3A9AA9FBFAA1-SegmentedRaftLogWorker close()
2021-03-08 02:06:07,937 [ForkJoinPool.commonPool-worker-1] INFO  metrics.RatisMetrics (RatisMetrics.java:unregister(43)) - Unregistering Metrics Registry : ratis.log_worker.92084499-c42d-4e9c-90ed-faecbf58ca46@group-3A9AA9FBFAA1
2021-03-08 02:06:07,937 [ForkJoinPool.commonPool-worker-1] INFO  metrics.RatisMetrics (RatisMetrics.java:unregister(43)) - Unregistering Metrics Registry : ratis.leader_election.92084499-c42d-4e9c-90ed-faecbf58ca46@group-3A9AA9FBFAA1
2021-03-08 02:06:07,937 [ForkJoinPool.commonPool-worker-1] INFO  metrics.RatisMetrics (RatisMetrics.java:unregister(43)) - Unregistering Metrics Registry : ratis.server.92084499-c42d-4e9c-90ed-faecbf58ca46@group-3A9AA9FBFAA1
2021-03-08 02:06:07,938 [ForkJoinPool.commonPool-worker-1] INFO  server.RaftServer$Division (RaftServerImpl.java:lambda$close$4(406)) - 92084499-c42d-4e9c-90ed-faecbf58ca46@group-A36F55C25C0F: shutdown
2021-03-08 02:06:07,938 [ForkJoinPool.commonPool-worker-1] INFO  util.JmxRegister (JmxRegister.java:unregister(73)) - Successfully un-registered JMX Bean with object name Ratis:service=RaftServer,group=group-A36F55C25C0F,id=92084499-c42d-4e9c-90ed-faecbf58ca46
2021-03-08 02:06:07,938 [ForkJoinPool.commonPool-worker-1] INFO  impl.RoleInfo (RoleInfo.java:shutdownFollowerState(108)) - 92084499-c42d-4e9c-90ed-faecbf58ca46: shutdown 92084499-c42d-4e9c-90ed-faecbf58ca46@group-A36F55C25C0F-FollowerState
2021-03-08 02:06:07,938 [Thread-4732] INFO  impl.FollowerState (FollowerState.java:run(142)) - 92084499-c42d-4e9c-90ed-faecbf58ca46@group-A36F55C25C0F-FollowerState was interrupted: {}
java.lang.InterruptedException: sleep interrupted
	at java.lang.Thread.sleep(Native Method)
	at java.lang.Thread.sleep(Thread.java:340)
	at java.util.concurrent.TimeUnit.sleep(TimeUnit.java:386)
	at org.apache.ratis.util.TimeDuration.sleep(TimeDuration.java:324)
	at org.apache.ratis.util.TimeDuration.sleep(TimeDuration.java:309)
	at org.apache.ratis.server.impl.FollowerState.run(FollowerState.java:117)
2021-03-08 02:06:07,938 [92084499-c42d-4e9c-90ed-faecbf58ca46@group-A36F55C25C0F-StateMachineUpdater] INFO  ratis.ContainerStateMachine (ContainerStateMachine.java:takeSnapshot(291)) - group-A36F55C25C0F: Taking a snapshot at:(t:9, i:4) file /github/workspace/mnt/ozone/hadoop-ozone/integration-test/target/test-dir/MiniOzoneClusterImpl-ccaa8949-4e5a-4858-a1f5-413699190f1a/datanode-0/data/ratis/92402027-9cee-4719-af58-a36f55c25c0f/sm/snapshot.9_4
2021-03-08 02:06:07,939 [ForkJoinPool.commonPool-worker-1] INFO  impl.StateMachineUpdater (StateMachineUpdater.java:stopAndJoin(148)) - 92084499-c42d-4e9c-90ed-faecbf58ca46@group-A36F55C25C0F-StateMachineUpdater: set stopIndex = 4
2021-03-08 02:06:07,939 [92084499-c42d-4e9c-90ed-faecbf58ca46@group-A36F55C25C0F-StateMachineUpdater] INFO  ratis.ContainerStateMachine (ContainerStateMachine.java:takeSnapshot(302)) - group-A36F55C25C0F: Finished taking a snapshot at:(t:9, i:4) file:/github/workspace/mnt/ozone/hadoop-ozone/integration-test/target/test-dir/MiniOzoneClusterImpl-ccaa8949-4e5a-4858-a1f5-413699190f1a/datanode-0/data/ratis/92402027-9cee-4719-af58-a36f55c25c0f/sm/snapshot.9_4 took: 1 ms
2021-03-08 02:06:07,939 [92084499-c42d-4e9c-90ed-faecbf58ca46@group-A36F55C25C0F-StateMachineUpdater] INFO  impl.StateMachineUpdater (StateMachineUpdater.java:takeSnapshot(279)) - 92084499-c42d-4e9c-90ed-faecbf58ca46@group-A36F55C25C0F-StateMachineUpdater: Took a snapshot at index 4
2021-03-08 02:06:07,939 [92084499-c42d-4e9c-90ed-faecbf58ca46@group-A36F55C25C0F-StateMachineUpdater] INFO  impl.StateMachineUpdater (StateMachineUpdater.java:lambda$new$0(88)) - 92084499-c42d-4e9c-90ed-faecbf58ca46@group-A36F55C25C0F-StateMachineUpdater: snapshotIndex: updateIncreasingly -1 -> 4
2021-03-08 02:06:07,939 [92084499-c42d-4e9c-90ed-faecbf58ca46@group-A36F55C25C0F-StateMachineUpdater] INFO  metrics.RatisMetrics (RatisMetrics.java:unregister(43)) - Unregistering Metrics Registry : ratis.state_machine.92084499-c42d-4e9c-90ed-faecbf58ca46@group-A36F55C25C0F
2021-03-08 02:06:07,940 [ForkJoinPool.commonPool-worker-1] INFO  server.RaftServer$Division (ServerState.java:close(405)) - 92084499-c42d-4e9c-90ed-faecbf58ca46@group-A36F55C25C0F: closes. applyIndex: 4
2021-03-08 02:06:07,940 [92084499-c42d-4e9c-90ed-faecbf58ca46@group-A36F55C25C0F-SegmentedRaftLogWorker] INFO  segmented.SegmentedRaftLogWorker (SegmentedRaftLogWorker.java:run(326)) - 92084499-c42d-4e9c-90ed-faecbf58ca46@group-A36F55C25C0F-SegmentedRaftLogWorker was interrupted, exiting. There are 0 tasks remaining in the queue.
2021-03-08 02:06:07,941 [ForkJoinPool.commonPool-worker-1] INFO  segmented.SegmentedRaftLogWorker (SegmentedRaftLogWorker.java:close(236)) - 92084499-c42d-4e9c-90ed-faecbf58ca46@group-A36F55C25C0F-SegmentedRaftLogWorker close()
2021-03-08 02:06:07,941 [ForkJoinPool.commonPool-worker-1] INFO  metrics.RatisMetrics (RatisMetrics.java:unregister(43)) - Unregistering Metrics Registry : ratis.log_worker.92084499-c42d-4e9c-90ed-faecbf58ca46@group-A36F55C25C0F
2021-03-08 02:06:07,941 [ForkJoinPool.commonPool-worker-1] INFO  metrics.RatisMetrics (RatisMetrics.java:unregister(43)) - Unregistering Metrics Registry : ratis.leader_election.92084499-c42d-4e9c-90ed-faecbf58ca46@group-A36F55C25C0F
2021-03-08 02:06:07,941 [ForkJoinPool.commonPool-worker-1] INFO  metrics.RatisMetrics (RatisMetrics.java:unregister(43)) - Unregistering Metrics Registry : ratis.server.92084499-c42d-4e9c-90ed-faecbf58ca46@group-A36F55C25C0F
2021-03-08 02:06:07,941 [ForkJoinPool.commonPool-worker-1] INFO  server.GrpcService (GrpcService.java:closeImpl(262)) - 92084499-c42d-4e9c-90ed-faecbf58ca46: shutdown server with port 44599 now
2021-03-08 02:06:07,942 [ForkJoinPool.commonPool-worker-1] INFO  server.GrpcService (GrpcService.java:closeImpl(271)) - 92084499-c42d-4e9c-90ed-faecbf58ca46: shutdown server with port 44599 successfully
2021-03-08 02:06:07,942 [org.apache.ratis.util.JvmPauseMonitor$$Lambda$504/1646982022@3faddfd] INFO  util.JvmPauseMonitor (JvmPauseMonitor.java:run(109)) - JvmPauseMonitor-92084499-c42d-4e9c-90ed-faecbf58ca46: Stopped
2021-03-08 02:06:07,945 [ForkJoinPool.commonPool-worker-1] INFO  utils.BackgroundService (BackgroundService.java:shutdown(132)) - Shutting down service BlockDeletingService
2021-03-08 02:06:07,949 [ForkJoinPool.commonPool-worker-1] INFO  statemachine.DatanodeStateMachine (DatanodeStateMachine.java:stopDaemon(469)) - Ozone container server stopped.
2021-03-08 02:06:07,965 [ForkJoinPool.commonPool-worker-1] INFO  handler.ContextHandler (ContextHandler.java:doStop(1154)) - Stopped o.e.j.w.WebAppContext@1c8da32a{hddsDatanode,/,null,STOPPED}{jar:file:/home/user/.m2/repository/org/apache/hadoop/hadoop-hdds-container-service/1.1.0-SNAPSHOT/hadoop-hdds-container-service-1.1.0-SNAPSHOT.jar!/webapps/hddsDatanode}
2021-03-08 02:06:07,965 [ForkJoinPool.commonPool-worker-1] INFO  server.AbstractConnector (AbstractConnector.java:doStop(381)) - Stopped ServerConnector@1aa9be8d{HTTP/1.1, (http/1.1)}{0.0.0.0:0}
2021-03-08 02:06:07,965 [ForkJoinPool.commonPool-worker-1] INFO  server.session (HouseKeeper.java:stopScavenging(149)) - node0 Stopped scavenging
2021-03-08 02:06:07,966 [ForkJoinPool.commonPool-worker-1] INFO  handler.ContextHandler (ContextHandler.java:doStop(1154)) - Stopped o.e.j.s.ServletContextHandler@13f558c4{static,/static,jar:file:/home/user/.m2/repository/org/apache/hadoop/hadoop-hdds-container-service/1.1.0-SNAPSHOT/hadoop-hdds-container-service-1.1.0-SNAPSHOT.jar!/webapps/static,STOPPED}
2021-03-08 02:06:07,967 [ForkJoinPool.commonPool-worker-1] INFO  handler.ContextHandler (ContextHandler.java:doStop(1154)) - Stopped o.e.j.s.ServletContextHandler@74a8398e{logs,/logs,file:///github/workspace/mnt/ozone/hadoop-ozone/integration-test/target/log,STOPPED}
2021-03-08 02:06:08,787 [Datanode State Machine Thread - 0] INFO  statemachine.DatanodeStateMachine (DatanodeStateMachine.java:lambda$startDaemon$0(411)) - Ozone container server started.
2021-03-08 02:06:11,977 [Thread-4721] INFO  impl.FollowerState (FollowerState.java:run(133)) - c7780af0-0f31-4130-b62a-7061a7bbaf6d@group-7928B19B14F4-FollowerState: change to CANDIDATE, lastRpcElapsedTime:10156151854ns, electionTimeout:5119ms
2021-03-08 02:06:11,977 [Thread-4721] INFO  impl.RoleInfo (RoleInfo.java:shutdownFollowerState(108)) - c7780af0-0f31-4130-b62a-7061a7bbaf6d: shutdown c7780af0-0f31-4130-b62a-7061a7bbaf6d@group-7928B19B14F4-FollowerState
2021-03-08 02:06:11,977 [Thread-4721] INFO  server.RaftServer$Division (RaftServerImpl.java:setRole(284)) - c7780af0-0f31-4130-b62a-7061a7bbaf6d@group-7928B19B14F4: changes role from  FOLLOWER to CANDIDATE at term 3 for changeToCandidate
2021-03-08 02:06:11,977 [Thread-4721] INFO  server.RaftServerConfigKeys (ConfUtils.java:logGet(44)) - raft.server.leaderelection.pre-vote = false (custom)
2021-03-08 02:06:11,977 [Thread-4721] INFO  impl.RoleInfo (RoleInfo.java:updateAndGet(130)) - c7780af0-0f31-4130-b62a-7061a7bbaf6d: start c7780af0-0f31-4130-b62a-7061a7bbaf6d@group-7928B19B14F4-LeaderElection218
2021-03-08 02:06:11,978 [c7780af0-0f31-4130-b62a-7061a7bbaf6d@group-7928B19B14F4-LeaderElection218] INFO  server.RaftServer$Division (ServerState.java:setLeader(271)) - c7780af0-0f31-4130-b62a-7061a7bbaf6d@group-7928B19B14F4: change Leader from 2e2b7c4f-1fa0-4360-84eb-5aea739d5e5f to null at term 3 for ELECTION
2021-03-08 02:06:11,980 [c7780af0-0f31-4130-b62a-7061a7bbaf6d@group-7928B19B14F4-LeaderElection218] INFO  impl.LeaderElection (LeaderElection.java:askForVotes(307)) - c7780af0-0f31-4130-b62a-7061a7bbaf6d@group-7928B19B14F4-LeaderElection218 ELECTION round 0: submit vote requests at term 4 for 1: [c7780af0-0f31-4130-b62a-7061a7bbaf6d|rpc:172.17.0.2:40671|dataStream:|priority:0, 2e2b7c4f-1fa0-4360-84eb-5aea739d5e5f|rpc:172.17.0.2:45357|dataStream:|priority:0, 8be81fb1-89d0-4709-8656-3472d71d638b|rpc:172.17.0.2:44187|dataStream:|priority:1], old=null
2021-03-08 02:06:11,980 [c7780af0-0f31-4130-b62a-7061a7bbaf6d@group-7928B19B14F4-LeaderElection218] INFO  impl.LeaderElection (LogUtils.java:infoOrTrace(137)) - c7780af0-0f31-4130-b62a-7061a7bbaf6d@group-7928B19B14F4-LeaderElection218 got exception when requesting votes: java.util.concurrent.ExecutionException: org.apache.ratis.thirdparty.io.grpc.StatusRuntimeException: UNAVAILABLE: io exception
2021-03-08 02:06:11,980 [c7780af0-0f31-4130-b62a-7061a7bbaf6d@group-7928B19B14F4-LeaderElection218] INFO  impl.LeaderElection (LogUtils.java:infoOrTrace(137)) - c7780af0-0f31-4130-b62a-7061a7bbaf6d@group-7928B19B14F4-LeaderElection218 got exception when requesting votes: java.util.concurrent.ExecutionException: org.apache.ratis.thirdparty.io.grpc.StatusRuntimeException: UNAVAILABLE: io exception
2021-03-08 02:06:11,980 [c7780af0-0f31-4130-b62a-7061a7bbaf6d@group-7928B19B14F4-LeaderElection218] INFO  impl.LeaderElection (LeaderElection.java:logAndReturn(89)) - c7780af0-0f31-4130-b62a-7061a7bbaf6d@group-7928B19B14F4-LeaderElection218: ELECTION REJECTED received 0 response(s) and 2 exception(s):
2021-03-08 02:06:11,981 [c7780af0-0f31-4130-b62a-7061a7bbaf6d@group-7928B19B14F4-LeaderElection218] INFO  impl.LeaderElection (LogUtils.java:infoOrTrace(137)) -   Exception 0: java.util.concurrent.ExecutionException: org.apache.ratis.thirdparty.io.grpc.StatusRuntimeException: UNAVAILABLE: io exception
2021-03-08 02:06:11,981 [c7780af0-0f31-4130-b62a-7061a7bbaf6d@group-7928B19B14F4-LeaderElection218] INFO  impl.LeaderElection (LogUtils.java:infoOrTrace(137)) -   Exception 1: java.util.concurrent.ExecutionException: org.apache.ratis.thirdparty.io.grpc.StatusRuntimeException: UNAVAILABLE: io exception
2021-03-08 02:06:11,981 [c7780af0-0f31-4130-b62a-7061a7bbaf6d@group-7928B19B14F4-LeaderElection218] INFO  impl.LeaderElection (LeaderElection.java:askForVotes(309)) - c7780af0-0f31-4130-b62a-7061a7bbaf6d@group-7928B19B14F4-LeaderElection218 ELECTION round 0: result REJECTED
2021-03-08 02:06:11,981 [c7780af0-0f31-4130-b62a-7061a7bbaf6d@group-7928B19B14F4-LeaderElection218] INFO  server.RaftServer$Division (RaftServerImpl.java:setRole(284)) - c7780af0-0f31-4130-b62a-7061a7bbaf6d@group-7928B19B14F4: changes role from CANDIDATE to FOLLOWER at term 4 for REJECTED
2021-03-08 02:06:11,981 [c7780af0-0f31-4130-b62a-7061a7bbaf6d@group-7928B19B14F4-LeaderElection218] INFO  impl.RoleInfo (RoleInfo.java:shutdownLeaderElection(121)) - c7780af0-0f31-4130-b62a-7061a7bbaf6d: shutdown c7780af0-0f31-4130-b62a-7061a7bbaf6d@group-7928B19B14F4-LeaderElection218
2021-03-08 02:06:11,981 [c7780af0-0f31-4130-b62a-7061a7bbaf6d@group-7928B19B14F4-LeaderElection218] INFO  impl.RoleInfo (RoleInfo.java:updateAndGet(130)) - c7780af0-0f31-4130-b62a-7061a7bbaf6d: start c7780af0-0f31-4130-b62a-7061a7bbaf6d@group-7928B19B14F4-FollowerState
2021-03-08 02:06:12,018 [EventQueue-DeadNodeForDeadNodeHandler] INFO  node.DeadNodeHandler (DeadNodeHandler.java:onMessage(77)) - A dead datanode is detected. 8be81fb1-89d0-4709-8656-3472d71d638b{ip: 172.17.0.2, host: 55665278a03a, ports: [REPLICATION=43543, RATIS=44187, RATIS_ADMIN=44187, RATIS_SERVER=44187, STANDALONE=44151], networkLocation: /default-rack, certSerialId: null, persistedOpState: IN_SERVICE, persistedOpStateExpiryEpochSec: 0}
2021-03-08 02:06:12,019 [EventQueue-DeadNodeForDeadNodeHandler] INFO  pipeline.SCMPipelineManager (SCMPipelineManager.java:finalizeAndDestroyPipeline(483)) - Destroying pipeline:Pipeline[ Id: b6143ebd-b803-4b83-aecd-95d3dd7d5f09, Nodes: 2e2b7c4f-1fa0-4360-84eb-5aea739d5e5f{ip: 172.17.0.2, host: 55665278a03a, ports: [REPLICATION=42473, RATIS=45357, RATIS_ADMIN=45357, RATIS_SERVER=45357, STANDALONE=44021], networkLocation: /default-rack, certSerialId: null, persistedOpState: IN_SERVICE, persistedOpStateExpiryEpochSec: 0}c7780af0-0f31-4130-b62a-7061a7bbaf6d{ip: 172.17.0.2, host: 55665278a03a, ports: [REPLICATION=39443, RATIS=40671, RATIS_ADMIN=40671, RATIS_SERVER=40671, STANDALONE=35715], networkLocation: /default-rack, certSerialId: null, persistedOpState: IN_SERVICE, persistedOpStateExpiryEpochSec: 0}8be81fb1-89d0-4709-8656-3472d71d638b{ip: 172.17.0.2, host: 55665278a03a, ports: [REPLICATION=43543, RATIS=44187, RATIS_ADMIN=44187, RATIS_SERVER=44187, STANDALONE=44151], networkLocation: /default-rack, certSerialId: null, persistedOpState: IN_SERVICE, persistedOpStateExpiryEpochSec: 0}, Type:RATIS, Factor:THREE, State:CLOSED, leaderId:2e2b7c4f-1fa0-4360-84eb-5aea739d5e5f, CreationTimestamp2021-03-08T02:05:13.334Z]
2021-03-08 02:06:12,019 [EventQueue-DeadNodeForDeadNodeHandler] INFO  pipeline.RatisPipelineProvider (RatisPipelineProvider.java:lambda$close$1(200)) - Send pipeline:PipelineID=b6143ebd-b803-4b83-aecd-95d3dd7d5f09 close command to datanode 2e2b7c4f-1fa0-4360-84eb-5aea739d5e5f
2021-03-08 02:06:12,019 [EventQueue-DeadNodeForDeadNodeHandler] INFO  pipeline.RatisPipelineProvider (RatisPipelineProvider.java:lambda$close$1(200)) - Send pipeline:PipelineID=b6143ebd-b803-4b83-aecd-95d3dd7d5f09 close command to datanode c7780af0-0f31-4130-b62a-7061a7bbaf6d
2021-03-08 02:06:12,019 [EventQueue-DeadNodeForDeadNodeHandler] INFO  pipeline.RatisPipelineProvider (RatisPipelineProvider.java:lambda$close$1(200)) - Send pipeline:PipelineID=b6143ebd-b803-4b83-aecd-95d3dd7d5f09 close command to datanode 8be81fb1-89d0-4709-8656-3472d71d638b
2021-03-08 02:06:12,020 [EventQueue-DeadNodeForDeadNodeHandler] INFO  pipeline.PipelineStateManager (PipelineStateManager.java:removePipeline(106)) - Pipeline Pipeline[ Id: b6143ebd-b803-4b83-aecd-95d3dd7d5f09, Nodes: 2e2b7c4f-1fa0-4360-84eb-5aea739d5e5f{ip: 172.17.0.2, host: 55665278a03a, ports: [REPLICATION=42473, RATIS=45357, RATIS_ADMIN=45357, RATIS_SERVER=45357, STANDALONE=44021], networkLocation: /default-rack, certSerialId: null, persistedOpState: IN_SERVICE, persistedOpStateExpiryEpochSec: 0}c7780af0-0f31-4130-b62a-7061a7bbaf6d{ip: 172.17.0.2, host: 55665278a03a, ports: [REPLICATION=39443, RATIS=40671, RATIS_ADMIN=40671, RATIS_SERVER=40671, STANDALONE=35715], networkLocation: /default-rack, certSerialId: null, persistedOpState: IN_SERVICE, persistedOpStateExpiryEpochSec: 0}8be81fb1-89d0-4709-8656-3472d71d638b{ip: 172.17.0.2, host: 55665278a03a, ports: [REPLICATION=43543, RATIS=44187, RATIS_ADMIN=44187, RATIS_SERVER=44187, STANDALONE=44151], networkLocation: /default-rack, certSerialId: null, persistedOpState: IN_SERVICE, persistedOpStateExpiryEpochSec: 0}, Type:RATIS, Factor:THREE, State:CLOSED, leaderId:2e2b7c4f-1fa0-4360-84eb-5aea739d5e5f, CreationTimestamp2021-03-08T02:05:13.334Z] removed from db
2021-03-08 02:06:12,021 [EventQueue-DeadNodeForDeadNodeHandler] INFO  pipeline.SCMPipelineManager (SCMPipelineManager.java:finalizeAndDestroyPipeline(483)) - Destroying pipeline:Pipeline[ Id: ce129b5b-3a42-49cf-879a-559853b99b2a, Nodes: 8be81fb1-89d0-4709-8656-3472d71d638b{ip: 172.17.0.2, host: 55665278a03a, ports: [REPLICATION=43543, RATIS=44187, RATIS_ADMIN=44187, RATIS_SERVER=44187, STANDALONE=44151], networkLocation: /default-rack, certSerialId: null, persistedOpState: IN_SERVICE, persistedOpStateExpiryEpochSec: 0}, Type:RATIS, Factor:ONE, State:CLOSED, leaderId:8be81fb1-89d0-4709-8656-3472d71d638b, CreationTimestamp2021-03-08T02:05:13.136Z]
2021-03-08 02:06:12,021 [RatisPipelineUtilsThread] INFO  pipeline.RatisPipelineProvider (RatisPipelineProvider.java:lambda$create$0(161)) - Sending CreatePipelineCommand for pipeline:PipelineID=5bf8a928-e087-4115-a01c-3040f2966cee to datanode:92084499-c42d-4e9c-90ed-faecbf58ca46
2021-03-08 02:06:12,021 [RatisPipelineUtilsThread] INFO  pipeline.RatisPipelineProvider (RatisPipelineProvider.java:lambda$create$0(161)) - Sending CreatePipelineCommand for pipeline:PipelineID=5bf8a928-e087-4115-a01c-3040f2966cee to datanode:c7780af0-0f31-4130-b62a-7061a7bbaf6d
2021-03-08 02:06:12,021 [RatisPipelineUtilsThread] INFO  pipeline.RatisPipelineProvider (RatisPipelineProvider.java:lambda$create$0(161)) - Sending CreatePipelineCommand for pipeline:PipelineID=5bf8a928-e087-4115-a01c-3040f2966cee to datanode:9a3b0351-70a0-45b7-a452-2291c7779c75
2021-03-08 02:06:12,022 [RatisPipelineUtilsThread] INFO  pipeline.PipelineStateManager (PipelineStateManager.java:addPipeline(54)) - Created pipeline Pipeline[ Id: 5bf8a928-e087-4115-a01c-3040f2966cee, Nodes: 92084499-c42d-4e9c-90ed-faecbf58ca46{ip: 172.17.0.2, host: 55665278a03a, ports: [REPLICATION=38411, RATIS=44599, RATIS_ADMIN=44599, RATIS_SERVER=44599, STANDALONE=46429], networkLocation: /default-rack, certSerialId: null, persistedOpState: IN_SERVICE, persistedOpStateExpiryEpochSec: 0}c7780af0-0f31-4130-b62a-7061a7bbaf6d{ip: 172.17.0.2, host: 55665278a03a, ports: [REPLICATION=39443, RATIS=40671, RATIS_ADMIN=40671, RATIS_SERVER=40671, STANDALONE=35715], networkLocation: /default-rack, certSerialId: null, persistedOpState: IN_SERVICE, persistedOpStateExpiryEpochSec: 0}9a3b0351-70a0-45b7-a452-2291c7779c75{ip: 172.17.0.2, host: 55665278a03a, ports: [REPLICATION=41925, RATIS=33437, RATIS_ADMIN=33437, RATIS_SERVER=33437, STANDALONE=44025], networkLocation: /default-rack, certSerialId: null, persistedOpState: IN_SERVICE, persistedOpStateExpiryEpochSec: 0}, Type:RATIS, Factor:THREE, State:ALLOCATED, leaderId:, CreationTimestamp2021-03-08T02:06:12.021Z]
2021-03-08 02:06:12,022 [RatisPipelineUtilsThread] INFO  pipeline.RatisPipelineProvider (RatisPipelineProvider.java:lambda$create$0(161)) - Sending CreatePipelineCommand for pipeline:PipelineID=6d2c9f8f-b9ff-4b56-88ad-dcddeb6ae271 to datanode:c7780af0-0f31-4130-b62a-7061a7bbaf6d
2021-03-08 02:06:12,022 [RatisPipelineUtilsThread] INFO  pipeline.RatisPipelineProvider (RatisPipelineProvider.java:lambda$create$0(161)) - Sending CreatePipelineCommand for pipeline:PipelineID=6d2c9f8f-b9ff-4b56-88ad-dcddeb6ae271 to datanode:9a3b0351-70a0-45b7-a452-2291c7779c75
2021-03-08 02:06:12,022 [RatisPipelineUtilsThread] INFO  pipeline.RatisPipelineProvider (RatisPipelineProvider.java:lambda$create$0(161)) - Sending CreatePipelineCommand for pipeline:PipelineID=6d2c9f8f-b9ff-4b56-88ad-dcddeb6ae271 to datanode:92084499-c42d-4e9c-90ed-faecbf58ca46
2021-03-08 02:06:12,022 [RatisPipelineUtilsThread] INFO  pipeline.PipelineStateManager (PipelineStateManager.java:addPipeline(54)) - Created pipeline Pipeline[ Id: 6d2c9f8f-b9ff-4b56-88ad-dcddeb6ae271, Nodes: c7780af0-0f31-4130-b62a-7061a7bbaf6d{ip: 172.17.0.2, host: 55665278a03a, ports: [REPLICATION=39443, RATIS=40671, RATIS_ADMIN=40671, RATIS_SERVER=40671, STANDALONE=35715], networkLocation: /default-rack, certSerialId: null, persistedOpState: IN_SERVICE, persistedOpStateExpiryEpochSec: 0}9a3b0351-70a0-45b7-a452-2291c7779c75{ip: 172.17.0.2, host: 55665278a03a, ports: [REPLICATION=41925, RATIS=33437, RATIS_ADMIN=33437, RATIS_SERVER=33437, STANDALONE=44025], networkLocation: /default-rack, certSerialId: null, persistedOpState: IN_SERVICE, persistedOpStateExpiryEpochSec: 0}92084499-c42d-4e9c-90ed-faecbf58ca46{ip: 172.17.0.2, host: 55665278a03a, ports: [REPLICATION=38411, RATIS=44599, RATIS_ADMIN=44599, RATIS_SERVER=44599, STANDALONE=46429], networkLocation: /default-rack, certSerialId: null, persistedOpState: IN_SERVICE, persistedOpStateExpiryEpochSec: 0}, Type:RATIS, Factor:THREE, State:ALLOCATED, leaderId:, CreationTimestamp2021-03-08T02:06:12.022Z]
2021-03-08 02:06:12,023 [RatisPipelineUtilsThread] INFO  pipeline.SCMPipelineManager (SCMPipelineManager.java:recordMetricsForPipeline(243)) - Pipeline: PipelineID=6d2c9f8f-b9ff-4b56-88ad-dcddeb6ae271 contains same datanodes as previous pipelines: PipelineID=5bf8a928-e087-4115-a01c-3040f2966cee nodeIds: c7780af0-0f31-4130-b62a-7061a7bbaf6d, 9a3b0351-70a0-45b7-a452-2291c7779c75, 92084499-c42d-4e9c-90ed-faecbf58ca46
2021-03-08 02:06:12,023 [RatisPipelineUtilsThread] INFO  pipeline.RatisPipelineProvider (RatisPipelineProvider.java:lambda$create$0(161)) - Sending CreatePipelineCommand for pipeline:PipelineID=eac236f3-a999-4e6d-8233-97b42f882e04 to datanode:92084499-c42d-4e9c-90ed-faecbf58ca46
2021-03-08 02:06:12,023 [RatisPipelineUtilsThread] INFO  pipeline.RatisPipelineProvider (RatisPipelineProvider.java:lambda$create$0(161)) - Sending CreatePipelineCommand for pipeline:PipelineID=eac236f3-a999-4e6d-8233-97b42f882e04 to datanode:9a3b0351-70a0-45b7-a452-2291c7779c75
2021-03-08 02:06:12,023 [RatisPipelineUtilsThread] INFO  pipeline.RatisPipelineProvider (RatisPipelineProvider.java:lambda$create$0(161)) - Sending CreatePipelineCommand for pipeline:PipelineID=eac236f3-a999-4e6d-8233-97b42f882e04 to datanode:c7780af0-0f31-4130-b62a-7061a7bbaf6d
2021-03-08 02:06:12,023 [RatisPipelineUtilsThread] INFO  pipeline.PipelineStateManager (PipelineStateManager.java:addPipeline(54)) - Created pipeline Pipeline[ Id: eac236f3-a999-4e6d-8233-97b42f882e04, Nodes: 92084499-c42d-4e9c-90ed-faecbf58ca46{ip: 172.17.0.2, host: 55665278a03a, ports: [REPLICATION=38411, RATIS=44599, RATIS_ADMIN=44599, RATIS_SERVER=44599, STANDALONE=46429], networkLocation: /default-rack, certSerialId: null, persistedOpState: IN_SERVICE, persistedOpStateExpiryEpochSec: 0}9a3b0351-70a0-45b7-a452-2291c7779c75{ip: 172.17.0.2, host: 55665278a03a, ports: [REPLICATION=41925, RATIS=33437, RATIS_ADMIN=33437, RATIS_SERVER=33437, STANDALONE=44025], networkLocation: /default-rack, certSerialId: null, persistedOpState: IN_SERVICE, persistedOpStateExpiryEpochSec: 0}c7780af0-0f31-4130-b62a-7061a7bbaf6d{ip: 172.17.0.2, host: 55665278a03a, ports: [REPLICATION=39443, RATIS=40671, RATIS_ADMIN=40671, RATIS_SERVER=40671, STANDALONE=35715], networkLocation: /default-rack, certSerialId: null, persistedOpState: IN_SERVICE, persistedOpStateExpiryEpochSec: 0}, Type:RATIS, Factor:THREE, State:ALLOCATED, leaderId:, CreationTimestamp2021-03-08T02:06:12.023Z]
2021-03-08 02:06:12,023 [RatisPipelineUtilsThread] INFO  pipeline.SCMPipelineManager (SCMPipelineManager.java:recordMetricsForPipeline(243)) - Pipeline: PipelineID=eac236f3-a999-4e6d-8233-97b42f882e04 contains same datanodes as previous pipelines: PipelineID=6d2c9f8f-b9ff-4b56-88ad-dcddeb6ae271 nodeIds: 92084499-c42d-4e9c-90ed-faecbf58ca46, 9a3b0351-70a0-45b7-a452-2291c7779c75, c7780af0-0f31-4130-b62a-7061a7bbaf6d
2021-03-08 02:06:12,023 [RatisPipelineUtilsThread] INFO  pipeline.SCMPipelineManager (SCMPipelineManager.java:recordMetricsForPipeline(243)) - Pipeline: PipelineID=eac236f3-a999-4e6d-8233-97b42f882e04 contains same datanodes as previous pipelines: PipelineID=5bf8a928-e087-4115-a01c-3040f2966cee nodeIds: 92084499-c42d-4e9c-90ed-faecbf58ca46, 9a3b0351-70a0-45b7-a452-2291c7779c75, c7780af0-0f31-4130-b62a-7061a7bbaf6d
2021-03-08 02:06:12,025 [EventQueue-DeadNodeForDeadNodeHandler] INFO  pipeline.RatisPipelineProvider (RatisPipelineProvider.java:lambda$close$1(200)) - Send pipeline:PipelineID=ce129b5b-3a42-49cf-879a-559853b99b2a close command to datanode 8be81fb1-89d0-4709-8656-3472d71d638b
2021-03-08 02:06:12,025 [EventQueue-DeadNodeForDeadNodeHandler] INFO  pipeline.PipelineStateManager (PipelineStateManager.java:removePipeline(106)) - Pipeline Pipeline[ Id: ce129b5b-3a42-49cf-879a-559853b99b2a, Nodes: 8be81fb1-89d0-4709-8656-3472d71d638b{ip: 172.17.0.2, host: 55665278a03a, ports: [REPLICATION=43543, RATIS=44187, RATIS_ADMIN=44187, RATIS_SERVER=44187, STANDALONE=44151], networkLocation: /default-rack, certSerialId: null, persistedOpState: IN_SERVICE, persistedOpStateExpiryEpochSec: 0}, Type:RATIS, Factor:ONE, State:CLOSED, leaderId:8be81fb1-89d0-4709-8656-3472d71d638b, CreationTimestamp2021-03-08T02:05:13.136Z] removed from db
2021-03-08 02:06:12,025 [EventQueue-DeadNodeForDeadNodeHandler] INFO  pipeline.SCMPipelineManager (SCMPipelineManager.java:finalizeAndDestroyPipeline(483)) - Destroying pipeline:Pipeline[ Id: 54dfee42-7205-45d5-ac51-7928b19b14f4, Nodes: 2e2b7c4f-1fa0-4360-84eb-5aea739d5e5f{ip: 172.17.0.2, host: 55665278a03a, ports: [REPLICATION=42473, RATIS=45357, RATIS_ADMIN=45357, RATIS_SERVER=45357, STANDALONE=44021], networkLocation: /default-rack, certSerialId: null, persistedOpState: IN_SERVICE, persistedOpStateExpiryEpochSec: 0}c7780af0-0f31-4130-b62a-7061a7bbaf6d{ip: 172.17.0.2, host: 55665278a03a, ports: [REPLICATION=39443, RATIS=40671, RATIS_ADMIN=40671, RATIS_SERVER=40671, STANDALONE=35715], networkLocation: /default-rack, certSerialId: null, persistedOpState: IN_SERVICE, persistedOpStateExpiryEpochSec: 0}8be81fb1-89d0-4709-8656-3472d71d638b{ip: 172.17.0.2, host: 55665278a03a, ports: [REPLICATION=43543, RATIS=44187, RATIS_ADMIN=44187, RATIS_SERVER=44187, STANDALONE=44151], networkLocation: /default-rack, certSerialId: null, persistedOpState: IN_SERVICE, persistedOpStateExpiryEpochSec: 0}, Type:RATIS, Factor:THREE, State:CLOSED, leaderId:8be81fb1-89d0-4709-8656-3472d71d638b, CreationTimestamp2021-03-08T02:05:13.332Z]
2021-03-08 02:06:12,026 [EventQueue-DeadNodeForDeadNodeHandler] INFO  pipeline.RatisPipelineProvider (RatisPipelineProvider.java:lambda$close$1(200)) - Send pipeline:PipelineID=54dfee42-7205-45d5-ac51-7928b19b14f4 close command to datanode 2e2b7c4f-1fa0-4360-84eb-5aea739d5e5f
2021-03-08 02:06:12,026 [EventQueue-DeadNodeForDeadNodeHandler] INFO  pipeline.RatisPipelineProvider (RatisPipelineProvider.java:lambda$close$1(200)) - Send pipeline:PipelineID=54dfee42-7205-45d5-ac51-7928b19b14f4 close command to datanode c7780af0-0f31-4130-b62a-7061a7bbaf6d
2021-03-08 02:06:12,026 [EventQueue-DeadNodeForDeadNodeHandler] INFO  pipeline.RatisPipelineProvider (RatisPipelineProvider.java:lambda$close$1(200)) - Send pipeline:PipelineID=54dfee42-7205-45d5-ac51-7928b19b14f4 close command to datanode 8be81fb1-89d0-4709-8656-3472d71d638b
2021-03-08 02:06:12,026 [EventQueue-DeadNodeForDeadNodeHandler] INFO  pipeline.PipelineStateManager (PipelineStateManager.java:removePipeline(106)) - Pipeline Pipeline[ Id: 54dfee42-7205-45d5-ac51-7928b19b14f4, Nodes: 2e2b7c4f-1fa0-4360-84eb-5aea739d5e5f{ip: 172.17.0.2, host: 55665278a03a, ports: [REPLICATION=42473, RATIS=45357, RATIS_ADMIN=45357, RATIS_SERVER=45357, STANDALONE=44021], networkLocation: /default-rack, certSerialId: null, persistedOpState: IN_SERVICE, persistedOpStateExpiryEpochSec: 0}c7780af0-0f31-4130-b62a-7061a7bbaf6d{ip: 172.17.0.2, host: 55665278a03a, ports: [REPLICATION=39443, RATIS=40671, RATIS_ADMIN=40671, RATIS_SERVER=40671, STANDALONE=35715], networkLocation: /default-rack, certSerialId: null, persistedOpState: IN_SERVICE, persistedOpStateExpiryEpochSec: 0}8be81fb1-89d0-4709-8656-3472d71d638b{ip: 172.17.0.2, host: 55665278a03a, ports: [REPLICATION=43543, RATIS=44187, RATIS_ADMIN=44187, RATIS_SERVER=44187, STANDALONE=44151], networkLocation: /default-rack, certSerialId: null, persistedOpState: IN_SERVICE, persistedOpStateExpiryEpochSec: 0}, Type:RATIS, Factor:THREE, State:CLOSED, leaderId:8be81fb1-89d0-4709-8656-3472d71d638b, CreationTimestamp2021-03-08T02:05:13.332Z] removed from db
2021-03-08 02:06:12,027 [EventQueue-DeadNodeForDeadNodeHandler] INFO  pipeline.SCMPipelineManager (SCMPipelineManager.java:finalizeAndDestroyPipeline(483)) - Destroying pipeline:Pipeline[ Id: 08a3fe71-0329-4143-ad3d-73197b762ff1, Nodes: 2e2b7c4f-1fa0-4360-84eb-5aea739d5e5f{ip: 172.17.0.2, host: 55665278a03a, ports: [REPLICATION=42473, RATIS=45357, RATIS_ADMIN=45357, RATIS_SERVER=45357, STANDALONE=44021], networkLocation: /default-rack, certSerialId: null, persistedOpState: IN_SERVICE, persistedOpStateExpiryEpochSec: 0}8be81fb1-89d0-4709-8656-3472d71d638b{ip: 172.17.0.2, host: 55665278a03a, ports: [REPLICATION=43543, RATIS=44187, RATIS_ADMIN=44187, RATIS_SERVER=44187, STANDALONE=44151], networkLocation: /default-rack, certSerialId: null, persistedOpState: IN_SERVICE, persistedOpStateExpiryEpochSec: 0}c7780af0-0f31-4130-b62a-7061a7bbaf6d{ip: 172.17.0.2, host: 55665278a03a, ports: [REPLICATION=39443, RATIS=40671, RATIS_ADMIN=40671, RATIS_SERVER=40671, STANDALONE=35715], networkLocation: /default-rack, certSerialId: null, persistedOpState: IN_SERVICE, persistedOpStateExpiryEpochSec: 0}, Type:RATIS, Factor:THREE, State:CLOSED, leaderId:c7780af0-0f31-4130-b62a-7061a7bbaf6d, CreationTimestamp2021-03-08T02:05:13.333Z]
2021-03-08 02:06:12,027 [EventQueue-DeadNodeForDeadNodeHandler] INFO  pipeline.RatisPipelineProvider (RatisPipelineProvider.java:lambda$close$1(200)) - Send pipeline:PipelineID=08a3fe71-0329-4143-ad3d-73197b762ff1 close command to datanode 2e2b7c4f-1fa0-4360-84eb-5aea739d5e5f
2021-03-08 02:06:12,027 [EventQueue-DeadNodeForDeadNodeHandler] INFO  pipeline.RatisPipelineProvider (RatisPipelineProvider.java:lambda$close$1(200)) - Send pipeline:PipelineID=08a3fe71-0329-4143-ad3d-73197b762ff1 close command to datanode 8be81fb1-89d0-4709-8656-3472d71d638b
2021-03-08 02:06:12,027 [EventQueue-DeadNodeForDeadNodeHandler] INFO  pipeline.RatisPipelineProvider (RatisPipelineProvider.java:lambda$close$1(200)) - Send pipeline:PipelineID=08a3fe71-0329-4143-ad3d-73197b762ff1 close command to datanode c7780af0-0f31-4130-b62a-7061a7bbaf6d
2021-03-08 02:06:12,027 [EventQueue-DeadNodeForDeadNodeHandler] INFO  pipeline.PipelineStateManager (PipelineStateManager.java:removePipeline(106)) - Pipeline Pipeline[ Id: 08a3fe71-0329-4143-ad3d-73197b762ff1, Nodes: 2e2b7c4f-1fa0-4360-84eb-5aea739d5e5f{ip: 172.17.0.2, host: 55665278a03a, ports: [REPLICATION=42473, RATIS=45357, RATIS_ADMIN=45357, RATIS_SERVER=45357, STANDALONE=44021], networkLocation: /default-rack, certSerialId: null, persistedOpState: IN_SERVICE, persistedOpStateExpiryEpochSec: 0}8be81fb1-89d0-4709-8656-3472d71d638b{ip: 172.17.0.2, host: 55665278a03a, ports: [REPLICATION=43543, RATIS=44187, RATIS_ADMIN=44187, RATIS_SERVER=44187, STANDALONE=44151], networkLocation: /default-rack, certSerialId: null, persistedOpState: IN_SERVICE, persistedOpStateExpiryEpochSec: 0}c7780af0-0f31-4130-b62a-7061a7bbaf6d{ip: 172.17.0.2, host: 55665278a03a, ports: [REPLICATION=39443, RATIS=40671, RATIS_ADMIN=40671, RATIS_SERVER=40671, STANDALONE=35715], networkLocation: /default-rack, certSerialId: null, persistedOpState: IN_SERVICE, persistedOpStateExpiryEpochSec: 0}, Type:RATIS, Factor:THREE, State:CLOSED, leaderId:c7780af0-0f31-4130-b62a-7061a7bbaf6d, CreationTimestamp2021-03-08T02:05:13.333Z] removed from db
2021-03-08 02:06:12,064 [Thread-4737] INFO  impl.FollowerState (FollowerState.java:run(133)) - c7780af0-0f31-4130-b62a-7061a7bbaf6d@group-95D3DD7D5F09-FollowerState: change to CANDIDATE, lastRpcElapsedTime:5026458663ns, electionTimeout:5019ms
2021-03-08 02:06:12,064 [Thread-4737] INFO  impl.RoleInfo (RoleInfo.java:shutdownFollowerState(108)) - c7780af0-0f31-4130-b62a-7061a7bbaf6d: shutdown c7780af0-0f31-4130-b62a-7061a7bbaf6d@group-95D3DD7D5F09-FollowerState
2021-03-08 02:06:12,064 [Thread-4737] INFO  server.RaftServer$Division (RaftServerImpl.java:setRole(284)) - c7780af0-0f31-4130-b62a-7061a7bbaf6d@group-95D3DD7D5F09: changes role from  FOLLOWER to CANDIDATE at term 2 for changeToCandidate
2021-03-08 02:06:12,064 [Thread-4737] INFO  server.RaftServerConfigKeys (ConfUtils.java:logGet(44)) - raft.server.leaderelection.pre-vote = false (custom)
2021-03-08 02:06:12,064 [Thread-4737] INFO  impl.RoleInfo (RoleInfo.java:updateAndGet(130)) - c7780af0-0f31-4130-b62a-7061a7bbaf6d: start c7780af0-0f31-4130-b62a-7061a7bbaf6d@group-95D3DD7D5F09-LeaderElection219
2021-03-08 02:06:12,066 [c7780af0-0f31-4130-b62a-7061a7bbaf6d@group-95D3DD7D5F09-LeaderElection219] INFO  impl.LeaderElection (LeaderElection.java:askForVotes(307)) - c7780af0-0f31-4130-b62a-7061a7bbaf6d@group-95D3DD7D5F09-LeaderElection219 ELECTION round 0: submit vote requests at term 3 for 0: [c7780af0-0f31-4130-b62a-7061a7bbaf6d|rpc:172.17.0.2:40671|dataStream:|priority:0, 2e2b7c4f-1fa0-4360-84eb-5aea739d5e5f|rpc:172.17.0.2:45357|dataStream:|priority:1, 8be81fb1-89d0-4709-8656-3472d71d638b|rpc:172.17.0.2:44187|dataStream:|priority:0], old=null
2021-03-08 02:06:12,066 [c7780af0-0f31-4130-b62a-7061a7bbaf6d@group-95D3DD7D5F09-LeaderElection219] INFO  impl.LeaderElection (LogUtils.java:infoOrTrace(137)) - c7780af0-0f31-4130-b62a-7061a7bbaf6d@group-95D3DD7D5F09-LeaderElection219 got exception when requesting votes: java.util.concurrent.ExecutionException: org.apache.ratis.thirdparty.io.grpc.StatusRuntimeException: UNAVAILABLE: io exception
2021-03-08 02:06:12,067 [c7780af0-0f31-4130-b62a-7061a7bbaf6d@group-95D3DD7D5F09-LeaderElection219] INFO  impl.LeaderElection (LogUtils.java:infoOrTrace(137)) - c7780af0-0f31-4130-b62a-7061a7bbaf6d@group-95D3DD7D5F09-LeaderElection219 got exception when requesting votes: java.util.concurrent.ExecutionException: org.apache.ratis.thirdparty.io.grpc.StatusRuntimeException: UNAVAILABLE: io exception
2021-03-08 02:06:12,067 [c7780af0-0f31-4130-b62a-7061a7bbaf6d@group-95D3DD7D5F09-LeaderElection219] INFO  impl.LeaderElection (LeaderElection.java:logAndReturn(89)) - c7780af0-0f31-4130-b62a-7061a7bbaf6d@group-95D3DD7D5F09-LeaderElection219: ELECTION REJECTED received 0 response(s) and 2 exception(s):
2021-03-08 02:06:12,067 [c7780af0-0f31-4130-b62a-7061a7bbaf6d@group-95D3DD7D5F09-LeaderElection219] INFO  impl.LeaderElection (LogUtils.java:infoOrTrace(137)) -   Exception 0: java.util.concurrent.ExecutionException: org.apache.ratis.thirdparty.io.grpc.StatusRuntimeException: UNAVAILABLE: io exception
2021-03-08 02:06:12,067 [c7780af0-0f31-4130-b62a-7061a7bbaf6d@group-95D3DD7D5F09-LeaderElection219] INFO  impl.LeaderElection (LogUtils.java:infoOrTrace(137)) -   Exception 1: java.util.concurrent.ExecutionException: org.apache.ratis.thirdparty.io.grpc.StatusRuntimeException: UNAVAILABLE: io exception
2021-03-08 02:06:12,067 [c7780af0-0f31-4130-b62a-7061a7bbaf6d@group-95D3DD7D5F09-LeaderElection219] INFO  impl.LeaderElection (LeaderElection.java:askForVotes(309)) - c7780af0-0f31-4130-b62a-7061a7bbaf6d@group-95D3DD7D5F09-LeaderElection219 ELECTION round 0: result REJECTED
2021-03-08 02:06:12,067 [c7780af0-0f31-4130-b62a-7061a7bbaf6d@group-95D3DD7D5F09-LeaderElection219] INFO  server.RaftServer$Division (RaftServerImpl.java:setRole(284)) - c7780af0-0f31-4130-b62a-7061a7bbaf6d@group-95D3DD7D5F09: changes role from CANDIDATE to FOLLOWER at term 3 for REJECTED
2021-03-08 02:06:12,067 [c7780af0-0f31-4130-b62a-7061a7bbaf6d@group-95D3DD7D5F09-LeaderElection219] INFO  impl.RoleInfo (RoleInfo.java:shutdownLeaderElection(121)) - c7780af0-0f31-4130-b62a-7061a7bbaf6d: shutdown c7780af0-0f31-4130-b62a-7061a7bbaf6d@group-95D3DD7D5F09-LeaderElection219
2021-03-08 02:06:12,067 [c7780af0-0f31-4130-b62a-7061a7bbaf6d@group-95D3DD7D5F09-LeaderElection219] INFO  impl.RoleInfo (RoleInfo.java:updateAndGet(130)) - c7780af0-0f31-4130-b62a-7061a7bbaf6d: start c7780af0-0f31-4130-b62a-7061a7bbaf6d@group-95D3DD7D5F09-FollowerState
2021-03-08 02:06:12,219 [EventQueue-StaleNodeForStaleNodeHandler] INFO  node.StaleNodeHandler (StaleNodeHandler.java:onMessage(58)) - Datanode 92084499-c42d-4e9c-90ed-faecbf58ca46{ip: 172.17.0.2, host: 55665278a03a, ports: [REPLICATION=38411, RATIS=44599, RATIS_ADMIN=44599, RATIS_SERVER=44599, STANDALONE=46429], networkLocation: /default-rack, certSerialId: null, persistedOpState: IN_SERVICE, persistedOpStateExpiryEpochSec: 0} moved to stale state. Finalizing its pipelines [PipelineID=314f1900-63e8-41f8-9152-507eafb998cb, PipelineID=6d2c9f8f-b9ff-4b56-88ad-dcddeb6ae271, PipelineID=5bf8a928-e087-4115-a01c-3040f2966cee, PipelineID=fe419e3b-18d5-4c91-9f2d-5ca67261f62c, PipelineID=d47d77c1-3cef-4a96-915c-3a9aa9fbfaa1, PipelineID=92402027-9cee-4719-af58-a36f55c25c0f, PipelineID=eac236f3-a999-4e6d-8233-97b42f882e04]
2021-03-08 02:06:12,219 [EventQueue-StaleNodeForStaleNodeHandler] INFO  pipeline.SCMPipelineManager (SCMPipelineManager.java:finalizeAndDestroyPipeline(483)) - Destroying pipeline:Pipeline[ Id: 314f1900-63e8-41f8-9152-507eafb998cb, Nodes: 6ba9ab1d-3af3-415d-b63e-d033c6891994{ip: 172.17.0.2, host: 55665278a03a, ports: [REPLICATION=35637, RATIS=33141, RATIS_ADMIN=33141, RATIS_SERVER=33141, STANDALONE=38047], networkLocation: /default-rack, certSerialId: null, persistedOpState: IN_SERVICE, persistedOpStateExpiryEpochSec: 0}bc98b27f-878f-4dad-a502-417d70977e4e{ip: 172.17.0.2, host: 55665278a03a, ports: [REPLICATION=42419, RATIS=44359, RATIS_ADMIN=44359, RATIS_SERVER=44359, STANDALONE=33229], networkLocation: /default-rack, certSerialId: null, persistedOpState: IN_SERVICE, persistedOpStateExpiryEpochSec: 0}92084499-c42d-4e9c-90ed-faecbf58ca46{ip: 172.17.0.2, host: 55665278a03a, ports: [REPLICATION=38411, RATIS=44599, RATIS_ADMIN=44599, RATIS_SERVER=44599, STANDALONE=46429], networkLocation: /default-rack, certSerialId: null, persistedOpState: IN_SERVICE, persistedOpStateExpiryEpochSec: 0}, Type:RATIS, Factor:THREE, State:CLOSED, leaderId:92084499-c42d-4e9c-90ed-faecbf58ca46, CreationTimestamp2021-03-08T02:05:12.681Z]
2021-03-08 02:06:12,219 [EventQueue-StaleNodeForStaleNodeHandler] INFO  pipeline.SCMPipelineManager (SCMPipelineManager.java:finalizeAndDestroyPipeline(483)) - Destroying pipeline:Pipeline[ Id: 6d2c9f8f-b9ff-4b56-88ad-dcddeb6ae271, Nodes: c7780af0-0f31-4130-b62a-7061a7bbaf6d{ip: 172.17.0.2, host: 55665278a03a, ports: [REPLICATION=39443, RATIS=40671, RATIS_ADMIN=40671, RATIS_SERVER=40671, STANDALONE=35715], networkLocation: /default-rack, certSerialId: null, persistedOpState: IN_SERVICE, persistedOpStateExpiryEpochSec: 0}9a3b0351-70a0-45b7-a452-2291c7779c75{ip: 172.17.0.2, host: 55665278a03a, ports: [REPLICATION=41925, RATIS=33437, RATIS_ADMIN=33437, RATIS_SERVER=33437, STANDALONE=44025], networkLocation: /default-rack, certSerialId: null, persistedOpState: IN_SERVICE, persistedOpStateExpiryEpochSec: 0}92084499-c42d-4e9c-90ed-faecbf58ca46{ip: 172.17.0.2, host: 55665278a03a, ports: [REPLICATION=38411, RATIS=44599, RATIS_ADMIN=44599, RATIS_SERVER=44599, STANDALONE=46429], networkLocation: /default-rack, certSerialId: null, persistedOpState: IN_SERVICE, persistedOpStateExpiryEpochSec: 0}, Type:RATIS, Factor:THREE, State:ALLOCATED, leaderId:, CreationTimestamp2021-03-08T02:06:12.022Z]
2021-03-08 02:06:12,219 [EventQueue-StaleNodeForStaleNodeHandler] INFO  pipeline.PipelineStateManager (PipelineStateManager.java:finalizePipeline(121)) - Pipeline Pipeline[ Id: 6d2c9f8f-b9ff-4b56-88ad-dcddeb6ae271, Nodes: c7780af0-0f31-4130-b62a-7061a7bbaf6d{ip: 172.17.0.2, host: 55665278a03a, ports: [REPLICATION=39443, RATIS=40671, RATIS_ADMIN=40671, RATIS_SERVER=40671, STANDALONE=35715], networkLocation: /default-rack, certSerialId: null, persistedOpState: IN_SERVICE, persistedOpStateExpiryEpochSec: 0}9a3b0351-70a0-45b7-a452-2291c7779c75{ip: 172.17.0.2, host: 55665278a03a, ports: [REPLICATION=41925, RATIS=33437, RATIS_ADMIN=33437, RATIS_SERVER=33437, STANDALONE=44025], networkLocation: /default-rack, certSerialId: null, persistedOpState: IN_SERVICE, persistedOpStateExpiryEpochSec: 0}92084499-c42d-4e9c-90ed-faecbf58ca46{ip: 172.17.0.2, host: 55665278a03a, ports: [REPLICATION=38411, RATIS=44599, RATIS_ADMIN=44599, RATIS_SERVER=44599, STANDALONE=46429], networkLocation: /default-rack, certSerialId: null, persistedOpState: IN_SERVICE, persistedOpStateExpiryEpochSec: 0}, Type:RATIS, Factor:THREE, State:CLOSED, leaderId:, CreationTimestamp2021-03-08T02:06:12.022Z] moved to CLOSED state
2021-03-08 02:06:12,220 [EventQueue-StaleNodeForStaleNodeHandler] INFO  pipeline.SCMPipelineManager (SCMPipelineManager.java:finalizeAndDestroyPipeline(483)) - Destroying pipeline:Pipeline[ Id: 5bf8a928-e087-4115-a01c-3040f2966cee, Nodes: 92084499-c42d-4e9c-90ed-faecbf58ca46{ip: 172.17.0.2, host: 55665278a03a, ports: [REPLICATION=38411, RATIS=44599, RATIS_ADMIN=44599, RATIS_SERVER=44599, STANDALONE=46429], networkLocation: /default-rack, certSerialId: null, persistedOpState: IN_SERVICE, persistedOpStateExpiryEpochSec: 0}c7780af0-0f31-4130-b62a-7061a7bbaf6d{ip: 172.17.0.2, host: 55665278a03a, ports: [REPLICATION=39443, RATIS=40671, RATIS_ADMIN=40671, RATIS_SERVER=40671, STANDALONE=35715], networkLocation: /default-rack, certSerialId: null, persistedOpState: IN_SERVICE, persistedOpStateExpiryEpochSec: 0}9a3b0351-70a0-45b7-a452-2291c7779c75{ip: 172.17.0.2, host: 55665278a03a, ports: [REPLICATION=41925, RATIS=33437, RATIS_ADMIN=33437, RATIS_SERVER=33437, STANDALONE=44025], networkLocation: /default-rack, certSerialId: null, persistedOpState: IN_SERVICE, persistedOpStateExpiryEpochSec: 0}, Type:RATIS, Factor:THREE, State:ALLOCATED, leaderId:, CreationTimestamp2021-03-08T02:06:12.021Z]
2021-03-08 02:06:12,220 [EventQueue-StaleNodeForStaleNodeHandler] INFO  pipeline.PipelineStateManager (PipelineStateManager.java:finalizePipeline(121)) - Pipeline Pipeline[ Id: 5bf8a928-e087-4115-a01c-3040f2966cee, Nodes: 92084499-c42d-4e9c-90ed-faecbf58ca46{ip: 172.17.0.2, host: 55665278a03a, ports: [REPLICATION=38411, RATIS=44599, RATIS_ADMIN=44599, RATIS_SERVER=44599, STANDALONE=46429], networkLocation: /default-rack, certSerialId: null, persistedOpState: IN_SERVICE, persistedOpStateExpiryEpochSec: 0}c7780af0-0f31-4130-b62a-7061a7bbaf6d{ip: 172.17.0.2, host: 55665278a03a, ports: [REPLICATION=39443, RATIS=40671, RATIS_ADMIN=40671, RATIS_SERVER=40671, STANDALONE=35715], networkLocation: /default-rack, certSerialId: null, persistedOpState: IN_SERVICE, persistedOpStateExpiryEpochSec: 0}9a3b0351-70a0-45b7-a452-2291c7779c75{ip: 172.17.0.2, host: 55665278a03a, ports: [REPLICATION=41925, RATIS=33437, RATIS_ADMIN=33437, RATIS_SERVER=33437, STANDALONE=44025], networkLocation: /default-rack, certSerialId: null, persistedOpState: IN_SERVICE, persistedOpStateExpiryEpochSec: 0}, Type:RATIS, Factor:THREE, State:CLOSED, leaderId:, CreationTimestamp2021-03-08T02:06:12.021Z] moved to CLOSED state
2021-03-08 02:06:12,220 [EventQueue-StaleNodeForStaleNodeHandler] INFO  pipeline.SCMPipelineManager (SCMPipelineManager.java:finalizeAndDestroyPipeline(483)) - Destroying pipeline:Pipeline[ Id: fe419e3b-18d5-4c91-9f2d-5ca67261f62c, Nodes: 92084499-c42d-4e9c-90ed-faecbf58ca46{ip: 172.17.0.2, host: 55665278a03a, ports: [REPLICATION=38411, RATIS=44599, RATIS_ADMIN=44599, RATIS_SERVER=44599, STANDALONE=46429], networkLocation: /default-rack, certSerialId: null, persistedOpState: IN_SERVICE, persistedOpStateExpiryEpochSec: 0}6ba9ab1d-3af3-415d-b63e-d033c6891994{ip: 172.17.0.2, host: 55665278a03a, ports: [REPLICATION=35637, RATIS=33141, RATIS_ADMIN=33141, RATIS_SERVER=33141, STANDALONE=38047], networkLocation: /default-rack, certSerialId: null, persistedOpState: IN_SERVICE, persistedOpStateExpiryEpochSec: 0}bc98b27f-878f-4dad-a502-417d70977e4e{ip: 172.17.0.2, host: 55665278a03a, ports: [REPLICATION=42419, RATIS=44359, RATIS_ADMIN=44359, RATIS_SERVER=44359, STANDALONE=33229], networkLocation: /default-rack, certSerialId: null, persistedOpState: IN_SERVICE, persistedOpStateExpiryEpochSec: 0}, Type:RATIS, Factor:THREE, State:CLOSED, leaderId:bc98b27f-878f-4dad-a502-417d70977e4e, CreationTimestamp2021-03-08T02:05:12.679Z]
2021-03-08 02:06:12,220 [EventQueue-StaleNodeForStaleNodeHandler] INFO  pipeline.SCMPipelineManager (SCMPipelineManager.java:finalizeAndDestroyPipeline(483)) - Destroying pipeline:Pipeline[ Id: d47d77c1-3cef-4a96-915c-3a9aa9fbfaa1, Nodes: 92084499-c42d-4e9c-90ed-faecbf58ca46{ip: 172.17.0.2, host: 55665278a03a, ports: [REPLICATION=38411, RATIS=44599, RATIS_ADMIN=44599, RATIS_SERVER=44599, STANDALONE=46429], networkLocation: /default-rack, certSerialId: null, persistedOpState: IN_SERVICE, persistedOpStateExpiryEpochSec: 0}, Type:RATIS, Factor:ONE, State:OPEN, leaderId:92084499-c42d-4e9c-90ed-faecbf58ca46, CreationTimestamp2021-03-08T02:05:12.245Z]
2021-03-08 02:06:12,220 [EventQueue-StaleNodeForStaleNodeHandler] INFO  pipeline.PipelineStateManager (PipelineStateManager.java:finalizePipeline(121)) - Pipeline Pipeline[ Id: d47d77c1-3cef-4a96-915c-3a9aa9fbfaa1, Nodes: 92084499-c42d-4e9c-90ed-faecbf58ca46{ip: 172.17.0.2, host: 55665278a03a, ports: [REPLICATION=38411, RATIS=44599, RATIS_ADMIN=44599, RATIS_SERVER=44599, STANDALONE=46429], networkLocation: /default-rack, certSerialId: null, persistedOpState: IN_SERVICE, persistedOpStateExpiryEpochSec: 0}, Type:RATIS, Factor:ONE, State:CLOSED, leaderId:92084499-c42d-4e9c-90ed-faecbf58ca46, CreationTimestamp2021-03-08T02:05:12.245Z] moved to CLOSED state
2021-03-08 02:06:12,221 [EventQueue-StaleNodeForStaleNodeHandler] INFO  pipeline.SCMPipelineManager (SCMPipelineManager.java:finalizeAndDestroyPipeline(483)) - Destroying pipeline:Pipeline[ Id: 92402027-9cee-4719-af58-a36f55c25c0f, Nodes: 92084499-c42d-4e9c-90ed-faecbf58ca46{ip: 172.17.0.2, host: 55665278a03a, ports: [REPLICATION=38411, RATIS=44599, RATIS_ADMIN=44599, RATIS_SERVER=44599, STANDALONE=46429], networkLocation: /default-rack, certSerialId: null, persistedOpState: IN_SERVICE, persistedOpStateExpiryEpochSec: 0}6ba9ab1d-3af3-415d-b63e-d033c6891994{ip: 172.17.0.2, host: 55665278a03a, ports: [REPLICATION=35637, RATIS=33141, RATIS_ADMIN=33141, RATIS_SERVER=33141, STANDALONE=38047], networkLocation: /default-rack, certSerialId: null, persistedOpState: IN_SERVICE, persistedOpStateExpiryEpochSec: 0}bc98b27f-878f-4dad-a502-417d70977e4e{ip: 172.17.0.2, host: 55665278a03a, ports: [REPLICATION=42419, RATIS=44359, RATIS_ADMIN=44359, RATIS_SERVER=44359, STANDALONE=33229], networkLocation: /default-rack, certSerialId: null, persistedOpState: IN_SERVICE, persistedOpStateExpiryEpochSec: 0}, Type:RATIS, Factor:THREE, State:CLOSED, leaderId:92084499-c42d-4e9c-90ed-faecbf58ca46, CreationTimestamp2021-03-08T02:05:12.680Z]
2021-03-08 02:06:12,221 [EventQueue-StaleNodeForStaleNodeHandler] INFO  pipeline.SCMPipelineManager (SCMPipelineManager.java:finalizeAndDestroyPipeline(483)) - Destroying pipeline:Pipeline[ Id: eac236f3-a999-4e6d-8233-97b42f882e04, Nodes: 92084499-c42d-4e9c-90ed-faecbf58ca46{ip: 172.17.0.2, host: 55665278a03a, ports: [REPLICATION=38411, RATIS=44599, RATIS_ADMIN=44599, RATIS_SERVER=44599, STANDALONE=46429], networkLocation: /default-rack, certSerialId: null, persistedOpState: IN_SERVICE, persistedOpStateExpiryEpochSec: 0}9a3b0351-70a0-45b7-a452-2291c7779c75{ip: 172.17.0.2, host: 55665278a03a, ports: [REPLICATION=41925, RATIS=33437, RATIS_ADMIN=33437, RATIS_SERVER=33437, STANDALONE=44025], networkLocation: /default-rack, certSerialId: null, persistedOpState: IN_SERVICE, persistedOpStateExpiryEpochSec: 0}c7780af0-0f31-4130-b62a-7061a7bbaf6d{ip: 172.17.0.2, host: 55665278a03a, ports: [REPLICATION=39443, RATIS=40671, RATIS_ADMIN=40671, RATIS_SERVER=40671, STANDALONE=35715], networkLocation: /default-rack, certSerialId: null, persistedOpState: IN_SERVICE, persistedOpStateExpiryEpochSec: 0}, Type:RATIS, Factor:THREE, State:ALLOCATED, leaderId:, CreationTimestamp2021-03-08T02:06:12.023Z]
2021-03-08 02:06:12,221 [EventQueue-StaleNodeForStaleNodeHandler] INFO  pipeline.PipelineStateManager (PipelineStateManager.java:finalizePipeline(121)) - Pipeline Pipeline[ Id: eac236f3-a999-4e6d-8233-97b42f882e04, Nodes: 92084499-c42d-4e9c-90ed-faecbf58ca46{ip: 172.17.0.2, host: 55665278a03a, ports: [REPLICATION=38411, RATIS=44599, RATIS_ADMIN=44599, RATIS_SERVER=44599, STANDALONE=46429], networkLocation: /default-rack, certSerialId: null, persistedOpState: IN_SERVICE, persistedOpStateExpiryEpochSec: 0}9a3b0351-70a0-45b7-a452-2291c7779c75{ip: 172.17.0.2, host: 55665278a03a, ports: [REPLICATION=41925, RATIS=33437, RATIS_ADMIN=33437, RATIS_SERVER=33437, STANDALONE=44025], networkLocation: /default-rack, certSerialId: null, persistedOpState: IN_SERVICE, persistedOpStateExpiryEpochSec: 0}c7780af0-0f31-4130-b62a-7061a7bbaf6d{ip: 172.17.0.2, host: 55665278a03a, ports: [REPLICATION=39443, RATIS=40671, RATIS_ADMIN=40671, RATIS_SERVER=40671, STANDALONE=35715], networkLocation: /default-rack, certSerialId: null, persistedOpState: IN_SERVICE, persistedOpStateExpiryEpochSec: 0}, Type:RATIS, Factor:THREE, State:CLOSED, leaderId:, CreationTimestamp2021-03-08T02:06:12.023Z] moved to CLOSED state
2021-03-08 02:06:12,519 [EventQueue-DeadNodeForDeadNodeHandler] INFO  node.DeadNodeHandler (DeadNodeHandler.java:onMessage(77)) - A dead datanode is detected. 6ba9ab1d-3af3-415d-b63e-d033c6891994{ip: 172.17.0.2, host: 55665278a03a, ports: [REPLICATION=35637, RATIS=33141, RATIS_ADMIN=33141, RATIS_SERVER=33141, STANDALONE=38047], networkLocation: /default-rack, certSerialId: null, persistedOpState: IN_SERVICE, persistedOpStateExpiryEpochSec: 0}
2021-03-08 02:06:12,519 [EventQueue-DeadNodeForDeadNodeHandler] INFO  pipeline.SCMPipelineManager (SCMPipelineManager.java:finalizeAndDestroyPipeline(483)) - Destroying pipeline:Pipeline[ Id: 314f1900-63e8-41f8-9152-507eafb998cb, Nodes: 6ba9ab1d-3af3-415d-b63e-d033c6891994{ip: 172.17.0.2, host: 55665278a03a, ports: [REPLICATION=35637, RATIS=33141, RATIS_ADMIN=33141, RATIS_SERVER=33141, STANDALONE=38047], networkLocation: /default-rack, certSerialId: null, persistedOpState: IN_SERVICE, persistedOpStateExpiryEpochSec: 0}bc98b27f-878f-4dad-a502-417d70977e4e{ip: 172.17.0.2, host: 55665278a03a, ports: [REPLICATION=42419, RATIS=44359, RATIS_ADMIN=44359, RATIS_SERVER=44359, STANDALONE=33229], networkLocation: /default-rack, certSerialId: null, persistedOpState: IN_SERVICE, persistedOpStateExpiryEpochSec: 0}92084499-c42d-4e9c-90ed-faecbf58ca46{ip: 172.17.0.2, host: 55665278a03a, ports: [REPLICATION=38411, RATIS=44599, RATIS_ADMIN=44599, RATIS_SERVER=44599, STANDALONE=46429], networkLocation: /default-rack, certSerialId: null, persistedOpState: IN_SERVICE, persistedOpStateExpiryEpochSec: 0}, Type:RATIS, Factor:THREE, State:CLOSED, leaderId:92084499-c42d-4e9c-90ed-faecbf58ca46, CreationTimestamp2021-03-08T02:05:12.681Z]
2021-03-08 02:06:12,520 [EventQueue-DeadNodeForDeadNodeHandler] INFO  pipeline.RatisPipelineProvider (RatisPipelineProvider.java:lambda$close$1(200)) - Send pipeline:PipelineID=314f1900-63e8-41f8-9152-507eafb998cb close command to datanode 6ba9ab1d-3af3-415d-b63e-d033c6891994
2021-03-08 02:06:12,520 [EventQueue-DeadNodeForDeadNodeHandler] INFO  pipeline.RatisPipelineProvider (RatisPipelineProvider.java:lambda$close$1(200)) - Send pipeline:PipelineID=314f1900-63e8-41f8-9152-507eafb998cb close command to datanode bc98b27f-878f-4dad-a502-417d70977e4e
2021-03-08 02:06:12,520 [EventQueue-DeadNodeForDeadNodeHandler] INFO  pipeline.RatisPipelineProvider (RatisPipelineProvider.java:lambda$close$1(200)) - Send pipeline:PipelineID=314f1900-63e8-41f8-9152-507eafb998cb close command to datanode 92084499-c42d-4e9c-90ed-faecbf58ca46
2021-03-08 02:06:12,520 [EventQueue-DeadNodeForDeadNodeHandler] INFO  pipeline.PipelineStateManager (PipelineStateManager.java:removePipeline(106)) - Pipeline Pipeline[ Id: 314f1900-63e8-41f8-9152-507eafb998cb, Nodes: 6ba9ab1d-3af3-415d-b63e-d033c6891994{ip: 172.17.0.2, host: 55665278a03a, ports: [REPLICATION=35637, RATIS=33141, RATIS_ADMIN=33141, RATIS_SERVER=33141, STANDALONE=38047], networkLocation: /default-rack, certSerialId: null, persistedOpState: IN_SERVICE, persistedOpStateExpiryEpochSec: 0}bc98b27f-878f-4dad-a502-417d70977e4e{ip: 172.17.0.2, host: 55665278a03a, ports: [REPLICATION=42419, RATIS=44359, RATIS_ADMIN=44359, RATIS_SERVER=44359, STANDALONE=33229], networkLocation: /default-rack, certSerialId: null, persistedOpState: IN_SERVICE, persistedOpStateExpiryEpochSec: 0}92084499-c42d-4e9c-90ed-faecbf58ca46{ip: 172.17.0.2, host: 55665278a03a, ports: [REPLICATION=38411, RATIS=44599, RATIS_ADMIN=44599, RATIS_SERVER=44599, STANDALONE=46429], networkLocation: /default-rack, certSerialId: null, persistedOpState: IN_SERVICE, persistedOpStateExpiryEpochSec: 0}, Type:RATIS, Factor:THREE, State:CLOSED, leaderId:92084499-c42d-4e9c-90ed-faecbf58ca46, CreationTimestamp2021-03-08T02:05:12.681Z] removed from db
2021-03-08 02:06:12,520 [EventQueue-DeadNodeForDeadNodeHandler] INFO  pipeline.SCMPipelineManager (SCMPipelineManager.java:finalizeAndDestroyPipeline(483)) - Destroying pipeline:Pipeline[ Id: a1d313e4-a7f2-45da-8a16-37db1fa48e92, Nodes: 6ba9ab1d-3af3-415d-b63e-d033c6891994{ip: 172.17.0.2, host: 55665278a03a, ports: [REPLICATION=35637, RATIS=33141, RATIS_ADMIN=33141, RATIS_SERVER=33141, STANDALONE=38047], networkLocation: /default-rack, certSerialId: null, persistedOpState: IN_SERVICE, persistedOpStateExpiryEpochSec: 0}, Type:RATIS, Factor:ONE, State:CLOSED, leaderId:6ba9ab1d-3af3-415d-b63e-d033c6891994, CreationTimestamp2021-03-08T02:05:12.462Z]
2021-03-08 02:06:12,521 [EventQueue-DeadNodeForDeadNodeHandler] INFO  pipeline.RatisPipelineProvider (RatisPipelineProvider.java:lambda$close$1(200)) - Send pipeline:PipelineID=a1d313e4-a7f2-45da-8a16-37db1fa48e92 close command to datanode 6ba9ab1d-3af3-415d-b63e-d033c6891994
2021-03-08 02:06:12,521 [RatisPipelineUtilsThread] WARN  pipeline.PipelinePlacementPolicy (PipelinePlacementPolicy.java:filterViableNodes(142)) - Pipeline creation failed due to no sufficient healthy datanodes. Required 3. Found 2.
2021-03-08 02:06:12,521 [EventQueue-DeadNodeForDeadNodeHandler] INFO  pipeline.PipelineStateManager (PipelineStateManager.java:removePipeline(106)) - Pipeline Pipeline[ Id: a1d313e4-a7f2-45da-8a16-37db1fa48e92, Nodes: 6ba9ab1d-3af3-415d-b63e-d033c6891994{ip: 172.17.0.2, host: 55665278a03a, ports: [REPLICATION=35637, RATIS=33141, RATIS_ADMIN=33141, RATIS_SERVER=33141, STANDALONE=38047], networkLocation: /default-rack, certSerialId: null, persistedOpState: IN_SERVICE, persistedOpStateExpiryEpochSec: 0}, Type:RATIS, Factor:ONE, State:CLOSED, leaderId:6ba9ab1d-3af3-415d-b63e-d033c6891994, CreationTimestamp2021-03-08T02:05:12.462Z] removed from db
2021-03-08 02:06:12,521 [EventQueue-DeadNodeForDeadNodeHandler] INFO  pipeline.SCMPipelineManager (SCMPipelineManager.java:finalizeAndDestroyPipeline(483)) - Destroying pipeline:Pipeline[ Id: fe419e3b-18d5-4c91-9f2d-5ca67261f62c, Nodes: 92084499-c42d-4e9c-90ed-faecbf58ca46{ip: 172.17.0.2, host: 55665278a03a, ports: [REPLICATION=38411, RATIS=44599, RATIS_ADMIN=44599, RATIS_SERVER=44599, STANDALONE=46429], networkLocation: /default-rack, certSerialId: null, persistedOpState: IN_SERVICE, persistedOpStateExpiryEpochSec: 0}6ba9ab1d-3af3-415d-b63e-d033c6891994{ip: 172.17.0.2, host: 55665278a03a, ports: [REPLICATION=35637, RATIS=33141, RATIS_ADMIN=33141, RATIS_SERVER=33141, STANDALONE=38047], networkLocation: /default-rack, certSerialId: null, persistedOpState: IN_SERVICE, persistedOpStateExpiryEpochSec: 0}bc98b27f-878f-4dad-a502-417d70977e4e{ip: 172.17.0.2, host: 55665278a03a, ports: [REPLICATION=42419, RATIS=44359, RATIS_ADMIN=44359, RATIS_SERVER=44359, STANDALONE=33229], networkLocation: /default-rack, certSerialId: null, persistedOpState: IN_SERVICE, persistedOpStateExpiryEpochSec: 0}, Type:RATIS, Factor:THREE, State:CLOSED, leaderId:bc98b27f-878f-4dad-a502-417d70977e4e, CreationTimestamp2021-03-08T02:05:12.679Z]
2021-03-08 02:06:12,521 [RatisPipelineUtilsThread] WARN  pipeline.PipelinePlacementPolicy (PipelinePlacementPolicy.java:filterViableNodes(142)) - Pipeline creation failed due to no sufficient healthy datanodes. Required 3. Found 2.
2021-03-08 02:06:12,524 [EventQueue-DeadNodeForDeadNodeHandler] INFO  pipeline.RatisPipelineProvider (RatisPipelineProvider.java:lambda$close$1(200)) - Send pipeline:PipelineID=fe419e3b-18d5-4c91-9f2d-5ca67261f62c close command to datanode 92084499-c42d-4e9c-90ed-faecbf58ca46
2021-03-08 02:06:12,524 [EventQueue-DeadNodeForDeadNodeHandler] INFO  pipeline.RatisPipelineProvider (RatisPipelineProvider.java:lambda$close$1(200)) - Send pipeline:PipelineID=fe419e3b-18d5-4c91-9f2d-5ca67261f62c close command to datanode 6ba9ab1d-3af3-415d-b63e-d033c6891994
2021-03-08 02:06:12,524 [EventQueue-DeadNodeForDeadNodeHandler] INFO  pipeline.RatisPipelineProvider (RatisPipelineProvider.java:lambda$close$1(200)) - Send pipeline:PipelineID=fe419e3b-18d5-4c91-9f2d-5ca67261f62c close command to datanode bc98b27f-878f-4dad-a502-417d70977e4e
2021-03-08 02:06:12,524 [EventQueue-DeadNodeForDeadNodeHandler] INFO  pipeline.PipelineStateManager (PipelineStateManager.java:removePipeline(106)) - Pipeline Pipeline[ Id: fe419e3b-18d5-4c91-9f2d-5ca67261f62c, Nodes: 92084499-c42d-4e9c-90ed-faecbf58ca46{ip: 172.17.0.2, host: 55665278a03a, ports: [REPLICATION=38411, RATIS=44599, RATIS_ADMIN=44599, RATIS_SERVER=44599, STANDALONE=46429], networkLocation: /default-rack, certSerialId: null, persistedOpState: IN_SERVICE, persistedOpStateExpiryEpochSec: 0}6ba9ab1d-3af3-415d-b63e-d033c6891994{ip: 172.17.0.2, host: 55665278a03a, ports: [REPLICATION=35637, RATIS=33141, RATIS_ADMIN=33141, RATIS_SERVER=33141, STANDALONE=38047], networkLocation: /default-rack, certSerialId: null, persistedOpState: IN_SERVICE, persistedOpStateExpiryEpochSec: 0}bc98b27f-878f-4dad-a502-417d70977e4e{ip: 172.17.0.2, host: 55665278a03a, ports: [REPLICATION=42419, RATIS=44359, RATIS_ADMIN=44359, RATIS_SERVER=44359, STANDALONE=33229], networkLocation: /default-rack, certSerialId: null, persistedOpState: IN_SERVICE, persistedOpStateExpiryEpochSec: 0}, Type:RATIS, Factor:THREE, State:CLOSED, leaderId:bc98b27f-878f-4dad-a502-417d70977e4e, CreationTimestamp2021-03-08T02:05:12.679Z] removed from db
2021-03-08 02:06:12,524 [EventQueue-DeadNodeForDeadNodeHandler] INFO  pipeline.SCMPipelineManager (SCMPipelineManager.java:finalizeAndDestroyPipeline(483)) - Destroying pipeline:Pipeline[ Id: 92402027-9cee-4719-af58-a36f55c25c0f, Nodes: 92084499-c42d-4e9c-90ed-faecbf58ca46{ip: 172.17.0.2, host: 55665278a03a, ports: [REPLICATION=38411, RATIS=44599, RATIS_ADMIN=44599, RATIS_SERVER=44599, STANDALONE=46429], networkLocation: /default-rack, certSerialId: null, persistedOpState: IN_SERVICE, persistedOpStateExpiryEpochSec: 0}6ba9ab1d-3af3-415d-b63e-d033c6891994{ip: 172.17.0.2, host: 55665278a03a, ports: [REPLICATION=35637, RATIS=33141, RATIS_ADMIN=33141, RATIS_SERVER=33141, STANDALONE=38047], networkLocation: /default-rack, certSerialId: null, persistedOpState: IN_SERVICE, persistedOpStateExpiryEpochSec: 0}bc98b27f-878f-4dad-a502-417d70977e4e{ip: 172.17.0.2, host: 55665278a03a, ports: [REPLICATION=42419, RATIS=44359, RATIS_ADMIN=44359, RATIS_SERVER=44359, STANDALONE=33229], networkLocation: /default-rack, certSerialId: null, persistedOpState: IN_SERVICE, persistedOpStateExpiryEpochSec: 0}, Type:RATIS, Factor:THREE, State:CLOSED, leaderId:92084499-c42d-4e9c-90ed-faecbf58ca46, CreationTimestamp2021-03-08T02:05:12.680Z]
2021-03-08 02:06:12,524 [RatisPipelineUtilsThread] WARN  pipeline.PipelinePlacementPolicy (PipelinePlacementPolicy.java:filterViableNodes(142)) - Pipeline creation failed due to no sufficient healthy datanodes. Required 3. Found 2.
2021-03-08 02:06:12,525 [EventQueue-DeadNodeForDeadNodeHandler] INFO  pipeline.RatisPipelineProvider (RatisPipelineProvider.java:lambda$close$1(200)) - Send pipeline:PipelineID=92402027-9cee-4719-af58-a36f55c25c0f close command to datanode 92084499-c42d-4e9c-90ed-faecbf58ca46
2021-03-08 02:06:12,525 [EventQueue-DeadNodeForDeadNodeHandler] INFO  pipeline.RatisPipelineProvider (RatisPipelineProvider.java:lambda$close$1(200)) - Send pipeline:PipelineID=92402027-9cee-4719-af58-a36f55c25c0f close command to datanode 6ba9ab1d-3af3-415d-b63e-d033c6891994
2021-03-08 02:06:12,525 [EventQueue-DeadNodeForDeadNodeHandler] INFO  pipeline.RatisPipelineProvider (RatisPipelineProvider.java:lambda$close$1(200)) - Send pipeline:PipelineID=92402027-9cee-4719-af58-a36f55c25c0f close command to datanode bc98b27f-878f-4dad-a502-417d70977e4e
2021-03-08 02:06:12,525 [EventQueue-DeadNodeForDeadNodeHandler] INFO  pipeline.PipelineStateManager (PipelineStateManager.java:removePipeline(106)) - Pipeline Pipeline[ Id: 92402027-9cee-4719-af58-a36f55c25c0f, Nodes: 92084499-c42d-4e9c-90ed-faecbf58ca46{ip: 172.17.0.2, host: 55665278a03a, ports: [REPLICATION=38411, RATIS=44599, RATIS_ADMIN=44599, RATIS_SERVER=44599, STANDALONE=46429], networkLocation: /default-rack, certSerialId: null, persistedOpState: IN_SERVICE, persistedOpStateExpiryEpochSec: 0}6ba9ab1d-3af3-415d-b63e-d033c6891994{ip: 172.17.0.2, host: 55665278a03a, ports: [REPLICATION=35637, RATIS=33141, RATIS_ADMIN=33141, RATIS_SERVER=33141, STANDALONE=38047], networkLocation: /default-rack, certSerialId: null, persistedOpState: IN_SERVICE, persistedOpStateExpiryEpochSec: 0}bc98b27f-878f-4dad-a502-417d70977e4e{ip: 172.17.0.2, host: 55665278a03a, ports: [REPLICATION=42419, RATIS=44359, RATIS_ADMIN=44359, RATIS_SERVER=44359, STANDALONE=33229], networkLocation: /default-rack, certSerialId: null, persistedOpState: IN_SERVICE, persistedOpStateExpiryEpochSec: 0}, Type:RATIS, Factor:THREE, State:CLOSED, leaderId:92084499-c42d-4e9c-90ed-faecbf58ca46, CreationTimestamp2021-03-08T02:05:12.680Z] removed from db
2021-03-08 02:06:12,525 [RatisPipelineUtilsThread] WARN  pipeline.PipelinePlacementPolicy (PipelinePlacementPolicy.java:filterViableNodes(142)) - Pipeline creation failed due to no sufficient healthy datanodes. Required 3. Found 2.
2021-03-08 02:06:12,549 [Thread-4738] INFO  impl.FollowerState (FollowerState.java:lostMajorityHeartbeatsRecently(106)) - c7780af0-0f31-4130-b62a-7061a7bbaf6d@group-73197B762FF1-FollowerState: Skipping leader election since it stepped down recently (elapsed = 5160ms < waitTime = 10s)
2021-03-08 02:06:12,720 [EventQueue-StaleNodeForStaleNodeHandler] INFO  node.StaleNodeHandler (StaleNodeHandler.java:onMessage(58)) - Datanode 9a3b0351-70a0-45b7-a452-2291c7779c75{ip: 172.17.0.2, host: 55665278a03a, ports: [REPLICATION=41925, RATIS=33437, RATIS_ADMIN=33437, RATIS_SERVER=33437, STANDALONE=44025], networkLocation: /default-rack, certSerialId: null, persistedOpState: IN_SERVICE, persistedOpStateExpiryEpochSec: 0} moved to stale state. Finalizing its pipelines [PipelineID=6d2c9f8f-b9ff-4b56-88ad-dcddeb6ae271, PipelineID=5bf8a928-e087-4115-a01c-3040f2966cee, PipelineID=cc114c7c-51d5-4e17-8528-25897e85e036, PipelineID=eac236f3-a999-4e6d-8233-97b42f882e04]
2021-03-08 02:06:12,720 [EventQueue-StaleNodeForStaleNodeHandler] INFO  pipeline.SCMPipelineManager (SCMPipelineManager.java:finalizeAndDestroyPipeline(483)) - Destroying pipeline:Pipeline[ Id: 6d2c9f8f-b9ff-4b56-88ad-dcddeb6ae271, Nodes: c7780af0-0f31-4130-b62a-7061a7bbaf6d{ip: 172.17.0.2, host: 55665278a03a, ports: [REPLICATION=39443, RATIS=40671, RATIS_ADMIN=40671, RATIS_SERVER=40671, STANDALONE=35715], networkLocation: /default-rack, certSerialId: null, persistedOpState: IN_SERVICE, persistedOpStateExpiryEpochSec: 0}9a3b0351-70a0-45b7-a452-2291c7779c75{ip: 172.17.0.2, host: 55665278a03a, ports: [REPLICATION=41925, RATIS=33437, RATIS_ADMIN=33437, RATIS_SERVER=33437, STANDALONE=44025], networkLocation: /default-rack, certSerialId: null, persistedOpState: IN_SERVICE, persistedOpStateExpiryEpochSec: 0}92084499-c42d-4e9c-90ed-faecbf58ca46{ip: 172.17.0.2, host: 55665278a03a, ports: [REPLICATION=38411, RATIS=44599, RATIS_ADMIN=44599, RATIS_SERVER=44599, STANDALONE=46429], networkLocation: /default-rack, certSerialId: null, persistedOpState: IN_SERVICE, persistedOpStateExpiryEpochSec: 0}, Type:RATIS, Factor:THREE, State:CLOSED, leaderId:, CreationTimestamp2021-03-08T02:06:12.022Z]
2021-03-08 02:06:12,720 [EventQueue-StaleNodeForStaleNodeHandler] INFO  pipeline.SCMPipelineManager (SCMPipelineManager.java:finalizeAndDestroyPipeline(483)) - Destroying pipeline:Pipeline[ Id: 5bf8a928-e087-4115-a01c-3040f2966cee, Nodes: 92084499-c42d-4e9c-90ed-faecbf58ca46{ip: 172.17.0.2, host: 55665278a03a, ports: [REPLICATION=38411, RATIS=44599, RATIS_ADMIN=44599, RATIS_SERVER=44599, STANDALONE=46429], networkLocation: /default-rack, certSerialId: null, persistedOpState: IN_SERVICE, persistedOpStateExpiryEpochSec: 0}c7780af0-0f31-4130-b62a-7061a7bbaf6d{ip: 172.17.0.2, host: 55665278a03a, ports: [REPLICATION=39443, RATIS=40671, RATIS_ADMIN=40671, RATIS_SERVER=40671, STANDALONE=35715], networkLocation: /default-rack, certSerialId: null, persistedOpState: IN_SERVICE, persistedOpStateExpiryEpochSec: 0}9a3b0351-70a0-45b7-a452-2291c7779c75{ip: 172.17.0.2, host: 55665278a03a, ports: [REPLICATION=41925, RATIS=33437, RATIS_ADMIN=33437, RATIS_SERVER=33437, STANDALONE=44025], networkLocation: /default-rack, certSerialId: null, persistedOpState: IN_SERVICE, persistedOpStateExpiryEpochSec: 0}, Type:RATIS, Factor:THREE, State:CLOSED, leaderId:, CreationTimestamp2021-03-08T02:06:12.021Z]
2021-03-08 02:06:12,720 [EventQueue-StaleNodeForStaleNodeHandler] INFO  pipeline.SCMPipelineManager (SCMPipelineManager.java:finalizeAndDestroyPipeline(483)) - Destroying pipeline:Pipeline[ Id: cc114c7c-51d5-4e17-8528-25897e85e036, Nodes: 9a3b0351-70a0-45b7-a452-2291c7779c75{ip: 172.17.0.2, host: 55665278a03a, ports: [REPLICATION=41925, RATIS=33437, RATIS_ADMIN=33437, RATIS_SERVER=33437, STANDALONE=44025], networkLocation: /default-rack, certSerialId: null, persistedOpState: IN_SERVICE, persistedOpStateExpiryEpochSec: 0}, Type:RATIS, Factor:ONE, State:OPEN, leaderId:9a3b0351-70a0-45b7-a452-2291c7779c75, CreationTimestamp2021-03-08T02:05:13.545Z]
2021-03-08 02:06:12,720 [EventQueue-StaleNodeForStaleNodeHandler] INFO  pipeline.PipelineStateManager (PipelineStateManager.java:finalizePipeline(121)) - Pipeline Pipeline[ Id: cc114c7c-51d5-4e17-8528-25897e85e036, Nodes: 9a3b0351-70a0-45b7-a452-2291c7779c75{ip: 172.17.0.2, host: 55665278a03a, ports: [REPLICATION=41925, RATIS=33437, RATIS_ADMIN=33437, RATIS_SERVER=33437, STANDALONE=44025], networkLocation: /default-rack, certSerialId: null, persistedOpState: IN_SERVICE, persistedOpStateExpiryEpochSec: 0}, Type:RATIS, Factor:ONE, State:CLOSED, leaderId:9a3b0351-70a0-45b7-a452-2291c7779c75, CreationTimestamp2021-03-08T02:05:13.545Z] moved to CLOSED state
2021-03-08 02:06:12,721 [EventQueue-StaleNodeForStaleNodeHandler] INFO  pipeline.SCMPipelineManager (SCMPipelineManager.java:finalizeAndDestroyPipeline(483)) - Destroying pipeline:Pipeline[ Id: eac236f3-a999-4e6d-8233-97b42f882e04, Nodes: 92084499-c42d-4e9c-90ed-faecbf58ca46{ip: 172.17.0.2, host: 55665278a03a, ports: [REPLICATION=38411, RATIS=44599, RATIS_ADMIN=44599, RATIS_SERVER=44599, STANDALONE=46429], networkLocation: /default-rack, certSerialId: null, persistedOpState: IN_SERVICE, persistedOpStateExpiryEpochSec: 0}9a3b0351-70a0-45b7-a452-2291c7779c75{ip: 172.17.0.2, host: 55665278a03a, ports: [REPLICATION=41925, RATIS=33437, RATIS_ADMIN=33437, RATIS_SERVER=33437, STANDALONE=44025], networkLocation: /default-rack, certSerialId: null, persistedOpState: IN_SERVICE, persistedOpStateExpiryEpochSec: 0}c7780af0-0f31-4130-b62a-7061a7bbaf6d{ip: 172.17.0.2, host: 55665278a03a, ports: [REPLICATION=39443, RATIS=40671, RATIS_ADMIN=40671, RATIS_SERVER=40671, STANDALONE=35715], networkLocation: /default-rack, certSerialId: null, persistedOpState: IN_SERVICE, persistedOpStateExpiryEpochSec: 0}, Type:RATIS, Factor:THREE, State:CLOSED, leaderId:, CreationTimestamp2021-03-08T02:06:12.023Z]
2021-03-08 02:06:12,899 [Listener at 127.0.0.1/34517] INFO  ozoneimpl.OzoneContainer (OzoneContainer.java:stop(273)) - Attempting to stop container services.
2021-03-08 02:06:12,900 [Listener at 127.0.0.1/34517] INFO  server.RaftServer (RaftServerProxy.java:lambda$close$6(391)) - c7780af0-0f31-4130-b62a-7061a7bbaf6d: close
2021-03-08 02:06:12,900 [Listener at 127.0.0.1/34517] INFO  server.RaftServer$Division (RaftServerImpl.java:lambda$close$4(406)) - c7780af0-0f31-4130-b62a-7061a7bbaf6d@group-95D3DD7D5F09: shutdown
2021-03-08 02:06:12,900 [ForkJoinPool.commonPool-worker-0] INFO  server.RaftServer$Division (RaftServerImpl.java:lambda$close$4(406)) - c7780af0-0f31-4130-b62a-7061a7bbaf6d@group-7928B19B14F4: shutdown
2021-03-08 02:06:12,900 [Listener at 127.0.0.1/34517] INFO  util.JmxRegister (JmxRegister.java:unregister(73)) - Successfully un-registered JMX Bean with object name Ratis:service=RaftServer,group=group-95D3DD7D5F09,id=c7780af0-0f31-4130-b62a-7061a7bbaf6d
2021-03-08 02:06:12,901 [Listener at 127.0.0.1/34517] INFO  impl.RoleInfo (RoleInfo.java:shutdownFollowerState(108)) - c7780af0-0f31-4130-b62a-7061a7bbaf6d: shutdown c7780af0-0f31-4130-b62a-7061a7bbaf6d@group-95D3DD7D5F09-FollowerState
2021-03-08 02:06:12,900 [ForkJoinPool.commonPool-worker-0] INFO  util.JmxRegister (JmxRegister.java:unregister(73)) - Successfully un-registered JMX Bean with object name Ratis:service=RaftServer,group=group-7928B19B14F4,id=c7780af0-0f31-4130-b62a-7061a7bbaf6d
2021-03-08 02:06:12,901 [ForkJoinPool.commonPool-worker-0] INFO  impl.RoleInfo (RoleInfo.java:shutdownFollowerState(108)) - c7780af0-0f31-4130-b62a-7061a7bbaf6d: shutdown c7780af0-0f31-4130-b62a-7061a7bbaf6d@group-7928B19B14F4-FollowerState
2021-03-08 02:06:12,901 [ForkJoinPool.commonPool-worker-0] INFO  impl.StateMachineUpdater (StateMachineUpdater.java:stopAndJoin(148)) - c7780af0-0f31-4130-b62a-7061a7bbaf6d@group-7928B19B14F4-StateMachineUpdater: set stopIndex = 1
2021-03-08 02:06:12,901 [Thread-4743] INFO  impl.FollowerState (FollowerState.java:run(142)) - c7780af0-0f31-4130-b62a-7061a7bbaf6d@group-7928B19B14F4-FollowerState was interrupted: {}
java.lang.InterruptedException: sleep interrupted
	at java.lang.Thread.sleep(Native Method)
	at java.lang.Thread.sleep(Thread.java:340)
	at java.util.concurrent.TimeUnit.sleep(TimeUnit.java:386)
	at org.apache.ratis.util.TimeDuration.sleep(TimeDuration.java:324)
	at org.apache.ratis.util.TimeDuration.sleep(TimeDuration.java:309)
	at org.apache.ratis.server.impl.FollowerState.run(FollowerState.java:117)
2021-03-08 02:06:12,901 [Listener at 127.0.0.1/34517] INFO  impl.StateMachineUpdater (StateMachineUpdater.java:stopAndJoin(148)) - c7780af0-0f31-4130-b62a-7061a7bbaf6d@group-95D3DD7D5F09-StateMachineUpdater: set stopIndex = 0
2021-03-08 02:06:12,902 [Thread-4748] INFO  impl.FollowerState (FollowerState.java:run(142)) - c7780af0-0f31-4130-b62a-7061a7bbaf6d@group-95D3DD7D5F09-FollowerState was interrupted: {}
java.lang.InterruptedException: sleep interrupted
	at java.lang.Thread.sleep(Native Method)
	at java.lang.Thread.sleep(Thread.java:340)
	at java.util.concurrent.TimeUnit.sleep(TimeUnit.java:386)
	at org.apache.ratis.util.TimeDuration.sleep(TimeDuration.java:324)
	at org.apache.ratis.util.TimeDuration.sleep(TimeDuration.java:309)
	at org.apache.ratis.server.impl.FollowerState.run(FollowerState.java:117)
2021-03-08 02:06:12,903 [c7780af0-0f31-4130-b62a-7061a7bbaf6d@group-95D3DD7D5F09-StateMachineUpdater] INFO  ratis.ContainerStateMachine (ContainerStateMachine.java:takeSnapshot(291)) - group-95D3DD7D5F09: Taking a snapshot at:(t:1, i:0) file /github/workspace/mnt/ozone/hadoop-ozone/integration-test/target/test-dir/MiniOzoneClusterImpl-ccaa8949-4e5a-4858-a1f5-413699190f1a/datanode-5/data/ratis/b6143ebd-b803-4b83-aecd-95d3dd7d5f09/sm/snapshot.1_0
2021-03-08 02:06:12,903 [c7780af0-0f31-4130-b62a-7061a7bbaf6d@group-7928B19B14F4-StateMachineUpdater] INFO  ratis.ContainerStateMachine (ContainerStateMachine.java:takeSnapshot(291)) - group-7928B19B14F4: Taking a snapshot at:(t:3, i:1) file /github/workspace/mnt/ozone/hadoop-ozone/integration-test/target/test-dir/MiniOzoneClusterImpl-ccaa8949-4e5a-4858-a1f5-413699190f1a/datanode-5/data/ratis/54dfee42-7205-45d5-ac51-7928b19b14f4/sm/snapshot.3_1
2021-03-08 02:06:12,904 [c7780af0-0f31-4130-b62a-7061a7bbaf6d@group-95D3DD7D5F09-StateMachineUpdater] INFO  ratis.ContainerStateMachine (ContainerStateMachine.java:takeSnapshot(302)) - group-95D3DD7D5F09: Finished taking a snapshot at:(t:1, i:0) file:/github/workspace/mnt/ozone/hadoop-ozone/integration-test/target/test-dir/MiniOzoneClusterImpl-ccaa8949-4e5a-4858-a1f5-413699190f1a/datanode-5/data/ratis/b6143ebd-b803-4b83-aecd-95d3dd7d5f09/sm/snapshot.1_0 took: 1 ms
2021-03-08 02:06:12,904 [c7780af0-0f31-4130-b62a-7061a7bbaf6d@group-95D3DD7D5F09-StateMachineUpdater] INFO  impl.StateMachineUpdater (StateMachineUpdater.java:takeSnapshot(279)) - c7780af0-0f31-4130-b62a-7061a7bbaf6d@group-95D3DD7D5F09-StateMachineUpdater: Took a snapshot at index 0
2021-03-08 02:06:12,904 [c7780af0-0f31-4130-b62a-7061a7bbaf6d@group-95D3DD7D5F09-StateMachineUpdater] INFO  impl.StateMachineUpdater (StateMachineUpdater.java:lambda$new$0(88)) - c7780af0-0f31-4130-b62a-7061a7bbaf6d@group-95D3DD7D5F09-StateMachineUpdater: snapshotIndex: updateIncreasingly -1 -> 0
2021-03-08 02:06:12,904 [c7780af0-0f31-4130-b62a-7061a7bbaf6d@group-95D3DD7D5F09-StateMachineUpdater] INFO  metrics.RatisMetrics (RatisMetrics.java:unregister(43)) - Unregistering Metrics Registry : ratis.state_machine.c7780af0-0f31-4130-b62a-7061a7bbaf6d@group-95D3DD7D5F09
2021-03-08 02:06:12,904 [Listener at 127.0.0.1/34517] INFO  server.RaftServer$Division (ServerState.java:close(405)) - c7780af0-0f31-4130-b62a-7061a7bbaf6d@group-95D3DD7D5F09: closes. applyIndex: 0
2021-03-08 02:06:12,907 [c7780af0-0f31-4130-b62a-7061a7bbaf6d@group-7928B19B14F4-StateMachineUpdater] INFO  ratis.ContainerStateMachine (ContainerStateMachine.java:takeSnapshot(302)) - group-7928B19B14F4: Finished taking a snapshot at:(t:3, i:1) file:/github/workspace/mnt/ozone/hadoop-ozone/integration-test/target/test-dir/MiniOzoneClusterImpl-ccaa8949-4e5a-4858-a1f5-413699190f1a/datanode-5/data/ratis/54dfee42-7205-45d5-ac51-7928b19b14f4/sm/snapshot.3_1 took: 3 ms
2021-03-08 02:06:12,907 [c7780af0-0f31-4130-b62a-7061a7bbaf6d@group-95D3DD7D5F09-SegmentedRaftLogWorker] INFO  segmented.SegmentedRaftLogWorker (SegmentedRaftLogWorker.java:run(326)) - c7780af0-0f31-4130-b62a-7061a7bbaf6d@group-95D3DD7D5F09-SegmentedRaftLogWorker was interrupted, exiting. There are 0 tasks remaining in the queue.
2021-03-08 02:06:12,907 [c7780af0-0f31-4130-b62a-7061a7bbaf6d@group-7928B19B14F4-StateMachineUpdater] INFO  impl.StateMachineUpdater (StateMachineUpdater.java:takeSnapshot(279)) - c7780af0-0f31-4130-b62a-7061a7bbaf6d@group-7928B19B14F4-StateMachineUpdater: Took a snapshot at index 1
2021-03-08 02:06:12,907 [c7780af0-0f31-4130-b62a-7061a7bbaf6d@group-7928B19B14F4-StateMachineUpdater] INFO  impl.StateMachineUpdater (StateMachineUpdater.java:lambda$new$0(88)) - c7780af0-0f31-4130-b62a-7061a7bbaf6d@group-7928B19B14F4-StateMachineUpdater: snapshotIndex: updateIncreasingly -1 -> 1
2021-03-08 02:06:12,907 [Listener at 127.0.0.1/34517] INFO  segmented.SegmentedRaftLogWorker (SegmentedRaftLogWorker.java:close(236)) - c7780af0-0f31-4130-b62a-7061a7bbaf6d@group-95D3DD7D5F09-SegmentedRaftLogWorker close()
2021-03-08 02:06:12,907 [Listener at 127.0.0.1/34517] INFO  metrics.RatisMetrics (RatisMetrics.java:unregister(43)) - Unregistering Metrics Registry : ratis.log_worker.c7780af0-0f31-4130-b62a-7061a7bbaf6d@group-95D3DD7D5F09
2021-03-08 02:06:12,907 [c7780af0-0f31-4130-b62a-7061a7bbaf6d@group-7928B19B14F4-StateMachineUpdater] INFO  metrics.RatisMetrics (RatisMetrics.java:unregister(43)) - Unregistering Metrics Registry : ratis.state_machine.c7780af0-0f31-4130-b62a-7061a7bbaf6d@group-7928B19B14F4
2021-03-08 02:06:12,908 [Listener at 127.0.0.1/34517] INFO  metrics.RatisMetrics (RatisMetrics.java:unregister(43)) - Unregistering Metrics Registry : ratis.leader_election.c7780af0-0f31-4130-b62a-7061a7bbaf6d@group-95D3DD7D5F09
2021-03-08 02:06:12,908 [ForkJoinPool.commonPool-worker-0] INFO  server.RaftServer$Division (ServerState.java:close(405)) - c7780af0-0f31-4130-b62a-7061a7bbaf6d@group-7928B19B14F4: closes. applyIndex: 1
2021-03-08 02:06:12,908 [Listener at 127.0.0.1/34517] INFO  metrics.RatisMetrics (RatisMetrics.java:unregister(43)) - Unregistering Metrics Registry : ratis.server.c7780af0-0f31-4130-b62a-7061a7bbaf6d@group-95D3DD7D5F09
2021-03-08 02:06:12,908 [c7780af0-0f31-4130-b62a-7061a7bbaf6d@group-7928B19B14F4-SegmentedRaftLogWorker] INFO  segmented.SegmentedRaftLogWorker (SegmentedRaftLogWorker.java:run(326)) - c7780af0-0f31-4130-b62a-7061a7bbaf6d@group-7928B19B14F4-SegmentedRaftLogWorker was interrupted, exiting. There are 0 tasks remaining in the queue.
2021-03-08 02:06:12,909 [Listener at 127.0.0.1/34517] INFO  server.RaftServer$Division (RaftServerImpl.java:lambda$close$4(406)) - c7780af0-0f31-4130-b62a-7061a7bbaf6d@group-1166AD7308EA: shutdown
2021-03-08 02:06:12,909 [ForkJoinPool.commonPool-worker-0] INFO  segmented.SegmentedRaftLogWorker (SegmentedRaftLogWorker.java:close(236)) - c7780af0-0f31-4130-b62a-7061a7bbaf6d@group-7928B19B14F4-SegmentedRaftLogWorker close()
2021-03-08 02:06:12,909 [Listener at 127.0.0.1/34517] INFO  util.JmxRegister (JmxRegister.java:unregister(73)) - Successfully un-registered JMX Bean with object name Ratis:service=RaftServer,group=group-1166AD7308EA,id=c7780af0-0f31-4130-b62a-7061a7bbaf6d
2021-03-08 02:06:12,910 [Listener at 127.0.0.1/34517] INFO  impl.RoleInfo (RoleInfo.java:shutdownLeaderState(91)) - c7780af0-0f31-4130-b62a-7061a7bbaf6d: shutdown c7780af0-0f31-4130-b62a-7061a7bbaf6d@group-1166AD7308EA-LeaderStateImpl
2021-03-08 02:06:12,910 [ForkJoinPool.commonPool-worker-0] INFO  metrics.RatisMetrics (RatisMetrics.java:unregister(43)) - Unregistering Metrics Registry : ratis.log_worker.c7780af0-0f31-4130-b62a-7061a7bbaf6d@group-7928B19B14F4
2021-03-08 02:06:12,910 [Listener at 127.0.0.1/34517] INFO  impl.PendingRequests (PendingRequests.java:sendNotLeaderResponses(249)) - c7780af0-0f31-4130-b62a-7061a7bbaf6d@group-1166AD7308EA-PendingRequests: sendNotLeaderResponses
2021-03-08 02:06:12,910 [ForkJoinPool.commonPool-worker-0] INFO  metrics.RatisMetrics (RatisMetrics.java:unregister(43)) - Unregistering Metrics Registry : ratis.leader_election.c7780af0-0f31-4130-b62a-7061a7bbaf6d@group-7928B19B14F4
2021-03-08 02:06:12,910 [Listener at 127.0.0.1/34517] INFO  metrics.RatisMetrics (RatisMetrics.java:unregister(43)) - Unregistering Metrics Registry : ratis.log_appender.c7780af0-0f31-4130-b62a-7061a7bbaf6d@group-1166AD7308EA
2021-03-08 02:06:12,910 [ForkJoinPool.commonPool-worker-0] INFO  metrics.RatisMetrics (RatisMetrics.java:unregister(43)) - Unregistering Metrics Registry : ratis.server.c7780af0-0f31-4130-b62a-7061a7bbaf6d@group-7928B19B14F4
2021-03-08 02:06:12,911 [Listener at 127.0.0.1/34517] INFO  metrics.RatisMetrics (RatisMetrics.java:unregister(43)) - Unregistering Metrics Registry : ratis.server.c7780af0-0f31-4130-b62a-7061a7bbaf6d@group-1166AD7308EA
2021-03-08 02:06:12,911 [ForkJoinPool.commonPool-worker-0] INFO  server.RaftServer$Division (RaftServerImpl.java:lambda$close$4(406)) - c7780af0-0f31-4130-b62a-7061a7bbaf6d@group-73197B762FF1: shutdown
2021-03-08 02:06:12,911 [ForkJoinPool.commonPool-worker-0] INFO  util.JmxRegister (JmxRegister.java:unregister(73)) - Successfully un-registered JMX Bean with object name Ratis:service=RaftServer,group=group-73197B762FF1,id=c7780af0-0f31-4130-b62a-7061a7bbaf6d
2021-03-08 02:06:12,911 [ForkJoinPool.commonPool-worker-0] INFO  impl.RoleInfo (RoleInfo.java:shutdownFollowerState(108)) - c7780af0-0f31-4130-b62a-7061a7bbaf6d: shutdown c7780af0-0f31-4130-b62a-7061a7bbaf6d@group-73197B762FF1-FollowerState
2021-03-08 02:06:12,911 [Thread-4738] INFO  impl.FollowerState (FollowerState.java:run(142)) - c7780af0-0f31-4130-b62a-7061a7bbaf6d@group-73197B762FF1-FollowerState was interrupted: {}
java.lang.InterruptedException: sleep interrupted
	at java.lang.Thread.sleep(Native Method)
	at java.lang.Thread.sleep(Thread.java:340)
	at java.util.concurrent.TimeUnit.sleep(TimeUnit.java:386)
	at org.apache.ratis.util.TimeDuration.sleep(TimeDuration.java:324)
	at org.apache.ratis.util.TimeDuration.sleep(TimeDuration.java:309)
	at org.apache.ratis.server.impl.FollowerState.run(FollowerState.java:117)
2021-03-08 02:06:12,912 [ForkJoinPool.commonPool-worker-0] INFO  impl.StateMachineUpdater (StateMachineUpdater.java:stopAndJoin(148)) - c7780af0-0f31-4130-b62a-7061a7bbaf6d@group-73197B762FF1-StateMachineUpdater: set stopIndex = 0
2021-03-08 02:06:12,912 [c7780af0-0f31-4130-b62a-7061a7bbaf6d@group-73197B762FF1-StateMachineUpdater] INFO  ratis.ContainerStateMachine (ContainerStateMachine.java:takeSnapshot(291)) - group-73197B762FF1: Taking a snapshot at:(t:7, i:0) file /github/workspace/mnt/ozone/hadoop-ozone/integration-test/target/test-dir/MiniOzoneClusterImpl-ccaa8949-4e5a-4858-a1f5-413699190f1a/datanode-5/data/ratis/08a3fe71-0329-4143-ad3d-73197b762ff1/sm/snapshot.7_0
2021-03-08 02:06:12,913 [c7780af0-0f31-4130-b62a-7061a7bbaf6d@group-73197B762FF1-StateMachineUpdater] INFO  ratis.ContainerStateMachine (ContainerStateMachine.java:takeSnapshot(302)) - group-73197B762FF1: Finished taking a snapshot at:(t:7, i:0) file:/github/workspace/mnt/ozone/hadoop-ozone/integration-test/target/test-dir/MiniOzoneClusterImpl-ccaa8949-4e5a-4858-a1f5-413699190f1a/datanode-5/data/ratis/08a3fe71-0329-4143-ad3d-73197b762ff1/sm/snapshot.7_0 took: 0 ms
2021-03-08 02:06:12,913 [c7780af0-0f31-4130-b62a-7061a7bbaf6d@group-73197B762FF1-StateMachineUpdater] INFO  impl.StateMachineUpdater (StateMachineUpdater.java:takeSnapshot(279)) - c7780af0-0f31-4130-b62a-7061a7bbaf6d@group-73197B762FF1-StateMachineUpdater: Took a snapshot at index 0
2021-03-08 02:06:12,913 [c7780af0-0f31-4130-b62a-7061a7bbaf6d@group-73197B762FF1-StateMachineUpdater] INFO  impl.StateMachineUpdater (StateMachineUpdater.java:lambda$new$0(88)) - c7780af0-0f31-4130-b62a-7061a7bbaf6d@group-73197B762FF1-StateMachineUpdater: snapshotIndex: updateIncreasingly -1 -> 0
2021-03-08 02:06:12,913 [Listener at 127.0.0.1/34517] INFO  impl.StateMachineUpdater (StateMachineUpdater.java:stopAndJoin(148)) - c7780af0-0f31-4130-b62a-7061a7bbaf6d@group-1166AD7308EA-StateMachineUpdater: set stopIndex = 0
2021-03-08 02:06:12,914 [c7780af0-0f31-4130-b62a-7061a7bbaf6d@group-1166AD7308EA-StateMachineUpdater] INFO  ratis.ContainerStateMachine (ContainerStateMachine.java:takeSnapshot(291)) - group-1166AD7308EA: Taking a snapshot at:(t:1, i:0) file /github/workspace/mnt/ozone/hadoop-ozone/integration-test/target/test-dir/MiniOzoneClusterImpl-ccaa8949-4e5a-4858-a1f5-413699190f1a/datanode-5/data/ratis/6175961a-5b26-4108-818d-1166ad7308ea/sm/snapshot.1_0
2021-03-08 02:06:12,913 [c7780af0-0f31-4130-b62a-7061a7bbaf6d@group-73197B762FF1-StateMachineUpdater] INFO  metrics.RatisMetrics (RatisMetrics.java:unregister(43)) - Unregistering Metrics Registry : ratis.state_machine.c7780af0-0f31-4130-b62a-7061a7bbaf6d@group-73197B762FF1
2021-03-08 02:06:12,914 [ForkJoinPool.commonPool-worker-0] INFO  server.RaftServer$Division (ServerState.java:close(405)) - c7780af0-0f31-4130-b62a-7061a7bbaf6d@group-73197B762FF1: closes. applyIndex: 0
2021-03-08 02:06:12,914 [c7780af0-0f31-4130-b62a-7061a7bbaf6d@group-73197B762FF1-SegmentedRaftLogWorker] INFO  segmented.SegmentedRaftLogWorker (SegmentedRaftLogWorker.java:run(326)) - c7780af0-0f31-4130-b62a-7061a7bbaf6d@group-73197B762FF1-SegmentedRaftLogWorker was interrupted, exiting. There are 0 tasks remaining in the queue.
2021-03-08 02:06:12,914 [c7780af0-0f31-4130-b62a-7061a7bbaf6d@group-1166AD7308EA-StateMachineUpdater] INFO  ratis.ContainerStateMachine (ContainerStateMachine.java:takeSnapshot(302)) - group-1166AD7308EA: Finished taking a snapshot at:(t:1, i:0) file:/github/workspace/mnt/ozone/hadoop-ozone/integration-test/target/test-dir/MiniOzoneClusterImpl-ccaa8949-4e5a-4858-a1f5-413699190f1a/datanode-5/data/ratis/6175961a-5b26-4108-818d-1166ad7308ea/sm/snapshot.1_0 took: 1 ms
2021-03-08 02:06:12,914 [c7780af0-0f31-4130-b62a-7061a7bbaf6d@group-1166AD7308EA-StateMachineUpdater] INFO  impl.StateMachineUpdater (StateMachineUpdater.java:takeSnapshot(279)) - c7780af0-0f31-4130-b62a-7061a7bbaf6d@group-1166AD7308EA-StateMachineUpdater: Took a snapshot at index 0
2021-03-08 02:06:12,915 [c7780af0-0f31-4130-b62a-7061a7bbaf6d@group-1166AD7308EA-StateMachineUpdater] INFO  impl.StateMachineUpdater (StateMachineUpdater.java:lambda$new$0(88)) - c7780af0-0f31-4130-b62a-7061a7bbaf6d@group-1166AD7308EA-StateMachineUpdater: snapshotIndex: updateIncreasingly -1 -> 0
2021-03-08 02:06:12,915 [c7780af0-0f31-4130-b62a-7061a7bbaf6d@group-1166AD7308EA-StateMachineUpdater] INFO  metrics.RatisMetrics (RatisMetrics.java:unregister(43)) - Unregistering Metrics Registry : ratis.state_machine.c7780af0-0f31-4130-b62a-7061a7bbaf6d@group-1166AD7308EA
2021-03-08 02:06:12,915 [Listener at 127.0.0.1/34517] INFO  server.RaftServer$Division (ServerState.java:close(405)) - c7780af0-0f31-4130-b62a-7061a7bbaf6d@group-1166AD7308EA: closes. applyIndex: 0
2021-03-08 02:06:12,915 [ForkJoinPool.commonPool-worker-0] INFO  segmented.SegmentedRaftLogWorker (SegmentedRaftLogWorker.java:close(236)) - c7780af0-0f31-4130-b62a-7061a7bbaf6d@group-73197B762FF1-SegmentedRaftLogWorker close()
2021-03-08 02:06:12,915 [c7780af0-0f31-4130-b62a-7061a7bbaf6d@group-1166AD7308EA-SegmentedRaftLogWorker] INFO  segmented.SegmentedRaftLogWorker (SegmentedRaftLogWorker.java:run(326)) - c7780af0-0f31-4130-b62a-7061a7bbaf6d@group-1166AD7308EA-SegmentedRaftLogWorker was interrupted, exiting. There are 0 tasks remaining in the queue.
2021-03-08 02:06:12,915 [Listener at 127.0.0.1/34517] INFO  segmented.SegmentedRaftLogWorker (SegmentedRaftLogWorker.java:close(236)) - c7780af0-0f31-4130-b62a-7061a7bbaf6d@group-1166AD7308EA-SegmentedRaftLogWorker close()
2021-03-08 02:06:12,916 [Listener at 127.0.0.1/34517] INFO  metrics.RatisMetrics (RatisMetrics.java:unregister(43)) - Unregistering Metrics Registry : ratis.log_worker.c7780af0-0f31-4130-b62a-7061a7bbaf6d@group-1166AD7308EA
2021-03-08 02:06:12,916 [ForkJoinPool.commonPool-worker-0] INFO  metrics.RatisMetrics (RatisMetrics.java:unregister(43)) - Unregistering Metrics Registry : ratis.log_worker.c7780af0-0f31-4130-b62a-7061a7bbaf6d@group-73197B762FF1
2021-03-08 02:06:12,916 [Listener at 127.0.0.1/34517] INFO  metrics.RatisMetrics (RatisMetrics.java:unregister(43)) - Unregistering Metrics Registry : ratis.leader_election.c7780af0-0f31-4130-b62a-7061a7bbaf6d@group-1166AD7308EA
2021-03-08 02:06:12,916 [ForkJoinPool.commonPool-worker-0] INFO  metrics.RatisMetrics (RatisMetrics.java:unregister(43)) - Unregistering Metrics Registry : ratis.leader_election.c7780af0-0f31-4130-b62a-7061a7bbaf6d@group-73197B762FF1
2021-03-08 02:06:12,916 [Listener at 127.0.0.1/34517] INFO  metrics.RatisMetrics (RatisMetrics.java:unregister(43)) - Unregistering Metrics Registry : ratis.server.c7780af0-0f31-4130-b62a-7061a7bbaf6d@group-1166AD7308EA
2021-03-08 02:06:12,916 [ForkJoinPool.commonPool-worker-0] INFO  metrics.RatisMetrics (RatisMetrics.java:unregister(43)) - Unregistering Metrics Registry : ratis.server.c7780af0-0f31-4130-b62a-7061a7bbaf6d@group-73197B762FF1
2021-03-08 02:06:12,917 [Listener at 127.0.0.1/34517] INFO  server.GrpcService (GrpcService.java:closeImpl(262)) - c7780af0-0f31-4130-b62a-7061a7bbaf6d: shutdown server with port 40671 now
2021-03-08 02:06:12,917 [Listener at 127.0.0.1/34517] INFO  server.GrpcService (GrpcService.java:closeImpl(271)) - c7780af0-0f31-4130-b62a-7061a7bbaf6d: shutdown server with port 40671 successfully
2021-03-08 02:06:12,917 [org.apache.ratis.util.JvmPauseMonitor$$Lambda$504/1646982022@2ff5a2ec] INFO  util.JvmPauseMonitor (JvmPauseMonitor.java:run(109)) - JvmPauseMonitor-c7780af0-0f31-4130-b62a-7061a7bbaf6d: Stopped
2021-03-08 02:06:12,918 [Listener at 127.0.0.1/34517] INFO  utils.BackgroundService (BackgroundService.java:shutdown(132)) - Shutting down service BlockDeletingService
2021-03-08 02:06:12,922 [Listener at 127.0.0.1/34517] INFO  statemachine.DatanodeStateMachine (DatanodeStateMachine.java:stopDaemon(469)) - Ozone container server stopped.
2021-03-08 02:06:12,932 [Listener at 127.0.0.1/34517] INFO  handler.ContextHandler (ContextHandler.java:doStop(1154)) - Stopped o.e.j.w.WebAppContext@29c72736{hddsDatanode,/,null,STOPPED}{jar:file:/home/user/.m2/repository/org/apache/hadoop/hadoop-hdds-container-service/1.1.0-SNAPSHOT/hadoop-hdds-container-service-1.1.0-SNAPSHOT.jar!/webapps/hddsDatanode}
2021-03-08 02:06:12,933 [Listener at 127.0.0.1/34517] INFO  server.AbstractConnector (AbstractConnector.java:doStop(381)) - Stopped ServerConnector@27cbd9f7{HTTP/1.1, (http/1.1)}{0.0.0.0:0}
2021-03-08 02:06:12,933 [Listener at 127.0.0.1/34517] INFO  server.session (HouseKeeper.java:stopScavenging(149)) - node0 Stopped scavenging
2021-03-08 02:06:12,933 [Listener at 127.0.0.1/34517] INFO  handler.ContextHandler (ContextHandler.java:doStop(1154)) - Stopped o.e.j.s.ServletContextHandler@62753f40{static,/static,jar:file:/home/user/.m2/repository/org/apache/hadoop/hadoop-hdds-container-service/1.1.0-SNAPSHOT/hadoop-hdds-container-service-1.1.0-SNAPSHOT.jar!/webapps/static,STOPPED}
2021-03-08 02:06:12,934 [Listener at 127.0.0.1/34517] INFO  handler.ContextHandler (ContextHandler.java:doStop(1154)) - Stopped o.e.j.s.ServletContextHandler@6678d112{logs,/logs,file:///github/workspace/mnt/ozone/hadoop-ozone/integration-test/target/log,STOPPED}
2021-03-08 02:06:12,934 [Listener at 127.0.0.1/34517] INFO  ozone.MiniOzoneClusterImpl (MiniOzoneClusterImpl.java:stopSCM(489)) - Stopping the StorageContainerManager
2021-03-08 02:06:12,934 [Listener at 127.0.0.1/34517] INFO  server.StorageContainerManager (StorageContainerManager.java:stop(861)) - Stopping Replication Manager Service.
2021-03-08 02:06:12,934 [Listener at 127.0.0.1/34517] INFO  container.ReplicationManager (ReplicationManager.java:stop(227)) - Stopping Replication Monitor Thread.
2021-03-08 02:06:12,935 [Listener at 127.0.0.1/34517] INFO  server.StorageContainerManager (StorageContainerManager.java:stop(868)) - Stopping the Datanode Admin Monitor.
2021-03-08 02:06:12,935 [Listener at 127.0.0.1/34517] INFO  server.StorageContainerManager (StorageContainerManager.java:stop(875)) - Stopping Lease Manager of the command watchers
2021-03-08 02:06:12,935 [Listener at 127.0.0.1/34517] INFO  server.StorageContainerManager (StorageContainerManager.java:stop(882)) - Stopping datanode service RPC server
2021-03-08 02:06:12,935 [Listener at 127.0.0.1/34517] INFO  server.SCMDatanodeProtocolServer (SCMDatanodeProtocolServer.java:stop(369)) - Stopping the RPC server for DataNodes
2021-03-08 02:06:12,935 [Listener at 127.0.0.1/34517] INFO  ipc.Server (Server.java:stop(3403)) - Stopping server on 37553
2021-03-08 02:06:12,937 [IPC Server listener on 0] INFO  ipc.Server (Server.java:run(1366)) - Stopping IPC Server listener on 0
2021-03-08 02:06:12,942 [IPC Server Responder] INFO  ipc.Server (Server.java:run(1502)) - Stopping IPC Server Responder
2021-03-08 02:06:13,022 [SCM Heartbeat Processing Thread - 0] WARN  node.NodeStateManager (NodeStateManager.java:scheduleNextHealthCheck(688)) - Current Thread is interrupted, shutting down HB processing thread for Node Manager.
2021-03-08 02:06:13,022 [Listener at 127.0.0.1/34517] INFO  server.StorageContainerManager (StorageContainerManager.java:stop(890)) - Stopping block service RPC server
2021-03-08 02:06:13,022 [Listener at 127.0.0.1/34517] INFO  server.SCMBlockProtocolServer (SCMBlockProtocolServer.java:stop(159)) - Stopping the RPC server for Block Protocol
2021-03-08 02:06:13,022 [Listener at 127.0.0.1/34517] INFO  ipc.Server (Server.java:stop(3403)) - Stopping server on 44569
2021-03-08 02:06:13,023 [IPC Server listener on 0] INFO  ipc.Server (Server.java:run(1366)) - Stopping IPC Server listener on 0
2021-03-08 02:06:13,030 [Listener at 127.0.0.1/34517] INFO  server.StorageContainerManager (StorageContainerManager.java:stop(897)) - Stopping the StorageContainerLocationProtocol RPC server
2021-03-08 02:06:13,030 [IPC Server Responder] INFO  ipc.Server (Server.java:run(1502)) - Stopping IPC Server Responder
2021-03-08 02:06:13,030 [Listener at 127.0.0.1/34517] INFO  server.SCMClientProtocolServer (SCMClientProtocolServer.java:stop(170)) - Stopping the RPC server for Client Protocol
2021-03-08 02:06:13,030 [Listener at 127.0.0.1/34517] INFO  ipc.Server (Server.java:stop(3403)) - Stopping server on 42429
2021-03-08 02:06:13,032 [IPC Server listener on 0] INFO  ipc.Server (Server.java:run(1366)) - Stopping IPC Server listener on 0
2021-03-08 02:06:13,032 [IPC Server Responder] INFO  ipc.Server (Server.java:run(1502)) - Stopping IPC Server Responder
2021-03-08 02:06:13,032 [Listener at 127.0.0.1/34517] INFO  server.StorageContainerManager (StorageContainerManager.java:stop(904)) - Stopping Storage Container Manager HTTP server.
2021-03-08 02:06:13,033 [Listener at 127.0.0.1/34517] INFO  handler.ContextHandler (ContextHandler.java:doStop(1154)) - Stopped o.e.j.w.WebAppContext@2e15eca5{scm,/,null,STOPPED}{file:/github/workspace/mnt/ozone/hadoop-ozone/integration-test/target/test-classes/webapps/scm}
2021-03-08 02:06:13,034 [Listener at 127.0.0.1/34517] INFO  server.AbstractConnector (AbstractConnector.java:doStop(381)) - Stopped ServerConnector@4b1be37b{HTTP/1.1, (http/1.1)}{0.0.0.0:0}
2021-03-08 02:06:13,034 [Listener at 127.0.0.1/34517] INFO  server.session (HouseKeeper.java:stopScavenging(149)) - node0 Stopped scavenging
2021-03-08 02:06:13,034 [Listener at 127.0.0.1/34517] INFO  handler.ContextHandler (ContextHandler.java:doStop(1154)) - Stopped o.e.j.s.ServletContextHandler@13e26409{static,/static,file:///github/workspace/mnt/ozone/hadoop-ozone/integration-test/target/test-classes/webapps/static,STOPPED}
2021-03-08 02:06:13,034 [Listener at 127.0.0.1/34517] INFO  handler.ContextHandler (ContextHandler.java:doStop(1154)) - Stopped o.e.j.s.ServletContextHandler@60803667{logs,/logs,file:///github/workspace/mnt/ozone/hadoop-ozone/integration-test/target/log,STOPPED}
2021-03-08 02:06:13,035 [Listener at 127.0.0.1/34517] INFO  server.StorageContainerManager (StorageContainerManager.java:stop(915)) - Stopping Block Manager Service.
2021-03-08 02:06:13,035 [Listener at 127.0.0.1/34517] INFO  utils.BackgroundService (BackgroundService.java:shutdown(132)) - Shutting down service SCMBlockDeletingService
2021-03-08 02:06:13,035 [Listener at 127.0.0.1/34517] INFO  utils.BackgroundService (BackgroundService.java:shutdown(132)) - Shutting down service SCMBlockDeletingService
2021-03-08 02:06:13,035 [Listener at 127.0.0.1/34517] INFO  server.StorageContainerManager (StorageContainerManager.java:stop(940)) - Stopping SCM Event Queue.
2021-03-08 02:06:13,038 [Listener at 127.0.0.1/34517] INFO  impl.MetricsSystemImpl (MetricsSystemImpl.java:stop(210)) - Stopping HddsDatanode metrics system...
2021-03-08 02:06:13,050 [prometheus] INFO  impl.MetricsSinkAdapter (MetricsSinkAdapter.java:publishMetricsFromQueue(141)) - prometheus thread interrupted.
2021-03-08 02:06:13,051 [Listener at 127.0.0.1/34517] INFO  impl.MetricsSystemImpl (MetricsSystemImpl.java:stop(216)) - HddsDatanode metrics system stopped.
]]></system-out>
  </testcase>
  <testcase name="testExceptionDuringClose" classname="org.apache.hadoop.ozone.client.rpc.TestBlockOutputStreamWithFailuresFlushDelay" time="36.761"/>
</testsuite>