<?xml version="1.0" encoding="UTF-8"?>
<testsuite xmlns:xsi="http://www.w3.org/2001/XMLSchema-instance" xsi:noNamespaceSchemaLocation="https://maven.apache.org/surefire/maven-surefire-plugin/xsd/surefire-test-report.xsd" version="3.0.2" name="org.apache.ozone.test.NonHATests$ContainerOperations" time="3.43" tests="10" errors="0" skipped="0" failures="1">
  <properties>
    <property name="java.specification.version" value="21"/>
    <property name="sun.jnu.encoding" value="UTF-8"/>
    <property name="java.class.path" value="/home/runner/work/ozone/ozone/hadoop-ozone/integration-test/target/test-classes:/home/runner/work/ozone/ozone/hadoop-ozone/integration-test/target/classes:/home/runner/.m2/repository/ch/qos/reload4j/reload4j/1.2.26/reload4j-1.2.26.jar:/home/runner/.m2/repository/com/fasterxml/jackson/core/jackson-core/2.16.2/jackson-core-2.16.2.jar:/home/runner/.m2/repository/com/fasterxml/jackson/core/jackson-databind/2.16.2/jackson-databind-2.16.2.jar:/home/runner/.m2/repository/com/fasterxml/jackson/core/jackson-annotations/2.16.2/jackson-annotations-2.16.2.jar:/home/runner/.m2/repository/com/github/stephenc/jcip/jcip-annotations/1.0-1/jcip-annotations-1.0-1.jar:/home/runner/.m2/repository/com/google/guava/guava/32.1.3-jre/guava-32.1.3-jre.jar:/home/runner/.m2/repository/com/google/guava/failureaccess/1.0.1/failureaccess-1.0.1.jar:/home/runner/.m2/repository/com/google/guava/listenablefuture/9999.0-empty-to-avoid-conflict-with-guava/listenablefuture-9999.0-empty-to-avoid-conflict-with-guava.jar:/home/runner/.m2/repository/org/checkerframework/checker-qual/3.37.0/checker-qual-3.37.0.jar:/home/runner/.m2/repository/com/google/errorprone/error_prone_annotations/2.29.2/error_prone_annotations-2.29.2.jar:/home/runner/.m2/repository/com/google/j2objc/j2objc-annotations/2.8/j2objc-annotations-2.8.jar:/home/runner/.m2/repository/com/google/protobuf/protobuf-java/2.5.0/protobuf-java-2.5.0.jar:/home/runner/.m2/repository/com/squareup/okhttp3/okhttp/4.12.0/okhttp-4.12.0.jar:/home/runner/.m2/repository/com/squareup/okio/okio/3.6.0/okio-3.6.0.jar:/home/runner/.m2/repository/com/squareup/okio/okio-jvm/3.6.0/okio-jvm-3.6.0.jar:/home/runner/.m2/repository/org/jetbrains/kotlin/kotlin-stdlib-common/1.9.25/kotlin-stdlib-common-1.9.25.jar:/home/runner/.m2/repository/org/jetbrains/kotlin/kotlin-stdlib-jdk8/1.9.25/kotlin-stdlib-jdk8-1.9.25.jar:/home/runner/.m2/repository/org/jetbrains/kotlin/kotlin-stdlib/1.9.25/kotlin-stdlib-1.9.25.jar:/home/runner/.m2/repository/org/jetbrains/annotations/13.0/annotations-13.0.jar:/home/runner/.m2/repository/org/jetbrains/kotlin/kotlin-stdlib-jdk7/1.9.25/kotlin-stdlib-jdk7-1.9.25.jar:/home/runner/.m2/repository/commons-codec/commons-codec/1.18.0/commons-codec-1.18.0.jar:/home/runner/.m2/repository/commons-io/commons-io/2.18.0/commons-io-2.18.0.jar:/home/runner/.m2/repository/commons-validator/commons-validator/1.6/commons-validator-1.6.jar:/home/runner/.m2/repository/commons-beanutils/commons-beanutils/1.11.0/commons-beanutils-1.11.0.jar:/home/runner/.m2/repository/commons-digester/commons-digester/1.8.1/commons-digester-1.8.1.jar:/home/runner/.m2/repository/commons-collections/commons-collections/3.2.2/commons-collections-3.2.2.jar:/home/runner/.m2/repository/info/picocli/picocli/4.7.7/picocli-4.7.7.jar:/home/runner/.m2/repository/jakarta/annotation/jakarta.annotation-api/2.1.1/jakarta.annotation-api-2.1.1.jar:/home/runner/.m2/repository/jakarta/xml/bind/jakarta.xml.bind-api/2.3.3/jakarta.xml.bind-api-2.3.3.jar:/home/runner/.m2/repository/jakarta/activation/jakarta.activation-api/1.2.2/jakarta.activation-api-1.2.2.jar:/home/runner/.m2/repository/javax/servlet/javax.servlet-api/3.1.0/javax.servlet-api-3.1.0.jar:/home/runner/.m2/repository/javax/ws/rs/jsr311-api/1.1.1/jsr311-api-1.1.1.jar:/home/runner/.m2/repository/org/apache/commons/commons-compress/1.27.1/commons-compress-1.27.1.jar:/home/runner/.m2/repository/org/apache/commons/commons-lang3/3.17.0/commons-lang3-3.17.0.jar:/home/runner/.m2/repository/org/apache/commons/commons-text/1.13.1/commons-text-1.13.1.jar:/home/runner/.m2/repository/org/apache/hadoop/hadoop-auth/3.4.1/hadoop-auth-3.4.1.jar:/home/runner/.m2/repository/com/nimbusds/nimbus-jose-jwt/9.40/nimbus-jose-jwt-9.40.jar:/home/runner/.m2/repository/io/dropwizard/metrics/metrics-core/3.2.6/metrics-core-3.2.6.jar:/home/runner/.m2/repository/org/apache/kerby/kerb-core/1.0.1/kerb-core-1.0.1.jar:/home/runner/.m2/repository/org/apache/kerby/kerby-pkix/1.0.1/kerby-pkix-1.0.1.jar:/home/runner/.m2/repository/org/apache/kerby/kerby-asn1/1.0.1/kerby-asn1-1.0.1.jar:/home/runner/.m2/repository/org/apache/kerby/kerb-util/1.0.1/kerb-util-1.0.1.jar:/home/runner/.m2/repository/org/apache/kerby/kerby-config/1.0.1/kerby-config-1.0.1.jar:/home/runner/.m2/repository/org/apache/kerby/kerb-crypto/1.0.1/kerb-crypto-1.0.1.jar:/home/runner/.m2/repository/org/apache/hadoop/thirdparty/hadoop-shaded-guava/1.3.0/hadoop-shaded-guava-1.3.0.jar:/home/runner/.m2/repository/org/apache/hadoop/hadoop-common/3.4.1/hadoop-common-3.4.1.jar:/home/runner/.m2/repository/org/apache/hadoop/thirdparty/hadoop-shaded-protobuf_3_25/1.4.0/hadoop-shaded-protobuf_3_25-1.4.0.jar:/home/runner/.m2/repository/org/apache/hadoop/hadoop-annotations/3.4.1/hadoop-annotations-3.4.1.jar:/home/runner/.m2/repository/commons-cli/commons-cli/1.8.0/commons-cli-1.8.0.jar:/home/runner/.m2/repository/commons-net/commons-net/3.11.1/commons-net-3.11.1.jar:/home/runner/.m2/repository/org/eclipse/jetty/jetty-server/9.4.57.v20241219/jetty-server-9.4.57.v20241219.jar:/home/runner/.m2/repository/org/eclipse/jetty/jetty-io/9.4.57.v20241219/jetty-io-9.4.57.v20241219.jar:/home/runner/.m2/repository/org/eclipse/jetty/jetty-util/9.4.57.v20241219/jetty-util-9.4.57.v20241219.jar:/home/runner/.m2/repository/org/eclipse/jetty/jetty-servlet/9.4.57.v20241219/jetty-servlet-9.4.57.v20241219.jar:/home/runner/.m2/repository/org/eclipse/jetty/jetty-security/9.4.57.v20241219/jetty-security-9.4.57.v20241219.jar:/home/runner/.m2/repository/org/eclipse/jetty/jetty-webapp/9.4.57.v20241219/jetty-webapp-9.4.57.v20241219.jar:/home/runner/.m2/repository/org/eclipse/jetty/jetty-xml/9.4.57.v20241219/jetty-xml-9.4.57.v20241219.jar:/home/runner/.m2/repository/javax/servlet/jsp/jsp-api/2.1/jsp-api-2.1.jar:/home/runner/.m2/repository/org/codehaus/jettison/jettison/1.5.4/jettison-1.5.4.jar:/home/runner/.m2/repository/org/apache/commons/commons-configuration2/2.12.0/commons-configuration2-2.12.0.jar:/home/runner/.m2/repository/com/google/re2j/re2j/1.7/re2j-1.7.jar:/home/runner/.m2/repository/com/google/code/gson/gson/2.10.1/gson-2.10.1.jar:/home/runner/.m2/repository/com/jcraft/jsch/0.1.55/jsch-0.1.55.jar:/home/runner/.m2/repository/io/netty/netty-handler/4.1.119.Final/netty-handler-4.1.119.Final.jar:/home/runner/.m2/repository/io/netty/netty-resolver/4.1.119.Final/netty-resolver-4.1.119.Final.jar:/home/runner/.m2/repository/io/netty/netty-transport-native-epoll/4.1.119.Final/netty-transport-native-epoll-4.1.119.Final.jar:/home/runner/.m2/repository/org/bouncycastle/bcprov-jdk18on/1.81/bcprov-jdk18on-1.81.jar:/home/runner/.m2/repository/org/codehaus/woodstox/stax2-api/4.2.1/stax2-api-4.2.1.jar:/home/runner/.m2/repository/com/fasterxml/woodstox/woodstox-core/5.4.0/woodstox-core-5.4.0.jar:/home/runner/.m2/repository/dnsjava/dnsjava/3.6.1/dnsjava-3.6.1.jar:/home/runner/.m2/repository/org/apache/hadoop/hadoop-common/3.4.1/hadoop-common-3.4.1-tests.jar:/home/runner/.m2/repository/org/apache/commons/commons-math3/3.6.1/commons-math3-3.6.1.jar:/home/runner/.m2/repository/com/sun/jersey/jersey-core/1.19.4/jersey-core-1.19.4.jar:/home/runner/.m2/repository/com/sun/jersey/jersey-servlet/1.19.4/jersey-servlet-1.19.4.jar:/home/runner/.m2/repository/com/github/pjfanning/jersey-json/1.22.0/jersey-json-1.22.0.jar:/home/runner/.m2/repository/com/sun/xml/bind/jaxb-impl/2.2.3-1/jaxb-impl-2.2.3-1.jar:/home/runner/.m2/repository/com/sun/jersey/jersey-server/1.19.4/jersey-server-1.19.4.jar:/home/runner/.m2/repository/org/slf4j/slf4j-reload4j/2.0.17/slf4j-reload4j-2.0.17.jar:/home/runner/.m2/repository/org/apache/avro/avro/1.9.2/avro-1.9.2.jar:/home/runner/.m2/repository/org/apache/curator/curator-client/4.2.0/curator-client-4.2.0.jar:/home/runner/.m2/repository/org/apache/curator/curator-recipes/5.2.0/curator-recipes-5.2.0.jar:/home/runner/.m2/repository/org/apache/curator/curator-framework/4.2.0/curator-framework-4.2.0.jar:/home/runner/.m2/repository/com/google/code/findbugs/jsr305/3.0.2/jsr305-3.0.2.jar:/home/runner/.m2/repository/org/apache/zookeeper/zookeeper/3.8.4/zookeeper-3.8.4.jar:/home/runner/.m2/repository/org/apache/zookeeper/zookeeper-jute/3.8.4/zookeeper-jute-3.8.4.jar:/home/runner/.m2/repository/org/apache/yetus/audience-annotations/0.12.0/audience-annotations-0.12.0.jar:/home/runner/.m2/repository/org/xerial/snappy/snappy-java/1.1.10.7/snappy-java-1.1.10.7.jar:/home/runner/.m2/repository/org/apache/hadoop/hadoop-distcp/3.4.1/hadoop-distcp-3.4.1.jar:/home/runner/.m2/repository/org/apache/hadoop/hadoop-distcp/3.4.1/hadoop-distcp-3.4.1-tests.jar:/home/runner/.m2/repository/org/apache/hadoop/hadoop-hdfs/3.4.1/hadoop-hdfs-3.4.1.jar:/home/runner/.m2/repository/org/eclipse/jetty/jetty-util-ajax/9.4.57.v20241219/jetty-util-ajax-9.4.57.v20241219.jar:/home/runner/.m2/repository/commons-daemon/commons-daemon/1.4.0/commons-daemon-1.4.0.jar:/home/runner/.m2/repository/org/apache/hadoop/hadoop-hdfs/3.4.1/hadoop-hdfs-3.4.1-tests.jar:/home/runner/.m2/repository/io/netty/netty-all/4.1.119.Final/netty-all-4.1.119.Final.jar:/home/runner/.m2/repository/io/netty/netty-codec-dns/4.1.119.Final/netty-codec-dns-4.1.119.Final.jar:/home/runner/.m2/repository/io/netty/netty-codec-haproxy/4.1.119.Final/netty-codec-haproxy-4.1.119.Final.jar:/home/runner/.m2/repository/io/netty/netty-codec-http/4.1.119.Final/netty-codec-http-4.1.119.Final.jar:/home/runner/.m2/repository/io/netty/netty-codec-memcache/4.1.119.Final/netty-codec-memcache-4.1.119.Final.jar:/home/runner/.m2/repository/io/netty/netty-codec-mqtt/4.1.119.Final/netty-codec-mqtt-4.1.119.Final.jar:/home/runner/.m2/repository/io/netty/netty-codec-redis/4.1.119.Final/netty-codec-redis-4.1.119.Final.jar:/home/runner/.m2/repository/io/netty/netty-codec-smtp/4.1.119.Final/netty-codec-smtp-4.1.119.Final.jar:/home/runner/.m2/repository/io/netty/netty-codec-socks/4.1.119.Final/netty-codec-socks-4.1.119.Final.jar:/home/runner/.m2/repository/io/netty/netty-codec-stomp/4.1.119.Final/netty-codec-stomp-4.1.119.Final.jar:/home/runner/.m2/repository/io/netty/netty-codec-xml/4.1.119.Final/netty-codec-xml-4.1.119.Final.jar:/home/runner/.m2/repository/io/netty/netty-handler-ssl-ocsp/4.1.119.Final/netty-handler-ssl-ocsp-4.1.119.Final.jar:/home/runner/.m2/repository/io/netty/netty-resolver-dns/4.1.119.Final/netty-resolver-dns-4.1.119.Final.jar:/home/runner/.m2/repository/io/netty/netty-transport-rxtx/4.1.119.Final/netty-transport-rxtx-4.1.119.Final.jar:/home/runner/.m2/repository/io/netty/netty-transport-sctp/4.1.119.Final/netty-transport-sctp-4.1.119.Final.jar:/home/runner/.m2/repository/io/netty/netty-transport-udt/4.1.119.Final/netty-transport-udt-4.1.119.Final.jar:/home/runner/.m2/repository/io/netty/netty-transport-classes-kqueue/4.1.119.Final/netty-transport-classes-kqueue-4.1.119.Final.jar:/home/runner/.m2/repository/io/netty/netty-resolver-dns-classes-macos/4.1.119.Final/netty-resolver-dns-classes-macos-4.1.119.Final.jar:/home/runner/.m2/repository/io/netty/netty-transport-native-epoll/4.1.119.Final/netty-transport-native-epoll-4.1.119.Final-linux-aarch_64.jar:/home/runner/.m2/repository/io/netty/netty-transport-native-epoll/4.1.119.Final/netty-transport-native-epoll-4.1.119.Final-linux-riscv64.jar:/home/runner/.m2/repository/io/netty/netty-transport-native-kqueue/4.1.119.Final/netty-transport-native-kqueue-4.1.119.Final-osx-x86_64.jar:/home/runner/.m2/repository/io/netty/netty-transport-native-kqueue/4.1.119.Final/netty-transport-native-kqueue-4.1.119.Final-osx-aarch_64.jar:/home/runner/.m2/repository/io/netty/netty-resolver-dns-native-macos/4.1.119.Final/netty-resolver-dns-native-macos-4.1.119.Final-osx-x86_64.jar:/home/runner/.m2/repository/io/netty/netty-resolver-dns-native-macos/4.1.119.Final/netty-resolver-dns-native-macos-4.1.119.Final-osx-aarch_64.jar:/home/runner/.m2/repository/org/fusesource/leveldbjni/leveldbjni-all/1.8/leveldbjni-all-1.8.jar:/home/runner/.m2/repository/org/apache/hadoop/hadoop-hdfs-client/3.4.1/hadoop-hdfs-client-3.4.1.jar:/home/runner/.m2/repository/org/apache/hadoop/hadoop-kms/3.4.1/hadoop-kms-3.4.1.jar:/home/runner/.m2/repository/org/apache/hadoop/hadoop-kms/3.4.1/hadoop-kms-3.4.1-tests.jar:/home/runner/.m2/repository/org/apache/hadoop/hadoop-mapreduce-client-core/3.4.1/hadoop-mapreduce-client-core-3.4.1.jar:/home/runner/.m2/repository/org/apache/hadoop/hadoop-yarn-client/3.4.1/hadoop-yarn-client-3.4.1.jar:/home/runner/.m2/repository/org/eclipse/jetty/websocket/websocket-client/9.4.53.v20231009/websocket-client-9.4.53.v20231009.jar:/home/runner/.m2/repository/org/eclipse/jetty/jetty-client/9.4.57.v20241219/jetty-client-9.4.57.v20241219.jar:/home/runner/.m2/repository/org/eclipse/jetty/websocket/websocket-common/9.4.53.v20231009/websocket-common-9.4.53.v20231009.jar:/home/runner/.m2/repository/org/eclipse/jetty/websocket/websocket-api/9.4.53.v20231009/websocket-api-9.4.53.v20231009.jar:/home/runner/.m2/repository/org/apache/hadoop/hadoop-yarn-api/3.4.1/hadoop-yarn-api-3.4.1.jar:/home/runner/.m2/repository/org/apache/hadoop/hadoop-yarn-common/3.4.1/hadoop-yarn-common-3.4.1.jar:/home/runner/.m2/repository/javax/xml/bind/jaxb-api/2.2.11/jaxb-api-2.2.11.jar:/home/runner/.m2/repository/com/sun/jersey/contribs/jersey-guice/1.19.4/jersey-guice-1.19.4.jar:/home/runner/.m2/repository/com/fasterxml/jackson/module/jackson-module-jaxb-annotations/2.16.2/jackson-module-jaxb-annotations-2.16.2.jar:/home/runner/.m2/repository/com/fasterxml/jackson/jaxrs/jackson-jaxrs-json-provider/2.16.2/jackson-jaxrs-json-provider-2.16.2.jar:/home/runner/.m2/repository/com/google/inject/extensions/guice-servlet/6.0.0/guice-servlet-6.0.0.jar:/home/runner/.m2/repository/org/apache/hadoop/hadoop-mapreduce-client-jobclient/3.4.1/hadoop-mapreduce-client-jobclient-3.4.1.jar:/home/runner/.m2/repository/org/apache/hadoop/hadoop-mapreduce-client-common/3.4.1/hadoop-mapreduce-client-common-3.4.1.jar:/home/runner/.m2/repository/org/apache/hadoop/hadoop-minikdc/3.4.1/hadoop-minikdc-3.4.1.jar:/home/runner/.m2/repository/org/apache/kerby/kerb-simplekdc/2.0.3/kerb-simplekdc-2.0.3.jar:/home/runner/.m2/repository/org/apache/kerby/kerb-client/2.0.3/kerb-client-2.0.3.jar:/home/runner/.m2/repository/org/apache/kerby/kerb-common/2.0.3/kerb-common-2.0.3.jar:/home/runner/.m2/repository/org/apache/kerby/token-provider/2.0.3/token-provider-2.0.3.jar:/home/runner/.m2/repository/org/apache/kerby/kerb-admin/2.0.3/kerb-admin-2.0.3.jar:/home/runner/.m2/repository/org/apache/kerby/kerb-server/2.0.3/kerb-server-2.0.3.jar:/home/runner/.m2/repository/org/apache/kerby/kerb-identity/2.0.3/kerb-identity-2.0.3.jar:/home/runner/.m2/repository/org/apache/kerby/kerby-xdr/2.0.3/kerby-xdr-2.0.3.jar:/home/runner/.m2/repository/junit/junit/4.13.2/junit-4.13.2.jar:/home/runner/.m2/repository/org/hamcrest/hamcrest-core/1.3/hamcrest-core-1.3.jar:/home/runner/.m2/repository/org/apache/httpcomponents/httpclient/4.5.14/httpclient-4.5.14.jar:/home/runner/.m2/repository/org/apache/httpcomponents/httpcore/4.4.16/httpcore-4.4.16.jar:/home/runner/.m2/repository/org/apache/kerby/kerby-util/1.0.1/kerby-util-1.0.1.jar:/home/runner/work/ozone/ozone/hadoop-hdds/client/target/hdds-client-2.1.0-SNAPSHOT.jar:/home/runner/.m2/repository/io/opentracing/opentracing-api/0.33.0/opentracing-api-0.33.0.jar:/home/runner/.m2/repository/io/opentracing/opentracing-util/0.33.0/opentracing-util-0.33.0.jar:/home/runner/.m2/repository/io/opentracing/opentracing-noop/0.33.0/opentracing-noop-0.33.0.jar:/home/runner/work/ozone/ozone/hadoop-hdds/erasurecode/target/hdds-erasurecode-2.1.0-SNAPSHOT.jar:/home/runner/work/ozone/ozone/hadoop-hdds/common/target/hdds-common-2.1.0-SNAPSHOT.jar:/home/runner/.m2/repository/com/fasterxml/jackson/datatype/jackson-datatype-jsr310/2.16.2/jackson-datatype-jsr310-2.16.2.jar:/home/runner/.m2/repository/io/jaegertracing/jaeger-core/1.8.1/jaeger-core-1.8.1.jar:/home/runner/.m2/repository/org/apache/ratis/ratis-netty/3.2.0/ratis-netty-3.2.0.jar:/home/runner/.m2/repository/org/yaml/snakeyaml/2.0/snakeyaml-2.0.jar:/home/runner/.m2/repository/io/jaegertracing/jaeger-client/1.8.1/jaeger-client-1.8.1.jar:/home/runner/.m2/repository/io/jaegertracing/jaeger-thrift/1.8.1/jaeger-thrift-1.8.1.jar:/home/runner/.m2/repository/org/apache/thrift/libthrift/0.15.0/libthrift-0.15.0.jar:/home/runner/.m2/repository/io/jaegertracing/jaeger-tracerresolver/1.8.1/jaeger-tracerresolver-1.8.1.jar:/home/runner/.m2/repository/io/opentracing/contrib/opentracing-tracerresolver/0.1.8/opentracing-tracerresolver-0.1.8.jar:/home/runner/.m2/repository/org/apache/ratis/ratis-metrics-dropwizard3/3.2.0/ratis-metrics-dropwizard3-3.2.0.jar:/home/runner/.m2/repository/org/slf4j/jcl-over-slf4j/2.0.17/jcl-over-slf4j-2.0.17.jar:/home/runner/work/ozone/ozone/hadoop-hdds/common/target/hdds-common-2.1.0-SNAPSHOT-tests.jar:/home/runner/work/ozone/ozone/hadoop-hdds/config/target/hdds-config-2.1.0-SNAPSHOT.jar:/home/runner/work/ozone/ozone/hadoop-hdds/container-service/target/hdds-container-service-2.1.0-SNAPSHOT.jar:/home/runner/.m2/repository/io/netty/netty-buffer/4.1.119.Final/netty-buffer-4.1.119.Final.jar:/home/runner/.m2/repository/io/netty/netty-codec/4.1.119.Final/netty-codec-4.1.119.Final.jar:/home/runner/.m2/repository/io/netty/netty-common/4.1.119.Final/netty-common-4.1.119.Final.jar:/home/runner/.m2/repository/io/netty/netty-transport/4.1.119.Final/netty-transport-4.1.119.Final.jar:/home/runner/.m2/repository/org/apache/logging/log4j/log4j-api/2.25.0/log4j-api-2.25.0.jar:/home/runner/.m2/repository/com/github/luben/zstd-jni/1.5.7-4/zstd-jni-1.5.7-4.jar:/home/runner/.m2/repository/log4j/apache-log4j-extras/1.2.17/apache-log4j-extras-1.2.17.jar:/home/runner/.m2/repository/org/glassfish/jaxb/jaxb-runtime/2.3.9/jaxb-runtime-2.3.9.jar:/home/runner/.m2/repository/org/glassfish/jaxb/txw2/2.3.9/txw2-2.3.9.jar:/home/runner/.m2/repository/com/sun/istack/istack-commons-runtime/3.0.12/istack-commons-runtime-3.0.12.jar:/home/runner/.m2/repository/com/sun/activation/jakarta.activation/1.2.2/jakarta.activation-1.2.2.jar:/home/runner/work/ozone/ozone/hadoop-hdds/container-service/target/hdds-container-service-2.1.0-SNAPSHOT-tests.jar:/home/runner/work/ozone/ozone/hadoop-hdds/interface-admin/target/hdds-interface-admin-2.1.0-SNAPSHOT.jar:/home/runner/work/ozone/ozone/hadoop-hdds/interface-client/target/hdds-interface-client-2.1.0-SNAPSHOT.jar:/home/runner/work/ozone/ozone/hadoop-hdds/interface-server/target/hdds-interface-server-2.1.0-SNAPSHOT.jar:/home/runner/work/ozone/ozone/hadoop-hdds/managed-rocksdb/target/hdds-managed-rocksdb-2.1.0-SNAPSHOT.jar:/home/runner/work/ozone/ozone/hadoop-hdds/rocks-native/target/hdds-rocks-native-2.1.0-SNAPSHOT.jar:/home/runner/work/ozone/ozone/hadoop-hdds/framework/target/hdds-server-framework-2.1.0-SNAPSHOT.jar:/home/runner/.m2/repository/com/github/jnr/jnr-constants/0.10.4/jnr-constants-0.10.4.jar:/home/runner/.m2/repository/com/github/jnr/jnr-posix/3.1.20/jnr-posix-3.1.20.jar:/home/runner/.m2/repository/com/github/jnr/jnr-ffi/2.2.17/jnr-ffi-2.2.17.jar:/home/runner/.m2/repository/com/github/jnr/jffi/1.3.13/jffi-1.3.13.jar:/home/runner/.m2/repository/com/github/jnr/jffi/1.3.13/jffi-1.3.13-native.jar:/home/runner/.m2/repository/org/ow2/asm/asm/9.7.1/asm-9.7.1.jar:/home/runner/.m2/repository/org/ow2/asm/asm-commons/9.7.1/asm-commons-9.7.1.jar:/home/runner/.m2/repository/org/ow2/asm/asm-analysis/9.7.1/asm-analysis-9.7.1.jar:/home/runner/.m2/repository/org/ow2/asm/asm-tree/9.7.1/asm-tree-9.7.1.jar:/home/runner/.m2/repository/org/ow2/asm/asm-util/9.7.1/asm-util-9.7.1.jar:/home/runner/.m2/repository/com/github/jnr/jnr-a64asm/1.0.0/jnr-a64asm-1.0.0.jar:/home/runner/.m2/repository/com/github/jnr/jnr-x86asm/1.0.2/jnr-x86asm-1.0.2.jar:/home/runner/.m2/repository/commons-fileupload/commons-fileupload/1.5/commons-fileupload-1.5.jar:/home/runner/.m2/repository/io/grpc/grpc-api/1.71.0/grpc-api-1.71.0.jar:/home/runner/.m2/repository/io/prometheus/simpleclient/0.16.0/simpleclient-0.16.0.jar:/home/runner/.m2/repository/io/prometheus/simpleclient_common/0.16.0/simpleclient_common-0.16.0.jar:/home/runner/.m2/repository/io/prometheus/simpleclient_dropwizard/0.16.0/simpleclient_dropwizard-0.16.0.jar:/home/runner/.m2/repository/jakarta/ws/rs/jakarta.ws.rs-api/2.1.6/jakarta.ws.rs-api-2.1.6.jar:/home/runner/.m2/repository/org/eclipse/jetty/jetty-http/9.4.57.v20241219/jetty-http-9.4.57.v20241219.jar:/home/runner/.m2/repository/org/glassfish/jersey/containers/jersey-container-servlet-core/2.47/jersey-container-servlet-core-2.47.jar:/home/runner/.m2/repository/org/glassfish/jersey/core/jersey-server/2.47/jersey-server-2.47.jar:/home/runner/.m2/repository/org/glassfish/jersey/core/jersey-client/2.47/jersey-client-2.47.jar:/home/runner/.m2/repository/com/lmax/disruptor/3.4.4/disruptor-3.4.4.jar:/home/runner/.m2/repository/org/apache/logging/log4j/log4j-core/2.25.0/log4j-core-2.25.0.jar:/home/runner/work/ozone/ozone/hadoop-hdds/framework/target/hdds-server-framework-2.1.0-SNAPSHOT-tests.jar:/home/runner/work/ozone/ozone/hadoop-hdds/server-scm/target/hdds-server-scm-2.1.0-SNAPSHOT.jar:/home/runner/work/ozone/ozone/hadoop-hdds/server-scm/target/hdds-server-scm-2.1.0-SNAPSHOT-tests.jar:/home/runner/work/ozone/ozone/hadoop-hdds/test-utils/target/hdds-test-utils-2.1.0-SNAPSHOT-tests.jar:/home/runner/work/ozone/ozone/hadoop-ozone/cli-admin/target/ozone-cli-admin-2.1.0-SNAPSHOT.jar:/home/runner/work/ozone/ozone/hadoop-ozone/cli-shell/target/ozone-cli-shell-2.1.0-SNAPSHOT.jar:/home/runner/.m2/repository/info/picocli/picocli-shell-jline3/4.7.7/picocli-shell-jline3-4.7.7.jar:/home/runner/.m2/repository/org/jline/jline/3.30.4/jline-3.30.4.jar:/home/runner/work/ozone/ozone/hadoop-ozone/client/target/ozone-client-2.1.0-SNAPSHOT.jar:/home/runner/work/ozone/ozone/hadoop-ozone/common/target/ozone-common-2.1.0-SNAPSHOT.jar:/home/runner/.m2/repository/io/grpc/grpc-netty/1.71.0/grpc-netty-1.71.0.jar:/home/runner/.m2/repository/org/codehaus/mojo/animal-sniffer-annotations/1.24/animal-sniffer-annotations-1.24.jar:/home/runner/.m2/repository/io/grpc/grpc-core/1.71.0/grpc-core-1.71.0.jar:/home/runner/.m2/repository/com/google/android/annotations/4.1.1.4/annotations-4.1.1.4.jar:/home/runner/.m2/repository/io/grpc/grpc-context/1.71.0/grpc-context-1.71.0.jar:/home/runner/.m2/repository/io/perfmark/perfmark-api/0.27.0/perfmark-api-0.27.0.jar:/home/runner/.m2/repository/io/grpc/grpc-util/1.71.0/grpc-util-1.71.0.jar:/home/runner/.m2/repository/io/netty/netty-codec-http2/4.1.119.Final/netty-codec-http2-4.1.119.Final.jar:/home/runner/.m2/repository/io/netty/netty-handler-proxy/4.1.119.Final/netty-handler-proxy-4.1.119.Final.jar:/home/runner/.m2/repository/io/netty/netty-tcnative-boringssl-static/2.0.70.Final/netty-tcnative-boringssl-static-2.0.70.Final.jar:/home/runner/.m2/repository/io/netty/netty-tcnative-classes/2.0.70.Final/netty-tcnative-classes-2.0.70.Final.jar:/home/runner/.m2/repository/io/netty/netty-tcnative-boringssl-static/2.0.70.Final/netty-tcnative-boringssl-static-2.0.70.Final-linux-x86_64.jar:/home/runner/.m2/repository/io/netty/netty-tcnative-boringssl-static/2.0.70.Final/netty-tcnative-boringssl-static-2.0.70.Final-linux-aarch_64.jar:/home/runner/.m2/repository/io/netty/netty-tcnative-boringssl-static/2.0.70.Final/netty-tcnative-boringssl-static-2.0.70.Final-osx-x86_64.jar:/home/runner/.m2/repository/io/netty/netty-tcnative-boringssl-static/2.0.70.Final/netty-tcnative-boringssl-static-2.0.70.Final-osx-aarch_64.jar:/home/runner/.m2/repository/io/netty/netty-tcnative-boringssl-static/2.0.70.Final/netty-tcnative-boringssl-static-2.0.70.Final-windows-x86_64.jar:/home/runner/work/ozone/ozone/hadoop-ozone/csi/target/ozone-csi-2.1.0-SNAPSHOT.jar:/home/runner/.m2/repository/io/grpc/grpc-protobuf/1.71.0/grpc-protobuf-1.71.0.jar:/home/runner/.m2/repository/com/google/api/grpc/proto-google-common-protos/2.51.0/proto-google-common-protos-2.51.0.jar:/home/runner/.m2/repository/io/grpc/grpc-protobuf-lite/1.71.0/grpc-protobuf-lite-1.71.0.jar:/home/runner/.m2/repository/io/grpc/grpc-stub/1.71.0/grpc-stub-1.71.0.jar:/home/runner/.m2/repository/io/netty/netty-transport-classes-epoll/4.1.119.Final/netty-transport-classes-epoll-4.1.119.Final.jar:/home/runner/.m2/repository/io/netty/netty-transport-native-unix-common/4.1.119.Final/netty-transport-native-unix-common-4.1.119.Final.jar:/home/runner/.m2/repository/io/netty/netty-transport-native-epoll/4.1.119.Final/netty-transport-native-epoll-4.1.119.Final-linux-x86_64.jar:/home/runner/work/ozone/ozone/hadoop-ozone/ozonefs/target/ozone-filesystem-2.1.0-SNAPSHOT.jar:/home/runner/work/ozone/ozone/hadoop-ozone/ozonefs-common/target/ozone-filesystem-common-2.1.0-SNAPSHOT.jar:/home/runner/work/ozone/ozone/hadoop-ozone/freon/target/ozone-freon-2.1.0-SNAPSHOT.jar:/home/runner/.m2/repository/com/amazonaws/aws-java-sdk-core/1.12.661/aws-java-sdk-core-1.12.661.jar:/home/runner/.m2/repository/com/fasterxml/jackson/dataformat/jackson-dataformat-cbor/2.16.2/jackson-dataformat-cbor-2.16.2.jar:/home/runner/.m2/repository/joda-time/joda-time/2.12.7/joda-time-2.12.7.jar:/home/runner/.m2/repository/com/amazonaws/aws-java-sdk-s3/1.12.661/aws-java-sdk-s3-1.12.661.jar:/home/runner/.m2/repository/com/amazonaws/aws-java-sdk-kms/1.12.661/aws-java-sdk-kms-1.12.661.jar:/home/runner/.m2/repository/com/amazonaws/jmespath-java/1.12.661/jmespath-java-1.12.661.jar:/home/runner/work/ozone/ozone/hadoop-ozone/interface-client/target/ozone-interface-client-2.1.0-SNAPSHOT.jar:/home/runner/work/ozone/ozone/hadoop-ozone/interface-storage/target/ozone-interface-storage-2.1.0-SNAPSHOT.jar:/home/runner/work/ozone/ozone/hadoop-ozone/ozone-manager/target/ozone-manager-2.1.0-SNAPSHOT.jar:/home/runner/.m2/repository/com/sun/jersey/jersey-client/1.19.4/jersey-client-1.19.4.jar:/home/runner/.m2/repository/org/apache/ranger/ranger-plugins-common/2.6.0/ranger-plugins-common-2.6.0.jar:/home/runner/.m2/repository/com/fasterxml/jackson/jaxrs/jackson-jaxrs-base/2.16.2/jackson-jaxrs-base-2.16.2.jar:/home/runner/.m2/repository/com/kstruct/gethostname4j/1.0.0/gethostname4j-1.0.0.jar:/home/runner/.m2/repository/commons-lang/commons-lang/2.6/commons-lang-2.6.jar:/home/runner/.m2/repository/net/java/dev/jna/jna/5.2.0/jna-5.2.0.jar:/home/runner/.m2/repository/net/java/dev/jna/jna-platform/5.2.0/jna-platform-5.2.0.jar:/home/runner/.m2/repository/org/apache/ranger/ranger-plugin-classloader/2.6.0/ranger-plugin-classloader-2.6.0.jar:/home/runner/.m2/repository/org/apache/ranger/ranger-plugins-audit/2.6.0/ranger-plugins-audit-2.6.0.jar:/home/runner/.m2/repository/com/amazonaws/aws-java-sdk-logs/1.12.765/aws-java-sdk-logs-1.12.765.jar:/home/runner/.m2/repository/com/carrotsearch/hppc/0.8.0/hppc-0.8.0.jar:/home/runner/.m2/repository/io/airlift/aircompressor/0.27/aircompressor-0.27.jar:/home/runner/.m2/repository/org/apache/httpcomponents/httpasyncclient/4.1.4/httpasyncclient-4.1.4.jar:/home/runner/.m2/repository/org/apache/httpcomponents/httpcore-nio/4.4.16/httpcore-nio-4.4.16.jar:/home/runner/.m2/repository/org/apache/httpcomponents/httpmime/4.5.13/httpmime-4.5.13.jar:/home/runner/.m2/repository/org/apache/orc/orc-core/1.5.8/orc-core-1.5.8.jar:/home/runner/.m2/repository/org/apache/orc/orc-shims/1.5.8/orc-shims-1.5.8.jar:/home/runner/.m2/repository/org/apache/ranger/ranger-plugins-cred/2.6.0/ranger-plugins-cred-2.6.0.jar:/home/runner/.m2/repository/org/aspectj/aspectjrt/1.9.7/aspectjrt-1.9.7.jar:/home/runner/work/ozone/ozone/hadoop-ozone/ozone-manager/target/ozone-manager-2.1.0-SNAPSHOT-tests.jar:/home/runner/work/ozone/ozone/hadoop-ozone/mini-cluster/target/ozone-mini-cluster-2.1.0-SNAPSHOT.jar:/home/runner/work/ozone/ozone/hadoop-ozone/recon/target/ozone-recon-2.1.0-SNAPSHOT.jar:/home/runner/.m2/repository/aopalliance/aopalliance/1.0/aopalliance-1.0.jar:/home/runner/.m2/repository/com/google/inject/guice/6.0.0/guice-6.0.0.jar:/home/runner/.m2/repository/jakarta/inject/jakarta.inject-api/2.0.1/jakarta.inject-api-2.0.1.jar:/home/runner/.m2/repository/com/jolbox/bonecp/0.8.0.RELEASE/bonecp-0.8.0.RELEASE.jar:/home/runner/.m2/repository/jakarta/validation/jakarta.validation-api/2.0.2/jakarta.validation-api-2.0.2.jar:/home/runner/.m2/repository/javax/annotation/javax.annotation-api/1.3.2/javax.annotation-api-1.3.2.jar:/home/runner/.m2/repository/javax/inject/javax.inject/1/javax.inject-1.jar:/home/runner/.m2/repository/org/apache/derby/derby/10.14.2.0/derby-10.14.2.0.jar:/home/runner/.m2/repository/org/glassfish/hk2/guice-bridge/2.6.1/guice-bridge-2.6.1.jar:/home/runner/.m2/repository/org/glassfish/hk2/hk2-api/2.6.1/hk2-api-2.6.1.jar:/home/runner/.m2/repository/org/glassfish/hk2/hk2-utils/2.6.1/hk2-utils-2.6.1.jar:/home/runner/.m2/repository/org/glassfish/hk2/external/aopalliance-repackaged/2.6.1/aopalliance-repackaged-2.6.1.jar:/home/runner/.m2/repository/org/glassfish/jersey/core/jersey-common/2.47/jersey-common-2.47.jar:/home/runner/.m2/repository/org/glassfish/hk2/osgi-resource-locator/1.0.3/osgi-resource-locator-1.0.3.jar:/home/runner/.m2/repository/org/jooq/jooq/3.11.10/jooq-3.11.10.jar:/home/runner/.m2/repository/org/springframework/spring-core/5.3.39/spring-core-5.3.39.jar:/home/runner/.m2/repository/org/springframework/spring-jdbc/5.3.39/spring-jdbc-5.3.39.jar:/home/runner/.m2/repository/org/springframework/spring-beans/5.3.39/spring-beans-5.3.39.jar:/home/runner/.m2/repository/org/springframework/spring-tx/5.3.39/spring-tx-5.3.39.jar:/home/runner/.m2/repository/org/xerial/sqlite-jdbc/3.50.2.0/sqlite-jdbc-3.50.2.0.jar:/home/runner/.m2/repository/com/google/inject/extensions/guice-assistedinject/6.0.0/guice-assistedinject-6.0.0.jar:/home/runner/.m2/repository/org/glassfish/hk2/external/jakarta.inject/2.6.1/jakarta.inject-2.6.1.jar:/home/runner/.m2/repository/org/glassfish/jersey/inject/jersey-hk2/2.47/jersey-hk2-2.47.jar:/home/runner/.m2/repository/org/glassfish/hk2/hk2-locator/2.6.1/hk2-locator-2.6.1.jar:/home/runner/.m2/repository/org/glassfish/jersey/media/jersey-media-jaxb/2.47/jersey-media-jaxb-2.47.jar:/home/runner/.m2/repository/org/glassfish/jersey/media/jersey-media-json-jackson/2.47/jersey-media-json-jackson-2.47.jar:/home/runner/.m2/repository/org/glassfish/jersey/ext/jersey-entity-filtering/2.47/jersey-entity-filtering-2.47.jar:/home/runner/work/ozone/ozone/hadoop-ozone/recon-codegen/target/ozone-reconcodegen-2.1.0-SNAPSHOT.jar:/home/runner/.m2/repository/org/jooq/jooq-codegen/3.11.10/jooq-codegen-3.11.10.jar:/home/runner/.m2/repository/org/jooq/jooq-meta/3.11.10/jooq-meta-3.11.10.jar:/home/runner/work/ozone/ozone/hadoop-ozone/s3gateway/target/ozone-s3gateway-2.1.0-SNAPSHOT.jar:/home/runner/work/ozone/ozone/hadoop-ozone/tools/target/ozone-tools-2.1.0-SNAPSHOT.jar:/home/runner/.m2/repository/com/github/vlsi/mxgraph/jgraphx/3.9.12/jgraphx-3.9.12.jar:/home/runner/.m2/repository/org/apache/ratis/ratis-shell/3.2.0/ratis-shell-3.2.0.jar:/home/runner/.m2/repository/org/apache/ratis/ratis-tools/3.2.0/ratis-tools-3.2.0.jar:/home/runner/.m2/repository/org/jgrapht/jgrapht-core/1.4.0/jgrapht-core-1.4.0.jar:/home/runner/.m2/repository/org/jheaps/jheaps/0.11/jheaps-0.11.jar:/home/runner/.m2/repository/org/jgrapht/jgrapht-ext/1.4.0/jgrapht-ext-1.4.0.jar:/home/runner/work/ozone/ozone/hadoop-hdds/rocksdb-checkpoint-differ/target/rocksdb-checkpoint-differ-2.1.0-SNAPSHOT.jar:/home/runner/.m2/repository/org/apache/ranger/ranger-intg/2.6.0/ranger-intg-2.6.0.jar:/home/runner/.m2/repository/org/apache/ratis/ratis-client/3.2.0/ratis-client-3.2.0.jar:/home/runner/.m2/repository/org/apache/ratis/ratis-common/3.2.0/ratis-common-3.2.0.jar:/home/runner/.m2/repository/org/apache/ratis/ratis-grpc/3.2.0/ratis-grpc-3.2.0.jar:/home/runner/.m2/repository/org/apache/ratis/ratis-metrics-api/3.2.0/ratis-metrics-api-3.2.0.jar:/home/runner/.m2/repository/org/apache/ratis/ratis-proto/3.2.0/ratis-proto-3.2.0.jar:/home/runner/.m2/repository/org/apache/ratis/ratis-server/3.2.0/ratis-server-3.2.0.jar:/home/runner/.m2/repository/org/apache/ratis/ratis-server-api/3.2.0/ratis-server-api-3.2.0.jar:/home/runner/.m2/repository/org/apache/ratis/ratis-thirdparty-misc/1.0.9/ratis-thirdparty-misc-1.0.9.jar:/home/runner/.m2/repository/org/bouncycastle/bcpkix-jdk18on/1.81/bcpkix-jdk18on-1.81.jar:/home/runner/.m2/repository/org/bouncycastle/bcutil-jdk18on/1.81/bcutil-jdk18on-1.81.jar:/home/runner/.m2/repository/org/hamcrest/hamcrest/2.2/hamcrest-2.2.jar:/home/runner/.m2/repository/org/reflections/reflections/0.10.2/reflections-0.10.2.jar:/home/runner/.m2/repository/org/javassist/javassist/3.30.2-GA/javassist-3.30.2-GA.jar:/home/runner/.m2/repository/org/rocksdb/rocksdbjni/7.7.3/rocksdbjni-7.7.3.jar:/home/runner/.m2/repository/org/slf4j/jul-to-slf4j/2.0.17/jul-to-slf4j-2.0.17.jar:/home/runner/.m2/repository/org/slf4j/slf4j-api/2.0.17/slf4j-api-2.0.17.jar:/home/runner/.m2/repository/org/assertj/assertj-core/3.27.3/assertj-core-3.27.3.jar:/home/runner/.m2/repository/net/bytebuddy/byte-buddy/1.15.11/byte-buddy-1.15.11.jar:/home/runner/.m2/repository/org/junit/jupiter/junit-jupiter-api/5.13.3/junit-jupiter-api-5.13.3.jar:/home/runner/.m2/repository/org/opentest4j/opentest4j/1.3.0/opentest4j-1.3.0.jar:/home/runner/.m2/repository/org/junit/platform/junit-platform-commons/1.13.3/junit-platform-commons-1.13.3.jar:/home/runner/.m2/repository/org/apiguardian/apiguardian-api/1.1.2/apiguardian-api-1.1.2.jar:/home/runner/.m2/repository/org/junit/jupiter/junit-jupiter-params/5.13.3/junit-jupiter-params-5.13.3.jar:/home/runner/.m2/repository/org/mockito/mockito-core/4.11.0/mockito-core-4.11.0.jar:/home/runner/.m2/repository/net/bytebuddy/byte-buddy-agent/1.12.19/byte-buddy-agent-1.12.19.jar:/home/runner/.m2/repository/org/objenesis/objenesis/3.3/objenesis-3.3.jar:/home/runner/.m2/repository/org/mockito/mockito-inline/4.11.0/mockito-inline-4.11.0.jar:/home/runner/.m2/repository/org/mockito/mockito-junit-jupiter/4.11.0/mockito-junit-jupiter-4.11.0.jar:/home/runner/work/ozone/ozone/hadoop-ozone/integration-test/target/gradle-enterprise/test-listeners.jar:"/>
    <property name="java.vm.vendor" value="Eclipse Adoptium"/>
    <property name="sun.arch.data.model" value="64"/>
    <property name="test.build.dir" value="/home/runner/work/ozone/ozone/hadoop-ozone/integration-test/target/test-dir"/>
    <property name="test.cache.data" value=""/>
    <property name="java.vendor.url" value="https://adoptium.net/"/>
    <property name="user.timezone" value="Etc/UTC"/>
    <property name="maven-surefire-plugin.argLineAccessArgs" value=" --add-opens java.management/com.sun.jmx.mbeanserver=ALL-UNNAMED --add-exports java.management/com.sun.jmx.mbeanserver=ALL-UNNAMED --add-opens java.base/java.nio=ALL-UNNAMED --add-opens java.base/java.lang=ALL-UNNAMED --add-opens java.base/java.lang.reflect=ALL-UNNAMED"/>
    <property name="os.name" value="Linux"/>
    <property name="java.vm.specification.version" value="21"/>
    <property name="test.build.data" value="/home/runner/work/ozone/ozone/hadoop-ozone/integration-test/target/test-dir"/>
    <property name="sun.java.launcher" value="SUN_STANDARD"/>
    <property name="sun.boot.library.path" value="/usr/lib/jvm/temurin-21-jdk-amd64/lib"/>
    <property name="sun.java.command" value="/home/runner/work/ozone/ozone/hadoop-ozone/integration-test/target/surefire/surefirebooter-20250716085724858_1080.jar /home/runner/work/ozone/ozone/hadoop-ozone/integration-test/target/surefire 2025-07-16T08-48-10_211-jvmRun1 surefire-20250716085724858_1078tmp surefire_158-20250716085724858_1079tmp"/>
    <property name="jdk.debug" value="release"/>
    <property name="native.lib.tmp.dir" value="/tmp"/>
    <property name="surefire.test.class.path" value="/home/runner/work/ozone/ozone/hadoop-ozone/integration-test/target/test-classes:/home/runner/work/ozone/ozone/hadoop-ozone/integration-test/target/classes:/home/runner/.m2/repository/ch/qos/reload4j/reload4j/1.2.26/reload4j-1.2.26.jar:/home/runner/.m2/repository/com/fasterxml/jackson/core/jackson-core/2.16.2/jackson-core-2.16.2.jar:/home/runner/.m2/repository/com/fasterxml/jackson/core/jackson-databind/2.16.2/jackson-databind-2.16.2.jar:/home/runner/.m2/repository/com/fasterxml/jackson/core/jackson-annotations/2.16.2/jackson-annotations-2.16.2.jar:/home/runner/.m2/repository/com/github/stephenc/jcip/jcip-annotations/1.0-1/jcip-annotations-1.0-1.jar:/home/runner/.m2/repository/com/google/guava/guava/32.1.3-jre/guava-32.1.3-jre.jar:/home/runner/.m2/repository/com/google/guava/failureaccess/1.0.1/failureaccess-1.0.1.jar:/home/runner/.m2/repository/com/google/guava/listenablefuture/9999.0-empty-to-avoid-conflict-with-guava/listenablefuture-9999.0-empty-to-avoid-conflict-with-guava.jar:/home/runner/.m2/repository/org/checkerframework/checker-qual/3.37.0/checker-qual-3.37.0.jar:/home/runner/.m2/repository/com/google/errorprone/error_prone_annotations/2.29.2/error_prone_annotations-2.29.2.jar:/home/runner/.m2/repository/com/google/j2objc/j2objc-annotations/2.8/j2objc-annotations-2.8.jar:/home/runner/.m2/repository/com/google/protobuf/protobuf-java/2.5.0/protobuf-java-2.5.0.jar:/home/runner/.m2/repository/com/squareup/okhttp3/okhttp/4.12.0/okhttp-4.12.0.jar:/home/runner/.m2/repository/com/squareup/okio/okio/3.6.0/okio-3.6.0.jar:/home/runner/.m2/repository/com/squareup/okio/okio-jvm/3.6.0/okio-jvm-3.6.0.jar:/home/runner/.m2/repository/org/jetbrains/kotlin/kotlin-stdlib-common/1.9.25/kotlin-stdlib-common-1.9.25.jar:/home/runner/.m2/repository/org/jetbrains/kotlin/kotlin-stdlib-jdk8/1.9.25/kotlin-stdlib-jdk8-1.9.25.jar:/home/runner/.m2/repository/org/jetbrains/kotlin/kotlin-stdlib/1.9.25/kotlin-stdlib-1.9.25.jar:/home/runner/.m2/repository/org/jetbrains/annotations/13.0/annotations-13.0.jar:/home/runner/.m2/repository/org/jetbrains/kotlin/kotlin-stdlib-jdk7/1.9.25/kotlin-stdlib-jdk7-1.9.25.jar:/home/runner/.m2/repository/commons-codec/commons-codec/1.18.0/commons-codec-1.18.0.jar:/home/runner/.m2/repository/commons-io/commons-io/2.18.0/commons-io-2.18.0.jar:/home/runner/.m2/repository/commons-validator/commons-validator/1.6/commons-validator-1.6.jar:/home/runner/.m2/repository/commons-beanutils/commons-beanutils/1.11.0/commons-beanutils-1.11.0.jar:/home/runner/.m2/repository/commons-digester/commons-digester/1.8.1/commons-digester-1.8.1.jar:/home/runner/.m2/repository/commons-collections/commons-collections/3.2.2/commons-collections-3.2.2.jar:/home/runner/.m2/repository/info/picocli/picocli/4.7.7/picocli-4.7.7.jar:/home/runner/.m2/repository/jakarta/annotation/jakarta.annotation-api/2.1.1/jakarta.annotation-api-2.1.1.jar:/home/runner/.m2/repository/jakarta/xml/bind/jakarta.xml.bind-api/2.3.3/jakarta.xml.bind-api-2.3.3.jar:/home/runner/.m2/repository/jakarta/activation/jakarta.activation-api/1.2.2/jakarta.activation-api-1.2.2.jar:/home/runner/.m2/repository/javax/servlet/javax.servlet-api/3.1.0/javax.servlet-api-3.1.0.jar:/home/runner/.m2/repository/javax/ws/rs/jsr311-api/1.1.1/jsr311-api-1.1.1.jar:/home/runner/.m2/repository/org/apache/commons/commons-compress/1.27.1/commons-compress-1.27.1.jar:/home/runner/.m2/repository/org/apache/commons/commons-lang3/3.17.0/commons-lang3-3.17.0.jar:/home/runner/.m2/repository/org/apache/commons/commons-text/1.13.1/commons-text-1.13.1.jar:/home/runner/.m2/repository/org/apache/hadoop/hadoop-auth/3.4.1/hadoop-auth-3.4.1.jar:/home/runner/.m2/repository/com/nimbusds/nimbus-jose-jwt/9.40/nimbus-jose-jwt-9.40.jar:/home/runner/.m2/repository/io/dropwizard/metrics/metrics-core/3.2.6/metrics-core-3.2.6.jar:/home/runner/.m2/repository/org/apache/kerby/kerb-core/1.0.1/kerb-core-1.0.1.jar:/home/runner/.m2/repository/org/apache/kerby/kerby-pkix/1.0.1/kerby-pkix-1.0.1.jar:/home/runner/.m2/repository/org/apache/kerby/kerby-asn1/1.0.1/kerby-asn1-1.0.1.jar:/home/runner/.m2/repository/org/apache/kerby/kerb-util/1.0.1/kerb-util-1.0.1.jar:/home/runner/.m2/repository/org/apache/kerby/kerby-config/1.0.1/kerby-config-1.0.1.jar:/home/runner/.m2/repository/org/apache/kerby/kerb-crypto/1.0.1/kerb-crypto-1.0.1.jar:/home/runner/.m2/repository/org/apache/hadoop/thirdparty/hadoop-shaded-guava/1.3.0/hadoop-shaded-guava-1.3.0.jar:/home/runner/.m2/repository/org/apache/hadoop/hadoop-common/3.4.1/hadoop-common-3.4.1.jar:/home/runner/.m2/repository/org/apache/hadoop/thirdparty/hadoop-shaded-protobuf_3_25/1.4.0/hadoop-shaded-protobuf_3_25-1.4.0.jar:/home/runner/.m2/repository/org/apache/hadoop/hadoop-annotations/3.4.1/hadoop-annotations-3.4.1.jar:/home/runner/.m2/repository/commons-cli/commons-cli/1.8.0/commons-cli-1.8.0.jar:/home/runner/.m2/repository/commons-net/commons-net/3.11.1/commons-net-3.11.1.jar:/home/runner/.m2/repository/org/eclipse/jetty/jetty-server/9.4.57.v20241219/jetty-server-9.4.57.v20241219.jar:/home/runner/.m2/repository/org/eclipse/jetty/jetty-io/9.4.57.v20241219/jetty-io-9.4.57.v20241219.jar:/home/runner/.m2/repository/org/eclipse/jetty/jetty-util/9.4.57.v20241219/jetty-util-9.4.57.v20241219.jar:/home/runner/.m2/repository/org/eclipse/jetty/jetty-servlet/9.4.57.v20241219/jetty-servlet-9.4.57.v20241219.jar:/home/runner/.m2/repository/org/eclipse/jetty/jetty-security/9.4.57.v20241219/jetty-security-9.4.57.v20241219.jar:/home/runner/.m2/repository/org/eclipse/jetty/jetty-webapp/9.4.57.v20241219/jetty-webapp-9.4.57.v20241219.jar:/home/runner/.m2/repository/org/eclipse/jetty/jetty-xml/9.4.57.v20241219/jetty-xml-9.4.57.v20241219.jar:/home/runner/.m2/repository/javax/servlet/jsp/jsp-api/2.1/jsp-api-2.1.jar:/home/runner/.m2/repository/org/codehaus/jettison/jettison/1.5.4/jettison-1.5.4.jar:/home/runner/.m2/repository/org/apache/commons/commons-configuration2/2.12.0/commons-configuration2-2.12.0.jar:/home/runner/.m2/repository/com/google/re2j/re2j/1.7/re2j-1.7.jar:/home/runner/.m2/repository/com/google/code/gson/gson/2.10.1/gson-2.10.1.jar:/home/runner/.m2/repository/com/jcraft/jsch/0.1.55/jsch-0.1.55.jar:/home/runner/.m2/repository/io/netty/netty-handler/4.1.119.Final/netty-handler-4.1.119.Final.jar:/home/runner/.m2/repository/io/netty/netty-resolver/4.1.119.Final/netty-resolver-4.1.119.Final.jar:/home/runner/.m2/repository/io/netty/netty-transport-native-epoll/4.1.119.Final/netty-transport-native-epoll-4.1.119.Final.jar:/home/runner/.m2/repository/org/bouncycastle/bcprov-jdk18on/1.81/bcprov-jdk18on-1.81.jar:/home/runner/.m2/repository/org/codehaus/woodstox/stax2-api/4.2.1/stax2-api-4.2.1.jar:/home/runner/.m2/repository/com/fasterxml/woodstox/woodstox-core/5.4.0/woodstox-core-5.4.0.jar:/home/runner/.m2/repository/dnsjava/dnsjava/3.6.1/dnsjava-3.6.1.jar:/home/runner/.m2/repository/org/apache/hadoop/hadoop-common/3.4.1/hadoop-common-3.4.1-tests.jar:/home/runner/.m2/repository/org/apache/commons/commons-math3/3.6.1/commons-math3-3.6.1.jar:/home/runner/.m2/repository/com/sun/jersey/jersey-core/1.19.4/jersey-core-1.19.4.jar:/home/runner/.m2/repository/com/sun/jersey/jersey-servlet/1.19.4/jersey-servlet-1.19.4.jar:/home/runner/.m2/repository/com/github/pjfanning/jersey-json/1.22.0/jersey-json-1.22.0.jar:/home/runner/.m2/repository/com/sun/xml/bind/jaxb-impl/2.2.3-1/jaxb-impl-2.2.3-1.jar:/home/runner/.m2/repository/com/sun/jersey/jersey-server/1.19.4/jersey-server-1.19.4.jar:/home/runner/.m2/repository/org/slf4j/slf4j-reload4j/2.0.17/slf4j-reload4j-2.0.17.jar:/home/runner/.m2/repository/org/apache/avro/avro/1.9.2/avro-1.9.2.jar:/home/runner/.m2/repository/org/apache/curator/curator-client/4.2.0/curator-client-4.2.0.jar:/home/runner/.m2/repository/org/apache/curator/curator-recipes/5.2.0/curator-recipes-5.2.0.jar:/home/runner/.m2/repository/org/apache/curator/curator-framework/4.2.0/curator-framework-4.2.0.jar:/home/runner/.m2/repository/com/google/code/findbugs/jsr305/3.0.2/jsr305-3.0.2.jar:/home/runner/.m2/repository/org/apache/zookeeper/zookeeper/3.8.4/zookeeper-3.8.4.jar:/home/runner/.m2/repository/org/apache/zookeeper/zookeeper-jute/3.8.4/zookeeper-jute-3.8.4.jar:/home/runner/.m2/repository/org/apache/yetus/audience-annotations/0.12.0/audience-annotations-0.12.0.jar:/home/runner/.m2/repository/org/xerial/snappy/snappy-java/1.1.10.7/snappy-java-1.1.10.7.jar:/home/runner/.m2/repository/org/apache/hadoop/hadoop-distcp/3.4.1/hadoop-distcp-3.4.1.jar:/home/runner/.m2/repository/org/apache/hadoop/hadoop-distcp/3.4.1/hadoop-distcp-3.4.1-tests.jar:/home/runner/.m2/repository/org/apache/hadoop/hadoop-hdfs/3.4.1/hadoop-hdfs-3.4.1.jar:/home/runner/.m2/repository/org/eclipse/jetty/jetty-util-ajax/9.4.57.v20241219/jetty-util-ajax-9.4.57.v20241219.jar:/home/runner/.m2/repository/commons-daemon/commons-daemon/1.4.0/commons-daemon-1.4.0.jar:/home/runner/.m2/repository/org/apache/hadoop/hadoop-hdfs/3.4.1/hadoop-hdfs-3.4.1-tests.jar:/home/runner/.m2/repository/io/netty/netty-all/4.1.119.Final/netty-all-4.1.119.Final.jar:/home/runner/.m2/repository/io/netty/netty-codec-dns/4.1.119.Final/netty-codec-dns-4.1.119.Final.jar:/home/runner/.m2/repository/io/netty/netty-codec-haproxy/4.1.119.Final/netty-codec-haproxy-4.1.119.Final.jar:/home/runner/.m2/repository/io/netty/netty-codec-http/4.1.119.Final/netty-codec-http-4.1.119.Final.jar:/home/runner/.m2/repository/io/netty/netty-codec-memcache/4.1.119.Final/netty-codec-memcache-4.1.119.Final.jar:/home/runner/.m2/repository/io/netty/netty-codec-mqtt/4.1.119.Final/netty-codec-mqtt-4.1.119.Final.jar:/home/runner/.m2/repository/io/netty/netty-codec-redis/4.1.119.Final/netty-codec-redis-4.1.119.Final.jar:/home/runner/.m2/repository/io/netty/netty-codec-smtp/4.1.119.Final/netty-codec-smtp-4.1.119.Final.jar:/home/runner/.m2/repository/io/netty/netty-codec-socks/4.1.119.Final/netty-codec-socks-4.1.119.Final.jar:/home/runner/.m2/repository/io/netty/netty-codec-stomp/4.1.119.Final/netty-codec-stomp-4.1.119.Final.jar:/home/runner/.m2/repository/io/netty/netty-codec-xml/4.1.119.Final/netty-codec-xml-4.1.119.Final.jar:/home/runner/.m2/repository/io/netty/netty-handler-ssl-ocsp/4.1.119.Final/netty-handler-ssl-ocsp-4.1.119.Final.jar:/home/runner/.m2/repository/io/netty/netty-resolver-dns/4.1.119.Final/netty-resolver-dns-4.1.119.Final.jar:/home/runner/.m2/repository/io/netty/netty-transport-rxtx/4.1.119.Final/netty-transport-rxtx-4.1.119.Final.jar:/home/runner/.m2/repository/io/netty/netty-transport-sctp/4.1.119.Final/netty-transport-sctp-4.1.119.Final.jar:/home/runner/.m2/repository/io/netty/netty-transport-udt/4.1.119.Final/netty-transport-udt-4.1.119.Final.jar:/home/runner/.m2/repository/io/netty/netty-transport-classes-kqueue/4.1.119.Final/netty-transport-classes-kqueue-4.1.119.Final.jar:/home/runner/.m2/repository/io/netty/netty-resolver-dns-classes-macos/4.1.119.Final/netty-resolver-dns-classes-macos-4.1.119.Final.jar:/home/runner/.m2/repository/io/netty/netty-transport-native-epoll/4.1.119.Final/netty-transport-native-epoll-4.1.119.Final-linux-aarch_64.jar:/home/runner/.m2/repository/io/netty/netty-transport-native-epoll/4.1.119.Final/netty-transport-native-epoll-4.1.119.Final-linux-riscv64.jar:/home/runner/.m2/repository/io/netty/netty-transport-native-kqueue/4.1.119.Final/netty-transport-native-kqueue-4.1.119.Final-osx-x86_64.jar:/home/runner/.m2/repository/io/netty/netty-transport-native-kqueue/4.1.119.Final/netty-transport-native-kqueue-4.1.119.Final-osx-aarch_64.jar:/home/runner/.m2/repository/io/netty/netty-resolver-dns-native-macos/4.1.119.Final/netty-resolver-dns-native-macos-4.1.119.Final-osx-x86_64.jar:/home/runner/.m2/repository/io/netty/netty-resolver-dns-native-macos/4.1.119.Final/netty-resolver-dns-native-macos-4.1.119.Final-osx-aarch_64.jar:/home/runner/.m2/repository/org/fusesource/leveldbjni/leveldbjni-all/1.8/leveldbjni-all-1.8.jar:/home/runner/.m2/repository/org/apache/hadoop/hadoop-hdfs-client/3.4.1/hadoop-hdfs-client-3.4.1.jar:/home/runner/.m2/repository/org/apache/hadoop/hadoop-kms/3.4.1/hadoop-kms-3.4.1.jar:/home/runner/.m2/repository/org/apache/hadoop/hadoop-kms/3.4.1/hadoop-kms-3.4.1-tests.jar:/home/runner/.m2/repository/org/apache/hadoop/hadoop-mapreduce-client-core/3.4.1/hadoop-mapreduce-client-core-3.4.1.jar:/home/runner/.m2/repository/org/apache/hadoop/hadoop-yarn-client/3.4.1/hadoop-yarn-client-3.4.1.jar:/home/runner/.m2/repository/org/eclipse/jetty/websocket/websocket-client/9.4.53.v20231009/websocket-client-9.4.53.v20231009.jar:/home/runner/.m2/repository/org/eclipse/jetty/jetty-client/9.4.57.v20241219/jetty-client-9.4.57.v20241219.jar:/home/runner/.m2/repository/org/eclipse/jetty/websocket/websocket-common/9.4.53.v20231009/websocket-common-9.4.53.v20231009.jar:/home/runner/.m2/repository/org/eclipse/jetty/websocket/websocket-api/9.4.53.v20231009/websocket-api-9.4.53.v20231009.jar:/home/runner/.m2/repository/org/apache/hadoop/hadoop-yarn-api/3.4.1/hadoop-yarn-api-3.4.1.jar:/home/runner/.m2/repository/org/apache/hadoop/hadoop-yarn-common/3.4.1/hadoop-yarn-common-3.4.1.jar:/home/runner/.m2/repository/javax/xml/bind/jaxb-api/2.2.11/jaxb-api-2.2.11.jar:/home/runner/.m2/repository/com/sun/jersey/contribs/jersey-guice/1.19.4/jersey-guice-1.19.4.jar:/home/runner/.m2/repository/com/fasterxml/jackson/module/jackson-module-jaxb-annotations/2.16.2/jackson-module-jaxb-annotations-2.16.2.jar:/home/runner/.m2/repository/com/fasterxml/jackson/jaxrs/jackson-jaxrs-json-provider/2.16.2/jackson-jaxrs-json-provider-2.16.2.jar:/home/runner/.m2/repository/com/google/inject/extensions/guice-servlet/6.0.0/guice-servlet-6.0.0.jar:/home/runner/.m2/repository/org/apache/hadoop/hadoop-mapreduce-client-jobclient/3.4.1/hadoop-mapreduce-client-jobclient-3.4.1.jar:/home/runner/.m2/repository/org/apache/hadoop/hadoop-mapreduce-client-common/3.4.1/hadoop-mapreduce-client-common-3.4.1.jar:/home/runner/.m2/repository/org/apache/hadoop/hadoop-minikdc/3.4.1/hadoop-minikdc-3.4.1.jar:/home/runner/.m2/repository/org/apache/kerby/kerb-simplekdc/2.0.3/kerb-simplekdc-2.0.3.jar:/home/runner/.m2/repository/org/apache/kerby/kerb-client/2.0.3/kerb-client-2.0.3.jar:/home/runner/.m2/repository/org/apache/kerby/kerb-common/2.0.3/kerb-common-2.0.3.jar:/home/runner/.m2/repository/org/apache/kerby/token-provider/2.0.3/token-provider-2.0.3.jar:/home/runner/.m2/repository/org/apache/kerby/kerb-admin/2.0.3/kerb-admin-2.0.3.jar:/home/runner/.m2/repository/org/apache/kerby/kerb-server/2.0.3/kerb-server-2.0.3.jar:/home/runner/.m2/repository/org/apache/kerby/kerb-identity/2.0.3/kerb-identity-2.0.3.jar:/home/runner/.m2/repository/org/apache/kerby/kerby-xdr/2.0.3/kerby-xdr-2.0.3.jar:/home/runner/.m2/repository/junit/junit/4.13.2/junit-4.13.2.jar:/home/runner/.m2/repository/org/hamcrest/hamcrest-core/1.3/hamcrest-core-1.3.jar:/home/runner/.m2/repository/org/apache/httpcomponents/httpclient/4.5.14/httpclient-4.5.14.jar:/home/runner/.m2/repository/org/apache/httpcomponents/httpcore/4.4.16/httpcore-4.4.16.jar:/home/runner/.m2/repository/org/apache/kerby/kerby-util/1.0.1/kerby-util-1.0.1.jar:/home/runner/work/ozone/ozone/hadoop-hdds/client/target/hdds-client-2.1.0-SNAPSHOT.jar:/home/runner/.m2/repository/io/opentracing/opentracing-api/0.33.0/opentracing-api-0.33.0.jar:/home/runner/.m2/repository/io/opentracing/opentracing-util/0.33.0/opentracing-util-0.33.0.jar:/home/runner/.m2/repository/io/opentracing/opentracing-noop/0.33.0/opentracing-noop-0.33.0.jar:/home/runner/work/ozone/ozone/hadoop-hdds/erasurecode/target/hdds-erasurecode-2.1.0-SNAPSHOT.jar:/home/runner/work/ozone/ozone/hadoop-hdds/common/target/hdds-common-2.1.0-SNAPSHOT.jar:/home/runner/.m2/repository/com/fasterxml/jackson/datatype/jackson-datatype-jsr310/2.16.2/jackson-datatype-jsr310-2.16.2.jar:/home/runner/.m2/repository/io/jaegertracing/jaeger-core/1.8.1/jaeger-core-1.8.1.jar:/home/runner/.m2/repository/org/apache/ratis/ratis-netty/3.2.0/ratis-netty-3.2.0.jar:/home/runner/.m2/repository/org/yaml/snakeyaml/2.0/snakeyaml-2.0.jar:/home/runner/.m2/repository/io/jaegertracing/jaeger-client/1.8.1/jaeger-client-1.8.1.jar:/home/runner/.m2/repository/io/jaegertracing/jaeger-thrift/1.8.1/jaeger-thrift-1.8.1.jar:/home/runner/.m2/repository/org/apache/thrift/libthrift/0.15.0/libthrift-0.15.0.jar:/home/runner/.m2/repository/io/jaegertracing/jaeger-tracerresolver/1.8.1/jaeger-tracerresolver-1.8.1.jar:/home/runner/.m2/repository/io/opentracing/contrib/opentracing-tracerresolver/0.1.8/opentracing-tracerresolver-0.1.8.jar:/home/runner/.m2/repository/org/apache/ratis/ratis-metrics-dropwizard3/3.2.0/ratis-metrics-dropwizard3-3.2.0.jar:/home/runner/.m2/repository/org/slf4j/jcl-over-slf4j/2.0.17/jcl-over-slf4j-2.0.17.jar:/home/runner/work/ozone/ozone/hadoop-hdds/common/target/hdds-common-2.1.0-SNAPSHOT-tests.jar:/home/runner/work/ozone/ozone/hadoop-hdds/config/target/hdds-config-2.1.0-SNAPSHOT.jar:/home/runner/work/ozone/ozone/hadoop-hdds/container-service/target/hdds-container-service-2.1.0-SNAPSHOT.jar:/home/runner/.m2/repository/io/netty/netty-buffer/4.1.119.Final/netty-buffer-4.1.119.Final.jar:/home/runner/.m2/repository/io/netty/netty-codec/4.1.119.Final/netty-codec-4.1.119.Final.jar:/home/runner/.m2/repository/io/netty/netty-common/4.1.119.Final/netty-common-4.1.119.Final.jar:/home/runner/.m2/repository/io/netty/netty-transport/4.1.119.Final/netty-transport-4.1.119.Final.jar:/home/runner/.m2/repository/org/apache/logging/log4j/log4j-api/2.25.0/log4j-api-2.25.0.jar:/home/runner/.m2/repository/com/github/luben/zstd-jni/1.5.7-4/zstd-jni-1.5.7-4.jar:/home/runner/.m2/repository/log4j/apache-log4j-extras/1.2.17/apache-log4j-extras-1.2.17.jar:/home/runner/.m2/repository/org/glassfish/jaxb/jaxb-runtime/2.3.9/jaxb-runtime-2.3.9.jar:/home/runner/.m2/repository/org/glassfish/jaxb/txw2/2.3.9/txw2-2.3.9.jar:/home/runner/.m2/repository/com/sun/istack/istack-commons-runtime/3.0.12/istack-commons-runtime-3.0.12.jar:/home/runner/.m2/repository/com/sun/activation/jakarta.activation/1.2.2/jakarta.activation-1.2.2.jar:/home/runner/work/ozone/ozone/hadoop-hdds/container-service/target/hdds-container-service-2.1.0-SNAPSHOT-tests.jar:/home/runner/work/ozone/ozone/hadoop-hdds/interface-admin/target/hdds-interface-admin-2.1.0-SNAPSHOT.jar:/home/runner/work/ozone/ozone/hadoop-hdds/interface-client/target/hdds-interface-client-2.1.0-SNAPSHOT.jar:/home/runner/work/ozone/ozone/hadoop-hdds/interface-server/target/hdds-interface-server-2.1.0-SNAPSHOT.jar:/home/runner/work/ozone/ozone/hadoop-hdds/managed-rocksdb/target/hdds-managed-rocksdb-2.1.0-SNAPSHOT.jar:/home/runner/work/ozone/ozone/hadoop-hdds/rocks-native/target/hdds-rocks-native-2.1.0-SNAPSHOT.jar:/home/runner/work/ozone/ozone/hadoop-hdds/framework/target/hdds-server-framework-2.1.0-SNAPSHOT.jar:/home/runner/.m2/repository/com/github/jnr/jnr-constants/0.10.4/jnr-constants-0.10.4.jar:/home/runner/.m2/repository/com/github/jnr/jnr-posix/3.1.20/jnr-posix-3.1.20.jar:/home/runner/.m2/repository/com/github/jnr/jnr-ffi/2.2.17/jnr-ffi-2.2.17.jar:/home/runner/.m2/repository/com/github/jnr/jffi/1.3.13/jffi-1.3.13.jar:/home/runner/.m2/repository/com/github/jnr/jffi/1.3.13/jffi-1.3.13-native.jar:/home/runner/.m2/repository/org/ow2/asm/asm/9.7.1/asm-9.7.1.jar:/home/runner/.m2/repository/org/ow2/asm/asm-commons/9.7.1/asm-commons-9.7.1.jar:/home/runner/.m2/repository/org/ow2/asm/asm-analysis/9.7.1/asm-analysis-9.7.1.jar:/home/runner/.m2/repository/org/ow2/asm/asm-tree/9.7.1/asm-tree-9.7.1.jar:/home/runner/.m2/repository/org/ow2/asm/asm-util/9.7.1/asm-util-9.7.1.jar:/home/runner/.m2/repository/com/github/jnr/jnr-a64asm/1.0.0/jnr-a64asm-1.0.0.jar:/home/runner/.m2/repository/com/github/jnr/jnr-x86asm/1.0.2/jnr-x86asm-1.0.2.jar:/home/runner/.m2/repository/commons-fileupload/commons-fileupload/1.5/commons-fileupload-1.5.jar:/home/runner/.m2/repository/io/grpc/grpc-api/1.71.0/grpc-api-1.71.0.jar:/home/runner/.m2/repository/io/prometheus/simpleclient/0.16.0/simpleclient-0.16.0.jar:/home/runner/.m2/repository/io/prometheus/simpleclient_common/0.16.0/simpleclient_common-0.16.0.jar:/home/runner/.m2/repository/io/prometheus/simpleclient_dropwizard/0.16.0/simpleclient_dropwizard-0.16.0.jar:/home/runner/.m2/repository/jakarta/ws/rs/jakarta.ws.rs-api/2.1.6/jakarta.ws.rs-api-2.1.6.jar:/home/runner/.m2/repository/org/eclipse/jetty/jetty-http/9.4.57.v20241219/jetty-http-9.4.57.v20241219.jar:/home/runner/.m2/repository/org/glassfish/jersey/containers/jersey-container-servlet-core/2.47/jersey-container-servlet-core-2.47.jar:/home/runner/.m2/repository/org/glassfish/jersey/core/jersey-server/2.47/jersey-server-2.47.jar:/home/runner/.m2/repository/org/glassfish/jersey/core/jersey-client/2.47/jersey-client-2.47.jar:/home/runner/.m2/repository/com/lmax/disruptor/3.4.4/disruptor-3.4.4.jar:/home/runner/.m2/repository/org/apache/logging/log4j/log4j-core/2.25.0/log4j-core-2.25.0.jar:/home/runner/work/ozone/ozone/hadoop-hdds/framework/target/hdds-server-framework-2.1.0-SNAPSHOT-tests.jar:/home/runner/work/ozone/ozone/hadoop-hdds/server-scm/target/hdds-server-scm-2.1.0-SNAPSHOT.jar:/home/runner/work/ozone/ozone/hadoop-hdds/server-scm/target/hdds-server-scm-2.1.0-SNAPSHOT-tests.jar:/home/runner/work/ozone/ozone/hadoop-hdds/test-utils/target/hdds-test-utils-2.1.0-SNAPSHOT-tests.jar:/home/runner/work/ozone/ozone/hadoop-ozone/cli-admin/target/ozone-cli-admin-2.1.0-SNAPSHOT.jar:/home/runner/work/ozone/ozone/hadoop-ozone/cli-shell/target/ozone-cli-shell-2.1.0-SNAPSHOT.jar:/home/runner/.m2/repository/info/picocli/picocli-shell-jline3/4.7.7/picocli-shell-jline3-4.7.7.jar:/home/runner/.m2/repository/org/jline/jline/3.30.4/jline-3.30.4.jar:/home/runner/work/ozone/ozone/hadoop-ozone/client/target/ozone-client-2.1.0-SNAPSHOT.jar:/home/runner/work/ozone/ozone/hadoop-ozone/common/target/ozone-common-2.1.0-SNAPSHOT.jar:/home/runner/.m2/repository/io/grpc/grpc-netty/1.71.0/grpc-netty-1.71.0.jar:/home/runner/.m2/repository/org/codehaus/mojo/animal-sniffer-annotations/1.24/animal-sniffer-annotations-1.24.jar:/home/runner/.m2/repository/io/grpc/grpc-core/1.71.0/grpc-core-1.71.0.jar:/home/runner/.m2/repository/com/google/android/annotations/4.1.1.4/annotations-4.1.1.4.jar:/home/runner/.m2/repository/io/grpc/grpc-context/1.71.0/grpc-context-1.71.0.jar:/home/runner/.m2/repository/io/perfmark/perfmark-api/0.27.0/perfmark-api-0.27.0.jar:/home/runner/.m2/repository/io/grpc/grpc-util/1.71.0/grpc-util-1.71.0.jar:/home/runner/.m2/repository/io/netty/netty-codec-http2/4.1.119.Final/netty-codec-http2-4.1.119.Final.jar:/home/runner/.m2/repository/io/netty/netty-handler-proxy/4.1.119.Final/netty-handler-proxy-4.1.119.Final.jar:/home/runner/.m2/repository/io/netty/netty-tcnative-boringssl-static/2.0.70.Final/netty-tcnative-boringssl-static-2.0.70.Final.jar:/home/runner/.m2/repository/io/netty/netty-tcnative-classes/2.0.70.Final/netty-tcnative-classes-2.0.70.Final.jar:/home/runner/.m2/repository/io/netty/netty-tcnative-boringssl-static/2.0.70.Final/netty-tcnative-boringssl-static-2.0.70.Final-linux-x86_64.jar:/home/runner/.m2/repository/io/netty/netty-tcnative-boringssl-static/2.0.70.Final/netty-tcnative-boringssl-static-2.0.70.Final-linux-aarch_64.jar:/home/runner/.m2/repository/io/netty/netty-tcnative-boringssl-static/2.0.70.Final/netty-tcnative-boringssl-static-2.0.70.Final-osx-x86_64.jar:/home/runner/.m2/repository/io/netty/netty-tcnative-boringssl-static/2.0.70.Final/netty-tcnative-boringssl-static-2.0.70.Final-osx-aarch_64.jar:/home/runner/.m2/repository/io/netty/netty-tcnative-boringssl-static/2.0.70.Final/netty-tcnative-boringssl-static-2.0.70.Final-windows-x86_64.jar:/home/runner/work/ozone/ozone/hadoop-ozone/csi/target/ozone-csi-2.1.0-SNAPSHOT.jar:/home/runner/.m2/repository/io/grpc/grpc-protobuf/1.71.0/grpc-protobuf-1.71.0.jar:/home/runner/.m2/repository/com/google/api/grpc/proto-google-common-protos/2.51.0/proto-google-common-protos-2.51.0.jar:/home/runner/.m2/repository/io/grpc/grpc-protobuf-lite/1.71.0/grpc-protobuf-lite-1.71.0.jar:/home/runner/.m2/repository/io/grpc/grpc-stub/1.71.0/grpc-stub-1.71.0.jar:/home/runner/.m2/repository/io/netty/netty-transport-classes-epoll/4.1.119.Final/netty-transport-classes-epoll-4.1.119.Final.jar:/home/runner/.m2/repository/io/netty/netty-transport-native-unix-common/4.1.119.Final/netty-transport-native-unix-common-4.1.119.Final.jar:/home/runner/.m2/repository/io/netty/netty-transport-native-epoll/4.1.119.Final/netty-transport-native-epoll-4.1.119.Final-linux-x86_64.jar:/home/runner/work/ozone/ozone/hadoop-ozone/ozonefs/target/ozone-filesystem-2.1.0-SNAPSHOT.jar:/home/runner/work/ozone/ozone/hadoop-ozone/ozonefs-common/target/ozone-filesystem-common-2.1.0-SNAPSHOT.jar:/home/runner/work/ozone/ozone/hadoop-ozone/freon/target/ozone-freon-2.1.0-SNAPSHOT.jar:/home/runner/.m2/repository/com/amazonaws/aws-java-sdk-core/1.12.661/aws-java-sdk-core-1.12.661.jar:/home/runner/.m2/repository/com/fasterxml/jackson/dataformat/jackson-dataformat-cbor/2.16.2/jackson-dataformat-cbor-2.16.2.jar:/home/runner/.m2/repository/joda-time/joda-time/2.12.7/joda-time-2.12.7.jar:/home/runner/.m2/repository/com/amazonaws/aws-java-sdk-s3/1.12.661/aws-java-sdk-s3-1.12.661.jar:/home/runner/.m2/repository/com/amazonaws/aws-java-sdk-kms/1.12.661/aws-java-sdk-kms-1.12.661.jar:/home/runner/.m2/repository/com/amazonaws/jmespath-java/1.12.661/jmespath-java-1.12.661.jar:/home/runner/work/ozone/ozone/hadoop-ozone/interface-client/target/ozone-interface-client-2.1.0-SNAPSHOT.jar:/home/runner/work/ozone/ozone/hadoop-ozone/interface-storage/target/ozone-interface-storage-2.1.0-SNAPSHOT.jar:/home/runner/work/ozone/ozone/hadoop-ozone/ozone-manager/target/ozone-manager-2.1.0-SNAPSHOT.jar:/home/runner/.m2/repository/com/sun/jersey/jersey-client/1.19.4/jersey-client-1.19.4.jar:/home/runner/.m2/repository/org/apache/ranger/ranger-plugins-common/2.6.0/ranger-plugins-common-2.6.0.jar:/home/runner/.m2/repository/com/fasterxml/jackson/jaxrs/jackson-jaxrs-base/2.16.2/jackson-jaxrs-base-2.16.2.jar:/home/runner/.m2/repository/com/kstruct/gethostname4j/1.0.0/gethostname4j-1.0.0.jar:/home/runner/.m2/repository/commons-lang/commons-lang/2.6/commons-lang-2.6.jar:/home/runner/.m2/repository/net/java/dev/jna/jna/5.2.0/jna-5.2.0.jar:/home/runner/.m2/repository/net/java/dev/jna/jna-platform/5.2.0/jna-platform-5.2.0.jar:/home/runner/.m2/repository/org/apache/ranger/ranger-plugin-classloader/2.6.0/ranger-plugin-classloader-2.6.0.jar:/home/runner/.m2/repository/org/apache/ranger/ranger-plugins-audit/2.6.0/ranger-plugins-audit-2.6.0.jar:/home/runner/.m2/repository/com/amazonaws/aws-java-sdk-logs/1.12.765/aws-java-sdk-logs-1.12.765.jar:/home/runner/.m2/repository/com/carrotsearch/hppc/0.8.0/hppc-0.8.0.jar:/home/runner/.m2/repository/io/airlift/aircompressor/0.27/aircompressor-0.27.jar:/home/runner/.m2/repository/org/apache/httpcomponents/httpasyncclient/4.1.4/httpasyncclient-4.1.4.jar:/home/runner/.m2/repository/org/apache/httpcomponents/httpcore-nio/4.4.16/httpcore-nio-4.4.16.jar:/home/runner/.m2/repository/org/apache/httpcomponents/httpmime/4.5.13/httpmime-4.5.13.jar:/home/runner/.m2/repository/org/apache/orc/orc-core/1.5.8/orc-core-1.5.8.jar:/home/runner/.m2/repository/org/apache/orc/orc-shims/1.5.8/orc-shims-1.5.8.jar:/home/runner/.m2/repository/org/apache/ranger/ranger-plugins-cred/2.6.0/ranger-plugins-cred-2.6.0.jar:/home/runner/.m2/repository/org/aspectj/aspectjrt/1.9.7/aspectjrt-1.9.7.jar:/home/runner/work/ozone/ozone/hadoop-ozone/ozone-manager/target/ozone-manager-2.1.0-SNAPSHOT-tests.jar:/home/runner/work/ozone/ozone/hadoop-ozone/mini-cluster/target/ozone-mini-cluster-2.1.0-SNAPSHOT.jar:/home/runner/work/ozone/ozone/hadoop-ozone/recon/target/ozone-recon-2.1.0-SNAPSHOT.jar:/home/runner/.m2/repository/aopalliance/aopalliance/1.0/aopalliance-1.0.jar:/home/runner/.m2/repository/com/google/inject/guice/6.0.0/guice-6.0.0.jar:/home/runner/.m2/repository/jakarta/inject/jakarta.inject-api/2.0.1/jakarta.inject-api-2.0.1.jar:/home/runner/.m2/repository/com/jolbox/bonecp/0.8.0.RELEASE/bonecp-0.8.0.RELEASE.jar:/home/runner/.m2/repository/jakarta/validation/jakarta.validation-api/2.0.2/jakarta.validation-api-2.0.2.jar:/home/runner/.m2/repository/javax/annotation/javax.annotation-api/1.3.2/javax.annotation-api-1.3.2.jar:/home/runner/.m2/repository/javax/inject/javax.inject/1/javax.inject-1.jar:/home/runner/.m2/repository/org/apache/derby/derby/10.14.2.0/derby-10.14.2.0.jar:/home/runner/.m2/repository/org/glassfish/hk2/guice-bridge/2.6.1/guice-bridge-2.6.1.jar:/home/runner/.m2/repository/org/glassfish/hk2/hk2-api/2.6.1/hk2-api-2.6.1.jar:/home/runner/.m2/repository/org/glassfish/hk2/hk2-utils/2.6.1/hk2-utils-2.6.1.jar:/home/runner/.m2/repository/org/glassfish/hk2/external/aopalliance-repackaged/2.6.1/aopalliance-repackaged-2.6.1.jar:/home/runner/.m2/repository/org/glassfish/jersey/core/jersey-common/2.47/jersey-common-2.47.jar:/home/runner/.m2/repository/org/glassfish/hk2/osgi-resource-locator/1.0.3/osgi-resource-locator-1.0.3.jar:/home/runner/.m2/repository/org/jooq/jooq/3.11.10/jooq-3.11.10.jar:/home/runner/.m2/repository/org/springframework/spring-core/5.3.39/spring-core-5.3.39.jar:/home/runner/.m2/repository/org/springframework/spring-jdbc/5.3.39/spring-jdbc-5.3.39.jar:/home/runner/.m2/repository/org/springframework/spring-beans/5.3.39/spring-beans-5.3.39.jar:/home/runner/.m2/repository/org/springframework/spring-tx/5.3.39/spring-tx-5.3.39.jar:/home/runner/.m2/repository/org/xerial/sqlite-jdbc/3.50.2.0/sqlite-jdbc-3.50.2.0.jar:/home/runner/.m2/repository/com/google/inject/extensions/guice-assistedinject/6.0.0/guice-assistedinject-6.0.0.jar:/home/runner/.m2/repository/org/glassfish/hk2/external/jakarta.inject/2.6.1/jakarta.inject-2.6.1.jar:/home/runner/.m2/repository/org/glassfish/jersey/inject/jersey-hk2/2.47/jersey-hk2-2.47.jar:/home/runner/.m2/repository/org/glassfish/hk2/hk2-locator/2.6.1/hk2-locator-2.6.1.jar:/home/runner/.m2/repository/org/glassfish/jersey/media/jersey-media-jaxb/2.47/jersey-media-jaxb-2.47.jar:/home/runner/.m2/repository/org/glassfish/jersey/media/jersey-media-json-jackson/2.47/jersey-media-json-jackson-2.47.jar:/home/runner/.m2/repository/org/glassfish/jersey/ext/jersey-entity-filtering/2.47/jersey-entity-filtering-2.47.jar:/home/runner/work/ozone/ozone/hadoop-ozone/recon-codegen/target/ozone-reconcodegen-2.1.0-SNAPSHOT.jar:/home/runner/.m2/repository/org/jooq/jooq-codegen/3.11.10/jooq-codegen-3.11.10.jar:/home/runner/.m2/repository/org/jooq/jooq-meta/3.11.10/jooq-meta-3.11.10.jar:/home/runner/work/ozone/ozone/hadoop-ozone/s3gateway/target/ozone-s3gateway-2.1.0-SNAPSHOT.jar:/home/runner/work/ozone/ozone/hadoop-ozone/tools/target/ozone-tools-2.1.0-SNAPSHOT.jar:/home/runner/.m2/repository/com/github/vlsi/mxgraph/jgraphx/3.9.12/jgraphx-3.9.12.jar:/home/runner/.m2/repository/org/apache/ratis/ratis-shell/3.2.0/ratis-shell-3.2.0.jar:/home/runner/.m2/repository/org/apache/ratis/ratis-tools/3.2.0/ratis-tools-3.2.0.jar:/home/runner/.m2/repository/org/jgrapht/jgrapht-core/1.4.0/jgrapht-core-1.4.0.jar:/home/runner/.m2/repository/org/jheaps/jheaps/0.11/jheaps-0.11.jar:/home/runner/.m2/repository/org/jgrapht/jgrapht-ext/1.4.0/jgrapht-ext-1.4.0.jar:/home/runner/work/ozone/ozone/hadoop-hdds/rocksdb-checkpoint-differ/target/rocksdb-checkpoint-differ-2.1.0-SNAPSHOT.jar:/home/runner/.m2/repository/org/apache/ranger/ranger-intg/2.6.0/ranger-intg-2.6.0.jar:/home/runner/.m2/repository/org/apache/ratis/ratis-client/3.2.0/ratis-client-3.2.0.jar:/home/runner/.m2/repository/org/apache/ratis/ratis-common/3.2.0/ratis-common-3.2.0.jar:/home/runner/.m2/repository/org/apache/ratis/ratis-grpc/3.2.0/ratis-grpc-3.2.0.jar:/home/runner/.m2/repository/org/apache/ratis/ratis-metrics-api/3.2.0/ratis-metrics-api-3.2.0.jar:/home/runner/.m2/repository/org/apache/ratis/ratis-proto/3.2.0/ratis-proto-3.2.0.jar:/home/runner/.m2/repository/org/apache/ratis/ratis-server/3.2.0/ratis-server-3.2.0.jar:/home/runner/.m2/repository/org/apache/ratis/ratis-server-api/3.2.0/ratis-server-api-3.2.0.jar:/home/runner/.m2/repository/org/apache/ratis/ratis-thirdparty-misc/1.0.9/ratis-thirdparty-misc-1.0.9.jar:/home/runner/.m2/repository/org/bouncycastle/bcpkix-jdk18on/1.81/bcpkix-jdk18on-1.81.jar:/home/runner/.m2/repository/org/bouncycastle/bcutil-jdk18on/1.81/bcutil-jdk18on-1.81.jar:/home/runner/.m2/repository/org/hamcrest/hamcrest/2.2/hamcrest-2.2.jar:/home/runner/.m2/repository/org/reflections/reflections/0.10.2/reflections-0.10.2.jar:/home/runner/.m2/repository/org/javassist/javassist/3.30.2-GA/javassist-3.30.2-GA.jar:/home/runner/.m2/repository/org/rocksdb/rocksdbjni/7.7.3/rocksdbjni-7.7.3.jar:/home/runner/.m2/repository/org/slf4j/jul-to-slf4j/2.0.17/jul-to-slf4j-2.0.17.jar:/home/runner/.m2/repository/org/slf4j/slf4j-api/2.0.17/slf4j-api-2.0.17.jar:/home/runner/.m2/repository/org/assertj/assertj-core/3.27.3/assertj-core-3.27.3.jar:/home/runner/.m2/repository/net/bytebuddy/byte-buddy/1.15.11/byte-buddy-1.15.11.jar:/home/runner/.m2/repository/org/junit/jupiter/junit-jupiter-api/5.13.3/junit-jupiter-api-5.13.3.jar:/home/runner/.m2/repository/org/opentest4j/opentest4j/1.3.0/opentest4j-1.3.0.jar:/home/runner/.m2/repository/org/junit/platform/junit-platform-commons/1.13.3/junit-platform-commons-1.13.3.jar:/home/runner/.m2/repository/org/apiguardian/apiguardian-api/1.1.2/apiguardian-api-1.1.2.jar:/home/runner/.m2/repository/org/junit/jupiter/junit-jupiter-params/5.13.3/junit-jupiter-params-5.13.3.jar:/home/runner/.m2/repository/org/mockito/mockito-core/4.11.0/mockito-core-4.11.0.jar:/home/runner/.m2/repository/net/bytebuddy/byte-buddy-agent/1.12.19/byte-buddy-agent-1.12.19.jar:/home/runner/.m2/repository/org/objenesis/objenesis/3.3/objenesis-3.3.jar:/home/runner/.m2/repository/org/mockito/mockito-inline/4.11.0/mockito-inline-4.11.0.jar:/home/runner/.m2/repository/org/mockito/mockito-junit-jupiter/4.11.0/mockito-junit-jupiter-4.11.0.jar:/home/runner/work/ozone/ozone/hadoop-ozone/integration-test/target/gradle-enterprise/test-listeners.jar:"/>
    <property name="sun.cpu.endian" value="little"/>
    <property name="user.home" value="/home/runner"/>
    <property name="user.language" value="en"/>
    <property name="java.specification.vendor" value="Oracle Corporation"/>
    <property name="skipRecon" value="true"/>
    <property name="java.version.date" value="2025-04-15"/>
    <property name="java.home" value="/usr/lib/jvm/temurin-21-jdk-amd64"/>
    <property name="java.security.krb5.conf" value="/home/runner/work/ozone/ozone/hadoop-ozone/integration-test/target/test-classes/krb5.conf"/>
    <property name="file.separator" value="/"/>
    <property name="basedir" value="/home/runner/work/ozone/ozone/hadoop-ozone/integration-test"/>
    <property name="java.vm.compressedOopsMode" value="Zero based"/>
    <property name="line.separator" value="&#10;"/>
    <property name="java.vm.specification.vendor" value="Oracle Corporation"/>
    <property name="java.specification.name" value="Java Platform API Specification"/>
    <property name="surefire.real.class.path" value="/home/runner/work/ozone/ozone/hadoop-ozone/integration-test/target/surefire/surefirebooter-20250716085724858_1080.jar"/>
    <property name="hadoop.log.dir" value="/home/runner/work/ozone/ozone/hadoop-ozone/integration-test/target/log"/>
    <property name="sun.management.compiler" value="HotSpot 64-Bit Tiered Compilers"/>
    <property name="skipShade" value="true"/>
    <property name="java.runtime.version" value="21.0.7+6-LTS"/>
    <property name="user.name" value="runner"/>
    <property name="java.net.preferIPv4Stack" value="true"/>
    <property name="stdout.encoding" value="UTF-8"/>
    <property name="path.separator" value=":"/>
    <property name="java.security.egd" value="file:///dev/urandom"/>
    <property name="os.version" value="6.11.0-1018-azure"/>
    <property name="java.runtime.name" value="OpenJDK Runtime Environment"/>
    <property name="com.gradle.maven.scan.extension.test.listener.junitplatform.NestedExecutionSafeDelegatingTestExecutionListener" value="1bb1fde8"/>
    <property name="file.encoding" value="UTF-8"/>
    <property name="java.vm.name" value="OpenJDK 64-Bit Server VM"/>
    <property name="rocks_tools_native" value="true"/>
    <property name="java.vendor.version" value="Temurin-21.0.7+6"/>
    <property name="test.build.webapps" value=""/>
    <property name="develocity.listener.surefire.forkId" value="1"/>
    <property name="localRepository" value="/home/runner/.m2/repository"/>
    <property name="java.vendor.url.bug" value="https://github.com/adoptium/adoptium-support/issues"/>
    <property name="jetty.git.hash" value="df524e6b29271c2e09ba9aea83c18dc9db464a31"/>
    <property name="java.io.tmpdir" value="/tmp"/>
    <property name="require.test.libhadoop" value=""/>
    <property name="java.version" value="21.0.7"/>
    <property name="user.dir" value="/home/runner/work/ozone/ozone/hadoop-ozone/integration-test"/>
    <property name="os.arch" value="amd64"/>
    <property name="java.vm.specification.name" value="Java Virtual Machine Specification"/>
    <property name="test.build.classes" value="/home/runner/work/ozone/ozone/hadoop-ozone/integration-test/target/test-classes"/>
    <property name="org.apache.ratis.thirdparty.io.netty.allocator.useCacheForAllThreads" value="false"/>
    <property name="native.encoding" value="UTF-8"/>
    <property name="hadoop.tmp.dir" value="/home/runner/work/ozone/ozone/hadoop-ozone/integration-test/target/tmp"/>
    <property name="java.library.path" value="/usr/java/packages/lib:/usr/lib64:/lib64:/lib:/usr/lib"/>
    <property name="java.vm.info" value="mixed mode, sharing"/>
    <property name="stderr.encoding" value="UTF-8"/>
    <property name="java.vendor" value="Eclipse Adoptium"/>
    <property name="java.vm.version" value="21.0.7+6-LTS"/>
    <property name="sun.io.unicode.encoding" value="UnicodeLittle"/>
    <property name="develocity.listener.port" value="42449"/>
    <property name="java.class.version" value="65.0"/>
  </properties>
  <testcase name="testCreateEC" classname="org.apache.ozone.test.NonHATests$ContainerOperations" time="0.022">
    <system-out><![CDATA[2025-07-16 09:24:51,076 [main] INFO  proxy.SCMContainerLocationFailoverProxyProvider (SCMFailoverProxyProviderBase.java:<init>(120)) - Created fail-over proxy for protocol StorageContainerLocationProtocolPB with 1 nodes: [nodeId=scmNodeId,nodeAddress=/0.0.0.0:15000]
2025-07-16 09:24:51,077 [main] INFO  proxy.SecretKeyProtocolFailoverProxyProvider (SCMFailoverProxyProviderBase.java:<init>(120)) - Created fail-over proxy for protocol SecretKeyProtocolScmPB with 1 nodes: [nodeId=scmNodeId,nodeAddress=/0.0.0.0:9961]
2025-07-16 09:24:51,098 [FixedThreadPoolWithAffinityExecutor-9-0] ERROR report.ContainerReportValidator$ECReplicaValidator (ContainerReportValidator.java:validate(71)) - ContainerReplicaReport for ContainerID: 65 in Datanode: 2928a169-8a6b-4c62-be5a-7cced8d62f1e(localhost/127.0.0.1) failed. Replica Index should be between 1 and 5. Given Replica Index: 0
]]></system-out>
  </testcase>
  <testcase name="testCreateRatis" classname="org.apache.ozone.test.NonHATests$ContainerOperations" time="3.237">
    <system-out><![CDATA[2025-07-16 09:24:51,103 [IPC Server handler 28 on default port 15000] INFO  pipeline.RatisPipelineProvider (RatisPipelineProvider.java:lambda$create$0(208)) - Sending CreatePipelineCommand for pipeline:Pipeline-679ae55d-cddb-48bc-a08b-135a7e2b7b48 to datanode:c8078d20-ca33-4dba-98fa-db5cc3bac21d(localhost/127.0.0.1)
2025-07-16 09:24:51,104 [IPC Server handler 28 on default port 15000] INFO  pipeline.RatisPipelineProvider (RatisPipelineProvider.java:lambda$create$0(208)) - Sending CreatePipelineCommand for pipeline:Pipeline-679ae55d-cddb-48bc-a08b-135a7e2b7b48 to datanode:eeb02985-7d85-4636-b5c3-9a2f1f8a3350(localhost/127.0.0.1)
2025-07-16 09:24:51,104 [IPC Server handler 28 on default port 15000] INFO  pipeline.RatisPipelineProvider (RatisPipelineProvider.java:lambda$create$0(208)) - Sending CreatePipelineCommand for pipeline:Pipeline-679ae55d-cddb-48bc-a08b-135a7e2b7b48 to datanode:3df55ae4-ab11-4f29-b552-47db40bdb184(localhost/127.0.0.1)
2025-07-16 09:24:51,462 [2928a169-8a6b-4c62-be5a-7cced8d62f1e-CloseContainerThread-1] INFO  commandhandler.CloseContainerCommandHandler (CloseContainerCommandHandler.java:lambda$handle$0(105)) - Container #30 does not exist in datanode. Its pipeline may have closed before it was created. Container close failed.
2025-07-16 09:24:51,462 [2928a169-8a6b-4c62-be5a-7cced8d62f1e-CloseContainerThread-1] INFO  commandhandler.CloseContainerCommandHandler (CloseContainerCommandHandler.java:lambda$handle$0(105)) - Container #32 does not exist in datanode. Its pipeline may have closed before it was created. Container close failed.
2025-07-16 09:24:51,462 [2928a169-8a6b-4c62-be5a-7cced8d62f1e-CloseContainerThread-1] INFO  commandhandler.CloseContainerCommandHandler (CloseContainerCommandHandler.java:lambda$handle$0(105)) - Container #33 does not exist in datanode. Its pipeline may have closed before it was created. Container close failed.
2025-07-16 09:24:51,462 [2928a169-8a6b-4c62-be5a-7cced8d62f1e-CloseContainerThread-2] INFO  commandhandler.CloseContainerCommandHandler (CloseContainerCommandHandler.java:lambda$handle$0(105)) - Container #31 does not exist in datanode. Its pipeline may have closed before it was created. Container close failed.
2025-07-16 09:24:51,467 [2928a169-8a6b-4c62-be5a-7cced8d62f1e-CloseContainerThread-0] WARN  keyvalue.KeyValueHandler (KeyValueHandler.java:updateAndGetContainerChecksum(1451)) - Container data checksum updated from 0 to b1e608d0
2025-07-16 09:24:51,467 [2928a169-8a6b-4c62-be5a-7cced8d62f1e-CloseContainerThread-0] INFO  keyvalue.KeyValueContainer (KeyValueContainer.java:flushAndSyncDB(514)) - Synced container: KeyValueContainerData #5 (CLOSING, non-empty, ri=1, origin=[dn_2928a169-8a6b-4c62-be5a-7cced8d62f1e, pipeline_])
2025-07-16 09:24:51,468 [2928a169-8a6b-4c62-be5a-7cced8d62f1e-CloseContainerThread-0] INFO  keyvalue.KeyValueContainer (KeyValueContainer.java:flushAndSyncDB(514)) - Synced container: KeyValueContainerData #5 (CLOSING, non-empty, ri=1, origin=[dn_2928a169-8a6b-4c62-be5a-7cced8d62f1e, pipeline_])
2025-07-16 09:24:51,471 [2928a169-8a6b-4c62-be5a-7cced8d62f1e-CloseContainerThread-0] INFO  keyvalue.KeyValueContainer (KeyValueContainer.java:close(430)) - Closed container: KeyValueContainerData #5 (CLOSED, non-empty, ri=1, origin=[dn_2928a169-8a6b-4c62-be5a-7cced8d62f1e, pipeline_])
2025-07-16 09:24:51,472 [FixedThreadPoolWithAffinityExecutor-9-0] INFO  container.IncrementalContainerReportHandler (AbstractContainerReportHandler.java:updateContainerState(289)) - CLOSE Container #5 (CLOSING, sid=0) r1 (CLOSED, bcsid=0, origin=2928a169-8a6b-4c62-be5a-7cced8d62f1e, non-empty) from dn 2928a169-8a6b-4c62-be5a-7cced8d62f1e(localhost/127.0.0.1)
2025-07-16 09:24:51,928 [grpc-default-executor-0] INFO  server.RaftServer (RaftServerProxy.java:remove(116)) - c8078d20-ca33-4dba-98fa-db5cc3bac21d: remove  FOLLOWER (RUNNING): c8078d20-ca33-4dba-98fa-db5cc3bac21d@group-439D675E371F:t1, leader=3df55ae4-ab11-4f29-b552-47db40bdb184, voted=3df55ae4-ab11-4f29-b552-47db40bdb184, raftlog=Memoized:c8078d20-ca33-4dba-98fa-db5cc3bac21d@group-439D675E371F-SegmentedRaftLog:OPENED:c775:last(t:1, i:775), conf=conf: {index: 0, cur=peers:[c8078d20-ca33-4dba-98fa-db5cc3bac21d|127.0.0.1:15023, 3df55ae4-ab11-4f29-b552-47db40bdb184|127.0.0.1:15031, f3e8fa50-d47b-47a2-ace4-21caf690791e|127.0.0.1:15015]|listeners:[], old=null}
2025-07-16 09:24:51,928 [grpc-default-executor-0] INFO  server.RaftServer$Division (RaftServerImpl.java:lambda$close$1(527)) - c8078d20-ca33-4dba-98fa-db5cc3bac21d@group-439D675E371F: shutdown
2025-07-16 09:24:51,929 [grpc-default-executor-0] INFO  util.JmxRegister (JmxRegister.java:unregister(74)) - Successfully un-registered JMX Bean with object name Ratis:service=RaftServer,group=group-439D675E371F,id=c8078d20-ca33-4dba-98fa-db5cc3bac21d
2025-07-16 09:24:51,929 [grpc-default-executor-0] INFO  impl.RoleInfo (RoleInfo.java:shutdownFollowerState(121)) - c8078d20-ca33-4dba-98fa-db5cc3bac21d: shutdown c8078d20-ca33-4dba-98fa-db5cc3bac21d@group-439D675E371F-FollowerState
2025-07-16 09:24:51,929 [grpc-default-executor-0] INFO  impl.StateMachineUpdater (StateMachineUpdater.java:stopAndJoin(163)) - c8078d20-ca33-4dba-98fa-db5cc3bac21d@group-439D675E371F-StateMachineUpdater: set stopIndex = 775
2025-07-16 09:24:51,929 [c8078d20-ca33-4dba-98fa-db5cc3bac21d@group-439D675E371F-FollowerState] INFO  impl.FollowerState (FollowerState.java:runImpl(170)) - c8078d20-ca33-4dba-98fa-db5cc3bac21d@group-439D675E371F-FollowerState was interrupted
2025-07-16 09:24:51,930 [c8078d20-ca33-4dba-98fa-db5cc3bac21d@group-439D675E371F-StateMachineUpdater] INFO  ratis.ContainerStateMachine (ContainerStateMachine.java:takeSnapshot(427)) - group-439D675E371F: Taking a snapshot at:(t:1, i:775) file /home/runner/work/ozone/ozone/hadoop-ozone/integration-test/target/test-dir/MiniOzoneClusterImpl-048dddff-df79-4ead-b1dd-465e393877ff/ozone-meta/datanode-2/ratis/316fd34b-1f01-4e66-9189-439d675e371f/sm/snapshot.1_775
2025-07-16 09:24:51,931 [c8078d20-ca33-4dba-98fa-db5cc3bac21d@group-439D675E371F-StateMachineUpdater] INFO  ratis.ContainerStateMachine (ContainerStateMachine.java:takeSnapshot(436)) - group-439D675E371F: Finished taking a snapshot at:(t:1, i:775) file:/home/runner/work/ozone/ozone/hadoop-ozone/integration-test/target/test-dir/MiniOzoneClusterImpl-048dddff-df79-4ead-b1dd-465e393877ff/ozone-meta/datanode-2/ratis/316fd34b-1f01-4e66-9189-439d675e371f/sm/snapshot.1_775 took: 1 ms
2025-07-16 09:24:51,932 [c8078d20-ca33-4dba-98fa-db5cc3bac21d@group-439D675E371F-StateMachineUpdater] INFO  impl.StateMachineUpdater (StateMachineUpdater.java:takeSnapshot(307)) - c8078d20-ca33-4dba-98fa-db5cc3bac21d@group-439D675E371F-StateMachineUpdater: Took a snapshot at index 775
2025-07-16 09:24:51,932 [c8078d20-ca33-4dba-98fa-db5cc3bac21d@group-439D675E371F-StateMachineUpdater] INFO  impl.StateMachineUpdater (StateMachineUpdater.java:lambda$new$0(101)) - c8078d20-ca33-4dba-98fa-db5cc3bac21d@group-439D675E371F-StateMachineUpdater: snapshotIndex: updateIncreasingly -1 -> 775
2025-07-16 09:24:51,932 [c8078d20-ca33-4dba-98fa-db5cc3bac21d@group-439D675E371F-StateMachineUpdater] INFO  impl.StateMachineUpdater (StateMachineUpdater.java:stop(140)) - c8078d20-ca33-4dba-98fa-db5cc3bac21d@group-439D675E371F-StateMachineUpdater: closing ContainerStateMachine, lastApplied=(t:1, i:775)
2025-07-16 09:24:51,933 [c8078d20-ca33-4dba-98fa-db5cc3bac21d@group-439D675E371F-cacheEviction-AwaitToRun] INFO  util.AwaitToRun (AwaitToRun.java:run(49)) - c8078d20-ca33-4dba-98fa-db5cc3bac21d@group-439D675E371F-cacheEviction-AwaitToRun-AwaitForSignal is interrupted
2025-07-16 09:24:52,918 [f3e8fa50-d47b-47a2-ace4-21caf690791e-CloseContainerThread-2] WARN  keyvalue.KeyValueHandler (KeyValueHandler.java:updateAndGetContainerChecksum(1451)) - Container data checksum updated from 0 to 78e07f37
2025-07-16 09:24:52,922 [f3e8fa50-d47b-47a2-ace4-21caf690791e-CloseContainerThread-0] WARN  keyvalue.KeyValueHandler (KeyValueHandler.java:updateAndGetContainerChecksum(1451)) - Container data checksum updated from 0 to 8c28b28a
2025-07-16 09:24:52,924 [eeb02985-7d85-4636-b5c3-9a2f1f8a3350-CloseContainerThread-2] INFO  commandhandler.CloseContainerCommandHandler (CloseContainerCommandHandler.java:lambda$handle$0(105)) - Container #7 does not exist in datanode. Its pipeline may have closed before it was created. Container close failed.
2025-07-16 09:24:52,924 [f3e8fa50-d47b-47a2-ace4-21caf690791e-CloseContainerThread-1] WARN  keyvalue.KeyValueHandler (KeyValueHandler.java:updateAndGetContainerChecksum(1451)) - Container data checksum updated from 0 to 8b79177b
2025-07-16 09:24:52,924 [eeb02985-7d85-4636-b5c3-9a2f1f8a3350-CloseContainerThread-0] INFO  commandhandler.CloseContainerCommandHandler (CloseContainerCommandHandler.java:lambda$handle$0(105)) - Container #8 does not exist in datanode. Its pipeline may have closed before it was created. Container close failed.
2025-07-16 09:24:52,925 [f3e8fa50-d47b-47a2-ace4-21caf690791e-CloseContainerThread-0] INFO  keyvalue.KeyValueContainer (KeyValueContainer.java:flushAndSyncDB(514)) - Synced container: KeyValueContainerData #5 (CLOSING, non-empty, ri=2, origin=[dn_f3e8fa50-d47b-47a2-ace4-21caf690791e, pipeline_])
2025-07-16 09:24:52,925 [f3e8fa50-d47b-47a2-ace4-21caf690791e-CloseContainerThread-0] INFO  keyvalue.KeyValueContainer (KeyValueContainer.java:flushAndSyncDB(514)) - Synced container: KeyValueContainerData #5 (CLOSING, non-empty, ri=2, origin=[dn_f3e8fa50-d47b-47a2-ace4-21caf690791e, pipeline_])
2025-07-16 09:24:52,926 [f3e8fa50-d47b-47a2-ace4-21caf690791e-CloseContainerThread-1] INFO  commandhandler.CloseContainerCommandHandler (CloseContainerCommandHandler.java:lambda$handle$0(154)) - Follower cannot close container #27.
2025-07-16 09:24:52,926 [f3e8fa50-d47b-47a2-ace4-21caf690791e-CloseContainerThread-1] INFO  commandhandler.CloseContainerCommandHandler (CloseContainerCommandHandler.java:lambda$handle$0(105)) - Container #30 does not exist in datanode. Its pipeline may have closed before it was created. Container close failed.
2025-07-16 09:24:52,927 [f3e8fa50-d47b-47a2-ace4-21caf690791e-CloseContainerThread-1] INFO  commandhandler.CloseContainerCommandHandler (CloseContainerCommandHandler.java:lambda$handle$0(105)) - Container #31 does not exist in datanode. Its pipeline may have closed before it was created. Container close failed.
2025-07-16 09:24:52,927 [f3e8fa50-d47b-47a2-ace4-21caf690791e-CloseContainerThread-1] INFO  commandhandler.CloseContainerCommandHandler (CloseContainerCommandHandler.java:lambda$handle$0(105)) - Container #32 does not exist in datanode. Its pipeline may have closed before it was created. Container close failed.
2025-07-16 09:24:52,927 [f3e8fa50-d47b-47a2-ace4-21caf690791e-CloseContainerThread-1] INFO  commandhandler.CloseContainerCommandHandler (CloseContainerCommandHandler.java:lambda$handle$0(105)) - Container #33 does not exist in datanode. Its pipeline may have closed before it was created. Container close failed.
2025-07-16 09:24:52,927 [f3e8fa50-d47b-47a2-ace4-21caf690791e-ContainerOp-9b652c91-e9fe-432a-b2dd-33c80c3adc46-4] INFO  keyvalue.KeyValueContainer (KeyValueContainer.java:flushAndSyncDB(514)) - Synced container: KeyValueContainerData #14 (CLOSING, non-empty, ri=0, origin=[dn_f3e8fa50-d47b-47a2-ace4-21caf690791e, pipeline_9b652c91-e9fe-432a-b2dd-33c80c3adc46])
2025-07-16 09:24:52,927 [f3e8fa50-d47b-47a2-ace4-21caf690791e-ContainerOp-9b652c91-e9fe-432a-b2dd-33c80c3adc46-4] INFO  keyvalue.KeyValueContainer (KeyValueContainer.java:flushAndSyncDB(514)) - Synced container: KeyValueContainerData #14 (CLOSING, non-empty, ri=0, origin=[dn_f3e8fa50-d47b-47a2-ace4-21caf690791e, pipeline_9b652c91-e9fe-432a-b2dd-33c80c3adc46])
2025-07-16 09:24:52,927 [eeb02985-7d85-4636-b5c3-9a2f1f8a3350-PipelineCommandHandlerThread-0] INFO  server.RaftServer (RaftServerProxy.java:addNew(105)) - eeb02985-7d85-4636-b5c3-9a2f1f8a3350: addNew group-135A7E2B7B48:[c8078d20-ca33-4dba-98fa-db5cc3bac21d|127.0.0.1:15023, eeb02985-7d85-4636-b5c3-9a2f1f8a3350|127.0.0.1:15047, 3df55ae4-ab11-4f29-b552-47db40bdb184|127.0.0.1:15031] returns group-135A7E2B7B48:java.util.concurrent.CompletableFuture@3780bfb5[Not completed]
2025-07-16 09:24:52,932 [eeb02985-7d85-4636-b5c3-9a2f1f8a3350-CloseContainerThread-1] WARN  keyvalue.KeyValueHandler (KeyValueHandler.java:updateAndGetContainerChecksum(1451)) - Container data checksum updated from 0 to a76efc22
2025-07-16 09:24:52,932 [grpc-default-executor-0] INFO  segmented.SegmentedRaftLogWorker (SegmentedRaftLogWorker.java:close(254)) - c8078d20-ca33-4dba-98fa-db5cc3bac21d@group-439D675E371F-SegmentedRaftLogWorker close()
2025-07-16 09:24:52,933 [eeb02985-7d85-4636-b5c3-9a2f1f8a3350-CloseContainerThread-2] WARN  keyvalue.KeyValueHandler (KeyValueHandler.java:updateAndGetContainerChecksum(1451)) - Container data checksum updated from 0 to 2f9d4286
2025-07-16 09:24:52,932 [eeb02985-7d85-4636-b5c3-9a2f1f8a3350-CloseContainerThread-0] WARN  keyvalue.KeyValueHandler (KeyValueHandler.java:updateAndGetContainerChecksum(1451)) - Container data checksum updated from 0 to 2f9d4286
2025-07-16 09:24:52,934 [eeb02985-7d85-4636-b5c3-9a2f1f8a3350-CloseContainerThread-1] INFO  keyvalue.KeyValueContainer (KeyValueContainer.java:flushAndSyncDB(514)) - Synced container: KeyValueContainerData #5 (CLOSING, non-empty, ri=4, origin=[dn_eeb02985-7d85-4636-b5c3-9a2f1f8a3350, pipeline_])
2025-07-16 09:24:52,935 [eeb02985-7d85-4636-b5c3-9a2f1f8a3350-CloseContainerThread-1] INFO  keyvalue.KeyValueContainer (KeyValueContainer.java:flushAndSyncDB(514)) - Synced container: KeyValueContainerData #5 (CLOSING, non-empty, ri=4, origin=[dn_eeb02985-7d85-4636-b5c3-9a2f1f8a3350, pipeline_])
2025-07-16 09:24:52,937 [eeb02985-7d85-4636-b5c3-9a2f1f8a3350-ContainerOp-4b24c6a3-d46f-4f8c-985f-8c3a59d65e58-6] INFO  keyvalue.KeyValueContainer (KeyValueContainer.java:flushAndSyncDB(514)) - Synced container: KeyValueContainerData #13 (CLOSING, non-empty, ri=0, origin=[dn_eeb02985-7d85-4636-b5c3-9a2f1f8a3350, pipeline_4b24c6a3-d46f-4f8c-985f-8c3a59d65e58])
2025-07-16 09:24:52,937 [eeb02985-7d85-4636-b5c3-9a2f1f8a3350-ContainerOp-4b24c6a3-d46f-4f8c-985f-8c3a59d65e58-6] INFO  keyvalue.KeyValueContainer (KeyValueContainer.java:flushAndSyncDB(514)) - Synced container: KeyValueContainerData #13 (CLOSING, non-empty, ri=0, origin=[dn_eeb02985-7d85-4636-b5c3-9a2f1f8a3350, pipeline_4b24c6a3-d46f-4f8c-985f-8c3a59d65e58])
2025-07-16 09:24:52,938 [grpc-default-executor-5] WARN  server.RaftServer (RaftServerProxy.java:remove(111)) - c8078d20-ca33-4dba-98fa-db5cc3bac21d: does not contain group: group-439D675E371F
2025-07-16 09:24:52,938 [grpc-default-executor-5] WARN  server.GrpcAdminProtocolService (GrpcAdminProtocolService.java:lambda$groupManagement$1(53)) - Failed groupManagement: GROUPREMOVE, GroupManagementRequest:client-560C5B4A51D9->c8078d20-ca33-4dba-98fa-db5cc3bac21d@group-439D675E371F, cid=662, seq=null, RW, null, Remove:group-439D675E371F, delete-dir
org.apache.ratis.protocol.exceptions.GroupMismatchException: c8078d20-ca33-4dba-98fa-db5cc3bac21d: Group group-439D675E371F not found.
	at org.apache.ratis.server.impl.RaftServerProxy.groupRemoveAsync(RaftServerProxy.java:548)
	at org.apache.ratis.server.impl.RaftServerProxy.groupManagementAsync(RaftServerProxy.java:499)
	at org.apache.ratis.grpc.server.GrpcAdminProtocolService.lambda$groupManagement$0(GrpcAdminProtocolService.java:51)
	at org.apache.ratis.grpc.GrpcUtil.asyncCall(GrpcUtil.java:172)
	at org.apache.ratis.grpc.server.GrpcAdminProtocolService.groupManagement(GrpcAdminProtocolService.java:51)
	at org.apache.ratis.proto.grpc.AdminProtocolServiceGrpc$MethodHandlers.invoke(AdminProtocolServiceGrpc.java:701)
	at org.apache.ratis.thirdparty.io.grpc.stub.ServerCalls$UnaryServerCallHandler$UnaryServerCallListener.onHalfClose(ServerCalls.java:182)
	at org.apache.ratis.thirdparty.io.grpc.internal.ServerCallImpl$ServerStreamListenerImpl.halfClosed(ServerCallImpl.java:356)
	at org.apache.ratis.thirdparty.io.grpc.internal.ServerImpl$JumpToApplicationThreadServerStreamListener$1HalfClosed.runInContext(ServerImpl.java:861)
	at org.apache.ratis.thirdparty.io.grpc.internal.ContextRunnable.run(ContextRunnable.java:37)
	at org.apache.ratis.thirdparty.io.grpc.internal.SerializingExecutor.run(SerializingExecutor.java:133)
	at java.base/java.util.concurrent.ThreadPoolExecutor.runWorker(ThreadPoolExecutor.java:1144)
	at java.base/java.util.concurrent.ThreadPoolExecutor$Worker.run(ThreadPoolExecutor.java:642)
	at java.base/java.lang.Thread.run(Thread.java:1583)
2025-07-16 09:24:52,940 [eeb02985-7d85-4636-b5c3-9a2f1f8a3350-ContainerOp-4b24c6a3-d46f-4f8c-985f-8c3a59d65e58-7] INFO  keyvalue.KeyValueContainer (KeyValueContainer.java:flushAndSyncDB(514)) - Synced container: KeyValueContainerData #15 (CLOSING, non-empty, ri=0, origin=[dn_eeb02985-7d85-4636-b5c3-9a2f1f8a3350, pipeline_4b24c6a3-d46f-4f8c-985f-8c3a59d65e58])
2025-07-16 09:24:52,940 [eeb02985-7d85-4636-b5c3-9a2f1f8a3350-ContainerOp-4b24c6a3-d46f-4f8c-985f-8c3a59d65e58-7] INFO  keyvalue.KeyValueContainer (KeyValueContainer.java:flushAndSyncDB(514)) - Synced container: KeyValueContainerData #15 (CLOSING, non-empty, ri=0, origin=[dn_eeb02985-7d85-4636-b5c3-9a2f1f8a3350, pipeline_4b24c6a3-d46f-4f8c-985f-8c3a59d65e58])
2025-07-16 09:24:52,940 [f3e8fa50-d47b-47a2-ace4-21caf690791e-CloseContainerThread-0] INFO  keyvalue.KeyValueContainer (KeyValueContainer.java:close(430)) - Closed container: KeyValueContainerData #5 (CLOSED, non-empty, ri=2, origin=[dn_f3e8fa50-d47b-47a2-ace4-21caf690791e, pipeline_])
2025-07-16 09:24:52,940 [eeb02985-7d85-4636-b5c3-9a2f1f8a3350-CloseContainerThread-1] INFO  keyvalue.KeyValueContainer (KeyValueContainer.java:close(430)) - Closed container: KeyValueContainerData #5 (CLOSED, non-empty, ri=4, origin=[dn_eeb02985-7d85-4636-b5c3-9a2f1f8a3350, pipeline_])
2025-07-16 09:24:52,942 [eeb02985-7d85-4636-b5c3-9a2f1f8a3350-CloseContainerThread-1] INFO  commandhandler.CloseContainerCommandHandler (CloseContainerCommandHandler.java:lambda$handle$0(105)) - Container #30 does not exist in datanode. Its pipeline may have closed before it was created. Container close failed.
2025-07-16 09:24:52,942 [eeb02985-7d85-4636-b5c3-9a2f1f8a3350-CloseContainerThread-1] INFO  commandhandler.CloseContainerCommandHandler (CloseContainerCommandHandler.java:lambda$handle$0(105)) - Container #31 does not exist in datanode. Its pipeline may have closed before it was created. Container close failed.
2025-07-16 09:24:52,942 [eeb02985-7d85-4636-b5c3-9a2f1f8a3350-CloseContainerThread-1] INFO  commandhandler.CloseContainerCommandHandler (CloseContainerCommandHandler.java:lambda$handle$0(105)) - Container #32 does not exist in datanode. Its pipeline may have closed before it was created. Container close failed.
2025-07-16 09:24:52,942 [eeb02985-7d85-4636-b5c3-9a2f1f8a3350-CloseContainerThread-1] INFO  commandhandler.CloseContainerCommandHandler (CloseContainerCommandHandler.java:lambda$handle$0(105)) - Container #33 does not exist in datanode. Its pipeline may have closed before it was created. Container close failed.
2025-07-16 09:24:52,944 [c8078d20-ca33-4dba-98fa-db5cc3bac21d-PipelineCommandHandlerThread-0] INFO  server.RaftServer (RaftServerProxy.java:addNew(105)) - c8078d20-ca33-4dba-98fa-db5cc3bac21d: addNew group-135A7E2B7B48:[c8078d20-ca33-4dba-98fa-db5cc3bac21d|127.0.0.1:15023, eeb02985-7d85-4636-b5c3-9a2f1f8a3350|127.0.0.1:15047, 3df55ae4-ab11-4f29-b552-47db40bdb184|127.0.0.1:15031] returns group-135A7E2B7B48:java.util.concurrent.CompletableFuture@45807e35[Not completed]
2025-07-16 09:24:52,945 [eeb02985-7d85-4636-b5c3-9a2f1f8a3350-ContainerOp-4b24c6a3-d46f-4f8c-985f-8c3a59d65e58-7] INFO  keyvalue.KeyValueContainer (KeyValueContainer.java:close(430)) - Closed container: KeyValueContainerData #15 (CLOSED, non-empty, ri=0, origin=[dn_eeb02985-7d85-4636-b5c3-9a2f1f8a3350, pipeline_4b24c6a3-d46f-4f8c-985f-8c3a59d65e58])
2025-07-16 09:24:52,945 [eeb02985-7d85-4636-b5c3-9a2f1f8a3350-ContainerOp-4b24c6a3-d46f-4f8c-985f-8c3a59d65e58-6] INFO  keyvalue.KeyValueContainer (KeyValueContainer.java:close(430)) - Closed container: KeyValueContainerData #13 (CLOSED, non-empty, ri=0, origin=[dn_eeb02985-7d85-4636-b5c3-9a2f1f8a3350, pipeline_4b24c6a3-d46f-4f8c-985f-8c3a59d65e58])
2025-07-16 09:24:52,945 [f3e8fa50-d47b-47a2-ace4-21caf690791e-ContainerOp-9b652c91-e9fe-432a-b2dd-33c80c3adc46-4] INFO  keyvalue.KeyValueContainer (KeyValueContainer.java:close(430)) - Closed container: KeyValueContainerData #14 (CLOSED, non-empty, ri=0, origin=[dn_f3e8fa50-d47b-47a2-ace4-21caf690791e, pipeline_9b652c91-e9fe-432a-b2dd-33c80c3adc46])
2025-07-16 09:24:52,947 [c8078d20-ca33-4dba-98fa-db5cc3bac21d-CloseContainerThread-2] INFO  commandhandler.CloseContainerCommandHandler (CloseContainerCommandHandler.java:lambda$handle$0(105)) - Container #28 does not exist in datanode. Its pipeline may have closed before it was created. Container close failed.
2025-07-16 09:24:52,947 [c8078d20-ca33-4dba-98fa-db5cc3bac21d-CloseContainerThread-2] INFO  commandhandler.CloseContainerCommandHandler (CloseContainerCommandHandler.java:lambda$handle$0(105)) - Container #30 does not exist in datanode. Its pipeline may have closed before it was created. Container close failed.
2025-07-16 09:24:52,947 [c8078d20-ca33-4dba-98fa-db5cc3bac21d-CloseContainerThread-2] INFO  commandhandler.CloseContainerCommandHandler (CloseContainerCommandHandler.java:lambda$handle$0(105)) - Container #31 does not exist in datanode. Its pipeline may have closed before it was created. Container close failed.
2025-07-16 09:24:52,947 [c8078d20-ca33-4dba-98fa-db5cc3bac21d-CloseContainerThread-2] INFO  commandhandler.CloseContainerCommandHandler (CloseContainerCommandHandler.java:lambda$handle$0(105)) - Container #32 does not exist in datanode. Its pipeline may have closed before it was created. Container close failed.
2025-07-16 09:24:52,947 [c8078d20-ca33-4dba-98fa-db5cc3bac21d-CloseContainerThread-2] INFO  commandhandler.CloseContainerCommandHandler (CloseContainerCommandHandler.java:lambda$handle$0(105)) - Container #33 does not exist in datanode. Its pipeline may have closed before it was created. Container close failed.
2025-07-16 09:24:52,948 [FixedThreadPoolWithAffinityExecutor-8-0] INFO  container.IncrementalContainerReportHandler (AbstractContainerReportHandler.java:updateContainerState(289)) - CLOSE Container #15 (CLOSING, sid=5) r0 (CLOSED, bcsid=5, origin=eeb02985-7d85-4636-b5c3-9a2f1f8a3350, non-empty) from dn eeb02985-7d85-4636-b5c3-9a2f1f8a3350(localhost/127.0.0.1)
2025-07-16 09:24:52,951 [FixedThreadPoolWithAffinityExecutor-0-0] INFO  container.IncrementalContainerReportHandler (AbstractContainerReportHandler.java:updateContainerState(289)) - CLOSE Container #14 (CLOSING, sid=2) r0 (CLOSED, bcsid=2, origin=f3e8fa50-d47b-47a2-ace4-21caf690791e, non-empty) from dn f3e8fa50-d47b-47a2-ace4-21caf690791e(localhost/127.0.0.1)
2025-07-16 09:24:52,952 [eeb02985-7d85-4636-b5c3-9a2f1f8a3350-groupManagement] INFO  server.RaftServer$Division (RaftServerImpl.java:<init>(268)) - eeb02985-7d85-4636-b5c3-9a2f1f8a3350: new RaftServerImpl for group-135A7E2B7B48:[c8078d20-ca33-4dba-98fa-db5cc3bac21d|127.0.0.1:15023, eeb02985-7d85-4636-b5c3-9a2f1f8a3350|127.0.0.1:15047, 3df55ae4-ab11-4f29-b552-47db40bdb184|127.0.0.1:15031] with ContainerStateMachine:uninitialized
2025-07-16 09:24:52,953 [eeb02985-7d85-4636-b5c3-9a2f1f8a3350-groupManagement] INFO  server.RaftServer$Division (ServerState.java:<init>(114)) - eeb02985-7d85-4636-b5c3-9a2f1f8a3350@group-135A7E2B7B48: ConfigurationManager, init=conf: {index: -1, cur=peers:[c8078d20-ca33-4dba-98fa-db5cc3bac21d|127.0.0.1:15023, eeb02985-7d85-4636-b5c3-9a2f1f8a3350|127.0.0.1:15047, 3df55ae4-ab11-4f29-b552-47db40bdb184|127.0.0.1:15031]|listeners:[], old=null}, confs=<EMPTY_MAP>
2025-07-16 09:24:52,954 [FixedThreadPoolWithAffinityExecutor-8-0] INFO  container.IncrementalContainerReportHandler (AbstractContainerReportHandler.java:updateContainerState(289)) - CLOSE Container #13 (CLOSING, sid=2) r0 (CLOSED, bcsid=2, origin=eeb02985-7d85-4636-b5c3-9a2f1f8a3350, non-empty) from dn eeb02985-7d85-4636-b5c3-9a2f1f8a3350(localhost/127.0.0.1)
2025-07-16 09:24:52,957 [c8078d20-ca33-4dba-98fa-db5cc3bac21d-groupManagement] INFO  server.RaftServer$Division (RaftServerImpl.java:<init>(268)) - c8078d20-ca33-4dba-98fa-db5cc3bac21d: new RaftServerImpl for group-135A7E2B7B48:[c8078d20-ca33-4dba-98fa-db5cc3bac21d|127.0.0.1:15023, eeb02985-7d85-4636-b5c3-9a2f1f8a3350|127.0.0.1:15047, 3df55ae4-ab11-4f29-b552-47db40bdb184|127.0.0.1:15031] with ContainerStateMachine:uninitialized
2025-07-16 09:24:52,957 [c8078d20-ca33-4dba-98fa-db5cc3bac21d-groupManagement] INFO  server.RaftServer$Division (ServerState.java:<init>(114)) - c8078d20-ca33-4dba-98fa-db5cc3bac21d@group-135A7E2B7B48: ConfigurationManager, init=conf: {index: -1, cur=peers:[c8078d20-ca33-4dba-98fa-db5cc3bac21d|127.0.0.1:15023, eeb02985-7d85-4636-b5c3-9a2f1f8a3350|127.0.0.1:15047, 3df55ae4-ab11-4f29-b552-47db40bdb184|127.0.0.1:15031]|listeners:[], old=null}, confs=<EMPTY_MAP>
2025-07-16 09:24:52,961 [c8078d20-ca33-4dba-98fa-db5cc3bac21d-CloseContainerThread-1] WARN  keyvalue.KeyValueHandler (KeyValueHandler.java:updateAndGetContainerChecksum(1451)) - Container data checksum updated from 0 to 8b79177b
2025-07-16 09:24:52,960 [grpc-default-executor-0] INFO  keyvalue.KeyValueContainer (KeyValueContainer.java:flushAndSyncDB(514)) - Synced container: KeyValueContainerData #27 (CLOSING, non-empty, ri=0, origin=[dn_c8078d20-ca33-4dba-98fa-db5cc3bac21d, pipeline_316fd34b-1f01-4e66-9189-439d675e371f])
2025-07-16 09:24:52,961 [grpc-default-executor-0] INFO  keyvalue.KeyValueContainer (KeyValueContainer.java:flushAndSyncDB(514)) - Synced container: KeyValueContainerData #27 (CLOSING, non-empty, ri=0, origin=[dn_c8078d20-ca33-4dba-98fa-db5cc3bac21d, pipeline_316fd34b-1f01-4e66-9189-439d675e371f])
2025-07-16 09:24:52,964 [c8078d20-ca33-4dba-98fa-db5cc3bac21d-CloseContainerThread-0] WARN  keyvalue.KeyValueHandler (KeyValueHandler.java:updateAndGetContainerChecksum(1451)) - Container data checksum updated from 0 to f8b8326d
2025-07-16 09:24:52,968 [FixedThreadPoolWithAffinityExecutor-9-0] INFO  container.IncrementalContainerReportHandler (AbstractContainerReportHandler.java:updateContainerState(264)) - QUASI_CLOSE Container #27 (CLOSING, sid=772) r0 (QUASI_CLOSED, bcsid=772, origin=c8078d20-ca33-4dba-98fa-db5cc3bac21d, non-empty) from dn c8078d20-ca33-4dba-98fa-db5cc3bac21d(localhost/127.0.0.1)
2025-07-16 09:24:52,970 [grpc-default-executor-0] INFO  server.RaftServer$Division (RaftServerImpl.java:groupRemove(497)) - c8078d20-ca33-4dba-98fa-db5cc3bac21d@group-439D675E371F: Succeed to remove RaftStorageDirectory Storage Directory /home/runner/work/ozone/ozone/hadoop-ozone/integration-test/target/test-dir/MiniOzoneClusterImpl-048dddff-df79-4ead-b1dd-465e393877ff/ozone-meta/datanode-2/ratis/316fd34b-1f01-4e66-9189-439d675e371f
2025-07-16 09:24:52,973 [c8078d20-ca33-4dba-98fa-db5cc3bac21d-CloseContainerThread-0] INFO  keyvalue.KeyValueContainer (KeyValueContainer.java:flushAndSyncDB(514)) - Synced container: KeyValueContainerData #5 (CLOSING, non-empty, ri=5, origin=[dn_c8078d20-ca33-4dba-98fa-db5cc3bac21d, pipeline_])
2025-07-16 09:24:52,973 [c8078d20-ca33-4dba-98fa-db5cc3bac21d-CloseContainerThread-0] INFO  keyvalue.KeyValueContainer (KeyValueContainer.java:flushAndSyncDB(514)) - Synced container: KeyValueContainerData #5 (CLOSING, non-empty, ri=5, origin=[dn_c8078d20-ca33-4dba-98fa-db5cc3bac21d, pipeline_])
2025-07-16 09:24:52,980 [3df55ae4-ab11-4f29-b552-47db40bdb184-CloseContainerThread-1] WARN  keyvalue.KeyValueHandler (KeyValueHandler.java:updateAndGetContainerChecksum(1451)) - Container data checksum updated from 0 to 8b79177b
2025-07-16 09:24:52,981 [3df55ae4-ab11-4f29-b552-47db40bdb184-CloseContainerThread-0] WARN  keyvalue.KeyValueHandler (KeyValueHandler.java:updateAndGetContainerChecksum(1451)) - Container data checksum updated from 0 to 8c28b28a
2025-07-16 09:24:52,982 [3df55ae4-ab11-4f29-b552-47db40bdb184-CloseContainerThread-2] WARN  keyvalue.KeyValueHandler (KeyValueHandler.java:updateAndGetContainerChecksum(1451)) - Container data checksum updated from 0 to 83939fe5
2025-07-16 09:24:52,982 [c8078d20-ca33-4dba-98fa-db5cc3bac21d-CloseContainerThread-0] INFO  keyvalue.KeyValueContainer (KeyValueContainer.java:close(430)) - Closed container: KeyValueContainerData #5 (CLOSED, non-empty, ri=5, origin=[dn_c8078d20-ca33-4dba-98fa-db5cc3bac21d, pipeline_])
2025-07-16 09:24:52,984 [3df55ae4-ab11-4f29-b552-47db40bdb184-CloseContainerThread-0] INFO  keyvalue.KeyValueContainer (KeyValueContainer.java:flushAndSyncDB(514)) - Synced container: KeyValueContainerData #5 (CLOSING, non-empty, ri=3, origin=[dn_3df55ae4-ab11-4f29-b552-47db40bdb184, pipeline_])
2025-07-16 09:24:52,984 [3df55ae4-ab11-4f29-b552-47db40bdb184-CloseContainerThread-0] INFO  keyvalue.KeyValueContainer (KeyValueContainer.java:flushAndSyncDB(514)) - Synced container: KeyValueContainerData #5 (CLOSING, non-empty, ri=3, origin=[dn_3df55ae4-ab11-4f29-b552-47db40bdb184, pipeline_])
2025-07-16 09:24:52,988 [3df55ae4-ab11-4f29-b552-47db40bdb184-ContainerOp-954cdc82-5a85-4c10-bb44-683b2b9fedcf-2] INFO  keyvalue.KeyValueContainer (KeyValueContainer.java:flushAndSyncDB(514)) - Synced container: KeyValueContainerData #9 (CLOSING, non-empty, ri=0, origin=[dn_3df55ae4-ab11-4f29-b552-47db40bdb184, pipeline_954cdc82-5a85-4c10-bb44-683b2b9fedcf])
2025-07-16 09:24:52,991 [3df55ae4-ab11-4f29-b552-47db40bdb184-ContainerOp-954cdc82-5a85-4c10-bb44-683b2b9fedcf-2] INFO  keyvalue.KeyValueContainer (KeyValueContainer.java:flushAndSyncDB(514)) - Synced container: KeyValueContainerData #9 (CLOSING, non-empty, ri=0, origin=[dn_3df55ae4-ab11-4f29-b552-47db40bdb184, pipeline_954cdc82-5a85-4c10-bb44-683b2b9fedcf])
2025-07-16 09:24:52,989 [eeb02985-7d85-4636-b5c3-9a2f1f8a3350-groupManagement] INFO  storage.RaftStorageDirectory (RaftStorageDirectoryImpl.java:analyzeStorage(138)) - The storage directory /home/runner/work/ozone/ozone/hadoop-ozone/integration-test/target/test-dir/MiniOzoneClusterImpl-048dddff-df79-4ead-b1dd-465e393877ff/ozone-meta/datanode-5/ratis/679ae55d-cddb-48bc-a08b-135a7e2b7b48 does not exist. Creating ...
2025-07-16 09:24:52,991 [3df55ae4-ab11-4f29-b552-47db40bdb184-CloseContainerThread-0] INFO  keyvalue.KeyValueContainer (KeyValueContainer.java:close(430)) - Closed container: KeyValueContainerData #5 (CLOSED, non-empty, ri=3, origin=[dn_3df55ae4-ab11-4f29-b552-47db40bdb184, pipeline_])
2025-07-16 09:24:52,993 [c8078d20-ca33-4dba-98fa-db5cc3bac21d-groupManagement] INFO  server.RaftServerConfigKeys (ConfUtils.java:logGet(62)) - raft.server.storage.dir = [/home/runner/work/ozone/ozone/hadoop-ozone/integration-test/target/test-dir/MiniOzoneClusterImpl-048dddff-df79-4ead-b1dd-465e393877ff/ozone-meta/datanode-2/ratis] (custom)
2025-07-16 09:24:52,993 [c8078d20-ca33-4dba-98fa-db5cc3bac21d-groupManagement] INFO  storage.RaftStorageDirectory (RaftStorageDirectoryImpl.java:analyzeStorage(138)) - The storage directory /home/runner/work/ozone/ozone/hadoop-ozone/integration-test/target/test-dir/MiniOzoneClusterImpl-048dddff-df79-4ead-b1dd-465e393877ff/ozone-meta/datanode-2/ratis/679ae55d-cddb-48bc-a08b-135a7e2b7b48 does not exist. Creating ...
2025-07-16 09:24:52,993 [grpc-default-executor-5] WARN  server.GrpcServerProtocolService (LogUtils.java:warn(129)) - c8078d20-ca33-4dba-98fa-db5cc3bac21d: Failed APPEND_ENTRIES request 3df55ae4-ab11-4f29-b552-47db40bdb184->c8078d20-ca33-4dba-98fa-db5cc3bac21d#1827-t1,previous=(t:1, i:775),leaderCommit=775,initializing? false,entries: size=1, first=(t:1, i:776), STATEMACHINELOGENTRY, WRITE: logData.size=87, stateMachineData.size=0, logEntryProtoSerializedSize=0
java.util.concurrent.CompletionException: org.apache.ratis.protocol.exceptions.GroupMismatchException: c8078d20-ca33-4dba-98fa-db5cc3bac21d: group-439D675E371F not found.
	at java.base/java.util.concurrent.CompletableFuture.encodeThrowable(CompletableFuture.java:332)
	at java.base/java.util.concurrent.CompletableFuture.uniComposeStage(CompletableFuture.java:1177)
	at java.base/java.util.concurrent.CompletableFuture.thenCompose(CompletableFuture.java:2341)
	at org.apache.ratis.server.impl.RaftServerProxy.appendEntriesAsync(RaftServerProxy.java:651)
	at org.apache.ratis.grpc.server.GrpcServerProtocolService$1.process(GrpcServerProtocolService.java:245)
	at org.apache.ratis.grpc.server.GrpcServerProtocolService$1.process(GrpcServerProtocolService.java:242)
	at org.apache.ratis.grpc.server.GrpcServerProtocolService$ServerRequestStreamObserver.onNext(GrpcServerProtocolService.java:150)
	at org.apache.ratis.thirdparty.io.grpc.stub.ServerCalls$StreamingServerCallHandler$StreamingServerCallListener.onMessage(ServerCalls.java:262)
	at org.apache.ratis.thirdparty.io.grpc.internal.ServerCallImpl$ServerStreamListenerImpl.messagesAvailableInternal(ServerCallImpl.java:334)
	at org.apache.ratis.thirdparty.io.grpc.internal.ServerCallImpl$ServerStreamListenerImpl.messagesAvailable(ServerCallImpl.java:319)
	at org.apache.ratis.thirdparty.io.grpc.internal.ServerImpl$JumpToApplicationThreadServerStreamListener$1MessagesAvailable.runInContext(ServerImpl.java:834)
	at org.apache.ratis.thirdparty.io.grpc.internal.ContextRunnable.run(ContextRunnable.java:37)
	at org.apache.ratis.thirdparty.io.grpc.internal.SerializingExecutor.run(SerializingExecutor.java:133)
	at java.base/java.util.concurrent.ThreadPoolExecutor.runWorker(ThreadPoolExecutor.java:1144)
	at java.base/java.util.concurrent.ThreadPoolExecutor$Worker.run(ThreadPoolExecutor.java:642)
	at java.base/java.lang.Thread.run(Thread.java:1583)
Caused by: org.apache.ratis.protocol.exceptions.GroupMismatchException: c8078d20-ca33-4dba-98fa-db5cc3bac21d: group-439D675E371F not found.
	at org.apache.ratis.server.impl.RaftServerProxy$ImplMap.get(RaftServerProxy.java:160)
	at org.apache.ratis.server.impl.RaftServerProxy.getImplFuture(RaftServerProxy.java:370)
	at org.apache.ratis.server.impl.RaftServerProxy.appendEntriesAsync(RaftServerProxy.java:650)
	... 12 more
2025-07-16 09:24:52,994 [3df55ae4-ab11-4f29-b552-47db40bdb184-ContainerOp-316fd34b-1f01-4e66-9189-439d675e371f-2] INFO  keyvalue.KeyValueContainer (KeyValueContainer.java:flushAndSyncDB(514)) - Synced container: KeyValueContainerData #27 (CLOSING, non-empty, ri=0, origin=[dn_3df55ae4-ab11-4f29-b552-47db40bdb184, pipeline_316fd34b-1f01-4e66-9189-439d675e371f])
2025-07-16 09:24:52,995 [eeb02985-7d85-4636-b5c3-9a2f1f8a3350-groupManagement] INFO  storage.RaftStorageDirectory (RaftStorageDirectoryImpl.java:tryLock(229)) - Lock on /home/runner/work/ozone/ozone/hadoop-ozone/integration-test/target/test-dir/MiniOzoneClusterImpl-048dddff-df79-4ead-b1dd-465e393877ff/ozone-meta/datanode-5/ratis/679ae55d-cddb-48bc-a08b-135a7e2b7b48/in_use.lock acquired by nodename 101583@localhost
2025-07-16 09:24:52,996 [3df55ae4-ab11-4f29-b552-47db40bdb184-ContainerOp-316fd34b-1f01-4e66-9189-439d675e371f-2] INFO  keyvalue.KeyValueContainer (KeyValueContainer.java:flushAndSyncDB(514)) - Synced container: KeyValueContainerData #27 (CLOSING, non-empty, ri=0, origin=[dn_3df55ae4-ab11-4f29-b552-47db40bdb184, pipeline_316fd34b-1f01-4e66-9189-439d675e371f])
2025-07-16 09:24:52,997 [c8078d20-ca33-4dba-98fa-db5cc3bac21d-groupManagement] INFO  storage.RaftStorageDirectory (RaftStorageDirectoryImpl.java:tryLock(229)) - Lock on /home/runner/work/ozone/ozone/hadoop-ozone/integration-test/target/test-dir/MiniOzoneClusterImpl-048dddff-df79-4ead-b1dd-465e393877ff/ozone-meta/datanode-2/ratis/679ae55d-cddb-48bc-a08b-135a7e2b7b48/in_use.lock acquired by nodename 101583@localhost
2025-07-16 09:24:52,998 [f3e8fa50-d47b-47a2-ace4-21caf690791e-ContainerOp-316fd34b-1f01-4e66-9189-439d675e371f-3] INFO  keyvalue.KeyValueContainer (KeyValueContainer.java:flushAndSyncDB(514)) - Synced container: KeyValueContainerData #27 (CLOSING, non-empty, ri=0, origin=[dn_f3e8fa50-d47b-47a2-ace4-21caf690791e, pipeline_316fd34b-1f01-4e66-9189-439d675e371f])
2025-07-16 09:24:52,998 [f3e8fa50-d47b-47a2-ace4-21caf690791e-ContainerOp-316fd34b-1f01-4e66-9189-439d675e371f-3] INFO  keyvalue.KeyValueContainer (KeyValueContainer.java:flushAndSyncDB(514)) - Synced container: KeyValueContainerData #27 (CLOSING, non-empty, ri=0, origin=[dn_f3e8fa50-d47b-47a2-ace4-21caf690791e, pipeline_316fd34b-1f01-4e66-9189-439d675e371f])
2025-07-16 09:24:52,998 [eeb02985-7d85-4636-b5c3-9a2f1f8a3350-groupManagement] INFO  storage.RaftStorage (RaftStorageImpl.java:format(98)) - Storage directory /home/runner/work/ozone/ozone/hadoop-ozone/integration-test/target/test-dir/MiniOzoneClusterImpl-048dddff-df79-4ead-b1dd-465e393877ff/ozone-meta/datanode-5/ratis/679ae55d-cddb-48bc-a08b-135a7e2b7b48 has been successfully formatted.
2025-07-16 09:24:52,998 [eeb02985-7d85-4636-b5c3-9a2f1f8a3350-groupManagement] INFO  ratis.ContainerStateMachine (ContainerStateMachine.java:initialize(339)) - eeb02985-7d85-4636-b5c3-9a2f1f8a3350: initialize group-135A7E2B7B48
2025-07-16 09:24:52,998 [eeb02985-7d85-4636-b5c3-9a2f1f8a3350-groupManagement] INFO  ratis.ContainerStateMachine (ContainerStateMachine.java:loadSnapshot(347)) - group-135A7E2B7B48: The snapshot info is null. Setting the last applied index to:<INITIAL_VALUE>
2025-07-16 09:24:53,000 [eeb02985-7d85-4636-b5c3-9a2f1f8a3350-groupManagement] INFO  server.RaftServerConfigKeys (ConfUtils.java:logGet(62)) - raft.server.log.appender.buffer.byte-limit = 33554432 (custom)
2025-07-16 09:24:53,001 [c8078d20-ca33-4dba-98fa-db5cc3bac21d-groupManagement] INFO  storage.RaftStorage (RaftStorageImpl.java:format(98)) - Storage directory /home/runner/work/ozone/ozone/hadoop-ozone/integration-test/target/test-dir/MiniOzoneClusterImpl-048dddff-df79-4ead-b1dd-465e393877ff/ozone-meta/datanode-2/ratis/679ae55d-cddb-48bc-a08b-135a7e2b7b48 has been successfully formatted.
2025-07-16 09:24:53,001 [c8078d20-ca33-4dba-98fa-db5cc3bac21d-groupManagement] INFO  ratis.ContainerStateMachine (ContainerStateMachine.java:initialize(339)) - c8078d20-ca33-4dba-98fa-db5cc3bac21d: initialize group-135A7E2B7B48
2025-07-16 09:24:53,002 [c8078d20-ca33-4dba-98fa-db5cc3bac21d-groupManagement] INFO  ratis.ContainerStateMachine (ContainerStateMachine.java:loadSnapshot(347)) - group-135A7E2B7B48: The snapshot info is null. Setting the last applied index to:<INITIAL_VALUE>
2025-07-16 09:24:53,003 [c8078d20-ca33-4dba-98fa-db5cc3bac21d-groupManagement] INFO  server.RaftServerConfigKeys (ConfUtils.java:logGet(62)) - raft.server.log.appender.buffer.byte-limit = 33554432 (custom)
2025-07-16 09:24:53,006 [f3e8fa50-d47b-47a2-ace4-21caf690791e-ContainerOp-316fd34b-1f01-4e66-9189-439d675e371f-3] INFO  keyvalue.KeyValueContainer (KeyValueContainer.java:close(430)) - Closed container: KeyValueContainerData #27 (CLOSED, non-empty, ri=0, origin=[dn_f3e8fa50-d47b-47a2-ace4-21caf690791e, pipeline_316fd34b-1f01-4e66-9189-439d675e371f])
2025-07-16 09:24:53,007 [3df55ae4-ab11-4f29-b552-47db40bdb184-ContainerOp-316fd34b-1f01-4e66-9189-439d675e371f-2] INFO  keyvalue.KeyValueContainer (KeyValueContainer.java:close(430)) - Closed container: KeyValueContainerData #27 (CLOSED, non-empty, ri=0, origin=[dn_3df55ae4-ab11-4f29-b552-47db40bdb184, pipeline_316fd34b-1f01-4e66-9189-439d675e371f])
2025-07-16 09:24:53,008 [3df55ae4-ab11-4f29-b552-47db40bdb184-CloseContainerThread-1] INFO  commandhandler.CloseContainerCommandHandler (CloseContainerCommandHandler.java:lambda$handle$0(105)) - Container #30 does not exist in datanode. Its pipeline may have closed before it was created. Container close failed.
2025-07-16 09:24:53,008 [3df55ae4-ab11-4f29-b552-47db40bdb184-CloseContainerThread-1] INFO  commandhandler.CloseContainerCommandHandler (CloseContainerCommandHandler.java:lambda$handle$0(105)) - Container #31 does not exist in datanode. Its pipeline may have closed before it was created. Container close failed.
2025-07-16 09:24:53,009 [3df55ae4-ab11-4f29-b552-47db40bdb184-CloseContainerThread-1] INFO  commandhandler.CloseContainerCommandHandler (CloseContainerCommandHandler.java:lambda$handle$0(105)) - Container #32 does not exist in datanode. Its pipeline may have closed before it was created. Container close failed.
2025-07-16 09:24:53,009 [3df55ae4-ab11-4f29-b552-47db40bdb184-CloseContainerThread-1] INFO  commandhandler.CloseContainerCommandHandler (CloseContainerCommandHandler.java:lambda$handle$0(105)) - Container #33 does not exist in datanode. Its pipeline may have closed before it was created. Container close failed.
2025-07-16 09:24:53,009 [3df55ae4-ab11-4f29-b552-47db40bdb184-ContainerOp-954cdc82-5a85-4c10-bb44-683b2b9fedcf-2] INFO  keyvalue.KeyValueContainer (KeyValueContainer.java:close(430)) - Closed container: KeyValueContainerData #9 (CLOSED, non-empty, ri=0, origin=[dn_3df55ae4-ab11-4f29-b552-47db40bdb184, pipeline_954cdc82-5a85-4c10-bb44-683b2b9fedcf])
2025-07-16 09:24:53,011 [FixedThreadPoolWithAffinityExecutor-0-0] INFO  container.IncrementalContainerReportHandler (AbstractContainerReportHandler.java:updateContainerState(302)) - FORCE_CLOSE for Container #27 (QUASI_CLOSED, sid=772) r0 (CLOSED, bcsid=772, origin=f3e8fa50-d47b-47a2-ace4-21caf690791e, non-empty) from dn f3e8fa50-d47b-47a2-ace4-21caf690791e(localhost/127.0.0.1)
2025-07-16 09:24:53,015 [grpc-default-executor-0] INFO  server.RaftServer (RaftServerProxy.java:remove(116)) - f3e8fa50-d47b-47a2-ace4-21caf690791e: remove  FOLLOWER (RUNNING): f3e8fa50-d47b-47a2-ace4-21caf690791e@group-439D675E371F:t1, leader=3df55ae4-ab11-4f29-b552-47db40bdb184, voted=3df55ae4-ab11-4f29-b552-47db40bdb184, raftlog=Memoized:f3e8fa50-d47b-47a2-ace4-21caf690791e@group-439D675E371F-SegmentedRaftLog:OPENED:c776:last(t:1, i:777), conf=conf: {index: 0, cur=peers:[c8078d20-ca33-4dba-98fa-db5cc3bac21d|127.0.0.1:15023, 3df55ae4-ab11-4f29-b552-47db40bdb184|127.0.0.1:15031, f3e8fa50-d47b-47a2-ace4-21caf690791e|127.0.0.1:15015]|listeners:[], old=null}
2025-07-16 09:24:53,015 [grpc-default-executor-0] INFO  server.RaftServer$Division (RaftServerImpl.java:lambda$close$1(527)) - f3e8fa50-d47b-47a2-ace4-21caf690791e@group-439D675E371F: shutdown
2025-07-16 09:24:53,016 [3df55ae4-ab11-4f29-b552-47db40bdb184-CloseContainerThread-0] WARN  keyvalue.KeyValueHandler (KeyValueHandler.java:updateAndGetContainerChecksum(1451)) - Container data checksum updated from 0 to ce711450
2025-07-16 09:24:53,016 [FixedThreadPoolWithAffinityExecutor-0-0] INFO  container.IncrementalContainerReportHandler (AbstractContainerReportHandler.java:updateContainerState(289)) - CLOSE Container #9 (CLOSING, sid=8) r0 (CLOSED, bcsid=8, origin=3df55ae4-ab11-4f29-b552-47db40bdb184, non-empty) from dn 3df55ae4-ab11-4f29-b552-47db40bdb184(localhost/127.0.0.1)
2025-07-16 09:24:53,019 [grpc-default-executor-0] INFO  util.JmxRegister (JmxRegister.java:unregister(74)) - Successfully un-registered JMX Bean with object name Ratis:service=RaftServer,group=group-439D675E371F,id=f3e8fa50-d47b-47a2-ace4-21caf690791e
2025-07-16 09:24:53,019 [grpc-default-executor-0] INFO  impl.RoleInfo (RoleInfo.java:shutdownFollowerState(121)) - f3e8fa50-d47b-47a2-ace4-21caf690791e: shutdown f3e8fa50-d47b-47a2-ace4-21caf690791e@group-439D675E371F-FollowerState
2025-07-16 09:24:53,019 [grpc-default-executor-0] INFO  impl.StateMachineUpdater (StateMachineUpdater.java:stopAndJoin(163)) - f3e8fa50-d47b-47a2-ace4-21caf690791e@group-439D675E371F-StateMachineUpdater: set stopIndex = 776
2025-07-16 09:24:53,019 [f3e8fa50-d47b-47a2-ace4-21caf690791e@group-439D675E371F-StateMachineUpdater] INFO  ratis.ContainerStateMachine (ContainerStateMachine.java:takeSnapshot(427)) - group-439D675E371F: Taking a snapshot at:(t:1, i:776) file /home/runner/work/ozone/ozone/hadoop-ozone/integration-test/target/test-dir/MiniOzoneClusterImpl-048dddff-df79-4ead-b1dd-465e393877ff/ozone-meta/datanode-1/ratis/316fd34b-1f01-4e66-9189-439d675e371f/sm/snapshot.1_776
2025-07-16 09:24:53,020 [f3e8fa50-d47b-47a2-ace4-21caf690791e@group-439D675E371F-FollowerState] INFO  impl.FollowerState (FollowerState.java:runImpl(170)) - f3e8fa50-d47b-47a2-ace4-21caf690791e@group-439D675E371F-FollowerState was interrupted
2025-07-16 09:24:53,020 [eeb02985-7d85-4636-b5c3-9a2f1f8a3350-groupManagement] INFO  server.RaftServerConfigKeys (ConfUtils.java:logGet(62)) - raft.server.log.segment.size.max = 67108864 (custom)
2025-07-16 09:24:53,020 [eeb02985-7d85-4636-b5c3-9a2f1f8a3350-groupManagement] INFO  server.RaftServerConfigKeys (ConfUtils.java:logGet(62)) - raft.server.log.appender.buffer.byte-limit = 33554432 (custom)
2025-07-16 09:24:53,023 [grpc-default-executor-4] INFO  server.RaftServer (RaftServerProxy.java:remove(116)) - 3df55ae4-ab11-4f29-b552-47db40bdb184: remove    LEADER (RUNNING): 3df55ae4-ab11-4f29-b552-47db40bdb184@group-439D675E371F:t1, leader=3df55ae4-ab11-4f29-b552-47db40bdb184, voted=3df55ae4-ab11-4f29-b552-47db40bdb184, raftlog=Memoized:3df55ae4-ab11-4f29-b552-47db40bdb184@group-439D675E371F-SegmentedRaftLog:OPENED:c777:last(t:1, i:777), conf=conf: {index: 0, cur=peers:[c8078d20-ca33-4dba-98fa-db5cc3bac21d|127.0.0.1:15023, 3df55ae4-ab11-4f29-b552-47db40bdb184|127.0.0.1:15031, f3e8fa50-d47b-47a2-ace4-21caf690791e|127.0.0.1:15015]|listeners:[], old=null}
2025-07-16 09:24:53,023 [eeb02985-7d85-4636-b5c3-9a2f1f8a3350-groupManagement] INFO  util.AwaitToRun (AwaitToRun.java:start(81)) - Thread[#2198,eeb02985-7d85-4636-b5c3-9a2f1f8a3350@group-135A7E2B7B48-cacheEviction-AwaitToRun,5,main] started
2025-07-16 09:24:53,023 [eeb02985-7d85-4636-b5c3-9a2f1f8a3350-groupManagement] INFO  segmented.SegmentedRaftLogWorker (SegmentedRaftLogWorker.java:<init>(190)) - new eeb02985-7d85-4636-b5c3-9a2f1f8a3350@group-135A7E2B7B48-SegmentedRaftLogWorker for RaftStorageImpl:Storage Directory /home/runner/work/ozone/ozone/hadoop-ozone/integration-test/target/test-dir/MiniOzoneClusterImpl-048dddff-df79-4ead-b1dd-465e393877ff/ozone-meta/datanode-5/ratis/679ae55d-cddb-48bc-a08b-135a7e2b7b48
2025-07-16 09:24:53,023 [eeb02985-7d85-4636-b5c3-9a2f1f8a3350-groupManagement] INFO  server.RaftServerConfigKeys (ConfUtils.java:logGet(62)) - raft.server.log.queue.byte-limit = 4294967296 (custom)
2025-07-16 09:24:53,023 [eeb02985-7d85-4636-b5c3-9a2f1f8a3350-groupManagement] INFO  server.RaftServerConfigKeys (ConfUtils.java:logGet(62)) - raft.server.log.segment.size.max = 67108864 (custom)
2025-07-16 09:24:53,023 [eeb02985-7d85-4636-b5c3-9a2f1f8a3350-groupManagement] INFO  server.RaftServerConfigKeys (ConfUtils.java:logGet(62)) - raft.server.log.preallocated.size = 4194304 (custom)
2025-07-16 09:24:53,022 [grpc-default-executor-5] WARN  server.GrpcLogAppender (LogUtils.java:warn(129)) - 3df55ae4-ab11-4f29-b552-47db40bdb184@group-439D675E371F->c8078d20-ca33-4dba-98fa-db5cc3bac21d-AppendLogResponseHandler: Failed appendEntries
org.apache.ratis.protocol.exceptions.GroupMismatchException: c8078d20-ca33-4dba-98fa-db5cc3bac21d: group-439D675E371F not found.
	at org.apache.ratis.server.impl.RaftServerProxy$ImplMap.get(RaftServerProxy.java:160)
	at org.apache.ratis.server.impl.RaftServerProxy.getImplFuture(RaftServerProxy.java:370)
	at org.apache.ratis.server.impl.RaftServerProxy.appendEntriesAsync(RaftServerProxy.java:650)
	at org.apache.ratis.grpc.server.GrpcServerProtocolService$1.process(GrpcServerProtocolService.java:245)
	at org.apache.ratis.grpc.server.GrpcServerProtocolService$1.process(GrpcServerProtocolService.java:242)
	at org.apache.ratis.grpc.server.GrpcServerProtocolService$ServerRequestStreamObserver.onNext(GrpcServerProtocolService.java:150)
	at org.apache.ratis.thirdparty.io.grpc.stub.ServerCalls$StreamingServerCallHandler$StreamingServerCallListener.onMessage(ServerCalls.java:262)
	at org.apache.ratis.thirdparty.io.grpc.internal.ServerCallImpl$ServerStreamListenerImpl.messagesAvailableInternal(ServerCallImpl.java:334)
	at org.apache.ratis.thirdparty.io.grpc.internal.ServerCallImpl$ServerStreamListenerImpl.messagesAvailable(ServerCallImpl.java:319)
	at org.apache.ratis.thirdparty.io.grpc.internal.ServerImpl$JumpToApplicationThreadServerStreamListener$1MessagesAvailable.runInContext(ServerImpl.java:834)
	at org.apache.ratis.thirdparty.io.grpc.internal.ContextRunnable.run(ContextRunnable.java:37)
	at org.apache.ratis.thirdparty.io.grpc.internal.SerializingExecutor.run(SerializingExecutor.java:133)
	at java.base/java.util.concurrent.ThreadPoolExecutor.runWorker(ThreadPoolExecutor.java:1144)
	at java.base/java.util.concurrent.ThreadPoolExecutor$Worker.run(ThreadPoolExecutor.java:642)
	at java.base/java.lang.Thread.run(Thread.java:1583)
2025-07-16 09:24:53,021 [f3e8fa50-d47b-47a2-ace4-21caf690791e@group-439D675E371F-StateMachineUpdater] INFO  ratis.ContainerStateMachine (ContainerStateMachine.java:takeSnapshot(436)) - group-439D675E371F: Finished taking a snapshot at:(t:1, i:776) file:/home/runner/work/ozone/ozone/hadoop-ozone/integration-test/target/test-dir/MiniOzoneClusterImpl-048dddff-df79-4ead-b1dd-465e393877ff/ozone-meta/datanode-1/ratis/316fd34b-1f01-4e66-9189-439d675e371f/sm/snapshot.1_776 took: 2 ms
2025-07-16 09:24:53,024 [f3e8fa50-d47b-47a2-ace4-21caf690791e@group-439D675E371F-StateMachineUpdater] INFO  impl.StateMachineUpdater (StateMachineUpdater.java:takeSnapshot(307)) - f3e8fa50-d47b-47a2-ace4-21caf690791e@group-439D675E371F-StateMachineUpdater: Took a snapshot at index 776
2025-07-16 09:24:53,024 [f3e8fa50-d47b-47a2-ace4-21caf690791e@group-439D675E371F-StateMachineUpdater] INFO  impl.StateMachineUpdater (StateMachineUpdater.java:lambda$new$0(101)) - f3e8fa50-d47b-47a2-ace4-21caf690791e@group-439D675E371F-StateMachineUpdater: snapshotIndex: updateIncreasingly -1 -> 776
2025-07-16 09:24:53,024 [c8078d20-ca33-4dba-98fa-db5cc3bac21d-groupManagement] INFO  server.RaftServerConfigKeys (ConfUtils.java:logGet(62)) - raft.server.log.segment.size.max = 67108864 (custom)
2025-07-16 09:24:53,024 [f3e8fa50-d47b-47a2-ace4-21caf690791e@group-439D675E371F-StateMachineUpdater] INFO  impl.StateMachineUpdater (StateMachineUpdater.java:stop(140)) - f3e8fa50-d47b-47a2-ace4-21caf690791e@group-439D675E371F-StateMachineUpdater: closing ContainerStateMachine, lastApplied=(t:1, i:776)
2025-07-16 09:24:53,025 [c8078d20-ca33-4dba-98fa-db5cc3bac21d-groupManagement] INFO  server.RaftServerConfigKeys (ConfUtils.java:logGet(62)) - raft.server.log.appender.buffer.byte-limit = 33554432 (custom)
2025-07-16 09:24:53,024 [3df55ae4-ab11-4f29-b552-47db40bdb184-ContainerOp-954cdc82-5a85-4c10-bb44-683b2b9fedcf-3] INFO  keyvalue.KeyValueContainer (KeyValueContainer.java:flushAndSyncDB(514)) - Synced container: KeyValueContainerData #10 (CLOSING, non-empty, ri=0, origin=[dn_3df55ae4-ab11-4f29-b552-47db40bdb184, pipeline_954cdc82-5a85-4c10-bb44-683b2b9fedcf])
2025-07-16 09:24:53,025 [3df55ae4-ab11-4f29-b552-47db40bdb184-ContainerOp-954cdc82-5a85-4c10-bb44-683b2b9fedcf-3] INFO  keyvalue.KeyValueContainer (KeyValueContainer.java:flushAndSyncDB(514)) - Synced container: KeyValueContainerData #10 (CLOSING, non-empty, ri=0, origin=[dn_3df55ae4-ab11-4f29-b552-47db40bdb184, pipeline_954cdc82-5a85-4c10-bb44-683b2b9fedcf])
2025-07-16 09:24:53,026 [f3e8fa50-d47b-47a2-ace4-21caf690791e@group-439D675E371F-cacheEviction-AwaitToRun] INFO  util.AwaitToRun (AwaitToRun.java:run(49)) - f3e8fa50-d47b-47a2-ace4-21caf690791e@group-439D675E371F-cacheEviction-AwaitToRun-AwaitForSignal is interrupted
2025-07-16 09:24:53,027 [eeb02985-7d85-4636-b5c3-9a2f1f8a3350-groupManagement] INFO  server.RaftServerConfigKeys (ConfUtils.java:logGet(62)) - raft.server.log.write.buffer.size = 33554440 (custom)
2025-07-16 09:24:53,023 [grpc-default-executor-4] INFO  server.RaftServer$Division (RaftServerImpl.java:lambda$close$1(527)) - 3df55ae4-ab11-4f29-b552-47db40bdb184@group-439D675E371F: shutdown
2025-07-16 09:24:53,031 [grpc-default-executor-4] INFO  util.JmxRegister (JmxRegister.java:unregister(74)) - Successfully un-registered JMX Bean with object name Ratis:service=RaftServer,group=group-439D675E371F,id=3df55ae4-ab11-4f29-b552-47db40bdb184
2025-07-16 09:24:53,031 [grpc-default-executor-4] INFO  impl.RoleInfo (RoleInfo.java:shutdownLeaderState(103)) - 3df55ae4-ab11-4f29-b552-47db40bdb184: shutdown 3df55ae4-ab11-4f29-b552-47db40bdb184@group-439D675E371F-LeaderStateImpl
2025-07-16 09:24:53,032 [grpc-default-executor-4] INFO  impl.PendingRequests (PendingRequests.java:sendNotLeaderResponses(287)) - 3df55ae4-ab11-4f29-b552-47db40bdb184@group-439D675E371F-PendingRequests: sendNotLeaderResponses
2025-07-16 09:24:53,032 [3df55ae4-ab11-4f29-b552-47db40bdb184@group-439D675E371F->f3e8fa50-d47b-47a2-ace4-21caf690791e-GrpcLogAppender-LogAppenderDaemon] WARN  server.GrpcLogAppender (GrpcLogAppender.java:mayWait(300)) - 3df55ae4-ab11-4f29-b552-47db40bdb184@group-439D675E371F->f3e8fa50-d47b-47a2-ace4-21caf690791e-GrpcLogAppender: Wait interrupted by java.lang.InterruptedException
2025-07-16 09:24:53,033 [grpc-default-executor-5] INFO  leader.LogAppender (LogAppenderBase.java:lambda$getNextIndexForError$0(215)) - Decrease nextIndex to 776
2025-07-16 09:24:53,032 [3df55ae4-ab11-4f29-b552-47db40bdb184@group-439D675E371F->c8078d20-ca33-4dba-98fa-db5cc3bac21d-GrpcLogAppender-LogAppenderDaemon] WARN  server.GrpcLogAppender (GrpcLogAppender.java:mayWait(300)) - 3df55ae4-ab11-4f29-b552-47db40bdb184@group-439D675E371F->c8078d20-ca33-4dba-98fa-db5cc3bac21d-GrpcLogAppender: Wait interrupted by java.lang.InterruptedException
2025-07-16 09:24:53,035 [grpc-default-executor-3] INFO  server.GrpcServerProtocolService (GrpcServerProtocolService.java:lambda$onCompleted$6(171)) - f3e8fa50-d47b-47a2-ace4-21caf690791e: Completed APPEND_ENTRIES, lastRequest: null 
2025-07-16 09:24:53,035 [grpc-default-executor-1] INFO  server.GrpcServerProtocolService (GrpcServerProtocolService.java:lambda$null$7(175)) - f3e8fa50-d47b-47a2-ace4-21caf690791e: Completed APPEND_ENTRIES, lastReply: null 
2025-07-16 09:24:53,033 [c8078d20-ca33-4dba-98fa-db5cc3bac21d-groupManagement] INFO  util.AwaitToRun (AwaitToRun.java:start(81)) - Thread[#2199,c8078d20-ca33-4dba-98fa-db5cc3bac21d@group-135A7E2B7B48-cacheEviction-AwaitToRun,5,main] started
2025-07-16 09:24:53,037 [c8078d20-ca33-4dba-98fa-db5cc3bac21d-groupManagement] INFO  segmented.SegmentedRaftLogWorker (SegmentedRaftLogWorker.java:<init>(190)) - new c8078d20-ca33-4dba-98fa-db5cc3bac21d@group-135A7E2B7B48-SegmentedRaftLogWorker for RaftStorageImpl:Storage Directory /home/runner/work/ozone/ozone/hadoop-ozone/integration-test/target/test-dir/MiniOzoneClusterImpl-048dddff-df79-4ead-b1dd-465e393877ff/ozone-meta/datanode-2/ratis/679ae55d-cddb-48bc-a08b-135a7e2b7b48
2025-07-16 09:24:53,037 [c8078d20-ca33-4dba-98fa-db5cc3bac21d-groupManagement] INFO  server.RaftServerConfigKeys (ConfUtils.java:logGet(62)) - raft.server.log.queue.byte-limit = 4294967296 (custom)
2025-07-16 09:24:53,037 [c8078d20-ca33-4dba-98fa-db5cc3bac21d-groupManagement] INFO  server.RaftServerConfigKeys (ConfUtils.java:logGet(62)) - raft.server.log.segment.size.max = 67108864 (custom)
2025-07-16 09:24:53,037 [c8078d20-ca33-4dba-98fa-db5cc3bac21d-groupManagement] INFO  server.RaftServerConfigKeys (ConfUtils.java:logGet(62)) - raft.server.log.preallocated.size = 4194304 (custom)
2025-07-16 09:24:53,037 [grpc-default-executor-6] INFO  server.GrpcLogAppender (GrpcLogAppender.java:onCompleted(558)) - 3df55ae4-ab11-4f29-b552-47db40bdb184@group-439D675E371F->f3e8fa50-d47b-47a2-ace4-21caf690791e-AppendLogResponseHandler: follower responses appendEntries COMPLETED
2025-07-16 09:24:53,037 [grpc-default-executor-1] INFO  server.GrpcLogAppender (GrpcLogAppender.java:onCompleted(558)) - 3df55ae4-ab11-4f29-b552-47db40bdb184@group-439D675E371F->f3e8fa50-d47b-47a2-ace4-21caf690791e-AppendLogResponseHandler: follower responses appendEntries COMPLETED
2025-07-16 09:24:53,040 [eeb02985-7d85-4636-b5c3-9a2f1f8a3350-groupManagement] INFO  server.RaftServerConfigKeys (ConfUtils.java:logGet(62)) - raft.server.log.appender.buffer.byte-limit = 33554432 (custom)
2025-07-16 09:24:53,041 [eeb02985-7d85-4636-b5c3-9a2f1f8a3350-groupManagement] INFO  segmented.SegmentedRaftLogWorker (SegmentedRaftLogWorker.java:lambda$new$0(141)) - eeb02985-7d85-4636-b5c3-9a2f1f8a3350@group-135A7E2B7B48-SegmentedRaftLogWorker: flushIndex: setUnconditionally 0 -> -1
2025-07-16 09:24:53,041 [eeb02985-7d85-4636-b5c3-9a2f1f8a3350-groupManagement] INFO  segmented.SegmentedRaftLogWorker (SegmentedRaftLogWorker.java:lambda$new$0(141)) - eeb02985-7d85-4636-b5c3-9a2f1f8a3350@group-135A7E2B7B48-SegmentedRaftLogWorker: safeCacheEvictIndex: setUnconditionally 0 -> -1
2025-07-16 09:24:53,041 [grpc-default-executor-4] INFO  impl.StateMachineUpdater (StateMachineUpdater.java:stopAndJoin(163)) - 3df55ae4-ab11-4f29-b552-47db40bdb184@group-439D675E371F-StateMachineUpdater: set stopIndex = 777
2025-07-16 09:24:53,041 [3df55ae4-ab11-4f29-b552-47db40bdb184@group-439D675E371F-StateMachineUpdater] INFO  ratis.ContainerStateMachine (ContainerStateMachine.java:takeSnapshot(427)) - group-439D675E371F: Taking a snapshot at:(t:1, i:777) file /home/runner/work/ozone/ozone/hadoop-ozone/integration-test/target/test-dir/MiniOzoneClusterImpl-048dddff-df79-4ead-b1dd-465e393877ff/ozone-meta/datanode-3/ratis/316fd34b-1f01-4e66-9189-439d675e371f/sm/snapshot.1_777
2025-07-16 09:24:53,042 [grpc-default-executor-5] INFO  leader.LogAppender (LogAppenderBase.java:lambda$getNextIndexForError$0(215)) - Decrease nextIndex to 776
2025-07-16 09:24:53,042 [eeb02985-7d85-4636-b5c3-9a2f1f8a3350-groupManagement] INFO  server.RaftServer$Division (RaftServerImpl.java:start(405)) - eeb02985-7d85-4636-b5c3-9a2f1f8a3350@group-135A7E2B7B48: start as a follower, conf=conf: {index: -1, cur=peers:[c8078d20-ca33-4dba-98fa-db5cc3bac21d|127.0.0.1:15023, eeb02985-7d85-4636-b5c3-9a2f1f8a3350|127.0.0.1:15047, 3df55ae4-ab11-4f29-b552-47db40bdb184|127.0.0.1:15031]|listeners:[], old=null}
2025-07-16 09:24:53,043 [eeb02985-7d85-4636-b5c3-9a2f1f8a3350-groupManagement] INFO  server.RaftServer$Division (RaftServerImpl.java:setRole(392)) - eeb02985-7d85-4636-b5c3-9a2f1f8a3350@group-135A7E2B7B48: changes role from      null to FOLLOWER at term 0 for startAsFollower
2025-07-16 09:24:53,043 [eeb02985-7d85-4636-b5c3-9a2f1f8a3350-groupManagement] INFO  impl.RoleInfo (RoleInfo.java:updateAndGet(148)) - eeb02985-7d85-4636-b5c3-9a2f1f8a3350: start eeb02985-7d85-4636-b5c3-9a2f1f8a3350@group-135A7E2B7B48-FollowerState
2025-07-16 09:24:53,043 [3df55ae4-ab11-4f29-b552-47db40bdb184@group-439D675E371F-StateMachineUpdater] INFO  ratis.ContainerStateMachine (ContainerStateMachine.java:takeSnapshot(436)) - group-439D675E371F: Finished taking a snapshot at:(t:1, i:777) file:/home/runner/work/ozone/ozone/hadoop-ozone/integration-test/target/test-dir/MiniOzoneClusterImpl-048dddff-df79-4ead-b1dd-465e393877ff/ozone-meta/datanode-3/ratis/316fd34b-1f01-4e66-9189-439d675e371f/sm/snapshot.1_777 took: 1 ms
2025-07-16 09:24:53,043 [c8078d20-ca33-4dba-98fa-db5cc3bac21d-groupManagement] INFO  server.RaftServerConfigKeys (ConfUtils.java:logGet(62)) - raft.server.log.write.buffer.size = 33554440 (custom)
2025-07-16 09:24:53,043 [3df55ae4-ab11-4f29-b552-47db40bdb184@group-439D675E371F-StateMachineUpdater] INFO  impl.StateMachineUpdater (StateMachineUpdater.java:takeSnapshot(307)) - 3df55ae4-ab11-4f29-b552-47db40bdb184@group-439D675E371F-StateMachineUpdater: Took a snapshot at index 777
2025-07-16 09:24:53,043 [3df55ae4-ab11-4f29-b552-47db40bdb184@group-439D675E371F-StateMachineUpdater] INFO  impl.StateMachineUpdater (StateMachineUpdater.java:lambda$new$0(101)) - 3df55ae4-ab11-4f29-b552-47db40bdb184@group-439D675E371F-StateMachineUpdater: snapshotIndex: updateIncreasingly -1 -> 777
2025-07-16 09:24:53,044 [3df55ae4-ab11-4f29-b552-47db40bdb184-ContainerOp-954cdc82-5a85-4c10-bb44-683b2b9fedcf-3] INFO  keyvalue.KeyValueContainer (KeyValueContainer.java:close(430)) - Closed container: KeyValueContainerData #10 (CLOSED, non-empty, ri=0, origin=[dn_3df55ae4-ab11-4f29-b552-47db40bdb184, pipeline_954cdc82-5a85-4c10-bb44-683b2b9fedcf])
2025-07-16 09:24:53,045 [grpc-default-executor-5] INFO  leader.FollowerInfo (FollowerInfoImpl.java:info(70)) - 3df55ae4-ab11-4f29-b552-47db40bdb184@group-439D675E371F->c8078d20-ca33-4dba-98fa-db5cc3bac21d: computeNextIndex nextIndex: updateUnconditionally 778 -> 776
2025-07-16 09:24:53,045 [3df55ae4-ab11-4f29-b552-47db40bdb184@group-439D675E371F-StateMachineUpdater] INFO  impl.StateMachineUpdater (StateMachineUpdater.java:stop(140)) - 3df55ae4-ab11-4f29-b552-47db40bdb184@group-439D675E371F-StateMachineUpdater: closing ContainerStateMachine, lastApplied=(t:1, i:777)
2025-07-16 09:24:53,046 [3df55ae4-ab11-4f29-b552-47db40bdb184@group-439D675E371F-cacheEviction-AwaitToRun] INFO  util.AwaitToRun (AwaitToRun.java:run(49)) - 3df55ae4-ab11-4f29-b552-47db40bdb184@group-439D675E371F-cacheEviction-AwaitToRun-AwaitForSignal is interrupted
2025-07-16 09:24:53,046 [eeb02985-7d85-4636-b5c3-9a2f1f8a3350-groupManagement] INFO  util.JmxRegister (JmxRegister.java:tryRegister(44)) - Successfully registered JMX Bean with object name Ratis:service=RaftServer,group=group-135A7E2B7B48,id=eeb02985-7d85-4636-b5c3-9a2f1f8a3350
2025-07-16 09:24:53,050 [eeb02985-7d85-4636-b5c3-9a2f1f8a3350-groupManagement] INFO  util.JmxRegister (JmxRegister.java:register(58)) - register mxBean class org.apache.ratis.server.impl.RaftServerJmxAdapter as Ratis:service=RaftServer,group=group-135A7E2B7B48,id=eeb02985-7d85-4636-b5c3-9a2f1f8a3350
2025-07-16 09:24:53,049 [FixedThreadPoolWithAffinityExecutor-0-0] INFO  container.IncrementalContainerReportHandler (AbstractContainerReportHandler.java:updateContainerState(289)) - CLOSE Container #10 (CLOSING, sid=5) r0 (CLOSED, bcsid=5, origin=3df55ae4-ab11-4f29-b552-47db40bdb184, non-empty) from dn 3df55ae4-ab11-4f29-b552-47db40bdb184(localhost/127.0.0.1)
2025-07-16 09:24:53,052 [eeb02985-7d85-4636-b5c3-9a2f1f8a3350-groupManagement] INFO  server.RaftServer$Division (RaftServerImpl.java:start(419)) - eeb02985-7d85-4636-b5c3-9a2f1f8a3350@group-135A7E2B7B48: Successfully started.
2025-07-16 09:24:53,052 [eeb02985-7d85-4636-b5c3-9a2f1f8a3350-PipelineCommandHandlerThread-0] INFO  ratis.XceiverServerRatis (XceiverServerRatis.java:addGroup(843)) - Created group Pipeline-679ae55d-cddb-48bc-a08b-135a7e2b7b48
2025-07-16 09:24:53,062 [c8078d20-ca33-4dba-98fa-db5cc3bac21d-groupManagement] INFO  server.RaftServerConfigKeys (ConfUtils.java:logGet(62)) - raft.server.log.appender.buffer.byte-limit = 33554432 (custom)
2025-07-16 09:24:53,063 [c8078d20-ca33-4dba-98fa-db5cc3bac21d-groupManagement] INFO  segmented.SegmentedRaftLogWorker (SegmentedRaftLogWorker.java:lambda$new$0(141)) - c8078d20-ca33-4dba-98fa-db5cc3bac21d@group-135A7E2B7B48-SegmentedRaftLogWorker: flushIndex: setUnconditionally 0 -> -1
2025-07-16 09:24:53,063 [c8078d20-ca33-4dba-98fa-db5cc3bac21d-groupManagement] INFO  segmented.SegmentedRaftLogWorker (SegmentedRaftLogWorker.java:lambda$new$0(141)) - c8078d20-ca33-4dba-98fa-db5cc3bac21d@group-135A7E2B7B48-SegmentedRaftLogWorker: safeCacheEvictIndex: setUnconditionally 0 -> -1
2025-07-16 09:24:53,064 [c8078d20-ca33-4dba-98fa-db5cc3bac21d-groupManagement] INFO  server.RaftServer$Division (RaftServerImpl.java:start(405)) - c8078d20-ca33-4dba-98fa-db5cc3bac21d@group-135A7E2B7B48: start as a follower, conf=conf: {index: -1, cur=peers:[c8078d20-ca33-4dba-98fa-db5cc3bac21d|127.0.0.1:15023, eeb02985-7d85-4636-b5c3-9a2f1f8a3350|127.0.0.1:15047, 3df55ae4-ab11-4f29-b552-47db40bdb184|127.0.0.1:15031]|listeners:[], old=null}
2025-07-16 09:24:53,065 [c8078d20-ca33-4dba-98fa-db5cc3bac21d-groupManagement] INFO  server.RaftServer$Division (RaftServerImpl.java:setRole(392)) - c8078d20-ca33-4dba-98fa-db5cc3bac21d@group-135A7E2B7B48: changes role from      null to FOLLOWER at term 0 for startAsFollower
2025-07-16 09:24:53,065 [c8078d20-ca33-4dba-98fa-db5cc3bac21d-groupManagement] INFO  impl.RoleInfo (RoleInfo.java:updateAndGet(148)) - c8078d20-ca33-4dba-98fa-db5cc3bac21d: start c8078d20-ca33-4dba-98fa-db5cc3bac21d@group-135A7E2B7B48-FollowerState
2025-07-16 09:24:53,066 [c8078d20-ca33-4dba-98fa-db5cc3bac21d-groupManagement] INFO  util.JmxRegister (JmxRegister.java:tryRegister(44)) - Successfully registered JMX Bean with object name Ratis:service=RaftServer,group=group-135A7E2B7B48,id=c8078d20-ca33-4dba-98fa-db5cc3bac21d
2025-07-16 09:24:53,066 [c8078d20-ca33-4dba-98fa-db5cc3bac21d-groupManagement] INFO  util.JmxRegister (JmxRegister.java:register(58)) - register mxBean class org.apache.ratis.server.impl.RaftServerJmxAdapter as Ratis:service=RaftServer,group=group-135A7E2B7B48,id=c8078d20-ca33-4dba-98fa-db5cc3bac21d
2025-07-16 09:24:53,067 [grpc-default-executor-5] WARN  server.GrpcAdminProtocolService (GrpcAdminProtocolService.java:lambda$groupManagement$1(53)) - Failed groupManagement: GROUPADD, GroupManagementRequest:client-F6234E6FB996->c8078d20-ca33-4dba-98fa-db5cc3bac21d@group-135A7E2B7B48, cid=665, seq=null, RW, null, Add:group-135A7E2B7B48:[c8078d20-ca33-4dba-98fa-db5cc3bac21d|127.0.0.1:15023, eeb02985-7d85-4636-b5c3-9a2f1f8a3350|127.0.0.1:15047, 3df55ae4-ab11-4f29-b552-47db40bdb184|127.0.0.1:15031]
java.util.concurrent.CompletionException: org.apache.ratis.protocol.exceptions.AlreadyExistsException: c8078d20-ca33-4dba-98fa-db5cc3bac21d: Failed to add group-135A7E2B7B48:[c8078d20-ca33-4dba-98fa-db5cc3bac21d|127.0.0.1:15023, eeb02985-7d85-4636-b5c3-9a2f1f8a3350|127.0.0.1:15047, 3df55ae4-ab11-4f29-b552-47db40bdb184|127.0.0.1:15031] since the group already exists in the map.
	at java.base/java.util.concurrent.CompletableFuture.encodeThrowable(CompletableFuture.java:332)
	at java.base/java.util.concurrent.CompletableFuture.uniApplyNow(CompletableFuture.java:674)
	at java.base/java.util.concurrent.CompletableFuture.uniApplyStage(CompletableFuture.java:662)
	at java.base/java.util.concurrent.CompletableFuture.thenApplyAsync(CompletableFuture.java:2210)
	at org.apache.ratis.server.impl.RaftServerProxy.groupAddAsync(RaftServerProxy.java:513)
	at org.apache.ratis.server.impl.RaftServerProxy.groupManagementAsync(RaftServerProxy.java:495)
	at org.apache.ratis.grpc.server.GrpcAdminProtocolService.lambda$groupManagement$0(GrpcAdminProtocolService.java:51)
	at org.apache.ratis.grpc.GrpcUtil.asyncCall(GrpcUtil.java:172)
	at org.apache.ratis.grpc.server.GrpcAdminProtocolService.groupManagement(GrpcAdminProtocolService.java:51)
	at org.apache.ratis.proto.grpc.AdminProtocolServiceGrpc$MethodHandlers.invoke(AdminProtocolServiceGrpc.java:701)
	at org.apache.ratis.thirdparty.io.grpc.stub.ServerCalls$UnaryServerCallHandler$UnaryServerCallListener.onHalfClose(ServerCalls.java:182)
	at org.apache.ratis.thirdparty.io.grpc.internal.ServerCallImpl$ServerStreamListenerImpl.halfClosed(ServerCallImpl.java:356)
	at org.apache.ratis.thirdparty.io.grpc.internal.ServerImpl$JumpToApplicationThreadServerStreamListener$1HalfClosed.runInContext(ServerImpl.java:861)
	at org.apache.ratis.thirdparty.io.grpc.internal.ContextRunnable.run(ContextRunnable.java:37)
	at org.apache.ratis.thirdparty.io.grpc.internal.SerializingExecutor.run(SerializingExecutor.java:133)
	at java.base/java.util.concurrent.ThreadPoolExecutor.runWorker(ThreadPoolExecutor.java:1144)
	at java.base/java.util.concurrent.ThreadPoolExecutor$Worker.run(ThreadPoolExecutor.java:642)
	at java.base/java.lang.Thread.run(Thread.java:1583)
Caused by: org.apache.ratis.protocol.exceptions.AlreadyExistsException: c8078d20-ca33-4dba-98fa-db5cc3bac21d: Failed to add group-135A7E2B7B48:[c8078d20-ca33-4dba-98fa-db5cc3bac21d|127.0.0.1:15023, eeb02985-7d85-4636-b5c3-9a2f1f8a3350|127.0.0.1:15047, 3df55ae4-ab11-4f29-b552-47db40bdb184|127.0.0.1:15031] since the group already exists in the map.
	at org.apache.ratis.server.impl.RaftServerProxy$ImplMap.addNew(RaftServerProxy.java:99)
	at org.apache.ratis.server.impl.RaftServerProxy.groupAddAsync(RaftServerProxy.java:512)
	... 13 more
2025-07-16 09:24:53,068 [c8078d20-ca33-4dba-98fa-db5cc3bac21d-groupManagement] INFO  server.RaftServer$Division (RaftServerImpl.java:start(419)) - c8078d20-ca33-4dba-98fa-db5cc3bac21d@group-135A7E2B7B48: Successfully started.
2025-07-16 09:24:53,069 [c8078d20-ca33-4dba-98fa-db5cc3bac21d-PipelineCommandHandlerThread-0] INFO  ratis.XceiverServerRatis (XceiverServerRatis.java:addGroup(843)) - Created group Pipeline-679ae55d-cddb-48bc-a08b-135a7e2b7b48
2025-07-16 09:24:53,079 [grpc-default-executor-5] WARN  server.GrpcAdminProtocolService (GrpcAdminProtocolService.java:lambda$groupManagement$1(53)) - Failed groupManagement: GROUPADD, GroupManagementRequest:client-C9CE3108782C->eeb02985-7d85-4636-b5c3-9a2f1f8a3350@group-135A7E2B7B48, cid=666, seq=null, RW, null, Add:group-135A7E2B7B48:[c8078d20-ca33-4dba-98fa-db5cc3bac21d|127.0.0.1:15023, eeb02985-7d85-4636-b5c3-9a2f1f8a3350|127.0.0.1:15047, 3df55ae4-ab11-4f29-b552-47db40bdb184|127.0.0.1:15031]
java.util.concurrent.CompletionException: org.apache.ratis.protocol.exceptions.AlreadyExistsException: eeb02985-7d85-4636-b5c3-9a2f1f8a3350: Failed to add group-135A7E2B7B48:[c8078d20-ca33-4dba-98fa-db5cc3bac21d|127.0.0.1:15023, eeb02985-7d85-4636-b5c3-9a2f1f8a3350|127.0.0.1:15047, 3df55ae4-ab11-4f29-b552-47db40bdb184|127.0.0.1:15031] since the group already exists in the map.
	at java.base/java.util.concurrent.CompletableFuture.encodeThrowable(CompletableFuture.java:332)
	at java.base/java.util.concurrent.CompletableFuture.uniApplyNow(CompletableFuture.java:674)
	at java.base/java.util.concurrent.CompletableFuture.uniApplyStage(CompletableFuture.java:662)
	at java.base/java.util.concurrent.CompletableFuture.thenApplyAsync(CompletableFuture.java:2210)
	at org.apache.ratis.server.impl.RaftServerProxy.groupAddAsync(RaftServerProxy.java:513)
	at org.apache.ratis.server.impl.RaftServerProxy.groupManagementAsync(RaftServerProxy.java:495)
	at org.apache.ratis.grpc.server.GrpcAdminProtocolService.lambda$groupManagement$0(GrpcAdminProtocolService.java:51)
	at org.apache.ratis.grpc.GrpcUtil.asyncCall(GrpcUtil.java:172)
	at org.apache.ratis.grpc.server.GrpcAdminProtocolService.groupManagement(GrpcAdminProtocolService.java:51)
	at org.apache.ratis.proto.grpc.AdminProtocolServiceGrpc$MethodHandlers.invoke(AdminProtocolServiceGrpc.java:701)
	at org.apache.ratis.thirdparty.io.grpc.stub.ServerCalls$UnaryServerCallHandler$UnaryServerCallListener.onHalfClose(ServerCalls.java:182)
	at org.apache.ratis.thirdparty.io.grpc.internal.ServerCallImpl$ServerStreamListenerImpl.halfClosed(ServerCallImpl.java:356)
	at org.apache.ratis.thirdparty.io.grpc.internal.ServerImpl$JumpToApplicationThreadServerStreamListener$1HalfClosed.runInContext(ServerImpl.java:861)
	at org.apache.ratis.thirdparty.io.grpc.internal.ContextRunnable.run(ContextRunnable.java:37)
	at org.apache.ratis.thirdparty.io.grpc.internal.SerializingExecutor.run(SerializingExecutor.java:133)
	at java.base/java.util.concurrent.ThreadPoolExecutor.runWorker(ThreadPoolExecutor.java:1144)
	at java.base/java.util.concurrent.ThreadPoolExecutor$Worker.run(ThreadPoolExecutor.java:642)
	at java.base/java.lang.Thread.run(Thread.java:1583)
Caused by: org.apache.ratis.protocol.exceptions.AlreadyExistsException: eeb02985-7d85-4636-b5c3-9a2f1f8a3350: Failed to add group-135A7E2B7B48:[c8078d20-ca33-4dba-98fa-db5cc3bac21d|127.0.0.1:15023, eeb02985-7d85-4636-b5c3-9a2f1f8a3350|127.0.0.1:15047, 3df55ae4-ab11-4f29-b552-47db40bdb184|127.0.0.1:15031] since the group already exists in the map.
	at org.apache.ratis.server.impl.RaftServerProxy$ImplMap.addNew(RaftServerProxy.java:99)
	at org.apache.ratis.server.impl.RaftServerProxy.groupAddAsync(RaftServerProxy.java:512)
	... 13 more
2025-07-16 09:24:53,095 [grpc-default-executor-5] INFO  server.RaftServer (RaftServerProxy.java:addNew(105)) - 3df55ae4-ab11-4f29-b552-47db40bdb184: addNew group-135A7E2B7B48:[c8078d20-ca33-4dba-98fa-db5cc3bac21d|127.0.0.1:15023, eeb02985-7d85-4636-b5c3-9a2f1f8a3350|127.0.0.1:15047, 3df55ae4-ab11-4f29-b552-47db40bdb184|127.0.0.1:15031] returns group-135A7E2B7B48:java.util.concurrent.CompletableFuture@52b22509[Not completed]
2025-07-16 09:24:53,096 [grpc-default-executor-3] WARN  server.GrpcAdminProtocolService (GrpcAdminProtocolService.java:lambda$groupManagement$1(53)) - Failed groupManagement: GROUPADD, GroupManagementRequest:client-81A743E517F1->3df55ae4-ab11-4f29-b552-47db40bdb184@group-135A7E2B7B48, cid=668, seq=null, RW, null, Add:group-135A7E2B7B48:[c8078d20-ca33-4dba-98fa-db5cc3bac21d|127.0.0.1:15023, eeb02985-7d85-4636-b5c3-9a2f1f8a3350|127.0.0.1:15047, 3df55ae4-ab11-4f29-b552-47db40bdb184|127.0.0.1:15031]
java.util.concurrent.CompletionException: org.apache.ratis.protocol.exceptions.AlreadyExistsException: 3df55ae4-ab11-4f29-b552-47db40bdb184: Failed to add group-135A7E2B7B48:[c8078d20-ca33-4dba-98fa-db5cc3bac21d|127.0.0.1:15023, eeb02985-7d85-4636-b5c3-9a2f1f8a3350|127.0.0.1:15047, 3df55ae4-ab11-4f29-b552-47db40bdb184|127.0.0.1:15031] since the group already exists in the map.
	at java.base/java.util.concurrent.CompletableFuture.encodeThrowable(CompletableFuture.java:332)
	at java.base/java.util.concurrent.CompletableFuture.uniApplyNow(CompletableFuture.java:674)
	at java.base/java.util.concurrent.CompletableFuture.uniApplyStage(CompletableFuture.java:662)
	at java.base/java.util.concurrent.CompletableFuture.thenApplyAsync(CompletableFuture.java:2210)
	at org.apache.ratis.server.impl.RaftServerProxy.groupAddAsync(RaftServerProxy.java:513)
	at org.apache.ratis.server.impl.RaftServerProxy.groupManagementAsync(RaftServerProxy.java:495)
	at org.apache.ratis.grpc.server.GrpcAdminProtocolService.lambda$groupManagement$0(GrpcAdminProtocolService.java:51)
	at org.apache.ratis.grpc.GrpcUtil.asyncCall(GrpcUtil.java:172)
	at org.apache.ratis.grpc.server.GrpcAdminProtocolService.groupManagement(GrpcAdminProtocolService.java:51)
	at org.apache.ratis.proto.grpc.AdminProtocolServiceGrpc$MethodHandlers.invoke(AdminProtocolServiceGrpc.java:701)
	at org.apache.ratis.thirdparty.io.grpc.stub.ServerCalls$UnaryServerCallHandler$UnaryServerCallListener.onHalfClose(ServerCalls.java:182)
	at org.apache.ratis.thirdparty.io.grpc.internal.ServerCallImpl$ServerStreamListenerImpl.halfClosed(ServerCallImpl.java:356)
	at org.apache.ratis.thirdparty.io.grpc.internal.ServerImpl$JumpToApplicationThreadServerStreamListener$1HalfClosed.runInContext(ServerImpl.java:861)
	at org.apache.ratis.thirdparty.io.grpc.internal.ContextRunnable.run(ContextRunnable.java:37)
	at org.apache.ratis.thirdparty.io.grpc.internal.SerializingExecutor.run(SerializingExecutor.java:133)
	at java.base/java.util.concurrent.ThreadPoolExecutor.runWorker(ThreadPoolExecutor.java:1144)
	at java.base/java.util.concurrent.ThreadPoolExecutor$Worker.run(ThreadPoolExecutor.java:642)
	at java.base/java.lang.Thread.run(Thread.java:1583)
Caused by: org.apache.ratis.protocol.exceptions.AlreadyExistsException: 3df55ae4-ab11-4f29-b552-47db40bdb184: Failed to add group-135A7E2B7B48:[c8078d20-ca33-4dba-98fa-db5cc3bac21d|127.0.0.1:15023, eeb02985-7d85-4636-b5c3-9a2f1f8a3350|127.0.0.1:15047, 3df55ae4-ab11-4f29-b552-47db40bdb184|127.0.0.1:15031] since the group already exists in the map.
	at org.apache.ratis.server.impl.RaftServerProxy$ImplMap.addNew(RaftServerProxy.java:99)
	at org.apache.ratis.server.impl.RaftServerProxy.groupAddAsync(RaftServerProxy.java:512)
	... 13 more
2025-07-16 09:24:53,099 [3df55ae4-ab11-4f29-b552-47db40bdb184-groupManagement] INFO  server.RaftServer$Division (RaftServerImpl.java:<init>(268)) - 3df55ae4-ab11-4f29-b552-47db40bdb184: new RaftServerImpl for group-135A7E2B7B48:[c8078d20-ca33-4dba-98fa-db5cc3bac21d|127.0.0.1:15023, eeb02985-7d85-4636-b5c3-9a2f1f8a3350|127.0.0.1:15047, 3df55ae4-ab11-4f29-b552-47db40bdb184|127.0.0.1:15031] with ContainerStateMachine:uninitialized
2025-07-16 09:24:53,099 [3df55ae4-ab11-4f29-b552-47db40bdb184-groupManagement] INFO  server.RaftServer$Division (ServerState.java:<init>(114)) - 3df55ae4-ab11-4f29-b552-47db40bdb184@group-135A7E2B7B48: ConfigurationManager, init=conf: {index: -1, cur=peers:[c8078d20-ca33-4dba-98fa-db5cc3bac21d|127.0.0.1:15023, eeb02985-7d85-4636-b5c3-9a2f1f8a3350|127.0.0.1:15047, 3df55ae4-ab11-4f29-b552-47db40bdb184|127.0.0.1:15031]|listeners:[], old=null}, confs=<EMPTY_MAP>
2025-07-16 09:24:53,104 [c8078d20-ca33-4dba-98fa-db5cc3bac21d-PipelineCommandHandlerThread-0] INFO  commandhandler.CreatePipelineCommandHandler (CreatePipelineCommandHandler.java:lambda$handle$2(127)) - Created Pipeline RATIS THREE Pipeline-679ae55d-cddb-48bc-a08b-135a7e2b7b48.
2025-07-16 09:24:53,108 [3df55ae4-ab11-4f29-b552-47db40bdb184-groupManagement] INFO  server.RaftServerConfigKeys (ConfUtils.java:logGet(62)) - raft.server.storage.dir = [/home/runner/work/ozone/ozone/hadoop-ozone/integration-test/target/test-dir/MiniOzoneClusterImpl-048dddff-df79-4ead-b1dd-465e393877ff/ozone-meta/datanode-3/ratis] (custom)
2025-07-16 09:24:53,109 [3df55ae4-ab11-4f29-b552-47db40bdb184-groupManagement] INFO  storage.RaftStorageDirectory (RaftStorageDirectoryImpl.java:analyzeStorage(138)) - The storage directory /home/runner/work/ozone/ozone/hadoop-ozone/integration-test/target/test-dir/MiniOzoneClusterImpl-048dddff-df79-4ead-b1dd-465e393877ff/ozone-meta/datanode-3/ratis/679ae55d-cddb-48bc-a08b-135a7e2b7b48 does not exist. Creating ...
2025-07-16 09:24:53,110 [3df55ae4-ab11-4f29-b552-47db40bdb184-groupManagement] INFO  storage.RaftStorageDirectory (RaftStorageDirectoryImpl.java:tryLock(229)) - Lock on /home/runner/work/ozone/ozone/hadoop-ozone/integration-test/target/test-dir/MiniOzoneClusterImpl-048dddff-df79-4ead-b1dd-465e393877ff/ozone-meta/datanode-3/ratis/679ae55d-cddb-48bc-a08b-135a7e2b7b48/in_use.lock acquired by nodename 101583@localhost
2025-07-16 09:24:53,112 [3df55ae4-ab11-4f29-b552-47db40bdb184-groupManagement] INFO  storage.RaftStorage (RaftStorageImpl.java:format(98)) - Storage directory /home/runner/work/ozone/ozone/hadoop-ozone/integration-test/target/test-dir/MiniOzoneClusterImpl-048dddff-df79-4ead-b1dd-465e393877ff/ozone-meta/datanode-3/ratis/679ae55d-cddb-48bc-a08b-135a7e2b7b48 has been successfully formatted.
2025-07-16 09:24:53,113 [3df55ae4-ab11-4f29-b552-47db40bdb184-groupManagement] INFO  ratis.ContainerStateMachine (ContainerStateMachine.java:initialize(339)) - 3df55ae4-ab11-4f29-b552-47db40bdb184: initialize group-135A7E2B7B48
2025-07-16 09:24:53,114 [3df55ae4-ab11-4f29-b552-47db40bdb184-groupManagement] INFO  ratis.ContainerStateMachine (ContainerStateMachine.java:loadSnapshot(347)) - group-135A7E2B7B48: The snapshot info is null. Setting the last applied index to:<INITIAL_VALUE>
2025-07-16 09:24:53,114 [3df55ae4-ab11-4f29-b552-47db40bdb184-groupManagement] INFO  server.RaftServerConfigKeys (ConfUtils.java:logGet(62)) - raft.server.log.appender.buffer.byte-limit = 33554432 (custom)
2025-07-16 09:24:53,117 [3df55ae4-ab11-4f29-b552-47db40bdb184-groupManagement] INFO  server.RaftServerConfigKeys (ConfUtils.java:logGet(62)) - raft.server.log.segment.size.max = 67108864 (custom)
2025-07-16 09:24:53,118 [3df55ae4-ab11-4f29-b552-47db40bdb184-groupManagement] INFO  server.RaftServerConfigKeys (ConfUtils.java:logGet(62)) - raft.server.log.appender.buffer.byte-limit = 33554432 (custom)
2025-07-16 09:24:53,118 [3df55ae4-ab11-4f29-b552-47db40bdb184-groupManagement] INFO  util.AwaitToRun (AwaitToRun.java:start(81)) - Thread[#2216,3df55ae4-ab11-4f29-b552-47db40bdb184@group-135A7E2B7B48-cacheEviction-AwaitToRun,5,main] started
2025-07-16 09:24:53,118 [3df55ae4-ab11-4f29-b552-47db40bdb184-groupManagement] INFO  segmented.SegmentedRaftLogWorker (SegmentedRaftLogWorker.java:<init>(190)) - new 3df55ae4-ab11-4f29-b552-47db40bdb184@group-135A7E2B7B48-SegmentedRaftLogWorker for RaftStorageImpl:Storage Directory /home/runner/work/ozone/ozone/hadoop-ozone/integration-test/target/test-dir/MiniOzoneClusterImpl-048dddff-df79-4ead-b1dd-465e393877ff/ozone-meta/datanode-3/ratis/679ae55d-cddb-48bc-a08b-135a7e2b7b48
2025-07-16 09:24:53,118 [3df55ae4-ab11-4f29-b552-47db40bdb184-groupManagement] INFO  server.RaftServerConfigKeys (ConfUtils.java:logGet(62)) - raft.server.log.queue.byte-limit = 4294967296 (custom)
2025-07-16 09:24:53,119 [3df55ae4-ab11-4f29-b552-47db40bdb184-groupManagement] INFO  server.RaftServerConfigKeys (ConfUtils.java:logGet(62)) - raft.server.log.segment.size.max = 67108864 (custom)
2025-07-16 09:24:53,119 [3df55ae4-ab11-4f29-b552-47db40bdb184-groupManagement] INFO  server.RaftServerConfigKeys (ConfUtils.java:logGet(62)) - raft.server.log.preallocated.size = 4194304 (custom)
2025-07-16 09:24:53,120 [3df55ae4-ab11-4f29-b552-47db40bdb184-groupManagement] INFO  server.RaftServerConfigKeys (ConfUtils.java:logGet(62)) - raft.server.log.write.buffer.size = 33554440 (custom)
2025-07-16 09:24:53,126 [3df55ae4-ab11-4f29-b552-47db40bdb184-groupManagement] INFO  server.RaftServerConfigKeys (ConfUtils.java:logGet(62)) - raft.server.log.appender.buffer.byte-limit = 33554432 (custom)
2025-07-16 09:24:53,126 [3df55ae4-ab11-4f29-b552-47db40bdb184-groupManagement] INFO  segmented.SegmentedRaftLogWorker (SegmentedRaftLogWorker.java:lambda$new$0(141)) - 3df55ae4-ab11-4f29-b552-47db40bdb184@group-135A7E2B7B48-SegmentedRaftLogWorker: flushIndex: setUnconditionally 0 -> -1
2025-07-16 09:24:53,126 [3df55ae4-ab11-4f29-b552-47db40bdb184-groupManagement] INFO  segmented.SegmentedRaftLogWorker (SegmentedRaftLogWorker.java:lambda$new$0(141)) - 3df55ae4-ab11-4f29-b552-47db40bdb184@group-135A7E2B7B48-SegmentedRaftLogWorker: safeCacheEvictIndex: setUnconditionally 0 -> -1
2025-07-16 09:24:53,127 [3df55ae4-ab11-4f29-b552-47db40bdb184-groupManagement] INFO  server.RaftServer$Division (RaftServerImpl.java:start(405)) - 3df55ae4-ab11-4f29-b552-47db40bdb184@group-135A7E2B7B48: start as a follower, conf=conf: {index: -1, cur=peers:[c8078d20-ca33-4dba-98fa-db5cc3bac21d|127.0.0.1:15023, eeb02985-7d85-4636-b5c3-9a2f1f8a3350|127.0.0.1:15047, 3df55ae4-ab11-4f29-b552-47db40bdb184|127.0.0.1:15031]|listeners:[], old=null}
2025-07-16 09:24:53,128 [3df55ae4-ab11-4f29-b552-47db40bdb184-groupManagement] INFO  server.RaftServer$Division (RaftServerImpl.java:setRole(392)) - 3df55ae4-ab11-4f29-b552-47db40bdb184@group-135A7E2B7B48: changes role from      null to FOLLOWER at term 0 for startAsFollower
2025-07-16 09:24:53,128 [3df55ae4-ab11-4f29-b552-47db40bdb184-groupManagement] INFO  impl.RoleInfo (RoleInfo.java:updateAndGet(148)) - 3df55ae4-ab11-4f29-b552-47db40bdb184: start 3df55ae4-ab11-4f29-b552-47db40bdb184@group-135A7E2B7B48-FollowerState
2025-07-16 09:24:53,128 [3df55ae4-ab11-4f29-b552-47db40bdb184-groupManagement] INFO  util.JmxRegister (JmxRegister.java:tryRegister(44)) - Successfully registered JMX Bean with object name Ratis:service=RaftServer,group=group-135A7E2B7B48,id=3df55ae4-ab11-4f29-b552-47db40bdb184
2025-07-16 09:24:53,129 [3df55ae4-ab11-4f29-b552-47db40bdb184-groupManagement] INFO  util.JmxRegister (JmxRegister.java:register(58)) - register mxBean class org.apache.ratis.server.impl.RaftServerJmxAdapter as Ratis:service=RaftServer,group=group-135A7E2B7B48,id=3df55ae4-ab11-4f29-b552-47db40bdb184
2025-07-16 09:24:53,130 [3df55ae4-ab11-4f29-b552-47db40bdb184-groupManagement] INFO  server.RaftServer$Division (RaftServerImpl.java:start(419)) - 3df55ae4-ab11-4f29-b552-47db40bdb184@group-135A7E2B7B48: Successfully started.
2025-07-16 09:24:53,134 [eeb02985-7d85-4636-b5c3-9a2f1f8a3350-PipelineCommandHandlerThread-0] INFO  commandhandler.CreatePipelineCommandHandler (CreatePipelineCommandHandler.java:lambda$handle$2(127)) - Created Pipeline RATIS THREE Pipeline-679ae55d-cddb-48bc-a08b-135a7e2b7b48.
2025-07-16 09:24:53,998 [grpc-default-executor-0] INFO  segmented.SegmentedRaftLogWorker (SegmentedRaftLogWorker.java:close(254)) - f3e8fa50-d47b-47a2-ace4-21caf690791e@group-439D675E371F-SegmentedRaftLogWorker close()
2025-07-16 09:24:54,000 [grpc-default-executor-4] INFO  segmented.SegmentedRaftLogWorker (SegmentedRaftLogWorker.java:close(254)) - 3df55ae4-ab11-4f29-b552-47db40bdb184@group-439D675E371F-SegmentedRaftLogWorker close()
2025-07-16 09:24:54,000 [grpc-default-executor-0] INFO  server.RaftServer$Division (RaftServerImpl.java:groupRemove(497)) - f3e8fa50-d47b-47a2-ace4-21caf690791e@group-439D675E371F: Succeed to remove RaftStorageDirectory Storage Directory /home/runner/work/ozone/ozone/hadoop-ozone/integration-test/target/test-dir/MiniOzoneClusterImpl-048dddff-df79-4ead-b1dd-465e393877ff/ozone-meta/datanode-1/ratis/316fd34b-1f01-4e66-9189-439d675e371f
2025-07-16 09:24:54,003 [grpc-default-executor-4] INFO  server.RaftServer$Division (RaftServerImpl.java:groupRemove(497)) - 3df55ae4-ab11-4f29-b552-47db40bdb184@group-439D675E371F: Succeed to remove RaftStorageDirectory Storage Directory /home/runner/work/ozone/ozone/hadoop-ozone/integration-test/target/test-dir/MiniOzoneClusterImpl-048dddff-df79-4ead-b1dd-465e393877ff/ozone-meta/datanode-3/ratis/316fd34b-1f01-4e66-9189-439d675e371f
2025-07-16 09:24:54,005 [f3e8fa50-d47b-47a2-ace4-21caf690791e-PipelineCommandHandlerThread-0] WARN  server.RaftServer (RaftServerProxy.java:remove(111)) - f3e8fa50-d47b-47a2-ace4-21caf690791e: does not contain group: group-439D675E371F
2025-07-16 09:24:54,005 [3df55ae4-ab11-4f29-b552-47db40bdb184-PipelineCommandHandlerThread-0] WARN  server.RaftServer (RaftServerProxy.java:remove(111)) - 3df55ae4-ab11-4f29-b552-47db40bdb184: does not contain group: group-439D675E371F
2025-07-16 09:24:54,071 [eeb02985-7d85-4636-b5c3-9a2f1f8a3350@group-135A7E2B7B48-FollowerState] INFO  impl.FollowerState (FollowerState.java:runImpl(161)) - eeb02985-7d85-4636-b5c3-9a2f1f8a3350@group-135A7E2B7B48-FollowerState: change to CANDIDATE, lastRpcElapsedTime:1027844830ns, electionTimeout:1025ms
2025-07-16 09:24:54,071 [eeb02985-7d85-4636-b5c3-9a2f1f8a3350@group-135A7E2B7B48-FollowerState] INFO  impl.RoleInfo (RoleInfo.java:shutdownFollowerState(121)) - eeb02985-7d85-4636-b5c3-9a2f1f8a3350: shutdown eeb02985-7d85-4636-b5c3-9a2f1f8a3350@group-135A7E2B7B48-FollowerState
2025-07-16 09:24:54,071 [eeb02985-7d85-4636-b5c3-9a2f1f8a3350@group-135A7E2B7B48-FollowerState] INFO  server.RaftServer$Division (RaftServerImpl.java:setRole(392)) - eeb02985-7d85-4636-b5c3-9a2f1f8a3350@group-135A7E2B7B48: changes role from  FOLLOWER to CANDIDATE at term 0 for changeToCandidate
2025-07-16 09:24:54,072 [eeb02985-7d85-4636-b5c3-9a2f1f8a3350@group-135A7E2B7B48-FollowerState] INFO  impl.RoleInfo (RoleInfo.java:updateAndGet(148)) - eeb02985-7d85-4636-b5c3-9a2f1f8a3350: start eeb02985-7d85-4636-b5c3-9a2f1f8a3350@group-135A7E2B7B48-LeaderElection12
2025-07-16 09:24:54,072 [eeb02985-7d85-4636-b5c3-9a2f1f8a3350@group-135A7E2B7B48-LeaderElection12] INFO  impl.LeaderElection (LeaderElection.java:askForVotes(448)) - eeb02985-7d85-4636-b5c3-9a2f1f8a3350@group-135A7E2B7B48-LeaderElection12 PRE_VOTE round 0: submit vote requests at term 0 for conf: {index: -1, cur=peers:[c8078d20-ca33-4dba-98fa-db5cc3bac21d|127.0.0.1:15023, eeb02985-7d85-4636-b5c3-9a2f1f8a3350|127.0.0.1:15047, 3df55ae4-ab11-4f29-b552-47db40bdb184|127.0.0.1:15031]|listeners:[], old=null}
2025-07-16 09:24:54,073 [eeb02985-7d85-4636-b5c3-9a2f1f8a3350@group-135A7E2B7B48-LeaderElection12-1] INFO  server.GrpcServerProtocolClient (GrpcServerProtocolClient.java:<init>(65)) - Build channel for c8078d20-ca33-4dba-98fa-db5cc3bac21d|127.0.0.1:15023
2025-07-16 09:24:54,073 [eeb02985-7d85-4636-b5c3-9a2f1f8a3350@group-135A7E2B7B48-LeaderElection12-2] INFO  server.GrpcServerProtocolClient (GrpcServerProtocolClient.java:<init>(65)) - Build channel for 3df55ae4-ab11-4f29-b552-47db40bdb184|127.0.0.1:15031
2025-07-16 09:24:54,078 [grpc-default-executor-4] INFO  server.RaftServer$Division (RaftServerImpl.java:requestVote(1421)) - 3df55ae4-ab11-4f29-b552-47db40bdb184@group-135A7E2B7B48: receive requestVote(PRE_VOTE, eeb02985-7d85-4636-b5c3-9a2f1f8a3350, group-135A7E2B7B48, 0, <PROTO_DEFAULT>)
2025-07-16 09:24:54,078 [grpc-default-executor-4] INFO  impl.VoteContext (VoteContext.java:log(49)) - 3df55ae4-ab11-4f29-b552-47db40bdb184@group-135A7E2B7B48-FOLLOWER: accept PRE_VOTE from eeb02985-7d85-4636-b5c3-9a2f1f8a3350: our priority 0 <= candidate's priority 0
2025-07-16 09:24:54,078 [grpc-default-executor-4] INFO  server.RaftServer$Division (RaftServerImpl.java:requestVote(1455)) - 3df55ae4-ab11-4f29-b552-47db40bdb184@group-135A7E2B7B48 replies to PRE_VOTE vote request: eeb02985-7d85-4636-b5c3-9a2f1f8a3350<-3df55ae4-ab11-4f29-b552-47db40bdb184#0:OK-t0-last:<INITIAL_VALUE>. Peer's state: 3df55ae4-ab11-4f29-b552-47db40bdb184@group-135A7E2B7B48:t0, leader=null, voted=, raftlog=Memoized:3df55ae4-ab11-4f29-b552-47db40bdb184@group-135A7E2B7B48-SegmentedRaftLog:OPENED:c-1:lastnull, conf=conf: {index: -1, cur=peers:[c8078d20-ca33-4dba-98fa-db5cc3bac21d|127.0.0.1:15023, eeb02985-7d85-4636-b5c3-9a2f1f8a3350|127.0.0.1:15047, 3df55ae4-ab11-4f29-b552-47db40bdb184|127.0.0.1:15031]|listeners:[], old=null}
2025-07-16 09:24:54,080 [grpc-default-executor-4] INFO  server.RaftServer$Division (RaftServerImpl.java:requestVote(1421)) - c8078d20-ca33-4dba-98fa-db5cc3bac21d@group-135A7E2B7B48: receive requestVote(PRE_VOTE, eeb02985-7d85-4636-b5c3-9a2f1f8a3350, group-135A7E2B7B48, 0, <PROTO_DEFAULT>)
2025-07-16 09:24:54,081 [grpc-default-executor-4] INFO  impl.VoteContext (VoteContext.java:log(49)) - c8078d20-ca33-4dba-98fa-db5cc3bac21d@group-135A7E2B7B48-FOLLOWER: reject PRE_VOTE from eeb02985-7d85-4636-b5c3-9a2f1f8a3350: our priority 1 > candidate's priority 0
2025-07-16 09:24:54,081 [grpc-default-executor-4] INFO  server.RaftServer$Division (RaftServerImpl.java:requestVote(1455)) - c8078d20-ca33-4dba-98fa-db5cc3bac21d@group-135A7E2B7B48 replies to PRE_VOTE vote request: eeb02985-7d85-4636-b5c3-9a2f1f8a3350<-c8078d20-ca33-4dba-98fa-db5cc3bac21d#0:FAIL-t0-last:<INITIAL_VALUE>. Peer's state: c8078d20-ca33-4dba-98fa-db5cc3bac21d@group-135A7E2B7B48:t0, leader=null, voted=, raftlog=Memoized:c8078d20-ca33-4dba-98fa-db5cc3bac21d@group-135A7E2B7B48-SegmentedRaftLog:OPENED:c-1:lastnull, conf=conf: {index: -1, cur=peers:[c8078d20-ca33-4dba-98fa-db5cc3bac21d|127.0.0.1:15023, eeb02985-7d85-4636-b5c3-9a2f1f8a3350|127.0.0.1:15047, 3df55ae4-ab11-4f29-b552-47db40bdb184|127.0.0.1:15031]|listeners:[], old=null}
2025-07-16 09:24:54,082 [eeb02985-7d85-4636-b5c3-9a2f1f8a3350@group-135A7E2B7B48-LeaderElection12] INFO  impl.LeaderElection (LeaderElection.java:logAndReturn(206)) - eeb02985-7d85-4636-b5c3-9a2f1f8a3350@group-135A7E2B7B48-LeaderElection12: PRE_VOTE REJECTED received 2 response(s) and 0 exception(s):
2025-07-16 09:24:54,082 [eeb02985-7d85-4636-b5c3-9a2f1f8a3350@group-135A7E2B7B48-LeaderElection12] INFO  impl.LeaderElection (LeaderElection.java:logAndReturn(210)) -   Response 0: eeb02985-7d85-4636-b5c3-9a2f1f8a3350<-c8078d20-ca33-4dba-98fa-db5cc3bac21d#0:FAIL-t0-last:<INITIAL_VALUE>
2025-07-16 09:24:54,082 [eeb02985-7d85-4636-b5c3-9a2f1f8a3350@group-135A7E2B7B48-LeaderElection12] INFO  impl.LeaderElection (LeaderElection.java:logAndReturn(210)) -   Response 1: eeb02985-7d85-4636-b5c3-9a2f1f8a3350<-3df55ae4-ab11-4f29-b552-47db40bdb184#0:OK-t0-last:<INITIAL_VALUE>
2025-07-16 09:24:54,082 [eeb02985-7d85-4636-b5c3-9a2f1f8a3350@group-135A7E2B7B48-LeaderElection12] INFO  impl.LeaderElection (LeaderElection.java:askForVotes(450)) - eeb02985-7d85-4636-b5c3-9a2f1f8a3350@group-135A7E2B7B48-LeaderElection12 PRE_VOTE round 0: result REJECTED
2025-07-16 09:24:54,082 [eeb02985-7d85-4636-b5c3-9a2f1f8a3350@group-135A7E2B7B48-LeaderElection12] INFO  server.RaftServer$Division (RaftServerImpl.java:setRole(392)) - eeb02985-7d85-4636-b5c3-9a2f1f8a3350@group-135A7E2B7B48: changes role from CANDIDATE to FOLLOWER at term 0 for REJECTED
2025-07-16 09:24:54,083 [eeb02985-7d85-4636-b5c3-9a2f1f8a3350@group-135A7E2B7B48-LeaderElection12] INFO  impl.RoleInfo (RoleInfo.java:shutdownLeaderElection(141)) - eeb02985-7d85-4636-b5c3-9a2f1f8a3350: shutdown eeb02985-7d85-4636-b5c3-9a2f1f8a3350@group-135A7E2B7B48-LeaderElection12
2025-07-16 09:24:54,083 [eeb02985-7d85-4636-b5c3-9a2f1f8a3350@group-135A7E2B7B48-LeaderElection12] INFO  impl.RoleInfo (RoleInfo.java:updateAndGet(148)) - eeb02985-7d85-4636-b5c3-9a2f1f8a3350: start eeb02985-7d85-4636-b5c3-9a2f1f8a3350@group-135A7E2B7B48-FollowerState
2025-07-16 09:24:54,083 [eeb02985-7d85-4636-b5c3-9a2f1f8a3350@group-135A7E2B7B48-LeaderElection12] INFO  server.RaftServer$Division (RaftServerImpl.java:setFirstElection(576)) - eeb02985-7d85-4636-b5c3-9a2f1f8a3350@group-135A7E2B7B48: set firstElectionSinceStartup to false for REJECTED
2025-07-16 09:24:54,200 [c8078d20-ca33-4dba-98fa-db5cc3bac21d@group-135A7E2B7B48-FollowerState] INFO  impl.FollowerState (FollowerState.java:runImpl(161)) - c8078d20-ca33-4dba-98fa-db5cc3bac21d@group-135A7E2B7B48-FollowerState: change to CANDIDATE, lastRpcElapsedTime:1134508883ns, electionTimeout:1133ms
2025-07-16 09:24:54,200 [c8078d20-ca33-4dba-98fa-db5cc3bac21d@group-135A7E2B7B48-FollowerState] INFO  impl.RoleInfo (RoleInfo.java:shutdownFollowerState(121)) - c8078d20-ca33-4dba-98fa-db5cc3bac21d: shutdown c8078d20-ca33-4dba-98fa-db5cc3bac21d@group-135A7E2B7B48-FollowerState
2025-07-16 09:24:54,200 [c8078d20-ca33-4dba-98fa-db5cc3bac21d@group-135A7E2B7B48-FollowerState] INFO  server.RaftServer$Division (RaftServerImpl.java:setRole(392)) - c8078d20-ca33-4dba-98fa-db5cc3bac21d@group-135A7E2B7B48: changes role from  FOLLOWER to CANDIDATE at term 0 for changeToCandidate
2025-07-16 09:24:54,200 [c8078d20-ca33-4dba-98fa-db5cc3bac21d@group-135A7E2B7B48-FollowerState] INFO  impl.RoleInfo (RoleInfo.java:updateAndGet(148)) - c8078d20-ca33-4dba-98fa-db5cc3bac21d: start c8078d20-ca33-4dba-98fa-db5cc3bac21d@group-135A7E2B7B48-LeaderElection13
2025-07-16 09:24:54,201 [c8078d20-ca33-4dba-98fa-db5cc3bac21d@group-135A7E2B7B48-LeaderElection13] INFO  impl.LeaderElection (LeaderElection.java:askForVotes(448)) - c8078d20-ca33-4dba-98fa-db5cc3bac21d@group-135A7E2B7B48-LeaderElection13 PRE_VOTE round 0: submit vote requests at term 0 for conf: {index: -1, cur=peers:[c8078d20-ca33-4dba-98fa-db5cc3bac21d|127.0.0.1:15023, eeb02985-7d85-4636-b5c3-9a2f1f8a3350|127.0.0.1:15047, 3df55ae4-ab11-4f29-b552-47db40bdb184|127.0.0.1:15031]|listeners:[], old=null}
2025-07-16 09:24:54,202 [c8078d20-ca33-4dba-98fa-db5cc3bac21d@group-135A7E2B7B48-LeaderElection13-1] INFO  server.GrpcServerProtocolClient (GrpcServerProtocolClient.java:<init>(65)) - Build channel for eeb02985-7d85-4636-b5c3-9a2f1f8a3350|127.0.0.1:15047
2025-07-16 09:24:54,205 [grpc-default-executor-4] INFO  server.RaftServer$Division (RaftServerImpl.java:requestVote(1421)) - 3df55ae4-ab11-4f29-b552-47db40bdb184@group-135A7E2B7B48: receive requestVote(PRE_VOTE, c8078d20-ca33-4dba-98fa-db5cc3bac21d, group-135A7E2B7B48, 0, <PROTO_DEFAULT>)
2025-07-16 09:24:54,205 [grpc-default-executor-4] INFO  impl.VoteContext (VoteContext.java:log(49)) - 3df55ae4-ab11-4f29-b552-47db40bdb184@group-135A7E2B7B48-FOLLOWER: accept PRE_VOTE from c8078d20-ca33-4dba-98fa-db5cc3bac21d: our priority 0 <= candidate's priority 1
2025-07-16 09:24:54,205 [grpc-default-executor-4] INFO  server.RaftServer$Division (RaftServerImpl.java:requestVote(1455)) - 3df55ae4-ab11-4f29-b552-47db40bdb184@group-135A7E2B7B48 replies to PRE_VOTE vote request: c8078d20-ca33-4dba-98fa-db5cc3bac21d<-3df55ae4-ab11-4f29-b552-47db40bdb184#0:OK-t0-last:<INITIAL_VALUE>. Peer's state: 3df55ae4-ab11-4f29-b552-47db40bdb184@group-135A7E2B7B48:t0, leader=null, voted=, raftlog=Memoized:3df55ae4-ab11-4f29-b552-47db40bdb184@group-135A7E2B7B48-SegmentedRaftLog:OPENED:c-1:lastnull, conf=conf: {index: -1, cur=peers:[c8078d20-ca33-4dba-98fa-db5cc3bac21d|127.0.0.1:15023, eeb02985-7d85-4636-b5c3-9a2f1f8a3350|127.0.0.1:15047, 3df55ae4-ab11-4f29-b552-47db40bdb184|127.0.0.1:15031]|listeners:[], old=null}
2025-07-16 09:24:54,207 [c8078d20-ca33-4dba-98fa-db5cc3bac21d@group-135A7E2B7B48-LeaderElection13] INFO  impl.LeaderElection (LeaderElection.java:logAndReturn(206)) - c8078d20-ca33-4dba-98fa-db5cc3bac21d@group-135A7E2B7B48-LeaderElection13: PRE_VOTE PASSED received 1 response(s) and 0 exception(s):
2025-07-16 09:24:54,207 [c8078d20-ca33-4dba-98fa-db5cc3bac21d@group-135A7E2B7B48-LeaderElection13] INFO  impl.LeaderElection (LeaderElection.java:logAndReturn(210)) -   Response 0: c8078d20-ca33-4dba-98fa-db5cc3bac21d<-3df55ae4-ab11-4f29-b552-47db40bdb184#0:OK-t0-last:<INITIAL_VALUE>
2025-07-16 09:24:54,207 [c8078d20-ca33-4dba-98fa-db5cc3bac21d@group-135A7E2B7B48-LeaderElection13] INFO  impl.LeaderElection (LeaderElection.java:askForVotes(450)) - c8078d20-ca33-4dba-98fa-db5cc3bac21d@group-135A7E2B7B48-LeaderElection13 PRE_VOTE round 0: result PASSED
2025-07-16 09:24:54,209 [c8078d20-ca33-4dba-98fa-db5cc3bac21d@group-135A7E2B7B48-LeaderElection13] INFO  impl.LeaderElection (LeaderElection.java:askForVotes(448)) - c8078d20-ca33-4dba-98fa-db5cc3bac21d@group-135A7E2B7B48-LeaderElection13 ELECTION round 0: submit vote requests at term 1 for conf: {index: -1, cur=peers:[c8078d20-ca33-4dba-98fa-db5cc3bac21d|127.0.0.1:15023, eeb02985-7d85-4636-b5c3-9a2f1f8a3350|127.0.0.1:15047, 3df55ae4-ab11-4f29-b552-47db40bdb184|127.0.0.1:15031]|listeners:[], old=null}
2025-07-16 09:24:54,211 [grpc-default-executor-4] INFO  server.RaftServer$Division (RaftServerImpl.java:requestVote(1421)) - 3df55ae4-ab11-4f29-b552-47db40bdb184@group-135A7E2B7B48: receive requestVote(ELECTION, c8078d20-ca33-4dba-98fa-db5cc3bac21d, group-135A7E2B7B48, 1, <PROTO_DEFAULT>)
2025-07-16 09:24:54,211 [grpc-default-executor-4] INFO  impl.VoteContext (VoteContext.java:log(49)) - 3df55ae4-ab11-4f29-b552-47db40bdb184@group-135A7E2B7B48-FOLLOWER: accept ELECTION from c8078d20-ca33-4dba-98fa-db5cc3bac21d: our priority 0 <= candidate's priority 1
2025-07-16 09:24:54,211 [grpc-default-executor-0] INFO  server.RaftServer$Division (RaftServerImpl.java:requestVote(1421)) - eeb02985-7d85-4636-b5c3-9a2f1f8a3350@group-135A7E2B7B48: receive requestVote(ELECTION, c8078d20-ca33-4dba-98fa-db5cc3bac21d, group-135A7E2B7B48, 1, <PROTO_DEFAULT>)
2025-07-16 09:24:54,211 [grpc-default-executor-0] INFO  impl.VoteContext (VoteContext.java:log(49)) - eeb02985-7d85-4636-b5c3-9a2f1f8a3350@group-135A7E2B7B48-FOLLOWER: accept ELECTION from c8078d20-ca33-4dba-98fa-db5cc3bac21d: our priority 0 <= candidate's priority 1
2025-07-16 09:24:54,211 [grpc-default-executor-4] INFO  server.RaftServer$Division (RaftServerImpl.java:setRole(392)) - 3df55ae4-ab11-4f29-b552-47db40bdb184@group-135A7E2B7B48: changes role from  FOLLOWER to FOLLOWER at term 0 for candidate:c8078d20-ca33-4dba-98fa-db5cc3bac21d
2025-07-16 09:24:54,211 [grpc-default-executor-4] INFO  impl.RoleInfo (RoleInfo.java:shutdownFollowerState(121)) - 3df55ae4-ab11-4f29-b552-47db40bdb184: shutdown 3df55ae4-ab11-4f29-b552-47db40bdb184@group-135A7E2B7B48-FollowerState
2025-07-16 09:24:54,211 [grpc-default-executor-4] INFO  impl.RoleInfo (RoleInfo.java:updateAndGet(148)) - 3df55ae4-ab11-4f29-b552-47db40bdb184: start 3df55ae4-ab11-4f29-b552-47db40bdb184@group-135A7E2B7B48-FollowerState
2025-07-16 09:24:54,212 [3df55ae4-ab11-4f29-b552-47db40bdb184@group-135A7E2B7B48-FollowerState] INFO  impl.FollowerState (FollowerState.java:runImpl(170)) - 3df55ae4-ab11-4f29-b552-47db40bdb184@group-135A7E2B7B48-FollowerState was interrupted
2025-07-16 09:24:54,211 [grpc-default-executor-0] INFO  server.RaftServer$Division (RaftServerImpl.java:setRole(392)) - eeb02985-7d85-4636-b5c3-9a2f1f8a3350@group-135A7E2B7B48: changes role from  FOLLOWER to FOLLOWER at term 0 for candidate:c8078d20-ca33-4dba-98fa-db5cc3bac21d
2025-07-16 09:24:54,212 [grpc-default-executor-0] INFO  impl.RoleInfo (RoleInfo.java:shutdownFollowerState(121)) - eeb02985-7d85-4636-b5c3-9a2f1f8a3350: shutdown eeb02985-7d85-4636-b5c3-9a2f1f8a3350@group-135A7E2B7B48-FollowerState
2025-07-16 09:24:54,212 [grpc-default-executor-0] INFO  impl.RoleInfo (RoleInfo.java:updateAndGet(148)) - eeb02985-7d85-4636-b5c3-9a2f1f8a3350: start eeb02985-7d85-4636-b5c3-9a2f1f8a3350@group-135A7E2B7B48-FollowerState
2025-07-16 09:24:54,212 [eeb02985-7d85-4636-b5c3-9a2f1f8a3350@group-135A7E2B7B48-FollowerState] INFO  impl.FollowerState (FollowerState.java:runImpl(170)) - eeb02985-7d85-4636-b5c3-9a2f1f8a3350@group-135A7E2B7B48-FollowerState was interrupted
2025-07-16 09:24:54,213 [grpc-default-executor-4] INFO  server.RaftServer$Division (RaftServerImpl.java:setFirstElection(576)) - 3df55ae4-ab11-4f29-b552-47db40bdb184@group-135A7E2B7B48: set firstElectionSinceStartup to false for candidate:c8078d20-ca33-4dba-98fa-db5cc3bac21d
2025-07-16 09:24:54,216 [grpc-default-executor-4] INFO  server.RaftServer$Division (RaftServerImpl.java:requestVote(1455)) - 3df55ae4-ab11-4f29-b552-47db40bdb184@group-135A7E2B7B48 replies to ELECTION vote request: c8078d20-ca33-4dba-98fa-db5cc3bac21d<-3df55ae4-ab11-4f29-b552-47db40bdb184#0:OK-t1-last:<INITIAL_VALUE>. Peer's state: 3df55ae4-ab11-4f29-b552-47db40bdb184@group-135A7E2B7B48:t1, leader=null, voted=c8078d20-ca33-4dba-98fa-db5cc3bac21d, raftlog=Memoized:3df55ae4-ab11-4f29-b552-47db40bdb184@group-135A7E2B7B48-SegmentedRaftLog:OPENED:c-1:lastnull, conf=conf: {index: -1, cur=peers:[c8078d20-ca33-4dba-98fa-db5cc3bac21d|127.0.0.1:15023, eeb02985-7d85-4636-b5c3-9a2f1f8a3350|127.0.0.1:15047, 3df55ae4-ab11-4f29-b552-47db40bdb184|127.0.0.1:15031]|listeners:[], old=null}
2025-07-16 09:24:54,216 [grpc-default-executor-0] INFO  server.RaftServer$Division (RaftServerImpl.java:requestVote(1455)) - eeb02985-7d85-4636-b5c3-9a2f1f8a3350@group-135A7E2B7B48 replies to ELECTION vote request: c8078d20-ca33-4dba-98fa-db5cc3bac21d<-eeb02985-7d85-4636-b5c3-9a2f1f8a3350#0:OK-t1-last:<INITIAL_VALUE>. Peer's state: eeb02985-7d85-4636-b5c3-9a2f1f8a3350@group-135A7E2B7B48:t1, leader=null, voted=c8078d20-ca33-4dba-98fa-db5cc3bac21d, raftlog=Memoized:eeb02985-7d85-4636-b5c3-9a2f1f8a3350@group-135A7E2B7B48-SegmentedRaftLog:OPENED:c-1:lastnull, conf=conf: {index: -1, cur=peers:[c8078d20-ca33-4dba-98fa-db5cc3bac21d|127.0.0.1:15023, eeb02985-7d85-4636-b5c3-9a2f1f8a3350|127.0.0.1:15047, 3df55ae4-ab11-4f29-b552-47db40bdb184|127.0.0.1:15031]|listeners:[], old=null}
2025-07-16 09:24:54,217 [c8078d20-ca33-4dba-98fa-db5cc3bac21d@group-135A7E2B7B48-LeaderElection13] INFO  impl.LeaderElection (LeaderElection.java:logAndReturn(206)) - c8078d20-ca33-4dba-98fa-db5cc3bac21d@group-135A7E2B7B48-LeaderElection13: ELECTION PASSED received 1 response(s) and 0 exception(s):
2025-07-16 09:24:54,218 [c8078d20-ca33-4dba-98fa-db5cc3bac21d@group-135A7E2B7B48-LeaderElection13] INFO  impl.LeaderElection (LeaderElection.java:logAndReturn(210)) -   Response 0: c8078d20-ca33-4dba-98fa-db5cc3bac21d<-3df55ae4-ab11-4f29-b552-47db40bdb184#0:OK-t1-last:<INITIAL_VALUE>
2025-07-16 09:24:54,218 [c8078d20-ca33-4dba-98fa-db5cc3bac21d@group-135A7E2B7B48-LeaderElection13] INFO  impl.LeaderElection (LeaderElection.java:askForVotes(450)) - c8078d20-ca33-4dba-98fa-db5cc3bac21d@group-135A7E2B7B48-LeaderElection13 ELECTION round 0: result PASSED
2025-07-16 09:24:54,219 [c8078d20-ca33-4dba-98fa-db5cc3bac21d@group-135A7E2B7B48-LeaderElection13] INFO  impl.RoleInfo (RoleInfo.java:shutdownLeaderElection(141)) - c8078d20-ca33-4dba-98fa-db5cc3bac21d: shutdown c8078d20-ca33-4dba-98fa-db5cc3bac21d@group-135A7E2B7B48-LeaderElection13
2025-07-16 09:24:54,219 [c8078d20-ca33-4dba-98fa-db5cc3bac21d@group-135A7E2B7B48-LeaderElection13] INFO  server.RaftServer$Division (RaftServerImpl.java:setRole(392)) - c8078d20-ca33-4dba-98fa-db5cc3bac21d@group-135A7E2B7B48: changes role from CANDIDATE to LEADER at term 1 for changeToLeader
2025-07-16 09:24:54,219 [c8078d20-ca33-4dba-98fa-db5cc3bac21d@group-135A7E2B7B48-LeaderElection13] INFO  server.RaftServerConfigKeys (ConfUtils.java:logFallback(69)) - raft.server.staging.timeout = 15600ms (fallback to raft.server.rpc.timeout.max)
2025-07-16 09:24:54,220 [c8078d20-ca33-4dba-98fa-db5cc3bac21d@group-135A7E2B7B48-LeaderElection13] INFO  server.RaftServerConfigKeys (ConfUtils.java:logGet(62)) - raft.server.write.byte-limit = 1024 M (=1073741824) (custom)
2025-07-16 09:24:54,221 [c8078d20-ca33-4dba-98fa-db5cc3bac21d@group-135A7E2B7B48-LeaderElection13] INFO  server.RaftServerConfigKeys (ConfUtils.java:logGet(62)) - raft.server.log.appender.buffer.byte-limit = 33554432 (custom)
2025-07-16 09:24:54,223 [c8078d20-ca33-4dba-98fa-db5cc3bac21d@group-135A7E2B7B48-LeaderElection13] INFO  server.RaftServerConfigKeys (ConfUtils.java:logGet(62)) - raft.server.log.appender.buffer.byte-limit = 33554432 (custom)
2025-07-16 09:24:54,223 [c8078d20-ca33-4dba-98fa-db5cc3bac21d@group-135A7E2B7B48-LeaderElection13] INFO  impl.RoleInfo (RoleInfo.java:updateAndGet(148)) - c8078d20-ca33-4dba-98fa-db5cc3bac21d: start c8078d20-ca33-4dba-98fa-db5cc3bac21d@group-135A7E2B7B48-LeaderStateImpl
2025-07-16 09:24:54,224 [c8078d20-ca33-4dba-98fa-db5cc3bac21d@group-135A7E2B7B48-LeaderElection13] INFO  server.RaftServer$Division (RaftServerImpl.java:setFirstElection(576)) - c8078d20-ca33-4dba-98fa-db5cc3bac21d@group-135A7E2B7B48: set firstElectionSinceStartup to false for becomeLeader
2025-07-16 09:24:54,224 [c8078d20-ca33-4dba-98fa-db5cc3bac21d@group-135A7E2B7B48-LeaderElection13] INFO  ratis.XceiverServerRatis (XceiverServerRatis.java:handleLeaderChangedNotification(944)) - Leader change notification received for group: group-135A7E2B7B48 with new leaderId: c8078d20-ca33-4dba-98fa-db5cc3bac21d
2025-07-16 09:24:54,224 [c8078d20-ca33-4dba-98fa-db5cc3bac21d@group-135A7E2B7B48-LeaderElection13] INFO  server.RaftServer$Division (ServerState.java:setLeader(272)) - c8078d20-ca33-4dba-98fa-db5cc3bac21d@group-135A7E2B7B48: change Leader from null to c8078d20-ca33-4dba-98fa-db5cc3bac21d at term 1 for becomeLeader, leader elected after 1263ms
2025-07-16 09:24:54,224 [c8078d20-ca33-4dba-98fa-db5cc3bac21d@group-135A7E2B7B48-LeaderElection13] INFO  segmented.SegmentedRaftLogWorker (SegmentedRaftLogWorker.java:startLogSegment(440)) - c8078d20-ca33-4dba-98fa-db5cc3bac21d@group-135A7E2B7B48-SegmentedRaftLogWorker: Starting segment from index:0
2025-07-16 09:24:54,225 [c8078d20-ca33-4dba-98fa-db5cc3bac21d@group-135A7E2B7B48-LeaderElection13] INFO  server.RaftServer$Division (ServerState.java:setRaftConf(386)) - c8078d20-ca33-4dba-98fa-db5cc3bac21d@group-135A7E2B7B48: set configuration conf: {index: 0, cur=peers:[c8078d20-ca33-4dba-98fa-db5cc3bac21d|127.0.0.1:15023, eeb02985-7d85-4636-b5c3-9a2f1f8a3350|127.0.0.1:15047, 3df55ae4-ab11-4f29-b552-47db40bdb184|127.0.0.1:15031]|listeners:[], old=null}
2025-07-16 09:24:54,225 [c8078d20-ca33-4dba-98fa-db5cc3bac21d@group-135A7E2B7B48-SegmentedRaftLogWorker] INFO  segmented.BufferedWriteChannel (BufferedWriteChannel.java:open(61)) - open log_inprogress_0 at position 0
2025-07-16 09:24:54,235 [grpc-default-executor-0] INFO  ratis.XceiverServerRatis (XceiverServerRatis.java:handleLeaderChangedNotification(944)) - Leader change notification received for group: group-135A7E2B7B48 with new leaderId: c8078d20-ca33-4dba-98fa-db5cc3bac21d
2025-07-16 09:24:54,235 [grpc-default-executor-0] INFO  server.RaftServer$Division (ServerState.java:setLeader(272)) - 3df55ae4-ab11-4f29-b552-47db40bdb184@group-135A7E2B7B48: change Leader from null to c8078d20-ca33-4dba-98fa-db5cc3bac21d at term 1 for appendEntries, leader elected after 1135ms
2025-07-16 09:24:54,236 [grpc-default-executor-4] INFO  ratis.XceiverServerRatis (XceiverServerRatis.java:handleLeaderChangedNotification(944)) - Leader change notification received for group: group-135A7E2B7B48 with new leaderId: c8078d20-ca33-4dba-98fa-db5cc3bac21d
2025-07-16 09:24:54,236 [grpc-default-executor-4] INFO  server.RaftServer$Division (ServerState.java:setLeader(272)) - eeb02985-7d85-4636-b5c3-9a2f1f8a3350@group-135A7E2B7B48: change Leader from null to c8078d20-ca33-4dba-98fa-db5cc3bac21d at term 1 for appendEntries, leader elected after 1282ms
2025-07-16 09:24:54,237 [grpc-default-executor-3] INFO  server.RaftServer$Division (ServerState.java:setRaftConf(386)) - eeb02985-7d85-4636-b5c3-9a2f1f8a3350@group-135A7E2B7B48: set configuration conf: {index: 0, cur=peers:[c8078d20-ca33-4dba-98fa-db5cc3bac21d|127.0.0.1:15023, eeb02985-7d85-4636-b5c3-9a2f1f8a3350|127.0.0.1:15047, 3df55ae4-ab11-4f29-b552-47db40bdb184|127.0.0.1:15031]|listeners:[], old=null}
2025-07-16 09:24:54,237 [grpc-default-executor-3] INFO  segmented.SegmentedRaftLogWorker (SegmentedRaftLogWorker.java:startLogSegment(440)) - eeb02985-7d85-4636-b5c3-9a2f1f8a3350@group-135A7E2B7B48-SegmentedRaftLogWorker: Starting segment from index:0
2025-07-16 09:24:54,238 [eeb02985-7d85-4636-b5c3-9a2f1f8a3350@group-135A7E2B7B48-SegmentedRaftLogWorker] INFO  segmented.BufferedWriteChannel (BufferedWriteChannel.java:open(61)) - open log_inprogress_0 at position 0
2025-07-16 09:24:54,237 [EventQueue-PipelineReportForPipelineReportHandler] INFO  pipeline.PipelineReportHandler (PipelineReportHandler.java:processPipelineReport(134)) - Opened pipeline Pipeline-679ae55d-cddb-48bc-a08b-135a7e2b7b48
2025-07-16 09:24:54,240 [grpc-default-executor-0] INFO  server.RaftServer$Division (ServerState.java:setRaftConf(386)) - 3df55ae4-ab11-4f29-b552-47db40bdb184@group-135A7E2B7B48: set configuration conf: {index: 0, cur=peers:[c8078d20-ca33-4dba-98fa-db5cc3bac21d|127.0.0.1:15023, eeb02985-7d85-4636-b5c3-9a2f1f8a3350|127.0.0.1:15047, 3df55ae4-ab11-4f29-b552-47db40bdb184|127.0.0.1:15031]|listeners:[], old=null}
2025-07-16 09:24:54,240 [grpc-default-executor-0] INFO  segmented.SegmentedRaftLogWorker (SegmentedRaftLogWorker.java:startLogSegment(440)) - 3df55ae4-ab11-4f29-b552-47db40bdb184@group-135A7E2B7B48-SegmentedRaftLogWorker: Starting segment from index:0
2025-07-16 09:24:54,241 [3df55ae4-ab11-4f29-b552-47db40bdb184@group-135A7E2B7B48-SegmentedRaftLogWorker] INFO  segmented.BufferedWriteChannel (BufferedWriteChannel.java:open(61)) - open log_inprogress_0 at position 0
2025-07-16 09:24:54,256 [c8078d20-ca33-4dba-98fa-db5cc3bac21d@group-135A7E2B7B48-SegmentedRaftLogWorker] INFO  segmented.SegmentedRaftLogWorker (SegmentedRaftLogWorker.java:execute(647)) - c8078d20-ca33-4dba-98fa-db5cc3bac21d@group-135A7E2B7B48-SegmentedRaftLogWorker: created new log segment /home/runner/work/ozone/ozone/hadoop-ozone/integration-test/target/test-dir/MiniOzoneClusterImpl-048dddff-df79-4ead-b1dd-465e393877ff/ozone-meta/datanode-2/ratis/679ae55d-cddb-48bc-a08b-135a7e2b7b48/current/log_inprogress_0
2025-07-16 09:24:54,257 [3df55ae4-ab11-4f29-b552-47db40bdb184@group-135A7E2B7B48-SegmentedRaftLogWorker] INFO  segmented.SegmentedRaftLogWorker (SegmentedRaftLogWorker.java:execute(647)) - 3df55ae4-ab11-4f29-b552-47db40bdb184@group-135A7E2B7B48-SegmentedRaftLogWorker: created new log segment /home/runner/work/ozone/ozone/hadoop-ozone/integration-test/target/test-dir/MiniOzoneClusterImpl-048dddff-df79-4ead-b1dd-465e393877ff/ozone-meta/datanode-3/ratis/679ae55d-cddb-48bc-a08b-135a7e2b7b48/current/log_inprogress_0
2025-07-16 09:24:54,257 [eeb02985-7d85-4636-b5c3-9a2f1f8a3350@group-135A7E2B7B48-SegmentedRaftLogWorker] INFO  segmented.SegmentedRaftLogWorker (SegmentedRaftLogWorker.java:execute(647)) - eeb02985-7d85-4636-b5c3-9a2f1f8a3350@group-135A7E2B7B48-SegmentedRaftLogWorker: created new log segment /home/runner/work/ozone/ozone/hadoop-ozone/integration-test/target/test-dir/MiniOzoneClusterImpl-048dddff-df79-4ead-b1dd-465e393877ff/ozone-meta/datanode-5/ratis/679ae55d-cddb-48bc-a08b-135a7e2b7b48/current/log_inprogress_0
2025-07-16 09:24:54,260 [c8078d20-ca33-4dba-98fa-db5cc3bac21d@group-135A7E2B7B48-StateMachineUpdater] INFO  server.RaftServer$Division (LeaderStateImpl.java:checkStartIndex(309)) - Leader c8078d20-ca33-4dba-98fa-db5cc3bac21d@group-135A7E2B7B48-LeaderStateImpl is ready since appliedIndex == startIndex == 0
]]></system-out>
  </testcase>
  <testcase name="testDatanodeUsageInfoContainerCount" classname="org.apache.ozone.test.NonHATests$ContainerOperations" time="0.015">
    <failure message="expected: &lt;12&gt; but was: &lt;13&gt;" type="org.opentest4j.AssertionFailedError"><![CDATA[org.opentest4j.AssertionFailedError: expected: <12> but was: <13>
	at org.apache.hadoop.hdds.scm.TestContainerOperations.testDatanodeUsageInfoContainerCount(TestContainerOperations.java:206)
	at java.base/java.lang.reflect.Method.invoke(Method.java:580)
	at java.base/java.util.ArrayList.forEach(ArrayList.java:1596)
	at java.base/java.util.ArrayList.forEach(ArrayList.java:1596)
	at java.base/java.util.ArrayList.forEach(ArrayList.java:1596)
]]></failure>
  </testcase>
  <testcase name="testListContainerExceedMaxAllowedCountOperations" classname="org.apache.ozone.test.NonHATests$ContainerOperations" time="0.031">
    <system-out><![CDATA[2025-07-16 09:24:54,377 [main] WARN  cli.ContainerOperationClient (ContainerOperationClient.java:listContainer(354)) - Attempting to list 2 containers. However, this exceeds the cluster's current limit of 1. The results will be capped at the maximum allowed count.
]]></system-out>
  </testcase>
  <testcase name="testHealthyNodesCount" classname="org.apache.ozone.test.NonHATests$ContainerOperations" time="0.002"/>
  <testcase name="testNodeOperationalStates" classname="org.apache.ozone.test.NonHATests$ContainerOperations" time="0.016">
    <system-out><![CDATA[2025-07-16 09:24:54,389 [EventQueue-HealthyReadonlyToHealthyNodeForReadOnlyHealthyToHealthyNodeHandler] INFO  node.ReadOnlyHealthyToHealthyNodeHandler (ReadOnlyHealthyToHealthyNodeHandler.java:onMessage(46)) - Datanode eeb02985-7d85-4636-b5c3-9a2f1f8a3350(localhost/127.0.0.1) moved to HEALTHY state.
2025-07-16 09:24:54,389 [EventQueue-HealthyReadonlyToHealthyNodeForReadOnlyHealthyToHealthyNodeHandler] INFO  pipeline.BackgroundPipelineCreator (BackgroundPipelineCreator.java:notifyEventTriggered(290)) - trigger a one-shot run on RatisPipelineUtilsThread.
2025-07-16 09:24:54,390 [RatisPipelineUtilsThread-0] INFO  pipeline.RatisPipelineProvider (RatisPipelineProvider.java:lambda$create$0(208)) - Sending CreatePipelineCommand for pipeline:Pipeline-34987e58-f30b-4036-924e-5f09556b2c32 to datanode:2928a169-8a6b-4c62-be5a-7cced8d62f1e(localhost/127.0.0.1)
2025-07-16 09:24:54,394 [EventQueue-HealthyReadonlyToHealthyNodeForReadOnlyHealthyToHealthyNodeHandler] INFO  node.ReadOnlyHealthyToHealthyNodeHandler (ReadOnlyHealthyToHealthyNodeHandler.java:onMessage(46)) - Datanode eeb02985-7d85-4636-b5c3-9a2f1f8a3350(localhost/127.0.0.1) moved to HEALTHY state.
2025-07-16 09:24:54,394 [EventQueue-HealthyReadonlyToHealthyNodeForReadOnlyHealthyToHealthyNodeHandler] INFO  pipeline.BackgroundPipelineCreator (BackgroundPipelineCreator.java:notifyEventTriggered(290)) - trigger a one-shot run on RatisPipelineUtilsThread.
2025-07-16 09:24:54,396 [EventQueue-HealthyReadonlyToHealthyNodeForReadOnlyHealthyToHealthyNodeHandler] INFO  node.ReadOnlyHealthyToHealthyNodeHandler (ReadOnlyHealthyToHealthyNodeHandler.java:onMessage(46)) - Datanode eeb02985-7d85-4636-b5c3-9a2f1f8a3350(localhost/127.0.0.1) moved to HEALTHY state.
2025-07-16 09:24:54,396 [EventQueue-HealthyReadonlyToHealthyNodeForReadOnlyHealthyToHealthyNodeHandler] INFO  pipeline.BackgroundPipelineCreator (BackgroundPipelineCreator.java:notifyEventTriggered(290)) - trigger a one-shot run on RatisPipelineUtilsThread.
2025-07-16 09:24:54,397 [RatisPipelineUtilsThread-0] INFO  pipeline.BackgroundPipelineCreator (BackgroundPipelineCreator.java:createPipelines(246)) - Created new pipeline Pipeline{ Id: 34987e58-f30b-4036-924e-5f09556b2c32, Nodes: [ {2928a169-8a6b-4c62-be5a-7cced8d62f1e(localhost/127.0.0.1), ReplicaIndex: 0},], ReplicationConfig: RATIS/ONE, State:ALLOCATED, leaderId:, CreationTimestamp2025-07-16T09:24:54.390257614Z[Etc/UTC]}
2025-07-16 09:24:54,398 [RatisPipelineUtilsThread-0] INFO  pipeline.RatisPipelineProvider (RatisPipelineProvider.java:lambda$create$0(208)) - Sending CreatePipelineCommand for pipeline:Pipeline-a836d7ab-8ce5-488e-b5dd-396ed7056042 to datanode:f3e8fa50-d47b-47a2-ace4-21caf690791e(localhost/127.0.0.1)
2025-07-16 09:24:54,399 [RatisPipelineUtilsThread-0] INFO  pipeline.RatisPipelineProvider (RatisPipelineProvider.java:lambda$create$0(208)) - Sending CreatePipelineCommand for pipeline:Pipeline-a836d7ab-8ce5-488e-b5dd-396ed7056042 to datanode:c8078d20-ca33-4dba-98fa-db5cc3bac21d(localhost/127.0.0.1)
2025-07-16 09:24:54,399 [EventQueue-HealthyReadonlyToHealthyNodeForReadOnlyHealthyToHealthyNodeHandler] INFO  node.ReadOnlyHealthyToHealthyNodeHandler (ReadOnlyHealthyToHealthyNodeHandler.java:onMessage(46)) - Datanode eeb02985-7d85-4636-b5c3-9a2f1f8a3350(localhost/127.0.0.1) moved to HEALTHY state.
2025-07-16 09:24:54,399 [EventQueue-HealthyReadonlyToHealthyNodeForReadOnlyHealthyToHealthyNodeHandler] INFO  pipeline.BackgroundPipelineCreator (BackgroundPipelineCreator.java:notifyEventTriggered(290)) - trigger a one-shot run on RatisPipelineUtilsThread.
2025-07-16 09:24:54,400 [RatisPipelineUtilsThread-0] INFO  pipeline.RatisPipelineProvider (RatisPipelineProvider.java:lambda$create$0(208)) - Sending CreatePipelineCommand for pipeline:Pipeline-a836d7ab-8ce5-488e-b5dd-396ed7056042 to datanode:3df55ae4-ab11-4f29-b552-47db40bdb184(localhost/127.0.0.1)
2025-07-16 09:24:54,400 [EventQueue-HealthyReadonlyToHealthyNodeForReadOnlyHealthyToHealthyNodeHandler] INFO  node.ReadOnlyHealthyToHealthyNodeHandler (ReadOnlyHealthyToHealthyNodeHandler.java:onMessage(46)) - Datanode eeb02985-7d85-4636-b5c3-9a2f1f8a3350(localhost/127.0.0.1) moved to HEALTHY state.
2025-07-16 09:24:54,400 [EventQueue-HealthyReadonlyToHealthyNodeForReadOnlyHealthyToHealthyNodeHandler] INFO  pipeline.BackgroundPipelineCreator (BackgroundPipelineCreator.java:notifyEventTriggered(290)) - trigger a one-shot run on RatisPipelineUtilsThread.
2025-07-16 09:24:54,401 [RatisPipelineUtilsThread-0] INFO  pipeline.BackgroundPipelineCreator (BackgroundPipelineCreator.java:createPipelines(246)) - Created new pipeline Pipeline{ Id: a836d7ab-8ce5-488e-b5dd-396ed7056042, Nodes: [ {f3e8fa50-d47b-47a2-ace4-21caf690791e(localhost/127.0.0.1), ReplicaIndex: 0}, {c8078d20-ca33-4dba-98fa-db5cc3bac21d(localhost/127.0.0.1), ReplicaIndex: 0}, {3df55ae4-ab11-4f29-b552-47db40bdb184(localhost/127.0.0.1), ReplicaIndex: 0},], ReplicationConfig: RATIS/THREE, State:ALLOCATED, leaderId:, CreationTimestamp2025-07-16T09:24:54.398534046Z[Etc/UTC]}
2025-07-16 09:24:54,402 [RatisPipelineUtilsThread-0] INFO  pipeline.RatisPipelineProvider (RatisPipelineProvider.java:lambda$create$0(208)) - Sending CreatePipelineCommand for pipeline:Pipeline-9ed579ab-e2d7-4771-84fd-8a905cf33628 to datanode:c8078d20-ca33-4dba-98fa-db5cc3bac21d(localhost/127.0.0.1)
2025-07-16 09:24:54,402 [EventQueue-HealthyReadonlyToHealthyNodeForReadOnlyHealthyToHealthyNodeHandler] INFO  node.ReadOnlyHealthyToHealthyNodeHandler (ReadOnlyHealthyToHealthyNodeHandler.java:onMessage(46)) - Datanode eeb02985-7d85-4636-b5c3-9a2f1f8a3350(localhost/127.0.0.1) moved to HEALTHY state.
2025-07-16 09:24:54,402 [EventQueue-HealthyReadonlyToHealthyNodeForReadOnlyHealthyToHealthyNodeHandler] INFO  pipeline.BackgroundPipelineCreator (BackgroundPipelineCreator.java:notifyEventTriggered(290)) - trigger a one-shot run on RatisPipelineUtilsThread.
]]></system-out>
  </testcase>
  <testcase name="testDatanodeUsageInfoCompatibility" classname="org.apache.ozone.test.NonHATests$ContainerOperations" time="0.008">
    <system-out><![CDATA[2025-07-16 09:24:54,406 [EventQueue-HealthyReadonlyToHealthyNodeForReadOnlyHealthyToHealthyNodeHandler] INFO  node.ReadOnlyHealthyToHealthyNodeHandler (ReadOnlyHealthyToHealthyNodeHandler.java:onMessage(46)) - Datanode eeb02985-7d85-4636-b5c3-9a2f1f8a3350(localhost/127.0.0.1) moved to HEALTHY state.
2025-07-16 09:24:54,406 [EventQueue-HealthyReadonlyToHealthyNodeForReadOnlyHealthyToHealthyNodeHandler] INFO  pipeline.BackgroundPipelineCreator (BackgroundPipelineCreator.java:notifyEventTriggered(290)) - trigger a one-shot run on RatisPipelineUtilsThread.
2025-07-16 09:24:54,406 [RatisPipelineUtilsThread-0] INFO  pipeline.BackgroundPipelineCreator (BackgroundPipelineCreator.java:createPipelines(246)) - Created new pipeline Pipeline{ Id: 9ed579ab-e2d7-4771-84fd-8a905cf33628, Nodes: [ {c8078d20-ca33-4dba-98fa-db5cc3bac21d(localhost/127.0.0.1), ReplicaIndex: 0},], ReplicationConfig: RATIS/ONE, State:ALLOCATED, leaderId:, CreationTimestamp2025-07-16T09:24:54.402398876Z[Etc/UTC]}
2025-07-16 09:24:54,407 [RatisPipelineUtilsThread-0] INFO  pipeline.RatisPipelineProvider (RatisPipelineProvider.java:lambda$create$0(208)) - Sending CreatePipelineCommand for pipeline:Pipeline-8cd72435-7c63-497c-ae4f-1134753e112e to datanode:2928a169-8a6b-4c62-be5a-7cced8d62f1e(localhost/127.0.0.1)
2025-07-16 09:24:54,409 [RatisPipelineUtilsThread-0] INFO  pipeline.RatisPipelineProvider (RatisPipelineProvider.java:lambda$create$0(208)) - Sending CreatePipelineCommand for pipeline:Pipeline-8cd72435-7c63-497c-ae4f-1134753e112e to datanode:eeb02985-7d85-4636-b5c3-9a2f1f8a3350(localhost/127.0.0.1)
2025-07-16 09:24:54,409 [RatisPipelineUtilsThread-0] INFO  pipeline.RatisPipelineProvider (RatisPipelineProvider.java:lambda$create$0(208)) - Sending CreatePipelineCommand for pipeline:Pipeline-8cd72435-7c63-497c-ae4f-1134753e112e to datanode:f3e8fa50-d47b-47a2-ace4-21caf690791e(localhost/127.0.0.1)
2025-07-16 09:24:54,411 [RatisPipelineUtilsThread-0] INFO  pipeline.BackgroundPipelineCreator (BackgroundPipelineCreator.java:createPipelines(246)) - Created new pipeline Pipeline{ Id: 8cd72435-7c63-497c-ae4f-1134753e112e, Nodes: [ {2928a169-8a6b-4c62-be5a-7cced8d62f1e(localhost/127.0.0.1), ReplicaIndex: 0}, {eeb02985-7d85-4636-b5c3-9a2f1f8a3350(localhost/127.0.0.1), ReplicaIndex: 0}, {f3e8fa50-d47b-47a2-ace4-21caf690791e(localhost/127.0.0.1), ReplicaIndex: 0},], ReplicationConfig: RATIS/THREE, State:ALLOCATED, leaderId:, CreationTimestamp2025-07-16T09:24:54.407894578Z[Etc/UTC]}
]]></system-out>
  </testcase>
  <testcase name="testGetPipeline" classname="org.apache.ozone.test.NonHATests$ContainerOperations" time="0.017">
    <system-out><![CDATA[2025-07-16T09:24:54.420508659Z IPC Server handler 22 on default port 15000 ERROR user=runner | ip=127.0.0.1 | op=GET_PIPELINE {pipelineID=e591dbe3-a073-46d1-a86c-7939df10f361} | ret=FAILURE
org.apache.hadoop.hdds.scm.pipeline.PipelineNotFoundException: Pipeline-e591dbe3-a073-46d1-a86c-7939df10f361 not found
	at org.apache.hadoop.hdds.scm.pipeline.PipelineStateMap.getPipeline(PipelineStateMap.java:150)
	at org.apache.hadoop.hdds.scm.pipeline.PipelineStateManagerImpl.getPipeline(PipelineStateManagerImpl.java:133)
	at java.base/jdk.internal.reflect.DirectMethodHandleAccessor.invoke(DirectMethodHandleAccessor.java:103)
	at java.base/java.lang.reflect.Method.invoke(Method.java:580)
	at org.apache.hadoop.hdds.scm.ha.SCMHAInvocationHandler.invokeLocal(SCMHAInvocationHandler.java:90)
	at org.apache.hadoop.hdds.scm.ha.SCMHAInvocationHandler.invoke(SCMHAInvocationHandler.java:73)
	at jdk.proxy2/jdk.proxy2.$Proxy51.getPipeline(Unknown Source)
	at org.apache.hadoop.hdds.scm.pipeline.PipelineManagerImpl.getPipeline(PipelineManagerImpl.java:336)
	at org.apache.hadoop.hdds.scm.server.SCMClientProtocolServer.getPipeline(SCMClientProtocolServer.java:836)
	at org.apache.hadoop.hdds.scm.protocol.StorageContainerLocationProtocolServerSideTranslatorPB.getPipeline(StorageContainerLocationProtocolServerSideTranslatorPB.java:979)
	at org.apache.hadoop.hdds.scm.protocol.StorageContainerLocationProtocolServerSideTranslatorPB.processRequest(StorageContainerLocationProtocolServerSideTranslatorPB.java:618)
	at org.apache.hadoop.hdds.server.OzoneProtocolMessageDispatcher.processRequest(OzoneProtocolMessageDispatcher.java:87)
	at org.apache.hadoop.hdds.scm.protocol.StorageContainerLocationProtocolServerSideTranslatorPB.submitRequest(StorageContainerLocationProtocolServerSideTranslatorPB.java:236)
	at org.apache.hadoop.hdds.protocol.proto.StorageContainerLocationProtocolProtos$StorageContainerLocationProtocolService$2.callBlockingMethod(StorageContainerLocationProtocolProtos.java)
	at org.apache.hadoop.ipc.ProtobufRpcEngine$Server.processCall(ProtobufRpcEngine.java:484)
	at org.apache.hadoop.ipc.ProtobufRpcEngine2$Server$ProtoBufRpcInvoker.call(ProtobufRpcEngine2.java:595)
	at org.apache.hadoop.ipc.ProtobufRpcEngine2$Server$ProtoBufRpcInvoker.call(ProtobufRpcEngine2.java:573)
	at org.apache.hadoop.ipc.RPC$Server.call(RPC.java:1227)
	at org.apache.hadoop.ipc.Server$RpcCall.run(Server.java:1246)
	at org.apache.hadoop.ipc.Server$RpcCall.run(Server.java:1169)
	at java.base/java.security.AccessController.doPrivileged(AccessController.java:714)
	at java.base/javax.security.auth.Subject.doAs(Subject.java:525)
	at org.apache.hadoop.security.UserGroupInformation.doAs(UserGroupInformation.java:1953)
	at org.apache.hadoop.ipc.Server$Handler.run(Server.java:3198)
2025-07-16 09:24:54,421 [IPC Server handler 22 on default port 15000] INFO  ipc.Server (Server.java:logException(3260)) - IPC Server handler 22 on default port 15000, call Call#3910 Retry#0 org.apache.hadoop.hdds.scm.protocol.StorageContainerLocationProtocol.submitRequest from 127.0.0.1:56462
org.apache.hadoop.hdds.scm.pipeline.PipelineNotFoundException: Pipeline-e591dbe3-a073-46d1-a86c-7939df10f361 not found
	at org.apache.hadoop.hdds.scm.pipeline.PipelineStateMap.getPipeline(PipelineStateMap.java:150)
	at org.apache.hadoop.hdds.scm.pipeline.PipelineStateManagerImpl.getPipeline(PipelineStateManagerImpl.java:133)
	at java.base/jdk.internal.reflect.DirectMethodHandleAccessor.invoke(DirectMethodHandleAccessor.java:103)
	at java.base/java.lang.reflect.Method.invoke(Method.java:580)
	at org.apache.hadoop.hdds.scm.ha.SCMHAInvocationHandler.invokeLocal(SCMHAInvocationHandler.java:90)
	at org.apache.hadoop.hdds.scm.ha.SCMHAInvocationHandler.invoke(SCMHAInvocationHandler.java:73)
	at jdk.proxy2/jdk.proxy2.$Proxy51.getPipeline(Unknown Source)
	at org.apache.hadoop.hdds.scm.pipeline.PipelineManagerImpl.getPipeline(PipelineManagerImpl.java:336)
	at org.apache.hadoop.hdds.scm.server.SCMClientProtocolServer.getPipeline(SCMClientProtocolServer.java:836)
	at org.apache.hadoop.hdds.scm.protocol.StorageContainerLocationProtocolServerSideTranslatorPB.getPipeline(StorageContainerLocationProtocolServerSideTranslatorPB.java:979)
	at org.apache.hadoop.hdds.scm.protocol.StorageContainerLocationProtocolServerSideTranslatorPB.processRequest(StorageContainerLocationProtocolServerSideTranslatorPB.java:618)
	at org.apache.hadoop.hdds.server.OzoneProtocolMessageDispatcher.processRequest(OzoneProtocolMessageDispatcher.java:87)
	at org.apache.hadoop.hdds.scm.protocol.StorageContainerLocationProtocolServerSideTranslatorPB.submitRequest(StorageContainerLocationProtocolServerSideTranslatorPB.java:236)
	at org.apache.hadoop.hdds.protocol.proto.StorageContainerLocationProtocolProtos$StorageContainerLocationProtocolService$2.callBlockingMethod(StorageContainerLocationProtocolProtos.java)
	at org.apache.hadoop.ipc.ProtobufRpcEngine$Server.processCall(ProtobufRpcEngine.java:484)
	at org.apache.hadoop.ipc.ProtobufRpcEngine2$Server$ProtoBufRpcInvoker.call(ProtobufRpcEngine2.java:595)
	at org.apache.hadoop.ipc.ProtobufRpcEngine2$Server$ProtoBufRpcInvoker.call(ProtobufRpcEngine2.java:573)
	at org.apache.hadoop.ipc.RPC$Server.call(RPC.java:1227)
	at org.apache.hadoop.ipc.Server$RpcCall.run(Server.java:1246)
	at org.apache.hadoop.ipc.Server$RpcCall.run(Server.java:1169)
	at java.base/java.security.AccessController.doPrivileged(AccessController.java:714)
	at java.base/javax.security.auth.Subject.doAs(Subject.java:525)
	at org.apache.hadoop.security.UserGroupInformation.doAs(UserGroupInformation.java:1953)
	at org.apache.hadoop.ipc.Server$Handler.run(Server.java:3198)
]]></system-out>
  </testcase>
  <testcase name="testCreate" classname="org.apache.ozone.test.NonHATests$ContainerOperations" time="0.015"/>
  <testcase name="testContainerStateMachineIdempotency" classname="org.apache.ozone.test.NonHATests$ContainerOperations" time="0.056">
    <system-out><![CDATA[2025-07-16 09:24:54,471 [eeb02985-7d85-4636-b5c3-9a2f1f8a3350-ChunkReader-2] WARN  helpers.ChunkUtils (ChunkUtils.java:validateChunkForOverwrite(378)) - Duplicate write chunk request. Chunk overwrite without explicit request. ChunkInfo{chunkName='114862187771330823.data.0, offset=0, len=668}
2025-07-16 09:24:54,491 [eeb02985-7d85-4636-b5c3-9a2f1f8a3350-ChunkReader-1] WARN  keyvalue.KeyValueHandler (KeyValueHandler.java:updateAndGetContainerChecksum(1451)) - Container data checksum updated from 0 to 150d34b3
2025-07-16 09:24:54,492 [eeb02985-7d85-4636-b5c3-9a2f1f8a3350-ChunkReader-1] INFO  keyvalue.KeyValueContainer (KeyValueContainer.java:flushAndSyncDB(514)) - Synced container: KeyValueContainerData #70 (CLOSING, non-empty, ri=0, origin=[dn_eeb02985-7d85-4636-b5c3-9a2f1f8a3350, pipeline_])
2025-07-16 09:24:54,492 [eeb02985-7d85-4636-b5c3-9a2f1f8a3350-ChunkReader-1] INFO  keyvalue.KeyValueContainer (KeyValueContainer.java:flushAndSyncDB(514)) - Synced container: KeyValueContainerData #70 (CLOSING, non-empty, ri=0, origin=[dn_eeb02985-7d85-4636-b5c3-9a2f1f8a3350, pipeline_])
2025-07-16 09:24:54,494 [FixedThreadPoolWithAffinityExecutor-8-0] INFO  container.IncrementalContainerReportHandler (AbstractContainerReportHandler.java:updateContainerState(253)) - FINALIZE (i.e. CLOSING) Container #70 (OPEN, sid=0) r0 (CLOSING, bcsid=0, origin=eeb02985-7d85-4636-b5c3-9a2f1f8a3350, non-empty) from dn eeb02985-7d85-4636-b5c3-9a2f1f8a3350(localhost/127.0.0.1)
2025-07-16 09:24:54,495 [eeb02985-7d85-4636-b5c3-9a2f1f8a3350-ChunkReader-1] INFO  keyvalue.KeyValueContainer (KeyValueContainer.java:close(430)) - Closed container: KeyValueContainerData #70 (CLOSED, non-empty, ri=0, origin=[dn_eeb02985-7d85-4636-b5c3-9a2f1f8a3350, pipeline_])
2025-07-16 09:24:54,498 [FixedThreadPoolWithAffinityExecutor-8-0] INFO  container.IncrementalContainerReportHandler (AbstractContainerReportHandler.java:updateContainerState(289)) - CLOSE Container #70 (CLOSING, sid=0) r0 (CLOSED, bcsid=0, origin=eeb02985-7d85-4636-b5c3-9a2f1f8a3350, non-empty) from dn eeb02985-7d85-4636-b5c3-9a2f1f8a3350(localhost/127.0.0.1)
]]></system-out>
  </testcase>
</testsuite>